0.68 0.7359999999999999 0.8
0.68 0.7319999999999999 0.8
0.68 0.7679999999999999 0.84
0.72 0.7759999999999999 0.84
0.76 0.7999999999999999 0.88
0.76 0.828 0.88
0.76 0.8480000000000001 0.92
0.8 0.8759999999999998 0.96
0.84 0.9 0.96
0.84 0.9120000000000001 0.96
0.84 0.9280000000000002 0.96
0.88 0.9479999999999998 1.0
0.84 0.9480000000000001 1.0
0.88 0.952 1.0
0.92 0.9639999999999999 1.0
0.92 0.968 1.0
0.92 0.9719999999999999 1.0
0.96 0.976 1.0
0.96 0.984 1.0
0.92 0.9719999999999999 1.0
0.92 0.976 1.0
0.92 0.9800000000000001 1.0
0.92 0.976 1.0
0.92 0.9719999999999999 1.0
0.92 0.9719999999999999 1.0
0.92 0.968 1.0
0.92 0.9719999999999999 1.0
0.92 0.9719999999999999 1.0
0.92 0.968 1.0
0.92 0.976 1.0
0.92 0.984 1.0
0.92 0.9760000000000002 1.0
0.92 0.9760000000000002 1.0
0.92 0.9760000000000002 1.0
0.96 0.9800000000000001 1.0
0.92 0.976 1.0
0.92 0.9719999999999999 1.0
0.92 0.976 1.0
0.92 0.984 1.0
0.92 0.984 1.0
0.92 0.976 1.0
0.92 0.9800000000000001 1.0
0.92 0.9800000000000001 1.0
0.92 0.984 1.0
0.92 0.9879999999999999 1.0
0.96 0.9879999999999999 1.0
0.96 0.9879999999999999 1.0
0.96 0.9800000000000001 1.0
0.96 0.9879999999999999 1.0
0.92 0.9800000000000001 1.0
