0.68 0.7119999999999999 0.76
0.72 0.7359999999999999 0.76
0.68 0.7599999999999999 0.8
0.68 0.7639999999999999 0.8
0.72 0.7959999999999999 0.84
0.76 0.808 0.84
0.76 0.844 0.88
0.8 0.8560000000000001 0.92
0.8 0.8720000000000001 0.92
0.8 0.916 0.96
0.84 0.932 1.0
0.88 0.9480000000000001 1.0
0.92 0.9559999999999998 1.0
0.92 0.9559999999999998 1.0
0.92 0.9640000000000001 1.0
0.92 0.968 1.0
0.96 0.968 1.0
0.92 0.968 1.0
0.92 0.968 1.0
0.96 0.976 1.0
0.92 0.968 1.0
0.92 0.9640000000000001 1.0
0.96 0.9760000000000002 1.0
0.92 0.9640000000000001 1.0
0.92 0.976 1.0
0.92 0.976 1.0
0.96 0.9800000000000001 1.0
0.96 0.968 1.0
0.96 0.9719999999999999 1.0
0.96 0.984 1.0
0.96 0.9760000000000002 1.0
0.92 0.9719999999999999 1.0
0.96 0.9760000000000002 1.0
0.96 0.9800000000000001 1.0
0.92 0.9760000000000002 1.0
0.96 0.9800000000000001 1.0
0.92 0.9760000000000002 1.0
0.96 0.9879999999999999 1.0
0.92 0.9800000000000001 1.0
0.96 0.976 1.0
0.96 0.9800000000000001 1.0
0.96 0.9800000000000001 1.0
0.96 0.984 1.0
0.96 0.9800000000000001 1.0
0.92 0.9800000000000001 1.0
0.92 0.9760000000000002 1.0
0.96 0.984 1.0
0.92 0.9760000000000002 1.0
0.92 0.984 1.0
0.96 0.984 1.0
