0.64 0.7119999999999999 0.76
0.68 0.7119999999999999 0.76
0.72 0.7519999999999999 0.8
0.68 0.752 0.84
0.72 0.7599999999999999 0.84
0.72 0.7919999999999999 0.88
0.76 0.8119999999999999 0.96
0.8 0.8480000000000001 0.96
0.8 0.8480000000000001 0.96
0.84 0.876 1.0
0.84 0.8960000000000001 1.0
0.84 0.908 1.0
0.84 0.916 1.0
0.84 0.916 1.0
0.88 0.932 1.0
0.92 0.944 1.0
0.88 0.932 1.0
0.92 0.9480000000000001 1.0
0.92 0.9560000000000001 1.0
0.92 0.952 1.0
0.92 0.9480000000000001 1.0
0.92 0.9480000000000001 1.0
0.92 0.9559999999999998 1.0
0.92 0.9640000000000001 1.0
0.92 0.9559999999999998 1.0
0.92 0.9480000000000001 1.0
0.92 0.9640000000000001 1.0
0.92 0.944 1.0
0.92 0.96 1.0
0.92 0.9559999999999998 1.0
0.92 0.9640000000000001 1.0
0.92 0.96 1.0
0.92 0.9559999999999998 1.0
0.92 0.96 1.0
0.92 0.9640000000000001 1.0
0.92 0.9559999999999998 1.0
0.92 0.9640000000000001 1.0
0.92 0.96 1.0
0.92 0.9559999999999998 1.0
0.92 0.9559999999999998 1.0
0.92 0.9640000000000001 1.0
0.88 0.9640000000000001 1.0
0.92 0.96 1.0
0.92 0.9640000000000001 1.0
0.92 0.96 1.0
0.92 0.9640000000000001 1.0
0.92 0.9640000000000001 1.0
0.92 0.96 1.0
0.92 0.96 1.0
0.92 0.9640000000000001 1.0
