13664.0 14171.0 14678.0
10951.0 12270.0 13589.0
9603.0 10245.5 10888.0
6676.0 7519.0 8362.0
6676.0 7066.0 7456.0
6451.0 6799.5 7148.0
5408.0 5600.0 5792.0
4106.0 4949.0 5792.0
3476.0 3791.0 4106.0
4106.0 4142.0 4178.0
2909.0 3283.0 3657.0
2909.0 2980.5 3052.0
2603.0 2827.5 3052.0
2585.0 2594.0 2603.0
2018.0 2310.5 2603.0
2018.0 2310.5 2603.0
2018.0 2310.5 2603.0
2209.0 2431.5 2654.0
2209.0 2216.5 2224.0
1966.0 2095.0 2224.0
1770.0 1997.0 2224.0
1770.0 1997.0 2224.0
1770.0 1997.0 2224.0
1770.0 1997.0 2224.0
1770.0 1997.0 2224.0
1770.0 1997.0 2224.0
1770.0 1842.5 1915.0
1770.0 1842.5 1915.0
1770.0 1842.5 1915.0
1770.0 1842.5 1915.0
1770.0 1842.5 1915.0
1770.0 1842.5 1915.0
1246.0 1580.5 1915.0
1246.0 1580.5 1915.0
1246.0 1580.5 1915.0
1246.0 1580.5 1915.0
1246.0 1580.5 1915.0
1246.0 1580.5 1915.0
1246.0 1580.5 1915.0
1246.0 1580.5 1915.0
1246.0 1580.5 1915.0
1246.0 1580.5 1915.0
1246.0 1580.5 1915.0
1246.0 1580.5 1915.0
1246.0 1580.5 1915.0
1246.0 1603.5 1961.0
1246.0 1536.0 1826.0
1246.0 1536.0 1826.0
1246.0 1536.0 1826.0
1246.0 1536.0 1826.0
1246.0 1536.0 1826.0
1246.0 1536.0 1826.0
1246.0 1536.0 1826.0
1246.0 1536.0 1826.0
1246.0 1536.0 1826.0
1246.0 1536.0 1826.0
1246.0 1536.0 1826.0
1246.0 1536.0 1826.0
1246.0 1536.0 1826.0
1246.0 1536.0 1826.0
1246.0 1536.0 1826.0
1246.0 1536.0 1826.0
1246.0 1536.0 1826.0
1246.0 1536.0 1826.0
1246.0 1536.0 1826.0
1246.0 1536.0 1826.0
1246.0 1536.0 1826.0
1246.0 1536.0 1826.0
1246.0 1536.0 1826.0
1246.0 1536.0 1826.0
1246.0 1536.0 1826.0
1246.0 1536.0 1826.0
1246.0 1536.0 1826.0
1246.0 1536.0 1826.0
1246.0 1536.0 1826.0
1246.0 1536.0 1826.0
1246.0 1536.0 1826.0
1246.0 1536.0 1826.0
1246.0 1536.0 1826.0
1246.0 1536.0 1826.0
1246.0 1536.0 1826.0
1246.0 1536.0 1826.0
1246.0 1536.0 1826.0
1246.0 1536.0 1826.0
1246.0 1536.0 1826.0
1246.0 1536.0 1826.0
1246.0 1536.0 1826.0
1246.0 1536.0 1826.0
1246.0 1536.0 1826.0
1246.0 1536.0 1826.0
1246.0 1536.0 1826.0
1246.0 1536.0 1826.0
1246.0 1536.0 1826.0
1246.0 1536.0 1826.0
1246.0 1536.0 1826.0
1246.0 1536.0 1826.0
1246.0 1536.0 1826.0
1246.0 1536.0 1826.0
1246.0 1536.0 1826.0
1246.0 1536.0 1826.0
1246.0 1536.0 1826.0
1246.0 1536.0 1826.0
1246.0 1536.0 1826.0
1246.0 1536.0 1826.0
1246.0 1536.0 1826.0
1246.0 1536.0 1826.0
1246.0 1536.0 1826.0
1246.0 1536.0 1826.0
1246.0 1536.0 1826.0
1246.0 1536.0 1826.0
1246.0 1536.0 1826.0
1246.0 1536.0 1826.0
1246.0 1536.0 1826.0
1246.0 1536.0 1826.0
1246.0 1536.0 1826.0
1246.0 1536.0 1826.0
1246.0 1536.0 1826.0
1246.0 1536.0 1826.0
1246.0 1536.0 1826.0
1246.0 1536.0 1826.0
1246.0 1536.0 1826.0
1246.0 1536.0 1826.0
1246.0 1536.0 1826.0
1246.0 1536.0 1826.0
1246.0 1536.0 1826.0
1246.0 1536.0 1826.0
1246.0 1536.0 1826.0
1246.0 1536.0 1826.0
1246.0 1536.0 1826.0
1246.0 1536.0 1826.0
1246.0 1536.0 1826.0
1246.0 1536.0 1826.0
1246.0 1536.0 1826.0
1246.0 1536.0 1826.0
1246.0 1536.0 1826.0
1246.0 1536.0 1826.0
1246.0 1536.0 1826.0
1246.0 1536.0 1826.0
1246.0 1536.0 1826.0
1246.0 1536.0 1826.0
1246.0 1536.0 1826.0
1246.0 1536.0 1826.0
1246.0 1536.0 1826.0
1246.0 1536.0 1826.0
1246.0 1536.0 1826.0
1246.0 1536.0 1826.0
1246.0 1536.0 1826.0
1246.0 1536.0 1826.0
1246.0 1536.0 1826.0
1246.0 1536.0 1826.0
1246.0 1536.0 1826.0
1246.0 1536.0 1826.0
1246.0 1536.0 1826.0
1246.0 1536.0 1826.0
1246.0 1536.0 1826.0
1246.0 1536.0 1826.0
1246.0 1536.0 1826.0
1246.0 1536.0 1826.0
1246.0 1536.0 1826.0
1246.0 1536.0 1826.0
1246.0 1536.0 1826.0
1246.0 1536.0 1826.0
1246.0 1536.0 1826.0
1246.0 1536.0 1826.0
1246.0 1536.0 1826.0
1246.0 1536.0 1826.0
1246.0 1536.0 1826.0
1246.0 1536.0 1826.0
1246.0 1536.0 1826.0
1246.0 1536.0 1826.0
1246.0 1536.0 1826.0
1246.0 1536.0 1826.0
1246.0 1536.0 1826.0
1246.0 1536.0 1826.0
1246.0 1536.0 1826.0
1246.0 1536.0 1826.0
1246.0 1536.0 1826.0
1246.0 1536.0 1826.0
1246.0 1536.0 1826.0
1246.0 1536.0 1826.0
1246.0 1536.0 1826.0
1246.0 1536.0 1826.0
1246.0 1536.0 1826.0
1246.0 1536.0 1826.0
1246.0 1536.0 1826.0
1246.0 1536.0 1826.0
1246.0 1536.0 1826.0
1246.0 1536.0 1826.0
1246.0 1536.0 1826.0
1246.0 1536.0 1826.0
1246.0 1536.0 1826.0
1246.0 1536.0 1826.0
1246.0 1536.0 1826.0
1246.0 1536.0 1826.0
1246.0 1536.0 1826.0
1246.0 1536.0 1826.0
1246.0 1536.0 1826.0
1246.0 1536.0 1826.0
1246.0 1536.0 1826.0
1246.0 1536.0 1826.0
