10541.0 12886.5 15232.0
8979.0 10102.5 11226.0
7075.0 8562.0 10049.0
6033.0 7597.0 9161.0
4488.0 5748.0 7008.0
2957.0 3562.5 4168.0
2957.0 3760.5 4564.0
2957.0 3303.0 3649.0
3082.0 3185.5 3289.0
2307.0 2312.5 2318.0
2307.0 2549.0 2791.0
1747.0 2027.0 2307.0
1747.0 2027.0 2307.0
1747.0 2027.0 2307.0
1747.0 2027.0 2307.0
1681.0 1994.0 2307.0
1681.0 1994.0 2307.0
1681.0 1994.0 2307.0
1681.0 1994.0 2307.0
1681.0 1994.0 2307.0
1681.0 1994.0 2307.0
1681.0 1994.0 2307.0
1681.0 1994.0 2307.0
1681.0 1994.0 2307.0
1681.0 1994.0 2307.0
1681.0 1994.0 2307.0
1681.0 1994.0 2307.0
1681.0 1987.5 2294.0
1681.0 1861.5 2042.0
1460.0 1583.5 1707.0
1460.0 1529.5 1599.0
1460.0 1529.5 1599.0
1460.0 1529.5 1599.0
1460.0 1529.5 1599.0
1460.0 1529.5 1599.0
1460.0 1529.5 1599.0
1460.0 1529.5 1599.0
1460.0 1529.5 1599.0
1460.0 1529.5 1599.0
1460.0 1529.5 1599.0
1460.0 1529.5 1599.0
1460.0 1529.5 1599.0
1460.0 1529.5 1599.0
1460.0 1529.5 1599.0
1460.0 1529.5 1599.0
1460.0 1529.5 1599.0
1460.0 1529.5 1599.0
1460.0 1529.5 1599.0
1460.0 1529.5 1599.0
1460.0 1529.5 1599.0
1460.0 1529.5 1599.0
1460.0 1529.5 1599.0
1460.0 1529.5 1599.0
1460.0 1529.5 1599.0
1460.0 1529.5 1599.0
1460.0 1529.5 1599.0
1460.0 1529.5 1599.0
1460.0 1529.5 1599.0
1460.0 1529.5 1599.0
1460.0 1529.5 1599.0
1460.0 1529.5 1599.0
1460.0 1529.5 1599.0
1460.0 1529.5 1599.0
1460.0 1529.5 1599.0
1460.0 1529.5 1599.0
1460.0 1529.5 1599.0
1460.0 1529.5 1599.0
1460.0 1529.5 1599.0
1460.0 1529.5 1599.0
1460.0 1529.5 1599.0
1460.0 1529.5 1599.0
1460.0 1529.5 1599.0
1460.0 1529.5 1599.0
1460.0 1529.5 1599.0
1460.0 1529.5 1599.0
1460.0 1529.5 1599.0
1460.0 1529.5 1599.0
1460.0 1529.5 1599.0
1460.0 1529.5 1599.0
1460.0 1529.5 1599.0
1460.0 1529.5 1599.0
1460.0 1529.5 1599.0
1460.0 1529.5 1599.0
1460.0 1529.5 1599.0
1460.0 1529.5 1599.0
1460.0 1529.5 1599.0
1460.0 1529.5 1599.0
1460.0 1529.5 1599.0
1460.0 1529.5 1599.0
1460.0 1529.5 1599.0
1460.0 1529.5 1599.0
1460.0 1529.5 1599.0
1460.0 1529.5 1599.0
1460.0 1529.5 1599.0
1460.0 1529.5 1599.0
1460.0 1529.5 1599.0
1460.0 1529.5 1599.0
1460.0 1529.5 1599.0
1460.0 1529.5 1599.0
1460.0 1529.5 1599.0
1460.0 1529.5 1599.0
1460.0 1529.5 1599.0
1460.0 1529.5 1599.0
1460.0 1529.5 1599.0
1460.0 1529.5 1599.0
1460.0 1529.5 1599.0
1460.0 1529.5 1599.0
1460.0 1529.5 1599.0
1460.0 1529.5 1599.0
1460.0 1529.5 1599.0
1460.0 1529.5 1599.0
1460.0 1529.5 1599.0
1460.0 1529.5 1599.0
1460.0 1529.5 1599.0
1460.0 1529.5 1599.0
1460.0 1529.5 1599.0
1460.0 1529.5 1599.0
1460.0 1529.5 1599.0
1460.0 1529.5 1599.0
1599.0 1618.0 1637.0
1599.0 1609.5 1620.0
1599.0 1609.5 1620.0
1599.0 1609.5 1620.0
1599.0 1609.5 1620.0
1599.0 1609.5 1620.0
1599.0 1609.5 1620.0
1599.0 1609.5 1620.0
1599.0 1609.5 1620.0
1599.0 1609.5 1620.0
1599.0 1609.5 1620.0
1599.0 1609.5 1620.0
1599.0 1609.5 1620.0
1599.0 1609.5 1620.0
1599.0 1609.5 1620.0
1599.0 1609.5 1620.0
1599.0 1609.5 1620.0
1599.0 1609.5 1620.0
1599.0 1609.5 1620.0
1599.0 1609.5 1620.0
1599.0 1609.5 1620.0
1599.0 1609.5 1620.0
1599.0 1609.5 1620.0
1599.0 1609.5 1620.0
1599.0 1609.5 1620.0
1599.0 1609.5 1620.0
1599.0 1609.5 1620.0
1599.0 1609.5 1620.0
1599.0 1609.5 1620.0
1599.0 1609.5 1620.0
1599.0 1609.5 1620.0
1599.0 1609.5 1620.0
1599.0 1609.5 1620.0
1599.0 1609.5 1620.0
1599.0 1609.5 1620.0
1599.0 1609.5 1620.0
1528.0 1563.5 1599.0
1528.0 1563.5 1599.0
1528.0 1563.5 1599.0
1528.0 1563.5 1599.0
1528.0 1563.5 1599.0
1528.0 1563.5 1599.0
1528.0 1563.5 1599.0
1528.0 1563.5 1599.0
1528.0 1563.5 1599.0
1528.0 1563.5 1599.0
1528.0 1563.5 1599.0
1528.0 1563.5 1599.0
1528.0 1563.5 1599.0
1528.0 1563.5 1599.0
1528.0 1563.5 1599.0
1528.0 1563.5 1599.0
1528.0 1563.5 1599.0
1528.0 1563.5 1599.0
1528.0 1563.5 1599.0
1528.0 1563.5 1599.0
1528.0 1563.5 1599.0
1528.0 1563.5 1599.0
1528.0 1563.5 1599.0
1528.0 1563.5 1599.0
1528.0 1563.5 1599.0
1528.0 1563.5 1599.0
1528.0 1563.5 1599.0
1528.0 1563.5 1599.0
1528.0 1563.5 1599.0
1528.0 1563.5 1599.0
1528.0 1563.5 1599.0
1528.0 1563.5 1599.0
1528.0 1563.5 1599.0
1528.0 1563.5 1599.0
1528.0 1563.5 1599.0
1528.0 1563.5 1599.0
1528.0 1563.5 1599.0
1528.0 1563.5 1599.0
1528.0 1563.5 1599.0
1528.0 1563.5 1599.0
1528.0 1563.5 1599.0
1528.0 1563.5 1599.0
1393.0 1460.5 1528.0
1393.0 1460.5 1528.0
1393.0 1460.5 1528.0
