11902.0 14262.5 16623.0
8693.0 9869.0 11045.0
8384.0 10844.5 13305.0
5584.0 7583.0 9582.0
5730.0 6968.0 8206.0
3427.0 4532.5 5638.0
3427.0 4770.5 6114.0
3427.0 3838.0 4249.0
2952.0 3600.5 4249.0
2419.0 3151.0 3883.0
1986.0 2559.5 3133.0
1986.0 2288.0 2590.0
1986.0 2357.5 2729.0
1986.0 2357.5 2729.0
1986.0 2357.5 2729.0
1986.0 2357.5 2729.0
1986.0 2357.5 2729.0
1986.0 2357.5 2729.0
1986.0 2497.0 3008.0
1704.0 1845.0 1986.0
1520.0 1753.0 1986.0
1704.0 1845.0 1986.0
1646.0 1675.0 1704.0
1646.0 1675.0 1704.0
1646.0 1675.0 1704.0
1646.0 1675.0 1704.0
1646.0 1675.0 1704.0
1646.0 1675.0 1704.0
1646.0 1675.0 1704.0
1646.0 1675.0 1704.0
1646.0 1675.0 1704.0
1646.0 1675.0 1704.0
1646.0 1675.0 1704.0
1646.0 1675.0 1704.0
1646.0 1675.0 1704.0
1646.0 1675.0 1704.0
1646.0 1675.0 1704.0
1646.0 1675.0 1704.0
1646.0 1675.0 1704.0
1646.0 1675.0 1704.0
1646.0 1675.0 1704.0
1646.0 1675.0 1704.0
1646.0 1675.0 1704.0
1646.0 1675.0 1704.0
1646.0 1675.0 1704.0
1646.0 1675.0 1704.0
1646.0 1675.0 1704.0
1646.0 1675.0 1704.0
1646.0 1675.0 1704.0
1646.0 1675.0 1704.0
1646.0 1675.0 1704.0
1646.0 1675.0 1704.0
1646.0 1675.0 1704.0
1606.0 1626.0 1646.0
1606.0 1626.0 1646.0
1606.0 1626.0 1646.0
1606.0 1626.0 1646.0
1606.0 1626.0 1646.0
1606.0 1626.0 1646.0
1606.0 1626.0 1646.0
1606.0 1626.0 1646.0
1606.0 1626.0 1646.0
1606.0 1626.0 1646.0
1606.0 1626.0 1646.0
1606.0 1626.0 1646.0
1606.0 1626.0 1646.0
1606.0 1626.0 1646.0
1606.0 1626.0 1646.0
1606.0 1626.0 1646.0
1606.0 1626.0 1646.0
1606.0 1626.0 1646.0
1606.0 1626.0 1646.0
1606.0 1775.0 1944.0
1606.0 1775.0 1944.0
1606.0 1775.0 1944.0
1606.0 1775.0 1944.0
1606.0 1775.0 1944.0
1606.0 1775.0 1944.0
1606.0 1775.0 1944.0
1606.0 1775.0 1944.0
1606.0 1775.0 1944.0
1606.0 1775.0 1944.0
1606.0 1775.0 1944.0
1415.0 1510.5 1606.0
1415.0 1510.5 1606.0
1415.0 1510.5 1606.0
1415.0 1510.5 1606.0
1415.0 1510.5 1606.0
1415.0 1510.5 1606.0
1415.0 1510.5 1606.0
1415.0 1510.5 1606.0
1415.0 1510.5 1606.0
1415.0 1510.5 1606.0
1415.0 1510.5 1606.0
1415.0 1510.5 1606.0
1415.0 1510.5 1606.0
1415.0 1510.5 1606.0
1415.0 1510.5 1606.0
1415.0 1510.5 1606.0
1415.0 1510.5 1606.0
1415.0 1510.5 1606.0
1415.0 1510.5 1606.0
1415.0 1510.5 1606.0
1415.0 1510.5 1606.0
1415.0 1510.5 1606.0
1415.0 1510.5 1606.0
1415.0 1510.5 1606.0
1415.0 1510.5 1606.0
1415.0 1510.5 1606.0
1415.0 1510.5 1606.0
1415.0 1510.5 1606.0
1415.0 1510.5 1606.0
1415.0 1510.5 1606.0
1415.0 1510.5 1606.0
1415.0 1510.5 1606.0
1415.0 1510.5 1606.0
1415.0 1510.5 1606.0
1415.0 1510.5 1606.0
1415.0 1510.5 1606.0
1415.0 1510.5 1606.0
1415.0 1510.5 1606.0
1415.0 1510.5 1606.0
1415.0 1510.5 1606.0
1415.0 1510.5 1606.0
1415.0 1510.5 1606.0
1415.0 1510.5 1606.0
1415.0 1510.5 1606.0
1415.0 1510.5 1606.0
1415.0 1510.5 1606.0
1415.0 1510.5 1606.0
1415.0 1510.5 1606.0
1599.0 1602.5 1606.0
1599.0 1602.5 1606.0
1599.0 1602.5 1606.0
1599.0 1602.5 1606.0
1599.0 1602.5 1606.0
1599.0 1602.5 1606.0
1599.0 1602.5 1606.0
1599.0 1602.5 1606.0
1599.0 1602.5 1606.0
1599.0 1602.5 1606.0
1599.0 1602.5 1606.0
1599.0 1602.5 1606.0
1599.0 1602.5 1606.0
1599.0 1602.5 1606.0
1599.0 1602.5 1606.0
1599.0 1602.5 1606.0
1599.0 1602.5 1606.0
1599.0 1602.5 1606.0
1599.0 1602.5 1606.0
1599.0 1602.5 1606.0
1599.0 1602.5 1606.0
1599.0 1602.5 1606.0
1599.0 1602.5 1606.0
1599.0 1602.5 1606.0
1599.0 1602.5 1606.0
1599.0 1602.5 1606.0
1052.0 1325.5 1599.0
1052.0 1325.5 1599.0
1052.0 1325.5 1599.0
1052.0 1325.5 1599.0
1052.0 1325.5 1599.0
1052.0 1325.5 1599.0
1052.0 1325.5 1599.0
1052.0 1325.5 1599.0
1052.0 1325.5 1599.0
1052.0 1325.5 1599.0
1052.0 1325.5 1599.0
1052.0 1325.5 1599.0
1052.0 1325.5 1599.0
1052.0 1325.5 1599.0
1052.0 1325.5 1599.0
1052.0 1325.5 1599.0
1052.0 1325.5 1599.0
1052.0 1325.5 1599.0
1052.0 1325.5 1599.0
1052.0 1325.5 1599.0
1052.0 1325.5 1599.0
1052.0 1325.5 1599.0
1052.0 1325.5 1599.0
1052.0 1325.5 1599.0
1052.0 1325.5 1599.0
1052.0 1325.5 1599.0
1052.0 1325.5 1599.0
1052.0 1325.5 1599.0
1052.0 1325.5 1599.0
1052.0 1325.5 1599.0
1052.0 1325.5 1599.0
1052.0 1325.5 1599.0
1052.0 1325.5 1599.0
1052.0 1325.5 1599.0
1052.0 1325.5 1599.0
1052.0 1325.5 1599.0
1052.0 1325.5 1599.0
1052.0 1325.5 1599.0
1052.0 1325.5 1599.0
1052.0 1325.5 1599.0
1052.0 1325.5 1599.0
1052.0 1325.5 1599.0
1052.0 1325.5 1599.0
