10093.0 11827.5 13562.0
8867.0 9214.0 9561.0
7714.0 7861.0 8008.0
5197.0 5350.0 5503.0
4095.0 4694.5 5294.0
3366.0 3438.0 3510.0
2590.0 2714.5 2839.0
1936.0 2263.0 2590.0
1936.0 1964.0 1992.0
1799.0 1895.5 1992.0
1483.0 1737.5 1992.0
942.0 1467.0 1992.0
942.0 1467.0 1992.0
942.0 1467.0 1992.0
942.0 1467.0 1992.0
942.0 1467.0 1992.0
942.0 1467.0 1992.0
942.0 1467.0 1992.0
942.0 1467.0 1992.0
942.0 1467.0 1992.0
942.0 1467.0 1992.0
942.0 1467.0 1992.0
942.0 1467.0 1992.0
942.0 1467.0 1992.0
942.0 1467.0 1992.0
942.0 1467.0 1992.0
942.0 1467.0 1992.0
942.0 1288.5 1635.0
942.0 1288.5 1635.0
942.0 1233.5 1525.0
942.0 1141.0 1340.0
942.0 1141.0 1340.0
942.0 982.5 1023.0
942.0 1030.5 1119.0
942.0 1030.5 1119.0
942.0 1001.5 1061.0
942.0 1001.5 1061.0
942.0 1001.5 1061.0
942.0 1001.5 1061.0
942.0 1001.5 1061.0
942.0 1001.5 1061.0
942.0 1001.5 1061.0
942.0 1001.5 1061.0
942.0 1001.5 1061.0
942.0 1001.5 1061.0
942.0 1001.5 1061.0
942.0 1001.5 1061.0
942.0 1001.5 1061.0
942.0 1001.5 1061.0
942.0 1001.5 1061.0
942.0 1001.5 1061.0
942.0 1001.5 1061.0
942.0 1001.5 1061.0
942.0 1001.5 1061.0
942.0 1001.5 1061.0
942.0 1001.5 1061.0
942.0 1001.5 1061.0
942.0 1001.5 1061.0
942.0 1001.5 1061.0
942.0 1001.5 1061.0
942.0 1001.5 1061.0
942.0 1001.5 1061.0
942.0 1001.5 1061.0
942.0 1001.5 1061.0
942.0 1001.5 1061.0
942.0 1001.5 1061.0
942.0 1001.5 1061.0
942.0 1001.5 1061.0
942.0 1001.5 1061.0
942.0 1001.5 1061.0
942.0 1001.5 1061.0
942.0 1001.5 1061.0
942.0 1001.5 1061.0
942.0 1001.5 1061.0
942.0 1001.5 1061.0
942.0 1001.5 1061.0
942.0 1001.5 1061.0
942.0 1001.5 1061.0
942.0 1001.5 1061.0
942.0 1001.5 1061.0
942.0 1001.5 1061.0
942.0 1001.5 1061.0
942.0 1001.5 1061.0
942.0 1001.5 1061.0
942.0 1001.5 1061.0
942.0 1001.5 1061.0
942.0 1001.5 1061.0
942.0 1001.5 1061.0
942.0 1001.5 1061.0
942.0 1001.5 1061.0
942.0 1001.5 1061.0
942.0 1001.5 1061.0
942.0 1001.5 1061.0
942.0 1001.5 1061.0
942.0 1001.5 1061.0
942.0 1001.5 1061.0
942.0 1001.5 1061.0
942.0 1001.5 1061.0
942.0 1001.5 1061.0
942.0 1001.5 1061.0
942.0 1001.5 1061.0
942.0 1001.5 1061.0
942.0 1001.5 1061.0
942.0 1001.5 1061.0
942.0 1001.5 1061.0
942.0 1001.5 1061.0
942.0 1001.5 1061.0
942.0 1001.5 1061.0
942.0 1001.5 1061.0
942.0 1001.5 1061.0
942.0 1001.5 1061.0
942.0 1001.5 1061.0
942.0 1001.5 1061.0
942.0 1001.5 1061.0
942.0 1001.5 1061.0
942.0 1001.5 1061.0
942.0 1001.5 1061.0
942.0 1001.5 1061.0
942.0 1001.5 1061.0
942.0 1001.5 1061.0
942.0 1001.5 1061.0
942.0 1001.5 1061.0
942.0 1001.5 1061.0
942.0 1001.5 1061.0
942.0 1001.5 1061.0
942.0 1001.5 1061.0
942.0 1001.5 1061.0
942.0 1001.5 1061.0
942.0 1001.5 1061.0
942.0 1001.5 1061.0
942.0 1001.5 1061.0
942.0 1001.5 1061.0
942.0 1001.5 1061.0
942.0 1001.5 1061.0
942.0 1001.5 1061.0
942.0 1001.5 1061.0
942.0 1001.5 1061.0
942.0 1001.5 1061.0
942.0 1001.5 1061.0
993.0 1027.0 1061.0
993.0 1027.0 1061.0
782.0 921.5 1061.0
782.0 921.5 1061.0
782.0 921.5 1061.0
782.0 921.5 1061.0
782.0 921.5 1061.0
782.0 921.5 1061.0
782.0 921.5 1061.0
782.0 921.5 1061.0
782.0 921.5 1061.0
782.0 921.5 1061.0
782.0 921.5 1061.0
782.0 921.5 1061.0
782.0 921.5 1061.0
782.0 921.5 1061.0
782.0 921.5 1061.0
782.0 921.5 1061.0
782.0 921.5 1061.0
782.0 921.5 1061.0
782.0 921.5 1061.0
782.0 921.5 1061.0
782.0 921.5 1061.0
782.0 921.5 1061.0
782.0 921.5 1061.0
782.0 921.5 1061.0
782.0 921.5 1061.0
782.0 921.5 1061.0
782.0 921.5 1061.0
782.0 921.5 1061.0
782.0 921.5 1061.0
782.0 921.5 1061.0
782.0 921.5 1061.0
782.0 921.5 1061.0
782.0 921.5 1061.0
782.0 921.5 1061.0
782.0 921.5 1061.0
782.0 921.5 1061.0
782.0 921.5 1061.0
782.0 921.5 1061.0
782.0 921.5 1061.0
782.0 921.5 1061.0
782.0 921.5 1061.0
782.0 921.5 1061.0
782.0 921.5 1061.0
782.0 921.5 1061.0
782.0 921.5 1061.0
782.0 921.5 1061.0
782.0 921.5 1061.0
782.0 921.5 1061.0
782.0 921.5 1061.0
782.0 921.5 1061.0
782.0 921.5 1061.0
782.0 921.5 1061.0
782.0 921.5 1061.0
782.0 921.5 1061.0
782.0 921.5 1061.0
782.0 921.5 1061.0
782.0 921.5 1061.0
782.0 921.5 1061.0
782.0 921.5 1061.0
