14564.0 14623.5 14683.0
11751.0 12735.5 13720.0
9263.0 10345.5 11428.0
7846.0 8662.5 9479.0
7936.0 8237.0 8538.0
4600.0 5911.0 7222.0
4853.0 5241.0 5629.0
3861.0 4915.5 5970.0
2906.0 3085.0 3264.0
2374.0 2819.0 3264.0
1233.0 2248.5 3264.0
1233.0 2248.5 3264.0
1233.0 1964.0 2695.0
1233.0 1481.0 1729.0
1233.0 1481.0 1729.0
1233.0 1481.0 1729.0
1233.0 1481.0 1729.0
1233.0 1481.0 1729.0
1233.0 1481.0 1729.0
1233.0 1481.0 1729.0
1233.0 1481.0 1729.0
1233.0 1481.0 1729.0
1233.0 1481.0 1729.0
1233.0 1481.0 1729.0
1233.0 1481.0 1729.0
1233.0 1481.0 1729.0
1233.0 1481.0 1729.0
1233.0 1481.0 1729.0
1233.0 1481.0 1729.0
1233.0 1481.0 1729.0
1233.0 1481.0 1729.0
1233.0 1481.0 1729.0
1233.0 1481.0 1729.0
1233.0 1481.0 1729.0
1233.0 1481.0 1729.0
1233.0 1481.0 1729.0
1233.0 1481.0 1729.0
1233.0 1481.0 1729.0
1233.0 1481.0 1729.0
1233.0 1481.0 1729.0
1233.0 1481.0 1729.0
1233.0 1271.5 1310.0
1233.0 1271.5 1310.0
1233.0 1271.5 1310.0
1233.0 1271.5 1310.0
1233.0 1271.5 1310.0
1233.0 1271.5 1310.0
1233.0 1271.5 1310.0
1233.0 1271.5 1310.0
1233.0 1271.5 1310.0
1233.0 1271.5 1310.0
1233.0 1271.5 1310.0
1233.0 1271.5 1310.0
1233.0 1271.5 1310.0
1233.0 1271.5 1310.0
1233.0 1271.5 1310.0
1161.0 1197.0 1233.0
1161.0 1197.0 1233.0
1161.0 1197.0 1233.0
1161.0 1197.0 1233.0
1161.0 1197.0 1233.0
1161.0 1197.0 1233.0
1161.0 1197.0 1233.0
1161.0 1197.0 1233.0
1161.0 1197.0 1233.0
1161.0 1197.0 1233.0
1161.0 1197.0 1233.0
1161.0 1197.0 1233.0
1161.0 1197.0 1233.0
1161.0 1197.0 1233.0
1161.0 1197.0 1233.0
1161.0 1197.0 1233.0
1161.0 1197.0 1233.0
1161.0 1197.0 1233.0
1161.0 1197.0 1233.0
1161.0 1197.0 1233.0
1161.0 1197.0 1233.0
1161.0 1197.0 1233.0
1161.0 1197.0 1233.0
1161.0 1197.0 1233.0
1161.0 1197.0 1233.0
1161.0 1197.0 1233.0
1161.0 1197.0 1233.0
1161.0 1197.0 1233.0
1161.0 1197.0 1233.0
1161.0 1197.0 1233.0
1161.0 1197.0 1233.0
1161.0 1197.0 1233.0
1161.0 1197.0 1233.0
1161.0 1197.0 1233.0
1161.0 1197.0 1233.0
1161.0 1197.0 1233.0
1161.0 1197.0 1233.0
1161.0 1197.0 1233.0
1161.0 1197.0 1233.0
1161.0 1197.0 1233.0
1161.0 1197.0 1233.0
1161.0 1197.0 1233.0
1161.0 1197.0 1233.0
1161.0 1197.0 1233.0
1161.0 1197.0 1233.0
1161.0 1197.0 1233.0
1161.0 1197.0 1233.0
1161.0 1197.0 1233.0
1161.0 1197.0 1233.0
1161.0 1197.0 1233.0
1161.0 1197.0 1233.0
1161.0 1197.0 1233.0
1161.0 1197.0 1233.0
1161.0 1197.0 1233.0
1161.0 1197.0 1233.0
1161.0 1197.0 1233.0
1161.0 1197.0 1233.0
1161.0 1197.0 1233.0
1161.0 1197.0 1233.0
1161.0 1197.0 1233.0
1161.0 1197.0 1233.0
1161.0 1197.0 1233.0
1161.0 1197.0 1233.0
1161.0 1197.0 1233.0
1161.0 1197.0 1233.0
1161.0 1197.0 1233.0
1161.0 1197.0 1233.0
1161.0 1197.0 1233.0
1161.0 1197.0 1233.0
1161.0 1197.0 1233.0
1161.0 1197.0 1233.0
1161.0 1197.0 1233.0
1161.0 1197.0 1233.0
1161.0 1197.0 1233.0
1161.0 1197.0 1233.0
1161.0 1197.0 1233.0
1161.0 1197.0 1233.0
1161.0 1197.0 1233.0
1161.0 1197.0 1233.0
1161.0 1197.0 1233.0
1161.0 1197.0 1233.0
1161.0 1197.0 1233.0
1161.0 1197.0 1233.0
1161.0 1197.0 1233.0
1161.0 1197.0 1233.0
1161.0 1197.0 1233.0
1161.0 1197.0 1233.0
1161.0 1197.0 1233.0
1161.0 1197.0 1233.0
1161.0 1197.0 1233.0
1161.0 1197.0 1233.0
1161.0 1197.0 1233.0
1161.0 1197.0 1233.0
1161.0 1197.0 1233.0
1161.0 1197.0 1233.0
1161.0 1197.0 1233.0
1161.0 1197.0 1233.0
1161.0 1197.0 1233.0
1161.0 1197.0 1233.0
1161.0 1197.0 1233.0
1161.0 1197.0 1233.0
1161.0 1197.0 1233.0
1161.0 1197.0 1233.0
1161.0 1197.0 1233.0
1161.0 1197.0 1233.0
1161.0 1197.0 1233.0
1161.0 1197.0 1233.0
1161.0 1197.0 1233.0
1161.0 1197.0 1233.0
1161.0 1197.0 1233.0
1161.0 1197.0 1233.0
1161.0 1197.0 1233.0
1161.0 1197.0 1233.0
1161.0 1197.0 1233.0
1161.0 1197.0 1233.0
1161.0 1197.0 1233.0
1161.0 1197.0 1233.0
1161.0 1197.0 1233.0
1161.0 1197.0 1233.0
1161.0 1197.0 1233.0
1161.0 1197.0 1233.0
1161.0 1197.0 1233.0
1161.0 1197.0 1233.0
1161.0 1197.0 1233.0
1161.0 1197.0 1233.0
1161.0 1197.0 1233.0
1161.0 1197.0 1233.0
1161.0 1197.0 1233.0
1161.0 1197.0 1233.0
1161.0 1197.0 1233.0
1161.0 1197.0 1233.0
1161.0 1197.0 1233.0
1161.0 1197.0 1233.0
1161.0 1197.0 1233.0
1161.0 1197.0 1233.0
1161.0 1197.0 1233.0
1161.0 1197.0 1233.0
1161.0 1197.0 1233.0
1161.0 1197.0 1233.0
1161.0 1197.0 1233.0
1161.0 1197.0 1233.0
1161.0 1197.0 1233.0
1161.0 1197.0 1233.0
1161.0 1197.0 1233.0
