14404.0 16302.5 18201.0
12490.0 13347.0 14204.0
10875.0 11704.5 12534.0
8488.0 10181.0 11874.0
7858.0 8629.5 9401.0
7278.0 7568.0 7858.0
6510.0 6894.0 7278.0
3833.0 4712.0 5591.0
3881.0 4736.0 5591.0
2705.0 4148.0 5591.0
2664.0 3768.0 4872.0
2664.0 3026.0 3388.0
2664.0 3026.0 3388.0
2664.0 3026.0 3388.0
2447.0 2555.5 2664.0
2447.0 2555.5 2664.0
2447.0 2555.5 2664.0
2447.0 2555.5 2664.0
2447.0 2555.5 2664.0
2447.0 2555.5 2664.0
2447.0 2555.5 2664.0
2447.0 2555.5 2664.0
2447.0 2555.5 2664.0
2447.0 2555.5 2664.0
2447.0 2555.5 2664.0
2447.0 2555.5 2664.0
2447.0 2555.5 2664.0
2447.0 2555.5 2664.0
2447.0 2555.5 2664.0
2447.0 2555.5 2664.0
2447.0 2555.5 2664.0
2251.0 2349.0 2447.0
2251.0 2349.0 2447.0
2251.0 2380.5 2510.0
2251.0 2380.5 2510.0
2251.0 2380.5 2510.0
2251.0 2380.5 2510.0
2251.0 2380.5 2510.0
1387.0 1948.5 2510.0
1387.0 1948.5 2510.0
1387.0 1948.5 2510.0
1387.0 1948.5 2510.0
1387.0 1948.5 2510.0
1387.0 1948.5 2510.0
1387.0 1948.5 2510.0
1387.0 1948.5 2510.0
1387.0 1948.5 2510.0
1387.0 1948.5 2510.0
1387.0 1948.5 2510.0
1387.0 1948.5 2510.0
1387.0 1948.5 2510.0
1387.0 1948.5 2510.0
1387.0 1948.5 2510.0
1387.0 1948.5 2510.0
1387.0 1948.5 2510.0
1387.0 1948.5 2510.0
1387.0 1948.5 2510.0
1387.0 1948.5 2510.0
1387.0 1948.5 2510.0
1387.0 1948.5 2510.0
1387.0 1948.5 2510.0
1387.0 1948.5 2510.0
1387.0 1948.5 2510.0
1387.0 1948.5 2510.0
1387.0 1948.5 2510.0
1387.0 1597.5 1808.0
1387.0 1625.0 1863.0
1387.0 1517.5 1648.0
1373.0 1380.0 1387.0
1373.0 1380.0 1387.0
1373.0 1380.0 1387.0
1373.0 1380.0 1387.0
1373.0 1380.0 1387.0
1373.0 1380.0 1387.0
1373.0 1380.0 1387.0
1373.0 1380.0 1387.0
1387.0 1503.5 1620.0
1340.0 1363.5 1387.0
1340.0 1363.5 1387.0
1340.0 1363.5 1387.0
1340.0 1363.5 1387.0
1340.0 1363.5 1387.0
1340.0 1363.5 1387.0
1340.0 1363.5 1387.0
1340.0 1363.5 1387.0
1340.0 1363.5 1387.0
1340.0 1363.5 1387.0
1340.0 1363.5 1387.0
1340.0 1363.5 1387.0
1340.0 1363.5 1387.0
1340.0 1363.5 1387.0
1340.0 1363.5 1387.0
1340.0 1363.5 1387.0
1340.0 1363.5 1387.0
1340.0 1363.5 1387.0
1340.0 1363.5 1387.0
1340.0 1363.5 1387.0
1340.0 1363.5 1387.0
1340.0 1363.5 1387.0
1340.0 1363.5 1387.0
1340.0 1363.5 1387.0
1340.0 1363.5 1387.0
1340.0 1363.5 1387.0
1340.0 1363.5 1387.0
1340.0 1363.5 1387.0
1340.0 1363.5 1387.0
1340.0 1363.5 1387.0
1340.0 1363.5 1387.0
1340.0 1363.5 1387.0
1340.0 1363.5 1387.0
1340.0 1363.5 1387.0
1340.0 1363.5 1387.0
1340.0 1363.5 1387.0
1340.0 1363.5 1387.0
1340.0 1363.5 1387.0
1340.0 1363.5 1387.0
1340.0 1363.5 1387.0
1340.0 1363.5 1387.0
1340.0 1363.5 1387.0
1340.0 1363.5 1387.0
1340.0 1363.5 1387.0
1340.0 1363.5 1387.0
1340.0 1363.5 1387.0
1340.0 1363.5 1387.0
1340.0 1363.5 1387.0
1340.0 1363.5 1387.0
1340.0 1363.5 1387.0
1340.0 1363.5 1387.0
1340.0 1363.5 1387.0
1340.0 1363.5 1387.0
1340.0 1363.5 1387.0
1340.0 1363.5 1387.0
1340.0 1363.5 1387.0
1340.0 1363.5 1387.0
1340.0 1363.5 1387.0
1340.0 1363.5 1387.0
1340.0 1363.5 1387.0
1340.0 1363.5 1387.0
1340.0 1363.5 1387.0
1340.0 1363.5 1387.0
1340.0 1363.5 1387.0
1340.0 1363.5 1387.0
1340.0 1363.5 1387.0
1340.0 1363.5 1387.0
1340.0 1363.5 1387.0
1340.0 1363.5 1387.0
1340.0 1363.5 1387.0
1340.0 1363.5 1387.0
1340.0 1363.5 1387.0
1340.0 1363.5 1387.0
1340.0 1363.5 1387.0
1340.0 1363.5 1387.0
1340.0 1363.5 1387.0
1340.0 1363.5 1387.0
1340.0 1363.5 1387.0
1340.0 1363.5 1387.0
1340.0 1363.5 1387.0
1340.0 1363.5 1387.0
1340.0 1363.5 1387.0
1340.0 1363.5 1387.0
1340.0 1363.5 1387.0
1340.0 1363.5 1387.0
1340.0 1363.5 1387.0
1340.0 1363.5 1387.0
1340.0 1363.5 1387.0
1340.0 1363.5 1387.0
1340.0 1363.5 1387.0
1340.0 1363.5 1387.0
1340.0 1363.5 1387.0
1340.0 1363.5 1387.0
1340.0 1363.5 1387.0
1340.0 1363.5 1387.0
1340.0 1363.5 1387.0
1340.0 1363.5 1387.0
1340.0 1363.5 1387.0
1340.0 1363.5 1387.0
1340.0 1363.5 1387.0
1340.0 1363.5 1387.0
1340.0 1363.5 1387.0
1340.0 1363.5 1387.0
1340.0 1363.5 1387.0
1340.0 1363.5 1387.0
1340.0 1363.5 1387.0
1340.0 1363.5 1387.0
1340.0 1363.5 1387.0
1340.0 1363.5 1387.0
1340.0 1363.5 1387.0
1340.0 1363.5 1387.0
1340.0 1363.5 1387.0
1340.0 1363.5 1387.0
1340.0 1363.5 1387.0
1340.0 1363.5 1387.0
1340.0 1363.5 1387.0
1340.0 1363.5 1387.0
1340.0 1363.5 1387.0
1340.0 1363.5 1387.0
1340.0 1363.5 1387.0
1340.0 1363.5 1387.0
1340.0 1363.5 1387.0
1340.0 1363.5 1387.0
