13044.0 14422.0 15800.0
10811.0 11260.0 11709.0
7938.0 8295.0 8652.0
7180.0 8235.0 9290.0
5366.0 6287.0 7208.0
4963.0 5562.0 6161.0
3916.0 4435.5 4955.0
4085.0 4688.0 5291.0
3364.0 3584.0 3804.0
3364.0 3584.0 3804.0
3364.0 3580.0 3796.0
3364.0 3558.0 3752.0
2903.0 3327.5 3752.0
2752.0 2827.5 2903.0
2752.0 2776.5 2801.0
2143.0 2463.5 2784.0
2143.0 2458.0 2773.0
2143.0 2241.5 2340.0
1786.0 1964.5 2143.0
1786.0 1964.5 2143.0
1786.0 1964.5 2143.0
1786.0 1964.5 2143.0
1786.0 1964.5 2143.0
1786.0 1964.5 2143.0
1786.0 1964.5 2143.0
1786.0 1964.5 2143.0
1786.0 1964.5 2143.0
1761.0 1773.5 1786.0
1761.0 1773.5 1786.0
1178.0 1482.0 1786.0
1178.0 1482.0 1786.0
1178.0 1567.0 1956.0
1178.0 1436.5 1695.0
1178.0 1436.5 1695.0
1178.0 1436.5 1695.0
1178.0 1436.5 1695.0
1178.0 1436.5 1695.0
1178.0 1436.5 1695.0
1178.0 1436.5 1695.0
1178.0 1436.5 1695.0
1178.0 1436.5 1695.0
1178.0 1436.5 1695.0
1178.0 1436.5 1695.0
1178.0 1436.5 1695.0
1178.0 1436.5 1695.0
1178.0 1436.5 1695.0
1178.0 1436.5 1695.0
1178.0 1436.5 1695.0
1178.0 1436.5 1695.0
1178.0 1436.5 1695.0
1178.0 1436.5 1695.0
1178.0 1436.5 1695.0
1178.0 1436.5 1695.0
1178.0 1436.5 1695.0
1178.0 1436.5 1695.0
1178.0 1306.5 1435.0
1178.0 1306.5 1435.0
1178.0 1306.5 1435.0
1178.0 1306.5 1435.0
1178.0 1306.5 1435.0
1178.0 1306.5 1435.0
1178.0 1306.5 1435.0
1178.0 1306.5 1435.0
1178.0 1306.5 1435.0
1178.0 1212.0 1246.0
1178.0 1212.0 1246.0
1178.0 1212.0 1246.0
1178.0 1212.0 1246.0
1178.0 1212.0 1246.0
1178.0 1212.0 1246.0
1178.0 1212.0 1246.0
1178.0 1212.0 1246.0
1178.0 1212.0 1246.0
1178.0 1212.0 1246.0
1178.0 1212.0 1246.0
1178.0 1212.0 1246.0
1178.0 1212.0 1246.0
1178.0 1212.0 1246.0
1178.0 1212.0 1246.0
1178.0 1212.0 1246.0
1178.0 1212.0 1246.0
1178.0 1212.0 1246.0
1178.0 1212.0 1246.0
1178.0 1212.0 1246.0
1178.0 1212.0 1246.0
1178.0 1212.0 1246.0
1178.0 1212.0 1246.0
1178.0 1212.0 1246.0
1178.0 1212.0 1246.0
1178.0 1212.0 1246.0
1178.0 1212.0 1246.0
1178.0 1212.0 1246.0
1178.0 1212.0 1246.0
1178.0 1212.0 1246.0
1178.0 1212.0 1246.0
1178.0 1212.0 1246.0
1178.0 1212.0 1246.0
1178.0 1212.0 1246.0
1178.0 1212.0 1246.0
1178.0 1212.0 1246.0
1178.0 1212.0 1246.0
1178.0 1212.0 1246.0
1178.0 1212.0 1246.0
1178.0 1212.0 1246.0
1178.0 1212.0 1246.0
1178.0 1212.0 1246.0
1178.0 1212.0 1246.0
1037.0 1107.5 1178.0
869.0 1023.5 1178.0
869.0 1023.5 1178.0
869.0 1023.5 1178.0
869.0 1023.5 1178.0
869.0 1023.5 1178.0
869.0 1023.5 1178.0
869.0 1023.5 1178.0
869.0 1023.5 1178.0
869.0 1023.5 1178.0
869.0 1023.5 1178.0
869.0 1023.5 1178.0
869.0 1023.5 1178.0
869.0 1023.5 1178.0
869.0 1023.5 1178.0
869.0 1023.5 1178.0
869.0 1023.5 1178.0
869.0 1023.5 1178.0
869.0 1023.5 1178.0
869.0 1023.5 1178.0
869.0 1023.5 1178.0
869.0 1023.5 1178.0
869.0 1023.5 1178.0
869.0 1023.5 1178.0
869.0 1023.5 1178.0
869.0 1023.5 1178.0
869.0 1023.5 1178.0
869.0 1023.5 1178.0
869.0 1023.5 1178.0
869.0 1023.5 1178.0
869.0 1023.5 1178.0
869.0 1023.5 1178.0
869.0 1023.5 1178.0
869.0 1023.5 1178.0
869.0 1023.5 1178.0
869.0 1023.5 1178.0
869.0 1023.5 1178.0
869.0 1023.5 1178.0
869.0 1023.5 1178.0
869.0 1023.5 1178.0
869.0 1023.5 1178.0
869.0 1023.5 1178.0
869.0 1023.5 1178.0
869.0 1023.5 1178.0
869.0 1023.5 1178.0
869.0 1023.5 1178.0
869.0 1023.5 1178.0
869.0 1023.5 1178.0
869.0 1023.5 1178.0
869.0 1023.5 1178.0
869.0 1023.5 1178.0
869.0 1023.5 1178.0
869.0 1023.5 1178.0
869.0 1023.5 1178.0
869.0 1023.5 1178.0
869.0 1023.5 1178.0
869.0 1023.5 1178.0
869.0 1023.5 1178.0
869.0 1023.5 1178.0
869.0 1023.5 1178.0
869.0 1023.5 1178.0
869.0 1023.5 1178.0
869.0 1023.5 1178.0
869.0 1023.5 1178.0
869.0 1023.5 1178.0
869.0 1023.5 1178.0
869.0 1023.5 1178.0
869.0 1023.5 1178.0
869.0 1023.5 1178.0
869.0 1023.5 1178.0
869.0 1023.5 1178.0
869.0 1023.5 1178.0
869.0 1023.5 1178.0
869.0 1023.5 1178.0
869.0 1023.5 1178.0
869.0 1023.5 1178.0
869.0 1023.5 1178.0
869.0 1023.5 1178.0
869.0 1023.5 1178.0
869.0 1023.5 1178.0
869.0 1023.5 1178.0
869.0 1023.5 1178.0
869.0 1023.5 1178.0
869.0 1023.5 1178.0
869.0 1023.5 1178.0
869.0 1023.5 1178.0
869.0 1023.5 1178.0
869.0 1023.5 1178.0
869.0 1023.5 1178.0
869.0 1023.5 1178.0
869.0 1023.5 1178.0
869.0 1023.5 1178.0
869.0 1023.5 1178.0
