13908.0 14677.5 15447.0
12341.0 13480.5 14620.0
12086.0 12489.5 12893.0
10828.0 11327.5 11827.0
8529.0 8558.0 8587.0
7133.0 7831.0 8529.0
5824.0 6678.0 7532.0
4980.0 5402.0 5824.0
4893.0 5761.0 6629.0
4193.0 4487.5 4782.0
3697.0 3945.0 4193.0
3221.0 3707.0 4193.0
3221.0 3707.0 4193.0
3221.0 3391.0 3561.0
2290.0 2510.5 2731.0
2290.0 2458.0 2626.0
2290.0 2458.0 2626.0
2290.0 2453.0 2616.0
2290.0 2445.0 2600.0
2290.0 2388.5 2487.0
2290.0 2388.5 2487.0
2290.0 2388.5 2487.0
2290.0 2388.5 2487.0
2290.0 2388.5 2487.0
2290.0 2388.5 2487.0
2290.0 2388.5 2487.0
2290.0 2388.5 2487.0
2290.0 2388.5 2487.0
2290.0 2388.5 2487.0
2290.0 2388.5 2487.0
2290.0 2388.5 2487.0
2290.0 2352.5 2415.0
1256.0 1773.0 2290.0
1256.0 2127.5 2999.0
1256.0 2127.5 2999.0
1256.0 2127.5 2999.0
1256.0 2127.5 2999.0
1503.0 2251.0 2999.0
1228.0 2113.5 2999.0
1228.0 2113.5 2999.0
1228.0 2113.5 2999.0
1228.0 2113.5 2999.0
1228.0 2113.5 2999.0
1228.0 2113.5 2999.0
1228.0 2113.5 2999.0
1228.0 2113.5 2999.0
1228.0 2113.5 2999.0
1228.0 2113.5 2999.0
1228.0 2113.5 2999.0
1228.0 2113.5 2999.0
1228.0 2113.5 2999.0
1228.0 2113.5 2999.0
1228.0 2113.5 2999.0
1228.0 2113.5 2999.0
1228.0 2113.5 2999.0
1228.0 2113.5 2999.0
1228.0 2113.5 2999.0
1228.0 2113.5 2999.0
1228.0 2113.5 2999.0
1228.0 2113.5 2999.0
1228.0 2113.5 2999.0
1228.0 2113.5 2999.0
1228.0 2113.5 2999.0
1228.0 2113.5 2999.0
1228.0 2113.5 2999.0
1228.0 2113.5 2999.0
1228.0 2113.5 2999.0
1228.0 2113.5 2999.0
1228.0 1869.5 2511.0
1228.0 1235.5 1243.0
1228.0 1235.5 1243.0
1228.0 1235.5 1243.0
1228.0 1235.5 1243.0
1228.0 1235.5 1243.0
1228.0 1235.5 1243.0
1228.0 1235.5 1243.0
1228.0 1235.5 1243.0
1228.0 1235.5 1243.0
1228.0 1235.5 1243.0
1228.0 1235.5 1243.0
1228.0 1235.5 1243.0
1228.0 1235.5 1243.0
1228.0 1235.5 1243.0
1228.0 1235.5 1243.0
1228.0 1235.5 1243.0
1228.0 1235.5 1243.0
1228.0 1235.5 1243.0
1228.0 1235.5 1243.0
1228.0 1235.5 1243.0
1228.0 1235.5 1243.0
1228.0 1235.5 1243.0
1228.0 1235.5 1243.0
1228.0 1235.5 1243.0
1228.0 1235.5 1243.0
1228.0 1235.5 1243.0
1228.0 1235.5 1243.0
1228.0 1235.5 1243.0
1228.0 1235.5 1243.0
1228.0 1235.5 1243.0
1228.0 1235.5 1243.0
1228.0 1235.5 1243.0
1228.0 1235.5 1243.0
1228.0 1235.5 1243.0
1228.0 1235.5 1243.0
1228.0 1235.5 1243.0
1228.0 1235.5 1243.0
1228.0 1235.5 1243.0
1228.0 1235.5 1243.0
1228.0 1235.5 1243.0
1228.0 1235.5 1243.0
1228.0 1235.5 1243.0
1228.0 1235.5 1243.0
1228.0 1235.5 1243.0
1228.0 1235.5 1243.0
1228.0 1235.5 1243.0
1228.0 1235.5 1243.0
1228.0 1235.5 1243.0
1228.0 1235.5 1243.0
1228.0 1235.5 1243.0
1228.0 1235.5 1243.0
1228.0 1235.5 1243.0
1228.0 1235.5 1243.0
1228.0 1235.5 1243.0
1228.0 1235.5 1243.0
1228.0 1235.5 1243.0
1228.0 1235.5 1243.0
1228.0 1235.5 1243.0
1228.0 1235.5 1243.0
1228.0 1235.5 1243.0
1228.0 1235.5 1243.0
1228.0 1235.5 1243.0
1228.0 1235.5 1243.0
1228.0 1235.5 1243.0
1228.0 1235.5 1243.0
1228.0 1235.5 1243.0
1228.0 1235.5 1243.0
1228.0 1235.5 1243.0
1228.0 1235.5 1243.0
1228.0 1235.5 1243.0
1228.0 1235.5 1243.0
1228.0 1235.5 1243.0
1228.0 1235.5 1243.0
1228.0 1235.5 1243.0
1228.0 1235.5 1243.0
1228.0 1235.5 1243.0
1228.0 1235.5 1243.0
1228.0 1235.5 1243.0
1228.0 1235.5 1243.0
1228.0 1235.5 1243.0
1228.0 1235.5 1243.0
1228.0 1235.5 1243.0
1228.0 1235.5 1243.0
1228.0 1235.5 1243.0
1228.0 1235.5 1243.0
1228.0 1235.5 1243.0
1228.0 1235.5 1243.0
1228.0 1235.5 1243.0
1228.0 1235.5 1243.0
1228.0 1235.5 1243.0
1228.0 1235.5 1243.0
1228.0 1235.5 1243.0
1228.0 1235.5 1243.0
1228.0 1235.5 1243.0
1228.0 1235.5 1243.0
1228.0 1235.5 1243.0
1228.0 1235.5 1243.0
1228.0 1235.5 1243.0
1228.0 1235.5 1243.0
1228.0 1235.5 1243.0
1228.0 1235.5 1243.0
1228.0 1235.5 1243.0
1228.0 1235.5 1243.0
1228.0 1235.5 1243.0
1228.0 1235.5 1243.0
1228.0 1235.5 1243.0
1228.0 1235.5 1243.0
1228.0 1235.5 1243.0
1228.0 1235.5 1243.0
1228.0 1235.5 1243.0
1228.0 1235.5 1243.0
1228.0 1235.5 1243.0
1228.0 1235.5 1243.0
1228.0 1235.5 1243.0
1228.0 1235.5 1243.0
1228.0 1235.5 1243.0
1228.0 1235.5 1243.0
1228.0 1235.5 1243.0
1228.0 1235.5 1243.0
1228.0 1235.5 1243.0
1228.0 1235.5 1243.0
1228.0 1235.5 1243.0
1228.0 1235.5 1243.0
1228.0 1235.5 1243.0
1228.0 1235.5 1243.0
1228.0 1235.5 1243.0
1228.0 1235.5 1243.0
1228.0 1235.5 1243.0
1228.0 1235.5 1243.0
1228.0 1235.5 1243.0
1228.0 1235.5 1243.0
