11508.0 11782.5 12057.0
5949.0 8445.5 10942.0
5114.0 7029.0 8944.0
5712.0 6040.0 6368.0
4070.0 4634.0 5198.0
3201.0 3782.5 4364.0
1416.0 2218.5 3021.0
1416.0 1951.0 2486.0
1416.0 1830.5 2245.0
1227.0 1736.0 2245.0
1227.0 1736.0 2245.0
1227.0 1371.0 1515.0
1227.0 1371.0 1515.0
1227.0 1371.0 1515.0
1227.0 1353.0 1479.0
1227.0 1353.0 1479.0
1227.0 1353.0 1479.0
1227.0 1353.0 1479.0
1227.0 1353.0 1479.0
1227.0 1353.0 1479.0
1227.0 1353.0 1479.0
1227.0 1353.0 1479.0
1227.0 1353.0 1479.0
1227.0 1353.0 1479.0
1227.0 1353.0 1479.0
1227.0 1353.0 1479.0
1227.0 1353.0 1479.0
1227.0 1353.0 1479.0
1227.0 1353.0 1479.0
1227.0 1353.0 1479.0
1227.0 1353.0 1479.0
1227.0 1353.0 1479.0
1227.0 1353.0 1479.0
1227.0 1353.0 1479.0
1227.0 1353.0 1479.0
1227.0 1353.0 1479.0
1227.0 1353.0 1479.0
1227.0 1353.0 1479.0
1227.0 1353.0 1479.0
1227.0 1353.0 1479.0
1227.0 1353.0 1479.0
1227.0 1353.0 1479.0
1227.0 1353.0 1479.0
1227.0 1353.0 1479.0
1227.0 1353.0 1479.0
1227.0 1353.0 1479.0
1227.0 1353.0 1479.0
1227.0 1353.0 1479.0
1227.0 1353.0 1479.0
1227.0 1353.0 1479.0
1227.0 1353.0 1479.0
1227.0 1353.0 1479.0
1227.0 1353.0 1479.0
1227.0 1353.0 1479.0
1227.0 1353.0 1479.0
1227.0 1353.0 1479.0
1227.0 1353.0 1479.0
1227.0 1353.0 1479.0
1227.0 1353.0 1479.0
1227.0 1353.0 1479.0
1227.0 1353.0 1479.0
1227.0 1353.0 1479.0
1227.0 1353.0 1479.0
1227.0 1353.0 1479.0
1227.0 1353.0 1479.0
1227.0 1353.0 1479.0
1227.0 1318.5 1410.0
1227.0 1318.5 1410.0
1227.0 1318.5 1410.0
1227.0 1318.5 1410.0
1227.0 1250.5 1274.0
1005.0 1139.5 1274.0
1005.0 1139.5 1274.0
1005.0 1139.5 1274.0
1005.0 1139.5 1274.0
1005.0 1139.5 1274.0
1005.0 1139.5 1274.0
1005.0 1139.5 1274.0
1005.0 1139.5 1274.0
1005.0 1139.5 1274.0
1005.0 1139.5 1274.0
1005.0 1139.5 1274.0
1005.0 1139.5 1274.0
1005.0 1139.5 1274.0
1005.0 1139.5 1274.0
1005.0 1139.5 1274.0
1005.0 1139.5 1274.0
1005.0 1139.5 1274.0
1005.0 1139.5 1274.0
1005.0 1139.5 1274.0
1005.0 1139.5 1274.0
1005.0 1139.5 1274.0
1005.0 1139.5 1274.0
1005.0 1139.5 1274.0
1005.0 1139.5 1274.0
1005.0 1139.5 1274.0
1005.0 1139.5 1274.0
1005.0 1139.5 1274.0
1005.0 1139.5 1274.0
1005.0 1139.5 1274.0
1005.0 1139.5 1274.0
1005.0 1139.5 1274.0
1005.0 1139.5 1274.0
1005.0 1139.5 1274.0
1005.0 1139.5 1274.0
1005.0 1139.5 1274.0
1005.0 1139.5 1274.0
1005.0 1139.5 1274.0
1005.0 1139.5 1274.0
1005.0 1139.5 1274.0
1005.0 1139.5 1274.0
1005.0 1139.5 1274.0
1005.0 1139.5 1274.0
1005.0 1139.5 1274.0
1005.0 1139.5 1274.0
1005.0 1139.5 1274.0
1005.0 1139.5 1274.0
1005.0 1139.5 1274.0
1005.0 1139.5 1274.0
1005.0 1139.5 1274.0
1005.0 1139.5 1274.0
1005.0 1139.5 1274.0
1005.0 1139.5 1274.0
1005.0 1139.5 1274.0
1005.0 1139.5 1274.0
1005.0 1139.5 1274.0
1005.0 1139.5 1274.0
1005.0 1139.5 1274.0
1005.0 1139.5 1274.0
1005.0 1139.5 1274.0
1005.0 1139.5 1274.0
1005.0 1139.5 1274.0
1005.0 1139.5 1274.0
1005.0 1139.5 1274.0
1005.0 1139.5 1274.0
1005.0 1139.5 1274.0
1005.0 1139.5 1274.0
1005.0 1139.5 1274.0
1005.0 1139.5 1274.0
1005.0 1139.5 1274.0
1005.0 1139.5 1274.0
1005.0 1139.5 1274.0
1005.0 1139.5 1274.0
1005.0 1139.5 1274.0
1005.0 1139.5 1274.0
1005.0 1139.5 1274.0
1005.0 1139.5 1274.0
1005.0 1139.5 1274.0
1005.0 1139.5 1274.0
1005.0 1139.5 1274.0
1005.0 1139.5 1274.0
1005.0 1139.5 1274.0
1005.0 1139.5 1274.0
1005.0 1139.5 1274.0
1005.0 1139.5 1274.0
1005.0 1139.5 1274.0
1005.0 1139.5 1274.0
1005.0 1139.5 1274.0
1005.0 1139.5 1274.0
1005.0 1139.5 1274.0
1005.0 1139.5 1274.0
1005.0 1139.5 1274.0
1005.0 1139.5 1274.0
1005.0 1139.5 1274.0
1005.0 1139.5 1274.0
1005.0 1139.5 1274.0
1005.0 1139.5 1274.0
1005.0 1139.5 1274.0
1005.0 1139.5 1274.0
1005.0 1139.5 1274.0
1005.0 1139.5 1274.0
1005.0 1139.5 1274.0
1005.0 1139.5 1274.0
1005.0 1139.5 1274.0
1005.0 1139.5 1274.0
1005.0 1139.5 1274.0
1005.0 1139.5 1274.0
1005.0 1139.5 1274.0
1005.0 1139.5 1274.0
1005.0 1139.5 1274.0
1005.0 1139.5 1274.0
1005.0 1139.5 1274.0
1005.0 1139.5 1274.0
1005.0 1139.5 1274.0
1005.0 1139.5 1274.0
1005.0 1139.5 1274.0
1005.0 1139.5 1274.0
1005.0 1139.5 1274.0
1005.0 1139.5 1274.0
1005.0 1139.5 1274.0
1005.0 1139.5 1274.0
1005.0 1139.5 1274.0
1005.0 1139.5 1274.0
1005.0 1139.5 1274.0
1005.0 1139.5 1274.0
1005.0 1139.5 1274.0
1005.0 1139.5 1274.0
1005.0 1139.5 1274.0
1005.0 1139.5 1274.0
1005.0 1139.5 1274.0
