13035.0 14425.5 15816.0
11100.0 11744.5 12389.0
9828.0 10828.5 11829.0
6994.0 8601.0 10208.0
5668.0 6784.5 7901.0
4492.0 5449.0 6406.0
3769.0 4130.5 4492.0
3283.0 3706.0 4129.0
2506.0 3317.5 4129.0
2506.0 2904.0 3302.0
2506.0 3004.5 3503.0
2506.0 2786.0 3066.0
2506.0 2786.0 3066.0
2506.0 2758.5 3011.0
2506.0 2758.5 3011.0
2506.0 2758.5 3011.0
2506.0 2758.5 3011.0
2506.0 2758.5 3011.0
3011.0 3050.5 3090.0
2121.0 2566.0 3011.0
1764.0 1942.5 2121.0
1413.0 1767.0 2121.0
1413.0 1767.0 2121.0
1413.0 1767.0 2121.0
1413.0 1767.0 2121.0
1413.0 1767.0 2121.0
1413.0 1767.0 2121.0
1413.0 1767.0 2121.0
1413.0 1767.0 2121.0
1413.0 1767.0 2121.0
1413.0 1767.0 2121.0
1413.0 1767.0 2121.0
1413.0 1767.0 2121.0
1413.0 1767.0 2121.0
1413.0 1767.0 2121.0
1413.0 1767.0 2121.0
1413.0 1767.0 2121.0
1413.0 1767.0 2121.0
1413.0 1767.0 2121.0
1413.0 1767.0 2121.0
1413.0 1767.0 2121.0
1413.0 1767.0 2121.0
1413.0 1767.0 2121.0
1413.0 1767.0 2121.0
1413.0 1767.0 2121.0
1413.0 1767.0 2121.0
1413.0 1767.0 2121.0
1413.0 1767.0 2121.0
1413.0 1767.0 2121.0
1413.0 1767.0 2121.0
1413.0 1767.0 2121.0
1413.0 1767.0 2121.0
1413.0 1767.0 2121.0
1413.0 1767.0 2121.0
1413.0 1767.0 2121.0
1413.0 1767.0 2121.0
1413.0 1767.0 2121.0
1413.0 1767.0 2121.0
1372.0 1746.5 2121.0
1372.0 1746.5 2121.0
1372.0 1746.5 2121.0
1372.0 1746.5 2121.0
1372.0 1746.5 2121.0
1372.0 1746.5 2121.0
1372.0 1746.5 2121.0
1372.0 1746.5 2121.0
1372.0 1746.5 2121.0
1372.0 1746.5 2121.0
1372.0 1746.5 2121.0
1372.0 1746.5 2121.0
1372.0 1746.5 2121.0
1372.0 1746.5 2121.0
1372.0 1746.5 2121.0
1372.0 1746.5 2121.0
1372.0 1746.5 2121.0
1372.0 1746.5 2121.0
1372.0 1746.5 2121.0
1372.0 1746.5 2121.0
1372.0 1746.5 2121.0
1372.0 1746.5 2121.0
1372.0 1746.5 2121.0
1372.0 1746.5 2121.0
1372.0 1746.5 2121.0
1372.0 1746.5 2121.0
1372.0 1746.5 2121.0
1372.0 1746.5 2121.0
1372.0 1746.5 2121.0
1372.0 1746.5 2121.0
1372.0 1746.5 2121.0
1372.0 1746.5 2121.0
1372.0 1746.5 2121.0
1372.0 1746.5 2121.0
1372.0 1746.5 2121.0
1372.0 1746.5 2121.0
1372.0 1746.5 2121.0
1372.0 1746.5 2121.0
1372.0 1746.5 2121.0
1372.0 1746.5 2121.0
1372.0 1746.5 2121.0
1372.0 1746.5 2121.0
1372.0 1746.5 2121.0
1372.0 1746.5 2121.0
1372.0 1746.5 2121.0
1372.0 1746.5 2121.0
1372.0 1746.5 2121.0
1372.0 1746.5 2121.0
1372.0 1746.5 2121.0
1372.0 1459.0 1546.0
1372.0 1393.0 1414.0
1372.0 1393.0 1414.0
1372.0 1393.0 1414.0
1372.0 1393.0 1414.0
1372.0 1393.0 1414.0
1372.0 1393.0 1414.0
1372.0 1393.0 1414.0
1372.0 1393.0 1414.0
1372.0 1393.0 1414.0
1372.0 1393.0 1414.0
1372.0 1393.0 1414.0
1372.0 1393.0 1414.0
1372.0 1393.0 1414.0
1372.0 1393.0 1414.0
1372.0 1393.0 1414.0
1372.0 1393.0 1414.0
1372.0 1393.0 1414.0
1372.0 1393.0 1414.0
1372.0 1393.0 1414.0
1372.0 1393.0 1414.0
1372.0 1393.0 1414.0
1372.0 1393.0 1414.0
1372.0 1393.0 1414.0
1372.0 1393.0 1414.0
1372.0 1393.0 1414.0
1372.0 1393.0 1414.0
1372.0 1393.0 1414.0
1372.0 1393.0 1414.0
1372.0 1393.0 1414.0
1372.0 1393.0 1414.0
1372.0 1393.0 1414.0
1372.0 1393.0 1414.0
1372.0 1393.0 1414.0
1372.0 1393.0 1414.0
1372.0 1393.0 1414.0
1372.0 1393.0 1414.0
1372.0 1393.0 1414.0
1372.0 1393.0 1414.0
1372.0 1393.0 1414.0
1372.0 1393.0 1414.0
1372.0 1393.0 1414.0
1372.0 1393.0 1414.0
1372.0 1393.0 1414.0
1372.0 1393.0 1414.0
1372.0 1393.0 1414.0
1372.0 1393.0 1414.0
1372.0 1393.0 1414.0
1372.0 1393.0 1414.0
1372.0 1393.0 1414.0
1372.0 1393.0 1414.0
1372.0 1393.0 1414.0
1372.0 1393.0 1414.0
1372.0 1393.0 1414.0
1372.0 1393.0 1414.0
1372.0 1393.0 1414.0
1372.0 1393.0 1414.0
1372.0 1393.0 1414.0
1372.0 1393.0 1414.0
1372.0 1393.0 1414.0
1372.0 1393.0 1414.0
1372.0 1393.0 1414.0
1372.0 1393.0 1414.0
1372.0 1393.0 1414.0
1372.0 1393.0 1414.0
1372.0 1393.0 1414.0
1372.0 1393.0 1414.0
1372.0 1393.0 1414.0
1372.0 1393.0 1414.0
1372.0 1393.0 1414.0
1372.0 1393.0 1414.0
1372.0 1393.0 1414.0
1372.0 1393.0 1414.0
1372.0 1393.0 1414.0
1372.0 1393.0 1414.0
1372.0 1393.0 1414.0
1372.0 1393.0 1414.0
1372.0 1393.0 1414.0
1372.0 1393.0 1414.0
1372.0 1393.0 1414.0
1372.0 1393.0 1414.0
1372.0 1393.0 1414.0
1372.0 1393.0 1414.0
1372.0 1393.0 1414.0
1372.0 1393.0 1414.0
1372.0 1393.0 1414.0
1372.0 1393.0 1414.0
1372.0 1393.0 1414.0
1372.0 1393.0 1414.0
1372.0 1393.0 1414.0
1372.0 1393.0 1414.0
1372.0 1393.0 1414.0
1372.0 1393.0 1414.0
