11748.0 15025.5 18303.0
9998.0 10089.5 10181.0
7484.0 8832.5 10181.0
7624.0 8366.0 9108.0
7624.0 8165.5 8707.0
5713.0 6196.5 6680.0
4115.0 5594.5 7074.0
4115.0 5518.0 6921.0
3899.0 4007.0 4115.0
3899.0 4201.0 4503.0
3969.0 3991.0 4013.0
3318.0 3665.5 4013.0
2847.0 3430.0 4013.0
2214.0 3113.5 4013.0
2214.0 3113.5 4013.0
2214.0 3113.5 4013.0
2214.0 2815.0 3416.0
2214.0 2815.0 3416.0
2214.0 2815.0 3416.0
2214.0 2815.0 3416.0
1572.0 1893.0 2214.0
1572.0 1709.5 1847.0
1234.0 1403.0 1572.0
1234.0 1403.0 1572.0
1234.0 1403.0 1572.0
1234.0 1403.0 1572.0
1234.0 1403.0 1572.0
1234.0 1403.0 1572.0
1234.0 1403.0 1572.0
1234.0 1403.0 1572.0
1234.0 1403.0 1572.0
1234.0 1403.0 1572.0
1234.0 1403.0 1572.0
1234.0 1403.0 1572.0
1234.0 1403.0 1572.0
1234.0 1403.0 1572.0
1234.0 1403.0 1572.0
1234.0 1403.0 1572.0
1234.0 1319.0 1404.0
1234.0 1401.0 1568.0
1234.0 1401.0 1568.0
1234.0 1401.0 1568.0
1234.0 1401.0 1568.0
1234.0 1401.0 1568.0
1234.0 1401.0 1568.0
1234.0 1401.0 1568.0
1234.0 1401.0 1568.0
1234.0 1401.0 1568.0
1234.0 1401.0 1568.0
1234.0 1401.0 1568.0
1234.0 1401.0 1568.0
1234.0 1401.0 1568.0
1234.0 1401.0 1568.0
1234.0 1401.0 1568.0
1234.0 1401.0 1568.0
1234.0 1401.0 1568.0
1234.0 1401.0 1568.0
1234.0 1401.0 1568.0
1234.0 1401.0 1568.0
1234.0 1401.0 1568.0
1234.0 1401.0 1568.0
1234.0 1401.0 1568.0
1234.0 1401.0 1568.0
1234.0 1401.0 1568.0
1234.0 1401.0 1568.0
1234.0 1401.0 1568.0
1234.0 1401.0 1568.0
1234.0 1401.0 1568.0
1234.0 1401.0 1568.0
1234.0 1401.0 1568.0
1234.0 1401.0 1568.0
1234.0 1401.0 1568.0
1234.0 1401.0 1568.0
1234.0 1401.0 1568.0
1234.0 1401.0 1568.0
1234.0 1401.0 1568.0
1234.0 1401.0 1568.0
1234.0 1401.0 1568.0
1234.0 1401.0 1568.0
1234.0 1401.0 1568.0
1234.0 1401.0 1568.0
1234.0 1401.0 1568.0
1234.0 1401.0 1568.0
1234.0 1401.0 1568.0
1234.0 1401.0 1568.0
1234.0 1401.0 1568.0
1234.0 1401.0 1568.0
1234.0 1401.0 1568.0
1234.0 1401.0 1568.0
1234.0 1401.0 1568.0
1234.0 1401.0 1568.0
1234.0 1401.0 1568.0
1234.0 1401.0 1568.0
1234.0 1401.0 1568.0
1234.0 1401.0 1568.0
1234.0 1401.0 1568.0
1234.0 1401.0 1568.0
1234.0 1401.0 1568.0
1234.0 1401.0 1568.0
1234.0 1401.0 1568.0
1234.0 1401.0 1568.0
1234.0 1401.0 1568.0
1234.0 1401.0 1568.0
1234.0 1401.0 1568.0
1234.0 1401.0 1568.0
1234.0 1401.0 1568.0
1234.0 1401.0 1568.0
1234.0 1401.0 1568.0
1234.0 1401.0 1568.0
1234.0 1401.0 1568.0
1234.0 1401.0 1568.0
1234.0 1401.0 1568.0
1234.0 1401.0 1568.0
1234.0 1401.0 1568.0
1234.0 1401.0 1568.0
1234.0 1401.0 1568.0
1234.0 1401.0 1568.0
1234.0 1401.0 1568.0
1234.0 1401.0 1568.0
1234.0 1401.0 1568.0
1234.0 1401.0 1568.0
1234.0 1401.0 1568.0
1234.0 1401.0 1568.0
1234.0 1401.0 1568.0
1234.0 1401.0 1568.0
1234.0 1401.0 1568.0
1234.0 1401.0 1568.0
1234.0 1401.0 1568.0
1234.0 1401.0 1568.0
1234.0 1401.0 1568.0
1234.0 1401.0 1568.0
1234.0 1401.0 1568.0
1234.0 1401.0 1568.0
1234.0 1401.0 1568.0
1234.0 1401.0 1568.0
1234.0 1401.0 1568.0
1234.0 1401.0 1568.0
1234.0 1401.0 1568.0
1234.0 1401.0 1568.0
1234.0 1401.0 1568.0
1234.0 1401.0 1568.0
1234.0 1401.0 1568.0
1234.0 1401.0 1568.0
1234.0 1401.0 1568.0
1234.0 1401.0 1568.0
1234.0 1401.0 1568.0
1234.0 1401.0 1568.0
1234.0 1401.0 1568.0
1234.0 1401.0 1568.0
1234.0 1401.0 1568.0
1234.0 1401.0 1568.0
1234.0 1401.0 1568.0
1234.0 1401.0 1568.0
1234.0 1401.0 1568.0
1234.0 1401.0 1568.0
1234.0 1401.0 1568.0
1234.0 1401.0 1568.0
1234.0 1401.0 1568.0
1234.0 1401.0 1568.0
1234.0 1401.0 1568.0
1234.0 1401.0 1568.0
1234.0 1401.0 1568.0
1234.0 1401.0 1568.0
1234.0 1401.0 1568.0
1234.0 1401.0 1568.0
1234.0 1401.0 1568.0
1234.0 1401.0 1568.0
1234.0 1401.0 1568.0
1234.0 1401.0 1568.0
1234.0 1401.0 1568.0
1234.0 1401.0 1568.0
1234.0 1401.0 1568.0
1234.0 1401.0 1568.0
1234.0 1401.0 1568.0
1234.0 1401.0 1568.0
1234.0 1401.0 1568.0
1234.0 1401.0 1568.0
1234.0 1401.0 1568.0
1234.0 1401.0 1568.0
1234.0 1401.0 1568.0
1234.0 1401.0 1568.0
1234.0 1401.0 1568.0
1234.0 1401.0 1568.0
1234.0 1401.0 1568.0
1234.0 1401.0 1568.0
1234.0 1401.0 1568.0
1234.0 1401.0 1568.0
1234.0 1401.0 1568.0
1234.0 1401.0 1568.0
1234.0 1401.0 1568.0
1234.0 1401.0 1568.0
1234.0 1401.0 1568.0
1234.0 1401.0 1568.0
1234.0 1401.0 1568.0
1234.0 1401.0 1568.0
1234.0 1401.0 1568.0
1234.0 1401.0 1568.0
1234.0 1401.0 1568.0
1234.0 1401.0 1568.0
1234.0 1401.0 1568.0
