8886.0 10128.0 11370.0
8076.0 9164.0 10252.0
6922.0 8181.0 9440.0
5205.0 5570.5 5936.0
4080.0 4808.5 5537.0
3322.0 3433.5 3545.0
2911.0 3116.5 3322.0
2640.0 2764.5 2889.0
2044.0 2341.5 2639.0
1445.0 1744.5 2044.0
1467.0 1755.5 2044.0
1039.0 1541.5 2044.0
1039.0 1518.0 1997.0
1039.0 1518.0 1997.0
1039.0 1350.0 1661.0
1039.0 1346.0 1653.0
1039.0 1346.0 1653.0
1039.0 1346.0 1653.0
1039.0 1346.0 1653.0
1039.0 1346.0 1653.0
1039.0 1346.0 1653.0
1039.0 1346.0 1653.0
1039.0 1346.0 1653.0
1039.0 1346.0 1653.0
1039.0 1346.0 1653.0
1039.0 1346.0 1653.0
1039.0 1346.0 1653.0
1039.0 1346.0 1653.0
1039.0 1346.0 1653.0
1039.0 1346.0 1653.0
1039.0 1346.0 1653.0
1039.0 1346.0 1653.0
1039.0 1346.0 1653.0
1039.0 1346.0 1653.0
1039.0 1346.0 1653.0
1039.0 1346.0 1653.0
1039.0 1346.0 1653.0
1039.0 1346.0 1653.0
1039.0 1346.0 1653.0
1039.0 1346.0 1653.0
1039.0 1346.0 1653.0
1039.0 1346.0 1653.0
1039.0 1346.0 1653.0
1039.0 1346.0 1653.0
1039.0 1346.0 1653.0
1039.0 1346.0 1653.0
1039.0 1346.0 1653.0
1039.0 1346.0 1653.0
1039.0 1346.0 1653.0
1039.0 1346.0 1653.0
1039.0 1346.0 1653.0
1039.0 1346.0 1653.0
1039.0 1346.0 1653.0
1039.0 1346.0 1653.0
1039.0 1346.0 1653.0
1039.0 1346.0 1653.0
1039.0 1346.0 1653.0
1039.0 1346.0 1653.0
1039.0 1346.0 1653.0
1039.0 1346.0 1653.0
1039.0 1346.0 1653.0
1039.0 1346.0 1653.0
1039.0 1346.0 1653.0
1039.0 1346.0 1653.0
1039.0 1346.0 1653.0
1039.0 1346.0 1653.0
1039.0 1346.0 1653.0
1039.0 1346.0 1653.0
1039.0 1346.0 1653.0
1039.0 1346.0 1653.0
1039.0 1346.0 1653.0
1039.0 1346.0 1653.0
1039.0 1346.0 1653.0
1039.0 1346.0 1653.0
1039.0 1346.0 1653.0
1039.0 1346.0 1653.0
1039.0 1346.0 1653.0
1039.0 1346.0 1653.0
1039.0 1346.0 1653.0
1039.0 1346.0 1653.0
1039.0 1346.0 1653.0
1039.0 1346.0 1653.0
1039.0 1346.0 1653.0
1039.0 1346.0 1653.0
1039.0 1346.0 1653.0
1039.0 1346.0 1653.0
1039.0 1346.0 1653.0
1039.0 1346.0 1653.0
1039.0 1346.0 1653.0
1039.0 1346.0 1653.0
1039.0 1346.0 1653.0
1039.0 1346.0 1653.0
1039.0 1346.0 1653.0
1039.0 1346.0 1653.0
1039.0 1346.0 1653.0
1039.0 1346.0 1653.0
1039.0 1346.0 1653.0
1039.0 1346.0 1653.0
1039.0 1346.0 1653.0
1039.0 1346.0 1653.0
1039.0 1346.0 1653.0
1039.0 1346.0 1653.0
1039.0 1346.0 1653.0
1039.0 1346.0 1653.0
1039.0 1346.0 1653.0
1039.0 1346.0 1653.0
1039.0 1346.0 1653.0
1039.0 1346.0 1653.0
1039.0 1346.0 1653.0
1039.0 1346.0 1653.0
1039.0 1346.0 1653.0
1039.0 1346.0 1653.0
1039.0 1346.0 1653.0
1039.0 1346.0 1653.0
1039.0 1346.0 1653.0
1039.0 1346.0 1653.0
1039.0 1346.0 1653.0
1039.0 1346.0 1653.0
1039.0 1346.0 1653.0
1039.0 1346.0 1653.0
1039.0 1346.0 1653.0
1039.0 1346.0 1653.0
1039.0 1346.0 1653.0
1039.0 1346.0 1653.0
1039.0 1346.0 1653.0
1039.0 1346.0 1653.0
1039.0 1346.0 1653.0
1039.0 1346.0 1653.0
1039.0 1346.0 1653.0
1039.0 1272.0 1505.0
1039.0 1272.0 1505.0
1039.0 1174.0 1309.0
968.0 1003.5 1039.0
968.0 1003.5 1039.0
968.0 1003.5 1039.0
968.0 1003.5 1039.0
968.0 1003.5 1039.0
968.0 1003.5 1039.0
968.0 1003.5 1039.0
968.0 1003.5 1039.0
968.0 1003.5 1039.0
968.0 1003.5 1039.0
968.0 1003.5 1039.0
968.0 1003.5 1039.0
968.0 1003.5 1039.0
968.0 1003.5 1039.0
968.0 1003.5 1039.0
968.0 1003.5 1039.0
968.0 1003.5 1039.0
968.0 1003.5 1039.0
968.0 1003.5 1039.0
968.0 1003.5 1039.0
968.0 1003.5 1039.0
968.0 1003.5 1039.0
968.0 1003.5 1039.0
968.0 1003.5 1039.0
968.0 1003.5 1039.0
968.0 1003.5 1039.0
968.0 1003.5 1039.0
968.0 1003.5 1039.0
968.0 1003.5 1039.0
968.0 1003.5 1039.0
968.0 1003.5 1039.0
968.0 1003.5 1039.0
968.0 1003.5 1039.0
968.0 1003.5 1039.0
968.0 1003.5 1039.0
968.0 1003.5 1039.0
968.0 1003.5 1039.0
968.0 1003.5 1039.0
968.0 1003.5 1039.0
968.0 1003.5 1039.0
968.0 1003.5 1039.0
968.0 1003.5 1039.0
968.0 1003.5 1039.0
968.0 1003.5 1039.0
968.0 1003.5 1039.0
968.0 1003.5 1039.0
968.0 1003.5 1039.0
968.0 1003.5 1039.0
968.0 1003.5 1039.0
968.0 1003.5 1039.0
968.0 1003.5 1039.0
968.0 1003.5 1039.0
968.0 1003.5 1039.0
968.0 1003.5 1039.0
968.0 1003.5 1039.0
968.0 1003.5 1039.0
968.0 1003.5 1039.0
968.0 1003.5 1039.0
968.0 1003.5 1039.0
968.0 1003.5 1039.0
968.0 1003.5 1039.0
968.0 1003.5 1039.0
968.0 1003.5 1039.0
968.0 1003.5 1039.0
968.0 1003.5 1039.0
968.0 1003.5 1039.0
968.0 1003.5 1039.0
968.0 1003.5 1039.0
