13717.0 14632.0 15547.0
10776.0 13509.0 16242.0
9930.0 11027.0 12124.0
7548.0 8370.0 9192.0
6124.0 6158.5 6193.0
4670.0 5608.5 6547.0
4042.0 4386.0 4730.0
2830.0 3040.5 3251.0
2634.0 2942.5 3251.0
2188.0 2719.5 3251.0
2188.0 2906.0 3624.0
2188.0 2862.5 3537.0
2002.0 2815.0 3628.0
1882.0 2755.0 3628.0
1882.0 2755.0 3628.0
1882.0 2755.0 3628.0
1882.0 2755.0 3628.0
1882.0 2755.0 3628.0
1882.0 2353.5 2825.0
1882.0 2252.0 2622.0
1882.0 2252.0 2622.0
1882.0 2252.0 2622.0
1882.0 2252.0 2622.0
1882.0 2252.0 2622.0
1882.0 2252.0 2622.0
1882.0 2252.0 2622.0
1882.0 2252.0 2622.0
1882.0 2252.0 2622.0
1882.0 2252.0 2622.0
1882.0 2304.0 2726.0
1882.0 2304.0 2726.0
1882.0 2304.0 2726.0
1882.0 2304.0 2726.0
1882.0 2304.0 2726.0
1882.0 2304.0 2726.0
1882.0 2304.0 2726.0
1882.0 2304.0 2726.0
1882.0 1924.5 1967.0
1882.0 1924.5 1967.0
1882.0 1924.5 1967.0
1882.0 1924.5 1967.0
1882.0 1924.5 1967.0
1882.0 1924.5 1967.0
1882.0 1924.5 1967.0
1882.0 1924.5 1967.0
1882.0 1924.5 1967.0
1882.0 1924.5 1967.0
1882.0 1924.5 1967.0
1882.0 1924.5 1967.0
1882.0 1924.5 1967.0
1882.0 1924.5 1967.0
1882.0 1924.5 1967.0
1882.0 1924.5 1967.0
1882.0 1924.5 1967.0
1882.0 1924.5 1967.0
1882.0 1924.5 1967.0
1882.0 1924.5 1967.0
1882.0 2119.5 2357.0
1745.0 1813.5 1882.0
1745.0 1813.5 1882.0
1745.0 1813.5 1882.0
1745.0 1813.5 1882.0
1745.0 1813.5 1882.0
1745.0 1813.5 1882.0
1745.0 1813.5 1882.0
1745.0 1813.5 1882.0
1745.0 1813.5 1882.0
1745.0 1813.5 1882.0
1745.0 1813.5 1882.0
1745.0 1813.5 1882.0
1745.0 1813.5 1882.0
1745.0 1813.5 1882.0
1745.0 1813.5 1882.0
1745.0 1813.5 1882.0
1745.0 1813.5 1882.0
1745.0 1813.5 1882.0
1745.0 1813.5 1882.0
1745.0 1813.5 1882.0
1745.0 1813.5 1882.0
1745.0 1813.5 1882.0
1745.0 1813.5 1882.0
1745.0 1945.5 2146.0
1082.0 1413.5 1745.0
1082.0 1413.5 1745.0
1082.0 1413.5 1745.0
1082.0 1413.5 1745.0
1082.0 1413.5 1745.0
1082.0 1250.0 1418.0
1082.0 1250.0 1418.0
1082.0 1250.0 1418.0
1082.0 1250.0 1418.0
1082.0 1250.0 1418.0
1082.0 1250.0 1418.0
1082.0 1250.0 1418.0
1082.0 1250.0 1418.0
1082.0 1250.0 1418.0
1082.0 1250.0 1418.0
1082.0 1250.0 1418.0
1082.0 1250.0 1418.0
1082.0 1250.0 1418.0
1082.0 1250.0 1418.0
1082.0 1250.0 1418.0
1082.0 1250.0 1418.0
1082.0 1250.0 1418.0
1082.0 1250.0 1418.0
1082.0 1250.0 1418.0
1082.0 1250.0 1418.0
1082.0 1250.0 1418.0
1082.0 1250.0 1418.0
1082.0 1250.0 1418.0
1082.0 1250.0 1418.0
1082.0 1250.0 1418.0
1082.0 1250.0 1418.0
1082.0 1250.0 1418.0
1082.0 1250.0 1418.0
1082.0 1250.0 1418.0
1082.0 1250.0 1418.0
1082.0 1250.0 1418.0
1082.0 1250.0 1418.0
1082.0 1250.0 1418.0
1082.0 1250.0 1418.0
1082.0 1250.0 1418.0
1082.0 1250.0 1418.0
1082.0 1250.0 1418.0
1082.0 1250.0 1418.0
1082.0 1250.0 1418.0
1082.0 1250.0 1418.0
1082.0 1250.0 1418.0
1082.0 1250.0 1418.0
1082.0 1250.0 1418.0
1082.0 1250.0 1418.0
1082.0 1250.0 1418.0
1082.0 1250.0 1418.0
1082.0 1250.0 1418.0
1082.0 1250.0 1418.0
1082.0 1250.0 1418.0
1082.0 1250.0 1418.0
1082.0 1250.0 1418.0
1082.0 1250.0 1418.0
1082.0 1250.0 1418.0
1082.0 1250.0 1418.0
1082.0 1250.0 1418.0
1082.0 1250.0 1418.0
1082.0 1250.0 1418.0
1082.0 1250.0 1418.0
1082.0 1250.0 1418.0
1082.0 1250.0 1418.0
1082.0 1250.0 1418.0
1082.0 1250.0 1418.0
1082.0 1250.0 1418.0
1082.0 1250.0 1418.0
1082.0 1250.0 1418.0
1082.0 1250.0 1418.0
1082.0 1250.0 1418.0
1082.0 1250.0 1418.0
1082.0 1250.0 1418.0
1082.0 1250.0 1418.0
1082.0 1250.0 1418.0
1082.0 1250.0 1418.0
1082.0 1250.0 1418.0
1082.0 1250.0 1418.0
1082.0 1250.0 1418.0
1082.0 1250.0 1418.0
1082.0 1250.0 1418.0
1082.0 1250.0 1418.0
1082.0 1250.0 1418.0
1082.0 1250.0 1418.0
1082.0 1250.0 1418.0
1082.0 1250.0 1418.0
1082.0 1250.0 1418.0
1082.0 1250.0 1418.0
1082.0 1250.0 1418.0
1082.0 1250.0 1418.0
1082.0 1250.0 1418.0
1082.0 1250.0 1418.0
1082.0 1250.0 1418.0
1082.0 1250.0 1418.0
1082.0 1250.0 1418.0
1082.0 1250.0 1418.0
1082.0 1250.0 1418.0
1082.0 1250.0 1418.0
1082.0 1250.0 1418.0
1082.0 1250.0 1418.0
1082.0 1250.0 1418.0
1082.0 1250.0 1418.0
1082.0 1250.0 1418.0
1082.0 1250.0 1418.0
1082.0 1250.0 1418.0
1082.0 1250.0 1418.0
1082.0 1250.0 1418.0
1082.0 1250.0 1418.0
1082.0 1250.0 1418.0
1082.0 1250.0 1418.0
1082.0 1250.0 1418.0
1082.0 1250.0 1418.0
1082.0 1250.0 1418.0
1082.0 1250.0 1418.0
1082.0 1250.0 1418.0
1082.0 1250.0 1418.0
1082.0 1250.0 1418.0
