13729.0 14282.5 14836.0
12149.0 12578.0 13007.0
9302.0 9936.0 10570.0
6116.0 6818.5 7521.0
5116.0 5161.5 5207.0
3018.0 3611.0 4204.0
3018.0 3348.0 3678.0
3018.0 3138.5 3259.0
2826.0 2922.0 3018.0
2826.0 2827.5 2829.0
2826.0 2850.5 2875.0
2826.0 2850.5 2875.0
1720.0 2273.0 2826.0
1720.0 2192.5 2665.0
1720.0 1824.5 1929.0
1720.0 1824.5 1929.0
1720.0 1824.5 1929.0
1720.0 1824.5 1929.0
1720.0 1824.5 1929.0
1720.0 1824.5 1929.0
1720.0 1824.5 1929.0
1720.0 1824.5 1929.0
1720.0 1824.5 1929.0
1720.0 1824.5 1929.0
1720.0 1824.5 1929.0
1720.0 1824.5 1929.0
1720.0 1824.5 1929.0
1720.0 1824.5 1929.0
1720.0 1824.5 1929.0
1720.0 1824.5 1929.0
1720.0 1770.0 1820.0
1720.0 1770.0 1820.0
1720.0 1770.0 1820.0
1720.0 1770.0 1820.0
1660.0 1740.0 1820.0
1061.0 1440.5 1820.0
784.0 1302.0 1820.0
784.0 1302.0 1820.0
784.0 1302.0 1820.0
784.0 1302.0 1820.0
784.0 1302.0 1820.0
784.0 1302.0 1820.0
784.0 1302.0 1820.0
784.0 1302.0 1820.0
784.0 1302.0 1820.0
784.0 1302.0 1820.0
784.0 1302.0 1820.0
784.0 1302.0 1820.0
784.0 1302.0 1820.0
784.0 1302.0 1820.0
784.0 1302.0 1820.0
784.0 1302.0 1820.0
784.0 1302.0 1820.0
784.0 1302.0 1820.0
784.0 1302.0 1820.0
784.0 1302.0 1820.0
784.0 1302.0 1820.0
784.0 1302.0 1820.0
784.0 1302.0 1820.0
784.0 1302.0 1820.0
784.0 1302.0 1820.0
784.0 1302.0 1820.0
784.0 1302.0 1820.0
784.0 1302.0 1820.0
784.0 1302.0 1820.0
784.0 1302.0 1820.0
784.0 1302.0 1820.0
784.0 1302.0 1820.0
784.0 1302.0 1820.0
784.0 1302.0 1820.0
784.0 1302.0 1820.0
784.0 1302.0 1820.0
784.0 1302.0 1820.0
784.0 1300.0 1816.0
784.0 1093.0 1402.0
784.0 969.0 1154.0
784.0 969.0 1154.0
784.0 969.0 1154.0
784.0 969.0 1154.0
784.0 969.0 1154.0
784.0 969.0 1154.0
784.0 969.0 1154.0
784.0 969.0 1154.0
784.0 969.0 1154.0
784.0 969.0 1154.0
784.0 969.0 1154.0
784.0 969.0 1154.0
784.0 969.0 1154.0
784.0 969.0 1154.0
784.0 969.0 1154.0
784.0 969.0 1154.0
784.0 969.0 1154.0
784.0 969.0 1154.0
784.0 969.0 1154.0
784.0 969.0 1154.0
784.0 969.0 1154.0
784.0 969.0 1154.0
784.0 969.0 1154.0
784.0 969.0 1154.0
784.0 969.0 1154.0
784.0 969.0 1154.0
784.0 969.0 1154.0
784.0 969.0 1154.0
784.0 969.0 1154.0
784.0 969.0 1154.0
784.0 969.0 1154.0
784.0 969.0 1154.0
784.0 969.0 1154.0
784.0 969.0 1154.0
784.0 969.0 1154.0
784.0 969.0 1154.0
784.0 969.0 1154.0
784.0 969.0 1154.0
784.0 969.0 1154.0
784.0 969.0 1154.0
784.0 969.0 1154.0
784.0 969.0 1154.0
784.0 969.0 1154.0
784.0 969.0 1154.0
784.0 969.0 1154.0
784.0 969.0 1154.0
784.0 969.0 1154.0
784.0 969.0 1154.0
784.0 969.0 1154.0
784.0 969.0 1154.0
784.0 969.0 1154.0
784.0 969.0 1154.0
784.0 969.0 1154.0
784.0 969.0 1154.0
784.0 969.0 1154.0
784.0 969.0 1154.0
784.0 969.0 1154.0
784.0 969.0 1154.0
784.0 969.0 1154.0
784.0 969.0 1154.0
784.0 969.0 1154.0
784.0 969.0 1154.0
784.0 969.0 1154.0
784.0 969.0 1154.0
784.0 969.0 1154.0
784.0 969.0 1154.0
784.0 969.0 1154.0
784.0 969.0 1154.0
784.0 969.0 1154.0
784.0 969.0 1154.0
784.0 969.0 1154.0
784.0 969.0 1154.0
784.0 969.0 1154.0
784.0 969.0 1154.0
784.0 969.0 1154.0
784.0 969.0 1154.0
784.0 969.0 1154.0
784.0 969.0 1154.0
784.0 969.0 1154.0
784.0 969.0 1154.0
784.0 969.0 1154.0
784.0 969.0 1154.0
784.0 969.0 1154.0
784.0 969.0 1154.0
784.0 969.0 1154.0
784.0 969.0 1154.0
784.0 969.0 1154.0
784.0 969.0 1154.0
784.0 969.0 1154.0
784.0 969.0 1154.0
784.0 969.0 1154.0
784.0 969.0 1154.0
784.0 969.0 1154.0
784.0 969.0 1154.0
784.0 969.0 1154.0
784.0 969.0 1154.0
784.0 969.0 1154.0
784.0 969.0 1154.0
784.0 969.0 1154.0
784.0 969.0 1154.0
784.0 969.0 1154.0
784.0 969.0 1154.0
784.0 969.0 1154.0
784.0 969.0 1154.0
784.0 969.0 1154.0
784.0 969.0 1154.0
784.0 969.0 1154.0
784.0 969.0 1154.0
784.0 969.0 1154.0
784.0 969.0 1154.0
784.0 969.0 1154.0
784.0 969.0 1154.0
784.0 1219.5 1655.0
784.0 1049.5 1315.0
784.0 838.5 893.0
784.0 833.0 882.0
784.0 833.0 882.0
784.0 833.0 882.0
784.0 833.0 882.0
784.0 833.0 882.0
784.0 833.0 882.0
784.0 833.0 882.0
784.0 833.0 882.0
784.0 833.0 882.0
784.0 833.0 882.0
