11992.0 13776.0 15560.0
11320.0 12001.5 12683.0
8764.0 9806.0 10848.0
6079.0 6809.0 7539.0
3553.0 4624.5 5696.0
3145.0 4133.5 5122.0
3145.0 3380.5 3616.0
2762.0 3158.0 3554.0
2457.0 2885.0 3313.0
2457.0 2818.0 3179.0
2457.0 2818.0 3179.0
2204.0 2330.5 2457.0
2204.0 2330.5 2457.0
2091.0 2274.0 2457.0
2135.0 2296.0 2457.0
2135.0 2296.0 2457.0
2135.0 2296.0 2457.0
2135.0 2296.0 2457.0
2135.0 2296.0 2457.0
2135.0 2296.0 2457.0
2135.0 2296.0 2457.0
2135.0 2326.5 2518.0
2117.0 2126.0 2135.0
2117.0 2126.0 2135.0
2117.0 2126.0 2135.0
2117.0 2126.0 2135.0
2117.0 2126.0 2135.0
2117.0 2126.0 2135.0
2117.0 2126.0 2135.0
1830.0 1982.5 2135.0
1818.0 1976.5 2135.0
1167.0 1651.0 2135.0
1315.0 1725.0 2135.0
1315.0 1725.0 2135.0
1170.0 1652.5 2135.0
1170.0 1652.5 2135.0
1170.0 1652.5 2135.0
1170.0 1652.5 2135.0
1170.0 1652.5 2135.0
1170.0 1652.5 2135.0
1170.0 1652.5 2135.0
1170.0 1652.5 2135.0
1170.0 1652.5 2135.0
1170.0 1652.5 2135.0
1170.0 1652.5 2135.0
1170.0 1652.5 2135.0
1170.0 1652.5 2135.0
1170.0 1652.5 2135.0
1170.0 1520.0 1870.0
1170.0 1520.0 1870.0
1170.0 1500.0 1830.0
1170.0 1500.0 1830.0
1170.0 1500.0 1830.0
1170.0 1500.0 1830.0
1170.0 1500.0 1830.0
1170.0 1500.0 1830.0
1170.0 1500.0 1830.0
1170.0 1500.0 1830.0
1170.0 1500.0 1830.0
1170.0 1500.0 1830.0
1170.0 1500.0 1830.0
1170.0 1500.0 1830.0
1170.0 1500.0 1830.0
1170.0 1500.0 1830.0
1170.0 1500.0 1830.0
1170.0 1500.0 1830.0
1170.0 1500.0 1830.0
1170.0 1500.0 1830.0
1170.0 1500.0 1830.0
1170.0 1500.0 1830.0
1170.0 1500.0 1830.0
1170.0 1500.0 1830.0
1170.0 1500.0 1830.0
1170.0 1500.0 1830.0
1170.0 1500.0 1830.0
1170.0 1500.0 1830.0
1170.0 1500.0 1830.0
1170.0 1500.0 1830.0
1170.0 1500.0 1830.0
1170.0 1500.0 1830.0
1170.0 1500.0 1830.0
1170.0 1500.0 1830.0
1170.0 1500.0 1830.0
1170.0 1500.0 1830.0
1170.0 1500.0 1830.0
1170.0 1500.0 1830.0
1170.0 1500.0 1830.0
1170.0 1500.0 1830.0
1170.0 1500.0 1830.0
1170.0 1500.0 1830.0
1170.0 1500.0 1830.0
1170.0 1500.0 1830.0
1170.0 1500.0 1830.0
1170.0 1500.0 1830.0
1170.0 1500.0 1830.0
1170.0 1500.0 1830.0
1170.0 1500.0 1830.0
1170.0 1500.0 1830.0
1170.0 1500.0 1830.0
1170.0 1500.0 1830.0
1170.0 1500.0 1830.0
1170.0 1500.0 1830.0
1170.0 1500.0 1830.0
1170.0 1500.0 1830.0
1170.0 1500.0 1830.0
1170.0 1500.0 1830.0
1170.0 1500.0 1830.0
1170.0 1500.0 1830.0
978.0 1074.0 1170.0
978.0 1074.0 1170.0
978.0 1074.0 1170.0
978.0 1074.0 1170.0
978.0 1074.0 1170.0
978.0 1074.0 1170.0
978.0 1074.0 1170.0
978.0 1074.0 1170.0
978.0 1074.0 1170.0
978.0 1074.0 1170.0
978.0 1074.0 1170.0
978.0 1074.0 1170.0
978.0 1074.0 1170.0
978.0 1074.0 1170.0
978.0 1074.0 1170.0
978.0 1074.0 1170.0
978.0 1074.0 1170.0
978.0 1074.0 1170.0
978.0 1074.0 1170.0
978.0 1074.0 1170.0
978.0 1074.0 1170.0
978.0 1074.0 1170.0
978.0 1074.0 1170.0
978.0 1074.0 1170.0
978.0 1074.0 1170.0
978.0 1074.0 1170.0
978.0 1074.0 1170.0
978.0 1074.0 1170.0
978.0 1074.0 1170.0
978.0 1074.0 1170.0
978.0 1074.0 1170.0
978.0 1074.0 1170.0
978.0 1074.0 1170.0
978.0 1074.0 1170.0
978.0 1074.0 1170.0
978.0 1074.0 1170.0
978.0 1074.0 1170.0
978.0 1074.0 1170.0
978.0 1074.0 1170.0
978.0 1074.0 1170.0
978.0 1074.0 1170.0
978.0 1074.0 1170.0
978.0 1074.0 1170.0
978.0 1074.0 1170.0
978.0 1074.0 1170.0
978.0 1074.0 1170.0
978.0 1074.0 1170.0
978.0 1074.0 1170.0
978.0 1074.0 1170.0
978.0 1074.0 1170.0
978.0 1074.0 1170.0
978.0 1074.0 1170.0
978.0 1074.0 1170.0
978.0 1074.0 1170.0
978.0 1074.0 1170.0
978.0 1074.0 1170.0
978.0 1074.0 1170.0
978.0 1074.0 1170.0
978.0 1074.0 1170.0
978.0 1074.0 1170.0
978.0 1074.0 1170.0
978.0 1074.0 1170.0
978.0 1074.0 1170.0
978.0 1074.0 1170.0
978.0 1074.0 1170.0
978.0 1074.0 1170.0
978.0 1074.0 1170.0
978.0 1074.0 1170.0
978.0 1074.0 1170.0
978.0 1074.0 1170.0
978.0 1074.0 1170.0
978.0 1074.0 1170.0
978.0 1074.0 1170.0
978.0 1074.0 1170.0
978.0 1074.0 1170.0
978.0 1074.0 1170.0
978.0 1074.0 1170.0
978.0 1074.0 1170.0
978.0 1074.0 1170.0
978.0 1074.0 1170.0
978.0 1074.0 1170.0
978.0 1074.0 1170.0
978.0 1074.0 1170.0
978.0 1074.0 1170.0
978.0 1074.0 1170.0
978.0 1074.0 1170.0
978.0 1074.0 1170.0
978.0 1074.0 1170.0
978.0 1074.0 1170.0
978.0 1074.0 1170.0
978.0 1074.0 1170.0
978.0 1074.0 1170.0
