14286.0 15130.0 15974.0
11152.0 11423.0 11694.0
9016.0 9444.0 9872.0
7137.0 8692.0 10247.0
4797.0 6414.0 8031.0
4229.0 4608.0 4987.0
4239.0 4488.0 4737.0
3755.0 4152.5 4550.0
3927.0 4238.5 4550.0
2722.0 3324.5 3927.0
2722.0 3324.5 3927.0
3235.0 3406.5 3578.0
1894.0 2160.5 2427.0
1894.0 2160.5 2427.0
1894.0 2160.5 2427.0
1894.0 2160.5 2427.0
1894.0 2160.5 2427.0
1894.0 2160.5 2427.0
1894.0 2160.5 2427.0
1894.0 2160.5 2427.0
1894.0 2160.5 2427.0
1894.0 2160.5 2427.0
1894.0 2160.5 2427.0
1894.0 2160.5 2427.0
1894.0 2203.5 2513.0
1824.0 1859.0 1894.0
1824.0 1859.0 1894.0
1824.0 1859.0 1894.0
1824.0 1859.0 1894.0
1824.0 1859.0 1894.0
1824.0 1859.0 1894.0
1824.0 1859.0 1894.0
1824.0 1859.0 1894.0
1824.0 1859.0 1894.0
1824.0 1859.0 1894.0
1824.0 1859.0 1894.0
1824.0 1974.5 2125.0
1574.0 1699.0 1824.0
1574.0 1699.0 1824.0
1574.0 1699.0 1824.0
1574.0 1699.0 1824.0
1574.0 1699.0 1824.0
1574.0 1699.0 1824.0
1574.0 1699.0 1824.0
1574.0 1699.0 1824.0
1574.0 1699.0 1824.0
1574.0 1699.0 1824.0
1482.0 1528.0 1574.0
1482.0 1528.0 1574.0
1482.0 1528.0 1574.0
1482.0 1528.0 1574.0
1482.0 1528.0 1574.0
1482.0 1528.0 1574.0
1482.0 1528.0 1574.0
1482.0 1528.0 1574.0
1482.0 1528.0 1574.0
1482.0 1528.0 1574.0
1482.0 1528.0 1574.0
1482.0 1528.0 1574.0
1482.0 1528.0 1574.0
1482.0 1528.0 1574.0
1482.0 1528.0 1574.0
1482.0 1528.0 1574.0
1482.0 1528.0 1574.0
1482.0 1528.0 1574.0
1482.0 1528.0 1574.0
1482.0 1528.0 1574.0
1482.0 1528.0 1574.0
1482.0 1528.0 1574.0
1482.0 1528.0 1574.0
1482.0 1528.0 1574.0
1482.0 1528.0 1574.0
1482.0 1528.0 1574.0
1482.0 1528.0 1574.0
1482.0 1528.0 1574.0
1482.0 1528.0 1574.0
1482.0 1528.0 1574.0
1482.0 1528.0 1574.0
1482.0 1528.0 1574.0
1482.0 1528.0 1574.0
1482.0 1528.0 1574.0
1482.0 1528.0 1574.0
1482.0 1528.0 1574.0
1482.0 1528.0 1574.0
1482.0 1528.0 1574.0
1482.0 1528.0 1574.0
1482.0 1528.0 1574.0
1482.0 1528.0 1574.0
1482.0 1528.0 1574.0
1482.0 1528.0 1574.0
1482.0 1528.0 1574.0
1482.0 1528.0 1574.0
1482.0 1528.0 1574.0
1482.0 1528.0 1574.0
1482.0 1528.0 1574.0
1482.0 1528.0 1574.0
1482.0 1528.0 1574.0
1482.0 1528.0 1574.0
1482.0 1528.0 1574.0
1482.0 1528.0 1574.0
1482.0 1528.0 1574.0
1482.0 1528.0 1574.0
1482.0 1528.0 1574.0
1482.0 1528.0 1574.0
1482.0 1528.0 1574.0
1482.0 1528.0 1574.0
1482.0 1528.0 1574.0
1482.0 1528.0 1574.0
1482.0 1528.0 1574.0
1482.0 1528.0 1574.0
1482.0 1528.0 1574.0
1482.0 1528.0 1574.0
1482.0 1528.0 1574.0
1482.0 1528.0 1574.0
1482.0 1528.0 1574.0
1482.0 1528.0 1574.0
1482.0 1528.0 1574.0
1482.0 1528.0 1574.0
1482.0 1528.0 1574.0
1482.0 1528.0 1574.0
1482.0 1528.0 1574.0
1482.0 1528.0 1574.0
1482.0 1528.0 1574.0
1482.0 1528.0 1574.0
1482.0 1528.0 1574.0
1482.0 1528.0 1574.0
1482.0 1528.0 1574.0
1482.0 1528.0 1574.0
1482.0 1528.0 1574.0
1482.0 1528.0 1574.0
1482.0 1528.0 1574.0
1482.0 1528.0 1574.0
1482.0 1528.0 1574.0
1482.0 1528.0 1574.0
1482.0 1528.0 1574.0
1482.0 1528.0 1574.0
1482.0 1528.0 1574.0
1482.0 1528.0 1574.0
1482.0 1528.0 1574.0
1482.0 1528.0 1574.0
1482.0 1528.0 1574.0
1482.0 1528.0 1574.0
1482.0 1528.0 1574.0
1482.0 1528.0 1574.0
1482.0 1528.0 1574.0
1482.0 1528.0 1574.0
1482.0 1528.0 1574.0
1482.0 1528.0 1574.0
1482.0 1528.0 1574.0
1482.0 1528.0 1574.0
1482.0 1528.0 1574.0
1482.0 1528.0 1574.0
1482.0 1528.0 1574.0
1482.0 1528.0 1574.0
1482.0 1528.0 1574.0
1482.0 1528.0 1574.0
1482.0 1528.0 1574.0
1482.0 1528.0 1574.0
1482.0 1528.0 1574.0
1482.0 1528.0 1574.0
1482.0 1528.0 1574.0
1482.0 1528.0 1574.0
1482.0 1528.0 1574.0
1482.0 1528.0 1574.0
1482.0 1528.0 1574.0
1482.0 1528.0 1574.0
1482.0 1528.0 1574.0
1482.0 1528.0 1574.0
1482.0 1528.0 1574.0
1482.0 1528.0 1574.0
1482.0 1528.0 1574.0
1482.0 1528.0 1574.0
1482.0 1528.0 1574.0
1482.0 1528.0 1574.0
1482.0 1528.0 1574.0
1482.0 1528.0 1574.0
1482.0 1528.0 1574.0
1482.0 1528.0 1574.0
1482.0 1528.0 1574.0
1482.0 1528.0 1574.0
1482.0 1528.0 1574.0
1482.0 1528.0 1574.0
1482.0 1528.0 1574.0
1482.0 1528.0 1574.0
1482.0 1528.0 1574.0
1482.0 1528.0 1574.0
1482.0 1528.0 1574.0
1482.0 1528.0 1574.0
1482.0 1528.0 1574.0
1482.0 1528.0 1574.0
1482.0 1528.0 1574.0
1482.0 1528.0 1574.0
1482.0 1528.0 1574.0
1482.0 1528.0 1574.0
1482.0 1528.0 1574.0
1482.0 1528.0 1574.0
1482.0 1528.0 1574.0
1482.0 1528.0 1574.0
1482.0 1528.0 1574.0
1482.0 1528.0 1574.0
