13117.0 13461.0 13805.0
10745.0 11998.0 13251.0
8968.0 9956.0 10944.0
6215.0 6548.5 6882.0
6401.0 6602.5 6804.0
3812.0 4546.0 5280.0
3812.0 3908.0 4004.0
3665.0 3800.5 3936.0
3665.0 3721.0 3777.0
2330.0 2997.5 3665.0
2330.0 2997.5 3665.0
2330.0 2997.5 3665.0
2330.0 2805.5 3281.0
3281.0 3354.0 3427.0
2468.0 2874.5 3281.0
2468.0 2874.5 3281.0
2468.0 2874.5 3281.0
2468.0 2556.5 2645.0
2468.0 2873.0 3278.0
2468.0 2873.0 3278.0
2468.0 2873.0 3278.0
2468.0 2873.0 3278.0
2468.0 2873.0 3278.0
2468.0 2873.0 3278.0
2468.0 2873.0 3278.0
2468.0 2873.0 3278.0
2468.0 2873.0 3278.0
2468.0 2873.0 3278.0
1804.0 2541.0 3278.0
1464.0 2371.0 3278.0
1464.0 2371.0 3278.0
1464.0 2371.0 3278.0
1464.0 2371.0 3278.0
1464.0 2371.0 3278.0
1464.0 2371.0 3278.0
1464.0 2371.0 3278.0
1464.0 1906.5 2349.0
2293.0 2493.5 2694.0
1678.0 2186.0 2694.0
1678.0 2186.0 2694.0
1678.0 2186.0 2694.0
1678.0 2186.0 2694.0
1678.0 2186.0 2694.0
1678.0 2186.0 2694.0
1678.0 2186.0 2694.0
1678.0 2186.0 2694.0
1678.0 2186.0 2694.0
1678.0 2186.0 2694.0
1678.0 2186.0 2694.0
1678.0 2186.0 2694.0
1678.0 2186.0 2694.0
1678.0 2186.0 2694.0
1678.0 2186.0 2694.0
1678.0 2186.0 2694.0
1678.0 2186.0 2694.0
1678.0 2186.0 2694.0
1678.0 2186.0 2694.0
1678.0 2186.0 2694.0
1678.0 2186.0 2694.0
1678.0 2186.0 2694.0
1678.0 2186.0 2694.0
1678.0 2186.0 2694.0
1678.0 2253.5 2829.0
1453.0 1565.5 1678.0
1453.0 1565.5 1678.0
1453.0 1565.5 1678.0
1453.0 1565.5 1678.0
1453.0 1565.5 1678.0
1453.0 1565.5 1678.0
1453.0 1565.5 1678.0
1453.0 1565.5 1678.0
1453.0 1565.5 1678.0
1453.0 1565.5 1678.0
1453.0 1565.5 1678.0
1321.0 1387.0 1453.0
1321.0 1387.0 1453.0
1321.0 1387.0 1453.0
1321.0 1387.0 1453.0
1321.0 1387.0 1453.0
1321.0 1387.0 1453.0
1321.0 1387.0 1453.0
1321.0 1387.0 1453.0
1321.0 1387.0 1453.0
1321.0 1387.0 1453.0
1321.0 1387.0 1453.0
1321.0 1387.0 1453.0
1321.0 1387.0 1453.0
1321.0 1387.0 1453.0
1321.0 1387.0 1453.0
1321.0 1387.0 1453.0
1321.0 1387.0 1453.0
1321.0 1387.0 1453.0
1321.0 1387.0 1453.0
1321.0 1387.0 1453.0
1321.0 1387.0 1453.0
1321.0 1387.0 1453.0
1321.0 1387.0 1453.0
1321.0 1387.0 1453.0
1321.0 1387.0 1453.0
1321.0 1387.0 1453.0
1321.0 1387.0 1453.0
1321.0 1387.0 1453.0
1321.0 1387.0 1453.0
1321.0 1387.0 1453.0
1321.0 1387.0 1453.0
1321.0 1387.0 1453.0
1321.0 1387.0 1453.0
1321.0 1387.0 1453.0
1321.0 1387.0 1453.0
1321.0 1387.0 1453.0
1321.0 1387.0 1453.0
1321.0 1387.0 1453.0
1321.0 1387.0 1453.0
1321.0 1387.0 1453.0
1321.0 1387.0 1453.0
1321.0 1387.0 1453.0
1321.0 1387.0 1453.0
1321.0 1387.0 1453.0
1321.0 1387.0 1453.0
1321.0 1387.0 1453.0
1321.0 1387.0 1453.0
1321.0 1387.0 1453.0
1321.0 1387.0 1453.0
1321.0 1387.0 1453.0
1321.0 1387.0 1453.0
1321.0 1387.0 1453.0
1321.0 1387.0 1453.0
1321.0 1387.0 1453.0
1321.0 1387.0 1453.0
1321.0 1387.0 1453.0
1321.0 1387.0 1453.0
1321.0 1387.0 1453.0
1321.0 1332.5 1344.0
1321.0 1393.0 1465.0
1321.0 1393.0 1465.0
1321.0 1393.0 1465.0
1321.0 1393.0 1465.0
1321.0 1393.0 1465.0
1321.0 1393.0 1465.0
1321.0 1393.0 1465.0
1321.0 1393.0 1465.0
1321.0 1393.0 1465.0
1321.0 1393.0 1465.0
1321.0 1393.0 1465.0
1321.0 1393.0 1465.0
1321.0 1393.0 1465.0
1321.0 1393.0 1465.0
1321.0 1393.0 1465.0
1321.0 1393.0 1465.0
1321.0 1393.0 1465.0
1321.0 1393.0 1465.0
1321.0 1393.0 1465.0
1321.0 1393.0 1465.0
1321.0 1393.0 1465.0
1321.0 1393.0 1465.0
1321.0 1393.0 1465.0
1321.0 1393.0 1465.0
1321.0 1393.0 1465.0
1321.0 1393.0 1465.0
1321.0 1393.0 1465.0
1321.0 1393.0 1465.0
1321.0 1393.0 1465.0
1321.0 1393.0 1465.0
1321.0 1393.0 1465.0
1321.0 1393.0 1465.0
1321.0 1393.0 1465.0
1321.0 1393.0 1465.0
1321.0 1393.0 1465.0
1321.0 1393.0 1465.0
1321.0 1393.0 1465.0
1321.0 1393.0 1465.0
1321.0 1393.0 1465.0
1321.0 1393.0 1465.0
1321.0 1393.0 1465.0
1321.0 1393.0 1465.0
1321.0 1393.0 1465.0
1321.0 1393.0 1465.0
1321.0 1393.0 1465.0
1321.0 1393.0 1465.0
1321.0 1393.0 1465.0
1321.0 1393.0 1465.0
1321.0 1393.0 1465.0
1321.0 1393.0 1465.0
1321.0 1393.0 1465.0
1321.0 1393.0 1465.0
1321.0 1393.0 1465.0
1321.0 1393.0 1465.0
1321.0 1393.0 1465.0
1321.0 1393.0 1465.0
1321.0 1393.0 1465.0
1321.0 1393.0 1465.0
1321.0 1393.0 1465.0
1321.0 1393.0 1465.0
1321.0 1393.0 1465.0
1321.0 1393.0 1465.0
1321.0 1393.0 1465.0
1321.0 1393.0 1465.0
1321.0 1393.0 1465.0
1321.0 1393.0 1465.0
1321.0 1393.0 1465.0
