11642.0 13244.0 14846.0
12531.0 13125.5 13720.0
8891.0 8904.5 8918.0
5552.0 5992.0 6432.0
5298.0 5425.0 5552.0
2838.0 3450.0 4062.0
2838.0 3116.5 3395.0
2451.0 2644.5 2838.0
2119.0 2478.5 2838.0
2119.0 2478.5 2838.0
2119.0 2478.5 2838.0
2119.0 2478.5 2838.0
2119.0 2478.5 2838.0
2119.0 2478.5 2838.0
2119.0 2478.5 2838.0
2119.0 2478.5 2838.0
2119.0 2478.5 2838.0
2119.0 2609.0 3099.0
2119.0 2609.0 3099.0
2119.0 2609.0 3099.0
2036.0 2567.5 3099.0
2036.0 2567.5 3099.0
2036.0 2567.5 3099.0
2036.0 2567.5 3099.0
2036.0 2567.5 3099.0
2036.0 2567.5 3099.0
2036.0 2567.5 3099.0
2036.0 2567.5 3099.0
2036.0 2567.5 3099.0
2036.0 2274.5 2513.0
2036.0 2070.5 2105.0
2036.0 2130.5 2225.0
2036.0 2130.5 2225.0
2036.0 2130.5 2225.0
2036.0 2130.5 2225.0
2036.0 2130.5 2225.0
2036.0 2130.5 2225.0
2036.0 2130.5 2225.0
1800.0 1918.0 2036.0
1581.0 1808.5 2036.0
1581.0 1808.5 2036.0
1581.0 1808.5 2036.0
1581.0 1808.5 2036.0
1581.0 1808.5 2036.0
1581.0 1808.5 2036.0
1581.0 1808.5 2036.0
1581.0 1808.5 2036.0
1581.0 1808.5 2036.0
1581.0 1808.5 2036.0
1581.0 1808.5 2036.0
1581.0 1808.5 2036.0
1581.0 1808.5 2036.0
1581.0 1808.5 2036.0
1581.0 1808.5 2036.0
1581.0 1808.5 2036.0
1581.0 1808.5 2036.0
1581.0 1808.5 2036.0
1501.0 1768.5 2036.0
1135.0 1585.5 2036.0
1135.0 1585.5 2036.0
1135.0 1585.5 2036.0
1135.0 1585.5 2036.0
1135.0 1585.5 2036.0
1135.0 1585.5 2036.0
1135.0 1585.5 2036.0
1135.0 1585.5 2036.0
1135.0 1585.5 2036.0
1135.0 1585.5 2036.0
1135.0 1585.5 2036.0
1135.0 1585.5 2036.0
1135.0 1585.5 2036.0
1135.0 1585.5 2036.0
1135.0 1864.0 2593.0
1135.0 1632.0 2129.0
1135.0 1632.0 2129.0
1135.0 1632.0 2129.0
1135.0 1632.0 2129.0
1135.0 1632.0 2129.0
1135.0 1632.0 2129.0
1135.0 1632.0 2129.0
1135.0 1632.0 2129.0
1135.0 1632.0 2129.0
1135.0 1632.0 2129.0
1135.0 1632.0 2129.0
1135.0 1632.0 2129.0
1135.0 1632.0 2129.0
1135.0 1632.0 2129.0
1135.0 1632.0 2129.0
1135.0 1632.0 2129.0
1135.0 1632.0 2129.0
1135.0 1632.0 2129.0
1135.0 1632.0 2129.0
1135.0 1632.0 2129.0
1135.0 1632.0 2129.0
1135.0 1632.0 2129.0
1135.0 1632.0 2129.0
1135.0 1632.0 2129.0
1135.0 1632.0 2129.0
1135.0 1632.0 2129.0
1135.0 1632.0 2129.0
1135.0 1632.0 2129.0
1135.0 1632.0 2129.0
1135.0 1632.0 2129.0
1135.0 1632.0 2129.0
1135.0 1632.0 2129.0
1135.0 1632.0 2129.0
1135.0 1632.0 2129.0
1135.0 1248.5 1362.0
1135.0 1248.5 1362.0
1135.0 1248.5 1362.0
1135.0 1248.5 1362.0
1135.0 1248.5 1362.0
1135.0 1248.5 1362.0
1135.0 1248.5 1362.0
1135.0 1248.5 1362.0
1135.0 1248.5 1362.0
1135.0 1248.5 1362.0
1135.0 1248.5 1362.0
1135.0 1248.5 1362.0
1135.0 1248.5 1362.0
1135.0 1248.5 1362.0
1135.0 1248.5 1362.0
1135.0 1248.5 1362.0
1135.0 1248.5 1362.0
1135.0 1248.5 1362.0
1135.0 1248.5 1362.0
1135.0 1248.5 1362.0
1135.0 1248.5 1362.0
1135.0 1248.5 1362.0
1135.0 1248.5 1362.0
1135.0 1248.5 1362.0
1135.0 1248.5 1362.0
1135.0 1248.5 1362.0
1135.0 1248.5 1362.0
1135.0 1248.5 1362.0
1135.0 1248.5 1362.0
1135.0 1248.5 1362.0
1135.0 1248.5 1362.0
1135.0 1248.5 1362.0
1135.0 1248.5 1362.0
1135.0 1248.5 1362.0
1135.0 1248.5 1362.0
1135.0 1248.5 1362.0
1135.0 1248.5 1362.0
1135.0 1248.5 1362.0
1135.0 1248.5 1362.0
1135.0 1248.5 1362.0
1135.0 1248.5 1362.0
1135.0 1248.5 1362.0
1135.0 1248.5 1362.0
1135.0 1248.5 1362.0
1135.0 1248.5 1362.0
1135.0 1248.5 1362.0
1135.0 1248.5 1362.0
1135.0 1248.5 1362.0
1135.0 1248.5 1362.0
1135.0 1248.5 1362.0
1135.0 1248.5 1362.0
1135.0 1248.5 1362.0
1135.0 1248.5 1362.0
1135.0 1248.5 1362.0
1135.0 1248.5 1362.0
1135.0 1248.5 1362.0
1135.0 1248.5 1362.0
1135.0 1248.5 1362.0
1135.0 1248.5 1362.0
1135.0 1248.5 1362.0
1135.0 1248.5 1362.0
1135.0 1248.5 1362.0
1135.0 1248.5 1362.0
1135.0 1248.5 1362.0
1135.0 1248.5 1362.0
1135.0 1248.5 1362.0
1135.0 1248.5 1362.0
1135.0 1248.5 1362.0
1135.0 1248.5 1362.0
1135.0 1248.5 1362.0
1135.0 1248.5 1362.0
1135.0 1248.5 1362.0
1135.0 1248.5 1362.0
1135.0 1248.5 1362.0
1135.0 1248.5 1362.0
1135.0 1248.5 1362.0
1135.0 1248.5 1362.0
1135.0 1248.5 1362.0
1135.0 1248.5 1362.0
1135.0 1248.5 1362.0
1135.0 1248.5 1362.0
1135.0 1248.5 1362.0
1135.0 1248.5 1362.0
1135.0 1248.5 1362.0
1135.0 1248.5 1362.0
1135.0 1248.5 1362.0
1135.0 1248.5 1362.0
1135.0 1248.5 1362.0
1135.0 1248.5 1362.0
1135.0 1248.5 1362.0
1135.0 1248.5 1362.0
1135.0 1248.5 1362.0
1135.0 1248.5 1362.0
