13590.0 14109.0 14628.0
9529.0 9804.5 10080.0
10432.0 10918.5 11405.0
8299.0 8531.5 8764.0
6787.0 7988.5 9190.0
5126.0 5600.0 6074.0
5126.0 5401.5 5677.0
3016.0 3933.5 4851.0
3016.0 3624.5 4233.0
3016.0 3350.5 3685.0
3050.0 3233.0 3416.0
2012.0 2215.5 2419.0
2012.0 2215.5 2419.0
2012.0 2215.5 2419.0
2012.0 2201.5 2391.0
1773.0 1892.5 2012.0
1773.0 1892.5 2012.0
1773.0 1892.5 2012.0
1773.0 1892.5 2012.0
1773.0 1892.5 2012.0
1773.0 1892.5 2012.0
1773.0 1892.5 2012.0
1773.0 1892.5 2012.0
1773.0 1892.5 2012.0
1773.0 1892.5 2012.0
1773.0 1892.5 2012.0
1773.0 1892.5 2012.0
1773.0 1892.5 2012.0
1773.0 1892.5 2012.0
1773.0 1892.5 2012.0
1773.0 1892.5 2012.0
1773.0 1892.5 2012.0
1773.0 1892.5 2012.0
1773.0 1892.5 2012.0
1773.0 1892.5 2012.0
1773.0 1892.5 2012.0
1773.0 1892.5 2012.0
1480.0 1746.0 2012.0
1085.0 1548.5 2012.0
1085.0 1548.5 2012.0
1085.0 1491.0 1897.0
1085.0 1321.5 1558.0
1085.0 1321.5 1558.0
1085.0 1321.5 1558.0
1085.0 1321.5 1558.0
1085.0 1321.5 1558.0
1085.0 1321.5 1558.0
1085.0 1321.5 1558.0
1085.0 1321.5 1558.0
1085.0 1321.5 1558.0
1085.0 1321.5 1558.0
1085.0 1321.5 1558.0
1085.0 1321.5 1558.0
1085.0 1321.5 1558.0
1085.0 1321.5 1558.0
1085.0 1321.5 1558.0
1085.0 1321.5 1558.0
1085.0 1321.5 1558.0
1085.0 1321.5 1558.0
1085.0 1321.5 1558.0
1085.0 1321.5 1558.0
1085.0 1321.5 1558.0
1085.0 1321.5 1558.0
1085.0 1321.5 1558.0
1085.0 1321.5 1558.0
1085.0 1321.5 1558.0
1085.0 1321.5 1558.0
1085.0 1321.5 1558.0
1085.0 1321.5 1558.0
1085.0 1321.5 1558.0
1085.0 1321.5 1558.0
1085.0 1321.5 1558.0
1085.0 1321.5 1558.0
1085.0 1321.5 1558.0
1085.0 1321.5 1558.0
1085.0 1321.5 1558.0
1085.0 1321.5 1558.0
1085.0 1321.5 1558.0
1085.0 1321.5 1558.0
1085.0 1321.5 1558.0
1085.0 1321.5 1558.0
1085.0 1321.5 1558.0
1085.0 1321.5 1558.0
1085.0 1321.5 1558.0
1085.0 1321.5 1558.0
1085.0 1321.5 1558.0
1085.0 1321.5 1558.0
1085.0 1321.5 1558.0
1085.0 1321.5 1558.0
1085.0 1321.5 1558.0
1085.0 1321.5 1558.0
1085.0 1321.5 1558.0
1085.0 1321.5 1558.0
1085.0 1321.5 1558.0
1085.0 1321.5 1558.0
1085.0 1321.5 1558.0
1085.0 1321.5 1558.0
1085.0 1321.5 1558.0
1085.0 1516.5 1948.0
1085.0 1516.5 1948.0
1085.0 1516.5 1948.0
1085.0 1516.5 1948.0
1085.0 1516.5 1948.0
1085.0 1516.5 1948.0
1085.0 1516.5 1948.0
1085.0 1516.5 1948.0
1085.0 1516.5 1948.0
1085.0 1516.5 1948.0
1085.0 1516.5 1948.0
1085.0 1516.5 1948.0
1085.0 1516.5 1948.0
1085.0 1516.5 1948.0
1085.0 1516.5 1948.0
1085.0 1516.5 1948.0
1085.0 1516.5 1948.0
1085.0 1516.5 1948.0
1085.0 1516.5 1948.0
1085.0 1516.5 1948.0
1085.0 1516.5 1948.0
1085.0 1516.5 1948.0
1085.0 1516.5 1948.0
1085.0 1516.5 1948.0
1085.0 1516.5 1948.0
1085.0 1516.5 1948.0
1085.0 1516.5 1948.0
1085.0 1516.5 1948.0
1085.0 1516.5 1948.0
1085.0 1516.5 1948.0
1085.0 1516.5 1948.0
1085.0 1516.5 1948.0
1085.0 1516.5 1948.0
1085.0 1516.5 1948.0
1085.0 1516.5 1948.0
1085.0 1516.5 1948.0
1085.0 1516.5 1948.0
1085.0 1516.5 1948.0
1085.0 1516.5 1948.0
1085.0 1516.5 1948.0
1085.0 1516.5 1948.0
1085.0 1516.5 1948.0
1085.0 1516.5 1948.0
1085.0 1516.5 1948.0
1085.0 1516.5 1948.0
1085.0 1516.5 1948.0
1085.0 1516.5 1948.0
1085.0 1516.5 1948.0
1085.0 1516.5 1948.0
1085.0 1516.5 1948.0
1085.0 1516.5 1948.0
1085.0 1516.5 1948.0
1085.0 1516.5 1948.0
1085.0 1516.5 1948.0
1085.0 1516.5 1948.0
1085.0 1516.5 1948.0
1085.0 1516.5 1948.0
1085.0 1516.5 1948.0
1085.0 1516.5 1948.0
1085.0 1516.5 1948.0
1085.0 1516.5 1948.0
1085.0 1516.5 1948.0
1085.0 1516.5 1948.0
1085.0 1516.5 1948.0
1085.0 1516.5 1948.0
1085.0 1516.5 1948.0
1085.0 1516.5 1948.0
1085.0 1516.5 1948.0
1085.0 1516.5 1948.0
1085.0 1516.5 1948.0
1085.0 1516.5 1948.0
1085.0 1516.5 1948.0
1085.0 1516.5 1948.0
1085.0 1516.5 1948.0
1085.0 1516.5 1948.0
1085.0 1516.5 1948.0
1085.0 1516.5 1948.0
1085.0 1516.5 1948.0
1085.0 1516.5 1948.0
1085.0 1516.5 1948.0
1085.0 1516.5 1948.0
1085.0 1516.5 1948.0
1085.0 1516.5 1948.0
1085.0 1516.5 1948.0
1085.0 1516.5 1948.0
1085.0 1516.5 1948.0
1085.0 1516.5 1948.0
1085.0 1516.5 1948.0
1085.0 1516.5 1948.0
1085.0 1516.5 1948.0
1085.0 1516.5 1948.0
1085.0 1516.5 1948.0
1085.0 1516.5 1948.0
1085.0 1516.5 1948.0
1085.0 1516.5 1948.0
1085.0 1516.5 1948.0
1085.0 1516.5 1948.0
1085.0 1516.5 1948.0
1085.0 1516.5 1948.0
1085.0 1516.5 1948.0
1085.0 1516.5 1948.0
1085.0 1516.5 1948.0
