9779.0 10451.0 11123.0
7174.0 8731.5 10289.0
4795.0 6653.5 8512.0
4557.0 5663.0 6769.0
2901.0 2912.5 2924.0
2901.0 2912.5 2924.0
2883.0 2938.0 2993.0
2399.0 2696.0 2993.0
2120.0 2336.0 2552.0
1496.0 2024.0 2552.0
1486.0 1491.0 1496.0
1180.0 1338.0 1496.0
1290.0 1393.0 1496.0
1180.0 1338.0 1496.0
1180.0 1338.0 1496.0
1180.0 1338.0 1496.0
1180.0 1338.0 1496.0
1180.0 1338.0 1496.0
1180.0 1338.0 1496.0
1180.0 1393.5 1607.0
1180.0 1393.5 1607.0
1180.0 1220.5 1261.0
1180.0 1220.5 1261.0
1180.0 1220.5 1261.0
1180.0 1220.5 1261.0
1180.0 1220.5 1261.0
1180.0 1220.5 1261.0
1180.0 1220.5 1261.0
1180.0 1220.5 1261.0
1180.0 1220.5 1261.0
1180.0 1220.5 1261.0
1180.0 1220.5 1261.0
1180.0 1220.5 1261.0
1180.0 1220.5 1261.0
1180.0 1220.5 1261.0
1180.0 1220.5 1261.0
1180.0 1220.5 1261.0
1180.0 1220.5 1261.0
1180.0 1220.5 1261.0
1180.0 1220.5 1261.0
1180.0 1220.5 1261.0
1180.0 1220.5 1261.0
1180.0 1220.5 1261.0
1180.0 1220.5 1261.0
1180.0 1220.5 1261.0
1180.0 1220.5 1261.0
1180.0 1220.5 1261.0
1180.0 1220.5 1261.0
1180.0 1220.5 1261.0
1180.0 1220.5 1261.0
1180.0 1220.5 1261.0
1180.0 1220.5 1261.0
1180.0 1220.5 1261.0
1180.0 1220.5 1261.0
1180.0 1220.5 1261.0
1180.0 1220.5 1261.0
1180.0 1220.5 1261.0
1180.0 1220.5 1261.0
1180.0 1220.5 1261.0
1180.0 1220.5 1261.0
1180.0 1220.5 1261.0
1180.0 1220.5 1261.0
1180.0 1220.5 1261.0
1180.0 1220.5 1261.0
1180.0 1220.5 1261.0
1180.0 1220.5 1261.0
1180.0 1220.5 1261.0
1180.0 1220.5 1261.0
1180.0 1220.5 1261.0
1180.0 1220.5 1261.0
1180.0 1220.5 1261.0
1180.0 1220.5 1261.0
1180.0 1220.5 1261.0
1180.0 1220.5 1261.0
1180.0 1220.5 1261.0
1180.0 1220.5 1261.0
1180.0 1220.5 1261.0
1180.0 1220.5 1261.0
1180.0 1220.5 1261.0
1180.0 1220.5 1261.0
1180.0 1220.5 1261.0
1180.0 1220.5 1261.0
1180.0 1220.5 1261.0
1180.0 1220.5 1261.0
1180.0 1220.5 1261.0
1180.0 1220.5 1261.0
1180.0 1220.5 1261.0
1180.0 1220.5 1261.0
1180.0 1220.5 1261.0
1180.0 1220.5 1261.0
1180.0 1220.5 1261.0
1180.0 1220.5 1261.0
1180.0 1220.5 1261.0
1180.0 1220.5 1261.0
1180.0 1220.5 1261.0
1180.0 1220.5 1261.0
1180.0 1220.5 1261.0
1180.0 1220.5 1261.0
1180.0 1220.5 1261.0
1180.0 1220.5 1261.0
1180.0 1220.5 1261.0
1180.0 1220.5 1261.0
1180.0 1220.5 1261.0
1180.0 1220.5 1261.0
1180.0 1288.5 1397.0
1180.0 1288.5 1397.0
1180.0 1288.5 1397.0
1180.0 1288.5 1397.0
1180.0 1288.5 1397.0
1180.0 1288.5 1397.0
1180.0 1288.5 1397.0
1180.0 1288.5 1397.0
1180.0 1288.5 1397.0
1180.0 1288.5 1397.0
1180.0 1288.5 1397.0
1180.0 1288.5 1397.0
1180.0 1288.5 1397.0
1180.0 1288.5 1397.0
1180.0 1288.5 1397.0
1180.0 1288.5 1397.0
1180.0 1288.5 1397.0
1180.0 1288.5 1397.0
1180.0 1288.5 1397.0
1180.0 1288.5 1397.0
1180.0 1288.5 1397.0
1180.0 1288.5 1397.0
1180.0 1288.5 1397.0
1180.0 1288.5 1397.0
1180.0 1288.5 1397.0
1180.0 1288.5 1397.0
1180.0 1288.5 1397.0
1180.0 1288.5 1397.0
1180.0 1288.5 1397.0
1180.0 1288.5 1397.0
1180.0 1288.5 1397.0
1180.0 1288.5 1397.0
1180.0 1288.5 1397.0
1180.0 1288.5 1397.0
1180.0 1288.5 1397.0
1180.0 1288.5 1397.0
1180.0 1288.5 1397.0
1180.0 1288.5 1397.0
1180.0 1288.5 1397.0
1180.0 1288.5 1397.0
1180.0 1288.5 1397.0
1180.0 1288.5 1397.0
1180.0 1288.5 1397.0
1180.0 1288.5 1397.0
1180.0 1288.5 1397.0
1180.0 1288.5 1397.0
1180.0 1288.5 1397.0
1180.0 1288.5 1397.0
1180.0 1288.5 1397.0
1180.0 1288.5 1397.0
1180.0 1288.5 1397.0
1180.0 1288.5 1397.0
1180.0 1288.5 1397.0
1180.0 1288.5 1397.0
1180.0 1288.5 1397.0
1180.0 1288.5 1397.0
1180.0 1288.5 1397.0
1180.0 1288.5 1397.0
1180.0 1288.5 1397.0
1180.0 1288.5 1397.0
1180.0 1288.5 1397.0
1180.0 1288.5 1397.0
1180.0 1288.5 1397.0
1180.0 1288.5 1397.0
1180.0 1288.5 1397.0
1180.0 1288.5 1397.0
1180.0 1288.5 1397.0
1093.0 1245.0 1397.0
1093.0 1245.0 1397.0
1093.0 1245.0 1397.0
1093.0 1245.0 1397.0
1093.0 1245.0 1397.0
1093.0 1245.0 1397.0
1093.0 1245.0 1397.0
1093.0 1245.0 1397.0
1093.0 1245.0 1397.0
1093.0 1245.0 1397.0
1093.0 1245.0 1397.0
1093.0 1245.0 1397.0
1093.0 1245.0 1397.0
1093.0 1245.0 1397.0
1093.0 1245.0 1397.0
863.0 978.0 1093.0
863.0 978.0 1093.0
863.0 978.0 1093.0
863.0 978.0 1093.0
863.0 978.0 1093.0
863.0 978.0 1093.0
863.0 978.0 1093.0
863.0 978.0 1093.0
863.0 978.0 1093.0
863.0 978.0 1093.0
863.0 978.0 1093.0
863.0 978.0 1093.0
863.0 978.0 1093.0
863.0 978.0 1093.0
