13327.0 16559.0 19791.0
14287.0 15117.0 15947.0
12168.0 12937.5 13707.0
9790.0 9869.5 9949.0
8263.0 9726.0 11189.0
7095.0 8026.0 8957.0
5693.0 6146.0 6599.0
4025.0 4977.5 5930.0
3681.0 4633.5 5586.0
3576.0 3677.0 3778.0
2253.0 2914.5 3576.0
2253.0 2706.0 3159.0
1920.0 2444.5 2969.0
2310.0 2639.5 2969.0
1634.0 2301.5 2969.0
1634.0 2301.5 2969.0
1634.0 2301.5 2969.0
1634.0 2301.5 2969.0
1634.0 2125.0 2616.0
1634.0 2077.5 2521.0
1634.0 2077.5 2521.0
1634.0 2077.5 2521.0
1634.0 2077.5 2521.0
1634.0 2077.5 2521.0
1634.0 2077.5 2521.0
1634.0 2077.5 2521.0
1634.0 2077.5 2521.0
1634.0 2077.5 2521.0
1634.0 2077.5 2521.0
1634.0 2077.5 2521.0
1634.0 2077.5 2521.0
1634.0 2077.5 2521.0
1634.0 2077.5 2521.0
1634.0 2077.5 2521.0
1634.0 2077.5 2521.0
1634.0 2077.5 2521.0
1634.0 2077.5 2521.0
1634.0 2077.5 2521.0
1634.0 2077.5 2521.0
1634.0 2077.5 2521.0
1634.0 2077.5 2521.0
1634.0 2077.5 2521.0
1634.0 2077.5 2521.0
1634.0 2077.5 2521.0
1634.0 2077.5 2521.0
1634.0 2077.5 2521.0
1634.0 2077.5 2521.0
1634.0 2077.5 2521.0
1634.0 2077.5 2521.0
1634.0 2077.5 2521.0
1634.0 2077.5 2521.0
1634.0 2077.5 2521.0
1634.0 2077.5 2521.0
1634.0 2077.5 2521.0
1634.0 2077.5 2521.0
1634.0 2077.5 2521.0
1634.0 1729.0 1824.0
1634.0 1729.0 1824.0
1634.0 1729.0 1824.0
1634.0 1729.0 1824.0
1634.0 1729.0 1824.0
1634.0 1729.0 1824.0
1634.0 1729.0 1824.0
1634.0 1729.0 1824.0
1634.0 1729.0 1824.0
1634.0 1729.0 1824.0
1634.0 1913.0 2192.0
1634.0 1729.0 1824.0
1634.0 1935.0 2236.0
1634.0 1935.0 2236.0
1634.0 1935.0 2236.0
1634.0 1935.0 2236.0
1634.0 1935.0 2236.0
1634.0 1935.0 2236.0
1634.0 1935.0 2236.0
1634.0 1935.0 2236.0
1634.0 1935.0 2236.0
1634.0 1935.0 2236.0
1634.0 1935.0 2236.0
1634.0 1935.0 2236.0
1634.0 1935.0 2236.0
1634.0 1935.0 2236.0
1634.0 1714.0 1794.0
1634.0 1714.0 1794.0
1634.0 1714.0 1794.0
1634.0 1714.0 1794.0
1634.0 1714.0 1794.0
1634.0 1714.0 1794.0
1634.0 1714.0 1794.0
1634.0 1714.0 1794.0
1634.0 1714.0 1794.0
1634.0 1714.0 1794.0
1634.0 1714.0 1794.0
1634.0 1714.0 1794.0
1634.0 1714.0 1794.0
1634.0 1714.0 1794.0
1634.0 1714.0 1794.0
1634.0 1714.0 1794.0
1634.0 1714.0 1794.0
1634.0 1714.0 1794.0
1634.0 1714.0 1794.0
1634.0 1714.0 1794.0
1634.0 1714.0 1794.0
1634.0 1714.0 1794.0
1634.0 1714.0 1794.0
1634.0 1714.0 1794.0
1634.0 1714.0 1794.0
1634.0 1714.0 1794.0
1634.0 1714.0 1794.0
1634.0 1714.0 1794.0
1634.0 1714.0 1794.0
1634.0 1714.0 1794.0
1634.0 1714.0 1794.0
1634.0 1714.0 1794.0
1634.0 1714.0 1794.0
1634.0 1714.0 1794.0
1634.0 1714.0 1794.0
1634.0 1714.0 1794.0
1634.0 1714.0 1794.0
1634.0 1714.0 1794.0
1634.0 1714.0 1794.0
1634.0 1714.0 1794.0
1634.0 1714.0 1794.0
1634.0 1714.0 1794.0
1634.0 1714.0 1794.0
1634.0 1714.0 1794.0
1634.0 1714.0 1794.0
1634.0 1714.0 1794.0
1634.0 1714.0 1794.0
1634.0 1714.0 1794.0
1634.0 1714.0 1794.0
1634.0 1714.0 1794.0
1634.0 1714.0 1794.0
1634.0 1714.0 1794.0
1634.0 1714.0 1794.0
1634.0 1714.0 1794.0
1634.0 1714.0 1794.0
1634.0 1714.0 1794.0
1634.0 1714.0 1794.0
1634.0 1714.0 1794.0
1634.0 1714.0 1794.0
1634.0 1714.0 1794.0
1634.0 1714.0 1794.0
1634.0 1714.0 1794.0
1634.0 1714.0 1794.0
1634.0 1714.0 1794.0
1634.0 1714.0 1794.0
1634.0 1714.0 1794.0
1634.0 1714.0 1794.0
1634.0 1714.0 1794.0
1634.0 1714.0 1794.0
1634.0 1714.0 1794.0
1634.0 1714.0 1794.0
1634.0 1714.0 1794.0
1634.0 1714.0 1794.0
1634.0 1714.0 1794.0
1634.0 1714.0 1794.0
1634.0 1714.0 1794.0
1634.0 1714.0 1794.0
1634.0 1714.0 1794.0
1634.0 1714.0 1794.0
1634.0 1714.0 1794.0
1634.0 1714.0 1794.0
1634.0 1714.0 1794.0
1634.0 1714.0 1794.0
1634.0 1714.0 1794.0
1634.0 1714.0 1794.0
1634.0 1714.0 1794.0
1634.0 1714.0 1794.0
1634.0 1714.0 1794.0
1634.0 1714.0 1794.0
1634.0 1714.0 1794.0
1634.0 1714.0 1794.0
1634.0 1714.0 1794.0
1634.0 1714.0 1794.0
1634.0 1714.0 1794.0
1634.0 1714.0 1794.0
1634.0 1714.0 1794.0
1634.0 1714.0 1794.0
1634.0 1714.0 1794.0
1634.0 1714.0 1794.0
1634.0 1714.0 1794.0
1634.0 1714.0 1794.0
1634.0 1714.0 1794.0
1634.0 1714.0 1794.0
1634.0 1714.0 1794.0
1634.0 1714.0 1794.0
1634.0 1714.0 1794.0
1634.0 1714.0 1794.0
1634.0 1714.0 1794.0
1634.0 1714.0 1794.0
1634.0 1714.0 1794.0
1634.0 1714.0 1794.0
1634.0 1714.0 1794.0
1634.0 1714.0 1794.0
1634.0 1714.0 1794.0
1634.0 1714.0 1794.0
1634.0 1714.0 1794.0
1634.0 1714.0 1794.0
1634.0 1714.0 1794.0
