14250.0 14567.5 14885.0
11959.0 13007.0 14055.0
10254.0 10269.5 10285.0
6879.0 8432.5 9986.0
6367.0 7454.0 8541.0
5844.0 6105.5 6367.0
4388.0 4434.0 4480.0
2812.0 3089.0 3366.0
2398.0 3479.5 4561.0
1703.0 2050.5 2398.0
1703.0 2050.5 2398.0
1703.0 2050.5 2398.0
1703.0 2157.0 2611.0
1703.0 2157.0 2611.0
1703.0 2157.0 2611.0
1703.0 2157.0 2611.0
1703.0 2157.0 2611.0
1703.0 2157.0 2611.0
1703.0 2157.0 2611.0
1703.0 2157.0 2611.0
1703.0 2157.0 2611.0
1703.0 2157.0 2611.0
1703.0 2157.0 2611.0
1703.0 2157.0 2611.0
1703.0 1936.5 2170.0
1703.0 1989.0 2275.0
1703.0 1898.0 2093.0
1703.0 1898.0 2093.0
1703.0 1898.0 2093.0
1703.0 1898.0 2093.0
1703.0 1898.0 2093.0
2081.0 2087.0 2093.0
2081.0 2087.0 2093.0
2081.0 2087.0 2093.0
2081.0 2087.0 2093.0
2081.0 2087.0 2093.0
2081.0 2087.0 2093.0
2081.0 2087.0 2093.0
2081.0 2087.0 2093.0
2081.0 2087.0 2093.0
2081.0 2087.0 2093.0
2081.0 2087.0 2093.0
2081.0 2087.0 2093.0
1799.0 1946.0 2093.0
1184.0 1638.5 2093.0
1184.0 1638.5 2093.0
1184.0 1638.5 2093.0
1184.0 1638.5 2093.0
1184.0 1638.5 2093.0
1184.0 1638.5 2093.0
1184.0 1638.5 2093.0
1184.0 1638.5 2093.0
1184.0 1638.5 2093.0
1184.0 1638.5 2093.0
1184.0 1638.5 2093.0
1184.0 1638.5 2093.0
1184.0 1638.5 2093.0
1184.0 1638.5 2093.0
1184.0 1560.0 1936.0
1184.0 1495.5 1807.0
1184.0 1495.5 1807.0
1184.0 1495.5 1807.0
1184.0 1495.5 1807.0
1184.0 1495.5 1807.0
1184.0 1495.5 1807.0
1184.0 1495.5 1807.0
1184.0 1495.5 1807.0
1184.0 1495.5 1807.0
1184.0 1495.5 1807.0
1184.0 1495.5 1807.0
1184.0 1495.5 1807.0
1184.0 1495.5 1807.0
1184.0 1495.5 1807.0
1184.0 1495.5 1807.0
1184.0 1495.5 1807.0
1184.0 1495.5 1807.0
1184.0 1495.5 1807.0
1184.0 1495.5 1807.0
1184.0 1495.5 1807.0
1184.0 1495.5 1807.0
1184.0 1495.5 1807.0
1184.0 1495.5 1807.0
1184.0 1495.5 1807.0
1184.0 1495.5 1807.0
1184.0 1495.5 1807.0
1184.0 1495.5 1807.0
1184.0 1495.5 1807.0
1184.0 1495.5 1807.0
1184.0 1495.5 1807.0
1184.0 1495.5 1807.0
1184.0 1495.5 1807.0
1184.0 1495.5 1807.0
1184.0 1495.5 1807.0
1184.0 1495.5 1807.0
1184.0 1495.5 1807.0
1184.0 1495.5 1807.0
1184.0 1495.5 1807.0
1184.0 1495.5 1807.0
1184.0 1495.5 1807.0
1184.0 1495.5 1807.0
1184.0 1495.5 1807.0
1184.0 1495.5 1807.0
1184.0 1495.5 1807.0
1184.0 1495.5 1807.0
1184.0 1495.5 1807.0
1184.0 1495.5 1807.0
1184.0 1495.5 1807.0
1184.0 1495.5 1807.0
1184.0 1495.5 1807.0
1184.0 1495.5 1807.0
1184.0 1495.5 1807.0
1184.0 1495.5 1807.0
1184.0 1495.5 1807.0
1184.0 1495.5 1807.0
1184.0 1495.5 1807.0
1184.0 1495.5 1807.0
1184.0 1495.5 1807.0
1184.0 1495.5 1807.0
1184.0 1495.5 1807.0
1184.0 1495.5 1807.0
1184.0 1495.5 1807.0
1184.0 1495.5 1807.0
1184.0 1495.5 1807.0
1184.0 1495.5 1807.0
1184.0 1495.5 1807.0
1184.0 1495.5 1807.0
1184.0 1495.5 1807.0
1184.0 1495.5 1807.0
1184.0 1495.5 1807.0
1184.0 1495.5 1807.0
1184.0 1495.5 1807.0
1184.0 1495.5 1807.0
1184.0 1495.5 1807.0
1184.0 1495.5 1807.0
1184.0 1495.5 1807.0
1184.0 1495.5 1807.0
1184.0 1495.5 1807.0
1184.0 1495.5 1807.0
1184.0 1495.5 1807.0
1184.0 1495.5 1807.0
1184.0 1495.5 1807.0
1184.0 1495.5 1807.0
1184.0 1495.5 1807.0
1184.0 1495.5 1807.0
1184.0 1495.5 1807.0
1184.0 1495.5 1807.0
1184.0 1495.5 1807.0
1184.0 1495.5 1807.0
1184.0 1495.5 1807.0
1184.0 1495.5 1807.0
1184.0 1495.5 1807.0
1184.0 1495.5 1807.0
1184.0 1495.5 1807.0
1184.0 1495.5 1807.0
1184.0 1495.5 1807.0
1184.0 1495.5 1807.0
1184.0 1495.5 1807.0
1184.0 1495.5 1807.0
1184.0 1495.5 1807.0
1184.0 1495.5 1807.0
1184.0 1495.5 1807.0
1184.0 1495.5 1807.0
1184.0 1495.5 1807.0
1184.0 1495.5 1807.0
1184.0 1495.5 1807.0
1184.0 1495.5 1807.0
1184.0 1495.5 1807.0
1184.0 1495.5 1807.0
1184.0 1495.5 1807.0
1184.0 1495.5 1807.0
1184.0 1495.5 1807.0
1184.0 1495.5 1807.0
1184.0 1495.5 1807.0
1184.0 1495.5 1807.0
1184.0 1495.5 1807.0
1184.0 1495.5 1807.0
1184.0 1495.5 1807.0
1184.0 1495.5 1807.0
1184.0 1495.5 1807.0
1184.0 1495.5 1807.0
1184.0 1495.5 1807.0
1184.0 1495.5 1807.0
1184.0 1495.5 1807.0
1184.0 1495.5 1807.0
1184.0 1495.5 1807.0
1184.0 1495.5 1807.0
1184.0 1495.5 1807.0
1184.0 1495.5 1807.0
1184.0 1495.5 1807.0
1184.0 1495.5 1807.0
1184.0 1495.5 1807.0
1184.0 1495.5 1807.0
1184.0 1495.5 1807.0
1184.0 1495.5 1807.0
1184.0 1495.5 1807.0
1184.0 1495.5 1807.0
1184.0 1495.5 1807.0
1184.0 1495.5 1807.0
1184.0 1495.5 1807.0
1184.0 1495.5 1807.0
