11934.0 12843.5 13753.0
9089.0 10257.0 11425.0
7684.0 8139.0 8594.0
6596.0 6975.5 7355.0
4294.0 4542.0 4790.0
3433.0 3931.5 4430.0
3433.0 3506.5 3580.0
2384.0 2425.0 2466.0
2289.0 2362.0 2435.0
1737.0 1803.5 1870.0
1737.0 1803.5 1870.0
1216.0 1363.0 1510.0
1216.0 1574.5 1933.0
1216.0 1463.0 1710.0
1216.0 1237.0 1258.0
1216.0 1216.5 1217.0
1214.0 1215.0 1216.0
1216.0 1216.5 1217.0
1183.0 1200.0 1217.0
1183.0 1200.0 1217.0
1183.0 1200.0 1217.0
1183.0 1200.0 1217.0
1183.0 1200.0 1217.0
1183.0 1200.0 1217.0
1183.0 1200.0 1217.0
1183.0 1200.0 1217.0
1183.0 1200.0 1217.0
1183.0 1200.0 1217.0
1183.0 1200.0 1217.0
1183.0 1200.0 1217.0
1183.0 1200.0 1217.0
1183.0 1200.0 1217.0
1183.0 1200.0 1217.0
1183.0 1200.0 1217.0
1183.0 1200.0 1217.0
1183.0 1200.0 1217.0
1183.0 1200.0 1217.0
1183.0 1200.0 1217.0
1183.0 1200.0 1217.0
1183.0 1200.0 1217.0
1183.0 1200.0 1217.0
1183.0 1200.0 1217.0
1183.0 1200.0 1217.0
1183.0 1200.0 1217.0
1183.0 1200.0 1217.0
1183.0 1200.0 1217.0
1183.0 1200.0 1217.0
1183.0 1200.0 1217.0
1183.0 1200.0 1217.0
1183.0 1200.0 1217.0
1183.0 1200.0 1217.0
1183.0 1200.0 1217.0
1183.0 1200.0 1217.0
1183.0 1200.0 1217.0
1183.0 1200.0 1217.0
1183.0 1200.0 1217.0
1183.0 1200.0 1217.0
1183.0 1200.0 1217.0
1183.0 1200.0 1217.0
1183.0 1200.0 1217.0
1183.0 1200.0 1217.0
1177.0 1180.0 1183.0
1177.0 1180.0 1183.0
1183.0 1187.5 1192.0
1089.0 1136.0 1183.0
903.0 1043.0 1183.0
903.0 1043.0 1183.0
845.0 1014.0 1183.0
845.0 1014.0 1183.0
845.0 1014.0 1183.0
845.0 1014.0 1183.0
845.0 1014.0 1183.0
845.0 1014.0 1183.0
845.0 1014.0 1183.0
845.0 1014.0 1183.0
845.0 1014.0 1183.0
845.0 1014.0 1183.0
845.0 1014.0 1183.0
845.0 1014.0 1183.0
845.0 1014.0 1183.0
845.0 1014.0 1183.0
845.0 1014.0 1183.0
845.0 1014.0 1183.0
845.0 1014.0 1183.0
845.0 1014.0 1183.0
845.0 1014.0 1183.0
845.0 1014.0 1183.0
845.0 1014.0 1183.0
845.0 1014.0 1183.0
845.0 1014.0 1183.0
845.0 1014.0 1183.0
845.0 1014.0 1183.0
845.0 1014.0 1183.0
845.0 1014.0 1183.0
845.0 1014.0 1183.0
845.0 1014.0 1183.0
845.0 1014.0 1183.0
845.0 1014.0 1183.0
845.0 1014.0 1183.0
845.0 1014.0 1183.0
845.0 1014.0 1183.0
845.0 1014.0 1183.0
845.0 1014.0 1183.0
845.0 1014.0 1183.0
845.0 1014.0 1183.0
845.0 1014.0 1183.0
845.0 1014.0 1183.0
845.0 1014.0 1183.0
845.0 1014.0 1183.0
845.0 1014.0 1183.0
845.0 1014.0 1183.0
845.0 1014.0 1183.0
845.0 1014.0 1183.0
845.0 1014.0 1183.0
845.0 1014.0 1183.0
845.0 1014.0 1183.0
845.0 1014.0 1183.0
845.0 1014.0 1183.0
845.0 1014.0 1183.0
845.0 1014.0 1183.0
845.0 1014.0 1183.0
845.0 1014.0 1183.0
845.0 1014.0 1183.0
845.0 1014.0 1183.0
845.0 1014.0 1183.0
845.0 1014.0 1183.0
845.0 1014.0 1183.0
845.0 1014.0 1183.0
845.0 1014.0 1183.0
845.0 1014.0 1183.0
845.0 1014.0 1183.0
845.0 1014.0 1183.0
845.0 1014.0 1183.0
845.0 1014.0 1183.0
845.0 1014.0 1183.0
845.0 1014.0 1183.0
845.0 1014.0 1183.0
845.0 1014.0 1183.0
845.0 1014.0 1183.0
845.0 1014.0 1183.0
845.0 1014.0 1183.0
845.0 1014.0 1183.0
845.0 1014.0 1183.0
845.0 1014.0 1183.0
845.0 1014.0 1183.0
845.0 1014.0 1183.0
845.0 1014.0 1183.0
845.0 1014.0 1183.0
845.0 1014.0 1183.0
845.0 1014.0 1183.0
845.0 1014.0 1183.0
845.0 1014.0 1183.0
845.0 1014.0 1183.0
845.0 1014.0 1183.0
845.0 1014.0 1183.0
845.0 1014.0 1183.0
845.0 1014.0 1183.0
845.0 1014.0 1183.0
845.0 1014.0 1183.0
845.0 1014.0 1183.0
845.0 1014.0 1183.0
845.0 1014.0 1183.0
845.0 1014.0 1183.0
845.0 1014.0 1183.0
845.0 1014.0 1183.0
845.0 1014.0 1183.0
845.0 1014.0 1183.0
845.0 1014.0 1183.0
845.0 1014.0 1183.0
845.0 1014.0 1183.0
845.0 1014.0 1183.0
845.0 1014.0 1183.0
845.0 1014.0 1183.0
845.0 1014.0 1183.0
845.0 1014.0 1183.0
845.0 1014.0 1183.0
845.0 1014.0 1183.0
845.0 1014.0 1183.0
845.0 1014.0 1183.0
845.0 1014.0 1183.0
845.0 1014.0 1183.0
845.0 1014.0 1183.0
845.0 1014.0 1183.0
845.0 1014.0 1183.0
845.0 1014.0 1183.0
845.0 1014.0 1183.0
845.0 1014.0 1183.0
845.0 1014.0 1183.0
845.0 1014.0 1183.0
845.0 1014.0 1183.0
845.0 1014.0 1183.0
845.0 1014.0 1183.0
845.0 1014.0 1183.0
845.0 1014.0 1183.0
845.0 1014.0 1183.0
845.0 1014.0 1183.0
845.0 1014.0 1183.0
845.0 1014.0 1183.0
845.0 1014.0 1183.0
845.0 1014.0 1183.0
