11205.0 12267.0 13329.0
6328.0 9022.0 11716.0
4928.0 6594.0 8260.0
4928.0 6371.0 7814.0
4650.0 4699.5 4749.0
4036.0 4401.5 4767.0
4036.0 4134.5 4233.0
2302.0 3117.0 3932.0
2389.0 2471.5 2554.0
1934.0 2161.5 2389.0
1714.0 2046.0 2378.0
1714.0 2046.0 2378.0
1714.0 2046.0 2378.0
1714.0 2046.0 2378.0
1714.0 2046.0 2378.0
1714.0 1743.0 1772.0
1482.0 1598.0 1714.0
830.0 1272.0 1714.0
830.0 1272.0 1714.0
830.0 1272.0 1714.0
830.0 1272.0 1714.0
830.0 1272.0 1714.0
830.0 1272.0 1714.0
830.0 1272.0 1714.0
830.0 1272.0 1714.0
830.0 1272.0 1714.0
830.0 1272.0 1714.0
830.0 1272.0 1714.0
830.0 1272.0 1714.0
830.0 1272.0 1714.0
830.0 1272.0 1714.0
830.0 1272.0 1714.0
830.0 1272.0 1714.0
830.0 1272.0 1714.0
830.0 1272.0 1714.0
830.0 1272.0 1714.0
830.0 1272.0 1714.0
830.0 1272.0 1714.0
830.0 1272.0 1714.0
830.0 1272.0 1714.0
830.0 1272.0 1714.0
830.0 1272.0 1714.0
830.0 1272.0 1714.0
830.0 1238.5 1647.0
830.0 1238.5 1647.0
830.0 1238.5 1647.0
830.0 1238.5 1647.0
830.0 1238.5 1647.0
830.0 1238.5 1647.0
830.0 1238.5 1647.0
830.0 1238.5 1647.0
830.0 1238.5 1647.0
830.0 1238.5 1647.0
830.0 1238.5 1647.0
830.0 1238.5 1647.0
830.0 878.5 927.0
830.0 878.5 927.0
830.0 878.5 927.0
830.0 878.5 927.0
830.0 878.5 927.0
830.0 878.5 927.0
830.0 878.5 927.0
830.0 878.5 927.0
830.0 878.5 927.0
830.0 878.5 927.0
830.0 878.5 927.0
830.0 878.5 927.0
830.0 878.5 927.0
830.0 878.5 927.0
830.0 878.5 927.0
830.0 878.5 927.0
830.0 878.5 927.0
830.0 878.5 927.0
830.0 878.5 927.0
830.0 878.5 927.0
830.0 878.5 927.0
830.0 878.5 927.0
830.0 878.5 927.0
830.0 878.5 927.0
830.0 878.5 927.0
830.0 878.5 927.0
830.0 878.5 927.0
830.0 878.5 927.0
830.0 878.5 927.0
830.0 878.5 927.0
830.0 878.5 927.0
830.0 878.5 927.0
830.0 878.5 927.0
830.0 878.5 927.0
830.0 878.5 927.0
830.0 878.5 927.0
830.0 878.5 927.0
830.0 878.5 927.0
830.0 878.5 927.0
830.0 878.5 927.0
830.0 878.5 927.0
830.0 878.5 927.0
830.0 878.5 927.0
830.0 878.5 927.0
830.0 878.5 927.0
830.0 878.5 927.0
830.0 878.5 927.0
830.0 878.5 927.0
830.0 878.5 927.0
830.0 878.5 927.0
830.0 878.5 927.0
830.0 878.5 927.0
830.0 878.5 927.0
830.0 878.5 927.0
830.0 878.5 927.0
830.0 878.5 927.0
830.0 878.5 927.0
830.0 878.5 927.0
830.0 878.5 927.0
830.0 878.5 927.0
830.0 878.5 927.0
830.0 878.5 927.0
830.0 878.5 927.0
830.0 878.5 927.0
830.0 878.5 927.0
830.0 878.5 927.0
830.0 878.5 927.0
830.0 878.5 927.0
830.0 878.5 927.0
830.0 878.5 927.0
830.0 878.5 927.0
830.0 878.5 927.0
830.0 878.5 927.0
830.0 878.5 927.0
830.0 878.5 927.0
830.0 878.5 927.0
830.0 878.5 927.0
830.0 878.5 927.0
830.0 878.5 927.0
830.0 878.5 927.0
830.0 878.5 927.0
830.0 878.5 927.0
830.0 878.5 927.0
830.0 878.5 927.0
830.0 878.5 927.0
830.0 878.5 927.0
830.0 878.5 927.0
830.0 878.5 927.0
830.0 878.5 927.0
830.0 878.5 927.0
830.0 878.5 927.0
830.0 878.5 927.0
830.0 878.5 927.0
830.0 878.5 927.0
830.0 878.5 927.0
830.0 878.5 927.0
830.0 878.5 927.0
830.0 878.5 927.0
830.0 878.5 927.0
830.0 878.5 927.0
830.0 878.5 927.0
830.0 878.5 927.0
830.0 878.5 927.0
830.0 878.5 927.0
830.0 878.5 927.0
830.0 878.5 927.0
830.0 878.5 927.0
830.0 878.5 927.0
830.0 878.5 927.0
830.0 878.5 927.0
830.0 878.5 927.0
830.0 878.5 927.0
830.0 878.5 927.0
830.0 878.5 927.0
830.0 878.5 927.0
830.0 878.5 927.0
830.0 878.5 927.0
830.0 878.5 927.0
830.0 878.5 927.0
830.0 878.5 927.0
830.0 878.5 927.0
830.0 878.5 927.0
830.0 878.5 927.0
830.0 878.5 927.0
830.0 878.5 927.0
830.0 878.5 927.0
830.0 878.5 927.0
830.0 878.5 927.0
830.0 878.5 927.0
830.0 878.5 927.0
830.0 878.5 927.0
830.0 878.5 927.0
830.0 878.5 927.0
830.0 878.5 927.0
830.0 878.5 927.0
830.0 878.5 927.0
830.0 878.5 927.0
830.0 878.5 927.0
830.0 878.5 927.0
830.0 878.5 927.0
830.0 878.5 927.0
830.0 878.5 927.0
830.0 878.5 927.0
830.0 878.5 927.0
830.0 878.5 927.0
