14601.0 16145.0 17689.0
12140.0 13187.5 14235.0
9550.0 10046.5 10543.0
7612.0 8038.0 8464.0
7087.0 7755.0 8423.0
6350.0 6785.5 7221.0
6008.0 6179.0 6350.0
4010.0 5009.0 6008.0
3529.0 4258.0 4987.0
3245.0 3387.0 3529.0
3130.0 3187.5 3245.0
3096.0 3170.5 3245.0
3096.0 3170.5 3245.0
2673.0 2696.5 2720.0
2163.0 2225.0 2287.0
2163.0 2225.0 2287.0
2163.0 2225.0 2287.0
2163.0 2225.0 2287.0
2163.0 2225.0 2287.0
2163.0 2225.0 2287.0
2163.0 2225.0 2287.0
2163.0 2225.0 2287.0
2163.0 2225.0 2287.0
2163.0 2225.0 2287.0
2163.0 2225.0 2287.0
2163.0 2225.0 2287.0
2163.0 2225.0 2287.0
2163.0 2225.0 2287.0
2163.0 2225.0 2287.0
2163.0 2225.0 2287.0
2163.0 2225.0 2287.0
2163.0 2225.0 2287.0
2163.0 2225.0 2287.0
2163.0 2225.0 2287.0
2163.0 2225.0 2287.0
2163.0 2225.0 2287.0
2163.0 2225.0 2287.0
2163.0 2225.0 2287.0
2163.0 2225.0 2287.0
2163.0 2225.0 2287.0
2163.0 2225.0 2287.0
2163.0 2225.0 2287.0
1975.0 2131.0 2287.0
1975.0 2131.0 2287.0
1975.0 2131.0 2287.0
1975.0 2131.0 2287.0
1975.0 2131.0 2287.0
1975.0 2131.0 2287.0
1975.0 2131.0 2287.0
1975.0 2131.0 2287.0
1975.0 2131.0 2287.0
1975.0 2131.0 2287.0
1975.0 2131.0 2287.0
1975.0 2131.0 2287.0
1975.0 2131.0 2287.0
1975.0 2131.0 2287.0
1975.0 2131.0 2287.0
1975.0 2131.0 2287.0
1975.0 2131.0 2287.0
1835.0 1905.0 1975.0
1975.0 2077.0 2179.0
1975.0 2077.0 2179.0
1975.0 2077.0 2179.0
1975.0 2077.0 2179.0
1975.0 2077.0 2179.0
1975.0 2077.0 2179.0
1975.0 2077.0 2179.0
1975.0 2077.0 2179.0
1975.0 2077.0 2179.0
1975.0 2077.0 2179.0
1975.0 2077.0 2179.0
1975.0 2077.0 2179.0
1975.0 2077.0 2179.0
1975.0 2077.0 2179.0
1975.0 2077.0 2179.0
1975.0 2077.0 2179.0
1975.0 2077.0 2179.0
1975.0 2077.0 2179.0
1975.0 2077.0 2179.0
1975.0 2077.0 2179.0
1975.0 2077.0 2179.0
1975.0 2077.0 2179.0
1975.0 2077.0 2179.0
1975.0 2077.0 2179.0
1975.0 2077.0 2179.0
1975.0 2077.0 2179.0
1975.0 2077.0 2179.0
1975.0 2077.0 2179.0
1975.0 2077.0 2179.0
1975.0 2077.0 2179.0
1975.0 2077.0 2179.0
1975.0 2077.0 2179.0
1935.0 1955.0 1975.0
1935.0 1955.0 1975.0
1935.0 1955.0 1975.0
1935.0 1955.0 1975.0
1935.0 1955.0 1975.0
1935.0 1955.0 1975.0
1240.0 1607.5 1975.0
1240.0 1607.5 1975.0
1240.0 1607.5 1975.0
1240.0 1607.5 1975.0
1240.0 1607.5 1975.0
1240.0 1607.5 1975.0
1240.0 1607.5 1975.0
1240.0 1607.5 1975.0
1240.0 1607.5 1975.0
1240.0 1607.5 1975.0
1240.0 1607.5 1975.0
1240.0 1607.5 1975.0
1240.0 1607.5 1975.0
1240.0 1607.5 1975.0
1240.0 1607.5 1975.0
1240.0 1607.5 1975.0
1240.0 1607.5 1975.0
1240.0 1607.5 1975.0
1240.0 1607.5 1975.0
1240.0 1607.5 1975.0
1240.0 1607.5 1975.0
1240.0 1607.5 1975.0
1240.0 1607.5 1975.0
1240.0 1607.5 1975.0
1240.0 1607.5 1975.0
1240.0 1607.5 1975.0
1240.0 1607.5 1975.0
1240.0 1607.5 1975.0
1240.0 1694.5 2149.0
1240.0 1391.5 1543.0
1240.0 1391.5 1543.0
1240.0 1391.5 1543.0
1240.0 1391.5 1543.0
1240.0 1391.5 1543.0
1240.0 1391.5 1543.0
1240.0 1391.5 1543.0
1240.0 1391.5 1543.0
1240.0 1391.5 1543.0
1240.0 1391.5 1543.0
1240.0 1391.5 1543.0
1240.0 1391.5 1543.0
1240.0 1391.5 1543.0
1240.0 1391.5 1543.0
1240.0 1391.5 1543.0
1240.0 1391.5 1543.0
1240.0 1391.5 1543.0
1240.0 1391.5 1543.0
1240.0 1391.5 1543.0
1240.0 1391.5 1543.0
1240.0 1391.5 1543.0
1240.0 1391.5 1543.0
1240.0 1391.5 1543.0
1240.0 1391.5 1543.0
1240.0 1391.5 1543.0
1240.0 1391.5 1543.0
1240.0 1391.5 1543.0
1240.0 1391.5 1543.0
1240.0 1391.5 1543.0
1240.0 1391.5 1543.0
1240.0 1391.5 1543.0
1240.0 1391.5 1543.0
1240.0 1391.5 1543.0
1240.0 1391.5 1543.0
1240.0 1391.5 1543.0
1240.0 1391.5 1543.0
1240.0 1391.5 1543.0
1240.0 1391.5 1543.0
1240.0 1391.5 1543.0
1240.0 1391.5 1543.0
1240.0 1391.5 1543.0
1240.0 1391.5 1543.0
1240.0 1391.5 1543.0
1240.0 1391.5 1543.0
1240.0 1391.5 1543.0
1240.0 1391.5 1543.0
1240.0 1391.5 1543.0
1240.0 1391.5 1543.0
1240.0 1391.5 1543.0
1240.0 1391.5 1543.0
1240.0 1391.5 1543.0
1240.0 1391.5 1543.0
1240.0 1391.5 1543.0
1240.0 1391.5 1543.0
1240.0 1391.5 1543.0
1240.0 1391.5 1543.0
1240.0 1391.5 1543.0
1240.0 1391.5 1543.0
1240.0 1391.5 1543.0
1240.0 1391.5 1543.0
1240.0 1391.5 1543.0
1240.0 1391.5 1543.0
1240.0 1391.5 1543.0
1240.0 1391.5 1543.0
1240.0 1391.5 1543.0
1240.0 1391.5 1543.0
1240.0 1391.5 1543.0
1240.0 1391.5 1543.0
1240.0 1391.5 1543.0
1240.0 1391.5 1543.0
1240.0 1391.5 1543.0
1240.0 1391.5 1543.0
1240.0 1391.5 1543.0
