11304.0 13293.5 15283.0
9306.0 10454.5 11603.0
7816.0 8296.5 8777.0
7137.0 7146.0 7155.0
4162.0 4594.0 5026.0
4242.0 4539.5 4837.0
2773.0 3112.0 3451.0
2085.0 2318.5 2552.0
1759.0 1922.0 2085.0
1994.0 2022.5 2051.0
1190.0 1620.5 2051.0
1190.0 1620.5 2051.0
1190.0 1365.5 1541.0
1121.0 1155.5 1190.0
1121.0 1155.5 1190.0
771.0 980.5 1190.0
771.0 980.5 1190.0
771.0 980.5 1190.0
771.0 980.5 1190.0
771.0 980.5 1190.0
771.0 980.5 1190.0
771.0 980.5 1190.0
771.0 980.5 1190.0
771.0 980.5 1190.0
771.0 980.5 1190.0
771.0 980.5 1190.0
771.0 980.5 1190.0
771.0 980.5 1190.0
771.0 980.5 1190.0
771.0 980.5 1190.0
771.0 980.5 1190.0
771.0 980.5 1190.0
771.0 980.5 1190.0
771.0 980.5 1190.0
771.0 980.5 1190.0
771.0 980.5 1190.0
771.0 980.5 1190.0
771.0 980.5 1190.0
771.0 980.5 1190.0
771.0 980.5 1190.0
771.0 980.5 1190.0
771.0 980.5 1190.0
771.0 980.5 1190.0
771.0 980.5 1190.0
771.0 980.5 1190.0
771.0 980.5 1190.0
771.0 980.5 1190.0
771.0 980.5 1190.0
771.0 980.5 1190.0
771.0 980.5 1190.0
771.0 980.5 1190.0
771.0 980.5 1190.0
771.0 980.5 1190.0
771.0 980.5 1190.0
771.0 980.5 1190.0
771.0 980.5 1190.0
771.0 980.5 1190.0
771.0 980.5 1190.0
771.0 980.5 1190.0
771.0 980.5 1190.0
771.0 980.5 1190.0
771.0 980.5 1190.0
771.0 980.5 1190.0
771.0 980.5 1190.0
771.0 980.5 1190.0
771.0 980.5 1190.0
771.0 980.5 1190.0
771.0 980.5 1190.0
771.0 980.5 1190.0
771.0 980.5 1190.0
771.0 980.5 1190.0
771.0 980.5 1190.0
771.0 980.5 1190.0
771.0 980.5 1190.0
771.0 980.5 1190.0
771.0 980.5 1190.0
771.0 980.5 1190.0
771.0 980.5 1190.0
771.0 980.5 1190.0
771.0 980.5 1190.0
771.0 980.5 1190.0
771.0 980.5 1190.0
771.0 980.5 1190.0
771.0 980.5 1190.0
771.0 980.5 1190.0
771.0 980.5 1190.0
771.0 980.5 1190.0
771.0 980.5 1190.0
771.0 980.5 1190.0
771.0 980.5 1190.0
771.0 980.5 1190.0
771.0 980.5 1190.0
771.0 980.5 1190.0
771.0 980.5 1190.0
771.0 980.5 1190.0
771.0 980.5 1190.0
771.0 980.5 1190.0
771.0 980.5 1190.0
771.0 980.5 1190.0
771.0 980.5 1190.0
771.0 980.5 1190.0
771.0 980.5 1190.0
771.0 980.5 1190.0
771.0 980.5 1190.0
771.0 980.5 1190.0
771.0 980.5 1190.0
771.0 980.5 1190.0
771.0 980.5 1190.0
771.0 980.5 1190.0
771.0 980.5 1190.0
771.0 980.5 1190.0
771.0 980.5 1190.0
771.0 980.5 1190.0
771.0 980.5 1190.0
771.0 980.5 1190.0
771.0 980.5 1190.0
771.0 980.5 1190.0
771.0 980.5 1190.0
771.0 980.5 1190.0
771.0 980.5 1190.0
771.0 980.5 1190.0
771.0 980.5 1190.0
771.0 980.5 1190.0
771.0 980.5 1190.0
771.0 980.5 1190.0
771.0 980.5 1190.0
771.0 980.5 1190.0
771.0 980.5 1190.0
771.0 980.5 1190.0
771.0 980.5 1190.0
771.0 980.5 1190.0
771.0 980.5 1190.0
771.0 980.5 1190.0
771.0 980.5 1190.0
771.0 980.5 1190.0
771.0 980.5 1190.0
771.0 980.5 1190.0
771.0 980.5 1190.0
771.0 980.5 1190.0
771.0 980.5 1190.0
771.0 980.5 1190.0
771.0 980.5 1190.0
771.0 980.5 1190.0
771.0 980.5 1190.0
771.0 980.5 1190.0
771.0 980.5 1190.0
771.0 980.5 1190.0
771.0 980.5 1190.0
771.0 980.5 1190.0
771.0 980.5 1190.0
771.0 980.5 1190.0
771.0 980.5 1190.0
771.0 980.5 1190.0
771.0 980.5 1190.0
771.0 980.5 1190.0
771.0 980.5 1190.0
771.0 980.5 1190.0
771.0 980.5 1190.0
771.0 980.5 1190.0
771.0 980.5 1190.0
771.0 980.5 1190.0
771.0 980.5 1190.0
771.0 980.5 1190.0
771.0 980.5 1190.0
771.0 980.5 1190.0
771.0 980.5 1190.0
771.0 980.5 1190.0
771.0 980.5 1190.0
771.0 980.5 1190.0
771.0 980.5 1190.0
771.0 980.5 1190.0
771.0 980.5 1190.0
771.0 980.5 1190.0
771.0 980.5 1190.0
771.0 980.5 1190.0
771.0 980.5 1190.0
771.0 980.5 1190.0
771.0 980.5 1190.0
771.0 980.5 1190.0
771.0 980.5 1190.0
771.0 980.5 1190.0
771.0 980.5 1190.0
771.0 980.5 1190.0
771.0 980.5 1190.0
771.0 980.5 1190.0
771.0 980.5 1190.0
771.0 980.5 1190.0
771.0 980.5 1190.0
771.0 980.5 1190.0
771.0 980.5 1190.0
771.0 980.5 1190.0
771.0 980.5 1190.0
771.0 980.5 1190.0
771.0 980.5 1190.0
771.0 980.5 1190.0
771.0 980.5 1190.0
771.0 980.5 1190.0
771.0 980.5 1190.0
771.0 980.5 1190.0
771.0 980.5 1190.0
