14074.0 14253.5 14433.0
10267.0 10636.5 11006.0
8269.0 8795.5 9322.0
5801.0 7247.0 8693.0
5843.0 6397.0 6951.0
5367.0 5495.5 5624.0
4297.0 5087.0 5877.0
4297.0 5087.0 5877.0
2967.0 3432.5 3898.0
2040.0 2969.0 3898.0
1971.0 2005.5 2040.0
1893.0 1966.5 2040.0
1893.0 1966.5 2040.0
1893.0 1966.5 2040.0
1893.0 1966.5 2040.0
1893.0 1966.5 2040.0
1893.0 1966.5 2040.0
1893.0 1966.5 2040.0
1893.0 1966.5 2040.0
1893.0 1966.5 2040.0
1893.0 1966.5 2040.0
1893.0 1966.5 2040.0
1893.0 1966.5 2040.0
1779.0 1909.5 2040.0
1779.0 1909.5 2040.0
1779.0 1909.5 2040.0
1779.0 1909.5 2040.0
1779.0 1909.5 2040.0
1779.0 1909.5 2040.0
1779.0 1909.5 2040.0
1779.0 1909.5 2040.0
1779.0 1909.5 2040.0
1779.0 1909.5 2040.0
1779.0 1909.5 2040.0
1779.0 1909.5 2040.0
1779.0 1909.5 2040.0
1779.0 1909.5 2040.0
1779.0 1909.5 2040.0
1779.0 1909.5 2040.0
1779.0 1909.5 2040.0
1779.0 1909.5 2040.0
1779.0 1909.5 2040.0
1779.0 1909.5 2040.0
1779.0 1909.5 2040.0
1779.0 1909.5 2040.0
1779.0 1909.5 2040.0
1779.0 1909.5 2040.0
1779.0 1909.5 2040.0
1779.0 1909.5 2040.0
1779.0 1909.5 2040.0
1779.0 1909.5 2040.0
1779.0 1909.5 2040.0
1779.0 1909.5 2040.0
1779.0 1909.5 2040.0
1779.0 1909.5 2040.0
1779.0 1909.5 2040.0
1779.0 1909.5 2040.0
1779.0 1909.5 2040.0
1779.0 1909.5 2040.0
1779.0 1909.5 2040.0
1779.0 1909.5 2040.0
1779.0 1909.5 2040.0
1779.0 1909.5 2040.0
1779.0 1909.5 2040.0
1779.0 1909.5 2040.0
1779.0 1909.5 2040.0
1779.0 1909.5 2040.0
1779.0 1909.5 2040.0
1779.0 1909.5 2040.0
1779.0 1909.5 2040.0
1779.0 1909.5 2040.0
1779.0 1909.5 2040.0
1779.0 1909.5 2040.0
1779.0 1909.5 2040.0
1779.0 1909.5 2040.0
1779.0 1909.5 2040.0
1779.0 1909.5 2040.0
1779.0 1909.5 2040.0
1779.0 1909.5 2040.0
1779.0 1909.5 2040.0
1779.0 1909.5 2040.0
1779.0 1909.5 2040.0
1779.0 1909.5 2040.0
1779.0 1909.5 2040.0
1779.0 1909.5 2040.0
1779.0 1909.5 2040.0
1779.0 1909.5 2040.0
1779.0 1909.5 2040.0
1779.0 1909.5 2040.0
1779.0 1909.5 2040.0
1779.0 1909.5 2040.0
1779.0 1909.5 2040.0
1779.0 1909.5 2040.0
1779.0 1909.5 2040.0
1779.0 1909.5 2040.0
1779.0 1909.5 2040.0
1779.0 1909.5 2040.0
1779.0 1909.5 2040.0
1779.0 1909.5 2040.0
1779.0 1909.5 2040.0
1779.0 1909.5 2040.0
1779.0 1909.5 2040.0
1779.0 1909.5 2040.0
1779.0 1909.5 2040.0
1779.0 1909.5 2040.0
1779.0 1909.5 2040.0
1779.0 1909.5 2040.0
1779.0 1909.5 2040.0
1779.0 1909.5 2040.0
1779.0 2010.0 2241.0
1779.0 2010.0 2241.0
1779.0 2010.0 2241.0
1779.0 2010.0 2241.0
1779.0 2010.0 2241.0
1779.0 2010.0 2241.0
1779.0 2010.0 2241.0
1779.0 2010.0 2241.0
1779.0 2010.0 2241.0
1779.0 2010.0 2241.0
1779.0 2010.0 2241.0
1779.0 2010.0 2241.0
1779.0 2010.0 2241.0
1779.0 1946.5 2114.0
1779.0 1946.5 2114.0
1779.0 1946.5 2114.0
1779.0 1946.5 2114.0
1779.0 1946.5 2114.0
1779.0 1946.5 2114.0
1779.0 1946.5 2114.0
1779.0 1946.5 2114.0
1779.0 1946.5 2114.0
1779.0 1946.5 2114.0
1779.0 1946.5 2114.0
1779.0 1946.5 2114.0
1779.0 1946.5 2114.0
1779.0 1946.5 2114.0
1469.0 1791.5 2114.0
1469.0 1791.5 2114.0
1469.0 1791.5 2114.0
1469.0 1791.5 2114.0
1469.0 1791.5 2114.0
1469.0 1791.5 2114.0
1469.0 1791.5 2114.0
1469.0 1791.5 2114.0
1469.0 1791.5 2114.0
1469.0 1791.5 2114.0
1469.0 1791.5 2114.0
1469.0 1791.5 2114.0
1469.0 1791.5 2114.0
1469.0 1791.5 2114.0
1469.0 1791.5 2114.0
1469.0 1791.5 2114.0
1469.0 1791.5 2114.0
1469.0 1791.5 2114.0
1469.0 1791.5 2114.0
1469.0 1791.5 2114.0
1469.0 1791.5 2114.0
1469.0 1791.5 2114.0
1469.0 1791.5 2114.0
1469.0 1791.5 2114.0
1469.0 1791.5 2114.0
1469.0 1791.5 2114.0
1469.0 1791.5 2114.0
1469.0 1791.5 2114.0
1469.0 1791.5 2114.0
1469.0 1791.5 2114.0
1469.0 1791.5 2114.0
1469.0 1791.5 2114.0
1469.0 1791.5 2114.0
1469.0 1791.5 2114.0
1469.0 1791.5 2114.0
1469.0 1770.0 2071.0
1271.0 1370.0 1469.0
1271.0 1370.0 1469.0
1271.0 1370.0 1469.0
1271.0 1370.0 1469.0
1271.0 1370.0 1469.0
1271.0 1370.0 1469.0
1271.0 1370.0 1469.0
1271.0 1370.0 1469.0
1271.0 1370.0 1469.0
1271.0 1370.0 1469.0
1271.0 1370.0 1469.0
1271.0 1370.0 1469.0
1271.0 1370.0 1469.0
1271.0 1370.0 1469.0
1271.0 1370.0 1469.0
1271.0 1370.0 1469.0
1271.0 1370.0 1469.0
1271.0 1370.0 1469.0
1271.0 1370.0 1469.0
1271.0 1370.0 1469.0
1271.0 1370.0 1469.0
1271.0 1370.0 1469.0
1271.0 1370.0 1469.0
1271.0 1370.0 1469.0
1271.0 1370.0 1469.0
1271.0 1370.0 1469.0
1271.0 1370.0 1469.0
1271.0 1370.0 1469.0
