12526.0 12740.5 12955.0
10186.0 10505.5 10825.0
7257.0 7630.5 8004.0
6075.0 7645.5 9216.0
4494.0 4922.0 5350.0
3698.0 4096.0 4494.0
2587.0 3350.5 4114.0
2587.0 3181.0 3775.0
2587.0 3181.0 3775.0
2587.0 2938.0 3289.0
2587.0 2974.5 3362.0
2587.0 2974.5 3362.0
2512.0 2937.0 3362.0
2658.0 3010.0 3362.0
2658.0 3010.0 3362.0
2658.0 3010.0 3362.0
2418.0 2538.0 2658.0
1983.0 2320.5 2658.0
1983.0 2320.5 2658.0
1983.0 2320.5 2658.0
1983.0 2320.5 2658.0
1983.0 2320.5 2658.0
1983.0 2320.5 2658.0
1983.0 2320.5 2658.0
1983.0 2320.5 2658.0
1983.0 2320.5 2658.0
1983.0 2320.5 2658.0
1983.0 2320.5 2658.0
1983.0 2320.5 2658.0
1983.0 2320.5 2658.0
1983.0 2320.5 2658.0
1983.0 2320.5 2658.0
1983.0 2443.5 2904.0
1983.0 2162.5 2342.0
1983.0 2098.5 2214.0
1983.0 2098.5 2214.0
1983.0 2098.5 2214.0
1983.0 2098.5 2214.0
1983.0 2098.5 2214.0
1983.0 2098.5 2214.0
1983.0 2098.5 2214.0
1983.0 2098.5 2214.0
1792.0 2003.0 2214.0
1836.0 2025.0 2214.0
1448.0 1831.0 2214.0
1448.0 1831.0 2214.0
1448.0 1831.0 2214.0
1448.0 1831.0 2214.0
1448.0 1831.0 2214.0
1448.0 1831.0 2214.0
1448.0 1831.0 2214.0
1448.0 1831.0 2214.0
1448.0 1831.0 2214.0
1448.0 1831.0 2214.0
1448.0 1483.5 1519.0
1448.0 1483.5 1519.0
1448.0 1483.5 1519.0
1448.0 1483.5 1519.0
1448.0 1483.5 1519.0
1448.0 1483.5 1519.0
1448.0 1483.5 1519.0
1448.0 1483.5 1519.0
1448.0 1483.5 1519.0
1448.0 1483.5 1519.0
1448.0 1483.5 1519.0
1448.0 1483.5 1519.0
1448.0 1483.5 1519.0
1448.0 1483.5 1519.0
1448.0 1483.5 1519.0
1448.0 1483.5 1519.0
1448.0 1483.5 1519.0
1448.0 1483.5 1519.0
1448.0 1483.5 1519.0
1448.0 1483.5 1519.0
1448.0 1483.5 1519.0
1448.0 1483.5 1519.0
1448.0 1483.5 1519.0
1448.0 1483.5 1519.0
1448.0 1483.5 1519.0
1448.0 1483.5 1519.0
1448.0 1483.5 1519.0
1448.0 1483.5 1519.0
1448.0 1483.5 1519.0
1448.0 1483.5 1519.0
1448.0 1483.5 1519.0
1448.0 1483.5 1519.0
1448.0 1483.5 1519.0
1448.0 1483.5 1519.0
1448.0 1483.5 1519.0
1448.0 1483.5 1519.0
1448.0 1483.5 1519.0
1448.0 1483.5 1519.0
1448.0 1483.5 1519.0
1448.0 1483.5 1519.0
1448.0 1483.5 1519.0
1448.0 1483.5 1519.0
1448.0 1483.5 1519.0
1448.0 1483.5 1519.0
1448.0 1483.5 1519.0
1448.0 1483.5 1519.0
1448.0 1483.5 1519.0
1448.0 1483.5 1519.0
1448.0 1483.5 1519.0
1448.0 1483.5 1519.0
1448.0 1483.5 1519.0
1448.0 1483.5 1519.0
1448.0 1483.5 1519.0
1448.0 1483.5 1519.0
1448.0 1483.5 1519.0
1448.0 1483.5 1519.0
1448.0 1483.5 1519.0
1448.0 1483.5 1519.0
1448.0 1483.5 1519.0
1448.0 1483.5 1519.0
1448.0 1483.5 1519.0
1448.0 1483.5 1519.0
1448.0 1483.5 1519.0
1448.0 1483.5 1519.0
1448.0 1483.5 1519.0
1448.0 1483.5 1519.0
1448.0 1483.5 1519.0
1448.0 1483.5 1519.0
1448.0 1483.5 1519.0
1448.0 1483.5 1519.0
1448.0 1483.5 1519.0
1448.0 1483.5 1519.0
1448.0 1483.5 1519.0
1448.0 1483.5 1519.0
1448.0 1483.5 1519.0
1448.0 1483.5 1519.0
1448.0 1483.5 1519.0
1448.0 1483.5 1519.0
1448.0 1483.5 1519.0
1448.0 1483.5 1519.0
1448.0 1483.5 1519.0
1448.0 1483.5 1519.0
1448.0 1483.5 1519.0
1448.0 1483.5 1519.0
1448.0 1483.5 1519.0
1448.0 1483.5 1519.0
1448.0 1483.5 1519.0
1448.0 1483.5 1519.0
1448.0 1483.5 1519.0
1448.0 1483.5 1519.0
1448.0 1483.5 1519.0
1448.0 1483.5 1519.0
1448.0 1483.5 1519.0
1448.0 1483.5 1519.0
1448.0 1483.5 1519.0
1448.0 1483.5 1519.0
1448.0 1483.5 1519.0
1448.0 1483.5 1519.0
1448.0 1483.5 1519.0
1448.0 1490.5 1533.0
1448.0 1490.5 1533.0
1448.0 1490.5 1533.0
1448.0 1490.5 1533.0
1448.0 1490.5 1533.0
1448.0 1490.5 1533.0
1448.0 1490.5 1533.0
1448.0 1490.5 1533.0
1448.0 1490.5 1533.0
1448.0 1490.5 1533.0
1448.0 1490.5 1533.0
1448.0 1490.5 1533.0
1448.0 1490.5 1533.0
1448.0 1490.5 1533.0
1448.0 1490.5 1533.0
1448.0 1490.5 1533.0
1448.0 1490.5 1533.0
1448.0 1490.5 1533.0
1448.0 1490.5 1533.0
1448.0 1490.5 1533.0
1448.0 1490.5 1533.0
1448.0 1490.5 1533.0
1448.0 1490.5 1533.0
1448.0 1490.5 1533.0
1448.0 1490.5 1533.0
1448.0 1490.5 1533.0
1448.0 1490.5 1533.0
1448.0 1490.5 1533.0
1448.0 1490.5 1533.0
1448.0 1490.5 1533.0
1448.0 1490.5 1533.0
1448.0 1490.5 1533.0
1448.0 1490.5 1533.0
1448.0 1490.5 1533.0
1448.0 1490.5 1533.0
1448.0 1490.5 1533.0
1448.0 1490.5 1533.0
1448.0 1490.5 1533.0
1448.0 1490.5 1533.0
1448.0 1490.5 1533.0
1448.0 1490.5 1533.0
1448.0 1490.5 1533.0
1448.0 1490.5 1533.0
1448.0 1490.5 1533.0
1448.0 1490.5 1533.0
1448.0 1490.5 1533.0
1448.0 1490.5 1533.0
