14840.0 15445.0 16050.0
11128.0 11974.5 12821.0
7754.0 9544.0 11334.0
8369.0 9566.5 10764.0
6235.0 7045.0 7855.0
6235.0 7072.0 7909.0
3194.0 4051.5 4909.0
3017.0 3963.0 4909.0
2286.0 2918.0 3550.0
2286.0 2468.5 2651.0
2286.0 2468.5 2651.0
1942.0 2296.5 2651.0
1942.0 2296.5 2651.0
1942.0 2296.5 2651.0
1942.0 2296.5 2651.0
1942.0 2296.5 2651.0
1942.0 2296.5 2651.0
1942.0 2296.5 2651.0
1942.0 2296.5 2651.0
1942.0 2296.5 2651.0
1942.0 2296.5 2651.0
1942.0 2219.0 2496.0
1581.0 1761.5 1942.0
1581.0 1761.5 1942.0
1581.0 1761.5 1942.0
1581.0 1985.5 2390.0
1581.0 1816.0 2051.0
1581.0 1816.0 2051.0
1581.0 1816.0 2051.0
1581.0 1816.0 2051.0
1581.0 1816.0 2051.0
1581.0 1816.0 2051.0
1581.0 1816.0 2051.0
1581.0 1816.0 2051.0
1581.0 1816.0 2051.0
1581.0 1816.0 2051.0
1581.0 1816.0 2051.0
1581.0 1816.0 2051.0
1581.0 1816.0 2051.0
1581.0 1816.0 2051.0
1581.0 1816.0 2051.0
1581.0 1816.0 2051.0
1581.0 1816.0 2051.0
1581.0 1816.0 2051.0
1581.0 1816.0 2051.0
1581.0 1816.0 2051.0
1581.0 1816.0 2051.0
1581.0 1816.0 2051.0
1581.0 1816.0 2051.0
1581.0 1816.0 2051.0
1581.0 1816.0 2051.0
1581.0 1816.0 2051.0
1581.0 1816.0 2051.0
1581.0 1816.0 2051.0
1581.0 1816.0 2051.0
1581.0 1816.0 2051.0
1581.0 1816.0 2051.0
1581.0 1816.0 2051.0
1581.0 1816.0 2051.0
1581.0 1816.0 2051.0
1581.0 1816.0 2051.0
1581.0 1816.0 2051.0
1581.0 1816.0 2051.0
1581.0 1816.0 2051.0
1581.0 1816.0 2051.0
1581.0 1816.0 2051.0
1581.0 1816.0 2051.0
1581.0 1816.0 2051.0
1581.0 1816.0 2051.0
1581.0 1816.0 2051.0
1581.0 1816.0 2051.0
1581.0 1816.0 2051.0
1581.0 1816.0 2051.0
1581.0 1816.0 2051.0
1581.0 1816.0 2051.0
1581.0 1816.0 2051.0
1581.0 1816.0 2051.0
1581.0 1816.0 2051.0
1581.0 1816.0 2051.0
1581.0 1816.0 2051.0
1581.0 1816.0 2051.0
1581.0 1816.0 2051.0
1581.0 1816.0 2051.0
1581.0 1816.0 2051.0
1581.0 1816.0 2051.0
1581.0 1816.0 2051.0
1581.0 1816.0 2051.0
1581.0 1816.0 2051.0
1581.0 1816.0 2051.0
1581.0 1816.0 2051.0
1581.0 1816.0 2051.0
1581.0 1816.0 2051.0
1581.0 1816.0 2051.0
1581.0 1816.0 2051.0
1581.0 1816.0 2051.0
1581.0 1816.0 2051.0
1581.0 1816.0 2051.0
1581.0 1816.0 2051.0
1581.0 1816.0 2051.0
1581.0 1816.0 2051.0
1581.0 1816.0 2051.0
1581.0 1816.0 2051.0
1581.0 1816.0 2051.0
1581.0 1816.0 2051.0
1581.0 1816.0 2051.0
1581.0 1816.0 2051.0
1581.0 1816.0 2051.0
1581.0 1816.0 2051.0
1581.0 1816.0 2051.0
1581.0 1816.0 2051.0
1581.0 1816.0 2051.0
1581.0 1816.0 2051.0
1581.0 1816.0 2051.0
1581.0 1816.0 2051.0
1581.0 1816.0 2051.0
1581.0 1816.0 2051.0
1581.0 1816.0 2051.0
1581.0 1816.0 2051.0
1581.0 1816.0 2051.0
1581.0 1816.0 2051.0
1581.0 1816.0 2051.0
1581.0 1816.0 2051.0
1581.0 1816.0 2051.0
1581.0 1816.0 2051.0
1581.0 1816.0 2051.0
1581.0 1816.0 2051.0
1581.0 1816.0 2051.0
1581.0 1816.0 2051.0
1581.0 1816.0 2051.0
1581.0 1816.0 2051.0
1581.0 1816.0 2051.0
1581.0 1816.0 2051.0
1581.0 1816.0 2051.0
1581.0 1816.0 2051.0
1581.0 1816.0 2051.0
1581.0 1816.0 2051.0
1581.0 1816.0 2051.0
1581.0 1816.0 2051.0
1581.0 1816.0 2051.0
1581.0 1816.0 2051.0
1581.0 1816.0 2051.0
1581.0 1816.0 2051.0
1581.0 1816.0 2051.0
1581.0 1816.0 2051.0
1581.0 1816.0 2051.0
1581.0 1816.0 2051.0
1581.0 1816.0 2051.0
1581.0 1816.0 2051.0
1581.0 1816.0 2051.0
1581.0 1816.0 2051.0
1581.0 1816.0 2051.0
1581.0 1816.0 2051.0
1581.0 1816.0 2051.0
1581.0 1816.0 2051.0
1581.0 1816.0 2051.0
1581.0 1816.0 2051.0
1581.0 1816.0 2051.0
1581.0 1816.0 2051.0
1581.0 1816.0 2051.0
1581.0 1816.0 2051.0
1581.0 1816.0 2051.0
1581.0 1816.0 2051.0
1581.0 1816.0 2051.0
1581.0 1816.0 2051.0
1581.0 1816.0 2051.0
1581.0 1816.0 2051.0
1581.0 1816.0 2051.0
1581.0 1816.0 2051.0
1581.0 1816.0 2051.0
1581.0 1816.0 2051.0
1581.0 1816.0 2051.0
1581.0 1816.0 2051.0
1581.0 1816.0 2051.0
1581.0 1816.0 2051.0
1581.0 1816.0 2051.0
1581.0 1816.0 2051.0
1581.0 1816.0 2051.0
1581.0 1816.0 2051.0
1581.0 1816.0 2051.0
1581.0 1816.0 2051.0
1581.0 1816.0 2051.0
1581.0 1816.0 2051.0
1581.0 1816.0 2051.0
1581.0 1816.0 2051.0
1581.0 1816.0 2051.0
1581.0 1816.0 2051.0
1581.0 1816.0 2051.0
1581.0 1816.0 2051.0
1581.0 1816.0 2051.0
1581.0 1816.0 2051.0
1581.0 1816.0 2051.0
1581.0 1816.0 2051.0
1581.0 1816.0 2051.0
1581.0 1816.0 2051.0
1581.0 1816.0 2051.0
1581.0 1816.0 2051.0
1581.0 1816.0 2051.0
1581.0 1816.0 2051.0
1581.0 1816.0 2051.0
1581.0 1816.0 2051.0
