15277.0 15715.0 16153.0
12382.0 12499.0 12616.0
8250.0 9838.0 11426.0
8415.0 9029.5 9644.0
5256.0 6090.5 6925.0
3732.0 3968.5 4205.0
3732.0 3968.5 4205.0
3075.0 3166.5 3258.0
3075.0 3166.5 3258.0
2605.0 2933.5 3262.0
2252.0 2428.5 2605.0
1860.0 2179.5 2499.0
1735.0 1797.5 1860.0
1329.0 1532.0 1735.0
1066.0 1400.5 1735.0
641.0 1210.0 1779.0
641.0 1069.0 1497.0
641.0 876.0 1111.0
641.0 876.0 1111.0
641.0 876.0 1111.0
641.0 876.0 1111.0
641.0 876.0 1111.0
641.0 876.0 1111.0
641.0 876.0 1111.0
641.0 876.0 1111.0
641.0 876.0 1111.0
641.0 876.0 1111.0
641.0 876.0 1111.0
641.0 876.0 1111.0
641.0 876.0 1111.0
641.0 876.0 1111.0
641.0 876.0 1111.0
641.0 876.0 1111.0
641.0 917.0 1193.0
641.0 917.0 1193.0
641.0 917.0 1193.0
641.0 917.0 1193.0
641.0 917.0 1193.0
641.0 917.0 1193.0
641.0 917.0 1193.0
641.0 917.0 1193.0
641.0 917.0 1193.0
641.0 917.0 1193.0
641.0 917.0 1193.0
641.0 917.0 1193.0
641.0 917.0 1193.0
641.0 917.0 1193.0
641.0 917.0 1193.0
641.0 917.0 1193.0
641.0 917.0 1193.0
641.0 917.0 1193.0
641.0 917.0 1193.0
641.0 917.0 1193.0
641.0 917.0 1193.0
641.0 917.0 1193.0
641.0 917.0 1193.0
641.0 917.0 1193.0
641.0 917.0 1193.0
641.0 917.0 1193.0
641.0 917.0 1193.0
641.0 917.0 1193.0
641.0 917.0 1193.0
641.0 917.0 1193.0
641.0 917.0 1193.0
641.0 917.0 1193.0
641.0 917.0 1193.0
641.0 917.0 1193.0
641.0 917.0 1193.0
641.0 917.0 1193.0
641.0 917.0 1193.0
641.0 917.0 1193.0
641.0 917.0 1193.0
641.0 917.0 1193.0
641.0 917.0 1193.0
641.0 917.0 1193.0
641.0 917.0 1193.0
641.0 917.0 1193.0
641.0 917.0 1193.0
641.0 917.0 1193.0
641.0 917.0 1193.0
641.0 917.0 1193.0
641.0 917.0 1193.0
641.0 917.0 1193.0
641.0 917.0 1193.0
641.0 917.0 1193.0
641.0 917.0 1193.0
641.0 917.0 1193.0
641.0 917.0 1193.0
641.0 917.0 1193.0
641.0 917.0 1193.0
641.0 917.0 1193.0
641.0 917.0 1193.0
641.0 776.0 911.0
641.0 776.0 911.0
641.0 776.0 911.0
641.0 776.0 911.0
641.0 776.0 911.0
641.0 776.0 911.0
641.0 776.0 911.0
641.0 776.0 911.0
641.0 776.0 911.0
641.0 776.0 911.0
641.0 776.0 911.0
641.0 776.0 911.0
641.0 776.0 911.0
641.0 776.0 911.0
641.0 776.0 911.0
641.0 776.0 911.0
641.0 776.0 911.0
641.0 776.0 911.0
641.0 776.0 911.0
641.0 776.0 911.0
641.0 776.0 911.0
641.0 776.0 911.0
641.0 776.0 911.0
641.0 776.0 911.0
641.0 776.0 911.0
641.0 776.0 911.0
641.0 776.0 911.0
641.0 776.0 911.0
641.0 776.0 911.0
641.0 776.0 911.0
641.0 776.0 911.0
641.0 776.0 911.0
641.0 776.0 911.0
641.0 776.0 911.0
641.0 776.0 911.0
641.0 776.0 911.0
641.0 776.0 911.0
641.0 776.0 911.0
641.0 776.0 911.0
641.0 776.0 911.0
641.0 776.0 911.0
641.0 776.0 911.0
641.0 776.0 911.0
641.0 776.0 911.0
641.0 776.0 911.0
641.0 776.0 911.0
641.0 776.0 911.0
641.0 776.0 911.0
641.0 776.0 911.0
641.0 776.0 911.0
641.0 776.0 911.0
641.0 776.0 911.0
641.0 776.0 911.0
641.0 776.0 911.0
641.0 776.0 911.0
641.0 776.0 911.0
641.0 776.0 911.0
641.0 776.0 911.0
641.0 776.0 911.0
641.0 776.0 911.0
641.0 776.0 911.0
641.0 776.0 911.0
641.0 776.0 911.0
641.0 776.0 911.0
641.0 776.0 911.0
641.0 776.0 911.0
641.0 776.0 911.0
641.0 776.0 911.0
641.0 776.0 911.0
641.0 776.0 911.0
641.0 776.0 911.0
641.0 776.0 911.0
641.0 776.0 911.0
641.0 776.0 911.0
641.0 776.0 911.0
641.0 776.0 911.0
641.0 776.0 911.0
641.0 776.0 911.0
641.0 776.0 911.0
641.0 776.0 911.0
641.0 776.0 911.0
641.0 776.0 911.0
641.0 776.0 911.0
641.0 776.0 911.0
641.0 776.0 911.0
641.0 776.0 911.0
641.0 776.0 911.0
641.0 776.0 911.0
641.0 776.0 911.0
641.0 776.0 911.0
641.0 776.0 911.0
641.0 776.0 911.0
641.0 776.0 911.0
641.0 776.0 911.0
641.0 776.0 911.0
641.0 776.0 911.0
641.0 776.0 911.0
641.0 776.0 911.0
641.0 776.0 911.0
641.0 776.0 911.0
641.0 776.0 911.0
641.0 776.0 911.0
641.0 776.0 911.0
641.0 776.0 911.0
641.0 776.0 911.0
641.0 776.0 911.0
641.0 776.0 911.0
641.0 776.0 911.0
