9786.0 11208.0 12630.0
7211.0 7808.5 8406.0
4898.0 5851.5 6805.0
2838.0 4005.5 5173.0
2838.0 3340.5 3843.0
2154.0 2791.0 3428.0
2123.0 2661.5 3200.0
2196.0 2698.0 3200.0
1332.0 1794.5 2257.0
1332.0 1772.5 2213.0
1368.0 1790.5 2213.0
1368.0 1592.0 1816.0
1368.0 1592.0 1816.0
1368.0 1760.5 2153.0
1368.0 1760.5 2153.0
1368.0 1551.5 1735.0
1368.0 1551.5 1735.0
1368.0 1415.5 1463.0
1368.0 1415.5 1463.0
1241.0 1454.5 1668.0
1313.0 1338.5 1364.0
1161.0 1230.5 1300.0
1151.0 1257.5 1364.0
1138.0 1251.0 1364.0
1138.0 1149.5 1161.0
1138.0 1149.5 1161.0
1138.0 1149.5 1161.0
1138.0 1149.5 1161.0
1138.0 1149.5 1161.0
1138.0 1149.5 1161.0
1138.0 1149.5 1161.0
1138.0 1149.5 1161.0
1138.0 1149.5 1161.0
1138.0 1149.5 1161.0
1138.0 1149.5 1161.0
1138.0 1149.5 1161.0
1138.0 1149.5 1161.0
1138.0 1149.5 1161.0
1138.0 1149.5 1161.0
1138.0 1149.5 1161.0
1138.0 1149.5 1161.0
1138.0 1149.5 1161.0
1138.0 1149.5 1161.0
1138.0 1149.5 1161.0
1138.0 1149.5 1161.0
1138.0 1149.5 1161.0
1138.0 1149.5 1161.0
1138.0 1149.5 1161.0
1138.0 1149.5 1161.0
1138.0 1149.5 1161.0
1138.0 1149.5 1161.0
1138.0 1149.5 1161.0
1138.0 1149.5 1161.0
1138.0 1149.5 1161.0
1138.0 1149.5 1161.0
1138.0 1149.5 1161.0
1138.0 1149.5 1161.0
1138.0 1149.5 1161.0
1138.0 1149.5 1161.0
1138.0 1149.5 1161.0
1138.0 1149.5 1161.0
1138.0 1149.5 1161.0
1138.0 1149.5 1161.0
1138.0 1149.5 1161.0
1138.0 1149.5 1161.0
1138.0 1149.5 1161.0
1138.0 1149.5 1161.0
1138.0 1149.5 1161.0
1138.0 1149.5 1161.0
1138.0 1149.5 1161.0
1138.0 1149.5 1161.0
1138.0 1149.5 1161.0
1138.0 1149.5 1161.0
1138.0 1149.5 1161.0
1138.0 1149.5 1161.0
1138.0 1149.5 1161.0
1138.0 1149.5 1161.0
1138.0 1149.5 1161.0
1138.0 1149.5 1161.0
1138.0 1149.5 1161.0
1138.0 1149.5 1161.0
1138.0 1168.5 1199.0
1138.0 1145.0 1152.0
955.0 1046.5 1138.0
955.0 1046.5 1138.0
948.0 1043.0 1138.0
948.0 1043.0 1138.0
955.0 1046.5 1138.0
955.0 1046.5 1138.0
955.0 1046.5 1138.0
955.0 1046.5 1138.0
955.0 1046.5 1138.0
955.0 1046.5 1138.0
955.0 1046.5 1138.0
955.0 1046.5 1138.0
955.0 1046.5 1138.0
955.0 1046.5 1138.0
955.0 1046.5 1138.0
955.0 1046.5 1138.0
955.0 1046.5 1138.0
955.0 1046.5 1138.0
955.0 1046.5 1138.0
955.0 1046.5 1138.0
955.0 1046.5 1138.0
955.0 1046.5 1138.0
955.0 1046.5 1138.0
955.0 1046.5 1138.0
955.0 1046.5 1138.0
955.0 1046.5 1138.0
955.0 1046.5 1138.0
955.0 1046.5 1138.0
955.0 1046.5 1138.0
955.0 1046.5 1138.0
955.0 1046.5 1138.0
955.0 1046.5 1138.0
955.0 1046.5 1138.0
955.0 1046.5 1138.0
955.0 1046.5 1138.0
955.0 1046.5 1138.0
955.0 1046.5 1138.0
955.0 1046.5 1138.0
955.0 1046.5 1138.0
955.0 1046.5 1138.0
955.0 1046.5 1138.0
955.0 1046.5 1138.0
955.0 1046.5 1138.0
955.0 1046.5 1138.0
955.0 1046.5 1138.0
955.0 1046.5 1138.0
955.0 1046.5 1138.0
955.0 1046.5 1138.0
955.0 1046.5 1138.0
955.0 1046.5 1138.0
955.0 1046.5 1138.0
955.0 1046.5 1138.0
955.0 1046.5 1138.0
955.0 1046.5 1138.0
955.0 1046.5 1138.0
955.0 1046.5 1138.0
955.0 1046.5 1138.0
955.0 1046.5 1138.0
955.0 1046.5 1138.0
955.0 1046.5 1138.0
955.0 1046.5 1138.0
955.0 1046.5 1138.0
955.0 1046.5 1138.0
955.0 1046.5 1138.0
955.0 1046.5 1138.0
955.0 1046.5 1138.0
955.0 1046.5 1138.0
955.0 1046.5 1138.0
955.0 1046.5 1138.0
955.0 1046.5 1138.0
955.0 1046.5 1138.0
955.0 1046.5 1138.0
955.0 1046.5 1138.0
955.0 1046.5 1138.0
955.0 1046.5 1138.0
955.0 1046.5 1138.0
955.0 1046.5 1138.0
955.0 1046.5 1138.0
955.0 1046.5 1138.0
955.0 1046.5 1138.0
955.0 1046.5 1138.0
955.0 1046.5 1138.0
955.0 1046.5 1138.0
955.0 1046.5 1138.0
955.0 1046.5 1138.0
955.0 1046.5 1138.0
955.0 1046.5 1138.0
955.0 1046.5 1138.0
955.0 1046.5 1138.0
955.0 1046.5 1138.0
955.0 1046.5 1138.0
955.0 1046.5 1138.0
955.0 1046.5 1138.0
955.0 1046.5 1138.0
955.0 1046.5 1138.0
955.0 1046.5 1138.0
955.0 1046.5 1138.0
955.0 1046.5 1138.0
955.0 1046.5 1138.0
955.0 1046.5 1138.0
955.0 1046.5 1138.0
955.0 1046.5 1138.0
955.0 1046.5 1138.0
955.0 1046.5 1138.0
955.0 1046.5 1138.0
955.0 1046.5 1138.0
955.0 1046.5 1138.0
955.0 1046.5 1138.0
955.0 1046.5 1138.0
955.0 1046.5 1138.0
955.0 1046.5 1138.0
955.0 1046.5 1138.0
955.0 1046.5 1138.0
955.0 1046.5 1138.0
955.0 1046.5 1138.0
955.0 1046.5 1138.0
955.0 1046.5 1138.0
