11809.0 13446.0 15083.0
11809.0 12101.0 12393.0
8819.0 9337.5 9856.0
6935.0 7189.0 7443.0
6935.0 7189.0 7443.0
5274.0 5470.0 5666.0
5175.0 5420.5 5666.0
5561.0 5598.0 5635.0
4036.0 4084.0 4132.0
4036.0 4084.0 4132.0
3851.0 3943.5 4036.0
3851.0 3943.5 4036.0
3851.0 3951.5 4052.0
2830.0 3340.5 3851.0
2830.0 3340.5 3851.0
3146.0 3491.0 3836.0
2847.0 2868.0 2889.0
2787.0 2838.0 2889.0
2840.0 2864.5 2889.0
2840.0 2864.5 2889.0
2840.0 2864.5 2889.0
2840.0 2864.5 2889.0
2840.0 2864.5 2889.0
2840.0 2864.5 2889.0
2100.0 2470.0 2840.0
2065.0 2082.5 2100.0
2065.0 2082.5 2100.0
2065.0 2082.5 2100.0
2065.0 2082.5 2100.0
2065.0 2082.5 2100.0
2065.0 2082.5 2100.0
2065.0 2082.5 2100.0
2065.0 2082.5 2100.0
2065.0 2082.5 2100.0
2065.0 2082.5 2100.0
2065.0 2082.5 2100.0
2065.0 2082.5 2100.0
2065.0 2082.5 2100.0
2065.0 2082.5 2100.0
2065.0 2082.5 2100.0
2065.0 2082.5 2100.0
2065.0 2082.5 2100.0
2065.0 2082.5 2100.0
2065.0 2082.5 2100.0
2065.0 2082.5 2100.0
2065.0 2082.5 2100.0
2065.0 2082.5 2100.0
2065.0 2082.5 2100.0
2065.0 2082.5 2100.0
2065.0 2082.5 2100.0
2065.0 2082.5 2100.0
2065.0 2082.5 2100.0
2065.0 2082.5 2100.0
2065.0 2082.5 2100.0
2065.0 2082.5 2100.0
2065.0 2082.5 2100.0
2065.0 2082.5 2100.0
2065.0 2082.5 2100.0
2065.0 2082.5 2100.0
2065.0 2082.5 2100.0
2065.0 2082.5 2100.0
2065.0 2082.5 2100.0
2065.0 2082.5 2100.0
2065.0 2082.5 2100.0
2065.0 2082.5 2100.0
2065.0 2077.0 2089.0
1699.0 1882.0 2065.0
1699.0 1882.0 2065.0
1699.0 1882.0 2065.0
1699.0 1882.0 2065.0
1699.0 1882.0 2065.0
1699.0 1882.0 2065.0
1699.0 1882.0 2065.0
1699.0 1882.0 2065.0
1699.0 1882.0 2065.0
1699.0 1882.0 2065.0
1699.0 1882.0 2065.0
1699.0 1882.0 2065.0
1699.0 1882.0 2065.0
1699.0 1882.0 2065.0
1699.0 1882.0 2065.0
1699.0 1882.0 2065.0
1699.0 1882.0 2065.0
1699.0 1869.0 2039.0
1699.0 1869.0 2039.0
1699.0 1869.0 2039.0
1699.0 1869.0 2039.0
1699.0 1869.0 2039.0
1699.0 1869.0 2039.0
1699.0 1869.0 2039.0
1699.0 1869.0 2039.0
1699.0 1869.0 2039.0
1699.0 1869.0 2039.0
1699.0 1869.0 2039.0
1699.0 1869.0 2039.0
1699.0 1869.0 2039.0
1699.0 1869.0 2039.0
1699.0 1869.0 2039.0
1699.0 1869.0 2039.0
1699.0 1869.0 2039.0
1699.0 1869.0 2039.0
1699.0 1869.0 2039.0
1699.0 1869.0 2039.0
1699.0 1869.0 2039.0
1699.0 1869.0 2039.0
1699.0 1869.0 2039.0
1699.0 1869.0 2039.0
1699.0 1869.0 2039.0
1699.0 1869.0 2039.0
1699.0 1869.0 2039.0
1699.0 1869.0 2039.0
1699.0 1869.0 2039.0
1699.0 1869.0 2039.0
1699.0 1869.0 2039.0
1699.0 1869.0 2039.0
1699.0 1869.0 2039.0
1699.0 1869.0 2039.0
1699.0 1869.0 2039.0
1699.0 1869.0 2039.0
1699.0 1869.0 2039.0
1699.0 1869.0 2039.0
1699.0 1869.0 2039.0
1699.0 1869.0 2039.0
1699.0 1869.0 2039.0
1699.0 1869.0 2039.0
1699.0 1869.0 2039.0
1699.0 1869.0 2039.0
1699.0 1869.0 2039.0
1699.0 1869.0 2039.0
1699.0 1869.0 2039.0
1699.0 1869.0 2039.0
1699.0 1869.0 2039.0
1699.0 1869.0 2039.0
1699.0 1869.0 2039.0
1699.0 1869.0 2039.0
1699.0 1869.0 2039.0
1699.0 1869.0 2039.0
1699.0 1869.0 2039.0
1699.0 1869.0 2039.0
1699.0 1869.0 2039.0
1699.0 1869.0 2039.0
1699.0 1869.0 2039.0
1699.0 1869.0 2039.0
1699.0 1869.0 2039.0
1699.0 1869.0 2039.0
1667.0 1683.0 1699.0
1667.0 1683.0 1699.0
1667.0 1683.0 1699.0
1667.0 1683.0 1699.0
1667.0 1683.0 1699.0
1667.0 1683.0 1699.0
1667.0 1683.0 1699.0
1667.0 1683.0 1699.0
1667.0 1683.0 1699.0
1667.0 1683.0 1699.0
1699.0 1805.5 1912.0
1699.0 1805.5 1912.0
1699.0 1805.5 1912.0
1699.0 1805.5 1912.0
1699.0 1805.5 1912.0
1699.0 1805.5 1912.0
1699.0 1805.5 1912.0
1699.0 1805.5 1912.0
1699.0 1805.5 1912.0
1699.0 1805.5 1912.0
1699.0 1805.5 1912.0
1699.0 1805.5 1912.0
1699.0 1805.5 1912.0
1699.0 1805.5 1912.0
1699.0 1805.5 1912.0
1699.0 1805.5 1912.0
1699.0 1805.5 1912.0
1699.0 1805.5 1912.0
1699.0 1805.5 1912.0
1699.0 1805.5 1912.0
1699.0 1805.5 1912.0
1699.0 1805.5 1912.0
1699.0 1805.5 1912.0
1699.0 1805.5 1912.0
1699.0 1805.5 1912.0
1699.0 1805.5 1912.0
1699.0 1805.5 1912.0
1699.0 1805.5 1912.0
1699.0 1805.5 1912.0
1699.0 1805.5 1912.0
1699.0 1805.5 1912.0
1699.0 1805.5 1912.0
1699.0 1805.5 1912.0
1699.0 1805.5 1912.0
1699.0 1805.5 1912.0
1699.0 1805.5 1912.0
1699.0 1805.5 1912.0
1699.0 1805.5 1912.0
1699.0 1805.5 1912.0
1699.0 1805.5 1912.0
1699.0 1805.5 1912.0
1699.0 1805.5 1912.0
1699.0 1805.5 1912.0
1699.0 1805.5 1912.0
1699.0 1805.5 1912.0
