13148.0 14630.5 16113.0
11981.0 12502.0 13023.0
10556.0 11009.5 11463.0
5949.0 8930.5 11912.0
6244.0 7079.0 7914.0
6244.0 6810.5 7377.0
5949.0 5957.0 5965.0
3744.0 4781.5 5819.0
3952.0 4885.5 5819.0
2648.0 3688.5 4729.0
2648.0 3688.5 4729.0
2648.0 3688.5 4729.0
2648.0 3688.5 4729.0
2648.0 2820.5 2993.0
2648.0 2820.5 2993.0
2648.0 2820.5 2993.0
2606.0 2799.5 2993.0
2346.0 2669.5 2993.0
2346.0 2669.5 2993.0
2346.0 2669.5 2993.0
2346.0 2669.5 2993.0
1806.0 2399.5 2993.0
1805.0 2217.5 2630.0
1805.0 2436.0 3067.0
1805.0 2019.0 2233.0
1805.0 2019.0 2233.0
1805.0 2019.0 2233.0
1805.0 2019.0 2233.0
1805.0 2019.0 2233.0
1805.0 2019.0 2233.0
1805.0 2019.0 2233.0
1805.0 2019.0 2233.0
1805.0 2019.0 2233.0
1805.0 2019.0 2233.0
1805.0 2019.0 2233.0
1805.0 2019.0 2233.0
1805.0 2019.0 2233.0
1805.0 2019.0 2233.0
1805.0 2019.0 2233.0
1805.0 2019.0 2233.0
1805.0 2019.0 2233.0
1805.0 2019.0 2233.0
1805.0 2019.0 2233.0
1805.0 2019.0 2233.0
1805.0 2019.0 2233.0
1805.0 2019.0 2233.0
1805.0 2019.0 2233.0
1805.0 2019.0 2233.0
1805.0 2019.0 2233.0
1805.0 2019.0 2233.0
1805.0 2019.0 2233.0
1663.0 1734.0 1805.0
1663.0 1734.0 1805.0
1663.0 1734.0 1805.0
1663.0 1734.0 1805.0
1663.0 1734.0 1805.0
1663.0 1734.0 1805.0
1663.0 1734.0 1805.0
1663.0 1734.0 1805.0
1663.0 1734.0 1805.0
1663.0 1734.0 1805.0
1663.0 1734.0 1805.0
1663.0 1734.0 1805.0
1663.0 1734.0 1805.0
1663.0 1734.0 1805.0
1663.0 1734.0 1805.0
1663.0 1734.0 1805.0
1663.0 1734.0 1805.0
1663.0 1734.0 1805.0
1663.0 1734.0 1805.0
1663.0 1734.0 1805.0
1663.0 1734.0 1805.0
1663.0 1734.0 1805.0
1663.0 1734.0 1805.0
1663.0 1734.0 1805.0
1663.0 1734.0 1805.0
1663.0 1734.0 1805.0
1663.0 1734.0 1805.0
1663.0 1734.0 1805.0
1663.0 1734.0 1805.0
1663.0 1734.0 1805.0
1663.0 1734.0 1805.0
1663.0 1734.0 1805.0
1663.0 1734.0 1805.0
1663.0 1734.0 1805.0
1663.0 1734.0 1805.0
1663.0 1734.0 1805.0
1663.0 1734.0 1805.0
1663.0 1734.0 1805.0
1663.0 1734.0 1805.0
1663.0 1734.0 1805.0
1663.0 1734.0 1805.0
1663.0 1734.0 1805.0
1663.0 1734.0 1805.0
1663.0 1734.0 1805.0
1663.0 1734.0 1805.0
1663.0 1734.0 1805.0
1663.0 1734.0 1805.0
1663.0 1734.0 1805.0
1663.0 1734.0 1805.0
1663.0 1734.0 1805.0
1663.0 1734.0 1805.0
1663.0 1734.0 1805.0
1805.0 1928.5 2052.0
1805.0 1928.5 2052.0
1805.0 1928.5 2052.0
1805.0 1928.5 2052.0
1805.0 1928.5 2052.0
1805.0 1928.5 2052.0
1805.0 1928.5 2052.0
1805.0 1928.5 2052.0
1805.0 1928.5 2052.0
1805.0 1928.5 2052.0
1805.0 1928.5 2052.0
1805.0 1928.5 2052.0
1805.0 1928.5 2052.0
1805.0 1928.5 2052.0
1805.0 1928.5 2052.0
1805.0 1928.5 2052.0
1805.0 1928.5 2052.0
1805.0 1928.5 2052.0
1805.0 1928.5 2052.0
1805.0 1928.5 2052.0
1805.0 1928.5 2052.0
1805.0 1928.5 2052.0
1805.0 1928.5 2052.0
1805.0 1928.5 2052.0
1805.0 1928.5 2052.0
1805.0 1928.5 2052.0
1805.0 1928.5 2052.0
1805.0 1928.5 2052.0
1805.0 1928.5 2052.0
1805.0 1928.5 2052.0
1805.0 1928.5 2052.0
1805.0 1928.5 2052.0
1805.0 1928.5 2052.0
1805.0 1928.5 2052.0
1805.0 1928.5 2052.0
1805.0 1928.5 2052.0
1805.0 1928.5 2052.0
1805.0 1928.5 2052.0
1805.0 1928.5 2052.0
1805.0 1928.5 2052.0
1805.0 1928.5 2052.0
1805.0 1928.5 2052.0
1805.0 1928.5 2052.0
1805.0 1928.5 2052.0
1805.0 1928.5 2052.0
1805.0 1928.5 2052.0
1805.0 1928.5 2052.0
1805.0 1928.5 2052.0
1805.0 1928.5 2052.0
1805.0 1928.5 2052.0
1805.0 1928.5 2052.0
1805.0 1928.5 2052.0
1805.0 1928.5 2052.0
1805.0 1928.5 2052.0
1805.0 1928.5 2052.0
1805.0 1928.5 2052.0
1805.0 1928.5 2052.0
1805.0 1928.5 2052.0
1805.0 1928.5 2052.0
1805.0 1928.5 2052.0
1805.0 1928.5 2052.0
1805.0 1928.5 2052.0
1805.0 1928.5 2052.0
1805.0 1928.5 2052.0
1805.0 1928.5 2052.0
1805.0 1928.5 2052.0
1805.0 1928.5 2052.0
1805.0 1928.5 2052.0
1805.0 1928.5 2052.0
1805.0 1928.5 2052.0
1805.0 1928.5 2052.0
1805.0 1928.5 2052.0
1805.0 1928.5 2052.0
1805.0 1928.5 2052.0
1805.0 1928.5 2052.0
1805.0 1928.5 2052.0
1805.0 1928.5 2052.0
1805.0 1928.5 2052.0
1805.0 1928.5 2052.0
1528.0 1666.5 1805.0
1528.0 1666.5 1805.0
1528.0 1666.5 1805.0
1528.0 1666.5 1805.0
1528.0 1666.5 1805.0
1528.0 1666.5 1805.0
1528.0 1666.5 1805.0
1528.0 1666.5 1805.0
1528.0 1666.5 1805.0
1528.0 1666.5 1805.0
1528.0 1666.5 1805.0
1528.0 1666.5 1805.0
1528.0 1666.5 1805.0
1528.0 1666.5 1805.0
1528.0 1666.5 1805.0
1528.0 1666.5 1805.0
1528.0 1666.5 1805.0
1528.0 1666.5 1805.0
