12327.0 13678.5 15030.0
10347.0 11379.0 12411.0
9443.0 9767.0 10091.0
8286.0 8503.5 8721.0
6277.0 6414.5 6552.0
5200.0 5229.5 5259.0
3719.0 3874.5 4030.0
3719.0 3978.0 4237.0
2960.0 3289.5 3619.0
2848.0 2904.0 2960.0
2195.0 2577.5 2960.0
2195.0 2534.0 2873.0
2195.0 2432.0 2669.0
1761.0 2215.0 2669.0
1761.0 2215.0 2669.0
1761.0 2215.0 2669.0
1761.0 1839.5 1918.0
1761.0 1970.0 2179.0
1761.0 1970.0 2179.0
1761.0 1970.0 2179.0
1761.0 1970.0 2179.0
1761.0 1970.0 2179.0
1761.0 1970.0 2179.0
1761.0 1970.0 2179.0
1761.0 1970.0 2179.0
1761.0 1970.0 2179.0
1761.0 2020.5 2280.0
1761.0 2020.5 2280.0
1761.0 2020.5 2280.0
1761.0 2020.5 2280.0
1761.0 2020.5 2280.0
1761.0 2020.5 2280.0
1761.0 2020.5 2280.0
1761.0 2020.5 2280.0
1761.0 2020.5 2280.0
1761.0 1840.5 1920.0
1675.0 1718.0 1761.0
1675.0 1718.0 1761.0
1675.0 1718.0 1761.0
1675.0 1718.0 1761.0
1675.0 1718.0 1761.0
1675.0 1718.0 1761.0
1675.0 1718.0 1761.0
1675.0 1718.0 1761.0
1675.0 1718.0 1761.0
1675.0 1718.0 1761.0
1675.0 1718.0 1761.0
1675.0 1718.0 1761.0
1675.0 1718.0 1761.0
1675.0 1718.0 1761.0
1675.0 1718.0 1761.0
1675.0 1718.0 1761.0
1675.0 1718.0 1761.0
1675.0 1718.0 1761.0
1675.0 1718.0 1761.0
1675.0 1718.0 1761.0
1675.0 1718.0 1761.0
1675.0 1718.0 1761.0
1675.0 1718.0 1761.0
1675.0 1718.0 1761.0
1675.0 1718.0 1761.0
1675.0 1718.0 1761.0
1675.0 1718.0 1761.0
1675.0 1718.0 1761.0
1675.0 1718.0 1761.0
1675.0 1718.0 1761.0
1675.0 1718.0 1761.0
1675.0 1718.0 1761.0
1675.0 1718.0 1761.0
1675.0 1718.0 1761.0
1675.0 1718.0 1761.0
1675.0 1718.0 1761.0
1675.0 1718.0 1761.0
1675.0 1718.0 1761.0
1675.0 1718.0 1761.0
1675.0 1718.0 1761.0
1675.0 1718.0 1761.0
1675.0 1718.0 1761.0
1675.0 1718.0 1761.0
1675.0 1718.0 1761.0
1675.0 1718.0 1761.0
1675.0 1718.0 1761.0
1675.0 1718.0 1761.0
1675.0 1718.0 1761.0
1675.0 1718.0 1761.0
1675.0 1718.0 1761.0
1675.0 1718.0 1761.0
1675.0 1718.0 1761.0
1675.0 1718.0 1761.0
1675.0 1718.0 1761.0
1675.0 1718.0 1761.0
1675.0 1718.0 1761.0
1675.0 1718.0 1761.0
1675.0 1718.0 1761.0
1675.0 1718.0 1761.0
1675.0 1718.0 1761.0
1675.0 1718.0 1761.0
1675.0 1718.0 1761.0
1675.0 1718.0 1761.0
1675.0 1718.0 1761.0
1675.0 1718.0 1761.0
1675.0 1718.0 1761.0
1675.0 1718.0 1761.0
1675.0 1718.0 1761.0
1675.0 1718.0 1761.0
1675.0 1718.0 1761.0
1675.0 1718.0 1761.0
1675.0 1718.0 1761.0
1675.0 1718.0 1761.0
1675.0 1718.0 1761.0
1675.0 1718.0 1761.0
1675.0 1718.0 1761.0
1675.0 1718.0 1761.0
1675.0 1718.0 1761.0
1675.0 1718.0 1761.0
1675.0 1718.0 1761.0
1675.0 1718.0 1761.0
1675.0 1718.0 1761.0
1675.0 1718.0 1761.0
1675.0 1718.0 1761.0
1675.0 1718.0 1761.0
1675.0 1718.0 1761.0
1675.0 1718.0 1761.0
1675.0 1718.0 1761.0
1675.0 1718.0 1761.0
1675.0 1718.0 1761.0
1675.0 1718.0 1761.0
1675.0 1718.0 1761.0
1675.0 1718.0 1761.0
1675.0 1718.0 1761.0
1675.0 1718.0 1761.0
1675.0 1718.0 1761.0
1675.0 1718.0 1761.0
1675.0 1718.0 1761.0
1675.0 1718.0 1761.0
1675.0 1718.0 1761.0
1675.0 1718.0 1761.0
1675.0 1718.0 1761.0
1675.0 1718.0 1761.0
1675.0 1718.0 1761.0
1675.0 1718.0 1761.0
1675.0 1718.0 1761.0
1675.0 1718.0 1761.0
1675.0 1718.0 1761.0
1675.0 1718.0 1761.0
1265.0 1513.0 1761.0
1265.0 1513.0 1761.0
1265.0 1513.0 1761.0
1265.0 1513.0 1761.0
1265.0 1513.0 1761.0
1265.0 1513.0 1761.0
1265.0 1513.0 1761.0
1265.0 1513.0 1761.0
1265.0 1513.0 1761.0
1265.0 1513.0 1761.0
1265.0 1513.0 1761.0
1265.0 1513.0 1761.0
1265.0 1513.0 1761.0
1265.0 1513.0 1761.0
1265.0 1513.0 1761.0
1265.0 1513.0 1761.0
1265.0 1513.0 1761.0
1265.0 1513.0 1761.0
1265.0 1513.0 1761.0
1265.0 1513.0 1761.0
1265.0 1513.0 1761.0
1265.0 1513.0 1761.0
1265.0 1513.0 1761.0
1265.0 1513.0 1761.0
1265.0 1513.0 1761.0
1265.0 1513.0 1761.0
1265.0 1513.0 1761.0
1265.0 1513.0 1761.0
1265.0 1513.0 1761.0
1265.0 1513.0 1761.0
1265.0 1513.0 1761.0
1265.0 1513.0 1761.0
1265.0 1513.0 1761.0
1265.0 1513.0 1761.0
1265.0 1513.0 1761.0
1265.0 1513.0 1761.0
1265.0 1513.0 1761.0
1265.0 1513.0 1761.0
1265.0 1513.0 1761.0
1265.0 1513.0 1761.0
1265.0 1513.0 1761.0
1265.0 1513.0 1761.0
1265.0 1513.0 1761.0
1265.0 1513.0 1761.0
1265.0 1513.0 1761.0
1265.0 1513.0 1761.0
1265.0 1513.0 1761.0
1265.0 1513.0 1761.0
1265.0 1513.0 1761.0
1265.0 1513.0 1761.0
1265.0 1513.0 1761.0
1265.0 1513.0 1761.0
1265.0 1513.0 1761.0
1265.0 1513.0 1761.0
1265.0 1513.0 1761.0
