14201.0 14299.0 14397.0
12451.0 13231.5 14012.0
9552.0 10548.0 11544.0
10206.0 10524.0 10842.0
8082.0 8804.0 9526.0
5066.0 5179.5 5293.0
5066.0 5179.5 5293.0
3672.0 4482.5 5293.0
3672.0 4599.5 5527.0
2283.0 2896.5 3510.0
2283.0 2896.5 3510.0
2283.0 2896.5 3510.0
2283.0 2507.0 2731.0
2283.0 2507.0 2731.0
2283.0 2507.0 2731.0
2283.0 2507.0 2731.0
2283.0 2507.0 2731.0
2283.0 2507.0 2731.0
2283.0 2507.0 2731.0
2283.0 2507.0 2731.0
2283.0 2507.0 2731.0
2283.0 2507.0 2731.0
2283.0 2507.0 2731.0
2272.0 2277.5 2283.0
2283.0 2335.0 2387.0
1901.0 2092.0 2283.0
1901.0 2092.0 2283.0
1901.0 2092.0 2283.0
1901.0 2092.0 2283.0
1901.0 2092.0 2283.0
1901.0 2092.0 2283.0
1901.0 2092.0 2283.0
1901.0 2092.0 2283.0
1901.0 2092.0 2283.0
1901.0 2092.0 2283.0
1901.0 2092.0 2283.0
1901.0 2092.0 2283.0
1555.0 1728.0 1901.0
1555.0 1728.0 1901.0
1555.0 1728.0 1901.0
1555.0 1728.0 1901.0
1555.0 1728.0 1901.0
1555.0 1728.0 1901.0
1555.0 1728.0 1901.0
1555.0 1728.0 1901.0
1555.0 1728.0 1901.0
1555.0 1728.0 1901.0
1555.0 1728.0 1901.0
1555.0 1728.0 1901.0
1555.0 1728.0 1901.0
1555.0 1728.0 1901.0
1555.0 1728.0 1901.0
1555.0 1728.0 1901.0
1555.0 1728.0 1901.0
1555.0 1728.0 1901.0
1555.0 1728.0 1901.0
1555.0 1728.0 1901.0
1555.0 1728.0 1901.0
1555.0 1728.0 1901.0
1555.0 1728.0 1901.0
1555.0 1728.0 1901.0
1555.0 1728.0 1901.0
1555.0 1728.0 1901.0
1555.0 1728.0 1901.0
1555.0 1728.0 1901.0
1555.0 1728.0 1901.0
1555.0 1728.0 1901.0
1555.0 1728.0 1901.0
1555.0 1728.0 1901.0
1555.0 1728.0 1901.0
1555.0 1728.0 1901.0
1555.0 1728.0 1901.0
1555.0 1728.0 1901.0
1555.0 1728.0 1901.0
1555.0 1728.0 1901.0
1555.0 1728.0 1901.0
1555.0 1728.0 1901.0
1555.0 1728.0 1901.0
1555.0 1728.0 1901.0
1555.0 1572.5 1590.0
1555.0 1572.5 1590.0
1555.0 1572.5 1590.0
1555.0 1572.5 1590.0
1555.0 1572.5 1590.0
1555.0 1572.5 1590.0
1555.0 1572.5 1590.0
1555.0 1572.5 1590.0
1555.0 1572.5 1590.0
1555.0 1572.5 1590.0
1555.0 1572.5 1590.0
1555.0 1572.5 1590.0
1555.0 1572.5 1590.0
1555.0 1572.5 1590.0
1555.0 1572.5 1590.0
1555.0 1572.5 1590.0
1555.0 1572.5 1590.0
1555.0 1572.5 1590.0
1555.0 1572.5 1590.0
1555.0 1572.5 1590.0
1555.0 1572.5 1590.0
1555.0 1572.5 1590.0
1392.0 1473.5 1555.0
1392.0 1473.5 1555.0
1392.0 1473.5 1555.0
1392.0 1473.5 1555.0
1392.0 1473.5 1555.0
1392.0 1473.5 1555.0
1392.0 1473.5 1555.0
1392.0 1473.5 1555.0
1392.0 1473.5 1555.0
1392.0 1473.5 1555.0
1392.0 1473.5 1555.0
1392.0 1473.5 1555.0
1392.0 1473.5 1555.0
1392.0 1473.5 1555.0
1392.0 1473.5 1555.0
1392.0 1473.5 1555.0
1392.0 1473.5 1555.0
1392.0 1473.5 1555.0
1392.0 1473.5 1555.0
1392.0 1473.5 1555.0
1392.0 1473.5 1555.0
1392.0 1473.5 1555.0
1392.0 1473.5 1555.0
1392.0 1473.5 1555.0
1392.0 1473.5 1555.0
1392.0 1473.5 1555.0
1392.0 1473.5 1555.0
1392.0 1473.5 1555.0
1392.0 1473.5 1555.0
1392.0 1473.5 1555.0
1392.0 1473.5 1555.0
1392.0 1473.5 1555.0
1392.0 1473.5 1555.0
1392.0 1473.5 1555.0
1392.0 1473.5 1555.0
1392.0 1473.5 1555.0
1392.0 1473.5 1555.0
1392.0 1473.5 1555.0
1392.0 1473.5 1555.0
1392.0 1473.5 1555.0
1392.0 1473.5 1555.0
1392.0 1473.5 1555.0
1392.0 1473.5 1555.0
1392.0 1473.5 1555.0
1392.0 1473.5 1555.0
1392.0 1473.5 1555.0
1392.0 1473.5 1555.0
1392.0 1473.5 1555.0
1392.0 1473.5 1555.0
1392.0 1473.5 1555.0
1392.0 1473.5 1555.0
1392.0 1473.5 1555.0
1392.0 1473.5 1555.0
1392.0 1473.5 1555.0
1392.0 1473.5 1555.0
1392.0 1473.5 1555.0
1392.0 1473.5 1555.0
1392.0 1473.5 1555.0
1392.0 1473.5 1555.0
1392.0 1473.5 1555.0
1392.0 1473.5 1555.0
1392.0 1473.5 1555.0
1474.0 1514.5 1555.0
1169.0 1362.0 1555.0
1149.0 1352.0 1555.0
1149.0 1352.0 1555.0
1149.0 1352.0 1555.0
1149.0 1352.0 1555.0
1149.0 1352.0 1555.0
1149.0 1352.0 1555.0
1149.0 1352.0 1555.0
1149.0 1352.0 1555.0
1149.0 1352.0 1555.0
1149.0 1352.0 1555.0
1149.0 1352.0 1555.0
1149.0 1352.0 1555.0
1149.0 1352.0 1555.0
1149.0 1352.0 1555.0
1149.0 1352.0 1555.0
1149.0 1352.0 1555.0
1149.0 1352.0 1555.0
1149.0 1352.0 1555.0
1149.0 1352.0 1555.0
1149.0 1352.0 1555.0
1149.0 1352.0 1555.0
1149.0 1352.0 1555.0
1149.0 1352.0 1555.0
1149.0 1352.0 1555.0
1149.0 1352.0 1555.0
1149.0 1352.0 1555.0
1149.0 1352.0 1555.0
1149.0 1352.0 1555.0
1149.0 1352.0 1555.0
1149.0 1352.0 1555.0
1149.0 1352.0 1555.0
1149.0 1352.0 1555.0
1149.0 1352.0 1555.0
1149.0 1352.0 1555.0
1149.0 1352.0 1555.0
