14307.0 15848.0 17389.0
10797.0 12787.5 14778.0
10187.0 10883.5 11580.0
7006.0 7888.5 8771.0
5600.0 6205.5 6811.0
4553.0 6061.0 7569.0
4692.0 5197.0 5702.0
3282.0 4492.0 5702.0
3282.0 4492.0 5702.0
2428.0 4065.0 5702.0
2428.0 4065.0 5702.0
2428.0 4065.0 5702.0
2428.0 3106.0 3784.0
2428.0 3106.0 3784.0
2428.0 3106.0 3784.0
2428.0 3106.0 3784.0
2428.0 3106.0 3784.0
2428.0 2457.5 2487.0
2076.0 2252.0 2428.0
2076.0 2252.0 2428.0
2076.0 2252.0 2428.0
2076.0 2252.0 2428.0
1943.0 2185.5 2428.0
1984.0 2206.0 2428.0
1984.0 2206.0 2428.0
1966.0 2197.0 2428.0
1966.0 2197.0 2428.0
1966.0 2197.0 2428.0
1966.0 2197.0 2428.0
1966.0 2197.0 2428.0
1966.0 2197.0 2428.0
1966.0 2197.0 2428.0
1966.0 2197.0 2428.0
1966.0 2397.0 2828.0
1966.0 2397.0 2828.0
1966.0 2397.0 2828.0
1966.0 2397.0 2828.0
1966.0 2397.0 2828.0
1966.0 2397.0 2828.0
1966.0 2397.0 2828.0
1966.0 2397.0 2828.0
1966.0 2397.0 2828.0
1966.0 2397.0 2828.0
1966.0 2397.0 2828.0
1966.0 2397.0 2828.0
1966.0 2397.0 2828.0
1966.0 2397.0 2828.0
1966.0 2397.0 2828.0
1966.0 2397.0 2828.0
1966.0 2397.0 2828.0
1966.0 2397.0 2828.0
1966.0 2397.0 2828.0
1966.0 2397.0 2828.0
1966.0 2397.0 2828.0
1966.0 2397.0 2828.0
1966.0 2397.0 2828.0
1966.0 2397.0 2828.0
1966.0 2397.0 2828.0
1966.0 2181.0 2396.0
1952.0 1959.0 1966.0
1952.0 1959.0 1966.0
1952.0 1959.0 1966.0
1952.0 1959.0 1966.0
1952.0 1959.0 1966.0
1952.0 1959.0 1966.0
1952.0 1959.0 1966.0
1952.0 1959.0 1966.0
1952.0 1959.0 1966.0
1952.0 1959.0 1966.0
1952.0 1959.0 1966.0
1952.0 1959.0 1966.0
1952.0 1959.0 1966.0
1952.0 1959.0 1966.0
1952.0 1959.0 1966.0
1952.0 1959.0 1966.0
1952.0 1959.0 1966.0
1952.0 1959.0 1966.0
1952.0 1959.0 1966.0
1952.0 1959.0 1966.0
1952.0 1959.0 1966.0
1952.0 1959.0 1966.0
1952.0 1959.0 1966.0
1952.0 1959.0 1966.0
1952.0 1959.0 1966.0
1952.0 1959.0 1966.0
1952.0 1959.0 1966.0
1952.0 1959.0 1966.0
1952.0 1959.0 1966.0
1952.0 1959.0 1966.0
1952.0 1959.0 1966.0
1952.0 1959.0 1966.0
1952.0 1959.0 1966.0
1966.0 2099.5 2233.0
1377.0 1671.5 1966.0
1377.0 1671.5 1966.0
1377.0 1671.5 1966.0
1377.0 1671.5 1966.0
1377.0 1671.5 1966.0
1377.0 1671.5 1966.0
1377.0 1671.5 1966.0
1377.0 1671.5 1966.0
1377.0 1671.5 1966.0
1377.0 1671.5 1966.0
1377.0 1671.5 1966.0
1377.0 1671.5 1966.0
1377.0 1671.5 1966.0
1377.0 1671.5 1966.0
1377.0 1561.5 1746.0
1377.0 1561.5 1746.0
1377.0 1561.5 1746.0
1377.0 1561.5 1746.0
1377.0 1561.5 1746.0
1377.0 1561.5 1746.0
1377.0 1561.5 1746.0
1377.0 1561.5 1746.0
1377.0 1561.5 1746.0
1377.0 1561.5 1746.0
1377.0 1561.5 1746.0
1377.0 1561.5 1746.0
1377.0 1561.5 1746.0
1377.0 1561.5 1746.0
1377.0 1561.5 1746.0
1377.0 1561.5 1746.0
1377.0 1561.5 1746.0
1377.0 1561.5 1746.0
1377.0 1561.5 1746.0
1377.0 1561.5 1746.0
1377.0 1561.5 1746.0
1377.0 1561.5 1746.0
1377.0 1561.5 1746.0
1377.0 1561.5 1746.0
1377.0 1561.5 1746.0
1377.0 1561.5 1746.0
1377.0 1561.5 1746.0
1377.0 1561.5 1746.0
1377.0 1561.5 1746.0
1377.0 1561.5 1746.0
1377.0 1561.5 1746.0
1377.0 1561.5 1746.0
1377.0 1561.5 1746.0
1377.0 1561.5 1746.0
1377.0 1561.5 1746.0
1377.0 1561.5 1746.0
1377.0 1561.5 1746.0
1377.0 1561.5 1746.0
1377.0 1561.5 1746.0
1377.0 1561.5 1746.0
1377.0 1561.5 1746.0
1377.0 1561.5 1746.0
1377.0 1561.5 1746.0
1377.0 1561.5 1746.0
1377.0 1561.5 1746.0
1377.0 1561.5 1746.0
1377.0 1561.5 1746.0
1377.0 1561.5 1746.0
1377.0 1561.5 1746.0
1377.0 1561.5 1746.0
1377.0 1561.5 1746.0
1377.0 1561.5 1746.0
1377.0 1561.5 1746.0
1377.0 1561.5 1746.0
1377.0 1561.5 1746.0
1377.0 1561.5 1746.0
1377.0 1561.5 1746.0
1377.0 1561.5 1746.0
1377.0 1561.5 1746.0
1377.0 1561.5 1746.0
1377.0 1561.5 1746.0
1377.0 1561.5 1746.0
1377.0 1561.5 1746.0
1377.0 1561.5 1746.0
1377.0 1561.5 1746.0
1377.0 1561.5 1746.0
1377.0 1561.5 1746.0
1377.0 1561.5 1746.0
1377.0 1561.5 1746.0
1377.0 1561.5 1746.0
1377.0 1561.5 1746.0
1377.0 1561.5 1746.0
1377.0 1561.5 1746.0
1377.0 1561.5 1746.0
1377.0 1561.5 1746.0
1377.0 1561.5 1746.0
1377.0 1561.5 1746.0
1377.0 1561.5 1746.0
1377.0 1561.5 1746.0
1377.0 1561.5 1746.0
1377.0 1561.5 1746.0
1377.0 1561.5 1746.0
1377.0 1561.5 1746.0
1377.0 1561.5 1746.0
1377.0 1561.5 1746.0
1377.0 1561.5 1746.0
1377.0 1561.5 1746.0
1214.0 1295.5 1377.0
1354.0 1365.5 1377.0
1354.0 1365.5 1377.0
1354.0 1365.5 1377.0
1354.0 1365.5 1377.0
1354.0 1365.5 1377.0
