15563.0 15942.0 16321.0
11406.0 12778.5 14151.0
11024.0 12499.0 13974.0
8290.0 9643.0 10996.0
6648.0 8700.0 10752.0
7551.0 9800.0 12049.0
7170.0 7502.5 7835.0
5113.0 5480.5 5848.0
5113.0 5480.5 5848.0
4645.0 5063.0 5481.0
4981.0 5231.0 5481.0
3010.0 3394.0 3778.0
3010.0 3272.0 3534.0
3010.0 3272.0 3534.0
1960.0 2273.5 2587.0
1746.0 2099.0 2452.0
1746.0 2099.0 2452.0
1746.0 2099.0 2452.0
1746.0 2099.0 2452.0
1746.0 2099.0 2452.0
1746.0 2099.0 2452.0
1746.0 2099.0 2452.0
1746.0 2099.0 2452.0
1746.0 2099.0 2452.0
1746.0 2099.0 2452.0
1746.0 2099.0 2452.0
1746.0 2099.0 2452.0
1746.0 2099.0 2452.0
1746.0 2099.0 2452.0
1746.0 2099.0 2452.0
1746.0 2099.0 2452.0
1746.0 2099.0 2452.0
1746.0 2099.0 2452.0
1746.0 2099.0 2452.0
1746.0 2099.0 2452.0
1746.0 2099.0 2452.0
1746.0 2099.0 2452.0
1746.0 2099.0 2452.0
1746.0 2099.0 2452.0
1746.0 2099.0 2452.0
1746.0 2099.0 2452.0
1746.0 2099.0 2452.0
1746.0 2099.0 2452.0
1746.0 2099.0 2452.0
1746.0 2099.0 2452.0
1746.0 2099.0 2452.0
1746.0 2099.0 2452.0
1746.0 2099.0 2452.0
1746.0 2099.0 2452.0
1746.0 2099.0 2452.0
1746.0 2099.0 2452.0
1746.0 2099.0 2452.0
1746.0 2099.0 2452.0
1746.0 2099.0 2452.0
1746.0 2099.0 2452.0
1746.0 1809.5 1873.0
1746.0 1809.5 1873.0
1746.0 1809.5 1873.0
1746.0 1809.5 1873.0
1746.0 1809.5 1873.0
1746.0 1809.5 1873.0
1746.0 1809.5 1873.0
1746.0 1809.5 1873.0
1746.0 1809.5 1873.0
1746.0 1809.5 1873.0
1746.0 1809.5 1873.0
1746.0 1809.5 1873.0
1746.0 1809.5 1873.0
1746.0 1809.5 1873.0
1746.0 1809.5 1873.0
1746.0 1809.5 1873.0
1746.0 1809.5 1873.0
1746.0 1809.5 1873.0
1746.0 1809.5 1873.0
1746.0 1809.5 1873.0
1746.0 1809.5 1873.0
1746.0 1809.5 1873.0
1746.0 1809.5 1873.0
1746.0 1809.5 1873.0
1746.0 1809.5 1873.0
1746.0 1809.5 1873.0
1746.0 1809.5 1873.0
1746.0 1809.5 1873.0
1746.0 1809.5 1873.0
1746.0 1809.5 1873.0
1746.0 1809.5 1873.0
1746.0 1809.5 1873.0
1746.0 1809.5 1873.0
1746.0 1809.5 1873.0
1746.0 1809.5 1873.0
1746.0 1809.5 1873.0
1746.0 1809.5 1873.0
1746.0 1809.5 1873.0
1746.0 1809.5 1873.0
1746.0 1809.5 1873.0
1746.0 1809.5 1873.0
1746.0 1809.5 1873.0
1746.0 1809.5 1873.0
1746.0 1809.5 1873.0
1746.0 1809.5 1873.0
1746.0 1809.5 1873.0
1746.0 1809.5 1873.0
1746.0 1809.5 1873.0
1746.0 1809.5 1873.0
1746.0 1809.5 1873.0
1746.0 1809.5 1873.0
1746.0 1809.5 1873.0
1746.0 1809.5 1873.0
1746.0 1809.5 1873.0
1746.0 1809.5 1873.0
1746.0 1809.5 1873.0
1746.0 1809.5 1873.0
1746.0 1809.5 1873.0
1746.0 1809.5 1873.0
1746.0 1809.5 1873.0
1746.0 1809.5 1873.0
1746.0 1809.5 1873.0
1746.0 1809.5 1873.0
1746.0 1809.5 1873.0
1746.0 1809.5 1873.0
1746.0 1809.5 1873.0
1673.0 1709.5 1746.0
1673.0 1709.5 1746.0
1673.0 1709.5 1746.0
1673.0 1709.5 1746.0
1673.0 1709.5 1746.0
1673.0 1709.5 1746.0
1673.0 1709.5 1746.0
1673.0 1709.5 1746.0
1673.0 1709.5 1746.0
1673.0 1709.5 1746.0
1673.0 1709.5 1746.0
1673.0 1709.5 1746.0
1673.0 1709.5 1746.0
1673.0 1709.5 1746.0
1673.0 1709.5 1746.0
1673.0 1709.5 1746.0
1673.0 1709.5 1746.0
1673.0 1709.5 1746.0
1673.0 1709.5 1746.0
1673.0 1709.5 1746.0
1673.0 1709.5 1746.0
1673.0 1709.5 1746.0
1673.0 1709.5 1746.0
1673.0 1709.5 1746.0
1673.0 1709.5 1746.0
1673.0 1709.5 1746.0
1673.0 1709.5 1746.0
1673.0 1709.5 1746.0
1673.0 1709.5 1746.0
1255.0 1500.5 1746.0
1308.0 1527.0 1746.0
1286.0 1516.0 1746.0
1286.0 1516.0 1746.0
1286.0 1516.0 1746.0
1286.0 1516.0 1746.0
1286.0 1516.0 1746.0
1286.0 1516.0 1746.0
1286.0 1516.0 1746.0
1286.0 1516.0 1746.0
1286.0 1516.0 1746.0
1286.0 1516.0 1746.0
1286.0 1516.0 1746.0
1286.0 1516.0 1746.0
1286.0 1516.0 1746.0
1286.0 1516.0 1746.0
1286.0 1516.0 1746.0
1286.0 1516.0 1746.0
1286.0 1516.0 1746.0
1286.0 1516.0 1746.0
1286.0 1516.0 1746.0
1286.0 1516.0 1746.0
1286.0 1516.0 1746.0
1286.0 1516.0 1746.0
1286.0 1516.0 1746.0
1286.0 1516.0 1746.0
1286.0 1516.0 1746.0
1286.0 1516.0 1746.0
1286.0 1516.0 1746.0
1286.0 1516.0 1746.0
1286.0 1516.0 1746.0
1286.0 1516.0 1746.0
1286.0 1516.0 1746.0
1286.0 1516.0 1746.0
1286.0 1516.0 1746.0
1286.0 1516.0 1746.0
1286.0 1516.0 1746.0
1286.0 1516.0 1746.0
1286.0 1516.0 1746.0
1286.0 1516.0 1746.0
1286.0 1516.0 1746.0
1286.0 1516.0 1746.0
1286.0 1516.0 1746.0
1286.0 1516.0 1746.0
1286.0 1516.0 1746.0
1286.0 1516.0 1746.0
1286.0 1516.0 1746.0
1286.0 1516.0 1746.0
1286.0 1516.0 1746.0
1286.0 1516.0 1746.0
