13223.0 14137.0 15051.0
11756.0 12703.0 13650.0
9925.0 10862.5 11800.0
9059.0 10329.5 11600.0
6100.0 7565.5 9031.0
6916.0 6965.5 7015.0
5620.0 5860.5 6101.0
4165.0 4547.5 4930.0
2865.0 3425.5 3986.0
2088.0 2898.0 3708.0
2088.0 2898.0 3708.0
2088.0 2898.0 3708.0
2088.0 2898.0 3708.0
2088.0 2898.0 3708.0
2088.0 2898.0 3708.0
2088.0 2898.0 3708.0
2088.0 2615.5 3143.0
2088.0 2206.0 2324.0
2088.0 2553.0 3018.0
2088.0 2443.0 2798.0
2088.0 2443.0 2798.0
2088.0 2443.0 2798.0
2088.0 2443.0 2798.0
2088.0 2443.0 2798.0
2088.0 2443.0 2798.0
2088.0 2443.0 2798.0
2088.0 2443.0 2798.0
2088.0 2198.5 2309.0
1115.0 1601.5 2088.0
1115.0 1601.5 2088.0
1115.0 1601.5 2088.0
1115.0 1601.5 2088.0
1115.0 1601.5 2088.0
1115.0 1601.5 2088.0
1115.0 1601.5 2088.0
1115.0 1601.5 2088.0
1115.0 1601.5 2088.0
1115.0 1601.5 2088.0
1115.0 1601.5 2088.0
1115.0 1601.5 2088.0
1115.0 1601.5 2088.0
1115.0 1601.5 2088.0
1115.0 1379.5 1644.0
1115.0 1379.5 1644.0
1115.0 1379.5 1644.0
1115.0 1379.5 1644.0
1115.0 1379.5 1644.0
1115.0 1379.5 1644.0
1115.0 1379.5 1644.0
1115.0 1379.5 1644.0
1115.0 1379.5 1644.0
1115.0 1379.5 1644.0
1115.0 1379.5 1644.0
1115.0 1379.5 1644.0
1115.0 1379.5 1644.0
1115.0 1379.5 1644.0
1115.0 1379.5 1644.0
1115.0 1379.5 1644.0
1115.0 1379.5 1644.0
1115.0 1379.5 1644.0
1115.0 1379.5 1644.0
1115.0 1379.5 1644.0
1115.0 1379.5 1644.0
1115.0 1379.5 1644.0
1115.0 1379.5 1644.0
1115.0 1379.5 1644.0
1115.0 1379.5 1644.0
1115.0 1379.5 1644.0
1115.0 1379.5 1644.0
1115.0 1379.5 1644.0
1115.0 1379.5 1644.0
1115.0 1379.5 1644.0
1115.0 1379.5 1644.0
1115.0 1379.5 1644.0
1115.0 1379.5 1644.0
1115.0 1379.5 1644.0
1115.0 1564.5 2014.0
1115.0 1564.5 2014.0
1115.0 1564.5 2014.0
1115.0 1564.5 2014.0
1115.0 1564.5 2014.0
1115.0 1564.5 2014.0
1115.0 1564.5 2014.0
1115.0 1564.5 2014.0
1115.0 1564.5 2014.0
1115.0 1564.5 2014.0
1115.0 1564.5 2014.0
1115.0 1564.5 2014.0
1115.0 1564.5 2014.0
1115.0 1564.5 2014.0
1115.0 1564.5 2014.0
1115.0 1564.5 2014.0
1115.0 1564.5 2014.0
1115.0 1564.5 2014.0
1115.0 1564.5 2014.0
1115.0 1564.5 2014.0
1115.0 1564.5 2014.0
1115.0 1564.5 2014.0
1115.0 1564.5 2014.0
1115.0 1564.5 2014.0
1115.0 1564.5 2014.0
1115.0 1564.5 2014.0
1115.0 1564.5 2014.0
1115.0 1564.5 2014.0
1115.0 1564.5 2014.0
1115.0 1564.5 2014.0
1115.0 1564.5 2014.0
1115.0 1564.5 2014.0
1115.0 1564.5 2014.0
1115.0 1564.5 2014.0
1115.0 1564.5 2014.0
1115.0 1564.5 2014.0
1115.0 1564.5 2014.0
1115.0 1564.5 2014.0
1115.0 1564.5 2014.0
1115.0 1564.5 2014.0
1115.0 1564.5 2014.0
1115.0 1564.5 2014.0
1115.0 1564.5 2014.0
1115.0 1564.5 2014.0
1115.0 1564.5 2014.0
1115.0 1318.0 1521.0
1115.0 1318.0 1521.0
1115.0 1318.0 1521.0
1115.0 1318.0 1521.0
1115.0 1318.0 1521.0
1115.0 1318.0 1521.0
1115.0 1318.0 1521.0
1115.0 1318.0 1521.0
1115.0 1318.0 1521.0
1115.0 1318.0 1521.0
1115.0 1318.0 1521.0
1115.0 1318.0 1521.0
1115.0 1318.0 1521.0
1115.0 1318.0 1521.0
1115.0 1318.0 1521.0
1115.0 1318.0 1521.0
1115.0 1318.0 1521.0
1115.0 1318.0 1521.0
1115.0 1318.0 1521.0
1115.0 1318.0 1521.0
1115.0 1318.0 1521.0
1115.0 1318.0 1521.0
1115.0 1318.0 1521.0
1115.0 1318.0 1521.0
1115.0 1318.0 1521.0
1115.0 1318.0 1521.0
1115.0 1318.0 1521.0
1115.0 1318.0 1521.0
1115.0 1318.0 1521.0
1115.0 1318.0 1521.0
1115.0 1318.0 1521.0
1115.0 1318.0 1521.0
1115.0 1318.0 1521.0
1115.0 1318.0 1521.0
1115.0 1318.0 1521.0
1115.0 1318.0 1521.0
1115.0 1318.0 1521.0
1115.0 1318.0 1521.0
1115.0 1318.0 1521.0
1115.0 1318.0 1521.0
1115.0 1318.0 1521.0
1115.0 1318.0 1521.0
1115.0 1318.0 1521.0
1115.0 1318.0 1521.0
1115.0 1318.0 1521.0
1115.0 1318.0 1521.0
1115.0 1318.0 1521.0
1115.0 1318.0 1521.0
1115.0 1318.0 1521.0
1115.0 1318.0 1521.0
1115.0 1318.0 1521.0
1115.0 1318.0 1521.0
1115.0 1318.0 1521.0
1115.0 1318.0 1521.0
1115.0 1318.0 1521.0
1115.0 1318.0 1521.0
1115.0 1318.0 1521.0
1115.0 1318.0 1521.0
1115.0 1318.0 1521.0
1115.0 1318.0 1521.0
1115.0 1318.0 1521.0
1115.0 1318.0 1521.0
1115.0 1318.0 1521.0
1115.0 1318.0 1521.0
1115.0 1318.0 1521.0
1115.0 1318.0 1521.0
1115.0 1318.0 1521.0
1115.0 1318.0 1521.0
1115.0 1318.0 1521.0
1115.0 1318.0 1521.0
1115.0 1318.0 1521.0
1115.0 1318.0 1521.0
1115.0 1318.0 1521.0
1115.0 1318.0 1521.0
1115.0 1318.0 1521.0
1115.0 1318.0 1521.0
1115.0 1318.0 1521.0
1115.0 1318.0 1521.0
1115.0 1318.0 1521.0
