10698.0 11916.0 13134.0
11468.0 11665.0 11862.0
7348.0 7435.0 7522.0
6754.0 6786.5 6819.0
3814.0 4463.0 5112.0
3014.0 3414.0 3814.0
2476.0 2528.5 2581.0
2223.0 2349.5 2476.0
1896.0 2051.5 2207.0
1896.0 1903.0 1910.0
1516.0 1592.5 1669.0
1516.0 1534.0 1552.0
1172.0 1284.0 1396.0
1172.0 1284.0 1396.0
1172.0 1284.0 1396.0
1172.0 1284.0 1396.0
1172.0 1284.0 1396.0
1172.0 1284.0 1396.0
1172.0 1284.0 1396.0
1172.0 1284.0 1396.0
1172.0 1284.0 1396.0
1172.0 1284.0 1396.0
1172.0 1284.0 1396.0
1172.0 1284.0 1396.0
1172.0 1284.0 1396.0
1172.0 1284.0 1396.0
1172.0 1284.0 1396.0
1172.0 1284.0 1396.0
1172.0 1284.0 1396.0
1172.0 1284.0 1396.0
1172.0 1284.0 1396.0
1172.0 1284.0 1396.0
1172.0 1284.0 1396.0
1172.0 1284.0 1396.0
1172.0 1284.0 1396.0
1172.0 1284.0 1396.0
1172.0 1284.0 1396.0
1172.0 1284.0 1396.0
1172.0 1284.0 1396.0
1172.0 1284.0 1396.0
1172.0 1284.0 1396.0
1172.0 1284.0 1396.0
1172.0 1284.0 1396.0
1172.0 1284.0 1396.0
1172.0 1284.0 1396.0
1172.0 1284.0 1396.0
1172.0 1284.0 1396.0
1172.0 1284.0 1396.0
1172.0 1284.0 1396.0
1172.0 1284.0 1396.0
1172.0 1284.0 1396.0
1172.0 1284.0 1396.0
1172.0 1284.0 1396.0
1172.0 1284.0 1396.0
1172.0 1284.0 1396.0
1172.0 1284.0 1396.0
1172.0 1284.0 1396.0
1172.0 1284.0 1396.0
1172.0 1284.0 1396.0
1172.0 1284.0 1396.0
1144.0 1270.0 1396.0
1144.0 1270.0 1396.0
1144.0 1270.0 1396.0
1144.0 1270.0 1396.0
1144.0 1270.0 1396.0
1144.0 1270.0 1396.0
1144.0 1270.0 1396.0
1144.0 1270.0 1396.0
1144.0 1270.0 1396.0
1144.0 1270.0 1396.0
1144.0 1270.0 1396.0
1144.0 1270.0 1396.0
1144.0 1270.0 1396.0
1144.0 1270.0 1396.0
1144.0 1270.0 1396.0
1144.0 1270.0 1396.0
1144.0 1270.0 1396.0
1144.0 1270.0 1396.0
1144.0 1270.0 1396.0
1144.0 1270.0 1396.0
1144.0 1270.0 1396.0
1144.0 1270.0 1396.0
1144.0 1270.0 1396.0
1144.0 1270.0 1396.0
1144.0 1270.0 1396.0
1144.0 1270.0 1396.0
1144.0 1270.0 1396.0
1144.0 1270.0 1396.0
1144.0 1270.0 1396.0
1144.0 1270.0 1396.0
1144.0 1270.0 1396.0
1144.0 1270.0 1396.0
1144.0 1270.0 1396.0
1144.0 1270.0 1396.0
1144.0 1270.0 1396.0
1144.0 1270.0 1396.0
1144.0 1270.0 1396.0
1144.0 1270.0 1396.0
1144.0 1270.0 1396.0
1144.0 1270.0 1396.0
1144.0 1270.0 1396.0
1144.0 1270.0 1396.0
1144.0 1270.0 1396.0
1144.0 1270.0 1396.0
1144.0 1270.0 1396.0
1144.0 1270.0 1396.0
1144.0 1270.0 1396.0
1144.0 1270.0 1396.0
1144.0 1270.0 1396.0
1144.0 1270.0 1396.0
1144.0 1270.0 1396.0
1144.0 1270.0 1396.0
1144.0 1270.0 1396.0
1144.0 1270.0 1396.0
966.0 1055.0 1144.0
966.0 1055.0 1144.0
966.0 1055.0 1144.0
1020.0 1082.0 1144.0
1020.0 1082.0 1144.0
1020.0 1082.0 1144.0
1020.0 1082.0 1144.0
1020.0 1082.0 1144.0
1020.0 1082.0 1144.0
1020.0 1082.0 1144.0
1020.0 1082.0 1144.0
1020.0 1082.0 1144.0
1020.0 1082.0 1144.0
1020.0 1082.0 1144.0
1020.0 1082.0 1144.0
1020.0 1082.0 1144.0
1020.0 1082.0 1144.0
1020.0 1082.0 1144.0
1020.0 1082.0 1144.0
1020.0 1082.0 1144.0
1020.0 1082.0 1144.0
1020.0 1082.0 1144.0
1020.0 1082.0 1144.0
1020.0 1082.0 1144.0
1020.0 1082.0 1144.0
1020.0 1082.0 1144.0
1020.0 1082.0 1144.0
1020.0 1082.0 1144.0
1020.0 1082.0 1144.0
1020.0 1082.0 1144.0
1020.0 1082.0 1144.0
1020.0 1082.0 1144.0
1020.0 1082.0 1144.0
1020.0 1082.0 1144.0
1020.0 1082.0 1144.0
1020.0 1082.0 1144.0
1020.0 1082.0 1144.0
1020.0 1082.0 1144.0
1020.0 1082.0 1144.0
1020.0 1082.0 1144.0
1020.0 1082.0 1144.0
1020.0 1082.0 1144.0
1020.0 1082.0 1144.0
1020.0 1082.0 1144.0
1020.0 1082.0 1144.0
1020.0 1082.0 1144.0
1020.0 1082.0 1144.0
1020.0 1082.0 1144.0
1020.0 1082.0 1144.0
1020.0 1082.0 1144.0
1020.0 1082.0 1144.0
1020.0 1082.0 1144.0
1020.0 1082.0 1144.0
1020.0 1082.0 1144.0
1020.0 1082.0 1144.0
1020.0 1082.0 1144.0
1020.0 1082.0 1144.0
1020.0 1082.0 1144.0
1020.0 1082.0 1144.0
1020.0 1082.0 1144.0
1020.0 1082.0 1144.0
1020.0 1082.0 1144.0
1020.0 1082.0 1144.0
1020.0 1082.0 1144.0
1020.0 1082.0 1144.0
1020.0 1082.0 1144.0
1020.0 1082.0 1144.0
1020.0 1082.0 1144.0
1020.0 1082.0 1144.0
1020.0 1082.0 1144.0
1020.0 1082.0 1144.0
1020.0 1082.0 1144.0
1020.0 1082.0 1144.0
1020.0 1082.0 1144.0
1020.0 1082.0 1144.0
1020.0 1082.0 1144.0
1020.0 1082.0 1144.0
1020.0 1082.0 1144.0
1020.0 1082.0 1144.0
1020.0 1082.0 1144.0
1020.0 1082.0 1144.0
1020.0 1082.0 1144.0
1020.0 1082.0 1144.0
1020.0 1082.0 1144.0
1020.0 1082.0 1144.0
1020.0 1082.0 1144.0
