10763.0 11302.5 11842.0
8674.0 8917.0 9160.0
6944.0 7430.0 7916.0
2449.0 4613.0 6777.0
2449.0 4146.5 5844.0
2316.0 3193.5 4071.0
2316.0 2834.5 3353.0
2358.0 2855.5 3353.0
2299.0 2483.5 2668.0
1511.0 1968.0 2425.0
1511.0 1968.0 2425.0
1699.0 2062.0 2425.0
1615.0 1627.0 1639.0
1615.0 1635.0 1655.0
1124.0 1217.0 1310.0
962.0 1136.0 1310.0
962.0 1136.0 1310.0
962.0 1136.0 1310.0
962.0 1136.0 1310.0
962.0 1136.0 1310.0
962.0 1136.0 1310.0
962.0 1136.0 1310.0
962.0 1136.0 1310.0
962.0 1136.0 1310.0
962.0 1136.0 1310.0
962.0 1136.0 1310.0
962.0 1136.0 1310.0
962.0 1136.0 1310.0
962.0 1136.0 1310.0
962.0 1136.0 1310.0
962.0 1136.0 1310.0
962.0 1136.0 1310.0
962.0 1136.0 1310.0
962.0 1136.0 1310.0
962.0 1136.0 1310.0
962.0 1136.0 1310.0
962.0 1136.0 1310.0
962.0 1136.0 1310.0
962.0 1136.0 1310.0
962.0 1136.0 1310.0
962.0 1136.0 1310.0
962.0 1136.0 1310.0
962.0 1136.0 1310.0
962.0 1136.0 1310.0
962.0 1136.0 1310.0
962.0 1136.0 1310.0
962.0 1136.0 1310.0
962.0 1136.0 1310.0
962.0 1136.0 1310.0
962.0 1136.0 1310.0
962.0 1136.0 1310.0
962.0 1136.0 1310.0
962.0 1136.0 1310.0
962.0 1136.0 1310.0
962.0 1136.0 1310.0
962.0 1136.0 1310.0
962.0 1136.0 1310.0
962.0 1136.0 1310.0
962.0 1136.0 1310.0
962.0 1136.0 1310.0
962.0 1136.0 1310.0
962.0 1136.0 1310.0
962.0 1136.0 1310.0
962.0 1136.0 1310.0
962.0 1136.0 1310.0
962.0 1136.0 1310.0
962.0 1136.0 1310.0
962.0 1136.0 1310.0
962.0 1136.0 1310.0
962.0 1136.0 1310.0
962.0 1136.0 1310.0
962.0 1136.0 1310.0
962.0 1136.0 1310.0
962.0 1136.0 1310.0
962.0 1136.0 1310.0
962.0 1136.0 1310.0
962.0 1136.0 1310.0
962.0 1136.0 1310.0
962.0 1136.0 1310.0
962.0 1136.0 1310.0
962.0 1136.0 1310.0
962.0 1136.0 1310.0
962.0 1136.0 1310.0
962.0 1136.0 1310.0
962.0 1136.0 1310.0
962.0 1136.0 1310.0
962.0 1136.0 1310.0
962.0 1136.0 1310.0
962.0 1136.0 1310.0
962.0 1136.0 1310.0
962.0 1136.0 1310.0
962.0 1136.0 1310.0
962.0 1136.0 1310.0
962.0 1136.0 1310.0
962.0 1136.0 1310.0
962.0 1136.0 1310.0
962.0 1136.0 1310.0
962.0 1136.0 1310.0
962.0 1136.0 1310.0
962.0 1136.0 1310.0
962.0 1136.0 1310.0
962.0 1136.0 1310.0
962.0 1136.0 1310.0
962.0 1136.0 1310.0
962.0 1136.0 1310.0
962.0 1136.0 1310.0
962.0 1136.0 1310.0
962.0 1136.0 1310.0
962.0 1136.0 1310.0
962.0 1136.0 1310.0
962.0 1136.0 1310.0
962.0 1136.0 1310.0
962.0 1136.0 1310.0
962.0 1136.0 1310.0
962.0 1136.0 1310.0
962.0 1136.0 1310.0
962.0 1136.0 1310.0
962.0 1136.0 1310.0
962.0 1136.0 1310.0
962.0 1136.0 1310.0
962.0 1136.0 1310.0
962.0 1136.0 1310.0
962.0 1136.0 1310.0
962.0 1136.0 1310.0
962.0 1136.0 1310.0
962.0 1136.0 1310.0
962.0 1136.0 1310.0
962.0 1136.0 1310.0
962.0 1136.0 1310.0
962.0 1136.0 1310.0
962.0 1136.0 1310.0
962.0 1136.0 1310.0
962.0 1136.0 1310.0
962.0 1136.0 1310.0
962.0 1136.0 1310.0
962.0 1136.0 1310.0
962.0 1136.0 1310.0
962.0 1136.0 1310.0
962.0 1136.0 1310.0
962.0 1136.0 1310.0
962.0 1136.0 1310.0
962.0 1136.0 1310.0
962.0 1136.0 1310.0
962.0 1136.0 1310.0
962.0 1136.0 1310.0
962.0 1136.0 1310.0
962.0 1136.0 1310.0
962.0 1136.0 1310.0
962.0 1136.0 1310.0
962.0 1136.0 1310.0
962.0 1136.0 1310.0
962.0 1136.0 1310.0
962.0 1136.0 1310.0
962.0 1136.0 1310.0
962.0 1136.0 1310.0
962.0 1136.0 1310.0
962.0 1136.0 1310.0
962.0 1136.0 1310.0
962.0 1136.0 1310.0
962.0 1136.0 1310.0
962.0 1136.0 1310.0
962.0 1136.0 1310.0
962.0 1136.0 1310.0
962.0 1136.0 1310.0
962.0 1136.0 1310.0
962.0 1136.0 1310.0
962.0 1136.0 1310.0
962.0 1136.0 1310.0
962.0 1136.0 1310.0
962.0 1136.0 1310.0
962.0 1136.0 1310.0
962.0 1136.0 1310.0
962.0 1136.0 1310.0
962.0 1136.0 1310.0
962.0 1136.0 1310.0
962.0 1136.0 1310.0
962.0 1136.0 1310.0
962.0 1136.0 1310.0
962.0 1136.0 1310.0
962.0 1136.0 1310.0
962.0 1136.0 1310.0
962.0 1136.0 1310.0
962.0 1136.0 1310.0
962.0 1136.0 1310.0
962.0 1136.0 1310.0
962.0 1136.0 1310.0
962.0 1136.0 1310.0
962.0 1136.0 1310.0
962.0 1136.0 1310.0
962.0 1136.0 1310.0
962.0 1136.0 1310.0
962.0 969.5 977.0
962.0 969.5 977.0
962.0 969.5 977.0
962.0 969.5 977.0
962.0 969.5 977.0
962.0 969.5 977.0
962.0 969.5 977.0
962.0 969.5 977.0
962.0 969.5 977.0
