13893.0 14670.5 15448.0
10442.0 12048.5 13655.0
7173.0 8210.0 9247.0
6727.0 7427.5 8128.0
3416.0 5253.5 7091.0
3416.0 4346.0 5276.0
2952.0 3491.5 4031.0
2949.0 3490.0 4031.0
2566.0 2784.0 3002.0
1310.0 2156.0 3002.0
1310.0 2156.0 3002.0
1310.0 2156.0 3002.0
1310.0 2346.5 3383.0
1310.0 2346.5 3383.0
1310.0 2346.5 3383.0
1310.0 2346.5 3383.0
1310.0 2346.5 3383.0
1310.0 2346.5 3383.0
1310.0 2346.5 3383.0
1310.0 1899.5 2489.0
1310.0 1885.5 2461.0
1310.0 1636.5 1963.0
1310.0 1636.5 1963.0
1310.0 1410.5 1511.0
1310.0 1410.5 1511.0
1310.0 1410.5 1511.0
1310.0 1410.5 1511.0
1310.0 1410.5 1511.0
1310.0 1410.5 1511.0
1310.0 1410.5 1511.0
1310.0 1410.5 1511.0
1310.0 1410.5 1511.0
1310.0 1410.5 1511.0
1310.0 1410.5 1511.0
1310.0 1410.5 1511.0
1310.0 1410.5 1511.0
1310.0 1410.5 1511.0
1310.0 1410.5 1511.0
1310.0 1410.5 1511.0
1310.0 1410.5 1511.0
1310.0 1410.5 1511.0
1310.0 1410.5 1511.0
1310.0 1410.5 1511.0
1310.0 1410.5 1511.0
1310.0 1410.5 1511.0
1310.0 1410.5 1511.0
1310.0 1410.5 1511.0
1310.0 1410.5 1511.0
1310.0 1410.5 1511.0
1310.0 1410.5 1511.0
1310.0 1410.5 1511.0
1310.0 1410.5 1511.0
1310.0 1410.5 1511.0
1310.0 1410.5 1511.0
1310.0 1410.5 1511.0
1310.0 1410.5 1511.0
1310.0 1410.5 1511.0
1310.0 1410.5 1511.0
1310.0 1410.5 1511.0
1310.0 1410.5 1511.0
1310.0 1410.5 1511.0
1310.0 1410.5 1511.0
1310.0 1410.5 1511.0
1310.0 1410.5 1511.0
1310.0 1410.5 1511.0
1310.0 1410.5 1511.0
1310.0 1410.5 1511.0
1310.0 1410.5 1511.0
1310.0 1410.5 1511.0
1310.0 1410.5 1511.0
1310.0 1410.5 1511.0
1310.0 1410.5 1511.0
1300.0 1305.0 1310.0
1300.0 1305.0 1310.0
1300.0 1305.0 1310.0
1300.0 1305.0 1310.0
1300.0 1305.0 1310.0
1300.0 1305.0 1310.0
1300.0 1305.0 1310.0
1310.0 1343.5 1377.0
1310.0 1343.5 1377.0
1310.0 1343.5 1377.0
761.0 1035.5 1310.0
761.0 1035.5 1310.0
761.0 1035.5 1310.0
761.0 1035.5 1310.0
761.0 1035.5 1310.0
761.0 1035.5 1310.0
761.0 1035.5 1310.0
761.0 1035.5 1310.0
761.0 1035.5 1310.0
761.0 1035.5 1310.0
761.0 1035.5 1310.0
761.0 1035.5 1310.0
761.0 1035.5 1310.0
761.0 1035.5 1310.0
761.0 1035.5 1310.0
761.0 1035.5 1310.0
761.0 1035.5 1310.0
761.0 1035.5 1310.0
761.0 1035.5 1310.0
761.0 1035.5 1310.0
761.0 1035.5 1310.0
761.0 1035.5 1310.0
761.0 1035.5 1310.0
761.0 1035.5 1310.0
761.0 1035.5 1310.0
761.0 1035.5 1310.0
761.0 1035.5 1310.0
761.0 1035.5 1310.0
761.0 1035.5 1310.0
761.0 1035.5 1310.0
761.0 1035.5 1310.0
761.0 1035.5 1310.0
761.0 1035.5 1310.0
761.0 1035.5 1310.0
761.0 1035.5 1310.0
761.0 1035.5 1310.0
761.0 1035.5 1310.0
761.0 1035.5 1310.0
761.0 1035.5 1310.0
761.0 1035.5 1310.0
761.0 1035.5 1310.0
761.0 1035.5 1310.0
761.0 1035.5 1310.0
761.0 1035.5 1310.0
761.0 1035.5 1310.0
761.0 1035.5 1310.0
761.0 1035.5 1310.0
761.0 1035.5 1310.0
761.0 1035.5 1310.0
761.0 1035.5 1310.0
761.0 1035.5 1310.0
761.0 1035.5 1310.0
761.0 1035.5 1310.0
761.0 1035.5 1310.0
761.0 1035.5 1310.0
761.0 1035.5 1310.0
761.0 1035.5 1310.0
761.0 1035.5 1310.0
761.0 1035.5 1310.0
761.0 1035.5 1310.0
761.0 1035.5 1310.0
761.0 1035.5 1310.0
761.0 1035.5 1310.0
761.0 1035.5 1310.0
761.0 1035.5 1310.0
761.0 1035.5 1310.0
761.0 1035.5 1310.0
761.0 1035.5 1310.0
761.0 1035.5 1310.0
761.0 1035.5 1310.0
761.0 1035.5 1310.0
761.0 1035.5 1310.0
761.0 1035.5 1310.0
761.0 1035.5 1310.0
761.0 1035.5 1310.0
761.0 1035.5 1310.0
761.0 1035.5 1310.0
761.0 1035.5 1310.0
761.0 1035.5 1310.0
761.0 1035.5 1310.0
761.0 1035.5 1310.0
761.0 1035.5 1310.0
761.0 1035.5 1310.0
761.0 1035.5 1310.0
761.0 1035.5 1310.0
761.0 1035.5 1310.0
761.0 1035.5 1310.0
761.0 1035.5 1310.0
761.0 1035.5 1310.0
761.0 1035.5 1310.0
761.0 1035.5 1310.0
761.0 1035.5 1310.0
761.0 1035.5 1310.0
761.0 1035.5 1310.0
761.0 1035.5 1310.0
761.0 1035.5 1310.0
761.0 1035.5 1310.0
761.0 1035.5 1310.0
761.0 1035.5 1310.0
761.0 1035.5 1310.0
761.0 1035.5 1310.0
761.0 1035.5 1310.0
761.0 1035.5 1310.0
761.0 1035.5 1310.0
761.0 1035.5 1310.0
761.0 1035.5 1310.0
761.0 1035.5 1310.0
761.0 1035.5 1310.0
761.0 1035.5 1310.0
761.0 1035.5 1310.0
761.0 1035.5 1310.0
761.0 1035.5 1310.0
761.0 1035.5 1310.0
761.0 1035.5 1310.0
761.0 1035.5 1310.0
761.0 1035.5 1310.0
761.0 1035.5 1310.0
761.0 1035.5 1310.0
