15662.0 16094.0 16526.0
14305.0 14917.5 15530.0
12408.0 13124.5 13841.0
7967.0 9681.5 11396.0
7679.0 8463.0 9247.0
7192.0 7932.0 8672.0
5756.0 6101.5 6447.0
4107.0 4978.0 5849.0
3540.0 4694.5 5849.0
3540.0 4694.5 5849.0
3540.0 3659.0 3778.0
3110.0 3614.0 4118.0
2474.0 2624.5 2775.0
2775.0 2934.0 3093.0
2724.0 2749.5 2775.0
2724.0 2749.5 2775.0
2724.0 3149.5 3575.0
2444.0 3009.5 3575.0
1866.0 2720.5 3575.0
1866.0 2720.5 3575.0
1866.0 2720.5 3575.0
1866.0 2720.5 3575.0
1866.0 2665.0 3464.0
1866.0 2339.0 2812.0
1866.0 2339.0 2812.0
1866.0 2339.0 2812.0
1866.0 2339.0 2812.0
1866.0 2339.0 2812.0
1866.0 1910.5 1955.0
1866.0 2113.0 2360.0
1427.0 1646.5 1866.0
1427.0 1646.5 1866.0
1427.0 1646.5 1866.0
1427.0 1646.5 1866.0
1427.0 1646.5 1866.0
1427.0 1646.5 1866.0
1427.0 1646.5 1866.0
1427.0 1646.5 1866.0
1427.0 1646.5 1866.0
1427.0 1646.5 1866.0
1427.0 1646.5 1866.0
1427.0 1646.5 1866.0
1427.0 1646.5 1866.0
1427.0 1646.5 1866.0
1427.0 1646.5 1866.0
1427.0 1646.5 1866.0
1427.0 1646.5 1866.0
1427.0 1646.5 1866.0
1427.0 1646.5 1866.0
1427.0 1646.5 1866.0
1427.0 1646.5 1866.0
1427.0 1582.5 1738.0
1427.0 1582.5 1738.0
1427.0 1582.5 1738.0
1427.0 1582.5 1738.0
1427.0 1582.5 1738.0
1427.0 1582.5 1738.0
1427.0 1582.5 1738.0
1427.0 1582.5 1738.0
1427.0 1582.5 1738.0
1427.0 1582.5 1738.0
1427.0 1582.5 1738.0
1427.0 1582.5 1738.0
1427.0 1582.5 1738.0
1427.0 1582.5 1738.0
1427.0 1582.5 1738.0
1427.0 1582.5 1738.0
1427.0 1582.5 1738.0
1427.0 1582.5 1738.0
1427.0 1582.5 1738.0
1427.0 1582.5 1738.0
1427.0 1582.5 1738.0
1427.0 1582.5 1738.0
1427.0 1582.5 1738.0
1427.0 1582.5 1738.0
1427.0 1582.5 1738.0
1427.0 1582.5 1738.0
1427.0 1582.5 1738.0
1427.0 1582.5 1738.0
1427.0 1582.5 1738.0
1427.0 1582.5 1738.0
1427.0 1582.5 1738.0
1427.0 1582.5 1738.0
1005.0 1216.0 1427.0
1005.0 1216.0 1427.0
1005.0 1216.0 1427.0
1005.0 1216.0 1427.0
1005.0 1216.0 1427.0
1005.0 1216.0 1427.0
1005.0 1216.0 1427.0
1005.0 1216.0 1427.0
1005.0 1216.0 1427.0
1005.0 1216.0 1427.0
1005.0 1216.0 1427.0
1005.0 1216.0 1427.0
1005.0 1216.0 1427.0
1005.0 1216.0 1427.0
1005.0 1216.0 1427.0
1005.0 1216.0 1427.0
1005.0 1216.0 1427.0
1005.0 1216.0 1427.0
1005.0 1216.0 1427.0
1005.0 1216.0 1427.0
1005.0 1216.0 1427.0
1005.0 1216.0 1427.0
1005.0 1216.0 1427.0
1005.0 1216.0 1427.0
1005.0 1216.0 1427.0
1005.0 1216.0 1427.0
1005.0 1216.0 1427.0
1005.0 1216.0 1427.0
1005.0 1216.0 1427.0
1005.0 1216.0 1427.0
1005.0 1216.0 1427.0
1005.0 1216.0 1427.0
1005.0 1216.0 1427.0
1005.0 1216.0 1427.0
1005.0 1216.0 1427.0
1005.0 1216.0 1427.0
1005.0 1216.0 1427.0
1005.0 1216.0 1427.0
1005.0 1216.0 1427.0
1005.0 1216.0 1427.0
1005.0 1216.0 1427.0
1005.0 1216.0 1427.0
1005.0 1216.0 1427.0
1005.0 1216.0 1427.0
1005.0 1216.0 1427.0
1005.0 1216.0 1427.0
1005.0 1216.0 1427.0
1005.0 1216.0 1427.0
1005.0 1216.0 1427.0
1005.0 1216.0 1427.0
1005.0 1216.0 1427.0
1005.0 1216.0 1427.0
1005.0 1216.0 1427.0
1005.0 1216.0 1427.0
1005.0 1216.0 1427.0
1005.0 1216.0 1427.0
1005.0 1216.0 1427.0
1005.0 1216.0 1427.0
1005.0 1216.0 1427.0
1005.0 1216.0 1427.0
1005.0 1216.0 1427.0
1005.0 1216.0 1427.0
1005.0 1216.0 1427.0
1005.0 1216.0 1427.0
1005.0 1216.0 1427.0
1005.0 1216.0 1427.0
1005.0 1216.0 1427.0
1005.0 1158.5 1312.0
1005.0 1158.5 1312.0
1005.0 1158.5 1312.0
1005.0 1158.5 1312.0
1005.0 1158.5 1312.0
1005.0 1158.5 1312.0
1005.0 1158.5 1312.0
1005.0 1158.5 1312.0
1005.0 1158.5 1312.0
1005.0 1158.5 1312.0
1005.0 1158.5 1312.0
1005.0 1158.5 1312.0
1005.0 1158.5 1312.0
1005.0 1158.5 1312.0
1005.0 1158.5 1312.0
1005.0 1158.5 1312.0
1005.0 1158.5 1312.0
1005.0 1158.5 1312.0
1005.0 1158.5 1312.0
1005.0 1158.5 1312.0
1005.0 1158.5 1312.0
1005.0 1158.5 1312.0
1005.0 1158.5 1312.0
1005.0 1158.5 1312.0
1005.0 1158.5 1312.0
1005.0 1158.5 1312.0
1005.0 1158.5 1312.0
1005.0 1158.5 1312.0
1005.0 1158.5 1312.0
1005.0 1158.5 1312.0
1005.0 1158.5 1312.0
1005.0 1158.5 1312.0
1005.0 1158.5 1312.0
1005.0 1158.5 1312.0
1005.0 1158.5 1312.0
1005.0 1158.5 1312.0
1005.0 1158.5 1312.0
1005.0 1158.5 1312.0
1005.0 1158.5 1312.0
1005.0 1158.5 1312.0
1005.0 1158.5 1312.0
1005.0 1158.5 1312.0
1005.0 1158.5 1312.0
1005.0 1158.5 1312.0
1005.0 1158.5 1312.0
1005.0 1158.5 1312.0
1005.0 1158.5 1312.0
1005.0 1158.5 1312.0
1005.0 1158.5 1312.0
1005.0 1158.5 1312.0
