12286.0 12778.5 13271.0
9444.0 9446.5 9449.0
7619.0 8371.5 9124.0
5631.0 6143.5 6656.0
3855.0 4863.0 5871.0
3721.0 4179.5 4638.0
2956.0 3056.5 3157.0
2735.0 2881.0 3027.0
2348.0 2541.5 2735.0
2091.0 2435.0 2779.0
1439.0 1743.0 2047.0
1439.0 2099.0 2759.0
764.0 1296.0 1828.0
764.0 1296.0 1828.0
764.0 1296.0 1828.0
764.0 1121.5 1479.0
764.0 1121.5 1479.0
764.0 1018.5 1273.0
764.0 1018.5 1273.0
764.0 1121.5 1479.0
764.0 1121.5 1479.0
764.0 1121.5 1479.0
764.0 1121.5 1479.0
764.0 1121.5 1479.0
764.0 1121.5 1479.0
764.0 1121.5 1479.0
764.0 1121.5 1479.0
764.0 1121.5 1479.0
764.0 1121.5 1479.0
764.0 1121.5 1479.0
764.0 1121.5 1479.0
764.0 1121.5 1479.0
764.0 1121.5 1479.0
764.0 1121.5 1479.0
764.0 1121.5 1479.0
764.0 1121.5 1479.0
764.0 1121.5 1479.0
764.0 1121.5 1479.0
764.0 1121.5 1479.0
764.0 1121.5 1479.0
764.0 1121.5 1479.0
764.0 1121.5 1479.0
764.0 1121.5 1479.0
764.0 1121.5 1479.0
764.0 1121.5 1479.0
764.0 1121.5 1479.0
764.0 1121.5 1479.0
764.0 1121.5 1479.0
764.0 1121.5 1479.0
764.0 1121.5 1479.0
764.0 1121.5 1479.0
764.0 1121.5 1479.0
764.0 1121.5 1479.0
764.0 1121.5 1479.0
764.0 1121.5 1479.0
764.0 887.5 1011.0
764.0 887.5 1011.0
764.0 887.5 1011.0
764.0 887.5 1011.0
764.0 887.5 1011.0
764.0 887.5 1011.0
764.0 887.5 1011.0
764.0 887.5 1011.0
764.0 887.5 1011.0
764.0 887.5 1011.0
764.0 887.5 1011.0
764.0 887.5 1011.0
764.0 887.5 1011.0
764.0 887.5 1011.0
764.0 887.5 1011.0
764.0 887.5 1011.0
764.0 887.5 1011.0
764.0 887.5 1011.0
764.0 887.5 1011.0
764.0 887.5 1011.0
764.0 887.5 1011.0
764.0 887.5 1011.0
764.0 887.5 1011.0
764.0 887.5 1011.0
764.0 887.5 1011.0
764.0 887.5 1011.0
764.0 887.5 1011.0
764.0 887.5 1011.0
764.0 887.5 1011.0
764.0 887.5 1011.0
764.0 887.5 1011.0
764.0 887.5 1011.0
764.0 887.5 1011.0
764.0 887.5 1011.0
764.0 887.5 1011.0
764.0 887.5 1011.0
764.0 887.5 1011.0
764.0 887.5 1011.0
764.0 887.5 1011.0
764.0 887.5 1011.0
764.0 887.5 1011.0
764.0 887.5 1011.0
764.0 887.5 1011.0
764.0 887.5 1011.0
764.0 887.5 1011.0
764.0 887.5 1011.0
764.0 887.5 1011.0
764.0 887.5 1011.0
764.0 887.5 1011.0
764.0 887.5 1011.0
764.0 887.5 1011.0
764.0 887.5 1011.0
764.0 887.5 1011.0
764.0 887.5 1011.0
764.0 887.5 1011.0
764.0 887.5 1011.0
764.0 887.5 1011.0
764.0 887.5 1011.0
764.0 887.5 1011.0
764.0 887.5 1011.0
764.0 887.5 1011.0
764.0 887.5 1011.0
764.0 887.5 1011.0
764.0 887.5 1011.0
764.0 887.5 1011.0
764.0 887.5 1011.0
764.0 887.5 1011.0
764.0 887.5 1011.0
764.0 887.5 1011.0
764.0 887.5 1011.0
764.0 887.5 1011.0
764.0 887.5 1011.0
764.0 887.5 1011.0
764.0 887.5 1011.0
764.0 887.5 1011.0
764.0 887.5 1011.0
764.0 887.5 1011.0
764.0 887.5 1011.0
764.0 887.5 1011.0
764.0 887.5 1011.0
764.0 887.5 1011.0
764.0 887.5 1011.0
764.0 887.5 1011.0
764.0 887.5 1011.0
764.0 887.5 1011.0
764.0 887.5 1011.0
764.0 887.5 1011.0
764.0 887.5 1011.0
764.0 887.5 1011.0
764.0 887.5 1011.0
764.0 887.5 1011.0
764.0 887.5 1011.0
764.0 887.5 1011.0
764.0 887.5 1011.0
764.0 887.5 1011.0
764.0 887.5 1011.0
764.0 887.5 1011.0
764.0 887.5 1011.0
764.0 887.5 1011.0
764.0 887.5 1011.0
764.0 887.5 1011.0
764.0 887.5 1011.0
764.0 887.5 1011.0
764.0 887.5 1011.0
764.0 887.5 1011.0
764.0 887.5 1011.0
764.0 887.5 1011.0
764.0 887.5 1011.0
764.0 887.5 1011.0
764.0 887.5 1011.0
764.0 887.5 1011.0
764.0 887.5 1011.0
764.0 887.5 1011.0
764.0 887.5 1011.0
764.0 887.5 1011.0
764.0 887.5 1011.0
764.0 887.5 1011.0
764.0 887.5 1011.0
764.0 887.5 1011.0
764.0 887.5 1011.0
764.0 887.5 1011.0
764.0 887.5 1011.0
764.0 887.5 1011.0
764.0 887.5 1011.0
764.0 887.5 1011.0
764.0 887.5 1011.0
764.0 887.5 1011.0
764.0 887.5 1011.0
764.0 887.5 1011.0
764.0 887.5 1011.0
764.0 887.5 1011.0
764.0 887.5 1011.0
764.0 887.5 1011.0
764.0 887.5 1011.0
764.0 887.5 1011.0
764.0 887.5 1011.0
764.0 887.5 1011.0
764.0 887.5 1011.0
764.0 887.5 1011.0
764.0 887.5 1011.0
764.0 887.5 1011.0
764.0 887.5 1011.0
764.0 887.5 1011.0
764.0 887.5 1011.0
764.0 887.5 1011.0
