8248.0 10758.0 13268.0
8248.0 9056.5 9865.0
4750.0 6235.5 7721.0
3699.0 4274.5 4850.0
2383.0 3463.0 4543.0
2383.0 3008.5 3634.0
1673.0 2167.0 2661.0
1673.0 1920.0 2167.0
1664.0 1668.5 1673.0
1351.0 1592.5 1834.0
1351.0 1592.5 1834.0
1351.0 1592.5 1834.0
1351.0 1592.5 1834.0
1351.0 1592.5 1834.0
1351.0 1592.5 1834.0
1351.0 1592.5 1834.0
1351.0 1592.5 1834.0
1421.0 1627.5 1834.0
1421.0 1770.5 2120.0
1421.0 1567.0 1713.0
1047.0 1234.0 1421.0
1047.0 1234.0 1421.0
1047.0 1234.0 1421.0
1047.0 1234.0 1421.0
1047.0 1234.0 1421.0
1047.0 1234.0 1421.0
1047.0 1234.0 1421.0
1047.0 1234.0 1421.0
1047.0 1234.0 1421.0
1047.0 1234.0 1421.0
1047.0 1234.0 1421.0
1047.0 1234.0 1421.0
1047.0 1234.0 1421.0
1047.0 1234.0 1421.0
1047.0 1234.0 1421.0
1047.0 1147.0 1247.0
1047.0 1147.0 1247.0
1047.0 1147.0 1247.0
1047.0 1147.0 1247.0
1047.0 1147.0 1247.0
1047.0 1147.0 1247.0
1047.0 1147.0 1247.0
1047.0 1147.0 1247.0
1047.0 1147.0 1247.0
1047.0 1147.0 1247.0
1047.0 1147.0 1247.0
1047.0 1147.0 1247.0
1047.0 1147.0 1247.0
1047.0 1147.0 1247.0
1047.0 1147.0 1247.0
1047.0 1147.0 1247.0
1047.0 1147.0 1247.0
1047.0 1147.0 1247.0
1047.0 1147.0 1247.0
1047.0 1147.0 1247.0
1047.0 1147.0 1247.0
1047.0 1147.0 1247.0
1047.0 1147.0 1247.0
1047.0 1147.0 1247.0
1047.0 1147.0 1247.0
1047.0 1147.0 1247.0
1047.0 1147.0 1247.0
1047.0 1147.0 1247.0
1047.0 1147.0 1247.0
1047.0 1147.0 1247.0
1047.0 1147.0 1247.0
1047.0 1147.0 1247.0
1047.0 1147.0 1247.0
1047.0 1147.0 1247.0
1047.0 1147.0 1247.0
1047.0 1147.0 1247.0
1047.0 1147.0 1247.0
1047.0 1147.0 1247.0
1047.0 1147.0 1247.0
1047.0 1147.0 1247.0
1047.0 1147.0 1247.0
1047.0 1147.0 1247.0
1047.0 1147.0 1247.0
1047.0 1147.0 1247.0
1047.0 1147.0 1247.0
1047.0 1147.0 1247.0
1047.0 1147.0 1247.0
1047.0 1147.0 1247.0
1047.0 1147.0 1247.0
1047.0 1147.0 1247.0
1047.0 1147.0 1247.0
1047.0 1147.0 1247.0
1047.0 1147.0 1247.0
1047.0 1147.0 1247.0
1047.0 1147.0 1247.0
1047.0 1147.0 1247.0
1047.0 1147.0 1247.0
1047.0 1147.0 1247.0
1047.0 1147.0 1247.0
1047.0 1147.0 1247.0
1047.0 1147.0 1247.0
1047.0 1147.0 1247.0
1047.0 1147.0 1247.0
1047.0 1147.0 1247.0
1047.0 1147.0 1247.0
1047.0 1147.0 1247.0
1047.0 1147.0 1247.0
1047.0 1147.0 1247.0
1047.0 1147.0 1247.0
1047.0 1147.0 1247.0
1047.0 1147.0 1247.0
1047.0 1147.0 1247.0
1047.0 1147.0 1247.0
1047.0 1147.0 1247.0
1047.0 1147.0 1247.0
1047.0 1147.0 1247.0
1047.0 1147.0 1247.0
1047.0 1147.0 1247.0
1047.0 1147.0 1247.0
1047.0 1147.0 1247.0
1047.0 1147.0 1247.0
1047.0 1147.0 1247.0
961.0 1004.0 1047.0
961.0 1004.0 1047.0
961.0 1004.0 1047.0
961.0 1004.0 1047.0
961.0 1004.0 1047.0
961.0 1004.0 1047.0
961.0 1004.0 1047.0
961.0 1004.0 1047.0
961.0 1004.0 1047.0
826.0 936.5 1047.0
826.0 936.5 1047.0
826.0 936.5 1047.0
826.0 936.5 1047.0
826.0 936.5 1047.0
826.0 936.5 1047.0
826.0 936.5 1047.0
826.0 936.5 1047.0
826.0 936.5 1047.0
826.0 936.5 1047.0
826.0 936.5 1047.0
826.0 936.5 1047.0
826.0 1000.5 1175.0
826.0 1000.5 1175.0
826.0 1000.5 1175.0
826.0 1000.5 1175.0
826.0 1000.5 1175.0
826.0 1000.5 1175.0
826.0 1000.5 1175.0
826.0 1000.5 1175.0
826.0 1000.5 1175.0
826.0 1000.5 1175.0
826.0 1000.5 1175.0
826.0 1000.5 1175.0
826.0 1000.5 1175.0
826.0 1000.5 1175.0
826.0 1000.5 1175.0
826.0 1000.5 1175.0
826.0 1000.5 1175.0
826.0 1000.5 1175.0
826.0 1000.5 1175.0
826.0 1000.5 1175.0
826.0 1000.5 1175.0
826.0 1000.5 1175.0
826.0 1000.5 1175.0
826.0 1000.5 1175.0
826.0 1000.5 1175.0
826.0 1000.5 1175.0
826.0 1000.5 1175.0
826.0 1000.5 1175.0
826.0 1000.5 1175.0
826.0 1000.5 1175.0
826.0 1000.5 1175.0
826.0 1000.5 1175.0
826.0 1000.5 1175.0
826.0 1000.5 1175.0
826.0 1000.5 1175.0
826.0 1000.5 1175.0
826.0 1000.5 1175.0
826.0 1000.5 1175.0
826.0 1000.5 1175.0
826.0 1000.5 1175.0
826.0 1000.5 1175.0
826.0 1000.5 1175.0
826.0 1000.5 1175.0
826.0 1000.5 1175.0
826.0 1000.5 1175.0
826.0 1000.5 1175.0
826.0 1000.5 1175.0
826.0 1000.5 1175.0
826.0 1000.5 1175.0
826.0 1000.5 1175.0
826.0 1000.5 1175.0
826.0 1000.5 1175.0
826.0 1000.5 1175.0
826.0 1000.5 1175.0
826.0 1000.5 1175.0
826.0 1000.5 1175.0
826.0 1000.5 1175.0
826.0 1000.5 1175.0
826.0 1000.5 1175.0
826.0 1000.5 1175.0
826.0 1000.5 1175.0
826.0 1000.5 1175.0
