12153.0 12932.5 13712.0
8964.0 10606.0 12248.0
7414.0 8089.0 8764.0
7597.0 8021.0 8445.0
4824.0 5316.5 5809.0
3217.0 3622.5 4028.0
3217.0 3622.5 4028.0
3158.0 3187.5 3217.0
3158.0 3187.5 3217.0
3158.0 3187.5 3217.0
3217.0 3318.0 3419.0
3217.0 3318.0 3419.0
2792.0 2975.0 3158.0
2447.0 2802.5 3158.0
2102.0 2630.0 3158.0
2014.0 2586.0 3158.0
1669.0 1877.5 2086.0
1669.0 1877.5 2086.0
1669.0 1792.5 1916.0
1669.0 1792.5 1916.0
1669.0 1792.5 1916.0
1669.0 1792.5 1916.0
1669.0 1792.5 1916.0
1669.0 1792.5 1916.0
1669.0 1792.5 1916.0
1669.0 1792.5 1916.0
1669.0 1792.5 1916.0
1669.0 1792.5 1916.0
1669.0 1792.5 1916.0
1669.0 1792.5 1916.0
1669.0 1792.5 1916.0
1669.0 1792.5 1916.0
1669.0 1792.5 1916.0
1669.0 1792.5 1916.0
1669.0 1792.5 1916.0
1669.0 1792.5 1916.0
1669.0 1792.5 1916.0
1669.0 1792.5 1916.0
1669.0 1792.5 1916.0
1669.0 1792.5 1916.0
1669.0 1792.5 1916.0
1669.0 1792.5 1916.0
1669.0 1792.5 1916.0
1669.0 1792.5 1916.0
1669.0 1792.5 1916.0
1669.0 1792.5 1916.0
1669.0 1792.5 1916.0
1669.0 1792.5 1916.0
1759.0 1837.5 1916.0
1759.0 1837.5 1916.0
1759.0 1837.5 1916.0
1759.0 1837.5 1916.0
1759.0 1837.5 1916.0
1759.0 1837.5 1916.0
1759.0 1837.5 1916.0
1759.0 1837.5 1916.0
1759.0 1837.5 1916.0
1759.0 1837.5 1916.0
1759.0 1837.5 1916.0
1759.0 1837.5 1916.0
1759.0 1837.5 1916.0
1759.0 1837.5 1916.0
1759.0 1837.5 1916.0
1759.0 1837.5 1916.0
1471.0 1693.5 1916.0
1471.0 1693.5 1916.0
1227.0 1571.5 1916.0
1227.0 1571.5 1916.0
1227.0 1571.5 1916.0
1227.0 1571.5 1916.0
1227.0 1571.5 1916.0
1227.0 1571.5 1916.0
1227.0 1571.5 1916.0
1227.0 1571.5 1916.0
1227.0 1571.5 1916.0
1227.0 1571.5 1916.0
1227.0 1571.5 1916.0
1227.0 1571.5 1916.0
1227.0 1571.5 1916.0
1227.0 1571.5 1916.0
1227.0 1571.5 1916.0
1227.0 1571.5 1916.0
1227.0 1571.5 1916.0
1227.0 1571.5 1916.0
1227.0 1571.5 1916.0
1227.0 1571.5 1916.0
1227.0 1571.5 1916.0
1227.0 1571.5 1916.0
1227.0 1571.5 1916.0
1227.0 1571.5 1916.0
1227.0 1571.5 1916.0
1227.0 1571.5 1916.0
1227.0 1571.5 1916.0
1227.0 1571.5 1916.0
1227.0 1571.5 1916.0
1227.0 1571.5 1916.0
1227.0 1571.5 1916.0
1227.0 1571.5 1916.0
1227.0 1571.5 1916.0
1227.0 1571.5 1916.0
1227.0 1571.5 1916.0
1227.0 1571.5 1916.0
1227.0 1571.5 1916.0
1227.0 1571.5 1916.0
1227.0 1571.5 1916.0
1227.0 1571.5 1916.0
1227.0 1571.5 1916.0
1227.0 1571.5 1916.0
1227.0 1571.5 1916.0
1227.0 1571.5 1916.0
1227.0 1571.5 1916.0
1227.0 1571.5 1916.0
1227.0 1571.5 1916.0
1227.0 1571.5 1916.0
1227.0 1571.5 1916.0
1227.0 1571.5 1916.0
1227.0 1571.5 1916.0
1227.0 1571.5 1916.0
1227.0 1571.5 1916.0
1227.0 1571.5 1916.0
1227.0 1571.5 1916.0
1227.0 1571.5 1916.0
1227.0 1571.5 1916.0
1227.0 1571.5 1916.0
1227.0 1571.5 1916.0
1227.0 1571.5 1916.0
1227.0 1571.5 1916.0
1227.0 1571.5 1916.0
1227.0 1571.5 1916.0
1227.0 1571.5 1916.0
1227.0 1571.5 1916.0
1227.0 1300.0 1373.0
1227.0 1300.0 1373.0
1227.0 1300.0 1373.0
1227.0 1300.0 1373.0
1227.0 1300.0 1373.0
1227.0 1300.0 1373.0
1227.0 1300.0 1373.0
1227.0 1300.0 1373.0
1227.0 1300.0 1373.0
1227.0 1300.0 1373.0
1227.0 1300.0 1373.0
1227.0 1300.0 1373.0
1227.0 1300.0 1373.0
1227.0 1300.0 1373.0
1227.0 1300.0 1373.0
1227.0 1300.0 1373.0
1227.0 1244.0 1261.0
1227.0 1244.0 1261.0
1227.0 1244.0 1261.0
1227.0 1244.0 1261.0
1227.0 1244.0 1261.0
1227.0 1244.0 1261.0
1227.0 1244.0 1261.0
1227.0 1244.0 1261.0
1227.0 1244.0 1261.0
1227.0 1244.0 1261.0
1227.0 1244.0 1261.0
1227.0 1244.0 1261.0
1227.0 1244.0 1261.0
1227.0 1244.0 1261.0
1227.0 1244.0 1261.0
1227.0 1244.0 1261.0
1227.0 1244.0 1261.0
1227.0 1244.0 1261.0
1227.0 1244.0 1261.0
1227.0 1244.0 1261.0
1227.0 1244.0 1261.0
1227.0 1244.0 1261.0
1227.0 1244.0 1261.0
1227.0 1244.0 1261.0
1227.0 1244.0 1261.0
1227.0 1244.0 1261.0
1227.0 1244.0 1261.0
1227.0 1244.0 1261.0
1227.0 1244.0 1261.0
1227.0 1244.0 1261.0
1227.0 1244.0 1261.0
1227.0 1244.0 1261.0
1227.0 1244.0 1261.0
1227.0 1244.0 1261.0
1227.0 1244.0 1261.0
1227.0 1244.0 1261.0
1227.0 1244.0 1261.0
1227.0 1244.0 1261.0
1227.0 1244.0 1261.0
1227.0 1244.0 1261.0
1227.0 1244.0 1261.0
1227.0 1244.0 1261.0
1227.0 1244.0 1261.0
1227.0 1244.0 1261.0
1227.0 1244.0 1261.0
1227.0 1244.0 1261.0
1227.0 1244.0 1261.0
1227.0 1244.0 1261.0
1227.0 1244.0 1261.0
1227.0 1244.0 1261.0
1227.0 1244.0 1261.0
1227.0 1244.0 1261.0
1227.0 1244.0 1261.0
