13255.0 13613.0 13971.0
9853.0 10454.5 11056.0
8189.0 8387.0 8585.0
8020.0 8036.5 8053.0
5054.0 5402.0 5750.0
3865.0 4846.5 5828.0
2469.0 3495.0 4521.0
2112.0 3316.5 4521.0
2112.0 2995.5 3879.0
2112.0 2999.5 3887.0
2112.0 2999.5 3887.0
2112.0 2553.0 2994.0
2112.0 2678.5 3245.0
2112.0 2678.5 3245.0
2112.0 2678.5 3245.0
2112.0 2606.5 3101.0
2112.0 2700.0 3288.0
2112.0 2700.0 3288.0
2112.0 2700.0 3288.0
2112.0 2700.0 3288.0
2112.0 2700.0 3288.0
2112.0 2474.0 2836.0
2112.0 2437.0 2762.0
2112.0 2437.0 2762.0
2112.0 2437.0 2762.0
2112.0 2437.0 2762.0
2112.0 2437.0 2762.0
2112.0 2437.0 2762.0
2112.0 2437.0 2762.0
2003.0 2382.5 2762.0
2003.0 2382.5 2762.0
2003.0 2382.5 2762.0
2003.0 2382.5 2762.0
2003.0 2382.5 2762.0
2003.0 2382.5 2762.0
2003.0 2382.5 2762.0
2003.0 2382.5 2762.0
2003.0 2382.5 2762.0
2003.0 2382.5 2762.0
2003.0 2382.5 2762.0
2003.0 2382.5 2762.0
2003.0 2382.5 2762.0
2003.0 2382.5 2762.0
2003.0 2382.5 2762.0
2003.0 2382.5 2762.0
2003.0 2382.5 2762.0
2003.0 2382.5 2762.0
2003.0 2382.5 2762.0
2003.0 2382.5 2762.0
2003.0 2382.5 2762.0
2003.0 2382.5 2762.0
2003.0 2382.5 2762.0
2003.0 2382.5 2762.0
2003.0 2382.5 2762.0
2003.0 2382.5 2762.0
2003.0 2382.5 2762.0
2003.0 2382.5 2762.0
2003.0 2382.5 2762.0
2003.0 2382.5 2762.0
2003.0 2382.5 2762.0
2003.0 2382.5 2762.0
2003.0 2382.5 2762.0
2003.0 2382.5 2762.0
2003.0 2382.5 2762.0
2003.0 2382.5 2762.0
2003.0 2382.5 2762.0
2003.0 2382.5 2762.0
2003.0 2382.5 2762.0
1926.0 1964.5 2003.0
1926.0 1964.5 2003.0
1926.0 1964.5 2003.0
1926.0 1964.5 2003.0
1926.0 1964.5 2003.0
1926.0 1964.5 2003.0
1926.0 1964.5 2003.0
1926.0 1964.5 2003.0
1926.0 1964.5 2003.0
1926.0 1964.5 2003.0
1926.0 1964.5 2003.0
1926.0 1964.5 2003.0
1926.0 1964.5 2003.0
1926.0 1964.5 2003.0
1926.0 1964.5 2003.0
1926.0 1964.5 2003.0
1926.0 1964.5 2003.0
1926.0 1964.5 2003.0
1926.0 1964.5 2003.0
1926.0 1964.5 2003.0
1926.0 1964.5 2003.0
1926.0 1964.5 2003.0
1926.0 1964.5 2003.0
1926.0 1964.5 2003.0
1926.0 1964.5 2003.0
1926.0 1964.5 2003.0
1926.0 1964.5 2003.0
1926.0 1964.5 2003.0
1926.0 1964.5 2003.0
1926.0 1964.5 2003.0
1923.0 1924.5 1926.0
1920.0 1923.0 1926.0
1920.0 1923.0 1926.0
1920.0 1923.0 1926.0
1920.0 1923.0 1926.0
1920.0 1923.0 1926.0
1920.0 1923.0 1926.0
1920.0 1923.0 1926.0
1920.0 1923.0 1926.0
1920.0 1923.0 1926.0
1920.0 1923.0 1926.0
1920.0 1923.0 1926.0
1920.0 1923.0 1926.0
1920.0 1923.0 1926.0
1920.0 1923.0 1926.0
1920.0 1923.0 1926.0
1920.0 1923.0 1926.0
1920.0 1923.0 1926.0
1920.0 1923.0 1926.0
1920.0 1923.0 1926.0
1920.0 1923.0 1926.0
1920.0 1923.0 1926.0
1920.0 1923.0 1926.0
1920.0 1923.0 1926.0
1920.0 1923.0 1926.0
1920.0 1923.0 1926.0
1920.0 1923.0 1926.0
1920.0 1923.0 1926.0
1920.0 1923.0 1926.0
1920.0 1923.0 1926.0
1920.0 1923.0 1926.0
1920.0 1923.0 1926.0
1920.0 1923.0 1926.0
1920.0 1923.0 1926.0
1920.0 1923.0 1926.0
1920.0 1923.0 1926.0
1920.0 1923.0 1926.0
1920.0 1923.0 1926.0
1920.0 1923.0 1926.0
1920.0 1923.0 1926.0
1920.0 1923.0 1926.0
1920.0 1923.0 1926.0
1920.0 1923.0 1926.0
1625.0 1775.5 1926.0
1625.0 1775.5 1926.0
1625.0 1775.5 1926.0
1625.0 1775.5 1926.0
1625.0 1775.5 1926.0
1625.0 1775.5 1926.0
1625.0 1775.5 1926.0
1625.0 1775.5 1926.0
1625.0 1775.5 1926.0
1625.0 1775.5 1926.0
1625.0 1775.5 1926.0
1625.0 1775.5 1926.0
1625.0 1775.5 1926.0
1625.0 1775.5 1926.0
1625.0 1775.5 1926.0
1625.0 1775.5 1926.0
1625.0 1775.5 1926.0
1625.0 1775.5 1926.0
1625.0 1775.5 1926.0
1625.0 1775.5 1926.0
1625.0 1775.5 1926.0
1625.0 1775.5 1926.0
1625.0 1775.5 1926.0
1625.0 1775.5 1926.0
1625.0 1775.5 1926.0
1625.0 1775.5 1926.0
1625.0 1775.5 1926.0
1625.0 1775.5 1926.0
1625.0 1775.5 1926.0
1625.0 1775.5 1926.0
1625.0 1775.5 1926.0
1625.0 1775.5 1926.0
1625.0 1775.5 1926.0
1625.0 1775.5 1926.0
1625.0 1775.5 1926.0
1625.0 1775.5 1926.0
1625.0 1775.5 1926.0
1625.0 1775.5 1926.0
1625.0 1775.5 1926.0
1625.0 1775.5 1926.0
1625.0 1775.5 1926.0
1625.0 1775.5 1926.0
1625.0 1775.5 1926.0
1625.0 1775.5 1926.0
1625.0 1841.0 2057.0
1625.0 1841.0 2057.0
1625.0 1841.0 2057.0
1625.0 1841.0 2057.0
1625.0 1841.0 2057.0
1625.0 1841.0 2057.0
1625.0 1841.0 2057.0
1625.0 1841.0 2057.0
1625.0 1841.0 2057.0
1625.0 1841.0 2057.0
1625.0 1841.0 2057.0
1625.0 1841.0 2057.0
1625.0 1841.0 2057.0
1625.0 1841.0 2057.0
1625.0 1841.0 2057.0
