10766.0 11475.0 12184.0
8274.0 8761.0 9248.0
7544.0 7599.0 7654.0
6096.0 6187.5 6279.0
4322.0 4660.0 4998.0
2917.0 3619.5 4322.0
2431.0 2674.0 2917.0
2431.0 2694.0 2957.0
2232.0 2284.5 2337.0
2337.0 2489.0 2641.0
1992.0 2183.0 2374.0
1124.0 1558.0 1992.0
1124.0 1558.0 1992.0
1124.0 1558.0 1992.0
1124.0 1558.0 1992.0
1124.0 1558.0 1992.0
1124.0 1558.0 1992.0
1124.0 1558.0 1992.0
1124.0 1558.0 1992.0
1124.0 1558.0 1992.0
1124.0 1558.0 1992.0
1124.0 1558.0 1992.0
1124.0 1558.0 1992.0
1124.0 1558.0 1992.0
1124.0 1666.0 2208.0
1124.0 1300.0 1476.0
1124.0 1255.5 1387.0
1124.0 1255.5 1387.0
1124.0 1255.5 1387.0
1124.0 1255.5 1387.0
1124.0 1255.5 1387.0
1124.0 1255.5 1387.0
1124.0 1255.5 1387.0
1124.0 1255.5 1387.0
1124.0 1255.5 1387.0
1124.0 1255.5 1387.0
1124.0 1255.5 1387.0
1124.0 1255.5 1387.0
1124.0 1255.5 1387.0
1124.0 1255.5 1387.0
1124.0 1255.5 1387.0
1124.0 1255.5 1387.0
1124.0 1255.5 1387.0
1124.0 1255.5 1387.0
1124.0 1255.5 1387.0
1124.0 1255.5 1387.0
1124.0 1255.5 1387.0
1124.0 1255.5 1387.0
1124.0 1255.5 1387.0
1124.0 1255.5 1387.0
1124.0 1255.5 1387.0
1124.0 1255.5 1387.0
1124.0 1255.5 1387.0
1124.0 1255.5 1387.0
1124.0 1255.5 1387.0
1124.0 1255.5 1387.0
1124.0 1255.5 1387.0
1124.0 1255.5 1387.0
1124.0 1255.5 1387.0
1124.0 1255.5 1387.0
1124.0 1255.5 1387.0
1124.0 1255.5 1387.0
1124.0 1255.5 1387.0
1124.0 1255.5 1387.0
1124.0 1255.5 1387.0
1124.0 1255.5 1387.0
1124.0 1255.5 1387.0
1124.0 1255.5 1387.0
1124.0 1255.5 1387.0
1124.0 1255.5 1387.0
1124.0 1255.5 1387.0
1124.0 1255.5 1387.0
1124.0 1255.5 1387.0
1124.0 1255.5 1387.0
1124.0 1255.5 1387.0
1124.0 1255.5 1387.0
1124.0 1255.5 1387.0
1124.0 1255.5 1387.0
1124.0 1255.5 1387.0
1124.0 1255.5 1387.0
1124.0 1255.5 1387.0
1124.0 1255.5 1387.0
1124.0 1255.5 1387.0
1124.0 1255.5 1387.0
1124.0 1255.5 1387.0
1124.0 1255.5 1387.0
1124.0 1255.5 1387.0
1124.0 1255.5 1387.0
1124.0 1255.5 1387.0
1124.0 1255.5 1387.0
1124.0 1255.5 1387.0
1124.0 1255.5 1387.0
1124.0 1255.5 1387.0
1124.0 1255.5 1387.0
1124.0 1255.5 1387.0
1124.0 1255.5 1387.0
1124.0 1255.5 1387.0
1124.0 1255.5 1387.0
1124.0 1255.5 1387.0
1124.0 1255.5 1387.0
1124.0 1255.5 1387.0
1124.0 1255.5 1387.0
1124.0 1255.5 1387.0
1124.0 1255.5 1387.0
1124.0 1255.5 1387.0
1124.0 1255.5 1387.0
1124.0 1255.5 1387.0
1124.0 1255.5 1387.0
1124.0 1255.5 1387.0
1124.0 1255.5 1387.0
1124.0 1255.5 1387.0
1124.0 1255.5 1387.0
1124.0 1255.5 1387.0
1124.0 1255.5 1387.0
1124.0 1255.5 1387.0
1124.0 1255.5 1387.0
1124.0 1255.5 1387.0
1124.0 1255.5 1387.0
1124.0 1255.5 1387.0
1124.0 1255.5 1387.0
1124.0 1255.5 1387.0
1124.0 1255.5 1387.0
1124.0 1255.5 1387.0
1124.0 1255.5 1387.0
1124.0 1255.5 1387.0
1124.0 1255.5 1387.0
1124.0 1255.5 1387.0
1124.0 1255.5 1387.0
1124.0 1255.5 1387.0
1124.0 1255.5 1387.0
1124.0 1255.5 1387.0
1124.0 1255.5 1387.0
1124.0 1255.5 1387.0
1124.0 1255.5 1387.0
1124.0 1255.5 1387.0
1124.0 1255.5 1387.0
1124.0 1255.5 1387.0
1124.0 1255.5 1387.0
1124.0 1255.5 1387.0
1124.0 1255.5 1387.0
1124.0 1255.5 1387.0
1124.0 1255.5 1387.0
1124.0 1255.5 1387.0
1124.0 1255.5 1387.0
1124.0 1255.5 1387.0
1124.0 1255.5 1387.0
1124.0 1255.5 1387.0
1124.0 1255.5 1387.0
1124.0 1255.5 1387.0
1124.0 1255.5 1387.0
1124.0 1255.5 1387.0
1124.0 1255.5 1387.0
1124.0 1255.5 1387.0
1124.0 1255.5 1387.0
1124.0 1255.5 1387.0
1124.0 1255.5 1387.0
1124.0 1255.5 1387.0
1124.0 1255.5 1387.0
1124.0 1255.5 1387.0
1124.0 1255.5 1387.0
1124.0 1255.5 1387.0
1124.0 1255.5 1387.0
1124.0 1255.5 1387.0
1124.0 1255.5 1387.0
1124.0 1255.5 1387.0
1124.0 1255.5 1387.0
1124.0 1255.5 1387.0
1124.0 1255.5 1387.0
1124.0 1255.5 1387.0
1124.0 1255.5 1387.0
1124.0 1255.5 1387.0
1124.0 1255.5 1387.0
1124.0 1255.5 1387.0
1124.0 1255.5 1387.0
1124.0 1255.5 1387.0
1124.0 1255.5 1387.0
1124.0 1255.5 1387.0
1124.0 1255.5 1387.0
1124.0 1255.5 1387.0
1124.0 1255.5 1387.0
1124.0 1255.5 1387.0
1124.0 1255.5 1387.0
1124.0 1255.5 1387.0
1124.0 1255.5 1387.0
1124.0 1255.5 1387.0
1124.0 1255.5 1387.0
1124.0 1255.5 1387.0
1124.0 1255.5 1387.0
1124.0 1255.5 1387.0
1124.0 1255.5 1387.0
1124.0 1255.5 1387.0
1124.0 1255.5 1387.0
1124.0 1255.5 1387.0
1124.0 1255.5 1387.0
1124.0 1255.5 1387.0
1124.0 1255.5 1387.0
1124.0 1255.5 1387.0
1124.0 1255.5 1387.0
1124.0 1255.5 1387.0
1124.0 1255.5 1387.0
