10970.0 12222.5 13475.0
11331.0 11421.5 11512.0
9901.0 9931.0 9961.0
7429.0 7858.0 8287.0
5590.0 5621.5 5653.0
4940.0 5095.5 5251.0
3690.0 4451.0 5212.0
3095.0 3392.5 3690.0
1913.0 2711.0 3509.0
1913.0 2536.0 3159.0
2266.0 2385.5 2505.0
2266.0 2385.5 2505.0
2391.0 2448.0 2505.0
1833.0 2192.5 2552.0
1350.0 1625.5 1901.0
1350.0 1625.5 1901.0
1350.0 1625.5 1901.0
1350.0 1625.5 1901.0
1350.0 1625.5 1901.0
1350.0 1625.5 1901.0
1350.0 1625.5 1901.0
1350.0 1625.5 1901.0
1350.0 1625.5 1901.0
1350.0 1625.5 1901.0
1350.0 1625.5 1901.0
1350.0 1625.5 1901.0
1350.0 1625.5 1901.0
1350.0 1625.5 1901.0
1350.0 1625.5 1901.0
1350.0 1625.5 1901.0
1350.0 1625.5 1901.0
1350.0 1625.5 1901.0
1350.0 1625.5 1901.0
1350.0 1625.5 1901.0
1350.0 1625.5 1901.0
1350.0 1625.5 1901.0
1350.0 1625.5 1901.0
1350.0 1625.5 1901.0
1350.0 1625.5 1901.0
1350.0 1625.5 1901.0
1350.0 1625.5 1901.0
1350.0 1643.5 1937.0
1350.0 1463.0 1576.0
1350.0 1463.0 1576.0
1350.0 1396.5 1443.0
1350.0 1396.5 1443.0
1350.0 1396.5 1443.0
1350.0 1447.5 1545.0
1133.0 1241.5 1350.0
1133.0 1241.5 1350.0
1133.0 1241.5 1350.0
1133.0 1241.5 1350.0
1133.0 1241.5 1350.0
1133.0 1241.5 1350.0
1133.0 1196.5 1260.0
1133.0 1196.5 1260.0
1133.0 1196.5 1260.0
1133.0 1196.5 1260.0
1133.0 1196.5 1260.0
1133.0 1196.5 1260.0
1133.0 1196.5 1260.0
1133.0 1196.5 1260.0
1133.0 1196.5 1260.0
1133.0 1196.5 1260.0
1133.0 1196.5 1260.0
1133.0 1196.5 1260.0
1133.0 1196.5 1260.0
1133.0 1196.5 1260.0
1133.0 1196.5 1260.0
1133.0 1196.5 1260.0
1133.0 1196.5 1260.0
1133.0 1196.5 1260.0
1133.0 1196.5 1260.0
1133.0 1196.5 1260.0
1133.0 1196.5 1260.0
1133.0 1196.5 1260.0
1133.0 1196.5 1260.0
1133.0 1196.5 1260.0
1133.0 1196.5 1260.0
1133.0 1196.5 1260.0
1133.0 1196.5 1260.0
1133.0 1196.5 1260.0
1133.0 1196.5 1260.0
1133.0 1196.5 1260.0
1133.0 1196.5 1260.0
1133.0 1196.5 1260.0
1133.0 1196.5 1260.0
1133.0 1196.5 1260.0
1133.0 1196.5 1260.0
1133.0 1196.5 1260.0
1133.0 1196.5 1260.0
1133.0 1196.5 1260.0
1133.0 1196.5 1260.0
1133.0 1196.5 1260.0
1133.0 1196.5 1260.0
1133.0 1196.5 1260.0
1133.0 1196.5 1260.0
1133.0 1196.5 1260.0
1133.0 1196.5 1260.0
1133.0 1196.5 1260.0
1133.0 1196.5 1260.0
1133.0 1196.5 1260.0
1133.0 1196.5 1260.0
1133.0 1196.5 1260.0
1133.0 1196.5 1260.0
1133.0 1196.5 1260.0
1133.0 1196.5 1260.0
1133.0 1196.5 1260.0
1133.0 1196.5 1260.0
1133.0 1196.5 1260.0
1133.0 1196.5 1260.0
1133.0 1196.5 1260.0
1133.0 1196.5 1260.0
1133.0 1196.5 1260.0
1133.0 1196.5 1260.0
1133.0 1196.5 1260.0
1133.0 1196.5 1260.0
1133.0 1196.5 1260.0
1133.0 1196.5 1260.0
1133.0 1196.5 1260.0
1133.0 1196.5 1260.0
1133.0 1196.5 1260.0
1133.0 1196.5 1260.0
1133.0 1196.5 1260.0
1133.0 1196.5 1260.0
1133.0 1196.5 1260.0
1133.0 1196.5 1260.0
1133.0 1196.5 1260.0
1133.0 1196.5 1260.0
1133.0 1196.5 1260.0
1133.0 1196.5 1260.0
1133.0 1196.5 1260.0
1133.0 1196.5 1260.0
1133.0 1196.5 1260.0
1133.0 1196.5 1260.0
1133.0 1196.5 1260.0
1133.0 1196.5 1260.0
1133.0 1196.5 1260.0
1133.0 1196.5 1260.0
1133.0 1196.5 1260.0
1133.0 1196.5 1260.0
1133.0 1196.5 1260.0
1133.0 1196.5 1260.0
1133.0 1196.5 1260.0
1133.0 1196.5 1260.0
1133.0 1196.5 1260.0
1133.0 1196.5 1260.0
1133.0 1196.5 1260.0
1133.0 1196.5 1260.0
1133.0 1196.5 1260.0
1133.0 1196.5 1260.0
1133.0 1196.5 1260.0
1133.0 1196.5 1260.0
1133.0 1196.5 1260.0
1133.0 1196.5 1260.0
1133.0 1196.5 1260.0
1133.0 1196.5 1260.0
1133.0 1196.5 1260.0
1133.0 1196.5 1260.0
1133.0 1196.5 1260.0
1133.0 1196.5 1260.0
1133.0 1196.5 1260.0
1133.0 1196.5 1260.0
1133.0 1196.5 1260.0
1133.0 1196.5 1260.0
1133.0 1196.5 1260.0
1133.0 1196.5 1260.0
1133.0 1196.5 1260.0
1133.0 1196.5 1260.0
1133.0 1196.5 1260.0
1133.0 1196.5 1260.0
1133.0 1196.5 1260.0
1133.0 1196.5 1260.0
1133.0 1196.5 1260.0
1133.0 1196.5 1260.0
1133.0 1196.5 1260.0
1133.0 1196.5 1260.0
1133.0 1196.5 1260.0
1133.0 1196.5 1260.0
1133.0 1196.5 1260.0
1133.0 1196.5 1260.0
1133.0 1196.5 1260.0
1133.0 1196.5 1260.0
1133.0 1196.5 1260.0
1133.0 1196.5 1260.0
1133.0 1196.5 1260.0
1133.0 1196.5 1260.0
1133.0 1196.5 1260.0
1133.0 1196.5 1260.0
1133.0 1196.5 1260.0
1133.0 1196.5 1260.0
1133.0 1196.5 1260.0
1133.0 1196.5 1260.0
1133.0 1196.5 1260.0
1133.0 1196.5 1260.0
1133.0 1196.5 1260.0
1133.0 1196.5 1260.0
1133.0 1196.5 1260.0
1133.0 1196.5 1260.0
1133.0 1196.5 1260.0
