11725.0 12253.5 12782.0
8725.0 8803.0 8881.0
6673.0 7440.0 8207.0
6164.0 6667.5 7171.0
4391.0 4627.5 4864.0
3890.0 4009.0 4128.0
3295.0 3345.0 3395.0
1969.0 2388.0 2807.0
1969.0 2388.0 2807.0
1844.0 2015.5 2187.0
1818.0 2002.5 2187.0
1818.0 1935.5 2053.0
1270.0 1661.5 2053.0
876.0 1464.5 2053.0
876.0 1464.5 2053.0
876.0 1464.5 2053.0
876.0 1464.5 2053.0
876.0 1464.5 2053.0
876.0 1364.0 1852.0
876.0 1364.0 1852.0
876.0 1464.5 2053.0
876.0 1464.5 2053.0
876.0 1464.5 2053.0
876.0 1464.5 2053.0
876.0 1464.5 2053.0
876.0 1464.5 2053.0
876.0 1464.5 2053.0
876.0 1464.5 2053.0
876.0 1464.5 2053.0
876.0 1464.5 2053.0
876.0 1464.5 2053.0
876.0 1464.5 2053.0
876.0 1464.5 2053.0
876.0 1464.5 2053.0
876.0 1150.5 1425.0
876.0 1129.5 1383.0
876.0 1129.5 1383.0
876.0 957.5 1039.0
876.0 957.5 1039.0
876.0 957.5 1039.0
876.0 957.5 1039.0
876.0 957.5 1039.0
876.0 957.5 1039.0
876.0 957.5 1039.0
876.0 957.5 1039.0
876.0 957.5 1039.0
876.0 957.5 1039.0
876.0 957.5 1039.0
876.0 957.5 1039.0
876.0 957.5 1039.0
876.0 957.5 1039.0
876.0 957.5 1039.0
876.0 957.5 1039.0
876.0 957.5 1039.0
876.0 957.5 1039.0
876.0 957.5 1039.0
876.0 957.5 1039.0
876.0 957.5 1039.0
876.0 957.5 1039.0
876.0 957.5 1039.0
876.0 957.5 1039.0
876.0 957.5 1039.0
876.0 957.5 1039.0
876.0 957.5 1039.0
876.0 957.5 1039.0
876.0 957.5 1039.0
876.0 957.5 1039.0
876.0 957.5 1039.0
876.0 957.5 1039.0
876.0 957.5 1039.0
876.0 957.5 1039.0
876.0 957.5 1039.0
876.0 957.5 1039.0
876.0 957.5 1039.0
876.0 957.5 1039.0
876.0 957.5 1039.0
876.0 957.5 1039.0
876.0 957.5 1039.0
876.0 957.5 1039.0
876.0 957.5 1039.0
876.0 957.5 1039.0
876.0 957.5 1039.0
876.0 957.5 1039.0
876.0 957.5 1039.0
876.0 957.5 1039.0
876.0 957.5 1039.0
876.0 957.5 1039.0
876.0 957.5 1039.0
876.0 957.5 1039.0
876.0 957.5 1039.0
876.0 957.5 1039.0
876.0 957.5 1039.0
876.0 957.5 1039.0
876.0 957.5 1039.0
876.0 957.5 1039.0
876.0 957.5 1039.0
876.0 957.5 1039.0
876.0 957.5 1039.0
876.0 957.5 1039.0
876.0 957.5 1039.0
876.0 957.5 1039.0
876.0 957.5 1039.0
876.0 957.5 1039.0
876.0 957.5 1039.0
876.0 957.5 1039.0
876.0 957.5 1039.0
876.0 957.5 1039.0
876.0 957.5 1039.0
876.0 957.5 1039.0
876.0 957.5 1039.0
876.0 957.5 1039.0
876.0 957.5 1039.0
876.0 957.5 1039.0
876.0 957.5 1039.0
876.0 957.5 1039.0
876.0 957.5 1039.0
876.0 957.5 1039.0
876.0 957.5 1039.0
876.0 957.5 1039.0
876.0 957.5 1039.0
876.0 957.5 1039.0
876.0 957.5 1039.0
876.0 957.5 1039.0
876.0 957.5 1039.0
876.0 957.5 1039.0
876.0 957.5 1039.0
876.0 957.5 1039.0
876.0 957.5 1039.0
876.0 957.5 1039.0
876.0 957.5 1039.0
876.0 957.5 1039.0
876.0 957.5 1039.0
876.0 957.5 1039.0
876.0 957.5 1039.0
876.0 957.5 1039.0
876.0 957.5 1039.0
876.0 957.5 1039.0
876.0 957.5 1039.0
876.0 957.5 1039.0
876.0 957.5 1039.0
876.0 957.5 1039.0
876.0 957.5 1039.0
876.0 957.5 1039.0
876.0 957.5 1039.0
876.0 957.5 1039.0
876.0 957.5 1039.0
876.0 957.5 1039.0
876.0 957.5 1039.0
876.0 957.5 1039.0
876.0 957.5 1039.0
876.0 957.5 1039.0
876.0 957.5 1039.0
876.0 957.5 1039.0
876.0 957.5 1039.0
876.0 957.5 1039.0
876.0 957.5 1039.0
876.0 957.5 1039.0
876.0 957.5 1039.0
876.0 957.5 1039.0
876.0 957.5 1039.0
876.0 957.5 1039.0
876.0 957.5 1039.0
876.0 957.5 1039.0
876.0 957.5 1039.0
876.0 957.5 1039.0
876.0 957.5 1039.0
876.0 957.5 1039.0
876.0 957.5 1039.0
876.0 957.5 1039.0
876.0 957.5 1039.0
876.0 957.5 1039.0
876.0 957.5 1039.0
876.0 957.5 1039.0
876.0 957.5 1039.0
876.0 957.5 1039.0
876.0 957.5 1039.0
876.0 957.5 1039.0
876.0 957.5 1039.0
876.0 957.5 1039.0
876.0 957.5 1039.0
876.0 957.5 1039.0
876.0 957.5 1039.0
876.0 957.5 1039.0
876.0 957.5 1039.0
876.0 957.5 1039.0
876.0 957.5 1039.0
876.0 957.5 1039.0
876.0 957.5 1039.0
876.0 957.5 1039.0
876.0 957.5 1039.0
876.0 957.5 1039.0
876.0 957.5 1039.0
876.0 957.5 1039.0
876.0 957.5 1039.0
876.0 957.5 1039.0
876.0 957.5 1039.0
876.0 957.5 1039.0
876.0 957.5 1039.0
876.0 957.5 1039.0
876.0 957.5 1039.0
