7157.0 8172.0 9187.0
7455.0 8474.0 9493.0
5224.0 5797.0 6370.0
3892.0 4914.5 5937.0
3028.0 3546.0 4064.0
2059.0 2977.0 3895.0
2059.0 3024.5 3990.0
1629.0 2136.0 2643.0
1629.0 2044.5 2460.0
1629.0 1801.0 1973.0
1629.0 1641.0 1653.0
1292.0 1460.5 1629.0
1292.0 1460.5 1629.0
1292.0 1460.5 1629.0
1292.0 1460.5 1629.0
1292.0 1460.5 1629.0
1292.0 1460.5 1629.0
1292.0 1460.5 1629.0
1292.0 1460.5 1629.0
1292.0 1460.5 1629.0
1292.0 1460.5 1629.0
1292.0 1460.5 1629.0
1292.0 1460.5 1629.0
1292.0 1460.5 1629.0
1292.0 1460.5 1629.0
1292.0 1460.5 1629.0
1292.0 1460.5 1629.0
1292.0 1460.5 1629.0
1292.0 1460.5 1629.0
1292.0 1460.5 1629.0
1292.0 1460.5 1629.0
1292.0 1460.5 1629.0
1292.0 1460.5 1629.0
1292.0 1460.5 1629.0
1292.0 1460.5 1629.0
1292.0 1460.5 1629.0
1292.0 1460.5 1629.0
1292.0 1460.5 1629.0
1292.0 1460.5 1629.0
1292.0 1460.5 1629.0
1292.0 1460.5 1629.0
1292.0 1460.5 1629.0
1292.0 1460.5 1629.0
1292.0 1460.5 1629.0
1292.0 1460.5 1629.0
1292.0 1460.5 1629.0
1292.0 1460.5 1629.0
1292.0 1460.5 1629.0
1292.0 1460.5 1629.0
1292.0 1460.5 1629.0
1292.0 1460.5 1629.0
1292.0 1460.5 1629.0
1292.0 1460.5 1629.0
1162.0 1227.0 1292.0
1162.0 1227.0 1292.0
1162.0 1227.0 1292.0
1162.0 1227.0 1292.0
1162.0 1227.0 1292.0
1162.0 1227.0 1292.0
1162.0 1227.0 1292.0
1162.0 1227.0 1292.0
1162.0 1227.0 1292.0
1162.0 1227.0 1292.0
1162.0 1227.0 1292.0
1162.0 1227.0 1292.0
1162.0 1227.0 1292.0
1162.0 1227.0 1292.0
1162.0 1227.0 1292.0
1162.0 1227.0 1292.0
1162.0 1227.0 1292.0
1162.0 1227.0 1292.0
1162.0 1227.0 1292.0
1162.0 1227.0 1292.0
1162.0 1227.0 1292.0
1162.0 1227.0 1292.0
1162.0 1227.0 1292.0
1162.0 1227.0 1292.0
1162.0 1227.0 1292.0
1162.0 1227.0 1292.0
1162.0 1227.0 1292.0
1162.0 1227.0 1292.0
1162.0 1227.0 1292.0
1162.0 1227.0 1292.0
1162.0 1227.0 1292.0
1162.0 1227.0 1292.0
1162.0 1219.5 1277.0
1162.0 1219.5 1277.0
999.0 1080.5 1162.0
999.0 1080.5 1162.0
999.0 1080.5 1162.0
999.0 1080.5 1162.0
999.0 1080.5 1162.0
999.0 1080.5 1162.0
999.0 1080.5 1162.0
999.0 1080.5 1162.0
999.0 1080.5 1162.0
999.0 1080.5 1162.0
999.0 1080.5 1162.0
999.0 1080.5 1162.0
999.0 1080.5 1162.0
999.0 1080.5 1162.0
999.0 1080.5 1162.0
999.0 1080.5 1162.0
999.0 1080.5 1162.0
999.0 1080.5 1162.0
999.0 1080.5 1162.0
999.0 1080.5 1162.0
999.0 1080.5 1162.0
999.0 1080.5 1162.0
999.0 1080.5 1162.0
999.0 1080.5 1162.0
999.0 1080.5 1162.0
999.0 1080.5 1162.0
999.0 1080.5 1162.0
999.0 1080.5 1162.0
999.0 1080.5 1162.0
999.0 1080.5 1162.0
999.0 1080.5 1162.0
999.0 1080.5 1162.0
999.0 1080.5 1162.0
999.0 1080.5 1162.0
999.0 1080.5 1162.0
999.0 1080.5 1162.0
999.0 1080.5 1162.0
999.0 1080.5 1162.0
999.0 1080.5 1162.0
999.0 1080.5 1162.0
999.0 1080.5 1162.0
999.0 1080.5 1162.0
999.0 1080.5 1162.0
999.0 1080.5 1162.0
999.0 1080.5 1162.0
999.0 1080.5 1162.0
999.0 1080.5 1162.0
999.0 1080.5 1162.0
999.0 1080.5 1162.0
999.0 1080.5 1162.0
999.0 1080.5 1162.0
999.0 1080.5 1162.0
999.0 1080.5 1162.0
999.0 1080.5 1162.0
999.0 1080.5 1162.0
999.0 1080.5 1162.0
999.0 1080.5 1162.0
999.0 1080.5 1162.0
999.0 1080.5 1162.0
999.0 1080.5 1162.0
999.0 1080.5 1162.0
999.0 1080.5 1162.0
999.0 1080.5 1162.0
999.0 1080.5 1162.0
999.0 1080.5 1162.0
999.0 1080.5 1162.0
999.0 1080.5 1162.0
999.0 1080.5 1162.0
999.0 1080.5 1162.0
999.0 1080.5 1162.0
999.0 1080.5 1162.0
999.0 1080.5 1162.0
999.0 1080.5 1162.0
999.0 1080.5 1162.0
999.0 1080.5 1162.0
999.0 1080.5 1162.0
999.0 1080.5 1162.0
999.0 1080.5 1162.0
999.0 1080.5 1162.0
999.0 1080.5 1162.0
999.0 1080.5 1162.0
999.0 1080.5 1162.0
999.0 1080.5 1162.0
999.0 1080.5 1162.0
999.0 1080.5 1162.0
999.0 1080.5 1162.0
999.0 1080.5 1162.0
999.0 1080.5 1162.0
999.0 1080.5 1162.0
999.0 1080.5 1162.0
999.0 1080.5 1162.0
999.0 1080.5 1162.0
999.0 1080.5 1162.0
999.0 1080.5 1162.0
999.0 1080.5 1162.0
999.0 1080.5 1162.0
999.0 1080.5 1162.0
999.0 1080.5 1162.0
999.0 1080.5 1162.0
999.0 1080.5 1162.0
999.0 1080.5 1162.0
999.0 1080.5 1162.0
999.0 1080.5 1162.0
999.0 1080.5 1162.0
999.0 1080.5 1162.0
999.0 1080.5 1162.0
999.0 1080.5 1162.0
999.0 1080.5 1162.0
999.0 1080.5 1162.0
999.0 1080.5 1162.0
999.0 1080.5 1162.0
999.0 1080.5 1162.0
999.0 1080.5 1162.0
