13287.0 13405.5 13524.0
9756.0 10248.5 10741.0
8154.0 9153.0 10152.0
7162.0 7745.5 8329.0
5668.0 5747.0 5826.0
5506.0 5778.5 6051.0
4684.0 4762.5 4841.0
3281.0 3845.0 4409.0
3196.0 3554.0 3912.0
3196.0 3310.5 3425.0
1908.0 2676.0 3444.0
1908.0 2414.5 2921.0
1908.0 2014.0 2120.0
1882.0 2001.0 2120.0
1974.0 2047.0 2120.0
1974.0 2047.0 2120.0
1974.0 2047.0 2120.0
1974.0 2047.0 2120.0
1974.0 2047.0 2120.0
1974.0 2047.0 2120.0
1819.0 1969.5 2120.0
1819.0 1969.5 2120.0
1542.0 1879.0 2216.0
1542.0 1743.5 1945.0
1513.0 1527.5 1542.0
1513.0 1527.5 1542.0
1513.0 1527.5 1542.0
1513.0 1527.5 1542.0
1513.0 1527.5 1542.0
1513.0 1527.5 1542.0
1513.0 1527.5 1542.0
1513.0 1527.5 1542.0
1513.0 1527.5 1542.0
1513.0 1527.5 1542.0
1513.0 1527.5 1542.0
1513.0 1527.5 1542.0
1513.0 1527.5 1542.0
1513.0 1527.5 1542.0
1513.0 1527.5 1542.0
1513.0 1527.5 1542.0
1513.0 1527.5 1542.0
1513.0 1527.5 1542.0
1513.0 1527.5 1542.0
1513.0 1527.5 1542.0
1513.0 1527.5 1542.0
1513.0 1527.5 1542.0
1513.0 1527.5 1542.0
1513.0 1527.5 1542.0
1513.0 1527.5 1542.0
1513.0 1527.5 1542.0
1513.0 1527.5 1542.0
1513.0 1527.5 1542.0
1513.0 1527.5 1542.0
1513.0 1527.5 1542.0
1513.0 1527.5 1542.0
1513.0 1527.5 1542.0
1513.0 1527.5 1542.0
1513.0 1527.5 1542.0
1513.0 1527.5 1542.0
1513.0 1527.5 1542.0
1513.0 1527.5 1542.0
1513.0 1527.5 1542.0
1513.0 1527.5 1542.0
1513.0 1527.5 1542.0
1513.0 1527.5 1542.0
1513.0 1527.5 1542.0
1513.0 1527.5 1542.0
1513.0 1527.5 1542.0
1513.0 1527.5 1542.0
1513.0 1527.5 1542.0
1513.0 1527.5 1542.0
1513.0 1527.5 1542.0
1513.0 1527.5 1542.0
1513.0 1527.5 1542.0
1513.0 1527.5 1542.0
1513.0 1527.5 1542.0
1513.0 1527.5 1542.0
1513.0 1527.5 1542.0
1513.0 1527.5 1542.0
1513.0 1527.5 1542.0
1513.0 1527.5 1542.0
1513.0 1527.5 1542.0
1513.0 1527.5 1542.0
1513.0 1527.5 1542.0
1513.0 1527.5 1542.0
1513.0 1527.5 1542.0
1513.0 1527.5 1542.0
1513.0 1527.5 1542.0
1513.0 1527.5 1542.0
1513.0 1527.5 1542.0
1513.0 1527.5 1542.0
1513.0 1527.5 1542.0
1513.0 1527.5 1542.0
1513.0 1527.5 1542.0
1513.0 1527.5 1542.0
1513.0 1527.5 1542.0
1513.0 1527.5 1542.0
1513.0 1527.5 1542.0
1513.0 1527.5 1542.0
1513.0 1527.5 1542.0
1513.0 1527.5 1542.0
1513.0 1527.5 1542.0
1513.0 1527.5 1542.0
1513.0 1527.5 1542.0
1513.0 1527.5 1542.0
1513.0 1527.5 1542.0
1513.0 1527.5 1542.0
1513.0 1527.5 1542.0
1513.0 1527.5 1542.0
1513.0 1527.5 1542.0
1513.0 1527.5 1542.0
1513.0 1527.5 1542.0
1513.0 1527.5 1542.0
1513.0 1527.5 1542.0
1513.0 1527.5 1542.0
1513.0 1527.5 1542.0
1513.0 1527.5 1542.0
1513.0 1527.5 1542.0
1513.0 1527.5 1542.0
1513.0 1527.5 1542.0
1513.0 1527.5 1542.0
1513.0 1527.5 1542.0
1513.0 1527.5 1542.0
1513.0 1670.0 1827.0
1215.0 1521.0 1827.0
1215.0 1521.0 1827.0
1215.0 1521.0 1827.0
1215.0 1521.0 1827.0
1215.0 1521.0 1827.0
1215.0 1521.0 1827.0
1215.0 1521.0 1827.0
1215.0 1521.0 1827.0
1215.0 1521.0 1827.0
1215.0 1521.0 1827.0
1215.0 1521.0 1827.0
1215.0 1521.0 1827.0
1215.0 1531.5 1848.0
1215.0 1521.0 1827.0
1215.0 1521.0 1827.0
1215.0 1285.0 1355.0
1215.0 1285.0 1355.0
1215.0 1285.0 1355.0
1215.0 1285.0 1355.0
1215.0 1285.0 1355.0
1215.0 1285.0 1355.0
1215.0 1285.0 1355.0
1215.0 1285.0 1355.0
1215.0 1285.0 1355.0
1215.0 1285.0 1355.0
1215.0 1285.0 1355.0
1215.0 1285.0 1355.0
1215.0 1285.0 1355.0
1215.0 1285.0 1355.0
1215.0 1285.0 1355.0
1215.0 1285.0 1355.0
1215.0 1285.0 1355.0
1215.0 1285.0 1355.0
1215.0 1285.0 1355.0
1215.0 1285.0 1355.0
1215.0 1285.0 1355.0
1215.0 1285.0 1355.0
1215.0 1285.0 1355.0
1215.0 1285.0 1355.0
1215.0 1285.0 1355.0
1215.0 1285.0 1355.0
1215.0 1285.0 1355.0
1215.0 1285.0 1355.0
1215.0 1285.0 1355.0
1215.0 1285.0 1355.0
1215.0 1285.0 1355.0
1215.0 1285.0 1355.0
1215.0 1285.0 1355.0
1215.0 1285.0 1355.0
1215.0 1285.0 1355.0
1215.0 1285.0 1355.0
1215.0 1285.0 1355.0
1215.0 1285.0 1355.0
1215.0 1285.0 1355.0
1215.0 1285.0 1355.0
1215.0 1285.0 1355.0
1215.0 1285.0 1355.0
1215.0 1285.0 1355.0
1215.0 1285.0 1355.0
1215.0 1285.0 1355.0
1215.0 1285.0 1355.0
1215.0 1285.0 1355.0
1215.0 1285.0 1355.0
1215.0 1285.0 1355.0
1215.0 1285.0 1355.0
1215.0 1285.0 1355.0
1215.0 1285.0 1355.0
1215.0 1285.0 1355.0
1215.0 1285.0 1355.0
1215.0 1285.0 1355.0
1215.0 1285.0 1355.0
1215.0 1285.0 1355.0
1215.0 1285.0 1355.0
1215.0 1285.0 1355.0
1215.0 1285.0 1355.0
1215.0 1285.0 1355.0
