9936.0 12661.0 15386.0
9912.0 11552.5 13193.0
5894.0 9435.5 12977.0
5997.0 8008.5 10020.0
5119.0 6456.0 7793.0
3598.0 4371.0 5144.0
3254.0 4044.5 4835.0
3408.0 3794.5 4181.0
2831.0 3065.5 3300.0
1973.0 2636.5 3300.0
1973.0 2136.5 2300.0
1973.0 2136.5 2300.0
1973.0 2061.0 2149.0
1973.0 2046.0 2119.0
1255.0 1614.0 1973.0
1255.0 1614.0 1973.0
1255.0 1614.0 1973.0
1255.0 1614.0 1973.0
1255.0 1614.0 1973.0
1255.0 1614.0 1973.0
1255.0 1614.0 1973.0
1255.0 1614.0 1973.0
1255.0 1614.0 1973.0
1255.0 1614.0 1973.0
1255.0 1614.0 1973.0
1255.0 1614.0 1973.0
1255.0 1614.0 1973.0
1255.0 1614.0 1973.0
1504.0 1738.5 1973.0
1504.0 1738.5 1973.0
1504.0 1738.5 1973.0
1504.0 1738.5 1973.0
1504.0 1738.5 1973.0
1504.0 1738.5 1973.0
1504.0 1688.0 1872.0
1504.0 1688.0 1872.0
1504.0 1688.0 1872.0
1504.0 1609.5 1715.0
1504.0 1609.5 1715.0
1400.0 1452.0 1504.0
1400.0 1452.0 1504.0
1400.0 1452.0 1504.0
1400.0 1452.0 1504.0
1400.0 1452.0 1504.0
1400.0 1452.0 1504.0
1400.0 1452.0 1504.0
1400.0 1452.0 1504.0
1400.0 1452.0 1504.0
1400.0 1452.0 1504.0
1400.0 1452.0 1504.0
1400.0 1452.0 1504.0
1400.0 1452.0 1504.0
1400.0 1452.0 1504.0
1400.0 1452.0 1504.0
1400.0 1452.0 1504.0
1400.0 1452.0 1504.0
1400.0 1452.0 1504.0
1400.0 1452.0 1504.0
1400.0 1452.0 1504.0
1400.0 1452.0 1504.0
1400.0 1452.0 1504.0
1400.0 1452.0 1504.0
1400.0 1452.0 1504.0
1400.0 1452.0 1504.0
1400.0 1452.0 1504.0
1400.0 1452.0 1504.0
1400.0 1452.0 1504.0
1400.0 1452.0 1504.0
1400.0 1452.0 1504.0
1400.0 1452.0 1504.0
1400.0 1452.0 1504.0
1400.0 1452.0 1504.0
1400.0 1452.0 1504.0
1400.0 1452.0 1504.0
1400.0 1452.0 1504.0
1400.0 1452.0 1504.0
1400.0 1452.0 1504.0
1400.0 1452.0 1504.0
1400.0 1452.0 1504.0
1400.0 1452.0 1504.0
1400.0 1452.0 1504.0
1400.0 1452.0 1504.0
1400.0 1452.0 1504.0
1400.0 1452.0 1504.0
1400.0 1452.0 1504.0
1400.0 1452.0 1504.0
1400.0 1452.0 1504.0
1400.0 1452.0 1504.0
1400.0 1452.0 1504.0
1400.0 1452.0 1504.0
1400.0 1452.0 1504.0
1400.0 1452.0 1504.0
1400.0 1452.0 1504.0
1400.0 1452.0 1504.0
1400.0 1452.0 1504.0
1400.0 1452.0 1504.0
1400.0 1452.0 1504.0
1400.0 1452.0 1504.0
1400.0 1452.0 1504.0
1400.0 1452.0 1504.0
1400.0 1452.0 1504.0
1400.0 1452.0 1504.0
1400.0 1452.0 1504.0
1400.0 1452.0 1504.0
1400.0 1452.0 1504.0
1400.0 1452.0 1504.0
1400.0 1452.0 1504.0
1400.0 1452.0 1504.0
1400.0 1452.0 1504.0
1400.0 1452.0 1504.0
1400.0 1452.0 1504.0
1400.0 1452.0 1504.0
1400.0 1452.0 1504.0
1400.0 1452.0 1504.0
1400.0 1452.0 1504.0
1400.0 1452.0 1504.0
1400.0 1452.0 1504.0
1400.0 1452.0 1504.0
1400.0 1452.0 1504.0
1400.0 1452.0 1504.0
1400.0 1452.0 1504.0
1400.0 1452.0 1504.0
1400.0 1452.0 1504.0
1400.0 1452.0 1504.0
1400.0 1452.0 1504.0
1400.0 1452.0 1504.0
1400.0 1452.0 1504.0
1400.0 1452.0 1504.0
1400.0 1452.0 1504.0
1400.0 1452.0 1504.0
1400.0 1452.0 1504.0
1400.0 1452.0 1504.0
1400.0 1452.0 1504.0
1400.0 1452.0 1504.0
1400.0 1452.0 1504.0
1400.0 1452.0 1504.0
1400.0 1452.0 1504.0
1400.0 1452.0 1504.0
1400.0 1452.0 1504.0
1400.0 1452.0 1504.0
1400.0 1452.0 1504.0
1400.0 1452.0 1504.0
1400.0 1452.0 1504.0
1400.0 1452.0 1504.0
1400.0 1452.0 1504.0
1400.0 1452.0 1504.0
1400.0 1452.0 1504.0
1400.0 1452.0 1504.0
1400.0 1452.0 1504.0
1400.0 1452.0 1504.0
1400.0 1452.0 1504.0
1206.0 1355.0 1504.0
1206.0 1355.0 1504.0
1206.0 1355.0 1504.0
1206.0 1355.0 1504.0
1206.0 1355.0 1504.0
1206.0 1355.0 1504.0
1206.0 1355.0 1504.0
1206.0 1355.0 1504.0
1206.0 1355.0 1504.0
1206.0 1355.0 1504.0
1206.0 1355.0 1504.0
1206.0 1355.0 1504.0
1206.0 1355.0 1504.0
1206.0 1355.0 1504.0
1206.0 1355.0 1504.0
1206.0 1355.0 1504.0
1206.0 1355.0 1504.0
1206.0 1355.0 1504.0
1206.0 1355.0 1504.0
1206.0 1355.0 1504.0
1206.0 1355.0 1504.0
1206.0 1355.0 1504.0
1206.0 1355.0 1504.0
1206.0 1355.0 1504.0
1206.0 1355.0 1504.0
1206.0 1355.0 1504.0
1206.0 1355.0 1504.0
1206.0 1355.0 1504.0
1206.0 1355.0 1504.0
1206.0 1355.0 1504.0
1206.0 1355.0 1504.0
1206.0 1355.0 1504.0
1206.0 1355.0 1504.0
1206.0 1355.0 1504.0
1206.0 1355.0 1504.0
1206.0 1355.0 1504.0
1206.0 1355.0 1504.0
1206.0 1355.0 1504.0
1206.0 1355.0 1504.0
1206.0 1355.0 1504.0
1206.0 1355.0 1504.0
1206.0 1355.0 1504.0
1206.0 1355.0 1504.0
1206.0 1355.0 1504.0
1206.0 1355.0 1504.0
1206.0 1355.0 1504.0
1206.0 1355.0 1504.0
1206.0 1355.0 1504.0
1206.0 1355.0 1504.0
