12161.0 14053.0 15945.0
9920.0 10399.0 10878.0
7438.0 8675.0 9912.0
6404.0 7314.5 8225.0
5881.0 6301.5 6722.0
3555.0 4946.0 6337.0
3516.0 3654.5 3793.0
2493.0 3143.0 3793.0
2776.0 2838.5 2901.0
2370.0 2573.0 2776.0
2311.0 2543.5 2776.0
2165.0 2210.5 2256.0
2165.0 2210.5 2256.0
2165.0 2295.5 2426.0
2165.0 2295.5 2426.0
2165.0 2295.5 2426.0
2165.0 2295.5 2426.0
2165.0 2295.5 2426.0
2165.0 2295.5 2426.0
2165.0 2295.5 2426.0
2165.0 2295.5 2426.0
2165.0 2295.5 2426.0
2165.0 2295.5 2426.0
2165.0 2295.5 2426.0
2165.0 2295.5 2426.0
2165.0 2295.5 2426.0
2165.0 2295.5 2426.0
2165.0 2295.5 2426.0
2165.0 2295.5 2426.0
2165.0 2295.5 2426.0
2165.0 2295.5 2426.0
2165.0 2295.5 2426.0
2165.0 2295.5 2426.0
2165.0 2295.5 2426.0
2165.0 2295.5 2426.0
2165.0 2295.5 2426.0
2165.0 2295.5 2426.0
2165.0 2295.5 2426.0
2165.0 2295.5 2426.0
1843.0 2004.0 2165.0
1843.0 2004.0 2165.0
2117.0 2141.0 2165.0
2117.0 2141.0 2165.0
2117.0 2141.0 2165.0
2117.0 2141.0 2165.0
1607.0 1862.0 2117.0
1607.0 1862.0 2117.0
1607.0 1862.0 2117.0
1607.0 1862.0 2117.0
1607.0 1862.0 2117.0
1607.0 1862.0 2117.0
1607.0 1862.0 2117.0
1607.0 1806.0 2005.0
1467.0 1537.0 1607.0
1467.0 1537.0 1607.0
1459.0 1533.0 1607.0
1459.0 1533.0 1607.0
1459.0 1533.0 1607.0
1459.0 1533.0 1607.0
1459.0 1533.0 1607.0
1459.0 1533.0 1607.0
1459.0 1533.0 1607.0
1459.0 1533.0 1607.0
1459.0 1533.0 1607.0
1459.0 1533.0 1607.0
1459.0 1533.0 1607.0
1459.0 1533.0 1607.0
1440.0 1449.5 1459.0
1459.0 1533.0 1607.0
1314.0 1386.5 1459.0
1314.0 1386.5 1459.0
1314.0 1386.5 1459.0
1314.0 1386.5 1459.0
1314.0 1386.5 1459.0
1314.0 1386.5 1459.0
1314.0 1386.5 1459.0
1314.0 1386.5 1459.0
1314.0 1386.5 1459.0
1314.0 1386.5 1459.0
1314.0 1386.5 1459.0
1314.0 1386.5 1459.0
1314.0 1386.5 1459.0
1314.0 1386.5 1459.0
1314.0 1386.5 1459.0
1314.0 1386.5 1459.0
1314.0 1386.5 1459.0
1314.0 1386.5 1459.0
1314.0 1386.5 1459.0
1314.0 1386.5 1459.0
1314.0 1386.5 1459.0
1314.0 1386.5 1459.0
1314.0 1386.5 1459.0
1314.0 1386.5 1459.0
1314.0 1386.5 1459.0
1314.0 1386.5 1459.0
1314.0 1386.5 1459.0
1314.0 1386.5 1459.0
1314.0 1386.5 1459.0
1314.0 1386.5 1459.0
1314.0 1386.5 1459.0
1314.0 1386.5 1459.0
1314.0 1386.5 1459.0
1314.0 1386.5 1459.0
1314.0 1386.5 1459.0
1314.0 1386.5 1459.0
1314.0 1386.5 1459.0
1314.0 1386.5 1459.0
1314.0 1386.5 1459.0
1314.0 1386.5 1459.0
1314.0 1386.5 1459.0
1314.0 1386.5 1459.0
1314.0 1386.5 1459.0
1314.0 1386.5 1459.0
1314.0 1386.5 1459.0
1314.0 1386.5 1459.0
1314.0 1386.5 1459.0
1314.0 1386.5 1459.0
1314.0 1386.5 1459.0
1314.0 1386.5 1459.0
1314.0 1386.5 1459.0
1314.0 1386.5 1459.0
1314.0 1386.5 1459.0
1314.0 1386.5 1459.0
1314.0 1386.5 1459.0
1314.0 1386.5 1459.0
1314.0 1386.5 1459.0
1314.0 1386.5 1459.0
1314.0 1386.5 1459.0
1314.0 1386.5 1459.0
1314.0 1386.5 1459.0
1314.0 1386.5 1459.0
1314.0 1386.5 1459.0
1314.0 1386.5 1459.0
1314.0 1386.5 1459.0
1314.0 1386.5 1459.0
1314.0 1386.5 1459.0
1314.0 1386.5 1459.0
1314.0 1386.5 1459.0
1314.0 1386.5 1459.0
1314.0 1386.5 1459.0
1314.0 1386.5 1459.0
1314.0 1386.5 1459.0
1314.0 1386.5 1459.0
1314.0 1386.5 1459.0
1314.0 1386.5 1459.0
1314.0 1386.5 1459.0
1314.0 1386.5 1459.0
1314.0 1386.5 1459.0
1314.0 1386.5 1459.0
1314.0 1386.5 1459.0
1314.0 1386.5 1459.0
1314.0 1386.5 1459.0
1314.0 1386.5 1459.0
1314.0 1386.5 1459.0
1314.0 1386.5 1459.0
1314.0 1386.5 1459.0
1314.0 1386.5 1459.0
1314.0 1386.5 1459.0
1314.0 1386.5 1459.0
1314.0 1386.5 1459.0
1314.0 1386.5 1459.0
1314.0 1386.5 1459.0
1314.0 1386.5 1459.0
1314.0 1386.5 1459.0
1314.0 1386.5 1459.0
1314.0 1386.5 1459.0
1314.0 1386.5 1459.0
1314.0 1386.5 1459.0
1314.0 1386.5 1459.0
1314.0 1386.5 1459.0
1314.0 1386.5 1459.0
1314.0 1386.5 1459.0
1314.0 1386.5 1459.0
1314.0 1386.5 1459.0
1314.0 1386.5 1459.0
1314.0 1386.5 1459.0
1314.0 1386.5 1459.0
1314.0 1386.5 1459.0
1314.0 1386.5 1459.0
1314.0 1386.5 1459.0
1314.0 1386.5 1459.0
1314.0 1386.5 1459.0
1314.0 1386.5 1459.0
1314.0 1386.5 1459.0
1314.0 1386.5 1459.0
1314.0 1386.5 1459.0
1314.0 1386.5 1459.0
1314.0 1386.5 1459.0
1082.0 1198.0 1314.0
1082.0 1198.0 1314.0
1082.0 1198.0 1314.0
1082.0 1198.0 1314.0
1082.0 1198.0 1314.0
1082.0 1198.0 1314.0
1082.0 1198.0 1314.0
1082.0 1198.0 1314.0
1082.0 1198.0 1314.0
1082.0 1198.0 1314.0
1082.0 1198.0 1314.0
1082.0 1198.0 1314.0
