13438.0 13808.5 14179.0
8878.0 9665.5 10453.0
8490.0 9058.0 9626.0
7546.0 7961.5 8377.0
6144.0 6526.0 6908.0
6304.0 6390.0 6476.0
5563.0 5764.5 5966.0
5510.0 5536.5 5563.0
4012.0 4525.0 5038.0
3778.0 3895.0 4012.0
3134.0 3573.0 4012.0
2925.0 3468.5 4012.0
2499.0 3255.5 4012.0
2499.0 2703.0 2907.0
2499.0 2703.0 2907.0
2499.0 2661.0 2823.0
2162.0 2330.5 2499.0
993.0 1746.0 2499.0
993.0 1746.0 2499.0
993.0 1793.5 2594.0
993.0 1566.5 2140.0
993.0 1566.5 2140.0
993.0 1566.5 2140.0
993.0 1566.5 2140.0
993.0 1566.5 2140.0
993.0 1566.5 2140.0
993.0 1566.5 2140.0
993.0 1566.5 2140.0
993.0 1566.5 2140.0
993.0 1566.5 2140.0
993.0 1566.5 2140.0
993.0 1566.5 2140.0
993.0 1566.5 2140.0
993.0 1566.5 2140.0
993.0 1566.5 2140.0
993.0 1566.5 2140.0
993.0 1566.5 2140.0
993.0 1566.5 2140.0
993.0 1566.5 2140.0
993.0 1566.5 2140.0
993.0 1566.5 2140.0
993.0 1566.5 2140.0
993.0 1566.5 2140.0
993.0 1566.5 2140.0
993.0 1566.5 2140.0
993.0 1566.5 2140.0
993.0 1527.5 2062.0
993.0 1527.5 2062.0
993.0 1527.5 2062.0
993.0 1527.5 2062.0
993.0 1527.5 2062.0
993.0 1527.5 2062.0
993.0 1527.5 2062.0
993.0 1527.5 2062.0
993.0 1527.5 2062.0
993.0 1527.5 2062.0
993.0 1527.5 2062.0
993.0 1527.5 2062.0
993.0 1527.5 2062.0
993.0 1527.5 2062.0
993.0 1527.5 2062.0
993.0 1527.5 2062.0
993.0 1527.5 2062.0
993.0 1527.5 2062.0
993.0 1527.5 2062.0
993.0 1527.5 2062.0
993.0 1527.5 2062.0
993.0 1527.5 2062.0
993.0 1527.5 2062.0
993.0 1527.5 2062.0
993.0 1527.5 2062.0
993.0 1527.5 2062.0
993.0 1527.5 2062.0
993.0 1527.5 2062.0
993.0 1527.5 2062.0
993.0 1527.5 2062.0
993.0 1527.5 2062.0
993.0 1527.5 2062.0
993.0 1527.5 2062.0
993.0 1527.5 2062.0
993.0 1527.5 2062.0
993.0 1527.5 2062.0
993.0 1527.5 2062.0
993.0 1527.5 2062.0
993.0 1527.5 2062.0
993.0 1527.5 2062.0
993.0 1527.5 2062.0
993.0 1527.5 2062.0
993.0 1527.5 2062.0
993.0 1527.5 2062.0
993.0 1527.5 2062.0
993.0 1527.5 2062.0
993.0 1527.5 2062.0
993.0 1527.5 2062.0
993.0 1527.5 2062.0
993.0 1527.5 2062.0
993.0 1527.5 2062.0
993.0 1527.5 2062.0
993.0 1527.5 2062.0
993.0 1527.5 2062.0
993.0 1527.5 2062.0
993.0 1527.5 2062.0
993.0 1527.5 2062.0
993.0 1527.5 2062.0
993.0 1527.5 2062.0
993.0 1527.5 2062.0
993.0 1527.5 2062.0
993.0 1527.5 2062.0
993.0 1527.5 2062.0
993.0 1527.5 2062.0
993.0 1527.5 2062.0
993.0 1527.5 2062.0
993.0 1527.5 2062.0
993.0 1527.5 2062.0
993.0 1527.5 2062.0
993.0 1527.5 2062.0
993.0 1527.5 2062.0
993.0 1527.5 2062.0
993.0 1527.5 2062.0
993.0 1527.5 2062.0
993.0 1527.5 2062.0
993.0 1527.5 2062.0
993.0 1527.5 2062.0
993.0 1527.5 2062.0
993.0 1527.5 2062.0
993.0 1527.5 2062.0
993.0 1527.5 2062.0
993.0 1527.5 2062.0
993.0 1527.5 2062.0
993.0 1527.5 2062.0
993.0 1527.5 2062.0
993.0 1527.5 2062.0
993.0 1527.5 2062.0
993.0 1527.5 2062.0
993.0 1527.5 2062.0
993.0 1527.5 2062.0
993.0 1527.5 2062.0
993.0 1527.5 2062.0
993.0 1527.5 2062.0
993.0 1527.5 2062.0
993.0 1527.5 2062.0
993.0 1527.5 2062.0
993.0 1527.5 2062.0
993.0 1527.5 2062.0
993.0 1527.5 2062.0
993.0 1527.5 2062.0
993.0 1527.5 2062.0
993.0 1527.5 2062.0
993.0 1527.5 2062.0
993.0 1527.5 2062.0
993.0 1527.5 2062.0
993.0 1527.5 2062.0
993.0 1527.5 2062.0
993.0 1527.5 2062.0
993.0 1527.5 2062.0
960.0 976.5 993.0
960.0 976.5 993.0
960.0 976.5 993.0
960.0 976.5 993.0
960.0 976.5 993.0
960.0 976.5 993.0
960.0 976.5 993.0
960.0 976.5 993.0
960.0 976.5 993.0
960.0 976.5 993.0
960.0 976.5 993.0
960.0 976.5 993.0
960.0 976.5 993.0
960.0 976.5 993.0
960.0 976.5 993.0
960.0 976.5 993.0
960.0 976.5 993.0
960.0 976.5 993.0
960.0 976.5 993.0
960.0 976.5 993.0
960.0 976.5 993.0
960.0 976.5 993.0
960.0 976.5 993.0
960.0 976.5 993.0
960.0 976.5 993.0
960.0 976.5 993.0
960.0 976.5 993.0
960.0 976.5 993.0
960.0 976.5 993.0
960.0 976.5 993.0
960.0 976.5 993.0
960.0 976.5 993.0
960.0 976.5 993.0
960.0 976.5 993.0
960.0 976.5 993.0
960.0 976.5 993.0
960.0 976.5 993.0
960.0 976.5 993.0
960.0 976.5 993.0
960.0 976.5 993.0
960.0 976.5 993.0
960.0 976.5 993.0
960.0 976.5 993.0
960.0 976.5 993.0
960.0 976.5 993.0
