13075.0 13076.5 13078.0
10311.0 10749.5 11188.0
7457.0 8739.5 10022.0
6015.0 6889.0 7763.0
5561.0 6199.0 6837.0
4926.0 5566.5 6207.0
3190.0 3960.0 4730.0
3614.0 4519.5 5425.0
3614.0 4098.5 4583.0
3614.0 4098.5 4583.0
3389.0 3501.5 3614.0
2262.0 2806.5 3351.0
2262.0 2806.5 3351.0
2262.0 2806.5 3351.0
2262.0 2589.5 2917.0
2262.0 2589.5 2917.0
2262.0 2589.5 2917.0
2262.0 2589.5 2917.0
2262.0 2589.5 2917.0
2262.0 2589.5 2917.0
2262.0 2589.5 2917.0
2262.0 2589.5 2917.0
2262.0 2589.5 2917.0
2262.0 2589.5 2917.0
2262.0 2589.5 2917.0
2098.0 2507.5 2917.0
2045.0 2481.0 2917.0
2045.0 2481.0 2917.0
2045.0 2481.0 2917.0
2045.0 2481.0 2917.0
2045.0 2481.0 2917.0
2045.0 2481.0 2917.0
2045.0 2481.0 2917.0
1557.0 1694.5 1832.0
1710.0 1771.0 1832.0
1710.0 1771.0 1832.0
1710.0 1771.0 1832.0
1710.0 1771.0 1832.0
1710.0 1771.0 1832.0
1710.0 1771.0 1832.0
1710.0 1771.0 1832.0
1710.0 1771.0 1832.0
1710.0 1771.0 1832.0
1710.0 1771.0 1832.0
1710.0 1771.0 1832.0
1710.0 1771.0 1832.0
1710.0 1771.0 1832.0
1710.0 1771.0 1832.0
1710.0 1771.0 1832.0
1710.0 1771.0 1832.0
1710.0 1771.0 1832.0
1710.0 1771.0 1832.0
1710.0 1771.0 1832.0
1710.0 1771.0 1832.0
1710.0 1771.0 1832.0
1710.0 1771.0 1832.0
1775.0 1803.5 1832.0
1775.0 1803.5 1832.0
1775.0 1872.5 1970.0
1487.0 1631.0 1775.0
1487.0 1631.0 1775.0
1487.0 1631.0 1775.0
1487.0 1631.0 1775.0
1487.0 1631.0 1775.0
1487.0 1631.0 1775.0
1487.0 1631.0 1775.0
1487.0 1631.0 1775.0
1487.0 1631.0 1775.0
1487.0 1631.0 1775.0
1487.0 1631.0 1775.0
1487.0 1631.0 1775.0
1487.0 1631.0 1775.0
1487.0 1631.0 1775.0
1487.0 1631.0 1775.0
1487.0 1631.0 1775.0
1487.0 1631.0 1775.0
1487.0 1631.0 1775.0
1487.0 1631.0 1775.0
1487.0 1631.0 1775.0
1487.0 1631.0 1775.0
1487.0 1631.0 1775.0
1487.0 1631.0 1775.0
1487.0 1631.0 1775.0
1487.0 1631.0 1775.0
1487.0 1631.0 1775.0
1487.0 1631.0 1775.0
1487.0 1631.0 1775.0
1487.0 1631.0 1775.0
1487.0 1631.0 1775.0
1487.0 1631.0 1775.0
1487.0 1631.0 1775.0
1487.0 1631.0 1775.0
1487.0 1631.0 1775.0
1487.0 1631.0 1775.0
1487.0 1571.5 1656.0
1487.0 1525.0 1563.0
1487.0 1525.0 1563.0
1487.0 1525.0 1563.0
1487.0 1525.0 1563.0
1487.0 1525.0 1563.0
1487.0 1525.0 1563.0
1487.0 1525.0 1563.0
1487.0 1525.0 1563.0
1487.0 1525.0 1563.0
1487.0 1525.0 1563.0
1487.0 1525.0 1563.0
1487.0 1525.0 1563.0
1487.0 1525.0 1563.0
1487.0 1525.0 1563.0
1487.0 1525.0 1563.0
1487.0 1525.0 1563.0
1487.0 1525.0 1563.0
1487.0 1525.0 1563.0
1487.0 1525.0 1563.0
1487.0 1525.0 1563.0
1487.0 1525.0 1563.0
1487.0 1525.0 1563.0
1487.0 1525.0 1563.0
1487.0 1525.0 1563.0
1487.0 1525.0 1563.0
1487.0 1525.0 1563.0
1487.0 1525.0 1563.0
1487.0 1525.0 1563.0
1487.0 1525.0 1563.0
1487.0 1525.0 1563.0
1487.0 1525.0 1563.0
1487.0 1525.0 1563.0
1487.0 1525.0 1563.0
1487.0 1525.0 1563.0
1487.0 1525.0 1563.0
1487.0 1525.0 1563.0
1487.0 1525.0 1563.0
1487.0 1525.0 1563.0
1487.0 1525.0 1563.0
1487.0 1525.0 1563.0
1487.0 1525.0 1563.0
1487.0 1525.0 1563.0
1487.0 1525.0 1563.0
1487.0 1525.0 1563.0
1487.0 1525.0 1563.0
1487.0 1525.0 1563.0
1487.0 1525.0 1563.0
1487.0 1525.0 1563.0
1487.0 1525.0 1563.0
1487.0 1525.0 1563.0
1487.0 1525.0 1563.0
1487.0 1525.0 1563.0
1487.0 1525.0 1563.0
1487.0 1525.0 1563.0
1487.0 1525.0 1563.0
1487.0 1525.0 1563.0
1487.0 1525.0 1563.0
1487.0 1525.0 1563.0
1487.0 1525.0 1563.0
1487.0 1525.0 1563.0
1487.0 1525.0 1563.0
1487.0 1525.0 1563.0
1487.0 1525.0 1563.0
1487.0 1525.0 1563.0
1487.0 1525.0 1563.0
1487.0 1525.0 1563.0
1487.0 1525.0 1563.0
1487.0 1525.0 1563.0
1487.0 1525.0 1563.0
1487.0 1525.0 1563.0
1487.0 1525.0 1563.0
1487.0 1525.0 1563.0
1563.0 1625.5 1688.0
1563.0 1625.5 1688.0
1563.0 1625.5 1688.0
1563.0 1625.5 1688.0
1563.0 1625.5 1688.0
1563.0 1625.5 1688.0
1563.0 1625.5 1688.0
1563.0 1625.5 1688.0
1563.0 1625.5 1688.0
1563.0 1625.5 1688.0
1563.0 1625.5 1688.0
1563.0 1625.5 1688.0
1563.0 1625.5 1688.0
1563.0 1625.5 1688.0
1563.0 1625.5 1688.0
1563.0 1625.5 1688.0
1563.0 1625.5 1688.0
1563.0 1625.5 1688.0
1563.0 1625.5 1688.0
1563.0 1625.5 1688.0
1563.0 1625.5 1688.0
1563.0 1625.5 1688.0
1563.0 1625.5 1688.0
1563.0 1625.5 1688.0
1563.0 1625.5 1688.0
1563.0 1625.5 1688.0
1563.0 1625.5 1688.0
1563.0 1625.5 1688.0
1563.0 1625.5 1688.0
1563.0 1625.5 1688.0
1563.0 1625.5 1688.0
1563.0 1625.5 1688.0
1563.0 1625.5 1688.0
