12915.0 13436.0 13957.0
9290.0 11081.5 12873.0
7555.0 9549.0 11543.0
5787.0 8160.0 10533.0
4826.0 6788.5 8751.0
2207.0 4325.5 6444.0
2207.0 3591.0 4975.0
2207.0 3029.0 3851.0
1550.0 1940.5 2331.0
1537.0 1934.0 2331.0
1537.0 1934.0 2331.0
1537.0 1934.0 2331.0
1537.0 1934.0 2331.0
1537.0 1934.0 2331.0
1537.0 1710.5 1884.0
1537.0 1828.0 2119.0
1537.0 1828.0 2119.0
1537.0 1828.0 2119.0
1537.0 1828.0 2119.0
1537.0 1828.0 2119.0
1537.0 1828.0 2119.0
1486.0 1511.5 1537.0
1486.0 1511.5 1537.0
1537.0 1701.0 1865.0
1537.0 1701.0 1865.0
1537.0 1701.0 1865.0
1537.0 1701.0 1865.0
1537.0 1701.0 1865.0
1537.0 1701.0 1865.0
1537.0 1701.0 1865.0
1537.0 1701.0 1865.0
1537.0 1701.0 1865.0
1537.0 1701.0 1865.0
1537.0 1701.0 1865.0
1537.0 1701.0 1865.0
1537.0 1701.0 1865.0
1537.0 1701.0 1865.0
1537.0 1701.0 1865.0
1537.0 1701.0 1865.0
1537.0 1701.0 1865.0
1537.0 1701.0 1865.0
1537.0 1701.0 1865.0
1537.0 1701.0 1865.0
1537.0 1701.0 1865.0
1537.0 1701.0 1865.0
1537.0 1701.0 1865.0
1537.0 1701.0 1865.0
1537.0 1701.0 1865.0
1537.0 1701.0 1865.0
1537.0 1701.0 1865.0
1537.0 1701.0 1865.0
1537.0 1701.0 1865.0
1537.0 1701.0 1865.0
1537.0 1701.0 1865.0
1537.0 1701.0 1865.0
1537.0 1701.0 1865.0
1537.0 1701.0 1865.0
1537.0 1701.0 1865.0
1537.0 1701.0 1865.0
1537.0 1701.0 1865.0
1537.0 1701.0 1865.0
1537.0 1701.0 1865.0
1537.0 1701.0 1865.0
1537.0 1701.0 1865.0
1537.0 1701.0 1865.0
1537.0 1701.0 1865.0
1537.0 1701.0 1865.0
1537.0 1701.0 1865.0
1537.0 1701.0 1865.0
1537.0 1701.0 1865.0
1537.0 1701.0 1865.0
1537.0 1701.0 1865.0
1537.0 1701.0 1865.0
1537.0 1701.0 1865.0
1537.0 1701.0 1865.0
1537.0 1701.0 1865.0
1537.0 1701.0 1865.0
1537.0 1701.0 1865.0
1537.0 1701.0 1865.0
1537.0 1701.0 1865.0
1537.0 1701.0 1865.0
1537.0 1701.0 1865.0
1537.0 1701.0 1865.0
1537.0 1701.0 1865.0
1537.0 1701.0 1865.0
1537.0 1701.0 1865.0
1537.0 1701.0 1865.0
1537.0 1701.0 1865.0
1537.0 1701.0 1865.0
1537.0 1701.0 1865.0
1537.0 1701.0 1865.0
1537.0 1701.0 1865.0
1537.0 1701.0 1865.0
1537.0 1701.0 1865.0
1537.0 1701.0 1865.0
1537.0 1701.0 1865.0
1537.0 1701.0 1865.0
1537.0 1701.0 1865.0
1537.0 1701.0 1865.0
1537.0 1701.0 1865.0
1537.0 1701.0 1865.0
1537.0 1701.0 1865.0
1537.0 1701.0 1865.0
1537.0 1701.0 1865.0
1537.0 1701.0 1865.0
1537.0 1701.0 1865.0
1537.0 1701.0 1865.0
1537.0 1701.0 1865.0
1537.0 1701.0 1865.0
1537.0 1701.0 1865.0
1537.0 1701.0 1865.0
1537.0 1701.0 1865.0
1537.0 1701.0 1865.0
1537.0 1701.0 1865.0
1537.0 1701.0 1865.0
1537.0 1701.0 1865.0
1537.0 1701.0 1865.0
1537.0 1701.0 1865.0
1537.0 1701.0 1865.0
1537.0 1701.0 1865.0
1537.0 1701.0 1865.0
1537.0 1701.0 1865.0
1537.0 1701.0 1865.0
1537.0 1701.0 1865.0
1537.0 1701.0 1865.0
1537.0 1701.0 1865.0
1537.0 1701.0 1865.0
1537.0 1701.0 1865.0
1537.0 1701.0 1865.0
1537.0 1701.0 1865.0
1537.0 1701.0 1865.0
1537.0 1701.0 1865.0
1537.0 1701.0 1865.0
1537.0 1701.0 1865.0
1537.0 1701.0 1865.0
1537.0 1701.0 1865.0
1537.0 1701.0 1865.0
1537.0 1701.0 1865.0
1537.0 1701.0 1865.0
1537.0 1701.0 1865.0
1537.0 1701.0 1865.0
1537.0 1701.0 1865.0
1537.0 1701.0 1865.0
1537.0 1701.0 1865.0
1537.0 1701.0 1865.0
1537.0 1701.0 1865.0
1537.0 1701.0 1865.0
1537.0 1701.0 1865.0
1537.0 1701.0 1865.0
1537.0 1701.0 1865.0
1537.0 1701.0 1865.0
1537.0 1701.0 1865.0
1537.0 1701.0 1865.0
1537.0 1701.0 1865.0
1537.0 1701.0 1865.0
1537.0 1701.0 1865.0
1537.0 1701.0 1865.0
1537.0 1701.0 1865.0
1537.0 1701.0 1865.0
1537.0 1701.0 1865.0
1537.0 1701.0 1865.0
1537.0 1701.0 1865.0
1537.0 1701.0 1865.0
1537.0 1701.0 1865.0
1537.0 1701.0 1865.0
1537.0 1701.0 1865.0
1537.0 1701.0 1865.0
1537.0 1701.0 1865.0
1537.0 1701.0 1865.0
1537.0 1701.0 1865.0
1537.0 1701.0 1865.0
1537.0 1701.0 1865.0
1537.0 1701.0 1865.0
1537.0 1701.0 1865.0
1537.0 1701.0 1865.0
1537.0 1701.0 1865.0
1537.0 1701.0 1865.0
1537.0 1701.0 1865.0
1537.0 1701.0 1865.0
1537.0 1701.0 1865.0
1537.0 1701.0 1865.0
1537.0 1701.0 1865.0
1537.0 1701.0 1865.0
1537.0 1701.0 1865.0
1537.0 1701.0 1865.0
1537.0 1701.0 1865.0
1537.0 1701.0 1865.0
1537.0 1701.0 1865.0
1537.0 1701.0 1865.0
1537.0 1701.0 1865.0
1537.0 1701.0 1865.0
1537.0 1701.0 1865.0
1537.0 1701.0 1865.0
1537.0 1701.0 1865.0
1537.0 1701.0 1865.0
1537.0 1701.0 1865.0
1537.0 1701.0 1865.0
1537.0 1701.0 1865.0
1537.0 1701.0 1865.0
1650.0 1757.5 1865.0
