12922.0 13132.5 13343.0
11423.0 11797.0 12171.0
8841.0 9248.5 9656.0
6605.0 6978.0 7351.0
5740.0 6145.5 6551.0
4822.0 5281.0 5740.0
4627.0 4692.0 4757.0
3512.0 3880.0 4248.0
2771.0 2789.0 2807.0
2081.0 2349.5 2618.0
1890.0 2007.5 2125.0
1097.0 1574.0 2051.0
1097.0 1574.0 2051.0
1097.0 1574.0 2051.0
1097.0 1574.0 2051.0
1097.0 1574.0 2051.0
1097.0 1574.0 2051.0
1097.0 1574.0 2051.0
1097.0 1574.0 2051.0
1097.0 1574.0 2051.0
1097.0 1574.0 2051.0
1097.0 1574.0 2051.0
1097.0 1574.0 2051.0
1097.0 1574.0 2051.0
1097.0 1574.0 2051.0
1097.0 1574.0 2051.0
1097.0 1388.0 1679.0
1097.0 1388.0 1679.0
1097.0 1388.0 1679.0
1097.0 1388.0 1679.0
1097.0 1388.0 1679.0
1097.0 1388.0 1679.0
1097.0 1388.0 1679.0
1097.0 1388.0 1679.0
1097.0 1388.0 1679.0
1097.0 1388.0 1679.0
1097.0 1388.0 1679.0
1097.0 1388.0 1679.0
1097.0 1388.0 1679.0
1097.0 1388.0 1679.0
1097.0 1388.0 1679.0
1097.0 1388.0 1679.0
1097.0 1388.0 1679.0
1097.0 1388.0 1679.0
1097.0 1388.0 1679.0
1097.0 1388.0 1679.0
1097.0 1388.0 1679.0
1097.0 1388.0 1679.0
1097.0 1388.0 1679.0
1097.0 1388.0 1679.0
1097.0 1388.0 1679.0
1097.0 1388.0 1679.0
1097.0 1388.0 1679.0
1097.0 1388.0 1679.0
1097.0 1388.0 1679.0
1097.0 1388.0 1679.0
1097.0 1388.0 1679.0
1097.0 1388.0 1679.0
1097.0 1388.0 1679.0
1097.0 1388.0 1679.0
1097.0 1388.0 1679.0
1097.0 1388.0 1679.0
1097.0 1388.0 1679.0
1097.0 1388.0 1679.0
1097.0 1388.0 1679.0
1097.0 1388.0 1679.0
1097.0 1388.0 1679.0
1097.0 1388.0 1679.0
1097.0 1388.0 1679.0
1097.0 1388.0 1679.0
1097.0 1388.0 1679.0
1097.0 1388.0 1679.0
1097.0 1388.0 1679.0
1097.0 1388.0 1679.0
1097.0 1388.0 1679.0
1097.0 1388.0 1679.0
1097.0 1388.0 1679.0
1097.0 1388.0 1679.0
1097.0 1388.0 1679.0
1097.0 1388.0 1679.0
1097.0 1388.0 1679.0
1097.0 1388.0 1679.0
1097.0 1388.0 1679.0
1097.0 1388.0 1679.0
1097.0 1388.0 1679.0
1097.0 1388.0 1679.0
1097.0 1388.0 1679.0
1097.0 1388.0 1679.0
1097.0 1388.0 1679.0
1097.0 1388.0 1679.0
1097.0 1388.0 1679.0
1097.0 1388.0 1679.0
1097.0 1388.0 1679.0
1097.0 1388.0 1679.0
1097.0 1388.0 1679.0
1097.0 1388.0 1679.0
1097.0 1388.0 1679.0
1097.0 1222.0 1347.0
1097.0 1222.0 1347.0
1097.0 1222.0 1347.0
1097.0 1222.0 1347.0
1097.0 1222.0 1347.0
1097.0 1222.0 1347.0
1097.0 1222.0 1347.0
1097.0 1222.0 1347.0
1097.0 1222.0 1347.0
1097.0 1222.0 1347.0
1097.0 1222.0 1347.0
1097.0 1222.0 1347.0
1097.0 1222.0 1347.0
1097.0 1222.0 1347.0
1097.0 1222.0 1347.0
1097.0 1222.0 1347.0
1097.0 1222.0 1347.0
1097.0 1222.0 1347.0
1097.0 1222.0 1347.0
1097.0 1222.0 1347.0
1097.0 1222.0 1347.0
1097.0 1222.0 1347.0
1097.0 1222.0 1347.0
1097.0 1222.0 1347.0
1097.0 1222.0 1347.0
1097.0 1222.0 1347.0
1097.0 1222.0 1347.0
1097.0 1222.0 1347.0
1097.0 1222.0 1347.0
1097.0 1222.0 1347.0
1097.0 1222.0 1347.0
1097.0 1222.0 1347.0
1097.0 1222.0 1347.0
1097.0 1222.0 1347.0
1097.0 1222.0 1347.0
1097.0 1222.0 1347.0
1097.0 1222.0 1347.0
1097.0 1222.0 1347.0
1097.0 1222.0 1347.0
1097.0 1222.0 1347.0
1097.0 1222.0 1347.0
1097.0 1222.0 1347.0
1097.0 1222.0 1347.0
1097.0 1222.0 1347.0
1097.0 1222.0 1347.0
1097.0 1222.0 1347.0
1097.0 1222.0 1347.0
1097.0 1222.0 1347.0
1097.0 1222.0 1347.0
1097.0 1222.0 1347.0
1097.0 1222.0 1347.0
1097.0 1222.0 1347.0
1097.0 1222.0 1347.0
1097.0 1222.0 1347.0
1097.0 1222.0 1347.0
1097.0 1222.0 1347.0
1097.0 1222.0 1347.0
1097.0 1222.0 1347.0
1097.0 1222.0 1347.0
1097.0 1222.0 1347.0
1097.0 1222.0 1347.0
1097.0 1222.0 1347.0
1097.0 1222.0 1347.0
1097.0 1222.0 1347.0
1097.0 1222.0 1347.0
1097.0 1222.0 1347.0
1097.0 1222.0 1347.0
1097.0 1222.0 1347.0
1097.0 1222.0 1347.0
1097.0 1222.0 1347.0
1097.0 1222.0 1347.0
1097.0 1222.0 1347.0
1097.0 1222.0 1347.0
1097.0 1222.0 1347.0
1097.0 1222.0 1347.0
1097.0 1222.0 1347.0
1097.0 1222.0 1347.0
1097.0 1222.0 1347.0
1097.0 1222.0 1347.0
1097.0 1222.0 1347.0
1097.0 1222.0 1347.0
1097.0 1222.0 1347.0
1097.0 1222.0 1347.0
1097.0 1222.0 1347.0
1097.0 1222.0 1347.0
1097.0 1222.0 1347.0
1097.0 1222.0 1347.0
1097.0 1222.0 1347.0
1097.0 1222.0 1347.0
1097.0 1222.0 1347.0
1097.0 1222.0 1347.0
1097.0 1222.0 1347.0
1097.0 1222.0 1347.0
1097.0 1222.0 1347.0
1097.0 1222.0 1347.0
1097.0 1222.0 1347.0
1097.0 1222.0 1347.0
1097.0 1222.0 1347.0
1097.0 1222.0 1347.0
1097.0 1222.0 1347.0
1097.0 1222.0 1347.0
1097.0 1222.0 1347.0
1097.0 1222.0 1347.0
