11623.0 12114.5 12606.0
10288.0 11283.0 12278.0
8356.0 8448.0 8540.0
7675.0 8015.5 8356.0
5969.0 6809.0 7649.0
3167.0 4382.0 5597.0
3759.0 3804.5 3850.0
3346.0 3552.5 3759.0
2805.0 3075.5 3346.0
2805.0 3075.5 3346.0
3156.0 3251.0 3346.0
3156.0 3251.0 3346.0
2265.0 2805.5 3346.0
2169.0 2217.0 2265.0
2095.0 2180.0 2265.0
2082.0 2173.5 2265.0
2082.0 2173.5 2265.0
1533.0 1899.0 2265.0
1533.0 1899.0 2265.0
1533.0 1899.0 2265.0
1533.0 1899.0 2265.0
1533.0 1899.0 2265.0
1533.0 1899.0 2265.0
1533.0 1899.0 2265.0
1533.0 1899.0 2265.0
1533.0 1899.0 2265.0
1533.0 1899.0 2265.0
1533.0 1899.0 2265.0
1533.0 1899.0 2265.0
1533.0 1899.0 2265.0
1533.0 1899.0 2265.0
1533.0 1899.0 2265.0
1533.0 1899.0 2265.0
1533.0 1899.0 2265.0
1533.0 1899.0 2265.0
1533.0 1899.0 2265.0
1533.0 1899.0 2265.0
1533.0 1899.0 2265.0
1533.0 1899.0 2265.0
1533.0 1899.0 2265.0
1533.0 1899.0 2265.0
1533.0 1899.0 2265.0
1533.0 1899.0 2265.0
1533.0 1899.0 2265.0
1533.0 1899.0 2265.0
1533.0 1899.0 2265.0
1533.0 1899.0 2265.0
1533.0 1899.0 2265.0
1533.0 1899.0 2265.0
1358.0 1445.5 1533.0
1358.0 1445.5 1533.0
1533.0 1545.5 1558.0
1533.0 1545.5 1558.0
1533.0 1545.5 1558.0
1533.0 1545.5 1558.0
1533.0 1545.5 1558.0
1533.0 1545.5 1558.0
1533.0 1545.5 1558.0
1533.0 1545.5 1558.0
1533.0 1545.5 1558.0
1533.0 1545.5 1558.0
1533.0 1545.5 1558.0
1533.0 1545.5 1558.0
1533.0 1545.5 1558.0
1533.0 1545.5 1558.0
1533.0 1545.5 1558.0
1533.0 1545.5 1558.0
1533.0 1545.5 1558.0
1533.0 1545.5 1558.0
1533.0 1545.5 1558.0
1533.0 1545.5 1558.0
1533.0 1545.5 1558.0
1533.0 1545.5 1558.0
1533.0 1545.5 1558.0
1533.0 1545.5 1558.0
1533.0 1545.5 1558.0
1533.0 1545.5 1558.0
1533.0 1545.5 1558.0
1533.0 1545.5 1558.0
1533.0 1545.5 1558.0
1533.0 1545.5 1558.0
1533.0 1545.5 1558.0
1533.0 1545.5 1558.0
1533.0 1545.5 1558.0
1533.0 1545.5 1558.0
1533.0 1545.5 1558.0
1533.0 1545.5 1558.0
1533.0 1545.5 1558.0
1533.0 1545.5 1558.0
1533.0 1545.5 1558.0
1533.0 1545.5 1558.0
1533.0 1545.5 1558.0
1533.0 1545.5 1558.0
1533.0 1545.5 1558.0
1533.0 1545.5 1558.0
1533.0 1545.5 1558.0
1533.0 1545.5 1558.0
1533.0 1545.5 1558.0
1533.0 1545.5 1558.0
1533.0 1545.5 1558.0
1533.0 1545.5 1558.0
1533.0 1545.5 1558.0
1533.0 1545.5 1558.0
1533.0 1545.5 1558.0
1533.0 1545.5 1558.0
1533.0 1545.5 1558.0
1533.0 1545.5 1558.0
1533.0 1545.5 1558.0
1533.0 1545.5 1558.0
1533.0 1545.5 1558.0
1234.0 1383.5 1533.0
1234.0 1383.5 1533.0
1234.0 1383.5 1533.0
1234.0 1383.5 1533.0
1234.0 1383.5 1533.0
1234.0 1383.5 1533.0
1234.0 1383.5 1533.0
1234.0 1383.5 1533.0
1234.0 1383.5 1533.0
1234.0 1383.5 1533.0
1234.0 1383.5 1533.0
1234.0 1383.5 1533.0
1234.0 1383.5 1533.0
1234.0 1383.5 1533.0
1234.0 1383.5 1533.0
1234.0 1383.5 1533.0
1234.0 1383.5 1533.0
1234.0 1383.5 1533.0
1234.0 1383.5 1533.0
1234.0 1383.5 1533.0
1234.0 1383.5 1533.0
1234.0 1383.5 1533.0
1234.0 1383.5 1533.0
1234.0 1383.5 1533.0
1234.0 1383.5 1533.0
1234.0 1383.5 1533.0
1234.0 1383.5 1533.0
1234.0 1383.5 1533.0
1234.0 1383.5 1533.0
1234.0 1383.5 1533.0
1234.0 1383.5 1533.0
1234.0 1383.5 1533.0
1234.0 1383.5 1533.0
1234.0 1383.5 1533.0
1234.0 1383.5 1533.0
1234.0 1383.5 1533.0
1234.0 1383.5 1533.0
1234.0 1383.5 1533.0
1234.0 1383.5 1533.0
1234.0 1383.5 1533.0
1234.0 1383.5 1533.0
1234.0 1383.5 1533.0
1234.0 1383.5 1533.0
1234.0 1383.5 1533.0
1234.0 1383.5 1533.0
1234.0 1383.5 1533.0
1234.0 1383.5 1533.0
1234.0 1383.5 1533.0
1234.0 1383.5 1533.0
1234.0 1383.5 1533.0
1234.0 1383.5 1533.0
1234.0 1383.5 1533.0
1234.0 1383.5 1533.0
1234.0 1383.5 1533.0
1234.0 1383.5 1533.0
1234.0 1383.5 1533.0
1234.0 1383.5 1533.0
1234.0 1383.5 1533.0
1234.0 1383.5 1533.0
1234.0 1383.5 1533.0
1234.0 1383.5 1533.0
1234.0 1383.5 1533.0
1234.0 1383.5 1533.0
1234.0 1383.5 1533.0
1234.0 1383.5 1533.0
1234.0 1383.5 1533.0
1234.0 1383.5 1533.0
1234.0 1383.5 1533.0
1234.0 1383.5 1533.0
1234.0 1383.5 1533.0
1234.0 1383.5 1533.0
1234.0 1383.5 1533.0
1234.0 1383.5 1533.0
1234.0 1383.5 1533.0
1234.0 1383.5 1533.0
1234.0 1383.5 1533.0
1234.0 1383.5 1533.0
1234.0 1383.5 1533.0
1234.0 1383.5 1533.0
1234.0 1383.5 1533.0
1234.0 1383.5 1533.0
1234.0 1383.5 1533.0
1234.0 1383.5 1533.0
1234.0 1383.5 1533.0
1234.0 1383.5 1533.0
1234.0 1383.5 1533.0
1234.0 1383.5 1533.0
1234.0 1383.5 1533.0
1234.0 1383.5 1533.0
1234.0 1383.5 1533.0
