14711.0 14942.0 15173.0
10633.0 11206.0 11779.0
7301.0 8287.0 9273.0
7235.0 9441.0 11647.0
5622.0 6670.0 7718.0
5038.0 5330.0 5622.0
4624.0 4859.0 5094.0
3384.0 3637.0 3890.0
3384.0 3637.0 3890.0
3206.0 3388.5 3571.0
2637.0 2763.5 2890.0
2637.0 2763.5 2890.0
1762.0 2326.0 2890.0
1762.0 2396.0 3030.0
1762.0 1947.5 2133.0
1762.0 1947.5 2133.0
1467.0 1614.5 1762.0
1252.0 1507.0 1762.0
1252.0 1507.0 1762.0
1252.0 1507.0 1762.0
1252.0 1507.0 1762.0
1252.0 1507.0 1762.0
1252.0 1507.0 1762.0
1252.0 1507.0 1762.0
1252.0 1507.0 1762.0
1252.0 1507.0 1762.0
1252.0 1507.0 1762.0
1252.0 1410.0 1568.0
1252.0 1410.0 1568.0
1252.0 1410.0 1568.0
1252.0 1410.0 1568.0
1252.0 1410.0 1568.0
1252.0 1410.0 1568.0
1252.0 1410.0 1568.0
1252.0 1410.0 1568.0
1252.0 1410.0 1568.0
1252.0 1410.0 1568.0
1252.0 1410.0 1568.0
1252.0 1410.0 1568.0
1252.0 1410.0 1568.0
1252.0 1410.0 1568.0
1252.0 1410.0 1568.0
1252.0 1410.0 1568.0
1185.0 1376.5 1568.0
1185.0 1376.5 1568.0
1185.0 1376.5 1568.0
1185.0 1376.5 1568.0
1185.0 1376.5 1568.0
1185.0 1376.5 1568.0
1185.0 1376.5 1568.0
1185.0 1376.5 1568.0
1185.0 1376.5 1568.0
1185.0 1376.5 1568.0
1185.0 1376.5 1568.0
1185.0 1376.5 1568.0
1185.0 1376.5 1568.0
1185.0 1376.5 1568.0
1185.0 1376.5 1568.0
1185.0 1376.5 1568.0
1185.0 1376.5 1568.0
1185.0 1376.5 1568.0
1185.0 1376.5 1568.0
1185.0 1376.5 1568.0
1185.0 1376.5 1568.0
1185.0 1376.5 1568.0
1185.0 1376.5 1568.0
1185.0 1376.5 1568.0
1185.0 1376.5 1568.0
1185.0 1376.5 1568.0
1185.0 1376.5 1568.0
1185.0 1376.5 1568.0
1185.0 1376.5 1568.0
1185.0 1376.5 1568.0
1185.0 1376.5 1568.0
1185.0 1376.5 1568.0
1185.0 1376.5 1568.0
1185.0 1376.5 1568.0
1185.0 1376.5 1568.0
1185.0 1376.5 1568.0
1185.0 1376.5 1568.0
1185.0 1376.5 1568.0
1185.0 1376.5 1568.0
1185.0 1376.5 1568.0
1185.0 1376.5 1568.0
1185.0 1376.5 1568.0
1185.0 1376.5 1568.0
1185.0 1376.5 1568.0
1185.0 1376.5 1568.0
1185.0 1376.5 1568.0
1185.0 1376.5 1568.0
1185.0 1376.5 1568.0
1185.0 1376.5 1568.0
1185.0 1376.5 1568.0
1185.0 1376.5 1568.0
1185.0 1376.5 1568.0
1185.0 1376.5 1568.0
1185.0 1376.5 1568.0
1185.0 1376.5 1568.0
1185.0 1376.5 1568.0
1185.0 1376.5 1568.0
1185.0 1376.5 1568.0
1185.0 1376.5 1568.0
1185.0 1376.5 1568.0
1185.0 1376.5 1568.0
1185.0 1376.5 1568.0
1185.0 1376.5 1568.0
1185.0 1376.5 1568.0
1185.0 1376.5 1568.0
1185.0 1376.5 1568.0
1185.0 1376.5 1568.0
1185.0 1376.5 1568.0
1185.0 1376.5 1568.0
1185.0 1376.5 1568.0
1185.0 1376.5 1568.0
1185.0 1376.5 1568.0
1185.0 1376.5 1568.0
1185.0 1376.5 1568.0
1185.0 1376.5 1568.0
1185.0 1376.5 1568.0
1185.0 1376.5 1568.0
1185.0 1376.5 1568.0
1185.0 1376.5 1568.0
1185.0 1376.5 1568.0
1185.0 1376.5 1568.0
1185.0 1376.5 1568.0
1185.0 1376.5 1568.0
1185.0 1376.5 1568.0
1185.0 1376.5 1568.0
1185.0 1376.5 1568.0
1185.0 1376.5 1568.0
1185.0 1376.5 1568.0
1185.0 1376.5 1568.0
1185.0 1376.5 1568.0
1185.0 1376.5 1568.0
1185.0 1376.5 1568.0
1185.0 1376.5 1568.0
1185.0 1376.5 1568.0
1185.0 1376.5 1568.0
1185.0 1376.5 1568.0
1185.0 1376.5 1568.0
1185.0 1376.5 1568.0
1185.0 1376.5 1568.0
1185.0 1376.5 1568.0
1185.0 1376.5 1568.0
1185.0 1376.5 1568.0
1185.0 1376.5 1568.0
1185.0 1376.5 1568.0
1185.0 1376.5 1568.0
1185.0 1376.5 1568.0
1185.0 1376.5 1568.0
1185.0 1376.5 1568.0
1185.0 1376.5 1568.0
1185.0 1376.5 1568.0
1185.0 1376.5 1568.0
1185.0 1376.5 1568.0
1185.0 1376.5 1568.0
1185.0 1376.5 1568.0
1185.0 1376.5 1568.0
1185.0 1376.5 1568.0
1185.0 1376.5 1568.0
1185.0 1376.5 1568.0
1185.0 1376.5 1568.0
1185.0 1376.5 1568.0
1185.0 1376.5 1568.0
1185.0 1376.5 1568.0
1185.0 1376.5 1568.0
1185.0 1376.5 1568.0
1185.0 1376.5 1568.0
1185.0 1376.5 1568.0
1185.0 1376.5 1568.0
1185.0 1376.5 1568.0
1185.0 1376.5 1568.0
1185.0 1376.5 1568.0
1185.0 1376.5 1568.0
1185.0 1376.5 1568.0
1185.0 1376.5 1568.0
1185.0 1376.5 1568.0
1185.0 1376.5 1568.0
1185.0 1376.5 1568.0
1185.0 1376.5 1568.0
1185.0 1376.5 1568.0
1185.0 1376.5 1568.0
1185.0 1376.5 1568.0
1185.0 1376.5 1568.0
1185.0 1376.5 1568.0
1185.0 1376.5 1568.0
1185.0 1376.5 1568.0
1185.0 1376.5 1568.0
1185.0 1376.5 1568.0
1185.0 1376.5 1568.0
1185.0 1376.5 1568.0
1185.0 1376.5 1568.0
1185.0 1376.5 1568.0
1185.0 1376.5 1568.0
1185.0 1376.5 1568.0
1185.0 1376.5 1568.0
1185.0 1376.5 1568.0
1185.0 1376.5 1568.0
1185.0 1376.5 1568.0
1185.0 1376.5 1568.0
