13726.0 13938.0 14150.0
11196.0 12530.0 13864.0
8436.0 9796.5 11157.0
8385.0 9202.0 10019.0
6373.0 6834.5 7296.0
6123.0 6235.5 6348.0
4363.0 5124.0 5885.0
4363.0 5164.0 5965.0
3840.0 4602.0 5364.0
3664.0 4470.0 5276.0
3664.0 4625.0 5586.0
3664.0 3860.0 4056.0
3664.0 3860.0 4056.0
3200.0 4095.5 4991.0
3200.0 3488.0 3776.0
2320.0 2760.0 3200.0
2320.0 2760.0 3200.0
2320.0 2639.0 2958.0
1684.0 2002.0 2320.0
1684.0 2002.0 2320.0
1684.0 2002.0 2320.0
1684.0 2002.0 2320.0
1684.0 2193.0 2702.0
1454.0 1569.0 1684.0
1454.0 1569.0 1684.0
1454.0 1569.0 1684.0
1454.0 1569.0 1684.0
1454.0 1569.0 1684.0
1454.0 1569.0 1684.0
1454.0 1569.0 1684.0
1454.0 1569.0 1684.0
1454.0 1569.0 1684.0
1454.0 1569.0 1684.0
1454.0 1569.0 1684.0
1454.0 1569.0 1684.0
1454.0 1569.0 1684.0
1454.0 1569.0 1684.0
1454.0 1569.0 1684.0
1454.0 1569.0 1684.0
1454.0 1569.0 1684.0
1454.0 1569.0 1684.0
1454.0 1730.5 2007.0
1454.0 1730.5 2007.0
1454.0 1730.5 2007.0
1454.0 1730.5 2007.0
1454.0 1730.5 2007.0
1454.0 1730.5 2007.0
1454.0 1730.5 2007.0
1454.0 1730.5 2007.0
1454.0 1730.5 2007.0
1454.0 1730.5 2007.0
1454.0 1730.5 2007.0
1454.0 1730.5 2007.0
1454.0 1730.5 2007.0
1454.0 1730.5 2007.0
1454.0 1730.5 2007.0
1454.0 1730.5 2007.0
1454.0 1730.5 2007.0
1454.0 1730.5 2007.0
1454.0 1730.5 2007.0
1454.0 1730.5 2007.0
1454.0 1730.5 2007.0
1454.0 1730.5 2007.0
1454.0 1730.5 2007.0
1454.0 1730.5 2007.0
1454.0 1730.5 2007.0
1454.0 1730.5 2007.0
1454.0 1730.5 2007.0
1454.0 1730.5 2007.0
1454.0 1730.5 2007.0
1454.0 1730.5 2007.0
1454.0 1730.5 2007.0
1454.0 1730.5 2007.0
1454.0 1730.5 2007.0
1454.0 1730.5 2007.0
1454.0 1730.5 2007.0
1454.0 1730.5 2007.0
1454.0 1730.5 2007.0
1454.0 1730.5 2007.0
1454.0 1730.5 2007.0
1454.0 1730.5 2007.0
1454.0 1730.5 2007.0
1454.0 1730.5 2007.0
1454.0 1730.5 2007.0
1454.0 1730.5 2007.0
1454.0 1730.5 2007.0
1454.0 1730.5 2007.0
1454.0 1730.5 2007.0
1454.0 1730.5 2007.0
1454.0 1730.5 2007.0
1454.0 1730.5 2007.0
1454.0 1730.5 2007.0
1454.0 1730.5 2007.0
1454.0 1730.5 2007.0
1454.0 1730.5 2007.0
1454.0 1730.5 2007.0
1454.0 1730.5 2007.0
1454.0 1730.5 2007.0
1454.0 1730.5 2007.0
1454.0 1730.5 2007.0
1454.0 1730.5 2007.0
1454.0 1730.5 2007.0
1454.0 1730.5 2007.0
1454.0 1730.5 2007.0
1454.0 1730.5 2007.0
1454.0 1730.5 2007.0
1454.0 1730.5 2007.0
1454.0 1730.5 2007.0
1454.0 1730.5 2007.0
1454.0 1730.5 2007.0
1454.0 1730.5 2007.0
1454.0 1730.5 2007.0
1454.0 1730.5 2007.0
1454.0 1730.5 2007.0
1454.0 1730.5 2007.0
1454.0 1730.5 2007.0
1454.0 1730.5 2007.0
1454.0 1730.5 2007.0
1454.0 1730.5 2007.0
1454.0 1730.5 2007.0
1454.0 1730.5 2007.0
1454.0 1730.5 2007.0
1056.0 1531.5 2007.0
1157.0 1582.0 2007.0
1157.0 1582.0 2007.0
1157.0 1582.0 2007.0
1157.0 1582.0 2007.0
1157.0 1582.0 2007.0
1157.0 1582.0 2007.0
1157.0 1582.0 2007.0
1157.0 1582.0 2007.0
1157.0 1582.0 2007.0
1157.0 1582.0 2007.0
1157.0 1582.0 2007.0
1157.0 1582.0 2007.0
1157.0 1582.0 2007.0
1157.0 1582.0 2007.0
1157.0 1582.0 2007.0
1157.0 1582.0 2007.0
1157.0 1582.0 2007.0
1157.0 1582.0 2007.0
1157.0 1582.0 2007.0
1157.0 1582.0 2007.0
1157.0 1582.0 2007.0
1157.0 1582.0 2007.0
1157.0 1582.0 2007.0
1157.0 1582.0 2007.0
1157.0 1582.0 2007.0
1157.0 1582.0 2007.0
1157.0 1582.0 2007.0
1157.0 1582.0 2007.0
1157.0 1582.0 2007.0
1157.0 1582.0 2007.0
1157.0 1582.0 2007.0
1157.0 1582.0 2007.0
1157.0 1582.0 2007.0
1157.0 1582.0 2007.0
1157.0 1582.0 2007.0
1157.0 1582.0 2007.0
1157.0 1582.0 2007.0
1157.0 1582.0 2007.0
1157.0 1582.0 2007.0
1157.0 1582.0 2007.0
1157.0 1582.0 2007.0
1157.0 1582.0 2007.0
1157.0 1582.0 2007.0
1157.0 1582.0 2007.0
1157.0 1582.0 2007.0
1157.0 1582.0 2007.0
1157.0 1582.0 2007.0
1157.0 1582.0 2007.0
1157.0 1582.0 2007.0
1157.0 1582.0 2007.0
1157.0 1582.0 2007.0
1157.0 1582.0 2007.0
1157.0 1582.0 2007.0
1157.0 1582.0 2007.0
1157.0 1582.0 2007.0
1157.0 1582.0 2007.0
1157.0 1582.0 2007.0
1157.0 1582.0 2007.0
1157.0 1582.0 2007.0
1157.0 1582.0 2007.0
1157.0 1582.0 2007.0
1157.0 1582.0 2007.0
1157.0 1582.0 2007.0
1157.0 1582.0 2007.0
1157.0 1582.0 2007.0
1157.0 1582.0 2007.0
1157.0 1582.0 2007.0
1157.0 1582.0 2007.0
1157.0 1582.0 2007.0
1157.0 1582.0 2007.0
1157.0 1582.0 2007.0
1157.0 1582.0 2007.0
1157.0 1582.0 2007.0
1157.0 1582.0 2007.0
1157.0 1582.0 2007.0
1157.0 1582.0 2007.0
1157.0 1582.0 2007.0
