12323.0 12602.5 12882.0
11881.0 11901.5 11922.0
8152.0 10343.5 12535.0
5685.0 6946.5 8208.0
5414.0 7104.0 8794.0
3961.0 5556.5 7152.0
2843.0 3270.0 3697.0
3117.0 3407.0 3697.0
2612.0 2665.5 2719.0
2066.0 2339.0 2612.0
2066.0 2333.5 2601.0
2066.0 2333.5 2601.0
2031.0 2048.5 2066.0
2031.0 2048.5 2066.0
2031.0 2048.5 2066.0
2031.0 2048.5 2066.0
2031.0 2048.5 2066.0
2031.0 2048.5 2066.0
2031.0 2048.5 2066.0
2031.0 2048.5 2066.0
2031.0 2048.5 2066.0
2031.0 2048.5 2066.0
1993.0 2029.5 2066.0
1993.0 2029.5 2066.0
1652.0 1859.0 2066.0
1652.0 1859.0 2066.0
1652.0 1859.0 2066.0
1652.0 1859.0 2066.0
1652.0 1859.0 2066.0
1652.0 1859.0 2066.0
1652.0 1859.0 2066.0
1652.0 1859.0 2066.0
1652.0 1859.0 2066.0
1652.0 1859.0 2066.0
1652.0 1859.0 2066.0
1652.0 1859.0 2066.0
1652.0 1859.0 2066.0
1652.0 1859.0 2066.0
1652.0 1859.0 2066.0
1652.0 1859.0 2066.0
1652.0 1859.0 2066.0
1652.0 1859.0 2066.0
1652.0 1859.0 2066.0
1652.0 1859.0 2066.0
1652.0 1859.0 2066.0
1652.0 1965.0 2278.0
1652.0 1965.0 2278.0
1652.0 1856.0 2060.0
1652.0 1856.0 2060.0
1652.0 1856.0 2060.0
1652.0 1856.0 2060.0
1652.0 1856.0 2060.0
1652.0 1871.0 2090.0
1333.0 1492.5 1652.0
1331.0 1491.5 1652.0
1331.0 1491.5 1652.0
1331.0 1491.5 1652.0
1331.0 1491.5 1652.0
1331.0 1491.5 1652.0
1331.0 1491.5 1652.0
1331.0 1491.5 1652.0
1331.0 1491.5 1652.0
1331.0 1491.5 1652.0
1331.0 1491.5 1652.0
1331.0 1491.5 1652.0
1331.0 1491.5 1652.0
1331.0 1491.5 1652.0
1331.0 1491.5 1652.0
1331.0 1491.5 1652.0
1331.0 1491.5 1652.0
1331.0 1491.5 1652.0
1331.0 1491.5 1652.0
1331.0 1491.5 1652.0
1331.0 1491.5 1652.0
1331.0 1491.5 1652.0
1331.0 1491.5 1652.0
1331.0 1491.5 1652.0
1331.0 1491.5 1652.0
1331.0 1491.5 1652.0
1331.0 1491.5 1652.0
1331.0 1491.5 1652.0
1331.0 1491.5 1652.0
1331.0 1491.5 1652.0
1331.0 1491.5 1652.0
1331.0 1491.5 1652.0
1331.0 1491.5 1652.0
1331.0 1491.5 1652.0
1331.0 1491.5 1652.0
1331.0 1491.5 1652.0
1331.0 1491.5 1652.0
1331.0 1491.5 1652.0
1331.0 1491.5 1652.0
1331.0 1491.5 1652.0
1331.0 1491.5 1652.0
1331.0 1491.5 1652.0
1331.0 1491.5 1652.0
1331.0 1491.5 1652.0
1331.0 1491.5 1652.0
1331.0 1491.5 1652.0
1331.0 1491.5 1652.0
1331.0 1491.5 1652.0
1331.0 1491.5 1652.0
1331.0 1491.5 1652.0
1331.0 1491.5 1652.0
1331.0 1491.5 1652.0
1331.0 1491.5 1652.0
1331.0 1491.5 1652.0
1331.0 1491.5 1652.0
1331.0 1491.5 1652.0
1331.0 1491.5 1652.0
1331.0 1491.5 1652.0
1331.0 1491.5 1652.0
1331.0 1491.5 1652.0
1331.0 1491.5 1652.0
1331.0 1491.5 1652.0
1331.0 1491.5 1652.0
1331.0 1491.5 1652.0
1331.0 1491.5 1652.0
1331.0 1491.5 1652.0
1331.0 1491.5 1652.0
1331.0 1491.5 1652.0
1331.0 1491.5 1652.0
1331.0 1491.5 1652.0
1331.0 1491.5 1652.0
1331.0 1491.5 1652.0
1331.0 1491.5 1652.0
1331.0 1491.5 1652.0
1331.0 1491.5 1652.0
1331.0 1491.5 1652.0
1331.0 1491.5 1652.0
1331.0 1491.5 1652.0
1331.0 1491.5 1652.0
1331.0 1491.5 1652.0
1331.0 1491.5 1652.0
1331.0 1491.5 1652.0
1331.0 1491.5 1652.0
1331.0 1491.5 1652.0
1331.0 1491.5 1652.0
1331.0 1491.5 1652.0
1331.0 1491.5 1652.0
1331.0 1491.5 1652.0
1331.0 1491.5 1652.0
1331.0 1491.5 1652.0
1331.0 1491.5 1652.0
1331.0 1491.5 1652.0
1331.0 1491.5 1652.0
1331.0 1491.5 1652.0
1331.0 1491.5 1652.0
1331.0 1491.5 1652.0
1331.0 1491.5 1652.0
1331.0 1491.5 1652.0
1331.0 1491.5 1652.0
1331.0 1491.5 1652.0
1331.0 1491.5 1652.0
1331.0 1491.5 1652.0
1331.0 1491.5 1652.0
1331.0 1491.5 1652.0
1331.0 1491.5 1652.0
1331.0 1491.5 1652.0
1331.0 1491.5 1652.0
1331.0 1491.5 1652.0
1331.0 1491.5 1652.0
1331.0 1491.5 1652.0
1331.0 1491.5 1652.0
1331.0 1491.5 1652.0
1331.0 1491.5 1652.0
1331.0 1491.5 1652.0
1331.0 1491.5 1652.0
1331.0 1491.5 1652.0
1331.0 1491.5 1652.0
1331.0 1491.5 1652.0
1331.0 1491.5 1652.0
1331.0 1491.5 1652.0
1331.0 1491.5 1652.0
1331.0 1491.5 1652.0
1331.0 1491.5 1652.0
1331.0 1491.5 1652.0
1331.0 1491.5 1652.0
1331.0 1491.5 1652.0
1331.0 1491.5 1652.0
1331.0 1491.5 1652.0
1331.0 1491.5 1652.0
1331.0 1491.5 1652.0
1331.0 1491.5 1652.0
1331.0 1491.5 1652.0
1331.0 1491.5 1652.0
1331.0 1491.5 1652.0
1331.0 1491.5 1652.0
1331.0 1491.5 1652.0
1331.0 1491.5 1652.0
1331.0 1491.5 1652.0
1331.0 1491.5 1652.0
1331.0 1491.5 1652.0
1331.0 1491.5 1652.0
1331.0 1491.5 1652.0
1331.0 1491.5 1652.0
1331.0 1491.5 1652.0
1331.0 1491.5 1652.0
1331.0 1491.5 1652.0
1331.0 1491.5 1652.0
