12448.0 13997.0 15546.0
9707.0 11147.0 12587.0
8886.0 10012.5 11139.0
5774.0 8282.0 10790.0
4960.0 7403.5 9847.0
3576.0 5299.5 7023.0
3677.0 5350.0 7023.0
3677.0 4890.0 6103.0
3677.0 4156.0 4635.0
3036.0 3356.5 3677.0
2913.0 3295.0 3677.0
2693.0 3185.0 3677.0
2533.0 3105.0 3677.0
2533.0 3105.0 3677.0
2533.0 3105.0 3677.0
2533.0 3105.0 3677.0
2533.0 3083.0 3633.0
2533.0 2563.0 2593.0
2533.0 2563.0 2593.0
2593.0 2607.0 2621.0
2030.0 2311.5 2593.0
2030.0 2311.5 2593.0
2030.0 2311.5 2593.0
2030.0 2311.5 2593.0
2030.0 2311.5 2593.0
2030.0 2311.5 2593.0
2030.0 2311.5 2593.0
2030.0 2311.5 2593.0
2030.0 2311.5 2593.0
2030.0 2311.5 2593.0
2030.0 2133.0 2236.0
2030.0 2133.0 2236.0
2030.0 2133.0 2236.0
2030.0 2133.0 2236.0
2030.0 2133.0 2236.0
2030.0 2133.0 2236.0
2030.0 2133.0 2236.0
2030.0 2133.0 2236.0
2030.0 2133.0 2236.0
2030.0 2133.0 2236.0
2030.0 2133.0 2236.0
2030.0 2133.0 2236.0
2030.0 2133.0 2236.0
2030.0 2133.0 2236.0
2030.0 2133.0 2236.0
2030.0 2133.0 2236.0
2030.0 2133.0 2236.0
2030.0 2133.0 2236.0
2030.0 2133.0 2236.0
2030.0 2133.0 2236.0
2030.0 2133.0 2236.0
2030.0 2133.0 2236.0
2030.0 2133.0 2236.0
1530.0 1780.0 2030.0
1530.0 1780.0 2030.0
1530.0 1780.0 2030.0
1530.0 1780.0 2030.0
1530.0 1780.0 2030.0
1530.0 1780.0 2030.0
1530.0 1780.0 2030.0
1530.0 1780.0 2030.0
1530.0 1780.0 2030.0
1530.0 1780.0 2030.0
1530.0 1780.0 2030.0
1530.0 1780.0 2030.0
1530.0 1780.0 2030.0
1530.0 1780.0 2030.0
1530.0 1780.0 2030.0
1530.0 1780.0 2030.0
1530.0 1687.0 1844.0
1530.0 1687.0 1844.0
1530.0 1687.0 1844.0
1530.0 1687.0 1844.0
1530.0 1687.0 1844.0
1530.0 1687.0 1844.0
1530.0 1687.0 1844.0
1530.0 1687.0 1844.0
1530.0 1687.0 1844.0
1530.0 1687.0 1844.0
1530.0 1687.0 1844.0
1530.0 1687.0 1844.0
1530.0 1687.0 1844.0
1530.0 1687.0 1844.0
1530.0 1687.0 1844.0
1530.0 1687.0 1844.0
1530.0 1687.0 1844.0
1530.0 1687.0 1844.0
1530.0 1687.0 1844.0
1530.0 1687.0 1844.0
1530.0 1687.0 1844.0
1530.0 1687.0 1844.0
1530.0 1687.0 1844.0
1530.0 1687.0 1844.0
1530.0 1687.0 1844.0
1530.0 1687.0 1844.0
1530.0 1687.0 1844.0
1530.0 1687.0 1844.0
1530.0 1687.0 1844.0
1530.0 1687.0 1844.0
1530.0 1687.0 1844.0
1530.0 1687.0 1844.0
1530.0 1687.0 1844.0
1530.0 1687.0 1844.0
1530.0 1687.0 1844.0
1530.0 1687.0 1844.0
1530.0 1687.0 1844.0
1530.0 1687.0 1844.0
1530.0 1687.0 1844.0
1530.0 1687.0 1844.0
1530.0 1687.0 1844.0
1530.0 1687.0 1844.0
1530.0 1687.0 1844.0
1530.0 1687.0 1844.0
1530.0 1687.0 1844.0
1530.0 1687.0 1844.0
1530.0 1687.0 1844.0
1530.0 1687.0 1844.0
1530.0 1687.0 1844.0
1530.0 1687.0 1844.0
1530.0 1687.0 1844.0
1530.0 1687.0 1844.0
1530.0 1687.0 1844.0
1530.0 1687.0 1844.0
1530.0 1687.0 1844.0
1530.0 1687.0 1844.0
1530.0 1687.0 1844.0
1530.0 1687.0 1844.0
1530.0 1687.0 1844.0
1530.0 1687.0 1844.0
1530.0 1687.0 1844.0
1530.0 1687.0 1844.0
1530.0 1687.0 1844.0
1530.0 1687.0 1844.0
1530.0 1687.0 1844.0
1530.0 1687.0 1844.0
1530.0 1687.0 1844.0
1530.0 1687.0 1844.0
1530.0 1687.0 1844.0
1530.0 1687.0 1844.0
1530.0 1687.0 1844.0
1530.0 1687.0 1844.0
1530.0 1687.0 1844.0
1530.0 1687.0 1844.0
1530.0 1687.0 1844.0
1530.0 1687.0 1844.0
1530.0 1687.0 1844.0
1530.0 1687.0 1844.0
1530.0 1687.0 1844.0
1530.0 1687.0 1844.0
1530.0 1687.0 1844.0
1530.0 1687.0 1844.0
1530.0 1687.0 1844.0
1530.0 1687.0 1844.0
1530.0 1687.0 1844.0
1530.0 1687.0 1844.0
1530.0 1584.5 1639.0
1517.0 1523.5 1530.0
1517.0 1523.5 1530.0
1517.0 1523.5 1530.0
1517.0 1523.5 1530.0
1517.0 1523.5 1530.0
1517.0 1523.5 1530.0
1517.0 1523.5 1530.0
1517.0 1523.5 1530.0
1517.0 1523.5 1530.0
1517.0 1523.5 1530.0
1517.0 1523.5 1530.0
1517.0 1523.5 1530.0
1517.0 1523.5 1530.0
1517.0 1523.5 1530.0
1517.0 1523.5 1530.0
1517.0 1523.5 1530.0
1517.0 1523.5 1530.0
1517.0 1523.5 1530.0
1517.0 1523.5 1530.0
1517.0 1523.5 1530.0
1517.0 1523.5 1530.0
1517.0 1523.5 1530.0
1517.0 1523.5 1530.0
1517.0 1523.5 1530.0
1517.0 1523.5 1530.0
1517.0 1523.5 1530.0
1517.0 1523.5 1530.0
1517.0 1523.5 1530.0
1517.0 1523.5 1530.0
1517.0 1523.5 1530.0
1517.0 1523.5 1530.0
1517.0 1523.5 1530.0
1517.0 1523.5 1530.0
1517.0 1523.5 1530.0
1517.0 1523.5 1530.0
1517.0 1523.5 1530.0
1517.0 1523.5 1530.0
1517.0 1523.5 1530.0
1517.0 1523.5 1530.0
1517.0 1523.5 1530.0
1517.0 1523.5 1530.0
1517.0 1523.5 1530.0
1517.0 1523.5 1530.0
1517.0 1523.5 1530.0
