11956.0 12846.5 13737.0
9479.0 10655.5 11832.0
7582.0 8590.5 9599.0
7122.0 8053.5 8985.0
4634.0 5464.0 6294.0
4392.0 4547.0 4702.0
3223.0 3807.5 4392.0
3223.0 3293.0 3363.0
2107.0 2687.0 3267.0
1709.0 1908.0 2107.0
1709.0 1862.0 2015.0
1853.0 1868.0 1883.0
1528.0 1690.5 1853.0
1297.0 1575.0 1853.0
1407.0 1630.0 1853.0
1407.0 1630.0 1853.0
1407.0 1630.0 1853.0
1407.0 1630.0 1853.0
1407.0 1630.0 1853.0
1407.0 1630.0 1853.0
1407.0 1630.0 1853.0
1407.0 1630.0 1853.0
1407.0 1630.0 1853.0
1407.0 1630.0 1853.0
1407.0 1630.0 1853.0
1407.0 1630.0 1853.0
1407.0 1630.0 1853.0
1407.0 1630.0 1853.0
1407.0 1630.0 1853.0
1407.0 1630.0 1853.0
1407.0 1630.0 1853.0
1407.0 1630.0 1853.0
1407.0 1630.0 1853.0
1407.0 1630.0 1853.0
1407.0 1630.0 1853.0
1407.0 1630.0 1853.0
1407.0 1630.0 1853.0
1407.0 1630.0 1853.0
1407.0 1630.0 1853.0
1407.0 1630.0 1853.0
1407.0 1630.0 1853.0
1407.0 1630.0 1853.0
1407.0 1630.0 1853.0
1407.0 1630.0 1853.0
1407.0 1630.0 1853.0
1407.0 1630.0 1853.0
1407.0 1700.0 1993.0
1341.0 1374.0 1407.0
1341.0 1374.0 1407.0
1341.0 1374.0 1407.0
1341.0 1374.0 1407.0
1341.0 1374.0 1407.0
1341.0 1374.0 1407.0
1341.0 1374.0 1407.0
1341.0 1374.0 1407.0
1341.0 1374.0 1407.0
1341.0 1374.0 1407.0
1341.0 1374.0 1407.0
1341.0 1374.0 1407.0
1341.0 1374.0 1407.0
1341.0 1374.0 1407.0
1341.0 1374.0 1407.0
1341.0 1374.0 1407.0
1341.0 1374.0 1407.0
1341.0 1374.0 1407.0
1341.0 1374.0 1407.0
1341.0 1374.0 1407.0
1341.0 1374.0 1407.0
1341.0 1374.0 1407.0
1341.0 1374.0 1407.0
1341.0 1374.0 1407.0
1341.0 1374.0 1407.0
1341.0 1374.0 1407.0
1341.0 1374.0 1407.0
1341.0 1374.0 1407.0
1341.0 1374.0 1407.0
1341.0 1374.0 1407.0
1341.0 1374.0 1407.0
1341.0 1374.0 1407.0
1341.0 1374.0 1407.0
1341.0 1374.0 1407.0
1341.0 1374.0 1407.0
1341.0 1374.0 1407.0
1341.0 1374.0 1407.0
1341.0 1374.0 1407.0
1341.0 1374.0 1407.0
1341.0 1374.0 1407.0
1341.0 1374.0 1407.0
1341.0 1374.0 1407.0
1341.0 1374.0 1407.0
1341.0 1374.0 1407.0
1341.0 1374.0 1407.0
1341.0 1374.0 1407.0
1341.0 1374.0 1407.0
1341.0 1374.0 1407.0
1341.0 1374.0 1407.0
1341.0 1374.0 1407.0
1341.0 1374.0 1407.0
1341.0 1374.0 1407.0
1341.0 1374.0 1407.0
1341.0 1374.0 1407.0
1341.0 1374.0 1407.0
1341.0 1374.0 1407.0
1341.0 1374.0 1407.0
1341.0 1374.0 1407.0
1341.0 1374.0 1407.0
1341.0 1374.0 1407.0
1341.0 1374.0 1407.0
1341.0 1374.0 1407.0
1341.0 1374.0 1407.0
1341.0 1374.0 1407.0
1341.0 1374.0 1407.0
1341.0 1374.0 1407.0
1341.0 1374.0 1407.0
1341.0 1374.0 1407.0
1341.0 1374.0 1407.0
1341.0 1374.0 1407.0
911.0 1126.0 1341.0
911.0 1126.0 1341.0
911.0 1126.0 1341.0
911.0 1126.0 1341.0
911.0 1126.0 1341.0
911.0 1126.0 1341.0
911.0 1126.0 1341.0
911.0 1126.0 1341.0
911.0 1126.0 1341.0
911.0 1126.0 1341.0
911.0 1126.0 1341.0
911.0 1126.0 1341.0
911.0 1126.0 1341.0
911.0 1126.0 1341.0
911.0 1126.0 1341.0
911.0 1126.0 1341.0
911.0 1126.0 1341.0
911.0 1126.0 1341.0
911.0 1126.0 1341.0
911.0 1126.0 1341.0
911.0 1126.0 1341.0
911.0 1126.0 1341.0
911.0 1126.0 1341.0
911.0 1126.0 1341.0
911.0 1126.0 1341.0
911.0 1126.0 1341.0
911.0 1126.0 1341.0
911.0 1126.0 1341.0
911.0 1126.0 1341.0
911.0 1126.0 1341.0
911.0 1126.0 1341.0
911.0 1126.0 1341.0
911.0 1126.0 1341.0
911.0 1126.0 1341.0
911.0 1126.0 1341.0
911.0 1126.0 1341.0
911.0 1126.0 1341.0
911.0 1126.0 1341.0
911.0 1126.0 1341.0
911.0 1126.0 1341.0
911.0 1126.0 1341.0
911.0 1126.0 1341.0
911.0 1126.0 1341.0
911.0 1126.0 1341.0
911.0 1126.0 1341.0
911.0 1126.0 1341.0
911.0 1126.0 1341.0
911.0 1126.0 1341.0
911.0 1126.0 1341.0
911.0 1126.0 1341.0
911.0 1126.0 1341.0
911.0 1126.0 1341.0
911.0 1126.0 1341.0
911.0 1126.0 1341.0
911.0 1126.0 1341.0
911.0 1126.0 1341.0
911.0 1126.0 1341.0
911.0 1126.0 1341.0
911.0 1126.0 1341.0
911.0 1126.0 1341.0
911.0 1126.0 1341.0
911.0 1126.0 1341.0
911.0 1126.0 1341.0
911.0 1126.0 1341.0
911.0 1126.0 1341.0
911.0 1126.0 1341.0
911.0 1126.0 1341.0
911.0 1126.0 1341.0
911.0 1126.0 1341.0
911.0 1126.0 1341.0
911.0 1126.0 1341.0
911.0 1126.0 1341.0
911.0 1126.0 1341.0
911.0 1126.0 1341.0
911.0 1126.0 1341.0
911.0 1126.0 1341.0
911.0 1126.0 1341.0
911.0 1126.0 1341.0
911.0 1126.0 1341.0
911.0 1126.0 1341.0
911.0 1126.0 1341.0
911.0 1126.0 1341.0
911.0 1126.0 1341.0
