16494.0 16719.0 16944.0
12345.0 13394.0 14443.0
8333.0 9603.0 10873.0
7971.0 8742.0 9513.0
7405.0 7433.0 7461.0
4401.0 6160.5 7920.0
4401.0 4626.0 4851.0
4401.0 4795.0 5189.0
4401.0 4795.0 5189.0
3554.0 3977.5 4401.0
4370.0 4624.5 4879.0
3726.0 4112.5 4499.0
2601.0 2896.0 3191.0
2601.0 2797.5 2994.0
2994.0 3060.5 3127.0
2582.0 2788.0 2994.0
2582.0 2662.0 2742.0
2204.0 2393.0 2582.0
1926.0 2254.0 2582.0
1926.0 2254.0 2582.0
1926.0 2254.0 2582.0
1926.0 2254.0 2582.0
1926.0 2254.0 2582.0
1926.0 2254.0 2582.0
1926.0 2254.0 2582.0
1926.0 2254.0 2582.0
1926.0 2254.0 2582.0
1926.0 2254.0 2582.0
1926.0 2254.0 2582.0
1926.0 2254.0 2582.0
1926.0 2254.0 2582.0
1926.0 2254.0 2582.0
1465.0 1695.5 1926.0
1465.0 1695.5 1926.0
1465.0 1695.5 1926.0
1465.0 1695.5 1926.0
1465.0 1695.5 1926.0
1465.0 1695.5 1926.0
1465.0 1695.5 1926.0
1465.0 1695.5 1926.0
1465.0 1695.5 1926.0
1465.0 1695.5 1926.0
1465.0 1695.5 1926.0
1465.0 1695.5 1926.0
1465.0 1695.5 1926.0
1465.0 1695.5 1926.0
1465.0 1695.5 1926.0
1465.0 1695.5 1926.0
1465.0 1695.5 1926.0
1465.0 1695.5 1926.0
1465.0 1695.5 1926.0
1465.0 1695.5 1926.0
1465.0 1695.5 1926.0
1465.0 1695.5 1926.0
1465.0 1695.5 1926.0
1465.0 1695.5 1926.0
1465.0 1695.5 1926.0
1465.0 1695.5 1926.0
1465.0 1695.5 1926.0
1465.0 1695.5 1926.0
1465.0 1695.5 1926.0
1465.0 1695.5 1926.0
1465.0 1695.5 1926.0
1465.0 1695.5 1926.0
1465.0 1695.5 1926.0
1465.0 1695.5 1926.0
1465.0 1549.5 1634.0
1465.0 1549.5 1634.0
1465.0 1549.5 1634.0
1465.0 1549.5 1634.0
1465.0 1549.5 1634.0
1465.0 1549.5 1634.0
1465.0 1549.5 1634.0
1465.0 1549.5 1634.0
1465.0 1549.5 1634.0
1465.0 1549.5 1634.0
1465.0 1549.5 1634.0
1465.0 1549.5 1634.0
1465.0 1549.5 1634.0
1465.0 1549.5 1634.0
1465.0 1549.5 1634.0
1465.0 1549.5 1634.0
1465.0 1549.5 1634.0
1465.0 1549.5 1634.0
1465.0 1549.5 1634.0
1465.0 1549.5 1634.0
1465.0 1549.5 1634.0
1465.0 1549.5 1634.0
1465.0 1549.5 1634.0
1465.0 1549.5 1634.0
1465.0 1549.5 1634.0
1465.0 1549.5 1634.0
1465.0 1549.5 1634.0
1465.0 1549.5 1634.0
1465.0 1549.5 1634.0
1465.0 1549.5 1634.0
1465.0 1549.5 1634.0
1465.0 1549.5 1634.0
1465.0 1549.5 1634.0
1465.0 1549.5 1634.0
1465.0 1549.5 1634.0
1465.0 1549.5 1634.0
1465.0 1549.5 1634.0
1465.0 1549.5 1634.0
1465.0 1549.5 1634.0
1465.0 1549.5 1634.0
1465.0 1549.5 1634.0
1465.0 1549.5 1634.0
1465.0 1549.5 1634.0
1465.0 1549.5 1634.0
1465.0 1549.5 1634.0
1465.0 1549.5 1634.0
1465.0 1549.5 1634.0
1465.0 1549.5 1634.0
1465.0 1549.5 1634.0
1465.0 1549.5 1634.0
1465.0 1549.5 1634.0
1465.0 1549.5 1634.0
1465.0 1549.5 1634.0
1465.0 1549.5 1634.0
1465.0 1549.5 1634.0
1465.0 1549.5 1634.0
1465.0 1549.5 1634.0
1465.0 1549.5 1634.0
1465.0 1549.5 1634.0
1465.0 1549.5 1634.0
1465.0 1549.5 1634.0
1465.0 1549.5 1634.0
1465.0 1549.5 1634.0
1465.0 1549.5 1634.0
1465.0 1549.5 1634.0
1465.0 1549.5 1634.0
1465.0 1549.5 1634.0
1465.0 1549.5 1634.0
1465.0 1549.5 1634.0
1465.0 1549.5 1634.0
1465.0 1549.5 1634.0
1465.0 1549.5 1634.0
1465.0 1549.5 1634.0
1465.0 1549.5 1634.0
1465.0 1549.5 1634.0
1465.0 1549.5 1634.0
1465.0 1549.5 1634.0
1465.0 1549.5 1634.0
1465.0 1549.5 1634.0
1465.0 1549.5 1634.0
1465.0 1549.5 1634.0
1465.0 1549.5 1634.0
1465.0 1549.5 1634.0
1465.0 1549.5 1634.0
1465.0 1549.5 1634.0
1465.0 1549.5 1634.0
1465.0 1549.5 1634.0
1465.0 1549.5 1634.0
1465.0 1549.5 1634.0
1465.0 1549.5 1634.0
1465.0 1549.5 1634.0
1465.0 1549.5 1634.0
1465.0 1549.5 1634.0
1465.0 1549.5 1634.0
1465.0 1549.5 1634.0
1465.0 1549.5 1634.0
1465.0 1549.5 1634.0
1465.0 1549.5 1634.0
1465.0 1549.5 1634.0
1465.0 1549.5 1634.0
1465.0 1549.5 1634.0
1465.0 1549.5 1634.0
1465.0 1549.5 1634.0
1465.0 1549.5 1634.0
1465.0 1549.5 1634.0
1465.0 1549.5 1634.0
1465.0 1549.5 1634.0
1465.0 1549.5 1634.0
1465.0 1549.5 1634.0
1465.0 1549.5 1634.0
1465.0 1549.5 1634.0
1465.0 1549.5 1634.0
1465.0 1549.5 1634.0
1465.0 1549.5 1634.0
1465.0 1549.5 1634.0
1465.0 1549.5 1634.0
1465.0 1549.5 1634.0
1465.0 1549.5 1634.0
1465.0 1549.5 1634.0
1465.0 1549.5 1634.0
1465.0 1549.5 1634.0
1465.0 1549.5 1634.0
1465.0 1549.5 1634.0
1465.0 1549.5 1634.0
1465.0 1549.5 1634.0
1459.0 1462.0 1465.0
986.0 1225.5 1465.0
986.0 1225.5 1465.0
986.0 1225.5 1465.0
986.0 1225.5 1465.0
986.0 1225.5 1465.0
986.0 1225.5 1465.0
986.0 1225.5 1465.0
986.0 1225.5 1465.0
