13183.0 13498.5 13814.0
12377.0 13540.5 14704.0
9399.0 9514.5 9630.0
8941.0 9133.5 9326.0
6647.0 7429.5 8212.0
3977.0 5294.5 6612.0
3963.0 5663.5 7364.0
2978.0 4220.0 5462.0
1397.0 3429.5 5462.0
1397.0 1914.0 2431.0
1397.0 1914.0 2431.0
1397.0 1875.5 2354.0
1397.0 1734.0 2071.0
1397.0 1734.0 2071.0
1397.0 1734.0 2071.0
1397.0 1734.0 2071.0
1397.0 1734.0 2071.0
1397.0 1734.0 2071.0
1397.0 1734.0 2071.0
1397.0 1734.0 2071.0
1397.0 1734.0 2071.0
1397.0 1734.0 2071.0
1397.0 1734.0 2071.0
1397.0 1734.0 2071.0
1397.0 1734.0 2071.0
1397.0 1734.0 2071.0
1397.0 1734.0 2071.0
1397.0 1734.0 2071.0
1397.0 1734.0 2071.0
1397.0 1734.0 2071.0
1397.0 1734.0 2071.0
1397.0 1734.0 2071.0
1397.0 1734.0 2071.0
1397.0 1734.0 2071.0
1397.0 1734.0 2071.0
1397.0 1734.0 2071.0
1397.0 1734.0 2071.0
1397.0 1734.0 2071.0
1397.0 1599.5 1802.0
1397.0 1474.0 1551.0
1226.0 1311.5 1397.0
1226.0 1311.5 1397.0
1226.0 1311.5 1397.0
1226.0 1311.5 1397.0
1226.0 1311.5 1397.0
1226.0 1311.5 1397.0
1226.0 1311.5 1397.0
1226.0 1311.5 1397.0
1226.0 1311.5 1397.0
1226.0 1311.5 1397.0
1226.0 1311.5 1397.0
1226.0 1311.5 1397.0
1226.0 1311.5 1397.0
1226.0 1311.5 1397.0
1226.0 1311.5 1397.0
1069.0 1233.0 1397.0
1069.0 1233.0 1397.0
1069.0 1233.0 1397.0
1069.0 1233.0 1397.0
1069.0 1233.0 1397.0
1069.0 1233.0 1397.0
1069.0 1233.0 1397.0
1069.0 1233.0 1397.0
1069.0 1233.0 1397.0
1069.0 1233.0 1397.0
1069.0 1233.0 1397.0
1069.0 1233.0 1397.0
1069.0 1233.0 1397.0
1069.0 1233.0 1397.0
1069.0 1233.0 1397.0
1069.0 1233.0 1397.0
1069.0 1233.0 1397.0
1069.0 1233.0 1397.0
1069.0 1233.0 1397.0
1069.0 1233.0 1397.0
1069.0 1233.0 1397.0
1069.0 1233.0 1397.0
1069.0 1233.0 1397.0
1069.0 1233.0 1397.0
1069.0 1233.0 1397.0
1069.0 1233.0 1397.0
1069.0 1233.0 1397.0
1069.0 1233.0 1397.0
1069.0 1233.0 1397.0
1069.0 1233.0 1397.0
1069.0 1233.0 1397.0
1069.0 1233.0 1397.0
1069.0 1233.0 1397.0
1069.0 1233.0 1397.0
1069.0 1233.0 1397.0
1069.0 1233.0 1397.0
1069.0 1233.0 1397.0
1069.0 1233.0 1397.0
1069.0 1233.0 1397.0
1069.0 1233.0 1397.0
1069.0 1233.0 1397.0
1069.0 1233.0 1397.0
1069.0 1233.0 1397.0
1069.0 1233.0 1397.0
1069.0 1233.0 1397.0
1069.0 1233.0 1397.0
1069.0 1233.0 1397.0
1069.0 1233.0 1397.0
1069.0 1233.0 1397.0
1069.0 1233.0 1397.0
1069.0 1233.0 1397.0
1069.0 1233.0 1397.0
1069.0 1233.0 1397.0
1069.0 1233.0 1397.0
1069.0 1233.0 1397.0
1069.0 1233.0 1397.0
1069.0 1233.0 1397.0
1069.0 1233.0 1397.0
1069.0 1233.0 1397.0
1069.0 1233.0 1397.0
1069.0 1233.0 1397.0
1069.0 1233.0 1397.0
1069.0 1233.0 1397.0
1069.0 1233.0 1397.0
1069.0 1233.0 1397.0
1069.0 1233.0 1397.0
1069.0 1233.0 1397.0
1069.0 1233.0 1397.0
1069.0 1233.0 1397.0
1069.0 1233.0 1397.0
1069.0 1233.0 1397.0
1069.0 1233.0 1397.0
1069.0 1233.0 1397.0
1069.0 1233.0 1397.0
1069.0 1233.0 1397.0
1069.0 1233.0 1397.0
1069.0 1233.0 1397.0
1069.0 1233.0 1397.0
1069.0 1233.0 1397.0
1069.0 1233.0 1397.0
1069.0 1233.0 1397.0
1069.0 1233.0 1397.0
1069.0 1233.0 1397.0
1069.0 1233.0 1397.0
1069.0 1233.0 1397.0
1069.0 1233.0 1397.0
1069.0 1233.0 1397.0
1069.0 1233.0 1397.0
1069.0 1233.0 1397.0
1069.0 1233.0 1397.0
1069.0 1233.0 1397.0
1069.0 1233.0 1397.0
1069.0 1233.0 1397.0
1069.0 1233.0 1397.0
1069.0 1233.0 1397.0
1069.0 1233.0 1397.0
1069.0 1233.0 1397.0
1069.0 1233.0 1397.0
1069.0 1233.0 1397.0
1069.0 1233.0 1397.0
1069.0 1233.0 1397.0
1069.0 1233.0 1397.0
1069.0 1233.0 1397.0
1069.0 1233.0 1397.0
1069.0 1233.0 1397.0
1069.0 1233.0 1397.0
1069.0 1233.0 1397.0
1069.0 1233.0 1397.0
1069.0 1233.0 1397.0
1069.0 1233.0 1397.0
1069.0 1233.0 1397.0
1069.0 1233.0 1397.0
1069.0 1233.0 1397.0
1069.0 1233.0 1397.0
1069.0 1233.0 1397.0
1069.0 1233.0 1397.0
1069.0 1233.0 1397.0
1069.0 1233.0 1397.0
1069.0 1233.0 1397.0
1069.0 1233.0 1397.0
1069.0 1233.0 1397.0
1069.0 1233.0 1397.0
1069.0 1233.0 1397.0
1069.0 1233.0 1397.0
1069.0 1233.0 1397.0
1069.0 1233.0 1397.0
1069.0 1233.0 1397.0
1069.0 1233.0 1397.0
1069.0 1233.0 1397.0
1069.0 1233.0 1397.0
1069.0 1233.0 1397.0
1069.0 1233.0 1397.0
1069.0 1233.0 1397.0
1069.0 1233.0 1397.0
1069.0 1233.0 1397.0
1069.0 1233.0 1397.0
1069.0 1233.0 1397.0
1069.0 1233.0 1397.0
1069.0 1233.0 1397.0
1069.0 1233.0 1397.0
1069.0 1233.0 1397.0
1069.0 1233.0 1397.0
1069.0 1233.0 1397.0
1069.0 1233.0 1397.0
1069.0 1233.0 1397.0
