9420.0 11759.5 14099.0
9420.0 11166.5 12913.0
6008.0 7277.5 8547.0
6008.0 6199.5 6391.0
3611.0 4476.0 5341.0
3611.0 3929.0 4247.0
3420.0 3568.5 3717.0
2573.0 2781.5 2990.0
2509.0 2541.0 2573.0
1738.0 2063.0 2388.0
1506.0 1716.0 1926.0
1506.0 1826.0 2146.0
1506.0 1654.0 1802.0
1189.0 1347.5 1506.0
1189.0 1347.5 1506.0
1189.0 1358.5 1528.0
1189.0 1358.5 1528.0
1189.0 1358.5 1528.0
1189.0 1358.5 1528.0
1189.0 1351.0 1513.0
1189.0 1351.0 1513.0
1189.0 1351.0 1513.0
1189.0 1351.0 1513.0
1189.0 1351.0 1513.0
1189.0 1351.0 1513.0
1189.0 1345.0 1501.0
1189.0 1345.0 1501.0
1189.0 1345.0 1501.0
1189.0 1345.0 1501.0
1189.0 1345.0 1501.0
1189.0 1345.0 1501.0
1189.0 1345.0 1501.0
1189.0 1345.0 1501.0
1189.0 1345.0 1501.0
1189.0 1345.0 1501.0
1189.0 1345.0 1501.0
1189.0 1345.0 1501.0
1189.0 1345.0 1501.0
1189.0 1345.0 1501.0
1189.0 1345.0 1501.0
1189.0 1345.0 1501.0
1189.0 1345.0 1501.0
1189.0 1345.0 1501.0
1189.0 1345.0 1501.0
1189.0 1345.0 1501.0
1189.0 1345.0 1501.0
1189.0 1345.0 1501.0
1189.0 1345.0 1501.0
1189.0 1345.0 1501.0
1189.0 1345.0 1501.0
1189.0 1345.0 1501.0
1189.0 1345.0 1501.0
1189.0 1345.0 1501.0
1189.0 1345.0 1501.0
1189.0 1345.0 1501.0
1189.0 1345.0 1501.0
1189.0 1345.0 1501.0
1189.0 1345.0 1501.0
1189.0 1345.0 1501.0
1189.0 1345.0 1501.0
1189.0 1345.0 1501.0
1189.0 1345.0 1501.0
1189.0 1345.0 1501.0
1189.0 1345.0 1501.0
1189.0 1345.0 1501.0
1189.0 1345.0 1501.0
1189.0 1345.0 1501.0
1189.0 1345.0 1501.0
1189.0 1345.0 1501.0
1189.0 1345.0 1501.0
1189.0 1345.0 1501.0
1189.0 1345.0 1501.0
1189.0 1345.0 1501.0
1189.0 1345.0 1501.0
1189.0 1345.0 1501.0
1189.0 1345.0 1501.0
1189.0 1345.0 1501.0
1189.0 1345.0 1501.0
1189.0 1345.0 1501.0
1189.0 1345.0 1501.0
1189.0 1345.0 1501.0
1189.0 1345.0 1501.0
1189.0 1345.0 1501.0
1189.0 1345.0 1501.0
1189.0 1345.0 1501.0
1189.0 1345.0 1501.0
1189.0 1345.0 1501.0
1189.0 1345.0 1501.0
1189.0 1345.0 1501.0
1189.0 1345.0 1501.0
1189.0 1345.0 1501.0
1189.0 1345.0 1501.0
1189.0 1345.0 1501.0
1189.0 1345.0 1501.0
1189.0 1345.0 1501.0
1189.0 1345.0 1501.0
1189.0 1345.0 1501.0
1189.0 1345.0 1501.0
1189.0 1345.0 1501.0
1189.0 1345.0 1501.0
1189.0 1345.0 1501.0
1189.0 1345.0 1501.0
1189.0 1345.0 1501.0
1189.0 1345.0 1501.0
1189.0 1345.0 1501.0
1189.0 1345.0 1501.0
1189.0 1345.0 1501.0
1189.0 1345.0 1501.0
1189.0 1345.0 1501.0
1189.0 1345.0 1501.0
1189.0 1345.0 1501.0
1189.0 1345.0 1501.0
1189.0 1345.0 1501.0
1189.0 1345.0 1501.0
1189.0 1345.0 1501.0
1189.0 1345.0 1501.0
1189.0 1345.0 1501.0
1189.0 1345.0 1501.0
1189.0 1345.0 1501.0
1189.0 1345.0 1501.0
1189.0 1345.0 1501.0
1189.0 1345.0 1501.0
1189.0 1345.0 1501.0
1189.0 1345.0 1501.0
1189.0 1345.0 1501.0
1189.0 1345.0 1501.0
1189.0 1345.0 1501.0
1189.0 1345.0 1501.0
1189.0 1345.0 1501.0
1189.0 1345.0 1501.0
1189.0 1345.0 1501.0
1189.0 1345.0 1501.0
1189.0 1345.0 1501.0
1189.0 1345.0 1501.0
1189.0 1345.0 1501.0
1189.0 1345.0 1501.0
1189.0 1345.0 1501.0
1189.0 1345.0 1501.0
1189.0 1345.0 1501.0
1189.0 1345.0 1501.0
1189.0 1345.0 1501.0
1189.0 1345.0 1501.0
1189.0 1345.0 1501.0
1189.0 1345.0 1501.0
1189.0 1345.0 1501.0
1189.0 1345.0 1501.0
1189.0 1345.0 1501.0
1189.0 1345.0 1501.0
1189.0 1345.0 1501.0
1189.0 1345.0 1501.0
1189.0 1345.0 1501.0
1189.0 1345.0 1501.0
1189.0 1345.0 1501.0
1189.0 1345.0 1501.0
1189.0 1345.0 1501.0
1189.0 1345.0 1501.0
1189.0 1345.0 1501.0
1189.0 1345.0 1501.0
1189.0 1345.0 1501.0
1189.0 1345.0 1501.0
1189.0 1345.0 1501.0
1189.0 1345.0 1501.0
1189.0 1345.0 1501.0
1189.0 1345.0 1501.0
1189.0 1345.0 1501.0
1189.0 1345.0 1501.0
1189.0 1345.0 1501.0
1189.0 1345.0 1501.0
1189.0 1345.0 1501.0
1189.0 1345.0 1501.0
1189.0 1345.0 1501.0
1189.0 1345.0 1501.0
1189.0 1345.0 1501.0
1189.0 1345.0 1501.0
1189.0 1345.0 1501.0
1189.0 1345.0 1501.0
1189.0 1345.0 1501.0
1189.0 1345.0 1501.0
1189.0 1345.0 1501.0
1189.0 1345.0 1501.0
1189.0 1345.0 1501.0
1189.0 1345.0 1501.0
1189.0 1345.0 1501.0
1189.0 1345.0 1501.0
1189.0 1345.0 1501.0
1189.0 1345.0 1501.0
1189.0 1345.0 1501.0
1057.0 1204.5 1352.0
1057.0 1204.5 1352.0
702.0 1027.0 1352.0
702.0 789.0 876.0
621.0 748.5 876.0
621.0 748.5 876.0
621.0 748.5 876.0
621.0 748.5 876.0
621.0 748.5 876.0
621.0 748.5 876.0
621.0 748.5 876.0
621.0 748.5 876.0
621.0 748.5 876.0
