14411.0 15592.0 16773.0
11821.0 11944.5 12068.0
9661.0 9959.5 10258.0
6912.0 6998.0 7084.0
5676.0 6329.5 6983.0
4808.0 5059.0 5310.0
3598.0 4287.5 4977.0
3526.0 3953.5 4381.0
3156.0 3504.0 3852.0
3007.0 3427.5 3848.0
2552.0 2779.5 3007.0
2110.0 2183.5 2257.0
1876.0 2066.5 2257.0
1890.0 2073.5 2257.0
1890.0 2073.5 2257.0
1890.0 2073.5 2257.0
1890.0 2073.5 2257.0
1890.0 2073.5 2257.0
1890.0 2073.5 2257.0
1890.0 2073.5 2257.0
1890.0 2073.5 2257.0
1890.0 2073.5 2257.0
1890.0 2073.5 2257.0
1890.0 2073.5 2257.0
1890.0 1905.5 1921.0
1890.0 1905.5 1921.0
1890.0 1948.5 2007.0
1576.0 1733.0 1890.0
1576.0 1733.0 1890.0
1457.0 1516.5 1576.0
1457.0 1516.5 1576.0
1219.0 1397.5 1576.0
1219.0 1397.5 1576.0
1005.0 1290.5 1576.0
1005.0 1290.5 1576.0
1005.0 1290.5 1576.0
1005.0 1290.5 1576.0
1005.0 1290.5 1576.0
1005.0 1290.5 1576.0
1005.0 1290.5 1576.0
1005.0 1290.5 1576.0
1005.0 1290.5 1576.0
1005.0 1290.5 1576.0
1005.0 1290.5 1576.0
1005.0 1290.5 1576.0
1005.0 1290.5 1576.0
1005.0 1290.5 1576.0
1005.0 1290.5 1576.0
1005.0 1290.5 1576.0
1005.0 1290.5 1576.0
1005.0 1290.5 1576.0
1005.0 1290.5 1576.0
1005.0 1290.5 1576.0
1005.0 1290.5 1576.0
1005.0 1290.5 1576.0
1005.0 1290.5 1576.0
1005.0 1290.5 1576.0
1005.0 1290.5 1576.0
1005.0 1290.5 1576.0
1005.0 1290.5 1576.0
1005.0 1290.5 1576.0
1005.0 1290.5 1576.0
1005.0 1290.5 1576.0
1005.0 1290.5 1576.0
1005.0 1290.5 1576.0
1005.0 1290.5 1576.0
1005.0 1290.5 1576.0
1005.0 1290.5 1576.0
1005.0 1290.5 1576.0
1005.0 1290.5 1576.0
1005.0 1290.5 1576.0
1005.0 1290.5 1576.0
1005.0 1290.5 1576.0
1005.0 1290.5 1576.0
1005.0 1290.5 1576.0
1005.0 1290.5 1576.0
1005.0 1290.5 1576.0
1005.0 1290.5 1576.0
1005.0 1290.5 1576.0
1005.0 1290.5 1576.0
1005.0 1290.5 1576.0
1005.0 1290.5 1576.0
1005.0 1290.5 1576.0
1005.0 1290.5 1576.0
1005.0 1290.5 1576.0
1005.0 1290.5 1576.0
1005.0 1290.5 1576.0
1005.0 1290.5 1576.0
1005.0 1290.5 1576.0
1005.0 1290.5 1576.0
1005.0 1290.5 1576.0
1005.0 1290.5 1576.0
1005.0 1290.5 1576.0
1005.0 1290.5 1576.0
1005.0 1290.5 1576.0
1005.0 1290.5 1576.0
1005.0 1290.5 1576.0
1005.0 1290.5 1576.0
1005.0 1290.5 1576.0
1005.0 1290.5 1576.0
1005.0 1290.5 1576.0
1005.0 1290.5 1576.0
1005.0 1290.5 1576.0
1005.0 1290.5 1576.0
1005.0 1290.5 1576.0
1005.0 1290.5 1576.0
1005.0 1290.5 1576.0
1005.0 1290.5 1576.0
1005.0 1290.5 1576.0
1005.0 1290.5 1576.0
1005.0 1290.5 1576.0
1005.0 1290.5 1576.0
1005.0 1290.5 1576.0
1005.0 1290.5 1576.0
1005.0 1290.5 1576.0
1005.0 1290.5 1576.0
1005.0 1290.5 1576.0
1005.0 1290.5 1576.0
1005.0 1290.5 1576.0
1005.0 1290.5 1576.0
1005.0 1290.5 1576.0
1005.0 1290.5 1576.0
1005.0 1290.5 1576.0
1005.0 1290.5 1576.0
1005.0 1290.5 1576.0
1005.0 1290.5 1576.0
1005.0 1290.5 1576.0
1005.0 1290.5 1576.0
1005.0 1290.5 1576.0
1005.0 1290.5 1576.0
1005.0 1290.5 1576.0
1005.0 1290.5 1576.0
1005.0 1290.5 1576.0
1005.0 1290.5 1576.0
1005.0 1290.5 1576.0
1005.0 1290.5 1576.0
1005.0 1290.5 1576.0
1005.0 1290.5 1576.0
1005.0 1290.5 1576.0
1005.0 1290.5 1576.0
1005.0 1290.5 1576.0
1005.0 1290.5 1576.0
1005.0 1290.5 1576.0
1005.0 1290.5 1576.0
1005.0 1290.5 1576.0
1005.0 1290.5 1576.0
1005.0 1290.5 1576.0
1005.0 1290.5 1576.0
1005.0 1290.5 1576.0
1005.0 1290.5 1576.0
1005.0 1290.5 1576.0
1005.0 1290.5 1576.0
1005.0 1290.5 1576.0
1005.0 1290.5 1576.0
1005.0 1290.5 1576.0
1005.0 1290.5 1576.0
1005.0 1290.5 1576.0
1005.0 1290.5 1576.0
1005.0 1290.5 1576.0
1005.0 1290.5 1576.0
1005.0 1290.5 1576.0
1005.0 1290.5 1576.0
1005.0 1290.5 1576.0
1005.0 1290.5 1576.0
1005.0 1290.5 1576.0
1005.0 1290.5 1576.0
1005.0 1290.5 1576.0
1005.0 1290.5 1576.0
1005.0 1290.5 1576.0
1005.0 1290.5 1576.0
1005.0 1290.5 1576.0
1005.0 1290.5 1576.0
1005.0 1290.5 1576.0
1005.0 1290.5 1576.0
1005.0 1290.5 1576.0
1005.0 1290.5 1576.0
1005.0 1290.5 1576.0
1005.0 1290.5 1576.0
1005.0 1290.5 1576.0
1005.0 1290.5 1576.0
1005.0 1290.5 1576.0
1005.0 1290.5 1576.0
1005.0 1290.5 1576.0
1005.0 1290.5 1576.0
1005.0 1290.5 1576.0
1005.0 1290.5 1576.0
1005.0 1290.5 1576.0
1005.0 1290.5 1576.0
1005.0 1290.5 1576.0
1005.0 1290.5 1576.0
1005.0 1290.5 1576.0
1005.0 1290.5 1576.0
1005.0 1290.5 1576.0
1005.0 1290.5 1576.0
1005.0 1290.5 1576.0
1005.0 1290.5 1576.0
1005.0 1290.5 1576.0
1005.0 1290.5 1576.0
1005.0 1290.5 1576.0
1005.0 1290.5 1576.0
