10665.0 11116.5 11568.0
7886.0 8917.5 9949.0
5664.0 7127.0 8590.0
4804.0 6909.0 9014.0
3814.0 4896.0 5978.0
1438.0 3185.0 4932.0
1438.0 2239.5 3041.0
1438.0 2180.0 2922.0
1575.0 2024.0 2473.0
1438.0 1555.0 1672.0
1241.0 1339.5 1438.0
1241.0 1339.5 1438.0
984.0 1211.0 1438.0
984.0 1211.0 1438.0
984.0 1211.0 1438.0
984.0 1211.0 1438.0
984.0 1211.0 1438.0
984.0 1211.0 1438.0
984.0 1211.0 1438.0
984.0 1211.0 1438.0
984.0 1211.0 1438.0
984.0 1211.0 1438.0
984.0 1211.0 1438.0
984.0 1211.0 1438.0
984.0 1211.0 1438.0
984.0 1211.0 1438.0
984.0 1211.0 1438.0
984.0 1211.0 1438.0
984.0 1194.0 1404.0
971.0 977.5 984.0
971.0 977.5 984.0
897.0 940.5 984.0
897.0 940.5 984.0
897.0 940.5 984.0
897.0 940.5 984.0
897.0 940.5 984.0
897.0 940.5 984.0
897.0 940.5 984.0
897.0 940.5 984.0
897.0 940.5 984.0
897.0 940.5 984.0
897.0 940.5 984.0
897.0 940.5 984.0
897.0 940.5 984.0
897.0 940.5 984.0
897.0 940.5 984.0
897.0 940.5 984.0
897.0 940.5 984.0
897.0 940.5 984.0
897.0 940.5 984.0
897.0 940.5 984.0
897.0 940.5 984.0
897.0 940.5 984.0
897.0 940.5 984.0
897.0 940.5 984.0
897.0 940.5 984.0
897.0 940.5 984.0
897.0 940.5 984.0
897.0 940.5 984.0
897.0 940.5 984.0
897.0 940.5 984.0
897.0 940.5 984.0
897.0 940.5 984.0
897.0 940.5 984.0
897.0 940.5 984.0
897.0 940.5 984.0
897.0 940.5 984.0
897.0 940.5 984.0
897.0 940.5 984.0
897.0 940.5 984.0
897.0 940.5 984.0
897.0 940.5 984.0
897.0 940.5 984.0
897.0 940.5 984.0
897.0 940.5 984.0
897.0 940.5 984.0
897.0 940.5 984.0
897.0 940.5 984.0
897.0 940.5 984.0
897.0 940.5 984.0
897.0 940.5 984.0
897.0 940.5 984.0
897.0 940.5 984.0
897.0 940.5 984.0
897.0 940.5 984.0
897.0 940.5 984.0
897.0 940.5 984.0
897.0 940.5 984.0
897.0 940.5 984.0
897.0 940.5 984.0
897.0 940.5 984.0
897.0 940.5 984.0
897.0 940.5 984.0
897.0 940.5 984.0
897.0 940.5 984.0
897.0 940.5 984.0
897.0 940.5 984.0
897.0 940.5 984.0
897.0 940.5 984.0
897.0 940.5 984.0
897.0 940.5 984.0
897.0 940.5 984.0
897.0 940.5 984.0
897.0 940.5 984.0
897.0 940.5 984.0
897.0 940.5 984.0
897.0 940.5 984.0
897.0 940.5 984.0
897.0 940.5 984.0
897.0 940.5 984.0
897.0 940.5 984.0
897.0 940.5 984.0
897.0 940.5 984.0
897.0 940.5 984.0
897.0 940.5 984.0
897.0 940.5 984.0
897.0 940.5 984.0
897.0 940.5 984.0
897.0 940.5 984.0
897.0 940.5 984.0
897.0 940.5 984.0
897.0 940.5 984.0
897.0 940.5 984.0
897.0 940.5 984.0
897.0 940.5 984.0
897.0 940.5 984.0
897.0 940.5 984.0
897.0 940.5 984.0
897.0 940.5 984.0
897.0 940.5 984.0
897.0 940.5 984.0
897.0 940.5 984.0
897.0 940.5 984.0
897.0 940.5 984.0
897.0 940.5 984.0
897.0 940.5 984.0
897.0 940.5 984.0
897.0 940.5 984.0
897.0 940.5 984.0
897.0 940.5 984.0
897.0 940.5 984.0
897.0 940.5 984.0
897.0 940.5 984.0
897.0 940.5 984.0
897.0 940.5 984.0
897.0 940.5 984.0
897.0 940.5 984.0
897.0 940.5 984.0
897.0 940.5 984.0
897.0 940.5 984.0
897.0 940.5 984.0
897.0 940.5 984.0
897.0 940.5 984.0
897.0 940.5 984.0
897.0 940.5 984.0
897.0 940.5 984.0
897.0 940.5 984.0
897.0 940.5 984.0
897.0 940.5 984.0
897.0 940.5 984.0
897.0 940.5 984.0
897.0 940.5 984.0
897.0 940.5 984.0
897.0 940.5 984.0
897.0 940.5 984.0
897.0 940.5 984.0
897.0 940.5 984.0
897.0 940.5 984.0
897.0 940.5 984.0
897.0 940.5 984.0
897.0 940.5 984.0
897.0 940.5 984.0
897.0 940.5 984.0
897.0 940.5 984.0
897.0 940.5 984.0
897.0 940.5 984.0
897.0 940.5 984.0
897.0 940.5 984.0
897.0 940.5 984.0
897.0 940.5 984.0
897.0 940.5 984.0
897.0 940.5 984.0
897.0 940.5 984.0
897.0 940.5 984.0
897.0 940.5 984.0
897.0 940.5 984.0
897.0 940.5 984.0
897.0 940.5 984.0
897.0 940.5 984.0
897.0 940.5 984.0
897.0 940.5 984.0
897.0 940.5 984.0
897.0 940.5 984.0
897.0 940.5 984.0
897.0 940.5 984.0
897.0 940.5 984.0
897.0 940.5 984.0
897.0 940.5 984.0
897.0 940.5 984.0
897.0 940.5 984.0
