10835.0 11745.0 12655.0
8820.0 10846.5 12873.0
7544.0 8697.5 9851.0
5752.0 6868.5 7985.0
6019.0 6064.0 6109.0
4104.0 4845.5 5587.0
4104.0 4177.0 4250.0
2793.0 3280.0 3767.0
2054.0 2654.0 3254.0
2130.0 2289.0 2448.0
1854.0 2151.0 2448.0
1854.0 2151.0 2448.0
1854.0 2151.0 2448.0
1854.0 2151.0 2448.0
1854.0 2151.0 2448.0
1854.0 2151.0 2448.0
1200.0 1824.0 2448.0
1200.0 1635.0 2070.0
1404.0 1737.0 2070.0
1172.0 1288.0 1404.0
1172.0 1288.0 1404.0
1172.0 1288.0 1404.0
1172.0 1288.0 1404.0
1172.0 1288.0 1404.0
1172.0 1288.0 1404.0
1172.0 1288.0 1404.0
1172.0 1288.0 1404.0
1172.0 1288.0 1404.0
1172.0 1288.0 1404.0
1172.0 1288.0 1404.0
1172.0 1288.0 1404.0
1172.0 1288.0 1404.0
1172.0 1288.0 1404.0
1172.0 1288.0 1404.0
1172.0 1288.0 1404.0
1172.0 1288.0 1404.0
1172.0 1288.0 1404.0
1172.0 1288.0 1404.0
1172.0 1288.0 1404.0
1172.0 1288.0 1404.0
1172.0 1288.0 1404.0
1172.0 1288.0 1404.0
1172.0 1288.0 1404.0
1172.0 1288.0 1404.0
1172.0 1288.0 1404.0
1172.0 1288.0 1404.0
1172.0 1288.0 1404.0
1172.0 1288.0 1404.0
1172.0 1288.0 1404.0
1172.0 1288.0 1404.0
1172.0 1288.0 1404.0
1172.0 1288.0 1404.0
1172.0 1288.0 1404.0
1172.0 1288.0 1404.0
1172.0 1288.0 1404.0
1172.0 1288.0 1404.0
1172.0 1288.0 1404.0
1172.0 1288.0 1404.0
1172.0 1288.0 1404.0
1172.0 1288.0 1404.0
1172.0 1288.0 1404.0
1172.0 1288.0 1404.0
713.0 1058.5 1404.0
713.0 1058.5 1404.0
713.0 1058.5 1404.0
713.0 1058.5 1404.0
713.0 1058.5 1404.0
713.0 1058.5 1404.0
713.0 1058.5 1404.0
713.0 1058.5 1404.0
713.0 1058.5 1404.0
713.0 1058.5 1404.0
713.0 1058.5 1404.0
713.0 1058.5 1404.0
713.0 1058.5 1404.0
713.0 1058.5 1404.0
713.0 1058.5 1404.0
713.0 1058.5 1404.0
713.0 1058.5 1404.0
713.0 1058.5 1404.0
713.0 1058.5 1404.0
713.0 1058.5 1404.0
713.0 1058.5 1404.0
713.0 1058.5 1404.0
713.0 1058.5 1404.0
713.0 1058.5 1404.0
713.0 1058.5 1404.0
713.0 1058.5 1404.0
713.0 1058.5 1404.0
713.0 1058.5 1404.0
713.0 1058.5 1404.0
713.0 1058.5 1404.0
713.0 1058.5 1404.0
713.0 1058.5 1404.0
713.0 1058.5 1404.0
713.0 1058.5 1404.0
713.0 1058.5 1404.0
713.0 1058.5 1404.0
713.0 1058.5 1404.0
713.0 1058.5 1404.0
713.0 1058.5 1404.0
713.0 1058.5 1404.0
713.0 1058.5 1404.0
713.0 1058.5 1404.0
713.0 1058.5 1404.0
713.0 1058.5 1404.0
713.0 1058.5 1404.0
713.0 1058.5 1404.0
713.0 1058.5 1404.0
713.0 1058.5 1404.0
713.0 1058.5 1404.0
713.0 1058.5 1404.0
713.0 1058.5 1404.0
713.0 1058.5 1404.0
713.0 1058.5 1404.0
713.0 1058.5 1404.0
713.0 1058.5 1404.0
713.0 1058.5 1404.0
713.0 1058.5 1404.0
713.0 1058.5 1404.0
713.0 1058.5 1404.0
713.0 1058.5 1404.0
713.0 1058.5 1404.0
713.0 1058.5 1404.0
713.0 1058.5 1404.0
713.0 1058.5 1404.0
713.0 1058.5 1404.0
713.0 1058.5 1404.0
713.0 1058.5 1404.0
713.0 1058.5 1404.0
713.0 1058.5 1404.0
713.0 1058.5 1404.0
713.0 1058.5 1404.0
713.0 1058.5 1404.0
713.0 1058.5 1404.0
713.0 1058.5 1404.0
713.0 1058.5 1404.0
713.0 1058.5 1404.0
713.0 1058.5 1404.0
713.0 1058.5 1404.0
713.0 1058.5 1404.0
713.0 1058.5 1404.0
713.0 1058.5 1404.0
713.0 1058.5 1404.0
713.0 1058.5 1404.0
713.0 1058.5 1404.0
713.0 1058.5 1404.0
713.0 1058.5 1404.0
713.0 1058.5 1404.0
713.0 1058.5 1404.0
713.0 1058.5 1404.0
713.0 1058.5 1404.0
713.0 1058.5 1404.0
713.0 1058.5 1404.0
713.0 1058.5 1404.0
713.0 1058.5 1404.0
713.0 1058.5 1404.0
713.0 1058.5 1404.0
713.0 1058.5 1404.0
713.0 1058.5 1404.0
713.0 1058.5 1404.0
713.0 1058.5 1404.0
713.0 1058.5 1404.0
713.0 1058.5 1404.0
713.0 1058.5 1404.0
713.0 1058.5 1404.0
713.0 1058.5 1404.0
713.0 1058.5 1404.0
713.0 1058.5 1404.0
713.0 1058.5 1404.0
713.0 1058.5 1404.0
713.0 1058.5 1404.0
713.0 1058.5 1404.0
713.0 1058.5 1404.0
713.0 1058.5 1404.0
713.0 1058.5 1404.0
713.0 1058.5 1404.0
713.0 1058.5 1404.0
713.0 1058.5 1404.0
713.0 1058.5 1404.0
713.0 1058.5 1404.0
713.0 1058.5 1404.0
713.0 1058.5 1404.0
713.0 1058.5 1404.0
713.0 1058.5 1404.0
713.0 1058.5 1404.0
713.0 1058.5 1404.0
713.0 1058.5 1404.0
713.0 1058.5 1404.0
713.0 1058.5 1404.0
713.0 1058.5 1404.0
713.0 1058.5 1404.0
713.0 1058.5 1404.0
713.0 1058.5 1404.0
713.0 1058.5 1404.0
713.0 1058.5 1404.0
713.0 1058.5 1404.0
713.0 1058.5 1404.0
713.0 1058.5 1404.0
713.0 1058.5 1404.0
