11743.0 11972.0 12201.0
10672.0 10829.0 10986.0
8157.0 8659.5 9162.0
6737.0 7209.5 7682.0
5666.0 5732.5 5799.0
4250.0 4661.0 5072.0
3595.0 3770.5 3946.0
3595.0 4145.5 4696.0
2882.0 3089.5 3297.0
2882.0 3089.5 3297.0
2697.0 2997.0 3297.0
2574.0 2935.5 3297.0
2574.0 2935.5 3297.0
2574.0 2935.5 3297.0
2574.0 2935.5 3297.0
2574.0 2935.5 3297.0
2574.0 2935.5 3297.0
2574.0 2935.5 3297.0
2062.0 2679.5 3297.0
2062.0 2679.5 3297.0
2062.0 2384.0 2706.0
2062.0 2335.0 2608.0
2062.0 2200.0 2338.0
2062.0 2200.0 2338.0
2062.0 2200.0 2338.0
2062.0 2200.0 2338.0
2062.0 2200.0 2338.0
2062.0 2200.0 2338.0
2062.0 2200.0 2338.0
1533.0 1797.5 2062.0
1533.0 1797.5 2062.0
1533.0 1797.5 2062.0
1533.0 1797.5 2062.0
1533.0 1797.5 2062.0
1533.0 1797.5 2062.0
1533.0 1797.5 2062.0
1533.0 1797.5 2062.0
1533.0 1797.5 2062.0
1533.0 1797.5 2062.0
1533.0 1797.5 2062.0
1533.0 1797.5 2062.0
1533.0 1797.5 2062.0
1533.0 1655.5 1778.0
1533.0 1533.5 1534.0
1533.0 1533.5 1534.0
1533.0 1533.5 1534.0
1533.0 1533.5 1534.0
1533.0 1533.5 1534.0
1533.0 1533.5 1534.0
1533.0 1533.5 1534.0
1533.0 1533.5 1534.0
1533.0 1533.5 1534.0
1531.0 1532.5 1534.0
1472.0 1501.5 1531.0
1472.0 1501.5 1531.0
1531.0 1532.5 1534.0
1531.0 1532.5 1534.0
1531.0 1532.5 1534.0
1531.0 1532.5 1534.0
1531.0 1532.5 1534.0
1531.0 1532.5 1534.0
1531.0 1532.5 1534.0
1531.0 1532.5 1534.0
1531.0 1532.5 1534.0
1531.0 1532.5 1534.0
1531.0 1532.5 1534.0
1531.0 1532.5 1534.0
1531.0 1532.5 1534.0
1531.0 1532.5 1534.0
1531.0 1532.5 1534.0
1531.0 1532.5 1534.0
1531.0 1532.5 1534.0
1531.0 1532.5 1534.0
1531.0 1532.5 1534.0
1531.0 1532.5 1534.0
1531.0 1532.5 1534.0
1531.0 1532.5 1534.0
1531.0 1532.5 1534.0
1531.0 1532.5 1534.0
1531.0 1532.5 1534.0
1531.0 1532.5 1534.0
1531.0 1532.5 1534.0
1531.0 1532.5 1534.0
1531.0 1532.5 1534.0
1531.0 1532.5 1534.0
1531.0 1532.5 1534.0
1531.0 1532.5 1534.0
1531.0 1532.5 1534.0
1531.0 1532.5 1534.0
1531.0 1532.5 1534.0
1531.0 1532.5 1534.0
1531.0 1532.5 1534.0
1531.0 1532.5 1534.0
1531.0 1532.5 1534.0
1531.0 1532.5 1534.0
1531.0 1532.5 1534.0
1531.0 1532.5 1534.0
1531.0 1532.5 1534.0
1531.0 1532.5 1534.0
1531.0 1532.5 1534.0
1531.0 1532.5 1534.0
1531.0 1532.5 1534.0
1531.0 1532.5 1534.0
1531.0 1532.5 1534.0
1531.0 1532.5 1534.0
1531.0 1532.5 1534.0
1531.0 1532.5 1534.0
1531.0 1532.5 1534.0
1531.0 1532.5 1534.0
1531.0 1532.5 1534.0
1531.0 1532.5 1534.0
1531.0 1532.5 1534.0
1531.0 1532.5 1534.0
1531.0 1532.5 1534.0
1531.0 1532.5 1534.0
1531.0 1532.5 1534.0
1531.0 1532.5 1534.0
1531.0 1532.5 1534.0
1531.0 1532.5 1534.0
1531.0 1532.5 1534.0
1531.0 1532.5 1534.0
1531.0 1532.5 1534.0
1531.0 1532.5 1534.0
1531.0 1532.5 1534.0
1531.0 1532.5 1534.0
1531.0 1532.5 1534.0
1531.0 1532.5 1534.0
1531.0 1532.5 1534.0
1531.0 1532.5 1534.0
1531.0 1532.5 1534.0
1531.0 1532.5 1534.0
1531.0 1532.5 1534.0
1531.0 1532.5 1534.0
1531.0 1532.5 1534.0
1531.0 1532.5 1534.0
1531.0 1532.5 1534.0
1531.0 1532.5 1534.0
1531.0 1532.5 1534.0
1531.0 1532.5 1534.0
1531.0 1532.5 1534.0
1531.0 1532.5 1534.0
1531.0 1532.5 1534.0
1531.0 1532.5 1534.0
1531.0 1532.5 1534.0
1531.0 1532.5 1534.0
1531.0 1532.5 1534.0
1531.0 1532.5 1534.0
1531.0 1532.5 1534.0
1531.0 1532.5 1534.0
1531.0 1532.5 1534.0
1531.0 1532.5 1534.0
1456.0 1495.0 1534.0
1456.0 1495.0 1534.0
1456.0 1495.0 1534.0
1456.0 1495.0 1534.0
1456.0 1495.0 1534.0
1456.0 1495.0 1534.0
1456.0 1495.0 1534.0
1456.0 1495.0 1534.0
1456.0 1495.0 1534.0
1456.0 1495.0 1534.0
1456.0 1495.0 1534.0
1456.0 1495.0 1534.0
1456.0 1495.0 1534.0
1456.0 1495.0 1534.0
1456.0 1495.0 1534.0
1456.0 1495.0 1534.0
1456.0 1495.0 1534.0
1456.0 1495.0 1534.0
1456.0 1495.0 1534.0
1456.0 1495.0 1534.0
1456.0 1495.0 1534.0
1456.0 1495.0 1534.0
1456.0 1495.0 1534.0
1456.0 1495.0 1534.0
1456.0 1495.0 1534.0
1456.0 1495.0 1534.0
1456.0 1495.0 1534.0
1456.0 1495.0 1534.0
1456.0 1495.0 1534.0
1456.0 1495.0 1534.0
1456.0 1495.0 1534.0
1456.0 1495.0 1534.0
1456.0 1495.0 1534.0
1456.0 1495.0 1534.0
1456.0 1495.0 1534.0
1456.0 1495.0 1534.0
1456.0 1495.0 1534.0
1456.0 1495.0 1534.0
1456.0 1495.0 1534.0
1456.0 1495.0 1534.0
1456.0 1495.0 1534.0
1456.0 1495.0 1534.0
1456.0 1495.0 1534.0
1456.0 1495.0 1534.0
1456.0 1495.0 1534.0
1456.0 1495.0 1534.0
1456.0 1495.0 1534.0
1456.0 1495.0 1534.0
1456.0 1495.0 1534.0
