9493.0 11079.5 12666.0
8290.0 9852.5 11415.0
7251.0 8327.0 9403.0
6534.0 6824.5 7115.0
4098.0 4286.5 4475.0
3507.0 4094.5 4682.0
2268.0 3197.0 4126.0
2268.0 2764.5 3261.0
1646.0 2022.0 2398.0
1646.0 1905.0 2164.0
1297.0 1431.5 1566.0
1297.0 1431.5 1566.0
1297.0 1431.5 1566.0
1297.0 1431.5 1566.0
1297.0 1431.5 1566.0
1297.0 1431.5 1566.0
1297.0 1431.5 1566.0
1297.0 1431.5 1566.0
1297.0 1431.5 1566.0
1297.0 1431.5 1566.0
880.0 1223.0 1566.0
880.0 1223.0 1566.0
880.0 1223.0 1566.0
880.0 1223.0 1566.0
880.0 1223.0 1566.0
856.0 1211.0 1566.0
856.0 1211.0 1566.0
856.0 1211.0 1566.0
856.0 1211.0 1566.0
856.0 1211.0 1566.0
856.0 1211.0 1566.0
856.0 1211.0 1566.0
856.0 1211.0 1566.0
856.0 1211.0 1566.0
856.0 1211.0 1566.0
856.0 1211.0 1566.0
856.0 1211.0 1566.0
856.0 1211.0 1566.0
856.0 1211.0 1566.0
856.0 1211.0 1566.0
856.0 1211.0 1566.0
856.0 1211.0 1566.0
856.0 1211.0 1566.0
856.0 1211.0 1566.0
856.0 1211.0 1566.0
856.0 1211.0 1566.0
856.0 1211.0 1566.0
856.0 1211.0 1566.0
856.0 1211.0 1566.0
856.0 1233.5 1611.0
856.0 1233.5 1611.0
856.0 1114.0 1372.0
856.0 1114.0 1372.0
856.0 1061.5 1267.0
856.0 1061.5 1267.0
856.0 1061.5 1267.0
856.0 1061.5 1267.0
856.0 1061.5 1267.0
856.0 1061.5 1267.0
856.0 1061.5 1267.0
856.0 1061.5 1267.0
856.0 1061.5 1267.0
856.0 1061.5 1267.0
856.0 1061.5 1267.0
856.0 1061.5 1267.0
856.0 1061.5 1267.0
856.0 1061.5 1267.0
856.0 1061.5 1267.0
856.0 1061.5 1267.0
856.0 1061.5 1267.0
856.0 1061.5 1267.0
856.0 1061.5 1267.0
856.0 1061.5 1267.0
856.0 1061.5 1267.0
856.0 1061.5 1267.0
856.0 943.0 1030.0
856.0 879.5 903.0
856.0 879.5 903.0
856.0 879.5 903.0
856.0 879.5 903.0
856.0 879.5 903.0
856.0 879.5 903.0
856.0 879.5 903.0
856.0 879.5 903.0
856.0 879.5 903.0
856.0 879.5 903.0
856.0 879.5 903.0
856.0 879.5 903.0
856.0 879.5 903.0
856.0 879.5 903.0
856.0 879.5 903.0
856.0 879.5 903.0
856.0 879.5 903.0
856.0 879.5 903.0
856.0 879.5 903.0
856.0 879.5 903.0
856.0 879.5 903.0
856.0 879.5 903.0
856.0 879.5 903.0
856.0 879.5 903.0
856.0 879.5 903.0
856.0 879.5 903.0
856.0 879.5 903.0
856.0 879.5 903.0
856.0 879.5 903.0
856.0 879.5 903.0
856.0 879.5 903.0
856.0 879.5 903.0
856.0 879.5 903.0
856.0 879.5 903.0
856.0 879.5 903.0
856.0 879.5 903.0
856.0 879.5 903.0
856.0 879.5 903.0
856.0 879.5 903.0
856.0 879.5 903.0
856.0 879.5 903.0
856.0 879.5 903.0
856.0 879.5 903.0
856.0 879.5 903.0
856.0 879.5 903.0
856.0 879.5 903.0
856.0 879.5 903.0
856.0 879.5 903.0
856.0 879.5 903.0
856.0 879.5 903.0
856.0 879.5 903.0
856.0 879.5 903.0
856.0 879.5 903.0
856.0 879.5 903.0
856.0 879.5 903.0
856.0 879.5 903.0
856.0 879.5 903.0
856.0 879.5 903.0
856.0 879.5 903.0
856.0 879.5 903.0
856.0 879.5 903.0
856.0 879.5 903.0
856.0 879.5 903.0
856.0 879.5 903.0
856.0 879.5 903.0
856.0 879.5 903.0
856.0 879.5 903.0
856.0 879.5 903.0
856.0 879.5 903.0
856.0 879.5 903.0
856.0 879.5 903.0
856.0 879.5 903.0
856.0 879.5 903.0
856.0 879.5 903.0
856.0 879.5 903.0
856.0 879.5 903.0
856.0 879.5 903.0
856.0 879.5 903.0
856.0 879.5 903.0
856.0 879.5 903.0
856.0 879.5 903.0
856.0 879.5 903.0
856.0 879.5 903.0
856.0 879.5 903.0
856.0 879.5 903.0
856.0 879.5 903.0
856.0 879.5 903.0
856.0 879.5 903.0
856.0 879.5 903.0
856.0 879.5 903.0
856.0 879.5 903.0
856.0 879.5 903.0
856.0 879.5 903.0
856.0 879.5 903.0
856.0 879.5 903.0
856.0 879.5 903.0
856.0 879.5 903.0
856.0 879.5 903.0
856.0 879.5 903.0
856.0 879.5 903.0
856.0 879.5 903.0
856.0 879.5 903.0
856.0 879.5 903.0
856.0 879.5 903.0
856.0 879.5 903.0
856.0 879.5 903.0
856.0 879.5 903.0
856.0 879.5 903.0
856.0 879.5 903.0
856.0 879.5 903.0
856.0 879.5 903.0
856.0 879.5 903.0
856.0 879.5 903.0
856.0 879.5 903.0
856.0 879.5 903.0
856.0 879.5 903.0
856.0 879.5 903.0
856.0 879.5 903.0
856.0 879.5 903.0
856.0 879.5 903.0
856.0 879.5 903.0
856.0 879.5 903.0
856.0 879.5 903.0
856.0 879.5 903.0
