13391.0 14321.5 15252.0
9818.0 10720.0 11622.0
9315.0 10243.5 11172.0
6876.0 7467.0 8058.0
5483.0 5647.0 5811.0
4051.0 4767.0 5483.0
4151.0 4520.5 4890.0
3279.0 3393.0 3507.0
3013.0 3146.0 3279.0
2220.0 2749.5 3279.0
1648.0 2456.5 3265.0
1648.0 1788.5 1929.0
1382.0 1655.5 1929.0
1382.0 1649.5 1917.0
1382.0 1649.5 1917.0
1382.0 1649.5 1917.0
1382.0 1649.5 1917.0
1382.0 1649.5 1917.0
1382.0 1649.5 1917.0
1382.0 1649.5 1917.0
1382.0 1853.0 2324.0
1382.0 1402.0 1422.0
1382.0 1402.0 1422.0
1382.0 1402.0 1422.0
1382.0 1402.0 1422.0
1382.0 1402.0 1422.0
1382.0 1402.0 1422.0
1382.0 1402.0 1422.0
1382.0 1402.0 1422.0
1382.0 1402.0 1422.0
1382.0 1402.0 1422.0
1382.0 1402.0 1422.0
1382.0 1402.0 1422.0
1382.0 1402.0 1422.0
1382.0 1402.0 1422.0
1382.0 1402.0 1422.0
1382.0 1402.0 1422.0
1382.0 1402.0 1422.0
1382.0 1402.0 1422.0
1382.0 1402.0 1422.0
1382.0 1402.0 1422.0
1382.0 1402.0 1422.0
1382.0 1402.0 1422.0
1382.0 1402.0 1422.0
1382.0 1402.0 1422.0
1382.0 1402.0 1422.0
1382.0 1402.0 1422.0
1382.0 1402.0 1422.0
1382.0 1402.0 1422.0
1382.0 1402.0 1422.0
1382.0 1402.0 1422.0
1382.0 1402.0 1422.0
1382.0 1402.0 1422.0
1382.0 1402.0 1422.0
1382.0 1402.0 1422.0
1382.0 1402.0 1422.0
1382.0 1402.0 1422.0
1382.0 1402.0 1422.0
1382.0 1402.0 1422.0
1382.0 1402.0 1422.0
1382.0 1402.0 1422.0
1382.0 1402.0 1422.0
1382.0 1402.0 1422.0
1382.0 1402.0 1422.0
1382.0 1402.0 1422.0
1382.0 1402.0 1422.0
1382.0 1402.0 1422.0
1382.0 1402.0 1422.0
1382.0 1402.0 1422.0
1382.0 1402.0 1422.0
1382.0 1402.0 1422.0
1382.0 1402.0 1422.0
1382.0 1402.0 1422.0
1382.0 1402.0 1422.0
1382.0 1402.0 1422.0
1382.0 1402.0 1422.0
1382.0 1402.0 1422.0
1382.0 1402.0 1422.0
1382.0 1402.0 1422.0
1382.0 1402.0 1422.0
1382.0 1402.0 1422.0
1382.0 1402.0 1422.0
1382.0 1402.0 1422.0
1382.0 1402.0 1422.0
1382.0 1402.0 1422.0
1382.0 1402.0 1422.0
1382.0 1402.0 1422.0
1382.0 1402.0 1422.0
1382.0 1402.0 1422.0
1382.0 1402.0 1422.0
1382.0 1402.0 1422.0
1382.0 1402.0 1422.0
1382.0 1402.0 1422.0
1382.0 1402.0 1422.0
1382.0 1402.0 1422.0
1382.0 1402.0 1422.0
1382.0 1402.0 1422.0
1382.0 1402.0 1422.0
1382.0 1402.0 1422.0
1382.0 1402.0 1422.0
1382.0 1402.0 1422.0
1382.0 1402.0 1422.0
1382.0 1402.0 1422.0
1382.0 1402.0 1422.0
1382.0 1402.0 1422.0
1382.0 1402.0 1422.0
1382.0 1402.0 1422.0
1382.0 1402.0 1422.0
1382.0 1402.0 1422.0
1382.0 1402.0 1422.0
1382.0 1402.0 1422.0
1382.0 1402.0 1422.0
1382.0 1402.0 1422.0
1263.0 1322.5 1382.0
1263.0 1322.5 1382.0
1055.0 1218.5 1382.0
634.0 1008.0 1382.0
634.0 1008.0 1382.0
634.0 1008.0 1382.0
634.0 1008.0 1382.0
634.0 1008.0 1382.0
634.0 1008.0 1382.0
634.0 1008.0 1382.0
634.0 1008.0 1382.0
634.0 1008.0 1382.0
634.0 1008.0 1382.0
634.0 1008.0 1382.0
634.0 1008.0 1382.0
634.0 1008.0 1382.0
634.0 1008.0 1382.0
634.0 1008.0 1382.0
634.0 1008.0 1382.0
634.0 1008.0 1382.0
634.0 1008.0 1382.0
634.0 1008.0 1382.0
634.0 1008.0 1382.0
634.0 1008.0 1382.0
634.0 1008.0 1382.0
634.0 1008.0 1382.0
634.0 1008.0 1382.0
634.0 1008.0 1382.0
634.0 1008.0 1382.0
634.0 1008.0 1382.0
634.0 1008.0 1382.0
634.0 1008.0 1382.0
634.0 1008.0 1382.0
634.0 1008.0 1382.0
634.0 1008.0 1382.0
634.0 1008.0 1382.0
634.0 1008.0 1382.0
634.0 1008.0 1382.0
634.0 1008.0 1382.0
634.0 1008.0 1382.0
634.0 1008.0 1382.0
634.0 1008.0 1382.0
634.0 1008.0 1382.0
634.0 1008.0 1382.0
634.0 1008.0 1382.0
634.0 1008.0 1382.0
634.0 1008.0 1382.0
634.0 1008.0 1382.0
634.0 1008.0 1382.0
634.0 1008.0 1382.0
634.0 1008.0 1382.0
634.0 1008.0 1382.0
634.0 1008.0 1382.0
634.0 1008.0 1382.0
634.0 1008.0 1382.0
634.0 1008.0 1382.0
634.0 1008.0 1382.0
634.0 1008.0 1382.0
634.0 1008.0 1382.0
634.0 1008.0 1382.0
634.0 1008.0 1382.0
634.0 1008.0 1382.0
634.0 1008.0 1382.0
634.0 1008.0 1382.0
634.0 1008.0 1382.0
634.0 1008.0 1382.0
634.0 1008.0 1382.0
634.0 1008.0 1382.0
634.0 1008.0 1382.0
634.0 1008.0 1382.0
634.0 1008.0 1382.0
634.0 1008.0 1382.0
634.0 1008.0 1382.0
634.0 1008.0 1382.0
634.0 1008.0 1382.0
634.0 1008.0 1382.0
634.0 1008.0 1382.0
634.0 1008.0 1382.0
634.0 1008.0 1382.0
634.0 1008.0 1382.0
634.0 1008.0 1382.0
634.0 1008.0 1382.0
634.0 1008.0 1382.0
634.0 1008.0 1382.0
634.0 1008.0 1382.0
634.0 1008.0 1382.0
634.0 1008.0 1382.0
