15496.0 15923.0 16350.0
14974.0 15384.0 15794.0
12398.0 13035.5 13673.0
11521.0 11860.5 12200.0
8541.0 9522.0 10503.0
8657.0 9580.0 10503.0
5663.0 6769.5 7876.0
6457.0 6902.5 7348.0
4615.0 5489.5 6364.0
4615.0 5230.5 5846.0
4504.0 4665.5 4827.0
3596.0 3705.5 3815.0
3596.0 3817.0 4038.0
3596.0 3817.0 4038.0
3596.0 3817.0 4038.0
3585.0 3590.5 3596.0
2343.0 2969.5 3596.0
2061.0 2828.5 3596.0
2061.0 2828.5 3596.0
2061.0 2707.5 3354.0
2061.0 2469.0 2877.0
2061.0 2373.5 2686.0
2061.0 2373.5 2686.0
2061.0 2373.5 2686.0
2061.0 2373.5 2686.0
2061.0 2373.5 2686.0
2061.0 2373.5 2686.0
2061.0 2373.5 2686.0
2061.0 2373.5 2686.0
2061.0 2373.5 2686.0
2061.0 2373.5 2686.0
2061.0 2373.5 2686.0
2061.0 2373.5 2686.0
2061.0 2373.5 2686.0
2061.0 2373.5 2686.0
2061.0 2373.5 2686.0
2061.0 2373.5 2686.0
2061.0 2373.5 2686.0
2061.0 2373.5 2686.0
2061.0 2373.5 2686.0
2061.0 2373.5 2686.0
2061.0 2373.5 2686.0
2061.0 2373.5 2686.0
2061.0 2373.5 2686.0
2061.0 2373.5 2686.0
2061.0 2373.5 2686.0
2061.0 2373.5 2686.0
2061.0 2373.5 2686.0
2061.0 2373.5 2686.0
2061.0 2373.5 2686.0
2061.0 2373.5 2686.0
2061.0 2373.5 2686.0
2061.0 2373.5 2686.0
2061.0 2373.5 2686.0
2061.0 2373.5 2686.0
2061.0 2373.5 2686.0
2061.0 2373.5 2686.0
2061.0 2373.5 2686.0
2061.0 2373.5 2686.0
2061.0 2373.5 2686.0
2061.0 2373.5 2686.0
2061.0 2373.5 2686.0
2061.0 2373.5 2686.0
2478.0 2582.0 2686.0
2061.0 2373.5 2686.0
2061.0 2373.5 2686.0
2061.0 2373.5 2686.0
2061.0 2373.5 2686.0
2061.0 2373.5 2686.0
2061.0 2373.5 2686.0
2061.0 2373.5 2686.0
2061.0 2373.5 2686.0
2057.0 2371.5 2686.0
2057.0 2371.5 2686.0
2057.0 2371.5 2686.0
2057.0 2371.5 2686.0
2057.0 2371.5 2686.0
2057.0 2371.5 2686.0
2057.0 2371.5 2686.0
2057.0 2371.5 2686.0
2057.0 2371.5 2686.0
2057.0 2371.5 2686.0
2057.0 2371.5 2686.0
2057.0 2371.5 2686.0
2057.0 2335.5 2614.0
2057.0 2262.5 2468.0
1508.0 1782.5 2057.0
1508.0 1782.5 2057.0
1508.0 1782.5 2057.0
1508.0 1782.5 2057.0
1508.0 1782.5 2057.0
1508.0 1782.5 2057.0
1508.0 1782.5 2057.0
1508.0 1782.5 2057.0
1508.0 1782.5 2057.0
1508.0 1782.5 2057.0
1508.0 1782.5 2057.0
1508.0 1782.5 2057.0
1508.0 1782.5 2057.0
1508.0 1782.5 2057.0
1508.0 1782.5 2057.0
1508.0 1782.5 2057.0
1508.0 1782.5 2057.0
1508.0 1782.5 2057.0
1508.0 1782.5 2057.0
1508.0 1782.5 2057.0
1508.0 1782.5 2057.0
1508.0 1782.5 2057.0
1508.0 1782.5 2057.0
1508.0 1782.5 2057.0
1508.0 1782.5 2057.0
1508.0 1782.5 2057.0
1508.0 1782.5 2057.0
1508.0 1782.5 2057.0
1508.0 1782.5 2057.0
1508.0 1782.5 2057.0
1508.0 1782.5 2057.0
1508.0 1782.5 2057.0
1508.0 1936.5 2365.0
1508.0 1637.5 1767.0
1508.0 1637.5 1767.0
1508.0 1637.5 1767.0
1508.0 1637.5 1767.0
1508.0 1637.5 1767.0
1508.0 1637.5 1767.0
1508.0 1637.5 1767.0
1508.0 1637.5 1767.0
1508.0 1637.5 1767.0
1508.0 1637.5 1767.0
1508.0 1637.5 1767.0
1508.0 1637.5 1767.0
1508.0 1637.5 1767.0
1508.0 1637.5 1767.0
1508.0 1637.5 1767.0
1508.0 1637.5 1767.0
1508.0 1637.5 1767.0
1508.0 1637.5 1767.0
1508.0 1637.5 1767.0
1508.0 1637.5 1767.0
1508.0 1637.5 1767.0
1508.0 1637.5 1767.0
1508.0 1637.5 1767.0
1508.0 1637.5 1767.0
1508.0 1637.5 1767.0
1508.0 1637.5 1767.0
1508.0 1637.5 1767.0
1508.0 1637.5 1767.0
1508.0 1637.5 1767.0
1508.0 1637.5 1767.0
1508.0 1637.5 1767.0
1508.0 1637.5 1767.0
1508.0 1637.5 1767.0
1508.0 1637.5 1767.0
1508.0 1637.5 1767.0
1508.0 1637.5 1767.0
1508.0 1637.5 1767.0
1508.0 1637.5 1767.0
1508.0 1637.5 1767.0
1508.0 1637.5 1767.0
1508.0 1637.5 1767.0
1508.0 1637.5 1767.0
1508.0 1637.5 1767.0
1508.0 1637.5 1767.0
1508.0 1637.5 1767.0
1508.0 1637.5 1767.0
1508.0 1637.5 1767.0
1508.0 1637.5 1767.0
1508.0 1637.5 1767.0
1508.0 1637.5 1767.0
1508.0 1637.5 1767.0
1508.0 1637.5 1767.0
1508.0 1637.5 1767.0
1508.0 1637.5 1767.0
1508.0 1637.5 1767.0
1508.0 1637.5 1767.0
1508.0 1637.5 1767.0
1508.0 1637.5 1767.0
1508.0 1637.5 1767.0
1508.0 1637.5 1767.0
1508.0 1637.5 1767.0
1508.0 1637.5 1767.0
1508.0 1637.5 1767.0
1508.0 1637.5 1767.0
1508.0 1637.5 1767.0
1508.0 1637.5 1767.0
1508.0 1637.5 1767.0
1508.0 1637.5 1767.0
1508.0 1637.5 1767.0
1508.0 1637.5 1767.0
1508.0 1637.5 1767.0
1508.0 1637.5 1767.0
1508.0 1637.5 1767.0
1508.0 1637.5 1767.0
1508.0 1637.5 1767.0
1508.0 1637.5 1767.0
1508.0 1637.5 1767.0
1508.0 1637.5 1767.0
1508.0 1637.5 1767.0
1508.0 1637.5 1767.0
1508.0 1637.5 1767.0
