12133.0 14237.0 16341.0
11898.0 12542.0 13186.0
10416.0 10604.5 10793.0
7775.0 8112.5 8450.0
6755.0 7019.0 7283.0
4357.0 4816.0 5275.0
3236.0 3310.0 3384.0
3379.0 3510.0 3641.0
2282.0 2350.0 2418.0
2606.0 2886.0 3166.0
2606.0 2886.0 3166.0
2237.0 2421.5 2606.0
2237.0 2421.5 2606.0
1725.0 2165.5 2606.0
1540.0 2073.0 2606.0
1540.0 2073.0 2606.0
1540.0 2073.0 2606.0
1540.0 2073.0 2606.0
1540.0 2073.0 2606.0
1540.0 2073.0 2606.0
1540.0 2073.0 2606.0
1540.0 2073.0 2606.0
1540.0 2073.0 2606.0
1540.0 2073.0 2606.0
1540.0 2073.0 2606.0
1540.0 2073.0 2606.0
1540.0 2073.0 2606.0
1540.0 2073.0 2606.0
1540.0 2073.0 2606.0
1540.0 2073.0 2606.0
1540.0 2073.0 2606.0
1540.0 2073.0 2606.0
1540.0 1725.5 1911.0
1540.0 1732.0 1924.0
1540.0 1676.0 1812.0
1540.0 1676.0 1812.0
1540.0 1676.0 1812.0
1540.0 1676.0 1812.0
1540.0 1676.0 1812.0
1540.0 1657.0 1774.0
1540.0 1657.0 1774.0
1540.0 1657.0 1774.0
1540.0 1657.0 1774.0
1540.0 1657.0 1774.0
1540.0 1657.0 1774.0
1540.0 1657.0 1774.0
1540.0 1657.0 1774.0
1540.0 1657.0 1774.0
1540.0 1657.0 1774.0
1540.0 1657.0 1774.0
1540.0 1657.0 1774.0
1540.0 1657.0 1774.0
1540.0 1657.0 1774.0
1540.0 1657.0 1774.0
1540.0 1657.0 1774.0
1540.0 1657.0 1774.0
1540.0 1657.0 1774.0
1540.0 1657.0 1774.0
1540.0 1657.0 1774.0
1540.0 1657.0 1774.0
1540.0 1657.0 1774.0
1540.0 1657.0 1774.0
1540.0 1657.0 1774.0
1540.0 1657.0 1774.0
1540.0 1657.0 1774.0
1540.0 1657.0 1774.0
1540.0 1657.0 1774.0
1540.0 1657.0 1774.0
1540.0 1657.0 1774.0
1540.0 1657.0 1774.0
1540.0 1657.0 1774.0
1540.0 1657.0 1774.0
1540.0 1657.0 1774.0
1540.0 1657.0 1774.0
1540.0 1657.0 1774.0
1540.0 1657.0 1774.0
1540.0 1657.0 1774.0
1540.0 1657.0 1774.0
1540.0 1657.0 1774.0
1540.0 1657.0 1774.0
1540.0 1657.0 1774.0
1540.0 1657.0 1774.0
1540.0 1657.0 1774.0
1540.0 1657.0 1774.0
1540.0 1657.0 1774.0
1540.0 1657.0 1774.0
1488.0 1631.0 1774.0
1488.0 1631.0 1774.0
1488.0 1631.0 1774.0
1488.0 1631.0 1774.0
1488.0 1631.0 1774.0
1488.0 1631.0 1774.0
1488.0 1631.0 1774.0
1488.0 1631.0 1774.0
1488.0 1631.0 1774.0
1488.0 1631.0 1774.0
1488.0 1631.0 1774.0
1488.0 1631.0 1774.0
1488.0 1631.0 1774.0
1488.0 1631.0 1774.0
1488.0 1631.0 1774.0
1488.0 1631.0 1774.0
1488.0 1631.0 1774.0
1488.0 1631.0 1774.0
1488.0 1631.0 1774.0
1488.0 1631.0 1774.0
1488.0 1631.0 1774.0
1488.0 1631.0 1774.0
1488.0 1631.0 1774.0
1488.0 1631.0 1774.0
1227.0 1357.5 1488.0
1227.0 1357.5 1488.0
1227.0 1357.5 1488.0
1227.0 1357.5 1488.0
1227.0 1357.5 1488.0
1227.0 1357.5 1488.0
1227.0 1357.5 1488.0
1227.0 1357.5 1488.0
1227.0 1357.5 1488.0
1227.0 1357.5 1488.0
1227.0 1357.5 1488.0
1227.0 1357.5 1488.0
1227.0 1357.5 1488.0
1227.0 1357.5 1488.0
1227.0 1357.5 1488.0
1227.0 1357.5 1488.0
1227.0 1357.5 1488.0
1227.0 1357.5 1488.0
1227.0 1357.5 1488.0
1227.0 1357.5 1488.0
1227.0 1357.5 1488.0
1227.0 1357.5 1488.0
1227.0 1357.5 1488.0
1227.0 1357.5 1488.0
1227.0 1357.5 1488.0
1227.0 1357.5 1488.0
1227.0 1357.5 1488.0
1227.0 1357.5 1488.0
1227.0 1357.5 1488.0
1227.0 1357.5 1488.0
1227.0 1357.5 1488.0
1227.0 1357.5 1488.0
1227.0 1357.5 1488.0
1227.0 1357.5 1488.0
1227.0 1357.5 1488.0
1227.0 1357.5 1488.0
1227.0 1357.5 1488.0
1227.0 1357.5 1488.0
1227.0 1357.5 1488.0
1227.0 1357.5 1488.0
1227.0 1357.5 1488.0
1227.0 1357.5 1488.0
1227.0 1357.5 1488.0
1227.0 1357.5 1488.0
1227.0 1357.5 1488.0
1227.0 1357.5 1488.0
1227.0 1357.5 1488.0
1227.0 1357.5 1488.0
1227.0 1357.5 1488.0
1227.0 1357.5 1488.0
1227.0 1357.5 1488.0
1227.0 1357.5 1488.0
1227.0 1357.5 1488.0
1227.0 1357.5 1488.0
1227.0 1357.5 1488.0
1227.0 1357.5 1488.0
1227.0 1357.5 1488.0
1227.0 1357.5 1488.0
1227.0 1357.5 1488.0
1227.0 1357.5 1488.0
1227.0 1357.5 1488.0
1227.0 1357.5 1488.0
1227.0 1357.5 1488.0
1227.0 1357.5 1488.0
1227.0 1357.5 1488.0
1227.0 1357.5 1488.0
1227.0 1357.5 1488.0
1227.0 1357.5 1488.0
1227.0 1357.5 1488.0
1227.0 1357.5 1488.0
1227.0 1357.5 1488.0
1227.0 1357.5 1488.0
1227.0 1357.5 1488.0
1227.0 1357.5 1488.0
1227.0 1357.5 1488.0
1227.0 1357.5 1488.0
1227.0 1357.5 1488.0
1227.0 1357.5 1488.0
1227.0 1357.5 1488.0
1227.0 1357.5 1488.0
1227.0 1357.5 1488.0
1227.0 1357.5 1488.0
1227.0 1357.5 1488.0
1227.0 1357.5 1488.0
1227.0 1357.5 1488.0
1227.0 1357.5 1488.0
1463.0 1475.5 1488.0
1246.0 1367.0 1488.0
1246.0 1367.0 1488.0
1246.0 1367.0 1488.0
