11076.0 12522.0 13968.0
10214.0 11005.5 11797.0
9029.0 9526.0 10023.0
6355.0 7982.5 9610.0
6268.0 6347.5 6427.0
4889.0 5301.5 5714.0
3337.0 4062.0 4787.0
3337.0 3667.0 3997.0
3337.0 3401.0 3465.0
3337.0 3401.0 3465.0
3337.0 3401.0 3465.0
2923.0 3194.0 3465.0
1923.0 2512.0 3101.0
1923.0 2185.0 2447.0
1923.0 2185.0 2447.0
1923.0 2185.0 2447.0
1923.0 2185.0 2447.0
1923.0 2185.0 2447.0
1923.0 2185.0 2447.0
1923.0 2185.0 2447.0
1923.0 2185.0 2447.0
1923.0 2185.0 2447.0
1918.0 1920.5 1923.0
1918.0 1920.5 1923.0
1611.0 1767.0 1923.0
1499.0 1555.0 1611.0
1499.0 1555.0 1611.0
1499.0 1555.0 1611.0
1499.0 1555.0 1611.0
1499.0 1555.0 1611.0
1499.0 1555.0 1611.0
1499.0 1555.0 1611.0
1499.0 1555.0 1611.0
1499.0 1555.0 1611.0
1499.0 1555.0 1611.0
1499.0 1555.0 1611.0
1499.0 1555.0 1611.0
1499.0 1555.0 1611.0
1499.0 1555.0 1611.0
1499.0 1555.0 1611.0
1499.0 1555.0 1611.0
1499.0 1555.0 1611.0
1499.0 1555.0 1611.0
1499.0 1555.0 1611.0
1499.0 1499.5 1500.0
1499.0 1580.5 1662.0
1499.0 1499.5 1500.0
1499.0 1499.5 1500.0
1499.0 1499.5 1500.0
1203.0 1351.0 1499.0
1273.0 1386.0 1499.0
958.0 1228.5 1499.0
958.0 1228.5 1499.0
958.0 1228.5 1499.0
958.0 1228.5 1499.0
958.0 1228.5 1499.0
958.0 1228.5 1499.0
958.0 1228.5 1499.0
958.0 1228.5 1499.0
958.0 1228.5 1499.0
958.0 1228.5 1499.0
958.0 1228.5 1499.0
958.0 1228.5 1499.0
958.0 1228.5 1499.0
958.0 1228.5 1499.0
958.0 1228.5 1499.0
958.0 1228.5 1499.0
958.0 1228.5 1499.0
958.0 1228.5 1499.0
958.0 1228.5 1499.0
958.0 1228.5 1499.0
958.0 1228.5 1499.0
958.0 1228.5 1499.0
958.0 1228.5 1499.0
958.0 1228.5 1499.0
958.0 1228.5 1499.0
958.0 1228.5 1499.0
958.0 1228.5 1499.0
958.0 1228.5 1499.0
958.0 1228.5 1499.0
958.0 1228.5 1499.0
958.0 1228.5 1499.0
958.0 1228.5 1499.0
958.0 1228.5 1499.0
958.0 1228.5 1499.0
958.0 1228.5 1499.0
958.0 1214.0 1470.0
958.0 1214.0 1470.0
958.0 1214.0 1470.0
958.0 1214.0 1470.0
958.0 1214.0 1470.0
958.0 1214.0 1470.0
958.0 1214.0 1470.0
958.0 1214.0 1470.0
958.0 1214.0 1470.0
958.0 1214.0 1470.0
958.0 1214.0 1470.0
958.0 1214.0 1470.0
958.0 1214.0 1470.0
958.0 1214.0 1470.0
958.0 1214.0 1470.0
958.0 1214.0 1470.0
958.0 1214.0 1470.0
958.0 1214.0 1470.0
958.0 1214.0 1470.0
958.0 1214.0 1470.0
958.0 1214.0 1470.0
958.0 1214.0 1470.0
958.0 1214.0 1470.0
958.0 1214.0 1470.0
958.0 1214.0 1470.0
958.0 1214.0 1470.0
958.0 1214.0 1470.0
958.0 1214.0 1470.0
958.0 1214.0 1470.0
958.0 1214.0 1470.0
958.0 1214.0 1470.0
958.0 1214.0 1470.0
958.0 1214.0 1470.0
958.0 1214.0 1470.0
958.0 1214.0 1470.0
958.0 1214.0 1470.0
958.0 1214.0 1470.0
958.0 1214.0 1470.0
958.0 1214.0 1470.0
958.0 1214.0 1470.0
958.0 1214.0 1470.0
958.0 1214.0 1470.0
958.0 1214.0 1470.0
958.0 1214.0 1470.0
958.0 1214.0 1470.0
958.0 1214.0 1470.0
958.0 1214.0 1470.0
958.0 1214.0 1470.0
958.0 1214.0 1470.0
958.0 1214.0 1470.0
958.0 1214.0 1470.0
958.0 1214.0 1470.0
958.0 1214.0 1470.0
958.0 1214.0 1470.0
958.0 1214.0 1470.0
958.0 1214.0 1470.0
958.0 1214.0 1470.0
958.0 1214.0 1470.0
958.0 1214.0 1470.0
958.0 1214.0 1470.0
958.0 1214.0 1470.0
958.0 1214.0 1470.0
958.0 1214.0 1470.0
958.0 1214.0 1470.0
958.0 1214.0 1470.0
958.0 1214.0 1470.0
958.0 1214.0 1470.0
958.0 1214.0 1470.0
958.0 1214.0 1470.0
958.0 1214.0 1470.0
958.0 1214.0 1470.0
958.0 1214.0 1470.0
958.0 1214.0 1470.0
958.0 1214.0 1470.0
958.0 1214.0 1470.0
958.0 1214.0 1470.0
958.0 1214.0 1470.0
958.0 1214.0 1470.0
958.0 1214.0 1470.0
958.0 1214.0 1470.0
958.0 1214.0 1470.0
958.0 1214.0 1470.0
958.0 1214.0 1470.0
958.0 1214.0 1470.0
958.0 1214.0 1470.0
958.0 1214.0 1470.0
958.0 1214.0 1470.0
958.0 1214.0 1470.0
958.0 1214.0 1470.0
958.0 1214.0 1470.0
958.0 1214.0 1470.0
958.0 1214.0 1470.0
958.0 1214.0 1470.0
958.0 1214.0 1470.0
958.0 1214.0 1470.0
958.0 1214.0 1470.0
958.0 1214.0 1470.0
958.0 1214.0 1470.0
958.0 1214.0 1470.0
958.0 1214.0 1470.0
958.0 1214.0 1470.0
958.0 1214.0 1470.0
958.0 1214.0 1470.0
958.0 1214.0 1470.0
958.0 1214.0 1470.0
958.0 1214.0 1470.0
958.0 1214.0 1470.0
958.0 1214.0 1470.0
958.0 1214.0 1470.0
958.0 1214.0 1470.0
958.0 1214.0 1470.0
958.0 1214.0 1470.0
958.0 1214.0 1470.0
958.0 1214.0 1470.0
