12377.0 12947.5 13518.0
9418.0 9852.0 10286.0
7477.0 8655.0 9833.0
6412.0 6688.0 6964.0
3971.0 4225.0 4479.0
3200.0 3839.5 4479.0
2701.0 2895.5 3090.0
1799.0 2150.0 2501.0
1799.0 2150.0 2501.0
1799.0 1929.0 2059.0
1799.0 1929.0 2059.0
1799.0 1929.0 2059.0
1403.0 1601.0 1799.0
1403.0 1601.0 1799.0
1352.0 1575.5 1799.0
1352.0 1575.5 1799.0
1352.0 1575.5 1799.0
1352.0 1575.5 1799.0
1352.0 1575.5 1799.0
1352.0 1575.5 1799.0
1352.0 1575.5 1799.0
1352.0 1575.5 1799.0
1232.0 1292.0 1352.0
1232.0 1292.0 1352.0
1232.0 1292.0 1352.0
1232.0 1292.0 1352.0
1232.0 1292.0 1352.0
1232.0 1292.0 1352.0
1232.0 1292.0 1352.0
1232.0 1292.0 1352.0
1232.0 1292.0 1352.0
1232.0 1292.0 1352.0
1232.0 1292.0 1352.0
1232.0 1292.0 1352.0
1232.0 1292.0 1352.0
1232.0 1292.0 1352.0
1232.0 1292.0 1352.0
1232.0 1292.0 1352.0
1232.0 1292.0 1352.0
1232.0 1292.0 1352.0
1232.0 1292.0 1352.0
1232.0 1292.0 1352.0
1232.0 1292.0 1352.0
1232.0 1292.0 1352.0
1232.0 1292.0 1352.0
1232.0 1292.0 1352.0
1232.0 1292.0 1352.0
1232.0 1292.0 1352.0
1232.0 1292.0 1352.0
1232.0 1292.0 1352.0
1232.0 1292.0 1352.0
1232.0 1292.0 1352.0
1232.0 1292.0 1352.0
1232.0 1292.0 1352.0
1232.0 1292.0 1352.0
1232.0 1292.0 1352.0
1232.0 1292.0 1352.0
1232.0 1292.0 1352.0
1232.0 1292.0 1352.0
1232.0 1292.0 1352.0
1232.0 1292.0 1352.0
1232.0 1292.0 1352.0
1232.0 1292.0 1352.0
1232.0 1292.0 1352.0
1232.0 1292.0 1352.0
1232.0 1292.0 1352.0
1232.0 1292.0 1352.0
1232.0 1292.0 1352.0
1232.0 1292.0 1352.0
1232.0 1292.0 1352.0
1232.0 1292.0 1352.0
1232.0 1292.0 1352.0
1232.0 1292.0 1352.0
1232.0 1292.0 1352.0
1232.0 1292.0 1352.0
1232.0 1292.0 1352.0
1232.0 1292.0 1352.0
1232.0 1292.0 1352.0
1232.0 1292.0 1352.0
1232.0 1292.0 1352.0
1232.0 1292.0 1352.0
1232.0 1292.0 1352.0
1232.0 1292.0 1352.0
1232.0 1292.0 1352.0
1232.0 1292.0 1352.0
1232.0 1292.0 1352.0
1232.0 1292.0 1352.0
1232.0 1292.0 1352.0
1232.0 1292.0 1352.0
1232.0 1292.0 1352.0
1232.0 1292.0 1352.0
1232.0 1292.0 1352.0
1232.0 1292.0 1352.0
1232.0 1292.0 1352.0
1232.0 1292.0 1352.0
1232.0 1292.0 1352.0
1232.0 1292.0 1352.0
1232.0 1292.0 1352.0
1232.0 1292.0 1352.0
1232.0 1292.0 1352.0
1232.0 1292.0 1352.0
1232.0 1292.0 1352.0
1232.0 1292.0 1352.0
1232.0 1292.0 1352.0
1232.0 1292.0 1352.0
1232.0 1292.0 1352.0
1232.0 1292.0 1352.0
1232.0 1292.0 1352.0
1232.0 1292.0 1352.0
1232.0 1292.0 1352.0
1232.0 1292.0 1352.0
1232.0 1292.0 1352.0
1232.0 1292.0 1352.0
1232.0 1292.0 1352.0
1232.0 1292.0 1352.0
1232.0 1292.0 1352.0
1232.0 1292.0 1352.0
1232.0 1292.0 1352.0
1232.0 1292.0 1352.0
1232.0 1292.0 1352.0
1232.0 1292.0 1352.0
1232.0 1292.0 1352.0
1232.0 1292.0 1352.0
1232.0 1292.0 1352.0
1232.0 1292.0 1352.0
1232.0 1292.0 1352.0
1232.0 1292.0 1352.0
1232.0 1292.0 1352.0
1232.0 1292.0 1352.0
1232.0 1292.0 1352.0
1232.0 1292.0 1352.0
1232.0 1292.0 1352.0
1232.0 1292.0 1352.0
1232.0 1292.0 1352.0
1232.0 1292.0 1352.0
1232.0 1292.0 1352.0
1232.0 1292.0 1352.0
1232.0 1292.0 1352.0
1232.0 1292.0 1352.0
1232.0 1292.0 1352.0
1232.0 1292.0 1352.0
1232.0 1292.0 1352.0
1232.0 1303.5 1375.0
1232.0 1303.5 1375.0
1232.0 1303.5 1375.0
1232.0 1303.5 1375.0
1232.0 1303.5 1375.0
1232.0 1303.5 1375.0
938.0 1085.0 1232.0
938.0 1085.0 1232.0
938.0 1085.0 1232.0
938.0 1085.0 1232.0
938.0 1085.0 1232.0
938.0 1085.0 1232.0
938.0 1085.0 1232.0
938.0 1085.0 1232.0
938.0 1085.0 1232.0
938.0 1085.0 1232.0
938.0 1085.0 1232.0
938.0 1085.0 1232.0
938.0 1085.0 1232.0
938.0 1085.0 1232.0
938.0 1085.0 1232.0
938.0 1085.0 1232.0
938.0 1085.0 1232.0
938.0 1085.0 1232.0
938.0 1085.0 1232.0
938.0 1085.0 1232.0
938.0 1085.0 1232.0
938.0 1085.0 1232.0
938.0 1085.0 1232.0
938.0 1085.0 1232.0
938.0 1085.0 1232.0
938.0 1085.0 1232.0
938.0 1085.0 1232.0
938.0 1085.0 1232.0
938.0 1085.0 1232.0
938.0 1085.0 1232.0
938.0 1085.0 1232.0
938.0 1085.0 1232.0
938.0 1085.0 1232.0
938.0 1085.0 1232.0
938.0 1085.0 1232.0
938.0 1085.0 1232.0
938.0 1085.0 1232.0
938.0 1085.0 1232.0
938.0 1085.0 1232.0
938.0 1085.0 1232.0
938.0 1085.0 1232.0
938.0 1085.0 1232.0
938.0 1085.0 1232.0
938.0 1085.0 1232.0
938.0 1085.0 1232.0
938.0 1085.0 1232.0
938.0 1085.0 1232.0
938.0 1085.0 1232.0
938.0 1085.0 1232.0
938.0 1085.0 1232.0
938.0 1085.0 1232.0
938.0 1085.0 1232.0
