14189.0 15853.0 17517.0
12900.0 13926.5 14953.0
9949.0 11974.0 13999.0
8327.0 10228.0 12129.0
7894.0 8418.5 8943.0
5073.0 6009.0 6945.0
4894.0 5386.0 5878.0
4111.0 4129.5 4148.0
3688.0 3984.5 4281.0
2812.0 3585.0 4358.0
2812.0 3262.0 3712.0
2812.0 2853.0 2894.0
2812.0 2853.0 2894.0
2812.0 2853.0 2894.0
2792.0 2802.0 2812.0
2230.0 2521.0 2812.0
2447.0 2629.5 2812.0
2447.0 2629.5 2812.0
2447.0 2629.5 2812.0
2447.0 2629.5 2812.0
2447.0 2629.5 2812.0
2447.0 2709.5 2972.0
1964.0 2205.5 2447.0
1964.0 2205.5 2447.0
1964.0 2205.5 2447.0
1964.0 2205.5 2447.0
1964.0 2205.5 2447.0
1964.0 2205.5 2447.0
1964.0 2205.5 2447.0
1964.0 2205.5 2447.0
1964.0 2205.5 2447.0
1964.0 2205.5 2447.0
1964.0 2205.5 2447.0
1964.0 2205.5 2447.0
1964.0 2205.5 2447.0
1964.0 2205.5 2447.0
1964.0 2205.5 2447.0
1964.0 2205.5 2447.0
1964.0 2205.5 2447.0
1964.0 2205.5 2447.0
1964.0 2205.5 2447.0
1964.0 2205.5 2447.0
1964.0 2205.5 2447.0
1964.0 2205.5 2447.0
1964.0 2205.5 2447.0
1964.0 2205.5 2447.0
1964.0 2205.5 2447.0
1964.0 2205.5 2447.0
1964.0 2205.5 2447.0
1964.0 2205.5 2447.0
1485.0 1966.0 2447.0
1110.0 1778.5 2447.0
1110.0 1778.5 2447.0
1110.0 1778.5 2447.0
1110.0 1778.5 2447.0
1110.0 1778.5 2447.0
1110.0 1778.5 2447.0
1110.0 1778.5 2447.0
1110.0 1778.5 2447.0
1110.0 1778.5 2447.0
1110.0 1778.5 2447.0
1110.0 1778.5 2447.0
1110.0 1778.5 2447.0
1110.0 1778.5 2447.0
1110.0 1778.5 2447.0
1110.0 1721.0 2332.0
1110.0 1509.0 1908.0
1110.0 1509.0 1908.0
1110.0 1509.0 1908.0
1110.0 1509.0 1908.0
1110.0 1509.0 1908.0
1110.0 1509.0 1908.0
1110.0 1509.0 1908.0
1110.0 1509.0 1908.0
1110.0 1509.0 1908.0
1110.0 1509.0 1908.0
1110.0 1509.0 1908.0
1110.0 1509.0 1908.0
1110.0 1509.0 1908.0
1110.0 1509.0 1908.0
1110.0 1509.0 1908.0
1110.0 1509.0 1908.0
1110.0 1509.0 1908.0
1110.0 1509.0 1908.0
1110.0 1509.0 1908.0
1110.0 1509.0 1908.0
1110.0 1509.0 1908.0
1110.0 1509.0 1908.0
1110.0 1509.0 1908.0
1110.0 1509.0 1908.0
1110.0 1509.0 1908.0
1110.0 1509.0 1908.0
1110.0 1509.0 1908.0
1110.0 1509.0 1908.0
1110.0 1509.0 1908.0
1110.0 1509.0 1908.0
1110.0 1509.0 1908.0
1110.0 1509.0 1908.0
1110.0 1509.0 1908.0
1110.0 1509.0 1908.0
1110.0 1509.0 1908.0
1110.0 1509.0 1908.0
1110.0 1509.0 1908.0
1110.0 1509.0 1908.0
1110.0 1509.0 1908.0
1110.0 1509.0 1908.0
1110.0 1509.0 1908.0
1110.0 1509.0 1908.0
1110.0 1509.0 1908.0
1110.0 1509.0 1908.0
1110.0 1509.0 1908.0
1110.0 1509.0 1908.0
1110.0 1509.0 1908.0
1110.0 1509.0 1908.0
1110.0 1509.0 1908.0
1110.0 1509.0 1908.0
1110.0 1509.0 1908.0
1110.0 1509.0 1908.0
1110.0 1509.0 1908.0
1110.0 1509.0 1908.0
1110.0 1509.0 1908.0
1110.0 1509.0 1908.0
1110.0 1509.0 1908.0
1110.0 1509.0 1908.0
1110.0 1509.0 1908.0
1110.0 1509.0 1908.0
1110.0 1509.0 1908.0
1110.0 1509.0 1908.0
1110.0 1509.0 1908.0
1110.0 1509.0 1908.0
1110.0 1509.0 1908.0
1110.0 1509.0 1908.0
1110.0 1509.0 1908.0
1110.0 1509.0 1908.0
1110.0 1509.0 1908.0
1110.0 1509.0 1908.0
1110.0 1509.0 1908.0
1110.0 1509.0 1908.0
1110.0 1509.0 1908.0
1110.0 1509.0 1908.0
1110.0 1509.0 1908.0
1110.0 1509.0 1908.0
1110.0 1509.0 1908.0
1110.0 1509.0 1908.0
1110.0 1509.0 1908.0
1110.0 1509.0 1908.0
1110.0 1509.0 1908.0
1110.0 1509.0 1908.0
1110.0 1509.0 1908.0
1110.0 1509.0 1908.0
1110.0 1509.0 1908.0
1110.0 1509.0 1908.0
1110.0 1509.0 1908.0
1110.0 1509.0 1908.0
1110.0 1509.0 1908.0
1110.0 1509.0 1908.0
1110.0 1509.0 1908.0
1110.0 1509.0 1908.0
1110.0 1509.0 1908.0
1110.0 1509.0 1908.0
1110.0 1509.0 1908.0
1110.0 1509.0 1908.0
1110.0 1509.0 1908.0
1110.0 1509.0 1908.0
1110.0 1509.0 1908.0
1110.0 1509.0 1908.0
1110.0 1509.0 1908.0
1110.0 1509.0 1908.0
1110.0 1509.0 1908.0
1110.0 1509.0 1908.0
1110.0 1509.0 1908.0
1110.0 1509.0 1908.0
1110.0 1509.0 1908.0
1110.0 1509.0 1908.0
1110.0 1509.0 1908.0
1110.0 1509.0 1908.0
1110.0 1509.0 1908.0
1110.0 1509.0 1908.0
1110.0 1509.0 1908.0
1110.0 1509.0 1908.0
1110.0 1509.0 1908.0
1110.0 1509.0 1908.0
1110.0 1509.0 1908.0
1110.0 1509.0 1908.0
1110.0 1509.0 1908.0
1110.0 1509.0 1908.0
1110.0 1509.0 1908.0
1110.0 1509.0 1908.0
1110.0 1509.0 1908.0
1110.0 1509.0 1908.0
1110.0 1509.0 1908.0
1110.0 1436.0 1762.0
1110.0 1436.0 1762.0
1110.0 1436.0 1762.0
1110.0 1436.0 1762.0
1110.0 1436.0 1762.0
1110.0 1436.0 1762.0
1110.0 1436.0 1762.0
1110.0 1436.0 1762.0
1110.0 1436.0 1762.0
