7863.0 8837.0 9811.0
7897.0 9002.0 10107.0
5119.0 6943.0 8767.0
5070.0 5094.5 5119.0
4623.0 4869.5 5116.0
3412.0 3541.0 3670.0
2413.0 2912.5 3412.0
1832.0 2122.5 2413.0
1832.0 2122.5 2413.0
1832.0 2186.0 2540.0
1832.0 2186.0 2540.0
1832.0 2186.0 2540.0
1832.0 2186.0 2540.0
1573.0 1702.5 1832.0
1573.0 1702.5 1832.0
1573.0 1702.5 1832.0
1573.0 1702.5 1832.0
1573.0 1702.5 1832.0
1573.0 1702.5 1832.0
1573.0 1702.5 1832.0
1573.0 1702.5 1832.0
1573.0 1702.5 1832.0
1338.0 1455.5 1573.0
1338.0 1515.0 1692.0
1338.0 1342.0 1346.0
1338.0 1373.5 1409.0
1338.0 1373.5 1409.0
1338.0 1373.5 1409.0
1338.0 1373.5 1409.0
1338.0 1373.5 1409.0
1338.0 1373.5 1409.0
1338.0 1373.5 1409.0
1338.0 1373.5 1409.0
1338.0 1373.5 1409.0
1338.0 1373.5 1409.0
1338.0 1373.5 1409.0
1409.0 1506.5 1604.0
1409.0 1506.5 1604.0
1409.0 1506.5 1604.0
1409.0 1506.5 1604.0
1409.0 1506.5 1604.0
1409.0 1506.5 1604.0
1409.0 1506.5 1604.0
1409.0 1506.5 1604.0
1409.0 1506.5 1604.0
1409.0 1506.5 1604.0
1409.0 1506.5 1604.0
1409.0 1506.5 1604.0
1409.0 1506.5 1604.0
1409.0 1506.5 1604.0
1409.0 1506.5 1604.0
1409.0 1506.5 1604.0
1409.0 1506.5 1604.0
1409.0 1506.5 1604.0
1409.0 1506.5 1604.0
1409.0 1506.5 1604.0
1409.0 1506.5 1604.0
1409.0 1506.5 1604.0
1409.0 1506.5 1604.0
1409.0 1506.5 1604.0
1409.0 1506.5 1604.0
1409.0 1506.5 1604.0
1409.0 1506.5 1604.0
1409.0 1506.5 1604.0
1409.0 1506.5 1604.0
1409.0 1506.5 1604.0
1409.0 1506.5 1604.0
1409.0 1506.5 1604.0
1409.0 1506.5 1604.0
1409.0 1506.5 1604.0
1409.0 1506.5 1604.0
1409.0 1506.5 1604.0
1409.0 1506.5 1604.0
1409.0 1506.5 1604.0
1409.0 1506.5 1604.0
1409.0 1506.5 1604.0
1409.0 1506.5 1604.0
1409.0 1506.5 1604.0
1409.0 1506.5 1604.0
1409.0 1506.5 1604.0
1409.0 1506.5 1604.0
1409.0 1506.5 1604.0
1409.0 1506.5 1604.0
1409.0 1506.5 1604.0
1409.0 1506.5 1604.0
1409.0 1506.5 1604.0
1409.0 1506.5 1604.0
1409.0 1506.5 1604.0
1409.0 1506.5 1604.0
1409.0 1506.5 1604.0
1409.0 1506.5 1604.0
1409.0 1506.5 1604.0
1409.0 1506.5 1604.0
1409.0 1506.5 1604.0
1354.0 1479.0 1604.0
1555.0 1579.5 1604.0
1555.0 1579.5 1604.0
1543.0 1573.5 1604.0
1543.0 1573.5 1604.0
1543.0 1573.5 1604.0
1543.0 1573.5 1604.0
1543.0 1573.5 1604.0
1543.0 1573.5 1604.0
1543.0 1573.5 1604.0
1543.0 1573.5 1604.0
1543.0 1573.5 1604.0
1543.0 1573.5 1604.0
1543.0 1573.5 1604.0
1543.0 1573.5 1604.0
1543.0 1573.5 1604.0
1543.0 1573.5 1604.0
1543.0 1573.5 1604.0
1543.0 1573.5 1604.0
1543.0 1573.5 1604.0
1543.0 1573.5 1604.0
1543.0 1573.5 1604.0
1543.0 1573.5 1604.0
1543.0 1573.5 1604.0
1543.0 1573.5 1604.0
1543.0 1573.5 1604.0
1543.0 1573.5 1604.0
1543.0 1573.5 1604.0
1543.0 1573.5 1604.0
1543.0 1573.5 1604.0
1543.0 1573.5 1604.0
1543.0 1573.5 1604.0
1543.0 1573.5 1604.0
1543.0 1573.5 1604.0
1543.0 1573.5 1604.0
1543.0 1573.5 1604.0
1543.0 1573.5 1604.0
1543.0 1573.5 1604.0
1543.0 1573.5 1604.0
1543.0 1573.5 1604.0
1543.0 1573.5 1604.0
1543.0 1573.5 1604.0
1543.0 1573.5 1604.0
1543.0 1573.5 1604.0
1543.0 1573.5 1604.0
1543.0 1573.5 1604.0
1543.0 1573.5 1604.0
1543.0 1573.5 1604.0
1543.0 1573.5 1604.0
1543.0 1573.5 1604.0
1543.0 1573.5 1604.0
1543.0 1573.5 1604.0
1543.0 1573.5 1604.0
1543.0 1573.5 1604.0
1543.0 1573.5 1604.0
1543.0 1573.5 1604.0
1543.0 1573.5 1604.0
1543.0 1573.5 1604.0
1543.0 1573.5 1604.0
1543.0 1573.5 1604.0
1543.0 1573.5 1604.0
1543.0 1573.5 1604.0
1543.0 1573.5 1604.0
1543.0 1573.5 1604.0
1543.0 1573.5 1604.0
1543.0 1573.5 1604.0
1543.0 1573.5 1604.0
1543.0 1573.5 1604.0
1543.0 1573.5 1604.0
1543.0 1573.5 1604.0
1543.0 1573.5 1604.0
1543.0 1573.5 1604.0
1543.0 1573.5 1604.0
1543.0 1573.5 1604.0
1543.0 1573.5 1604.0
1543.0 1573.5 1604.0
1543.0 1573.5 1604.0
1543.0 1573.5 1604.0
1543.0 1573.5 1604.0
1543.0 1573.5 1604.0
1543.0 1573.5 1604.0
1543.0 1573.5 1604.0
1543.0 1573.5 1604.0
1543.0 1573.5 1604.0
1543.0 1573.5 1604.0
1543.0 1573.5 1604.0
1543.0 1573.5 1604.0
1543.0 1573.5 1604.0
1543.0 1573.5 1604.0
1543.0 1573.5 1604.0
1543.0 1573.5 1604.0
1543.0 1573.5 1604.0
1543.0 1573.5 1604.0
1543.0 1573.5 1604.0
1543.0 1573.5 1604.0
1543.0 1573.5 1604.0
1543.0 1573.5 1604.0
1543.0 1573.5 1604.0
1543.0 1573.5 1604.0
1543.0 1573.5 1604.0
1543.0 1573.5 1604.0
1543.0 1573.5 1604.0
1543.0 1573.5 1604.0
1543.0 1573.5 1604.0
1543.0 1573.5 1604.0
1543.0 1573.5 1604.0
