11224.0 11566.5 11909.0
10388.0 10806.0 11224.0
5562.0 6202.5 6843.0
4603.0 4749.0 4895.0
3425.0 4095.0 4765.0
3039.0 3232.0 3425.0
2498.0 2674.5 2851.0
2380.0 2402.0 2424.0
1472.0 1678.0 1884.0
1472.0 1645.0 1818.0
609.0 1241.5 1874.0
609.0 1241.5 1874.0
609.0 916.0 1223.0
609.0 916.0 1223.0
609.0 916.0 1223.0
609.0 916.0 1223.0
609.0 916.0 1223.0
609.0 916.0 1223.0
609.0 916.0 1223.0
609.0 916.0 1223.0
609.0 916.0 1223.0
609.0 916.0 1223.0
609.0 916.0 1223.0
609.0 916.0 1223.0
609.0 916.0 1223.0
609.0 916.0 1223.0
609.0 916.0 1223.0
609.0 916.0 1223.0
609.0 916.0 1223.0
609.0 916.0 1223.0
609.0 916.0 1223.0
609.0 916.0 1223.0
609.0 916.0 1223.0
609.0 916.0 1223.0
609.0 916.0 1223.0
609.0 916.0 1223.0
609.0 916.0 1223.0
609.0 916.0 1223.0
609.0 916.0 1223.0
609.0 916.0 1223.0
609.0 916.0 1223.0
609.0 916.0 1223.0
609.0 916.0 1223.0
609.0 916.0 1223.0
609.0 916.0 1223.0
609.0 916.0 1223.0
609.0 916.0 1223.0
609.0 916.0 1223.0
609.0 916.0 1223.0
609.0 916.0 1223.0
609.0 916.0 1223.0
609.0 916.0 1223.0
609.0 916.0 1223.0
609.0 916.0 1223.0
609.0 916.0 1223.0
609.0 916.0 1223.0
609.0 916.0 1223.0
609.0 916.0 1223.0
609.0 916.0 1223.0
609.0 916.0 1223.0
609.0 916.0 1223.0
609.0 916.0 1223.0
609.0 916.0 1223.0
609.0 916.0 1223.0
609.0 916.0 1223.0
609.0 916.0 1223.0
609.0 916.0 1223.0
609.0 916.0 1223.0
609.0 916.0 1223.0
609.0 916.0 1223.0
609.0 916.0 1223.0
609.0 916.0 1223.0
609.0 916.0 1223.0
609.0 916.0 1223.0
609.0 916.0 1223.0
609.0 916.0 1223.0
609.0 916.0 1223.0
609.0 916.0 1223.0
609.0 916.0 1223.0
609.0 916.0 1223.0
609.0 916.0 1223.0
609.0 916.0 1223.0
609.0 916.0 1223.0
609.0 916.0 1223.0
609.0 916.0 1223.0
609.0 916.0 1223.0
609.0 916.0 1223.0
609.0 916.0 1223.0
609.0 916.0 1223.0
609.0 916.0 1223.0
609.0 916.0 1223.0
609.0 916.0 1223.0
609.0 916.0 1223.0
609.0 916.0 1223.0
609.0 916.0 1223.0
609.0 916.0 1223.0
609.0 916.0 1223.0
609.0 916.0 1223.0
609.0 916.0 1223.0
609.0 916.0 1223.0
609.0 916.0 1223.0
609.0 916.0 1223.0
609.0 916.0 1223.0
609.0 916.0 1223.0
609.0 916.0 1223.0
609.0 916.0 1223.0
609.0 916.0 1223.0
609.0 916.0 1223.0
609.0 916.0 1223.0
609.0 916.0 1223.0
609.0 916.0 1223.0
609.0 916.0 1223.0
609.0 916.0 1223.0
609.0 916.0 1223.0
609.0 916.0 1223.0
609.0 916.0 1223.0
609.0 916.0 1223.0
609.0 916.0 1223.0
609.0 916.0 1223.0
609.0 916.0 1223.0
609.0 916.0 1223.0
609.0 916.0 1223.0
609.0 916.0 1223.0
609.0 916.0 1223.0
609.0 916.0 1223.0
609.0 916.0 1223.0
609.0 916.0 1223.0
609.0 916.0 1223.0
609.0 916.0 1223.0
609.0 916.0 1223.0
609.0 916.0 1223.0
609.0 916.0 1223.0
609.0 916.0 1223.0
609.0 916.0 1223.0
609.0 916.0 1223.0
609.0 916.0 1223.0
609.0 916.0 1223.0
609.0 916.0 1223.0
609.0 916.0 1223.0
609.0 916.0 1223.0
609.0 916.0 1223.0
609.0 916.0 1223.0
609.0 916.0 1223.0
609.0 916.0 1223.0
609.0 916.0 1223.0
609.0 916.0 1223.0
609.0 916.0 1223.0
609.0 916.0 1223.0
609.0 916.0 1223.0
609.0 916.0 1223.0
609.0 916.0 1223.0
609.0 916.0 1223.0
609.0 916.0 1223.0
609.0 916.0 1223.0
609.0 916.0 1223.0
609.0 916.0 1223.0
609.0 916.0 1223.0
609.0 916.0 1223.0
609.0 916.0 1223.0
609.0 916.0 1223.0
609.0 916.0 1223.0
609.0 916.0 1223.0
609.0 916.0 1223.0
609.0 916.0 1223.0
609.0 916.0 1223.0
609.0 916.0 1223.0
609.0 916.0 1223.0
609.0 916.0 1223.0
609.0 916.0 1223.0
609.0 916.0 1223.0
609.0 916.0 1223.0
609.0 916.0 1223.0
609.0 916.0 1223.0
609.0 916.0 1223.0
609.0 916.0 1223.0
609.0 916.0 1223.0
609.0 916.0 1223.0
609.0 916.0 1223.0
609.0 916.0 1223.0
609.0 916.0 1223.0
609.0 916.0 1223.0
609.0 916.0 1223.0
609.0 916.0 1223.0
609.0 916.0 1223.0
609.0 916.0 1223.0
609.0 916.0 1223.0
609.0 833.5 1058.0
609.0 833.5 1058.0
609.0 833.5 1058.0
609.0 833.5 1058.0
609.0 833.5 1058.0
609.0 833.5 1058.0
609.0 833.5 1058.0
609.0 833.5 1058.0
609.0 833.5 1058.0
609.0 833.5 1058.0
609.0 833.5 1058.0
609.0 833.5 1058.0
609.0 833.5 1058.0
609.0 833.5 1058.0
