6811.0 9879.0 12947.0
7934.0 8430.5 8927.0
5777.0 6860.0 7943.0
3814.0 4128.5 4443.0
3906.0 4302.0 4698.0
3087.0 3233.5 3380.0
2358.0 2848.5 3339.0
1643.0 1914.0 2185.0
1643.0 1914.0 2185.0
1536.0 1860.5 2185.0
1643.0 1763.0 1883.0
964.0 1423.5 1883.0
1362.0 1622.5 1883.0
1274.0 1578.5 1883.0
950.0 1416.5 1883.0
950.0 1416.5 1883.0
899.0 1391.0 1883.0
899.0 1391.0 1883.0
899.0 1391.0 1883.0
899.0 1391.0 1883.0
899.0 1391.0 1883.0
899.0 1204.5 1510.0
899.0 1204.5 1510.0
899.0 1217.0 1535.0
899.0 1217.0 1535.0
899.0 1217.0 1535.0
899.0 1217.0 1535.0
899.0 1217.0 1535.0
899.0 1217.0 1535.0
899.0 1217.0 1535.0
899.0 1217.0 1535.0
899.0 1217.0 1535.0
899.0 1217.0 1535.0
899.0 1217.0 1535.0
899.0 1217.0 1535.0
899.0 1217.0 1535.0
899.0 1217.0 1535.0
899.0 1217.0 1535.0
899.0 1217.0 1535.0
899.0 1217.0 1535.0
899.0 1217.0 1535.0
899.0 1217.0 1535.0
899.0 1217.0 1535.0
899.0 1217.0 1535.0
899.0 1217.0 1535.0
899.0 1217.0 1535.0
899.0 1217.0 1535.0
899.0 1217.0 1535.0
899.0 1217.0 1535.0
899.0 1217.0 1535.0
899.0 1217.0 1535.0
899.0 1217.0 1535.0
899.0 1217.0 1535.0
899.0 1217.0 1535.0
899.0 1217.0 1535.0
899.0 1217.0 1535.0
899.0 1217.0 1535.0
899.0 1217.0 1535.0
899.0 1217.0 1535.0
899.0 1217.0 1535.0
899.0 1217.0 1535.0
899.0 1217.0 1535.0
899.0 1217.0 1535.0
899.0 1217.0 1535.0
899.0 1217.0 1535.0
899.0 1217.0 1535.0
899.0 1217.0 1535.0
899.0 1217.0 1535.0
899.0 1217.0 1535.0
899.0 1217.0 1535.0
899.0 1217.0 1535.0
899.0 1217.0 1535.0
899.0 1217.0 1535.0
899.0 1217.0 1535.0
899.0 1217.0 1535.0
899.0 1217.0 1535.0
899.0 1217.0 1535.0
899.0 1217.0 1535.0
899.0 1217.0 1535.0
899.0 1217.0 1535.0
899.0 1217.0 1535.0
899.0 1217.0 1535.0
899.0 1217.0 1535.0
899.0 1217.0 1535.0
899.0 1217.0 1535.0
899.0 1217.0 1535.0
899.0 1217.0 1535.0
899.0 1217.0 1535.0
899.0 1217.0 1535.0
899.0 1217.0 1535.0
899.0 1217.0 1535.0
899.0 1217.0 1535.0
899.0 1217.0 1535.0
899.0 1217.0 1535.0
899.0 1217.0 1535.0
899.0 1217.0 1535.0
899.0 1217.0 1535.0
899.0 1217.0 1535.0
899.0 1217.0 1535.0
899.0 1217.0 1535.0
899.0 1217.0 1535.0
899.0 1217.0 1535.0
899.0 1217.0 1535.0
899.0 1217.0 1535.0
899.0 1217.0 1535.0
899.0 1217.0 1535.0
899.0 1217.0 1535.0
899.0 1217.0 1535.0
899.0 1217.0 1535.0
899.0 1217.0 1535.0
899.0 1217.0 1535.0
899.0 1217.0 1535.0
899.0 1217.0 1535.0
899.0 1217.0 1535.0
899.0 1217.0 1535.0
899.0 1217.0 1535.0
899.0 1217.0 1535.0
899.0 910.0 921.0
899.0 910.0 921.0
899.0 910.0 921.0
868.0 883.5 899.0
868.0 883.5 899.0
868.0 883.5 899.0
868.0 883.5 899.0
868.0 883.5 899.0
868.0 883.5 899.0
868.0 883.5 899.0
868.0 883.5 899.0
868.0 883.5 899.0
868.0 883.5 899.0
868.0 883.5 899.0
868.0 883.5 899.0
868.0 883.5 899.0
868.0 883.5 899.0
868.0 883.5 899.0
868.0 883.5 899.0
868.0 883.5 899.0
868.0 883.5 899.0
868.0 883.5 899.0
868.0 883.5 899.0
868.0 883.5 899.0
868.0 883.5 899.0
868.0 883.5 899.0
868.0 883.5 899.0
868.0 883.5 899.0
868.0 883.5 899.0
868.0 883.5 899.0
868.0 883.5 899.0
868.0 883.5 899.0
868.0 883.5 899.0
868.0 883.5 899.0
868.0 883.5 899.0
868.0 883.5 899.0
868.0 883.5 899.0
868.0 883.5 899.0
868.0 883.5 899.0
868.0 883.5 899.0
868.0 883.5 899.0
868.0 883.5 899.0
868.0 883.5 899.0
868.0 883.5 899.0
868.0 883.5 899.0
868.0 883.5 899.0
868.0 883.5 899.0
868.0 883.5 899.0
868.0 883.5 899.0
868.0 883.5 899.0
868.0 883.5 899.0
868.0 883.5 899.0
868.0 883.5 899.0
868.0 883.5 899.0
868.0 883.5 899.0
868.0 883.5 899.0
868.0 883.5 899.0
868.0 883.5 899.0
868.0 883.5 899.0
868.0 883.5 899.0
868.0 883.5 899.0
868.0 883.5 899.0
868.0 883.5 899.0
868.0 883.5 899.0
868.0 883.5 899.0
868.0 883.5 899.0
868.0 883.5 899.0
868.0 883.5 899.0
868.0 883.5 899.0
868.0 883.5 899.0
868.0 883.5 899.0
868.0 883.5 899.0
868.0 883.5 899.0
868.0 883.5 899.0
868.0 883.5 899.0
868.0 883.5 899.0
868.0 883.5 899.0
868.0 883.5 899.0
868.0 883.5 899.0
868.0 883.5 899.0
868.0 883.5 899.0
868.0 883.5 899.0
868.0 883.5 899.0
