10859.0 11787.5 12716.0
9258.0 10500.0 11742.0
8321.0 8863.0 9405.0
5659.0 6306.0 6953.0
4007.0 4438.0 4869.0
3275.0 3676.0 4077.0
3109.0 3468.0 3827.0
2563.0 2610.5 2658.0
1996.0 2380.5 2765.0
1996.0 2071.5 2147.0
1813.0 1821.5 1830.0
1351.0 1590.5 1830.0
972.0 1001.0 1030.0
972.0 1001.0 1030.0
972.0 1001.0 1030.0
972.0 1001.0 1030.0
972.0 1001.0 1030.0
972.0 1001.0 1030.0
972.0 1001.0 1030.0
972.0 1001.0 1030.0
972.0 1001.0 1030.0
972.0 1001.0 1030.0
972.0 1001.0 1030.0
972.0 1001.0 1030.0
972.0 1001.0 1030.0
972.0 1001.0 1030.0
972.0 1001.0 1030.0
972.0 1001.0 1030.0
972.0 1001.0 1030.0
972.0 1001.0 1030.0
972.0 1001.0 1030.0
972.0 1001.0 1030.0
972.0 1001.0 1030.0
972.0 1001.0 1030.0
972.0 1001.0 1030.0
972.0 1001.0 1030.0
972.0 1001.0 1030.0
972.0 1001.0 1030.0
972.0 1001.0 1030.0
972.0 1001.0 1030.0
972.0 1001.0 1030.0
972.0 1001.0 1030.0
972.0 1001.0 1030.0
972.0 1001.0 1030.0
972.0 1001.0 1030.0
972.0 1001.0 1030.0
972.0 1001.0 1030.0
972.0 1001.0 1030.0
972.0 1001.0 1030.0
972.0 1001.0 1030.0
972.0 1001.0 1030.0
972.0 1001.0 1030.0
972.0 1001.0 1030.0
972.0 1001.0 1030.0
972.0 1001.0 1030.0
972.0 1001.0 1030.0
972.0 1001.0 1030.0
972.0 1001.0 1030.0
972.0 1001.0 1030.0
972.0 1001.0 1030.0
972.0 1001.0 1030.0
972.0 1001.0 1030.0
972.0 1001.0 1030.0
972.0 1001.0 1030.0
972.0 1001.0 1030.0
972.0 1001.0 1030.0
972.0 1001.0 1030.0
972.0 1001.0 1030.0
972.0 1001.0 1030.0
972.0 1001.0 1030.0
972.0 1001.0 1030.0
972.0 1001.0 1030.0
972.0 1001.0 1030.0
972.0 1001.0 1030.0
972.0 1001.0 1030.0
972.0 1001.0 1030.0
972.0 1001.0 1030.0
972.0 1001.0 1030.0
972.0 1001.0 1030.0
972.0 1001.0 1030.0
972.0 1001.0 1030.0
972.0 1001.0 1030.0
972.0 1001.0 1030.0
972.0 1001.0 1030.0
972.0 1001.0 1030.0
972.0 1001.0 1030.0
972.0 1001.0 1030.0
972.0 1001.0 1030.0
972.0 1001.0 1030.0
972.0 1001.0 1030.0
972.0 1001.0 1030.0
972.0 1001.0 1030.0
972.0 1001.0 1030.0
972.0 1001.0 1030.0
972.0 1001.0 1030.0
972.0 1001.0 1030.0
972.0 1001.0 1030.0
972.0 1001.0 1030.0
972.0 1001.0 1030.0
972.0 1001.0 1030.0
972.0 1001.0 1030.0
972.0 1001.0 1030.0
972.0 1001.0 1030.0
972.0 1001.0 1030.0
972.0 1001.0 1030.0
972.0 1001.0 1030.0
972.0 1001.0 1030.0
972.0 1001.0 1030.0
972.0 1001.0 1030.0
972.0 1001.0 1030.0
972.0 1001.0 1030.0
972.0 1001.0 1030.0
972.0 1001.0 1030.0
972.0 1001.0 1030.0
972.0 1001.0 1030.0
972.0 1001.0 1030.0
972.0 1001.0 1030.0
972.0 1001.0 1030.0
972.0 1001.0 1030.0
972.0 1001.0 1030.0
972.0 1001.0 1030.0
972.0 1001.0 1030.0
972.0 1001.0 1030.0
972.0 1001.0 1030.0
972.0 1001.0 1030.0
972.0 1001.0 1030.0
972.0 1001.0 1030.0
972.0 1001.0 1030.0
972.0 1001.0 1030.0
972.0 1001.0 1030.0
972.0 1001.0 1030.0
972.0 1001.0 1030.0
972.0 1001.0 1030.0
972.0 1001.0 1030.0
972.0 1001.0 1030.0
972.0 1001.0 1030.0
972.0 1001.0 1030.0
972.0 1001.0 1030.0
972.0 1001.0 1030.0
972.0 1001.0 1030.0
972.0 1001.0 1030.0
972.0 1001.0 1030.0
972.0 1001.0 1030.0
972.0 1001.0 1030.0
972.0 1001.0 1030.0
972.0 1001.0 1030.0
972.0 1001.0 1030.0
972.0 1001.0 1030.0
972.0 1001.0 1030.0
972.0 1001.0 1030.0
972.0 1001.0 1030.0
972.0 1001.0 1030.0
972.0 1001.0 1030.0
972.0 1001.0 1030.0
972.0 1001.0 1030.0
972.0 1001.0 1030.0
972.0 1001.0 1030.0
972.0 1001.0 1030.0
972.0 1001.0 1030.0
972.0 1001.0 1030.0
972.0 1001.0 1030.0
972.0 1001.0 1030.0
972.0 1001.0 1030.0
972.0 1001.0 1030.0
972.0 1001.0 1030.0
972.0 1001.0 1030.0
972.0 1001.0 1030.0
972.0 1001.0 1030.0
972.0 1001.0 1030.0
972.0 1001.0 1030.0
972.0 1001.0 1030.0
972.0 1001.0 1030.0
972.0 1001.0 1030.0
972.0 1001.0 1030.0
972.0 1001.0 1030.0
972.0 1001.0 1030.0
972.0 1001.0 1030.0
972.0 1001.0 1030.0
972.0 1001.0 1030.0
972.0 1001.0 1030.0
972.0 1001.0 1030.0
972.0 1001.0 1030.0
972.0 1001.0 1030.0
972.0 1001.0 1030.0
972.0 1001.0 1030.0
972.0 1001.0 1030.0
972.0 1001.0 1030.0
972.0 1001.0 1030.0
972.0 1001.0 1030.0
972.0 1001.0 1030.0
972.0 1001.0 1030.0
972.0 1001.0 1030.0
972.0 1001.0 1030.0
972.0 1001.0 1030.0
972.0 1001.0 1030.0
972.0 1001.0 1030.0
972.0 1001.0 1030.0
972.0 1001.0 1030.0
972.0 1001.0 1030.0
972.0 1001.0 1030.0
