10069.0 10984.0 11899.0
9396.0 9732.5 10069.0
7356.0 7686.5 8017.0
5740.0 6373.0 7006.0
3907.0 4001.0 4095.0
3774.0 3836.5 3899.0
2615.0 2704.0 2793.0
1613.0 1858.5 2104.0
1342.0 1577.5 1813.0
1342.0 1577.5 1813.0
1342.0 1577.5 1813.0
1342.0 1577.5 1813.0
1342.0 1577.5 1813.0
1342.0 1577.5 1813.0
1342.0 1472.5 1603.0
1151.0 1246.5 1342.0
1151.0 1246.5 1342.0
1151.0 1246.5 1342.0
929.0 1135.5 1342.0
929.0 1135.5 1342.0
903.0 1122.5 1342.0
903.0 1122.5 1342.0
903.0 1122.5 1342.0
903.0 1122.5 1342.0
903.0 1122.5 1342.0
903.0 1122.5 1342.0
903.0 1122.5 1342.0
903.0 1122.5 1342.0
903.0 1122.5 1342.0
903.0 1122.5 1342.0
903.0 1122.5 1342.0
903.0 1122.5 1342.0
903.0 1122.5 1342.0
903.0 1122.5 1342.0
903.0 1122.5 1342.0
903.0 1122.5 1342.0
903.0 1122.5 1342.0
903.0 1122.5 1342.0
903.0 1122.5 1342.0
903.0 1122.5 1342.0
903.0 1122.5 1342.0
903.0 1122.5 1342.0
903.0 1122.5 1342.0
903.0 1122.5 1342.0
903.0 1122.5 1342.0
903.0 1122.5 1342.0
903.0 1122.5 1342.0
903.0 1122.5 1342.0
903.0 1122.5 1342.0
903.0 1122.5 1342.0
903.0 1122.5 1342.0
903.0 1122.5 1342.0
903.0 1122.5 1342.0
903.0 1122.5 1342.0
794.0 848.5 903.0
794.0 848.5 903.0
794.0 848.5 903.0
794.0 848.5 903.0
760.0 831.5 903.0
760.0 831.5 903.0
760.0 831.5 903.0
760.0 831.5 903.0
760.0 831.5 903.0
760.0 831.5 903.0
760.0 831.5 903.0
760.0 831.5 903.0
760.0 831.5 903.0
760.0 831.5 903.0
760.0 831.5 903.0
760.0 831.5 903.0
760.0 831.5 903.0
760.0 831.5 903.0
760.0 831.5 903.0
760.0 831.5 903.0
760.0 831.5 903.0
760.0 831.5 903.0
760.0 831.5 903.0
760.0 831.5 903.0
760.0 831.5 903.0
760.0 831.5 903.0
760.0 831.5 903.0
760.0 831.5 903.0
760.0 831.5 903.0
760.0 831.5 903.0
760.0 831.5 903.0
760.0 831.5 903.0
760.0 831.5 903.0
760.0 831.5 903.0
760.0 831.5 903.0
760.0 831.5 903.0
760.0 831.5 903.0
760.0 831.5 903.0
760.0 831.5 903.0
760.0 831.5 903.0
760.0 831.5 903.0
760.0 831.5 903.0
760.0 831.5 903.0
760.0 831.5 903.0
760.0 831.5 903.0
760.0 831.5 903.0
760.0 831.5 903.0
760.0 831.5 903.0
760.0 831.5 903.0
760.0 831.5 903.0
760.0 831.5 903.0
760.0 831.5 903.0
760.0 831.5 903.0
760.0 831.5 903.0
760.0 831.5 903.0
760.0 831.5 903.0
760.0 831.5 903.0
760.0 831.5 903.0
760.0 831.5 903.0
760.0 831.5 903.0
760.0 831.5 903.0
760.0 831.5 903.0
760.0 831.5 903.0
760.0 831.5 903.0
760.0 831.5 903.0
760.0 831.5 903.0
760.0 831.5 903.0
760.0 831.5 903.0
760.0 831.5 903.0
760.0 831.5 903.0
760.0 831.5 903.0
760.0 831.5 903.0
760.0 831.5 903.0
760.0 831.5 903.0
760.0 831.5 903.0
760.0 831.5 903.0
760.0 831.5 903.0
760.0 831.5 903.0
760.0 831.5 903.0
760.0 831.5 903.0
760.0 831.5 903.0
760.0 831.5 903.0
760.0 831.5 903.0
760.0 831.5 903.0
760.0 831.5 903.0
760.0 831.5 903.0
760.0 831.5 903.0
760.0 831.5 903.0
760.0 831.5 903.0
760.0 831.5 903.0
760.0 831.5 903.0
760.0 831.5 903.0
760.0 831.5 903.0
760.0 831.5 903.0
760.0 831.5 903.0
760.0 831.5 903.0
760.0 831.5 903.0
760.0 831.5 903.0
760.0 831.5 903.0
760.0 831.5 903.0
760.0 831.5 903.0
760.0 831.5 903.0
760.0 831.5 903.0
760.0 831.5 903.0
760.0 831.5 903.0
760.0 831.5 903.0
760.0 831.5 903.0
760.0 831.5 903.0
760.0 831.5 903.0
760.0 831.5 903.0
760.0 831.5 903.0
760.0 831.5 903.0
760.0 831.5 903.0
760.0 831.5 903.0
760.0 831.5 903.0
760.0 831.5 903.0
760.0 831.5 903.0
760.0 831.5 903.0
760.0 831.5 903.0
760.0 831.5 903.0
760.0 831.5 903.0
760.0 831.5 903.0
760.0 831.5 903.0
760.0 831.5 903.0
760.0 831.5 903.0
760.0 831.5 903.0
760.0 831.5 903.0
760.0 831.5 903.0
760.0 831.5 903.0
760.0 831.5 903.0
760.0 831.5 903.0
760.0 831.5 903.0
760.0 831.5 903.0
760.0 831.5 903.0
760.0 831.5 903.0
760.0 831.5 903.0
760.0 831.5 903.0
760.0 831.5 903.0
760.0 831.5 903.0
760.0 831.5 903.0
760.0 831.5 903.0
760.0 831.5 903.0
760.0 831.5 903.0
760.0 831.5 903.0
760.0 831.5 903.0
760.0 831.5 903.0
