10182.0 11724.0 13266.0
9874.0 11402.5 12931.0
7685.0 7907.5 8130.0
4828.0 6270.0 7712.0
6174.0 6405.0 6636.0
3310.0 3944.5 4579.0
3283.0 3296.5 3310.0
2430.0 2910.5 3391.0
1577.0 2251.5 2926.0
1742.0 2202.0 2662.0
1532.0 2097.0 2662.0
1386.0 1611.5 1837.0
1188.0 1512.5 1837.0
1188.0 1512.5 1837.0
1188.0 1512.5 1837.0
1188.0 1512.5 1837.0
1188.0 1320.5 1453.0
1188.0 1320.5 1453.0
1188.0 1320.5 1453.0
1188.0 1320.5 1453.0
1188.0 1320.5 1453.0
1188.0 1320.5 1453.0
1188.0 1320.5 1453.0
1188.0 1320.5 1453.0
1188.0 1320.5 1453.0
1188.0 1320.5 1453.0
1188.0 1320.5 1453.0
1188.0 1320.5 1453.0
1188.0 1320.5 1453.0
1188.0 1320.5 1453.0
1188.0 1320.5 1453.0
1188.0 1320.5 1453.0
1188.0 1320.5 1453.0
1188.0 1320.5 1453.0
1188.0 1320.5 1453.0
1188.0 1320.5 1453.0
1188.0 1320.5 1453.0
1188.0 1320.5 1453.0
1188.0 1320.5 1453.0
1188.0 1320.5 1453.0
1188.0 1320.5 1453.0
1188.0 1320.5 1453.0
1188.0 1320.5 1453.0
1188.0 1320.5 1453.0
1188.0 1320.5 1453.0
1188.0 1320.5 1453.0
1188.0 1320.5 1453.0
1188.0 1320.5 1453.0
1188.0 1320.5 1453.0
1188.0 1320.5 1453.0
1188.0 1320.5 1453.0
1188.0 1320.5 1453.0
1188.0 1320.5 1453.0
1188.0 1320.5 1453.0
1188.0 1320.5 1453.0
1188.0 1320.5 1453.0
1188.0 1320.5 1453.0
1188.0 1320.5 1453.0
1151.0 1169.5 1188.0
1151.0 1169.5 1188.0
1151.0 1169.5 1188.0
1034.0 1111.0 1188.0
1034.0 1111.0 1188.0
929.0 1058.5 1188.0
929.0 1058.5 1188.0
929.0 1058.5 1188.0
929.0 1058.5 1188.0
929.0 1058.5 1188.0
929.0 1058.5 1188.0
929.0 1058.5 1188.0
929.0 1058.5 1188.0
929.0 1058.5 1188.0
929.0 1058.5 1188.0
929.0 1058.5 1188.0
929.0 1058.5 1188.0
929.0 1058.5 1188.0
929.0 1058.5 1188.0
929.0 1058.5 1188.0
929.0 1058.5 1188.0
929.0 1058.5 1188.0
929.0 1058.5 1188.0
929.0 1058.5 1188.0
929.0 1058.5 1188.0
929.0 1058.5 1188.0
929.0 1058.5 1188.0
929.0 1058.5 1188.0
929.0 1058.5 1188.0
929.0 1058.5 1188.0
929.0 1058.5 1188.0
929.0 1058.5 1188.0
929.0 1058.5 1188.0
929.0 1058.5 1188.0
929.0 1058.5 1188.0
929.0 1044.0 1159.0
929.0 1044.0 1159.0
929.0 1044.0 1159.0
929.0 1044.0 1159.0
929.0 1044.0 1159.0
929.0 1044.0 1159.0
929.0 1044.0 1159.0
929.0 1044.0 1159.0
929.0 1044.0 1159.0
929.0 1044.0 1159.0
929.0 1044.0 1159.0
929.0 1044.0 1159.0
929.0 1044.0 1159.0
929.0 1044.0 1159.0
929.0 1044.0 1159.0
929.0 1044.0 1159.0
929.0 1044.0 1159.0
929.0 1044.0 1159.0
929.0 1044.0 1159.0
929.0 1044.0 1159.0
929.0 1044.0 1159.0
929.0 1044.0 1159.0
929.0 1044.0 1159.0
929.0 1044.0 1159.0
929.0 1044.0 1159.0
929.0 1044.0 1159.0
929.0 1044.0 1159.0
929.0 1044.0 1159.0
929.0 1044.0 1159.0
929.0 1044.0 1159.0
929.0 1044.0 1159.0
929.0 1044.0 1159.0
929.0 1044.0 1159.0
929.0 1044.0 1159.0
929.0 1044.0 1159.0
929.0 1044.0 1159.0
929.0 1044.0 1159.0
929.0 1044.0 1159.0
929.0 1044.0 1159.0
929.0 1044.0 1159.0
929.0 1044.0 1159.0
929.0 1044.0 1159.0
929.0 1044.0 1159.0
929.0 1044.0 1159.0
929.0 1044.0 1159.0
929.0 1044.0 1159.0
929.0 1044.0 1159.0
929.0 1044.0 1159.0
929.0 1044.0 1159.0
929.0 1044.0 1159.0
929.0 1044.0 1159.0
929.0 1044.0 1159.0
929.0 1044.0 1159.0
929.0 1044.0 1159.0
929.0 1044.0 1159.0
929.0 1044.0 1159.0
929.0 1044.0 1159.0
929.0 1044.0 1159.0
929.0 1044.0 1159.0
929.0 1044.0 1159.0
929.0 1044.0 1159.0
929.0 1044.0 1159.0
929.0 1044.0 1159.0
929.0 1044.0 1159.0
929.0 1044.0 1159.0
929.0 1044.0 1159.0
929.0 1044.0 1159.0
929.0 1044.0 1159.0
929.0 1044.0 1159.0
929.0 1044.0 1159.0
929.0 1044.0 1159.0
929.0 1044.0 1159.0
929.0 1044.0 1159.0
929.0 1044.0 1159.0
929.0 1044.0 1159.0
929.0 1044.0 1159.0
929.0 1044.0 1159.0
929.0 1044.0 1159.0
929.0 1044.0 1159.0
929.0 1044.0 1159.0
929.0 1044.0 1159.0
929.0 1044.0 1159.0
929.0 1044.0 1159.0
929.0 1044.0 1159.0
929.0 1044.0 1159.0
929.0 1044.0 1159.0
929.0 1044.0 1159.0
929.0 1044.0 1159.0
929.0 1044.0 1159.0
929.0 1044.0 1159.0
929.0 1044.0 1159.0
929.0 1044.0 1159.0
929.0 1044.0 1159.0
929.0 1044.0 1159.0
929.0 1044.0 1159.0
929.0 1044.0 1159.0
929.0 1044.0 1159.0
929.0 1044.0 1159.0
929.0 1044.0 1159.0
929.0 1044.0 1159.0
929.0 1044.0 1159.0
929.0 1044.0 1159.0
929.0 1044.0 1159.0
929.0 1044.0 1159.0
929.0 1044.0 1159.0
929.0 1044.0 1159.0
929.0 1044.0 1159.0
