15620.0 16292.0 16964.0
11764.0 13036.5 14309.0
8964.0 11134.0 13304.0
8526.0 9722.5 10919.0
6202.0 7130.5 8059.0
3095.0 4370.0 5645.0
3095.0 4081.0 5067.0
3095.0 3698.5 4302.0
3095.0 3698.5 4302.0
3095.0 3637.5 4180.0
3095.0 3354.5 3614.0
2645.0 2867.0 3089.0
2419.0 2466.5 2514.0
2419.0 2466.5 2514.0
2419.0 2466.5 2514.0
2419.0 2466.5 2514.0
2419.0 2466.5 2514.0
2419.0 2466.5 2514.0
2419.0 2466.5 2514.0
2058.0 2286.0 2514.0
1743.0 2128.5 2514.0
1743.0 2128.5 2514.0
1743.0 2128.5 2514.0
1743.0 2128.5 2514.0
1743.0 2128.5 2514.0
1743.0 2128.5 2514.0
1743.0 2128.5 2514.0
1743.0 2128.5 2514.0
1743.0 2128.5 2514.0
1743.0 2128.5 2514.0
1743.0 2128.5 2514.0
1743.0 2128.5 2514.0
1743.0 2067.0 2391.0
1743.0 2067.0 2391.0
1743.0 2067.0 2391.0
1743.0 2067.0 2391.0
1743.0 2067.0 2391.0
1743.0 2067.0 2391.0
1743.0 2067.0 2391.0
1743.0 2067.0 2391.0
1743.0 2067.0 2391.0
1743.0 2067.0 2391.0
1743.0 2067.0 2391.0
1743.0 2067.0 2391.0
1743.0 2067.0 2391.0
1743.0 2067.0 2391.0
1743.0 2067.0 2391.0
1743.0 2067.0 2391.0
1743.0 2067.0 2391.0
1743.0 2067.0 2391.0
1743.0 2067.0 2391.0
1743.0 2067.0 2391.0
1743.0 2067.0 2391.0
1743.0 1766.5 1790.0
1743.0 1766.5 1790.0
1743.0 1766.5 1790.0
1743.0 1766.5 1790.0
1743.0 1766.5 1790.0
1743.0 1766.5 1790.0
1743.0 1766.5 1790.0
1743.0 1766.5 1790.0
1743.0 1766.5 1790.0
1743.0 1766.5 1790.0
1743.0 1766.5 1790.0
1743.0 1766.5 1790.0
1743.0 1766.5 1790.0
1743.0 1766.5 1790.0
1743.0 1766.5 1790.0
1743.0 1766.5 1790.0
1743.0 1766.5 1790.0
1743.0 1766.5 1790.0
1743.0 1766.5 1790.0
1743.0 1766.5 1790.0
1743.0 1766.5 1790.0
1743.0 1766.5 1790.0
1743.0 1766.5 1790.0
1743.0 1766.5 1790.0
1743.0 1766.5 1790.0
1743.0 1766.5 1790.0
1743.0 1766.5 1790.0
1743.0 1766.5 1790.0
1743.0 1766.5 1790.0
1743.0 1766.5 1790.0
1743.0 1766.5 1790.0
1743.0 1766.5 1790.0
1743.0 1766.5 1790.0
1743.0 1766.5 1790.0
1743.0 1766.5 1790.0
1743.0 1766.5 1790.0
1743.0 1766.5 1790.0
1743.0 1766.5 1790.0
1743.0 1766.5 1790.0
1743.0 1766.5 1790.0
1743.0 1766.5 1790.0
1743.0 1766.5 1790.0
1743.0 1766.5 1790.0
1743.0 1766.5 1790.0
1743.0 1766.5 1790.0
1743.0 1766.5 1790.0
1743.0 1766.5 1790.0
1743.0 1766.5 1790.0
1743.0 1766.5 1790.0
1743.0 1766.5 1790.0
1743.0 1766.5 1790.0
1743.0 1766.5 1790.0
1743.0 1766.5 1790.0
1743.0 1766.5 1790.0
1743.0 1766.5 1790.0
1655.0 1722.5 1790.0
1655.0 1722.5 1790.0
1655.0 1722.5 1790.0
1655.0 1722.5 1790.0
1655.0 1722.5 1790.0
1655.0 1722.5 1790.0
1655.0 1722.5 1790.0
1655.0 1722.5 1790.0
1655.0 1722.5 1790.0
1655.0 1722.5 1790.0
1655.0 1722.5 1790.0
1655.0 1722.5 1790.0
1655.0 1722.5 1790.0
1655.0 1722.5 1790.0
1655.0 1722.5 1790.0
1655.0 1722.5 1790.0
1655.0 1722.5 1790.0
1655.0 1722.5 1790.0
1655.0 1722.5 1790.0
1655.0 1722.5 1790.0
1655.0 1722.5 1790.0
1655.0 1722.5 1790.0
1655.0 1722.5 1790.0
1655.0 1722.5 1790.0
1655.0 1722.5 1790.0
1655.0 1722.5 1790.0
1655.0 1722.5 1790.0
1655.0 1722.5 1790.0
1655.0 1722.5 1790.0
1655.0 1722.5 1790.0
1655.0 1722.5 1790.0
1655.0 1722.5 1790.0
1655.0 1722.5 1790.0
1655.0 1722.5 1790.0
1655.0 1722.5 1790.0
1655.0 1722.5 1790.0
1655.0 1722.5 1790.0
1655.0 1722.5 1790.0
1655.0 1722.5 1790.0
1655.0 1722.5 1790.0
1655.0 1722.5 1790.0
1655.0 1722.5 1790.0
1655.0 1722.5 1790.0
1655.0 1722.5 1790.0
1655.0 1722.5 1790.0
1655.0 1722.5 1790.0
1655.0 1722.5 1790.0
1655.0 1722.5 1790.0
1655.0 1722.5 1790.0
1655.0 1722.5 1790.0
1655.0 1722.5 1790.0
1655.0 1655.0 1655.0
1655.0 1655.0 1655.0
1655.0 1655.0 1655.0
1655.0 1655.0 1655.0
1655.0 1655.0 1655.0
1655.0 1655.0 1655.0
1655.0 1655.0 1655.0
1655.0 1655.0 1655.0
1655.0 1655.0 1655.0
1655.0 1655.0 1655.0
1655.0 1655.0 1655.0
1655.0 1655.0 1655.0
1655.0 1655.0 1655.0
1655.0 1655.0 1655.0
1655.0 1655.0 1655.0
1655.0 1655.0 1655.0
1655.0 1655.0 1655.0
1655.0 1655.0 1655.0
1655.0 1655.0 1655.0
1655.0 1655.0 1655.0
1655.0 1655.0 1655.0
1655.0 1655.0 1655.0
1655.0 1655.0 1655.0
1655.0 1655.0 1655.0
1655.0 1655.0 1655.0
1655.0 1655.0 1655.0
1655.0 1655.0 1655.0
1655.0 1655.0 1655.0
1655.0 1655.0 1655.0
1655.0 1655.0 1655.0
1655.0 1655.0 1655.0
1655.0 1655.0 1655.0
1655.0 1655.0 1655.0
1655.0 1655.0 1655.0
1655.0 1655.0 1655.0
1655.0 1655.0 1655.0
1655.0 1655.0 1655.0
1655.0 1655.0 1655.0
1655.0 1655.0 1655.0
1655.0 1655.0 1655.0
1655.0 1655.0 1655.0
