14640.0 15334.5 16029.0
11457.0 11552.0 11647.0
8112.0 9981.5 11851.0
6896.0 7991.0 9086.0
5404.0 6636.5 7869.0
4840.0 5570.0 6300.0
3479.0 4747.5 6016.0
3479.0 4040.5 4602.0
3479.0 4133.0 4787.0
3032.0 3909.5 4787.0
3032.0 3878.5 4725.0
1932.0 2993.0 4054.0
1932.0 2993.0 4054.0
2272.0 3163.0 4054.0
2272.0 3038.5 3805.0
2272.0 2860.5 3449.0
2272.0 2330.5 2389.0
2272.0 2330.5 2389.0
2246.0 2259.0 2272.0
2246.0 2259.0 2272.0
2246.0 2259.0 2272.0
2246.0 2259.0 2272.0
2246.0 2259.0 2272.0
2246.0 2259.0 2272.0
2246.0 2259.0 2272.0
2246.0 2259.0 2272.0
2246.0 2259.0 2272.0
2246.0 2259.0 2272.0
2246.0 2259.0 2272.0
2246.0 2259.0 2272.0
2246.0 2259.0 2272.0
2246.0 2259.0 2272.0
2246.0 2259.0 2272.0
2246.0 2259.0 2272.0
2246.0 2259.0 2272.0
2246.0 2259.0 2272.0
2246.0 2259.0 2272.0
2246.0 2259.0 2272.0
2246.0 2259.0 2272.0
2246.0 2259.0 2272.0
2246.0 2259.0 2272.0
2246.0 2259.0 2272.0
2246.0 2259.0 2272.0
2246.0 2259.0 2272.0
2246.0 2259.0 2272.0
2246.0 2259.0 2272.0
2246.0 2259.0 2272.0
2246.0 2259.0 2272.0
2246.0 2259.0 2272.0
2246.0 2259.0 2272.0
2246.0 2259.0 2272.0
1460.0 1853.0 2246.0
1460.0 1853.0 2246.0
1460.0 1853.0 2246.0
1460.0 1853.0 2246.0
1460.0 1853.0 2246.0
1460.0 1853.0 2246.0
1460.0 1853.0 2246.0
1460.0 1853.0 2246.0
1460.0 1853.0 2246.0
1460.0 1853.0 2246.0
1460.0 1853.0 2246.0
1460.0 1853.0 2246.0
1460.0 1853.0 2246.0
1460.0 1853.0 2246.0
1460.0 1853.0 2246.0
1460.0 1853.0 2246.0
1460.0 1853.0 2246.0
1460.0 1853.0 2246.0
1460.0 1853.0 2246.0
1460.0 1853.0 2246.0
1434.0 1840.0 2246.0
1444.0 1845.0 2246.0
1444.0 1845.0 2246.0
1444.0 1845.0 2246.0
1444.0 1845.0 2246.0
1444.0 1845.0 2246.0
1444.0 1845.0 2246.0
1444.0 1845.0 2246.0
1444.0 1845.0 2246.0
1444.0 1845.0 2246.0
1444.0 1845.0 2246.0
1444.0 1845.0 2246.0
1444.0 1845.0 2246.0
1444.0 1845.0 2246.0
1444.0 1845.0 2246.0
1444.0 1845.0 2246.0
1444.0 1845.0 2246.0
1444.0 1845.0 2246.0
1444.0 1845.0 2246.0
1444.0 1845.0 2246.0
1444.0 1845.0 2246.0
1444.0 1845.0 2246.0
1444.0 1845.0 2246.0
1444.0 1845.0 2246.0
1444.0 1845.0 2246.0
1444.0 1845.0 2246.0
1444.0 1845.0 2246.0
1444.0 1845.0 2246.0
1444.0 1845.0 2246.0
1444.0 1845.0 2246.0
1444.0 1845.0 2246.0
1444.0 1845.0 2246.0
1444.0 1845.0 2246.0
1444.0 1845.0 2246.0
1444.0 1845.0 2246.0
1444.0 1845.0 2246.0
1444.0 1845.0 2246.0
1444.0 1845.0 2246.0
1444.0 1845.0 2246.0
1444.0 1845.0 2246.0
1444.0 1845.0 2246.0
1444.0 1845.0 2246.0
1444.0 1845.0 2246.0
1444.0 1845.0 2246.0
1444.0 1845.0 2246.0
1444.0 1845.0 2246.0
1444.0 1845.0 2246.0
1444.0 1845.0 2246.0
1444.0 1845.0 2246.0
1444.0 1845.0 2246.0
1444.0 1845.0 2246.0
1444.0 1845.0 2246.0
1444.0 1845.0 2246.0
1444.0 1845.0 2246.0
1444.0 1845.0 2246.0
1444.0 1845.0 2246.0
1444.0 1845.0 2246.0
1444.0 1845.0 2246.0
1444.0 1845.0 2246.0
1444.0 1845.0 2246.0
1444.0 1845.0 2246.0
1444.0 1845.0 2246.0
1444.0 1845.0 2246.0
1444.0 1845.0 2246.0
1444.0 1845.0 2246.0
1444.0 1845.0 2246.0
1444.0 1845.0 2246.0
1444.0 1845.0 2246.0
1444.0 1845.0 2246.0
1444.0 1845.0 2246.0
1444.0 1845.0 2246.0
1444.0 1845.0 2246.0
1444.0 1845.0 2246.0
1444.0 1845.0 2246.0
1444.0 1845.0 2246.0
1444.0 1845.0 2246.0
1444.0 1845.0 2246.0
1444.0 1845.0 2246.0
1444.0 1845.0 2246.0
1444.0 1845.0 2246.0
1444.0 1845.0 2246.0
1444.0 1845.0 2246.0
1444.0 1845.0 2246.0
1444.0 1845.0 2246.0
1444.0 1845.0 2246.0
1444.0 1845.0 2246.0
1444.0 1845.0 2246.0
1444.0 1845.0 2246.0
1444.0 1845.0 2246.0
1444.0 1845.0 2246.0
1444.0 1845.0 2246.0
1444.0 1845.0 2246.0
1444.0 1845.0 2246.0
1444.0 1845.0 2246.0
1444.0 1845.0 2246.0
1444.0 1845.0 2246.0
1444.0 1845.0 2246.0
1444.0 1845.0 2246.0
1444.0 1845.0 2246.0
1444.0 1845.0 2246.0
1444.0 1845.0 2246.0
1444.0 1845.0 2246.0
1444.0 1845.0 2246.0
1444.0 1845.0 2246.0
1444.0 1845.0 2246.0
1444.0 1845.0 2246.0
1444.0 1845.0 2246.0
1444.0 1845.0 2246.0
1444.0 1845.0 2246.0
1444.0 1845.0 2246.0
1444.0 1845.0 2246.0
1444.0 1845.0 2246.0
1444.0 1845.0 2246.0
1444.0 1845.0 2246.0
1444.0 1845.0 2246.0
1444.0 1845.0 2246.0
1444.0 1845.0 2246.0
1444.0 1845.0 2246.0
1444.0 1845.0 2246.0
1444.0 1845.0 2246.0
1444.0 1845.0 2246.0
1444.0 1845.0 2246.0
1444.0 1845.0 2246.0
1444.0 1845.0 2246.0
1444.0 1845.0 2246.0
1444.0 1845.0 2246.0
1444.0 1845.0 2246.0
1444.0 1845.0 2246.0
1444.0 1845.0 2246.0
