10109.0 10867.0 11625.0
9769.0 10544.5 11320.0
6951.0 8588.0 10225.0
5063.0 5875.5 6688.0
3004.0 3903.0 4802.0
2436.0 2542.0 2648.0
2436.0 2542.0 2648.0
2018.0 2360.5 2703.0
1978.0 1998.0 2018.0
1385.0 1681.5 1978.0
1385.0 1662.0 1939.0
1385.0 1503.0 1621.0
1385.0 1405.5 1426.0
1385.0 1405.5 1426.0
1112.0 1248.5 1385.0
1112.0 1248.5 1385.0
1112.0 1248.5 1385.0
1112.0 1248.5 1385.0
1112.0 1248.5 1385.0
1112.0 1248.5 1385.0
1112.0 1248.5 1385.0
1112.0 1248.5 1385.0
1112.0 1248.5 1385.0
1112.0 1248.5 1385.0
1112.0 1248.5 1385.0
1112.0 1248.5 1385.0
1112.0 1248.5 1385.0
1112.0 1248.5 1385.0
1112.0 1248.5 1385.0
1112.0 1248.5 1385.0
1112.0 1248.5 1385.0
1112.0 1248.5 1385.0
1112.0 1248.5 1385.0
1112.0 1248.5 1385.0
1112.0 1248.5 1385.0
1112.0 1248.5 1385.0
1112.0 1248.5 1385.0
1112.0 1248.5 1385.0
1112.0 1248.5 1385.0
1112.0 1248.5 1385.0
1112.0 1248.5 1385.0
1112.0 1248.5 1385.0
1112.0 1248.5 1385.0
1112.0 1248.5 1385.0
1112.0 1248.5 1385.0
1112.0 1248.5 1385.0
1112.0 1248.5 1385.0
1112.0 1248.5 1385.0
1112.0 1248.5 1385.0
1112.0 1248.5 1385.0
1112.0 1248.5 1385.0
1112.0 1248.5 1385.0
1112.0 1248.5 1385.0
1112.0 1248.5 1385.0
1112.0 1248.5 1385.0
1112.0 1248.5 1385.0
1112.0 1248.5 1385.0
1112.0 1248.5 1385.0
1112.0 1248.5 1385.0
1112.0 1248.5 1385.0
1112.0 1248.5 1385.0
1112.0 1248.5 1385.0
1112.0 1248.5 1385.0
1112.0 1248.5 1385.0
1112.0 1248.5 1385.0
1112.0 1248.5 1385.0
1112.0 1248.5 1385.0
1112.0 1248.5 1385.0
1112.0 1248.5 1385.0
1112.0 1248.5 1385.0
1112.0 1248.5 1385.0
1112.0 1248.5 1385.0
1112.0 1248.5 1385.0
1112.0 1248.5 1385.0
1112.0 1248.5 1385.0
1112.0 1248.5 1385.0
1112.0 1248.5 1385.0
1112.0 1248.5 1385.0
1112.0 1248.5 1385.0
1112.0 1248.5 1385.0
1112.0 1248.5 1385.0
1112.0 1248.5 1385.0
1112.0 1248.5 1385.0
1112.0 1248.5 1385.0
1112.0 1248.5 1385.0
1112.0 1248.5 1385.0
1112.0 1248.5 1385.0
1112.0 1248.5 1385.0
1112.0 1248.5 1385.0
1112.0 1248.5 1385.0
1112.0 1248.5 1385.0
1112.0 1354.0 1596.0
1112.0 1354.0 1596.0
1112.0 1354.0 1596.0
1112.0 1248.5 1385.0
1112.0 1248.5 1385.0
1112.0 1248.5 1385.0
1112.0 1248.5 1385.0
1112.0 1248.5 1385.0
1112.0 1248.5 1385.0
1112.0 1248.5 1385.0
1112.0 1248.5 1385.0
1112.0 1248.5 1385.0
1112.0 1248.5 1385.0
1112.0 1248.5 1385.0
1112.0 1248.5 1385.0
1112.0 1248.5 1385.0
1112.0 1248.5 1385.0
1112.0 1248.5 1385.0
1112.0 1248.5 1385.0
1112.0 1248.5 1385.0
1112.0 1248.5 1385.0
1112.0 1248.5 1385.0
1112.0 1248.5 1385.0
1112.0 1248.5 1385.0
1112.0 1248.5 1385.0
1112.0 1270.0 1428.0
1112.0 1270.0 1428.0
1112.0 1270.0 1428.0
1112.0 1270.0 1428.0
1112.0 1270.0 1428.0
1112.0 1270.0 1428.0
1112.0 1270.0 1428.0
1112.0 1270.0 1428.0
1112.0 1270.0 1428.0
1112.0 1270.0 1428.0
1112.0 1270.0 1428.0
1112.0 1270.0 1428.0
1112.0 1270.0 1428.0
1112.0 1270.0 1428.0
1112.0 1270.0 1428.0
1112.0 1270.0 1428.0
1112.0 1270.0 1428.0
1112.0 1270.0 1428.0
1112.0 1270.0 1428.0
1112.0 1270.0 1428.0
1112.0 1270.0 1428.0
1112.0 1270.0 1428.0
1112.0 1270.0 1428.0
1112.0 1270.0 1428.0
1112.0 1270.0 1428.0
1112.0 1270.0 1428.0
1112.0 1270.0 1428.0
1112.0 1270.0 1428.0
1112.0 1270.0 1428.0
1112.0 1270.0 1428.0
1112.0 1270.0 1428.0
1112.0 1270.0 1428.0
1112.0 1270.0 1428.0
1112.0 1270.0 1428.0
1112.0 1270.0 1428.0
1112.0 1270.0 1428.0
1112.0 1270.0 1428.0
1112.0 1270.0 1428.0
1112.0 1270.0 1428.0
1112.0 1270.0 1428.0
1112.0 1270.0 1428.0
1112.0 1270.0 1428.0
1112.0 1270.0 1428.0
1112.0 1270.0 1428.0
1112.0 1270.0 1428.0
1112.0 1270.0 1428.0
1112.0 1270.0 1428.0
1112.0 1270.0 1428.0
1112.0 1270.0 1428.0
1112.0 1270.0 1428.0
1112.0 1270.0 1428.0
1112.0 1270.0 1428.0
1112.0 1270.0 1428.0
1112.0 1270.0 1428.0
1112.0 1270.0 1428.0
1112.0 1270.0 1428.0
1112.0 1270.0 1428.0
1112.0 1270.0 1428.0
1112.0 1270.0 1428.0
1112.0 1270.0 1428.0
1112.0 1270.0 1428.0
1112.0 1270.0 1428.0
1112.0 1196.0 1280.0
1112.0 1196.0 1280.0
1112.0 1196.0 1280.0
1112.0 1196.0 1280.0
1112.0 1196.0 1280.0
1112.0 1196.0 1280.0
1112.0 1196.0 1280.0
1112.0 1196.0 1280.0
1112.0 1196.0 1280.0
1112.0 1196.0 1280.0
1112.0 1187.0 1262.0
1112.0 1187.0 1262.0
1112.0 1187.0 1262.0
997.0 1054.5 1112.0
997.0 1054.5 1112.0
997.0 1054.5 1112.0
997.0 1054.5 1112.0
997.0 1054.5 1112.0
997.0 1054.5 1112.0
997.0 1054.5 1112.0
997.0 1054.5 1112.0
997.0 1054.5 1112.0
