14309.0 14808.0 15307.0
10803.0 11437.0 12071.0
11494.0 11841.5 12189.0
9141.0 9235.5 9330.0
8059.0 9221.0 10383.0
6064.0 7323.5 8583.0
6064.0 6877.5 7691.0
4885.0 5340.0 5795.0
3926.0 4702.0 5478.0
3926.0 4702.0 5478.0
2717.0 3627.0 4537.0
2780.0 3233.5 3687.0
2780.0 2875.5 2971.0
2202.0 2491.0 2780.0
1365.0 2072.5 2780.0
1365.0 2072.5 2780.0
1365.0 2072.5 2780.0
1365.0 2072.5 2780.0
1365.0 2072.5 2780.0
1365.0 2072.5 2780.0
1365.0 2072.5 2780.0
1365.0 2072.5 2780.0
1365.0 2072.5 2780.0
1365.0 2072.5 2780.0
1365.0 2072.5 2780.0
1365.0 2072.5 2780.0
1365.0 2072.5 2780.0
1365.0 2072.5 2780.0
1365.0 1992.5 2620.0
1365.0 1769.0 2173.0
1365.0 1769.0 2173.0
1365.0 1769.0 2173.0
1365.0 1769.0 2173.0
1365.0 1769.0 2173.0
1365.0 1769.0 2173.0
1365.0 1769.0 2173.0
1365.0 1769.0 2173.0
1365.0 1769.0 2173.0
1365.0 1769.0 2173.0
1365.0 1769.0 2173.0
1365.0 1769.0 2173.0
1365.0 1769.0 2173.0
1365.0 1769.0 2173.0
1365.0 1769.0 2173.0
1365.0 1769.0 2173.0
1365.0 1769.0 2173.0
1365.0 1769.0 2173.0
1365.0 1769.0 2173.0
1365.0 1769.0 2173.0
1365.0 1769.0 2173.0
1365.0 1769.0 2173.0
1365.0 1769.0 2173.0
1365.0 1769.0 2173.0
1365.0 1769.0 2173.0
1365.0 1769.0 2173.0
1365.0 1769.0 2173.0
1365.0 1769.0 2173.0
1365.0 1769.0 2173.0
1365.0 1769.0 2173.0
1365.0 1769.0 2173.0
1365.0 1769.0 2173.0
1365.0 1769.0 2173.0
1365.0 1769.0 2173.0
1365.0 1769.0 2173.0
1365.0 1769.0 2173.0
1365.0 1526.5 1688.0
1365.0 1629.0 1893.0
1365.0 1629.0 1893.0
1365.0 1629.0 1893.0
1365.0 1629.0 1893.0
1365.0 1629.0 1893.0
1365.0 1629.0 1893.0
1365.0 1629.0 1893.0
1365.0 1629.0 1893.0
1365.0 1629.0 1893.0
1365.0 1629.0 1893.0
1365.0 1629.0 1893.0
1365.0 1629.0 1893.0
1365.0 1629.0 1893.0
1365.0 1629.0 1893.0
1365.0 1629.0 1893.0
1365.0 1629.0 1893.0
1365.0 1629.0 1893.0
1365.0 1629.0 1893.0
1365.0 1629.0 1893.0
1365.0 1629.0 1893.0
1365.0 1629.0 1893.0
1365.0 1629.0 1893.0
1365.0 1629.0 1893.0
1365.0 1629.0 1893.0
1365.0 1629.0 1893.0
1365.0 1629.0 1893.0
1365.0 1629.0 1893.0
1365.0 1629.0 1893.0
1365.0 1629.0 1893.0
1365.0 1629.0 1893.0
1365.0 1629.0 1893.0
1365.0 1629.0 1893.0
1365.0 1629.0 1893.0
1365.0 1629.0 1893.0
1365.0 1629.0 1893.0
1365.0 1629.0 1893.0
1365.0 1629.0 1893.0
1365.0 1629.0 1893.0
1365.0 1629.0 1893.0
1365.0 1629.0 1893.0
1365.0 1629.0 1893.0
1365.0 1629.0 1893.0
1365.0 1629.0 1893.0
1365.0 1629.0 1893.0
1365.0 1629.0 1893.0
1365.0 1629.0 1893.0
1365.0 1629.0 1893.0
1365.0 1629.0 1893.0
1365.0 1629.0 1893.0
1365.0 1629.0 1893.0
1365.0 1629.0 1893.0
1365.0 1629.0 1893.0
1365.0 1629.0 1893.0
1365.0 1629.0 1893.0
1365.0 1629.0 1893.0
1365.0 1629.0 1893.0
1365.0 1629.0 1893.0
1365.0 1629.0 1893.0
1365.0 1629.0 1893.0
1365.0 1629.0 1893.0
1365.0 1629.0 1893.0
1365.0 1629.0 1893.0
1365.0 1629.0 1893.0
1365.0 1629.0 1893.0
1365.0 1629.0 1893.0
1365.0 1629.0 1893.0
1365.0 1629.0 1893.0
1365.0 1629.0 1893.0
1365.0 1629.0 1893.0
1365.0 1629.0 1893.0
1365.0 1629.0 1893.0
1365.0 1629.0 1893.0
1365.0 1629.0 1893.0
1365.0 1629.0 1893.0
1365.0 1629.0 1893.0
1365.0 1629.0 1893.0
1365.0 1629.0 1893.0
1365.0 1629.0 1893.0
1365.0 1629.0 1893.0
1365.0 1629.0 1893.0
1365.0 1629.0 1893.0
1365.0 1629.0 1893.0
1365.0 1629.0 1893.0
1365.0 1629.0 1893.0
1365.0 1629.0 1893.0
1365.0 1629.0 1893.0
1365.0 1629.0 1893.0
1365.0 1629.0 1893.0
1365.0 1629.0 1893.0
1365.0 1629.0 1893.0
1365.0 1629.0 1893.0
1365.0 1629.0 1893.0
1365.0 1629.0 1893.0
1365.0 1629.0 1893.0
1365.0 1629.0 1893.0
1365.0 1629.0 1893.0
1365.0 1629.0 1893.0
1365.0 1629.0 1893.0
1365.0 1629.0 1893.0
1365.0 1629.0 1893.0
1365.0 1629.0 1893.0
1365.0 1629.0 1893.0
1365.0 1629.0 1893.0
1365.0 1629.0 1893.0
1365.0 1629.0 1893.0
1365.0 1629.0 1893.0
1365.0 1629.0 1893.0
1365.0 1629.0 1893.0
1365.0 1629.0 1893.0
1365.0 1629.0 1893.0
1365.0 1629.0 1893.0
1365.0 1629.0 1893.0
1365.0 1629.0 1893.0
1365.0 1629.0 1893.0
1365.0 1629.0 1893.0
1365.0 1629.0 1893.0
1365.0 1629.0 1893.0
1365.0 1629.0 1893.0
1365.0 1629.0 1893.0
1365.0 1629.0 1893.0
1365.0 1629.0 1893.0
1365.0 1629.0 1893.0
1365.0 1629.0 1893.0
1365.0 1629.0 1893.0
1365.0 1629.0 1893.0
1365.0 1629.0 1893.0
1365.0 1629.0 1893.0
1365.0 1629.0 1893.0
1365.0 1629.0 1893.0
1365.0 1629.0 1893.0
1365.0 1629.0 1893.0
1365.0 1629.0 1893.0
1365.0 1629.0 1893.0
1365.0 1629.0 1893.0
