12114.0 12599.0 13084.0
9976.0 10450.0 10924.0
8183.0 8212.0 8241.0
5599.0 5680.5 5762.0
4143.0 4205.5 4268.0
3355.0 3401.0 3447.0
2530.0 3104.0 3678.0
2530.0 2763.5 2997.0
2331.0 2505.5 2680.0
2178.0 2266.5 2355.0
1703.0 1904.0 2105.0
1703.0 1842.5 1982.0
1013.0 1497.5 1982.0
1013.0 1408.0 1803.0
1013.0 1387.0 1761.0
1013.0 1387.0 1761.0
1013.0 1387.0 1761.0
1013.0 1387.0 1761.0
1013.0 1387.0 1761.0
1013.0 1387.0 1761.0
1013.0 1288.5 1564.0
1013.0 1288.5 1564.0
1013.0 1276.0 1539.0
1013.0 1276.0 1539.0
1013.0 1276.0 1539.0
1013.0 1276.0 1539.0
1013.0 1276.0 1539.0
1013.0 1276.0 1539.0
1013.0 1276.0 1539.0
1013.0 1276.0 1539.0
1013.0 1276.0 1539.0
1013.0 1276.0 1539.0
1013.0 1276.0 1539.0
1013.0 1276.0 1539.0
1013.0 1276.0 1539.0
1013.0 1276.0 1539.0
1013.0 1276.0 1539.0
1013.0 1276.0 1539.0
1013.0 1276.0 1539.0
1013.0 1276.0 1539.0
1013.0 1276.0 1539.0
1013.0 1276.0 1539.0
1013.0 1276.0 1539.0
1013.0 1276.0 1539.0
1013.0 1276.0 1539.0
1013.0 1276.0 1539.0
1013.0 1276.0 1539.0
1013.0 1276.0 1539.0
1013.0 1276.0 1539.0
1013.0 1276.0 1539.0
1013.0 1276.0 1539.0
1013.0 1276.0 1539.0
1013.0 1276.0 1539.0
1013.0 1090.0 1167.0
1013.0 1090.0 1167.0
1013.0 1090.0 1167.0
1013.0 1090.0 1167.0
1013.0 1090.0 1167.0
1013.0 1090.0 1167.0
1013.0 1090.0 1167.0
1013.0 1090.0 1167.0
1013.0 1090.0 1167.0
1013.0 1090.0 1167.0
1013.0 1090.0 1167.0
1013.0 1090.0 1167.0
1013.0 1090.0 1167.0
1013.0 1090.0 1167.0
1013.0 1090.0 1167.0
1013.0 1090.0 1167.0
1013.0 1090.0 1167.0
1013.0 1090.0 1167.0
1013.0 1090.0 1167.0
1013.0 1090.0 1167.0
1013.0 1090.0 1167.0
1013.0 1090.0 1167.0
1013.0 1090.0 1167.0
1013.0 1111.5 1210.0
1013.0 1111.5 1210.0
1013.0 1111.5 1210.0
1013.0 1111.5 1210.0
1013.0 1111.5 1210.0
1013.0 1111.5 1210.0
1013.0 1111.5 1210.0
1013.0 1111.5 1210.0
1013.0 1111.5 1210.0
1013.0 1111.5 1210.0
1013.0 1111.5 1210.0
1013.0 1111.5 1210.0
1013.0 1111.5 1210.0
1013.0 1111.5 1210.0
1013.0 1111.5 1210.0
1013.0 1111.5 1210.0
1013.0 1111.5 1210.0
1013.0 1111.5 1210.0
1013.0 1111.5 1210.0
1013.0 1111.5 1210.0
1013.0 1111.5 1210.0
1013.0 1111.5 1210.0
1013.0 1111.5 1210.0
1013.0 1111.5 1210.0
1013.0 1111.5 1210.0
1013.0 1111.5 1210.0
1013.0 1111.5 1210.0
1013.0 1111.5 1210.0
1013.0 1111.5 1210.0
1013.0 1111.5 1210.0
1013.0 1111.5 1210.0
1013.0 1111.5 1210.0
1013.0 1111.5 1210.0
1013.0 1111.5 1210.0
1013.0 1111.5 1210.0
1013.0 1111.5 1210.0
1013.0 1111.5 1210.0
1013.0 1111.5 1210.0
1013.0 1161.0 1309.0
1013.0 1161.0 1309.0
1013.0 1161.0 1309.0
1013.0 1161.0 1309.0
1013.0 1161.0 1309.0
1013.0 1161.0 1309.0
1013.0 1161.0 1309.0
1013.0 1161.0 1309.0
1013.0 1161.0 1309.0
1013.0 1161.0 1309.0
1013.0 1161.0 1309.0
1013.0 1161.0 1309.0
1013.0 1161.0 1309.0
1013.0 1161.0 1309.0
1013.0 1161.0 1309.0
1013.0 1161.0 1309.0
1013.0 1161.0 1309.0
1013.0 1161.0 1309.0
1013.0 1161.0 1309.0
1013.0 1161.0 1309.0
1013.0 1161.0 1309.0
1013.0 1161.0 1309.0
1013.0 1161.0 1309.0
1013.0 1161.0 1309.0
1013.0 1161.0 1309.0
1013.0 1161.0 1309.0
1013.0 1161.0 1309.0
1013.0 1161.0 1309.0
1013.0 1161.0 1309.0
1013.0 1161.0 1309.0
1013.0 1161.0 1309.0
1013.0 1161.0 1309.0
1013.0 1161.0 1309.0
1013.0 1161.0 1309.0
1013.0 1161.0 1309.0
1013.0 1161.0 1309.0
1013.0 1161.0 1309.0
1013.0 1161.0 1309.0
1013.0 1161.0 1309.0
1013.0 1161.0 1309.0
1013.0 1161.0 1309.0
1013.0 1161.0 1309.0
1013.0 1161.0 1309.0
1013.0 1161.0 1309.0
1013.0 1161.0 1309.0
1013.0 1161.0 1309.0
1013.0 1161.0 1309.0
1013.0 1161.0 1309.0
1013.0 1161.0 1309.0
1013.0 1161.0 1309.0
1013.0 1161.0 1309.0
1013.0 1161.0 1309.0
1013.0 1161.0 1309.0
1013.0 1161.0 1309.0
1013.0 1161.0 1309.0
1013.0 1161.0 1309.0
1013.0 1161.0 1309.0
1013.0 1161.0 1309.0
1013.0 1161.0 1309.0
1013.0 1161.0 1309.0
1013.0 1161.0 1309.0
1013.0 1161.0 1309.0
1013.0 1161.0 1309.0
1013.0 1161.0 1309.0
1013.0 1161.0 1309.0
1013.0 1161.0 1309.0
1013.0 1161.0 1309.0
1013.0 1161.0 1309.0
1013.0 1161.0 1309.0
1013.0 1161.0 1309.0
1013.0 1161.0 1309.0
1013.0 1161.0 1309.0
1013.0 1161.0 1309.0
1013.0 1161.0 1309.0
1013.0 1161.0 1309.0
1013.0 1161.0 1309.0
1013.0 1161.0 1309.0
1013.0 1161.0 1309.0
1013.0 1161.0 1309.0
1013.0 1161.0 1309.0
1013.0 1161.0 1309.0
1013.0 1161.0 1309.0
1013.0 1161.0 1309.0
1013.0 1161.0 1309.0
1013.0 1161.0 1309.0
1013.0 1161.0 1309.0
