9869.0 12526.5 15184.0
8145.0 9085.5 10026.0
6668.0 8066.0 9464.0
5835.0 6768.5 7702.0
4328.0 4899.0 5470.0
3739.0 3761.5 3784.0
2465.0 2514.0 2563.0
2108.0 2390.0 2672.0
2002.0 2055.0 2108.0
1419.0 1878.0 2337.0
1419.0 1878.0 2337.0
1337.0 1378.0 1419.0
1337.0 1378.0 1419.0
1337.0 1378.0 1419.0
1337.0 1378.0 1419.0
1337.0 1378.0 1419.0
1337.0 1378.0 1419.0
1337.0 1378.0 1419.0
1337.0 1378.0 1419.0
1337.0 1378.0 1419.0
1337.0 1378.0 1419.0
1337.0 1378.0 1419.0
1337.0 1378.0 1419.0
1337.0 1378.0 1419.0
1337.0 1378.0 1419.0
1337.0 1378.0 1419.0
1337.0 1378.0 1419.0
1337.0 1378.0 1419.0
1337.0 1378.0 1419.0
1337.0 1378.0 1419.0
1337.0 1378.0 1419.0
1383.0 1401.0 1419.0
1035.0 1227.0 1419.0
1035.0 1227.0 1419.0
1146.0 1282.5 1419.0
1146.0 1282.5 1419.0
1146.0 1282.5 1419.0
1146.0 1282.5 1419.0
1146.0 1282.5 1419.0
1146.0 1282.5 1419.0
1146.0 1282.5 1419.0
1146.0 1282.5 1419.0
1146.0 1282.5 1419.0
1146.0 1282.5 1419.0
1146.0 1282.5 1419.0
1146.0 1282.5 1419.0
1146.0 1282.5 1419.0
1146.0 1282.5 1419.0
1146.0 1282.5 1419.0
1146.0 1282.5 1419.0
1146.0 1282.5 1419.0
1146.0 1282.5 1419.0
1146.0 1282.5 1419.0
1146.0 1282.5 1419.0
1146.0 1282.5 1419.0
1146.0 1282.5 1419.0
1146.0 1282.5 1419.0
1146.0 1282.5 1419.0
1146.0 1282.5 1419.0
1146.0 1282.5 1419.0
1146.0 1282.5 1419.0
1146.0 1282.5 1419.0
1146.0 1282.5 1419.0
1146.0 1282.5 1419.0
1146.0 1282.5 1419.0
1146.0 1282.5 1419.0
1146.0 1282.5 1419.0
1146.0 1282.5 1419.0
1146.0 1282.5 1419.0
971.0 1058.5 1146.0
971.0 1058.5 1146.0
971.0 1058.5 1146.0
971.0 1058.5 1146.0
971.0 1058.5 1146.0
971.0 1058.5 1146.0
971.0 1058.5 1146.0
971.0 1058.5 1146.0
971.0 1058.5 1146.0
971.0 1058.5 1146.0
971.0 1058.5 1146.0
971.0 1058.5 1146.0
971.0 1058.5 1146.0
971.0 1058.5 1146.0
971.0 1058.5 1146.0
971.0 1058.5 1146.0
971.0 1058.5 1146.0
971.0 1058.5 1146.0
971.0 1058.5 1146.0
971.0 1058.5 1146.0
971.0 1058.5 1146.0
971.0 1058.5 1146.0
971.0 1058.5 1146.0
971.0 1058.5 1146.0
971.0 1058.5 1146.0
971.0 1058.5 1146.0
971.0 1058.5 1146.0
971.0 1058.5 1146.0
971.0 1058.5 1146.0
971.0 1058.5 1146.0
971.0 1058.5 1146.0
971.0 1058.5 1146.0
971.0 1058.5 1146.0
971.0 1058.5 1146.0
971.0 1058.5 1146.0
971.0 1058.5 1146.0
971.0 1058.5 1146.0
971.0 1058.5 1146.0
971.0 1058.5 1146.0
971.0 1058.5 1146.0
971.0 1058.5 1146.0
971.0 1058.5 1146.0
971.0 1058.5 1146.0
971.0 1058.5 1146.0
971.0 1058.5 1146.0
971.0 1058.5 1146.0
971.0 1058.5 1146.0
971.0 1058.5 1146.0
971.0 1058.5 1146.0
971.0 1058.5 1146.0
971.0 1058.5 1146.0
971.0 1058.5 1146.0
971.0 1058.5 1146.0
971.0 1058.5 1146.0
971.0 1058.5 1146.0
971.0 1058.5 1146.0
971.0 1058.5 1146.0
971.0 1058.5 1146.0
971.0 1058.5 1146.0
971.0 1058.5 1146.0
971.0 1058.5 1146.0
971.0 1058.5 1146.0
971.0 1058.5 1146.0
971.0 1058.5 1146.0
971.0 1058.5 1146.0
971.0 1058.5 1146.0
971.0 1058.5 1146.0
971.0 1058.5 1146.0
971.0 1058.5 1146.0
971.0 1058.5 1146.0
971.0 1058.5 1146.0
971.0 1058.5 1146.0
971.0 1058.5 1146.0
971.0 1058.5 1146.0
971.0 1058.5 1146.0
971.0 1058.5 1146.0
971.0 1058.5 1146.0
971.0 1058.5 1146.0
971.0 1058.5 1146.0
971.0 1058.5 1146.0
971.0 1058.5 1146.0
971.0 1058.5 1146.0
971.0 1058.5 1146.0
971.0 1058.5 1146.0
971.0 1058.5 1146.0
971.0 1058.5 1146.0
971.0 1058.5 1146.0
971.0 1058.5 1146.0
971.0 1058.5 1146.0
971.0 1058.5 1146.0
971.0 1058.5 1146.0
971.0 1058.5 1146.0
971.0 1058.5 1146.0
971.0 1058.5 1146.0
971.0 1058.5 1146.0
971.0 1058.5 1146.0
971.0 1058.5 1146.0
971.0 1058.5 1146.0
971.0 1058.5 1146.0
971.0 1058.5 1146.0
971.0 1058.5 1146.0
971.0 1058.5 1146.0
971.0 1058.5 1146.0
971.0 1058.5 1146.0
971.0 1058.5 1146.0
971.0 1058.5 1146.0
971.0 1058.5 1146.0
971.0 1058.5 1146.0
971.0 1058.5 1146.0
971.0 1058.5 1146.0
971.0 1058.5 1146.0
971.0 1058.5 1146.0
971.0 1058.5 1146.0
971.0 1058.5 1146.0
971.0 1058.5 1146.0
971.0 1058.5 1146.0
971.0 1058.5 1146.0
971.0 1058.5 1146.0
971.0 1058.5 1146.0
971.0 1058.5 1146.0
971.0 1058.5 1146.0
971.0 1058.5 1146.0
971.0 1058.5 1146.0
971.0 1058.5 1146.0
971.0 1058.5 1146.0
971.0 1058.5 1146.0
971.0 1058.5 1146.0
971.0 1058.5 1146.0
971.0 1058.5 1146.0
971.0 1058.5 1146.0
971.0 1058.5 1146.0
