12376.0 12405.5 12435.0
12435.0 12479.0 12523.0
9100.0 9896.0 10692.0
7957.0 8756.5 9556.0
6533.0 7166.0 7799.0
4855.0 4966.0 5077.0
4154.0 4366.5 4579.0
3610.0 3706.0 3802.0
2828.0 3219.0 3610.0
1590.0 2209.0 2828.0
1590.0 2209.0 2828.0
1590.0 2209.0 2828.0
1590.0 2209.0 2828.0
1590.0 1883.5 2177.0
1590.0 1883.5 2177.0
1590.0 1883.5 2177.0
1590.0 1883.5 2177.0
1590.0 1883.5 2177.0
1590.0 1883.5 2177.0
1590.0 1883.5 2177.0
1590.0 1883.5 2177.0
1590.0 1883.5 2177.0
1590.0 1883.5 2177.0
1590.0 1883.5 2177.0
1590.0 1883.5 2177.0
1590.0 1883.5 2177.0
1590.0 1883.5 2177.0
1590.0 1883.5 2177.0
1590.0 1883.5 2177.0
1590.0 1883.5 2177.0
1590.0 1883.5 2177.0
1590.0 1883.5 2177.0
1590.0 1883.5 2177.0
1590.0 1883.5 2177.0
1590.0 1883.5 2177.0
1590.0 1883.5 2177.0
1590.0 1883.5 2177.0
1590.0 1883.5 2177.0
1590.0 1807.5 2025.0
1590.0 1807.5 2025.0
1590.0 1807.5 2025.0
1590.0 1807.5 2025.0
1590.0 1807.5 2025.0
1590.0 1807.5 2025.0
1590.0 1807.5 2025.0
1590.0 1807.5 2025.0
1590.0 1807.5 2025.0
1590.0 1807.5 2025.0
1590.0 1807.5 2025.0
1590.0 1807.5 2025.0
1590.0 1655.5 1721.0
1140.0 1365.0 1590.0
1140.0 1365.0 1590.0
1140.0 1365.0 1590.0
1140.0 1365.0 1590.0
1140.0 1365.0 1590.0
1140.0 1365.0 1590.0
1140.0 1365.0 1590.0
1140.0 1365.0 1590.0
1140.0 1365.0 1590.0
1140.0 1365.0 1590.0
1140.0 1365.0 1590.0
1140.0 1365.0 1590.0
1140.0 1365.0 1590.0
1140.0 1365.0 1590.0
1140.0 1365.0 1590.0
1140.0 1365.0 1590.0
1140.0 1365.0 1590.0
1140.0 1365.0 1590.0
1140.0 1365.0 1590.0
1140.0 1365.0 1590.0
1140.0 1365.0 1590.0
1140.0 1365.0 1590.0
1140.0 1365.0 1590.0
1140.0 1365.0 1590.0
1140.0 1365.0 1590.0
1140.0 1365.0 1590.0
1140.0 1365.0 1590.0
1140.0 1365.0 1590.0
1140.0 1365.0 1590.0
1140.0 1365.0 1590.0
1140.0 1365.0 1590.0
1140.0 1365.0 1590.0
1140.0 1365.0 1590.0
1140.0 1365.0 1590.0
1140.0 1365.0 1590.0
1140.0 1365.0 1590.0
1140.0 1365.0 1590.0
1140.0 1365.0 1590.0
1140.0 1365.0 1590.0
1140.0 1365.0 1590.0
1140.0 1365.0 1590.0
1140.0 1365.0 1590.0
1140.0 1365.0 1590.0
1140.0 1365.0 1590.0
1140.0 1365.0 1590.0
1140.0 1365.0 1590.0
1140.0 1365.0 1590.0
1140.0 1365.0 1590.0
1140.0 1365.0 1590.0
1140.0 1365.0 1590.0
1140.0 1365.0 1590.0
1140.0 1365.0 1590.0
1140.0 1365.0 1590.0
1140.0 1365.0 1590.0
1140.0 1365.0 1590.0
1140.0 1365.0 1590.0
1140.0 1365.0 1590.0
1140.0 1365.0 1590.0
1140.0 1365.0 1590.0
1140.0 1365.0 1590.0
1140.0 1365.0 1590.0
1140.0 1365.0 1590.0
1140.0 1365.0 1590.0
1140.0 1365.0 1590.0
1140.0 1365.0 1590.0
1140.0 1365.0 1590.0
1140.0 1365.0 1590.0
1140.0 1365.0 1590.0
1140.0 1365.0 1590.0
1140.0 1365.0 1590.0
1140.0 1365.0 1590.0
1140.0 1365.0 1590.0
1140.0 1365.0 1590.0
1140.0 1365.0 1590.0
1140.0 1365.0 1590.0
1140.0 1365.0 1590.0
1140.0 1365.0 1590.0
1140.0 1365.0 1590.0
1140.0 1365.0 1590.0
1140.0 1365.0 1590.0
1140.0 1365.0 1590.0
1140.0 1365.0 1590.0
1140.0 1365.0 1590.0
1140.0 1365.0 1590.0
1140.0 1460.0 1780.0
1140.0 1460.0 1780.0
1140.0 1460.0 1780.0
1140.0 1460.0 1780.0
1140.0 1460.0 1780.0
1140.0 1460.0 1780.0
1140.0 1460.0 1780.0
1140.0 1460.0 1780.0
1140.0 1460.0 1780.0
1140.0 1460.0 1780.0
1140.0 1460.0 1780.0
1140.0 1460.0 1780.0
1140.0 1460.0 1780.0
1140.0 1460.0 1780.0
1140.0 1460.0 1780.0
1140.0 1460.0 1780.0
1140.0 1460.0 1780.0
1140.0 1460.0 1780.0
1140.0 1460.0 1780.0
1140.0 1460.0 1780.0
1140.0 1460.0 1780.0
1140.0 1460.0 1780.0
1140.0 1460.0 1780.0
1140.0 1460.0 1780.0
1140.0 1460.0 1780.0
1140.0 1460.0 1780.0
1140.0 1460.0 1780.0
1140.0 1460.0 1780.0
1140.0 1460.0 1780.0
1140.0 1460.0 1780.0
1140.0 1460.0 1780.0
1140.0 1347.5 1555.0
1140.0 1347.5 1555.0
1140.0 1347.5 1555.0
1140.0 1347.5 1555.0
1140.0 1347.5 1555.0
1140.0 1347.5 1555.0
1140.0 1347.5 1555.0
1140.0 1347.5 1555.0
1140.0 1347.5 1555.0
1140.0 1347.5 1555.0
1140.0 1347.5 1555.0
1140.0 1347.5 1555.0
1140.0 1347.5 1555.0
1140.0 1347.5 1555.0
1140.0 1347.5 1555.0
1140.0 1347.5 1555.0
1140.0 1347.5 1555.0
1140.0 1347.5 1555.0
1140.0 1347.5 1555.0
1140.0 1347.5 1555.0
1140.0 1347.5 1555.0
1140.0 1347.5 1555.0
1140.0 1347.5 1555.0
1140.0 1347.5 1555.0
1140.0 1347.5 1555.0
1140.0 1347.5 1555.0
1140.0 1347.5 1555.0
1140.0 1347.5 1555.0
1140.0 1347.5 1555.0
1140.0 1347.5 1555.0
1140.0 1347.5 1555.0
1140.0 1347.5 1555.0
1140.0 1347.5 1555.0
1140.0 1347.5 1555.0
