12552.0 13979.5 15407.0
11505.0 11745.5 11986.0
9912.0 10164.5 10417.0
7121.0 7470.0 7819.0
5658.0 5679.0 5700.0
4981.0 6043.0 7105.0
4958.0 4969.5 4981.0
3365.0 3968.5 4572.0
3146.0 3932.5 4719.0
3146.0 3336.0 3526.0
3037.0 3091.5 3146.0
1556.0 2187.5 2819.0
1556.0 1971.0 2386.0
1556.0 1971.0 2386.0
1556.0 1971.0 2386.0
1556.0 1971.0 2386.0
1556.0 1971.0 2386.0
1556.0 1971.0 2386.0
1556.0 1971.0 2386.0
1556.0 1971.0 2386.0
1556.0 1971.0 2386.0
1556.0 1826.0 2096.0
1556.0 1949.0 2342.0
1556.0 1949.0 2342.0
1556.0 1949.0 2342.0
1556.0 1949.0 2342.0
1556.0 1949.0 2342.0
1556.0 1949.0 2342.0
1556.0 1949.0 2342.0
1556.0 1949.0 2342.0
1556.0 1949.0 2342.0
1556.0 1949.0 2342.0
1556.0 1949.0 2342.0
1556.0 1949.0 2342.0
1556.0 1949.0 2342.0
1556.0 1949.0 2342.0
1556.0 1949.0 2342.0
1556.0 1949.0 2342.0
1556.0 1949.0 2342.0
1556.0 1949.0 2342.0
1556.0 1949.0 2342.0
1556.0 1949.0 2342.0
1556.0 1949.0 2342.0
1556.0 1949.0 2342.0
1556.0 1735.5 1915.0
1556.0 1754.0 1952.0
1556.0 1754.0 1952.0
1556.0 1754.0 1952.0
1556.0 1754.0 1952.0
1556.0 1754.0 1952.0
1556.0 1754.0 1952.0
1556.0 1754.0 1952.0
1556.0 1754.0 1952.0
1556.0 1754.0 1952.0
1556.0 1754.0 1952.0
1556.0 1754.0 1952.0
1556.0 1754.0 1952.0
1556.0 1754.0 1952.0
1556.0 1754.0 1952.0
1556.0 1754.0 1952.0
1556.0 1754.0 1952.0
1556.0 1754.0 1952.0
1556.0 1754.0 1952.0
1556.0 1754.0 1952.0
1556.0 1754.0 1952.0
1556.0 1754.0 1952.0
1556.0 1754.0 1952.0
1556.0 1754.0 1952.0
1556.0 1754.0 1952.0
1556.0 1754.0 1952.0
1556.0 1754.0 1952.0
1556.0 1754.0 1952.0
1556.0 1754.0 1952.0
1556.0 1754.0 1952.0
1556.0 1754.0 1952.0
1556.0 1754.0 1952.0
1556.0 1754.0 1952.0
1556.0 1754.0 1952.0
1556.0 1754.0 1952.0
1556.0 1754.0 1952.0
1556.0 1754.0 1952.0
1556.0 1754.0 1952.0
1556.0 1754.0 1952.0
1556.0 1754.0 1952.0
1556.0 1754.0 1952.0
1556.0 1754.0 1952.0
1556.0 1754.0 1952.0
1556.0 1754.0 1952.0
1556.0 1754.0 1952.0
1556.0 1754.0 1952.0
1556.0 1754.0 1952.0
1556.0 1754.0 1952.0
1556.0 1754.0 1952.0
1556.0 1754.0 1952.0
1556.0 1754.0 1952.0
1556.0 1754.0 1952.0
1556.0 1754.0 1952.0
1556.0 1754.0 1952.0
1556.0 1754.0 1952.0
1556.0 1754.0 1952.0
1556.0 1754.0 1952.0
1556.0 1754.0 1952.0
1556.0 1754.0 1952.0
1556.0 1754.0 1952.0
1556.0 1754.0 1952.0
1556.0 1754.0 1952.0
1556.0 1754.0 1952.0
1556.0 1754.0 1952.0
1556.0 1754.0 1952.0
1556.0 1754.0 1952.0
1556.0 1754.0 1952.0
1556.0 1754.0 1952.0
1556.0 1754.0 1952.0
1556.0 1754.0 1952.0
1556.0 1754.0 1952.0
1556.0 1754.0 1952.0
1556.0 1754.0 1952.0
1556.0 1754.0 1952.0
1556.0 1754.0 1952.0
1556.0 1754.0 1952.0
1556.0 1754.0 1952.0
1556.0 1754.0 1952.0
1556.0 1611.0 1666.0
1440.0 1498.0 1556.0
1440.0 1498.0 1556.0
1440.0 1498.0 1556.0
1440.0 1498.0 1556.0
1440.0 1498.0 1556.0
1440.0 1498.0 1556.0
1440.0 1498.0 1556.0
1440.0 1498.0 1556.0
1440.0 1498.0 1556.0
1440.0 1498.0 1556.0
1440.0 1498.0 1556.0
1440.0 1498.0 1556.0
1440.0 1498.0 1556.0
1440.0 1498.0 1556.0
1440.0 1498.0 1556.0
1440.0 1498.0 1556.0
1440.0 1498.0 1556.0
1440.0 1498.0 1556.0
1440.0 1498.0 1556.0
1440.0 1498.0 1556.0
1440.0 1498.0 1556.0
1440.0 1498.0 1556.0
1440.0 1498.0 1556.0
1440.0 1498.0 1556.0
1440.0 1498.0 1556.0
1440.0 1498.0 1556.0
1440.0 1498.0 1556.0
1440.0 1498.0 1556.0
1440.0 1498.0 1556.0
1440.0 1498.0 1556.0
1091.0 1265.5 1440.0
1091.0 1265.5 1440.0
1091.0 1265.5 1440.0
1091.0 1265.5 1440.0
1091.0 1265.5 1440.0
1091.0 1265.5 1440.0
1091.0 1265.5 1440.0
1091.0 1265.5 1440.0
1091.0 1265.5 1440.0
1091.0 1265.5 1440.0
1091.0 1265.5 1440.0
1091.0 1265.5 1440.0
1091.0 1265.5 1440.0
1091.0 1265.5 1440.0
1091.0 1265.5 1440.0
1091.0 1265.5 1440.0
1091.0 1265.5 1440.0
1091.0 1265.5 1440.0
1091.0 1265.5 1440.0
1091.0 1265.5 1440.0
1091.0 1265.5 1440.0
1091.0 1265.5 1440.0
1091.0 1265.5 1440.0
1091.0 1265.5 1440.0
1091.0 1265.5 1440.0
1091.0 1265.5 1440.0
1091.0 1265.5 1440.0
1091.0 1265.5 1440.0
1091.0 1265.5 1440.0
1091.0 1265.5 1440.0
1091.0 1265.5 1440.0
1091.0 1265.5 1440.0
1091.0 1265.5 1440.0
1091.0 1265.5 1440.0
1091.0 1265.5 1440.0
1091.0 1265.5 1440.0
1091.0 1265.5 1440.0
1091.0 1265.5 1440.0
1091.0 1265.5 1440.0
1091.0 1265.5 1440.0
1091.0 1265.5 1440.0
1091.0 1265.5 1440.0
1091.0 1265.5 1440.0
1091.0 1265.5 1440.0
1091.0 1265.5 1440.0
1091.0 1265.5 1440.0
1091.0 1265.5 1440.0
