12308.0 12660.5 13013.0
9401.0 9990.5 10580.0
6754.0 6873.0 6992.0
5938.0 7075.5 8213.0
4704.0 5125.0 5546.0
3882.0 4650.0 5418.0
3332.0 3436.5 3541.0
2856.0 3094.0 3332.0
2038.0 2116.0 2194.0
2038.0 2116.0 2194.0
1721.0 1846.5 1972.0
1454.0 1587.5 1721.0
1454.0 1587.5 1721.0
1075.0 1182.0 1289.0
1075.0 1182.0 1289.0
1011.0 1043.0 1075.0
1011.0 1043.0 1075.0
1011.0 1043.0 1075.0
861.0 968.0 1075.0
861.0 968.0 1075.0
861.0 968.0 1075.0
861.0 968.0 1075.0
861.0 968.0 1075.0
861.0 968.0 1075.0
861.0 968.0 1075.0
861.0 968.0 1075.0
861.0 968.0 1075.0
861.0 968.0 1075.0
861.0 968.0 1075.0
861.0 968.0 1075.0
861.0 968.0 1075.0
861.0 968.0 1075.0
861.0 968.0 1075.0
861.0 968.0 1075.0
861.0 968.0 1075.0
861.0 968.0 1075.0
861.0 968.0 1075.0
861.0 968.0 1075.0
861.0 968.0 1075.0
861.0 968.0 1075.0
861.0 968.0 1075.0
861.0 968.0 1075.0
861.0 968.0 1075.0
861.0 968.0 1075.0
861.0 968.0 1075.0
861.0 968.0 1075.0
861.0 968.0 1075.0
861.0 968.0 1075.0
861.0 968.0 1075.0
861.0 968.0 1075.0
861.0 968.0 1075.0
861.0 968.0 1075.0
861.0 968.0 1075.0
861.0 968.0 1075.0
861.0 968.0 1075.0
861.0 968.0 1075.0
861.0 968.0 1075.0
861.0 968.0 1075.0
861.0 968.0 1075.0
861.0 968.0 1075.0
861.0 968.0 1075.0
861.0 968.0 1075.0
861.0 968.0 1075.0
861.0 968.0 1075.0
861.0 968.0 1075.0
861.0 968.0 1075.0
861.0 968.0 1075.0
861.0 968.0 1075.0
861.0 968.0 1075.0
861.0 968.0 1075.0
861.0 968.0 1075.0
861.0 968.0 1075.0
861.0 968.0 1075.0
861.0 968.0 1075.0
861.0 968.0 1075.0
861.0 968.0 1075.0
861.0 968.0 1075.0
861.0 968.0 1075.0
861.0 968.0 1075.0
861.0 968.0 1075.0
861.0 968.0 1075.0
861.0 968.0 1075.0
861.0 968.0 1075.0
861.0 968.0 1075.0
861.0 968.0 1075.0
861.0 968.0 1075.0
861.0 968.0 1075.0
861.0 968.0 1075.0
861.0 968.0 1075.0
861.0 968.0 1075.0
861.0 968.0 1075.0
861.0 968.0 1075.0
861.0 968.0 1075.0
861.0 968.0 1075.0
861.0 968.0 1075.0
861.0 968.0 1075.0
861.0 968.0 1075.0
861.0 968.0 1075.0
861.0 968.0 1075.0
861.0 968.0 1075.0
861.0 968.0 1075.0
861.0 968.0 1075.0
861.0 968.0 1075.0
861.0 968.0 1075.0
861.0 968.0 1075.0
861.0 968.0 1075.0
861.0 968.0 1075.0
861.0 968.0 1075.0
861.0 968.0 1075.0
861.0 968.0 1075.0
861.0 968.0 1075.0
861.0 968.0 1075.0
861.0 968.0 1075.0
861.0 968.0 1075.0
861.0 968.0 1075.0
861.0 968.0 1075.0
861.0 968.0 1075.0
861.0 968.0 1075.0
861.0 968.0 1075.0
861.0 968.0 1075.0
861.0 968.0 1075.0
861.0 968.0 1075.0
861.0 968.0 1075.0
861.0 968.0 1075.0
861.0 968.0 1075.0
861.0 968.0 1075.0
861.0 968.0 1075.0
861.0 968.0 1075.0
861.0 968.0 1075.0
861.0 968.0 1075.0
861.0 968.0 1075.0
861.0 968.0 1075.0
861.0 968.0 1075.0
861.0 968.0 1075.0
861.0 968.0 1075.0
861.0 968.0 1075.0
861.0 968.0 1075.0
861.0 968.0 1075.0
861.0 968.0 1075.0
861.0 968.0 1075.0
861.0 968.0 1075.0
861.0 968.0 1075.0
861.0 968.0 1075.0
861.0 968.0 1075.0
861.0 968.0 1075.0
861.0 968.0 1075.0
861.0 968.0 1075.0
861.0 968.0 1075.0
861.0 968.0 1075.0
861.0 968.0 1075.0
861.0 968.0 1075.0
861.0 968.0 1075.0
861.0 968.0 1075.0
861.0 968.0 1075.0
861.0 968.0 1075.0
861.0 970.5 1080.0
861.0 970.5 1080.0
772.0 816.5 861.0
772.0 816.5 861.0
772.0 816.5 861.0
772.0 816.5 861.0
772.0 816.5 861.0
772.0 816.5 861.0
772.0 816.5 861.0
772.0 816.5 861.0
772.0 816.5 861.0
772.0 816.5 861.0
772.0 816.5 861.0
772.0 816.5 861.0
772.0 816.5 861.0
772.0 816.5 861.0
772.0 816.5 861.0
772.0 816.5 861.0
772.0 816.5 861.0
772.0 816.5 861.0
772.0 816.5 861.0
772.0 816.5 861.0
772.0 816.5 861.0
772.0 816.5 861.0
772.0 816.5 861.0
772.0 816.5 861.0
772.0 816.5 861.0
772.0 816.5 861.0
772.0 816.5 861.0
772.0 816.5 861.0
772.0 816.5 861.0
772.0 816.5 861.0
772.0 816.5 861.0
772.0 816.5 861.0
772.0 816.5 861.0
772.0 816.5 861.0
772.0 816.5 861.0
772.0 816.5 861.0
772.0 816.5 861.0
772.0 816.5 861.0
772.0 816.5 861.0
772.0 816.5 861.0
772.0 816.5 861.0
772.0 816.5 861.0
772.0 816.5 861.0
