12893.0 12941.0 12989.0
8567.0 9008.0 9449.0
7371.0 8558.0 9745.0
4195.0 5613.5 7032.0
4195.0 5613.5 7032.0
3036.0 4012.0 4988.0
3615.0 4173.5 4732.0
2520.0 2994.0 3468.0
2368.0 2444.0 2520.0
2368.0 2444.0 2520.0
2368.0 2444.0 2520.0
1742.0 2131.0 2520.0
1742.0 1945.5 2149.0
1742.0 1945.5 2149.0
1586.0 1664.0 1742.0
1497.0 1619.5 1742.0
911.0 1326.5 1742.0
911.0 1326.5 1742.0
911.0 1326.5 1742.0
911.0 1326.5 1742.0
911.0 1326.5 1742.0
911.0 1326.5 1742.0
911.0 1326.5 1742.0
911.0 1326.5 1742.0
911.0 1326.5 1742.0
911.0 1326.5 1742.0
911.0 1326.5 1742.0
911.0 1326.5 1742.0
911.0 1326.5 1742.0
911.0 1326.5 1742.0
911.0 1326.5 1742.0
911.0 1326.5 1742.0
911.0 1326.5 1742.0
911.0 1326.5 1742.0
911.0 1326.5 1742.0
911.0 1326.5 1742.0
911.0 1326.5 1742.0
911.0 1326.5 1742.0
911.0 1326.5 1742.0
911.0 1326.5 1742.0
911.0 1326.5 1742.0
911.0 1326.5 1742.0
911.0 1326.5 1742.0
911.0 1326.5 1742.0
911.0 1326.5 1742.0
911.0 1326.5 1742.0
911.0 1326.5 1742.0
911.0 1326.5 1742.0
911.0 1323.5 1736.0
911.0 1323.5 1736.0
911.0 1134.5 1358.0
911.0 1134.5 1358.0
911.0 1134.5 1358.0
911.0 1134.5 1358.0
911.0 1134.5 1358.0
911.0 1134.5 1358.0
911.0 1134.5 1358.0
911.0 1134.5 1358.0
911.0 1134.5 1358.0
911.0 1134.5 1358.0
911.0 1134.5 1358.0
911.0 1134.5 1358.0
911.0 1134.5 1358.0
911.0 1134.5 1358.0
911.0 1134.5 1358.0
911.0 1134.5 1358.0
911.0 1134.5 1358.0
911.0 1134.5 1358.0
911.0 1134.5 1358.0
911.0 1134.5 1358.0
911.0 1134.5 1358.0
911.0 1134.5 1358.0
911.0 1134.5 1358.0
911.0 1134.5 1358.0
911.0 1134.5 1358.0
911.0 1134.5 1358.0
911.0 1134.5 1358.0
911.0 1134.5 1358.0
911.0 1134.5 1358.0
911.0 1134.5 1358.0
911.0 1134.5 1358.0
911.0 1134.5 1358.0
911.0 1134.5 1358.0
911.0 1134.5 1358.0
911.0 1134.5 1358.0
911.0 1134.5 1358.0
911.0 1134.5 1358.0
911.0 1134.5 1358.0
911.0 1134.5 1358.0
911.0 1134.5 1358.0
911.0 1134.5 1358.0
911.0 1134.5 1358.0
911.0 1134.5 1358.0
911.0 1134.5 1358.0
911.0 1134.5 1358.0
911.0 1134.5 1358.0
911.0 1134.5 1358.0
911.0 1134.5 1358.0
911.0 1134.5 1358.0
911.0 1182.0 1453.0
911.0 1134.5 1358.0
911.0 1134.5 1358.0
911.0 1134.5 1358.0
911.0 1134.5 1358.0
911.0 1134.5 1358.0
911.0 1134.5 1358.0
911.0 1134.5 1358.0
911.0 1134.5 1358.0
911.0 1134.5 1358.0
911.0 1134.5 1358.0
911.0 1134.5 1358.0
911.0 1134.5 1358.0
911.0 1134.5 1358.0
911.0 1134.5 1358.0
911.0 1134.5 1358.0
911.0 1134.5 1358.0
911.0 1134.5 1358.0
911.0 1134.5 1358.0
911.0 1134.5 1358.0
911.0 1134.5 1358.0
911.0 1134.5 1358.0
911.0 1134.5 1358.0
911.0 1134.5 1358.0
911.0 1134.5 1358.0
911.0 1134.5 1358.0
911.0 1096.0 1281.0
911.0 1096.0 1281.0
911.0 1096.0 1281.0
911.0 1096.0 1281.0
911.0 1096.0 1281.0
911.0 1096.0 1281.0
911.0 1096.0 1281.0
911.0 1096.0 1281.0
911.0 1096.0 1281.0
911.0 1096.0 1281.0
911.0 1096.0 1281.0
911.0 1096.0 1281.0
911.0 1096.0 1281.0
911.0 1096.0 1281.0
911.0 1096.0 1281.0
911.0 1096.0 1281.0
911.0 1096.0 1281.0
911.0 1096.0 1281.0
911.0 1096.0 1281.0
911.0 1096.0 1281.0
911.0 1096.0 1281.0
911.0 1096.0 1281.0
911.0 1096.0 1281.0
911.0 1096.0 1281.0
911.0 1096.0 1281.0
911.0 1096.0 1281.0
911.0 1096.0 1281.0
911.0 1096.0 1281.0
911.0 1096.0 1281.0
911.0 1096.0 1281.0
911.0 1096.0 1281.0
911.0 1096.0 1281.0
911.0 1096.0 1281.0
911.0 1096.0 1281.0
911.0 1096.0 1281.0
911.0 1096.0 1281.0
911.0 1096.0 1281.0
911.0 1096.0 1281.0
911.0 1096.0 1281.0
911.0 1096.0 1281.0
911.0 1096.0 1281.0
911.0 1096.0 1281.0
911.0 1096.0 1281.0
911.0 1096.0 1281.0
911.0 1096.0 1281.0
911.0 1096.0 1281.0
911.0 1096.0 1281.0
911.0 1096.0 1281.0
911.0 1096.0 1281.0
911.0 1096.0 1281.0
911.0 1096.0 1281.0
911.0 1096.0 1281.0
911.0 1096.0 1281.0
911.0 1096.0 1281.0
911.0 1096.0 1281.0
911.0 1096.0 1281.0
911.0 1096.0 1281.0
911.0 1096.0 1281.0
911.0 1096.0 1281.0
911.0 1096.0 1281.0
911.0 1096.0 1281.0
911.0 1096.0 1281.0
911.0 1096.0 1281.0
911.0 1096.0 1281.0
911.0 1096.0 1281.0
911.0 1096.0 1281.0
911.0 1096.0 1281.0
911.0 1096.0 1281.0
911.0 1096.0 1281.0
911.0 1096.0 1281.0
911.0 1096.0 1281.0
911.0 1096.0 1281.0
911.0 1096.0 1281.0
911.0 1096.0 1281.0
911.0 1096.0 1281.0
