11058.0 11646.0 12234.0
10854.0 10877.0 10900.0
8541.0 8924.0 9307.0
6454.0 6959.0 7464.0
5457.0 6119.0 6781.0
3460.0 4797.5 6135.0
3460.0 4066.0 4672.0
3051.0 3124.5 3198.0
1816.0 2433.5 3051.0
1816.0 2433.5 3051.0
1816.0 2096.0 2376.0
1816.0 2096.0 2376.0
1816.0 1817.0 1818.0
1816.0 1863.0 1910.0
1816.0 1863.0 1910.0
1816.0 1863.0 1910.0
1816.0 1863.0 1910.0
1816.0 1863.0 1910.0
1816.0 1863.0 1910.0
1816.0 1863.0 1910.0
1816.0 1863.0 1910.0
1816.0 1863.0 1910.0
1910.0 2057.5 2205.0
1910.0 2057.5 2205.0
1910.0 2057.5 2205.0
1910.0 2057.5 2205.0
1910.0 2057.5 2205.0
1910.0 2057.5 2205.0
1910.0 2057.5 2205.0
1910.0 2057.5 2205.0
1910.0 2057.5 2205.0
1910.0 2057.5 2205.0
1910.0 2057.5 2205.0
1910.0 2057.5 2205.0
1633.0 1919.0 2205.0
1633.0 1919.0 2205.0
1457.0 1831.0 2205.0
1457.0 1831.0 2205.0
1457.0 1831.0 2205.0
1457.0 1831.0 2205.0
1457.0 1831.0 2205.0
1457.0 1831.0 2205.0
1457.0 1831.0 2205.0
1457.0 1831.0 2205.0
1457.0 1831.0 2205.0
1457.0 1831.0 2205.0
1457.0 1831.0 2205.0
1457.0 1831.0 2205.0
1457.0 1831.0 2205.0
1608.0 1906.5 2205.0
1608.0 1906.5 2205.0
1608.0 1906.5 2205.0
1608.0 1906.5 2205.0
1608.0 1906.5 2205.0
1608.0 1906.5 2205.0
1608.0 1906.5 2205.0
1608.0 1906.5 2205.0
1608.0 1906.5 2205.0
1608.0 1906.5 2205.0
1608.0 1906.5 2205.0
1608.0 1906.5 2205.0
1608.0 1906.5 2205.0
1608.0 1906.5 2205.0
1608.0 1906.5 2205.0
1608.0 1906.5 2205.0
1608.0 1906.5 2205.0
1608.0 1906.5 2205.0
1608.0 1906.5 2205.0
1203.0 1704.0 2205.0
1203.0 1704.0 2205.0
1044.0 1624.5 2205.0
1044.0 1624.5 2205.0
1044.0 1624.5 2205.0
1044.0 1624.5 2205.0
1044.0 1624.5 2205.0
1044.0 1624.5 2205.0
1044.0 1624.5 2205.0
1044.0 1624.5 2205.0
1044.0 1624.5 2205.0
1044.0 1624.5 2205.0
1044.0 1624.5 2205.0
1044.0 1624.5 2205.0
1044.0 1624.5 2205.0
1044.0 1624.5 2205.0
1044.0 1624.5 2205.0
1044.0 1624.5 2205.0
1044.0 1624.5 2205.0
1044.0 1624.5 2205.0
1044.0 1624.5 2205.0
1044.0 1624.5 2205.0
1044.0 1624.5 2205.0
1044.0 1624.5 2205.0
1044.0 1624.5 2205.0
1044.0 1624.5 2205.0
1044.0 1624.5 2205.0
1044.0 1624.5 2205.0
1044.0 1624.5 2205.0
1044.0 1624.5 2205.0
1044.0 1624.5 2205.0
1044.0 1624.5 2205.0
1044.0 1624.5 2205.0
1044.0 1624.5 2205.0
1044.0 1624.5 2205.0
1044.0 1624.5 2205.0
1044.0 1624.5 2205.0
1044.0 1624.5 2205.0
1044.0 1624.5 2205.0
1044.0 1624.5 2205.0
1044.0 1624.5 2205.0
1044.0 1624.5 2205.0
1044.0 1624.5 2205.0
1044.0 1624.5 2205.0
1044.0 1624.5 2205.0
1044.0 1624.5 2205.0
1044.0 1624.5 2205.0
1044.0 1624.5 2205.0
1044.0 1624.5 2205.0
1044.0 1503.0 1962.0
1044.0 1503.0 1962.0
1044.0 1564.5 2085.0
1044.0 1564.5 2085.0
1044.0 1564.5 2085.0
1044.0 1564.5 2085.0
1044.0 1564.5 2085.0
1044.0 1564.5 2085.0
1044.0 1564.5 2085.0
1044.0 1564.5 2085.0
1044.0 1564.5 2085.0
1044.0 1564.5 2085.0
1044.0 1564.5 2085.0
1044.0 1564.5 2085.0
1044.0 1564.5 2085.0
1044.0 1564.5 2085.0
1044.0 1564.5 2085.0
1044.0 1564.5 2085.0
1044.0 1564.5 2085.0
1044.0 1564.5 2085.0
1044.0 1564.5 2085.0
1044.0 1564.5 2085.0
1044.0 1564.5 2085.0
1044.0 1564.5 2085.0
1044.0 1564.5 2085.0
1044.0 1564.5 2085.0
1044.0 1564.5 2085.0
1044.0 1564.5 2085.0
1044.0 1564.5 2085.0
1044.0 1564.5 2085.0
1044.0 1564.5 2085.0
1044.0 1564.5 2085.0
1044.0 1564.5 2085.0
1044.0 1564.5 2085.0
1044.0 1564.5 2085.0
1044.0 1564.5 2085.0
1044.0 1564.5 2085.0
1044.0 1564.5 2085.0
1044.0 1564.5 2085.0
1044.0 1564.5 2085.0
1044.0 1564.5 2085.0
1044.0 1564.5 2085.0
1044.0 1564.5 2085.0
1044.0 1564.5 2085.0
1044.0 1564.5 2085.0
1044.0 1564.5 2085.0
1044.0 1564.5 2085.0
1044.0 1564.5 2085.0
1044.0 1564.5 2085.0
1044.0 1564.5 2085.0
1044.0 1564.5 2085.0
1044.0 1564.5 2085.0
1044.0 1564.5 2085.0
1044.0 1564.5 2085.0
1044.0 1564.5 2085.0
1044.0 1564.5 2085.0
1044.0 1564.5 2085.0
1044.0 1564.5 2085.0
1044.0 1564.5 2085.0
1044.0 1564.5 2085.0
1044.0 1564.5 2085.0
1044.0 1564.5 2085.0
1044.0 1564.5 2085.0
1044.0 1564.5 2085.0
1044.0 1564.5 2085.0
1044.0 1564.5 2085.0
1044.0 1564.5 2085.0
1044.0 1564.5 2085.0
1044.0 1564.5 2085.0
1044.0 1564.5 2085.0
1044.0 1564.5 2085.0
1044.0 1564.5 2085.0
1044.0 1564.5 2085.0
1044.0 1564.5 2085.0
1044.0 1564.5 2085.0
1044.0 1564.5 2085.0
1044.0 1564.5 2085.0
1044.0 1564.5 2085.0
1044.0 1564.5 2085.0
1044.0 1564.5 2085.0
1044.0 1564.5 2085.0
1044.0 1564.5 2085.0
1044.0 1564.5 2085.0
