12654.0 13017.0 13380.0
10457.0 10896.0 11335.0
8350.0 8607.0 8864.0
6169.0 7398.5 8628.0
4376.0 5541.5 6707.0
3792.0 5134.0 6476.0
3584.0 3752.5 3921.0
3174.0 3181.5 3189.0
2483.0 2626.0 2769.0
2483.0 2642.5 2802.0
2618.0 2693.5 2769.0
1516.0 1821.5 2127.0
1516.0 1821.5 2127.0
1516.0 1821.5 2127.0
1516.0 1821.5 2127.0
1516.0 1821.5 2127.0
1516.0 1812.5 2109.0
1516.0 1812.5 2109.0
1516.0 1812.5 2109.0
1516.0 1812.5 2109.0
1516.0 1812.5 2109.0
1516.0 1812.5 2109.0
1516.0 1812.5 2109.0
1516.0 1812.5 2109.0
1516.0 1812.5 2109.0
1516.0 1812.5 2109.0
1516.0 1812.5 2109.0
1516.0 1937.5 2359.0
1516.0 1937.5 2359.0
1516.0 1812.0 2108.0
1516.0 1812.0 2108.0
1516.0 1753.0 1990.0
1516.0 1529.0 1542.0
1516.0 1529.0 1542.0
1516.0 1529.0 1542.0
1516.0 1529.0 1542.0
1516.0 1529.0 1542.0
1516.0 1529.0 1542.0
1516.0 1529.0 1542.0
1516.0 1529.0 1542.0
1516.0 1529.0 1542.0
1516.0 1529.0 1542.0
1516.0 1529.0 1542.0
1516.0 1529.0 1542.0
1516.0 1529.0 1542.0
1516.0 1529.0 1542.0
1516.0 1529.0 1542.0
1516.0 1529.0 1542.0
1516.0 1529.0 1542.0
1516.0 1529.0 1542.0
1516.0 1529.0 1542.0
1516.0 1529.0 1542.0
1516.0 1529.0 1542.0
1516.0 1529.0 1542.0
1516.0 1529.0 1542.0
1516.0 1529.0 1542.0
1516.0 1529.0 1542.0
1516.0 1529.0 1542.0
1516.0 1529.0 1542.0
1516.0 1529.0 1542.0
1516.0 1529.0 1542.0
1516.0 1529.0 1542.0
1516.0 1529.0 1542.0
1516.0 1529.0 1542.0
1516.0 1529.0 1542.0
1516.0 1529.0 1542.0
1516.0 1529.0 1542.0
1516.0 1529.0 1542.0
1516.0 1529.0 1542.0
1516.0 1529.0 1542.0
1516.0 1529.0 1542.0
1516.0 1529.0 1542.0
1516.0 1529.0 1542.0
1516.0 1529.0 1542.0
1516.0 1529.0 1542.0
1516.0 1529.0 1542.0
1516.0 1529.0 1542.0
1516.0 1529.0 1542.0
1516.0 1529.0 1542.0
1516.0 1529.0 1542.0
1516.0 1529.0 1542.0
1516.0 1529.0 1542.0
1516.0 1529.0 1542.0
1516.0 1529.0 1542.0
1516.0 1529.0 1542.0
1516.0 1529.0 1542.0
1516.0 1529.0 1542.0
1516.0 1529.0 1542.0
1516.0 1529.0 1542.0
1516.0 1529.0 1542.0
1516.0 1529.0 1542.0
1516.0 1529.0 1542.0
1516.0 1529.0 1542.0
1516.0 1529.0 1542.0
1516.0 1529.0 1542.0
1516.0 1529.0 1542.0
1516.0 1529.0 1542.0
1516.0 1529.0 1542.0
1516.0 1529.0 1542.0
1516.0 1529.0 1542.0
1516.0 1529.0 1542.0
1516.0 1529.0 1542.0
1516.0 1529.0 1542.0
1516.0 1529.0 1542.0
1516.0 1529.0 1542.0
1516.0 1529.0 1542.0
1516.0 1529.0 1542.0
1516.0 1529.0 1542.0
1516.0 1529.0 1542.0
1516.0 1529.0 1542.0
1516.0 1529.0 1542.0
1516.0 1529.0 1542.0
1516.0 1529.0 1542.0
1516.0 1529.0 1542.0
1516.0 1529.0 1542.0
1516.0 1529.0 1542.0
1516.0 1529.0 1542.0
1516.0 1529.0 1542.0
1516.0 1529.0 1542.0
1516.0 1529.0 1542.0
1516.0 1529.0 1542.0
1516.0 1529.0 1542.0
1516.0 1529.0 1542.0
1516.0 1529.0 1542.0
1516.0 1529.0 1542.0
1516.0 1529.0 1542.0
1516.0 1529.0 1542.0
1516.0 1529.0 1542.0
1516.0 1529.0 1542.0
1516.0 1529.0 1542.0
1516.0 1529.0 1542.0
1516.0 1529.0 1542.0
1516.0 1529.0 1542.0
1516.0 1529.0 1542.0
1516.0 1529.0 1542.0
1516.0 1529.0 1542.0
1516.0 1529.0 1542.0
1516.0 1529.0 1542.0
1516.0 1529.0 1542.0
1516.0 1529.0 1542.0
1516.0 1529.0 1542.0
1516.0 1529.0 1542.0
1516.0 1529.0 1542.0
1516.0 1529.0 1542.0
1516.0 1529.0 1542.0
1516.0 1529.0 1542.0
1516.0 1529.0 1542.0
1516.0 1529.0 1542.0
1516.0 1529.0 1542.0
1516.0 1529.0 1542.0
1516.0 1529.0 1542.0
1516.0 1529.0 1542.0
1516.0 1529.0 1542.0
1516.0 1529.0 1542.0
1516.0 1529.0 1542.0
1516.0 1529.0 1542.0
1516.0 1529.0 1542.0
1516.0 1529.0 1542.0
1516.0 1529.0 1542.0
1516.0 1529.0 1542.0
1516.0 1529.0 1542.0
1516.0 1529.0 1542.0
1516.0 1529.0 1542.0
1516.0 1529.0 1542.0
1516.0 1529.0 1542.0
1516.0 1529.0 1542.0
1516.0 1529.0 1542.0
1516.0 1529.0 1542.0
1516.0 1529.0 1542.0
1516.0 1529.0 1542.0
1516.0 1529.0 1542.0
1516.0 1529.0 1542.0
1516.0 1529.0 1542.0
1516.0 1529.0 1542.0
1516.0 1529.0 1542.0
1516.0 1529.0 1542.0
1516.0 1529.0 1542.0
1516.0 1529.0 1542.0
1516.0 1529.0 1542.0
1516.0 1529.0 1542.0
1516.0 1529.0 1542.0
1516.0 1529.0 1542.0
1516.0 1529.0 1542.0
1516.0 1529.0 1542.0
1516.0 1529.0 1542.0
1516.0 1529.0 1542.0
1516.0 1529.0 1542.0
1516.0 1529.0 1542.0
1516.0 1529.0 1542.0
1516.0 1529.0 1542.0
1516.0 1529.0 1542.0
1516.0 1529.0 1542.0
1516.0 1529.0 1542.0
1516.0 1529.0 1542.0
1516.0 1529.0 1542.0
1516.0 1529.0 1542.0
1516.0 1529.0 1542.0
1516.0 1529.0 1542.0
1516.0 1529.0 1542.0
1516.0 1529.0 1542.0
