13165.0 13293.0 13421.0
9416.0 10363.0 11310.0
6528.0 7273.5 8019.0
6676.0 6759.5 6843.0
5092.0 5434.5 5777.0
4398.0 4899.5 5401.0
3336.0 3515.5 3695.0
3242.0 3400.0 3558.0
2069.0 2655.5 3242.0
2069.0 2655.5 3242.0
2069.0 2563.0 3057.0
2069.0 2075.5 2082.0
2057.0 2063.0 2069.0
1828.0 1942.5 2057.0
1368.0 1598.0 1828.0
1368.0 1598.0 1828.0
1368.0 1598.0 1828.0
1368.0 1598.0 1828.0
1368.0 1598.0 1828.0
1368.0 1598.0 1828.0
1368.0 1598.0 1828.0
1368.0 1598.0 1828.0
1368.0 1598.0 1828.0
1368.0 1598.0 1828.0
1368.0 1598.0 1828.0
1368.0 1598.0 1828.0
1368.0 1598.0 1828.0
1368.0 1598.0 1828.0
1368.0 1598.0 1828.0
1368.0 1598.0 1828.0
1368.0 1598.0 1828.0
1368.0 1598.0 1828.0
1368.0 1598.0 1828.0
1368.0 1598.0 1828.0
1368.0 1598.0 1828.0
1368.0 1598.0 1828.0
1368.0 1598.0 1828.0
1368.0 1598.0 1828.0
1368.0 1598.0 1828.0
1368.0 1598.0 1828.0
1368.0 1598.0 1828.0
1368.0 1576.5 1785.0
1368.0 1576.5 1785.0
1368.0 1419.5 1471.0
1368.0 1419.5 1471.0
1368.0 1419.5 1471.0
1368.0 1419.5 1471.0
1368.0 1419.5 1471.0
1368.0 1419.5 1471.0
1368.0 1419.5 1471.0
1368.0 1419.5 1471.0
1368.0 1419.5 1471.0
1368.0 1419.5 1471.0
1368.0 1419.5 1471.0
1368.0 1419.5 1471.0
1368.0 1419.5 1471.0
1368.0 1419.5 1471.0
1368.0 1419.5 1471.0
1368.0 1419.5 1471.0
1368.0 1419.5 1471.0
1368.0 1419.5 1471.0
1368.0 1419.5 1471.0
1368.0 1419.5 1471.0
1368.0 1419.5 1471.0
1296.0 1332.0 1368.0
1368.0 1419.5 1471.0
1368.0 1419.5 1471.0
1368.0 1419.5 1471.0
1368.0 1419.5 1471.0
1368.0 1419.5 1471.0
1368.0 1419.5 1471.0
1368.0 1419.5 1471.0
1368.0 1419.5 1471.0
1368.0 1419.5 1471.0
1368.0 1419.5 1471.0
1368.0 1419.5 1471.0
1368.0 1419.5 1471.0
1368.0 1419.5 1471.0
1368.0 1419.5 1471.0
1368.0 1419.5 1471.0
1368.0 1419.5 1471.0
1368.0 1419.5 1471.0
1368.0 1419.5 1471.0
1368.0 1419.5 1471.0
1368.0 1419.5 1471.0
1368.0 1419.5 1471.0
1368.0 1419.5 1471.0
1368.0 1419.5 1471.0
1368.0 1419.5 1471.0
1368.0 1419.5 1471.0
1368.0 1419.5 1471.0
1368.0 1419.5 1471.0
1368.0 1419.5 1471.0
1368.0 1419.5 1471.0
1368.0 1419.5 1471.0
1368.0 1419.5 1471.0
1368.0 1419.5 1471.0
1368.0 1419.5 1471.0
1368.0 1419.5 1471.0
1368.0 1419.5 1471.0
1368.0 1419.5 1471.0
1368.0 1419.5 1471.0
1368.0 1419.5 1471.0
1368.0 1419.5 1471.0
1368.0 1419.5 1471.0
1368.0 1419.5 1471.0
1368.0 1419.5 1471.0
1368.0 1419.5 1471.0
1368.0 1419.5 1471.0
1368.0 1419.5 1471.0
1368.0 1419.5 1471.0
1368.0 1419.5 1471.0
1368.0 1419.5 1471.0
1368.0 1419.5 1471.0
1368.0 1419.5 1471.0
1368.0 1419.5 1471.0
1368.0 1419.5 1471.0
1368.0 1419.5 1471.0
1368.0 1419.5 1471.0
1368.0 1419.5 1471.0
1368.0 1419.5 1471.0
1368.0 1419.5 1471.0
1368.0 1419.5 1471.0
1368.0 1419.5 1471.0
1368.0 1419.5 1471.0
1368.0 1419.5 1471.0
1368.0 1419.5 1471.0
1368.0 1419.5 1471.0
1368.0 1419.5 1471.0
1368.0 1419.5 1471.0
1368.0 1419.5 1471.0
1368.0 1419.5 1471.0
1368.0 1419.5 1471.0
1368.0 1419.5 1471.0
1368.0 1419.5 1471.0
1368.0 1419.5 1471.0
1368.0 1419.5 1471.0
1368.0 1419.5 1471.0
1368.0 1419.5 1471.0
1368.0 1419.5 1471.0
1368.0 1419.5 1471.0
1368.0 1412.0 1456.0
1368.0 1412.0 1456.0
967.0 1167.5 1368.0
967.0 1167.5 1368.0
967.0 1167.5 1368.0
967.0 1167.5 1368.0
967.0 1167.5 1368.0
967.0 1167.5 1368.0
967.0 1167.5 1368.0
967.0 1167.5 1368.0
967.0 1167.5 1368.0
967.0 1167.5 1368.0
967.0 1167.5 1368.0
967.0 1167.5 1368.0
967.0 1167.5 1368.0
967.0 1167.5 1368.0
967.0 1167.5 1368.0
967.0 1167.5 1368.0
967.0 1167.5 1368.0
967.0 1167.5 1368.0
967.0 1167.5 1368.0
967.0 1167.5 1368.0
967.0 1167.5 1368.0
967.0 1167.5 1368.0
967.0 1167.5 1368.0
967.0 1167.5 1368.0
967.0 1167.5 1368.0
967.0 1167.5 1368.0
967.0 1167.5 1368.0
967.0 1167.5 1368.0
967.0 1167.5 1368.0
967.0 1167.5 1368.0
967.0 1167.5 1368.0
967.0 1167.5 1368.0
967.0 1167.5 1368.0
967.0 1167.5 1368.0
967.0 1167.5 1368.0
967.0 1167.5 1368.0
967.0 1167.5 1368.0
967.0 1167.5 1368.0
967.0 1167.5 1368.0
967.0 1167.5 1368.0
967.0 1167.5 1368.0
967.0 1167.5 1368.0
967.0 1167.5 1368.0
967.0 1167.5 1368.0
967.0 1167.5 1368.0
967.0 1167.5 1368.0
967.0 1167.5 1368.0
967.0 1167.5 1368.0
967.0 1084.5 1202.0
967.0 1084.5 1202.0
967.0 1084.5 1202.0
967.0 1084.5 1202.0
967.0 1084.5 1202.0
967.0 1084.5 1202.0
967.0 1084.5 1202.0
967.0 1084.5 1202.0
967.0 1084.5 1202.0
