14546.0 14849.5 15153.0
11727.0 12379.5 13032.0
8744.0 9789.0 10834.0
6677.0 7104.0 7531.0
5346.0 5738.0 6130.0
4766.0 4908.5 5051.0
4247.0 4720.5 5194.0
4482.0 4554.5 4627.0
3601.0 4041.5 4482.0
2450.0 2670.5 2891.0
2106.0 2479.5 2853.0
2106.0 2478.5 2851.0
2106.0 2254.5 2403.0
2106.0 2301.5 2497.0
2106.0 2301.5 2497.0
1738.0 1922.0 2106.0
1738.0 1922.0 2106.0
1738.0 1922.0 2106.0
1738.0 1922.0 2106.0
1738.0 1922.0 2106.0
1738.0 1922.0 2106.0
1738.0 2056.0 2374.0
1738.0 1896.0 2054.0
1435.0 1586.5 1738.0
1435.0 1586.5 1738.0
1435.0 1586.5 1738.0
1435.0 1586.5 1738.0
1435.0 1586.5 1738.0
1435.0 1586.5 1738.0
1435.0 1586.5 1738.0
1435.0 1586.5 1738.0
1435.0 1586.5 1738.0
1435.0 1586.5 1738.0
1435.0 1586.5 1738.0
1435.0 1586.5 1738.0
1435.0 1586.5 1738.0
1435.0 1586.5 1738.0
1435.0 1550.0 1665.0
1435.0 1550.0 1665.0
1435.0 1524.0 1613.0
1435.0 1524.0 1613.0
1435.0 1524.0 1613.0
1435.0 1524.0 1613.0
1435.0 1524.0 1613.0
1435.0 1524.0 1613.0
1435.0 1524.0 1613.0
1435.0 1524.0 1613.0
1435.0 1524.0 1613.0
1435.0 1524.0 1613.0
1435.0 1524.0 1613.0
1435.0 1524.0 1613.0
1435.0 1524.0 1613.0
1435.0 1524.0 1613.0
1435.0 1524.0 1613.0
1435.0 1524.0 1613.0
1435.0 1524.0 1613.0
1435.0 1524.0 1613.0
1435.0 1524.0 1613.0
1435.0 1524.0 1613.0
1435.0 1524.0 1613.0
1435.0 1524.0 1613.0
1435.0 1524.0 1613.0
1435.0 1524.0 1613.0
1435.0 1524.0 1613.0
1435.0 1524.0 1613.0
1435.0 1524.0 1613.0
1435.0 1524.0 1613.0
1435.0 1524.0 1613.0
1435.0 1524.0 1613.0
1435.0 1524.0 1613.0
1435.0 1524.0 1613.0
1435.0 1524.0 1613.0
1435.0 1524.0 1613.0
1435.0 1524.0 1613.0
1435.0 1524.0 1613.0
1435.0 1524.0 1613.0
1435.0 1524.0 1613.0
1435.0 1524.0 1613.0
1435.0 1524.0 1613.0
1186.0 1399.5 1613.0
1186.0 1399.5 1613.0
1178.0 1395.5 1613.0
956.0 1284.5 1613.0
956.0 1284.5 1613.0
956.0 1284.5 1613.0
956.0 1284.5 1613.0
956.0 1284.5 1613.0
956.0 1284.5 1613.0
956.0 1284.5 1613.0
956.0 1284.5 1613.0
956.0 1284.5 1613.0
956.0 1284.5 1613.0
956.0 1284.5 1613.0
956.0 1284.5 1613.0
956.0 1284.5 1613.0
956.0 1284.5 1613.0
956.0 1284.5 1613.0
956.0 1284.5 1613.0
956.0 1284.5 1613.0
956.0 1284.5 1613.0
956.0 1284.5 1613.0
956.0 1284.5 1613.0
956.0 1284.5 1613.0
956.0 1284.5 1613.0
956.0 1284.5 1613.0
956.0 1284.5 1613.0
956.0 1284.5 1613.0
956.0 1284.5 1613.0
956.0 1284.5 1613.0
956.0 1284.5 1613.0
956.0 1284.5 1613.0
956.0 1284.5 1613.0
956.0 1284.5 1613.0
956.0 1284.5 1613.0
956.0 1284.5 1613.0
956.0 1284.5 1613.0
956.0 1284.5 1613.0
956.0 1284.5 1613.0
956.0 1284.5 1613.0
956.0 1284.5 1613.0
956.0 1284.5 1613.0
956.0 1284.5 1613.0
956.0 1284.5 1613.0
956.0 1284.5 1613.0
956.0 1284.5 1613.0
956.0 1284.5 1613.0
956.0 1284.5 1613.0
956.0 1284.5 1613.0
956.0 1284.5 1613.0
956.0 1284.5 1613.0
956.0 1284.5 1613.0
956.0 1284.5 1613.0
956.0 1284.5 1613.0
956.0 1284.5 1613.0
956.0 1284.5 1613.0
956.0 1284.5 1613.0
956.0 1284.5 1613.0
956.0 1284.5 1613.0
956.0 1284.5 1613.0
956.0 1284.5 1613.0
956.0 1284.5 1613.0
956.0 1284.5 1613.0
956.0 1284.5 1613.0
956.0 1284.5 1613.0
956.0 1284.5 1613.0
956.0 1284.5 1613.0
956.0 1284.5 1613.0
956.0 1284.5 1613.0
956.0 1284.5 1613.0
956.0 1284.5 1613.0
956.0 1284.5 1613.0
956.0 1284.5 1613.0
956.0 1284.5 1613.0
956.0 1284.5 1613.0
956.0 1284.5 1613.0
956.0 1284.5 1613.0
956.0 1284.5 1613.0
956.0 1284.5 1613.0
956.0 1284.5 1613.0
956.0 1284.5 1613.0
956.0 1284.5 1613.0
956.0 1284.5 1613.0
956.0 1284.5 1613.0
956.0 1284.5 1613.0
956.0 1284.5 1613.0
956.0 1284.5 1613.0
956.0 1284.5 1613.0
956.0 1284.5 1613.0
956.0 1284.5 1613.0
956.0 1284.5 1613.0
956.0 1284.5 1613.0
956.0 1284.5 1613.0
956.0 1284.5 1613.0
956.0 1284.5 1613.0
956.0 1284.5 1613.0
956.0 1284.5 1613.0
956.0 1284.5 1613.0
956.0 1284.5 1613.0
956.0 1284.5 1613.0
956.0 1284.5 1613.0
956.0 1284.5 1613.0
956.0 1284.5 1613.0
956.0 1284.5 1613.0
956.0 1284.5 1613.0
956.0 1284.5 1613.0
956.0 1284.5 1613.0
956.0 1284.5 1613.0
956.0 1284.5 1613.0
956.0 1284.5 1613.0
956.0 1284.5 1613.0
956.0 1284.5 1613.0
956.0 1284.5 1613.0
956.0 1284.5 1613.0
956.0 1284.5 1613.0
956.0 1284.5 1613.0
956.0 1284.5 1613.0
956.0 1284.5 1613.0
956.0 1284.5 1613.0
956.0 1284.5 1613.0
956.0 1284.5 1613.0
