11235.0 11430.0 11625.0
8377.0 9948.5 11520.0
7600.0 8075.0 8550.0
6187.0 6274.5 6362.0
4121.0 4499.5 4878.0
2365.0 2970.5 3576.0
1904.0 2481.5 3059.0
1904.0 2394.0 2884.0
2244.0 2394.5 2545.0
2244.0 2411.5 2579.0
1932.0 2070.5 2209.0
1646.0 2029.0 2412.0
1300.0 1856.0 2412.0
1300.0 1507.5 1715.0
1269.0 1492.0 1715.0
993.0 1345.5 1698.0
993.0 1345.5 1698.0
993.0 1345.5 1698.0
993.0 1345.5 1698.0
993.0 1345.5 1698.0
993.0 1345.5 1698.0
993.0 1345.5 1698.0
993.0 1345.5 1698.0
993.0 1345.5 1698.0
993.0 1345.5 1698.0
993.0 1345.5 1698.0
993.0 1345.5 1698.0
993.0 1345.5 1698.0
993.0 1345.5 1698.0
993.0 1345.5 1698.0
993.0 1345.5 1698.0
993.0 1345.5 1698.0
993.0 1345.5 1698.0
993.0 1345.5 1698.0
993.0 1345.5 1698.0
993.0 1345.5 1698.0
993.0 1345.5 1698.0
993.0 1345.5 1698.0
993.0 1345.5 1698.0
993.0 1272.0 1551.0
993.0 1272.0 1551.0
993.0 1272.0 1551.0
993.0 1272.0 1551.0
993.0 1272.0 1551.0
993.0 1272.0 1551.0
993.0 1272.0 1551.0
993.0 1272.0 1551.0
993.0 1272.0 1551.0
993.0 1272.0 1551.0
993.0 1272.0 1551.0
993.0 1272.0 1551.0
993.0 1272.0 1551.0
993.0 1272.0 1551.0
993.0 1272.0 1551.0
993.0 1272.0 1551.0
993.0 1272.0 1551.0
993.0 1272.0 1551.0
993.0 1272.0 1551.0
993.0 1272.0 1551.0
993.0 1272.0 1551.0
993.0 1272.0 1551.0
993.0 1272.0 1551.0
993.0 1272.0 1551.0
993.0 1272.0 1551.0
993.0 1272.0 1551.0
993.0 1272.0 1551.0
993.0 1272.0 1551.0
993.0 1272.0 1551.0
993.0 1272.0 1551.0
993.0 1272.0 1551.0
993.0 1272.0 1551.0
993.0 1272.0 1551.0
993.0 1272.0 1551.0
993.0 1272.0 1551.0
993.0 1272.0 1551.0
993.0 1272.0 1551.0
993.0 1272.0 1551.0
993.0 1272.0 1551.0
993.0 1272.0 1551.0
993.0 1272.0 1551.0
993.0 1272.0 1551.0
993.0 1272.0 1551.0
993.0 1272.0 1551.0
993.0 1272.0 1551.0
993.0 1272.0 1551.0
993.0 1272.0 1551.0
993.0 1272.0 1551.0
993.0 1272.0 1551.0
993.0 1272.0 1551.0
993.0 1272.0 1551.0
993.0 1272.0 1551.0
993.0 1272.0 1551.0
993.0 1272.0 1551.0
993.0 1272.0 1551.0
993.0 1272.0 1551.0
993.0 1272.0 1551.0
993.0 1272.0 1551.0
993.0 1272.0 1551.0
993.0 1272.0 1551.0
993.0 1272.0 1551.0
993.0 1272.0 1551.0
993.0 1256.0 1519.0
993.0 1256.0 1519.0
993.0 1272.0 1551.0
993.0 1272.0 1551.0
993.0 1272.0 1551.0
993.0 1272.0 1551.0
993.0 1272.0 1551.0
993.0 1272.0 1551.0
993.0 1272.0 1551.0
993.0 1272.0 1551.0
993.0 1272.0 1551.0
993.0 1272.0 1551.0
993.0 1272.0 1551.0
993.0 1272.0 1551.0
993.0 1272.0 1551.0
993.0 1272.0 1551.0
993.0 1272.0 1551.0
993.0 1272.0 1551.0
993.0 1272.0 1551.0
993.0 1272.0 1551.0
993.0 1272.0 1551.0
993.0 1272.0 1551.0
993.0 1272.0 1551.0
993.0 1272.0 1551.0
993.0 1272.0 1551.0
993.0 1272.0 1551.0
993.0 1272.0 1551.0
993.0 1272.0 1551.0
993.0 1272.0 1551.0
993.0 1272.0 1551.0
993.0 1272.0 1551.0
993.0 1272.0 1551.0
993.0 1272.0 1551.0
993.0 1272.0 1551.0
993.0 1272.0 1551.0
993.0 1272.0 1551.0
993.0 1272.0 1551.0
993.0 1272.0 1551.0
993.0 1272.0 1551.0
993.0 1272.0 1551.0
993.0 1272.0 1551.0
993.0 1272.0 1551.0
993.0 1272.0 1551.0
993.0 1272.0 1551.0
993.0 1272.0 1551.0
993.0 1272.0 1551.0
993.0 1272.0 1551.0
993.0 1272.0 1551.0
993.0 1272.0 1551.0
993.0 1272.0 1551.0
993.0 1272.0 1551.0
993.0 1272.0 1551.0
993.0 1272.0 1551.0
993.0 994.0 995.0
993.0 994.0 995.0
912.0 952.5 993.0
912.0 952.5 993.0
912.0 952.5 993.0
912.0 952.5 993.0
912.0 952.5 993.0
912.0 952.5 993.0
912.0 952.5 993.0
912.0 952.5 993.0
912.0 952.5 993.0
912.0 952.5 993.0
912.0 952.5 993.0
912.0 952.5 993.0
912.0 952.5 993.0
912.0 952.5 993.0
912.0 952.5 993.0
912.0 952.5 993.0
912.0 952.5 993.0
912.0 952.5 993.0
912.0 952.5 993.0
912.0 952.5 993.0
912.0 952.5 993.0
912.0 952.5 993.0
912.0 952.5 993.0
912.0 952.5 993.0
912.0 952.5 993.0
912.0 952.5 993.0
912.0 952.5 993.0
912.0 952.5 993.0
912.0 952.5 993.0
912.0 952.5 993.0
912.0 952.5 993.0
912.0 952.5 993.0
912.0 952.5 993.0
912.0 952.5 993.0
912.0 952.5 993.0
912.0 952.5 993.0
912.0 952.5 993.0
912.0 952.5 993.0
912.0 952.5 993.0
912.0 952.5 993.0
912.0 952.5 993.0
912.0 952.5 993.0
912.0 952.5 993.0
912.0 952.5 993.0
