13425.0 13797.5 14170.0
10211.0 11371.0 12531.0
9203.0 10175.0 11147.0
6762.0 7945.5 9129.0
5814.0 6554.5 7295.0
5311.0 5903.0 6495.0
4968.0 5139.5 5311.0
3792.0 4257.0 4722.0
3783.0 3787.5 3792.0
3639.0 3715.5 3792.0
2502.0 3047.5 3593.0
2502.0 2683.0 2864.0
2427.0 2464.5 2502.0
2114.0 2669.5 3225.0
1489.0 1546.0 1603.0
1461.0 1475.0 1489.0
1461.0 1475.0 1489.0
1461.0 1475.0 1489.0
1461.0 1475.0 1489.0
1461.0 1475.0 1489.0
1461.0 1475.0 1489.0
1461.0 1475.0 1489.0
1461.0 1475.0 1489.0
1461.0 1475.0 1489.0
1461.0 1475.0 1489.0
1461.0 1475.0 1489.0
1461.0 1475.0 1489.0
1461.0 1475.0 1489.0
1461.0 1475.0 1489.0
1461.0 1475.0 1489.0
1461.0 1475.0 1489.0
1461.0 1475.0 1489.0
1461.0 1475.0 1489.0
1461.0 1475.0 1489.0
1461.0 1475.0 1489.0
1461.0 1475.0 1489.0
1461.0 1475.0 1489.0
1461.0 1475.0 1489.0
1461.0 1475.0 1489.0
1461.0 1475.0 1489.0
1461.0 1475.0 1489.0
1461.0 1475.0 1489.0
1461.0 1475.0 1489.0
1461.0 1475.0 1489.0
1461.0 1475.0 1489.0
1461.0 1475.0 1489.0
1461.0 1475.0 1489.0
1461.0 1475.0 1489.0
1461.0 1475.0 1489.0
1461.0 1475.0 1489.0
1461.0 1475.0 1489.0
1461.0 1475.0 1489.0
1461.0 1475.0 1489.0
1461.0 1475.0 1489.0
1461.0 1475.0 1489.0
1461.0 1475.0 1489.0
1461.0 1475.0 1489.0
1461.0 1475.0 1489.0
1461.0 1475.0 1489.0
1461.0 1475.0 1489.0
1461.0 1475.0 1489.0
1461.0 1475.0 1489.0
1461.0 1475.0 1489.0
1461.0 1563.0 1665.0
1461.0 1563.0 1665.0
1461.0 1563.0 1665.0
1461.0 1563.0 1665.0
1461.0 1563.0 1665.0
1461.0 1563.0 1665.0
1461.0 1563.0 1665.0
1461.0 1563.0 1665.0
1461.0 1563.0 1665.0
1461.0 1563.0 1665.0
1461.0 1563.0 1665.0
1461.0 1563.0 1665.0
1461.0 1563.0 1665.0
1461.0 1563.0 1665.0
1461.0 1563.0 1665.0
1461.0 1563.0 1665.0
1461.0 1563.0 1665.0
1461.0 1563.0 1665.0
1461.0 1563.0 1665.0
1461.0 1563.0 1665.0
1461.0 1563.0 1665.0
1461.0 1563.0 1665.0
1461.0 1563.0 1665.0
1461.0 1563.0 1665.0
1461.0 1563.0 1665.0
1461.0 1563.0 1665.0
1461.0 1563.0 1665.0
1461.0 1563.0 1665.0
1461.0 1563.0 1665.0
1461.0 1563.0 1665.0
1461.0 1563.0 1665.0
1461.0 1563.0 1665.0
1461.0 1563.0 1665.0
1461.0 1563.0 1665.0
1461.0 1563.0 1665.0
1461.0 1563.0 1665.0
1461.0 1563.0 1665.0
1461.0 1563.0 1665.0
1192.0 1326.5 1461.0
1192.0 1326.5 1461.0
1192.0 1326.5 1461.0
1192.0 1326.5 1461.0
1192.0 1326.5 1461.0
1192.0 1326.5 1461.0
1192.0 1326.5 1461.0
1192.0 1326.5 1461.0
1192.0 1326.5 1461.0
1192.0 1326.5 1461.0
1192.0 1326.5 1461.0
1192.0 1326.5 1461.0
1192.0 1326.5 1461.0
1192.0 1326.5 1461.0
1192.0 1326.5 1461.0
1192.0 1326.5 1461.0
1192.0 1326.5 1461.0
1192.0 1326.5 1461.0
1192.0 1326.5 1461.0
1192.0 1326.5 1461.0
1192.0 1326.5 1461.0
1192.0 1326.5 1461.0
1192.0 1326.5 1461.0
1192.0 1326.5 1461.0
1192.0 1326.5 1461.0
1192.0 1326.5 1461.0
1192.0 1326.5 1461.0
1192.0 1326.5 1461.0
1192.0 1326.5 1461.0
1192.0 1326.5 1461.0
1192.0 1326.5 1461.0
1192.0 1326.5 1461.0
1192.0 1326.5 1461.0
1192.0 1326.5 1461.0
1192.0 1326.5 1461.0
1192.0 1326.5 1461.0
1192.0 1326.5 1461.0
1192.0 1326.5 1461.0
1192.0 1326.5 1461.0
1192.0 1326.5 1461.0
1192.0 1326.5 1461.0
1192.0 1326.5 1461.0
1192.0 1326.5 1461.0
1192.0 1326.5 1461.0
1192.0 1326.5 1461.0
1192.0 1326.5 1461.0
1192.0 1326.5 1461.0
1192.0 1326.5 1461.0
1192.0 1326.5 1461.0
1192.0 1326.5 1461.0
1192.0 1326.5 1461.0
1192.0 1326.5 1461.0
1192.0 1326.5 1461.0
1192.0 1326.5 1461.0
1192.0 1326.5 1461.0
1192.0 1326.5 1461.0
1192.0 1326.5 1461.0
1192.0 1326.5 1461.0
1192.0 1326.5 1461.0
1192.0 1326.5 1461.0
1192.0 1326.5 1461.0
1192.0 1326.5 1461.0
1192.0 1326.5 1461.0
1192.0 1326.5 1461.0
1192.0 1326.5 1461.0
1192.0 1326.5 1461.0
1192.0 1326.5 1461.0
1192.0 1326.5 1461.0
1192.0 1326.5 1461.0
1192.0 1326.5 1461.0
1192.0 1326.5 1461.0
1192.0 1326.5 1461.0
1192.0 1326.5 1461.0
1192.0 1326.5 1461.0
1192.0 1326.5 1461.0
1192.0 1326.5 1461.0
1192.0 1326.5 1461.0
1192.0 1326.5 1461.0
1192.0 1326.5 1461.0
1192.0 1326.5 1461.0
1192.0 1326.5 1461.0
1192.0 1326.5 1461.0
1192.0 1326.5 1461.0
1192.0 1326.5 1461.0
1192.0 1326.5 1461.0
1192.0 1326.5 1461.0
1192.0 1326.5 1461.0
1192.0 1326.5 1461.0
1192.0 1326.5 1461.0
1192.0 1326.5 1461.0
1192.0 1326.5 1461.0
1192.0 1326.5 1461.0
1192.0 1326.5 1461.0
1192.0 1326.5 1461.0
1192.0 1326.5 1461.0
1192.0 1326.5 1461.0
1192.0 1326.5 1461.0
1192.0 1326.5 1461.0
1192.0 1326.5 1461.0
