13312.0 15054.0 16796.0
10356.0 11755.0 13154.0
9160.0 9544.0 9928.0
7075.0 7446.0 7817.0
7569.0 7965.5 8362.0
5564.0 6796.0 8028.0
4637.0 6072.5 7508.0
4402.0 5215.0 6028.0
3543.0 4195.5 4848.0
2720.0 3291.5 3863.0
2047.0 2651.0 3255.0
2047.0 2651.0 3255.0
2047.0 2147.5 2248.0
2047.0 2147.5 2248.0
2047.0 2147.5 2248.0
2047.0 2147.5 2248.0
2047.0 2147.5 2248.0
2047.0 2147.5 2248.0
2047.0 2147.5 2248.0
2047.0 2147.5 2248.0
2047.0 2147.5 2248.0
2047.0 2147.5 2248.0
2047.0 2147.5 2248.0
2047.0 2147.5 2248.0
2047.0 2147.5 2248.0
2047.0 2147.5 2248.0
2047.0 2147.5 2248.0
2047.0 2199.5 2352.0
1547.0 1797.0 2047.0
1547.0 1797.0 2047.0
1547.0 1797.0 2047.0
1547.0 1797.0 2047.0
1547.0 1797.0 2047.0
1547.0 1797.0 2047.0
1547.0 1797.0 2047.0
1547.0 1797.0 2047.0
1547.0 1797.0 2047.0
1547.0 1797.0 2047.0
1547.0 1797.0 2047.0
1547.0 1797.0 2047.0
1547.0 1797.0 2047.0
1547.0 1797.0 2047.0
1547.0 1797.0 2047.0
1547.0 1797.0 2047.0
1547.0 1797.0 2047.0
1547.0 1797.0 2047.0
1547.0 1797.0 2047.0
1547.0 1797.0 2047.0
1547.0 1797.0 2047.0
1547.0 1797.0 2047.0
1547.0 1797.0 2047.0
1547.0 1797.0 2047.0
1547.0 1797.0 2047.0
1547.0 1797.0 2047.0
1547.0 1797.0 2047.0
1547.0 1797.0 2047.0
1547.0 1797.0 2047.0
1547.0 1797.0 2047.0
1547.0 1797.0 2047.0
1547.0 1797.0 2047.0
1547.0 1797.0 2047.0
1547.0 1797.0 2047.0
1547.0 1797.0 2047.0
1547.0 1797.0 2047.0
1547.0 1797.0 2047.0
1547.0 1797.0 2047.0
1547.0 1629.0 1711.0
1547.0 1629.0 1711.0
1547.0 1629.0 1711.0
1547.0 1629.0 1711.0
1547.0 1629.0 1711.0
1547.0 1629.0 1711.0
1547.0 1629.0 1711.0
1547.0 1629.0 1711.0
1547.0 1629.0 1711.0
1547.0 1629.0 1711.0
1547.0 1629.0 1711.0
1547.0 1629.0 1711.0
1547.0 1629.0 1711.0
1547.0 1629.0 1711.0
1547.0 1629.0 1711.0
1547.0 1629.0 1711.0
1547.0 1629.0 1711.0
1547.0 1629.0 1711.0
1547.0 1629.0 1711.0
1547.0 1629.0 1711.0
1547.0 1629.0 1711.0
1547.0 1629.0 1711.0
1547.0 1629.0 1711.0
1547.0 1629.0 1711.0
1547.0 1629.0 1711.0
1547.0 1629.0 1711.0
1547.0 1629.0 1711.0
1547.0 1629.0 1711.0
1547.0 1629.0 1711.0
1547.0 1629.0 1711.0
1547.0 1629.0 1711.0
1547.0 1629.0 1711.0
1547.0 1629.0 1711.0
1547.0 1629.0 1711.0
1547.0 1629.0 1711.0
1547.0 1629.0 1711.0
1547.0 1629.0 1711.0
1547.0 1629.0 1711.0
1547.0 1629.0 1711.0
1547.0 1629.0 1711.0
1547.0 1629.0 1711.0
1547.0 1629.0 1711.0
1547.0 1629.0 1711.0
1547.0 1629.0 1711.0
1547.0 1629.0 1711.0
1547.0 1629.0 1711.0
1547.0 1629.0 1711.0
1547.0 1629.0 1711.0
1360.0 1535.5 1711.0
1547.0 1629.0 1711.0
1323.0 1517.0 1711.0
1323.0 1517.0 1711.0
1323.0 1517.0 1711.0
1323.0 1517.0 1711.0
1323.0 1517.0 1711.0
1323.0 1517.0 1711.0
1323.0 1517.0 1711.0
1323.0 1517.0 1711.0
1323.0 1517.0 1711.0
1323.0 1517.0 1711.0
1323.0 1517.0 1711.0
1323.0 1517.0 1711.0
1323.0 1517.0 1711.0
1323.0 1517.0 1711.0
1323.0 1517.0 1711.0
1323.0 1517.0 1711.0
1323.0 1517.0 1711.0
1323.0 1517.0 1711.0
1323.0 1517.0 1711.0
1323.0 1517.0 1711.0
1323.0 1517.0 1711.0
1323.0 1517.0 1711.0
1323.0 1517.0 1711.0
1323.0 1517.0 1711.0
1323.0 1517.0 1711.0
1323.0 1517.0 1711.0
1323.0 1517.0 1711.0
1323.0 1530.0 1737.0
1323.0 1530.0 1737.0
1323.0 1530.0 1737.0
1323.0 1530.0 1737.0
1323.0 1530.0 1737.0
1323.0 1530.0 1737.0
1323.0 1530.0 1737.0
1323.0 1530.0 1737.0
1323.0 1530.0 1737.0
1323.0 1530.0 1737.0
1323.0 1530.0 1737.0
1323.0 1530.0 1737.0
1323.0 1530.0 1737.0
1323.0 1530.0 1737.0
1323.0 1530.0 1737.0
1323.0 1530.0 1737.0
1323.0 1530.0 1737.0
1323.0 1530.0 1737.0
1323.0 1530.0 1737.0
1323.0 1530.0 1737.0
1323.0 1530.0 1737.0
1323.0 1530.0 1737.0
1323.0 1530.0 1737.0
1323.0 1530.0 1737.0
1323.0 1530.0 1737.0
1323.0 1530.0 1737.0
1323.0 1530.0 1737.0
1323.0 1530.0 1737.0
1323.0 1530.0 1737.0
1323.0 1530.0 1737.0
1323.0 1530.0 1737.0
1323.0 1530.0 1737.0
1323.0 1530.0 1737.0
1323.0 1530.0 1737.0
1323.0 1530.0 1737.0
1323.0 1530.0 1737.0
1323.0 1530.0 1737.0
1323.0 1530.0 1737.0
1323.0 1530.0 1737.0
1323.0 1530.0 1737.0
1323.0 1530.0 1737.0
1323.0 1530.0 1737.0
1323.0 1530.0 1737.0
1323.0 1530.0 1737.0
1323.0 1530.0 1737.0
1323.0 1530.0 1737.0
1323.0 1530.0 1737.0
1323.0 1530.0 1737.0
1323.0 1530.0 1737.0
1323.0 1530.0 1737.0
1323.0 1530.0 1737.0
1323.0 1530.0 1737.0
1323.0 1530.0 1737.0
1323.0 1530.0 1737.0
1323.0 1530.0 1737.0
1323.0 1530.0 1737.0
1323.0 1530.0 1737.0
