11100.0 11729.0 12358.0
9193.0 10340.5 11488.0
7079.0 7407.0 7735.0
6181.0 6493.5 6806.0
4320.0 4712.0 5104.0
3856.0 4036.0 4216.0
3312.0 3397.0 3482.0
1864.0 2037.5 2211.0
1864.0 2037.5 2211.0
1285.0 1432.0 1579.0
1285.0 1432.0 1579.0
1074.0 1179.5 1285.0
1074.0 1179.5 1285.0
1074.0 1179.5 1285.0
1074.0 1179.5 1285.0
1074.0 1179.5 1285.0
1074.0 1179.5 1285.0
1074.0 1179.5 1285.0
1074.0 1179.5 1285.0
1074.0 1179.5 1285.0
1074.0 1179.5 1285.0
1074.0 1179.5 1285.0
1074.0 1179.5 1285.0
1074.0 1179.5 1285.0
1074.0 1179.5 1285.0
1074.0 1179.5 1285.0
1074.0 1179.5 1285.0
1074.0 1179.5 1285.0
1074.0 1179.5 1285.0
1074.0 1179.5 1285.0
1074.0 1179.5 1285.0
1074.0 1179.5 1285.0
1074.0 1179.5 1285.0
1074.0 1179.5 1285.0
1074.0 1179.5 1285.0
1074.0 1179.5 1285.0
1074.0 1179.5 1285.0
1074.0 1179.5 1285.0
1074.0 1179.5 1285.0
1074.0 1179.5 1285.0
1074.0 1179.5 1285.0
1074.0 1179.5 1285.0
1074.0 1179.5 1285.0
1074.0 1179.5 1285.0
1074.0 1179.5 1285.0
1074.0 1179.5 1285.0
1074.0 1179.5 1285.0
1074.0 1179.5 1285.0
1074.0 1179.5 1285.0
1074.0 1179.5 1285.0
1074.0 1179.5 1285.0
1074.0 1179.5 1285.0
1074.0 1179.5 1285.0
1074.0 1179.5 1285.0
1074.0 1179.5 1285.0
1074.0 1179.5 1285.0
1074.0 1179.5 1285.0
1074.0 1179.5 1285.0
1074.0 1179.5 1285.0
1074.0 1179.5 1285.0
1074.0 1179.5 1285.0
1074.0 1179.5 1285.0
1074.0 1179.5 1285.0
1074.0 1179.5 1285.0
1074.0 1179.5 1285.0
1074.0 1179.5 1285.0
1074.0 1179.5 1285.0
1074.0 1179.5 1285.0
1074.0 1179.5 1285.0
1074.0 1179.5 1285.0
1074.0 1179.5 1285.0
1074.0 1179.5 1285.0
1074.0 1179.5 1285.0
1074.0 1179.5 1285.0
1074.0 1179.5 1285.0
1074.0 1179.5 1285.0
1074.0 1179.5 1285.0
1074.0 1179.5 1285.0
1074.0 1179.5 1285.0
1074.0 1179.5 1285.0
1074.0 1343.5 1613.0
1074.0 1343.5 1613.0
1074.0 1343.5 1613.0
1074.0 1238.0 1402.0
1074.0 1238.0 1402.0
1074.0 1238.0 1402.0
1074.0 1238.0 1402.0
1074.0 1238.0 1402.0
1074.0 1238.0 1402.0
1074.0 1238.0 1402.0
1074.0 1238.0 1402.0
1074.0 1238.0 1402.0
1074.0 1238.0 1402.0
1074.0 1238.0 1402.0
1074.0 1238.0 1402.0
1074.0 1238.0 1402.0
1074.0 1238.0 1402.0
1074.0 1238.0 1402.0
1074.0 1238.0 1402.0
1074.0 1238.0 1402.0
1074.0 1238.0 1402.0
1074.0 1238.0 1402.0
1074.0 1238.0 1402.0
1074.0 1238.0 1402.0
1074.0 1238.0 1402.0
1074.0 1238.0 1402.0
1074.0 1238.0 1402.0
1074.0 1238.0 1402.0
1074.0 1238.0 1402.0
1074.0 1238.0 1402.0
1074.0 1238.0 1402.0
1074.0 1238.0 1402.0
1074.0 1238.0 1402.0
1074.0 1238.0 1402.0
1074.0 1238.0 1402.0
1074.0 1238.0 1402.0
1074.0 1238.0 1402.0
1074.0 1238.0 1402.0
1074.0 1238.0 1402.0
1074.0 1238.0 1402.0
1074.0 1238.0 1402.0
1074.0 1238.0 1402.0
1074.0 1238.0 1402.0
1074.0 1238.0 1402.0
1074.0 1238.0 1402.0
1074.0 1238.0 1402.0
1074.0 1238.0 1402.0
1074.0 1238.0 1402.0
1074.0 1238.0 1402.0
1074.0 1238.0 1402.0
1074.0 1238.0 1402.0
1074.0 1238.0 1402.0
1074.0 1238.0 1402.0
1074.0 1238.0 1402.0
1074.0 1238.0 1402.0
1074.0 1238.0 1402.0
1074.0 1238.0 1402.0
1074.0 1238.0 1402.0
1074.0 1238.0 1402.0
1074.0 1238.0 1402.0
1074.0 1238.0 1402.0
1074.0 1238.0 1402.0
1074.0 1238.0 1402.0
1074.0 1238.0 1402.0
1074.0 1238.0 1402.0
1074.0 1238.0 1402.0
1074.0 1238.0 1402.0
1074.0 1238.0 1402.0
1074.0 1238.0 1402.0
1074.0 1238.0 1402.0
1074.0 1238.0 1402.0
1074.0 1238.0 1402.0
1074.0 1238.0 1402.0
1074.0 1238.0 1402.0
1074.0 1238.0 1402.0
1074.0 1238.0 1402.0
1074.0 1238.0 1402.0
1074.0 1238.0 1402.0
1019.0 1046.5 1074.0
1019.0 1046.5 1074.0
1019.0 1046.5 1074.0
1019.0 1046.5 1074.0
1019.0 1046.5 1074.0
1019.0 1046.5 1074.0
1019.0 1046.5 1074.0
1019.0 1046.5 1074.0
1019.0 1046.5 1074.0
1019.0 1046.5 1074.0
1019.0 1046.5 1074.0
1019.0 1046.5 1074.0
1019.0 1046.5 1074.0
1019.0 1046.5 1074.0
1019.0 1046.5 1074.0
1019.0 1046.5 1074.0
1019.0 1046.5 1074.0
1019.0 1046.5 1074.0
1019.0 1046.5 1074.0
1019.0 1046.5 1074.0
1019.0 1046.5 1074.0
1019.0 1046.5 1074.0
1019.0 1046.5 1074.0
1019.0 1046.5 1074.0
1019.0 1046.5 1074.0
1019.0 1046.5 1074.0
1019.0 1046.5 1074.0
1019.0 1046.5 1074.0
1019.0 1046.5 1074.0
1019.0 1046.5 1074.0
1019.0 1046.5 1074.0
1019.0 1046.5 1074.0
1019.0 1046.5 1074.0
1019.0 1046.5 1074.0
1019.0 1046.5 1074.0
1019.0 1046.5 1074.0
1019.0 1046.5 1074.0
1019.0 1046.5 1074.0
1019.0 1046.5 1074.0
1019.0 1046.5 1074.0
1019.0 1046.5 1074.0
1019.0 1046.5 1074.0
