12772.0 13894.5 15017.0
9332.0 10099.5 10867.0
7693.0 8296.5 8900.0
6648.0 6907.0 7166.0
4314.0 5230.0 6146.0
4510.0 5201.0 5892.0
3724.0 4117.0 4510.0
2814.0 3418.5 4023.0
2814.0 2900.5 2987.0
2814.0 2900.5 2987.0
2338.0 2442.5 2547.0
2338.0 2442.5 2547.0
2177.0 2257.5 2338.0
1519.0 1928.5 2338.0
1519.0 1928.5 2338.0
1519.0 1928.5 2338.0
1519.0 1928.5 2338.0
1519.0 1928.5 2338.0
1519.0 1928.5 2338.0
1519.0 1928.5 2338.0
1519.0 1928.5 2338.0
1519.0 1928.5 2338.0
1519.0 1928.5 2338.0
1519.0 1928.5 2338.0
1519.0 1928.5 2338.0
1519.0 1928.5 2338.0
1519.0 1928.5 2338.0
1519.0 1928.5 2338.0
1519.0 1570.5 1622.0
1519.0 1570.5 1622.0
1519.0 1570.5 1622.0
1519.0 1570.5 1622.0
1519.0 1570.5 1622.0
1519.0 1570.5 1622.0
1204.0 1413.0 1622.0
1204.0 1343.5 1483.0
1204.0 1343.5 1483.0
1204.0 1343.5 1483.0
1204.0 1343.5 1483.0
1204.0 1343.5 1483.0
1204.0 1343.5 1483.0
1204.0 1343.5 1483.0
1204.0 1343.5 1483.0
1204.0 1343.5 1483.0
1204.0 1343.5 1483.0
1204.0 1343.5 1483.0
1204.0 1343.5 1483.0
1204.0 1343.5 1483.0
1204.0 1343.5 1483.0
1204.0 1343.5 1483.0
1204.0 1343.5 1483.0
1204.0 1343.5 1483.0
1204.0 1343.5 1483.0
1204.0 1343.5 1483.0
1204.0 1343.5 1483.0
1204.0 1343.5 1483.0
1204.0 1343.5 1483.0
1204.0 1343.5 1483.0
1204.0 1343.5 1483.0
1204.0 1343.5 1483.0
1204.0 1343.5 1483.0
1204.0 1343.5 1483.0
1204.0 1343.5 1483.0
1204.0 1343.5 1483.0
1204.0 1343.5 1483.0
1204.0 1343.5 1483.0
1204.0 1343.5 1483.0
1204.0 1343.5 1483.0
1204.0 1343.5 1483.0
1204.0 1343.5 1483.0
1204.0 1343.5 1483.0
1204.0 1343.5 1483.0
1204.0 1343.5 1483.0
1204.0 1343.5 1483.0
1204.0 1343.5 1483.0
1204.0 1343.5 1483.0
1204.0 1343.5 1483.0
1204.0 1343.5 1483.0
1204.0 1343.5 1483.0
1204.0 1343.5 1483.0
1204.0 1343.5 1483.0
1204.0 1343.5 1483.0
1204.0 1343.5 1483.0
1204.0 1343.5 1483.0
1204.0 1343.5 1483.0
1204.0 1343.5 1483.0
1204.0 1343.5 1483.0
1204.0 1343.5 1483.0
1204.0 1343.5 1483.0
1204.0 1343.5 1483.0
1204.0 1343.5 1483.0
1204.0 1343.5 1483.0
1204.0 1343.5 1483.0
1204.0 1343.5 1483.0
1204.0 1343.5 1483.0
1204.0 1343.5 1483.0
1204.0 1343.5 1483.0
1204.0 1343.5 1483.0
1204.0 1343.5 1483.0
1204.0 1343.5 1483.0
1204.0 1343.5 1483.0
1204.0 1343.5 1483.0
1204.0 1343.5 1483.0
1204.0 1343.5 1483.0
1204.0 1343.5 1483.0
1204.0 1343.5 1483.0
1204.0 1343.5 1483.0
1204.0 1343.5 1483.0
1204.0 1343.5 1483.0
1204.0 1343.5 1483.0
1204.0 1343.5 1483.0
1204.0 1343.5 1483.0
1204.0 1343.5 1483.0
1204.0 1343.5 1483.0
1204.0 1343.5 1483.0
1204.0 1343.5 1483.0
1204.0 1343.5 1483.0
1204.0 1343.5 1483.0
1204.0 1343.5 1483.0
1204.0 1343.5 1483.0
1204.0 1345.0 1486.0
1204.0 1345.0 1486.0
1204.0 1313.5 1423.0
1204.0 1313.5 1423.0
1204.0 1313.5 1423.0
1204.0 1313.5 1423.0
1204.0 1313.5 1423.0
1204.0 1313.5 1423.0
1204.0 1313.5 1423.0
1204.0 1313.5 1423.0
1204.0 1313.5 1423.0
1204.0 1313.5 1423.0
1204.0 1313.5 1423.0
1204.0 1313.5 1423.0
1204.0 1313.5 1423.0
1204.0 1313.5 1423.0
1204.0 1313.5 1423.0
1204.0 1313.5 1423.0
1204.0 1313.5 1423.0
1204.0 1313.5 1423.0
1204.0 1313.5 1423.0
1204.0 1313.5 1423.0
1204.0 1313.5 1423.0
1204.0 1313.5 1423.0
1204.0 1313.5 1423.0
1204.0 1313.5 1423.0
1204.0 1313.5 1423.0
1204.0 1313.5 1423.0
1204.0 1313.5 1423.0
1204.0 1313.5 1423.0
1204.0 1313.5 1423.0
1204.0 1313.5 1423.0
1204.0 1313.5 1423.0
1204.0 1313.5 1423.0
1204.0 1313.5 1423.0
1204.0 1313.5 1423.0
1204.0 1313.5 1423.0
1204.0 1313.5 1423.0
1204.0 1313.5 1423.0
1204.0 1313.5 1423.0
1204.0 1313.5 1423.0
1204.0 1313.5 1423.0
1204.0 1313.5 1423.0
1204.0 1313.5 1423.0
1204.0 1313.5 1423.0
1204.0 1313.5 1423.0
1204.0 1313.5 1423.0
1204.0 1313.5 1423.0
1204.0 1313.5 1423.0
1204.0 1313.5 1423.0
1204.0 1313.5 1423.0
1204.0 1313.5 1423.0
1204.0 1313.5 1423.0
1204.0 1313.5 1423.0
1204.0 1313.5 1423.0
1204.0 1313.5 1423.0
1204.0 1313.5 1423.0
1204.0 1313.5 1423.0
1204.0 1313.5 1423.0
1204.0 1313.5 1423.0
1204.0 1313.5 1423.0
1204.0 1313.5 1423.0
1204.0 1313.5 1423.0
1204.0 1313.5 1423.0
1204.0 1313.5 1423.0
1204.0 1313.5 1423.0
1204.0 1313.5 1423.0
1204.0 1313.5 1423.0
1204.0 1313.5 1423.0
1204.0 1313.5 1423.0
1204.0 1313.5 1423.0
1204.0 1313.5 1423.0
1204.0 1313.5 1423.0
1204.0 1313.5 1423.0
1204.0 1313.5 1423.0
1204.0 1313.5 1423.0
1204.0 1313.5 1423.0
1204.0 1313.5 1423.0
1204.0 1313.5 1423.0
1204.0 1313.5 1423.0
