13726.0 13960.5 14195.0
11955.0 12402.5 12850.0
7443.0 9200.5 10958.0
7443.0 9474.0 11505.0
7131.0 8239.0 9347.0
5207.0 6450.0 7693.0
6476.0 6792.0 7108.0
5448.0 6106.0 6764.0
2389.0 4170.0 5951.0
2389.0 3309.0 4229.0
2346.0 3543.5 4741.0
2002.0 2981.0 3960.0
2002.0 2949.0 3896.0
2002.0 2898.0 3794.0
2002.0 2849.5 3697.0
2002.0 2497.5 2993.0
2002.0 2497.5 2993.0
2002.0 2497.5 2993.0
2002.0 2497.5 2993.0
2002.0 2497.5 2993.0
2002.0 2497.5 2993.0
2002.0 2497.5 2993.0
2002.0 2497.5 2993.0
2002.0 2497.5 2993.0
1900.0 1951.0 2002.0
1900.0 1951.0 2002.0
1900.0 1951.0 2002.0
1900.0 1951.0 2002.0
1900.0 1951.0 2002.0
1900.0 1951.0 2002.0
1900.0 1951.0 2002.0
1900.0 1951.0 2002.0
1900.0 1951.0 2002.0
1900.0 1951.0 2002.0
1900.0 1951.0 2002.0
1900.0 1951.0 2002.0
1900.0 1917.0 1934.0
1900.0 1917.0 1934.0
1900.0 1917.0 1934.0
1647.0 1790.5 1934.0
1647.0 1790.5 1934.0
1647.0 1790.5 1934.0
1647.0 1790.5 1934.0
1647.0 1790.5 1934.0
1647.0 1790.5 1934.0
1647.0 1790.5 1934.0
1647.0 1790.5 1934.0
1647.0 1790.5 1934.0
1647.0 1790.5 1934.0
1647.0 1790.5 1934.0
1647.0 1790.5 1934.0
1647.0 1790.5 1934.0
1647.0 1790.5 1934.0
1647.0 1790.5 1934.0
1647.0 1790.5 1934.0
1647.0 1790.5 1934.0
1647.0 1790.5 1934.0
1647.0 1790.5 1934.0
1647.0 1790.5 1934.0
1647.0 1790.5 1934.0
1647.0 1790.5 1934.0
1647.0 1790.5 1934.0
1647.0 1790.5 1934.0
1647.0 1790.5 1934.0
1647.0 1790.5 1934.0
1647.0 1790.5 1934.0
1647.0 1790.5 1934.0
1647.0 1790.5 1934.0
1647.0 1790.5 1934.0
1647.0 1790.5 1934.0
1647.0 1790.5 1934.0
1647.0 1790.5 1934.0
1647.0 1790.5 1934.0
1647.0 1790.5 1934.0
1647.0 1790.5 1934.0
1647.0 1790.5 1934.0
1647.0 1790.5 1934.0
1647.0 1790.5 1934.0
1647.0 1790.5 1934.0
1647.0 1790.5 1934.0
1647.0 1790.5 1934.0
1647.0 1790.5 1934.0
1647.0 1790.5 1934.0
1647.0 1790.5 1934.0
1647.0 1790.5 1934.0
1647.0 1790.5 1934.0
1647.0 1790.5 1934.0
1647.0 1790.5 1934.0
1647.0 1790.5 1934.0
1647.0 1790.5 1934.0
1647.0 1790.5 1934.0
1647.0 1790.5 1934.0
1647.0 1790.5 1934.0
1647.0 1790.5 1934.0
1647.0 1790.5 1934.0
1647.0 1790.5 1934.0
1647.0 1790.5 1934.0
1647.0 1790.5 1934.0
1647.0 1790.5 1934.0
1647.0 1790.5 1934.0
1647.0 1790.5 1934.0
1647.0 1790.5 1934.0
1647.0 1790.5 1934.0
1647.0 1790.5 1934.0
1647.0 1790.5 1934.0
1647.0 1790.5 1934.0
1647.0 1790.5 1934.0
1647.0 1790.5 1934.0
1647.0 1790.5 1934.0
1647.0 1790.5 1934.0
1647.0 1790.5 1934.0
1647.0 1790.5 1934.0
1647.0 1790.5 1934.0
1647.0 1790.5 1934.0
1647.0 1790.5 1934.0
1647.0 1790.5 1934.0
1647.0 1790.5 1934.0
1647.0 1790.5 1934.0
1647.0 1790.5 1934.0
1647.0 1790.5 1934.0
1647.0 1790.5 1934.0
1647.0 1790.5 1934.0
1647.0 1790.5 1934.0
1647.0 1790.5 1934.0
1647.0 1790.5 1934.0
1647.0 1790.5 1934.0
1647.0 1790.5 1934.0
1647.0 1790.5 1934.0
1647.0 1790.5 1934.0
1647.0 1790.5 1934.0
1647.0 1790.5 1934.0
1647.0 1790.5 1934.0
1647.0 1790.5 1934.0
1647.0 1790.5 1934.0
1647.0 1790.5 1934.0
1647.0 1790.5 1934.0
1647.0 1790.5 1934.0
1647.0 1790.5 1934.0
1647.0 1790.5 1934.0
1647.0 1790.5 1934.0
1647.0 1790.5 1934.0
1647.0 1790.5 1934.0
1647.0 1790.5 1934.0
1647.0 1790.5 1934.0
1647.0 1790.5 1934.0
1548.0 1741.0 1934.0
1548.0 1741.0 1934.0
1548.0 1741.0 1934.0
1548.0 1741.0 1934.0
1548.0 1741.0 1934.0
1548.0 1741.0 1934.0
1548.0 1741.0 1934.0
1548.0 1741.0 1934.0
1548.0 1741.0 1934.0
1548.0 1741.0 1934.0
1548.0 1741.0 1934.0
1548.0 1741.0 1934.0
1548.0 1741.0 1934.0
1548.0 1741.0 1934.0
1548.0 1741.0 1934.0
1548.0 1741.0 1934.0
1548.0 1741.0 1934.0
1548.0 1741.0 1934.0
1548.0 1741.0 1934.0
1548.0 1741.0 1934.0
1548.0 1741.0 1934.0
1548.0 1741.0 1934.0
1548.0 1741.0 1934.0
1548.0 1741.0 1934.0
1548.0 1741.0 1934.0
1548.0 1741.0 1934.0
1548.0 1741.0 1934.0
1548.0 1741.0 1934.0
1548.0 1741.0 1934.0
1548.0 1741.0 1934.0
1548.0 1741.0 1934.0
1548.0 1741.0 1934.0
1548.0 1741.0 1934.0
1548.0 1741.0 1934.0
1548.0 1741.0 1934.0
1548.0 1741.0 1934.0
1548.0 1741.0 1934.0
1548.0 1741.0 1934.0
1548.0 1741.0 1934.0
1548.0 1741.0 1934.0
1548.0 1741.0 1934.0
1548.0 1741.0 1934.0
1548.0 1741.0 1934.0
1548.0 1741.0 1934.0
1548.0 1741.0 1934.0
1548.0 1741.0 1934.0
1548.0 1741.0 1934.0
1548.0 1741.0 1934.0
1548.0 1741.0 1934.0
1548.0 1741.0 1934.0
1548.0 1741.0 1934.0
1548.0 1741.0 1934.0
1548.0 1741.0 1934.0
1548.0 1741.0 1934.0
1548.0 1741.0 1934.0
