11599.0 13240.5 14882.0
11921.0 12520.0 13119.0
10168.0 10786.0 11404.0
7836.0 8081.5 8327.0
6599.0 6602.0 6605.0
4825.0 5135.5 5446.0
4708.0 4766.5 4825.0
4117.0 4412.5 4708.0
2561.0 2976.0 3391.0
1921.0 2421.0 2921.0
1921.0 2421.0 2921.0
1741.0 2331.0 2921.0
1741.0 2331.0 2921.0
1741.0 2331.0 2921.0
1741.0 2331.0 2921.0
1741.0 2331.0 2921.0
1741.0 2331.0 2921.0
1741.0 2331.0 2921.0
1741.0 2331.0 2921.0
1741.0 2331.0 2921.0
1742.0 2331.5 2921.0
1742.0 2331.5 2921.0
1453.0 2187.0 2921.0
1453.0 2187.0 2921.0
1453.0 2187.0 2921.0
1453.0 1784.5 2116.0
1453.0 1784.5 2116.0
1453.0 1612.0 1771.0
1453.0 1612.0 1771.0
1453.0 1612.0 1771.0
1453.0 1612.0 1771.0
1453.0 1612.0 1771.0
1453.0 1612.0 1771.0
1453.0 1612.0 1771.0
1453.0 1612.0 1771.0
1453.0 1612.0 1771.0
1453.0 1612.0 1771.0
1453.0 1612.0 1771.0
1453.0 1612.0 1771.0
1453.0 1612.0 1771.0
1453.0 1612.0 1771.0
1453.0 1612.0 1771.0
1453.0 1612.0 1771.0
1453.0 1612.0 1771.0
1453.0 1612.0 1771.0
1453.0 1612.0 1771.0
1453.0 1612.0 1771.0
1453.0 1612.0 1771.0
1453.0 1612.0 1771.0
1453.0 1612.0 1771.0
1453.0 1612.0 1771.0
1280.0 1525.5 1771.0
1280.0 1525.5 1771.0
1280.0 1525.5 1771.0
1280.0 1525.5 1771.0
1280.0 1525.5 1771.0
1280.0 1525.5 1771.0
1280.0 1525.5 1771.0
1280.0 1525.5 1771.0
1280.0 1525.5 1771.0
1280.0 1525.5 1771.0
1280.0 1525.5 1771.0
1280.0 1525.5 1771.0
1280.0 1525.5 1771.0
1280.0 1525.5 1771.0
1280.0 1525.5 1771.0
1280.0 1525.5 1771.0
1280.0 1525.5 1771.0
1280.0 1525.5 1771.0
1280.0 1525.5 1771.0
1280.0 1525.5 1771.0
1280.0 1525.5 1771.0
1280.0 1525.5 1771.0
1280.0 1525.5 1771.0
1280.0 1525.5 1771.0
1280.0 1525.5 1771.0
1280.0 1525.5 1771.0
1280.0 1525.5 1771.0
1280.0 1525.5 1771.0
1280.0 1525.5 1771.0
1280.0 1525.5 1771.0
1280.0 1525.5 1771.0
1280.0 1525.5 1771.0
1280.0 1525.5 1771.0
1280.0 1525.5 1771.0
1280.0 1525.5 1771.0
1280.0 1525.5 1771.0
1280.0 1525.5 1771.0
1280.0 1525.5 1771.0
1280.0 1525.5 1771.0
1280.0 1525.5 1771.0
1280.0 1525.5 1771.0
1280.0 1525.5 1771.0
1280.0 1525.5 1771.0
1280.0 1525.5 1771.0
1280.0 1525.5 1771.0
1280.0 1525.5 1771.0
1280.0 1525.5 1771.0
1280.0 1525.5 1771.0
1280.0 1525.5 1771.0
1280.0 1525.5 1771.0
1280.0 1525.5 1771.0
1280.0 1525.5 1771.0
1280.0 1525.5 1771.0
1280.0 1525.5 1771.0
1280.0 1525.5 1771.0
1280.0 1525.5 1771.0
1280.0 1525.5 1771.0
1280.0 1525.5 1771.0
1280.0 1525.5 1771.0
1280.0 1525.5 1771.0
1280.0 1525.5 1771.0
1280.0 1525.5 1771.0
1280.0 1525.5 1771.0
1280.0 1525.5 1771.0
1280.0 1525.5 1771.0
1280.0 1525.5 1771.0
1280.0 1525.5 1771.0
1280.0 1525.5 1771.0
1280.0 1525.5 1771.0
1280.0 1525.5 1771.0
1280.0 1525.5 1771.0
1280.0 1525.5 1771.0
1280.0 1525.5 1771.0
1280.0 1525.5 1771.0
1280.0 1525.5 1771.0
1280.0 1525.5 1771.0
1280.0 1525.5 1771.0
1280.0 1525.5 1771.0
1280.0 1525.5 1771.0
1280.0 1525.5 1771.0
1287.0 1384.0 1481.0
1287.0 1384.0 1481.0
1287.0 1384.0 1481.0
1073.0 1180.0 1287.0
1073.0 1180.0 1287.0
1073.0 1180.0 1287.0
1073.0 1180.0 1287.0
1073.0 1180.0 1287.0
1073.0 1180.0 1287.0
1073.0 1180.0 1287.0
1073.0 1180.0 1287.0
1073.0 1180.0 1287.0
1073.0 1180.0 1287.0
1073.0 1180.0 1287.0
1073.0 1180.0 1287.0
1073.0 1180.0 1287.0
1073.0 1180.0 1287.0
1073.0 1180.0 1287.0
1073.0 1180.0 1287.0
1073.0 1180.0 1287.0
1073.0 1180.0 1287.0
1073.0 1180.0 1287.0
1073.0 1180.0 1287.0
1073.0 1180.0 1287.0
1073.0 1180.0 1287.0
1073.0 1180.0 1287.0
1073.0 1180.0 1287.0
1073.0 1180.0 1287.0
1073.0 1180.0 1287.0
1073.0 1180.0 1287.0
1073.0 1180.0 1287.0
1073.0 1180.0 1287.0
1073.0 1180.0 1287.0
1073.0 1180.0 1287.0
1073.0 1180.0 1287.0
1073.0 1180.0 1287.0
1073.0 1180.0 1287.0
1073.0 1180.0 1287.0
1073.0 1180.0 1287.0
1073.0 1180.0 1287.0
1073.0 1180.0 1287.0
1073.0 1180.0 1287.0
1073.0 1180.0 1287.0
1073.0 1180.0 1287.0
1073.0 1180.0 1287.0
1073.0 1180.0 1287.0
1073.0 1180.0 1287.0
1073.0 1180.0 1287.0
1073.0 1180.0 1287.0
1073.0 1180.0 1287.0
1073.0 1180.0 1287.0
1073.0 1180.0 1287.0
1073.0 1180.0 1287.0
1073.0 1180.0 1287.0
1073.0 1180.0 1287.0
1073.0 1180.0 1287.0
1073.0 1180.0 1287.0
1073.0 1180.0 1287.0
1073.0 1180.0 1287.0
1073.0 1180.0 1287.0
1073.0 1180.0 1287.0
1073.0 1180.0 1287.0
1073.0 1180.0 1287.0
1073.0 1180.0 1287.0
1073.0 1180.0 1287.0
1073.0 1180.0 1287.0
1073.0 1180.0 1287.0
1073.0 1180.0 1287.0
1073.0 1180.0 1287.0
