11052.0 11405.5 11759.0
10263.0 10658.0 11053.0
6525.0 7802.0 9079.0
6525.0 6783.5 7042.0
3876.0 5083.5 6291.0
3012.0 4035.0 5058.0
3012.0 3537.5 4063.0
3012.0 3369.0 3726.0
3012.0 3054.0 3096.0
1908.0 2460.0 3012.0
1723.0 2367.5 3012.0
1723.0 2274.0 2825.0
1723.0 2008.5 2294.0
1723.0 2142.5 2562.0
1723.0 2142.5 2562.0
1723.0 1853.5 1984.0
1723.0 1819.0 1915.0
1723.0 1819.0 1915.0
1723.0 1814.5 1906.0
1723.0 1814.5 1906.0
1723.0 1814.5 1906.0
1723.0 1814.5 1906.0
1723.0 1814.5 1906.0
1723.0 1814.5 1906.0
1723.0 1814.5 1906.0
1723.0 1814.5 1906.0
1723.0 1814.5 1906.0
1723.0 1814.5 1906.0
1723.0 1814.5 1906.0
1723.0 1814.5 1906.0
1723.0 1814.5 1906.0
1593.0 1749.5 1906.0
1159.0 1532.5 1906.0
1159.0 1532.5 1906.0
1159.0 1532.5 1906.0
1159.0 1532.5 1906.0
1159.0 1532.5 1906.0
1159.0 1532.5 1906.0
1159.0 1532.5 1906.0
1159.0 1532.5 1906.0
1159.0 1532.5 1906.0
1159.0 1532.5 1906.0
1159.0 1532.5 1906.0
1159.0 1532.5 1906.0
1159.0 1532.5 1906.0
1159.0 1532.5 1906.0
1159.0 1532.5 1906.0
1159.0 1532.5 1906.0
1159.0 1532.5 1906.0
1159.0 1532.5 1906.0
1159.0 1532.5 1906.0
1159.0 1532.5 1906.0
1159.0 1532.5 1906.0
1159.0 1532.5 1906.0
1159.0 1532.5 1906.0
1159.0 1532.5 1906.0
1159.0 1532.5 1906.0
1159.0 1549.0 1939.0
1159.0 1549.0 1939.0
1159.0 1549.0 1939.0
1159.0 1549.0 1939.0
1159.0 1549.0 1939.0
1159.0 1549.0 1939.0
1159.0 1549.0 1939.0
1159.0 1549.0 1939.0
1159.0 1549.0 1939.0
1159.0 1549.0 1939.0
1159.0 1549.0 1939.0
1159.0 1549.0 1939.0
1159.0 1549.0 1939.0
1159.0 1549.0 1939.0
1159.0 1549.0 1939.0
1159.0 1549.0 1939.0
1159.0 1549.0 1939.0
1159.0 1549.0 1939.0
1159.0 1549.0 1939.0
1159.0 1549.0 1939.0
1159.0 1549.0 1939.0
1159.0 1549.0 1939.0
1159.0 1549.0 1939.0
1159.0 1549.0 1939.0
1159.0 1549.0 1939.0
1159.0 1549.0 1939.0
1159.0 1549.0 1939.0
1159.0 1549.0 1939.0
1159.0 1549.0 1939.0
1159.0 1549.0 1939.0
1159.0 1549.0 1939.0
1159.0 1549.0 1939.0
1159.0 1549.0 1939.0
1159.0 1549.0 1939.0
1159.0 1549.0 1939.0
1159.0 1549.0 1939.0
1159.0 1549.0 1939.0
1159.0 1549.0 1939.0
1159.0 1549.0 1939.0
1159.0 1549.0 1939.0
1159.0 1549.0 1939.0
1159.0 1549.0 1939.0
1159.0 1549.0 1939.0
1159.0 1549.0 1939.0
1159.0 1549.0 1939.0
1159.0 1549.0 1939.0
1159.0 1549.0 1939.0
1159.0 1549.0 1939.0
1159.0 1549.0 1939.0
1159.0 1549.0 1939.0
1159.0 1549.0 1939.0
1159.0 1549.0 1939.0
1159.0 1549.0 1939.0
1159.0 1549.0 1939.0
1159.0 1549.0 1939.0
1159.0 1549.0 1939.0
1159.0 1549.0 1939.0
1159.0 1549.0 1939.0
1159.0 1549.0 1939.0
1159.0 1549.0 1939.0
1159.0 1549.0 1939.0
1159.0 1549.0 1939.0
1159.0 1549.0 1939.0
1159.0 1549.0 1939.0
1159.0 1549.0 1939.0
1159.0 1549.0 1939.0
1159.0 1549.0 1939.0
1159.0 1549.0 1939.0
1159.0 1549.0 1939.0
1159.0 1549.0 1939.0
1159.0 1549.0 1939.0
984.0 1071.5 1159.0
984.0 1071.5 1159.0
984.0 1071.5 1159.0
984.0 1071.5 1159.0
984.0 1071.5 1159.0
984.0 1071.5 1159.0
984.0 1071.5 1159.0
984.0 1071.5 1159.0
984.0 1071.5 1159.0
984.0 1071.5 1159.0
984.0 1071.5 1159.0
984.0 1071.5 1159.0
984.0 1071.5 1159.0
984.0 1071.5 1159.0
984.0 1071.5 1159.0
984.0 1071.5 1159.0
984.0 1071.5 1159.0
984.0 1071.5 1159.0
984.0 1071.5 1159.0
984.0 1071.5 1159.0
984.0 1071.5 1159.0
984.0 1071.5 1159.0
984.0 1071.5 1159.0
984.0 1071.5 1159.0
984.0 1071.5 1159.0
984.0 1071.5 1159.0
984.0 1071.5 1159.0
984.0 1071.5 1159.0
984.0 1071.5 1159.0
984.0 1071.5 1159.0
984.0 1071.5 1159.0
984.0 1071.5 1159.0
984.0 1071.5 1159.0
984.0 1071.5 1159.0
984.0 1071.5 1159.0
984.0 1071.5 1159.0
984.0 1071.5 1159.0
984.0 1071.5 1159.0
984.0 1071.5 1159.0
984.0 1071.5 1159.0
984.0 1071.5 1159.0
984.0 1071.5 1159.0
984.0 1071.5 1159.0
984.0 1071.5 1159.0
984.0 1071.5 1159.0
984.0 1071.5 1159.0
984.0 1071.5 1159.0
984.0 1071.5 1159.0
984.0 1071.5 1159.0
984.0 1071.5 1159.0
984.0 1071.5 1159.0
984.0 1071.5 1159.0
984.0 1071.5 1159.0
984.0 1071.5 1159.0
984.0 1071.5 1159.0
984.0 1071.5 1159.0
984.0 1071.5 1159.0
984.0 1071.5 1159.0
984.0 1071.5 1159.0
984.0 1071.5 1159.0
984.0 1071.5 1159.0
984.0 1071.5 1159.0
984.0 1071.5 1159.0
984.0 1071.5 1159.0
984.0 1071.5 1159.0
984.0 1071.5 1159.0
984.0 1071.5 1159.0
984.0 1071.5 1159.0
984.0 1071.5 1159.0
984.0 1071.5 1159.0
984.0 1071.5 1159.0
984.0 1071.5 1159.0
