13140.0 14296.5 15453.0
11104.0 11911.0 12718.0
6750.0 8221.5 9693.0
5850.0 8178.0 10506.0
4096.0 6114.0 8132.0
4096.0 5035.5 5975.0
4096.0 5035.5 5975.0
3182.0 4543.0 5904.0
1781.0 3339.5 4898.0
1781.0 2422.0 3063.0
1781.0 2422.0 3063.0
1781.0 2422.0 3063.0
1781.0 2599.0 3417.0
1781.0 2252.5 2724.0
2226.0 2475.0 2724.0
2226.0 2475.0 2724.0
2226.0 2475.0 2724.0
2226.0 2475.0 2724.0
2226.0 2475.0 2724.0
2226.0 2475.0 2724.0
2226.0 2475.0 2724.0
2226.0 2475.0 2724.0
2226.0 2475.0 2724.0
2226.0 2475.0 2724.0
2226.0 2475.0 2724.0
2226.0 2475.0 2724.0
2226.0 2475.0 2724.0
2226.0 2475.0 2724.0
2226.0 2475.0 2724.0
2226.0 2234.5 2243.0
2226.0 2234.5 2243.0
2226.0 2234.5 2243.0
2226.0 2234.5 2243.0
2226.0 2234.5 2243.0
2226.0 2234.5 2243.0
2226.0 2234.5 2243.0
2226.0 2234.5 2243.0
2226.0 2234.5 2243.0
2226.0 2234.5 2243.0
2226.0 2234.5 2243.0
2226.0 2234.5 2243.0
2226.0 2234.5 2243.0
2226.0 2234.5 2243.0
2226.0 2234.5 2243.0
2226.0 2234.5 2243.0
1654.0 1940.0 2226.0
1654.0 1940.0 2226.0
1654.0 1940.0 2226.0
1654.0 1940.0 2226.0
1654.0 1940.0 2226.0
1654.0 1940.0 2226.0
1654.0 1940.0 2226.0
1654.0 1940.0 2226.0
1654.0 1940.0 2226.0
1654.0 1940.0 2226.0
1654.0 1940.0 2226.0
1654.0 1940.0 2226.0
1654.0 1940.0 2226.0
1654.0 1940.0 2226.0
1654.0 1940.0 2226.0
1654.0 1940.0 2226.0
1654.0 1940.0 2226.0
1654.0 1940.0 2226.0
1654.0 1940.0 2226.0
1654.0 1940.0 2226.0
1654.0 1940.0 2226.0
1654.0 1940.0 2226.0
1654.0 1940.0 2226.0
1654.0 1940.0 2226.0
1654.0 1940.0 2226.0
1654.0 1940.0 2226.0
1654.0 1940.0 2226.0
1654.0 1940.0 2226.0
1654.0 1940.0 2226.0
1654.0 1940.0 2226.0
1654.0 1940.0 2226.0
1654.0 1940.0 2226.0
1654.0 1940.0 2226.0
1654.0 1940.0 2226.0
1654.0 1940.0 2226.0
1654.0 1940.0 2226.0
1654.0 1940.0 2226.0
1654.0 1940.0 2226.0
1654.0 1940.0 2226.0
1654.0 1940.0 2226.0
1654.0 1940.0 2226.0
1654.0 1940.0 2226.0
1654.0 1940.0 2226.0
1654.0 1940.0 2226.0
1654.0 1940.0 2226.0
1654.0 1940.0 2226.0
1654.0 1940.0 2226.0
1654.0 1940.0 2226.0
1654.0 1940.0 2226.0
1654.0 1940.0 2226.0
1654.0 1919.5 2185.0
1654.0 1919.5 2185.0
1654.0 1919.5 2185.0
1654.0 1919.5 2185.0
1654.0 1919.5 2185.0
1654.0 1919.5 2185.0
1654.0 1919.5 2185.0
1654.0 1919.5 2185.0
1654.0 1919.5 2185.0
1654.0 1919.5 2185.0
1654.0 1919.5 2185.0
1654.0 1919.5 2185.0
1654.0 1919.5 2185.0
1654.0 1919.5 2185.0
1654.0 1919.5 2185.0
1654.0 1919.5 2185.0
1654.0 1919.5 2185.0
1654.0 1919.5 2185.0
1654.0 1919.5 2185.0
1654.0 1919.5 2185.0
1654.0 1919.5 2185.0
1654.0 1919.5 2185.0
1654.0 1919.5 2185.0
1654.0 1919.5 2185.0
1654.0 1919.5 2185.0
1654.0 1919.5 2185.0
1654.0 1919.5 2185.0
1654.0 1919.5 2185.0
1654.0 1919.5 2185.0
1654.0 1919.5 2185.0
1654.0 1919.5 2185.0
1654.0 1919.5 2185.0
1654.0 1919.5 2185.0
1654.0 1919.5 2185.0
1654.0 1919.5 2185.0
1654.0 1919.5 2185.0
1654.0 1919.5 2185.0
1654.0 1919.5 2185.0
1654.0 1919.5 2185.0
1654.0 1919.5 2185.0
1654.0 1919.5 2185.0
1654.0 1919.5 2185.0
1654.0 1919.5 2185.0
1654.0 1919.5 2185.0
1654.0 1919.5 2185.0
1654.0 1919.5 2185.0
1654.0 1919.5 2185.0
1654.0 1919.5 2185.0
1654.0 1919.5 2185.0
1654.0 1919.5 2185.0
1654.0 1919.5 2185.0
1654.0 1919.5 2185.0
1654.0 1919.5 2185.0
1654.0 1919.5 2185.0
1654.0 1919.5 2185.0
1654.0 1919.5 2185.0
1654.0 1919.5 2185.0
1654.0 1919.5 2185.0
1654.0 1919.5 2185.0
1654.0 1919.5 2185.0
1654.0 1919.5 2185.0
1654.0 1919.5 2185.0
1654.0 1919.5 2185.0
1654.0 1919.5 2185.0
1654.0 1919.5 2185.0
1654.0 1919.5 2185.0
1654.0 1919.5 2185.0
1654.0 1919.5 2185.0
1654.0 1919.5 2185.0
1654.0 1919.5 2185.0
1654.0 1919.5 2185.0
1654.0 1919.5 2185.0
1654.0 1919.5 2185.0
1654.0 1919.5 2185.0
1654.0 1919.5 2185.0
1654.0 1919.5 2185.0
1654.0 1919.5 2185.0
1654.0 1919.5 2185.0
1654.0 1919.5 2185.0
1654.0 1919.5 2185.0
1654.0 1919.5 2185.0
1654.0 1919.5 2185.0
1654.0 1919.5 2185.0
1654.0 1919.5 2185.0
1654.0 1919.5 2185.0
1654.0 1919.5 2185.0
1654.0 1919.5 2185.0
1654.0 1919.5 2185.0
1654.0 1919.5 2185.0
1654.0 1919.5 2185.0
1654.0 1919.5 2185.0
1654.0 1919.5 2185.0
1654.0 1919.5 2185.0
1654.0 1675.0 1696.0
1654.0 1675.0 1696.0
1654.0 1675.0 1696.0
1654.0 1675.0 1696.0
1654.0 1675.0 1696.0
1654.0 1675.0 1696.0
1654.0 1675.0 1696.0
1654.0 1675.0 1696.0
1654.0 1675.0 1696.0
1654.0 1675.0 1696.0
1654.0 1675.0 1696.0
1654.0 1675.0 1696.0
