10312.0 12221.5 14131.0
11186.0 11696.5 12207.0
9008.0 9263.5 9519.0
8320.0 8706.0 9092.0
5719.0 6425.0 7131.0
5439.0 5575.5 5712.0
3006.0 3365.5 3725.0
3006.0 3365.5 3725.0
3006.0 3365.5 3725.0
3006.0 3365.5 3725.0
3228.0 3476.5 3725.0
2065.0 2895.0 3725.0
2355.0 3040.0 3725.0
2355.0 3040.0 3725.0
2355.0 2897.5 3440.0
2355.0 2897.5 3440.0
2355.0 3103.5 3852.0
2355.0 3103.5 3852.0
2355.0 3103.5 3852.0
1894.0 2873.0 3852.0
1894.0 2873.0 3852.0
1894.0 2873.0 3852.0
1894.0 2476.5 3059.0
1894.0 2014.0 2134.0
1894.0 2014.0 2134.0
1894.0 2014.0 2134.0
1894.0 2014.0 2134.0
1894.0 2014.0 2134.0
1894.0 2014.0 2134.0
1894.0 2014.0 2134.0
1894.0 2014.0 2134.0
1894.0 2014.0 2134.0
1894.0 2014.0 2134.0
1951.0 2042.5 2134.0
1694.0 1914.0 2134.0
1694.0 1914.0 2134.0
1694.0 1929.0 2164.0
1512.0 1603.0 1694.0
1512.0 1603.0 1694.0
1512.0 1603.0 1694.0
1512.0 1603.0 1694.0
1512.0 1603.0 1694.0
1512.0 1603.0 1694.0
1512.0 1603.0 1694.0
1512.0 1603.0 1694.0
1512.0 1858.0 2204.0
1512.0 1858.0 2204.0
1512.0 1858.0 2204.0
1512.0 1858.0 2204.0
1512.0 1858.0 2204.0
1512.0 1858.0 2204.0
1512.0 1858.0 2204.0
1512.0 1858.0 2204.0
1512.0 1858.0 2204.0
1512.0 1858.0 2204.0
1512.0 1858.0 2204.0
1512.0 1858.0 2204.0
1512.0 1858.0 2204.0
1512.0 1858.0 2204.0
1512.0 1858.0 2204.0
1512.0 1858.0 2204.0
1512.0 1858.0 2204.0
1512.0 1858.0 2204.0
1512.0 1858.0 2204.0
1512.0 1858.0 2204.0
1512.0 1858.0 2204.0
1512.0 1858.0 2204.0
1512.0 1858.0 2204.0
1512.0 1858.0 2204.0
1512.0 1858.0 2204.0
1512.0 1858.0 2204.0
1512.0 1858.0 2204.0
1512.0 1858.0 2204.0
1512.0 1858.0 2204.0
1512.0 1858.0 2204.0
1512.0 1858.0 2204.0
1512.0 1858.0 2204.0
1512.0 1858.0 2204.0
1512.0 1858.0 2204.0
1512.0 1858.0 2204.0
1512.0 1858.0 2204.0
1512.0 1858.0 2204.0
1512.0 1858.0 2204.0
1512.0 1858.0 2204.0
1512.0 1858.0 2204.0
1512.0 1858.0 2204.0
1512.0 1858.0 2204.0
1141.0 1672.5 2204.0
1141.0 1672.5 2204.0
1141.0 1672.5 2204.0
1141.0 1672.5 2204.0
1141.0 1672.5 2204.0
1141.0 1672.5 2204.0
1141.0 1672.5 2204.0
1141.0 1672.5 2204.0
1141.0 1672.5 2204.0
1141.0 1672.5 2204.0
1141.0 1672.5 2204.0
1141.0 1672.5 2204.0
1141.0 1672.5 2204.0
1141.0 1672.5 2204.0
1141.0 1672.5 2204.0
1141.0 1672.5 2204.0
1141.0 1672.5 2204.0
1141.0 1672.5 2204.0
1141.0 1672.5 2204.0
1141.0 1672.5 2204.0
1141.0 1672.5 2204.0
1141.0 1672.5 2204.0
1141.0 1672.5 2204.0
1141.0 1672.5 2204.0
1141.0 1672.5 2204.0
1141.0 1672.5 2204.0
1141.0 1672.5 2204.0
1141.0 1672.5 2204.0
1141.0 1672.5 2204.0
1141.0 1672.5 2204.0
1141.0 1672.5 2204.0
1141.0 1672.5 2204.0
1141.0 1672.5 2204.0
1141.0 1739.5 2338.0
1141.0 1391.5 1642.0
1141.0 1391.5 1642.0
1141.0 1391.5 1642.0
1141.0 1391.5 1642.0
1141.0 1391.5 1642.0
1141.0 1391.5 1642.0
1141.0 1391.5 1642.0
1141.0 1391.5 1642.0
1141.0 1391.5 1642.0
1141.0 1391.5 1642.0
1141.0 1391.5 1642.0
1141.0 1391.5 1642.0
1141.0 1391.5 1642.0
1141.0 1391.5 1642.0
1141.0 1391.5 1642.0
1141.0 1391.5 1642.0
1141.0 1391.5 1642.0
1141.0 1391.5 1642.0
1141.0 1391.5 1642.0
1141.0 1391.5 1642.0
1141.0 1391.5 1642.0
1141.0 1391.5 1642.0
1141.0 1391.5 1642.0
1141.0 1391.5 1642.0
1141.0 1391.5 1642.0
1141.0 1391.5 1642.0
1141.0 1391.5 1642.0
1141.0 1391.5 1642.0
1141.0 1391.5 1642.0
1141.0 1391.5 1642.0
1141.0 1391.5 1642.0
1141.0 1391.5 1642.0
1141.0 1391.5 1642.0
1141.0 1391.5 1642.0
1141.0 1391.5 1642.0
1141.0 1391.5 1642.0
1141.0 1391.5 1642.0
1141.0 1391.5 1642.0
1141.0 1391.5 1642.0
1141.0 1391.5 1642.0
1141.0 1391.5 1642.0
1141.0 1391.5 1642.0
1141.0 1391.5 1642.0
1141.0 1391.5 1642.0
1141.0 1391.5 1642.0
1141.0 1391.5 1642.0
1141.0 1391.5 1642.0
1141.0 1391.5 1642.0
1141.0 1391.5 1642.0
1141.0 1391.5 1642.0
1141.0 1391.5 1642.0
1141.0 1391.5 1642.0
1141.0 1391.5 1642.0
1141.0 1391.5 1642.0
1141.0 1391.5 1642.0
1141.0 1391.5 1642.0
1141.0 1391.5 1642.0
1141.0 1391.5 1642.0
1141.0 1391.5 1642.0
1141.0 1391.5 1642.0
1141.0 1391.5 1642.0
1141.0 1391.5 1642.0
1141.0 1391.5 1642.0
1141.0 1391.5 1642.0
1141.0 1391.5 1642.0
1141.0 1391.5 1642.0
1141.0 1391.5 1642.0
1141.0 1391.5 1642.0
1141.0 1391.5 1642.0
1141.0 1391.5 1642.0
1141.0 1391.5 1642.0
1141.0 1391.5 1642.0
1141.0 1391.5 1642.0
1141.0 1391.5 1642.0
1141.0 1264.5 1388.0
1141.0 1264.5 1388.0
1141.0 1264.5 1388.0
1141.0 1264.5 1388.0
1141.0 1264.5 1388.0
