9343.0 10305.5 11268.0
7389.0 8203.5 9018.0
5570.0 5886.5 6203.0
5570.0 5743.0 5916.0
2717.0 3473.5 4230.0
2490.0 2519.5 2549.0
1939.0 2214.5 2490.0
2469.0 2479.5 2490.0
1570.0 1815.5 2061.0
1228.0 1232.0 1236.0
1046.0 1149.5 1253.0
946.0 996.0 1046.0
968.0 1007.0 1046.0
968.0 1007.0 1046.0
968.0 1007.0 1046.0
968.0 1007.0 1046.0
968.0 1007.0 1046.0
968.0 1007.0 1046.0
968.0 1007.0 1046.0
968.0 1007.0 1046.0
968.0 1007.0 1046.0
968.0 1007.0 1046.0
968.0 1007.0 1046.0
968.0 1007.0 1046.0
968.0 1007.0 1046.0
968.0 1007.0 1046.0
968.0 1007.0 1046.0
968.0 1007.0 1046.0
968.0 1007.0 1046.0
968.0 1007.0 1046.0
968.0 1007.0 1046.0
968.0 1007.0 1046.0
968.0 1007.0 1046.0
968.0 1007.0 1046.0
968.0 1007.0 1046.0
968.0 1007.0 1046.0
968.0 1007.0 1046.0
968.0 1007.0 1046.0
968.0 1007.0 1046.0
968.0 1007.0 1046.0
968.0 1007.0 1046.0
968.0 1007.0 1046.0
968.0 1007.0 1046.0
968.0 1007.0 1046.0
968.0 1007.0 1046.0
968.0 1007.0 1046.0
968.0 1007.0 1046.0
968.0 1007.0 1046.0
968.0 1007.0 1046.0
968.0 1007.0 1046.0
968.0 1007.0 1046.0
968.0 1007.0 1046.0
968.0 1007.0 1046.0
968.0 1007.0 1046.0
968.0 1007.0 1046.0
968.0 1007.0 1046.0
968.0 1007.0 1046.0
968.0 1007.0 1046.0
968.0 1007.0 1046.0
968.0 1007.0 1046.0
968.0 1007.0 1046.0
968.0 1007.0 1046.0
968.0 1007.0 1046.0
968.0 1007.0 1046.0
968.0 1007.0 1046.0
968.0 1007.0 1046.0
968.0 1007.0 1046.0
968.0 1007.0 1046.0
968.0 1007.0 1046.0
968.0 1007.0 1046.0
968.0 1007.0 1046.0
968.0 1007.0 1046.0
968.0 1007.0 1046.0
968.0 1007.0 1046.0
968.0 1007.0 1046.0
968.0 1007.0 1046.0
968.0 1007.0 1046.0
968.0 1007.0 1046.0
968.0 1007.0 1046.0
968.0 1007.0 1046.0
968.0 1007.0 1046.0
968.0 1007.0 1046.0
968.0 1007.0 1046.0
968.0 1007.0 1046.0
968.0 1007.0 1046.0
968.0 1007.0 1046.0
968.0 1007.0 1046.0
968.0 1007.0 1046.0
968.0 1007.0 1046.0
968.0 1007.0 1046.0
968.0 1007.0 1046.0
968.0 1007.0 1046.0
968.0 1007.0 1046.0
968.0 1007.0 1046.0
968.0 1007.0 1046.0
968.0 1007.0 1046.0
968.0 1007.0 1046.0
968.0 1007.0 1046.0
968.0 1007.0 1046.0
968.0 1007.0 1046.0
968.0 1007.0 1046.0
968.0 1007.0 1046.0
968.0 1007.0 1046.0
968.0 1007.0 1046.0
968.0 1007.0 1046.0
968.0 1007.0 1046.0
968.0 1007.0 1046.0
968.0 1007.0 1046.0
968.0 1007.0 1046.0
968.0 1007.0 1046.0
968.0 1007.0 1046.0
968.0 1007.0 1046.0
968.0 1007.0 1046.0
968.0 1007.0 1046.0
968.0 1007.0 1046.0
968.0 1007.0 1046.0
968.0 1007.0 1046.0
968.0 1007.0 1046.0
968.0 1007.0 1046.0
968.0 1007.0 1046.0
968.0 1007.0 1046.0
968.0 1007.0 1046.0
968.0 1007.0 1046.0
968.0 1007.0 1046.0
968.0 1007.0 1046.0
968.0 1007.0 1046.0
968.0 1007.0 1046.0
968.0 1007.0 1046.0
968.0 1007.0 1046.0
968.0 1007.0 1046.0
968.0 1007.0 1046.0
968.0 1007.0 1046.0
968.0 1007.0 1046.0
968.0 1007.0 1046.0
968.0 1007.0 1046.0
968.0 1007.0 1046.0
968.0 1007.0 1046.0
968.0 1007.0 1046.0
968.0 1007.0 1046.0
968.0 1007.0 1046.0
968.0 1007.0 1046.0
968.0 1007.0 1046.0
968.0 1007.0 1046.0
968.0 1007.0 1046.0
968.0 1007.0 1046.0
968.0 1007.0 1046.0
968.0 1007.0 1046.0
968.0 1007.0 1046.0
968.0 1007.0 1046.0
968.0 1007.0 1046.0
968.0 1007.0 1046.0
968.0 1007.0 1046.0
968.0 1007.0 1046.0
968.0 1007.0 1046.0
968.0 1007.0 1046.0
968.0 1007.0 1046.0
968.0 1007.0 1046.0
968.0 1007.0 1046.0
968.0 1007.0 1046.0
968.0 1007.0 1046.0
968.0 1007.0 1046.0
968.0 1007.0 1046.0
968.0 1007.0 1046.0
968.0 1007.0 1046.0
968.0 1007.0 1046.0
968.0 1007.0 1046.0
968.0 1007.0 1046.0
968.0 1007.0 1046.0
968.0 1007.0 1046.0
968.0 1007.0 1046.0
968.0 1007.0 1046.0
968.0 1007.0 1046.0
968.0 1007.0 1046.0
968.0 1007.0 1046.0
968.0 1007.0 1046.0
968.0 1007.0 1046.0
968.0 1007.0 1046.0
968.0 1007.0 1046.0
968.0 1007.0 1046.0
968.0 1007.0 1046.0
968.0 1007.0 1046.0
968.0 1007.0 1046.0
968.0 1007.0 1046.0
968.0 1007.0 1046.0
968.0 1007.0 1046.0
968.0 1007.0 1046.0
968.0 1007.0 1046.0
968.0 1007.0 1046.0
968.0 1007.0 1046.0
968.0 1007.0 1046.0
968.0 1007.0 1046.0
968.0 1007.0 1046.0
968.0 1007.0 1046.0
968.0 1007.0 1046.0
968.0 1007.0 1046.0
968.0 1007.0 1046.0
968.0 1007.0 1046.0
968.0 1007.0 1046.0
968.0 1007.0 1046.0
968.0 1007.0 1046.0
