12602.0 13439.5 14277.0
9602.0 10976.5 12351.0
7555.0 8737.5 9920.0
5769.0 7149.0 8529.0
4225.0 5772.5 7320.0
3703.0 4524.5 5346.0
3462.0 4611.0 5760.0
3147.0 3843.0 4539.0
3147.0 3599.5 4052.0
2125.0 2394.0 2663.0
2125.0 2394.0 2663.0
2125.0 2394.0 2663.0
1722.0 1923.5 2125.0
1927.0 2026.0 2125.0
1910.0 2017.5 2125.0
1910.0 2017.5 2125.0
1910.0 2017.5 2125.0
1910.0 2039.0 2168.0
1910.0 2039.0 2168.0
1910.0 1927.5 1945.0
1910.0 1927.5 1945.0
1910.0 1927.5 1945.0
1910.0 1927.5 1945.0
1910.0 1927.5 1945.0
1910.0 1927.5 1945.0
1910.0 1927.5 1945.0
1910.0 1927.5 1945.0
1910.0 1927.5 1945.0
1910.0 1927.5 1945.0
1910.0 1927.5 1945.0
1910.0 1927.5 1945.0
1821.0 1865.5 1910.0
1821.0 1865.5 1910.0
1586.0 1748.0 1910.0
1323.0 1616.5 1910.0
1108.0 1509.0 1910.0
606.0 1258.0 1910.0
606.0 1258.0 1910.0
606.0 1258.0 1910.0
606.0 1258.0 1910.0
606.0 1258.0 1910.0
606.0 1125.5 1645.0
606.0 729.0 852.0
606.0 729.0 852.0
606.0 729.0 852.0
606.0 729.0 852.0
606.0 729.0 852.0
606.0 729.0 852.0
606.0 729.0 852.0
606.0 729.0 852.0
606.0 729.0 852.0
606.0 729.0 852.0
606.0 729.0 852.0
606.0 729.0 852.0
606.0 729.0 852.0
606.0 729.0 852.0
606.0 729.0 852.0
606.0 729.0 852.0
606.0 729.0 852.0
606.0 729.0 852.0
606.0 729.0 852.0
606.0 729.0 852.0
606.0 729.0 852.0
606.0 729.0 852.0
606.0 729.0 852.0
606.0 729.0 852.0
606.0 729.0 852.0
606.0 729.0 852.0
606.0 729.0 852.0
606.0 729.0 852.0
606.0 729.0 852.0
606.0 729.0 852.0
606.0 729.0 852.0
606.0 729.0 852.0
606.0 729.0 852.0
606.0 729.0 852.0
606.0 729.0 852.0
606.0 729.0 852.0
606.0 729.0 852.0
606.0 729.0 852.0
606.0 729.0 852.0
606.0 729.0 852.0
606.0 729.0 852.0
606.0 729.0 852.0
606.0 729.0 852.0
606.0 729.0 852.0
606.0 729.0 852.0
606.0 729.0 852.0
606.0 729.0 852.0
606.0 729.0 852.0
606.0 729.0 852.0
606.0 729.0 852.0
606.0 729.0 852.0
606.0 729.0 852.0
606.0 729.0 852.0
606.0 729.0 852.0
606.0 729.0 852.0
606.0 729.0 852.0
606.0 729.0 852.0
606.0 729.0 852.0
606.0 729.0 852.0
606.0 729.0 852.0
606.0 729.0 852.0
606.0 729.0 852.0
606.0 729.0 852.0
606.0 729.0 852.0
606.0 729.0 852.0
606.0 729.0 852.0
606.0 729.0 852.0
606.0 729.0 852.0
606.0 729.0 852.0
606.0 729.0 852.0
606.0 729.0 852.0
606.0 729.0 852.0
606.0 729.0 852.0
606.0 729.0 852.0
606.0 729.0 852.0
606.0 729.0 852.0
606.0 729.0 852.0
606.0 729.0 852.0
606.0 729.0 852.0
606.0 729.0 852.0
606.0 729.0 852.0
606.0 729.0 852.0
606.0 729.0 852.0
606.0 729.0 852.0
606.0 729.0 852.0
606.0 729.0 852.0
606.0 729.0 852.0
606.0 729.0 852.0
606.0 729.0 852.0
606.0 729.0 852.0
606.0 729.0 852.0
606.0 729.0 852.0
606.0 729.0 852.0
606.0 729.0 852.0
606.0 729.0 852.0
606.0 729.0 852.0
606.0 729.0 852.0
606.0 729.0 852.0
606.0 729.0 852.0
606.0 729.0 852.0
606.0 729.0 852.0
606.0 729.0 852.0
606.0 729.0 852.0
606.0 729.0 852.0
606.0 729.0 852.0
606.0 729.0 852.0
606.0 729.0 852.0
606.0 729.0 852.0
606.0 729.0 852.0
606.0 729.0 852.0
606.0 729.0 852.0
606.0 729.0 852.0
606.0 729.0 852.0
606.0 729.0 852.0
606.0 729.0 852.0
606.0 729.0 852.0
606.0 729.0 852.0
606.0 729.0 852.0
606.0 729.0 852.0
606.0 729.0 852.0
606.0 729.0 852.0
606.0 729.0 852.0
606.0 729.0 852.0
606.0 729.0 852.0
606.0 729.0 852.0
606.0 729.0 852.0
606.0 729.0 852.0
606.0 729.0 852.0
606.0 729.0 852.0
606.0 729.0 852.0
606.0 729.0 852.0
606.0 729.0 852.0
606.0 729.0 852.0
606.0 729.0 852.0
606.0 729.0 852.0
606.0 729.0 852.0
606.0 729.0 852.0
606.0 729.0 852.0
606.0 729.0 852.0
606.0 729.0 852.0
606.0 729.0 852.0
606.0 729.0 852.0
606.0 729.0 852.0
606.0 729.0 852.0
606.0 729.0 852.0
606.0 729.0 852.0
606.0 729.0 852.0
606.0 729.0 852.0
606.0 729.0 852.0
606.0 729.0 852.0
606.0 729.0 852.0
606.0 729.0 852.0
606.0 729.0 852.0
606.0 729.0 852.0
606.0 729.0 852.0
606.0 729.0 852.0
606.0 729.0 852.0
606.0 729.0 852.0
