14177.0 15103.5 16030.0
11177.0 11613.5 12050.0
8402.0 9643.0 10884.0
7605.0 8227.0 8849.0
6717.0 7066.0 7415.0
4869.0 5819.0 6769.0
4190.0 5366.5 6543.0
3000.0 3215.5 3431.0
2782.0 3337.0 3892.0
2782.0 2896.5 3011.0
2782.0 2896.5 3011.0
2782.0 2923.5 3065.0
2670.0 2726.0 2782.0
2670.0 2726.0 2782.0
2166.0 2309.5 2453.0
2166.0 2309.5 2453.0
2166.0 2309.5 2453.0
2166.0 2326.5 2487.0
2166.0 2326.5 2487.0
2166.0 2326.5 2487.0
2166.0 2326.5 2487.0
2166.0 2326.5 2487.0
2166.0 2326.5 2487.0
2166.0 2204.0 2242.0
2166.0 2204.0 2242.0
2166.0 2204.0 2242.0
2166.0 2204.0 2242.0
2166.0 2204.0 2242.0
2166.0 2204.0 2242.0
2166.0 2204.0 2242.0
2166.0 2204.0 2242.0
1583.0 1900.5 2218.0
1520.0 1869.0 2218.0
1520.0 1699.5 1879.0
1520.0 1699.5 1879.0
1520.0 1699.5 1879.0
1520.0 1699.5 1879.0
1520.0 1699.5 1879.0
1520.0 1699.5 1879.0
1520.0 1699.5 1879.0
1253.0 1566.0 1879.0
1154.0 1516.5 1879.0
1154.0 1516.5 1879.0
1154.0 1516.5 1879.0
1154.0 1516.5 1879.0
1154.0 1516.5 1879.0
1154.0 1516.5 1879.0
1154.0 1516.5 1879.0
1154.0 1516.5 1879.0
1154.0 1516.5 1879.0
1154.0 1516.5 1879.0
1154.0 1516.5 1879.0
1154.0 1516.5 1879.0
1154.0 1516.5 1879.0
1154.0 1516.5 1879.0
1154.0 1516.5 1879.0
1154.0 1516.5 1879.0
1154.0 1516.5 1879.0
1154.0 1516.5 1879.0
1154.0 1516.5 1879.0
1154.0 1516.5 1879.0
1154.0 1516.5 1879.0
1154.0 1516.5 1879.0
1154.0 1516.5 1879.0
1154.0 1516.5 1879.0
1154.0 1516.5 1879.0
1154.0 1516.5 1879.0
1154.0 1516.5 1879.0
1154.0 1391.5 1629.0
1154.0 1206.0 1258.0
1154.0 1206.0 1258.0
1154.0 1206.0 1258.0
1154.0 1206.0 1258.0
1154.0 1206.0 1258.0
1154.0 1206.0 1258.0
1154.0 1206.0 1258.0
1154.0 1206.0 1258.0
1154.0 1206.0 1258.0
1154.0 1206.0 1258.0
1154.0 1206.0 1258.0
1154.0 1206.0 1258.0
1154.0 1206.0 1258.0
1154.0 1206.0 1258.0
1154.0 1206.0 1258.0
1154.0 1206.0 1258.0
1154.0 1206.0 1258.0
1154.0 1206.0 1258.0
1154.0 1206.0 1258.0
1154.0 1206.0 1258.0
1154.0 1206.0 1258.0
1154.0 1206.0 1258.0
1154.0 1206.0 1258.0
1154.0 1206.0 1258.0
1154.0 1206.0 1258.0
1154.0 1206.0 1258.0
1154.0 1206.0 1258.0
1154.0 1206.0 1258.0
1154.0 1206.0 1258.0
1154.0 1206.0 1258.0
1154.0 1206.0 1258.0
1154.0 1206.0 1258.0
1154.0 1206.0 1258.0
1154.0 1206.0 1258.0
1154.0 1206.0 1258.0
1154.0 1206.0 1258.0
1154.0 1206.0 1258.0
1154.0 1206.0 1258.0
1154.0 1206.0 1258.0
1154.0 1206.0 1258.0
1154.0 1206.0 1258.0
1154.0 1206.0 1258.0
1154.0 1206.0 1258.0
1154.0 1206.0 1258.0
1154.0 1206.0 1258.0
1154.0 1206.0 1258.0
1154.0 1206.0 1258.0
1154.0 1206.0 1258.0
1154.0 1206.0 1258.0
1154.0 1206.0 1258.0
1154.0 1206.0 1258.0
1154.0 1206.0 1258.0
1154.0 1206.0 1258.0
1154.0 1206.0 1258.0
1154.0 1206.0 1258.0
1154.0 1206.0 1258.0
1154.0 1206.0 1258.0
1154.0 1206.0 1258.0
1154.0 1206.0 1258.0
1154.0 1206.0 1258.0
1154.0 1206.0 1258.0
1154.0 1206.0 1258.0
1154.0 1206.0 1258.0
1154.0 1206.0 1258.0
1154.0 1206.0 1258.0
1154.0 1206.0 1258.0
1154.0 1206.0 1258.0
1154.0 1206.0 1258.0
1154.0 1206.0 1258.0
1154.0 1206.0 1258.0
1154.0 1206.0 1258.0
1154.0 1206.0 1258.0
1154.0 1206.0 1258.0
1154.0 1206.0 1258.0
1154.0 1206.0 1258.0
1154.0 1206.0 1258.0
1154.0 1206.0 1258.0
1154.0 1206.0 1258.0
1154.0 1206.0 1258.0
1154.0 1206.0 1258.0
1154.0 1206.0 1258.0
1154.0 1206.0 1258.0
1154.0 1206.0 1258.0
1154.0 1206.0 1258.0
1154.0 1206.0 1258.0
1154.0 1206.0 1258.0
1154.0 1206.0 1258.0
1154.0 1206.0 1258.0
1154.0 1206.0 1258.0
1154.0 1206.0 1258.0
1154.0 1206.0 1258.0
1154.0 1206.0 1258.0
1154.0 1206.0 1258.0
1154.0 1206.0 1258.0
1154.0 1206.0 1258.0
1154.0 1206.0 1258.0
1154.0 1206.0 1258.0
1154.0 1206.0 1258.0
1154.0 1206.0 1258.0
1154.0 1206.0 1258.0
1154.0 1206.0 1258.0
1154.0 1206.0 1258.0
1154.0 1206.0 1258.0
1154.0 1206.0 1258.0
1154.0 1206.0 1258.0
1154.0 1206.0 1258.0
1154.0 1206.0 1258.0
1154.0 1206.0 1258.0
1154.0 1206.0 1258.0
1154.0 1206.0 1258.0
1154.0 1206.0 1258.0
1154.0 1206.0 1258.0
1154.0 1206.0 1258.0
1154.0 1206.0 1258.0
1154.0 1206.0 1258.0
1154.0 1206.0 1258.0
1154.0 1206.0 1258.0
1154.0 1206.0 1258.0
1154.0 1206.0 1258.0
1154.0 1206.0 1258.0
1154.0 1206.0 1258.0
1154.0 1206.0 1258.0
1154.0 1206.0 1258.0
1154.0 1206.0 1258.0
1154.0 1206.0 1258.0
1154.0 1206.0 1258.0
1154.0 1206.0 1258.0
1154.0 1206.0 1258.0
1154.0 1206.0 1258.0
1154.0 1206.0 1258.0
1154.0 1206.0 1258.0
