8425.0 11267.0 14109.0
6192.0 7868.5 9545.0
5685.0 7084.0 8483.0
3308.0 4255.5 5203.0
3712.0 4831.5 5951.0
2907.0 3664.0 4421.0
1956.0 2431.5 2907.0
1862.0 1969.5 2077.0
1862.0 1969.5 2077.0
1709.0 1785.5 1862.0
1709.0 1785.5 1862.0
1104.0 1483.0 1862.0
1104.0 1483.0 1862.0
930.0 1396.0 1862.0
930.0 1396.0 1862.0
850.0 1356.0 1862.0
850.0 1356.0 1862.0
759.0 1310.5 1862.0
759.0 1310.5 1862.0
759.0 1310.5 1862.0
759.0 1310.5 1862.0
759.0 1310.5 1862.0
759.0 1106.0 1453.0
759.0 1106.0 1453.0
759.0 934.0 1109.0
759.0 934.0 1109.0
759.0 934.0 1109.0
759.0 934.0 1109.0
759.0 934.0 1109.0
759.0 934.0 1109.0
759.0 934.0 1109.0
759.0 934.0 1109.0
759.0 934.0 1109.0
759.0 934.0 1109.0
759.0 934.0 1109.0
759.0 934.0 1109.0
759.0 934.0 1109.0
759.0 934.0 1109.0
759.0 934.0 1109.0
759.0 934.0 1109.0
759.0 934.0 1109.0
759.0 934.0 1109.0
759.0 934.0 1109.0
759.0 934.0 1109.0
759.0 934.0 1109.0
759.0 934.0 1109.0
759.0 934.0 1109.0
759.0 934.0 1109.0
759.0 934.0 1109.0
759.0 934.0 1109.0
759.0 934.0 1109.0
759.0 934.0 1109.0
759.0 934.0 1109.0
759.0 934.0 1109.0
759.0 934.0 1109.0
759.0 934.0 1109.0
759.0 934.0 1109.0
759.0 934.0 1109.0
759.0 934.0 1109.0
759.0 934.0 1109.0
759.0 934.0 1109.0
759.0 934.0 1109.0
759.0 934.0 1109.0
759.0 934.0 1109.0
759.0 934.0 1109.0
759.0 934.0 1109.0
759.0 934.0 1109.0
759.0 934.0 1109.0
759.0 934.0 1109.0
759.0 934.0 1109.0
759.0 934.0 1109.0
759.0 934.0 1109.0
759.0 934.0 1109.0
759.0 934.0 1109.0
759.0 934.0 1109.0
759.0 934.0 1109.0
759.0 934.0 1109.0
759.0 934.0 1109.0
759.0 934.0 1109.0
759.0 934.0 1109.0
759.0 934.0 1109.0
759.0 934.0 1109.0
759.0 934.0 1109.0
759.0 934.0 1109.0
759.0 934.0 1109.0
759.0 934.0 1109.0
759.0 934.0 1109.0
759.0 934.0 1109.0
759.0 934.0 1109.0
759.0 934.0 1109.0
759.0 934.0 1109.0
759.0 934.0 1109.0
759.0 934.0 1109.0
759.0 934.0 1109.0
759.0 934.0 1109.0
759.0 934.0 1109.0
759.0 934.0 1109.0
759.0 934.0 1109.0
759.0 934.0 1109.0
759.0 934.0 1109.0
759.0 934.0 1109.0
759.0 934.0 1109.0
759.0 934.0 1109.0
759.0 934.0 1109.0
759.0 934.0 1109.0
759.0 934.0 1109.0
759.0 934.0 1109.0
759.0 934.0 1109.0
759.0 934.0 1109.0
759.0 934.0 1109.0
759.0 934.0 1109.0
759.0 934.0 1109.0
759.0 934.0 1109.0
759.0 934.0 1109.0
759.0 934.0 1109.0
759.0 934.0 1109.0
759.0 934.0 1109.0
759.0 934.0 1109.0
759.0 934.0 1109.0
759.0 934.0 1109.0
759.0 934.0 1109.0
759.0 934.0 1109.0
759.0 934.0 1109.0
759.0 934.0 1109.0
759.0 934.0 1109.0
759.0 786.5 814.0
759.0 786.5 814.0
654.0 706.5 759.0
654.0 706.5 759.0
654.0 706.5 759.0
654.0 706.5 759.0
654.0 706.5 759.0
654.0 706.5 759.0
654.0 706.5 759.0
654.0 706.5 759.0
654.0 706.5 759.0
654.0 706.5 759.0
654.0 706.5 759.0
654.0 706.5 759.0
654.0 706.5 759.0
654.0 706.5 759.0
654.0 706.5 759.0
654.0 706.5 759.0
654.0 706.5 759.0
654.0 706.5 759.0
654.0 706.5 759.0
654.0 706.5 759.0
654.0 706.5 759.0
654.0 706.5 759.0
654.0 706.5 759.0
654.0 706.5 759.0
654.0 706.5 759.0
654.0 706.5 759.0
654.0 706.5 759.0
654.0 706.5 759.0
654.0 706.5 759.0
654.0 706.5 759.0
654.0 706.5 759.0
654.0 706.5 759.0
654.0 706.5 759.0
654.0 706.5 759.0
654.0 706.5 759.0
654.0 706.5 759.0
654.0 706.5 759.0
654.0 706.5 759.0
654.0 706.5 759.0
654.0 706.5 759.0
654.0 706.5 759.0
654.0 706.5 759.0
654.0 706.5 759.0
654.0 706.5 759.0
654.0 706.5 759.0
654.0 706.5 759.0
654.0 706.5 759.0
654.0 706.5 759.0
654.0 706.5 759.0
654.0 706.5 759.0
654.0 706.5 759.0
654.0 706.5 759.0
654.0 706.5 759.0
654.0 706.5 759.0
654.0 706.5 759.0
654.0 706.5 759.0
654.0 706.5 759.0
654.0 706.5 759.0
654.0 706.5 759.0
654.0 706.5 759.0
654.0 706.5 759.0
654.0 706.5 759.0
654.0 706.5 759.0
654.0 706.5 759.0
654.0 706.5 759.0
654.0 706.5 759.0
654.0 706.5 759.0
654.0 706.5 759.0
654.0 706.5 759.0
654.0 706.5 759.0
654.0 706.5 759.0
654.0 706.5 759.0
654.0 706.5 759.0
