11791.0 14720.5 17650.0
11471.0 13184.5 14898.0
9394.0 10356.0 11318.0
7802.0 9812.5 11823.0
8243.0 8420.5 8598.0
8058.0 8063.0 8068.0
5585.0 6554.5 7524.0
5023.0 5502.5 5982.0
4191.0 4297.5 4404.0
3922.0 4224.0 4526.0
3330.0 3342.5 3355.0
3330.0 3342.5 3355.0
3330.0 3342.5 3355.0
3330.0 3342.5 3355.0
3330.0 3342.5 3355.0
3330.0 3342.5 3355.0
2373.0 2864.0 3355.0
2373.0 2864.0 3355.0
2373.0 2447.0 2521.0
2039.0 2206.0 2373.0
2039.0 2206.0 2373.0
2039.0 2206.0 2373.0
2039.0 2206.0 2373.0
2039.0 2206.0 2373.0
2039.0 2206.0 2373.0
2039.0 2206.0 2373.0
2039.0 2168.0 2297.0
1868.0 1874.0 1880.0
1868.0 1883.0 1898.0
1868.0 1883.0 1898.0
1868.0 1883.0 1898.0
1868.0 1883.0 1898.0
1868.0 1883.0 1898.0
1868.0 1883.0 1898.0
1868.0 1883.0 1898.0
1868.0 1883.0 1898.0
1868.0 1883.0 1898.0
1868.0 1883.0 1898.0
1868.0 1883.0 1898.0
1868.0 1883.0 1898.0
1868.0 1883.0 1898.0
1868.0 1883.0 1898.0
1868.0 1883.0 1898.0
1868.0 1883.0 1898.0
1868.0 1883.0 1898.0
1868.0 1883.0 1898.0
1868.0 1930.5 1993.0
1868.0 1930.5 1993.0
1868.0 1930.5 1993.0
1868.0 1930.5 1993.0
1868.0 1930.5 1993.0
1868.0 1930.5 1993.0
1868.0 1930.5 1993.0
1868.0 1930.5 1993.0
1868.0 1930.5 1993.0
1553.0 1710.5 1868.0
1553.0 1710.5 1868.0
1553.0 1710.5 1868.0
1553.0 1710.5 1868.0
1553.0 1710.5 1868.0
1553.0 1710.5 1868.0
1553.0 1567.0 1581.0
1553.0 1567.0 1581.0
1553.0 1567.0 1581.0
1553.0 1567.0 1581.0
1553.0 1567.0 1581.0
1553.0 1567.0 1581.0
1553.0 1567.0 1581.0
1553.0 1567.0 1581.0
1553.0 1567.0 1581.0
1553.0 1567.0 1581.0
1553.0 1567.0 1581.0
1553.0 1567.0 1581.0
1553.0 1567.0 1581.0
1553.0 1567.0 1581.0
1553.0 1567.0 1581.0
1553.0 1567.0 1581.0
1553.0 1567.0 1581.0
1553.0 1567.0 1581.0
1553.0 1567.0 1581.0
1553.0 1567.0 1581.0
1553.0 1567.0 1581.0
1553.0 1567.0 1581.0
1553.0 1567.0 1581.0
1553.0 1567.0 1581.0
1553.0 1567.0 1581.0
1553.0 1567.0 1581.0
1553.0 1567.0 1581.0
1553.0 1567.0 1581.0
1553.0 1567.0 1581.0
1553.0 1567.0 1581.0
1553.0 1567.0 1581.0
1553.0 1567.0 1581.0
1553.0 1567.0 1581.0
1553.0 1567.0 1581.0
1553.0 1567.0 1581.0
1553.0 1567.0 1581.0
1553.0 1567.0 1581.0
1553.0 1567.0 1581.0
1553.0 1567.0 1581.0
1553.0 1567.0 1581.0
1553.0 1567.0 1581.0
1553.0 1567.0 1581.0
1553.0 1567.0 1581.0
1553.0 1567.0 1581.0
1553.0 1567.0 1581.0
1553.0 1567.0 1581.0
1553.0 1567.0 1581.0
1553.0 1567.0 1581.0
1553.0 1567.0 1581.0
1553.0 1567.0 1581.0
1553.0 1567.0 1581.0
1553.0 1567.0 1581.0
1553.0 1567.0 1581.0
1553.0 1567.0 1581.0
1553.0 1567.0 1581.0
1553.0 1567.0 1581.0
1553.0 1567.0 1581.0
1553.0 1567.0 1581.0
1553.0 1567.0 1581.0
1553.0 1567.0 1581.0
1553.0 1567.0 1581.0
1553.0 1567.0 1581.0
1553.0 1567.0 1581.0
1553.0 1567.0 1581.0
1553.0 1567.0 1581.0
1553.0 1567.0 1581.0
1553.0 1567.0 1581.0
1553.0 1567.0 1581.0
1553.0 1567.0 1581.0
1553.0 1567.0 1581.0
1553.0 1567.0 1581.0
1553.0 1567.0 1581.0
1553.0 1567.0 1581.0
1553.0 1567.0 1581.0
1553.0 1567.0 1581.0
1553.0 1567.0 1581.0
1553.0 1567.0 1581.0
1553.0 1567.0 1581.0
1553.0 1567.0 1581.0
1553.0 1567.0 1581.0
1553.0 1567.0 1581.0
1553.0 1567.0 1581.0
1553.0 1567.0 1581.0
1553.0 1567.0 1581.0
1553.0 1567.0 1581.0
1553.0 1567.0 1581.0
1553.0 1567.0 1581.0
1553.0 1567.0 1581.0
1553.0 1567.0 1581.0
1553.0 1567.0 1581.0
1553.0 1567.0 1581.0
1553.0 1567.0 1581.0
1553.0 1567.0 1581.0
1553.0 1567.0 1581.0
1553.0 1567.0 1581.0
1553.0 1567.0 1581.0
1553.0 1567.0 1581.0
1553.0 1567.0 1581.0
1553.0 1567.0 1581.0
1553.0 1567.0 1581.0
1553.0 1567.0 1581.0
1553.0 1567.0 1581.0
1553.0 1567.0 1581.0
1553.0 1567.0 1581.0
1553.0 1567.0 1581.0
1553.0 1567.0 1581.0
1553.0 1567.0 1581.0
1553.0 1567.0 1581.0
1553.0 1567.0 1581.0
1553.0 1567.0 1581.0
1553.0 1567.0 1581.0
1553.0 1567.0 1581.0
1553.0 1567.0 1581.0
1553.0 1567.0 1581.0
1553.0 1567.0 1581.0
1553.0 1567.0 1581.0
1553.0 1567.0 1581.0
1553.0 1567.0 1581.0
1553.0 1567.0 1581.0
1553.0 1567.0 1581.0
1553.0 1567.0 1581.0
1553.0 1567.0 1581.0
1553.0 1567.0 1581.0
1553.0 1567.0 1581.0
1553.0 1567.0 1581.0
1553.0 1567.0 1581.0
1553.0 1567.0 1581.0
1553.0 1567.0 1581.0
1553.0 1567.0 1581.0
1553.0 1567.0 1581.0
1553.0 1567.0 1581.0
1553.0 1567.0 1581.0
1553.0 1567.0 1581.0
1553.0 1567.0 1581.0
1553.0 1567.0 1581.0
1553.0 1567.0 1581.0
1553.0 1567.0 1581.0
1553.0 1567.0 1581.0
1553.0 1567.0 1581.0
