13688.0 13781.0 13874.0
10053.0 11191.0 12329.0
8327.0 8380.0 8433.0
7217.0 7243.0 7269.0
6253.0 6363.0 6473.0
5028.0 5640.5 6253.0
3441.0 3455.5 3470.0
3147.0 3286.5 3426.0
2356.0 2561.5 2767.0
2356.0 2561.5 2767.0
2242.0 2504.5 2767.0
2242.0 2504.5 2767.0
2242.0 2504.5 2767.0
2242.0 2504.5 2767.0
2242.0 2504.5 2767.0
2242.0 2504.5 2767.0
2242.0 2504.5 2767.0
2045.0 2406.0 2767.0
1533.0 2150.0 2767.0
1533.0 2150.0 2767.0
1087.0 1927.0 2767.0
1087.0 1927.0 2767.0
1087.0 1927.0 2767.0
1087.0 1679.0 2271.0
1087.0 1851.5 2616.0
1087.0 1851.5 2616.0
1087.0 1851.5 2616.0
1087.0 1851.5 2616.0
1087.0 1851.5 2616.0
1087.0 1851.5 2616.0
1087.0 1851.5 2616.0
1087.0 1851.5 2616.0
1087.0 1851.5 2616.0
1087.0 1851.5 2616.0
1087.0 1851.5 2616.0
1087.0 1851.5 2616.0
1087.0 1851.5 2616.0
1087.0 1851.5 2616.0
1087.0 1851.5 2616.0
1087.0 1851.5 2616.0
1087.0 1851.5 2616.0
1087.0 1851.5 2616.0
1087.0 1851.5 2616.0
1087.0 1675.5 2264.0
1087.0 1675.5 2264.0
1087.0 1675.5 2264.0
1087.0 1675.5 2264.0
1087.0 1395.0 1703.0
1087.0 1395.0 1703.0
1087.0 1364.5 1642.0
1087.0 1364.5 1642.0
1087.0 1364.5 1642.0
1087.0 1364.5 1642.0
1087.0 1364.5 1642.0
1087.0 1364.5 1642.0
1087.0 1364.5 1642.0
1087.0 1364.5 1642.0
1087.0 1364.5 1642.0
1087.0 1364.5 1642.0
1087.0 1364.5 1642.0
1087.0 1364.5 1642.0
1087.0 1364.5 1642.0
1087.0 1364.5 1642.0
1087.0 1364.5 1642.0
1087.0 1364.5 1642.0
1087.0 1364.5 1642.0
1087.0 1364.5 1642.0
1087.0 1364.5 1642.0
1087.0 1364.5 1642.0
1087.0 1364.5 1642.0
1087.0 1364.5 1642.0
1087.0 1364.5 1642.0
1087.0 1364.5 1642.0
1087.0 1364.5 1642.0
1087.0 1364.5 1642.0
1087.0 1364.5 1642.0
1087.0 1364.5 1642.0
1087.0 1364.5 1642.0
1087.0 1364.5 1642.0
1087.0 1364.5 1642.0
1087.0 1364.5 1642.0
1087.0 1364.5 1642.0
1087.0 1364.5 1642.0
1087.0 1364.5 1642.0
1087.0 1364.5 1642.0
1087.0 1364.5 1642.0
1087.0 1364.5 1642.0
1087.0 1364.5 1642.0
1087.0 1364.5 1642.0
1087.0 1364.5 1642.0
1087.0 1364.5 1642.0
1087.0 1364.5 1642.0
1087.0 1364.5 1642.0
1087.0 1364.5 1642.0
1087.0 1364.5 1642.0
1087.0 1364.5 1642.0
1087.0 1364.5 1642.0
1087.0 1364.5 1642.0
1087.0 1364.5 1642.0
1087.0 1364.5 1642.0
1087.0 1364.5 1642.0
1087.0 1364.5 1642.0
1087.0 1364.5 1642.0
1087.0 1364.5 1642.0
1087.0 1364.5 1642.0
1087.0 1364.5 1642.0
1087.0 1364.5 1642.0
1087.0 1364.5 1642.0
1087.0 1364.5 1642.0
1087.0 1364.5 1642.0
1087.0 1364.5 1642.0
1087.0 1364.5 1642.0
1087.0 1364.5 1642.0
1087.0 1364.5 1642.0
1087.0 1364.5 1642.0
1087.0 1364.5 1642.0
1087.0 1364.5 1642.0
1087.0 1364.5 1642.0
1087.0 1364.5 1642.0
1087.0 1364.5 1642.0
1087.0 1364.5 1642.0
1087.0 1364.5 1642.0
1087.0 1364.5 1642.0
1087.0 1364.5 1642.0
1087.0 1364.5 1642.0
1087.0 1364.5 1642.0
1087.0 1364.5 1642.0
1087.0 1364.5 1642.0
1087.0 1364.5 1642.0
1087.0 1364.5 1642.0
1087.0 1364.5 1642.0
1087.0 1364.5 1642.0
1087.0 1364.5 1642.0
1087.0 1364.5 1642.0
1087.0 1364.5 1642.0
1087.0 1364.5 1642.0
1087.0 1364.5 1642.0
1087.0 1364.5 1642.0
1087.0 1364.5 1642.0
1087.0 1364.5 1642.0
1087.0 1364.5 1642.0
1087.0 1364.5 1642.0
1087.0 1364.5 1642.0
1087.0 1364.5 1642.0
1087.0 1364.5 1642.0
1087.0 1364.5 1642.0
1087.0 1364.5 1642.0
1087.0 1364.5 1642.0
1087.0 1364.5 1642.0
1087.0 1364.5 1642.0
1087.0 1364.5 1642.0
1087.0 1364.5 1642.0
1087.0 1364.5 1642.0
1087.0 1364.5 1642.0
1087.0 1364.5 1642.0
1087.0 1364.5 1642.0
1087.0 1364.5 1642.0
1087.0 1364.5 1642.0
1087.0 1364.5 1642.0
1087.0 1364.5 1642.0
1087.0 1364.5 1642.0
1087.0 1364.5 1642.0
1087.0 1364.5 1642.0
1087.0 1364.5 1642.0
1087.0 1364.5 1642.0
1087.0 1364.5 1642.0
1087.0 1364.5 1642.0
1087.0 1364.5 1642.0
1087.0 1364.5 1642.0
1087.0 1364.5 1642.0
1087.0 1364.5 1642.0
1087.0 1364.5 1642.0
1087.0 1364.5 1642.0
1087.0 1364.5 1642.0
1087.0 1364.5 1642.0
1087.0 1364.5 1642.0
1087.0 1364.5 1642.0
1087.0 1364.5 1642.0
1087.0 1364.5 1642.0
1087.0 1364.5 1642.0
1087.0 1364.5 1642.0
1087.0 1364.5 1642.0
1087.0 1364.5 1642.0
1087.0 1364.5 1642.0
1087.0 1364.5 1642.0
1087.0 1364.5 1642.0
1087.0 1364.5 1642.0
1087.0 1364.5 1642.0
1087.0 1364.5 1642.0
1087.0 1364.5 1642.0
1087.0 1364.5 1642.0
1087.0 1364.5 1642.0
1087.0 1364.5 1642.0
1087.0 1364.5 1642.0
1087.0 1364.5 1642.0
1087.0 1364.5 1642.0
1087.0 1364.5 1642.0
1087.0 1364.5 1642.0
1087.0 1364.5 1642.0
1087.0 1364.5 1642.0
