12656.0 13785.5 14915.0
11141.0 12777.0 14413.0
9965.0 10281.5 10598.0
6892.0 7893.0 8894.0
7093.0 7362.5 7632.0
6005.0 6201.0 6397.0
4146.0 4604.0 5062.0
4146.0 4162.0 4178.0
4146.0 4413.0 4680.0
2891.0 3516.0 4141.0
2268.0 3204.5 4141.0
1584.0 2862.5 4141.0
1584.0 2648.5 3713.0
1584.0 2653.5 3723.0
1584.0 1996.5 2409.0
1584.0 1996.5 2409.0
1584.0 1996.5 2409.0
1584.0 1996.5 2409.0
1584.0 1996.5 2409.0
1584.0 1996.5 2409.0
1584.0 1996.5 2409.0
1584.0 1996.5 2409.0
1584.0 1996.5 2409.0
1584.0 1996.5 2409.0
1584.0 1996.5 2409.0
1584.0 1996.5 2409.0
1584.0 1996.5 2409.0
1584.0 2081.0 2578.0
1584.0 1652.0 1720.0
1584.0 1594.0 1604.0
1584.0 1594.0 1604.0
1584.0 1594.0 1604.0
1584.0 1594.0 1604.0
1584.0 1594.0 1604.0
1584.0 1594.0 1604.0
1584.0 1594.0 1604.0
1584.0 1594.0 1604.0
1584.0 1594.0 1604.0
1584.0 1594.0 1604.0
1584.0 1594.0 1604.0
1584.0 1594.0 1604.0
1584.0 1594.0 1604.0
1584.0 1594.0 1604.0
1584.0 1594.0 1604.0
1584.0 1594.0 1604.0
1584.0 1594.0 1604.0
1584.0 1594.0 1604.0
1584.0 1594.0 1604.0
1584.0 1594.0 1604.0
1584.0 1594.0 1604.0
1584.0 1594.0 1604.0
1584.0 1594.0 1604.0
1584.0 1594.0 1604.0
1584.0 1594.0 1604.0
1584.0 1594.0 1604.0
1584.0 1594.0 1604.0
1584.0 1594.0 1604.0
1584.0 1594.0 1604.0
1584.0 1594.0 1604.0
1584.0 1594.0 1604.0
1584.0 1594.0 1604.0
1584.0 1594.0 1604.0
1584.0 1594.0 1604.0
1584.0 1594.0 1604.0
1584.0 1594.0 1604.0
1584.0 1594.0 1604.0
1584.0 1594.0 1604.0
1584.0 1594.0 1604.0
1584.0 1594.0 1604.0
1584.0 1594.0 1604.0
1584.0 1594.0 1604.0
1584.0 1594.0 1604.0
1584.0 1594.0 1604.0
1584.0 1594.0 1604.0
1584.0 1594.0 1604.0
1584.0 1594.0 1604.0
1584.0 1594.0 1604.0
1584.0 1594.0 1604.0
1584.0 1594.0 1604.0
1584.0 1594.0 1604.0
1584.0 1594.0 1604.0
1584.0 1594.0 1604.0
1584.0 1594.0 1604.0
1584.0 1594.0 1604.0
1584.0 1594.0 1604.0
1584.0 1594.0 1604.0
1584.0 1594.0 1604.0
1584.0 1594.0 1604.0
1584.0 1594.0 1604.0
1584.0 1594.0 1604.0
1584.0 1594.0 1604.0
1584.0 1594.0 1604.0
1584.0 1594.0 1604.0
1584.0 1594.0 1604.0
1584.0 1594.0 1604.0
1584.0 1594.0 1604.0
1584.0 1594.0 1604.0
1584.0 1594.0 1604.0
1584.0 1594.0 1604.0
1584.0 1594.0 1604.0
1584.0 1594.0 1604.0
1584.0 1594.0 1604.0
1584.0 1594.0 1604.0
1584.0 1594.0 1604.0
1584.0 1594.0 1604.0
1584.0 1594.0 1604.0
1584.0 1594.0 1604.0
1584.0 1594.0 1604.0
1584.0 1594.0 1604.0
1584.0 1594.0 1604.0
1584.0 1594.0 1604.0
1584.0 1594.0 1604.0
1584.0 1594.0 1604.0
1584.0 1594.0 1604.0
1584.0 1594.0 1604.0
1584.0 1594.0 1604.0
1584.0 1594.0 1604.0
1584.0 1594.0 1604.0
1584.0 1594.0 1604.0
1584.0 1594.0 1604.0
1584.0 1594.0 1604.0
1584.0 1594.0 1604.0
1584.0 1594.0 1604.0
1584.0 1594.0 1604.0
1584.0 1594.0 1604.0
1584.0 1594.0 1604.0
1584.0 1594.0 1604.0
1584.0 1594.0 1604.0
1584.0 1594.0 1604.0
1584.0 1594.0 1604.0
1584.0 1594.0 1604.0
1584.0 1594.0 1604.0
1584.0 1594.0 1604.0
1584.0 1594.0 1604.0
1584.0 1594.0 1604.0
1584.0 1594.0 1604.0
1584.0 1594.0 1604.0
1584.0 1594.0 1604.0
1584.0 1594.0 1604.0
1584.0 1594.0 1604.0
1584.0 1594.0 1604.0
1584.0 1594.0 1604.0
1584.0 1594.0 1604.0
1584.0 1594.0 1604.0
1584.0 1594.0 1604.0
1584.0 1594.0 1604.0
1584.0 1594.0 1604.0
1584.0 1594.0 1604.0
1584.0 1594.0 1604.0
1584.0 1594.0 1604.0
1584.0 1594.0 1604.0
1584.0 1594.0 1604.0
1584.0 1594.0 1604.0
1584.0 1594.0 1604.0
1584.0 1594.0 1604.0
1584.0 1594.0 1604.0
1584.0 1594.0 1604.0
1584.0 1594.0 1604.0
1584.0 1594.0 1604.0
1584.0 1594.0 1604.0
1584.0 1594.0 1604.0
1584.0 1594.0 1604.0
1584.0 1594.0 1604.0
1584.0 1594.0 1604.0
1584.0 1594.0 1604.0
1584.0 1594.0 1604.0
1584.0 1594.0 1604.0
1584.0 1594.0 1604.0
1584.0 1594.0 1604.0
1584.0 1594.0 1604.0
1584.0 1594.0 1604.0
1584.0 1594.0 1604.0
1584.0 1594.0 1604.0
1584.0 1594.0 1604.0
1584.0 1594.0 1604.0
1584.0 1594.0 1604.0
1584.0 1594.0 1604.0
1584.0 1594.0 1604.0
1584.0 1594.0 1604.0
1584.0 1594.0 1604.0
1584.0 1594.0 1604.0
1584.0 1594.0 1604.0
1584.0 1594.0 1604.0
1584.0 1594.0 1604.0
1584.0 1594.0 1604.0
1584.0 1594.0 1604.0
1584.0 1594.0 1604.0
1584.0 1594.0 1604.0
1584.0 1594.0 1604.0
1584.0 1594.0 1604.0
1584.0 1594.0 1604.0
1375.0 1479.5 1584.0
1375.0 1479.5 1584.0
1375.0 1479.5 1584.0
1375.0 1479.5 1584.0
1375.0 1479.5 1584.0
1375.0 1479.5 1584.0
1375.0 1479.5 1584.0
1375.0 1479.5 1584.0
1375.0 1479.5 1584.0
