10502.0 12020.5 13539.0
10553.0 11058.5 11564.0
7480.0 7960.0 8440.0
7481.0 7682.5 7884.0
7270.0 7680.5 8091.0
4926.0 5763.5 6601.0
4926.0 5208.0 5490.0
4041.0 4317.0 4593.0
3335.0 3789.0 4243.0
3335.0 3783.5 4232.0
3335.0 3345.0 3355.0
3335.0 3345.0 3355.0
3335.0 3345.0 3355.0
2891.0 3123.0 3355.0
2159.0 2294.0 2429.0
2226.0 2327.5 2429.0
2226.0 2327.5 2429.0
1476.0 1952.5 2429.0
1476.0 1952.5 2429.0
1476.0 1663.0 1850.0
1476.0 1582.0 1688.0
1476.0 1582.0 1688.0
1476.0 1582.0 1688.0
1476.0 1582.0 1688.0
1476.0 1582.0 1688.0
1476.0 1582.0 1688.0
1476.0 1582.0 1688.0
1476.0 1582.0 1688.0
1476.0 1582.0 1688.0
1476.0 1582.0 1688.0
1476.0 1582.0 1688.0
1476.0 1582.0 1688.0
1476.0 1582.0 1688.0
1476.0 1582.0 1688.0
1476.0 1582.0 1688.0
1476.0 1582.0 1688.0
1476.0 1582.0 1688.0
1476.0 1582.0 1688.0
1476.0 1582.0 1688.0
1476.0 1582.0 1688.0
1476.0 1582.0 1688.0
1476.0 1582.0 1688.0
1476.0 1582.0 1688.0
1476.0 1582.0 1688.0
1476.0 1582.0 1688.0
1476.0 1582.0 1688.0
1476.0 1582.0 1688.0
1476.0 1582.0 1688.0
1476.0 1582.0 1688.0
1476.0 1614.5 1753.0
1476.0 1504.5 1533.0
1476.0 1504.5 1533.0
1476.0 1504.5 1533.0
1476.0 1504.5 1533.0
1476.0 1504.5 1533.0
1476.0 1504.5 1533.0
1476.0 1504.5 1533.0
1476.0 1504.5 1533.0
1476.0 1504.5 1533.0
1476.0 1504.5 1533.0
1476.0 1504.5 1533.0
1476.0 1504.5 1533.0
1476.0 1504.5 1533.0
1476.0 1504.5 1533.0
1476.0 1504.5 1533.0
1476.0 1504.5 1533.0
1476.0 1504.5 1533.0
1476.0 1504.5 1533.0
1476.0 1504.5 1533.0
1476.0 1504.5 1533.0
1476.0 1504.5 1533.0
1476.0 1504.5 1533.0
1476.0 1504.5 1533.0
1476.0 1504.5 1533.0
1476.0 1504.5 1533.0
1476.0 1504.5 1533.0
1476.0 1504.5 1533.0
1476.0 1504.5 1533.0
1476.0 1504.5 1533.0
1476.0 1504.5 1533.0
1476.0 1504.5 1533.0
1476.0 1504.5 1533.0
1476.0 1504.5 1533.0
1476.0 1504.5 1533.0
1476.0 1504.5 1533.0
1476.0 1504.5 1533.0
1476.0 1504.5 1533.0
1476.0 1504.5 1533.0
1476.0 1504.5 1533.0
1476.0 1504.5 1533.0
1476.0 1504.5 1533.0
1476.0 1504.5 1533.0
1476.0 1504.5 1533.0
1476.0 1504.5 1533.0
1476.0 1504.5 1533.0
1476.0 1504.5 1533.0
1476.0 1504.5 1533.0
1476.0 1504.5 1533.0
1476.0 1504.5 1533.0
1476.0 1504.5 1533.0
1476.0 1504.5 1533.0
1476.0 1504.5 1533.0
1476.0 1504.5 1533.0
1476.0 1504.5 1533.0
1476.0 1504.5 1533.0
1476.0 1504.5 1533.0
1476.0 1504.5 1533.0
1476.0 1504.5 1533.0
1476.0 1504.5 1533.0
1476.0 1504.5 1533.0
1476.0 1504.5 1533.0
1476.0 1504.5 1533.0
1476.0 1504.5 1533.0
1476.0 1504.5 1533.0
1476.0 1504.5 1533.0
1476.0 1504.5 1533.0
1476.0 1504.5 1533.0
1476.0 1504.5 1533.0
1476.0 1504.5 1533.0
1476.0 1504.5 1533.0
1476.0 1504.5 1533.0
1476.0 1504.5 1533.0
1476.0 1504.5 1533.0
1476.0 1504.5 1533.0
1476.0 1504.5 1533.0
1476.0 1504.5 1533.0
1476.0 1504.5 1533.0
1476.0 1504.5 1533.0
1476.0 1504.5 1533.0
1476.0 1504.5 1533.0
1476.0 1504.5 1533.0
1476.0 1504.5 1533.0
1476.0 1504.5 1533.0
1476.0 1504.5 1533.0
1476.0 1504.5 1533.0
1476.0 1504.5 1533.0
1476.0 1504.5 1533.0
1476.0 1504.5 1533.0
1476.0 1504.5 1533.0
1476.0 1504.5 1533.0
1476.0 1504.5 1533.0
1476.0 1504.5 1533.0
1476.0 1504.5 1533.0
1476.0 1504.5 1533.0
1476.0 1504.5 1533.0
1476.0 1504.5 1533.0
1476.0 1504.5 1533.0
1476.0 1504.5 1533.0
1476.0 1504.5 1533.0
1476.0 1504.5 1533.0
1476.0 1504.5 1533.0
1476.0 1504.5 1533.0
1476.0 1504.5 1533.0
1476.0 1504.5 1533.0
1476.0 1504.5 1533.0
1476.0 1504.5 1533.0
1476.0 1504.5 1533.0
1476.0 1504.5 1533.0
1476.0 1504.5 1533.0
1476.0 1504.5 1533.0
1476.0 1504.5 1533.0
1476.0 1504.5 1533.0
1476.0 1504.5 1533.0
1476.0 1504.5 1533.0
1476.0 1504.5 1533.0
1476.0 1504.5 1533.0
1476.0 1504.5 1533.0
1476.0 1504.5 1533.0
1476.0 1504.5 1533.0
1476.0 1504.5 1533.0
1476.0 1504.5 1533.0
1476.0 1504.5 1533.0
1476.0 1504.5 1533.0
1476.0 1504.5 1533.0
1476.0 1504.5 1533.0
1476.0 1504.5 1533.0
1476.0 1504.5 1533.0
1476.0 1504.5 1533.0
1476.0 1504.5 1533.0
1476.0 1504.5 1533.0
1476.0 1504.5 1533.0
1476.0 1504.5 1533.0
1476.0 1504.5 1533.0
1476.0 1504.5 1533.0
1476.0 1504.5 1533.0
1476.0 1504.5 1533.0
1476.0 1504.5 1533.0
1476.0 1504.5 1533.0
1476.0 1504.5 1533.0
1476.0 1504.5 1533.0
1476.0 1504.5 1533.0
1476.0 1504.5 1533.0
1476.0 1504.5 1533.0
1476.0 1504.5 1533.0
1476.0 1504.5 1533.0
1476.0 1504.5 1533.0
1476.0 1504.5 1533.0
1476.0 1504.5 1533.0
1476.0 1504.5 1533.0
1476.0 1504.5 1533.0
