13646.0 13878.5 14111.0
10997.0 11791.5 12586.0
10946.0 11247.5 11549.0
9395.0 9405.5 9416.0
7957.0 8686.5 9416.0
5780.0 6050.5 6321.0
4721.0 5105.0 5489.0
4846.0 5037.5 5229.0
3344.0 3864.0 4384.0
2985.0 3791.0 4597.0
2711.0 3379.5 4048.0
2711.0 3379.5 4048.0
2711.0 2966.0 3221.0
2509.0 2610.0 2711.0
2165.0 2438.0 2711.0
2165.0 2438.0 2711.0
2165.0 2438.0 2711.0
2165.0 2438.0 2711.0
2165.0 2438.0 2711.0
2165.0 2438.0 2711.0
2165.0 2438.0 2711.0
2165.0 2438.0 2711.0
2165.0 2438.0 2711.0
2165.0 2438.0 2711.0
2364.0 2537.5 2711.0
2364.0 2537.5 2711.0
2364.0 2537.5 2711.0
2364.0 2537.5 2711.0
2364.0 2537.5 2711.0
2364.0 2537.5 2711.0
2364.0 2537.5 2711.0
2155.0 2259.5 2364.0
2155.0 2259.5 2364.0
2155.0 2259.5 2364.0
2155.0 2259.5 2364.0
2155.0 2259.5 2364.0
2155.0 2259.5 2364.0
2155.0 2259.5 2364.0
2155.0 2259.5 2364.0
1632.0 1893.5 2155.0
1496.0 1825.5 2155.0
1496.0 1825.5 2155.0
1496.0 2026.0 2556.0
1496.0 2026.0 2556.0
1496.0 2026.0 2556.0
1496.0 2026.0 2556.0
1496.0 2026.0 2556.0
1496.0 2026.0 2556.0
1496.0 2026.0 2556.0
1496.0 2026.0 2556.0
1496.0 2026.0 2556.0
1496.0 2026.0 2556.0
1496.0 2026.0 2556.0
1496.0 2026.0 2556.0
1496.0 2026.0 2556.0
1496.0 2026.0 2556.0
1496.0 2026.0 2556.0
1496.0 2026.0 2556.0
1496.0 2026.0 2556.0
1496.0 2026.0 2556.0
1496.0 2026.0 2556.0
1496.0 2026.0 2556.0
1496.0 2026.0 2556.0
1496.0 2026.0 2556.0
1496.0 1501.5 1507.0
1496.0 1501.5 1507.0
1496.0 1501.5 1507.0
1496.0 1501.5 1507.0
1496.0 1501.5 1507.0
1496.0 1501.5 1507.0
1496.0 1501.5 1507.0
1496.0 1501.5 1507.0
1496.0 1501.5 1507.0
1496.0 1501.5 1507.0
1496.0 1501.5 1507.0
1496.0 1501.5 1507.0
1496.0 1501.5 1507.0
1496.0 1501.5 1507.0
1496.0 1501.5 1507.0
1496.0 1501.5 1507.0
1496.0 1501.5 1507.0
1496.0 1501.5 1507.0
1496.0 1501.5 1507.0
1496.0 1501.5 1507.0
1496.0 1501.5 1507.0
1496.0 1501.5 1507.0
1496.0 1501.5 1507.0
1496.0 1501.5 1507.0
1496.0 1501.5 1507.0
1496.0 1501.5 1507.0
1496.0 1501.5 1507.0
1496.0 1501.5 1507.0
1496.0 1501.5 1507.0
1496.0 1501.5 1507.0
1496.0 1501.5 1507.0
1496.0 1501.5 1507.0
1496.0 1501.5 1507.0
1496.0 1501.5 1507.0
1496.0 1501.5 1507.0
1496.0 1501.5 1507.0
1496.0 1501.5 1507.0
1496.0 1501.5 1507.0
1496.0 1501.5 1507.0
1496.0 1501.5 1507.0
1496.0 1501.5 1507.0
1496.0 1501.5 1507.0
1496.0 1501.5 1507.0
1496.0 1501.5 1507.0
1496.0 1501.5 1507.0
1496.0 1501.5 1507.0
1496.0 1501.5 1507.0
1496.0 1501.5 1507.0
1496.0 1501.5 1507.0
1496.0 1501.5 1507.0
1496.0 1501.5 1507.0
1496.0 1501.5 1507.0
1496.0 1501.5 1507.0
1496.0 1501.5 1507.0
1496.0 1501.5 1507.0
1496.0 1501.5 1507.0
1496.0 1501.5 1507.0
1496.0 1501.5 1507.0
1496.0 1501.5 1507.0
1496.0 1501.5 1507.0
1496.0 1501.5 1507.0
1496.0 1501.5 1507.0
1496.0 1501.5 1507.0
1496.0 1501.5 1507.0
1496.0 1501.5 1507.0
1496.0 1501.5 1507.0
1496.0 1501.5 1507.0
1496.0 1501.5 1507.0
1496.0 1501.5 1507.0
1496.0 1501.5 1507.0
1496.0 1501.5 1507.0
1496.0 1501.5 1507.0
1496.0 1501.5 1507.0
1496.0 1501.5 1507.0
1496.0 1501.5 1507.0
1496.0 1501.5 1507.0
1496.0 1501.5 1507.0
1496.0 1501.5 1507.0
1496.0 1501.5 1507.0
1496.0 1501.5 1507.0
1496.0 1501.5 1507.0
1496.0 1501.5 1507.0
1496.0 1501.5 1507.0
1496.0 1501.5 1507.0
1496.0 1501.5 1507.0
1496.0 1501.5 1507.0
1496.0 1501.5 1507.0
1496.0 1501.5 1507.0
1496.0 1501.5 1507.0
1496.0 1501.5 1507.0
1496.0 1501.5 1507.0
1496.0 1501.5 1507.0
1496.0 1501.5 1507.0
1496.0 1501.5 1507.0
1496.0 1501.5 1507.0
1496.0 1501.5 1507.0
1496.0 1501.5 1507.0
1496.0 1501.5 1507.0
1496.0 1501.5 1507.0
1496.0 1501.5 1507.0
1496.0 1501.5 1507.0
1496.0 1501.5 1507.0
1496.0 1501.5 1507.0
1496.0 1501.5 1507.0
1496.0 1501.5 1507.0
1496.0 1501.5 1507.0
1496.0 1501.5 1507.0
1496.0 1501.5 1507.0
1496.0 1501.5 1507.0
1496.0 1501.5 1507.0
1496.0 1501.5 1507.0
1496.0 1501.5 1507.0
1496.0 1501.5 1507.0
1496.0 1501.5 1507.0
1496.0 1501.5 1507.0
1496.0 1501.5 1507.0
1496.0 1501.5 1507.0
1496.0 1501.5 1507.0
1496.0 1501.5 1507.0
1496.0 1501.5 1507.0
1496.0 1501.5 1507.0
1496.0 1501.5 1507.0
1496.0 1501.5 1507.0
1496.0 1501.5 1507.0
1496.0 1501.5 1507.0
1496.0 1501.5 1507.0
1496.0 1501.5 1507.0
1496.0 1501.5 1507.0
1496.0 1501.5 1507.0
1496.0 1501.5 1507.0
1496.0 1501.5 1507.0
1496.0 1501.5 1507.0
1496.0 1501.5 1507.0
1496.0 1501.5 1507.0
1496.0 1501.5 1507.0
1496.0 1501.5 1507.0
