11298.0 12321.5 13345.0
8253.0 8514.5 8776.0
6159.0 7119.0 8079.0
5044.0 5613.5 6183.0
3600.0 4392.5 5185.0
3728.0 3952.5 4177.0
2861.0 3289.0 3717.0
3048.0 3404.0 3760.0
1499.0 1918.5 2338.0
1499.0 1982.0 2465.0
1499.0 1619.5 1740.0
1499.0 1668.5 1838.0
1442.0 1470.5 1499.0
1442.0 1470.5 1499.0
1442.0 1470.5 1499.0
1262.0 1380.5 1499.0
1262.0 1380.5 1499.0
1262.0 1380.5 1499.0
1262.0 1380.5 1499.0
1262.0 1380.5 1499.0
1262.0 1380.5 1499.0
1262.0 1380.5 1499.0
1262.0 1380.5 1499.0
1262.0 1380.5 1499.0
1262.0 1380.5 1499.0
1262.0 1380.5 1499.0
1262.0 1380.5 1499.0
1262.0 1380.5 1499.0
1262.0 1380.5 1499.0
1262.0 1380.5 1499.0
1262.0 1380.5 1499.0
1262.0 1380.5 1499.0
1262.0 1380.5 1499.0
1262.0 1380.5 1499.0
1262.0 1380.5 1499.0
1262.0 1380.5 1499.0
1262.0 1380.5 1499.0
1262.0 1380.5 1499.0
1262.0 1380.5 1499.0
1262.0 1380.5 1499.0
1262.0 1380.5 1499.0
1262.0 1380.5 1499.0
1262.0 1380.5 1499.0
1262.0 1380.5 1499.0
1262.0 1380.5 1499.0
1262.0 1380.5 1499.0
1262.0 1380.5 1499.0
1262.0 1380.5 1499.0
1262.0 1380.5 1499.0
1262.0 1380.5 1499.0
1262.0 1380.5 1499.0
1262.0 1380.5 1499.0
1262.0 1380.5 1499.0
1262.0 1380.5 1499.0
1262.0 1380.5 1499.0
1262.0 1380.5 1499.0
1262.0 1380.5 1499.0
1262.0 1380.5 1499.0
1262.0 1380.5 1499.0
1262.0 1380.5 1499.0
1188.0 1343.5 1499.0
1188.0 1343.5 1499.0
1188.0 1343.5 1499.0
1188.0 1343.5 1499.0
1188.0 1343.5 1499.0
1188.0 1343.5 1499.0
1188.0 1343.5 1499.0
1188.0 1343.5 1499.0
1188.0 1343.5 1499.0
1188.0 1343.5 1499.0
1188.0 1343.5 1499.0
1188.0 1343.5 1499.0
1188.0 1343.5 1499.0
1188.0 1343.5 1499.0
1188.0 1343.5 1499.0
1188.0 1343.5 1499.0
1188.0 1343.5 1499.0
1188.0 1343.5 1499.0
1188.0 1343.5 1499.0
1188.0 1343.5 1499.0
1188.0 1343.5 1499.0
1188.0 1343.5 1499.0
1188.0 1343.5 1499.0
1188.0 1343.5 1499.0
1188.0 1343.5 1499.0
1188.0 1343.5 1499.0
1188.0 1343.5 1499.0
1188.0 1343.5 1499.0
1188.0 1343.5 1499.0
1188.0 1343.5 1499.0
1188.0 1343.5 1499.0
1188.0 1343.5 1499.0
1188.0 1343.5 1499.0
1188.0 1343.5 1499.0
1188.0 1343.5 1499.0
1188.0 1343.5 1499.0
1188.0 1343.5 1499.0
1188.0 1343.5 1499.0
1188.0 1343.5 1499.0
1188.0 1343.5 1499.0
1188.0 1343.5 1499.0
1188.0 1343.5 1499.0
1188.0 1343.5 1499.0
1188.0 1343.5 1499.0
1188.0 1343.5 1499.0
1188.0 1343.5 1499.0
1188.0 1343.5 1499.0
1188.0 1343.5 1499.0
1188.0 1343.5 1499.0
1188.0 1343.5 1499.0
1188.0 1343.5 1499.0
1188.0 1343.5 1499.0
1188.0 1343.5 1499.0
1188.0 1343.5 1499.0
1188.0 1343.5 1499.0
1188.0 1343.5 1499.0
1188.0 1343.5 1499.0
1188.0 1343.5 1499.0
1188.0 1343.5 1499.0
1188.0 1343.5 1499.0
1188.0 1343.5 1499.0
1188.0 1343.5 1499.0
1188.0 1343.5 1499.0
1188.0 1343.5 1499.0
1188.0 1343.5 1499.0
1188.0 1343.5 1499.0
1188.0 1343.5 1499.0
1188.0 1343.5 1499.0
1188.0 1343.5 1499.0
1188.0 1343.5 1499.0
1188.0 1343.5 1499.0
1188.0 1343.5 1499.0
1188.0 1343.5 1499.0
1188.0 1343.5 1499.0
1188.0 1343.5 1499.0
1188.0 1343.5 1499.0
1188.0 1343.5 1499.0
1188.0 1343.5 1499.0
1188.0 1343.5 1499.0
1188.0 1343.5 1499.0
1188.0 1343.5 1499.0
1188.0 1343.5 1499.0
1188.0 1343.5 1499.0
1188.0 1343.5 1499.0
1188.0 1343.5 1499.0
1188.0 1343.5 1499.0
1188.0 1343.5 1499.0
1188.0 1343.5 1499.0
1188.0 1343.5 1499.0
1188.0 1343.5 1499.0
1188.0 1343.5 1499.0
1188.0 1343.5 1499.0
1188.0 1343.5 1499.0
1188.0 1343.5 1499.0
1188.0 1343.5 1499.0
1188.0 1343.5 1499.0
1188.0 1343.5 1499.0
1188.0 1343.5 1499.0
1188.0 1343.5 1499.0
1188.0 1343.5 1499.0
1188.0 1343.5 1499.0
1188.0 1343.5 1499.0
1188.0 1343.5 1499.0
1188.0 1343.5 1499.0
1188.0 1343.5 1499.0
1188.0 1343.5 1499.0
1188.0 1343.5 1499.0
1188.0 1343.5 1499.0
1188.0 1343.5 1499.0
1188.0 1343.5 1499.0
1188.0 1343.5 1499.0
1188.0 1343.5 1499.0
1188.0 1343.5 1499.0
1188.0 1343.5 1499.0
1188.0 1343.5 1499.0
1188.0 1343.5 1499.0
1188.0 1343.5 1499.0
1188.0 1343.5 1499.0
1188.0 1343.5 1499.0
1188.0 1343.5 1499.0
1188.0 1343.5 1499.0
1188.0 1343.5 1499.0
1188.0 1343.5 1499.0
1188.0 1343.5 1499.0
1188.0 1343.5 1499.0
1188.0 1343.5 1499.0
1188.0 1343.5 1499.0
1188.0 1343.5 1499.0
1188.0 1343.5 1499.0
1188.0 1343.5 1499.0
1188.0 1343.5 1499.0
1188.0 1343.5 1499.0
1188.0 1343.5 1499.0
1188.0 1343.5 1499.0
1188.0 1343.5 1499.0
1188.0 1343.5 1499.0
1188.0 1343.5 1499.0
1188.0 1343.5 1499.0
1188.0 1343.5 1499.0
1188.0 1343.5 1499.0
