13459.0 14280.0 15101.0
10603.0 10640.5 10678.0
8700.0 9397.0 10094.0
7053.0 8001.0 8949.0
6376.0 7059.0 7742.0
3347.0 4615.0 5883.0
3092.0 3385.5 3679.0
2408.0 2837.0 3266.0
2408.0 2735.5 3063.0
2408.0 2735.5 3063.0
1955.0 2229.5 2504.0
1955.0 1979.0 2003.0
1741.0 1872.0 2003.0
1741.0 1872.0 2003.0
1741.0 1872.0 2003.0
1741.0 1872.0 2003.0
1741.0 1872.0 2003.0
1741.0 1872.0 2003.0
1741.0 1872.0 2003.0
1741.0 1872.0 2003.0
1741.0 1872.0 2003.0
1741.0 1872.0 2003.0
1190.0 1596.5 2003.0
1190.0 1596.5 2003.0
1190.0 1596.5 2003.0
1190.0 1596.5 2003.0
1190.0 1596.5 2003.0
1190.0 1596.5 2003.0
1190.0 1596.5 2003.0
1190.0 1596.5 2003.0
1190.0 1596.5 2003.0
1190.0 1596.5 2003.0
1190.0 1596.5 2003.0
1190.0 1596.5 2003.0
1190.0 1596.5 2003.0
1190.0 1596.5 2003.0
1190.0 1596.5 2003.0
1190.0 1596.5 2003.0
1190.0 1596.5 2003.0
1190.0 1596.5 2003.0
1190.0 1596.5 2003.0
1190.0 1596.5 2003.0
1190.0 1596.5 2003.0
1190.0 1596.5 2003.0
1190.0 1596.5 2003.0
1190.0 1596.5 2003.0
1190.0 1596.5 2003.0
1190.0 1596.5 2003.0
1190.0 1596.5 2003.0
1190.0 1596.5 2003.0
1190.0 1596.5 2003.0
1190.0 1596.5 2003.0
1190.0 1596.5 2003.0
1190.0 1596.5 2003.0
1190.0 1596.5 2003.0
1190.0 1596.5 2003.0
1190.0 1596.5 2003.0
1190.0 1596.5 2003.0
1190.0 1596.5 2003.0
1190.0 1596.5 2003.0
1190.0 1596.5 2003.0
1190.0 1596.5 2003.0
1190.0 1596.5 2003.0
1190.0 1596.5 2003.0
1190.0 1596.5 2003.0
1190.0 1596.5 2003.0
1190.0 1596.5 2003.0
1190.0 1596.5 2003.0
1190.0 1596.5 2003.0
1190.0 1596.5 2003.0
1190.0 1596.5 2003.0
1190.0 1596.5 2003.0
1190.0 1596.5 2003.0
1190.0 1596.5 2003.0
1190.0 1596.5 2003.0
1190.0 1596.5 2003.0
1190.0 1596.5 2003.0
1190.0 1424.0 1658.0
1190.0 1424.0 1658.0
1190.0 1338.5 1487.0
1190.0 1338.5 1487.0
1190.0 1338.5 1487.0
1190.0 1338.5 1487.0
1190.0 1338.5 1487.0
1190.0 1338.5 1487.0
1190.0 1338.5 1487.0
1190.0 1338.5 1487.0
1190.0 1338.5 1487.0
1190.0 1338.5 1487.0
1190.0 1338.5 1487.0
1190.0 1338.5 1487.0
1190.0 1338.5 1487.0
1190.0 1338.5 1487.0
1190.0 1338.5 1487.0
1190.0 1338.5 1487.0
1190.0 1338.5 1487.0
1190.0 1338.5 1487.0
1190.0 1338.5 1487.0
1190.0 1338.5 1487.0
1190.0 1338.5 1487.0
1190.0 1338.5 1487.0
1190.0 1338.5 1487.0
1190.0 1338.5 1487.0
1190.0 1338.5 1487.0
1190.0 1338.5 1487.0
1190.0 1338.5 1487.0
1190.0 1338.5 1487.0
1190.0 1338.5 1487.0
1190.0 1338.5 1487.0
1190.0 1338.5 1487.0
1190.0 1338.5 1487.0
1190.0 1338.5 1487.0
1190.0 1338.5 1487.0
1190.0 1338.5 1487.0
1190.0 1338.5 1487.0
1190.0 1338.5 1487.0
1190.0 1338.5 1487.0
1190.0 1338.5 1487.0
1190.0 1338.5 1487.0
1190.0 1338.5 1487.0
1190.0 1338.5 1487.0
1190.0 1338.5 1487.0
1190.0 1338.5 1487.0
1190.0 1338.5 1487.0
1190.0 1338.5 1487.0
1190.0 1338.5 1487.0
1190.0 1338.5 1487.0
1190.0 1338.5 1487.0
1190.0 1338.5 1487.0
1190.0 1338.5 1487.0
1190.0 1338.5 1487.0
1190.0 1338.5 1487.0
1190.0 1338.5 1487.0
1190.0 1338.5 1487.0
1190.0 1338.5 1487.0
1190.0 1338.5 1487.0
1190.0 1338.5 1487.0
1190.0 1338.5 1487.0
1190.0 1338.5 1487.0
1190.0 1338.5 1487.0
1190.0 1338.5 1487.0
1190.0 1338.5 1487.0
1190.0 1338.5 1487.0
1190.0 1338.5 1487.0
1190.0 1338.5 1487.0
1190.0 1338.5 1487.0
1190.0 1338.5 1487.0
1190.0 1338.5 1487.0
1190.0 1338.5 1487.0
1190.0 1338.5 1487.0
1190.0 1338.5 1487.0
1190.0 1338.5 1487.0
1190.0 1338.5 1487.0
1190.0 1338.5 1487.0
1190.0 1338.5 1487.0
1190.0 1338.5 1487.0
1190.0 1338.5 1487.0
1190.0 1338.5 1487.0
1190.0 1338.5 1487.0
1190.0 1338.5 1487.0
1190.0 1338.5 1487.0
1190.0 1338.5 1487.0
1190.0 1338.5 1487.0
1190.0 1338.5 1487.0
1190.0 1338.5 1487.0
1190.0 1338.5 1487.0
1190.0 1338.5 1487.0
1190.0 1338.5 1487.0
1190.0 1338.5 1487.0
1190.0 1338.5 1487.0
1190.0 1338.5 1487.0
1190.0 1338.5 1487.0
1190.0 1338.5 1487.0
1190.0 1338.5 1487.0
1190.0 1338.5 1487.0
1190.0 1338.5 1487.0
1190.0 1338.5 1487.0
1190.0 1338.5 1487.0
1190.0 1338.5 1487.0
1190.0 1338.5 1487.0
1190.0 1338.5 1487.0
1190.0 1338.5 1487.0
1190.0 1338.5 1487.0
1190.0 1338.5 1487.0
1190.0 1338.5 1487.0
1190.0 1338.5 1487.0
1190.0 1338.5 1487.0
1190.0 1338.5 1487.0
1190.0 1338.5 1487.0
1190.0 1338.5 1487.0
1190.0 1338.5 1487.0
1190.0 1338.5 1487.0
1190.0 1338.5 1487.0
1190.0 1338.5 1487.0
1190.0 1338.5 1487.0
1190.0 1338.5 1487.0
1190.0 1338.5 1487.0
1190.0 1338.5 1487.0
1190.0 1338.5 1487.0
1190.0 1338.5 1487.0
