13335.0 13815.5 14296.0
10795.0 12597.5 14400.0
7166.0 9221.0 11276.0
5727.0 8165.5 10604.0
5348.0 6102.5 6857.0
4502.0 4598.0 4694.0
3736.0 4236.0 4736.0
3360.0 3548.0 3736.0
3780.0 3913.5 4047.0
2697.0 3238.5 3780.0
2710.0 2953.0 3196.0
2645.0 2754.0 2863.0
2353.0 2608.0 2863.0
2007.0 2435.0 2863.0
2007.0 2435.0 2863.0
2007.0 2213.0 2419.0
1871.0 1939.0 2007.0
1871.0 1939.0 2007.0
1574.0 1790.5 2007.0
1574.0 1790.5 2007.0
1431.0 1565.0 1699.0
1431.0 1565.0 1699.0
1431.0 1565.0 1699.0
1431.0 1565.0 1699.0
1431.0 1565.0 1699.0
1431.0 1565.0 1699.0
1431.0 1565.0 1699.0
1431.0 1565.0 1699.0
1431.0 1565.0 1699.0
1431.0 1565.0 1699.0
1431.0 1565.0 1699.0
1431.0 1565.0 1699.0
1431.0 1565.0 1699.0
1431.0 1565.0 1699.0
1431.0 1565.0 1699.0
1431.0 1565.0 1699.0
1431.0 1565.0 1699.0
1431.0 1565.0 1699.0
1431.0 1565.0 1699.0
1431.0 1565.0 1699.0
1431.0 1565.0 1699.0
1431.0 1565.0 1699.0
1431.0 1565.0 1699.0
1431.0 1565.0 1699.0
1431.0 1565.0 1699.0
1431.0 1565.0 1699.0
1431.0 1565.0 1699.0
1431.0 1565.0 1699.0
1431.0 1565.0 1699.0
1431.0 1565.0 1699.0
1431.0 1565.0 1699.0
1431.0 1565.0 1699.0
1431.0 1565.0 1699.0
1431.0 1565.0 1699.0
1431.0 1565.0 1699.0
1431.0 1565.0 1699.0
1431.0 1565.0 1699.0
1431.0 1565.0 1699.0
1431.0 1565.0 1699.0
1431.0 1565.0 1699.0
1431.0 1565.0 1699.0
1431.0 1565.0 1699.0
1431.0 1565.0 1699.0
1431.0 1565.0 1699.0
1431.0 1565.0 1699.0
1431.0 1565.0 1699.0
1431.0 1565.0 1699.0
1431.0 1565.0 1699.0
1431.0 1565.0 1699.0
1431.0 1565.0 1699.0
1431.0 1565.0 1699.0
1431.0 1565.0 1699.0
1431.0 1565.0 1699.0
1431.0 1565.0 1699.0
1431.0 1565.0 1699.0
1431.0 1565.0 1699.0
1431.0 1565.0 1699.0
1431.0 1565.0 1699.0
1431.0 1565.0 1699.0
1431.0 1565.0 1699.0
1431.0 1565.0 1699.0
1431.0 1565.0 1699.0
1431.0 1565.0 1699.0
1431.0 1565.0 1699.0
1431.0 1565.0 1699.0
1431.0 1565.0 1699.0
1431.0 1565.0 1699.0
1431.0 1565.0 1699.0
1431.0 1565.0 1699.0
1431.0 1565.0 1699.0
1431.0 1565.0 1699.0
1431.0 1565.0 1699.0
1431.0 1565.0 1699.0
1431.0 1565.0 1699.0
1431.0 1565.0 1699.0
1431.0 1565.0 1699.0
1431.0 1565.0 1699.0
1431.0 1565.0 1699.0
1431.0 1565.0 1699.0
1431.0 1565.0 1699.0
1431.0 1565.0 1699.0
1431.0 1565.0 1699.0
1431.0 1565.0 1699.0
1431.0 1565.0 1699.0
1431.0 1565.0 1699.0
1431.0 1565.0 1699.0
1431.0 1565.0 1699.0
1431.0 1565.0 1699.0
1431.0 1565.0 1699.0
1431.0 1565.0 1699.0
1431.0 1565.0 1699.0
1431.0 1565.0 1699.0
1431.0 1565.0 1699.0
1431.0 1565.0 1699.0
1431.0 1565.0 1699.0
1431.0 1565.0 1699.0
1188.0 1443.5 1699.0
1029.0 1364.0 1699.0
1096.0 1397.5 1699.0
936.0 1317.5 1699.0
1029.0 1364.0 1699.0
1029.0 1364.0 1699.0
936.0 1317.5 1699.0
936.0 1317.5 1699.0
936.0 1317.5 1699.0
936.0 1317.5 1699.0
936.0 1317.5 1699.0
936.0 1317.5 1699.0
936.0 1317.5 1699.0
936.0 1317.5 1699.0
936.0 1317.5 1699.0
936.0 1317.5 1699.0
936.0 1317.5 1699.0
936.0 1317.5 1699.0
936.0 1058.5 1181.0
936.0 1058.5 1181.0
936.0 1053.0 1170.0
936.0 1053.0 1170.0
936.0 1053.0 1170.0
936.0 1053.0 1170.0
936.0 1053.0 1170.0
936.0 1053.0 1170.0
936.0 1053.0 1170.0
936.0 1053.0 1170.0
936.0 1053.0 1170.0
936.0 1053.0 1170.0
936.0 1053.0 1170.0
936.0 1053.0 1170.0
936.0 1053.0 1170.0
936.0 1053.0 1170.0
936.0 1053.0 1170.0
936.0 1053.0 1170.0
936.0 1053.0 1170.0
936.0 1053.0 1170.0
936.0 1053.0 1170.0
936.0 1053.0 1170.0
936.0 1053.0 1170.0
936.0 1053.0 1170.0
936.0 1053.0 1170.0
936.0 1053.0 1170.0
936.0 1053.0 1170.0
936.0 1053.0 1170.0
936.0 1053.0 1170.0
936.0 1053.0 1170.0
936.0 1053.0 1170.0
936.0 1053.0 1170.0
936.0 1053.0 1170.0
936.0 1053.0 1170.0
936.0 1053.0 1170.0
936.0 1053.0 1170.0
936.0 1053.0 1170.0
936.0 1053.0 1170.0
936.0 1053.0 1170.0
936.0 1053.0 1170.0
936.0 1053.0 1170.0
936.0 1053.0 1170.0
936.0 1053.0 1170.0
936.0 1053.0 1170.0
936.0 1053.0 1170.0
936.0 1053.0 1170.0
936.0 1053.0 1170.0
936.0 1053.0 1170.0
936.0 1053.0 1170.0
936.0 1053.0 1170.0
936.0 1053.0 1170.0
936.0 1053.0 1170.0
936.0 1053.0 1170.0
936.0 1053.0 1170.0
936.0 1053.0 1170.0
936.0 1053.0 1170.0
936.0 1053.0 1170.0
936.0 1053.0 1170.0
936.0 1053.0 1170.0
936.0 1053.0 1170.0
936.0 1053.0 1170.0
936.0 1053.0 1170.0
936.0 1053.0 1170.0
936.0 1053.0 1170.0
936.0 1053.0 1170.0
936.0 1053.0 1170.0
