10523.0 11618.0 12713.0
7680.0 10196.5 12713.0
6436.0 7492.5 8549.0
4276.0 5891.5 7507.0
4078.0 5024.0 5970.0
2730.0 3299.5 3869.0
2754.0 3305.5 3857.0
2024.0 2197.0 2370.0
1679.0 2025.5 2372.0
1416.0 1703.5 1991.0
1416.0 1703.5 1991.0
1417.0 1704.0 1991.0
1193.0 1592.0 1991.0
1416.0 1703.5 1991.0
1170.0 1580.5 1991.0
1170.0 1580.5 1991.0
1004.0 1497.5 1991.0
1004.0 1497.5 1991.0
1004.0 1497.5 1991.0
1004.0 1497.5 1991.0
1004.0 1497.5 1991.0
1004.0 1497.5 1991.0
1004.0 1497.5 1991.0
916.0 1453.5 1991.0
916.0 1453.5 1991.0
770.0 1380.5 1991.0
770.0 1380.5 1991.0
770.0 1380.5 1991.0
770.0 1380.5 1991.0
770.0 1380.5 1991.0
770.0 1210.5 1651.0
770.0 1121.0 1472.0
770.0 1121.0 1472.0
770.0 1121.0 1472.0
770.0 782.0 794.0
770.0 782.0 794.0
770.0 782.0 794.0
770.0 782.0 794.0
770.0 782.0 794.0
770.0 782.0 794.0
770.0 782.0 794.0
770.0 782.0 794.0
770.0 782.0 794.0
770.0 782.0 794.0
770.0 782.0 794.0
770.0 782.0 794.0
770.0 782.0 794.0
770.0 782.0 794.0
770.0 782.0 794.0
770.0 782.0 794.0
770.0 782.0 794.0
770.0 782.0 794.0
770.0 782.0 794.0
770.0 782.0 794.0
770.0 782.0 794.0
770.0 782.0 794.0
770.0 782.0 794.0
770.0 782.0 794.0
770.0 782.0 794.0
770.0 782.0 794.0
770.0 782.0 794.0
770.0 782.0 794.0
770.0 782.0 794.0
770.0 782.0 794.0
770.0 782.0 794.0
770.0 782.0 794.0
770.0 782.0 794.0
770.0 782.0 794.0
770.0 782.0 794.0
770.0 782.0 794.0
770.0 782.0 794.0
770.0 782.0 794.0
770.0 782.0 794.0
770.0 782.0 794.0
770.0 782.0 794.0
770.0 782.0 794.0
770.0 782.0 794.0
770.0 782.0 794.0
770.0 782.0 794.0
770.0 782.0 794.0
770.0 782.0 794.0
770.0 782.0 794.0
770.0 782.0 794.0
770.0 782.0 794.0
770.0 782.0 794.0
770.0 782.0 794.0
770.0 782.0 794.0
770.0 782.0 794.0
770.0 782.0 794.0
770.0 782.0 794.0
770.0 782.0 794.0
770.0 782.0 794.0
770.0 782.0 794.0
770.0 782.0 794.0
770.0 782.0 794.0
770.0 782.0 794.0
770.0 782.0 794.0
770.0 782.0 794.0
770.0 782.0 794.0
770.0 782.0 794.0
770.0 782.0 794.0
770.0 782.0 794.0
770.0 782.0 794.0
770.0 782.0 794.0
770.0 782.0 794.0
770.0 782.0 794.0
770.0 782.0 794.0
770.0 782.0 794.0
770.0 782.0 794.0
770.0 782.0 794.0
770.0 782.0 794.0
770.0 782.0 794.0
770.0 782.0 794.0
770.0 782.0 794.0
770.0 782.0 794.0
770.0 782.0 794.0
770.0 782.0 794.0
770.0 782.0 794.0
770.0 782.0 794.0
770.0 782.0 794.0
770.0 782.0 794.0
770.0 782.0 794.0
770.0 782.0 794.0
770.0 782.0 794.0
770.0 782.0 794.0
770.0 782.0 794.0
770.0 782.0 794.0
770.0 782.0 794.0
770.0 782.0 794.0
770.0 782.0 794.0
770.0 782.0 794.0
770.0 782.0 794.0
770.0 782.0 794.0
770.0 782.0 794.0
770.0 782.0 794.0
770.0 782.0 794.0
770.0 782.0 794.0
770.0 782.0 794.0
770.0 782.0 794.0
770.0 782.0 794.0
770.0 782.0 794.0
770.0 782.0 794.0
770.0 782.0 794.0
770.0 782.0 794.0
770.0 782.0 794.0
770.0 782.0 794.0
770.0 782.0 794.0
770.0 782.0 794.0
770.0 782.0 794.0
770.0 782.0 794.0
770.0 782.0 794.0
770.0 782.0 794.0
770.0 782.0 794.0
770.0 782.0 794.0
770.0 782.0 794.0
770.0 782.0 794.0
770.0 782.0 794.0
770.0 782.0 794.0
770.0 782.0 794.0
770.0 782.0 794.0
770.0 782.0 794.0
770.0 782.0 794.0
770.0 782.0 794.0
770.0 782.0 794.0
770.0 782.0 794.0
770.0 782.0 794.0
770.0 782.0 794.0
770.0 782.0 794.0
770.0 782.0 794.0
770.0 782.0 794.0
770.0 782.0 794.0
770.0 782.0 794.0
770.0 782.0 794.0
770.0 782.0 794.0
770.0 782.0 794.0
770.0 782.0 794.0
770.0 782.0 794.0
770.0 782.0 794.0
770.0 782.0 794.0
770.0 782.0 794.0
770.0 782.0 794.0
770.0 782.0 794.0
770.0 782.0 794.0
770.0 782.0 794.0
770.0 782.0 794.0
770.0 782.0 794.0
770.0 782.0 794.0
770.0 782.0 794.0
770.0 782.0 794.0
770.0 782.0 794.0
770.0 782.0 794.0
770.0 782.0 794.0
770.0 782.0 794.0
770.0 782.0 794.0
770.0 782.0 794.0
770.0 782.0 794.0
770.0 782.0 794.0
770.0 782.0 794.0
770.0 782.0 794.0
770.0 782.0 794.0
