9587.0 11377.0 13167.0
9033.0 9877.5 10722.0
6212.0 7285.5 8359.0
5094.0 5113.0 5132.0
3915.0 4031.5 4148.0
3664.0 3969.5 4275.0
2894.0 3065.0 3236.0
2511.0 2514.5 2518.0
1994.0 2185.5 2377.0
2354.0 2365.5 2377.0
1479.0 1913.0 2347.0
1284.0 1815.5 2347.0
1284.0 1299.5 1315.0
1284.0 1299.5 1315.0
1284.0 1299.5 1315.0
1284.0 1299.5 1315.0
1284.0 1299.5 1315.0
1284.0 1299.5 1315.0
1284.0 1299.5 1315.0
1284.0 1299.5 1315.0
1284.0 1299.5 1315.0
1284.0 1299.5 1315.0
1284.0 1299.5 1315.0
1284.0 1299.5 1315.0
1284.0 1299.5 1315.0
1284.0 1299.5 1315.0
1284.0 1299.5 1315.0
1284.0 1299.5 1315.0
1284.0 1299.5 1315.0
1284.0 1299.5 1315.0
1284.0 1299.5 1315.0
1284.0 1299.5 1315.0
1284.0 1299.5 1315.0
1284.0 1299.5 1315.0
1284.0 1299.5 1315.0
1284.0 1299.5 1315.0
1284.0 1299.5 1315.0
1284.0 1299.5 1315.0
1284.0 1299.5 1315.0
1284.0 1299.5 1315.0
1284.0 1299.5 1315.0
1284.0 1299.5 1315.0
1284.0 1299.5 1315.0
1284.0 1299.5 1315.0
1284.0 1299.5 1315.0
1284.0 1299.5 1315.0
1284.0 1299.5 1315.0
1284.0 1299.5 1315.0
1284.0 1299.5 1315.0
1284.0 1299.5 1315.0
1284.0 1299.5 1315.0
1284.0 1299.5 1315.0
1284.0 1299.5 1315.0
1284.0 1299.5 1315.0
1284.0 1299.5 1315.0
1284.0 1299.5 1315.0
1284.0 1299.5 1315.0
1284.0 1299.5 1315.0
1284.0 1299.5 1315.0
1284.0 1299.5 1315.0
1284.0 1299.5 1315.0
1284.0 1299.5 1315.0
1284.0 1299.5 1315.0
1284.0 1299.5 1315.0
1284.0 1299.5 1315.0
1284.0 1299.5 1315.0
1284.0 1299.5 1315.0
1284.0 1299.5 1315.0
1284.0 1299.5 1315.0
1284.0 1299.5 1315.0
1284.0 1299.5 1315.0
1284.0 1299.5 1315.0
1284.0 1299.5 1315.0
1284.0 1299.5 1315.0
1284.0 1299.5 1315.0
1284.0 1299.5 1315.0
1284.0 1299.5 1315.0
1284.0 1299.5 1315.0
1284.0 1299.5 1315.0
1284.0 1299.5 1315.0
1284.0 1299.5 1315.0
1284.0 1299.5 1315.0
1284.0 1299.5 1315.0
1284.0 1299.5 1315.0
1284.0 1299.5 1315.0
1284.0 1299.5 1315.0
1284.0 1299.5 1315.0
1284.0 1299.5 1315.0
1284.0 1299.5 1315.0
1284.0 1299.5 1315.0
1284.0 1299.5 1315.0
1284.0 1299.5 1315.0
1284.0 1299.5 1315.0
1284.0 1299.5 1315.0
1284.0 1299.5 1315.0
1284.0 1299.5 1315.0
1284.0 1299.5 1315.0
1284.0 1299.5 1315.0
1284.0 1299.5 1315.0
1284.0 1299.5 1315.0
1284.0 1299.5 1315.0
1284.0 1299.5 1315.0
1284.0 1299.5 1315.0
1284.0 1299.5 1315.0
1284.0 1299.5 1315.0
1284.0 1299.5 1315.0
1284.0 1299.5 1315.0
1284.0 1299.5 1315.0
1284.0 1299.5 1315.0
1284.0 1299.5 1315.0
1284.0 1299.5 1315.0
1284.0 1299.5 1315.0
1284.0 1299.5 1315.0
1284.0 1299.5 1315.0
1284.0 1299.5 1315.0
1284.0 1299.5 1315.0
1284.0 1299.5 1315.0
1284.0 1299.5 1315.0
1284.0 1299.5 1315.0
1284.0 1299.5 1315.0
1284.0 1299.5 1315.0
1284.0 1299.5 1315.0
1284.0 1299.5 1315.0
1284.0 1299.5 1315.0
1284.0 1299.5 1315.0
1284.0 1299.5 1315.0
1284.0 1299.5 1315.0
1284.0 1299.5 1315.0
1284.0 1299.5 1315.0
1284.0 1299.5 1315.0
1284.0 1299.5 1315.0
1284.0 1299.5 1315.0
1284.0 1299.5 1315.0
1284.0 1299.5 1315.0
1284.0 1299.5 1315.0
1284.0 1299.5 1315.0
1284.0 1299.5 1315.0
1284.0 1299.5 1315.0
1284.0 1299.5 1315.0
1284.0 1299.5 1315.0
1284.0 1299.5 1315.0
1284.0 1299.5 1315.0
1284.0 1299.5 1315.0
1284.0 1299.5 1315.0
1284.0 1299.5 1315.0
1284.0 1299.5 1315.0
1284.0 1299.5 1315.0
1284.0 1299.5 1315.0
1284.0 1299.5 1315.0
1284.0 1299.5 1315.0
1284.0 1299.5 1315.0
1284.0 1299.5 1315.0
1284.0 1299.5 1315.0
1284.0 1299.5 1315.0
1284.0 1299.5 1315.0
1284.0 1299.5 1315.0
1284.0 1299.5 1315.0
1284.0 1299.5 1315.0
1284.0 1299.5 1315.0
1284.0 1299.5 1315.0
1284.0 1299.5 1315.0
1284.0 1299.5 1315.0
1284.0 1299.5 1315.0
1284.0 1299.5 1315.0
1284.0 1299.5 1315.0
1284.0 1299.5 1315.0
1284.0 1299.5 1315.0
1284.0 1299.5 1315.0
1284.0 1299.5 1315.0
1284.0 1299.5 1315.0
1284.0 1299.5 1315.0
1284.0 1299.5 1315.0
1284.0 1299.5 1315.0
1284.0 1299.5 1315.0
1284.0 1299.5 1315.0
1284.0 1299.5 1315.0
1284.0 1299.5 1315.0
1284.0 1299.5 1315.0
1284.0 1299.5 1315.0
1284.0 1299.5 1315.0
1284.0 1299.5 1315.0
1284.0 1299.5 1315.0
1284.0 1299.5 1315.0
1284.0 1299.5 1315.0
1284.0 1299.5 1315.0
1284.0 1299.5 1315.0
1284.0 1299.5 1315.0
1284.0 1299.5 1315.0
1284.0 1299.5 1315.0
1284.0 1299.5 1315.0
1284.0 1299.5 1315.0
1284.0 1299.5 1315.0
1284.0 1299.5 1315.0
1284.0 1299.5 1315.0
1284.0 1299.5 1315.0
1284.0 1299.5 1315.0
1284.0 1299.5 1315.0
1284.0 1299.5 1315.0
1284.0 1299.5 1315.0
1284.0 1299.5 1315.0
