13815.0 13956.5 14098.0
9295.0 9518.0 9741.0
6185.0 7227.5 8270.0
4881.0 6066.5 7252.0
4881.0 6232.0 7583.0
4022.0 5534.0 7046.0
2478.0 3715.0 4952.0
2478.0 3109.5 3741.0
2478.0 3046.0 3614.0
2530.0 2744.5 2959.0
1741.0 2135.5 2530.0
1955.0 2031.5 2108.0
1523.0 1815.5 2108.0
1523.0 1815.5 2108.0
1523.0 1761.0 1999.0
1523.0 1744.0 1965.0
1523.0 1744.0 1965.0
1523.0 1661.5 1800.0
1523.0 1661.5 1800.0
1523.0 1661.5 1800.0
1396.0 1598.0 1800.0
1396.0 1598.0 1800.0
1396.0 1598.0 1800.0
1396.0 1598.0 1800.0
1396.0 1598.0 1800.0
1396.0 1598.0 1800.0
1396.0 1598.0 1800.0
1396.0 1598.0 1800.0
1396.0 1598.0 1800.0
1396.0 1598.0 1800.0
1396.0 1598.0 1800.0
1396.0 1598.0 1800.0
1396.0 1598.0 1800.0
1396.0 1598.0 1800.0
1396.0 1598.0 1800.0
1396.0 1598.0 1800.0
1396.0 1598.0 1800.0
1396.0 1598.0 1800.0
1396.0 1598.0 1800.0
1396.0 1598.0 1800.0
1396.0 1598.0 1800.0
1396.0 1598.0 1800.0
1396.0 1598.0 1800.0
1396.0 1598.0 1800.0
1396.0 1598.0 1800.0
1396.0 1598.0 1800.0
1396.0 1598.0 1800.0
1396.0 1598.0 1800.0
1396.0 1598.0 1800.0
1396.0 1598.0 1800.0
1396.0 1598.0 1800.0
1396.0 1598.0 1800.0
1396.0 1598.0 1800.0
1396.0 1598.0 1800.0
1396.0 1598.0 1800.0
1396.0 1612.5 1829.0
1396.0 1612.5 1829.0
1396.0 1612.5 1829.0
1396.0 1612.5 1829.0
1396.0 1612.5 1829.0
1396.0 1612.5 1829.0
1396.0 1612.5 1829.0
1396.0 1612.5 1829.0
1396.0 1612.5 1829.0
1396.0 1612.5 1829.0
1396.0 1612.5 1829.0
1396.0 1612.5 1829.0
1396.0 1612.5 1829.0
1396.0 1612.5 1829.0
1396.0 1612.5 1829.0
1396.0 1612.5 1829.0
1396.0 1612.5 1829.0
1396.0 1612.5 1829.0
1396.0 1612.5 1829.0
1396.0 1612.5 1829.0
1396.0 1612.5 1829.0
1396.0 1612.5 1829.0
1396.0 1612.5 1829.0
1396.0 1612.5 1829.0
1396.0 1612.5 1829.0
1396.0 1612.5 1829.0
1396.0 1612.5 1829.0
1396.0 1612.5 1829.0
1396.0 1612.5 1829.0
1396.0 1612.5 1829.0
1396.0 1612.5 1829.0
1396.0 1612.5 1829.0
1396.0 1612.5 1829.0
1396.0 1612.5 1829.0
1396.0 1612.5 1829.0
1396.0 1612.5 1829.0
1396.0 1612.5 1829.0
1396.0 1612.5 1829.0
1396.0 1612.5 1829.0
1396.0 1612.5 1829.0
1396.0 1612.5 1829.0
1396.0 1612.5 1829.0
1396.0 1612.5 1829.0
1396.0 1612.5 1829.0
1396.0 1612.5 1829.0
1396.0 1612.5 1829.0
1396.0 1612.5 1829.0
1396.0 1612.5 1829.0
1396.0 1612.5 1829.0
1396.0 1612.5 1829.0
1396.0 1612.5 1829.0
1396.0 1612.5 1829.0
1396.0 1612.5 1829.0
1396.0 1612.5 1829.0
1396.0 1612.5 1829.0
1396.0 1612.5 1829.0
1396.0 1612.5 1829.0
1396.0 1612.5 1829.0
1396.0 1612.5 1829.0
1396.0 1612.5 1829.0
1396.0 1612.5 1829.0
1396.0 1612.5 1829.0
1396.0 1612.5 1829.0
1396.0 1612.5 1829.0
1396.0 1612.5 1829.0
1396.0 1612.5 1829.0
1396.0 1612.5 1829.0
1396.0 1612.5 1829.0
1396.0 1612.5 1829.0
1396.0 1612.5 1829.0
1396.0 1612.5 1829.0
1396.0 1612.5 1829.0
1396.0 1612.5 1829.0
1396.0 1612.5 1829.0
1396.0 1612.5 1829.0
1396.0 1612.5 1829.0
1396.0 1612.5 1829.0
1396.0 1612.5 1829.0
1396.0 1612.5 1829.0
1396.0 1532.0 1668.0
1396.0 1482.0 1568.0
1396.0 1482.0 1568.0
1396.0 1482.0 1568.0
1396.0 1482.0 1568.0
1396.0 1482.0 1568.0
1396.0 1482.0 1568.0
1396.0 1482.0 1568.0
1396.0 1482.0 1568.0
1396.0 1482.0 1568.0
1396.0 1482.0 1568.0
1396.0 1482.0 1568.0
1396.0 1482.0 1568.0
1396.0 1482.0 1568.0
1396.0 1482.0 1568.0
1396.0 1482.0 1568.0
1396.0 1482.0 1568.0
1396.0 1482.0 1568.0
1396.0 1482.0 1568.0
1396.0 1482.0 1568.0
1396.0 1482.0 1568.0
1396.0 1482.0 1568.0
1396.0 1482.0 1568.0
1396.0 1482.0 1568.0
1396.0 1482.0 1568.0
1396.0 1482.0 1568.0
1396.0 1482.0 1568.0
1396.0 1482.0 1568.0
1396.0 1482.0 1568.0
1275.0 1335.5 1396.0
1275.0 1335.5 1396.0
1269.0 1332.5 1396.0
1269.0 1332.5 1396.0
1269.0 1332.5 1396.0
1269.0 1332.5 1396.0
1269.0 1332.5 1396.0
1269.0 1332.5 1396.0
1269.0 1332.5 1396.0
1269.0 1332.5 1396.0
1269.0 1332.5 1396.0
1269.0 1332.5 1396.0
1269.0 1332.5 1396.0
1269.0 1332.5 1396.0
1269.0 1332.5 1396.0
1269.0 1332.5 1396.0
1269.0 1332.5 1396.0
1269.0 1332.5 1396.0
1269.0 1332.5 1396.0
1269.0 1332.5 1396.0
1269.0 1332.5 1396.0
1269.0 1332.5 1396.0
1269.0 1332.5 1396.0
1269.0 1332.5 1396.0
1269.0 1332.5 1396.0
1269.0 1332.5 1396.0
1269.0 1332.5 1396.0
1269.0 1332.5 1396.0
1269.0 1332.5 1396.0
1269.0 1332.5 1396.0
1269.0 1332.5 1396.0
1269.0 1332.5 1396.0
1269.0 1332.5 1396.0
1269.0 1332.5 1396.0
1269.0 1332.5 1396.0
1269.0 1332.5 1396.0
1269.0 1332.5 1396.0
