11512.0 11965.5 12419.0
7438.0 9351.5 11265.0
7532.0 7535.0 7538.0
6114.0 6707.5 7301.0
4249.0 4483.5 4718.0
2794.0 2866.0 2938.0
2656.0 2845.5 3035.0
1446.0 2051.0 2656.0
1446.0 2051.0 2656.0
1446.0 1758.5 2071.0
1446.0 1902.5 2359.0
1446.0 1622.5 1799.0
1446.0 1575.5 1705.0
1446.0 1528.5 1611.0
1446.0 1528.5 1611.0
1206.0 1326.0 1446.0
1206.0 1326.0 1446.0
1206.0 1326.0 1446.0
1206.0 1326.0 1446.0
1206.0 1326.0 1446.0
1206.0 1326.0 1446.0
1206.0 1326.0 1446.0
1206.0 1326.0 1446.0
1206.0 1326.0 1446.0
1206.0 1326.0 1446.0
1206.0 1326.0 1446.0
1206.0 1326.0 1446.0
1206.0 1326.0 1446.0
1206.0 1326.0 1446.0
1206.0 1326.0 1446.0
1206.0 1326.0 1446.0
1206.0 1326.0 1446.0
1206.0 1326.0 1446.0
1206.0 1326.0 1446.0
1206.0 1326.0 1446.0
1206.0 1326.0 1446.0
1206.0 1326.0 1446.0
1206.0 1326.0 1446.0
1206.0 1326.0 1446.0
1206.0 1326.0 1446.0
1206.0 1326.0 1446.0
1206.0 1326.0 1446.0
1206.0 1326.0 1446.0
1206.0 1326.0 1446.0
1206.0 1326.0 1446.0
1206.0 1326.0 1446.0
1206.0 1326.0 1446.0
1206.0 1326.0 1446.0
1206.0 1326.0 1446.0
1206.0 1326.0 1446.0
1206.0 1326.0 1446.0
1206.0 1326.0 1446.0
1206.0 1326.0 1446.0
1206.0 1326.0 1446.0
1206.0 1326.0 1446.0
1206.0 1326.0 1446.0
1206.0 1326.0 1446.0
1206.0 1326.0 1446.0
1206.0 1326.0 1446.0
1206.0 1326.0 1446.0
1206.0 1326.0 1446.0
1206.0 1326.0 1446.0
1206.0 1326.0 1446.0
1206.0 1326.0 1446.0
1206.0 1326.0 1446.0
1206.0 1326.0 1446.0
1206.0 1326.0 1446.0
1206.0 1326.0 1446.0
1206.0 1326.0 1446.0
1206.0 1326.0 1446.0
1206.0 1326.0 1446.0
1206.0 1326.0 1446.0
1206.0 1326.0 1446.0
1206.0 1326.0 1446.0
1206.0 1326.0 1446.0
1206.0 1326.0 1446.0
1206.0 1326.0 1446.0
1206.0 1326.0 1446.0
1206.0 1326.0 1446.0
1206.0 1326.0 1446.0
918.0 1182.0 1446.0
918.0 1182.0 1446.0
918.0 1182.0 1446.0
918.0 1182.0 1446.0
918.0 1182.0 1446.0
918.0 1182.0 1446.0
918.0 1182.0 1446.0
918.0 1182.0 1446.0
918.0 1182.0 1446.0
918.0 1182.0 1446.0
918.0 1182.0 1446.0
918.0 1182.0 1446.0
918.0 1182.0 1446.0
918.0 1182.0 1446.0
918.0 1182.0 1446.0
918.0 1182.0 1446.0
918.0 1182.0 1446.0
918.0 1182.0 1446.0
918.0 1182.0 1446.0
918.0 1182.0 1446.0
918.0 1182.0 1446.0
918.0 1182.0 1446.0
918.0 1182.0 1446.0
918.0 1182.0 1446.0
918.0 1182.0 1446.0
918.0 1182.0 1446.0
918.0 1182.0 1446.0
918.0 1182.0 1446.0
918.0 1182.0 1446.0
918.0 1182.0 1446.0
918.0 1182.0 1446.0
918.0 1182.0 1446.0
918.0 1182.0 1446.0
918.0 1182.0 1446.0
918.0 1182.0 1446.0
918.0 1182.0 1446.0
918.0 1182.0 1446.0
918.0 1182.0 1446.0
918.0 1182.0 1446.0
918.0 1182.0 1446.0
918.0 1182.0 1446.0
918.0 1182.0 1446.0
918.0 1182.0 1446.0
918.0 1182.0 1446.0
918.0 1182.0 1446.0
918.0 1182.0 1446.0
918.0 1182.0 1446.0
918.0 1182.0 1446.0
918.0 1182.0 1446.0
918.0 1182.0 1446.0
918.0 1182.0 1446.0
918.0 1182.0 1446.0
918.0 1182.0 1446.0
918.0 1182.0 1446.0
918.0 1182.0 1446.0
918.0 1182.0 1446.0
918.0 1182.0 1446.0
918.0 1182.0 1446.0
918.0 1182.0 1446.0
918.0 1182.0 1446.0
918.0 1182.0 1446.0
918.0 1182.0 1446.0
918.0 1182.0 1446.0
918.0 1182.0 1446.0
918.0 1182.0 1446.0
918.0 1182.0 1446.0
918.0 1182.0 1446.0
918.0 1182.0 1446.0
918.0 1182.0 1446.0
918.0 1182.0 1446.0
918.0 1182.0 1446.0
918.0 1182.0 1446.0
918.0 1182.0 1446.0
918.0 1182.0 1446.0
918.0 1182.0 1446.0
918.0 1182.0 1446.0
918.0 1182.0 1446.0
918.0 1182.0 1446.0
918.0 1182.0 1446.0
918.0 1182.0 1446.0
918.0 1182.0 1446.0
918.0 1182.0 1446.0
918.0 1182.0 1446.0
918.0 1182.0 1446.0
918.0 1182.0 1446.0
918.0 1182.0 1446.0
918.0 1182.0 1446.0
918.0 1182.0 1446.0
918.0 1182.0 1446.0
918.0 1182.0 1446.0
918.0 1182.0 1446.0
918.0 1182.0 1446.0
918.0 1182.0 1446.0
918.0 1182.0 1446.0
918.0 1182.0 1446.0
918.0 1182.0 1446.0
918.0 1182.0 1446.0
918.0 1182.0 1446.0
918.0 1182.0 1446.0
918.0 1182.0 1446.0
918.0 1182.0 1446.0
918.0 1182.0 1446.0
918.0 1182.0 1446.0
918.0 1182.0 1446.0
918.0 1182.0 1446.0
918.0 1182.0 1446.0
918.0 1182.0 1446.0
918.0 1182.0 1446.0
918.0 1182.0 1446.0
918.0 1182.0 1446.0
918.0 1182.0 1446.0
918.0 1182.0 1446.0
918.0 1182.0 1446.0
918.0 1182.0 1446.0
918.0 1182.0 1446.0
918.0 1182.0 1446.0
918.0 1182.0 1446.0
918.0 1182.0 1446.0
918.0 1182.0 1446.0
918.0 1182.0 1446.0
