9407.0 11278.0 13149.0
9342.0 10348.5 11355.0
5866.0 7159.0 8452.0
4635.0 5974.0 7313.0
4380.0 4889.5 5399.0
2002.0 3473.0 4944.0
2002.0 2240.5 2479.0
2002.0 2436.0 2870.0
2002.0 2436.0 2870.0
2240.0 2555.0 2870.0
1551.0 2070.0 2589.0
1551.0 1952.5 2354.0
1551.0 1952.5 2354.0
1551.0 1952.5 2354.0
1551.0 1952.5 2354.0
1551.0 1952.5 2354.0
1551.0 1952.5 2354.0
1551.0 1952.5 2354.0
1551.0 1952.5 2354.0
1551.0 1952.5 2354.0
1551.0 1952.5 2354.0
1551.0 1952.5 2354.0
1551.0 1952.5 2354.0
1551.0 1952.5 2354.0
1551.0 1952.5 2354.0
1551.0 1952.5 2354.0
1551.0 1952.5 2354.0
1551.0 1952.5 2354.0
1551.0 1952.5 2354.0
1551.0 1952.5 2354.0
1551.0 1952.5 2354.0
1551.0 1952.5 2354.0
1551.0 1952.5 2354.0
1551.0 1952.5 2354.0
1551.0 1952.5 2354.0
1551.0 1952.5 2354.0
1551.0 1952.5 2354.0
1551.0 1952.5 2354.0
1551.0 1952.5 2354.0
1551.0 1952.5 2354.0
1551.0 1952.5 2354.0
1551.0 1952.5 2354.0
1551.0 1880.0 2209.0
1551.0 1880.0 2209.0
1551.0 1708.0 1865.0
1551.0 1708.0 1865.0
1311.0 1431.0 1551.0
1311.0 1431.0 1551.0
1311.0 1431.0 1551.0
1311.0 1431.0 1551.0
1311.0 1431.0 1551.0
1311.0 1431.0 1551.0
1311.0 1497.0 1683.0
1311.0 1497.0 1683.0
1311.0 1373.5 1436.0
1311.0 1373.5 1436.0
1311.0 1373.5 1436.0
1311.0 1373.5 1436.0
1311.0 1373.5 1436.0
1311.0 1373.5 1436.0
1311.0 1373.5 1436.0
1311.0 1373.5 1436.0
1311.0 1373.5 1436.0
1311.0 1373.5 1436.0
1311.0 1373.5 1436.0
1311.0 1373.5 1436.0
1311.0 1373.5 1436.0
1311.0 1373.5 1436.0
1311.0 1373.5 1436.0
1311.0 1373.5 1436.0
1311.0 1373.5 1436.0
1311.0 1373.5 1436.0
1311.0 1373.5 1436.0
1311.0 1373.5 1436.0
1311.0 1373.5 1436.0
1311.0 1373.5 1436.0
1311.0 1373.5 1436.0
1311.0 1373.5 1436.0
1311.0 1373.5 1436.0
1311.0 1373.5 1436.0
1311.0 1373.5 1436.0
1311.0 1373.5 1436.0
1311.0 1373.5 1436.0
1311.0 1373.5 1436.0
1311.0 1373.5 1436.0
1311.0 1373.5 1436.0
1311.0 1373.5 1436.0
1311.0 1373.5 1436.0
1311.0 1373.5 1436.0
1311.0 1373.5 1436.0
1311.0 1373.5 1436.0
1311.0 1373.5 1436.0
1311.0 1373.5 1436.0
1311.0 1373.5 1436.0
1311.0 1373.5 1436.0
1311.0 1373.5 1436.0
1311.0 1373.5 1436.0
1311.0 1373.5 1436.0
1311.0 1373.5 1436.0
1311.0 1373.5 1436.0
1311.0 1373.5 1436.0
1311.0 1373.5 1436.0
1311.0 1373.5 1436.0
1311.0 1373.5 1436.0
1311.0 1373.5 1436.0
1311.0 1373.5 1436.0
1311.0 1373.5 1436.0
1311.0 1373.5 1436.0
1311.0 1373.5 1436.0
1311.0 1373.5 1436.0
1311.0 1373.5 1436.0
1311.0 1373.5 1436.0
1311.0 1373.5 1436.0
1311.0 1373.5 1436.0
1311.0 1373.5 1436.0
1311.0 1373.5 1436.0
1311.0 1373.5 1436.0
1311.0 1373.5 1436.0
1311.0 1373.5 1436.0
1311.0 1373.5 1436.0
1311.0 1373.5 1436.0
1311.0 1373.5 1436.0
1311.0 1373.5 1436.0
1311.0 1373.5 1436.0
1311.0 1373.5 1436.0
1311.0 1373.5 1436.0
1311.0 1373.5 1436.0
1311.0 1373.5 1436.0
1311.0 1373.5 1436.0
1311.0 1373.5 1436.0
1311.0 1373.5 1436.0
1311.0 1373.5 1436.0
1311.0 1373.5 1436.0
1311.0 1373.5 1436.0
1311.0 1373.5 1436.0
1311.0 1373.5 1436.0
1311.0 1373.5 1436.0
1311.0 1373.5 1436.0
1311.0 1373.5 1436.0
1311.0 1373.5 1436.0
1311.0 1373.5 1436.0
1311.0 1373.5 1436.0
1311.0 1373.5 1436.0
1311.0 1373.5 1436.0
1311.0 1373.5 1436.0
1311.0 1373.5 1436.0
1311.0 1373.5 1436.0
1311.0 1373.5 1436.0
1311.0 1373.5 1436.0
1311.0 1373.5 1436.0
1311.0 1373.5 1436.0
1311.0 1373.5 1436.0
1311.0 1373.5 1436.0
1311.0 1373.5 1436.0
1311.0 1373.5 1436.0
1311.0 1373.5 1436.0
1311.0 1373.5 1436.0
1311.0 1373.5 1436.0
1311.0 1373.5 1436.0
1311.0 1373.5 1436.0
1311.0 1373.5 1436.0
1311.0 1373.5 1436.0
1311.0 1373.5 1436.0
1311.0 1373.5 1436.0
1311.0 1373.5 1436.0
1311.0 1373.5 1436.0
1311.0 1373.5 1436.0
1311.0 1373.5 1436.0
1311.0 1439.0 1567.0
1311.0 1439.0 1567.0
1223.0 1267.0 1311.0
1223.0 1267.0 1311.0
1223.0 1267.0 1311.0
1223.0 1267.0 1311.0
1223.0 1267.0 1311.0
1223.0 1267.0 1311.0
1223.0 1267.0 1311.0
1223.0 1267.0 1311.0
1223.0 1267.0 1311.0
1223.0 1267.0 1311.0
1223.0 1267.0 1311.0
1223.0 1267.0 1311.0
1223.0 1267.0 1311.0
1223.0 1386.5 1550.0
1223.0 1386.5 1550.0
1223.0 1386.5 1550.0
1223.0 1386.5 1550.0
1223.0 1386.5 1550.0
1223.0 1386.5 1550.0
1223.0 1386.5 1550.0
1223.0 1386.5 1550.0
1223.0 1386.5 1550.0
1223.0 1386.5 1550.0
1223.0 1386.5 1550.0
1223.0 1386.5 1550.0
1223.0 1386.5 1550.0
1223.0 1386.5 1550.0
1223.0 1386.5 1550.0
1223.0 1386.5 1550.0
1223.0 1386.5 1550.0
