10755.0 12057.5 13360.0
8204.0 9356.5 10509.0
7442.0 8154.5 8867.0
4856.0 5268.5 5681.0
4446.0 4679.5 4913.0
3234.0 3458.5 3683.0
1887.0 2121.5 2356.0
1887.0 2121.5 2356.0
1770.0 1828.5 1887.0
1770.0 1828.5 1887.0
1770.0 1828.5 1887.0
1770.0 1774.5 1779.0
1770.0 1774.5 1779.0
1565.0 1667.5 1770.0
1435.0 1602.5 1770.0
1434.0 1602.0 1770.0
1434.0 1602.0 1770.0
1565.0 1667.5 1770.0
1565.0 1667.5 1770.0
1565.0 1667.5 1770.0
1565.0 1667.5 1770.0
1565.0 1667.5 1770.0
1565.0 1667.5 1770.0
1565.0 1667.5 1770.0
1565.0 1667.5 1770.0
1565.0 1667.5 1770.0
1565.0 1587.0 1609.0
1565.0 1587.0 1609.0
1459.0 1512.0 1565.0
1459.0 1512.0 1565.0
1110.0 1337.5 1565.0
1110.0 1337.5 1565.0
1110.0 1337.5 1565.0
1110.0 1337.5 1565.0
1110.0 1337.5 1565.0
1110.0 1337.5 1565.0
1110.0 1337.5 1565.0
1110.0 1337.5 1565.0
1110.0 1337.5 1565.0
1110.0 1337.5 1565.0
1110.0 1337.5 1565.0
1110.0 1337.5 1565.0
1110.0 1337.5 1565.0
1110.0 1337.5 1565.0
1110.0 1337.5 1565.0
1110.0 1337.5 1565.0
1110.0 1337.5 1565.0
1110.0 1337.5 1565.0
1110.0 1337.5 1565.0
1110.0 1337.5 1565.0
1110.0 1337.5 1565.0
1110.0 1337.5 1565.0
1110.0 1337.5 1565.0
1110.0 1337.5 1565.0
1110.0 1337.5 1565.0
1110.0 1337.5 1565.0
1110.0 1337.5 1565.0
1110.0 1337.5 1565.0
1110.0 1337.5 1565.0
1110.0 1337.5 1565.0
1110.0 1337.5 1565.0
1110.0 1337.5 1565.0
1110.0 1337.5 1565.0
1110.0 1337.5 1565.0
1110.0 1337.5 1565.0
1110.0 1337.5 1565.0
1110.0 1337.5 1565.0
1110.0 1337.5 1565.0
1110.0 1337.5 1565.0
1110.0 1337.5 1565.0
1110.0 1337.5 1565.0
1110.0 1337.5 1565.0
1110.0 1337.5 1565.0
1110.0 1337.5 1565.0
1110.0 1337.5 1565.0
1110.0 1337.5 1565.0
1110.0 1337.5 1565.0
1110.0 1337.5 1565.0
1110.0 1337.5 1565.0
1110.0 1337.5 1565.0
1110.0 1337.5 1565.0
1110.0 1337.5 1565.0
1110.0 1337.5 1565.0
1110.0 1337.5 1565.0
1110.0 1337.5 1565.0
1110.0 1337.5 1565.0
1110.0 1337.5 1565.0
1110.0 1337.5 1565.0
1110.0 1337.5 1565.0
1110.0 1337.5 1565.0
1110.0 1337.5 1565.0
1110.0 1337.5 1565.0
1110.0 1337.5 1565.0
1110.0 1337.5 1565.0
1110.0 1337.5 1565.0
1110.0 1337.5 1565.0
1110.0 1337.5 1565.0
1110.0 1337.5 1565.0
1110.0 1337.5 1565.0
1110.0 1337.5 1565.0
1110.0 1337.5 1565.0
1110.0 1337.5 1565.0
1110.0 1337.5 1565.0
1110.0 1337.5 1565.0
1110.0 1337.5 1565.0
1110.0 1337.5 1565.0
1110.0 1337.5 1565.0
1110.0 1337.5 1565.0
1110.0 1337.5 1565.0
1110.0 1337.5 1565.0
1110.0 1337.5 1565.0
1110.0 1337.5 1565.0
1110.0 1337.5 1565.0
1110.0 1337.5 1565.0
1110.0 1337.5 1565.0
1110.0 1337.5 1565.0
1110.0 1337.5 1565.0
1110.0 1337.5 1565.0
1110.0 1337.5 1565.0
1110.0 1337.5 1565.0
1110.0 1337.5 1565.0
1110.0 1337.5 1565.0
1110.0 1337.5 1565.0
1110.0 1337.5 1565.0
1110.0 1337.5 1565.0
1110.0 1337.5 1565.0
1110.0 1337.5 1565.0
1110.0 1337.5 1565.0
1110.0 1337.5 1565.0
1110.0 1337.5 1565.0
1110.0 1337.5 1565.0
1110.0 1337.5 1565.0
1110.0 1337.5 1565.0
1110.0 1337.5 1565.0
1110.0 1337.5 1565.0
1110.0 1337.5 1565.0
1110.0 1337.5 1565.0
1110.0 1337.5 1565.0
1110.0 1337.5 1565.0
1110.0 1337.5 1565.0
1110.0 1337.5 1565.0
1110.0 1337.5 1565.0
1110.0 1337.5 1565.0
1110.0 1337.5 1565.0
1110.0 1337.5 1565.0
1110.0 1337.5 1565.0
1110.0 1337.5 1565.0
1110.0 1337.5 1565.0
1110.0 1337.5 1565.0
1110.0 1337.5 1565.0
1110.0 1337.5 1565.0
1110.0 1337.5 1565.0
1110.0 1337.5 1565.0
1110.0 1337.5 1565.0
1110.0 1337.5 1565.0
1110.0 1337.5 1565.0
1110.0 1337.5 1565.0
1110.0 1337.5 1565.0
1110.0 1337.5 1565.0
1110.0 1337.5 1565.0
1110.0 1337.5 1565.0
1110.0 1337.5 1565.0
1110.0 1337.5 1565.0
1110.0 1337.5 1565.0
1110.0 1337.5 1565.0
1110.0 1337.5 1565.0
1110.0 1337.5 1565.0
1110.0 1337.5 1565.0
1110.0 1337.5 1565.0
1110.0 1337.5 1565.0
1110.0 1337.5 1565.0
1110.0 1337.5 1565.0
1110.0 1337.5 1565.0
1110.0 1337.5 1565.0
1110.0 1337.5 1565.0
1110.0 1337.5 1565.0
1110.0 1337.5 1565.0
1110.0 1337.5 1565.0
1110.0 1337.5 1565.0
1110.0 1337.5 1565.0
1110.0 1337.5 1565.0
1110.0 1337.5 1565.0
1110.0 1337.5 1565.0
1110.0 1337.5 1565.0
1110.0 1337.5 1565.0
1110.0 1337.5 1565.0
1110.0 1337.5 1565.0
1110.0 1337.5 1565.0
1110.0 1337.5 1565.0
1110.0 1337.5 1565.0
1110.0 1337.5 1565.0
1110.0 1337.5 1565.0
1110.0 1337.5 1565.0
1110.0 1337.5 1565.0
1110.0 1337.5 1565.0
1110.0 1337.5 1565.0
1110.0 1337.5 1565.0
1110.0 1337.5 1565.0
1110.0 1337.5 1565.0
1110.0 1337.5 1565.0
