12507.0 14262.0 16017.0
10035.0 11786.0 13537.0
7451.0 8075.5 8700.0
6578.0 7799.5 9021.0
3838.0 5798.5 7759.0
3838.0 4520.0 5202.0
2986.0 4116.0 5246.0
2500.0 3678.0 4856.0
2500.0 3460.5 4421.0
2264.0 2484.5 2705.0
2352.0 2426.5 2501.0
2352.0 2426.5 2501.0
2352.0 2426.5 2501.0
2352.0 2426.5 2501.0
2051.0 2276.0 2501.0
1216.0 1967.0 2718.0
1216.0 1469.0 1722.0
1061.0 1138.5 1216.0
1061.0 1138.5 1216.0
1061.0 1138.5 1216.0
1061.0 1138.5 1216.0
1061.0 1138.5 1216.0
1061.0 1138.5 1216.0
1061.0 1138.5 1216.0
1061.0 1138.5 1216.0
1061.0 1138.5 1216.0
1061.0 1138.5 1216.0
1061.0 1138.5 1216.0
1061.0 1138.5 1216.0
1061.0 1138.5 1216.0
1061.0 1138.5 1216.0
1061.0 1138.5 1216.0
1061.0 1138.5 1216.0
1061.0 1138.5 1216.0
1061.0 1138.5 1216.0
1061.0 1138.5 1216.0
1061.0 1138.5 1216.0
1061.0 1138.5 1216.0
1061.0 1138.5 1216.0
1061.0 1138.5 1216.0
1061.0 1138.5 1216.0
1061.0 1138.5 1216.0
1061.0 1138.5 1216.0
1061.0 1138.5 1216.0
1061.0 1138.5 1216.0
1061.0 1138.5 1216.0
1061.0 1138.5 1216.0
1061.0 1138.5 1216.0
1061.0 1138.5 1216.0
1061.0 1138.5 1216.0
1061.0 1138.5 1216.0
942.0 1079.0 1216.0
942.0 1079.0 1216.0
942.0 1079.0 1216.0
942.0 1079.0 1216.0
942.0 1079.0 1216.0
942.0 1079.0 1216.0
942.0 1079.0 1216.0
942.0 1079.0 1216.0
942.0 1079.0 1216.0
942.0 1079.0 1216.0
942.0 1079.0 1216.0
942.0 1079.0 1216.0
942.0 1079.0 1216.0
942.0 1079.0 1216.0
942.0 1079.0 1216.0
942.0 1079.0 1216.0
942.0 1079.0 1216.0
942.0 1079.0 1216.0
942.0 1079.0 1216.0
942.0 1079.0 1216.0
942.0 1079.0 1216.0
942.0 1079.0 1216.0
942.0 1079.0 1216.0
942.0 1079.0 1216.0
942.0 1079.0 1216.0
942.0 1079.0 1216.0
942.0 1079.0 1216.0
942.0 1079.0 1216.0
942.0 1079.0 1216.0
942.0 1079.0 1216.0
942.0 1079.0 1216.0
942.0 1079.0 1216.0
942.0 1079.0 1216.0
942.0 1079.0 1216.0
942.0 1079.0 1216.0
942.0 1079.0 1216.0
942.0 1079.0 1216.0
942.0 1079.0 1216.0
942.0 1079.0 1216.0
942.0 1079.0 1216.0
942.0 1079.0 1216.0
942.0 1079.0 1216.0
942.0 1079.0 1216.0
942.0 1079.0 1216.0
942.0 1079.0 1216.0
942.0 1079.0 1216.0
942.0 1079.0 1216.0
942.0 1079.0 1216.0
942.0 1079.0 1216.0
942.0 1079.0 1216.0
942.0 1079.0 1216.0
942.0 1079.0 1216.0
942.0 1079.0 1216.0
942.0 1079.0 1216.0
942.0 1079.0 1216.0
942.0 1079.0 1216.0
942.0 1079.0 1216.0
942.0 1079.0 1216.0
942.0 1079.0 1216.0
942.0 1079.0 1216.0
942.0 1079.0 1216.0
942.0 1079.0 1216.0
942.0 1079.0 1216.0
942.0 1079.0 1216.0
942.0 1079.0 1216.0
942.0 1079.0 1216.0
942.0 1079.0 1216.0
942.0 1079.0 1216.0
942.0 1079.0 1216.0
942.0 1079.0 1216.0
942.0 1079.0 1216.0
942.0 1079.0 1216.0
942.0 1079.0 1216.0
942.0 1079.0 1216.0
942.0 1079.0 1216.0
942.0 1079.0 1216.0
942.0 1079.0 1216.0
942.0 1079.0 1216.0
942.0 1079.0 1216.0
942.0 1079.0 1216.0
942.0 1079.0 1216.0
942.0 1079.0 1216.0
942.0 1079.0 1216.0
942.0 1079.0 1216.0
942.0 1079.0 1216.0
942.0 1079.0 1216.0
942.0 1079.0 1216.0
942.0 1079.0 1216.0
942.0 1079.0 1216.0
942.0 1079.0 1216.0
942.0 1079.0 1216.0
942.0 1079.0 1216.0
942.0 1079.0 1216.0
942.0 1079.0 1216.0
942.0 1079.0 1216.0
942.0 1079.0 1216.0
942.0 1079.0 1216.0
942.0 1079.0 1216.0
942.0 1079.0 1216.0
942.0 1079.0 1216.0
942.0 1079.0 1216.0
942.0 1079.0 1216.0
942.0 1079.0 1216.0
942.0 1079.0 1216.0
942.0 1079.0 1216.0
942.0 1079.0 1216.0
942.0 1079.0 1216.0
942.0 1079.0 1216.0
942.0 1079.0 1216.0
942.0 1079.0 1216.0
942.0 1079.0 1216.0
942.0 1079.0 1216.0
942.0 1079.0 1216.0
942.0 1079.0 1216.0
942.0 1079.0 1216.0
942.0 1079.0 1216.0
942.0 1079.0 1216.0
942.0 1079.0 1216.0
942.0 1079.0 1216.0
942.0 1079.0 1216.0
942.0 1079.0 1216.0
942.0 1079.0 1216.0
942.0 1079.0 1216.0
942.0 1079.0 1216.0
942.0 1079.0 1216.0
942.0 1079.0 1216.0
942.0 1079.0 1216.0
942.0 1079.0 1216.0
942.0 1079.0 1216.0
942.0 1079.0 1216.0
942.0 1079.0 1216.0
942.0 1079.0 1216.0
942.0 1079.0 1216.0
942.0 1079.0 1216.0
942.0 1079.0 1216.0
942.0 1079.0 1216.0
942.0 1079.0 1216.0
942.0 1079.0 1216.0
942.0 1079.0 1216.0
942.0 1079.0 1216.0
942.0 1079.0 1216.0
942.0 1079.0 1216.0
942.0 1079.0 1216.0
942.0 1079.0 1216.0
942.0 1079.0 1216.0
942.0 1079.0 1216.0
942.0 1079.0 1216.0
942.0 1079.0 1216.0
942.0 1079.0 1216.0
