15234.0 15323.5 15413.0
10544.0 11921.0 13298.0
8737.0 9687.5 10638.0
6780.0 7857.0 8934.0
4979.0 5415.0 5851.0
4017.0 4099.5 4182.0
4017.0 4289.0 4561.0
3502.0 3640.5 3779.0
3078.0 3086.0 3094.0
2405.0 2741.5 3078.0
2218.0 2529.0 2840.0
2218.0 2312.5 2407.0
2218.0 2311.0 2404.0
2218.0 2311.0 2404.0
1849.0 2033.5 2218.0
1849.0 2065.0 2281.0
1849.0 2065.0 2281.0
1872.0 2076.5 2281.0
1184.0 1732.5 2281.0
1184.0 1732.5 2281.0
1184.0 1732.5 2281.0
1184.0 1732.5 2281.0
1184.0 1732.5 2281.0
1184.0 1732.5 2281.0
1184.0 1732.5 2281.0
1184.0 1732.5 2281.0
1184.0 1732.5 2281.0
1184.0 1732.5 2281.0
1184.0 1732.5 2281.0
1184.0 1732.5 2281.0
1184.0 1732.5 2281.0
1184.0 1732.5 2281.0
1184.0 1755.5 2327.0
1184.0 1412.0 1640.0
1184.0 1506.0 1828.0
1184.0 1506.0 1828.0
1184.0 1506.0 1828.0
1184.0 1506.0 1828.0
1184.0 1506.0 1828.0
1184.0 1506.0 1828.0
1184.0 1506.0 1828.0
1184.0 1506.0 1828.0
1184.0 1506.0 1828.0
1184.0 1506.0 1828.0
1184.0 1506.0 1828.0
1184.0 1397.0 1610.0
1184.0 1397.0 1610.0
1184.0 1397.0 1610.0
1184.0 1397.0 1610.0
1184.0 1397.0 1610.0
1184.0 1397.0 1610.0
1184.0 1397.0 1610.0
1184.0 1397.0 1610.0
1184.0 1397.0 1610.0
1184.0 1397.0 1610.0
1184.0 1397.0 1610.0
1184.0 1397.0 1610.0
1184.0 1397.0 1610.0
1184.0 1397.0 1610.0
1184.0 1397.0 1610.0
1184.0 1397.0 1610.0
1184.0 1397.0 1610.0
1184.0 1397.0 1610.0
1184.0 1397.0 1610.0
1184.0 1397.0 1610.0
1184.0 1397.0 1610.0
1184.0 1397.0 1610.0
1184.0 1397.0 1610.0
1184.0 1397.0 1610.0
1184.0 1397.0 1610.0
1184.0 1397.0 1610.0
1184.0 1397.0 1610.0
1184.0 1397.0 1610.0
1184.0 1397.0 1610.0
1184.0 1397.0 1610.0
1184.0 1397.0 1610.0
1184.0 1397.0 1610.0
1184.0 1397.0 1610.0
1184.0 1397.0 1610.0
1184.0 1397.0 1610.0
1184.0 1397.0 1610.0
1184.0 1397.0 1610.0
1184.0 1397.0 1610.0
1184.0 1397.0 1610.0
1184.0 1397.0 1610.0
1184.0 1397.0 1610.0
1184.0 1397.0 1610.0
1184.0 1397.0 1610.0
1184.0 1397.0 1610.0
1184.0 1397.0 1610.0
1184.0 1397.0 1610.0
1184.0 1397.0 1610.0
1184.0 1397.0 1610.0
1184.0 1397.0 1610.0
1184.0 1397.0 1610.0
1184.0 1397.0 1610.0
1184.0 1397.0 1610.0
1184.0 1397.0 1610.0
1184.0 1397.0 1610.0
1184.0 1397.0 1610.0
1184.0 1397.0 1610.0
1184.0 1397.0 1610.0
1184.0 1397.0 1610.0
1184.0 1397.0 1610.0
1184.0 1397.0 1610.0
1184.0 1397.0 1610.0
1184.0 1397.0 1610.0
1184.0 1397.0 1610.0
1184.0 1397.0 1610.0
1184.0 1397.0 1610.0
1184.0 1397.0 1610.0
1184.0 1397.0 1610.0
1184.0 1397.0 1610.0
1184.0 1397.0 1610.0
1184.0 1397.0 1610.0
1184.0 1397.0 1610.0
1184.0 1397.0 1610.0
1184.0 1397.0 1610.0
1184.0 1397.0 1610.0
1184.0 1397.0 1610.0
1184.0 1397.0 1610.0
1184.0 1397.0 1610.0
1184.0 1397.0 1610.0
1184.0 1397.0 1610.0
1184.0 1397.0 1610.0
1184.0 1397.0 1610.0
1184.0 1397.0 1610.0
1184.0 1397.0 1610.0
1184.0 1397.0 1610.0
1184.0 1397.0 1610.0
1184.0 1397.0 1610.0
1184.0 1397.0 1610.0
1184.0 1397.0 1610.0
1184.0 1397.0 1610.0
1184.0 1397.0 1610.0
1184.0 1397.0 1610.0
1184.0 1397.0 1610.0
1184.0 1397.0 1610.0
1184.0 1397.0 1610.0
1184.0 1397.0 1610.0
1184.0 1397.0 1610.0
1184.0 1397.0 1610.0
1184.0 1397.0 1610.0
1184.0 1397.0 1610.0
1184.0 1397.0 1610.0
1184.0 1397.0 1610.0
1184.0 1397.0 1610.0
1184.0 1397.0 1610.0
1184.0 1397.0 1610.0
1184.0 1397.0 1610.0
1184.0 1397.0 1610.0
1184.0 1397.0 1610.0
1184.0 1397.0 1610.0
1184.0 1397.0 1610.0
1184.0 1397.0 1610.0
1184.0 1397.0 1610.0
1184.0 1397.0 1610.0
1184.0 1397.0 1610.0
1184.0 1397.0 1610.0
1184.0 1397.0 1610.0
1184.0 1397.0 1610.0
1184.0 1397.0 1610.0
1184.0 1397.0 1610.0
1184.0 1397.0 1610.0
1184.0 1397.0 1610.0
1184.0 1397.0 1610.0
1184.0 1397.0 1610.0
1184.0 1397.0 1610.0
1184.0 1397.0 1610.0
1184.0 1397.0 1610.0
1184.0 1397.0 1610.0
1184.0 1397.0 1610.0
1184.0 1397.0 1610.0
1184.0 1397.0 1610.0
1184.0 1397.0 1610.0
1184.0 1397.0 1610.0
1184.0 1397.0 1610.0
1184.0 1397.0 1610.0
1184.0 1397.0 1610.0
1184.0 1397.0 1610.0
1184.0 1397.0 1610.0
1184.0 1397.0 1610.0
1184.0 1397.0 1610.0
1184.0 1397.0 1610.0
1184.0 1397.0 1610.0
1184.0 1397.0 1610.0
1184.0 1397.0 1610.0
1184.0 1397.0 1610.0
1184.0 1397.0 1610.0
1184.0 1397.0 1610.0
1184.0 1397.0 1610.0
1184.0 1397.0 1610.0
1184.0 1397.0 1610.0
1184.0 1397.0 1610.0
1184.0 1397.0 1610.0
1184.0 1397.0 1610.0
1184.0 1397.0 1610.0
1184.0 1397.0 1610.0
1184.0 1397.0 1610.0
1184.0 1397.0 1610.0
