12666.0 12749.0 12832.0
10155.0 10229.5 10304.0
7414.0 8046.0 8678.0
5811.0 6427.0 7043.0
3340.0 4899.0 6458.0
3340.0 3979.5 4619.0
2804.0 3030.0 3256.0
2820.0 3027.5 3235.0
1945.0 2126.0 2307.0
1737.0 1841.0 1945.0
1516.0 1730.5 1945.0
1516.0 1580.5 1645.0
1527.0 1586.0 1645.0
1527.0 1586.0 1645.0
1527.0 1586.0 1645.0
1527.0 1586.0 1645.0
1527.0 1586.0 1645.0
1527.0 1586.0 1645.0
1527.0 1586.0 1645.0
1527.0 1586.0 1645.0
1527.0 1586.0 1645.0
1527.0 1586.0 1645.0
1527.0 1586.0 1645.0
1527.0 1586.0 1645.0
1527.0 1586.0 1645.0
1527.0 1586.0 1645.0
1527.0 1586.0 1645.0
1527.0 1597.0 1667.0
1527.0 1597.0 1667.0
1527.0 1597.0 1667.0
1527.0 1597.0 1667.0
1527.0 1597.0 1667.0
1527.0 1597.0 1667.0
1527.0 1597.0 1667.0
1527.0 1597.0 1667.0
1527.0 1597.0 1667.0
1527.0 1597.0 1667.0
1527.0 1597.0 1667.0
1527.0 1597.0 1667.0
1527.0 1597.0 1667.0
1527.0 1597.0 1667.0
1527.0 1597.0 1667.0
1527.0 1597.0 1667.0
1527.0 1597.0 1667.0
1527.0 1597.0 1667.0
1527.0 1597.0 1667.0
1527.0 1597.0 1667.0
1527.0 1597.0 1667.0
1527.0 1597.0 1667.0
1527.0 1597.0 1667.0
1527.0 1597.0 1667.0
1167.0 1347.0 1527.0
1167.0 1347.0 1527.0
1167.0 1347.0 1527.0
1167.0 1347.0 1527.0
1167.0 1347.0 1527.0
1167.0 1347.0 1527.0
1167.0 1347.0 1527.0
1167.0 1347.0 1527.0
1167.0 1347.0 1527.0
1167.0 1347.0 1527.0
1167.0 1347.0 1527.0
1167.0 1347.0 1527.0
1167.0 1347.0 1527.0
1167.0 1347.0 1527.0
1167.0 1347.0 1527.0
1167.0 1347.0 1527.0
1167.0 1347.0 1527.0
1167.0 1347.0 1527.0
1167.0 1347.0 1527.0
1167.0 1347.0 1527.0
1167.0 1347.0 1527.0
1167.0 1214.0 1261.0
1167.0 1214.0 1261.0
1167.0 1214.0 1261.0
1167.0 1206.5 1246.0
1167.0 1206.5 1246.0
917.0 1042.0 1167.0
917.0 1042.0 1167.0
917.0 1042.0 1167.0
917.0 1042.0 1167.0
917.0 1042.0 1167.0
917.0 1042.0 1167.0
917.0 1042.0 1167.0
917.0 1042.0 1167.0
917.0 1042.0 1167.0
917.0 1042.0 1167.0
917.0 1042.0 1167.0
917.0 1042.0 1167.0
917.0 1042.0 1167.0
917.0 1042.0 1167.0
917.0 1042.0 1167.0
917.0 1042.0 1167.0
917.0 1042.0 1167.0
917.0 1042.0 1167.0
917.0 1042.0 1167.0
917.0 1042.0 1167.0
917.0 1042.0 1167.0
917.0 1042.0 1167.0
917.0 1042.0 1167.0
917.0 1042.0 1167.0
917.0 1042.0 1167.0
917.0 1042.0 1167.0
917.0 1042.0 1167.0
917.0 1042.0 1167.0
917.0 1042.0 1167.0
917.0 1042.0 1167.0
917.0 1042.0 1167.0
917.0 1042.0 1167.0
917.0 1042.0 1167.0
917.0 1042.0 1167.0
917.0 1042.0 1167.0
917.0 1042.0 1167.0
917.0 1042.0 1167.0
917.0 1042.0 1167.0
917.0 1042.0 1167.0
917.0 1042.0 1167.0
917.0 1042.0 1167.0
917.0 1042.0 1167.0
917.0 1042.0 1167.0
917.0 1042.0 1167.0
917.0 1042.0 1167.0
917.0 1042.0 1167.0
917.0 1042.0 1167.0
917.0 1042.0 1167.0
917.0 1042.0 1167.0
917.0 1042.0 1167.0
917.0 1042.0 1167.0
917.0 1042.0 1167.0
917.0 1042.0 1167.0
917.0 1042.0 1167.0
917.0 1042.0 1167.0
917.0 1042.0 1167.0
917.0 1042.0 1167.0
917.0 1042.0 1167.0
917.0 1042.0 1167.0
917.0 1042.0 1167.0
917.0 1042.0 1167.0
917.0 1042.0 1167.0
917.0 1042.0 1167.0
917.0 1042.0 1167.0
917.0 1042.0 1167.0
917.0 1042.0 1167.0
917.0 1042.0 1167.0
917.0 1042.0 1167.0
917.0 1042.0 1167.0
917.0 1042.0 1167.0
917.0 1042.0 1167.0
917.0 1042.0 1167.0
917.0 1042.0 1167.0
917.0 1042.0 1167.0
917.0 1042.0 1167.0
917.0 1042.0 1167.0
917.0 1042.0 1167.0
917.0 1042.0 1167.0
917.0 1042.0 1167.0
917.0 1042.0 1167.0
917.0 1042.0 1167.0
917.0 1042.0 1167.0
917.0 1042.0 1167.0
917.0 1042.0 1167.0
917.0 1042.0 1167.0
917.0 1042.0 1167.0
917.0 1042.0 1167.0
917.0 1042.0 1167.0
917.0 1042.0 1167.0
917.0 1042.0 1167.0
917.0 1042.0 1167.0
917.0 1042.0 1167.0
917.0 1042.0 1167.0
917.0 1042.0 1167.0
917.0 1042.0 1167.0
917.0 1042.0 1167.0
917.0 1042.0 1167.0
917.0 1042.0 1167.0
917.0 1042.0 1167.0
917.0 1042.0 1167.0
917.0 1042.0 1167.0
917.0 1042.0 1167.0
917.0 1042.0 1167.0
917.0 1042.0 1167.0
917.0 1042.0 1167.0
917.0 1042.0 1167.0
917.0 1042.0 1167.0
917.0 1042.0 1167.0
917.0 1042.0 1167.0
917.0 1042.0 1167.0
917.0 1042.0 1167.0
917.0 1042.0 1167.0
917.0 1042.0 1167.0
917.0 1042.0 1167.0
917.0 1042.0 1167.0
917.0 1042.0 1167.0
917.0 1042.0 1167.0
917.0 1042.0 1167.0
917.0 1042.0 1167.0
917.0 1042.0 1167.0
917.0 1042.0 1167.0
917.0 1042.0 1167.0
917.0 1042.0 1167.0
