12720.0 13688.0 14656.0
9535.0 11617.0 13699.0
6736.0 9176.0 11616.0
5849.0 6659.0 7469.0
5680.0 6124.5 6569.0
4455.0 5104.5 5754.0
3156.0 4062.0 4968.0
3156.0 3520.0 3884.0
2978.0 3311.5 3645.0
2384.0 3014.5 3645.0
2384.0 3014.5 3645.0
2684.0 3164.5 3645.0
2684.0 3164.5 3645.0
2033.0 2555.5 3078.0
2033.0 2555.5 3078.0
2033.0 2225.5 2418.0
2033.0 2398.0 2763.0
2033.0 2467.5 2902.0
2033.0 2467.5 2902.0
1795.0 1914.0 2033.0
1795.0 1914.0 2033.0
1795.0 1914.0 2033.0
1795.0 1914.0 2033.0
1795.0 1914.0 2033.0
1795.0 1914.0 2033.0
1795.0 1914.0 2033.0
1795.0 1914.0 2033.0
1795.0 1914.0 2033.0
1795.0 1914.0 2033.0
1795.0 1914.0 2033.0
1795.0 1914.0 2033.0
1795.0 1914.0 2033.0
1795.0 1914.0 2033.0
1795.0 1914.0 2033.0
1795.0 1914.0 2033.0
1570.0 1682.5 1795.0
1570.0 1682.5 1795.0
1570.0 1682.5 1795.0
1570.0 1682.5 1795.0
1570.0 1682.5 1795.0
1570.0 1682.5 1795.0
1570.0 1682.5 1795.0
1570.0 1682.5 1795.0
1570.0 1682.5 1795.0
1570.0 1683.0 1796.0
1570.0 1792.5 2015.0
1570.0 1792.5 2015.0
1166.0 1368.5 1571.0
1166.0 1368.5 1571.0
1166.0 1368.5 1571.0
1166.0 1368.5 1571.0
1166.0 1368.5 1571.0
1166.0 1368.5 1571.0
1166.0 1368.5 1571.0
1166.0 1368.5 1571.0
1166.0 1368.5 1571.0
1166.0 1368.5 1571.0
1166.0 1368.5 1571.0
1166.0 1368.5 1571.0
1166.0 1368.5 1571.0
1166.0 1368.5 1571.0
1166.0 1368.5 1571.0
1166.0 1368.5 1571.0
1166.0 1368.5 1571.0
1166.0 1368.5 1571.0
1166.0 1368.5 1571.0
1166.0 1368.5 1571.0
1166.0 1368.5 1571.0
1166.0 1368.5 1571.0
1166.0 1368.5 1571.0
1166.0 1368.5 1571.0
1166.0 1368.5 1571.0
1166.0 1368.5 1571.0
1166.0 1368.5 1571.0
1166.0 1368.5 1571.0
1166.0 1368.5 1571.0
1166.0 1368.5 1571.0
1166.0 1368.5 1571.0
1166.0 1368.5 1571.0
1166.0 1368.5 1571.0
1166.0 1368.5 1571.0
1166.0 1368.5 1571.0
1166.0 1368.5 1571.0
1166.0 1368.5 1571.0
1166.0 1368.5 1571.0
1166.0 1368.5 1571.0
1166.0 1368.5 1571.0
1166.0 1368.5 1571.0
1166.0 1368.5 1571.0
1166.0 1368.5 1571.0
1166.0 1368.5 1571.0
1166.0 1368.5 1571.0
1166.0 1368.5 1571.0
1166.0 1368.5 1571.0
1166.0 1368.5 1571.0
1166.0 1368.5 1571.0
1166.0 1368.5 1571.0
1166.0 1368.5 1571.0
1166.0 1368.5 1571.0
1166.0 1368.5 1571.0
1166.0 1368.5 1571.0
1166.0 1368.5 1571.0
1166.0 1368.5 1571.0
1166.0 1368.5 1571.0
1166.0 1368.5 1571.0
1166.0 1368.5 1571.0
1166.0 1368.5 1571.0
1166.0 1368.5 1571.0
1166.0 1368.5 1571.0
1166.0 1368.5 1571.0
1166.0 1410.0 1654.0
1166.0 1410.0 1654.0
1166.0 1410.0 1654.0
1166.0 1410.0 1654.0
1166.0 1410.0 1654.0
1166.0 1410.0 1654.0
1166.0 1410.0 1654.0
1166.0 1410.0 1654.0
1166.0 1410.0 1654.0
1166.0 1410.0 1654.0
1166.0 1410.0 1654.0
1166.0 1410.0 1654.0
1166.0 1410.0 1654.0
1166.0 1410.0 1654.0
1166.0 1410.0 1654.0
1166.0 1410.0 1654.0
1166.0 1410.0 1654.0
1166.0 1410.0 1654.0
1166.0 1410.0 1654.0
1166.0 1410.0 1654.0
1166.0 1410.0 1654.0
1166.0 1410.0 1654.0
1166.0 1410.0 1654.0
1166.0 1410.0 1654.0
1166.0 1410.0 1654.0
1166.0 1410.0 1654.0
1166.0 1410.0 1654.0
1166.0 1410.0 1654.0
1166.0 1410.0 1654.0
1166.0 1410.0 1654.0
1166.0 1410.0 1654.0
1166.0 1410.0 1654.0
1166.0 1410.0 1654.0
1166.0 1410.0 1654.0
1166.0 1410.0 1654.0
1166.0 1410.0 1654.0
1166.0 1410.0 1654.0
1166.0 1410.0 1654.0
1166.0 1410.0 1654.0
1166.0 1410.0 1654.0
1122.0 1388.0 1654.0
1122.0 1388.0 1654.0
1122.0 1388.0 1654.0
1122.0 1388.0 1654.0
1122.0 1363.0 1604.0
1122.0 1363.0 1604.0
1122.0 1173.5 1225.0
1122.0 1173.5 1225.0
1122.0 1173.5 1225.0
1122.0 1173.5 1225.0
1122.0 1173.5 1225.0
1122.0 1173.5 1225.0
1122.0 1173.5 1225.0
1122.0 1173.5 1225.0
1122.0 1173.5 1225.0
1122.0 1173.5 1225.0
1122.0 1173.5 1225.0
1122.0 1173.5 1225.0
1122.0 1173.5 1225.0
1122.0 1173.5 1225.0
1122.0 1173.5 1225.0
1122.0 1173.5 1225.0
1122.0 1173.5 1225.0
1122.0 1173.5 1225.0
1122.0 1173.5 1225.0
1122.0 1173.5 1225.0
1122.0 1173.5 1225.0
1122.0 1173.5 1225.0
1122.0 1173.5 1225.0
1122.0 1173.5 1225.0
1122.0 1173.5 1225.0
1122.0 1173.5 1225.0
1122.0 1173.5 1225.0
1122.0 1173.5 1225.0
1122.0 1173.5 1225.0
1122.0 1173.5 1225.0
1122.0 1173.5 1225.0
1122.0 1173.5 1225.0
1122.0 1173.5 1225.0
1122.0 1173.5 1225.0
1122.0 1173.5 1225.0
1122.0 1173.5 1225.0
1122.0 1173.5 1225.0
1122.0 1173.5 1225.0
1122.0 1173.5 1225.0
1122.0 1173.5 1225.0
1122.0 1173.5 1225.0
1122.0 1173.5 1225.0
1122.0 1173.5 1225.0
1122.0 1173.5 1225.0
