13060.0 14829.0 16598.0
12883.0 14211.5 15540.0
7676.0 10656.5 13637.0
7676.0 9787.5 11899.0
7411.0 9065.0 10719.0
5249.0 7457.0 9665.0
3844.0 6240.0 8636.0
3844.0 6148.0 8452.0
3844.0 5649.5 7455.0
3973.0 4051.5 4130.0
3845.0 3978.5 4112.0
3223.0 3667.5 4112.0
3223.0 3293.0 3363.0
3213.0 3288.0 3363.0
2517.0 2518.0 2519.0
2517.0 2518.0 2519.0
2230.0 2374.5 2519.0
1899.0 2343.0 2787.0
1987.0 2387.0 2787.0
1555.0 2171.0 2787.0
1555.0 2171.0 2787.0
1555.0 2171.0 2787.0
1555.0 2171.0 2787.0
1555.0 1724.5 1894.0
1555.0 1838.5 2122.0
1555.0 1724.5 1894.0
1555.0 1724.5 1894.0
1555.0 1724.5 1894.0
1555.0 1724.5 1894.0
1555.0 1724.5 1894.0
1555.0 1724.5 1894.0
1555.0 1724.5 1894.0
1555.0 1724.5 1894.0
1555.0 1724.5 1894.0
1555.0 1724.5 1894.0
1555.0 1724.5 1894.0
1555.0 1724.5 1894.0
1555.0 1724.5 1894.0
1555.0 1724.5 1894.0
1555.0 1724.5 1894.0
1555.0 1724.5 1894.0
1555.0 1724.5 1894.0
1555.0 1724.5 1894.0
1555.0 1724.5 1894.0
1555.0 1724.5 1894.0
1555.0 1724.5 1894.0
1555.0 1724.5 1894.0
1555.0 1724.5 1894.0
1555.0 1724.5 1894.0
1555.0 1724.5 1894.0
1555.0 1724.5 1894.0
1555.0 1724.5 1894.0
1555.0 1724.5 1894.0
1555.0 1724.5 1894.0
1555.0 1724.5 1894.0
1555.0 1724.5 1894.0
1555.0 1724.5 1894.0
1555.0 1724.5 1894.0
1555.0 1724.5 1894.0
1555.0 1724.5 1894.0
1555.0 1724.5 1894.0
1555.0 1724.5 1894.0
1555.0 1724.5 1894.0
1555.0 1724.5 1894.0
1555.0 1724.5 1894.0
1555.0 1724.5 1894.0
1555.0 1724.5 1894.0
1555.0 1724.5 1894.0
1555.0 1791.5 2028.0
1555.0 1724.5 1894.0
1555.0 1724.5 1894.0
1555.0 1724.5 1894.0
1555.0 1724.5 1894.0
1555.0 1724.5 1894.0
1555.0 1724.5 1894.0
1555.0 1724.5 1894.0
1555.0 1724.5 1894.0
1555.0 1724.5 1894.0
1555.0 1724.5 1894.0
1555.0 1724.5 1894.0
1555.0 1724.5 1894.0
1555.0 1724.5 1894.0
1555.0 1724.5 1894.0
1555.0 1724.5 1894.0
1555.0 1724.5 1894.0
1555.0 1724.5 1894.0
1555.0 1724.5 1894.0
1555.0 1724.5 1894.0
1555.0 1724.5 1894.0
1555.0 1724.5 1894.0
1555.0 1724.5 1894.0
1555.0 1724.5 1894.0
1555.0 1724.5 1894.0
1555.0 1724.5 1894.0
1555.0 1724.5 1894.0
1555.0 1724.5 1894.0
1555.0 1724.5 1894.0
1555.0 1724.5 1894.0
1555.0 1724.5 1894.0
1555.0 1724.5 1894.0
1555.0 1724.5 1894.0
1555.0 1724.5 1894.0
1555.0 1724.5 1894.0
1555.0 1724.5 1894.0
1555.0 1724.5 1894.0
1555.0 1724.5 1894.0
1555.0 1724.5 1894.0
1555.0 1724.5 1894.0
1555.0 1724.5 1894.0
1555.0 1724.5 1894.0
1555.0 1724.5 1894.0
1555.0 1724.5 1894.0
1555.0 1724.5 1894.0
1555.0 1724.5 1894.0
1555.0 1724.5 1894.0
1555.0 1724.5 1894.0
1555.0 1724.5 1894.0
1555.0 1724.5 1894.0
1555.0 1724.5 1894.0
1555.0 1724.5 1894.0
1555.0 1724.5 1894.0
1555.0 1724.5 1894.0
1555.0 1724.5 1894.0
1555.0 1724.5 1894.0
1555.0 1724.5 1894.0
1555.0 1724.5 1894.0
1555.0 1724.5 1894.0
1555.0 1724.5 1894.0
1555.0 1724.5 1894.0
1555.0 1724.5 1894.0
1555.0 1724.5 1894.0
1555.0 1724.5 1894.0
1555.0 1724.5 1894.0
1555.0 1724.5 1894.0
1555.0 1724.5 1894.0
1555.0 1724.5 1894.0
1555.0 1724.5 1894.0
1555.0 1724.5 1894.0
1555.0 1724.5 1894.0
1555.0 1724.5 1894.0
1555.0 1724.5 1894.0
1555.0 1724.5 1894.0
1555.0 1724.5 1894.0
1555.0 1724.5 1894.0
1555.0 1724.5 1894.0
1555.0 1724.5 1894.0
1555.0 1724.5 1894.0
1555.0 1724.5 1894.0
1555.0 1724.5 1894.0
1555.0 1724.5 1894.0
1555.0 1724.5 1894.0
1555.0 1724.5 1894.0
1555.0 1724.5 1894.0
1555.0 1724.5 1894.0
1555.0 1724.5 1894.0
1555.0 1724.5 1894.0
1555.0 1724.5 1894.0
1555.0 1724.5 1894.0
1555.0 1724.5 1894.0
1555.0 1724.5 1894.0
1555.0 1724.5 1894.0
1555.0 1724.5 1894.0
1555.0 1724.5 1894.0
1555.0 1724.5 1894.0
1555.0 1724.5 1894.0
1555.0 1724.5 1894.0
1555.0 1724.5 1894.0
1555.0 1724.5 1894.0
1555.0 1724.5 1894.0
1555.0 1724.5 1894.0
1555.0 1724.5 1894.0
1555.0 1724.5 1894.0
1555.0 1724.5 1894.0
1555.0 1724.5 1894.0
1555.0 1724.5 1894.0
1555.0 1724.5 1894.0
1555.0 1724.5 1894.0
1555.0 1724.5 1894.0
1555.0 1724.5 1894.0
1555.0 1724.5 1894.0
1555.0 1724.5 1894.0
1555.0 1724.5 1894.0
1555.0 1724.5 1894.0
1555.0 1724.5 1894.0
1289.0 1591.5 1894.0
1289.0 1591.5 1894.0
1289.0 1591.5 1894.0
1289.0 1591.5 1894.0
1289.0 1591.5 1894.0
1289.0 1591.5 1894.0
1289.0 1591.5 1894.0
1289.0 1591.5 1894.0
1289.0 1591.5 1894.0
1289.0 1591.5 1894.0
1289.0 1591.5 1894.0
1289.0 1591.5 1894.0
1289.0 1591.5 1894.0
1289.0 1591.5 1894.0
1289.0 1591.5 1894.0
1289.0 1591.5 1894.0
