8514.0 11483.5 14453.0
6720.0 9447.0 12174.0
5625.0 7852.0 10079.0
4245.0 7216.0 10187.0
4664.0 6298.0 7932.0
3116.0 4950.0 6784.0
2715.0 4057.5 5400.0
2715.0 3360.0 4005.0
1813.0 2192.5 2572.0
1813.0 1846.5 1880.0
1612.0 1781.0 1950.0
1612.0 1781.0 1950.0
1473.0 1542.5 1612.0
1473.0 1542.5 1612.0
1473.0 1542.5 1612.0
1473.0 1542.5 1612.0
1473.0 1542.5 1612.0
1473.0 1542.5 1612.0
1473.0 1542.5 1612.0
1473.0 1542.5 1612.0
1473.0 1542.5 1612.0
1473.0 1542.5 1612.0
1473.0 1542.5 1612.0
1473.0 1542.5 1612.0
1473.0 1542.5 1612.0
1473.0 1542.5 1612.0
1473.0 1542.5 1612.0
1473.0 1542.5 1612.0
1473.0 1542.5 1612.0
1473.0 1542.5 1612.0
1473.0 1542.5 1612.0
1473.0 1542.5 1612.0
1473.0 1542.5 1612.0
1473.0 1542.5 1612.0
1473.0 1542.5 1612.0
1473.0 1542.5 1612.0
1473.0 1542.5 1612.0
1473.0 1542.5 1612.0
1473.0 1542.5 1612.0
1473.0 1542.5 1612.0
1473.0 1542.5 1612.0
1473.0 1542.5 1612.0
1473.0 1542.5 1612.0
1473.0 1542.5 1612.0
1473.0 1542.5 1612.0
1473.0 1542.5 1612.0
1473.0 1542.5 1612.0
1473.0 1542.5 1612.0
1473.0 1542.5 1612.0
1473.0 1542.5 1612.0
1473.0 1542.5 1612.0
1473.0 1542.5 1612.0
1473.0 1542.5 1612.0
1473.0 1542.5 1612.0
1473.0 1542.5 1612.0
1473.0 1542.5 1612.0
1473.0 1542.5 1612.0
1473.0 1542.5 1612.0
1473.0 1542.5 1612.0
1473.0 1542.5 1612.0
1473.0 1542.5 1612.0
1473.0 1542.5 1612.0
1473.0 1542.5 1612.0
1473.0 1542.5 1612.0
1473.0 1542.5 1612.0
1473.0 1542.5 1612.0
1473.0 1542.5 1612.0
1473.0 1542.5 1612.0
1473.0 1542.5 1612.0
1473.0 1542.5 1612.0
1473.0 1542.5 1612.0
1473.0 1542.5 1612.0
1473.0 1542.5 1612.0
1473.0 1542.5 1612.0
1473.0 1542.5 1612.0
1473.0 1542.5 1612.0
1473.0 1542.5 1612.0
1473.0 1542.5 1612.0
1473.0 1542.5 1612.0
1473.0 1542.5 1612.0
1473.0 1542.5 1612.0
1473.0 1542.5 1612.0
1473.0 1542.5 1612.0
1473.0 1542.5 1612.0
1473.0 1542.5 1612.0
1473.0 1542.5 1612.0
1473.0 1542.5 1612.0
1473.0 1542.5 1612.0
1473.0 1542.5 1612.0
1473.0 1542.5 1612.0
1473.0 1542.5 1612.0
1473.0 1542.5 1612.0
1473.0 1542.5 1612.0
1473.0 1542.5 1612.0
1473.0 1542.5 1612.0
1473.0 1542.5 1612.0
1473.0 1542.5 1612.0
1473.0 1542.5 1612.0
1473.0 1542.5 1612.0
1473.0 1542.5 1612.0
1473.0 1542.5 1612.0
1473.0 1542.5 1612.0
1473.0 1542.5 1612.0
1473.0 1542.5 1612.0
1473.0 1542.5 1612.0
994.0 1303.0 1612.0
994.0 1303.0 1612.0
994.0 1303.0 1612.0
994.0 1303.0 1612.0
994.0 1303.0 1612.0
994.0 1303.0 1612.0
994.0 1303.0 1612.0
994.0 1303.0 1612.0
994.0 1303.0 1612.0
994.0 1303.0 1612.0
994.0 1303.0 1612.0
994.0 1303.0 1612.0
994.0 1303.0 1612.0
994.0 1303.0 1612.0
994.0 1303.0 1612.0
994.0 1303.0 1612.0
994.0 1303.0 1612.0
994.0 1303.0 1612.0
994.0 1303.0 1612.0
994.0 1303.0 1612.0
994.0 1303.0 1612.0
994.0 1303.0 1612.0
994.0 1303.0 1612.0
994.0 1303.0 1612.0
994.0 1303.0 1612.0
994.0 1303.0 1612.0
994.0 1303.0 1612.0
994.0 1303.0 1612.0
994.0 1303.0 1612.0
994.0 1303.0 1612.0
994.0 1303.0 1612.0
994.0 1303.0 1612.0
994.0 1303.0 1612.0
994.0 1303.0 1612.0
994.0 1303.0 1612.0
994.0 1303.0 1612.0
994.0 1303.0 1612.0
994.0 1303.0 1612.0
994.0 1303.0 1612.0
994.0 1303.0 1612.0
994.0 1303.0 1612.0
994.0 1303.0 1612.0
994.0 1303.0 1612.0
994.0 1303.0 1612.0
994.0 1197.5 1401.0
994.0 1197.5 1401.0
994.0 1197.5 1401.0
994.0 1197.5 1401.0
994.0 1197.5 1401.0
994.0 1197.5 1401.0
994.0 1197.5 1401.0
994.0 1197.5 1401.0
994.0 1197.5 1401.0
994.0 1197.5 1401.0
994.0 1197.5 1401.0
994.0 1197.5 1401.0
994.0 1197.5 1401.0
994.0 1197.5 1401.0
994.0 1197.5 1401.0
994.0 1197.5 1401.0
994.0 1197.5 1401.0
994.0 1197.5 1401.0
994.0 1197.5 1401.0
994.0 1197.5 1401.0
994.0 1197.5 1401.0
994.0 1197.5 1401.0
994.0 1197.5 1401.0
994.0 1197.5 1401.0
994.0 1197.5 1401.0
994.0 1197.5 1401.0
994.0 1197.5 1401.0
994.0 1197.5 1401.0
994.0 1197.5 1401.0
994.0 1197.5 1401.0
994.0 1197.5 1401.0
994.0 1197.5 1401.0
994.0 1197.5 1401.0
994.0 1197.5 1401.0
994.0 1197.5 1401.0
994.0 1197.5 1401.0
994.0 1197.5 1401.0
994.0 1197.5 1401.0
994.0 1197.5 1401.0
994.0 1197.5 1401.0
994.0 1197.5 1401.0
994.0 1197.5 1401.0
994.0 1197.5 1401.0
994.0 1197.5 1401.0
994.0 1197.5 1401.0
994.0 1197.5 1401.0
994.0 1197.5 1401.0
994.0 1197.5 1401.0
994.0 1197.5 1401.0
994.0 1197.5 1401.0
994.0 1197.5 1401.0
