11671.0 12859.0 14047.0
9945.0 11024.5 12104.0
9188.0 9496.0 9804.0
7111.0 7473.5 7836.0
5965.0 6099.0 6233.0
5010.0 5604.0 6198.0
4273.0 5169.5 6066.0
3933.0 4022.0 4111.0
3949.0 4002.0 4055.0
3334.0 3641.5 3949.0
3334.0 3469.5 3605.0
2960.0 3147.0 3334.0
1843.0 2463.0 3083.0
1843.0 2463.0 3083.0
1843.0 2126.5 2410.0
1843.0 2126.5 2410.0
1843.0 2590.0 3337.0
1843.0 2328.0 2813.0
1843.0 2216.5 2590.0
1843.0 1986.0 2129.0
1843.0 1986.0 2129.0
1843.0 1894.0 1945.0
1843.0 1894.0 1945.0
1843.0 1894.0 1945.0
1843.0 1894.0 1945.0
1843.0 1894.0 1945.0
1843.0 1894.0 1945.0
1843.0 1894.0 1945.0
1843.0 1894.0 1945.0
1843.0 1894.0 1945.0
1843.0 1894.0 1945.0
1843.0 1894.0 1945.0
1843.0 1894.0 1945.0
1843.0 1894.0 1945.0
1843.0 1894.0 1945.0
1843.0 1894.0 1945.0
1843.0 1894.0 1945.0
1843.0 1894.0 1945.0
1843.0 1894.0 1945.0
1843.0 1894.0 1945.0
1843.0 1894.0 1945.0
1632.0 1737.5 1843.0
1632.0 1737.5 1843.0
1632.0 1737.5 1843.0
1632.0 1737.5 1843.0
1632.0 1737.5 1843.0
1632.0 1737.5 1843.0
1632.0 1737.5 1843.0
1632.0 1737.5 1843.0
1632.0 1737.5 1843.0
1632.0 1737.5 1843.0
1632.0 1737.5 1843.0
1632.0 1737.5 1843.0
1632.0 1737.5 1843.0
1632.0 1737.5 1843.0
1632.0 1737.5 1843.0
1632.0 1737.5 1843.0
1632.0 1737.5 1843.0
1489.0 1666.0 1843.0
1489.0 1666.0 1843.0
1489.0 1666.0 1843.0
1489.0 1666.0 1843.0
1489.0 1666.0 1843.0
1489.0 1666.0 1843.0
1489.0 1666.0 1843.0
1489.0 1666.0 1843.0
1489.0 1666.0 1843.0
1489.0 1666.0 1843.0
1489.0 1666.0 1843.0
1489.0 1666.0 1843.0
1489.0 1666.0 1843.0
1489.0 1666.0 1843.0
1489.0 1666.0 1843.0
1489.0 1666.0 1843.0
1489.0 1666.0 1843.0
1489.0 1666.0 1843.0
1489.0 1666.0 1843.0
1489.0 1666.0 1843.0
1489.0 1666.0 1843.0
1489.0 1666.0 1843.0
1489.0 1666.0 1843.0
1489.0 1666.0 1843.0
1489.0 1666.0 1843.0
1489.0 1666.0 1843.0
1489.0 1666.0 1843.0
1489.0 1666.0 1843.0
1489.0 1666.0 1843.0
1489.0 1666.0 1843.0
1489.0 1666.0 1843.0
1489.0 1666.0 1843.0
1489.0 1666.0 1843.0
1489.0 1666.0 1843.0
1489.0 1666.0 1843.0
1489.0 1544.5 1600.0
1323.0 1406.0 1489.0
1417.0 1453.0 1489.0
990.0 1239.5 1489.0
990.0 1239.5 1489.0
990.0 1239.5 1489.0
990.0 1239.5 1489.0
990.0 1239.5 1489.0
990.0 1239.5 1489.0
990.0 1239.5 1489.0
990.0 1239.5 1489.0
990.0 1239.5 1489.0
990.0 1239.5 1489.0
990.0 1239.5 1489.0
990.0 1239.5 1489.0
990.0 1239.5 1489.0
990.0 1239.5 1489.0
990.0 1239.5 1489.0
990.0 1239.5 1489.0
990.0 1239.5 1489.0
990.0 1239.5 1489.0
990.0 1239.5 1489.0
990.0 1239.5 1489.0
990.0 1239.5 1489.0
990.0 1239.5 1489.0
990.0 1239.5 1489.0
990.0 1239.5 1489.0
990.0 1239.5 1489.0
990.0 1239.5 1489.0
990.0 1239.5 1489.0
990.0 1239.5 1489.0
990.0 1239.5 1489.0
990.0 1239.5 1489.0
990.0 1239.5 1489.0
990.0 1239.5 1489.0
990.0 1239.5 1489.0
990.0 1239.5 1489.0
990.0 1239.5 1489.0
990.0 1239.5 1489.0
990.0 1239.5 1489.0
990.0 1239.5 1489.0
990.0 1239.5 1489.0
990.0 1239.5 1489.0
990.0 1239.5 1489.0
990.0 1239.5 1489.0
990.0 1239.5 1489.0
990.0 1239.5 1489.0
990.0 1239.5 1489.0
990.0 1239.5 1489.0
990.0 1239.5 1489.0
990.0 1239.5 1489.0
990.0 1239.5 1489.0
990.0 1239.5 1489.0
990.0 1239.5 1489.0
990.0 1239.5 1489.0
990.0 1239.5 1489.0
990.0 1239.5 1489.0
990.0 1239.5 1489.0
990.0 1239.5 1489.0
990.0 1239.5 1489.0
990.0 1239.5 1489.0
990.0 1239.5 1489.0
990.0 1239.5 1489.0
990.0 1239.5 1489.0
990.0 1239.5 1489.0
990.0 1239.5 1489.0
990.0 1239.5 1489.0
990.0 1239.5 1489.0
990.0 1232.5 1475.0
990.0 1232.5 1475.0
990.0 1232.5 1475.0
990.0 1232.5 1475.0
990.0 1232.5 1475.0
990.0 1232.5 1475.0
990.0 1232.5 1475.0
990.0 1232.5 1475.0
990.0 1232.5 1475.0
990.0 1232.5 1475.0
990.0 1232.5 1475.0
990.0 1232.5 1475.0
990.0 1232.5 1475.0
990.0 1232.5 1475.0
990.0 1232.5 1475.0
990.0 1232.5 1475.0
990.0 1232.5 1475.0
990.0 1232.5 1475.0
990.0 1232.5 1475.0
990.0 1232.5 1475.0
990.0 1232.5 1475.0
990.0 1232.5 1475.0
990.0 1232.5 1475.0
990.0 1232.5 1475.0
990.0 1232.5 1475.0
990.0 1232.5 1475.0
990.0 1232.5 1475.0
990.0 1232.5 1475.0
990.0 1232.5 1475.0
990.0 1232.5 1475.0
990.0 1232.5 1475.0
990.0 1232.5 1475.0
990.0 1232.5 1475.0
990.0 1232.5 1475.0
990.0 1232.5 1475.0
990.0 1232.5 1475.0
990.0 1232.5 1475.0
990.0 1232.5 1475.0
990.0 1232.5 1475.0
