16192.0 16321.0 16450.0
10562.0 12695.0 14828.0
6788.0 8845.0 10902.0
6788.0 8246.0 9704.0
5229.0 6259.5 7290.0
4917.0 6117.0 7317.0
4170.0 5157.0 6144.0
4170.0 4488.0 4806.0
2743.0 3497.5 4252.0
2743.0 3655.5 4568.0
2356.0 3224.5 4093.0
2356.0 2857.0 3358.0
2356.0 2846.5 3337.0
2350.0 2353.0 2356.0
2350.0 2353.0 2356.0
2350.0 2353.0 2356.0
2350.0 2353.0 2356.0
2350.0 2353.0 2356.0
2350.0 2353.0 2356.0
2350.0 2432.5 2515.0
1455.0 1902.5 2350.0
1455.0 2129.5 2804.0
1455.0 1752.0 2049.0
1227.0 1638.0 2049.0
1227.0 1638.0 2049.0
1227.0 1696.0 2165.0
1227.0 1339.5 1452.0
1227.0 1339.5 1452.0
1227.0 1339.5 1452.0
1227.0 1339.5 1452.0
1227.0 1339.5 1452.0
1227.0 1339.5 1452.0
1227.0 1339.5 1452.0
1227.0 1339.5 1452.0
1227.0 1339.5 1452.0
1227.0 1339.5 1452.0
1227.0 1339.5 1452.0
1227.0 1339.5 1452.0
1227.0 1339.5 1452.0
1227.0 1339.5 1452.0
1227.0 1339.5 1452.0
1227.0 1339.5 1452.0
1227.0 1339.5 1452.0
1227.0 1339.5 1452.0
1227.0 1339.5 1452.0
1227.0 1339.5 1452.0
1227.0 1339.5 1452.0
1227.0 1339.5 1452.0
1227.0 1383.0 1539.0
1227.0 1383.0 1539.0
1227.0 1383.0 1539.0
1227.0 1383.0 1539.0
1227.0 1383.0 1539.0
1227.0 1383.0 1539.0
1227.0 1383.0 1539.0
1227.0 1383.0 1539.0
1227.0 1383.0 1539.0
1227.0 1383.0 1539.0
1227.0 1383.0 1539.0
1227.0 1383.0 1539.0
1227.0 1383.0 1539.0
1227.0 1383.0 1539.0
1227.0 1383.0 1539.0
1227.0 1383.0 1539.0
1227.0 1383.0 1539.0
1227.0 1383.0 1539.0
1227.0 1383.0 1539.0
1227.0 1383.0 1539.0
1227.0 1383.0 1539.0
1227.0 1383.0 1539.0
1227.0 1383.0 1539.0
1227.0 1383.0 1539.0
1227.0 1383.0 1539.0
1227.0 1383.0 1539.0
1227.0 1383.0 1539.0
1227.0 1383.0 1539.0
1227.0 1383.0 1539.0
1227.0 1383.0 1539.0
1227.0 1383.0 1539.0
1227.0 1383.0 1539.0
1227.0 1383.0 1539.0
1227.0 1383.0 1539.0
1227.0 1383.0 1539.0
1227.0 1383.0 1539.0
1227.0 1383.0 1539.0
1227.0 1383.0 1539.0
1227.0 1383.0 1539.0
1227.0 1383.0 1539.0
1227.0 1383.0 1539.0
1227.0 1383.0 1539.0
1227.0 1383.0 1539.0
1227.0 1383.0 1539.0
1227.0 1383.0 1539.0
1227.0 1383.0 1539.0
1227.0 1383.0 1539.0
1227.0 1383.0 1539.0
1227.0 1383.0 1539.0
1227.0 1383.0 1539.0
1227.0 1383.0 1539.0
1227.0 1383.0 1539.0
1227.0 1383.0 1539.0
1227.0 1383.0 1539.0
1227.0 1383.0 1539.0
1227.0 1383.0 1539.0
1227.0 1383.0 1539.0
1227.0 1383.0 1539.0
1227.0 1383.0 1539.0
1227.0 1383.0 1539.0
1227.0 1383.0 1539.0
1227.0 1383.0 1539.0
1227.0 1383.0 1539.0
1227.0 1383.0 1539.0
1227.0 1383.0 1539.0
1227.0 1383.0 1539.0
1227.0 1383.0 1539.0
1227.0 1383.0 1539.0
1227.0 1383.0 1539.0
1227.0 1383.0 1539.0
1227.0 1383.0 1539.0
1227.0 1383.0 1539.0
1227.0 1383.0 1539.0
1227.0 1383.0 1539.0
1227.0 1383.0 1539.0
1227.0 1383.0 1539.0
1227.0 1383.0 1539.0
1227.0 1383.0 1539.0
1227.0 1383.0 1539.0
1227.0 1383.0 1539.0
1227.0 1383.0 1539.0
1227.0 1383.0 1539.0
1227.0 1383.0 1539.0
1227.0 1383.0 1539.0
1227.0 1383.0 1539.0
1227.0 1383.0 1539.0
1227.0 1383.0 1539.0
1227.0 1383.0 1539.0
1227.0 1383.0 1539.0
1227.0 1383.0 1539.0
1227.0 1383.0 1539.0
1227.0 1383.0 1539.0
1227.0 1383.0 1539.0
1227.0 1383.0 1539.0
1227.0 1383.0 1539.0
1227.0 1383.0 1539.0
1227.0 1383.0 1539.0
1227.0 1383.0 1539.0
1227.0 1383.0 1539.0
1227.0 1383.0 1539.0
1227.0 1383.0 1539.0
1227.0 1383.0 1539.0
1227.0 1383.0 1539.0
1227.0 1383.0 1539.0
1227.0 1383.0 1539.0
1227.0 1383.0 1539.0
1227.0 1383.0 1539.0
1227.0 1383.0 1539.0
1227.0 1383.0 1539.0
1227.0 1383.0 1539.0
1227.0 1383.0 1539.0
1227.0 1383.0 1539.0
1227.0 1383.0 1539.0
1227.0 1383.0 1539.0
1227.0 1383.0 1539.0
1227.0 1383.0 1539.0
1227.0 1383.0 1539.0
1227.0 1383.0 1539.0
1227.0 1383.0 1539.0
1227.0 1383.0 1539.0
1227.0 1383.0 1539.0
1227.0 1383.0 1539.0
1227.0 1383.0 1539.0
1227.0 1383.0 1539.0
1227.0 1383.0 1539.0
1227.0 1383.0 1539.0
1227.0 1383.0 1539.0
1227.0 1383.0 1539.0
1227.0 1383.0 1539.0
1227.0 1383.0 1539.0
1227.0 1383.0 1539.0
1227.0 1383.0 1539.0
1227.0 1383.0 1539.0
1227.0 1383.0 1539.0
1227.0 1383.0 1539.0
1227.0 1383.0 1539.0
1227.0 1383.0 1539.0
1227.0 1383.0 1539.0
1227.0 1383.0 1539.0
1227.0 1383.0 1539.0
1227.0 1383.0 1539.0
1227.0 1383.0 1539.0
1227.0 1383.0 1539.0
1227.0 1383.0 1539.0
1227.0 1383.0 1539.0
1227.0 1383.0 1539.0
1227.0 1383.0 1539.0
1227.0 1383.0 1539.0
1227.0 1383.0 1539.0
1227.0 1383.0 1539.0
1227.0 1383.0 1539.0
1227.0 1383.0 1539.0
