10586.0 11301.5 12017.0
9008.0 9437.5 9867.0
6314.0 7344.0 8374.0
6271.0 6371.5 6472.0
4242.0 4653.5 5065.0
4090.0 4166.0 4242.0
2887.0 2930.5 2974.0
2385.0 2517.5 2650.0
2048.0 2169.5 2291.0
1711.0 1879.5 2048.0
2008.0 2028.0 2048.0
1350.0 1679.0 2008.0
1350.0 1679.0 2008.0
1267.0 1637.5 2008.0
1267.0 1637.5 2008.0
1131.0 1569.5 2008.0
1131.0 1569.5 2008.0
1131.0 1457.5 1784.0
1131.0 1536.5 1942.0
1131.0 1456.5 1782.0
1131.0 1330.0 1529.0
1114.0 1122.5 1131.0
1114.0 1122.5 1131.0
987.0 1059.0 1131.0
987.0 1059.0 1131.0
987.0 1059.0 1131.0
987.0 1059.0 1131.0
987.0 1059.0 1131.0
987.0 1059.0 1131.0
987.0 1059.0 1131.0
987.0 1059.0 1131.0
987.0 1059.0 1131.0
987.0 1059.0 1131.0
987.0 1059.0 1131.0
987.0 1059.0 1131.0
987.0 1059.0 1131.0
987.0 1059.0 1131.0
987.0 1059.0 1131.0
987.0 1059.0 1131.0
987.0 1059.0 1131.0
987.0 1059.0 1131.0
987.0 1059.0 1131.0
987.0 1059.0 1131.0
987.0 1059.0 1131.0
987.0 1059.0 1131.0
987.0 1059.0 1131.0
987.0 1059.0 1131.0
987.0 1059.0 1131.0
987.0 1059.0 1131.0
987.0 1059.0 1131.0
987.0 1059.0 1131.0
987.0 1059.0 1131.0
987.0 1059.0 1131.0
987.0 1059.0 1131.0
987.0 1059.0 1131.0
987.0 1059.0 1131.0
987.0 1059.0 1131.0
987.0 1059.0 1131.0
987.0 1059.0 1131.0
987.0 1059.0 1131.0
987.0 1059.0 1131.0
987.0 1059.0 1131.0
987.0 1059.0 1131.0
987.0 1059.0 1131.0
987.0 1059.0 1131.0
987.0 1059.0 1131.0
987.0 1059.0 1131.0
987.0 1059.0 1131.0
987.0 1059.0 1131.0
987.0 1059.0 1131.0
987.0 1059.0 1131.0
987.0 1059.0 1131.0
987.0 1059.0 1131.0
987.0 1059.0 1131.0
987.0 1059.0 1131.0
987.0 1059.0 1131.0
987.0 1059.0 1131.0
987.0 1059.0 1131.0
987.0 1059.0 1131.0
987.0 1059.0 1131.0
987.0 1059.0 1131.0
987.0 1059.0 1131.0
987.0 1059.0 1131.0
987.0 1059.0 1131.0
987.0 1059.0 1131.0
987.0 1059.0 1131.0
987.0 1059.0 1131.0
987.0 1059.0 1131.0
987.0 1059.0 1131.0
987.0 1059.0 1131.0
987.0 1059.0 1131.0
987.0 1059.0 1131.0
987.0 1059.0 1131.0
987.0 1059.0 1131.0
987.0 1059.0 1131.0
987.0 1059.0 1131.0
987.0 1059.0 1131.0
987.0 1059.0 1131.0
987.0 1059.0 1131.0
987.0 1059.0 1131.0
987.0 1059.0 1131.0
987.0 1059.0 1131.0
987.0 1059.0 1131.0
987.0 1059.0 1131.0
987.0 1059.0 1131.0
987.0 1059.0 1131.0
987.0 1059.0 1131.0
987.0 1059.0 1131.0
987.0 1059.0 1131.0
987.0 1059.0 1131.0
987.0 1059.0 1131.0
987.0 1059.0 1131.0
987.0 1059.0 1131.0
987.0 1059.0 1131.0
987.0 1059.0 1131.0
987.0 1059.0 1131.0
987.0 1059.0 1131.0
987.0 1059.0 1131.0
987.0 1059.0 1131.0
987.0 1059.0 1131.0
987.0 1059.0 1131.0
987.0 1059.0 1131.0
987.0 1059.0 1131.0
987.0 1059.0 1131.0
987.0 1059.0 1131.0
987.0 1059.0 1131.0
987.0 1059.0 1131.0
987.0 1059.0 1131.0
987.0 1059.0 1131.0
987.0 1059.0 1131.0
987.0 1059.0 1131.0
987.0 1059.0 1131.0
987.0 1059.0 1131.0
987.0 1059.0 1131.0
987.0 1059.0 1131.0
987.0 1059.0 1131.0
987.0 1059.0 1131.0
987.0 1059.0 1131.0
987.0 1059.0 1131.0
987.0 1059.0 1131.0
987.0 1059.0 1131.0
987.0 1059.0 1131.0
987.0 1059.0 1131.0
987.0 992.0 997.0
987.0 1093.5 1200.0
987.0 1042.0 1097.0
638.0 812.5 987.0
638.0 812.5 987.0
638.0 812.5 987.0
638.0 812.5 987.0
638.0 812.5 987.0
638.0 812.5 987.0
638.0 812.5 987.0
638.0 812.5 987.0
638.0 812.5 987.0
638.0 812.5 987.0
638.0 812.5 987.0
638.0 812.5 987.0
638.0 812.5 987.0
638.0 812.5 987.0
638.0 812.5 987.0
638.0 812.5 987.0
638.0 812.5 987.0
638.0 812.5 987.0
638.0 812.5 987.0
638.0 812.5 987.0
638.0 812.5 987.0
638.0 812.5 987.0
638.0 812.5 987.0
638.0 812.5 987.0
638.0 812.5 987.0
638.0 812.5 987.0
638.0 812.5 987.0
638.0 812.5 987.0
638.0 812.5 987.0
638.0 812.5 987.0
638.0 812.5 987.0
638.0 812.5 987.0
638.0 812.5 987.0
638.0 812.5 987.0
638.0 812.5 987.0
638.0 812.5 987.0
638.0 812.5 987.0
638.0 812.5 987.0
638.0 812.5 987.0
638.0 812.5 987.0
638.0 812.5 987.0
638.0 812.5 987.0
638.0 812.5 987.0
638.0 812.5 987.0
638.0 812.5 987.0
638.0 812.5 987.0
638.0 812.5 987.0
638.0 812.5 987.0
638.0 812.5 987.0
638.0 812.5 987.0
638.0 812.5 987.0
638.0 812.5 987.0
638.0 812.5 987.0
638.0 812.5 987.0
