11472.0 13183.0 14894.0
9899.0 11022.5 12146.0
7126.0 8285.5 9445.0
6226.0 6727.0 7228.0
4665.0 4915.0 5165.0
3885.0 4013.5 4142.0
3235.0 3688.5 4142.0
2924.0 3152.5 3381.0
3017.0 3043.0 3069.0
2366.0 2670.0 2974.0
2205.0 2285.5 2366.0
2205.0 2285.5 2366.0
1568.0 1967.0 2366.0
1568.0 1633.0 1698.0
1568.0 1633.0 1698.0
1515.0 1541.5 1568.0
1515.0 1541.5 1568.0
1515.0 1541.5 1568.0
1515.0 1541.5 1568.0
1515.0 1541.5 1568.0
1515.0 1541.5 1568.0
1515.0 1541.5 1568.0
1515.0 1541.5 1568.0
1515.0 1541.5 1568.0
1515.0 1541.5 1568.0
1515.0 1541.5 1568.0
1515.0 1541.5 1568.0
1515.0 1541.5 1568.0
1515.0 1541.5 1568.0
1515.0 1541.5 1568.0
1515.0 1541.5 1568.0
1515.0 1541.5 1568.0
1515.0 1541.5 1568.0
1515.0 1541.5 1568.0
1515.0 1541.5 1568.0
1515.0 1541.5 1568.0
1515.0 1541.5 1568.0
1515.0 1541.5 1568.0
1515.0 1541.5 1568.0
1515.0 1541.5 1568.0
1515.0 1541.5 1568.0
1515.0 1541.5 1568.0
1515.0 1541.5 1568.0
1515.0 1541.5 1568.0
1515.0 1541.5 1568.0
1515.0 1541.5 1568.0
1515.0 1541.5 1568.0
1515.0 1541.5 1568.0
1515.0 1541.5 1568.0
1515.0 1541.5 1568.0
1515.0 1541.5 1568.0
1515.0 1541.5 1568.0
1515.0 1541.5 1568.0
1515.0 1541.5 1568.0
1515.0 1541.5 1568.0
1515.0 1541.5 1568.0
1515.0 1541.5 1568.0
1515.0 1541.5 1568.0
1515.0 1541.5 1568.0
1515.0 1541.5 1568.0
1515.0 1541.5 1568.0
1515.0 1541.5 1568.0
1515.0 1541.5 1568.0
1515.0 1541.5 1568.0
1515.0 1541.5 1568.0
1515.0 1541.5 1568.0
1515.0 1541.5 1568.0
1515.0 1541.5 1568.0
1515.0 1541.5 1568.0
1515.0 1541.5 1568.0
1515.0 1541.5 1568.0
1515.0 1541.5 1568.0
1515.0 1541.5 1568.0
1515.0 1541.5 1568.0
1515.0 1541.5 1568.0
1515.0 1541.5 1568.0
1515.0 1541.5 1568.0
1515.0 1541.5 1568.0
1515.0 1541.5 1568.0
1515.0 1541.5 1568.0
1184.0 1349.5 1515.0
1184.0 1349.5 1515.0
1184.0 1349.5 1515.0
1184.0 1349.5 1515.0
1184.0 1349.5 1515.0
1184.0 1349.5 1515.0
1184.0 1349.5 1515.0
1184.0 1349.5 1515.0
1184.0 1349.5 1515.0
1184.0 1349.5 1515.0
1184.0 1349.5 1515.0
1184.0 1349.5 1515.0
1184.0 1349.5 1515.0
1184.0 1349.5 1515.0
1184.0 1349.5 1515.0
1184.0 1349.5 1515.0
1184.0 1349.5 1515.0
1184.0 1349.5 1515.0
1184.0 1349.5 1515.0
1184.0 1349.5 1515.0
1184.0 1349.5 1515.0
1184.0 1349.5 1515.0
1184.0 1349.5 1515.0
1184.0 1349.5 1515.0
1184.0 1349.5 1515.0
1184.0 1349.5 1515.0
1184.0 1349.5 1515.0
1184.0 1349.5 1515.0
1184.0 1349.5 1515.0
1184.0 1349.5 1515.0
1184.0 1349.5 1515.0
1184.0 1349.5 1515.0
1184.0 1349.5 1515.0
1184.0 1349.5 1515.0
1184.0 1349.5 1515.0
1184.0 1349.5 1515.0
1184.0 1349.5 1515.0
1184.0 1349.5 1515.0
1188.0 1351.5 1515.0
1188.0 1351.5 1515.0
1188.0 1351.5 1515.0
1188.0 1351.5 1515.0
1188.0 1351.5 1515.0
1188.0 1351.5 1515.0
1188.0 1351.5 1515.0
1188.0 1351.5 1515.0
1188.0 1351.5 1515.0
1188.0 1351.5 1515.0
1188.0 1351.5 1515.0
1188.0 1351.5 1515.0
1188.0 1351.5 1515.0
1188.0 1351.5 1515.0
1188.0 1351.5 1515.0
1188.0 1351.5 1515.0
1188.0 1351.5 1515.0
1188.0 1351.5 1515.0
1188.0 1351.5 1515.0
1188.0 1351.5 1515.0
1188.0 1351.5 1515.0
1188.0 1351.5 1515.0
1188.0 1351.5 1515.0
1188.0 1351.5 1515.0
1188.0 1351.5 1515.0
1188.0 1351.5 1515.0
1188.0 1351.5 1515.0
1188.0 1351.5 1515.0
1188.0 1351.5 1515.0
1188.0 1351.5 1515.0
1188.0 1351.5 1515.0
1188.0 1351.5 1515.0
1188.0 1351.5 1515.0
1188.0 1351.5 1515.0
1188.0 1351.5 1515.0
1188.0 1351.5 1515.0
1188.0 1351.5 1515.0
1188.0 1351.5 1515.0
1188.0 1351.5 1515.0
1188.0 1351.5 1515.0
1188.0 1351.5 1515.0
1188.0 1351.5 1515.0
1188.0 1351.5 1515.0
1188.0 1351.5 1515.0
1188.0 1351.5 1515.0
1188.0 1351.5 1515.0
1188.0 1351.5 1515.0
1188.0 1351.5 1515.0
1188.0 1351.5 1515.0
1188.0 1351.5 1515.0
1188.0 1351.5 1515.0
1188.0 1351.5 1515.0
1188.0 1351.5 1515.0
1188.0 1351.5 1515.0
1188.0 1351.5 1515.0
1188.0 1351.5 1515.0
1188.0 1351.5 1515.0
1188.0 1351.5 1515.0
1188.0 1351.5 1515.0
1188.0 1351.5 1515.0
1188.0 1351.5 1515.0
1188.0 1351.5 1515.0
1188.0 1351.5 1515.0
1188.0 1351.5 1515.0
1188.0 1351.5 1515.0
1188.0 1351.5 1515.0
1188.0 1351.5 1515.0
1188.0 1351.5 1515.0
1188.0 1351.5 1515.0
1188.0 1351.5 1515.0
1188.0 1351.5 1515.0
1188.0 1351.5 1515.0
1188.0 1351.5 1515.0
1188.0 1351.5 1515.0
1188.0 1351.5 1515.0
1188.0 1351.5 1515.0
1188.0 1351.5 1515.0
1188.0 1351.5 1515.0
1188.0 1351.5 1515.0
1188.0 1351.5 1515.0
1188.0 1351.5 1515.0
1188.0 1351.5 1515.0
