14376.0 15456.5 16537.0
13819.0 14179.5 14540.0
9779.0 11401.0 13023.0
6496.0 7112.5 7729.0
6411.0 7868.5 9326.0
5689.0 5690.5 5692.0
4653.0 4954.0 5255.0
4479.0 4744.0 5009.0
2372.0 3396.0 4420.0
2266.0 2858.5 3451.0
2266.0 2858.5 3451.0
1515.0 2483.0 3451.0
1515.0 2226.0 2937.0
1515.0 2226.0 2937.0
1515.0 2226.0 2937.0
1515.0 2226.0 2937.0
1515.0 2226.0 2937.0
1515.0 2226.0 2937.0
1515.0 2226.0 2937.0
1515.0 2226.0 2937.0
1515.0 2226.0 2937.0
1515.0 2226.0 2937.0
1515.0 2117.5 2720.0
1515.0 2179.5 2844.0
1515.0 2007.5 2500.0
1515.0 2007.5 2500.0
1515.0 2007.5 2500.0
1515.0 2007.5 2500.0
1515.0 2007.5 2500.0
1515.0 2007.5 2500.0
1515.0 2007.5 2500.0
1515.0 2007.5 2500.0
1515.0 2007.5 2500.0
1515.0 2007.5 2500.0
1515.0 2007.5 2500.0
1515.0 2007.5 2500.0
1515.0 2007.5 2500.0
1515.0 2007.5 2500.0
1515.0 2007.5 2500.0
1515.0 2007.5 2500.0
1515.0 2007.5 2500.0
1515.0 2007.5 2500.0
1515.0 2007.5 2500.0
1515.0 2007.5 2500.0
1515.0 2007.5 2500.0
1515.0 2007.5 2500.0
1515.0 2007.5 2500.0
1515.0 2007.5 2500.0
1515.0 2007.5 2500.0
1515.0 2007.5 2500.0
1515.0 2007.5 2500.0
1515.0 2007.5 2500.0
1515.0 2007.5 2500.0
1515.0 2007.5 2500.0
1515.0 2007.5 2500.0
1515.0 2007.5 2500.0
1515.0 2007.5 2500.0
1515.0 2007.5 2500.0
1515.0 2007.5 2500.0
1515.0 2007.5 2500.0
1515.0 2007.5 2500.0
1515.0 2007.5 2500.0
1515.0 2007.5 2500.0
1515.0 2007.5 2500.0
1515.0 2007.5 2500.0
1515.0 2007.5 2500.0
1515.0 2007.5 2500.0
1515.0 2007.5 2500.0
1515.0 2007.5 2500.0
1515.0 2007.5 2500.0
1515.0 2007.5 2500.0
1515.0 2007.5 2500.0
1515.0 2007.5 2500.0
1515.0 2007.5 2500.0
1515.0 2007.5 2500.0
1515.0 2007.5 2500.0
1515.0 2007.5 2500.0
1515.0 2007.5 2500.0
1515.0 2007.5 2500.0
1515.0 2007.5 2500.0
1515.0 2007.5 2500.0
1515.0 2007.5 2500.0
1515.0 2007.5 2500.0
1515.0 2007.5 2500.0
1515.0 2007.5 2500.0
1515.0 1821.0 2127.0
1515.0 1651.0 1787.0
1515.0 1651.0 1787.0
1515.0 1651.0 1787.0
1515.0 1651.0 1787.0
1515.0 1651.0 1787.0
1515.0 1651.0 1787.0
1515.0 1651.0 1787.0
1501.0 1644.0 1787.0
1263.0 1525.0 1787.0
1263.0 1525.0 1787.0
1263.0 1525.0 1787.0
1263.0 1525.0 1787.0
1263.0 1525.0 1787.0
1263.0 1525.0 1787.0
1263.0 1525.0 1787.0
1263.0 1525.0 1787.0
1263.0 1525.0 1787.0
1263.0 1525.0 1787.0
1263.0 1525.0 1787.0
1263.0 1525.0 1787.0
1263.0 1525.0 1787.0
1263.0 1525.0 1787.0
1263.0 1525.0 1787.0
1263.0 1525.0 1787.0
1263.0 1525.0 1787.0
1263.0 1525.0 1787.0
1263.0 1525.0 1787.0
1263.0 1525.0 1787.0
1263.0 1525.0 1787.0
1263.0 1525.0 1787.0
1263.0 1525.0 1787.0
1263.0 1525.0 1787.0
1263.0 1525.0 1787.0
1263.0 1525.0 1787.0
1263.0 1525.0 1787.0
1263.0 1525.0 1787.0
1263.0 1525.0 1787.0
1263.0 1525.0 1787.0
1263.0 1525.0 1787.0
1263.0 1525.0 1787.0
1263.0 1525.0 1787.0
1263.0 1525.0 1787.0
1263.0 1525.0 1787.0
1263.0 1525.0 1787.0
1263.0 1525.0 1787.0
1263.0 1525.0 1787.0
1263.0 1525.0 1787.0
1263.0 1525.0 1787.0
1263.0 1525.0 1787.0
1263.0 1525.0 1787.0
1263.0 1525.0 1787.0
1263.0 1525.0 1787.0
1263.0 1525.0 1787.0
1263.0 1525.0 1787.0
1263.0 1525.0 1787.0
1263.0 1525.0 1787.0
1263.0 1525.0 1787.0
1263.0 1525.0 1787.0
1263.0 1525.0 1787.0
1263.0 1525.0 1787.0
1263.0 1525.0 1787.0
1263.0 1525.0 1787.0
1263.0 1525.0 1787.0
1263.0 1525.0 1787.0
1263.0 1525.0 1787.0
1263.0 1525.0 1787.0
1263.0 1525.0 1787.0
1263.0 1525.0 1787.0
1263.0 1525.0 1787.0
1263.0 1525.0 1787.0
1263.0 1525.0 1787.0
1263.0 1525.0 1787.0
1263.0 1525.0 1787.0
1263.0 1525.0 1787.0
1263.0 1525.0 1787.0
1263.0 1525.0 1787.0
1263.0 1525.0 1787.0
1263.0 1525.0 1787.0
1263.0 1525.0 1787.0
1263.0 1525.0 1787.0
1263.0 1525.0 1787.0
1263.0 1525.0 1787.0
1263.0 1525.0 1787.0
1263.0 1525.0 1787.0
1263.0 1525.0 1787.0
1263.0 1525.0 1787.0
1263.0 1525.0 1787.0
1263.0 1525.0 1787.0
1263.0 1525.0 1787.0
1263.0 1525.0 1787.0
1263.0 1525.0 1787.0
1263.0 1525.0 1787.0
1263.0 1525.0 1787.0
1263.0 1525.0 1787.0
1263.0 1525.0 1787.0
1263.0 1525.0 1787.0
1263.0 1525.0 1787.0
1263.0 1525.0 1787.0
1263.0 1525.0 1787.0
1263.0 1525.0 1787.0
1263.0 1525.0 1787.0
1263.0 1525.0 1787.0
1263.0 1525.0 1787.0
1263.0 1525.0 1787.0
1263.0 1525.0 1787.0
1263.0 1525.0 1787.0
1263.0 1525.0 1787.0
1263.0 1525.0 1787.0
1263.0 1525.0 1787.0
1263.0 1525.0 1787.0
1263.0 1525.0 1787.0
1263.0 1525.0 1787.0
1263.0 1525.0 1787.0
1263.0 1525.0 1787.0
