9603.0 11814.5 14026.0
8307.0 8615.5 8924.0
6907.0 7828.0 8749.0
3405.0 4668.0 5931.0
2724.0 3951.5 5179.0
2189.0 3696.5 5204.0
1868.0 3101.5 4335.0
1868.0 2599.0 3330.0
1868.0 1993.5 2119.0
1218.0 1668.5 2119.0
1218.0 1704.0 2190.0
923.0 1070.5 1218.0
923.0 1070.5 1218.0
923.0 1070.5 1218.0
923.0 1070.5 1218.0
923.0 1070.5 1218.0
923.0 1070.5 1218.0
923.0 1070.5 1218.0
923.0 1070.5 1218.0
923.0 1070.5 1218.0
923.0 1070.5 1218.0
923.0 1070.5 1218.0
923.0 1070.5 1218.0
923.0 1070.5 1218.0
923.0 1070.5 1218.0
923.0 1070.5 1218.0
923.0 1070.5 1218.0
923.0 1070.5 1218.0
923.0 1070.5 1218.0
990.0 1104.0 1218.0
990.0 1125.0 1260.0
990.0 1125.0 1260.0
990.0 1125.0 1260.0
990.0 1125.0 1260.0
990.0 1125.0 1260.0
990.0 1125.0 1260.0
990.0 1125.0 1260.0
990.0 1125.0 1260.0
990.0 1125.0 1260.0
990.0 1125.0 1260.0
990.0 1125.0 1260.0
990.0 1125.0 1260.0
990.0 1125.0 1260.0
990.0 1125.0 1260.0
990.0 1125.0 1260.0
990.0 1125.0 1260.0
990.0 1125.0 1260.0
990.0 1125.0 1260.0
990.0 1125.0 1260.0
990.0 1125.0 1260.0
990.0 1125.0 1260.0
990.0 1125.0 1260.0
990.0 1125.0 1260.0
990.0 1125.0 1260.0
990.0 1125.0 1260.0
990.0 1125.0 1260.0
990.0 1125.0 1260.0
990.0 1125.0 1260.0
990.0 1125.0 1260.0
990.0 1125.0 1260.0
990.0 1125.0 1260.0
990.0 1125.0 1260.0
990.0 1125.0 1260.0
990.0 1125.0 1260.0
990.0 1125.0 1260.0
990.0 1125.0 1260.0
990.0 1125.0 1260.0
990.0 1125.0 1260.0
990.0 1125.0 1260.0
990.0 1125.0 1260.0
990.0 1125.0 1260.0
990.0 1125.0 1260.0
990.0 1125.0 1260.0
990.0 1125.0 1260.0
990.0 1125.0 1260.0
990.0 1125.0 1260.0
990.0 1125.0 1260.0
990.0 1125.0 1260.0
990.0 1125.0 1260.0
990.0 1125.0 1260.0
990.0 1125.0 1260.0
990.0 1125.0 1260.0
990.0 1125.0 1260.0
990.0 1125.0 1260.0
990.0 1125.0 1260.0
990.0 1125.0 1260.0
990.0 1125.0 1260.0
990.0 1125.0 1260.0
990.0 1125.0 1260.0
990.0 1125.0 1260.0
990.0 1125.0 1260.0
990.0 1125.0 1260.0
990.0 1125.0 1260.0
990.0 1125.0 1260.0
990.0 1125.0 1260.0
990.0 1125.0 1260.0
990.0 1125.0 1260.0
990.0 1125.0 1260.0
990.0 1125.0 1260.0
990.0 1125.0 1260.0
990.0 1125.0 1260.0
990.0 1125.0 1260.0
990.0 1125.0 1260.0
990.0 1125.0 1260.0
990.0 1125.0 1260.0
990.0 1125.0 1260.0
990.0 1125.0 1260.0
990.0 1125.0 1260.0
990.0 1125.0 1260.0
990.0 1125.0 1260.0
990.0 1125.0 1260.0
990.0 1125.0 1260.0
990.0 1125.0 1260.0
990.0 1125.0 1260.0
990.0 996.5 1003.0
990.0 996.5 1003.0
990.0 996.5 1003.0
990.0 996.5 1003.0
990.0 996.5 1003.0
990.0 996.5 1003.0
990.0 996.5 1003.0
990.0 996.5 1003.0
990.0 996.5 1003.0
990.0 996.5 1003.0
990.0 996.5 1003.0
990.0 996.5 1003.0
990.0 996.5 1003.0
990.0 996.5 1003.0
990.0 996.5 1003.0
990.0 996.5 1003.0
990.0 996.5 1003.0
990.0 996.5 1003.0
990.0 996.5 1003.0
990.0 996.5 1003.0
990.0 996.5 1003.0
990.0 996.5 1003.0
990.0 996.5 1003.0
990.0 996.5 1003.0
990.0 996.5 1003.0
990.0 996.5 1003.0
990.0 996.5 1003.0
990.0 996.5 1003.0
990.0 996.5 1003.0
990.0 996.5 1003.0
990.0 996.5 1003.0
990.0 996.5 1003.0
990.0 996.5 1003.0
990.0 996.5 1003.0
990.0 996.5 1003.0
990.0 996.5 1003.0
990.0 996.5 1003.0
990.0 996.5 1003.0
990.0 996.5 1003.0
990.0 996.5 1003.0
990.0 996.5 1003.0
990.0 996.5 1003.0
990.0 996.5 1003.0
990.0 996.5 1003.0
990.0 996.5 1003.0
990.0 996.5 1003.0
990.0 996.5 1003.0
990.0 996.5 1003.0
990.0 996.5 1003.0
990.0 996.5 1003.0
990.0 996.5 1003.0
990.0 996.5 1003.0
990.0 996.5 1003.0
990.0 996.5 1003.0
990.0 996.5 1003.0
990.0 996.5 1003.0
990.0 996.5 1003.0
990.0 996.5 1003.0
990.0 996.5 1003.0
990.0 996.5 1003.0
990.0 996.5 1003.0
990.0 996.5 1003.0
990.0 996.5 1003.0
990.0 996.5 1003.0
990.0 996.5 1003.0
990.0 996.5 1003.0
990.0 996.5 1003.0
990.0 996.5 1003.0
990.0 996.5 1003.0
990.0 996.5 1003.0
990.0 996.5 1003.0
990.0 996.5 1003.0
990.0 996.5 1003.0
990.0 996.5 1003.0
990.0 996.5 1003.0
990.0 996.5 1003.0
990.0 996.5 1003.0
990.0 996.5 1003.0
990.0 996.5 1003.0
990.0 996.5 1003.0
990.0 996.5 1003.0
990.0 996.5 1003.0
990.0 996.5 1003.0
990.0 996.5 1003.0
990.0 996.5 1003.0
990.0 996.5 1003.0
