11509.0 12651.5 13794.0
8709.0 9496.0 10283.0
9210.0 9309.5 9409.0
4739.0 6080.5 7422.0
3709.0 4492.5 5276.0
2770.0 4023.0 5276.0
2400.0 3153.0 3906.0
2188.0 2287.0 2386.0
2148.0 2267.0 2386.0
1584.0 2089.0 2594.0
1944.0 2269.0 2594.0
1943.0 2147.5 2352.0
1943.0 2147.5 2352.0
1632.0 1787.5 1943.0
1632.0 1787.5 1943.0
1632.0 1787.5 1943.0
1533.0 1582.5 1632.0
1238.0 1435.0 1632.0
1238.0 1435.0 1632.0
1238.0 1435.0 1632.0
1238.0 1435.0 1632.0
1238.0 1435.0 1632.0
1238.0 1435.0 1632.0
1238.0 1435.0 1632.0
1238.0 1435.0 1632.0
1238.0 1435.0 1632.0
1238.0 1435.0 1632.0
1238.0 1435.0 1632.0
1238.0 1435.0 1632.0
1238.0 1435.0 1632.0
1238.0 1435.0 1632.0
1238.0 1435.0 1632.0
1238.0 1435.0 1632.0
1238.0 1435.0 1632.0
1238.0 1435.0 1632.0
1238.0 1435.0 1632.0
1238.0 1435.0 1632.0
1238.0 1435.0 1632.0
1238.0 1435.0 1632.0
1238.0 1435.0 1632.0
1238.0 1435.0 1632.0
1238.0 1435.0 1632.0
1238.0 1435.0 1632.0
1238.0 1435.0 1632.0
1238.0 1435.0 1632.0
1238.0 1435.0 1632.0
1238.0 1435.0 1632.0
1238.0 1435.0 1632.0
1238.0 1435.0 1632.0
1238.0 1435.0 1632.0
1238.0 1435.0 1632.0
1238.0 1435.0 1632.0
1238.0 1435.0 1632.0
1238.0 1435.0 1632.0
1238.0 1435.0 1632.0
1238.0 1435.0 1632.0
1238.0 1435.0 1632.0
1238.0 1435.0 1632.0
1238.0 1435.0 1632.0
1238.0 1435.0 1632.0
1238.0 1435.0 1632.0
1238.0 1435.0 1632.0
1238.0 1435.0 1632.0
1238.0 1435.0 1632.0
1238.0 1435.0 1632.0
1238.0 1435.0 1632.0
1238.0 1435.0 1632.0
1238.0 1435.0 1632.0
1238.0 1435.0 1632.0
1238.0 1435.0 1632.0
1238.0 1435.0 1632.0
1238.0 1435.0 1632.0
1238.0 1435.0 1632.0
1081.0 1159.5 1238.0
1081.0 1159.5 1238.0
1036.0 1137.0 1238.0
1036.0 1137.0 1238.0
1036.0 1137.0 1238.0
1036.0 1137.0 1238.0
1036.0 1137.0 1238.0
1036.0 1137.0 1238.0
1036.0 1137.0 1238.0
1036.0 1137.0 1238.0
1036.0 1137.0 1238.0
1036.0 1137.0 1238.0
1036.0 1137.0 1238.0
1036.0 1137.0 1238.0
1036.0 1137.0 1238.0
1036.0 1137.0 1238.0
1036.0 1137.0 1238.0
1036.0 1137.0 1238.0
1036.0 1137.0 1238.0
1036.0 1137.0 1238.0
1036.0 1137.0 1238.0
1036.0 1137.0 1238.0
1036.0 1137.0 1238.0
1036.0 1137.0 1238.0
1036.0 1137.0 1238.0
1036.0 1137.0 1238.0
1036.0 1137.0 1238.0
1036.0 1137.0 1238.0
1036.0 1137.0 1238.0
1036.0 1137.0 1238.0
1036.0 1137.0 1238.0
1036.0 1137.0 1238.0
1036.0 1137.0 1238.0
1036.0 1137.0 1238.0
1036.0 1137.0 1238.0
1036.0 1137.0 1238.0
1036.0 1137.0 1238.0
1036.0 1137.0 1238.0
1036.0 1137.0 1238.0
1036.0 1137.0 1238.0
1036.0 1137.0 1238.0
1036.0 1137.0 1238.0
1036.0 1137.0 1238.0
1036.0 1137.0 1238.0
1036.0 1137.0 1238.0
1036.0 1137.0 1238.0
1036.0 1137.0 1238.0
1036.0 1137.0 1238.0
1036.0 1137.0 1238.0
1036.0 1137.0 1238.0
1036.0 1137.0 1238.0
1036.0 1137.0 1238.0
1036.0 1137.0 1238.0
1036.0 1137.0 1238.0
1036.0 1137.0 1238.0
1036.0 1137.0 1238.0
1036.0 1137.0 1238.0
1036.0 1137.0 1238.0
1036.0 1137.0 1238.0
1036.0 1137.0 1238.0
1036.0 1137.0 1238.0
1036.0 1137.0 1238.0
1036.0 1137.0 1238.0
1036.0 1137.0 1238.0
1036.0 1137.0 1238.0
1036.0 1137.0 1238.0
1036.0 1137.0 1238.0
1036.0 1137.0 1238.0
1036.0 1137.0 1238.0
1036.0 1137.0 1238.0
1036.0 1137.0 1238.0
1036.0 1137.0 1238.0
1036.0 1137.0 1238.0
1036.0 1137.0 1238.0
1036.0 1137.0 1238.0
1036.0 1137.0 1238.0
1036.0 1137.0 1238.0
1036.0 1137.0 1238.0
1036.0 1137.0 1238.0
1036.0 1137.0 1238.0
1036.0 1137.0 1238.0
1036.0 1137.0 1238.0
1036.0 1137.0 1238.0
1036.0 1137.0 1238.0
1036.0 1137.0 1238.0
1036.0 1137.0 1238.0
1036.0 1137.0 1238.0
1036.0 1137.0 1238.0
1036.0 1137.0 1238.0
1036.0 1137.0 1238.0
1036.0 1137.0 1238.0
1036.0 1137.0 1238.0
1036.0 1137.0 1238.0
1036.0 1137.0 1238.0
1036.0 1137.0 1238.0
1036.0 1137.0 1238.0
1036.0 1137.0 1238.0
1036.0 1137.0 1238.0
1036.0 1137.0 1238.0
1036.0 1137.0 1238.0
1036.0 1137.0 1238.0
1036.0 1137.0 1238.0
1036.0 1137.0 1238.0
1036.0 1137.0 1238.0
1036.0 1137.0 1238.0
1036.0 1137.0 1238.0
1036.0 1137.0 1238.0
1036.0 1137.0 1238.0
1036.0 1137.0 1238.0
1036.0 1137.0 1238.0
1036.0 1137.0 1238.0
1036.0 1137.0 1238.0
1036.0 1137.0 1238.0
1036.0 1137.0 1238.0
1036.0 1137.0 1238.0
1036.0 1137.0 1238.0
1036.0 1137.0 1238.0
1036.0 1137.0 1238.0
1036.0 1137.0 1238.0
1036.0 1137.0 1238.0
1036.0 1137.0 1238.0
1036.0 1137.0 1238.0
1036.0 1137.0 1238.0
1036.0 1137.0 1238.0
1036.0 1137.0 1238.0
1036.0 1137.0 1238.0
1036.0 1137.0 1238.0
