14075.0 14211.5 14348.0
8891.0 9325.5 9760.0
7738.0 7913.0 8088.0
6984.0 7108.0 7232.0
5064.0 5141.5 5219.0
4850.0 5154.0 5458.0
3300.0 3508.0 3716.0
2685.0 2712.0 2739.0
2100.0 2135.0 2170.0
1716.0 1908.0 2100.0
1614.0 1803.5 1993.0
1742.0 1785.0 1828.0
1326.0 1577.0 1828.0
1136.0 1231.0 1326.0
1136.0 1182.5 1229.0
1136.0 1182.5 1229.0
1094.0 1115.0 1136.0
1094.0 1115.0 1136.0
1094.0 1115.0 1136.0
1094.0 1115.0 1136.0
1094.0 1115.0 1136.0
1094.0 1115.0 1136.0
1094.0 1115.0 1136.0
1094.0 1115.0 1136.0
1094.0 1115.0 1136.0
1094.0 1115.0 1136.0
1094.0 1115.0 1136.0
1094.0 1115.0 1136.0
1094.0 1115.0 1136.0
1094.0 1115.0 1136.0
1094.0 1115.0 1136.0
1094.0 1115.0 1136.0
1094.0 1115.0 1136.0
1094.0 1115.0 1136.0
1094.0 1115.0 1136.0
1094.0 1115.0 1136.0
1094.0 1115.0 1136.0
1094.0 1115.0 1136.0
1094.0 1115.0 1136.0
1094.0 1115.0 1136.0
1094.0 1115.0 1136.0
1094.0 1115.0 1136.0
1094.0 1115.0 1136.0
1094.0 1115.0 1136.0
1094.0 1115.0 1136.0
1094.0 1115.0 1136.0
1094.0 1115.0 1136.0
1094.0 1115.0 1136.0
1094.0 1115.0 1136.0
1094.0 1115.0 1136.0
1094.0 1115.0 1136.0
1094.0 1115.0 1136.0
1094.0 1115.0 1136.0
1094.0 1115.0 1136.0
1094.0 1115.0 1136.0
1094.0 1115.0 1136.0
1094.0 1115.0 1136.0
1094.0 1115.0 1136.0
1094.0 1115.0 1136.0
1094.0 1115.0 1136.0
1094.0 1115.0 1136.0
1094.0 1115.0 1136.0
1094.0 1115.0 1136.0
1094.0 1115.0 1136.0
1094.0 1115.0 1136.0
1094.0 1115.0 1136.0
1094.0 1115.0 1136.0
1094.0 1115.0 1136.0
1094.0 1115.0 1136.0
1094.0 1115.0 1136.0
1094.0 1115.0 1136.0
1094.0 1115.0 1136.0
1094.0 1115.0 1136.0
1094.0 1115.0 1136.0
1094.0 1115.0 1136.0
1094.0 1115.0 1136.0
1094.0 1115.0 1136.0
1094.0 1115.0 1136.0
1094.0 1115.0 1136.0
1094.0 1115.0 1136.0
1094.0 1115.0 1136.0
1094.0 1115.0 1136.0
1094.0 1115.0 1136.0
1094.0 1115.0 1136.0
1094.0 1115.0 1136.0
1094.0 1115.0 1136.0
1094.0 1115.0 1136.0
1094.0 1115.0 1136.0
1094.0 1115.0 1136.0
1094.0 1115.0 1136.0
1094.0 1115.0 1136.0
1094.0 1115.0 1136.0
1094.0 1115.0 1136.0
1094.0 1115.0 1136.0
1094.0 1115.0 1136.0
1017.0 1055.5 1094.0
1017.0 1055.5 1094.0
1017.0 1055.5 1094.0
1017.0 1055.5 1094.0
1017.0 1055.5 1094.0
1017.0 1055.5 1094.0
1017.0 1055.5 1094.0
1017.0 1055.5 1094.0
1017.0 1055.5 1094.0
1017.0 1055.5 1094.0
1017.0 1055.5 1094.0
1017.0 1055.5 1094.0
1017.0 1055.5 1094.0
1017.0 1055.5 1094.0
1017.0 1055.5 1094.0
1017.0 1055.5 1094.0
1017.0 1055.5 1094.0
1017.0 1055.5 1094.0
1017.0 1055.5 1094.0
1017.0 1055.5 1094.0
1017.0 1055.5 1094.0
1017.0 1055.5 1094.0
1017.0 1055.5 1094.0
1017.0 1055.5 1094.0
1017.0 1055.5 1094.0
1025.0 1059.5 1094.0
1025.0 1059.5 1094.0
789.0 941.5 1094.0
789.0 941.5 1094.0
789.0 941.5 1094.0
789.0 941.5 1094.0
789.0 941.5 1094.0
789.0 941.5 1094.0
789.0 941.5 1094.0
789.0 941.5 1094.0
789.0 941.5 1094.0
789.0 941.5 1094.0
789.0 941.5 1094.0
789.0 941.5 1094.0
789.0 941.5 1094.0
789.0 941.5 1094.0
789.0 941.5 1094.0
789.0 941.5 1094.0
789.0 941.5 1094.0
789.0 941.5 1094.0
789.0 941.5 1094.0
789.0 941.5 1094.0
789.0 941.5 1094.0
789.0 941.5 1094.0
789.0 941.5 1094.0
789.0 941.5 1094.0
789.0 941.5 1094.0
789.0 941.5 1094.0
789.0 941.5 1094.0
789.0 941.5 1094.0
789.0 941.5 1094.0
789.0 941.5 1094.0
789.0 941.5 1094.0
789.0 941.5 1094.0
789.0 941.5 1094.0
789.0 941.5 1094.0
789.0 941.5 1094.0
789.0 941.5 1094.0
789.0 941.5 1094.0
789.0 941.5 1094.0
789.0 941.5 1094.0
789.0 941.5 1094.0
789.0 941.5 1094.0
789.0 941.5 1094.0
789.0 941.5 1094.0
789.0 941.5 1094.0
789.0 941.5 1094.0
789.0 941.5 1094.0
789.0 941.5 1094.0
789.0 941.5 1094.0
789.0 941.5 1094.0
789.0 941.5 1094.0
789.0 941.5 1094.0
789.0 941.5 1094.0
789.0 941.5 1094.0
789.0 941.5 1094.0
789.0 941.5 1094.0
789.0 941.5 1094.0
789.0 941.5 1094.0
789.0 941.5 1094.0
789.0 941.5 1094.0
789.0 941.5 1094.0
789.0 941.5 1094.0
789.0 941.5 1094.0
789.0 941.5 1094.0
789.0 941.5 1094.0
789.0 941.5 1094.0
789.0 941.5 1094.0
789.0 941.5 1094.0
789.0 941.5 1094.0
789.0 941.5 1094.0
789.0 941.5 1094.0
789.0 941.5 1094.0
789.0 941.5 1094.0
789.0 941.5 1094.0
789.0 941.5 1094.0
789.0 941.5 1094.0
789.0 941.5 1094.0
789.0 941.5 1094.0
789.0 941.5 1094.0
