12699.0 13273.0 13847.0
9611.0 10159.0 10707.0
9025.0 9553.5 10082.0
4961.0 6450.0 7939.0
4807.0 4884.0 4961.0
2873.0 3219.5 3566.0
2873.0 3071.5 3270.0
2496.0 2715.0 2934.0
2496.0 2715.0 2934.0
1898.0 1995.5 2093.0
1634.0 1659.5 1685.0
1577.0 1646.0 1715.0
1577.0 1646.0 1715.0
1154.0 1522.0 1890.0
1154.0 1431.0 1708.0
1154.0 1431.0 1708.0
1154.0 1431.0 1708.0
1154.0 1431.0 1708.0
1154.0 1431.0 1708.0
1154.0 1431.0 1708.0
1151.0 1152.5 1154.0
1151.0 1152.5 1154.0
1151.0 1152.5 1154.0
1151.0 1152.5 1154.0
1151.0 1152.5 1154.0
1151.0 1152.5 1154.0
1151.0 1152.5 1154.0
1151.0 1152.5 1154.0
1151.0 1152.5 1154.0
1151.0 1152.5 1154.0
1151.0 1152.5 1154.0
1151.0 1152.5 1154.0
1151.0 1152.5 1154.0
1151.0 1152.5 1154.0
1151.0 1152.5 1154.0
1151.0 1152.5 1154.0
1151.0 1152.5 1154.0
1151.0 1152.5 1154.0
1151.0 1152.5 1154.0
1151.0 1152.5 1154.0
1151.0 1152.5 1154.0
1151.0 1152.5 1154.0
1151.0 1152.5 1154.0
1151.0 1152.5 1154.0
1151.0 1152.5 1154.0
1151.0 1152.5 1154.0
1151.0 1152.5 1154.0
1151.0 1152.5 1154.0
1151.0 1152.5 1154.0
1151.0 1152.5 1154.0
1151.0 1152.5 1154.0
1151.0 1152.5 1154.0
1151.0 1152.5 1154.0
1151.0 1152.5 1154.0
1151.0 1152.5 1154.0
1151.0 1152.5 1154.0
1151.0 1152.5 1154.0
1151.0 1152.5 1154.0
1151.0 1152.5 1154.0
1151.0 1152.5 1154.0
1151.0 1152.5 1154.0
1151.0 1152.5 1154.0
1151.0 1152.5 1154.0
1151.0 1152.5 1154.0
1151.0 1152.5 1154.0
1151.0 1152.5 1154.0
1151.0 1152.5 1154.0
1151.0 1152.5 1154.0
1151.0 1152.5 1154.0
1151.0 1152.5 1154.0
1151.0 1152.5 1154.0
1151.0 1152.5 1154.0
1151.0 1152.5 1154.0
1151.0 1152.5 1154.0
1151.0 1152.5 1154.0
1151.0 1152.5 1154.0
1151.0 1152.5 1154.0
1151.0 1152.5 1154.0
1151.0 1152.5 1154.0
1151.0 1152.5 1154.0
1151.0 1152.5 1154.0
1151.0 1152.5 1154.0
1151.0 1152.5 1154.0
1151.0 1152.5 1154.0
1151.0 1152.5 1154.0
1151.0 1152.5 1154.0
1151.0 1152.5 1154.0
1151.0 1152.5 1154.0
1151.0 1152.5 1154.0
1151.0 1152.5 1154.0
1151.0 1152.5 1154.0
1151.0 1152.5 1154.0
1151.0 1152.5 1154.0
1151.0 1152.5 1154.0
1151.0 1152.5 1154.0
1151.0 1152.5 1154.0
1151.0 1152.5 1154.0
1151.0 1152.5 1154.0
1151.0 1152.5 1154.0
1151.0 1152.5 1154.0
1151.0 1152.5 1154.0
1151.0 1152.5 1154.0
1151.0 1152.5 1154.0
1151.0 1152.5 1154.0
1151.0 1152.5 1154.0
1151.0 1152.5 1154.0
1154.0 1274.5 1395.0
1154.0 1274.5 1395.0
1154.0 1274.5 1395.0
1154.0 1274.5 1395.0
1154.0 1274.5 1395.0
1154.0 1274.5 1395.0
1154.0 1274.5 1395.0
1154.0 1274.5 1395.0
1154.0 1274.5 1395.0
1154.0 1274.5 1395.0
1154.0 1274.5 1395.0
1154.0 1274.5 1395.0
1154.0 1274.5 1395.0
1154.0 1274.5 1395.0
1154.0 1274.5 1395.0
1154.0 1274.5 1395.0
1154.0 1274.5 1395.0
1154.0 1274.5 1395.0
1154.0 1274.5 1395.0
1154.0 1274.5 1395.0
1154.0 1274.5 1395.0
1154.0 1274.5 1395.0
1154.0 1274.5 1395.0
1154.0 1274.5 1395.0
1154.0 1274.5 1395.0
1154.0 1274.5 1395.0
1154.0 1274.5 1395.0
1154.0 1274.5 1395.0
1154.0 1274.5 1395.0
1154.0 1274.5 1395.0
1154.0 1274.5 1395.0
1154.0 1274.5 1395.0
1154.0 1274.5 1395.0
1154.0 1274.5 1395.0
1154.0 1274.5 1395.0
1154.0 1274.5 1395.0
1154.0 1274.5 1395.0
1154.0 1274.5 1395.0
1154.0 1274.5 1395.0
1154.0 1274.5 1395.0
1154.0 1274.5 1395.0
1154.0 1274.5 1395.0
1154.0 1274.5 1395.0
1154.0 1274.5 1395.0
1154.0 1274.5 1395.0
1154.0 1274.5 1395.0
1154.0 1274.5 1395.0
1154.0 1274.5 1395.0
1154.0 1274.5 1395.0
1154.0 1274.5 1395.0
1154.0 1274.5 1395.0
1154.0 1274.5 1395.0
1154.0 1274.5 1395.0
1154.0 1274.5 1395.0
1154.0 1274.5 1395.0
1154.0 1274.5 1395.0
1154.0 1274.5 1395.0
1154.0 1274.5 1395.0
1154.0 1274.5 1395.0
1154.0 1274.5 1395.0
1154.0 1274.5 1395.0
1154.0 1274.5 1395.0
1154.0 1274.5 1395.0
1154.0 1274.5 1395.0
1154.0 1274.5 1395.0
1154.0 1274.5 1395.0
1154.0 1274.5 1395.0
1154.0 1274.5 1395.0
1154.0 1274.5 1395.0
1154.0 1274.5 1395.0
1154.0 1274.5 1395.0
1154.0 1274.5 1395.0
1154.0 1274.5 1395.0
1154.0 1274.5 1395.0
1154.0 1274.5 1395.0
1154.0 1274.5 1395.0
1154.0 1274.5 1395.0
1154.0 1274.5 1395.0
1154.0 1274.5 1395.0
1154.0 1274.5 1395.0
1154.0 1274.5 1395.0
1154.0 1274.5 1395.0
1154.0 1274.5 1395.0
1154.0 1274.5 1395.0
1154.0 1274.5 1395.0
1154.0 1274.5 1395.0
1154.0 1274.5 1395.0
1154.0 1274.5 1395.0
1154.0 1274.5 1395.0
1154.0 1274.5 1395.0
1154.0 1274.5 1395.0
1154.0 1274.5 1395.0
1154.0 1274.5 1395.0
1154.0 1274.5 1395.0
