13930.0 14041.5 14153.0
10467.0 12203.5 13940.0
7552.0 8709.5 9867.0
7231.0 7391.5 7552.0
6238.0 6409.0 6580.0
4407.0 5004.5 5602.0
3131.0 4274.5 5418.0
3131.0 3455.5 3780.0
2849.0 3191.5 3534.0
2919.0 2932.5 2946.0
1893.0 2157.5 2422.0
2077.0 2113.5 2150.0
2077.0 2113.5 2150.0
1837.0 1993.5 2150.0
1837.0 1993.5 2150.0
1837.0 1993.5 2150.0
1837.0 1993.5 2150.0
1837.0 1993.5 2150.0
1694.0 1922.0 2150.0
1050.0 1600.0 2150.0
1050.0 1600.0 2150.0
1050.0 1600.0 2150.0
1050.0 1661.5 2273.0
1050.0 1661.5 2273.0
1050.0 1600.0 2150.0
1050.0 1600.0 2150.0
1050.0 1600.0 2150.0
1050.0 1600.0 2150.0
1050.0 1600.0 2150.0
1050.0 1600.0 2150.0
1050.0 1600.0 2150.0
1050.0 1529.0 2008.0
1050.0 1532.0 2014.0
1050.0 1532.0 2014.0
1050.0 1532.0 2014.0
1050.0 1532.0 2014.0
1050.0 1532.0 2014.0
1050.0 1532.0 2014.0
1050.0 1532.0 2014.0
1050.0 1532.0 2014.0
1050.0 1532.0 2014.0
1050.0 1532.0 2014.0
1050.0 1532.0 2014.0
1050.0 1532.0 2014.0
1050.0 1532.0 2014.0
1050.0 1532.0 2014.0
1050.0 1532.0 2014.0
1050.0 1532.0 2014.0
1050.0 1532.0 2014.0
1050.0 1532.0 2014.0
1050.0 1532.0 2014.0
1050.0 1532.0 2014.0
1050.0 1532.0 2014.0
1050.0 1532.0 2014.0
1050.0 1532.0 2014.0
1050.0 1532.0 2014.0
1050.0 1532.0 2014.0
1050.0 1092.0 1134.0
1050.0 1092.0 1134.0
1050.0 1092.0 1134.0
1050.0 1092.0 1134.0
1050.0 1092.0 1134.0
1050.0 1092.0 1134.0
1050.0 1092.0 1134.0
1050.0 1092.0 1134.0
1050.0 1092.0 1134.0
1050.0 1088.5 1127.0
1050.0 1088.5 1127.0
845.0 947.5 1050.0
845.0 947.5 1050.0
679.0 864.5 1050.0
679.0 864.5 1050.0
679.0 864.5 1050.0
679.0 864.5 1050.0
679.0 864.5 1050.0
679.0 864.5 1050.0
679.0 864.5 1050.0
679.0 864.5 1050.0
679.0 864.5 1050.0
679.0 864.5 1050.0
679.0 864.5 1050.0
679.0 864.5 1050.0
679.0 864.5 1050.0
679.0 864.5 1050.0
679.0 864.5 1050.0
679.0 864.5 1050.0
679.0 864.5 1050.0
679.0 864.5 1050.0
679.0 864.5 1050.0
679.0 864.5 1050.0
679.0 864.5 1050.0
679.0 864.5 1050.0
679.0 864.5 1050.0
679.0 864.5 1050.0
679.0 864.5 1050.0
679.0 864.5 1050.0
679.0 864.5 1050.0
679.0 864.5 1050.0
679.0 864.5 1050.0
679.0 864.5 1050.0
679.0 864.5 1050.0
679.0 864.5 1050.0
679.0 864.5 1050.0
679.0 864.5 1050.0
679.0 864.5 1050.0
679.0 864.5 1050.0
679.0 864.5 1050.0
679.0 864.5 1050.0
679.0 864.5 1050.0
679.0 864.5 1050.0
679.0 864.5 1050.0
679.0 864.5 1050.0
679.0 864.5 1050.0
679.0 864.5 1050.0
679.0 864.5 1050.0
679.0 864.5 1050.0
679.0 864.5 1050.0
679.0 864.5 1050.0
679.0 864.5 1050.0
679.0 864.5 1050.0
679.0 864.5 1050.0
679.0 864.5 1050.0
679.0 864.5 1050.0
679.0 864.5 1050.0
679.0 864.5 1050.0
679.0 864.5 1050.0
679.0 864.5 1050.0
679.0 864.5 1050.0
679.0 864.5 1050.0
679.0 864.5 1050.0
679.0 864.5 1050.0
679.0 864.5 1050.0
679.0 864.5 1050.0
679.0 864.5 1050.0
679.0 864.5 1050.0
679.0 864.5 1050.0
679.0 864.5 1050.0
679.0 864.5 1050.0
679.0 864.5 1050.0
679.0 864.5 1050.0
679.0 864.5 1050.0
679.0 864.5 1050.0
679.0 864.5 1050.0
679.0 864.5 1050.0
679.0 864.5 1050.0
679.0 864.5 1050.0
679.0 864.5 1050.0
679.0 864.5 1050.0
679.0 864.5 1050.0
679.0 864.5 1050.0
679.0 864.5 1050.0
679.0 864.5 1050.0
679.0 864.5 1050.0
679.0 864.5 1050.0
679.0 864.5 1050.0
679.0 864.5 1050.0
679.0 864.5 1050.0
679.0 864.5 1050.0
679.0 864.5 1050.0
679.0 864.5 1050.0
679.0 864.5 1050.0
679.0 864.5 1050.0
679.0 864.5 1050.0
679.0 864.5 1050.0
679.0 864.5 1050.0
679.0 864.5 1050.0
679.0 864.5 1050.0
679.0 864.5 1050.0
679.0 864.5 1050.0
679.0 864.5 1050.0
679.0 864.5 1050.0
679.0 864.5 1050.0
679.0 864.5 1050.0
679.0 864.5 1050.0
679.0 864.5 1050.0
679.0 864.5 1050.0
679.0 864.5 1050.0
679.0 864.5 1050.0
679.0 864.5 1050.0
679.0 864.5 1050.0
679.0 864.5 1050.0
679.0 864.5 1050.0
679.0 864.5 1050.0
679.0 864.5 1050.0
679.0 864.5 1050.0
679.0 864.5 1050.0
679.0 864.5 1050.0
679.0 864.5 1050.0
679.0 864.5 1050.0
679.0 864.5 1050.0
679.0 864.5 1050.0
679.0 864.5 1050.0
679.0 864.5 1050.0
679.0 864.5 1050.0
679.0 864.5 1050.0
679.0 864.5 1050.0
679.0 864.5 1050.0
679.0 864.5 1050.0
679.0 864.5 1050.0
679.0 864.5 1050.0
