10314.0 12691.5 15069.0
7561.0 9677.0 11793.0
7257.0 8651.5 10046.0
5579.0 7078.0 8577.0
4986.0 6703.5 8421.0
4986.0 6191.5 7397.0
5761.0 6771.0 7781.0
3351.0 4789.5 6228.0
3351.0 4966.0 6581.0
3578.0 5110.0 6642.0
2714.0 3556.5 4399.0
2517.0 3457.5 4398.0
2672.0 3535.0 4398.0
2672.0 3535.0 4398.0
2672.0 3535.0 4398.0
2672.0 3535.0 4398.0
2672.0 3535.0 4398.0
2672.0 3045.0 3418.0
2672.0 2783.5 2895.0
2672.0 3044.5 3417.0
2120.0 2396.0 2672.0
2120.0 2396.0 2672.0
2120.0 2396.0 2672.0
2120.0 2396.0 2672.0
2120.0 2396.0 2672.0
1787.0 1953.5 2120.0
1787.0 1953.5 2120.0
1787.0 1953.5 2120.0
1787.0 1953.5 2120.0
1787.0 1953.5 2120.0
1787.0 1953.5 2120.0
1787.0 1953.5 2120.0
1787.0 1953.5 2120.0
1787.0 1953.5 2120.0
1787.0 1953.5 2120.0
1787.0 1953.5 2120.0
1787.0 1953.5 2120.0
1787.0 1953.5 2120.0
1787.0 1953.5 2120.0
1787.0 1953.5 2120.0
1787.0 1953.5 2120.0
1787.0 1953.5 2120.0
1787.0 1953.5 2120.0
1787.0 1953.5 2120.0
1787.0 1953.5 2120.0
1787.0 1953.5 2120.0
1787.0 1953.5 2120.0
1787.0 1953.5 2120.0
1787.0 1953.5 2120.0
1787.0 1953.5 2120.0
1787.0 1953.5 2120.0
1787.0 1953.5 2120.0
1787.0 1953.5 2120.0
1787.0 1953.5 2120.0
1787.0 1953.5 2120.0
1787.0 1953.5 2120.0
1787.0 1953.5 2120.0
1787.0 1953.5 2120.0
1787.0 1953.5 2120.0
1787.0 1953.5 2120.0
1787.0 1953.5 2120.0
1787.0 1953.5 2120.0
1787.0 1953.5 2120.0
1787.0 1953.5 2120.0
1787.0 1953.5 2120.0
1787.0 1953.5 2120.0
1787.0 1953.5 2120.0
1787.0 1953.5 2120.0
1787.0 1953.5 2120.0
1787.0 1953.5 2120.0
1787.0 1953.5 2120.0
1787.0 1953.5 2120.0
1787.0 1953.5 2120.0
1787.0 1953.5 2120.0
1787.0 1953.5 2120.0
1787.0 1953.5 2120.0
1961.0 2040.5 2120.0
1961.0 2040.5 2120.0
1961.0 2040.5 2120.0
1961.0 2040.5 2120.0
1961.0 2040.5 2120.0
1961.0 2040.5 2120.0
1961.0 2040.5 2120.0
1961.0 2040.5 2120.0
1961.0 2040.5 2120.0
1961.0 2040.5 2120.0
1961.0 2040.5 2120.0
1961.0 2040.5 2120.0
1961.0 2040.5 2120.0
1961.0 2040.5 2120.0
1961.0 2040.5 2120.0
1961.0 2040.5 2120.0
1961.0 2040.5 2120.0
1961.0 2040.5 2120.0
1961.0 2040.5 2120.0
1961.0 2040.5 2120.0
1961.0 2040.5 2120.0
1961.0 2040.5 2120.0
1961.0 2040.5 2120.0
1961.0 2040.5 2120.0
1961.0 2040.5 2120.0
1961.0 2040.5 2120.0
1961.0 2040.5 2120.0
1961.0 2040.5 2120.0
1961.0 2040.5 2120.0
1961.0 2040.5 2120.0
1961.0 2040.5 2120.0
1961.0 2040.5 2120.0
1961.0 2040.5 2120.0
1961.0 2040.5 2120.0
1961.0 2040.5 2120.0
1961.0 2040.5 2120.0
1961.0 2040.5 2120.0
1961.0 2040.5 2120.0
1961.0 2040.5 2120.0
1961.0 2040.5 2120.0
1961.0 2040.5 2120.0
1961.0 2040.5 2120.0
1961.0 2040.5 2120.0
1715.0 1917.5 2120.0
1715.0 1917.5 2120.0
1715.0 1917.5 2120.0
1715.0 1725.0 1735.0
1715.0 1725.0 1735.0
1715.0 1725.0 1735.0
1715.0 1725.0 1735.0
1715.0 1725.0 1735.0
1715.0 1725.0 1735.0
1715.0 1725.0 1735.0
1715.0 1725.0 1735.0
1715.0 1725.0 1735.0
1715.0 1725.0 1735.0
1715.0 1725.0 1735.0
1715.0 1725.0 1735.0
1715.0 1725.0 1735.0
1715.0 1725.0 1735.0
1715.0 1725.0 1735.0
1715.0 1725.0 1735.0
1715.0 1725.0 1735.0
1715.0 1725.0 1735.0
1715.0 1725.0 1735.0
1715.0 1725.0 1735.0
1715.0 1725.0 1735.0
1715.0 1725.0 1735.0
1715.0 1725.0 1735.0
1715.0 1725.0 1735.0
1715.0 1725.0 1735.0
1715.0 1725.0 1735.0
1715.0 1725.0 1735.0
1715.0 1725.0 1735.0
1715.0 1725.0 1735.0
1715.0 1725.0 1735.0
1715.0 1725.0 1735.0
1715.0 1725.0 1735.0
1715.0 1725.0 1735.0
1715.0 1725.0 1735.0
1715.0 1725.0 1735.0
1715.0 1725.0 1735.0
1715.0 1725.0 1735.0
1715.0 1725.0 1735.0
1715.0 1725.0 1735.0
1715.0 1725.0 1735.0
1715.0 1725.0 1735.0
1715.0 1725.0 1735.0
1715.0 1725.0 1735.0
1715.0 1725.0 1735.0
1715.0 1725.0 1735.0
1715.0 1725.0 1735.0
1715.0 1725.0 1735.0
1715.0 1725.0 1735.0
1715.0 1725.0 1735.0
1715.0 1725.0 1735.0
1715.0 1725.0 1735.0
1715.0 1725.0 1735.0
1715.0 1725.0 1735.0
1715.0 1725.0 1735.0
1715.0 1725.0 1735.0
1715.0 1725.0 1735.0
1715.0 1725.0 1735.0
1715.0 1725.0 1735.0
1715.0 1725.0 1735.0
1715.0 1725.0 1735.0
1715.0 1725.0 1735.0
1715.0 1725.0 1735.0
1715.0 1725.0 1735.0
1715.0 1725.0 1735.0
1715.0 1725.0 1735.0
1715.0 1725.0 1735.0
1715.0 1725.0 1735.0
1715.0 1725.0 1735.0
1715.0 1725.0 1735.0
1715.0 1725.0 1735.0
1715.0 1725.0 1735.0
1715.0 1725.0 1735.0
1715.0 1725.0 1735.0
1715.0 1725.0 1735.0
1715.0 1725.0 1735.0
1715.0 1725.0 1735.0
1715.0 1725.0 1735.0
1715.0 1725.0 1735.0
