15107.0 16252.0 17397.0
13924.0 15618.5 17313.0
11524.0 12616.0 13708.0
10596.0 10677.0 10758.0
6842.0 7305.0 7768.0
5009.0 5594.5 6180.0
3842.0 5011.0 6180.0
3842.0 4525.0 5208.0
3172.0 3568.5 3965.0
3172.0 3568.5 3965.0
2890.0 3344.5 3799.0
2065.0 2491.5 2918.0
2065.0 2758.0 3451.0
2065.0 2422.5 2780.0
2065.0 2162.0 2259.0
2065.0 2158.5 2252.0
2065.0 2158.5 2252.0
2065.0 2158.5 2252.0
2065.0 2158.5 2252.0
2065.0 2158.5 2252.0
2065.0 2158.5 2252.0
2065.0 2158.5 2252.0
2065.0 2158.5 2252.0
2065.0 2158.5 2252.0
2065.0 2158.5 2252.0
2065.0 2158.5 2252.0
2252.0 2283.5 2315.0
1464.0 1848.0 2232.0
1463.0 1847.5 2232.0
1463.0 1847.5 2232.0
1463.0 1847.5 2232.0
1463.0 1847.5 2232.0
1463.0 1682.0 1901.0
1463.0 1682.0 1901.0
1463.0 1682.0 1901.0
1463.0 1682.0 1901.0
1463.0 1682.0 1901.0
1463.0 1682.0 1901.0
1463.0 1682.0 1901.0
1463.0 1682.0 1901.0
1463.0 1682.0 1901.0
1463.0 1682.0 1901.0
1463.0 1682.0 1901.0
1463.0 1682.0 1901.0
1463.0 1682.0 1901.0
1463.0 1682.0 1901.0
1463.0 1682.0 1901.0
1463.0 1682.0 1901.0
1463.0 1682.0 1901.0
1463.0 1682.0 1901.0
1463.0 1682.0 1901.0
1463.0 1682.0 1901.0
1463.0 1682.0 1901.0
1463.0 1682.0 1901.0
1463.0 1682.0 1901.0
1463.0 1682.0 1901.0
1463.0 1682.0 1901.0
1463.0 1682.0 1901.0
1463.0 1682.0 1901.0
1463.0 1682.0 1901.0
1463.0 1682.0 1901.0
1463.0 1682.0 1901.0
1463.0 1682.0 1901.0
1463.0 1682.0 1901.0
1463.0 1682.0 1901.0
1463.0 1682.0 1901.0
1463.0 1682.0 1901.0
1463.0 1682.0 1901.0
1463.0 1682.0 1901.0
1463.0 1682.0 1901.0
1463.0 1682.0 1901.0
1463.0 1682.0 1901.0
1463.0 1682.0 1901.0
1463.0 1682.0 1901.0
1463.0 1682.0 1901.0
1463.0 1682.0 1901.0
1463.0 1682.0 1901.0
1463.0 1682.0 1901.0
1463.0 1682.0 1901.0
1463.0 1682.0 1901.0
1463.0 1682.0 1901.0
1463.0 1682.0 1901.0
1463.0 1682.0 1901.0
1463.0 1682.0 1901.0
1463.0 1682.0 1901.0
1463.0 1682.0 1901.0
1463.0 1682.0 1901.0
1463.0 1682.0 1901.0
1463.0 1682.0 1901.0
1463.0 1682.0 1901.0
1463.0 1682.0 1901.0
1463.0 1682.0 1901.0
1463.0 1682.0 1901.0
1463.0 1682.0 1901.0
1463.0 1682.0 1901.0
1463.0 1682.0 1901.0
1463.0 1682.0 1901.0
1463.0 1682.0 1901.0
1463.0 1682.0 1901.0
1463.0 1682.0 1901.0
1463.0 1682.0 1901.0
1463.0 1682.0 1901.0
1463.0 1682.0 1901.0
1463.0 1682.0 1901.0
1463.0 1682.0 1901.0
1463.0 1682.0 1901.0
1463.0 1682.0 1901.0
1463.0 1682.0 1901.0
1463.0 1682.0 1901.0
1463.0 1682.0 1901.0
1463.0 1682.0 1901.0
1463.0 1682.0 1901.0
1463.0 1682.0 1901.0
1463.0 1682.0 1901.0
1463.0 1682.0 1901.0
1463.0 1682.0 1901.0
1463.0 1682.0 1901.0
1463.0 1682.0 1901.0
1463.0 1682.0 1901.0
1463.0 1682.0 1901.0
1463.0 1682.0 1901.0
1463.0 1682.0 1901.0
1463.0 1682.0 1901.0
1463.0 1682.0 1901.0
1463.0 1682.0 1901.0
1463.0 1682.0 1901.0
1463.0 1682.0 1901.0
1463.0 1682.0 1901.0
1463.0 1682.0 1901.0
1463.0 1682.0 1901.0
1463.0 1682.0 1901.0
1463.0 1682.0 1901.0
1463.0 1682.0 1901.0
1463.0 1682.0 1901.0
1463.0 1682.0 1901.0
1463.0 1682.0 1901.0
1463.0 1682.0 1901.0
1463.0 1682.0 1901.0
1463.0 1682.0 1901.0
1463.0 1682.0 1901.0
1463.0 1682.0 1901.0
1463.0 1682.0 1901.0
1463.0 1682.0 1901.0
1463.0 1682.0 1901.0
1463.0 1682.0 1901.0
1463.0 1682.0 1901.0
1463.0 1682.0 1901.0
1463.0 1682.0 1901.0
1463.0 1682.0 1901.0
1463.0 1682.0 1901.0
1463.0 1682.0 1901.0
1291.0 1596.0 1901.0
1291.0 1596.0 1901.0
1291.0 1596.0 1901.0
1291.0 1596.0 1901.0
1291.0 1596.0 1901.0
1291.0 1596.0 1901.0
1291.0 1596.0 1901.0
1291.0 1596.0 1901.0
1291.0 1596.0 1901.0
1291.0 1596.0 1901.0
1291.0 1596.0 1901.0
1291.0 1596.0 1901.0
1291.0 1596.0 1901.0
1291.0 1596.0 1901.0
1291.0 1596.0 1901.0
1291.0 1596.0 1901.0
1291.0 1596.0 1901.0
1291.0 1596.0 1901.0
1291.0 1596.0 1901.0
1291.0 1596.0 1901.0
1291.0 1596.0 1901.0
1291.0 1596.0 1901.0
1291.0 1596.0 1901.0
1291.0 1596.0 1901.0
1291.0 1596.0 1901.0
1291.0 1596.0 1901.0
1291.0 1596.0 1901.0
1291.0 1596.0 1901.0
1291.0 1596.0 1901.0
1291.0 1596.0 1901.0
1291.0 1596.0 1901.0
1291.0 1596.0 1901.0
1291.0 1596.0 1901.0
1291.0 1596.0 1901.0
1291.0 1596.0 1901.0
1291.0 1596.0 1901.0
1291.0 1596.0 1901.0
1291.0 1596.0 1901.0
1291.0 1596.0 1901.0
1291.0 1596.0 1901.0
1291.0 1596.0 1901.0
1291.0 1596.0 1901.0
1291.0 1596.0 1901.0
1291.0 1596.0 1901.0
1291.0 1596.0 1901.0
1291.0 1596.0 1901.0
1291.0 1596.0 1901.0
1291.0 1596.0 1901.0
1291.0 1596.0 1901.0
