13168.0 13887.0 14606.0
11485.0 11669.5 11854.0
9462.0 10038.0 10614.0
7958.0 8796.0 9634.0
7954.0 7956.0 7958.0
6469.0 7138.0 7807.0
4955.0 5881.0 6807.0
5175.0 5470.5 5766.0
4289.0 4412.5 4536.0
4536.0 4600.0 4664.0
3070.0 3210.5 3351.0
2784.0 3067.5 3351.0
2784.0 3067.5 3351.0
2784.0 3067.5 3351.0
2784.0 3067.5 3351.0
2784.0 3067.5 3351.0
2784.0 2856.0 2928.0
2079.0 2431.5 2784.0
2079.0 2431.5 2784.0
2079.0 2431.5 2784.0
2079.0 2431.5 2784.0
2079.0 2431.5 2784.0
2079.0 2431.5 2784.0
2044.0 2061.5 2079.0
2044.0 2227.0 2410.0
2044.0 2227.0 2410.0
2044.0 2227.0 2410.0
2044.0 2227.0 2410.0
2044.0 2227.0 2410.0
2044.0 2227.0 2410.0
2044.0 2227.0 2410.0
2044.0 2227.0 2410.0
2044.0 2227.0 2410.0
2044.0 2227.0 2410.0
2044.0 2227.0 2410.0
2044.0 2227.0 2410.0
1561.0 1802.5 2044.0
1561.0 1802.5 2044.0
1561.0 1802.5 2044.0
1561.0 1802.5 2044.0
1561.0 1802.5 2044.0
1561.0 1802.5 2044.0
1561.0 1802.5 2044.0
1561.0 1802.5 2044.0
1561.0 1802.5 2044.0
1561.0 1802.5 2044.0
1561.0 1802.5 2044.0
1561.0 1802.5 2044.0
1561.0 1802.5 2044.0
1561.0 1802.5 2044.0
1561.0 1802.5 2044.0
1561.0 1756.0 1951.0
1561.0 1630.5 1700.0
1561.0 1630.5 1700.0
1561.0 1630.5 1700.0
1561.0 1630.5 1700.0
1561.0 1630.5 1700.0
1561.0 1630.5 1700.0
1561.0 1630.5 1700.0
1561.0 1630.5 1700.0
1561.0 1630.5 1700.0
1561.0 1630.5 1700.0
1561.0 1630.5 1700.0
1561.0 1630.5 1700.0
1561.0 1630.5 1700.0
1561.0 1630.5 1700.0
1561.0 1630.5 1700.0
1561.0 1630.5 1700.0
1561.0 1630.5 1700.0
1561.0 1630.5 1700.0
1561.0 1630.5 1700.0
1561.0 1630.5 1700.0
1561.0 1630.5 1700.0
1561.0 1630.5 1700.0
1561.0 1630.5 1700.0
1561.0 1630.5 1700.0
1561.0 1630.5 1700.0
1561.0 1630.5 1700.0
1561.0 1630.5 1700.0
1561.0 1630.5 1700.0
1561.0 1630.5 1700.0
1561.0 1630.5 1700.0
1561.0 1630.5 1700.0
1561.0 1630.5 1700.0
1561.0 1630.5 1700.0
1561.0 1630.5 1700.0
1561.0 1630.5 1700.0
1561.0 1630.5 1700.0
1561.0 1630.5 1700.0
1561.0 1630.5 1700.0
1561.0 1630.5 1700.0
1561.0 1630.5 1700.0
1561.0 1630.5 1700.0
1561.0 1630.5 1700.0
1561.0 1630.5 1700.0
1561.0 1630.5 1700.0
1561.0 1630.5 1700.0
1561.0 1630.5 1700.0
1561.0 1630.5 1700.0
1561.0 1630.5 1700.0
1561.0 1630.5 1700.0
1561.0 1630.5 1700.0
1561.0 1630.5 1700.0
1561.0 1630.5 1700.0
1561.0 1630.5 1700.0
1561.0 1630.5 1700.0
1561.0 1630.5 1700.0
1561.0 1630.5 1700.0
1561.0 1630.5 1700.0
1561.0 1630.5 1700.0
1561.0 1630.5 1700.0
1561.0 1630.5 1700.0
1561.0 1630.5 1700.0
1561.0 1630.5 1700.0
1561.0 1630.5 1700.0
1561.0 1630.5 1700.0
1561.0 1630.5 1700.0
1561.0 1630.5 1700.0
1561.0 1630.5 1700.0
1561.0 1630.5 1700.0
1561.0 1630.5 1700.0
1561.0 1630.5 1700.0
1561.0 1630.5 1700.0
1561.0 1630.5 1700.0
1561.0 1630.5 1700.0
1561.0 1630.5 1700.0
1561.0 1630.5 1700.0
1561.0 1630.5 1700.0
1561.0 1630.5 1700.0
1561.0 1630.5 1700.0
1561.0 1630.5 1700.0
1561.0 1630.5 1700.0
1561.0 1630.5 1700.0
1561.0 1630.5 1700.0
1561.0 1630.5 1700.0
1561.0 1630.5 1700.0
1561.0 1630.5 1700.0
1561.0 1630.5 1700.0
1561.0 1630.5 1700.0
1561.0 1630.5 1700.0
1561.0 1630.5 1700.0
1561.0 1630.5 1700.0
1561.0 1630.5 1700.0
1561.0 1630.5 1700.0
1561.0 1630.5 1700.0
1561.0 1630.5 1700.0
1561.0 1630.5 1700.0
1561.0 1630.5 1700.0
1561.0 1630.5 1700.0
1561.0 1630.5 1700.0
1561.0 1630.5 1700.0
1561.0 1630.5 1700.0
1561.0 1630.5 1700.0
1561.0 1630.5 1700.0
1561.0 1630.5 1700.0
1561.0 1630.5 1700.0
1561.0 1630.5 1700.0
1561.0 1630.5 1700.0
1561.0 1630.5 1700.0
1561.0 1630.5 1700.0
1561.0 1630.5 1700.0
1561.0 1630.5 1700.0
1561.0 1630.5 1700.0
1561.0 1630.5 1700.0
1561.0 1630.5 1700.0
1561.0 1630.5 1700.0
1561.0 1630.5 1700.0
1561.0 1630.5 1700.0
1561.0 1630.5 1700.0
1561.0 1630.5 1700.0
1561.0 1630.5 1700.0
1561.0 1630.5 1700.0
1561.0 1630.5 1700.0
1561.0 1630.5 1700.0
1561.0 1630.5 1700.0
1561.0 1630.5 1700.0
1561.0 1630.5 1700.0
1561.0 1630.5 1700.0
1561.0 1630.5 1700.0
1561.0 1630.5 1700.0
1561.0 1630.5 1700.0
1561.0 1630.5 1700.0
1561.0 1630.5 1700.0
1561.0 1630.5 1700.0
1561.0 1630.5 1700.0
1561.0 1630.5 1700.0
1561.0 1630.5 1700.0
1561.0 1630.5 1700.0
1561.0 1630.5 1700.0
1561.0 1630.5 1700.0
1561.0 1630.5 1700.0
1561.0 1630.5 1700.0
1561.0 1630.5 1700.0
1561.0 1630.5 1700.0
1561.0 1630.5 1700.0
1561.0 1630.5 1700.0
1561.0 1630.5 1700.0
1561.0 1630.5 1700.0
1561.0 1630.5 1700.0
1561.0 1630.5 1700.0
