10010.0 10583.0 11156.0
9096.0 10590.5 12085.0
7122.0 8358.5 9595.0
5227.0 5367.5 5508.0
3133.0 3917.5 4702.0
3133.0 3625.0 4117.0
2952.0 3321.5 3691.0
2608.0 2623.5 2639.0
1920.0 2150.0 2380.0
1920.0 2150.0 2380.0
1704.0 1796.0 1888.0
1226.0 1465.0 1704.0
1226.0 1465.0 1704.0
976.0 1312.5 1649.0
976.0 1140.0 1304.0
976.0 1140.0 1304.0
976.0 1140.0 1304.0
976.0 1140.0 1304.0
976.0 1140.0 1304.0
976.0 1140.0 1304.0
976.0 1140.0 1304.0
976.0 1140.0 1304.0
976.0 1140.0 1304.0
976.0 1140.0 1304.0
976.0 1140.0 1304.0
976.0 1140.0 1304.0
976.0 1140.0 1304.0
976.0 1140.0 1304.0
976.0 1140.0 1304.0
976.0 1140.0 1304.0
976.0 1140.0 1304.0
976.0 1140.0 1304.0
976.0 1140.0 1304.0
976.0 1140.0 1304.0
976.0 1140.0 1304.0
976.0 1140.0 1304.0
976.0 1140.0 1304.0
976.0 1140.0 1304.0
976.0 1140.0 1304.0
976.0 1140.0 1304.0
976.0 1140.0 1304.0
976.0 1140.0 1304.0
976.0 1140.0 1304.0
976.0 1140.0 1304.0
976.0 1140.0 1304.0
976.0 1140.0 1304.0
976.0 1140.0 1304.0
976.0 1140.0 1304.0
976.0 1140.0 1304.0
976.0 1043.5 1111.0
976.0 1043.5 1111.0
937.0 956.5 976.0
813.0 894.5 976.0
713.0 844.5 976.0
713.0 844.5 976.0
713.0 844.5 976.0
713.0 844.5 976.0
713.0 844.5 976.0
713.0 844.5 976.0
713.0 844.5 976.0
713.0 844.5 976.0
713.0 844.5 976.0
713.0 844.5 976.0
713.0 844.5 976.0
713.0 844.5 976.0
713.0 844.5 976.0
713.0 844.5 976.0
713.0 844.5 976.0
713.0 844.5 976.0
713.0 844.5 976.0
713.0 844.5 976.0
713.0 844.5 976.0
713.0 844.5 976.0
713.0 844.5 976.0
713.0 844.5 976.0
713.0 844.5 976.0
713.0 844.5 976.0
713.0 844.5 976.0
713.0 844.5 976.0
713.0 844.5 976.0
713.0 844.5 976.0
713.0 844.5 976.0
713.0 844.5 976.0
713.0 844.5 976.0
713.0 844.5 976.0
713.0 844.5 976.0
713.0 844.5 976.0
713.0 844.5 976.0
713.0 844.5 976.0
713.0 844.5 976.0
713.0 844.5 976.0
713.0 844.5 976.0
713.0 844.5 976.0
713.0 844.5 976.0
713.0 844.5 976.0
713.0 844.5 976.0
713.0 844.5 976.0
713.0 844.5 976.0
713.0 844.5 976.0
713.0 844.5 976.0
713.0 844.5 976.0
713.0 844.5 976.0
713.0 844.5 976.0
713.0 844.5 976.0
713.0 844.5 976.0
713.0 844.5 976.0
713.0 844.5 976.0
713.0 844.5 976.0
713.0 844.5 976.0
713.0 844.5 976.0
713.0 844.5 976.0
713.0 844.5 976.0
713.0 844.5 976.0
713.0 844.5 976.0
713.0 844.5 976.0
713.0 844.5 976.0
713.0 844.5 976.0
713.0 844.5 976.0
713.0 844.5 976.0
713.0 844.5 976.0
713.0 844.5 976.0
713.0 844.5 976.0
713.0 844.5 976.0
713.0 844.5 976.0
713.0 844.5 976.0
713.0 844.5 976.0
713.0 844.5 976.0
713.0 844.5 976.0
713.0 844.5 976.0
713.0 844.5 976.0
713.0 844.5 976.0
713.0 844.5 976.0
713.0 844.5 976.0
713.0 844.5 976.0
713.0 844.5 976.0
713.0 844.5 976.0
713.0 844.5 976.0
713.0 844.5 976.0
713.0 844.5 976.0
713.0 844.5 976.0
713.0 844.5 976.0
713.0 844.5 976.0
713.0 844.5 976.0
713.0 844.5 976.0
713.0 844.5 976.0
713.0 844.5 976.0
713.0 844.5 976.0
713.0 844.5 976.0
713.0 844.5 976.0
713.0 844.5 976.0
713.0 844.5 976.0
713.0 844.5 976.0
713.0 844.5 976.0
713.0 844.5 976.0
713.0 844.5 976.0
713.0 844.5 976.0
713.0 844.5 976.0
713.0 844.5 976.0
713.0 844.5 976.0
713.0 844.5 976.0
713.0 844.5 976.0
713.0 844.5 976.0
713.0 844.5 976.0
713.0 844.5 976.0
713.0 844.5 976.0
713.0 844.5 976.0
713.0 844.5 976.0
713.0 844.5 976.0
713.0 844.5 976.0
713.0 844.5 976.0
713.0 844.5 976.0
713.0 844.5 976.0
713.0 844.5 976.0
713.0 844.5 976.0
713.0 844.5 976.0
713.0 844.5 976.0
713.0 844.5 976.0
713.0 844.5 976.0
713.0 844.5 976.0
713.0 844.5 976.0
713.0 844.5 976.0
713.0 844.5 976.0
713.0 844.5 976.0
713.0 844.5 976.0
713.0 844.5 976.0
713.0 844.5 976.0
713.0 844.5 976.0
713.0 844.5 976.0
713.0 844.5 976.0
713.0 844.5 976.0
713.0 844.5 976.0
713.0 844.5 976.0
713.0 844.5 976.0
713.0 844.5 976.0
713.0 844.5 976.0
713.0 844.5 976.0
713.0 844.5 976.0
713.0 844.5 976.0
713.0 844.5 976.0
713.0 844.5 976.0
