9720.0 10984.5 12249.0
8301.0 9473.5 10646.0
7737.0 8954.5 10172.0
5046.0 5897.0 6748.0
4127.0 5182.0 6237.0
2422.0 3193.0 3964.0
2422.0 2722.5 3023.0
1678.0 2731.0 3784.0
1678.0 2289.5 2901.0
1599.0 2250.0 2901.0
1599.0 1602.0 1605.0
1527.0 1566.0 1605.0
1252.0 1376.5 1501.0
1236.0 1244.0 1252.0
1088.0 1170.0 1252.0
1002.0 1127.0 1252.0
1002.0 1127.0 1252.0
973.0 1112.5 1252.0
973.0 1112.5 1252.0
973.0 1112.5 1252.0
973.0 1112.5 1252.0
973.0 1112.5 1252.0
973.0 1112.5 1252.0
973.0 1112.5 1252.0
973.0 1112.5 1252.0
973.0 1112.5 1252.0
973.0 1112.5 1252.0
973.0 1112.5 1252.0
973.0 1112.5 1252.0
973.0 1112.5 1252.0
973.0 1112.5 1252.0
973.0 1112.5 1252.0
973.0 1112.5 1252.0
973.0 1112.5 1252.0
973.0 1112.5 1252.0
973.0 1112.5 1252.0
973.0 1304.5 1636.0
973.0 1304.5 1636.0
973.0 1304.5 1636.0
973.0 1304.5 1636.0
973.0 1304.5 1636.0
973.0 1304.5 1636.0
973.0 1304.5 1636.0
973.0 1304.5 1636.0
973.0 1304.5 1636.0
973.0 1304.5 1636.0
973.0 1304.5 1636.0
973.0 1304.5 1636.0
973.0 1304.5 1636.0
973.0 1304.5 1636.0
973.0 1304.5 1636.0
973.0 1304.5 1636.0
973.0 1304.5 1636.0
973.0 1304.5 1636.0
973.0 1304.5 1636.0
973.0 1304.5 1636.0
973.0 1304.5 1636.0
973.0 1304.5 1636.0
973.0 1304.5 1636.0
973.0 1304.5 1636.0
973.0 1304.5 1636.0
973.0 1304.5 1636.0
973.0 1304.5 1636.0
973.0 1304.5 1636.0
973.0 1304.5 1636.0
973.0 1304.5 1636.0
973.0 1304.5 1636.0
973.0 1304.5 1636.0
973.0 1304.5 1636.0
973.0 1304.5 1636.0
973.0 1304.5 1636.0
973.0 1304.5 1636.0
973.0 1304.5 1636.0
973.0 1304.5 1636.0
973.0 1304.5 1636.0
973.0 1304.5 1636.0
973.0 1304.5 1636.0
973.0 1304.5 1636.0
973.0 1304.5 1636.0
973.0 1304.5 1636.0
973.0 1304.5 1636.0
973.0 1304.5 1636.0
973.0 1304.5 1636.0
973.0 1304.5 1636.0
973.0 1304.5 1636.0
973.0 1304.5 1636.0
973.0 1304.5 1636.0
973.0 1304.5 1636.0
973.0 1304.5 1636.0
973.0 1304.5 1636.0
973.0 1304.5 1636.0
973.0 1304.5 1636.0
973.0 1304.5 1636.0
973.0 1304.5 1636.0
973.0 1304.5 1636.0
973.0 1304.5 1636.0
973.0 1304.5 1636.0
973.0 1304.5 1636.0
973.0 1304.5 1636.0
973.0 1304.5 1636.0
973.0 1304.5 1636.0
973.0 1304.5 1636.0
973.0 1304.5 1636.0
973.0 1304.5 1636.0
973.0 1304.5 1636.0
973.0 1304.5 1636.0
973.0 1304.5 1636.0
973.0 1304.5 1636.0
973.0 1304.5 1636.0
973.0 1304.5 1636.0
973.0 1304.5 1636.0
973.0 1304.5 1636.0
973.0 1099.5 1226.0
973.0 1058.0 1143.0
973.0 1099.5 1226.0
798.0 885.5 973.0
798.0 885.5 973.0
798.0 885.5 973.0
798.0 885.5 973.0
798.0 885.5 973.0
798.0 885.5 973.0
798.0 885.5 973.0
798.0 885.5 973.0
798.0 885.5 973.0
798.0 885.5 973.0
798.0 885.5 973.0
798.0 885.5 973.0
798.0 885.5 973.0
798.0 885.5 973.0
798.0 885.5 973.0
798.0 885.5 973.0
798.0 885.5 973.0
798.0 885.5 973.0
798.0 885.5 973.0
798.0 885.5 973.0
798.0 885.5 973.0
798.0 885.5 973.0
798.0 885.5 973.0
798.0 885.5 973.0
798.0 885.5 973.0
798.0 885.5 973.0
798.0 885.5 973.0
798.0 885.5 973.0
798.0 885.5 973.0
798.0 885.5 973.0
798.0 885.5 973.0
798.0 885.5 973.0
798.0 885.5 973.0
798.0 885.5 973.0
798.0 885.5 973.0
798.0 885.5 973.0
798.0 885.5 973.0
798.0 885.5 973.0
798.0 885.5 973.0
798.0 885.5 973.0
798.0 885.5 973.0
798.0 885.5 973.0
798.0 885.5 973.0
798.0 885.5 973.0
798.0 885.5 973.0
798.0 885.5 973.0
798.0 885.5 973.0
798.0 885.5 973.0
798.0 885.5 973.0
798.0 885.5 973.0
798.0 885.5 973.0
798.0 885.5 973.0
798.0 885.5 973.0
798.0 885.5 973.0
798.0 885.5 973.0
798.0 885.5 973.0
798.0 885.5 973.0
798.0 885.5 973.0
798.0 885.5 973.0
798.0 885.5 973.0
798.0 885.5 973.0
798.0 885.5 973.0
798.0 885.5 973.0
798.0 885.5 973.0
798.0 885.5 973.0
798.0 885.5 973.0
798.0 885.5 973.0
798.0 885.5 973.0
798.0 885.5 973.0
798.0 885.5 973.0
798.0 885.5 973.0
798.0 885.5 973.0
798.0 885.5 973.0
798.0 885.5 973.0
798.0 885.5 973.0
798.0 885.5 973.0
798.0 885.5 973.0
798.0 885.5 973.0
798.0 885.5 973.0
798.0 885.5 973.0
798.0 885.5 973.0
798.0 885.5 973.0
798.0 885.5 973.0
798.0 885.5 973.0
798.0 885.5 973.0
