11012.0 14477.5 17943.0
11812.0 14011.5 16211.0
11175.0 11996.5 12818.0
8535.0 10231.0 11927.0
8704.0 9623.0 10542.0
6911.0 6911.5 6912.0
4071.0 4645.0 5219.0
4071.0 4809.0 5547.0
3957.0 4014.0 4071.0
3824.0 3974.5 4125.0
2688.0 3438.5 4189.0
1927.0 2798.5 3670.0
1927.0 2779.5 3632.0
2233.0 2503.0 2773.0
2413.0 2580.5 2748.0
2360.0 2386.5 2413.0
2360.0 2386.5 2413.0
2360.0 2386.5 2413.0
2360.0 2386.5 2413.0
2360.0 2386.5 2413.0
2360.0 2386.5 2413.0
2360.0 2386.5 2413.0
1390.0 1901.5 2413.0
1390.0 1901.5 2413.0
1390.0 1901.5 2413.0
1390.0 1901.5 2413.0
1390.0 1901.5 2413.0
1390.0 1901.5 2413.0
1390.0 1901.5 2413.0
1390.0 1901.5 2413.0
1390.0 1901.5 2413.0
1390.0 1901.5 2413.0
1390.0 1901.5 2413.0
1390.0 1901.5 2413.0
1390.0 1901.5 2413.0
1390.0 1901.5 2413.0
1390.0 1901.5 2413.0
1390.0 1901.5 2413.0
1390.0 1901.5 2413.0
1390.0 1901.5 2413.0
1390.0 1901.5 2413.0
1390.0 1901.5 2413.0
1390.0 1901.5 2413.0
1390.0 1901.5 2413.0
1390.0 1901.5 2413.0
1390.0 1901.5 2413.0
1390.0 1901.5 2413.0
1390.0 1901.5 2413.0
1390.0 1901.5 2413.0
1390.0 1901.5 2413.0
1390.0 1901.5 2413.0
1390.0 1901.5 2413.0
1390.0 1901.5 2413.0
1390.0 1901.5 2413.0
1390.0 1901.5 2413.0
1390.0 1901.5 2413.0
1390.0 1901.5 2413.0
1390.0 1901.5 2413.0
1390.0 1901.5 2413.0
1390.0 1901.5 2413.0
1390.0 1901.5 2413.0
1390.0 1901.5 2413.0
1390.0 1901.5 2413.0
1390.0 1901.5 2413.0
1390.0 1901.5 2413.0
1390.0 1901.5 2413.0
1390.0 1901.5 2413.0
1390.0 1901.5 2413.0
1390.0 1901.5 2413.0
1390.0 1901.5 2413.0
1390.0 1901.5 2413.0
1390.0 1901.5 2413.0
1390.0 1901.5 2413.0
1390.0 1901.5 2413.0
1390.0 1901.5 2413.0
1390.0 1901.5 2413.0
1390.0 1901.5 2413.0
1390.0 1901.5 2413.0
1390.0 1901.5 2413.0
1390.0 1901.5 2413.0
1390.0 1901.5 2413.0
1390.0 1901.5 2413.0
1390.0 1901.5 2413.0
1390.0 1901.5 2413.0
1390.0 1901.5 2413.0
1390.0 1901.5 2413.0
1390.0 1901.5 2413.0
1390.0 1901.5 2413.0
1390.0 1901.5 2413.0
1390.0 1901.5 2413.0
1390.0 1901.5 2413.0
1390.0 1901.5 2413.0
1390.0 1901.5 2413.0
1390.0 1901.5 2413.0
1390.0 1901.5 2413.0
1390.0 1901.5 2413.0
1390.0 1901.5 2413.0
1390.0 1901.5 2413.0
1390.0 1901.5 2413.0
1390.0 1901.5 2413.0
1390.0 1901.5 2413.0
1412.0 1912.5 2413.0
1412.0 1912.5 2413.0
1412.0 1912.5 2413.0
1412.0 1912.5 2413.0
1412.0 1912.5 2413.0
1412.0 1912.5 2413.0
1412.0 1912.5 2413.0
1412.0 1912.5 2413.0
1412.0 1912.5 2413.0
1412.0 1912.5 2413.0
1412.0 1912.5 2413.0
1412.0 1912.5 2413.0
1412.0 1912.5 2413.0
1412.0 1912.5 2413.0
1412.0 1912.5 2413.0
1412.0 1912.5 2413.0
1412.0 1912.5 2413.0
1412.0 1912.5 2413.0
1412.0 1912.5 2413.0
1412.0 1912.5 2413.0
1412.0 1912.5 2413.0
1412.0 1912.5 2413.0
1412.0 1912.5 2413.0
1412.0 1912.5 2413.0
1412.0 1912.5 2413.0
1412.0 1912.5 2413.0
1412.0 1912.5 2413.0
1412.0 1912.5 2413.0
1412.0 1912.5 2413.0
1412.0 1912.5 2413.0
1412.0 1912.5 2413.0
1412.0 1912.5 2413.0
1412.0 1912.5 2413.0
1412.0 1912.5 2413.0
1412.0 1912.5 2413.0
1412.0 1912.5 2413.0
1412.0 1912.5 2413.0
1412.0 1912.5 2413.0
1412.0 1912.5 2413.0
1412.0 1912.5 2413.0
1412.0 1912.5 2413.0
1412.0 1912.5 2413.0
1412.0 1912.5 2413.0
1412.0 1912.5 2413.0
1412.0 1912.5 2413.0
1412.0 1912.5 2413.0
1412.0 1912.5 2413.0
1412.0 1912.5 2413.0
1412.0 1912.5 2413.0
1412.0 1912.5 2413.0
1412.0 1912.5 2413.0
1412.0 1912.5 2413.0
1412.0 1912.5 2413.0
1412.0 1912.5 2413.0
1412.0 1912.5 2413.0
1412.0 1912.5 2413.0
1412.0 1912.5 2413.0
1412.0 1912.5 2413.0
1412.0 1912.5 2413.0
1412.0 1912.5 2413.0
1412.0 1912.5 2413.0
1412.0 1912.5 2413.0
1412.0 1912.5 2413.0
1412.0 1912.5 2413.0
1412.0 1912.5 2413.0
1412.0 1912.5 2413.0
1412.0 1912.5 2413.0
1412.0 1912.5 2413.0
1412.0 1912.5 2413.0
1412.0 1912.5 2413.0
1412.0 1912.5 2413.0
1412.0 1912.5 2413.0
1412.0 1912.5 2413.0
1412.0 1912.5 2413.0
1412.0 1912.5 2413.0
1412.0 1912.5 2413.0
1412.0 1912.5 2413.0
1412.0 1912.5 2413.0
1412.0 1912.5 2413.0
1412.0 1912.5 2413.0
1412.0 1912.5 2413.0
1412.0 1912.5 2413.0
1412.0 1912.5 2413.0
1412.0 1912.5 2413.0
1412.0 1912.5 2413.0
1412.0 1912.5 2413.0
1412.0 1912.5 2413.0
1412.0 1912.5 2413.0
1412.0 1912.5 2413.0
1412.0 1948.0 2484.0
1412.0 1621.0 1830.0
1412.0 1621.0 1830.0
1412.0 1621.0 1830.0
1412.0 1621.0 1830.0
1412.0 1621.0 1830.0
1412.0 1621.0 1830.0
1412.0 1621.0 1830.0
1412.0 1621.0 1830.0
1412.0 1621.0 1830.0
