9030.0 12201.5 15373.0
9550.0 10529.5 11509.0
7266.0 7773.5 8281.0
6979.0 8029.5 9080.0
4874.0 5518.5 6163.0
4425.0 4772.0 5119.0
3106.0 3670.5 4235.0
3106.0 3591.5 4077.0
2316.0 3196.5 4077.0
1820.0 2464.5 3109.0
1820.0 2312.0 2804.0
1820.0 2312.0 2804.0
1820.0 1923.0 2026.0
1742.0 1781.0 1820.0
1742.0 1781.0 1820.0
1457.0 1638.5 1820.0
1457.0 1638.5 1820.0
1457.0 1638.5 1820.0
1457.0 1638.5 1820.0
1457.0 1638.5 1820.0
1457.0 1638.5 1820.0
1457.0 1638.5 1820.0
1457.0 1638.5 1820.0
1457.0 1638.5 1820.0
1457.0 1638.5 1820.0
1457.0 1638.5 1820.0
1457.0 1638.5 1820.0
1457.0 1638.5 1820.0
1457.0 1638.5 1820.0
1457.0 1638.5 1820.0
1457.0 1638.5 1820.0
1457.0 1638.5 1820.0
1457.0 1638.5 1820.0
1457.0 1638.5 1820.0
1457.0 1638.5 1820.0
1457.0 1638.5 1820.0
1457.0 1638.5 1820.0
1457.0 1638.5 1820.0
1457.0 1567.0 1677.0
1457.0 1567.0 1677.0
1457.0 1567.0 1677.0
1457.0 1567.0 1677.0
1321.0 1389.0 1457.0
1321.0 1389.0 1457.0
1197.0 1327.0 1457.0
1197.0 1327.0 1457.0
1197.0 1327.0 1457.0
1197.0 1327.0 1457.0
1197.0 1327.0 1457.0
1197.0 1327.0 1457.0
1197.0 1327.0 1457.0
1197.0 1327.0 1457.0
1197.0 1327.0 1457.0
1197.0 1327.0 1457.0
1197.0 1327.0 1457.0
1197.0 1327.0 1457.0
1197.0 1327.0 1457.0
1197.0 1327.0 1457.0
1197.0 1327.0 1457.0
1197.0 1327.0 1457.0
1197.0 1363.0 1529.0
1197.0 1363.0 1529.0
1197.0 1363.0 1529.0
1197.0 1363.0 1529.0
1197.0 1363.0 1529.0
1197.0 1363.0 1529.0
1197.0 1363.0 1529.0
1197.0 1363.0 1529.0
1197.0 1363.0 1529.0
1197.0 1363.0 1529.0
1197.0 1363.0 1529.0
1197.0 1363.0 1529.0
1197.0 1363.0 1529.0
1197.0 1363.0 1529.0
1197.0 1363.0 1529.0
1197.0 1363.0 1529.0
1197.0 1363.0 1529.0
1197.0 1363.0 1529.0
1197.0 1363.0 1529.0
1197.0 1363.0 1529.0
1197.0 1363.0 1529.0
1197.0 1363.0 1529.0
1197.0 1363.0 1529.0
1197.0 1363.0 1529.0
1197.0 1363.0 1529.0
1197.0 1363.0 1529.0
1197.0 1363.0 1529.0
1197.0 1363.0 1529.0
1197.0 1363.0 1529.0
1197.0 1363.0 1529.0
1197.0 1363.0 1529.0
1197.0 1363.0 1529.0
1197.0 1363.0 1529.0
1197.0 1363.0 1529.0
1197.0 1363.0 1529.0
1197.0 1363.0 1529.0
1197.0 1363.0 1529.0
1197.0 1363.0 1529.0
1197.0 1363.0 1529.0
1197.0 1363.0 1529.0
1197.0 1363.0 1529.0
1197.0 1363.0 1529.0
1197.0 1363.0 1529.0
1197.0 1363.0 1529.0
1197.0 1363.0 1529.0
1197.0 1363.0 1529.0
1197.0 1363.0 1529.0
1197.0 1363.0 1529.0
1197.0 1363.0 1529.0
1197.0 1363.0 1529.0
1197.0 1363.0 1529.0
1197.0 1363.0 1529.0
1197.0 1363.0 1529.0
1197.0 1363.0 1529.0
1197.0 1363.0 1529.0
1197.0 1363.0 1529.0
1197.0 1363.0 1529.0
1197.0 1363.0 1529.0
1197.0 1363.0 1529.0
1197.0 1363.0 1529.0
1197.0 1363.0 1529.0
1197.0 1363.0 1529.0
1197.0 1363.0 1529.0
1197.0 1363.0 1529.0
1197.0 1363.0 1529.0
1197.0 1363.0 1529.0
1197.0 1363.0 1529.0
1197.0 1363.0 1529.0
1197.0 1363.0 1529.0
1197.0 1363.0 1529.0
1197.0 1363.0 1529.0
1197.0 1363.0 1529.0
1197.0 1363.0 1529.0
1197.0 1363.0 1529.0
1197.0 1363.0 1529.0
1197.0 1363.0 1529.0
1197.0 1363.0 1529.0
1197.0 1363.0 1529.0
1197.0 1363.0 1529.0
1197.0 1363.0 1529.0
1197.0 1363.0 1529.0
1197.0 1363.0 1529.0
1197.0 1363.0 1529.0
1197.0 1363.0 1529.0
1197.0 1363.0 1529.0
1197.0 1363.0 1529.0
1197.0 1363.0 1529.0
1197.0 1363.0 1529.0
1197.0 1363.0 1529.0
1197.0 1363.0 1529.0
1197.0 1363.0 1529.0
1197.0 1363.0 1529.0
1197.0 1363.0 1529.0
1197.0 1363.0 1529.0
1197.0 1363.0 1529.0
1197.0 1363.0 1529.0
1197.0 1363.0 1529.0
1197.0 1363.0 1529.0
1197.0 1363.0 1529.0
1197.0 1363.0 1529.0
1197.0 1363.0 1529.0
1197.0 1363.0 1529.0
1197.0 1363.0 1529.0
1197.0 1363.0 1529.0
1197.0 1363.0 1529.0
1197.0 1363.0 1529.0
1197.0 1363.0 1529.0
1197.0 1363.0 1529.0
1197.0 1363.0 1529.0
1197.0 1363.0 1529.0
1197.0 1363.0 1529.0
1197.0 1363.0 1529.0
1197.0 1363.0 1529.0
1197.0 1363.0 1529.0
1197.0 1363.0 1529.0
1197.0 1363.0 1529.0
1197.0 1363.0 1529.0
1197.0 1363.0 1529.0
1197.0 1363.0 1529.0
1197.0 1363.0 1529.0
1197.0 1363.0 1529.0
1197.0 1363.0 1529.0
1197.0 1363.0 1529.0
1197.0 1363.0 1529.0
1197.0 1363.0 1529.0
1197.0 1363.0 1529.0
1197.0 1363.0 1529.0
1197.0 1363.0 1529.0
1197.0 1363.0 1529.0
1197.0 1363.0 1529.0
1197.0 1363.0 1529.0
1197.0 1363.0 1529.0
1197.0 1363.0 1529.0
1197.0 1363.0 1529.0
1197.0 1363.0 1529.0
1197.0 1363.0 1529.0
1197.0 1363.0 1529.0
1197.0 1363.0 1529.0
1197.0 1363.0 1529.0
1197.0 1363.0 1529.0
