11726.0 14426.5 17127.0
11415.0 12935.0 14455.0
9195.0 10643.0 12091.0
6910.0 7917.0 8924.0
5263.0 6186.0 7109.0
5038.0 5236.5 5435.0
3876.0 4070.0 4264.0
3876.0 4052.5 4229.0
3132.0 3433.0 3734.0
2356.0 2453.5 2551.0
2356.0 2710.5 3065.0
2356.0 2710.5 3065.0
2265.0 2310.5 2356.0
1474.0 1915.0 2356.0
1474.0 1915.0 2356.0
1474.0 1915.0 2356.0
1474.0 1915.0 2356.0
1474.0 1915.0 2356.0
1474.0 1915.0 2356.0
1474.0 1915.0 2356.0
1474.0 1915.0 2356.0
1474.0 1915.0 2356.0
1474.0 1915.0 2356.0
1474.0 1915.0 2356.0
1474.0 1915.0 2356.0
1474.0 1915.0 2356.0
1474.0 1915.0 2356.0
1474.0 1915.0 2356.0
1474.0 1915.0 2356.0
1474.0 1915.0 2356.0
1474.0 1915.0 2356.0
1474.0 1915.0 2356.0
1474.0 1915.0 2356.0
1474.0 1915.0 2356.0
1474.0 1915.0 2356.0
1474.0 1915.0 2356.0
1474.0 1915.0 2356.0
1474.0 1915.0 2356.0
1474.0 1915.0 2356.0
1474.0 1915.0 2356.0
1474.0 1915.0 2356.0
1474.0 1915.0 2356.0
1474.0 1915.0 2356.0
1474.0 1915.0 2356.0
1474.0 1915.0 2356.0
1474.0 1915.0 2356.0
1474.0 1915.0 2356.0
1474.0 1915.0 2356.0
1474.0 1915.0 2356.0
1474.0 1915.0 2356.0
1474.0 1915.0 2356.0
1474.0 1915.0 2356.0
1474.0 1915.0 2356.0
1474.0 1915.0 2356.0
1474.0 1915.0 2356.0
1474.0 1915.0 2356.0
1474.0 1915.0 2356.0
1474.0 2072.5 2671.0
1474.0 2072.5 2671.0
1474.0 2072.5 2671.0
1474.0 2072.5 2671.0
1474.0 2072.5 2671.0
1474.0 2072.5 2671.0
1474.0 2072.5 2671.0
1474.0 2072.5 2671.0
1474.0 2072.5 2671.0
1474.0 2072.5 2671.0
1474.0 2072.5 2671.0
1474.0 2072.5 2671.0
1474.0 1756.5 2039.0
1474.0 1856.0 2238.0
1474.0 1531.0 1588.0
1474.0 1531.0 1588.0
1474.0 1531.0 1588.0
1474.0 1531.0 1588.0
1474.0 1531.0 1588.0
1474.0 1531.0 1588.0
1474.0 1531.0 1588.0
1474.0 1531.0 1588.0
1474.0 1531.0 1588.0
1474.0 1531.0 1588.0
1474.0 1531.0 1588.0
1474.0 1531.0 1588.0
1474.0 1531.0 1588.0
1474.0 1531.0 1588.0
1474.0 1531.0 1588.0
1474.0 1531.0 1588.0
1474.0 1531.0 1588.0
1474.0 1531.0 1588.0
1474.0 1531.0 1588.0
1474.0 1531.0 1588.0
1474.0 1531.0 1588.0
1474.0 1531.0 1588.0
1474.0 1531.0 1588.0
1474.0 1531.0 1588.0
1474.0 1531.0 1588.0
1474.0 1531.0 1588.0
1474.0 1531.0 1588.0
1474.0 1531.0 1588.0
1474.0 1531.0 1588.0
1474.0 1531.0 1588.0
1474.0 1531.0 1588.0
1474.0 1531.0 1588.0
1474.0 1531.0 1588.0
1474.0 1531.0 1588.0
1474.0 1531.0 1588.0
1474.0 1531.0 1588.0
1474.0 1531.0 1588.0
1474.0 1531.0 1588.0
1474.0 1531.0 1588.0
1474.0 1531.0 1588.0
1474.0 1531.0 1588.0
1474.0 1531.0 1588.0
1474.0 1531.0 1588.0
1474.0 1531.0 1588.0
1474.0 1531.0 1588.0
1474.0 1531.0 1588.0
1474.0 1531.0 1588.0
1474.0 1531.0 1588.0
1474.0 1531.0 1588.0
1474.0 1531.0 1588.0
1474.0 1531.0 1588.0
1474.0 1531.0 1588.0
1474.0 1531.0 1588.0
1474.0 1531.0 1588.0
1474.0 1531.0 1588.0
1474.0 1531.0 1588.0
1474.0 1531.0 1588.0
1474.0 1531.0 1588.0
1474.0 1531.0 1588.0
1474.0 1531.0 1588.0
1474.0 1531.0 1588.0
1474.0 1531.0 1588.0
1474.0 1531.0 1588.0
1474.0 1531.0 1588.0
1474.0 1531.0 1588.0
1474.0 1531.0 1588.0
1474.0 1531.0 1588.0
1474.0 1531.0 1588.0
1474.0 1531.0 1588.0
1474.0 1531.0 1588.0
1474.0 1531.0 1588.0
1474.0 1531.0 1588.0
1474.0 1531.0 1588.0
1474.0 1531.0 1588.0
1474.0 1531.0 1588.0
1474.0 1531.0 1588.0
1474.0 1531.0 1588.0
1474.0 1531.0 1588.0
1474.0 1531.0 1588.0
1474.0 1531.0 1588.0
1474.0 1531.0 1588.0
1474.0 1531.0 1588.0
1474.0 1531.0 1588.0
1474.0 1531.0 1588.0
1474.0 1531.0 1588.0
1474.0 1531.0 1588.0
1474.0 1531.0 1588.0
1474.0 1531.0 1588.0
1474.0 1531.0 1588.0
1474.0 1531.0 1588.0
1474.0 1531.0 1588.0
1474.0 1531.0 1588.0
1474.0 1531.0 1588.0
1474.0 1531.0 1588.0
1474.0 1531.0 1588.0
1474.0 1531.0 1588.0
1474.0 1531.0 1588.0
1474.0 1531.0 1588.0
1474.0 1531.0 1588.0
1474.0 1531.0 1588.0
1474.0 1531.0 1588.0
1474.0 1531.0 1588.0
1474.0 1531.0 1588.0
1474.0 1531.0 1588.0
1474.0 1531.0 1588.0
1474.0 1531.0 1588.0
1474.0 1531.0 1588.0
1474.0 1531.0 1588.0
1474.0 1531.0 1588.0
1474.0 1531.0 1588.0
1474.0 1531.0 1588.0
1474.0 1531.0 1588.0
1474.0 1531.0 1588.0
1474.0 1531.0 1588.0
1474.0 1531.0 1588.0
1474.0 1531.0 1588.0
1474.0 1531.0 1588.0
1474.0 1531.0 1588.0
1474.0 1531.0 1588.0
1474.0 1531.0 1588.0
1474.0 1531.0 1588.0
1474.0 1531.0 1588.0
1474.0 1531.0 1588.0
1474.0 1531.0 1588.0
1474.0 1531.0 1588.0
1474.0 1531.0 1588.0
1474.0 1531.0 1588.0
1474.0 1531.0 1588.0
1474.0 1531.0 1588.0
