12143.0 12898.5 13654.0
10324.0 10642.0 10960.0
8372.0 9854.0 11336.0
7439.0 8549.0 9659.0
7439.0 7641.5 7844.0
5648.0 6743.0 7838.0
3763.0 4311.5 4860.0
3763.0 3870.0 3977.0
3763.0 3870.0 3977.0
3723.0 4262.0 4801.0
3268.0 3514.5 3761.0
2634.0 2951.0 3268.0
2634.0 2951.0 3268.0
2634.0 2951.0 3268.0
2634.0 2951.0 3268.0
2634.0 2951.0 3268.0
2634.0 2951.0 3268.0
2634.0 2697.5 2761.0
2587.0 2610.5 2634.0
1776.0 2278.5 2781.0
1776.0 2018.0 2260.0
1776.0 1889.5 2003.0
1776.0 1889.5 2003.0
1776.0 1889.5 2003.0
1776.0 1889.5 2003.0
1776.0 1889.5 2003.0
1776.0 1889.5 2003.0
1776.0 1889.5 2003.0
1776.0 1889.5 2003.0
1776.0 1889.5 2003.0
1776.0 1889.5 2003.0
1776.0 1889.5 2003.0
1776.0 1889.5 2003.0
1776.0 1889.5 2003.0
1776.0 1889.5 2003.0
1776.0 1889.5 2003.0
1776.0 1889.5 2003.0
1776.0 1889.5 2003.0
1776.0 1889.5 2003.0
1776.0 1889.5 2003.0
1776.0 1889.5 2003.0
1776.0 1889.5 2003.0
1776.0 1889.5 2003.0
1776.0 2090.0 2404.0
1202.0 1489.0 1776.0
1202.0 1489.0 1776.0
1174.0 1188.0 1202.0
1202.0 1227.0 1252.0
1202.0 1227.0 1252.0
1202.0 1227.0 1252.0
1202.0 1227.0 1252.0
1202.0 1227.0 1252.0
1202.0 1227.0 1252.0
1202.0 1227.0 1252.0
1202.0 1227.0 1252.0
1202.0 1227.0 1252.0
1202.0 1227.0 1252.0
1202.0 1227.0 1252.0
1202.0 1227.0 1252.0
1202.0 1227.0 1252.0
1202.0 1227.0 1252.0
1202.0 1227.0 1252.0
1202.0 1227.0 1252.0
1202.0 1227.0 1252.0
1202.0 1227.0 1252.0
1202.0 1227.0 1252.0
1202.0 1227.0 1252.0
1202.0 1227.0 1252.0
1202.0 1227.0 1252.0
1202.0 1227.0 1252.0
1202.0 1227.0 1252.0
1202.0 1227.0 1252.0
1202.0 1227.0 1252.0
1202.0 1227.0 1252.0
1202.0 1227.0 1252.0
1202.0 1227.0 1252.0
1202.0 1227.0 1252.0
1202.0 1227.0 1252.0
1202.0 1227.0 1252.0
1202.0 1227.0 1252.0
1202.0 1227.0 1252.0
1202.0 1227.0 1252.0
1202.0 1227.0 1252.0
1202.0 1227.0 1252.0
1202.0 1227.0 1252.0
1202.0 1227.0 1252.0
1202.0 1227.0 1252.0
1202.0 1227.0 1252.0
1202.0 1227.0 1252.0
1202.0 1227.0 1252.0
1202.0 1227.0 1252.0
1202.0 1227.0 1252.0
1202.0 1227.0 1252.0
1202.0 1227.0 1252.0
1202.0 1227.0 1252.0
1202.0 1227.0 1252.0
1202.0 1227.0 1252.0
1202.0 1227.0 1252.0
1202.0 1227.0 1252.0
1202.0 1227.0 1252.0
1202.0 1227.0 1252.0
1202.0 1227.0 1252.0
1202.0 1227.0 1252.0
1202.0 1227.0 1252.0
1202.0 1227.0 1252.0
1202.0 1227.0 1252.0
1202.0 1227.0 1252.0
1202.0 1227.0 1252.0
1202.0 1227.0 1252.0
1202.0 1227.0 1252.0
1202.0 1227.0 1252.0
1202.0 1227.0 1252.0
1202.0 1227.0 1252.0
1202.0 1227.0 1252.0
1202.0 1227.0 1252.0
1202.0 1227.0 1252.0
1202.0 1227.0 1252.0
1202.0 1227.0 1252.0
1202.0 1227.0 1252.0
1202.0 1227.0 1252.0
1202.0 1227.0 1252.0
1202.0 1227.0 1252.0
1202.0 1227.0 1252.0
1202.0 1227.0 1252.0
1202.0 1227.0 1252.0
1202.0 1227.0 1252.0
1202.0 1227.0 1252.0
1202.0 1227.0 1252.0
1202.0 1227.0 1252.0
1202.0 1227.0 1252.0
1202.0 1227.0 1252.0
1202.0 1227.0 1252.0
1202.0 1227.0 1252.0
1202.0 1227.0 1252.0
1202.0 1227.0 1252.0
1202.0 1227.0 1252.0
1202.0 1227.0 1252.0
1202.0 1227.0 1252.0
1202.0 1227.0 1252.0
1202.0 1227.0 1252.0
1202.0 1227.0 1252.0
1202.0 1227.0 1252.0
1202.0 1227.0 1252.0
1202.0 1227.0 1252.0
1202.0 1227.0 1252.0
1202.0 1227.0 1252.0
1202.0 1227.0 1252.0
1202.0 1227.0 1252.0
1202.0 1227.0 1252.0
1202.0 1227.0 1252.0
1202.0 1227.0 1252.0
1202.0 1227.0 1252.0
1202.0 1227.0 1252.0
1202.0 1227.0 1252.0
1202.0 1227.0 1252.0
1202.0 1227.0 1252.0
1202.0 1227.0 1252.0
1202.0 1227.0 1252.0
1202.0 1227.0 1252.0
1202.0 1227.0 1252.0
1202.0 1227.0 1252.0
1202.0 1227.0 1252.0
1202.0 1227.0 1252.0
1202.0 1227.0 1252.0
1202.0 1227.0 1252.0
1202.0 1227.0 1252.0
1202.0 1227.0 1252.0
1202.0 1227.0 1252.0
1202.0 1227.0 1252.0
1202.0 1227.0 1252.0
1202.0 1227.0 1252.0
1202.0 1227.0 1252.0
1202.0 1227.0 1252.0
1202.0 1227.0 1252.0
1202.0 1227.0 1252.0
1202.0 1227.0 1252.0
1202.0 1227.0 1252.0
1202.0 1227.0 1252.0
1202.0 1227.0 1252.0
1202.0 1227.0 1252.0
1202.0 1227.0 1252.0
1202.0 1227.0 1252.0
1202.0 1227.0 1252.0
1202.0 1227.0 1252.0
1202.0 1227.0 1252.0
1202.0 1227.0 1252.0
1202.0 1227.0 1252.0
1202.0 1227.0 1252.0
1202.0 1227.0 1252.0
1202.0 1227.0 1252.0
1202.0 1227.0 1252.0
1202.0 1227.0 1252.0
1202.0 1227.0 1252.0
1202.0 1227.0 1252.0
1202.0 1227.0 1252.0
1202.0 1227.0 1252.0
1202.0 1227.0 1252.0
1202.0 1227.0 1252.0
1202.0 1227.0 1252.0
1202.0 1227.0 1252.0
