13389.0 14190.5 14992.0
10591.0 11448.0 12305.0
7908.0 8396.5 8885.0
6975.0 7381.0 7787.0
6231.0 6684.0 7137.0
2879.0 3513.5 4148.0
2879.0 3034.0 3189.0
2879.0 3034.0 3189.0
2520.0 2699.5 2879.0
2520.0 2699.5 2879.0
2520.0 2699.5 2879.0
2745.0 2812.0 2879.0
2343.0 2611.0 2879.0
1827.0 2353.0 2879.0
1827.0 2353.0 2879.0
1827.0 2353.0 2879.0
1827.0 2353.0 2879.0
1827.0 2353.0 2879.0
1827.0 2353.0 2879.0
1827.0 2353.0 2879.0
1827.0 2353.0 2879.0
1827.0 2353.0 2879.0
1827.0 2353.0 2879.0
1827.0 2353.0 2879.0
1827.0 2353.0 2879.0
1827.0 2353.0 2879.0
1827.0 2353.0 2879.0
1827.0 2353.0 2879.0
1827.0 2353.0 2879.0
1827.0 2353.0 2879.0
1827.0 2353.0 2879.0
1827.0 2353.0 2879.0
1827.0 2353.0 2879.0
1827.0 2353.0 2879.0
1827.0 2353.0 2879.0
1827.0 2353.0 2879.0
1827.0 2353.0 2879.0
1827.0 1914.5 2002.0
1827.0 1914.5 2002.0
1827.0 1914.5 2002.0
1827.0 1914.5 2002.0
1827.0 1914.5 2002.0
1827.0 1914.5 2002.0
1827.0 1914.5 2002.0
1827.0 1914.5 2002.0
1827.0 1914.5 2002.0
1827.0 1914.5 2002.0
1744.0 1873.0 2002.0
1245.0 1623.5 2002.0
1245.0 1623.5 2002.0
1245.0 1623.5 2002.0
1245.0 1623.5 2002.0
1245.0 1539.0 1833.0
1245.0 1539.0 1833.0
1245.0 1539.0 1833.0
1245.0 1506.5 1768.0
1245.0 1506.5 1768.0
929.0 1348.5 1768.0
929.0 1348.5 1768.0
929.0 1348.5 1768.0
929.0 1348.5 1768.0
929.0 1202.5 1476.0
929.0 1135.0 1341.0
929.0 1135.0 1341.0
929.0 1135.0 1341.0
929.0 1135.0 1341.0
929.0 1135.0 1341.0
929.0 1135.0 1341.0
929.0 1135.0 1341.0
929.0 1135.0 1341.0
929.0 1147.5 1366.0
929.0 1023.0 1117.0
929.0 1023.0 1117.0
929.0 1023.0 1117.0
929.0 1023.0 1117.0
929.0 1023.0 1117.0
929.0 1023.0 1117.0
929.0 1023.0 1117.0
929.0 1023.0 1117.0
929.0 1023.0 1117.0
929.0 1023.0 1117.0
929.0 1023.0 1117.0
929.0 1023.0 1117.0
929.0 1023.0 1117.0
929.0 1023.0 1117.0
929.0 1023.0 1117.0
929.0 1023.0 1117.0
929.0 1023.0 1117.0
929.0 1023.0 1117.0
929.0 1023.0 1117.0
929.0 1023.0 1117.0
929.0 1023.0 1117.0
929.0 1023.0 1117.0
929.0 1023.0 1117.0
929.0 1023.0 1117.0
929.0 1023.0 1117.0
929.0 1023.0 1117.0
929.0 1023.0 1117.0
929.0 1023.0 1117.0
929.0 1023.0 1117.0
929.0 1023.0 1117.0
929.0 1023.0 1117.0
929.0 1023.0 1117.0
929.0 1023.0 1117.0
929.0 1023.0 1117.0
929.0 1023.0 1117.0
929.0 1023.0 1117.0
929.0 1023.0 1117.0
929.0 1023.0 1117.0
929.0 1023.0 1117.0
929.0 1023.0 1117.0
929.0 1023.0 1117.0
929.0 1023.0 1117.0
929.0 1023.0 1117.0
929.0 1023.0 1117.0
929.0 1023.0 1117.0
929.0 1023.0 1117.0
929.0 1023.0 1117.0
929.0 1023.0 1117.0
929.0 1023.0 1117.0
929.0 1023.0 1117.0
929.0 1023.0 1117.0
929.0 1023.0 1117.0
929.0 1023.0 1117.0
929.0 1023.0 1117.0
929.0 1023.0 1117.0
929.0 1023.0 1117.0
929.0 1023.0 1117.0
929.0 1023.0 1117.0
929.0 1023.0 1117.0
929.0 1023.0 1117.0
929.0 1023.0 1117.0
929.0 1023.0 1117.0
929.0 1023.0 1117.0
929.0 1023.0 1117.0
929.0 1023.0 1117.0
929.0 1023.0 1117.0
929.0 1023.0 1117.0
929.0 1023.0 1117.0
929.0 1023.0 1117.0
929.0 1023.0 1117.0
929.0 1023.0 1117.0
929.0 1023.0 1117.0
929.0 1023.0 1117.0
929.0 1023.0 1117.0
929.0 1023.0 1117.0
929.0 1023.0 1117.0
929.0 1023.0 1117.0
929.0 1023.0 1117.0
929.0 1023.0 1117.0
929.0 1023.0 1117.0
929.0 1023.0 1117.0
929.0 1023.0 1117.0
929.0 1023.0 1117.0
929.0 1023.0 1117.0
929.0 1023.0 1117.0
929.0 1023.0 1117.0
929.0 1023.0 1117.0
929.0 1023.0 1117.0
929.0 1023.0 1117.0
929.0 1023.0 1117.0
929.0 1023.0 1117.0
929.0 1023.0 1117.0
929.0 1023.0 1117.0
929.0 1023.0 1117.0
929.0 1023.0 1117.0
929.0 1023.0 1117.0
929.0 1023.0 1117.0
929.0 1023.0 1117.0
929.0 1023.0 1117.0
929.0 1023.0 1117.0
929.0 1023.0 1117.0
929.0 1023.0 1117.0
929.0 1023.0 1117.0
929.0 1023.0 1117.0
929.0 1023.0 1117.0
929.0 1023.0 1117.0
929.0 1023.0 1117.0
929.0 1023.0 1117.0
929.0 1023.0 1117.0
929.0 1023.0 1117.0
929.0 1023.0 1117.0
929.0 1023.0 1117.0
929.0 1023.0 1117.0
929.0 1023.0 1117.0
929.0 1023.0 1117.0
929.0 1023.0 1117.0
929.0 1023.0 1117.0
929.0 1023.0 1117.0
929.0 1023.0 1117.0
929.0 1023.0 1117.0
929.0 1023.0 1117.0
929.0 1023.0 1117.0
929.0 1023.0 1117.0
929.0 1023.0 1117.0
929.0 1023.0 1117.0
929.0 1023.0 1117.0
929.0 1023.0 1117.0
929.0 1023.0 1117.0
929.0 1023.0 1117.0
