11816.0 12959.0 14102.0
9379.0 10581.5 11784.0
6491.0 6578.0 6665.0
6988.0 7015.5 7043.0
3549.0 4245.0 4941.0
4134.0 4239.0 4344.0
2825.0 3416.5 4008.0
3052.0 3298.0 3544.0
2533.0 2643.0 2753.0
1995.0 2228.5 2462.0
1851.0 1923.0 1995.0
1411.0 1472.0 1533.0
1411.0 1472.0 1533.0
933.0 1210.5 1488.0
933.0 1171.5 1410.0
876.0 904.5 933.0
737.0 835.0 933.0
737.0 835.0 933.0
737.0 835.0 933.0
737.0 835.0 933.0
737.0 835.0 933.0
737.0 835.0 933.0
737.0 835.0 933.0
737.0 835.0 933.0
737.0 835.0 933.0
737.0 835.0 933.0
737.0 835.0 933.0
737.0 835.0 933.0
737.0 835.0 933.0
737.0 835.0 933.0
737.0 835.0 933.0
737.0 835.0 933.0
737.0 835.0 933.0
737.0 835.0 933.0
737.0 835.0 933.0
737.0 835.0 933.0
737.0 835.0 933.0
737.0 835.0 933.0
737.0 835.0 933.0
737.0 835.0 933.0
737.0 835.0 933.0
737.0 835.0 933.0
737.0 835.0 933.0
737.0 835.0 933.0
737.0 835.0 933.0
737.0 835.0 933.0
737.0 835.0 933.0
737.0 835.0 933.0
737.0 835.0 933.0
737.0 835.0 933.0
737.0 835.0 933.0
737.0 835.0 933.0
737.0 835.0 933.0
737.0 835.0 933.0
737.0 835.0 933.0
737.0 830.0 923.0
737.0 830.0 923.0
737.0 830.0 923.0
737.0 830.0 923.0
737.0 830.0 923.0
737.0 830.0 923.0
737.0 830.0 923.0
737.0 830.0 923.0
737.0 830.0 923.0
737.0 830.0 923.0
737.0 830.0 923.0
737.0 830.0 923.0
737.0 830.0 923.0
737.0 830.0 923.0
737.0 830.0 923.0
737.0 830.0 923.0
737.0 830.0 923.0
737.0 830.0 923.0
737.0 830.0 923.0
737.0 830.0 923.0
737.0 830.0 923.0
737.0 830.0 923.0
737.0 830.0 923.0
737.0 830.0 923.0
737.0 830.0 923.0
737.0 830.0 923.0
737.0 830.0 923.0
737.0 830.0 923.0
737.0 830.0 923.0
737.0 830.0 923.0
737.0 830.0 923.0
737.0 830.0 923.0
737.0 830.0 923.0
737.0 830.0 923.0
737.0 830.0 923.0
737.0 830.0 923.0
737.0 830.0 923.0
737.0 830.0 923.0
737.0 830.0 923.0
737.0 830.0 923.0
737.0 830.0 923.0
737.0 830.0 923.0
737.0 830.0 923.0
737.0 830.0 923.0
737.0 830.0 923.0
737.0 830.0 923.0
737.0 830.0 923.0
737.0 830.0 923.0
737.0 830.0 923.0
737.0 830.0 923.0
737.0 830.0 923.0
737.0 830.0 923.0
737.0 830.0 923.0
737.0 830.0 923.0
737.0 830.0 923.0
737.0 830.0 923.0
737.0 830.0 923.0
737.0 830.0 923.0
737.0 830.0 923.0
737.0 830.0 923.0
737.0 830.0 923.0
737.0 830.0 923.0
737.0 830.0 923.0
737.0 830.0 923.0
737.0 830.0 923.0
737.0 830.0 923.0
737.0 830.0 923.0
737.0 830.0 923.0
737.0 830.0 923.0
737.0 830.0 923.0
737.0 830.0 923.0
737.0 830.0 923.0
737.0 830.0 923.0
737.0 830.0 923.0
737.0 830.0 923.0
737.0 830.0 923.0
737.0 830.0 923.0
737.0 830.0 923.0
737.0 830.0 923.0
737.0 830.0 923.0
737.0 830.0 923.0
737.0 830.0 923.0
737.0 830.0 923.0
737.0 830.0 923.0
737.0 830.0 923.0
737.0 830.0 923.0
737.0 830.0 923.0
737.0 830.0 923.0
737.0 830.0 923.0
737.0 830.0 923.0
737.0 830.0 923.0
737.0 830.0 923.0
737.0 830.0 923.0
737.0 830.0 923.0
737.0 830.0 923.0
737.0 830.0 923.0
737.0 830.0 923.0
737.0 830.0 923.0
737.0 830.0 923.0
737.0 830.0 923.0
737.0 830.0 923.0
737.0 830.0 923.0
737.0 830.0 923.0
737.0 830.0 923.0
737.0 830.0 923.0
737.0 830.0 923.0
737.0 830.0 923.0
737.0 830.0 923.0
737.0 830.0 923.0
737.0 830.0 923.0
737.0 830.0 923.0
737.0 830.0 923.0
737.0 830.0 923.0
737.0 830.0 923.0
737.0 830.0 923.0
737.0 830.0 923.0
737.0 830.0 923.0
737.0 830.0 923.0
737.0 830.0 923.0
737.0 830.0 923.0
737.0 830.0 923.0
737.0 830.0 923.0
737.0 830.0 923.0
737.0 830.0 923.0
737.0 830.0 923.0
737.0 830.0 923.0
737.0 830.0 923.0
737.0 830.0 923.0
737.0 830.0 923.0
737.0 830.0 923.0
737.0 830.0 923.0
737.0 830.0 923.0
737.0 830.0 923.0
737.0 830.0 923.0
737.0 830.0 923.0
737.0 830.0 923.0
737.0 830.0 923.0
737.0 830.0 923.0
737.0 830.0 923.0
737.0 830.0 923.0
737.0 830.0 923.0
737.0 830.0 923.0
737.0 830.0 923.0
737.0 830.0 923.0
737.0 830.0 923.0
