16436.0 16460.5 16485.0
13815.0 14799.5 15784.0
10614.0 11549.5 12485.0
10168.0 10480.0 10792.0
7860.0 8118.0 8376.0
5766.0 7230.5 8695.0
4822.0 5638.0 6454.0
4677.0 4894.0 5111.0
2579.0 3169.0 3759.0
2493.0 3126.0 3759.0
1815.0 2787.0 3759.0
1615.0 2687.0 3759.0
1615.0 2303.0 2991.0
1615.0 2429.5 3244.0
1615.0 2114.0 2613.0
1615.0 2114.0 2613.0
1615.0 2114.0 2613.0
1615.0 2114.0 2613.0
1615.0 2114.0 2613.0
1615.0 2114.0 2613.0
1615.0 2114.0 2613.0
1615.0 2114.0 2613.0
1615.0 2114.0 2613.0
1615.0 2114.0 2613.0
1615.0 2114.0 2613.0
1615.0 1979.0 2343.0
1615.0 1979.0 2343.0
1615.0 2384.0 3153.0
1615.0 1969.5 2324.0
1615.0 1801.5 1988.0
1615.0 1801.5 1988.0
1615.0 1801.5 1988.0
1615.0 1801.5 1988.0
1615.0 1801.5 1988.0
1615.0 1801.5 1988.0
1615.0 1801.5 1988.0
1615.0 1801.5 1988.0
1615.0 1801.5 1988.0
1615.0 1801.5 1988.0
1615.0 1801.5 1988.0
1615.0 1801.5 1988.0
1615.0 1801.5 1988.0
1615.0 1801.5 1988.0
1615.0 1801.5 1988.0
1615.0 1801.5 1988.0
1615.0 1801.5 1988.0
1615.0 1801.5 1988.0
1615.0 1801.5 1988.0
1615.0 1801.5 1988.0
1615.0 1801.5 1988.0
1615.0 1801.5 1988.0
1615.0 1801.5 1988.0
1615.0 1801.5 1988.0
1615.0 1801.5 1988.0
1615.0 1801.5 1988.0
1615.0 1801.5 1988.0
1615.0 1801.5 1988.0
1615.0 1801.5 1988.0
1615.0 1801.5 1988.0
1615.0 1801.5 1988.0
1615.0 1801.5 1988.0
1615.0 1801.5 1988.0
1615.0 1801.5 1988.0
1615.0 1801.5 1988.0
1615.0 1801.5 1988.0
1615.0 1801.5 1988.0
1615.0 1801.5 1988.0
1615.0 1801.5 1988.0
1615.0 1801.5 1988.0
1615.0 1801.5 1988.0
1615.0 1801.5 1988.0
1615.0 1801.5 1988.0
1615.0 1801.5 1988.0
1615.0 1801.5 1988.0
1615.0 1801.5 1988.0
1615.0 1801.5 1988.0
1615.0 1801.5 1988.0
1615.0 1801.5 1988.0
1615.0 1801.5 1988.0
1615.0 1801.5 1988.0
1615.0 1801.5 1988.0
1615.0 1801.5 1988.0
1615.0 1801.5 1988.0
1615.0 1801.5 1988.0
1615.0 1801.5 1988.0
1615.0 1801.5 1988.0
1615.0 1801.5 1988.0
1615.0 1801.5 1988.0
1615.0 1801.5 1988.0
1615.0 1801.5 1988.0
1615.0 1801.5 1988.0
1615.0 1801.5 1988.0
1615.0 1801.5 1988.0
1615.0 1801.5 1988.0
1615.0 1801.5 1988.0
1615.0 1801.5 1988.0
1615.0 1801.5 1988.0
1615.0 1801.5 1988.0
1615.0 1801.5 1988.0
1615.0 1801.5 1988.0
1615.0 1928.5 2242.0
1615.0 1928.5 2242.0
1615.0 1928.5 2242.0
1615.0 1928.5 2242.0
1615.0 1928.5 2242.0
1615.0 1928.5 2242.0
1615.0 1928.5 2242.0
1615.0 1928.5 2242.0
1615.0 1928.5 2242.0
1615.0 1928.5 2242.0
1615.0 1928.5 2242.0
1615.0 1928.5 2242.0
1615.0 1928.5 2242.0
1615.0 1928.5 2242.0
1615.0 1928.5 2242.0
1615.0 1928.5 2242.0
1615.0 1928.5 2242.0
1615.0 1928.5 2242.0
1615.0 1928.5 2242.0
1615.0 1928.5 2242.0
1615.0 1928.5 2242.0
1615.0 1928.5 2242.0
1615.0 1928.5 2242.0
1615.0 1928.5 2242.0
1615.0 1928.5 2242.0
1615.0 1928.5 2242.0
1615.0 1928.5 2242.0
1615.0 1928.5 2242.0
1615.0 1928.5 2242.0
1615.0 1928.5 2242.0
1615.0 1928.5 2242.0
1615.0 1928.5 2242.0
1615.0 1928.5 2242.0
1615.0 1928.5 2242.0
1615.0 1928.5 2242.0
1615.0 1928.5 2242.0
1428.0 1521.5 1615.0
1038.0 1326.5 1615.0
1038.0 1326.5 1615.0
1038.0 1326.5 1615.0
1038.0 1326.5 1615.0
1038.0 1326.5 1615.0
1038.0 1326.5 1615.0
1038.0 1326.5 1615.0
1038.0 1326.5 1615.0
1038.0 1326.5 1615.0
1038.0 1326.5 1615.0
1038.0 1326.5 1615.0
1038.0 1326.5 1615.0
1038.0 1326.5 1615.0
1038.0 1326.5 1615.0
1038.0 1326.5 1615.0
1038.0 1326.5 1615.0
1038.0 1326.5 1615.0
1038.0 1326.5 1615.0
1038.0 1326.5 1615.0
1038.0 1326.5 1615.0
1038.0 1326.5 1615.0
1038.0 1326.5 1615.0
1038.0 1326.5 1615.0
1038.0 1326.5 1615.0
1038.0 1326.5 1615.0
1038.0 1326.5 1615.0
1038.0 1326.5 1615.0
1038.0 1326.5 1615.0
1038.0 1326.5 1615.0
1038.0 1326.5 1615.0
1038.0 1326.5 1615.0
1038.0 1326.5 1615.0
1038.0 1326.5 1615.0
1038.0 1326.5 1615.0
1038.0 1326.5 1615.0
1038.0 1326.5 1615.0
1038.0 1326.5 1615.0
1038.0 1326.5 1615.0
1038.0 1326.5 1615.0
1038.0 1326.5 1615.0
1038.0 1326.5 1615.0
1038.0 1326.5 1615.0
1038.0 1326.5 1615.0
1038.0 1326.5 1615.0
1038.0 1326.5 1615.0
1038.0 1326.5 1615.0
1038.0 1326.5 1615.0
1038.0 1326.5 1615.0
1038.0 1326.5 1615.0
1038.0 1326.5 1615.0
1038.0 1326.5 1615.0
1038.0 1326.5 1615.0
1038.0 1326.5 1615.0
1038.0 1326.5 1615.0
1038.0 1326.5 1615.0
1038.0 1326.5 1615.0
1038.0 1326.5 1615.0
1038.0 1326.5 1615.0
1038.0 1326.5 1615.0
1038.0 1326.5 1615.0
1038.0 1326.5 1615.0
1038.0 1326.5 1615.0
1038.0 1326.5 1615.0
