11934.0 12227.5 12521.0
8818.0 9342.0 9866.0
7839.0 8018.5 8198.0
6576.0 6833.5 7091.0
5026.0 5209.5 5393.0
3404.0 3676.5 3949.0
2529.0 3239.0 3949.0
1751.0 2046.0 2341.0
932.0 1790.0 2648.0
932.0 1626.5 2321.0
932.0 1583.0 2234.0
932.0 979.5 1027.0
932.0 979.5 1027.0
932.0 979.5 1027.0
932.0 979.5 1027.0
932.0 979.5 1027.0
932.0 979.5 1027.0
932.0 979.5 1027.0
932.0 979.5 1027.0
932.0 979.5 1027.0
932.0 979.5 1027.0
932.0 979.5 1027.0
932.0 979.5 1027.0
932.0 979.5 1027.0
932.0 979.5 1027.0
932.0 979.5 1027.0
932.0 979.5 1027.0
932.0 979.5 1027.0
932.0 979.5 1027.0
932.0 979.5 1027.0
932.0 979.5 1027.0
932.0 979.5 1027.0
932.0 979.5 1027.0
932.0 979.5 1027.0
932.0 979.5 1027.0
932.0 979.5 1027.0
932.0 979.5 1027.0
932.0 979.5 1027.0
932.0 979.5 1027.0
932.0 979.5 1027.0
932.0 979.5 1027.0
932.0 979.5 1027.0
932.0 979.5 1027.0
932.0 979.5 1027.0
932.0 979.5 1027.0
932.0 979.5 1027.0
932.0 979.5 1027.0
932.0 979.5 1027.0
932.0 979.5 1027.0
932.0 979.5 1027.0
932.0 979.5 1027.0
932.0 979.5 1027.0
932.0 979.5 1027.0
932.0 979.5 1027.0
932.0 979.5 1027.0
932.0 979.5 1027.0
932.0 979.5 1027.0
932.0 979.5 1027.0
932.0 979.5 1027.0
932.0 979.5 1027.0
932.0 979.5 1027.0
932.0 979.5 1027.0
932.0 979.5 1027.0
932.0 979.5 1027.0
932.0 979.5 1027.0
932.0 979.5 1027.0
932.0 979.5 1027.0
932.0 979.5 1027.0
932.0 979.5 1027.0
932.0 979.5 1027.0
932.0 979.5 1027.0
932.0 979.5 1027.0
932.0 979.5 1027.0
932.0 979.5 1027.0
932.0 979.5 1027.0
932.0 979.5 1027.0
932.0 979.5 1027.0
932.0 979.5 1027.0
932.0 979.5 1027.0
932.0 979.5 1027.0
932.0 979.5 1027.0
932.0 979.5 1027.0
932.0 979.5 1027.0
932.0 979.5 1027.0
932.0 979.5 1027.0
932.0 979.5 1027.0
932.0 979.5 1027.0
932.0 979.5 1027.0
932.0 979.5 1027.0
932.0 979.5 1027.0
932.0 979.5 1027.0
932.0 979.5 1027.0
932.0 979.5 1027.0
932.0 979.5 1027.0
932.0 979.5 1027.0
932.0 979.5 1027.0
932.0 979.5 1027.0
932.0 979.5 1027.0
932.0 979.5 1027.0
932.0 979.5 1027.0
932.0 979.5 1027.0
932.0 979.5 1027.0
932.0 979.5 1027.0
932.0 979.5 1027.0
932.0 979.5 1027.0
932.0 979.5 1027.0
932.0 979.5 1027.0
932.0 979.5 1027.0
932.0 979.5 1027.0
932.0 979.5 1027.0
932.0 979.5 1027.0
932.0 979.5 1027.0
932.0 979.5 1027.0
932.0 979.5 1027.0
932.0 979.5 1027.0
932.0 979.5 1027.0
932.0 979.5 1027.0
932.0 979.5 1027.0
932.0 979.5 1027.0
932.0 979.5 1027.0
932.0 979.5 1027.0
932.0 979.5 1027.0
932.0 979.5 1027.0
932.0 979.5 1027.0
932.0 979.5 1027.0
932.0 979.5 1027.0
932.0 979.5 1027.0
932.0 979.5 1027.0
932.0 979.5 1027.0
932.0 979.5 1027.0
932.0 979.5 1027.0
932.0 979.5 1027.0
932.0 979.5 1027.0
932.0 979.5 1027.0
932.0 979.5 1027.0
932.0 979.5 1027.0
932.0 979.5 1027.0
932.0 979.5 1027.0
932.0 979.5 1027.0
932.0 979.5 1027.0
932.0 979.5 1027.0
932.0 979.5 1027.0
932.0 979.5 1027.0
932.0 979.5 1027.0
932.0 979.5 1027.0
932.0 979.5 1027.0
932.0 979.5 1027.0
932.0 979.5 1027.0
932.0 979.5 1027.0
932.0 979.5 1027.0
932.0 979.5 1027.0
932.0 979.5 1027.0
932.0 979.5 1027.0
932.0 979.5 1027.0
932.0 979.5 1027.0
932.0 979.5 1027.0
932.0 979.5 1027.0
932.0 979.5 1027.0
932.0 979.5 1027.0
932.0 979.5 1027.0
932.0 979.5 1027.0
932.0 979.5 1027.0
932.0 979.5 1027.0
932.0 979.5 1027.0
932.0 979.5 1027.0
932.0 979.5 1027.0
932.0 979.5 1027.0
932.0 979.5 1027.0
932.0 979.5 1027.0
932.0 979.5 1027.0
932.0 979.5 1027.0
932.0 979.5 1027.0
932.0 979.5 1027.0
932.0 979.5 1027.0
932.0 979.5 1027.0
932.0 979.5 1027.0
932.0 979.5 1027.0
932.0 979.5 1027.0
932.0 979.5 1027.0
932.0 979.5 1027.0
932.0 979.5 1027.0
932.0 979.5 1027.0
932.0 979.5 1027.0
932.0 979.5 1027.0
932.0 979.5 1027.0
932.0 979.5 1027.0
932.0 979.5 1027.0
932.0 979.5 1027.0
932.0 979.5 1027.0
932.0 979.5 1027.0
932.0 979.5 1027.0
932.0 979.5 1027.0
932.0 979.5 1027.0
932.0 979.5 1027.0
932.0 979.5 1027.0
932.0 979.5 1027.0
932.0 979.5 1027.0
932.0 979.5 1027.0
932.0 979.5 1027.0
932.0 979.5 1027.0
