11222.0 11835.5 12449.0
8341.0 8589.0 8837.0
5711.0 6423.0 7135.0
4492.0 4991.0 5490.0
4118.0 4233.0 4348.0
2641.0 3263.5 3886.0
3262.0 3473.5 3685.0
2671.0 2720.5 2770.0
2376.0 2523.5 2671.0
1738.0 1780.0 1822.0
1551.0 1798.0 2045.0
1433.0 1739.0 2045.0
1433.0 1739.0 2045.0
1874.0 1959.5 2045.0
1465.0 1866.5 2268.0
1465.0 1866.5 2268.0
1292.0 1575.0 1858.0
1292.0 1575.0 1858.0
1292.0 1575.0 1858.0
1292.0 1575.0 1858.0
1292.0 1575.0 1858.0
1292.0 1575.0 1858.0
1292.0 1575.0 1858.0
1292.0 1575.0 1858.0
1292.0 1575.0 1858.0
1292.0 1575.0 1858.0
1292.0 1575.0 1858.0
1292.0 1575.0 1858.0
1292.0 1575.0 1858.0
1292.0 1575.0 1858.0
1292.0 1575.0 1858.0
1292.0 1438.0 1584.0
1292.0 1438.0 1584.0
1292.0 1438.0 1584.0
1292.0 1438.0 1584.0
1292.0 1438.0 1584.0
1292.0 1438.0 1584.0
1292.0 1438.0 1584.0
1292.0 1438.0 1584.0
1255.0 1419.5 1584.0
1255.0 1419.5 1584.0
1255.0 1419.5 1584.0
1255.0 1419.5 1584.0
1255.0 1419.5 1584.0
1255.0 1419.5 1584.0
1255.0 1419.5 1584.0
1255.0 1419.5 1584.0
1255.0 1419.5 1584.0
1255.0 1419.5 1584.0
1255.0 1419.5 1584.0
1255.0 1419.5 1584.0
1255.0 1419.5 1584.0
1255.0 1419.5 1584.0
1255.0 1419.5 1584.0
1255.0 1419.5 1584.0
1255.0 1419.5 1584.0
1255.0 1419.5 1584.0
1255.0 1419.5 1584.0
1255.0 1419.5 1584.0
1255.0 1419.5 1584.0
1255.0 1419.5 1584.0
1255.0 1419.5 1584.0
1255.0 1419.5 1584.0
1255.0 1419.5 1584.0
1255.0 1419.5 1584.0
1255.0 1419.5 1584.0
1255.0 1419.5 1584.0
1255.0 1419.5 1584.0
1255.0 1419.5 1584.0
1255.0 1419.5 1584.0
1255.0 1419.5 1584.0
1255.0 1419.5 1584.0
1255.0 1419.5 1584.0
1255.0 1419.5 1584.0
1255.0 1419.5 1584.0
1255.0 1419.5 1584.0
1255.0 1419.5 1584.0
1255.0 1419.5 1584.0
1255.0 1419.5 1584.0
1255.0 1419.5 1584.0
1255.0 1419.5 1584.0
1255.0 1419.5 1584.0
1255.0 1419.5 1584.0
1255.0 1419.5 1584.0
1255.0 1419.5 1584.0
1255.0 1419.5 1584.0
1255.0 1419.5 1584.0
1255.0 1419.5 1584.0
1255.0 1419.5 1584.0
1255.0 1419.5 1584.0
1255.0 1419.5 1584.0
1255.0 1419.5 1584.0
1255.0 1419.5 1584.0
1255.0 1419.5 1584.0
1255.0 1419.5 1584.0
1255.0 1419.5 1584.0
1255.0 1320.0 1385.0
1255.0 1320.0 1385.0
1255.0 1320.0 1385.0
1255.0 1320.0 1385.0
1255.0 1320.0 1385.0
1255.0 1320.0 1385.0
1255.0 1320.0 1385.0
1255.0 1320.0 1385.0
1255.0 1320.0 1385.0
1255.0 1320.0 1385.0
1255.0 1320.0 1385.0
1255.0 1320.0 1385.0
1255.0 1320.0 1385.0
1255.0 1320.0 1385.0
1255.0 1320.0 1385.0
1255.0 1320.0 1385.0
1255.0 1320.0 1385.0
1255.0 1320.0 1385.0
1255.0 1320.0 1385.0
1255.0 1320.0 1385.0
1255.0 1320.0 1385.0
1255.0 1320.0 1385.0
1255.0 1309.0 1363.0
1255.0 1309.0 1363.0
1255.0 1309.0 1363.0
1255.0 1309.0 1363.0
1255.0 1309.0 1363.0
1255.0 1309.0 1363.0
1255.0 1309.0 1363.0
1255.0 1309.0 1363.0
1255.0 1309.0 1363.0
1255.0 1309.0 1363.0
1255.0 1309.0 1363.0
1255.0 1309.0 1363.0
1255.0 1309.0 1363.0
1255.0 1309.0 1363.0
1255.0 1309.0 1363.0
1255.0 1309.0 1363.0
1255.0 1309.0 1363.0
1255.0 1309.0 1363.0
1255.0 1309.0 1363.0
1255.0 1309.0 1363.0
1255.0 1309.0 1363.0
1255.0 1309.0 1363.0
1255.0 1309.0 1363.0
1255.0 1309.0 1363.0
1255.0 1309.0 1363.0
1255.0 1309.0 1363.0
1255.0 1309.0 1363.0
1255.0 1309.0 1363.0
1255.0 1309.0 1363.0
1255.0 1309.0 1363.0
1255.0 1309.0 1363.0
1255.0 1309.0 1363.0
1255.0 1309.0 1363.0
1255.0 1309.0 1363.0
1255.0 1309.0 1363.0
1255.0 1309.0 1363.0
1255.0 1309.0 1363.0
1255.0 1309.0 1363.0
1255.0 1309.0 1363.0
1255.0 1309.0 1363.0
1255.0 1309.0 1363.0
1255.0 1309.0 1363.0
1255.0 1309.0 1363.0
1255.0 1309.0 1363.0
1255.0 1309.0 1363.0
1255.0 1309.0 1363.0
1255.0 1309.0 1363.0
1255.0 1309.0 1363.0
1255.0 1309.0 1363.0
1255.0 1309.0 1363.0
1255.0 1309.0 1363.0
1255.0 1309.0 1363.0
1255.0 1309.0 1363.0
1255.0 1309.0 1363.0
1255.0 1309.0 1363.0
1255.0 1309.0 1363.0
1255.0 1309.0 1363.0
1102.0 1232.5 1363.0
1102.0 1232.5 1363.0
1102.0 1232.5 1363.0
1102.0 1232.5 1363.0
1102.0 1232.5 1363.0
1102.0 1232.5 1363.0
1102.0 1232.5 1363.0
1102.0 1232.5 1363.0
1102.0 1232.5 1363.0
1102.0 1232.5 1363.0
1102.0 1232.5 1363.0
1102.0 1232.5 1363.0
1102.0 1232.5 1363.0
1102.0 1232.5 1363.0
1102.0 1232.5 1363.0
1102.0 1232.5 1363.0
1102.0 1232.5 1363.0
1102.0 1232.5 1363.0
1102.0 1232.5 1363.0
1102.0 1232.5 1363.0
1102.0 1232.5 1363.0
1102.0 1232.5 1363.0
1102.0 1232.5 1363.0
1102.0 1232.5 1363.0
1102.0 1232.5 1363.0
