12363.0 12919.5 13476.0
9281.0 10291.5 11302.0
5094.0 7046.0 8998.0
4923.0 7172.5 9422.0
4513.0 5676.5 6840.0
3864.0 5042.5 6221.0
3095.0 3323.5 3552.0
2329.0 2902.0 3475.0
2804.0 2878.5 2953.0
2310.0 2514.0 2718.0
1954.0 2132.0 2310.0
1954.0 2132.0 2310.0
1954.0 2132.0 2310.0
1954.0 2132.0 2310.0
1954.0 2132.0 2310.0
1954.0 2132.0 2310.0
1954.0 2132.0 2310.0
1954.0 2132.0 2310.0
1954.0 2132.0 2310.0
1954.0 2132.0 2310.0
1954.0 2132.0 2310.0
1954.0 2132.0 2310.0
1954.0 2132.0 2310.0
1954.0 2132.0 2310.0
1891.0 1922.5 1954.0
1609.0 1781.5 1954.0
1609.0 1781.5 1954.0
1609.0 1781.5 1954.0
1609.0 1781.5 1954.0
1609.0 1781.5 1954.0
1609.0 1781.5 1954.0
1609.0 1781.5 1954.0
1609.0 1781.5 1954.0
1609.0 1781.5 1954.0
1609.0 1781.5 1954.0
1609.0 1781.5 1954.0
1609.0 1781.5 1954.0
1609.0 1781.5 1954.0
1609.0 1781.5 1954.0
1609.0 1781.5 1954.0
1609.0 1781.5 1954.0
1609.0 1781.5 1954.0
1609.0 1781.5 1954.0
1609.0 1781.5 1954.0
1609.0 1781.5 1954.0
1609.0 1781.5 1954.0
1609.0 1781.5 1954.0
1609.0 1781.5 1954.0
1609.0 1781.5 1954.0
1609.0 1781.5 1954.0
1609.0 1781.5 1954.0
1609.0 1781.5 1954.0
1609.0 1781.5 1954.0
1609.0 1781.5 1954.0
1609.0 1781.5 1954.0
1609.0 1781.5 1954.0
1609.0 1781.5 1954.0
1609.0 1690.0 1771.0
1609.0 1690.0 1771.0
1609.0 1690.0 1771.0
1609.0 1690.0 1771.0
1609.0 1690.0 1771.0
1609.0 1690.0 1771.0
1609.0 1690.0 1771.0
1609.0 1690.0 1771.0
1609.0 1690.0 1771.0
1609.0 1690.0 1771.0
1609.0 1690.0 1771.0
1609.0 1690.0 1771.0
1609.0 1690.0 1771.0
1609.0 1690.0 1771.0
1609.0 1690.0 1771.0
1609.0 1690.0 1771.0
1609.0 1690.0 1771.0
1609.0 1690.0 1771.0
1609.0 1690.0 1771.0
1609.0 1690.0 1771.0
1609.0 1690.0 1771.0
1609.0 1690.0 1771.0
1609.0 1690.0 1771.0
1609.0 1690.0 1771.0
1609.0 1690.0 1771.0
1609.0 1690.0 1771.0
1609.0 1690.0 1771.0
1609.0 1690.0 1771.0
1609.0 1690.0 1771.0
1609.0 1690.0 1771.0
1609.0 1690.0 1771.0
1609.0 1690.0 1771.0
1609.0 1690.0 1771.0
1609.0 1690.0 1771.0
1609.0 1690.0 1771.0
1609.0 1690.0 1771.0
1609.0 1690.0 1771.0
1609.0 1690.0 1771.0
1609.0 1690.0 1771.0
1609.0 1690.0 1771.0
1609.0 1690.0 1771.0
1609.0 1690.0 1771.0
1609.0 1690.0 1771.0
1609.0 1690.0 1771.0
1609.0 1690.0 1771.0
1609.0 1690.0 1771.0
1609.0 1690.0 1771.0
1609.0 1690.0 1771.0
1609.0 1690.0 1771.0
1609.0 1690.0 1771.0
1609.0 1690.0 1771.0
1609.0 1690.0 1771.0
1609.0 1690.0 1771.0
1609.0 1690.0 1771.0
1609.0 1690.0 1771.0
1609.0 1690.0 1771.0
1609.0 1690.0 1771.0
1609.0 1690.0 1771.0
1609.0 1690.0 1771.0
1609.0 1690.0 1771.0
1609.0 1690.0 1771.0
1609.0 1690.0 1771.0
1609.0 1690.0 1771.0
1609.0 1690.0 1771.0
1609.0 1690.0 1771.0
1609.0 1690.0 1771.0
1609.0 1690.0 1771.0
1609.0 1690.0 1771.0
1609.0 1690.0 1771.0
1609.0 1690.0 1771.0
1609.0 1690.0 1771.0
1609.0 1690.0 1771.0
1609.0 1690.0 1771.0
1609.0 1690.0 1771.0
1609.0 1690.0 1771.0
1609.0 1690.0 1771.0
1609.0 1690.0 1771.0
1609.0 1690.0 1771.0
1609.0 1696.0 1783.0
1596.0 1602.5 1609.0
1596.0 1602.5 1609.0
1596.0 1602.5 1609.0
1596.0 1602.5 1609.0
1596.0 1602.5 1609.0
1596.0 1602.5 1609.0
1596.0 1602.5 1609.0
1596.0 1602.5 1609.0
1596.0 1602.5 1609.0
1596.0 1602.5 1609.0
1596.0 1602.5 1609.0
1596.0 1602.5 1609.0
1596.0 1602.5 1609.0
1596.0 1602.5 1609.0
1596.0 1602.5 1609.0
1596.0 1602.5 1609.0
1596.0 1602.5 1609.0
1596.0 1602.5 1609.0
1596.0 1602.5 1609.0
1596.0 1602.5 1609.0
1596.0 1602.5 1609.0
1596.0 1602.5 1609.0
1596.0 1602.5 1609.0
1596.0 1602.5 1609.0
1596.0 1602.5 1609.0
1596.0 1602.5 1609.0
1596.0 1602.5 1609.0
1596.0 1602.5 1609.0
1596.0 1602.5 1609.0
1596.0 1602.5 1609.0
1596.0 1602.5 1609.0
1596.0 1602.5 1609.0
1596.0 1602.5 1609.0
1596.0 1602.5 1609.0
1596.0 1602.5 1609.0
1596.0 1602.5 1609.0
1596.0 1602.5 1609.0
1596.0 1602.5 1609.0
1596.0 1602.5 1609.0
1596.0 1602.5 1609.0
1596.0 1602.5 1609.0
1596.0 1602.5 1609.0
1596.0 1602.5 1609.0
1596.0 1602.5 1609.0
1596.0 1602.5 1609.0
1596.0 1602.5 1609.0
1596.0 1602.5 1609.0
1596.0 1602.5 1609.0
1596.0 1602.5 1609.0
1596.0 1602.5 1609.0
1596.0 1602.5 1609.0
1596.0 1602.5 1609.0
1596.0 1602.5 1609.0
1596.0 1602.5 1609.0
1596.0 1602.5 1609.0
1596.0 1602.5 1609.0
1596.0 1602.5 1609.0
1596.0 1602.5 1609.0
1596.0 1602.5 1609.0
1596.0 1602.5 1609.0
1596.0 1602.5 1609.0
1596.0 1602.5 1609.0
1596.0 1602.5 1609.0
1596.0 1602.5 1609.0
