12148.0 12585.0 13022.0
10690.0 10957.0 11224.0
7915.0 9022.0 10129.0
6805.0 7379.5 7954.0
5147.0 5930.5 6714.0
3304.0 4000.0 4696.0
3185.0 3330.5 3476.0
3038.0 3111.5 3185.0
2609.0 2823.5 3038.0
2300.0 2309.0 2318.0
1429.0 1864.5 2300.0
1185.0 1307.0 1429.0
1185.0 1307.0 1429.0
1429.0 1477.0 1525.0
1278.0 1353.5 1429.0
1278.0 1353.5 1429.0
1278.0 1353.5 1429.0
1278.0 1353.5 1429.0
1278.0 1353.5 1429.0
1278.0 1353.5 1429.0
1278.0 1353.5 1429.0
1278.0 1353.5 1429.0
1278.0 1353.5 1429.0
1278.0 1353.5 1429.0
1278.0 1353.5 1429.0
1278.0 1353.5 1429.0
1278.0 1353.5 1429.0
1278.0 1353.5 1429.0
1278.0 1353.5 1429.0
1278.0 1353.5 1429.0
1278.0 1353.5 1429.0
1278.0 1353.5 1429.0
1278.0 1353.5 1429.0
1278.0 1353.5 1429.0
1278.0 1353.5 1429.0
1278.0 1356.5 1435.0
1278.0 1299.5 1321.0
677.0 977.5 1278.0
677.0 977.5 1278.0
677.0 977.5 1278.0
677.0 977.5 1278.0
677.0 977.5 1278.0
677.0 977.5 1278.0
677.0 977.5 1278.0
677.0 977.5 1278.0
677.0 977.5 1278.0
677.0 977.5 1278.0
677.0 977.5 1278.0
677.0 977.5 1278.0
677.0 977.5 1278.0
677.0 977.5 1278.0
677.0 977.5 1278.0
677.0 977.5 1278.0
677.0 977.5 1278.0
677.0 977.5 1278.0
677.0 977.5 1278.0
677.0 977.5 1278.0
677.0 977.5 1278.0
677.0 977.5 1278.0
677.0 977.5 1278.0
677.0 977.5 1278.0
677.0 977.5 1278.0
677.0 977.5 1278.0
677.0 977.5 1278.0
677.0 977.5 1278.0
677.0 977.5 1278.0
677.0 977.5 1278.0
677.0 977.5 1278.0
677.0 977.5 1278.0
677.0 977.5 1278.0
677.0 977.5 1278.0
677.0 977.5 1278.0
677.0 977.5 1278.0
677.0 977.5 1278.0
677.0 977.5 1278.0
677.0 977.5 1278.0
677.0 977.5 1278.0
677.0 977.5 1278.0
677.0 977.5 1278.0
677.0 977.5 1278.0
677.0 977.5 1278.0
677.0 977.5 1278.0
677.0 977.5 1278.0
677.0 977.5 1278.0
677.0 977.5 1278.0
677.0 977.5 1278.0
677.0 977.5 1278.0
677.0 977.5 1278.0
677.0 977.5 1278.0
677.0 977.5 1278.0
677.0 977.5 1278.0
677.0 977.5 1278.0
677.0 977.5 1278.0
677.0 977.5 1278.0
677.0 977.5 1278.0
677.0 977.5 1278.0
677.0 977.5 1278.0
677.0 977.5 1278.0
677.0 977.5 1278.0
677.0 977.5 1278.0
677.0 977.5 1278.0
677.0 977.5 1278.0
677.0 977.5 1278.0
677.0 977.5 1278.0
677.0 977.5 1278.0
677.0 977.5 1278.0
677.0 977.5 1278.0
677.0 977.5 1278.0
677.0 977.5 1278.0
677.0 977.5 1278.0
677.0 977.5 1278.0
677.0 977.5 1278.0
677.0 977.5 1278.0
677.0 977.5 1278.0
677.0 977.5 1278.0
677.0 977.5 1278.0
677.0 977.5 1278.0
677.0 977.5 1278.0
677.0 977.5 1278.0
677.0 977.5 1278.0
677.0 977.5 1278.0
677.0 977.5 1278.0
677.0 977.5 1278.0
677.0 977.5 1278.0
677.0 977.5 1278.0
677.0 977.5 1278.0
677.0 977.5 1278.0
677.0 977.5 1278.0
677.0 977.5 1278.0
677.0 977.5 1278.0
677.0 977.5 1278.0
677.0 977.5 1278.0
677.0 977.5 1278.0
677.0 977.5 1278.0
677.0 977.5 1278.0
677.0 977.5 1278.0
677.0 977.5 1278.0
677.0 977.5 1278.0
677.0 977.5 1278.0
677.0 977.5 1278.0
677.0 977.5 1278.0
677.0 977.5 1278.0
677.0 977.5 1278.0
677.0 977.5 1278.0
677.0 977.5 1278.0
677.0 977.5 1278.0
677.0 977.5 1278.0
677.0 977.5 1278.0
677.0 977.5 1278.0
677.0 977.5 1278.0
677.0 977.5 1278.0
677.0 977.5 1278.0
677.0 977.5 1278.0
677.0 977.5 1278.0
677.0 918.0 1159.0
677.0 918.0 1159.0
677.0 838.0 999.0
677.0 789.0 901.0
677.0 789.0 901.0
677.0 768.5 860.0
677.0 768.5 860.0
677.0 768.5 860.0
677.0 768.5 860.0
677.0 768.5 860.0
677.0 768.5 860.0
677.0 768.5 860.0
677.0 768.5 860.0
677.0 768.5 860.0
677.0 768.5 860.0
677.0 768.5 860.0
677.0 768.5 860.0
677.0 768.5 860.0
677.0 768.5 860.0
677.0 768.5 860.0
677.0 768.5 860.0
677.0 768.5 860.0
677.0 768.5 860.0
677.0 768.5 860.0
677.0 768.5 860.0
677.0 768.5 860.0
677.0 768.5 860.0
677.0 768.5 860.0
677.0 768.5 860.0
677.0 768.5 860.0
677.0 768.5 860.0
677.0 768.5 860.0
677.0 768.5 860.0
677.0 768.5 860.0
677.0 768.5 860.0
677.0 768.5 860.0
677.0 768.5 860.0
677.0 768.5 860.0
677.0 768.5 860.0
677.0 768.5 860.0
677.0 768.5 860.0
677.0 768.5 860.0
677.0 768.5 860.0
677.0 768.5 860.0
677.0 768.5 860.0
677.0 768.5 860.0
