9829.0 10870.0 11911.0
7701.0 8461.5 9222.0
6462.0 7491.0 8520.0
5765.0 5798.5 5832.0
4360.0 4882.5 5405.0
2666.0 3414.5 4163.0
2666.0 2988.5 3311.0
2711.0 2816.0 2921.0
2271.0 2290.0 2309.0
1711.0 2026.5 2342.0
1711.0 1851.5 1992.0
1711.0 1829.5 1948.0
1489.0 1777.0 2065.0
1637.0 1851.0 2065.0
1222.0 1643.5 2065.0
1222.0 1643.5 2065.0
1222.0 1643.5 2065.0
1222.0 1643.5 2065.0
1222.0 1498.0 1774.0
1222.0 1498.0 1774.0
1222.0 1498.0 1774.0
1222.0 1498.0 1774.0
1222.0 1420.0 1618.0
1222.0 1420.0 1618.0
1222.0 1420.0 1618.0
1222.0 1405.0 1588.0
1222.0 1405.0 1588.0
1222.0 1405.0 1588.0
1222.0 1328.5 1435.0
1222.0 1328.5 1435.0
1222.0 1328.5 1435.0
1222.0 1328.5 1435.0
1222.0 1328.5 1435.0
1222.0 1328.5 1435.0
1222.0 1328.5 1435.0
1222.0 1328.5 1435.0
1032.0 1127.0 1222.0
1032.0 1127.0 1222.0
1222.0 1238.0 1254.0
1222.0 1238.0 1254.0
1032.0 1127.0 1222.0
1032.0 1127.0 1222.0
1032.0 1127.0 1222.0
1032.0 1127.0 1222.0
1032.0 1127.0 1222.0
1032.0 1127.0 1222.0
1032.0 1127.0 1222.0
1032.0 1127.0 1222.0
1032.0 1127.0 1222.0
1032.0 1127.0 1222.0
1032.0 1127.0 1222.0
1032.0 1127.0 1222.0
1032.0 1127.0 1222.0
1032.0 1127.0 1222.0
1032.0 1127.0 1222.0
1032.0 1127.0 1222.0
1032.0 1127.0 1222.0
1032.0 1127.0 1222.0
1032.0 1127.0 1222.0
1032.0 1127.0 1222.0
1032.0 1127.0 1222.0
1032.0 1127.0 1222.0
1032.0 1127.0 1222.0
1032.0 1127.0 1222.0
1032.0 1127.0 1222.0
1032.0 1127.0 1222.0
1032.0 1127.0 1222.0
1032.0 1127.0 1222.0
1032.0 1127.0 1222.0
1032.0 1127.0 1222.0
1032.0 1127.0 1222.0
1032.0 1127.0 1222.0
1032.0 1127.0 1222.0
1032.0 1127.0 1222.0
1032.0 1127.0 1222.0
1032.0 1127.0 1222.0
1032.0 1127.0 1222.0
1032.0 1127.0 1222.0
1032.0 1127.0 1222.0
1032.0 1127.0 1222.0
1032.0 1127.0 1222.0
1032.0 1127.0 1222.0
1032.0 1127.0 1222.0
1032.0 1127.0 1222.0
1032.0 1127.0 1222.0
1032.0 1127.0 1222.0
1032.0 1127.0 1222.0
1032.0 1127.0 1222.0
1032.0 1127.0 1222.0
1032.0 1127.0 1222.0
1032.0 1127.0 1222.0
1032.0 1127.0 1222.0
1032.0 1127.0 1222.0
1032.0 1127.0 1222.0
1032.0 1127.0 1222.0
1032.0 1127.0 1222.0
1032.0 1127.0 1222.0
1032.0 1127.0 1222.0
1032.0 1127.0 1222.0
1032.0 1127.0 1222.0
1032.0 1127.0 1222.0
1032.0 1127.0 1222.0
1032.0 1127.0 1222.0
1032.0 1127.0 1222.0
1032.0 1127.0 1222.0
1032.0 1127.0 1222.0
1032.0 1127.0 1222.0
1032.0 1127.0 1222.0
1032.0 1127.0 1222.0
1032.0 1127.0 1222.0
1032.0 1127.0 1222.0
1032.0 1127.0 1222.0
1032.0 1127.0 1222.0
1032.0 1127.0 1222.0
1032.0 1127.0 1222.0
1032.0 1127.0 1222.0
1032.0 1127.0 1222.0
1032.0 1127.0 1222.0
1032.0 1127.0 1222.0
1032.0 1127.0 1222.0
1032.0 1127.0 1222.0
1032.0 1127.0 1222.0
1032.0 1127.0 1222.0
1032.0 1127.0 1222.0
1032.0 1127.0 1222.0
1032.0 1127.0 1222.0
1032.0 1127.0 1222.0
1032.0 1127.0 1222.0
1032.0 1127.0 1222.0
1032.0 1127.0 1222.0
1032.0 1127.0 1222.0
1032.0 1127.0 1222.0
1032.0 1127.0 1222.0
1032.0 1127.0 1222.0
1032.0 1127.0 1222.0
1032.0 1127.0 1222.0
1032.0 1127.0 1222.0
1032.0 1127.0 1222.0
1032.0 1127.0 1222.0
1032.0 1127.0 1222.0
1032.0 1127.0 1222.0
1032.0 1127.0 1222.0
1032.0 1127.0 1222.0
1032.0 1127.0 1222.0
1032.0 1127.0 1222.0
1032.0 1127.0 1222.0
1032.0 1127.0 1222.0
1032.0 1127.0 1222.0
1032.0 1127.0 1222.0
1032.0 1127.0 1222.0
1032.0 1127.0 1222.0
1032.0 1127.0 1222.0
1032.0 1127.0 1222.0
1032.0 1127.0 1222.0
1032.0 1127.0 1222.0
1032.0 1127.0 1222.0
1032.0 1127.0 1222.0
1032.0 1127.0 1222.0
1032.0 1127.0 1222.0
1032.0 1127.0 1222.0
1032.0 1127.0 1222.0
1032.0 1127.0 1222.0
1032.0 1127.0 1222.0
1032.0 1127.0 1222.0
1032.0 1127.0 1222.0
1032.0 1127.0 1222.0
1032.0 1127.0 1222.0
1032.0 1127.0 1222.0
1032.0 1127.0 1222.0
1032.0 1127.0 1222.0
1032.0 1150.0 1268.0
1032.0 1150.0 1268.0
1032.0 1112.5 1193.0
1032.0 1035.5 1039.0
1032.0 1035.5 1039.0
782.0 907.0 1032.0
782.0 907.0 1032.0
782.0 907.0 1032.0
782.0 907.0 1032.0
782.0 907.0 1032.0
782.0 907.0 1032.0
782.0 907.0 1032.0
782.0 907.0 1032.0
782.0 907.0 1032.0
782.0 907.0 1032.0
782.0 907.0 1032.0
782.0 907.0 1032.0
782.0 907.0 1032.0
782.0 907.0 1032.0
782.0 907.0 1032.0
782.0 907.0 1032.0
782.0 907.0 1032.0
782.0 907.0 1032.0
782.0 907.0 1032.0
782.0 907.0 1032.0
782.0 907.0 1032.0
782.0 907.0 1032.0
782.0 907.0 1032.0
782.0 907.0 1032.0
782.0 907.0 1032.0
