10121.0 11229.0 12337.0
9213.0 9428.0 9643.0
6693.0 7234.0 7775.0
5719.0 5804.0 5889.0
4659.0 4748.5 4838.0
3504.0 3620.5 3737.0
2922.0 3213.0 3504.0
1597.0 2056.0 2515.0
1597.0 2056.0 2515.0
1597.0 1818.5 2040.0
1597.0 1818.5 2040.0
1597.0 1818.5 2040.0
1597.0 1818.5 2040.0
1597.0 1818.5 2040.0
1909.0 1974.5 2040.0
1909.0 1974.5 2040.0
1909.0 1974.5 2040.0
1555.0 1797.5 2040.0
1555.0 1797.5 2040.0
1435.0 1737.5 2040.0
1435.0 1737.5 2040.0
1435.0 1737.5 2040.0
1435.0 1737.5 2040.0
1435.0 1737.5 2040.0
1435.0 1737.5 2040.0
1435.0 1737.5 2040.0
1435.0 1737.5 2040.0
1435.0 1737.5 2040.0
1435.0 1737.5 2040.0
1435.0 1737.5 2040.0
1435.0 1737.5 2040.0
1435.0 1737.5 2040.0
1435.0 1737.5 2040.0
1435.0 1737.5 2040.0
1435.0 1737.5 2040.0
1288.0 1361.5 1435.0
1288.0 1361.5 1435.0
1288.0 1408.0 1528.0
1288.0 1408.0 1528.0
1288.0 1408.0 1528.0
1408.0 1468.0 1528.0
916.0 1222.0 1528.0
916.0 1222.0 1528.0
916.0 1222.0 1528.0
916.0 1029.0 1142.0
916.0 1029.0 1142.0
916.0 1106.5 1297.0
916.0 1106.5 1297.0
916.0 1106.5 1297.0
916.0 1106.5 1297.0
916.0 1106.5 1297.0
916.0 1106.5 1297.0
916.0 1106.5 1297.0
916.0 1106.5 1297.0
916.0 1106.5 1297.0
916.0 1106.5 1297.0
916.0 1106.5 1297.0
916.0 1106.5 1297.0
916.0 1106.5 1297.0
916.0 1106.5 1297.0
916.0 1106.5 1297.0
916.0 1106.5 1297.0
916.0 1106.5 1297.0
916.0 1106.5 1297.0
916.0 1106.5 1297.0
916.0 1106.5 1297.0
916.0 1106.5 1297.0
916.0 1106.5 1297.0
916.0 1106.5 1297.0
916.0 1106.5 1297.0
916.0 1106.5 1297.0
916.0 1106.5 1297.0
916.0 1106.5 1297.0
916.0 1106.5 1297.0
916.0 1106.5 1297.0
916.0 1106.5 1297.0
916.0 1106.5 1297.0
916.0 1106.5 1297.0
916.0 1106.5 1297.0
916.0 1106.5 1297.0
916.0 1106.5 1297.0
916.0 1106.5 1297.0
916.0 1106.5 1297.0
916.0 1106.5 1297.0
916.0 1106.5 1297.0
916.0 1106.5 1297.0
916.0 1106.5 1297.0
916.0 1106.5 1297.0
916.0 1106.5 1297.0
916.0 1106.5 1297.0
916.0 1106.5 1297.0
916.0 1106.5 1297.0
916.0 1106.5 1297.0
916.0 1106.5 1297.0
916.0 1106.5 1297.0
916.0 1106.5 1297.0
916.0 1106.5 1297.0
916.0 1106.5 1297.0
916.0 1106.5 1297.0
916.0 1106.5 1297.0
916.0 1106.5 1297.0
916.0 1106.5 1297.0
916.0 1106.5 1297.0
916.0 1106.5 1297.0
916.0 1106.5 1297.0
916.0 1106.5 1297.0
916.0 1106.5 1297.0
916.0 1106.5 1297.0
916.0 1106.5 1297.0
916.0 1106.5 1297.0
916.0 1106.5 1297.0
916.0 1106.5 1297.0
916.0 1106.5 1297.0
916.0 1106.5 1297.0
916.0 1106.5 1297.0
916.0 1106.5 1297.0
916.0 1106.5 1297.0
916.0 1106.5 1297.0
916.0 1106.5 1297.0
916.0 1106.5 1297.0
916.0 1106.5 1297.0
916.0 1106.5 1297.0
916.0 1106.5 1297.0
916.0 1106.5 1297.0
916.0 1106.5 1297.0
916.0 1106.5 1297.0
916.0 1106.5 1297.0
916.0 1106.5 1297.0
916.0 1106.5 1297.0
916.0 1106.5 1297.0
916.0 1106.5 1297.0
916.0 1106.5 1297.0
916.0 1106.5 1297.0
916.0 1106.5 1297.0
916.0 1106.5 1297.0
916.0 1106.5 1297.0
916.0 1106.5 1297.0
916.0 1106.5 1297.0
916.0 1106.5 1297.0
916.0 1106.5 1297.0
916.0 1106.5 1297.0
916.0 1106.5 1297.0
916.0 1106.5 1297.0
916.0 1106.5 1297.0
916.0 1106.5 1297.0
916.0 1106.5 1297.0
909.0 912.5 916.0
909.0 912.5 916.0
828.0 872.0 916.0
828.0 872.0 916.0
828.0 872.0 916.0
516.0 672.0 828.0
516.0 672.0 828.0
516.0 672.0 828.0
516.0 672.0 828.0
516.0 672.0 828.0
516.0 672.0 828.0
516.0 672.0 828.0
516.0 672.0 828.0
516.0 672.0 828.0
516.0 672.0 828.0
516.0 672.0 828.0
516.0 672.0 828.0
516.0 672.0 828.0
516.0 672.0 828.0
516.0 672.0 828.0
516.0 672.0 828.0
516.0 672.0 828.0
516.0 672.0 828.0
516.0 672.0 828.0
516.0 672.0 828.0
516.0 672.0 828.0
516.0 672.0 828.0
516.0 672.0 828.0
516.0 672.0 828.0
516.0 672.0 828.0
516.0 672.0 828.0
516.0 672.0 828.0
516.0 672.0 828.0
516.0 672.0 828.0
516.0 672.0 828.0
516.0 672.0 828.0
516.0 672.0 828.0
516.0 672.0 828.0
516.0 672.0 828.0
516.0 672.0 828.0
516.0 672.0 828.0
516.0 672.0 828.0
516.0 672.0 828.0
516.0 672.0 828.0
516.0 672.0 828.0
516.0 672.0 828.0
516.0 672.0 828.0
516.0 672.0 828.0
516.0 672.0 828.0
516.0 672.0 828.0
516.0 672.0 828.0
516.0 672.0 828.0
516.0 672.0 828.0
516.0 672.0 828.0
