13373.0 14810.5 16248.0
10150.0 10947.5 11745.0
9651.0 10146.5 10642.0
6099.0 7293.5 8488.0
4721.0 5458.5 6196.0
5207.0 5411.5 5616.0
3563.0 3999.0 4435.0
3523.0 3543.0 3563.0
3064.0 3069.5 3075.0
2248.0 2473.5 2699.0
2248.0 2254.0 2260.0
2048.0 2472.0 2896.0
1704.0 1876.0 2048.0
1704.0 1876.0 2048.0
1704.0 1876.0 2048.0
1704.0 1876.0 2048.0
1704.0 1876.0 2048.0
1704.0 1876.0 2048.0
1704.0 1876.0 2048.0
1704.0 1876.0 2048.0
1704.0 1876.0 2048.0
1704.0 1876.0 2048.0
1704.0 1876.0 2048.0
1704.0 1851.5 1999.0
1704.0 1851.5 1999.0
1704.0 1851.5 1999.0
1704.0 1851.5 1999.0
1704.0 1851.5 1999.0
1704.0 1851.5 1999.0
1704.0 1851.5 1999.0
1704.0 1851.5 1999.0
1704.0 1851.5 1999.0
1704.0 1851.5 1999.0
1704.0 1851.5 1999.0
1704.0 1851.5 1999.0
1704.0 1851.5 1999.0
1704.0 1851.5 1999.0
1704.0 1851.5 1999.0
1704.0 1851.5 1999.0
1704.0 1851.5 1999.0
1704.0 1851.5 1999.0
1704.0 1851.5 1999.0
1704.0 1851.5 1999.0
1704.0 1851.5 1999.0
1704.0 1851.5 1999.0
1704.0 1851.5 1999.0
1704.0 1851.5 1999.0
1704.0 1851.5 1999.0
1704.0 1851.5 1999.0
1704.0 1851.5 1999.0
1704.0 1716.0 1728.0
1704.0 1716.0 1728.0
1704.0 1716.0 1728.0
1704.0 1716.0 1728.0
1704.0 1716.0 1728.0
1704.0 1716.0 1728.0
1704.0 1716.0 1728.0
1704.0 1716.0 1728.0
1704.0 1716.0 1728.0
1704.0 1716.0 1728.0
1704.0 1716.0 1728.0
1704.0 1716.0 1728.0
1704.0 1716.0 1728.0
1704.0 1716.0 1728.0
1704.0 1716.0 1728.0
1704.0 1716.0 1728.0
1704.0 1716.0 1728.0
1704.0 1716.0 1728.0
1704.0 1716.0 1728.0
1704.0 1716.0 1728.0
1704.0 1716.0 1728.0
1704.0 1716.0 1728.0
1704.0 1716.0 1728.0
1704.0 1716.0 1728.0
1704.0 1716.0 1728.0
1704.0 1716.0 1728.0
1704.0 1716.0 1728.0
1704.0 1716.0 1728.0
1704.0 1716.0 1728.0
1704.0 1716.0 1728.0
1704.0 1716.0 1728.0
1704.0 1716.0 1728.0
1704.0 1716.0 1728.0
1704.0 1716.0 1728.0
1704.0 1716.0 1728.0
1704.0 1716.0 1728.0
1704.0 1716.0 1728.0
1704.0 1716.0 1728.0
1704.0 1716.0 1728.0
1704.0 1716.0 1728.0
1704.0 1716.0 1728.0
1704.0 1716.0 1728.0
1704.0 1716.0 1728.0
1704.0 1716.0 1728.0
1704.0 1716.0 1728.0
1704.0 1716.0 1728.0
1704.0 1716.0 1728.0
1704.0 1716.0 1728.0
1704.0 1716.0 1728.0
1704.0 1716.0 1728.0
1704.0 1716.0 1728.0
1704.0 1716.0 1728.0
1704.0 1716.0 1728.0
1704.0 1716.0 1728.0
1704.0 1716.0 1728.0
1704.0 1716.0 1728.0
1704.0 1716.0 1728.0
1704.0 1716.0 1728.0
1704.0 1716.0 1728.0
1704.0 1716.0 1728.0
1704.0 1716.0 1728.0
1704.0 1716.0 1728.0
1704.0 1716.0 1728.0
1704.0 1716.0 1728.0
1704.0 1716.0 1728.0
1704.0 1716.0 1728.0
1704.0 1716.0 1728.0
1704.0 1716.0 1728.0
1704.0 1716.0 1728.0
1704.0 1716.0 1728.0
1704.0 1716.0 1728.0
1704.0 1716.0 1728.0
1704.0 1716.0 1728.0
1704.0 1716.0 1728.0
1704.0 1716.0 1728.0
1704.0 1716.0 1728.0
1704.0 1716.0 1728.0
1704.0 1716.0 1728.0
1704.0 1716.0 1728.0
1704.0 1716.0 1728.0
1704.0 1716.0 1728.0
1704.0 1716.0 1728.0
1704.0 1716.0 1728.0
1704.0 1716.0 1728.0
1704.0 1716.0 1728.0
1704.0 1716.0 1728.0
1704.0 1716.0 1728.0
1704.0 1716.0 1728.0
1704.0 1716.0 1728.0
1704.0 1716.0 1728.0
1704.0 1716.0 1728.0
1704.0 1716.0 1728.0
1704.0 1716.0 1728.0
1704.0 1716.0 1728.0
1704.0 1716.0 1728.0
1704.0 1716.0 1728.0
1704.0 1716.0 1728.0
1704.0 1716.0 1728.0
1704.0 1716.0 1728.0
1704.0 1716.0 1728.0
1704.0 1716.0 1728.0
1704.0 1716.0 1728.0
1704.0 1716.0 1728.0
1704.0 1716.0 1728.0
1704.0 1716.0 1728.0
1704.0 1716.0 1728.0
1704.0 1716.0 1728.0
1704.0 1716.0 1728.0
1679.0 1703.5 1728.0
1230.0 1479.0 1728.0
1052.0 1390.0 1728.0
1052.0 1390.0 1728.0
1052.0 1390.0 1728.0
1052.0 1390.0 1728.0
1052.0 1390.0 1728.0
1052.0 1390.0 1728.0
1052.0 1390.0 1728.0
1052.0 1390.0 1728.0
1052.0 1390.0 1728.0
1052.0 1390.0 1728.0
1052.0 1390.0 1728.0
1052.0 1390.0 1728.0
1052.0 1390.0 1728.0
1052.0 1390.0 1728.0
1052.0 1390.0 1728.0
1052.0 1390.0 1728.0
1052.0 1390.0 1728.0
1052.0 1390.0 1728.0
1052.0 1390.0 1728.0
1052.0 1390.0 1728.0
1052.0 1390.0 1728.0
1052.0 1390.0 1728.0
1052.0 1390.0 1728.0
1052.0 1390.0 1728.0
1052.0 1390.0 1728.0
1052.0 1390.0 1728.0
1052.0 1390.0 1728.0
1052.0 1390.0 1728.0
1052.0 1390.0 1728.0
1052.0 1390.0 1728.0
1052.0 1390.0 1728.0
1052.0 1390.0 1728.0
1052.0 1390.0 1728.0
1052.0 1390.0 1728.0
1052.0 1390.0 1728.0
1052.0 1390.0 1728.0
1052.0 1390.0 1728.0
1052.0 1390.0 1728.0
1052.0 1390.0 1728.0
1052.0 1390.0 1728.0
