12297.0 12576.0 12855.0
9979.0 10020.0 10061.0
7173.0 7237.5 7302.0
6563.0 6780.0 6997.0
4713.0 5248.0 5783.0
3486.0 3893.5 4301.0
3076.0 3154.5 3233.0
2436.0 2460.5 2485.0
1693.0 2064.5 2436.0
1609.0 2022.5 2436.0
1609.0 2022.5 2436.0
1609.0 1935.5 2262.0
1907.0 2084.5 2262.0
1304.0 1605.5 1907.0
1304.0 1605.5 1907.0
1304.0 1605.5 1907.0
1304.0 1605.5 1907.0
1304.0 1605.5 1907.0
1281.0 1292.5 1304.0
1150.0 1227.0 1304.0
1150.0 1227.0 1304.0
664.0 984.0 1304.0
664.0 984.0 1304.0
664.0 984.0 1304.0
664.0 984.0 1304.0
664.0 984.0 1304.0
664.0 984.0 1304.0
664.0 984.0 1304.0
664.0 984.0 1304.0
664.0 984.0 1304.0
664.0 984.0 1304.0
664.0 984.0 1304.0
664.0 984.0 1304.0
664.0 984.0 1304.0
664.0 984.0 1304.0
664.0 984.0 1304.0
664.0 984.0 1304.0
664.0 984.0 1304.0
664.0 984.0 1304.0
664.0 984.0 1304.0
664.0 984.0 1304.0
664.0 984.0 1304.0
664.0 984.0 1304.0
664.0 984.0 1304.0
664.0 984.0 1304.0
664.0 984.0 1304.0
664.0 984.0 1304.0
664.0 984.0 1304.0
664.0 984.0 1304.0
664.0 984.0 1304.0
664.0 984.0 1304.0
664.0 984.0 1304.0
664.0 984.0 1304.0
664.0 984.0 1304.0
664.0 984.0 1304.0
664.0 984.0 1304.0
664.0 984.0 1304.0
664.0 984.0 1304.0
664.0 984.0 1304.0
664.0 984.0 1304.0
664.0 984.0 1304.0
664.0 984.0 1304.0
664.0 984.0 1304.0
664.0 984.0 1304.0
664.0 984.0 1304.0
664.0 984.0 1304.0
664.0 984.0 1304.0
664.0 984.0 1304.0
664.0 984.0 1304.0
664.0 984.0 1304.0
664.0 984.0 1304.0
664.0 984.0 1304.0
664.0 984.0 1304.0
664.0 984.0 1304.0
664.0 984.0 1304.0
664.0 984.0 1304.0
664.0 984.0 1304.0
664.0 984.0 1304.0
664.0 984.0 1304.0
664.0 984.0 1304.0
664.0 984.0 1304.0
664.0 984.0 1304.0
664.0 984.0 1304.0
664.0 984.0 1304.0
664.0 984.0 1304.0
664.0 984.0 1304.0
664.0 984.0 1304.0
664.0 984.0 1304.0
664.0 984.0 1304.0
664.0 984.0 1304.0
664.0 984.0 1304.0
664.0 984.0 1304.0
664.0 984.0 1304.0
664.0 984.0 1304.0
664.0 984.0 1304.0
664.0 984.0 1304.0
664.0 984.0 1304.0
664.0 984.0 1304.0
664.0 984.0 1304.0
664.0 984.0 1304.0
664.0 984.0 1304.0
664.0 984.0 1304.0
664.0 984.0 1304.0
664.0 984.0 1304.0
664.0 984.0 1304.0
664.0 984.0 1304.0
664.0 984.0 1304.0
664.0 984.0 1304.0
664.0 984.0 1304.0
664.0 984.0 1304.0
664.0 984.0 1304.0
664.0 984.0 1304.0
664.0 984.0 1304.0
664.0 984.0 1304.0
664.0 984.0 1304.0
664.0 984.0 1304.0
664.0 984.0 1304.0
664.0 984.0 1304.0
664.0 984.0 1304.0
664.0 984.0 1304.0
664.0 984.0 1304.0
664.0 984.0 1304.0
664.0 984.0 1304.0
664.0 984.0 1304.0
664.0 984.0 1304.0
664.0 984.0 1304.0
664.0 984.0 1304.0
664.0 984.0 1304.0
664.0 984.0 1304.0
664.0 984.0 1304.0
664.0 984.0 1304.0
664.0 984.0 1304.0
664.0 984.0 1304.0
664.0 984.0 1304.0
664.0 984.0 1304.0
664.0 984.0 1304.0
664.0 984.0 1304.0
664.0 984.0 1304.0
664.0 984.0 1304.0
664.0 984.0 1304.0
664.0 984.0 1304.0
664.0 984.0 1304.0
664.0 984.0 1304.0
664.0 984.0 1304.0
664.0 984.0 1304.0
664.0 984.0 1304.0
664.0 984.0 1304.0
664.0 984.0 1304.0
664.0 984.0 1304.0
664.0 984.0 1304.0
664.0 984.0 1304.0
664.0 984.0 1304.0
664.0 984.0 1304.0
664.0 984.0 1304.0
664.0 984.0 1304.0
664.0 984.0 1304.0
664.0 984.0 1304.0
664.0 984.0 1304.0
664.0 984.0 1304.0
664.0 984.0 1304.0
664.0 984.0 1304.0
664.0 984.0 1304.0
664.0 984.0 1304.0
664.0 984.0 1304.0
664.0 984.0 1304.0
664.0 984.0 1304.0
664.0 984.0 1304.0
664.0 984.0 1304.0
664.0 984.0 1304.0
664.0 984.0 1304.0
664.0 769.0 874.0
664.0 769.0 874.0
664.0 732.5 801.0
664.0 732.5 801.0
664.0 732.5 801.0
664.0 732.5 801.0
664.0 732.5 801.0
664.0 732.5 801.0
664.0 732.5 801.0
664.0 732.5 801.0
664.0 732.5 801.0
664.0 732.5 801.0
664.0 732.5 801.0
664.0 732.5 801.0
664.0 732.5 801.0
664.0 732.5 801.0
664.0 732.5 801.0
664.0 732.5 801.0
664.0 732.5 801.0
664.0 732.5 801.0
664.0 732.5 801.0
664.0 732.5 801.0
664.0 732.5 801.0
664.0 732.5 801.0
664.0 732.5 801.0
664.0 732.5 801.0
664.0 732.5 801.0
664.0 732.5 801.0
664.0 732.5 801.0
664.0 732.5 801.0
