9645.0 11945.0 14245.0
8246.0 10368.5 12491.0
6547.0 8522.5 10498.0
5002.0 7197.0 9392.0
3719.0 4825.0 5931.0
3349.0 4011.0 4673.0
2629.0 4117.0 5605.0
2629.0 3033.5 3438.0
2629.0 3140.5 3652.0
1419.0 2024.0 2629.0
1419.0 1895.0 2371.0
1419.0 1696.0 1973.0
1419.0 1524.0 1629.0
1419.0 1524.0 1629.0
1128.0 1273.5 1419.0
1128.0 1273.5 1419.0
1128.0 1273.5 1419.0
1128.0 1273.5 1419.0
1128.0 1259.0 1390.0
1128.0 1259.0 1390.0
1128.0 1259.0 1390.0
1128.0 1259.0 1390.0
1128.0 1259.0 1390.0
1128.0 1259.0 1390.0
1128.0 1259.0 1390.0
1128.0 1259.0 1390.0
1128.0 1259.0 1390.0
1128.0 1259.0 1390.0
1128.0 1259.0 1390.0
1128.0 1259.0 1390.0
1128.0 1259.0 1390.0
1128.0 1259.0 1390.0
1128.0 1259.0 1390.0
1128.0 1259.0 1390.0
1128.0 1259.0 1390.0
1128.0 1259.0 1390.0
1128.0 1259.0 1390.0
1128.0 1259.0 1390.0
1128.0 1259.0 1390.0
1128.0 1259.0 1390.0
1128.0 1259.0 1390.0
1128.0 1259.0 1390.0
1128.0 1259.0 1390.0
1128.0 1259.0 1390.0
1128.0 1259.0 1390.0
1128.0 1259.0 1390.0
1128.0 1259.0 1390.0
1128.0 1259.0 1390.0
1128.0 1259.0 1390.0
1128.0 1259.0 1390.0
1128.0 1259.0 1390.0
1128.0 1259.0 1390.0
1128.0 1259.0 1390.0
1128.0 1259.0 1390.0
1128.0 1259.0 1390.0
1128.0 1259.0 1390.0
1128.0 1259.0 1390.0
1128.0 1259.0 1390.0
1128.0 1259.0 1390.0
1128.0 1259.0 1390.0
1128.0 1259.0 1390.0
1128.0 1259.0 1390.0
1128.0 1259.0 1390.0
1128.0 1259.0 1390.0
1128.0 1259.0 1390.0
1128.0 1259.0 1390.0
1128.0 1259.0 1390.0
1128.0 1259.0 1390.0
1128.0 1259.0 1390.0
1128.0 1259.0 1390.0
1128.0 1259.0 1390.0
1128.0 1259.0 1390.0
1128.0 1259.0 1390.0
1128.0 1259.0 1390.0
1128.0 1259.0 1390.0
1128.0 1259.0 1390.0
1128.0 1259.0 1390.0
1128.0 1259.0 1390.0
1128.0 1259.0 1390.0
1128.0 1259.0 1390.0
1128.0 1259.0 1390.0
1128.0 1259.0 1390.0
1128.0 1259.0 1390.0
1128.0 1259.0 1390.0
1128.0 1259.0 1390.0
1128.0 1259.0 1390.0
1128.0 1259.0 1390.0
1128.0 1259.0 1390.0
1128.0 1259.0 1390.0
1128.0 1259.0 1390.0
1128.0 1259.0 1390.0
1128.0 1259.0 1390.0
1128.0 1259.0 1390.0
1128.0 1259.0 1390.0
1128.0 1259.0 1390.0
1128.0 1259.0 1390.0
1128.0 1259.0 1390.0
1128.0 1259.0 1390.0
1128.0 1259.0 1390.0
1128.0 1259.0 1390.0
1128.0 1259.0 1390.0
1128.0 1259.0 1390.0
1128.0 1259.0 1390.0
1128.0 1259.0 1390.0
1128.0 1259.0 1390.0
1128.0 1259.0 1390.0
1128.0 1259.0 1390.0
1128.0 1259.0 1390.0
1128.0 1259.0 1390.0
1128.0 1259.0 1390.0
1128.0 1259.0 1390.0
1128.0 1259.0 1390.0
1128.0 1259.0 1390.0
1128.0 1259.0 1390.0
1128.0 1259.0 1390.0
1128.0 1259.0 1390.0
1128.0 1259.0 1390.0
1128.0 1259.0 1390.0
1128.0 1259.0 1390.0
1128.0 1259.0 1390.0
1128.0 1259.0 1390.0
1128.0 1259.0 1390.0
1128.0 1259.0 1390.0
1128.0 1259.0 1390.0
1128.0 1259.0 1390.0
1128.0 1259.0 1390.0
1128.0 1259.0 1390.0
1128.0 1259.0 1390.0
1128.0 1259.0 1390.0
1128.0 1259.0 1390.0
1128.0 1259.0 1390.0
1128.0 1259.0 1390.0
1128.0 1259.0 1390.0
1128.0 1259.0 1390.0
1128.0 1259.0 1390.0
1128.0 1259.0 1390.0
1128.0 1259.0 1390.0
1128.0 1259.0 1390.0
1128.0 1259.0 1390.0
1128.0 1259.0 1390.0
1128.0 1259.0 1390.0
1128.0 1259.0 1390.0
1128.0 1259.0 1390.0
1128.0 1259.0 1390.0
1128.0 1259.0 1390.0
1128.0 1259.0 1390.0
1128.0 1259.0 1390.0
1128.0 1259.0 1390.0
1128.0 1259.0 1390.0
1128.0 1259.0 1390.0
1128.0 1259.0 1390.0
1128.0 1259.0 1390.0
1128.0 1259.0 1390.0
1128.0 1259.0 1390.0
1128.0 1259.0 1390.0
1128.0 1259.0 1390.0
1128.0 1259.0 1390.0
1128.0 1259.0 1390.0
1128.0 1259.0 1390.0
1128.0 1259.0 1390.0
1128.0 1259.0 1390.0
1128.0 1259.0 1390.0
1128.0 1259.0 1390.0
1128.0 1259.0 1390.0
1128.0 1259.0 1390.0
1128.0 1259.0 1390.0
1128.0 1259.0 1390.0
1128.0 1259.0 1390.0
1128.0 1259.0 1390.0
1128.0 1259.0 1390.0
1128.0 1259.0 1390.0
1128.0 1259.0 1390.0
1128.0 1259.0 1390.0
1128.0 1259.0 1390.0
1128.0 1259.0 1390.0
1128.0 1259.0 1390.0
1128.0 1259.0 1390.0
1128.0 1259.0 1390.0
1128.0 1259.0 1390.0
1128.0 1259.0 1390.0
1128.0 1259.0 1390.0
1128.0 1259.0 1390.0
1128.0 1259.0 1390.0
1128.0 1259.0 1390.0
1128.0 1259.0 1390.0
1128.0 1259.0 1390.0
1128.0 1259.0 1390.0
1128.0 1259.0 1390.0
1128.0 1259.0 1390.0
1128.0 1259.0 1390.0
1128.0 1259.0 1390.0
1128.0 1259.0 1390.0
1128.0 1259.0 1390.0
1128.0 1259.0 1390.0
1128.0 1259.0 1390.0
1128.0 1259.0 1390.0
1128.0 1259.0 1390.0
1128.0 1259.0 1390.0
1128.0 1259.0 1390.0
1128.0 1259.0 1390.0
