14619.0 14770.0 14921.0
11876.0 12227.5 12579.0
10806.0 12287.5 13769.0
7996.0 9207.0 10418.0
9665.0 9860.5 10056.0
7416.0 7947.5 8479.0
5138.0 6396.5 7655.0
4794.0 5055.5 5317.0
3832.0 4383.5 4935.0
3832.0 4161.5 4491.0
3361.0 3926.0 4491.0
3361.0 3459.5 3558.0
3361.0 3550.5 3740.0
3361.0 3550.5 3740.0
2823.0 3092.0 3361.0
2823.0 2982.5 3142.0
2615.0 2696.0 2777.0
1805.0 2291.0 2777.0
1805.0 2291.0 2777.0
1805.0 2291.0 2777.0
1805.0 2291.0 2777.0
1805.0 2291.0 2777.0
1805.0 2291.0 2777.0
1805.0 2291.0 2777.0
1805.0 2291.0 2777.0
1805.0 2291.0 2777.0
1805.0 2291.0 2777.0
1805.0 2291.0 2777.0
1805.0 2291.0 2777.0
1805.0 2291.0 2777.0
1805.0 2291.0 2777.0
1805.0 2291.0 2777.0
1805.0 2291.0 2777.0
1805.0 2291.0 2777.0
1805.0 2291.0 2777.0
1805.0 2291.0 2777.0
1805.0 2291.0 2777.0
1805.0 2291.0 2777.0
1805.0 1820.0 1835.0
1805.0 1820.0 1835.0
1678.0 1756.5 1835.0
1678.0 1756.5 1835.0
1678.0 1756.5 1835.0
1678.0 1680.0 1682.0
1678.0 1681.0 1684.0
1678.0 1681.0 1684.0
1678.0 1681.0 1684.0
1678.0 1681.0 1684.0
1678.0 1681.0 1684.0
1678.0 1681.0 1684.0
1678.0 1681.0 1684.0
1678.0 1681.0 1684.0
1610.0 1647.0 1684.0
1610.0 1647.0 1684.0
1610.0 1647.0 1684.0
1610.0 1647.0 1684.0
1610.0 1647.0 1684.0
1610.0 1647.0 1684.0
1610.0 1647.0 1684.0
1610.0 1647.0 1684.0
1610.0 1647.0 1684.0
1610.0 1647.0 1684.0
1610.0 1647.0 1684.0
1610.0 1647.0 1684.0
1610.0 1647.0 1684.0
1610.0 1647.0 1684.0
1610.0 1647.0 1684.0
1610.0 1647.0 1684.0
1610.0 1647.0 1684.0
1610.0 1647.0 1684.0
1610.0 1647.0 1684.0
1610.0 1647.0 1684.0
1610.0 1647.0 1684.0
1610.0 1647.0 1684.0
1610.0 1647.0 1684.0
1610.0 1647.0 1684.0
1610.0 1647.0 1684.0
1610.0 1647.0 1684.0
1610.0 1647.0 1684.0
1610.0 1647.0 1684.0
1610.0 1647.0 1684.0
1610.0 1647.0 1684.0
1610.0 1647.0 1684.0
1610.0 1647.0 1684.0
1610.0 1647.0 1684.0
1610.0 1647.0 1684.0
1610.0 1647.0 1684.0
1610.0 1647.0 1684.0
1610.0 1647.0 1684.0
1610.0 1647.0 1684.0
1610.0 1647.0 1684.0
1610.0 1647.0 1684.0
1610.0 1647.0 1684.0
1610.0 1647.0 1684.0
1610.0 1647.0 1684.0
1610.0 1647.0 1684.0
1610.0 1647.0 1684.0
1610.0 1647.0 1684.0
1610.0 1647.0 1684.0
1610.0 1647.0 1684.0
1610.0 1647.0 1684.0
1610.0 1647.0 1684.0
1610.0 1647.0 1684.0
1610.0 1647.0 1684.0
1610.0 1647.0 1684.0
1610.0 1647.0 1684.0
1610.0 1647.0 1684.0
1610.0 1647.0 1684.0
1610.0 1647.0 1684.0
1610.0 1647.0 1684.0
1610.0 1647.0 1684.0
1610.0 1647.0 1684.0
1610.0 1647.0 1684.0
1610.0 1647.0 1684.0
1610.0 1647.0 1684.0
1610.0 1647.0 1684.0
1610.0 1647.0 1684.0
1610.0 1647.0 1684.0
1610.0 1647.0 1684.0
1610.0 1647.0 1684.0
1610.0 1647.0 1684.0
1610.0 1647.0 1684.0
1610.0 1647.0 1684.0
1610.0 1647.0 1684.0
1610.0 1647.0 1684.0
1610.0 1647.0 1684.0
1610.0 1647.0 1684.0
1610.0 1647.0 1684.0
1610.0 1647.0 1684.0
1610.0 1647.0 1684.0
1610.0 1647.0 1684.0
1610.0 1647.0 1684.0
1610.0 1647.0 1684.0
1610.0 1647.0 1684.0
1610.0 1647.0 1684.0
1610.0 1647.0 1684.0
1610.0 1647.0 1684.0
1610.0 1647.0 1684.0
1610.0 1647.0 1684.0
1610.0 1647.0 1684.0
1610.0 1647.0 1684.0
1610.0 1647.0 1684.0
1381.0 1495.5 1610.0
1381.0 1495.5 1610.0
1381.0 1495.5 1610.0
1381.0 1495.5 1610.0
1381.0 1495.5 1610.0
1381.0 1495.5 1610.0
1381.0 1495.5 1610.0
1381.0 1623.0 1865.0
1381.0 1623.0 1865.0
1381.0 1623.0 1865.0
1381.0 1623.0 1865.0
1381.0 1623.0 1865.0
1381.0 1623.0 1865.0
1381.0 1623.0 1865.0
1381.0 1623.0 1865.0
1381.0 1623.0 1865.0
1381.0 1623.0 1865.0
1381.0 1623.0 1865.0
1381.0 1623.0 1865.0
1381.0 1623.0 1865.0
1381.0 1623.0 1865.0
1381.0 1623.0 1865.0
1381.0 1623.0 1865.0
1381.0 1623.0 1865.0
1381.0 1623.0 1865.0
1381.0 1623.0 1865.0
1381.0 1623.0 1865.0
1381.0 1623.0 1865.0
1381.0 1623.0 1865.0
1381.0 1623.0 1865.0
1381.0 1623.0 1865.0
1381.0 1623.0 1865.0
1381.0 1760.5 2140.0
1381.0 1493.0 1605.0
1381.0 1493.0 1605.0
1381.0 1493.0 1605.0
1381.0 1493.0 1605.0
1381.0 1493.0 1605.0
1381.0 1493.0 1605.0
1381.0 1493.0 1605.0
1381.0 1493.0 1605.0
1381.0 1493.0 1605.0
1381.0 1493.0 1605.0
1381.0 1493.0 1605.0
1381.0 1493.0 1605.0
1381.0 1493.0 1605.0
1381.0 1493.0 1605.0
1381.0 1493.0 1605.0
1381.0 1493.0 1605.0
1381.0 1493.0 1605.0
1381.0 1493.0 1605.0
1381.0 1493.0 1605.0
1381.0 1493.0 1605.0
1381.0 1493.0 1605.0
1381.0 1493.0 1605.0
1381.0 1493.0 1605.0
1381.0 1493.0 1605.0
1381.0 1493.0 1605.0
