13953.0 14120.0 14287.0
11307.0 11504.5 11702.0
9574.0 10546.5 11519.0
6798.0 7540.5 8283.0
5590.0 7187.0 8784.0
5590.0 6048.0 6506.0
4693.0 6119.0 7545.0
3987.0 5229.5 6472.0
3422.0 4748.5 6075.0
3751.0 4290.0 4829.0
3074.0 3673.5 4273.0
3074.0 3673.5 4273.0
3062.0 3068.0 3074.0
2924.0 2999.0 3074.0
2924.0 2999.0 3074.0
2924.0 2999.0 3074.0
2512.0 2793.0 3074.0
2099.0 2586.5 3074.0
2099.0 2586.5 3074.0
2099.0 2586.5 3074.0
2099.0 2586.5 3074.0
2099.0 2586.5 3074.0
2099.0 2586.5 3074.0
2099.0 2586.5 3074.0
2099.0 2586.5 3074.0
2099.0 2586.5 3074.0
2099.0 2586.5 3074.0
2099.0 2586.5 3074.0
2099.0 2586.5 3074.0
2099.0 2586.5 3074.0
1974.0 2036.5 2099.0
1974.0 2036.5 2099.0
1974.0 2036.5 2099.0
2099.0 2326.0 2553.0
2099.0 2178.5 2258.0
2099.0 2110.5 2122.0
2099.0 2110.5 2122.0
2099.0 2110.5 2122.0
2099.0 2110.5 2122.0
2099.0 2110.5 2122.0
2099.0 2110.5 2122.0
2099.0 2110.5 2122.0
2099.0 2110.5 2122.0
2099.0 2110.5 2122.0
2099.0 2110.5 2122.0
1889.0 2005.5 2122.0
1889.0 2005.5 2122.0
1889.0 2005.5 2122.0
1889.0 2005.5 2122.0
1889.0 2005.5 2122.0
1889.0 2005.5 2122.0
1889.0 2005.5 2122.0
1889.0 2005.5 2122.0
1889.0 2005.5 2122.0
1889.0 2005.5 2122.0
1889.0 2005.5 2122.0
1889.0 2005.5 2122.0
1889.0 2005.5 2122.0
1889.0 2005.5 2122.0
1665.0 1893.5 2122.0
1665.0 1893.5 2122.0
1665.0 1893.5 2122.0
1665.0 1893.5 2122.0
1665.0 1893.5 2122.0
1745.0 1933.5 2122.0
1540.0 1831.0 2122.0
1319.0 1720.5 2122.0
1319.0 1720.5 2122.0
1319.0 1720.5 2122.0
1319.0 1720.5 2122.0
1319.0 1720.5 2122.0
1319.0 1720.5 2122.0
1319.0 1720.5 2122.0
1319.0 1720.5 2122.0
1319.0 1720.5 2122.0
1319.0 1720.5 2122.0
1319.0 1720.5 2122.0
1319.0 1720.5 2122.0
1319.0 1720.5 2122.0
1319.0 1720.5 2122.0
1319.0 1720.5 2122.0
1319.0 1720.5 2122.0
1319.0 1720.5 2122.0
1319.0 1720.5 2122.0
1319.0 1720.5 2122.0
1319.0 1720.5 2122.0
1319.0 1720.5 2122.0
1319.0 1720.5 2122.0
1319.0 1720.5 2122.0
1319.0 1661.5 2004.0
1319.0 1661.5 2004.0
1319.0 1661.5 2004.0
1319.0 1661.5 2004.0
1319.0 1661.5 2004.0
1319.0 1661.5 2004.0
1319.0 1661.5 2004.0
1319.0 1661.5 2004.0
1319.0 1661.5 2004.0
1319.0 1661.5 2004.0
1319.0 1661.5 2004.0
1319.0 1661.5 2004.0
1319.0 1661.5 2004.0
1319.0 1661.5 2004.0
1319.0 1661.5 2004.0
1319.0 1661.5 2004.0
1319.0 1661.5 2004.0
1319.0 1661.5 2004.0
1319.0 1661.5 2004.0
1319.0 1661.5 2004.0
1319.0 1661.5 2004.0
1319.0 1661.5 2004.0
1319.0 1661.5 2004.0
1319.0 1661.5 2004.0
1319.0 1661.5 2004.0
1319.0 1661.5 2004.0
1319.0 1661.5 2004.0
1319.0 1661.5 2004.0
1319.0 1661.5 2004.0
1319.0 1661.5 2004.0
1319.0 1661.5 2004.0
1319.0 1661.5 2004.0
1319.0 1661.5 2004.0
1319.0 1661.5 2004.0
1319.0 1661.5 2004.0
1319.0 1661.5 2004.0
1319.0 1661.5 2004.0
1319.0 1661.5 2004.0
1319.0 1661.5 2004.0
1319.0 1661.5 2004.0
1319.0 1661.5 2004.0
1062.0 1533.0 2004.0
1062.0 1533.0 2004.0
1062.0 1533.0 2004.0
1062.0 1533.0 2004.0
1062.0 1533.0 2004.0
1062.0 1533.0 2004.0
1062.0 1533.0 2004.0
1062.0 1533.0 2004.0
1062.0 1533.0 2004.0
1062.0 1533.0 2004.0
1062.0 1533.0 2004.0
1062.0 1533.0 2004.0
1062.0 1533.0 2004.0
1062.0 1533.0 2004.0
1062.0 1533.0 2004.0
1062.0 1533.0 2004.0
1062.0 1533.0 2004.0
1062.0 1533.0 2004.0
1062.0 1533.0 2004.0
1062.0 1533.0 2004.0
1062.0 1533.0 2004.0
1062.0 1533.0 2004.0
1062.0 1533.0 2004.0
1062.0 1533.0 2004.0
1062.0 1533.0 2004.0
1062.0 1533.0 2004.0
1062.0 1533.0 2004.0
1062.0 1533.0 2004.0
1062.0 1533.0 2004.0
1062.0 1533.0 2004.0
1062.0 1533.0 2004.0
1062.0 1533.0 2004.0
1062.0 1533.0 2004.0
1062.0 1533.0 2004.0
1062.0 1533.0 2004.0
1062.0 1533.0 2004.0
1062.0 1533.0 2004.0
1062.0 1533.0 2004.0
1062.0 1533.0 2004.0
1062.0 1533.0 2004.0
1062.0 1533.0 2004.0
1062.0 1533.0 2004.0
1062.0 1533.0 2004.0
1062.0 1533.0 2004.0
1062.0 1533.0 2004.0
1062.0 1533.0 2004.0
1062.0 1533.0 2004.0
1062.0 1533.0 2004.0
1062.0 1533.0 2004.0
1062.0 1533.0 2004.0
1062.0 1533.0 2004.0
1062.0 1533.0 2004.0
1062.0 1533.0 2004.0
1062.0 1533.0 2004.0
1062.0 1533.0 2004.0
1062.0 1533.0 2004.0
1062.0 1533.0 2004.0
1062.0 1533.0 2004.0
1062.0 1533.0 2004.0
1062.0 1533.0 2004.0
1062.0 1533.0 2004.0
1062.0 1533.0 2004.0
1062.0 1533.0 2004.0
1062.0 1533.0 2004.0
1062.0 1533.0 2004.0
1062.0 1533.0 2004.0
1062.0 1533.0 2004.0
1062.0 1533.0 2004.0
1062.0 1533.0 2004.0
1062.0 1533.0 2004.0
