14674.0 16528.5 18383.0
12580.0 12806.0 13032.0
7096.0 10009.5 12923.0
7032.0 8491.5 9951.0
6432.0 7785.0 9138.0
4958.0 6635.5 8313.0
4428.0 4712.0 4996.0
3980.0 4028.0 4076.0
3276.0 3628.0 3980.0
2997.0 3086.5 3176.0
2997.0 3087.0 3177.0
2997.0 3087.0 3177.0
2273.0 2725.0 3177.0
2009.0 2174.5 2340.0
1734.0 2013.0 2292.0
1734.0 2013.0 2292.0
1734.0 2013.0 2292.0
1734.0 2013.0 2292.0
1734.0 2013.0 2292.0
1734.0 2013.0 2292.0
1734.0 2013.0 2292.0
1734.0 2013.0 2292.0
1734.0 2013.0 2292.0
1734.0 2013.0 2292.0
1734.0 2013.0 2292.0
1734.0 2013.0 2292.0
1734.0 2013.0 2292.0
1734.0 2013.0 2292.0
1734.0 2013.0 2292.0
1734.0 2013.0 2292.0
1734.0 2013.0 2292.0
1734.0 2013.0 2292.0
1734.0 2013.0 2292.0
1734.0 2013.0 2292.0
1734.0 2013.0 2292.0
1734.0 2013.0 2292.0
1734.0 2013.0 2292.0
1734.0 2013.0 2292.0
1734.0 2013.0 2292.0
1734.0 2013.0 2292.0
1734.0 2013.0 2292.0
1464.0 1599.0 1734.0
1464.0 1599.0 1734.0
1464.0 1599.0 1734.0
1464.0 1599.0 1734.0
1464.0 1599.0 1734.0
1464.0 1599.0 1734.0
1464.0 1599.0 1734.0
1464.0 1599.0 1734.0
1464.0 1599.0 1734.0
1464.0 1599.0 1734.0
1464.0 1599.0 1734.0
1464.0 1599.0 1734.0
1464.0 1599.0 1734.0
1464.0 1599.0 1734.0
1464.0 1599.0 1734.0
1464.0 1599.0 1734.0
1464.0 1599.0 1734.0
1464.0 1599.0 1734.0
1464.0 1599.0 1734.0
1464.0 1599.0 1734.0
1464.0 1599.0 1734.0
1464.0 1599.0 1734.0
1464.0 1599.0 1734.0
1464.0 1599.0 1734.0
1464.0 1599.0 1734.0
1464.0 1599.0 1734.0
1464.0 1599.0 1734.0
1464.0 1599.0 1734.0
1464.0 1599.0 1734.0
1464.0 1599.0 1734.0
1464.0 1599.0 1734.0
1464.0 1599.0 1734.0
1464.0 1599.0 1734.0
1464.0 1599.0 1734.0
1464.0 1599.0 1734.0
1464.0 1599.0 1734.0
1464.0 1599.0 1734.0
1464.0 1599.0 1734.0
1464.0 1599.0 1734.0
1464.0 1599.0 1734.0
1464.0 1599.0 1734.0
1464.0 1599.0 1734.0
1464.0 1599.0 1734.0
1464.0 1599.0 1734.0
1464.0 1599.0 1734.0
1464.0 1599.0 1734.0
1464.0 1599.0 1734.0
1464.0 1599.0 1734.0
1464.0 1599.0 1734.0
1464.0 1599.0 1734.0
1464.0 1599.0 1734.0
1464.0 1599.0 1734.0
1464.0 1599.0 1734.0
1464.0 1599.0 1734.0
1464.0 1599.0 1734.0
1464.0 1599.0 1734.0
1464.0 1599.0 1734.0
1464.0 1599.0 1734.0
1464.0 1599.0 1734.0
1464.0 1599.0 1734.0
1464.0 1599.0 1734.0
1464.0 1599.0 1734.0
1464.0 1599.0 1734.0
1464.0 1599.0 1734.0
1464.0 1599.0 1734.0
1464.0 1599.0 1734.0
1464.0 1599.0 1734.0
1464.0 1599.0 1734.0
1464.0 1599.0 1734.0
1464.0 1599.0 1734.0
1464.0 1599.0 1734.0
1464.0 1599.0 1734.0
1464.0 1599.0 1734.0
1464.0 1599.0 1734.0
1464.0 1599.0 1734.0
1464.0 1599.0 1734.0
1464.0 1599.0 1734.0
1464.0 1599.0 1734.0
1464.0 1599.0 1734.0
1464.0 1599.0 1734.0
1464.0 1599.0 1734.0
1464.0 1599.0 1734.0
1464.0 1599.0 1734.0
1464.0 1599.0 1734.0
1464.0 1599.0 1734.0
1464.0 1599.0 1734.0
1464.0 1599.0 1734.0
1464.0 1599.0 1734.0
1464.0 1599.0 1734.0
1464.0 1599.0 1734.0
1464.0 1599.0 1734.0
1464.0 1599.0 1734.0
1464.0 1599.0 1734.0
1464.0 1599.0 1734.0
1464.0 1599.0 1734.0
1464.0 1599.0 1734.0
1464.0 1599.0 1734.0
1464.0 1599.0 1734.0
1464.0 1599.0 1734.0
1464.0 1599.0 1734.0
1464.0 1599.0 1734.0
1464.0 1599.0 1734.0
1464.0 1599.0 1734.0
1464.0 1599.0 1734.0
1464.0 1599.0 1734.0
1464.0 1599.0 1734.0
1464.0 1599.0 1734.0
1464.0 1547.5 1631.0
1287.0 1375.5 1464.0
1287.0 1375.5 1464.0
1287.0 1375.5 1464.0
1287.0 1375.5 1464.0
1287.0 1375.5 1464.0
1287.0 1375.5 1464.0
1287.0 1375.5 1464.0
1287.0 1375.5 1464.0
1287.0 1375.5 1464.0
1287.0 1375.5 1464.0
1287.0 1375.5 1464.0
1287.0 1375.5 1464.0
1287.0 1375.5 1464.0
1287.0 1375.5 1464.0
1287.0 1375.5 1464.0
1287.0 1375.5 1464.0
1287.0 1375.5 1464.0
1287.0 1375.5 1464.0
1287.0 1375.5 1464.0
1287.0 1375.5 1464.0
1287.0 1375.5 1464.0
1287.0 1375.5 1464.0
1287.0 1375.5 1464.0
1287.0 1375.5 1464.0
1287.0 1375.5 1464.0
1287.0 1375.5 1464.0
1287.0 1375.5 1464.0
1287.0 1375.5 1464.0
1287.0 1375.5 1464.0
1287.0 1375.5 1464.0
1287.0 1375.5 1464.0
1287.0 1375.5 1464.0
1287.0 1375.5 1464.0
1287.0 1375.5 1464.0
1287.0 1375.5 1464.0
1287.0 1375.5 1464.0
1287.0 1375.5 1464.0
1287.0 1375.5 1464.0
1287.0 1375.5 1464.0
1287.0 1375.5 1464.0
1287.0 1375.5 1464.0
1287.0 1375.5 1464.0
1287.0 1375.5 1464.0
1287.0 1375.5 1464.0
1287.0 1375.5 1464.0
1287.0 1375.5 1464.0
1287.0 1375.5 1464.0
1287.0 1375.5 1464.0
1287.0 1375.5 1464.0
1287.0 1375.5 1464.0
1287.0 1375.5 1464.0
