15754.0 16432.5 17111.0
10905.0 11995.0 13085.0
7509.0 8535.5 9562.0
7016.0 7541.5 8067.0
5592.0 6923.5 8255.0
5592.0 6176.0 6760.0
4423.0 5450.0 6477.0
2772.0 3500.0 4228.0
2772.0 3500.0 4228.0
2772.0 3729.0 4686.0
2772.0 2970.5 3169.0
2684.0 2728.0 2772.0
2684.0 2728.0 2772.0
2684.0 2728.0 2772.0
2576.0 2674.0 2772.0
2576.0 2674.0 2772.0
2576.0 2674.0 2772.0
2576.0 2674.0 2772.0
2576.0 2674.0 2772.0
2576.0 2674.0 2772.0
2576.0 2674.0 2772.0
2576.0 2674.0 2772.0
2747.0 2759.5 2772.0
2013.0 2122.0 2231.0
2013.0 2122.0 2231.0
2013.0 2122.0 2231.0
2013.0 2122.0 2231.0
2013.0 2122.0 2231.0
2013.0 2122.0 2231.0
2013.0 2122.0 2231.0
2013.0 2122.0 2231.0
2013.0 2122.0 2231.0
2013.0 2122.0 2231.0
2013.0 2122.0 2231.0
2013.0 2122.0 2231.0
2013.0 2122.0 2231.0
2013.0 2122.0 2231.0
2013.0 2122.0 2231.0
2013.0 2122.0 2231.0
2013.0 2122.0 2231.0
2013.0 2122.0 2231.0
2013.0 2122.0 2231.0
2013.0 2122.0 2231.0
2013.0 2122.0 2231.0
2013.0 2122.0 2231.0
2013.0 2122.0 2231.0
2013.0 2122.0 2231.0
2013.0 2122.0 2231.0
2013.0 2122.0 2231.0
2013.0 2122.0 2231.0
2013.0 2122.0 2231.0
2013.0 2122.0 2231.0
2013.0 2122.0 2231.0
2013.0 2122.0 2231.0
2013.0 2122.0 2231.0
2013.0 2122.0 2231.0
2013.0 2122.0 2231.0
2013.0 2122.0 2231.0
2013.0 2122.0 2231.0
2013.0 2122.0 2231.0
2013.0 2122.0 2231.0
2013.0 2122.0 2231.0
2013.0 2122.0 2231.0
2013.0 2122.0 2231.0
2013.0 2122.0 2231.0
2013.0 2122.0 2231.0
2013.0 2122.0 2231.0
2013.0 2122.0 2231.0
2013.0 2122.0 2231.0
2013.0 2122.0 2231.0
2013.0 2122.0 2231.0
2013.0 2122.0 2231.0
2013.0 2122.0 2231.0
2013.0 2122.0 2231.0
2013.0 2122.0 2231.0
2013.0 2122.0 2231.0
2231.0 2255.0 2279.0
1624.0 1927.5 2231.0
1364.0 1797.5 2231.0
1364.0 1797.5 2231.0
1364.0 1797.5 2231.0
1364.0 1797.5 2231.0
1364.0 1471.5 1579.0
1364.0 1548.0 1732.0
1364.0 1377.0 1390.0
1364.0 1377.0 1390.0
1364.0 1377.0 1390.0
1364.0 1377.0 1390.0
1364.0 1377.0 1390.0
1364.0 1377.0 1390.0
1364.0 1377.0 1390.0
1364.0 1377.0 1390.0
1364.0 1377.0 1390.0
1364.0 1377.0 1390.0
1364.0 1377.0 1390.0
1364.0 1377.0 1390.0
1364.0 1377.0 1390.0
1364.0 1377.0 1390.0
1364.0 1377.0 1390.0
1364.0 1377.0 1390.0
1364.0 1377.0 1390.0
1364.0 1377.0 1390.0
1364.0 1377.0 1390.0
1364.0 1377.0 1390.0
1364.0 1377.0 1390.0
1364.0 1377.0 1390.0
1364.0 1377.0 1390.0
1364.0 1377.0 1390.0
1364.0 1377.0 1390.0
1364.0 1377.0 1390.0
1364.0 1377.0 1390.0
1364.0 1377.0 1390.0
1364.0 1377.0 1390.0
1364.0 1377.0 1390.0
1364.0 1377.0 1390.0
1364.0 1377.0 1390.0
1364.0 1377.0 1390.0
1364.0 1377.0 1390.0
1364.0 1377.0 1390.0
1364.0 1377.0 1390.0
1364.0 1377.0 1390.0
1364.0 1377.0 1390.0
1364.0 1377.0 1390.0
1364.0 1377.0 1390.0
1364.0 1377.0 1390.0
1364.0 1377.0 1390.0
1364.0 1377.0 1390.0
1364.0 1377.0 1390.0
1364.0 1377.0 1390.0
1364.0 1377.0 1390.0
1364.0 1377.0 1390.0
1364.0 1377.0 1390.0
1364.0 1377.0 1390.0
1364.0 1377.0 1390.0
1364.0 1377.0 1390.0
1364.0 1377.0 1390.0
1364.0 1377.0 1390.0
1364.0 1377.0 1390.0
1364.0 1377.0 1390.0
1364.0 1377.0 1390.0
1364.0 1377.0 1390.0
1364.0 1377.0 1390.0
1364.0 1377.0 1390.0
1364.0 1377.0 1390.0
1364.0 1377.0 1390.0
1364.0 1377.0 1390.0
1364.0 1377.0 1390.0
1364.0 1377.0 1390.0
1364.0 1377.0 1390.0
1390.0 1404.0 1418.0
1206.0 1298.0 1390.0
1206.0 1298.0 1390.0
1206.0 1298.0 1390.0
1206.0 1298.0 1390.0
1206.0 1298.0 1390.0
1206.0 1298.0 1390.0
1206.0 1298.0 1390.0
1206.0 1298.0 1390.0
1206.0 1298.0 1390.0
1206.0 1298.0 1390.0
1206.0 1298.0 1390.0
1206.0 1298.0 1390.0
1206.0 1298.0 1390.0
1206.0 1298.0 1390.0
1206.0 1298.0 1390.0
1206.0 1298.0 1390.0
1206.0 1298.0 1390.0
1206.0 1298.0 1390.0
1206.0 1298.0 1390.0
1206.0 1298.0 1390.0
1206.0 1298.0 1390.0
1206.0 1298.0 1390.0
1206.0 1298.0 1390.0
1206.0 1298.0 1390.0
1206.0 1298.0 1390.0
1206.0 1298.0 1390.0
1206.0 1298.0 1390.0
1206.0 1298.0 1390.0
1206.0 1298.0 1390.0
1206.0 1298.0 1390.0
1206.0 1298.0 1390.0
1206.0 1298.0 1390.0
1206.0 1298.0 1390.0
1206.0 1298.0 1390.0
1206.0 1298.0 1390.0
1206.0 1298.0 1390.0
1206.0 1298.0 1390.0
1206.0 1298.0 1390.0
1206.0 1298.0 1390.0
1206.0 1298.0 1390.0
1206.0 1298.0 1390.0
1206.0 1298.0 1390.0
1206.0 1298.0 1390.0
1206.0 1298.0 1390.0
1206.0 1298.0 1390.0
1206.0 1298.0 1390.0
1206.0 1298.0 1390.0
1206.0 1298.0 1390.0
1206.0 1298.0 1390.0
1206.0 1298.0 1390.0
