9223.0 11491.0 13759.0
6614.0 8548.0 10482.0
5730.0 6838.5 7947.0
5557.0 6764.5 7972.0
3926.0 4332.5 4739.0
3926.0 4948.0 5970.0
2891.0 3194.0 3497.0
2891.0 3255.0 3619.0
2826.0 3222.5 3619.0
3007.0 3207.0 3407.0
2432.0 2762.5 3093.0
2049.0 2399.5 2750.0
2049.0 2092.5 2136.0
1694.0 1871.5 2049.0
1368.0 1708.5 2049.0
1368.0 1708.5 2049.0
1368.0 1614.5 1861.0
1368.0 1646.5 1925.0
1368.0 1490.0 1612.0
1368.0 1428.0 1488.0
1368.0 1428.0 1488.0
1368.0 1428.0 1488.0
1368.0 1428.0 1488.0
1344.0 1416.0 1488.0
1344.0 1416.0 1488.0
1368.0 1428.0 1488.0
1368.0 1428.0 1488.0
1368.0 1428.0 1488.0
1368.0 1428.0 1488.0
1368.0 1428.0 1488.0
1368.0 1428.0 1488.0
1368.0 1428.0 1488.0
1368.0 1428.0 1488.0
1368.0 1428.0 1488.0
1368.0 1428.0 1488.0
1368.0 1428.0 1488.0
1368.0 1428.0 1488.0
1368.0 1428.0 1488.0
1368.0 1428.0 1488.0
1368.0 1428.0 1488.0
1368.0 1428.0 1488.0
1368.0 1428.0 1488.0
1368.0 1428.0 1488.0
1368.0 1428.0 1488.0
1368.0 1428.0 1488.0
1368.0 1428.0 1488.0
1368.0 1428.0 1488.0
1368.0 1428.0 1488.0
1368.0 1428.0 1488.0
1368.0 1428.0 1488.0
1368.0 1428.0 1488.0
1368.0 1428.0 1488.0
1368.0 1428.0 1488.0
1368.0 1428.0 1488.0
1368.0 1428.0 1488.0
1368.0 1428.0 1488.0
1368.0 1428.0 1488.0
1368.0 1428.0 1488.0
1368.0 1428.0 1488.0
1368.0 1428.0 1488.0
1179.0 1273.5 1368.0
1179.0 1273.5 1368.0
1179.0 1273.5 1368.0
1179.0 1273.5 1368.0
1179.0 1273.5 1368.0
1179.0 1273.5 1368.0
1179.0 1273.5 1368.0
1179.0 1273.5 1368.0
1179.0 1273.5 1368.0
1179.0 1273.5 1368.0
1179.0 1273.5 1368.0
1179.0 1273.5 1368.0
1179.0 1273.5 1368.0
1179.0 1273.5 1368.0
1179.0 1273.5 1368.0
1179.0 1273.5 1368.0
1179.0 1273.5 1368.0
1179.0 1273.5 1368.0
1179.0 1273.5 1368.0
1179.0 1273.5 1368.0
1179.0 1273.5 1368.0
1179.0 1273.5 1368.0
1179.0 1273.5 1368.0
1179.0 1273.5 1368.0
1179.0 1273.5 1368.0
1179.0 1273.5 1368.0
1179.0 1273.5 1368.0
1179.0 1273.5 1368.0
1179.0 1273.5 1368.0
1179.0 1273.5 1368.0
1179.0 1273.5 1368.0
1179.0 1273.5 1368.0
1179.0 1273.5 1368.0
1179.0 1273.5 1368.0
1179.0 1273.5 1368.0
1179.0 1273.5 1368.0
1179.0 1273.5 1368.0
1179.0 1273.5 1368.0
1179.0 1273.5 1368.0
1179.0 1273.5 1368.0
1179.0 1273.5 1368.0
1179.0 1273.5 1368.0
1179.0 1273.5 1368.0
1179.0 1273.5 1368.0
1179.0 1273.5 1368.0
1179.0 1273.5 1368.0
1179.0 1273.5 1368.0
1179.0 1273.5 1368.0
1179.0 1273.5 1368.0
1179.0 1273.5 1368.0
1179.0 1273.5 1368.0
1179.0 1273.5 1368.0
1179.0 1273.5 1368.0
1179.0 1273.5 1368.0
1179.0 1273.5 1368.0
1179.0 1273.5 1368.0
1179.0 1273.5 1368.0
1179.0 1273.5 1368.0
1179.0 1273.5 1368.0
1179.0 1273.5 1368.0
1179.0 1273.5 1368.0
1179.0 1273.5 1368.0
1179.0 1273.5 1368.0
1179.0 1273.5 1368.0
1179.0 1273.5 1368.0
1179.0 1273.5 1368.0
1179.0 1273.5 1368.0
1179.0 1273.5 1368.0
1179.0 1273.5 1368.0
1179.0 1273.5 1368.0
1179.0 1273.5 1368.0
1179.0 1273.5 1368.0
1179.0 1273.5 1368.0
1179.0 1273.5 1368.0
1179.0 1273.5 1368.0
1179.0 1273.5 1368.0
1179.0 1273.5 1368.0
1179.0 1273.5 1368.0
1179.0 1273.5 1368.0
1179.0 1273.5 1368.0
1179.0 1273.5 1368.0
1179.0 1273.5 1368.0
1179.0 1273.5 1368.0
1179.0 1273.5 1368.0
1179.0 1273.5 1368.0
1179.0 1273.5 1368.0
1179.0 1273.5 1368.0
1179.0 1273.5 1368.0
1179.0 1273.5 1368.0
1179.0 1273.5 1368.0
1179.0 1273.5 1368.0
1179.0 1273.5 1368.0
1179.0 1273.5 1368.0
1179.0 1273.5 1368.0
1179.0 1273.5 1368.0
1179.0 1273.5 1368.0
1179.0 1273.5 1368.0
1179.0 1273.5 1368.0
1179.0 1273.5 1368.0
1179.0 1273.5 1368.0
1179.0 1273.5 1368.0
1179.0 1273.5 1368.0
1179.0 1273.5 1368.0
1179.0 1273.5 1368.0
1179.0 1273.5 1368.0
1179.0 1273.5 1368.0
1179.0 1273.5 1368.0
1179.0 1273.5 1368.0
1179.0 1273.5 1368.0
1179.0 1273.5 1368.0
1179.0 1273.5 1368.0
1179.0 1273.5 1368.0
1179.0 1273.5 1368.0
1179.0 1273.5 1368.0
1179.0 1273.5 1368.0
1179.0 1273.5 1368.0
1179.0 1273.5 1368.0
1179.0 1273.5 1368.0
1179.0 1273.5 1368.0
1179.0 1273.5 1368.0
1179.0 1273.5 1368.0
1179.0 1273.5 1368.0
1179.0 1273.5 1368.0
1179.0 1273.5 1368.0
1179.0 1273.5 1368.0
1179.0 1273.5 1368.0
1179.0 1273.5 1368.0
1179.0 1273.5 1368.0
1179.0 1273.5 1368.0
1179.0 1273.5 1368.0
1179.0 1273.5 1368.0
1179.0 1273.5 1368.0
1179.0 1273.5 1368.0
1179.0 1273.5 1368.0
1179.0 1273.5 1368.0
1179.0 1273.5 1368.0
1179.0 1273.5 1368.0
1179.0 1273.5 1368.0
1179.0 1273.5 1368.0
1179.0 1273.5 1368.0
