16508.0 17717.5 18927.0
14749.0 14951.0 15153.0
11675.0 12737.0 13799.0
10308.0 10812.0 11316.0
8516.0 8928.0 9340.0
7170.0 8231.5 9293.0
5601.0 7208.0 8815.0
4234.0 5566.5 6899.0
4978.0 5419.5 5861.0
3008.0 4434.5 5861.0
3008.0 3585.5 4163.0
2444.0 2726.0 3008.0
2444.0 2684.5 2925.0
2444.0 2689.0 2934.0
1627.0 2035.5 2444.0
1627.0 2035.5 2444.0
1627.0 1854.0 2081.0
1627.0 1854.0 2081.0
1627.0 1854.0 2081.0
1627.0 1854.0 2081.0
1627.0 1854.0 2081.0
1627.0 1854.0 2081.0
1627.0 1854.0 2081.0
1627.0 1854.0 2081.0
1627.0 1854.0 2081.0
1627.0 1854.0 2081.0
1627.0 1854.0 2081.0
1627.0 1854.0 2081.0
1627.0 1854.0 2081.0
1627.0 1854.0 2081.0
1627.0 1854.0 2081.0
1627.0 1854.0 2081.0
1627.0 1854.0 2081.0
1627.0 1854.0 2081.0
1627.0 1854.0 2081.0
1627.0 1854.0 2081.0
1627.0 1854.0 2081.0
1627.0 1854.0 2081.0
1627.0 1854.0 2081.0
1627.0 1854.0 2081.0
1627.0 1854.0 2081.0
1627.0 1854.0 2081.0
1627.0 1854.0 2081.0
1627.0 1854.0 2081.0
1627.0 1854.0 2081.0
1627.0 1854.0 2081.0
1627.0 1854.0 2081.0
1627.0 1854.0 2081.0
1627.0 1854.0 2081.0
1627.0 1854.0 2081.0
1627.0 1854.0 2081.0
1627.0 1854.0 2081.0
1627.0 1854.0 2081.0
1627.0 1854.0 2081.0
1627.0 1854.0 2081.0
1627.0 1854.0 2081.0
1627.0 1854.0 2081.0
1627.0 1854.0 2081.0
1627.0 1854.0 2081.0
1627.0 1854.0 2081.0
1627.0 1854.0 2081.0
1627.0 1854.0 2081.0
1627.0 1854.0 2081.0
1627.0 1854.0 2081.0
1627.0 1854.0 2081.0
1627.0 1854.0 2081.0
1627.0 1854.0 2081.0
1627.0 1854.0 2081.0
1627.0 1763.5 1900.0
1627.0 1763.5 1900.0
1627.0 1763.5 1900.0
1627.0 1763.5 1900.0
1627.0 1763.5 1900.0
1627.0 1763.5 1900.0
1431.0 1529.0 1627.0
1469.0 1548.0 1627.0
1469.0 1548.0 1627.0
1469.0 1548.0 1627.0
1469.0 1548.0 1627.0
1469.0 1548.0 1627.0
1469.0 1548.0 1627.0
1469.0 1548.0 1627.0
1469.0 1548.0 1627.0
1469.0 1548.0 1627.0
1469.0 1548.0 1627.0
1469.0 1548.0 1627.0
1469.0 1548.0 1627.0
1469.0 1548.0 1627.0
1469.0 1548.0 1627.0
1469.0 1548.0 1627.0
1469.0 1548.0 1627.0
1469.0 1548.0 1627.0
1469.0 1548.0 1627.0
1469.0 1548.0 1627.0
1469.0 1548.0 1627.0
1469.0 1548.0 1627.0
1469.0 1548.0 1627.0
1469.0 1548.0 1627.0
1469.0 1548.0 1627.0
1469.0 1548.0 1627.0
1469.0 1548.0 1627.0
1469.0 1548.0 1627.0
1469.0 1548.0 1627.0
1469.0 1548.0 1627.0
1469.0 1548.0 1627.0
1469.0 1548.0 1627.0
1469.0 1548.0 1627.0
1469.0 1548.0 1627.0
1469.0 1548.0 1627.0
1469.0 1548.0 1627.0
1469.0 1548.0 1627.0
1469.0 1548.0 1627.0
1469.0 1548.0 1627.0
1469.0 1548.0 1627.0
1294.0 1381.5 1469.0
1294.0 1381.5 1469.0
1294.0 1381.5 1469.0
1294.0 1381.5 1469.0
1294.0 1381.5 1469.0
1294.0 1381.5 1469.0
1294.0 1381.5 1469.0
1294.0 1381.5 1469.0
1294.0 1381.5 1469.0
1294.0 1381.5 1469.0
1294.0 1381.5 1469.0
1294.0 1381.5 1469.0
1294.0 1381.5 1469.0
1294.0 1381.5 1469.0
1294.0 1381.5 1469.0
1294.0 1381.5 1469.0
1294.0 1381.5 1469.0
1294.0 1381.5 1469.0
1294.0 1381.5 1469.0
1294.0 1381.5 1469.0
1294.0 1381.5 1469.0
1294.0 1381.5 1469.0
1294.0 1381.5 1469.0
1294.0 1381.5 1469.0
1294.0 1381.5 1469.0
1294.0 1381.5 1469.0
1294.0 1381.5 1469.0
1294.0 1381.5 1469.0
1294.0 1381.5 1469.0
1294.0 1381.5 1469.0
1294.0 1381.5 1469.0
1294.0 1381.5 1469.0
1294.0 1381.5 1469.0
1294.0 1381.5 1469.0
1294.0 1381.5 1469.0
1294.0 1381.5 1469.0
1294.0 1381.5 1469.0
1294.0 1381.5 1469.0
1294.0 1381.5 1469.0
1294.0 1381.5 1469.0
1294.0 1381.5 1469.0
1294.0 1381.5 1469.0
1294.0 1381.5 1469.0
1294.0 1381.5 1469.0
1294.0 1381.5 1469.0
1294.0 1381.5 1469.0
1294.0 1381.5 1469.0
1294.0 1381.5 1469.0
1294.0 1381.5 1469.0
1294.0 1381.5 1469.0
1294.0 1381.5 1469.0
1294.0 1381.5 1469.0
1294.0 1381.5 1469.0
1294.0 1381.5 1469.0
1294.0 1381.5 1469.0
1294.0 1381.5 1469.0
1294.0 1381.5 1469.0
1294.0 1381.5 1469.0
1294.0 1381.5 1469.0
1294.0 1381.5 1469.0
1294.0 1381.5 1469.0
1294.0 1381.5 1469.0
1294.0 1381.5 1469.0
1294.0 1381.5 1469.0
1294.0 1381.5 1469.0
1294.0 1381.5 1469.0
1294.0 1381.5 1469.0
1294.0 1381.5 1469.0
1294.0 1381.5 1469.0
1294.0 1381.5 1469.0
1294.0 1381.5 1469.0
1294.0 1381.5 1469.0
1294.0 1381.5 1469.0
1294.0 1381.5 1469.0
1294.0 1381.5 1469.0
1294.0 1381.5 1469.0
1294.0 1381.5 1469.0
1294.0 1381.5 1469.0
1294.0 1381.5 1469.0
1294.0 1381.5 1469.0
1294.0 1381.5 1469.0
1294.0 1381.5 1469.0
1294.0 1381.5 1469.0
1294.0 1381.5 1469.0
1294.0 1381.5 1469.0
1294.0 1381.5 1469.0
