15644.0 16536.5 17429.0
13402.0 14309.5 15217.0
9967.0 11174.5 12382.0
7589.0 8260.0 8931.0
6361.0 6641.0 6921.0
5899.0 6130.0 6361.0
5188.0 5556.0 5924.0
4199.0 5061.5 5924.0
4199.0 4518.0 4837.0
4128.0 4439.0 4750.0
2939.0 3468.0 3997.0
2926.0 2932.5 2939.0
2926.0 2932.5 2939.0
2939.0 3252.0 3565.0
2939.0 3089.5 3240.0
2260.0 2599.5 2939.0
2260.0 2599.5 2939.0
2260.0 2599.5 2939.0
2260.0 2599.5 2939.0
2260.0 2599.5 2939.0
2260.0 2599.5 2939.0
2260.0 2357.5 2455.0
2260.0 2357.5 2455.0
2069.0 2262.0 2455.0
2069.0 2262.0 2455.0
2069.0 2262.0 2455.0
2069.0 2262.0 2455.0
2069.0 2262.0 2455.0
2069.0 2262.0 2455.0
2069.0 2262.0 2455.0
2069.0 2262.0 2455.0
2069.0 2262.0 2455.0
2069.0 2262.0 2455.0
2069.0 2262.0 2455.0
1972.0 2213.5 2455.0
1708.0 2081.5 2455.0
1708.0 2081.5 2455.0
1708.0 2081.5 2455.0
1708.0 2081.5 2455.0
1708.0 2081.5 2455.0
1708.0 2068.0 2428.0
1708.0 1963.0 2218.0
1411.0 1559.5 1708.0
1411.0 1559.5 1708.0
1411.0 1559.5 1708.0
1411.0 1559.5 1708.0
1411.0 1559.5 1708.0
1411.0 1559.5 1708.0
1411.0 1559.5 1708.0
1411.0 1559.5 1708.0
1411.0 1559.5 1708.0
1411.0 1559.5 1708.0
1411.0 1559.5 1708.0
1411.0 1559.5 1708.0
1411.0 1559.5 1708.0
1411.0 1559.5 1708.0
1411.0 1559.5 1708.0
1411.0 1559.5 1708.0
1411.0 1559.5 1708.0
1411.0 1559.5 1708.0
1411.0 1559.5 1708.0
1411.0 1559.5 1708.0
1411.0 1559.5 1708.0
1411.0 1559.5 1708.0
1411.0 1559.5 1708.0
1411.0 1559.5 1708.0
1411.0 1559.5 1708.0
1411.0 1559.5 1708.0
1411.0 1559.5 1708.0
1411.0 1559.5 1708.0
1411.0 1559.5 1708.0
1411.0 1559.5 1708.0
1411.0 1559.5 1708.0
1411.0 1559.5 1708.0
1411.0 1559.5 1708.0
1411.0 1559.5 1708.0
1411.0 1559.5 1708.0
1411.0 1559.5 1708.0
1411.0 1559.5 1708.0
1411.0 1559.5 1708.0
1411.0 1559.5 1708.0
1411.0 1559.5 1708.0
1411.0 1559.5 1708.0
1411.0 1559.5 1708.0
1411.0 1559.5 1708.0
1411.0 1559.5 1708.0
1411.0 1559.5 1708.0
1411.0 1559.5 1708.0
1411.0 1559.5 1708.0
1411.0 1559.5 1708.0
1411.0 1559.5 1708.0
1411.0 1559.5 1708.0
1411.0 1559.5 1708.0
1411.0 1559.5 1708.0
1411.0 1559.5 1708.0
1411.0 1559.5 1708.0
1411.0 1559.5 1708.0
1411.0 1559.5 1708.0
1411.0 1559.5 1708.0
1411.0 1559.5 1708.0
1411.0 1559.5 1708.0
1411.0 1559.5 1708.0
1411.0 1559.5 1708.0
1411.0 1559.5 1708.0
1411.0 1559.5 1708.0
1411.0 1559.5 1708.0
1411.0 1559.5 1708.0
1411.0 1559.5 1708.0
1411.0 1559.5 1708.0
1411.0 1559.5 1708.0
1411.0 1559.5 1708.0
1411.0 1559.5 1708.0
1411.0 1559.5 1708.0
1411.0 1559.5 1708.0
1411.0 1559.5 1708.0
1411.0 1559.5 1708.0
1411.0 1559.5 1708.0
1411.0 1559.5 1708.0
1411.0 1559.5 1708.0
1411.0 1559.5 1708.0
1411.0 1559.5 1708.0
1411.0 1559.5 1708.0
1411.0 1559.5 1708.0
1411.0 1559.5 1708.0
1411.0 1559.5 1708.0
1411.0 1559.5 1708.0
1411.0 1559.5 1708.0
1411.0 1559.5 1708.0
1411.0 1559.5 1708.0
1411.0 1559.5 1708.0
1411.0 1559.5 1708.0
1411.0 1559.5 1708.0
1411.0 1559.5 1708.0
1411.0 1559.5 1708.0
1411.0 1559.5 1708.0
1411.0 1559.5 1708.0
1411.0 1559.5 1708.0
1411.0 1559.5 1708.0
1411.0 1559.5 1708.0
1411.0 1559.5 1708.0
1411.0 1559.5 1708.0
1411.0 1559.5 1708.0
1411.0 1559.5 1708.0
1411.0 1559.5 1708.0
1411.0 1559.5 1708.0
1411.0 1559.5 1708.0
1411.0 1559.5 1708.0
1411.0 1559.5 1708.0
1411.0 1559.5 1708.0
1411.0 1559.5 1708.0
1411.0 1559.5 1708.0
1411.0 1559.5 1708.0
1411.0 1559.5 1708.0
1411.0 1559.5 1708.0
1411.0 1559.5 1708.0
1411.0 1559.5 1708.0
1411.0 1559.5 1708.0
1411.0 1559.5 1708.0
1411.0 1559.5 1708.0
1411.0 1559.5 1708.0
1411.0 1559.5 1708.0
1411.0 1559.5 1708.0
1411.0 1559.5 1708.0
1411.0 1559.5 1708.0
1411.0 1559.5 1708.0
1411.0 1559.5 1708.0
1411.0 1559.5 1708.0
1411.0 1559.5 1708.0
1411.0 1559.5 1708.0
1411.0 1559.5 1708.0
1411.0 1559.5 1708.0
1411.0 1559.5 1708.0
1411.0 1559.5 1708.0
1411.0 1559.5 1708.0
1411.0 1559.5 1708.0
1411.0 1559.5 1708.0
1411.0 1559.5 1708.0
1411.0 1559.5 1708.0
1411.0 1559.5 1708.0
1411.0 1559.5 1708.0
1411.0 1559.5 1708.0
1411.0 1559.5 1708.0
1411.0 1559.5 1708.0
1411.0 1559.5 1708.0
1411.0 1559.5 1708.0
1411.0 1559.5 1708.0
1411.0 1559.5 1708.0
1411.0 1559.5 1708.0
1411.0 1559.5 1708.0
1411.0 1559.5 1708.0
1411.0 1559.5 1708.0
1411.0 1559.5 1708.0
1411.0 1559.5 1708.0
1411.0 1559.5 1708.0
1411.0 1559.5 1708.0
1411.0 1559.5 1708.0
1411.0 1559.5 1708.0
1411.0 1559.5 1708.0
1411.0 1559.5 1708.0
1411.0 1559.5 1708.0
