14572.0 15834.0 17096.0
13594.0 14512.0 15430.0
11275.0 11885.5 12496.0
9659.0 10122.0 10585.0
7476.0 7772.0 8068.0
4972.0 6184.5 7397.0
3695.0 5143.5 6592.0
3247.0 4179.0 5111.0
3247.0 3900.5 4554.0
2718.0 2982.5 3247.0
2718.0 2982.5 3247.0
3247.0 3447.5 3648.0
3237.0 3242.0 3247.0
2543.0 2890.0 3237.0
2193.0 2715.0 3237.0
2197.0 2717.0 3237.0
2110.0 2673.5 3237.0
2110.0 2673.5 3237.0
2110.0 2426.0 2742.0
2110.0 2549.0 2988.0
2110.0 2549.0 2988.0
2110.0 2549.0 2988.0
2110.0 2549.0 2988.0
2007.0 2058.5 2110.0
2007.0 2058.5 2110.0
2007.0 2058.5 2110.0
2007.0 2058.5 2110.0
2007.0 2058.5 2110.0
2007.0 2058.5 2110.0
2007.0 2058.5 2110.0
2007.0 2058.5 2110.0
2007.0 2058.5 2110.0
2007.0 2058.5 2110.0
2007.0 2058.5 2110.0
2007.0 2058.5 2110.0
2007.0 2058.5 2110.0
2110.0 2169.5 2229.0
1559.0 1834.5 2110.0
1559.0 1834.5 2110.0
1559.0 1834.5 2110.0
1559.0 1834.5 2110.0
1559.0 1834.5 2110.0
1559.0 1834.5 2110.0
1559.0 1834.5 2110.0
1559.0 1834.5 2110.0
1559.0 1834.5 2110.0
1559.0 1834.5 2110.0
1559.0 1834.5 2110.0
1559.0 1834.5 2110.0
1559.0 1834.5 2110.0
1559.0 1834.5 2110.0
1559.0 1834.5 2110.0
1559.0 1834.5 2110.0
1559.0 1834.5 2110.0
1559.0 1834.5 2110.0
1559.0 1834.5 2110.0
1559.0 1834.5 2110.0
1559.0 1834.5 2110.0
1559.0 1834.5 2110.0
1559.0 1834.5 2110.0
1559.0 1834.5 2110.0
1559.0 1834.5 2110.0
1559.0 1834.5 2110.0
1559.0 1834.5 2110.0
1559.0 1834.5 2110.0
1559.0 1834.5 2110.0
1559.0 1834.5 2110.0
1559.0 1834.5 2110.0
1559.0 1834.5 2110.0
1559.0 1834.5 2110.0
1559.0 1834.5 2110.0
1559.0 1834.5 2110.0
1559.0 1834.5 2110.0
1559.0 1834.5 2110.0
1559.0 1834.5 2110.0
1559.0 1834.5 2110.0
1559.0 1834.5 2110.0
1559.0 1834.5 2110.0
1559.0 1834.5 2110.0
1559.0 1834.5 2110.0
1559.0 1834.5 2110.0
1559.0 1834.5 2110.0
1559.0 1834.5 2110.0
1559.0 1834.5 2110.0
1559.0 1834.5 2110.0
1559.0 1834.5 2110.0
1559.0 1834.5 2110.0
1559.0 1834.5 2110.0
1559.0 1834.5 2110.0
1559.0 1834.5 2110.0
1559.0 1834.5 2110.0
1559.0 1834.5 2110.0
1559.0 1834.5 2110.0
1559.0 1834.5 2110.0
1559.0 1834.5 2110.0
1559.0 1834.5 2110.0
1559.0 1834.5 2110.0
1559.0 1834.5 2110.0
1559.0 1834.5 2110.0
1559.0 1834.5 2110.0
1559.0 1834.5 2110.0
1559.0 1834.5 2110.0
1559.0 1834.5 2110.0
1559.0 1834.5 2110.0
1559.0 1834.5 2110.0
1559.0 1834.5 2110.0
1559.0 1834.5 2110.0
1559.0 1834.5 2110.0
1559.0 1834.5 2110.0
1559.0 1834.5 2110.0
1559.0 1834.5 2110.0
1559.0 1834.5 2110.0
1559.0 1834.5 2110.0
1559.0 1834.5 2110.0
1559.0 1834.5 2110.0
1559.0 1834.5 2110.0
1559.0 1834.5 2110.0
1559.0 1834.5 2110.0
1559.0 1834.5 2110.0
1559.0 1834.5 2110.0
1559.0 1834.5 2110.0
1559.0 1834.5 2110.0
1559.0 1834.5 2110.0
1559.0 1834.5 2110.0
1559.0 1834.5 2110.0
1559.0 1834.5 2110.0
1559.0 1834.5 2110.0
1559.0 1834.5 2110.0
1559.0 1834.5 2110.0
1559.0 1834.5 2110.0
1559.0 1834.5 2110.0
1559.0 1834.5 2110.0
1559.0 1834.5 2110.0
1559.0 1834.5 2110.0
1559.0 1834.5 2110.0
1559.0 1834.5 2110.0
1559.0 1834.5 2110.0
1559.0 1834.5 2110.0
1559.0 1834.5 2110.0
1559.0 1834.5 2110.0
1559.0 1834.5 2110.0
1559.0 1834.5 2110.0
1559.0 1834.5 2110.0
1559.0 1834.5 2110.0
1559.0 1834.5 2110.0
1559.0 1834.5 2110.0
1559.0 1834.5 2110.0
1559.0 1834.5 2110.0
1559.0 1834.5 2110.0
1559.0 1834.5 2110.0
1559.0 1834.5 2110.0
1559.0 1834.5 2110.0
1559.0 1834.5 2110.0
1559.0 1834.5 2110.0
1559.0 1834.5 2110.0
1559.0 1834.5 2110.0
1559.0 1834.5 2110.0
1559.0 1834.5 2110.0
1559.0 1834.5 2110.0
1559.0 1834.5 2110.0
1559.0 1834.5 2110.0
1559.0 1834.5 2110.0
1559.0 1834.5 2110.0
1559.0 1834.5 2110.0
1559.0 1834.5 2110.0
1559.0 1834.5 2110.0
1559.0 1834.5 2110.0
1559.0 1834.5 2110.0
1559.0 1834.5 2110.0
1559.0 1834.5 2110.0
1559.0 1834.5 2110.0
1559.0 1834.5 2110.0
1559.0 1834.5 2110.0
1559.0 1834.5 2110.0
1559.0 1834.5 2110.0
1559.0 1834.5 2110.0
1559.0 1834.5 2110.0
1559.0 1834.5 2110.0
1559.0 1580.0 1601.0
1559.0 1580.0 1601.0
1559.0 1580.0 1601.0
1559.0 1580.0 1601.0
1559.0 1580.0 1601.0
1559.0 1580.0 1601.0
1559.0 1580.0 1601.0
1559.0 1580.0 1601.0
1559.0 1580.0 1601.0
1559.0 1580.0 1601.0
1559.0 1580.0 1601.0
1559.0 1580.0 1601.0
1559.0 1580.0 1601.0
1559.0 1580.0 1601.0
1559.0 1580.0 1601.0
1559.0 1580.0 1601.0
1559.0 1580.0 1601.0
1559.0 1580.0 1601.0
1559.0 1580.0 1601.0
1559.0 1580.0 1601.0
1559.0 1580.0 1601.0
1559.0 1580.0 1601.0
