12733.0 13248.0 13763.0
10000.0 11595.5 13191.0
9907.0 10109.0 10311.0
7969.0 8321.5 8674.0
3957.0 4695.5 5434.0
3832.0 3933.5 4035.0
2808.0 3421.5 4035.0
2771.0 3343.0 3915.0
2771.0 3114.0 3457.0
2771.0 3033.0 3295.0
1984.0 2021.0 2058.0
1984.0 2021.0 2058.0
2058.0 2193.5 2329.0
2058.0 2193.5 2329.0
2058.0 2193.5 2329.0
2058.0 2193.5 2329.0
2058.0 2193.5 2329.0
2058.0 2193.5 2329.0
2058.0 2193.5 2329.0
2058.0 2193.5 2329.0
2058.0 2193.5 2329.0
2058.0 2193.5 2329.0
2058.0 2193.5 2329.0
2058.0 2193.5 2329.0
2058.0 2193.5 2329.0
2058.0 2193.5 2329.0
2058.0 2193.5 2329.0
2058.0 2193.5 2329.0
2058.0 2193.5 2329.0
2058.0 2193.5 2329.0
1590.0 1959.5 2329.0
1590.0 1959.5 2329.0
1468.0 1898.5 2329.0
1468.0 1898.5 2329.0
1468.0 1898.5 2329.0
1468.0 1898.5 2329.0
1468.0 1898.5 2329.0
1468.0 1898.5 2329.0
1468.0 1898.5 2329.0
1468.0 1898.5 2329.0
1468.0 1898.5 2329.0
1468.0 1898.5 2329.0
1468.0 1898.5 2329.0
1468.0 1898.5 2329.0
1468.0 1898.5 2329.0
1468.0 1898.5 2329.0
1468.0 1898.5 2329.0
1468.0 1898.5 2329.0
1468.0 1898.5 2329.0
1468.0 1898.5 2329.0
1468.0 1898.5 2329.0
1468.0 1898.5 2329.0
1468.0 1898.5 2329.0
1468.0 1898.5 2329.0
1468.0 1506.0 1544.0
1468.0 1506.0 1544.0
1468.0 1506.0 1544.0
1468.0 1766.5 2065.0
1468.0 1577.5 1687.0
1468.0 1546.5 1625.0
1468.0 1546.5 1625.0
1468.0 1546.5 1625.0
1468.0 1546.5 1625.0
1468.0 1546.5 1625.0
1468.0 1546.5 1625.0
1468.0 1546.5 1625.0
1468.0 1546.5 1625.0
1468.0 1546.5 1625.0
1468.0 1546.5 1625.0
1468.0 1546.5 1625.0
1468.0 1546.5 1625.0
1468.0 1546.5 1625.0
1468.0 1546.5 1625.0
1468.0 1546.5 1625.0
1468.0 1546.5 1625.0
1468.0 1546.5 1625.0
1468.0 1546.5 1625.0
1468.0 1546.5 1625.0
1468.0 1546.5 1625.0
1468.0 1546.5 1625.0
1468.0 1546.5 1625.0
1468.0 1546.5 1625.0
1468.0 1546.5 1625.0
1468.0 1546.5 1625.0
1468.0 1546.5 1625.0
1468.0 1546.5 1625.0
1468.0 1546.5 1625.0
1468.0 1546.5 1625.0
1468.0 1546.5 1625.0
1468.0 1546.5 1625.0
1468.0 1546.5 1625.0
1468.0 1639.0 1810.0
1468.0 1639.0 1810.0
1339.0 1403.5 1468.0
1339.0 1403.5 1468.0
1398.0 1433.0 1468.0
1398.0 1433.0 1468.0
1398.0 1433.0 1468.0
1398.0 1433.0 1468.0
1398.0 1433.0 1468.0
1398.0 1433.0 1468.0
1398.0 1433.0 1468.0
1398.0 1433.0 1468.0
1398.0 1433.0 1468.0
1398.0 1433.0 1468.0
1398.0 1433.0 1468.0
1398.0 1433.0 1468.0
1398.0 1433.0 1468.0
1398.0 1433.0 1468.0
1398.0 1433.0 1468.0
1398.0 1433.0 1468.0
1398.0 1433.0 1468.0
1398.0 1433.0 1468.0
1398.0 1433.0 1468.0
1398.0 1433.0 1468.0
1398.0 1433.0 1468.0
1398.0 1433.0 1468.0
1398.0 1433.0 1468.0
1398.0 1433.0 1468.0
1398.0 1433.0 1468.0
1398.0 1433.0 1468.0
1398.0 1433.0 1468.0
1398.0 1433.0 1468.0
1398.0 1433.0 1468.0
1398.0 1433.0 1468.0
1398.0 1433.0 1468.0
1398.0 1433.0 1468.0
1398.0 1433.0 1468.0
1398.0 1433.0 1468.0
1398.0 1433.0 1468.0
1398.0 1433.0 1468.0
1398.0 1433.0 1468.0
1398.0 1433.0 1468.0
1398.0 1433.0 1468.0
1398.0 1433.0 1468.0
1398.0 1433.0 1468.0
1398.0 1433.0 1468.0
1398.0 1433.0 1468.0
1398.0 1433.0 1468.0
1398.0 1433.0 1468.0
1398.0 1433.0 1468.0
1398.0 1433.0 1468.0
1398.0 1433.0 1468.0
1398.0 1433.0 1468.0
1398.0 1433.0 1468.0
1398.0 1433.0 1468.0
1398.0 1433.0 1468.0
1398.0 1433.0 1468.0
1398.0 1433.0 1468.0
1398.0 1433.0 1468.0
1398.0 1433.0 1468.0
1398.0 1433.0 1468.0
1398.0 1433.0 1468.0
1398.0 1433.0 1468.0
1398.0 1433.0 1468.0
1398.0 1433.0 1468.0
1398.0 1433.0 1468.0
1398.0 1433.0 1468.0
1398.0 1433.0 1468.0
1398.0 1433.0 1468.0
1398.0 1433.0 1468.0
1398.0 1433.0 1468.0
1398.0 1433.0 1468.0
1398.0 1433.0 1468.0
1398.0 1433.0 1468.0
1398.0 1433.0 1468.0
1398.0 1433.0 1468.0
1398.0 1433.0 1468.0
1398.0 1433.0 1468.0
1398.0 1433.0 1468.0
1398.0 1433.0 1468.0
1398.0 1433.0 1468.0
1398.0 1433.0 1468.0
1398.0 1433.0 1468.0
1398.0 1433.0 1468.0
1398.0 1433.0 1468.0
1398.0 1433.0 1468.0
1398.0 1433.0 1468.0
1398.0 1433.0 1468.0
1398.0 1433.0 1468.0
1398.0 1433.0 1468.0
1398.0 1433.0 1468.0
1398.0 1433.0 1468.0
1398.0 1433.0 1468.0
1398.0 1433.0 1468.0
1398.0 1433.0 1468.0
1398.0 1433.0 1468.0
1398.0 1433.0 1468.0
1398.0 1433.0 1468.0
1398.0 1433.0 1468.0
1398.0 1433.0 1468.0
1398.0 1433.0 1468.0
1398.0 1433.0 1468.0
1398.0 1433.0 1468.0
1398.0 1433.0 1468.0
1398.0 1433.0 1468.0
1398.0 1433.0 1468.0
1398.0 1433.0 1468.0
1398.0 1433.0 1468.0
1398.0 1433.0 1468.0
