12761.0 13261.5 13762.0
9329.0 10422.5 11516.0
7292.0 7875.5 8459.0
7021.0 7768.0 8515.0
4983.0 5254.5 5526.0
4435.0 5497.0 6559.0
3921.0 4276.0 4631.0
2542.0 2874.5 3207.0
2542.0 2874.5 3207.0
2624.0 2752.5 2881.0
2624.0 2752.5 2881.0
2624.0 2752.5 2881.0
2624.0 2752.5 2881.0
2624.0 2752.5 2881.0
2170.0 2304.5 2439.0
2172.0 2305.5 2439.0
2172.0 2305.5 2439.0
2172.0 2305.5 2439.0
2172.0 2305.5 2439.0
2172.0 2305.5 2439.0
2172.0 2305.5 2439.0
2172.0 2305.5 2439.0
2172.0 2305.5 2439.0
2172.0 2305.5 2439.0
2172.0 2305.5 2439.0
2172.0 2305.5 2439.0
2172.0 2305.5 2439.0
2172.0 2305.5 2439.0
1916.0 2177.5 2439.0
2172.0 2305.5 2439.0
2172.0 2305.5 2439.0
2172.0 2305.5 2439.0
2172.0 2305.5 2439.0
2172.0 2305.5 2439.0
2172.0 2305.5 2439.0
2172.0 2305.5 2439.0
1671.0 1921.5 2172.0
1476.0 1824.0 2172.0
1609.0 1890.5 2172.0
1609.0 1890.5 2172.0
1609.0 1890.5 2172.0
1609.0 1890.5 2172.0
1609.0 1890.5 2172.0
1609.0 1890.5 2172.0
1609.0 1890.5 2172.0
1609.0 1890.5 2172.0
1154.0 1381.5 1609.0
1154.0 1381.5 1609.0
1154.0 1381.5 1609.0
1154.0 1381.5 1609.0
1154.0 1381.5 1609.0
1154.0 1381.5 1609.0
1154.0 1381.5 1609.0
1154.0 1381.5 1609.0
1154.0 1381.5 1609.0
1154.0 1381.5 1609.0
1154.0 1381.5 1609.0
1154.0 1381.5 1609.0
1154.0 1381.5 1609.0
1154.0 1381.5 1609.0
1154.0 1381.5 1609.0
1154.0 1381.5 1609.0
1154.0 1381.5 1609.0
1154.0 1381.5 1609.0
1154.0 1381.5 1609.0
1154.0 1381.5 1609.0
1154.0 1381.5 1609.0
1154.0 1381.5 1609.0
1154.0 1381.5 1609.0
1154.0 1381.5 1609.0
1154.0 1381.5 1609.0
1154.0 1381.5 1609.0
1154.0 1381.5 1609.0
1154.0 1381.5 1609.0
1154.0 1381.5 1609.0
1154.0 1381.5 1609.0
1154.0 1381.5 1609.0
1154.0 1381.5 1609.0
1154.0 1381.5 1609.0
1154.0 1381.5 1609.0
1154.0 1381.5 1609.0
1154.0 1381.5 1609.0
1154.0 1381.5 1609.0
1154.0 1381.5 1609.0
1154.0 1381.5 1609.0
1154.0 1381.5 1609.0
1154.0 1381.5 1609.0
1154.0 1381.5 1609.0
1154.0 1381.5 1609.0
1154.0 1381.5 1609.0
1154.0 1381.5 1609.0
1154.0 1381.5 1609.0
1154.0 1381.5 1609.0
1154.0 1381.5 1609.0
1154.0 1381.5 1609.0
1154.0 1381.5 1609.0
1154.0 1381.5 1609.0
1154.0 1381.5 1609.0
1154.0 1381.5 1609.0
1154.0 1381.5 1609.0
1154.0 1381.5 1609.0
1154.0 1381.5 1609.0
1154.0 1186.5 1219.0
1154.0 1186.5 1219.0
1154.0 1284.0 1414.0
1154.0 1284.0 1414.0
1154.0 1284.0 1414.0
1154.0 1284.0 1414.0
1154.0 1284.0 1414.0
1154.0 1284.0 1414.0
1154.0 1284.0 1414.0
1154.0 1284.0 1414.0
1154.0 1284.0 1414.0
1154.0 1284.0 1414.0
1154.0 1284.0 1414.0
1154.0 1284.0 1414.0
1154.0 1284.0 1414.0
1154.0 1284.0 1414.0
1154.0 1284.0 1414.0
1154.0 1284.0 1414.0
1154.0 1284.0 1414.0
1154.0 1284.0 1414.0
1154.0 1284.0 1414.0
1154.0 1284.0 1414.0
1154.0 1284.0 1414.0
1154.0 1284.0 1414.0
1154.0 1284.0 1414.0
1154.0 1284.0 1414.0
1154.0 1284.0 1414.0
1154.0 1284.0 1414.0
1154.0 1284.0 1414.0
1154.0 1284.0 1414.0
1154.0 1284.0 1414.0
1154.0 1284.0 1414.0
1154.0 1284.0 1414.0
1154.0 1284.0 1414.0
1154.0 1284.0 1414.0
1154.0 1284.0 1414.0
1154.0 1284.0 1414.0
1154.0 1284.0 1414.0
1154.0 1284.0 1414.0
1154.0 1284.0 1414.0
1154.0 1284.0 1414.0
1154.0 1284.0 1414.0
1154.0 1284.0 1414.0
1154.0 1284.0 1414.0
1154.0 1284.0 1414.0
1154.0 1284.0 1414.0
1154.0 1284.0 1414.0
1154.0 1284.0 1414.0
1154.0 1284.0 1414.0
1154.0 1284.0 1414.0
1154.0 1284.0 1414.0
1154.0 1284.0 1414.0
1154.0 1284.0 1414.0
1154.0 1284.0 1414.0
1154.0 1284.0 1414.0
1154.0 1284.0 1414.0
1154.0 1284.0 1414.0
1154.0 1284.0 1414.0
1154.0 1284.0 1414.0
1154.0 1284.0 1414.0
1154.0 1284.0 1414.0
1154.0 1284.0 1414.0
1154.0 1284.0 1414.0
1154.0 1284.0 1414.0
1154.0 1284.0 1414.0
1154.0 1284.0 1414.0
1154.0 1284.0 1414.0
1154.0 1284.0 1414.0
1154.0 1284.0 1414.0
1154.0 1284.0 1414.0
1154.0 1284.0 1414.0
1154.0 1284.0 1414.0
1154.0 1284.0 1414.0
1154.0 1284.0 1414.0
1154.0 1284.0 1414.0
1154.0 1284.0 1414.0
1154.0 1284.0 1414.0
1154.0 1284.0 1414.0
1154.0 1284.0 1414.0
1154.0 1284.0 1414.0
1154.0 1284.0 1414.0
1154.0 1284.0 1414.0
1154.0 1284.0 1414.0
1154.0 1284.0 1414.0
1154.0 1284.0 1414.0
1154.0 1284.0 1414.0
1154.0 1284.0 1414.0
1154.0 1284.0 1414.0
1154.0 1284.0 1414.0
1154.0 1284.0 1414.0
1154.0 1284.0 1414.0
1154.0 1284.0 1414.0
1154.0 1284.0 1414.0
1154.0 1284.0 1414.0
1154.0 1284.0 1414.0
1154.0 1284.0 1414.0
1154.0 1284.0 1414.0
1154.0 1284.0 1414.0
