9182.0 9646.5 10111.0
6514.0 6735.5 6957.0
4650.0 5721.5 6793.0
5093.0 5271.5 5450.0
3002.0 3345.0 3688.0
3087.0 3212.5 3338.0
1368.0 2244.5 3121.0
1368.0 1728.0 2088.0
1018.0 1553.0 2088.0
1018.0 1553.0 2088.0
1018.0 1339.0 1660.0
1018.0 1339.0 1660.0
1018.0 1339.0 1660.0
1018.0 1339.0 1660.0
1018.0 1339.0 1660.0
1018.0 1339.0 1660.0
1018.0 1339.0 1660.0
1018.0 1339.0 1660.0
1018.0 1339.0 1660.0
1018.0 1339.0 1660.0
1018.0 1339.0 1660.0
1018.0 1339.0 1660.0
1018.0 1339.0 1660.0
1018.0 1339.0 1660.0
1018.0 1339.0 1660.0
1018.0 1339.0 1660.0
1018.0 1339.0 1660.0
1018.0 1339.0 1660.0
1018.0 1339.0 1660.0
1018.0 1339.0 1660.0
1018.0 1339.0 1660.0
1018.0 1339.0 1660.0
1018.0 1339.0 1660.0
1018.0 1339.0 1660.0
1018.0 1339.0 1660.0
1018.0 1339.0 1660.0
1018.0 1339.0 1660.0
1018.0 1339.0 1660.0
1018.0 1339.0 1660.0
1018.0 1211.5 1405.0
1018.0 1211.5 1405.0
1018.0 1211.5 1405.0
1018.0 1211.5 1405.0
1018.0 1211.5 1405.0
1018.0 1211.5 1405.0
1018.0 1211.5 1405.0
1018.0 1211.5 1405.0
1018.0 1211.5 1405.0
1018.0 1211.5 1405.0
1018.0 1211.5 1405.0
1018.0 1211.5 1405.0
1018.0 1211.5 1405.0
1018.0 1211.5 1405.0
1018.0 1211.5 1405.0
1018.0 1211.5 1405.0
1018.0 1211.5 1405.0
1018.0 1211.5 1405.0
1018.0 1211.5 1405.0
1018.0 1211.5 1405.0
1018.0 1211.5 1405.0
1018.0 1211.5 1405.0
1018.0 1211.5 1405.0
1018.0 1211.5 1405.0
1018.0 1211.5 1405.0
1018.0 1211.5 1405.0
1018.0 1211.5 1405.0
1018.0 1211.5 1405.0
1018.0 1211.5 1405.0
1018.0 1031.5 1045.0
1018.0 1031.5 1045.0
1018.0 1031.5 1045.0
1018.0 1031.5 1045.0
1018.0 1031.5 1045.0
1018.0 1031.5 1045.0
1018.0 1031.5 1045.0
1018.0 1031.5 1045.0
1018.0 1031.5 1045.0
1018.0 1031.5 1045.0
1018.0 1031.5 1045.0
1018.0 1031.5 1045.0
1018.0 1031.5 1045.0
1018.0 1031.5 1045.0
1018.0 1031.5 1045.0
1018.0 1031.5 1045.0
1018.0 1031.5 1045.0
1018.0 1031.5 1045.0
1018.0 1031.5 1045.0
1018.0 1031.5 1045.0
1018.0 1031.5 1045.0
1018.0 1031.5 1045.0
1018.0 1031.5 1045.0
1018.0 1031.5 1045.0
1018.0 1031.5 1045.0
1018.0 1031.5 1045.0
1018.0 1031.5 1045.0
1018.0 1031.5 1045.0
1018.0 1031.5 1045.0
1018.0 1031.5 1045.0
1018.0 1031.5 1045.0
1018.0 1031.5 1045.0
1018.0 1031.5 1045.0
1018.0 1031.5 1045.0
1018.0 1031.5 1045.0
1018.0 1031.5 1045.0
1018.0 1031.5 1045.0
1018.0 1031.5 1045.0
1018.0 1031.5 1045.0
1018.0 1031.5 1045.0
1018.0 1031.5 1045.0
1018.0 1031.5 1045.0
1018.0 1031.5 1045.0
1018.0 1031.5 1045.0
1018.0 1031.5 1045.0
1018.0 1031.5 1045.0
1018.0 1031.5 1045.0
1018.0 1031.5 1045.0
1018.0 1031.5 1045.0
1018.0 1031.5 1045.0
1018.0 1031.5 1045.0
1018.0 1031.5 1045.0
1018.0 1031.5 1045.0
1018.0 1031.5 1045.0
1018.0 1031.5 1045.0
1018.0 1031.5 1045.0
1018.0 1031.5 1045.0
1018.0 1031.5 1045.0
1018.0 1031.5 1045.0
1018.0 1031.5 1045.0
1018.0 1031.5 1045.0
1018.0 1031.5 1045.0
1018.0 1031.5 1045.0
1018.0 1031.5 1045.0
1018.0 1031.5 1045.0
1018.0 1031.5 1045.0
1018.0 1031.5 1045.0
1018.0 1031.5 1045.0
1018.0 1031.5 1045.0
1018.0 1031.5 1045.0
1018.0 1031.5 1045.0
1018.0 1031.5 1045.0
1018.0 1031.5 1045.0
1018.0 1031.5 1045.0
1018.0 1031.5 1045.0
1018.0 1031.5 1045.0
1018.0 1031.5 1045.0
1018.0 1031.5 1045.0
1018.0 1031.5 1045.0
1018.0 1031.5 1045.0
1018.0 1031.5 1045.0
1018.0 1031.5 1045.0
1018.0 1031.5 1045.0
1018.0 1031.5 1045.0
1018.0 1031.5 1045.0
1018.0 1031.5 1045.0
1018.0 1031.5 1045.0
1018.0 1031.5 1045.0
1018.0 1031.5 1045.0
1018.0 1031.5 1045.0
1018.0 1031.5 1045.0
1018.0 1031.5 1045.0
1018.0 1031.5 1045.0
1018.0 1031.5 1045.0
1018.0 1031.5 1045.0
1018.0 1031.5 1045.0
1018.0 1031.5 1045.0
1018.0 1031.5 1045.0
1018.0 1031.5 1045.0
1018.0 1031.5 1045.0
1018.0 1031.5 1045.0
1018.0 1031.5 1045.0
1018.0 1031.5 1045.0
1018.0 1031.5 1045.0
1018.0 1031.5 1045.0
1018.0 1031.5 1045.0
1018.0 1031.5 1045.0
1018.0 1031.5 1045.0
1018.0 1031.5 1045.0
1018.0 1031.5 1045.0
1018.0 1031.5 1045.0
1018.0 1031.5 1045.0
1018.0 1031.5 1045.0
986.0 1002.0 1018.0
986.0 1002.0 1018.0
986.0 1002.0 1018.0
986.0 1002.0 1018.0
986.0 1002.0 1018.0
986.0 1002.0 1018.0
986.0 1002.0 1018.0
986.0 1002.0 1018.0
986.0 1002.0 1018.0
986.0 1002.0 1018.0
986.0 1002.0 1018.0
986.0 1002.0 1018.0
986.0 1002.0 1018.0
986.0 1002.0 1018.0
986.0 1002.0 1018.0
986.0 1002.0 1018.0
986.0 1002.0 1018.0
986.0 1002.0 1018.0
986.0 1002.0 1018.0
