14144.0 17299.5 20455.0
11966.0 12921.5 13877.0
10252.0 13562.5 16873.0
10225.0 12245.5 14266.0
6930.0 8578.5 10227.0
5053.0 6711.0 8369.0
5053.0 6448.5 7844.0
5053.0 5159.5 5266.0
4134.0 4700.0 5266.0
4134.0 4632.5 5131.0
2365.0 3680.0 4995.0
2365.0 3680.0 4995.0
2279.0 3637.0 4995.0
2279.0 3637.0 4995.0
2279.0 3637.0 4995.0
2279.0 3099.0 3919.0
2279.0 2711.0 3143.0
2279.0 2711.0 3143.0
2279.0 2711.0 3143.0
2279.0 2711.0 3143.0
2279.0 2711.0 3143.0
2279.0 2711.0 3143.0
2279.0 2711.0 3143.0
2279.0 2453.5 2628.0
1403.0 2015.5 2628.0
1423.0 1812.5 2202.0
1410.0 1806.0 2202.0
1410.0 1701.5 1993.0
1410.0 1701.5 1993.0
1410.0 1701.5 1993.0
1410.0 1701.5 1993.0
1410.0 1701.5 1993.0
1410.0 1701.5 1993.0
1410.0 2007.0 2604.0
1410.0 1421.0 1432.0
1410.0 1421.0 1432.0
1410.0 1421.0 1432.0
1410.0 1421.0 1432.0
1410.0 1421.0 1432.0
1410.0 1421.0 1432.0
1410.0 1421.0 1432.0
1410.0 1421.0 1432.0
1410.0 1421.0 1432.0
1410.0 1421.0 1432.0
1410.0 1421.0 1432.0
1410.0 1421.0 1432.0
1410.0 1421.0 1432.0
1410.0 1421.0 1432.0
1410.0 1421.0 1432.0
1410.0 1421.0 1432.0
1410.0 1421.0 1432.0
1410.0 1421.0 1432.0
1410.0 1421.0 1432.0
1410.0 1421.0 1432.0
1410.0 1421.0 1432.0
1410.0 1421.0 1432.0
1410.0 1421.0 1432.0
1410.0 1421.0 1432.0
1410.0 1421.0 1432.0
1410.0 1421.0 1432.0
1410.0 1421.0 1432.0
1410.0 1421.0 1432.0
1410.0 1421.0 1432.0
1410.0 1421.0 1432.0
1410.0 1421.0 1432.0
1410.0 1421.0 1432.0
1410.0 1421.0 1432.0
1410.0 1433.0 1456.0
1410.0 1433.0 1456.0
1410.0 1433.0 1456.0
1410.0 1433.0 1456.0
1410.0 1433.0 1456.0
1410.0 1433.0 1456.0
1410.0 1433.0 1456.0
1410.0 1433.0 1456.0
1410.0 1433.0 1456.0
1410.0 1433.0 1456.0
1410.0 1433.0 1456.0
1410.0 1433.0 1456.0
1410.0 1433.0 1456.0
1410.0 1433.0 1456.0
1410.0 1433.0 1456.0
1410.0 1433.0 1456.0
1410.0 1433.0 1456.0
1410.0 1433.0 1456.0
1410.0 1433.0 1456.0
1410.0 1433.0 1456.0
1410.0 1433.0 1456.0
1410.0 1433.0 1456.0
1410.0 1433.0 1456.0
1410.0 1433.0 1456.0
1410.0 1433.0 1456.0
1410.0 1433.0 1456.0
1410.0 1433.0 1456.0
1410.0 1433.0 1456.0
1410.0 1433.0 1456.0
1410.0 1433.0 1456.0
1410.0 1433.0 1456.0
1410.0 1433.0 1456.0
1410.0 1433.0 1456.0
1410.0 1433.0 1456.0
1394.0 1425.0 1456.0
1394.0 1425.0 1456.0
1394.0 1425.0 1456.0
1394.0 1425.0 1456.0
1394.0 1425.0 1456.0
1394.0 1425.0 1456.0
1394.0 1425.0 1456.0
1394.0 1425.0 1456.0
1394.0 1425.0 1456.0
1394.0 1425.0 1456.0
1394.0 1425.0 1456.0
1394.0 1425.0 1456.0
1394.0 1425.0 1456.0
1394.0 1425.0 1456.0
1394.0 1425.0 1456.0
1394.0 1425.0 1456.0
1394.0 1425.0 1456.0
1394.0 1425.0 1456.0
1394.0 1425.0 1456.0
1394.0 1425.0 1456.0
1394.0 1425.0 1456.0
1394.0 1425.0 1456.0
1394.0 1425.0 1456.0
1394.0 1425.0 1456.0
1394.0 1425.0 1456.0
1394.0 1425.0 1456.0
1394.0 1425.0 1456.0
1394.0 1425.0 1456.0
1394.0 1425.0 1456.0
1394.0 1425.0 1456.0
1394.0 1425.0 1456.0
1394.0 1425.0 1456.0
1394.0 1425.0 1456.0
1394.0 1425.0 1456.0
1394.0 1425.0 1456.0
1394.0 1425.0 1456.0
1394.0 1425.0 1456.0
1394.0 1425.0 1456.0
1394.0 1425.0 1456.0
1394.0 1425.0 1456.0
1394.0 1425.0 1456.0
1394.0 1425.0 1456.0
1394.0 1425.0 1456.0
1394.0 1425.0 1456.0
1394.0 1425.0 1456.0
1394.0 1425.0 1456.0
1394.0 1425.0 1456.0
1394.0 1425.0 1456.0
1394.0 1425.0 1456.0
1394.0 1425.0 1456.0
1394.0 1425.0 1456.0
1394.0 1425.0 1456.0
1394.0 1425.0 1456.0
1394.0 1425.0 1456.0
1394.0 1425.0 1456.0
1394.0 1425.0 1456.0
1394.0 1425.0 1456.0
1394.0 1425.0 1456.0
1394.0 1425.0 1456.0
1394.0 1425.0 1456.0
1394.0 1425.0 1456.0
1394.0 1425.0 1456.0
1394.0 1425.0 1456.0
1394.0 1425.0 1456.0
1394.0 1425.0 1456.0
1394.0 1425.0 1456.0
1394.0 1425.0 1456.0
1394.0 1425.0 1456.0
1394.0 1425.0 1456.0
1394.0 1425.0 1456.0
1394.0 1425.0 1456.0
1394.0 1425.0 1456.0
1394.0 1425.0 1456.0
1394.0 1425.0 1456.0
1394.0 1425.0 1456.0
1394.0 1425.0 1456.0
1394.0 1425.0 1456.0
1394.0 1425.0 1456.0
1394.0 1425.0 1456.0
1394.0 1425.0 1456.0
1394.0 1425.0 1456.0
1394.0 1425.0 1456.0
1394.0 1425.0 1456.0
1394.0 1425.0 1456.0
1394.0 1425.0 1456.0
1394.0 1425.0 1456.0
1394.0 1425.0 1456.0
1394.0 1425.0 1456.0
1394.0 1425.0 1456.0
1394.0 1425.0 1456.0
1394.0 1425.0 1456.0
1394.0 1425.0 1456.0
1394.0 1425.0 1456.0
1394.0 1425.0 1456.0
1394.0 1425.0 1456.0
1394.0 1425.0 1456.0
1394.0 1425.0 1456.0
1394.0 1425.0 1456.0
1394.0 1425.0 1456.0
