14353.0 15014.5 15676.0
10033.0 11431.5 12830.0
5431.0 7953.0 10475.0
5093.0 6377.0 7661.0
4259.0 5917.0 7575.0
3947.0 5276.5 6606.0
2534.0 3895.0 5256.0
2534.0 3343.5 4153.0
2534.0 2937.0 3340.0
2534.0 3041.5 3549.0
2534.0 2635.5 2737.0
2149.0 2494.0 2839.0
2149.0 2494.0 2839.0
2149.0 2322.0 2495.0
2149.0 2322.0 2495.0
2149.0 2322.0 2495.0
2149.0 2322.0 2495.0
1668.0 1908.5 2149.0
1556.0 1852.5 2149.0
1556.0 1852.5 2149.0
1556.0 1852.5 2149.0
1556.0 1852.5 2149.0
1556.0 1852.5 2149.0
1556.0 1852.5 2149.0
1556.0 1852.5 2149.0
1556.0 1650.5 1745.0
1556.0 1650.5 1745.0
1556.0 1650.5 1745.0
1556.0 1650.5 1745.0
1556.0 1650.5 1745.0
1556.0 1650.5 1745.0
1556.0 1650.5 1745.0
1556.0 1650.5 1745.0
1556.0 1650.5 1745.0
1556.0 1650.5 1745.0
1556.0 1650.5 1745.0
1556.0 1650.5 1745.0
1556.0 1650.5 1745.0
1556.0 1650.5 1745.0
1556.0 1650.5 1745.0
1556.0 1611.5 1667.0
1556.0 1595.5 1635.0
1556.0 1595.5 1635.0
1556.0 1595.5 1635.0
1556.0 1595.5 1635.0
1556.0 1595.5 1635.0
1556.0 1595.5 1635.0
1556.0 1595.5 1635.0
1556.0 1595.5 1635.0
1556.0 1595.5 1635.0
1556.0 1595.5 1635.0
1435.0 1495.5 1556.0
1435.0 1495.5 1556.0
1349.0 1452.5 1556.0
1349.0 1452.5 1556.0
1349.0 1452.5 1556.0
1349.0 1452.5 1556.0
1349.0 1452.5 1556.0
1349.0 1452.5 1556.0
1349.0 1452.5 1556.0
1349.0 1452.5 1556.0
1349.0 1452.5 1556.0
1349.0 1452.5 1556.0
1349.0 1452.5 1556.0
1349.0 1452.5 1556.0
1349.0 1452.5 1556.0
1349.0 1452.5 1556.0
1349.0 1452.5 1556.0
1349.0 1452.5 1556.0
1349.0 1452.5 1556.0
1349.0 1452.5 1556.0
1349.0 1452.5 1556.0
1349.0 1452.5 1556.0
1349.0 1452.5 1556.0
1349.0 1452.5 1556.0
1349.0 1452.5 1556.0
1349.0 1452.5 1556.0
1349.0 1452.5 1556.0
1349.0 1452.5 1556.0
1349.0 1452.5 1556.0
1349.0 1452.5 1556.0
1349.0 1452.5 1556.0
1349.0 1452.5 1556.0
1349.0 1452.5 1556.0
1349.0 1452.5 1556.0
1349.0 1452.5 1556.0
1349.0 1452.5 1556.0
1349.0 1452.5 1556.0
1349.0 1452.5 1556.0
1349.0 1452.5 1556.0
1349.0 1452.5 1556.0
1349.0 1452.5 1556.0
1349.0 1452.5 1556.0
1349.0 1452.5 1556.0
1349.0 1452.5 1556.0
1349.0 1452.5 1556.0
1349.0 1452.5 1556.0
1349.0 1452.5 1556.0
1349.0 1452.5 1556.0
1349.0 1452.5 1556.0
1349.0 1452.5 1556.0
1349.0 1452.5 1556.0
1349.0 1452.5 1556.0
1349.0 1452.5 1556.0
1349.0 1452.5 1556.0
1349.0 1452.5 1556.0
1349.0 1452.5 1556.0
1349.0 1452.5 1556.0
1349.0 1452.5 1556.0
1349.0 1452.5 1556.0
1349.0 1452.5 1556.0
1349.0 1452.5 1556.0
1349.0 1452.5 1556.0
1349.0 1452.5 1556.0
1349.0 1452.5 1556.0
1349.0 1452.5 1556.0
1349.0 1452.5 1556.0
1349.0 1452.5 1556.0
1349.0 1452.5 1556.0
1349.0 1452.5 1556.0
1349.0 1452.5 1556.0
1349.0 1452.5 1556.0
1349.0 1452.5 1556.0
1349.0 1452.5 1556.0
1349.0 1452.5 1556.0
1349.0 1452.5 1556.0
1349.0 1452.5 1556.0
1349.0 1452.5 1556.0
1349.0 1452.5 1556.0
1349.0 1452.5 1556.0
1349.0 1452.5 1556.0
1349.0 1452.5 1556.0
1349.0 1452.5 1556.0
1349.0 1452.5 1556.0
1349.0 1452.5 1556.0
1349.0 1452.5 1556.0
1349.0 1452.5 1556.0
1349.0 1452.5 1556.0
1349.0 1452.5 1556.0
1349.0 1452.5 1556.0
1349.0 1452.5 1556.0
1349.0 1452.5 1556.0
1349.0 1452.5 1556.0
1349.0 1452.5 1556.0
1349.0 1452.5 1556.0
1349.0 1452.5 1556.0
1349.0 1452.5 1556.0
1349.0 1452.5 1556.0
1349.0 1452.5 1556.0
1349.0 1452.5 1556.0
1349.0 1452.5 1556.0
1349.0 1452.5 1556.0
1349.0 1452.5 1556.0
1349.0 1452.5 1556.0
1349.0 1452.5 1556.0
1349.0 1452.5 1556.0
1349.0 1452.5 1556.0
1349.0 1452.5 1556.0
1349.0 1452.5 1556.0
1349.0 1452.5 1556.0
1349.0 1452.5 1556.0
1349.0 1452.5 1556.0
1349.0 1452.5 1556.0
1349.0 1452.5 1556.0
1349.0 1452.5 1556.0
1349.0 1452.5 1556.0
1349.0 1452.5 1556.0
1349.0 1452.5 1556.0
1349.0 1452.5 1556.0
1349.0 1452.5 1556.0
1349.0 1452.5 1556.0
1349.0 1452.5 1556.0
1349.0 1452.5 1556.0
1349.0 1452.5 1556.0
1349.0 1452.5 1556.0
1349.0 1452.5 1556.0
1349.0 1452.5 1556.0
1349.0 1452.5 1556.0
1349.0 1452.5 1556.0
1349.0 1452.5 1556.0
1349.0 1452.5 1556.0
1349.0 1452.5 1556.0
1349.0 1452.5 1556.0
1349.0 1452.5 1556.0
1349.0 1452.5 1556.0
1349.0 1452.5 1556.0
1349.0 1452.5 1556.0
1349.0 1452.5 1556.0
1349.0 1452.5 1556.0
1349.0 1452.5 1556.0
1349.0 1452.5 1556.0
1349.0 1452.5 1556.0
1349.0 1452.5 1556.0
1349.0 1452.5 1556.0
1349.0 1452.5 1556.0
1349.0 1452.5 1556.0
1349.0 1452.5 1556.0
1349.0 1452.5 1556.0
1349.0 1452.5 1556.0
1349.0 1452.5 1556.0
