12415.0 13756.5 15098.0
10514.0 11999.5 13485.0
7860.0 8615.5 9371.0
7005.0 7633.5 8262.0
5603.0 5976.0 6349.0
3638.0 4620.5 5603.0
3737.0 4170.0 4603.0
3007.0 3302.0 3597.0
2873.0 3144.5 3416.0
2645.0 2885.0 3125.0
2520.0 2822.5 3125.0
2517.0 2821.0 3125.0
2112.0 2618.5 3125.0
2008.0 2774.5 3541.0
2008.0 2160.0 2312.0
1650.0 1871.5 2093.0
1650.0 1871.5 2093.0
1650.0 1871.5 2093.0
1650.0 1871.5 2093.0
1650.0 1871.5 2093.0
1650.0 1871.5 2093.0
1650.0 1871.5 2093.0
1650.0 1871.5 2093.0
1650.0 1871.5 2093.0
1650.0 1871.5 2093.0
1650.0 1871.5 2093.0
1650.0 1871.5 2093.0
1650.0 1871.5 2093.0
1650.0 1871.5 2093.0
1650.0 1871.5 2093.0
1650.0 1871.5 2093.0
1650.0 1871.5 2093.0
1650.0 1871.5 2093.0
1650.0 1871.5 2093.0
1650.0 1871.5 2093.0
1650.0 1871.5 2093.0
1650.0 1871.5 2093.0
1650.0 1871.5 2093.0
1650.0 1871.5 2093.0
1650.0 1871.5 2093.0
1650.0 1871.5 2093.0
1650.0 1871.5 2093.0
1650.0 1871.5 2093.0
1650.0 1871.5 2093.0
1650.0 1871.5 2093.0
1650.0 1871.5 2093.0
1650.0 1871.5 2093.0
1650.0 1871.5 2093.0
1650.0 1871.5 2093.0
1650.0 1871.5 2093.0
1650.0 1871.5 2093.0
1650.0 1871.5 2093.0
1650.0 1871.5 2093.0
1650.0 1871.5 2093.0
1650.0 1871.5 2093.0
1650.0 1871.5 2093.0
1650.0 1871.5 2093.0
1650.0 1871.5 2093.0
1650.0 1871.5 2093.0
1010.0 1551.5 2093.0
1010.0 1551.5 2093.0
1010.0 1551.5 2093.0
1010.0 1551.5 2093.0
1010.0 1551.5 2093.0
1010.0 1551.5 2093.0
1010.0 1551.5 2093.0
1010.0 1551.5 2093.0
1010.0 1551.5 2093.0
1010.0 1551.5 2093.0
1010.0 1551.5 2093.0
1010.0 1551.5 2093.0
1010.0 1551.5 2093.0
1010.0 1551.5 2093.0
1010.0 1551.5 2093.0
1010.0 1551.5 2093.0
1010.0 1551.5 2093.0
1010.0 1551.5 2093.0
1010.0 1551.5 2093.0
1010.0 1551.5 2093.0
1010.0 1551.5 2093.0
1010.0 1551.5 2093.0
1010.0 1551.5 2093.0
1010.0 1551.5 2093.0
1010.0 1551.5 2093.0
1010.0 1551.5 2093.0
1010.0 1551.5 2093.0
1010.0 1551.5 2093.0
1010.0 1551.5 2093.0
1010.0 1551.5 2093.0
1010.0 1551.5 2093.0
1010.0 1551.5 2093.0
1010.0 1551.5 2093.0
1010.0 1551.5 2093.0
1010.0 1300.0 1590.0
1010.0 1064.5 1119.0
1010.0 1064.5 1119.0
853.0 931.5 1010.0
853.0 931.5 1010.0
853.0 931.5 1010.0
853.0 931.5 1010.0
853.0 931.5 1010.0
853.0 931.5 1010.0
853.0 931.5 1010.0
853.0 931.5 1010.0
853.0 931.5 1010.0
853.0 931.5 1010.0
853.0 931.5 1010.0
853.0 931.5 1010.0
853.0 931.5 1010.0
853.0 931.5 1010.0
853.0 931.5 1010.0
853.0 931.5 1010.0
853.0 931.5 1010.0
853.0 931.5 1010.0
853.0 931.5 1010.0
853.0 931.5 1010.0
853.0 931.5 1010.0
853.0 931.5 1010.0
853.0 931.5 1010.0
853.0 931.5 1010.0
853.0 931.5 1010.0
853.0 931.5 1010.0
853.0 931.5 1010.0
853.0 931.5 1010.0
853.0 931.5 1010.0
853.0 931.5 1010.0
853.0 931.5 1010.0
853.0 931.5 1010.0
853.0 931.5 1010.0
853.0 931.5 1010.0
853.0 931.5 1010.0
853.0 931.5 1010.0
853.0 931.5 1010.0
853.0 931.5 1010.0
853.0 931.5 1010.0
853.0 931.5 1010.0
853.0 931.5 1010.0
853.0 931.5 1010.0
853.0 931.5 1010.0
853.0 931.5 1010.0
853.0 931.5 1010.0
853.0 931.5 1010.0
853.0 931.5 1010.0
853.0 931.5 1010.0
853.0 931.5 1010.0
853.0 931.5 1010.0
853.0 931.5 1010.0
853.0 931.5 1010.0
853.0 931.5 1010.0
853.0 931.5 1010.0
853.0 931.5 1010.0
853.0 931.5 1010.0
853.0 931.5 1010.0
853.0 931.5 1010.0
853.0 931.5 1010.0
853.0 931.5 1010.0
853.0 931.5 1010.0
853.0 931.5 1010.0
853.0 931.5 1010.0
853.0 931.5 1010.0
853.0 931.5 1010.0
853.0 931.5 1010.0
853.0 931.5 1010.0
853.0 931.5 1010.0
853.0 931.5 1010.0
853.0 931.5 1010.0
853.0 931.5 1010.0
853.0 931.5 1010.0
853.0 931.5 1010.0
853.0 931.5 1010.0
853.0 931.5 1010.0
853.0 931.5 1010.0
853.0 931.5 1010.0
853.0 931.5 1010.0
853.0 931.5 1010.0
853.0 931.5 1010.0
853.0 931.5 1010.0
853.0 931.5 1010.0
853.0 931.5 1010.0
853.0 931.5 1010.0
853.0 931.5 1010.0
853.0 931.5 1010.0
853.0 931.5 1010.0
853.0 931.5 1010.0
853.0 931.5 1010.0
853.0 931.5 1010.0
853.0 931.5 1010.0
853.0 931.5 1010.0
853.0 931.5 1010.0
853.0 931.5 1010.0
853.0 931.5 1010.0
853.0 931.5 1010.0
853.0 931.5 1010.0
853.0 931.5 1010.0
853.0 931.5 1010.0
853.0 931.5 1010.0
853.0 931.5 1010.0
853.0 931.5 1010.0
853.0 931.5 1010.0
853.0 931.5 1010.0
