10913.0 12509.0 14105.0
6397.0 9804.5 13212.0
6575.0 8912.5 11250.0
5409.0 6405.5 7402.0
3178.0 4652.0 6126.0
2502.0 3805.5 5109.0
2502.0 3268.0 4034.0
2502.0 2614.5 2727.0
2502.0 2768.0 3034.0
2354.0 2472.0 2590.0
2158.0 2256.0 2354.0
1919.0 2047.5 2176.0
1541.0 1863.5 2186.0
1541.0 1863.5 2186.0
1541.0 1611.5 1682.0
1541.0 1611.5 1682.0
1541.0 1611.5 1682.0
1541.0 1611.5 1682.0
1541.0 1611.5 1682.0
1541.0 1611.5 1682.0
1541.0 1611.5 1682.0
1541.0 1611.5 1682.0
1541.0 1611.5 1682.0
1541.0 1611.5 1682.0
1541.0 1611.5 1682.0
1541.0 1611.5 1682.0
1541.0 1611.5 1682.0
1541.0 1611.5 1682.0
1541.0 1611.5 1682.0
1541.0 1611.5 1682.0
1541.0 1611.5 1682.0
1541.0 1611.5 1682.0
1541.0 1611.5 1682.0
1541.0 1611.5 1682.0
1541.0 1611.5 1682.0
1541.0 1611.5 1682.0
1541.0 1611.5 1682.0
1541.0 1611.5 1682.0
1541.0 1611.5 1682.0
1541.0 1611.5 1682.0
1541.0 1611.5 1682.0
1541.0 1611.5 1682.0
1541.0 1611.5 1682.0
1541.0 1611.5 1682.0
1541.0 1730.5 1920.0
1541.0 1597.0 1653.0
1541.0 1597.0 1653.0
1541.0 1597.0 1653.0
1541.0 1597.0 1653.0
1541.0 1597.0 1653.0
1541.0 1597.0 1653.0
1541.0 1597.0 1653.0
1541.0 1597.0 1653.0
1541.0 1597.0 1653.0
1541.0 1597.0 1653.0
1541.0 1597.0 1653.0
1541.0 1597.0 1653.0
1541.0 1597.0 1653.0
1541.0 1597.0 1653.0
1541.0 1597.0 1653.0
1541.0 1597.0 1653.0
1541.0 1597.0 1653.0
1541.0 1597.0 1653.0
1541.0 1597.0 1653.0
1541.0 1597.0 1653.0
1541.0 1597.0 1653.0
1541.0 1597.0 1653.0
1541.0 1597.0 1653.0
1541.0 1597.0 1653.0
1541.0 1597.0 1653.0
1541.0 1597.0 1653.0
1541.0 1597.0 1653.0
1541.0 1597.0 1653.0
1541.0 1597.0 1653.0
1541.0 1597.0 1653.0
1541.0 1597.0 1653.0
1541.0 1597.0 1653.0
1541.0 1597.0 1653.0
1541.0 1597.0 1653.0
1541.0 1597.0 1653.0
1541.0 1597.0 1653.0
1541.0 1597.0 1653.0
1541.0 1597.0 1653.0
1541.0 1597.0 1653.0
1541.0 1597.0 1653.0
1541.0 1597.0 1653.0
1541.0 1597.0 1653.0
1541.0 1597.0 1653.0
1541.0 1597.0 1653.0
1541.0 1597.0 1653.0
1541.0 1597.0 1653.0
1541.0 1597.0 1653.0
1541.0 1597.0 1653.0
1541.0 1597.0 1653.0
1541.0 1597.0 1653.0
1541.0 1597.0 1653.0
1541.0 1597.0 1653.0
1541.0 1597.0 1653.0
1541.0 1597.0 1653.0
1541.0 1597.0 1653.0
1541.0 1597.0 1653.0
1541.0 1597.0 1653.0
1541.0 1597.0 1653.0
1541.0 1597.0 1653.0
1541.0 1597.0 1653.0
1541.0 1597.0 1653.0
1541.0 1597.0 1653.0
1541.0 1597.0 1653.0
1541.0 1597.0 1653.0
1541.0 1597.0 1653.0
1541.0 1597.0 1653.0
1541.0 1597.0 1653.0
1541.0 1597.0 1653.0
1541.0 1597.0 1653.0
1541.0 1597.0 1653.0
1541.0 1597.0 1653.0
1541.0 1597.0 1653.0
1541.0 1597.0 1653.0
1541.0 1597.0 1653.0
1541.0 1597.0 1653.0
1541.0 1597.0 1653.0
1541.0 1597.0 1653.0
1541.0 1597.0 1653.0
1541.0 1597.0 1653.0
1541.0 1597.0 1653.0
1541.0 1597.0 1653.0
1541.0 1597.0 1653.0
1541.0 1597.0 1653.0
1541.0 1597.0 1653.0
1541.0 1597.0 1653.0
1541.0 1597.0 1653.0
1541.0 1597.0 1653.0
1541.0 1597.0 1653.0
1541.0 1597.0 1653.0
1541.0 1597.0 1653.0
1541.0 1597.0 1653.0
1541.0 1597.0 1653.0
1541.0 1597.0 1653.0
1541.0 1597.0 1653.0
1541.0 1597.0 1653.0
1541.0 1597.0 1653.0
1541.0 1597.0 1653.0
1541.0 1597.0 1653.0
1541.0 1597.0 1653.0
1541.0 1597.0 1653.0
1541.0 1597.0 1653.0
1541.0 1597.0 1653.0
1541.0 1597.0 1653.0
1541.0 1597.0 1653.0
1541.0 1597.0 1653.0
1541.0 1597.0 1653.0
1541.0 1597.0 1653.0
1541.0 1597.0 1653.0
1541.0 1597.0 1653.0
1541.0 1597.0 1653.0
1541.0 1597.0 1653.0
1541.0 1597.0 1653.0
1541.0 1597.0 1653.0
1541.0 1597.0 1653.0
1541.0 1597.0 1653.0
1541.0 1597.0 1653.0
1541.0 1597.0 1653.0
1541.0 1597.0 1653.0
1541.0 1597.0 1653.0
1541.0 1597.0 1653.0
1541.0 1597.0 1653.0
1541.0 1597.0 1653.0
1541.0 1597.0 1653.0
1541.0 1597.0 1653.0
1541.0 1597.0 1653.0
1541.0 1597.0 1653.0
1541.0 1597.0 1653.0
1541.0 1597.0 1653.0
1541.0 1597.0 1653.0
1541.0 1597.0 1653.0
1541.0 1597.0 1653.0
1541.0 1597.0 1653.0
1541.0 1597.0 1653.0
1541.0 1597.0 1653.0
1434.0 1543.5 1653.0
796.0 1224.5 1653.0
796.0 1224.5 1653.0
796.0 1224.5 1653.0
796.0 1224.5 1653.0
796.0 1224.5 1653.0
796.0 1224.5 1653.0
796.0 1224.5 1653.0
796.0 1224.5 1653.0
796.0 1224.5 1653.0
796.0 1224.5 1653.0
796.0 1224.5 1653.0
796.0 1224.5 1653.0
796.0 1224.5 1653.0
796.0 1224.5 1653.0
796.0 1224.5 1653.0
796.0 1224.5 1653.0
796.0 1224.5 1653.0
796.0 1224.5 1653.0
796.0 1224.5 1653.0
796.0 1224.5 1653.0
