10616.0 11120.0 11624.0
10941.0 11125.0 11309.0
8904.0 9477.5 10051.0
6223.0 7627.5 9032.0
6223.0 6881.0 7539.0
5648.0 5899.0 6150.0
2892.0 4270.0 5648.0
2892.0 4270.0 5648.0
2892.0 4270.0 5648.0
2892.0 3430.5 3969.0
2892.0 3944.5 4997.0
2892.0 3447.0 4002.0
2892.0 3120.0 3348.0
2892.0 3120.0 3348.0
1856.0 2602.0 3348.0
1856.0 2386.0 2916.0
1736.0 1796.0 1856.0
1736.0 1796.0 1856.0
1736.0 1796.0 1856.0
1736.0 1796.0 1856.0
1736.0 1796.0 1856.0
1736.0 1796.0 1856.0
1736.0 1796.0 1856.0
1736.0 1796.0 1856.0
1736.0 1796.0 1856.0
1736.0 1796.0 1856.0
1736.0 1796.0 1856.0
1736.0 1796.0 1856.0
1736.0 1796.0 1856.0
1736.0 1796.0 1856.0
1736.0 1796.0 1856.0
1736.0 1796.0 1856.0
1736.0 1796.0 1856.0
1736.0 1796.0 1856.0
1736.0 1796.0 1856.0
1736.0 1796.0 1856.0
1736.0 1796.0 1856.0
1736.0 1796.0 1856.0
1736.0 1796.0 1856.0
1736.0 1796.0 1856.0
1736.0 1796.0 1856.0
1736.0 1796.0 1856.0
1736.0 1796.0 1856.0
1736.0 1796.0 1856.0
1736.0 1796.0 1856.0
1736.0 1796.0 1856.0
1736.0 1796.0 1856.0
1736.0 1796.0 1856.0
1736.0 1796.0 1856.0
1736.0 1796.0 1856.0
1736.0 1796.0 1856.0
1736.0 1796.0 1856.0
1736.0 1796.0 1856.0
1736.0 1796.0 1856.0
1736.0 1796.0 1856.0
1736.0 1796.0 1856.0
1736.0 1796.0 1856.0
1736.0 1796.0 1856.0
1736.0 1796.0 1856.0
1736.0 1796.0 1856.0
1736.0 1796.0 1856.0
1736.0 1796.0 1856.0
1736.0 1796.0 1856.0
1736.0 1796.0 1856.0
1736.0 1796.0 1856.0
1736.0 1796.0 1856.0
1736.0 1796.0 1856.0
1736.0 1796.0 1856.0
1736.0 1796.0 1856.0
1736.0 1796.0 1856.0
1736.0 1796.0 1856.0
1811.0 1833.5 1856.0
1289.0 1572.5 1856.0
1157.0 1506.5 1856.0
1157.0 1506.5 1856.0
1157.0 1506.5 1856.0
1157.0 1506.5 1856.0
1157.0 1506.5 1856.0
1157.0 1506.5 1856.0
1157.0 1506.5 1856.0
1157.0 1506.5 1856.0
1157.0 1506.5 1856.0
1157.0 1506.5 1856.0
1157.0 1506.5 1856.0
1157.0 1506.5 1856.0
1157.0 1506.5 1856.0
1157.0 1506.5 1856.0
1157.0 1506.5 1856.0
1157.0 1506.5 1856.0
1157.0 1506.5 1856.0
1157.0 1506.5 1856.0
1157.0 1506.5 1856.0
1157.0 1506.5 1856.0
1157.0 1506.5 1856.0
1157.0 1506.5 1856.0
1157.0 1506.5 1856.0
1157.0 1506.5 1856.0
1157.0 1506.5 1856.0
1157.0 1506.5 1856.0
1157.0 1506.5 1856.0
1157.0 1506.5 1856.0
1157.0 1506.5 1856.0
1157.0 1506.5 1856.0
1157.0 1506.5 1856.0
1157.0 1506.5 1856.0
1157.0 1506.5 1856.0
1157.0 1506.5 1856.0
1157.0 1506.5 1856.0
1157.0 1506.5 1856.0
1157.0 1506.5 1856.0
1157.0 1506.5 1856.0
1157.0 1506.5 1856.0
1157.0 1506.5 1856.0
1157.0 1506.5 1856.0
1157.0 1506.5 1856.0
1157.0 1506.5 1856.0
1157.0 1506.5 1856.0
1157.0 1506.5 1856.0
1157.0 1506.5 1856.0
1157.0 1506.5 1856.0
1157.0 1506.5 1856.0
1157.0 1506.5 1856.0
1157.0 1506.5 1856.0
1157.0 1506.5 1856.0
1157.0 1506.5 1856.0
1157.0 1506.5 1856.0
1157.0 1506.5 1856.0
1157.0 1506.5 1856.0
1157.0 1506.5 1856.0
1157.0 1506.5 1856.0
1157.0 1506.5 1856.0
1157.0 1506.5 1856.0
1157.0 1506.5 1856.0
1157.0 1506.5 1856.0
1157.0 1506.5 1856.0
1157.0 1506.5 1856.0
1157.0 1506.5 1856.0
1157.0 1506.5 1856.0
1157.0 1506.5 1856.0
1157.0 1506.5 1856.0
1157.0 1506.5 1856.0
1157.0 1506.5 1856.0
1157.0 1506.5 1856.0
1157.0 1506.5 1856.0
1157.0 1506.5 1856.0
1157.0 1506.5 1856.0
1157.0 1506.5 1856.0
1157.0 1506.5 1856.0
1157.0 1506.5 1856.0
1157.0 1506.5 1856.0
1157.0 1506.5 1856.0
1157.0 1506.5 1856.0
1157.0 1506.5 1856.0
1157.0 1506.5 1856.0
1157.0 1506.5 1856.0
1157.0 1506.5 1856.0
1157.0 1506.5 1856.0
1157.0 1506.5 1856.0
1157.0 1506.5 1856.0
1157.0 1506.5 1856.0
1157.0 1506.5 1856.0
1157.0 1506.5 1856.0
1157.0 1506.5 1856.0
1157.0 1506.5 1856.0
1157.0 1506.5 1856.0
1157.0 1506.5 1856.0
1157.0 1290.5 1424.0
1157.0 1290.5 1424.0
1157.0 1290.5 1424.0
1157.0 1290.5 1424.0
1157.0 1290.5 1424.0
1157.0 1290.5 1424.0
1157.0 1290.5 1424.0
1157.0 1290.5 1424.0
1157.0 1290.5 1424.0
1157.0 1290.5 1424.0
1157.0 1290.5 1424.0
1157.0 1290.5 1424.0
1157.0 1290.5 1424.0
1157.0 1290.5 1424.0
1157.0 1290.5 1424.0
1157.0 1290.5 1424.0
1157.0 1290.5 1424.0
1157.0 1290.5 1424.0
1157.0 1290.5 1424.0
1157.0 1290.5 1424.0
1157.0 1290.5 1424.0
1157.0 1290.5 1424.0
1157.0 1290.5 1424.0
1157.0 1290.5 1424.0
1157.0 1290.5 1424.0
1157.0 1290.5 1424.0
1157.0 1290.5 1424.0
1157.0 1290.5 1424.0
1157.0 1290.5 1424.0
1157.0 1290.5 1424.0
1157.0 1290.5 1424.0
1157.0 1290.5 1424.0
1157.0 1290.5 1424.0
1157.0 1290.5 1424.0
