12191.0 12283.0 12375.0
7982.0 8897.0 9812.0
7149.0 7873.5 8598.0
5361.0 6017.5 6674.0
3230.0 3312.5 3395.0
2858.0 2986.5 3115.0
1999.0 2478.5 2958.0
1999.0 2556.5 3114.0
1927.0 2033.5 2140.0
1790.0 2034.0 2278.0
1783.0 1796.5 1810.0
1438.0 1624.0 1810.0
957.0 1383.5 1810.0
630.0 1220.0 1810.0
630.0 813.0 996.0
630.0 813.0 996.0
630.0 813.0 996.0
630.0 821.5 1013.0
630.0 821.5 1013.0
630.0 821.5 1013.0
630.0 821.5 1013.0
630.0 821.5 1013.0
630.0 821.5 1013.0
630.0 821.5 1013.0
630.0 821.5 1013.0
630.0 821.5 1013.0
630.0 821.5 1013.0
630.0 821.5 1013.0
630.0 821.5 1013.0
630.0 821.5 1013.0
630.0 821.5 1013.0
630.0 821.5 1013.0
630.0 821.5 1013.0
630.0 821.5 1013.0
630.0 821.5 1013.0
630.0 821.5 1013.0
630.0 821.5 1013.0
630.0 821.5 1013.0
630.0 821.5 1013.0
630.0 821.5 1013.0
630.0 821.5 1013.0
630.0 821.5 1013.0
630.0 821.5 1013.0
630.0 821.5 1013.0
630.0 821.5 1013.0
630.0 821.5 1013.0
630.0 821.5 1013.0
630.0 821.5 1013.0
630.0 821.5 1013.0
630.0 821.5 1013.0
630.0 821.5 1013.0
630.0 821.5 1013.0
630.0 821.5 1013.0
630.0 821.5 1013.0
630.0 821.5 1013.0
630.0 821.5 1013.0
630.0 821.5 1013.0
630.0 821.5 1013.0
630.0 821.5 1013.0
630.0 821.5 1013.0
630.0 821.5 1013.0
630.0 821.5 1013.0
630.0 821.5 1013.0
630.0 821.5 1013.0
630.0 821.5 1013.0
630.0 821.5 1013.0
630.0 821.5 1013.0
630.0 821.5 1013.0
630.0 821.5 1013.0
630.0 821.5 1013.0
630.0 821.5 1013.0
630.0 821.5 1013.0
630.0 821.5 1013.0
630.0 821.5 1013.0
630.0 821.5 1013.0
630.0 821.5 1013.0
630.0 821.5 1013.0
630.0 821.5 1013.0
630.0 821.5 1013.0
630.0 821.5 1013.0
630.0 821.5 1013.0
630.0 821.5 1013.0
630.0 821.5 1013.0
630.0 821.5 1013.0
630.0 821.5 1013.0
630.0 821.5 1013.0
630.0 821.5 1013.0
630.0 821.5 1013.0
630.0 821.5 1013.0
630.0 821.5 1013.0
630.0 821.5 1013.0
630.0 821.5 1013.0
630.0 821.5 1013.0
630.0 821.5 1013.0
630.0 821.5 1013.0
630.0 821.5 1013.0
630.0 821.5 1013.0
630.0 821.5 1013.0
630.0 821.5 1013.0
630.0 821.5 1013.0
630.0 821.5 1013.0
630.0 821.5 1013.0
630.0 821.5 1013.0
630.0 821.5 1013.0
630.0 821.5 1013.0
630.0 821.5 1013.0
630.0 821.5 1013.0
630.0 821.5 1013.0
630.0 821.5 1013.0
630.0 821.5 1013.0
630.0 821.5 1013.0
630.0 821.5 1013.0
630.0 821.5 1013.0
630.0 821.5 1013.0
630.0 821.5 1013.0
630.0 821.5 1013.0
630.0 821.5 1013.0
630.0 821.5 1013.0
630.0 821.5 1013.0
630.0 821.5 1013.0
630.0 821.5 1013.0
630.0 821.5 1013.0
630.0 821.5 1013.0
630.0 821.5 1013.0
630.0 821.5 1013.0
630.0 821.5 1013.0
630.0 821.5 1013.0
630.0 821.5 1013.0
630.0 821.5 1013.0
630.0 821.5 1013.0
630.0 821.5 1013.0
630.0 821.5 1013.0
630.0 821.5 1013.0
630.0 821.5 1013.0
630.0 821.5 1013.0
630.0 821.5 1013.0
630.0 821.5 1013.0
630.0 821.5 1013.0
630.0 821.5 1013.0
630.0 821.5 1013.0
630.0 821.5 1013.0
630.0 821.5 1013.0
630.0 821.5 1013.0
630.0 821.5 1013.0
630.0 821.5 1013.0
630.0 821.5 1013.0
630.0 821.5 1013.0
630.0 821.5 1013.0
630.0 821.5 1013.0
630.0 821.5 1013.0
630.0 821.5 1013.0
630.0 821.5 1013.0
630.0 821.5 1013.0
630.0 821.5 1013.0
630.0 821.5 1013.0
630.0 821.5 1013.0
630.0 821.5 1013.0
630.0 821.5 1013.0
630.0 821.5 1013.0
630.0 821.5 1013.0
630.0 821.5 1013.0
630.0 821.5 1013.0
630.0 821.5 1013.0
630.0 821.5 1013.0
630.0 821.5 1013.0
630.0 821.5 1013.0
630.0 821.5 1013.0
630.0 821.5 1013.0
630.0 821.5 1013.0
630.0 821.5 1013.0
630.0 821.5 1013.0
630.0 821.5 1013.0
630.0 821.5 1013.0
630.0 821.5 1013.0
630.0 821.5 1013.0
630.0 821.5 1013.0
630.0 821.5 1013.0
630.0 821.5 1013.0
630.0 821.5 1013.0
630.0 821.5 1013.0
630.0 821.5 1013.0
630.0 821.5 1013.0
630.0 821.5 1013.0
630.0 821.5 1013.0
630.0 821.5 1013.0
630.0 821.5 1013.0
630.0 821.5 1013.0
630.0 821.5 1013.0
630.0 821.5 1013.0
630.0 821.5 1013.0
630.0 821.5 1013.0
630.0 821.5 1013.0
630.0 821.5 1013.0
630.0 821.5 1013.0
630.0 821.5 1013.0
630.0 821.5 1013.0
630.0 821.5 1013.0
630.0 821.5 1013.0
630.0 821.5 1013.0
630.0 821.5 1013.0
