11084.0 12851.5 14619.0
8961.0 9398.5 9836.0
7683.0 7765.5 7848.0
6097.0 7175.5 8254.0
3175.0 4131.0 5087.0
3932.0 3960.0 3988.0
2283.0 2537.0 2791.0
2103.0 2333.5 2564.0
1830.0 1877.0 1924.0
1793.0 1809.0 1825.0
1439.0 1669.0 1899.0
1314.0 1473.5 1633.0
1314.0 1473.5 1633.0
1314.0 1473.5 1633.0
1314.0 1575.5 1837.0
1054.0 1445.5 1837.0
1054.0 1232.5 1411.0
1054.0 1232.5 1411.0
1054.0 1099.5 1145.0
1054.0 1232.5 1411.0
1054.0 1232.5 1411.0
1054.0 1094.5 1135.0
1054.0 1094.5 1135.0
1054.0 1094.5 1135.0
1054.0 1094.5 1135.0
1054.0 1094.5 1135.0
1054.0 1094.5 1135.0
1054.0 1094.5 1135.0
1054.0 1094.5 1135.0
1054.0 1094.5 1135.0
1054.0 1094.5 1135.0
1054.0 1094.5 1135.0
1054.0 1094.5 1135.0
1054.0 1094.5 1135.0
1054.0 1094.5 1135.0
1054.0 1094.5 1135.0
1054.0 1094.5 1135.0
1054.0 1094.5 1135.0
1054.0 1094.5 1135.0
1054.0 1094.5 1135.0
1054.0 1094.5 1135.0
1054.0 1094.5 1135.0
1054.0 1094.5 1135.0
1054.0 1094.5 1135.0
1054.0 1094.5 1135.0
1054.0 1094.5 1135.0
1054.0 1094.5 1135.0
1054.0 1094.5 1135.0
1054.0 1094.5 1135.0
1054.0 1094.5 1135.0
1054.0 1094.5 1135.0
1054.0 1094.5 1135.0
1054.0 1094.5 1135.0
893.0 1014.0 1135.0
893.0 1014.0 1135.0
893.0 1014.0 1135.0
893.0 1014.0 1135.0
893.0 1014.0 1135.0
893.0 1014.0 1135.0
893.0 1014.0 1135.0
893.0 1014.0 1135.0
893.0 1014.0 1135.0
893.0 1014.0 1135.0
893.0 1014.0 1135.0
893.0 1014.0 1135.0
893.0 1014.0 1135.0
893.0 1014.0 1135.0
893.0 1014.0 1135.0
893.0 1014.0 1135.0
893.0 1014.0 1135.0
893.0 1014.0 1135.0
893.0 1014.0 1135.0
893.0 1014.0 1135.0
893.0 1014.0 1135.0
893.0 1014.0 1135.0
893.0 1014.0 1135.0
893.0 1014.0 1135.0
893.0 1014.0 1135.0
893.0 1014.0 1135.0
893.0 1014.0 1135.0
893.0 1014.0 1135.0
893.0 1014.0 1135.0
893.0 1014.0 1135.0
893.0 1014.0 1135.0
893.0 1014.0 1135.0
893.0 1014.0 1135.0
893.0 1014.0 1135.0
893.0 1014.0 1135.0
893.0 1014.0 1135.0
893.0 1014.0 1135.0
893.0 1014.0 1135.0
893.0 1014.0 1135.0
893.0 1014.0 1135.0
893.0 1014.0 1135.0
893.0 1014.0 1135.0
893.0 1014.0 1135.0
893.0 1014.0 1135.0
893.0 1014.0 1135.0
893.0 1014.0 1135.0
893.0 1014.0 1135.0
893.0 1014.0 1135.0
893.0 1014.0 1135.0
893.0 1014.0 1135.0
893.0 1014.0 1135.0
893.0 1014.0 1135.0
893.0 1014.0 1135.0
893.0 1014.0 1135.0
893.0 1014.0 1135.0
893.0 1014.0 1135.0
893.0 1014.0 1135.0
893.0 1014.0 1135.0
893.0 1014.0 1135.0
893.0 1014.0 1135.0
893.0 1014.0 1135.0
893.0 1014.0 1135.0
893.0 1014.0 1135.0
893.0 1014.0 1135.0
893.0 1014.0 1135.0
893.0 1014.0 1135.0
893.0 1014.0 1135.0
893.0 1014.0 1135.0
893.0 1014.0 1135.0
893.0 1014.0 1135.0
893.0 1014.0 1135.0
893.0 1014.0 1135.0
893.0 1014.0 1135.0
893.0 1014.0 1135.0
893.0 1014.0 1135.0
893.0 1014.0 1135.0
893.0 1014.0 1135.0
893.0 1014.0 1135.0
893.0 1014.0 1135.0
893.0 1014.0 1135.0
893.0 1014.0 1135.0
893.0 1014.0 1135.0
893.0 1014.0 1135.0
893.0 1014.0 1135.0
893.0 1014.0 1135.0
893.0 1014.0 1135.0
893.0 1014.0 1135.0
893.0 1014.0 1135.0
893.0 1014.0 1135.0
893.0 1014.0 1135.0
893.0 1014.0 1135.0
893.0 1014.0 1135.0
893.0 1014.0 1135.0
893.0 1014.0 1135.0
893.0 1014.0 1135.0
893.0 1014.0 1135.0
893.0 1014.0 1135.0
893.0 1014.0 1135.0
893.0 1014.0 1135.0
893.0 1014.0 1135.0
893.0 1014.0 1135.0
893.0 1014.0 1135.0
893.0 1014.0 1135.0
893.0 1014.0 1135.0
893.0 1014.0 1135.0
893.0 1014.0 1135.0
893.0 1014.0 1135.0
893.0 1014.0 1135.0
893.0 1014.0 1135.0
893.0 1014.0 1135.0
893.0 1014.0 1135.0
893.0 1014.0 1135.0
893.0 1014.0 1135.0
893.0 1014.0 1135.0
893.0 1014.0 1135.0
893.0 1014.0 1135.0
893.0 1014.0 1135.0
893.0 1014.0 1135.0
893.0 1014.0 1135.0
893.0 1014.0 1135.0
893.0 1014.0 1135.0
893.0 1014.0 1135.0
893.0 1014.0 1135.0
893.0 1014.0 1135.0
893.0 1014.0 1135.0
893.0 1014.0 1135.0
893.0 1014.0 1135.0
893.0 1014.0 1135.0
893.0 1014.0 1135.0
893.0 1014.0 1135.0
893.0 1014.0 1135.0
893.0 1014.0 1135.0
893.0 1014.0 1135.0
893.0 1014.0 1135.0
893.0 1014.0 1135.0
893.0 1014.0 1135.0
893.0 1014.0 1135.0
893.0 1014.0 1135.0
893.0 1014.0 1135.0
893.0 1014.0 1135.0
893.0 1014.0 1135.0
893.0 1014.0 1135.0
893.0 1014.0 1135.0
893.0 1014.0 1135.0
893.0 1014.0 1135.0
893.0 1014.0 1135.0
893.0 1014.0 1135.0
