13282.0 13510.5 13739.0
9800.0 10240.5 10681.0
8294.0 8877.0 9460.0
5257.0 5542.0 5827.0
3027.0 3911.5 4796.0
2693.0 3114.5 3536.0
2693.0 3029.5 3366.0
2382.0 2681.0 2980.0
2296.0 2386.5 2477.0
1284.0 1568.5 1853.0
1284.0 1528.5 1773.0
1284.0 1361.5 1439.0
1284.0 1361.5 1439.0
876.0 1080.0 1284.0
876.0 1080.0 1284.0
876.0 1080.0 1284.0
876.0 1080.0 1284.0
876.0 1080.0 1284.0
876.0 1080.0 1284.0
876.0 1080.0 1284.0
876.0 1080.0 1284.0
876.0 1080.0 1284.0
876.0 1080.0 1284.0
876.0 1080.0 1284.0
876.0 1080.0 1284.0
876.0 1080.0 1284.0
876.0 1080.0 1284.0
876.0 1080.0 1284.0
876.0 920.5 965.0
876.0 920.5 965.0
876.0 920.5 965.0
865.0 870.5 876.0
865.0 870.5 876.0
865.0 870.5 876.0
865.0 870.5 876.0
865.0 870.5 876.0
865.0 870.5 876.0
865.0 870.5 876.0
865.0 870.5 876.0
865.0 870.5 876.0
865.0 870.5 876.0
865.0 870.5 876.0
865.0 870.5 876.0
865.0 870.5 876.0
865.0 870.5 876.0
865.0 870.5 876.0
865.0 870.5 876.0
865.0 870.5 876.0
865.0 870.5 876.0
865.0 870.5 876.0
865.0 870.5 876.0
865.0 870.5 876.0
865.0 870.5 876.0
865.0 870.5 876.0
865.0 870.5 876.0
865.0 870.5 876.0
865.0 870.5 876.0
865.0 870.5 876.0
865.0 870.5 876.0
865.0 870.5 876.0
865.0 870.5 876.0
865.0 870.5 876.0
865.0 870.5 876.0
865.0 870.5 876.0
865.0 870.5 876.0
865.0 870.5 876.0
865.0 870.5 876.0
865.0 870.5 876.0
865.0 870.5 876.0
865.0 870.5 876.0
865.0 870.5 876.0
865.0 870.5 876.0
865.0 870.5 876.0
865.0 870.5 876.0
865.0 870.5 876.0
865.0 870.5 876.0
865.0 870.5 876.0
865.0 870.5 876.0
865.0 870.5 876.0
865.0 870.5 876.0
865.0 870.5 876.0
865.0 870.5 876.0
865.0 870.5 876.0
865.0 870.5 876.0
865.0 870.5 876.0
865.0 870.5 876.0
865.0 870.5 876.0
865.0 870.5 876.0
865.0 870.5 876.0
865.0 870.5 876.0
865.0 870.5 876.0
865.0 870.5 876.0
865.0 870.5 876.0
865.0 870.5 876.0
865.0 870.5 876.0
865.0 870.5 876.0
865.0 870.5 876.0
865.0 870.5 876.0
865.0 870.5 876.0
865.0 870.5 876.0
865.0 870.5 876.0
865.0 870.5 876.0
865.0 870.5 876.0
865.0 870.5 876.0
865.0 870.5 876.0
865.0 870.5 876.0
865.0 870.5 876.0
865.0 870.5 876.0
865.0 870.5 876.0
865.0 870.5 876.0
865.0 870.5 876.0
865.0 870.5 876.0
865.0 870.5 876.0
865.0 870.5 876.0
865.0 870.5 876.0
865.0 870.5 876.0
865.0 870.5 876.0
865.0 870.5 876.0
865.0 870.5 876.0
865.0 870.5 876.0
865.0 870.5 876.0
865.0 870.5 876.0
865.0 870.5 876.0
865.0 870.5 876.0
865.0 870.5 876.0
865.0 870.5 876.0
865.0 870.5 876.0
865.0 870.5 876.0
865.0 870.5 876.0
865.0 870.5 876.0
865.0 870.5 876.0
865.0 870.5 876.0
865.0 870.5 876.0
865.0 870.5 876.0
865.0 870.5 876.0
865.0 870.5 876.0
865.0 870.5 876.0
865.0 870.5 876.0
865.0 870.5 876.0
865.0 870.5 876.0
865.0 870.5 876.0
865.0 870.5 876.0
865.0 870.5 876.0
865.0 870.5 876.0
865.0 870.5 876.0
865.0 870.5 876.0
865.0 870.5 876.0
865.0 870.5 876.0
865.0 870.5 876.0
865.0 870.5 876.0
865.0 870.5 876.0
865.0 870.5 876.0
865.0 870.5 876.0
865.0 870.5 876.0
865.0 870.5 876.0
865.0 870.5 876.0
865.0 870.5 876.0
865.0 870.5 876.0
865.0 870.5 876.0
865.0 870.5 876.0
865.0 870.5 876.0
865.0 870.5 876.0
865.0 870.5 876.0
865.0 870.5 876.0
865.0 870.5 876.0
865.0 870.5 876.0
865.0 870.5 876.0
865.0 870.5 876.0
865.0 870.5 876.0
865.0 870.5 876.0
865.0 870.5 876.0
865.0 870.5 876.0
865.0 870.5 876.0
865.0 870.5 876.0
865.0 870.5 876.0
865.0 870.5 876.0
865.0 870.5 876.0
865.0 870.5 876.0
865.0 870.5 876.0
865.0 870.5 876.0
865.0 870.5 876.0
865.0 870.5 876.0
865.0 870.5 876.0
865.0 870.5 876.0
865.0 870.5 876.0
865.0 870.5 876.0
865.0 870.5 876.0
865.0 870.5 876.0
865.0 870.5 876.0
865.0 870.5 876.0
865.0 870.5 876.0
865.0 870.5 876.0
865.0 870.5 876.0
865.0 870.5 876.0
865.0 870.5 876.0
865.0 870.5 876.0
865.0 870.5 876.0
865.0 870.5 876.0
865.0 870.5 876.0
865.0 870.5 876.0
