10892.0 12373.5 13855.0
8604.0 8947.0 9290.0
7160.0 8272.0 9384.0
6783.0 6804.5 6826.0
4017.0 4715.0 5413.0
4230.0 4466.5 4703.0
2252.0 2710.0 3168.0
2622.0 2895.0 3168.0
2379.0 2773.5 3168.0
2261.0 2714.5 3168.0
2255.0 2258.0 2261.0
2255.0 2258.0 2261.0
2258.0 2259.5 2261.0
2255.0 2258.0 2261.0
1570.0 1805.0 2040.0
1570.0 1646.0 1722.0
1188.0 1234.0 1280.0
1188.0 1234.0 1280.0
762.0 1021.0 1280.0
688.0 984.0 1280.0
688.0 984.0 1280.0
555.0 917.5 1280.0
555.0 917.5 1280.0
465.0 872.5 1280.0
465.0 872.5 1280.0
465.0 872.5 1280.0
465.0 872.5 1280.0
465.0 872.5 1280.0
465.0 872.5 1280.0
465.0 872.5 1280.0
465.0 872.5 1280.0
465.0 872.5 1280.0
465.0 872.5 1280.0
465.0 872.5 1280.0
465.0 872.5 1280.0
465.0 872.5 1280.0
465.0 872.5 1280.0
465.0 872.5 1280.0
465.0 872.5 1280.0
465.0 872.5 1280.0
465.0 872.5 1280.0
465.0 872.5 1280.0
465.0 872.5 1280.0
465.0 872.5 1280.0
465.0 872.5 1280.0
465.0 872.5 1280.0
465.0 872.5 1280.0
465.0 872.5 1280.0
465.0 872.5 1280.0
465.0 872.5 1280.0
465.0 872.5 1280.0
465.0 872.5 1280.0
465.0 872.5 1280.0
465.0 872.5 1280.0
465.0 872.5 1280.0
465.0 872.5 1280.0
465.0 872.5 1280.0
465.0 872.5 1280.0
465.0 872.5 1280.0
465.0 872.5 1280.0
465.0 872.5 1280.0
465.0 872.5 1280.0
465.0 872.5 1280.0
465.0 872.5 1280.0
465.0 872.5 1280.0
465.0 872.5 1280.0
465.0 872.5 1280.0
465.0 872.5 1280.0
465.0 872.5 1280.0
465.0 872.5 1280.0
465.0 872.5 1280.0
465.0 872.5 1280.0
465.0 872.5 1280.0
465.0 872.5 1280.0
465.0 872.5 1280.0
465.0 872.5 1280.0
465.0 872.5 1280.0
465.0 872.5 1280.0
465.0 872.5 1280.0
465.0 872.5 1280.0
465.0 872.5 1280.0
465.0 872.5 1280.0
465.0 872.5 1280.0
465.0 872.5 1280.0
465.0 872.5 1280.0
465.0 872.5 1280.0
465.0 872.5 1280.0
465.0 872.5 1280.0
465.0 872.5 1280.0
465.0 872.5 1280.0
465.0 872.5 1280.0
465.0 872.5 1280.0
465.0 872.5 1280.0
465.0 872.5 1280.0
465.0 872.5 1280.0
465.0 872.5 1280.0
465.0 872.5 1280.0
465.0 872.5 1280.0
465.0 872.5 1280.0
465.0 872.5 1280.0
465.0 872.5 1280.0
465.0 872.5 1280.0
465.0 872.5 1280.0
465.0 872.5 1280.0
465.0 872.5 1280.0
465.0 872.5 1280.0
465.0 872.5 1280.0
465.0 872.5 1280.0
465.0 872.5 1280.0
465.0 872.5 1280.0
465.0 872.5 1280.0
465.0 872.5 1280.0
465.0 872.5 1280.0
465.0 872.5 1280.0
465.0 872.5 1280.0
465.0 872.5 1280.0
465.0 872.5 1280.0
465.0 872.5 1280.0
465.0 872.5 1280.0
465.0 872.5 1280.0
465.0 872.5 1280.0
465.0 872.5 1280.0
465.0 872.5 1280.0
465.0 872.5 1280.0
465.0 872.5 1280.0
465.0 872.5 1280.0
465.0 872.5 1280.0
465.0 872.5 1280.0
465.0 872.5 1280.0
465.0 872.5 1280.0
465.0 872.5 1280.0
465.0 872.5 1280.0
465.0 872.5 1280.0
465.0 872.5 1280.0
465.0 872.5 1280.0
465.0 872.5 1280.0
465.0 872.5 1280.0
465.0 872.5 1280.0
465.0 872.5 1280.0
465.0 872.5 1280.0
465.0 872.5 1280.0
465.0 872.5 1280.0
465.0 872.5 1280.0
465.0 872.5 1280.0
465.0 872.5 1280.0
465.0 872.5 1280.0
465.0 872.5 1280.0
465.0 872.5 1280.0
465.0 872.5 1280.0
465.0 872.5 1280.0
465.0 872.5 1280.0
465.0 872.5 1280.0
465.0 872.5 1280.0
465.0 872.5 1280.0
465.0 872.5 1280.0
465.0 872.5 1280.0
465.0 872.5 1280.0
465.0 872.5 1280.0
465.0 872.5 1280.0
465.0 872.5 1280.0
465.0 872.5 1280.0
465.0 872.5 1280.0
465.0 872.5 1280.0
465.0 872.5 1280.0
465.0 872.5 1280.0
465.0 872.5 1280.0
465.0 872.5 1280.0
465.0 872.5 1280.0
465.0 872.5 1280.0
465.0 872.5 1280.0
465.0 872.5 1280.0
465.0 872.5 1280.0
465.0 872.5 1280.0
465.0 872.5 1280.0
465.0 872.5 1280.0
465.0 872.5 1280.0
465.0 872.5 1280.0
465.0 872.5 1280.0
465.0 872.5 1280.0
465.0 872.5 1280.0
465.0 872.5 1280.0
465.0 872.5 1280.0
465.0 872.5 1280.0
465.0 872.5 1280.0
465.0 872.5 1280.0
465.0 872.5 1280.0
465.0 872.5 1280.0
465.0 872.5 1280.0
465.0 872.5 1280.0
465.0 872.5 1280.0
465.0 872.5 1280.0
465.0 872.5 1280.0
465.0 872.5 1280.0
465.0 872.5 1280.0
465.0 872.5 1280.0
465.0 872.5 1280.0
465.0 872.5 1280.0
465.0 872.5 1280.0
465.0 872.5 1280.0
465.0 872.5 1280.0
