13215.0 15448.0 17681.0
13259.0 13916.0 14573.0
10889.0 11534.5 12180.0
8420.0 9089.0 9758.0
5399.0 7062.0 8725.0
5505.0 5741.5 5978.0
4421.0 5199.5 5978.0
3860.0 3922.5 3985.0
3545.0 3765.0 3985.0
2609.0 3465.0 4321.0
2609.0 3420.5 4232.0
2609.0 3095.0 3581.0
2451.0 3016.0 3581.0
2235.0 2425.5 2616.0
2132.0 2374.0 2616.0
2132.0 2374.0 2616.0
2132.0 2374.0 2616.0
2132.0 2374.0 2616.0
2132.0 2374.0 2616.0
2132.0 2374.0 2616.0
2132.0 2244.5 2357.0
2132.0 2244.5 2357.0
2132.0 2244.5 2357.0
2132.0 2244.5 2357.0
2132.0 2244.5 2357.0
2132.0 2244.5 2357.0
2132.0 2244.5 2357.0
2132.0 2244.5 2357.0
2132.0 2244.5 2357.0
2132.0 2244.5 2357.0
2132.0 2244.5 2357.0
1697.0 2027.0 2357.0
1697.0 2027.0 2357.0
1697.0 2027.0 2357.0
1697.0 2027.0 2357.0
1697.0 2027.0 2357.0
1697.0 2027.0 2357.0
1697.0 2027.0 2357.0
1697.0 2027.0 2357.0
1697.0 2027.0 2357.0
1697.0 2027.0 2357.0
1697.0 2027.0 2357.0
1697.0 2027.0 2357.0
1697.0 2027.0 2357.0
1655.0 1676.0 1697.0
1655.0 1676.0 1697.0
1655.0 1676.0 1697.0
1655.0 1676.0 1697.0
1655.0 1676.0 1697.0
1655.0 1676.0 1697.0
1655.0 1676.0 1697.0
1655.0 1676.0 1697.0
1655.0 1676.0 1697.0
1655.0 1676.0 1697.0
1655.0 1676.0 1697.0
1655.0 1676.0 1697.0
1655.0 1676.0 1697.0
1655.0 1676.0 1697.0
1655.0 1676.0 1697.0
1655.0 1676.0 1697.0
1655.0 1676.0 1697.0
1655.0 1676.0 1697.0
1655.0 1676.0 1697.0
1655.0 1676.0 1697.0
1655.0 1676.0 1697.0
1655.0 1676.0 1697.0
1655.0 1676.0 1697.0
1655.0 1676.0 1697.0
1655.0 1676.0 1697.0
1655.0 1676.0 1697.0
1655.0 1676.0 1697.0
1655.0 1676.0 1697.0
1655.0 1676.0 1697.0
1655.0 1676.0 1697.0
1655.0 1676.0 1697.0
1655.0 1676.0 1697.0
1655.0 1676.0 1697.0
1655.0 1676.0 1697.0
1655.0 1676.0 1697.0
1655.0 1676.0 1697.0
1655.0 1676.0 1697.0
1655.0 1676.0 1697.0
1655.0 1676.0 1697.0
1655.0 1676.0 1697.0
1655.0 1676.0 1697.0
1655.0 1676.0 1697.0
1655.0 1676.0 1697.0
1655.0 1676.0 1697.0
1655.0 1676.0 1697.0
1655.0 1676.0 1697.0
1655.0 1676.0 1697.0
1655.0 1676.0 1697.0
1655.0 1676.0 1697.0
1655.0 1676.0 1697.0
1655.0 1676.0 1697.0
1655.0 1676.0 1697.0
1655.0 1676.0 1697.0
1655.0 1676.0 1697.0
1655.0 1676.0 1697.0
1655.0 1676.0 1697.0
1655.0 1676.0 1697.0
1655.0 1676.0 1697.0
1655.0 1676.0 1697.0
1655.0 1676.0 1697.0
1655.0 1676.0 1697.0
1655.0 1676.0 1697.0
1655.0 1676.0 1697.0
1655.0 1676.0 1697.0
1655.0 1676.0 1697.0
1655.0 1676.0 1697.0
1655.0 1676.0 1697.0
1655.0 1676.0 1697.0
1655.0 1676.0 1697.0
1655.0 1676.0 1697.0
1655.0 1676.0 1697.0
1655.0 1676.0 1697.0
1655.0 1676.0 1697.0
1655.0 1676.0 1697.0
1655.0 1676.0 1697.0
1655.0 1676.0 1697.0
1655.0 1676.0 1697.0
1655.0 1676.0 1697.0
1655.0 1676.0 1697.0
1655.0 1676.0 1697.0
1655.0 1676.0 1697.0
1655.0 1676.0 1697.0
1655.0 1676.0 1697.0
1655.0 1676.0 1697.0
1655.0 1676.0 1697.0
1655.0 1676.0 1697.0
1655.0 1676.0 1697.0
1655.0 1676.0 1697.0
1655.0 1676.0 1697.0
1655.0 1676.0 1697.0
1655.0 1676.0 1697.0
1655.0 1676.0 1697.0
1655.0 1676.0 1697.0
1655.0 1676.0 1697.0
1655.0 1676.0 1697.0
1655.0 1676.0 1697.0
1655.0 1676.0 1697.0
1655.0 1676.0 1697.0
1655.0 1676.0 1697.0
1655.0 1676.0 1697.0
1655.0 1676.0 1697.0
1655.0 1676.0 1697.0
1655.0 1676.0 1697.0
1655.0 1676.0 1697.0
1655.0 1676.0 1697.0
1655.0 1676.0 1697.0
1655.0 1676.0 1697.0
1655.0 1676.0 1697.0
1655.0 1676.0 1697.0
1655.0 1676.0 1697.0
1655.0 1676.0 1697.0
1655.0 1676.0 1697.0
1655.0 1676.0 1697.0
1655.0 1676.0 1697.0
1655.0 1676.0 1697.0
1655.0 1676.0 1697.0
1655.0 1676.0 1697.0
1655.0 1676.0 1697.0
1655.0 1676.0 1697.0
1655.0 1676.0 1697.0
1655.0 1676.0 1697.0
1655.0 1676.0 1697.0
1655.0 1676.0 1697.0
1655.0 1676.0 1697.0
1655.0 1676.0 1697.0
1655.0 1676.0 1697.0
1655.0 1676.0 1697.0
1655.0 1676.0 1697.0
1655.0 1676.0 1697.0
1655.0 1676.0 1697.0
1655.0 1676.0 1697.0
1655.0 1676.0 1697.0
1655.0 1676.0 1697.0
1655.0 1676.0 1697.0
1655.0 1676.0 1697.0
1655.0 1676.0 1697.0
1655.0 1676.0 1697.0
1455.0 1576.0 1697.0
1455.0 1576.0 1697.0
1455.0 1576.0 1697.0
1455.0 1576.0 1697.0
1455.0 1576.0 1697.0
1455.0 1576.0 1697.0
1455.0 1576.0 1697.0
1455.0 1576.0 1697.0
1455.0 1576.0 1697.0
1455.0 1576.0 1697.0
1455.0 1576.0 1697.0
1455.0 1576.0 1697.0
1455.0 1576.0 1697.0
1455.0 1576.0 1697.0
1455.0 1576.0 1697.0
1455.0 1576.0 1697.0
1455.0 1576.0 1697.0
1455.0 1576.0 1697.0
1455.0 1576.0 1697.0
