12444.0 12467.5 12491.0
6617.0 8284.5 9952.0
4873.0 6096.5 7320.0
3712.0 4122.5 4533.0
3931.0 4033.0 4135.0
2733.0 3109.5 3486.0
1980.0 2598.5 3217.0
1980.0 2344.0 2708.0
1980.0 2344.0 2708.0
2010.0 2048.5 2087.0
2010.0 2048.5 2087.0
1740.0 1875.0 2010.0
1740.0 1875.0 2010.0
1740.0 1875.0 2010.0
1740.0 1875.0 2010.0
1740.0 1875.0 2010.0
1740.0 1875.0 2010.0
1740.0 1783.0 1826.0
1518.0 1764.0 2010.0
1221.0 1405.0 1589.0
1172.0 1196.5 1221.0
1172.0 1196.5 1221.0
1172.0 1196.5 1221.0
1172.0 1196.5 1221.0
1172.0 1196.5 1221.0
830.0 1001.0 1172.0
830.0 1001.0 1172.0
830.0 1001.0 1172.0
830.0 1001.0 1172.0
830.0 1001.0 1172.0
830.0 1001.0 1172.0
830.0 1001.0 1172.0
830.0 1001.0 1172.0
830.0 1001.0 1172.0
830.0 1001.0 1172.0
830.0 1001.0 1172.0
830.0 1001.0 1172.0
830.0 1001.0 1172.0
830.0 1001.0 1172.0
830.0 1001.0 1172.0
830.0 1001.0 1172.0
830.0 1001.0 1172.0
830.0 1001.0 1172.0
830.0 1001.0 1172.0
830.0 1001.0 1172.0
830.0 1001.0 1172.0
830.0 1001.0 1172.0
830.0 1001.0 1172.0
830.0 1001.0 1172.0
830.0 1001.0 1172.0
830.0 1001.0 1172.0
830.0 1001.0 1172.0
830.0 1001.0 1172.0
830.0 1001.0 1172.0
830.0 1001.0 1172.0
830.0 1001.0 1172.0
830.0 1001.0 1172.0
830.0 1001.0 1172.0
830.0 1001.0 1172.0
830.0 1001.0 1172.0
830.0 1001.0 1172.0
830.0 1001.0 1172.0
830.0 1001.0 1172.0
830.0 1001.0 1172.0
830.0 1001.0 1172.0
830.0 1001.0 1172.0
830.0 1001.0 1172.0
830.0 1001.0 1172.0
830.0 1001.0 1172.0
830.0 1001.0 1172.0
830.0 1001.0 1172.0
830.0 1001.0 1172.0
830.0 1001.0 1172.0
830.0 1001.0 1172.0
830.0 1001.0 1172.0
830.0 1001.0 1172.0
830.0 1001.0 1172.0
830.0 1001.0 1172.0
830.0 1001.0 1172.0
830.0 1001.0 1172.0
830.0 1001.0 1172.0
830.0 1001.0 1172.0
830.0 1001.0 1172.0
830.0 1001.0 1172.0
830.0 1001.0 1172.0
830.0 1001.0 1172.0
830.0 1001.0 1172.0
830.0 1001.0 1172.0
830.0 1001.0 1172.0
830.0 1001.0 1172.0
830.0 1001.0 1172.0
830.0 1001.0 1172.0
830.0 1001.0 1172.0
830.0 1001.0 1172.0
830.0 1001.0 1172.0
830.0 1001.0 1172.0
830.0 1001.0 1172.0
830.0 1001.0 1172.0
830.0 1001.0 1172.0
830.0 1001.0 1172.0
830.0 1001.0 1172.0
830.0 1001.0 1172.0
830.0 1001.0 1172.0
830.0 1001.0 1172.0
830.0 1001.0 1172.0
830.0 1001.0 1172.0
830.0 1001.0 1172.0
830.0 1001.0 1172.0
830.0 1001.0 1172.0
830.0 1001.0 1172.0
830.0 1001.0 1172.0
830.0 1001.0 1172.0
830.0 1001.0 1172.0
830.0 1001.0 1172.0
830.0 1001.0 1172.0
830.0 1001.0 1172.0
830.0 1001.0 1172.0
830.0 1001.0 1172.0
830.0 1001.0 1172.0
830.0 1001.0 1172.0
830.0 1001.0 1172.0
830.0 1001.0 1172.0
830.0 1001.0 1172.0
830.0 1001.0 1172.0
830.0 1001.0 1172.0
830.0 1001.0 1172.0
830.0 1001.0 1172.0
830.0 1001.0 1172.0
830.0 1001.0 1172.0
830.0 1001.0 1172.0
830.0 1001.0 1172.0
830.0 1001.0 1172.0
830.0 1001.0 1172.0
830.0 1001.0 1172.0
830.0 1001.0 1172.0
830.0 1001.0 1172.0
830.0 1001.0 1172.0
830.0 1001.0 1172.0
830.0 1001.0 1172.0
830.0 1001.0 1172.0
830.0 1001.0 1172.0
830.0 1001.0 1172.0
830.0 1001.0 1172.0
830.0 1001.0 1172.0
830.0 1001.0 1172.0
830.0 1001.0 1172.0
830.0 1001.0 1172.0
830.0 1001.0 1172.0
830.0 1001.0 1172.0
830.0 1001.0 1172.0
830.0 1001.0 1172.0
830.0 1001.0 1172.0
830.0 1001.0 1172.0
830.0 1001.0 1172.0
830.0 1001.0 1172.0
830.0 1001.0 1172.0
830.0 1001.0 1172.0
830.0 1001.0 1172.0
830.0 1001.0 1172.0
830.0 1001.0 1172.0
830.0 1001.0 1172.0
830.0 1001.0 1172.0
830.0 1001.0 1172.0
830.0 1001.0 1172.0
830.0 1001.0 1172.0
830.0 1001.0 1172.0
830.0 1001.0 1172.0
830.0 1001.0 1172.0
830.0 1001.0 1172.0
830.0 1001.0 1172.0
830.0 1001.0 1172.0
830.0 1001.0 1172.0
830.0 1001.0 1172.0
830.0 1001.0 1172.0
830.0 1001.0 1172.0
830.0 1001.0 1172.0
830.0 1001.0 1172.0
830.0 1001.0 1172.0
830.0 1001.0 1172.0
830.0 1001.0 1172.0
830.0 1001.0 1172.0
830.0 1001.0 1172.0
830.0 1001.0 1172.0
830.0 1001.0 1172.0
830.0 1001.0 1172.0
830.0 1001.0 1172.0
830.0 1001.0 1172.0
830.0 1001.0 1172.0
830.0 1001.0 1172.0
830.0 1001.0 1172.0
830.0 1001.0 1172.0
830.0 1001.0 1172.0
830.0 1001.0 1172.0
830.0 1001.0 1172.0
830.0 1001.0 1172.0
830.0 1001.0 1172.0
830.0 1001.0 1172.0
830.0 1001.0 1172.0
830.0 1001.0 1172.0
830.0 1001.0 1172.0
