14281.0 14549.0 14817.0
9191.0 9659.5 10128.0
8809.0 9368.5 9928.0
5271.0 6041.0 6811.0
3806.0 4542.0 5278.0
2952.0 3379.0 3806.0
2909.0 3009.0 3109.0
2845.0 2881.0 2917.0
2231.0 2476.0 2721.0
1673.0 1862.0 2051.0
1673.0 1862.0 2051.0
1591.0 1632.0 1673.0
1591.0 1632.0 1673.0
1348.0 1469.5 1591.0
1348.0 1469.5 1591.0
1348.0 1469.5 1591.0
1348.0 1469.5 1591.0
795.0 1193.0 1591.0
795.0 1193.0 1591.0
795.0 1193.0 1591.0
795.0 1193.0 1591.0
795.0 1193.0 1591.0
795.0 1193.0 1591.0
795.0 1193.0 1591.0
795.0 1193.0 1591.0
795.0 1193.0 1591.0
795.0 1193.0 1591.0
795.0 1193.0 1591.0
795.0 1193.0 1591.0
795.0 1193.0 1591.0
795.0 1193.0 1591.0
795.0 1193.0 1591.0
795.0 1193.0 1591.0
795.0 1193.0 1591.0
795.0 1193.0 1591.0
795.0 1193.0 1591.0
795.0 1193.0 1591.0
795.0 1193.0 1591.0
795.0 1193.0 1591.0
795.0 1193.0 1591.0
795.0 1193.0 1591.0
795.0 1193.0 1591.0
795.0 1193.0 1591.0
795.0 1193.0 1591.0
795.0 1193.0 1591.0
795.0 1193.0 1591.0
795.0 1193.0 1591.0
795.0 1193.0 1591.0
795.0 1193.0 1591.0
795.0 1193.0 1591.0
795.0 1193.0 1591.0
795.0 1193.0 1591.0
795.0 1193.0 1591.0
795.0 1193.0 1591.0
795.0 1193.0 1591.0
795.0 1193.0 1591.0
795.0 1193.0 1591.0
795.0 1153.0 1511.0
795.0 1153.0 1511.0
795.0 866.0 937.0
795.0 867.0 939.0
738.0 766.5 795.0
738.0 766.5 795.0
738.0 766.5 795.0
738.0 766.5 795.0
738.0 766.5 795.0
738.0 766.5 795.0
738.0 766.5 795.0
738.0 766.5 795.0
738.0 766.5 795.0
738.0 766.5 795.0
738.0 766.5 795.0
738.0 766.5 795.0
738.0 766.5 795.0
738.0 766.5 795.0
738.0 766.5 795.0
738.0 766.5 795.0
738.0 766.5 795.0
738.0 766.5 795.0
738.0 766.5 795.0
738.0 766.5 795.0
738.0 766.5 795.0
738.0 766.5 795.0
738.0 766.5 795.0
738.0 766.5 795.0
738.0 766.5 795.0
738.0 766.5 795.0
738.0 766.5 795.0
738.0 766.5 795.0
738.0 766.5 795.0
738.0 766.5 795.0
738.0 766.5 795.0
738.0 766.5 795.0
738.0 766.5 795.0
738.0 766.5 795.0
738.0 766.5 795.0
738.0 766.5 795.0
738.0 766.5 795.0
738.0 766.5 795.0
738.0 766.5 795.0
738.0 766.5 795.0
738.0 766.5 795.0
738.0 766.5 795.0
738.0 766.5 795.0
738.0 766.5 795.0
738.0 766.5 795.0
738.0 766.5 795.0
738.0 766.5 795.0
738.0 766.5 795.0
738.0 766.5 795.0
738.0 766.5 795.0
738.0 766.5 795.0
738.0 766.5 795.0
738.0 766.5 795.0
738.0 766.5 795.0
738.0 766.5 795.0
738.0 766.5 795.0
738.0 766.5 795.0
738.0 766.5 795.0
738.0 766.5 795.0
738.0 766.5 795.0
738.0 766.5 795.0
738.0 766.5 795.0
738.0 766.5 795.0
738.0 766.5 795.0
738.0 766.5 795.0
738.0 766.5 795.0
738.0 766.5 795.0
738.0 766.5 795.0
738.0 766.5 795.0
738.0 766.5 795.0
738.0 766.5 795.0
738.0 766.5 795.0
738.0 766.5 795.0
738.0 766.5 795.0
738.0 766.5 795.0
738.0 766.5 795.0
738.0 766.5 795.0
738.0 766.5 795.0
738.0 766.5 795.0
738.0 766.5 795.0
738.0 766.5 795.0
738.0 766.5 795.0
738.0 766.5 795.0
738.0 766.5 795.0
738.0 766.5 795.0
738.0 766.5 795.0
738.0 766.5 795.0
738.0 766.5 795.0
738.0 766.5 795.0
738.0 766.5 795.0
738.0 766.5 795.0
738.0 766.5 795.0
738.0 766.5 795.0
738.0 766.5 795.0
738.0 766.5 795.0
738.0 766.5 795.0
738.0 766.5 795.0
738.0 766.5 795.0
738.0 766.5 795.0
738.0 766.5 795.0
738.0 766.5 795.0
738.0 766.5 795.0
738.0 766.5 795.0
738.0 766.5 795.0
738.0 766.5 795.0
738.0 766.5 795.0
738.0 766.5 795.0
738.0 766.5 795.0
738.0 766.5 795.0
738.0 766.5 795.0
738.0 766.5 795.0
738.0 766.5 795.0
738.0 766.5 795.0
738.0 766.5 795.0
738.0 766.5 795.0
738.0 766.5 795.0
738.0 766.5 795.0
738.0 766.5 795.0
738.0 766.5 795.0
738.0 766.5 795.0
738.0 766.5 795.0
738.0 766.5 795.0
738.0 766.5 795.0
738.0 766.5 795.0
738.0 766.5 795.0
738.0 766.5 795.0
738.0 766.5 795.0
738.0 766.5 795.0
738.0 766.5 795.0
738.0 766.5 795.0
738.0 766.5 795.0
738.0 766.5 795.0
738.0 766.5 795.0
738.0 766.5 795.0
738.0 766.5 795.0
738.0 766.5 795.0
738.0 766.5 795.0
738.0 766.5 795.0
738.0 766.5 795.0
