11425.0 12666.0 13907.0
9976.0 10469.0 10962.0
8574.0 9134.0 9694.0
4540.0 6105.0 7670.0
4473.0 4851.0 5229.0
3568.0 3839.0 4110.0
3051.0 3395.0 3739.0
2326.0 2593.0 2860.0
2532.0 2561.5 2591.0
1736.0 2128.5 2521.0
1618.0 1677.0 1736.0
1421.0 1519.5 1618.0
1421.0 1454.0 1487.0
1421.0 1454.0 1487.0
1421.0 1454.0 1487.0
1421.0 1454.0 1487.0
1421.0 1454.0 1487.0
1421.0 1454.0 1487.0
1421.0 1454.0 1487.0
1421.0 1454.0 1487.0
1421.0 1454.0 1487.0
1421.0 1454.0 1487.0
1421.0 1454.0 1487.0
1421.0 1454.0 1487.0
1421.0 1454.0 1487.0
1421.0 1454.0 1487.0
1421.0 1454.0 1487.0
1421.0 1454.0 1487.0
1487.0 1520.0 1553.0
1137.0 1312.0 1487.0
395.0 941.0 1487.0
395.0 941.0 1487.0
395.0 941.0 1487.0
395.0 941.0 1487.0
395.0 941.0 1487.0
395.0 877.5 1360.0
395.0 877.5 1360.0
395.0 803.0 1211.0
395.0 831.5 1268.0
395.0 831.5 1268.0
395.0 831.5 1268.0
395.0 831.5 1268.0
395.0 831.5 1268.0
395.0 831.5 1268.0
395.0 831.5 1268.0
395.0 831.5 1268.0
395.0 831.5 1268.0
395.0 831.5 1268.0
395.0 831.5 1268.0
395.0 831.5 1268.0
395.0 831.5 1268.0
395.0 831.5 1268.0
395.0 831.5 1268.0
395.0 831.5 1268.0
395.0 831.5 1268.0
395.0 831.5 1268.0
395.0 831.5 1268.0
395.0 831.5 1268.0
395.0 831.5 1268.0
395.0 831.5 1268.0
395.0 831.5 1268.0
395.0 831.5 1268.0
395.0 831.5 1268.0
395.0 831.5 1268.0
395.0 831.5 1268.0
395.0 831.5 1268.0
395.0 831.5 1268.0
395.0 831.5 1268.0
395.0 831.5 1268.0
395.0 831.5 1268.0
395.0 831.5 1268.0
395.0 831.5 1268.0
395.0 831.5 1268.0
395.0 831.5 1268.0
395.0 831.5 1268.0
395.0 831.5 1268.0
395.0 831.5 1268.0
395.0 831.5 1268.0
395.0 831.5 1268.0
395.0 831.5 1268.0
395.0 831.5 1268.0
395.0 831.5 1268.0
395.0 831.5 1268.0
395.0 831.5 1268.0
395.0 831.5 1268.0
395.0 831.5 1268.0
395.0 831.5 1268.0
395.0 831.5 1268.0
395.0 831.5 1268.0
395.0 831.5 1268.0
395.0 831.5 1268.0
395.0 831.5 1268.0
395.0 831.5 1268.0
395.0 831.5 1268.0
395.0 831.5 1268.0
395.0 831.5 1268.0
395.0 831.5 1268.0
395.0 831.5 1268.0
395.0 831.5 1268.0
395.0 831.5 1268.0
395.0 831.5 1268.0
395.0 831.5 1268.0
395.0 831.5 1268.0
395.0 831.5 1268.0
395.0 831.5 1268.0
395.0 831.5 1268.0
395.0 831.5 1268.0
395.0 831.5 1268.0
395.0 831.5 1268.0
395.0 831.5 1268.0
395.0 831.5 1268.0
395.0 831.5 1268.0
395.0 831.5 1268.0
395.0 831.5 1268.0
395.0 831.5 1268.0
395.0 831.5 1268.0
395.0 831.5 1268.0
395.0 831.5 1268.0
395.0 831.5 1268.0
395.0 831.5 1268.0
395.0 831.5 1268.0
395.0 831.5 1268.0
395.0 831.5 1268.0
395.0 831.5 1268.0
395.0 831.5 1268.0
395.0 831.5 1268.0
395.0 831.5 1268.0
395.0 831.5 1268.0
395.0 831.5 1268.0
395.0 831.5 1268.0
395.0 831.5 1268.0
395.0 831.5 1268.0
395.0 831.5 1268.0
395.0 831.5 1268.0
395.0 831.5 1268.0
395.0 831.5 1268.0
395.0 831.5 1268.0
395.0 831.5 1268.0
395.0 831.5 1268.0
395.0 831.5 1268.0
395.0 831.5 1268.0
395.0 831.5 1268.0
395.0 831.5 1268.0
395.0 831.5 1268.0
395.0 831.5 1268.0
395.0 831.5 1268.0
395.0 831.5 1268.0
395.0 831.5 1268.0
395.0 831.5 1268.0
395.0 831.5 1268.0
395.0 831.5 1268.0
395.0 831.5 1268.0
395.0 831.5 1268.0
395.0 831.5 1268.0
395.0 831.5 1268.0
395.0 831.5 1268.0
395.0 831.5 1268.0
395.0 831.5 1268.0
395.0 831.5 1268.0
395.0 831.5 1268.0
395.0 831.5 1268.0
395.0 831.5 1268.0
395.0 831.5 1268.0
395.0 831.5 1268.0
395.0 831.5 1268.0
395.0 831.5 1268.0
395.0 831.5 1268.0
395.0 831.5 1268.0
395.0 831.5 1268.0
395.0 831.5 1268.0
395.0 831.5 1268.0
395.0 831.5 1268.0
395.0 831.5 1268.0
395.0 831.5 1268.0
395.0 831.5 1268.0
395.0 831.5 1268.0
395.0 831.5 1268.0
395.0 831.5 1268.0
395.0 831.5 1268.0
395.0 831.5 1268.0
395.0 831.5 1268.0
395.0 831.5 1268.0
395.0 831.5 1268.0
395.0 831.5 1268.0
395.0 831.5 1268.0
395.0 831.5 1268.0
395.0 831.5 1268.0
395.0 831.5 1268.0
395.0 831.5 1268.0
395.0 831.5 1268.0
395.0 831.5 1268.0
395.0 831.5 1268.0
395.0 831.5 1268.0
395.0 831.5 1268.0
395.0 831.5 1268.0
395.0 831.5 1268.0
395.0 831.5 1268.0
395.0 831.5 1268.0
395.0 831.5 1268.0
395.0 831.5 1268.0
