12518.0 15432.5 18347.0
11123.0 13278.5 15434.0
8138.0 10487.0 12836.0
5841.0 7445.0 9049.0
6842.0 7746.0 8650.0
5138.0 7478.0 9818.0
5956.0 7436.5 8917.0
4591.0 5571.0 6551.0
3666.0 4120.5 4575.0
3396.0 3476.5 3557.0
2827.0 3082.5 3338.0
2447.0 2713.0 2979.0
2447.0 2455.5 2464.0
2447.0 2455.5 2464.0
2447.0 2455.5 2464.0
2447.0 2455.5 2464.0
2447.0 2455.5 2464.0
2447.0 2455.5 2464.0
2447.0 2455.5 2464.0
2447.0 2455.5 2464.0
2447.0 2455.5 2464.0
2447.0 2455.5 2464.0
2447.0 2455.5 2464.0
2447.0 2455.5 2464.0
2447.0 2455.5 2464.0
2447.0 2455.5 2464.0
2447.0 2455.5 2464.0
2447.0 2455.5 2464.0
2447.0 2455.5 2464.0
2447.0 2455.5 2464.0
2447.0 2455.5 2464.0
1847.0 2030.5 2214.0
1847.0 2030.5 2214.0
1847.0 2030.5 2214.0
1847.0 2030.5 2214.0
1847.0 2030.5 2214.0
1847.0 2030.5 2214.0
1847.0 2030.5 2214.0
1847.0 2030.5 2214.0
1847.0 2030.5 2214.0
1847.0 2030.5 2214.0
1847.0 2030.5 2214.0
1847.0 2030.5 2214.0
1847.0 2030.5 2214.0
1847.0 2030.5 2214.0
1847.0 2030.5 2214.0
1847.0 2030.5 2214.0
1847.0 2030.5 2214.0
1847.0 2030.5 2214.0
1847.0 2030.5 2214.0
1847.0 2030.5 2214.0
1847.0 2030.5 2214.0
1847.0 2030.5 2214.0
1847.0 2030.5 2214.0
1847.0 2030.5 2214.0
1847.0 2030.5 2214.0
1847.0 2030.5 2214.0
1847.0 2030.5 2214.0
1847.0 2030.5 2214.0
1847.0 2030.5 2214.0
1847.0 2030.5 2214.0
1847.0 2030.5 2214.0
1847.0 2030.5 2214.0
1847.0 2030.5 2214.0
1847.0 2030.5 2214.0
1847.0 2030.5 2214.0
1847.0 2030.5 2214.0
1847.0 2030.5 2214.0
1847.0 2030.5 2214.0
1847.0 2030.5 2214.0
1847.0 1906.5 1966.0
1847.0 1858.5 1870.0
1847.0 1858.5 1870.0
1161.0 1515.5 1870.0
1161.0 1515.5 1870.0
1161.0 1515.5 1870.0
1161.0 1515.5 1870.0
1161.0 1515.5 1870.0
1161.0 1515.5 1870.0
1161.0 1515.5 1870.0
1161.0 1515.5 1870.0
1161.0 1515.5 1870.0
1161.0 1515.5 1870.0
1161.0 1515.5 1870.0
1161.0 1515.5 1870.0
1161.0 1515.5 1870.0
1161.0 1515.5 1870.0
1161.0 1515.5 1870.0
1161.0 1515.5 1870.0
1161.0 1515.5 1870.0
1161.0 1515.5 1870.0
1161.0 1555.5 1950.0
1161.0 1383.0 1605.0
1161.0 1383.0 1605.0
1161.0 1383.0 1605.0
1161.0 1383.0 1605.0
1161.0 1383.0 1605.0
1161.0 1383.0 1605.0
1161.0 1383.0 1605.0
1161.0 1383.0 1605.0
1161.0 1383.0 1605.0
1161.0 1383.0 1605.0
1161.0 1383.0 1605.0
1161.0 1383.0 1605.0
1161.0 1383.0 1605.0
1161.0 1383.0 1605.0
1161.0 1383.0 1605.0
1161.0 1383.0 1605.0
1161.0 1383.0 1605.0
1161.0 1383.0 1605.0
1161.0 1383.0 1605.0
1161.0 1383.0 1605.0
1161.0 1383.0 1605.0
1161.0 1383.0 1605.0
1161.0 1383.0 1605.0
1161.0 1383.0 1605.0
1161.0 1383.0 1605.0
1161.0 1383.0 1605.0
1161.0 1383.0 1605.0
1161.0 1383.0 1605.0
1161.0 1383.0 1605.0
1161.0 1383.0 1605.0
1161.0 1383.0 1605.0
1161.0 1383.0 1605.0
1161.0 1383.0 1605.0
1161.0 1383.0 1605.0
1161.0 1383.0 1605.0
1161.0 1383.0 1605.0
1161.0 1383.0 1605.0
1161.0 1383.0 1605.0
1161.0 1383.0 1605.0
1161.0 1383.0 1605.0
1161.0 1383.0 1605.0
1161.0 1383.0 1605.0
1161.0 1383.0 1605.0
1161.0 1383.0 1605.0
1161.0 1383.0 1605.0
1161.0 1383.0 1605.0
1161.0 1383.0 1605.0
1161.0 1383.0 1605.0
1161.0 1383.0 1605.0
1161.0 1383.0 1605.0
1161.0 1383.0 1605.0
1161.0 1383.0 1605.0
1161.0 1383.0 1605.0
1161.0 1383.0 1605.0
1161.0 1383.0 1605.0
1161.0 1383.0 1605.0
1161.0 1383.0 1605.0
1161.0 1383.0 1605.0
1161.0 1383.0 1605.0
1161.0 1383.0 1605.0
1161.0 1383.0 1605.0
1161.0 1383.0 1605.0
1161.0 1383.0 1605.0
1161.0 1383.0 1605.0
1161.0 1383.0 1605.0
1161.0 1383.0 1605.0
1161.0 1383.0 1605.0
1161.0 1383.0 1605.0
1161.0 1383.0 1605.0
1161.0 1383.0 1605.0
1161.0 1383.0 1605.0
1161.0 1383.0 1605.0
1161.0 1383.0 1605.0
1161.0 1383.0 1605.0
1161.0 1383.0 1605.0
1161.0 1383.0 1605.0
1161.0 1383.0 1605.0
1161.0 1383.0 1605.0
1161.0 1383.0 1605.0
1161.0 1383.0 1605.0
1161.0 1383.0 1605.0
1161.0 1383.0 1605.0
1161.0 1383.0 1605.0
1161.0 1383.0 1605.0
1161.0 1383.0 1605.0
1161.0 1383.0 1605.0
1161.0 1383.0 1605.0
1161.0 1383.0 1605.0
1161.0 1383.0 1605.0
1161.0 1383.0 1605.0
1161.0 1383.0 1605.0
1161.0 1383.0 1605.0
1161.0 1383.0 1605.0
1161.0 1383.0 1605.0
1161.0 1383.0 1605.0
1161.0 1383.0 1605.0
1161.0 1383.0 1605.0
1161.0 1383.0 1605.0
1161.0 1383.0 1605.0
1161.0 1383.0 1605.0
1161.0 1383.0 1605.0
1161.0 1383.0 1605.0
1161.0 1383.0 1605.0
1161.0 1383.0 1605.0
1161.0 1383.0 1605.0
1161.0 1383.0 1605.0
1161.0 1383.0 1605.0
1161.0 1383.0 1605.0
