12065.0 12136.0 12207.0
8312.0 9472.0 10632.0
7180.0 7735.0 8290.0
5515.0 5755.0 5995.0
4507.0 4774.0 5041.0
3025.0 3900.0 4775.0
2827.0 3006.0 3185.0
2194.0 2635.0 3076.0
2170.0 2377.0 2584.0
2170.0 2284.5 2399.0
2170.0 2284.5 2399.0
2113.0 2141.5 2170.0
2113.0 2141.5 2170.0
2113.0 2142.5 2172.0
2113.0 2142.5 2172.0
1524.0 1856.0 2188.0
1288.0 1362.5 1437.0
1093.0 1190.5 1288.0
1288.0 1310.5 1333.0
946.0 1036.5 1127.0
946.0 1036.5 1127.0
946.0 998.0 1050.0
946.0 998.0 1050.0
946.0 998.0 1050.0
946.0 998.0 1050.0
946.0 998.0 1050.0
946.0 998.0 1050.0
946.0 998.0 1050.0
946.0 998.0 1050.0
946.0 998.0 1050.0
946.0 998.0 1050.0
946.0 998.0 1050.0
946.0 998.0 1050.0
946.0 998.0 1050.0
946.0 998.0 1050.0
946.0 998.0 1050.0
946.0 998.0 1050.0
946.0 998.0 1050.0
946.0 998.0 1050.0
946.0 998.0 1050.0
946.0 998.0 1050.0
946.0 998.0 1050.0
946.0 998.0 1050.0
946.0 998.0 1050.0
946.0 998.0 1050.0
946.0 998.0 1050.0
946.0 998.0 1050.0
946.0 998.0 1050.0
946.0 998.0 1050.0
946.0 998.0 1050.0
946.0 998.0 1050.0
946.0 998.0 1050.0
946.0 998.0 1050.0
946.0 998.0 1050.0
946.0 998.0 1050.0
946.0 998.0 1050.0
946.0 998.0 1050.0
946.0 998.0 1050.0
946.0 998.0 1050.0
946.0 998.0 1050.0
946.0 998.0 1050.0
946.0 998.0 1050.0
946.0 998.0 1050.0
946.0 998.0 1050.0
946.0 998.0 1050.0
946.0 998.0 1050.0
946.0 998.0 1050.0
946.0 998.0 1050.0
946.0 998.0 1050.0
946.0 998.0 1050.0
946.0 998.0 1050.0
946.0 998.0 1050.0
946.0 998.0 1050.0
946.0 998.0 1050.0
946.0 998.0 1050.0
946.0 998.0 1050.0
946.0 998.0 1050.0
946.0 998.0 1050.0
946.0 998.0 1050.0
946.0 998.0 1050.0
946.0 998.0 1050.0
946.0 998.0 1050.0
946.0 998.0 1050.0
946.0 998.0 1050.0
946.0 998.0 1050.0
946.0 998.0 1050.0
946.0 998.0 1050.0
946.0 998.0 1050.0
946.0 998.0 1050.0
946.0 998.0 1050.0
946.0 998.0 1050.0
946.0 998.0 1050.0
946.0 998.0 1050.0
946.0 998.0 1050.0
824.0 937.0 1050.0
662.0 856.0 1050.0
662.0 856.0 1050.0
528.0 789.0 1050.0
528.0 789.0 1050.0
528.0 789.0 1050.0
528.0 789.0 1050.0
528.0 789.0 1050.0
528.0 789.0 1050.0
528.0 789.0 1050.0
528.0 789.0 1050.0
528.0 789.0 1050.0
528.0 789.0 1050.0
528.0 789.0 1050.0
528.0 789.0 1050.0
528.0 789.0 1050.0
528.0 789.0 1050.0
528.0 789.0 1050.0
528.0 789.0 1050.0
528.0 789.0 1050.0
528.0 789.0 1050.0
528.0 789.0 1050.0
528.0 789.0 1050.0
528.0 789.0 1050.0
528.0 789.0 1050.0
528.0 789.0 1050.0
528.0 789.0 1050.0
528.0 789.0 1050.0
528.0 789.0 1050.0
528.0 789.0 1050.0
528.0 789.0 1050.0
528.0 789.0 1050.0
528.0 789.0 1050.0
528.0 789.0 1050.0
528.0 789.0 1050.0
528.0 789.0 1050.0
528.0 789.0 1050.0
528.0 789.0 1050.0
528.0 789.0 1050.0
528.0 789.0 1050.0
528.0 789.0 1050.0
528.0 789.0 1050.0
528.0 789.0 1050.0
528.0 789.0 1050.0
528.0 789.0 1050.0
528.0 789.0 1050.0
528.0 789.0 1050.0
528.0 789.0 1050.0
528.0 789.0 1050.0
528.0 789.0 1050.0
528.0 789.0 1050.0
528.0 789.0 1050.0
528.0 789.0 1050.0
528.0 789.0 1050.0
528.0 789.0 1050.0
528.0 789.0 1050.0
528.0 789.0 1050.0
528.0 789.0 1050.0
528.0 789.0 1050.0
528.0 789.0 1050.0
528.0 789.0 1050.0
528.0 789.0 1050.0
528.0 789.0 1050.0
528.0 789.0 1050.0
528.0 789.0 1050.0
528.0 789.0 1050.0
528.0 789.0 1050.0
528.0 789.0 1050.0
528.0 789.0 1050.0
528.0 789.0 1050.0
528.0 789.0 1050.0
528.0 789.0 1050.0
528.0 789.0 1050.0
528.0 789.0 1050.0
528.0 789.0 1050.0
528.0 789.0 1050.0
528.0 789.0 1050.0
528.0 789.0 1050.0
528.0 789.0 1050.0
528.0 789.0 1050.0
528.0 789.0 1050.0
528.0 789.0 1050.0
528.0 789.0 1050.0
528.0 789.0 1050.0
528.0 789.0 1050.0
528.0 789.0 1050.0
528.0 789.0 1050.0
528.0 789.0 1050.0
528.0 789.0 1050.0
528.0 789.0 1050.0
528.0 789.0 1050.0
528.0 789.0 1050.0
528.0 789.0 1050.0
528.0 789.0 1050.0
528.0 789.0 1050.0
528.0 789.0 1050.0
528.0 789.0 1050.0
528.0 789.0 1050.0
528.0 789.0 1050.0
528.0 789.0 1050.0
528.0 789.0 1050.0
528.0 789.0 1050.0
528.0 789.0 1050.0
528.0 789.0 1050.0
528.0 789.0 1050.0
528.0 789.0 1050.0
