12261.0 12668.5 13076.0
8737.0 9211.5 9686.0
6528.0 7322.5 8117.0
4055.0 4947.0 5839.0
4055.0 4683.0 5311.0
3454.0 3783.0 4112.0
2644.0 3049.0 3454.0
2149.0 2510.0 2871.0
1866.0 2202.5 2539.0
1866.0 1971.0 2076.0
1509.0 1630.0 1751.0
1509.0 1630.0 1751.0
1255.0 1329.5 1404.0
1226.0 1315.0 1404.0
1163.0 1283.5 1404.0
1163.0 1375.0 1587.0
1066.0 1117.0 1168.0
901.0 983.5 1066.0
824.0 945.0 1066.0
824.0 945.0 1066.0
824.0 945.0 1066.0
824.0 945.0 1066.0
824.0 945.0 1066.0
824.0 945.0 1066.0
824.0 945.0 1066.0
824.0 945.0 1066.0
824.0 945.0 1066.0
824.0 945.0 1066.0
824.0 945.0 1066.0
824.0 945.0 1066.0
824.0 945.0 1066.0
824.0 945.0 1066.0
824.0 945.0 1066.0
824.0 945.0 1066.0
824.0 945.0 1066.0
824.0 945.0 1066.0
824.0 945.0 1066.0
824.0 945.0 1066.0
824.0 945.0 1066.0
824.0 945.0 1066.0
824.0 945.0 1066.0
824.0 945.0 1066.0
824.0 945.0 1066.0
824.0 945.0 1066.0
824.0 945.0 1066.0
824.0 945.0 1066.0
824.0 945.0 1066.0
824.0 945.0 1066.0
824.0 945.0 1066.0
824.0 945.0 1066.0
824.0 945.0 1066.0
824.0 945.0 1066.0
824.0 945.0 1066.0
824.0 945.0 1066.0
824.0 945.0 1066.0
824.0 945.0 1066.0
824.0 945.0 1066.0
824.0 945.0 1066.0
824.0 945.0 1066.0
824.0 945.0 1066.0
824.0 945.0 1066.0
824.0 945.0 1066.0
824.0 945.0 1066.0
824.0 945.0 1066.0
824.0 945.0 1066.0
824.0 945.0 1066.0
824.0 945.0 1066.0
824.0 945.0 1066.0
824.0 945.0 1066.0
824.0 945.0 1066.0
824.0 945.0 1066.0
824.0 945.0 1066.0
824.0 945.0 1066.0
824.0 945.0 1066.0
824.0 945.0 1066.0
824.0 945.0 1066.0
824.0 945.0 1066.0
824.0 949.0 1074.0
824.0 949.0 1074.0
824.0 949.0 1074.0
824.0 949.0 1074.0
824.0 949.0 1074.0
824.0 949.0 1074.0
824.0 949.0 1074.0
824.0 949.0 1074.0
824.0 949.0 1074.0
824.0 949.0 1074.0
824.0 949.0 1074.0
824.0 949.0 1074.0
824.0 949.0 1074.0
824.0 949.0 1074.0
824.0 949.0 1074.0
824.0 949.0 1074.0
824.0 949.0 1074.0
824.0 949.0 1074.0
824.0 949.0 1074.0
824.0 949.0 1074.0
824.0 949.0 1074.0
824.0 949.0 1074.0
824.0 949.0 1074.0
824.0 949.0 1074.0
824.0 949.0 1074.0
824.0 949.0 1074.0
824.0 949.0 1074.0
824.0 949.0 1074.0
824.0 949.0 1074.0
824.0 949.0 1074.0
824.0 949.0 1074.0
824.0 949.0 1074.0
824.0 949.0 1074.0
824.0 949.0 1074.0
824.0 949.0 1074.0
824.0 949.0 1074.0
824.0 949.0 1074.0
824.0 949.0 1074.0
824.0 949.0 1074.0
824.0 949.0 1074.0
824.0 949.0 1074.0
824.0 949.0 1074.0
824.0 949.0 1074.0
824.0 949.0 1074.0
824.0 949.0 1074.0
824.0 949.0 1074.0
824.0 949.0 1074.0
824.0 949.0 1074.0
824.0 949.0 1074.0
824.0 949.0 1074.0
824.0 949.0 1074.0
824.0 949.0 1074.0
824.0 949.0 1074.0
824.0 949.0 1074.0
824.0 949.0 1074.0
824.0 949.0 1074.0
824.0 949.0 1074.0
824.0 949.0 1074.0
824.0 949.0 1074.0
824.0 949.0 1074.0
824.0 949.0 1074.0
824.0 949.0 1074.0
824.0 949.0 1074.0
824.0 949.0 1074.0
824.0 949.0 1074.0
824.0 949.0 1074.0
824.0 949.0 1074.0
824.0 949.0 1074.0
824.0 949.0 1074.0
824.0 949.0 1074.0
824.0 949.0 1074.0
824.0 949.0 1074.0
824.0 949.0 1074.0
824.0 949.0 1074.0
824.0 949.0 1074.0
824.0 949.0 1074.0
824.0 949.0 1074.0
824.0 949.0 1074.0
824.0 949.0 1074.0
824.0 949.0 1074.0
824.0 949.0 1074.0
824.0 949.0 1074.0
824.0 949.0 1074.0
824.0 949.0 1074.0
824.0 949.0 1074.0
824.0 949.0 1074.0
824.0 949.0 1074.0
824.0 949.0 1074.0
824.0 949.0 1074.0
824.0 949.0 1074.0
824.0 949.0 1074.0
824.0 949.0 1074.0
824.0 949.0 1074.0
824.0 949.0 1074.0
824.0 949.0 1074.0
824.0 949.0 1074.0
824.0 949.0 1074.0
824.0 949.0 1074.0
824.0 949.0 1074.0
824.0 949.0 1074.0
824.0 949.0 1074.0
824.0 949.0 1074.0
824.0 949.0 1074.0
824.0 949.0 1074.0
824.0 949.0 1074.0
824.0 949.0 1074.0
824.0 949.0 1074.0
824.0 949.0 1074.0
824.0 949.0 1074.0
824.0 949.0 1074.0
824.0 949.0 1074.0
824.0 949.0 1074.0
824.0 949.0 1074.0
824.0 949.0 1074.0
824.0 949.0 1074.0
824.0 949.0 1074.0
824.0 949.0 1074.0
824.0 949.0 1074.0
824.0 949.0 1074.0
824.0 949.0 1074.0
824.0 949.0 1074.0
824.0 949.0 1074.0
824.0 949.0 1074.0
