11370.0 12563.0 13756.0
11151.0 11724.0 12297.0
9063.0 9582.5 10102.0
6243.0 7517.5 8792.0
5416.0 6041.5 6667.0
3394.0 4139.0 4884.0
3394.0 4139.0 4884.0
2527.0 2960.5 3394.0
2190.0 2358.5 2527.0
2190.0 2583.0 2976.0
2190.0 2358.5 2527.0
2190.0 2358.5 2527.0
2190.0 2194.5 2199.0
2190.0 2194.5 2199.0
2190.0 2194.5 2199.0
1787.0 1993.0 2199.0
1787.0 1993.0 2199.0
1787.0 1993.0 2199.0
1787.0 1993.0 2199.0
1787.0 1993.0 2199.0
1787.0 1993.0 2199.0
1787.0 1993.0 2199.0
1787.0 1993.0 2199.0
1787.0 1993.0 2199.0
1787.0 1993.0 2199.0
2097.0 2148.0 2199.0
1500.0 1849.5 2199.0
1500.0 1849.5 2199.0
1551.0 1875.0 2199.0
1551.0 1875.0 2199.0
1449.0 1824.0 2199.0
1449.0 1824.0 2199.0
1449.0 1824.0 2199.0
1449.0 1824.0 2199.0
1449.0 1824.0 2199.0
1449.0 1824.0 2199.0
1449.0 1824.0 2199.0
1449.0 1824.0 2199.0
1449.0 1824.0 2199.0
1449.0 1824.0 2199.0
1449.0 1824.0 2199.0
1449.0 1824.0 2199.0
1449.0 1824.0 2199.0
1449.0 1824.0 2199.0
1449.0 1824.0 2199.0
1449.0 1824.0 2199.0
1449.0 1824.0 2199.0
1449.0 1824.0 2199.0
1449.0 1824.0 2199.0
1449.0 1824.0 2199.0
1449.0 1824.0 2199.0
1449.0 1824.0 2199.0
1449.0 1824.0 2199.0
1449.0 1824.0 2199.0
1449.0 1824.0 2199.0
1449.0 1824.0 2199.0
1449.0 1824.0 2199.0
1449.0 1824.0 2199.0
1449.0 1824.0 2199.0
1449.0 1824.0 2199.0
1449.0 1824.0 2199.0
1449.0 1824.0 2199.0
1449.0 1824.0 2199.0
1449.0 1824.0 2199.0
1449.0 1824.0 2199.0
1449.0 1824.0 2199.0
1449.0 1596.0 1743.0
1449.0 1596.0 1743.0
1226.0 1337.5 1449.0
1226.0 1337.5 1449.0
1226.0 1337.5 1449.0
1226.0 1337.5 1449.0
1226.0 1337.5 1449.0
1226.0 1337.5 1449.0
1226.0 1337.5 1449.0
1226.0 1337.5 1449.0
1226.0 1337.5 1449.0
1226.0 1337.5 1449.0
1226.0 1337.5 1449.0
1226.0 1337.5 1449.0
1226.0 1337.5 1449.0
1226.0 1337.5 1449.0
1226.0 1337.5 1449.0
1226.0 1337.5 1449.0
1226.0 1337.5 1449.0
1226.0 1337.5 1449.0
1226.0 1337.5 1449.0
1226.0 1337.5 1449.0
1226.0 1337.5 1449.0
1226.0 1337.5 1449.0
1226.0 1337.5 1449.0
1226.0 1337.5 1449.0
1226.0 1337.5 1449.0
1226.0 1337.5 1449.0
1226.0 1337.5 1449.0
1226.0 1337.5 1449.0
1226.0 1337.5 1449.0
1226.0 1337.5 1449.0
1226.0 1337.5 1449.0
1226.0 1337.5 1449.0
1226.0 1337.5 1449.0
1226.0 1337.5 1449.0
1226.0 1337.5 1449.0
1226.0 1337.5 1449.0
1226.0 1337.5 1449.0
1226.0 1337.5 1449.0
1226.0 1337.5 1449.0
1226.0 1337.5 1449.0
1226.0 1337.5 1449.0
1226.0 1337.5 1449.0
1226.0 1337.5 1449.0
1226.0 1337.5 1449.0
1226.0 1337.5 1449.0
1226.0 1337.5 1449.0
1226.0 1337.5 1449.0
1226.0 1337.5 1449.0
1226.0 1337.5 1449.0
1226.0 1337.5 1449.0
1226.0 1337.5 1449.0
1226.0 1337.5 1449.0
1226.0 1337.5 1449.0
1226.0 1337.5 1449.0
1226.0 1337.5 1449.0
1226.0 1337.5 1449.0
1226.0 1337.5 1449.0
1226.0 1337.5 1449.0
1226.0 1337.5 1449.0
1226.0 1337.5 1449.0
1226.0 1337.5 1449.0
1226.0 1337.5 1449.0
1226.0 1337.5 1449.0
1226.0 1337.5 1449.0
1226.0 1337.5 1449.0
1226.0 1337.5 1449.0
1226.0 1337.5 1449.0
1226.0 1337.5 1449.0
1226.0 1337.5 1449.0
1226.0 1337.5 1449.0
1226.0 1337.5 1449.0
1226.0 1337.5 1449.0
1226.0 1337.5 1449.0
1226.0 1337.5 1449.0
1226.0 1337.5 1449.0
1226.0 1337.5 1449.0
1226.0 1337.5 1449.0
1226.0 1337.5 1449.0
1226.0 1337.5 1449.0
1226.0 1337.5 1449.0
1226.0 1337.5 1449.0
1226.0 1337.5 1449.0
1226.0 1337.5 1449.0
1226.0 1337.5 1449.0
1226.0 1337.5 1449.0
1226.0 1337.5 1449.0
1226.0 1337.5 1449.0
1226.0 1337.5 1449.0
1226.0 1337.5 1449.0
1226.0 1337.5 1449.0
1226.0 1337.5 1449.0
1226.0 1337.5 1449.0
1226.0 1337.5 1449.0
1226.0 1337.5 1449.0
1226.0 1337.5 1449.0
1226.0 1337.5 1449.0
1226.0 1337.5 1449.0
1226.0 1337.5 1449.0
1226.0 1337.5 1449.0
1226.0 1337.5 1449.0
1226.0 1337.5 1449.0
1226.0 1337.5 1449.0
1226.0 1337.5 1449.0
1226.0 1337.5 1449.0
1226.0 1337.5 1449.0
1226.0 1337.5 1449.0
1226.0 1337.5 1449.0
1226.0 1337.5 1449.0
1226.0 1337.5 1449.0
1226.0 1337.5 1449.0
1226.0 1337.5 1449.0
1226.0 1337.5 1449.0
1226.0 1337.5 1449.0
1226.0 1337.5 1449.0
1226.0 1337.5 1449.0
1226.0 1337.5 1449.0
1226.0 1337.5 1449.0
1226.0 1337.5 1449.0
1226.0 1337.5 1449.0
1226.0 1337.5 1449.0
1226.0 1337.5 1449.0
1226.0 1337.5 1449.0
1226.0 1337.5 1449.0
1226.0 1337.5 1449.0
1226.0 1337.5 1449.0
1226.0 1337.5 1449.0
1226.0 1337.5 1449.0
1226.0 1337.5 1449.0
1226.0 1337.5 1449.0
1226.0 1337.5 1449.0
1226.0 1337.5 1449.0
1226.0 1337.5 1449.0
