12366.0 13505.5 14645.0
10497.0 11614.5 12732.0
8342.0 9547.5 10753.0
7215.0 7440.0 7665.0
4812.0 5531.5 6251.0
3854.0 3907.0 3960.0
2621.0 3193.5 3766.0
2625.0 2652.0 2679.0
1614.0 2033.0 2452.0
1605.0 2105.0 2605.0
1605.0 1728.0 1851.0
1605.0 1726.5 1848.0
1010.0 1307.5 1605.0
1010.0 1307.5 1605.0
1010.0 1307.5 1605.0
1010.0 1307.5 1605.0
1010.0 1307.5 1605.0
1010.0 1307.5 1605.0
1010.0 1307.5 1605.0
1010.0 1307.5 1605.0
1010.0 1307.5 1605.0
1010.0 1307.5 1605.0
1010.0 1307.5 1605.0
1010.0 1307.5 1605.0
1010.0 1307.5 1605.0
1010.0 1307.5 1605.0
1010.0 1307.5 1605.0
1010.0 1307.5 1605.0
1010.0 1307.5 1605.0
1010.0 1307.5 1605.0
1010.0 1307.5 1605.0
1010.0 1307.5 1605.0
1010.0 1307.5 1605.0
1010.0 1307.5 1605.0
1010.0 1307.5 1605.0
1010.0 1307.5 1605.0
1010.0 1307.5 1605.0
1010.0 1307.5 1605.0
1010.0 1307.5 1605.0
1010.0 1307.5 1605.0
1010.0 1307.5 1605.0
1010.0 1224.0 1438.0
1010.0 1307.5 1605.0
1010.0 1307.5 1605.0
1010.0 1307.5 1605.0
1010.0 1307.5 1605.0
1010.0 1307.5 1605.0
1010.0 1307.5 1605.0
1010.0 1307.5 1605.0
1010.0 1307.5 1605.0
1010.0 1307.5 1605.0
1010.0 1307.5 1605.0
1010.0 1307.5 1605.0
1010.0 1307.5 1605.0
1010.0 1307.5 1605.0
1010.0 1307.5 1605.0
1010.0 1307.5 1605.0
1010.0 1307.5 1605.0
1010.0 1307.5 1605.0
1010.0 1307.5 1605.0
1010.0 1307.5 1605.0
1010.0 1307.5 1605.0
1010.0 1307.5 1605.0
1010.0 1307.5 1605.0
1010.0 1307.5 1605.0
1010.0 1307.5 1605.0
1010.0 1307.5 1605.0
1010.0 1307.5 1605.0
1010.0 1307.5 1605.0
1010.0 1307.5 1605.0
1010.0 1307.5 1605.0
1010.0 1307.5 1605.0
1010.0 1307.5 1605.0
1010.0 1307.5 1605.0
1010.0 1307.5 1605.0
1010.0 1307.5 1605.0
1010.0 1307.5 1605.0
1010.0 1307.5 1605.0
1010.0 1307.5 1605.0
1010.0 1307.5 1605.0
1010.0 1307.5 1605.0
1010.0 1307.5 1605.0
1010.0 1307.5 1605.0
1010.0 1307.5 1605.0
1010.0 1307.5 1605.0
1010.0 1307.5 1605.0
1010.0 1307.5 1605.0
1010.0 1307.5 1605.0
1010.0 1307.5 1605.0
1010.0 1307.5 1605.0
1010.0 1307.5 1605.0
1010.0 1307.5 1605.0
1010.0 1307.5 1605.0
1010.0 1307.5 1605.0
1010.0 1307.5 1605.0
1010.0 1307.5 1605.0
1010.0 1307.5 1605.0
1010.0 1307.5 1605.0
1010.0 1307.5 1605.0
1010.0 1307.5 1605.0
1010.0 1307.5 1605.0
1010.0 1307.5 1605.0
1010.0 1307.5 1605.0
1010.0 1307.5 1605.0
1010.0 1307.5 1605.0
1010.0 1307.5 1605.0
1010.0 1307.5 1605.0
1010.0 1307.5 1605.0
1010.0 1307.5 1605.0
1010.0 1307.5 1605.0
1010.0 1307.5 1605.0
1010.0 1307.5 1605.0
1010.0 1307.5 1605.0
1010.0 1307.5 1605.0
1010.0 1307.5 1605.0
1010.0 1307.5 1605.0
1010.0 1307.5 1605.0
1010.0 1307.5 1605.0
1010.0 1307.5 1605.0
1010.0 1307.5 1605.0
1010.0 1307.5 1605.0
1010.0 1307.5 1605.0
1010.0 1307.5 1605.0
1010.0 1307.5 1605.0
1010.0 1307.5 1605.0
1010.0 1307.5 1605.0
1010.0 1307.5 1605.0
1010.0 1307.5 1605.0
1010.0 1307.5 1605.0
1010.0 1307.5 1605.0
1010.0 1307.5 1605.0
1010.0 1307.5 1605.0
1010.0 1307.5 1605.0
1010.0 1307.5 1605.0
1010.0 1307.5 1605.0
1010.0 1307.5 1605.0
1010.0 1307.5 1605.0
1010.0 1307.5 1605.0
1010.0 1307.5 1605.0
1010.0 1307.5 1605.0
1010.0 1307.5 1605.0
1010.0 1307.5 1605.0
1010.0 1307.5 1605.0
1010.0 1307.5 1605.0
1010.0 1307.5 1605.0
1010.0 1307.5 1605.0
1010.0 1307.5 1605.0
1010.0 1307.5 1605.0
1010.0 1307.5 1605.0
1010.0 1307.5 1605.0
1010.0 1307.5 1605.0
1010.0 1307.5 1605.0
1010.0 1077.0 1144.0
1010.0 1077.0 1144.0
1010.0 1077.0 1144.0
1010.0 1077.0 1144.0
1010.0 1077.0 1144.0
1010.0 1077.0 1144.0
1010.0 1077.0 1144.0
1010.0 1077.0 1144.0
1010.0 1077.0 1144.0
1010.0 1077.0 1144.0
1010.0 1077.0 1144.0
1010.0 1077.0 1144.0
1010.0 1077.0 1144.0
1010.0 1077.0 1144.0
1010.0 1077.0 1144.0
1010.0 1077.0 1144.0
1010.0 1077.0 1144.0
1010.0 1077.0 1144.0
1010.0 1077.0 1144.0
1010.0 1077.0 1144.0
1010.0 1077.0 1144.0
1010.0 1077.0 1144.0
1010.0 1077.0 1144.0
1010.0 1077.0 1144.0
1010.0 1077.0 1144.0
1010.0 1077.0 1144.0
1010.0 1077.0 1144.0
1010.0 1077.0 1144.0
1010.0 1077.0 1144.0
1010.0 1077.0 1144.0
1010.0 1077.0 1144.0
1010.0 1077.0 1144.0
1010.0 1077.0 1144.0
1010.0 1077.0 1144.0
1010.0 1077.0 1144.0
1010.0 1077.0 1144.0
1010.0 1077.0 1144.0
1010.0 1077.0 1144.0
1010.0 1077.0 1144.0
1010.0 1077.0 1144.0
1010.0 1077.0 1144.0
1010.0 1077.0 1144.0
1010.0 1077.0 1144.0
1010.0 1077.0 1144.0
1010.0 1077.0 1144.0
1010.0 1077.0 1144.0
1010.0 1077.0 1144.0
1010.0 1077.0 1144.0
