11141.0 11238.5 11336.0
7510.0 8548.0 9586.0
5088.0 6515.5 7943.0
5296.0 5577.5 5859.0
4364.0 4954.5 5545.0
3458.0 3724.0 3990.0
2402.0 3094.0 3786.0
2029.0 2616.5 3204.0
1786.0 2245.0 2704.0
1786.0 1877.0 1968.0
1786.0 1877.0 1968.0
1231.0 1508.5 1786.0
1231.0 1508.5 1786.0
1231.0 1508.5 1786.0
1231.0 1508.5 1786.0
1231.0 1508.5 1786.0
1231.0 1508.5 1786.0
1231.0 1508.5 1786.0
1231.0 1508.5 1786.0
1231.0 1508.5 1786.0
1231.0 1508.5 1786.0
1231.0 1508.5 1786.0
1231.0 1508.5 1786.0
1231.0 1508.5 1786.0
1231.0 1508.5 1786.0
1231.0 1508.5 1786.0
1231.0 1508.5 1786.0
1231.0 1508.5 1786.0
1231.0 1508.5 1786.0
1231.0 1508.5 1786.0
1231.0 1508.5 1786.0
1231.0 1508.5 1786.0
1231.0 1360.5 1490.0
1231.0 1342.0 1453.0
1202.0 1216.5 1231.0
1202.0 1216.5 1231.0
1202.0 1216.5 1231.0
1202.0 1216.5 1231.0
1202.0 1216.5 1231.0
1202.0 1216.5 1231.0
1202.0 1216.5 1231.0
1202.0 1216.5 1231.0
1202.0 1216.5 1231.0
1202.0 1216.5 1231.0
1202.0 1216.5 1231.0
1202.0 1216.5 1231.0
1202.0 1216.5 1231.0
1202.0 1216.5 1231.0
1202.0 1216.5 1231.0
1202.0 1216.5 1231.0
1202.0 1216.5 1231.0
1202.0 1216.5 1231.0
1202.0 1216.5 1231.0
1202.0 1216.5 1231.0
1202.0 1216.5 1231.0
1202.0 1216.5 1231.0
1202.0 1216.5 1231.0
1202.0 1216.5 1231.0
1202.0 1216.5 1231.0
1202.0 1216.5 1231.0
1202.0 1216.5 1231.0
1202.0 1216.5 1231.0
1202.0 1216.5 1231.0
1202.0 1216.5 1231.0
1202.0 1216.5 1231.0
1202.0 1216.5 1231.0
1202.0 1216.5 1231.0
1202.0 1216.5 1231.0
1202.0 1216.5 1231.0
1202.0 1216.5 1231.0
1202.0 1216.5 1231.0
1202.0 1216.5 1231.0
1202.0 1216.5 1231.0
1202.0 1216.5 1231.0
1202.0 1216.5 1231.0
1202.0 1216.5 1231.0
1202.0 1216.5 1231.0
1202.0 1216.5 1231.0
1202.0 1216.5 1231.0
1202.0 1216.5 1231.0
1202.0 1216.5 1231.0
1202.0 1216.5 1231.0
1202.0 1216.5 1231.0
1202.0 1216.5 1231.0
1202.0 1216.5 1231.0
1202.0 1216.5 1231.0
1202.0 1216.5 1231.0
1202.0 1216.5 1231.0
1202.0 1216.5 1231.0
1202.0 1216.5 1231.0
1202.0 1216.5 1231.0
1202.0 1216.5 1231.0
1202.0 1216.5 1231.0
1202.0 1216.5 1231.0
1202.0 1216.5 1231.0
1202.0 1216.5 1231.0
1202.0 1216.5 1231.0
1202.0 1216.5 1231.0
1202.0 1216.5 1231.0
1202.0 1216.5 1231.0
1202.0 1216.5 1231.0
1202.0 1216.5 1231.0
1202.0 1216.5 1231.0
1202.0 1216.5 1231.0
1202.0 1216.5 1231.0
1202.0 1216.5 1231.0
1202.0 1216.5 1231.0
1202.0 1216.5 1231.0
1202.0 1216.5 1231.0
1202.0 1216.5 1231.0
1202.0 1216.5 1231.0
1202.0 1216.5 1231.0
1202.0 1216.5 1231.0
1202.0 1216.5 1231.0
1202.0 1216.5 1231.0
1202.0 1216.5 1231.0
1202.0 1216.5 1231.0
1202.0 1216.5 1231.0
1202.0 1216.5 1231.0
1202.0 1216.5 1231.0
1202.0 1216.5 1231.0
1202.0 1216.5 1231.0
1202.0 1216.5 1231.0
1202.0 1216.5 1231.0
1202.0 1216.5 1231.0
1202.0 1216.5 1231.0
1202.0 1216.5 1231.0
1202.0 1216.5 1231.0
1202.0 1216.5 1231.0
1202.0 1216.5 1231.0
1202.0 1216.5 1231.0
1202.0 1216.5 1231.0
1202.0 1216.5 1231.0
1202.0 1216.5 1231.0
1202.0 1216.5 1231.0
1202.0 1216.5 1231.0
1202.0 1216.5 1231.0
1202.0 1216.5 1231.0
1202.0 1216.5 1231.0
1202.0 1216.5 1231.0
1202.0 1216.5 1231.0
1202.0 1216.5 1231.0
1202.0 1216.5 1231.0
1202.0 1216.5 1231.0
1202.0 1216.5 1231.0
1202.0 1216.5 1231.0
1202.0 1216.5 1231.0
1202.0 1216.5 1231.0
1202.0 1216.5 1231.0
1202.0 1216.5 1231.0
1202.0 1216.5 1231.0
1202.0 1216.5 1231.0
1202.0 1216.5 1231.0
1202.0 1216.5 1231.0
1202.0 1216.5 1231.0
1202.0 1216.5 1231.0
1202.0 1216.5 1231.0
1202.0 1216.5 1231.0
1202.0 1216.5 1231.0
1202.0 1216.5 1231.0
1202.0 1216.5 1231.0
1202.0 1216.5 1231.0
1202.0 1216.5 1231.0
1202.0 1216.5 1231.0
1202.0 1216.5 1231.0
1202.0 1216.5 1231.0
1202.0 1216.5 1231.0
1202.0 1216.5 1231.0
1202.0 1216.5 1231.0
1202.0 1216.5 1231.0
1231.0 1253.5 1276.0
1231.0 1253.5 1276.0
1231.0 1253.5 1276.0
1231.0 1253.5 1276.0
1231.0 1253.5 1276.0
1231.0 1253.5 1276.0
1231.0 1253.5 1276.0
1231.0 1253.5 1276.0
1231.0 1253.5 1276.0
1231.0 1253.5 1276.0
1231.0 1253.5 1276.0
1231.0 1253.5 1276.0
1231.0 1253.5 1276.0
1231.0 1253.5 1276.0
1231.0 1253.5 1276.0
1231.0 1253.5 1276.0
1231.0 1253.5 1276.0
1231.0 1253.5 1276.0
1231.0 1253.5 1276.0
1231.0 1253.5 1276.0
1231.0 1253.5 1276.0
1231.0 1253.5 1276.0
1231.0 1253.5 1276.0
1231.0 1253.5 1276.0
1231.0 1253.5 1276.0
1231.0 1253.5 1276.0
1231.0 1253.5 1276.0
1231.0 1253.5 1276.0
1231.0 1253.5 1276.0
1231.0 1253.5 1276.0
