12535.0 12688.5 12842.0
9041.0 10941.5 12842.0
5666.0 7143.0 8620.0
5117.0 5327.5 5538.0
2666.0 3129.5 3593.0
2513.0 2589.5 2666.0
2055.0 2360.5 2666.0
1964.0 2009.5 2055.0
1426.0 1740.5 2055.0
1426.0 1654.0 1882.0
1426.0 1654.0 1882.0
1426.0 1578.5 1731.0
1426.0 1578.5 1731.0
1252.0 1339.0 1426.0
1252.0 1339.0 1426.0
1252.0 1339.0 1426.0
1252.0 1339.0 1426.0
1252.0 1339.0 1426.0
1252.0 1339.0 1426.0
1252.0 1339.0 1426.0
1252.0 1339.0 1426.0
1252.0 1339.0 1426.0
1252.0 1339.0 1426.0
1252.0 1339.0 1426.0
1252.0 1339.0 1426.0
1252.0 1339.0 1426.0
1252.0 1339.0 1426.0
1252.0 1339.0 1426.0
1252.0 1339.0 1426.0
1252.0 1339.0 1426.0
1252.0 1339.0 1426.0
1252.0 1339.0 1426.0
1252.0 1339.0 1426.0
1252.0 1339.0 1426.0
1252.0 1339.0 1426.0
1252.0 1339.0 1426.0
1252.0 1339.0 1426.0
1252.0 1339.0 1426.0
1252.0 1339.0 1426.0
1252.0 1339.0 1426.0
1252.0 1339.0 1426.0
1252.0 1256.5 1261.0
1031.0 1141.5 1252.0
1031.0 1141.5 1252.0
1031.0 1141.5 1252.0
1031.0 1141.5 1252.0
1031.0 1141.5 1252.0
1031.0 1141.5 1252.0
1031.0 1141.5 1252.0
1031.0 1141.5 1252.0
1031.0 1141.5 1252.0
1031.0 1141.5 1252.0
1031.0 1141.5 1252.0
1003.0 1017.0 1031.0
1003.0 1017.0 1031.0
1031.0 1037.0 1043.0
1031.0 1037.0 1043.0
912.0 971.5 1031.0
912.0 971.5 1031.0
912.0 971.5 1031.0
912.0 971.5 1031.0
912.0 971.5 1031.0
912.0 971.5 1031.0
912.0 971.5 1031.0
912.0 971.5 1031.0
912.0 971.5 1031.0
912.0 971.5 1031.0
912.0 971.5 1031.0
912.0 971.5 1031.0
912.0 971.5 1031.0
912.0 971.5 1031.0
912.0 971.5 1031.0
912.0 971.5 1031.0
912.0 971.5 1031.0
912.0 971.5 1031.0
912.0 971.5 1031.0
912.0 971.5 1031.0
912.0 971.5 1031.0
912.0 971.5 1031.0
912.0 971.5 1031.0
912.0 971.5 1031.0
912.0 971.5 1031.0
912.0 971.5 1031.0
912.0 971.5 1031.0
912.0 971.5 1031.0
912.0 971.5 1031.0
912.0 971.5 1031.0
912.0 971.5 1031.0
912.0 971.5 1031.0
912.0 971.5 1031.0
912.0 971.5 1031.0
912.0 971.5 1031.0
912.0 971.5 1031.0
912.0 971.5 1031.0
912.0 971.5 1031.0
912.0 971.5 1031.0
912.0 971.5 1031.0
912.0 971.5 1031.0
912.0 971.5 1031.0
912.0 971.5 1031.0
912.0 971.5 1031.0
912.0 971.5 1031.0
912.0 971.5 1031.0
912.0 971.5 1031.0
912.0 971.5 1031.0
912.0 971.5 1031.0
912.0 971.5 1031.0
912.0 971.5 1031.0
912.0 971.5 1031.0
912.0 971.5 1031.0
912.0 971.5 1031.0
912.0 971.5 1031.0
912.0 971.5 1031.0
912.0 971.5 1031.0
912.0 971.5 1031.0
912.0 971.5 1031.0
912.0 971.5 1031.0
912.0 971.5 1031.0
912.0 971.5 1031.0
912.0 971.5 1031.0
912.0 971.5 1031.0
912.0 971.5 1031.0
912.0 971.5 1031.0
912.0 971.5 1031.0
912.0 971.5 1031.0
912.0 971.5 1031.0
912.0 971.5 1031.0
912.0 971.5 1031.0
912.0 971.5 1031.0
912.0 971.5 1031.0
912.0 971.5 1031.0
912.0 971.5 1031.0
912.0 971.5 1031.0
912.0 971.5 1031.0
912.0 971.5 1031.0
912.0 971.5 1031.0
912.0 971.5 1031.0
912.0 971.5 1031.0
912.0 971.5 1031.0
912.0 971.5 1031.0
912.0 971.5 1031.0
912.0 971.5 1031.0
912.0 971.5 1031.0
912.0 971.5 1031.0
912.0 971.5 1031.0
912.0 971.5 1031.0
912.0 971.5 1031.0
912.0 971.5 1031.0
912.0 971.5 1031.0
912.0 971.5 1031.0
912.0 971.5 1031.0
912.0 971.5 1031.0
912.0 971.5 1031.0
912.0 971.5 1031.0
912.0 971.5 1031.0
912.0 971.5 1031.0
912.0 971.5 1031.0
912.0 971.5 1031.0
912.0 971.5 1031.0
912.0 971.5 1031.0
912.0 971.5 1031.0
912.0 971.5 1031.0
912.0 971.5 1031.0
912.0 971.5 1031.0
912.0 971.5 1031.0
912.0 971.5 1031.0
912.0 971.5 1031.0
912.0 971.5 1031.0
912.0 971.5 1031.0
912.0 971.5 1031.0
912.0 971.5 1031.0
912.0 971.5 1031.0
912.0 971.5 1031.0
912.0 971.5 1031.0
912.0 971.5 1031.0
912.0 971.5 1031.0
912.0 971.5 1031.0
912.0 971.5 1031.0
912.0 971.5 1031.0
912.0 971.5 1031.0
912.0 971.5 1031.0
912.0 971.5 1031.0
912.0 971.5 1031.0
912.0 971.5 1031.0
912.0 971.5 1031.0
912.0 971.5 1031.0
912.0 971.5 1031.0
912.0 971.5 1031.0
912.0 971.5 1031.0
912.0 971.5 1031.0
912.0 971.5 1031.0
912.0 971.5 1031.0
912.0 971.5 1031.0
912.0 971.5 1031.0
912.0 971.5 1031.0
912.0 971.5 1031.0
912.0 971.5 1031.0
912.0 971.5 1031.0
912.0 971.5 1031.0
912.0 971.5 1031.0
