9054.0 10025.0 10996.0
9589.0 9897.5 10206.0
6899.0 7183.5 7468.0
5220.0 5529.5 5839.0
4127.0 4244.0 4361.0
3603.0 3942.5 4282.0
3102.0 3375.0 3648.0
2133.0 2267.5 2402.0
1934.0 2419.5 2905.0
1934.0 2249.5 2565.0
1335.0 1950.0 2565.0
1335.0 1914.0 2493.0
1335.0 1398.0 1461.0
1335.0 1398.0 1461.0
1246.0 1290.5 1335.0
1335.0 1398.0 1461.0
1153.0 1244.0 1335.0
1117.0 1226.0 1335.0
1117.0 1226.0 1335.0
1117.0 1226.0 1335.0
1117.0 1226.0 1335.0
1117.0 1226.0 1335.0
1117.0 1226.0 1335.0
1117.0 1226.0 1335.0
1117.0 1226.0 1335.0
1117.0 1226.0 1335.0
1117.0 1226.0 1335.0
1117.0 1226.0 1335.0
1117.0 1226.0 1335.0
1117.0 1226.0 1335.0
1117.0 1226.0 1335.0
1117.0 1226.0 1335.0
1117.0 1226.0 1335.0
1117.0 1226.0 1335.0
1117.0 1226.0 1335.0
1117.0 1226.0 1335.0
1117.0 1226.0 1335.0
1117.0 1226.0 1335.0
1117.0 1226.0 1335.0
1117.0 1226.0 1335.0
1117.0 1226.0 1335.0
1117.0 1226.0 1335.0
1117.0 1226.0 1335.0
1117.0 1226.0 1335.0
1117.0 1226.0 1335.0
1117.0 1226.0 1335.0
1117.0 1226.0 1335.0
1117.0 1226.0 1335.0
1117.0 1226.0 1335.0
1117.0 1226.0 1335.0
1117.0 1226.0 1335.0
1117.0 1226.0 1335.0
1117.0 1226.0 1335.0
1117.0 1226.0 1335.0
1117.0 1226.0 1335.0
1117.0 1226.0 1335.0
1117.0 1226.0 1335.0
1117.0 1226.0 1335.0
1117.0 1226.0 1335.0
1117.0 1226.0 1335.0
1117.0 1226.0 1335.0
1117.0 1226.0 1335.0
1117.0 1226.0 1335.0
1117.0 1226.0 1335.0
1117.0 1226.0 1335.0
1117.0 1226.0 1335.0
1117.0 1226.0 1335.0
1117.0 1226.0 1335.0
1117.0 1226.0 1335.0
1117.0 1226.0 1335.0
1117.0 1226.0 1335.0
1117.0 1226.0 1335.0
1117.0 1226.0 1335.0
1117.0 1226.0 1335.0
1117.0 1226.0 1335.0
1117.0 1226.0 1335.0
1117.0 1226.0 1335.0
1117.0 1226.0 1335.0
1117.0 1226.0 1335.0
1117.0 1226.0 1335.0
1117.0 1226.0 1335.0
1117.0 1226.0 1335.0
1117.0 1226.0 1335.0
1117.0 1226.0 1335.0
1117.0 1226.0 1335.0
1117.0 1226.0 1335.0
1117.0 1226.0 1335.0
1117.0 1226.0 1335.0
1117.0 1226.0 1335.0
1117.0 1226.0 1335.0
1117.0 1226.0 1335.0
1117.0 1226.0 1335.0
1117.0 1226.0 1335.0
1117.0 1226.0 1335.0
1117.0 1226.0 1335.0
1117.0 1226.0 1335.0
1117.0 1226.0 1335.0
1117.0 1226.0 1335.0
1117.0 1226.0 1335.0
1117.0 1226.0 1335.0
1117.0 1226.0 1335.0
1117.0 1226.0 1335.0
1117.0 1226.0 1335.0
1117.0 1226.0 1335.0
1117.0 1226.0 1335.0
1117.0 1226.0 1335.0
1117.0 1226.0 1335.0
1117.0 1226.0 1335.0
1117.0 1226.0 1335.0
1117.0 1226.0 1335.0
1117.0 1226.0 1335.0
1117.0 1226.0 1335.0
1117.0 1226.0 1335.0
1117.0 1226.0 1335.0
1117.0 1226.0 1335.0
1117.0 1226.0 1335.0
1117.0 1226.0 1335.0
1117.0 1226.0 1335.0
1117.0 1226.0 1335.0
1117.0 1226.0 1335.0
1117.0 1226.0 1335.0
1117.0 1226.0 1335.0
1117.0 1226.0 1335.0
1117.0 1226.0 1335.0
1117.0 1226.0 1335.0
1117.0 1226.0 1335.0
1117.0 1226.0 1335.0
1117.0 1226.0 1335.0
1117.0 1226.0 1335.0
1117.0 1226.0 1335.0
1117.0 1226.0 1335.0
1117.0 1226.0 1335.0
1117.0 1226.0 1335.0
1117.0 1226.0 1335.0
1117.0 1226.0 1335.0
1117.0 1226.0 1335.0
1117.0 1226.0 1335.0
1117.0 1226.0 1335.0
1117.0 1226.0 1335.0
1117.0 1226.0 1335.0
1117.0 1226.0 1335.0
1117.0 1226.0 1335.0
1117.0 1226.0 1335.0
1117.0 1226.0 1335.0
1117.0 1226.0 1335.0
1117.0 1226.0 1335.0
1117.0 1226.0 1335.0
1117.0 1226.0 1335.0
1117.0 1226.0 1335.0
1117.0 1226.0 1335.0
1117.0 1226.0 1335.0
1117.0 1226.0 1335.0
1117.0 1226.0 1335.0
1117.0 1226.0 1335.0
1117.0 1226.0 1335.0
1117.0 1226.0 1335.0
1117.0 1226.0 1335.0
1117.0 1226.0 1335.0
1117.0 1226.0 1335.0
1117.0 1226.0 1335.0
1117.0 1226.0 1335.0
1117.0 1226.0 1335.0
1117.0 1226.0 1335.0
1117.0 1226.0 1335.0
1117.0 1226.0 1335.0
1117.0 1226.0 1335.0
1117.0 1226.0 1335.0
1117.0 1226.0 1335.0
1117.0 1226.0 1335.0
1117.0 1226.0 1335.0
1117.0 1226.0 1335.0
1117.0 1226.0 1335.0
1117.0 1226.0 1335.0
1117.0 1226.0 1335.0
1117.0 1226.0 1335.0
1117.0 1226.0 1335.0
1117.0 1226.0 1335.0
1117.0 1226.0 1335.0
1117.0 1226.0 1335.0
1117.0 1226.0 1335.0
1117.0 1226.0 1335.0
1117.0 1226.0 1335.0
1117.0 1226.0 1335.0
1117.0 1226.0 1335.0
1117.0 1226.0 1335.0
1117.0 1226.0 1335.0
1117.0 1226.0 1335.0
1117.0 1226.0 1335.0
1117.0 1226.0 1335.0
1117.0 1226.0 1335.0
1117.0 1226.0 1335.0
1117.0 1226.0 1335.0
1117.0 1226.0 1335.0
1117.0 1226.0 1335.0
1117.0 1226.0 1335.0
1117.0 1226.0 1335.0
1117.0 1226.0 1335.0
1117.0 1226.0 1335.0
1117.0 1241.5 1366.0
1022.0 1069.5 1117.0
