14836.0 15968.5 17101.0
12282.0 12722.0 13162.0
9272.0 10154.5 11037.0
5709.0 7490.5 9272.0
4521.0 5618.5 6716.0
5356.0 5815.5 6275.0
4209.0 4334.0 4459.0
4209.0 4334.0 4459.0
2964.0 3858.0 4752.0
3234.0 3459.5 3685.0
2391.0 3038.0 3685.0
2391.0 2723.5 3056.0
2391.0 2663.5 2936.0
1984.0 2187.5 2391.0
1984.0 2187.5 2391.0
1984.0 2187.5 2391.0
1984.0 2187.5 2391.0
1984.0 2187.5 2391.0
1984.0 2187.5 2391.0
1984.0 2187.5 2391.0
1984.0 2187.5 2391.0
1984.0 2187.5 2391.0
1984.0 2008.0 2032.0
1984.0 2008.0 2032.0
1984.0 2008.0 2032.0
1984.0 2008.0 2032.0
1984.0 2008.0 2032.0
1984.0 2008.0 2032.0
1984.0 2008.0 2032.0
1984.0 2008.0 2032.0
1984.0 2008.0 2032.0
1984.0 2008.0 2032.0
1984.0 2008.0 2032.0
1984.0 2008.0 2032.0
1984.0 2008.0 2032.0
1984.0 2295.5 2607.0
1984.0 2295.5 2607.0
1984.0 2295.5 2607.0
1984.0 2295.5 2607.0
1984.0 2295.5 2607.0
1984.0 2295.5 2607.0
1984.0 2295.5 2607.0
1984.0 2295.5 2607.0
1984.0 2295.5 2607.0
1984.0 2295.5 2607.0
1984.0 2295.5 2607.0
1984.0 2295.5 2607.0
1984.0 2295.5 2607.0
1984.0 2295.5 2607.0
1984.0 2295.5 2607.0
1984.0 2295.5 2607.0
1984.0 2295.5 2607.0
1984.0 2295.5 2607.0
1984.0 2295.5 2607.0
1984.0 2295.5 2607.0
1984.0 2295.5 2607.0
1984.0 2295.5 2607.0
1984.0 2295.5 2607.0
1984.0 2295.5 2607.0
1984.0 2295.5 2607.0
1984.0 2295.5 2607.0
1984.0 2295.5 2607.0
1984.0 2295.5 2607.0
1984.0 2295.5 2607.0
1984.0 2295.5 2607.0
1984.0 2295.5 2607.0
1984.0 2295.5 2607.0
1984.0 2295.5 2607.0
1984.0 2295.5 2607.0
1984.0 2295.5 2607.0
1984.0 2295.5 2607.0
1984.0 2295.5 2607.0
1984.0 2295.5 2607.0
1984.0 2295.5 2607.0
1984.0 2295.5 2607.0
1984.0 2295.5 2607.0
1984.0 2295.5 2607.0
1984.0 2295.5 2607.0
1984.0 2295.5 2607.0
1984.0 2295.5 2607.0
1984.0 2295.5 2607.0
1984.0 2295.5 2607.0
1984.0 2295.5 2607.0
1984.0 2295.5 2607.0
1984.0 2295.5 2607.0
1984.0 2295.5 2607.0
1984.0 2295.5 2607.0
1984.0 2295.5 2607.0
1984.0 2295.5 2607.0
1984.0 2295.5 2607.0
1984.0 2295.5 2607.0
1984.0 2295.5 2607.0
1984.0 2295.5 2607.0
1984.0 2295.5 2607.0
1984.0 2295.5 2607.0
1984.0 2295.5 2607.0
1984.0 2295.5 2607.0
1984.0 2295.5 2607.0
1984.0 2295.5 2607.0
1984.0 2295.5 2607.0
1984.0 2295.5 2607.0
1984.0 2295.5 2607.0
1984.0 2295.5 2607.0
1984.0 2295.5 2607.0
1984.0 2295.5 2607.0
1984.0 2295.5 2607.0
1984.0 2295.5 2607.0
1984.0 2295.5 2607.0
1984.0 2295.5 2607.0
1984.0 2295.5 2607.0
1984.0 2295.5 2607.0
1984.0 2295.5 2607.0
1984.0 2295.5 2607.0
1984.0 2295.5 2607.0
1838.0 1911.0 1984.0
1984.0 2008.5 2033.0
1449.0 1716.5 1984.0
1449.0 1566.5 1684.0
1449.0 1566.5 1684.0
1449.0 1566.5 1684.0
1449.0 1566.5 1684.0
1449.0 1566.5 1684.0
1449.0 1566.5 1684.0
1449.0 1566.5 1684.0
1449.0 1566.5 1684.0
1449.0 1566.5 1684.0
1449.0 1566.5 1684.0
1449.0 1566.5 1684.0
1449.0 1566.5 1684.0
1449.0 1566.5 1684.0
1449.0 1566.5 1684.0
1449.0 1566.5 1684.0
1449.0 1566.5 1684.0
1449.0 1566.5 1684.0
1449.0 1566.5 1684.0
1449.0 1566.5 1684.0
1449.0 1566.5 1684.0
1449.0 1566.5 1684.0
1449.0 1566.5 1684.0
1449.0 1566.5 1684.0
1449.0 1566.5 1684.0
1449.0 1566.5 1684.0
1449.0 1566.5 1684.0
1449.0 1566.5 1684.0
1449.0 1566.5 1684.0
1449.0 1566.5 1684.0
1449.0 1566.5 1684.0
1449.0 1566.5 1684.0
1449.0 1566.5 1684.0
1449.0 1566.5 1684.0
1449.0 1566.5 1684.0
1449.0 1566.5 1684.0
1449.0 1566.5 1684.0
1449.0 1566.5 1684.0
1449.0 1566.5 1684.0
1449.0 1566.5 1684.0
1449.0 1566.5 1684.0
1449.0 1566.5 1684.0
1449.0 1566.5 1684.0
1449.0 1566.5 1684.0
1449.0 1566.5 1684.0
1449.0 1566.5 1684.0
1449.0 1566.5 1684.0
1449.0 1566.5 1684.0
1449.0 1566.5 1684.0
1449.0 1566.5 1684.0
1449.0 1566.5 1684.0
1449.0 1566.5 1684.0
1449.0 1566.5 1684.0
1449.0 1566.5 1684.0
1449.0 1566.5 1684.0
1449.0 1566.5 1684.0
1449.0 1566.5 1684.0
1449.0 1566.5 1684.0
1449.0 1566.5 1684.0
1449.0 1566.5 1684.0
1449.0 1566.5 1684.0
1449.0 1566.5 1684.0
1449.0 1566.5 1684.0
1449.0 1566.5 1684.0
1449.0 1566.5 1684.0
1449.0 1566.5 1684.0
1449.0 1566.5 1684.0
1449.0 1566.5 1684.0
1449.0 1566.5 1684.0
1449.0 1566.5 1684.0
1449.0 1566.5 1684.0
1449.0 1566.5 1684.0
1449.0 1566.5 1684.0
1449.0 1566.5 1684.0
1428.0 1438.5 1449.0
1428.0 1438.5 1449.0
1428.0 1438.5 1449.0
1428.0 1438.5 1449.0
1428.0 1438.5 1449.0
1428.0 1438.5 1449.0
1428.0 1438.5 1449.0
1428.0 1438.5 1449.0
1428.0 1438.5 1449.0
1428.0 1438.5 1449.0
