12127.0 13333.5 14540.0
10865.0 12721.0 14577.0
7673.0 8821.5 9970.0
7673.0 8952.0 10231.0
6325.0 6665.5 7006.0
4171.0 4668.5 5166.0
4171.0 4625.0 5079.0
3120.0 4099.5 5079.0
3120.0 3795.5 4471.0
2966.0 3043.0 3120.0
2969.0 3044.5 3120.0
2442.0 2705.5 2969.0
2687.0 2828.0 2969.0
1481.0 1803.0 2125.0
1481.0 1764.5 2048.0
1481.0 1764.5 2048.0
1481.0 1764.5 2048.0
1481.0 1764.5 2048.0
1481.0 1764.5 2048.0
1481.0 1764.5 2048.0
1481.0 1764.5 2048.0
1481.0 1764.5 2048.0
1481.0 1764.5 2048.0
1481.0 1764.5 2048.0
1481.0 1764.5 2048.0
1481.0 1764.5 2048.0
1481.0 1764.5 2048.0
1481.0 1764.5 2048.0
1481.0 1764.5 2048.0
1481.0 1809.5 2138.0
1481.0 1669.5 1858.0
1481.0 1669.5 1858.0
1481.0 1669.5 1858.0
1481.0 1669.5 1858.0
1481.0 1669.5 1858.0
1481.0 1669.5 1858.0
1481.0 1669.5 1858.0
1481.0 1669.5 1858.0
1481.0 1669.5 1858.0
1481.0 1669.5 1858.0
1481.0 1669.5 1858.0
1481.0 1669.5 1858.0
1481.0 1669.5 1858.0
1481.0 1669.5 1858.0
1481.0 1669.5 1858.0
1481.0 1669.5 1858.0
1481.0 1669.5 1858.0
1481.0 1669.5 1858.0
1481.0 1669.5 1858.0
1481.0 1669.5 1858.0
1481.0 1669.5 1858.0
1481.0 1669.5 1858.0
1481.0 1669.5 1858.0
1481.0 1669.5 1858.0
1481.0 1669.5 1858.0
1481.0 1669.5 1858.0
1481.0 1669.5 1858.0
1481.0 1669.5 1858.0
1481.0 1669.5 1858.0
1481.0 1669.5 1858.0
1481.0 1669.5 1858.0
1481.0 1669.5 1858.0
1481.0 1669.5 1858.0
1481.0 1669.5 1858.0
1481.0 1669.5 1858.0
1481.0 1669.5 1858.0
1481.0 1669.5 1858.0
1481.0 1669.5 1858.0
1481.0 1669.5 1858.0
1481.0 1669.5 1858.0
1481.0 1669.5 1858.0
1481.0 1669.5 1858.0
1481.0 1669.5 1858.0
1481.0 1669.5 1858.0
1481.0 1669.5 1858.0
1481.0 1669.5 1858.0
1481.0 1669.5 1858.0
1481.0 1669.5 1858.0
1481.0 1669.5 1858.0
1481.0 1669.5 1858.0
1481.0 1669.5 1858.0
1481.0 1669.5 1858.0
1481.0 1669.5 1858.0
1481.0 1669.5 1858.0
1481.0 1669.5 1858.0
1481.0 1669.5 1858.0
1481.0 1669.5 1858.0
1481.0 1669.5 1858.0
1481.0 1669.5 1858.0
1481.0 1669.5 1858.0
1481.0 1669.5 1858.0
1481.0 1669.5 1858.0
1481.0 1669.5 1858.0
1481.0 1669.5 1858.0
1481.0 1669.5 1858.0
1481.0 1669.5 1858.0
1481.0 1669.5 1858.0
1481.0 1669.5 1858.0
1481.0 1669.5 1858.0
1481.0 1669.5 1858.0
1481.0 1669.5 1858.0
1481.0 1669.5 1858.0
1481.0 1669.5 1858.0
1481.0 1669.5 1858.0
1481.0 1669.5 1858.0
1481.0 1669.5 1858.0
1481.0 1669.5 1858.0
1481.0 1669.5 1858.0
1481.0 1669.5 1858.0
1481.0 1669.5 1858.0
1481.0 1669.5 1858.0
1481.0 1669.5 1858.0
1481.0 1669.5 1858.0
1481.0 1669.5 1858.0
1481.0 1669.5 1858.0
1481.0 1669.5 1858.0
1481.0 1669.5 1858.0
1481.0 1669.5 1858.0
1481.0 1669.5 1858.0
1481.0 1669.5 1858.0
1481.0 1669.5 1858.0
1481.0 1669.5 1858.0
1481.0 1669.5 1858.0
1481.0 1669.5 1858.0
1481.0 1669.5 1858.0
1481.0 1669.5 1858.0
1481.0 1669.5 1858.0
1481.0 1669.5 1858.0
1481.0 1669.5 1858.0
1481.0 1669.5 1858.0
1481.0 1669.5 1858.0
1481.0 1669.5 1858.0
1481.0 1669.5 1858.0
1481.0 1669.5 1858.0
1481.0 1669.5 1858.0
1481.0 1669.5 1858.0
1481.0 1669.5 1858.0
1481.0 1669.5 1858.0
1481.0 1669.5 1858.0
1481.0 1669.5 1858.0
1481.0 1669.5 1858.0
1481.0 1669.5 1858.0
1481.0 1669.5 1858.0
1481.0 1669.5 1858.0
1481.0 1669.5 1858.0
1481.0 1669.5 1858.0
1481.0 1669.5 1858.0
1481.0 1669.5 1858.0
1481.0 1669.5 1858.0
1481.0 1669.5 1858.0
1481.0 1669.5 1858.0
1481.0 1669.5 1858.0
1481.0 1669.5 1858.0
1481.0 1669.5 1858.0
1481.0 1669.5 1858.0
1481.0 1669.5 1858.0
1481.0 1669.5 1858.0
1481.0 1669.5 1858.0
1481.0 1669.5 1858.0
1481.0 1669.5 1858.0
1481.0 1669.5 1858.0
1481.0 1669.5 1858.0
1481.0 1669.5 1858.0
1481.0 1669.5 1858.0
1481.0 1669.5 1858.0
1481.0 1669.5 1858.0
1481.0 1669.5 1858.0
1481.0 1669.5 1858.0
1481.0 1669.5 1858.0
1481.0 1669.5 1858.0
1481.0 1669.5 1858.0
1481.0 1669.5 1858.0
1481.0 1669.5 1858.0
1481.0 1669.5 1858.0
1481.0 1669.5 1858.0
1481.0 1669.5 1858.0
1481.0 1669.5 1858.0
1481.0 1669.5 1858.0
1481.0 1669.5 1858.0
1481.0 1669.5 1858.0
1481.0 1669.5 1858.0
1481.0 1669.5 1858.0
1481.0 1669.5 1858.0
1481.0 1669.5 1858.0
1481.0 1669.5 1858.0
1481.0 1669.5 1858.0
1481.0 1669.5 1858.0
1481.0 1669.5 1858.0
1481.0 1669.5 1858.0
1481.0 1669.5 1858.0
1481.0 1669.5 1858.0
1481.0 1669.5 1858.0
1481.0 1669.5 1858.0
1481.0 1669.5 1858.0
1481.0 1669.5 1858.0
1481.0 1669.5 1858.0
1481.0 1669.5 1858.0
1481.0 1669.5 1858.0
1481.0 1669.5 1858.0
1481.0 1669.5 1858.0
