10347.0 12251.0 14155.0
9138.0 9690.5 10243.0
7782.0 8460.0 9138.0
5754.0 5801.0 5848.0
3198.0 4379.5 5561.0
3213.0 3357.0 3501.0
3213.0 3357.0 3501.0
2616.0 3058.5 3501.0
2062.0 2414.0 2766.0
1688.0 1806.5 1925.0
1286.0 1605.5 1925.0
1286.0 1345.0 1404.0
1286.0 1345.0 1404.0
914.0 1159.0 1404.0
914.0 1159.0 1404.0
914.0 1159.0 1404.0
914.0 1159.0 1404.0
914.0 1159.0 1404.0
914.0 1159.0 1404.0
914.0 1159.0 1404.0
914.0 1159.0 1404.0
914.0 1159.0 1404.0
914.0 1159.0 1404.0
914.0 1180.0 1446.0
914.0 1091.5 1269.0
914.0 1091.5 1269.0
914.0 991.5 1069.0
914.0 991.5 1069.0
914.0 991.5 1069.0
914.0 991.5 1069.0
914.0 991.5 1069.0
914.0 991.5 1069.0
914.0 991.5 1069.0
914.0 991.5 1069.0
914.0 991.5 1069.0
914.0 991.5 1069.0
914.0 991.5 1069.0
914.0 991.5 1069.0
914.0 991.5 1069.0
914.0 991.5 1069.0
914.0 991.5 1069.0
914.0 991.5 1069.0
914.0 991.5 1069.0
914.0 991.5 1069.0
914.0 991.5 1069.0
914.0 991.5 1069.0
914.0 991.5 1069.0
914.0 991.5 1069.0
914.0 991.5 1069.0
914.0 991.5 1069.0
914.0 991.5 1069.0
914.0 991.5 1069.0
914.0 991.5 1069.0
914.0 991.5 1069.0
914.0 991.5 1069.0
914.0 991.5 1069.0
914.0 991.5 1069.0
914.0 991.5 1069.0
914.0 991.5 1069.0
914.0 991.5 1069.0
914.0 991.5 1069.0
914.0 991.5 1069.0
914.0 991.5 1069.0
914.0 991.5 1069.0
914.0 991.5 1069.0
914.0 991.5 1069.0
914.0 991.5 1069.0
914.0 991.5 1069.0
914.0 991.5 1069.0
914.0 991.5 1069.0
914.0 991.5 1069.0
914.0 971.5 1029.0
914.0 971.5 1029.0
914.0 971.5 1029.0
914.0 971.5 1029.0
914.0 971.5 1029.0
914.0 971.5 1029.0
914.0 971.5 1029.0
914.0 971.5 1029.0
914.0 971.5 1029.0
914.0 971.5 1029.0
914.0 971.5 1029.0
914.0 971.5 1029.0
914.0 971.5 1029.0
914.0 971.5 1029.0
914.0 971.5 1029.0
914.0 971.5 1029.0
914.0 971.5 1029.0
914.0 971.5 1029.0
914.0 971.5 1029.0
914.0 971.5 1029.0
914.0 971.5 1029.0
914.0 971.5 1029.0
914.0 971.5 1029.0
914.0 971.5 1029.0
914.0 971.5 1029.0
914.0 971.5 1029.0
914.0 971.5 1029.0
914.0 971.5 1029.0
914.0 971.5 1029.0
914.0 971.5 1029.0
914.0 971.5 1029.0
914.0 971.5 1029.0
914.0 971.5 1029.0
914.0 971.5 1029.0
914.0 971.5 1029.0
914.0 971.5 1029.0
914.0 971.5 1029.0
914.0 971.5 1029.0
914.0 971.5 1029.0
914.0 971.5 1029.0
914.0 971.5 1029.0
914.0 971.5 1029.0
914.0 971.5 1029.0
914.0 971.5 1029.0
914.0 971.5 1029.0
914.0 971.5 1029.0
914.0 971.5 1029.0
914.0 971.5 1029.0
914.0 971.5 1029.0
914.0 971.5 1029.0
914.0 971.5 1029.0
914.0 971.5 1029.0
914.0 971.5 1029.0
914.0 971.5 1029.0
914.0 971.5 1029.0
914.0 971.5 1029.0
914.0 971.5 1029.0
914.0 971.5 1029.0
914.0 971.5 1029.0
914.0 971.5 1029.0
914.0 971.5 1029.0
914.0 971.5 1029.0
914.0 971.5 1029.0
914.0 971.5 1029.0
914.0 971.5 1029.0
914.0 971.5 1029.0
914.0 971.5 1029.0
914.0 971.5 1029.0
914.0 971.5 1029.0
914.0 971.5 1029.0
914.0 971.5 1029.0
914.0 971.5 1029.0
914.0 971.5 1029.0
914.0 971.5 1029.0
914.0 971.5 1029.0
914.0 971.5 1029.0
914.0 971.5 1029.0
914.0 971.5 1029.0
914.0 971.5 1029.0
914.0 971.5 1029.0
914.0 971.5 1029.0
914.0 971.5 1029.0
914.0 971.5 1029.0
914.0 971.5 1029.0
914.0 971.5 1029.0
914.0 971.5 1029.0
914.0 971.5 1029.0
914.0 971.5 1029.0
914.0 971.5 1029.0
914.0 971.5 1029.0
914.0 971.5 1029.0
914.0 971.5 1029.0
914.0 971.5 1029.0
914.0 971.5 1029.0
914.0 971.5 1029.0
914.0 971.5 1029.0
914.0 971.5 1029.0
914.0 971.5 1029.0
914.0 971.5 1029.0
914.0 971.5 1029.0
914.0 971.5 1029.0
914.0 971.5 1029.0
914.0 971.5 1029.0
914.0 971.5 1029.0
914.0 971.5 1029.0
914.0 971.5 1029.0
914.0 971.5 1029.0
914.0 971.5 1029.0
914.0 971.5 1029.0
914.0 971.5 1029.0
914.0 971.5 1029.0
914.0 971.5 1029.0
914.0 971.5 1029.0
914.0 971.5 1029.0
914.0 971.5 1029.0
914.0 971.5 1029.0
914.0 971.5 1029.0
914.0 971.5 1029.0
914.0 971.5 1029.0
914.0 971.5 1029.0
914.0 971.5 1029.0
914.0 971.5 1029.0
914.0 971.5 1029.0
914.0 971.5 1029.0
914.0 971.5 1029.0
914.0 971.5 1029.0
914.0 971.5 1029.0
914.0 971.5 1029.0
914.0 971.5 1029.0
