13494.0 13697.5 13901.0
11904.0 13987.5 16071.0
10656.0 11604.0 12552.0
7836.0 7899.5 7963.0
6943.0 7766.5 8590.0
6629.0 6710.5 6792.0
4328.0 4876.5 5425.0
4328.0 4460.0 4592.0
3857.0 4272.5 4688.0
3784.0 4236.0 4688.0
2677.0 3254.5 3832.0
2677.0 2778.5 2880.0
2677.0 2778.5 2880.0
2677.0 2778.5 2880.0
2677.0 2778.5 2880.0
2677.0 2778.5 2880.0
2677.0 2778.5 2880.0
2677.0 2778.5 2880.0
2677.0 2778.5 2880.0
2677.0 2778.5 2880.0
1931.0 2405.5 2880.0
1587.0 2233.5 2880.0
1587.0 1716.0 1845.0
1587.0 1716.0 1845.0
1587.0 1716.0 1845.0
1587.0 1716.0 1845.0
1587.0 1716.0 1845.0
1587.0 1716.0 1845.0
1587.0 1716.0 1845.0
1587.0 1716.0 1845.0
1587.0 1716.0 1845.0
1587.0 1716.0 1845.0
1587.0 1716.0 1845.0
1587.0 1716.0 1845.0
1587.0 1716.0 1845.0
1587.0 1716.0 1845.0
1587.0 1716.0 1845.0
1587.0 1716.0 1845.0
1587.0 1716.0 1845.0
1587.0 1716.0 1845.0
1587.0 1716.0 1845.0
1587.0 1716.0 1845.0
1587.0 1716.0 1845.0
1587.0 1716.0 1845.0
1587.0 1716.0 1845.0
1587.0 1716.0 1845.0
1587.0 1716.0 1845.0
1587.0 1716.0 1845.0
1587.0 1716.0 1845.0
1587.0 1716.0 1845.0
1587.0 1716.0 1845.0
1587.0 1716.0 1845.0
1587.0 1716.0 1845.0
1587.0 1716.0 1845.0
1587.0 1716.0 1845.0
1587.0 1716.0 1845.0
1488.0 1666.5 1845.0
1488.0 1666.5 1845.0
1488.0 1666.5 1845.0
1488.0 1666.5 1845.0
1488.0 1666.5 1845.0
1488.0 1666.5 1845.0
1488.0 1666.5 1845.0
1488.0 1666.5 1845.0
1488.0 1666.5 1845.0
1488.0 1666.5 1845.0
1488.0 1666.5 1845.0
1488.0 1666.5 1845.0
1488.0 1666.5 1845.0
1488.0 1666.5 1845.0
1488.0 1666.5 1845.0
1488.0 1666.5 1845.0
1488.0 1666.5 1845.0
1488.0 1666.5 1845.0
1488.0 1666.5 1845.0
1488.0 1666.5 1845.0
1488.0 1666.5 1845.0
1488.0 1666.5 1845.0
1488.0 1666.5 1845.0
1488.0 1666.5 1845.0
1488.0 1666.5 1845.0
1488.0 1666.5 1845.0
1488.0 1666.5 1845.0
1488.0 1666.5 1845.0
1488.0 1666.5 1845.0
1488.0 1666.5 1845.0
1488.0 1666.5 1845.0
1488.0 1666.5 1845.0
1488.0 1666.5 1845.0
1488.0 1666.5 1845.0
1488.0 1666.5 1845.0
1488.0 1666.5 1845.0
1488.0 1666.5 1845.0
1488.0 1666.5 1845.0
1488.0 1666.5 1845.0
1488.0 1666.5 1845.0
1488.0 1666.5 1845.0
1488.0 1666.5 1845.0
1488.0 1666.5 1845.0
1488.0 1666.5 1845.0
1488.0 1666.5 1845.0
1488.0 1666.5 1845.0
1488.0 1666.5 1845.0
1488.0 1666.5 1845.0
1488.0 1666.5 1845.0
1488.0 1666.5 1845.0
1488.0 1666.5 1845.0
1488.0 1666.5 1845.0
1488.0 1666.5 1845.0
1488.0 1666.5 1845.0
1488.0 1666.5 1845.0
1488.0 1666.5 1845.0
1488.0 1666.5 1845.0
1488.0 1666.5 1845.0
1488.0 1666.5 1845.0
1488.0 1666.5 1845.0
1488.0 1666.5 1845.0
1488.0 1666.5 1845.0
1488.0 1666.5 1845.0
1488.0 1666.5 1845.0
1488.0 1666.5 1845.0
1488.0 1666.5 1845.0
1488.0 1666.5 1845.0
1488.0 1666.5 1845.0
1488.0 1666.5 1845.0
1488.0 1666.5 1845.0
1488.0 1666.5 1845.0
1488.0 1666.5 1845.0
1488.0 1666.5 1845.0
1488.0 1666.5 1845.0
1488.0 1666.5 1845.0
1488.0 1753.5 2019.0
1488.0 1753.5 2019.0
1488.0 1753.5 2019.0
1488.0 1753.5 2019.0
1488.0 1753.5 2019.0
1488.0 1753.5 2019.0
1488.0 1753.5 2019.0
1488.0 1753.5 2019.0
1488.0 1753.5 2019.0
1488.0 1753.5 2019.0
1488.0 1753.5 2019.0
1488.0 1753.5 2019.0
1488.0 1753.5 2019.0
1488.0 1753.5 2019.0
1488.0 1753.5 2019.0
1488.0 1753.5 2019.0
1488.0 1753.5 2019.0
1488.0 1753.5 2019.0
1488.0 1753.5 2019.0
1488.0 1753.5 2019.0
1488.0 1753.5 2019.0
1488.0 1753.5 2019.0
1488.0 1753.5 2019.0
1488.0 1753.5 2019.0
1488.0 1753.5 2019.0
1488.0 1753.5 2019.0
1488.0 1753.5 2019.0
1488.0 1753.5 2019.0
1488.0 1753.5 2019.0
1488.0 1753.5 2019.0
1488.0 1753.5 2019.0
1488.0 1753.5 2019.0
1488.0 1753.5 2019.0
1488.0 1753.5 2019.0
1488.0 1753.5 2019.0
1488.0 1753.5 2019.0
1488.0 1753.5 2019.0
1488.0 1753.5 2019.0
1488.0 1753.5 2019.0
1488.0 1753.5 2019.0
1488.0 1753.5 2019.0
1488.0 1753.5 2019.0
1488.0 1753.5 2019.0
1488.0 1753.5 2019.0
1488.0 1753.5 2019.0
1488.0 1753.5 2019.0
1488.0 1753.5 2019.0
1488.0 1753.5 2019.0
1488.0 1753.5 2019.0
1488.0 1753.5 2019.0
1488.0 1753.5 2019.0
1488.0 1753.5 2019.0
1488.0 1753.5 2019.0
1488.0 1753.5 2019.0
1488.0 1753.5 2019.0
1488.0 1753.5 2019.0
1488.0 1753.5 2019.0
1488.0 1753.5 2019.0
1488.0 1753.5 2019.0
1488.0 1753.5 2019.0
1488.0 1753.5 2019.0
1488.0 1753.5 2019.0
1488.0 1753.5 2019.0
1488.0 1753.5 2019.0
1488.0 1753.5 2019.0
1488.0 1753.5 2019.0
1488.0 1753.5 2019.0
1488.0 1753.5 2019.0
1488.0 1753.5 2019.0
