13829.0 14985.5 16142.0
11749.0 13683.5 15618.0
8463.0 9817.0 11171.0
5410.0 7471.5 9533.0
4340.0 5722.5 7105.0
4185.0 4262.5 4340.0
3407.0 3796.0 4185.0
2817.0 3019.0 3221.0
2763.0 2992.0 3221.0
1626.0 2423.5 3221.0
1626.0 2423.5 3221.0
1626.0 2423.5 3221.0
1626.0 2533.5 3441.0
1626.0 2247.5 2869.0
1626.0 2247.5 2869.0
1626.0 2247.5 2869.0
1626.0 2116.0 2606.0
1626.0 1935.0 2244.0
1626.0 1935.0 2244.0
1626.0 1935.0 2244.0
1626.0 1935.0 2244.0
1626.0 1935.0 2244.0
1626.0 1935.0 2244.0
1626.0 1935.0 2244.0
1626.0 1935.0 2244.0
1626.0 1935.0 2244.0
1626.0 1935.0 2244.0
1626.0 1935.0 2244.0
1626.0 1935.0 2244.0
1626.0 1935.0 2244.0
1626.0 1935.0 2244.0
1626.0 1935.0 2244.0
1626.0 1876.5 2127.0
1626.0 1876.5 2127.0
1626.0 1876.5 2127.0
1626.0 1876.5 2127.0
1626.0 1876.5 2127.0
1626.0 1876.5 2127.0
1626.0 1876.5 2127.0
1626.0 1876.5 2127.0
1626.0 1876.5 2127.0
1626.0 1876.5 2127.0
1626.0 1876.5 2127.0
1626.0 1876.5 2127.0
1626.0 1876.5 2127.0
1626.0 1876.5 2127.0
1626.0 1876.5 2127.0
1626.0 1876.5 2127.0
1626.0 1876.5 2127.0
1626.0 1876.5 2127.0
1626.0 1876.5 2127.0
1626.0 1876.5 2127.0
1626.0 1876.5 2127.0
1545.0 1585.5 1626.0
1545.0 1585.5 1626.0
1545.0 1585.5 1626.0
1545.0 1585.5 1626.0
1545.0 1585.5 1626.0
1545.0 1585.5 1626.0
1545.0 1585.5 1626.0
1545.0 1585.5 1626.0
1545.0 1585.5 1626.0
1545.0 1585.5 1626.0
1545.0 1585.5 1626.0
1545.0 1585.5 1626.0
1545.0 1585.5 1626.0
1545.0 1585.5 1626.0
1545.0 1585.5 1626.0
1545.0 1585.5 1626.0
1545.0 1585.5 1626.0
1545.0 1585.5 1626.0
1545.0 1585.5 1626.0
1545.0 1585.5 1626.0
1545.0 1585.5 1626.0
1545.0 1585.5 1626.0
1545.0 1585.5 1626.0
1545.0 1585.5 1626.0
1545.0 1585.5 1626.0
1545.0 1585.5 1626.0
1545.0 1585.5 1626.0
1626.0 1724.5 1823.0
1626.0 1724.5 1823.0
1626.0 1724.5 1823.0
1626.0 1724.5 1823.0
1626.0 1724.5 1823.0
1626.0 1724.5 1823.0
1626.0 1724.5 1823.0
1626.0 1724.5 1823.0
1626.0 1724.5 1823.0
1626.0 1724.5 1823.0
1626.0 1724.5 1823.0
1626.0 1724.5 1823.0
1626.0 1724.5 1823.0
1626.0 1724.5 1823.0
1626.0 1724.5 1823.0
1626.0 1724.5 1823.0
1561.0 1593.5 1626.0
1561.0 1593.5 1626.0
1561.0 1593.5 1626.0
1561.0 1593.5 1626.0
1561.0 1593.5 1626.0
1561.0 1593.5 1626.0
1561.0 1593.5 1626.0
1561.0 1593.5 1626.0
1561.0 1593.5 1626.0
1561.0 1593.5 1626.0
1561.0 1593.5 1626.0
1561.0 1593.5 1626.0
1561.0 1593.5 1626.0
1561.0 1593.5 1626.0
1561.0 1593.5 1626.0
1561.0 1593.5 1626.0
1561.0 1593.5 1626.0
1561.0 1593.5 1626.0
1561.0 1593.5 1626.0
1561.0 1593.5 1626.0
1561.0 1593.5 1626.0
1561.0 1593.5 1626.0
1561.0 1593.5 1626.0
1561.0 1593.5 1626.0
1561.0 1593.5 1626.0
1561.0 1593.5 1626.0
1561.0 1593.5 1626.0
1561.0 1593.5 1626.0
1561.0 1593.5 1626.0
1561.0 1593.5 1626.0
1561.0 1593.5 1626.0
1561.0 1593.5 1626.0
1561.0 1593.5 1626.0
1561.0 1593.5 1626.0
1561.0 1593.5 1626.0
1561.0 1593.5 1626.0
1561.0 1593.5 1626.0
1561.0 1593.5 1626.0
1561.0 1593.5 1626.0
1561.0 1593.5 1626.0
1561.0 1593.5 1626.0
1561.0 1593.5 1626.0
1561.0 1593.5 1626.0
1561.0 1593.5 1626.0
1561.0 1593.5 1626.0
1561.0 1593.5 1626.0
1561.0 1593.5 1626.0
1561.0 1593.5 1626.0
1561.0 1593.5 1626.0
1561.0 1593.5 1626.0
1561.0 1593.5 1626.0
1561.0 1593.5 1626.0
1561.0 1593.5 1626.0
1561.0 1593.5 1626.0
1561.0 1593.5 1626.0
1561.0 1593.5 1626.0
1561.0 1593.5 1626.0
1561.0 1593.5 1626.0
1561.0 1593.5 1626.0
1561.0 1593.5 1626.0
1561.0 1593.5 1626.0
1561.0 1593.5 1626.0
1561.0 1593.5 1626.0
1561.0 1593.5 1626.0
1561.0 1593.5 1626.0
1561.0 1593.5 1626.0
1561.0 1593.5 1626.0
1561.0 1593.5 1626.0
1561.0 1593.5 1626.0
1561.0 1593.5 1626.0
1561.0 1593.5 1626.0
1561.0 1593.5 1626.0
1561.0 1593.5 1626.0
1561.0 1593.5 1626.0
1561.0 1593.5 1626.0
1561.0 1593.5 1626.0
1561.0 1593.5 1626.0
1561.0 1593.5 1626.0
1561.0 1593.5 1626.0
1561.0 1593.5 1626.0
1561.0 1593.5 1626.0
1561.0 1593.5 1626.0
1561.0 1593.5 1626.0
1561.0 1593.5 1626.0
1561.0 1593.5 1626.0
1561.0 1593.5 1626.0
1561.0 1593.5 1626.0
1561.0 1593.5 1626.0
1561.0 1593.5 1626.0
1561.0 1593.5 1626.0
1561.0 1593.5 1626.0
1561.0 1593.5 1626.0
1561.0 1593.5 1626.0
1561.0 1593.5 1626.0
1561.0 1593.5 1626.0
1561.0 1593.5 1626.0
1561.0 1593.5 1626.0
1561.0 1593.5 1626.0
1561.0 1593.5 1626.0
1561.0 1593.5 1626.0
1561.0 1593.5 1626.0
1561.0 1593.5 1626.0
1561.0 1593.5 1626.0
1561.0 1593.5 1626.0
