12671.0 13870.5 15070.0
9774.0 10221.5 10669.0
7555.0 8733.5 9912.0
5838.0 6660.0 7482.0
5506.0 5672.0 5838.0
3853.0 4488.5 5124.0
3327.0 3964.0 4601.0
2411.0 2709.5 3008.0
2411.0 2605.5 2800.0
2406.0 2408.5 2411.0
2406.0 2408.5 2411.0
2406.0 2408.5 2411.0
2411.0 2462.5 2514.0
2411.0 2462.5 2514.0
1697.0 2054.0 2411.0
1697.0 2054.0 2411.0
1697.0 2054.0 2411.0
1697.0 2054.0 2411.0
1697.0 2054.0 2411.0
1697.0 2054.0 2411.0
1697.0 2054.0 2411.0
1697.0 2054.0 2411.0
1697.0 2072.0 2447.0
1697.0 1783.5 1870.0
1697.0 1783.5 1870.0
1697.0 1783.5 1870.0
1697.0 1783.5 1870.0
1697.0 1783.5 1870.0
1697.0 1783.5 1870.0
1697.0 1783.5 1870.0
1697.0 1783.5 1870.0
1697.0 1783.5 1870.0
1697.0 1783.5 1870.0
1697.0 1783.5 1870.0
1697.0 1783.5 1870.0
1697.0 1783.5 1870.0
1697.0 1783.5 1870.0
1697.0 1783.5 1870.0
1697.0 1783.5 1870.0
1697.0 1783.5 1870.0
1697.0 1783.5 1870.0
1697.0 1783.5 1870.0
1697.0 1783.5 1870.0
1697.0 1783.5 1870.0
1697.0 1783.5 1870.0
1697.0 1783.5 1870.0
1697.0 1783.5 1870.0
1697.0 1783.5 1870.0
1697.0 1783.5 1870.0
1697.0 1783.5 1870.0
1697.0 1783.5 1870.0
1697.0 1783.5 1870.0
1697.0 1783.5 1870.0
1697.0 1783.5 1870.0
1697.0 1783.5 1870.0
1697.0 1783.5 1870.0
1697.0 1783.5 1870.0
1697.0 1783.5 1870.0
1697.0 1783.5 1870.0
1697.0 1783.5 1870.0
1697.0 1783.5 1870.0
1697.0 1783.5 1870.0
1697.0 1783.5 1870.0
1697.0 1783.5 1870.0
1697.0 1783.5 1870.0
1697.0 1783.5 1870.0
1697.0 1783.5 1870.0
1697.0 1783.5 1870.0
1697.0 1783.5 1870.0
1697.0 1783.5 1870.0
1697.0 1783.5 1870.0
1697.0 1783.5 1870.0
1697.0 1783.5 1870.0
1697.0 1783.5 1870.0
1697.0 1783.5 1870.0
1697.0 1783.5 1870.0
1697.0 1783.5 1870.0
1697.0 1783.5 1870.0
1631.0 1664.0 1697.0
1631.0 1664.0 1697.0
1579.0 1638.0 1697.0
1579.0 1638.0 1697.0
1061.0 1379.0 1697.0
1061.0 1379.0 1697.0
1061.0 1379.0 1697.0
1061.0 1379.0 1697.0
1061.0 1379.0 1697.0
1061.0 1379.0 1697.0
1061.0 1379.0 1697.0
1061.0 1379.0 1697.0
1061.0 1379.0 1697.0
1061.0 1379.0 1697.0
1061.0 1379.0 1697.0
1061.0 1379.0 1697.0
1061.0 1379.0 1697.0
1061.0 1379.0 1697.0
1061.0 1379.0 1697.0
1061.0 1379.0 1697.0
1061.0 1379.0 1697.0
1061.0 1379.0 1697.0
1061.0 1379.0 1697.0
1061.0 1379.0 1697.0
1061.0 1379.0 1697.0
1061.0 1379.0 1697.0
1061.0 1379.0 1697.0
1061.0 1379.0 1697.0
1061.0 1379.0 1697.0
1061.0 1379.0 1697.0
1061.0 1379.0 1697.0
1061.0 1379.0 1697.0
1061.0 1379.0 1697.0
1061.0 1379.0 1697.0
1061.0 1379.0 1697.0
1061.0 1379.0 1697.0
1061.0 1379.0 1697.0
1061.0 1379.0 1697.0
1061.0 1379.0 1697.0
1061.0 1379.0 1697.0
1061.0 1379.0 1697.0
1061.0 1379.0 1697.0
1061.0 1379.0 1697.0
1061.0 1379.0 1697.0
1061.0 1379.0 1697.0
1061.0 1379.0 1697.0
1061.0 1379.0 1697.0
1061.0 1379.0 1697.0
1061.0 1379.0 1697.0
1061.0 1379.0 1697.0
1061.0 1379.0 1697.0
1061.0 1379.0 1697.0
1061.0 1379.0 1697.0
1061.0 1379.0 1697.0
1061.0 1379.0 1697.0
1061.0 1379.0 1697.0
1061.0 1379.0 1697.0
1061.0 1379.0 1697.0
1061.0 1379.0 1697.0
1061.0 1379.0 1697.0
1061.0 1379.0 1697.0
1061.0 1379.0 1697.0
1061.0 1379.0 1697.0
1061.0 1379.0 1697.0
1061.0 1379.0 1697.0
1061.0 1379.0 1697.0
1061.0 1379.0 1697.0
1061.0 1379.0 1697.0
1061.0 1379.0 1697.0
1061.0 1379.0 1697.0
1061.0 1379.0 1697.0
1061.0 1379.0 1697.0
1061.0 1379.0 1697.0
1061.0 1379.0 1697.0
1061.0 1379.0 1697.0
1061.0 1379.0 1697.0
1061.0 1379.0 1697.0
1061.0 1379.0 1697.0
1061.0 1379.0 1697.0
1061.0 1379.0 1697.0
1061.0 1379.0 1697.0
1061.0 1379.0 1697.0
1061.0 1379.0 1697.0
1061.0 1379.0 1697.0
1061.0 1379.0 1697.0
1061.0 1379.0 1697.0
1061.0 1379.0 1697.0
1061.0 1379.0 1697.0
1061.0 1379.0 1697.0
1061.0 1379.0 1697.0
1061.0 1379.0 1697.0
1061.0 1379.0 1697.0
1061.0 1379.0 1697.0
1061.0 1379.0 1697.0
1061.0 1379.0 1697.0
1061.0 1379.0 1697.0
1061.0 1379.0 1697.0
1061.0 1379.0 1697.0
1061.0 1379.0 1697.0
1061.0 1379.0 1697.0
1061.0 1379.0 1697.0
1061.0 1379.0 1697.0
1061.0 1379.0 1697.0
1061.0 1379.0 1697.0
1061.0 1379.0 1697.0
1061.0 1379.0 1697.0
1061.0 1379.0 1697.0
1061.0 1379.0 1697.0
1061.0 1379.0 1697.0
1061.0 1379.0 1697.0
1061.0 1379.0 1697.0
1061.0 1379.0 1697.0
1061.0 1379.0 1697.0
1061.0 1379.0 1697.0
1061.0 1379.0 1697.0
1061.0 1379.0 1697.0
1061.0 1379.0 1697.0
1061.0 1379.0 1697.0
1061.0 1379.0 1697.0
1061.0 1379.0 1697.0
1061.0 1379.0 1697.0
1061.0 1379.0 1697.0
