10880.0 12561.0 14242.0
8649.0 10107.5 11566.0
7326.0 8027.5 8729.0
5591.0 6183.5 6776.0
4665.0 5219.0 5773.0
3634.0 3933.5 4233.0
2129.0 2688.5 3248.0
2129.0 2430.0 2731.0
2138.0 2154.0 2170.0
2079.0 2108.5 2138.0
1826.0 1952.5 2079.0
1826.0 1952.5 2079.0
1719.0 1899.0 2079.0
1297.0 1688.0 2079.0
1297.0 1688.0 2079.0
1297.0 1688.0 2079.0
1297.0 1541.0 1785.0
1297.0 1441.0 1585.0
1227.0 1262.0 1297.0
1227.0 1262.0 1297.0
1154.0 1225.5 1297.0
1154.0 1225.5 1297.0
794.0 1045.5 1297.0
640.0 968.5 1297.0
640.0 968.5 1297.0
640.0 968.5 1297.0
640.0 968.5 1297.0
640.0 968.5 1297.0
640.0 968.5 1297.0
640.0 968.5 1297.0
640.0 968.5 1297.0
640.0 968.5 1297.0
640.0 968.5 1297.0
640.0 968.5 1297.0
640.0 968.5 1297.0
640.0 968.5 1297.0
640.0 968.5 1297.0
640.0 968.5 1297.0
640.0 968.5 1297.0
640.0 968.5 1297.0
640.0 968.5 1297.0
640.0 968.5 1297.0
640.0 968.5 1297.0
640.0 968.5 1297.0
640.0 968.5 1297.0
640.0 968.5 1297.0
640.0 968.5 1297.0
640.0 968.5 1297.0
640.0 968.5 1297.0
640.0 968.5 1297.0
640.0 968.5 1297.0
640.0 968.5 1297.0
640.0 968.5 1297.0
640.0 968.5 1297.0
640.0 968.5 1297.0
640.0 968.5 1297.0
640.0 968.5 1297.0
640.0 968.5 1297.0
640.0 968.5 1297.0
640.0 968.5 1297.0
640.0 968.5 1297.0
640.0 968.5 1297.0
640.0 968.5 1297.0
640.0 968.5 1297.0
640.0 968.5 1297.0
640.0 968.5 1297.0
640.0 968.5 1297.0
640.0 968.5 1297.0
640.0 968.5 1297.0
640.0 981.5 1323.0
640.0 981.5 1323.0
640.0 981.5 1323.0
640.0 981.5 1323.0
640.0 981.5 1323.0
640.0 981.5 1323.0
640.0 981.5 1323.0
640.0 981.5 1323.0
640.0 981.5 1323.0
640.0 981.5 1323.0
640.0 981.5 1323.0
640.0 981.5 1323.0
640.0 981.5 1323.0
640.0 981.5 1323.0
640.0 981.5 1323.0
640.0 981.5 1323.0
640.0 981.5 1323.0
640.0 981.5 1323.0
640.0 981.5 1323.0
640.0 981.5 1323.0
640.0 981.5 1323.0
640.0 981.5 1323.0
640.0 981.5 1323.0
640.0 981.5 1323.0
640.0 981.5 1323.0
640.0 981.5 1323.0
640.0 981.5 1323.0
640.0 981.5 1323.0
640.0 981.5 1323.0
640.0 981.5 1323.0
640.0 981.5 1323.0
640.0 981.5 1323.0
640.0 981.5 1323.0
640.0 981.5 1323.0
640.0 981.5 1323.0
640.0 981.5 1323.0
640.0 1131.0 1622.0
640.0 826.0 1012.0
640.0 826.0 1012.0
640.0 826.0 1012.0
640.0 826.0 1012.0
640.0 826.0 1012.0
640.0 826.0 1012.0
640.0 826.0 1012.0
640.0 826.0 1012.0
640.0 826.0 1012.0
640.0 826.0 1012.0
640.0 826.0 1012.0
640.0 826.0 1012.0
640.0 826.0 1012.0
640.0 826.0 1012.0
640.0 826.0 1012.0
640.0 826.0 1012.0
640.0 826.0 1012.0
640.0 826.0 1012.0
640.0 826.0 1012.0
640.0 826.0 1012.0
640.0 826.0 1012.0
640.0 826.0 1012.0
640.0 826.0 1012.0
640.0 826.0 1012.0
640.0 826.0 1012.0
640.0 826.0 1012.0
640.0 826.0 1012.0
640.0 826.0 1012.0
640.0 826.0 1012.0
640.0 826.0 1012.0
640.0 826.0 1012.0
640.0 826.0 1012.0
640.0 826.0 1012.0
640.0 826.0 1012.0
640.0 826.0 1012.0
640.0 826.0 1012.0
640.0 826.0 1012.0
640.0 826.0 1012.0
640.0 826.0 1012.0
640.0 826.0 1012.0
640.0 826.0 1012.0
640.0 826.0 1012.0
640.0 826.0 1012.0
640.0 826.0 1012.0
640.0 826.0 1012.0
640.0 826.0 1012.0
640.0 826.0 1012.0
640.0 826.0 1012.0
640.0 826.0 1012.0
640.0 826.0 1012.0
640.0 826.0 1012.0
640.0 826.0 1012.0
640.0 826.0 1012.0
640.0 826.0 1012.0
640.0 826.0 1012.0
640.0 826.0 1012.0
640.0 826.0 1012.0
640.0 826.0 1012.0
640.0 826.0 1012.0
640.0 826.0 1012.0
640.0 826.0 1012.0
640.0 826.0 1012.0
640.0 826.0 1012.0
640.0 826.0 1012.0
640.0 826.0 1012.0
640.0 826.0 1012.0
640.0 826.0 1012.0
640.0 826.0 1012.0
640.0 826.0 1012.0
640.0 826.0 1012.0
640.0 826.0 1012.0
640.0 826.0 1012.0
640.0 826.0 1012.0
640.0 826.0 1012.0
640.0 826.0 1012.0
640.0 826.0 1012.0
640.0 826.0 1012.0
640.0 826.0 1012.0
640.0 826.0 1012.0
640.0 826.0 1012.0
640.0 826.0 1012.0
640.0 826.0 1012.0
640.0 826.0 1012.0
640.0 826.0 1012.0
640.0 826.0 1012.0
640.0 826.0 1012.0
640.0 826.0 1012.0
640.0 826.0 1012.0
640.0 826.0 1012.0
640.0 826.0 1012.0
640.0 826.0 1012.0
640.0 826.0 1012.0
640.0 826.0 1012.0
640.0 826.0 1012.0
