13715.0 14422.0 15129.0
12305.0 13708.5 15112.0
9249.0 9622.0 9995.0
7800.0 8464.0 9128.0
5590.0 6457.5 7325.0
5590.0 6124.0 6658.0
4412.0 4495.0 4578.0
2700.0 3639.0 4578.0
2700.0 2750.5 2801.0
2700.0 2750.5 2801.0
2648.0 2797.5 2947.0
2118.0 2532.5 2947.0
2118.0 2236.5 2355.0
1617.0 1858.0 2099.0
1617.0 1858.0 2099.0
1196.0 1647.5 2099.0
1196.0 1647.5 2099.0
1272.0 1685.5 2099.0
1272.0 1685.5 2099.0
985.0 1542.0 2099.0
985.0 1542.0 2099.0
985.0 1542.0 2099.0
985.0 1542.0 2099.0
985.0 1542.0 2099.0
985.0 1533.0 2081.0
985.0 1533.0 2081.0
985.0 1533.0 2081.0
985.0 1181.0 1377.0
985.0 1181.0 1377.0
985.0 1181.0 1377.0
985.0 1181.0 1377.0
985.0 1181.0 1377.0
985.0 1181.0 1377.0
985.0 1181.0 1377.0
985.0 1181.0 1377.0
985.0 1181.0 1377.0
985.0 1181.0 1377.0
985.0 1181.0 1377.0
985.0 1181.0 1377.0
985.0 1181.0 1377.0
985.0 1181.0 1377.0
985.0 1181.0 1377.0
985.0 1181.0 1377.0
985.0 1181.0 1377.0
985.0 1181.0 1377.0
985.0 1181.0 1377.0
985.0 1181.0 1377.0
985.0 1181.0 1377.0
985.0 1181.0 1377.0
985.0 1181.0 1377.0
985.0 1181.0 1377.0
985.0 1181.0 1377.0
985.0 1181.0 1377.0
985.0 1181.0 1377.0
985.0 1181.0 1377.0
985.0 1181.0 1377.0
985.0 1181.0 1377.0
985.0 1181.0 1377.0
985.0 1181.0 1377.0
985.0 1181.0 1377.0
985.0 1181.0 1377.0
985.0 1181.0 1377.0
985.0 1181.0 1377.0
985.0 1181.0 1377.0
985.0 1181.0 1377.0
985.0 1181.0 1377.0
985.0 1181.0 1377.0
985.0 1181.0 1377.0
985.0 1181.0 1377.0
985.0 1181.0 1377.0
985.0 1181.0 1377.0
985.0 1181.0 1377.0
985.0 1181.0 1377.0
985.0 1181.0 1377.0
985.0 1181.0 1377.0
985.0 1181.0 1377.0
985.0 1181.0 1377.0
985.0 1181.0 1377.0
985.0 1181.0 1377.0
985.0 1181.0 1377.0
985.0 1181.0 1377.0
985.0 1181.0 1377.0
985.0 1181.0 1377.0
985.0 1181.0 1377.0
985.0 1181.0 1377.0
985.0 1181.0 1377.0
985.0 1181.0 1377.0
985.0 1181.0 1377.0
985.0 1181.0 1377.0
985.0 1181.0 1377.0
985.0 1181.0 1377.0
985.0 1181.0 1377.0
985.0 1181.0 1377.0
985.0 1181.0 1377.0
985.0 1181.0 1377.0
985.0 1181.0 1377.0
985.0 1181.0 1377.0
985.0 1181.0 1377.0
985.0 1181.0 1377.0
985.0 1181.0 1377.0
985.0 1181.0 1377.0
985.0 1181.0 1377.0
985.0 1181.0 1377.0
985.0 1181.0 1377.0
985.0 1181.0 1377.0
985.0 1181.0 1377.0
985.0 1181.0 1377.0
985.0 1181.0 1377.0
985.0 1181.0 1377.0
985.0 1181.0 1377.0
985.0 1181.0 1377.0
985.0 1181.0 1377.0
985.0 1181.0 1377.0
985.0 1181.0 1377.0
985.0 1181.0 1377.0
985.0 1181.0 1377.0
985.0 1181.0 1377.0
985.0 1181.0 1377.0
985.0 1181.0 1377.0
985.0 1181.0 1377.0
985.0 1181.0 1377.0
985.0 1181.0 1377.0
985.0 1181.0 1377.0
985.0 1181.0 1377.0
985.0 1181.0 1377.0
985.0 1181.0 1377.0
985.0 1181.0 1377.0
985.0 1181.0 1377.0
985.0 1181.0 1377.0
985.0 1181.0 1377.0
985.0 1181.0 1377.0
985.0 1181.0 1377.0
985.0 1181.0 1377.0
985.0 1181.0 1377.0
985.0 1181.0 1377.0
985.0 1181.0 1377.0
985.0 1181.0 1377.0
985.0 1181.0 1377.0
985.0 1181.0 1377.0
985.0 1181.0 1377.0
985.0 1181.0 1377.0
985.0 1181.0 1377.0
985.0 1181.0 1377.0
985.0 1181.0 1377.0
985.0 1181.0 1377.0
985.0 1181.0 1377.0
985.0 1181.0 1377.0
985.0 1181.0 1377.0
985.0 1181.0 1377.0
985.0 1181.0 1377.0
985.0 1181.0 1377.0
985.0 1181.0 1377.0
985.0 1181.0 1377.0
985.0 1181.0 1377.0
985.0 1181.0 1377.0
985.0 1181.0 1377.0
985.0 1181.0 1377.0
985.0 1181.0 1377.0
985.0 1181.0 1377.0
985.0 1181.0 1377.0
985.0 1181.0 1377.0
985.0 1181.0 1377.0
985.0 1181.0 1377.0
985.0 1181.0 1377.0
985.0 1181.0 1377.0
985.0 1181.0 1377.0
985.0 1181.0 1377.0
985.0 1181.0 1377.0
985.0 1181.0 1377.0
985.0 1181.0 1377.0
985.0 1181.0 1377.0
985.0 1181.0 1377.0
985.0 1181.0 1377.0
985.0 1181.0 1377.0
985.0 1181.0 1377.0
985.0 1181.0 1377.0
985.0 1181.0 1377.0
985.0 1181.0 1377.0
985.0 1181.0 1377.0
985.0 1181.0 1377.0
985.0 1181.0 1377.0
985.0 1181.0 1377.0
985.0 1181.0 1377.0
985.0 1181.0 1377.0
985.0 1181.0 1377.0
985.0 1181.0 1377.0
985.0 1181.0 1377.0
985.0 1181.0 1377.0
985.0 1181.0 1377.0
985.0 1181.0 1377.0
985.0 1181.0 1377.0
985.0 1181.0 1377.0
985.0 1181.0 1377.0
985.0 1181.0 1377.0
985.0 1181.0 1377.0
985.0 1181.0 1377.0
985.0 1181.0 1377.0
985.0 1181.0 1377.0
985.0 1181.0 1377.0
985.0 1181.0 1377.0
