17525.0 17732.5 17940.0
12028.0 13890.5 15753.0
11558.0 12267.0 12976.0
10478.0 11372.5 12267.0
7595.0 9659.5 11724.0
7595.0 8434.0 9273.0
5572.0 5731.0 5890.0
3736.0 4984.5 6233.0
3621.0 3701.0 3781.0
3621.0 3701.0 3781.0
3377.0 3499.0 3621.0
1842.0 2151.5 2461.0
1842.0 2151.5 2461.0
1842.0 2151.5 2461.0
1842.0 2151.5 2461.0
1842.0 2151.5 2461.0
1842.0 2129.5 2417.0
1842.0 2045.0 2248.0
1842.0 2045.0 2248.0
1842.0 2045.0 2248.0
1842.0 2045.0 2248.0
1842.0 2045.0 2248.0
1990.0 2119.0 2248.0
1990.0 2119.0 2248.0
1990.0 2119.0 2248.0
1990.0 2119.0 2248.0
1990.0 2119.0 2248.0
1990.0 2119.0 2248.0
1990.0 2119.0 2248.0
1990.0 2119.0 2248.0
1990.0 2119.0 2248.0
1990.0 2119.0 2248.0
1990.0 2119.0 2248.0
1990.0 2119.0 2248.0
1990.0 2119.0 2248.0
1990.0 2119.0 2248.0
1990.0 2119.0 2248.0
1990.0 2119.0 2248.0
1990.0 2119.0 2248.0
1494.0 1871.0 2248.0
1418.0 1833.0 2248.0
1418.0 1833.0 2248.0
1418.0 1833.0 2248.0
1418.0 1833.0 2248.0
1418.0 1833.0 2248.0
1418.0 1833.0 2248.0
1418.0 1833.0 2248.0
1418.0 1833.0 2248.0
1418.0 1833.0 2248.0
1418.0 1833.0 2248.0
1418.0 1833.0 2248.0
1418.0 1833.0 2248.0
1418.0 1833.0 2248.0
1418.0 1833.0 2248.0
1418.0 1833.0 2248.0
1418.0 1833.0 2248.0
1418.0 1833.0 2248.0
1418.0 1833.0 2248.0
1418.0 1833.0 2248.0
1418.0 1833.0 2248.0
1418.0 1833.0 2248.0
1418.0 1833.0 2248.0
1418.0 1833.0 2248.0
1418.0 1833.0 2248.0
1418.0 1833.0 2248.0
1418.0 1833.0 2248.0
1418.0 1833.0 2248.0
1418.0 1833.0 2248.0
1418.0 1833.0 2248.0
1418.0 1833.0 2248.0
1418.0 1833.0 2248.0
1418.0 1833.0 2248.0
1418.0 1833.0 2248.0
1418.0 1833.0 2248.0
1418.0 1833.0 2248.0
1418.0 1833.0 2248.0
1418.0 1833.0 2248.0
1418.0 1833.0 2248.0
1418.0 1833.0 2248.0
1418.0 1833.0 2248.0
1418.0 1833.0 2248.0
1418.0 1833.0 2248.0
1418.0 1833.0 2248.0
1418.0 1833.0 2248.0
1418.0 1833.0 2248.0
1418.0 1833.0 2248.0
1418.0 1833.0 2248.0
1418.0 1833.0 2248.0
1418.0 1833.0 2248.0
1418.0 1833.0 2248.0
1418.0 1833.0 2248.0
1418.0 1833.0 2248.0
1418.0 1833.0 2248.0
1418.0 1833.0 2248.0
1418.0 1833.0 2248.0
1418.0 1833.0 2248.0
1418.0 1833.0 2248.0
1418.0 1833.0 2248.0
1418.0 1833.0 2248.0
1418.0 1833.0 2248.0
1418.0 1833.0 2248.0
1418.0 1833.0 2248.0
1418.0 1833.0 2248.0
1418.0 1833.0 2248.0
1418.0 1833.0 2248.0
1418.0 1833.0 2248.0
1418.0 1833.0 2248.0
1418.0 1833.0 2248.0
1418.0 1833.0 2248.0
1418.0 1833.0 2248.0
1418.0 1833.0 2248.0
1418.0 1833.0 2248.0
1418.0 1833.0 2248.0
1418.0 1833.0 2248.0
1418.0 1833.0 2248.0
1418.0 1833.0 2248.0
1418.0 1833.0 2248.0
1418.0 1833.0 2248.0
1418.0 1833.0 2248.0
1418.0 1833.0 2248.0
1418.0 1833.0 2248.0
1418.0 1833.0 2248.0
1418.0 1833.0 2248.0
1418.0 1833.0 2248.0
1418.0 1833.0 2248.0
1418.0 1833.0 2248.0
1418.0 1833.0 2248.0
1418.0 1833.0 2248.0
1418.0 1833.0 2248.0
1418.0 1833.0 2248.0
1418.0 1833.0 2248.0
1418.0 1618.5 1819.0
1418.0 1429.0 1440.0
1418.0 1429.0 1440.0
1418.0 1429.0 1440.0
1418.0 1429.0 1440.0
1418.0 1429.0 1440.0
1418.0 1429.0 1440.0
1418.0 1429.0 1440.0
1418.0 1429.0 1440.0
1418.0 1429.0 1440.0
1418.0 1429.0 1440.0
1418.0 1429.0 1440.0
1418.0 1429.0 1440.0
1418.0 1429.0 1440.0
1418.0 1429.0 1440.0
1418.0 1429.0 1440.0
1418.0 1429.0 1440.0
1418.0 1429.0 1440.0
1418.0 1429.0 1440.0
1418.0 1429.0 1440.0
1418.0 1429.0 1440.0
1418.0 1429.0 1440.0
1418.0 1429.0 1440.0
1418.0 1429.0 1440.0
1418.0 1429.0 1440.0
1418.0 1429.0 1440.0
1418.0 1429.0 1440.0
1418.0 1429.0 1440.0
1418.0 1429.0 1440.0
1418.0 1429.0 1440.0
1418.0 1429.0 1440.0
1418.0 1429.0 1440.0
1418.0 1429.0 1440.0
1418.0 1429.0 1440.0
1418.0 1429.0 1440.0
1418.0 1429.0 1440.0
1418.0 1429.0 1440.0
1418.0 1429.0 1440.0
1418.0 1429.0 1440.0
1418.0 1429.0 1440.0
1418.0 1429.0 1440.0
1418.0 1429.0 1440.0
1418.0 1429.0 1440.0
1418.0 1429.0 1440.0
1418.0 1429.0 1440.0
1418.0 1429.0 1440.0
1418.0 1429.0 1440.0
1418.0 1429.0 1440.0
1418.0 1429.0 1440.0
1418.0 1429.0 1440.0
1418.0 1429.0 1440.0
1418.0 1429.0 1440.0
1418.0 1429.0 1440.0
1418.0 1429.0 1440.0
1418.0 1429.0 1440.0
1418.0 1429.0 1440.0
1418.0 1429.0 1440.0
1418.0 1429.0 1440.0
1418.0 1429.0 1440.0
1418.0 1429.0 1440.0
1418.0 1429.0 1440.0
1418.0 1429.0 1440.0
1418.0 1429.0 1440.0
1418.0 1429.0 1440.0
1418.0 1429.0 1440.0
1418.0 1429.0 1440.0
1418.0 1429.0 1440.0
1418.0 1429.0 1440.0
1418.0 1429.0 1440.0
