10436.0 11195.0 11954.0
7944.0 9286.0 10628.0
6576.0 7027.5 7479.0
4436.0 4741.5 5047.0
3284.0 4485.0 5686.0
2944.0 3123.5 3303.0
2347.0 2881.5 3416.0
1822.0 2135.0 2448.0
1822.0 1966.0 2110.0
1434.0 1540.0 1646.0
1088.0 1261.0 1434.0
1057.0 1245.5 1434.0
1057.0 1245.5 1434.0
1057.0 1245.5 1434.0
1057.0 1245.5 1434.0
1057.0 1245.5 1434.0
1057.0 1245.5 1434.0
1057.0 1245.5 1434.0
1057.0 1245.5 1434.0
1057.0 1245.5 1434.0
1057.0 1245.5 1434.0
1057.0 1245.5 1434.0
1057.0 1245.5 1434.0
1057.0 1245.5 1434.0
1057.0 1245.5 1434.0
1057.0 1245.5 1434.0
1057.0 1245.5 1434.0
1057.0 1245.5 1434.0
1057.0 1245.5 1434.0
1057.0 1245.5 1434.0
1057.0 1245.5 1434.0
1057.0 1245.5 1434.0
1057.0 1245.5 1434.0
1057.0 1245.5 1434.0
1057.0 1245.5 1434.0
1057.0 1245.5 1434.0
1057.0 1245.5 1434.0
1057.0 1245.5 1434.0
1057.0 1245.5 1434.0
1057.0 1245.5 1434.0
1057.0 1245.5 1434.0
1057.0 1245.5 1434.0
1057.0 1245.5 1434.0
1057.0 1245.5 1434.0
1057.0 1245.5 1434.0
1057.0 1245.5 1434.0
1057.0 1245.5 1434.0
1057.0 1245.5 1434.0
1057.0 1245.5 1434.0
1057.0 1245.5 1434.0
1057.0 1245.5 1434.0
1057.0 1245.5 1434.0
1057.0 1245.5 1434.0
1057.0 1245.5 1434.0
1057.0 1245.5 1434.0
1057.0 1245.5 1434.0
1057.0 1245.5 1434.0
1057.0 1245.5 1434.0
1057.0 1245.5 1434.0
1057.0 1245.5 1434.0
1057.0 1245.5 1434.0
1057.0 1245.5 1434.0
1057.0 1245.5 1434.0
1057.0 1245.5 1434.0
1057.0 1085.5 1114.0
1057.0 1085.5 1114.0
1057.0 1085.5 1114.0
1057.0 1085.5 1114.0
1057.0 1085.5 1114.0
1057.0 1085.5 1114.0
1057.0 1085.5 1114.0
1057.0 1085.5 1114.0
1057.0 1085.5 1114.0
1057.0 1085.5 1114.0
1057.0 1085.5 1114.0
1057.0 1085.5 1114.0
1057.0 1085.5 1114.0
1057.0 1085.5 1114.0
1057.0 1085.5 1114.0
1057.0 1085.5 1114.0
1057.0 1085.5 1114.0
1057.0 1085.5 1114.0
1057.0 1085.5 1114.0
1057.0 1085.5 1114.0
1057.0 1085.5 1114.0
1057.0 1085.5 1114.0
1057.0 1085.5 1114.0
1057.0 1085.5 1114.0
1057.0 1085.5 1114.0
1057.0 1085.5 1114.0
1057.0 1085.5 1114.0
1057.0 1085.5 1114.0
1057.0 1085.5 1114.0
1057.0 1085.5 1114.0
1057.0 1085.5 1114.0
1057.0 1085.5 1114.0
1057.0 1085.5 1114.0
1057.0 1085.5 1114.0
1057.0 1085.5 1114.0
1057.0 1085.5 1114.0
1057.0 1085.5 1114.0
1057.0 1085.5 1114.0
1057.0 1085.5 1114.0
1057.0 1085.5 1114.0
1057.0 1085.5 1114.0
1057.0 1085.5 1114.0
1057.0 1085.5 1114.0
1057.0 1085.5 1114.0
1057.0 1085.5 1114.0
1057.0 1085.5 1114.0
1057.0 1085.5 1114.0
1057.0 1085.5 1114.0
1057.0 1085.5 1114.0
1057.0 1085.5 1114.0
1057.0 1085.5 1114.0
1057.0 1085.5 1114.0
1057.0 1085.5 1114.0
1057.0 1085.5 1114.0
1057.0 1085.5 1114.0
1057.0 1085.5 1114.0
1057.0 1085.5 1114.0
1057.0 1085.5 1114.0
1057.0 1085.5 1114.0
1057.0 1085.5 1114.0
1057.0 1085.5 1114.0
1057.0 1085.5 1114.0
1057.0 1085.5 1114.0
1057.0 1085.5 1114.0
1057.0 1085.5 1114.0
1057.0 1085.5 1114.0
1057.0 1085.5 1114.0
1057.0 1085.5 1114.0
1057.0 1085.5 1114.0
1057.0 1085.5 1114.0
1057.0 1085.5 1114.0
1057.0 1085.5 1114.0
1057.0 1085.5 1114.0
1057.0 1085.5 1114.0
1057.0 1085.5 1114.0
1057.0 1085.5 1114.0
1057.0 1085.5 1114.0
1057.0 1085.5 1114.0
1057.0 1085.5 1114.0
1057.0 1085.5 1114.0
1057.0 1085.5 1114.0
1057.0 1085.5 1114.0
1057.0 1085.5 1114.0
1057.0 1085.5 1114.0
1057.0 1085.5 1114.0
1057.0 1085.5 1114.0
1057.0 1085.5 1114.0
1057.0 1085.5 1114.0
1057.0 1085.5 1114.0
1057.0 1085.5 1114.0
1057.0 1085.5 1114.0
1057.0 1085.5 1114.0
1057.0 1085.5 1114.0
1057.0 1085.5 1114.0
1057.0 1085.5 1114.0
1057.0 1085.5 1114.0
1057.0 1085.5 1114.0
1057.0 1085.5 1114.0
1057.0 1085.5 1114.0
1057.0 1085.5 1114.0
1057.0 1085.5 1114.0
1057.0 1085.5 1114.0
1057.0 1085.5 1114.0
1057.0 1085.5 1114.0
1057.0 1085.5 1114.0
1057.0 1085.5 1114.0
1057.0 1085.5 1114.0
1057.0 1085.5 1114.0
1057.0 1085.5 1114.0
1057.0 1085.5 1114.0
1057.0 1085.5 1114.0
1057.0 1085.5 1114.0
1057.0 1085.5 1114.0
1057.0 1085.5 1114.0
1057.0 1085.5 1114.0
1057.0 1085.5 1114.0
1057.0 1085.5 1114.0
1057.0 1085.5 1114.0
1057.0 1085.5 1114.0
1057.0 1085.5 1114.0
1057.0 1085.5 1114.0
1057.0 1085.5 1114.0
1057.0 1085.5 1114.0
1057.0 1085.5 1114.0
1057.0 1085.5 1114.0
1057.0 1085.5 1114.0
1057.0 1085.5 1114.0
1057.0 1085.5 1114.0
1057.0 1085.5 1114.0
1057.0 1085.5 1114.0
1057.0 1085.5 1114.0
1057.0 1085.5 1114.0
1057.0 1085.5 1114.0
1057.0 1085.5 1114.0
1057.0 1085.5 1114.0
1057.0 1085.5 1114.0
