12727.0 15115.5 17504.0
10883.0 12319.5 13756.0
9440.0 10638.5 11837.0
8889.0 9635.5 10382.0
7814.0 8071.5 8329.0
4574.0 6058.0 7542.0
5673.0 6139.0 6605.0
4306.0 5194.5 6083.0
4306.0 4351.5 4397.0
4306.0 4365.0 4424.0
3302.0 3780.5 4259.0
3282.0 3292.0 3302.0
3102.0 3355.5 3609.0
2750.0 2926.0 3102.0
3102.0 3173.0 3244.0
1822.0 2151.0 2480.0
1194.0 1689.5 2185.0
1194.0 1667.5 2141.0
1194.0 1667.5 2141.0
1194.0 1667.5 2141.0
1194.0 1667.5 2141.0
1194.0 1667.5 2141.0
1194.0 1667.5 2141.0
1194.0 1667.5 2141.0
1194.0 1667.5 2141.0
1194.0 1667.5 2141.0
1194.0 1667.5 2141.0
1194.0 1667.5 2141.0
1194.0 1667.5 2141.0
1194.0 1667.5 2141.0
1194.0 1667.5 2141.0
1194.0 1667.5 2141.0
1194.0 1667.5 2141.0
1194.0 1667.5 2141.0
1194.0 1667.5 2141.0
1194.0 1667.5 2141.0
1194.0 1667.5 2141.0
1194.0 1667.5 2141.0
1194.0 1667.5 2141.0
1194.0 1667.5 2141.0
1194.0 1667.5 2141.0
1194.0 1667.5 2141.0
1194.0 1667.5 2141.0
1194.0 1667.5 2141.0
1194.0 1667.5 2141.0
1194.0 1667.5 2141.0
1194.0 1667.5 2141.0
1194.0 1667.5 2141.0
1194.0 1667.5 2141.0
1194.0 1667.5 2141.0
1194.0 1667.5 2141.0
1194.0 1667.5 2141.0
1194.0 1667.5 2141.0
1194.0 1667.5 2141.0
1194.0 1667.5 2141.0
1194.0 1667.5 2141.0
1194.0 1667.5 2141.0
1194.0 1667.5 2141.0
1194.0 1667.5 2141.0
1194.0 1667.5 2141.0
1194.0 1667.5 2141.0
1194.0 1667.5 2141.0
1194.0 1667.5 2141.0
1194.0 1667.5 2141.0
1194.0 1667.5 2141.0
1194.0 1667.5 2141.0
1194.0 1667.5 2141.0
1194.0 1667.5 2141.0
1194.0 1667.5 2141.0
1194.0 1667.5 2141.0
1194.0 1667.5 2141.0
1194.0 1667.5 2141.0
1194.0 1518.0 1842.0
1194.0 1518.0 1842.0
1194.0 1325.5 1457.0
1194.0 1325.5 1457.0
1194.0 1323.5 1453.0
1194.0 1323.5 1453.0
1194.0 1323.5 1453.0
1194.0 1323.5 1453.0
1194.0 1323.5 1453.0
1194.0 1323.5 1453.0
1194.0 1323.5 1453.0
1194.0 1323.5 1453.0
1194.0 1323.5 1453.0
1194.0 1323.5 1453.0
1194.0 1323.5 1453.0
1194.0 1323.5 1453.0
1194.0 1323.5 1453.0
1194.0 1323.5 1453.0
1194.0 1323.5 1453.0
1194.0 1323.5 1453.0
1194.0 1323.5 1453.0
1194.0 1323.5 1453.0
1194.0 1323.5 1453.0
1194.0 1323.5 1453.0
1194.0 1323.5 1453.0
1194.0 1323.5 1453.0
1194.0 1323.5 1453.0
1194.0 1323.5 1453.0
1194.0 1323.5 1453.0
1194.0 1323.5 1453.0
1194.0 1323.5 1453.0
1194.0 1323.5 1453.0
1194.0 1323.5 1453.0
1194.0 1323.5 1453.0
1194.0 1323.5 1453.0
1194.0 1323.5 1453.0
1194.0 1323.5 1453.0
1194.0 1323.5 1453.0
1194.0 1323.5 1453.0
1194.0 1323.5 1453.0
1194.0 1323.5 1453.0
1194.0 1323.5 1453.0
1194.0 1323.5 1453.0
1194.0 1323.5 1453.0
1194.0 1323.5 1453.0
1194.0 1323.5 1453.0
1194.0 1323.5 1453.0
1194.0 1323.5 1453.0
1194.0 1323.5 1453.0
1194.0 1323.5 1453.0
1194.0 1323.5 1453.0
1194.0 1323.5 1453.0
1194.0 1323.5 1453.0
1194.0 1323.5 1453.0
1194.0 1323.5 1453.0
1194.0 1323.5 1453.0
1194.0 1323.5 1453.0
1194.0 1323.5 1453.0
1194.0 1323.5 1453.0
1194.0 1323.5 1453.0
1194.0 1323.5 1453.0
1194.0 1323.5 1453.0
1194.0 1323.5 1453.0
1194.0 1323.5 1453.0
1194.0 1323.5 1453.0
1194.0 1323.5 1453.0
1194.0 1323.5 1453.0
1194.0 1323.5 1453.0
1194.0 1323.5 1453.0
1194.0 1323.5 1453.0
1194.0 1323.5 1453.0
1194.0 1323.5 1453.0
1194.0 1323.5 1453.0
1194.0 1323.5 1453.0
1194.0 1323.5 1453.0
1194.0 1323.5 1453.0
1194.0 1323.5 1453.0
1194.0 1323.5 1453.0
1194.0 1323.5 1453.0
1194.0 1323.5 1453.0
1194.0 1323.5 1453.0
1194.0 1323.5 1453.0
1194.0 1323.5 1453.0
1194.0 1323.5 1453.0
1194.0 1323.5 1453.0
1194.0 1323.5 1453.0
1194.0 1323.5 1453.0
1194.0 1323.5 1453.0
1194.0 1323.5 1453.0
1194.0 1323.5 1453.0
1194.0 1323.5 1453.0
1194.0 1323.5 1453.0
1194.0 1323.5 1453.0
1194.0 1323.5 1453.0
1194.0 1323.5 1453.0
1194.0 1323.5 1453.0
1194.0 1323.5 1453.0
1194.0 1323.5 1453.0
1194.0 1323.5 1453.0
1194.0 1323.5 1453.0
1194.0 1323.5 1453.0
1194.0 1323.5 1453.0
1194.0 1323.5 1453.0
1194.0 1323.5 1453.0
1194.0 1323.5 1453.0
1194.0 1323.5 1453.0
1194.0 1323.5 1453.0
1194.0 1323.5 1453.0
1194.0 1323.5 1453.0
1194.0 1323.5 1453.0
1194.0 1323.5 1453.0
1194.0 1323.5 1453.0
1194.0 1323.5 1453.0
1194.0 1323.5 1453.0
1194.0 1323.5 1453.0
1194.0 1323.5 1453.0
1194.0 1323.5 1453.0
1194.0 1323.5 1453.0
1194.0 1323.5 1453.0
1194.0 1323.5 1453.0
1194.0 1323.5 1453.0
1194.0 1323.5 1453.0
1194.0 1323.5 1453.0
1194.0 1323.5 1453.0
1194.0 1323.5 1453.0
1194.0 1323.5 1453.0
1194.0 1323.5 1453.0
1194.0 1323.5 1453.0
