12347.0 12438.5 12530.0
9804.0 10202.5 10601.0
7259.0 8145.0 9031.0
5312.0 6004.0 6696.0
3578.0 4479.0 5380.0
4436.0 4706.5 4977.0
2104.0 3225.0 4346.0
2104.0 2338.5 2573.0
2058.0 2284.0 2510.0
2058.0 2284.0 2510.0
1096.0 1577.0 2058.0
1096.0 1577.0 2058.0
761.0 1409.5 2058.0
761.0 1409.5 2058.0
761.0 1107.0 1453.0
761.0 789.0 817.0
761.0 789.0 817.0
761.0 789.0 817.0
761.0 789.0 817.0
761.0 789.0 817.0
761.0 789.0 817.0
761.0 789.0 817.0
761.0 789.0 817.0
761.0 789.0 817.0
761.0 789.0 817.0
761.0 789.0 817.0
761.0 789.0 817.0
761.0 789.0 817.0
761.0 789.0 817.0
761.0 789.0 817.0
761.0 789.0 817.0
761.0 789.0 817.0
761.0 789.0 817.0
761.0 789.0 817.0
761.0 789.0 817.0
761.0 789.0 817.0
761.0 789.0 817.0
761.0 789.0 817.0
761.0 789.0 817.0
761.0 789.0 817.0
761.0 789.0 817.0
761.0 789.0 817.0
761.0 789.0 817.0
761.0 789.0 817.0
761.0 789.0 817.0
761.0 789.0 817.0
761.0 789.0 817.0
761.0 789.0 817.0
761.0 789.0 817.0
761.0 789.0 817.0
761.0 789.0 817.0
761.0 789.0 817.0
761.0 789.0 817.0
761.0 789.0 817.0
761.0 789.0 817.0
761.0 789.0 817.0
761.0 789.0 817.0
761.0 789.0 817.0
761.0 789.0 817.0
761.0 789.0 817.0
761.0 789.0 817.0
761.0 789.0 817.0
761.0 789.0 817.0
761.0 789.0 817.0
761.0 789.0 817.0
761.0 789.0 817.0
761.0 789.0 817.0
761.0 789.0 817.0
761.0 789.0 817.0
761.0 789.0 817.0
761.0 789.0 817.0
761.0 789.0 817.0
761.0 789.0 817.0
761.0 789.0 817.0
761.0 789.0 817.0
761.0 789.0 817.0
761.0 789.0 817.0
761.0 789.0 817.0
761.0 789.0 817.0
761.0 789.0 817.0
761.0 789.0 817.0
761.0 789.0 817.0
761.0 789.0 817.0
761.0 789.0 817.0
761.0 789.0 817.0
761.0 789.0 817.0
761.0 789.0 817.0
761.0 789.0 817.0
761.0 789.0 817.0
761.0 789.0 817.0
761.0 789.0 817.0
761.0 789.0 817.0
761.0 789.0 817.0
761.0 789.0 817.0
761.0 789.0 817.0
761.0 789.0 817.0
761.0 789.0 817.0
761.0 789.0 817.0
761.0 789.0 817.0
761.0 789.0 817.0
761.0 789.0 817.0
761.0 789.0 817.0
761.0 789.0 817.0
761.0 789.0 817.0
761.0 789.0 817.0
761.0 789.0 817.0
761.0 789.0 817.0
761.0 789.0 817.0
761.0 789.0 817.0
761.0 789.0 817.0
761.0 789.0 817.0
761.0 789.0 817.0
761.0 789.0 817.0
761.0 789.0 817.0
761.0 789.0 817.0
761.0 789.0 817.0
761.0 789.0 817.0
761.0 789.0 817.0
761.0 789.0 817.0
761.0 789.0 817.0
761.0 789.0 817.0
761.0 789.0 817.0
761.0 789.0 817.0
761.0 789.0 817.0
761.0 789.0 817.0
761.0 789.0 817.0
761.0 789.0 817.0
761.0 789.0 817.0
761.0 789.0 817.0
761.0 789.0 817.0
761.0 789.0 817.0
761.0 789.0 817.0
761.0 789.0 817.0
761.0 789.0 817.0
761.0 789.0 817.0
761.0 789.0 817.0
761.0 789.0 817.0
761.0 789.0 817.0
761.0 789.0 817.0
761.0 789.0 817.0
761.0 789.0 817.0
761.0 789.0 817.0
761.0 789.0 817.0
761.0 789.0 817.0
761.0 789.0 817.0
761.0 789.0 817.0
761.0 789.0 817.0
761.0 789.0 817.0
761.0 789.0 817.0
761.0 789.0 817.0
761.0 789.0 817.0
761.0 789.0 817.0
761.0 789.0 817.0
761.0 789.0 817.0
761.0 789.0 817.0
761.0 789.0 817.0
761.0 789.0 817.0
761.0 789.0 817.0
761.0 789.0 817.0
761.0 789.0 817.0
761.0 789.0 817.0
761.0 789.0 817.0
761.0 789.0 817.0
761.0 789.0 817.0
761.0 789.0 817.0
761.0 789.0 817.0
761.0 789.0 817.0
761.0 789.0 817.0
761.0 789.0 817.0
761.0 789.0 817.0
761.0 789.0 817.0
761.0 789.0 817.0
761.0 789.0 817.0
761.0 789.0 817.0
761.0 789.0 817.0
761.0 789.0 817.0
761.0 789.0 817.0
761.0 789.0 817.0
761.0 789.0 817.0
761.0 789.0 817.0
761.0 789.0 817.0
761.0 789.0 817.0
761.0 789.0 817.0
761.0 789.0 817.0
761.0 789.0 817.0
761.0 789.0 817.0
761.0 789.0 817.0
761.0 789.0 817.0
761.0 789.0 817.0
761.0 789.0 817.0
761.0 789.0 817.0
761.0 789.0 817.0
761.0 789.0 817.0
761.0 789.0 817.0
761.0 789.0 817.0
761.0 789.0 817.0
761.0 789.0 817.0
761.0 789.0 817.0
761.0 789.0 817.0
761.0 789.0 817.0
