11077.0 12187.0 13297.0
8991.0 10368.5 11746.0
7507.0 7840.0 8173.0
6410.0 6500.0 6590.0
4240.0 4949.5 5659.0
3695.0 4360.5 5026.0
2278.0 3127.5 3977.0
2005.0 2141.5 2278.0
2005.0 2061.0 2117.0
1733.0 1869.0 2005.0
1476.0 1683.5 1891.0
1476.0 1477.5 1479.0
1479.0 1526.0 1573.0
1479.0 1526.0 1573.0
1406.0 1489.5 1573.0
1406.0 1489.5 1573.0
1406.0 1489.5 1573.0
1406.0 1489.5 1573.0
1406.0 1489.5 1573.0
1406.0 1489.5 1573.0
1406.0 1489.5 1573.0
1406.0 1489.5 1573.0
1406.0 1489.5 1573.0
1406.0 1489.5 1573.0
1406.0 1489.5 1573.0
1406.0 1489.5 1573.0
1406.0 1489.5 1573.0
1406.0 1489.5 1573.0
1406.0 1489.5 1573.0
1406.0 1489.5 1573.0
1406.0 1489.5 1573.0
1406.0 1489.5 1573.0
1406.0 1489.5 1573.0
1406.0 1489.5 1573.0
1406.0 1489.5 1573.0
1406.0 1489.5 1573.0
1406.0 1489.5 1573.0
1406.0 1489.5 1573.0
1406.0 1489.5 1573.0
1406.0 1489.5 1573.0
1406.0 1489.5 1573.0
1406.0 1489.5 1573.0
1406.0 1489.5 1573.0
1406.0 1489.5 1573.0
1406.0 1489.5 1573.0
1406.0 1489.5 1573.0
1406.0 1489.5 1573.0
1406.0 1489.5 1573.0
1406.0 1489.5 1573.0
1406.0 1489.5 1573.0
1406.0 1489.5 1573.0
1406.0 1489.5 1573.0
1406.0 1489.5 1573.0
1406.0 1489.5 1573.0
1406.0 1489.5 1573.0
1406.0 1489.5 1573.0
1406.0 1489.5 1573.0
1406.0 1489.5 1573.0
1406.0 1489.5 1573.0
1406.0 1489.5 1573.0
1406.0 1489.5 1573.0
1406.0 1489.5 1573.0
1406.0 1489.5 1573.0
1313.0 1443.0 1573.0
1313.0 1443.0 1573.0
1313.0 1443.0 1573.0
1117.0 1345.0 1573.0
1117.0 1345.0 1573.0
1117.0 1345.0 1573.0
1117.0 1345.0 1573.0
1117.0 1345.0 1573.0
1117.0 1345.0 1573.0
1117.0 1345.0 1573.0
1117.0 1345.0 1573.0
1117.0 1345.0 1573.0
1117.0 1345.0 1573.0
1117.0 1345.0 1573.0
1117.0 1345.0 1573.0
1117.0 1345.0 1573.0
1117.0 1345.0 1573.0
1117.0 1345.0 1573.0
1117.0 1345.0 1573.0
1117.0 1345.0 1573.0
1117.0 1345.0 1573.0
1117.0 1345.0 1573.0
1117.0 1345.0 1573.0
1117.0 1345.0 1573.0
1117.0 1215.0 1313.0
1117.0 1215.0 1313.0
1117.0 1215.0 1313.0
1117.0 1215.0 1313.0
1117.0 1215.0 1313.0
1117.0 1215.0 1313.0
1117.0 1215.0 1313.0
1217.0 1265.0 1313.0
1217.0 1265.0 1313.0
1038.0 1175.5 1313.0
1038.0 1175.5 1313.0
1038.0 1175.5 1313.0
1038.0 1175.5 1313.0
1038.0 1175.5 1313.0
1038.0 1175.5 1313.0
1038.0 1175.5 1313.0
1038.0 1175.5 1313.0
1038.0 1175.5 1313.0
1038.0 1175.5 1313.0
1038.0 1175.5 1313.0
1038.0 1175.5 1313.0
1038.0 1175.5 1313.0
1038.0 1175.5 1313.0
1038.0 1100.5 1163.0
1038.0 1100.5 1163.0
1038.0 1100.5 1163.0
1038.0 1100.5 1163.0
1038.0 1100.5 1163.0
1038.0 1100.5 1163.0
1038.0 1100.5 1163.0
1038.0 1100.5 1163.0
1038.0 1100.5 1163.0
1038.0 1100.5 1163.0
1038.0 1100.5 1163.0
1038.0 1100.5 1163.0
1038.0 1100.5 1163.0
1038.0 1100.5 1163.0
1038.0 1100.5 1163.0
1038.0 1100.5 1163.0
1038.0 1100.5 1163.0
1038.0 1100.5 1163.0
1038.0 1100.5 1163.0
1038.0 1100.5 1163.0
1038.0 1100.5 1163.0
1038.0 1100.5 1163.0
1038.0 1100.5 1163.0
1038.0 1100.5 1163.0
1038.0 1100.5 1163.0
1038.0 1100.5 1163.0
1038.0 1100.5 1163.0
1038.0 1100.5 1163.0
1038.0 1100.5 1163.0
1038.0 1100.5 1163.0
1038.0 1100.5 1163.0
1038.0 1100.5 1163.0
1038.0 1100.5 1163.0
1038.0 1100.5 1163.0
1038.0 1100.5 1163.0
1038.0 1100.5 1163.0
1038.0 1100.5 1163.0
1038.0 1100.5 1163.0
1038.0 1100.5 1163.0
1038.0 1100.5 1163.0
1038.0 1100.5 1163.0
1038.0 1100.5 1163.0
1038.0 1100.5 1163.0
1038.0 1100.5 1163.0
1038.0 1100.5 1163.0
1038.0 1100.5 1163.0
1038.0 1100.5 1163.0
1038.0 1100.5 1163.0
1038.0 1100.5 1163.0
1038.0 1100.5 1163.0
1038.0 1100.5 1163.0
1038.0 1100.5 1163.0
1038.0 1100.5 1163.0
1038.0 1100.5 1163.0
1038.0 1100.5 1163.0
1038.0 1100.5 1163.0
1038.0 1100.5 1163.0
1038.0 1100.5 1163.0
1038.0 1100.5 1163.0
1038.0 1100.5 1163.0
1038.0 1100.5 1163.0
1038.0 1100.5 1163.0
1038.0 1100.5 1163.0
1038.0 1100.5 1163.0
1038.0 1100.5 1163.0
1038.0 1100.5 1163.0
1038.0 1100.5 1163.0
1038.0 1100.5 1163.0
1038.0 1100.5 1163.0
1038.0 1100.5 1163.0
1038.0 1100.5 1163.0
1038.0 1100.5 1163.0
1038.0 1100.5 1163.0
1038.0 1100.5 1163.0
1038.0 1100.5 1163.0
1038.0 1100.5 1163.0
1038.0 1100.5 1163.0
1038.0 1100.5 1163.0
1038.0 1100.5 1163.0
1038.0 1100.5 1163.0
1038.0 1100.5 1163.0
1038.0 1100.5 1163.0
1038.0 1100.5 1163.0
1038.0 1100.5 1163.0
1038.0 1100.5 1163.0
1038.0 1100.5 1163.0
1038.0 1100.5 1163.0
1038.0 1100.5 1163.0
1038.0 1100.5 1163.0
1038.0 1100.5 1163.0
