14183.0 17052.5 19922.0
12190.0 15311.5 18433.0
10456.0 11074.5 11693.0
10405.0 10974.5 11544.0
7128.0 8048.0 8968.0
5793.0 6883.5 7974.0
4855.0 5417.0 5979.0
5083.0 5159.0 5235.0
3807.0 4386.5 4966.0
3400.0 3603.5 3807.0
1953.0 2880.0 3807.0
1953.0 2842.0 3731.0
1953.0 2152.0 2351.0
1953.0 2152.0 2351.0
1953.0 2152.0 2351.0
1953.0 2152.0 2351.0
1953.0 2152.0 2351.0
1953.0 2152.0 2351.0
1953.0 2152.0 2351.0
1953.0 2152.0 2351.0
1953.0 2152.0 2351.0
1953.0 2152.0 2351.0
1953.0 2152.0 2351.0
1953.0 2152.0 2351.0
1953.0 2152.0 2351.0
1953.0 2286.5 2620.0
1450.0 1904.5 2359.0
1450.0 1904.5 2359.0
1450.0 1904.5 2359.0
1450.0 1904.5 2359.0
1450.0 1904.5 2359.0
1450.0 1904.5 2359.0
1450.0 1904.5 2359.0
1450.0 1904.5 2359.0
1450.0 1904.5 2359.0
1450.0 1904.5 2359.0
1450.0 1904.5 2359.0
1450.0 1904.5 2359.0
1450.0 1904.5 2359.0
1450.0 1904.5 2359.0
1450.0 1904.5 2359.0
1450.0 1904.5 2359.0
1450.0 1904.5 2359.0
1450.0 1904.5 2359.0
1450.0 1904.5 2359.0
1450.0 1904.5 2359.0
1450.0 1904.5 2359.0
1450.0 1904.5 2359.0
1450.0 1904.5 2359.0
1450.0 1904.5 2359.0
1450.0 1904.5 2359.0
1450.0 1904.5 2359.0
1450.0 1904.5 2359.0
1450.0 1904.5 2359.0
1450.0 1904.5 2359.0
1450.0 1904.5 2359.0
1450.0 1904.5 2359.0
1450.0 1904.5 2359.0
1450.0 1904.5 2359.0
1450.0 1904.5 2359.0
1450.0 1904.5 2359.0
1450.0 1904.5 2359.0
1450.0 1904.5 2359.0
1450.0 1904.5 2359.0
1450.0 1904.5 2359.0
1450.0 1904.5 2359.0
1450.0 1904.5 2359.0
1450.0 1904.5 2359.0
1450.0 1904.5 2359.0
1450.0 1904.5 2359.0
1450.0 1904.5 2359.0
1450.0 1904.5 2359.0
1450.0 1904.5 2359.0
1450.0 1904.5 2359.0
1450.0 1904.5 2359.0
1450.0 1904.5 2359.0
1450.0 1904.5 2359.0
1450.0 1904.5 2359.0
1450.0 1904.5 2359.0
1450.0 1904.5 2359.0
1450.0 1904.5 2359.0
1450.0 1904.5 2359.0
1450.0 1904.5 2359.0
1450.0 1904.5 2359.0
1450.0 1904.5 2359.0
1450.0 1904.5 2359.0
1450.0 1904.5 2359.0
1450.0 1904.5 2359.0
1450.0 1904.5 2359.0
1450.0 1904.5 2359.0
1450.0 1904.5 2359.0
1450.0 1904.5 2359.0
1450.0 1904.5 2359.0
1450.0 1904.5 2359.0
1450.0 1904.5 2359.0
1450.0 1904.5 2359.0
1450.0 1904.5 2359.0
1450.0 1904.5 2359.0
1450.0 1904.5 2359.0
1450.0 1904.5 2359.0
1450.0 1904.5 2359.0
1450.0 1904.5 2359.0
1450.0 1904.5 2359.0
1450.0 1904.5 2359.0
1450.0 1904.5 2359.0
1450.0 1904.5 2359.0
1450.0 1904.5 2359.0
1450.0 1904.5 2359.0
1450.0 1904.5 2359.0
1450.0 1648.0 1846.0
1416.0 1433.0 1450.0
1416.0 1433.0 1450.0
1416.0 1433.0 1450.0
1416.0 1433.0 1450.0
1416.0 1433.0 1450.0
1416.0 1433.0 1450.0
1416.0 1433.0 1450.0
1416.0 1433.0 1450.0
1416.0 1433.0 1450.0
1416.0 1433.0 1450.0
1416.0 1433.0 1450.0
1416.0 1433.0 1450.0
1416.0 1433.0 1450.0
1416.0 1433.0 1450.0
1416.0 1433.0 1450.0
1416.0 1433.0 1450.0
1416.0 1433.0 1450.0
1416.0 1433.0 1450.0
1416.0 1433.0 1450.0
1416.0 1433.0 1450.0
1416.0 1433.0 1450.0
1416.0 1433.0 1450.0
1416.0 1433.0 1450.0
1416.0 1433.0 1450.0
1416.0 1433.0 1450.0
1416.0 1433.0 1450.0
1416.0 1433.0 1450.0
1416.0 1433.0 1450.0
1416.0 1433.0 1450.0
1416.0 1433.0 1450.0
1416.0 1433.0 1450.0
1416.0 1433.0 1450.0
1416.0 1433.0 1450.0
1416.0 1433.0 1450.0
1416.0 1433.0 1450.0
1416.0 1433.0 1450.0
1416.0 1433.0 1450.0
1416.0 1433.0 1450.0
1416.0 1433.0 1450.0
1416.0 1433.0 1450.0
1416.0 1433.0 1450.0
1416.0 1433.0 1450.0
1416.0 1433.0 1450.0
1416.0 1433.0 1450.0
1416.0 1433.0 1450.0
1416.0 1433.0 1450.0
1416.0 1433.0 1450.0
1416.0 1433.0 1450.0
1416.0 1433.0 1450.0
1416.0 1433.0 1450.0
1416.0 1433.0 1450.0
1416.0 1433.0 1450.0
1416.0 1433.0 1450.0
1416.0 1433.0 1450.0
1416.0 1433.0 1450.0
1416.0 1433.0 1450.0
1416.0 1433.0 1450.0
1416.0 1433.0 1450.0
1416.0 1433.0 1450.0
1416.0 1433.0 1450.0
1416.0 1433.0 1450.0
1416.0 1433.0 1450.0
1416.0 1433.0 1450.0
1416.0 1433.0 1450.0
1416.0 1433.0 1450.0
1416.0 1433.0 1450.0
1416.0 1433.0 1450.0
1416.0 1433.0 1450.0
1416.0 1433.0 1450.0
1416.0 1433.0 1450.0
1416.0 1433.0 1450.0
1416.0 1433.0 1450.0
1416.0 1433.0 1450.0
1416.0 1433.0 1450.0
1416.0 1433.0 1450.0
1416.0 1433.0 1450.0
1416.0 1433.0 1450.0
1416.0 1433.0 1450.0
1416.0 1433.0 1450.0
1416.0 1433.0 1450.0
1416.0 1433.0 1450.0
1416.0 1433.0 1450.0
1416.0 1433.0 1450.0
1416.0 1433.0 1450.0
1416.0 1433.0 1450.0
1416.0 1433.0 1450.0
1416.0 1433.0 1450.0
1416.0 1433.0 1450.0
1416.0 1433.0 1450.0
1416.0 1433.0 1450.0
