12603.0 13619.5 14636.0
10813.0 10896.5 10980.0
9378.0 9897.5 10417.0
7666.0 8225.5 8785.0
5673.0 5754.5 5836.0
4024.0 5132.5 6241.0
4024.0 4185.5 4347.0
3363.0 3855.0 4347.0
3084.0 3715.5 4347.0
3084.0 3715.5 4347.0
3084.0 3167.0 3250.0
2842.0 3268.5 3695.0
2842.0 3268.5 3695.0
2842.0 3268.5 3695.0
2842.0 3268.5 3695.0
2842.0 3268.5 3695.0
2842.0 3268.5 3695.0
2842.0 3268.5 3695.0
2842.0 3268.5 3695.0
2661.0 2751.5 2842.0
2661.0 2751.5 2842.0
2661.0 2780.5 2900.0
2661.0 2780.5 2900.0
2661.0 2780.5 2900.0
2661.0 2780.5 2900.0
2661.0 2780.5 2900.0
2661.0 2780.5 2900.0
2661.0 2780.5 2900.0
2101.0 2381.0 2661.0
1245.0 1953.0 2661.0
1245.0 1953.0 2661.0
1245.0 1953.0 2661.0
1245.0 1953.0 2661.0
1245.0 1953.0 2661.0
1245.0 1953.0 2661.0
1245.0 1953.0 2661.0
1245.0 1953.0 2661.0
1245.0 1953.0 2661.0
1245.0 1953.0 2661.0
1245.0 1953.0 2661.0
1245.0 1953.0 2661.0
1245.0 2020.0 2795.0
1245.0 1844.0 2443.0
1245.0 1844.0 2443.0
1245.0 1844.0 2443.0
1245.0 1844.0 2443.0
1245.0 1844.0 2443.0
1245.0 1844.0 2443.0
1245.0 1566.0 1887.0
1245.0 1529.0 1813.0
1245.0 1529.0 1813.0
1245.0 1529.0 1813.0
1245.0 1529.0 1813.0
1245.0 1529.0 1813.0
1245.0 1529.0 1813.0
1245.0 1529.0 1813.0
1245.0 1529.0 1813.0
1245.0 1529.0 1813.0
1245.0 1529.0 1813.0
1245.0 1529.0 1813.0
1245.0 1529.0 1813.0
1245.0 1529.0 1813.0
1245.0 1529.0 1813.0
1245.0 1529.0 1813.0
1245.0 1529.0 1813.0
1245.0 1529.0 1813.0
1245.0 1529.0 1813.0
1245.0 1529.0 1813.0
1245.0 1529.0 1813.0
1245.0 1529.0 1813.0
1245.0 1529.0 1813.0
1245.0 1529.0 1813.0
1245.0 1529.0 1813.0
1245.0 1529.0 1813.0
1245.0 1529.0 1813.0
1245.0 1529.0 1813.0
1245.0 1529.0 1813.0
1245.0 1529.0 1813.0
1245.0 1529.0 1813.0
1245.0 1529.0 1813.0
1245.0 1529.0 1813.0
1245.0 1529.0 1813.0
1245.0 1529.0 1813.0
1245.0 1529.0 1813.0
1245.0 1529.0 1813.0
1245.0 1529.0 1813.0
1245.0 1529.0 1813.0
1245.0 1529.0 1813.0
1245.0 1529.0 1813.0
1245.0 1529.0 1813.0
1245.0 1529.0 1813.0
1245.0 1529.0 1813.0
1245.0 1529.0 1813.0
1245.0 1529.0 1813.0
1245.0 1529.0 1813.0
1245.0 1529.0 1813.0
1245.0 1529.0 1813.0
1245.0 1529.0 1813.0
1245.0 1529.0 1813.0
1245.0 1529.0 1813.0
1245.0 1529.0 1813.0
1245.0 1529.0 1813.0
1245.0 1529.0 1813.0
1245.0 1529.0 1813.0
1245.0 1529.0 1813.0
1245.0 1529.0 1813.0
1245.0 1529.0 1813.0
1245.0 1529.0 1813.0
1245.0 1529.0 1813.0
1245.0 1529.0 1813.0
1245.0 1529.0 1813.0
1245.0 1529.0 1813.0
1245.0 1529.0 1813.0
1245.0 1529.0 1813.0
1245.0 1529.0 1813.0
1245.0 1529.0 1813.0
1245.0 1529.0 1813.0
1245.0 1529.0 1813.0
1245.0 1529.0 1813.0
1245.0 1529.0 1813.0
1245.0 1529.0 1813.0
1245.0 1529.0 1813.0
1245.0 1529.0 1813.0
1245.0 1529.0 1813.0
1245.0 1529.0 1813.0
1245.0 1529.0 1813.0
1245.0 1529.0 1813.0
1245.0 1529.0 1813.0
1245.0 1529.0 1813.0
1245.0 1529.0 1813.0
1245.0 1529.0 1813.0
1245.0 1529.0 1813.0
1245.0 1529.0 1813.0
1245.0 1529.0 1813.0
1245.0 1529.0 1813.0
1245.0 1529.0 1813.0
1245.0 1529.0 1813.0
1245.0 1529.0 1813.0
1245.0 1529.0 1813.0
1245.0 1529.0 1813.0
1245.0 1529.0 1813.0
1245.0 1529.0 1813.0
1245.0 1529.0 1813.0
1245.0 1529.0 1813.0
1245.0 1529.0 1813.0
1245.0 1529.0 1813.0
1245.0 1529.0 1813.0
1245.0 1529.0 1813.0
1245.0 1529.0 1813.0
1245.0 1529.0 1813.0
1245.0 1529.0 1813.0
1245.0 1529.0 1813.0
1245.0 1529.0 1813.0
1245.0 1529.0 1813.0
1245.0 1529.0 1813.0
1245.0 1529.0 1813.0
1245.0 1529.0 1813.0
1245.0 1529.0 1813.0
1245.0 1529.0 1813.0
1245.0 1529.0 1813.0
1245.0 1529.0 1813.0
1245.0 1529.0 1813.0
1245.0 1529.0 1813.0
1245.0 1529.0 1813.0
1245.0 1529.0 1813.0
1245.0 1529.0 1813.0
1245.0 1529.0 1813.0
1245.0 1529.0 1813.0
1245.0 1529.0 1813.0
1245.0 1529.0 1813.0
1245.0 1529.0 1813.0
1245.0 1529.0 1813.0
1245.0 1529.0 1813.0
1245.0 1529.0 1813.0
1245.0 1529.0 1813.0
1245.0 1529.0 1813.0
1245.0 1529.0 1813.0
1245.0 1529.0 1813.0
1245.0 1529.0 1813.0
1245.0 1529.0 1813.0
1245.0 1529.0 1813.0
1245.0 1529.0 1813.0
1245.0 1529.0 1813.0
1245.0 1529.0 1813.0
1245.0 1529.0 1813.0
1245.0 1529.0 1813.0
1245.0 1529.0 1813.0
1245.0 1529.0 1813.0
1245.0 1529.0 1813.0
1245.0 1529.0 1813.0
1245.0 1529.0 1813.0
1245.0 1529.0 1813.0
1245.0 1529.0 1813.0
1245.0 1529.0 1813.0
1245.0 1529.0 1813.0
1245.0 1529.0 1813.0
1245.0 1529.0 1813.0
1245.0 1529.0 1813.0
1245.0 1529.0 1813.0
1245.0 1529.0 1813.0
