13426.0 13471.0 13516.0
11316.0 11335.0 11354.0
9559.0 10265.5 10972.0
6256.0 6399.5 6543.0
5079.0 5496.5 5914.0
4172.0 4828.0 5484.0
3048.0 4157.0 5266.0
3048.0 3926.5 4805.0
3048.0 3420.5 3793.0
2240.0 2419.0 2598.0
1883.0 2258.5 2634.0
1883.0 2262.0 2641.0
1883.0 2057.5 2232.0
1883.0 2104.5 2326.0
1569.0 1726.0 1883.0
1569.0 1726.0 1883.0
1569.0 1726.0 1883.0
1569.0 1726.0 1883.0
1569.0 1771.5 1974.0
1569.0 1771.5 1974.0
1569.0 1771.5 1974.0
1802.0 1888.0 1974.0
1337.0 1655.5 1974.0
1337.0 1655.5 1974.0
1337.0 1655.5 1974.0
1337.0 1655.5 1974.0
1337.0 1655.5 1974.0
1337.0 1421.0 1505.0
1337.0 1470.5 1604.0
1337.0 1470.5 1604.0
1337.0 1421.0 1505.0
1337.0 1519.5 1702.0
1337.0 1519.5 1702.0
1337.0 1519.5 1702.0
1337.0 1519.5 1702.0
1337.0 1519.5 1702.0
1337.0 1519.5 1702.0
1337.0 1519.5 1702.0
1337.0 1519.5 1702.0
1337.0 1519.5 1702.0
1337.0 1519.5 1702.0
1337.0 1519.5 1702.0
1337.0 1519.5 1702.0
1186.0 1444.0 1702.0
1186.0 1444.0 1702.0
1186.0 1444.0 1702.0
1186.0 1444.0 1702.0
1186.0 1444.0 1702.0
1186.0 1444.0 1702.0
1186.0 1444.0 1702.0
1186.0 1444.0 1702.0
1186.0 1444.0 1702.0
1186.0 1444.0 1702.0
1186.0 1444.0 1702.0
1186.0 1444.0 1702.0
1186.0 1444.0 1702.0
1186.0 1444.0 1702.0
1186.0 1444.0 1702.0
1186.0 1444.0 1702.0
1186.0 1444.0 1702.0
1186.0 1444.0 1702.0
1186.0 1444.0 1702.0
1186.0 1444.0 1702.0
1186.0 1444.0 1702.0
1186.0 1444.0 1702.0
1186.0 1444.0 1702.0
1186.0 1444.0 1702.0
1186.0 1444.0 1702.0
1186.0 1444.0 1702.0
1186.0 1444.0 1702.0
1186.0 1444.0 1702.0
1186.0 1444.0 1702.0
1186.0 1444.0 1702.0
1186.0 1444.0 1702.0
1186.0 1444.0 1702.0
1186.0 1444.0 1702.0
1186.0 1444.0 1702.0
1186.0 1444.0 1702.0
1186.0 1444.0 1702.0
1186.0 1444.0 1702.0
1186.0 1444.0 1702.0
1186.0 1444.0 1702.0
1186.0 1444.0 1702.0
1186.0 1444.0 1702.0
1186.0 1444.0 1702.0
1186.0 1444.0 1702.0
1186.0 1444.0 1702.0
1186.0 1444.0 1702.0
1186.0 1444.0 1702.0
1186.0 1444.0 1702.0
1186.0 1444.0 1702.0
1186.0 1444.0 1702.0
1186.0 1444.0 1702.0
1186.0 1444.0 1702.0
1186.0 1444.0 1702.0
1186.0 1444.0 1702.0
1186.0 1444.0 1702.0
1186.0 1444.0 1702.0
1186.0 1444.0 1702.0
1186.0 1444.0 1702.0
1186.0 1444.0 1702.0
1186.0 1444.0 1702.0
1186.0 1444.0 1702.0
1186.0 1444.0 1702.0
1186.0 1444.0 1702.0
1186.0 1444.0 1702.0
1186.0 1444.0 1702.0
1186.0 1444.0 1702.0
1186.0 1444.0 1702.0
1186.0 1444.0 1702.0
1186.0 1444.0 1702.0
1186.0 1444.0 1702.0
1186.0 1444.0 1702.0
1186.0 1444.0 1702.0
1186.0 1444.0 1702.0
1186.0 1444.0 1702.0
1186.0 1444.0 1702.0
1186.0 1444.0 1702.0
1186.0 1444.0 1702.0
1186.0 1444.0 1702.0
1186.0 1444.0 1702.0
1186.0 1444.0 1702.0
1186.0 1444.0 1702.0
1186.0 1444.0 1702.0
1186.0 1444.0 1702.0
1186.0 1444.0 1702.0
1186.0 1444.0 1702.0
1186.0 1444.0 1702.0
1186.0 1444.0 1702.0
1186.0 1444.0 1702.0
1186.0 1444.0 1702.0
1186.0 1444.0 1702.0
1186.0 1444.0 1702.0
1186.0 1444.0 1702.0
1186.0 1444.0 1702.0
1186.0 1444.0 1702.0
1186.0 1444.0 1702.0
1186.0 1444.0 1702.0
1186.0 1444.0 1702.0
1186.0 1444.0 1702.0
1186.0 1444.0 1702.0
1186.0 1444.0 1702.0
1186.0 1444.0 1702.0
1186.0 1444.0 1702.0
1186.0 1444.0 1702.0
1186.0 1444.0 1702.0
1186.0 1444.0 1702.0
1186.0 1444.0 1702.0
1186.0 1444.0 1702.0
1186.0 1444.0 1702.0
1186.0 1444.0 1702.0
1186.0 1444.0 1702.0
1186.0 1444.0 1702.0
1186.0 1444.0 1702.0
1186.0 1444.0 1702.0
1186.0 1444.0 1702.0
1186.0 1444.0 1702.0
1186.0 1444.0 1702.0
1186.0 1444.0 1702.0
1186.0 1444.0 1702.0
1186.0 1444.0 1702.0
1186.0 1444.0 1702.0
1186.0 1444.0 1702.0
1186.0 1444.0 1702.0
1186.0 1444.0 1702.0
1186.0 1444.0 1702.0
1186.0 1444.0 1702.0
1186.0 1444.0 1702.0
1186.0 1444.0 1702.0
1186.0 1444.0 1702.0
1186.0 1444.0 1702.0
1186.0 1444.0 1702.0
1186.0 1444.0 1702.0
1186.0 1444.0 1702.0
1186.0 1444.0 1702.0
1186.0 1444.0 1702.0
1186.0 1444.0 1702.0
1186.0 1444.0 1702.0
1186.0 1444.0 1702.0
1186.0 1444.0 1702.0
1186.0 1444.0 1702.0
1186.0 1444.0 1702.0
1186.0 1444.0 1702.0
1186.0 1444.0 1702.0
1186.0 1444.0 1702.0
1186.0 1444.0 1702.0
1186.0 1444.0 1702.0
1186.0 1444.0 1702.0
1186.0 1444.0 1702.0
1186.0 1444.0 1702.0
1186.0 1444.0 1702.0
1186.0 1444.0 1702.0
1186.0 1444.0 1702.0
1186.0 1444.0 1702.0
1186.0 1444.0 1702.0
1186.0 1444.0 1702.0
1186.0 1444.0 1702.0
1186.0 1444.0 1702.0
1186.0 1444.0 1702.0
1186.0 1444.0 1702.0
