10462.0 12495.0 14528.0
10720.0 11545.5 12371.0
8307.0 8888.0 9469.0
6640.0 7877.5 9115.0
5855.0 6092.0 6329.0
3114.0 3544.5 3975.0
3114.0 3248.5 3383.0
2608.0 2861.0 3114.0
2412.0 2576.0 2740.0
1482.0 1668.0 1854.0
1482.0 1668.0 1854.0
1482.0 1668.0 1854.0
1482.0 1668.0 1854.0
1482.0 1668.0 1854.0
1482.0 1547.5 1613.0
1482.0 1609.0 1736.0
1482.0 1507.0 1532.0
1482.0 1507.0 1532.0
1482.0 1507.0 1532.0
1482.0 1507.0 1532.0
1482.0 1507.0 1532.0
1482.0 1507.0 1532.0
1482.0 1507.0 1532.0
1482.0 1507.0 1532.0
1482.0 1507.0 1532.0
1482.0 1507.0 1532.0
1482.0 1507.0 1532.0
1482.0 1507.0 1532.0
1482.0 1507.0 1532.0
1482.0 1507.0 1532.0
1482.0 1507.0 1532.0
1482.0 1507.0 1532.0
1482.0 1507.0 1532.0
1482.0 1507.0 1532.0
1482.0 1507.0 1532.0
1482.0 1507.0 1532.0
1482.0 1507.0 1532.0
1482.0 1507.0 1532.0
1482.0 1507.0 1532.0
1482.0 1507.0 1532.0
1482.0 1507.0 1532.0
1482.0 1507.0 1532.0
1482.0 1507.0 1532.0
1482.0 1507.0 1532.0
1482.0 1507.0 1532.0
1482.0 1507.0 1532.0
1482.0 1507.0 1532.0
1482.0 1507.0 1532.0
1482.0 1507.0 1532.0
1482.0 1507.0 1532.0
1482.0 1507.0 1532.0
1482.0 1507.0 1532.0
1482.0 1507.0 1532.0
1482.0 1507.0 1532.0
1482.0 1507.0 1532.0
1482.0 1507.0 1532.0
1482.0 1507.0 1532.0
1482.0 1507.0 1532.0
1482.0 1507.0 1532.0
1482.0 1507.0 1532.0
1482.0 1507.0 1532.0
1482.0 1507.0 1532.0
1482.0 1507.0 1532.0
1482.0 1507.0 1532.0
1482.0 1507.0 1532.0
1482.0 1507.0 1532.0
1482.0 1507.0 1532.0
1482.0 1507.0 1532.0
1482.0 1507.0 1532.0
1482.0 1507.0 1532.0
1482.0 1507.0 1532.0
1482.0 1507.0 1532.0
1482.0 1507.0 1532.0
1482.0 1507.0 1532.0
1482.0 1507.0 1532.0
1482.0 1507.0 1532.0
1482.0 1507.0 1532.0
1482.0 1507.0 1532.0
1482.0 1507.0 1532.0
1482.0 1507.0 1532.0
1482.0 1507.0 1532.0
1482.0 1507.0 1532.0
1482.0 1507.0 1532.0
1482.0 1507.0 1532.0
1482.0 1507.0 1532.0
1482.0 1507.0 1532.0
1482.0 1507.0 1532.0
1482.0 1507.0 1532.0
1116.0 1299.0 1482.0
1116.0 1299.0 1482.0
1116.0 1299.0 1482.0
1116.0 1299.0 1482.0
1116.0 1299.0 1482.0
1116.0 1299.0 1482.0
1116.0 1299.0 1482.0
1116.0 1299.0 1482.0
1116.0 1299.0 1482.0
1116.0 1299.0 1482.0
1116.0 1299.0 1482.0
1116.0 1299.0 1482.0
1116.0 1299.0 1482.0
1116.0 1299.0 1482.0
1116.0 1299.0 1482.0
1116.0 1299.0 1482.0
1116.0 1299.0 1482.0
1116.0 1299.0 1482.0
1116.0 1299.0 1482.0
1116.0 1299.0 1482.0
1116.0 1299.0 1482.0
1116.0 1299.0 1482.0
1116.0 1299.0 1482.0
1116.0 1299.0 1482.0
1116.0 1299.0 1482.0
1116.0 1299.0 1482.0
1116.0 1299.0 1482.0
1116.0 1299.0 1482.0
1116.0 1299.0 1482.0
1116.0 1299.0 1482.0
1116.0 1299.0 1482.0
1116.0 1299.0 1482.0
1116.0 1299.0 1482.0
1116.0 1299.0 1482.0
1116.0 1299.0 1482.0
1116.0 1299.0 1482.0
1116.0 1299.0 1482.0
1116.0 1299.0 1482.0
1116.0 1299.0 1482.0
1116.0 1299.0 1482.0
1116.0 1299.0 1482.0
1116.0 1299.0 1482.0
1116.0 1299.0 1482.0
1116.0 1299.0 1482.0
1116.0 1299.0 1482.0
1116.0 1299.0 1482.0
1116.0 1299.0 1482.0
1116.0 1299.0 1482.0
1116.0 1299.0 1482.0
1116.0 1299.0 1482.0
1116.0 1299.0 1482.0
1116.0 1299.0 1482.0
1116.0 1299.0 1482.0
1116.0 1299.0 1482.0
1116.0 1299.0 1482.0
1116.0 1299.0 1482.0
1116.0 1299.0 1482.0
1116.0 1299.0 1482.0
1116.0 1299.0 1482.0
1116.0 1299.0 1482.0
1116.0 1299.0 1482.0
1116.0 1299.0 1482.0
1116.0 1299.0 1482.0
1116.0 1299.0 1482.0
1116.0 1299.0 1482.0
1116.0 1299.0 1482.0
1116.0 1299.0 1482.0
1116.0 1299.0 1482.0
1116.0 1299.0 1482.0
1116.0 1299.0 1482.0
1116.0 1299.0 1482.0
1116.0 1299.0 1482.0
1116.0 1299.0 1482.0
1116.0 1299.0 1482.0
1116.0 1299.0 1482.0
1116.0 1299.0 1482.0
1116.0 1299.0 1482.0
1116.0 1299.0 1482.0
1116.0 1299.0 1482.0
1116.0 1299.0 1482.0
1116.0 1299.0 1482.0
1116.0 1299.0 1482.0
1116.0 1299.0 1482.0
1116.0 1299.0 1482.0
1116.0 1299.0 1482.0
1116.0 1299.0 1482.0
1116.0 1299.0 1482.0
1116.0 1299.0 1482.0
1116.0 1299.0 1482.0
1116.0 1299.0 1482.0
1116.0 1299.0 1482.0
1116.0 1299.0 1482.0
1116.0 1299.0 1482.0
1116.0 1299.0 1482.0
1116.0 1299.0 1482.0
1116.0 1299.0 1482.0
1116.0 1299.0 1482.0
1116.0 1299.0 1482.0
1116.0 1299.0 1482.0
1116.0 1299.0 1482.0
1116.0 1299.0 1482.0
1116.0 1299.0 1482.0
1116.0 1299.0 1482.0
1116.0 1299.0 1482.0
1116.0 1299.0 1482.0
1116.0 1299.0 1482.0
1116.0 1299.0 1482.0
1116.0 1299.0 1482.0
1116.0 1299.0 1482.0
1116.0 1299.0 1482.0
1116.0 1299.0 1482.0
1116.0 1299.0 1482.0
