15286.0 15740.0 16194.0
11767.0 12874.5 13982.0
9637.0 10973.0 12309.0
9334.0 9398.0 9462.0
6748.0 7538.5 8329.0
4457.0 4464.5 4472.0
4109.0 4283.0 4457.0
3493.0 3864.0 4235.0
2933.0 3213.0 3493.0
2933.0 3342.0 3751.0
1937.0 1976.5 2016.0
1937.0 1976.5 2016.0
1937.0 1976.5 2016.0
1937.0 1976.5 2016.0
1937.0 1976.5 2016.0
1937.0 1976.5 2016.0
1937.0 1976.5 2016.0
1937.0 1976.5 2016.0
1937.0 1976.5 2016.0
1937.0 1976.5 2016.0
1937.0 1976.5 2016.0
1937.0 1976.5 2016.0
1937.0 1976.5 2016.0
1937.0 1976.5 2016.0
1937.0 1976.5 2016.0
1937.0 1976.5 2016.0
1937.0 1976.5 2016.0
1937.0 1976.5 2016.0
1937.0 1976.5 2016.0
1937.0 1976.5 2016.0
1937.0 1976.5 2016.0
1937.0 1976.5 2016.0
1937.0 1976.5 2016.0
1937.0 1976.5 2016.0
1937.0 1976.5 2016.0
1937.0 2059.0 2181.0
1074.0 1505.5 1937.0
1074.0 1505.5 1937.0
1074.0 1505.5 1937.0
1074.0 1505.5 1937.0
1074.0 1505.5 1937.0
1074.0 1505.5 1937.0
1074.0 1505.5 1937.0
1074.0 1505.5 1937.0
1074.0 1505.5 1937.0
1074.0 1505.5 1937.0
1074.0 1505.5 1937.0
1074.0 1505.5 1937.0
1074.0 1505.5 1937.0
1074.0 1505.5 1937.0
1074.0 1505.5 1937.0
1074.0 1505.5 1937.0
1074.0 1505.5 1937.0
1074.0 1505.5 1937.0
1074.0 1505.5 1937.0
1074.0 1505.5 1937.0
1074.0 1505.5 1937.0
1074.0 1505.5 1937.0
1074.0 1505.5 1937.0
1074.0 1505.5 1937.0
1074.0 1505.5 1937.0
1074.0 1505.5 1937.0
1074.0 1505.5 1937.0
1074.0 1505.5 1937.0
1074.0 1505.5 1937.0
1074.0 1505.5 1937.0
1074.0 1505.5 1937.0
1074.0 1505.5 1937.0
1074.0 1505.5 1937.0
1074.0 1505.5 1937.0
1074.0 1505.5 1937.0
1074.0 1505.5 1937.0
1074.0 1505.5 1937.0
1074.0 1505.5 1937.0
1074.0 1505.5 1937.0
1074.0 1505.5 1937.0
1074.0 1505.5 1937.0
1074.0 1505.5 1937.0
1074.0 1505.5 1937.0
1074.0 1505.5 1937.0
1074.0 1505.5 1937.0
1074.0 1505.5 1937.0
1074.0 1505.5 1937.0
1074.0 1505.5 1937.0
1074.0 1505.5 1937.0
1074.0 1505.5 1937.0
1074.0 1505.5 1937.0
1074.0 1505.5 1937.0
1074.0 1505.5 1937.0
1074.0 1505.5 1937.0
1074.0 1505.5 1937.0
1074.0 1505.5 1937.0
1074.0 1505.5 1937.0
1074.0 1505.5 1937.0
1074.0 1498.0 1922.0
1074.0 1498.0 1922.0
1074.0 1498.0 1922.0
1074.0 1498.0 1922.0
1074.0 1498.0 1922.0
1074.0 1498.0 1922.0
1074.0 1498.0 1922.0
1074.0 1498.0 1922.0
1074.0 1498.0 1922.0
1074.0 1498.0 1922.0
1074.0 1498.0 1922.0
1074.0 1498.0 1922.0
1074.0 1498.0 1922.0
1074.0 1498.0 1922.0
1074.0 1498.0 1922.0
1074.0 1498.0 1922.0
1074.0 1498.0 1922.0
1074.0 1498.0 1922.0
1074.0 1498.0 1922.0
1074.0 1498.0 1922.0
1074.0 1498.0 1922.0
1074.0 1498.0 1922.0
1074.0 1498.0 1922.0
1074.0 1498.0 1922.0
1074.0 1498.0 1922.0
1074.0 1498.0 1922.0
1074.0 1498.0 1922.0
1074.0 1498.0 1922.0
1074.0 1498.0 1922.0
1074.0 1498.0 1922.0
1074.0 1498.0 1922.0
1074.0 1498.0 1922.0
1074.0 1498.0 1922.0
1074.0 1498.0 1922.0
1074.0 1498.0 1922.0
1074.0 1498.0 1922.0
1074.0 1498.0 1922.0
1074.0 1498.0 1922.0
1074.0 1498.0 1922.0
1074.0 1498.0 1922.0
1074.0 1498.0 1922.0
1074.0 1498.0 1922.0
1074.0 1498.0 1922.0
1074.0 1498.0 1922.0
1074.0 1498.0 1922.0
1074.0 1498.0 1922.0
1074.0 1498.0 1922.0
1074.0 1498.0 1922.0
1074.0 1498.0 1922.0
1074.0 1498.0 1922.0
1074.0 1498.0 1922.0
1074.0 1498.0 1922.0
1074.0 1498.0 1922.0
1074.0 1498.0 1922.0
1074.0 1498.0 1922.0
1074.0 1498.0 1922.0
1074.0 1498.0 1922.0
1074.0 1498.0 1922.0
1074.0 1498.0 1922.0
1074.0 1498.0 1922.0
1074.0 1498.0 1922.0
1074.0 1498.0 1922.0
1074.0 1498.0 1922.0
1074.0 1498.0 1922.0
1074.0 1498.0 1922.0
1074.0 1498.0 1922.0
1074.0 1498.0 1922.0
1074.0 1498.0 1922.0
1074.0 1498.0 1922.0
1074.0 1498.0 1922.0
1074.0 1498.0 1922.0
1074.0 1498.0 1922.0
1074.0 1498.0 1922.0
1074.0 1498.0 1922.0
1074.0 1498.0 1922.0
1074.0 1498.0 1922.0
1074.0 1498.0 1922.0
1074.0 1498.0 1922.0
1074.0 1498.0 1922.0
1074.0 1498.0 1922.0
1074.0 1498.0 1922.0
1074.0 1498.0 1922.0
1074.0 1498.0 1922.0
1074.0 1498.0 1922.0
1074.0 1498.0 1922.0
1074.0 1498.0 1922.0
1074.0 1498.0 1922.0
1074.0 1498.0 1922.0
1074.0 1498.0 1922.0
1074.0 1498.0 1922.0
1074.0 1498.0 1922.0
1074.0 1498.0 1922.0
1074.0 1498.0 1922.0
1074.0 1498.0 1922.0
1074.0 1498.0 1922.0
1074.0 1498.0 1922.0
1074.0 1498.0 1922.0
1074.0 1498.0 1922.0
1074.0 1498.0 1922.0
1074.0 1498.0 1922.0
1074.0 1498.0 1922.0
1074.0 1498.0 1922.0
1074.0 1498.0 1922.0
1074.0 1498.0 1922.0
1074.0 1498.0 1922.0
1074.0 1498.0 1922.0
