11815.0 12789.5 13764.0
11388.0 11725.0 12062.0
9937.0 10104.5 10272.0
6925.0 7347.5 7770.0
4115.0 4163.0 4211.0
3769.0 3990.0 4211.0
3771.0 3774.0 3777.0
3425.0 3662.5 3900.0
2433.0 2929.0 3425.0
2433.0 2929.0 3425.0
2433.0 2780.5 3128.0
1794.0 2113.5 2433.0
1794.0 2113.5 2433.0
1794.0 2113.5 2433.0
1377.0 1905.0 2433.0
1377.0 1905.0 2433.0
1425.0 1968.0 2511.0
1425.0 1863.0 2301.0
1425.0 1863.0 2301.0
1425.0 1789.0 2153.0
1425.0 1705.5 1986.0
1425.0 1705.5 1986.0
1425.0 1609.5 1794.0
1425.0 1609.5 1794.0
1425.0 1609.5 1794.0
1425.0 1609.5 1794.0
1425.0 1609.5 1794.0
1425.0 1609.5 1794.0
1425.0 1609.5 1794.0
1425.0 1609.5 1794.0
1425.0 1609.5 1794.0
1425.0 1609.5 1794.0
1425.0 1609.5 1794.0
1425.0 1609.5 1794.0
1425.0 1609.5 1794.0
1425.0 1609.5 1794.0
1425.0 1609.5 1794.0
1425.0 1609.5 1794.0
1425.0 1609.5 1794.0
1425.0 1609.5 1794.0
1425.0 1609.5 1794.0
1425.0 1609.5 1794.0
1425.0 1609.5 1794.0
1425.0 1609.5 1794.0
1425.0 1609.5 1794.0
1425.0 1609.5 1794.0
1425.0 1609.5 1794.0
1425.0 1609.5 1794.0
1425.0 1609.5 1794.0
1425.0 1609.5 1794.0
1425.0 1609.5 1794.0
1425.0 1609.5 1794.0
1425.0 1609.5 1794.0
1425.0 1609.5 1794.0
1425.0 1609.5 1794.0
1425.0 1609.5 1794.0
1425.0 1609.5 1794.0
1425.0 1609.5 1794.0
1425.0 1609.5 1794.0
1425.0 1609.5 1794.0
1425.0 1609.5 1794.0
1425.0 1609.5 1794.0
1425.0 1609.5 1794.0
1425.0 1609.5 1794.0
1425.0 1609.5 1794.0
1425.0 1609.5 1794.0
1425.0 1609.5 1794.0
1425.0 1609.5 1794.0
1413.0 1419.0 1425.0
1413.0 1419.0 1425.0
1273.0 1349.0 1425.0
1273.0 1349.0 1425.0
1273.0 1349.0 1425.0
1273.0 1349.0 1425.0
1273.0 1349.0 1425.0
1273.0 1349.0 1425.0
1273.0 1349.0 1425.0
1273.0 1349.0 1425.0
1273.0 1349.0 1425.0
1273.0 1349.0 1425.0
1273.0 1349.0 1425.0
1273.0 1349.0 1425.0
1273.0 1349.0 1425.0
1273.0 1349.0 1425.0
1273.0 1349.0 1425.0
1273.0 1349.0 1425.0
1273.0 1349.0 1425.0
1273.0 1349.0 1425.0
1273.0 1349.0 1425.0
1273.0 1349.0 1425.0
1273.0 1349.0 1425.0
1273.0 1349.0 1425.0
1273.0 1349.0 1425.0
1273.0 1349.0 1425.0
1273.0 1349.0 1425.0
1273.0 1349.0 1425.0
1273.0 1349.0 1425.0
1273.0 1349.0 1425.0
1273.0 1349.0 1425.0
1273.0 1349.0 1425.0
1273.0 1349.0 1425.0
1273.0 1349.0 1425.0
1273.0 1349.0 1425.0
1273.0 1349.0 1425.0
1273.0 1349.0 1425.0
1273.0 1349.0 1425.0
1273.0 1349.0 1425.0
1273.0 1349.0 1425.0
1273.0 1349.0 1425.0
1273.0 1349.0 1425.0
1273.0 1349.0 1425.0
1273.0 1349.0 1425.0
1273.0 1349.0 1425.0
1273.0 1349.0 1425.0
1273.0 1349.0 1425.0
1273.0 1349.0 1425.0
1273.0 1349.0 1425.0
1273.0 1349.0 1425.0
1273.0 1349.0 1425.0
1273.0 1349.0 1425.0
1273.0 1349.0 1425.0
1273.0 1349.0 1425.0
1273.0 1349.0 1425.0
1273.0 1349.0 1425.0
1273.0 1349.0 1425.0
1273.0 1349.0 1425.0
1273.0 1349.0 1425.0
1273.0 1349.0 1425.0
1273.0 1349.0 1425.0
1273.0 1349.0 1425.0
1273.0 1349.0 1425.0
1273.0 1349.0 1425.0
1273.0 1349.0 1425.0
1273.0 1349.0 1425.0
1273.0 1349.0 1425.0
1273.0 1297.0 1321.0
1273.0 1297.0 1321.0
1273.0 1297.0 1321.0
1273.0 1297.0 1321.0
1273.0 1297.0 1321.0
1273.0 1297.0 1321.0
1273.0 1297.0 1321.0
1273.0 1297.0 1321.0
1273.0 1297.0 1321.0
1273.0 1297.0 1321.0
1273.0 1297.0 1321.0
1273.0 1297.0 1321.0
1273.0 1297.0 1321.0
1273.0 1297.0 1321.0
1273.0 1297.0 1321.0
1273.0 1297.0 1321.0
1273.0 1297.0 1321.0
1273.0 1297.0 1321.0
1273.0 1297.0 1321.0
1273.0 1297.0 1321.0
1273.0 1297.0 1321.0
1273.0 1297.0 1321.0
1273.0 1297.0 1321.0
1273.0 1297.0 1321.0
1273.0 1297.0 1321.0
1273.0 1297.0 1321.0
1273.0 1297.0 1321.0
1273.0 1297.0 1321.0
1273.0 1297.0 1321.0
1273.0 1297.0 1321.0
1273.0 1297.0 1321.0
1273.0 1297.0 1321.0
1273.0 1297.0 1321.0
1273.0 1297.0 1321.0
1273.0 1297.0 1321.0
1273.0 1297.0 1321.0
1273.0 1297.0 1321.0
1273.0 1297.0 1321.0
1273.0 1297.0 1321.0
1273.0 1297.0 1321.0
1273.0 1297.0 1321.0
1273.0 1297.0 1321.0
1273.0 1297.0 1321.0
1273.0 1297.0 1321.0
1273.0 1297.0 1321.0
1273.0 1297.0 1321.0
1273.0 1297.0 1321.0
1273.0 1297.0 1321.0
1273.0 1297.0 1321.0
1273.0 1297.0 1321.0
1273.0 1297.0 1321.0
1273.0 1297.0 1321.0
1273.0 1297.0 1321.0
1273.0 1297.0 1321.0
1273.0 1297.0 1321.0
1273.0 1297.0 1321.0
1273.0 1297.0 1321.0
1273.0 1297.0 1321.0
1273.0 1297.0 1321.0
1273.0 1297.0 1321.0
1273.0 1297.0 1321.0
1273.0 1297.0 1321.0
1273.0 1297.0 1321.0
1273.0 1297.0 1321.0
1273.0 1297.0 1321.0
