12584.0 13037.5 13491.0
7357.0 9537.0 11717.0
7357.0 9254.5 11152.0
7142.0 7283.0 7424.0
5203.0 5662.0 6121.0
3596.0 4068.0 4540.0
2398.0 3253.5 4109.0
2398.0 2831.0 3264.0
2398.0 2831.0 3264.0
1552.0 1975.0 2398.0
1552.0 1975.5 2399.0
1552.0 1624.5 1697.0
1413.0 1482.5 1552.0
1413.0 1482.5 1552.0
1413.0 1482.5 1552.0
1413.0 1482.5 1552.0
1413.0 1482.5 1552.0
1413.0 1482.5 1552.0
1413.0 1482.5 1552.0
1413.0 1482.5 1552.0
1413.0 1482.5 1552.0
1413.0 1482.5 1552.0
1413.0 1482.5 1552.0
1413.0 1482.5 1552.0
1137.0 1275.0 1413.0
1099.0 1256.0 1413.0
1099.0 1256.0 1413.0
1099.0 1256.0 1413.0
1099.0 1256.0 1413.0
1099.0 1256.0 1413.0
1099.0 1256.0 1413.0
1099.0 1256.0 1413.0
1099.0 1256.0 1413.0
1099.0 1256.0 1413.0
1099.0 1256.0 1413.0
1099.0 1256.0 1413.0
1099.0 1256.0 1413.0
1099.0 1256.0 1413.0
1099.0 1256.0 1413.0
1099.0 1256.0 1413.0
1099.0 1256.0 1413.0
1099.0 1256.0 1413.0
1099.0 1256.0 1413.0
1099.0 1256.0 1413.0
1099.0 1256.0 1413.0
1099.0 1256.0 1413.0
1099.0 1256.0 1413.0
1099.0 1256.0 1413.0
1099.0 1256.0 1413.0
1099.0 1282.5 1466.0
1099.0 1282.5 1466.0
1099.0 1258.0 1417.0
1099.0 1258.0 1417.0
1099.0 1258.0 1417.0
1099.0 1258.0 1417.0
1099.0 1258.0 1417.0
1099.0 1258.0 1417.0
1099.0 1258.0 1417.0
1099.0 1258.0 1417.0
1099.0 1258.0 1417.0
1099.0 1258.0 1417.0
1099.0 1258.0 1417.0
1099.0 1258.0 1417.0
1099.0 1258.0 1417.0
1099.0 1258.0 1417.0
1099.0 1258.0 1417.0
1099.0 1258.0 1417.0
1099.0 1258.0 1417.0
1099.0 1258.0 1417.0
1099.0 1258.0 1417.0
1099.0 1258.0 1417.0
1099.0 1258.0 1417.0
1099.0 1258.0 1417.0
1099.0 1258.0 1417.0
1099.0 1258.0 1417.0
1099.0 1258.0 1417.0
1099.0 1258.0 1417.0
1099.0 1258.0 1417.0
1099.0 1258.0 1417.0
1099.0 1258.0 1417.0
1099.0 1258.0 1417.0
1099.0 1258.0 1417.0
1099.0 1258.0 1417.0
1099.0 1258.0 1417.0
1099.0 1258.0 1417.0
1099.0 1258.0 1417.0
1099.0 1258.0 1417.0
1099.0 1258.0 1417.0
1099.0 1258.0 1417.0
1099.0 1258.0 1417.0
1099.0 1258.0 1417.0
1099.0 1258.0 1417.0
1099.0 1258.0 1417.0
1099.0 1258.0 1417.0
1099.0 1258.0 1417.0
1099.0 1258.0 1417.0
1099.0 1258.0 1417.0
1099.0 1258.0 1417.0
1099.0 1258.0 1417.0
1099.0 1258.0 1417.0
1099.0 1258.0 1417.0
1099.0 1258.0 1417.0
1099.0 1258.0 1417.0
1099.0 1258.0 1417.0
1099.0 1258.0 1417.0
1099.0 1258.0 1417.0
1099.0 1258.0 1417.0
1099.0 1258.0 1417.0
1099.0 1258.0 1417.0
1099.0 1258.0 1417.0
1099.0 1258.0 1417.0
1099.0 1258.0 1417.0
1099.0 1258.0 1417.0
1099.0 1258.0 1417.0
1099.0 1258.0 1417.0
1099.0 1258.0 1417.0
1099.0 1258.0 1417.0
1099.0 1258.0 1417.0
1099.0 1258.0 1417.0
1099.0 1258.0 1417.0
1099.0 1258.0 1417.0
1099.0 1258.0 1417.0
1099.0 1258.0 1417.0
1099.0 1258.0 1417.0
1099.0 1258.0 1417.0
1099.0 1258.0 1417.0
1099.0 1258.0 1417.0
1099.0 1258.0 1417.0
1099.0 1258.0 1417.0
1099.0 1258.0 1417.0
1099.0 1258.0 1417.0
1099.0 1258.0 1417.0
1099.0 1258.0 1417.0
1099.0 1258.0 1417.0
1099.0 1258.0 1417.0
1099.0 1258.0 1417.0
1099.0 1258.0 1417.0
1099.0 1258.0 1417.0
1099.0 1258.0 1417.0
1099.0 1258.0 1417.0
1099.0 1258.0 1417.0
1099.0 1258.0 1417.0
1099.0 1258.0 1417.0
1099.0 1258.0 1417.0
1099.0 1258.0 1417.0
1099.0 1258.0 1417.0
1099.0 1258.0 1417.0
1099.0 1258.0 1417.0
1099.0 1258.0 1417.0
1099.0 1258.0 1417.0
1099.0 1258.0 1417.0
1099.0 1258.0 1417.0
1099.0 1258.0 1417.0
1099.0 1258.0 1417.0
1099.0 1258.0 1417.0
1099.0 1258.0 1417.0
1099.0 1258.0 1417.0
1099.0 1258.0 1417.0
1099.0 1258.0 1417.0
1099.0 1258.0 1417.0
1099.0 1258.0 1417.0
1099.0 1258.0 1417.0
1099.0 1258.0 1417.0
1099.0 1258.0 1417.0
1099.0 1258.0 1417.0
1099.0 1258.0 1417.0
1099.0 1258.0 1417.0
1099.0 1258.0 1417.0
1099.0 1258.0 1417.0
1099.0 1258.0 1417.0
1099.0 1258.0 1417.0
1099.0 1258.0 1417.0
1099.0 1258.0 1417.0
1099.0 1258.0 1417.0
1099.0 1258.0 1417.0
1099.0 1258.0 1417.0
1099.0 1258.0 1417.0
1099.0 1258.0 1417.0
1099.0 1258.0 1417.0
1099.0 1258.0 1417.0
1099.0 1258.0 1417.0
1099.0 1258.0 1417.0
1099.0 1258.0 1417.0
1099.0 1258.0 1417.0
1099.0 1232.0 1365.0
1099.0 1232.0 1365.0
1099.0 1232.0 1365.0
1099.0 1232.0 1365.0
1099.0 1232.0 1365.0
1099.0 1232.0 1365.0
1099.0 1232.0 1365.0
1099.0 1232.0 1365.0
1099.0 1232.0 1365.0
1099.0 1232.0 1365.0
1099.0 1232.0 1365.0
1099.0 1232.0 1365.0
1099.0 1232.0 1365.0
1099.0 1232.0 1365.0
1099.0 1232.0 1365.0
1099.0 1232.0 1365.0
