11205.0 11447.5 11690.0
9807.0 9969.0 10131.0
9353.0 9580.5 9808.0
6128.0 7183.0 8238.0
5325.0 5688.0 6051.0
4444.0 5279.0 6114.0
2836.0 3640.0 4444.0
3738.0 3755.0 3772.0
2943.0 2951.0 2959.0
2227.0 2251.5 2276.0
2071.0 2173.5 2276.0
1814.0 1944.0 2074.0
1534.0 1674.0 1814.0
1280.0 1605.5 1931.0
1280.0 1605.5 1931.0
1280.0 1417.0 1554.0
1280.0 1417.0 1554.0
1280.0 1379.5 1479.0
1280.0 1379.5 1479.0
1280.0 1379.5 1479.0
1280.0 1379.5 1479.0
1280.0 1379.5 1479.0
1280.0 1379.5 1479.0
1280.0 1379.5 1479.0
1280.0 1379.5 1479.0
1280.0 1379.5 1479.0
1280.0 1379.5 1479.0
1280.0 1379.5 1479.0
1280.0 1379.5 1479.0
1280.0 1379.5 1479.0
1280.0 1379.5 1479.0
1280.0 1379.5 1479.0
1280.0 1379.5 1479.0
1280.0 1379.5 1479.0
1280.0 1379.5 1479.0
1280.0 1379.5 1479.0
1280.0 1379.5 1479.0
1280.0 1379.5 1479.0
1280.0 1379.5 1479.0
1280.0 1379.5 1479.0
1280.0 1379.5 1479.0
1280.0 1379.5 1479.0
1280.0 1379.5 1479.0
1280.0 1379.5 1479.0
1280.0 1379.5 1479.0
1280.0 1379.5 1479.0
1280.0 1379.5 1479.0
1280.0 1379.5 1479.0
1280.0 1379.5 1479.0
1280.0 1379.5 1479.0
1280.0 1379.5 1479.0
1280.0 1379.5 1479.0
1280.0 1379.5 1479.0
1280.0 1379.5 1479.0
1280.0 1379.5 1479.0
1280.0 1379.5 1479.0
1280.0 1379.5 1479.0
1280.0 1379.5 1479.0
1280.0 1379.5 1479.0
1280.0 1379.5 1479.0
1280.0 1379.5 1479.0
1280.0 1379.5 1479.0
1280.0 1379.5 1479.0
1280.0 1379.5 1479.0
1280.0 1379.5 1479.0
1205.0 1242.5 1280.0
1205.0 1242.5 1280.0
1205.0 1242.5 1280.0
1205.0 1242.5 1280.0
1205.0 1242.5 1280.0
1205.0 1242.5 1280.0
1205.0 1242.5 1280.0
1205.0 1242.5 1280.0
1205.0 1242.5 1280.0
1205.0 1242.5 1280.0
1205.0 1242.5 1280.0
1205.0 1242.5 1280.0
1205.0 1242.5 1280.0
1205.0 1242.5 1280.0
1205.0 1242.5 1280.0
1205.0 1242.5 1280.0
1205.0 1242.5 1280.0
1205.0 1242.5 1280.0
1205.0 1242.5 1280.0
1205.0 1242.5 1280.0
1205.0 1242.5 1280.0
1205.0 1242.5 1280.0
1205.0 1242.5 1280.0
1205.0 1242.5 1280.0
1205.0 1242.5 1280.0
1205.0 1242.5 1280.0
1205.0 1242.5 1280.0
1205.0 1242.5 1280.0
1205.0 1242.5 1280.0
1205.0 1242.5 1280.0
1205.0 1242.5 1280.0
1205.0 1242.5 1280.0
1205.0 1242.5 1280.0
1205.0 1242.5 1280.0
1205.0 1242.5 1280.0
1205.0 1242.5 1280.0
1205.0 1242.5 1280.0
1205.0 1242.5 1280.0
1205.0 1242.5 1280.0
1205.0 1242.5 1280.0
1205.0 1242.5 1280.0
1205.0 1242.5 1280.0
1205.0 1242.5 1280.0
1205.0 1242.5 1280.0
1205.0 1242.5 1280.0
1205.0 1242.5 1280.0
1205.0 1242.5 1280.0
1205.0 1242.5 1280.0
1205.0 1242.5 1280.0
1205.0 1242.5 1280.0
1205.0 1242.5 1280.0
1205.0 1242.5 1280.0
1205.0 1242.5 1280.0
1205.0 1242.5 1280.0
1205.0 1242.5 1280.0
1205.0 1242.5 1280.0
1205.0 1242.5 1280.0
1205.0 1242.5 1280.0
1205.0 1242.5 1280.0
1205.0 1242.5 1280.0
1205.0 1242.5 1280.0
1205.0 1242.5 1280.0
1205.0 1242.5 1280.0
1205.0 1242.5 1280.0
1205.0 1242.5 1280.0
1205.0 1242.5 1280.0
1205.0 1242.5 1280.0
1205.0 1242.5 1280.0
1205.0 1242.5 1280.0
1205.0 1242.5 1280.0
1205.0 1242.5 1280.0
1205.0 1242.5 1280.0
1205.0 1242.5 1280.0
1205.0 1242.5 1280.0
1205.0 1242.5 1280.0
1205.0 1242.5 1280.0
1205.0 1242.5 1280.0
1205.0 1242.5 1280.0
1205.0 1242.5 1280.0
1205.0 1242.5 1280.0
1205.0 1242.5 1280.0
1205.0 1242.5 1280.0
1205.0 1242.5 1280.0
1205.0 1242.5 1280.0
1205.0 1242.5 1280.0
1205.0 1242.5 1280.0
1205.0 1242.5 1280.0
1205.0 1242.5 1280.0
1205.0 1242.5 1280.0
1205.0 1242.5 1280.0
1205.0 1242.5 1280.0
1205.0 1242.5 1280.0
1205.0 1242.5 1280.0
1205.0 1242.5 1280.0
1205.0 1242.5 1280.0
1205.0 1242.5 1280.0
1205.0 1242.5 1280.0
1205.0 1242.5 1280.0
1205.0 1242.5 1280.0
1205.0 1242.5 1280.0
1205.0 1242.5 1280.0
1205.0 1242.5 1280.0
1205.0 1242.5 1280.0
1205.0 1242.5 1280.0
1205.0 1242.5 1280.0
1205.0 1242.5 1280.0
1205.0 1242.5 1280.0
1205.0 1242.5 1280.0
1205.0 1242.5 1280.0
1205.0 1242.5 1280.0
1205.0 1242.5 1280.0
1205.0 1242.5 1280.0
1205.0 1242.5 1280.0
1205.0 1242.5 1280.0
1205.0 1242.5 1280.0
1205.0 1242.5 1280.0
1205.0 1242.5 1280.0
1205.0 1242.5 1280.0
1205.0 1242.5 1280.0
1205.0 1242.5 1280.0
1205.0 1242.5 1280.0
1205.0 1242.5 1280.0
1205.0 1242.5 1280.0
1205.0 1242.5 1280.0
1205.0 1242.5 1280.0
1205.0 1242.5 1280.0
1205.0 1242.5 1280.0
1205.0 1242.5 1280.0
1205.0 1242.5 1280.0
1205.0 1242.5 1280.0
1205.0 1242.5 1280.0
1205.0 1242.5 1280.0
1205.0 1242.5 1280.0
1205.0 1242.5 1280.0
1205.0 1242.5 1280.0
