11055.0 13606.0 16157.0
11396.0 11426.0 11456.0
8329.0 9382.0 10435.0
5132.0 6883.0 8634.0
3657.0 6331.0 9005.0
3405.0 4964.0 6523.0
2508.0 3414.5 4321.0
2508.0 3458.5 4409.0
2508.0 3435.5 4363.0
2508.0 2932.0 3356.0
2678.0 2698.5 2719.0
1756.0 2217.0 2678.0
1756.0 1954.5 2153.0
1756.0 1954.5 2153.0
1756.0 1954.5 2153.0
1756.0 1954.5 2153.0
1756.0 1970.0 2184.0
1571.0 1663.5 1756.0
1571.0 1663.5 1756.0
1571.0 1663.5 1756.0
1571.0 1663.5 1756.0
1571.0 1663.5 1756.0
1571.0 1663.5 1756.0
1571.0 1663.5 1756.0
1571.0 1663.5 1756.0
1571.0 1663.5 1756.0
1571.0 1663.5 1756.0
1571.0 1663.5 1756.0
1571.0 1663.5 1756.0
1571.0 1663.5 1756.0
1571.0 1663.5 1756.0
1571.0 1663.5 1756.0
1571.0 1663.5 1756.0
1571.0 1663.5 1756.0
1571.0 1663.5 1756.0
1571.0 1663.5 1756.0
1571.0 1663.5 1756.0
1571.0 1663.5 1756.0
1571.0 1663.5 1756.0
1571.0 1663.5 1756.0
1571.0 1663.5 1756.0
1571.0 1663.5 1756.0
1571.0 1663.5 1756.0
1571.0 1663.5 1756.0
1571.0 1663.5 1756.0
1571.0 1663.5 1756.0
1571.0 1663.5 1756.0
1571.0 1663.5 1756.0
1571.0 1663.5 1756.0
1571.0 1663.5 1756.0
1571.0 1663.5 1756.0
1571.0 1663.5 1756.0
1495.0 1533.0 1571.0
1083.0 1327.0 1571.0
1083.0 1327.0 1571.0
1083.0 1327.0 1571.0
1083.0 1327.0 1571.0
1083.0 1327.0 1571.0
1083.0 1327.0 1571.0
1083.0 1327.0 1571.0
1083.0 1327.0 1571.0
1083.0 1327.0 1571.0
1083.0 1327.0 1571.0
1083.0 1327.0 1571.0
1083.0 1327.0 1571.0
1083.0 1327.0 1571.0
1083.0 1327.0 1571.0
1083.0 1327.0 1571.0
1083.0 1327.0 1571.0
1083.0 1327.0 1571.0
1083.0 1327.0 1571.0
1083.0 1327.0 1571.0
1083.0 1327.0 1571.0
1083.0 1327.0 1571.0
1083.0 1327.0 1571.0
1083.0 1327.0 1571.0
1083.0 1327.0 1571.0
1083.0 1327.0 1571.0
1083.0 1327.0 1571.0
1083.0 1327.0 1571.0
1083.0 1327.0 1571.0
1083.0 1327.0 1571.0
1083.0 1327.0 1571.0
1083.0 1327.0 1571.0
1083.0 1327.0 1571.0
1083.0 1327.0 1571.0
1083.0 1327.0 1571.0
1083.0 1327.0 1571.0
1083.0 1327.0 1571.0
1083.0 1327.0 1571.0
1083.0 1327.0 1571.0
1083.0 1327.0 1571.0
1083.0 1327.0 1571.0
1083.0 1327.0 1571.0
1083.0 1327.0 1571.0
1083.0 1327.0 1571.0
1083.0 1327.0 1571.0
1083.0 1327.0 1571.0
1083.0 1327.0 1571.0
1083.0 1327.0 1571.0
1083.0 1327.0 1571.0
1083.0 1327.0 1571.0
1083.0 1327.0 1571.0
1083.0 1327.0 1571.0
1083.0 1327.0 1571.0
1083.0 1327.0 1571.0
1083.0 1327.0 1571.0
1083.0 1327.0 1571.0
1083.0 1327.0 1571.0
1083.0 1327.0 1571.0
1083.0 1327.0 1571.0
1083.0 1327.0 1571.0
1083.0 1327.0 1571.0
1083.0 1327.0 1571.0
1083.0 1327.0 1571.0
1083.0 1327.0 1571.0
1083.0 1327.0 1571.0
1083.0 1327.0 1571.0
1083.0 1327.0 1571.0
1083.0 1327.0 1571.0
1083.0 1327.0 1571.0
1083.0 1327.0 1571.0
1083.0 1327.0 1571.0
1083.0 1327.0 1571.0
1083.0 1327.0 1571.0
1083.0 1327.0 1571.0
1083.0 1327.0 1571.0
1083.0 1327.0 1571.0
1083.0 1327.0 1571.0
1083.0 1327.0 1571.0
1083.0 1327.0 1571.0
1083.0 1327.0 1571.0
1083.0 1327.0 1571.0
1083.0 1327.0 1571.0
1083.0 1327.0 1571.0
1083.0 1327.0 1571.0
1083.0 1327.0 1571.0
1083.0 1327.0 1571.0
1083.0 1327.0 1571.0
1083.0 1327.0 1571.0
1083.0 1327.0 1571.0
1083.0 1327.0 1571.0
1083.0 1327.0 1571.0
1083.0 1327.0 1571.0
1083.0 1327.0 1571.0
1083.0 1327.0 1571.0
1083.0 1327.0 1571.0
1083.0 1327.0 1571.0
1083.0 1327.0 1571.0
1083.0 1327.0 1571.0
1083.0 1327.0 1571.0
1083.0 1327.0 1571.0
1083.0 1327.0 1571.0
1083.0 1327.0 1571.0
1083.0 1327.0 1571.0
1083.0 1327.0 1571.0
1083.0 1327.0 1571.0
1083.0 1327.0 1571.0
1083.0 1327.0 1571.0
1083.0 1262.5 1442.0
1083.0 1262.5 1442.0
1083.0 1262.5 1442.0
1083.0 1262.5 1442.0
1083.0 1262.5 1442.0
1083.0 1262.5 1442.0
1083.0 1262.5 1442.0
1083.0 1262.5 1442.0
1083.0 1262.5 1442.0
1083.0 1262.5 1442.0
1083.0 1262.5 1442.0
1083.0 1262.5 1442.0
1083.0 1262.5 1442.0
1083.0 1262.5 1442.0
1083.0 1262.5 1442.0
1083.0 1262.5 1442.0
1083.0 1262.5 1442.0
1083.0 1262.5 1442.0
1083.0 1262.5 1442.0
1083.0 1262.5 1442.0
1083.0 1262.5 1442.0
1083.0 1262.5 1442.0
1083.0 1262.5 1442.0
1083.0 1262.5 1442.0
1083.0 1262.5 1442.0
1083.0 1262.5 1442.0
1083.0 1262.5 1442.0
1083.0 1262.5 1442.0
1083.0 1267.5 1452.0
1083.0 1262.5 1442.0
1083.0 1262.5 1442.0
1083.0 1262.5 1442.0
1083.0 1262.5 1442.0
1083.0 1262.5 1442.0
1083.0 1262.5 1442.0
1083.0 1262.5 1442.0
1083.0 1262.5 1442.0
1083.0 1262.5 1442.0
1083.0 1262.5 1442.0
1083.0 1262.5 1442.0
1083.0 1262.5 1442.0
