12339.0 12876.0 13413.0
11726.0 11790.0 11854.0
8331.0 9284.5 10238.0
6418.0 6740.0 7062.0
4917.0 5979.5 7042.0
3528.0 4550.5 5573.0
2783.0 3155.5 3528.0
2103.0 2402.5 2702.0
1621.0 2168.5 2716.0
1621.0 2168.5 2716.0
1621.0 2168.5 2716.0
1621.0 2168.5 2716.0
1621.0 2168.5 2716.0
1621.0 2168.5 2716.0
1600.0 1958.5 2317.0
1729.0 1799.0 1869.0
1427.0 1578.0 1729.0
1427.0 1578.0 1729.0
1427.0 1578.0 1729.0
1427.0 1578.0 1729.0
1427.0 1578.0 1729.0
1427.0 1578.0 1729.0
1427.0 1578.0 1729.0
1427.0 1578.0 1729.0
1427.0 1578.0 1729.0
1427.0 1578.0 1729.0
1427.0 1578.0 1729.0
1427.0 1578.0 1729.0
1427.0 1578.0 1729.0
1427.0 1578.0 1729.0
1427.0 1578.0 1729.0
1427.0 1578.0 1729.0
1427.0 1578.0 1729.0
1427.0 1578.0 1729.0
1427.0 1578.0 1729.0
1427.0 1578.0 1729.0
1427.0 1578.0 1729.0
1427.0 1578.0 1729.0
1427.0 1578.0 1729.0
1427.0 1578.0 1729.0
1427.0 1578.0 1729.0
1427.0 1578.0 1729.0
1427.0 1578.0 1729.0
1427.0 1578.0 1729.0
1427.0 1578.0 1729.0
1427.0 1578.0 1729.0
1427.0 1578.0 1729.0
1427.0 1578.0 1729.0
1427.0 1578.0 1729.0
1427.0 1578.0 1729.0
1427.0 1578.0 1729.0
1427.0 1578.0 1729.0
1427.0 1578.0 1729.0
1427.0 1578.0 1729.0
1427.0 1578.0 1729.0
1427.0 1578.0 1729.0
1427.0 1578.0 1729.0
1427.0 1578.0 1729.0
1427.0 1578.0 1729.0
1427.0 1578.0 1729.0
1427.0 1578.0 1729.0
1427.0 1578.0 1729.0
1427.0 1578.0 1729.0
1427.0 1578.0 1729.0
1427.0 1578.0 1729.0
1427.0 1578.0 1729.0
1427.0 1578.0 1729.0
1427.0 1578.0 1729.0
1427.0 1578.0 1729.0
1427.0 1578.0 1729.0
1427.0 1578.0 1729.0
1282.0 1505.5 1729.0
1282.0 1505.5 1729.0
928.0 1328.5 1729.0
928.0 1328.5 1729.0
928.0 1328.5 1729.0
928.0 1328.5 1729.0
928.0 1328.5 1729.0
928.0 1328.5 1729.0
928.0 1328.5 1729.0
928.0 1328.5 1729.0
928.0 1328.5 1729.0
928.0 1328.5 1729.0
928.0 1328.5 1729.0
928.0 1328.5 1729.0
928.0 1328.5 1729.0
928.0 1328.5 1729.0
928.0 1328.5 1729.0
928.0 1328.5 1729.0
928.0 1328.5 1729.0
928.0 1115.5 1303.0
928.0 1065.0 1202.0
928.0 1065.0 1202.0
928.0 1065.0 1202.0
928.0 1065.0 1202.0
928.0 1065.0 1202.0
928.0 1065.0 1202.0
928.0 1065.0 1202.0
928.0 1065.0 1202.0
928.0 1065.0 1202.0
928.0 1065.0 1202.0
928.0 1065.0 1202.0
928.0 1065.0 1202.0
928.0 1065.0 1202.0
928.0 1065.0 1202.0
928.0 1065.0 1202.0
928.0 1065.0 1202.0
928.0 1065.0 1202.0
928.0 1065.0 1202.0
928.0 1065.0 1202.0
928.0 1065.0 1202.0
928.0 1065.0 1202.0
928.0 1065.0 1202.0
928.0 1065.0 1202.0
928.0 1065.0 1202.0
928.0 1065.0 1202.0
928.0 1065.0 1202.0
928.0 1065.0 1202.0
928.0 1065.0 1202.0
928.0 1065.0 1202.0
928.0 1065.0 1202.0
928.0 1065.0 1202.0
928.0 1065.0 1202.0
928.0 1065.0 1202.0
928.0 1065.0 1202.0
928.0 1065.0 1202.0
928.0 1065.0 1202.0
928.0 1065.0 1202.0
928.0 1065.0 1202.0
928.0 1065.0 1202.0
928.0 1065.0 1202.0
928.0 1065.0 1202.0
928.0 1065.0 1202.0
928.0 1065.0 1202.0
928.0 1065.0 1202.0
928.0 1065.0 1202.0
928.0 1065.0 1202.0
928.0 1065.0 1202.0
928.0 1065.0 1202.0
928.0 1065.0 1202.0
928.0 1065.0 1202.0
928.0 1065.0 1202.0
928.0 1065.0 1202.0
928.0 1065.0 1202.0
928.0 1065.0 1202.0
928.0 1065.0 1202.0
928.0 1065.0 1202.0
928.0 1065.0 1202.0
928.0 1065.0 1202.0
928.0 1065.0 1202.0
928.0 1065.0 1202.0
928.0 1065.0 1202.0
928.0 1065.0 1202.0
928.0 1065.0 1202.0
928.0 1065.0 1202.0
928.0 1065.0 1202.0
928.0 1065.0 1202.0
928.0 1065.0 1202.0
928.0 1065.0 1202.0
928.0 1065.0 1202.0
928.0 1065.0 1202.0
928.0 1065.0 1202.0
928.0 1065.0 1202.0
928.0 1065.0 1202.0
928.0 1065.0 1202.0
928.0 1065.0 1202.0
928.0 1065.0 1202.0
928.0 1065.0 1202.0
928.0 1065.0 1202.0
928.0 1065.0 1202.0
928.0 1065.0 1202.0
928.0 1065.0 1202.0
928.0 1065.0 1202.0
928.0 1065.0 1202.0
928.0 1065.0 1202.0
928.0 1065.0 1202.0
928.0 1065.0 1202.0
928.0 1065.0 1202.0
928.0 1065.0 1202.0
928.0 1065.0 1202.0
928.0 1065.0 1202.0
928.0 1065.0 1202.0
928.0 1065.0 1202.0
928.0 1065.0 1202.0
928.0 1065.0 1202.0
928.0 1065.0 1202.0
928.0 1065.0 1202.0
928.0 1065.0 1202.0
928.0 1065.0 1202.0
928.0 1065.0 1202.0
928.0 1065.0 1202.0
928.0 1065.0 1202.0
928.0 1065.0 1202.0
928.0 1065.0 1202.0
928.0 1065.0 1202.0
928.0 1065.0 1202.0
928.0 1065.0 1202.0
928.0 1065.0 1202.0
928.0 1065.0 1202.0
928.0 1065.0 1202.0
