12120.0 13319.5 14519.0
10963.0 11279.0 11595.0
9480.0 10001.0 10522.0
6101.0 7903.0 9705.0
5774.0 6141.0 6508.0
3960.0 5602.0 7244.0
2551.0 2966.5 3382.0
2551.0 2702.0 2853.0
2551.0 2760.5 2970.0
2551.0 2756.0 2961.0
2115.0 2333.0 2551.0
1971.0 2389.0 2807.0
1904.0 1950.0 1996.0
1558.0 1731.0 1904.0
1558.0 1677.0 1796.0
1558.0 1677.0 1796.0
1558.0 1677.0 1796.0
1558.0 1677.0 1796.0
1558.0 1677.0 1796.0
1558.0 1677.0 1796.0
1558.0 1677.0 1796.0
1558.0 1677.0 1796.0
1558.0 1677.0 1796.0
1558.0 1677.0 1796.0
1558.0 1677.0 1796.0
1558.0 1677.0 1796.0
1558.0 1677.0 1796.0
1522.0 1540.0 1558.0
1522.0 1540.0 1558.0
1522.0 1540.0 1558.0
1522.0 1540.0 1558.0
1522.0 1540.0 1558.0
1522.0 1540.0 1558.0
1522.0 1540.0 1558.0
1522.0 1540.0 1558.0
1522.0 1540.0 1558.0
1522.0 1540.0 1558.0
1522.0 1540.0 1558.0
1522.0 1540.0 1558.0
1522.0 1540.0 1558.0
1522.0 1540.0 1558.0
1522.0 1540.0 1558.0
1522.0 1540.0 1558.0
1522.0 1540.0 1558.0
1522.0 1540.0 1558.0
1522.0 1540.0 1558.0
1522.0 1540.0 1558.0
1522.0 1540.0 1558.0
1522.0 1540.0 1558.0
1392.0 1475.0 1558.0
1247.0 1402.5 1558.0
1264.0 1411.0 1558.0
1204.0 1381.0 1558.0
1204.0 1381.0 1558.0
1204.0 1381.0 1558.0
1204.0 1381.0 1558.0
1204.0 1381.0 1558.0
1204.0 1381.0 1558.0
1204.0 1381.0 1558.0
1204.0 1381.0 1558.0
1204.0 1381.0 1558.0
1204.0 1381.0 1558.0
1204.0 1381.0 1558.0
1204.0 1381.0 1558.0
1204.0 1381.0 1558.0
1204.0 1381.0 1558.0
1204.0 1381.0 1558.0
1204.0 1381.0 1558.0
1204.0 1381.0 1558.0
1204.0 1381.0 1558.0
1204.0 1381.0 1558.0
1204.0 1381.0 1558.0
1204.0 1381.0 1558.0
1204.0 1381.0 1558.0
1204.0 1381.0 1558.0
1204.0 1381.0 1558.0
1204.0 1381.0 1558.0
1204.0 1381.0 1558.0
1204.0 1381.0 1558.0
1204.0 1381.0 1558.0
1204.0 1381.0 1558.0
1204.0 1381.0 1558.0
1204.0 1381.0 1558.0
1204.0 1381.0 1558.0
1204.0 1381.0 1558.0
1204.0 1381.0 1558.0
1204.0 1381.0 1558.0
1204.0 1381.0 1558.0
1204.0 1381.0 1558.0
1204.0 1381.0 1558.0
1204.0 1381.0 1558.0
1204.0 1381.0 1558.0
1204.0 1381.0 1558.0
1204.0 1381.0 1558.0
1204.0 1381.0 1558.0
1204.0 1381.0 1558.0
1204.0 1381.0 1558.0
1204.0 1381.0 1558.0
1204.0 1381.0 1558.0
1204.0 1381.0 1558.0
1204.0 1381.0 1558.0
1204.0 1381.0 1558.0
1204.0 1381.0 1558.0
1204.0 1381.0 1558.0
1204.0 1381.0 1558.0
1204.0 1381.0 1558.0
1204.0 1381.0 1558.0
1204.0 1381.0 1558.0
1204.0 1381.0 1558.0
1204.0 1381.0 1558.0
1204.0 1381.0 1558.0
1204.0 1381.0 1558.0
1204.0 1381.0 1558.0
1204.0 1381.0 1558.0
1204.0 1381.0 1558.0
1204.0 1381.0 1558.0
1204.0 1381.0 1558.0
1204.0 1381.0 1558.0
1204.0 1381.0 1558.0
1204.0 1381.0 1558.0
1204.0 1381.0 1558.0
1204.0 1381.0 1558.0
1204.0 1381.0 1558.0
1204.0 1381.0 1558.0
1204.0 1381.0 1558.0
1204.0 1381.0 1558.0
1204.0 1381.0 1558.0
1204.0 1381.0 1558.0
1204.0 1381.0 1558.0
1204.0 1381.0 1558.0
1204.0 1381.0 1558.0
1204.0 1381.0 1558.0
1204.0 1381.0 1558.0
1204.0 1381.0 1558.0
1183.0 1370.5 1558.0
1183.0 1370.5 1558.0
1183.0 1370.5 1558.0
1183.0 1370.5 1558.0
1183.0 1370.5 1558.0
1183.0 1370.5 1558.0
1183.0 1370.5 1558.0
1183.0 1370.5 1558.0
1183.0 1370.5 1558.0
1183.0 1370.5 1558.0
1183.0 1370.5 1558.0
1183.0 1370.5 1558.0
1183.0 1370.5 1558.0
1183.0 1370.5 1558.0
1183.0 1370.5 1558.0
1183.0 1370.5 1558.0
1183.0 1370.5 1558.0
1183.0 1370.5 1558.0
1183.0 1370.5 1558.0
1183.0 1370.5 1558.0
1183.0 1370.5 1558.0
1183.0 1370.5 1558.0
1183.0 1370.5 1558.0
1183.0 1370.5 1558.0
1183.0 1370.5 1558.0
1183.0 1370.5 1558.0
1183.0 1370.5 1558.0
1183.0 1370.5 1558.0
1183.0 1370.5 1558.0
1183.0 1370.5 1558.0
1183.0 1370.5 1558.0
1183.0 1370.5 1558.0
1183.0 1370.5 1558.0
1183.0 1370.5 1558.0
1183.0 1370.5 1558.0
1183.0 1370.5 1558.0
1183.0 1370.5 1558.0
1183.0 1370.5 1558.0
1183.0 1370.5 1558.0
1183.0 1370.5 1558.0
1183.0 1370.5 1558.0
1183.0 1370.5 1558.0
1183.0 1370.5 1558.0
1183.0 1370.5 1558.0
1183.0 1370.5 1558.0
1183.0 1370.5 1558.0
1183.0 1370.5 1558.0
1183.0 1370.5 1558.0
1183.0 1370.5 1558.0
1183.0 1370.5 1558.0
1183.0 1370.5 1558.0
1183.0 1370.5 1558.0
1183.0 1370.5 1558.0
1183.0 1370.5 1558.0
1183.0 1370.5 1558.0
1183.0 1370.5 1558.0
1183.0 1370.5 1558.0
1183.0 1370.5 1558.0
1183.0 1370.5 1558.0
1183.0 1370.5 1558.0
1183.0 1370.5 1558.0
1183.0 1370.5 1558.0
1183.0 1370.5 1558.0
1183.0 1370.5 1558.0
1183.0 1370.5 1558.0
1183.0 1370.5 1558.0
