14056.0 14966.0 15876.0
9019.0 10541.5 12064.0
8690.0 8804.0 8918.0
6948.0 7129.5 7311.0
4676.0 5993.5 7311.0
4676.0 5333.5 5991.0
3999.0 4477.0 4955.0
2861.0 3392.0 3923.0
2883.0 3209.5 3536.0
2883.0 3209.5 3536.0
2883.0 3209.5 3536.0
2080.0 2174.0 2268.0
2080.0 2378.5 2677.0
2080.0 2183.5 2287.0
2080.0 2206.5 2333.0
1955.0 2017.5 2080.0
1955.0 2017.5 2080.0
1748.0 1851.5 1955.0
1149.0 1552.0 1955.0
1149.0 1552.0 1955.0
1149.0 1552.0 1955.0
1149.0 1552.0 1955.0
1149.0 1552.0 1955.0
1149.0 1552.0 1955.0
1149.0 1552.0 1955.0
1149.0 1552.0 1955.0
1149.0 1552.0 1955.0
1149.0 1552.0 1955.0
1149.0 1552.0 1955.0
1149.0 1552.0 1955.0
1149.0 1552.0 1955.0
1149.0 1552.0 1955.0
1149.0 1552.0 1955.0
1149.0 1552.0 1955.0
1149.0 1552.0 1955.0
1149.0 1552.0 1955.0
1149.0 1552.0 1955.0
1149.0 1552.0 1955.0
1149.0 1552.0 1955.0
1149.0 1552.0 1955.0
1149.0 1424.0 1699.0
1149.0 1467.0 1785.0
1149.0 1467.0 1785.0
1149.0 1239.5 1330.0
1149.0 1239.5 1330.0
1149.0 1239.5 1330.0
1149.0 1239.5 1330.0
1149.0 1239.5 1330.0
1149.0 1239.5 1330.0
1149.0 1239.5 1330.0
1149.0 1239.5 1330.0
1149.0 1239.5 1330.0
1149.0 1239.5 1330.0
1149.0 1239.5 1330.0
1149.0 1239.5 1330.0
1149.0 1239.5 1330.0
1149.0 1239.5 1330.0
1149.0 1239.5 1330.0
1149.0 1239.5 1330.0
1149.0 1239.5 1330.0
1149.0 1239.5 1330.0
1149.0 1239.5 1330.0
1149.0 1239.5 1330.0
1149.0 1239.5 1330.0
1149.0 1239.5 1330.0
1149.0 1239.5 1330.0
1149.0 1239.5 1330.0
1149.0 1239.5 1330.0
1149.0 1239.5 1330.0
1149.0 1239.5 1330.0
1149.0 1239.5 1330.0
1149.0 1239.5 1330.0
1149.0 1239.5 1330.0
1149.0 1239.5 1330.0
1149.0 1239.5 1330.0
1149.0 1239.5 1330.0
1149.0 1239.5 1330.0
1149.0 1239.5 1330.0
1149.0 1239.5 1330.0
1149.0 1239.5 1330.0
1149.0 1239.5 1330.0
1286.0 1308.0 1330.0
1286.0 1308.0 1330.0
1286.0 1308.0 1330.0
1286.0 1308.0 1330.0
1286.0 1308.0 1330.0
1286.0 1308.0 1330.0
1286.0 1308.0 1330.0
1286.0 1308.0 1330.0
1286.0 1308.0 1330.0
1286.0 1308.0 1330.0
1286.0 1308.0 1330.0
1286.0 1308.0 1330.0
1286.0 1308.0 1330.0
1286.0 1308.0 1330.0
1286.0 1308.0 1330.0
1286.0 1308.0 1330.0
1286.0 1308.0 1330.0
1286.0 1308.0 1330.0
1286.0 1308.0 1330.0
1286.0 1308.0 1330.0
1286.0 1308.0 1330.0
1286.0 1308.0 1330.0
1286.0 1308.0 1330.0
1286.0 1308.0 1330.0
1286.0 1308.0 1330.0
1286.0 1308.0 1330.0
1286.0 1308.0 1330.0
1286.0 1308.0 1330.0
1286.0 1308.0 1330.0
1286.0 1308.0 1330.0
1286.0 1308.0 1330.0
1286.0 1308.0 1330.0
1286.0 1308.0 1330.0
1286.0 1308.0 1330.0
1286.0 1308.0 1330.0
1286.0 1308.0 1330.0
1286.0 1308.0 1330.0
1286.0 1308.0 1330.0
1286.0 1308.0 1330.0
1286.0 1308.0 1330.0
1286.0 1308.0 1330.0
1286.0 1308.0 1330.0
1286.0 1308.0 1330.0
1286.0 1308.0 1330.0
1286.0 1308.0 1330.0
1286.0 1308.0 1330.0
1286.0 1308.0 1330.0
1286.0 1308.0 1330.0
1286.0 1308.0 1330.0
1286.0 1308.0 1330.0
1286.0 1308.0 1330.0
1286.0 1308.0 1330.0
1286.0 1308.0 1330.0
1286.0 1308.0 1330.0
1286.0 1308.0 1330.0
1286.0 1451.0 1616.0
1286.0 1451.0 1616.0
1286.0 1451.0 1616.0
1286.0 1451.0 1616.0
1286.0 1451.0 1616.0
1286.0 1451.0 1616.0
1286.0 1451.0 1616.0
1286.0 1451.0 1616.0
1286.0 1451.0 1616.0
1286.0 1451.0 1616.0
1286.0 1451.0 1616.0
1286.0 1451.0 1616.0
1286.0 1451.0 1616.0
1286.0 1451.0 1616.0
1286.0 1451.0 1616.0
1286.0 1451.0 1616.0
1286.0 1451.0 1616.0
1286.0 1451.0 1616.0
1286.0 1451.0 1616.0
1286.0 1451.0 1616.0
1286.0 1451.0 1616.0
1286.0 1451.0 1616.0
1286.0 1451.0 1616.0
1286.0 1451.0 1616.0
1286.0 1451.0 1616.0
1286.0 1451.0 1616.0
1286.0 1451.0 1616.0
1286.0 1451.0 1616.0
1286.0 1451.0 1616.0
1286.0 1451.0 1616.0
1286.0 1451.0 1616.0
1286.0 1451.0 1616.0
1286.0 1451.0 1616.0
1286.0 1451.0 1616.0
1286.0 1451.0 1616.0
1286.0 1451.0 1616.0
1286.0 1451.0 1616.0
1286.0 1451.0 1616.0
1286.0 1451.0 1616.0
1286.0 1451.0 1616.0
1286.0 1451.0 1616.0
1286.0 1451.0 1616.0
1286.0 1451.0 1616.0
1286.0 1451.0 1616.0
1286.0 1451.0 1616.0
1286.0 1451.0 1616.0
1286.0 1451.0 1616.0
1286.0 1451.0 1616.0
1286.0 1451.0 1616.0
1286.0 1451.0 1616.0
1286.0 1451.0 1616.0
1286.0 1451.0 1616.0
1286.0 1451.0 1616.0
1286.0 1451.0 1616.0
1286.0 1451.0 1616.0
1286.0 1451.0 1616.0
1286.0 1451.0 1616.0
1286.0 1451.0 1616.0
1286.0 1451.0 1616.0
1286.0 1451.0 1616.0
1286.0 1451.0 1616.0
1286.0 1451.0 1616.0
1286.0 1451.0 1616.0
1286.0 1451.0 1616.0
