12910.0 13926.5 14943.0
12234.0 12304.5 12375.0
7226.0 9325.0 11424.0
7226.0 8213.0 9200.0
5551.0 5551.5 5552.0
5551.0 5551.5 5552.0
3935.0 4015.5 4096.0
2376.0 3053.0 3730.0
2311.0 2837.5 3364.0
2311.0 2752.0 3193.0
2376.0 3081.5 3787.0
2376.0 2513.5 2651.0
2376.0 2563.5 2751.0
2376.0 2563.5 2751.0
2376.0 2563.5 2751.0
1955.0 2074.0 2193.0
1719.0 1956.0 2193.0
1719.0 1928.0 2137.0
1719.0 1928.0 2137.0
1719.0 1890.5 2062.0
1719.0 1890.5 2062.0
1719.0 1890.5 2062.0
1621.0 1670.0 1719.0
1621.0 1670.0 1719.0
1396.0 1557.5 1719.0
1396.0 1557.5 1719.0
1396.0 1557.5 1719.0
1396.0 1557.5 1719.0
1396.0 1557.5 1719.0
1396.0 1557.5 1719.0
1396.0 1557.5 1719.0
1396.0 1557.5 1719.0
1396.0 1557.5 1719.0
1396.0 1557.5 1719.0
1396.0 1511.5 1627.0
1396.0 1511.5 1627.0
1396.0 1511.5 1627.0
1396.0 1511.5 1627.0
1396.0 1511.5 1627.0
1396.0 1511.5 1627.0
1396.0 1511.5 1627.0
1396.0 1511.5 1627.0
1396.0 1511.5 1627.0
1396.0 1511.5 1627.0
1396.0 1511.5 1627.0
1396.0 1511.5 1627.0
1396.0 1511.5 1627.0
1396.0 1511.5 1627.0
1396.0 1511.5 1627.0
1396.0 1511.5 1627.0
1396.0 1511.5 1627.0
1396.0 1511.5 1627.0
1396.0 1511.5 1627.0
1396.0 1511.5 1627.0
1396.0 1511.5 1627.0
1396.0 1511.5 1627.0
1396.0 1511.5 1627.0
1396.0 1511.5 1627.0
1322.0 1474.5 1627.0
1322.0 1474.5 1627.0
1322.0 1474.5 1627.0
1322.0 1474.5 1627.0
1322.0 1474.5 1627.0
1322.0 1474.5 1627.0
1322.0 1474.5 1627.0
1322.0 1474.5 1627.0
1322.0 1474.5 1627.0
1322.0 1474.5 1627.0
1322.0 1474.5 1627.0
1322.0 1474.5 1627.0
1322.0 1474.5 1627.0
1322.0 1474.5 1627.0
1322.0 1474.5 1627.0
1322.0 1474.5 1627.0
1322.0 1474.5 1627.0
1322.0 1474.5 1627.0
1322.0 1474.5 1627.0
1322.0 1474.5 1627.0
1322.0 1474.5 1627.0
1322.0 1474.5 1627.0
1322.0 1484.0 1646.0
1216.0 1269.0 1322.0
1216.0 1269.0 1322.0
1216.0 1269.0 1322.0
1216.0 1269.0 1322.0
1216.0 1269.0 1322.0
1216.0 1269.0 1322.0
1216.0 1269.0 1322.0
1216.0 1269.0 1322.0
1216.0 1269.0 1322.0
1216.0 1269.0 1322.0
1216.0 1269.0 1322.0
1216.0 1269.0 1322.0
1216.0 1269.0 1322.0
1216.0 1269.0 1322.0
1216.0 1269.0 1322.0
1216.0 1269.0 1322.0
1216.0 1269.0 1322.0
1216.0 1269.0 1322.0
1216.0 1269.0 1322.0
1216.0 1269.0 1322.0
1216.0 1269.0 1322.0
1216.0 1269.0 1322.0
1216.0 1269.0 1322.0
1216.0 1269.0 1322.0
1216.0 1269.0 1322.0
1216.0 1269.0 1322.0
1216.0 1269.0 1322.0
1216.0 1269.0 1322.0
1216.0 1269.0 1322.0
1216.0 1269.0 1322.0
1216.0 1269.0 1322.0
1216.0 1269.0 1322.0
1216.0 1269.0 1322.0
1216.0 1269.0 1322.0
1216.0 1269.0 1322.0
1216.0 1269.0 1322.0
1216.0 1269.0 1322.0
1216.0 1269.0 1322.0
1216.0 1269.0 1322.0
1216.0 1269.0 1322.0
1216.0 1269.0 1322.0
1216.0 1269.0 1322.0
1216.0 1269.0 1322.0
1216.0 1269.0 1322.0
1216.0 1269.0 1322.0
1216.0 1269.0 1322.0
1216.0 1269.0 1322.0
1216.0 1269.0 1322.0
1216.0 1269.0 1322.0
1216.0 1269.0 1322.0
1216.0 1269.0 1322.0
1216.0 1269.0 1322.0
1216.0 1269.0 1322.0
1216.0 1269.0 1322.0
1216.0 1305.0 1394.0
1042.0 1129.0 1216.0
1042.0 1129.0 1216.0
1042.0 1129.0 1216.0
1042.0 1129.0 1216.0
1042.0 1129.0 1216.0
1042.0 1129.0 1216.0
1042.0 1129.0 1216.0
1042.0 1129.0 1216.0
1042.0 1129.0 1216.0
1042.0 1129.0 1216.0
1042.0 1129.0 1216.0
1042.0 1129.0 1216.0
1042.0 1129.0 1216.0
1042.0 1129.0 1216.0
1042.0 1129.0 1216.0
1042.0 1129.0 1216.0
1042.0 1129.0 1216.0
1042.0 1129.0 1216.0
1042.0 1129.0 1216.0
1042.0 1129.0 1216.0
1042.0 1129.0 1216.0
1042.0 1129.0 1216.0
1042.0 1129.0 1216.0
1042.0 1129.0 1216.0
1042.0 1129.0 1216.0
1042.0 1129.0 1216.0
1042.0 1129.0 1216.0
1042.0 1129.0 1216.0
1042.0 1129.0 1216.0
1042.0 1129.0 1216.0
1042.0 1129.0 1216.0
1042.0 1129.0 1216.0
1042.0 1129.0 1216.0
1042.0 1129.0 1216.0
1042.0 1129.0 1216.0
1042.0 1129.0 1216.0
1042.0 1129.0 1216.0
1042.0 1129.0 1216.0
1042.0 1129.0 1216.0
1042.0 1129.0 1216.0
1042.0 1129.0 1216.0
1042.0 1129.0 1216.0
1042.0 1129.0 1216.0
1042.0 1129.0 1216.0
1042.0 1129.0 1216.0
1042.0 1129.0 1216.0
1042.0 1129.0 1216.0
1042.0 1129.0 1216.0
1042.0 1129.0 1216.0
1042.0 1129.0 1216.0
1042.0 1129.0 1216.0
1042.0 1129.0 1216.0
1042.0 1129.0 1216.0
1042.0 1129.0 1216.0
1042.0 1129.0 1216.0
1042.0 1129.0 1216.0
1042.0 1129.0 1216.0
1042.0 1129.0 1216.0
1042.0 1129.0 1216.0
1042.0 1129.0 1216.0
1042.0 1129.0 1216.0
1042.0 1129.0 1216.0
1042.0 1129.0 1216.0
1042.0 1129.0 1216.0
