10719.0 11567.0 12415.0
10469.0 10898.5 11328.0
6547.0 7722.0 8897.0
5073.0 6416.0 7759.0
4687.0 5014.5 5342.0
3002.0 3744.5 4487.0
2923.0 3021.5 3120.0
1784.0 1897.0 2010.0
1784.0 1897.0 2010.0
1713.0 1821.0 1929.0
1713.0 1821.0 1929.0
1430.0 1679.5 1929.0
1353.0 1641.0 1929.0
1166.0 1547.5 1929.0
1102.0 1515.5 1929.0
1102.0 1515.5 1929.0
1102.0 1515.5 1929.0
1102.0 1515.5 1929.0
1102.0 1515.5 1929.0
1102.0 1515.5 1929.0
1102.0 1400.0 1698.0
1102.0 1400.0 1698.0
1102.0 1400.0 1698.0
1102.0 1400.0 1698.0
1102.0 1400.0 1698.0
1102.0 1400.0 1698.0
1102.0 1400.0 1698.0
1102.0 1400.0 1698.0
1102.0 1400.0 1698.0
1102.0 1400.0 1698.0
1102.0 1400.0 1698.0
1102.0 1400.0 1698.0
1102.0 1400.0 1698.0
1102.0 1400.0 1698.0
1102.0 1400.0 1698.0
1102.0 1400.0 1698.0
1102.0 1400.0 1698.0
1102.0 1400.0 1698.0
1102.0 1400.0 1698.0
1102.0 1400.0 1698.0
1102.0 1400.0 1698.0
1102.0 1400.0 1698.0
1102.0 1400.0 1698.0
1102.0 1400.0 1698.0
1102.0 1400.0 1698.0
1102.0 1400.0 1698.0
1102.0 1400.0 1698.0
1102.0 1400.0 1698.0
1102.0 1400.0 1698.0
1102.0 1400.0 1698.0
1102.0 1400.0 1698.0
1102.0 1400.0 1698.0
1102.0 1400.0 1698.0
1102.0 1400.0 1698.0
1102.0 1400.0 1698.0
1102.0 1400.0 1698.0
1102.0 1400.0 1698.0
1102.0 1400.0 1698.0
1102.0 1400.0 1698.0
1102.0 1400.0 1698.0
1102.0 1400.0 1698.0
1102.0 1400.0 1698.0
1102.0 1400.0 1698.0
1102.0 1400.0 1698.0
1102.0 1400.0 1698.0
1102.0 1400.0 1698.0
1102.0 1400.0 1698.0
1102.0 1400.0 1698.0
1102.0 1400.0 1698.0
1102.0 1400.0 1698.0
1102.0 1400.0 1698.0
1102.0 1400.0 1698.0
1102.0 1400.0 1698.0
1102.0 1400.0 1698.0
1102.0 1400.0 1698.0
1102.0 1400.0 1698.0
1102.0 1400.0 1698.0
1102.0 1400.0 1698.0
1102.0 1400.0 1698.0
1102.0 1400.0 1698.0
1102.0 1400.0 1698.0
1102.0 1400.0 1698.0
1102.0 1400.0 1698.0
1102.0 1400.0 1698.0
1102.0 1400.0 1698.0
1102.0 1400.0 1698.0
1102.0 1400.0 1698.0
1102.0 1400.0 1698.0
1102.0 1400.0 1698.0
1102.0 1400.0 1698.0
1102.0 1400.0 1698.0
1102.0 1400.0 1698.0
1102.0 1400.0 1698.0
1102.0 1400.0 1698.0
1102.0 1400.0 1698.0
1102.0 1400.0 1698.0
1102.0 1400.0 1698.0
1102.0 1400.0 1698.0
1102.0 1400.0 1698.0
1102.0 1400.0 1698.0
1102.0 1400.0 1698.0
1102.0 1400.0 1698.0
1102.0 1400.0 1698.0
1102.0 1400.0 1698.0
1102.0 1400.0 1698.0
1102.0 1400.0 1698.0
1102.0 1400.0 1698.0
1102.0 1400.0 1698.0
1102.0 1400.0 1698.0
1102.0 1400.0 1698.0
1102.0 1400.0 1698.0
1102.0 1400.0 1698.0
1102.0 1400.0 1698.0
1102.0 1400.0 1698.0
1102.0 1400.0 1698.0
1102.0 1400.0 1698.0
1102.0 1400.0 1698.0
1102.0 1400.0 1698.0
1102.0 1400.0 1698.0
1102.0 1400.0 1698.0
1102.0 1400.0 1698.0
1102.0 1400.0 1698.0
1102.0 1400.0 1698.0
1102.0 1400.0 1698.0
1102.0 1400.0 1698.0
1102.0 1400.0 1698.0
1102.0 1400.0 1698.0
1102.0 1400.0 1698.0
1102.0 1400.0 1698.0
1102.0 1400.0 1698.0
1102.0 1400.0 1698.0
1102.0 1400.0 1698.0
1102.0 1400.0 1698.0
1102.0 1400.0 1698.0
1102.0 1400.0 1698.0
1102.0 1400.0 1698.0
1102.0 1400.0 1698.0
1102.0 1400.0 1698.0
1102.0 1400.0 1698.0
1102.0 1400.0 1698.0
1102.0 1400.0 1698.0
1102.0 1400.0 1698.0
1102.0 1400.0 1698.0
1102.0 1400.0 1698.0
1102.0 1400.0 1698.0
1102.0 1400.0 1698.0
1102.0 1400.0 1698.0
1102.0 1400.0 1698.0
1102.0 1400.0 1698.0
1102.0 1303.0 1504.0
1102.0 1186.0 1270.0
1102.0 1160.0 1218.0
1102.0 1153.0 1204.0
1102.0 1153.0 1204.0
1068.0 1085.0 1102.0
1068.0 1085.0 1102.0
1102.0 1115.0 1128.0
1102.0 1115.0 1128.0
1102.0 1115.0 1128.0
1102.0 1115.0 1128.0
1102.0 1115.0 1128.0
1102.0 1115.0 1128.0
1102.0 1115.0 1128.0
1102.0 1115.0 1128.0
1102.0 1115.0 1128.0
1102.0 1115.0 1128.0
1102.0 1115.0 1128.0
1102.0 1115.0 1128.0
1102.0 1115.0 1128.0
1102.0 1115.0 1128.0
1102.0 1115.0 1128.0
1102.0 1115.0 1128.0
1102.0 1115.0 1128.0
1102.0 1115.0 1128.0
1102.0 1115.0 1128.0
1102.0 1115.0 1128.0
1102.0 1115.0 1128.0
1102.0 1115.0 1128.0
1102.0 1115.0 1128.0
1102.0 1115.0 1128.0
1102.0 1115.0 1128.0
1102.0 1115.0 1128.0
1102.0 1115.0 1128.0
1102.0 1115.0 1128.0
1102.0 1115.0 1128.0
1102.0 1115.0 1128.0
1102.0 1115.0 1128.0
1102.0 1115.0 1128.0
1102.0 1115.0 1128.0
1102.0 1115.0 1128.0
1102.0 1115.0 1128.0
1102.0 1115.0 1128.0
1102.0 1115.0 1128.0
1102.0 1115.0 1128.0
1102.0 1115.0 1128.0
1102.0 1115.0 1128.0
1102.0 1115.0 1128.0
1102.0 1115.0 1128.0
1102.0 1115.0 1128.0
1102.0 1115.0 1128.0
