15611.0 15791.5 15972.0
11654.0 11975.5 12297.0
9730.0 11509.5 13289.0
7170.0 7563.0 7956.0
6515.0 6537.5 6560.0
4610.0 5078.5 5547.0
4337.0 4457.5 4578.0
3113.0 3541.5 3970.0
3113.0 3647.5 4182.0
2806.0 2994.5 3183.0
1861.0 2358.0 2855.0
1861.0 1924.5 1988.0
1861.0 1924.5 1988.0
1861.0 1924.5 1988.0
1861.0 1924.5 1988.0
1861.0 1924.5 1988.0
1372.0 1616.5 1861.0
1372.0 1616.5 1861.0
1372.0 1616.5 1861.0
1372.0 1616.5 1861.0
1372.0 1616.5 1861.0
1372.0 1616.5 1861.0
1372.0 1616.5 1861.0
1372.0 1616.5 1861.0
1372.0 1616.5 1861.0
1372.0 1616.5 1861.0
1372.0 1616.5 1861.0
1372.0 1639.0 1906.0
1372.0 1639.0 1906.0
1372.0 1639.0 1906.0
1372.0 1639.0 1906.0
1372.0 1639.0 1906.0
1372.0 1639.0 1906.0
1372.0 1639.0 1906.0
1372.0 1639.0 1906.0
1372.0 1639.0 1906.0
1372.0 1639.0 1906.0
1372.0 1639.0 1906.0
1372.0 1639.0 1906.0
1372.0 1639.0 1906.0
1372.0 1639.0 1906.0
1372.0 1639.0 1906.0
1372.0 1639.0 1906.0
1372.0 1639.0 1906.0
1372.0 1639.0 1906.0
1372.0 1639.0 1906.0
1372.0 1457.0 1542.0
1372.0 1457.0 1542.0
1372.0 1457.0 1542.0
1372.0 1393.0 1414.0
1372.0 1393.0 1414.0
1265.0 1318.5 1372.0
1265.0 1318.5 1372.0
1265.0 1318.5 1372.0
1265.0 1318.5 1372.0
1265.0 1318.5 1372.0
1265.0 1318.5 1372.0
1265.0 1318.5 1372.0
1265.0 1318.5 1372.0
1265.0 1318.5 1372.0
1265.0 1318.5 1372.0
1265.0 1318.5 1372.0
1265.0 1318.5 1372.0
1265.0 1318.5 1372.0
1265.0 1318.5 1372.0
1265.0 1318.5 1372.0
1265.0 1318.5 1372.0
1265.0 1318.5 1372.0
1265.0 1318.5 1372.0
1265.0 1318.5 1372.0
1265.0 1318.5 1372.0
1265.0 1318.5 1372.0
1265.0 1318.5 1372.0
1265.0 1318.5 1372.0
1265.0 1318.5 1372.0
1265.0 1318.5 1372.0
1265.0 1318.5 1372.0
1265.0 1318.5 1372.0
1265.0 1318.5 1372.0
1265.0 1318.5 1372.0
1265.0 1318.5 1372.0
1265.0 1318.5 1372.0
1265.0 1318.5 1372.0
1265.0 1318.5 1372.0
1265.0 1318.5 1372.0
1265.0 1318.5 1372.0
1265.0 1318.5 1372.0
1265.0 1318.5 1372.0
1265.0 1318.5 1372.0
1265.0 1318.5 1372.0
1265.0 1318.5 1372.0
1265.0 1318.5 1372.0
1265.0 1318.5 1372.0
1265.0 1318.5 1372.0
1265.0 1318.5 1372.0
1265.0 1318.5 1372.0
1265.0 1318.5 1372.0
1265.0 1318.5 1372.0
1265.0 1318.5 1372.0
1265.0 1318.5 1372.0
1265.0 1318.5 1372.0
1265.0 1318.5 1372.0
1265.0 1318.5 1372.0
1265.0 1318.5 1372.0
1265.0 1318.5 1372.0
1265.0 1318.5 1372.0
1265.0 1318.5 1372.0
1265.0 1318.5 1372.0
1265.0 1318.5 1372.0
1265.0 1318.5 1372.0
1265.0 1318.5 1372.0
1265.0 1318.5 1372.0
1265.0 1318.5 1372.0
1265.0 1318.5 1372.0
1265.0 1318.5 1372.0
1265.0 1318.5 1372.0
1265.0 1318.5 1372.0
1265.0 1318.5 1372.0
1265.0 1318.5 1372.0
1265.0 1318.5 1372.0
1265.0 1318.5 1372.0
1265.0 1318.5 1372.0
1265.0 1318.5 1372.0
1265.0 1318.5 1372.0
1265.0 1318.5 1372.0
1265.0 1318.5 1372.0
1265.0 1318.5 1372.0
1265.0 1318.5 1372.0
1265.0 1318.5 1372.0
1265.0 1318.5 1372.0
1265.0 1318.5 1372.0
1265.0 1318.5 1372.0
1265.0 1318.5 1372.0
1265.0 1318.5 1372.0
1265.0 1318.5 1372.0
1265.0 1318.5 1372.0
1265.0 1318.5 1372.0
1265.0 1318.5 1372.0
1265.0 1318.5 1372.0
1265.0 1318.5 1372.0
1265.0 1318.5 1372.0
1265.0 1318.5 1372.0
1265.0 1318.5 1372.0
1265.0 1318.5 1372.0
1265.0 1318.5 1372.0
1265.0 1318.5 1372.0
1265.0 1318.5 1372.0
1265.0 1318.5 1372.0
1265.0 1318.5 1372.0
1265.0 1318.5 1372.0
1265.0 1318.5 1372.0
1265.0 1318.5 1372.0
1265.0 1318.5 1372.0
1265.0 1318.5 1372.0
1265.0 1318.5 1372.0
1265.0 1318.5 1372.0
1265.0 1318.5 1372.0
1265.0 1318.5 1372.0
1265.0 1318.5 1372.0
1265.0 1318.5 1372.0
1265.0 1318.5 1372.0
1265.0 1318.5 1372.0
1265.0 1318.5 1372.0
1265.0 1318.5 1372.0
1265.0 1318.5 1372.0
1265.0 1318.5 1372.0
1265.0 1318.5 1372.0
1265.0 1318.5 1372.0
1265.0 1318.5 1372.0
1265.0 1318.5 1372.0
1265.0 1318.5 1372.0
1265.0 1318.5 1372.0
1265.0 1318.5 1372.0
1265.0 1318.5 1372.0
1265.0 1318.5 1372.0
1265.0 1318.5 1372.0
1265.0 1318.5 1372.0
1265.0 1318.5 1372.0
1265.0 1318.5 1372.0
1265.0 1318.5 1372.0
1265.0 1318.5 1372.0
1265.0 1318.5 1372.0
1265.0 1318.5 1372.0
1265.0 1318.5 1372.0
1265.0 1318.5 1372.0
1265.0 1318.5 1372.0
1265.0 1318.5 1372.0
1265.0 1318.5 1372.0
1265.0 1318.5 1372.0
1265.0 1318.5 1372.0
1265.0 1318.5 1372.0
1265.0 1318.5 1372.0
1265.0 1318.5 1372.0
1265.0 1318.5 1372.0
1265.0 1318.5 1372.0
1265.0 1318.5 1372.0
1265.0 1318.5 1372.0
1265.0 1318.5 1372.0
1265.0 1318.5 1372.0
1265.0 1318.5 1372.0
