16958.0 16976.5 16995.0
14581.0 14865.0 15149.0
9547.0 10113.0 10679.0
10017.0 11321.0 12625.0
8648.0 10258.0 11868.0
6909.0 7499.5 8090.0
6027.0 6138.0 6249.0
5261.0 5542.5 5824.0
4519.0 4890.0 5261.0
3362.0 4056.0 4750.0
3362.0 3389.5 3417.0
3362.0 3454.5 3547.0
1742.0 2552.0 3362.0
1742.0 2552.0 3362.0
1742.0 2552.0 3362.0
1742.0 2552.0 3362.0
1742.0 2552.0 3362.0
1742.0 2384.0 3026.0
1742.0 2384.5 3027.0
1742.0 2384.5 3027.0
1742.0 2384.5 3027.0
1742.0 2384.5 3027.0
1742.0 2384.5 3027.0
1742.0 2384.5 3027.0
1742.0 2384.5 3027.0
1742.0 2384.5 3027.0
1742.0 2071.0 2400.0
1695.0 1718.5 1742.0
1691.0 1716.5 1742.0
1691.0 1716.5 1742.0
1691.0 1716.5 1742.0
1691.0 1716.5 1742.0
1691.0 1716.5 1742.0
1691.0 1716.5 1742.0
1691.0 1716.5 1742.0
1691.0 1716.5 1742.0
1691.0 1716.5 1742.0
1691.0 1716.5 1742.0
1691.0 1716.5 1742.0
1691.0 1716.5 1742.0
1691.0 1716.5 1742.0
1691.0 1716.5 1742.0
1691.0 1716.5 1742.0
1691.0 1716.5 1742.0
1691.0 1716.5 1742.0
1691.0 1716.5 1742.0
1691.0 1716.5 1742.0
1691.0 1716.5 1742.0
1691.0 1716.5 1742.0
1691.0 1716.5 1742.0
1691.0 1716.5 1742.0
1691.0 1716.5 1742.0
1691.0 1716.5 1742.0
1691.0 1716.5 1742.0
1691.0 1716.5 1742.0
1691.0 1716.5 1742.0
1691.0 1716.5 1742.0
1691.0 1716.5 1742.0
1691.0 1716.5 1742.0
1691.0 1716.5 1742.0
1691.0 1716.5 1742.0
1691.0 1716.5 1742.0
1691.0 1716.5 1742.0
1691.0 1716.5 1742.0
1691.0 1716.5 1742.0
1691.0 1716.5 1742.0
1691.0 1716.5 1742.0
1691.0 1716.5 1742.0
1691.0 1716.5 1742.0
1691.0 1716.5 1742.0
1691.0 1716.5 1742.0
1691.0 1716.5 1742.0
1691.0 1716.5 1742.0
1691.0 1716.5 1742.0
1691.0 1716.5 1742.0
1691.0 1716.5 1742.0
1691.0 1716.5 1742.0
1691.0 1716.5 1742.0
1691.0 1716.5 1742.0
1691.0 1716.5 1742.0
1691.0 1716.5 1742.0
1691.0 1716.5 1742.0
1691.0 1716.5 1742.0
1691.0 1716.5 1742.0
1691.0 1716.5 1742.0
1691.0 1716.5 1742.0
1691.0 1716.5 1742.0
1691.0 1716.5 1742.0
1691.0 1716.5 1742.0
1691.0 1716.5 1742.0
1691.0 1716.5 1742.0
1691.0 1716.5 1742.0
1691.0 1716.5 1742.0
1691.0 1716.5 1742.0
1691.0 1716.5 1742.0
1691.0 1716.5 1742.0
1691.0 1716.5 1742.0
1691.0 1716.5 1742.0
1691.0 1716.5 1742.0
1691.0 1716.5 1742.0
1691.0 1716.5 1742.0
1691.0 1716.5 1742.0
1691.0 1716.5 1742.0
1691.0 1716.5 1742.0
1691.0 1716.5 1742.0
1691.0 1716.5 1742.0
1509.0 1600.0 1691.0
1509.0 1600.0 1691.0
1509.0 1600.0 1691.0
1509.0 1600.0 1691.0
1509.0 1600.0 1691.0
1509.0 1600.0 1691.0
1509.0 1600.0 1691.0
1509.0 1600.0 1691.0
1509.0 1600.0 1691.0
1509.0 1600.0 1691.0
1509.0 1587.0 1665.0
1509.0 1600.0 1691.0
1509.0 1600.0 1691.0
1509.0 1600.0 1691.0
1509.0 1600.0 1691.0
1509.0 1600.0 1691.0
1509.0 1600.0 1691.0
1509.0 1600.0 1691.0
1509.0 1600.0 1691.0
1509.0 1600.0 1691.0
1509.0 1600.0 1691.0
1509.0 1600.0 1691.0
1509.0 1600.0 1691.0
1509.0 1600.0 1691.0
1509.0 1600.0 1691.0
1509.0 1600.0 1691.0
1509.0 1600.0 1691.0
1509.0 1600.0 1691.0
1509.0 1600.0 1691.0
1509.0 1600.0 1691.0
1509.0 1600.0 1691.0
1509.0 1600.0 1691.0
1509.0 1600.0 1691.0
1509.0 1600.0 1691.0
1509.0 1600.0 1691.0
1509.0 1600.0 1691.0
1509.0 1600.0 1691.0
1509.0 1600.0 1691.0
1509.0 1600.0 1691.0
1509.0 1600.0 1691.0
1509.0 1600.0 1691.0
1509.0 1600.0 1691.0
1509.0 1600.0 1691.0
1509.0 1600.0 1691.0
1509.0 1600.0 1691.0
1509.0 1600.0 1691.0
1509.0 1600.0 1691.0
1509.0 1600.0 1691.0
1509.0 1600.0 1691.0
1509.0 1600.0 1691.0
1509.0 1600.0 1691.0
1509.0 1600.0 1691.0
1509.0 1600.0 1691.0
1509.0 1600.0 1691.0
1509.0 1600.0 1691.0
1509.0 1600.0 1691.0
1509.0 1600.0 1691.0
1509.0 1600.0 1691.0
1509.0 1600.0 1691.0
1509.0 1600.0 1691.0
1509.0 1600.0 1691.0
1509.0 1600.0 1691.0
1509.0 1600.0 1691.0
1509.0 1600.0 1691.0
1509.0 1600.0 1691.0
1509.0 1600.0 1691.0
1509.0 1600.0 1691.0
1509.0 1600.0 1691.0
1509.0 1600.0 1691.0
1509.0 1600.0 1691.0
1626.0 1658.5 1691.0
1626.0 1658.5 1691.0
1626.0 1658.5 1691.0
1626.0 1658.5 1691.0
1626.0 1658.5 1691.0
1626.0 1658.5 1691.0
1626.0 1658.5 1691.0
1626.0 1658.5 1691.0
1626.0 1658.5 1691.0
1626.0 1658.5 1691.0
1626.0 1658.5 1691.0
1626.0 1658.5 1691.0
1626.0 1658.5 1691.0
1626.0 1658.5 1691.0
1626.0 1658.5 1691.0
1626.0 1658.5 1691.0
1626.0 1658.5 1691.0
1626.0 1658.5 1691.0
1626.0 1658.5 1691.0
1626.0 1658.5 1691.0
1626.0 1658.5 1691.0
1626.0 1658.5 1691.0
1626.0 1658.5 1691.0
1626.0 1658.5 1691.0
