9295.0 10517.0 11739.0
7696.0 8751.5 9807.0
7495.0 7744.0 7993.0
4728.0 5325.0 5922.0
3837.0 3843.5 3850.0
2902.0 2999.0 3096.0
1889.0 2480.0 3071.0
1671.0 1860.0 2049.0
1671.0 1830.0 1989.0
1671.0 1728.0 1785.0
1671.0 1779.0 1887.0
1671.0 1779.0 1887.0
1671.0 1779.0 1887.0
1671.0 1779.0 1887.0
1671.0 1779.0 1887.0
1671.0 1779.0 1887.0
1671.0 1779.0 1887.0
1671.0 1779.0 1887.0
1368.0 1627.5 1887.0
1061.0 1356.5 1652.0
1061.0 1356.5 1652.0
1061.0 1152.5 1244.0
1061.0 1152.5 1244.0
947.0 1004.0 1061.0
947.0 1004.0 1061.0
947.0 1004.0 1061.0
947.0 1004.0 1061.0
947.0 1004.0 1061.0
947.0 1004.0 1061.0
947.0 1004.0 1061.0
947.0 1004.0 1061.0
947.0 1004.0 1061.0
947.0 1004.0 1061.0
947.0 1004.0 1061.0
947.0 1004.0 1061.0
947.0 1004.0 1061.0
947.0 1004.0 1061.0
947.0 1004.0 1061.0
947.0 1004.0 1061.0
947.0 1004.0 1061.0
947.0 1004.0 1061.0
947.0 1004.0 1061.0
947.0 1004.0 1061.0
947.0 1004.0 1061.0
947.0 1004.0 1061.0
947.0 1004.0 1061.0
947.0 1004.0 1061.0
947.0 1004.0 1061.0
947.0 1004.0 1061.0
947.0 1004.0 1061.0
947.0 1004.0 1061.0
947.0 1004.0 1061.0
947.0 1004.0 1061.0
947.0 1004.0 1061.0
947.0 1004.0 1061.0
947.0 1004.0 1061.0
947.0 1004.0 1061.0
947.0 1004.0 1061.0
947.0 1004.0 1061.0
947.0 1004.0 1061.0
947.0 1004.0 1061.0
947.0 1004.0 1061.0
947.0 1004.0 1061.0
947.0 1004.0 1061.0
947.0 1004.0 1061.0
947.0 1004.0 1061.0
947.0 1004.0 1061.0
947.0 1004.0 1061.0
947.0 1004.0 1061.0
947.0 1004.0 1061.0
947.0 1004.0 1061.0
947.0 1004.0 1061.0
947.0 1004.0 1061.0
947.0 1004.0 1061.0
947.0 1004.0 1061.0
947.0 1004.0 1061.0
947.0 1004.0 1061.0
947.0 1004.0 1061.0
947.0 1004.0 1061.0
947.0 1004.0 1061.0
947.0 1004.0 1061.0
947.0 1004.0 1061.0
947.0 1004.0 1061.0
947.0 1004.0 1061.0
947.0 1004.0 1061.0
947.0 1004.0 1061.0
947.0 1004.0 1061.0
947.0 1034.5 1122.0
947.0 1034.5 1122.0
947.0 1034.5 1122.0
947.0 1034.5 1122.0
947.0 1034.5 1122.0
947.0 1034.5 1122.0
947.0 1034.5 1122.0
947.0 1034.5 1122.0
947.0 1034.5 1122.0
947.0 1051.0 1155.0
947.0 1051.0 1155.0
947.0 1051.0 1155.0
947.0 1051.0 1155.0
947.0 1051.0 1155.0
947.0 1051.0 1155.0
947.0 1051.0 1155.0
947.0 1051.0 1155.0
947.0 1051.0 1155.0
947.0 1051.0 1155.0
947.0 1051.0 1155.0
947.0 1051.0 1155.0
947.0 1051.0 1155.0
947.0 1051.0 1155.0
947.0 1051.0 1155.0
947.0 1051.0 1155.0
947.0 1051.0 1155.0
947.0 1051.0 1155.0
947.0 1051.0 1155.0
947.0 1051.0 1155.0
947.0 1051.0 1155.0
947.0 1051.0 1155.0
947.0 1051.0 1155.0
947.0 1051.0 1155.0
947.0 1051.0 1155.0
947.0 1051.0 1155.0
947.0 1051.0 1155.0
947.0 1051.0 1155.0
947.0 1051.0 1155.0
947.0 1051.0 1155.0
947.0 1051.0 1155.0
947.0 1051.0 1155.0
947.0 1051.0 1155.0
947.0 1051.0 1155.0
947.0 1051.0 1155.0
947.0 1051.0 1155.0
947.0 1051.0 1155.0
947.0 1051.0 1155.0
947.0 1051.0 1155.0
947.0 1051.0 1155.0
947.0 1051.0 1155.0
947.0 1051.0 1155.0
947.0 1051.0 1155.0
947.0 1051.0 1155.0
947.0 1051.0 1155.0
947.0 1051.0 1155.0
947.0 1051.0 1155.0
947.0 1051.0 1155.0
947.0 1051.0 1155.0
947.0 1051.0 1155.0
947.0 1051.0 1155.0
947.0 1051.0 1155.0
947.0 1051.0 1155.0
947.0 1051.0 1155.0
947.0 1051.0 1155.0
947.0 1051.0 1155.0
947.0 1051.0 1155.0
947.0 1051.0 1155.0
947.0 1051.0 1155.0
947.0 1051.0 1155.0
947.0 1051.0 1155.0
947.0 1051.0 1155.0
947.0 1051.0 1155.0
947.0 1051.0 1155.0
947.0 1051.0 1155.0
947.0 1051.0 1155.0
947.0 1051.0 1155.0
947.0 1051.0 1155.0
947.0 1051.0 1155.0
947.0 1051.0 1155.0
947.0 1051.0 1155.0
947.0 1051.0 1155.0
947.0 1051.0 1155.0
947.0 1051.0 1155.0
947.0 1051.0 1155.0
947.0 1051.0 1155.0
947.0 1051.0 1155.0
947.0 1051.0 1155.0
947.0 1051.0 1155.0
947.0 1051.0 1155.0
947.0 1051.0 1155.0
947.0 1051.0 1155.0
947.0 1051.0 1155.0
947.0 1051.0 1155.0
947.0 1051.0 1155.0
947.0 1051.0 1155.0
947.0 1051.0 1155.0
947.0 1051.0 1155.0
947.0 1051.0 1155.0
947.0 1051.0 1155.0
947.0 1051.0 1155.0
947.0 1051.0 1155.0
947.0 1051.0 1155.0
947.0 1051.0 1155.0
947.0 1051.0 1155.0
947.0 1051.0 1155.0
947.0 1051.0 1155.0
947.0 1051.0 1155.0
947.0 1051.0 1155.0
947.0 1051.0 1155.0
947.0 1051.0 1155.0
947.0 1051.0 1155.0
947.0 1051.0 1155.0
947.0 1051.0 1155.0
