14190.0 14434.5 14679.0
9801.0 10921.0 12041.0
8334.0 8804.0 9274.0
7119.0 8377.0 9635.0
4946.0 6520.0 8094.0
4946.0 5325.5 5705.0
4532.0 5118.5 5705.0
4187.0 4270.0 4353.0
3146.0 4110.5 5075.0
3146.0 4083.0 5020.0
3146.0 3385.5 3625.0
3146.0 3385.5 3625.0
3021.0 3083.5 3146.0
2287.0 2716.5 3146.0
2287.0 2716.5 3146.0
2287.0 2716.5 3146.0
2287.0 2716.5 3146.0
2287.0 2716.5 3146.0
2287.0 2716.5 3146.0
2287.0 2759.5 3232.0
2464.0 2525.5 2587.0
2208.0 2220.0 2232.0
2208.0 2220.0 2232.0
2208.0 2220.0 2232.0
2208.0 2220.0 2232.0
2208.0 2220.0 2232.0
2208.0 2220.0 2232.0
2208.0 2220.0 2232.0
2208.0 2220.0 2232.0
2208.0 2220.0 2232.0
2208.0 2220.0 2232.0
2208.0 2220.0 2232.0
2208.0 2220.0 2232.0
2208.0 2220.0 2232.0
2208.0 2220.0 2232.0
2208.0 2220.0 2232.0
2208.0 2220.0 2232.0
2208.0 2220.0 2232.0
2208.0 2218.5 2229.0
2208.0 2218.5 2229.0
2208.0 2218.5 2229.0
2208.0 2218.5 2229.0
2208.0 2218.5 2229.0
1857.0 2032.5 2208.0
1857.0 2032.5 2208.0
1857.0 2032.5 2208.0
1857.0 2032.5 2208.0
1857.0 2032.5 2208.0
1857.0 2032.5 2208.0
1857.0 2032.5 2208.0
1857.0 2032.5 2208.0
1857.0 2032.5 2208.0
1857.0 2032.5 2208.0
1857.0 2032.5 2208.0
1857.0 2032.5 2208.0
1857.0 2032.5 2208.0
1857.0 2032.5 2208.0
1857.0 2032.5 2208.0
1857.0 2032.5 2208.0
1857.0 2032.5 2208.0
1857.0 2032.5 2208.0
1857.0 2032.5 2208.0
1857.0 2032.5 2208.0
1857.0 2032.5 2208.0
1857.0 1909.0 1961.0
1857.0 1896.5 1936.0
1857.0 1896.5 1936.0
1857.0 1896.5 1936.0
1857.0 1896.5 1936.0
1857.0 1896.5 1936.0
1857.0 1896.5 1936.0
1857.0 1896.5 1936.0
1857.0 1896.5 1936.0
1857.0 1896.5 1936.0
1857.0 1896.5 1936.0
1857.0 1896.5 1936.0
1857.0 1896.5 1936.0
1857.0 1896.5 1936.0
1857.0 1896.5 1936.0
1857.0 1896.5 1936.0
1857.0 1896.5 1936.0
1857.0 1896.5 1936.0
1857.0 1896.5 1936.0
1857.0 1896.5 1936.0
1857.0 1896.5 1936.0
1857.0 1896.5 1936.0
1857.0 1896.5 1936.0
1857.0 1896.5 1936.0
1857.0 1896.5 1936.0
1857.0 1896.5 1936.0
1857.0 1896.5 1936.0
1857.0 1896.5 1936.0
1857.0 1896.5 1936.0
1857.0 1896.5 1936.0
1857.0 1896.5 1936.0
1857.0 1896.5 1936.0
1857.0 1896.5 1936.0
1857.0 1896.5 1936.0
1857.0 1896.5 1936.0
1857.0 1896.5 1936.0
1857.0 1896.5 1936.0
1857.0 1896.5 1936.0
1857.0 1896.5 1936.0
1857.0 1896.5 1936.0
1857.0 1896.5 1936.0
1857.0 1896.5 1936.0
1857.0 1896.5 1936.0
1857.0 1896.5 1936.0
1857.0 1896.5 1936.0
1857.0 1896.5 1936.0
1857.0 1896.5 1936.0
1857.0 1896.5 1936.0
1857.0 1896.5 1936.0
1857.0 1896.5 1936.0
1857.0 1896.5 1936.0
1857.0 1896.5 1936.0
1857.0 1896.5 1936.0
1857.0 1896.5 1936.0
1857.0 1896.5 1936.0
1857.0 1896.5 1936.0
1857.0 1896.5 1936.0
1857.0 1896.5 1936.0
1857.0 1896.5 1936.0
1857.0 1896.5 1936.0
1857.0 1896.5 1936.0
1857.0 1896.5 1936.0
1857.0 1896.5 1936.0
1857.0 1896.5 1936.0
1857.0 1896.5 1936.0
1857.0 1896.5 1936.0
1857.0 1896.5 1936.0
1857.0 1896.5 1936.0
1857.0 1896.5 1936.0
1857.0 1896.5 1936.0
1857.0 1896.5 1936.0
1857.0 1896.5 1936.0
1857.0 1896.5 1936.0
1857.0 1896.5 1936.0
1857.0 1896.5 1936.0
1857.0 1896.5 1936.0
1857.0 1896.5 1936.0
1857.0 1896.5 1936.0
1857.0 1896.5 1936.0
1857.0 1896.5 1936.0
1857.0 1896.5 1936.0
1857.0 1896.5 1936.0
1857.0 1896.5 1936.0
1857.0 1896.5 1936.0
1857.0 1896.5 1936.0
1857.0 1896.5 1936.0
1857.0 1896.5 1936.0
1857.0 1896.5 1936.0
1857.0 1896.5 1936.0
1857.0 1896.5 1936.0
1857.0 1896.5 1936.0
1857.0 1896.5 1936.0
1857.0 1896.5 1936.0
1857.0 1896.5 1936.0
1857.0 1896.5 1936.0
1857.0 1896.5 1936.0
1857.0 1896.5 1936.0
1857.0 1896.5 1936.0
1857.0 1896.5 1936.0
1857.0 1896.5 1936.0
1857.0 1896.5 1936.0
1857.0 1896.5 1936.0
1857.0 1896.5 1936.0
1857.0 1896.5 1936.0
1857.0 1896.5 1936.0
1857.0 1896.5 1936.0
1857.0 1896.5 1936.0
1857.0 1896.5 1936.0
1857.0 1896.5 1936.0
1857.0 1896.5 1936.0
1857.0 1896.5 1936.0
1857.0 1896.5 1936.0
1857.0 1896.5 1936.0
1857.0 1896.5 1936.0
1802.0 1829.5 1857.0
1802.0 1829.5 1857.0
1802.0 1829.5 1857.0
1802.0 1829.5 1857.0
1341.0 1571.5 1802.0
1341.0 1571.5 1802.0
1341.0 1571.5 1802.0
1341.0 1571.5 1802.0
1341.0 1571.5 1802.0
1341.0 1571.5 1802.0
1341.0 1571.5 1802.0
1341.0 1571.5 1802.0
1341.0 1571.5 1802.0
1341.0 1571.5 1802.0
1341.0 1571.5 1802.0
1341.0 1571.5 1802.0
1341.0 1571.5 1802.0
1341.0 1571.5 1802.0
1341.0 1571.5 1802.0
1341.0 1571.5 1802.0
1341.0 1571.5 1802.0
1341.0 1571.5 1802.0
