14836.0 16295.5 17755.0
12196.0 13060.0 13924.0
9512.0 9629.5 9747.0
8221.0 9498.0 10775.0
6124.0 7162.0 8200.0
4932.0 5591.0 6250.0
3772.0 4159.0 4546.0
3772.0 4388.0 5004.0
3772.0 4075.0 4378.0
3772.0 4075.0 4378.0
3772.0 3837.0 3902.0
3205.0 3667.5 4130.0
2969.0 3116.5 3264.0
2473.0 2868.5 3264.0
2473.0 2602.5 2732.0
2473.0 2602.5 2732.0
2473.0 2602.5 2732.0
2473.0 2602.5 2732.0
2473.0 2602.5 2732.0
2473.0 2602.5 2732.0
2473.0 2602.5 2732.0
2473.0 2602.5 2732.0
2462.0 2597.0 2732.0
2462.0 2597.0 2732.0
1826.0 2279.0 2732.0
1708.0 1767.0 1826.0
1559.0 1692.5 1826.0
1559.0 1692.5 1826.0
1559.0 1692.5 1826.0
1559.0 1692.5 1826.0
1559.0 1692.5 1826.0
1559.0 1692.5 1826.0
1559.0 1692.5 1826.0
1559.0 1692.5 1826.0
1559.0 1692.5 1826.0
1559.0 1692.5 1826.0
1559.0 1692.5 1826.0
1559.0 1692.5 1826.0
1559.0 1692.5 1826.0
1559.0 1692.5 1826.0
1559.0 1692.5 1826.0
1559.0 1692.5 1826.0
1559.0 1692.5 1826.0
1559.0 1692.5 1826.0
1559.0 1692.5 1826.0
1559.0 1692.5 1826.0
1559.0 1692.5 1826.0
1559.0 1692.5 1826.0
1559.0 1692.5 1826.0
1559.0 1692.5 1826.0
1559.0 1692.5 1826.0
1559.0 1692.5 1826.0
1559.0 1692.5 1826.0
1559.0 1692.5 1826.0
1559.0 1692.5 1826.0
1559.0 1692.5 1826.0
1559.0 1692.5 1826.0
1559.0 1692.5 1826.0
1559.0 1692.5 1826.0
1559.0 1692.5 1826.0
1559.0 1692.5 1826.0
1559.0 1692.5 1826.0
1559.0 1692.5 1826.0
1559.0 1692.5 1826.0
1559.0 1692.5 1826.0
1559.0 1692.5 1826.0
1559.0 1692.5 1826.0
1559.0 1692.5 1826.0
1559.0 1692.5 1826.0
1559.0 1692.5 1826.0
1559.0 1692.5 1826.0
1559.0 1692.5 1826.0
1559.0 1692.5 1826.0
1559.0 1692.5 1826.0
1559.0 1692.5 1826.0
1559.0 1692.5 1826.0
1559.0 1692.5 1826.0
1559.0 1692.5 1826.0
1559.0 1692.5 1826.0
1559.0 1692.5 1826.0
1559.0 1692.5 1826.0
1559.0 1692.5 1826.0
1559.0 1692.5 1826.0
1559.0 1692.5 1826.0
1559.0 1692.5 1826.0
1559.0 1692.5 1826.0
1559.0 1692.5 1826.0
1559.0 1692.5 1826.0
1559.0 1692.5 1826.0
1559.0 1692.5 1826.0
1559.0 1692.5 1826.0
1559.0 1692.5 1826.0
1559.0 1692.5 1826.0
1559.0 1692.5 1826.0
1559.0 1692.5 1826.0
1559.0 1692.5 1826.0
1559.0 1692.5 1826.0
1559.0 1692.5 1826.0
1559.0 1692.5 1826.0
1559.0 1692.5 1826.0
1559.0 1692.5 1826.0
1559.0 1692.5 1826.0
1559.0 1692.5 1826.0
1559.0 1692.5 1826.0
1559.0 1692.5 1826.0
1559.0 1692.5 1826.0
1559.0 1692.5 1826.0
1559.0 1692.5 1826.0
1559.0 1692.5 1826.0
1559.0 1692.5 1826.0
1559.0 1692.5 1826.0
1559.0 1692.5 1826.0
1559.0 1692.5 1826.0
1559.0 1692.5 1826.0
1559.0 1692.5 1826.0
1559.0 1692.5 1826.0
1559.0 1692.5 1826.0
1559.0 1692.5 1826.0
1559.0 1692.5 1826.0
1559.0 1692.5 1826.0
1559.0 1692.5 1826.0
1559.0 1692.5 1826.0
1559.0 1692.5 1826.0
1559.0 1692.5 1826.0
1559.0 1692.5 1826.0
1559.0 1692.5 1826.0
1559.0 1692.5 1826.0
1559.0 1692.5 1826.0
1559.0 1692.5 1826.0
1559.0 1692.5 1826.0
1559.0 1692.5 1826.0
1559.0 1692.5 1826.0
1559.0 1692.5 1826.0
1559.0 1692.5 1826.0
1559.0 1692.5 1826.0
1559.0 1692.5 1826.0
1559.0 1692.5 1826.0
1559.0 1692.5 1826.0
1559.0 1692.5 1826.0
1559.0 1692.5 1826.0
1559.0 1692.5 1826.0
1559.0 1692.5 1826.0
1559.0 1692.5 1826.0
1559.0 1692.5 1826.0
1559.0 1692.5 1826.0
1559.0 1692.5 1826.0
1559.0 1692.5 1826.0
1559.0 1692.5 1826.0
1559.0 1692.5 1826.0
1559.0 1692.5 1826.0
1559.0 1692.5 1826.0
1559.0 1692.5 1826.0
1559.0 1692.5 1826.0
1559.0 1692.5 1826.0
1559.0 1692.5 1826.0
1559.0 1692.5 1826.0
1559.0 1692.5 1826.0
1559.0 1692.5 1826.0
1559.0 1692.5 1826.0
1559.0 1692.5 1826.0
1559.0 1692.5 1826.0
1559.0 1692.5 1826.0
1559.0 1692.5 1826.0
1559.0 1692.5 1826.0
1559.0 1692.5 1826.0
1559.0 1692.5 1826.0
1559.0 1692.5 1826.0
1559.0 1692.5 1826.0
1559.0 1692.5 1826.0
1559.0 1692.5 1826.0
1559.0 1692.5 1826.0
1559.0 1692.5 1826.0
1559.0 1692.5 1826.0
1559.0 1692.5 1826.0
1559.0 1692.5 1826.0
1559.0 1692.5 1826.0
1559.0 1692.5 1826.0
1559.0 1692.5 1826.0
1559.0 1692.5 1826.0
1559.0 1692.5 1826.0
1559.0 1692.5 1826.0
1559.0 1692.5 1826.0
1559.0 1692.5 1826.0
1559.0 1692.5 1826.0
1559.0 1692.5 1826.0
1559.0 1692.5 1826.0
1559.0 1692.5 1826.0
1559.0 1692.5 1826.0
1559.0 1692.5 1826.0
1559.0 1692.5 1826.0
1559.0 1692.5 1826.0
1559.0 1692.5 1826.0
1559.0 1692.5 1826.0
1559.0 1692.5 1826.0
1559.0 1692.5 1826.0
1559.0 1692.5 1826.0
1559.0 1692.5 1826.0
1559.0 1692.5 1826.0
1559.0 1692.5 1826.0
1559.0 1692.5 1826.0
