12403.0 13098.0 13793.0
11648.0 12025.5 12403.0
9479.0 9975.5 10472.0
8434.0 8567.0 8700.0
7188.0 8168.0 9148.0
5557.0 6372.5 7188.0
5360.0 5387.0 5414.0
4579.0 4846.0 5113.0
3680.0 3830.0 3980.0
3583.0 3702.0 3821.0
2441.0 3038.0 3635.0
2441.0 3038.0 3635.0
2441.0 3038.0 3635.0
2441.0 3038.0 3635.0
2441.0 2804.5 3168.0
2432.0 2570.5 2709.0
2432.0 2570.5 2709.0
2432.0 2570.5 2709.0
2432.0 2570.5 2709.0
2432.0 2570.5 2709.0
2432.0 2570.5 2709.0
2432.0 2570.5 2709.0
2432.0 2495.5 2559.0
1906.0 2163.0 2420.0
1906.0 2019.5 2133.0
1906.0 2019.5 2133.0
1906.0 2019.5 2133.0
1906.0 2019.5 2133.0
1906.0 2019.5 2133.0
1906.0 2019.5 2133.0
1906.0 2019.5 2133.0
1906.0 2019.5 2133.0
1906.0 2019.5 2133.0
1906.0 2019.5 2133.0
1906.0 2019.5 2133.0
1906.0 2019.5 2133.0
1906.0 2019.5 2133.0
1906.0 2019.5 2133.0
1906.0 2019.5 2133.0
1906.0 2019.5 2133.0
1906.0 2019.5 2133.0
1906.0 2019.5 2133.0
1906.0 2019.5 2133.0
1906.0 2019.5 2133.0
1906.0 2019.5 2133.0
1906.0 2019.5 2133.0
1906.0 2019.5 2133.0
1906.0 2019.5 2133.0
1906.0 2019.5 2133.0
1906.0 2019.5 2133.0
1906.0 2019.5 2133.0
1906.0 2019.5 2133.0
1906.0 2019.5 2133.0
1755.0 1830.5 1906.0
1588.0 1747.0 1906.0
1588.0 1747.0 1906.0
1588.0 1747.0 1906.0
1588.0 1747.0 1906.0
1588.0 1747.0 1906.0
1588.0 1747.0 1906.0
1588.0 1747.0 1906.0
1588.0 1747.0 1906.0
1588.0 1747.0 1906.0
1588.0 1747.0 1906.0
1588.0 1747.0 1906.0
1588.0 1747.0 1906.0
1588.0 1747.0 1906.0
1588.0 1747.0 1906.0
1588.0 1747.0 1906.0
1588.0 1747.0 1906.0
1588.0 1747.0 1906.0
1588.0 1747.0 1906.0
1588.0 1747.0 1906.0
1588.0 1747.0 1906.0
1588.0 1747.0 1906.0
1588.0 1747.0 1906.0
1588.0 1747.0 1906.0
1588.0 1747.0 1906.0
1588.0 1747.0 1906.0
1588.0 1747.0 1906.0
1588.0 1747.0 1906.0
1588.0 1747.0 1906.0
1588.0 1747.0 1906.0
1588.0 1747.0 1906.0
1588.0 1747.0 1906.0
1588.0 1747.0 1906.0
1588.0 1747.0 1906.0
1588.0 1747.0 1906.0
1588.0 1747.0 1906.0
1588.0 1747.0 1906.0
1588.0 1747.0 1906.0
1588.0 1747.0 1906.0
1588.0 1747.0 1906.0
1588.0 1747.0 1906.0
1588.0 1747.0 1906.0
1588.0 1747.0 1906.0
1588.0 1747.0 1906.0
1588.0 1747.0 1906.0
1588.0 1747.0 1906.0
1588.0 1747.0 1906.0
1588.0 1935.0 2282.0
1588.0 1650.0 1712.0
1317.0 1452.5 1588.0
1317.0 1454.0 1591.0
992.0 1154.5 1317.0
992.0 1154.5 1317.0
992.0 1154.5 1317.0
992.0 1154.5 1317.0
992.0 1154.5 1317.0
992.0 1154.5 1317.0
992.0 1154.5 1317.0
992.0 1154.5 1317.0
992.0 1154.5 1317.0
992.0 1154.5 1317.0
992.0 1154.5 1317.0
992.0 1154.5 1317.0
992.0 1154.5 1317.0
992.0 1154.5 1317.0
992.0 1154.5 1317.0
992.0 1154.5 1317.0
992.0 1154.5 1317.0
992.0 1154.5 1317.0
992.0 1154.5 1317.0
992.0 1154.5 1317.0
992.0 1154.5 1317.0
992.0 1154.5 1317.0
992.0 1154.5 1317.0
992.0 1154.5 1317.0
992.0 1154.5 1317.0
992.0 1154.5 1317.0
992.0 1154.5 1317.0
992.0 1154.5 1317.0
992.0 1154.5 1317.0
992.0 1154.5 1317.0
992.0 1154.5 1317.0
992.0 1154.5 1317.0
992.0 1154.5 1317.0
992.0 1154.5 1317.0
992.0 1154.5 1317.0
992.0 1154.5 1317.0
992.0 1154.5 1317.0
992.0 1154.5 1317.0
992.0 1154.5 1317.0
992.0 1154.5 1317.0
992.0 1154.5 1317.0
992.0 1154.5 1317.0
992.0 1154.5 1317.0
992.0 1154.5 1317.0
992.0 1154.5 1317.0
992.0 1154.5 1317.0
992.0 1154.5 1317.0
992.0 1154.5 1317.0
992.0 1154.5 1317.0
992.0 1154.5 1317.0
992.0 1154.5 1317.0
992.0 1154.5 1317.0
992.0 1154.5 1317.0
992.0 1154.5 1317.0
992.0 1154.5 1317.0
992.0 1154.5 1317.0
992.0 1154.5 1317.0
992.0 1154.5 1317.0
992.0 1154.5 1317.0
992.0 1154.5 1317.0
992.0 1154.5 1317.0
992.0 1154.5 1317.0
992.0 1154.5 1317.0
992.0 1154.5 1317.0
992.0 1154.5 1317.0
992.0 1154.5 1317.0
992.0 1154.5 1317.0
992.0 1154.5 1317.0
992.0 1154.5 1317.0
992.0 1154.5 1317.0
992.0 1154.5 1317.0
992.0 1154.5 1317.0
992.0 1154.5 1317.0
992.0 1154.5 1317.0
992.0 1154.5 1317.0
992.0 1154.5 1317.0
992.0 1154.5 1317.0
992.0 1154.5 1317.0
992.0 1154.5 1317.0
992.0 1154.5 1317.0
992.0 1154.5 1317.0
992.0 1154.5 1317.0
992.0 1154.5 1317.0
992.0 1154.5 1317.0
992.0 1154.5 1317.0
992.0 1154.5 1317.0
992.0 1154.5 1317.0
992.0 1154.5 1317.0
992.0 1154.5 1317.0
992.0 1154.5 1317.0
992.0 1154.5 1317.0
992.0 1154.5 1317.0
992.0 1154.5 1317.0
992.0 1154.5 1317.0
992.0 1154.5 1317.0
992.0 1154.5 1317.0
