17188.0 17700.5 18213.0
13044.0 14617.5 16191.0
11216.0 13197.5 15179.0
11846.0 13817.5 15789.0
8039.0 10439.5 12840.0
6737.0 7020.0 7303.0
5339.0 6667.0 7995.0
5176.0 6370.0 7564.0
4462.0 5180.0 5898.0
4476.0 4887.0 5298.0
3699.0 4474.0 5249.0
3561.0 3733.5 3906.0
3561.0 3733.5 3906.0
3561.0 3717.0 3873.0
3156.0 3358.5 3561.0
3156.0 3358.5 3561.0
2775.0 2965.5 3156.0
2775.0 3192.5 3610.0
2775.0 3192.5 3610.0
2775.0 2790.0 2805.0
2775.0 2818.5 2862.0
1780.0 2152.5 2525.0
1780.0 2152.5 2525.0
1780.0 2152.5 2525.0
1780.0 2152.5 2525.0
1780.0 2152.5 2525.0
1780.0 2152.5 2525.0
1780.0 2152.5 2525.0
1780.0 2152.5 2525.0
1780.0 2152.5 2525.0
1780.0 2152.5 2525.0
1780.0 2152.5 2525.0
1780.0 2152.5 2525.0
1780.0 2152.5 2525.0
1780.0 2152.5 2525.0
1780.0 2152.5 2525.0
1780.0 2152.5 2525.0
1780.0 2152.5 2525.0
1780.0 2152.5 2525.0
2221.0 2373.0 2525.0
1379.0 1952.0 2525.0
1379.0 1952.0 2525.0
1379.0 1952.0 2525.0
1379.0 1952.0 2525.0
1379.0 1952.0 2525.0
1379.0 1952.0 2525.0
1379.0 1952.0 2525.0
1379.0 1952.0 2525.0
1379.0 1952.0 2525.0
1379.0 1952.0 2525.0
1379.0 1952.0 2525.0
1379.0 1952.0 2525.0
1379.0 1952.0 2525.0
1379.0 1952.0 2525.0
1379.0 1952.0 2525.0
1379.0 1952.0 2525.0
1379.0 1952.0 2525.0
1379.0 1952.0 2525.0
1379.0 1952.0 2525.0
1379.0 1952.0 2525.0
1379.0 1952.0 2525.0
1379.0 1952.0 2525.0
1379.0 1952.0 2525.0
1379.0 1952.0 2525.0
1379.0 1952.0 2525.0
1379.0 1952.0 2525.0
1379.0 1952.0 2525.0
1379.0 1952.0 2525.0
1379.0 1952.0 2525.0
1379.0 1952.0 2525.0
1379.0 1952.0 2525.0
1379.0 1952.0 2525.0
1379.0 1952.0 2525.0
1379.0 1952.0 2525.0
1379.0 1952.0 2525.0
1379.0 1952.0 2525.0
1379.0 1952.0 2525.0
1379.0 1952.0 2525.0
1379.0 1952.0 2525.0
1379.0 1952.0 2525.0
1379.0 1952.0 2525.0
1379.0 1952.0 2525.0
1379.0 1952.0 2525.0
1379.0 1952.0 2525.0
1379.0 1952.0 2525.0
1379.0 1952.0 2525.0
1379.0 1952.0 2525.0
1379.0 1952.0 2525.0
1379.0 1829.0 2279.0
1379.0 1829.0 2279.0
1379.0 1829.0 2279.0
1379.0 1829.0 2279.0
1379.0 1829.0 2279.0
1379.0 1829.0 2279.0
1379.0 1829.0 2279.0
1379.0 1829.0 2279.0
1379.0 1829.0 2279.0
1379.0 1829.0 2279.0
1379.0 1829.0 2279.0
1379.0 1829.0 2279.0
1379.0 1829.0 2279.0
1379.0 1829.0 2279.0
1379.0 1829.0 2279.0
1379.0 1829.0 2279.0
1379.0 1829.0 2279.0
1379.0 1829.0 2279.0
1379.0 1829.0 2279.0
1379.0 1829.0 2279.0
1379.0 1829.0 2279.0
1379.0 1690.0 2001.0
1379.0 1690.0 2001.0
1379.0 1690.0 2001.0
1379.0 1690.0 2001.0
1379.0 1690.0 2001.0
1379.0 1690.0 2001.0
1379.0 1690.0 2001.0
1379.0 1690.0 2001.0
1379.0 1690.0 2001.0
1379.0 1690.0 2001.0
1379.0 1690.0 2001.0
1379.0 1690.0 2001.0
1379.0 1690.0 2001.0
1379.0 1690.0 2001.0
1379.0 1455.0 1531.0
1379.0 1455.0 1531.0
1379.0 1455.0 1531.0
1379.0 1455.0 1531.0
1379.0 1455.0 1531.0
1379.0 1455.0 1531.0
1379.0 1455.0 1531.0
1379.0 1455.0 1531.0
1379.0 1455.0 1531.0
1379.0 1455.0 1531.0
1379.0 1455.0 1531.0
1379.0 1455.0 1531.0
1379.0 1455.0 1531.0
1379.0 1455.0 1531.0
1379.0 1455.0 1531.0
1379.0 1455.0 1531.0
1379.0 1455.0 1531.0
1379.0 1455.0 1531.0
1379.0 1455.0 1531.0
1379.0 1455.0 1531.0
1379.0 1455.0 1531.0
1379.0 1455.0 1531.0
1379.0 1455.0 1531.0
1379.0 1455.0 1531.0
1379.0 1455.0 1531.0
1379.0 1455.0 1531.0
1379.0 1455.0 1531.0
1379.0 1455.0 1531.0
1379.0 1455.0 1531.0
1379.0 1455.0 1531.0
1379.0 1455.0 1531.0
1379.0 1455.0 1531.0
1379.0 1455.0 1531.0
1379.0 1455.0 1531.0
1379.0 1455.0 1531.0
1379.0 1455.0 1531.0
1379.0 1455.0 1531.0
1379.0 1455.0 1531.0
1379.0 1455.0 1531.0
1379.0 1455.0 1531.0
1379.0 1455.0 1531.0
1379.0 1455.0 1531.0
1379.0 1455.0 1531.0
1379.0 1455.0 1531.0
1379.0 1455.0 1531.0
1379.0 1455.0 1531.0
1379.0 1455.0 1531.0
1379.0 1455.0 1531.0
1379.0 1455.0 1531.0
1379.0 1455.0 1531.0
1379.0 1455.0 1531.0
1379.0 1455.0 1531.0
1379.0 1455.0 1531.0
1379.0 1455.0 1531.0
1379.0 1455.0 1531.0
1379.0 1455.0 1531.0
1379.0 1455.0 1531.0
1379.0 1455.0 1531.0
1379.0 1455.0 1531.0
1379.0 1455.0 1531.0
1379.0 1455.0 1531.0
1379.0 1455.0 1531.0
1379.0 1455.0 1531.0
1379.0 1455.0 1531.0
1379.0 1455.0 1531.0
1379.0 1455.0 1531.0
1379.0 1455.0 1531.0
1379.0 1455.0 1531.0
1379.0 1455.0 1531.0
1379.0 1455.0 1531.0
1379.0 1455.0 1531.0
1379.0 1455.0 1531.0
1379.0 1455.0 1531.0
1379.0 1455.0 1531.0
1379.0 1455.0 1531.0
1379.0 1455.0 1531.0
1379.0 1455.0 1531.0
