13848.0 14354.5 14861.0
11166.0 12164.5 13163.0
9489.0 9579.0 9669.0
6404.0 7097.0 7790.0
5395.0 5674.5 5954.0
4395.0 4483.0 4571.0
3067.0 3819.0 4571.0
3792.0 3821.5 3851.0
1930.0 2633.5 3337.0
1930.0 2301.0 2672.0
1930.0 1969.5 2009.0
1930.0 1959.0 1988.0
1613.0 1771.5 1930.0
1613.0 1771.5 1930.0
1613.0 1771.5 1930.0
1613.0 1771.5 1930.0
1613.0 1771.5 1930.0
1613.0 1771.5 1930.0
1613.0 1771.5 1930.0
1613.0 1771.5 1930.0
1613.0 1771.5 1930.0
1613.0 1771.5 1930.0
1613.0 1771.5 1930.0
1613.0 1771.5 1930.0
1613.0 1771.5 1930.0
1613.0 1771.5 1930.0
1613.0 1771.5 1930.0
1613.0 1771.5 1930.0
1613.0 1771.5 1930.0
1613.0 1771.5 1930.0
1613.0 1771.5 1930.0
1613.0 1771.5 1930.0
1613.0 1771.5 1930.0
1613.0 1771.5 1930.0
1613.0 1771.5 1930.0
1613.0 1771.5 1930.0
1613.0 1771.5 1930.0
1613.0 1771.5 1930.0
1613.0 1771.5 1930.0
1613.0 1771.5 1930.0
1613.0 1771.5 1930.0
1613.0 1771.5 1930.0
1613.0 1771.5 1930.0
1613.0 1771.5 1930.0
1613.0 1771.5 1930.0
1613.0 1771.5 1930.0
1613.0 1771.5 1930.0
1613.0 1771.5 1930.0
1613.0 1771.5 1930.0
1613.0 1771.5 1930.0
1613.0 1771.5 1930.0
1613.0 1771.5 1930.0
1613.0 1771.5 1930.0
1613.0 1771.5 1930.0
1613.0 1771.5 1930.0
1613.0 1771.5 1930.0
1613.0 1771.5 1930.0
1613.0 1771.5 1930.0
1613.0 1771.5 1930.0
1182.0 1556.0 1930.0
1182.0 1556.0 1930.0
1182.0 1556.0 1930.0
1182.0 1556.0 1930.0
1182.0 1556.0 1930.0
1182.0 1556.0 1930.0
1182.0 1556.0 1930.0
1182.0 1556.0 1930.0
1182.0 1556.0 1930.0
1182.0 1556.0 1930.0
1182.0 1556.0 1930.0
1182.0 1556.0 1930.0
1182.0 1556.0 1930.0
1182.0 1556.0 1930.0
1182.0 1556.0 1930.0
1182.0 1556.0 1930.0
1182.0 1690.5 2199.0
1182.0 1518.5 1855.0
1182.0 1518.5 1855.0
1182.0 1519.0 1856.0
1182.0 1519.0 1856.0
1182.0 1412.0 1642.0
1182.0 1412.0 1642.0
1182.0 1337.5 1493.0
1182.0 1337.5 1493.0
1182.0 1337.5 1493.0
1182.0 1337.5 1493.0
1182.0 1337.5 1493.0
1182.0 1337.5 1493.0
1182.0 1337.5 1493.0
1182.0 1337.5 1493.0
1182.0 1337.5 1493.0
1182.0 1337.5 1493.0
1182.0 1337.5 1493.0
1182.0 1337.5 1493.0
1182.0 1337.5 1493.0
1182.0 1337.5 1493.0
1182.0 1337.5 1493.0
1182.0 1337.5 1493.0
1182.0 1337.5 1493.0
1182.0 1337.5 1493.0
1182.0 1337.5 1493.0
1182.0 1337.5 1493.0
1182.0 1337.5 1493.0
1182.0 1337.5 1493.0
1182.0 1337.5 1493.0
1182.0 1337.5 1493.0
1182.0 1337.5 1493.0
1182.0 1337.5 1493.0
1182.0 1337.5 1493.0
1182.0 1337.5 1493.0
1182.0 1337.5 1493.0
1182.0 1337.5 1493.0
1182.0 1337.5 1493.0
1182.0 1337.5 1493.0
1182.0 1337.5 1493.0
1182.0 1337.5 1493.0
1182.0 1337.5 1493.0
1182.0 1337.5 1493.0
1182.0 1337.5 1493.0
1182.0 1337.5 1493.0
1182.0 1337.5 1493.0
1182.0 1337.5 1493.0
1182.0 1337.5 1493.0
1182.0 1337.5 1493.0
1182.0 1337.5 1493.0
1182.0 1337.5 1493.0
1182.0 1337.5 1493.0
1182.0 1337.5 1493.0
1182.0 1337.5 1493.0
1182.0 1337.5 1493.0
1182.0 1337.5 1493.0
1182.0 1337.5 1493.0
1182.0 1337.5 1493.0
1182.0 1337.5 1493.0
1182.0 1337.5 1493.0
1182.0 1337.5 1493.0
1182.0 1337.5 1493.0
1182.0 1337.5 1493.0
1182.0 1337.5 1493.0
1182.0 1337.5 1493.0
1182.0 1337.5 1493.0
1182.0 1337.5 1493.0
1182.0 1337.5 1493.0
1182.0 1337.5 1493.0
1182.0 1337.5 1493.0
1182.0 1337.5 1493.0
1182.0 1337.5 1493.0
1182.0 1337.5 1493.0
1182.0 1337.5 1493.0
1182.0 1337.5 1493.0
1182.0 1337.5 1493.0
1182.0 1337.5 1493.0
1182.0 1337.5 1493.0
1182.0 1337.5 1493.0
1182.0 1337.5 1493.0
1182.0 1337.5 1493.0
1182.0 1337.5 1493.0
1182.0 1337.5 1493.0
1182.0 1337.5 1493.0
1182.0 1337.5 1493.0
1182.0 1337.5 1493.0
1182.0 1337.5 1493.0
1182.0 1337.5 1493.0
1182.0 1337.5 1493.0
1182.0 1337.5 1493.0
1182.0 1337.5 1493.0
1148.0 1165.0 1182.0
1148.0 1165.0 1182.0
1148.0 1165.0 1182.0
1148.0 1165.0 1182.0
1148.0 1165.0 1182.0
1148.0 1165.0 1182.0
1148.0 1165.0 1182.0
1148.0 1165.0 1182.0
1148.0 1165.0 1182.0
1148.0 1165.0 1182.0
1148.0 1165.0 1182.0
1148.0 1165.0 1182.0
1148.0 1165.0 1182.0
1148.0 1165.0 1182.0
1148.0 1165.0 1182.0
1148.0 1165.0 1182.0
1148.0 1165.0 1182.0
1148.0 1165.0 1182.0
1148.0 1165.0 1182.0
1148.0 1165.0 1182.0
1148.0 1165.0 1182.0
1148.0 1165.0 1182.0
1148.0 1165.0 1182.0
1148.0 1165.0 1182.0
1148.0 1165.0 1182.0
1148.0 1165.0 1182.0
1148.0 1165.0 1182.0
1148.0 1165.0 1182.0
1148.0 1165.0 1182.0
1148.0 1165.0 1182.0
1148.0 1165.0 1182.0
1148.0 1165.0 1182.0
1148.0 1165.0 1182.0
1148.0 1165.0 1182.0
