10250.0 11248.5 12247.0
9679.0 10963.0 12247.0
8114.0 8315.5 8517.0
5520.0 6028.5 6537.0
3768.0 4644.0 5520.0
3619.0 3693.5 3768.0
2360.0 3134.0 3908.0
1671.0 2379.0 3087.0
1546.0 1685.0 1824.0
1526.0 1675.0 1824.0
1201.0 1512.5 1824.0
986.0 1405.0 1824.0
986.0 1405.0 1824.0
986.0 1212.5 1439.0
986.0 1212.5 1439.0
986.0 1212.5 1439.0
986.0 1212.5 1439.0
986.0 1212.5 1439.0
986.0 1212.5 1439.0
986.0 1212.5 1439.0
986.0 1212.5 1439.0
986.0 1212.5 1439.0
986.0 1212.5 1439.0
986.0 1212.5 1439.0
986.0 1212.5 1439.0
986.0 1212.5 1439.0
986.0 1212.5 1439.0
986.0 1212.5 1439.0
986.0 1212.5 1439.0
986.0 1212.5 1439.0
986.0 1212.5 1439.0
986.0 1212.5 1439.0
986.0 1212.5 1439.0
986.0 1212.5 1439.0
986.0 1212.5 1439.0
986.0 1212.5 1439.0
986.0 1212.5 1439.0
986.0 1212.5 1439.0
986.0 1212.5 1439.0
986.0 1212.5 1439.0
986.0 1212.5 1439.0
986.0 1212.5 1439.0
986.0 1212.5 1439.0
986.0 1212.5 1439.0
986.0 1212.5 1439.0
986.0 1212.5 1439.0
986.0 1262.5 1539.0
986.0 1262.5 1539.0
579.0 782.5 986.0
496.0 741.0 986.0
496.0 741.0 986.0
496.0 741.0 986.0
496.0 741.0 986.0
496.0 741.0 986.0
496.0 741.0 986.0
496.0 741.0 986.0
496.0 741.0 986.0
496.0 741.0 986.0
496.0 741.0 986.0
496.0 741.0 986.0
496.0 741.0 986.0
496.0 741.0 986.0
496.0 741.0 986.0
496.0 741.0 986.0
496.0 741.0 986.0
496.0 741.0 986.0
496.0 741.0 986.0
496.0 741.0 986.0
496.0 741.0 986.0
496.0 741.0 986.0
496.0 741.0 986.0
496.0 741.0 986.0
496.0 741.0 986.0
496.0 741.0 986.0
496.0 741.0 986.0
496.0 741.0 986.0
496.0 741.0 986.0
496.0 741.0 986.0
496.0 741.0 986.0
496.0 741.0 986.0
496.0 741.0 986.0
496.0 741.0 986.0
496.0 741.0 986.0
496.0 741.0 986.0
496.0 741.0 986.0
496.0 741.0 986.0
496.0 741.0 986.0
496.0 741.0 986.0
496.0 741.0 986.0
496.0 741.0 986.0
496.0 741.0 986.0
496.0 741.0 986.0
496.0 741.0 986.0
496.0 741.0 986.0
496.0 741.0 986.0
496.0 741.0 986.0
496.0 741.0 986.0
496.0 741.0 986.0
496.0 741.0 986.0
496.0 741.0 986.0
496.0 741.0 986.0
496.0 741.0 986.0
496.0 741.0 986.0
496.0 741.0 986.0
496.0 741.0 986.0
496.0 741.0 986.0
496.0 741.0 986.0
496.0 741.0 986.0
496.0 741.0 986.0
496.0 741.0 986.0
496.0 741.0 986.0
496.0 741.0 986.0
496.0 741.0 986.0
496.0 741.0 986.0
496.0 741.0 986.0
496.0 741.0 986.0
496.0 741.0 986.0
496.0 741.0 986.0
496.0 741.0 986.0
496.0 741.0 986.0
496.0 741.0 986.0
496.0 741.0 986.0
496.0 741.0 986.0
496.0 741.0 986.0
496.0 741.0 986.0
496.0 741.0 986.0
496.0 741.0 986.0
496.0 741.0 986.0
496.0 741.0 986.0
496.0 741.0 986.0
496.0 741.0 986.0
496.0 741.0 986.0
496.0 741.0 986.0
496.0 741.0 986.0
496.0 741.0 986.0
496.0 741.0 986.0
496.0 741.0 986.0
496.0 741.0 986.0
496.0 741.0 986.0
496.0 741.0 986.0
496.0 741.0 986.0
496.0 741.0 986.0
496.0 741.0 986.0
496.0 741.0 986.0
496.0 741.0 986.0
496.0 741.0 986.0
496.0 741.0 986.0
496.0 741.0 986.0
496.0 741.0 986.0
496.0 741.0 986.0
496.0 741.0 986.0
496.0 741.0 986.0
496.0 741.0 986.0
496.0 741.0 986.0
496.0 741.0 986.0
496.0 741.0 986.0
496.0 741.0 986.0
496.0 741.0 986.0
496.0 741.0 986.0
496.0 741.0 986.0
496.0 741.0 986.0
496.0 741.0 986.0
496.0 741.0 986.0
496.0 741.0 986.0
496.0 741.0 986.0
496.0 741.0 986.0
496.0 741.0 986.0
496.0 741.0 986.0
496.0 741.0 986.0
496.0 741.0 986.0
496.0 741.0 986.0
496.0 741.0 986.0
496.0 741.0 986.0
496.0 741.0 986.0
496.0 741.0 986.0
496.0 741.0 986.0
496.0 741.0 986.0
496.0 741.0 986.0
496.0 741.0 986.0
496.0 741.0 986.0
496.0 741.0 986.0
496.0 741.0 986.0
496.0 741.0 986.0
496.0 741.0 986.0
496.0 741.0 986.0
496.0 741.0 986.0
496.0 741.0 986.0
496.0 741.0 986.0
496.0 741.0 986.0
496.0 741.0 986.0
496.0 741.0 986.0
496.0 741.0 986.0
496.0 741.0 986.0
496.0 741.0 986.0
496.0 741.0 986.0
496.0 741.0 986.0
496.0 741.0 986.0
496.0 741.0 986.0
496.0 741.0 986.0
496.0 741.0 986.0
