9388.0 10328.0 11268.0
7377.0 7522.0 7667.0
5778.0 6825.5 7873.0
3310.0 4687.5 6065.0
2570.0 4223.0 5876.0
2570.0 3245.0 3920.0
2162.0 2673.0 3184.0
2001.0 2439.0 2877.0
1710.0 1933.0 2156.0
1710.0 1934.0 2158.0
1383.0 1546.5 1710.0
1466.0 1588.0 1710.0
1466.0 1588.0 1710.0
1466.0 1588.0 1710.0
1466.0 1588.0 1710.0
1466.0 1588.0 1710.0
1466.0 1588.0 1710.0
1466.0 1588.0 1710.0
1466.0 1588.0 1710.0
1466.0 1588.0 1710.0
1064.0 1265.0 1466.0
1064.0 1265.0 1466.0
1064.0 1265.0 1466.0
835.0 1150.5 1466.0
835.0 1150.5 1466.0
835.0 1150.5 1466.0
835.0 1150.5 1466.0
835.0 1150.5 1466.0
835.0 1150.5 1466.0
835.0 1150.5 1466.0
835.0 1150.5 1466.0
835.0 1150.5 1466.0
835.0 1150.5 1466.0
835.0 1150.5 1466.0
835.0 1150.5 1466.0
835.0 1150.5 1466.0
835.0 1150.5 1466.0
835.0 1150.5 1466.0
835.0 1150.5 1466.0
835.0 1150.5 1466.0
835.0 1150.5 1466.0
835.0 1150.5 1466.0
835.0 1150.5 1466.0
835.0 1150.5 1466.0
835.0 1150.5 1466.0
835.0 1150.5 1466.0
835.0 1150.5 1466.0
835.0 1150.5 1466.0
835.0 1150.5 1466.0
835.0 1150.5 1466.0
835.0 1150.5 1466.0
835.0 1150.5 1466.0
835.0 1150.5 1466.0
835.0 1150.5 1466.0
835.0 1150.5 1466.0
835.0 1150.5 1466.0
835.0 1150.5 1466.0
835.0 1150.5 1466.0
835.0 1150.5 1466.0
835.0 1150.5 1466.0
835.0 1150.5 1466.0
835.0 1150.5 1466.0
835.0 1150.5 1466.0
835.0 1150.5 1466.0
835.0 1150.5 1466.0
835.0 1150.5 1466.0
835.0 1150.5 1466.0
835.0 1150.5 1466.0
835.0 1077.0 1319.0
835.0 1077.0 1319.0
835.0 1150.5 1466.0
835.0 1150.5 1466.0
835.0 1150.5 1466.0
835.0 1150.5 1466.0
835.0 1150.5 1466.0
835.0 1150.5 1466.0
835.0 1150.5 1466.0
835.0 1150.5 1466.0
835.0 1150.5 1466.0
835.0 1150.5 1466.0
835.0 1150.5 1466.0
835.0 1150.5 1466.0
835.0 1150.5 1466.0
835.0 1150.5 1466.0
835.0 1150.5 1466.0
835.0 1150.5 1466.0
835.0 1150.5 1466.0
835.0 1150.5 1466.0
835.0 1150.5 1466.0
835.0 1150.5 1466.0
835.0 1150.5 1466.0
835.0 1150.5 1466.0
835.0 1150.5 1466.0
835.0 1150.5 1466.0
835.0 1150.5 1466.0
835.0 1150.5 1466.0
835.0 1150.5 1466.0
835.0 1150.5 1466.0
835.0 1150.5 1466.0
835.0 1150.5 1466.0
835.0 1150.5 1466.0
835.0 1150.5 1466.0
835.0 1150.5 1466.0
835.0 1150.5 1466.0
835.0 1150.5 1466.0
835.0 1150.5 1466.0
835.0 1150.5 1466.0
835.0 1150.5 1466.0
835.0 1150.5 1466.0
835.0 1150.5 1466.0
835.0 1150.5 1466.0
835.0 1150.5 1466.0
835.0 1150.5 1466.0
835.0 1150.5 1466.0
835.0 1150.5 1466.0
835.0 1150.5 1466.0
835.0 1150.5 1466.0
835.0 1150.5 1466.0
835.0 1150.5 1466.0
835.0 1150.5 1466.0
835.0 1150.5 1466.0
835.0 1150.5 1466.0
835.0 1150.5 1466.0
835.0 1150.5 1466.0
835.0 1150.5 1466.0
835.0 1150.5 1466.0
835.0 1150.5 1466.0
835.0 1150.5 1466.0
835.0 1150.5 1466.0
835.0 1150.5 1466.0
835.0 1150.5 1466.0
835.0 1150.5 1466.0
835.0 1150.5 1466.0
835.0 1150.5 1466.0
835.0 1150.5 1466.0
835.0 1150.5 1466.0
835.0 1150.5 1466.0
835.0 1150.5 1466.0
835.0 1150.5 1466.0
835.0 1150.5 1466.0
835.0 1150.5 1466.0
835.0 1150.5 1466.0
835.0 1150.5 1466.0
835.0 1150.5 1466.0
835.0 1150.5 1466.0
835.0 1150.5 1466.0
835.0 907.0 979.0
835.0 907.0 979.0
835.0 907.0 979.0
835.0 907.0 979.0
835.0 907.0 979.0
835.0 907.0 979.0
835.0 907.0 979.0
835.0 907.0 979.0
835.0 907.0 979.0
835.0 907.0 979.0
835.0 907.0 979.0
835.0 907.0 979.0
835.0 907.0 979.0
835.0 907.0 979.0
835.0 907.0 979.0
835.0 907.0 979.0
835.0 907.0 979.0
835.0 907.0 979.0
835.0 907.0 979.0
835.0 907.0 979.0
835.0 907.0 979.0
835.0 907.0 979.0
835.0 907.0 979.0
835.0 907.0 979.0
835.0 907.0 979.0
835.0 907.0 979.0
835.0 907.0 979.0
835.0 907.0 979.0
835.0 907.0 979.0
835.0 907.0 979.0
835.0 907.0 979.0
835.0 907.0 979.0
835.0 907.0 979.0
835.0 907.0 979.0
835.0 907.0 979.0
835.0 907.0 979.0
835.0 907.0 979.0
835.0 907.0 979.0
835.0 907.0 979.0
835.0 907.0 979.0
835.0 907.0 979.0
835.0 907.0 979.0
835.0 907.0 979.0
835.0 907.0 979.0
835.0 907.0 979.0
835.0 907.0 979.0
835.0 907.0 979.0
835.0 907.0 979.0
835.0 907.0 979.0
835.0 907.0 979.0
835.0 907.0 979.0
835.0 907.0 979.0
835.0 907.0 979.0
835.0 907.0 979.0
