11480.0 13034.0 14588.0
11509.0 11559.0 11609.0
9226.0 9543.5 9861.0
6508.0 7012.0 7516.0
6213.0 6612.5 7012.0
4810.0 4850.0 4890.0
3811.0 4557.5 5304.0
2739.0 2862.0 2985.0
2616.0 2800.5 2985.0
1667.0 2332.0 2997.0
1667.0 1870.5 2074.0
1667.0 1870.5 2074.0
1667.0 1778.5 1890.0
1667.0 1778.5 1890.0
1637.0 1736.0 1835.0
1637.0 1736.0 1835.0
1637.0 1736.0 1835.0
1637.0 1736.0 1835.0
1374.0 1505.5 1637.0
1374.0 1505.5 1637.0
1374.0 1505.5 1637.0
1374.0 1505.5 1637.0
1374.0 1505.5 1637.0
1374.0 1505.5 1637.0
1374.0 1505.5 1637.0
1374.0 1505.5 1637.0
1374.0 1505.5 1637.0
1374.0 1505.5 1637.0
1374.0 1466.0 1558.0
1374.0 1466.0 1558.0
1374.0 1466.0 1558.0
1374.0 1466.0 1558.0
1374.0 1466.0 1558.0
1374.0 1466.0 1558.0
1374.0 1466.0 1558.0
1374.0 1466.0 1558.0
1374.0 1466.0 1558.0
1374.0 1466.0 1558.0
1374.0 1466.0 1558.0
1374.0 1466.0 1558.0
1374.0 1466.0 1558.0
1170.0 1364.0 1558.0
1170.0 1364.0 1558.0
1170.0 1364.0 1558.0
1170.0 1364.0 1558.0
1170.0 1364.0 1558.0
1170.0 1364.0 1558.0
1170.0 1364.0 1558.0
1170.0 1364.0 1558.0
1170.0 1364.0 1558.0
1170.0 1364.0 1558.0
1170.0 1364.0 1558.0
1170.0 1364.0 1558.0
1170.0 1364.0 1558.0
1170.0 1364.0 1558.0
1170.0 1364.0 1558.0
1170.0 1364.0 1558.0
1170.0 1364.0 1558.0
1170.0 1364.0 1558.0
1170.0 1364.0 1558.0
1170.0 1364.0 1558.0
1170.0 1364.0 1558.0
1170.0 1364.0 1558.0
1170.0 1364.0 1558.0
1170.0 1364.0 1558.0
1170.0 1364.0 1558.0
1170.0 1364.0 1558.0
1170.0 1364.0 1558.0
1170.0 1364.0 1558.0
1170.0 1364.0 1558.0
1170.0 1364.0 1558.0
1170.0 1364.0 1558.0
1170.0 1364.0 1558.0
1170.0 1364.0 1558.0
1170.0 1364.0 1558.0
1170.0 1364.0 1558.0
1170.0 1364.0 1558.0
1170.0 1364.0 1558.0
1170.0 1364.0 1558.0
1170.0 1364.0 1558.0
1170.0 1364.0 1558.0
1170.0 1364.0 1558.0
1170.0 1364.0 1558.0
1170.0 1364.0 1558.0
1170.0 1364.0 1558.0
1170.0 1364.0 1558.0
1170.0 1364.0 1558.0
1170.0 1364.0 1558.0
1170.0 1364.0 1558.0
1170.0 1364.0 1558.0
1170.0 1364.0 1558.0
1170.0 1364.0 1558.0
1170.0 1364.0 1558.0
1170.0 1364.0 1558.0
1170.0 1364.0 1558.0
1170.0 1364.0 1558.0
1170.0 1364.0 1558.0
1170.0 1364.0 1558.0
1170.0 1364.0 1558.0
1170.0 1364.0 1558.0
1170.0 1364.0 1558.0
1170.0 1364.0 1558.0
1170.0 1364.0 1558.0
1170.0 1364.0 1558.0
1170.0 1364.0 1558.0
1170.0 1364.0 1558.0
1170.0 1364.0 1558.0
1170.0 1364.0 1558.0
1170.0 1364.0 1558.0
1170.0 1364.0 1558.0
1170.0 1364.0 1558.0
1170.0 1364.0 1558.0
1170.0 1364.0 1558.0
1170.0 1364.0 1558.0
1170.0 1364.0 1558.0
1170.0 1364.0 1558.0
1170.0 1364.0 1558.0
1170.0 1364.0 1558.0
1170.0 1364.0 1558.0
1170.0 1364.0 1558.0
1170.0 1364.0 1558.0
1170.0 1364.0 1558.0
1170.0 1364.0 1558.0
1170.0 1364.0 1558.0
1170.0 1364.0 1558.0
1170.0 1364.0 1558.0
1170.0 1364.0 1558.0
1170.0 1364.0 1558.0
1170.0 1364.0 1558.0
1170.0 1364.0 1558.0
1170.0 1364.0 1558.0
1170.0 1364.0 1558.0
1170.0 1364.0 1558.0
1170.0 1364.0 1558.0
1170.0 1364.0 1558.0
1170.0 1364.0 1558.0
1170.0 1364.0 1558.0
1170.0 1364.0 1558.0
1170.0 1364.0 1558.0
1170.0 1364.0 1558.0
1170.0 1364.0 1558.0
1170.0 1364.0 1558.0
1170.0 1364.0 1558.0
1170.0 1364.0 1558.0
1170.0 1364.0 1558.0
1170.0 1364.0 1558.0
1170.0 1364.0 1558.0
1170.0 1364.0 1558.0
1170.0 1364.0 1558.0
1170.0 1364.0 1558.0
1170.0 1364.0 1558.0
1170.0 1364.0 1558.0
1170.0 1364.0 1558.0
1170.0 1364.0 1558.0
1170.0 1364.0 1558.0
1170.0 1364.0 1558.0
1170.0 1364.0 1558.0
1170.0 1364.0 1558.0
1170.0 1364.0 1558.0
1170.0 1364.0 1558.0
1170.0 1364.0 1558.0
1170.0 1364.0 1558.0
1170.0 1364.0 1558.0
1170.0 1364.0 1558.0
1170.0 1364.0 1558.0
1170.0 1364.0 1558.0
1170.0 1364.0 1558.0
1170.0 1364.0 1558.0
1170.0 1364.0 1558.0
1170.0 1364.0 1558.0
1170.0 1364.0 1558.0
1170.0 1364.0 1558.0
1170.0 1364.0 1558.0
1170.0 1364.0 1558.0
1170.0 1364.0 1558.0
1170.0 1364.0 1558.0
1170.0 1364.0 1558.0
1170.0 1364.0 1558.0
1170.0 1364.0 1558.0
1170.0 1364.0 1558.0
1170.0 1364.0 1558.0
1170.0 1364.0 1558.0
1170.0 1364.0 1558.0
1170.0 1364.0 1558.0
1170.0 1364.0 1558.0
1170.0 1364.0 1558.0
1170.0 1364.0 1558.0
1170.0 1364.0 1558.0
1170.0 1364.0 1558.0
1170.0 1364.0 1558.0
1170.0 1364.0 1558.0
1170.0 1364.0 1558.0
1170.0 1364.0 1558.0
1170.0 1364.0 1558.0
1170.0 1364.0 1558.0
1170.0 1364.0 1558.0
1170.0 1364.0 1558.0
1170.0 1364.0 1558.0
1170.0 1364.0 1558.0
1170.0 1364.0 1558.0
