11137.0 12388.0 13639.0
9186.0 9464.0 9742.0
7348.0 7793.0 8238.0
4858.0 5299.0 5740.0
3189.0 4464.5 5740.0
3327.0 3658.0 3989.0
2781.0 3094.0 3407.0
2564.0 2665.5 2767.0
1986.0 2145.0 2304.0
1621.0 1803.5 1986.0
1749.0 1806.5 1864.0
1491.0 1677.5 1864.0
1369.0 1475.5 1582.0
1369.0 1475.5 1582.0
1369.0 1421.0 1473.0
1369.0 1421.0 1473.0
1369.0 1421.0 1473.0
1369.0 1421.0 1473.0
1369.0 1421.0 1473.0
1369.0 1421.0 1473.0
1369.0 1421.0 1473.0
1369.0 1421.0 1473.0
1369.0 1421.0 1473.0
1369.0 1421.0 1473.0
1369.0 1421.0 1473.0
1369.0 1421.0 1473.0
1369.0 1421.0 1473.0
1369.0 1421.0 1473.0
1369.0 1421.0 1473.0
1369.0 1421.0 1473.0
1369.0 1421.0 1473.0
1369.0 1421.0 1473.0
1369.0 1421.0 1473.0
1369.0 1421.0 1473.0
1369.0 1421.0 1473.0
1369.0 1421.0 1473.0
1369.0 1421.0 1473.0
1369.0 1421.0 1473.0
1369.0 1421.0 1473.0
1369.0 1421.0 1473.0
1369.0 1421.0 1473.0
1369.0 1421.0 1473.0
1067.0 1218.0 1369.0
1067.0 1218.0 1369.0
1067.0 1218.0 1369.0
1067.0 1218.0 1369.0
1067.0 1218.0 1369.0
1067.0 1218.0 1369.0
1067.0 1218.0 1369.0
1067.0 1218.0 1369.0
1067.0 1218.0 1369.0
1067.0 1218.0 1369.0
1067.0 1218.0 1369.0
1067.0 1218.0 1369.0
1067.0 1218.0 1369.0
1067.0 1218.0 1369.0
1067.0 1218.0 1369.0
1067.0 1218.0 1369.0
1067.0 1218.0 1369.0
1067.0 1218.0 1369.0
1067.0 1218.0 1369.0
1067.0 1218.0 1369.0
1067.0 1218.0 1369.0
1067.0 1218.0 1369.0
1067.0 1218.0 1369.0
1067.0 1218.0 1369.0
1067.0 1218.0 1369.0
1067.0 1218.0 1369.0
1067.0 1218.0 1369.0
1067.0 1218.0 1369.0
1067.0 1218.0 1369.0
1067.0 1218.0 1369.0
1067.0 1218.0 1369.0
1067.0 1218.0 1369.0
1067.0 1218.0 1369.0
1067.0 1218.0 1369.0
1067.0 1218.0 1369.0
1067.0 1218.0 1369.0
1067.0 1218.0 1369.0
1067.0 1218.0 1369.0
1067.0 1218.0 1369.0
1067.0 1218.0 1369.0
1067.0 1218.0 1369.0
1067.0 1218.0 1369.0
1067.0 1218.0 1369.0
1067.0 1218.0 1369.0
1067.0 1218.0 1369.0
1067.0 1218.0 1369.0
1067.0 1218.0 1369.0
1067.0 1218.0 1369.0
1067.0 1218.0 1369.0
1067.0 1218.0 1369.0
1067.0 1218.0 1369.0
1067.0 1218.0 1369.0
1067.0 1218.0 1369.0
1067.0 1218.0 1369.0
1067.0 1218.0 1369.0
1067.0 1218.0 1369.0
1067.0 1218.0 1369.0
1067.0 1218.0 1369.0
1067.0 1218.0 1369.0
1067.0 1218.0 1369.0
1067.0 1218.0 1369.0
1067.0 1218.0 1369.0
1067.0 1218.0 1369.0
1067.0 1218.0 1369.0
1067.0 1218.0 1369.0
1067.0 1218.0 1369.0
1067.0 1218.0 1369.0
1067.0 1218.0 1369.0
1067.0 1218.0 1369.0
1067.0 1218.0 1369.0
1067.0 1218.0 1369.0
1067.0 1218.0 1369.0
1067.0 1218.0 1369.0
1067.0 1218.0 1369.0
1067.0 1218.0 1369.0
1067.0 1218.0 1369.0
1067.0 1218.0 1369.0
1067.0 1218.0 1369.0
1067.0 1218.0 1369.0
1067.0 1218.0 1369.0
1067.0 1218.0 1369.0
1067.0 1218.0 1369.0
1067.0 1218.0 1369.0
1067.0 1218.0 1369.0
1067.0 1218.0 1369.0
1067.0 1218.0 1369.0
1067.0 1218.0 1369.0
1067.0 1218.0 1369.0
1067.0 1218.0 1369.0
1067.0 1218.0 1369.0
1067.0 1218.0 1369.0
1178.0 1273.5 1369.0
1178.0 1273.5 1369.0
1178.0 1273.5 1369.0
1178.0 1273.5 1369.0
1178.0 1273.5 1369.0
1178.0 1273.5 1369.0
1178.0 1273.5 1369.0
1178.0 1273.5 1369.0
1178.0 1273.5 1369.0
1178.0 1273.5 1369.0
1178.0 1273.5 1369.0
1178.0 1273.5 1369.0
1178.0 1273.5 1369.0
1178.0 1273.5 1369.0
1178.0 1273.5 1369.0
1178.0 1273.5 1369.0
1178.0 1273.5 1369.0
1178.0 1273.5 1369.0
1178.0 1273.5 1369.0
1178.0 1273.5 1369.0
1178.0 1273.5 1369.0
1178.0 1273.5 1369.0
1178.0 1273.5 1369.0
1178.0 1273.5 1369.0
1178.0 1273.5 1369.0
1178.0 1273.5 1369.0
1178.0 1273.5 1369.0
1178.0 1273.5 1369.0
1178.0 1273.5 1369.0
1178.0 1273.5 1369.0
1178.0 1273.5 1369.0
1178.0 1273.5 1369.0
1178.0 1273.5 1369.0
1178.0 1273.5 1369.0
1178.0 1273.5 1369.0
1178.0 1273.5 1369.0
1178.0 1273.5 1369.0
1178.0 1273.5 1369.0
1178.0 1273.5 1369.0
1178.0 1273.5 1369.0
1178.0 1273.5 1369.0
1178.0 1273.5 1369.0
1178.0 1273.5 1369.0
1178.0 1273.5 1369.0
1178.0 1273.5 1369.0
1178.0 1273.5 1369.0
1178.0 1273.5 1369.0
1178.0 1273.5 1369.0
1178.0 1273.5 1369.0
1178.0 1273.5 1369.0
1178.0 1273.5 1369.0
1178.0 1273.5 1369.0
1178.0 1273.5 1369.0
1178.0 1273.5 1369.0
1178.0 1273.5 1369.0
1178.0 1273.5 1369.0
1178.0 1273.5 1369.0
1178.0 1273.5 1369.0
1178.0 1273.5 1369.0
1178.0 1273.5 1369.0
1178.0 1273.5 1369.0
1178.0 1273.5 1369.0
1178.0 1273.5 1369.0
1178.0 1273.5 1369.0
1178.0 1273.5 1369.0
1178.0 1273.5 1369.0
1178.0 1273.5 1369.0
