12635.0 12722.0 12809.0
10897.0 11753.0 12609.0
8446.0 8488.5 8531.0
5950.0 6584.5 7219.0
4412.0 4556.5 4701.0
3068.0 3122.0 3176.0
2770.0 2973.0 3176.0
2770.0 2973.0 3176.0
2124.0 2346.5 2569.0
2124.0 2346.5 2569.0
2041.0 2057.0 2073.0
1823.0 1973.0 2123.0
1685.0 1733.0 1781.0
1476.0 1535.0 1594.0
1193.0 1334.5 1476.0
1193.0 1336.0 1479.0
1193.0 1263.0 1333.0
1193.0 1263.0 1333.0
1193.0 1263.0 1333.0
1193.0 1263.0 1333.0
1193.0 1263.0 1333.0
1193.0 1263.0 1333.0
1193.0 1263.0 1333.0
1193.0 1263.0 1333.0
1193.0 1263.0 1333.0
1193.0 1263.0 1333.0
1193.0 1263.0 1333.0
1193.0 1263.0 1333.0
1333.0 1375.0 1417.0
1333.0 1375.0 1417.0
1193.0 1263.0 1333.0
1193.0 1263.0 1333.0
1193.0 1263.0 1333.0
1114.0 1223.5 1333.0
1114.0 1223.5 1333.0
1114.0 1223.5 1333.0
1114.0 1223.5 1333.0
1114.0 1223.5 1333.0
1114.0 1223.5 1333.0
1114.0 1223.5 1333.0
1114.0 1223.5 1333.0
1114.0 1223.5 1333.0
1114.0 1223.5 1333.0
1114.0 1223.5 1333.0
1114.0 1223.5 1333.0
1114.0 1223.5 1333.0
1114.0 1223.5 1333.0
1114.0 1223.5 1333.0
1114.0 1223.5 1333.0
1114.0 1223.5 1333.0
1114.0 1223.5 1333.0
1114.0 1223.5 1333.0
1114.0 1223.5 1333.0
1114.0 1223.5 1333.0
1114.0 1223.5 1333.0
1114.0 1223.5 1333.0
1114.0 1223.5 1333.0
1114.0 1223.5 1333.0
1114.0 1223.5 1333.0
1114.0 1223.5 1333.0
1114.0 1223.5 1333.0
1114.0 1223.5 1333.0
1114.0 1223.5 1333.0
1097.0 1105.5 1114.0
964.0 1039.0 1114.0
964.0 1039.0 1114.0
964.0 1039.0 1114.0
964.0 1039.0 1114.0
964.0 1039.0 1114.0
964.0 1039.0 1114.0
964.0 1039.0 1114.0
964.0 1039.0 1114.0
964.0 1039.0 1114.0
964.0 1039.0 1114.0
964.0 1039.0 1114.0
964.0 1039.0 1114.0
964.0 1039.0 1114.0
964.0 1039.0 1114.0
964.0 1039.0 1114.0
964.0 1039.0 1114.0
964.0 1039.0 1114.0
964.0 1039.0 1114.0
964.0 1039.0 1114.0
964.0 1039.0 1114.0
964.0 1039.0 1114.0
964.0 1039.0 1114.0
964.0 1039.0 1114.0
964.0 1039.0 1114.0
964.0 1039.0 1114.0
964.0 1039.0 1114.0
964.0 1039.0 1114.0
964.0 1039.0 1114.0
964.0 1039.0 1114.0
964.0 1039.0 1114.0
964.0 1039.0 1114.0
964.0 1039.0 1114.0
964.0 1039.0 1114.0
964.0 1039.0 1114.0
964.0 1039.0 1114.0
964.0 1039.0 1114.0
964.0 1039.0 1114.0
964.0 1039.0 1114.0
964.0 1039.0 1114.0
964.0 1039.0 1114.0
964.0 1039.0 1114.0
964.0 1039.0 1114.0
964.0 1039.0 1114.0
964.0 1039.0 1114.0
964.0 1039.0 1114.0
964.0 1039.0 1114.0
964.0 1039.0 1114.0
964.0 1039.0 1114.0
964.0 1039.0 1114.0
964.0 1039.0 1114.0
964.0 1039.0 1114.0
964.0 1039.0 1114.0
964.0 1039.0 1114.0
964.0 1039.0 1114.0
964.0 1039.0 1114.0
964.0 1039.0 1114.0
964.0 1039.0 1114.0
964.0 1039.0 1114.0
964.0 1039.0 1114.0
964.0 1039.0 1114.0
964.0 1039.0 1114.0
964.0 1039.0 1114.0
964.0 1039.0 1114.0
964.0 1039.0 1114.0
964.0 1039.0 1114.0
964.0 1039.0 1114.0
964.0 1039.0 1114.0
964.0 1039.0 1114.0
964.0 1039.0 1114.0
964.0 1039.0 1114.0
964.0 1039.0 1114.0
964.0 1039.0 1114.0
964.0 1039.0 1114.0
964.0 1039.0 1114.0
964.0 1039.0 1114.0
964.0 1039.0 1114.0
964.0 1039.0 1114.0
964.0 1039.0 1114.0
964.0 1039.0 1114.0
964.0 1039.0 1114.0
964.0 1039.0 1114.0
964.0 1039.0 1114.0
964.0 1039.0 1114.0
964.0 1039.0 1114.0
964.0 1039.0 1114.0
964.0 1039.0 1114.0
964.0 1039.0 1114.0
964.0 1039.0 1114.0
964.0 1039.0 1114.0
964.0 1039.0 1114.0
964.0 1039.0 1114.0
964.0 1039.0 1114.0
964.0 1039.0 1114.0
964.0 1039.0 1114.0
964.0 1039.0 1114.0
964.0 1039.0 1114.0
964.0 1039.0 1114.0
964.0 1039.0 1114.0
964.0 1039.0 1114.0
964.0 1039.0 1114.0
964.0 1039.0 1114.0
964.0 1039.0 1114.0
964.0 1039.0 1114.0
964.0 1039.0 1114.0
964.0 1039.0 1114.0
964.0 1039.0 1114.0
964.0 1039.0 1114.0
964.0 1039.0 1114.0
964.0 1039.0 1114.0
964.0 1039.0 1114.0
964.0 1039.0 1114.0
964.0 1039.0 1114.0
964.0 1039.0 1114.0
964.0 1039.0 1114.0
964.0 1039.0 1114.0
964.0 1039.0 1114.0
964.0 1039.0 1114.0
964.0 1039.0 1114.0
964.0 1039.0 1114.0
964.0 1039.0 1114.0
964.0 1039.0 1114.0
964.0 1039.0 1114.0
964.0 1039.0 1114.0
964.0 1039.0 1114.0
964.0 1039.0 1114.0
964.0 1039.0 1114.0
964.0 1039.0 1114.0
964.0 1039.0 1114.0
964.0 1039.0 1114.0
964.0 1039.0 1114.0
964.0 1039.0 1114.0
964.0 1039.0 1114.0
964.0 1039.0 1114.0
964.0 1039.0 1114.0
964.0 1039.0 1114.0
964.0 1039.0 1114.0
