13393.0 14615.5 15838.0
10727.0 12268.0 13809.0
10360.0 11063.0 11766.0
8643.0 8824.0 9005.0
6476.0 7199.0 7922.0
5825.0 6500.0 7175.0
3904.0 4539.5 5175.0
3904.0 4808.0 5712.0
3904.0 4487.5 5071.0
2535.0 3477.5 4420.0
2535.0 3477.5 4420.0
2535.0 3611.0 4687.0
2535.0 3611.0 4687.0
2535.0 3611.0 4687.0
2535.0 3546.0 4557.0
2535.0 3088.5 3642.0
2535.0 3088.5 3642.0
2302.0 2418.5 2535.0
2302.0 2418.5 2535.0
2302.0 2418.5 2535.0
2019.0 2277.0 2535.0
2019.0 2277.0 2535.0
2019.0 2277.0 2535.0
2019.0 2277.0 2535.0
2019.0 2277.0 2535.0
2019.0 2277.0 2535.0
2019.0 2277.0 2535.0
2019.0 2277.0 2535.0
2019.0 2277.0 2535.0
2227.0 2381.0 2535.0
1473.0 2004.0 2535.0
1473.0 2004.0 2535.0
1473.0 2004.0 2535.0
1473.0 2004.0 2535.0
1473.0 2004.0 2535.0
1473.0 2004.0 2535.0
1473.0 2004.0 2535.0
1473.0 2004.0 2535.0
1473.0 2117.0 2761.0
1473.0 1788.5 2104.0
1473.0 1788.5 2104.0
1473.0 1788.5 2104.0
1473.0 1788.5 2104.0
1473.0 1788.5 2104.0
1473.0 1788.5 2104.0
1754.0 1929.0 2104.0
1754.0 1929.0 2104.0
1754.0 1929.0 2104.0
1754.0 1929.0 2104.0
1754.0 1929.0 2104.0
1754.0 1929.0 2104.0
1754.0 1929.0 2104.0
1754.0 1929.0 2104.0
1754.0 1929.0 2104.0
1754.0 1929.0 2104.0
1754.0 1929.0 2104.0
1754.0 1929.0 2104.0
1754.0 1929.0 2104.0
1754.0 1929.0 2104.0
1754.0 1929.0 2104.0
1754.0 1929.0 2104.0
1754.0 1929.0 2104.0
1754.0 1929.0 2104.0
1754.0 1929.0 2104.0
1754.0 1929.0 2104.0
1754.0 1929.0 2104.0
1754.0 1929.0 2104.0
1754.0 1929.0 2104.0
1754.0 1929.0 2104.0
1754.0 1929.0 2104.0
1754.0 1929.0 2104.0
1754.0 1929.0 2104.0
1754.0 1929.0 2104.0
1754.0 1929.0 2104.0
1754.0 1929.0 2104.0
1754.0 1929.0 2104.0
1754.0 1929.0 2104.0
1754.0 1929.0 2104.0
1754.0 1929.0 2104.0
1754.0 1929.0 2104.0
1754.0 1929.0 2104.0
1754.0 1929.0 2104.0
1754.0 1929.0 2104.0
1754.0 1929.0 2104.0
1754.0 1929.0 2104.0
1754.0 1929.0 2104.0
1754.0 1929.0 2104.0
1616.0 1685.0 1754.0
1479.0 1616.5 1754.0
1479.0 1616.5 1754.0
1479.0 1616.5 1754.0
1479.0 1616.5 1754.0
1479.0 1616.5 1754.0
1479.0 1616.5 1754.0
1479.0 1616.5 1754.0
1479.0 1616.5 1754.0
1479.0 1616.5 1754.0
1479.0 1616.5 1754.0
1479.0 1616.5 1754.0
1479.0 1616.5 1754.0
1479.0 1616.5 1754.0
1479.0 1616.5 1754.0
1479.0 1616.5 1754.0
1479.0 1616.5 1754.0
1479.0 1616.5 1754.0
1479.0 1616.5 1754.0
1479.0 1616.5 1754.0
1479.0 1616.5 1754.0
1479.0 1616.5 1754.0
1479.0 1616.5 1754.0
1479.0 1616.5 1754.0
1479.0 1616.5 1754.0
1479.0 1616.5 1754.0
1479.0 1616.5 1754.0
1479.0 1616.5 1754.0
1479.0 1616.5 1754.0
1479.0 1616.5 1754.0
1479.0 1616.5 1754.0
1479.0 1616.5 1754.0
1479.0 1616.5 1754.0
1479.0 1616.5 1754.0
1479.0 1616.5 1754.0
1479.0 1616.5 1754.0
1479.0 1616.5 1754.0
1479.0 1616.5 1754.0
1479.0 1616.5 1754.0
1479.0 1616.5 1754.0
1479.0 1616.5 1754.0
1479.0 1616.5 1754.0
1479.0 1616.5 1754.0
1479.0 1616.5 1754.0
1479.0 1616.5 1754.0
1479.0 1616.5 1754.0
1479.0 1616.5 1754.0
1479.0 1616.5 1754.0
1479.0 1616.5 1754.0
1479.0 1616.5 1754.0
1479.0 1616.5 1754.0
1479.0 1616.5 1754.0
1479.0 1616.5 1754.0
1479.0 1616.5 1754.0
1479.0 1616.5 1754.0
1479.0 1616.5 1754.0
1479.0 1616.5 1754.0
1479.0 1616.5 1754.0
1479.0 1616.5 1754.0
1472.0 1475.5 1479.0
1472.0 1475.5 1479.0
1472.0 1475.5 1479.0
1472.0 1475.5 1479.0
1472.0 1475.5 1479.0
1472.0 1475.5 1479.0
1472.0 1475.5 1479.0
1472.0 1475.5 1479.0
1472.0 1475.5 1479.0
1472.0 1475.5 1479.0
1472.0 1475.5 1479.0
1472.0 1475.5 1479.0
1472.0 1475.5 1479.0
1472.0 1475.5 1479.0
1472.0 1475.5 1479.0
1472.0 1475.5 1479.0
1472.0 1475.5 1479.0
1472.0 1475.5 1479.0
1472.0 1475.5 1479.0
1472.0 1475.5 1479.0
1472.0 1475.5 1479.0
1472.0 1475.5 1479.0
1472.0 1475.5 1479.0
1472.0 1475.5 1479.0
1472.0 1475.5 1479.0
1472.0 1475.5 1479.0
1472.0 1475.5 1479.0
1472.0 1475.5 1479.0
1472.0 1475.5 1479.0
1472.0 1475.5 1479.0
1472.0 1475.5 1479.0
1472.0 1475.5 1479.0
1472.0 1475.5 1479.0
1472.0 1475.5 1479.0
1472.0 1475.5 1479.0
1472.0 1475.5 1479.0
1472.0 1475.5 1479.0
1472.0 1475.5 1479.0
1472.0 1475.5 1479.0
1472.0 1475.5 1479.0
1472.0 1475.5 1479.0
1472.0 1475.5 1479.0
1472.0 1475.5 1479.0
1472.0 1475.5 1479.0
1472.0 1475.5 1479.0
1472.0 1475.5 1479.0
1472.0 1475.5 1479.0
1472.0 1475.5 1479.0
1472.0 1475.5 1479.0
1472.0 1475.5 1479.0
1472.0 1475.5 1479.0
1472.0 1475.5 1479.0
1472.0 1475.5 1479.0
1472.0 1475.5 1479.0
