11148.0 11703.0 12258.0
7092.0 8120.5 9149.0
5790.0 6869.0 7948.0
5162.0 5361.5 5561.0
3859.0 4128.0 4397.0
3534.0 3694.0 3854.0
3268.0 3516.0 3764.0
2340.0 2663.5 2987.0
1777.0 2192.0 2607.0
1944.0 2079.0 2214.0
1944.0 1954.0 1964.0
1658.0 1801.0 1944.0
1516.0 1730.0 1944.0
1516.0 1730.0 1944.0
964.0 1454.0 1944.0
974.0 1459.0 1944.0
964.0 1454.0 1944.0
964.0 1454.0 1944.0
964.0 1454.0 1944.0
964.0 1454.0 1944.0
964.0 1454.0 1944.0
964.0 1454.0 1944.0
964.0 1454.0 1944.0
964.0 1454.0 1944.0
964.0 1454.0 1944.0
964.0 1454.0 1944.0
964.0 1454.0 1944.0
964.0 1369.0 1774.0
964.0 1369.0 1774.0
964.0 1369.0 1774.0
964.0 1369.0 1774.0
964.0 1369.0 1774.0
964.0 1369.0 1774.0
964.0 1369.0 1774.0
964.0 1369.0 1774.0
964.0 1369.0 1774.0
964.0 1369.0 1774.0
964.0 1369.0 1774.0
964.0 1369.0 1774.0
964.0 1369.0 1774.0
964.0 1369.0 1774.0
964.0 1369.0 1774.0
964.0 1369.0 1774.0
964.0 1129.0 1294.0
964.0 1129.0 1294.0
854.0 909.0 964.0
854.0 909.0 964.0
854.0 909.0 964.0
854.0 909.0 964.0
854.0 909.0 964.0
854.0 909.0 964.0
854.0 909.0 964.0
854.0 909.0 964.0
854.0 909.0 964.0
854.0 909.0 964.0
854.0 909.0 964.0
854.0 909.0 964.0
854.0 909.0 964.0
854.0 909.0 964.0
854.0 909.0 964.0
854.0 909.0 964.0
854.0 909.0 964.0
854.0 909.0 964.0
854.0 909.0 964.0
854.0 909.0 964.0
854.0 909.0 964.0
854.0 909.0 964.0
854.0 909.0 964.0
854.0 909.0 964.0
854.0 909.0 964.0
854.0 909.0 964.0
854.0 909.0 964.0
854.0 909.0 964.0
854.0 909.0 964.0
854.0 909.0 964.0
854.0 909.0 964.0
854.0 909.0 964.0
854.0 909.0 964.0
854.0 909.0 964.0
854.0 909.0 964.0
854.0 909.0 964.0
854.0 909.0 964.0
854.0 909.0 964.0
854.0 909.0 964.0
854.0 909.0 964.0
854.0 909.0 964.0
854.0 909.0 964.0
854.0 909.0 964.0
854.0 909.0 964.0
854.0 909.0 964.0
854.0 909.0 964.0
854.0 909.0 964.0
854.0 909.0 964.0
854.0 909.0 964.0
854.0 909.0 964.0
854.0 909.0 964.0
854.0 909.0 964.0
854.0 909.0 964.0
854.0 909.0 964.0
854.0 909.0 964.0
854.0 909.0 964.0
854.0 909.0 964.0
854.0 909.0 964.0
854.0 909.0 964.0
854.0 909.0 964.0
854.0 909.0 964.0
854.0 909.0 964.0
854.0 909.0 964.0
854.0 909.0 964.0
854.0 909.0 964.0
854.0 909.0 964.0
854.0 909.0 964.0
854.0 909.0 964.0
854.0 909.0 964.0
854.0 909.0 964.0
854.0 909.0 964.0
854.0 909.0 964.0
854.0 909.0 964.0
854.0 909.0 964.0
854.0 909.0 964.0
854.0 909.0 964.0
854.0 909.0 964.0
854.0 909.0 964.0
854.0 909.0 964.0
854.0 909.0 964.0
854.0 909.0 964.0
854.0 909.0 964.0
854.0 909.0 964.0
854.0 909.0 964.0
854.0 909.0 964.0
854.0 909.0 964.0
854.0 909.0 964.0
854.0 909.0 964.0
854.0 909.0 964.0
854.0 909.0 964.0
854.0 909.0 964.0
854.0 909.0 964.0
854.0 909.0 964.0
854.0 909.0 964.0
854.0 909.0 964.0
854.0 909.0 964.0
854.0 909.0 964.0
854.0 909.0 964.0
854.0 909.0 964.0
854.0 909.0 964.0
854.0 909.0 964.0
854.0 909.0 964.0
854.0 909.0 964.0
854.0 909.0 964.0
854.0 909.0 964.0
854.0 909.0 964.0
854.0 909.0 964.0
854.0 909.0 964.0
854.0 909.0 964.0
854.0 909.0 964.0
854.0 909.0 964.0
854.0 909.0 964.0
854.0 909.0 964.0
854.0 909.0 964.0
854.0 909.0 964.0
854.0 909.0 964.0
854.0 909.0 964.0
854.0 909.0 964.0
854.0 909.0 964.0
854.0 909.0 964.0
854.0 909.0 964.0
854.0 909.0 964.0
854.0 909.0 964.0
854.0 909.0 964.0
854.0 909.0 964.0
854.0 909.0 964.0
854.0 909.0 964.0
854.0 909.0 964.0
854.0 909.0 964.0
854.0 909.0 964.0
854.0 909.0 964.0
854.0 909.0 964.0
854.0 909.0 964.0
854.0 909.0 964.0
854.0 909.0 964.0
854.0 909.0 964.0
854.0 909.0 964.0
854.0 909.0 964.0
854.0 909.0 964.0
854.0 909.0 964.0
854.0 909.0 964.0
854.0 909.0 964.0
854.0 909.0 964.0
854.0 909.0 964.0
854.0 909.0 964.0
854.0 909.0 964.0
854.0 909.0 964.0
854.0 909.0 964.0
854.0 909.0 964.0
854.0 909.0 964.0
854.0 909.0 964.0
854.0 909.0 964.0
854.0 909.0 964.0
854.0 909.0 964.0
854.0 909.0 964.0
