11177.0 12393.5 13610.0
9380.0 11146.0 12912.0
5675.0 7647.5 9620.0
4180.0 5093.0 6006.0
3612.0 4789.0 5966.0
2447.0 3476.5 4506.0
1816.0 2714.5 3613.0
1685.0 2235.0 2785.0
1685.0 2235.0 2785.0
1685.0 1801.5 1918.0
1391.0 1538.0 1685.0
968.0 1259.5 1551.0
968.0 1168.0 1368.0
968.0 1123.0 1278.0
968.0 1123.0 1278.0
968.0 1147.0 1326.0
968.0 1147.0 1326.0
968.0 1147.0 1326.0
968.0 1147.0 1326.0
968.0 1147.0 1326.0
968.0 1147.0 1326.0
968.0 1147.0 1326.0
968.0 1147.0 1326.0
968.0 1147.0 1326.0
968.0 1147.0 1326.0
968.0 1147.0 1326.0
968.0 1147.0 1326.0
968.0 1147.0 1326.0
968.0 1147.0 1326.0
968.0 1147.0 1326.0
968.0 1147.0 1326.0
968.0 1147.0 1326.0
968.0 1147.0 1326.0
968.0 1147.0 1326.0
968.0 1147.0 1326.0
968.0 1147.0 1326.0
968.0 1147.0 1326.0
968.0 1147.0 1326.0
968.0 1147.0 1326.0
968.0 1147.0 1326.0
968.0 1147.0 1326.0
968.0 1147.0 1326.0
968.0 1147.0 1326.0
968.0 1147.0 1326.0
968.0 1147.0 1326.0
968.0 1147.0 1326.0
968.0 1147.0 1326.0
968.0 1147.0 1326.0
968.0 1147.0 1326.0
968.0 1147.0 1326.0
968.0 1147.0 1326.0
968.0 1147.0 1326.0
968.0 1147.0 1326.0
968.0 1147.0 1326.0
968.0 1147.0 1326.0
968.0 1147.0 1326.0
968.0 1147.0 1326.0
968.0 1147.0 1326.0
968.0 1147.0 1326.0
968.0 1147.0 1326.0
968.0 1147.0 1326.0
968.0 1147.0 1326.0
968.0 1147.0 1326.0
968.0 1147.0 1326.0
968.0 1147.0 1326.0
968.0 1147.0 1326.0
968.0 1147.0 1326.0
968.0 1147.0 1326.0
968.0 1147.0 1326.0
968.0 1147.0 1326.0
968.0 1147.0 1326.0
968.0 1147.0 1326.0
968.0 1147.0 1326.0
968.0 1147.0 1326.0
968.0 1147.0 1326.0
968.0 1147.0 1326.0
968.0 1147.0 1326.0
968.0 1147.0 1326.0
968.0 1147.0 1326.0
968.0 1147.0 1326.0
968.0 1147.0 1326.0
968.0 1147.0 1326.0
968.0 1147.0 1326.0
968.0 1147.0 1326.0
968.0 1147.0 1326.0
968.0 1147.0 1326.0
968.0 1147.0 1326.0
968.0 1147.0 1326.0
968.0 1147.0 1326.0
968.0 1147.0 1326.0
968.0 1147.0 1326.0
968.0 1147.0 1326.0
968.0 1147.0 1326.0
968.0 1147.0 1326.0
968.0 1147.0 1326.0
968.0 1147.0 1326.0
968.0 1147.0 1326.0
968.0 1147.0 1326.0
968.0 1147.0 1326.0
968.0 1147.0 1326.0
968.0 1147.0 1326.0
968.0 1147.0 1326.0
968.0 1147.0 1326.0
968.0 1147.0 1326.0
968.0 1147.0 1326.0
968.0 1147.0 1326.0
968.0 1147.0 1326.0
968.0 1147.0 1326.0
968.0 1147.0 1326.0
968.0 1147.0 1326.0
968.0 1147.0 1326.0
968.0 1147.0 1326.0
968.0 1147.0 1326.0
968.0 1147.0 1326.0
968.0 1017.0 1066.0
960.0 964.0 968.0
960.0 964.0 968.0
960.0 964.0 968.0
960.0 964.0 968.0
960.0 964.0 968.0
960.0 964.0 968.0
960.0 964.0 968.0
960.0 964.0 968.0
960.0 964.0 968.0
960.0 964.0 968.0
960.0 964.0 968.0
960.0 964.0 968.0
960.0 964.0 968.0
960.0 964.0 968.0
960.0 964.0 968.0
960.0 964.0 968.0
960.0 964.0 968.0
960.0 964.0 968.0
960.0 964.0 968.0
960.0 964.0 968.0
960.0 964.0 968.0
960.0 964.0 968.0
960.0 964.0 968.0
960.0 964.0 968.0
960.0 964.0 968.0
960.0 964.0 968.0
960.0 964.0 968.0
960.0 964.0 968.0
960.0 964.0 968.0
960.0 964.0 968.0
960.0 964.0 968.0
960.0 964.0 968.0
960.0 964.0 968.0
960.0 964.0 968.0
960.0 964.0 968.0
960.0 964.0 968.0
960.0 964.0 968.0
960.0 964.0 968.0
960.0 964.0 968.0
960.0 964.0 968.0
960.0 964.0 968.0
960.0 964.0 968.0
960.0 964.0 968.0
960.0 964.0 968.0
960.0 964.0 968.0
960.0 964.0 968.0
960.0 964.0 968.0
960.0 964.0 968.0
960.0 964.0 968.0
960.0 964.0 968.0
960.0 964.0 968.0
960.0 964.0 968.0
960.0 964.0 968.0
960.0 964.0 968.0
960.0 964.0 968.0
960.0 964.0 968.0
960.0 964.0 968.0
960.0 964.0 968.0
960.0 964.0 968.0
960.0 964.0 968.0
960.0 964.0 968.0
960.0 964.0 968.0
960.0 964.0 968.0
960.0 964.0 968.0
960.0 964.0 968.0
960.0 964.0 968.0
960.0 964.0 968.0
960.0 964.0 968.0
960.0 964.0 968.0
960.0 964.0 968.0
960.0 964.0 968.0
960.0 964.0 968.0
960.0 964.0 968.0
960.0 964.0 968.0
960.0 964.0 968.0
960.0 964.0 968.0
960.0 964.0 968.0
960.0 964.0 968.0
960.0 964.0 968.0
960.0 964.0 968.0
960.0 964.0 968.0
960.0 964.0 968.0
960.0 964.0 968.0
960.0 964.0 968.0
960.0 964.0 968.0
