12190.0 12327.0 12464.0
9241.0 10530.0 11819.0
9195.0 9704.5 10214.0
7928.0 9071.0 10214.0
5650.0 7134.0 8618.0
6002.0 6118.5 6235.0
3439.0 4428.5 5418.0
3439.0 4018.5 4598.0
2957.0 3198.0 3439.0
2957.0 3316.5 3676.0
1931.0 2151.0 2371.0
1714.0 1822.5 1931.0
1714.0 1822.5 1931.0
1714.0 1822.5 1931.0
1714.0 1822.5 1931.0
1714.0 1822.5 1931.0
1714.0 1822.5 1931.0
1714.0 1822.5 1931.0
1714.0 1822.5 1931.0
1671.0 1692.5 1714.0
1707.0 1710.5 1714.0
1707.0 1710.5 1714.0
1707.0 1710.5 1714.0
1707.0 1710.5 1714.0
1707.0 1710.5 1714.0
1707.0 1710.5 1714.0
1707.0 1710.5 1714.0
1707.0 1710.5 1714.0
1707.0 1710.5 1714.0
1707.0 1710.5 1714.0
1707.0 1710.5 1714.0
1707.0 1710.5 1714.0
1707.0 1710.5 1714.0
1707.0 1710.5 1714.0
1707.0 1710.5 1714.0
1707.0 1710.5 1714.0
1707.0 1710.5 1714.0
1707.0 1710.5 1714.0
1707.0 1710.5 1714.0
1707.0 1710.5 1714.0
1707.0 1710.5 1714.0
1707.0 1710.5 1714.0
1707.0 1710.5 1714.0
1707.0 1710.5 1714.0
1707.0 1710.5 1714.0
1707.0 1710.5 1714.0
1707.0 1710.5 1714.0
1707.0 1710.5 1714.0
1707.0 1710.5 1714.0
1707.0 1710.5 1714.0
1707.0 1710.5 1714.0
1707.0 1710.5 1714.0
1707.0 1710.5 1714.0
1707.0 1710.5 1714.0
1707.0 1710.5 1714.0
1707.0 1710.5 1714.0
1707.0 1710.5 1714.0
1707.0 1710.5 1714.0
1707.0 1710.5 1714.0
1707.0 1778.0 1849.0
1707.0 1778.0 1849.0
1707.0 1778.0 1849.0
1707.0 1778.0 1849.0
1707.0 1778.0 1849.0
1707.0 1778.0 1849.0
1707.0 1778.0 1849.0
1707.0 1778.0 1849.0
1707.0 1778.0 1849.0
1707.0 1778.0 1849.0
1707.0 1778.0 1849.0
1707.0 1778.0 1849.0
1707.0 1778.0 1849.0
1707.0 1778.0 1849.0
1707.0 1778.0 1849.0
1686.0 1767.5 1849.0
1686.0 1767.5 1849.0
1686.0 1767.5 1849.0
1686.0 1767.5 1849.0
1686.0 1767.5 1849.0
1686.0 1767.5 1849.0
1686.0 1767.5 1849.0
1686.0 1767.5 1849.0
1686.0 1767.5 1849.0
1686.0 1767.5 1849.0
1686.0 1767.5 1849.0
1686.0 1767.5 1849.0
1686.0 1767.5 1849.0
1686.0 1767.5 1849.0
1686.0 1767.5 1849.0
1686.0 1767.5 1849.0
1686.0 1767.5 1849.0
1686.0 1767.5 1849.0
1686.0 1767.5 1849.0
1686.0 1767.5 1849.0
1686.0 1767.5 1849.0
1686.0 1767.5 1849.0
1686.0 1767.5 1849.0
1686.0 1767.5 1849.0
1686.0 1767.5 1849.0
1686.0 1767.5 1849.0
1686.0 1767.5 1849.0
1686.0 1767.5 1849.0
1686.0 1767.5 1849.0
1686.0 1767.5 1849.0
1686.0 1767.5 1849.0
1686.0 1767.5 1849.0
1686.0 1767.5 1849.0
1686.0 1767.5 1849.0
1686.0 1767.5 1849.0
1686.0 1767.5 1849.0
1686.0 1767.5 1849.0
1686.0 1767.5 1849.0
1686.0 1767.5 1849.0
1686.0 1767.5 1849.0
1686.0 1767.5 1849.0
1686.0 1767.5 1849.0
1686.0 1767.5 1849.0
1686.0 1767.5 1849.0
1686.0 1767.5 1849.0
1686.0 1767.5 1849.0
1686.0 1767.5 1849.0
1686.0 1767.5 1849.0
1686.0 1767.5 1849.0
1686.0 1767.5 1849.0
1686.0 1767.5 1849.0
1686.0 1767.5 1849.0
1686.0 1767.5 1849.0
1686.0 1767.5 1849.0
1686.0 1767.5 1849.0
1686.0 1767.5 1849.0
1686.0 1767.5 1849.0
1686.0 1767.5 1849.0
1686.0 1767.5 1849.0
1686.0 1767.5 1849.0
1686.0 1767.5 1849.0
1686.0 1767.5 1849.0
1686.0 1767.5 1849.0
1686.0 1767.5 1849.0
1686.0 1767.5 1849.0
1686.0 1767.5 1849.0
1686.0 1767.5 1849.0
1686.0 1767.5 1849.0
1686.0 1767.5 1849.0
1686.0 1767.5 1849.0
1686.0 1767.5 1849.0
1686.0 1767.5 1849.0
1686.0 1767.5 1849.0
1686.0 1767.5 1849.0
1686.0 1767.5 1849.0
1686.0 1767.5 1849.0
1686.0 1767.5 1849.0
1686.0 1767.5 1849.0
1686.0 1767.5 1849.0
1686.0 1767.5 1849.0
1686.0 1767.5 1849.0
1686.0 1767.5 1849.0
1686.0 1767.5 1849.0
1686.0 1767.5 1849.0
1686.0 1767.5 1849.0
1686.0 1767.5 1849.0
1686.0 1767.5 1849.0
1686.0 1767.5 1849.0
1686.0 1767.5 1849.0
1686.0 1767.5 1849.0
1686.0 1767.5 1849.0
1686.0 1767.5 1849.0
1686.0 1767.5 1849.0
1686.0 1767.5 1849.0
1686.0 1767.5 1849.0
1686.0 1767.5 1849.0
1686.0 1767.5 1849.0
1686.0 1767.5 1849.0
1686.0 1767.5 1849.0
1686.0 1767.5 1849.0
1222.0 1535.5 1849.0
1222.0 1535.5 1849.0
1222.0 1535.5 1849.0
1222.0 1535.5 1849.0
1222.0 1535.5 1849.0
1222.0 1535.5 1849.0
1222.0 1535.5 1849.0
1222.0 1535.5 1849.0
1222.0 1535.5 1849.0
1222.0 1535.5 1849.0
1222.0 1535.5 1849.0
1222.0 1535.5 1849.0
1222.0 1535.5 1849.0
1222.0 1535.5 1849.0
1222.0 1535.5 1849.0
1222.0 1535.5 1849.0
1222.0 1535.5 1849.0
1222.0 1535.5 1849.0
1222.0 1535.5 1849.0
1222.0 1535.5 1849.0
1222.0 1535.5 1849.0
1222.0 1535.5 1849.0
1222.0 1535.5 1849.0
1222.0 1535.5 1849.0
1222.0 1535.5 1849.0
1222.0 1535.5 1849.0
