9342.0 11098.0 12854.0
7853.0 9108.0 10363.0
5745.0 7051.0 8357.0
5745.0 6630.0 7515.0
3050.0 3834.0 4618.0
2943.0 4067.0 5191.0
1895.0 2445.5 2996.0
1895.0 2084.5 2274.0
1238.0 1756.0 2274.0
1238.0 1756.0 2274.0
1238.0 1443.0 1648.0
1238.0 1443.0 1648.0
1220.0 1229.0 1238.0
1220.0 1229.0 1238.0
1220.0 1229.0 1238.0
1220.0 1229.0 1238.0
1220.0 1229.0 1238.0
1220.0 1229.0 1238.0
1220.0 1229.0 1238.0
1220.0 1229.0 1238.0
1220.0 1229.0 1238.0
1220.0 1229.0 1238.0
1142.0 1190.0 1238.0
1142.0 1190.0 1238.0
899.0 1068.5 1238.0
899.0 1068.5 1238.0
899.0 1068.5 1238.0
899.0 1068.5 1238.0
899.0 1068.5 1238.0
899.0 1068.5 1238.0
899.0 1068.5 1238.0
899.0 1068.5 1238.0
899.0 1068.5 1238.0
899.0 1068.5 1238.0
899.0 1068.5 1238.0
899.0 1068.5 1238.0
899.0 1068.5 1238.0
899.0 1068.5 1238.0
899.0 1068.5 1238.0
899.0 1068.5 1238.0
899.0 1068.5 1238.0
899.0 1068.5 1238.0
899.0 1068.5 1238.0
899.0 1068.5 1238.0
899.0 1068.5 1238.0
899.0 1068.5 1238.0
899.0 1068.5 1238.0
899.0 1068.5 1238.0
899.0 979.5 1060.0
899.0 979.5 1060.0
899.0 979.5 1060.0
899.0 979.5 1060.0
899.0 979.5 1060.0
899.0 979.5 1060.0
899.0 979.5 1060.0
899.0 979.5 1060.0
899.0 979.5 1060.0
899.0 979.5 1060.0
899.0 979.5 1060.0
899.0 979.5 1060.0
899.0 979.5 1060.0
899.0 979.5 1060.0
899.0 979.5 1060.0
899.0 979.5 1060.0
899.0 979.5 1060.0
899.0 979.5 1060.0
899.0 979.5 1060.0
899.0 979.5 1060.0
899.0 979.5 1060.0
899.0 979.5 1060.0
899.0 979.5 1060.0
899.0 979.5 1060.0
899.0 979.5 1060.0
899.0 979.5 1060.0
899.0 979.5 1060.0
899.0 979.5 1060.0
899.0 979.5 1060.0
899.0 979.5 1060.0
899.0 979.5 1060.0
899.0 979.5 1060.0
899.0 979.5 1060.0
899.0 979.5 1060.0
899.0 979.5 1060.0
899.0 979.5 1060.0
899.0 979.5 1060.0
899.0 979.5 1060.0
899.0 979.5 1060.0
899.0 979.5 1060.0
899.0 979.5 1060.0
899.0 979.5 1060.0
899.0 979.5 1060.0
899.0 979.5 1060.0
899.0 979.5 1060.0
899.0 979.5 1060.0
899.0 979.5 1060.0
899.0 979.5 1060.0
899.0 979.5 1060.0
899.0 979.5 1060.0
899.0 979.5 1060.0
899.0 979.5 1060.0
899.0 979.5 1060.0
899.0 979.5 1060.0
899.0 979.5 1060.0
899.0 979.5 1060.0
899.0 979.5 1060.0
899.0 979.5 1060.0
899.0 979.5 1060.0
899.0 979.5 1060.0
899.0 979.5 1060.0
899.0 979.5 1060.0
899.0 979.5 1060.0
899.0 979.5 1060.0
899.0 979.5 1060.0
899.0 979.5 1060.0
899.0 979.5 1060.0
899.0 979.5 1060.0
899.0 979.5 1060.0
899.0 979.5 1060.0
899.0 979.5 1060.0
899.0 979.5 1060.0
899.0 979.5 1060.0
899.0 979.5 1060.0
899.0 979.5 1060.0
899.0 979.5 1060.0
899.0 979.5 1060.0
899.0 979.5 1060.0
899.0 979.5 1060.0
899.0 979.5 1060.0
899.0 979.5 1060.0
899.0 979.5 1060.0
899.0 979.5 1060.0
899.0 979.5 1060.0
899.0 979.5 1060.0
899.0 979.5 1060.0
899.0 979.5 1060.0
899.0 979.5 1060.0
899.0 979.5 1060.0
899.0 979.5 1060.0
899.0 979.5 1060.0
899.0 979.5 1060.0
899.0 979.5 1060.0
899.0 979.5 1060.0
899.0 979.5 1060.0
899.0 979.5 1060.0
899.0 979.5 1060.0
899.0 979.5 1060.0
899.0 979.5 1060.0
899.0 979.5 1060.0
899.0 979.5 1060.0
899.0 979.5 1060.0
899.0 979.5 1060.0
899.0 979.5 1060.0
899.0 979.5 1060.0
899.0 979.5 1060.0
899.0 979.5 1060.0
899.0 979.5 1060.0
899.0 979.5 1060.0
899.0 979.5 1060.0
899.0 979.5 1060.0
899.0 979.5 1060.0
899.0 979.5 1060.0
899.0 979.5 1060.0
899.0 979.5 1060.0
899.0 979.5 1060.0
899.0 979.5 1060.0
899.0 979.5 1060.0
899.0 979.5 1060.0
899.0 979.5 1060.0
899.0 979.5 1060.0
899.0 979.5 1060.0
899.0 979.5 1060.0
899.0 979.5 1060.0
899.0 979.5 1060.0
899.0 979.5 1060.0
899.0 979.5 1060.0
899.0 979.5 1060.0
899.0 979.5 1060.0
899.0 979.5 1060.0
899.0 979.5 1060.0
899.0 979.5 1060.0
899.0 979.5 1060.0
899.0 979.5 1060.0
899.0 979.5 1060.0
899.0 979.5 1060.0
899.0 979.5 1060.0
899.0 979.5 1060.0
899.0 979.5 1060.0
899.0 979.5 1060.0
899.0 979.5 1060.0
899.0 979.5 1060.0
899.0 979.5 1060.0
899.0 979.5 1060.0
899.0 979.5 1060.0
899.0 979.5 1060.0
899.0 979.5 1060.0
899.0 979.5 1060.0
899.0 979.5 1060.0
899.0 979.5 1060.0
899.0 979.5 1060.0
899.0 979.5 1060.0
