15543.0 16130.5 16718.0
11054.0 12150.5 13247.0
11736.0 11793.0 11850.0
9106.0 9878.5 10651.0
7131.0 7906.0 8681.0
5902.0 6128.0 6354.0
2962.0 3560.5 4159.0
2962.0 3537.0 4112.0
3034.0 3519.0 4004.0
2434.0 2443.0 2452.0
2452.0 2561.5 2671.0
2077.0 2374.0 2671.0
2019.0 2217.0 2415.0
1860.0 2137.5 2415.0
1060.0 1487.0 1914.0
1060.0 1487.0 1914.0
1060.0 1487.0 1914.0
1060.0 1487.0 1914.0
1060.0 1487.0 1914.0
1060.0 1453.5 1847.0
1060.0 1277.5 1495.0
1060.0 1277.5 1495.0
1060.0 1277.5 1495.0
1060.0 1277.5 1495.0
1060.0 1277.5 1495.0
1060.0 1277.5 1495.0
1060.0 1277.5 1495.0
1060.0 1277.5 1495.0
1060.0 1277.5 1495.0
1060.0 1277.5 1495.0
1060.0 1277.5 1495.0
1060.0 1277.5 1495.0
1060.0 1277.5 1495.0
1060.0 1277.5 1495.0
1060.0 1277.5 1495.0
1060.0 1277.5 1495.0
1060.0 1277.5 1495.0
1060.0 1277.5 1495.0
1060.0 1277.5 1495.0
1060.0 1277.5 1495.0
1060.0 1277.5 1495.0
1060.0 1277.5 1495.0
1060.0 1277.5 1495.0
1060.0 1277.5 1495.0
1060.0 1277.5 1495.0
1060.0 1277.5 1495.0
1060.0 1277.5 1495.0
1060.0 1277.5 1495.0
1060.0 1277.5 1495.0
1060.0 1277.5 1495.0
1060.0 1277.5 1495.0
1060.0 1277.5 1495.0
1060.0 1277.5 1495.0
1060.0 1277.5 1495.0
1060.0 1277.5 1495.0
1060.0 1277.5 1495.0
1060.0 1277.5 1495.0
1060.0 1277.5 1495.0
1060.0 1277.5 1495.0
1060.0 1277.5 1495.0
1060.0 1277.5 1495.0
1060.0 1277.5 1495.0
1060.0 1277.5 1495.0
1060.0 1277.5 1495.0
1060.0 1277.5 1495.0
1060.0 1277.5 1495.0
1060.0 1277.5 1495.0
1060.0 1277.5 1495.0
1060.0 1277.5 1495.0
1060.0 1277.5 1495.0
1060.0 1277.5 1495.0
1060.0 1277.5 1495.0
1060.0 1277.5 1495.0
1060.0 1277.5 1495.0
1060.0 1277.5 1495.0
1060.0 1277.5 1495.0
1060.0 1277.5 1495.0
1060.0 1277.5 1495.0
1060.0 1277.5 1495.0
1060.0 1277.5 1495.0
1060.0 1277.5 1495.0
1060.0 1277.5 1495.0
1060.0 1277.5 1495.0
1060.0 1277.5 1495.0
1060.0 1277.5 1495.0
1060.0 1277.5 1495.0
1060.0 1277.5 1495.0
1060.0 1277.5 1495.0
1060.0 1277.5 1495.0
1060.0 1277.5 1495.0
1060.0 1277.5 1495.0
1060.0 1277.5 1495.0
1060.0 1277.5 1495.0
1060.0 1277.5 1495.0
1060.0 1277.5 1495.0
1060.0 1277.5 1495.0
1060.0 1277.5 1495.0
1060.0 1277.5 1495.0
1060.0 1277.5 1495.0
1060.0 1277.5 1495.0
1060.0 1277.5 1495.0
1060.0 1277.5 1495.0
1060.0 1277.5 1495.0
1060.0 1277.5 1495.0
1060.0 1277.5 1495.0
1060.0 1277.5 1495.0
1060.0 1277.5 1495.0
1060.0 1277.5 1495.0
1060.0 1277.5 1495.0
1060.0 1277.5 1495.0
1060.0 1277.5 1495.0
1060.0 1277.5 1495.0
1060.0 1277.5 1495.0
1060.0 1277.5 1495.0
1060.0 1277.5 1495.0
1060.0 1277.5 1495.0
1060.0 1277.5 1495.0
1060.0 1277.5 1495.0
1060.0 1277.5 1495.0
1060.0 1277.5 1495.0
1060.0 1277.5 1495.0
1060.0 1277.5 1495.0
1060.0 1277.5 1495.0
1060.0 1277.5 1495.0
1060.0 1277.5 1495.0
1060.0 1277.5 1495.0
1060.0 1277.5 1495.0
1060.0 1277.5 1495.0
1060.0 1277.5 1495.0
1060.0 1277.5 1495.0
1060.0 1277.5 1495.0
1060.0 1277.5 1495.0
1060.0 1277.5 1495.0
1060.0 1277.5 1495.0
1060.0 1277.5 1495.0
1060.0 1277.5 1495.0
1060.0 1277.5 1495.0
1060.0 1277.5 1495.0
1060.0 1277.5 1495.0
1060.0 1277.5 1495.0
1060.0 1277.5 1495.0
1060.0 1277.5 1495.0
1060.0 1277.5 1495.0
1060.0 1277.5 1495.0
1060.0 1277.5 1495.0
1060.0 1277.5 1495.0
1060.0 1277.5 1495.0
1060.0 1277.5 1495.0
1060.0 1277.5 1495.0
1060.0 1277.5 1495.0
1060.0 1277.5 1495.0
1060.0 1277.5 1495.0
1060.0 1277.5 1495.0
1060.0 1277.5 1495.0
1060.0 1277.5 1495.0
1060.0 1277.5 1495.0
1060.0 1277.5 1495.0
1060.0 1277.5 1495.0
1060.0 1277.5 1495.0
1060.0 1277.5 1495.0
1060.0 1277.5 1495.0
1060.0 1277.5 1495.0
1060.0 1277.5 1495.0
1060.0 1277.5 1495.0
1060.0 1277.5 1495.0
1060.0 1277.5 1495.0
1060.0 1277.5 1495.0
1060.0 1277.5 1495.0
1060.0 1277.5 1495.0
1060.0 1277.5 1495.0
1060.0 1277.5 1495.0
1060.0 1277.5 1495.0
1060.0 1277.5 1495.0
1060.0 1277.5 1495.0
1060.0 1277.5 1495.0
1060.0 1277.5 1495.0
1060.0 1277.5 1495.0
1060.0 1277.5 1495.0
1060.0 1277.5 1495.0
1060.0 1277.5 1495.0
1060.0 1277.5 1495.0
1060.0 1277.5 1495.0
1060.0 1277.5 1495.0
1060.0 1277.5 1495.0
1060.0 1277.5 1495.0
1060.0 1277.5 1495.0
1060.0 1277.5 1495.0
1060.0 1277.5 1495.0
1060.0 1277.5 1495.0
1060.0 1277.5 1495.0
1060.0 1277.5 1495.0
1060.0 1277.5 1495.0
1060.0 1277.5 1495.0
1060.0 1277.5 1495.0
1060.0 1277.5 1495.0
1060.0 1277.5 1495.0
1060.0 1277.5 1495.0
1060.0 1277.5 1495.0
1060.0 1277.5 1495.0
1060.0 1277.5 1495.0
