11389.0 13558.0 15727.0
9214.0 11726.5 14239.0
6046.0 8109.0 10172.0
6873.0 7003.0 7133.0
5969.0 6421.0 6873.0
4328.0 5702.5 7077.0
4171.0 4238.5 4306.0
4041.0 4106.0 4171.0
2716.0 2897.0 3078.0
2716.0 2897.0 3078.0
2658.0 2687.0 2716.0
2716.0 2950.0 3184.0
2197.0 2456.5 2716.0
2197.0 2213.0 2229.0
1928.0 2062.5 2197.0
1928.0 2062.5 2197.0
1928.0 2062.5 2197.0
1928.0 2062.5 2197.0
1928.0 2062.5 2197.0
1928.0 2062.5 2197.0
1928.0 2062.5 2197.0
1928.0 2062.5 2197.0
1928.0 2062.5 2197.0
1928.0 2062.5 2197.0
1928.0 1988.0 2048.0
1928.0 1988.0 2048.0
1863.0 1895.5 1928.0
1863.0 1895.5 1928.0
1863.0 1895.5 1928.0
1412.0 1637.5 1863.0
1412.0 1637.5 1863.0
1412.0 1637.5 1863.0
1412.0 1637.5 1863.0
1412.0 1637.5 1863.0
1412.0 1637.5 1863.0
1412.0 1637.5 1863.0
1412.0 1637.5 1863.0
1412.0 1637.5 1863.0
1412.0 1637.5 1863.0
1412.0 1637.5 1863.0
1412.0 1637.5 1863.0
1412.0 1637.5 1863.0
1412.0 1637.5 1863.0
1412.0 1637.5 1863.0
1412.0 1637.5 1863.0
1412.0 1637.5 1863.0
1412.0 1637.5 1863.0
1412.0 1637.5 1863.0
1412.0 1637.5 1863.0
1412.0 1637.5 1863.0
1412.0 1637.5 1863.0
1412.0 1637.5 1863.0
1412.0 1637.5 1863.0
1412.0 1637.5 1863.0
1412.0 1637.5 1863.0
1412.0 1637.5 1863.0
1412.0 1637.5 1863.0
1412.0 1637.5 1863.0
1412.0 1637.5 1863.0
1412.0 1637.5 1863.0
1412.0 1637.5 1863.0
1412.0 1637.5 1863.0
1412.0 1637.5 1863.0
1412.0 1637.5 1863.0
1412.0 1637.5 1863.0
1241.0 1552.0 1863.0
1241.0 1552.0 1863.0
1241.0 1552.0 1863.0
1241.0 1552.0 1863.0
1241.0 1552.0 1863.0
1241.0 1494.5 1748.0
1241.0 1494.5 1748.0
1241.0 1494.5 1748.0
1241.0 1494.5 1748.0
1241.0 1494.5 1748.0
1241.0 1494.5 1748.0
1241.0 1494.5 1748.0
1241.0 1494.5 1748.0
1241.0 1494.5 1748.0
1241.0 1494.5 1748.0
1241.0 1494.5 1748.0
1241.0 1494.5 1748.0
1241.0 1494.5 1748.0
1241.0 1494.5 1748.0
1241.0 1494.5 1748.0
1241.0 1494.5 1748.0
1241.0 1494.5 1748.0
1241.0 1494.5 1748.0
1241.0 1494.5 1748.0
1241.0 1494.5 1748.0
1241.0 1494.5 1748.0
1241.0 1494.5 1748.0
1241.0 1494.5 1748.0
1241.0 1494.5 1748.0
1241.0 1494.5 1748.0
1241.0 1494.5 1748.0
1241.0 1494.5 1748.0
1241.0 1494.5 1748.0
1241.0 1494.5 1748.0
1241.0 1494.5 1748.0
1241.0 1494.5 1748.0
1241.0 1494.5 1748.0
1241.0 1494.5 1748.0
1241.0 1494.5 1748.0
1241.0 1494.5 1748.0
1241.0 1494.5 1748.0
1241.0 1494.5 1748.0
1241.0 1494.5 1748.0
1241.0 1494.5 1748.0
1241.0 1494.5 1748.0
1241.0 1494.5 1748.0
1241.0 1494.5 1748.0
1241.0 1494.5 1748.0
1241.0 1494.5 1748.0
1241.0 1494.5 1748.0
1241.0 1494.5 1748.0
1241.0 1494.5 1748.0
1241.0 1494.5 1748.0
1241.0 1494.5 1748.0
1241.0 1494.5 1748.0
1241.0 1494.5 1748.0
1241.0 1494.5 1748.0
1241.0 1494.5 1748.0
1241.0 1494.5 1748.0
1241.0 1494.5 1748.0
1241.0 1494.5 1748.0
1241.0 1494.5 1748.0
1241.0 1494.5 1748.0
1241.0 1494.5 1748.0
1241.0 1494.5 1748.0
1241.0 1494.5 1748.0
1241.0 1494.5 1748.0
1241.0 1494.5 1748.0
1241.0 1494.5 1748.0
1241.0 1494.5 1748.0
1241.0 1494.5 1748.0
1241.0 1494.5 1748.0
1241.0 1494.5 1748.0
1241.0 1494.5 1748.0
1241.0 1494.5 1748.0
1241.0 1494.5 1748.0
1241.0 1494.5 1748.0
1241.0 1494.5 1748.0
1241.0 1494.5 1748.0
1241.0 1494.5 1748.0
1241.0 1494.5 1748.0
1241.0 1494.5 1748.0
1241.0 1494.5 1748.0
803.0 1275.5 1748.0
803.0 1275.5 1748.0
803.0 1275.5 1748.0
803.0 1275.5 1748.0
803.0 1275.5 1748.0
803.0 1275.5 1748.0
803.0 1275.5 1748.0
803.0 1275.5 1748.0
803.0 1275.5 1748.0
803.0 1275.5 1748.0
803.0 1275.5 1748.0
803.0 1275.5 1748.0
803.0 1275.5 1748.0
803.0 1275.5 1748.0
803.0 1275.5 1748.0
803.0 1275.5 1748.0
803.0 1275.5 1748.0
803.0 1275.5 1748.0
803.0 1275.5 1748.0
803.0 1275.5 1748.0
803.0 1275.5 1748.0
803.0 1275.5 1748.0
803.0 1275.5 1748.0
803.0 1275.5 1748.0
803.0 1275.5 1748.0
803.0 1275.5 1748.0
803.0 1275.5 1748.0
803.0 1275.5 1748.0
803.0 1275.5 1748.0
803.0 1275.5 1748.0
803.0 1275.5 1748.0
803.0 1275.5 1748.0
803.0 1275.5 1748.0
803.0 1275.5 1748.0
803.0 1275.5 1748.0
803.0 1275.5 1748.0
803.0 1275.5 1748.0
803.0 1275.5 1748.0
803.0 1275.5 1748.0
803.0 1275.5 1748.0
803.0 1275.5 1748.0
803.0 1275.5 1748.0
803.0 1275.5 1748.0
803.0 1275.5 1748.0
803.0 1275.5 1748.0
803.0 1275.5 1748.0
803.0 1275.5 1748.0
803.0 1275.5 1748.0
803.0 1275.5 1748.0
803.0 1275.5 1748.0
803.0 1275.5 1748.0
803.0 1275.5 1748.0
