10267.0 11745.0 13223.0
9425.0 10127.0 10829.0
8066.0 8383.0 8700.0
5550.0 5990.5 6431.0
4938.0 5225.5 5513.0
3630.0 3964.0 4298.0
2807.0 4020.0 5233.0
2807.0 3228.5 3650.0
2403.0 2602.5 2802.0
2403.0 2428.0 2453.0
2183.0 2318.0 2453.0
2183.0 2318.0 2453.0
2183.0 2318.0 2453.0
1872.0 1926.5 1981.0
1872.0 1926.5 1981.0
1872.0 1926.5 1981.0
1872.0 1926.5 1981.0
1872.0 2019.5 2167.0
1872.0 2019.5 2167.0
1872.0 1875.5 1879.0
1752.0 1812.0 1872.0
1407.0 1570.0 1733.0
1407.0 1570.0 1733.0
1407.0 1570.0 1733.0
1407.0 1570.0 1733.0
1407.0 1570.0 1733.0
1174.0 1290.5 1407.0
1174.0 1290.5 1407.0
1174.0 1290.5 1407.0
1174.0 1290.5 1407.0
1174.0 1290.5 1407.0
1174.0 1290.5 1407.0
1174.0 1290.5 1407.0
1174.0 1290.5 1407.0
1174.0 1290.5 1407.0
1174.0 1290.5 1407.0
1174.0 1290.5 1407.0
1174.0 1290.5 1407.0
1174.0 1290.5 1407.0
1174.0 1290.5 1407.0
1174.0 1290.5 1407.0
1174.0 1290.5 1407.0
1174.0 1290.5 1407.0
1174.0 1290.5 1407.0
1174.0 1290.5 1407.0
1174.0 1290.5 1407.0
1174.0 1290.5 1407.0
1174.0 1290.5 1407.0
1174.0 1290.5 1407.0
1174.0 1290.5 1407.0
1174.0 1290.5 1407.0
1174.0 1290.5 1407.0
1174.0 1290.5 1407.0
1174.0 1290.5 1407.0
1174.0 1290.5 1407.0
1174.0 1290.5 1407.0
1174.0 1290.5 1407.0
1174.0 1290.5 1407.0
1174.0 1290.5 1407.0
1174.0 1290.5 1407.0
1174.0 1290.5 1407.0
1174.0 1290.5 1407.0
1174.0 1290.5 1407.0
1174.0 1290.5 1407.0
1174.0 1290.5 1407.0
1174.0 1290.5 1407.0
1174.0 1290.5 1407.0
1174.0 1290.5 1407.0
1174.0 1290.5 1407.0
1174.0 1290.5 1407.0
1174.0 1290.5 1407.0
1174.0 1290.5 1407.0
1174.0 1290.5 1407.0
1174.0 1290.5 1407.0
1174.0 1290.5 1407.0
1174.0 1290.5 1407.0
1174.0 1290.5 1407.0
1174.0 1290.5 1407.0
1174.0 1290.5 1407.0
1174.0 1290.5 1407.0
1174.0 1290.5 1407.0
1174.0 1290.5 1407.0
1174.0 1290.5 1407.0
1174.0 1290.5 1407.0
1174.0 1290.5 1407.0
1174.0 1290.5 1407.0
1174.0 1290.5 1407.0
1174.0 1290.5 1407.0
1174.0 1290.5 1407.0
1174.0 1290.5 1407.0
1174.0 1290.5 1407.0
1174.0 1290.5 1407.0
1174.0 1290.5 1407.0
1174.0 1290.5 1407.0
1174.0 1290.5 1407.0
1174.0 1290.5 1407.0
1174.0 1290.5 1407.0
1174.0 1290.5 1407.0
1174.0 1290.5 1407.0
1174.0 1290.5 1407.0
1174.0 1290.5 1407.0
1174.0 1290.5 1407.0
1174.0 1290.5 1407.0
1174.0 1290.5 1407.0
1174.0 1290.5 1407.0
1174.0 1290.5 1407.0
1174.0 1290.5 1407.0
1174.0 1290.5 1407.0
1174.0 1290.5 1407.0
1174.0 1290.5 1407.0
941.0 1057.5 1174.0
941.0 1057.5 1174.0
941.0 1057.5 1174.0
941.0 1057.5 1174.0
941.0 1057.5 1174.0
941.0 1057.5 1174.0
941.0 1057.5 1174.0
941.0 1057.5 1174.0
941.0 1057.5 1174.0
941.0 1057.5 1174.0
941.0 1057.5 1174.0
941.0 1057.5 1174.0
941.0 1057.5 1174.0
941.0 1057.5 1174.0
941.0 1057.5 1174.0
941.0 1057.5 1174.0
941.0 1057.5 1174.0
941.0 1057.5 1174.0
941.0 1057.5 1174.0
941.0 1057.5 1174.0
941.0 1057.5 1174.0
941.0 1057.5 1174.0
941.0 1057.5 1174.0
941.0 1057.5 1174.0
941.0 1057.5 1174.0
941.0 1057.5 1174.0
941.0 1057.5 1174.0
941.0 1057.5 1174.0
941.0 1057.5 1174.0
941.0 1057.5 1174.0
941.0 1057.5 1174.0
941.0 1057.5 1174.0
941.0 1057.5 1174.0
941.0 1057.5 1174.0
941.0 1057.5 1174.0
941.0 1057.5 1174.0
941.0 1057.5 1174.0
941.0 1057.5 1174.0
941.0 1057.5 1174.0
941.0 1057.5 1174.0
941.0 1057.5 1174.0
941.0 1057.5 1174.0
941.0 1057.5 1174.0
941.0 1057.5 1174.0
941.0 1057.5 1174.0
941.0 1057.5 1174.0
941.0 1057.5 1174.0
941.0 1057.5 1174.0
941.0 1057.5 1174.0
941.0 1057.5 1174.0
941.0 1057.5 1174.0
941.0 1057.5 1174.0
941.0 1057.5 1174.0
941.0 1057.5 1174.0
941.0 1057.5 1174.0
941.0 1057.5 1174.0
941.0 1057.5 1174.0
941.0 1057.5 1174.0
941.0 1057.5 1174.0
941.0 1057.5 1174.0
941.0 1057.5 1174.0
941.0 1057.5 1174.0
941.0 1057.5 1174.0
941.0 1057.5 1174.0
941.0 1057.5 1174.0
941.0 1057.5 1174.0
941.0 1057.5 1174.0
941.0 1057.5 1174.0
941.0 1057.5 1174.0
941.0 1057.5 1174.0
941.0 1057.5 1174.0
941.0 1057.5 1174.0
941.0 1057.5 1174.0
941.0 1057.5 1174.0
941.0 1057.5 1174.0
941.0 1057.5 1174.0
941.0 1057.5 1174.0
941.0 1057.5 1174.0
941.0 1057.5 1174.0
941.0 1057.5 1174.0
941.0 1057.5 1174.0
941.0 1057.5 1174.0
941.0 1057.5 1174.0
941.0 1057.5 1174.0
941.0 1057.5 1174.0
941.0 1057.5 1174.0
941.0 1057.5 1174.0
941.0 1057.5 1174.0
941.0 1057.5 1174.0
941.0 1057.5 1174.0
