12242.0 13730.0 15218.0
11451.0 11695.5 11940.0
8921.0 9003.0 9085.0
6138.0 6896.5 7655.0
6138.0 6426.5 6715.0
4789.0 4897.0 5005.0
4288.0 4873.5 5459.0
3383.0 3601.5 3820.0
3383.0 3601.5 3820.0
2356.0 2527.5 2699.0
2252.0 2304.0 2356.0
1940.0 2096.0 2252.0
1517.0 1728.5 1940.0
1603.0 1771.5 1940.0
1603.0 1771.5 1940.0
1603.0 1771.5 1940.0
1603.0 1771.5 1940.0
1603.0 1771.5 1940.0
1603.0 1771.5 1940.0
1603.0 1771.5 1940.0
1603.0 1771.5 1940.0
1603.0 1771.5 1940.0
1603.0 1771.5 1940.0
1603.0 1771.5 1940.0
1603.0 1771.5 1940.0
1603.0 1771.5 1940.0
1603.0 1771.5 1940.0
1603.0 1771.5 1940.0
1603.0 1771.5 1940.0
1603.0 1771.5 1940.0
1603.0 1771.5 1940.0
1603.0 1771.5 1940.0
1603.0 1771.5 1940.0
1603.0 1771.5 1940.0
1603.0 1736.0 1869.0
1290.0 1446.5 1603.0
1290.0 1446.5 1603.0
1290.0 1446.5 1603.0
1290.0 1446.5 1603.0
1290.0 1446.5 1603.0
1290.0 1446.5 1603.0
1290.0 1446.5 1603.0
1290.0 1446.5 1603.0
1290.0 1446.5 1603.0
1290.0 1446.5 1603.0
1290.0 1446.5 1603.0
1290.0 1446.5 1603.0
1290.0 1446.5 1603.0
1290.0 1446.5 1603.0
1290.0 1446.5 1603.0
1290.0 1446.5 1603.0
1290.0 1446.5 1603.0
1290.0 1446.5 1603.0
1290.0 1446.5 1603.0
1290.0 1446.5 1603.0
1290.0 1446.5 1603.0
1290.0 1446.5 1603.0
1290.0 1446.5 1603.0
1290.0 1446.5 1603.0
1290.0 1446.5 1603.0
1290.0 1446.5 1603.0
1290.0 1446.5 1603.0
1290.0 1446.5 1603.0
1290.0 1446.5 1603.0
1290.0 1446.5 1603.0
1290.0 1446.5 1603.0
1290.0 1446.5 1603.0
1290.0 1446.5 1603.0
1290.0 1446.5 1603.0
1290.0 1446.5 1603.0
1290.0 1446.5 1603.0
1290.0 1446.5 1603.0
1290.0 1446.5 1603.0
1290.0 1446.5 1603.0
1290.0 1446.5 1603.0
1290.0 1446.5 1603.0
1290.0 1446.5 1603.0
1290.0 1446.5 1603.0
1290.0 1446.5 1603.0
1290.0 1446.5 1603.0
1290.0 1446.5 1603.0
1290.0 1446.5 1603.0
1290.0 1446.5 1603.0
1290.0 1446.5 1603.0
1290.0 1446.5 1603.0
1290.0 1446.5 1603.0
1290.0 1446.5 1603.0
1290.0 1446.5 1603.0
1290.0 1446.5 1603.0
1290.0 1446.5 1603.0
1290.0 1446.5 1603.0
1290.0 1446.5 1603.0
1290.0 1446.5 1603.0
1290.0 1446.5 1603.0
1290.0 1446.5 1603.0
1290.0 1446.5 1603.0
1290.0 1446.5 1603.0
1290.0 1446.5 1603.0
1290.0 1446.5 1603.0
1290.0 1446.5 1603.0
1290.0 1446.5 1603.0
1290.0 1446.5 1603.0
1290.0 1446.5 1603.0
1290.0 1446.5 1603.0
1290.0 1446.5 1603.0
1290.0 1446.5 1603.0
1290.0 1446.5 1603.0
1290.0 1446.5 1603.0
1290.0 1446.5 1603.0
1290.0 1446.5 1603.0
1290.0 1446.5 1603.0
1290.0 1446.5 1603.0
1290.0 1446.5 1603.0
1290.0 1446.5 1603.0
1290.0 1446.5 1603.0
1290.0 1446.5 1603.0
1290.0 1446.5 1603.0
1290.0 1446.5 1603.0
1290.0 1446.5 1603.0
1290.0 1446.5 1603.0
1290.0 1446.5 1603.0
1290.0 1446.5 1603.0
1290.0 1446.5 1603.0
1290.0 1446.5 1603.0
1290.0 1446.5 1603.0
1290.0 1446.5 1603.0
1290.0 1446.5 1603.0
1290.0 1446.5 1603.0
1290.0 1446.5 1603.0
1290.0 1446.5 1603.0
1290.0 1446.5 1603.0
1290.0 1446.5 1603.0
1290.0 1446.5 1603.0
1290.0 1446.5 1603.0
1290.0 1446.5 1603.0
1290.0 1446.5 1603.0
1290.0 1446.5 1603.0
1290.0 1446.5 1603.0
1290.0 1446.5 1603.0
1290.0 1446.5 1603.0
1290.0 1446.5 1603.0
1290.0 1446.5 1603.0
1290.0 1446.5 1603.0
1290.0 1446.5 1603.0
1290.0 1446.5 1603.0
1290.0 1446.5 1603.0
1290.0 1446.5 1603.0
1290.0 1446.5 1603.0
1290.0 1446.5 1603.0
1290.0 1446.5 1603.0
1290.0 1446.5 1603.0
1290.0 1446.5 1603.0
1290.0 1446.5 1603.0
1290.0 1446.5 1603.0
1290.0 1446.5 1603.0
1290.0 1446.5 1603.0
1290.0 1446.5 1603.0
1290.0 1446.5 1603.0
1290.0 1446.5 1603.0
1290.0 1446.5 1603.0
1290.0 1446.5 1603.0
1290.0 1446.5 1603.0
1290.0 1446.5 1603.0
1290.0 1446.5 1603.0
1290.0 1446.5 1603.0
1290.0 1446.5 1603.0
1290.0 1446.5 1603.0
1290.0 1446.5 1603.0
1290.0 1446.5 1603.0
1290.0 1446.5 1603.0
1290.0 1446.5 1603.0
1290.0 1446.5 1603.0
1290.0 1446.5 1603.0
1290.0 1446.5 1603.0
1290.0 1446.5 1603.0
1290.0 1446.5 1603.0
1290.0 1446.5 1603.0
1290.0 1446.5 1603.0
1290.0 1446.5 1603.0
1290.0 1446.5 1603.0
1290.0 1446.5 1603.0
1290.0 1446.5 1603.0
1290.0 1446.5 1603.0
1290.0 1446.5 1603.0
1290.0 1446.5 1603.0
1290.0 1446.5 1603.0
1290.0 1446.5 1603.0
1290.0 1446.5 1603.0
1290.0 1446.5 1603.0
1290.0 1446.5 1603.0
1290.0 1446.5 1603.0
1290.0 1446.5 1603.0
1290.0 1446.5 1603.0
1290.0 1446.5 1603.0
1290.0 1446.5 1603.0
1290.0 1446.5 1603.0
1290.0 1446.5 1603.0
1290.0 1446.5 1603.0
1290.0 1446.5 1603.0
1290.0 1446.5 1603.0
