13480.0 13607.0 13734.0
10299.0 10819.0 11339.0
8353.0 8574.5 8796.0
4906.0 5787.0 6668.0
4617.0 5284.5 5952.0
3723.0 4106.5 4490.0
3785.0 3855.5 3926.0
3273.0 3283.0 3293.0
2445.0 2502.5 2560.0
1489.0 1967.0 2445.0
1489.0 2067.5 2646.0
1607.0 1810.5 2014.0
1607.0 1757.5 1908.0
1607.0 1694.0 1781.0
1467.0 1624.0 1781.0
1342.0 1366.5 1391.0
1342.0 1366.5 1391.0
988.0 1189.5 1391.0
988.0 1189.5 1391.0
988.0 1189.5 1391.0
988.0 1189.5 1391.0
988.0 1189.5 1391.0
988.0 1189.5 1391.0
988.0 1189.5 1391.0
988.0 1189.5 1391.0
988.0 1189.5 1391.0
988.0 1189.5 1391.0
988.0 1189.5 1391.0
988.0 1189.5 1391.0
988.0 1189.5 1391.0
988.0 1189.5 1391.0
988.0 1189.5 1391.0
988.0 1189.5 1391.0
988.0 1189.5 1391.0
988.0 1189.5 1391.0
988.0 1189.5 1391.0
988.0 1189.5 1391.0
988.0 1189.5 1391.0
988.0 1189.5 1391.0
988.0 1189.5 1391.0
988.0 1189.5 1391.0
988.0 1189.5 1391.0
988.0 1189.5 1391.0
988.0 1189.5 1391.0
988.0 1189.5 1391.0
988.0 1189.5 1391.0
988.0 1331.5 1675.0
988.0 1331.5 1675.0
988.0 1189.5 1391.0
988.0 1189.5 1391.0
988.0 1159.0 1330.0
988.0 1159.0 1330.0
988.0 1159.0 1330.0
988.0 1159.0 1330.0
988.0 1159.0 1330.0
988.0 1159.0 1330.0
988.0 1159.0 1330.0
988.0 1159.0 1330.0
988.0 1159.0 1330.0
988.0 1159.0 1330.0
988.0 1159.0 1330.0
988.0 1159.0 1330.0
988.0 1159.0 1330.0
988.0 1159.0 1330.0
988.0 1159.0 1330.0
988.0 1159.0 1330.0
988.0 1159.0 1330.0
988.0 1159.0 1330.0
988.0 1159.0 1330.0
988.0 1159.0 1330.0
988.0 1159.0 1330.0
988.0 1159.0 1330.0
988.0 1159.0 1330.0
988.0 1159.0 1330.0
988.0 1159.0 1330.0
988.0 1159.0 1330.0
988.0 1159.0 1330.0
988.0 1159.0 1330.0
988.0 1159.0 1330.0
988.0 1159.0 1330.0
988.0 1159.0 1330.0
988.0 1159.0 1330.0
988.0 1159.0 1330.0
988.0 1159.0 1330.0
988.0 1159.0 1330.0
988.0 1159.0 1330.0
988.0 1159.0 1330.0
988.0 1159.0 1330.0
988.0 1159.0 1330.0
787.0 887.5 988.0
787.0 887.5 988.0
787.0 887.5 988.0
787.0 887.5 988.0
787.0 887.5 988.0
787.0 887.5 988.0
787.0 887.5 988.0
787.0 887.5 988.0
787.0 887.5 988.0
787.0 887.5 988.0
787.0 887.5 988.0
787.0 887.5 988.0
787.0 887.5 988.0
787.0 887.5 988.0
787.0 887.5 988.0
787.0 887.5 988.0
787.0 887.5 988.0
787.0 887.5 988.0
787.0 887.5 988.0
787.0 887.5 988.0
787.0 887.5 988.0
787.0 887.5 988.0
787.0 887.5 988.0
787.0 887.5 988.0
787.0 887.5 988.0
787.0 887.5 988.0
787.0 887.5 988.0
787.0 887.5 988.0
787.0 887.5 988.0
787.0 887.5 988.0
787.0 887.5 988.0
787.0 887.5 988.0
787.0 887.5 988.0
787.0 887.5 988.0
787.0 887.5 988.0
787.0 887.5 988.0
787.0 887.5 988.0
787.0 887.5 988.0
787.0 887.5 988.0
787.0 887.5 988.0
787.0 887.5 988.0
787.0 887.5 988.0
787.0 887.5 988.0
787.0 887.5 988.0
787.0 887.5 988.0
787.0 887.5 988.0
787.0 887.5 988.0
787.0 887.5 988.0
787.0 887.5 988.0
787.0 887.5 988.0
787.0 887.5 988.0
787.0 887.5 988.0
787.0 887.5 988.0
787.0 887.5 988.0
787.0 887.5 988.0
787.0 887.5 988.0
787.0 887.5 988.0
787.0 887.5 988.0
787.0 887.5 988.0
787.0 887.5 988.0
787.0 887.5 988.0
787.0 887.5 988.0
787.0 887.5 988.0
787.0 887.5 988.0
787.0 887.5 988.0
787.0 887.5 988.0
787.0 887.5 988.0
787.0 887.5 988.0
787.0 887.5 988.0
787.0 887.5 988.0
787.0 887.5 988.0
787.0 887.5 988.0
787.0 887.5 988.0
787.0 887.5 988.0
787.0 887.5 988.0
787.0 887.5 988.0
787.0 887.5 988.0
787.0 887.5 988.0
787.0 887.5 988.0
787.0 887.5 988.0
787.0 887.5 988.0
787.0 887.5 988.0
787.0 887.5 988.0
787.0 887.5 988.0
787.0 887.5 988.0
787.0 887.5 988.0
787.0 887.5 988.0
787.0 887.5 988.0
787.0 887.5 988.0
787.0 887.5 988.0
787.0 887.5 988.0
787.0 887.5 988.0
787.0 887.5 988.0
787.0 887.5 988.0
787.0 887.5 988.0
787.0 887.5 988.0
787.0 887.5 988.0
787.0 887.5 988.0
787.0 888.0 989.0
787.0 888.0 989.0
787.0 888.0 989.0
787.0 888.0 989.0
787.0 888.0 989.0
787.0 888.0 989.0
787.0 888.0 989.0
787.0 888.0 989.0
787.0 888.0 989.0
787.0 888.0 989.0
787.0 888.0 989.0
787.0 888.0 989.0
787.0 888.0 989.0
