12041.0 12317.0 12593.0
9684.0 9887.5 10091.0
7559.0 7580.5 7602.0
6470.0 6684.5 6899.0
4433.0 5666.0 6899.0
3106.0 4274.0 5442.0
3137.0 3530.0 3923.0
2978.0 3057.5 3137.0
2479.0 2728.5 2978.0
2320.0 2521.5 2723.0
2320.0 2521.5 2723.0
1755.0 2236.5 2718.0
1755.0 2053.0 2351.0
1755.0 2053.0 2351.0
1755.0 2053.0 2351.0
1755.0 2053.0 2351.0
1755.0 2053.0 2351.0
2146.0 2248.5 2351.0
1465.0 1908.0 2351.0
1465.0 1908.0 2351.0
1465.0 1908.0 2351.0
1465.0 1908.0 2351.0
1465.0 1908.0 2351.0
1465.0 1908.0 2351.0
1465.0 1908.0 2351.0
1465.0 1908.0 2351.0
1465.0 1959.5 2454.0
1465.0 1743.5 2022.0
1465.0 1743.5 2022.0
1465.0 1743.5 2022.0
1465.0 1743.5 2022.0
1465.0 1743.5 2022.0
1465.0 1743.5 2022.0
1465.0 1743.5 2022.0
1465.0 1743.5 2022.0
1465.0 1743.5 2022.0
1465.0 1743.5 2022.0
1465.0 1743.5 2022.0
1465.0 1743.5 2022.0
1465.0 1743.5 2022.0
1465.0 1743.5 2022.0
1465.0 1743.5 2022.0
1465.0 1743.5 2022.0
1465.0 1743.5 2022.0
1465.0 1743.5 2022.0
1465.0 1743.5 2022.0
1465.0 1743.5 2022.0
1465.0 1743.5 2022.0
1465.0 1743.5 2022.0
1465.0 1743.5 2022.0
1465.0 1743.5 2022.0
1465.0 1743.5 2022.0
1465.0 1743.5 2022.0
1465.0 1743.5 2022.0
1465.0 1743.5 2022.0
1465.0 1743.5 2022.0
1465.0 1743.5 2022.0
1465.0 1743.5 2022.0
1465.0 1743.5 2022.0
1465.0 1743.5 2022.0
1465.0 1743.5 2022.0
1465.0 1743.5 2022.0
1465.0 1743.5 2022.0
1465.0 1743.5 2022.0
1465.0 1743.5 2022.0
1465.0 1743.5 2022.0
1465.0 1743.5 2022.0
1465.0 1743.5 2022.0
1465.0 1743.5 2022.0
1465.0 1743.5 2022.0
1465.0 1743.5 2022.0
1465.0 1743.5 2022.0
1465.0 1743.5 2022.0
1465.0 1743.5 2022.0
1465.0 1743.5 2022.0
1465.0 1743.5 2022.0
1465.0 1743.5 2022.0
1465.0 1743.5 2022.0
1465.0 1743.5 2022.0
1066.0 1265.5 1465.0
1066.0 1265.5 1465.0
1066.0 1265.5 1465.0
1066.0 1265.5 1465.0
1066.0 1265.5 1465.0
1066.0 1265.5 1465.0
1066.0 1265.5 1465.0
1066.0 1265.5 1465.0
1066.0 1265.5 1465.0
1066.0 1265.5 1465.0
1066.0 1265.5 1465.0
1066.0 1265.5 1465.0
1066.0 1265.5 1465.0
1066.0 1265.5 1465.0
1066.0 1265.5 1465.0
1066.0 1265.5 1465.0
1066.0 1265.5 1465.0
1066.0 1265.5 1465.0
1066.0 1265.5 1465.0
1066.0 1265.5 1465.0
1066.0 1265.5 1465.0
1066.0 1265.5 1465.0
1066.0 1265.5 1465.0
1066.0 1265.5 1465.0
1066.0 1265.5 1465.0
1066.0 1265.5 1465.0
1066.0 1265.5 1465.0
1066.0 1265.5 1465.0
1066.0 1265.5 1465.0
1066.0 1265.5 1465.0
1066.0 1265.5 1465.0
1066.0 1265.5 1465.0
1066.0 1265.5 1465.0
1066.0 1265.5 1465.0
1066.0 1265.5 1465.0
1066.0 1265.5 1465.0
1066.0 1265.5 1465.0
1066.0 1265.5 1465.0
1066.0 1265.5 1465.0
1066.0 1265.5 1465.0
1066.0 1265.5 1465.0
1066.0 1265.5 1465.0
1066.0 1265.5 1465.0
1066.0 1265.5 1465.0
1066.0 1265.5 1465.0
1066.0 1265.5 1465.0
1066.0 1265.5 1465.0
1066.0 1265.5 1465.0
1066.0 1265.5 1465.0
1066.0 1265.5 1465.0
1066.0 1265.5 1465.0
1066.0 1265.5 1465.0
1066.0 1265.5 1465.0
1066.0 1265.5 1465.0
1066.0 1265.5 1465.0
1310.0 1387.5 1465.0
1310.0 1387.5 1465.0
1310.0 1387.5 1465.0
1310.0 1387.5 1465.0
1310.0 1387.5 1465.0
1310.0 1387.5 1465.0
1310.0 1387.5 1465.0
1310.0 1387.5 1465.0
1310.0 1387.5 1465.0
1310.0 1387.5 1465.0
1310.0 1390.5 1471.0
1310.0 1390.5 1471.0
1310.0 1390.5 1471.0
1310.0 1390.5 1471.0
1310.0 1390.5 1471.0
1310.0 1390.5 1471.0
1310.0 1390.5 1471.0
1310.0 1390.5 1471.0
1310.0 1390.5 1471.0
1310.0 1390.5 1471.0
1310.0 1390.5 1471.0
1310.0 1390.5 1471.0
1310.0 1390.5 1471.0
1310.0 1390.5 1471.0
1310.0 1390.5 1471.0
1310.0 1390.5 1471.0
1310.0 1390.5 1471.0
1310.0 1390.5 1471.0
1310.0 1390.5 1471.0
1310.0 1390.5 1471.0
1310.0 1390.5 1471.0
1310.0 1390.5 1471.0
1310.0 1390.5 1471.0
1310.0 1390.5 1471.0
1310.0 1390.5 1471.0
1310.0 1390.5 1471.0
1310.0 1390.5 1471.0
1310.0 1390.5 1471.0
1310.0 1390.5 1471.0
1310.0 1390.5 1471.0
1310.0 1390.5 1471.0
1310.0 1390.5 1471.0
1310.0 1390.5 1471.0
1310.0 1390.5 1471.0
1310.0 1390.5 1471.0
1310.0 1390.5 1471.0
1310.0 1390.5 1471.0
1310.0 1390.5 1471.0
1310.0 1390.5 1471.0
1310.0 1390.5 1471.0
1310.0 1390.5 1471.0
1310.0 1390.5 1471.0
1310.0 1390.5 1471.0
1310.0 1390.5 1471.0
1310.0 1390.5 1471.0
1310.0 1390.5 1471.0
1310.0 1390.5 1471.0
1310.0 1390.5 1471.0
1310.0 1390.5 1471.0
1310.0 1390.5 1471.0
1310.0 1390.5 1471.0
1310.0 1390.5 1471.0
1310.0 1390.5 1471.0
1310.0 1390.5 1471.0
1310.0 1390.5 1471.0
1310.0 1390.5 1471.0
