13349.0 13508.5 13668.0
9801.0 10932.5 12064.0
7743.0 8126.5 8510.0
5438.0 5832.0 6226.0
3543.0 3668.0 3793.0
3722.0 3787.0 3852.0
3325.0 3341.0 3357.0
2409.0 2467.5 2526.0
2097.0 2251.5 2406.0
1971.0 2034.0 2097.0
1215.0 1497.0 1779.0
1215.0 1497.0 1779.0
1189.0 1299.5 1410.0
1048.0 1118.5 1189.0
1147.0 1168.0 1189.0
798.0 993.5 1189.0
798.0 993.5 1189.0
704.0 946.5 1189.0
704.0 946.5 1189.0
704.0 946.5 1189.0
704.0 946.5 1189.0
704.0 946.5 1189.0
704.0 946.5 1189.0
704.0 946.5 1189.0
704.0 946.5 1189.0
704.0 946.5 1189.0
704.0 946.5 1189.0
704.0 946.5 1189.0
704.0 946.5 1189.0
704.0 946.5 1189.0
704.0 946.5 1189.0
704.0 946.5 1189.0
704.0 946.5 1189.0
704.0 946.5 1189.0
704.0 946.5 1189.0
704.0 946.5 1189.0
704.0 946.5 1189.0
704.0 946.5 1189.0
704.0 946.5 1189.0
704.0 946.5 1189.0
704.0 946.5 1189.0
704.0 946.5 1189.0
704.0 946.5 1189.0
704.0 946.5 1189.0
704.0 946.5 1189.0
704.0 946.5 1189.0
704.0 946.5 1189.0
704.0 946.5 1189.0
704.0 946.5 1189.0
704.0 946.5 1189.0
704.0 946.5 1189.0
704.0 946.5 1189.0
704.0 946.5 1189.0
704.0 946.5 1189.0
704.0 946.5 1189.0
704.0 946.5 1189.0
704.0 946.5 1189.0
704.0 946.5 1189.0
704.0 946.5 1189.0
704.0 946.5 1189.0
704.0 946.5 1189.0
704.0 946.5 1189.0
704.0 946.5 1189.0
704.0 946.5 1189.0
704.0 946.5 1189.0
704.0 946.5 1189.0
704.0 946.5 1189.0
704.0 946.5 1189.0
704.0 946.5 1189.0
704.0 946.5 1189.0
704.0 946.5 1189.0
704.0 946.5 1189.0
704.0 946.5 1189.0
704.0 946.5 1189.0
704.0 946.5 1189.0
704.0 946.5 1189.0
704.0 946.5 1189.0
704.0 946.5 1189.0
704.0 946.5 1189.0
704.0 946.5 1189.0
704.0 946.5 1189.0
704.0 946.5 1189.0
704.0 946.5 1189.0
704.0 946.5 1189.0
704.0 946.5 1189.0
704.0 946.5 1189.0
704.0 946.5 1189.0
704.0 946.5 1189.0
704.0 946.5 1189.0
704.0 946.5 1189.0
704.0 946.5 1189.0
704.0 946.5 1189.0
704.0 946.5 1189.0
704.0 946.5 1189.0
704.0 946.5 1189.0
704.0 946.5 1189.0
704.0 946.5 1189.0
704.0 946.5 1189.0
704.0 946.5 1189.0
704.0 946.5 1189.0
704.0 946.5 1189.0
704.0 946.5 1189.0
704.0 946.5 1189.0
704.0 946.5 1189.0
704.0 946.5 1189.0
704.0 946.5 1189.0
704.0 946.5 1189.0
704.0 946.5 1189.0
704.0 946.5 1189.0
704.0 946.5 1189.0
704.0 946.5 1189.0
704.0 946.5 1189.0
704.0 946.5 1189.0
704.0 946.5 1189.0
704.0 946.5 1189.0
704.0 946.5 1189.0
704.0 946.5 1189.0
704.0 946.5 1189.0
704.0 946.5 1189.0
704.0 946.5 1189.0
704.0 946.5 1189.0
704.0 946.5 1189.0
704.0 946.5 1189.0
704.0 946.5 1189.0
704.0 946.5 1189.0
704.0 946.5 1189.0
704.0 946.5 1189.0
704.0 946.5 1189.0
704.0 946.5 1189.0
704.0 946.5 1189.0
704.0 946.5 1189.0
704.0 946.5 1189.0
704.0 946.5 1189.0
704.0 946.5 1189.0
704.0 946.5 1189.0
704.0 946.5 1189.0
704.0 946.5 1189.0
704.0 946.5 1189.0
704.0 946.5 1189.0
704.0 946.5 1189.0
704.0 946.5 1189.0
704.0 904.0 1104.0
704.0 904.0 1104.0
704.0 904.0 1104.0
704.0 904.0 1104.0
704.0 904.0 1104.0
704.0 904.0 1104.0
704.0 904.0 1104.0
704.0 904.0 1104.0
704.0 904.0 1104.0
704.0 904.0 1104.0
704.0 904.0 1104.0
704.0 904.0 1104.0
704.0 904.0 1104.0
704.0 904.0 1104.0
704.0 904.0 1104.0
704.0 904.0 1104.0
704.0 904.0 1104.0
704.0 904.0 1104.0
704.0 904.0 1104.0
704.0 904.0 1104.0
704.0 904.0 1104.0
704.0 904.0 1104.0
704.0 904.0 1104.0
704.0 904.0 1104.0
704.0 904.0 1104.0
704.0 904.0 1104.0
704.0 904.0 1104.0
704.0 904.0 1104.0
704.0 904.0 1104.0
704.0 904.0 1104.0
704.0 904.0 1104.0
704.0 904.0 1104.0
704.0 904.0 1104.0
704.0 904.0 1104.0
704.0 904.0 1104.0
704.0 904.0 1104.0
704.0 904.0 1104.0
704.0 904.0 1104.0
704.0 904.0 1104.0
704.0 904.0 1104.0
704.0 904.0 1104.0
704.0 904.0 1104.0
704.0 904.0 1104.0
704.0 904.0 1104.0
704.0 904.0 1104.0
704.0 904.0 1104.0
704.0 904.0 1104.0
704.0 904.0 1104.0
704.0 904.0 1104.0
704.0 904.0 1104.0
704.0 904.0 1104.0
704.0 904.0 1104.0
704.0 904.0 1104.0
704.0 904.0 1104.0
704.0 904.0 1104.0
704.0 904.0 1104.0
704.0 904.0 1104.0
704.0 904.0 1104.0
704.0 904.0 1104.0
