16763.0 17084.0 17405.0
13410.0 13915.0 14420.0
11319.0 11511.0 11703.0
9335.0 10297.5 11260.0
7561.0 8510.5 9460.0
4417.0 5450.0 6483.0
3964.0 4708.5 5453.0
2795.0 3379.5 3964.0
2795.0 2873.5 2952.0
2795.0 2873.5 2952.0
2795.0 2873.5 2952.0
2795.0 2873.5 2952.0
2795.0 2873.5 2952.0
2496.0 2724.0 2952.0
2496.0 2886.5 3277.0
2496.0 2886.5 3277.0
1716.0 2496.5 3277.0
1716.0 2615.5 3515.0
1716.0 2615.5 3515.0
1716.0 2073.5 2431.0
1716.0 2073.5 2431.0
1716.0 2073.5 2431.0
1716.0 2073.5 2431.0
1716.0 2073.5 2431.0
1716.0 2073.5 2431.0
1716.0 2073.5 2431.0
1716.0 2073.5 2431.0
1716.0 2073.5 2431.0
1716.0 2073.5 2431.0
1716.0 2073.5 2431.0
1716.0 2073.5 2431.0
1716.0 2073.5 2431.0
1716.0 2073.5 2431.0
1716.0 1719.5 1723.0
1716.0 1719.5 1723.0
1716.0 1719.5 1723.0
1716.0 1719.5 1723.0
1601.0 1662.0 1723.0
1723.0 1763.5 1804.0
1723.0 1763.5 1804.0
1723.0 1763.5 1804.0
1723.0 1763.5 1804.0
1723.0 1763.5 1804.0
1723.0 1763.5 1804.0
1387.0 1555.0 1723.0
1387.0 1555.0 1723.0
1387.0 1555.0 1723.0
1387.0 1555.0 1723.0
1387.0 1555.0 1723.0
1387.0 1555.0 1723.0
1387.0 1555.0 1723.0
1387.0 1555.0 1723.0
1387.0 1555.0 1723.0
1387.0 1555.0 1723.0
1387.0 1555.0 1723.0
1387.0 1555.0 1723.0
1387.0 1555.0 1723.0
1387.0 1555.0 1723.0
1387.0 1555.0 1723.0
1387.0 1555.0 1723.0
1387.0 1555.0 1723.0
1387.0 1555.0 1723.0
1387.0 1555.0 1723.0
1387.0 1555.0 1723.0
1387.0 1555.0 1723.0
1387.0 1555.0 1723.0
1387.0 1555.0 1723.0
1387.0 1555.0 1723.0
1387.0 1555.0 1723.0
1387.0 1555.0 1723.0
1387.0 1555.0 1723.0
1387.0 1555.0 1723.0
1387.0 1555.0 1723.0
1387.0 1555.0 1723.0
1387.0 1555.0 1723.0
1387.0 1555.0 1723.0
1387.0 1555.0 1723.0
1228.0 1475.5 1723.0
1228.0 1475.5 1723.0
1228.0 1475.5 1723.0
1228.0 1475.5 1723.0
1228.0 1475.5 1723.0
1228.0 1475.5 1723.0
1228.0 1475.5 1723.0
1228.0 1475.5 1723.0
1228.0 1475.5 1723.0
1228.0 1475.5 1723.0
1228.0 1475.5 1723.0
1228.0 1475.5 1723.0
1228.0 1475.5 1723.0
1228.0 1475.5 1723.0
1228.0 1475.5 1723.0
1228.0 1475.5 1723.0
1228.0 1475.5 1723.0
1228.0 1475.5 1723.0
1228.0 1475.5 1723.0
1228.0 1475.5 1723.0
1228.0 1475.5 1723.0
1228.0 1475.5 1723.0
1228.0 1475.5 1723.0
1228.0 1475.5 1723.0
1228.0 1475.5 1723.0
1228.0 1475.5 1723.0
1228.0 1475.5 1723.0
1228.0 1475.5 1723.0
1228.0 1475.5 1723.0
1228.0 1475.5 1723.0
1228.0 1475.5 1723.0
1228.0 1475.5 1723.0
1228.0 1475.5 1723.0
1228.0 1475.5 1723.0
1228.0 1475.5 1723.0
1228.0 1475.5 1723.0
1228.0 1475.5 1723.0
1228.0 1475.5 1723.0
1228.0 1475.5 1723.0
1228.0 1475.5 1723.0
1228.0 1475.5 1723.0
1228.0 1475.5 1723.0
1228.0 1475.5 1723.0
1228.0 1475.5 1723.0
1228.0 1475.5 1723.0
1228.0 1475.5 1723.0
1228.0 1475.5 1723.0
1228.0 1475.5 1723.0
1228.0 1475.5 1723.0
1228.0 1475.5 1723.0
1228.0 1475.5 1723.0
1228.0 1475.5 1723.0
1228.0 1475.5 1723.0
1228.0 1475.5 1723.0
1228.0 1475.5 1723.0
1228.0 1475.5 1723.0
1228.0 1475.5 1723.0
1228.0 1475.5 1723.0
1228.0 1475.5 1723.0
1228.0 1475.5 1723.0
1228.0 1475.5 1723.0
1228.0 1475.5 1723.0
1228.0 1475.5 1723.0
1228.0 1475.5 1723.0
1228.0 1475.5 1723.0
1228.0 1475.5 1723.0
1228.0 1475.5 1723.0
1228.0 1475.5 1723.0
1228.0 1475.5 1723.0
1228.0 1475.5 1723.0
1228.0 1475.5 1723.0
1228.0 1475.5 1723.0
1228.0 1475.5 1723.0
1228.0 1475.5 1723.0
1228.0 1475.5 1723.0
1228.0 1475.5 1723.0
1228.0 1475.5 1723.0
1228.0 1475.5 1723.0
1228.0 1475.5 1723.0
1228.0 1475.5 1723.0
1228.0 1475.5 1723.0
1228.0 1475.5 1723.0
1228.0 1475.5 1723.0
1228.0 1475.5 1723.0
1228.0 1475.5 1723.0
1228.0 1475.5 1723.0
1228.0 1475.5 1723.0
1228.0 1475.5 1723.0
1228.0 1475.5 1723.0
1228.0 1475.5 1723.0
1228.0 1475.5 1723.0
1228.0 1475.5 1723.0
1228.0 1475.5 1723.0
1228.0 1475.5 1723.0
1228.0 1475.5 1723.0
1228.0 1475.5 1723.0
1228.0 1475.5 1723.0
1228.0 1475.5 1723.0
1228.0 1475.5 1723.0
1228.0 1475.5 1723.0
1228.0 1475.5 1723.0
1228.0 1475.5 1723.0
1228.0 1475.5 1723.0
1228.0 1475.5 1723.0
1228.0 1475.5 1723.0
1228.0 1475.5 1723.0
1228.0 1475.5 1723.0
1228.0 1475.5 1723.0
1228.0 1475.5 1723.0
1228.0 1475.5 1723.0
1228.0 1475.5 1723.0
1228.0 1475.5 1723.0
1228.0 1475.5 1723.0
1228.0 1475.5 1723.0
1228.0 1475.5 1723.0
1228.0 1475.5 1723.0
1228.0 1475.5 1723.0
1228.0 1475.5 1723.0
1228.0 1475.5 1723.0
1228.0 1475.5 1723.0
1228.0 1475.5 1723.0
1228.0 1475.5 1723.0
1228.0 1475.5 1723.0
