13703.0 14447.0 15191.0
12520.0 13139.0 13758.0
9584.0 10457.0 11330.0
8377.0 9584.5 10792.0
6928.0 7612.5 8297.0
6371.0 6401.0 6431.0
4373.0 4718.5 5064.0
3524.0 4222.5 4921.0
2767.0 3511.5 4256.0
2767.0 2850.0 2933.0
2651.0 2759.5 2868.0
1853.0 2360.5 2868.0
1837.0 1845.0 1853.0
1670.0 1761.5 1853.0
1670.0 1761.5 1853.0
1670.0 1761.5 1853.0
1670.0 1761.5 1853.0
1670.0 1711.5 1753.0
1622.0 1646.0 1670.0
1622.0 1646.0 1670.0
1622.0 1646.0 1670.0
1622.0 1646.0 1670.0
1622.0 1646.0 1670.0
1622.0 1646.0 1670.0
1622.0 1646.0 1670.0
1622.0 1646.0 1670.0
1622.0 1646.0 1670.0
1622.0 1646.0 1670.0
1622.0 1646.0 1670.0
1622.0 1646.0 1670.0
1622.0 1646.0 1670.0
1622.0 1646.0 1670.0
1622.0 1646.0 1670.0
1622.0 1646.0 1670.0
1622.0 1646.0 1670.0
1622.0 1646.0 1670.0
1622.0 1646.0 1670.0
1622.0 1646.0 1670.0
1622.0 1646.0 1670.0
1622.0 1646.0 1670.0
1622.0 1646.0 1670.0
1622.0 1646.0 1670.0
1622.0 1646.0 1670.0
1389.0 1505.5 1622.0
1389.0 1505.5 1622.0
1389.0 1505.5 1622.0
1389.0 1505.5 1622.0
1389.0 1505.5 1622.0
1389.0 1505.5 1622.0
1389.0 1505.5 1622.0
1389.0 1505.5 1622.0
1389.0 1505.5 1622.0
970.0 1296.0 1622.0
964.0 1293.0 1622.0
964.0 1293.0 1622.0
964.0 1293.0 1622.0
964.0 1293.0 1622.0
964.0 1293.0 1622.0
964.0 1293.0 1622.0
964.0 1293.0 1622.0
964.0 1293.0 1622.0
964.0 1293.0 1622.0
964.0 1293.0 1622.0
964.0 1293.0 1622.0
964.0 1293.0 1622.0
964.0 1293.0 1622.0
964.0 1293.0 1622.0
964.0 1293.0 1622.0
964.0 1293.0 1622.0
964.0 1293.0 1622.0
964.0 1293.0 1622.0
964.0 1293.0 1622.0
964.0 1293.0 1622.0
964.0 1293.0 1622.0
964.0 1293.0 1622.0
964.0 1293.0 1622.0
964.0 1293.0 1622.0
964.0 1293.0 1622.0
964.0 1293.0 1622.0
964.0 1293.0 1622.0
964.0 1293.0 1622.0
964.0 1293.0 1622.0
964.0 1293.0 1622.0
964.0 1293.0 1622.0
964.0 1293.0 1622.0
964.0 1293.0 1622.0
964.0 1293.0 1622.0
964.0 1293.0 1622.0
964.0 1293.0 1622.0
964.0 1293.0 1622.0
964.0 1267.5 1571.0
964.0 1267.5 1571.0
964.0 1214.0 1464.0
964.0 1214.0 1464.0
964.0 1214.0 1464.0
964.0 1214.0 1464.0
964.0 1214.0 1464.0
964.0 1214.0 1464.0
964.0 1214.0 1464.0
964.0 1214.0 1464.0
964.0 1214.0 1464.0
964.0 1214.0 1464.0
964.0 1214.0 1464.0
964.0 1214.0 1464.0
964.0 1214.0 1464.0
964.0 1214.0 1464.0
964.0 1214.0 1464.0
964.0 1214.0 1464.0
964.0 1214.0 1464.0
964.0 1214.0 1464.0
964.0 1214.0 1464.0
964.0 1214.0 1464.0
964.0 1214.0 1464.0
964.0 1214.0 1464.0
964.0 1214.0 1464.0
964.0 1214.0 1464.0
964.0 1214.0 1464.0
964.0 1214.0 1464.0
964.0 1214.0 1464.0
964.0 1214.0 1464.0
964.0 1214.0 1464.0
964.0 1214.0 1464.0
964.0 1214.0 1464.0
964.0 1214.0 1464.0
964.0 1214.0 1464.0
964.0 1214.0 1464.0
964.0 1214.0 1464.0
964.0 1214.0 1464.0
964.0 1214.0 1464.0
964.0 1214.0 1464.0
964.0 1214.0 1464.0
964.0 1214.0 1464.0
964.0 1214.0 1464.0
964.0 1214.0 1464.0
964.0 1214.0 1464.0
964.0 1214.0 1464.0
964.0 1214.0 1464.0
964.0 1214.0 1464.0
964.0 1214.0 1464.0
964.0 1214.0 1464.0
964.0 1214.0 1464.0
964.0 1214.0 1464.0
964.0 1214.0 1464.0
964.0 1214.0 1464.0
964.0 1214.0 1464.0
964.0 1214.0 1464.0
964.0 1214.0 1464.0
964.0 1214.0 1464.0
964.0 1214.0 1464.0
964.0 1214.0 1464.0
964.0 1214.0 1464.0
964.0 1214.0 1464.0
964.0 1214.0 1464.0
964.0 1214.0 1464.0
964.0 1214.0 1464.0
964.0 1214.0 1464.0
964.0 1214.0 1464.0
964.0 1214.0 1464.0
964.0 1214.0 1464.0
964.0 1214.0 1464.0
964.0 1214.0 1464.0
964.0 1214.0 1464.0
964.0 1214.0 1464.0
964.0 1214.0 1464.0
964.0 1214.0 1464.0
964.0 1214.0 1464.0
964.0 1214.0 1464.0
964.0 1214.0 1464.0
964.0 1214.0 1464.0
964.0 1214.0 1464.0
964.0 1214.0 1464.0
964.0 1214.0 1464.0
964.0 1214.0 1464.0
964.0 1214.0 1464.0
964.0 1214.0 1464.0
964.0 1214.0 1464.0
964.0 1214.0 1464.0
964.0 1214.0 1464.0
964.0 1214.0 1464.0
964.0 1214.0 1464.0
964.0 1214.0 1464.0
964.0 1214.0 1464.0
964.0 1214.0 1464.0
964.0 1214.0 1464.0
964.0 1214.0 1464.0
964.0 1214.0 1464.0
964.0 1214.0 1464.0
964.0 1214.0 1464.0
964.0 1214.0 1464.0
964.0 1214.0 1464.0
964.0 1214.0 1464.0
964.0 1214.0 1464.0
964.0 1214.0 1464.0
964.0 1214.0 1464.0
964.0 1214.0 1464.0
964.0 1214.0 1464.0
964.0 1214.0 1464.0
964.0 1214.0 1464.0
964.0 1214.0 1464.0
964.0 1214.0 1464.0
