13496.0 15079.0 16662.0
12015.0 12750.0 13485.0
7851.0 9138.0 10425.0
6836.0 8263.0 9690.0
6836.0 7673.5 8511.0
6809.0 6822.5 6836.0
5849.0 7126.5 8404.0
4239.0 5138.0 6037.0
4239.0 5448.5 6658.0
3655.0 4770.0 5885.0
3451.0 3681.5 3912.0
1810.0 2630.5 3451.0
1810.0 2704.5 3599.0
1810.0 2198.5 2587.0
1810.0 2198.5 2587.0
1810.0 2198.5 2587.0
1810.0 2198.5 2587.0
1810.0 2198.5 2587.0
1810.0 2198.5 2587.0
1810.0 2198.5 2587.0
1810.0 2198.5 2587.0
1810.0 1979.0 2148.0
1810.0 1979.0 2148.0
1810.0 1979.0 2148.0
1810.0 1979.0 2148.0
1810.0 1979.0 2148.0
1810.0 1979.0 2148.0
1810.0 1979.0 2148.0
1810.0 1979.0 2148.0
1810.0 1979.0 2148.0
1810.0 1979.0 2148.0
1810.0 1979.0 2148.0
1810.0 1979.0 2148.0
1810.0 1979.0 2148.0
1810.0 1979.0 2148.0
1810.0 1979.0 2148.0
1810.0 1979.0 2148.0
1810.0 1979.0 2148.0
1810.0 1979.0 2148.0
1810.0 1979.0 2148.0
1810.0 1979.0 2148.0
1810.0 1979.0 2148.0
1810.0 1979.0 2148.0
1810.0 1979.0 2148.0
1810.0 1979.0 2148.0
1810.0 1979.0 2148.0
1810.0 1979.0 2148.0
1810.0 1979.0 2148.0
1810.0 1979.0 2148.0
1532.0 1671.0 1810.0
1567.0 1688.5 1810.0
1567.0 1688.5 1810.0
1567.0 1688.5 1810.0
1567.0 1688.5 1810.0
1567.0 1688.5 1810.0
1567.0 1688.5 1810.0
1567.0 1688.5 1810.0
1567.0 1688.5 1810.0
1567.0 1688.5 1810.0
1567.0 1688.5 1810.0
1567.0 1688.5 1810.0
1567.0 1688.5 1810.0
1567.0 1688.5 1810.0
1567.0 1688.5 1810.0
1567.0 1688.5 1810.0
1567.0 1688.5 1810.0
1567.0 1688.5 1810.0
1567.0 1688.5 1810.0
1567.0 1825.0 2083.0
1567.0 1825.0 2083.0
1567.0 1825.0 2083.0
1567.0 1825.0 2083.0
1567.0 1825.0 2083.0
1567.0 1825.0 2083.0
1567.0 1825.0 2083.0
1567.0 1825.0 2083.0
1567.0 1825.0 2083.0
1567.0 1825.0 2083.0
1567.0 1825.0 2083.0
1567.0 1825.0 2083.0
1567.0 1825.0 2083.0
1567.0 1825.0 2083.0
1567.0 1825.0 2083.0
1567.0 1825.0 2083.0
1567.0 1825.0 2083.0
1567.0 1751.0 1935.0
1567.0 1751.0 1935.0
1567.0 1751.0 1935.0
1567.0 1751.0 1935.0
1567.0 1751.0 1935.0
1567.0 1751.0 1935.0
1567.0 1751.0 1935.0
1567.0 1751.0 1935.0
1567.0 1751.0 1935.0
1567.0 1751.0 1935.0
1567.0 1751.0 1935.0
1567.0 1751.0 1935.0
1456.0 1695.5 1935.0
1456.0 1695.5 1935.0
1456.0 1695.5 1935.0
1456.0 1695.5 1935.0
1456.0 1695.5 1935.0
1456.0 1695.5 1935.0
1456.0 1695.5 1935.0
1456.0 1695.5 1935.0
1456.0 1695.5 1935.0
1456.0 1623.5 1791.0
1456.0 1623.5 1791.0
1456.0 1623.5 1791.0
1456.0 1623.5 1791.0
1456.0 1623.5 1791.0
1456.0 1623.5 1791.0
1456.0 1623.5 1791.0
1456.0 1623.5 1791.0
1456.0 1623.5 1791.0
1456.0 1623.5 1791.0
1456.0 1623.5 1791.0
1456.0 1623.5 1791.0
1456.0 1623.5 1791.0
1456.0 1623.5 1791.0
1456.0 1623.5 1791.0
1456.0 1623.5 1791.0
1456.0 1623.5 1791.0
1456.0 1623.5 1791.0
1456.0 1623.5 1791.0
1456.0 1623.5 1791.0
1456.0 1623.5 1791.0
1456.0 1623.5 1791.0
1456.0 1623.5 1791.0
1456.0 1623.5 1791.0
1456.0 1623.5 1791.0
1456.0 1623.5 1791.0
1456.0 1623.5 1791.0
1456.0 1623.5 1791.0
1456.0 1623.5 1791.0
1456.0 1623.5 1791.0
1456.0 1623.5 1791.0
1456.0 1623.5 1791.0
1456.0 1623.5 1791.0
1456.0 1623.5 1791.0
1456.0 1623.5 1791.0
1456.0 1623.5 1791.0
1456.0 1623.5 1791.0
1456.0 1623.5 1791.0
1456.0 1623.5 1791.0
1456.0 1623.5 1791.0
1456.0 1623.5 1791.0
1456.0 1623.5 1791.0
1456.0 1623.5 1791.0
1456.0 1623.5 1791.0
1456.0 1623.5 1791.0
1456.0 1623.5 1791.0
1456.0 1623.5 1791.0
1456.0 1623.5 1791.0
1456.0 1623.5 1791.0
1456.0 1623.5 1791.0
1456.0 1623.5 1791.0
1456.0 1623.5 1791.0
1456.0 1623.5 1791.0
1456.0 1623.5 1791.0
1456.0 1623.5 1791.0
1456.0 1623.5 1791.0
1456.0 1623.5 1791.0
1456.0 1623.5 1791.0
1456.0 1623.5 1791.0
1456.0 1623.5 1791.0
1456.0 1623.5 1791.0
1456.0 1623.5 1791.0
1456.0 1623.5 1791.0
1456.0 1623.5 1791.0
1456.0 1623.5 1791.0
1456.0 1623.5 1791.0
1456.0 1623.5 1791.0
1456.0 1623.5 1791.0
1456.0 1623.5 1791.0
1456.0 1623.5 1791.0
1456.0 1623.5 1791.0
1456.0 1623.5 1791.0
1456.0 1623.5 1791.0
1456.0 1623.5 1791.0
1456.0 1623.5 1791.0
1456.0 1623.5 1791.0
1456.0 1623.5 1791.0
1456.0 1623.5 1791.0
1456.0 1623.5 1791.0
1456.0 1623.5 1791.0
1456.0 1623.5 1791.0
1456.0 1623.5 1791.0
1456.0 1623.5 1791.0
1456.0 1623.5 1791.0
1456.0 1623.5 1791.0
1456.0 1623.5 1791.0
1456.0 1623.5 1791.0
1456.0 1623.5 1791.0
1456.0 1623.5 1791.0
1456.0 1623.5 1791.0
1456.0 1623.5 1791.0
1456.0 1623.5 1791.0
1456.0 1623.5 1791.0
1456.0 1623.5 1791.0
