11128.0 13068.0 15008.0
8127.0 8217.5 8308.0
6482.0 7310.5 8139.0
4098.0 4900.0 5702.0
3229.0 3819.5 4410.0
3229.0 3819.5 4410.0
2551.0 2792.5 3034.0
2071.0 2086.5 2102.0
1818.0 1873.0 1928.0
1470.0 1507.5 1545.0
1200.0 1305.5 1411.0
1200.0 1305.5 1411.0
1187.0 1193.5 1200.0
1187.0 1193.5 1200.0
1187.0 1193.5 1200.0
1187.0 1193.5 1200.0
1187.0 1193.5 1200.0
1065.0 1126.0 1187.0
1065.0 1126.0 1187.0
1065.0 1126.0 1187.0
1065.0 1126.0 1187.0
1065.0 1126.0 1187.0
1065.0 1126.0 1187.0
1065.0 1126.0 1187.0
1065.0 1126.0 1187.0
1065.0 1126.0 1187.0
1065.0 1126.0 1187.0
1065.0 1126.0 1187.0
1065.0 1126.0 1187.0
1065.0 1126.0 1187.0
1065.0 1126.0 1187.0
1065.0 1126.0 1187.0
1065.0 1126.0 1187.0
1065.0 1126.0 1187.0
1065.0 1126.0 1187.0
1065.0 1126.0 1187.0
1065.0 1126.0 1187.0
1065.0 1126.0 1187.0
1065.0 1126.0 1187.0
1065.0 1126.0 1187.0
1065.0 1126.0 1187.0
1065.0 1126.0 1187.0
1065.0 1126.0 1187.0
1065.0 1126.0 1187.0
1065.0 1126.0 1187.0
1065.0 1126.0 1187.0
1065.0 1126.0 1187.0
1065.0 1126.0 1187.0
1065.0 1126.0 1187.0
1065.0 1126.0 1187.0
1065.0 1126.0 1187.0
1000.0 1032.5 1065.0
1000.0 1032.5 1065.0
1000.0 1032.5 1065.0
897.0 981.0 1065.0
897.0 981.0 1065.0
897.0 981.0 1065.0
897.0 981.0 1065.0
897.0 981.0 1065.0
897.0 981.0 1065.0
897.0 981.0 1065.0
897.0 981.0 1065.0
897.0 981.0 1065.0
897.0 981.0 1065.0
897.0 981.0 1065.0
897.0 981.0 1065.0
897.0 981.0 1065.0
897.0 981.0 1065.0
897.0 981.0 1065.0
897.0 981.0 1065.0
897.0 981.0 1065.0
897.0 981.0 1065.0
897.0 981.0 1065.0
897.0 981.0 1065.0
897.0 981.0 1065.0
897.0 981.0 1065.0
897.0 981.0 1065.0
897.0 981.0 1065.0
897.0 981.0 1065.0
897.0 981.0 1065.0
897.0 981.0 1065.0
897.0 981.0 1065.0
897.0 981.0 1065.0
897.0 981.0 1065.0
897.0 981.0 1065.0
897.0 981.0 1065.0
897.0 981.0 1065.0
897.0 981.0 1065.0
897.0 981.0 1065.0
897.0 981.0 1065.0
897.0 981.0 1065.0
897.0 981.0 1065.0
897.0 981.0 1065.0
897.0 981.0 1065.0
897.0 981.0 1065.0
897.0 981.0 1065.0
897.0 981.0 1065.0
897.0 981.0 1065.0
897.0 981.0 1065.0
897.0 981.0 1065.0
897.0 981.0 1065.0
897.0 981.0 1065.0
897.0 981.0 1065.0
897.0 981.0 1065.0
897.0 981.0 1065.0
897.0 981.0 1065.0
897.0 981.0 1065.0
897.0 981.0 1065.0
897.0 981.0 1065.0
897.0 981.0 1065.0
897.0 981.0 1065.0
897.0 981.0 1065.0
897.0 981.0 1065.0
897.0 981.0 1065.0
897.0 981.0 1065.0
897.0 981.0 1065.0
897.0 981.0 1065.0
897.0 981.0 1065.0
897.0 981.0 1065.0
897.0 981.0 1065.0
897.0 981.0 1065.0
897.0 981.0 1065.0
897.0 981.0 1065.0
897.0 981.0 1065.0
897.0 981.0 1065.0
897.0 981.0 1065.0
897.0 981.0 1065.0
897.0 981.0 1065.0
897.0 981.0 1065.0
897.0 981.0 1065.0
897.0 981.0 1065.0
897.0 981.0 1065.0
897.0 981.0 1065.0
897.0 981.0 1065.0
897.0 981.0 1065.0
897.0 981.0 1065.0
897.0 981.0 1065.0
897.0 981.0 1065.0
897.0 981.0 1065.0
897.0 981.0 1065.0
897.0 981.0 1065.0
897.0 981.0 1065.0
897.0 981.0 1065.0
897.0 981.0 1065.0
897.0 981.0 1065.0
897.0 981.0 1065.0
897.0 981.0 1065.0
1065.0 1068.5 1072.0
1065.0 1068.5 1072.0
842.0 953.5 1065.0
842.0 953.5 1065.0
842.0 953.5 1065.0
842.0 953.5 1065.0
842.0 953.5 1065.0
842.0 953.5 1065.0
842.0 953.5 1065.0
842.0 953.5 1065.0
842.0 953.5 1065.0
842.0 953.5 1065.0
842.0 953.5 1065.0
842.0 953.5 1065.0
842.0 953.5 1065.0
842.0 953.5 1065.0
842.0 953.5 1065.0
842.0 953.5 1065.0
836.0 839.0 842.0
836.0 839.0 842.0
836.0 839.0 842.0
836.0 839.0 842.0
836.0 839.0 842.0
836.0 839.0 842.0
836.0 839.0 842.0
836.0 839.0 842.0
836.0 839.0 842.0
836.0 839.0 842.0
836.0 839.0 842.0
836.0 839.0 842.0
836.0 839.0 842.0
836.0 839.0 842.0
836.0 839.0 842.0
836.0 839.0 842.0
836.0 839.0 842.0
836.0 839.0 842.0
836.0 839.0 842.0
836.0 839.0 842.0
836.0 839.0 842.0
836.0 839.0 842.0
836.0 839.0 842.0
836.0 839.0 842.0
836.0 839.0 842.0
836.0 839.0 842.0
836.0 839.0 842.0
836.0 839.0 842.0
836.0 839.0 842.0
836.0 839.0 842.0
836.0 839.0 842.0
836.0 839.0 842.0
836.0 839.0 842.0
836.0 839.0 842.0
836.0 839.0 842.0
