14326.0 15272.5 16219.0
12128.0 12145.0 12162.0
9312.0 10400.0 11488.0
9312.0 9505.0 9698.0
5141.0 5721.0 6301.0
5400.0 5460.5 5521.0
4489.0 4646.0 4803.0
3359.0 3884.0 4409.0
3359.0 3653.5 3948.0
3158.0 3328.0 3498.0
2078.0 2669.0 3260.0
2078.0 2669.0 3260.0
2078.0 2257.0 2436.0
2078.0 2257.0 2436.0
2078.0 2257.0 2436.0
2078.0 2257.0 2436.0
2078.0 2388.5 2699.0
1640.0 1859.0 2078.0
1659.0 1868.5 2078.0
1640.0 1859.0 2078.0
1640.0 1859.0 2078.0
1640.0 1859.0 2078.0
1640.0 1859.0 2078.0
1491.0 1565.5 1640.0
1491.0 1565.5 1640.0
1117.0 1378.5 1640.0
1117.0 1378.5 1640.0
1117.0 1378.5 1640.0
1117.0 1378.5 1640.0
1117.0 1378.5 1640.0
1117.0 1378.5 1640.0
1117.0 1378.5 1640.0
1117.0 1378.5 1640.0
1117.0 1378.5 1640.0
1117.0 1378.5 1640.0
1117.0 1378.5 1640.0
1117.0 1378.5 1640.0
1117.0 1378.5 1640.0
1117.0 1378.5 1640.0
1117.0 1378.5 1640.0
1117.0 1378.5 1640.0
1117.0 1378.5 1640.0
1117.0 1378.5 1640.0
1117.0 1378.5 1640.0
1117.0 1378.5 1640.0
1117.0 1378.5 1640.0
1117.0 1378.5 1640.0
1117.0 1378.5 1640.0
1117.0 1378.5 1640.0
1117.0 1378.5 1640.0
1117.0 1248.0 1379.0
1117.0 1248.0 1379.0
1117.0 1248.0 1379.0
1117.0 1248.0 1379.0
1117.0 1248.0 1379.0
1117.0 1248.0 1379.0
1117.0 1248.0 1379.0
1117.0 1248.0 1379.0
1117.0 1248.0 1379.0
1117.0 1248.0 1379.0
1117.0 1248.0 1379.0
1117.0 1248.0 1379.0
1117.0 1248.0 1379.0
1117.0 1248.0 1379.0
1117.0 1248.0 1379.0
1117.0 1248.0 1379.0
1117.0 1248.0 1379.0
1117.0 1248.0 1379.0
1117.0 1248.0 1379.0
1117.0 1248.0 1379.0
1117.0 1248.0 1379.0
1117.0 1248.0 1379.0
1117.0 1248.0 1379.0
1117.0 1248.0 1379.0
1117.0 1248.0 1379.0
1117.0 1248.0 1379.0
1117.0 1248.0 1379.0
1117.0 1248.0 1379.0
1117.0 1248.0 1379.0
1117.0 1248.0 1379.0
1117.0 1248.0 1379.0
1117.0 1248.0 1379.0
1117.0 1248.0 1379.0
1117.0 1248.0 1379.0
1117.0 1248.0 1379.0
1117.0 1248.0 1379.0
1117.0 1248.0 1379.0
1117.0 1248.0 1379.0
1117.0 1248.0 1379.0
1117.0 1248.0 1379.0
1117.0 1248.0 1379.0
1117.0 1248.0 1379.0
1117.0 1248.0 1379.0
1117.0 1248.0 1379.0
1117.0 1248.0 1379.0
1117.0 1248.0 1379.0
1117.0 1248.0 1379.0
1117.0 1248.0 1379.0
1117.0 1248.0 1379.0
1117.0 1248.0 1379.0
1117.0 1248.0 1379.0
1117.0 1248.0 1379.0
1117.0 1248.0 1379.0
1117.0 1248.0 1379.0
1117.0 1248.0 1379.0
1117.0 1248.0 1379.0
1117.0 1248.0 1379.0
1117.0 1248.0 1379.0
1117.0 1248.0 1379.0
1117.0 1248.0 1379.0
1117.0 1248.0 1379.0
1117.0 1248.0 1379.0
1117.0 1248.0 1379.0
1117.0 1248.0 1379.0
1117.0 1248.0 1379.0
1117.0 1248.0 1379.0
1117.0 1248.0 1379.0
1117.0 1248.0 1379.0
1117.0 1248.0 1379.0
1117.0 1248.0 1379.0
918.0 1148.5 1379.0
918.0 1148.5 1379.0
918.0 1148.5 1379.0
918.0 1148.5 1379.0
918.0 1148.5 1379.0
918.0 1148.5 1379.0
918.0 1148.5 1379.0
918.0 1148.5 1379.0
918.0 1148.5 1379.0
918.0 1148.5 1379.0
918.0 1148.5 1379.0
918.0 1148.5 1379.0
918.0 1148.5 1379.0
918.0 1148.5 1379.0
918.0 1148.5 1379.0
918.0 1148.5 1379.0
918.0 1148.5 1379.0
918.0 1148.5 1379.0
918.0 1148.5 1379.0
918.0 1148.5 1379.0
918.0 1148.5 1379.0
918.0 1148.5 1379.0
918.0 1148.5 1379.0
918.0 1148.5 1379.0
918.0 1148.5 1379.0
918.0 1148.5 1379.0
918.0 1148.5 1379.0
918.0 1148.5 1379.0
918.0 1148.5 1379.0
918.0 1148.5 1379.0
918.0 1148.5 1379.0
918.0 1148.5 1379.0
918.0 1148.5 1379.0
918.0 1148.5 1379.0
918.0 1148.5 1379.0
918.0 1148.5 1379.0
918.0 1148.5 1379.0
918.0 1148.5 1379.0
918.0 1148.5 1379.0
918.0 1148.5 1379.0
918.0 1148.5 1379.0
918.0 1148.5 1379.0
918.0 1148.5 1379.0
918.0 1148.5 1379.0
918.0 1148.5 1379.0
918.0 1148.5 1379.0
918.0 1148.5 1379.0
918.0 1148.5 1379.0
918.0 1148.5 1379.0
918.0 1148.5 1379.0
918.0 1148.5 1379.0
918.0 1148.5 1379.0
918.0 1148.5 1379.0
918.0 1148.5 1379.0
918.0 1148.5 1379.0
918.0 1148.5 1379.0
918.0 1148.5 1379.0
918.0 1148.5 1379.0
918.0 1148.5 1379.0
918.0 1148.5 1379.0
918.0 1148.5 1379.0
918.0 1148.5 1379.0
918.0 1148.5 1379.0
918.0 1148.5 1379.0
918.0 1148.5 1379.0
918.0 1148.5 1379.0
918.0 1148.5 1379.0
918.0 1148.5 1379.0
918.0 1148.5 1379.0
918.0 1148.5 1379.0
918.0 1148.5 1379.0
918.0 1148.5 1379.0
918.0 1148.5 1379.0
918.0 1148.5 1379.0
918.0 1148.5 1379.0
918.0 1148.5 1379.0
918.0 1148.5 1379.0
918.0 1148.5 1379.0
918.0 1148.5 1379.0
918.0 1148.5 1379.0
