10774.0 11950.0 13126.0
7440.0 9806.0 12172.0
5972.0 8195.5 10419.0
5760.0 6026.0 6292.0
5760.0 5856.0 5952.0
3695.0 4329.0 4963.0
2393.0 2822.5 3252.0
2393.0 2507.0 2621.0
1548.0 2032.5 2517.0
1548.0 2032.5 2517.0
1548.0 1606.0 1664.0
1342.0 1504.0 1666.0
1342.0 1504.0 1666.0
1342.0 1504.0 1666.0
1342.0 1504.0 1666.0
1342.0 1504.0 1666.0
1342.0 1504.0 1666.0
1342.0 1504.0 1666.0
1342.0 1504.0 1666.0
1342.0 1504.0 1666.0
1342.0 1504.0 1666.0
1342.0 1504.0 1666.0
1342.0 1504.0 1666.0
1342.0 1504.0 1666.0
1342.0 1504.0 1666.0
1342.0 1504.0 1666.0
1342.0 1504.0 1666.0
1342.0 1504.0 1666.0
1342.0 1504.0 1666.0
1342.0 1504.0 1666.0
1342.0 1504.0 1666.0
1342.0 1504.0 1666.0
1342.0 1492.5 1643.0
1342.0 1356.5 1371.0
1342.0 1356.5 1371.0
1215.0 1304.0 1393.0
1215.0 1304.0 1393.0
1215.0 1304.0 1393.0
1215.0 1304.0 1393.0
1215.0 1304.0 1393.0
1215.0 1304.0 1393.0
1215.0 1304.0 1393.0
1215.0 1304.0 1393.0
1215.0 1304.0 1393.0
1215.0 1304.0 1393.0
1215.0 1304.0 1393.0
1215.0 1304.0 1393.0
1215.0 1304.0 1393.0
1215.0 1304.0 1393.0
1215.0 1304.0 1393.0
1215.0 1304.0 1393.0
1215.0 1304.0 1393.0
1215.0 1304.0 1393.0
1215.0 1304.0 1393.0
1215.0 1304.0 1393.0
1215.0 1304.0 1393.0
1215.0 1304.0 1393.0
1215.0 1304.0 1393.0
1215.0 1304.0 1393.0
1215.0 1304.0 1393.0
1215.0 1304.0 1393.0
1215.0 1304.0 1393.0
1215.0 1304.0 1393.0
1215.0 1304.0 1393.0
1215.0 1304.0 1393.0
1215.0 1304.0 1393.0
1215.0 1304.0 1393.0
1215.0 1304.0 1393.0
1215.0 1304.0 1393.0
1215.0 1304.0 1393.0
1215.0 1304.0 1393.0
1215.0 1304.0 1393.0
1215.0 1304.0 1393.0
1215.0 1304.0 1393.0
1215.0 1304.0 1393.0
1215.0 1304.0 1393.0
1215.0 1304.0 1393.0
1215.0 1304.0 1393.0
1215.0 1304.0 1393.0
1215.0 1304.0 1393.0
1215.0 1304.0 1393.0
1215.0 1304.0 1393.0
1215.0 1304.0 1393.0
1215.0 1304.0 1393.0
1215.0 1304.0 1393.0
1215.0 1304.0 1393.0
1215.0 1304.0 1393.0
1215.0 1304.0 1393.0
1215.0 1304.0 1393.0
1215.0 1304.0 1393.0
1215.0 1304.0 1393.0
1215.0 1304.0 1393.0
1215.0 1304.0 1393.0
1215.0 1304.0 1393.0
1215.0 1304.0 1393.0
1215.0 1304.0 1393.0
1215.0 1304.0 1393.0
1215.0 1304.0 1393.0
1215.0 1304.0 1393.0
1215.0 1304.0 1393.0
1215.0 1304.0 1393.0
1215.0 1304.0 1393.0
1215.0 1304.0 1393.0
1215.0 1304.0 1393.0
1215.0 1304.0 1393.0
1215.0 1304.0 1393.0
1215.0 1304.0 1393.0
1215.0 1304.0 1393.0
1215.0 1304.0 1393.0
1215.0 1304.0 1393.0
1215.0 1304.0 1393.0
1215.0 1304.0 1393.0
1215.0 1304.0 1393.0
1215.0 1304.0 1393.0
1215.0 1304.0 1393.0
1215.0 1304.0 1393.0
1215.0 1304.0 1393.0
1215.0 1304.0 1393.0
1215.0 1304.0 1393.0
1215.0 1304.0 1393.0
1215.0 1304.0 1393.0
1215.0 1304.0 1393.0
1215.0 1304.0 1393.0
1215.0 1304.0 1393.0
1215.0 1304.0 1393.0
1215.0 1304.0 1393.0
1215.0 1304.0 1393.0
1215.0 1304.0 1393.0
1215.0 1304.0 1393.0
1215.0 1304.0 1393.0
1215.0 1304.0 1393.0
1215.0 1304.0 1393.0
1215.0 1304.0 1393.0
1215.0 1304.0 1393.0
1073.0 1233.0 1393.0
1073.0 1233.0 1393.0
1073.0 1233.0 1393.0
1073.0 1233.0 1393.0
1073.0 1233.0 1393.0
1073.0 1233.0 1393.0
1073.0 1233.0 1393.0
1073.0 1233.0 1393.0
1073.0 1233.0 1393.0
1073.0 1233.0 1393.0
1073.0 1233.0 1393.0
1073.0 1233.0 1393.0
1073.0 1233.0 1393.0
1073.0 1233.0 1393.0
1073.0 1233.0 1393.0
1073.0 1233.0 1393.0
1073.0 1233.0 1393.0
1073.0 1233.0 1393.0
1073.0 1233.0 1393.0
1073.0 1233.0 1393.0
1073.0 1233.0 1393.0
1073.0 1233.0 1393.0
1073.0 1233.0 1393.0
1073.0 1233.0 1393.0
1073.0 1233.0 1393.0
1073.0 1233.0 1393.0
1073.0 1233.0 1393.0
1073.0 1233.0 1393.0
1073.0 1233.0 1393.0
1073.0 1233.0 1393.0
1073.0 1233.0 1393.0
1073.0 1233.0 1393.0
1073.0 1233.0 1393.0
1073.0 1233.0 1393.0
1073.0 1233.0 1393.0
1073.0 1233.0 1393.0
1073.0 1233.0 1393.0
1073.0 1233.0 1393.0
1073.0 1233.0 1393.0
1073.0 1233.0 1393.0
1073.0 1233.0 1393.0
1073.0 1233.0 1393.0
1073.0 1233.0 1393.0
1073.0 1233.0 1393.0
1073.0 1233.0 1393.0
1073.0 1233.0 1393.0
1073.0 1233.0 1393.0
1073.0 1233.0 1393.0
1073.0 1233.0 1393.0
1073.0 1233.0 1393.0
1073.0 1233.0 1393.0
1073.0 1233.0 1393.0
1073.0 1233.0 1393.0
1073.0 1233.0 1393.0
1073.0 1233.0 1393.0
1073.0 1233.0 1393.0
1073.0 1233.0 1393.0
1073.0 1233.0 1393.0
1073.0 1233.0 1393.0
1073.0 1233.0 1393.0
1073.0 1233.0 1393.0
1073.0 1233.0 1393.0
1073.0 1233.0 1393.0
1073.0 1233.0 1393.0
1073.0 1233.0 1393.0
1073.0 1233.0 1393.0
