10105.0 11094.5 12084.0
10116.0 10271.5 10427.0
7112.0 7484.0 7856.0
5839.0 6274.0 6709.0
4509.0 4797.5 5086.0
3050.0 3108.0 3166.0
3166.0 3206.5 3247.0
2342.0 2734.0 3126.0
1578.0 1960.0 2342.0
1578.0 2059.0 2540.0
1578.0 1697.5 1817.0
1578.0 1845.5 2113.0
1578.0 1845.5 2113.0
1578.0 1845.5 2113.0
1577.0 1577.5 1578.0
1578.0 1623.5 1669.0
1578.0 1623.5 1669.0
1578.0 1623.5 1669.0
1156.0 1412.5 1669.0
1156.0 1412.5 1669.0
976.0 1322.5 1669.0
865.0 1267.0 1669.0
865.0 1267.0 1669.0
865.0 1267.0 1669.0
865.0 1267.0 1669.0
865.0 1267.0 1669.0
865.0 1267.0 1669.0
865.0 1267.0 1669.0
865.0 1267.0 1669.0
865.0 1267.0 1669.0
865.0 1267.0 1669.0
865.0 1267.0 1669.0
865.0 1267.0 1669.0
865.0 1267.0 1669.0
865.0 1267.0 1669.0
865.0 1267.0 1669.0
865.0 1267.0 1669.0
865.0 1267.0 1669.0
865.0 1267.0 1669.0
865.0 1267.0 1669.0
865.0 1267.0 1669.0
865.0 1257.5 1650.0
865.0 1194.5 1524.0
865.0 1007.5 1150.0
865.0 903.5 942.0
865.0 903.5 942.0
865.0 1022.0 1179.0
865.0 1022.0 1179.0
865.0 1022.0 1179.0
865.0 1022.0 1179.0
865.0 1022.0 1179.0
865.0 1022.0 1179.0
865.0 1022.0 1179.0
865.0 1022.0 1179.0
865.0 1022.0 1179.0
865.0 1022.0 1179.0
865.0 1022.0 1179.0
865.0 1022.0 1179.0
865.0 1022.0 1179.0
865.0 1022.0 1179.0
865.0 1022.0 1179.0
865.0 1022.0 1179.0
865.0 1022.0 1179.0
865.0 1022.0 1179.0
865.0 1022.0 1179.0
865.0 1022.0 1179.0
865.0 1022.0 1179.0
865.0 1022.0 1179.0
865.0 1022.0 1179.0
865.0 1022.0 1179.0
865.0 1022.0 1179.0
865.0 1022.0 1179.0
865.0 1022.0 1179.0
865.0 1022.0 1179.0
865.0 1022.0 1179.0
865.0 1022.0 1179.0
865.0 1022.0 1179.0
865.0 1022.0 1179.0
865.0 1022.0 1179.0
865.0 1022.0 1179.0
865.0 1022.0 1179.0
865.0 1022.0 1179.0
865.0 1022.0 1179.0
865.0 1022.0 1179.0
865.0 1022.0 1179.0
865.0 1022.0 1179.0
865.0 1022.0 1179.0
865.0 1022.0 1179.0
865.0 1022.0 1179.0
865.0 1022.0 1179.0
865.0 1022.0 1179.0
865.0 1022.0 1179.0
865.0 1022.0 1179.0
865.0 1022.0 1179.0
865.0 1022.0 1179.0
865.0 1022.0 1179.0
865.0 1022.0 1179.0
865.0 1022.0 1179.0
865.0 1022.0 1179.0
865.0 1022.0 1179.0
865.0 1022.0 1179.0
865.0 1022.0 1179.0
865.0 1022.0 1179.0
865.0 1022.0 1179.0
865.0 1022.0 1179.0
865.0 1022.0 1179.0
865.0 1022.0 1179.0
865.0 1022.0 1179.0
865.0 1022.0 1179.0
865.0 1022.0 1179.0
865.0 1022.0 1179.0
865.0 1022.0 1179.0
865.0 1022.0 1179.0
865.0 1022.0 1179.0
865.0 1022.0 1179.0
865.0 1022.0 1179.0
865.0 1022.0 1179.0
865.0 1022.0 1179.0
865.0 1022.0 1179.0
865.0 1022.0 1179.0
865.0 1022.0 1179.0
865.0 1022.0 1179.0
865.0 1022.0 1179.0
865.0 1022.0 1179.0
865.0 1022.0 1179.0
865.0 1022.0 1179.0
865.0 1022.0 1179.0
865.0 1022.0 1179.0
865.0 1022.0 1179.0
865.0 1022.0 1179.0
865.0 1022.0 1179.0
865.0 1022.0 1179.0
865.0 1022.0 1179.0
865.0 1022.0 1179.0
865.0 1022.0 1179.0
865.0 1022.0 1179.0
865.0 1022.0 1179.0
865.0 1022.0 1179.0
865.0 1022.0 1179.0
865.0 1022.0 1179.0
865.0 1022.0 1179.0
865.0 1022.0 1179.0
865.0 1022.0 1179.0
865.0 1022.0 1179.0
865.0 1022.0 1179.0
865.0 1022.0 1179.0
865.0 1022.0 1179.0
865.0 1022.0 1179.0
865.0 1022.0 1179.0
865.0 1022.0 1179.0
865.0 1022.0 1179.0
865.0 1022.0 1179.0
865.0 1022.0 1179.0
865.0 1022.0 1179.0
865.0 1022.0 1179.0
865.0 1022.0 1179.0
865.0 1022.0 1179.0
865.0 1022.0 1179.0
865.0 1022.0 1179.0
865.0 1022.0 1179.0
865.0 1022.0 1179.0
865.0 1022.0 1179.0
865.0 1022.0 1179.0
865.0 1022.0 1179.0
865.0 1022.0 1179.0
865.0 1022.0 1179.0
865.0 1022.0 1179.0
865.0 1022.0 1179.0
865.0 1022.0 1179.0
865.0 1022.0 1179.0
865.0 1022.0 1179.0
865.0 1022.0 1179.0
865.0 1022.0 1179.0
865.0 1022.0 1179.0
865.0 1022.0 1179.0
865.0 1022.0 1179.0
865.0 1022.0 1179.0
865.0 1022.0 1179.0
865.0 1022.0 1179.0
865.0 1022.0 1179.0
865.0 1022.0 1179.0
865.0 1022.0 1179.0
865.0 1022.0 1179.0
865.0 1022.0 1179.0
865.0 1022.0 1179.0
865.0 1022.0 1179.0
865.0 1022.0 1179.0
865.0 1022.0 1179.0
865.0 1022.0 1179.0
865.0 1022.0 1179.0
865.0 1022.0 1179.0
865.0 1022.0 1179.0
865.0 1022.0 1179.0
865.0 1022.0 1179.0
865.0 1022.0 1179.0
865.0 1022.0 1179.0
865.0 1022.0 1179.0
865.0 1022.0 1179.0
865.0 1022.0 1179.0
865.0 1022.0 1179.0
