15921.0 16264.5 16608.0
12675.0 13795.5 14916.0
10883.0 11183.0 11483.0
9298.0 9783.0 10268.0
6158.0 6536.0 6914.0
6121.0 6517.5 6914.0
3421.0 4077.0 4733.0
3421.0 4067.5 4714.0
3421.0 3690.5 3960.0
3421.0 3690.5 3960.0
3230.0 3325.5 3421.0
3421.0 3600.0 3779.0
3421.0 3600.0 3779.0
3098.0 3438.5 3779.0
2782.0 2852.5 2923.0
2782.0 2852.5 2923.0
2586.0 2684.0 2782.0
2156.0 2371.0 2586.0
1869.0 2227.5 2586.0
1869.0 2227.5 2586.0
1869.0 2227.5 2586.0
1869.0 2227.5 2586.0
1869.0 2227.5 2586.0
1869.0 2245.5 2622.0
1869.0 2245.5 2622.0
1869.0 2245.5 2622.0
1869.0 2245.5 2622.0
1766.0 1817.5 1869.0
1766.0 1817.5 1869.0
1766.0 1817.5 1869.0
1766.0 1817.5 1869.0
1766.0 1817.5 1869.0
1766.0 1817.5 1869.0
1766.0 1817.5 1869.0
1766.0 1817.5 1869.0
1766.0 1817.5 1869.0
1766.0 1817.5 1869.0
1766.0 1817.5 1869.0
1766.0 1817.5 1869.0
1766.0 1817.5 1869.0
1766.0 1817.5 1869.0
1766.0 1817.5 1869.0
1766.0 1817.5 1869.0
1766.0 1817.5 1869.0
1766.0 1817.5 1869.0
1766.0 1817.5 1869.0
1766.0 1817.5 1869.0
1766.0 1817.5 1869.0
1766.0 1817.5 1869.0
1766.0 1817.5 1869.0
1766.0 1817.5 1869.0
1766.0 1817.5 1869.0
1766.0 1817.5 1869.0
1766.0 1817.5 1869.0
1766.0 1817.5 1869.0
1766.0 1817.5 1869.0
1766.0 1817.5 1869.0
1766.0 1817.5 1869.0
1766.0 1817.5 1869.0
1766.0 1817.5 1869.0
1766.0 1817.5 1869.0
1766.0 1817.5 1869.0
1766.0 1817.5 1869.0
1766.0 1817.5 1869.0
1766.0 1817.5 1869.0
1766.0 1817.5 1869.0
1766.0 1817.5 1869.0
1766.0 1817.5 1869.0
1766.0 1817.5 1869.0
1766.0 1817.5 1869.0
1766.0 1817.5 1869.0
1766.0 1817.5 1869.0
1766.0 1817.5 1869.0
1766.0 1817.5 1869.0
1766.0 1817.5 1869.0
1808.0 1838.5 1869.0
1519.0 1694.0 1869.0
1519.0 1694.0 1869.0
1519.0 1694.0 1869.0
1519.0 1694.0 1869.0
1519.0 1694.0 1869.0
1519.0 1694.0 1869.0
1519.0 1694.0 1869.0
1519.0 1694.0 1869.0
1519.0 1694.0 1869.0
1519.0 1694.0 1869.0
1519.0 1694.0 1869.0
1519.0 1694.0 1869.0
1519.0 1694.0 1869.0
1519.0 1694.0 1869.0
1519.0 1694.0 1869.0
1519.0 1694.0 1869.0
1519.0 1694.0 1869.0
1519.0 1694.0 1869.0
1519.0 1694.0 1869.0
1519.0 1694.0 1869.0
1519.0 1694.0 1869.0
1519.0 1694.0 1869.0
1519.0 1694.0 1869.0
1519.0 1694.0 1869.0
1519.0 1694.0 1869.0
1519.0 1694.0 1869.0
1519.0 1694.0 1869.0
1519.0 1694.0 1869.0
1519.0 1694.0 1869.0
1519.0 1694.0 1869.0
1519.0 1694.0 1869.0
1519.0 1694.0 1869.0
1519.0 1694.0 1869.0
1519.0 1694.0 1869.0
1519.0 1694.0 1869.0
1519.0 1694.0 1869.0
1519.0 1694.0 1869.0
1519.0 1694.0 1869.0
1519.0 1694.0 1869.0
1519.0 1694.0 1869.0
1519.0 1694.0 1869.0
1519.0 1694.0 1869.0
1519.0 1694.0 1869.0
1519.0 1694.0 1869.0
1519.0 1694.0 1869.0
1518.0 1518.5 1519.0
1518.0 1518.5 1519.0
1518.0 1518.5 1519.0
1518.0 1518.5 1519.0
1518.0 1518.5 1519.0
1518.0 1518.5 1519.0
1518.0 1518.5 1519.0
1518.0 1518.5 1519.0
1518.0 1518.5 1519.0
1518.0 1518.5 1519.0
1518.0 1518.5 1519.0
1518.0 1518.5 1519.0
1518.0 1518.5 1519.0
1518.0 1518.5 1519.0
1518.0 1518.5 1519.0
1518.0 1518.5 1519.0
1518.0 1518.5 1519.0
1518.0 1518.5 1519.0
1518.0 1518.5 1519.0
1518.0 1518.5 1519.0
1519.0 1553.5 1588.0
1519.0 1553.5 1588.0
1519.0 1553.5 1588.0
1519.0 1553.5 1588.0
1519.0 1553.5 1588.0
1519.0 1553.5 1588.0
1519.0 1553.5 1588.0
1519.0 1553.5 1588.0
1519.0 1553.5 1588.0
1519.0 1553.5 1588.0
1519.0 1553.5 1588.0
1519.0 1553.5 1588.0
1519.0 1553.5 1588.0
1519.0 1553.5 1588.0
1519.0 1553.5 1588.0
1519.0 1553.5 1588.0
1519.0 1553.5 1588.0
1519.0 1553.5 1588.0
1519.0 1553.5 1588.0
1519.0 1553.5 1588.0
1519.0 1553.5 1588.0
1519.0 1553.5 1588.0
1519.0 1553.5 1588.0
1519.0 1553.5 1588.0
1519.0 1553.5 1588.0
1519.0 1553.5 1588.0
1519.0 1553.5 1588.0
1519.0 1553.5 1588.0
1519.0 1553.5 1588.0
1519.0 1553.5 1588.0
1519.0 1553.5 1588.0
1519.0 1553.5 1588.0
1519.0 1553.5 1588.0
1519.0 1553.5 1588.0
1519.0 1553.5 1588.0
1519.0 1553.5 1588.0
1519.0 1553.5 1588.0
1519.0 1553.5 1588.0
1519.0 1553.5 1588.0
1519.0 1553.5 1588.0
1519.0 1553.5 1588.0
1519.0 1553.5 1588.0
1519.0 1553.5 1588.0
1519.0 1553.5 1588.0
1519.0 1553.5 1588.0
1519.0 1553.5 1588.0
1519.0 1553.5 1588.0
1519.0 1553.5 1588.0
1519.0 1553.5 1588.0
1519.0 1553.5 1588.0
1519.0 1553.5 1588.0
1519.0 1553.5 1588.0
1519.0 1553.5 1588.0
1519.0 1553.5 1588.0
1519.0 1553.5 1588.0
1519.0 1553.5 1588.0
1519.0 1553.5 1588.0
1519.0 1553.5 1588.0
1519.0 1553.5 1588.0
