10842.0 12557.5 14273.0
9388.0 10573.5 11759.0
7929.0 8063.0 8197.0
5923.0 6420.5 6918.0
4661.0 4718.5 4776.0
2597.0 3285.0 3973.0
2452.0 2857.5 3263.0
2848.0 2965.0 3082.0
2041.0 2057.0 2073.0
1760.0 1808.0 1856.0
1406.0 1631.0 1856.0
1013.0 1170.0 1327.0
1013.0 1209.5 1406.0
1013.0 1199.0 1385.0
1013.0 1199.0 1385.0
1013.0 1199.0 1385.0
1013.0 1101.0 1189.0
1013.0 1101.0 1189.0
1013.0 1101.0 1189.0
1013.0 1101.0 1189.0
1013.0 1101.0 1189.0
1013.0 1101.0 1189.0
1013.0 1101.0 1189.0
1013.0 1101.0 1189.0
1013.0 1101.0 1189.0
1013.0 1101.0 1189.0
1013.0 1101.0 1189.0
1013.0 1101.0 1189.0
1013.0 1101.0 1189.0
1013.0 1101.0 1189.0
1013.0 1101.0 1189.0
1013.0 1101.0 1189.0
1013.0 1101.0 1189.0
1013.0 1101.0 1189.0
1013.0 1101.0 1189.0
1013.0 1101.0 1189.0
1013.0 1101.0 1189.0
1013.0 1101.0 1189.0
1013.0 1101.0 1189.0
1013.0 1101.0 1189.0
1013.0 1101.0 1189.0
1013.0 1101.0 1189.0
1013.0 1101.0 1189.0
1013.0 1101.0 1189.0
1013.0 1101.0 1189.0
1013.0 1101.0 1189.0
1013.0 1101.0 1189.0
1013.0 1101.0 1189.0
1013.0 1101.0 1189.0
1013.0 1101.0 1189.0
1013.0 1101.0 1189.0
1013.0 1101.0 1189.0
1013.0 1101.0 1189.0
1013.0 1101.0 1189.0
1013.0 1101.0 1189.0
1013.0 1101.0 1189.0
1013.0 1101.0 1189.0
1013.0 1101.0 1189.0
1013.0 1101.0 1189.0
1013.0 1101.0 1189.0
1013.0 1101.0 1189.0
1013.0 1101.0 1189.0
1013.0 1101.0 1189.0
1013.0 1101.0 1189.0
1013.0 1101.0 1189.0
1013.0 1101.0 1189.0
1013.0 1101.0 1189.0
1013.0 1101.0 1189.0
1013.0 1101.0 1189.0
1013.0 1101.0 1189.0
1013.0 1101.0 1189.0
1013.0 1101.0 1189.0
1013.0 1101.0 1189.0
1013.0 1101.0 1189.0
1013.0 1101.0 1189.0
1013.0 1101.0 1189.0
1013.0 1101.0 1189.0
1013.0 1101.0 1189.0
1013.0 1101.0 1189.0
1013.0 1101.0 1189.0
1013.0 1101.0 1189.0
1013.0 1101.0 1189.0
1013.0 1101.0 1189.0
1013.0 1101.0 1189.0
1013.0 1101.0 1189.0
1013.0 1101.0 1189.0
1013.0 1101.0 1189.0
1013.0 1101.0 1189.0
1013.0 1101.0 1189.0
1013.0 1101.0 1189.0
1013.0 1101.0 1189.0
1013.0 1101.0 1189.0
1013.0 1101.0 1189.0
1013.0 1101.0 1189.0
1013.0 1101.0 1189.0
1013.0 1101.0 1189.0
1013.0 1101.0 1189.0
1013.0 1101.0 1189.0
1013.0 1101.0 1189.0
1013.0 1101.0 1189.0
1013.0 1101.0 1189.0
1013.0 1101.0 1189.0
1013.0 1101.0 1189.0
1013.0 1101.0 1189.0
1013.0 1101.0 1189.0
1013.0 1101.0 1189.0
1013.0 1101.0 1189.0
1013.0 1101.0 1189.0
1013.0 1101.0 1189.0
1013.0 1101.0 1189.0
1013.0 1101.0 1189.0
1013.0 1101.0 1189.0
1013.0 1101.0 1189.0
1013.0 1101.0 1189.0
1013.0 1101.0 1189.0
1013.0 1101.0 1189.0
1013.0 1101.0 1189.0
1013.0 1101.0 1189.0
1013.0 1101.0 1189.0
1013.0 1101.0 1189.0
1013.0 1101.0 1189.0
1013.0 1101.0 1189.0
1013.0 1101.0 1189.0
1013.0 1101.0 1189.0
1013.0 1101.0 1189.0
1013.0 1101.0 1189.0
1013.0 1101.0 1189.0
1013.0 1101.0 1189.0
1013.0 1101.0 1189.0
1013.0 1101.0 1189.0
1013.0 1101.0 1189.0
1013.0 1101.0 1189.0
1013.0 1101.0 1189.0
1013.0 1101.0 1189.0
1013.0 1101.0 1189.0
1013.0 1101.0 1189.0
1013.0 1101.0 1189.0
1013.0 1101.0 1189.0
1013.0 1101.0 1189.0
1013.0 1101.0 1189.0
1013.0 1101.0 1189.0
1013.0 1101.0 1189.0
1013.0 1101.0 1189.0
1013.0 1101.0 1189.0
1013.0 1101.0 1189.0
1013.0 1101.0 1189.0
1013.0 1101.0 1189.0
1013.0 1101.0 1189.0
1013.0 1101.0 1189.0
1013.0 1101.0 1189.0
1013.0 1101.0 1189.0
1013.0 1101.0 1189.0
1013.0 1101.0 1189.0
1013.0 1101.0 1189.0
1013.0 1101.0 1189.0
1013.0 1101.0 1189.0
1013.0 1101.0 1189.0
1013.0 1101.0 1189.0
1013.0 1101.0 1189.0
1013.0 1101.0 1189.0
1013.0 1101.0 1189.0
1013.0 1101.0 1189.0
1013.0 1101.0 1189.0
1013.0 1101.0 1189.0
1013.0 1101.0 1189.0
1013.0 1101.0 1189.0
1013.0 1101.0 1189.0
1013.0 1101.0 1189.0
1013.0 1101.0 1189.0
1013.0 1101.0 1189.0
1013.0 1101.0 1189.0
1013.0 1101.0 1189.0
1013.0 1101.0 1189.0
1013.0 1101.0 1189.0
1013.0 1101.0 1189.0
1013.0 1101.0 1189.0
1013.0 1101.0 1189.0
1013.0 1101.0 1189.0
1013.0 1101.0 1189.0
1013.0 1101.0 1189.0
1013.0 1101.0 1189.0
1013.0 1101.0 1189.0
1013.0 1101.0 1189.0
1013.0 1101.0 1189.0
1013.0 1101.0 1189.0
1013.0 1101.0 1189.0
1013.0 1101.0 1189.0
1013.0 1101.0 1189.0
1013.0 1101.0 1189.0
1013.0 1101.0 1189.0
1013.0 1101.0 1189.0
1013.0 1101.0 1189.0
1013.0 1101.0 1189.0
1013.0 1101.0 1189.0
1013.0 1101.0 1189.0
1013.0 1101.0 1189.0
1013.0 1101.0 1189.0
1013.0 1101.0 1189.0
1013.0 1101.0 1189.0
1013.0 1101.0 1189.0
