11204.0 13064.5 14925.0
8587.0 9333.5 10080.0
6661.0 7961.5 9262.0
3317.0 4483.0 5649.0
3116.0 3693.0 4270.0
3116.0 3381.0 3646.0
2605.0 2808.5 3012.0
2472.0 2568.5 2665.0
2220.0 2265.5 2311.0
1520.0 1747.5 1975.0
1437.0 1706.0 1975.0
1047.0 1511.0 1975.0
1047.0 1225.5 1404.0
1047.0 1225.5 1404.0
1047.0 1225.5 1404.0
1047.0 1155.5 1264.0
1047.0 1155.5 1264.0
1047.0 1155.5 1264.0
1047.0 1155.5 1264.0
1047.0 1155.5 1264.0
1047.0 1155.5 1264.0
1047.0 1155.5 1264.0
1047.0 1155.5 1264.0
1047.0 1155.5 1264.0
1047.0 1155.5 1264.0
1047.0 1155.5 1264.0
1047.0 1155.5 1264.0
1047.0 1155.5 1264.0
1047.0 1155.5 1264.0
1047.0 1155.5 1264.0
1047.0 1155.5 1264.0
1047.0 1155.5 1264.0
1047.0 1155.5 1264.0
1047.0 1155.5 1264.0
1047.0 1155.5 1264.0
1047.0 1155.5 1264.0
1047.0 1155.5 1264.0
1047.0 1155.5 1264.0
1047.0 1155.5 1264.0
1047.0 1155.5 1264.0
1047.0 1155.5 1264.0
1047.0 1155.5 1264.0
1047.0 1155.5 1264.0
1047.0 1155.5 1264.0
1047.0 1155.5 1264.0
1047.0 1155.5 1264.0
1047.0 1155.5 1264.0
1047.0 1155.5 1264.0
1047.0 1155.5 1264.0
1047.0 1155.5 1264.0
1047.0 1155.5 1264.0
1047.0 1155.5 1264.0
1047.0 1155.5 1264.0
1047.0 1155.5 1264.0
1047.0 1155.5 1264.0
1047.0 1155.5 1264.0
1047.0 1155.5 1264.0
1047.0 1155.5 1264.0
1047.0 1155.5 1264.0
1047.0 1155.5 1264.0
1047.0 1155.5 1264.0
1047.0 1155.5 1264.0
1047.0 1155.5 1264.0
1047.0 1155.5 1264.0
1047.0 1072.0 1097.0
1047.0 1072.0 1097.0
1047.0 1072.0 1097.0
1047.0 1063.0 1079.0
810.0 928.5 1047.0
526.0 786.5 1047.0
526.0 786.5 1047.0
526.0 786.5 1047.0
526.0 786.5 1047.0
526.0 786.5 1047.0
526.0 786.5 1047.0
526.0 786.5 1047.0
526.0 786.5 1047.0
526.0 786.5 1047.0
526.0 786.5 1047.0
526.0 786.5 1047.0
526.0 786.5 1047.0
526.0 786.5 1047.0
526.0 786.5 1047.0
526.0 786.5 1047.0
526.0 786.5 1047.0
526.0 786.5 1047.0
526.0 786.5 1047.0
526.0 786.5 1047.0
526.0 786.5 1047.0
526.0 786.5 1047.0
526.0 786.5 1047.0
526.0 786.5 1047.0
526.0 786.5 1047.0
526.0 786.5 1047.0
526.0 786.5 1047.0
526.0 786.5 1047.0
526.0 786.5 1047.0
526.0 786.5 1047.0
526.0 786.5 1047.0
526.0 786.5 1047.0
526.0 786.5 1047.0
526.0 786.5 1047.0
526.0 786.5 1047.0
526.0 786.5 1047.0
526.0 786.5 1047.0
526.0 786.5 1047.0
526.0 786.5 1047.0
526.0 786.5 1047.0
526.0 786.5 1047.0
526.0 786.5 1047.0
526.0 786.5 1047.0
526.0 786.5 1047.0
526.0 786.5 1047.0
526.0 786.5 1047.0
526.0 786.5 1047.0
526.0 786.5 1047.0
526.0 786.5 1047.0
526.0 786.5 1047.0
526.0 786.5 1047.0
526.0 786.5 1047.0
526.0 786.5 1047.0
526.0 786.5 1047.0
526.0 786.5 1047.0
526.0 786.5 1047.0
526.0 786.5 1047.0
526.0 786.5 1047.0
526.0 786.5 1047.0
526.0 786.5 1047.0
526.0 786.5 1047.0
526.0 786.5 1047.0
526.0 786.5 1047.0
526.0 786.5 1047.0
526.0 786.5 1047.0
526.0 786.5 1047.0
526.0 786.5 1047.0
526.0 786.5 1047.0
526.0 786.5 1047.0
526.0 786.5 1047.0
526.0 786.5 1047.0
526.0 786.5 1047.0
526.0 786.5 1047.0
526.0 786.5 1047.0
526.0 786.5 1047.0
526.0 786.5 1047.0
526.0 786.5 1047.0
526.0 786.5 1047.0
526.0 786.5 1047.0
526.0 786.5 1047.0
526.0 786.5 1047.0
526.0 786.5 1047.0
526.0 786.5 1047.0
526.0 786.5 1047.0
526.0 786.5 1047.0
526.0 786.5 1047.0
526.0 786.5 1047.0
526.0 786.5 1047.0
526.0 786.5 1047.0
526.0 786.5 1047.0
526.0 786.5 1047.0
526.0 786.5 1047.0
526.0 786.5 1047.0
526.0 786.5 1047.0
526.0 786.5 1047.0
526.0 786.5 1047.0
526.0 786.5 1047.0
526.0 786.5 1047.0
526.0 786.5 1047.0
526.0 786.5 1047.0
526.0 786.5 1047.0
526.0 786.5 1047.0
526.0 786.5 1047.0
526.0 786.5 1047.0
526.0 786.5 1047.0
526.0 786.5 1047.0
526.0 786.5 1047.0
526.0 786.5 1047.0
526.0 786.5 1047.0
526.0 786.5 1047.0
526.0 786.5 1047.0
526.0 786.5 1047.0
526.0 786.5 1047.0
526.0 786.5 1047.0
526.0 786.5 1047.0
526.0 786.5 1047.0
526.0 786.5 1047.0
526.0 786.5 1047.0
526.0 786.5 1047.0
526.0 786.5 1047.0
526.0 786.5 1047.0
526.0 786.5 1047.0
526.0 786.5 1047.0
526.0 786.5 1047.0
526.0 786.5 1047.0
526.0 786.5 1047.0
526.0 786.5 1047.0
526.0 786.5 1047.0
526.0 786.5 1047.0
526.0 786.5 1047.0
526.0 786.5 1047.0
526.0 786.5 1047.0
