14292.0 15725.0 17158.0
11114.0 12280.5 13447.0
10182.0 10389.0 10596.0
8491.0 8591.0 8691.0
6654.0 7088.5 7523.0
4132.0 4917.0 5702.0
3620.0 4661.0 5702.0
3620.0 3911.0 4202.0
2740.0 3180.0 3620.0
2614.0 2677.0 2740.0
2470.0 2605.0 2740.0
2470.0 2605.0 2740.0
2470.0 2605.0 2740.0
2470.0 2605.0 2740.0
2585.0 2662.5 2740.0
2585.0 2662.5 2740.0
2585.0 2622.0 2659.0
2585.0 2622.0 2659.0
2585.0 2622.0 2659.0
2478.0 2568.5 2659.0
2585.0 2622.0 2659.0
2585.0 2622.0 2659.0
2585.0 2622.0 2659.0
2585.0 2622.0 2659.0
2585.0 2622.0 2659.0
2585.0 2622.0 2659.0
2585.0 2622.0 2659.0
2585.0 2622.0 2659.0
2585.0 2622.0 2659.0
2585.0 2622.0 2659.0
2585.0 2622.0 2659.0
1941.0 2238.5 2536.0
1548.0 1744.5 1941.0
1548.0 1744.5 1941.0
1548.0 1744.5 1941.0
1548.0 1744.5 1941.0
1548.0 1744.5 1941.0
1548.0 1744.5 1941.0
1548.0 1744.5 1941.0
1548.0 1744.5 1941.0
1548.0 1744.5 1941.0
1548.0 1744.5 1941.0
1548.0 1744.5 1941.0
1548.0 1744.5 1941.0
1548.0 1744.5 1941.0
1548.0 1744.5 1941.0
1548.0 1744.5 1941.0
1548.0 1744.5 1941.0
1548.0 1744.5 1941.0
1548.0 1744.5 1941.0
1548.0 1744.5 1941.0
1548.0 1744.5 1941.0
1548.0 1744.5 1941.0
1548.0 1744.5 1941.0
1548.0 1744.5 1941.0
1548.0 1744.5 1941.0
1548.0 1744.5 1941.0
1548.0 1744.5 1941.0
1548.0 1744.5 1941.0
1548.0 1744.5 1941.0
1548.0 1744.5 1941.0
1548.0 1744.5 1941.0
1548.0 1744.5 1941.0
1548.0 1744.5 1941.0
1548.0 1744.5 1941.0
1548.0 1744.5 1941.0
1548.0 1744.5 1941.0
1548.0 1744.5 1941.0
1548.0 1775.0 2002.0
1548.0 1775.0 2002.0
1548.0 1775.0 2002.0
1548.0 1775.0 2002.0
1548.0 1775.0 2002.0
1548.0 1775.0 2002.0
1548.0 1775.0 2002.0
1548.0 1775.0 2002.0
1548.0 1775.0 2002.0
1548.0 1775.0 2002.0
1548.0 1775.0 2002.0
1548.0 1775.0 2002.0
1548.0 1775.0 2002.0
1548.0 1775.0 2002.0
1548.0 1775.0 2002.0
1548.0 1775.0 2002.0
1548.0 1768.0 1988.0
1548.0 1625.0 1702.0
1548.0 1592.5 1637.0
1548.0 1592.5 1637.0
1548.0 1592.5 1637.0
1548.0 1592.5 1637.0
1548.0 1592.5 1637.0
1548.0 1592.5 1637.0
1548.0 1592.5 1637.0
1548.0 1592.5 1637.0
1548.0 1592.5 1637.0
1548.0 1592.5 1637.0
1548.0 1592.5 1637.0
1548.0 1592.5 1637.0
1548.0 1592.5 1637.0
1548.0 1592.5 1637.0
1548.0 1592.5 1637.0
1548.0 1592.5 1637.0
1548.0 1592.5 1637.0
1548.0 1592.5 1637.0
1548.0 1592.5 1637.0
1548.0 1592.5 1637.0
1548.0 1592.5 1637.0
1548.0 1592.5 1637.0
1548.0 1592.5 1637.0
1548.0 1592.5 1637.0
1548.0 1592.5 1637.0
1548.0 1592.5 1637.0
1548.0 1592.5 1637.0
1548.0 1592.5 1637.0
1548.0 1592.5 1637.0
1548.0 1592.5 1637.0
1548.0 1592.5 1637.0
1548.0 1592.5 1637.0
1548.0 1592.5 1637.0
1548.0 1592.5 1637.0
1548.0 1592.5 1637.0
1548.0 1592.5 1637.0
1548.0 1592.5 1637.0
1548.0 1592.5 1637.0
1548.0 1592.5 1637.0
1548.0 1592.5 1637.0
1548.0 1592.5 1637.0
1548.0 1592.5 1637.0
1548.0 1592.5 1637.0
1548.0 1592.5 1637.0
1548.0 1592.5 1637.0
1548.0 1592.5 1637.0
1548.0 1592.5 1637.0
1548.0 1592.5 1637.0
1548.0 1592.5 1637.0
1548.0 1592.5 1637.0
1548.0 1592.5 1637.0
1548.0 1592.5 1637.0
1548.0 1592.5 1637.0
1548.0 1592.5 1637.0
1548.0 1592.5 1637.0
1548.0 1592.5 1637.0
1548.0 1592.5 1637.0
1548.0 1592.5 1637.0
1548.0 1592.5 1637.0
1548.0 1592.5 1637.0
1548.0 1592.5 1637.0
1548.0 1592.5 1637.0
1548.0 1592.5 1637.0
1548.0 1592.5 1637.0
1548.0 1592.5 1637.0
1548.0 1592.5 1637.0
1548.0 1592.5 1637.0
1548.0 1592.5 1637.0
1548.0 1592.5 1637.0
1548.0 1592.5 1637.0
1548.0 1592.5 1637.0
1548.0 1592.5 1637.0
1548.0 1592.5 1637.0
1548.0 1592.5 1637.0
1548.0 1592.5 1637.0
1548.0 1592.5 1637.0
1548.0 1592.5 1637.0
1548.0 1592.5 1637.0
1548.0 1592.5 1637.0
1548.0 1592.5 1637.0
1548.0 1592.5 1637.0
1548.0 1592.5 1637.0
1548.0 1592.5 1637.0
1548.0 1592.5 1637.0
1548.0 1592.5 1637.0
1548.0 1592.5 1637.0
1548.0 1592.5 1637.0
1548.0 1592.5 1637.0
1548.0 1592.5 1637.0
1548.0 1592.5 1637.0
1548.0 1592.5 1637.0
1548.0 1592.5 1637.0
1548.0 1592.5 1637.0
1548.0 1592.5 1637.0
1548.0 1592.5 1637.0
1548.0 1592.5 1637.0
1548.0 1592.5 1637.0
1548.0 1592.5 1637.0
1548.0 1592.5 1637.0
1548.0 1592.5 1637.0
1548.0 1592.5 1637.0
1548.0 1592.5 1637.0
1548.0 1592.5 1637.0
1548.0 1592.5 1637.0
1548.0 1592.5 1637.0
1548.0 1592.5 1637.0
1548.0 1592.5 1637.0
1548.0 1592.5 1637.0
1548.0 1592.5 1637.0
1548.0 1592.5 1637.0
1548.0 1592.5 1637.0
1548.0 1592.5 1637.0
1548.0 1592.5 1637.0
1548.0 1592.5 1637.0
