10331.0 12516.0 14701.0
8979.0 9070.5 9162.0
7455.0 7569.5 7684.0
5643.0 7048.5 8454.0
4205.0 5682.0 7159.0
4205.0 4222.0 4239.0
4189.0 4214.0 4239.0
2858.0 3548.5 4239.0
2465.0 2481.0 2497.0
2465.0 2481.0 2497.0
2153.0 2309.0 2465.0
2153.0 2309.0 2465.0
2153.0 2309.0 2465.0
2052.0 2258.5 2465.0
2052.0 2258.5 2465.0
1286.0 1731.5 2177.0
1286.0 1731.5 2177.0
1286.0 1690.0 2094.0
1286.0 1690.0 2094.0
1286.0 1690.0 2094.0
1286.0 1690.0 2094.0
1286.0 1690.0 2094.0
1286.0 1690.0 2094.0
1286.0 1690.0 2094.0
1286.0 1690.0 2094.0
1286.0 1690.0 2094.0
1286.0 1690.0 2094.0
1286.0 1690.0 2094.0
1286.0 1690.0 2094.0
1286.0 1690.0 2094.0
1286.0 1690.0 2094.0
1286.0 1690.0 2094.0
1286.0 1690.0 2094.0
1286.0 1690.0 2094.0
1286.0 1690.0 2094.0
1113.0 1603.5 2094.0
942.0 1155.0 1368.0
711.0 1012.5 1314.0
711.0 932.5 1154.0
711.0 932.5 1154.0
711.0 932.5 1154.0
711.0 932.5 1154.0
711.0 932.5 1154.0
711.0 932.5 1154.0
711.0 932.5 1154.0
711.0 932.5 1154.0
711.0 932.5 1154.0
711.0 932.5 1154.0
711.0 932.5 1154.0
711.0 932.5 1154.0
711.0 932.5 1154.0
711.0 932.5 1154.0
711.0 932.5 1154.0
711.0 932.5 1154.0
711.0 932.5 1154.0
711.0 932.5 1154.0
711.0 932.5 1154.0
711.0 932.5 1154.0
711.0 932.5 1154.0
711.0 932.5 1154.0
711.0 932.5 1154.0
711.0 932.5 1154.0
711.0 932.5 1154.0
711.0 932.5 1154.0
711.0 932.5 1154.0
711.0 932.5 1154.0
711.0 932.5 1154.0
711.0 932.5 1154.0
711.0 932.5 1154.0
711.0 932.5 1154.0
711.0 932.5 1154.0
711.0 932.5 1154.0
711.0 932.5 1154.0
711.0 932.5 1154.0
711.0 932.5 1154.0
711.0 932.5 1154.0
711.0 932.5 1154.0
711.0 932.5 1154.0
711.0 932.5 1154.0
711.0 932.5 1154.0
711.0 932.5 1154.0
711.0 932.5 1154.0
711.0 932.5 1154.0
711.0 932.5 1154.0
711.0 932.5 1154.0
711.0 932.5 1154.0
711.0 932.5 1154.0
711.0 932.5 1154.0
711.0 932.5 1154.0
711.0 932.5 1154.0
711.0 932.5 1154.0
711.0 932.5 1154.0
711.0 932.5 1154.0
711.0 932.5 1154.0
711.0 932.5 1154.0
711.0 932.5 1154.0
711.0 932.5 1154.0
711.0 932.5 1154.0
711.0 932.5 1154.0
711.0 932.5 1154.0
711.0 932.5 1154.0
711.0 932.5 1154.0
711.0 932.5 1154.0
711.0 932.5 1154.0
711.0 932.5 1154.0
711.0 932.5 1154.0
711.0 932.5 1154.0
711.0 932.5 1154.0
711.0 932.5 1154.0
711.0 932.5 1154.0
711.0 932.5 1154.0
711.0 932.5 1154.0
711.0 932.5 1154.0
711.0 932.5 1154.0
711.0 932.5 1154.0
711.0 932.5 1154.0
711.0 932.5 1154.0
711.0 932.5 1154.0
711.0 932.5 1154.0
711.0 932.5 1154.0
711.0 932.5 1154.0
711.0 932.5 1154.0
711.0 932.5 1154.0
711.0 932.5 1154.0
711.0 932.5 1154.0
711.0 932.5 1154.0
711.0 932.5 1154.0
711.0 932.5 1154.0
711.0 932.5 1154.0
711.0 932.5 1154.0
711.0 932.5 1154.0
711.0 932.5 1154.0
711.0 932.5 1154.0
711.0 932.5 1154.0
711.0 932.5 1154.0
711.0 932.5 1154.0
711.0 932.5 1154.0
711.0 932.5 1154.0
711.0 932.5 1154.0
711.0 932.5 1154.0
711.0 932.5 1154.0
711.0 932.5 1154.0
711.0 932.5 1154.0
711.0 932.5 1154.0
711.0 932.5 1154.0
711.0 932.5 1154.0
711.0 932.5 1154.0
711.0 932.5 1154.0
711.0 932.5 1154.0
711.0 932.5 1154.0
711.0 932.5 1154.0
711.0 932.5 1154.0
711.0 932.5 1154.0
711.0 932.5 1154.0
711.0 932.5 1154.0
711.0 932.5 1154.0
711.0 932.5 1154.0
711.0 932.5 1154.0
711.0 932.5 1154.0
711.0 932.5 1154.0
711.0 932.5 1154.0
711.0 932.5 1154.0
711.0 932.5 1154.0
711.0 932.5 1154.0
711.0 932.5 1154.0
711.0 932.5 1154.0
711.0 932.5 1154.0
711.0 932.5 1154.0
711.0 932.5 1154.0
711.0 932.5 1154.0
711.0 932.5 1154.0
711.0 932.5 1154.0
711.0 932.5 1154.0
711.0 932.5 1154.0
711.0 932.5 1154.0
711.0 932.5 1154.0
711.0 932.5 1154.0
711.0 932.5 1154.0
711.0 932.5 1154.0
711.0 932.5 1154.0
711.0 932.5 1154.0
711.0 932.5 1154.0
711.0 932.5 1154.0
711.0 932.5 1154.0
711.0 932.5 1154.0
711.0 932.5 1154.0
711.0 932.5 1154.0
711.0 932.5 1154.0
711.0 932.5 1154.0
711.0 932.5 1154.0
711.0 932.5 1154.0
711.0 932.5 1154.0
711.0 932.5 1154.0
711.0 932.5 1154.0
711.0 932.5 1154.0
711.0 932.5 1154.0
711.0 932.5 1154.0
711.0 932.5 1154.0
711.0 932.5 1154.0
711.0 932.5 1154.0
