15754.0 17492.0 19230.0
15329.0 15329.5 15330.0
11213.0 12764.5 14316.0
9319.0 9553.0 9787.0
9319.0 9553.0 9787.0
6370.0 6700.5 7031.0
4833.0 5135.0 5437.0
4047.0 4742.0 5437.0
4047.0 4065.0 4083.0
3965.0 4006.0 4047.0
3965.0 4006.0 4047.0
3621.0 3834.0 4047.0
2356.0 3201.5 4047.0
2356.0 2834.0 3312.0
2356.0 2520.0 2684.0
2356.0 2520.0 2684.0
2356.0 2520.0 2684.0
2356.0 2520.0 2684.0
1674.0 2179.0 2684.0
1674.0 2179.0 2684.0
1674.0 2179.0 2684.0
1674.0 2179.0 2684.0
1674.0 2179.0 2684.0
1674.0 2179.0 2684.0
1674.0 1830.5 1987.0
1674.0 1830.5 1987.0
1674.0 1830.5 1987.0
1674.0 1830.5 1987.0
1674.0 1830.5 1987.0
1674.0 1830.5 1987.0
1674.0 1830.5 1987.0
1674.0 1830.5 1987.0
1674.0 1830.5 1987.0
1674.0 2026.5 2379.0
1529.0 1601.5 1674.0
1529.0 1601.5 1674.0
1529.0 1601.5 1674.0
1529.0 1601.5 1674.0
1529.0 1601.5 1674.0
1529.0 1601.5 1674.0
1529.0 1601.5 1674.0
1529.0 1601.5 1674.0
1529.0 1607.5 1686.0
1447.0 1488.0 1529.0
1447.0 1488.0 1529.0
1447.0 1488.0 1529.0
1447.0 1488.0 1529.0
1447.0 1488.0 1529.0
1447.0 1488.0 1529.0
1447.0 1488.0 1529.0
1447.0 1488.0 1529.0
1447.0 1488.0 1529.0
1447.0 1488.0 1529.0
1447.0 1488.0 1529.0
1447.0 1488.0 1529.0
1447.0 1488.0 1529.0
1447.0 1488.0 1529.0
1447.0 1488.0 1529.0
1447.0 1488.0 1529.0
1447.0 1488.0 1529.0
1447.0 1488.0 1529.0
1447.0 1488.0 1529.0
1447.0 1488.0 1529.0
1447.0 1488.0 1529.0
1447.0 1488.0 1529.0
1447.0 1488.0 1529.0
1447.0 1488.0 1529.0
1447.0 1488.0 1529.0
1447.0 1488.0 1529.0
1447.0 1488.0 1529.0
1447.0 1488.0 1529.0
1447.0 1488.0 1529.0
1447.0 1488.0 1529.0
1447.0 1488.0 1529.0
1447.0 1488.0 1529.0
1447.0 1488.0 1529.0
1447.0 1488.0 1529.0
1447.0 1488.0 1529.0
1447.0 1488.0 1529.0
1447.0 1488.0 1529.0
1447.0 1488.0 1529.0
1447.0 1488.0 1529.0
1447.0 1488.0 1529.0
1447.0 1488.0 1529.0
1447.0 1488.0 1529.0
1447.0 1488.0 1529.0
1447.0 1488.0 1529.0
1447.0 1488.0 1529.0
1447.0 1488.0 1529.0
1447.0 1488.0 1529.0
1447.0 1488.0 1529.0
1447.0 1488.0 1529.0
1447.0 1488.0 1529.0
1447.0 1488.0 1529.0
1447.0 1488.0 1529.0
1447.0 1488.0 1529.0
1447.0 1488.0 1529.0
1447.0 1488.0 1529.0
1447.0 1488.0 1529.0
1447.0 1488.0 1529.0
1447.0 1488.0 1529.0
1447.0 1488.0 1529.0
1447.0 1488.0 1529.0
1447.0 1488.0 1529.0
1447.0 1488.0 1529.0
1447.0 1488.0 1529.0
1447.0 1488.0 1529.0
1447.0 1488.0 1529.0
1447.0 1488.0 1529.0
1447.0 1488.0 1529.0
1447.0 1488.0 1529.0
1447.0 1488.0 1529.0
1447.0 1488.0 1529.0
1447.0 1488.0 1529.0
1447.0 1488.0 1529.0
1447.0 1488.0 1529.0
1447.0 1488.0 1529.0
1447.0 1488.0 1529.0
1447.0 1488.0 1529.0
1447.0 1488.0 1529.0
1447.0 1488.0 1529.0
1447.0 1488.0 1529.0
1447.0 1488.0 1529.0
1447.0 1488.0 1529.0
1447.0 1488.0 1529.0
1447.0 1488.0 1529.0
1447.0 1488.0 1529.0
1447.0 1488.0 1529.0
1447.0 1488.0 1529.0
1447.0 1488.0 1529.0
1447.0 1488.0 1529.0
1447.0 1488.0 1529.0
1447.0 1488.0 1529.0
1447.0 1488.0 1529.0
1447.0 1488.0 1529.0
1447.0 1488.0 1529.0
1447.0 1488.0 1529.0
1447.0 1488.0 1529.0
1447.0 1488.0 1529.0
1447.0 1488.0 1529.0
1447.0 1488.0 1529.0
1447.0 1488.0 1529.0
1447.0 1488.0 1529.0
1447.0 1488.0 1529.0
1447.0 1488.0 1529.0
1447.0 1488.0 1529.0
1447.0 1488.0 1529.0
1447.0 1488.0 1529.0
1447.0 1488.0 1529.0
1447.0 1488.0 1529.0
1447.0 1488.0 1529.0
1447.0 1488.0 1529.0
1447.0 1488.0 1529.0
1447.0 1488.0 1529.0
1447.0 1488.0 1529.0
1447.0 1488.0 1529.0
1447.0 1488.0 1529.0
1447.0 1488.0 1529.0
1447.0 1488.0 1529.0
1447.0 1488.0 1529.0
1447.0 1488.0 1529.0
1447.0 1488.0 1529.0
1447.0 1488.0 1529.0
1447.0 1488.0 1529.0
1447.0 1488.0 1529.0
1447.0 1488.0 1529.0
1447.0 1488.0 1529.0
1447.0 1488.0 1529.0
1447.0 1488.0 1529.0
1447.0 1488.0 1529.0
1447.0 1488.0 1529.0
1447.0 1488.0 1529.0
1447.0 1488.0 1529.0
1447.0 1488.0 1529.0
1447.0 1488.0 1529.0
1447.0 1488.0 1529.0
1447.0 1488.0 1529.0
1447.0 1488.0 1529.0
1447.0 1488.0 1529.0
1447.0 1488.0 1529.0
1447.0 1488.0 1529.0
1447.0 1488.0 1529.0
1447.0 1488.0 1529.0
1447.0 1488.0 1529.0
1447.0 1488.0 1529.0
1447.0 1488.0 1529.0
1447.0 1488.0 1529.0
1447.0 1488.0 1529.0
1447.0 1488.0 1529.0
1447.0 1488.0 1529.0
1447.0 1488.0 1529.0
1447.0 1488.0 1529.0
1447.0 1488.0 1529.0
1447.0 1488.0 1529.0
1447.0 1488.0 1529.0
1447.0 1488.0 1529.0
1447.0 1488.0 1529.0
1447.0 1488.0 1529.0
1447.0 1488.0 1529.0
1447.0 1488.0 1529.0
