15036.0 15865.5 16695.0
12505.0 13928.0 15351.0
11210.0 12438.5 13667.0
9803.0 10315.5 10828.0
7568.0 8026.0 8484.0
4895.0 6509.0 8123.0
4903.0 5561.0 6219.0
4050.0 4793.0 5536.0
4050.0 4895.0 5740.0
4050.0 4534.0 5018.0
3233.0 3641.5 4050.0
3233.0 3330.5 3428.0
3233.0 3286.0 3339.0
3156.0 3194.5 3233.0
3156.0 3194.5 3233.0
3156.0 3194.5 3233.0
2668.0 2912.0 3156.0
2590.0 2629.0 2668.0
2590.0 2629.0 2668.0
2147.0 2407.5 2668.0
2147.0 2407.5 2668.0
2147.0 2228.0 2309.0
2147.0 2261.5 2376.0
1945.0 2046.0 2147.0
1945.0 2046.0 2147.0
1945.0 2046.0 2147.0
1945.0 2046.0 2147.0
1945.0 2046.0 2147.0
1945.0 2046.0 2147.0
1945.0 2046.0 2147.0
1945.0 2046.0 2147.0
1945.0 2046.0 2147.0
1945.0 2046.0 2147.0
1945.0 2046.0 2147.0
1945.0 2046.0 2147.0
1945.0 2046.0 2147.0
2043.0 2095.0 2147.0
1842.0 1994.5 2147.0
1842.0 1994.5 2147.0
1842.0 1994.5 2147.0
1842.0 1994.5 2147.0
1842.0 1994.5 2147.0
1842.0 1994.5 2147.0
1842.0 1994.5 2147.0
1842.0 1994.5 2147.0
1842.0 1994.5 2147.0
1842.0 1994.5 2147.0
1842.0 1994.5 2147.0
1842.0 1994.5 2147.0
1842.0 1994.5 2147.0
1842.0 1994.5 2147.0
1842.0 1994.5 2147.0
1842.0 1994.5 2147.0
1842.0 1994.5 2147.0
1842.0 1994.5 2147.0
1842.0 1994.5 2147.0
1842.0 1994.5 2147.0
1842.0 1994.5 2147.0
1842.0 1994.5 2147.0
1842.0 1994.5 2147.0
1842.0 1994.5 2147.0
1842.0 1994.5 2147.0
1842.0 1994.5 2147.0
1842.0 1994.5 2147.0
1640.0 1741.0 1842.0
1640.0 1741.0 1842.0
1640.0 1741.0 1842.0
1640.0 1741.0 1842.0
1640.0 1741.0 1842.0
1640.0 1741.0 1842.0
1640.0 1741.0 1842.0
1640.0 1741.0 1842.0
1640.0 1741.0 1842.0
1640.0 1741.0 1842.0
1640.0 1741.0 1842.0
1640.0 1741.0 1842.0
1640.0 1741.0 1842.0
1640.0 1741.0 1842.0
1640.0 1741.0 1842.0
1640.0 1741.0 1842.0
1640.0 1741.0 1842.0
1640.0 1741.0 1842.0
1640.0 1741.0 1842.0
1640.0 1741.0 1842.0
1640.0 1741.0 1842.0
1640.0 1741.0 1842.0
1640.0 1741.0 1842.0
1640.0 1741.0 1842.0
1640.0 1741.0 1842.0
1640.0 1741.0 1842.0
1640.0 1741.0 1842.0
1640.0 1741.0 1842.0
1640.0 1741.0 1842.0
1640.0 1741.0 1842.0
1640.0 1741.0 1842.0
1640.0 1741.0 1842.0
1640.0 1741.0 1842.0
1640.0 1741.0 1842.0
1640.0 1741.0 1842.0
1640.0 1741.0 1842.0
1640.0 1741.0 1842.0
1640.0 1741.0 1842.0
1640.0 1741.0 1842.0
1640.0 1741.0 1842.0
1640.0 1741.0 1842.0
1640.0 1741.0 1842.0
1640.0 1741.0 1842.0
1640.0 1741.0 1842.0
1640.0 1741.0 1842.0
1640.0 1741.0 1842.0
1640.0 1741.0 1842.0
1640.0 1741.0 1842.0
1640.0 1741.0 1842.0
1640.0 1741.0 1842.0
1640.0 1741.0 1842.0
1640.0 1741.0 1842.0
1640.0 1741.0 1842.0
1640.0 1741.0 1842.0
1640.0 1741.0 1842.0
1640.0 1741.0 1842.0
1640.0 1741.0 1842.0
1640.0 1741.0 1842.0
1640.0 1741.0 1842.0
1640.0 1741.0 1842.0
1640.0 1741.0 1842.0
1640.0 1741.0 1842.0
1640.0 1741.0 1842.0
1640.0 1741.0 1842.0
1640.0 1741.0 1842.0
1640.0 1741.0 1842.0
1640.0 1741.0 1842.0
1640.0 1741.0 1842.0
1640.0 1741.0 1842.0
1640.0 1741.0 1842.0
1640.0 1741.0 1842.0
1640.0 1741.0 1842.0
1640.0 1741.0 1842.0
1640.0 1741.0 1842.0
1640.0 1741.0 1842.0
1640.0 1741.0 1842.0
1640.0 1741.0 1842.0
1640.0 1741.0 1842.0
1640.0 1741.0 1842.0
1640.0 1741.0 1842.0
1640.0 1741.0 1842.0
1640.0 1741.0 1842.0
1640.0 1741.0 1842.0
1640.0 1741.0 1842.0
1640.0 1741.0 1842.0
1640.0 1741.0 1842.0
1640.0 1741.0 1842.0
1640.0 1741.0 1842.0
1640.0 1741.0 1842.0
1640.0 1741.0 1842.0
1640.0 1741.0 1842.0
1640.0 1741.0 1842.0
1640.0 1741.0 1842.0
1640.0 1741.0 1842.0
1640.0 1741.0 1842.0
1640.0 1741.0 1842.0
1640.0 1741.0 1842.0
1640.0 1741.0 1842.0
1640.0 1741.0 1842.0
1640.0 1741.0 1842.0
1640.0 1741.0 1842.0
1640.0 1741.0 1842.0
1640.0 1741.0 1842.0
1640.0 1741.0 1842.0
1640.0 1741.0 1842.0
1640.0 1741.0 1842.0
1640.0 1741.0 1842.0
1640.0 1741.0 1842.0
1640.0 1741.0 1842.0
1640.0 1741.0 1842.0
1640.0 1741.0 1842.0
1640.0 1741.0 1842.0
1640.0 1741.0 1842.0
1640.0 1741.0 1842.0
1640.0 1741.0 1842.0
1640.0 1741.0 1842.0
1640.0 1741.0 1842.0
1640.0 1741.0 1842.0
1640.0 1741.0 1842.0
1640.0 1741.0 1842.0
1640.0 1741.0 1842.0
1640.0 1741.0 1842.0
1640.0 1741.0 1842.0
1488.0 1564.0 1640.0
1488.0 1564.0 1640.0
1488.0 1564.0 1640.0
1488.0 1564.0 1640.0
1488.0 1564.0 1640.0
1488.0 1564.0 1640.0
1488.0 1564.0 1640.0
1488.0 1564.0 1640.0
1488.0 1564.0 1640.0
1488.0 1564.0 1640.0
1488.0 1564.0 1640.0
1488.0 1564.0 1640.0
1488.0 1564.0 1640.0
