13818.0 15780.5 17743.0
12475.0 13855.5 15236.0
9623.0 11357.5 13092.0
7703.0 9516.5 11330.0
7955.0 8099.5 8244.0
6130.0 6466.0 6802.0
4126.0 4464.5 4803.0
4126.0 4345.0 4564.0
3457.0 4148.0 4839.0
3072.0 3599.0 4126.0
3072.0 3707.0 4342.0
3072.0 3203.5 3335.0
2886.0 3110.5 3335.0
3261.0 3298.0 3335.0
2590.0 2925.5 3261.0
2590.0 2925.5 3261.0
2590.0 2925.5 3261.0
2590.0 2925.5 3261.0
2590.0 2925.5 3261.0
2191.0 2416.0 2641.0
1974.0 2307.5 2641.0
1974.0 2307.5 2641.0
1974.0 2307.5 2641.0
1974.0 2307.5 2641.0
1974.0 2307.5 2641.0
1974.0 2307.5 2641.0
1974.0 2307.5 2641.0
1974.0 2307.5 2641.0
1974.0 2307.5 2641.0
1974.0 2307.5 2641.0
1974.0 2307.5 2641.0
1974.0 2307.5 2641.0
1974.0 2307.5 2641.0
1974.0 2093.0 2212.0
1974.0 2093.0 2212.0
1974.0 2093.0 2212.0
1974.0 2093.0 2212.0
1974.0 2093.0 2212.0
1974.0 2093.0 2212.0
1974.0 2093.0 2212.0
1974.0 2093.0 2212.0
1974.0 2093.0 2212.0
1974.0 2093.0 2212.0
1974.0 2093.0 2212.0
1974.0 2093.0 2212.0
1974.0 2093.0 2212.0
1974.0 2093.0 2212.0
1974.0 2093.0 2212.0
1974.0 2093.0 2212.0
1974.0 2093.0 2212.0
1974.0 2093.0 2212.0
1974.0 2093.0 2212.0
1974.0 2093.0 2212.0
1974.0 2021.0 2068.0
1914.0 1944.0 1974.0
1826.0 1900.0 1974.0
1826.0 1900.0 1974.0
1826.0 1900.0 1974.0
1826.0 1900.0 1974.0
1974.0 2191.0 2408.0
1974.0 2191.0 2408.0
1974.0 2191.0 2408.0
1974.0 2191.0 2408.0
1974.0 2191.0 2408.0
1974.0 2191.0 2408.0
1974.0 2191.0 2408.0
1974.0 2191.0 2408.0
1974.0 2191.0 2408.0
1974.0 2191.0 2408.0
1974.0 2191.0 2408.0
1974.0 2191.0 2408.0
1974.0 2191.0 2408.0
1974.0 2191.0 2408.0
1974.0 2191.0 2408.0
1974.0 2191.0 2408.0
1974.0 2038.0 2102.0
1465.0 1719.5 1974.0
1465.0 1719.5 1974.0
1465.0 1719.5 1974.0
1465.0 1719.5 1974.0
1465.0 1719.5 1974.0
1465.0 1719.5 1974.0
1465.0 1719.5 1974.0
1465.0 1719.5 1974.0
1465.0 1719.5 1974.0
1465.0 1719.5 1974.0
1465.0 1719.5 1974.0
1465.0 1719.5 1974.0
1465.0 1719.5 1974.0
1465.0 1719.5 1974.0
1465.0 1719.5 1974.0
1465.0 1719.5 1974.0
1465.0 1719.5 1974.0
1465.0 1719.5 1974.0
1465.0 1719.5 1974.0
1465.0 1719.5 1974.0
1465.0 1719.5 1974.0
1465.0 1719.5 1974.0
1465.0 1719.5 1974.0
1465.0 1719.5 1974.0
1465.0 1719.5 1974.0
1465.0 1719.5 1974.0
1465.0 1719.5 1974.0
1465.0 1719.5 1974.0
1465.0 1719.5 1974.0
1465.0 1719.5 1974.0
1465.0 1719.5 1974.0
1465.0 1719.5 1974.0
1465.0 1719.5 1974.0
1465.0 1719.5 1974.0
1465.0 1719.5 1974.0
1465.0 1719.5 1974.0
1465.0 1719.5 1974.0
1465.0 1719.5 1974.0
1465.0 1719.5 1974.0
1465.0 1719.5 1974.0
1465.0 1719.5 1974.0
1465.0 1719.5 1974.0
1465.0 1719.5 1974.0
1465.0 1719.5 1974.0
1465.0 1719.5 1974.0
1465.0 1719.5 1974.0
1465.0 1719.5 1974.0
1465.0 1719.5 1974.0
1465.0 1719.5 1974.0
1465.0 1719.5 1974.0
1465.0 1719.5 1974.0
1465.0 1719.5 1974.0
1465.0 1719.5 1974.0
1465.0 1719.5 1974.0
1465.0 1719.5 1974.0
1465.0 1719.5 1974.0
1465.0 1719.5 1974.0
1465.0 1719.5 1974.0
1465.0 1719.5 1974.0
1465.0 1719.5 1974.0
1465.0 1719.5 1974.0
1465.0 1719.5 1974.0
1465.0 1719.5 1974.0
1465.0 1719.5 1974.0
1465.0 1719.5 1974.0
1465.0 1719.5 1974.0
1465.0 1719.5 1974.0
1465.0 1719.5 1974.0
1465.0 1719.5 1974.0
1465.0 1719.5 1974.0
1465.0 1719.5 1974.0
1465.0 1719.5 1974.0
1465.0 1719.5 1974.0
1465.0 1805.0 2145.0
1465.0 1805.0 2145.0
1465.0 1805.0 2145.0
1465.0 1805.0 2145.0
1465.0 1805.0 2145.0
1465.0 1805.0 2145.0
1465.0 1805.0 2145.0
1465.0 1805.0 2145.0
1465.0 1805.0 2145.0
1465.0 1805.0 2145.0
1465.0 1805.0 2145.0
1465.0 1805.0 2145.0
1465.0 1805.0 2145.0
1465.0 1805.0 2145.0
1465.0 1805.0 2145.0
1465.0 1805.0 2145.0
1465.0 1805.0 2145.0
1465.0 1805.0 2145.0
1465.0 1805.0 2145.0
1465.0 1805.0 2145.0
1465.0 1805.0 2145.0
1465.0 1805.0 2145.0
1465.0 1805.0 2145.0
1465.0 1805.0 2145.0
1465.0 1805.0 2145.0
1465.0 1805.0 2145.0
1465.0 1805.0 2145.0
1465.0 1805.0 2145.0
1465.0 1805.0 2145.0
1465.0 1805.0 2145.0
1465.0 1805.0 2145.0
1465.0 1805.0 2145.0
1465.0 1805.0 2145.0
1465.0 1805.0 2145.0
1465.0 1805.0 2145.0
1465.0 1805.0 2145.0
1465.0 1805.0 2145.0
1465.0 1805.0 2145.0
1465.0 1805.0 2145.0
1465.0 1805.0 2145.0
1465.0 1805.0 2145.0
1465.0 1805.0 2145.0
1465.0 1805.0 2145.0
1465.0 1805.0 2145.0
1465.0 1805.0 2145.0
1465.0 1805.0 2145.0
1465.0 1805.0 2145.0
1465.0 1805.0 2145.0
1465.0 1805.0 2145.0
1465.0 1805.0 2145.0
1465.0 1805.0 2145.0
