12141.0 12564.5 12988.0
10219.0 10626.5 11034.0
8670.0 8945.5 9221.0
6871.0 7858.0 8845.0
5596.0 6261.0 6926.0
4686.0 4953.0 5220.0
3162.0 3604.0 4046.0
2457.0 3117.5 3778.0
2457.0 2996.0 3535.0
2457.0 2669.0 2881.0
2425.0 2569.0 2713.0
2457.0 2585.0 2713.0
2047.0 2380.0 2713.0
2047.0 2380.0 2713.0
2005.0 2359.0 2713.0
2005.0 2359.0 2713.0
2005.0 2359.0 2713.0
2005.0 2359.0 2713.0
2005.0 2359.0 2713.0
1883.0 1944.0 2005.0
1565.0 1785.0 2005.0
1565.0 1785.0 2005.0
1565.0 1785.0 2005.0
1565.0 1785.0 2005.0
1565.0 1785.0 2005.0
1565.0 1785.0 2005.0
1565.0 1785.0 2005.0
1565.0 1785.0 2005.0
1565.0 1785.0 2005.0
1565.0 1785.0 2005.0
1565.0 1785.0 2005.0
1565.0 1785.0 2005.0
1565.0 1785.0 2005.0
1565.0 1785.0 2005.0
1565.0 1785.0 2005.0
1565.0 1785.0 2005.0
1565.0 1785.0 2005.0
1565.0 1785.0 2005.0
1565.0 1785.0 2005.0
1565.0 1785.0 2005.0
1565.0 1785.0 2005.0
1565.0 1785.0 2005.0
1565.0 1785.0 2005.0
1565.0 1785.0 2005.0
1565.0 1785.0 2005.0
1565.0 1785.0 2005.0
1565.0 1785.0 2005.0
1565.0 1785.0 2005.0
1565.0 1785.0 2005.0
1565.0 1785.0 2005.0
1565.0 1785.0 2005.0
1565.0 1785.0 2005.0
1565.0 1785.0 2005.0
1565.0 1785.0 2005.0
1565.0 1785.0 2005.0
1565.0 1785.0 2005.0
1565.0 1785.0 2005.0
1565.0 1785.0 2005.0
1565.0 1785.0 2005.0
1565.0 1785.0 2005.0
1565.0 1785.0 2005.0
1565.0 1785.0 2005.0
1565.0 1785.0 2005.0
1565.0 1785.0 2005.0
1565.0 1785.0 2005.0
1565.0 1785.0 2005.0
1565.0 1785.0 2005.0
1565.0 1785.0 2005.0
1565.0 1785.0 2005.0
1565.0 1785.0 2005.0
1565.0 1785.0 2005.0
1565.0 1785.0 2005.0
1565.0 1785.0 2005.0
1565.0 1785.0 2005.0
1565.0 1785.0 2005.0
1565.0 1785.0 2005.0
1565.0 1785.0 2005.0
1565.0 1785.0 2005.0
1471.0 1518.0 1565.0
1471.0 1518.0 1565.0
1471.0 1518.0 1565.0
1471.0 1518.0 1565.0
1471.0 1518.0 1565.0
1471.0 1518.0 1565.0
1471.0 1518.0 1565.0
1471.0 1518.0 1565.0
1471.0 1518.0 1565.0
1471.0 1518.0 1565.0
1471.0 1518.0 1565.0
1471.0 1518.0 1565.0
1471.0 1518.0 1565.0
1471.0 1518.0 1565.0
1471.0 1518.0 1565.0
1471.0 1518.0 1565.0
1471.0 1518.0 1565.0
1471.0 1518.0 1565.0
1471.0 1518.0 1565.0
1471.0 1518.0 1565.0
1471.0 1518.0 1565.0
1471.0 1518.0 1565.0
1471.0 1518.0 1565.0
1471.0 1518.0 1565.0
1471.0 1518.0 1565.0
1471.0 1518.0 1565.0
1471.0 1518.0 1565.0
1471.0 1518.0 1565.0
1471.0 1518.0 1565.0
1471.0 1518.0 1565.0
1471.0 1518.0 1565.0
1471.0 1518.0 1565.0
1471.0 1518.0 1565.0
1471.0 1518.0 1565.0
1471.0 1518.0 1565.0
1471.0 1518.0 1565.0
1194.0 1379.5 1565.0
1194.0 1379.5 1565.0
1386.0 1475.5 1565.0
1386.0 1475.5 1565.0
1386.0 1475.5 1565.0
1386.0 1475.5 1565.0
1386.0 1475.5 1565.0
1386.0 1475.5 1565.0
1386.0 1475.5 1565.0
1386.0 1475.5 1565.0
1386.0 1475.5 1565.0
1386.0 1475.5 1565.0
1386.0 1475.5 1565.0
1386.0 1475.5 1565.0
1386.0 1475.5 1565.0
1386.0 1475.5 1565.0
1386.0 1475.5 1565.0
1386.0 1475.5 1565.0
1386.0 1475.5 1565.0
1386.0 1475.5 1565.0
1386.0 1475.5 1565.0
1386.0 1475.5 1565.0
1386.0 1475.5 1565.0
1386.0 1475.5 1565.0
1386.0 1475.5 1565.0
1386.0 1475.5 1565.0
1386.0 1475.5 1565.0
1386.0 1475.5 1565.0
1386.0 1475.5 1565.0
1386.0 1475.5 1565.0
1386.0 1475.5 1565.0
1386.0 1475.5 1565.0
1386.0 1475.5 1565.0
1386.0 1475.5 1565.0
1386.0 1475.5 1565.0
1386.0 1475.5 1565.0
1386.0 1475.5 1565.0
1386.0 1475.5 1565.0
1386.0 1475.5 1565.0
1386.0 1475.5 1565.0
1386.0 1475.5 1565.0
1386.0 1475.5 1565.0
1386.0 1475.5 1565.0
1386.0 1475.5 1565.0
1386.0 1475.5 1565.0
1386.0 1475.5 1565.0
1386.0 1475.5 1565.0
1386.0 1475.5 1565.0
1386.0 1475.5 1565.0
1386.0 1475.5 1565.0
1386.0 1475.5 1565.0
1386.0 1475.5 1565.0
1386.0 1475.5 1565.0
1386.0 1475.5 1565.0
1386.0 1475.5 1565.0
1386.0 1475.5 1565.0
1386.0 1475.5 1565.0
1386.0 1475.5 1565.0
1386.0 1475.5 1565.0
1386.0 1475.5 1565.0
1386.0 1475.5 1565.0
1386.0 1475.5 1565.0
1386.0 1475.5 1565.0
1386.0 1475.5 1565.0
1386.0 1475.5 1565.0
1386.0 1475.5 1565.0
1386.0 1475.5 1565.0
1386.0 1475.5 1565.0
1386.0 1475.5 1565.0
1386.0 1475.5 1565.0
1386.0 1475.5 1565.0
1386.0 1475.5 1565.0
1386.0 1475.5 1565.0
1386.0 1475.5 1565.0
1386.0 1475.5 1565.0
1386.0 1475.5 1565.0
1386.0 1475.5 1565.0
1386.0 1475.5 1565.0
1386.0 1475.5 1565.0
1386.0 1475.5 1565.0
1386.0 1475.5 1565.0
1386.0 1475.5 1565.0
1386.0 1475.5 1565.0
1386.0 1475.5 1565.0
1386.0 1475.5 1565.0
1386.0 1475.5 1565.0
