10127.0 11246.5 12366.0
10292.0 10570.5 10849.0
9074.0 9156.5 9239.0
5979.0 6196.0 6413.0
2892.0 3551.0 4210.0
2892.0 3215.0 3538.0
1941.0 2364.0 2787.0
1525.0 2156.0 2787.0
1027.0 1364.0 1701.0
1027.0 1364.0 1701.0
1027.0 1364.0 1701.0
1027.0 1364.0 1701.0
1027.0 1364.0 1701.0
1027.0 1364.0 1701.0
1027.0 1364.0 1701.0
1027.0 1364.0 1701.0
1027.0 1364.0 1701.0
1027.0 1364.0 1701.0
1027.0 1364.0 1701.0
1027.0 1364.0 1701.0
1027.0 1364.0 1701.0
1027.0 1364.0 1701.0
1027.0 1364.0 1701.0
1027.0 1364.0 1701.0
1027.0 1238.5 1450.0
1027.0 1174.0 1321.0
1027.0 1174.0 1321.0
1027.0 1069.5 1112.0
1027.0 1069.5 1112.0
960.0 993.5 1027.0
960.0 993.5 1027.0
960.0 993.5 1027.0
616.0 821.5 1027.0
616.0 821.5 1027.0
616.0 821.5 1027.0
616.0 821.5 1027.0
616.0 821.5 1027.0
616.0 821.5 1027.0
616.0 821.5 1027.0
616.0 821.5 1027.0
616.0 821.5 1027.0
616.0 821.5 1027.0
616.0 821.5 1027.0
616.0 821.5 1027.0
616.0 821.5 1027.0
616.0 821.5 1027.0
616.0 821.5 1027.0
616.0 821.5 1027.0
616.0 821.5 1027.0
616.0 821.5 1027.0
616.0 821.5 1027.0
616.0 821.5 1027.0
616.0 821.5 1027.0
616.0 821.5 1027.0
616.0 821.5 1027.0
616.0 821.5 1027.0
616.0 821.5 1027.0
616.0 821.5 1027.0
616.0 821.5 1027.0
616.0 821.5 1027.0
616.0 821.5 1027.0
616.0 821.5 1027.0
616.0 821.5 1027.0
616.0 821.5 1027.0
616.0 821.5 1027.0
616.0 821.5 1027.0
616.0 821.5 1027.0
616.0 821.5 1027.0
616.0 821.5 1027.0
616.0 821.5 1027.0
616.0 821.5 1027.0
616.0 821.5 1027.0
616.0 821.5 1027.0
616.0 821.5 1027.0
616.0 821.5 1027.0
616.0 821.5 1027.0
616.0 821.5 1027.0
616.0 821.5 1027.0
616.0 821.5 1027.0
616.0 821.5 1027.0
616.0 821.5 1027.0
616.0 821.5 1027.0
616.0 821.5 1027.0
616.0 821.5 1027.0
616.0 821.5 1027.0
616.0 821.5 1027.0
616.0 821.5 1027.0
616.0 821.5 1027.0
616.0 821.5 1027.0
616.0 821.5 1027.0
616.0 821.5 1027.0
616.0 821.5 1027.0
616.0 821.5 1027.0
616.0 821.5 1027.0
616.0 821.5 1027.0
616.0 821.5 1027.0
616.0 821.5 1027.0
616.0 821.5 1027.0
616.0 821.5 1027.0
616.0 821.5 1027.0
616.0 821.5 1027.0
616.0 821.5 1027.0
616.0 821.5 1027.0
616.0 821.5 1027.0
616.0 821.5 1027.0
616.0 821.5 1027.0
616.0 821.5 1027.0
616.0 821.5 1027.0
616.0 821.5 1027.0
616.0 821.5 1027.0
616.0 821.5 1027.0
616.0 821.5 1027.0
616.0 821.5 1027.0
616.0 821.5 1027.0
616.0 821.5 1027.0
616.0 821.5 1027.0
616.0 821.5 1027.0
616.0 821.5 1027.0
616.0 821.5 1027.0
616.0 821.5 1027.0
616.0 821.5 1027.0
616.0 821.5 1027.0
616.0 821.5 1027.0
616.0 821.5 1027.0
616.0 821.5 1027.0
616.0 821.5 1027.0
616.0 821.5 1027.0
616.0 821.5 1027.0
616.0 821.5 1027.0
616.0 821.5 1027.0
616.0 821.5 1027.0
616.0 821.5 1027.0
616.0 821.5 1027.0
616.0 821.5 1027.0
616.0 821.5 1027.0
616.0 821.5 1027.0
616.0 821.5 1027.0
616.0 821.5 1027.0
616.0 821.5 1027.0
616.0 821.5 1027.0
616.0 821.5 1027.0
616.0 821.5 1027.0
616.0 821.5 1027.0
616.0 821.5 1027.0
616.0 821.5 1027.0
616.0 821.5 1027.0
616.0 821.5 1027.0
616.0 821.5 1027.0
616.0 821.5 1027.0
616.0 821.5 1027.0
616.0 821.5 1027.0
616.0 821.5 1027.0
616.0 821.5 1027.0
616.0 821.5 1027.0
616.0 821.5 1027.0
616.0 821.5 1027.0
616.0 821.5 1027.0
616.0 821.5 1027.0
616.0 821.5 1027.0
616.0 821.5 1027.0
616.0 821.5 1027.0
616.0 821.5 1027.0
616.0 821.5 1027.0
616.0 821.5 1027.0
616.0 821.5 1027.0
616.0 821.5 1027.0
616.0 821.5 1027.0
616.0 821.5 1027.0
616.0 821.5 1027.0
616.0 821.5 1027.0
616.0 821.5 1027.0
616.0 821.5 1027.0
616.0 821.5 1027.0
616.0 821.5 1027.0
616.0 821.5 1027.0
616.0 821.5 1027.0
616.0 821.5 1027.0
616.0 821.5 1027.0
616.0 821.5 1027.0
616.0 821.5 1027.0
616.0 821.5 1027.0
616.0 821.5 1027.0
616.0 821.5 1027.0
616.0 821.5 1027.0
616.0 821.5 1027.0
616.0 821.5 1027.0
616.0 821.5 1027.0
616.0 821.5 1027.0
616.0 821.5 1027.0
616.0 821.5 1027.0
616.0 821.5 1027.0
616.0 821.5 1027.0
616.0 821.5 1027.0
616.0 821.5 1027.0
616.0 821.5 1027.0
616.0 821.5 1027.0
616.0 821.5 1027.0
616.0 821.5 1027.0
616.0 821.5 1027.0
616.0 821.5 1027.0
