13469.0 14090.5 14712.0
9262.0 11334.0 13406.0
6523.0 9323.5 12124.0
7005.0 9496.0 11987.0
5143.0 7007.5 8872.0
4777.0 6824.5 8872.0
3880.0 5009.5 6139.0
3353.0 3972.0 4591.0
2753.0 2960.5 3168.0
2753.0 2960.5 3168.0
1813.0 2490.5 3168.0
1813.0 2485.0 3157.0
1813.0 2126.5 2440.0
1813.0 2126.5 2440.0
1813.0 2126.5 2440.0
1813.0 2289.0 2765.0
1813.0 2051.5 2290.0
1813.0 2134.5 2456.0
1813.0 1962.0 2111.0
1813.0 1962.0 2111.0
1813.0 1836.0 1859.0
1813.0 1836.0 1859.0
1813.0 1836.0 1859.0
1813.0 1836.0 1859.0
1813.0 1836.0 1859.0
1813.0 1836.0 1859.0
1813.0 1836.0 1859.0
1813.0 1836.0 1859.0
1813.0 1836.0 1859.0
1813.0 1836.0 1859.0
1813.0 1836.0 1859.0
1813.0 1836.0 1859.0
1813.0 1836.0 1859.0
1813.0 1836.0 1859.0
1813.0 1836.0 1859.0
1813.0 2004.5 2196.0
1813.0 1946.0 2079.0
1813.0 1946.0 2079.0
1813.0 1946.0 2079.0
1813.0 1946.0 2079.0
1813.0 1946.0 2079.0
1813.0 1946.0 2079.0
1813.0 1946.0 2079.0
1813.0 1946.0 2079.0
1813.0 1946.0 2079.0
1813.0 1946.0 2079.0
1813.0 1946.0 2079.0
1813.0 1946.0 2079.0
1813.0 1946.0 2079.0
1813.0 1946.0 2079.0
1813.0 1946.0 2079.0
1813.0 1946.0 2079.0
1813.0 1946.0 2079.0
1813.0 1946.0 2079.0
1813.0 1946.0 2079.0
1813.0 1946.0 2079.0
1813.0 1946.0 2079.0
1813.0 1946.0 2079.0
1813.0 1946.0 2079.0
1813.0 1946.0 2079.0
1813.0 1946.0 2079.0
1813.0 1946.0 2079.0
1813.0 1946.0 2079.0
1813.0 1946.0 2079.0
1813.0 1946.0 2079.0
1813.0 1946.0 2079.0
1813.0 1946.0 2079.0
1813.0 1946.0 2079.0
1813.0 1946.0 2079.0
1813.0 1946.0 2079.0
1813.0 1946.0 2079.0
1813.0 1946.0 2079.0
1813.0 1946.0 2079.0
1564.0 1821.5 2079.0
1564.0 1821.5 2079.0
1564.0 1821.5 2079.0
1564.0 1821.5 2079.0
1564.0 1821.5 2079.0
1564.0 1821.5 2079.0
1564.0 1821.5 2079.0
1564.0 1821.5 2079.0
1564.0 1821.5 2079.0
1564.0 1821.5 2079.0
1564.0 1821.5 2079.0
1564.0 1821.5 2079.0
1564.0 1821.5 2079.0
1564.0 1821.5 2079.0
1564.0 1821.5 2079.0
1564.0 1821.5 2079.0
1564.0 1821.5 2079.0
1564.0 1821.5 2079.0
1564.0 1821.5 2079.0
1564.0 1821.5 2079.0
1564.0 1821.5 2079.0
1564.0 1821.5 2079.0
1564.0 1821.5 2079.0
1564.0 1821.5 2079.0
1564.0 1821.5 2079.0
1564.0 1821.5 2079.0
1564.0 1821.5 2079.0
1564.0 1821.5 2079.0
1564.0 1821.5 2079.0
1564.0 1821.5 2079.0
1564.0 1821.5 2079.0
1564.0 1821.5 2079.0
1564.0 1821.5 2079.0
1564.0 1821.5 2079.0
1564.0 1821.5 2079.0
1564.0 1821.5 2079.0
1564.0 1821.5 2079.0
1564.0 1821.5 2079.0
1564.0 1821.5 2079.0
1564.0 1821.5 2079.0
1564.0 1821.5 2079.0
1564.0 1740.0 1916.0
1419.0 1491.5 1564.0
1419.0 1491.5 1564.0
1419.0 1491.5 1564.0
1419.0 1491.5 1564.0
1419.0 1491.5 1564.0
1419.0 1491.5 1564.0
1419.0 1491.5 1564.0
1419.0 1491.5 1564.0
1419.0 1491.5 1564.0
1419.0 1491.5 1564.0
1419.0 1491.5 1564.0
1419.0 1491.5 1564.0
1419.0 1491.5 1564.0
1419.0 1491.5 1564.0
1419.0 1491.5 1564.0
1419.0 1491.5 1564.0
1419.0 1491.5 1564.0
1419.0 1491.5 1564.0
1419.0 1491.5 1564.0
1419.0 1491.5 1564.0
1419.0 1491.5 1564.0
1419.0 1491.5 1564.0
1419.0 1491.5 1564.0
1419.0 1491.5 1564.0
1419.0 1491.5 1564.0
1419.0 1491.5 1564.0
1419.0 1491.5 1564.0
1419.0 1491.5 1564.0
1419.0 1491.5 1564.0
1419.0 1491.5 1564.0
1419.0 1491.5 1564.0
1419.0 1491.5 1564.0
1419.0 1491.5 1564.0
1419.0 1491.5 1564.0
1419.0 1491.5 1564.0
1419.0 1491.5 1564.0
1419.0 1491.5 1564.0
1419.0 1491.5 1564.0
1419.0 1491.5 1564.0
1419.0 1491.5 1564.0
1419.0 1491.5 1564.0
1092.0 1328.0 1564.0
1092.0 1328.0 1564.0
1092.0 1328.0 1564.0
1092.0 1328.0 1564.0
1092.0 1328.0 1564.0
1092.0 1328.0 1564.0
1092.0 1328.0 1564.0
1092.0 1328.0 1564.0
1092.0 1328.0 1564.0
1092.0 1328.0 1564.0
1092.0 1328.0 1564.0
1092.0 1328.0 1564.0
1092.0 1328.0 1564.0
1092.0 1328.0 1564.0
1092.0 1328.0 1564.0
1092.0 1328.0 1564.0
1092.0 1328.0 1564.0
1092.0 1328.0 1564.0
1092.0 1328.0 1564.0
1092.0 1328.0 1564.0
1092.0 1328.0 1564.0
1092.0 1328.0 1564.0
1092.0 1328.0 1564.0
1092.0 1328.0 1564.0
1092.0 1328.0 1564.0
1092.0 1328.0 1564.0
1092.0 1328.0 1564.0
1092.0 1328.0 1564.0
1092.0 1328.0 1564.0
1092.0 1328.0 1564.0
1092.0 1328.0 1564.0
1092.0 1328.0 1564.0
1092.0 1328.0 1564.0
1092.0 1328.0 1564.0
1092.0 1328.0 1564.0
1092.0 1328.0 1564.0
1092.0 1328.0 1564.0
1092.0 1328.0 1564.0
1092.0 1328.0 1564.0
1092.0 1328.0 1564.0
1092.0 1328.0 1564.0
1092.0 1328.0 1564.0
1092.0 1328.0 1564.0
1092.0 1328.0 1564.0
