9509.0 10968.5 12428.0
10047.0 10069.5 10092.0
6788.0 6903.0 7018.0
5664.0 5764.5 5865.0
3721.0 4223.0 4725.0
3256.0 3595.0 3934.0
3146.0 3504.5 3863.0
2601.0 2625.5 2650.0
1977.0 2354.5 2732.0
1673.0 1825.0 1977.0
942.0 1307.5 1673.0
942.0 1307.5 1673.0
942.0 1307.5 1673.0
942.0 1307.5 1673.0
942.0 1307.5 1673.0
942.0 1307.5 1673.0
942.0 1307.5 1673.0
942.0 1307.5 1673.0
942.0 1307.5 1673.0
942.0 1307.5 1673.0
942.0 1202.5 1463.0
942.0 1202.5 1463.0
942.0 1202.5 1463.0
942.0 1201.0 1460.0
942.0 1201.0 1460.0
942.0 1056.5 1171.0
942.0 1130.0 1318.0
942.0 1130.0 1318.0
942.0 1130.0 1318.0
942.0 1130.0 1318.0
942.0 1130.0 1318.0
942.0 1130.0 1318.0
942.0 1130.0 1318.0
942.0 1130.0 1318.0
942.0 1130.0 1318.0
942.0 1130.0 1318.0
942.0 1130.0 1318.0
942.0 1130.0 1318.0
942.0 1130.0 1318.0
942.0 1130.0 1318.0
942.0 1130.0 1318.0
942.0 1130.0 1318.0
942.0 1130.0 1318.0
942.0 1130.0 1318.0
942.0 1130.0 1318.0
942.0 1130.0 1318.0
942.0 1130.0 1318.0
942.0 1130.0 1318.0
942.0 1130.0 1318.0
942.0 1130.0 1318.0
942.0 1130.0 1318.0
942.0 1130.0 1318.0
942.0 1130.0 1318.0
942.0 1130.0 1318.0
942.0 1130.0 1318.0
942.0 1130.0 1318.0
942.0 1130.0 1318.0
942.0 1130.0 1318.0
942.0 1130.0 1318.0
942.0 1130.0 1318.0
942.0 1130.0 1318.0
942.0 1130.0 1318.0
942.0 1130.0 1318.0
942.0 1130.0 1318.0
942.0 1130.0 1318.0
942.0 1130.0 1318.0
942.0 1130.0 1318.0
942.0 1130.0 1318.0
942.0 1130.0 1318.0
942.0 1130.0 1318.0
942.0 1130.0 1318.0
942.0 1130.0 1318.0
942.0 1130.0 1318.0
942.0 1130.0 1318.0
942.0 1130.0 1318.0
942.0 1130.0 1318.0
942.0 1130.0 1318.0
942.0 1130.0 1318.0
942.0 1130.0 1318.0
942.0 1130.0 1318.0
942.0 1130.0 1318.0
942.0 1130.0 1318.0
942.0 1130.0 1318.0
942.0 1130.0 1318.0
942.0 1130.0 1318.0
942.0 1130.0 1318.0
942.0 1130.0 1318.0
942.0 1130.0 1318.0
942.0 1130.0 1318.0
942.0 1130.0 1318.0
942.0 1130.0 1318.0
942.0 1130.0 1318.0
942.0 1130.0 1318.0
942.0 1130.0 1318.0
942.0 1130.0 1318.0
942.0 1130.0 1318.0
942.0 1130.0 1318.0
942.0 1130.0 1318.0
942.0 1130.0 1318.0
942.0 1130.0 1318.0
942.0 1130.0 1318.0
942.0 1130.0 1318.0
942.0 1130.0 1318.0
942.0 1130.0 1318.0
942.0 1130.0 1318.0
942.0 1130.0 1318.0
942.0 1130.0 1318.0
942.0 1130.0 1318.0
942.0 1130.0 1318.0
942.0 1130.0 1318.0
942.0 1130.0 1318.0
942.0 1130.0 1318.0
942.0 1130.0 1318.0
942.0 1130.0 1318.0
942.0 1130.0 1318.0
942.0 1130.0 1318.0
942.0 1130.0 1318.0
942.0 1130.0 1318.0
942.0 1130.0 1318.0
942.0 1130.0 1318.0
942.0 1130.0 1318.0
942.0 1130.0 1318.0
942.0 1130.0 1318.0
942.0 1130.0 1318.0
942.0 1130.0 1318.0
942.0 1130.0 1318.0
942.0 1130.0 1318.0
942.0 1130.0 1318.0
942.0 1130.0 1318.0
942.0 1130.0 1318.0
942.0 1130.0 1318.0
942.0 1130.0 1318.0
942.0 1130.0 1318.0
942.0 1130.0 1318.0
942.0 1130.0 1318.0
942.0 1130.0 1318.0
942.0 1130.0 1318.0
942.0 1130.0 1318.0
942.0 1130.0 1318.0
942.0 1130.0 1318.0
942.0 1130.0 1318.0
942.0 1130.0 1318.0
942.0 1130.0 1318.0
942.0 1130.0 1318.0
942.0 1130.0 1318.0
942.0 1130.0 1318.0
942.0 1130.0 1318.0
942.0 1130.0 1318.0
942.0 1130.0 1318.0
942.0 1130.0 1318.0
942.0 1130.0 1318.0
942.0 1130.0 1318.0
942.0 1130.0 1318.0
942.0 1130.0 1318.0
942.0 1130.0 1318.0
942.0 1130.0 1318.0
942.0 1130.0 1318.0
942.0 1130.0 1318.0
942.0 1130.0 1318.0
942.0 1130.0 1318.0
942.0 1130.0 1318.0
942.0 1130.0 1318.0
942.0 1130.0 1318.0
942.0 1130.0 1318.0
942.0 1130.0 1318.0
942.0 1130.0 1318.0
942.0 1130.0 1318.0
942.0 1130.0 1318.0
942.0 1130.0 1318.0
942.0 1130.0 1318.0
942.0 1130.0 1318.0
942.0 1130.0 1318.0
942.0 1130.0 1318.0
942.0 1130.0 1318.0
942.0 1130.0 1318.0
942.0 1130.0 1318.0
942.0 1130.0 1318.0
942.0 1130.0 1318.0
942.0 1130.0 1318.0
942.0 1130.0 1318.0
942.0 1130.0 1318.0
942.0 1130.0 1318.0
942.0 1130.0 1318.0
942.0 1130.0 1318.0
942.0 1130.0 1318.0
942.0 1130.0 1318.0
942.0 1130.0 1318.0
942.0 1130.0 1318.0
942.0 1130.0 1318.0
942.0 1130.0 1318.0
942.0 1130.0 1318.0
942.0 1130.0 1318.0
942.0 1130.0 1318.0
942.0 1130.0 1318.0
942.0 1130.0 1318.0
942.0 1130.0 1318.0
942.0 1130.0 1318.0
942.0 1130.0 1318.0
942.0 1130.0 1318.0
942.0 1130.0 1318.0
