13418.0 14382.5 15347.0
8559.0 10083.5 11608.0
6280.0 8329.0 10378.0
6174.0 6895.0 7616.0
4253.0 4991.0 5729.0
3220.0 4709.0 6198.0
3220.0 4067.5 4915.0
2351.0 2986.0 3621.0
1965.0 2621.0 3277.0
1965.0 2621.0 3277.0
1965.0 2621.0 3277.0
1749.0 1852.5 1956.0
1956.0 1960.5 1965.0
1956.0 1960.5 1965.0
1956.0 1960.5 1965.0
1956.0 1960.5 1965.0
1956.0 1960.5 1965.0
1956.0 1960.5 1965.0
1956.0 1960.5 1965.0
1956.0 1960.5 1965.0
1956.0 1960.5 1965.0
1956.0 1960.5 1965.0
1956.0 1960.5 1965.0
1956.0 1960.5 1965.0
1956.0 1960.5 1965.0
1956.0 1960.5 1965.0
1956.0 1960.5 1965.0
1480.0 1722.5 1965.0
1094.0 1529.5 1965.0
1094.0 1529.5 1965.0
1094.0 1529.5 1965.0
1094.0 1529.5 1965.0
1094.0 1529.5 1965.0
1094.0 1529.5 1965.0
1094.0 1529.5 1965.0
1094.0 1529.5 1965.0
1094.0 1529.5 1965.0
1094.0 1529.5 1965.0
1094.0 1529.5 1965.0
1094.0 1529.5 1965.0
1094.0 1529.5 1965.0
1094.0 1529.5 1965.0
1094.0 1529.5 1965.0
1094.0 1529.5 1965.0
1094.0 1529.5 1965.0
1094.0 1529.5 1965.0
1094.0 1529.5 1965.0
1094.0 1529.5 1965.0
1094.0 1529.5 1965.0
1094.0 1529.5 1965.0
1094.0 1529.5 1965.0
1094.0 1529.5 1965.0
1094.0 1529.5 1965.0
1094.0 1529.5 1965.0
1094.0 1529.5 1965.0
1094.0 1529.5 1965.0
1094.0 1529.5 1965.0
1094.0 1529.5 1965.0
1094.0 1529.5 1965.0
1094.0 1529.5 1965.0
1094.0 1239.0 1384.0
1094.0 1239.0 1384.0
1094.0 1239.0 1384.0
1094.0 1239.0 1384.0
1094.0 1239.0 1384.0
1094.0 1239.0 1384.0
1094.0 1239.0 1384.0
1094.0 1239.0 1384.0
1094.0 1239.0 1384.0
1094.0 1239.0 1384.0
1094.0 1239.0 1384.0
1094.0 1239.0 1384.0
1094.0 1239.0 1384.0
1094.0 1239.0 1384.0
1094.0 1239.0 1384.0
1094.0 1239.0 1384.0
1094.0 1239.0 1384.0
1094.0 1239.0 1384.0
1094.0 1239.0 1384.0
1094.0 1239.0 1384.0
1094.0 1239.0 1384.0
1094.0 1239.0 1384.0
1094.0 1239.0 1384.0
1094.0 1239.0 1384.0
1094.0 1239.0 1384.0
1094.0 1239.0 1384.0
1094.0 1239.0 1384.0
1094.0 1239.0 1384.0
1094.0 1239.0 1384.0
1094.0 1239.0 1384.0
1094.0 1239.0 1384.0
1094.0 1239.0 1384.0
1094.0 1239.0 1384.0
1094.0 1239.0 1384.0
1094.0 1239.0 1384.0
1094.0 1239.0 1384.0
1094.0 1239.0 1384.0
1094.0 1239.0 1384.0
1094.0 1239.0 1384.0
1094.0 1239.0 1384.0
1094.0 1239.0 1384.0
1094.0 1239.0 1384.0
1094.0 1239.0 1384.0
1094.0 1239.0 1384.0
1094.0 1239.0 1384.0
1094.0 1239.0 1384.0
1094.0 1239.0 1384.0
1094.0 1239.0 1384.0
1094.0 1239.0 1384.0
1094.0 1239.0 1384.0
1094.0 1239.0 1384.0
1094.0 1239.0 1384.0
1094.0 1239.0 1384.0
1094.0 1239.0 1384.0
1094.0 1239.0 1384.0
1094.0 1239.0 1384.0
1094.0 1239.0 1384.0
1094.0 1239.0 1384.0
1094.0 1239.0 1384.0
1094.0 1239.0 1384.0
1094.0 1239.0 1384.0
1094.0 1239.0 1384.0
1094.0 1239.0 1384.0
1094.0 1239.0 1384.0
1094.0 1239.0 1384.0
1094.0 1239.0 1384.0
1094.0 1239.0 1384.0
1094.0 1239.0 1384.0
1094.0 1239.0 1384.0
1094.0 1239.0 1384.0
1094.0 1239.0 1384.0
1094.0 1239.0 1384.0
1094.0 1239.0 1384.0
1094.0 1239.0 1384.0
1094.0 1239.0 1384.0
1094.0 1239.0 1384.0
1094.0 1239.0 1384.0
1094.0 1239.0 1384.0
1094.0 1239.0 1384.0
1094.0 1239.0 1384.0
1094.0 1239.0 1384.0
1094.0 1239.0 1384.0
1094.0 1239.0 1384.0
1094.0 1239.0 1384.0
1094.0 1239.0 1384.0
1094.0 1239.0 1384.0
1094.0 1239.0 1384.0
1094.0 1239.0 1384.0
1094.0 1239.0 1384.0
1094.0 1239.0 1384.0
1094.0 1239.0 1384.0
1094.0 1239.0 1384.0
1094.0 1239.0 1384.0
1094.0 1239.0 1384.0
1094.0 1239.0 1384.0
1094.0 1239.0 1384.0
1094.0 1239.0 1384.0
1094.0 1239.0 1384.0
1094.0 1239.0 1384.0
1094.0 1239.0 1384.0
1094.0 1239.0 1384.0
1094.0 1239.0 1384.0
1094.0 1239.0 1384.0
1094.0 1239.0 1384.0
1094.0 1239.0 1384.0
1094.0 1239.0 1384.0
1094.0 1239.0 1384.0
1094.0 1239.0 1384.0
1094.0 1239.0 1384.0
1094.0 1239.0 1384.0
1094.0 1239.0 1384.0
1094.0 1239.0 1384.0
1094.0 1239.0 1384.0
1094.0 1239.0 1384.0
1094.0 1239.0 1384.0
1094.0 1239.0 1384.0
1094.0 1239.0 1384.0
1094.0 1239.0 1384.0
1094.0 1239.0 1384.0
1094.0 1239.0 1384.0
1094.0 1239.0 1384.0
1094.0 1239.0 1384.0
1094.0 1239.0 1384.0
1094.0 1239.0 1384.0
1094.0 1239.0 1384.0
1094.0 1239.0 1384.0
1094.0 1239.0 1384.0
1094.0 1239.0 1384.0
1094.0 1239.0 1384.0
1094.0 1239.0 1384.0
1094.0 1239.0 1384.0
1094.0 1239.0 1384.0
1094.0 1239.0 1384.0
1094.0 1239.0 1384.0
1094.0 1239.0 1384.0
1094.0 1239.0 1384.0
1094.0 1239.0 1384.0
1094.0 1239.0 1384.0
1094.0 1239.0 1384.0
1094.0 1239.0 1384.0
