14552.0 14668.0 14784.0
11428.0 11922.0 12416.0
8554.0 9717.0 10880.0
6307.0 6741.0 7175.0
5805.0 5831.5 5858.0
5108.0 5924.0 6740.0
4135.0 4541.5 4948.0
3056.0 3496.0 3936.0
3056.0 3273.0 3490.0
1873.0 2246.0 2619.0
1873.0 2288.0 2703.0
1873.0 2288.0 2703.0
1873.0 2288.0 2703.0
1873.0 2288.0 2703.0
1873.0 2288.0 2703.0
1873.0 2288.0 2703.0
1873.0 2288.0 2703.0
1873.0 2039.0 2205.0
1873.0 1982.5 2092.0
1873.0 1982.5 2092.0
1873.0 1982.5 2092.0
1873.0 1982.5 2092.0
1873.0 1982.5 2092.0
1873.0 1982.5 2092.0
1873.0 1982.5 2092.0
1873.0 1982.5 2092.0
1873.0 1982.5 2092.0
1873.0 1982.5 2092.0
1873.0 1982.5 2092.0
1873.0 1982.5 2092.0
1873.0 1982.5 2092.0
1873.0 1982.5 2092.0
1873.0 1982.5 2092.0
1873.0 1982.5 2092.0
1873.0 1982.5 2092.0
1873.0 1982.5 2092.0
1873.0 1982.5 2092.0
1873.0 1982.5 2092.0
1873.0 1982.5 2092.0
1873.0 1982.5 2092.0
1873.0 1982.5 2092.0
1873.0 1982.5 2092.0
1873.0 1982.5 2092.0
1873.0 1982.5 2092.0
1873.0 1982.5 2092.0
1873.0 1982.5 2092.0
1873.0 1982.5 2092.0
1873.0 1982.5 2092.0
1873.0 1982.5 2092.0
1873.0 1982.5 2092.0
1873.0 1982.5 2092.0
1873.0 1982.5 2092.0
1873.0 1982.5 2092.0
1873.0 1982.5 2092.0
1873.0 1982.5 2092.0
1873.0 1982.5 2092.0
1873.0 1982.5 2092.0
1873.0 1982.5 2092.0
1873.0 1982.5 2092.0
1873.0 1982.5 2092.0
1873.0 1982.5 2092.0
1873.0 1982.5 2092.0
1873.0 1982.5 2092.0
1873.0 1982.5 2092.0
1873.0 1982.5 2092.0
1873.0 1982.5 2092.0
1873.0 1982.5 2092.0
1873.0 1982.5 2092.0
1873.0 1982.5 2092.0
1732.0 1912.0 2092.0
1795.0 1943.5 2092.0
1795.0 1943.5 2092.0
1795.0 1943.5 2092.0
1795.0 1943.5 2092.0
1795.0 1943.5 2092.0
1795.0 1943.5 2092.0
1795.0 1943.5 2092.0
1795.0 1943.5 2092.0
1795.0 1943.5 2092.0
1795.0 1943.5 2092.0
1795.0 1943.5 2092.0
1795.0 1943.5 2092.0
1795.0 1943.5 2092.0
1795.0 1943.5 2092.0
1795.0 1943.5 2092.0
1795.0 1943.5 2092.0
1795.0 1943.5 2092.0
1795.0 1943.5 2092.0
1795.0 1943.5 2092.0
1795.0 1943.5 2092.0
1795.0 1943.5 2092.0
1795.0 1943.5 2092.0
1795.0 1943.5 2092.0
1795.0 1943.5 2092.0
1795.0 1943.5 2092.0
1795.0 1943.5 2092.0
1795.0 1943.5 2092.0
1795.0 1943.5 2092.0
1795.0 1943.5 2092.0
1795.0 1943.5 2092.0
1795.0 1943.5 2092.0
1795.0 1943.5 2092.0
1795.0 1943.5 2092.0
1795.0 1943.5 2092.0
1795.0 1943.5 2092.0
1795.0 1943.5 2092.0
1795.0 1943.5 2092.0
1795.0 1943.5 2092.0
1795.0 1943.5 2092.0
1795.0 1943.5 2092.0
1795.0 1943.5 2092.0
1795.0 1943.5 2092.0
1795.0 1943.5 2092.0
1795.0 1943.5 2092.0
1795.0 1943.5 2092.0
1795.0 1943.5 2092.0
1795.0 1943.5 2092.0
1795.0 1943.5 2092.0
1795.0 1943.5 2092.0
1795.0 1943.5 2092.0
1795.0 1943.5 2092.0
1795.0 1943.5 2092.0
1795.0 1943.5 2092.0
1795.0 1943.5 2092.0
1795.0 1943.5 2092.0
1795.0 1943.5 2092.0
1795.0 1943.5 2092.0
1795.0 1943.5 2092.0
1795.0 1943.5 2092.0
1795.0 1943.5 2092.0
1795.0 1943.5 2092.0
1795.0 1943.5 2092.0
1795.0 1943.5 2092.0
1795.0 1943.5 2092.0
1795.0 1943.5 2092.0
1795.0 1943.5 2092.0
1795.0 1943.5 2092.0
1795.0 1943.5 2092.0
1795.0 1943.5 2092.0
1795.0 1943.5 2092.0
1795.0 1943.5 2092.0
1795.0 1943.5 2092.0
1795.0 1943.5 2092.0
1795.0 1943.5 2092.0
1795.0 1943.5 2092.0
1795.0 1943.5 2092.0
1795.0 1943.5 2092.0
1795.0 1943.5 2092.0
1795.0 1943.5 2092.0
1795.0 1943.5 2092.0
1795.0 1943.5 2092.0
1795.0 1943.5 2092.0
1795.0 1943.5 2092.0
1795.0 1943.5 2092.0
1795.0 1943.5 2092.0
1795.0 1943.5 2092.0
1795.0 1943.5 2092.0
1795.0 1943.5 2092.0
1795.0 1943.5 2092.0
1795.0 1943.5 2092.0
1795.0 1943.5 2092.0
1795.0 1943.5 2092.0
1795.0 1943.5 2092.0
1795.0 1943.5 2092.0
1795.0 1943.5 2092.0
1548.0 1671.5 1795.0
1131.0 1463.0 1795.0
1131.0 1463.0 1795.0
1131.0 1463.0 1795.0
1131.0 1463.0 1795.0
1131.0 1463.0 1795.0
1131.0 1463.0 1795.0
1131.0 1463.0 1795.0
1131.0 1463.0 1795.0
1131.0 1463.0 1795.0
1131.0 1463.0 1795.0
1131.0 1463.0 1795.0
1131.0 1463.0 1795.0
1131.0 1463.0 1795.0
1131.0 1463.0 1795.0
1131.0 1463.0 1795.0
1131.0 1463.0 1795.0
1131.0 1463.0 1795.0
1131.0 1463.0 1795.0
1131.0 1463.0 1795.0
1131.0 1463.0 1795.0
1131.0 1463.0 1795.0
1131.0 1463.0 1795.0
1131.0 1463.0 1795.0
1131.0 1463.0 1795.0
1131.0 1463.0 1795.0
1131.0 1463.0 1795.0
1131.0 1463.0 1795.0
1131.0 1463.0 1795.0
1131.0 1463.0 1795.0
1131.0 1463.0 1795.0
1131.0 1463.0 1795.0
1131.0 1463.0 1795.0
1131.0 1463.0 1795.0
1131.0 1463.0 1795.0
