9569.0 11858.5 14148.0
8101.0 8802.0 9503.0
6451.0 6955.0 7459.0
4320.0 4480.5 4641.0
4320.0 4480.5 4641.0
2586.0 3279.5 3973.0
2586.0 2673.5 2761.0
2378.0 2636.0 2894.0
2623.0 2758.5 2894.0
1626.0 2260.0 2894.0
1626.0 2260.0 2894.0
1549.0 2221.5 2894.0
1532.0 1540.5 1549.0
943.0 1237.5 1532.0
943.0 1237.5 1532.0
943.0 1070.0 1197.0
943.0 1070.0 1197.0
943.0 1063.0 1183.0
943.0 1063.0 1183.0
943.0 1063.0 1183.0
943.0 1063.0 1183.0
943.0 1063.0 1183.0
943.0 1063.0 1183.0
943.0 1063.0 1183.0
943.0 1063.0 1183.0
943.0 1063.0 1183.0
943.0 1063.0 1183.0
943.0 1063.0 1183.0
943.0 1063.0 1183.0
943.0 1063.0 1183.0
943.0 1063.0 1183.0
943.0 1063.0 1183.0
943.0 1063.0 1183.0
943.0 1063.0 1183.0
943.0 1063.0 1183.0
943.0 1063.0 1183.0
943.0 1063.0 1183.0
943.0 1063.0 1183.0
943.0 1063.0 1183.0
943.0 1063.0 1183.0
943.0 1063.0 1183.0
943.0 1063.0 1183.0
943.0 1063.0 1183.0
943.0 1063.0 1183.0
943.0 1063.0 1183.0
943.0 1063.0 1183.0
943.0 1063.0 1183.0
943.0 1063.0 1183.0
943.0 1063.0 1183.0
943.0 1063.0 1183.0
943.0 1063.0 1183.0
943.0 1063.0 1183.0
943.0 1063.0 1183.0
943.0 1063.0 1183.0
943.0 1063.0 1183.0
943.0 1063.0 1183.0
943.0 1063.0 1183.0
943.0 1063.0 1183.0
943.0 1063.0 1183.0
943.0 1063.0 1183.0
943.0 1063.0 1183.0
943.0 1063.0 1183.0
943.0 1063.0 1183.0
943.0 1063.0 1183.0
943.0 1063.0 1183.0
943.0 1063.0 1183.0
943.0 1063.0 1183.0
943.0 1063.0 1183.0
943.0 1063.0 1183.0
943.0 1063.0 1183.0
758.0 850.5 943.0
758.0 850.5 943.0
758.0 850.5 943.0
758.0 850.5 943.0
758.0 850.5 943.0
758.0 850.5 943.0
758.0 850.5 943.0
758.0 850.5 943.0
758.0 850.5 943.0
758.0 850.5 943.0
758.0 850.5 943.0
758.0 850.5 943.0
758.0 850.5 943.0
758.0 850.5 943.0
758.0 850.5 943.0
758.0 850.5 943.0
758.0 850.5 943.0
758.0 850.5 943.0
758.0 850.5 943.0
758.0 850.5 943.0
758.0 850.5 943.0
758.0 850.5 943.0
758.0 850.5 943.0
758.0 850.5 943.0
758.0 850.5 943.0
758.0 850.5 943.0
758.0 850.5 943.0
758.0 850.5 943.0
758.0 850.5 943.0
758.0 850.5 943.0
758.0 850.5 943.0
758.0 850.5 943.0
758.0 850.5 943.0
758.0 850.5 943.0
758.0 850.5 943.0
758.0 850.5 943.0
758.0 850.5 943.0
758.0 850.5 943.0
758.0 850.5 943.0
758.0 850.5 943.0
758.0 850.5 943.0
758.0 850.5 943.0
758.0 850.5 943.0
758.0 850.5 943.0
758.0 850.5 943.0
758.0 850.5 943.0
758.0 850.5 943.0
758.0 850.5 943.0
758.0 850.5 943.0
758.0 850.5 943.0
758.0 850.5 943.0
758.0 850.5 943.0
758.0 850.5 943.0
758.0 850.5 943.0
758.0 850.5 943.0
758.0 850.5 943.0
758.0 850.5 943.0
758.0 850.5 943.0
758.0 850.5 943.0
758.0 850.5 943.0
758.0 850.5 943.0
758.0 850.5 943.0
758.0 850.5 943.0
758.0 850.5 943.0
758.0 850.5 943.0
758.0 850.5 943.0
758.0 850.5 943.0
758.0 850.5 943.0
758.0 850.5 943.0
758.0 850.5 943.0
758.0 850.5 943.0
758.0 850.5 943.0
758.0 850.5 943.0
758.0 850.5 943.0
758.0 850.5 943.0
758.0 850.5 943.0
758.0 850.5 943.0
758.0 850.5 943.0
758.0 850.5 943.0
758.0 850.5 943.0
758.0 850.5 943.0
758.0 850.5 943.0
758.0 850.5 943.0
758.0 850.5 943.0
758.0 850.5 943.0
758.0 850.5 943.0
758.0 850.5 943.0
758.0 850.5 943.0
758.0 850.5 943.0
758.0 850.5 943.0
758.0 850.5 943.0
758.0 850.5 943.0
758.0 850.5 943.0
758.0 850.5 943.0
758.0 850.5 943.0
758.0 850.5 943.0
758.0 850.5 943.0
758.0 850.5 943.0
758.0 850.5 943.0
758.0 850.5 943.0
758.0 850.5 943.0
758.0 850.5 943.0
758.0 850.5 943.0
758.0 850.5 943.0
758.0 850.5 943.0
758.0 850.5 943.0
758.0 850.5 943.0
758.0 850.5 943.0
758.0 850.5 943.0
758.0 850.5 943.0
758.0 850.5 943.0
758.0 850.5 943.0
758.0 850.5 943.0
758.0 850.5 943.0
758.0 850.5 943.0
758.0 850.5 943.0
758.0 850.5 943.0
758.0 850.5 943.0
758.0 850.5 943.0
758.0 850.5 943.0
758.0 850.5 943.0
758.0 850.5 943.0
758.0 850.5 943.0
758.0 850.5 943.0
758.0 850.5 943.0
758.0 850.5 943.0
758.0 850.5 943.0
758.0 850.5 943.0
758.0 850.5 943.0
758.0 850.5 943.0
