15314.0 16781.5 18249.0
10750.0 12824.0 14898.0
9220.0 10747.0 12274.0
8418.0 9537.0 10656.0
8059.0 9514.5 10970.0
6851.0 8185.0 9519.0
4872.0 7025.5 9179.0
4378.0 5626.5 6875.0
3240.0 5057.5 6875.0
3240.0 4890.0 6540.0
3240.0 3849.0 4458.0
3240.0 3849.0 4458.0
3240.0 3849.0 4458.0
3240.0 3849.0 4458.0
3240.0 3336.0 3432.0
3033.0 3158.0 3283.0
3033.0 3279.5 3526.0
2803.0 3164.5 3526.0
2803.0 3164.5 3526.0
2803.0 3164.5 3526.0
2803.0 3164.5 3526.0
2789.0 2796.0 2803.0
2789.0 2796.0 2803.0
2789.0 2796.0 2803.0
2789.0 2796.0 2803.0
2789.0 2796.0 2803.0
2789.0 2796.0 2803.0
2789.0 2796.0 2803.0
2789.0 2796.0 2803.0
2789.0 2796.0 2803.0
2789.0 2796.0 2803.0
2789.0 2796.0 2803.0
2789.0 2796.0 2803.0
2789.0 2796.0 2803.0
2789.0 2796.0 2803.0
2789.0 2796.0 2803.0
2113.0 2451.0 2789.0
2180.0 2484.5 2789.0
2180.0 2484.5 2789.0
2180.0 2484.5 2789.0
2180.0 2484.5 2789.0
2180.0 2484.5 2789.0
2180.0 2484.5 2789.0
2180.0 2484.5 2789.0
2180.0 2484.5 2789.0
2180.0 2484.5 2789.0
2180.0 2484.5 2789.0
2180.0 2484.5 2789.0
2180.0 2484.5 2789.0
2180.0 2484.5 2789.0
2180.0 2484.5 2789.0
2180.0 2484.5 2789.0
2180.0 2484.5 2789.0
2180.0 2484.5 2789.0
2180.0 2484.5 2789.0
2180.0 2484.5 2789.0
2180.0 2484.5 2789.0
2180.0 2484.5 2789.0
2180.0 2484.5 2789.0
2180.0 2484.5 2789.0
2180.0 2484.5 2789.0
2180.0 2484.5 2789.0
2180.0 2484.5 2789.0
2180.0 2484.5 2789.0
2180.0 2371.5 2563.0
2180.0 2371.5 2563.0
2180.0 2371.5 2563.0
2180.0 2371.5 2563.0
2180.0 2371.5 2563.0
2180.0 2371.5 2563.0
2407.0 2485.0 2563.0
2407.0 2485.0 2563.0
1786.0 2174.5 2563.0
1786.0 2174.5 2563.0
1786.0 2174.5 2563.0
1786.0 2174.5 2563.0
1786.0 2174.5 2563.0
1786.0 2174.5 2563.0
1786.0 2174.5 2563.0
1786.0 1816.0 1846.0
1733.0 1759.5 1786.0
1733.0 1759.5 1786.0
1733.0 1759.5 1786.0
1733.0 1759.5 1786.0
1733.0 1759.5 1786.0
1733.0 1759.5 1786.0
1733.0 1759.5 1786.0
1733.0 1759.5 1786.0
1733.0 1759.5 1786.0
1733.0 1759.5 1786.0
1733.0 1759.5 1786.0
1733.0 1759.5 1786.0
1733.0 1759.5 1786.0
1733.0 1759.5 1786.0
1733.0 1759.5 1786.0
1733.0 1759.5 1786.0
1733.0 1759.5 1786.0
1733.0 1759.5 1786.0
1733.0 1759.5 1786.0
1733.0 1759.5 1786.0
1733.0 1759.5 1786.0
1733.0 1759.5 1786.0
1733.0 1759.5 1786.0
1733.0 1759.5 1786.0
1733.0 1759.5 1786.0
1733.0 1759.5 1786.0
1733.0 1759.5 1786.0
1733.0 1759.5 1786.0
1733.0 1759.5 1786.0
1733.0 1759.5 1786.0
1733.0 1759.5 1786.0
1733.0 1759.5 1786.0
1733.0 1759.5 1786.0
1733.0 1759.5 1786.0
1733.0 1759.5 1786.0
1733.0 1759.5 1786.0
1733.0 1759.5 1786.0
1733.0 1759.5 1786.0
1733.0 1759.5 1786.0
1733.0 1759.5 1786.0
1733.0 1759.5 1786.0
1733.0 1759.5 1786.0
1733.0 1759.5 1786.0
1733.0 1759.5 1786.0
1733.0 1759.5 1786.0
1733.0 1759.5 1786.0
1733.0 1759.5 1786.0
1733.0 1759.5 1786.0
1733.0 1759.5 1786.0
1733.0 1759.5 1786.0
1733.0 1759.5 1786.0
1733.0 1759.5 1786.0
1733.0 1759.5 1786.0
1733.0 1759.5 1786.0
1733.0 1759.5 1786.0
1733.0 1759.5 1786.0
1733.0 1759.5 1786.0
1733.0 1759.5 1786.0
1733.0 1759.5 1786.0
1733.0 1759.5 1786.0
1733.0 1759.5 1786.0
1733.0 1759.5 1786.0
1733.0 1759.5 1786.0
1733.0 1759.5 1786.0
1733.0 1759.5 1786.0
1733.0 1759.5 1786.0
1733.0 1759.5 1786.0
1733.0 1759.5 1786.0
1733.0 1759.5 1786.0
1733.0 1759.5 1786.0
1733.0 1759.5 1786.0
1733.0 1759.5 1786.0
1733.0 1759.5 1786.0
1733.0 1759.5 1786.0
1733.0 1759.5 1786.0
1733.0 1759.5 1786.0
1733.0 1759.5 1786.0
1733.0 1759.5 1786.0
1733.0 1759.5 1786.0
1733.0 1759.5 1786.0
1733.0 1759.5 1786.0
1733.0 1759.5 1786.0
1733.0 1759.5 1786.0
1733.0 1759.5 1786.0
1733.0 1759.5 1786.0
1733.0 1759.5 1786.0
1733.0 1759.5 1786.0
1733.0 1759.5 1786.0
1733.0 1759.5 1786.0
1733.0 1759.5 1786.0
1733.0 1759.5 1786.0
1733.0 1759.5 1786.0
1733.0 1759.5 1786.0
1733.0 1759.5 1786.0
1733.0 1759.5 1786.0
1733.0 1759.5 1786.0
1733.0 1872.0 2011.0
1733.0 1920.0 2107.0
1733.0 1872.0 2011.0
1733.0 1872.0 2011.0
1733.0 1872.0 2011.0
1733.0 1872.0 2011.0
1733.0 1872.0 2011.0
1733.0 1872.0 2011.0
1733.0 1872.0 2011.0
1733.0 1872.0 2011.0
1733.0 1872.0 2011.0
1733.0 1872.0 2011.0
1733.0 1872.0 2011.0
1733.0 1872.0 2011.0
1733.0 1872.0 2011.0
1345.0 1539.0 1733.0
1345.0 1539.0 1733.0
1345.0 1539.0 1733.0
1345.0 1539.0 1733.0
1345.0 1539.0 1733.0
1345.0 1539.0 1733.0
1345.0 1539.0 1733.0
1345.0 1539.0 1733.0
1345.0 1539.0 1733.0
