12650.0 12773.0 12896.0
9779.0 10780.0 11781.0
8064.0 8302.5 8541.0
5143.0 5620.0 6097.0
4729.0 5142.5 5556.0
3090.0 3682.5 4275.0
2701.0 3269.5 3838.0
2701.0 3006.5 3312.0
1883.0 2597.5 3312.0
1660.0 2008.0 2356.0
1660.0 1697.5 1735.0
1660.0 1697.5 1735.0
1547.0 1603.5 1660.0
1547.0 1894.5 2242.0
1496.0 1869.0 2242.0
1496.0 1696.5 1897.0
1153.0 1525.0 1897.0
1153.0 1256.5 1360.0
1153.0 1256.5 1360.0
1153.0 1256.5 1360.0
1153.0 1256.5 1360.0
1153.0 1256.5 1360.0
1153.0 1256.5 1360.0
1153.0 1256.5 1360.0
1153.0 1256.5 1360.0
1153.0 1256.5 1360.0
1153.0 1256.5 1360.0
651.0 1005.5 1360.0
651.0 1005.5 1360.0
651.0 1005.5 1360.0
651.0 1005.5 1360.0
651.0 1005.5 1360.0
651.0 1005.5 1360.0
651.0 1005.5 1360.0
651.0 1005.5 1360.0
651.0 1005.5 1360.0
651.0 1005.5 1360.0
651.0 1005.5 1360.0
651.0 1005.5 1360.0
651.0 1005.5 1360.0
651.0 1005.5 1360.0
651.0 1005.5 1360.0
651.0 1005.5 1360.0
651.0 1005.5 1360.0
651.0 1005.5 1360.0
651.0 1005.5 1360.0
651.0 1005.5 1360.0
651.0 1005.5 1360.0
651.0 1005.5 1360.0
651.0 1005.5 1360.0
651.0 1005.5 1360.0
651.0 1005.5 1360.0
651.0 1005.5 1360.0
651.0 1005.5 1360.0
651.0 1005.5 1360.0
651.0 1005.5 1360.0
651.0 1005.5 1360.0
651.0 1005.5 1360.0
651.0 1005.5 1360.0
651.0 1005.5 1360.0
651.0 1005.5 1360.0
651.0 1005.5 1360.0
651.0 1005.5 1360.0
651.0 1005.5 1360.0
651.0 1005.5 1360.0
651.0 1005.5 1360.0
651.0 1005.5 1360.0
651.0 1005.5 1360.0
651.0 1005.5 1360.0
651.0 1005.5 1360.0
651.0 1005.5 1360.0
651.0 1005.5 1360.0
651.0 1005.5 1360.0
651.0 1005.5 1360.0
651.0 1005.5 1360.0
651.0 1005.5 1360.0
651.0 1005.5 1360.0
651.0 1005.5 1360.0
651.0 1005.5 1360.0
651.0 1005.5 1360.0
651.0 1005.5 1360.0
651.0 1005.5 1360.0
651.0 1005.5 1360.0
651.0 1005.5 1360.0
651.0 1005.5 1360.0
651.0 1005.5 1360.0
651.0 1005.5 1360.0
651.0 1005.5 1360.0
651.0 1005.5 1360.0
651.0 1005.5 1360.0
651.0 1005.5 1360.0
651.0 1005.5 1360.0
651.0 1005.5 1360.0
651.0 1005.5 1360.0
651.0 1005.5 1360.0
651.0 1005.5 1360.0
651.0 1005.5 1360.0
651.0 1005.5 1360.0
651.0 1005.5 1360.0
651.0 1005.5 1360.0
651.0 1005.5 1360.0
651.0 1005.5 1360.0
651.0 1005.5 1360.0
651.0 1005.5 1360.0
651.0 1005.5 1360.0
651.0 1005.5 1360.0
651.0 1005.5 1360.0
651.0 1005.5 1360.0
651.0 1005.5 1360.0
651.0 1005.5 1360.0
651.0 1005.5 1360.0
651.0 1005.5 1360.0
651.0 1005.5 1360.0
651.0 1005.5 1360.0
651.0 1005.5 1360.0
651.0 1005.5 1360.0
651.0 1005.5 1360.0
651.0 1005.5 1360.0
651.0 1005.5 1360.0
651.0 1005.5 1360.0
651.0 1005.5 1360.0
651.0 1005.5 1360.0
651.0 1005.5 1360.0
651.0 1005.5 1360.0
651.0 1005.5 1360.0
651.0 1005.5 1360.0
651.0 1005.5 1360.0
651.0 1005.5 1360.0
651.0 1005.5 1360.0
651.0 1005.5 1360.0
651.0 1005.5 1360.0
651.0 1005.5 1360.0
651.0 1005.5 1360.0
651.0 1005.5 1360.0
651.0 1005.5 1360.0
651.0 1005.5 1360.0
651.0 1005.5 1360.0
651.0 1005.5 1360.0
651.0 1005.5 1360.0
651.0 1005.5 1360.0
651.0 1005.5 1360.0
651.0 1005.5 1360.0
651.0 1005.5 1360.0
651.0 1005.5 1360.0
651.0 1005.5 1360.0
651.0 1005.5 1360.0
651.0 1005.5 1360.0
651.0 1005.5 1360.0
651.0 1005.5 1360.0
651.0 1005.5 1360.0
651.0 1005.5 1360.0
651.0 1005.5 1360.0
651.0 1005.5 1360.0
651.0 1005.5 1360.0
651.0 1005.5 1360.0
651.0 1005.5 1360.0
651.0 1005.5 1360.0
651.0 1005.5 1360.0
651.0 1005.5 1360.0
651.0 1005.5 1360.0
651.0 1005.5 1360.0
651.0 1005.5 1360.0
651.0 1005.5 1360.0
651.0 1005.5 1360.0
651.0 1005.5 1360.0
651.0 1005.5 1360.0
651.0 1005.5 1360.0
651.0 1005.5 1360.0
651.0 1005.5 1360.0
651.0 1005.5 1360.0
651.0 1005.5 1360.0
651.0 1005.5 1360.0
651.0 1005.5 1360.0
651.0 1005.5 1360.0
651.0 1005.5 1360.0
651.0 1005.5 1360.0
651.0 1005.5 1360.0
651.0 1005.5 1360.0
651.0 1005.5 1360.0
651.0 1005.5 1360.0
651.0 1005.5 1360.0
651.0 1005.5 1360.0
651.0 1005.5 1360.0
651.0 1005.5 1360.0
651.0 1005.5 1360.0
651.0 1005.5 1360.0
651.0 1005.5 1360.0
651.0 1005.5 1360.0
651.0 1005.5 1360.0
651.0 1005.5 1360.0
651.0 1005.5 1360.0
651.0 1005.5 1360.0
651.0 1005.5 1360.0
651.0 1005.5 1360.0
651.0 1005.5 1360.0
651.0 1005.5 1360.0
651.0 1005.5 1360.0
651.0 1005.5 1360.0
651.0 1005.5 1360.0
651.0 1005.5 1360.0
