15384.0 15391.0 15398.0
10554.0 11343.5 12133.0
9514.0 9894.5 10275.0
9913.0 10094.0 10275.0
6909.0 7527.5 8146.0
5807.0 6497.0 7187.0
4631.0 5136.0 5641.0
3616.0 3963.0 4310.0
2703.0 3506.5 4310.0
3476.0 3726.0 3976.0
2250.0 3113.0 3976.0
2250.0 3113.0 3976.0
2250.0 2935.5 3621.0
2250.0 2935.5 3621.0
2250.0 2935.5 3621.0
2250.0 2935.5 3621.0
2250.0 2935.5 3621.0
2250.0 2935.5 3621.0
2250.0 2587.5 2925.0
1880.0 2065.0 2250.0
1880.0 2065.0 2250.0
1880.0 2065.0 2250.0
1880.0 2065.0 2250.0
1880.0 2065.0 2250.0
1880.0 2065.0 2250.0
1880.0 2065.0 2250.0
1880.0 2065.0 2250.0
1880.0 2065.0 2250.0
1880.0 2065.0 2250.0
1880.0 2065.0 2250.0
1880.0 2065.0 2250.0
1880.0 2065.0 2250.0
1880.0 2029.0 2178.0
1880.0 2067.0 2254.0
1880.0 2067.0 2254.0
1880.0 2067.0 2254.0
1880.0 2067.0 2254.0
1880.0 2067.0 2254.0
1880.0 2067.0 2254.0
1880.0 2067.0 2254.0
1880.0 2067.0 2254.0
1880.0 2067.0 2254.0
1880.0 2067.0 2254.0
1880.0 2067.0 2254.0
1880.0 2067.0 2254.0
1880.0 2067.0 2254.0
1880.0 2067.0 2254.0
1880.0 2067.0 2254.0
1880.0 2067.0 2254.0
1880.0 2067.0 2254.0
1880.0 2067.0 2254.0
1880.0 2067.0 2254.0
1880.0 2067.0 2254.0
1715.0 1797.5 1880.0
1861.0 1870.5 1880.0
1861.0 1870.5 1880.0
1861.0 1870.5 1880.0
1861.0 1870.5 1880.0
1861.0 1870.5 1880.0
1861.0 1870.5 1880.0
1861.0 1870.5 1880.0
1861.0 1870.5 1880.0
1861.0 1870.5 1880.0
1861.0 1870.5 1880.0
1861.0 1870.5 1880.0
1861.0 1870.5 1880.0
1861.0 1870.5 1880.0
1861.0 1870.5 1880.0
1861.0 1870.5 1880.0
1861.0 1870.5 1880.0
1861.0 1870.5 1880.0
1861.0 1870.5 1880.0
1861.0 1870.5 1880.0
1861.0 1870.5 1880.0
1861.0 1870.5 1880.0
1861.0 1870.5 1880.0
1861.0 1870.5 1880.0
1861.0 1870.5 1880.0
1861.0 1870.5 1880.0
1861.0 1870.5 1880.0
1861.0 1870.5 1880.0
1861.0 1870.5 1880.0
1861.0 1870.5 1880.0
1861.0 1870.5 1880.0
1861.0 1870.5 1880.0
1861.0 1870.5 1880.0
1861.0 1870.5 1880.0
1861.0 1870.5 1880.0
1861.0 1870.5 1880.0
1861.0 1870.5 1880.0
1861.0 1870.5 1880.0
1861.0 1870.5 1880.0
1861.0 1870.5 1880.0
1861.0 1870.5 1880.0
1861.0 1870.5 1880.0
1861.0 1870.5 1880.0
1861.0 1870.5 1880.0
1861.0 1870.5 1880.0
1861.0 1870.5 1880.0
1861.0 1870.5 1880.0
1861.0 1870.5 1880.0
1861.0 1870.5 1880.0
1861.0 1870.5 1880.0
1861.0 1870.5 1880.0
1861.0 1870.5 1880.0
1861.0 1870.5 1880.0
1861.0 1870.5 1880.0
1861.0 1870.5 1880.0
1861.0 1870.5 1880.0
1861.0 1870.5 1880.0
1861.0 1870.5 1880.0
1861.0 1870.5 1880.0
1861.0 1870.5 1880.0
1861.0 1870.5 1880.0
1861.0 1870.5 1880.0
1861.0 1870.5 1880.0
1861.0 1870.5 1880.0
1861.0 1870.5 1880.0
1861.0 1870.5 1880.0
1861.0 1870.5 1880.0
1861.0 1870.5 1880.0
1861.0 1870.5 1880.0
1861.0 1870.5 1880.0
1861.0 1870.5 1880.0
1861.0 1870.5 1880.0
1861.0 1870.5 1880.0
1861.0 1870.5 1880.0
1861.0 1870.5 1880.0
1861.0 1870.5 1880.0
1861.0 1870.5 1880.0
1861.0 1870.5 1880.0
1861.0 1870.5 1880.0
1861.0 1870.5 1880.0
1861.0 1870.5 1880.0
1861.0 1870.5 1880.0
1861.0 1870.5 1880.0
1861.0 1870.5 1880.0
1861.0 1870.5 1880.0
1861.0 1870.5 1880.0
1861.0 1870.5 1880.0
1861.0 1870.5 1880.0
1861.0 1870.5 1880.0
1861.0 1870.5 1880.0
1861.0 1870.5 1880.0
1861.0 1870.5 1880.0
1861.0 1870.5 1880.0
1861.0 1870.5 1880.0
1861.0 1870.5 1880.0
1861.0 1870.5 1880.0
1861.0 1870.5 1880.0
1861.0 1870.5 1880.0
1861.0 1870.5 1880.0
1861.0 1870.5 1880.0
1861.0 1870.5 1880.0
1861.0 1870.5 1880.0
1861.0 1870.5 1880.0
1861.0 1870.5 1880.0
1861.0 1870.5 1880.0
1861.0 1870.5 1880.0
1861.0 1870.5 1880.0
1861.0 1870.5 1880.0
1861.0 1870.5 1880.0
1861.0 1870.5 1880.0
1861.0 1870.5 1880.0
1861.0 1870.5 1880.0
1861.0 1870.5 1880.0
1861.0 1870.5 1880.0
1861.0 1870.5 1880.0
1861.0 1870.5 1880.0
1861.0 1870.5 1880.0
1861.0 1870.5 1880.0
1861.0 1870.5 1880.0
1861.0 1870.5 1880.0
1861.0 1870.5 1880.0
1861.0 1870.5 1880.0
1366.0 1623.0 1880.0
1366.0 1623.0 1880.0
1366.0 1623.0 1880.0
1366.0 1623.0 1880.0
1366.0 1623.0 1880.0
1366.0 1623.0 1880.0
1366.0 1623.0 1880.0
1366.0 1623.0 1880.0
1366.0 1623.0 1880.0
1366.0 1623.0 1880.0
1366.0 1623.0 1880.0
1366.0 1623.0 1880.0
1366.0 1623.0 1880.0
1366.0 1623.0 1880.0
1366.0 1623.0 1880.0
1366.0 1623.0 1880.0
1366.0 1623.0 1880.0
1366.0 1547.5 1729.0
1366.0 1547.5 1729.0
1366.0 1547.5 1729.0
1366.0 1547.5 1729.0
1366.0 1547.5 1729.0
1366.0 1547.5 1729.0
1366.0 1547.5 1729.0
1366.0 1547.5 1729.0
