11595.0 13256.5 14918.0
10111.0 11621.5 13132.0
5273.0 7176.5 9080.0
4435.0 5910.5 7386.0
3772.0 5477.5 7183.0
3033.0 4934.0 6835.0
3033.0 3794.0 4555.0
2484.0 3436.0 4388.0
2484.0 2691.0 2898.0
2484.0 2663.5 2843.0
2080.0 2282.0 2484.0
2080.0 2282.0 2484.0
1667.0 1873.5 2080.0
1667.0 1873.5 2080.0
1667.0 1873.5 2080.0
1667.0 1873.5 2080.0
1667.0 1873.5 2080.0
1667.0 1873.5 2080.0
1667.0 2029.5 2392.0
1667.0 2029.5 2392.0
1667.0 2029.5 2392.0
1667.0 1876.5 2086.0
1219.0 1443.0 1667.0
1219.0 1443.0 1667.0
1219.0 1443.0 1667.0
1219.0 1443.0 1667.0
1219.0 1443.0 1667.0
1219.0 1443.0 1667.0
1219.0 1443.0 1667.0
1219.0 1443.0 1667.0
1219.0 1443.0 1667.0
1219.0 1443.0 1667.0
1219.0 1443.0 1667.0
1219.0 1443.0 1667.0
1219.0 1443.0 1667.0
1219.0 1443.0 1667.0
1219.0 1443.0 1667.0
1219.0 1375.5 1532.0
1219.0 1375.5 1532.0
1219.0 1375.5 1532.0
1219.0 1375.5 1532.0
1219.0 1375.5 1532.0
1219.0 1375.5 1532.0
1219.0 1375.5 1532.0
1219.0 1375.5 1532.0
1219.0 1375.5 1532.0
1219.0 1375.5 1532.0
1219.0 1375.5 1532.0
1219.0 1375.5 1532.0
1219.0 1375.5 1532.0
1219.0 1375.5 1532.0
1219.0 1375.5 1532.0
1219.0 1375.5 1532.0
1219.0 1375.5 1532.0
1219.0 1375.5 1532.0
1219.0 1375.5 1532.0
1219.0 1375.5 1532.0
1219.0 1375.5 1532.0
1219.0 1375.5 1532.0
1219.0 1375.5 1532.0
1219.0 1375.5 1532.0
1219.0 1375.5 1532.0
1219.0 1375.5 1532.0
1219.0 1375.5 1532.0
1219.0 1375.5 1532.0
1219.0 1375.5 1532.0
1219.0 1375.5 1532.0
1219.0 1375.5 1532.0
1219.0 1375.5 1532.0
1219.0 1375.5 1532.0
1219.0 1375.5 1532.0
1219.0 1375.5 1532.0
1219.0 1375.5 1532.0
1219.0 1375.5 1532.0
1219.0 1375.5 1532.0
1219.0 1375.5 1532.0
1219.0 1375.5 1532.0
1219.0 1375.5 1532.0
1219.0 1375.5 1532.0
1219.0 1375.5 1532.0
1219.0 1375.5 1532.0
1219.0 1375.5 1532.0
1219.0 1375.5 1532.0
1219.0 1375.5 1532.0
1219.0 1375.5 1532.0
1229.0 1380.5 1532.0
1229.0 1380.5 1532.0
1229.0 1380.5 1532.0
1229.0 1380.5 1532.0
1229.0 1380.5 1532.0
1229.0 1380.5 1532.0
1229.0 1380.5 1532.0
1229.0 1380.5 1532.0
1229.0 1380.5 1532.0
1229.0 1380.5 1532.0
1229.0 1380.5 1532.0
1229.0 1380.5 1532.0
1229.0 1380.5 1532.0
1229.0 1380.5 1532.0
1229.0 1380.5 1532.0
1229.0 1380.5 1532.0
1229.0 1380.5 1532.0
1229.0 1380.5 1532.0
1229.0 1380.5 1532.0
1229.0 1380.5 1532.0
1229.0 1380.5 1532.0
1229.0 1380.5 1532.0
1229.0 1380.5 1532.0
1229.0 1380.5 1532.0
1229.0 1380.5 1532.0
1229.0 1380.5 1532.0
1229.0 1380.5 1532.0
1229.0 1380.5 1532.0
1229.0 1380.5 1532.0
1229.0 1380.5 1532.0
1229.0 1380.5 1532.0
1229.0 1380.5 1532.0
1229.0 1380.5 1532.0
1229.0 1380.5 1532.0
1229.0 1380.5 1532.0
1229.0 1380.5 1532.0
1229.0 1380.5 1532.0
1229.0 1380.5 1532.0
1229.0 1380.5 1532.0
1229.0 1380.5 1532.0
1229.0 1380.5 1532.0
1229.0 1276.0 1323.0
1229.0 1276.0 1323.0
1053.0 1141.0 1229.0
651.0 940.0 1229.0
651.0 940.0 1229.0
651.0 940.0 1229.0
651.0 940.0 1229.0
651.0 940.0 1229.0
651.0 940.0 1229.0
651.0 940.0 1229.0
651.0 940.0 1229.0
651.0 940.0 1229.0
651.0 940.0 1229.0
651.0 940.0 1229.0
651.0 940.0 1229.0
651.0 940.0 1229.0
651.0 940.0 1229.0
651.0 940.0 1229.0
651.0 940.0 1229.0
651.0 940.0 1229.0
651.0 940.0 1229.0
651.0 940.0 1229.0
651.0 940.0 1229.0
651.0 940.0 1229.0
651.0 940.0 1229.0
651.0 940.0 1229.0
651.0 940.0 1229.0
651.0 940.0 1229.0
651.0 940.0 1229.0
651.0 940.0 1229.0
651.0 940.0 1229.0
651.0 940.0 1229.0
651.0 940.0 1229.0
651.0 940.0 1229.0
651.0 940.0 1229.0
651.0 940.0 1229.0
651.0 940.0 1229.0
651.0 940.0 1229.0
651.0 940.0 1229.0
651.0 940.0 1229.0
651.0 940.0 1229.0
651.0 940.0 1229.0
651.0 940.0 1229.0
651.0 940.0 1229.0
651.0 940.0 1229.0
651.0 940.0 1229.0
651.0 940.0 1229.0
651.0 940.0 1229.0
651.0 940.0 1229.0
651.0 940.0 1229.0
651.0 940.0 1229.0
651.0 940.0 1229.0
651.0 940.0 1229.0
651.0 940.0 1229.0
651.0 940.0 1229.0
651.0 940.0 1229.0
651.0 940.0 1229.0
651.0 940.0 1229.0
651.0 940.0 1229.0
651.0 940.0 1229.0
651.0 940.0 1229.0
651.0 940.0 1229.0
651.0 940.0 1229.0
651.0 940.0 1229.0
651.0 940.0 1229.0
651.0 940.0 1229.0
651.0 940.0 1229.0
651.0 940.0 1229.0
651.0 940.0 1229.0
651.0 940.0 1229.0
651.0 940.0 1229.0
651.0 940.0 1229.0
651.0 940.0 1229.0
651.0 940.0 1229.0
