15306.0 16527.0 17748.0
12148.0 13012.0 13876.0
9543.0 10568.0 11593.0
8726.0 9051.5 9377.0
7625.0 8379.0 9133.0
5579.0 6549.0 7519.0
3824.0 5383.0 6942.0
4091.0 4913.5 5736.0
3268.0 4107.0 4946.0
2875.0 3686.0 4497.0
2875.0 3327.5 3780.0
2875.0 3233.5 3592.0
2460.0 2667.5 2875.0
2460.0 2872.5 3285.0
2456.0 2870.5 3285.0
2164.0 2724.5 3285.0
2164.0 2724.5 3285.0
2164.0 2724.5 3285.0
2164.0 2724.5 3285.0
2164.0 2724.5 3285.0
2095.0 2129.5 2164.0
2095.0 2129.5 2164.0
2095.0 2129.5 2164.0
2095.0 2129.5 2164.0
2095.0 2129.5 2164.0
2095.0 2129.5 2164.0
2095.0 2129.5 2164.0
2095.0 2129.5 2164.0
2095.0 2129.5 2164.0
1721.0 1908.0 2095.0
1561.0 1828.0 2095.0
1561.0 1828.0 2095.0
1561.0 1828.0 2095.0
1561.0 1828.0 2095.0
1561.0 1828.0 2095.0
1561.0 1828.0 2095.0
1561.0 1828.0 2095.0
1561.0 1799.5 2038.0
1561.0 1729.0 1897.0
1561.0 1729.0 1897.0
1561.0 1729.0 1897.0
1561.0 1729.0 1897.0
1561.0 1729.0 1897.0
1561.0 1729.0 1897.0
1561.0 1729.0 1897.0
1561.0 1729.0 1897.0
1561.0 1729.0 1897.0
1561.0 1729.0 1897.0
1097.0 1329.0 1561.0
1097.0 1329.0 1561.0
1097.0 1329.0 1561.0
1097.0 1329.0 1561.0
1097.0 1329.0 1561.0
1097.0 1329.0 1561.0
1097.0 1329.0 1561.0
1097.0 1329.0 1561.0
1097.0 1329.0 1561.0
1097.0 1329.0 1561.0
1097.0 1329.0 1561.0
1097.0 1329.0 1561.0
1097.0 1329.0 1561.0
1097.0 1329.0 1561.0
1097.0 1329.0 1561.0
1097.0 1329.0 1561.0
1097.0 1329.0 1561.0
1097.0 1329.0 1561.0
1097.0 1329.0 1561.0
1097.0 1329.0 1561.0
1097.0 1329.0 1561.0
1097.0 1329.0 1561.0
1097.0 1329.0 1561.0
1097.0 1329.0 1561.0
1097.0 1329.0 1561.0
1097.0 1329.0 1561.0
1097.0 1329.0 1561.0
1097.0 1329.0 1561.0
1097.0 1329.0 1561.0
1097.0 1329.0 1561.0
1097.0 1329.0 1561.0
1097.0 1329.0 1561.0
1097.0 1329.0 1561.0
1097.0 1329.0 1561.0
1097.0 1329.0 1561.0
1097.0 1329.0 1561.0
1097.0 1329.0 1561.0
1097.0 1329.0 1561.0
1097.0 1329.0 1561.0
1097.0 1329.0 1561.0
1097.0 1329.0 1561.0
1097.0 1329.0 1561.0
1097.0 1329.0 1561.0
1097.0 1329.0 1561.0
1097.0 1329.0 1561.0
1097.0 1329.0 1561.0
1097.0 1329.0 1561.0
1097.0 1329.0 1561.0
1097.0 1329.0 1561.0
1097.0 1329.0 1561.0
1097.0 1329.0 1561.0
1097.0 1329.0 1561.0
1097.0 1329.0 1561.0
1097.0 1329.0 1561.0
1097.0 1329.0 1561.0
1097.0 1329.0 1561.0
1097.0 1329.0 1561.0
1097.0 1329.0 1561.0
1097.0 1329.0 1561.0
1097.0 1329.0 1561.0
1097.0 1329.0 1561.0
1097.0 1329.0 1561.0
1097.0 1329.0 1561.0
1097.0 1329.0 1561.0
1097.0 1329.0 1561.0
1097.0 1329.0 1561.0
1097.0 1329.0 1561.0
1097.0 1329.0 1561.0
1097.0 1329.0 1561.0
1097.0 1329.0 1561.0
1097.0 1329.0 1561.0
1097.0 1329.0 1561.0
1097.0 1329.0 1561.0
1097.0 1329.0 1561.0
1097.0 1329.0 1561.0
1097.0 1329.0 1561.0
1097.0 1329.0 1561.0
1097.0 1329.0 1561.0
1097.0 1329.0 1561.0
1097.0 1329.0 1561.0
1097.0 1329.0 1561.0
1097.0 1329.0 1561.0
1097.0 1329.0 1561.0
1097.0 1329.0 1561.0
1097.0 1329.0 1561.0
1097.0 1329.0 1561.0
1097.0 1329.0 1561.0
1097.0 1329.0 1561.0
1097.0 1329.0 1561.0
1097.0 1329.0 1561.0
1097.0 1329.0 1561.0
1097.0 1329.0 1561.0
1097.0 1329.0 1561.0
1097.0 1329.0 1561.0
1097.0 1329.0 1561.0
1097.0 1329.0 1561.0
1097.0 1329.0 1561.0
1097.0 1329.0 1561.0
1097.0 1329.0 1561.0
1097.0 1329.0 1561.0
1097.0 1329.0 1561.0
1097.0 1329.0 1561.0
1097.0 1329.0 1561.0
1097.0 1329.0 1561.0
1097.0 1329.0 1561.0
1097.0 1329.0 1561.0
1097.0 1329.0 1561.0
1097.0 1329.0 1561.0
1097.0 1329.0 1561.0
1097.0 1329.0 1561.0
1097.0 1329.0 1561.0
1097.0 1329.0 1561.0
1097.0 1329.0 1561.0
1097.0 1329.0 1561.0
1097.0 1329.0 1561.0
1097.0 1329.0 1561.0
1097.0 1329.0 1561.0
1097.0 1329.0 1561.0
1097.0 1329.0 1561.0
1097.0 1329.0 1561.0
1097.0 1329.0 1561.0
1097.0 1329.0 1561.0
1097.0 1329.0 1561.0
1097.0 1329.0 1561.0
1097.0 1329.0 1561.0
1097.0 1329.0 1561.0
1097.0 1329.0 1561.0
1097.0 1329.0 1561.0
1097.0 1329.0 1561.0
1097.0 1329.0 1561.0
1097.0 1329.0 1561.0
1097.0 1329.0 1561.0
1097.0 1329.0 1561.0
1097.0 1329.0 1561.0
1097.0 1329.0 1561.0
1097.0 1329.0 1561.0
1097.0 1329.0 1561.0
1097.0 1329.0 1561.0
1097.0 1329.0 1561.0
1097.0 1329.0 1561.0
1097.0 1329.0 1561.0
1097.0 1329.0 1561.0
1097.0 1329.0 1561.0
1097.0 1329.0 1561.0
1097.0 1329.0 1561.0
1097.0 1329.0 1561.0
1097.0 1329.0 1561.0
1097.0 1329.0 1561.0
1097.0 1329.0 1561.0
1097.0 1329.0 1561.0
1097.0 1329.0 1561.0
1097.0 1329.0 1561.0
