10447.0 12684.5 14922.0
9886.0 11045.0 12204.0
6598.0 6697.5 6797.0
5553.0 6765.5 7978.0
3390.0 4926.5 6463.0
3390.0 3469.5 3549.0
3084.0 3133.5 3183.0
2721.0 2902.5 3084.0
2127.0 2606.5 3086.0
2127.0 2209.5 2292.0
1458.0 1792.5 2127.0
1458.0 1605.5 1753.0
1289.0 1521.0 1753.0
1289.0 1295.0 1301.0
1289.0 1295.0 1301.0
1289.0 1295.0 1301.0
1289.0 1295.0 1301.0
1289.0 1295.0 1301.0
1289.0 1295.0 1301.0
1289.0 1295.0 1301.0
1289.0 1295.0 1301.0
1289.0 1295.0 1301.0
1289.0 1295.0 1301.0
1289.0 1295.0 1301.0
1289.0 1295.0 1301.0
1289.0 1295.0 1301.0
1289.0 1295.0 1301.0
1289.0 1295.0 1301.0
1289.0 1295.0 1301.0
1289.0 1295.0 1301.0
1289.0 1295.0 1301.0
1289.0 1295.0 1301.0
1289.0 1295.0 1301.0
1289.0 1295.0 1301.0
1289.0 1295.0 1301.0
1289.0 1295.0 1301.0
1289.0 1295.0 1301.0
1289.0 1295.0 1301.0
1289.0 1295.0 1301.0
1289.0 1295.0 1301.0
1289.0 1295.0 1301.0
1289.0 1295.0 1301.0
1289.0 1295.0 1301.0
1289.0 1295.0 1301.0
1289.0 1295.0 1301.0
1289.0 1295.0 1301.0
1289.0 1295.0 1301.0
1289.0 1295.0 1301.0
1289.0 1295.0 1301.0
1289.0 1295.0 1301.0
1289.0 1295.0 1301.0
1289.0 1295.0 1301.0
1301.0 1401.5 1502.0
1301.0 1401.5 1502.0
1117.0 1209.0 1301.0
1117.0 1209.0 1301.0
1094.0 1197.5 1301.0
1094.0 1197.5 1301.0
1094.0 1197.5 1301.0
1094.0 1197.5 1301.0
1094.0 1197.5 1301.0
1094.0 1197.5 1301.0
1094.0 1197.5 1301.0
1094.0 1197.5 1301.0
1094.0 1197.5 1301.0
1094.0 1197.5 1301.0
1094.0 1197.5 1301.0
1094.0 1197.5 1301.0
1094.0 1197.5 1301.0
1094.0 1197.5 1301.0
1094.0 1197.5 1301.0
1094.0 1197.5 1301.0
1094.0 1197.5 1301.0
1094.0 1197.5 1301.0
1094.0 1197.5 1301.0
1094.0 1197.5 1301.0
1094.0 1197.5 1301.0
1094.0 1197.5 1301.0
1094.0 1197.5 1301.0
1094.0 1197.5 1301.0
1094.0 1197.5 1301.0
1094.0 1197.5 1301.0
1094.0 1197.5 1301.0
1094.0 1197.5 1301.0
1094.0 1197.5 1301.0
1094.0 1197.5 1301.0
1094.0 1197.5 1301.0
1094.0 1197.5 1301.0
1094.0 1197.5 1301.0
1094.0 1197.5 1301.0
1094.0 1197.5 1301.0
1094.0 1197.5 1301.0
1094.0 1197.5 1301.0
1094.0 1197.5 1301.0
1094.0 1197.5 1301.0
1094.0 1197.5 1301.0
1094.0 1197.5 1301.0
1094.0 1197.5 1301.0
1094.0 1197.5 1301.0
1094.0 1197.5 1301.0
1094.0 1197.5 1301.0
1094.0 1197.5 1301.0
1094.0 1197.5 1301.0
1094.0 1197.5 1301.0
1094.0 1197.5 1301.0
1094.0 1197.5 1301.0
1094.0 1197.5 1301.0
1094.0 1197.5 1301.0
1094.0 1197.5 1301.0
1094.0 1197.5 1301.0
1094.0 1197.5 1301.0
1094.0 1197.5 1301.0
1094.0 1197.5 1301.0
1094.0 1197.5 1301.0
1094.0 1197.5 1301.0
1094.0 1197.5 1301.0
1094.0 1197.5 1301.0
1094.0 1197.5 1301.0
1094.0 1168.0 1242.0
1094.0 1168.0 1242.0
920.0 1007.0 1094.0
920.0 1007.0 1094.0
920.0 1007.0 1094.0
920.0 1007.0 1094.0
920.0 1007.0 1094.0
920.0 1007.0 1094.0
920.0 1007.0 1094.0
920.0 1007.0 1094.0
920.0 1007.0 1094.0
920.0 1007.0 1094.0
920.0 1007.0 1094.0
920.0 1007.0 1094.0
920.0 1007.0 1094.0
920.0 1007.0 1094.0
920.0 1007.0 1094.0
920.0 1007.0 1094.0
920.0 1007.0 1094.0
920.0 1007.0 1094.0
920.0 1007.0 1094.0
920.0 1007.0 1094.0
920.0 1007.0 1094.0
920.0 1007.0 1094.0
920.0 1007.0 1094.0
920.0 1007.0 1094.0
920.0 1007.0 1094.0
920.0 1007.0 1094.0
920.0 1007.0 1094.0
920.0 1007.0 1094.0
920.0 1007.0 1094.0
920.0 1007.0 1094.0
920.0 1007.0 1094.0
920.0 1007.0 1094.0
920.0 1007.0 1094.0
920.0 1007.0 1094.0
920.0 1007.0 1094.0
920.0 1007.0 1094.0
920.0 1007.0 1094.0
920.0 1007.0 1094.0
920.0 1007.0 1094.0
920.0 1007.0 1094.0
920.0 1007.0 1094.0
920.0 1007.0 1094.0
920.0 1007.0 1094.0
920.0 1007.0 1094.0
920.0 1007.0 1094.0
920.0 1007.0 1094.0
920.0 1007.0 1094.0
920.0 1007.0 1094.0
920.0 1007.0 1094.0
920.0 1007.0 1094.0
920.0 1007.0 1094.0
920.0 1007.0 1094.0
920.0 1007.0 1094.0
920.0 1007.0 1094.0
920.0 1007.0 1094.0
920.0 1007.0 1094.0
920.0 1007.0 1094.0
920.0 1007.0 1094.0
920.0 1007.0 1094.0
920.0 1007.0 1094.0
920.0 1007.0 1094.0
920.0 1007.0 1094.0
920.0 1007.0 1094.0
920.0 1007.0 1094.0
920.0 1007.0 1094.0
920.0 1007.0 1094.0
920.0 1007.0 1094.0
920.0 1007.0 1094.0
920.0 1007.0 1094.0
920.0 1007.0 1094.0
920.0 1007.0 1094.0
920.0 1007.0 1094.0
920.0 1007.0 1094.0
920.0 1007.0 1094.0
920.0 1007.0 1094.0
920.0 1007.0 1094.0
920.0 1007.0 1094.0
920.0 1007.0 1094.0
920.0 1007.0 1094.0
920.0 1007.0 1094.0
