11730.0 13151.0 14572.0
10309.0 12243.0 14177.0
7132.0 9657.0 12182.0
5743.0 6957.5 8172.0
5122.0 5192.0 5262.0
3379.0 4147.5 4916.0
3226.0 3596.0 3966.0
2453.0 3028.0 3603.0
2453.0 3173.5 3894.0
2453.0 3049.0 3645.0
2453.0 2852.0 3251.0
2486.0 2544.0 2602.0
2416.0 2509.0 2602.0
2127.0 2271.5 2416.0
1783.0 2099.5 2416.0
1783.0 2099.5 2416.0
1783.0 2099.5 2416.0
1783.0 2099.5 2416.0
1783.0 2099.5 2416.0
1783.0 2099.5 2416.0
1783.0 2099.5 2416.0
1783.0 2099.5 2416.0
1462.0 1939.0 2416.0
1462.0 1939.0 2416.0
1329.0 1872.5 2416.0
1329.0 1872.5 2416.0
1329.0 1872.5 2416.0
1329.0 1872.5 2416.0
1329.0 1872.5 2416.0
1329.0 1872.5 2416.0
1329.0 1872.5 2416.0
1329.0 1872.5 2416.0
1329.0 1872.5 2416.0
1329.0 1872.5 2416.0
1329.0 1872.5 2416.0
1329.0 1872.5 2416.0
1320.0 1868.0 2416.0
1320.0 1868.0 2416.0
1320.0 1868.0 2416.0
1320.0 1868.0 2416.0
1320.0 1868.0 2416.0
1320.0 1868.0 2416.0
1320.0 1868.0 2416.0
1320.0 1868.0 2416.0
1320.0 1868.0 2416.0
1320.0 1868.0 2416.0
1320.0 1868.0 2416.0
1320.0 1868.0 2416.0
1320.0 1868.0 2416.0
1320.0 1868.0 2416.0
1320.0 1868.0 2416.0
1320.0 1868.0 2416.0
1320.0 1868.0 2416.0
1320.0 1868.0 2416.0
1320.0 1868.0 2416.0
1320.0 1868.0 2416.0
1320.0 1868.0 2416.0
1320.0 1637.5 1955.0
1320.0 1637.5 1955.0
1320.0 1637.5 1955.0
1320.0 1637.5 1955.0
1320.0 1637.5 1955.0
1320.0 1637.5 1955.0
1320.0 1637.5 1955.0
1320.0 1637.5 1955.0
1320.0 1637.5 1955.0
1320.0 1637.5 1955.0
1320.0 1637.5 1955.0
1320.0 1637.5 1955.0
1320.0 1637.5 1955.0
1320.0 1637.5 1955.0
1320.0 1637.5 1955.0
1320.0 1637.5 1955.0
1320.0 1637.5 1955.0
1320.0 1637.5 1955.0
1320.0 1637.5 1955.0
1320.0 1637.5 1955.0
1320.0 1637.5 1955.0
1320.0 1637.5 1955.0
1320.0 1637.5 1955.0
1320.0 1637.5 1955.0
1320.0 1637.5 1955.0
1320.0 1637.5 1955.0
1320.0 1637.5 1955.0
1320.0 1637.5 1955.0
1320.0 1637.5 1955.0
1320.0 1637.5 1955.0
1320.0 1637.5 1955.0
1320.0 1637.5 1955.0
1320.0 1637.5 1955.0
1320.0 1637.5 1955.0
1320.0 1637.5 1955.0
1320.0 1637.5 1955.0
1320.0 1637.5 1955.0
1320.0 1637.5 1955.0
1320.0 1568.5 1817.0
1320.0 1568.5 1817.0
1320.0 1540.5 1761.0
1320.0 1368.5 1417.0
1320.0 1368.5 1417.0
1320.0 1368.5 1417.0
1320.0 1368.5 1417.0
1320.0 1368.5 1417.0
1320.0 1368.5 1417.0
1320.0 1368.5 1417.0
1320.0 1368.5 1417.0
1320.0 1368.5 1417.0
1320.0 1368.5 1417.0
1320.0 1368.5 1417.0
1320.0 1368.5 1417.0
1320.0 1368.5 1417.0
1320.0 1368.5 1417.0
1320.0 1368.5 1417.0
1320.0 1368.5 1417.0
1320.0 1368.5 1417.0
1320.0 1368.5 1417.0
1320.0 1368.5 1417.0
1320.0 1368.5 1417.0
1320.0 1368.5 1417.0
1320.0 1368.5 1417.0
1320.0 1368.5 1417.0
1320.0 1368.5 1417.0
1320.0 1368.5 1417.0
1320.0 1368.5 1417.0
1320.0 1368.5 1417.0
1320.0 1368.5 1417.0
1320.0 1368.5 1417.0
1320.0 1368.5 1417.0
1320.0 1368.5 1417.0
1320.0 1368.5 1417.0
1320.0 1368.5 1417.0
1320.0 1368.5 1417.0
1320.0 1368.5 1417.0
1320.0 1368.5 1417.0
1320.0 1368.5 1417.0
1320.0 1368.5 1417.0
1320.0 1368.5 1417.0
1320.0 1368.5 1417.0
1320.0 1368.5 1417.0
1320.0 1368.5 1417.0
1320.0 1368.5 1417.0
1320.0 1368.5 1417.0
1320.0 1368.5 1417.0
1320.0 1368.5 1417.0
1320.0 1368.5 1417.0
1320.0 1368.5 1417.0
1320.0 1368.5 1417.0
1320.0 1368.5 1417.0
1320.0 1368.5 1417.0
1320.0 1368.5 1417.0
1320.0 1368.5 1417.0
1320.0 1368.5 1417.0
1320.0 1368.5 1417.0
1320.0 1368.5 1417.0
1320.0 1368.5 1417.0
1320.0 1368.5 1417.0
1320.0 1368.5 1417.0
1320.0 1368.5 1417.0
1320.0 1368.5 1417.0
1320.0 1368.5 1417.0
1320.0 1368.5 1417.0
1320.0 1368.5 1417.0
1320.0 1368.5 1417.0
1320.0 1368.5 1417.0
1320.0 1368.5 1417.0
1320.0 1368.5 1417.0
1320.0 1368.5 1417.0
1320.0 1368.5 1417.0
1320.0 1368.5 1417.0
1320.0 1368.5 1417.0
1320.0 1368.5 1417.0
1320.0 1368.5 1417.0
1320.0 1368.5 1417.0
1320.0 1368.5 1417.0
1320.0 1368.5 1417.0
1320.0 1368.5 1417.0
1320.0 1368.5 1417.0
1320.0 1368.5 1417.0
1320.0 1368.5 1417.0
1320.0 1368.5 1417.0
1320.0 1368.5 1417.0
1320.0 1368.5 1417.0
1320.0 1368.5 1417.0
1320.0 1368.5 1417.0
1320.0 1368.5 1417.0
1320.0 1368.5 1417.0
1320.0 1368.5 1417.0
1320.0 1368.5 1417.0
1320.0 1368.5 1417.0
1320.0 1368.5 1417.0
1320.0 1368.5 1417.0
1320.0 1368.5 1417.0
1320.0 1368.5 1417.0
1320.0 1368.5 1417.0
1320.0 1368.5 1417.0
1320.0 1368.5 1417.0
1320.0 1368.5 1417.0
1320.0 1368.5 1417.0
1320.0 1368.5 1417.0
1320.0 1368.5 1417.0
