11608.0 11998.5 12389.0
7934.0 8229.0 8524.0
7223.0 7578.5 7934.0
4437.0 5381.5 6326.0
2819.0 3822.0 4825.0
2819.0 3367.5 3916.0
1999.0 2892.5 3786.0
1999.0 2153.0 2307.0
1999.0 2153.0 2307.0
1575.0 1787.0 1999.0
1999.0 2000.5 2002.0
1731.0 1866.5 2002.0
1731.0 1866.5 2002.0
1845.0 1923.5 2002.0
1724.0 1863.0 2002.0
1724.0 1863.0 2002.0
1593.0 1797.5 2002.0
1593.0 1797.5 2002.0
1355.0 1678.5 2002.0
1355.0 1678.5 2002.0
1355.0 1678.5 2002.0
1355.0 1678.5 2002.0
1355.0 1678.5 2002.0
1355.0 1678.5 2002.0
1355.0 1678.5 2002.0
1355.0 1678.5 2002.0
1355.0 1678.5 2002.0
1355.0 1678.5 2002.0
1355.0 1678.5 2002.0
1196.0 1275.5 1355.0
1196.0 1275.5 1355.0
688.0 942.0 1196.0
688.0 942.0 1196.0
688.0 942.0 1196.0
688.0 942.0 1196.0
688.0 942.0 1196.0
688.0 942.0 1196.0
688.0 942.0 1196.0
688.0 942.0 1196.0
688.0 942.0 1196.0
688.0 942.0 1196.0
688.0 942.0 1196.0
688.0 942.0 1196.0
688.0 942.0 1196.0
688.0 942.0 1196.0
688.0 942.0 1196.0
688.0 942.0 1196.0
688.0 942.0 1196.0
688.0 942.0 1196.0
688.0 942.0 1196.0
688.0 942.0 1196.0
688.0 942.0 1196.0
688.0 942.0 1196.0
688.0 942.0 1196.0
688.0 942.0 1196.0
688.0 942.0 1196.0
688.0 942.0 1196.0
688.0 942.0 1196.0
688.0 942.0 1196.0
688.0 942.0 1196.0
688.0 942.0 1196.0
688.0 942.0 1196.0
688.0 942.0 1196.0
688.0 942.0 1196.0
688.0 942.0 1196.0
688.0 942.0 1196.0
688.0 942.0 1196.0
688.0 942.0 1196.0
688.0 942.0 1196.0
688.0 942.0 1196.0
688.0 942.0 1196.0
688.0 942.0 1196.0
688.0 942.0 1196.0
688.0 942.0 1196.0
688.0 942.0 1196.0
688.0 942.0 1196.0
688.0 942.0 1196.0
688.0 942.0 1196.0
688.0 942.0 1196.0
688.0 942.0 1196.0
688.0 942.0 1196.0
688.0 942.0 1196.0
688.0 942.0 1196.0
688.0 942.0 1196.0
688.0 942.0 1196.0
688.0 942.0 1196.0
688.0 942.0 1196.0
688.0 942.0 1196.0
688.0 942.0 1196.0
688.0 942.0 1196.0
688.0 942.0 1196.0
688.0 942.0 1196.0
688.0 942.0 1196.0
688.0 942.0 1196.0
688.0 942.0 1196.0
688.0 942.0 1196.0
688.0 942.0 1196.0
688.0 942.0 1196.0
688.0 942.0 1196.0
688.0 942.0 1196.0
688.0 942.0 1196.0
688.0 942.0 1196.0
688.0 942.0 1196.0
688.0 942.0 1196.0
688.0 942.0 1196.0
688.0 942.0 1196.0
688.0 942.0 1196.0
688.0 942.0 1196.0
688.0 942.0 1196.0
688.0 942.0 1196.0
688.0 942.0 1196.0
688.0 942.0 1196.0
688.0 942.0 1196.0
688.0 942.0 1196.0
688.0 942.0 1196.0
688.0 942.0 1196.0
688.0 942.0 1196.0
688.0 942.0 1196.0
688.0 942.0 1196.0
688.0 942.0 1196.0
688.0 942.0 1196.0
688.0 942.0 1196.0
688.0 942.0 1196.0
688.0 942.0 1196.0
688.0 942.0 1196.0
688.0 942.0 1196.0
688.0 942.0 1196.0
688.0 942.0 1196.0
688.0 942.0 1196.0
688.0 942.0 1196.0
688.0 942.0 1196.0
688.0 942.0 1196.0
688.0 942.0 1196.0
688.0 942.0 1196.0
688.0 942.0 1196.0
688.0 942.0 1196.0
688.0 942.0 1196.0
688.0 942.0 1196.0
688.0 942.0 1196.0
688.0 942.0 1196.0
688.0 942.0 1196.0
688.0 942.0 1196.0
688.0 942.0 1196.0
688.0 942.0 1196.0
688.0 942.0 1196.0
688.0 942.0 1196.0
688.0 942.0 1196.0
688.0 942.0 1196.0
688.0 942.0 1196.0
688.0 942.0 1196.0
688.0 942.0 1196.0
688.0 942.0 1196.0
688.0 942.0 1196.0
688.0 942.0 1196.0
688.0 942.0 1196.0
688.0 942.0 1196.0
688.0 942.0 1196.0
688.0 942.0 1196.0
688.0 942.0 1196.0
688.0 942.0 1196.0
688.0 896.5 1105.0
688.0 857.0 1026.0
688.0 857.0 1026.0
688.0 857.0 1026.0
688.0 857.0 1026.0
688.0 857.0 1026.0
688.0 857.0 1026.0
688.0 857.0 1026.0
688.0 857.0 1026.0
688.0 857.0 1026.0
688.0 857.0 1026.0
688.0 857.0 1026.0
688.0 857.0 1026.0
688.0 857.0 1026.0
688.0 857.0 1026.0
688.0 857.0 1026.0
688.0 857.0 1026.0
688.0 857.0 1026.0
688.0 857.0 1026.0
688.0 857.0 1026.0
688.0 857.0 1026.0
688.0 857.0 1026.0
688.0 857.0 1026.0
688.0 857.0 1026.0
688.0 857.0 1026.0
688.0 857.0 1026.0
688.0 857.0 1026.0
688.0 857.0 1026.0
688.0 857.0 1026.0
688.0 857.0 1026.0
688.0 857.0 1026.0
688.0 857.0 1026.0
688.0 857.0 1026.0
688.0 857.0 1026.0
688.0 857.0 1026.0
688.0 857.0 1026.0
688.0 857.0 1026.0
688.0 857.0 1026.0
688.0 857.0 1026.0
688.0 857.0 1026.0
