8245.0 10658.5 13072.0
9966.0 10808.5 11651.0
6511.0 6892.0 7273.0
6185.0 6661.0 7137.0
3879.0 4074.0 4269.0
3879.0 3970.5 4062.0
3763.0 4137.5 4512.0
2421.0 2580.5 2740.0
1550.0 2010.5 2471.0
1550.0 1875.5 2201.0
1550.0 1814.0 2078.0
1550.0 1597.5 1645.0
1437.0 1493.5 1550.0
1096.0 1323.0 1550.0
1096.0 1323.0 1550.0
1096.0 1323.0 1550.0
1096.0 1323.0 1550.0
1096.0 1323.0 1550.0
1096.0 1131.5 1167.0
1096.0 1131.5 1167.0
1050.0 1073.0 1096.0
1050.0 1073.0 1096.0
782.0 939.0 1096.0
782.0 939.0 1096.0
782.0 939.0 1096.0
782.0 939.0 1096.0
782.0 939.0 1096.0
782.0 939.0 1096.0
782.0 939.0 1096.0
782.0 939.0 1096.0
782.0 939.0 1096.0
782.0 939.0 1096.0
782.0 939.0 1096.0
782.0 939.0 1096.0
782.0 939.0 1096.0
782.0 939.0 1096.0
782.0 939.0 1096.0
782.0 939.0 1096.0
782.0 939.0 1096.0
782.0 939.0 1096.0
782.0 939.0 1096.0
782.0 939.0 1096.0
782.0 939.0 1096.0
782.0 939.0 1096.0
782.0 939.0 1096.0
782.0 939.0 1096.0
782.0 939.0 1096.0
782.0 939.0 1096.0
782.0 939.0 1096.0
782.0 939.0 1096.0
782.0 939.0 1096.0
782.0 939.0 1096.0
782.0 939.0 1096.0
782.0 939.0 1096.0
782.0 939.0 1096.0
782.0 939.0 1096.0
782.0 939.0 1096.0
782.0 939.0 1096.0
782.0 939.0 1096.0
782.0 939.0 1096.0
782.0 939.0 1096.0
782.0 939.0 1096.0
782.0 939.0 1096.0
782.0 939.0 1096.0
782.0 939.0 1096.0
782.0 939.0 1096.0
782.0 939.0 1096.0
782.0 939.0 1096.0
782.0 939.0 1096.0
782.0 939.0 1096.0
782.0 939.0 1096.0
782.0 939.0 1096.0
782.0 939.0 1096.0
782.0 939.0 1096.0
782.0 939.0 1096.0
782.0 939.0 1096.0
782.0 939.0 1096.0
782.0 939.0 1096.0
782.0 939.0 1096.0
782.0 939.0 1096.0
782.0 939.0 1096.0
782.0 939.0 1096.0
782.0 939.0 1096.0
782.0 939.0 1096.0
782.0 939.0 1096.0
782.0 939.0 1096.0
782.0 939.0 1096.0
782.0 939.0 1096.0
782.0 939.0 1096.0
782.0 939.0 1096.0
782.0 939.0 1096.0
782.0 939.0 1096.0
782.0 939.0 1096.0
782.0 939.0 1096.0
782.0 939.0 1096.0
782.0 939.0 1096.0
782.0 939.0 1096.0
782.0 939.0 1096.0
782.0 939.0 1096.0
782.0 939.0 1096.0
782.0 939.0 1096.0
782.0 939.0 1096.0
782.0 939.0 1096.0
782.0 939.0 1096.0
782.0 939.0 1096.0
782.0 939.0 1096.0
782.0 939.0 1096.0
782.0 939.0 1096.0
782.0 939.0 1096.0
782.0 939.0 1096.0
782.0 939.0 1096.0
782.0 939.0 1096.0
782.0 939.0 1096.0
782.0 939.0 1096.0
782.0 939.0 1096.0
782.0 939.0 1096.0
782.0 939.0 1096.0
782.0 939.0 1096.0
782.0 939.0 1096.0
782.0 939.0 1096.0
782.0 939.0 1096.0
782.0 939.0 1096.0
782.0 939.0 1096.0
782.0 939.0 1096.0
782.0 939.0 1096.0
782.0 939.0 1096.0
782.0 939.0 1096.0
782.0 939.0 1096.0
782.0 939.0 1096.0
782.0 939.0 1096.0
782.0 939.0 1096.0
782.0 939.0 1096.0
782.0 939.0 1096.0
782.0 939.0 1096.0
782.0 939.0 1096.0
782.0 939.0 1096.0
782.0 939.0 1096.0
782.0 939.0 1096.0
782.0 939.0 1096.0
782.0 939.0 1096.0
782.0 939.0 1096.0
782.0 939.0 1096.0
782.0 939.0 1096.0
782.0 939.0 1096.0
782.0 939.0 1096.0
782.0 939.0 1096.0
782.0 939.0 1096.0
782.0 939.0 1096.0
782.0 939.0 1096.0
782.0 939.0 1096.0
782.0 939.0 1096.0
782.0 939.0 1096.0
782.0 939.0 1096.0
782.0 939.0 1096.0
782.0 939.0 1096.0
782.0 939.0 1096.0
782.0 939.0 1096.0
782.0 939.0 1096.0
782.0 939.0 1096.0
782.0 939.0 1096.0
782.0 939.0 1096.0
782.0 939.0 1096.0
782.0 939.0 1096.0
782.0 939.0 1096.0
782.0 939.0 1096.0
782.0 939.0 1096.0
782.0 939.0 1096.0
782.0 939.0 1096.0
782.0 939.0 1096.0
782.0 939.0 1096.0
782.0 939.0 1096.0
782.0 939.0 1096.0
782.0 939.0 1096.0
782.0 939.0 1096.0
782.0 939.0 1096.0
782.0 939.0 1096.0
782.0 939.0 1096.0
782.0 939.0 1096.0
782.0 939.0 1096.0
782.0 939.0 1096.0
782.0 939.0 1096.0
782.0 939.0 1096.0
782.0 939.0 1096.0
782.0 939.0 1096.0
782.0 939.0 1096.0
782.0 939.0 1096.0
782.0 939.0 1096.0
782.0 939.0 1096.0
782.0 939.0 1096.0
782.0 939.0 1096.0
782.0 939.0 1096.0
782.0 939.0 1096.0
782.0 939.0 1096.0
782.0 939.0 1096.0
782.0 939.0 1096.0
782.0 939.0 1096.0
782.0 939.0 1096.0
782.0 939.0 1096.0
782.0 939.0 1096.0
782.0 939.0 1096.0
