14773.0 16193.5 17614.0
11767.0 12753.0 13739.0
10252.0 11390.0 12528.0
9695.0 10771.5 11848.0
6979.0 7374.0 7769.0
6077.0 6651.0 7225.0
3964.0 5661.5 7359.0
3009.0 4026.5 5044.0
2825.0 3998.5 5172.0
2825.0 3998.5 5172.0
2353.0 3762.5 5172.0
2019.0 3171.0 4323.0
2019.0 2372.5 2726.0
2019.0 2372.5 2726.0
2019.0 2372.5 2726.0
2019.0 2372.5 2726.0
2019.0 2372.5 2726.0
2019.0 2372.5 2726.0
2019.0 2372.5 2726.0
2019.0 2372.5 2726.0
2019.0 2372.5 2726.0
2019.0 2556.0 3093.0
1633.0 1826.0 2019.0
1633.0 1826.0 2019.0
1633.0 1826.0 2019.0
1633.0 1826.0 2019.0
1633.0 1826.0 2019.0
1633.0 1645.5 1658.0
1487.0 1560.0 1633.0
1487.0 1560.0 1633.0
1487.0 1560.0 1633.0
1487.0 1560.0 1633.0
1487.0 1560.0 1633.0
1487.0 1560.0 1633.0
1487.0 1560.0 1633.0
1487.0 1560.0 1633.0
1487.0 1560.0 1633.0
1487.0 1560.0 1633.0
1487.0 1560.0 1633.0
1487.0 1560.0 1633.0
1487.0 1560.0 1633.0
1487.0 1560.0 1633.0
1487.0 1560.0 1633.0
1487.0 1560.0 1633.0
1487.0 1560.0 1633.0
1487.0 1560.0 1633.0
1487.0 1560.0 1633.0
1487.0 1560.0 1633.0
1487.0 1560.0 1633.0
1487.0 1560.0 1633.0
1487.0 1560.0 1633.0
1487.0 1560.0 1633.0
1487.0 1560.0 1633.0
1487.0 1560.0 1633.0
1487.0 1560.0 1633.0
1487.0 1560.0 1633.0
1487.0 1560.0 1633.0
1487.0 1560.0 1633.0
1487.0 1560.0 1633.0
1487.0 1560.0 1633.0
1487.0 1560.0 1633.0
1487.0 1560.0 1633.0
1487.0 1560.0 1633.0
1487.0 1560.0 1633.0
1487.0 1560.0 1633.0
1487.0 1560.0 1633.0
1487.0 1560.0 1633.0
1487.0 1560.0 1633.0
1487.0 1560.0 1633.0
1487.0 1560.0 1633.0
1487.0 1560.0 1633.0
1487.0 1560.0 1633.0
1487.0 1560.0 1633.0
1487.0 1560.0 1633.0
1487.0 1560.0 1633.0
1487.0 1560.0 1633.0
1487.0 1560.0 1633.0
1487.0 1560.0 1633.0
1487.0 1560.0 1633.0
1487.0 1560.0 1633.0
1487.0 1560.0 1633.0
1487.0 1560.0 1633.0
1487.0 1560.0 1633.0
1487.0 1560.0 1633.0
1487.0 1560.0 1633.0
1487.0 1560.0 1633.0
1487.0 1560.0 1633.0
1487.0 1560.0 1633.0
1156.0 1321.5 1487.0
857.0 1172.0 1487.0
857.0 1172.0 1487.0
857.0 1172.0 1487.0
857.0 1172.0 1487.0
857.0 1172.0 1487.0
857.0 1172.0 1487.0
857.0 1172.0 1487.0
857.0 1172.0 1487.0
857.0 1172.0 1487.0
857.0 1172.0 1487.0
857.0 1172.0 1487.0
857.0 1172.0 1487.0
857.0 1172.0 1487.0
857.0 1172.0 1487.0
857.0 1172.0 1487.0
857.0 1172.0 1487.0
857.0 1172.0 1487.0
857.0 1172.0 1487.0
857.0 1172.0 1487.0
857.0 1172.0 1487.0
857.0 1172.0 1487.0
857.0 1172.0 1487.0
857.0 1172.0 1487.0
857.0 1172.0 1487.0
857.0 1172.0 1487.0
857.0 1172.0 1487.0
857.0 1172.0 1487.0
857.0 1172.0 1487.0
857.0 1172.0 1487.0
857.0 1172.0 1487.0
857.0 1172.0 1487.0
857.0 1172.0 1487.0
857.0 1172.0 1487.0
857.0 1172.0 1487.0
857.0 1172.0 1487.0
857.0 1172.0 1487.0
857.0 1172.0 1487.0
857.0 1172.0 1487.0
857.0 1172.0 1487.0
857.0 1172.0 1487.0
857.0 1172.0 1487.0
857.0 1172.0 1487.0
857.0 1172.0 1487.0
857.0 1172.0 1487.0
857.0 1172.0 1487.0
857.0 1172.0 1487.0
857.0 1172.0 1487.0
857.0 1172.0 1487.0
857.0 1172.0 1487.0
857.0 1172.0 1487.0
857.0 1172.0 1487.0
857.0 1172.0 1487.0
857.0 1172.0 1487.0
857.0 1172.0 1487.0
857.0 1172.0 1487.0
857.0 1172.0 1487.0
857.0 1172.0 1487.0
857.0 1172.0 1487.0
857.0 1172.0 1487.0
857.0 1172.0 1487.0
857.0 1172.0 1487.0
857.0 1172.0 1487.0
857.0 1172.0 1487.0
857.0 1172.0 1487.0
857.0 1172.0 1487.0
857.0 1172.0 1487.0
857.0 1172.0 1487.0
857.0 1172.0 1487.0
857.0 1172.0 1487.0
857.0 1172.0 1487.0
857.0 1172.0 1487.0
857.0 1172.0 1487.0
857.0 1172.0 1487.0
857.0 1172.0 1487.0
857.0 1172.0 1487.0
857.0 1172.0 1487.0
857.0 1172.0 1487.0
857.0 1172.0 1487.0
857.0 1172.0 1487.0
857.0 1172.0 1487.0
857.0 1172.0 1487.0
857.0 1172.0 1487.0
857.0 1172.0 1487.0
857.0 1172.0 1487.0
857.0 1172.0 1487.0
857.0 1172.0 1487.0
857.0 1172.0 1487.0
857.0 1172.0 1487.0
857.0 1172.0 1487.0
857.0 1172.0 1487.0
857.0 1172.0 1487.0
857.0 1172.0 1487.0
857.0 1172.0 1487.0
857.0 1172.0 1487.0
857.0 1172.0 1487.0
857.0 1172.0 1487.0
857.0 1172.0 1487.0
857.0 1172.0 1487.0
857.0 1172.0 1487.0
857.0 1172.0 1487.0
857.0 1172.0 1487.0
857.0 1172.0 1487.0
857.0 1172.0 1487.0
857.0 1172.0 1487.0
857.0 1172.0 1487.0
857.0 1172.0 1487.0
857.0 1172.0 1487.0
857.0 1172.0 1487.0
857.0 1172.0 1487.0
857.0 1172.0 1487.0
857.0 1172.0 1487.0
