12400.0 12906.5 13413.0
11412.0 11827.0 12242.0
9040.0 9170.0 9300.0
6937.0 6973.0 7009.0
4916.0 5609.0 6302.0
3410.0 3430.5 3451.0
2679.0 3357.5 4036.0
3203.0 3602.0 4001.0
2113.0 2622.5 3132.0
1278.0 1695.5 2113.0
1278.0 1678.5 2079.0
1143.0 1459.5 1776.0
1143.0 1611.0 2079.0
1143.0 1611.0 2079.0
1143.0 1611.0 2079.0
1143.0 1611.0 2079.0
1143.0 1611.0 2079.0
1143.0 1611.0 2079.0
1143.0 1611.0 2079.0
1143.0 1611.0 2079.0
1143.0 1611.0 2079.0
1143.0 1611.0 2079.0
1143.0 1611.0 2079.0
1143.0 1171.5 1200.0
1143.0 1171.5 1200.0
1143.0 1171.5 1200.0
1143.0 1171.5 1200.0
1143.0 1171.5 1200.0
1143.0 1171.5 1200.0
1143.0 1171.5 1200.0
1143.0 1171.5 1200.0
1143.0 1171.5 1200.0
1143.0 1171.5 1200.0
1143.0 1171.5 1200.0
1143.0 1171.5 1200.0
1143.0 1171.5 1200.0
1143.0 1171.5 1200.0
1143.0 1171.5 1200.0
1143.0 1171.5 1200.0
1143.0 1171.5 1200.0
1143.0 1171.5 1200.0
1143.0 1171.5 1200.0
1143.0 1171.5 1200.0
1143.0 1171.5 1200.0
1143.0 1171.5 1200.0
1143.0 1171.5 1200.0
1143.0 1171.5 1200.0
1143.0 1171.5 1200.0
1143.0 1171.5 1200.0
1143.0 1171.5 1200.0
1143.0 1171.5 1200.0
1143.0 1171.5 1200.0
1143.0 1171.5 1200.0
1143.0 1171.5 1200.0
1143.0 1171.5 1200.0
1143.0 1171.5 1200.0
1143.0 1171.5 1200.0
1143.0 1171.5 1200.0
1143.0 1171.5 1200.0
1143.0 1171.5 1200.0
1143.0 1171.5 1200.0
1143.0 1171.5 1200.0
1143.0 1171.5 1200.0
1143.0 1171.5 1200.0
1143.0 1171.5 1200.0
1143.0 1171.5 1200.0
1143.0 1171.5 1200.0
1143.0 1171.5 1200.0
1143.0 1171.5 1200.0
1143.0 1171.5 1200.0
1143.0 1171.5 1200.0
1143.0 1171.5 1200.0
1143.0 1171.5 1200.0
1143.0 1171.5 1200.0
1143.0 1171.5 1200.0
1143.0 1171.5 1200.0
1143.0 1171.5 1200.0
1143.0 1171.5 1200.0
1143.0 1171.5 1200.0
1143.0 1171.5 1200.0
1143.0 1171.5 1200.0
1143.0 1171.5 1200.0
1143.0 1171.5 1200.0
1143.0 1171.5 1200.0
1143.0 1160.0 1177.0
1143.0 1160.0 1177.0
1143.0 1160.0 1177.0
1143.0 1221.5 1300.0
1143.0 1221.5 1300.0
1143.0 1221.5 1300.0
1143.0 1221.5 1300.0
1143.0 1221.5 1300.0
1143.0 1221.5 1300.0
1143.0 1221.5 1300.0
1143.0 1221.5 1300.0
1143.0 1221.5 1300.0
1143.0 1221.5 1300.0
1143.0 1221.5 1300.0
1143.0 1221.5 1300.0
1143.0 1221.5 1300.0
1143.0 1221.5 1300.0
1143.0 1221.5 1300.0
1143.0 1221.5 1300.0
1300.0 1312.0 1324.0
1300.0 1312.0 1324.0
1300.0 1312.0 1324.0
1300.0 1312.0 1324.0
1300.0 1312.0 1324.0
1300.0 1312.0 1324.0
1300.0 1312.0 1324.0
1300.0 1312.0 1324.0
1300.0 1312.0 1324.0
1300.0 1312.0 1324.0
1300.0 1312.0 1324.0
1300.0 1312.0 1324.0
1300.0 1312.0 1324.0
1300.0 1312.0 1324.0
1300.0 1312.0 1324.0
1300.0 1312.0 1324.0
1300.0 1312.0 1324.0
1300.0 1312.0 1324.0
1300.0 1312.0 1324.0
1300.0 1312.0 1324.0
1300.0 1312.0 1324.0
1300.0 1312.0 1324.0
1300.0 1312.0 1324.0
1300.0 1312.0 1324.0
1300.0 1312.0 1324.0
1300.0 1312.0 1324.0
1300.0 1312.0 1324.0
1300.0 1312.0 1324.0
1300.0 1312.0 1324.0
1300.0 1312.0 1324.0
1300.0 1312.0 1324.0
1300.0 1312.0 1324.0
1300.0 1312.0 1324.0
1300.0 1312.0 1324.0
1300.0 1312.0 1324.0
1300.0 1312.0 1324.0
1300.0 1312.0 1324.0
1300.0 1312.0 1324.0
1300.0 1312.0 1324.0
1300.0 1312.0 1324.0
1300.0 1312.0 1324.0
1300.0 1312.0 1324.0
1300.0 1312.0 1324.0
1300.0 1312.0 1324.0
1300.0 1312.0 1324.0
1300.0 1312.0 1324.0
1300.0 1312.0 1324.0
1300.0 1312.0 1324.0
1300.0 1312.0 1324.0
1300.0 1312.0 1324.0
1300.0 1312.0 1324.0
1300.0 1312.0 1324.0
1300.0 1312.0 1324.0
1300.0 1312.0 1324.0
1300.0 1312.0 1324.0
1300.0 1312.0 1324.0
1300.0 1312.0 1324.0
1300.0 1312.0 1324.0
1300.0 1312.0 1324.0
1300.0 1312.0 1324.0
1300.0 1312.0 1324.0
1300.0 1312.0 1324.0
1300.0 1312.0 1324.0
1300.0 1312.0 1324.0
1300.0 1312.0 1324.0
1300.0 1312.0 1324.0
1300.0 1312.0 1324.0
1300.0 1312.0 1324.0
1300.0 1312.0 1324.0
1300.0 1312.0 1324.0
1300.0 1312.0 1324.0
1300.0 1312.0 1324.0
1300.0 1312.0 1324.0
1300.0 1312.0 1324.0
1300.0 1312.0 1324.0
1300.0 1312.0 1324.0
1300.0 1312.0 1324.0
1300.0 1312.0 1324.0
1300.0 1312.0 1324.0
1300.0 1312.0 1324.0
1300.0 1312.0 1324.0
1300.0 1312.0 1324.0
1300.0 1312.0 1324.0
1300.0 1312.0 1324.0
1300.0 1312.0 1324.0
1300.0 1312.0 1324.0
1300.0 1312.0 1324.0
1300.0 1312.0 1324.0
1300.0 1312.0 1324.0
1300.0 1312.0 1324.0
1300.0 1312.0 1324.0
1300.0 1312.0 1324.0
1300.0 1312.0 1324.0
1300.0 1312.0 1324.0
1300.0 1312.0 1324.0
1300.0 1312.0 1324.0
1300.0 1312.0 1324.0
