14270.0 14493.5 14717.0
12507.0 12512.0 12517.0
9925.0 10539.5 11154.0
7288.0 8399.5 9511.0
7193.0 7450.5 7708.0
4649.0 4706.0 4763.0
3311.0 3980.0 4649.0
1948.0 3002.5 4057.0
1948.0 2905.5 3863.0
1948.0 2905.5 3863.0
1948.0 2353.5 2759.0
1948.0 2353.5 2759.0
1948.0 2353.5 2759.0
1948.0 2182.5 2417.0
1796.0 1872.0 1948.0
1822.0 1885.0 1948.0
1822.0 1885.0 1948.0
1822.0 1885.0 1948.0
1880.0 1914.0 1948.0
1511.0 1729.5 1948.0
1511.0 1729.5 1948.0
1511.0 1729.5 1948.0
1511.0 1729.5 1948.0
1511.0 1729.5 1948.0
1511.0 1729.5 1948.0
1511.0 1729.5 1948.0
1511.0 1729.5 1948.0
1511.0 1729.5 1948.0
1511.0 1729.5 1948.0
1511.0 1729.5 1948.0
1511.0 1729.5 1948.0
1511.0 1729.5 1948.0
1511.0 1729.5 1948.0
1511.0 1729.5 1948.0
1511.0 1848.0 2185.0
1511.0 1625.0 1739.0
1511.0 1625.0 1739.0
1511.0 1625.0 1739.0
1511.0 1625.0 1739.0
1511.0 1625.0 1739.0
1511.0 1625.0 1739.0
1511.0 1625.0 1739.0
1511.0 1625.0 1739.0
1511.0 1625.0 1739.0
1511.0 1625.0 1739.0
1511.0 1625.0 1739.0
1511.0 1625.0 1739.0
1511.0 1625.0 1739.0
1511.0 1625.0 1739.0
1511.0 1625.0 1739.0
1511.0 1625.0 1739.0
1364.0 1437.5 1511.0
1364.0 1437.5 1511.0
1364.0 1437.5 1511.0
1364.0 1437.5 1511.0
1364.0 1437.5 1511.0
1364.0 1437.5 1511.0
1364.0 1437.5 1511.0
1364.0 1437.5 1511.0
1364.0 1437.5 1511.0
1364.0 1437.5 1511.0
1364.0 1437.5 1511.0
1364.0 1437.5 1511.0
1364.0 1437.5 1511.0
1364.0 1437.5 1511.0
1364.0 1437.5 1511.0
1364.0 1437.5 1511.0
1364.0 1437.5 1511.0
1364.0 1437.5 1511.0
1364.0 1437.5 1511.0
1364.0 1437.5 1511.0
1364.0 1437.5 1511.0
1364.0 1437.5 1511.0
1364.0 1437.5 1511.0
1364.0 1437.5 1511.0
1364.0 1437.5 1511.0
1364.0 1437.5 1511.0
1364.0 1437.5 1511.0
1364.0 1437.5 1511.0
1364.0 1437.5 1511.0
1364.0 1437.5 1511.0
1364.0 1437.5 1511.0
1364.0 1437.5 1511.0
1364.0 1437.5 1511.0
1364.0 1437.5 1511.0
1364.0 1437.5 1511.0
1364.0 1437.5 1511.0
1364.0 1437.5 1511.0
1364.0 1437.5 1511.0
1364.0 1437.5 1511.0
1364.0 1437.5 1511.0
1364.0 1437.5 1511.0
1364.0 1437.5 1511.0
1364.0 1437.5 1511.0
1364.0 1437.5 1511.0
1364.0 1437.5 1511.0
1364.0 1437.5 1511.0
1364.0 1437.5 1511.0
1364.0 1437.5 1511.0
1364.0 1437.5 1511.0
1364.0 1437.5 1511.0
1364.0 1437.5 1511.0
1364.0 1437.5 1511.0
1364.0 1437.5 1511.0
1364.0 1437.5 1511.0
1364.0 1437.5 1511.0
1364.0 1437.5 1511.0
1364.0 1437.5 1511.0
1364.0 1437.5 1511.0
1364.0 1437.5 1511.0
1364.0 1437.5 1511.0
1243.0 1303.5 1364.0
1243.0 1303.5 1364.0
1243.0 1303.5 1364.0
1243.0 1303.5 1364.0
1243.0 1303.5 1364.0
1243.0 1303.5 1364.0
1243.0 1303.5 1364.0
1243.0 1303.5 1364.0
1243.0 1303.5 1364.0
1243.0 1303.5 1364.0
1243.0 1303.5 1364.0
1243.0 1303.5 1364.0
1243.0 1303.5 1364.0
1243.0 1303.5 1364.0
1243.0 1303.5 1364.0
1243.0 1303.5 1364.0
1243.0 1303.5 1364.0
1243.0 1303.5 1364.0
1243.0 1303.5 1364.0
1243.0 1303.5 1364.0
1243.0 1303.5 1364.0
1243.0 1303.5 1364.0
1243.0 1303.5 1364.0
1243.0 1303.5 1364.0
1243.0 1303.5 1364.0
1243.0 1303.5 1364.0
1243.0 1303.5 1364.0
1243.0 1303.5 1364.0
1243.0 1303.5 1364.0
1243.0 1303.5 1364.0
1243.0 1303.5 1364.0
1243.0 1303.5 1364.0
1243.0 1303.5 1364.0
1243.0 1303.5 1364.0
1243.0 1303.5 1364.0
1243.0 1303.5 1364.0
1243.0 1303.5 1364.0
1243.0 1303.5 1364.0
1243.0 1303.5 1364.0
1243.0 1303.5 1364.0
1243.0 1303.5 1364.0
1243.0 1303.5 1364.0
1243.0 1303.5 1364.0
1243.0 1303.5 1364.0
1243.0 1303.5 1364.0
1243.0 1303.5 1364.0
1243.0 1303.5 1364.0
1243.0 1303.5 1364.0
1243.0 1303.5 1364.0
1243.0 1303.5 1364.0
1243.0 1303.5 1364.0
1243.0 1303.5 1364.0
1243.0 1303.5 1364.0
1243.0 1303.5 1364.0
1243.0 1303.5 1364.0
1243.0 1303.5 1364.0
1243.0 1303.5 1364.0
1243.0 1303.5 1364.0
1243.0 1303.5 1364.0
1243.0 1303.5 1364.0
1243.0 1303.5 1364.0
1243.0 1303.5 1364.0
1243.0 1303.5 1364.0
1243.0 1303.5 1364.0
1243.0 1303.5 1364.0
1243.0 1303.5 1364.0
1243.0 1303.5 1364.0
1243.0 1303.5 1364.0
1243.0 1303.5 1364.0
1243.0 1303.5 1364.0
1243.0 1303.5 1364.0
1243.0 1303.5 1364.0
1243.0 1303.5 1364.0
1243.0 1303.5 1364.0
1243.0 1303.5 1364.0
1243.0 1303.5 1364.0
1243.0 1303.5 1364.0
1243.0 1303.5 1364.0
1243.0 1303.5 1364.0
1243.0 1303.5 1364.0
1243.0 1303.5 1364.0
1243.0 1303.5 1364.0
1243.0 1303.5 1364.0
1243.0 1303.5 1364.0
1243.0 1303.5 1364.0
1243.0 1303.5 1364.0
1243.0 1303.5 1364.0
1243.0 1303.5 1364.0
1243.0 1303.5 1364.0
