9925.0 10602.0 11279.0
8558.0 10191.5 11825.0
7317.0 7852.0 8387.0
5343.0 6013.5 6684.0
4089.0 4131.5 4174.0
3055.0 3342.5 3630.0
2818.0 3019.0 3220.0
1449.0 2103.5 2758.0
1449.0 1571.0 1693.0
1449.0 1571.0 1693.0
1449.0 1571.0 1693.0
1449.0 1571.0 1693.0
1449.0 1571.0 1693.0
1449.0 1571.0 1693.0
1449.0 1563.5 1678.0
935.0 1192.0 1449.0
935.0 1192.0 1449.0
851.0 1150.0 1449.0
851.0 1150.0 1449.0
809.0 1129.0 1449.0
809.0 1129.0 1449.0
809.0 1129.0 1449.0
809.0 1129.0 1449.0
809.0 1129.0 1449.0
809.0 1129.0 1449.0
809.0 1129.0 1449.0
809.0 1129.0 1449.0
809.0 1129.0 1449.0
809.0 1129.0 1449.0
809.0 1129.0 1449.0
809.0 1129.0 1449.0
809.0 1129.0 1449.0
809.0 1129.0 1449.0
809.0 1129.0 1449.0
809.0 1059.0 1309.0
809.0 964.0 1119.0
809.0 918.5 1028.0
809.0 918.5 1028.0
809.0 918.5 1028.0
809.0 918.5 1028.0
809.0 918.5 1028.0
809.0 918.5 1028.0
809.0 918.5 1028.0
809.0 918.5 1028.0
809.0 918.5 1028.0
809.0 918.5 1028.0
809.0 918.5 1028.0
809.0 918.5 1028.0
809.0 918.5 1028.0
809.0 918.5 1028.0
809.0 918.5 1028.0
809.0 918.5 1028.0
809.0 918.5 1028.0
809.0 918.5 1028.0
809.0 918.5 1028.0
809.0 918.5 1028.0
809.0 918.5 1028.0
809.0 918.5 1028.0
809.0 918.5 1028.0
809.0 918.5 1028.0
809.0 918.5 1028.0
809.0 918.5 1028.0
809.0 918.5 1028.0
809.0 918.5 1028.0
809.0 918.5 1028.0
809.0 918.5 1028.0
809.0 918.5 1028.0
809.0 918.5 1028.0
809.0 918.5 1028.0
809.0 918.5 1028.0
809.0 918.5 1028.0
809.0 918.5 1028.0
809.0 918.5 1028.0
809.0 918.5 1028.0
809.0 918.5 1028.0
809.0 918.5 1028.0
809.0 918.5 1028.0
809.0 918.5 1028.0
809.0 918.5 1028.0
809.0 918.5 1028.0
809.0 918.5 1028.0
809.0 918.5 1028.0
809.0 918.5 1028.0
809.0 918.5 1028.0
809.0 918.5 1028.0
809.0 918.5 1028.0
809.0 918.5 1028.0
809.0 918.5 1028.0
809.0 918.5 1028.0
809.0 918.5 1028.0
809.0 918.5 1028.0
809.0 918.5 1028.0
809.0 918.5 1028.0
809.0 918.5 1028.0
809.0 918.5 1028.0
809.0 918.5 1028.0
809.0 918.5 1028.0
809.0 918.5 1028.0
809.0 918.5 1028.0
809.0 918.5 1028.0
809.0 918.5 1028.0
809.0 918.5 1028.0
809.0 918.5 1028.0
809.0 918.5 1028.0
809.0 918.5 1028.0
809.0 918.5 1028.0
809.0 918.5 1028.0
809.0 918.5 1028.0
809.0 918.5 1028.0
809.0 918.5 1028.0
809.0 918.5 1028.0
809.0 918.5 1028.0
809.0 918.5 1028.0
809.0 918.5 1028.0
809.0 918.5 1028.0
809.0 918.5 1028.0
809.0 918.5 1028.0
809.0 918.5 1028.0
809.0 918.5 1028.0
809.0 918.5 1028.0
809.0 918.5 1028.0
809.0 918.5 1028.0
809.0 918.5 1028.0
809.0 918.5 1028.0
809.0 918.5 1028.0
809.0 918.5 1028.0
809.0 918.5 1028.0
809.0 918.5 1028.0
809.0 918.5 1028.0
809.0 918.5 1028.0
809.0 918.5 1028.0
809.0 918.5 1028.0
809.0 918.5 1028.0
809.0 918.5 1028.0
809.0 918.5 1028.0
809.0 918.5 1028.0
809.0 918.5 1028.0
809.0 918.5 1028.0
809.0 918.5 1028.0
809.0 918.5 1028.0
809.0 918.5 1028.0
809.0 918.5 1028.0
809.0 918.5 1028.0
809.0 918.5 1028.0
809.0 918.5 1028.0
809.0 918.5 1028.0
809.0 918.5 1028.0
809.0 918.5 1028.0
809.0 918.5 1028.0
809.0 918.5 1028.0
809.0 918.5 1028.0
809.0 918.5 1028.0
809.0 918.5 1028.0
809.0 918.5 1028.0
809.0 918.5 1028.0
809.0 918.5 1028.0
809.0 918.5 1028.0
809.0 918.5 1028.0
809.0 918.5 1028.0
809.0 918.5 1028.0
809.0 918.5 1028.0
809.0 918.5 1028.0
809.0 918.5 1028.0
809.0 918.5 1028.0
809.0 918.5 1028.0
809.0 918.5 1028.0
809.0 918.5 1028.0
809.0 918.5 1028.0
809.0 918.5 1028.0
809.0 918.5 1028.0
809.0 918.5 1028.0
809.0 918.5 1028.0
809.0 918.5 1028.0
809.0 918.5 1028.0
809.0 918.5 1028.0
809.0 918.5 1028.0
809.0 918.5 1028.0
809.0 918.5 1028.0
809.0 918.5 1028.0
809.0 918.5 1028.0
809.0 918.5 1028.0
809.0 918.5 1028.0
809.0 918.5 1028.0
809.0 918.5 1028.0
809.0 918.5 1028.0
809.0 918.5 1028.0
809.0 918.5 1028.0
809.0 918.5 1028.0
809.0 918.5 1028.0
809.0 918.5 1028.0
809.0 918.5 1028.0
809.0 918.5 1028.0
809.0 918.5 1028.0
809.0 918.5 1028.0
809.0 820.0 831.0
809.0 820.0 831.0
809.0 820.0 831.0
809.0 820.0 831.0
809.0 820.0 831.0
809.0 820.0 831.0
