10545.0 10653.5 10762.0
9338.0 9550.0 9762.0
5866.0 6856.0 7846.0
4134.0 4204.5 4275.0
4134.0 4252.0 4370.0
2100.0 2336.0 2572.0
2091.0 2331.5 2572.0
2091.0 2358.0 2625.0
1526.0 1808.5 2091.0
1526.0 1808.5 2091.0
1526.0 1801.0 2076.0
1526.0 1801.0 2076.0
1526.0 1535.0 1544.0
1526.0 1601.5 1677.0
1526.0 1535.0 1544.0
1526.0 1535.0 1544.0
1198.0 1362.0 1526.0
1198.0 1362.0 1526.0
1198.0 1362.0 1526.0
1198.0 1362.0 1526.0
1198.0 1362.0 1526.0
1198.0 1362.0 1526.0
1198.0 1362.0 1526.0
1198.0 1362.0 1526.0
1198.0 1362.0 1526.0
1198.0 1362.0 1526.0
1198.0 1362.0 1526.0
1198.0 1362.0 1526.0
1198.0 1362.0 1526.0
1198.0 1362.0 1526.0
1198.0 1362.0 1526.0
1198.0 1362.0 1526.0
1198.0 1362.0 1526.0
1198.0 1362.0 1526.0
1198.0 1362.0 1526.0
1198.0 1362.0 1526.0
1198.0 1362.0 1526.0
1198.0 1362.0 1526.0
1198.0 1362.0 1526.0
1198.0 1362.0 1526.0
1198.0 1362.0 1526.0
1198.0 1362.0 1526.0
1198.0 1362.0 1526.0
1198.0 1362.0 1526.0
1198.0 1362.0 1526.0
1198.0 1503.0 1808.0
1198.0 1381.0 1564.0
1198.0 1381.0 1564.0
1198.0 1381.0 1564.0
1198.0 1381.0 1564.0
1198.0 1381.0 1564.0
1198.0 1381.0 1564.0
1198.0 1381.0 1564.0
1198.0 1381.0 1564.0
1198.0 1381.0 1564.0
1198.0 1381.0 1564.0
1198.0 1381.0 1564.0
1198.0 1381.0 1564.0
1198.0 1381.0 1564.0
1198.0 1381.0 1564.0
1198.0 1381.0 1564.0
1198.0 1381.0 1564.0
1198.0 1381.0 1564.0
1198.0 1381.0 1564.0
1198.0 1381.0 1564.0
1198.0 1381.0 1564.0
1198.0 1381.0 1564.0
1198.0 1381.0 1564.0
1198.0 1381.0 1564.0
1198.0 1381.0 1564.0
1198.0 1381.0 1564.0
1198.0 1381.0 1564.0
1198.0 1381.0 1564.0
1198.0 1381.0 1564.0
1198.0 1381.0 1564.0
1198.0 1381.0 1564.0
1198.0 1381.0 1564.0
1198.0 1381.0 1564.0
1198.0 1381.0 1564.0
1198.0 1381.0 1564.0
1198.0 1381.0 1564.0
1198.0 1381.0 1564.0
1198.0 1381.0 1564.0
1198.0 1381.0 1564.0
1198.0 1381.0 1564.0
1198.0 1381.0 1564.0
1198.0 1381.0 1564.0
1198.0 1381.0 1564.0
1198.0 1381.0 1564.0
1198.0 1381.0 1564.0
1198.0 1381.0 1564.0
1198.0 1381.0 1564.0
1198.0 1381.0 1564.0
1198.0 1381.0 1564.0
1198.0 1381.0 1564.0
1198.0 1381.0 1564.0
1198.0 1262.0 1326.0
1130.0 1164.0 1198.0
891.0 1044.5 1198.0
891.0 1044.5 1198.0
808.0 1003.0 1198.0
808.0 1003.0 1198.0
875.0 1036.5 1198.0
875.0 1036.5 1198.0
875.0 1036.5 1198.0
875.0 1036.5 1198.0
875.0 1036.5 1198.0
875.0 1036.5 1198.0
875.0 1036.5 1198.0
875.0 1036.5 1198.0
875.0 1036.5 1198.0
875.0 1036.5 1198.0
875.0 1036.5 1198.0
875.0 1036.5 1198.0
875.0 1036.5 1198.0
875.0 1036.5 1198.0
875.0 1036.5 1198.0
875.0 1036.5 1198.0
875.0 1036.5 1198.0
875.0 1036.5 1198.0
875.0 1036.5 1198.0
875.0 1036.5 1198.0
875.0 1036.5 1198.0
875.0 1036.5 1198.0
875.0 1036.5 1198.0
875.0 1036.5 1198.0
875.0 991.5 1108.0
875.0 991.5 1108.0
875.0 991.5 1108.0
875.0 991.5 1108.0
875.0 991.5 1108.0
875.0 991.5 1108.0
875.0 991.5 1108.0
875.0 991.5 1108.0
875.0 991.5 1108.0
875.0 991.5 1108.0
875.0 991.5 1108.0
875.0 991.5 1108.0
875.0 991.5 1108.0
875.0 991.5 1108.0
875.0 991.5 1108.0
875.0 991.5 1108.0
875.0 991.5 1108.0
875.0 991.5 1108.0
875.0 991.5 1108.0
875.0 991.5 1108.0
875.0 991.5 1108.0
875.0 991.5 1108.0
875.0 991.5 1108.0
875.0 991.5 1108.0
875.0 991.5 1108.0
875.0 991.5 1108.0
875.0 991.5 1108.0
875.0 991.5 1108.0
875.0 991.5 1108.0
875.0 991.5 1108.0
875.0 991.5 1108.0
875.0 991.5 1108.0
875.0 991.5 1108.0
875.0 991.5 1108.0
875.0 991.5 1108.0
875.0 991.5 1108.0
875.0 991.5 1108.0
875.0 991.5 1108.0
875.0 991.5 1108.0
875.0 991.5 1108.0
875.0 991.5 1108.0
875.0 991.5 1108.0
875.0 991.5 1108.0
875.0 991.5 1108.0
875.0 991.5 1108.0
875.0 991.5 1108.0
875.0 991.5 1108.0
875.0 991.5 1108.0
875.0 991.5 1108.0
875.0 991.5 1108.0
875.0 991.5 1108.0
875.0 991.5 1108.0
875.0 991.5 1108.0
875.0 991.5 1108.0
875.0 991.5 1108.0
875.0 991.5 1108.0
875.0 991.5 1108.0
875.0 991.5 1108.0
875.0 991.5 1108.0
875.0 991.5 1108.0
875.0 991.5 1108.0
875.0 991.5 1108.0
875.0 991.5 1108.0
875.0 991.5 1108.0
875.0 991.5 1108.0
875.0 991.5 1108.0
875.0 991.5 1108.0
875.0 991.5 1108.0
875.0 991.5 1108.0
875.0 991.5 1108.0
875.0 991.5 1108.0
875.0 991.5 1108.0
875.0 991.5 1108.0
875.0 991.5 1108.0
