11787.0 12895.5 14004.0
8417.0 10341.5 12266.0
6686.0 8341.5 9997.0
7032.0 7033.5 7035.0
4852.0 5942.0 7032.0
3562.0 4207.0 4852.0
3560.0 3561.0 3562.0
3560.0 3603.0 3646.0
2134.0 2409.5 2685.0
2134.0 2409.5 2685.0
2134.0 2409.5 2685.0
2134.0 2409.5 2685.0
2134.0 2409.5 2685.0
1928.0 2306.5 2685.0
1928.0 2306.5 2685.0
1968.0 2326.5 2685.0
1968.0 2326.5 2685.0
1778.0 1994.5 2211.0
1778.0 1890.5 2003.0
1778.0 1890.5 2003.0
1778.0 1890.5 2003.0
1778.0 1890.5 2003.0
1585.0 1681.5 1778.0
1585.0 1681.5 1778.0
1549.0 1663.5 1778.0
1549.0 1663.5 1778.0
1549.0 1663.5 1778.0
1549.0 1663.5 1778.0
1549.0 1663.5 1778.0
1549.0 1663.5 1778.0
1549.0 1663.5 1778.0
1549.0 1663.5 1778.0
1549.0 1663.5 1778.0
1549.0 1663.5 1778.0
1549.0 1663.5 1778.0
1549.0 1663.5 1778.0
1549.0 1663.5 1778.0
1549.0 1663.5 1778.0
1549.0 1663.5 1778.0
1549.0 1663.5 1778.0
1549.0 1663.5 1778.0
1549.0 1663.5 1778.0
1549.0 1663.5 1778.0
1549.0 1663.5 1778.0
1549.0 1663.5 1778.0
1549.0 1649.0 1749.0
1455.0 1502.0 1549.0
1455.0 1502.0 1549.0
1455.0 1502.0 1549.0
1455.0 1502.0 1549.0
1455.0 1502.0 1549.0
1455.0 1502.0 1549.0
1455.0 1502.0 1549.0
1455.0 1502.0 1549.0
1455.0 1502.0 1549.0
1455.0 1502.0 1549.0
1455.0 1502.0 1549.0
1455.0 1502.0 1549.0
1455.0 1502.0 1549.0
1455.0 1502.0 1549.0
1455.0 1502.0 1549.0
1455.0 1502.0 1549.0
1455.0 1502.0 1549.0
1455.0 1502.0 1549.0
1455.0 1502.0 1549.0
1455.0 1502.0 1549.0
1455.0 1502.0 1549.0
1455.0 1502.0 1549.0
1455.0 1502.0 1549.0
1455.0 1502.0 1549.0
1455.0 1502.0 1549.0
1455.0 1502.0 1549.0
1455.0 1502.0 1549.0
1455.0 1502.0 1549.0
1455.0 1502.0 1549.0
1455.0 1502.0 1549.0
1455.0 1502.0 1549.0
1455.0 1502.0 1549.0
1455.0 1502.0 1549.0
1455.0 1502.0 1549.0
1455.0 1502.0 1549.0
1455.0 1502.0 1549.0
1455.0 1502.0 1549.0
1455.0 1502.0 1549.0
1455.0 1502.0 1549.0
1455.0 1502.0 1549.0
1455.0 1502.0 1549.0
1455.0 1502.0 1549.0
1455.0 1502.0 1549.0
1455.0 1502.0 1549.0
1455.0 1502.0 1549.0
1455.0 1502.0 1549.0
1455.0 1502.0 1549.0
1455.0 1502.0 1549.0
1455.0 1502.0 1549.0
1455.0 1502.0 1549.0
1455.0 1502.0 1549.0
1455.0 1502.0 1549.0
1455.0 1502.0 1549.0
1455.0 1502.0 1549.0
1455.0 1502.0 1549.0
1455.0 1502.0 1549.0
1455.0 1502.0 1549.0
1455.0 1502.0 1549.0
1455.0 1502.0 1549.0
1455.0 1502.0 1549.0
1455.0 1502.0 1549.0
1455.0 1502.0 1549.0
1455.0 1502.0 1549.0
1455.0 1502.0 1549.0
1455.0 1502.0 1549.0
1455.0 1502.0 1549.0
1455.0 1502.0 1549.0
1455.0 1502.0 1549.0
1455.0 1502.0 1549.0
1455.0 1502.0 1549.0
1455.0 1502.0 1549.0
1455.0 1502.0 1549.0
1455.0 1502.0 1549.0
1455.0 1502.0 1549.0
1455.0 1502.0 1549.0
1455.0 1502.0 1549.0
1455.0 1502.0 1549.0
1455.0 1502.0 1549.0
1455.0 1502.0 1549.0
1455.0 1502.0 1549.0
1455.0 1502.0 1549.0
1455.0 1502.0 1549.0
1455.0 1502.0 1549.0
1455.0 1502.0 1549.0
1455.0 1502.0 1549.0
1455.0 1502.0 1549.0
1455.0 1502.0 1549.0
1455.0 1502.0 1549.0
1455.0 1502.0 1549.0
1455.0 1502.0 1549.0
1455.0 1502.0 1549.0
1455.0 1502.0 1549.0
1455.0 1502.0 1549.0
1455.0 1502.0 1549.0
1455.0 1502.0 1549.0
1455.0 1502.0 1549.0
1455.0 1502.0 1549.0
1455.0 1502.0 1549.0
1455.0 1502.0 1549.0
1455.0 1502.0 1549.0
1455.0 1502.0 1549.0
1455.0 1502.0 1549.0
1455.0 1502.0 1549.0
1395.0 1472.0 1549.0
1395.0 1472.0 1549.0
1395.0 1472.0 1549.0
1395.0 1472.0 1549.0
1395.0 1472.0 1549.0
1395.0 1472.0 1549.0
1395.0 1472.0 1549.0
1395.0 1472.0 1549.0
1395.0 1472.0 1549.0
1395.0 1472.0 1549.0
1395.0 1472.0 1549.0
1395.0 1472.0 1549.0
1395.0 1472.0 1549.0
1395.0 1472.0 1549.0
1395.0 1472.0 1549.0
1395.0 1472.0 1549.0
1395.0 1472.0 1549.0
1395.0 1472.0 1549.0
1395.0 1472.0 1549.0
1395.0 1472.0 1549.0
1395.0 1472.0 1549.0
1395.0 1472.0 1549.0
1395.0 1472.0 1549.0
1395.0 1472.0 1549.0
1395.0 1472.0 1549.0
1395.0 1472.0 1549.0
1395.0 1472.0 1549.0
1395.0 1472.0 1549.0
1395.0 1472.0 1549.0
1395.0 1472.0 1549.0
1395.0 1472.0 1549.0
1395.0 1472.0 1549.0
1395.0 1472.0 1549.0
1395.0 1472.0 1549.0
1395.0 1472.0 1549.0
1395.0 1472.0 1549.0
1395.0 1472.0 1549.0
1395.0 1472.0 1549.0
1395.0 1472.0 1549.0
1395.0 1472.0 1549.0
1395.0 1472.0 1549.0
1395.0 1472.0 1549.0
1395.0 1472.0 1549.0
1395.0 1472.0 1549.0
1395.0 1472.0 1549.0
1395.0 1472.0 1549.0
1395.0 1472.0 1549.0
1395.0 1472.0 1549.0
1395.0 1472.0 1549.0
1395.0 1472.0 1549.0
1395.0 1472.0 1549.0
