11853.0 12691.5 13530.0
10978.0 11035.5 11093.0
9903.0 10498.0 11093.0
7109.0 7366.5 7624.0
5834.0 6870.0 7906.0
3911.0 5625.5 7340.0
3911.0 4596.0 5281.0
2770.0 4025.5 5281.0
2770.0 3751.0 4732.0
2685.0 2876.0 3067.0
2685.0 2876.0 3067.0
2405.0 2545.0 2685.0
2405.0 2545.0 2685.0
2405.0 2545.0 2685.0
2405.0 2545.0 2685.0
2405.0 2545.0 2685.0
2405.0 2545.0 2685.0
2405.0 2545.0 2685.0
2405.0 2545.0 2685.0
2405.0 2545.0 2685.0
2293.0 2349.0 2405.0
2237.0 2321.0 2405.0
2237.0 2321.0 2405.0
2237.0 2321.0 2405.0
1410.0 1823.5 2237.0
1410.0 1823.5 2237.0
1269.0 1753.0 2237.0
1269.0 1753.0 2237.0
1269.0 1753.0 2237.0
1269.0 1753.0 2237.0
1269.0 1753.0 2237.0
1269.0 1753.0 2237.0
1269.0 1753.0 2237.0
1269.0 1753.0 2237.0
1269.0 1753.0 2237.0
1269.0 1753.0 2237.0
1269.0 1753.0 2237.0
1269.0 1753.0 2237.0
1269.0 1753.0 2237.0
1269.0 1753.0 2237.0
1269.0 1753.0 2237.0
1269.0 1753.0 2237.0
1269.0 1753.0 2237.0
1269.0 1753.0 2237.0
1269.0 1753.0 2237.0
1269.0 1753.0 2237.0
1269.0 1753.0 2237.0
1269.0 1753.0 2237.0
1269.0 1753.0 2237.0
1269.0 1493.0 1717.0
1269.0 1413.0 1557.0
1269.0 1359.5 1450.0
1269.0 1359.5 1450.0
1269.0 1359.5 1450.0
1269.0 1359.5 1450.0
1269.0 1359.5 1450.0
1269.0 1359.5 1450.0
1269.0 1359.5 1450.0
1269.0 1359.5 1450.0
1269.0 1359.5 1450.0
1269.0 1359.5 1450.0
1269.0 1359.5 1450.0
1269.0 1359.5 1450.0
1269.0 1359.5 1450.0
1269.0 1359.5 1450.0
1269.0 1359.5 1450.0
1269.0 1359.5 1450.0
1269.0 1359.5 1450.0
1269.0 1359.5 1450.0
1269.0 1359.5 1450.0
1269.0 1359.5 1450.0
1269.0 1359.5 1450.0
1269.0 1359.5 1450.0
1269.0 1359.5 1450.0
1269.0 1359.5 1450.0
1269.0 1359.5 1450.0
1269.0 1359.5 1450.0
1269.0 1359.5 1450.0
1269.0 1359.5 1450.0
1269.0 1359.5 1450.0
1269.0 1359.5 1450.0
1269.0 1359.5 1450.0
1269.0 1359.5 1450.0
1269.0 1359.5 1450.0
1269.0 1359.5 1450.0
1269.0 1359.5 1450.0
1269.0 1359.5 1450.0
1269.0 1359.5 1450.0
1269.0 1359.5 1450.0
1269.0 1359.5 1450.0
1269.0 1359.5 1450.0
1269.0 1359.5 1450.0
1269.0 1359.5 1450.0
1269.0 1359.5 1450.0
1269.0 1359.5 1450.0
1269.0 1359.5 1450.0
1269.0 1359.5 1450.0
1269.0 1359.5 1450.0
1269.0 1359.5 1450.0
1269.0 1359.5 1450.0
1269.0 1359.5 1450.0
1269.0 1359.5 1450.0
1269.0 1359.5 1450.0
1269.0 1359.5 1450.0
1269.0 1359.5 1450.0
1269.0 1359.5 1450.0
1269.0 1359.5 1450.0
1269.0 1359.5 1450.0
1269.0 1359.5 1450.0
1269.0 1359.5 1450.0
1269.0 1359.5 1450.0
1269.0 1359.5 1450.0
1269.0 1359.5 1450.0
1269.0 1359.5 1450.0
1269.0 1359.5 1450.0
1269.0 1359.5 1450.0
1269.0 1359.5 1450.0
1269.0 1359.5 1450.0
1269.0 1359.5 1450.0
1269.0 1359.5 1450.0
1269.0 1359.5 1450.0
1269.0 1359.5 1450.0
1269.0 1359.5 1450.0
1269.0 1359.5 1450.0
1269.0 1359.5 1450.0
1269.0 1359.5 1450.0
1269.0 1359.5 1450.0
1269.0 1359.5 1450.0
1269.0 1359.5 1450.0
1269.0 1359.5 1450.0
1269.0 1359.5 1450.0
1269.0 1359.5 1450.0
1269.0 1359.5 1450.0
1269.0 1359.5 1450.0
1269.0 1359.5 1450.0
1269.0 1359.5 1450.0
1269.0 1359.5 1450.0
1269.0 1359.5 1450.0
1269.0 1359.5 1450.0
1269.0 1359.5 1450.0
1269.0 1359.5 1450.0
1269.0 1359.5 1450.0
1269.0 1359.5 1450.0
1269.0 1359.5 1450.0
1269.0 1359.5 1450.0
1269.0 1359.5 1450.0
1269.0 1359.5 1450.0
1269.0 1359.5 1450.0
1269.0 1359.5 1450.0
1269.0 1359.5 1450.0
1217.0 1333.5 1450.0
1217.0 1423.0 1629.0
1217.0 1423.0 1629.0
1106.0 1161.5 1217.0
1106.0 1161.5 1217.0
1106.0 1161.5 1217.0
1106.0 1161.5 1217.0
1106.0 1161.5 1217.0
1106.0 1161.5 1217.0
1106.0 1161.5 1217.0
1106.0 1161.5 1217.0
1106.0 1161.5 1217.0
1106.0 1161.5 1217.0
1106.0 1161.5 1217.0
1106.0 1161.5 1217.0
1106.0 1161.5 1217.0
1106.0 1161.5 1217.0
1106.0 1161.5 1217.0
1106.0 1161.5 1217.0
1106.0 1161.5 1217.0
1106.0 1161.5 1217.0
1106.0 1161.5 1217.0
1106.0 1161.5 1217.0
1106.0 1161.5 1217.0
1106.0 1161.5 1217.0
1106.0 1161.5 1217.0
1106.0 1161.5 1217.0
1106.0 1161.5 1217.0
1106.0 1161.5 1217.0
1106.0 1161.5 1217.0
1106.0 1161.5 1217.0
1106.0 1161.5 1217.0
1106.0 1161.5 1217.0
1106.0 1161.5 1217.0
1106.0 1161.5 1217.0
1106.0 1161.5 1217.0
1106.0 1161.5 1217.0
1106.0 1161.5 1217.0
1106.0 1161.5 1217.0
1106.0 1161.5 1217.0
1106.0 1161.5 1217.0
1106.0 1161.5 1217.0
1106.0 1161.5 1217.0
1106.0 1161.5 1217.0
1106.0 1161.5 1217.0
1106.0 1161.5 1217.0
1106.0 1161.5 1217.0
1106.0 1161.5 1217.0
1106.0 1161.5 1217.0
1106.0 1161.5 1217.0
