13247.0 13248.5 13250.0
11852.0 12638.0 13424.0
8610.0 10463.5 12317.0
7257.0 7944.0 8631.0
6550.0 7099.5 7649.0
5625.0 5669.0 5713.0
4713.0 5133.0 5553.0
3561.0 3588.0 3615.0
2779.0 3092.0 3405.0
2410.0 2498.0 2586.0
1774.0 2180.0 2586.0
1774.0 2180.0 2586.0
1774.0 2180.0 2586.0
1774.0 2180.0 2586.0
1774.0 2180.0 2586.0
1774.0 2180.0 2586.0
1774.0 2180.0 2586.0
1774.0 2180.0 2586.0
1774.0 2180.0 2586.0
1774.0 2180.0 2586.0
1774.0 1943.5 2113.0
1774.0 1943.5 2113.0
1774.0 1943.5 2113.0
1774.0 1943.5 2113.0
1774.0 1943.5 2113.0
1774.0 1943.5 2113.0
1774.0 1943.5 2113.0
1774.0 1943.5 2113.0
1774.0 1943.5 2113.0
1774.0 1943.5 2113.0
1774.0 1943.5 2113.0
1774.0 1943.5 2113.0
1774.0 1943.5 2113.0
2027.0 2070.0 2113.0
2027.0 2070.0 2113.0
2027.0 2070.0 2113.0
1670.0 1848.5 2027.0
1670.0 1848.5 2027.0
1670.0 1848.5 2027.0
1670.0 1848.5 2027.0
1670.0 1848.5 2027.0
1670.0 1848.5 2027.0
1513.0 1770.0 2027.0
1530.0 1778.5 2027.0
1530.0 1625.0 1720.0
1246.0 1388.0 1530.0
1246.0 1388.0 1530.0
1246.0 1388.0 1530.0
1246.0 1388.0 1530.0
1246.0 1388.0 1530.0
1246.0 1388.0 1530.0
1246.0 1388.0 1530.0
1246.0 1388.0 1530.0
1246.0 1388.0 1530.0
1246.0 1388.0 1530.0
1246.0 1388.0 1530.0
1246.0 1388.0 1530.0
1246.0 1388.0 1530.0
1246.0 1388.0 1530.0
1246.0 1388.0 1530.0
1246.0 1388.0 1530.0
1246.0 1388.0 1530.0
1246.0 1388.0 1530.0
1246.0 1388.0 1530.0
1246.0 1388.0 1530.0
1246.0 1388.0 1530.0
1246.0 1388.0 1530.0
1246.0 1388.0 1530.0
1246.0 1388.0 1530.0
1246.0 1388.0 1530.0
1246.0 1388.0 1530.0
1246.0 1388.0 1530.0
1246.0 1388.0 1530.0
1246.0 1388.0 1530.0
1246.0 1388.0 1530.0
1246.0 1388.0 1530.0
1246.0 1388.0 1530.0
1246.0 1388.0 1530.0
1246.0 1388.0 1530.0
1246.0 1388.0 1530.0
1246.0 1388.0 1530.0
1246.0 1388.0 1530.0
1246.0 1388.0 1530.0
1246.0 1388.0 1530.0
1246.0 1388.0 1530.0
1246.0 1388.0 1530.0
1246.0 1388.0 1530.0
1246.0 1388.0 1530.0
1246.0 1388.0 1530.0
1246.0 1388.0 1530.0
1246.0 1388.0 1530.0
1246.0 1388.0 1530.0
1246.0 1388.0 1530.0
1246.0 1388.0 1530.0
1246.0 1388.0 1530.0
1246.0 1388.0 1530.0
1246.0 1388.0 1530.0
1246.0 1388.0 1530.0
1246.0 1388.0 1530.0
1246.0 1388.0 1530.0
1246.0 1388.0 1530.0
1246.0 1388.0 1530.0
1246.0 1388.0 1530.0
1246.0 1388.0 1530.0
1246.0 1388.0 1530.0
1246.0 1388.0 1530.0
1246.0 1388.0 1530.0
1246.0 1318.0 1390.0
1246.0 1318.0 1390.0
1246.0 1318.0 1390.0
1246.0 1318.0 1390.0
1246.0 1318.0 1390.0
1246.0 1318.0 1390.0
1246.0 1318.0 1390.0
1246.0 1318.0 1390.0
1246.0 1318.0 1390.0
1246.0 1318.0 1390.0
1246.0 1318.0 1390.0
1246.0 1318.0 1390.0
1246.0 1318.0 1390.0
1246.0 1318.0 1390.0
1246.0 1318.0 1390.0
1246.0 1318.0 1390.0
1246.0 1318.0 1390.0
1246.0 1318.0 1390.0
1246.0 1318.0 1390.0
1246.0 1318.0 1390.0
1246.0 1318.0 1390.0
1246.0 1318.0 1390.0
1246.0 1318.0 1390.0
1246.0 1318.0 1390.0
1246.0 1318.0 1390.0
1246.0 1318.0 1390.0
1246.0 1318.0 1390.0
1246.0 1318.0 1390.0
1246.0 1318.0 1390.0
1246.0 1318.0 1390.0
1246.0 1318.0 1390.0
1246.0 1318.0 1390.0
1246.0 1318.0 1390.0
1246.0 1318.0 1390.0
1246.0 1318.0 1390.0
1246.0 1318.0 1390.0
1246.0 1318.0 1390.0
1246.0 1318.0 1390.0
1246.0 1318.0 1390.0
1246.0 1318.0 1390.0
1246.0 1318.0 1390.0
1246.0 1318.0 1390.0
1246.0 1318.0 1390.0
1246.0 1318.0 1390.0
1246.0 1318.0 1390.0
1246.0 1318.0 1390.0
1246.0 1318.0 1390.0
1246.0 1318.0 1390.0
1246.0 1318.0 1390.0
1246.0 1318.0 1390.0
1246.0 1318.0 1390.0
1246.0 1318.0 1390.0
1246.0 1318.0 1390.0
1246.0 1318.0 1390.0
1246.0 1318.0 1390.0
1246.0 1318.0 1390.0
1246.0 1318.0 1390.0
1246.0 1318.0 1390.0
1246.0 1318.0 1390.0
1246.0 1318.0 1390.0
1246.0 1318.0 1390.0
1246.0 1318.0 1390.0
1246.0 1318.0 1390.0
1246.0 1318.0 1390.0
1246.0 1318.0 1390.0
1246.0 1318.0 1390.0
1246.0 1318.0 1390.0
1246.0 1318.0 1390.0
1246.0 1318.0 1390.0
1246.0 1318.0 1390.0
1246.0 1318.0 1390.0
1246.0 1318.0 1390.0
1246.0 1318.0 1390.0
1246.0 1318.0 1390.0
1246.0 1318.0 1390.0
1246.0 1318.0 1390.0
1246.0 1318.0 1390.0
1246.0 1318.0 1390.0
1246.0 1318.0 1390.0
1246.0 1318.0 1390.0
1246.0 1318.0 1390.0
1246.0 1318.0 1390.0
1246.0 1318.0 1390.0
1246.0 1318.0 1390.0
1246.0 1318.0 1390.0
1246.0 1318.0 1390.0
1246.0 1318.0 1390.0
1246.0 1318.0 1390.0
1246.0 1318.0 1390.0
1246.0 1318.0 1390.0
1246.0 1318.0 1390.0
1246.0 1318.0 1390.0
1246.0 1318.0 1390.0
