11195.0 11223.0 11251.0
9771.0 9861.5 9952.0
8303.0 9549.5 10796.0
6636.0 7424.0 8212.0
4075.0 5675.0 7275.0
3829.0 4355.5 4882.0
3771.0 3800.0 3829.0
3771.0 4266.0 4761.0
3769.0 3845.0 3921.0
2438.0 2601.0 2764.0
2422.0 2593.0 2764.0
2542.0 2597.5 2653.0
2542.0 2597.5 2653.0
2542.0 2597.5 2653.0
2542.0 2597.5 2653.0
2542.0 2597.5 2653.0
2542.0 2597.5 2653.0
2542.0 2597.5 2653.0
2443.0 2492.5 2542.0
2443.0 2492.5 2542.0
1934.0 2238.0 2542.0
1851.0 1892.5 1934.0
1851.0 1892.5 1934.0
1851.0 1892.5 1934.0
1851.0 1892.5 1934.0
1851.0 1892.5 1934.0
1851.0 1892.5 1934.0
1851.0 1892.5 1934.0
1934.0 2034.5 2135.0
1446.0 1690.0 1934.0
1446.0 1690.0 1934.0
1446.0 1690.0 1934.0
1446.0 1690.0 1934.0
1446.0 1690.0 1934.0
1446.0 1690.0 1934.0
1446.0 1690.0 1934.0
1446.0 1690.0 1934.0
1446.0 1690.0 1934.0
1446.0 1690.0 1934.0
1446.0 1690.0 1934.0
1446.0 1690.0 1934.0
1446.0 1690.0 1934.0
1446.0 1690.0 1934.0
1446.0 1690.0 1934.0
1343.0 1394.5 1446.0
1343.0 1394.5 1446.0
951.0 1198.5 1446.0
951.0 1198.5 1446.0
951.0 1198.5 1446.0
951.0 1198.5 1446.0
951.0 1198.5 1446.0
951.0 1198.5 1446.0
951.0 1198.5 1446.0
951.0 1198.5 1446.0
951.0 1198.5 1446.0
951.0 1198.5 1446.0
951.0 1198.5 1446.0
951.0 1198.5 1446.0
951.0 1198.5 1446.0
951.0 1198.5 1446.0
951.0 1198.5 1446.0
951.0 1198.5 1446.0
951.0 1198.5 1446.0
951.0 1198.5 1446.0
951.0 1198.5 1446.0
951.0 1198.5 1446.0
951.0 1198.5 1446.0
951.0 1198.5 1446.0
951.0 1198.5 1446.0
951.0 1198.5 1446.0
951.0 1198.5 1446.0
951.0 1198.5 1446.0
951.0 1198.5 1446.0
951.0 1198.5 1446.0
951.0 1198.5 1446.0
951.0 1198.5 1446.0
951.0 1198.5 1446.0
951.0 1198.5 1446.0
951.0 1198.5 1446.0
951.0 1198.5 1446.0
951.0 1198.5 1446.0
951.0 1198.5 1446.0
951.0 1198.5 1446.0
951.0 1198.5 1446.0
951.0 1198.5 1446.0
951.0 1198.5 1446.0
951.0 1198.5 1446.0
951.0 1198.5 1446.0
951.0 1198.5 1446.0
951.0 1198.5 1446.0
951.0 1198.5 1446.0
951.0 1198.5 1446.0
951.0 1198.5 1446.0
951.0 1198.5 1446.0
951.0 1198.5 1446.0
951.0 1198.5 1446.0
951.0 1198.5 1446.0
951.0 1198.5 1446.0
951.0 1198.5 1446.0
951.0 1198.5 1446.0
951.0 1198.5 1446.0
951.0 1198.5 1446.0
951.0 1198.5 1446.0
951.0 1198.5 1446.0
951.0 1198.5 1446.0
951.0 1303.0 1655.0
951.0 1157.5 1364.0
951.0 1157.5 1364.0
951.0 1157.5 1364.0
951.0 1157.5 1364.0
951.0 1157.5 1364.0
951.0 1157.5 1364.0
951.0 1157.5 1364.0
951.0 1157.5 1364.0
951.0 1157.5 1364.0
951.0 1157.5 1364.0
951.0 1157.5 1364.0
951.0 1157.5 1364.0
951.0 1157.5 1364.0
951.0 1157.5 1364.0
951.0 1157.5 1364.0
951.0 1157.5 1364.0
951.0 1157.5 1364.0
951.0 1157.5 1364.0
951.0 1157.5 1364.0
951.0 1157.5 1364.0
951.0 1157.5 1364.0
951.0 1157.5 1364.0
951.0 1157.5 1364.0
951.0 1157.5 1364.0
951.0 1157.5 1364.0
951.0 1157.5 1364.0
951.0 1157.5 1364.0
951.0 1157.5 1364.0
951.0 1157.5 1364.0
951.0 1157.5 1364.0
951.0 1157.5 1364.0
951.0 1157.5 1364.0
951.0 1157.5 1364.0
951.0 1157.5 1364.0
951.0 1157.5 1364.0
951.0 1157.5 1364.0
951.0 1157.5 1364.0
951.0 1157.5 1364.0
951.0 1157.5 1364.0
951.0 1157.5 1364.0
951.0 1157.5 1364.0
951.0 1157.5 1364.0
951.0 1157.5 1364.0
951.0 1157.5 1364.0
951.0 1157.5 1364.0
951.0 1157.5 1364.0
951.0 1157.5 1364.0
951.0 1157.5 1364.0
951.0 1157.5 1364.0
951.0 1157.5 1364.0
951.0 1157.5 1364.0
951.0 1157.5 1364.0
951.0 1157.5 1364.0
951.0 1157.5 1364.0
951.0 1157.5 1364.0
951.0 1157.5 1364.0
951.0 1157.5 1364.0
951.0 1157.5 1364.0
951.0 1157.5 1364.0
951.0 1157.5 1364.0
951.0 1157.5 1364.0
951.0 1157.5 1364.0
951.0 1157.5 1364.0
951.0 1157.5 1364.0
951.0 1157.5 1364.0
951.0 1157.5 1364.0
951.0 1157.5 1364.0
951.0 1157.5 1364.0
951.0 1157.5 1364.0
951.0 1157.5 1364.0
951.0 1157.5 1364.0
951.0 1157.5 1364.0
951.0 1157.5 1364.0
951.0 1157.5 1364.0
951.0 1157.5 1364.0
951.0 1157.5 1364.0
951.0 1157.5 1364.0
951.0 1157.5 1364.0
951.0 1157.5 1364.0
951.0 1157.5 1364.0
951.0 1157.5 1364.0
951.0 1157.5 1364.0
951.0 1157.5 1364.0
951.0 1157.5 1364.0
951.0 1157.5 1364.0
951.0 1157.5 1364.0
951.0 1157.5 1364.0
951.0 1157.5 1364.0
951.0 1157.5 1364.0
951.0 1157.5 1364.0
951.0 1157.5 1364.0
951.0 1157.5 1364.0
951.0 1157.5 1364.0
951.0 1157.5 1364.0
