11709.0 12161.0 12613.0
11482.0 11595.5 11709.0
9562.0 10615.5 11669.0
8419.0 8544.5 8670.0
7691.0 7781.5 7872.0
4961.0 5214.0 5467.0
4961.0 5503.5 6046.0
3111.0 3518.5 3926.0
3371.0 4100.5 4830.0
3342.0 4086.0 4830.0
3342.0 3482.5 3623.0
2661.0 3142.0 3623.0
2093.0 2858.0 3623.0
1805.0 2714.0 3623.0
1611.0 2617.0 3623.0
1164.0 2393.5 3623.0
1164.0 1631.0 2098.0
1164.0 1631.0 2098.0
1164.0 1631.0 2098.0
1164.0 1631.0 2098.0
1164.0 1631.0 2098.0
1164.0 1631.0 2098.0
1164.0 1631.0 2098.0
1164.0 1631.0 2098.0
1164.0 1631.0 2098.0
1164.0 1631.0 2098.0
1164.0 1631.0 2098.0
1164.0 1631.0 2098.0
1164.0 1631.0 2098.0
1164.0 1631.0 2098.0
1164.0 1631.0 2098.0
1164.0 1631.0 2098.0
1164.0 1631.0 2098.0
1164.0 1631.0 2098.0
1164.0 1631.0 2098.0
1164.0 1631.0 2098.0
1164.0 1631.0 2098.0
1164.0 1631.0 2098.0
1164.0 1631.0 2098.0
1164.0 1631.0 2098.0
1164.0 1631.0 2098.0
1164.0 1631.0 2098.0
1164.0 1631.0 2098.0
1164.0 1631.0 2098.0
1164.0 1631.0 2098.0
1164.0 1631.0 2098.0
1164.0 1631.0 2098.0
1164.0 1631.0 2098.0
1164.0 1631.0 2098.0
1164.0 1631.0 2098.0
1164.0 1631.0 2098.0
1164.0 1631.0 2098.0
1164.0 1631.0 2098.0
1164.0 1631.0 2098.0
1164.0 1631.0 2098.0
1164.0 1631.0 2098.0
1164.0 1631.0 2098.0
1164.0 1631.0 2098.0
1164.0 1631.0 2098.0
1164.0 1631.0 2098.0
1164.0 1631.0 2098.0
1164.0 1631.0 2098.0
1164.0 1631.0 2098.0
1164.0 1631.0 2098.0
1164.0 1631.0 2098.0
1164.0 1631.0 2098.0
1164.0 1631.0 2098.0
1164.0 1631.0 2098.0
1164.0 1631.0 2098.0
1164.0 1631.0 2098.0
1164.0 1631.0 2098.0
1164.0 1631.0 2098.0
1164.0 1631.0 2098.0
1164.0 1631.0 2098.0
1164.0 1581.5 1999.0
1164.0 1581.5 1999.0
1164.0 1581.5 1999.0
1164.0 1581.5 1999.0
1164.0 1581.5 1999.0
1164.0 1581.5 1999.0
1164.0 1581.5 1999.0
1164.0 1581.5 1999.0
1164.0 1581.5 1999.0
1164.0 1581.5 1999.0
1164.0 1581.5 1999.0
1164.0 1192.0 1220.0
1164.0 1192.0 1220.0
1164.0 1192.0 1220.0
1164.0 1192.0 1220.0
1164.0 1192.0 1220.0
1164.0 1192.0 1220.0
1164.0 1192.0 1220.0
1164.0 1192.0 1220.0
1164.0 1192.0 1220.0
1164.0 1192.0 1220.0
1164.0 1192.0 1220.0
1164.0 1192.0 1220.0
1164.0 1192.0 1220.0
1164.0 1192.0 1220.0
1164.0 1192.0 1220.0
1164.0 1192.0 1220.0
1164.0 1192.0 1220.0
1164.0 1192.0 1220.0
1164.0 1192.0 1220.0
1164.0 1192.0 1220.0
1164.0 1192.0 1220.0
1164.0 1192.0 1220.0
1164.0 1192.0 1220.0
1164.0 1192.0 1220.0
1164.0 1192.0 1220.0
1164.0 1192.0 1220.0
1164.0 1192.0 1220.0
1164.0 1192.0 1220.0
1164.0 1192.0 1220.0
1164.0 1192.0 1220.0
1164.0 1192.0 1220.0
1164.0 1192.0 1220.0
1164.0 1192.0 1220.0
1164.0 1192.0 1220.0
1164.0 1192.0 1220.0
1164.0 1192.0 1220.0
1164.0 1192.0 1220.0
1164.0 1192.0 1220.0
1164.0 1192.0 1220.0
1164.0 1192.0 1220.0
1164.0 1192.0 1220.0
1164.0 1192.0 1220.0
1164.0 1192.0 1220.0
1164.0 1192.0 1220.0
1164.0 1192.0 1220.0
1164.0 1192.0 1220.0
1164.0 1192.0 1220.0
1164.0 1192.0 1220.0
1164.0 1192.0 1220.0
1164.0 1192.0 1220.0
1164.0 1192.0 1220.0
1164.0 1192.0 1220.0
1164.0 1192.0 1220.0
1164.0 1192.0 1220.0
1164.0 1192.0 1220.0
1164.0 1192.0 1220.0
1164.0 1192.0 1220.0
1164.0 1192.0 1220.0
1164.0 1192.0 1220.0
1164.0 1192.0 1220.0
1164.0 1192.0 1220.0
1164.0 1192.0 1220.0
1164.0 1192.0 1220.0
1164.0 1192.0 1220.0
1164.0 1192.0 1220.0
1164.0 1192.0 1220.0
1164.0 1192.0 1220.0
1164.0 1192.0 1220.0
1164.0 1192.0 1220.0
1164.0 1192.0 1220.0
1164.0 1192.0 1220.0
1164.0 1192.0 1220.0
1164.0 1192.0 1220.0
1164.0 1192.0 1220.0
1164.0 1192.0 1220.0
1164.0 1192.0 1220.0
1164.0 1192.0 1220.0
1164.0 1192.0 1220.0
1164.0 1192.0 1220.0
1164.0 1192.0 1220.0
1164.0 1192.0 1220.0
1164.0 1192.0 1220.0
1164.0 1192.0 1220.0
1164.0 1192.0 1220.0
1164.0 1192.0 1220.0
1164.0 1192.0 1220.0
1164.0 1192.0 1220.0
1164.0 1192.0 1220.0
1164.0 1192.0 1220.0
1164.0 1192.0 1220.0
1164.0 1192.0 1220.0
1164.0 1192.0 1220.0
1164.0 1192.0 1220.0
1164.0 1192.0 1220.0
1164.0 1192.0 1220.0
1164.0 1192.0 1220.0
1164.0 1192.0 1220.0
1164.0 1192.0 1220.0
1164.0 1192.0 1220.0
1164.0 1192.0 1220.0
1164.0 1192.0 1220.0
1164.0 1192.0 1220.0
1164.0 1192.0 1220.0
1164.0 1192.0 1220.0
1164.0 1192.0 1220.0
1164.0 1192.0 1220.0
1164.0 1192.0 1220.0
1164.0 1192.0 1220.0
1164.0 1192.0 1220.0
1164.0 1192.0 1220.0
1164.0 1192.0 1220.0
1164.0 1192.0 1220.0
1164.0 1192.0 1220.0
1164.0 1192.0 1220.0
1164.0 1192.0 1220.0
