11201.0 13208.5 15216.0
9134.0 10481.5 11829.0
8532.0 8983.0 9434.0
6537.0 6938.5 7340.0
4999.0 6002.0 7005.0
4259.0 5101.0 5943.0
4623.0 4706.0 4789.0
3222.0 3369.0 3516.0
2892.0 3057.0 3222.0
2892.0 3057.0 3222.0
2892.0 3057.0 3222.0
2582.0 2737.0 2892.0
2473.0 2754.5 3036.0
1808.0 2062.5 2317.0
1808.0 2062.5 2317.0
1808.0 2062.5 2317.0
1808.0 2062.5 2317.0
1808.0 2062.5 2317.0
1808.0 2062.5 2317.0
1808.0 2062.5 2317.0
1808.0 2062.5 2317.0
1808.0 2062.5 2317.0
1808.0 2062.5 2317.0
1808.0 2062.5 2317.0
1808.0 2062.5 2317.0
1808.0 2062.5 2317.0
1808.0 2062.5 2317.0
1814.0 2065.5 2317.0
1814.0 2065.5 2317.0
1767.0 2042.0 2317.0
1767.0 2042.0 2317.0
1767.0 2042.0 2317.0
1767.0 2042.0 2317.0
1767.0 2042.0 2317.0
1767.0 2042.0 2317.0
1767.0 2042.0 2317.0
1767.0 2042.0 2317.0
1767.0 2042.0 2317.0
1767.0 2042.0 2317.0
1767.0 2042.0 2317.0
1740.0 1753.5 1767.0
1583.0 1675.0 1767.0
1396.0 1433.0 1470.0
1209.0 1302.5 1396.0
1209.0 1302.5 1396.0
1209.0 1302.5 1396.0
1209.0 1302.5 1396.0
1209.0 1302.5 1396.0
1209.0 1302.5 1396.0
1209.0 1302.5 1396.0
1209.0 1302.5 1396.0
1209.0 1302.5 1396.0
1209.0 1302.5 1396.0
1209.0 1302.5 1396.0
1209.0 1302.5 1396.0
1209.0 1302.5 1396.0
1209.0 1302.5 1396.0
1209.0 1302.5 1396.0
1209.0 1302.5 1396.0
1209.0 1302.5 1396.0
1209.0 1302.5 1396.0
1209.0 1302.5 1396.0
1209.0 1302.5 1396.0
1209.0 1302.5 1396.0
1209.0 1302.5 1396.0
1209.0 1302.5 1396.0
1209.0 1302.5 1396.0
1209.0 1302.5 1396.0
1209.0 1302.5 1396.0
1209.0 1302.5 1396.0
1209.0 1302.5 1396.0
1209.0 1302.5 1396.0
1209.0 1302.5 1396.0
1209.0 1302.5 1396.0
1209.0 1302.5 1396.0
1209.0 1302.5 1396.0
1209.0 1302.5 1396.0
1209.0 1302.5 1396.0
1209.0 1302.5 1396.0
1209.0 1302.5 1396.0
1209.0 1302.5 1396.0
1209.0 1302.5 1396.0
1209.0 1302.5 1396.0
1209.0 1302.5 1396.0
1209.0 1302.5 1396.0
1209.0 1302.5 1396.0
1209.0 1302.5 1396.0
1209.0 1302.5 1396.0
1209.0 1302.5 1396.0
1209.0 1302.5 1396.0
1209.0 1302.5 1396.0
1209.0 1302.5 1396.0
1209.0 1302.5 1396.0
1209.0 1302.5 1396.0
1209.0 1302.5 1396.0
1209.0 1302.5 1396.0
1209.0 1302.5 1396.0
1209.0 1302.5 1396.0
1209.0 1302.5 1396.0
1209.0 1302.5 1396.0
1209.0 1302.5 1396.0
1209.0 1302.5 1396.0
1209.0 1302.5 1396.0
1209.0 1302.5 1396.0
1209.0 1302.5 1396.0
1209.0 1302.5 1396.0
1209.0 1302.5 1396.0
1209.0 1302.5 1396.0
1209.0 1302.5 1396.0
1209.0 1302.5 1396.0
1209.0 1302.5 1396.0
1209.0 1302.5 1396.0
1209.0 1302.5 1396.0
1209.0 1302.5 1396.0
1209.0 1302.5 1396.0
1209.0 1302.5 1396.0
1209.0 1302.5 1396.0
1209.0 1302.5 1396.0
1209.0 1302.5 1396.0
1209.0 1302.5 1396.0
1209.0 1302.5 1396.0
1209.0 1302.5 1396.0
1209.0 1302.5 1396.0
1209.0 1302.5 1396.0
1209.0 1302.5 1396.0
1209.0 1302.5 1396.0
1209.0 1302.5 1396.0
1209.0 1302.5 1396.0
1209.0 1302.5 1396.0
1209.0 1302.5 1396.0
1209.0 1302.5 1396.0
1209.0 1302.5 1396.0
1209.0 1302.5 1396.0
1209.0 1302.5 1396.0
1209.0 1302.5 1396.0
1209.0 1302.5 1396.0
1209.0 1302.5 1396.0
1209.0 1302.5 1396.0
1209.0 1302.5 1396.0
1209.0 1302.5 1396.0
1209.0 1302.5 1396.0
1209.0 1302.5 1396.0
1209.0 1302.5 1396.0
1209.0 1302.5 1396.0
1209.0 1302.5 1396.0
1209.0 1302.5 1396.0
1209.0 1302.5 1396.0
1209.0 1302.5 1396.0
1209.0 1302.5 1396.0
1209.0 1302.5 1396.0
1209.0 1302.5 1396.0
1209.0 1302.5 1396.0
1209.0 1302.5 1396.0
1209.0 1302.5 1396.0
1209.0 1302.5 1396.0
1209.0 1302.5 1396.0
1209.0 1302.5 1396.0
1209.0 1302.5 1396.0
1209.0 1302.5 1396.0
1209.0 1302.5 1396.0
1209.0 1302.5 1396.0
1209.0 1302.5 1396.0
1209.0 1302.5 1396.0
1209.0 1302.5 1396.0
1209.0 1302.5 1396.0
1209.0 1302.5 1396.0
1209.0 1302.5 1396.0
1209.0 1302.5 1396.0
1209.0 1302.5 1396.0
1209.0 1302.5 1396.0
1209.0 1302.5 1396.0
1209.0 1302.5 1396.0
1209.0 1302.5 1396.0
1209.0 1302.5 1396.0
1209.0 1302.5 1396.0
1209.0 1302.5 1396.0
1209.0 1302.5 1396.0
1209.0 1302.5 1396.0
1209.0 1302.5 1396.0
1209.0 1302.5 1396.0
1209.0 1302.5 1396.0
1209.0 1302.5 1396.0
1209.0 1302.5 1396.0
1209.0 1302.5 1396.0
1209.0 1302.5 1396.0
1209.0 1302.5 1396.0
1209.0 1302.5 1396.0
1209.0 1302.5 1396.0
1209.0 1302.5 1396.0
1209.0 1302.5 1396.0
1209.0 1302.5 1396.0
1209.0 1302.5 1396.0
1209.0 1302.5 1396.0
1209.0 1302.5 1396.0
1209.0 1302.5 1396.0
1209.0 1302.5 1396.0
1209.0 1302.5 1396.0
1209.0 1302.5 1396.0
1209.0 1302.5 1396.0
1209.0 1302.5 1396.0
