12230.0 13869.5 15509.0
10209.0 11230.0 12251.0
8011.0 9235.5 10460.0
5492.0 5868.0 6244.0
5281.0 6522.5 7764.0
3455.0 4077.0 4699.0
3455.0 3659.5 3864.0
3104.0 3605.5 4107.0
2750.0 2927.0 3104.0
2548.0 2649.0 2750.0
2577.0 2725.5 2874.0
2577.0 2725.5 2874.0
2497.0 2686.0 2875.0
1931.0 2403.0 2875.0
1931.0 1997.5 2064.0
1378.0 1721.0 2064.0
1378.0 1721.0 2064.0
1378.0 1622.0 1866.0
1378.0 1533.5 1689.0
1378.0 1533.5 1689.0
1378.0 1412.0 1446.0
1378.0 1412.0 1446.0
1378.0 1412.0 1446.0
1378.0 1412.0 1446.0
1378.0 1412.0 1446.0
1378.0 1412.0 1446.0
1378.0 1412.0 1446.0
1378.0 1412.0 1446.0
1378.0 1412.0 1446.0
1378.0 1412.0 1446.0
1378.0 1412.0 1446.0
1378.0 1412.0 1446.0
1378.0 1412.0 1446.0
1378.0 1412.0 1446.0
1378.0 1412.0 1446.0
1378.0 1412.0 1446.0
1378.0 1412.0 1446.0
1378.0 1412.0 1446.0
1378.0 1412.0 1446.0
1378.0 1412.0 1446.0
1378.0 1412.0 1446.0
1378.0 1412.0 1446.0
1378.0 1412.0 1446.0
1378.0 1412.0 1446.0
1378.0 1412.0 1446.0
1378.0 1412.0 1446.0
1378.0 1412.0 1446.0
1378.0 1412.0 1446.0
1378.0 1412.0 1446.0
1378.0 1412.0 1446.0
1378.0 1412.0 1446.0
1378.0 1412.0 1446.0
1378.0 1412.0 1446.0
1378.0 1412.0 1446.0
1378.0 1412.0 1446.0
1378.0 1412.0 1446.0
1378.0 1412.0 1446.0
1378.0 1412.0 1446.0
1378.0 1412.0 1446.0
1378.0 1412.0 1446.0
1378.0 1412.0 1446.0
1378.0 1412.0 1446.0
1378.0 1412.0 1446.0
1378.0 1412.0 1446.0
1378.0 1412.0 1446.0
1378.0 1412.0 1446.0
1378.0 1412.0 1446.0
1378.0 1412.0 1446.0
1378.0 1412.0 1446.0
1378.0 1412.0 1446.0
1378.0 1412.0 1446.0
1378.0 1412.0 1446.0
1378.0 1412.0 1446.0
1378.0 1412.0 1446.0
1378.0 1412.0 1446.0
1378.0 1412.0 1446.0
1378.0 1412.0 1446.0
1378.0 1412.0 1446.0
1378.0 1412.0 1446.0
1378.0 1412.0 1446.0
1378.0 1412.0 1446.0
1378.0 1412.0 1446.0
1378.0 1412.0 1446.0
1378.0 1412.0 1446.0
1378.0 1412.0 1446.0
1378.0 1412.0 1446.0
1378.0 1412.0 1446.0
1378.0 1412.0 1446.0
1378.0 1412.0 1446.0
1378.0 1412.0 1446.0
1378.0 1412.0 1446.0
1378.0 1412.0 1446.0
1378.0 1412.0 1446.0
1378.0 1412.0 1446.0
1378.0 1412.0 1446.0
1378.0 1412.0 1446.0
1378.0 1412.0 1446.0
1378.0 1412.0 1446.0
1378.0 1412.0 1446.0
981.0 1213.5 1446.0
981.0 1213.5 1446.0
981.0 1213.5 1446.0
981.0 1213.5 1446.0
981.0 1213.5 1446.0
981.0 1213.5 1446.0
981.0 1213.5 1446.0
981.0 1213.5 1446.0
981.0 1213.5 1446.0
981.0 1213.5 1446.0
981.0 1213.5 1446.0
981.0 1213.5 1446.0
981.0 1213.5 1446.0
981.0 1213.5 1446.0
981.0 1213.5 1446.0
981.0 1213.5 1446.0
981.0 1213.5 1446.0
981.0 1213.5 1446.0
981.0 1213.5 1446.0
981.0 1213.5 1446.0
981.0 1213.5 1446.0
981.0 1213.5 1446.0
981.0 1213.5 1446.0
981.0 1213.5 1446.0
981.0 1213.5 1446.0
981.0 1213.5 1446.0
981.0 1213.5 1446.0
981.0 1213.5 1446.0
981.0 1213.5 1446.0
981.0 1213.5 1446.0
981.0 1213.5 1446.0
981.0 1213.5 1446.0
981.0 1213.5 1446.0
981.0 1213.5 1446.0
981.0 1213.5 1446.0
981.0 1213.5 1446.0
981.0 1213.5 1446.0
981.0 1213.5 1446.0
981.0 1213.5 1446.0
981.0 1213.5 1446.0
981.0 1213.5 1446.0
981.0 1213.5 1446.0
981.0 1213.5 1446.0
981.0 1213.5 1446.0
981.0 1213.5 1446.0
981.0 1213.5 1446.0
981.0 1213.5 1446.0
981.0 1213.5 1446.0
981.0 1213.5 1446.0
981.0 1213.5 1446.0
981.0 1213.5 1446.0
981.0 1213.5 1446.0
981.0 1213.5 1446.0
981.0 1213.5 1446.0
981.0 1213.5 1446.0
981.0 1213.5 1446.0
981.0 1213.5 1446.0
981.0 1213.5 1446.0
981.0 1213.5 1446.0
981.0 1213.5 1446.0
981.0 1213.5 1446.0
981.0 1213.5 1446.0
981.0 1213.5 1446.0
981.0 1213.5 1446.0
1121.0 1283.5 1446.0
1121.0 1283.5 1446.0
1121.0 1283.5 1446.0
1121.0 1283.5 1446.0
1121.0 1283.5 1446.0
1121.0 1283.5 1446.0
1121.0 1283.5 1446.0
1121.0 1283.5 1446.0
1121.0 1283.5 1446.0
1121.0 1283.5 1446.0
1121.0 1283.5 1446.0
1121.0 1283.5 1446.0
1121.0 1283.5 1446.0
1121.0 1283.5 1446.0
1121.0 1283.5 1446.0
1121.0 1283.5 1446.0
1121.0 1283.5 1446.0
1121.0 1283.5 1446.0
1121.0 1283.5 1446.0
1121.0 1283.5 1446.0
1121.0 1283.5 1446.0
1121.0 1283.5 1446.0
1121.0 1283.5 1446.0
1121.0 1283.5 1446.0
1121.0 1283.5 1446.0
1121.0 1283.5 1446.0
1121.0 1283.5 1446.0
1121.0 1283.5 1446.0
1121.0 1283.5 1446.0
1121.0 1283.5 1446.0
1121.0 1283.5 1446.0
1121.0 1283.5 1446.0
1121.0 1283.5 1446.0
1121.0 1283.5 1446.0
1121.0 1283.5 1446.0
1121.0 1283.5 1446.0
1121.0 1283.5 1446.0
