14041.0 14231.5 14422.0
10188.0 11241.5 12295.0
11042.0 11543.5 12045.0
9674.0 9847.0 10020.0
6242.0 7986.0 9730.0
6064.0 6146.0 6228.0
5372.0 5577.5 5783.0
4303.0 4671.5 5040.0
3896.0 4099.5 4303.0
2874.0 3385.0 3896.0
2874.0 3385.0 3896.0
2669.0 2858.0 3047.0
1780.0 2057.0 2334.0
1567.0 1656.0 1745.0
1567.0 1687.5 1808.0
1567.0 1687.5 1808.0
1567.0 1687.5 1808.0
1567.0 1687.5 1808.0
1567.0 1687.5 1808.0
1567.0 1687.5 1808.0
1567.0 1718.0 1869.0
1567.0 1718.0 1869.0
1567.0 1718.0 1869.0
1567.0 1718.0 1869.0
1567.0 1718.0 1869.0
1664.0 1766.5 1869.0
1521.0 1695.0 1869.0
1521.0 1695.0 1869.0
1521.0 1695.0 1869.0
1521.0 1695.0 1869.0
1521.0 1695.0 1869.0
1521.0 1695.0 1869.0
1521.0 1695.0 1869.0
1521.0 1695.0 1869.0
1521.0 1695.0 1869.0
1521.0 1695.0 1869.0
1521.0 1695.0 1869.0
1521.0 1695.0 1869.0
1521.0 1695.0 1869.0
1521.0 1695.0 1869.0
1521.0 1695.0 1869.0
1521.0 1695.0 1869.0
1521.0 1695.0 1869.0
1521.0 1695.0 1869.0
1521.0 1695.0 1869.0
1521.0 1695.0 1869.0
1521.0 1695.0 1869.0
1521.0 1695.0 1869.0
1521.0 1695.0 1869.0
1521.0 1695.0 1869.0
1521.0 1695.0 1869.0
1521.0 1695.0 1869.0
1521.0 1695.0 1869.0
1521.0 1695.0 1869.0
1521.0 1695.0 1869.0
1521.0 1695.0 1869.0
1521.0 1695.0 1869.0
1521.0 1695.0 1869.0
1521.0 1695.0 1869.0
1521.0 1695.0 1869.0
1521.0 1695.0 1869.0
1521.0 1695.0 1869.0
1521.0 1695.0 1869.0
1521.0 1695.0 1869.0
1521.0 1695.0 1869.0
1521.0 1695.0 1869.0
1521.0 1695.0 1869.0
1521.0 1695.0 1869.0
1521.0 1695.0 1869.0
1521.0 1695.0 1869.0
1521.0 1695.0 1869.0
1521.0 1695.0 1869.0
1521.0 1695.0 1869.0
1521.0 1695.0 1869.0
1521.0 1695.0 1869.0
1521.0 1695.0 1869.0
1521.0 1695.0 1869.0
1521.0 1695.0 1869.0
1521.0 1695.0 1869.0
1521.0 1695.0 1869.0
1521.0 1695.0 1869.0
1521.0 1695.0 1869.0
1521.0 1695.0 1869.0
1521.0 1695.0 1869.0
1521.0 1695.0 1869.0
1521.0 1695.0 1869.0
1521.0 1695.0 1869.0
1521.0 1695.0 1869.0
1521.0 1695.0 1869.0
1521.0 1695.0 1869.0
1521.0 1695.0 1869.0
1521.0 1695.0 1869.0
1521.0 1695.0 1869.0
1521.0 1695.0 1869.0
1521.0 1695.0 1869.0
1521.0 1695.0 1869.0
1521.0 1695.0 1869.0
1521.0 1695.0 1869.0
1521.0 1695.0 1869.0
1521.0 1695.0 1869.0
1521.0 1695.0 1869.0
1521.0 1695.0 1869.0
1521.0 1695.0 1869.0
1521.0 1695.0 1869.0
1411.0 1466.0 1521.0
1411.0 1466.0 1521.0
1411.0 1466.0 1521.0
1411.0 1466.0 1521.0
1322.0 1366.5 1411.0
1050.0 1230.5 1411.0
1050.0 1230.5 1411.0
1050.0 1230.5 1411.0
1050.0 1230.5 1411.0
1050.0 1230.5 1411.0
1050.0 1230.5 1411.0
1050.0 1230.5 1411.0
1050.0 1230.5 1411.0
1050.0 1230.5 1411.0
1050.0 1230.5 1411.0
1050.0 1230.5 1411.0
1050.0 1230.5 1411.0
1050.0 1230.5 1411.0
1050.0 1230.5 1411.0
1050.0 1230.5 1411.0
1050.0 1230.5 1411.0
1050.0 1230.5 1411.0
1050.0 1230.5 1411.0
1050.0 1230.5 1411.0
1050.0 1230.5 1411.0
1050.0 1230.5 1411.0
1050.0 1230.5 1411.0
1050.0 1230.5 1411.0
1050.0 1230.5 1411.0
1050.0 1363.5 1677.0
1050.0 1363.5 1677.0
1050.0 1363.5 1677.0
1050.0 1363.5 1677.0
1050.0 1363.5 1677.0
1050.0 1363.5 1677.0
1050.0 1363.5 1677.0
1050.0 1363.5 1677.0
783.0 916.5 1050.0
783.0 916.5 1050.0
783.0 916.5 1050.0
783.0 916.5 1050.0
783.0 916.5 1050.0
783.0 916.5 1050.0
783.0 916.5 1050.0
783.0 916.5 1050.0
783.0 916.5 1050.0
783.0 916.5 1050.0
783.0 916.5 1050.0
783.0 916.5 1050.0
783.0 916.5 1050.0
783.0 916.5 1050.0
783.0 916.5 1050.0
783.0 916.5 1050.0
783.0 916.5 1050.0
783.0 916.5 1050.0
783.0 916.5 1050.0
783.0 916.5 1050.0
783.0 916.5 1050.0
783.0 916.5 1050.0
783.0 916.5 1050.0
783.0 916.5 1050.0
783.0 916.5 1050.0
783.0 916.5 1050.0
783.0 916.5 1050.0
783.0 916.5 1050.0
783.0 916.5 1050.0
783.0 916.5 1050.0
783.0 916.5 1050.0
783.0 916.5 1050.0
783.0 916.5 1050.0
783.0 916.5 1050.0
783.0 916.5 1050.0
783.0 916.5 1050.0
783.0 916.5 1050.0
783.0 916.5 1050.0
783.0 916.5 1050.0
783.0 916.5 1050.0
783.0 916.5 1050.0
783.0 916.5 1050.0
783.0 916.5 1050.0
783.0 916.5 1050.0
783.0 916.5 1050.0
783.0 916.5 1050.0
783.0 916.5 1050.0
783.0 916.5 1050.0
783.0 916.5 1050.0
783.0 916.5 1050.0
783.0 916.5 1050.0
783.0 916.5 1050.0
783.0 916.5 1050.0
783.0 916.5 1050.0
783.0 916.5 1050.0
783.0 916.5 1050.0
783.0 916.5 1050.0
783.0 916.5 1050.0
783.0 916.5 1050.0
