14133.0 14641.0 15149.0
11168.0 11848.5 12529.0
9219.0 10917.5 12616.0
7680.0 8995.0 10310.0
6475.0 6516.5 6558.0
4764.0 5409.5 6055.0
4764.0 4851.5 4939.0
3768.0 3871.0 3974.0
3098.0 3104.0 3110.0
3098.0 3104.0 3110.0
2666.0 2744.0 2822.0
2623.0 2722.5 2822.0
2093.0 2138.0 2183.0
2085.0 2134.0 2183.0
1492.0 1788.5 2085.0
1492.0 1725.0 1958.0
1379.0 1435.5 1492.0
1379.0 1435.5 1492.0
1034.0 1263.0 1492.0
1034.0 1263.0 1492.0
1034.0 1263.0 1492.0
1034.0 1263.0 1492.0
1034.0 1263.0 1492.0
1034.0 1263.0 1492.0
1034.0 1263.0 1492.0
1034.0 1263.0 1492.0
1034.0 1263.0 1492.0
1034.0 1263.0 1492.0
1034.0 1263.0 1492.0
1034.0 1263.0 1492.0
1034.0 1263.0 1492.0
1034.0 1263.0 1492.0
1034.0 1263.0 1492.0
1034.0 1263.0 1492.0
1034.0 1263.0 1492.0
1034.0 1263.0 1492.0
1034.0 1263.0 1492.0
1034.0 1263.0 1492.0
1034.0 1263.0 1492.0
1034.0 1263.0 1492.0
1034.0 1263.0 1492.0
1034.0 1263.0 1492.0
1034.0 1263.0 1492.0
1034.0 1263.0 1492.0
1034.0 1263.0 1492.0
1034.0 1263.0 1492.0
1034.0 1263.0 1492.0
1034.0 1263.0 1492.0
1034.0 1263.0 1492.0
1034.0 1263.0 1492.0
1034.0 1263.0 1492.0
1034.0 1263.0 1492.0
1034.0 1263.0 1492.0
1034.0 1263.0 1492.0
1034.0 1263.0 1492.0
1034.0 1263.0 1492.0
1034.0 1263.0 1492.0
1034.0 1263.0 1492.0
1034.0 1263.0 1492.0
1034.0 1263.0 1492.0
1034.0 1263.0 1492.0
1034.0 1263.0 1492.0
1034.0 1263.0 1492.0
1034.0 1263.0 1492.0
1034.0 1263.0 1492.0
1034.0 1263.0 1492.0
1034.0 1263.0 1492.0
1034.0 1263.0 1492.0
1034.0 1263.0 1492.0
1034.0 1263.0 1492.0
1034.0 1263.0 1492.0
1034.0 1263.0 1492.0
1034.0 1263.0 1492.0
1034.0 1263.0 1492.0
1034.0 1263.0 1492.0
1034.0 1263.0 1492.0
1034.0 1263.0 1492.0
1034.0 1263.0 1492.0
1034.0 1263.0 1492.0
1034.0 1263.0 1492.0
1034.0 1263.0 1492.0
1034.0 1263.0 1492.0
1034.0 1263.0 1492.0
1034.0 1263.0 1492.0
1034.0 1263.0 1492.0
1034.0 1263.0 1492.0
1034.0 1263.0 1492.0
1034.0 1263.0 1492.0
1034.0 1263.0 1492.0
1034.0 1263.0 1492.0
1034.0 1263.0 1492.0
1034.0 1263.0 1492.0
1034.0 1263.0 1492.0
1034.0 1263.0 1492.0
1034.0 1263.0 1492.0
1034.0 1263.0 1492.0
1034.0 1263.0 1492.0
1034.0 1263.0 1492.0
1034.0 1263.0 1492.0
1034.0 1263.0 1492.0
1034.0 1263.0 1492.0
1034.0 1263.0 1492.0
1034.0 1263.0 1492.0
1034.0 1263.0 1492.0
1034.0 1263.0 1492.0
1034.0 1263.0 1492.0
1034.0 1263.0 1492.0
1034.0 1263.0 1492.0
1034.0 1263.0 1492.0
1034.0 1263.0 1492.0
1034.0 1263.0 1492.0
1034.0 1263.0 1492.0
1034.0 1263.0 1492.0
1034.0 1263.0 1492.0
1034.0 1263.0 1492.0
1034.0 1263.0 1492.0
1034.0 1263.0 1492.0
1034.0 1263.0 1492.0
1034.0 1263.0 1492.0
1034.0 1263.0 1492.0
1034.0 1263.0 1492.0
1034.0 1263.0 1492.0
1034.0 1263.0 1492.0
1034.0 1263.0 1492.0
1034.0 1263.0 1492.0
1034.0 1263.0 1492.0
1034.0 1263.0 1492.0
1034.0 1263.0 1492.0
1034.0 1263.0 1492.0
1034.0 1263.0 1492.0
1034.0 1263.0 1492.0
1034.0 1263.0 1492.0
1034.0 1263.0 1492.0
1034.0 1263.0 1492.0
1034.0 1263.0 1492.0
1034.0 1263.0 1492.0
1034.0 1263.0 1492.0
1034.0 1263.0 1492.0
1034.0 1263.0 1492.0
1034.0 1263.0 1492.0
1034.0 1263.0 1492.0
1034.0 1263.0 1492.0
1034.0 1263.0 1492.0
1034.0 1263.0 1492.0
1034.0 1263.0 1492.0
1034.0 1263.0 1492.0
1034.0 1263.0 1492.0
1034.0 1263.0 1492.0
1034.0 1263.0 1492.0
1034.0 1263.0 1492.0
1034.0 1263.0 1492.0
1034.0 1263.0 1492.0
1034.0 1263.0 1492.0
1034.0 1263.0 1492.0
1034.0 1263.0 1492.0
1034.0 1263.0 1492.0
1034.0 1263.0 1492.0
1034.0 1263.0 1492.0
1034.0 1263.0 1492.0
1034.0 1263.0 1492.0
1034.0 1263.0 1492.0
1034.0 1263.0 1492.0
1034.0 1263.0 1492.0
1034.0 1263.0 1492.0
1034.0 1263.0 1492.0
1034.0 1263.0 1492.0
1034.0 1263.0 1492.0
1034.0 1263.0 1492.0
1034.0 1263.0 1492.0
1034.0 1263.0 1492.0
1034.0 1263.0 1492.0
1034.0 1263.0 1492.0
1034.0 1263.0 1492.0
1034.0 1263.0 1492.0
1034.0 1263.0 1492.0
1034.0 1263.0 1492.0
1034.0 1263.0 1492.0
1034.0 1263.0 1492.0
1034.0 1263.0 1492.0
1034.0 1263.0 1492.0
1034.0 1263.0 1492.0
1034.0 1263.0 1492.0
1034.0 1263.0 1492.0
1034.0 1263.0 1492.0
1034.0 1263.0 1492.0
1034.0 1263.0 1492.0
1034.0 1263.0 1492.0
1034.0 1263.0 1492.0
1034.0 1263.0 1492.0
1034.0 1263.0 1492.0
1034.0 1263.0 1492.0
1034.0 1263.0 1492.0
1034.0 1263.0 1492.0
1034.0 1263.0 1492.0
1034.0 1263.0 1492.0
1034.0 1263.0 1492.0
1034.0 1263.0 1492.0
1034.0 1263.0 1492.0
1034.0 1263.0 1492.0
1034.0 1263.0 1492.0
