10909.0 11596.5 12284.0
9075.0 10480.0 11885.0
5376.0 6534.0 7692.0
5473.0 5505.5 5538.0
4334.0 4547.5 4761.0
3054.0 3167.0 3280.0
2702.0 2768.0 2834.0
2277.0 2305.0 2333.0
2153.0 2351.5 2550.0
1019.0 1653.0 2287.0
1019.0 1309.0 1599.0
954.0 1276.5 1599.0
954.0 1276.5 1599.0
954.0 1242.5 1531.0
954.0 1242.5 1531.0
954.0 1532.0 2110.0
954.0 1532.0 2110.0
954.0 1532.0 2110.0
954.0 1284.5 1615.0
954.0 1138.0 1322.0
954.0 1010.5 1067.0
954.0 1010.5 1067.0
954.0 1010.5 1067.0
954.0 1010.5 1067.0
954.0 1010.5 1067.0
954.0 1010.5 1067.0
954.0 1010.5 1067.0
954.0 1010.5 1067.0
954.0 1010.5 1067.0
954.0 1010.5 1067.0
954.0 1010.5 1067.0
954.0 1010.5 1067.0
954.0 1010.5 1067.0
954.0 1010.5 1067.0
954.0 1010.5 1067.0
954.0 1010.5 1067.0
954.0 1010.5 1067.0
954.0 1010.5 1067.0
954.0 1010.5 1067.0
954.0 1010.5 1067.0
954.0 1010.5 1067.0
954.0 1010.5 1067.0
954.0 1010.5 1067.0
954.0 1010.5 1067.0
954.0 1010.5 1067.0
954.0 1010.5 1067.0
954.0 1010.5 1067.0
954.0 1010.5 1067.0
954.0 1010.5 1067.0
954.0 1010.5 1067.0
954.0 1010.5 1067.0
954.0 1010.5 1067.0
954.0 1010.5 1067.0
954.0 1010.5 1067.0
954.0 1010.5 1067.0
954.0 1010.5 1067.0
954.0 1010.5 1067.0
954.0 1010.5 1067.0
954.0 1010.5 1067.0
954.0 1010.5 1067.0
954.0 1010.5 1067.0
954.0 1010.5 1067.0
954.0 1010.5 1067.0
954.0 1010.5 1067.0
954.0 1010.5 1067.0
954.0 1010.5 1067.0
954.0 1010.5 1067.0
954.0 1010.5 1067.0
954.0 1010.5 1067.0
954.0 1010.5 1067.0
954.0 1010.5 1067.0
954.0 1010.5 1067.0
954.0 1010.5 1067.0
954.0 1010.5 1067.0
954.0 1010.5 1067.0
954.0 1010.5 1067.0
954.0 1010.5 1067.0
954.0 1010.5 1067.0
954.0 1010.5 1067.0
954.0 1010.5 1067.0
954.0 1010.5 1067.0
954.0 1010.5 1067.0
954.0 1010.5 1067.0
954.0 1010.5 1067.0
954.0 1010.5 1067.0
954.0 1010.5 1067.0
954.0 1010.5 1067.0
954.0 1010.5 1067.0
954.0 1010.5 1067.0
954.0 1010.5 1067.0
954.0 1010.5 1067.0
954.0 1010.5 1067.0
954.0 1010.5 1067.0
954.0 1010.5 1067.0
954.0 1010.5 1067.0
954.0 1010.5 1067.0
954.0 1010.5 1067.0
954.0 1010.5 1067.0
954.0 1010.5 1067.0
954.0 1010.5 1067.0
954.0 1010.5 1067.0
954.0 1010.5 1067.0
954.0 1010.5 1067.0
954.0 1010.5 1067.0
954.0 1010.5 1067.0
954.0 1010.5 1067.0
954.0 1010.5 1067.0
954.0 1010.5 1067.0
954.0 1010.5 1067.0
954.0 1010.5 1067.0
954.0 1010.5 1067.0
954.0 1010.5 1067.0
954.0 1010.5 1067.0
954.0 1010.5 1067.0
954.0 1010.5 1067.0
954.0 1010.5 1067.0
954.0 1010.5 1067.0
954.0 1010.5 1067.0
954.0 1010.5 1067.0
954.0 1010.5 1067.0
954.0 1010.5 1067.0
954.0 1010.5 1067.0
954.0 1010.5 1067.0
954.0 1010.5 1067.0
954.0 1010.5 1067.0
954.0 1010.5 1067.0
954.0 1010.5 1067.0
954.0 1010.5 1067.0
954.0 1010.5 1067.0
954.0 1010.5 1067.0
954.0 1010.5 1067.0
954.0 1010.5 1067.0
954.0 1010.5 1067.0
954.0 1010.5 1067.0
954.0 1010.5 1067.0
954.0 1010.5 1067.0
954.0 1010.5 1067.0
954.0 1010.5 1067.0
954.0 1010.5 1067.0
954.0 1010.5 1067.0
954.0 1010.5 1067.0
954.0 1010.5 1067.0
954.0 1010.5 1067.0
954.0 1010.5 1067.0
954.0 1010.5 1067.0
954.0 1010.5 1067.0
954.0 1010.5 1067.0
954.0 1010.5 1067.0
954.0 1010.5 1067.0
954.0 1010.5 1067.0
954.0 1010.5 1067.0
954.0 1010.5 1067.0
954.0 1010.5 1067.0
954.0 1010.5 1067.0
954.0 1010.5 1067.0
954.0 1010.5 1067.0
954.0 1010.5 1067.0
954.0 1010.5 1067.0
954.0 1010.5 1067.0
954.0 1010.5 1067.0
954.0 1010.5 1067.0
954.0 1010.5 1067.0
954.0 1010.5 1067.0
954.0 1010.5 1067.0
954.0 1010.5 1067.0
954.0 1010.5 1067.0
954.0 1010.5 1067.0
954.0 1010.5 1067.0
954.0 1010.5 1067.0
954.0 1010.5 1067.0
954.0 1010.5 1067.0
954.0 1010.5 1067.0
954.0 1010.5 1067.0
954.0 1010.5 1067.0
954.0 1010.5 1067.0
954.0 1010.5 1067.0
954.0 1010.5 1067.0
954.0 1010.5 1067.0
954.0 1010.5 1067.0
954.0 1010.5 1067.0
954.0 1010.5 1067.0
954.0 1010.5 1067.0
954.0 1010.5 1067.0
954.0 1010.5 1067.0
954.0 1010.5 1067.0
954.0 1010.5 1067.0
954.0 1010.5 1067.0
954.0 1010.5 1067.0
954.0 1010.5 1067.0
954.0 1010.5 1067.0
954.0 1010.5 1067.0
954.0 1010.5 1067.0
954.0 1010.5 1067.0
954.0 1010.5 1067.0
954.0 1010.5 1067.0
954.0 1010.5 1067.0
954.0 1010.5 1067.0
954.0 1010.5 1067.0
954.0 1010.5 1067.0
954.0 1010.5 1067.0
