11335.0 14266.0 17197.0
10009.0 11063.5 12118.0
3602.0 8431.0 13260.0
3602.0 6554.0 9506.0
3505.0 5269.0 7033.0
3588.0 4856.0 6124.0
2881.0 3975.5 5070.0
2881.0 4125.5 5370.0
2881.0 2882.0 2883.0
2881.0 2882.0 2883.0
2881.0 2950.0 3019.0
2881.0 2950.0 3019.0
1969.0 2442.5 2916.0
1969.0 2630.5 3292.0
1969.0 2005.0 2041.0
1969.0 2005.0 2041.0
1969.0 2005.0 2041.0
1969.0 2005.0 2041.0
1802.0 1921.5 2041.0
1629.0 1835.0 2041.0
1417.0 1729.0 2041.0
1417.0 1729.0 2041.0
1417.0 1729.0 2041.0
1417.0 1729.0 2041.0
1417.0 1729.0 2041.0
1417.0 1729.0 2041.0
1417.0 1729.0 2041.0
1417.0 1729.0 2041.0
1417.0 1729.0 2041.0
1417.0 1729.0 2041.0
1417.0 1729.0 2041.0
1417.0 1729.0 2041.0
1417.0 1729.0 2041.0
1417.0 1729.0 2041.0
1417.0 1729.0 2041.0
1417.0 1729.0 2041.0
1417.0 1729.0 2041.0
1417.0 1729.0 2041.0
1417.0 1729.0 2041.0
1417.0 1729.0 2041.0
1417.0 1729.0 2041.0
1417.0 1729.0 2041.0
1417.0 1729.0 2041.0
1417.0 1729.0 2041.0
1417.0 1729.0 2041.0
1417.0 1729.0 2041.0
1417.0 1729.0 2041.0
1417.0 1729.0 2041.0
1417.0 1729.0 2041.0
1417.0 1729.0 2041.0
1417.0 1729.0 2041.0
1417.0 1729.0 2041.0
1417.0 1729.0 2041.0
1417.0 1799.0 2181.0
1417.0 1466.0 1515.0
1417.0 1466.0 1515.0
1417.0 1466.0 1515.0
1417.0 1466.0 1515.0
1417.0 1466.0 1515.0
1417.0 1466.0 1515.0
1417.0 1466.0 1515.0
1417.0 1466.0 1515.0
1417.0 1466.0 1515.0
1417.0 1466.0 1515.0
1417.0 1466.0 1515.0
1417.0 1466.0 1515.0
1417.0 1466.0 1515.0
1417.0 1466.0 1515.0
1417.0 1466.0 1515.0
1417.0 1466.0 1515.0
1417.0 1466.0 1515.0
1417.0 1466.0 1515.0
1417.0 1466.0 1515.0
1417.0 1466.0 1515.0
1417.0 1466.0 1515.0
1417.0 1466.0 1515.0
1417.0 1466.0 1515.0
1417.0 1466.0 1515.0
1417.0 1466.0 1515.0
1417.0 1466.0 1515.0
1417.0 1466.0 1515.0
1417.0 1466.0 1515.0
1417.0 1466.0 1515.0
1417.0 1466.0 1515.0
1417.0 1466.0 1515.0
1417.0 1466.0 1515.0
1417.0 1466.0 1515.0
1417.0 1466.0 1515.0
1417.0 1466.0 1515.0
1417.0 1466.0 1515.0
1417.0 1466.0 1515.0
1417.0 1466.0 1515.0
1417.0 1466.0 1515.0
1417.0 1466.0 1515.0
1417.0 1466.0 1515.0
1417.0 1466.0 1515.0
1417.0 1466.0 1515.0
1417.0 1466.0 1515.0
1417.0 1466.0 1515.0
1417.0 1466.0 1515.0
1417.0 1466.0 1515.0
1417.0 1466.0 1515.0
1417.0 1466.0 1515.0
1417.0 1466.0 1515.0
1417.0 1466.0 1515.0
1417.0 1466.0 1515.0
1417.0 1466.0 1515.0
1417.0 1466.0 1515.0
1417.0 1466.0 1515.0
1417.0 1466.0 1515.0
1417.0 1466.0 1515.0
1417.0 1466.0 1515.0
1417.0 1466.0 1515.0
1417.0 1466.0 1515.0
1417.0 1466.0 1515.0
1417.0 1466.0 1515.0
1417.0 1466.0 1515.0
1417.0 1466.0 1515.0
1417.0 1466.0 1515.0
1417.0 1466.0 1515.0
1417.0 1466.0 1515.0
1417.0 1466.0 1515.0
1417.0 1466.0 1515.0
1417.0 1466.0 1515.0
1417.0 1466.0 1515.0
1417.0 1466.0 1515.0
1417.0 1466.0 1515.0
1417.0 1466.0 1515.0
1417.0 1466.0 1515.0
1417.0 1466.0 1515.0
1417.0 1466.0 1515.0
1417.0 1466.0 1515.0
1417.0 1466.0 1515.0
1417.0 1466.0 1515.0
1417.0 1466.0 1515.0
1417.0 1466.0 1515.0
1417.0 1466.0 1515.0
1417.0 1466.0 1515.0
1417.0 1466.0 1515.0
1417.0 1466.0 1515.0
1417.0 1466.0 1515.0
1417.0 1466.0 1515.0
1417.0 1466.0 1515.0
1417.0 1466.0 1515.0
1417.0 1466.0 1515.0
1417.0 1466.0 1515.0
1417.0 1466.0 1515.0
1417.0 1466.0 1515.0
1417.0 1466.0 1515.0
1417.0 1466.0 1515.0
1417.0 1466.0 1515.0
1417.0 1466.0 1515.0
1417.0 1466.0 1515.0
1417.0 1466.0 1515.0
1417.0 1466.0 1515.0
1417.0 1466.0 1515.0
1417.0 1466.0 1515.0
1417.0 1466.0 1515.0
1417.0 1466.0 1515.0
1417.0 1466.0 1515.0
1395.0 1406.0 1417.0
1395.0 1406.0 1417.0
1395.0 1406.0 1417.0
1395.0 1406.0 1417.0
1395.0 1406.0 1417.0
1395.0 1406.0 1417.0
1395.0 1406.0 1417.0
1395.0 1406.0 1417.0
1395.0 1406.0 1417.0
1395.0 1406.0 1417.0
1395.0 1406.0 1417.0
1395.0 1406.0 1417.0
1395.0 1406.0 1417.0
1395.0 1406.0 1417.0
1395.0 1406.0 1417.0
1395.0 1406.0 1417.0
1395.0 1406.0 1417.0
1395.0 1406.0 1417.0
1395.0 1406.0 1417.0
1395.0 1406.0 1417.0
1395.0 1406.0 1417.0
1395.0 1406.0 1417.0
1395.0 1406.0 1417.0
1395.0 1406.0 1417.0
1395.0 1406.0 1417.0
1395.0 1406.0 1417.0
1395.0 1406.0 1417.0
1395.0 1406.0 1417.0
1395.0 1406.0 1417.0
1395.0 1406.0 1417.0
1395.0 1406.0 1417.0
1395.0 1406.0 1417.0
1395.0 1406.0 1417.0
1395.0 1406.0 1417.0
1395.0 1406.0 1417.0
1395.0 1406.0 1417.0
1395.0 1406.0 1417.0
1395.0 1406.0 1417.0
1395.0 1406.0 1417.0
1395.0 1406.0 1417.0
