15903.0 17154.5 18406.0
9304.0 12619.5 15935.0
10930.0 11227.5 11525.0
8258.0 9338.5 10419.0
8263.0 8726.5 9190.0
7639.0 7744.0 7849.0
6308.0 6484.0 6660.0
3412.0 4309.5 5207.0
3423.0 4709.0 5995.0
3480.0 3975.0 4470.0
2528.0 3446.0 4364.0
2892.0 3374.5 3857.0
2892.0 3374.5 3857.0
2892.0 3374.5 3857.0
2892.0 2978.0 3064.0
2892.0 3300.0 3708.0
2220.0 2964.0 3708.0
1678.0 2693.0 3708.0
1678.0 2693.0 3708.0
1678.0 2693.0 3708.0
1678.0 2693.0 3708.0
1678.0 2693.0 3708.0
1678.0 2285.0 2892.0
1678.0 2039.5 2401.0
1678.0 2039.5 2401.0
1678.0 2039.5 2401.0
1678.0 2039.5 2401.0
1678.0 2039.5 2401.0
1678.0 2039.5 2401.0
1678.0 2039.5 2401.0
1678.0 2039.5 2401.0
1678.0 1978.5 2279.0
1678.0 1978.5 2279.0
1678.0 1978.5 2279.0
1678.0 1978.5 2279.0
1678.0 1978.5 2279.0
1678.0 1978.5 2279.0
1678.0 1978.5 2279.0
1678.0 1978.5 2279.0
1678.0 1978.5 2279.0
1678.0 1978.5 2279.0
1678.0 1978.5 2279.0
1678.0 1978.5 2279.0
1678.0 1978.5 2279.0
1678.0 1978.5 2279.0
1678.0 1978.5 2279.0
1678.0 1978.5 2279.0
1678.0 1978.5 2279.0
1678.0 1978.5 2279.0
1678.0 1978.5 2279.0
1678.0 1978.5 2279.0
1678.0 1978.5 2279.0
1678.0 1978.5 2279.0
1678.0 1978.5 2279.0
1678.0 1978.5 2279.0
1678.0 1978.5 2279.0
1678.0 1978.5 2279.0
1678.0 1978.5 2279.0
1678.0 1978.5 2279.0
2148.0 2213.5 2279.0
2148.0 2213.5 2279.0
2148.0 2213.5 2279.0
2148.0 2213.5 2279.0
2148.0 2213.5 2279.0
2148.0 2213.5 2279.0
2148.0 2213.5 2279.0
2148.0 2213.5 2279.0
1869.0 2008.5 2148.0
1850.0 1999.0 2148.0
1510.0 1829.0 2148.0
1510.0 1829.0 2148.0
1510.0 1829.0 2148.0
1510.0 1829.0 2148.0
1510.0 1829.0 2148.0
1510.0 1829.0 2148.0
1510.0 1829.0 2148.0
1618.0 1883.0 2148.0
1618.0 1883.0 2148.0
1618.0 1713.5 1809.0
1618.0 1713.5 1809.0
1618.0 1713.5 1809.0
1618.0 1713.5 1809.0
1618.0 1713.5 1809.0
1618.0 1713.5 1809.0
1618.0 1713.5 1809.0
1618.0 1713.5 1809.0
1618.0 1713.5 1809.0
1618.0 1713.5 1809.0
1618.0 1713.5 1809.0
1618.0 1713.5 1809.0
1618.0 1713.5 1809.0
1618.0 1713.5 1809.0
1618.0 1713.5 1809.0
1618.0 1713.5 1809.0
1618.0 1713.5 1809.0
1618.0 1713.5 1809.0
1618.0 1713.5 1809.0
1618.0 1713.5 1809.0
1618.0 1713.5 1809.0
1618.0 1713.5 1809.0
1618.0 1713.5 1809.0
1618.0 1713.5 1809.0
1618.0 1713.5 1809.0
1618.0 1713.5 1809.0
1618.0 1713.5 1809.0
1618.0 1713.5 1809.0
1618.0 1713.5 1809.0
1618.0 1713.5 1809.0
1618.0 1713.5 1809.0
1618.0 1713.5 1809.0
1618.0 1713.5 1809.0
1618.0 1713.5 1809.0
1618.0 1713.5 1809.0
1618.0 1713.5 1809.0
1618.0 1713.5 1809.0
1618.0 1713.5 1809.0
1618.0 1713.5 1809.0
1618.0 1713.5 1809.0
1618.0 1713.5 1809.0
1618.0 1713.5 1809.0
1618.0 1713.5 1809.0
1618.0 1713.5 1809.0
1618.0 1713.5 1809.0
1618.0 1713.5 1809.0
1618.0 1713.5 1809.0
1618.0 1713.5 1809.0
1618.0 1713.5 1809.0
1618.0 1713.5 1809.0
1618.0 1713.5 1809.0
1618.0 1713.5 1809.0
1618.0 1713.5 1809.0
1618.0 1713.5 1809.0
1618.0 1713.5 1809.0
1618.0 1713.5 1809.0
1618.0 1713.5 1809.0
1618.0 1713.5 1809.0
1618.0 1713.5 1809.0
1618.0 1713.5 1809.0
1618.0 1713.5 1809.0
1618.0 1713.5 1809.0
1618.0 1713.5 1809.0
1618.0 1713.5 1809.0
1618.0 1713.5 1809.0
1618.0 1713.5 1809.0
1618.0 1713.5 1809.0
1618.0 1713.5 1809.0
1618.0 1713.5 1809.0
1618.0 1713.5 1809.0
1618.0 1713.5 1809.0
1618.0 1713.5 1809.0
1618.0 1713.5 1809.0
1618.0 1713.5 1809.0
1618.0 1713.5 1809.0
1618.0 1713.5 1809.0
1618.0 1713.5 1809.0
1618.0 1713.5 1809.0
1618.0 1713.5 1809.0
1618.0 1713.5 1809.0
1618.0 1713.5 1809.0
1618.0 1713.5 1809.0
1618.0 1713.5 1809.0
1618.0 1713.5 1809.0
1618.0 1713.5 1809.0
1618.0 1713.5 1809.0
1618.0 1713.5 1809.0
1618.0 1713.5 1809.0
1618.0 1713.5 1809.0
1618.0 1713.5 1809.0
1618.0 1713.5 1809.0
1618.0 1713.5 1809.0
1618.0 1713.5 1809.0
1618.0 1713.5 1809.0
1618.0 1713.5 1809.0
1618.0 1713.5 1809.0
1618.0 1713.5 1809.0
1618.0 1713.5 1809.0
1618.0 1713.5 1809.0
1618.0 1713.5 1809.0
1618.0 1713.5 1809.0
1618.0 1713.5 1809.0
1618.0 1713.5 1809.0
1618.0 1713.5 1809.0
1618.0 1713.5 1809.0
1618.0 1713.5 1809.0
1618.0 1713.5 1809.0
1618.0 1713.5 1809.0
1618.0 1713.5 1809.0
1618.0 1713.5 1809.0
1618.0 1713.5 1809.0
1618.0 1713.5 1809.0
1618.0 1713.5 1809.0
1618.0 1713.5 1809.0
1618.0 1713.5 1809.0
1618.0 1713.5 1809.0
1618.0 1713.5 1809.0
1618.0 1713.5 1809.0
1618.0 1713.5 1809.0
1618.0 1713.5 1809.0
1618.0 1713.5 1809.0
1618.0 1713.5 1809.0
