9470.0 12088.0 14706.0
9470.0 11109.5 12749.0
6999.0 8295.5 9592.0
6304.0 8120.5 9937.0
6304.0 7097.5 7891.0
4785.0 5561.0 6337.0
3653.0 4112.5 4572.0
2953.0 3747.5 4542.0
2779.0 3013.5 3248.0
2327.0 2784.5 3242.0
1226.0 1959.0 2692.0
1226.0 1930.0 2634.0
1226.0 1720.5 2215.0
1226.0 1720.5 2215.0
1226.0 1649.0 2072.0
1226.0 1336.0 1446.0
1226.0 1336.0 1446.0
1226.0 1336.0 1446.0
1226.0 1336.0 1446.0
1226.0 1336.0 1446.0
1226.0 1336.0 1446.0
1226.0 1336.0 1446.0
1226.0 1336.0 1446.0
1226.0 1336.0 1446.0
1226.0 1336.0 1446.0
1226.0 1336.0 1446.0
1226.0 1336.0 1446.0
1226.0 1336.0 1446.0
1226.0 1336.0 1446.0
1226.0 1336.0 1446.0
1226.0 1336.0 1446.0
1226.0 1336.0 1446.0
1226.0 1336.0 1446.0
1226.0 1336.0 1446.0
1226.0 1336.0 1446.0
1226.0 1336.0 1446.0
1226.0 1336.0 1446.0
1226.0 1336.0 1446.0
1226.0 1336.0 1446.0
1226.0 1336.0 1446.0
1226.0 1336.0 1446.0
1226.0 1336.0 1446.0
1226.0 1336.0 1446.0
1226.0 1336.0 1446.0
1226.0 1336.0 1446.0
1226.0 1336.0 1446.0
1226.0 1336.0 1446.0
1226.0 1336.0 1446.0
1226.0 1336.0 1446.0
1226.0 1336.0 1446.0
1226.0 1336.0 1446.0
1226.0 1336.0 1446.0
1226.0 1336.0 1446.0
1226.0 1336.0 1446.0
1226.0 1336.0 1446.0
1226.0 1336.0 1446.0
1226.0 1336.0 1446.0
1226.0 1336.0 1446.0
1226.0 1336.0 1446.0
1226.0 1336.0 1446.0
1226.0 1336.0 1446.0
1226.0 1336.0 1446.0
1226.0 1336.0 1446.0
1226.0 1336.0 1446.0
1226.0 1336.0 1446.0
1226.0 1336.0 1446.0
1226.0 1336.0 1446.0
1226.0 1336.0 1446.0
1226.0 1336.0 1446.0
1226.0 1336.0 1446.0
1226.0 1336.0 1446.0
1226.0 1336.0 1446.0
1226.0 1336.0 1446.0
1226.0 1336.0 1446.0
1226.0 1336.0 1446.0
1226.0 1336.0 1446.0
1226.0 1336.0 1446.0
1226.0 1336.0 1446.0
1226.0 1336.0 1446.0
1226.0 1336.0 1446.0
1226.0 1336.0 1446.0
1226.0 1336.0 1446.0
1226.0 1336.0 1446.0
1226.0 1336.0 1446.0
1226.0 1336.0 1446.0
1226.0 1336.0 1446.0
1226.0 1336.0 1446.0
1226.0 1336.0 1446.0
1226.0 1336.0 1446.0
1226.0 1336.0 1446.0
1226.0 1336.0 1446.0
1226.0 1336.0 1446.0
1226.0 1336.0 1446.0
1226.0 1336.0 1446.0
1226.0 1336.0 1446.0
1226.0 1336.0 1446.0
1226.0 1336.0 1446.0
1226.0 1336.0 1446.0
1226.0 1336.0 1446.0
1226.0 1336.0 1446.0
1226.0 1336.0 1446.0
1226.0 1336.0 1446.0
1226.0 1336.0 1446.0
1226.0 1336.0 1446.0
1226.0 1336.0 1446.0
1226.0 1336.0 1446.0
1226.0 1336.0 1446.0
1226.0 1336.0 1446.0
1226.0 1336.0 1446.0
1226.0 1336.0 1446.0
1226.0 1336.0 1446.0
1226.0 1336.0 1446.0
1226.0 1336.0 1446.0
1226.0 1336.0 1446.0
1226.0 1336.0 1446.0
1226.0 1336.0 1446.0
1226.0 1336.0 1446.0
1226.0 1336.0 1446.0
1226.0 1336.0 1446.0
1226.0 1336.0 1446.0
1226.0 1336.0 1446.0
1226.0 1336.0 1446.0
1226.0 1336.0 1446.0
1226.0 1336.0 1446.0
1226.0 1336.0 1446.0
1226.0 1336.0 1446.0
1226.0 1336.0 1446.0
1226.0 1336.0 1446.0
1226.0 1336.0 1446.0
1226.0 1336.0 1446.0
1226.0 1336.0 1446.0
1226.0 1336.0 1446.0
1226.0 1336.0 1446.0
1226.0 1336.0 1446.0
1226.0 1336.0 1446.0
1226.0 1336.0 1446.0
1226.0 1336.0 1446.0
1226.0 1336.0 1446.0
1226.0 1336.0 1446.0
1226.0 1336.0 1446.0
1226.0 1336.0 1446.0
1226.0 1336.0 1446.0
1226.0 1336.0 1446.0
1226.0 1336.0 1446.0
1226.0 1336.0 1446.0
1226.0 1336.0 1446.0
1226.0 1336.0 1446.0
1226.0 1336.0 1446.0
1226.0 1336.0 1446.0
1226.0 1336.0 1446.0
1226.0 1336.0 1446.0
1226.0 1336.0 1446.0
1226.0 1336.0 1446.0
1226.0 1336.0 1446.0
1226.0 1336.0 1446.0
1226.0 1336.0 1446.0
1226.0 1336.0 1446.0
1226.0 1336.0 1446.0
1226.0 1336.0 1446.0
1226.0 1336.0 1446.0
1226.0 1336.0 1446.0
1226.0 1336.0 1446.0
1226.0 1336.0 1446.0
1226.0 1336.0 1446.0
1226.0 1336.0 1446.0
1226.0 1336.0 1446.0
1226.0 1336.0 1446.0
1226.0 1336.0 1446.0
1226.0 1336.0 1446.0
1226.0 1336.0 1446.0
1226.0 1336.0 1446.0
1226.0 1336.0 1446.0
1226.0 1336.0 1446.0
1226.0 1336.0 1446.0
1226.0 1336.0 1446.0
1226.0 1336.0 1446.0
1226.0 1317.5 1409.0
1226.0 1317.5 1409.0
1226.0 1317.5 1409.0
1226.0 1317.5 1409.0
1226.0 1317.5 1409.0
1226.0 1317.5 1409.0
1226.0 1317.5 1409.0
1226.0 1317.5 1409.0
1226.0 1317.5 1409.0
1226.0 1317.5 1409.0
1226.0 1317.5 1409.0
1226.0 1317.5 1409.0
1226.0 1317.5 1409.0
1226.0 1317.5 1409.0
1226.0 1317.5 1409.0
1226.0 1317.5 1409.0
1226.0 1317.5 1409.0
1226.0 1317.5 1409.0
1226.0 1317.5 1409.0
1226.0 1317.5 1409.0
1226.0 1317.5 1409.0
1226.0 1317.5 1409.0
1226.0 1317.5 1409.0
1226.0 1317.5 1409.0
