14882.0 15784.0 16686.0
12938.0 13436.5 13935.0
9356.0 9933.5 10511.0
7124.0 8057.0 8990.0
7892.0 8441.0 8990.0
5241.0 5774.0 6307.0
4716.0 5070.5 5425.0
3552.0 3858.5 4165.0
2851.0 3201.5 3552.0
2147.0 2514.0 2881.0
2147.0 2514.0 2881.0
2147.0 2514.0 2881.0
2283.0 2582.0 2881.0
1974.0 2547.5 3121.0
1878.0 2488.0 3098.0
1750.0 1862.0 1974.0
1482.0 1728.0 1974.0
1482.0 1728.0 1974.0
1482.0 1728.0 1974.0
1482.0 1728.0 1974.0
1482.0 1728.0 1974.0
1482.0 1728.0 1974.0
1482.0 1728.0 1974.0
1482.0 1728.0 1974.0
1482.0 1728.0 1974.0
1482.0 1728.0 1974.0
1482.0 1728.0 1974.0
1482.0 1728.0 1974.0
1482.0 1728.0 1974.0
1482.0 1728.0 1974.0
1482.0 1728.0 1974.0
1482.0 1728.0 1974.0
1482.0 1728.0 1974.0
1482.0 1709.0 1936.0
1482.0 1709.0 1936.0
1482.0 1541.5 1601.0
1482.0 1541.5 1601.0
1482.0 1541.5 1601.0
1482.0 1541.5 1601.0
1482.0 1541.5 1601.0
1482.0 1541.5 1601.0
1482.0 1541.5 1601.0
1482.0 1541.5 1601.0
1482.0 1541.5 1601.0
1482.0 1541.5 1601.0
1482.0 1541.5 1601.0
1482.0 1541.5 1601.0
1482.0 1541.5 1601.0
1482.0 1541.5 1601.0
1482.0 1541.5 1601.0
1482.0 1541.5 1601.0
1482.0 1541.5 1601.0
1482.0 1541.5 1601.0
1482.0 1541.5 1601.0
1482.0 1541.5 1601.0
1482.0 1541.5 1601.0
1482.0 1541.5 1601.0
1482.0 1541.5 1601.0
1482.0 1541.5 1601.0
1482.0 1541.5 1601.0
1482.0 1541.5 1601.0
1482.0 1541.5 1601.0
1482.0 1541.5 1601.0
1482.0 1541.5 1601.0
1482.0 1541.5 1601.0
1482.0 1541.5 1601.0
1482.0 1541.5 1601.0
1482.0 1541.5 1601.0
1482.0 1541.5 1601.0
1482.0 1541.5 1601.0
1482.0 1541.5 1601.0
1482.0 1541.5 1601.0
1482.0 1541.5 1601.0
1482.0 1541.5 1601.0
1482.0 1541.5 1601.0
1482.0 1541.5 1601.0
1482.0 1541.5 1601.0
1482.0 1541.5 1601.0
1482.0 1541.5 1601.0
1482.0 1541.5 1601.0
1482.0 1541.5 1601.0
1482.0 1541.5 1601.0
1482.0 1541.5 1601.0
1482.0 1541.5 1601.0
1482.0 1541.5 1601.0
1482.0 1541.5 1601.0
1482.0 1541.5 1601.0
1482.0 1541.5 1601.0
1482.0 1541.5 1601.0
1482.0 1541.5 1601.0
1482.0 1541.5 1601.0
1482.0 1541.5 1601.0
1482.0 1541.5 1601.0
1482.0 1541.5 1601.0
1482.0 1541.5 1601.0
1482.0 1541.5 1601.0
1482.0 1541.5 1601.0
1482.0 1541.5 1601.0
1482.0 1541.5 1601.0
1482.0 1541.5 1601.0
1482.0 1541.5 1601.0
1482.0 1541.5 1601.0
1482.0 1541.5 1601.0
1482.0 1541.5 1601.0
1482.0 1541.5 1601.0
1482.0 1541.5 1601.0
1482.0 1541.5 1601.0
1482.0 1541.5 1601.0
1181.0 1331.5 1482.0
1181.0 1331.5 1482.0
1181.0 1331.5 1482.0
1181.0 1331.5 1482.0
1181.0 1331.5 1482.0
1181.0 1331.5 1482.0
1181.0 1331.5 1482.0
1181.0 1331.5 1482.0
1181.0 1331.5 1482.0
1181.0 1331.5 1482.0
1181.0 1331.5 1482.0
1181.0 1331.5 1482.0
1181.0 1331.5 1482.0
1181.0 1331.5 1482.0
1181.0 1331.5 1482.0
1181.0 1331.5 1482.0
1181.0 1331.5 1482.0
1181.0 1331.5 1482.0
1181.0 1331.5 1482.0
1181.0 1331.5 1482.0
1181.0 1331.5 1482.0
1181.0 1331.5 1482.0
1181.0 1331.5 1482.0
1181.0 1331.5 1482.0
1181.0 1331.5 1482.0
1181.0 1331.5 1482.0
1181.0 1331.5 1482.0
1181.0 1331.5 1482.0
1181.0 1331.5 1482.0
1181.0 1331.5 1482.0
1181.0 1331.5 1482.0
1181.0 1331.5 1482.0
1181.0 1331.5 1482.0
1181.0 1331.5 1482.0
1181.0 1331.5 1482.0
1181.0 1331.5 1482.0
1181.0 1331.5 1482.0
1181.0 1331.5 1482.0
1181.0 1331.5 1482.0
1181.0 1331.5 1482.0
1181.0 1331.5 1482.0
1181.0 1331.5 1482.0
1181.0 1331.5 1482.0
1181.0 1331.5 1482.0
1181.0 1331.5 1482.0
1181.0 1331.5 1482.0
1181.0 1331.5 1482.0
1181.0 1331.5 1482.0
1181.0 1331.5 1482.0
1181.0 1331.5 1482.0
1181.0 1331.5 1482.0
1181.0 1331.5 1482.0
1181.0 1331.5 1482.0
1181.0 1331.5 1482.0
1181.0 1331.5 1482.0
1181.0 1331.5 1482.0
1181.0 1331.5 1482.0
1181.0 1331.5 1482.0
1181.0 1331.5 1482.0
1181.0 1331.5 1482.0
1181.0 1331.5 1482.0
1181.0 1331.5 1482.0
1181.0 1331.5 1482.0
1181.0 1331.5 1482.0
1181.0 1331.5 1482.0
1181.0 1331.5 1482.0
1181.0 1331.5 1482.0
1181.0 1331.5 1482.0
1181.0 1331.5 1482.0
1181.0 1331.5 1482.0
1181.0 1331.5 1482.0
1181.0 1331.5 1482.0
1181.0 1331.5 1482.0
1181.0 1331.5 1482.0
1181.0 1331.5 1482.0
1181.0 1331.5 1482.0
1181.0 1331.5 1482.0
1181.0 1331.5 1482.0
1181.0 1331.5 1482.0
1181.0 1331.5 1482.0
1181.0 1331.5 1482.0
1181.0 1331.5 1482.0
1181.0 1331.5 1482.0
1181.0 1331.5 1482.0
1181.0 1331.5 1482.0
1181.0 1331.5 1482.0
1181.0 1331.5 1482.0
1181.0 1331.5 1482.0
1181.0 1331.5 1482.0
1181.0 1331.5 1482.0
1181.0 1331.5 1482.0
1181.0 1331.5 1482.0
