13968.0 14141.5 14315.0
9456.0 9693.5 9931.0
8692.0 10020.0 11348.0
6033.0 6688.0 7343.0
4660.0 4975.5 5291.0
4464.0 4490.5 4517.0
3164.0 3208.5 3253.0
3265.0 3316.0 3367.0
2178.0 2721.5 3265.0
2178.0 2721.5 3265.0
885.0 1054.0 1223.0
885.0 1054.0 1223.0
885.0 1054.0 1223.0
885.0 1054.0 1223.0
885.0 1054.0 1223.0
885.0 1054.0 1223.0
885.0 1054.0 1223.0
885.0 1054.0 1223.0
885.0 1054.0 1223.0
885.0 1054.0 1223.0
885.0 1054.0 1223.0
885.0 1054.0 1223.0
885.0 1054.0 1223.0
885.0 1054.0 1223.0
885.0 1054.0 1223.0
885.0 1054.0 1223.0
885.0 1054.0 1223.0
885.0 1054.0 1223.0
885.0 1054.0 1223.0
885.0 1054.0 1223.0
885.0 1054.0 1223.0
885.0 1054.0 1223.0
885.0 1054.0 1223.0
885.0 1054.0 1223.0
885.0 1054.0 1223.0
885.0 1054.0 1223.0
885.0 1054.0 1223.0
885.0 1054.0 1223.0
885.0 1054.0 1223.0
885.0 1054.0 1223.0
885.0 1054.0 1223.0
885.0 1054.0 1223.0
885.0 1054.0 1223.0
885.0 1054.0 1223.0
885.0 1054.0 1223.0
885.0 1054.0 1223.0
885.0 1054.0 1223.0
885.0 1054.0 1223.0
885.0 1054.0 1223.0
885.0 1054.0 1223.0
885.0 1054.0 1223.0
885.0 1054.0 1223.0
885.0 1054.0 1223.0
885.0 1054.0 1223.0
885.0 1054.0 1223.0
885.0 1054.0 1223.0
885.0 1054.0 1223.0
885.0 1054.0 1223.0
885.0 1054.0 1223.0
885.0 1054.0 1223.0
885.0 1054.0 1223.0
885.0 1054.0 1223.0
885.0 1054.0 1223.0
885.0 1054.0 1223.0
885.0 1054.0 1223.0
885.0 1054.0 1223.0
885.0 1054.0 1223.0
885.0 1054.0 1223.0
885.0 1054.0 1223.0
885.0 1054.0 1223.0
885.0 1054.0 1223.0
885.0 1054.0 1223.0
885.0 1054.0 1223.0
885.0 1054.0 1223.0
885.0 1054.0 1223.0
885.0 1054.0 1223.0
885.0 1054.0 1223.0
885.0 1054.0 1223.0
885.0 1054.0 1223.0
885.0 1054.0 1223.0
885.0 1054.0 1223.0
885.0 1054.0 1223.0
885.0 1054.0 1223.0
885.0 1054.0 1223.0
885.0 1054.0 1223.0
885.0 1054.0 1223.0
885.0 1054.0 1223.0
885.0 1054.0 1223.0
885.0 1054.0 1223.0
885.0 1054.0 1223.0
885.0 1054.0 1223.0
885.0 1054.0 1223.0
885.0 1054.0 1223.0
885.0 1054.0 1223.0
885.0 1054.0 1223.0
885.0 1054.0 1223.0
885.0 1054.0 1223.0
885.0 1054.0 1223.0
885.0 1054.0 1223.0
885.0 1054.0 1223.0
885.0 1054.0 1223.0
885.0 1054.0 1223.0
885.0 1054.0 1223.0
885.0 1054.0 1223.0
885.0 1054.0 1223.0
885.0 1054.0 1223.0
885.0 1054.0 1223.0
885.0 1054.0 1223.0
885.0 1054.0 1223.0
885.0 1054.0 1223.0
885.0 1054.0 1223.0
885.0 1054.0 1223.0
885.0 1048.0 1211.0
885.0 1048.0 1211.0
885.0 1048.0 1211.0
885.0 1048.0 1211.0
885.0 1048.0 1211.0
885.0 1048.0 1211.0
885.0 1048.0 1211.0
885.0 1048.0 1211.0
885.0 1048.0 1211.0
885.0 1048.0 1211.0
885.0 1048.0 1211.0
885.0 1048.0 1211.0
885.0 1048.0 1211.0
885.0 1048.0 1211.0
885.0 1048.0 1211.0
885.0 1048.0 1211.0
885.0 1048.0 1211.0
885.0 1048.0 1211.0
885.0 1048.0 1211.0
885.0 1048.0 1211.0
885.0 1048.0 1211.0
885.0 1048.0 1211.0
885.0 1048.0 1211.0
885.0 1048.0 1211.0
885.0 1048.0 1211.0
885.0 1048.0 1211.0
885.0 1048.0 1211.0
885.0 1048.0 1211.0
885.0 1048.0 1211.0
885.0 1048.0 1211.0
885.0 1048.0 1211.0
885.0 1048.0 1211.0
885.0 1048.0 1211.0
885.0 1048.0 1211.0
885.0 1048.0 1211.0
885.0 1048.0 1211.0
885.0 1048.0 1211.0
885.0 1048.0 1211.0
885.0 1048.0 1211.0
885.0 1048.0 1211.0
885.0 1048.0 1211.0
885.0 1048.0 1211.0
885.0 1048.0 1211.0
885.0 1048.0 1211.0
885.0 1048.0 1211.0
885.0 1048.0 1211.0
885.0 1048.0 1211.0
885.0 1048.0 1211.0
885.0 1048.0 1211.0
885.0 1048.0 1211.0
885.0 1048.0 1211.0
885.0 1048.0 1211.0
885.0 1048.0 1211.0
885.0 1048.0 1211.0
885.0 1048.0 1211.0
885.0 1048.0 1211.0
885.0 1048.0 1211.0
885.0 1048.0 1211.0
885.0 1048.0 1211.0
885.0 1048.0 1211.0
885.0 1048.0 1211.0
885.0 1048.0 1211.0
885.0 1048.0 1211.0
885.0 1048.0 1211.0
885.0 1048.0 1211.0
885.0 1048.0 1211.0
885.0 1048.0 1211.0
885.0 1048.0 1211.0
885.0 1048.0 1211.0
885.0 1048.0 1211.0
885.0 1048.0 1211.0
885.0 1048.0 1211.0
885.0 1048.0 1211.0
885.0 1048.0 1211.0
885.0 1048.0 1211.0
885.0 1048.0 1211.0
885.0 1048.0 1211.0
885.0 1048.0 1211.0
885.0 1048.0 1211.0
885.0 1048.0 1211.0
885.0 1048.0 1211.0
885.0 1048.0 1211.0
885.0 1048.0 1211.0
885.0 1048.0 1211.0
885.0 1048.0 1211.0
885.0 1048.0 1211.0
885.0 1048.0 1211.0
885.0 1048.0 1211.0
