10017.0 11010.5 12004.0
9127.0 9235.5 9344.0
7361.0 8258.5 9156.0
6429.0 6854.0 7279.0
4507.0 4536.5 4566.0
3489.0 4186.0 4883.0
3103.0 3543.0 3983.0
1665.0 2384.0 3103.0
1665.0 1951.5 2238.0
1665.0 1967.5 2270.0
1665.0 1679.5 1694.0
1655.0 1660.0 1665.0
1655.0 1660.0 1665.0
1655.0 1660.0 1665.0
1655.0 1660.0 1665.0
1655.0 1660.0 1665.0
1655.0 1660.0 1665.0
1387.0 1526.0 1665.0
1387.0 1526.0 1665.0
1387.0 1526.0 1665.0
1387.0 1526.0 1665.0
1387.0 1526.0 1665.0
1387.0 1526.0 1665.0
1387.0 1526.0 1665.0
1387.0 1526.0 1665.0
1387.0 1526.0 1665.0
1387.0 1526.0 1665.0
1387.0 1526.0 1665.0
1387.0 1526.0 1665.0
1387.0 1526.0 1665.0
1387.0 1526.0 1665.0
1133.0 1260.0 1387.0
1133.0 1260.0 1387.0
1133.0 1260.0 1387.0
1133.0 1260.0 1387.0
1133.0 1260.0 1387.0
1133.0 1260.0 1387.0
1133.0 1260.0 1387.0
1133.0 1260.0 1387.0
1133.0 1260.0 1387.0
1133.0 1260.0 1387.0
1133.0 1260.0 1387.0
1133.0 1260.0 1387.0
1133.0 1260.0 1387.0
1133.0 1260.0 1387.0
1133.0 1260.0 1387.0
1133.0 1260.0 1387.0
1133.0 1260.0 1387.0
1133.0 1260.0 1387.0
1133.0 1260.0 1387.0
1133.0 1260.0 1387.0
1133.0 1260.0 1387.0
1133.0 1260.0 1387.0
1133.0 1260.0 1387.0
1133.0 1260.0 1387.0
904.0 1018.5 1133.0
904.0 1018.5 1133.0
904.0 1018.5 1133.0
904.0 1018.5 1133.0
904.0 1018.5 1133.0
904.0 1018.5 1133.0
904.0 1018.5 1133.0
904.0 1018.5 1133.0
904.0 1018.5 1133.0
904.0 1018.5 1133.0
904.0 1018.5 1133.0
904.0 1018.5 1133.0
904.0 1018.5 1133.0
904.0 1018.5 1133.0
904.0 1018.5 1133.0
904.0 1018.5 1133.0
904.0 1018.5 1133.0
904.0 1018.5 1133.0
904.0 1018.5 1133.0
904.0 1018.5 1133.0
904.0 1018.5 1133.0
904.0 1018.5 1133.0
904.0 1018.5 1133.0
904.0 1018.5 1133.0
904.0 1018.5 1133.0
904.0 1018.5 1133.0
904.0 1018.5 1133.0
904.0 1018.5 1133.0
904.0 1018.5 1133.0
904.0 1018.5 1133.0
904.0 1018.5 1133.0
904.0 1018.5 1133.0
904.0 1018.5 1133.0
904.0 1018.5 1133.0
904.0 1018.5 1133.0
904.0 1018.5 1133.0
904.0 1018.5 1133.0
904.0 1018.5 1133.0
904.0 1018.5 1133.0
904.0 1018.5 1133.0
904.0 1018.5 1133.0
904.0 1018.5 1133.0
904.0 1018.5 1133.0
904.0 1018.5 1133.0
904.0 1018.5 1133.0
904.0 1018.5 1133.0
904.0 1018.5 1133.0
904.0 1018.5 1133.0
904.0 1018.5 1133.0
904.0 1018.5 1133.0
904.0 1018.5 1133.0
904.0 1018.5 1133.0
904.0 1018.5 1133.0
904.0 1018.5 1133.0
904.0 1018.5 1133.0
904.0 1018.5 1133.0
904.0 1018.5 1133.0
904.0 1018.5 1133.0
904.0 1018.5 1133.0
904.0 1018.5 1133.0
904.0 1018.5 1133.0
904.0 1018.5 1133.0
904.0 1018.5 1133.0
904.0 1018.5 1133.0
904.0 1018.5 1133.0
904.0 1018.5 1133.0
904.0 1018.5 1133.0
904.0 1018.5 1133.0
904.0 1018.5 1133.0
904.0 1018.5 1133.0
904.0 1018.5 1133.0
904.0 1018.5 1133.0
904.0 1018.5 1133.0
904.0 1018.5 1133.0
904.0 1018.5 1133.0
904.0 1018.5 1133.0
904.0 1018.5 1133.0
904.0 1018.5 1133.0
904.0 1018.5 1133.0
904.0 1018.5 1133.0
904.0 1018.5 1133.0
904.0 1018.5 1133.0
904.0 1018.5 1133.0
904.0 1018.5 1133.0
904.0 1018.5 1133.0
904.0 1018.5 1133.0
904.0 1018.5 1133.0
904.0 1018.5 1133.0
904.0 1018.5 1133.0
904.0 1018.5 1133.0
904.0 1018.5 1133.0
904.0 1018.5 1133.0
904.0 1018.5 1133.0
904.0 1018.5 1133.0
904.0 1018.5 1133.0
904.0 1018.5 1133.0
904.0 1018.5 1133.0
904.0 1018.5 1133.0
904.0 1018.5 1133.0
904.0 1018.5 1133.0
904.0 1018.5 1133.0
904.0 1018.5 1133.0
904.0 1018.5 1133.0
904.0 1018.5 1133.0
904.0 1018.5 1133.0
904.0 1018.5 1133.0
904.0 1018.5 1133.0
883.0 893.5 904.0
883.0 893.5 904.0
883.0 893.5 904.0
883.0 893.5 904.0
883.0 893.5 904.0
883.0 893.5 904.0
883.0 893.5 904.0
883.0 893.5 904.0
883.0 893.5 904.0
883.0 893.5 904.0
883.0 893.5 904.0
883.0 893.5 904.0
883.0 893.5 904.0
883.0 893.5 904.0
883.0 893.5 904.0
883.0 893.5 904.0
883.0 893.5 904.0
883.0 893.5 904.0
883.0 893.5 904.0
883.0 893.5 904.0
883.0 893.5 904.0
883.0 893.5 904.0
883.0 893.5 904.0
883.0 893.5 904.0
883.0 893.5 904.0
883.0 893.5 904.0
883.0 893.5 904.0
883.0 893.5 904.0
883.0 893.5 904.0
883.0 893.5 904.0
883.0 893.5 904.0
883.0 893.5 904.0
883.0 893.5 904.0
883.0 893.5 904.0
883.0 893.5 904.0
883.0 893.5 904.0
883.0 893.5 904.0
883.0 893.5 904.0
