11614.0 12910.5 14207.0
10252.0 10387.5 10523.0
8237.0 8637.0 9037.0
6695.0 6711.5 6728.0
4104.0 4833.0 5562.0
4815.0 4963.0 5111.0
3250.0 3724.5 4199.0
2507.0 2722.0 2937.0
2937.0 3019.5 3102.0
1474.0 1859.0 2244.0
1806.0 2116.5 2427.0
1779.0 1792.5 1806.0
1474.0 1626.5 1779.0
1474.0 1626.5 1779.0
1135.0 1457.0 1779.0
1135.0 1457.0 1779.0
1135.0 1457.0 1779.0
1135.0 1317.5 1500.0
1135.0 1317.5 1500.0
1135.0 1347.5 1560.0
1135.0 1276.5 1418.0
1135.0 1276.5 1418.0
960.0 1047.5 1135.0
813.0 974.0 1135.0
813.0 974.0 1135.0
813.0 974.0 1135.0
813.0 974.0 1135.0
813.0 974.0 1135.0
813.0 974.0 1135.0
813.0 974.0 1135.0
813.0 974.0 1135.0
813.0 974.0 1135.0
813.0 974.0 1135.0
813.0 974.0 1135.0
813.0 974.0 1135.0
813.0 974.0 1135.0
813.0 974.0 1135.0
813.0 974.0 1135.0
813.0 974.0 1135.0
813.0 974.0 1135.0
813.0 974.0 1135.0
813.0 974.0 1135.0
813.0 974.0 1135.0
813.0 974.0 1135.0
813.0 974.0 1135.0
813.0 974.0 1135.0
813.0 974.0 1135.0
813.0 974.0 1135.0
813.0 974.0 1135.0
813.0 974.0 1135.0
813.0 1060.0 1307.0
813.0 1060.0 1307.0
813.0 937.5 1062.0
813.0 937.5 1062.0
813.0 937.5 1062.0
813.0 937.5 1062.0
813.0 937.5 1062.0
813.0 937.5 1062.0
813.0 937.5 1062.0
813.0 937.5 1062.0
813.0 937.5 1062.0
813.0 937.5 1062.0
813.0 937.5 1062.0
813.0 937.5 1062.0
813.0 937.5 1062.0
813.0 937.5 1062.0
813.0 937.5 1062.0
813.0 937.5 1062.0
813.0 937.5 1062.0
813.0 937.5 1062.0
813.0 937.5 1062.0
813.0 937.5 1062.0
813.0 937.5 1062.0
813.0 937.5 1062.0
813.0 937.5 1062.0
813.0 937.5 1062.0
813.0 937.5 1062.0
813.0 937.5 1062.0
813.0 937.5 1062.0
813.0 937.5 1062.0
813.0 937.5 1062.0
813.0 937.5 1062.0
813.0 937.5 1062.0
813.0 937.5 1062.0
813.0 937.5 1062.0
813.0 937.5 1062.0
813.0 937.5 1062.0
813.0 937.5 1062.0
813.0 937.5 1062.0
813.0 937.5 1062.0
813.0 937.5 1062.0
813.0 937.5 1062.0
813.0 937.5 1062.0
813.0 937.5 1062.0
813.0 937.5 1062.0
813.0 937.5 1062.0
813.0 937.5 1062.0
813.0 937.5 1062.0
813.0 937.5 1062.0
813.0 937.5 1062.0
813.0 937.5 1062.0
813.0 912.5 1012.0
813.0 912.5 1012.0
813.0 912.5 1012.0
813.0 912.5 1012.0
813.0 912.5 1012.0
813.0 912.5 1012.0
813.0 912.5 1012.0
813.0 912.5 1012.0
813.0 912.5 1012.0
813.0 912.5 1012.0
813.0 912.5 1012.0
813.0 912.5 1012.0
813.0 912.5 1012.0
813.0 912.5 1012.0
813.0 912.5 1012.0
813.0 912.5 1012.0
813.0 912.5 1012.0
813.0 912.5 1012.0
813.0 912.5 1012.0
813.0 912.5 1012.0
813.0 912.5 1012.0
813.0 912.5 1012.0
813.0 912.5 1012.0
813.0 912.5 1012.0
813.0 912.5 1012.0
813.0 912.5 1012.0
813.0 912.5 1012.0
813.0 912.5 1012.0
813.0 912.5 1012.0
813.0 912.5 1012.0
813.0 912.5 1012.0
813.0 912.5 1012.0
813.0 912.5 1012.0
813.0 912.5 1012.0
813.0 912.5 1012.0
813.0 912.5 1012.0
813.0 912.5 1012.0
813.0 912.5 1012.0
813.0 912.5 1012.0
813.0 912.5 1012.0
813.0 912.5 1012.0
813.0 912.5 1012.0
813.0 912.5 1012.0
813.0 912.5 1012.0
813.0 912.5 1012.0
813.0 912.5 1012.0
813.0 912.5 1012.0
813.0 912.5 1012.0
813.0 912.5 1012.0
813.0 912.5 1012.0
813.0 912.5 1012.0
813.0 912.5 1012.0
813.0 912.5 1012.0
813.0 912.5 1012.0
813.0 912.5 1012.0
813.0 912.5 1012.0
813.0 912.5 1012.0
813.0 912.5 1012.0
813.0 912.5 1012.0
813.0 912.5 1012.0
813.0 912.5 1012.0
813.0 912.5 1012.0
813.0 912.5 1012.0
813.0 912.5 1012.0
813.0 912.5 1012.0
813.0 912.5 1012.0
813.0 912.5 1012.0
813.0 912.5 1012.0
813.0 912.5 1012.0
813.0 912.5 1012.0
813.0 912.5 1012.0
813.0 912.5 1012.0
813.0 912.5 1012.0
813.0 912.5 1012.0
813.0 912.5 1012.0
813.0 912.5 1012.0
813.0 912.5 1012.0
813.0 912.5 1012.0
813.0 912.5 1012.0
813.0 912.5 1012.0
813.0 912.5 1012.0
813.0 912.5 1012.0
813.0 912.5 1012.0
813.0 912.5 1012.0
813.0 912.5 1012.0
813.0 912.5 1012.0
813.0 912.5 1012.0
813.0 912.5 1012.0
813.0 912.5 1012.0
813.0 912.5 1012.0
813.0 912.5 1012.0
813.0 912.5 1012.0
813.0 912.5 1012.0
813.0 912.5 1012.0
813.0 912.5 1012.0
813.0 912.5 1012.0
813.0 912.5 1012.0
813.0 912.5 1012.0
813.0 912.5 1012.0
