14886.0 15163.0 15440.0
11997.0 12465.0 12933.0
10699.0 11055.0 11411.0
8905.0 9263.5 9622.0
6145.0 8034.5 9924.0
5744.0 7061.0 8378.0
3754.0 4197.0 4640.0
3297.0 3525.5 3754.0
2882.0 3236.5 3591.0
2882.0 3236.5 3591.0
2905.0 3248.0 3591.0
2143.0 2931.0 3719.0
2143.0 2564.5 2986.0
2143.0 2564.5 2986.0
2143.0 2564.5 2986.0
2143.0 2564.5 2986.0
2143.0 2564.5 2986.0
2143.0 2564.5 2986.0
2143.0 2564.5 2986.0
2143.0 2564.5 2986.0
2143.0 2564.5 2986.0
2143.0 2564.5 2986.0
2143.0 2494.5 2846.0
2143.0 2204.0 2265.0
2143.0 2204.0 2265.0
2022.0 2143.5 2265.0
1721.0 1993.0 2265.0
1721.0 1993.0 2265.0
1721.0 1993.0 2265.0
1387.0 1826.0 2265.0
1387.0 1826.0 2265.0
1387.0 1826.0 2265.0
1387.0 1826.0 2265.0
1387.0 1826.0 2265.0
1387.0 1826.0 2265.0
1387.0 1826.0 2265.0
1387.0 1826.0 2265.0
1387.0 1826.0 2265.0
1387.0 1826.0 2265.0
1387.0 1826.0 2265.0
1387.0 1826.0 2265.0
1387.0 1826.0 2265.0
1387.0 1826.0 2265.0
1387.0 1815.0 2243.0
1387.0 1852.0 2317.0
1387.0 1726.5 2066.0
1387.0 1726.5 2066.0
1387.0 1726.5 2066.0
1387.0 1726.5 2066.0
1387.0 1726.5 2066.0
1387.0 1726.5 2066.0
1387.0 1726.5 2066.0
1387.0 1726.5 2066.0
1387.0 1726.5 2066.0
1387.0 1726.5 2066.0
1387.0 1598.0 1809.0
1387.0 1598.0 1809.0
1387.0 1598.0 1809.0
1387.0 1598.0 1809.0
1387.0 1598.0 1809.0
1387.0 1598.0 1809.0
1387.0 1598.0 1809.0
1387.0 1598.0 1809.0
1387.0 1598.0 1809.0
1387.0 1598.0 1809.0
1387.0 1598.0 1809.0
1387.0 1598.0 1809.0
1387.0 1598.0 1809.0
1387.0 1598.0 1809.0
1387.0 1598.0 1809.0
1387.0 1598.0 1809.0
1387.0 1598.0 1809.0
1387.0 1598.0 1809.0
1387.0 1598.0 1809.0
1387.0 1598.0 1809.0
1387.0 1598.0 1809.0
1387.0 1598.0 1809.0
1387.0 1598.0 1809.0
1387.0 1598.0 1809.0
1387.0 1598.0 1809.0
1387.0 1598.0 1809.0
1387.0 1598.0 1809.0
1387.0 1598.0 1809.0
1387.0 1598.0 1809.0
1387.0 1598.0 1809.0
1387.0 1598.0 1809.0
1387.0 1598.0 1809.0
1387.0 1598.0 1809.0
1387.0 1598.0 1809.0
1387.0 1598.0 1809.0
1387.0 1598.0 1809.0
1387.0 1598.0 1809.0
1387.0 1598.0 1809.0
1387.0 1598.0 1809.0
1387.0 1598.0 1809.0
1387.0 1598.0 1809.0
1387.0 1598.0 1809.0
1387.0 1598.0 1809.0
1387.0 1598.0 1809.0
1387.0 1598.0 1809.0
1387.0 1598.0 1809.0
1387.0 1598.0 1809.0
1387.0 1598.0 1809.0
1387.0 1598.0 1809.0
1387.0 1598.0 1809.0
1387.0 1598.0 1809.0
1387.0 1598.0 1809.0
1387.0 1598.0 1809.0
1387.0 1598.0 1809.0
1387.0 1598.0 1809.0
1387.0 1598.0 1809.0
1387.0 1598.0 1809.0
1387.0 1598.0 1809.0
1387.0 1598.0 1809.0
1387.0 1598.0 1809.0
1387.0 1598.0 1809.0
1387.0 1598.0 1809.0
1387.0 1598.0 1809.0
1387.0 1598.0 1809.0
1387.0 1598.0 1809.0
1387.0 1598.0 1809.0
1387.0 1598.0 1809.0
1387.0 1598.0 1809.0
1387.0 1598.0 1809.0
1387.0 1598.0 1809.0
1387.0 1598.0 1809.0
1387.0 1598.0 1809.0
1387.0 1598.0 1809.0
1387.0 1598.0 1809.0
1387.0 1598.0 1809.0
1387.0 1598.0 1809.0
1387.0 1598.0 1809.0
1387.0 1598.0 1809.0
1387.0 1598.0 1809.0
1387.0 1598.0 1809.0
1387.0 1598.0 1809.0
1387.0 1598.0 1809.0
1387.0 1598.0 1809.0
1387.0 1598.0 1809.0
1387.0 1598.0 1809.0
1387.0 1598.0 1809.0
1387.0 1598.0 1809.0
1387.0 1598.0 1809.0
1387.0 1598.0 1809.0
1387.0 1598.0 1809.0
1387.0 1598.0 1809.0
1387.0 1598.0 1809.0
1387.0 1598.0 1809.0
1387.0 1598.0 1809.0
1387.0 1598.0 1809.0
1387.0 1598.0 1809.0
1387.0 1598.0 1809.0
1387.0 1598.0 1809.0
1387.0 1598.0 1809.0
1387.0 1588.0 1789.0
1387.0 1410.0 1433.0
1387.0 1410.0 1433.0
1387.0 1410.0 1433.0
1387.0 1410.0 1433.0
1387.0 1410.0 1433.0
1387.0 1410.0 1433.0
1387.0 1410.0 1433.0
1387.0 1410.0 1433.0
1387.0 1410.0 1433.0
1387.0 1410.0 1433.0
1387.0 1410.0 1433.0
1387.0 1410.0 1433.0
1387.0 1410.0 1433.0
1387.0 1410.0 1433.0
1387.0 1410.0 1433.0
1387.0 1410.0 1433.0
1387.0 1410.0 1433.0
1387.0 1410.0 1433.0
1387.0 1410.0 1433.0
1387.0 1410.0 1433.0
1387.0 1410.0 1433.0
1387.0 1410.0 1433.0
1387.0 1410.0 1433.0
1387.0 1410.0 1433.0
1387.0 1410.0 1433.0
1387.0 1410.0 1433.0
1387.0 1410.0 1433.0
1387.0 1410.0 1433.0
1387.0 1410.0 1433.0
1387.0 1410.0 1433.0
1387.0 1410.0 1433.0
1387.0 1410.0 1433.0
1387.0 1410.0 1433.0
1387.0 1410.0 1433.0
1387.0 1410.0 1433.0
1387.0 1410.0 1433.0
1387.0 1410.0 1433.0
1387.0 1410.0 1433.0
1387.0 1410.0 1433.0
1387.0 1410.0 1433.0
1387.0 1410.0 1433.0
1387.0 1410.0 1433.0
1387.0 1410.0 1433.0
1387.0 1410.0 1433.0
1387.0 1410.0 1433.0
