8435.0 12995.0 17555.0
8435.0 11702.0 14969.0
7833.0 9116.5 10400.0
5955.0 6096.5 6238.0
4603.0 5506.0 6409.0
4365.0 4484.0 4603.0
4063.0 4161.5 4260.0
2938.0 3599.0 4260.0
2938.0 3489.0 4040.0
2228.0 2583.0 2938.0
2221.0 2579.5 2938.0
2221.0 2523.5 2826.0
2027.0 2124.0 2221.0
2027.0 2124.0 2221.0
1987.0 2007.0 2027.0
1910.0 1968.5 2027.0
1910.0 1968.5 2027.0
1392.0 1709.5 2027.0
1392.0 1709.5 2027.0
1235.0 1631.0 2027.0
1235.0 1631.0 2027.0
1235.0 1631.0 2027.0
1235.0 1631.0 2027.0
1235.0 1631.0 2027.0
1235.0 1631.0 2027.0
1235.0 1631.0 2027.0
1235.0 1631.0 2027.0
1235.0 1631.0 2027.0
1235.0 1631.0 2027.0
1235.0 1631.0 2027.0
1235.0 1631.0 2027.0
1235.0 1631.0 2027.0
1235.0 1631.0 2027.0
1235.0 1631.0 2027.0
1235.0 1631.0 2027.0
1235.0 1631.0 2027.0
1235.0 1631.0 2027.0
1235.0 1701.0 2167.0
1235.0 1701.0 2167.0
1235.0 1701.0 2167.0
1235.0 1701.0 2167.0
1235.0 1701.0 2167.0
1235.0 1701.0 2167.0
1235.0 1701.0 2167.0
1235.0 1701.0 2167.0
1235.0 1701.0 2167.0
1235.0 1479.5 1724.0
1235.0 1479.5 1724.0
1235.0 1479.5 1724.0
1235.0 1503.5 1772.0
1235.0 1503.5 1772.0
1235.0 1503.5 1772.0
1235.0 1503.5 1772.0
1235.0 1503.5 1772.0
1235.0 1503.5 1772.0
1235.0 1503.5 1772.0
1235.0 1503.5 1772.0
1235.0 1503.5 1772.0
1235.0 1503.5 1772.0
1235.0 1503.5 1772.0
1235.0 1503.5 1772.0
1235.0 1503.5 1772.0
1235.0 1503.5 1772.0
1235.0 1503.5 1772.0
1235.0 1503.5 1772.0
1235.0 1503.5 1772.0
1235.0 1503.5 1772.0
1235.0 1503.5 1772.0
1235.0 1503.5 1772.0
1235.0 1503.5 1772.0
1235.0 1503.5 1772.0
1235.0 1503.5 1772.0
1235.0 1503.5 1772.0
1235.0 1503.5 1772.0
1235.0 1503.5 1772.0
1235.0 1503.5 1772.0
1235.0 1503.5 1772.0
1235.0 1503.5 1772.0
1235.0 1503.5 1772.0
1235.0 1503.5 1772.0
1235.0 1503.5 1772.0
1235.0 1503.5 1772.0
1235.0 1503.5 1772.0
1235.0 1503.5 1772.0
1235.0 1503.5 1772.0
1235.0 1503.5 1772.0
1235.0 1503.5 1772.0
1235.0 1503.5 1772.0
1235.0 1293.5 1352.0
1235.0 1293.5 1352.0
1235.0 1293.5 1352.0
1235.0 1293.5 1352.0
1235.0 1293.5 1352.0
1235.0 1293.5 1352.0
1235.0 1293.5 1352.0
1235.0 1293.5 1352.0
1235.0 1293.5 1352.0
1235.0 1293.5 1352.0
1235.0 1293.5 1352.0
1235.0 1293.5 1352.0
1235.0 1293.5 1352.0
1235.0 1293.5 1352.0
1235.0 1293.5 1352.0
1235.0 1293.5 1352.0
1235.0 1293.5 1352.0
1235.0 1293.5 1352.0
1235.0 1293.5 1352.0
1235.0 1293.5 1352.0
1235.0 1293.5 1352.0
1235.0 1293.5 1352.0
1235.0 1293.5 1352.0
1235.0 1293.5 1352.0
1235.0 1293.5 1352.0
1235.0 1293.5 1352.0
1235.0 1293.5 1352.0
1235.0 1293.5 1352.0
1235.0 1293.5 1352.0
1235.0 1293.5 1352.0
1235.0 1293.5 1352.0
1235.0 1293.5 1352.0
1235.0 1293.5 1352.0
1235.0 1293.5 1352.0
1235.0 1293.5 1352.0
1235.0 1293.5 1352.0
1235.0 1293.5 1352.0
1235.0 1293.5 1352.0
1235.0 1293.5 1352.0
1235.0 1293.5 1352.0
1235.0 1293.5 1352.0
1235.0 1293.5 1352.0
1235.0 1293.5 1352.0
1235.0 1293.5 1352.0
1235.0 1293.5 1352.0
1235.0 1293.5 1352.0
1235.0 1293.5 1352.0
1235.0 1293.5 1352.0
1235.0 1293.5 1352.0
1235.0 1293.5 1352.0
1235.0 1293.5 1352.0
1235.0 1293.5 1352.0
1235.0 1293.5 1352.0
1235.0 1293.5 1352.0
1235.0 1293.5 1352.0
1235.0 1293.5 1352.0
1235.0 1293.5 1352.0
1235.0 1293.5 1352.0
1235.0 1293.5 1352.0
1235.0 1293.5 1352.0
1235.0 1293.5 1352.0
1235.0 1293.5 1352.0
1235.0 1293.5 1352.0
1235.0 1293.5 1352.0
1235.0 1293.5 1352.0
1235.0 1293.5 1352.0
1235.0 1293.5 1352.0
1235.0 1293.5 1352.0
1235.0 1293.5 1352.0
1235.0 1293.5 1352.0
1235.0 1293.5 1352.0
1235.0 1293.5 1352.0
1235.0 1293.5 1352.0
1235.0 1293.5 1352.0
1235.0 1293.5 1352.0
1235.0 1293.5 1352.0
1235.0 1293.5 1352.0
1235.0 1293.5 1352.0
1235.0 1293.5 1352.0
1235.0 1293.5 1352.0
1235.0 1293.5 1352.0
1235.0 1293.5 1352.0
1235.0 1293.5 1352.0
1235.0 1293.5 1352.0
1235.0 1293.5 1352.0
1235.0 1293.5 1352.0
1235.0 1293.5 1352.0
1235.0 1293.5 1352.0
1235.0 1293.5 1352.0
1235.0 1293.5 1352.0
1235.0 1293.5 1352.0
1235.0 1293.5 1352.0
1235.0 1293.5 1352.0
1235.0 1293.5 1352.0
1235.0 1293.5 1352.0
1235.0 1293.5 1352.0
1235.0 1293.5 1352.0
1235.0 1293.5 1352.0
1235.0 1293.5 1352.0
1235.0 1293.5 1352.0
1235.0 1293.5 1352.0
1235.0 1293.5 1352.0
1235.0 1293.5 1352.0
1235.0 1293.5 1352.0
1235.0 1293.5 1352.0
1235.0 1293.5 1352.0
1235.0 1293.5 1352.0
1235.0 1293.5 1352.0
1235.0 1293.5 1352.0
1235.0 1293.5 1352.0
1235.0 1293.5 1352.0
1235.0 1293.5 1352.0
