10107.0 11280.0 12453.0
8141.0 9425.5 10710.0
5354.0 7683.5 10013.0
6038.0 6378.5 6719.0
3513.0 4700.0 5887.0
2435.0 3487.0 4539.0
2085.0 2247.5 2410.0
2085.0 2247.5 2410.0
1884.0 1984.5 2085.0
2085.0 2086.0 2087.0
2085.0 2086.0 2087.0
1629.0 1857.0 2085.0
1503.0 1794.0 2085.0
1503.0 1794.0 2085.0
1503.0 1794.0 2085.0
1503.0 1794.0 2085.0
1503.0 1794.0 2085.0
1503.0 1794.0 2085.0
1503.0 1794.0 2085.0
1503.0 1794.0 2085.0
1503.0 1794.0 2085.0
1503.0 1794.0 2085.0
1503.0 1794.0 2085.0
1503.0 1794.0 2085.0
1503.0 1794.0 2085.0
1354.0 1428.5 1503.0
1354.0 1428.5 1503.0
1304.0 1403.5 1503.0
1304.0 1403.5 1503.0
1304.0 1403.5 1503.0
1304.0 1403.5 1503.0
1304.0 1403.5 1503.0
1304.0 1403.5 1503.0
1258.0 1281.0 1304.0
1258.0 1281.0 1304.0
1258.0 1281.0 1304.0
1258.0 1281.0 1304.0
1258.0 1281.0 1304.0
1258.0 1281.0 1304.0
1258.0 1281.0 1304.0
1258.0 1281.0 1304.0
1258.0 1281.0 1304.0
1258.0 1281.0 1304.0
1258.0 1281.0 1304.0
1258.0 1281.0 1304.0
1258.0 1281.0 1304.0
1258.0 1281.0 1304.0
1258.0 1281.0 1304.0
1258.0 1281.0 1304.0
1258.0 1281.0 1304.0
1258.0 1281.0 1304.0
1258.0 1281.0 1304.0
1258.0 1281.0 1304.0
1258.0 1281.0 1304.0
1258.0 1281.0 1304.0
1258.0 1281.0 1304.0
1258.0 1281.0 1304.0
1258.0 1281.0 1304.0
1258.0 1281.0 1304.0
1258.0 1281.0 1304.0
1258.0 1281.0 1304.0
1258.0 1281.0 1304.0
822.0 1040.0 1258.0
822.0 1040.0 1258.0
800.0 1029.0 1258.0
800.0 1029.0 1258.0
800.0 1029.0 1258.0
800.0 1029.0 1258.0
800.0 1029.0 1258.0
800.0 1029.0 1258.0
800.0 1029.0 1258.0
800.0 1029.0 1258.0
800.0 1029.0 1258.0
800.0 1029.0 1258.0
800.0 1029.0 1258.0
800.0 1029.0 1258.0
800.0 1029.0 1258.0
800.0 1029.0 1258.0
800.0 1029.0 1258.0
800.0 1029.0 1258.0
800.0 1029.0 1258.0
800.0 1029.0 1258.0
800.0 1029.0 1258.0
800.0 1029.0 1258.0
800.0 1029.0 1258.0
800.0 1029.0 1258.0
800.0 1029.0 1258.0
800.0 1029.0 1258.0
800.0 1029.0 1258.0
800.0 1029.0 1258.0
800.0 1029.0 1258.0
800.0 1029.0 1258.0
800.0 1029.0 1258.0
800.0 1029.0 1258.0
800.0 1029.0 1258.0
800.0 1029.0 1258.0
800.0 1029.0 1258.0
800.0 1029.0 1258.0
800.0 1029.0 1258.0
800.0 1029.0 1258.0
800.0 1029.0 1258.0
800.0 1029.0 1258.0
800.0 1029.0 1258.0
800.0 1029.0 1258.0
800.0 930.5 1061.0
800.0 930.5 1061.0
800.0 930.5 1061.0
800.0 930.5 1061.0
800.0 930.5 1061.0
800.0 930.5 1061.0
800.0 930.5 1061.0
800.0 930.5 1061.0
800.0 930.5 1061.0
800.0 930.5 1061.0
800.0 930.5 1061.0
800.0 930.5 1061.0
800.0 930.5 1061.0
800.0 930.5 1061.0
800.0 930.5 1061.0
800.0 930.5 1061.0
800.0 930.5 1061.0
800.0 930.5 1061.0
800.0 930.5 1061.0
800.0 930.5 1061.0
800.0 930.5 1061.0
800.0 930.5 1061.0
800.0 930.5 1061.0
800.0 930.5 1061.0
800.0 930.5 1061.0
800.0 930.5 1061.0
800.0 930.5 1061.0
800.0 930.5 1061.0
800.0 930.5 1061.0
800.0 930.5 1061.0
800.0 930.5 1061.0
800.0 930.5 1061.0
800.0 930.5 1061.0
800.0 930.5 1061.0
800.0 930.5 1061.0
800.0 930.5 1061.0
800.0 930.5 1061.0
800.0 930.5 1061.0
800.0 930.5 1061.0
800.0 930.5 1061.0
800.0 930.5 1061.0
800.0 930.5 1061.0
800.0 930.5 1061.0
800.0 930.5 1061.0
800.0 930.5 1061.0
800.0 930.5 1061.0
800.0 930.5 1061.0
800.0 930.5 1061.0
800.0 930.5 1061.0
800.0 930.5 1061.0
800.0 930.5 1061.0
800.0 930.5 1061.0
800.0 930.5 1061.0
800.0 930.5 1061.0
800.0 930.5 1061.0
800.0 930.5 1061.0
800.0 930.5 1061.0
800.0 930.5 1061.0
800.0 930.5 1061.0
800.0 930.5 1061.0
800.0 930.5 1061.0
800.0 930.5 1061.0
800.0 930.5 1061.0
800.0 930.5 1061.0
800.0 930.5 1061.0
800.0 930.5 1061.0
800.0 930.5 1061.0
800.0 930.5 1061.0
800.0 930.5 1061.0
800.0 930.5 1061.0
800.0 930.5 1061.0
800.0 930.5 1061.0
800.0 930.5 1061.0
800.0 930.5 1061.0
800.0 930.5 1061.0
800.0 930.5 1061.0
800.0 930.5 1061.0
800.0 930.5 1061.0
800.0 930.5 1061.0
800.0 930.5 1061.0
800.0 930.5 1061.0
800.0 930.5 1061.0
800.0 930.5 1061.0
800.0 930.5 1061.0
800.0 930.5 1061.0
800.0 930.5 1061.0
800.0 930.5 1061.0
800.0 930.5 1061.0
800.0 930.5 1061.0
800.0 930.5 1061.0
800.0 930.5 1061.0
800.0 930.5 1061.0
800.0 930.5 1061.0
800.0 930.5 1061.0
800.0 930.5 1061.0
800.0 930.5 1061.0
