16324.0 16961.0 17598.0
11574.0 12041.5 12509.0
12408.0 12455.5 12503.0
7546.0 8240.0 8934.0
3737.0 4817.0 5897.0
3737.0 4532.0 5327.0
2954.0 3413.5 3873.0
2954.0 3012.5 3071.0
2323.0 3026.5 3730.0
2323.0 2700.5 3078.0
2422.0 2750.0 3078.0
2422.0 2750.0 3078.0
2422.0 2750.0 3078.0
2422.0 2750.0 3078.0
2422.0 2554.5 2687.0
2173.0 2297.5 2422.0
2422.0 2464.5 2507.0
1682.0 2052.0 2422.0
1682.0 2052.0 2422.0
1682.0 2052.0 2422.0
1682.0 2052.0 2422.0
1682.0 2052.0 2422.0
1682.0 2052.0 2422.0
1682.0 2052.0 2422.0
1637.0 1659.5 1682.0
1637.0 1659.5 1682.0
1637.0 1659.5 1682.0
1637.0 1659.5 1682.0
1637.0 1659.5 1682.0
1572.0 1604.5 1637.0
1572.0 1604.5 1637.0
1572.0 1604.5 1637.0
1572.0 1604.5 1637.0
1572.0 1604.5 1637.0
1572.0 1604.5 1637.0
1572.0 1604.5 1637.0
1572.0 1604.5 1637.0
1572.0 1604.5 1637.0
1572.0 1604.5 1637.0
1572.0 1604.5 1637.0
1572.0 1604.5 1637.0
1572.0 1604.5 1637.0
1572.0 1604.5 1637.0
1572.0 1604.5 1637.0
1572.0 1604.5 1637.0
1572.0 1604.5 1637.0
1572.0 1604.5 1637.0
1572.0 1604.5 1637.0
1572.0 1604.5 1637.0
1572.0 1604.5 1637.0
1572.0 1604.5 1637.0
1572.0 1604.5 1637.0
1572.0 1604.5 1637.0
1572.0 1604.5 1637.0
1572.0 1604.5 1637.0
1572.0 1604.5 1637.0
1572.0 1604.5 1637.0
1572.0 1604.5 1637.0
1572.0 1604.5 1637.0
1572.0 1604.5 1637.0
1572.0 1604.5 1637.0
1572.0 1604.5 1637.0
1572.0 1604.5 1637.0
1572.0 1604.5 1637.0
1572.0 1604.5 1637.0
1572.0 1604.5 1637.0
1572.0 1604.5 1637.0
1572.0 1604.5 1637.0
1572.0 1604.5 1637.0
1572.0 1604.5 1637.0
1572.0 1604.5 1637.0
1572.0 1604.5 1637.0
1572.0 1604.5 1637.0
1572.0 1604.5 1637.0
1572.0 1604.5 1637.0
1572.0 1604.5 1637.0
1572.0 1604.5 1637.0
990.0 1281.0 1572.0
990.0 1281.0 1572.0
990.0 1281.0 1572.0
990.0 1281.0 1572.0
990.0 1281.0 1572.0
990.0 1281.0 1572.0
990.0 1281.0 1572.0
990.0 1281.0 1572.0
990.0 1281.0 1572.0
990.0 1281.0 1572.0
990.0 1281.0 1572.0
990.0 1281.0 1572.0
990.0 1281.0 1572.0
990.0 1281.0 1572.0
990.0 1281.0 1572.0
990.0 1281.0 1572.0
990.0 1281.0 1572.0
990.0 1281.0 1572.0
990.0 1281.0 1572.0
990.0 1281.0 1572.0
990.0 1281.0 1572.0
990.0 1281.0 1572.0
990.0 1281.0 1572.0
990.0 1281.0 1572.0
990.0 1281.0 1572.0
990.0 1281.0 1572.0
990.0 1281.0 1572.0
990.0 1281.0 1572.0
990.0 1281.0 1572.0
990.0 1281.0 1572.0
990.0 1281.0 1572.0
990.0 1281.0 1572.0
990.0 1281.0 1572.0
990.0 1281.0 1572.0
990.0 1281.0 1572.0
990.0 1281.0 1572.0
990.0 1281.0 1572.0
990.0 1281.0 1572.0
990.0 1281.0 1572.0
990.0 1281.0 1572.0
990.0 1281.0 1572.0
990.0 1281.0 1572.0
990.0 1281.0 1572.0
990.0 1281.0 1572.0
990.0 1281.0 1572.0
990.0 1281.0 1572.0
990.0 1281.0 1572.0
990.0 1281.0 1572.0
990.0 1281.0 1572.0
990.0 1281.0 1572.0
990.0 1281.0 1572.0
990.0 1281.0 1572.0
990.0 1281.0 1572.0
990.0 1281.0 1572.0
990.0 1281.0 1572.0
990.0 1281.0 1572.0
990.0 1281.0 1572.0
990.0 1281.0 1572.0
990.0 1281.0 1572.0
990.0 1281.0 1572.0
990.0 1281.0 1572.0
990.0 1281.0 1572.0
990.0 1281.0 1572.0
990.0 1281.0 1572.0
990.0 1281.0 1572.0
990.0 1281.0 1572.0
990.0 1281.0 1572.0
990.0 1281.0 1572.0
990.0 1281.0 1572.0
990.0 1281.0 1572.0
990.0 1281.0 1572.0
990.0 1281.0 1572.0
990.0 1281.0 1572.0
990.0 1281.0 1572.0
990.0 1281.0 1572.0
990.0 1281.0 1572.0
990.0 1281.0 1572.0
990.0 1281.0 1572.0
990.0 1281.0 1572.0
990.0 1281.0 1572.0
990.0 1281.0 1572.0
990.0 1281.0 1572.0
990.0 1281.0 1572.0
990.0 1281.0 1572.0
990.0 1281.0 1572.0
990.0 1281.0 1572.0
990.0 1281.0 1572.0
990.0 1281.0 1572.0
990.0 1281.0 1572.0
990.0 1281.0 1572.0
990.0 1281.0 1572.0
990.0 1281.0 1572.0
990.0 1281.0 1572.0
990.0 1281.0 1572.0
990.0 1281.0 1572.0
990.0 1281.0 1572.0
990.0 1281.0 1572.0
990.0 1281.0 1572.0
990.0 1281.0 1572.0
990.0 1281.0 1572.0
990.0 1281.0 1572.0
990.0 1281.0 1572.0
990.0 1281.0 1572.0
990.0 1281.0 1572.0
990.0 1281.0 1572.0
990.0 1281.0 1572.0
990.0 1281.0 1572.0
990.0 1281.0 1572.0
990.0 1281.0 1572.0
990.0 1281.0 1572.0
990.0 1281.0 1572.0
990.0 1281.0 1572.0
990.0 1281.0 1572.0
990.0 1281.0 1572.0
990.0 1281.0 1572.0
990.0 1281.0 1572.0
990.0 1281.0 1572.0
990.0 1281.0 1572.0
990.0 1281.0 1572.0
990.0 1281.0 1572.0
990.0 1281.0 1572.0
990.0 1281.0 1572.0
990.0 1281.0 1572.0
