12170.0 12677.0 13184.0
8862.0 9895.0 10928.0
5459.0 6601.0 7743.0
5051.0 5255.0 5459.0
4106.0 4612.5 5119.0
3372.0 3606.0 3840.0
2023.0 2265.5 2508.0
1681.0 2344.5 3008.0
1681.0 1973.0 2265.0
1954.0 2215.0 2476.0
1954.0 2048.0 2142.0
1954.0 2048.0 2142.0
1630.0 1792.0 1954.0
1630.0 1792.0 1954.0
1630.0 1792.0 1954.0
1320.0 1637.0 1954.0
1320.0 1637.0 1954.0
1320.0 1637.0 1954.0
1320.0 1637.0 1954.0
1320.0 1637.0 1954.0
1320.0 1637.0 1954.0
1320.0 1637.0 1954.0
1282.0 1301.0 1320.0
1282.0 1301.0 1320.0
1282.0 1301.0 1320.0
1282.0 1301.0 1320.0
1282.0 1301.0 1320.0
1282.0 1301.0 1320.0
1282.0 1301.0 1320.0
1320.0 1415.5 1511.0
1320.0 1415.5 1511.0
1320.0 1327.0 1334.0
789.0 1054.5 1320.0
786.0 1053.0 1320.0
786.0 1053.0 1320.0
786.0 1053.0 1320.0
786.0 1053.0 1320.0
786.0 1053.0 1320.0
786.0 1053.0 1320.0
786.0 1053.0 1320.0
786.0 1053.0 1320.0
786.0 1053.0 1320.0
786.0 1053.0 1320.0
786.0 1053.0 1320.0
786.0 1053.0 1320.0
786.0 963.5 1141.0
786.0 963.5 1141.0
786.0 963.5 1141.0
786.0 963.5 1141.0
786.0 963.5 1141.0
786.0 963.5 1141.0
786.0 963.5 1141.0
786.0 963.5 1141.0
786.0 963.5 1141.0
786.0 963.5 1141.0
786.0 963.5 1141.0
786.0 963.5 1141.0
786.0 963.5 1141.0
786.0 963.5 1141.0
786.0 963.5 1141.0
786.0 963.5 1141.0
786.0 963.5 1141.0
786.0 963.5 1141.0
786.0 963.5 1141.0
786.0 963.5 1141.0
786.0 963.5 1141.0
786.0 963.5 1141.0
786.0 963.5 1141.0
786.0 963.5 1141.0
786.0 963.5 1141.0
786.0 963.5 1141.0
786.0 963.5 1141.0
786.0 963.5 1141.0
786.0 963.5 1141.0
786.0 963.5 1141.0
786.0 963.5 1141.0
786.0 963.5 1141.0
786.0 963.5 1141.0
786.0 963.5 1141.0
786.0 963.5 1141.0
786.0 963.5 1141.0
786.0 963.5 1141.0
786.0 963.5 1141.0
786.0 963.5 1141.0
786.0 963.5 1141.0
786.0 963.5 1141.0
786.0 963.5 1141.0
786.0 963.5 1141.0
786.0 963.5 1141.0
786.0 963.5 1141.0
786.0 963.5 1141.0
786.0 963.5 1141.0
786.0 963.5 1141.0
786.0 963.5 1141.0
786.0 963.5 1141.0
786.0 963.5 1141.0
786.0 963.5 1141.0
786.0 963.5 1141.0
786.0 963.5 1141.0
786.0 963.5 1141.0
786.0 963.5 1141.0
786.0 963.5 1141.0
786.0 963.5 1141.0
786.0 963.5 1141.0
786.0 963.5 1141.0
786.0 963.5 1141.0
786.0 963.5 1141.0
786.0 963.5 1141.0
786.0 963.5 1141.0
786.0 963.5 1141.0
786.0 963.5 1141.0
786.0 963.5 1141.0
786.0 963.5 1141.0
786.0 963.5 1141.0
786.0 963.5 1141.0
786.0 963.5 1141.0
786.0 963.5 1141.0
786.0 963.5 1141.0
786.0 963.5 1141.0
786.0 963.5 1141.0
786.0 963.5 1141.0
786.0 963.5 1141.0
786.0 963.5 1141.0
786.0 963.5 1141.0
786.0 963.5 1141.0
786.0 963.5 1141.0
786.0 963.5 1141.0
786.0 963.5 1141.0
786.0 963.5 1141.0
786.0 963.5 1141.0
786.0 963.5 1141.0
786.0 963.5 1141.0
786.0 963.5 1141.0
786.0 963.5 1141.0
786.0 963.5 1141.0
786.0 963.5 1141.0
786.0 963.5 1141.0
786.0 963.5 1141.0
786.0 963.5 1141.0
786.0 963.5 1141.0
786.0 963.5 1141.0
786.0 963.5 1141.0
786.0 963.5 1141.0
786.0 963.5 1141.0
786.0 963.5 1141.0
786.0 963.5 1141.0
786.0 963.5 1141.0
786.0 963.5 1141.0
786.0 963.5 1141.0
786.0 963.5 1141.0
786.0 963.5 1141.0
786.0 963.5 1141.0
786.0 963.5 1141.0
786.0 963.5 1141.0
786.0 963.5 1141.0
786.0 963.5 1141.0
786.0 963.5 1141.0
786.0 963.5 1141.0
786.0 963.5 1141.0
786.0 963.5 1141.0
786.0 963.5 1141.0
786.0 963.5 1141.0
786.0 963.5 1141.0
786.0 963.5 1141.0
786.0 963.5 1141.0
786.0 963.5 1141.0
786.0 963.5 1141.0
786.0 963.5 1141.0
786.0 963.5 1141.0
786.0 963.5 1141.0
786.0 963.5 1141.0
786.0 963.5 1141.0
786.0 963.5 1141.0
786.0 963.5 1141.0
786.0 963.5 1141.0
786.0 963.5 1141.0
786.0 963.5 1141.0
786.0 963.5 1141.0
786.0 963.5 1141.0
786.0 963.5 1141.0
786.0 963.5 1141.0
786.0 963.5 1141.0
786.0 963.5 1141.0
786.0 963.5 1141.0
786.0 963.5 1141.0
786.0 963.5 1141.0
786.0 963.5 1141.0
786.0 963.5 1141.0
786.0 963.5 1141.0
786.0 963.5 1141.0
786.0 963.5 1141.0
786.0 963.5 1141.0
786.0 963.5 1141.0
786.0 963.5 1141.0
786.0 963.5 1141.0
786.0 963.5 1141.0
786.0 963.5 1141.0
786.0 963.5 1141.0
786.0 963.5 1141.0
786.0 963.5 1141.0
