11875.0 12146.5 12418.0
8968.0 9492.0 10016.0
5561.0 7057.5 8554.0
5968.0 6934.5 7901.0
4759.0 5002.5 5246.0
3657.0 4024.5 4392.0
2305.0 2726.0 3147.0
2305.0 2526.5 2748.0
1777.0 2262.5 2748.0
1777.0 2014.5 2252.0
1126.0 1689.0 2252.0
1126.0 1435.0 1744.0
1126.0 1435.0 1744.0
1126.0 1435.0 1744.0
1126.0 1435.0 1744.0
1126.0 1435.0 1744.0
1126.0 1435.0 1744.0
1126.0 1435.0 1744.0
1126.0 1435.0 1744.0
1126.0 1435.0 1744.0
1126.0 1283.0 1440.0
1126.0 1437.5 1749.0
1108.0 1117.0 1126.0
1108.0 1117.0 1126.0
759.0 942.5 1126.0
759.0 942.5 1126.0
759.0 942.5 1126.0
759.0 942.5 1126.0
759.0 942.5 1126.0
759.0 942.5 1126.0
759.0 942.5 1126.0
759.0 942.5 1126.0
759.0 942.5 1126.0
759.0 942.5 1126.0
759.0 942.5 1126.0
759.0 942.5 1126.0
759.0 942.5 1126.0
759.0 942.5 1126.0
759.0 942.5 1126.0
759.0 942.5 1126.0
759.0 942.5 1126.0
759.0 942.5 1126.0
759.0 942.5 1126.0
759.0 942.5 1126.0
759.0 942.5 1126.0
759.0 942.5 1126.0
759.0 942.5 1126.0
759.0 989.5 1220.0
759.0 989.5 1220.0
759.0 909.0 1059.0
759.0 909.0 1059.0
759.0 909.0 1059.0
759.0 909.0 1059.0
759.0 909.0 1059.0
759.0 909.0 1059.0
759.0 909.0 1059.0
759.0 909.0 1059.0
759.0 909.0 1059.0
759.0 909.0 1059.0
759.0 909.0 1059.0
759.0 909.0 1059.0
759.0 909.0 1059.0
759.0 909.0 1059.0
759.0 909.0 1059.0
759.0 909.0 1059.0
759.0 909.0 1059.0
759.0 909.0 1059.0
759.0 909.0 1059.0
759.0 909.0 1059.0
759.0 909.0 1059.0
759.0 909.0 1059.0
759.0 909.0 1059.0
759.0 909.0 1059.0
759.0 909.0 1059.0
759.0 909.0 1059.0
759.0 909.0 1059.0
759.0 909.0 1059.0
759.0 909.0 1059.0
759.0 909.0 1059.0
759.0 909.0 1059.0
759.0 909.0 1059.0
759.0 909.0 1059.0
759.0 909.0 1059.0
759.0 909.0 1059.0
759.0 909.0 1059.0
759.0 909.0 1059.0
759.0 909.0 1059.0
759.0 909.0 1059.0
759.0 909.0 1059.0
759.0 909.0 1059.0
759.0 909.0 1059.0
759.0 909.0 1059.0
759.0 909.0 1059.0
759.0 909.0 1059.0
759.0 909.0 1059.0
759.0 909.0 1059.0
759.0 909.0 1059.0
759.0 909.0 1059.0
759.0 909.0 1059.0
759.0 909.0 1059.0
759.0 909.0 1059.0
759.0 909.0 1059.0
759.0 909.0 1059.0
759.0 909.0 1059.0
759.0 909.0 1059.0
759.0 909.0 1059.0
759.0 909.0 1059.0
759.0 909.0 1059.0
759.0 909.0 1059.0
759.0 909.0 1059.0
759.0 909.0 1059.0
759.0 909.0 1059.0
759.0 909.0 1059.0
759.0 909.0 1059.0
759.0 909.0 1059.0
759.0 909.0 1059.0
759.0 909.0 1059.0
759.0 909.0 1059.0
759.0 909.0 1059.0
759.0 909.0 1059.0
759.0 909.0 1059.0
759.0 909.0 1059.0
759.0 909.0 1059.0
759.0 909.0 1059.0
759.0 909.0 1059.0
759.0 909.0 1059.0
759.0 909.0 1059.0
759.0 909.0 1059.0
759.0 909.0 1059.0
759.0 909.0 1059.0
759.0 909.0 1059.0
759.0 909.0 1059.0
759.0 909.0 1059.0
759.0 909.0 1059.0
759.0 909.0 1059.0
759.0 909.0 1059.0
759.0 909.0 1059.0
759.0 909.0 1059.0
759.0 909.0 1059.0
759.0 909.0 1059.0
759.0 909.0 1059.0
759.0 909.0 1059.0
759.0 909.0 1059.0
759.0 909.0 1059.0
759.0 909.0 1059.0
759.0 909.0 1059.0
759.0 909.0 1059.0
759.0 909.0 1059.0
759.0 909.0 1059.0
759.0 909.0 1059.0
759.0 909.0 1059.0
759.0 909.0 1059.0
759.0 909.0 1059.0
759.0 909.0 1059.0
759.0 909.0 1059.0
759.0 909.0 1059.0
759.0 909.0 1059.0
759.0 909.0 1059.0
759.0 909.0 1059.0
759.0 909.0 1059.0
759.0 909.0 1059.0
759.0 909.0 1059.0
759.0 909.0 1059.0
759.0 909.0 1059.0
759.0 909.0 1059.0
759.0 909.0 1059.0
759.0 909.0 1059.0
759.0 909.0 1059.0
759.0 909.0 1059.0
759.0 909.0 1059.0
759.0 909.0 1059.0
759.0 909.0 1059.0
759.0 909.0 1059.0
759.0 909.0 1059.0
759.0 909.0 1059.0
759.0 909.0 1059.0
759.0 909.0 1059.0
759.0 909.0 1059.0
759.0 909.0 1059.0
759.0 909.0 1059.0
759.0 909.0 1059.0
759.0 909.0 1059.0
759.0 909.0 1059.0
759.0 909.0 1059.0
759.0 909.0 1059.0
759.0 909.0 1059.0
759.0 909.0 1059.0
759.0 909.0 1059.0
759.0 909.0 1059.0
759.0 909.0 1059.0
759.0 909.0 1059.0
759.0 909.0 1059.0
759.0 909.0 1059.0
759.0 909.0 1059.0
759.0 909.0 1059.0
759.0 909.0 1059.0
759.0 909.0 1059.0
759.0 909.0 1059.0
759.0 909.0 1059.0
759.0 909.0 1059.0
