12502.0 13431.0 14360.0
11094.0 11141.0 11188.0
8606.0 8761.0 8916.0
8079.0 8086.0 8093.0
5030.0 5453.5 5877.0
4529.0 5025.5 5522.0
5025.0 5077.5 5130.0
3239.0 3838.0 4437.0
3055.0 3147.0 3239.0
2755.0 2997.0 3239.0
2141.0 2690.0 3239.0
2141.0 2788.5 3436.0
2011.0 2723.5 3436.0
2011.0 2301.0 2591.0
2011.0 2430.5 2850.0
2011.0 2166.0 2321.0
2011.0 2034.0 2057.0
2011.0 2034.0 2057.0
1977.0 1994.0 2011.0
1977.0 1994.0 2011.0
1813.0 1912.0 2011.0
1813.0 1912.0 2011.0
1813.0 1912.0 2011.0
1813.0 1912.0 2011.0
1813.0 1912.0 2011.0
1813.0 1912.0 2011.0
1813.0 1912.0 2011.0
1813.0 1905.0 1997.0
1652.0 1732.5 1813.0
1652.0 1732.5 1813.0
1652.0 1732.5 1813.0
1652.0 1732.5 1813.0
1652.0 1732.5 1813.0
1652.0 1732.5 1813.0
1652.0 1732.5 1813.0
1652.0 1732.5 1813.0
1652.0 1732.5 1813.0
1652.0 1732.5 1813.0
1652.0 1732.5 1813.0
1652.0 1732.5 1813.0
1652.0 1732.5 1813.0
1652.0 1732.5 1813.0
1244.0 1528.5 1813.0
1244.0 1528.5 1813.0
1244.0 1528.5 1813.0
1244.0 1528.5 1813.0
1244.0 1528.5 1813.0
1244.0 1528.5 1813.0
1244.0 1528.5 1813.0
1244.0 1528.5 1813.0
1244.0 1528.5 1813.0
1244.0 1528.5 1813.0
1244.0 1528.5 1813.0
1244.0 1528.5 1813.0
1244.0 1528.5 1813.0
1244.0 1528.5 1813.0
1244.0 1528.5 1813.0
1244.0 1528.5 1813.0
1244.0 1528.5 1813.0
1244.0 1528.5 1813.0
1244.0 1528.5 1813.0
1244.0 1528.5 1813.0
1244.0 1528.5 1813.0
1244.0 1528.5 1813.0
1244.0 1528.5 1813.0
1244.0 1528.5 1813.0
1244.0 1528.5 1813.0
1244.0 1528.5 1813.0
1244.0 1528.5 1813.0
1244.0 1528.5 1813.0
1244.0 1528.5 1813.0
1244.0 1528.5 1813.0
1244.0 1528.5 1813.0
1244.0 1528.5 1813.0
1244.0 1528.5 1813.0
1244.0 1528.5 1813.0
1244.0 1528.5 1813.0
1244.0 1528.5 1813.0
1244.0 1528.5 1813.0
1244.0 1528.5 1813.0
1244.0 1528.5 1813.0
1244.0 1528.5 1813.0
1244.0 1528.5 1813.0
1244.0 1528.5 1813.0
1244.0 1528.5 1813.0
1244.0 1528.5 1813.0
1244.0 1528.5 1813.0
1244.0 1528.5 1813.0
1244.0 1528.5 1813.0
1244.0 1528.5 1813.0
1244.0 1528.5 1813.0
1244.0 1528.5 1813.0
1244.0 1528.5 1813.0
1244.0 1528.5 1813.0
1244.0 1528.5 1813.0
1244.0 1528.5 1813.0
1244.0 1528.5 1813.0
1244.0 1528.5 1813.0
1244.0 1528.5 1813.0
1244.0 1528.5 1813.0
1244.0 1528.5 1813.0
1244.0 1528.5 1813.0
1244.0 1528.5 1813.0
1244.0 1528.5 1813.0
1244.0 1528.5 1813.0
1244.0 1528.5 1813.0
1244.0 1528.5 1813.0
1244.0 1528.5 1813.0
1244.0 1528.5 1813.0
1244.0 1528.5 1813.0
1244.0 1528.5 1813.0
1244.0 1528.5 1813.0
1244.0 1528.5 1813.0
1244.0 1528.5 1813.0
1244.0 1528.5 1813.0
1244.0 1528.5 1813.0
1244.0 1528.5 1813.0
1244.0 1528.5 1813.0
1244.0 1528.5 1813.0
1244.0 1528.5 1813.0
1244.0 1528.5 1813.0
1244.0 1528.5 1813.0
1244.0 1528.5 1813.0
1244.0 1528.5 1813.0
1244.0 1528.5 1813.0
1244.0 1528.5 1813.0
1244.0 1528.5 1813.0
1244.0 1528.5 1813.0
1244.0 1528.5 1813.0
1244.0 1528.5 1813.0
1244.0 1528.5 1813.0
1244.0 1528.5 1813.0
1244.0 1528.5 1813.0
1244.0 1528.5 1813.0
1244.0 1528.5 1813.0
1244.0 1528.5 1813.0
1244.0 1528.5 1813.0
1244.0 1528.5 1813.0
1244.0 1528.5 1813.0
1244.0 1528.5 1813.0
1244.0 1528.5 1813.0
1244.0 1528.5 1813.0
1244.0 1528.5 1813.0
1244.0 1528.5 1813.0
1244.0 1528.5 1813.0
1244.0 1528.5 1813.0
1244.0 1528.5 1813.0
1244.0 1528.5 1813.0
1244.0 1528.5 1813.0
1244.0 1528.5 1813.0
1244.0 1528.5 1813.0
1244.0 1528.5 1813.0
1244.0 1528.5 1813.0
1244.0 1528.5 1813.0
1244.0 1528.5 1813.0
1244.0 1528.5 1813.0
751.0 1282.0 1813.0
751.0 1282.0 1813.0
751.0 1282.0 1813.0
751.0 1282.0 1813.0
751.0 1282.0 1813.0
751.0 1282.0 1813.0
751.0 1282.0 1813.0
751.0 1282.0 1813.0
751.0 1282.0 1813.0
751.0 1282.0 1813.0
751.0 1282.0 1813.0
751.0 1282.0 1813.0
751.0 1282.0 1813.0
751.0 1282.0 1813.0
751.0 1282.0 1813.0
751.0 1282.0 1813.0
751.0 1282.0 1813.0
751.0 1282.0 1813.0
751.0 1282.0 1813.0
751.0 1282.0 1813.0
751.0 1282.0 1813.0
751.0 1282.0 1813.0
751.0 1282.0 1813.0
751.0 1282.0 1813.0
751.0 1282.0 1813.0
751.0 1282.0 1813.0
751.0 1282.0 1813.0
751.0 1282.0 1813.0
751.0 1282.0 1813.0
751.0 1282.0 1813.0
751.0 1282.0 1813.0
751.0 1282.0 1813.0
751.0 1282.0 1813.0
751.0 1282.0 1813.0
751.0 1282.0 1813.0
751.0 1000.5 1250.0
751.0 1000.5 1250.0
751.0 1000.5 1250.0
751.0 1000.5 1250.0
751.0 1000.5 1250.0
751.0 1000.5 1250.0
751.0 1000.5 1250.0
751.0 1000.5 1250.0
751.0 1000.5 1250.0
