14255.0 15909.0 17563.0
11251.0 13071.0 14891.0
8791.0 10183.5 11576.0
7972.0 9152.5 10333.0
7175.0 7662.0 8149.0
5703.0 6577.5 7452.0
3374.0 4213.0 5052.0
2687.0 3544.5 4402.0
2134.0 2410.5 2687.0
2134.0 2410.5 2687.0
2134.0 2410.5 2687.0
2134.0 2410.5 2687.0
2134.0 2410.5 2687.0
2134.0 2410.5 2687.0
2134.0 2410.5 2687.0
2134.0 2410.5 2687.0
2134.0 2410.5 2687.0
2134.0 2209.5 2285.0
2134.0 2239.5 2345.0
2134.0 2147.5 2161.0
2134.0 2147.5 2161.0
2134.0 2147.5 2161.0
2134.0 2147.5 2161.0
2134.0 2147.5 2161.0
2134.0 2147.5 2161.0
2134.0 2147.5 2161.0
2134.0 2147.5 2161.0
2134.0 2147.5 2161.0
2134.0 2147.5 2161.0
2134.0 2147.5 2161.0
2134.0 2147.5 2161.0
2134.0 2147.5 2161.0
2134.0 2147.5 2161.0
2134.0 2147.5 2161.0
2134.0 2147.5 2161.0
2134.0 2147.5 2161.0
2134.0 2147.5 2161.0
2134.0 2147.5 2161.0
2134.0 2147.5 2161.0
2134.0 2147.5 2161.0
2134.0 2147.5 2161.0
1725.0 1929.5 2134.0
1535.0 1834.5 2134.0
1535.0 1834.5 2134.0
1535.0 1834.5 2134.0
1535.0 1834.5 2134.0
1535.0 1834.5 2134.0
1535.0 1834.5 2134.0
1535.0 1834.5 2134.0
1535.0 1834.5 2134.0
1535.0 1834.5 2134.0
1535.0 1834.5 2134.0
1535.0 1834.5 2134.0
1535.0 1834.5 2134.0
1535.0 1834.5 2134.0
1535.0 1834.5 2134.0
1535.0 1834.5 2134.0
1535.0 1834.5 2134.0
1535.0 1834.5 2134.0
1535.0 1834.5 2134.0
1535.0 1834.5 2134.0
1535.0 1834.5 2134.0
1535.0 1834.5 2134.0
1535.0 1834.5 2134.0
1535.0 1805.0 2075.0
1535.0 1914.0 2293.0
1535.0 1914.0 2293.0
1535.0 1914.0 2293.0
1535.0 1914.0 2293.0
1535.0 1914.0 2293.0
1535.0 1914.0 2293.0
1535.0 1914.0 2293.0
1535.0 1914.0 2293.0
1535.0 1914.0 2293.0
1535.0 1914.0 2293.0
1535.0 1914.0 2293.0
1535.0 1914.0 2293.0
1535.0 1591.0 1647.0
1535.0 1711.0 1887.0
1535.0 1584.5 1634.0
1535.0 1584.5 1634.0
1535.0 1584.5 1634.0
1535.0 1584.5 1634.0
1535.0 1584.5 1634.0
1535.0 1584.5 1634.0
1535.0 1584.5 1634.0
1535.0 1584.5 1634.0
1535.0 1584.5 1634.0
1535.0 1584.5 1634.0
1535.0 1584.5 1634.0
1535.0 1584.5 1634.0
1535.0 1584.5 1634.0
1535.0 1584.5 1634.0
1535.0 1584.5 1634.0
1535.0 1584.5 1634.0
1535.0 1584.5 1634.0
1535.0 1584.5 1634.0
1535.0 1584.5 1634.0
1535.0 1584.5 1634.0
1535.0 1584.5 1634.0
1535.0 1584.5 1634.0
1535.0 1584.5 1634.0
1535.0 1584.5 1634.0
1535.0 1584.5 1634.0
1535.0 1584.5 1634.0
1535.0 1584.5 1634.0
1535.0 1584.5 1634.0
1535.0 1584.5 1634.0
1535.0 1584.5 1634.0
1535.0 1584.5 1634.0
1535.0 1584.5 1634.0
1535.0 1584.5 1634.0
1535.0 1584.5 1634.0
1535.0 1584.5 1634.0
1535.0 1584.5 1634.0
1535.0 1584.5 1634.0
1535.0 1584.5 1634.0
1535.0 1584.5 1634.0
1535.0 1584.5 1634.0
1535.0 1584.5 1634.0
1535.0 1584.5 1634.0
1535.0 1584.5 1634.0
1535.0 1584.5 1634.0
1535.0 1584.5 1634.0
1535.0 1584.5 1634.0
1535.0 1584.5 1634.0
1535.0 1584.5 1634.0
1535.0 1584.5 1634.0
1535.0 1584.5 1634.0
1535.0 1584.5 1634.0
1535.0 1584.5 1634.0
1535.0 1584.5 1634.0
1535.0 1584.5 1634.0
1535.0 1584.5 1634.0
1535.0 1584.5 1634.0
1535.0 1584.5 1634.0
1535.0 1584.5 1634.0
1535.0 1584.5 1634.0
1535.0 1584.5 1634.0
1535.0 1584.5 1634.0
1535.0 1584.5 1634.0
1535.0 1584.5 1634.0
1535.0 1584.5 1634.0
1535.0 1584.5 1634.0
1535.0 1584.5 1634.0
1535.0 1584.5 1634.0
1535.0 1584.5 1634.0
1535.0 1584.5 1634.0
1535.0 1584.5 1634.0
1535.0 1584.5 1634.0
1535.0 1584.5 1634.0
1535.0 1584.5 1634.0
1535.0 1584.5 1634.0
1535.0 1584.5 1634.0
1535.0 1584.5 1634.0
1535.0 1584.5 1634.0
1535.0 1584.5 1634.0
1535.0 1584.5 1634.0
1535.0 1584.5 1634.0
1535.0 1584.5 1634.0
1535.0 1584.5 1634.0
1535.0 1584.5 1634.0
1535.0 1584.5 1634.0
1535.0 1584.5 1634.0
1535.0 1584.5 1634.0
1535.0 1584.5 1634.0
1535.0 1584.5 1634.0
1535.0 1584.5 1634.0
1535.0 1584.5 1634.0
1535.0 1584.5 1634.0
1535.0 1584.5 1634.0
1535.0 1584.5 1634.0
1535.0 1584.5 1634.0
1535.0 1584.5 1634.0
1535.0 1584.5 1634.0
1535.0 1584.5 1634.0
1535.0 1584.5 1634.0
1535.0 1584.5 1634.0
1535.0 1584.5 1634.0
1535.0 1584.5 1634.0
1535.0 1584.5 1634.0
1535.0 1584.5 1634.0
1535.0 1584.5 1634.0
1535.0 1584.5 1634.0
1535.0 1584.5 1634.0
1535.0 1584.5 1634.0
1535.0 1584.5 1634.0
1535.0 1584.5 1634.0
1535.0 1584.5 1634.0
1535.0 1584.5 1634.0
1535.0 1584.5 1634.0
1535.0 1584.5 1634.0
1535.0 1584.5 1634.0
1535.0 1584.5 1634.0
1535.0 1584.5 1634.0
1535.0 1584.5 1634.0
1535.0 1584.5 1634.0
1535.0 1584.5 1634.0
1535.0 1584.5 1634.0
1535.0 1584.5 1634.0
