12977.0 14309.5 15642.0
12826.0 12845.5 12865.0
8222.0 9375.0 10528.0
6929.0 7039.0 7149.0
5552.0 6205.5 6859.0
4457.0 4658.0 4859.0
2934.0 3330.5 3727.0
2181.0 2954.0 3727.0
1987.0 2332.0 2677.0
1987.0 2332.0 2677.0
1987.0 2188.5 2390.0
1742.0 1864.5 1987.0
1987.0 1997.5 2008.0
1987.0 1997.5 2008.0
1987.0 1997.5 2008.0
1987.0 1997.5 2008.0
1987.0 1997.5 2008.0
1987.0 1997.5 2008.0
1987.0 1997.5 2008.0
1987.0 1997.5 2008.0
1987.0 1997.5 2008.0
1987.0 1997.5 2008.0
1987.0 1997.5 2008.0
1987.0 1997.5 2008.0
1987.0 1997.5 2008.0
1987.0 1997.5 2008.0
1987.0 1997.5 2008.0
1987.0 1997.5 2008.0
1987.0 1997.5 2008.0
1987.0 1997.5 2008.0
1987.0 1997.5 2008.0
1987.0 1997.5 2008.0
1987.0 1997.5 2008.0
1987.0 1997.5 2008.0
1987.0 1997.5 2008.0
1987.0 1997.5 2008.0
1987.0 1997.5 2008.0
1987.0 1997.5 2008.0
1987.0 1997.5 2008.0
1987.0 1997.5 2008.0
1987.0 1997.5 2008.0
1987.0 1997.5 2008.0
1987.0 1997.5 2008.0
1987.0 1997.5 2008.0
1987.0 1997.5 2008.0
1987.0 1997.5 2008.0
1987.0 1997.5 2008.0
1987.0 1997.5 2008.0
1987.0 1997.5 2008.0
1987.0 1997.5 2008.0
1987.0 1997.5 2008.0
1987.0 1997.5 2008.0
1987.0 1997.5 2008.0
1987.0 1997.5 2008.0
1987.0 1997.5 2008.0
1987.0 1997.5 2008.0
1987.0 1997.5 2008.0
1987.0 1997.5 2008.0
1987.0 1997.5 2008.0
1987.0 1997.5 2008.0
1987.0 1997.5 2008.0
1987.0 1997.5 2008.0
1987.0 1997.5 2008.0
1987.0 1997.5 2008.0
1987.0 1997.5 2008.0
1987.0 1997.5 2008.0
1987.0 1997.5 2008.0
1987.0 1997.5 2008.0
1987.0 1997.5 2008.0
1987.0 1997.5 2008.0
1987.0 1997.5 2008.0
1987.0 1997.5 2008.0
1987.0 1997.5 2008.0
1987.0 1997.5 2008.0
1987.0 1997.5 2008.0
1987.0 1997.5 2008.0
1582.0 1784.5 1987.0
1582.0 1784.5 1987.0
1582.0 1784.5 1987.0
1582.0 1946.0 2310.0
1582.0 1946.0 2310.0
1582.0 1946.0 2310.0
1582.0 1946.0 2310.0
1582.0 1946.0 2310.0
1582.0 1946.0 2310.0
1582.0 1946.0 2310.0
1582.0 1946.0 2310.0
1582.0 1946.0 2310.0
1582.0 1946.0 2310.0
1582.0 1946.0 2310.0
1582.0 1946.0 2310.0
1582.0 1946.0 2310.0
1582.0 1946.0 2310.0
1582.0 1946.0 2310.0
1582.0 1946.0 2310.0
1582.0 1946.0 2310.0
1582.0 1946.0 2310.0
1582.0 1946.0 2310.0
1582.0 1946.0 2310.0
1582.0 1946.0 2310.0
1582.0 1946.0 2310.0
1582.0 1946.0 2310.0
1582.0 1946.0 2310.0
1582.0 1946.0 2310.0
1582.0 1946.0 2310.0
1582.0 1946.0 2310.0
1582.0 1946.0 2310.0
1582.0 1946.0 2310.0
1582.0 1946.0 2310.0
1582.0 1946.0 2310.0
1582.0 1946.0 2310.0
1582.0 1946.0 2310.0
1582.0 1946.0 2310.0
1582.0 1946.0 2310.0
1582.0 1946.0 2310.0
1582.0 1946.0 2310.0
1582.0 1946.0 2310.0
1582.0 1946.0 2310.0
1582.0 1946.0 2310.0
1582.0 1946.0 2310.0
1582.0 1946.0 2310.0
1582.0 1946.0 2310.0
1582.0 1946.0 2310.0
1582.0 1946.0 2310.0
1582.0 1946.0 2310.0
1582.0 1946.0 2310.0
1582.0 1946.0 2310.0
1582.0 1946.0 2310.0
1582.0 1946.0 2310.0
1582.0 1946.0 2310.0
1582.0 1946.0 2310.0
1582.0 1946.0 2310.0
1582.0 1946.0 2310.0
1582.0 1946.0 2310.0
1582.0 1946.0 2310.0
1582.0 1946.0 2310.0
1582.0 1946.0 2310.0
1582.0 1946.0 2310.0
1582.0 1946.0 2310.0
1582.0 1946.0 2310.0
1582.0 1946.0 2310.0
1582.0 1946.0 2310.0
1582.0 1946.0 2310.0
1582.0 1946.0 2310.0
1582.0 1946.0 2310.0
1582.0 1946.0 2310.0
1582.0 1946.0 2310.0
1582.0 1946.0 2310.0
1582.0 1946.0 2310.0
1582.0 1946.0 2310.0
1582.0 1946.0 2310.0
1582.0 1946.0 2310.0
1582.0 1946.0 2310.0
1582.0 1946.0 2310.0
1582.0 1946.0 2310.0
1582.0 1946.0 2310.0
1582.0 1946.0 2310.0
1582.0 1946.0 2310.0
1582.0 1946.0 2310.0
1582.0 1946.0 2310.0
1582.0 1946.0 2310.0
1582.0 1946.0 2310.0
1582.0 1946.0 2310.0
1582.0 1946.0 2310.0
1582.0 1946.0 2310.0
1582.0 1946.0 2310.0
1582.0 1946.0 2310.0
1582.0 1946.0 2310.0
1582.0 1946.0 2310.0
1582.0 1946.0 2310.0
1582.0 1946.0 2310.0
1582.0 1946.0 2310.0
1582.0 1946.0 2310.0
1582.0 1946.0 2310.0
1582.0 1946.0 2310.0
1582.0 1946.0 2310.0
1582.0 1946.0 2310.0
1582.0 1946.0 2310.0
1582.0 1946.0 2310.0
1582.0 1946.0 2310.0
1582.0 1946.0 2310.0
1582.0 1946.0 2310.0
1582.0 1946.0 2310.0
1582.0 1946.0 2310.0
1582.0 1946.0 2310.0
1582.0 1946.0 2310.0
1582.0 1946.0 2310.0
1582.0 1946.0 2310.0
1582.0 1946.0 2310.0
1582.0 1946.0 2310.0
1582.0 1946.0 2310.0
1582.0 1946.0 2310.0
1582.0 1946.0 2310.0
1582.0 1946.0 2310.0
1582.0 1946.0 2310.0
1582.0 1946.0 2310.0
1582.0 1946.0 2310.0
1582.0 1946.0 2310.0
1582.0 1946.0 2310.0
1582.0 1946.0 2310.0
