12296.0 12643.5 12991.0
8914.0 9292.0 9670.0
7625.0 8452.0 9279.0
6454.0 6969.0 7484.0
5466.0 6148.0 6830.0
3123.0 4412.5 5702.0
3123.0 3702.5 4282.0
2601.0 2624.0 2647.0
2601.0 2624.0 2647.0
1786.0 2416.0 3046.0
1622.0 1693.0 1764.0
1622.0 1693.0 1764.0
1622.0 1693.0 1764.0
1622.0 1693.0 1764.0
1622.0 1693.0 1764.0
1622.0 1693.0 1764.0
1622.0 1693.0 1764.0
1622.0 1693.0 1764.0
1622.0 1693.0 1764.0
1622.0 1693.0 1764.0
1622.0 1693.0 1764.0
1622.0 1693.0 1764.0
1622.0 1693.0 1764.0
1622.0 1693.0 1764.0
1622.0 1693.0 1764.0
1622.0 1693.0 1764.0
1622.0 1693.0 1764.0
1622.0 1693.0 1764.0
1199.0 1481.5 1764.0
1244.0 1492.5 1741.0
1244.0 1492.5 1741.0
1349.0 1721.5 2094.0
1349.0 1721.5 2094.0
1349.0 1721.5 2094.0
1349.0 1721.5 2094.0
1349.0 1721.5 2094.0
1349.0 1721.5 2094.0
1349.0 1721.5 2094.0
1349.0 1721.5 2094.0
1349.0 1721.5 2094.0
1349.0 1721.5 2094.0
1349.0 1721.5 2094.0
1349.0 1721.5 2094.0
1349.0 1721.5 2094.0
1349.0 1721.5 2094.0
1349.0 1721.5 2094.0
1349.0 1721.5 2094.0
1349.0 1721.5 2094.0
1349.0 1721.5 2094.0
1349.0 1721.5 2094.0
1349.0 1721.5 2094.0
1349.0 1721.5 2094.0
1349.0 1721.5 2094.0
1349.0 1721.5 2094.0
1349.0 1721.5 2094.0
1349.0 1721.5 2094.0
1349.0 1721.5 2094.0
1349.0 1721.5 2094.0
1349.0 1721.5 2094.0
1349.0 1721.5 2094.0
1349.0 1721.5 2094.0
1349.0 1721.5 2094.0
1349.0 1721.5 2094.0
1349.0 1721.5 2094.0
1349.0 1721.5 2094.0
1349.0 1721.5 2094.0
1349.0 1721.5 2094.0
1349.0 1721.5 2094.0
1349.0 1721.5 2094.0
1349.0 1721.5 2094.0
1349.0 1721.5 2094.0
1349.0 1721.5 2094.0
1349.0 1721.5 2094.0
1349.0 1721.5 2094.0
1349.0 1721.5 2094.0
1349.0 1721.5 2094.0
1349.0 1721.5 2094.0
1349.0 1721.5 2094.0
1349.0 1721.5 2094.0
1349.0 1721.5 2094.0
1349.0 1448.0 1547.0
1349.0 1448.0 1547.0
1349.0 1448.0 1547.0
1349.0 1448.0 1547.0
1349.0 1448.0 1547.0
1349.0 1448.0 1547.0
1349.0 1448.0 1547.0
1349.0 1448.0 1547.0
1349.0 1448.0 1547.0
1349.0 1448.0 1547.0
1349.0 1448.0 1547.0
1349.0 1448.0 1547.0
1349.0 1448.0 1547.0
1349.0 1448.0 1547.0
1349.0 1448.0 1547.0
1349.0 1448.0 1547.0
1349.0 1448.0 1547.0
1349.0 1448.0 1547.0
1349.0 1448.0 1547.0
1349.0 1448.0 1547.0
1349.0 1448.0 1547.0
1349.0 1448.0 1547.0
1349.0 1448.0 1547.0
1349.0 1448.0 1547.0
1349.0 1448.0 1547.0
1349.0 1448.0 1547.0
1349.0 1448.0 1547.0
1349.0 1448.0 1547.0
1349.0 1448.0 1547.0
1349.0 1448.0 1547.0
1349.0 1448.0 1547.0
1349.0 1448.0 1547.0
1349.0 1448.0 1547.0
1349.0 1448.0 1547.0
1349.0 1448.0 1547.0
1349.0 1448.0 1547.0
1349.0 1448.0 1547.0
1349.0 1448.0 1547.0
1349.0 1448.0 1547.0
1349.0 1448.0 1547.0
1349.0 1448.0 1547.0
1349.0 1448.0 1547.0
1349.0 1448.0 1547.0
1349.0 1448.0 1547.0
1349.0 1448.0 1547.0
1349.0 1448.0 1547.0
1349.0 1448.0 1547.0
1349.0 1448.0 1547.0
1349.0 1448.0 1547.0
1349.0 1448.0 1547.0
1349.0 1448.0 1547.0
1349.0 1448.0 1547.0
1349.0 1448.0 1547.0
1349.0 1448.0 1547.0
1349.0 1448.0 1547.0
1349.0 1448.0 1547.0
1349.0 1448.0 1547.0
1349.0 1448.0 1547.0
1349.0 1448.0 1547.0
1349.0 1448.0 1547.0
1349.0 1448.0 1547.0
1349.0 1448.0 1547.0
1349.0 1448.0 1547.0
911.0 1130.0 1349.0
911.0 1130.0 1349.0
911.0 1130.0 1349.0
911.0 1130.0 1349.0
911.0 1130.0 1349.0
911.0 1130.0 1349.0
911.0 1130.0 1349.0
911.0 1130.0 1349.0
911.0 1130.0 1349.0
911.0 1130.0 1349.0
911.0 1130.0 1349.0
911.0 1130.0 1349.0
911.0 1130.0 1349.0
911.0 1130.0 1349.0
911.0 1130.0 1349.0
911.0 1130.0 1349.0
911.0 1130.0 1349.0
911.0 1130.0 1349.0
911.0 1130.0 1349.0
911.0 1130.0 1349.0
911.0 1130.0 1349.0
911.0 1130.0 1349.0
911.0 1130.0 1349.0
911.0 1130.0 1349.0
911.0 1130.0 1349.0
911.0 1130.0 1349.0
911.0 1130.0 1349.0
911.0 1130.0 1349.0
911.0 1130.0 1349.0
911.0 1130.0 1349.0
911.0 1130.0 1349.0
911.0 1130.0 1349.0
911.0 1130.0 1349.0
911.0 1130.0 1349.0
911.0 1130.0 1349.0
911.0 1130.0 1349.0
911.0 1130.0 1349.0
911.0 1130.0 1349.0
911.0 1130.0 1349.0
911.0 1130.0 1349.0
911.0 1130.0 1349.0
911.0 1130.0 1349.0
911.0 1130.0 1349.0
911.0 1130.0 1349.0
911.0 1130.0 1349.0
911.0 1130.0 1349.0
911.0 1130.0 1349.0
911.0 1130.0 1349.0
911.0 1130.0 1349.0
911.0 1130.0 1349.0
911.0 1130.0 1349.0
911.0 1130.0 1349.0
911.0 1130.0 1349.0
911.0 1130.0 1349.0
911.0 1130.0 1349.0
911.0 1130.0 1349.0
911.0 1130.0 1349.0
