13245.0 15172.0 17099.0
11133.0 11160.0 11187.0
9273.0 9765.5 10258.0
8877.0 9031.5 9186.0
5881.0 6467.0 7053.0
5881.0 6467.0 7053.0
4912.0 5517.5 6123.0
4427.0 4572.0 4717.0
3213.0 3394.0 3575.0
3213.0 3394.0 3575.0
3213.0 3394.0 3575.0
3213.0 3394.0 3575.0
3213.0 3394.0 3575.0
3213.0 3491.0 3769.0
3213.0 3491.0 3769.0
3213.0 3491.0 3769.0
3213.0 3491.0 3769.0
3213.0 3491.0 3769.0
3213.0 3491.0 3769.0
2944.0 3033.0 3122.0
2636.0 2845.5 3055.0
2428.0 2741.5 3055.0
2428.0 2741.5 3055.0
2428.0 2741.5 3055.0
2428.0 2741.5 3055.0
1953.0 2504.0 3055.0
1953.0 2147.0 2341.0
1953.0 2147.0 2341.0
1953.0 2147.0 2341.0
1953.0 2147.0 2341.0
1953.0 2147.0 2341.0
1953.0 2147.0 2341.0
1953.0 2147.0 2341.0
1953.0 2147.0 2341.0
1953.0 2147.0 2341.0
1953.0 2147.0 2341.0
1953.0 2147.0 2341.0
1953.0 2147.0 2341.0
1953.0 2147.0 2341.0
1953.0 2147.0 2341.0
1953.0 2147.0 2341.0
1953.0 2147.0 2341.0
1953.0 2074.0 2195.0
1953.0 2074.0 2195.0
1789.0 1871.0 1953.0
1676.0 1814.5 1953.0
988.0 1470.5 1953.0
988.0 1470.5 1953.0
988.0 1470.5 1953.0
988.0 1470.5 1953.0
988.0 1470.5 1953.0
988.0 1470.5 1953.0
988.0 1470.5 1953.0
988.0 1470.5 1953.0
988.0 1470.5 1953.0
988.0 1470.5 1953.0
988.0 1470.5 1953.0
988.0 1470.5 1953.0
988.0 1470.5 1953.0
988.0 1470.5 1953.0
988.0 1470.5 1953.0
988.0 1470.5 1953.0
988.0 1470.5 1953.0
988.0 1470.5 1953.0
988.0 1470.5 1953.0
988.0 1470.5 1953.0
988.0 1470.5 1953.0
988.0 1470.5 1953.0
988.0 1439.5 1891.0
988.0 1246.5 1505.0
988.0 1246.5 1505.0
988.0 1246.5 1505.0
988.0 1246.5 1505.0
988.0 1246.5 1505.0
988.0 1246.5 1505.0
988.0 1246.5 1505.0
988.0 1246.5 1505.0
988.0 1246.5 1505.0
988.0 1246.5 1505.0
988.0 1246.5 1505.0
988.0 1246.5 1505.0
988.0 1246.5 1505.0
988.0 1246.5 1505.0
988.0 1246.5 1505.0
988.0 1246.5 1505.0
988.0 1246.5 1505.0
988.0 1246.5 1505.0
988.0 1246.5 1505.0
988.0 1246.5 1505.0
988.0 1246.5 1505.0
988.0 1246.5 1505.0
988.0 1246.5 1505.0
988.0 1246.5 1505.0
988.0 1246.5 1505.0
988.0 1246.5 1505.0
988.0 1246.5 1505.0
988.0 1246.5 1505.0
988.0 1246.5 1505.0
988.0 1246.5 1505.0
988.0 1246.5 1505.0
988.0 1246.5 1505.0
988.0 1246.5 1505.0
988.0 1246.5 1505.0
988.0 1246.5 1505.0
988.0 1246.5 1505.0
988.0 1246.5 1505.0
988.0 1246.5 1505.0
988.0 1246.5 1505.0
988.0 1246.5 1505.0
988.0 1246.5 1505.0
988.0 1246.5 1505.0
988.0 1246.5 1505.0
988.0 1246.5 1505.0
988.0 1246.5 1505.0
988.0 1246.5 1505.0
988.0 1246.5 1505.0
988.0 1246.5 1505.0
988.0 1246.5 1505.0
988.0 1246.5 1505.0
988.0 1246.5 1505.0
988.0 1246.5 1505.0
988.0 1246.5 1505.0
988.0 1246.5 1505.0
988.0 1246.5 1505.0
988.0 1246.5 1505.0
988.0 1246.5 1505.0
988.0 1246.5 1505.0
988.0 1246.5 1505.0
988.0 1246.5 1505.0
988.0 1246.5 1505.0
988.0 1246.5 1505.0
988.0 1246.5 1505.0
988.0 1246.5 1505.0
988.0 1246.5 1505.0
988.0 1246.5 1505.0
988.0 1246.5 1505.0
988.0 1246.5 1505.0
988.0 1246.5 1505.0
988.0 1246.5 1505.0
988.0 1246.5 1505.0
988.0 1246.5 1505.0
988.0 1246.5 1505.0
988.0 1246.5 1505.0
988.0 1246.5 1505.0
988.0 1246.5 1505.0
988.0 1246.5 1505.0
988.0 1246.5 1505.0
988.0 1246.5 1505.0
988.0 1246.5 1505.0
988.0 1246.5 1505.0
988.0 1246.5 1505.0
988.0 1246.5 1505.0
988.0 1246.5 1505.0
988.0 1246.5 1505.0
988.0 1246.5 1505.0
988.0 1246.5 1505.0
988.0 1246.5 1505.0
988.0 1246.5 1505.0
988.0 1246.5 1505.0
988.0 1246.5 1505.0
988.0 1246.5 1505.0
988.0 1246.5 1505.0
988.0 1246.5 1505.0
988.0 1246.5 1505.0
988.0 1246.5 1505.0
988.0 1246.5 1505.0
988.0 1246.5 1505.0
988.0 1246.5 1505.0
988.0 1246.5 1505.0
988.0 1246.5 1505.0
988.0 1246.5 1505.0
988.0 1246.5 1505.0
988.0 1246.5 1505.0
988.0 1246.5 1505.0
988.0 1246.5 1505.0
988.0 1246.5 1505.0
988.0 1246.5 1505.0
988.0 1104.0 1220.0
988.0 1104.0 1220.0
988.0 1104.0 1220.0
988.0 1104.0 1220.0
988.0 1104.0 1220.0
988.0 1104.0 1220.0
988.0 1104.0 1220.0
988.0 1104.0 1220.0
988.0 1104.0 1220.0
988.0 1104.0 1220.0
988.0 1104.0 1220.0
988.0 1104.0 1220.0
988.0 1104.0 1220.0
988.0 1104.0 1220.0
988.0 1104.0 1220.0
988.0 1104.0 1220.0
988.0 1104.0 1220.0
988.0 1104.0 1220.0
988.0 1104.0 1220.0
988.0 1104.0 1220.0
988.0 1104.0 1220.0
988.0 1104.0 1220.0
988.0 1104.0 1220.0
