11387.0 12080.5 12774.0
6701.0 9351.0 12001.0
4734.0 6613.0 8492.0
2945.0 4607.0 6269.0
3203.0 3981.0 4759.0
2878.0 3455.0 4032.0
2571.0 2648.5 2726.0
2056.0 2313.5 2571.0
2056.0 2094.0 2132.0
1537.0 1565.5 1594.0
1537.0 1565.5 1594.0
1537.0 1560.0 1583.0
1450.0 1493.5 1537.0
1450.0 1493.5 1537.0
1450.0 1493.5 1537.0
1450.0 1493.5 1537.0
1450.0 1493.5 1537.0
1450.0 1493.5 1537.0
1450.0 1493.5 1537.0
1450.0 1493.5 1537.0
1450.0 1493.5 1537.0
1450.0 1493.5 1537.0
1450.0 1493.5 1537.0
1450.0 1493.5 1537.0
1450.0 1493.5 1537.0
1213.0 1375.0 1537.0
1213.0 1375.0 1537.0
1264.0 1400.5 1537.0
1264.0 1400.5 1537.0
1264.0 1400.5 1537.0
1264.0 1400.5 1537.0
1264.0 1400.5 1537.0
1264.0 1400.5 1537.0
1264.0 1400.5 1537.0
1264.0 1400.5 1537.0
1264.0 1400.5 1537.0
1264.0 1400.5 1537.0
1264.0 1400.5 1537.0
1264.0 1400.5 1537.0
1264.0 1400.5 1537.0
1264.0 1376.0 1488.0
1264.0 1376.0 1488.0
1264.0 1376.0 1488.0
1264.0 1376.0 1488.0
1264.0 1376.0 1488.0
1264.0 1376.0 1488.0
1264.0 1376.0 1488.0
1264.0 1376.0 1488.0
1264.0 1376.0 1488.0
1264.0 1376.0 1488.0
1264.0 1376.0 1488.0
1264.0 1376.0 1488.0
1264.0 1376.0 1488.0
1264.0 1309.5 1355.0
1264.0 1309.5 1355.0
1011.0 1137.5 1264.0
1264.0 1309.5 1355.0
1011.0 1137.5 1264.0
1011.0 1137.5 1264.0
1011.0 1137.5 1264.0
1011.0 1137.5 1264.0
1011.0 1137.5 1264.0
1011.0 1137.5 1264.0
1011.0 1137.5 1264.0
1011.0 1137.5 1264.0
1011.0 1137.5 1264.0
1011.0 1137.5 1264.0
1011.0 1137.5 1264.0
1011.0 1137.5 1264.0
1011.0 1137.5 1264.0
1011.0 1137.5 1264.0
1011.0 1137.5 1264.0
1011.0 1137.5 1264.0
1011.0 1137.5 1264.0
1011.0 1137.5 1264.0
1011.0 1137.5 1264.0
1011.0 1137.5 1264.0
1011.0 1137.5 1264.0
1011.0 1137.5 1264.0
1011.0 1137.5 1264.0
1011.0 1137.5 1264.0
1011.0 1137.5 1264.0
1011.0 1137.5 1264.0
1011.0 1137.5 1264.0
1011.0 1137.5 1264.0
1011.0 1137.5 1264.0
1011.0 1137.5 1264.0
1011.0 1137.5 1264.0
1011.0 1137.5 1264.0
1011.0 1137.5 1264.0
1011.0 1137.5 1264.0
1011.0 1137.5 1264.0
1011.0 1137.5 1264.0
1011.0 1137.5 1264.0
1011.0 1137.5 1264.0
1011.0 1137.5 1264.0
1011.0 1137.5 1264.0
1011.0 1137.5 1264.0
1011.0 1137.5 1264.0
1011.0 1137.5 1264.0
1011.0 1137.5 1264.0
1011.0 1137.5 1264.0
1011.0 1137.5 1264.0
1011.0 1137.5 1264.0
1011.0 1137.5 1264.0
1011.0 1137.5 1264.0
1011.0 1137.5 1264.0
1011.0 1137.5 1264.0
1011.0 1137.5 1264.0
1011.0 1137.5 1264.0
1011.0 1137.5 1264.0
1011.0 1137.5 1264.0
1011.0 1137.5 1264.0
1011.0 1137.5 1264.0
1011.0 1137.5 1264.0
1011.0 1137.5 1264.0
1011.0 1137.5 1264.0
1011.0 1137.5 1264.0
1011.0 1137.5 1264.0
1011.0 1137.5 1264.0
1011.0 1137.5 1264.0
1011.0 1137.5 1264.0
1011.0 1137.5 1264.0
1011.0 1137.5 1264.0
1011.0 1137.5 1264.0
1076.0 1170.0 1264.0
1076.0 1170.0 1264.0
1076.0 1170.0 1264.0
1076.0 1170.0 1264.0
1076.0 1170.0 1264.0
1076.0 1170.0 1264.0
1076.0 1170.0 1264.0
1076.0 1170.0 1264.0
1076.0 1170.0 1264.0
1076.0 1170.0 1264.0
1076.0 1170.0 1264.0
1076.0 1170.0 1264.0
1076.0 1170.0 1264.0
1076.0 1170.0 1264.0
1076.0 1170.0 1264.0
1076.0 1170.0 1264.0
1076.0 1170.0 1264.0
1076.0 1170.0 1264.0
1076.0 1170.0 1264.0
1076.0 1170.0 1264.0
1076.0 1170.0 1264.0
1076.0 1170.0 1264.0
1076.0 1170.0 1264.0
1076.0 1170.0 1264.0
1076.0 1170.0 1264.0
1076.0 1170.0 1264.0
1076.0 1170.0 1264.0
1076.0 1170.0 1264.0
1076.0 1170.0 1264.0
1076.0 1170.0 1264.0
1076.0 1170.0 1264.0
1076.0 1170.0 1264.0
1076.0 1170.0 1264.0
1076.0 1170.0 1264.0
1076.0 1170.0 1264.0
1076.0 1170.0 1264.0
1076.0 1170.0 1264.0
1076.0 1170.0 1264.0
1076.0 1170.0 1264.0
1076.0 1170.0 1264.0
1076.0 1170.0 1264.0
1076.0 1170.0 1264.0
1076.0 1170.0 1264.0
1076.0 1170.0 1264.0
1076.0 1170.0 1264.0
1076.0 1170.0 1264.0
1076.0 1170.0 1264.0
1076.0 1170.0 1264.0
1076.0 1170.0 1264.0
1076.0 1170.0 1264.0
1076.0 1170.0 1264.0
1076.0 1170.0 1264.0
1076.0 1170.0 1264.0
1076.0 1170.0 1264.0
1076.0 1170.0 1264.0
1076.0 1170.0 1264.0
1076.0 1170.0 1264.0
1076.0 1170.0 1264.0
1076.0 1170.0 1264.0
1076.0 1170.0 1264.0
1076.0 1170.0 1264.0
1076.0 1170.0 1264.0
1076.0 1170.0 1264.0
1076.0 1170.0 1264.0
1076.0 1170.0 1264.0
1076.0 1170.0 1264.0
1076.0 1170.0 1264.0
1076.0 1170.0 1264.0
1076.0 1170.0 1264.0
1076.0 1170.0 1264.0
1076.0 1170.0 1264.0
1076.0 1170.0 1264.0
1076.0 1170.0 1264.0
1076.0 1170.0 1264.0
1076.0 1170.0 1264.0
