10838.0 12130.0 13422.0
7908.0 9818.5 11729.0
6479.0 7108.5 7738.0
5074.0 5084.5 5095.0
3972.0 4476.5 4981.0
3264.0 3503.5 3743.0
3036.0 3381.5 3727.0
2511.0 2629.0 2747.0
2166.0 2357.5 2549.0
2166.0 2234.5 2303.0
1567.0 1866.5 2166.0
1343.0 1754.5 2166.0
1343.0 1754.5 2166.0
1026.0 1596.0 2166.0
1026.0 1596.0 2166.0
1026.0 1388.0 1750.0
1026.0 1388.0 1750.0
1026.0 1391.5 1757.0
1026.0 1139.0 1252.0
1026.0 1219.0 1412.0
1026.0 1154.0 1282.0
1026.0 1154.0 1282.0
1026.0 1154.0 1282.0
1026.0 1154.0 1282.0
1026.0 1154.0 1282.0
1026.0 1154.0 1282.0
1026.0 1154.0 1282.0
1026.0 1154.0 1282.0
1026.0 1154.0 1282.0
1026.0 1154.0 1282.0
1026.0 1154.0 1282.0
1026.0 1154.0 1282.0
1026.0 1154.0 1282.0
1026.0 1154.0 1282.0
1026.0 1154.0 1282.0
1026.0 1154.0 1282.0
1026.0 1154.0 1282.0
1026.0 1154.0 1282.0
1026.0 1154.0 1282.0
922.0 974.0 1026.0
922.0 974.0 1026.0
922.0 974.0 1026.0
922.0 974.0 1026.0
922.0 974.0 1026.0
922.0 974.0 1026.0
922.0 974.0 1026.0
922.0 974.0 1026.0
922.0 974.0 1026.0
922.0 974.0 1026.0
922.0 974.0 1026.0
922.0 974.0 1026.0
922.0 974.0 1026.0
922.0 974.0 1026.0
922.0 974.0 1026.0
922.0 974.0 1026.0
922.0 974.0 1026.0
922.0 974.0 1026.0
922.0 974.0 1026.0
922.0 974.0 1026.0
922.0 974.0 1026.0
922.0 974.0 1026.0
922.0 974.0 1026.0
922.0 974.0 1026.0
922.0 974.0 1026.0
922.0 974.0 1026.0
922.0 974.0 1026.0
922.0 974.0 1026.0
922.0 974.0 1026.0
922.0 974.0 1026.0
922.0 974.0 1026.0
922.0 974.0 1026.0
922.0 974.0 1026.0
922.0 923.5 925.0
922.0 923.5 925.0
740.0 831.0 922.0
820.0 871.0 922.0
820.0 871.0 922.0
820.0 871.0 922.0
820.0 871.0 922.0
820.0 871.0 922.0
820.0 871.0 922.0
820.0 871.0 922.0
820.0 871.0 922.0
820.0 871.0 922.0
820.0 871.0 922.0
820.0 871.0 922.0
820.0 871.0 922.0
820.0 871.0 922.0
820.0 871.0 922.0
820.0 871.0 922.0
820.0 871.0 922.0
820.0 871.0 922.0
820.0 871.0 922.0
820.0 871.0 922.0
820.0 871.0 922.0
820.0 871.0 922.0
820.0 871.0 922.0
820.0 871.0 922.0
820.0 871.0 922.0
820.0 871.0 922.0
820.0 871.0 922.0
820.0 871.0 922.0
820.0 871.0 922.0
820.0 871.0 922.0
820.0 871.0 922.0
820.0 871.0 922.0
820.0 871.0 922.0
820.0 871.0 922.0
820.0 871.0 922.0
820.0 871.0 922.0
820.0 871.0 922.0
820.0 871.0 922.0
820.0 871.0 922.0
820.0 871.0 922.0
820.0 871.0 922.0
820.0 871.0 922.0
820.0 871.0 922.0
820.0 871.0 922.0
820.0 871.0 922.0
820.0 871.0 922.0
820.0 871.0 922.0
820.0 871.0 922.0
820.0 871.0 922.0
820.0 871.0 922.0
820.0 871.0 922.0
820.0 871.0 922.0
820.0 871.0 922.0
820.0 871.0 922.0
820.0 871.0 922.0
820.0 871.0 922.0
820.0 871.0 922.0
820.0 871.0 922.0
820.0 871.0 922.0
820.0 871.0 922.0
820.0 871.0 922.0
820.0 871.0 922.0
820.0 871.0 922.0
820.0 871.0 922.0
820.0 871.0 922.0
820.0 871.0 922.0
820.0 871.0 922.0
820.0 871.0 922.0
820.0 871.0 922.0
820.0 871.0 922.0
820.0 871.0 922.0
820.0 871.0 922.0
820.0 871.0 922.0
820.0 871.0 922.0
820.0 871.0 922.0
820.0 871.0 922.0
820.0 871.0 922.0
820.0 871.0 922.0
820.0 871.0 922.0
820.0 871.0 922.0
820.0 871.0 922.0
820.0 871.0 922.0
820.0 871.0 922.0
820.0 871.0 922.0
820.0 871.0 922.0
820.0 871.0 922.0
820.0 871.0 922.0
820.0 871.0 922.0
820.0 871.0 922.0
820.0 871.0 922.0
820.0 871.0 922.0
820.0 871.0 922.0
820.0 871.0 922.0
820.0 871.0 922.0
820.0 871.0 922.0
820.0 871.0 922.0
820.0 871.0 922.0
820.0 871.0 922.0
820.0 871.0 922.0
820.0 871.0 922.0
820.0 871.0 922.0
820.0 871.0 922.0
820.0 871.0 922.0
820.0 871.0 922.0
820.0 871.0 922.0
820.0 871.0 922.0
820.0 871.0 922.0
820.0 871.0 922.0
820.0 871.0 922.0
820.0 871.0 922.0
820.0 871.0 922.0
820.0 871.0 922.0
820.0 871.0 922.0
820.0 871.0 922.0
820.0 871.0 922.0
820.0 871.0 922.0
820.0 871.0 922.0
820.0 871.0 922.0
820.0 871.0 922.0
820.0 871.0 922.0
820.0 871.0 922.0
820.0 871.0 922.0
820.0 871.0 922.0
820.0 871.0 922.0
820.0 871.0 922.0
820.0 871.0 922.0
