12286.0 13189.5 14093.0
10576.0 10655.0 10734.0
8166.0 8383.0 8600.0
7073.0 7623.0 8173.0
5811.0 6985.0 8159.0
5811.0 6022.5 6234.0
5470.0 5711.0 5952.0
4603.0 5291.0 5979.0
4764.0 5351.0 5938.0
2899.0 3924.5 4950.0
2899.0 3106.5 3314.0
2899.0 3106.5 3314.0
2572.0 2669.5 2767.0
2572.0 2669.5 2767.0
2572.0 2669.5 2767.0
2572.0 2669.5 2767.0
1950.0 1971.5 1993.0
1415.0 1704.0 1993.0
1415.0 1704.0 1993.0
1415.0 1704.0 1993.0
1415.0 1704.0 1993.0
1415.0 1704.0 1993.0
1415.0 1704.0 1993.0
1415.0 1704.0 1993.0
1415.0 1704.0 1993.0
1415.0 1704.0 1993.0
1415.0 1704.0 1993.0
1415.0 1704.0 1993.0
1415.0 1704.0 1993.0
1415.0 1704.0 1993.0
1415.0 1704.0 1993.0
1415.0 1704.0 1993.0
1415.0 1704.0 1993.0
1415.0 1704.0 1993.0
1415.0 1704.0 1993.0
1415.0 1704.0 1993.0
1415.0 1704.0 1993.0
1415.0 1733.5 2052.0
1415.0 1733.5 2052.0
1415.0 1733.5 2052.0
1415.0 1733.5 2052.0
1415.0 1733.5 2052.0
1415.0 1733.5 2052.0
1415.0 1733.5 2052.0
1415.0 1733.5 2052.0
1415.0 1733.5 2052.0
1415.0 1733.5 2052.0
1415.0 1733.5 2052.0
1415.0 1733.5 2052.0
1415.0 1733.5 2052.0
1415.0 1733.5 2052.0
1415.0 1733.5 2052.0
1415.0 1733.5 2052.0
1415.0 1733.5 2052.0
1415.0 1733.5 2052.0
1415.0 1733.5 2052.0
1415.0 1733.5 2052.0
1415.0 1733.5 2052.0
1415.0 1733.5 2052.0
1415.0 1733.5 2052.0
1415.0 1733.5 2052.0
1415.0 1733.5 2052.0
1415.0 1733.5 2052.0
1415.0 1733.5 2052.0
1415.0 1733.5 2052.0
1415.0 1733.5 2052.0
1415.0 1733.5 2052.0
1415.0 1566.0 1717.0
1195.0 1305.0 1415.0
1195.0 1305.0 1415.0
1195.0 1305.0 1415.0
1195.0 1305.0 1415.0
1195.0 1305.0 1415.0
1195.0 1305.0 1415.0
1195.0 1305.0 1415.0
1195.0 1305.0 1415.0
1195.0 1305.0 1415.0
1195.0 1305.0 1415.0
1195.0 1305.0 1415.0
1195.0 1305.0 1415.0
1195.0 1305.0 1415.0
1195.0 1305.0 1415.0
1195.0 1305.0 1415.0
1195.0 1305.0 1415.0
1195.0 1305.0 1415.0
1195.0 1305.0 1415.0
1195.0 1305.0 1415.0
1195.0 1305.0 1415.0
1195.0 1305.0 1415.0
1195.0 1305.0 1415.0
1195.0 1305.0 1415.0
1195.0 1305.0 1415.0
1195.0 1305.0 1415.0
1195.0 1305.0 1415.0
1195.0 1305.0 1415.0
1195.0 1305.0 1415.0
1195.0 1305.0 1415.0
1195.0 1305.0 1415.0
1195.0 1305.0 1415.0
1195.0 1305.0 1415.0
1195.0 1305.0 1415.0
1195.0 1305.0 1415.0
1195.0 1305.0 1415.0
1195.0 1305.0 1415.0
1195.0 1305.0 1415.0
1195.0 1305.0 1415.0
1195.0 1305.0 1415.0
1195.0 1305.0 1415.0
1195.0 1305.0 1415.0
1195.0 1305.0 1415.0
1195.0 1305.0 1415.0
1195.0 1305.0 1415.0
1195.0 1305.0 1415.0
1195.0 1305.0 1415.0
1195.0 1305.0 1415.0
1195.0 1305.0 1415.0
1195.0 1305.0 1415.0
1195.0 1305.0 1415.0
1195.0 1305.0 1415.0
1195.0 1305.0 1415.0
1195.0 1305.0 1415.0
1195.0 1305.0 1415.0
1195.0 1305.0 1415.0
1195.0 1468.5 1742.0
1195.0 1279.0 1363.0
1195.0 1279.0 1363.0
1195.0 1279.0 1363.0
1195.0 1279.0 1363.0
1195.0 1279.0 1363.0
1195.0 1279.0 1363.0
1195.0 1279.0 1363.0
1195.0 1279.0 1363.0
1195.0 1279.0 1363.0
1195.0 1279.0 1363.0
1195.0 1279.0 1363.0
1195.0 1279.0 1363.0
1195.0 1279.0 1363.0
1195.0 1279.0 1363.0
1195.0 1279.0 1363.0
1195.0 1279.0 1363.0
1195.0 1279.0 1363.0
1195.0 1279.0 1363.0
1195.0 1279.0 1363.0
1195.0 1279.0 1363.0
1195.0 1279.0 1363.0
1195.0 1279.0 1363.0
1195.0 1279.0 1363.0
1195.0 1279.0 1363.0
1195.0 1279.0 1363.0
1195.0 1279.0 1363.0
1195.0 1279.0 1363.0
1195.0 1279.0 1363.0
1195.0 1279.0 1363.0
1195.0 1279.0 1363.0
1195.0 1279.0 1363.0
1195.0 1279.0 1363.0
1195.0 1279.0 1363.0
1195.0 1279.0 1363.0
1195.0 1279.0 1363.0
1195.0 1279.0 1363.0
1195.0 1279.0 1363.0
1195.0 1279.0 1363.0
1195.0 1279.0 1363.0
1195.0 1279.0 1363.0
1195.0 1279.0 1363.0
1195.0 1279.0 1363.0
1195.0 1279.0 1363.0
1195.0 1279.0 1363.0
1195.0 1279.0 1363.0
1195.0 1279.0 1363.0
1195.0 1279.0 1363.0
1195.0 1279.0 1363.0
1195.0 1279.0 1363.0
1195.0 1279.0 1363.0
1195.0 1279.0 1363.0
1195.0 1279.0 1363.0
1195.0 1279.0 1363.0
1195.0 1279.0 1363.0
1195.0 1279.0 1363.0
1195.0 1279.0 1363.0
1195.0 1279.0 1363.0
1195.0 1279.0 1363.0
1195.0 1279.0 1363.0
1195.0 1279.0 1363.0
1195.0 1279.0 1363.0
1195.0 1279.0 1363.0
1195.0 1279.0 1363.0
1195.0 1279.0 1363.0
1195.0 1279.0 1363.0
1195.0 1279.0 1363.0
1195.0 1279.0 1363.0
1195.0 1279.0 1363.0
1195.0 1279.0 1363.0
1195.0 1279.0 1363.0
1195.0 1279.0 1363.0
1195.0 1279.0 1363.0
1195.0 1279.0 1363.0
1195.0 1279.0 1363.0
1195.0 1279.0 1363.0
1195.0 1279.0 1363.0
