10986.0 11475.5 11965.0
9819.0 9983.5 10148.0
9027.0 9376.0 9725.0
7472.0 7577.0 7682.0
4954.0 5673.0 6392.0
4954.0 5263.0 5572.0
3502.0 3527.5 3553.0
2460.0 2981.0 3502.0
2001.0 2230.5 2460.0
1904.0 2182.0 2460.0
1904.0 2182.0 2460.0
1904.0 2182.0 2460.0
1904.0 2182.0 2460.0
1904.0 2182.0 2460.0
1904.0 2182.0 2460.0
1904.0 2182.0 2460.0
1904.0 2182.0 2460.0
1904.0 2182.0 2460.0
1904.0 2182.0 2460.0
1904.0 2182.0 2460.0
1904.0 2182.0 2460.0
1904.0 2182.0 2460.0
1904.0 2182.0 2460.0
1904.0 2182.0 2460.0
1904.0 2182.0 2460.0
1904.0 2182.0 2460.0
1904.0 2182.0 2460.0
1904.0 2182.0 2460.0
1904.0 2182.0 2460.0
1904.0 2182.0 2460.0
1904.0 2182.0 2460.0
1904.0 2182.0 2460.0
1904.0 2182.0 2460.0
1904.0 2182.0 2460.0
1904.0 2182.0 2460.0
1904.0 2182.0 2460.0
1904.0 2182.0 2460.0
1904.0 2182.0 2460.0
1904.0 2182.0 2460.0
1904.0 2182.0 2460.0
1904.0 2182.0 2460.0
2052.0 2256.0 2460.0
2052.0 2256.0 2460.0
1959.0 2209.5 2460.0
1657.0 2058.5 2460.0
1657.0 2058.5 2460.0
1657.0 2058.5 2460.0
1657.0 2058.5 2460.0
1657.0 2058.5 2460.0
1657.0 2058.5 2460.0
1657.0 2058.5 2460.0
1657.0 2058.5 2460.0
1657.0 1752.0 1847.0
1657.0 1752.0 1847.0
1657.0 1752.0 1847.0
1657.0 1752.0 1847.0
1657.0 1752.0 1847.0
1657.0 1752.0 1847.0
1657.0 1752.0 1847.0
1657.0 1752.0 1847.0
1657.0 1752.0 1847.0
1657.0 1752.0 1847.0
1657.0 1752.0 1847.0
1657.0 1752.0 1847.0
1657.0 1752.0 1847.0
1657.0 1752.0 1847.0
1657.0 1752.0 1847.0
1657.0 1752.0 1847.0
1657.0 1752.0 1847.0
1657.0 1752.0 1847.0
1657.0 1752.0 1847.0
1657.0 1752.0 1847.0
1657.0 1719.0 1781.0
1657.0 1719.0 1781.0
1127.0 1392.0 1657.0
1127.0 1392.0 1657.0
1127.0 1392.0 1657.0
1127.0 1392.0 1657.0
1127.0 1392.0 1657.0
1127.0 1392.0 1657.0
1127.0 1392.0 1657.0
1127.0 1392.0 1657.0
1127.0 1392.0 1657.0
1127.0 1392.0 1657.0
1127.0 1392.0 1657.0
1127.0 1392.0 1657.0
1127.0 1392.0 1657.0
1127.0 1392.0 1657.0
1127.0 1392.0 1657.0
1127.0 1392.0 1657.0
1127.0 1392.0 1657.0
1127.0 1392.0 1657.0
1127.0 1392.0 1657.0
1127.0 1392.0 1657.0
1127.0 1392.0 1657.0
1127.0 1392.0 1657.0
1127.0 1392.0 1657.0
1127.0 1392.0 1657.0
1127.0 1392.0 1657.0
1127.0 1392.0 1657.0
1127.0 1392.0 1657.0
1127.0 1392.0 1657.0
1127.0 1392.0 1657.0
1127.0 1392.0 1657.0
1127.0 1392.0 1657.0
1127.0 1392.0 1657.0
1127.0 1392.0 1657.0
1127.0 1392.0 1657.0
1127.0 1392.0 1657.0
1127.0 1392.0 1657.0
1127.0 1392.0 1657.0
1127.0 1392.0 1657.0
1127.0 1392.0 1657.0
1127.0 1392.0 1657.0
1127.0 1392.0 1657.0
1127.0 1392.0 1657.0
1127.0 1392.0 1657.0
1127.0 1392.0 1657.0
1127.0 1392.0 1657.0
1127.0 1392.0 1657.0
1127.0 1392.0 1657.0
1127.0 1392.0 1657.0
1127.0 1392.0 1657.0
1127.0 1392.0 1657.0
1127.0 1392.0 1657.0
1127.0 1392.0 1657.0
1127.0 1392.0 1657.0
1127.0 1392.0 1657.0
1127.0 1392.0 1657.0
1127.0 1237.5 1348.0
1127.0 1237.5 1348.0
1127.0 1237.5 1348.0
1127.0 1237.5 1348.0
1127.0 1237.5 1348.0
1127.0 1237.5 1348.0
1127.0 1237.5 1348.0
1127.0 1237.5 1348.0
1127.0 1237.5 1348.0
1127.0 1237.5 1348.0
1127.0 1237.5 1348.0
1127.0 1237.5 1348.0
1127.0 1237.5 1348.0
1127.0 1237.5 1348.0
1127.0 1237.5 1348.0
1127.0 1237.5 1348.0
1127.0 1237.5 1348.0
1127.0 1237.5 1348.0
1127.0 1237.5 1348.0
1127.0 1237.5 1348.0
1127.0 1237.5 1348.0
1127.0 1237.5 1348.0
1127.0 1237.5 1348.0
1127.0 1237.5 1348.0
1127.0 1237.5 1348.0
1127.0 1237.5 1348.0
1127.0 1237.5 1348.0
1127.0 1237.5 1348.0
1127.0 1237.5 1348.0
1127.0 1237.5 1348.0
1127.0 1237.5 1348.0
1127.0 1237.5 1348.0
1127.0 1237.5 1348.0
1127.0 1237.5 1348.0
1127.0 1237.5 1348.0
1127.0 1237.5 1348.0
1127.0 1237.5 1348.0
1127.0 1237.5 1348.0
1127.0 1237.5 1348.0
1127.0 1237.5 1348.0
1127.0 1237.5 1348.0
1127.0 1237.5 1348.0
1127.0 1237.5 1348.0
1127.0 1237.5 1348.0
1127.0 1237.5 1348.0
1127.0 1237.5 1348.0
1127.0 1237.5 1348.0
1127.0 1237.5 1348.0
1127.0 1237.5 1348.0
1127.0 1237.5 1348.0
1127.0 1237.5 1348.0
1127.0 1237.5 1348.0
1127.0 1237.5 1348.0
1127.0 1237.5 1348.0
1127.0 1237.5 1348.0
1127.0 1237.5 1348.0
1127.0 1237.5 1348.0
1127.0 1237.5 1348.0
1127.0 1237.5 1348.0
1127.0 1237.5 1348.0
1127.0 1237.5 1348.0
1127.0 1237.5 1348.0
1127.0 1237.5 1348.0
1127.0 1237.5 1348.0
1127.0 1237.5 1348.0
1127.0 1237.5 1348.0
1127.0 1237.5 1348.0
1127.0 1237.5 1348.0
1127.0 1237.5 1348.0
1127.0 1237.5 1348.0
1127.0 1237.5 1348.0
