14268.0 14331.5 14395.0
8262.0 10115.5 11969.0
7633.0 8609.0 9585.0
8230.0 8715.0 9200.0
5199.0 6699.5 8200.0
5485.0 5755.5 6026.0
4534.0 4790.0 5046.0
1898.0 3472.0 5046.0
1898.0 2917.0 3936.0
1898.0 2616.0 3334.0
1898.0 2601.0 3304.0
1898.0 2174.0 2450.0
1898.0 2174.0 2450.0
1898.0 2174.0 2450.0
1761.0 2105.5 2450.0
1761.0 2105.5 2450.0
1590.0 2020.0 2450.0
1443.0 1946.5 2450.0
1443.0 1919.5 2396.0
1443.0 1764.5 2086.0
1443.0 1747.0 2051.0
1443.0 1747.0 2051.0
1443.0 1747.0 2051.0
1443.0 1747.0 2051.0
1443.0 1747.0 2051.0
1443.0 1747.0 2051.0
1443.0 1747.0 2051.0
1443.0 1747.0 2051.0
1443.0 1747.0 2051.0
1443.0 1747.0 2051.0
1443.0 1747.0 2051.0
1443.0 1747.0 2051.0
1443.0 1747.0 2051.0
1652.0 1851.5 2051.0
1652.0 1851.5 2051.0
1652.0 1851.5 2051.0
1652.0 1922.5 2193.0
1652.0 1922.5 2193.0
1652.0 1922.5 2193.0
1493.0 1843.0 2193.0
1378.0 1785.5 2193.0
1378.0 1785.5 2193.0
1378.0 1785.5 2193.0
1378.0 1785.5 2193.0
1378.0 1785.5 2193.0
1378.0 1785.5 2193.0
1378.0 1785.5 2193.0
1378.0 1785.5 2193.0
1378.0 1785.5 2193.0
1378.0 1785.5 2193.0
1378.0 1785.5 2193.0
1378.0 1785.5 2193.0
1378.0 1785.5 2193.0
1378.0 1785.5 2193.0
1378.0 1785.5 2193.0
1378.0 1785.5 2193.0
1378.0 1785.5 2193.0
1378.0 1785.5 2193.0
1378.0 1785.5 2193.0
1378.0 1785.5 2193.0
1378.0 1785.5 2193.0
1378.0 1785.5 2193.0
1378.0 1785.5 2193.0
1378.0 1597.5 1817.0
1378.0 1424.0 1470.0
1378.0 1424.0 1470.0
1378.0 1424.0 1470.0
1378.0 1424.0 1470.0
1378.0 1424.0 1470.0
1378.0 1424.0 1470.0
1378.0 1424.0 1470.0
1378.0 1424.0 1470.0
1378.0 1424.0 1470.0
1378.0 1424.0 1470.0
1378.0 1424.0 1470.0
1378.0 1424.0 1470.0
1378.0 1424.0 1470.0
1378.0 1424.0 1470.0
1378.0 1424.0 1470.0
1378.0 1424.0 1470.0
1378.0 1424.0 1470.0
1378.0 1424.0 1470.0
1378.0 1424.0 1470.0
1378.0 1424.0 1470.0
1378.0 1424.0 1470.0
1378.0 1424.0 1470.0
1378.0 1424.0 1470.0
1378.0 1424.0 1470.0
1378.0 1424.0 1470.0
1378.0 1424.0 1470.0
1378.0 1424.0 1470.0
1378.0 1424.0 1470.0
1378.0 1424.0 1470.0
1378.0 1424.0 1470.0
1378.0 1424.0 1470.0
1378.0 1424.0 1470.0
1378.0 1424.0 1470.0
1378.0 1424.0 1470.0
1378.0 1424.0 1470.0
1378.0 1424.0 1470.0
1378.0 1424.0 1470.0
1378.0 1424.0 1470.0
1378.0 1424.0 1470.0
1378.0 1424.0 1470.0
1378.0 1424.0 1470.0
1378.0 1424.0 1470.0
1378.0 1424.0 1470.0
1378.0 1424.0 1470.0
1378.0 1424.0 1470.0
1378.0 1424.0 1470.0
1378.0 1424.0 1470.0
1378.0 1424.0 1470.0
1378.0 1424.0 1470.0
1378.0 1424.0 1470.0
1378.0 1424.0 1470.0
1378.0 1424.0 1470.0
1378.0 1424.0 1470.0
1378.0 1424.0 1470.0
1378.0 1424.0 1470.0
1378.0 1424.0 1470.0
1378.0 1424.0 1470.0
1378.0 1424.0 1470.0
1378.0 1424.0 1470.0
1378.0 1424.0 1470.0
1378.0 1424.0 1470.0
1378.0 1424.0 1470.0
1378.0 1424.0 1470.0
1378.0 1424.0 1470.0
1378.0 1424.0 1470.0
1378.0 1424.0 1470.0
1378.0 1424.0 1470.0
1378.0 1424.0 1470.0
1378.0 1424.0 1470.0
1378.0 1424.0 1470.0
1378.0 1424.0 1470.0
1378.0 1424.0 1470.0
1378.0 1424.0 1470.0
1378.0 1424.0 1470.0
1378.0 1424.0 1470.0
1378.0 1424.0 1470.0
1378.0 1491.0 1604.0
1378.0 1491.0 1604.0
1378.0 1491.0 1604.0
1378.0 1491.0 1604.0
1378.0 1491.0 1604.0
1378.0 1491.0 1604.0
1378.0 1491.0 1604.0
1378.0 1491.0 1604.0
1378.0 1491.0 1604.0
1378.0 1491.0 1604.0
1378.0 1491.0 1604.0
1378.0 1491.0 1604.0
1378.0 1491.0 1604.0
1378.0 1491.0 1604.0
1378.0 1491.0 1604.0
1378.0 1491.0 1604.0
1378.0 1491.0 1604.0
1378.0 1491.0 1604.0
1378.0 1491.0 1604.0
1378.0 1491.0 1604.0
1378.0 1491.0 1604.0
1378.0 1491.0 1604.0
1378.0 1491.0 1604.0
1378.0 1491.0 1604.0
1378.0 1491.0 1604.0
1378.0 1491.0 1604.0
1378.0 1491.0 1604.0
1378.0 1491.0 1604.0
1378.0 1491.0 1604.0
1378.0 1491.0 1604.0
1378.0 1491.0 1604.0
1378.0 1491.0 1604.0
1378.0 1491.0 1604.0
1378.0 1491.0 1604.0
1378.0 1491.0 1604.0
1378.0 1491.0 1604.0
1378.0 1491.0 1604.0
1378.0 1491.0 1604.0
1378.0 1491.0 1604.0
1378.0 1491.0 1604.0
1378.0 1491.0 1604.0
1378.0 1491.0 1604.0
1378.0 1491.0 1604.0
1378.0 1491.0 1604.0
1378.0 1491.0 1604.0
1378.0 1491.0 1604.0
1378.0 1491.0 1604.0
1378.0 1491.0 1604.0
1378.0 1491.0 1604.0
1378.0 1491.0 1604.0
1378.0 1491.0 1604.0
1378.0 1491.0 1604.0
1378.0 1491.0 1604.0
1378.0 1491.0 1604.0
1378.0 1491.0 1604.0
1378.0 1491.0 1604.0
1378.0 1491.0 1604.0
1378.0 1491.0 1604.0
1378.0 1491.0 1604.0
1378.0 1491.0 1604.0
