13668.0 14569.5 15471.0
12339.0 13122.0 13905.0
7691.0 7946.0 8201.0
6457.0 6858.0 7259.0
5204.0 5747.5 6291.0
4477.0 4576.0 4675.0
3132.0 3779.0 4426.0
2815.0 3167.0 3519.0
2815.0 3077.5 3340.0
2424.0 2447.0 2470.0
2424.0 2447.0 2470.0
2424.0 2447.0 2470.0
2424.0 2447.0 2470.0
2424.0 2447.0 2470.0
2146.0 2308.0 2470.0
2377.0 2423.5 2470.0
2377.0 2423.5 2470.0
1704.0 2087.0 2470.0
1704.0 2087.0 2470.0
1704.0 1925.0 2146.0
1704.0 1925.0 2146.0
1704.0 1817.5 1931.0
1704.0 1817.5 1931.0
1704.0 1817.0 1930.0
1704.0 1817.0 1930.0
1704.0 1817.0 1930.0
1704.0 1817.0 1930.0
1704.0 1817.0 1930.0
1704.0 1817.0 1930.0
1704.0 1817.0 1930.0
1704.0 1817.0 1930.0
1774.0 1852.0 1930.0
1774.0 1852.0 1930.0
1397.0 1663.5 1930.0
1397.0 1663.5 1930.0
1397.0 1663.5 1930.0
1397.0 1663.5 1930.0
1397.0 1663.5 1930.0
1397.0 1663.5 1930.0
1397.0 1663.5 1930.0
1397.0 1663.5 1930.0
1397.0 1663.5 1930.0
1397.0 1663.5 1930.0
1397.0 1663.5 1930.0
1397.0 1663.5 1930.0
1397.0 1663.5 1930.0
1397.0 1663.5 1930.0
1397.0 1663.5 1930.0
1397.0 1663.5 1930.0
1397.0 1663.5 1930.0
1397.0 1663.5 1930.0
1397.0 1663.5 1930.0
1397.0 1663.5 1930.0
1397.0 1663.5 1930.0
1397.0 1663.5 1930.0
1397.0 1663.5 1930.0
1397.0 1663.5 1930.0
1397.0 1663.5 1930.0
1397.0 1663.5 1930.0
1397.0 1663.5 1930.0
1397.0 1663.5 1930.0
1397.0 1663.5 1930.0
1397.0 1663.5 1930.0
1397.0 1663.5 1930.0
1397.0 1663.5 1930.0
1397.0 1663.5 1930.0
1397.0 1663.5 1930.0
1397.0 1663.5 1930.0
1397.0 1663.5 1930.0
1397.0 1663.5 1930.0
1397.0 1663.5 1930.0
1397.0 1663.5 1930.0
1397.0 1663.5 1930.0
1397.0 1663.5 1930.0
1397.0 1663.5 1930.0
1397.0 1663.5 1930.0
1397.0 1663.5 1930.0
1397.0 1663.5 1930.0
1397.0 1663.5 1930.0
1397.0 1663.5 1930.0
1325.0 1627.5 1930.0
1325.0 1627.5 1930.0
980.0 1455.0 1930.0
980.0 1455.0 1930.0
980.0 1455.0 1930.0
980.0 1455.0 1930.0
980.0 1455.0 1930.0
980.0 1455.0 1930.0
980.0 1455.0 1930.0
980.0 1455.0 1930.0
980.0 1455.0 1930.0
980.0 1281.5 1583.0
980.0 1281.5 1583.0
980.0 1281.5 1583.0
980.0 1281.5 1583.0
980.0 1281.5 1583.0
980.0 1281.5 1583.0
980.0 1160.0 1340.0
980.0 1160.0 1340.0
980.0 1109.0 1238.0
980.0 1109.0 1238.0
980.0 1109.0 1238.0
980.0 1109.0 1238.0
980.0 1109.0 1238.0
980.0 1109.0 1238.0
980.0 1109.0 1238.0
980.0 1109.0 1238.0
980.0 1109.0 1238.0
980.0 1109.0 1238.0
980.0 1109.0 1238.0
980.0 1109.0 1238.0
980.0 1109.0 1238.0
980.0 1109.0 1238.0
980.0 1109.0 1238.0
980.0 1109.0 1238.0
980.0 1109.0 1238.0
980.0 1109.0 1238.0
980.0 1109.0 1238.0
980.0 1109.0 1238.0
980.0 1109.0 1238.0
980.0 1109.0 1238.0
980.0 1109.0 1238.0
980.0 1109.0 1238.0
980.0 1109.0 1238.0
980.0 1109.0 1238.0
980.0 1109.0 1238.0
980.0 1109.0 1238.0
980.0 1109.0 1238.0
980.0 1109.0 1238.0
980.0 1109.0 1238.0
980.0 1109.0 1238.0
980.0 1109.0 1238.0
980.0 1109.0 1238.0
980.0 1109.0 1238.0
980.0 1109.0 1238.0
980.0 1109.0 1238.0
980.0 1109.0 1238.0
980.0 1109.0 1238.0
980.0 1109.0 1238.0
980.0 1109.0 1238.0
980.0 1109.0 1238.0
980.0 1109.0 1238.0
980.0 1109.0 1238.0
980.0 1109.0 1238.0
980.0 1109.0 1238.0
980.0 1109.0 1238.0
980.0 1109.0 1238.0
980.0 1109.0 1238.0
980.0 1109.0 1238.0
980.0 1109.0 1238.0
980.0 1109.0 1238.0
980.0 1109.0 1238.0
980.0 1109.0 1238.0
980.0 1109.0 1238.0
980.0 1109.0 1238.0
980.0 1109.0 1238.0
980.0 1109.0 1238.0
980.0 1109.0 1238.0
980.0 1109.0 1238.0
980.0 1109.0 1238.0
980.0 1109.0 1238.0
980.0 1109.0 1238.0
980.0 1109.0 1238.0
980.0 1109.0 1238.0
980.0 1109.0 1238.0
980.0 1109.0 1238.0
980.0 1109.0 1238.0
980.0 1109.0 1238.0
980.0 1109.0 1238.0
980.0 1109.0 1238.0
980.0 1109.0 1238.0
980.0 1109.0 1238.0
980.0 1109.0 1238.0
980.0 1109.0 1238.0
980.0 1109.0 1238.0
980.0 1109.0 1238.0
980.0 1109.0 1238.0
980.0 1109.0 1238.0
980.0 1109.0 1238.0
980.0 1109.0 1238.0
980.0 1109.0 1238.0
980.0 1109.0 1238.0
980.0 1109.0 1238.0
980.0 1109.0 1238.0
980.0 1109.0 1238.0
980.0 1109.0 1238.0
980.0 1109.0 1238.0
980.0 1109.0 1238.0
980.0 1109.0 1238.0
980.0 1109.0 1238.0
980.0 1109.0 1238.0
980.0 1109.0 1238.0
980.0 1109.0 1238.0
980.0 1109.0 1238.0
980.0 1109.0 1238.0
980.0 1109.0 1238.0
980.0 1109.0 1238.0
980.0 1109.0 1238.0
980.0 1109.0 1238.0
980.0 1109.0 1238.0
