13641.0 14117.5 14594.0
11203.0 12208.0 13213.0
9860.0 10298.0 10736.0
6882.0 8094.0 9306.0
6007.0 7113.5 8220.0
4882.0 5467.0 6052.0
5222.0 5812.5 6403.0
5222.0 5428.0 5634.0
4139.0 4423.0 4707.0
4045.0 4092.0 4139.0
3870.0 4004.5 4139.0
2268.0 2582.0 2896.0
2268.0 2582.0 2896.0
2268.0 2582.0 2896.0
1882.0 2075.0 2268.0
1882.0 2075.0 2268.0
1882.0 2075.0 2268.0
1882.0 2075.0 2268.0
1882.0 2075.0 2268.0
1882.0 2075.0 2268.0
1882.0 2075.0 2268.0
1882.0 2075.0 2268.0
1882.0 2075.0 2268.0
1882.0 2075.0 2268.0
1882.0 2075.0 2268.0
1882.0 2075.0 2268.0
1882.0 2075.0 2268.0
1882.0 2075.0 2268.0
1882.0 2075.0 2268.0
1882.0 2075.0 2268.0
1882.0 2075.0 2268.0
1882.0 2075.0 2268.0
1882.0 2075.0 2268.0
1882.0 2075.0 2268.0
1882.0 2075.0 2268.0
1882.0 2024.5 2167.0
1359.0 1620.5 1882.0
1359.0 1620.5 1882.0
1359.0 1620.5 1882.0
1359.0 1620.5 1882.0
1359.0 1620.5 1882.0
1359.0 1620.5 1882.0
1359.0 1620.5 1882.0
1359.0 1620.5 1882.0
1359.0 1620.5 1882.0
1359.0 1620.5 1882.0
1359.0 1620.5 1882.0
1359.0 1620.5 1882.0
1359.0 1620.5 1882.0
1359.0 1620.5 1882.0
1359.0 1620.5 1882.0
1359.0 1620.5 1882.0
1359.0 1620.5 1882.0
1359.0 1620.5 1882.0
1359.0 1620.5 1882.0
1359.0 1620.5 1882.0
1359.0 1620.5 1882.0
1359.0 1620.5 1882.0
1359.0 1620.5 1882.0
1359.0 1620.5 1882.0
1359.0 1620.5 1882.0
1359.0 1620.5 1882.0
1359.0 1620.5 1882.0
1359.0 1620.5 1882.0
1359.0 1620.5 1882.0
1359.0 1620.5 1882.0
1352.0 1355.5 1359.0
1352.0 1355.5 1359.0
1352.0 1355.5 1359.0
1352.0 1355.5 1359.0
1352.0 1355.5 1359.0
1352.0 1355.5 1359.0
1352.0 1355.5 1359.0
1352.0 1355.5 1359.0
1352.0 1355.5 1359.0
1352.0 1355.5 1359.0
1352.0 1355.5 1359.0
1352.0 1355.5 1359.0
1352.0 1355.5 1359.0
1352.0 1355.5 1359.0
1352.0 1355.5 1359.0
1352.0 1355.5 1359.0
1352.0 1355.5 1359.0
1352.0 1355.5 1359.0
1352.0 1355.5 1359.0
1352.0 1355.5 1359.0
1352.0 1355.5 1359.0
1352.0 1355.5 1359.0
1352.0 1355.5 1359.0
1352.0 1355.5 1359.0
1352.0 1355.5 1359.0
1352.0 1355.5 1359.0
1352.0 1355.5 1359.0
1352.0 1355.5 1359.0
1352.0 1355.5 1359.0
1352.0 1355.5 1359.0
1352.0 1355.5 1359.0
1352.0 1355.5 1359.0
1352.0 1355.5 1359.0
1352.0 1355.5 1359.0
1352.0 1355.5 1359.0
1352.0 1355.5 1359.0
1352.0 1355.5 1359.0
1352.0 1355.5 1359.0
1352.0 1355.5 1359.0
1352.0 1355.5 1359.0
1352.0 1355.5 1359.0
1352.0 1355.5 1359.0
1352.0 1355.5 1359.0
1352.0 1355.5 1359.0
1352.0 1355.5 1359.0
1352.0 1355.5 1359.0
1352.0 1355.5 1359.0
1352.0 1355.5 1359.0
1352.0 1355.5 1359.0
1352.0 1355.5 1359.0
1352.0 1355.5 1359.0
1352.0 1355.5 1359.0
1352.0 1355.5 1359.0
1352.0 1355.5 1359.0
1352.0 1355.5 1359.0
1352.0 1355.5 1359.0
1352.0 1355.5 1359.0
1352.0 1355.5 1359.0
1352.0 1355.5 1359.0
1352.0 1355.5 1359.0
1352.0 1355.5 1359.0
1352.0 1355.5 1359.0
1352.0 1355.5 1359.0
1352.0 1355.5 1359.0
1352.0 1355.5 1359.0
1352.0 1355.5 1359.0
1352.0 1355.5 1359.0
1352.0 1355.5 1359.0
1352.0 1355.5 1359.0
1352.0 1355.5 1359.0
1352.0 1355.5 1359.0
1352.0 1355.5 1359.0
1352.0 1355.5 1359.0
1352.0 1355.5 1359.0
1352.0 1355.5 1359.0
1352.0 1355.5 1359.0
1352.0 1355.5 1359.0
1352.0 1355.5 1359.0
1352.0 1355.5 1359.0
1352.0 1355.5 1359.0
1352.0 1355.5 1359.0
1352.0 1355.5 1359.0
1352.0 1355.5 1359.0
1352.0 1355.5 1359.0
1352.0 1355.5 1359.0
1352.0 1355.5 1359.0
1352.0 1355.5 1359.0
1352.0 1355.5 1359.0
1352.0 1355.5 1359.0
1352.0 1355.5 1359.0
1352.0 1355.5 1359.0
1352.0 1355.5 1359.0
1352.0 1355.5 1359.0
1352.0 1355.5 1359.0
1352.0 1355.5 1359.0
1352.0 1355.5 1359.0
1352.0 1355.5 1359.0
1352.0 1355.5 1359.0
1352.0 1355.5 1359.0
1352.0 1355.5 1359.0
1352.0 1355.5 1359.0
1352.0 1355.5 1359.0
1352.0 1355.5 1359.0
1352.0 1355.5 1359.0
1352.0 1355.5 1359.0
1352.0 1355.5 1359.0
1352.0 1355.5 1359.0
1352.0 1355.5 1359.0
1352.0 1355.5 1359.0
1352.0 1355.5 1359.0
1352.0 1355.5 1359.0
1352.0 1355.5 1359.0
1352.0 1355.5 1359.0
1352.0 1355.5 1359.0
1352.0 1355.5 1359.0
1352.0 1355.5 1359.0
1352.0 1355.5 1359.0
1352.0 1355.5 1359.0
1352.0 1355.5 1359.0
1352.0 1355.5 1359.0
1352.0 1355.5 1359.0
1352.0 1355.5 1359.0
1352.0 1355.5 1359.0
1352.0 1355.5 1359.0
1352.0 1355.5 1359.0
1352.0 1355.5 1359.0
1352.0 1355.5 1359.0
1352.0 1355.5 1359.0
1352.0 1355.5 1359.0
1352.0 1355.5 1359.0
1352.0 1355.5 1359.0
1352.0 1355.5 1359.0
1352.0 1355.5 1359.0
1352.0 1355.5 1359.0
