13122.0 14747.0 16372.0
12331.0 12351.5 12372.0
7749.0 9254.0 10759.0
4686.0 6006.5 7327.0
3040.0 4954.5 6869.0
2198.0 4383.5 6569.0
2198.0 3506.5 4815.0
2198.0 3506.5 4815.0
2198.0 2446.0 2694.0
2198.0 2446.0 2694.0
2079.0 2271.5 2464.0
1426.0 2089.5 2753.0
1426.0 1632.0 1838.0
1413.0 1625.5 1838.0
976.0 1329.0 1682.0
976.0 1329.0 1682.0
976.0 1329.0 1682.0
976.0 1329.0 1682.0
976.0 1329.0 1682.0
976.0 1329.0 1682.0
976.0 1329.0 1682.0
976.0 1329.0 1682.0
976.0 1329.0 1682.0
976.0 1329.0 1682.0
976.0 1329.0 1682.0
976.0 1329.0 1682.0
976.0 1329.0 1682.0
976.0 1329.0 1682.0
976.0 1329.0 1682.0
976.0 1329.0 1682.0
976.0 1329.0 1682.0
976.0 1329.0 1682.0
976.0 1329.0 1682.0
976.0 1329.0 1682.0
976.0 1329.0 1682.0
976.0 1329.0 1682.0
976.0 1329.0 1682.0
976.0 1329.0 1682.0
976.0 1329.0 1682.0
976.0 1329.0 1682.0
976.0 1329.0 1682.0
976.0 1329.0 1682.0
976.0 1329.0 1682.0
976.0 1329.0 1682.0
976.0 1329.0 1682.0
976.0 1329.0 1682.0
976.0 1329.0 1682.0
976.0 1329.0 1682.0
976.0 1329.0 1682.0
976.0 1329.0 1682.0
976.0 1329.0 1682.0
976.0 1329.0 1682.0
976.0 1329.0 1682.0
976.0 1329.0 1682.0
976.0 1329.0 1682.0
976.0 1329.0 1682.0
976.0 1329.0 1682.0
976.0 1329.0 1682.0
976.0 1329.0 1682.0
976.0 1329.0 1682.0
976.0 1329.0 1682.0
976.0 1329.0 1682.0
976.0 1329.0 1682.0
976.0 1329.0 1682.0
976.0 1329.0 1682.0
976.0 1329.0 1682.0
976.0 1329.0 1682.0
976.0 1329.0 1682.0
976.0 1329.0 1682.0
976.0 1329.0 1682.0
976.0 1329.0 1682.0
976.0 1329.0 1682.0
976.0 1329.0 1682.0
976.0 1329.0 1682.0
976.0 1329.0 1682.0
976.0 1329.0 1682.0
976.0 1329.0 1682.0
976.0 1329.0 1682.0
976.0 1329.0 1682.0
976.0 1329.0 1682.0
976.0 1329.0 1682.0
976.0 1329.0 1682.0
976.0 1329.0 1682.0
976.0 1329.0 1682.0
976.0 1297.0 1618.0
976.0 1297.0 1618.0
976.0 1297.0 1618.0
976.0 1297.0 1618.0
976.0 1297.0 1618.0
976.0 1297.0 1618.0
976.0 1297.0 1618.0
976.0 1297.0 1618.0
976.0 1297.0 1618.0
976.0 1297.0 1618.0
976.0 1297.0 1618.0
976.0 1297.0 1618.0
976.0 1297.0 1618.0
976.0 1297.0 1618.0
976.0 1297.0 1618.0
976.0 1297.0 1618.0
976.0 1297.0 1618.0
976.0 1297.0 1618.0
976.0 1297.0 1618.0
976.0 1297.0 1618.0
976.0 1297.0 1618.0
976.0 1297.0 1618.0
976.0 1297.0 1618.0
976.0 1297.0 1618.0
976.0 1297.0 1618.0
976.0 1297.0 1618.0
976.0 1297.0 1618.0
976.0 1297.0 1618.0
976.0 1297.0 1618.0
976.0 1297.0 1618.0
976.0 1297.0 1618.0
976.0 1297.0 1618.0
976.0 1297.0 1618.0
976.0 1297.0 1618.0
976.0 1297.0 1618.0
976.0 1297.0 1618.0
976.0 1297.0 1618.0
976.0 1297.0 1618.0
976.0 1297.0 1618.0
976.0 1297.0 1618.0
976.0 1297.0 1618.0
976.0 1297.0 1618.0
976.0 1297.0 1618.0
976.0 1297.0 1618.0
976.0 1297.0 1618.0
976.0 1297.0 1618.0
976.0 1015.0 1054.0
976.0 1015.0 1054.0
905.0 940.5 976.0
905.0 940.5 976.0
905.0 940.5 976.0
905.0 940.5 976.0
905.0 940.5 976.0
905.0 940.5 976.0
905.0 940.5 976.0
905.0 940.5 976.0
905.0 940.5 976.0
905.0 940.5 976.0
905.0 940.5 976.0
905.0 940.5 976.0
905.0 940.5 976.0
905.0 940.5 976.0
905.0 940.5 976.0
905.0 940.5 976.0
905.0 940.5 976.0
905.0 940.5 976.0
905.0 940.5 976.0
905.0 940.5 976.0
905.0 940.5 976.0
905.0 940.5 976.0
905.0 940.5 976.0
905.0 940.5 976.0
905.0 940.5 976.0
905.0 940.5 976.0
905.0 940.5 976.0
905.0 940.5 976.0
905.0 940.5 976.0
905.0 940.5 976.0
905.0 940.5 976.0
905.0 940.5 976.0
905.0 940.5 976.0
905.0 940.5 976.0
905.0 940.5 976.0
905.0 940.5 976.0
905.0 940.5 976.0
905.0 940.5 976.0
905.0 940.5 976.0
905.0 940.5 976.0
905.0 940.5 976.0
905.0 940.5 976.0
905.0 940.5 976.0
905.0 940.5 976.0
905.0 940.5 976.0
905.0 940.5 976.0
905.0 940.5 976.0
905.0 940.5 976.0
905.0 940.5 976.0
905.0 940.5 976.0
905.0 940.5 976.0
905.0 940.5 976.0
905.0 940.5 976.0
905.0 940.5 976.0
905.0 940.5 976.0
905.0 940.5 976.0
905.0 940.5 976.0
905.0 940.5 976.0
905.0 940.5 976.0
905.0 940.5 976.0
905.0 940.5 976.0
905.0 940.5 976.0
905.0 940.5 976.0
905.0 940.5 976.0
905.0 940.5 976.0
905.0 940.5 976.0
905.0 940.5 976.0
905.0 940.5 976.0
