10012.0 12670.5 15329.0
9191.0 9578.5 9966.0
7528.0 7677.0 7826.0
4543.0 5479.5 6416.0
4126.0 5059.0 5992.0
3389.0 3736.5 4084.0
2992.0 3365.5 3739.0
2286.0 2633.5 2981.0
2039.0 2267.0 2495.0
2039.0 2172.5 2306.0
2199.0 2252.5 2306.0
2199.0 2252.5 2306.0
1099.0 1702.5 2306.0
1099.0 1702.5 2306.0
1053.0 1679.5 2306.0
1053.0 1679.5 2306.0
1053.0 1471.0 1889.0
1053.0 1371.5 1690.0
1053.0 1371.5 1690.0
1053.0 1371.5 1690.0
1053.0 1371.5 1690.0
1053.0 1371.5 1690.0
1053.0 1371.5 1690.0
1053.0 1371.5 1690.0
1053.0 1371.5 1690.0
1053.0 1371.5 1690.0
1053.0 1371.5 1690.0
1053.0 1371.5 1690.0
1053.0 1371.5 1690.0
1053.0 1371.5 1690.0
1053.0 1371.5 1690.0
1053.0 1371.5 1690.0
1053.0 1371.5 1690.0
1053.0 1371.5 1690.0
1053.0 1371.5 1690.0
1053.0 1371.5 1690.0
1053.0 1371.5 1690.0
1053.0 1371.5 1690.0
1053.0 1371.5 1690.0
1053.0 1371.5 1690.0
1053.0 1371.5 1690.0
1053.0 1371.5 1690.0
1053.0 1371.5 1690.0
1053.0 1371.5 1690.0
1053.0 1371.5 1690.0
1053.0 1371.5 1690.0
1053.0 1371.5 1690.0
1053.0 1371.5 1690.0
1053.0 1371.5 1690.0
1053.0 1371.5 1690.0
1053.0 1371.5 1690.0
1053.0 1371.5 1690.0
1053.0 1371.5 1690.0
1053.0 1371.5 1690.0
1053.0 1371.5 1690.0
1053.0 1371.5 1690.0
1053.0 1371.5 1690.0
1053.0 1341.0 1629.0
1053.0 1341.0 1629.0
1053.0 1341.0 1629.0
839.0 946.0 1053.0
839.0 946.0 1053.0
839.0 946.0 1053.0
839.0 946.0 1053.0
839.0 946.0 1053.0
839.0 946.0 1053.0
839.0 946.0 1053.0
839.0 946.0 1053.0
839.0 946.0 1053.0
839.0 946.0 1053.0
839.0 946.0 1053.0
839.0 946.0 1053.0
839.0 946.0 1053.0
839.0 946.0 1053.0
839.0 946.0 1053.0
839.0 946.0 1053.0
839.0 946.0 1053.0
839.0 946.0 1053.0
839.0 946.0 1053.0
839.0 946.0 1053.0
839.0 946.0 1053.0
839.0 946.0 1053.0
839.0 946.0 1053.0
993.0 1023.0 1053.0
993.0 1023.0 1053.0
993.0 1023.0 1053.0
993.0 1023.0 1053.0
993.0 1023.0 1053.0
993.0 1023.0 1053.0
993.0 1023.0 1053.0
993.0 1023.0 1053.0
993.0 1023.0 1053.0
993.0 1023.0 1053.0
993.0 1023.0 1053.0
993.0 1023.0 1053.0
993.0 1023.0 1053.0
993.0 1023.0 1053.0
993.0 1023.0 1053.0
993.0 1023.0 1053.0
993.0 1023.0 1053.0
993.0 1023.0 1053.0
993.0 1023.0 1053.0
993.0 1023.0 1053.0
993.0 1023.0 1053.0
993.0 1023.0 1053.0
993.0 1023.0 1053.0
993.0 1023.0 1053.0
993.0 1023.0 1053.0
993.0 1023.0 1053.0
993.0 1023.0 1053.0
993.0 1023.0 1053.0
993.0 1023.0 1053.0
993.0 1023.0 1053.0
993.0 1023.0 1053.0
993.0 1023.0 1053.0
993.0 1023.0 1053.0
993.0 1023.0 1053.0
993.0 1023.0 1053.0
993.0 1023.0 1053.0
993.0 1023.0 1053.0
993.0 1023.0 1053.0
993.0 1023.0 1053.0
993.0 1023.0 1053.0
993.0 1023.0 1053.0
993.0 1023.0 1053.0
993.0 1023.0 1053.0
993.0 1023.0 1053.0
993.0 1023.0 1053.0
993.0 1023.0 1053.0
993.0 1023.0 1053.0
993.0 1023.0 1053.0
993.0 1023.0 1053.0
993.0 1023.0 1053.0
993.0 1023.0 1053.0
993.0 1023.0 1053.0
993.0 1023.0 1053.0
993.0 1023.0 1053.0
993.0 1023.0 1053.0
993.0 1023.0 1053.0
993.0 1023.0 1053.0
993.0 1023.0 1053.0
993.0 1023.0 1053.0
993.0 1023.0 1053.0
993.0 1023.0 1053.0
993.0 1023.0 1053.0
993.0 1023.0 1053.0
993.0 1023.0 1053.0
993.0 1023.0 1053.0
993.0 1023.0 1053.0
993.0 1023.0 1053.0
993.0 1023.0 1053.0
993.0 1023.0 1053.0
993.0 1023.0 1053.0
993.0 1023.0 1053.0
993.0 1023.0 1053.0
993.0 1023.0 1053.0
993.0 1023.0 1053.0
993.0 1023.0 1053.0
993.0 1023.0 1053.0
993.0 1023.0 1053.0
993.0 1023.0 1053.0
993.0 1023.0 1053.0
993.0 1023.0 1053.0
993.0 1023.0 1053.0
993.0 1023.0 1053.0
993.0 1023.0 1053.0
993.0 1023.0 1053.0
993.0 1023.0 1053.0
993.0 1023.0 1053.0
993.0 1023.0 1053.0
993.0 1023.0 1053.0
993.0 1023.0 1053.0
993.0 1023.0 1053.0
993.0 1023.0 1053.0
993.0 1023.0 1053.0
993.0 1023.0 1053.0
993.0 1023.0 1053.0
993.0 1023.0 1053.0
993.0 1023.0 1053.0
993.0 1023.0 1053.0
993.0 1023.0 1053.0
993.0 1023.0 1053.0
993.0 1023.0 1053.0
993.0 1023.0 1053.0
993.0 1023.0 1053.0
993.0 1023.0 1053.0
993.0 1023.0 1053.0
993.0 1023.0 1053.0
993.0 1023.0 1053.0
993.0 1023.0 1053.0
993.0 1023.0 1053.0
993.0 1023.0 1053.0
993.0 1023.0 1053.0
993.0 1023.0 1053.0
993.0 1023.0 1053.0
993.0 1023.0 1053.0
993.0 1023.0 1053.0
993.0 1023.0 1053.0
993.0 1023.0 1053.0
993.0 1023.0 1053.0
