10371.0 11186.0 12001.0
8473.0 8686.0 8899.0
5566.0 6077.5 6589.0
5178.0 5294.0 5410.0
3649.0 4116.0 4583.0
3279.0 3464.0 3649.0
2099.0 2119.5 2140.0
1605.0 1852.0 2099.0
1994.0 2109.5 2225.0
1605.0 1685.5 1766.0
1392.0 1579.0 1766.0
1342.0 1554.0 1766.0
1312.0 1539.0 1766.0
1312.0 1539.0 1766.0
1312.0 1539.0 1766.0
952.0 1359.0 1766.0
952.0 1359.0 1766.0
952.0 1299.0 1646.0
952.0 1127.0 1302.0
952.0 955.0 958.0
952.0 955.0 958.0
811.0 881.5 952.0
690.0 821.0 952.0
690.0 821.0 952.0
690.0 821.0 952.0
690.0 821.0 952.0
690.0 821.0 952.0
690.0 821.0 952.0
690.0 821.0 952.0
690.0 821.0 952.0
690.0 821.0 952.0
690.0 821.0 952.0
690.0 821.0 952.0
690.0 821.0 952.0
690.0 821.0 952.0
690.0 821.0 952.0
690.0 821.0 952.0
690.0 821.0 952.0
690.0 821.0 952.0
690.0 821.0 952.0
690.0 821.0 952.0
690.0 821.0 952.0
690.0 821.0 952.0
690.0 821.0 952.0
690.0 821.0 952.0
690.0 821.0 952.0
690.0 821.0 952.0
690.0 821.0 952.0
690.0 821.0 952.0
690.0 821.0 952.0
690.0 821.0 952.0
690.0 821.0 952.0
690.0 821.0 952.0
690.0 821.0 952.0
690.0 821.0 952.0
690.0 821.0 952.0
690.0 821.0 952.0
690.0 821.0 952.0
690.0 821.0 952.0
690.0 821.0 952.0
690.0 821.0 952.0
690.0 821.0 952.0
690.0 821.0 952.0
690.0 821.0 952.0
690.0 821.0 952.0
690.0 821.0 952.0
690.0 821.0 952.0
690.0 821.0 952.0
690.0 821.0 952.0
690.0 821.0 952.0
690.0 821.0 952.0
690.0 821.0 952.0
690.0 821.0 952.0
690.0 821.0 952.0
690.0 821.0 952.0
690.0 821.0 952.0
690.0 821.0 952.0
690.0 821.0 952.0
690.0 821.0 952.0
690.0 821.0 952.0
690.0 821.0 952.0
690.0 821.0 952.0
690.0 821.0 952.0
690.0 821.0 952.0
690.0 821.0 952.0
690.0 821.0 952.0
690.0 821.0 952.0
690.0 821.0 952.0
690.0 821.0 952.0
690.0 821.0 952.0
690.0 821.0 952.0
690.0 821.0 952.0
690.0 821.0 952.0
690.0 821.0 952.0
690.0 821.0 952.0
690.0 821.0 952.0
690.0 821.0 952.0
690.0 821.0 952.0
690.0 821.0 952.0
690.0 821.0 952.0
690.0 821.0 952.0
690.0 821.0 952.0
690.0 821.0 952.0
690.0 821.0 952.0
690.0 821.0 952.0
690.0 821.0 952.0
690.0 821.0 952.0
690.0 821.0 952.0
690.0 821.0 952.0
690.0 821.0 952.0
690.0 821.0 952.0
690.0 821.0 952.0
690.0 821.0 952.0
690.0 821.0 952.0
690.0 821.0 952.0
690.0 821.0 952.0
690.0 821.0 952.0
690.0 821.0 952.0
690.0 821.0 952.0
690.0 821.0 952.0
690.0 821.0 952.0
690.0 821.0 952.0
690.0 821.0 952.0
690.0 821.0 952.0
690.0 821.0 952.0
690.0 821.0 952.0
690.0 821.0 952.0
690.0 821.0 952.0
690.0 821.0 952.0
690.0 821.0 952.0
690.0 821.0 952.0
690.0 821.0 952.0
690.0 821.0 952.0
690.0 821.0 952.0
690.0 821.0 952.0
690.0 821.0 952.0
690.0 821.0 952.0
690.0 821.0 952.0
690.0 821.0 952.0
690.0 821.0 952.0
690.0 821.0 952.0
690.0 821.0 952.0
690.0 821.0 952.0
690.0 821.0 952.0
690.0 821.0 952.0
690.0 821.0 952.0
690.0 821.0 952.0
690.0 821.0 952.0
690.0 821.0 952.0
690.0 821.0 952.0
690.0 821.0 952.0
690.0 821.0 952.0
690.0 821.0 952.0
690.0 821.0 952.0
690.0 821.0 952.0
690.0 821.0 952.0
690.0 821.0 952.0
690.0 821.0 952.0
690.0 821.0 952.0
690.0 821.0 952.0
690.0 821.0 952.0
690.0 821.0 952.0
690.0 821.0 952.0
690.0 821.0 952.0
690.0 821.0 952.0
690.0 821.0 952.0
690.0 821.0 952.0
690.0 821.0 952.0
690.0 821.0 952.0
690.0 821.0 952.0
690.0 821.0 952.0
690.0 821.0 952.0
690.0 821.0 952.0
690.0 821.0 952.0
690.0 821.0 952.0
690.0 821.0 952.0
690.0 821.0 952.0
690.0 821.0 952.0
690.0 821.0 952.0
690.0 821.0 952.0
690.0 821.0 952.0
690.0 821.0 952.0
690.0 821.0 952.0
690.0 821.0 952.0
690.0 821.0 952.0
690.0 821.0 952.0
690.0 821.0 952.0
690.0 821.0 952.0
690.0 821.0 952.0
690.0 821.0 952.0
690.0 821.0 952.0
690.0 821.0 952.0
690.0 821.0 952.0
690.0 821.0 952.0
690.0 821.0 952.0
690.0 821.0 952.0
690.0 821.0 952.0
690.0 821.0 952.0
690.0 821.0 952.0
690.0 821.0 952.0
