9337.0 10341.0 11345.0
8224.0 9530.0 10836.0
7687.0 7784.0 7881.0
5782.0 5951.5 6121.0
3632.0 4339.5 5047.0
2754.0 2904.5 3055.0
2754.0 2927.5 3101.0
2235.0 2451.5 2668.0
2381.0 2395.0 2409.0
2158.0 2283.5 2409.0
1523.0 1840.5 2158.0
1099.0 1308.5 1518.0
1099.0 1308.5 1518.0
1099.0 1411.0 1723.0
1099.0 1411.0 1723.0
1099.0 1411.0 1723.0
1099.0 1411.0 1723.0
1099.0 1411.0 1723.0
1099.0 1411.0 1723.0
1099.0 1411.0 1723.0
1099.0 1411.0 1723.0
1099.0 1411.0 1723.0
1099.0 1283.5 1468.0
1099.0 1283.5 1468.0
1099.0 1283.5 1468.0
1099.0 1283.5 1468.0
1099.0 1283.5 1468.0
1099.0 1283.5 1468.0
1099.0 1283.5 1468.0
1099.0 1283.5 1468.0
1099.0 1283.5 1468.0
1099.0 1283.5 1468.0
1099.0 1283.5 1468.0
1099.0 1283.5 1468.0
1099.0 1283.5 1468.0
1099.0 1283.5 1468.0
1099.0 1283.5 1468.0
1099.0 1283.5 1468.0
1099.0 1283.5 1468.0
1099.0 1283.5 1468.0
1099.0 1283.5 1468.0
1099.0 1283.5 1468.0
1099.0 1283.5 1468.0
1099.0 1283.5 1468.0
1099.0 1283.5 1468.0
1099.0 1283.5 1468.0
1099.0 1283.5 1468.0
1099.0 1283.5 1468.0
1099.0 1248.0 1397.0
1099.0 1248.0 1397.0
1099.0 1248.0 1397.0
1099.0 1248.0 1397.0
1099.0 1248.0 1397.0
1099.0 1248.0 1397.0
1099.0 1248.0 1397.0
1099.0 1248.0 1397.0
1099.0 1248.0 1397.0
1099.0 1248.0 1397.0
1099.0 1248.0 1397.0
1099.0 1248.0 1397.0
1099.0 1248.0 1397.0
1099.0 1248.0 1397.0
1099.0 1248.0 1397.0
1099.0 1248.0 1397.0
1099.0 1248.0 1397.0
1099.0 1248.0 1397.0
1099.0 1248.0 1397.0
1099.0 1248.0 1397.0
1099.0 1248.0 1397.0
1099.0 1248.0 1397.0
1099.0 1248.0 1397.0
1099.0 1248.0 1397.0
1099.0 1248.0 1397.0
1099.0 1248.0 1397.0
1099.0 1248.0 1397.0
1099.0 1248.0 1397.0
1099.0 1248.0 1397.0
1099.0 1248.0 1397.0
1099.0 1248.0 1397.0
1099.0 1248.0 1397.0
1099.0 1248.0 1397.0
1099.0 1248.0 1397.0
1099.0 1248.0 1397.0
1099.0 1248.0 1397.0
1099.0 1248.0 1397.0
1099.0 1248.0 1397.0
1099.0 1248.0 1397.0
1099.0 1248.0 1397.0
1099.0 1248.0 1397.0
1099.0 1248.0 1397.0
1099.0 1248.0 1397.0
1099.0 1248.0 1397.0
1099.0 1248.0 1397.0
1099.0 1248.0 1397.0
1099.0 1248.0 1397.0
1099.0 1248.0 1397.0
1099.0 1248.0 1397.0
1099.0 1248.0 1397.0
1099.0 1248.0 1397.0
1099.0 1248.0 1397.0
1099.0 1248.0 1397.0
1099.0 1248.0 1397.0
1099.0 1248.0 1397.0
1099.0 1248.0 1397.0
1099.0 1248.0 1397.0
1099.0 1248.0 1397.0
1099.0 1248.0 1397.0
1099.0 1248.0 1397.0
1099.0 1248.0 1397.0
1099.0 1248.0 1397.0
1099.0 1248.0 1397.0
1099.0 1248.0 1397.0
1099.0 1248.0 1397.0
1099.0 1248.0 1397.0
1099.0 1248.0 1397.0
1099.0 1248.0 1397.0
1099.0 1248.0 1397.0
1099.0 1248.0 1397.0
1099.0 1248.0 1397.0
1099.0 1248.0 1397.0
1099.0 1248.0 1397.0
1099.0 1248.0 1397.0
1099.0 1248.0 1397.0
1099.0 1248.0 1397.0
1099.0 1248.0 1397.0
1099.0 1248.0 1397.0
1099.0 1248.0 1397.0
1099.0 1248.0 1397.0
1099.0 1248.0 1397.0
1099.0 1248.0 1397.0
1099.0 1248.0 1397.0
1099.0 1248.0 1397.0
1099.0 1248.0 1397.0
1099.0 1248.0 1397.0
1099.0 1248.0 1397.0
1099.0 1248.0 1397.0
1099.0 1248.0 1397.0
1099.0 1248.0 1397.0
1099.0 1248.0 1397.0
1099.0 1248.0 1397.0
1099.0 1248.0 1397.0
1099.0 1248.0 1397.0
1099.0 1248.0 1397.0
1099.0 1248.0 1397.0
1099.0 1248.0 1397.0
1099.0 1248.0 1397.0
1099.0 1248.0 1397.0
1099.0 1248.0 1397.0
1099.0 1248.0 1397.0
1099.0 1248.0 1397.0
1099.0 1248.0 1397.0
1099.0 1248.0 1397.0
1099.0 1248.0 1397.0
1099.0 1248.0 1397.0
1099.0 1248.0 1397.0
1099.0 1248.0 1397.0
1099.0 1248.0 1397.0
1099.0 1248.0 1397.0
1099.0 1248.0 1397.0
1099.0 1248.0 1397.0
1099.0 1248.0 1397.0
1099.0 1248.0 1397.0
1099.0 1248.0 1397.0
1099.0 1248.0 1397.0
1099.0 1248.0 1397.0
1099.0 1248.0 1397.0
1099.0 1248.0 1397.0
1099.0 1248.0 1397.0
1099.0 1248.0 1397.0
1099.0 1248.0 1397.0
1099.0 1248.0 1397.0
1099.0 1248.0 1397.0
1099.0 1248.0 1397.0
1099.0 1248.0 1397.0
1099.0 1248.0 1397.0
1099.0 1248.0 1397.0
1099.0 1248.0 1397.0
1099.0 1248.0 1397.0
1099.0 1248.0 1397.0
1099.0 1248.0 1397.0
1099.0 1248.0 1397.0
1099.0 1248.0 1397.0
1099.0 1248.0 1397.0
1099.0 1248.0 1397.0
1099.0 1248.0 1397.0
1099.0 1248.0 1397.0
1099.0 1248.0 1397.0
1099.0 1248.0 1397.0
1099.0 1248.0 1397.0
1099.0 1248.0 1397.0
1099.0 1248.0 1397.0
1099.0 1248.0 1397.0
1099.0 1248.0 1397.0
1099.0 1248.0 1397.0
1099.0 1248.0 1397.0
1099.0 1248.0 1397.0
1099.0 1248.0 1397.0
1099.0 1248.0 1397.0
1099.0 1248.0 1397.0
1099.0 1248.0 1397.0
