14059.0 14321.0 14583.0
10298.0 11656.5 13015.0
9119.0 10779.5 12440.0
6431.0 8413.0 10395.0
5727.0 5747.0 5767.0
3574.0 4658.0 5742.0
3000.0 4573.0 6146.0
2885.0 3555.0 4225.0
3109.0 3303.5 3498.0
2571.0 3002.0 3433.0
2786.0 2807.5 2829.0
2587.0 2623.0 2659.0
2248.0 2538.5 2829.0
1932.0 2380.5 2829.0
1932.0 2380.5 2829.0
1932.0 2380.5 2829.0
1932.0 2380.5 2829.0
1932.0 2380.5 2829.0
1932.0 2380.5 2829.0
1932.0 2380.5 2829.0
1932.0 2380.5 2829.0
1932.0 2380.5 2829.0
1800.0 2314.5 2829.0
1800.0 2314.5 2829.0
1845.0 1904.0 1963.0
1845.0 1904.0 1963.0
1963.0 2052.0 2141.0
1963.0 2052.0 2141.0
1963.0 2052.0 2141.0
1963.0 2052.0 2141.0
1963.0 2052.0 2141.0
1963.0 2052.0 2141.0
1963.0 2052.0 2141.0
1963.0 2052.0 2141.0
1963.0 2052.0 2141.0
1963.0 2052.0 2141.0
1963.0 2052.0 2141.0
1963.0 2052.0 2141.0
1963.0 2052.0 2141.0
1963.0 2052.0 2141.0
1963.0 2052.0 2141.0
1963.0 2052.0 2141.0
1963.0 2052.0 2141.0
1427.0 1695.0 1963.0
1427.0 1695.0 1963.0
1427.0 1695.0 1963.0
1427.0 1695.0 1963.0
1427.0 1695.0 1963.0
1427.0 1695.0 1963.0
1427.0 1695.0 1963.0
1427.0 1695.0 1963.0
1427.0 1695.0 1963.0
1427.0 1695.0 1963.0
1427.0 1695.0 1963.0
1427.0 1695.0 1963.0
1427.0 1695.0 1963.0
1427.0 1695.0 1963.0
1427.0 1695.0 1963.0
1427.0 1695.0 1963.0
1427.0 1695.0 1963.0
1427.0 1695.0 1963.0
1427.0 1695.0 1963.0
1427.0 1695.0 1963.0
1427.0 1695.0 1963.0
1427.0 1695.0 1963.0
1427.0 1695.0 1963.0
1427.0 1695.0 1963.0
1427.0 1695.0 1963.0
1427.0 1695.0 1963.0
1427.0 1695.0 1963.0
1427.0 1695.0 1963.0
1427.0 1695.0 1963.0
1427.0 1695.0 1963.0
1427.0 1695.0 1963.0
1427.0 1695.0 1963.0
1427.0 1695.0 1963.0
1427.0 1695.0 1963.0
1427.0 1695.0 1963.0
1427.0 1695.0 1963.0
1427.0 1695.0 1963.0
1427.0 1695.0 1963.0
1427.0 1695.0 1963.0
1427.0 1695.0 1963.0
1427.0 1695.0 1963.0
1427.0 1695.0 1963.0
1427.0 1695.0 1963.0
1427.0 1475.5 1524.0
1427.0 1475.5 1524.0
1223.0 1325.0 1427.0
1223.0 1325.0 1427.0
1141.0 1284.0 1427.0
1141.0 1284.0 1427.0
1141.0 1284.0 1427.0
1141.0 1284.0 1427.0
1141.0 1284.0 1427.0
1141.0 1284.0 1427.0
1141.0 1284.0 1427.0
1141.0 1284.0 1427.0
1141.0 1284.0 1427.0
1141.0 1284.0 1427.0
1141.0 1284.0 1427.0
1141.0 1284.0 1427.0
1141.0 1284.0 1427.0
1141.0 1284.0 1427.0
1141.0 1284.0 1427.0
1141.0 1284.0 1427.0
1141.0 1284.0 1427.0
1141.0 1284.0 1427.0
1141.0 1284.0 1427.0
1141.0 1284.0 1427.0
1141.0 1284.0 1427.0
1141.0 1284.0 1427.0
1141.0 1284.0 1427.0
1141.0 1284.0 1427.0
1141.0 1284.0 1427.0
1141.0 1284.0 1427.0
1141.0 1284.0 1427.0
1141.0 1284.0 1427.0
1141.0 1284.0 1427.0
1141.0 1284.0 1427.0
1141.0 1284.0 1427.0
1141.0 1284.0 1427.0
1141.0 1284.0 1427.0
1141.0 1284.0 1427.0
1141.0 1284.0 1427.0
1141.0 1284.0 1427.0
1141.0 1284.0 1427.0
1141.0 1284.0 1427.0
1141.0 1443.0 1745.0
1141.0 1443.0 1745.0
1141.0 1216.5 1292.0
1141.0 1216.5 1292.0
1141.0 1216.5 1292.0
1141.0 1216.5 1292.0
1141.0 1216.5 1292.0
1141.0 1216.5 1292.0
1141.0 1216.5 1292.0
1141.0 1216.5 1292.0
1141.0 1216.5 1292.0
1141.0 1216.5 1292.0
1141.0 1216.5 1292.0
1141.0 1216.5 1292.0
1141.0 1216.5 1292.0
1141.0 1216.5 1292.0
1141.0 1216.5 1292.0
1141.0 1216.5 1292.0
1141.0 1216.5 1292.0
1141.0 1216.5 1292.0
1141.0 1216.5 1292.0
1141.0 1216.5 1292.0
1141.0 1216.5 1292.0
1141.0 1216.5 1292.0
1141.0 1216.5 1292.0
1141.0 1216.5 1292.0
1141.0 1216.5 1292.0
1141.0 1216.5 1292.0
1141.0 1216.5 1292.0
1141.0 1216.5 1292.0
1141.0 1216.5 1292.0
1141.0 1216.5 1292.0
1141.0 1216.5 1292.0
1141.0 1216.5 1292.0
1141.0 1216.5 1292.0
1141.0 1216.5 1292.0
1141.0 1216.5 1292.0
1141.0 1216.5 1292.0
1141.0 1216.5 1292.0
1141.0 1216.5 1292.0
1141.0 1216.5 1292.0
1141.0 1216.5 1292.0
1141.0 1216.5 1292.0
1141.0 1216.5 1292.0
1141.0 1216.5 1292.0
1141.0 1216.5 1292.0
1141.0 1216.5 1292.0
1141.0 1216.5 1292.0
1141.0 1216.5 1292.0
1141.0 1216.5 1292.0
1141.0 1216.5 1292.0
1141.0 1216.5 1292.0
1141.0 1216.5 1292.0
1141.0 1216.5 1292.0
1141.0 1216.5 1292.0
1141.0 1216.5 1292.0
1141.0 1216.5 1292.0
1141.0 1216.5 1292.0
1141.0 1216.5 1292.0
1141.0 1216.5 1292.0
1141.0 1216.5 1292.0
1141.0 1216.5 1292.0
1141.0 1216.5 1292.0
1141.0 1216.5 1292.0
1141.0 1216.5 1292.0
1141.0 1216.5 1292.0
1141.0 1216.5 1292.0
1141.0 1216.5 1292.0
1141.0 1216.5 1292.0
1141.0 1216.5 1292.0
1141.0 1216.5 1292.0
1141.0 1216.5 1292.0
