12367.0 13436.0 14505.0
10187.0 11303.0 12419.0
9987.0 10137.5 10288.0
7133.0 8265.5 9398.0
7432.0 7563.0 7694.0
6289.0 6338.0 6387.0
4656.0 4759.5 4863.0
4229.0 4546.0 4863.0
3388.0 3474.5 3561.0
1732.0 2341.0 2950.0
1732.0 2260.0 2788.0
1380.0 2084.0 2788.0
1380.0 1420.0 1460.0
940.0 1200.0 1460.0
940.0 1237.5 1535.0
940.0 1237.5 1535.0
940.0 1237.5 1535.0
940.0 1237.5 1535.0
940.0 1237.5 1535.0
940.0 1237.5 1535.0
940.0 1237.5 1535.0
940.0 1237.5 1535.0
940.0 1237.5 1535.0
940.0 1237.5 1535.0
940.0 1237.5 1535.0
940.0 1237.5 1535.0
940.0 1237.5 1535.0
940.0 1237.5 1535.0
940.0 1237.5 1535.0
940.0 1237.5 1535.0
940.0 1237.5 1535.0
940.0 1237.5 1535.0
940.0 1237.5 1535.0
940.0 1237.5 1535.0
940.0 1237.5 1535.0
940.0 1237.5 1535.0
940.0 1237.5 1535.0
940.0 1237.5 1535.0
940.0 1237.5 1535.0
940.0 1237.5 1535.0
940.0 1237.5 1535.0
940.0 1237.5 1535.0
940.0 1237.5 1535.0
940.0 1237.5 1535.0
940.0 1237.5 1535.0
940.0 1237.5 1535.0
940.0 1237.5 1535.0
940.0 1237.5 1535.0
940.0 1237.5 1535.0
940.0 1237.5 1535.0
940.0 1237.5 1535.0
940.0 1237.5 1535.0
940.0 1237.5 1535.0
940.0 1237.5 1535.0
940.0 1237.5 1535.0
940.0 1237.5 1535.0
940.0 1237.5 1535.0
940.0 1237.5 1535.0
940.0 1237.5 1535.0
940.0 1237.5 1535.0
940.0 1237.5 1535.0
940.0 1237.5 1535.0
940.0 1237.5 1535.0
940.0 1237.5 1535.0
940.0 1237.5 1535.0
940.0 1237.5 1535.0
940.0 1237.5 1535.0
940.0 1237.5 1535.0
940.0 1237.5 1535.0
940.0 1237.5 1535.0
940.0 1293.5 1647.0
940.0 1293.5 1647.0
940.0 1293.5 1647.0
940.0 1293.5 1647.0
940.0 1293.5 1647.0
940.0 1293.5 1647.0
940.0 1293.5 1647.0
940.0 1293.5 1647.0
940.0 1293.5 1647.0
940.0 1293.5 1647.0
940.0 1293.5 1647.0
940.0 1293.5 1647.0
940.0 1293.5 1647.0
940.0 1293.5 1647.0
940.0 1293.5 1647.0
940.0 1293.5 1647.0
940.0 1293.5 1647.0
940.0 1293.5 1647.0
940.0 1293.5 1647.0
940.0 1293.5 1647.0
940.0 1293.5 1647.0
940.0 1293.5 1647.0
940.0 1293.5 1647.0
940.0 1293.5 1647.0
940.0 1293.5 1647.0
940.0 1293.5 1647.0
940.0 1293.5 1647.0
940.0 1293.5 1647.0
940.0 1293.5 1647.0
940.0 1293.5 1647.0
940.0 1293.5 1647.0
940.0 1293.5 1647.0
940.0 1293.5 1647.0
940.0 1293.5 1647.0
940.0 1293.5 1647.0
940.0 1293.5 1647.0
940.0 1293.5 1647.0
940.0 1293.5 1647.0
940.0 1293.5 1647.0
940.0 1293.5 1647.0
940.0 1293.5 1647.0
940.0 1293.5 1647.0
940.0 1293.5 1647.0
940.0 1293.5 1647.0
940.0 1293.5 1647.0
940.0 1293.5 1647.0
940.0 1293.5 1647.0
940.0 1293.5 1647.0
940.0 1293.5 1647.0
940.0 1293.5 1647.0
940.0 1293.5 1647.0
940.0 1293.5 1647.0
940.0 1293.5 1647.0
940.0 1293.5 1647.0
940.0 1293.5 1647.0
940.0 1293.5 1647.0
940.0 1293.5 1647.0
940.0 1293.5 1647.0
940.0 1293.5 1647.0
940.0 1293.5 1647.0
940.0 1293.5 1647.0
940.0 1293.5 1647.0
940.0 1293.5 1647.0
940.0 1293.5 1647.0
940.0 1293.5 1647.0
940.0 1293.5 1647.0
940.0 1293.5 1647.0
940.0 1293.5 1647.0
940.0 1293.5 1647.0
940.0 1293.5 1647.0
940.0 1293.5 1647.0
940.0 1293.5 1647.0
940.0 1293.5 1647.0
940.0 1293.5 1647.0
940.0 1293.5 1647.0
940.0 1293.5 1647.0
940.0 1293.5 1647.0
940.0 1293.5 1647.0
940.0 1293.5 1647.0
940.0 1293.5 1647.0
940.0 1293.5 1647.0
940.0 1293.5 1647.0
940.0 1293.5 1647.0
940.0 1293.5 1647.0
940.0 1293.5 1647.0
940.0 1293.5 1647.0
940.0 1293.5 1647.0
940.0 1293.5 1647.0
940.0 1101.5 1263.0
940.0 1000.5 1061.0
940.0 1000.5 1061.0
940.0 1000.5 1061.0
940.0 1000.5 1061.0
940.0 1000.5 1061.0
940.0 1000.5 1061.0
940.0 1000.5 1061.0
940.0 1000.5 1061.0
940.0 1000.5 1061.0
940.0 1000.5 1061.0
940.0 1000.5 1061.0
940.0 1000.5 1061.0
940.0 1000.5 1061.0
940.0 1000.5 1061.0
940.0 1000.5 1061.0
940.0 1000.5 1061.0
940.0 1000.5 1061.0
940.0 1000.5 1061.0
940.0 1000.5 1061.0
940.0 1000.5 1061.0
940.0 1000.5 1061.0
940.0 1000.5 1061.0
940.0 1000.5 1061.0
940.0 1000.5 1061.0
940.0 1000.5 1061.0
940.0 1000.5 1061.0
940.0 1000.5 1061.0
940.0 1000.5 1061.0
940.0 1000.5 1061.0
940.0 1000.5 1061.0
940.0 1000.5 1061.0
940.0 1000.5 1061.0
940.0 1000.5 1061.0
940.0 1000.5 1061.0
940.0 1000.5 1061.0
940.0 1000.5 1061.0
940.0 1000.5 1061.0
940.0 1000.5 1061.0
940.0 1000.5 1061.0
940.0 1000.5 1061.0
940.0 1000.5 1061.0
