13367.0 13750.0 14133.0
9888.0 11764.0 13640.0
8330.0 10095.5 11861.0
7566.0 8745.0 9924.0
5897.0 6788.5 7680.0
4910.0 4991.5 5073.0
3871.0 4943.5 6016.0
3871.0 4087.0 4303.0
3838.0 3859.0 3880.0
3276.0 3557.0 3838.0
3228.0 3252.0 3276.0
2848.0 2862.5 2877.0
2848.0 2862.5 2877.0
2848.0 2862.5 2877.0
2316.0 2582.0 2848.0
2432.0 2606.0 2780.0
2121.0 2211.0 2301.0
1778.0 2034.0 2290.0
1521.0 1732.5 1944.0
1521.0 1732.5 1944.0
1521.0 1789.5 2058.0
1521.0 1845.5 2170.0
1521.0 1845.5 2170.0
1521.0 1737.0 1953.0
1521.0 1737.0 1953.0
1521.0 1737.0 1953.0
1521.0 1737.0 1953.0
1521.0 1737.0 1953.0
1521.0 1737.0 1953.0
1521.0 1737.0 1953.0
1521.0 1737.0 1953.0
1521.0 1737.0 1953.0
1521.0 1737.0 1953.0
1521.0 1737.0 1953.0
1521.0 1737.0 1953.0
1521.0 1737.0 1953.0
1521.0 1737.0 1953.0
1521.0 1737.0 1953.0
1521.0 1557.0 1593.0
1521.0 1557.0 1593.0
1521.0 1557.0 1593.0
1521.0 1557.0 1593.0
1521.0 1557.0 1593.0
1521.0 1668.0 1815.0
1521.0 1668.0 1815.0
1521.0 1668.0 1815.0
1521.0 1668.0 1815.0
1521.0 1668.0 1815.0
1521.0 1668.0 1815.0
1521.0 1668.0 1815.0
1521.0 1668.0 1815.0
1521.0 1668.0 1815.0
1521.0 1668.0 1815.0
1521.0 1668.0 1815.0
1521.0 1668.0 1815.0
1521.0 1668.0 1815.0
1521.0 1668.0 1815.0
1521.0 1668.0 1815.0
1521.0 1668.0 1815.0
1521.0 1668.0 1815.0
1521.0 1668.0 1815.0
1521.0 1668.0 1815.0
1521.0 1668.0 1815.0
1521.0 1668.0 1815.0
1521.0 1668.0 1815.0
1521.0 1668.0 1815.0
1521.0 1668.0 1815.0
1521.0 1668.0 1815.0
1521.0 1668.0 1815.0
1521.0 1668.0 1815.0
1521.0 1668.0 1815.0
1521.0 1668.0 1815.0
1521.0 1668.0 1815.0
1521.0 1668.0 1815.0
1521.0 1668.0 1815.0
1521.0 1668.0 1815.0
1521.0 1668.0 1815.0
1521.0 1668.0 1815.0
1521.0 1668.0 1815.0
1521.0 1668.0 1815.0
1521.0 1668.0 1815.0
1521.0 1668.0 1815.0
1521.0 1668.0 1815.0
1521.0 1668.0 1815.0
1521.0 1668.0 1815.0
1521.0 1668.0 1815.0
1521.0 1668.0 1815.0
1521.0 1668.0 1815.0
1521.0 1668.0 1815.0
1521.0 1668.0 1815.0
1521.0 1668.0 1815.0
1521.0 1668.0 1815.0
1521.0 1668.0 1815.0
1521.0 1668.0 1815.0
1521.0 1668.0 1815.0
1521.0 1668.0 1815.0
1521.0 1668.0 1815.0
1521.0 1668.0 1815.0
1521.0 1668.0 1815.0
1521.0 1668.0 1815.0
1521.0 1668.0 1815.0
1521.0 1668.0 1815.0
1521.0 1668.0 1815.0
1521.0 1668.0 1815.0
1521.0 1668.0 1815.0
1521.0 1668.0 1815.0
1521.0 1668.0 1815.0
1521.0 1668.0 1815.0
1521.0 1668.0 1815.0
1521.0 1668.0 1815.0
1521.0 1668.0 1815.0
1521.0 1668.0 1815.0
1521.0 1668.0 1815.0
1521.0 1668.0 1815.0
1521.0 1668.0 1815.0
1521.0 1668.0 1815.0
1521.0 1668.0 1815.0
1521.0 1668.0 1815.0
1521.0 1668.0 1815.0
1521.0 1668.0 1815.0
1521.0 1668.0 1815.0
1521.0 1668.0 1815.0
1521.0 1668.0 1815.0
1521.0 1668.0 1815.0
1521.0 1668.0 1815.0
1521.0 1668.0 1815.0
1521.0 1668.0 1815.0
1521.0 1668.0 1815.0
1521.0 1668.0 1815.0
1521.0 1653.0 1785.0
1239.0 1380.0 1521.0
1239.0 1380.0 1521.0
1025.0 1273.0 1521.0
1025.0 1273.0 1521.0
1025.0 1273.0 1521.0
1025.0 1273.0 1521.0
1025.0 1273.0 1521.0
1025.0 1273.0 1521.0
1025.0 1273.0 1521.0
1025.0 1273.0 1521.0
1025.0 1273.0 1521.0
1025.0 1273.0 1521.0
1025.0 1273.0 1521.0
1025.0 1273.0 1521.0
1025.0 1273.0 1521.0
1025.0 1273.0 1521.0
1025.0 1273.0 1521.0
1025.0 1273.0 1521.0
1025.0 1273.0 1521.0
1025.0 1273.0 1521.0
1025.0 1273.0 1521.0
1025.0 1273.0 1521.0
1025.0 1273.0 1521.0
1025.0 1273.0 1521.0
1025.0 1273.0 1521.0
1025.0 1273.0 1521.0
1025.0 1273.0 1521.0
1025.0 1273.0 1521.0
1025.0 1273.0 1521.0
1025.0 1273.0 1521.0
1025.0 1273.0 1521.0
1025.0 1273.0 1521.0
1025.0 1273.0 1521.0
1025.0 1273.0 1521.0
1025.0 1273.0 1521.0
1025.0 1273.0 1521.0
1025.0 1273.0 1521.0
1025.0 1273.0 1521.0
1025.0 1273.0 1521.0
1025.0 1273.0 1521.0
1025.0 1273.0 1521.0
1025.0 1273.0 1521.0
1025.0 1273.0 1521.0
1025.0 1273.0 1521.0
1025.0 1273.0 1521.0
1025.0 1273.0 1521.0
1025.0 1273.0 1521.0
1025.0 1273.0 1521.0
1025.0 1273.0 1521.0
1025.0 1273.0 1521.0
1025.0 1273.0 1521.0
1025.0 1273.0 1521.0
1025.0 1273.0 1521.0
1025.0 1273.0 1521.0
1025.0 1273.0 1521.0
1025.0 1273.0 1521.0
1025.0 1273.0 1521.0
1025.0 1273.0 1521.0
1025.0 1273.0 1521.0
1025.0 1273.0 1521.0
1025.0 1273.0 1521.0
1025.0 1273.0 1521.0
1025.0 1273.0 1521.0
1025.0 1273.0 1521.0
1025.0 1273.0 1521.0
1025.0 1273.0 1521.0
1025.0 1273.0 1521.0
1025.0 1273.0 1521.0
1025.0 1273.0 1521.0
1025.0 1273.0 1521.0
