10374.0 12284.0 14194.0
7618.0 10124.5 12631.0
5009.0 7432.5 9856.0
5009.0 5851.5 6694.0
3895.0 4734.5 5574.0
2601.0 2962.5 3324.0
2520.0 2614.0 2708.0
2060.0 2268.5 2477.0
1523.0 1865.0 2207.0
1523.0 1865.0 2207.0
1354.0 1438.5 1523.0
1354.0 1438.5 1523.0
1351.0 1437.0 1523.0
1351.0 1437.0 1523.0
1351.0 1437.0 1523.0
1351.0 1437.0 1523.0
1351.0 1437.0 1523.0
1351.0 1437.0 1523.0
1351.0 1437.0 1523.0
1351.0 1437.0 1523.0
1351.0 1437.0 1523.0
1351.0 1437.0 1523.0
1351.0 1437.0 1523.0
1268.0 1395.5 1523.0
1268.0 1395.5 1523.0
1268.0 1395.5 1523.0
1268.0 1395.5 1523.0
1268.0 1395.5 1523.0
1268.0 1395.5 1523.0
1268.0 1395.5 1523.0
1268.0 1395.5 1523.0
1268.0 1395.5 1523.0
1268.0 1395.5 1523.0
1268.0 1395.5 1523.0
1268.0 1395.5 1523.0
1268.0 1395.5 1523.0
1268.0 1395.5 1523.0
1268.0 1395.5 1523.0
1268.0 1395.5 1523.0
1268.0 1395.5 1523.0
1268.0 1395.5 1523.0
1268.0 1395.5 1523.0
1268.0 1395.5 1523.0
1268.0 1395.5 1523.0
1268.0 1395.5 1523.0
1268.0 1395.5 1523.0
1268.0 1395.5 1523.0
1268.0 1395.5 1523.0
1268.0 1395.5 1523.0
1268.0 1395.5 1523.0
1268.0 1395.5 1523.0
1268.0 1395.5 1523.0
1268.0 1395.5 1523.0
1268.0 1395.5 1523.0
1268.0 1395.5 1523.0
1268.0 1395.5 1523.0
1268.0 1395.5 1523.0
1268.0 1395.5 1523.0
1268.0 1395.5 1523.0
1268.0 1395.5 1523.0
1268.0 1395.5 1523.0
1268.0 1395.5 1523.0
1268.0 1395.5 1523.0
1268.0 1395.5 1523.0
1268.0 1395.5 1523.0
1268.0 1395.5 1523.0
1268.0 1395.5 1523.0
1268.0 1395.5 1523.0
1268.0 1395.5 1523.0
1268.0 1395.5 1523.0
1268.0 1395.5 1523.0
1268.0 1395.5 1523.0
1268.0 1395.5 1523.0
1268.0 1395.5 1523.0
1268.0 1395.5 1523.0
1268.0 1395.5 1523.0
1268.0 1395.5 1523.0
1268.0 1395.5 1523.0
1268.0 1395.5 1523.0
1268.0 1395.5 1523.0
1268.0 1395.5 1523.0
1268.0 1395.5 1523.0
1268.0 1395.5 1523.0
1268.0 1395.5 1523.0
1268.0 1395.5 1523.0
1268.0 1395.5 1523.0
1268.0 1403.5 1539.0
1175.0 1221.5 1268.0
1175.0 1221.5 1268.0
1175.0 1221.5 1268.0
1175.0 1221.5 1268.0
1175.0 1221.5 1268.0
1175.0 1221.5 1268.0
1175.0 1221.5 1268.0
1175.0 1221.5 1268.0
1175.0 1221.5 1268.0
1175.0 1221.5 1268.0
1175.0 1221.5 1268.0
1175.0 1221.5 1268.0
1175.0 1221.5 1268.0
1175.0 1221.5 1268.0
1175.0 1221.5 1268.0
1175.0 1221.5 1268.0
1175.0 1221.5 1268.0
1175.0 1221.5 1268.0
1175.0 1221.5 1268.0
1175.0 1221.5 1268.0
1175.0 1221.5 1268.0
1175.0 1221.5 1268.0
1175.0 1221.5 1268.0
1175.0 1221.5 1268.0
1175.0 1221.5 1268.0
1175.0 1221.5 1268.0
1175.0 1221.5 1268.0
1175.0 1221.5 1268.0
1175.0 1221.5 1268.0
1175.0 1221.5 1268.0
1175.0 1221.5 1268.0
1175.0 1221.5 1268.0
1175.0 1221.5 1268.0
1175.0 1221.5 1268.0
1175.0 1221.5 1268.0
1175.0 1221.5 1268.0
1175.0 1221.5 1268.0
1175.0 1221.5 1268.0
1175.0 1221.5 1268.0
1175.0 1221.5 1268.0
1175.0 1221.5 1268.0
1175.0 1221.5 1268.0
1175.0 1221.5 1268.0
1175.0 1221.5 1268.0
1175.0 1221.5 1268.0
1175.0 1221.5 1268.0
1175.0 1221.5 1268.0
1175.0 1221.5 1268.0
1175.0 1221.5 1268.0
1175.0 1221.5 1268.0
1175.0 1221.5 1268.0
1175.0 1221.5 1268.0
1175.0 1221.5 1268.0
1175.0 1221.5 1268.0
1175.0 1221.5 1268.0
1175.0 1221.5 1268.0
1175.0 1221.5 1268.0
1175.0 1221.5 1268.0
1175.0 1221.5 1268.0
1175.0 1221.5 1268.0
1175.0 1221.5 1268.0
1175.0 1221.5 1268.0
1175.0 1221.5 1268.0
1175.0 1221.5 1268.0
1175.0 1221.5 1268.0
1175.0 1221.5 1268.0
1175.0 1221.5 1268.0
1175.0 1221.5 1268.0
1175.0 1221.5 1268.0
1175.0 1221.5 1268.0
1175.0 1221.5 1268.0
1175.0 1221.5 1268.0
1175.0 1221.5 1268.0
1175.0 1221.5 1268.0
1175.0 1221.5 1268.0
1175.0 1221.5 1268.0
1175.0 1221.5 1268.0
1175.0 1221.5 1268.0
1175.0 1221.5 1268.0
1175.0 1221.5 1268.0
1175.0 1221.5 1268.0
1175.0 1221.5 1268.0
1175.0 1221.5 1268.0
1175.0 1221.5 1268.0
1175.0 1221.5 1268.0
1175.0 1221.5 1268.0
1175.0 1221.5 1268.0
1175.0 1221.5 1268.0
1175.0 1221.5 1268.0
1175.0 1221.5 1268.0
1175.0 1221.5 1268.0
1175.0 1221.5 1268.0
1175.0 1221.5 1268.0
1175.0 1221.5 1268.0
1175.0 1221.5 1268.0
1175.0 1221.5 1268.0
1175.0 1221.5 1268.0
1175.0 1221.5 1268.0
1175.0 1221.5 1268.0
1175.0 1221.5 1268.0
1175.0 1221.5 1268.0
1175.0 1221.5 1268.0
1175.0 1221.5 1268.0
1175.0 1221.5 1268.0
1175.0 1221.5 1268.0
1175.0 1221.5 1268.0
1175.0 1221.5 1268.0
1175.0 1221.5 1268.0
1175.0 1221.5 1268.0
1175.0 1221.5 1268.0
1175.0 1221.5 1268.0
1175.0 1221.5 1268.0
1175.0 1221.5 1268.0
