11916.0 12190.0 12464.0
9895.0 11496.5 13098.0
6861.0 7911.5 8962.0
7046.0 7051.0 7056.0
5857.0 5933.0 6009.0
3607.0 3708.0 3809.0
4292.0 4373.5 4455.0
3288.0 3352.0 3416.0
2762.0 3068.0 3374.0
3143.0 3258.5 3374.0
2636.0 2648.5 2661.0
2153.0 2162.0 2171.0
2153.0 2162.0 2171.0
2153.0 2162.0 2171.0
2153.0 2162.0 2171.0
1962.0 2057.5 2153.0
1874.0 2013.5 2153.0
1911.0 2032.0 2153.0
1822.0 1987.5 2153.0
1822.0 1902.0 1982.0
1822.0 1902.0 1982.0
1398.0 1610.0 1822.0
1398.0 1610.0 1822.0
1398.0 1610.0 1822.0
1398.0 1610.0 1822.0
1398.0 1610.0 1822.0
1398.0 1610.0 1822.0
1398.0 1610.0 1822.0
1398.0 1610.0 1822.0
1398.0 1610.0 1822.0
1398.0 1610.0 1822.0
1398.0 1610.0 1822.0
1398.0 1610.0 1822.0
1398.0 1610.0 1822.0
1398.0 1610.0 1822.0
1398.0 1610.0 1822.0
1398.0 1610.0 1822.0
1398.0 1610.0 1822.0
1398.0 1610.0 1822.0
1398.0 1610.0 1822.0
1398.0 1610.0 1822.0
1398.0 1610.0 1822.0
1398.0 1610.0 1822.0
1398.0 1610.0 1822.0
1398.0 1610.0 1822.0
1398.0 1610.0 1822.0
1398.0 1610.0 1822.0
1398.0 1610.0 1822.0
1398.0 1610.0 1822.0
1398.0 1610.0 1822.0
1398.0 1610.0 1822.0
1398.0 1610.0 1822.0
1398.0 1610.0 1822.0
1398.0 1610.0 1822.0
1398.0 1610.0 1822.0
1398.0 1610.0 1822.0
1398.0 1610.0 1822.0
1398.0 1610.0 1822.0
1398.0 1610.0 1822.0
1398.0 1610.0 1822.0
1398.0 1610.0 1822.0
1398.0 1610.0 1822.0
1398.0 1610.0 1822.0
1398.0 1610.0 1822.0
1398.0 1610.0 1822.0
1398.0 1610.0 1822.0
1398.0 1610.0 1822.0
1398.0 1610.0 1822.0
1398.0 1610.0 1822.0
1424.0 1623.0 1822.0
1424.0 1623.0 1822.0
1110.0 1466.0 1822.0
1110.0 1466.0 1822.0
745.0 1283.5 1822.0
745.0 1283.5 1822.0
745.0 1283.5 1822.0
745.0 1283.5 1822.0
745.0 1283.5 1822.0
745.0 1283.5 1822.0
745.0 1283.5 1822.0
745.0 1283.5 1822.0
745.0 1283.5 1822.0
745.0 1283.5 1822.0
745.0 1283.5 1822.0
745.0 1283.5 1822.0
745.0 1283.5 1822.0
745.0 1283.5 1822.0
745.0 1283.5 1822.0
745.0 1283.5 1822.0
745.0 1283.5 1822.0
745.0 1283.5 1822.0
745.0 1283.5 1822.0
745.0 1283.5 1822.0
745.0 1283.5 1822.0
745.0 1283.5 1822.0
745.0 1283.5 1822.0
745.0 1283.5 1822.0
745.0 1283.5 1822.0
745.0 1283.5 1822.0
745.0 1283.5 1822.0
745.0 1283.5 1822.0
745.0 1283.5 1822.0
745.0 1283.5 1822.0
745.0 1283.5 1822.0
745.0 1283.5 1822.0
745.0 1283.5 1822.0
745.0 1283.5 1822.0
745.0 1283.5 1822.0
745.0 1283.5 1822.0
745.0 1283.5 1822.0
745.0 1283.5 1822.0
745.0 1283.5 1822.0
745.0 1283.5 1822.0
745.0 1283.5 1822.0
745.0 1283.5 1822.0
745.0 1283.5 1822.0
745.0 1283.5 1822.0
745.0 1283.5 1822.0
745.0 1283.5 1822.0
745.0 1283.5 1822.0
745.0 1283.5 1822.0
745.0 1283.5 1822.0
745.0 1283.5 1822.0
745.0 1283.5 1822.0
745.0 1283.5 1822.0
745.0 1283.5 1822.0
745.0 1283.5 1822.0
745.0 1283.5 1822.0
745.0 1283.5 1822.0
745.0 1283.5 1822.0
745.0 1283.5 1822.0
745.0 1283.5 1822.0
745.0 1283.5 1822.0
745.0 1283.5 1822.0
745.0 1283.5 1822.0
745.0 1283.5 1822.0
745.0 1283.5 1822.0
745.0 1283.5 1822.0
745.0 1283.5 1822.0
745.0 1283.5 1822.0
745.0 1283.5 1822.0
745.0 1283.5 1822.0
745.0 1283.5 1822.0
745.0 1283.5 1822.0
745.0 1283.5 1822.0
745.0 1283.5 1822.0
745.0 1283.5 1822.0
745.0 1283.5 1822.0
745.0 1283.5 1822.0
745.0 1283.5 1822.0
745.0 1283.5 1822.0
745.0 1283.5 1822.0
745.0 1283.5 1822.0
745.0 1283.5 1822.0
745.0 1283.5 1822.0
745.0 1283.5 1822.0
745.0 1283.5 1822.0
745.0 1283.5 1822.0
745.0 1283.5 1822.0
745.0 1283.5 1822.0
745.0 1283.5 1822.0
745.0 1283.5 1822.0
745.0 1283.5 1822.0
745.0 1283.5 1822.0
745.0 1283.5 1822.0
745.0 1283.5 1822.0
745.0 1283.5 1822.0
745.0 1283.5 1822.0
745.0 1283.5 1822.0
745.0 1283.5 1822.0
745.0 1283.5 1822.0
745.0 1283.5 1822.0
745.0 1283.5 1822.0
745.0 1283.5 1822.0
745.0 1283.5 1822.0
745.0 1283.5 1822.0
745.0 1283.5 1822.0
745.0 1283.5 1822.0
745.0 1283.5 1822.0
745.0 1283.5 1822.0
745.0 1283.5 1822.0
745.0 1283.5 1822.0
745.0 1283.5 1822.0
745.0 1283.5 1822.0
745.0 1283.5 1822.0
745.0 1283.5 1822.0
745.0 1283.5 1822.0
745.0 1283.5 1822.0
745.0 1283.5 1822.0
745.0 1283.5 1822.0
745.0 1283.5 1822.0
745.0 1283.5 1822.0
745.0 1283.5 1822.0
745.0 1283.5 1822.0
745.0 1283.5 1822.0
745.0 1283.5 1822.0
745.0 1283.5 1822.0
745.0 1283.5 1822.0
745.0 1283.5 1822.0
745.0 1283.5 1822.0
