13690.0 14855.0 16020.0
9360.0 10495.5 11631.0
7500.0 8323.5 9147.0
5636.0 6240.0 6844.0
5116.0 5424.5 5733.0
4061.0 4588.5 5116.0
4021.0 4568.5 5116.0
4021.0 4263.0 4505.0
4021.0 4105.0 4189.0
4021.0 4105.0 4189.0
4189.0 4301.0 4413.0
3433.0 3740.0 4047.0
2982.0 3094.0 3206.0
1792.0 2499.0 3206.0
1571.0 2388.5 3206.0
1446.0 2326.0 3206.0
1446.0 2326.0 3206.0
1446.0 2326.0 3206.0
1446.0 2326.0 3206.0
1446.0 2326.0 3206.0
1446.0 1835.5 2225.0
1446.0 1835.5 2225.0
1446.0 1835.5 2225.0
1446.0 1835.5 2225.0
1446.0 1835.5 2225.0
1446.0 1835.5 2225.0
1446.0 1835.5 2225.0
1446.0 1835.5 2225.0
1446.0 1835.5 2225.0
1446.0 1835.5 2225.0
1446.0 1835.5 2225.0
1446.0 1835.5 2225.0
1446.0 1835.5 2225.0
1446.0 1835.5 2225.0
1446.0 1572.5 1699.0
1446.0 1572.5 1699.0
1446.0 1572.5 1699.0
1446.0 1572.5 1699.0
1446.0 1572.5 1699.0
1446.0 1572.5 1699.0
1446.0 1572.5 1699.0
1446.0 1572.5 1699.0
1446.0 1572.5 1699.0
1446.0 1572.5 1699.0
1446.0 1572.5 1699.0
1446.0 1572.5 1699.0
1446.0 1572.5 1699.0
1446.0 1572.5 1699.0
1446.0 1572.5 1699.0
1446.0 1572.5 1699.0
1446.0 1572.5 1699.0
1446.0 1572.5 1699.0
1446.0 1572.5 1699.0
1446.0 1572.5 1699.0
1446.0 1572.5 1699.0
1446.0 1572.5 1699.0
1446.0 1572.5 1699.0
1446.0 1572.5 1699.0
1446.0 1572.5 1699.0
1446.0 1572.5 1699.0
1446.0 1572.5 1699.0
1446.0 1572.5 1699.0
1446.0 1572.5 1699.0
1446.0 1572.5 1699.0
1446.0 1572.5 1699.0
1446.0 1572.5 1699.0
1446.0 1572.5 1699.0
1446.0 1572.5 1699.0
1446.0 1572.5 1699.0
1446.0 1572.5 1699.0
1446.0 1572.5 1699.0
1446.0 1572.5 1699.0
1446.0 1572.5 1699.0
1446.0 1572.5 1699.0
1446.0 1572.5 1699.0
1446.0 1572.5 1699.0
1446.0 1572.5 1699.0
1446.0 1572.5 1699.0
1446.0 1572.5 1699.0
1446.0 1572.5 1699.0
1446.0 1572.5 1699.0
1446.0 1572.5 1699.0
1446.0 1572.5 1699.0
1446.0 1572.5 1699.0
1446.0 1572.5 1699.0
1446.0 1572.5 1699.0
1446.0 1572.5 1699.0
1446.0 1572.5 1699.0
1446.0 1572.5 1699.0
1446.0 1572.5 1699.0
1446.0 1572.5 1699.0
1446.0 1572.5 1699.0
1446.0 1572.5 1699.0
1446.0 1572.5 1699.0
1446.0 1572.5 1699.0
1446.0 1572.5 1699.0
1446.0 1572.5 1699.0
1446.0 1572.5 1699.0
1446.0 1572.5 1699.0
1446.0 1572.5 1699.0
1446.0 1572.5 1699.0
1446.0 1572.5 1699.0
1446.0 1572.5 1699.0
1446.0 1572.5 1699.0
1446.0 1572.5 1699.0
1446.0 1572.5 1699.0
1446.0 1572.5 1699.0
1446.0 1572.5 1699.0
1446.0 1572.5 1699.0
1446.0 1572.5 1699.0
1446.0 1572.5 1699.0
1446.0 1572.5 1699.0
1446.0 1572.5 1699.0
1446.0 1572.5 1699.0
1446.0 1572.5 1699.0
1446.0 1572.5 1699.0
1446.0 1572.5 1699.0
1446.0 1572.5 1699.0
1446.0 1572.5 1699.0
1446.0 1572.5 1699.0
1446.0 1572.5 1699.0
1446.0 1572.5 1699.0
1446.0 1572.5 1699.0
1446.0 1572.5 1699.0
1446.0 1572.5 1699.0
1446.0 1572.5 1699.0
1446.0 1572.5 1699.0
1446.0 1572.5 1699.0
1446.0 1572.5 1699.0
1446.0 1572.5 1699.0
1446.0 1572.5 1699.0
1446.0 1572.5 1699.0
1446.0 1572.5 1699.0
1446.0 1572.5 1699.0
1446.0 1572.5 1699.0
1446.0 1572.5 1699.0
1446.0 1572.5 1699.0
1446.0 1572.5 1699.0
1446.0 1572.5 1699.0
1446.0 1572.5 1699.0
1446.0 1572.5 1699.0
1446.0 1572.5 1699.0
1446.0 1572.5 1699.0
1446.0 1572.5 1699.0
1446.0 1572.5 1699.0
1446.0 1572.5 1699.0
1446.0 1572.5 1699.0
1446.0 1572.5 1699.0
1446.0 1572.5 1699.0
1446.0 1572.5 1699.0
1446.0 1572.5 1699.0
1446.0 1572.5 1699.0
1446.0 1572.5 1699.0
1446.0 1572.5 1699.0
1446.0 1572.5 1699.0
1446.0 1572.5 1699.0
1446.0 1572.5 1699.0
1446.0 1572.5 1699.0
1446.0 1572.5 1699.0
1446.0 1572.5 1699.0
1446.0 1572.5 1699.0
1446.0 1572.5 1699.0
1446.0 1572.5 1699.0
1446.0 1572.5 1699.0
1446.0 1572.5 1699.0
1446.0 1572.5 1699.0
1446.0 1572.5 1699.0
1446.0 1572.5 1699.0
1446.0 1572.5 1699.0
1446.0 1572.5 1699.0
1446.0 1572.5 1699.0
1446.0 1572.5 1699.0
1446.0 1572.5 1699.0
1446.0 1572.5 1699.0
1446.0 1572.5 1699.0
1446.0 1572.5 1699.0
1446.0 1572.5 1699.0
1446.0 1572.5 1699.0
1446.0 1572.5 1699.0
1446.0 1572.5 1699.0
1446.0 1572.5 1699.0
1446.0 1572.5 1699.0
1446.0 1572.5 1699.0
1446.0 1572.5 1699.0
1446.0 1572.5 1699.0
1446.0 1572.5 1699.0
1446.0 1572.5 1699.0
1446.0 1572.5 1699.0
1446.0 1572.5 1699.0
1446.0 1572.5 1699.0
1446.0 1572.5 1699.0
1446.0 1572.5 1699.0
1446.0 1572.5 1699.0
1446.0 1572.5 1699.0
1446.0 1572.5 1699.0
1446.0 1572.5 1699.0
1446.0 1572.5 1699.0
1446.0 1572.5 1699.0
1446.0 1572.5 1699.0
1446.0 1572.5 1699.0
