14536.0 17601.0 20666.0
14536.0 15257.0 15978.0
12049.0 14092.5 16136.0
12307.0 12921.5 13536.0
8613.0 9244.5 9876.0
7317.0 7828.5 8340.0
5040.0 5519.0 5998.0
4975.0 5337.0 5699.0
3709.0 4704.0 5699.0
3709.0 4432.0 5155.0
3462.0 3508.0 3554.0
3135.0 3298.5 3462.0
2384.0 2784.5 3185.0
2384.0 2587.0 2790.0
2118.0 2245.5 2373.0
2118.0 2245.5 2373.0
2118.0 2245.5 2373.0
2118.0 2245.5 2373.0
2118.0 2245.5 2373.0
2118.0 2245.5 2373.0
2118.0 2245.5 2373.0
2118.0 2284.0 2450.0
1749.0 1933.5 2118.0
1749.0 1933.5 2118.0
1749.0 1933.5 2118.0
1749.0 1933.5 2118.0
1749.0 1933.5 2118.0
1749.0 1933.5 2118.0
1749.0 1933.5 2118.0
1749.0 1933.5 2118.0
1749.0 1933.5 2118.0
1749.0 1933.5 2118.0
1749.0 1933.5 2118.0
1749.0 1933.5 2118.0
1749.0 1933.5 2118.0
1749.0 1933.5 2118.0
1749.0 1933.5 2118.0
1749.0 1933.5 2118.0
1749.0 1933.5 2118.0
1749.0 1933.5 2118.0
1749.0 1933.5 2118.0
1749.0 1933.5 2118.0
1749.0 1933.5 2118.0
1749.0 1933.5 2118.0
1749.0 1933.5 2118.0
1749.0 1933.5 2118.0
1749.0 1933.5 2118.0
1749.0 1933.5 2118.0
1749.0 1933.5 2118.0
1749.0 1933.5 2118.0
1749.0 1933.5 2118.0
1749.0 1933.5 2118.0
1749.0 1933.5 2118.0
1749.0 1933.5 2118.0
1749.0 1933.5 2118.0
1749.0 1933.5 2118.0
1749.0 1933.5 2118.0
1749.0 1933.5 2118.0
1749.0 1933.5 2118.0
1749.0 1933.5 2118.0
1749.0 1933.5 2118.0
1749.0 1933.5 2118.0
1749.0 1933.5 2118.0
1749.0 1933.5 2118.0
1749.0 1933.5 2118.0
1749.0 1933.5 2118.0
1749.0 1933.5 2118.0
1749.0 1933.5 2118.0
1749.0 1933.5 2118.0
1749.0 1933.5 2118.0
1749.0 1933.5 2118.0
1749.0 1933.5 2118.0
1749.0 1933.5 2118.0
1749.0 1933.5 2118.0
1749.0 1933.5 2118.0
1749.0 1933.5 2118.0
1749.0 1933.5 2118.0
1749.0 1933.5 2118.0
1749.0 1933.5 2118.0
1749.0 1933.5 2118.0
1749.0 1933.5 2118.0
1749.0 1933.5 2118.0
1749.0 1933.5 2118.0
1749.0 1972.5 2196.0
1749.0 1867.0 1985.0
1749.0 1867.0 1985.0
1749.0 1867.0 1985.0
1749.0 1867.0 1985.0
1749.0 1867.0 1985.0
1749.0 1867.0 1985.0
1864.0 1924.5 1985.0
1864.0 1924.5 1985.0
1864.0 1924.5 1985.0
1864.0 1924.5 1985.0
1864.0 1924.5 1985.0
1864.0 1924.5 1985.0
1864.0 1924.5 1985.0
1864.0 1924.5 1985.0
1864.0 1924.5 1985.0
1864.0 1924.5 1985.0
1864.0 1924.5 1985.0
1864.0 1924.5 1985.0
1864.0 1924.5 1985.0
1864.0 1924.5 1985.0
1864.0 1924.5 1985.0
1864.0 1924.5 1985.0
1864.0 1924.5 1985.0
1864.0 1924.5 1985.0
1864.0 1924.5 1985.0
1864.0 1924.5 1985.0
1864.0 1924.5 1985.0
1864.0 1924.5 1985.0
1864.0 1924.5 1985.0
1864.0 1924.5 1985.0
1864.0 1924.5 1985.0
1864.0 1924.5 1985.0
1864.0 1924.5 1985.0
1864.0 1924.5 1985.0
1864.0 1924.5 1985.0
1864.0 1924.5 1985.0
1864.0 1924.5 1985.0
1864.0 1924.5 1985.0
1864.0 1924.5 1985.0
1864.0 1924.5 1985.0
1864.0 1924.5 1985.0
1864.0 1924.5 1985.0
1864.0 1924.5 1985.0
1864.0 1924.5 1985.0
1864.0 1924.5 1985.0
1864.0 1924.5 1985.0
1864.0 1924.5 1985.0
1864.0 1924.5 1985.0
1864.0 1924.5 1985.0
1864.0 1924.5 1985.0
1864.0 1924.5 1985.0
1864.0 1924.5 1985.0
1864.0 1924.5 1985.0
1864.0 1924.5 1985.0
1864.0 1942.5 2021.0
1864.0 1942.5 2021.0
1864.0 1942.5 2021.0
1864.0 1942.5 2021.0
1864.0 1942.5 2021.0
1864.0 1942.5 2021.0
1864.0 1942.5 2021.0
1864.0 1942.5 2021.0
1864.0 1942.5 2021.0
1864.0 1942.5 2021.0
1864.0 1942.5 2021.0
1864.0 1942.5 2021.0
1864.0 1942.5 2021.0
1864.0 1942.5 2021.0
1864.0 1942.5 2021.0
1864.0 1942.5 2021.0
1864.0 1942.5 2021.0
1864.0 1942.5 2021.0
1864.0 1942.5 2021.0
1864.0 1942.5 2021.0
1864.0 1942.5 2021.0
1864.0 1942.5 2021.0
1864.0 1942.5 2021.0
1864.0 1942.5 2021.0
1864.0 1942.5 2021.0
1864.0 1942.5 2021.0
1864.0 1942.5 2021.0
1864.0 1942.5 2021.0
1864.0 1942.5 2021.0
1864.0 1942.5 2021.0
1864.0 1942.5 2021.0
1864.0 1942.5 2021.0
1864.0 1942.5 2021.0
1864.0 1942.5 2021.0
1864.0 1942.5 2021.0
1864.0 1942.5 2021.0
1864.0 1942.5 2021.0
1864.0 1942.5 2021.0
1864.0 1942.5 2021.0
1975.0 1998.0 2021.0
1975.0 1998.0 2021.0
1975.0 1998.0 2021.0
1975.0 1998.0 2021.0
1975.0 1998.0 2021.0
1975.0 1998.0 2021.0
1975.0 1998.0 2021.0
1975.0 1998.0 2021.0
1975.0 1998.0 2021.0
1975.0 1998.0 2021.0
1975.0 1998.0 2021.0
1975.0 1998.0 2021.0
1975.0 1998.0 2021.0
1975.0 1998.0 2021.0
1975.0 1998.0 2021.0
1975.0 1998.0 2021.0
1975.0 1998.0 2021.0
1975.0 1998.0 2021.0
1975.0 1998.0 2021.0
1975.0 1998.0 2021.0
1975.0 1998.0 2021.0
1975.0 1998.0 2021.0
1975.0 1998.0 2021.0
