14423.0 14425.0 14427.0
8943.0 10051.5 11160.0
9273.0 9465.0 9657.0
4603.0 5831.0 7059.0
4603.0 5078.0 5553.0
4829.0 5041.0 5253.0
2635.0 3264.5 3894.0
2489.0 2876.5 3264.0
1945.0 2284.5 2624.0
1775.0 2239.0 2703.0
1389.0 1768.5 2148.0
1522.0 1835.0 2148.0
1522.0 1835.0 2148.0
1522.0 1835.0 2148.0
1522.0 1835.0 2148.0
1522.0 1835.0 2148.0
1522.0 1835.0 2148.0
1522.0 1835.0 2148.0
1522.0 1835.0 2148.0
1391.0 1456.5 1522.0
1391.0 1456.5 1522.0
1447.0 1484.5 1522.0
1447.0 1484.5 1522.0
913.0 1217.5 1522.0
913.0 1217.5 1522.0
913.0 1217.5 1522.0
913.0 1217.5 1522.0
913.0 1217.5 1522.0
913.0 1217.5 1522.0
913.0 1217.5 1522.0
913.0 1217.5 1522.0
913.0 1217.5 1522.0
913.0 1217.5 1522.0
913.0 1217.5 1522.0
913.0 1217.5 1522.0
913.0 1217.5 1522.0
913.0 1217.5 1522.0
913.0 1217.5 1522.0
913.0 1217.5 1522.0
913.0 1217.5 1522.0
913.0 1217.5 1522.0
913.0 1217.5 1522.0
913.0 1217.5 1522.0
913.0 1217.5 1522.0
913.0 1217.5 1522.0
913.0 1217.5 1522.0
913.0 1217.5 1522.0
913.0 1217.5 1522.0
913.0 1217.5 1522.0
913.0 1217.5 1522.0
913.0 1217.5 1522.0
913.0 1217.5 1522.0
913.0 1217.5 1522.0
913.0 1217.5 1522.0
913.0 1217.5 1522.0
913.0 1217.5 1522.0
913.0 1217.5 1522.0
913.0 1217.5 1522.0
913.0 1217.5 1522.0
913.0 1217.5 1522.0
913.0 1217.5 1522.0
913.0 1217.5 1522.0
913.0 1217.5 1522.0
913.0 1217.5 1522.0
913.0 1217.5 1522.0
913.0 1217.5 1522.0
913.0 1217.5 1522.0
913.0 1217.5 1522.0
913.0 1217.5 1522.0
913.0 1217.5 1522.0
913.0 1217.5 1522.0
913.0 1217.5 1522.0
913.0 1217.5 1522.0
913.0 1217.5 1522.0
913.0 1217.5 1522.0
913.0 1217.5 1522.0
913.0 1217.5 1522.0
913.0 1217.5 1522.0
913.0 1217.5 1522.0
913.0 1217.5 1522.0
913.0 1217.5 1522.0
913.0 1217.5 1522.0
913.0 1217.5 1522.0
913.0 1217.5 1522.0
913.0 1217.5 1522.0
913.0 1217.5 1522.0
913.0 1217.5 1522.0
913.0 1217.5 1522.0
913.0 1217.5 1522.0
913.0 1217.5 1522.0
913.0 1217.5 1522.0
913.0 1217.5 1522.0
913.0 1217.5 1522.0
913.0 1217.5 1522.0
913.0 1217.5 1522.0
913.0 1217.5 1522.0
913.0 1217.5 1522.0
913.0 1217.5 1522.0
913.0 1217.5 1522.0
913.0 1217.5 1522.0
913.0 1217.5 1522.0
913.0 1217.5 1522.0
913.0 1217.5 1522.0
913.0 1217.5 1522.0
913.0 1217.5 1522.0
913.0 1217.5 1522.0
913.0 1217.5 1522.0
913.0 1217.5 1522.0
913.0 1217.5 1522.0
913.0 1217.5 1522.0
913.0 1012.5 1112.0
913.0 1012.5 1112.0
913.0 1012.5 1112.0
913.0 1012.5 1112.0
913.0 1012.5 1112.0
913.0 1012.5 1112.0
913.0 1012.5 1112.0
913.0 1012.5 1112.0
913.0 1012.5 1112.0
913.0 1012.5 1112.0
913.0 1012.5 1112.0
913.0 1012.5 1112.0
913.0 1012.5 1112.0
913.0 1012.5 1112.0
913.0 1012.5 1112.0
913.0 1012.5 1112.0
913.0 1012.5 1112.0
913.0 1012.5 1112.0
913.0 1012.5 1112.0
913.0 1012.5 1112.0
913.0 1012.5 1112.0
913.0 1012.5 1112.0
913.0 1012.5 1112.0
913.0 1012.5 1112.0
913.0 1012.5 1112.0
913.0 1012.5 1112.0
913.0 1012.5 1112.0
913.0 1012.5 1112.0
913.0 1012.5 1112.0
913.0 1012.5 1112.0
913.0 1012.5 1112.0
913.0 1012.5 1112.0
913.0 1012.5 1112.0
913.0 1012.5 1112.0
913.0 1012.5 1112.0
913.0 1012.5 1112.0
913.0 1012.5 1112.0
913.0 1012.5 1112.0
913.0 1012.5 1112.0
913.0 1012.5 1112.0
913.0 1012.5 1112.0
913.0 1012.5 1112.0
913.0 1012.5 1112.0
913.0 1012.5 1112.0
913.0 1012.5 1112.0
913.0 1012.5 1112.0
913.0 1012.5 1112.0
913.0 1012.5 1112.0
913.0 1012.5 1112.0
913.0 1012.5 1112.0
913.0 1012.5 1112.0
913.0 1012.5 1112.0
913.0 1012.5 1112.0
913.0 1012.5 1112.0
913.0 1012.5 1112.0
913.0 1012.5 1112.0
913.0 1012.5 1112.0
913.0 1012.5 1112.0
913.0 1012.5 1112.0
913.0 1012.5 1112.0
913.0 1012.5 1112.0
913.0 1012.5 1112.0
913.0 1012.5 1112.0
913.0 1012.5 1112.0
913.0 1012.5 1112.0
913.0 1012.5 1112.0
913.0 1012.5 1112.0
913.0 1012.5 1112.0
913.0 1012.5 1112.0
913.0 1012.5 1112.0
913.0 1012.5 1112.0
913.0 1012.5 1112.0
913.0 1012.5 1112.0
913.0 1012.5 1112.0
913.0 1012.5 1112.0
913.0 1012.5 1112.0
913.0 1012.5 1112.0
913.0 1012.5 1112.0
913.0 1012.5 1112.0
913.0 1012.5 1112.0
913.0 1012.5 1112.0
913.0 1012.5 1112.0
913.0 1012.5 1112.0
913.0 1012.5 1112.0
913.0 1012.5 1112.0
913.0 1012.5 1112.0
913.0 1012.5 1112.0
913.0 1012.5 1112.0
913.0 1012.5 1112.0
913.0 1012.5 1112.0
