13506.0 14288.0 15070.0
10484.0 11915.5 13347.0
7546.0 9166.5 10787.0
7579.0 7631.5 7684.0
5391.0 5996.5 6602.0
3338.0 4382.5 5427.0
3338.0 4529.5 5721.0
3338.0 3770.0 4202.0
3338.0 3770.0 4202.0
3338.0 3770.0 4202.0
3307.0 3754.5 4202.0
2576.0 2941.5 3307.0
2576.0 2941.5 3307.0
2550.0 2563.0 2576.0
2550.0 2563.0 2576.0
2550.0 2563.0 2576.0
2550.0 2563.0 2576.0
2550.0 2563.0 2576.0
2550.0 2563.0 2576.0
2550.0 2563.0 2576.0
2550.0 2563.0 2576.0
2550.0 2563.0 2576.0
2446.0 2498.0 2550.0
2446.0 2498.0 2550.0
2446.0 2498.0 2550.0
2446.0 2498.0 2550.0
2446.0 2498.0 2550.0
2092.0 2321.0 2550.0
2092.0 2321.0 2550.0
2092.0 2321.0 2550.0
2092.0 2266.5 2441.0
2092.0 2094.5 2097.0
2092.0 2094.5 2097.0
2092.0 2094.5 2097.0
2092.0 2094.5 2097.0
2092.0 2094.5 2097.0
2092.0 2094.5 2097.0
2092.0 2094.5 2097.0
2092.0 2094.5 2097.0
1341.0 1719.0 2097.0
1340.0 1761.5 2183.0
1340.0 1618.0 1896.0
1340.0 1618.0 1896.0
1340.0 1618.0 1896.0
1340.0 1618.0 1896.0
1340.0 1618.0 1896.0
1340.0 1618.0 1896.0
1340.0 1618.0 1896.0
1340.0 1618.0 1896.0
1340.0 1618.0 1896.0
1340.0 1618.0 1896.0
1340.0 1618.0 1896.0
1340.0 1618.0 1896.0
1340.0 1618.0 1896.0
1340.0 1618.0 1896.0
1340.0 1618.0 1896.0
1340.0 1618.0 1896.0
1340.0 1618.0 1896.0
1340.0 1618.0 1896.0
1340.0 1618.0 1896.0
1340.0 1618.0 1896.0
1340.0 1618.0 1896.0
1340.0 1618.0 1896.0
1340.0 1618.0 1896.0
1340.0 1618.0 1896.0
1340.0 1618.0 1896.0
1340.0 1618.0 1896.0
1340.0 1579.5 1819.0
1340.0 1579.5 1819.0
1340.0 1579.5 1819.0
1340.0 1579.5 1819.0
1340.0 1579.5 1819.0
1340.0 1579.5 1819.0
1340.0 1579.5 1819.0
1340.0 1579.5 1819.0
1340.0 1579.5 1819.0
1340.0 1579.5 1819.0
1340.0 1502.0 1664.0
1340.0 1392.0 1444.0
1340.0 1392.0 1444.0
1340.0 1392.0 1444.0
1340.0 1392.0 1444.0
1340.0 1392.0 1444.0
1340.0 1392.0 1444.0
1340.0 1392.0 1444.0
1340.0 1392.0 1444.0
1340.0 1392.0 1444.0
1340.0 1392.0 1444.0
1340.0 1392.0 1444.0
1340.0 1392.0 1444.0
1340.0 1392.0 1444.0
1340.0 1392.0 1444.0
1340.0 1392.0 1444.0
1340.0 1392.0 1444.0
1340.0 1392.0 1444.0
1340.0 1392.0 1444.0
1340.0 1392.0 1444.0
1340.0 1392.0 1444.0
1340.0 1392.0 1444.0
1340.0 1392.0 1444.0
1340.0 1392.0 1444.0
1340.0 1392.0 1444.0
1340.0 1392.0 1444.0
1340.0 1392.0 1444.0
1340.0 1392.0 1444.0
1340.0 1392.0 1444.0
1340.0 1392.0 1444.0
1340.0 1392.0 1444.0
1340.0 1392.0 1444.0
1340.0 1392.0 1444.0
1340.0 1392.0 1444.0
1340.0 1392.0 1444.0
1340.0 1392.0 1444.0
1340.0 1392.0 1444.0
1340.0 1392.0 1444.0
1340.0 1392.0 1444.0
1340.0 1392.0 1444.0
1340.0 1392.0 1444.0
1340.0 1392.0 1444.0
1340.0 1392.0 1444.0
1340.0 1392.0 1444.0
1340.0 1392.0 1444.0
1340.0 1392.0 1444.0
1340.0 1392.0 1444.0
1340.0 1392.0 1444.0
1107.0 1223.5 1340.0
1107.0 1223.5 1340.0
1107.0 1223.5 1340.0
1107.0 1223.5 1340.0
1107.0 1223.5 1340.0
1107.0 1223.5 1340.0
1107.0 1223.5 1340.0
1107.0 1223.5 1340.0
1107.0 1223.5 1340.0
1107.0 1223.5 1340.0
1107.0 1223.5 1340.0
1107.0 1223.5 1340.0
1107.0 1223.5 1340.0
1107.0 1223.5 1340.0
1107.0 1223.5 1340.0
1107.0 1223.5 1340.0
1107.0 1223.5 1340.0
1107.0 1223.5 1340.0
1107.0 1223.5 1340.0
1107.0 1223.5 1340.0
1107.0 1223.5 1340.0
1107.0 1223.5 1340.0
1107.0 1223.5 1340.0
1107.0 1223.5 1340.0
1107.0 1223.5 1340.0
1107.0 1223.5 1340.0
1107.0 1223.5 1340.0
1107.0 1223.5 1340.0
1107.0 1223.5 1340.0
1107.0 1223.5 1340.0
1107.0 1223.5 1340.0
1107.0 1223.5 1340.0
1107.0 1223.5 1340.0
1107.0 1223.5 1340.0
1107.0 1223.5 1340.0
1107.0 1223.5 1340.0
1107.0 1223.5 1340.0
1107.0 1223.5 1340.0
1107.0 1223.5 1340.0
1107.0 1223.5 1340.0
1107.0 1223.5 1340.0
1107.0 1223.5 1340.0
1107.0 1223.5 1340.0
1107.0 1223.5 1340.0
1107.0 1223.5 1340.0
1107.0 1223.5 1340.0
1107.0 1223.5 1340.0
1107.0 1223.5 1340.0
1107.0 1223.5 1340.0
1107.0 1223.5 1340.0
1107.0 1223.5 1340.0
1107.0 1223.5 1340.0
1107.0 1223.5 1340.0
1107.0 1223.5 1340.0
1107.0 1223.5 1340.0
1107.0 1223.5 1340.0
1107.0 1223.5 1340.0
1107.0 1223.5 1340.0
1107.0 1223.5 1340.0
1107.0 1223.5 1340.0
1107.0 1223.5 1340.0
1107.0 1223.5 1340.0
1107.0 1223.5 1340.0
1107.0 1223.5 1340.0
1107.0 1223.5 1340.0
1107.0 1223.5 1340.0
1107.0 1223.5 1340.0
1107.0 1223.5 1340.0
1107.0 1223.5 1340.0
1107.0 1223.5 1340.0
1107.0 1223.5 1340.0
1107.0 1223.5 1340.0
1107.0 1223.5 1340.0
1107.0 1223.5 1340.0
1107.0 1223.5 1340.0
