10673.0 11404.5 12136.0
9099.0 10266.5 11434.0
8448.0 9327.5 10207.0
6674.0 6931.0 7188.0
5066.0 5439.5 5813.0
4676.0 5078.5 5481.0
4016.0 4371.5 4727.0
4016.0 4371.5 4727.0
3371.0 3693.5 4016.0
3105.0 3398.5 3692.0
2672.0 3005.0 3338.0
2672.0 3005.0 3338.0
2847.0 3092.5 3338.0
2449.0 2648.0 2847.0
2172.0 2509.5 2847.0
2031.0 2439.0 2847.0
1549.0 2198.0 2847.0
1549.0 2100.5 2652.0
1549.0 1966.0 2383.0
1549.0 1966.0 2383.0
1549.0 1966.0 2383.0
1549.0 1966.0 2383.0
1549.0 1966.0 2383.0
1549.0 1966.0 2383.0
1549.0 1966.0 2383.0
1549.0 1966.0 2383.0
1549.0 1966.0 2383.0
1549.0 1966.0 2383.0
1549.0 1966.0 2383.0
1549.0 1966.0 2383.0
1549.0 1966.0 2383.0
1549.0 1966.0 2383.0
1549.0 1966.0 2383.0
1549.0 1966.0 2383.0
1549.0 1966.0 2383.0
1549.0 1966.0 2383.0
1549.0 1966.0 2383.0
1549.0 1966.0 2383.0
1549.0 1782.5 2016.0
1549.0 1782.5 2016.0
1549.0 1782.5 2016.0
1549.0 1782.5 2016.0
1549.0 1782.5 2016.0
1549.0 1782.5 2016.0
1549.0 1782.5 2016.0
1549.0 1782.5 2016.0
1549.0 1782.5 2016.0
1549.0 1782.5 2016.0
1549.0 1782.5 2016.0
1549.0 1782.5 2016.0
1549.0 1782.5 2016.0
1549.0 1782.5 2016.0
1549.0 1782.5 2016.0
1549.0 1782.5 2016.0
1549.0 1782.5 2016.0
1549.0 1782.5 2016.0
1549.0 1782.5 2016.0
1549.0 1782.5 2016.0
1549.0 1782.5 2016.0
1549.0 1782.5 2016.0
1549.0 1782.5 2016.0
1549.0 1782.5 2016.0
1549.0 1782.5 2016.0
1549.0 1782.5 2016.0
1549.0 1782.5 2016.0
1549.0 1782.5 2016.0
1549.0 1782.5 2016.0
1549.0 1782.5 2016.0
1549.0 1782.5 2016.0
1549.0 1782.5 2016.0
1549.0 1782.5 2016.0
1549.0 1782.5 2016.0
1549.0 1782.5 2016.0
1549.0 1782.5 2016.0
1549.0 1782.5 2016.0
1549.0 1782.5 2016.0
1549.0 1782.5 2016.0
1549.0 1782.5 2016.0
1549.0 1866.5 2184.0
1549.0 1764.0 1979.0
1549.0 1764.0 1979.0
1549.0 1764.0 1979.0
1549.0 1764.0 1979.0
1549.0 1764.0 1979.0
1549.0 1764.0 1979.0
1549.0 1764.0 1979.0
1549.0 1764.0 1979.0
1549.0 1764.0 1979.0
1549.0 1764.0 1979.0
1549.0 1764.0 1979.0
1549.0 1764.0 1979.0
1549.0 1764.0 1979.0
1549.0 1764.0 1979.0
1549.0 1764.0 1979.0
1547.0 1548.0 1549.0
1547.0 1548.0 1549.0
1547.0 1548.0 1549.0
1547.0 1548.0 1549.0
1547.0 1548.0 1549.0
1547.0 1548.0 1549.0
1547.0 1548.0 1549.0
1547.0 1548.0 1549.0
1547.0 1548.0 1549.0
1547.0 1548.0 1549.0
1547.0 1548.0 1549.0
1547.0 1548.0 1549.0
1547.0 1548.0 1549.0
1547.0 1548.0 1549.0
1547.0 1548.0 1549.0
1547.0 1548.0 1549.0
1547.0 1548.0 1549.0
1547.0 1548.0 1549.0
1547.0 1548.0 1549.0
1547.0 1548.0 1549.0
1547.0 1548.0 1549.0
1547.0 1548.0 1549.0
1547.0 1548.0 1549.0
1547.0 1548.0 1549.0
1547.0 1548.0 1549.0
1547.0 1548.0 1549.0
1547.0 1548.0 1549.0
1547.0 1548.0 1549.0
1547.0 1548.0 1549.0
1547.0 1548.0 1549.0
1547.0 1548.0 1549.0
1547.0 1548.0 1549.0
1547.0 1548.0 1549.0
1547.0 1548.0 1549.0
1547.0 1548.0 1549.0
1547.0 1548.0 1549.0
1547.0 1548.0 1549.0
1547.0 1548.0 1549.0
1547.0 1548.0 1549.0
1547.0 1548.0 1549.0
1547.0 1548.0 1549.0
1547.0 1548.0 1549.0
1547.0 1548.0 1549.0
1547.0 1548.0 1549.0
1547.0 1548.0 1549.0
1547.0 1554.0 1561.0
1547.0 1554.0 1561.0
1547.0 1554.0 1561.0
1363.0 1455.0 1547.0
1363.0 1455.0 1547.0
1363.0 1455.0 1547.0
1363.0 1455.0 1547.0
1363.0 1455.0 1547.0
1363.0 1455.0 1547.0
1363.0 1455.0 1547.0
1363.0 1455.0 1547.0
1363.0 1455.0 1547.0
1363.0 1455.0 1547.0
1363.0 1455.0 1547.0
1363.0 1455.0 1547.0
1363.0 1455.0 1547.0
1363.0 1455.0 1547.0
1363.0 1455.0 1547.0
1363.0 1455.0 1547.0
1363.0 1455.0 1547.0
1363.0 1455.0 1547.0
1363.0 1455.0 1547.0
1363.0 1455.0 1547.0
1363.0 1455.0 1547.0
1363.0 1455.0 1547.0
1363.0 1455.0 1547.0
1363.0 1455.0 1547.0
1363.0 1455.0 1547.0
1363.0 1455.0 1547.0
1363.0 1455.0 1547.0
1363.0 1455.0 1547.0
1363.0 1455.0 1547.0
1363.0 1455.0 1547.0
1363.0 1455.0 1547.0
1363.0 1455.0 1547.0
1363.0 1455.0 1547.0
1363.0 1455.0 1547.0
1363.0 1455.0 1547.0
1363.0 1455.0 1547.0
1363.0 1455.0 1547.0
1363.0 1455.0 1547.0
1363.0 1455.0 1547.0
1363.0 1455.0 1547.0
1363.0 1455.0 1547.0
1363.0 1455.0 1547.0
1363.0 1455.0 1547.0
1363.0 1455.0 1547.0
1363.0 1455.0 1547.0
1363.0 1455.0 1547.0
1363.0 1455.0 1547.0
1363.0 1455.0 1547.0
1363.0 1455.0 1547.0
1363.0 1455.0 1547.0
1363.0 1455.0 1547.0
1363.0 1455.0 1547.0
1363.0 1455.0 1547.0
1363.0 1455.0 1547.0
1363.0 1455.0 1547.0
1363.0 1455.0 1547.0
1363.0 1455.0 1547.0
1363.0 1455.0 1547.0
