13571.0 15195.0 16819.0
12719.0 13297.5 13876.0
8442.0 9368.0 10294.0
5564.0 5863.5 6163.0
6163.0 6404.5 6646.0
5960.0 6185.0 6410.0
4327.0 4581.0 4835.0
4327.0 4573.5 4820.0
1899.0 3476.5 5054.0
1899.0 3476.5 5054.0
1899.0 3183.0 4467.0
1899.0 2315.0 2731.0
1899.0 2315.0 2731.0
1899.0 2315.0 2731.0
1899.0 2315.0 2731.0
1899.0 2315.0 2731.0
1899.0 2315.0 2731.0
1899.0 2315.0 2731.0
1899.0 2315.0 2731.0
1899.0 2090.5 2282.0
1899.0 2090.5 2282.0
1899.0 2090.5 2282.0
1899.0 2090.5 2282.0
1899.0 2090.5 2282.0
1899.0 2090.5 2282.0
1899.0 2090.5 2282.0
1899.0 2090.5 2282.0
1899.0 2090.5 2282.0
1899.0 2090.5 2282.0
1899.0 2090.5 2282.0
1899.0 2090.5 2282.0
1899.0 2208.5 2518.0
1524.0 1711.5 1899.0
1524.0 1711.5 1899.0
1524.0 1711.5 1899.0
1524.0 1711.5 1899.0
1524.0 1711.5 1899.0
1524.0 1711.5 1899.0
1524.0 1711.5 1899.0
1524.0 1711.5 1899.0
1524.0 1711.5 1899.0
1524.0 1711.5 1899.0
1524.0 1711.5 1899.0
1524.0 1711.5 1899.0
1524.0 1711.5 1899.0
1524.0 1711.5 1899.0
1524.0 1711.5 1899.0
1524.0 1711.5 1899.0
1524.0 1711.5 1899.0
1524.0 1711.5 1899.0
1524.0 1711.5 1899.0
1524.0 1711.5 1899.0
1524.0 1711.5 1899.0
1524.0 1711.5 1899.0
1524.0 1711.5 1899.0
1524.0 1711.5 1899.0
1524.0 1711.5 1899.0
1524.0 1711.5 1899.0
1524.0 1711.5 1899.0
1524.0 1711.5 1899.0
1524.0 1711.5 1899.0
1524.0 1711.5 1899.0
1524.0 1711.5 1899.0
1524.0 1711.5 1899.0
1524.0 1711.5 1899.0
1524.0 1711.5 1899.0
1524.0 1711.5 1899.0
1524.0 1711.5 1899.0
1524.0 1711.5 1899.0
1524.0 1711.5 1899.0
1524.0 1711.5 1899.0
1524.0 1711.5 1899.0
1524.0 1711.5 1899.0
1524.0 1711.5 1899.0
1524.0 1711.5 1899.0
1524.0 1711.5 1899.0
1524.0 1711.5 1899.0
1524.0 1711.5 1899.0
1524.0 1711.5 1899.0
1524.0 1711.5 1899.0
1524.0 1711.5 1899.0
1524.0 1711.5 1899.0
1524.0 1711.5 1899.0
1524.0 1711.5 1899.0
1524.0 1711.5 1899.0
1524.0 1711.5 1899.0
1524.0 1711.5 1899.0
1524.0 1711.5 1899.0
1524.0 1711.5 1899.0
1524.0 1711.5 1899.0
1524.0 1711.5 1899.0
1524.0 1711.5 1899.0
1524.0 1711.5 1899.0
1524.0 1711.5 1899.0
1524.0 1711.5 1899.0
1524.0 1711.5 1899.0
1524.0 1711.5 1899.0
1524.0 1711.5 1899.0
1524.0 1711.5 1899.0
1524.0 1711.5 1899.0
1524.0 1711.5 1899.0
1524.0 1711.5 1899.0
1524.0 1711.5 1899.0
1524.0 1711.5 1899.0
1524.0 1711.5 1899.0
1524.0 1711.5 1899.0
1524.0 1711.5 1899.0
1524.0 1711.5 1899.0
1524.0 1711.5 1899.0
1524.0 1711.5 1899.0
1524.0 1711.5 1899.0
1524.0 1711.5 1899.0
1524.0 1711.5 1899.0
1524.0 1711.5 1899.0
1524.0 1711.5 1899.0
1524.0 1711.5 1899.0
1524.0 1711.5 1899.0
1524.0 1711.5 1899.0
1524.0 1711.5 1899.0
1524.0 1711.5 1899.0
1524.0 1711.5 1899.0
1524.0 1711.5 1899.0
1524.0 1711.5 1899.0
1524.0 1705.5 1887.0
1524.0 1705.5 1887.0
1524.0 1705.5 1887.0
1524.0 1705.5 1887.0
1524.0 1705.5 1887.0
1524.0 1705.5 1887.0
1524.0 1705.5 1887.0
1524.0 1705.5 1887.0
1524.0 1705.5 1887.0
1524.0 1705.5 1887.0
1524.0 1705.5 1887.0
1524.0 1705.5 1887.0
1524.0 1705.5 1887.0
1524.0 1705.5 1887.0
1290.0 1407.0 1524.0
1290.0 1407.0 1524.0
1290.0 1407.0 1524.0
1290.0 1407.0 1524.0
1290.0 1407.0 1524.0
1290.0 1407.0 1524.0
1290.0 1407.0 1524.0
1290.0 1407.0 1524.0
1290.0 1407.0 1524.0
1290.0 1407.0 1524.0
1290.0 1407.0 1524.0
1290.0 1407.0 1524.0
1290.0 1407.0 1524.0
1290.0 1407.0 1524.0
1290.0 1407.0 1524.0
1290.0 1407.0 1524.0
1290.0 1407.0 1524.0
1290.0 1407.0 1524.0
1290.0 1407.0 1524.0
1290.0 1407.0 1524.0
1290.0 1407.0 1524.0
1290.0 1407.0 1524.0
1290.0 1407.0 1524.0
1290.0 1407.0 1524.0
1290.0 1407.0 1524.0
1290.0 1407.0 1524.0
1290.0 1407.0 1524.0
1290.0 1407.0 1524.0
1290.0 1407.0 1524.0
1290.0 1407.0 1524.0
1290.0 1407.0 1524.0
1290.0 1407.0 1524.0
1290.0 1407.0 1524.0
1290.0 1407.0 1524.0
1290.0 1407.0 1524.0
1290.0 1407.0 1524.0
1290.0 1407.0 1524.0
1290.0 1407.0 1524.0
1290.0 1407.0 1524.0
1290.0 1407.0 1524.0
1290.0 1407.0 1524.0
1290.0 1407.0 1524.0
1290.0 1407.0 1524.0
1290.0 1407.0 1524.0
1290.0 1407.0 1524.0
1290.0 1407.0 1524.0
1290.0 1407.0 1524.0
1290.0 1407.0 1524.0
1290.0 1407.0 1524.0
1290.0 1407.0 1524.0
1290.0 1407.0 1524.0
1290.0 1407.0 1524.0
1290.0 1407.0 1524.0
1290.0 1407.0 1524.0
1290.0 1407.0 1524.0
1290.0 1407.0 1524.0
1290.0 1407.0 1524.0
1290.0 1407.0 1524.0
1290.0 1407.0 1524.0
1290.0 1407.0 1524.0
1290.0 1407.0 1524.0
1290.0 1407.0 1524.0
1290.0 1407.0 1524.0
