9211.0 10810.0 12409.0
8867.0 9665.0 10463.0
7119.0 7339.0 7559.0
5044.0 5152.5 5261.0
4106.0 4281.0 4456.0
2455.0 3332.0 4209.0
2365.0 2539.0 2713.0
2054.0 2209.5 2365.0
1974.0 2098.0 2222.0
1534.0 1754.0 1974.0
1658.0 1816.0 1974.0
1184.0 1475.0 1766.0
1200.0 1483.0 1766.0
1200.0 1279.5 1359.0
1200.0 1279.5 1359.0
1200.0 1279.5 1359.0
1065.0 1132.5 1200.0
1065.0 1132.5 1200.0
867.0 1033.5 1200.0
867.0 1033.5 1200.0
867.0 1033.5 1200.0
867.0 1033.5 1200.0
867.0 1033.5 1200.0
867.0 1033.5 1200.0
867.0 1033.5 1200.0
867.0 1033.5 1200.0
867.0 1033.5 1200.0
867.0 1033.5 1200.0
867.0 1033.5 1200.0
867.0 1033.5 1200.0
867.0 1033.5 1200.0
867.0 1033.5 1200.0
867.0 1033.5 1200.0
867.0 1033.5 1200.0
867.0 1033.5 1200.0
867.0 1033.5 1200.0
867.0 1033.5 1200.0
867.0 1033.5 1200.0
867.0 1033.5 1200.0
867.0 1033.5 1200.0
867.0 1033.5 1200.0
867.0 1033.5 1200.0
867.0 1033.5 1200.0
867.0 1033.5 1200.0
867.0 1033.5 1200.0
867.0 1033.5 1200.0
867.0 1033.5 1200.0
867.0 1033.5 1200.0
867.0 1033.5 1200.0
867.0 1033.5 1200.0
867.0 1033.5 1200.0
867.0 1033.5 1200.0
867.0 1033.5 1200.0
867.0 1033.5 1200.0
867.0 1033.5 1200.0
867.0 1033.5 1200.0
867.0 1033.5 1200.0
867.0 1033.5 1200.0
867.0 1033.5 1200.0
867.0 1033.5 1200.0
867.0 1033.5 1200.0
867.0 1033.5 1200.0
867.0 1033.5 1200.0
867.0 1033.5 1200.0
867.0 1033.5 1200.0
867.0 1033.5 1200.0
867.0 1033.5 1200.0
867.0 1033.5 1200.0
867.0 1033.5 1200.0
867.0 1033.5 1200.0
867.0 1033.5 1200.0
867.0 1033.5 1200.0
867.0 1033.5 1200.0
867.0 1033.5 1200.0
867.0 1033.5 1200.0
867.0 1033.5 1200.0
867.0 1033.5 1200.0
867.0 1033.5 1200.0
867.0 1033.5 1200.0
867.0 1033.5 1200.0
867.0 1033.5 1200.0
867.0 1033.5 1200.0
867.0 1033.5 1200.0
867.0 1033.5 1200.0
867.0 1033.5 1200.0
867.0 1033.5 1200.0
867.0 1033.5 1200.0
867.0 1033.5 1200.0
867.0 1033.5 1200.0
867.0 1033.5 1200.0
867.0 1033.5 1200.0
867.0 1033.5 1200.0
867.0 1033.5 1200.0
867.0 1033.5 1200.0
867.0 1033.5 1200.0
867.0 1033.5 1200.0
867.0 1033.5 1200.0
867.0 1033.5 1200.0
867.0 1033.5 1200.0
867.0 1033.5 1200.0
867.0 1033.5 1200.0
867.0 1033.5 1200.0
867.0 1033.5 1200.0
867.0 1033.5 1200.0
867.0 1033.5 1200.0
867.0 1033.5 1200.0
867.0 1033.5 1200.0
867.0 1033.5 1200.0
867.0 1033.5 1200.0
867.0 1033.5 1200.0
867.0 1033.5 1200.0
867.0 1033.5 1200.0
867.0 1033.5 1200.0
867.0 1033.5 1200.0
867.0 1033.5 1200.0
867.0 1033.5 1200.0
867.0 1033.5 1200.0
867.0 1033.5 1200.0
867.0 1033.5 1200.0
867.0 1033.5 1200.0
867.0 1033.5 1200.0
867.0 1033.5 1200.0
867.0 1033.5 1200.0
867.0 1033.5 1200.0
867.0 1033.5 1200.0
867.0 1033.5 1200.0
867.0 1033.5 1200.0
867.0 1033.5 1200.0
867.0 1033.5 1200.0
867.0 1033.5 1200.0
867.0 1033.5 1200.0
867.0 1033.5 1200.0
867.0 1033.5 1200.0
867.0 1033.5 1200.0
867.0 1033.5 1200.0
867.0 1033.5 1200.0
867.0 1033.5 1200.0
867.0 1033.5 1200.0
867.0 1033.5 1200.0
867.0 1033.5 1200.0
867.0 1033.5 1200.0
867.0 1033.5 1200.0
867.0 1033.5 1200.0
867.0 1033.5 1200.0
867.0 1033.5 1200.0
867.0 1033.5 1200.0
867.0 1033.5 1200.0
867.0 1033.5 1200.0
867.0 1033.5 1200.0
867.0 1033.5 1200.0
867.0 1033.5 1200.0
867.0 1033.5 1200.0
867.0 1033.5 1200.0
867.0 1033.5 1200.0
867.0 1033.5 1200.0
867.0 1033.5 1200.0
867.0 1033.5 1200.0
867.0 1033.5 1200.0
867.0 1033.5 1200.0
867.0 1033.5 1200.0
867.0 1033.5 1200.0
867.0 1033.5 1200.0
867.0 1033.5 1200.0
867.0 1033.5 1200.0
867.0 1033.5 1200.0
867.0 1033.5 1200.0
867.0 1033.5 1200.0
867.0 1033.5 1200.0
867.0 1033.5 1200.0
867.0 1033.5 1200.0
867.0 1033.5 1200.0
867.0 1033.5 1200.0
867.0 1033.5 1200.0
867.0 1033.5 1200.0
867.0 1033.5 1200.0
867.0 1033.5 1200.0
867.0 1033.5 1200.0
867.0 1033.5 1200.0
867.0 1033.5 1200.0
867.0 1033.5 1200.0
867.0 1033.5 1200.0
867.0 1033.5 1200.0
867.0 1033.5 1200.0
867.0 1033.5 1200.0
867.0 1033.5 1200.0
867.0 1033.5 1200.0
867.0 1033.5 1200.0
867.0 1033.5 1200.0
867.0 1033.5 1200.0
867.0 1033.5 1200.0
867.0 1033.5 1200.0
867.0 1033.5 1200.0
867.0 1033.5 1200.0
867.0 1033.5 1200.0
867.0 1033.5 1200.0
867.0 1033.5 1200.0
867.0 1033.5 1200.0
867.0 1033.5 1200.0
867.0 1033.5 1200.0
867.0 1033.5 1200.0
