11306.0 12933.0 14560.0
10581.0 11344.5 12108.0
7994.0 8317.0 8640.0
5679.0 6945.5 8212.0
5092.0 5209.5 5327.0
3723.0 4598.0 5473.0
3569.0 3646.0 3723.0
2573.0 3310.0 4047.0
2573.0 2752.0 2931.0
2012.0 2437.0 2862.0
1559.0 1702.5 1846.0
1559.0 1702.5 1846.0
1559.0 1638.5 1718.0
1628.0 1673.0 1718.0
1511.0 1569.5 1628.0
1511.0 1569.5 1628.0
1511.0 1569.5 1628.0
1511.0 1569.5 1628.0
1511.0 1569.5 1628.0
1511.0 1569.5 1628.0
1511.0 1569.5 1628.0
1511.0 1569.5 1628.0
1511.0 1569.5 1628.0
1511.0 1569.5 1628.0
1511.0 1569.5 1628.0
1511.0 1569.5 1628.0
1511.0 1569.5 1628.0
1511.0 1569.5 1628.0
1511.0 1569.5 1628.0
1511.0 1569.5 1628.0
1511.0 1569.5 1628.0
1511.0 1569.5 1628.0
1511.0 1569.5 1628.0
1511.0 1569.5 1628.0
1511.0 1569.5 1628.0
1511.0 1569.5 1628.0
1511.0 1569.5 1628.0
1511.0 1569.5 1628.0
1511.0 1569.5 1628.0
1511.0 1569.5 1628.0
1511.0 1569.5 1628.0
1511.0 1569.5 1628.0
1511.0 1569.5 1628.0
1511.0 1569.5 1628.0
1511.0 1569.5 1628.0
1511.0 1569.5 1628.0
1511.0 1569.5 1628.0
1511.0 1569.5 1628.0
1511.0 1569.5 1628.0
1511.0 1569.5 1628.0
1511.0 1569.5 1628.0
1511.0 1569.5 1628.0
1511.0 1569.5 1628.0
1511.0 1569.5 1628.0
1511.0 1569.5 1628.0
1511.0 1569.5 1628.0
1511.0 1569.5 1628.0
1511.0 1569.5 1628.0
1511.0 1569.5 1628.0
1511.0 1569.5 1628.0
1511.0 1569.5 1628.0
1511.0 1569.5 1628.0
1511.0 1569.5 1628.0
1511.0 1569.5 1628.0
1511.0 1569.5 1628.0
1511.0 1569.5 1628.0
1511.0 1569.5 1628.0
1511.0 1569.5 1628.0
1511.0 1569.5 1628.0
1511.0 1569.5 1628.0
1511.0 1569.5 1628.0
1511.0 1569.5 1628.0
1511.0 1569.5 1628.0
1511.0 1569.5 1628.0
1511.0 1569.5 1628.0
1511.0 1569.5 1628.0
1511.0 1569.5 1628.0
1511.0 1569.5 1628.0
1511.0 1569.5 1628.0
1511.0 1569.5 1628.0
1511.0 1518.5 1526.0
1296.0 1403.5 1511.0
1296.0 1403.5 1511.0
1296.0 1403.5 1511.0
1296.0 1403.5 1511.0
1296.0 1403.5 1511.0
1296.0 1403.5 1511.0
1296.0 1403.5 1511.0
1296.0 1403.5 1511.0
1296.0 1403.5 1511.0
1296.0 1403.5 1511.0
1296.0 1403.5 1511.0
1296.0 1403.5 1511.0
1296.0 1403.5 1511.0
1296.0 1403.5 1511.0
1296.0 1403.5 1511.0
1296.0 1403.5 1511.0
1296.0 1403.5 1511.0
1296.0 1403.5 1511.0
1296.0 1403.5 1511.0
1296.0 1403.5 1511.0
1296.0 1403.5 1511.0
1296.0 1403.5 1511.0
1296.0 1403.5 1511.0
1296.0 1403.5 1511.0
1296.0 1403.5 1511.0
1296.0 1403.5 1511.0
1296.0 1403.5 1511.0
1296.0 1403.5 1511.0
1296.0 1403.5 1511.0
1296.0 1403.5 1511.0
1296.0 1403.5 1511.0
1296.0 1403.5 1511.0
1296.0 1403.5 1511.0
1296.0 1403.5 1511.0
1296.0 1403.5 1511.0
1296.0 1403.5 1511.0
1296.0 1403.5 1511.0
1296.0 1403.5 1511.0
1296.0 1403.5 1511.0
1296.0 1403.5 1511.0
1296.0 1403.5 1511.0
1296.0 1403.5 1511.0
1296.0 1403.5 1511.0
1296.0 1403.5 1511.0
1296.0 1403.5 1511.0
1296.0 1403.5 1511.0
1296.0 1403.5 1511.0
1296.0 1403.5 1511.0
1296.0 1403.5 1511.0
1296.0 1403.5 1511.0
1296.0 1403.5 1511.0
1296.0 1403.5 1511.0
1296.0 1403.5 1511.0
1296.0 1403.5 1511.0
1296.0 1403.5 1511.0
1296.0 1403.5 1511.0
1296.0 1403.5 1511.0
1296.0 1403.5 1511.0
1296.0 1403.5 1511.0
1296.0 1403.5 1511.0
1296.0 1403.5 1511.0
1296.0 1403.5 1511.0
1296.0 1403.5 1511.0
1296.0 1403.5 1511.0
1296.0 1403.5 1511.0
1296.0 1403.5 1511.0
1296.0 1403.5 1511.0
1296.0 1403.5 1511.0
1296.0 1403.5 1511.0
1296.0 1403.5 1511.0
1296.0 1403.5 1511.0
1296.0 1403.5 1511.0
1296.0 1403.5 1511.0
1296.0 1403.5 1511.0
1296.0 1403.5 1511.0
1296.0 1403.5 1511.0
1296.0 1403.5 1511.0
1296.0 1403.5 1511.0
1296.0 1403.5 1511.0
1296.0 1403.5 1511.0
1296.0 1403.5 1511.0
1296.0 1403.5 1511.0
1296.0 1403.5 1511.0
1296.0 1403.5 1511.0
1296.0 1403.5 1511.0
1296.0 1403.5 1511.0
1296.0 1322.0 1348.0
1203.0 1249.5 1296.0
1203.0 1249.5 1296.0
1296.0 1308.0 1320.0
1296.0 1308.0 1320.0
1296.0 1308.0 1320.0
1296.0 1308.0 1320.0
1296.0 1308.0 1320.0
1296.0 1308.0 1320.0
1296.0 1308.0 1320.0
1296.0 1308.0 1320.0
1296.0 1308.0 1320.0
1296.0 1308.0 1320.0
1296.0 1308.0 1320.0
1296.0 1308.0 1320.0
1296.0 1308.0 1320.0
1296.0 1308.0 1320.0
1296.0 1308.0 1320.0
1296.0 1308.0 1320.0
1296.0 1308.0 1320.0
1296.0 1308.0 1320.0
1296.0 1308.0 1320.0
1296.0 1308.0 1320.0
1296.0 1308.0 1320.0
1296.0 1308.0 1320.0
1296.0 1308.0 1320.0
1296.0 1308.0 1320.0
1296.0 1308.0 1320.0
1296.0 1308.0 1320.0
1296.0 1308.0 1320.0
1296.0 1308.0 1320.0
1296.0 1308.0 1320.0
1296.0 1308.0 1320.0
