10976.0 11608.0 12240.0
8294.0 9552.0 10810.0
7204.0 7456.5 7709.0
4771.0 4981.5 5192.0
4123.0 4372.0 4621.0
2904.0 3417.0 3930.0
1703.0 2303.5 2904.0
1703.0 1898.0 2093.0
2093.0 2116.5 2140.0
1743.0 1941.5 2140.0
1743.0 1941.5 2140.0
1743.0 1941.5 2140.0
1743.0 1941.5 2140.0
1743.0 1941.5 2140.0
1743.0 1941.5 2140.0
1743.0 1941.5 2140.0
1387.0 1565.0 1743.0
1363.0 1432.5 1502.0
1363.0 1488.5 1614.0
1188.0 1275.5 1363.0
1188.0 1275.5 1363.0
1188.0 1275.5 1363.0
1188.0 1275.5 1363.0
1188.0 1275.5 1363.0
1188.0 1275.5 1363.0
1188.0 1275.5 1363.0
1188.0 1275.5 1363.0
1188.0 1275.5 1363.0
1188.0 1275.5 1363.0
1188.0 1275.5 1363.0
1188.0 1275.5 1363.0
1188.0 1275.5 1363.0
1188.0 1275.5 1363.0
1188.0 1275.5 1363.0
1188.0 1275.5 1363.0
1188.0 1275.5 1363.0
1188.0 1275.5 1363.0
1188.0 1275.5 1363.0
1188.0 1275.5 1363.0
1188.0 1275.5 1363.0
1188.0 1275.5 1363.0
1188.0 1275.5 1363.0
1188.0 1275.5 1363.0
1188.0 1275.5 1363.0
1188.0 1397.0 1606.0
1188.0 1294.0 1400.0
1188.0 1203.0 1218.0
1188.0 1203.0 1218.0
1188.0 1203.0 1218.0
1188.0 1203.0 1218.0
1188.0 1203.0 1218.0
1188.0 1203.0 1218.0
1188.0 1203.0 1218.0
1188.0 1203.0 1218.0
1188.0 1203.0 1218.0
1188.0 1203.0 1218.0
1188.0 1203.0 1218.0
1188.0 1203.0 1218.0
1188.0 1203.0 1218.0
1188.0 1203.0 1218.0
1188.0 1203.0 1218.0
1188.0 1203.0 1218.0
1188.0 1203.0 1218.0
1188.0 1203.0 1218.0
1188.0 1203.0 1218.0
1188.0 1203.0 1218.0
1188.0 1203.0 1218.0
1188.0 1203.0 1218.0
1188.0 1203.0 1218.0
1188.0 1203.0 1218.0
1188.0 1203.0 1218.0
1188.0 1203.0 1218.0
1188.0 1203.0 1218.0
1188.0 1203.0 1218.0
1188.0 1203.0 1218.0
1188.0 1203.0 1218.0
1188.0 1203.0 1218.0
1188.0 1203.0 1218.0
1188.0 1203.0 1218.0
1188.0 1203.0 1218.0
1188.0 1203.0 1218.0
1188.0 1203.0 1218.0
1188.0 1203.0 1218.0
1188.0 1203.0 1218.0
1188.0 1203.0 1218.0
1188.0 1203.0 1218.0
1188.0 1203.0 1218.0
1188.0 1203.0 1218.0
1188.0 1203.0 1218.0
1188.0 1203.0 1218.0
1188.0 1203.0 1218.0
1188.0 1203.0 1218.0
1188.0 1203.0 1218.0
1188.0 1203.0 1218.0
1188.0 1203.0 1218.0
1188.0 1203.0 1218.0
1188.0 1203.0 1218.0
1188.0 1203.0 1218.0
1188.0 1203.0 1218.0
1188.0 1203.0 1218.0
1188.0 1203.0 1218.0
1188.0 1203.0 1218.0
1188.0 1203.0 1218.0
1188.0 1203.0 1218.0
1188.0 1203.0 1218.0
1188.0 1203.0 1218.0
1188.0 1203.0 1218.0
1188.0 1203.0 1218.0
1188.0 1203.0 1218.0
1188.0 1203.0 1218.0
1188.0 1203.0 1218.0
1188.0 1203.0 1218.0
1188.0 1203.0 1218.0
1188.0 1203.0 1218.0
1188.0 1203.0 1218.0
1188.0 1203.0 1218.0
1188.0 1203.0 1218.0
1188.0 1203.0 1218.0
1188.0 1203.0 1218.0
1188.0 1203.0 1218.0
1188.0 1203.0 1218.0
1188.0 1203.0 1218.0
1188.0 1203.0 1218.0
1188.0 1203.0 1218.0
1188.0 1203.0 1218.0
1188.0 1203.0 1218.0
1188.0 1203.0 1218.0
1188.0 1203.0 1218.0
1188.0 1203.0 1218.0
1188.0 1203.0 1218.0
1188.0 1203.0 1218.0
1188.0 1203.0 1218.0
1188.0 1203.0 1218.0
1188.0 1203.0 1218.0
1188.0 1203.0 1218.0
1188.0 1203.0 1218.0
1188.0 1203.0 1218.0
1188.0 1203.0 1218.0
1188.0 1203.0 1218.0
1188.0 1203.0 1218.0
1188.0 1203.0 1218.0
1188.0 1203.0 1218.0
1188.0 1203.0 1218.0
1188.0 1203.0 1218.0
1188.0 1203.0 1218.0
1188.0 1203.0 1218.0
1188.0 1203.0 1218.0
1188.0 1203.0 1218.0
1188.0 1203.0 1218.0
1188.0 1203.0 1218.0
1188.0 1203.0 1218.0
1188.0 1203.0 1218.0
1188.0 1203.0 1218.0
1188.0 1203.0 1218.0
1188.0 1203.0 1218.0
1188.0 1203.0 1218.0
1188.0 1203.0 1218.0
1188.0 1203.0 1218.0
1188.0 1203.0 1218.0
1188.0 1203.0 1218.0
1188.0 1203.0 1218.0
1188.0 1203.0 1218.0
1188.0 1203.0 1218.0
1188.0 1203.0 1218.0
1188.0 1203.0 1218.0
1188.0 1203.0 1218.0
1188.0 1203.0 1218.0
1188.0 1203.0 1218.0
1188.0 1203.0 1218.0
1188.0 1203.0 1218.0
1188.0 1203.0 1218.0
1188.0 1203.0 1218.0
1188.0 1203.0 1218.0
1188.0 1203.0 1218.0
1188.0 1203.0 1218.0
1188.0 1203.0 1218.0
1188.0 1203.0 1218.0
1031.0 1109.5 1188.0
1031.0 1109.5 1188.0
744.0 966.0 1188.0
744.0 966.0 1188.0
744.0 966.0 1188.0
744.0 966.0 1188.0
744.0 966.0 1188.0
744.0 966.0 1188.0
744.0 966.0 1188.0
744.0 966.0 1188.0
744.0 966.0 1188.0
744.0 966.0 1188.0
744.0 966.0 1188.0
744.0 966.0 1188.0
744.0 966.0 1188.0
744.0 966.0 1188.0
744.0 966.0 1188.0
744.0 966.0 1188.0
744.0 966.0 1188.0
744.0 966.0 1188.0
744.0 966.0 1188.0
744.0 966.0 1188.0
744.0 966.0 1188.0
