9961.0 10656.5 11352.0
8916.0 10118.0 11320.0
5779.0 7822.5 9866.0
5870.0 6504.0 7138.0
5184.0 5527.0 5870.0
4597.0 4629.0 4661.0
3725.0 3780.0 3835.0
3456.0 3605.0 3754.0
2640.0 2947.5 3255.0
2462.0 2750.5 3039.0
2019.0 2240.5 2462.0
2019.0 2068.5 2118.0
2019.0 2068.5 2118.0
2019.0 2068.5 2118.0
2019.0 2068.5 2118.0
2019.0 2068.5 2118.0
2019.0 2068.5 2118.0
2019.0 2068.5 2118.0
2019.0 2068.5 2118.0
2019.0 2068.5 2118.0
2019.0 2068.5 2118.0
1932.0 2025.0 2118.0
1932.0 2025.0 2118.0
1666.0 1799.0 1932.0
1666.0 1799.0 1932.0
1703.0 1817.5 1932.0
1703.0 1817.5 1932.0
1703.0 1817.5 1932.0
1703.0 1817.5 1932.0
1703.0 1817.5 1932.0
1703.0 1817.5 1932.0
1703.0 1817.5 1932.0
1703.0 1817.5 1932.0
1703.0 1817.5 1932.0
1703.0 1817.5 1932.0
1703.0 1817.5 1932.0
1703.0 1817.5 1932.0
1703.0 1817.5 1932.0
1703.0 1817.5 1932.0
1703.0 1817.5 1932.0
1703.0 1817.5 1932.0
1703.0 1817.5 1932.0
1703.0 1817.5 1932.0
1703.0 1817.5 1932.0
1703.0 1817.5 1932.0
1703.0 1817.5 1932.0
1703.0 1817.5 1932.0
1703.0 1817.5 1932.0
1703.0 1817.5 1932.0
1703.0 1817.5 1932.0
1703.0 1817.5 1932.0
1703.0 1817.5 1932.0
1703.0 1817.5 1932.0
1703.0 1817.5 1932.0
1703.0 1817.5 1932.0
1703.0 1817.5 1932.0
1703.0 1817.5 1932.0
1703.0 1817.5 1932.0
1703.0 1817.5 1932.0
1703.0 1817.5 1932.0
1703.0 1817.5 1932.0
1703.0 1817.5 1932.0
1703.0 1817.5 1932.0
1703.0 1817.5 1932.0
1703.0 1817.5 1932.0
1703.0 1817.5 1932.0
1703.0 1817.5 1932.0
1703.0 1817.5 1932.0
1703.0 1817.5 1932.0
1703.0 1817.5 1932.0
1703.0 1817.5 1932.0
1703.0 1817.5 1932.0
1703.0 1817.5 1932.0
1703.0 1817.5 1932.0
1703.0 1817.5 1932.0
1703.0 1817.5 1932.0
1703.0 1817.5 1932.0
1703.0 1817.5 1932.0
1703.0 1817.5 1932.0
1703.0 1817.5 1932.0
1703.0 1817.5 1932.0
1703.0 1817.5 1932.0
1703.0 1817.5 1932.0
1703.0 1817.5 1932.0
1703.0 1817.5 1932.0
1703.0 1817.5 1932.0
1703.0 1817.5 1932.0
1703.0 1817.5 1932.0
1703.0 1817.5 1932.0
1703.0 1817.5 1932.0
1703.0 1817.5 1932.0
1703.0 1817.5 1932.0
1703.0 1817.5 1932.0
1703.0 1817.5 1932.0
1623.0 1777.5 1932.0
1623.0 1777.5 1932.0
1651.0 1791.5 1932.0
1651.0 1791.5 1932.0
1651.0 1791.5 1932.0
1651.0 1791.5 1932.0
1651.0 1791.5 1932.0
1651.0 1791.5 1932.0
1651.0 1791.5 1932.0
1651.0 1791.5 1932.0
1651.0 1791.5 1932.0
1651.0 1791.5 1932.0
1651.0 1791.5 1932.0
1651.0 1791.5 1932.0
1651.0 1791.5 1932.0
1651.0 1791.5 1932.0
1651.0 1791.5 1932.0
1651.0 1791.5 1932.0
1260.0 1596.0 1932.0
1260.0 1596.0 1932.0
1260.0 1425.0 1590.0
1260.0 1336.5 1413.0
1260.0 1336.5 1413.0
1260.0 1336.5 1413.0
1260.0 1336.5 1413.0
1260.0 1336.5 1413.0
1260.0 1336.5 1413.0
1260.0 1336.5 1413.0
1260.0 1336.5 1413.0
1260.0 1336.5 1413.0
1260.0 1336.5 1413.0
1260.0 1336.5 1413.0
1260.0 1336.5 1413.0
1260.0 1336.5 1413.0
1260.0 1336.5 1413.0
1260.0 1336.5 1413.0
1260.0 1336.5 1413.0
1260.0 1336.5 1413.0
1260.0 1336.5 1413.0
1260.0 1336.5 1413.0
1260.0 1336.5 1413.0
1260.0 1336.5 1413.0
1260.0 1336.5 1413.0
1260.0 1336.5 1413.0
1260.0 1336.5 1413.0
1260.0 1336.5 1413.0
1260.0 1336.5 1413.0
1260.0 1336.5 1413.0
1260.0 1336.5 1413.0
1260.0 1336.5 1413.0
1260.0 1336.5 1413.0
1260.0 1336.5 1413.0
1260.0 1336.5 1413.0
1260.0 1336.5 1413.0
1260.0 1336.5 1413.0
1260.0 1336.5 1413.0
1260.0 1336.5 1413.0
1260.0 1336.5 1413.0
1260.0 1336.5 1413.0
1260.0 1336.5 1413.0
1260.0 1336.5 1413.0
1260.0 1336.5 1413.0
1260.0 1336.5 1413.0
1260.0 1336.5 1413.0
1260.0 1336.5 1413.0
1260.0 1336.5 1413.0
1260.0 1336.5 1413.0
1260.0 1336.5 1413.0
1260.0 1336.5 1413.0
1260.0 1336.5 1413.0
1260.0 1336.5 1413.0
1260.0 1336.5 1413.0
1260.0 1336.5 1413.0
1260.0 1336.5 1413.0
1260.0 1336.5 1413.0
1260.0 1336.5 1413.0
1260.0 1336.5 1413.0
1260.0 1336.5 1413.0
1260.0 1336.5 1413.0
1260.0 1336.5 1413.0
1260.0 1336.5 1413.0
1260.0 1336.5 1413.0
1260.0 1336.5 1413.0
1260.0 1336.5 1413.0
1260.0 1336.5 1413.0
1260.0 1336.5 1413.0
1260.0 1336.5 1413.0
1260.0 1336.5 1413.0
1260.0 1336.5 1413.0
1260.0 1336.5 1413.0
1260.0 1336.5 1413.0
1260.0 1336.5 1413.0
1260.0 1336.5 1413.0
1260.0 1336.5 1413.0
1260.0 1336.5 1413.0
1260.0 1336.5 1413.0
1260.0 1336.5 1413.0
1260.0 1336.5 1413.0
1260.0 1336.5 1413.0
1260.0 1336.5 1413.0
1260.0 1336.5 1413.0
1260.0 1336.5 1413.0
1260.0 1336.5 1413.0
1260.0 1336.5 1413.0
1260.0 1336.5 1413.0
1260.0 1336.5 1413.0
