11865.0 12675.5 13486.0
6702.0 8507.0 10312.0
7206.0 7431.0 7656.0
7333.0 7567.5 7802.0
3916.0 4590.0 5264.0
3347.0 4113.0 4879.0
2446.0 2552.0 2658.0
2446.0 2552.0 2658.0
1978.0 2102.0 2226.0
1978.0 2102.0 2226.0
1397.0 1848.0 2299.0
1397.0 1552.0 1707.0
1137.0 1309.5 1482.0
1137.0 1309.5 1482.0
1137.0 1309.5 1482.0
1137.0 1309.5 1482.0
1137.0 1309.5 1482.0
1137.0 1309.5 1482.0
1137.0 1309.5 1482.0
1137.0 1309.5 1482.0
1137.0 1309.5 1482.0
1137.0 1309.5 1482.0
1137.0 1309.5 1482.0
1137.0 1309.5 1482.0
1137.0 1309.5 1482.0
1137.0 1309.5 1482.0
1137.0 1309.5 1482.0
1137.0 1309.5 1482.0
1137.0 1309.5 1482.0
1137.0 1309.5 1482.0
1137.0 1309.5 1482.0
1137.0 1309.5 1482.0
1137.0 1309.5 1482.0
1137.0 1309.5 1482.0
1137.0 1309.5 1482.0
1137.0 1309.5 1482.0
1137.0 1309.5 1482.0
1137.0 1309.5 1482.0
1137.0 1309.5 1482.0
1137.0 1309.5 1482.0
1137.0 1309.5 1482.0
1137.0 1309.5 1482.0
1137.0 1309.5 1482.0
1137.0 1309.5 1482.0
1137.0 1309.5 1482.0
1115.0 1298.5 1482.0
1115.0 1298.5 1482.0
1115.0 1298.5 1482.0
1207.0 1344.5 1482.0
1207.0 1344.5 1482.0
1207.0 1344.5 1482.0
1207.0 1344.5 1482.0
1207.0 1344.5 1482.0
1207.0 1344.5 1482.0
1207.0 1344.5 1482.0
1207.0 1344.5 1482.0
1207.0 1344.5 1482.0
1207.0 1344.5 1482.0
1207.0 1344.5 1482.0
1207.0 1344.5 1482.0
1207.0 1344.5 1482.0
1207.0 1344.5 1482.0
1207.0 1344.5 1482.0
1207.0 1344.5 1482.0
1207.0 1344.5 1482.0
1207.0 1344.5 1482.0
1207.0 1344.5 1482.0
1207.0 1344.5 1482.0
1207.0 1344.5 1482.0
1207.0 1344.5 1482.0
1207.0 1344.5 1482.0
1207.0 1344.5 1482.0
1207.0 1344.5 1482.0
1207.0 1344.5 1482.0
1207.0 1344.5 1482.0
1207.0 1344.5 1482.0
1207.0 1344.5 1482.0
1207.0 1344.5 1482.0
1207.0 1344.5 1482.0
1207.0 1344.5 1482.0
1207.0 1344.5 1482.0
1207.0 1344.5 1482.0
1207.0 1344.5 1482.0
1207.0 1344.5 1482.0
1207.0 1344.5 1482.0
1207.0 1344.5 1482.0
1207.0 1344.5 1482.0
1207.0 1344.5 1482.0
1207.0 1344.5 1482.0
1207.0 1344.5 1482.0
1207.0 1344.5 1482.0
1207.0 1344.5 1482.0
1207.0 1344.5 1482.0
1207.0 1344.5 1482.0
1207.0 1344.5 1482.0
1207.0 1344.5 1482.0
1207.0 1344.5 1482.0
1207.0 1344.5 1482.0
1207.0 1344.5 1482.0
1207.0 1344.5 1482.0
1207.0 1344.5 1482.0
1207.0 1344.5 1482.0
1207.0 1344.5 1482.0
1207.0 1344.5 1482.0
1207.0 1344.5 1482.0
1207.0 1344.5 1482.0
1207.0 1344.5 1482.0
1207.0 1344.5 1482.0
1207.0 1344.5 1482.0
1207.0 1344.5 1482.0
1207.0 1344.5 1482.0
1207.0 1344.5 1482.0
1207.0 1344.5 1482.0
1207.0 1344.5 1482.0
1207.0 1344.5 1482.0
1207.0 1280.5 1354.0
1050.0 1128.5 1207.0
1050.0 1128.5 1207.0
1050.0 1128.5 1207.0
1050.0 1128.5 1207.0
1050.0 1128.5 1207.0
1050.0 1128.5 1207.0
1050.0 1128.5 1207.0
1050.0 1128.5 1207.0
1050.0 1128.5 1207.0
1050.0 1128.5 1207.0
1050.0 1128.5 1207.0
1050.0 1128.5 1207.0
1050.0 1128.5 1207.0
1050.0 1128.5 1207.0
1050.0 1128.5 1207.0
1050.0 1128.5 1207.0
1050.0 1128.5 1207.0
1050.0 1128.5 1207.0
1050.0 1128.5 1207.0
1050.0 1128.5 1207.0
1050.0 1128.5 1207.0
1050.0 1128.5 1207.0
1050.0 1128.5 1207.0
1050.0 1128.5 1207.0
1050.0 1128.5 1207.0
1050.0 1128.5 1207.0
1050.0 1128.5 1207.0
1050.0 1128.5 1207.0
1050.0 1128.5 1207.0
1050.0 1128.5 1207.0
1050.0 1128.5 1207.0
1050.0 1128.5 1207.0
1050.0 1128.5 1207.0
1050.0 1128.5 1207.0
1050.0 1128.5 1207.0
1050.0 1128.5 1207.0
1050.0 1128.5 1207.0
1050.0 1128.5 1207.0
1050.0 1128.5 1207.0
1050.0 1128.5 1207.0
1050.0 1128.5 1207.0
1050.0 1128.5 1207.0
1050.0 1128.5 1207.0
1050.0 1128.5 1207.0
1050.0 1128.5 1207.0
1050.0 1128.5 1207.0
1050.0 1128.5 1207.0
1050.0 1128.5 1207.0
1050.0 1128.5 1207.0
1050.0 1128.5 1207.0
1050.0 1128.5 1207.0
1050.0 1128.5 1207.0
1050.0 1128.5 1207.0
1050.0 1128.5 1207.0
1050.0 1128.5 1207.0
1050.0 1128.5 1207.0
1050.0 1128.5 1207.0
1050.0 1128.5 1207.0
1050.0 1128.5 1207.0
1050.0 1128.5 1207.0
1050.0 1128.5 1207.0
1050.0 1128.5 1207.0
1050.0 1128.5 1207.0
1050.0 1128.5 1207.0
1050.0 1128.5 1207.0
1050.0 1128.5 1207.0
1050.0 1128.5 1207.0
1050.0 1128.5 1207.0
1050.0 1128.5 1207.0
1050.0 1128.5 1207.0
1050.0 1128.5 1207.0
1050.0 1128.5 1207.0
1050.0 1128.5 1207.0
1050.0 1128.5 1207.0
1050.0 1128.5 1207.0
1050.0 1128.5 1207.0
1050.0 1128.5 1207.0
1050.0 1128.5 1207.0
1050.0 1128.5 1207.0
1050.0 1128.5 1207.0
1050.0 1128.5 1207.0
1050.0 1128.5 1207.0
1050.0 1128.5 1207.0
1050.0 1128.5 1207.0
