11764.0 13364.0 14964.0
10991.0 12518.5 14046.0
9115.0 10100.0 11085.0
7629.0 8371.0 9113.0
5781.0 7896.5 10012.0
3968.0 6003.0 8038.0
2961.0 4378.5 5796.0
3191.0 4151.0 5111.0
2737.0 3879.5 5022.0
2277.0 3825.5 5374.0
2277.0 3825.5 5374.0
2277.0 3681.0 5085.0
2277.0 2719.0 3161.0
2277.0 2719.0 3161.0
2274.0 2275.5 2277.0
2030.0 2152.0 2274.0
2056.0 2165.0 2274.0
2056.0 2165.0 2274.0
2056.0 2165.0 2274.0
2056.0 2165.0 2274.0
2056.0 2165.0 2274.0
2056.0 2165.0 2274.0
2056.0 2165.0 2274.0
2056.0 2165.0 2274.0
2056.0 2165.0 2274.0
2056.0 2165.0 2274.0
2056.0 2165.0 2274.0
2056.0 2165.0 2274.0
2056.0 2165.0 2274.0
2056.0 2165.0 2274.0
2056.0 2165.0 2274.0
2056.0 2192.5 2329.0
1985.0 2020.5 2056.0
1985.0 2020.5 2056.0
1985.0 2020.5 2056.0
1985.0 2020.5 2056.0
1985.0 2020.5 2056.0
1985.0 2020.5 2056.0
1985.0 2020.5 2056.0
1985.0 2020.5 2056.0
1985.0 2020.5 2056.0
1985.0 2020.5 2056.0
1985.0 2020.5 2056.0
1985.0 2020.5 2056.0
1985.0 2020.5 2056.0
1985.0 2020.5 2056.0
1985.0 2020.5 2056.0
1985.0 2020.5 2056.0
1985.0 2020.5 2056.0
1985.0 2020.5 2056.0
1985.0 2020.5 2056.0
1985.0 2020.5 2056.0
1985.0 2020.5 2056.0
1985.0 2020.5 2056.0
1985.0 2020.5 2056.0
1985.0 2020.5 2056.0
1985.0 2020.5 2056.0
1985.0 2020.5 2056.0
1985.0 2020.5 2056.0
1985.0 2020.5 2056.0
1985.0 2020.5 2056.0
1985.0 2020.5 2056.0
1985.0 2020.5 2056.0
1985.0 2020.5 2056.0
1985.0 2020.5 2056.0
1985.0 2020.5 2056.0
1985.0 2020.5 2056.0
1985.0 2020.5 2056.0
1985.0 2020.5 2056.0
1985.0 2020.5 2056.0
1985.0 2020.5 2056.0
1985.0 2020.5 2056.0
1985.0 2020.5 2056.0
1985.0 2020.5 2056.0
1985.0 2020.5 2056.0
1985.0 2020.5 2056.0
1985.0 2020.5 2056.0
1985.0 2020.5 2056.0
1985.0 2020.5 2056.0
1985.0 2020.5 2056.0
1985.0 2020.5 2056.0
1985.0 2020.5 2056.0
1985.0 2020.5 2056.0
1985.0 2020.5 2056.0
1985.0 2020.5 2056.0
1985.0 2020.5 2056.0
1985.0 2020.5 2056.0
1985.0 2020.5 2056.0
1985.0 2020.5 2056.0
1475.0 1765.5 2056.0
1475.0 1765.5 2056.0
1475.0 1765.5 2056.0
1475.0 1765.5 2056.0
1475.0 1765.5 2056.0
1475.0 1765.5 2056.0
792.0 1133.5 1475.0
792.0 1133.5 1475.0
792.0 1133.5 1475.0
792.0 1133.5 1475.0
792.0 1133.5 1475.0
792.0 1133.5 1475.0
792.0 1133.5 1475.0
792.0 1133.5 1475.0
792.0 1133.5 1475.0
792.0 1133.5 1475.0
792.0 1133.5 1475.0
792.0 1133.5 1475.0
792.0 1133.5 1475.0
792.0 1133.5 1475.0
792.0 1133.5 1475.0
792.0 1133.5 1475.0
792.0 1133.5 1475.0
792.0 1133.5 1475.0
792.0 1133.5 1475.0
792.0 1133.5 1475.0
792.0 1133.5 1475.0
792.0 1133.5 1475.0
792.0 1133.5 1475.0
792.0 1133.5 1475.0
792.0 1133.5 1475.0
792.0 1133.5 1475.0
792.0 1133.5 1475.0
792.0 1133.5 1475.0
792.0 1133.5 1475.0
792.0 1133.5 1475.0
792.0 1133.5 1475.0
792.0 1133.5 1475.0
792.0 1133.5 1475.0
792.0 1133.5 1475.0
792.0 1133.5 1475.0
792.0 1133.5 1475.0
792.0 1133.5 1475.0
792.0 1133.5 1475.0
792.0 1133.5 1475.0
792.0 1133.5 1475.0
792.0 1133.5 1475.0
792.0 1133.5 1475.0
792.0 1133.5 1475.0
792.0 1133.5 1475.0
792.0 1133.5 1475.0
792.0 1133.5 1475.0
792.0 1133.5 1475.0
792.0 1133.5 1475.0
792.0 1133.5 1475.0
792.0 1133.5 1475.0
792.0 1133.5 1475.0
792.0 1133.5 1475.0
792.0 1133.5 1475.0
792.0 1133.5 1475.0
792.0 1133.5 1475.0
792.0 1133.5 1475.0
792.0 1133.5 1475.0
792.0 1133.5 1475.0
792.0 1133.5 1475.0
792.0 1133.5 1475.0
792.0 1133.5 1475.0
792.0 1133.5 1475.0
792.0 1133.5 1475.0
792.0 1133.5 1475.0
792.0 1133.5 1475.0
792.0 1133.5 1475.0
792.0 1133.5 1475.0
792.0 1133.5 1475.0
792.0 1133.5 1475.0
792.0 1133.5 1475.0
792.0 1133.5 1475.0
792.0 1133.5 1475.0
792.0 1133.5 1475.0
792.0 1133.5 1475.0
792.0 1133.5 1475.0
792.0 1133.5 1475.0
792.0 1133.5 1475.0
792.0 1133.5 1475.0
792.0 1133.5 1475.0
792.0 1133.5 1475.0
792.0 1133.5 1475.0
792.0 1133.5 1475.0
792.0 1133.5 1475.0
792.0 1133.5 1475.0
792.0 1133.5 1475.0
792.0 1133.5 1475.0
792.0 1133.5 1475.0
792.0 1133.5 1475.0
792.0 1133.5 1475.0
792.0 1133.5 1475.0
792.0 1133.5 1475.0
792.0 1133.5 1475.0
792.0 1133.5 1475.0
792.0 1133.5 1475.0
792.0 1133.5 1475.0
792.0 1133.5 1475.0
792.0 1133.5 1475.0
792.0 1133.5 1475.0
792.0 1133.5 1475.0
792.0 1133.5 1475.0
792.0 1133.5 1475.0
792.0 1133.5 1475.0
792.0 1133.5 1475.0
792.0 1133.5 1475.0
792.0 1133.5 1475.0
