10745.0 12921.5 15098.0
8250.0 8743.0 9236.0
6628.0 7519.0 8410.0
4578.0 5432.0 6286.0
3713.0 4192.0 4671.0
2562.0 3233.0 3904.0
2562.0 3251.5 3941.0
2210.0 2485.5 2761.0
2105.0 2217.5 2330.0
1327.0 1612.5 1898.0
1327.0 1612.5 1898.0
1267.0 1582.5 1898.0
962.0 1430.0 1898.0
940.0 1286.0 1632.0
940.0 1286.0 1632.0
940.0 1286.0 1632.0
940.0 974.0 1008.0
822.0 881.0 940.0
822.0 881.0 940.0
822.0 881.0 940.0
822.0 881.0 940.0
822.0 881.0 940.0
822.0 881.0 940.0
822.0 881.0 940.0
822.0 881.0 940.0
822.0 881.0 940.0
822.0 881.0 940.0
822.0 881.0 940.0
822.0 881.0 940.0
822.0 881.0 940.0
822.0 881.0 940.0
822.0 881.0 940.0
822.0 881.0 940.0
822.0 881.0 940.0
822.0 881.0 940.0
822.0 881.0 940.0
822.0 881.0 940.0
822.0 881.0 940.0
822.0 881.0 940.0
822.0 881.0 940.0
822.0 881.0 940.0
822.0 881.0 940.0
822.0 881.0 940.0
822.0 881.0 940.0
822.0 881.0 940.0
822.0 881.0 940.0
822.0 881.0 940.0
822.0 881.0 940.0
822.0 881.0 940.0
822.0 881.0 940.0
822.0 881.0 940.0
822.0 881.0 940.0
822.0 881.0 940.0
822.0 881.0 940.0
822.0 881.0 940.0
822.0 881.0 940.0
822.0 881.0 940.0
822.0 881.0 940.0
822.0 881.0 940.0
822.0 881.0 940.0
822.0 881.0 940.0
822.0 881.0 940.0
822.0 881.0 940.0
822.0 881.0 940.0
822.0 881.0 940.0
822.0 881.0 940.0
822.0 881.0 940.0
822.0 881.0 940.0
822.0 881.0 940.0
822.0 881.0 940.0
822.0 881.0 940.0
822.0 881.0 940.0
822.0 881.0 940.0
822.0 881.0 940.0
822.0 881.0 940.0
822.0 881.0 940.0
822.0 881.0 940.0
822.0 881.0 940.0
822.0 881.0 940.0
822.0 881.0 940.0
822.0 881.0 940.0
822.0 881.0 940.0
822.0 881.0 940.0
822.0 881.0 940.0
822.0 881.0 940.0
822.0 881.0 940.0
822.0 881.0 940.0
822.0 881.0 940.0
822.0 881.0 940.0
822.0 881.0 940.0
822.0 881.0 940.0
822.0 881.0 940.0
822.0 881.0 940.0
822.0 881.0 940.0
822.0 881.0 940.0
822.0 881.0 940.0
822.0 881.0 940.0
822.0 881.0 940.0
822.0 881.0 940.0
822.0 881.0 940.0
822.0 881.0 940.0
822.0 881.0 940.0
822.0 881.0 940.0
822.0 881.0 940.0
822.0 881.0 940.0
822.0 881.0 940.0
822.0 881.0 940.0
822.0 881.0 940.0
822.0 881.0 940.0
822.0 881.0 940.0
822.0 881.0 940.0
822.0 881.0 940.0
822.0 881.0 940.0
822.0 881.0 940.0
822.0 881.0 940.0
822.0 881.0 940.0
822.0 881.0 940.0
822.0 881.0 940.0
822.0 881.0 940.0
822.0 881.0 940.0
822.0 881.0 940.0
822.0 881.0 940.0
822.0 881.0 940.0
822.0 881.0 940.0
822.0 881.0 940.0
822.0 881.0 940.0
822.0 881.0 940.0
822.0 881.0 940.0
822.0 881.0 940.0
822.0 881.0 940.0
822.0 881.0 940.0
822.0 881.0 940.0
822.0 881.0 940.0
822.0 881.0 940.0
822.0 881.0 940.0
822.0 881.0 940.0
822.0 881.0 940.0
822.0 881.0 940.0
822.0 881.0 940.0
822.0 881.0 940.0
822.0 881.0 940.0
822.0 881.0 940.0
822.0 881.0 940.0
822.0 881.0 940.0
822.0 881.0 940.0
822.0 881.0 940.0
822.0 881.0 940.0
822.0 881.0 940.0
822.0 881.0 940.0
822.0 881.0 940.0
822.0 881.0 940.0
822.0 881.0 940.0
822.0 881.0 940.0
822.0 881.0 940.0
822.0 881.0 940.0
822.0 881.0 940.0
822.0 881.0 940.0
822.0 881.0 940.0
822.0 881.0 940.0
822.0 881.0 940.0
822.0 881.0 940.0
822.0 881.0 940.0
822.0 881.0 940.0
822.0 881.0 940.0
822.0 881.0 940.0
822.0 881.0 940.0
822.0 881.0 940.0
822.0 881.0 940.0
822.0 881.0 940.0
822.0 881.0 940.0
822.0 881.0 940.0
822.0 881.0 940.0
822.0 881.0 940.0
822.0 881.0 940.0
822.0 881.0 940.0
822.0 881.0 940.0
822.0 881.0 940.0
822.0 881.0 940.0
822.0 881.0 940.0
822.0 881.0 940.0
822.0 881.0 940.0
822.0 881.0 940.0
822.0 881.0 940.0
822.0 881.0 940.0
822.0 881.0 940.0
822.0 881.0 940.0
822.0 881.0 940.0
822.0 881.0 940.0
822.0 881.0 940.0
822.0 881.0 940.0
822.0 881.0 940.0
822.0 881.0 940.0
822.0 881.0 940.0
822.0 881.0 940.0
822.0 881.0 940.0
822.0 881.0 940.0
822.0 881.0 940.0
822.0 881.0 940.0
822.0 881.0 940.0
822.0 881.0 940.0
