14683.0 15162.5 15642.0
12896.0 13167.5 13439.0
10272.0 10640.0 11008.0
5920.0 7746.5 9573.0
5935.0 6810.0 7685.0
4784.0 5275.5 5767.0
4695.0 4739.5 4784.0
4695.0 4818.5 4942.0
3268.0 4092.5 4917.0
3268.0 3547.0 3826.0
3023.0 3145.5 3268.0
2402.0 2885.5 3369.0
2402.0 2885.5 3369.0
2402.0 2885.5 3369.0
2402.0 2810.5 3219.0
2378.0 2390.0 2402.0
2378.0 2390.0 2402.0
2378.0 2390.0 2402.0
2378.0 2390.0 2402.0
2378.0 2390.0 2402.0
2378.0 2390.0 2402.0
2378.0 2390.0 2402.0
2378.0 2390.0 2402.0
2378.0 2390.0 2402.0
2378.0 2390.0 2402.0
2378.0 2390.0 2402.0
2378.0 2390.0 2402.0
2378.0 2390.0 2402.0
1497.0 1937.5 2378.0
1378.0 1878.0 2378.0
1378.0 1878.0 2378.0
1378.0 1878.0 2378.0
1378.0 1878.0 2378.0
1378.0 1878.0 2378.0
1378.0 1878.0 2378.0
1378.0 1878.0 2378.0
1378.0 1878.0 2378.0
1378.0 1878.0 2378.0
1378.0 1878.0 2378.0
1378.0 1878.0 2378.0
1378.0 1878.0 2378.0
1378.0 1878.0 2378.0
1378.0 1878.0 2378.0
1378.0 1878.0 2378.0
1378.0 1878.0 2378.0
1378.0 1878.0 2378.0
1378.0 1878.0 2378.0
1378.0 1878.0 2378.0
1378.0 1878.0 2378.0
1378.0 1878.0 2378.0
1378.0 1878.0 2378.0
1378.0 1878.0 2378.0
1378.0 1878.0 2378.0
1378.0 1878.0 2378.0
1378.0 1878.0 2378.0
1378.0 1878.0 2378.0
1378.0 1878.0 2378.0
1378.0 1878.0 2378.0
1378.0 1878.0 2378.0
1378.0 1878.0 2378.0
1378.0 1878.0 2378.0
1378.0 1878.0 2378.0
1378.0 1878.0 2378.0
1378.0 1878.0 2378.0
1378.0 1878.0 2378.0
1378.0 1878.0 2378.0
1378.0 1878.0 2378.0
1378.0 1878.0 2378.0
1378.0 1878.0 2378.0
1378.0 1878.0 2378.0
1378.0 1878.0 2378.0
1378.0 1878.0 2378.0
1378.0 1878.0 2378.0
1378.0 1878.0 2378.0
1378.0 1878.0 2378.0
1378.0 1878.0 2378.0
1378.0 1878.0 2378.0
1378.0 1878.0 2378.0
1378.0 1878.0 2378.0
1378.0 1878.0 2378.0
1378.0 1878.0 2378.0
1378.0 1878.0 2378.0
1378.0 1878.0 2378.0
1378.0 1878.0 2378.0
1378.0 1878.0 2378.0
1378.0 1878.0 2378.0
1378.0 1878.0 2378.0
1378.0 1878.0 2378.0
1378.0 1878.0 2378.0
1378.0 1891.0 2404.0
1378.0 1396.0 1414.0
1378.0 1396.0 1414.0
1378.0 1396.0 1414.0
1378.0 1396.0 1414.0
1378.0 1396.0 1414.0
1378.0 1396.0 1414.0
1378.0 1396.0 1414.0
1378.0 1396.0 1414.0
1378.0 1396.0 1414.0
1378.0 1396.0 1414.0
1378.0 1396.0 1414.0
1378.0 1396.0 1414.0
1378.0 1396.0 1414.0
1378.0 1396.0 1414.0
1378.0 1396.0 1414.0
1378.0 1396.0 1414.0
1378.0 1396.0 1414.0
1378.0 1396.0 1414.0
1378.0 1396.0 1414.0
1378.0 1396.0 1414.0
1378.0 1396.0 1414.0
1378.0 1396.0 1414.0
1378.0 1396.0 1414.0
1378.0 1396.0 1414.0
1378.0 1396.0 1414.0
1378.0 1396.0 1414.0
1378.0 1396.0 1414.0
1378.0 1396.0 1414.0
1378.0 1396.0 1414.0
1378.0 1396.0 1414.0
1378.0 1396.0 1414.0
1378.0 1396.0 1414.0
1378.0 1396.0 1414.0
1378.0 1396.0 1414.0
1378.0 1396.0 1414.0
1378.0 1396.0 1414.0
1378.0 1396.0 1414.0
1378.0 1396.0 1414.0
1378.0 1396.0 1414.0
1378.0 1396.0 1414.0
1378.0 1396.0 1414.0
1378.0 1396.0 1414.0
1378.0 1396.0 1414.0
1378.0 1396.0 1414.0
1378.0 1396.0 1414.0
1378.0 1396.0 1414.0
1378.0 1396.0 1414.0
1378.0 1396.0 1414.0
1378.0 1396.0 1414.0
1378.0 1396.0 1414.0
1378.0 1396.0 1414.0
1378.0 1396.0 1414.0
1378.0 1396.0 1414.0
1378.0 1396.0 1414.0
1378.0 1396.0 1414.0
1378.0 1396.0 1414.0
1378.0 1396.0 1414.0
1378.0 1396.0 1414.0
1378.0 1396.0 1414.0
1378.0 1396.0 1414.0
1378.0 1396.0 1414.0
1378.0 1396.0 1414.0
1378.0 1396.0 1414.0
1378.0 1396.0 1414.0
1378.0 1396.0 1414.0
1378.0 1396.0 1414.0
1378.0 1396.0 1414.0
1378.0 1396.0 1414.0
1378.0 1396.0 1414.0
1378.0 1396.0 1414.0
1378.0 1396.0 1414.0
1378.0 1396.0 1414.0
1378.0 1396.0 1414.0
1378.0 1396.0 1414.0
1378.0 1396.0 1414.0
1378.0 1396.0 1414.0
1378.0 1396.0 1414.0
1378.0 1396.0 1414.0
1378.0 1396.0 1414.0
1378.0 1396.0 1414.0
1378.0 1396.0 1414.0
1378.0 1396.0 1414.0
1378.0 1396.0 1414.0
1378.0 1396.0 1414.0
1378.0 1396.0 1414.0
1378.0 1396.0 1414.0
1378.0 1396.0 1414.0
1378.0 1396.0 1414.0
1378.0 1396.0 1414.0
1378.0 1396.0 1414.0
1378.0 1396.0 1414.0
1378.0 1396.0 1414.0
1378.0 1396.0 1414.0
1378.0 1396.0 1414.0
1378.0 1396.0 1414.0
1378.0 1396.0 1414.0
1378.0 1396.0 1414.0
1378.0 1396.0 1414.0
1378.0 1396.0 1414.0
1378.0 1396.0 1414.0
1378.0 1396.0 1414.0
1378.0 1396.0 1414.0
1378.0 1396.0 1414.0
1378.0 1396.0 1414.0
1378.0 1396.0 1414.0
1378.0 1396.0 1414.0
1378.0 1396.0 1414.0
1378.0 1396.0 1414.0
1378.0 1396.0 1414.0
1378.0 1396.0 1414.0
