11525.0 11599.0 11673.0
9314.0 10342.5 11371.0
7023.0 7825.5 8628.0
4932.0 5659.0 6386.0
4919.0 4968.5 5018.0
3406.0 3894.0 4382.0
2112.0 2636.5 3161.0
2112.0 2586.0 3060.0
1478.0 2165.5 2853.0
1478.0 1771.0 2064.0
1478.0 1703.5 1929.0
1424.0 1697.5 1971.0
1404.0 1687.5 1971.0
1404.0 1427.0 1450.0
1450.0 1502.0 1554.0
1450.0 1502.0 1554.0
1380.0 1415.0 1450.0
1084.0 1267.0 1450.0
1084.0 1267.0 1450.0
1060.0 1255.0 1450.0
1060.0 1255.0 1450.0
1060.0 1255.0 1450.0
1060.0 1255.0 1450.0
1060.0 1255.0 1450.0
1060.0 1255.0 1450.0
1060.0 1255.0 1450.0
1060.0 1255.0 1450.0
1060.0 1255.0 1450.0
1060.0 1255.0 1450.0
1060.0 1255.0 1450.0
1060.0 1255.0 1450.0
1060.0 1255.0 1450.0
1060.0 1255.0 1450.0
1060.0 1255.0 1450.0
1060.0 1255.0 1450.0
1060.0 1255.0 1450.0
1060.0 1255.0 1450.0
1060.0 1255.0 1450.0
1060.0 1255.0 1450.0
1060.0 1255.0 1450.0
1060.0 1255.0 1450.0
1060.0 1255.0 1450.0
1060.0 1255.0 1450.0
1060.0 1255.0 1450.0
1060.0 1255.0 1450.0
1060.0 1255.0 1450.0
1060.0 1255.0 1450.0
1060.0 1255.0 1450.0
1060.0 1255.0 1450.0
1060.0 1255.0 1450.0
1060.0 1255.0 1450.0
1060.0 1255.0 1450.0
1060.0 1255.0 1450.0
1060.0 1255.0 1450.0
1060.0 1255.0 1450.0
1060.0 1255.0 1450.0
1060.0 1255.0 1450.0
1060.0 1255.0 1450.0
1060.0 1255.0 1450.0
1060.0 1255.0 1450.0
1060.0 1255.0 1450.0
1060.0 1255.0 1450.0
1060.0 1255.0 1450.0
1060.0 1255.0 1450.0
1060.0 1255.0 1450.0
1060.0 1255.0 1450.0
1060.0 1255.0 1450.0
1060.0 1255.0 1450.0
1060.0 1255.0 1450.0
1060.0 1255.0 1450.0
1060.0 1255.0 1450.0
1060.0 1255.0 1450.0
1060.0 1255.0 1450.0
1060.0 1158.0 1256.0
1035.0 1047.5 1060.0
933.0 996.5 1060.0
933.0 996.5 1060.0
933.0 996.5 1060.0
933.0 996.5 1060.0
933.0 996.5 1060.0
933.0 996.5 1060.0
933.0 996.5 1060.0
933.0 996.5 1060.0
933.0 996.5 1060.0
933.0 996.5 1060.0
933.0 996.5 1060.0
933.0 996.5 1060.0
933.0 996.5 1060.0
933.0 996.5 1060.0
933.0 996.5 1060.0
933.0 996.5 1060.0
933.0 996.5 1060.0
933.0 996.5 1060.0
933.0 996.5 1060.0
933.0 996.5 1060.0
933.0 996.5 1060.0
933.0 996.5 1060.0
933.0 996.5 1060.0
933.0 996.5 1060.0
933.0 996.5 1060.0
933.0 996.5 1060.0
933.0 996.5 1060.0
933.0 996.5 1060.0
933.0 996.5 1060.0
933.0 996.5 1060.0
933.0 996.5 1060.0
933.0 996.5 1060.0
933.0 996.5 1060.0
933.0 996.5 1060.0
933.0 996.5 1060.0
933.0 996.5 1060.0
933.0 996.5 1060.0
933.0 996.5 1060.0
933.0 996.5 1060.0
933.0 996.5 1060.0
933.0 996.5 1060.0
933.0 996.5 1060.0
933.0 996.5 1060.0
933.0 996.5 1060.0
933.0 996.5 1060.0
933.0 996.5 1060.0
933.0 996.5 1060.0
933.0 996.5 1060.0
933.0 996.5 1060.0
933.0 996.5 1060.0
933.0 996.5 1060.0
933.0 996.5 1060.0
933.0 996.5 1060.0
933.0 996.5 1060.0
933.0 996.5 1060.0
933.0 996.5 1060.0
933.0 996.5 1060.0
933.0 996.5 1060.0
933.0 996.5 1060.0
933.0 996.5 1060.0
933.0 996.5 1060.0
933.0 996.5 1060.0
933.0 996.5 1060.0
933.0 996.5 1060.0
933.0 996.5 1060.0
933.0 996.5 1060.0
933.0 996.5 1060.0
933.0 996.5 1060.0
933.0 996.5 1060.0
933.0 996.5 1060.0
933.0 996.5 1060.0
933.0 996.5 1060.0
933.0 996.5 1060.0
933.0 996.5 1060.0
933.0 996.5 1060.0
933.0 996.5 1060.0
933.0 996.5 1060.0
933.0 996.5 1060.0
933.0 996.5 1060.0
933.0 996.5 1060.0
933.0 996.5 1060.0
933.0 996.5 1060.0
933.0 996.5 1060.0
933.0 996.5 1060.0
933.0 996.5 1060.0
933.0 996.5 1060.0
933.0 996.5 1060.0
933.0 996.5 1060.0
933.0 996.5 1060.0
933.0 996.5 1060.0
933.0 996.5 1060.0
933.0 996.5 1060.0
933.0 996.5 1060.0
933.0 996.5 1060.0
933.0 996.5 1060.0
933.0 996.5 1060.0
933.0 996.5 1060.0
933.0 996.5 1060.0
933.0 996.5 1060.0
933.0 996.5 1060.0
933.0 996.5 1060.0
933.0 996.5 1060.0
933.0 996.5 1060.0
933.0 996.5 1060.0
933.0 996.5 1060.0
933.0 996.5 1060.0
933.0 996.5 1060.0
933.0 996.5 1060.0
933.0 996.5 1060.0
933.0 996.5 1060.0
933.0 996.5 1060.0
933.0 996.5 1060.0
933.0 996.5 1060.0
933.0 996.5 1060.0
933.0 996.5 1060.0
933.0 996.5 1060.0
933.0 996.5 1060.0
933.0 996.5 1060.0
933.0 996.5 1060.0
933.0 996.5 1060.0
933.0 996.5 1060.0
933.0 996.5 1060.0
933.0 996.5 1060.0
933.0 996.5 1060.0
933.0 996.5 1060.0
