11141.0 13529.5 15918.0
8227.0 9105.5 9984.0
8260.0 8468.0 8676.0
4719.0 5581.5 6444.0
4686.0 5027.5 5369.0
4196.0 4574.5 4953.0
3231.0 3582.0 3933.0
2672.0 2787.0 2902.0
1802.0 1915.5 2029.0
1802.0 1915.5 2029.0
1542.0 1704.0 1866.0
1593.0 1729.5 1866.0
1888.0 1904.0 1920.0
1888.0 1904.0 1920.0
1520.0 1704.0 1888.0
1520.0 1704.0 1888.0
1520.0 1704.0 1888.0
1821.0 1854.5 1888.0
1821.0 1854.5 1888.0
1354.0 1621.0 1888.0
1354.0 1621.0 1888.0
1354.0 1621.0 1888.0
1354.0 1621.0 1888.0
1354.0 1621.0 1888.0
1354.0 1621.0 1888.0
1354.0 1621.0 1888.0
1354.0 1621.0 1888.0
1354.0 1621.0 1888.0
1354.0 1621.0 1888.0
1354.0 1621.0 1888.0
1354.0 1621.0 1888.0
1354.0 1621.0 1888.0
1354.0 1621.0 1888.0
1354.0 1621.0 1888.0
1354.0 1621.0 1888.0
1354.0 1621.0 1888.0
1354.0 1439.5 1525.0
1354.0 1439.5 1525.0
1354.0 1439.5 1525.0
1354.0 1439.5 1525.0
1354.0 1439.5 1525.0
1354.0 1439.5 1525.0
1354.0 1439.5 1525.0
1354.0 1439.5 1525.0
1354.0 1617.5 1881.0
1354.0 1617.5 1881.0
1354.0 1369.5 1385.0
1354.0 1369.5 1385.0
1140.0 1247.0 1354.0
1135.0 1244.5 1354.0
1135.0 1244.5 1354.0
1135.0 1244.5 1354.0
1135.0 1244.5 1354.0
1135.0 1244.5 1354.0
1135.0 1244.5 1354.0
1135.0 1244.5 1354.0
1135.0 1244.5 1354.0
1135.0 1244.5 1354.0
1135.0 1244.5 1354.0
1135.0 1244.5 1354.0
1135.0 1244.5 1354.0
1135.0 1244.5 1354.0
1135.0 1244.5 1354.0
1135.0 1244.5 1354.0
1135.0 1244.5 1354.0
1135.0 1244.5 1354.0
1135.0 1244.5 1354.0
1135.0 1244.5 1354.0
1135.0 1244.5 1354.0
1135.0 1244.5 1354.0
1135.0 1244.5 1354.0
1135.0 1244.5 1354.0
1135.0 1244.5 1354.0
1135.0 1244.5 1354.0
1135.0 1244.5 1354.0
1135.0 1244.5 1354.0
1135.0 1244.5 1354.0
1135.0 1244.5 1354.0
1135.0 1244.5 1354.0
1135.0 1244.5 1354.0
1135.0 1244.5 1354.0
1135.0 1244.5 1354.0
1135.0 1244.5 1354.0
1135.0 1244.5 1354.0
1135.0 1244.5 1354.0
1135.0 1244.5 1354.0
1135.0 1244.5 1354.0
1135.0 1244.5 1354.0
1135.0 1244.5 1354.0
1135.0 1244.5 1354.0
1135.0 1244.5 1354.0
1135.0 1244.5 1354.0
1135.0 1244.5 1354.0
1135.0 1244.5 1354.0
1135.0 1244.5 1354.0
1135.0 1244.5 1354.0
1135.0 1244.5 1354.0
1135.0 1244.5 1354.0
1135.0 1244.5 1354.0
1135.0 1244.5 1354.0
1135.0 1244.5 1354.0
1135.0 1244.5 1354.0
1135.0 1244.5 1354.0
1135.0 1244.5 1354.0
1135.0 1244.5 1354.0
1135.0 1244.5 1354.0
1135.0 1244.5 1354.0
1135.0 1244.5 1354.0
1135.0 1244.5 1354.0
1135.0 1244.5 1354.0
1135.0 1244.5 1354.0
1135.0 1244.5 1354.0
1135.0 1244.5 1354.0
1135.0 1244.5 1354.0
1135.0 1244.5 1354.0
1135.0 1244.5 1354.0
1135.0 1244.5 1354.0
1135.0 1244.5 1354.0
1135.0 1244.5 1354.0
1135.0 1244.5 1354.0
1135.0 1244.5 1354.0
1135.0 1244.5 1354.0
1135.0 1244.5 1354.0
1135.0 1244.5 1354.0
1135.0 1244.5 1354.0
1135.0 1244.5 1354.0
1135.0 1244.5 1354.0
1135.0 1244.5 1354.0
1135.0 1244.5 1354.0
1135.0 1244.5 1354.0
1135.0 1244.5 1354.0
1135.0 1244.5 1354.0
1135.0 1244.5 1354.0
1135.0 1244.5 1354.0
1135.0 1244.5 1354.0
1135.0 1244.5 1354.0
1135.0 1244.5 1354.0
1135.0 1244.5 1354.0
1135.0 1244.5 1354.0
1135.0 1244.5 1354.0
1135.0 1244.5 1354.0
1135.0 1244.5 1354.0
1135.0 1244.5 1354.0
1135.0 1244.5 1354.0
1135.0 1244.5 1354.0
1135.0 1244.5 1354.0
1135.0 1244.5 1354.0
1135.0 1244.5 1354.0
1135.0 1244.5 1354.0
1135.0 1244.5 1354.0
1135.0 1244.5 1354.0
1135.0 1244.5 1354.0
1135.0 1244.5 1354.0
1135.0 1244.5 1354.0
1135.0 1244.5 1354.0
1135.0 1244.5 1354.0
1135.0 1244.5 1354.0
1135.0 1225.5 1316.0
1135.0 1225.5 1316.0
1135.0 1225.5 1316.0
1135.0 1225.5 1316.0
1135.0 1225.5 1316.0
1135.0 1225.5 1316.0
1135.0 1225.5 1316.0
1135.0 1225.5 1316.0
1135.0 1225.5 1316.0
1135.0 1225.5 1316.0
1135.0 1225.5 1316.0
1135.0 1225.5 1316.0
1135.0 1225.5 1316.0
1135.0 1225.5 1316.0
1135.0 1225.5 1316.0
1135.0 1225.5 1316.0
1135.0 1225.5 1316.0
1135.0 1225.5 1316.0
1135.0 1225.5 1316.0
1135.0 1225.5 1316.0
1135.0 1225.5 1316.0
1135.0 1225.5 1316.0
1135.0 1225.5 1316.0
1135.0 1225.5 1316.0
1135.0 1225.5 1316.0
1135.0 1225.5 1316.0
1135.0 1225.5 1316.0
1135.0 1225.5 1316.0
1135.0 1225.5 1316.0
1135.0 1225.5 1316.0
1135.0 1225.5 1316.0
1135.0 1225.5 1316.0
1135.0 1225.5 1316.0
1135.0 1225.5 1316.0
1135.0 1225.5 1316.0
1135.0 1225.5 1316.0
1135.0 1225.5 1316.0
1135.0 1225.5 1316.0
1135.0 1225.5 1316.0
1135.0 1225.5 1316.0
1135.0 1225.5 1316.0
1135.0 1225.5 1316.0
1135.0 1225.5 1316.0
