14429.0 15210.0 15991.0
10174.0 10312.5 10451.0
7296.0 7411.0 7526.0
7221.0 7813.0 8405.0
5478.0 5532.5 5587.0
4480.0 4808.0 5136.0
3501.0 3902.5 4304.0
2653.0 2879.5 3106.0
1799.0 2226.0 2653.0
1799.0 2226.0 2653.0
1799.0 2226.0 2653.0
1799.0 2226.0 2653.0
1799.0 2226.0 2653.0
1799.0 2226.0 2653.0
1799.0 2226.0 2653.0
1799.0 2226.0 2653.0
1799.0 2226.0 2653.0
1799.0 2226.0 2653.0
1799.0 2226.0 2653.0
1799.0 2226.0 2653.0
1799.0 2057.0 2315.0
1799.0 1952.0 2105.0
1799.0 1952.0 2105.0
1799.0 1952.0 2105.0
1799.0 1952.0 2105.0
1799.0 1854.0 1909.0
1799.0 1808.0 1817.0
1629.0 1714.0 1799.0
1629.0 1714.0 1799.0
1629.0 1714.0 1799.0
1629.0 1714.0 1799.0
1629.0 1714.0 1799.0
1629.0 1714.0 1799.0
1629.0 1714.0 1799.0
1629.0 1785.5 1942.0
1629.0 1785.5 1942.0
1629.0 1778.5 1928.0
1629.0 1649.0 1669.0
1038.0 1333.5 1629.0
1038.0 1333.5 1629.0
1038.0 1333.5 1629.0
1038.0 1333.5 1629.0
1038.0 1333.5 1629.0
1038.0 1333.5 1629.0
1038.0 1333.5 1629.0
1038.0 1333.5 1629.0
1038.0 1333.5 1629.0
1038.0 1333.5 1629.0
1038.0 1333.5 1629.0
1038.0 1333.5 1629.0
1038.0 1333.5 1629.0
1038.0 1333.5 1629.0
1038.0 1333.5 1629.0
1038.0 1333.5 1629.0
1038.0 1333.5 1629.0
1038.0 1333.5 1629.0
1038.0 1333.5 1629.0
1038.0 1333.5 1629.0
1038.0 1333.5 1629.0
1038.0 1333.5 1629.0
1038.0 1333.5 1629.0
1038.0 1333.5 1629.0
1038.0 1333.5 1629.0
1038.0 1333.5 1629.0
1038.0 1333.5 1629.0
1038.0 1333.5 1629.0
1038.0 1333.5 1629.0
1038.0 1333.5 1629.0
1038.0 1333.5 1629.0
1038.0 1333.5 1629.0
1038.0 1333.5 1629.0
1038.0 1333.5 1629.0
1038.0 1333.5 1629.0
1038.0 1333.5 1629.0
1038.0 1333.5 1629.0
1038.0 1333.5 1629.0
1038.0 1333.5 1629.0
1038.0 1333.5 1629.0
1038.0 1333.5 1629.0
1038.0 1447.0 1856.0
1038.0 1217.0 1396.0
1038.0 1217.0 1396.0
1038.0 1217.0 1396.0
1038.0 1217.0 1396.0
1038.0 1217.0 1396.0
1038.0 1217.0 1396.0
1038.0 1217.0 1396.0
1038.0 1217.0 1396.0
1038.0 1217.0 1396.0
1038.0 1217.0 1396.0
1038.0 1217.0 1396.0
1038.0 1217.0 1396.0
1038.0 1217.0 1396.0
1038.0 1217.0 1396.0
1038.0 1217.0 1396.0
1038.0 1217.0 1396.0
1038.0 1217.0 1396.0
1038.0 1217.0 1396.0
1038.0 1217.0 1396.0
1038.0 1217.0 1396.0
1038.0 1217.0 1396.0
1038.0 1217.0 1396.0
1038.0 1217.0 1396.0
1038.0 1217.0 1396.0
1038.0 1217.0 1396.0
1038.0 1217.0 1396.0
1038.0 1217.0 1396.0
1038.0 1217.0 1396.0
1120.0 1258.0 1396.0
1120.0 1258.0 1396.0
1120.0 1258.0 1396.0
1120.0 1258.0 1396.0
1120.0 1258.0 1396.0
1120.0 1258.0 1396.0
1120.0 1258.0 1396.0
1120.0 1258.0 1396.0
1120.0 1258.0 1396.0
1120.0 1258.0 1396.0
1120.0 1258.0 1396.0
1120.0 1258.0 1396.0
1120.0 1258.0 1396.0
1120.0 1258.0 1396.0
1120.0 1258.0 1396.0
1120.0 1258.0 1396.0
1120.0 1258.0 1396.0
1120.0 1258.0 1396.0
1120.0 1258.0 1396.0
1120.0 1258.0 1396.0
1120.0 1258.0 1396.0
1120.0 1258.0 1396.0
1120.0 1258.0 1396.0
1120.0 1258.0 1396.0
1120.0 1342.5 1565.0
1120.0 1342.5 1565.0
1120.0 1342.5 1565.0
1120.0 1342.5 1565.0
1120.0 1342.5 1565.0
1120.0 1342.5 1565.0
1120.0 1342.5 1565.0
1120.0 1342.5 1565.0
1120.0 1342.5 1565.0
1120.0 1342.5 1565.0
1120.0 1342.5 1565.0
1120.0 1342.5 1565.0
1120.0 1342.5 1565.0
1120.0 1342.5 1565.0
1120.0 1342.5 1565.0
1120.0 1342.5 1565.0
1120.0 1342.5 1565.0
1120.0 1342.5 1565.0
1120.0 1342.5 1565.0
1120.0 1342.5 1565.0
1120.0 1342.5 1565.0
1120.0 1342.5 1565.0
1120.0 1371.5 1623.0
1120.0 1371.5 1623.0
1120.0 1371.5 1623.0
1120.0 1371.5 1623.0
1120.0 1371.5 1623.0
1120.0 1371.5 1623.0
1120.0 1371.5 1623.0
1120.0 1371.5 1623.0
1120.0 1371.5 1623.0
1120.0 1371.5 1623.0
1120.0 1371.5 1623.0
1120.0 1371.5 1623.0
1120.0 1371.5 1623.0
1120.0 1371.5 1623.0
1120.0 1371.5 1623.0
1120.0 1371.5 1623.0
1120.0 1371.5 1623.0
1120.0 1371.5 1623.0
1120.0 1371.5 1623.0
1120.0 1371.5 1623.0
1120.0 1371.5 1623.0
1120.0 1371.5 1623.0
1120.0 1371.5 1623.0
1120.0 1371.5 1623.0
1120.0 1371.5 1623.0
1120.0 1371.5 1623.0
1120.0 1371.5 1623.0
1120.0 1371.5 1623.0
1120.0 1371.5 1623.0
1120.0 1371.5 1623.0
1120.0 1371.5 1623.0
1120.0 1371.5 1623.0
1120.0 1371.5 1623.0
1120.0 1371.5 1623.0
1120.0 1371.5 1623.0
1120.0 1371.5 1623.0
1120.0 1371.5 1623.0
1120.0 1371.5 1623.0
1120.0 1371.5 1623.0
1120.0 1371.5 1623.0
1120.0 1371.5 1623.0
1120.0 1335.0 1550.0
1120.0 1335.0 1550.0
1120.0 1161.5 1203.0
1120.0 1161.5 1203.0
1120.0 1161.5 1203.0
