12099.0 13240.0 14381.0
10761.0 11354.0 11947.0
7290.0 7968.0 8646.0
5452.0 6350.5 7249.0
4364.0 4724.5 5085.0
4114.0 4130.5 4147.0
2716.0 2877.5 3039.0
2155.0 2376.5 2598.0
1963.0 2138.0 2313.0
1947.0 2209.0 2471.0
1715.0 1831.0 1947.0
1471.0 1709.0 1947.0
1471.0 1709.0 1947.0
919.0 1433.0 1947.0
986.0 1466.5 1947.0
781.0 1364.0 1947.0
781.0 1364.0 1947.0
781.0 1364.0 1947.0
781.0 1113.5 1446.0
781.0 1113.5 1446.0
781.0 1113.5 1446.0
781.0 1024.0 1267.0
781.0 1024.0 1267.0
781.0 861.0 941.0
781.0 861.0 941.0
781.0 861.0 941.0
781.0 861.0 941.0
781.0 861.0 941.0
781.0 861.0 941.0
781.0 861.0 941.0
781.0 861.0 941.0
781.0 861.0 941.0
781.0 861.0 941.0
781.0 861.0 941.0
781.0 861.0 941.0
781.0 861.0 941.0
781.0 861.0 941.0
781.0 861.0 941.0
781.0 861.0 941.0
781.0 861.0 941.0
781.0 861.0 941.0
781.0 861.0 941.0
781.0 861.0 941.0
781.0 861.0 941.0
781.0 861.0 941.0
781.0 861.0 941.0
781.0 861.0 941.0
781.0 861.0 941.0
781.0 861.0 941.0
781.0 861.0 941.0
781.0 861.0 941.0
781.0 861.0 941.0
781.0 861.0 941.0
781.0 861.0 941.0
781.0 861.0 941.0
781.0 861.0 941.0
781.0 861.0 941.0
781.0 861.0 941.0
781.0 861.0 941.0
781.0 861.0 941.0
781.0 861.0 941.0
781.0 861.0 941.0
781.0 861.0 941.0
781.0 861.0 941.0
781.0 861.0 941.0
781.0 861.0 941.0
781.0 861.0 941.0
781.0 861.0 941.0
781.0 861.0 941.0
781.0 861.0 941.0
781.0 861.0 941.0
781.0 861.0 941.0
781.0 861.0 941.0
781.0 861.0 941.0
781.0 861.0 941.0
781.0 861.0 941.0
781.0 861.0 941.0
781.0 861.0 941.0
781.0 861.0 941.0
781.0 861.0 941.0
781.0 861.0 941.0
781.0 861.0 941.0
781.0 861.0 941.0
781.0 861.0 941.0
781.0 861.0 941.0
781.0 861.0 941.0
781.0 991.5 1202.0
781.0 991.5 1202.0
781.0 991.5 1202.0
781.0 991.5 1202.0
781.0 991.5 1202.0
781.0 991.5 1202.0
781.0 991.5 1202.0
781.0 991.5 1202.0
781.0 991.5 1202.0
781.0 991.5 1202.0
781.0 991.5 1202.0
781.0 991.5 1202.0
781.0 991.5 1202.0
781.0 991.5 1202.0
781.0 991.5 1202.0
781.0 991.5 1202.0
781.0 991.5 1202.0
781.0 991.5 1202.0
781.0 991.5 1202.0
781.0 991.5 1202.0
781.0 991.5 1202.0
781.0 991.5 1202.0
781.0 991.5 1202.0
781.0 991.5 1202.0
781.0 991.5 1202.0
781.0 991.5 1202.0
781.0 991.5 1202.0
781.0 991.5 1202.0
781.0 991.5 1202.0
781.0 991.5 1202.0
781.0 991.5 1202.0
781.0 991.5 1202.0
781.0 991.5 1202.0
781.0 991.5 1202.0
781.0 991.5 1202.0
781.0 991.5 1202.0
781.0 991.5 1202.0
781.0 991.5 1202.0
781.0 991.5 1202.0
781.0 991.5 1202.0
781.0 991.5 1202.0
781.0 991.5 1202.0
781.0 991.5 1202.0
781.0 991.5 1202.0
781.0 991.5 1202.0
781.0 991.5 1202.0
781.0 991.5 1202.0
781.0 991.5 1202.0
781.0 991.5 1202.0
781.0 991.5 1202.0
781.0 991.5 1202.0
781.0 991.5 1202.0
781.0 991.5 1202.0
781.0 991.5 1202.0
781.0 991.5 1202.0
781.0 991.5 1202.0
781.0 991.5 1202.0
781.0 991.5 1202.0
781.0 991.5 1202.0
781.0 991.5 1202.0
781.0 991.5 1202.0
781.0 991.5 1202.0
781.0 991.5 1202.0
781.0 991.5 1202.0
781.0 991.5 1202.0
781.0 991.5 1202.0
781.0 991.5 1202.0
781.0 991.5 1202.0
781.0 991.5 1202.0
781.0 991.5 1202.0
781.0 991.5 1202.0
781.0 991.5 1202.0
781.0 991.5 1202.0
781.0 991.5 1202.0
781.0 991.5 1202.0
781.0 991.5 1202.0
781.0 991.5 1202.0
781.0 991.5 1202.0
781.0 991.5 1202.0
781.0 991.5 1202.0
781.0 991.5 1202.0
781.0 991.5 1202.0
781.0 991.5 1202.0
781.0 991.5 1202.0
781.0 991.5 1202.0
781.0 991.5 1202.0
781.0 991.5 1202.0
781.0 991.5 1202.0
781.0 991.5 1202.0
781.0 991.5 1202.0
781.0 991.5 1202.0
781.0 991.5 1202.0
781.0 991.5 1202.0
781.0 991.5 1202.0
781.0 991.5 1202.0
781.0 991.5 1202.0
781.0 991.5 1202.0
781.0 991.5 1202.0
781.0 991.5 1202.0
781.0 991.5 1202.0
781.0 991.5 1202.0
781.0 991.5 1202.0
781.0 991.5 1202.0
781.0 991.5 1202.0
781.0 991.5 1202.0
781.0 991.5 1202.0
781.0 991.5 1202.0
781.0 991.5 1202.0
781.0 991.5 1202.0
781.0 991.5 1202.0
781.0 991.5 1202.0
781.0 991.5 1202.0
781.0 991.5 1202.0
781.0 991.5 1202.0
