14209.0 14580.0 14951.0
10872.0 11516.0 12160.0
8703.0 10517.5 12332.0
7639.0 8615.5 9592.0
4520.0 5628.0 6736.0
4942.0 5466.5 5991.0
4299.0 4620.5 4942.0
4299.0 4849.5 5400.0
2979.0 3008.0 3037.0
3037.0 3076.5 3116.0
3109.0 3198.0 3287.0
3109.0 3198.0 3287.0
3109.0 3198.0 3287.0
2751.0 2930.0 3109.0
2751.0 2930.0 3109.0
2751.0 2930.0 3109.0
2751.0 2930.0 3109.0
2751.0 2774.5 2798.0
2751.0 2774.5 2798.0
2751.0 2774.5 2798.0
2751.0 2774.5 2798.0
2751.0 2774.5 2798.0
2751.0 2774.5 2798.0
2751.0 2774.5 2798.0
1645.0 2198.0 2751.0
1645.0 2198.0 2751.0
1645.0 2198.0 2751.0
1645.0 2198.0 2751.0
1645.0 2049.0 2453.0
1645.0 1787.0 1929.0
1645.0 1787.0 1929.0
1645.0 1787.0 1929.0
1645.0 1787.0 1929.0
1645.0 1787.0 1929.0
1645.0 1787.0 1929.0
1645.0 1787.0 1929.0
1645.0 1787.0 1929.0
1645.0 1787.0 1929.0
1645.0 1787.0 1929.0
1645.0 1787.0 1929.0
1645.0 1787.0 1929.0
1645.0 1787.0 1929.0
1645.0 1787.0 1929.0
1645.0 1787.0 1929.0
1645.0 1787.0 1929.0
1645.0 1787.0 1929.0
1645.0 1787.0 1929.0
1645.0 1787.0 1929.0
1645.0 1881.0 2117.0
1645.0 1791.5 1938.0
1645.0 1791.5 1938.0
1645.0 1791.5 1938.0
1645.0 1743.0 1841.0
1752.0 1796.5 1841.0
1411.0 1581.5 1752.0
1411.0 1581.5 1752.0
1411.0 1581.5 1752.0
1411.0 1581.5 1752.0
1411.0 1581.5 1752.0
1411.0 1581.5 1752.0
1411.0 1581.5 1752.0
1411.0 1581.5 1752.0
1411.0 1581.5 1752.0
1411.0 1581.5 1752.0
1411.0 1581.5 1752.0
1411.0 1581.5 1752.0
1411.0 1581.5 1752.0
1411.0 1581.5 1752.0
1411.0 1581.5 1752.0
1411.0 1581.5 1752.0
1411.0 1581.5 1752.0
1411.0 1581.5 1752.0
1411.0 1581.5 1752.0
1411.0 1581.5 1752.0
1411.0 1581.5 1752.0
1411.0 1581.5 1752.0
1411.0 1581.5 1752.0
1411.0 1581.5 1752.0
1411.0 1581.5 1752.0
1411.0 1581.5 1752.0
1411.0 1581.5 1752.0
1411.0 1581.5 1752.0
1411.0 1581.5 1752.0
1411.0 1581.5 1752.0
1411.0 1581.5 1752.0
1411.0 1581.5 1752.0
1411.0 1581.5 1752.0
1411.0 1581.5 1752.0
1411.0 1581.5 1752.0
1411.0 1581.5 1752.0
1411.0 1581.5 1752.0
1411.0 1581.5 1752.0
1411.0 1581.5 1752.0
1411.0 1581.5 1752.0
1411.0 1581.5 1752.0
1411.0 1581.5 1752.0
1411.0 1581.5 1752.0
1411.0 1581.5 1752.0
1411.0 1581.5 1752.0
1411.0 1581.5 1752.0
1411.0 1581.5 1752.0
1411.0 1581.5 1752.0
1411.0 1581.5 1752.0
1411.0 1581.5 1752.0
1411.0 1581.5 1752.0
1411.0 1581.5 1752.0
1411.0 1581.5 1752.0
1411.0 1581.5 1752.0
1411.0 1581.5 1752.0
1411.0 1581.5 1752.0
1411.0 1581.5 1752.0
1411.0 1581.5 1752.0
1411.0 1581.5 1752.0
1411.0 1581.5 1752.0
1411.0 1581.5 1752.0
1411.0 1581.5 1752.0
1411.0 1581.5 1752.0
1411.0 1581.5 1752.0
1411.0 1581.5 1752.0
1411.0 1581.5 1752.0
1411.0 1581.5 1752.0
1411.0 1581.5 1752.0
1411.0 1581.5 1752.0
1411.0 1581.5 1752.0
1411.0 1581.5 1752.0
1411.0 1581.5 1752.0
1411.0 1581.5 1752.0
1411.0 1581.5 1752.0
1411.0 1581.5 1752.0
1411.0 1581.5 1752.0
1411.0 1581.5 1752.0
1411.0 1581.5 1752.0
1411.0 1581.5 1752.0
1411.0 1581.5 1752.0
1411.0 1581.5 1752.0
1411.0 1581.5 1752.0
1411.0 1581.5 1752.0
1411.0 1581.5 1752.0
1411.0 1581.5 1752.0
1411.0 1581.5 1752.0
1411.0 1581.5 1752.0
1411.0 1581.5 1752.0
1411.0 1581.5 1752.0
1411.0 1581.5 1752.0
1411.0 1581.5 1752.0
1411.0 1581.5 1752.0
1411.0 1581.5 1752.0
1411.0 1581.5 1752.0
1411.0 1581.5 1752.0
1411.0 1581.5 1752.0
1411.0 1581.5 1752.0
1411.0 1581.5 1752.0
1411.0 1581.5 1752.0
1411.0 1581.5 1752.0
1411.0 1581.5 1752.0
1411.0 1581.5 1752.0
1411.0 1581.5 1752.0
1411.0 1581.5 1752.0
1411.0 1581.5 1752.0
1411.0 1581.5 1752.0
1411.0 1581.5 1752.0
1411.0 1581.5 1752.0
1411.0 1581.5 1752.0
1411.0 1581.5 1752.0
1411.0 1581.5 1752.0
1411.0 1581.5 1752.0
1411.0 1581.5 1752.0
1411.0 1581.5 1752.0
1411.0 1581.5 1752.0
1411.0 1581.5 1752.0
1411.0 1581.5 1752.0
1411.0 1581.5 1752.0
1411.0 1581.5 1752.0
1411.0 1581.5 1752.0
1411.0 1581.5 1752.0
1411.0 1581.5 1752.0
1411.0 1581.5 1752.0
1411.0 1581.5 1752.0
1411.0 1581.5 1752.0
1411.0 1581.5 1752.0
1411.0 1581.5 1752.0
1411.0 1581.5 1752.0
1411.0 1581.5 1752.0
1411.0 1581.5 1752.0
1411.0 1581.5 1752.0
1411.0 1581.5 1752.0
1411.0 1581.5 1752.0
1411.0 1581.5 1752.0
1411.0 1581.5 1752.0
1411.0 1581.5 1752.0
1411.0 1581.5 1752.0
1411.0 1581.5 1752.0
1411.0 1581.5 1752.0
1411.0 1581.5 1752.0
1411.0 1581.5 1752.0
1411.0 1581.5 1752.0
1411.0 1581.5 1752.0
1411.0 1581.5 1752.0
1411.0 1581.5 1752.0
1411.0 1581.5 1752.0
