13355.0 14015.0 14675.0
11003.0 11326.0 11649.0
9733.0 9798.0 9863.0
7129.0 7310.5 7492.0
5215.0 6716.0 8217.0
3778.0 3990.5 4203.0
3825.0 4014.0 4203.0
2813.0 3603.0 4393.0
2769.0 3331.5 3894.0
2769.0 3213.0 3657.0
2769.0 3002.5 3236.0
2769.0 3002.5 3236.0
2053.0 2056.0 2059.0
2053.0 2056.0 2059.0
2053.0 2056.0 2059.0
2053.0 2056.0 2059.0
2053.0 2056.0 2059.0
2053.0 2056.0 2059.0
2053.0 2056.0 2059.0
2053.0 2056.0 2059.0
1900.0 1979.5 2059.0
1900.0 1979.5 2059.0
1578.0 1818.5 2059.0
1425.0 1742.0 2059.0
1425.0 1742.0 2059.0
1425.0 1742.0 2059.0
1425.0 1742.0 2059.0
1425.0 1742.0 2059.0
1425.0 1742.0 2059.0
1425.0 1742.0 2059.0
1425.0 1742.0 2059.0
1425.0 1742.0 2059.0
1425.0 1742.0 2059.0
1425.0 1742.0 2059.0
1425.0 1742.0 2059.0
1425.0 1687.0 1949.0
1425.0 1598.0 1771.0
1425.0 1598.0 1771.0
1425.0 1598.0 1771.0
1425.0 1598.0 1771.0
1425.0 1598.0 1771.0
1425.0 1598.0 1771.0
1425.0 1598.0 1771.0
1425.0 1598.0 1771.0
1425.0 1598.0 1771.0
1425.0 1598.0 1771.0
1425.0 1598.0 1771.0
1425.0 1598.0 1771.0
1425.0 1598.0 1771.0
1425.0 1598.0 1771.0
1425.0 1598.0 1771.0
1425.0 1598.0 1771.0
1425.0 1598.0 1771.0
1425.0 1598.0 1771.0
1425.0 1598.0 1771.0
1466.0 1618.5 1771.0
1466.0 1618.5 1771.0
1267.0 1366.5 1466.0
1267.0 1366.5 1466.0
1128.0 1297.0 1466.0
1128.0 1297.0 1466.0
1128.0 1297.0 1466.0
1128.0 1297.0 1466.0
1128.0 1297.0 1466.0
1128.0 1297.0 1466.0
1128.0 1297.0 1466.0
1128.0 1297.0 1466.0
1128.0 1297.0 1466.0
956.0 1211.0 1466.0
956.0 1211.0 1466.0
956.0 1211.0 1466.0
956.0 1211.0 1466.0
956.0 1211.0 1466.0
956.0 1211.0 1466.0
956.0 1211.0 1466.0
956.0 1211.0 1466.0
956.0 1211.0 1466.0
956.0 1211.0 1466.0
956.0 1211.0 1466.0
956.0 1211.0 1466.0
956.0 1211.0 1466.0
956.0 1211.0 1466.0
956.0 1211.0 1466.0
956.0 1211.0 1466.0
956.0 1211.0 1466.0
956.0 1211.0 1466.0
956.0 1211.0 1466.0
956.0 1211.0 1466.0
956.0 1211.0 1466.0
956.0 1211.0 1466.0
956.0 1211.0 1466.0
956.0 1211.0 1466.0
956.0 1211.0 1466.0
956.0 1211.0 1466.0
956.0 1211.0 1466.0
956.0 1211.0 1466.0
956.0 1211.0 1466.0
956.0 1211.0 1466.0
956.0 1211.0 1466.0
956.0 1211.0 1466.0
956.0 1211.0 1466.0
956.0 1211.0 1466.0
956.0 1211.0 1466.0
956.0 1211.0 1466.0
956.0 1211.0 1466.0
956.0 1211.0 1466.0
956.0 1211.0 1466.0
956.0 1211.0 1466.0
956.0 1211.0 1466.0
956.0 1211.0 1466.0
956.0 1211.0 1466.0
956.0 1211.0 1466.0
956.0 1211.0 1466.0
956.0 1211.0 1466.0
956.0 1211.0 1466.0
956.0 1211.0 1466.0
956.0 1211.0 1466.0
956.0 1211.0 1466.0
956.0 1211.0 1466.0
956.0 1211.0 1466.0
956.0 1211.0 1466.0
956.0 1211.0 1466.0
956.0 1211.0 1466.0
956.0 1211.0 1466.0
956.0 1211.0 1466.0
956.0 1211.0 1466.0
956.0 1211.0 1466.0
956.0 1211.0 1466.0
956.0 1211.0 1466.0
956.0 1211.0 1466.0
956.0 1211.0 1466.0
956.0 1211.0 1466.0
956.0 1211.0 1466.0
956.0 1211.0 1466.0
956.0 1211.0 1466.0
956.0 1211.0 1466.0
956.0 1211.0 1466.0
956.0 1211.0 1466.0
956.0 1211.0 1466.0
956.0 1211.0 1466.0
956.0 1211.0 1466.0
956.0 1211.0 1466.0
956.0 1211.0 1466.0
956.0 1211.0 1466.0
956.0 1211.0 1466.0
956.0 1211.0 1466.0
956.0 1211.0 1466.0
956.0 1211.0 1466.0
956.0 1211.0 1466.0
956.0 1211.0 1466.0
956.0 1211.0 1466.0
956.0 1211.0 1466.0
956.0 1211.0 1466.0
956.0 1211.0 1466.0
956.0 1211.0 1466.0
956.0 1211.0 1466.0
956.0 1211.0 1466.0
956.0 1211.0 1466.0
956.0 1211.0 1466.0
956.0 1211.0 1466.0
956.0 1211.0 1466.0
956.0 1211.0 1466.0
956.0 1211.0 1466.0
956.0 1211.0 1466.0
956.0 1211.0 1466.0
956.0 1211.0 1466.0
956.0 1211.0 1466.0
956.0 1211.0 1466.0
956.0 1211.0 1466.0
956.0 1211.0 1466.0
956.0 1211.0 1466.0
956.0 1211.0 1466.0
956.0 1211.0 1466.0
956.0 1211.0 1466.0
956.0 1211.0 1466.0
956.0 1211.0 1466.0
956.0 1211.0 1466.0
956.0 1211.0 1466.0
956.0 1211.0 1466.0
956.0 1211.0 1466.0
956.0 1211.0 1466.0
956.0 1211.0 1466.0
956.0 1211.0 1466.0
956.0 1211.0 1466.0
956.0 1211.0 1466.0
956.0 1211.0 1466.0
956.0 1211.0 1466.0
956.0 1211.0 1466.0
956.0 1211.0 1466.0
956.0 1211.0 1466.0
956.0 1211.0 1466.0
956.0 1211.0 1466.0
956.0 1211.0 1466.0
956.0 1211.0 1466.0
956.0 1211.0 1466.0
956.0 1211.0 1466.0
956.0 1211.0 1466.0
956.0 1211.0 1466.0
956.0 1211.0 1466.0
956.0 1211.0 1466.0
