10997.0 14284.5 17572.0
13011.0 13677.5 14344.0
11348.0 12179.5 13011.0
9306.0 10038.5 10771.0
6215.0 6488.0 6761.0
2825.0 4667.0 6509.0
3457.0 4341.5 5226.0
2825.0 3584.5 4344.0
2253.0 3105.0 3957.0
2490.0 2831.5 3173.0
2452.0 2471.0 2490.0
2142.0 2297.0 2452.0
2142.0 2296.5 2451.0
1401.0 1771.5 2142.0
1401.0 1771.5 2142.0
1401.0 1771.5 2142.0
1401.0 1771.5 2142.0
1401.0 1771.5 2142.0
1401.0 1771.5 2142.0
1401.0 1771.5 2142.0
1401.0 1771.5 2142.0
1401.0 1771.5 2142.0
1401.0 1771.5 2142.0
1401.0 1771.5 2142.0
1401.0 1771.5 2142.0
1401.0 1771.5 2142.0
1401.0 1771.5 2142.0
1401.0 1771.5 2142.0
1401.0 1771.5 2142.0
1401.0 1771.5 2142.0
1401.0 1771.5 2142.0
1401.0 1771.5 2142.0
1401.0 1771.5 2142.0
1401.0 1771.5 2142.0
1401.0 1771.5 2142.0
1401.0 1771.5 2142.0
1401.0 1771.5 2142.0
1401.0 1771.5 2142.0
1401.0 1771.5 2142.0
1401.0 1771.5 2142.0
1401.0 1771.5 2142.0
1401.0 1771.5 2142.0
1401.0 1771.5 2142.0
1401.0 1771.5 2142.0
1401.0 1771.5 2142.0
1401.0 1771.5 2142.0
1401.0 1771.5 2142.0
1401.0 1771.5 2142.0
1401.0 1771.5 2142.0
1401.0 1771.5 2142.0
1401.0 1771.5 2142.0
1401.0 1771.5 2142.0
1401.0 1771.5 2142.0
1401.0 1771.5 2142.0
1401.0 1771.5 2142.0
1401.0 1771.5 2142.0
1401.0 1771.5 2142.0
1401.0 1771.5 2142.0
1401.0 1771.5 2142.0
1401.0 1771.5 2142.0
1401.0 1771.5 2142.0
1401.0 1771.5 2142.0
1401.0 1771.5 2142.0
1401.0 1771.5 2142.0
1401.0 1771.5 2142.0
1401.0 1771.5 2142.0
1401.0 1771.5 2142.0
1401.0 1771.5 2142.0
1401.0 1771.5 2142.0
1401.0 1771.5 2142.0
1401.0 1771.5 2142.0
1401.0 1771.5 2142.0
1401.0 1771.5 2142.0
1401.0 1771.5 2142.0
1401.0 1771.5 2142.0
1401.0 1771.5 2142.0
1401.0 1889.5 2378.0
1401.0 1889.5 2378.0
1401.0 1598.5 1796.0
1401.0 1598.5 1796.0
1401.0 1598.5 1796.0
1401.0 1598.5 1796.0
1401.0 1598.5 1796.0
1401.0 1598.5 1796.0
1401.0 1598.5 1796.0
1401.0 1598.5 1796.0
1401.0 1598.5 1796.0
1401.0 1598.5 1796.0
1401.0 1598.5 1796.0
1401.0 1598.5 1796.0
1401.0 1598.5 1796.0
1401.0 1598.5 1796.0
1401.0 1598.5 1796.0
1401.0 1598.5 1796.0
1401.0 1598.5 1796.0
1401.0 1598.5 1796.0
1401.0 1598.5 1796.0
1401.0 1598.5 1796.0
1401.0 1598.5 1796.0
1401.0 1598.5 1796.0
1401.0 1598.5 1796.0
1401.0 1598.5 1796.0
1401.0 1598.5 1796.0
1401.0 1598.5 1796.0
1401.0 1598.5 1796.0
1401.0 1598.5 1796.0
1401.0 1598.5 1796.0
1401.0 1598.5 1796.0
1401.0 1598.5 1796.0
1401.0 1598.5 1796.0
1401.0 1598.5 1796.0
1401.0 1598.5 1796.0
1401.0 1598.5 1796.0
1401.0 1598.5 1796.0
1401.0 1598.5 1796.0
1401.0 1598.5 1796.0
1401.0 1598.5 1796.0
1259.0 1330.0 1401.0
1259.0 1330.0 1401.0
1259.0 1330.0 1401.0
1259.0 1330.0 1401.0
1259.0 1330.0 1401.0
1259.0 1330.0 1401.0
1259.0 1330.0 1401.0
1259.0 1330.0 1401.0
1259.0 1330.0 1401.0
1259.0 1330.0 1401.0
1259.0 1330.0 1401.0
1259.0 1330.0 1401.0
1259.0 1330.0 1401.0
1259.0 1330.0 1401.0
1259.0 1330.0 1401.0
1259.0 1330.0 1401.0
1259.0 1330.0 1401.0
1259.0 1330.0 1401.0
1259.0 1330.0 1401.0
1259.0 1330.0 1401.0
1259.0 1330.0 1401.0
1259.0 1330.0 1401.0
1259.0 1330.0 1401.0
1259.0 1330.0 1401.0
1259.0 1330.0 1401.0
1259.0 1330.0 1401.0
1259.0 1330.0 1401.0
1259.0 1330.0 1401.0
1259.0 1330.0 1401.0
1259.0 1330.0 1401.0
1259.0 1330.0 1401.0
1259.0 1330.0 1401.0
1259.0 1330.0 1401.0
1259.0 1330.0 1401.0
1259.0 1330.0 1401.0
1401.0 1434.5 1468.0
1401.0 1434.5 1468.0
1401.0 1434.5 1468.0
1401.0 1434.5 1468.0
1401.0 1434.5 1468.0
1401.0 1434.5 1468.0
1401.0 1434.5 1468.0
1401.0 1434.5 1468.0
1401.0 1434.5 1468.0
1401.0 1434.5 1468.0
1401.0 1434.5 1468.0
1401.0 1434.5 1468.0
1401.0 1434.5 1468.0
1401.0 1434.5 1468.0
1401.0 1434.5 1468.0
1401.0 1434.5 1468.0
1401.0 1434.5 1468.0
1401.0 1434.5 1468.0
1401.0 1434.5 1468.0
1401.0 1434.5 1468.0
1401.0 1434.5 1468.0
1401.0 1434.5 1468.0
1401.0 1434.5 1468.0
1401.0 1434.5 1468.0
1401.0 1434.5 1468.0
1401.0 1434.5 1468.0
1401.0 1434.5 1468.0
1401.0 1434.5 1468.0
1401.0 1434.5 1468.0
1401.0 1434.5 1468.0
1401.0 1434.5 1468.0
1401.0 1434.5 1468.0
1401.0 1434.5 1468.0
1401.0 1434.5 1468.0
1401.0 1434.5 1468.0
1401.0 1434.5 1468.0
1401.0 1434.5 1468.0
1401.0 1434.5 1468.0
1401.0 1434.5 1468.0
1401.0 1434.5 1468.0
1401.0 1434.5 1468.0
1401.0 1434.5 1468.0
1401.0 1434.5 1468.0
1401.0 1434.5 1468.0
1401.0 1434.5 1468.0
1401.0 1434.5 1468.0
1401.0 1434.5 1468.0
1401.0 1434.5 1468.0
