12123.0 12201.0 12279.0
11202.0 11584.5 11967.0
8640.0 8684.0 8728.0
4513.0 5238.5 5964.0
4110.0 4451.5 4793.0
3781.0 4399.0 5017.0
2928.0 2952.0 2976.0
2172.0 2574.0 2976.0
1917.0 2044.5 2172.0
1917.0 1960.0 2003.0
2003.0 2171.0 2339.0
901.0 1126.0 1351.0
901.0 1126.0 1351.0
901.0 1025.0 1149.0
901.0 1025.0 1149.0
901.0 1025.0 1149.0
901.0 1025.0 1149.0
901.0 1025.0 1149.0
901.0 1025.0 1149.0
901.0 1025.0 1149.0
901.0 1025.0 1149.0
901.0 1025.0 1149.0
901.0 1025.0 1149.0
901.0 1025.0 1149.0
901.0 1025.0 1149.0
901.0 1025.0 1149.0
901.0 1025.0 1149.0
901.0 1025.0 1149.0
901.0 1025.0 1149.0
901.0 1025.0 1149.0
901.0 1025.0 1149.0
901.0 1025.0 1149.0
901.0 1025.0 1149.0
901.0 1025.0 1149.0
901.0 1025.0 1149.0
939.0 1044.0 1149.0
939.0 1044.0 1149.0
939.0 1044.0 1149.0
939.0 1044.0 1149.0
939.0 1044.0 1149.0
939.0 1044.0 1149.0
939.0 1044.0 1149.0
939.0 1044.0 1149.0
939.0 1044.0 1149.0
939.0 1044.0 1149.0
939.0 1044.0 1149.0
939.0 1044.0 1149.0
939.0 1044.0 1149.0
939.0 1044.0 1149.0
939.0 1044.0 1149.0
939.0 1044.0 1149.0
939.0 1044.0 1149.0
939.0 1044.0 1149.0
939.0 1044.0 1149.0
939.0 1044.0 1149.0
939.0 1044.0 1149.0
939.0 1044.0 1149.0
939.0 1044.0 1149.0
939.0 1044.0 1149.0
939.0 1044.0 1149.0
939.0 1044.0 1149.0
939.0 1044.0 1149.0
939.0 1044.0 1149.0
939.0 1044.0 1149.0
939.0 1044.0 1149.0
939.0 1044.0 1149.0
939.0 1044.0 1149.0
939.0 1044.0 1149.0
939.0 1044.0 1149.0
939.0 1044.0 1149.0
939.0 1044.0 1149.0
939.0 1044.0 1149.0
939.0 1044.0 1149.0
939.0 1044.0 1149.0
939.0 1044.0 1149.0
939.0 1044.0 1149.0
939.0 1044.0 1149.0
939.0 1044.0 1149.0
939.0 1044.0 1149.0
939.0 1044.0 1149.0
939.0 1044.0 1149.0
939.0 1044.0 1149.0
939.0 1044.0 1149.0
939.0 1044.0 1149.0
939.0 1044.0 1149.0
939.0 1044.0 1149.0
939.0 1044.0 1149.0
939.0 1044.0 1149.0
939.0 1044.0 1149.0
939.0 1044.0 1149.0
939.0 1044.0 1149.0
939.0 1044.0 1149.0
939.0 1044.0 1149.0
939.0 1044.0 1149.0
939.0 1044.0 1149.0
939.0 1044.0 1149.0
939.0 1044.0 1149.0
939.0 1044.0 1149.0
939.0 1044.0 1149.0
939.0 1044.0 1149.0
939.0 1044.0 1149.0
939.0 1044.0 1149.0
939.0 1044.0 1149.0
939.0 1044.0 1149.0
939.0 1044.0 1149.0
939.0 1044.0 1149.0
939.0 1044.0 1149.0
939.0 1044.0 1149.0
939.0 1044.0 1149.0
939.0 1044.0 1149.0
939.0 1044.0 1149.0
939.0 1044.0 1149.0
939.0 1044.0 1149.0
939.0 1044.0 1149.0
939.0 1044.0 1149.0
939.0 1044.0 1149.0
939.0 1044.0 1149.0
939.0 1044.0 1149.0
939.0 1044.0 1149.0
939.0 1044.0 1149.0
939.0 1044.0 1149.0
939.0 1044.0 1149.0
939.0 1044.0 1149.0
939.0 1044.0 1149.0
939.0 1044.0 1149.0
939.0 1044.0 1149.0
939.0 1044.0 1149.0
939.0 1044.0 1149.0
939.0 1044.0 1149.0
939.0 1044.0 1149.0
939.0 1044.0 1149.0
939.0 1044.0 1149.0
939.0 1044.0 1149.0
939.0 1044.0 1149.0
939.0 1044.0 1149.0
939.0 1044.0 1149.0
939.0 1044.0 1149.0
939.0 1044.0 1149.0
939.0 1044.0 1149.0
939.0 1044.0 1149.0
939.0 1044.0 1149.0
939.0 1044.0 1149.0
939.0 1044.0 1149.0
939.0 1044.0 1149.0
939.0 1044.0 1149.0
939.0 1044.0 1149.0
939.0 1044.0 1149.0
939.0 1044.0 1149.0
939.0 1044.0 1149.0
939.0 1044.0 1149.0
939.0 1044.0 1149.0
939.0 1044.0 1149.0
939.0 1044.0 1149.0
939.0 1044.0 1149.0
939.0 1044.0 1149.0
939.0 1044.0 1149.0
939.0 1044.0 1149.0
939.0 1044.0 1149.0
939.0 1044.0 1149.0
939.0 1044.0 1149.0
939.0 1044.0 1149.0
939.0 1044.0 1149.0
939.0 1044.0 1149.0
939.0 1044.0 1149.0
939.0 1044.0 1149.0
939.0 1044.0 1149.0
939.0 1044.0 1149.0
939.0 1044.0 1149.0
939.0 1044.0 1149.0
939.0 1044.0 1149.0
939.0 1044.0 1149.0
939.0 1044.0 1149.0
939.0 1044.0 1149.0
939.0 1044.0 1149.0
939.0 1044.0 1149.0
939.0 1044.0 1149.0
939.0 1044.0 1149.0
939.0 1044.0 1149.0
939.0 1044.0 1149.0
939.0 1044.0 1149.0
939.0 1044.0 1149.0
939.0 1044.0 1149.0
939.0 1044.0 1149.0
939.0 1044.0 1149.0
939.0 1044.0 1149.0
939.0 1044.0 1149.0
939.0 1044.0 1149.0
939.0 1044.0 1149.0
939.0 1044.0 1149.0
939.0 1044.0 1149.0
939.0 1044.0 1149.0
939.0 1044.0 1149.0
939.0 1044.0 1149.0
939.0 1044.0 1149.0
939.0 1044.0 1149.0
939.0 1044.0 1149.0
939.0 1044.0 1149.0
939.0 1044.0 1149.0
939.0 1044.0 1149.0
939.0 1044.0 1149.0
