11541.0 12850.0 14159.0
9733.0 10193.0 10653.0
5744.0 8175.5 10607.0
4707.0 5626.5 6546.0
3605.0 3855.5 4106.0
3092.0 3682.0 4272.0
2345.0 2572.0 2799.0
2274.0 2536.5 2799.0
1984.0 2017.0 2050.0
1447.0 1748.5 2050.0
1447.0 1549.5 1652.0
1384.0 1482.5 1581.0
923.0 1376.5 1830.0
923.0 1044.5 1166.0
923.0 1044.5 1166.0
923.0 944.5 966.0
923.0 944.5 966.0
734.0 828.5 923.0
734.0 828.5 923.0
734.0 828.5 923.0
734.0 828.5 923.0
734.0 828.5 923.0
734.0 828.5 923.0
734.0 828.5 923.0
734.0 828.5 923.0
734.0 828.5 923.0
734.0 828.5 923.0
734.0 828.5 923.0
734.0 828.5 923.0
734.0 828.5 923.0
734.0 828.5 923.0
734.0 828.5 923.0
734.0 828.5 923.0
734.0 828.5 923.0
734.0 828.5 923.0
734.0 828.5 923.0
734.0 828.5 923.0
734.0 828.5 923.0
734.0 828.5 923.0
734.0 828.5 923.0
734.0 828.5 923.0
734.0 828.5 923.0
734.0 828.5 923.0
734.0 828.5 923.0
734.0 828.5 923.0
734.0 828.5 923.0
734.0 828.5 923.0
734.0 828.5 923.0
734.0 828.5 923.0
734.0 828.5 923.0
734.0 828.5 923.0
734.0 828.5 923.0
734.0 828.5 923.0
734.0 828.5 923.0
734.0 828.5 923.0
734.0 828.5 923.0
734.0 828.5 923.0
734.0 828.5 923.0
734.0 828.5 923.0
734.0 828.5 923.0
734.0 828.5 923.0
734.0 828.5 923.0
734.0 828.5 923.0
734.0 828.5 923.0
734.0 828.5 923.0
734.0 828.5 923.0
734.0 828.5 923.0
734.0 828.5 923.0
734.0 828.5 923.0
734.0 828.5 923.0
734.0 828.5 923.0
734.0 828.5 923.0
734.0 828.5 923.0
734.0 828.5 923.0
734.0 828.5 923.0
734.0 828.5 923.0
734.0 828.5 923.0
734.0 828.5 923.0
734.0 828.5 923.0
734.0 828.5 923.0
734.0 828.5 923.0
734.0 828.5 923.0
734.0 828.5 923.0
734.0 828.5 923.0
734.0 828.5 923.0
734.0 828.5 923.0
734.0 828.5 923.0
734.0 828.5 923.0
734.0 828.5 923.0
734.0 828.5 923.0
734.0 828.5 923.0
734.0 828.5 923.0
734.0 828.5 923.0
734.0 828.5 923.0
734.0 828.5 923.0
734.0 828.5 923.0
734.0 828.5 923.0
734.0 828.5 923.0
734.0 828.5 923.0
734.0 828.5 923.0
734.0 828.5 923.0
734.0 828.5 923.0
734.0 828.5 923.0
734.0 828.5 923.0
734.0 828.5 923.0
734.0 828.5 923.0
734.0 828.5 923.0
734.0 828.5 923.0
734.0 828.5 923.0
734.0 828.5 923.0
734.0 828.5 923.0
734.0 828.5 923.0
734.0 828.5 923.0
734.0 828.5 923.0
734.0 828.5 923.0
734.0 828.5 923.0
734.0 828.5 923.0
734.0 828.5 923.0
734.0 828.5 923.0
734.0 828.5 923.0
734.0 828.5 923.0
734.0 828.5 923.0
734.0 828.5 923.0
734.0 828.5 923.0
734.0 828.5 923.0
734.0 828.5 923.0
734.0 828.5 923.0
734.0 828.5 923.0
734.0 828.5 923.0
734.0 828.5 923.0
734.0 828.5 923.0
734.0 828.5 923.0
734.0 828.5 923.0
734.0 828.5 923.0
734.0 828.5 923.0
734.0 828.5 923.0
734.0 828.5 923.0
734.0 828.5 923.0
734.0 828.5 923.0
734.0 828.5 923.0
734.0 828.5 923.0
734.0 828.5 923.0
734.0 828.5 923.0
734.0 828.5 923.0
734.0 828.5 923.0
734.0 828.5 923.0
734.0 828.5 923.0
734.0 828.5 923.0
734.0 828.5 923.0
734.0 828.5 923.0
734.0 828.5 923.0
734.0 828.5 923.0
734.0 828.5 923.0
734.0 828.5 923.0
734.0 828.5 923.0
734.0 828.5 923.0
734.0 828.5 923.0
734.0 828.5 923.0
734.0 828.5 923.0
734.0 828.5 923.0
734.0 828.5 923.0
734.0 828.5 923.0
734.0 828.5 923.0
734.0 828.5 923.0
734.0 828.5 923.0
734.0 828.5 923.0
734.0 828.5 923.0
734.0 828.5 923.0
734.0 828.5 923.0
734.0 828.5 923.0
734.0 828.5 923.0
734.0 828.5 923.0
734.0 828.5 923.0
734.0 828.5 923.0
734.0 828.5 923.0
734.0 828.5 923.0
734.0 828.5 923.0
734.0 828.5 923.0
734.0 828.5 923.0
734.0 828.5 923.0
734.0 828.5 923.0
734.0 828.5 923.0
734.0 828.5 923.0
734.0 828.5 923.0
734.0 828.5 923.0
734.0 828.5 923.0
734.0 828.5 923.0
734.0 828.5 923.0
734.0 828.5 923.0
734.0 828.5 923.0
734.0 828.5 923.0
734.0 828.5 923.0
734.0 828.5 923.0
734.0 828.5 923.0
734.0 828.5 923.0
734.0 828.5 923.0
734.0 828.5 923.0
734.0 828.5 923.0
734.0 828.5 923.0
734.0 828.5 923.0
