15862.0 17865.5 19869.0
13858.0 16103.5 18349.0
13898.0 14086.5 14275.0
10955.0 12237.0 13519.0
7594.0 8847.5 10101.0
4941.0 6418.0 7895.0
3900.0 6104.0 8308.0
4006.0 5571.5 7137.0
3006.0 5071.5 7137.0
3006.0 4647.0 6288.0
2720.0 4331.5 5943.0
2720.0 3133.5 3547.0
2720.0 3133.5 3547.0
2720.0 3133.5 3547.0
2720.0 3044.0 3368.0
2720.0 2791.5 2863.0
2720.0 2791.5 2863.0
2720.0 2791.5 2863.0
1918.0 2390.5 2863.0
1918.0 2390.5 2863.0
1918.0 2390.5 2863.0
1918.0 2140.0 2362.0
1918.0 2140.0 2362.0
1918.0 2105.5 2293.0
1918.0 2105.5 2293.0
1918.0 2105.5 2293.0
1918.0 2105.5 2293.0
1918.0 2105.5 2293.0
1918.0 2105.5 2293.0
1918.0 2105.5 2293.0
1918.0 2105.5 2293.0
1918.0 2105.5 2293.0
1918.0 2105.5 2293.0
1918.0 2105.5 2293.0
1918.0 2105.5 2293.0
1918.0 2105.5 2293.0
1918.0 2105.5 2293.0
1918.0 2105.5 2293.0
1918.0 2105.5 2293.0
1918.0 2105.5 2293.0
1918.0 2105.5 2293.0
1918.0 2105.5 2293.0
1918.0 2105.5 2293.0
1918.0 2105.5 2293.0
1918.0 2105.5 2293.0
1918.0 2105.5 2293.0
1918.0 2105.5 2293.0
1918.0 2105.5 2293.0
1918.0 2105.5 2293.0
1918.0 2105.5 2293.0
1918.0 2105.5 2293.0
1918.0 2105.5 2293.0
1918.0 2005.5 2093.0
1918.0 2005.5 2093.0
1918.0 2005.5 2093.0
1918.0 2005.5 2093.0
1918.0 2005.5 2093.0
1918.0 2005.5 2093.0
1918.0 2005.5 2093.0
1918.0 2005.5 2093.0
1792.0 1942.5 2093.0
1792.0 1942.5 2093.0
1792.0 1942.5 2093.0
1792.0 1942.5 2093.0
1792.0 1942.5 2093.0
1792.0 1942.5 2093.0
1792.0 1942.5 2093.0
1792.0 1942.5 2093.0
1792.0 1942.5 2093.0
1792.0 1942.5 2093.0
1792.0 1942.5 2093.0
1792.0 1942.5 2093.0
1792.0 1942.5 2093.0
1792.0 1942.5 2093.0
1792.0 1942.5 2093.0
1792.0 1942.5 2093.0
1792.0 1942.5 2093.0
1792.0 1942.5 2093.0
1792.0 1942.5 2093.0
1792.0 1942.5 2093.0
1792.0 1942.5 2093.0
1792.0 1942.5 2093.0
1792.0 1942.5 2093.0
1792.0 1942.5 2093.0
1792.0 1942.5 2093.0
1792.0 1942.5 2093.0
1792.0 1942.5 2093.0
1792.0 1942.5 2093.0
1792.0 1942.5 2093.0
1792.0 1942.5 2093.0
1792.0 1942.5 2093.0
1792.0 1942.5 2093.0
1792.0 1942.5 2093.0
1792.0 1942.5 2093.0
1792.0 1942.5 2093.0
1792.0 1942.5 2093.0
1792.0 1942.5 2093.0
1792.0 1942.5 2093.0
1792.0 1942.5 2093.0
1792.0 1942.5 2093.0
1362.0 1727.5 2093.0
1362.0 1727.5 2093.0
1362.0 1727.5 2093.0
1362.0 1727.5 2093.0
1362.0 1727.5 2093.0
1362.0 1727.5 2093.0
1362.0 1727.5 2093.0
1362.0 1727.5 2093.0
1362.0 1727.5 2093.0
1362.0 1727.5 2093.0
1362.0 1727.5 2093.0
1362.0 1727.5 2093.0
1362.0 1727.5 2093.0
1362.0 1727.5 2093.0
1362.0 1727.5 2093.0
1362.0 1727.5 2093.0
1362.0 1727.5 2093.0
1362.0 1727.5 2093.0
1362.0 1727.5 2093.0
1362.0 1727.5 2093.0
1362.0 1727.5 2093.0
1362.0 1727.5 2093.0
1362.0 1727.5 2093.0
1362.0 1727.5 2093.0
1362.0 1727.5 2093.0
1362.0 1727.5 2093.0
1362.0 1727.5 2093.0
1362.0 1727.5 2093.0
1362.0 1727.5 2093.0
1362.0 1727.5 2093.0
1362.0 1727.5 2093.0
1362.0 1727.5 2093.0
1362.0 1727.5 2093.0
1362.0 1727.5 2093.0
1362.0 1727.5 2093.0
1362.0 1727.5 2093.0
1362.0 1727.5 2093.0
1362.0 1727.5 2093.0
1362.0 1727.5 2093.0
1362.0 1727.5 2093.0
1362.0 1727.5 2093.0
1362.0 1727.5 2093.0
1362.0 1727.5 2093.0
1362.0 1727.5 2093.0
1362.0 1727.5 2093.0
1362.0 1727.5 2093.0
1362.0 1727.5 2093.0
1362.0 1727.5 2093.0
1362.0 1727.5 2093.0
1362.0 1727.5 2093.0
1362.0 1727.5 2093.0
1362.0 1727.5 2093.0
1362.0 1727.5 2093.0
1362.0 1727.5 2093.0
1362.0 1727.5 2093.0
1362.0 1727.5 2093.0
1362.0 1727.5 2093.0
1362.0 1727.5 2093.0
1362.0 1727.5 2093.0
1362.0 1727.5 2093.0
1362.0 1727.5 2093.0
1362.0 1727.5 2093.0
1362.0 1727.5 2093.0
1362.0 1727.5 2093.0
1362.0 1727.5 2093.0
1362.0 1727.5 2093.0
1362.0 1727.5 2093.0
1362.0 1727.5 2093.0
1362.0 1727.5 2093.0
1362.0 1727.5 2093.0
1362.0 1727.5 2093.0
1362.0 1727.5 2093.0
1362.0 1727.5 2093.0
1362.0 1727.5 2093.0
1362.0 1727.5 2093.0
1362.0 1727.5 2093.0
1362.0 1727.5 2093.0
1178.0 1635.5 2093.0
1178.0 1635.5 2093.0
1178.0 1635.5 2093.0
1178.0 1635.5 2093.0
1178.0 1635.5 2093.0
1178.0 1635.5 2093.0
1178.0 1635.5 2093.0
1178.0 1635.5 2093.0
1178.0 1635.5 2093.0
1178.0 1635.5 2093.0
1178.0 1635.5 2093.0
1178.0 1635.5 2093.0
1178.0 1635.5 2093.0
1178.0 1635.5 2093.0
1178.0 1635.5 2093.0
1178.0 1635.5 2093.0
1178.0 1635.5 2093.0
1178.0 1635.5 2093.0
1178.0 1635.5 2093.0
1178.0 1635.5 2093.0
1178.0 1635.5 2093.0
1178.0 1635.5 2093.0
1178.0 1635.5 2093.0
