11855.0 12665.0 13475.0
9891.0 10355.5 10820.0
7070.0 7139.0 7208.0
5991.0 6468.0 6945.0
5357.0 5866.0 6375.0
4091.0 4724.0 5357.0
2591.0 3341.0 4091.0
2591.0 2651.5 2712.0
2475.0 2533.0 2591.0
1857.0 2452.0 3047.0
1857.0 2452.0 3047.0
1857.0 2452.0 3047.0
1857.0 2452.0 3047.0
1857.0 1984.0 2111.0
1802.0 1829.5 1857.0
1802.0 1829.5 1857.0
1802.0 1829.5 1857.0
1802.0 1829.5 1857.0
1802.0 1829.5 1857.0
1802.0 1829.5 1857.0
1802.0 1829.5 1857.0
1857.0 1857.5 1858.0
1857.0 1857.5 1858.0
1857.0 1857.5 1858.0
1857.0 1857.5 1858.0
1857.0 1857.5 1858.0
1857.0 1857.5 1858.0
1857.0 1857.5 1858.0
1858.0 2093.0 2328.0
1858.0 2093.0 2328.0
1858.0 2093.0 2328.0
1621.0 1974.5 2328.0
1621.0 1974.5 2328.0
1621.0 1974.5 2328.0
1621.0 1974.5 2328.0
1621.0 1974.5 2328.0
1621.0 1974.5 2328.0
1621.0 1974.5 2328.0
1775.0 2051.5 2328.0
1775.0 2051.5 2328.0
1775.0 2051.5 2328.0
1775.0 2051.5 2328.0
1775.0 2051.5 2328.0
1775.0 2051.5 2328.0
1775.0 2051.5 2328.0
1775.0 2051.5 2328.0
1775.0 2051.5 2328.0
1775.0 2051.5 2328.0
1775.0 2051.5 2328.0
1775.0 2051.5 2328.0
1775.0 2051.5 2328.0
1775.0 2051.5 2328.0
1775.0 2051.5 2328.0
1775.0 2051.5 2328.0
1315.0 1545.0 1775.0
1315.0 1545.0 1775.0
1315.0 1545.0 1775.0
1315.0 1545.0 1775.0
1315.0 1545.0 1775.0
1315.0 1545.0 1775.0
1315.0 1545.0 1775.0
1315.0 1545.0 1775.0
1315.0 1545.0 1775.0
1315.0 1545.0 1775.0
1315.0 1545.0 1775.0
1315.0 1545.0 1775.0
1315.0 1545.0 1775.0
1315.0 1545.0 1775.0
1315.0 1545.0 1775.0
1315.0 1545.0 1775.0
1315.0 1545.0 1775.0
1315.0 1545.0 1775.0
1315.0 1545.0 1775.0
1315.0 1545.0 1775.0
1315.0 1545.0 1775.0
1315.0 1545.0 1775.0
1315.0 1545.0 1775.0
1315.0 1545.0 1775.0
1315.0 1545.0 1775.0
1315.0 1545.0 1775.0
1315.0 1545.0 1775.0
1315.0 1545.0 1775.0
1315.0 1545.0 1775.0
1315.0 1545.0 1775.0
1315.0 1545.0 1775.0
1315.0 1545.0 1775.0
1315.0 1545.0 1775.0
1315.0 1545.0 1775.0
1315.0 1545.0 1775.0
1315.0 1545.0 1775.0
1315.0 1545.0 1775.0
1315.0 1545.0 1775.0
1315.0 1545.0 1775.0
1315.0 1545.0 1775.0
1315.0 1545.0 1775.0
1315.0 1545.0 1775.0
1315.0 1545.0 1775.0
1315.0 1545.0 1775.0
1315.0 1545.0 1775.0
1315.0 1545.0 1775.0
1315.0 1545.0 1775.0
1315.0 1545.0 1775.0
1315.0 1545.0 1775.0
1315.0 1545.0 1775.0
1315.0 1545.0 1775.0
1315.0 1545.0 1775.0
1315.0 1545.0 1775.0
1315.0 1545.0 1775.0
1315.0 1545.0 1775.0
1315.0 1545.0 1775.0
1315.0 1545.0 1775.0
1315.0 1545.0 1775.0
1315.0 1545.0 1775.0
1315.0 1545.0 1775.0
1315.0 1545.0 1775.0
1315.0 1545.0 1775.0
1315.0 1545.0 1775.0
1315.0 1545.0 1775.0
1315.0 1545.0 1775.0
1315.0 1545.0 1775.0
1315.0 1545.0 1775.0
1315.0 1545.0 1775.0
1315.0 1545.0 1775.0
1315.0 1545.0 1775.0
1315.0 1545.0 1775.0
1315.0 1545.0 1775.0
1315.0 1545.0 1775.0
1315.0 1545.0 1775.0
1315.0 1545.0 1775.0
1315.0 1545.0 1775.0
1315.0 1545.0 1775.0
1315.0 1545.0 1775.0
1315.0 1545.0 1775.0
1315.0 1545.0 1775.0
1315.0 1545.0 1775.0
1315.0 1545.0 1775.0
1315.0 1545.0 1775.0
1315.0 1545.0 1775.0
1315.0 1545.0 1775.0
1315.0 1545.0 1775.0
1315.0 1545.0 1775.0
1315.0 1545.0 1775.0
1315.0 1545.0 1775.0
1315.0 1545.0 1775.0
1315.0 1545.0 1775.0
1315.0 1545.0 1775.0
1315.0 1545.0 1775.0
1315.0 1545.0 1775.0
1315.0 1545.0 1775.0
1315.0 1545.0 1775.0
1315.0 1545.0 1775.0
1315.0 1545.0 1775.0
1315.0 1545.0 1775.0
1315.0 1545.0 1775.0
1315.0 1545.0 1775.0
1315.0 1545.0 1775.0
1315.0 1545.0 1775.0
1315.0 1545.0 1775.0
1315.0 1545.0 1775.0
1315.0 1545.0 1775.0
1315.0 1545.0 1775.0
1315.0 1545.0 1775.0
1315.0 1545.0 1775.0
1315.0 1545.0 1775.0
1315.0 1545.0 1775.0
1315.0 1545.0 1775.0
1315.0 1545.0 1775.0
1315.0 1545.0 1775.0
1315.0 1545.0 1775.0
1315.0 1545.0 1775.0
1315.0 1545.0 1775.0
1315.0 1545.0 1775.0
1315.0 1545.0 1775.0
1315.0 1545.0 1775.0
1315.0 1545.0 1775.0
1315.0 1545.0 1775.0
1315.0 1545.0 1775.0
1315.0 1545.0 1775.0
1315.0 1545.0 1775.0
1315.0 1545.0 1775.0
1315.0 1545.0 1775.0
1315.0 1545.0 1775.0
1315.0 1545.0 1775.0
1315.0 1545.0 1775.0
1315.0 1545.0 1775.0
1315.0 1545.0 1775.0
1315.0 1545.0 1775.0
1315.0 1545.0 1775.0
1315.0 1545.0 1775.0
1315.0 1545.0 1775.0
1315.0 1545.0 1775.0
1315.0 1545.0 1775.0
1315.0 1545.0 1775.0
1315.0 1545.0 1775.0
1315.0 1545.0 1775.0
1315.0 1545.0 1775.0
1315.0 1545.0 1775.0
1315.0 1545.0 1775.0
1315.0 1545.0 1775.0
1315.0 1545.0 1775.0
