12088.0 12382.5 12677.0
11885.0 12057.5 12230.0
9848.0 10957.0 12066.0
8704.0 9193.0 9682.0
6960.0 7330.0 7700.0
5647.0 5750.5 5854.0
2357.0 3182.5 4008.0
2483.0 2631.5 2780.0
2483.0 2768.0 3053.0
2109.0 2296.0 2483.0
2109.0 2296.0 2483.0
2109.0 2296.0 2483.0
2109.0 2296.0 2483.0
2109.0 2296.0 2483.0
2109.0 2296.0 2483.0
2109.0 2296.0 2483.0
2109.0 2296.0 2483.0
2109.0 2296.0 2483.0
2109.0 2296.0 2483.0
2109.0 2296.0 2483.0
2024.0 2066.5 2109.0
2066.0 2087.5 2109.0
1925.0 2017.0 2109.0
1925.0 2017.0 2109.0
1925.0 2017.0 2109.0
1925.0 2017.0 2109.0
1925.0 2017.0 2109.0
1925.0 2017.0 2109.0
1925.0 2017.0 2109.0
1925.0 2017.0 2109.0
1835.0 1972.0 2109.0
1835.0 1972.0 2109.0
1835.0 1972.0 2109.0
1835.0 1972.0 2109.0
1835.0 1972.0 2109.0
1835.0 1972.0 2109.0
1835.0 1972.0 2109.0
1835.0 1972.0 2109.0
1835.0 1972.0 2109.0
1835.0 1972.0 2109.0
1835.0 1972.0 2109.0
1835.0 1972.0 2109.0
1835.0 1972.0 2109.0
1835.0 1972.0 2109.0
1835.0 1972.0 2109.0
1835.0 1972.0 2109.0
1835.0 1972.0 2109.0
1835.0 1972.0 2109.0
1835.0 1972.0 2109.0
1835.0 1972.0 2109.0
1835.0 1972.0 2109.0
1835.0 1972.0 2109.0
1835.0 1972.0 2109.0
1835.0 1972.0 2109.0
1835.0 1972.0 2109.0
1835.0 1972.0 2109.0
1835.0 1972.0 2109.0
1835.0 1972.0 2109.0
1835.0 1972.0 2109.0
1835.0 1972.0 2109.0
1835.0 1972.0 2109.0
1835.0 1972.0 2109.0
1835.0 1972.0 2109.0
1835.0 1972.0 2109.0
1835.0 1972.0 2109.0
1835.0 1972.0 2109.0
1835.0 1972.0 2109.0
1835.0 1972.0 2109.0
1835.0 1972.0 2109.0
1835.0 1972.0 2109.0
1835.0 1972.0 2109.0
1835.0 1972.0 2109.0
1835.0 1972.0 2109.0
1835.0 1972.0 2109.0
1835.0 1885.0 1935.0
1835.0 1885.0 1935.0
1835.0 1885.0 1935.0
1835.0 1885.0 1935.0
1835.0 1885.0 1935.0
1835.0 1885.0 1935.0
1835.0 1885.0 1935.0
1835.0 1885.0 1935.0
1835.0 1885.0 1935.0
1835.0 1885.0 1935.0
1835.0 1885.0 1935.0
1835.0 1885.0 1935.0
1835.0 1885.0 1935.0
1835.0 1885.0 1935.0
1835.0 1885.0 1935.0
1835.0 1885.0 1935.0
1835.0 1885.0 1935.0
1835.0 1885.0 1935.0
1835.0 1885.0 1935.0
1835.0 1885.0 1935.0
1835.0 1885.0 1935.0
1835.0 1885.0 1935.0
1835.0 1885.0 1935.0
1835.0 1885.0 1935.0
1835.0 1885.0 1935.0
1835.0 1885.0 1935.0
1835.0 1885.0 1935.0
1835.0 1885.0 1935.0
1835.0 1885.0 1935.0
1835.0 1885.0 1935.0
1835.0 1885.0 1935.0
1835.0 1885.0 1935.0
1835.0 1885.0 1935.0
1835.0 1885.0 1935.0
1835.0 1885.0 1935.0
1835.0 1885.0 1935.0
1835.0 1885.0 1935.0
1835.0 1885.0 1935.0
1835.0 1885.0 1935.0
1835.0 1885.0 1935.0
1835.0 1885.0 1935.0
1835.0 1885.0 1935.0
1835.0 1885.0 1935.0
1835.0 1885.0 1935.0
1835.0 1885.0 1935.0
1835.0 1885.0 1935.0
1835.0 1885.0 1935.0
1835.0 1885.0 1935.0
1835.0 1885.0 1935.0
1835.0 1885.0 1935.0
1835.0 1885.0 1935.0
1835.0 1885.0 1935.0
1835.0 1885.0 1935.0
1835.0 1885.0 1935.0
1835.0 1885.0 1935.0
1835.0 1885.0 1935.0
1835.0 1885.0 1935.0
1835.0 1885.0 1935.0
1835.0 1885.0 1935.0
1835.0 1885.0 1935.0
1835.0 1885.0 1935.0
1835.0 1885.0 1935.0
1835.0 1885.0 1935.0
1835.0 1885.0 1935.0
1835.0 1885.0 1935.0
1835.0 1885.0 1935.0
1835.0 1885.0 1935.0
1835.0 1885.0 1935.0
1835.0 1885.0 1935.0
1835.0 1885.0 1935.0
1835.0 1885.0 1935.0
1835.0 1885.0 1935.0
1835.0 1885.0 1935.0
1835.0 1885.0 1935.0
1835.0 1885.0 1935.0
1835.0 1885.0 1935.0
1835.0 1885.0 1935.0
1835.0 1885.0 1935.0
1835.0 1885.0 1935.0
1835.0 1885.0 1935.0
1835.0 1885.0 1935.0
1835.0 1885.0 1935.0
1835.0 1885.0 1935.0
1835.0 1885.0 1935.0
1835.0 1885.0 1935.0
1835.0 1885.0 1935.0
1835.0 1885.0 1935.0
1835.0 1885.0 1935.0
1835.0 1885.0 1935.0
1835.0 1885.0 1935.0
1835.0 1885.0 1935.0
1835.0 1885.0 1935.0
1835.0 1885.0 1935.0
1835.0 1885.0 1935.0
1835.0 1885.0 1935.0
1835.0 1885.0 1935.0
1835.0 1885.0 1935.0
1835.0 1885.0 1935.0
1835.0 1885.0 1935.0
1835.0 1885.0 1935.0
1835.0 1885.0 1935.0
1835.0 1885.0 1935.0
1835.0 1885.0 1935.0
1835.0 1885.0 1935.0
1835.0 1885.0 1935.0
1835.0 1885.0 1935.0
1835.0 1885.0 1935.0
1835.0 1885.0 1935.0
1835.0 1885.0 1935.0
1835.0 1885.0 1935.0
1835.0 1885.0 1935.0
1835.0 1885.0 1935.0
1835.0 1885.0 1935.0
1835.0 1885.0 1935.0
1835.0 1885.0 1935.0
1835.0 1885.0 1935.0
1835.0 1885.0 1935.0
1835.0 1885.0 1935.0
1835.0 1885.0 1935.0
1835.0 1885.0 1935.0
1835.0 1885.0 1935.0
1835.0 1885.0 1935.0
1835.0 1885.0 1935.0
1835.0 1885.0 1935.0
1835.0 1885.0 1935.0
1835.0 1885.0 1935.0
