11144.0 11282.5 11421.0
9350.0 10136.0 10922.0
5381.0 6917.0 8453.0
3377.0 4900.5 6424.0
3967.0 4912.0 5857.0
2403.0 2607.0 2811.0
2403.0 2655.5 2908.0
1810.0 1817.5 1825.0
1810.0 1880.5 1951.0
1706.0 1758.0 1810.0
1706.0 1758.0 1810.0
1384.0 1597.0 1810.0
1384.0 1474.5 1565.0
1423.0 1494.0 1565.0
1332.0 1445.5 1559.0
1332.0 1445.5 1559.0
1332.0 1445.5 1559.0
1332.0 1445.5 1559.0
1332.0 1445.5 1559.0
1332.0 1445.5 1559.0
1332.0 1445.5 1559.0
1332.0 1445.5 1559.0
1332.0 1445.5 1559.0
1332.0 1445.5 1559.0
1332.0 1445.5 1559.0
1332.0 1445.5 1559.0
1332.0 1445.5 1559.0
1332.0 1445.5 1559.0
1332.0 1445.5 1559.0
1332.0 1445.5 1559.0
1332.0 1445.5 1559.0
1332.0 1445.5 1559.0
1332.0 1445.5 1559.0
1332.0 1445.5 1559.0
1246.0 1289.0 1332.0
1332.0 1335.5 1339.0
1332.0 1335.5 1339.0
1332.0 1335.5 1339.0
1332.0 1335.5 1339.0
1332.0 1335.5 1339.0
1332.0 1335.5 1339.0
1332.0 1335.5 1339.0
1332.0 1335.5 1339.0
1332.0 1335.5 1339.0
1332.0 1335.5 1339.0
1332.0 1335.5 1339.0
1332.0 1335.5 1339.0
1332.0 1335.5 1339.0
1332.0 1335.5 1339.0
1332.0 1335.5 1339.0
1332.0 1335.5 1339.0
1332.0 1335.5 1339.0
1332.0 1335.5 1339.0
1332.0 1335.5 1339.0
1332.0 1335.5 1339.0
1332.0 1335.5 1339.0
1332.0 1335.5 1339.0
1332.0 1335.5 1339.0
1332.0 1335.5 1339.0
1332.0 1335.5 1339.0
1332.0 1335.5 1339.0
1332.0 1335.5 1339.0
1332.0 1335.5 1339.0
1332.0 1335.5 1339.0
1332.0 1335.5 1339.0
1332.0 1335.5 1339.0
1332.0 1335.5 1339.0
1332.0 1335.5 1339.0
1332.0 1335.5 1339.0
1332.0 1335.5 1339.0
1332.0 1335.5 1339.0
1332.0 1335.5 1339.0
1332.0 1335.5 1339.0
1332.0 1335.5 1339.0
1332.0 1335.5 1339.0
1332.0 1335.5 1339.0
1332.0 1335.5 1339.0
1332.0 1335.5 1339.0
1332.0 1335.5 1339.0
1332.0 1335.5 1339.0
1332.0 1335.5 1339.0
1332.0 1335.5 1339.0
1332.0 1335.5 1339.0
1332.0 1335.5 1339.0
1332.0 1335.5 1339.0
1332.0 1335.5 1339.0
1332.0 1335.5 1339.0
1332.0 1335.5 1339.0
1332.0 1335.5 1339.0
1332.0 1335.5 1339.0
1332.0 1335.5 1339.0
1332.0 1335.5 1339.0
1332.0 1335.5 1339.0
1332.0 1335.5 1339.0
1332.0 1335.5 1339.0
1332.0 1335.5 1339.0
1332.0 1335.5 1339.0
1332.0 1335.5 1339.0
1332.0 1335.5 1339.0
1332.0 1335.5 1339.0
1332.0 1335.5 1339.0
1332.0 1335.5 1339.0
1332.0 1335.5 1339.0
1332.0 1335.5 1339.0
1332.0 1335.5 1339.0
1332.0 1335.5 1339.0
1332.0 1335.5 1339.0
1332.0 1335.5 1339.0
1332.0 1335.5 1339.0
1332.0 1335.5 1339.0
1332.0 1335.5 1339.0
1332.0 1335.5 1339.0
1332.0 1335.5 1339.0
1332.0 1335.5 1339.0
1332.0 1335.5 1339.0
1332.0 1335.5 1339.0
1332.0 1335.5 1339.0
1332.0 1335.5 1339.0
1332.0 1335.5 1339.0
1332.0 1335.5 1339.0
1332.0 1335.5 1339.0
1332.0 1335.5 1339.0
1332.0 1335.5 1339.0
1332.0 1335.5 1339.0
1332.0 1335.5 1339.0
1332.0 1335.5 1339.0
1332.0 1335.5 1339.0
1332.0 1335.5 1339.0
1332.0 1335.5 1339.0
1332.0 1335.5 1339.0
1332.0 1335.5 1339.0
1332.0 1335.5 1339.0
1332.0 1335.5 1339.0
1332.0 1335.5 1339.0
1332.0 1335.5 1339.0
1332.0 1335.5 1339.0
1332.0 1335.5 1339.0
1332.0 1335.5 1339.0
1332.0 1335.5 1339.0
1332.0 1335.5 1339.0
1332.0 1335.5 1339.0
1332.0 1335.5 1339.0
1332.0 1335.5 1339.0
1332.0 1335.5 1339.0
1332.0 1335.5 1339.0
1332.0 1335.5 1339.0
1332.0 1335.5 1339.0
1332.0 1335.5 1339.0
1332.0 1335.5 1339.0
1332.0 1335.5 1339.0
1332.0 1335.5 1339.0
1332.0 1335.5 1339.0
1332.0 1335.5 1339.0
1332.0 1335.5 1339.0
1332.0 1335.5 1339.0
1332.0 1335.5 1339.0
1332.0 1335.5 1339.0
1332.0 1335.5 1339.0
1332.0 1335.5 1339.0
1332.0 1335.5 1339.0
1332.0 1335.5 1339.0
1332.0 1335.5 1339.0
1332.0 1335.5 1339.0
1332.0 1335.5 1339.0
1332.0 1335.5 1339.0
1332.0 1335.5 1339.0
1332.0 1335.5 1339.0
1332.0 1335.5 1339.0
1332.0 1335.5 1339.0
1332.0 1335.5 1339.0
1332.0 1335.5 1339.0
1332.0 1335.5 1339.0
1332.0 1335.5 1339.0
1332.0 1335.5 1339.0
1332.0 1335.5 1339.0
1332.0 1335.5 1339.0
1332.0 1335.5 1339.0
1332.0 1335.5 1339.0
1332.0 1335.5 1339.0
1332.0 1335.5 1339.0
1332.0 1335.5 1339.0
1332.0 1335.5 1339.0
1332.0 1335.5 1339.0
1332.0 1335.5 1339.0
1332.0 1335.5 1339.0
1332.0 1335.5 1339.0
1332.0 1335.5 1339.0
1332.0 1335.5 1339.0
1332.0 1335.5 1339.0
1332.0 1335.5 1339.0
1332.0 1335.5 1339.0
1332.0 1335.5 1339.0
1332.0 1335.5 1339.0
1332.0 1335.5 1339.0
1332.0 1335.5 1339.0
1332.0 1335.5 1339.0
1332.0 1335.5 1339.0
1332.0 1335.5 1339.0
1332.0 1335.5 1339.0
1332.0 1335.5 1339.0
