12981.0 13319.5 13658.0
8973.0 10659.5 12346.0
9666.0 9871.0 10076.0
6213.0 8065.5 9918.0
5774.0 6373.5 6973.0
5926.0 6593.0 7260.0
5347.0 6133.5 6920.0
3798.0 4078.5 4359.0
3798.0 4078.5 4359.0
2072.0 2656.5 3241.0
2072.0 2135.0 2198.0
2072.0 2135.0 2198.0
2072.0 2135.0 2198.0
2072.0 2135.0 2198.0
2072.0 2135.0 2198.0
2072.0 2135.0 2198.0
2072.0 2135.0 2198.0
2072.0 2135.0 2198.0
2072.0 2089.5 2107.0
1148.0 1610.0 2072.0
1148.0 1610.0 2072.0
1148.0 1610.0 2072.0
1148.0 1610.0 2072.0
1148.0 1610.0 2072.0
1148.0 1610.0 2072.0
1148.0 1610.0 2072.0
1148.0 1610.0 2072.0
1148.0 1610.0 2072.0
1148.0 1610.0 2072.0
1148.0 1610.0 2072.0
1148.0 1610.0 2072.0
1148.0 1610.0 2072.0
1148.0 1610.0 2072.0
1148.0 1610.0 2072.0
1148.0 1610.0 2072.0
1148.0 1610.0 2072.0
1148.0 1610.0 2072.0
1148.0 1610.0 2072.0
1148.0 1610.0 2072.0
1148.0 1610.0 2072.0
1148.0 1610.0 2072.0
1148.0 1610.0 2072.0
1148.0 1610.0 2072.0
1148.0 1610.0 2072.0
1148.0 1610.0 2072.0
1148.0 1610.0 2072.0
1148.0 1610.0 2072.0
1148.0 1610.0 2072.0
1148.0 1610.0 2072.0
1148.0 1823.0 2498.0
1148.0 1651.0 2154.0
1148.0 1651.0 2154.0
1148.0 1651.0 2154.0
1148.0 1651.0 2154.0
1148.0 1651.0 2154.0
1148.0 1651.0 2154.0
1148.0 1651.0 2154.0
1148.0 1651.0 2154.0
1148.0 1651.0 2154.0
1148.0 1651.0 2154.0
1148.0 1651.0 2154.0
1148.0 1651.0 2154.0
1148.0 1651.0 2154.0
1148.0 1651.0 2154.0
1148.0 1651.0 2154.0
1148.0 1651.0 2154.0
1148.0 1651.0 2154.0
1148.0 1651.0 2154.0
1148.0 1651.0 2154.0
1148.0 1729.0 2310.0
1148.0 1729.0 2310.0
1148.0 1729.0 2310.0
1148.0 1729.0 2310.0
1148.0 1729.0 2310.0
1148.0 1729.0 2310.0
1148.0 1729.0 2310.0
1148.0 1729.0 2310.0
1148.0 1729.0 2310.0
1148.0 1729.0 2310.0
1148.0 1729.0 2310.0
1148.0 1729.0 2310.0
1148.0 1729.0 2310.0
1148.0 1729.0 2310.0
1148.0 1729.0 2310.0
1148.0 1729.0 2310.0
1148.0 1729.0 2310.0
1148.0 1729.0 2310.0
1148.0 1729.0 2310.0
1148.0 1729.0 2310.0
1148.0 1729.0 2310.0
1148.0 1729.0 2310.0
1148.0 1729.0 2310.0
1148.0 1729.0 2310.0
1148.0 1729.0 2310.0
1148.0 1729.0 2310.0
1148.0 1729.0 2310.0
1148.0 1729.0 2310.0
1148.0 1729.0 2310.0
1148.0 1729.0 2310.0
1148.0 1729.0 2310.0
1148.0 1729.0 2310.0
1148.0 1729.0 2310.0
1148.0 1729.0 2310.0
1148.0 1729.0 2310.0
1148.0 1729.0 2310.0
1148.0 1729.0 2310.0
1148.0 1729.0 2310.0
1148.0 1729.0 2310.0
1148.0 1729.0 2310.0
1148.0 1729.0 2310.0
1148.0 1729.0 2310.0
1148.0 1729.0 2310.0
1148.0 1729.0 2310.0
1148.0 1729.0 2310.0
1148.0 1729.0 2310.0
1148.0 1729.0 2310.0
1148.0 1729.0 2310.0
1148.0 1729.0 2310.0
1148.0 1729.0 2310.0
1148.0 1729.0 2310.0
1148.0 1729.0 2310.0
1148.0 1729.0 2310.0
1148.0 1729.0 2310.0
1148.0 1729.0 2310.0
1148.0 1729.0 2310.0
1148.0 1729.0 2310.0
1148.0 1729.0 2310.0
1148.0 1729.0 2310.0
1148.0 1729.0 2310.0
1148.0 1729.0 2310.0
1148.0 1729.0 2310.0
1148.0 1729.0 2310.0
1148.0 1729.0 2310.0
1148.0 1597.5 2047.0
1148.0 1696.5 2245.0
1148.0 1696.5 2245.0
1148.0 1696.5 2245.0
1148.0 1696.5 2245.0
1148.0 1696.5 2245.0
1148.0 1696.5 2245.0
1148.0 1696.5 2245.0
1148.0 1696.5 2245.0
1148.0 1696.5 2245.0
1148.0 1696.5 2245.0
1148.0 1696.5 2245.0
1148.0 1696.5 2245.0
1148.0 1696.5 2245.0
1148.0 1696.5 2245.0
1148.0 1696.5 2245.0
1148.0 1696.5 2245.0
1148.0 1696.5 2245.0
1148.0 1696.5 2245.0
1148.0 1696.5 2245.0
1148.0 1696.5 2245.0
1148.0 1696.5 2245.0
1148.0 1696.5 2245.0
1148.0 1696.5 2245.0
1148.0 1696.5 2245.0
1148.0 1696.5 2245.0
1148.0 1696.5 2245.0
1148.0 1696.5 2245.0
1148.0 1696.5 2245.0
1148.0 1696.5 2245.0
1148.0 1696.5 2245.0
1148.0 1696.5 2245.0
1148.0 1696.5 2245.0
1148.0 1696.5 2245.0
1148.0 1696.5 2245.0
1148.0 1696.5 2245.0
1148.0 1696.5 2245.0
1148.0 1696.5 2245.0
1148.0 1696.5 2245.0
1148.0 1696.5 2245.0
1148.0 1696.5 2245.0
1148.0 1696.5 2245.0
1148.0 1696.5 2245.0
1148.0 1696.5 2245.0
1148.0 1696.5 2245.0
1148.0 1696.5 2245.0
1148.0 1696.5 2245.0
1148.0 1696.5 2245.0
1148.0 1696.5 2245.0
1148.0 1696.5 2245.0
1148.0 1696.5 2245.0
1148.0 1696.5 2245.0
1148.0 1696.5 2245.0
1148.0 1696.5 2245.0
1148.0 1696.5 2245.0
1148.0 1696.5 2245.0
1148.0 1696.5 2245.0
1148.0 1696.5 2245.0
1148.0 1696.5 2245.0
1148.0 1696.5 2245.0
1148.0 1696.5 2245.0
1148.0 1696.5 2245.0
1148.0 1696.5 2245.0
1148.0 1696.5 2245.0
1148.0 1696.5 2245.0
1148.0 1696.5 2245.0
1148.0 1696.5 2245.0
