13453.0 13900.5 14348.0
12459.0 13598.0 14737.0
10658.0 11923.5 13189.0
6608.0 8874.0 11140.0
7662.0 9049.0 10436.0
6737.0 7464.0 8191.0
5258.0 5485.5 5713.0
5429.0 5571.0 5713.0
5067.0 5210.5 5354.0
3573.0 4075.5 4578.0
1905.0 2533.0 3161.0
1905.0 2533.0 3161.0
1905.0 2533.0 3161.0
1905.0 2533.0 3161.0
1905.0 2533.0 3161.0
1905.0 2533.0 3161.0
1905.0 2533.0 3161.0
1905.0 2533.0 3161.0
1905.0 2533.0 3161.0
1905.0 2450.0 2995.0
1905.0 2188.5 2472.0
1905.0 2188.5 2472.0
1905.0 2188.5 2472.0
1905.0 2188.5 2472.0
1905.0 2188.5 2472.0
1905.0 2188.5 2472.0
1905.0 2188.5 2472.0
1905.0 2188.5 2472.0
1905.0 2188.5 2472.0
1905.0 2188.5 2472.0
1905.0 2188.5 2472.0
1905.0 2188.5 2472.0
1905.0 2188.5 2472.0
1905.0 2188.5 2472.0
1905.0 2188.5 2472.0
1905.0 2188.5 2472.0
1905.0 2188.5 2472.0
1905.0 2188.5 2472.0
1905.0 2188.5 2472.0
1905.0 2188.5 2472.0
1905.0 2188.5 2472.0
1905.0 2235.0 2565.0
1905.0 2063.0 2221.0
1905.0 2063.0 2221.0
1905.0 2063.0 2221.0
1905.0 2063.0 2221.0
1905.0 2063.0 2221.0
1905.0 2063.0 2221.0
1905.0 2063.0 2221.0
1399.0 1810.0 2221.0
1399.0 1810.0 2221.0
1399.0 1810.0 2221.0
1399.0 1810.0 2221.0
1399.0 1810.0 2221.0
1399.0 1810.0 2221.0
1399.0 1795.0 2191.0
1236.0 1317.5 1399.0
1236.0 1317.5 1399.0
1236.0 1317.5 1399.0
1236.0 1317.5 1399.0
1236.0 1317.5 1399.0
1236.0 1317.5 1399.0
1236.0 1317.5 1399.0
1236.0 1317.5 1399.0
1236.0 1317.5 1399.0
1236.0 1317.5 1399.0
1236.0 1317.5 1399.0
1236.0 1317.5 1399.0
1236.0 1317.5 1399.0
1236.0 1317.5 1399.0
1236.0 1317.5 1399.0
1236.0 1317.5 1399.0
1236.0 1317.5 1399.0
1236.0 1317.5 1399.0
1236.0 1317.5 1399.0
1236.0 1317.5 1399.0
1236.0 1317.5 1399.0
1236.0 1317.5 1399.0
1236.0 1317.5 1399.0
1236.0 1317.5 1399.0
1236.0 1317.5 1399.0
1236.0 1317.5 1399.0
1236.0 1317.5 1399.0
1236.0 1317.5 1399.0
1236.0 1317.5 1399.0
1236.0 1317.5 1399.0
1236.0 1317.5 1399.0
1236.0 1317.5 1399.0
1236.0 1317.5 1399.0
1236.0 1317.5 1399.0
1236.0 1317.5 1399.0
1236.0 1317.5 1399.0
1236.0 1317.5 1399.0
1236.0 1317.5 1399.0
1236.0 1317.5 1399.0
1236.0 1317.5 1399.0
1236.0 1317.5 1399.0
1236.0 1317.5 1399.0
1236.0 1317.5 1399.0
1236.0 1317.5 1399.0
1236.0 1317.5 1399.0
1236.0 1317.5 1399.0
1236.0 1317.5 1399.0
1236.0 1317.5 1399.0
1236.0 1317.5 1399.0
1236.0 1317.5 1399.0
1236.0 1317.5 1399.0
1236.0 1317.5 1399.0
1236.0 1317.5 1399.0
1236.0 1317.5 1399.0
1236.0 1317.5 1399.0
1236.0 1317.5 1399.0
1236.0 1317.5 1399.0
1236.0 1317.5 1399.0
1236.0 1317.5 1399.0
1236.0 1317.5 1399.0
1236.0 1317.5 1399.0
1236.0 1317.5 1399.0
1236.0 1317.5 1399.0
1236.0 1317.5 1399.0
1236.0 1317.5 1399.0
1236.0 1317.5 1399.0
1236.0 1317.5 1399.0
1236.0 1317.5 1399.0
1236.0 1317.5 1399.0
1236.0 1317.5 1399.0
1236.0 1317.5 1399.0
1236.0 1317.5 1399.0
1236.0 1317.5 1399.0
1236.0 1317.5 1399.0
1236.0 1317.5 1399.0
1236.0 1317.5 1399.0
1236.0 1317.5 1399.0
1236.0 1317.5 1399.0
1236.0 1317.5 1399.0
1236.0 1317.5 1399.0
1236.0 1317.5 1399.0
1236.0 1317.5 1399.0
1236.0 1317.5 1399.0
1236.0 1317.5 1399.0
994.0 1196.5 1399.0
994.0 1196.5 1399.0
994.0 1196.5 1399.0
994.0 1196.5 1399.0
994.0 1196.5 1399.0
994.0 1196.5 1399.0
994.0 1196.5 1399.0
994.0 1196.5 1399.0
994.0 1196.5 1399.0
994.0 1196.5 1399.0
994.0 1196.5 1399.0
994.0 1196.5 1399.0
994.0 1196.5 1399.0
994.0 1196.5 1399.0
994.0 1196.5 1399.0
994.0 1196.5 1399.0
994.0 1196.5 1399.0
994.0 1196.5 1399.0
994.0 1196.5 1399.0
994.0 1196.5 1399.0
994.0 1196.5 1399.0
994.0 1196.5 1399.0
994.0 1196.5 1399.0
994.0 1196.5 1399.0
994.0 1196.5 1399.0
994.0 1196.5 1399.0
994.0 1196.5 1399.0
994.0 1196.5 1399.0
994.0 1196.5 1399.0
994.0 1196.5 1399.0
994.0 1196.5 1399.0
994.0 1196.5 1399.0
994.0 1196.5 1399.0
994.0 1196.5 1399.0
994.0 1196.5 1399.0
994.0 1196.5 1399.0
994.0 1196.5 1399.0
994.0 1196.5 1399.0
994.0 1196.5 1399.0
994.0 1196.5 1399.0
994.0 1196.5 1399.0
994.0 1196.5 1399.0
994.0 1196.5 1399.0
994.0 1196.5 1399.0
994.0 1196.5 1399.0
994.0 1196.5 1399.0
994.0 1196.5 1399.0
994.0 1196.5 1399.0
994.0 1196.5 1399.0
994.0 1196.5 1399.0
994.0 1196.5 1399.0
994.0 1196.5 1399.0
994.0 1196.5 1399.0
994.0 1196.5 1399.0
994.0 1196.5 1399.0
994.0 1196.5 1399.0
994.0 1196.5 1399.0
994.0 1196.5 1399.0
994.0 1196.5 1399.0
994.0 1196.5 1399.0
