12188.0 12994.0 13800.0
10369.0 10994.5 11620.0
8860.0 9196.0 9532.0
7793.0 7842.5 7892.0
6674.0 7145.0 7616.0
4438.0 4703.5 4969.0
3551.0 4332.0 5113.0
2823.0 3098.0 3373.0
2823.0 3236.0 3649.0
2554.0 3101.5 3649.0
2330.0 2989.5 3649.0
2330.0 2989.5 3649.0
2330.0 2989.5 3649.0
2330.0 2989.5 3649.0
2330.0 2629.5 2929.0
2330.0 2681.0 3032.0
2330.0 2681.0 3032.0
2330.0 2681.0 3032.0
2330.0 2455.0 2580.0
2098.0 2339.0 2580.0
2145.0 2362.5 2580.0
2145.0 2362.5 2580.0
2145.0 2435.5 2726.0
2145.0 2435.5 2726.0
2145.0 2435.5 2726.0
2145.0 2435.5 2726.0
2145.0 2435.5 2726.0
2145.0 2435.5 2726.0
2145.0 2435.5 2726.0
1991.0 2358.5 2726.0
1796.0 2261.0 2726.0
1796.0 2261.0 2726.0
1796.0 2261.0 2726.0
1796.0 2261.0 2726.0
1796.0 2261.0 2726.0
1796.0 2261.0 2726.0
1796.0 2261.0 2726.0
1796.0 2261.0 2726.0
1750.0 1773.0 1796.0
1750.0 1773.0 1796.0
1750.0 1773.0 1796.0
1750.0 1773.0 1796.0
1750.0 1773.0 1796.0
1750.0 1773.0 1796.0
1750.0 1773.0 1796.0
1750.0 1773.0 1796.0
1750.0 1773.0 1796.0
1750.0 1773.0 1796.0
1750.0 1773.0 1796.0
1750.0 1773.0 1796.0
1750.0 1773.0 1796.0
1750.0 1773.0 1796.0
1750.0 1773.0 1796.0
1750.0 1773.0 1796.0
1750.0 1773.0 1796.0
1750.0 1773.0 1796.0
1750.0 1773.0 1796.0
1750.0 1773.0 1796.0
1750.0 1773.0 1796.0
1750.0 1773.0 1796.0
1750.0 1773.0 1796.0
1750.0 1773.0 1796.0
1750.0 1773.0 1796.0
1485.0 1640.5 1796.0
1485.0 1640.5 1796.0
1485.0 1640.5 1796.0
1485.0 1640.5 1796.0
1485.0 1640.5 1796.0
1485.0 1640.5 1796.0
1485.0 1640.5 1796.0
1485.0 1640.5 1796.0
1485.0 1640.5 1796.0
1485.0 1640.5 1796.0
1485.0 1640.5 1796.0
1485.0 1640.5 1796.0
1485.0 1640.5 1796.0
1485.0 1640.5 1796.0
1485.0 1640.5 1796.0
1485.0 1640.5 1796.0
1485.0 1640.5 1796.0
1485.0 1640.5 1796.0
1485.0 1640.5 1796.0
1485.0 1640.5 1796.0
1485.0 1640.5 1796.0
1485.0 1640.5 1796.0
1485.0 1640.5 1796.0
1485.0 1640.5 1796.0
1485.0 1640.5 1796.0
1485.0 1640.5 1796.0
1485.0 1640.5 1796.0
1485.0 1640.5 1796.0
1485.0 1640.5 1796.0
1485.0 1640.5 1796.0
1485.0 1640.5 1796.0
1485.0 1640.5 1796.0
1485.0 1640.5 1796.0
1485.0 1640.5 1796.0
1485.0 1640.5 1796.0
1485.0 1640.5 1796.0
1485.0 1640.5 1796.0
1485.0 1640.5 1796.0
1485.0 1640.5 1796.0
1485.0 1640.5 1796.0
1485.0 1640.5 1796.0
1485.0 1640.5 1796.0
1485.0 1640.5 1796.0
1485.0 1640.5 1796.0
1485.0 1640.5 1796.0
1485.0 1640.5 1796.0
1450.0 1467.5 1485.0
1450.0 1467.5 1485.0
1450.0 1467.5 1485.0
1450.0 1467.5 1485.0
1450.0 1467.5 1485.0
1450.0 1467.5 1485.0
1450.0 1467.5 1485.0
1450.0 1467.5 1485.0
1450.0 1467.5 1485.0
1450.0 1467.5 1485.0
1450.0 1467.5 1485.0
1450.0 1467.5 1485.0
1450.0 1467.5 1485.0
1450.0 1467.5 1485.0
1450.0 1467.5 1485.0
1450.0 1467.5 1485.0
1450.0 1467.5 1485.0
1450.0 1467.5 1485.0
1450.0 1467.5 1485.0
1450.0 1467.5 1485.0
1450.0 1467.5 1485.0
1450.0 1467.5 1485.0
1450.0 1467.5 1485.0
1450.0 1467.5 1485.0
1450.0 1467.5 1485.0
1450.0 1467.5 1485.0
1450.0 1467.5 1485.0
1450.0 1467.5 1485.0
1450.0 1467.5 1485.0
1450.0 1467.5 1485.0
1450.0 1467.5 1485.0
1450.0 1467.5 1485.0
1450.0 1467.5 1485.0
1450.0 1467.5 1485.0
1450.0 1467.5 1485.0
1450.0 1467.5 1485.0
1450.0 1467.5 1485.0
1450.0 1467.5 1485.0
1450.0 1467.5 1485.0
1450.0 1467.5 1485.0
1450.0 1467.5 1485.0
1450.0 1467.5 1485.0
1450.0 1467.5 1485.0
1450.0 1467.5 1485.0
1450.0 1467.5 1485.0
1450.0 1467.5 1485.0
1450.0 1467.5 1485.0
1450.0 1467.5 1485.0
1450.0 1467.5 1485.0
1450.0 1467.5 1485.0
1450.0 1467.5 1485.0
1450.0 1467.5 1485.0
1450.0 1467.5 1485.0
1450.0 1467.5 1485.0
1450.0 1467.5 1485.0
1450.0 1467.5 1485.0
1450.0 1467.5 1485.0
1450.0 1467.5 1485.0
1450.0 1467.5 1485.0
1450.0 1467.5 1485.0
1450.0 1467.5 1485.0
1450.0 1467.5 1485.0
1450.0 1467.5 1485.0
1450.0 1467.5 1485.0
1450.0 1467.5 1485.0
1450.0 1467.5 1485.0
1450.0 1467.5 1485.0
1450.0 1467.5 1485.0
1450.0 1467.5 1485.0
1450.0 1467.5 1485.0
1450.0 1467.5 1485.0
1450.0 1467.5 1485.0
1450.0 1467.5 1485.0
1450.0 1467.5 1485.0
1450.0 1467.5 1485.0
1450.0 1467.5 1485.0
1450.0 1467.5 1485.0
1450.0 1467.5 1485.0
1450.0 1467.5 1485.0
1450.0 1467.5 1485.0
1450.0 1467.5 1485.0
1450.0 1467.5 1485.0
1450.0 1467.5 1485.0
1450.0 1467.5 1485.0
1450.0 1467.5 1485.0
1450.0 1467.5 1485.0
1450.0 1467.5 1485.0
1450.0 1467.5 1485.0
1450.0 1467.5 1485.0
1450.0 1467.5 1485.0
1450.0 1467.5 1485.0
