9544.0 10911.5 12279.0
8763.0 10539.0 12315.0
6154.0 8125.0 10096.0
4716.0 5786.0 6856.0
4318.0 5119.0 5920.0
2570.0 3443.0 4316.0
2031.0 2809.0 3587.0
1830.0 2554.0 3278.0
1688.0 1802.5 1917.0
1593.0 1741.0 1889.0
1611.0 1732.5 1854.0
912.0 1214.0 1516.0
912.0 1214.0 1516.0
912.0 1214.0 1516.0
912.0 1214.0 1516.0
912.0 1057.0 1202.0
912.0 1057.0 1202.0
912.0 1057.0 1202.0
912.0 1057.0 1202.0
912.0 1057.0 1202.0
912.0 1057.0 1202.0
912.0 1057.0 1202.0
912.0 1057.0 1202.0
912.0 1057.0 1202.0
912.0 1057.0 1202.0
912.0 1057.0 1202.0
912.0 1057.0 1202.0
912.0 1057.0 1202.0
912.0 1057.0 1202.0
912.0 1057.0 1202.0
912.0 1057.0 1202.0
912.0 1057.0 1202.0
912.0 1057.0 1202.0
912.0 1057.0 1202.0
912.0 1057.0 1202.0
912.0 1057.0 1202.0
912.0 1057.0 1202.0
912.0 1057.0 1202.0
912.0 1057.0 1202.0
912.0 1057.0 1202.0
912.0 1057.0 1202.0
912.0 1057.0 1202.0
912.0 1057.0 1202.0
912.0 1057.0 1202.0
912.0 1057.0 1202.0
912.0 1057.0 1202.0
912.0 1057.0 1202.0
912.0 1057.0 1202.0
912.0 1057.0 1202.0
912.0 1057.0 1202.0
912.0 1057.0 1202.0
912.0 1057.0 1202.0
912.0 1057.0 1202.0
912.0 1057.0 1202.0
912.0 1057.0 1202.0
912.0 1057.0 1202.0
912.0 1057.0 1202.0
912.0 1152.0 1392.0
912.0 1152.0 1392.0
912.0 1152.0 1392.0
912.0 1152.0 1392.0
912.0 1152.0 1392.0
912.0 1152.0 1392.0
912.0 1152.0 1392.0
912.0 1152.0 1392.0
912.0 1152.0 1392.0
912.0 1152.0 1392.0
912.0 1152.0 1392.0
912.0 1152.0 1392.0
912.0 1152.0 1392.0
912.0 1152.0 1392.0
912.0 1152.0 1392.0
912.0 1152.0 1392.0
912.0 1152.0 1392.0
912.0 1152.0 1392.0
912.0 1152.0 1392.0
912.0 1152.0 1392.0
912.0 1152.0 1392.0
912.0 1152.0 1392.0
912.0 1152.0 1392.0
912.0 1152.0 1392.0
912.0 1152.0 1392.0
912.0 1152.0 1392.0
912.0 1152.0 1392.0
912.0 1152.0 1392.0
912.0 1152.0 1392.0
912.0 1152.0 1392.0
912.0 1152.0 1392.0
912.0 1152.0 1392.0
912.0 1152.0 1392.0
912.0 1152.0 1392.0
912.0 1152.0 1392.0
912.0 1152.0 1392.0
912.0 1152.0 1392.0
912.0 1152.0 1392.0
912.0 1152.0 1392.0
912.0 1152.0 1392.0
912.0 1152.0 1392.0
912.0 1152.0 1392.0
912.0 1152.0 1392.0
912.0 1152.0 1392.0
912.0 1152.0 1392.0
912.0 1152.0 1392.0
912.0 1152.0 1392.0
912.0 1152.0 1392.0
912.0 1152.0 1392.0
912.0 1152.0 1392.0
912.0 1152.0 1392.0
912.0 1152.0 1392.0
912.0 1152.0 1392.0
912.0 1152.0 1392.0
912.0 1152.0 1392.0
912.0 1152.0 1392.0
912.0 1152.0 1392.0
912.0 1152.0 1392.0
912.0 1152.0 1392.0
912.0 1152.0 1392.0
912.0 1152.0 1392.0
912.0 1152.0 1392.0
912.0 1152.0 1392.0
912.0 1152.0 1392.0
912.0 1152.0 1392.0
912.0 1152.0 1392.0
912.0 1152.0 1392.0
912.0 1152.0 1392.0
912.0 1152.0 1392.0
912.0 1152.0 1392.0
912.0 1152.0 1392.0
912.0 1152.0 1392.0
912.0 1152.0 1392.0
912.0 1152.0 1392.0
912.0 1152.0 1392.0
912.0 1152.0 1392.0
912.0 1152.0 1392.0
912.0 1152.0 1392.0
912.0 1152.0 1392.0
912.0 1152.0 1392.0
912.0 1152.0 1392.0
912.0 1152.0 1392.0
912.0 1152.0 1392.0
912.0 1152.0 1392.0
912.0 1152.0 1392.0
912.0 1152.0 1392.0
912.0 1152.0 1392.0
912.0 1152.0 1392.0
912.0 1152.0 1392.0
912.0 1152.0 1392.0
912.0 1152.0 1392.0
912.0 1152.0 1392.0
912.0 1152.0 1392.0
912.0 1152.0 1392.0
912.0 1152.0 1392.0
912.0 1152.0 1392.0
912.0 1152.0 1392.0
912.0 1152.0 1392.0
912.0 1152.0 1392.0
912.0 1152.0 1392.0
912.0 1152.0 1392.0
912.0 1152.0 1392.0
912.0 1152.0 1392.0
912.0 1152.0 1392.0
912.0 1152.0 1392.0
912.0 1152.0 1392.0
912.0 1152.0 1392.0
912.0 1152.0 1392.0
912.0 1152.0 1392.0
912.0 1152.0 1392.0
912.0 1152.0 1392.0
912.0 1152.0 1392.0
912.0 1152.0 1392.0
912.0 1152.0 1392.0
912.0 1152.0 1392.0
912.0 1152.0 1392.0
912.0 1152.0 1392.0
912.0 1152.0 1392.0
912.0 1152.0 1392.0
912.0 1152.0 1392.0
912.0 1152.0 1392.0
912.0 1152.0 1392.0
912.0 1152.0 1392.0
912.0 1152.0 1392.0
912.0 1152.0 1392.0
912.0 1152.0 1392.0
912.0 1152.0 1392.0
912.0 1152.0 1392.0
912.0 1152.0 1392.0
912.0 1152.0 1392.0
912.0 1152.0 1392.0
912.0 1152.0 1392.0
912.0 1152.0 1392.0
912.0 1152.0 1392.0
912.0 1152.0 1392.0
912.0 1152.0 1392.0
912.0 1152.0 1392.0
912.0 1152.0 1392.0
912.0 1152.0 1392.0
912.0 1152.0 1392.0
912.0 1152.0 1392.0
912.0 1152.0 1392.0
912.0 1152.0 1392.0
