15109.0 15608.5 16108.0
11704.0 12161.0 12618.0
9978.0 10690.0 11402.0
9470.0 9631.5 9793.0
7572.0 7793.5 8015.0
6338.0 6647.5 6957.0
4586.0 4970.0 5354.0
4291.0 4447.5 4604.0
3255.0 3510.5 3766.0
2854.0 2934.0 3014.0
2111.0 2482.5 2854.0
2111.0 2404.5 2698.0
1724.0 2211.0 2698.0
1399.0 1561.5 1724.0
1399.0 1561.5 1724.0
1399.0 1561.5 1724.0
1399.0 1561.5 1724.0
1399.0 1561.5 1724.0
1399.0 1561.5 1724.0
1399.0 1561.5 1724.0
1399.0 1561.5 1724.0
1399.0 1561.5 1724.0
1399.0 1561.5 1724.0
1399.0 1561.5 1724.0
1399.0 1561.5 1724.0
1399.0 1561.5 1724.0
1399.0 1561.5 1724.0
1399.0 1561.5 1724.0
1399.0 1561.5 1724.0
1399.0 1561.5 1724.0
1399.0 1561.5 1724.0
1399.0 1561.5 1724.0
1399.0 1561.5 1724.0
1399.0 1561.5 1724.0
1399.0 1561.5 1724.0
1399.0 1561.5 1724.0
1399.0 1561.5 1724.0
1399.0 1561.5 1724.0
1399.0 1561.5 1724.0
1399.0 1561.5 1724.0
1399.0 1561.5 1724.0
1399.0 1561.5 1724.0
1399.0 1561.5 1724.0
1399.0 1561.5 1724.0
1399.0 1561.5 1724.0
1399.0 1561.5 1724.0
1399.0 1561.5 1724.0
1399.0 1561.5 1724.0
1399.0 1561.5 1724.0
1226.0 1312.5 1399.0
1124.0 1261.5 1399.0
1124.0 1261.5 1399.0
1124.0 1261.5 1399.0
1124.0 1261.5 1399.0
1124.0 1261.5 1399.0
1124.0 1261.5 1399.0
1124.0 1261.5 1399.0
1124.0 1261.5 1399.0
1124.0 1261.5 1399.0
1124.0 1261.5 1399.0
1124.0 1261.5 1399.0
1124.0 1261.5 1399.0
1124.0 1261.5 1399.0
1124.0 1261.5 1399.0
1124.0 1261.5 1399.0
1124.0 1261.5 1399.0
1124.0 1261.5 1399.0
1124.0 1261.5 1399.0
1124.0 1261.5 1399.0
1124.0 1261.5 1399.0
1124.0 1261.5 1399.0
1124.0 1261.5 1399.0
1124.0 1261.5 1399.0
1124.0 1261.5 1399.0
1124.0 1261.5 1399.0
1124.0 1261.5 1399.0
1124.0 1261.5 1399.0
1124.0 1261.5 1399.0
1124.0 1261.5 1399.0
1124.0 1261.5 1399.0
1124.0 1261.5 1399.0
1124.0 1261.5 1399.0
1124.0 1261.5 1399.0
1124.0 1261.5 1399.0
1124.0 1261.5 1399.0
1124.0 1261.5 1399.0
1124.0 1261.5 1399.0
1124.0 1261.5 1399.0
1124.0 1261.5 1399.0
1124.0 1261.5 1399.0
1124.0 1261.5 1399.0
1124.0 1261.5 1399.0
1124.0 1261.5 1399.0
1124.0 1261.5 1399.0
1124.0 1261.5 1399.0
1124.0 1261.5 1399.0
1124.0 1261.5 1399.0
1124.0 1261.5 1399.0
1124.0 1261.5 1399.0
1124.0 1261.5 1399.0
1124.0 1261.5 1399.0
1124.0 1261.5 1399.0
1124.0 1261.5 1399.0
1124.0 1261.5 1399.0
1124.0 1261.5 1399.0
1124.0 1261.5 1399.0
1124.0 1261.5 1399.0
1124.0 1261.5 1399.0
1124.0 1261.5 1399.0
1124.0 1261.5 1399.0
1124.0 1261.5 1399.0
1124.0 1261.5 1399.0
1124.0 1261.5 1399.0
1124.0 1261.5 1399.0
1124.0 1261.5 1399.0
1124.0 1261.5 1399.0
1124.0 1261.5 1399.0
1124.0 1261.5 1399.0
1124.0 1261.5 1399.0
1124.0 1261.5 1399.0
1124.0 1261.5 1399.0
1124.0 1261.5 1399.0
1124.0 1261.5 1399.0
1124.0 1261.5 1399.0
1124.0 1261.5 1399.0
1124.0 1261.5 1399.0
1124.0 1261.5 1399.0
1124.0 1261.5 1399.0
1124.0 1261.5 1399.0
1124.0 1261.5 1399.0
1124.0 1261.5 1399.0
1124.0 1261.5 1399.0
1124.0 1261.5 1399.0
1124.0 1261.5 1399.0
1124.0 1261.5 1399.0
1124.0 1261.5 1399.0
1124.0 1261.5 1399.0
1124.0 1261.5 1399.0
1124.0 1261.5 1399.0
1124.0 1261.5 1399.0
1124.0 1261.5 1399.0
1124.0 1261.5 1399.0
1124.0 1261.5 1399.0
1124.0 1261.5 1399.0
1124.0 1261.5 1399.0
1124.0 1261.5 1399.0
1124.0 1261.5 1399.0
1124.0 1261.5 1399.0
1124.0 1261.5 1399.0
1124.0 1261.5 1399.0
1124.0 1261.5 1399.0
1124.0 1261.5 1399.0
1124.0 1261.5 1399.0
1124.0 1261.5 1399.0
1124.0 1261.5 1399.0
1124.0 1261.5 1399.0
1124.0 1261.5 1399.0
1124.0 1261.5 1399.0
1124.0 1261.5 1399.0
1124.0 1261.5 1399.0
1124.0 1261.5 1399.0
1124.0 1261.5 1399.0
1124.0 1261.5 1399.0
1124.0 1261.5 1399.0
1124.0 1261.5 1399.0
1124.0 1261.5 1399.0
1124.0 1261.5 1399.0
1124.0 1261.5 1399.0
1124.0 1261.5 1399.0
1124.0 1261.5 1399.0
1124.0 1261.5 1399.0
1124.0 1261.5 1399.0
1124.0 1261.5 1399.0
1124.0 1261.5 1399.0
1124.0 1261.5 1399.0
1124.0 1261.5 1399.0
1124.0 1261.5 1399.0
1124.0 1261.5 1399.0
1124.0 1261.5 1399.0
1124.0 1261.5 1399.0
1124.0 1261.5 1399.0
1124.0 1261.5 1399.0
1124.0 1261.5 1399.0
1124.0 1261.5 1399.0
1124.0 1261.5 1399.0
1124.0 1261.5 1399.0
1124.0 1261.5 1399.0
1124.0 1261.5 1399.0
1124.0 1261.5 1399.0
1124.0 1261.5 1399.0
1124.0 1261.5 1399.0
1124.0 1261.5 1399.0
1124.0 1261.5 1399.0
1124.0 1261.5 1399.0
1124.0 1261.5 1399.0
1124.0 1261.5 1399.0
1124.0 1261.5 1399.0
1124.0 1261.5 1399.0
1124.0 1261.5 1399.0
1124.0 1261.5 1399.0
