15535.0 16458.5 17382.0
15214.0 15405.0 15596.0
12132.0 12752.0 13372.0
10863.0 11313.0 11763.0
8450.0 8540.0 8630.0
7107.0 7128.0 7149.0
3491.0 5286.0 7081.0
3340.0 3760.0 4180.0
3340.0 3676.0 4012.0
3340.0 3431.5 3523.0
3195.0 3267.5 3340.0
3195.0 3267.5 3340.0
2299.0 2819.5 3340.0
2299.0 2819.5 3340.0
2299.0 2819.5 3340.0
2299.0 2819.5 3340.0
2299.0 2819.5 3340.0
2299.0 2819.5 3340.0
2299.0 2819.5 3340.0
2299.0 2559.5 2820.0
2178.0 2238.5 2299.0
2178.0 2238.5 2299.0
2178.0 2238.5 2299.0
2178.0 2238.5 2299.0
2178.0 2238.5 2299.0
1770.0 1974.0 2178.0
2178.0 2398.5 2619.0
2178.0 2398.5 2619.0
2178.0 2398.5 2619.0
2178.0 2398.5 2619.0
2178.0 2398.5 2619.0
2178.0 2398.5 2619.0
2178.0 2398.5 2619.0
2178.0 2398.5 2619.0
2178.0 2398.5 2619.0
2178.0 2398.5 2619.0
2178.0 2398.5 2619.0
2178.0 2398.5 2619.0
2178.0 2398.5 2619.0
2178.0 2398.5 2619.0
2178.0 2398.5 2619.0
2178.0 2398.5 2619.0
2178.0 2398.5 2619.0
2178.0 2398.5 2619.0
2178.0 2398.5 2619.0
1985.0 2081.5 2178.0
920.0 1549.0 2178.0
920.0 1549.0 2178.0
920.0 1549.0 2178.0
920.0 1549.0 2178.0
920.0 1549.0 2178.0
920.0 1549.0 2178.0
920.0 1549.0 2178.0
920.0 1549.0 2178.0
920.0 1549.0 2178.0
920.0 1549.0 2178.0
920.0 1549.0 2178.0
920.0 1450.0 1980.0
920.0 1450.0 1980.0
920.0 1450.0 1980.0
920.0 1450.0 1980.0
920.0 1450.0 1980.0
920.0 1450.0 1980.0
920.0 1450.0 1980.0
920.0 1450.0 1980.0
920.0 1398.0 1876.0
920.0 1264.5 1609.0
920.0 1264.5 1609.0
920.0 1264.5 1609.0
920.0 1264.5 1609.0
920.0 1264.5 1609.0
920.0 1264.5 1609.0
920.0 1264.5 1609.0
920.0 1264.5 1609.0
920.0 1264.5 1609.0
920.0 1264.5 1609.0
920.0 1264.5 1609.0
920.0 1264.5 1609.0
920.0 1264.5 1609.0
920.0 1264.5 1609.0
920.0 1264.5 1609.0
920.0 1264.5 1609.0
920.0 1264.5 1609.0
920.0 1264.5 1609.0
920.0 1264.5 1609.0
920.0 1264.5 1609.0
920.0 1264.5 1609.0
920.0 1264.5 1609.0
920.0 1264.5 1609.0
920.0 1264.5 1609.0
920.0 1264.5 1609.0
920.0 1264.5 1609.0
920.0 1264.5 1609.0
920.0 1264.5 1609.0
920.0 1264.5 1609.0
920.0 1264.5 1609.0
920.0 1264.5 1609.0
920.0 1264.5 1609.0
920.0 1264.5 1609.0
920.0 1264.5 1609.0
920.0 1264.5 1609.0
920.0 1264.5 1609.0
920.0 1264.5 1609.0
920.0 1264.5 1609.0
920.0 1264.5 1609.0
920.0 1264.5 1609.0
920.0 1264.5 1609.0
920.0 1264.5 1609.0
920.0 1264.5 1609.0
920.0 1264.5 1609.0
920.0 1264.5 1609.0
920.0 1264.5 1609.0
920.0 1264.5 1609.0
920.0 1264.5 1609.0
920.0 1264.5 1609.0
920.0 1264.5 1609.0
920.0 1264.5 1609.0
920.0 1264.5 1609.0
920.0 1264.5 1609.0
920.0 1264.5 1609.0
920.0 1264.5 1609.0
920.0 1264.5 1609.0
920.0 1264.5 1609.0
920.0 1264.5 1609.0
920.0 1264.5 1609.0
920.0 1264.5 1609.0
920.0 1264.5 1609.0
920.0 1264.5 1609.0
920.0 1264.5 1609.0
920.0 1264.5 1609.0
920.0 1264.5 1609.0
920.0 1264.5 1609.0
920.0 1264.5 1609.0
920.0 1264.5 1609.0
920.0 1264.5 1609.0
920.0 1264.5 1609.0
920.0 1264.5 1609.0
920.0 1264.5 1609.0
920.0 1264.5 1609.0
920.0 1264.5 1609.0
920.0 1264.5 1609.0
920.0 1264.5 1609.0
920.0 1264.5 1609.0
920.0 1264.5 1609.0
920.0 1264.5 1609.0
920.0 1264.5 1609.0
920.0 1264.5 1609.0
920.0 1139.0 1358.0
920.0 1114.0 1308.0
920.0 1114.0 1308.0
920.0 1114.0 1308.0
920.0 1114.0 1308.0
920.0 1114.0 1308.0
920.0 1114.0 1308.0
920.0 1114.0 1308.0
920.0 1114.0 1308.0
920.0 1114.0 1308.0
920.0 1114.0 1308.0
920.0 1114.0 1308.0
920.0 1114.0 1308.0
920.0 1114.0 1308.0
920.0 1114.0 1308.0
920.0 1114.0 1308.0
920.0 1114.0 1308.0
920.0 1114.0 1308.0
920.0 1114.0 1308.0
920.0 1114.0 1308.0
920.0 1114.0 1308.0
920.0 1114.0 1308.0
920.0 1114.0 1308.0
920.0 1114.0 1308.0
920.0 1114.0 1308.0
920.0 1114.0 1308.0
920.0 1114.0 1308.0
920.0 1114.0 1308.0
920.0 1114.0 1308.0
920.0 1114.0 1308.0
920.0 1114.0 1308.0
920.0 1114.0 1308.0
920.0 1114.0 1308.0
920.0 1114.0 1308.0
920.0 1114.0 1308.0
920.0 1114.0 1308.0
920.0 1114.0 1308.0
920.0 1114.0 1308.0
920.0 1114.0 1308.0
920.0 1114.0 1308.0
920.0 1114.0 1308.0
920.0 1114.0 1308.0
920.0 1114.0 1308.0
920.0 1114.0 1308.0
920.0 1114.0 1308.0
920.0 1114.0 1308.0
920.0 1114.0 1308.0
920.0 1114.0 1308.0
920.0 1114.0 1308.0
920.0 1114.0 1308.0
920.0 1114.0 1308.0
920.0 1114.0 1308.0
920.0 1114.0 1308.0
