10489.0 11200.0 11911.0
9846.0 9931.0 10016.0
6086.0 6795.5 7505.0
4572.0 5726.0 6880.0
3995.0 4585.5 5176.0
3254.0 3624.5 3995.0
2783.0 2856.5 2930.0
2131.0 2140.0 2149.0
2131.0 2196.5 2262.0
1188.0 1476.5 1765.0
1188.0 1476.5 1765.0
1122.0 1382.5 1643.0
1122.0 1319.5 1517.0
1122.0 1170.5 1219.0
957.0 1039.5 1122.0
931.0 1026.5 1122.0
849.0 985.5 1122.0
849.0 985.5 1122.0
849.0 985.5 1122.0
849.0 985.5 1122.0
849.0 985.5 1122.0
849.0 985.5 1122.0
849.0 985.5 1122.0
849.0 985.5 1122.0
849.0 985.5 1122.0
849.0 985.5 1122.0
849.0 985.5 1122.0
849.0 985.5 1122.0
849.0 985.5 1122.0
849.0 985.5 1122.0
849.0 985.5 1122.0
849.0 985.5 1122.0
849.0 985.5 1122.0
849.0 985.5 1122.0
849.0 985.5 1122.0
849.0 985.5 1122.0
849.0 985.5 1122.0
849.0 985.5 1122.0
849.0 985.5 1122.0
849.0 985.5 1122.0
849.0 985.5 1122.0
849.0 985.5 1122.0
849.0 985.5 1122.0
849.0 985.5 1122.0
849.0 985.5 1122.0
849.0 985.5 1122.0
849.0 985.5 1122.0
849.0 985.5 1122.0
849.0 985.5 1122.0
849.0 985.5 1122.0
849.0 985.5 1122.0
849.0 985.5 1122.0
849.0 985.5 1122.0
849.0 985.5 1122.0
849.0 985.5 1122.0
849.0 985.5 1122.0
849.0 985.5 1122.0
849.0 985.5 1122.0
849.0 985.5 1122.0
849.0 985.5 1122.0
849.0 985.5 1122.0
849.0 985.5 1122.0
849.0 985.5 1122.0
849.0 985.5 1122.0
849.0 985.5 1122.0
849.0 985.5 1122.0
849.0 985.5 1122.0
849.0 985.5 1122.0
849.0 985.5 1122.0
849.0 985.5 1122.0
849.0 985.5 1122.0
849.0 985.5 1122.0
849.0 985.5 1122.0
849.0 985.5 1122.0
849.0 985.5 1122.0
849.0 985.5 1122.0
849.0 985.5 1122.0
849.0 985.5 1122.0
849.0 985.5 1122.0
849.0 985.5 1122.0
849.0 985.5 1122.0
849.0 985.5 1122.0
849.0 985.5 1122.0
849.0 985.5 1122.0
849.0 985.5 1122.0
849.0 985.5 1122.0
849.0 985.5 1122.0
849.0 985.5 1122.0
849.0 985.5 1122.0
849.0 985.5 1122.0
849.0 985.5 1122.0
849.0 985.5 1122.0
849.0 985.5 1122.0
849.0 985.5 1122.0
849.0 985.5 1122.0
849.0 985.5 1122.0
849.0 985.5 1122.0
849.0 985.5 1122.0
849.0 985.5 1122.0
849.0 985.5 1122.0
849.0 985.5 1122.0
849.0 985.5 1122.0
849.0 985.5 1122.0
849.0 985.5 1122.0
849.0 985.5 1122.0
849.0 985.5 1122.0
849.0 985.5 1122.0
849.0 985.5 1122.0
849.0 985.5 1122.0
849.0 985.5 1122.0
849.0 985.5 1122.0
849.0 985.5 1122.0
849.0 985.5 1122.0
849.0 985.5 1122.0
849.0 985.5 1122.0
849.0 997.5 1146.0
849.0 997.5 1146.0
849.0 997.5 1146.0
849.0 907.5 966.0
826.0 837.5 849.0
849.0 907.5 966.0
743.0 796.0 849.0
743.0 796.0 849.0
743.0 796.0 849.0
743.0 796.0 849.0
743.0 796.0 849.0
743.0 796.0 849.0
743.0 796.0 849.0
743.0 796.0 849.0
743.0 796.0 849.0
743.0 796.0 849.0
743.0 796.0 849.0
743.0 796.0 849.0
743.0 796.0 849.0
743.0 796.0 849.0
743.0 796.0 849.0
743.0 796.0 849.0
743.0 796.0 849.0
743.0 796.0 849.0
743.0 796.0 849.0
743.0 796.0 849.0
743.0 796.0 849.0
743.0 796.0 849.0
743.0 796.0 849.0
743.0 796.0 849.0
743.0 796.0 849.0
743.0 796.0 849.0
743.0 796.0 849.0
743.0 796.0 849.0
743.0 796.0 849.0
743.0 796.0 849.0
743.0 796.0 849.0
743.0 796.0 849.0
743.0 796.0 849.0
743.0 796.0 849.0
743.0 796.0 849.0
743.0 796.0 849.0
743.0 796.0 849.0
743.0 796.0 849.0
743.0 796.0 849.0
743.0 796.0 849.0
743.0 796.0 849.0
743.0 796.0 849.0
743.0 796.0 849.0
743.0 796.0 849.0
743.0 796.0 849.0
743.0 796.0 849.0
743.0 796.0 849.0
743.0 796.0 849.0
743.0 796.0 849.0
743.0 796.0 849.0
743.0 796.0 849.0
743.0 796.0 849.0
743.0 796.0 849.0
743.0 796.0 849.0
743.0 796.0 849.0
743.0 796.0 849.0
743.0 796.0 849.0
743.0 796.0 849.0
743.0 796.0 849.0
743.0 796.0 849.0
743.0 796.0 849.0
743.0 796.0 849.0
743.0 796.0 849.0
743.0 796.0 849.0
743.0 796.0 849.0
743.0 796.0 849.0
743.0 796.0 849.0
743.0 796.0 849.0
743.0 796.0 849.0
743.0 796.0 849.0
743.0 796.0 849.0
743.0 796.0 849.0
743.0 796.0 849.0
743.0 796.0 849.0
743.0 796.0 849.0
743.0 796.0 849.0
743.0 796.0 849.0
743.0 796.0 849.0
743.0 796.0 849.0
