12386.0 14012.5 15639.0
12461.0 12875.0 13289.0
9956.0 10667.0 11378.0
8433.0 9094.0 9755.0
8002.0 8490.5 8979.0
6005.0 7037.0 8069.0
4818.0 5364.5 5911.0
4598.0 4649.5 4701.0
4040.0 4370.5 4701.0
2405.0 2778.0 3151.0
1943.0 2588.5 3234.0
1943.0 2588.5 3234.0
1943.0 2028.5 2114.0
1943.0 2028.5 2114.0
1943.0 2028.5 2114.0
1943.0 2028.5 2114.0
1943.0 2028.5 2114.0
1943.0 2028.5 2114.0
1943.0 2028.5 2114.0
1943.0 2028.5 2114.0
1697.0 1820.0 1943.0
1697.0 1820.0 1943.0
1697.0 1820.0 1943.0
1697.0 1820.0 1943.0
1697.0 1820.0 1943.0
1697.0 1820.0 1943.0
1697.0 1820.0 1943.0
1697.0 1820.0 1943.0
1697.0 1820.0 1943.0
1697.0 1820.0 1943.0
1697.0 1820.0 1943.0
1697.0 1820.0 1943.0
1697.0 1820.0 1943.0
1697.0 1820.0 1943.0
1697.0 1820.0 1943.0
1697.0 1820.0 1943.0
1697.0 1820.0 1943.0
1697.0 1820.0 1943.0
1697.0 1820.0 1943.0
1697.0 1820.0 1943.0
1697.0 1820.0 1943.0
1697.0 1820.0 1943.0
1697.0 1820.0 1943.0
1697.0 1820.0 1943.0
1697.0 1820.0 1943.0
1697.0 1820.0 1943.0
1697.0 1820.0 1943.0
1697.0 1820.0 1943.0
1697.0 1820.0 1943.0
1697.0 1820.0 1943.0
1697.0 1820.0 1943.0
1697.0 1820.0 1943.0
1697.0 1820.0 1943.0
1697.0 1820.0 1943.0
1697.0 1820.0 1943.0
1697.0 1820.0 1943.0
1697.0 1820.0 1943.0
1697.0 1820.0 1943.0
1697.0 1820.0 1943.0
1697.0 1820.0 1943.0
1697.0 1820.0 1943.0
1697.0 1820.0 1943.0
1697.0 1820.0 1943.0
1697.0 1820.0 1943.0
1697.0 1820.0 1943.0
1697.0 1820.0 1943.0
1697.0 1820.0 1943.0
1697.0 1820.0 1943.0
1697.0 1820.0 1943.0
1697.0 1820.0 1943.0
1697.0 1820.0 1943.0
1697.0 1820.0 1943.0
1697.0 1820.0 1943.0
1697.0 1820.0 1943.0
1697.0 1820.0 1943.0
1697.0 1820.0 1943.0
1697.0 1820.0 1943.0
1697.0 1820.0 1943.0
1697.0 1820.0 1943.0
1840.0 1891.5 1943.0
1840.0 1891.5 1943.0
1840.0 1891.5 1943.0
1840.0 1891.5 1943.0
1840.0 1891.5 1943.0
1840.0 1891.5 1943.0
1840.0 1891.5 1943.0
1840.0 1891.5 1943.0
1840.0 1891.5 1943.0
1840.0 1891.5 1943.0
1840.0 1891.5 1943.0
1840.0 1891.5 1943.0
1840.0 1891.5 1943.0
1840.0 1891.5 1943.0
1840.0 1891.5 1943.0
1840.0 1891.5 1943.0
1840.0 1891.5 1943.0
1840.0 1891.5 1943.0
1840.0 1891.5 1943.0
1840.0 1891.5 1943.0
1840.0 1891.5 1943.0
1840.0 1891.5 1943.0
1840.0 1891.5 1943.0
1840.0 1891.5 1943.0
1840.0 1891.5 1943.0
1840.0 1891.5 1943.0
1840.0 1891.5 1943.0
1840.0 1891.5 1943.0
1840.0 1891.5 1943.0
1840.0 1891.5 1943.0
1840.0 1891.5 1943.0
1840.0 1891.5 1943.0
1840.0 1891.5 1943.0
1840.0 1891.5 1943.0
1815.0 1879.0 1943.0
1700.0 1821.5 1943.0
1471.0 1707.0 1943.0
1471.0 1707.0 1943.0
1173.0 1558.0 1943.0
1173.0 1558.0 1943.0
1173.0 1437.5 1702.0
1157.0 1165.0 1173.0
1173.0 1263.0 1353.0
1173.0 1263.0 1353.0
1173.0 1263.0 1353.0
1173.0 1263.0 1353.0
1173.0 1263.0 1353.0
1173.0 1263.0 1353.0
1173.0 1263.0 1353.0
1173.0 1263.0 1353.0
1173.0 1263.0 1353.0
1173.0 1263.0 1353.0
1173.0 1263.0 1353.0
1173.0 1263.0 1353.0
1173.0 1263.0 1353.0
1173.0 1263.0 1353.0
1173.0 1263.0 1353.0
1173.0 1263.0 1353.0
1173.0 1263.0 1353.0
1173.0 1263.0 1353.0
1173.0 1263.0 1353.0
1173.0 1263.0 1353.0
1173.0 1263.0 1353.0
1173.0 1263.0 1353.0
1173.0 1263.0 1353.0
1173.0 1263.0 1353.0
1173.0 1263.0 1353.0
1173.0 1263.0 1353.0
1173.0 1263.0 1353.0
1173.0 1263.0 1353.0
1173.0 1263.0 1353.0
1173.0 1263.0 1353.0
1173.0 1263.0 1353.0
1173.0 1263.0 1353.0
1173.0 1263.0 1353.0
1173.0 1263.0 1353.0
1173.0 1263.0 1353.0
1173.0 1263.0 1353.0
1173.0 1263.0 1353.0
1173.0 1263.0 1353.0
1173.0 1263.0 1353.0
1173.0 1263.0 1353.0
1173.0 1263.0 1353.0
1173.0 1263.0 1353.0
1173.0 1263.0 1353.0
1173.0 1263.0 1353.0
1173.0 1263.0 1353.0
1173.0 1263.0 1353.0
1173.0 1263.0 1353.0
1173.0 1263.0 1353.0
1173.0 1263.0 1353.0
1173.0 1263.0 1353.0
1173.0 1263.0 1353.0
1173.0 1263.0 1353.0
1173.0 1263.0 1353.0
1173.0 1263.0 1353.0
1173.0 1263.0 1353.0
1173.0 1263.0 1353.0
1173.0 1263.0 1353.0
1173.0 1263.0 1353.0
1173.0 1263.0 1353.0
1173.0 1263.0 1353.0
1173.0 1263.0 1353.0
1173.0 1263.0 1353.0
1173.0 1263.0 1353.0
1173.0 1263.0 1353.0
1173.0 1263.0 1353.0
1173.0 1263.0 1353.0
1173.0 1263.0 1353.0
1173.0 1263.0 1353.0
1173.0 1263.0 1353.0
1173.0 1263.0 1353.0
1173.0 1263.0 1353.0
1173.0 1263.0 1353.0
1173.0 1263.0 1353.0
1173.0 1263.0 1353.0
1173.0 1263.0 1353.0
1173.0 1263.0 1353.0
1173.0 1263.0 1353.0
1173.0 1263.0 1353.0
1173.0 1263.0 1353.0
