13192.0 13415.5 13639.0
9808.0 10151.5 10495.0
8334.0 9596.0 10858.0
6017.0 6229.5 6442.0
3324.0 3988.0 4652.0
3324.0 3532.0 3740.0
2739.0 2823.5 2908.0
2739.0 2823.5 2908.0
2163.0 2396.5 2630.0
1883.0 2256.5 2630.0
1454.0 1668.5 1883.0
1454.0 1668.5 1883.0
1281.0 1409.5 1538.0
1281.0 1409.5 1538.0
1281.0 1409.5 1538.0
1281.0 1409.5 1538.0
1281.0 1409.5 1538.0
1281.0 1409.5 1538.0
1281.0 1409.5 1538.0
1281.0 1409.5 1538.0
1281.0 1409.5 1538.0
1281.0 1454.5 1628.0
1281.0 1389.0 1497.0
1281.0 1454.5 1628.0
1281.0 1454.5 1628.0
1281.0 1454.5 1628.0
1281.0 1454.5 1628.0
1281.0 1454.5 1628.0
1281.0 1454.5 1628.0
1281.0 1454.5 1628.0
1281.0 1454.5 1628.0
1281.0 1454.5 1628.0
1281.0 1454.5 1628.0
1281.0 1454.5 1628.0
1281.0 1454.5 1628.0
1281.0 1454.5 1628.0
1281.0 1454.5 1628.0
1281.0 1454.5 1628.0
1281.0 1454.5 1628.0
1281.0 1454.5 1628.0
1281.0 1454.5 1628.0
1281.0 1454.5 1628.0
1281.0 1454.5 1628.0
1281.0 1494.5 1708.0
1281.0 1494.5 1708.0
1281.0 1454.5 1628.0
1281.0 1350.0 1419.0
972.0 1126.5 1281.0
972.0 1126.5 1281.0
1074.0 1177.5 1281.0
1074.0 1177.5 1281.0
931.0 1106.0 1281.0
931.0 1106.0 1281.0
931.0 1106.0 1281.0
931.0 1106.0 1281.0
931.0 1106.0 1281.0
931.0 1106.0 1281.0
931.0 1106.0 1281.0
931.0 1106.0 1281.0
931.0 1106.0 1281.0
931.0 1106.0 1281.0
931.0 1106.0 1281.0
931.0 1106.0 1281.0
931.0 1106.0 1281.0
931.0 1106.0 1281.0
931.0 1106.0 1281.0
931.0 1106.0 1281.0
931.0 1106.0 1281.0
931.0 1106.0 1281.0
931.0 1106.0 1281.0
931.0 1106.0 1281.0
931.0 1106.0 1281.0
931.0 1106.0 1281.0
931.0 1106.0 1281.0
931.0 1106.0 1281.0
931.0 1106.0 1281.0
931.0 1106.0 1281.0
931.0 1106.0 1281.0
931.0 1106.0 1281.0
931.0 1106.0 1281.0
931.0 1106.0 1281.0
931.0 1106.0 1281.0
931.0 1106.0 1281.0
931.0 1106.0 1281.0
931.0 1106.0 1281.0
931.0 1106.0 1281.0
931.0 1106.0 1281.0
931.0 1106.0 1281.0
931.0 1106.0 1281.0
931.0 1106.0 1281.0
931.0 1106.0 1281.0
931.0 1106.0 1281.0
931.0 1106.0 1281.0
931.0 1106.0 1281.0
931.0 1106.0 1281.0
931.0 1106.0 1281.0
931.0 1106.0 1281.0
931.0 1106.0 1281.0
931.0 1106.0 1281.0
931.0 1106.0 1281.0
931.0 1106.0 1281.0
931.0 1106.0 1281.0
931.0 1106.0 1281.0
931.0 1106.0 1281.0
931.0 1106.0 1281.0
931.0 1106.0 1281.0
931.0 1106.0 1281.0
931.0 1106.0 1281.0
931.0 1106.0 1281.0
931.0 1106.0 1281.0
931.0 1106.0 1281.0
931.0 1106.0 1281.0
931.0 1106.0 1281.0
931.0 1106.0 1281.0
931.0 1106.0 1281.0
931.0 1106.0 1281.0
931.0 1106.0 1281.0
931.0 1106.0 1281.0
931.0 1106.0 1281.0
931.0 1106.0 1281.0
931.0 1106.0 1281.0
931.0 1106.0 1281.0
931.0 1106.0 1281.0
931.0 1106.0 1281.0
931.0 1106.0 1281.0
931.0 1106.0 1281.0
931.0 1106.0 1281.0
931.0 1106.0 1281.0
931.0 1106.0 1281.0
931.0 1106.0 1281.0
931.0 1106.0 1281.0
931.0 1106.0 1281.0
931.0 1106.0 1281.0
931.0 1106.0 1281.0
931.0 1106.0 1281.0
931.0 1106.0 1281.0
931.0 1106.0 1281.0
931.0 1106.0 1281.0
931.0 1106.0 1281.0
931.0 1106.0 1281.0
931.0 1106.0 1281.0
931.0 1106.0 1281.0
931.0 1106.0 1281.0
931.0 1106.0 1281.0
931.0 1106.0 1281.0
931.0 1106.0 1281.0
931.0 1106.0 1281.0
931.0 1106.0 1281.0
931.0 1106.0 1281.0
931.0 1106.0 1281.0
931.0 1106.0 1281.0
931.0 1106.0 1281.0
931.0 1106.0 1281.0
931.0 1106.0 1281.0
931.0 1106.0 1281.0
931.0 1106.0 1281.0
931.0 1106.0 1281.0
931.0 1106.0 1281.0
931.0 1106.0 1281.0
931.0 1106.0 1281.0
931.0 1106.0 1281.0
931.0 1106.0 1281.0
931.0 1106.0 1281.0
931.0 1106.0 1281.0
931.0 1106.0 1281.0
931.0 1106.0 1281.0
931.0 1106.0 1281.0
931.0 1106.0 1281.0
931.0 1106.0 1281.0
931.0 1106.0 1281.0
931.0 1106.0 1281.0
931.0 1106.0 1281.0
931.0 1106.0 1281.0
931.0 1106.0 1281.0
931.0 1106.0 1281.0
931.0 1106.0 1281.0
931.0 1106.0 1281.0
931.0 1106.0 1281.0
931.0 1106.0 1281.0
931.0 1106.0 1281.0
931.0 1106.0 1281.0
931.0 1106.0 1281.0
931.0 1106.0 1281.0
931.0 1106.0 1281.0
931.0 1106.0 1281.0
931.0 1106.0 1281.0
931.0 1106.0 1281.0
931.0 1106.0 1281.0
931.0 1106.0 1281.0
931.0 1106.0 1281.0
931.0 1106.0 1281.0
931.0 1106.0 1281.0
931.0 1106.0 1281.0
931.0 1106.0 1281.0
931.0 1106.0 1281.0
931.0 1106.0 1281.0
931.0 1106.0 1281.0
931.0 1106.0 1281.0
931.0 1106.0 1281.0
931.0 1106.0 1281.0
