11417.0 11630.0 11843.0
8630.0 9961.5 11293.0
7215.0 7695.0 8175.0
5470.0 5719.5 5969.0
3507.0 3603.5 3700.0
2762.0 2879.5 2997.0
2252.0 2481.0 2710.0
2003.0 2127.5 2252.0
1682.0 1967.0 2252.0
1682.0 2149.5 2617.0
1682.0 1839.0 1996.0
1646.0 1664.0 1682.0
1646.0 1664.0 1682.0
1227.0 1412.0 1597.0
1329.0 1463.0 1597.0
928.0 1128.5 1329.0
928.0 1128.5 1329.0
928.0 1128.5 1329.0
928.0 1128.5 1329.0
928.0 1128.5 1329.0
928.0 1128.5 1329.0
928.0 1128.5 1329.0
928.0 1128.5 1329.0
928.0 1128.5 1329.0
928.0 1128.5 1329.0
928.0 1128.5 1329.0
928.0 1128.5 1329.0
928.0 1128.5 1329.0
928.0 1128.5 1329.0
928.0 1128.5 1329.0
928.0 1128.5 1329.0
928.0 1128.5 1329.0
928.0 1128.5 1329.0
928.0 1128.5 1329.0
928.0 1128.5 1329.0
928.0 1128.5 1329.0
928.0 1128.5 1329.0
928.0 1128.5 1329.0
928.0 1128.5 1329.0
928.0 1128.5 1329.0
928.0 1128.5 1329.0
928.0 1128.5 1329.0
928.0 1128.5 1329.0
928.0 1128.5 1329.0
928.0 1128.5 1329.0
928.0 1128.5 1329.0
928.0 1128.5 1329.0
928.0 1128.5 1329.0
928.0 1128.5 1329.0
928.0 1128.5 1329.0
928.0 1128.5 1329.0
928.0 1128.5 1329.0
928.0 1128.5 1329.0
928.0 1128.5 1329.0
928.0 1128.5 1329.0
928.0 1128.5 1329.0
928.0 1128.5 1329.0
928.0 1128.5 1329.0
928.0 1128.5 1329.0
928.0 1128.5 1329.0
928.0 1128.5 1329.0
928.0 1128.5 1329.0
928.0 1128.5 1329.0
928.0 1128.5 1329.0
928.0 1128.5 1329.0
928.0 1128.5 1329.0
928.0 1128.5 1329.0
928.0 1128.5 1329.0
928.0 1128.5 1329.0
928.0 1128.5 1329.0
928.0 1128.5 1329.0
928.0 1128.5 1329.0
928.0 1128.5 1329.0
928.0 1128.5 1329.0
928.0 1128.5 1329.0
928.0 1128.5 1329.0
928.0 1128.5 1329.0
928.0 1128.5 1329.0
928.0 1128.5 1329.0
928.0 1128.5 1329.0
928.0 1128.5 1329.0
928.0 1128.5 1329.0
928.0 1128.5 1329.0
928.0 1128.5 1329.0
928.0 1128.5 1329.0
928.0 1128.5 1329.0
928.0 1128.5 1329.0
928.0 1128.5 1329.0
928.0 1128.5 1329.0
928.0 1128.5 1329.0
928.0 1128.5 1329.0
928.0 1128.5 1329.0
928.0 1128.5 1329.0
928.0 1128.5 1329.0
928.0 1128.5 1329.0
928.0 1128.5 1329.0
928.0 1128.5 1329.0
928.0 1128.5 1329.0
928.0 1128.5 1329.0
928.0 1128.5 1329.0
928.0 1128.5 1329.0
928.0 1128.5 1329.0
928.0 1128.5 1329.0
928.0 1128.5 1329.0
928.0 1128.5 1329.0
928.0 1128.5 1329.0
928.0 1128.5 1329.0
928.0 1128.5 1329.0
928.0 1128.5 1329.0
928.0 1128.5 1329.0
928.0 1128.5 1329.0
928.0 1128.5 1329.0
928.0 1128.5 1329.0
928.0 1128.5 1329.0
928.0 1128.5 1329.0
928.0 1128.5 1329.0
928.0 1128.5 1329.0
928.0 1128.5 1329.0
928.0 1128.5 1329.0
928.0 1128.5 1329.0
928.0 1128.5 1329.0
928.0 1128.5 1329.0
928.0 1128.5 1329.0
928.0 1128.5 1329.0
928.0 1128.5 1329.0
928.0 1128.5 1329.0
928.0 1128.5 1329.0
928.0 1128.5 1329.0
928.0 1128.5 1329.0
928.0 1128.5 1329.0
928.0 1128.5 1329.0
928.0 1128.5 1329.0
928.0 1128.5 1329.0
928.0 1128.5 1329.0
928.0 1128.5 1329.0
928.0 1128.5 1329.0
928.0 1128.5 1329.0
928.0 1128.5 1329.0
928.0 1128.5 1329.0
928.0 1128.5 1329.0
928.0 1128.5 1329.0
928.0 1128.5 1329.0
928.0 1128.5 1329.0
928.0 1128.5 1329.0
928.0 1128.5 1329.0
928.0 1128.5 1329.0
928.0 1128.5 1329.0
928.0 1128.5 1329.0
928.0 1128.5 1329.0
928.0 1128.5 1329.0
928.0 1128.5 1329.0
928.0 1128.5 1329.0
928.0 1128.5 1329.0
928.0 1128.5 1329.0
928.0 1128.5 1329.0
928.0 1128.5 1329.0
928.0 1128.5 1329.0
928.0 1128.5 1329.0
928.0 1128.5 1329.0
928.0 1128.5 1329.0
928.0 1128.5 1329.0
928.0 1128.5 1329.0
928.0 1128.5 1329.0
928.0 1128.5 1329.0
928.0 1128.5 1329.0
928.0 1128.5 1329.0
928.0 1128.5 1329.0
928.0 1128.5 1329.0
928.0 1128.5 1329.0
928.0 1128.5 1329.0
928.0 1128.5 1329.0
928.0 1128.5 1329.0
928.0 1128.5 1329.0
928.0 1128.5 1329.0
928.0 1128.5 1329.0
928.0 1128.5 1329.0
928.0 1128.5 1329.0
928.0 1128.5 1329.0
928.0 1128.5 1329.0
928.0 1128.5 1329.0
928.0 1128.5 1329.0
928.0 1128.5 1329.0
928.0 1128.5 1329.0
928.0 1128.5 1329.0
928.0 1128.5 1329.0
928.0 1128.5 1329.0
928.0 1128.5 1329.0
928.0 1128.5 1329.0
928.0 1128.5 1329.0
928.0 1128.5 1329.0
928.0 1128.5 1329.0
928.0 1128.5 1329.0
928.0 1128.5 1329.0
928.0 1128.5 1329.0
928.0 1128.5 1329.0
928.0 1128.5 1329.0
928.0 1128.5 1329.0
928.0 1137.0 1346.0
928.0 1137.0 1346.0
928.0 1137.0 1346.0
