12223.0 14691.5 17160.0
10510.0 11819.5 13129.0
10999.0 11715.0 12431.0
9758.0 10753.0 11748.0
8026.0 8395.5 8765.0
6403.0 6521.5 6640.0
3857.0 5248.5 6640.0
3296.0 3753.0 4210.0
3296.0 3672.0 4048.0
3296.0 3586.5 3877.0
3296.0 3398.0 3500.0
2095.0 2695.5 3296.0
2095.0 2715.0 3335.0
2095.0 2715.0 3335.0
2095.0 2715.0 3335.0
2095.0 2715.0 3335.0
2095.0 2715.0 3335.0
2095.0 2715.0 3335.0
2095.0 2715.0 3335.0
2095.0 2715.0 3335.0
2095.0 2715.0 3335.0
2095.0 2715.0 3335.0
2095.0 2715.0 3335.0
2095.0 2715.0 3335.0
2095.0 2715.0 3335.0
2095.0 2715.0 3335.0
2095.0 2715.0 3335.0
2095.0 2715.0 3335.0
2095.0 2715.0 3335.0
2095.0 2715.0 3335.0
2095.0 2680.0 3265.0
2095.0 2134.5 2174.0
2095.0 2134.5 2174.0
2095.0 2134.5 2174.0
2095.0 2134.5 2174.0
2095.0 2134.5 2174.0
2095.0 2134.5 2174.0
2174.0 2220.5 2267.0
2174.0 2220.5 2267.0
2042.0 2154.5 2267.0
2042.0 2154.5 2267.0
2042.0 2154.5 2267.0
2042.0 2154.5 2267.0
2042.0 2154.5 2267.0
2042.0 2154.5 2267.0
2042.0 2154.5 2267.0
2042.0 2154.5 2267.0
2042.0 2154.5 2267.0
2042.0 2154.5 2267.0
2042.0 2154.5 2267.0
2042.0 2132.0 2222.0
2042.0 2132.0 2222.0
2042.0 2132.0 2222.0
2042.0 2132.0 2222.0
2042.0 2132.0 2222.0
2042.0 2132.0 2222.0
2042.0 2132.0 2222.0
2042.0 2132.0 2222.0
2042.0 2132.0 2222.0
2042.0 2132.0 2222.0
2042.0 2132.0 2222.0
2042.0 2132.0 2222.0
2042.0 2132.0 2222.0
2042.0 2132.0 2222.0
2042.0 2132.0 2222.0
2042.0 2132.0 2222.0
2042.0 2132.0 2222.0
2042.0 2132.0 2222.0
2042.0 2132.0 2222.0
2042.0 2132.0 2222.0
2042.0 2132.0 2222.0
2042.0 2132.0 2222.0
2042.0 2132.0 2222.0
2042.0 2132.0 2222.0
2042.0 2132.0 2222.0
2042.0 2132.0 2222.0
2042.0 2132.0 2222.0
2042.0 2132.0 2222.0
2042.0 2132.0 2222.0
2042.0 2132.0 2222.0
2189.0 2205.5 2222.0
2189.0 2205.5 2222.0
2189.0 2205.5 2222.0
2189.0 2205.5 2222.0
2189.0 2205.5 2222.0
2189.0 2205.5 2222.0
2189.0 2205.5 2222.0
2189.0 2205.5 2222.0
2189.0 2205.5 2222.0
2189.0 2205.5 2222.0
2189.0 2205.5 2222.0
2189.0 2205.5 2222.0
2189.0 2205.5 2222.0
2189.0 2205.5 2222.0
2189.0 2205.5 2222.0
2189.0 2205.5 2222.0
2189.0 2205.5 2222.0
1316.0 1752.5 2189.0
1310.0 1749.5 2189.0
1310.0 1749.5 2189.0
1310.0 1749.5 2189.0
1310.0 1749.5 2189.0
1310.0 1749.5 2189.0
1310.0 1749.5 2189.0
1310.0 1749.5 2189.0
1310.0 1749.5 2189.0
1310.0 1749.5 2189.0
1310.0 1749.5 2189.0
1310.0 1749.5 2189.0
1310.0 1749.5 2189.0
1310.0 1749.5 2189.0
1310.0 1749.5 2189.0
1310.0 1749.5 2189.0
1310.0 1749.5 2189.0
1310.0 1749.5 2189.0
1310.0 1749.5 2189.0
1310.0 1749.5 2189.0
1310.0 1749.5 2189.0
1310.0 1749.5 2189.0
1310.0 1749.5 2189.0
1310.0 1455.0 1600.0
1310.0 1455.0 1600.0
1310.0 1455.0 1600.0
1310.0 1455.0 1600.0
1310.0 1455.0 1600.0
1310.0 1455.0 1600.0
1310.0 1455.0 1600.0
1310.0 1455.0 1600.0
1310.0 1455.0 1600.0
1310.0 1455.0 1600.0
1310.0 1455.0 1600.0
1310.0 1455.0 1600.0
1310.0 1455.0 1600.0
1310.0 1455.0 1600.0
1310.0 1455.0 1600.0
1310.0 1455.0 1600.0
1310.0 1455.0 1600.0
1310.0 1455.0 1600.0
1310.0 1455.0 1600.0
1310.0 1455.0 1600.0
1310.0 1455.0 1600.0
1310.0 1455.0 1600.0
1310.0 1455.0 1600.0
1310.0 1455.0 1600.0
1310.0 1455.0 1600.0
1310.0 1455.0 1600.0
1310.0 1455.0 1600.0
1310.0 1455.0 1600.0
1310.0 1455.0 1600.0
1310.0 1455.0 1600.0
1310.0 1455.0 1600.0
1310.0 1455.0 1600.0
1310.0 1455.0 1600.0
1310.0 1455.0 1600.0
1310.0 1455.0 1600.0
1310.0 1455.0 1600.0
1310.0 1455.0 1600.0
1310.0 1455.0 1600.0
1310.0 1455.0 1600.0
1310.0 1455.0 1600.0
1310.0 1455.0 1600.0
1310.0 1455.0 1600.0
1310.0 1455.0 1600.0
1310.0 1455.0 1600.0
1310.0 1455.0 1600.0
1310.0 1455.0 1600.0
1310.0 1455.0 1600.0
1310.0 1455.0 1600.0
1310.0 1455.0 1600.0
1310.0 1455.0 1600.0
1310.0 1455.0 1600.0
1310.0 1455.0 1600.0
1310.0 1455.0 1600.0
1310.0 1455.0 1600.0
1310.0 1455.0 1600.0
1310.0 1455.0 1600.0
1310.0 1455.0 1600.0
1310.0 1455.0 1600.0
1310.0 1455.0 1600.0
1310.0 1455.0 1600.0
1310.0 1455.0 1600.0
1310.0 1455.0 1600.0
1310.0 1455.0 1600.0
1310.0 1455.0 1600.0
1310.0 1455.0 1600.0
1310.0 1455.0 1600.0
1310.0 1455.0 1600.0
1310.0 1455.0 1600.0
1310.0 1455.0 1600.0
1310.0 1455.0 1600.0
1310.0 1455.0 1600.0
1310.0 1455.0 1600.0
1310.0 1455.0 1600.0
1310.0 1455.0 1600.0
1310.0 1455.0 1600.0
1310.0 1455.0 1600.0
1310.0 1455.0 1600.0
1310.0 1455.0 1600.0
1310.0 1455.0 1600.0
1310.0 1455.0 1600.0
