9797.0 11383.0 12969.0
7754.0 9582.5 11411.0
8444.0 9967.5 11491.0
5456.0 7195.0 8934.0
5456.0 5812.5 6169.0
2825.0 4465.5 6106.0
2825.0 3772.5 4720.0
2403.0 3064.5 3726.0
2585.0 3129.5 3674.0
2585.0 2874.0 3163.0
2585.0 2874.0 3163.0
2585.0 2593.5 2602.0
2449.0 2517.0 2585.0
2230.0 2407.5 2585.0
2230.0 2407.5 2585.0
1570.0 2077.5 2585.0
1570.0 2077.5 2585.0
1570.0 2077.5 2585.0
1570.0 2077.5 2585.0
1570.0 2077.5 2585.0
1570.0 1852.5 2135.0
1570.0 2077.5 2585.0
1570.0 1686.5 1803.0
1446.0 1508.0 1570.0
1570.0 1586.5 1603.0
1570.0 1586.5 1603.0
1570.0 1586.5 1603.0
1570.0 1586.5 1603.0
1570.0 1586.5 1603.0
1570.0 1586.5 1603.0
1570.0 1586.5 1603.0
1570.0 1586.5 1603.0
1570.0 1586.5 1603.0
1570.0 1586.5 1603.0
1570.0 1586.5 1603.0
1570.0 1586.5 1603.0
1570.0 1586.5 1603.0
1570.0 1586.5 1603.0
1570.0 1586.5 1603.0
1570.0 1586.5 1603.0
1368.0 1485.5 1603.0
1368.0 1485.5 1603.0
1368.0 1485.5 1603.0
1368.0 1485.5 1603.0
1368.0 1485.5 1603.0
1368.0 1485.5 1603.0
1368.0 1485.5 1603.0
1368.0 1485.5 1603.0
1368.0 1485.5 1603.0
1368.0 1485.5 1603.0
1368.0 1485.5 1603.0
1368.0 1485.5 1603.0
1368.0 1485.5 1603.0
1368.0 1485.5 1603.0
1368.0 1485.5 1603.0
1368.0 1485.5 1603.0
1368.0 1485.5 1603.0
1368.0 1485.5 1603.0
1368.0 1485.5 1603.0
1368.0 1485.5 1603.0
1368.0 1485.5 1603.0
1368.0 1485.5 1603.0
1368.0 1485.5 1603.0
1368.0 1485.5 1603.0
1368.0 1485.5 1603.0
1368.0 1485.5 1603.0
1368.0 1485.5 1603.0
1368.0 1485.5 1603.0
1368.0 1485.5 1603.0
1368.0 1485.5 1603.0
1368.0 1485.5 1603.0
1368.0 1485.5 1603.0
1368.0 1485.5 1603.0
1368.0 1485.5 1603.0
1368.0 1485.5 1603.0
1368.0 1485.5 1603.0
1368.0 1485.5 1603.0
1368.0 1485.5 1603.0
1368.0 1485.5 1603.0
1368.0 1485.5 1603.0
1368.0 1485.5 1603.0
1368.0 1485.5 1603.0
1368.0 1485.5 1603.0
1368.0 1485.5 1603.0
1368.0 1485.5 1603.0
1368.0 1485.5 1603.0
1368.0 1485.5 1603.0
1368.0 1485.5 1603.0
1368.0 1485.5 1603.0
1368.0 1485.5 1603.0
1368.0 1485.5 1603.0
1368.0 1485.5 1603.0
1368.0 1485.5 1603.0
1368.0 1485.5 1603.0
1368.0 1485.5 1603.0
1368.0 1485.5 1603.0
1368.0 1485.5 1603.0
1368.0 1485.5 1603.0
1368.0 1485.5 1603.0
1368.0 1485.5 1603.0
1368.0 1485.5 1603.0
1368.0 1485.5 1603.0
1368.0 1485.5 1603.0
1368.0 1485.5 1603.0
1368.0 1485.5 1603.0
1368.0 1485.5 1603.0
1368.0 1485.5 1603.0
1368.0 1485.5 1603.0
1368.0 1485.5 1603.0
1368.0 1485.5 1603.0
1368.0 1485.5 1603.0
1368.0 1485.5 1603.0
1368.0 1485.5 1603.0
1368.0 1485.5 1603.0
1368.0 1485.5 1603.0
1368.0 1485.5 1603.0
1368.0 1485.5 1603.0
1368.0 1485.5 1603.0
1368.0 1485.5 1603.0
1368.0 1485.5 1603.0
1368.0 1485.5 1603.0
1368.0 1485.5 1603.0
1368.0 1485.5 1603.0
1368.0 1485.5 1603.0
1368.0 1485.5 1603.0
1368.0 1485.5 1603.0
1368.0 1485.5 1603.0
1368.0 1485.5 1603.0
1368.0 1485.5 1603.0
1368.0 1485.5 1603.0
1368.0 1485.5 1603.0
1368.0 1485.5 1603.0
1368.0 1485.5 1603.0
1368.0 1485.5 1603.0
1368.0 1485.5 1603.0
1368.0 1485.5 1603.0
1368.0 1485.5 1603.0
1368.0 1485.5 1603.0
1368.0 1485.5 1603.0
1368.0 1485.5 1603.0
1368.0 1485.5 1603.0
1368.0 1485.5 1603.0
1368.0 1485.5 1603.0
1368.0 1485.5 1603.0
1368.0 1485.5 1603.0
1368.0 1485.5 1603.0
1368.0 1485.5 1603.0
1368.0 1485.5 1603.0
1368.0 1485.5 1603.0
1368.0 1485.5 1603.0
1368.0 1485.5 1603.0
1368.0 1485.5 1603.0
1368.0 1485.5 1603.0
1368.0 1485.5 1603.0
1090.0 1346.5 1603.0
1090.0 1346.5 1603.0
1090.0 1346.5 1603.0
1090.0 1346.5 1603.0
1090.0 1346.5 1603.0
1090.0 1346.5 1603.0
1090.0 1346.5 1603.0
1090.0 1346.5 1603.0
1090.0 1346.5 1603.0
1090.0 1346.5 1603.0
1090.0 1346.5 1603.0
1090.0 1346.5 1603.0
1090.0 1346.5 1603.0
1090.0 1346.5 1603.0
1090.0 1346.5 1603.0
1090.0 1346.5 1603.0
1090.0 1346.5 1603.0
1090.0 1346.5 1603.0
1090.0 1346.5 1603.0
1090.0 1346.5 1603.0
1090.0 1346.5 1603.0
1090.0 1346.5 1603.0
1090.0 1346.5 1603.0
1090.0 1346.5 1603.0
1090.0 1346.5 1603.0
1090.0 1346.5 1603.0
1090.0 1346.5 1603.0
1090.0 1346.5 1603.0
1090.0 1346.5 1603.0
1090.0 1346.5 1603.0
1090.0 1346.5 1603.0
1090.0 1346.5 1603.0
1090.0 1346.5 1603.0
1090.0 1346.5 1603.0
1090.0 1346.5 1603.0
1090.0 1346.5 1603.0
1090.0 1346.5 1603.0
1090.0 1346.5 1603.0
1090.0 1346.5 1603.0
1090.0 1346.5 1603.0
1090.0 1346.5 1603.0
1090.0 1346.5 1603.0
1090.0 1346.5 1603.0
1090.0 1346.5 1603.0
1090.0 1346.5 1603.0
1090.0 1346.5 1603.0
