10870.0 11074.5 11279.0
8916.0 9158.0 9400.0
6276.0 8443.5 10611.0
5675.0 5821.0 5967.0
2774.0 4116.0 5458.0
2774.0 3511.5 4249.0
2573.0 2975.5 3378.0
1834.0 2219.5 2605.0
1834.0 1975.0 2116.0
1192.0 1654.0 2116.0
862.0 1489.0 2116.0
862.0 1482.0 2102.0
862.0 1482.0 2102.0
862.0 1317.0 1772.0
862.0 1317.0 1772.0
862.0 1193.0 1524.0
862.0 1193.0 1524.0
862.0 1193.0 1524.0
862.0 1193.0 1524.0
862.0 1193.0 1524.0
862.0 1193.0 1524.0
862.0 1193.0 1524.0
862.0 1193.0 1524.0
862.0 1193.0 1524.0
862.0 1193.0 1524.0
862.0 1193.0 1524.0
862.0 1193.0 1524.0
862.0 1193.0 1524.0
862.0 1193.0 1524.0
862.0 1193.0 1524.0
862.0 1193.0 1524.0
862.0 1259.5 1657.0
862.0 1033.0 1204.0
862.0 1033.0 1204.0
862.0 1033.0 1204.0
862.0 1033.0 1204.0
862.0 1033.0 1204.0
862.0 1033.0 1204.0
862.0 1033.0 1204.0
862.0 1033.0 1204.0
862.0 1033.0 1204.0
862.0 1033.0 1204.0
862.0 1033.0 1204.0
862.0 1033.0 1204.0
862.0 1033.0 1204.0
862.0 1033.0 1204.0
862.0 1033.0 1204.0
862.0 1033.0 1204.0
862.0 1033.0 1204.0
862.0 1033.0 1204.0
862.0 1033.0 1204.0
862.0 1033.0 1204.0
862.0 1033.0 1204.0
862.0 1033.0 1204.0
862.0 1033.0 1204.0
862.0 1033.0 1204.0
862.0 1033.0 1204.0
862.0 1033.0 1204.0
862.0 1033.0 1204.0
862.0 1033.0 1204.0
862.0 1033.0 1204.0
862.0 1033.0 1204.0
862.0 1033.0 1204.0
862.0 1033.0 1204.0
862.0 1033.0 1204.0
862.0 1033.0 1204.0
862.0 1033.0 1204.0
862.0 1033.0 1204.0
862.0 1033.0 1204.0
862.0 1033.0 1204.0
862.0 1033.0 1204.0
862.0 1033.0 1204.0
862.0 1033.0 1204.0
862.0 1033.0 1204.0
862.0 1033.0 1204.0
862.0 1033.0 1204.0
862.0 1033.0 1204.0
862.0 1033.0 1204.0
862.0 1033.0 1204.0
862.0 1033.0 1204.0
862.0 1033.0 1204.0
862.0 1033.0 1204.0
862.0 1033.0 1204.0
862.0 1033.0 1204.0
862.0 1033.0 1204.0
862.0 1033.0 1204.0
862.0 1033.0 1204.0
862.0 1033.0 1204.0
862.0 1033.0 1204.0
862.0 1033.0 1204.0
862.0 1033.0 1204.0
862.0 1033.0 1204.0
862.0 1033.0 1204.0
862.0 1033.0 1204.0
862.0 1033.0 1204.0
862.0 1033.0 1204.0
862.0 1033.0 1204.0
862.0 1033.0 1204.0
862.0 1033.0 1204.0
862.0 1033.0 1204.0
862.0 1033.0 1204.0
862.0 1033.0 1204.0
862.0 1033.0 1204.0
862.0 1033.0 1204.0
862.0 1033.0 1204.0
862.0 1033.0 1204.0
862.0 1033.0 1204.0
862.0 1033.0 1204.0
862.0 1033.0 1204.0
862.0 1033.0 1204.0
862.0 1033.0 1204.0
862.0 1033.0 1204.0
862.0 1033.0 1204.0
862.0 1033.0 1204.0
862.0 1033.0 1204.0
862.0 1033.0 1204.0
862.0 1033.0 1204.0
862.0 1033.0 1204.0
862.0 1033.0 1204.0
862.0 1033.0 1204.0
862.0 1033.0 1204.0
862.0 1033.0 1204.0
862.0 1033.0 1204.0
862.0 1033.0 1204.0
862.0 1033.0 1204.0
862.0 1033.0 1204.0
862.0 1033.0 1204.0
862.0 1033.0 1204.0
862.0 1033.0 1204.0
862.0 1033.0 1204.0
862.0 1033.0 1204.0
862.0 1033.0 1204.0
862.0 1033.0 1204.0
862.0 1033.0 1204.0
862.0 1033.0 1204.0
862.0 1033.0 1204.0
862.0 1033.0 1204.0
862.0 1033.0 1204.0
862.0 1033.0 1204.0
862.0 1033.0 1204.0
862.0 1033.0 1204.0
862.0 1033.0 1204.0
862.0 1033.0 1204.0
862.0 1033.0 1204.0
862.0 1033.0 1204.0
862.0 897.5 933.0
862.0 897.5 933.0
776.0 819.0 862.0
776.0 819.0 862.0
776.0 819.0 862.0
776.0 819.0 862.0
776.0 819.0 862.0
776.0 819.0 862.0
776.0 819.0 862.0
776.0 819.0 862.0
776.0 819.0 862.0
776.0 819.0 862.0
776.0 819.0 862.0
776.0 819.0 862.0
776.0 819.0 862.0
776.0 819.0 862.0
776.0 819.0 862.0
776.0 819.0 862.0
776.0 819.0 862.0
776.0 819.0 862.0
776.0 819.0 862.0
776.0 819.0 862.0
776.0 819.0 862.0
776.0 819.0 862.0
776.0 819.0 862.0
776.0 819.0 862.0
776.0 819.0 862.0
776.0 819.0 862.0
776.0 819.0 862.0
776.0 819.0 862.0
776.0 819.0 862.0
776.0 819.0 862.0
776.0 819.0 862.0
776.0 819.0 862.0
776.0 819.0 862.0
776.0 819.0 862.0
776.0 819.0 862.0
776.0 819.0 862.0
776.0 819.0 862.0
776.0 819.0 862.0
776.0 819.0 862.0
776.0 819.0 862.0
776.0 819.0 862.0
776.0 819.0 862.0
776.0 819.0 862.0
776.0 819.0 862.0
776.0 819.0 862.0
776.0 819.0 862.0
776.0 819.0 862.0
776.0 819.0 862.0
776.0 819.0 862.0
776.0 819.0 862.0
776.0 819.0 862.0
776.0 819.0 862.0
776.0 819.0 862.0
