13615.0 14359.0 15103.0
12616.0 12682.0 12748.0
10537.0 10844.5 11152.0
9673.0 10196.0 10719.0
6889.0 7797.5 8706.0
5378.0 6416.0 7454.0
5401.0 5788.5 6176.0
4992.0 5104.0 5216.0
3326.0 3777.5 4229.0
3114.0 3220.0 3326.0
2987.0 3156.5 3326.0
2679.0 3002.5 3326.0
1774.0 2404.5 3035.0
1774.0 2410.0 3046.0
1774.0 2410.0 3046.0
1774.0 2084.0 2394.0
1774.0 2084.0 2394.0
1774.0 1846.5 1919.0
1774.0 2038.0 2302.0
1151.0 1528.5 1906.0
1151.0 1399.0 1647.0
1151.0 1399.0 1647.0
1151.0 1399.0 1647.0
1151.0 1399.0 1647.0
1151.0 1399.0 1647.0
1151.0 1399.0 1647.0
1151.0 1399.0 1647.0
1151.0 1399.0 1647.0
1151.0 1399.0 1647.0
1151.0 1399.0 1647.0
1151.0 1399.0 1647.0
1151.0 1399.0 1647.0
1151.0 1399.0 1647.0
1151.0 1399.0 1647.0
1151.0 1399.0 1647.0
1151.0 1399.0 1647.0
1151.0 1399.0 1647.0
1151.0 1399.0 1647.0
1151.0 1399.0 1647.0
1151.0 1399.0 1647.0
1151.0 1399.0 1647.0
1151.0 1399.0 1647.0
1151.0 1399.0 1647.0
1151.0 1399.0 1647.0
1151.0 1399.0 1647.0
1151.0 1399.0 1647.0
1151.0 1399.0 1647.0
1151.0 1399.0 1647.0
1151.0 1399.0 1647.0
1151.0 1399.0 1647.0
1151.0 1399.0 1647.0
1151.0 1399.0 1647.0
1151.0 1399.0 1647.0
1151.0 1399.0 1647.0
1151.0 1399.0 1647.0
1151.0 1399.0 1647.0
1151.0 1399.0 1647.0
1151.0 1399.0 1647.0
1151.0 1399.0 1647.0
1151.0 1399.0 1647.0
1151.0 1399.0 1647.0
1151.0 1399.0 1647.0
1151.0 1399.0 1647.0
1151.0 1399.0 1647.0
1151.0 1399.0 1647.0
1151.0 1399.0 1647.0
1151.0 1399.0 1647.0
1151.0 1399.0 1647.0
1151.0 1399.0 1647.0
1151.0 1399.0 1647.0
1151.0 1399.0 1647.0
1151.0 1399.0 1647.0
1151.0 1399.0 1647.0
1151.0 1399.0 1647.0
1151.0 1399.0 1647.0
1151.0 1399.0 1647.0
1151.0 1399.0 1647.0
1151.0 1399.0 1647.0
1151.0 1399.0 1647.0
1151.0 1399.0 1647.0
1151.0 1399.0 1647.0
1151.0 1399.0 1647.0
1151.0 1399.0 1647.0
1151.0 1399.0 1647.0
1151.0 1399.0 1647.0
1151.0 1399.0 1647.0
1151.0 1399.0 1647.0
1151.0 1399.0 1647.0
1151.0 1399.0 1647.0
1151.0 1399.0 1647.0
1151.0 1399.0 1647.0
1151.0 1399.0 1647.0
1151.0 1399.0 1647.0
1151.0 1399.0 1647.0
1151.0 1399.0 1647.0
1151.0 1399.0 1647.0
1151.0 1399.0 1647.0
1151.0 1399.0 1647.0
1151.0 1399.0 1647.0
1151.0 1399.0 1647.0
1151.0 1399.0 1647.0
1151.0 1399.0 1647.0
1151.0 1399.0 1647.0
1151.0 1399.0 1647.0
1151.0 1476.5 1802.0
1151.0 1169.0 1187.0
1151.0 1169.0 1187.0
1151.0 1169.0 1187.0
1151.0 1169.0 1187.0
1151.0 1169.0 1187.0
1151.0 1169.0 1187.0
1151.0 1169.0 1187.0
1151.0 1169.0 1187.0
1151.0 1169.0 1187.0
1151.0 1169.0 1187.0
1151.0 1169.0 1187.0
1151.0 1169.0 1187.0
1151.0 1169.0 1187.0
1151.0 1169.0 1187.0
1151.0 1169.0 1187.0
1151.0 1169.0 1187.0
1151.0 1169.0 1187.0
1151.0 1169.0 1187.0
1151.0 1169.0 1187.0
1151.0 1169.0 1187.0
1151.0 1169.0 1187.0
1151.0 1169.0 1187.0
1151.0 1169.0 1187.0
1151.0 1169.0 1187.0
1151.0 1169.0 1187.0
1151.0 1169.0 1187.0
1151.0 1169.0 1187.0
1151.0 1169.0 1187.0
1151.0 1169.0 1187.0
1151.0 1169.0 1187.0
1151.0 1169.0 1187.0
1151.0 1169.0 1187.0
1151.0 1169.0 1187.0
1151.0 1169.0 1187.0
1151.0 1169.0 1187.0
1151.0 1169.0 1187.0
1151.0 1169.0 1187.0
1151.0 1169.0 1187.0
1151.0 1169.0 1187.0
1151.0 1169.0 1187.0
1151.0 1169.0 1187.0
1151.0 1169.0 1187.0
1151.0 1169.0 1187.0
1151.0 1169.0 1187.0
1151.0 1169.0 1187.0
1151.0 1169.0 1187.0
1151.0 1169.0 1187.0
1151.0 1169.0 1187.0
1151.0 1169.0 1187.0
1151.0 1169.0 1187.0
1151.0 1282.0 1413.0
1151.0 1282.0 1413.0
1151.0 1282.0 1413.0
1151.0 1282.0 1413.0
1151.0 1282.0 1413.0
1151.0 1282.0 1413.0
1151.0 1282.0 1413.0
1151.0 1282.0 1413.0
1151.0 1282.0 1413.0
1151.0 1282.0 1413.0
1151.0 1282.0 1413.0
1151.0 1282.0 1413.0
1151.0 1282.0 1413.0
1151.0 1282.0 1413.0
1151.0 1282.0 1413.0
1151.0 1282.0 1413.0
1151.0 1282.0 1413.0
1151.0 1282.0 1413.0
1151.0 1282.0 1413.0
1151.0 1282.0 1413.0
1151.0 1282.0 1413.0
1151.0 1282.0 1413.0
1151.0 1282.0 1413.0
1151.0 1282.0 1413.0
1151.0 1282.0 1413.0
1151.0 1282.0 1413.0
1151.0 1282.0 1413.0
1151.0 1282.0 1413.0
1151.0 1282.0 1413.0
1151.0 1282.0 1413.0
1151.0 1282.0 1413.0
1151.0 1282.0 1413.0
1151.0 1282.0 1413.0
1151.0 1282.0 1413.0
1151.0 1282.0 1413.0
1151.0 1282.0 1413.0
1151.0 1282.0 1413.0
1151.0 1282.0 1413.0
1151.0 1282.0 1413.0
1151.0 1282.0 1413.0
1151.0 1282.0 1413.0
1151.0 1282.0 1413.0
1151.0 1282.0 1413.0
1151.0 1282.0 1413.0
1151.0 1282.0 1413.0
