11509.0 14549.0 17589.0
8854.0 11347.0 13840.0
7478.0 8959.5 10441.0
5771.0 7069.0 8367.0
4784.0 6293.0 7802.0
4784.0 6510.5 8237.0
4700.0 6229.0 7758.0
4256.0 6007.0 7758.0
4256.0 4878.0 5500.0
4256.0 4647.0 5038.0
3915.0 4085.5 4256.0
3997.0 4126.5 4256.0
3047.0 3138.5 3230.0
2843.0 2945.0 3047.0
2944.0 2995.5 3047.0
2409.0 3105.0 3801.0
2409.0 3105.0 3801.0
2409.0 3105.0 3801.0
2409.0 2456.0 2503.0
2409.0 2456.0 2503.0
2409.0 2456.0 2503.0
2409.0 2456.0 2503.0
2409.0 2456.0 2503.0
2409.0 2456.0 2503.0
2409.0 2456.0 2503.0
2409.0 2456.0 2503.0
2409.0 2625.0 2841.0
2106.0 2257.5 2409.0
2083.0 2246.0 2409.0
2063.0 2236.0 2409.0
2063.0 2236.0 2409.0
2063.0 2236.0 2409.0
2063.0 2236.0 2409.0
2063.0 2236.0 2409.0
2063.0 2279.5 2496.0
2063.0 2279.5 2496.0
2063.0 2279.5 2496.0
2063.0 2279.5 2496.0
2063.0 2279.5 2496.0
2063.0 2279.5 2496.0
2063.0 2279.5 2496.0
2063.0 2085.5 2108.0
2063.0 2085.5 2108.0
2063.0 2085.5 2108.0
2063.0 2085.5 2108.0
2063.0 2085.5 2108.0
2063.0 2085.5 2108.0
2063.0 2085.5 2108.0
1413.0 1738.0 2063.0
1229.0 1646.0 2063.0
1229.0 1646.0 2063.0
1229.0 1437.0 1645.0
1229.0 1426.5 1624.0
1229.0 1415.5 1602.0
1229.0 1415.5 1602.0
1229.0 1415.5 1602.0
1229.0 1415.5 1602.0
1229.0 1415.5 1602.0
1229.0 1415.5 1602.0
1229.0 1415.5 1602.0
1229.0 1415.5 1602.0
1229.0 1415.5 1602.0
1229.0 1415.5 1602.0
1229.0 1415.5 1602.0
1229.0 1415.5 1602.0
1229.0 1415.5 1602.0
1229.0 1415.5 1602.0
1229.0 1415.5 1602.0
1229.0 1415.5 1602.0
1229.0 1415.5 1602.0
1229.0 1415.5 1602.0
1229.0 1415.5 1602.0
1229.0 1415.5 1602.0
1229.0 1415.5 1602.0
1229.0 1415.5 1602.0
1229.0 1415.5 1602.0
1229.0 1415.5 1602.0
1229.0 1415.5 1602.0
1229.0 1415.5 1602.0
1229.0 1415.5 1602.0
1229.0 1415.5 1602.0
1229.0 1415.5 1602.0
1229.0 1415.5 1602.0
1229.0 1415.5 1602.0
1229.0 1415.5 1602.0
1229.0 1415.5 1602.0
1229.0 1415.5 1602.0
1229.0 1415.5 1602.0
1229.0 1415.5 1602.0
1229.0 1415.5 1602.0
1229.0 1415.5 1602.0
1229.0 1415.5 1602.0
1229.0 1415.5 1602.0
1229.0 1415.5 1602.0
1229.0 1415.5 1602.0
1229.0 1415.5 1602.0
1229.0 1415.5 1602.0
1229.0 1415.5 1602.0
1229.0 1415.5 1602.0
1229.0 1415.5 1602.0
1229.0 1415.5 1602.0
1229.0 1415.5 1602.0
1229.0 1415.5 1602.0
1229.0 1415.5 1602.0
1229.0 1415.5 1602.0
1229.0 1415.5 1602.0
1229.0 1415.5 1602.0
1229.0 1415.5 1602.0
1229.0 1415.5 1602.0
1229.0 1415.5 1602.0
1229.0 1415.5 1602.0
1229.0 1415.5 1602.0
1229.0 1415.5 1602.0
1229.0 1415.5 1602.0
1229.0 1415.5 1602.0
1229.0 1415.5 1602.0
1229.0 1415.5 1602.0
1229.0 1415.5 1602.0
1229.0 1415.5 1602.0
1229.0 1415.5 1602.0
1229.0 1415.5 1602.0
1229.0 1415.5 1602.0
1229.0 1415.5 1602.0
1229.0 1415.5 1602.0
1229.0 1415.5 1602.0
1229.0 1415.5 1602.0
1229.0 1415.5 1602.0
1229.0 1415.5 1602.0
1229.0 1415.5 1602.0
1229.0 1415.5 1602.0
1229.0 1415.5 1602.0
1229.0 1415.5 1602.0
1229.0 1415.5 1602.0
1229.0 1415.5 1602.0
1229.0 1415.5 1602.0
1229.0 1415.5 1602.0
1229.0 1415.5 1602.0
1229.0 1415.5 1602.0
1229.0 1415.5 1602.0
1229.0 1415.5 1602.0
1229.0 1415.5 1602.0
1229.0 1415.5 1602.0
1229.0 1415.5 1602.0
1229.0 1415.5 1602.0
1229.0 1415.5 1602.0
1229.0 1415.5 1602.0
1229.0 1415.5 1602.0
1229.0 1415.5 1602.0
1229.0 1415.5 1602.0
1229.0 1415.5 1602.0
1229.0 1415.5 1602.0
1229.0 1415.5 1602.0
1229.0 1415.5 1602.0
1229.0 1415.5 1602.0
1229.0 1415.5 1602.0
1229.0 1415.5 1602.0
1229.0 1415.5 1602.0
1229.0 1415.5 1602.0
1229.0 1415.5 1602.0
1229.0 1415.5 1602.0
1229.0 1415.5 1602.0
1229.0 1415.5 1602.0
1229.0 1415.5 1602.0
1229.0 1415.5 1602.0
1229.0 1415.5 1602.0
1229.0 1415.5 1602.0
1229.0 1415.5 1602.0
1229.0 1415.5 1602.0
1229.0 1415.5 1602.0
1229.0 1415.5 1602.0
1229.0 1415.5 1602.0
1229.0 1415.5 1602.0
1229.0 1415.5 1602.0
1229.0 1415.5 1602.0
1229.0 1415.5 1602.0
1229.0 1415.5 1602.0
1229.0 1415.5 1602.0
1229.0 1415.5 1602.0
1229.0 1415.5 1602.0
1229.0 1415.5 1602.0
1229.0 1415.5 1602.0
1229.0 1415.5 1602.0
1229.0 1415.5 1602.0
1229.0 1415.5 1602.0
1229.0 1415.5 1602.0
1229.0 1415.5 1602.0
1229.0 1415.5 1602.0
1229.0 1415.5 1602.0
1229.0 1415.5 1602.0
1229.0 1415.5 1602.0
1229.0 1415.5 1602.0
1229.0 1415.5 1602.0
1229.0 1415.5 1602.0
1229.0 1415.5 1602.0
1229.0 1415.5 1602.0
1229.0 1415.5 1602.0
1229.0 1415.5 1602.0
1229.0 1415.5 1602.0
1229.0 1415.5 1602.0
1229.0 1415.5 1602.0
