13785.0 14399.0 15013.0
11086.0 11201.5 11317.0
9413.0 9486.5 9560.0
9683.0 9841.5 10000.0
6420.0 6560.0 6700.0
5143.0 5579.5 6016.0
3835.0 4370.5 4906.0
3835.0 4088.5 4342.0
2511.0 3216.0 3921.0
2254.0 2382.5 2511.0
2370.0 2440.5 2511.0
2142.0 2326.5 2511.0
2147.0 2329.0 2511.0
2147.0 2329.0 2511.0
1624.0 2067.5 2511.0
1624.0 2067.5 2511.0
1624.0 2067.5 2511.0
1624.0 2067.5 2511.0
1673.0 2092.0 2511.0
1673.0 2092.0 2511.0
1673.0 2092.0 2511.0
1673.0 2092.0 2511.0
1673.0 2092.0 2511.0
1673.0 1878.5 2084.0
1673.0 1878.5 2084.0
1673.0 1679.0 1685.0
1673.0 1679.0 1685.0
1673.0 1679.0 1685.0
1673.0 1679.0 1685.0
1673.0 1679.0 1685.0
1673.0 1679.0 1685.0
1673.0 1679.0 1685.0
1673.0 1679.0 1685.0
1673.0 1679.0 1685.0
1673.0 1679.0 1685.0
1673.0 1679.0 1685.0
1673.0 1679.0 1685.0
1673.0 1679.0 1685.0
1377.0 1531.0 1685.0
948.0 1316.5 1685.0
948.0 1167.5 1387.0
948.0 962.5 977.0
948.0 962.5 977.0
948.0 962.5 977.0
948.0 962.5 977.0
948.0 962.5 977.0
948.0 962.5 977.0
948.0 962.5 977.0
948.0 962.5 977.0
948.0 962.5 977.0
948.0 962.5 977.0
948.0 962.5 977.0
948.0 962.5 977.0
948.0 962.5 977.0
948.0 962.5 977.0
948.0 962.5 977.0
948.0 962.5 977.0
948.0 962.5 977.0
948.0 962.5 977.0
948.0 962.5 977.0
948.0 962.5 977.0
948.0 962.5 977.0
948.0 962.5 977.0
948.0 962.5 977.0
948.0 962.5 977.0
948.0 962.5 977.0
948.0 962.5 977.0
948.0 962.5 977.0
948.0 962.5 977.0
948.0 962.5 977.0
948.0 962.5 977.0
948.0 962.5 977.0
948.0 962.5 977.0
948.0 962.5 977.0
948.0 962.5 977.0
948.0 962.5 977.0
948.0 962.5 977.0
948.0 962.5 977.0
948.0 962.5 977.0
948.0 962.5 977.0
948.0 962.5 977.0
948.0 962.5 977.0
948.0 962.5 977.0
948.0 962.5 977.0
948.0 962.5 977.0
948.0 962.5 977.0
948.0 962.5 977.0
948.0 962.5 977.0
948.0 962.5 977.0
948.0 962.5 977.0
948.0 962.5 977.0
948.0 962.5 977.0
948.0 962.5 977.0
948.0 962.5 977.0
948.0 962.5 977.0
948.0 962.5 977.0
948.0 962.5 977.0
948.0 962.5 977.0
948.0 962.5 977.0
948.0 962.5 977.0
948.0 962.5 977.0
948.0 962.5 977.0
948.0 962.5 977.0
948.0 962.5 977.0
948.0 962.5 977.0
948.0 962.5 977.0
948.0 962.5 977.0
948.0 962.5 977.0
948.0 962.5 977.0
948.0 962.5 977.0
948.0 962.5 977.0
948.0 962.5 977.0
948.0 962.5 977.0
948.0 962.5 977.0
948.0 962.5 977.0
948.0 962.5 977.0
948.0 962.5 977.0
948.0 962.5 977.0
948.0 962.5 977.0
948.0 962.5 977.0
948.0 962.5 977.0
948.0 962.5 977.0
948.0 962.5 977.0
948.0 962.5 977.0
948.0 962.5 977.0
948.0 962.5 977.0
948.0 962.5 977.0
948.0 962.5 977.0
948.0 962.5 977.0
948.0 962.5 977.0
948.0 962.5 977.0
948.0 962.5 977.0
948.0 962.5 977.0
948.0 962.5 977.0
948.0 962.5 977.0
948.0 962.5 977.0
948.0 962.5 977.0
948.0 962.5 977.0
948.0 962.5 977.0
948.0 962.5 977.0
948.0 962.5 977.0
948.0 962.5 977.0
948.0 962.5 977.0
948.0 962.5 977.0
948.0 962.5 977.0
948.0 962.5 977.0
948.0 962.5 977.0
948.0 962.5 977.0
948.0 962.5 977.0
948.0 962.5 977.0
948.0 962.5 977.0
948.0 962.5 977.0
948.0 962.5 977.0
948.0 962.5 977.0
948.0 962.5 977.0
948.0 962.5 977.0
948.0 962.5 977.0
948.0 962.5 977.0
948.0 962.5 977.0
948.0 962.5 977.0
948.0 962.5 977.0
948.0 962.5 977.0
948.0 962.5 977.0
948.0 962.5 977.0
948.0 962.5 977.0
948.0 962.5 977.0
948.0 962.5 977.0
948.0 962.5 977.0
948.0 962.5 977.0
948.0 962.5 977.0
948.0 962.5 977.0
948.0 962.5 977.0
948.0 962.5 977.0
948.0 962.5 977.0
948.0 962.5 977.0
948.0 962.5 977.0
948.0 962.5 977.0
948.0 962.5 977.0
948.0 962.5 977.0
948.0 962.5 977.0
948.0 962.5 977.0
948.0 962.5 977.0
948.0 962.5 977.0
948.0 962.5 977.0
948.0 962.5 977.0
948.0 962.5 977.0
948.0 962.5 977.0
948.0 962.5 977.0
948.0 962.5 977.0
948.0 962.5 977.0
948.0 962.5 977.0
948.0 962.5 977.0
948.0 962.5 977.0
948.0 962.5 977.0
948.0 962.5 977.0
948.0 962.5 977.0
948.0 962.5 977.0
948.0 962.5 977.0
948.0 962.5 977.0
948.0 962.5 977.0
