13142.0 14432.5 15723.0
11611.0 11804.0 11997.0
9178.0 10176.5 11175.0
7495.0 7650.5 7806.0
5155.0 6121.0 7087.0
4512.0 5161.5 5811.0
3831.0 4205.0 4579.0
2773.0 3302.0 3831.0
2773.0 2957.0 3141.0
2451.0 2776.5 3102.0
2451.0 2753.0 3055.0
2451.0 2661.0 2871.0
2451.0 2661.0 2871.0
2451.0 2559.0 2667.0
2152.0 2301.5 2451.0
2252.0 2351.5 2451.0
1720.0 1757.5 1795.0
1687.0 1741.0 1795.0
1687.0 1741.0 1795.0
1687.0 1741.0 1795.0
1687.0 1741.0 1795.0
1687.0 1741.0 1795.0
1687.0 1741.0 1795.0
1687.0 1741.0 1795.0
1687.0 1741.0 1795.0
1687.0 1741.0 1795.0
1687.0 1741.0 1795.0
1687.0 1741.0 1795.0
1687.0 1741.0 1795.0
1687.0 1741.0 1795.0
1687.0 1741.0 1795.0
1687.0 1741.0 1795.0
1687.0 1741.0 1795.0
1687.0 1741.0 1795.0
1687.0 1741.0 1795.0
1687.0 1741.0 1795.0
1687.0 1741.0 1795.0
1687.0 1741.0 1795.0
1687.0 1741.0 1795.0
1687.0 1741.0 1795.0
1687.0 1741.0 1795.0
1687.0 1741.0 1795.0
1687.0 1741.0 1795.0
1687.0 1741.0 1795.0
1687.0 1741.0 1795.0
1687.0 1741.0 1795.0
1687.0 1741.0 1795.0
1687.0 1741.0 1795.0
1687.0 1741.0 1795.0
1120.0 1457.5 1795.0
1120.0 1457.5 1795.0
1120.0 1457.5 1795.0
1120.0 1457.5 1795.0
1120.0 1457.5 1795.0
1120.0 1457.5 1795.0
1120.0 1457.5 1795.0
1120.0 1457.5 1795.0
1120.0 1457.5 1795.0
1120.0 1457.5 1795.0
1120.0 1457.5 1795.0
1120.0 1457.5 1795.0
1120.0 1457.5 1795.0
1120.0 1457.5 1795.0
1120.0 1457.5 1795.0
1120.0 1457.5 1795.0
1120.0 1457.5 1795.0
1120.0 1457.5 1795.0
1120.0 1457.5 1795.0
1120.0 1457.5 1795.0
1120.0 1457.5 1795.0
1120.0 1457.5 1795.0
1120.0 1457.5 1795.0
1120.0 1457.5 1795.0
1120.0 1457.5 1795.0
1120.0 1457.5 1795.0
1120.0 1457.5 1795.0
1120.0 1457.5 1795.0
1120.0 1457.5 1795.0
1120.0 1457.5 1795.0
1120.0 1457.5 1795.0
1120.0 1457.5 1795.0
1120.0 1457.5 1795.0
1120.0 1457.5 1795.0
1120.0 1457.5 1795.0
1120.0 1457.5 1795.0
1120.0 1457.5 1795.0
1120.0 1457.5 1795.0
1120.0 1457.5 1795.0
1120.0 1457.5 1795.0
1120.0 1457.5 1795.0
1120.0 1457.5 1795.0
1120.0 1457.5 1795.0
1120.0 1457.5 1795.0
1120.0 1457.5 1795.0
1120.0 1457.5 1795.0
1120.0 1457.5 1795.0
1120.0 1457.5 1795.0
1120.0 1457.5 1795.0
1120.0 1457.5 1795.0
1120.0 1457.5 1795.0
1120.0 1457.5 1795.0
1120.0 1457.5 1795.0
1120.0 1457.5 1795.0
1120.0 1457.5 1795.0
1120.0 1457.5 1795.0
1120.0 1457.5 1795.0
1120.0 1457.5 1795.0
1120.0 1457.5 1795.0
1120.0 1457.5 1795.0
1120.0 1457.5 1795.0
1120.0 1457.5 1795.0
1120.0 1457.5 1795.0
1120.0 1457.5 1795.0
1120.0 1457.5 1795.0
1120.0 1457.5 1795.0
1120.0 1457.5 1795.0
1120.0 1457.5 1795.0
1120.0 1457.5 1795.0
1120.0 1457.5 1795.0
1120.0 1457.5 1795.0
1120.0 1457.5 1795.0
1120.0 1457.5 1795.0
1120.0 1457.5 1795.0
1120.0 1457.5 1795.0
1120.0 1457.5 1795.0
1120.0 1457.5 1795.0
1120.0 1457.5 1795.0
1120.0 1457.5 1795.0
1120.0 1457.5 1795.0
1120.0 1457.5 1795.0
1120.0 1457.5 1795.0
1120.0 1457.5 1795.0
1120.0 1457.5 1795.0
1120.0 1457.5 1795.0
1120.0 1457.5 1795.0
1120.0 1457.5 1795.0
1120.0 1357.5 1595.0
1120.0 1357.5 1595.0
1120.0 1357.5 1595.0
1120.0 1357.5 1595.0
1120.0 1357.5 1595.0
1120.0 1357.5 1595.0
1120.0 1357.5 1595.0
1120.0 1357.5 1595.0
1120.0 1357.5 1595.0
1120.0 1357.5 1595.0
1120.0 1357.5 1595.0
1120.0 1357.5 1595.0
1120.0 1357.5 1595.0
1120.0 1357.5 1595.0
1120.0 1357.5 1595.0
1120.0 1357.5 1595.0
1120.0 1357.5 1595.0
1120.0 1357.5 1595.0
1120.0 1357.5 1595.0
1120.0 1357.5 1595.0
1120.0 1357.5 1595.0
1120.0 1357.5 1595.0
1120.0 1357.5 1595.0
1120.0 1357.5 1595.0
1120.0 1357.5 1595.0
1120.0 1357.5 1595.0
1120.0 1357.5 1595.0
1120.0 1357.5 1595.0
1120.0 1357.5 1595.0
1120.0 1357.5 1595.0
1120.0 1357.5 1595.0
1120.0 1357.5 1595.0
1120.0 1357.5 1595.0
1120.0 1357.5 1595.0
1120.0 1357.5 1595.0
1120.0 1357.5 1595.0
1120.0 1357.5 1595.0
1120.0 1357.5 1595.0
1120.0 1357.5 1595.0
1120.0 1357.5 1595.0
1120.0 1357.5 1595.0
1120.0 1357.5 1595.0
1120.0 1357.5 1595.0
1120.0 1357.5 1595.0
1120.0 1357.5 1595.0
1120.0 1357.5 1595.0
1120.0 1357.5 1595.0
1120.0 1357.5 1595.0
1120.0 1357.5 1595.0
1120.0 1357.5 1595.0
1120.0 1259.5 1399.0
1120.0 1240.5 1361.0
737.0 928.5 1120.0
737.0 928.5 1120.0
737.0 928.5 1120.0
737.0 928.5 1120.0
737.0 928.5 1120.0
737.0 928.5 1120.0
737.0 928.5 1120.0
737.0 928.5 1120.0
737.0 928.5 1120.0
737.0 928.5 1120.0
737.0 928.5 1120.0
737.0 928.5 1120.0
