11000.0 11196.0 11392.0
7097.0 7872.0 8647.0
4810.0 5435.5 6061.0
4810.0 4935.0 5060.0
3389.0 3965.0 4541.0
2825.0 2845.0 2865.0
2263.0 2287.0 2311.0
1698.0 2004.5 2311.0
1233.0 1686.5 2140.0
898.0 1367.5 1837.0
898.0 1230.0 1562.0
898.0 1230.0 1562.0
898.0 1002.5 1107.0
898.0 1002.5 1107.0
898.0 1002.5 1107.0
898.0 1002.5 1107.0
898.0 1002.5 1107.0
898.0 1002.5 1107.0
898.0 1002.5 1107.0
898.0 1002.5 1107.0
898.0 1002.5 1107.0
898.0 1002.5 1107.0
898.0 1002.5 1107.0
898.0 1002.5 1107.0
898.0 1002.5 1107.0
898.0 1002.5 1107.0
898.0 1002.5 1107.0
898.0 1002.5 1107.0
898.0 1002.5 1107.0
898.0 1002.5 1107.0
898.0 1002.5 1107.0
898.0 1002.5 1107.0
898.0 1002.5 1107.0
898.0 1002.5 1107.0
898.0 1002.5 1107.0
898.0 1002.5 1107.0
898.0 1002.5 1107.0
898.0 1002.5 1107.0
898.0 1002.5 1107.0
898.0 1002.5 1107.0
898.0 1002.5 1107.0
898.0 1002.5 1107.0
898.0 1002.5 1107.0
898.0 1002.5 1107.0
898.0 1002.5 1107.0
898.0 1002.5 1107.0
898.0 1002.5 1107.0
898.0 1002.5 1107.0
898.0 1002.5 1107.0
898.0 1002.5 1107.0
898.0 1002.5 1107.0
898.0 1002.5 1107.0
898.0 1002.5 1107.0
898.0 1002.5 1107.0
898.0 1002.5 1107.0
898.0 1002.5 1107.0
898.0 1002.5 1107.0
898.0 1002.5 1107.0
898.0 1002.5 1107.0
898.0 1002.5 1107.0
898.0 1002.5 1107.0
898.0 1002.5 1107.0
898.0 1002.5 1107.0
898.0 1002.5 1107.0
898.0 1002.5 1107.0
898.0 1002.5 1107.0
898.0 1002.5 1107.0
898.0 1002.5 1107.0
898.0 1002.5 1107.0
898.0 1002.5 1107.0
898.0 1002.5 1107.0
898.0 1002.5 1107.0
898.0 1002.5 1107.0
898.0 1002.5 1107.0
898.0 1002.5 1107.0
898.0 1002.5 1107.0
898.0 1002.5 1107.0
898.0 1002.5 1107.0
898.0 1002.5 1107.0
898.0 1002.5 1107.0
898.0 1002.5 1107.0
898.0 1002.5 1107.0
898.0 1002.5 1107.0
898.0 1002.5 1107.0
898.0 1002.5 1107.0
898.0 1002.5 1107.0
898.0 1002.5 1107.0
898.0 1002.5 1107.0
898.0 1002.5 1107.0
898.0 1002.5 1107.0
898.0 1002.5 1107.0
898.0 1002.5 1107.0
898.0 1002.5 1107.0
898.0 1002.5 1107.0
898.0 1002.5 1107.0
898.0 1002.5 1107.0
898.0 1002.5 1107.0
898.0 1002.5 1107.0
898.0 1002.5 1107.0
898.0 1002.5 1107.0
898.0 1002.5 1107.0
898.0 1002.5 1107.0
898.0 1002.5 1107.0
898.0 1002.5 1107.0
898.0 1002.5 1107.0
898.0 1002.5 1107.0
898.0 1002.5 1107.0
898.0 1002.5 1107.0
898.0 1002.5 1107.0
898.0 1002.5 1107.0
898.0 1002.5 1107.0
898.0 1002.5 1107.0
898.0 1002.5 1107.0
898.0 1002.5 1107.0
898.0 1002.5 1107.0
898.0 1002.5 1107.0
898.0 1002.5 1107.0
898.0 1002.5 1107.0
898.0 1002.5 1107.0
898.0 1002.5 1107.0
898.0 1002.5 1107.0
898.0 1002.5 1107.0
898.0 1002.5 1107.0
898.0 1002.5 1107.0
898.0 1002.5 1107.0
898.0 1002.5 1107.0
898.0 1002.5 1107.0
898.0 1002.5 1107.0
898.0 1002.5 1107.0
898.0 1002.5 1107.0
898.0 1002.5 1107.0
898.0 1002.5 1107.0
898.0 1002.5 1107.0
898.0 1002.5 1107.0
898.0 1002.5 1107.0
898.0 1002.5 1107.0
898.0 1002.5 1107.0
898.0 1002.5 1107.0
898.0 1002.5 1107.0
898.0 1002.5 1107.0
898.0 1002.5 1107.0
898.0 1002.5 1107.0
898.0 1002.5 1107.0
898.0 1002.5 1107.0
898.0 1002.5 1107.0
898.0 1002.5 1107.0
898.0 1002.5 1107.0
898.0 1002.5 1107.0
898.0 1002.5 1107.0
898.0 1002.5 1107.0
898.0 1002.5 1107.0
898.0 1002.5 1107.0
898.0 1002.5 1107.0
898.0 1002.5 1107.0
898.0 1002.5 1107.0
898.0 1002.5 1107.0
898.0 1002.5 1107.0
898.0 1002.5 1107.0
898.0 1002.5 1107.0
898.0 1002.5 1107.0
898.0 1002.5 1107.0
898.0 1002.5 1107.0
898.0 1002.5 1107.0
898.0 1002.5 1107.0
898.0 1002.5 1107.0
898.0 1002.5 1107.0
898.0 1002.5 1107.0
898.0 1002.5 1107.0
898.0 1002.5 1107.0
898.0 1002.5 1107.0
898.0 1002.5 1107.0
898.0 1002.5 1107.0
898.0 1002.5 1107.0
898.0 1002.5 1107.0
898.0 1002.5 1107.0
898.0 1002.5 1107.0
898.0 1002.5 1107.0
898.0 1002.5 1107.0
898.0 1002.5 1107.0
898.0 1002.5 1107.0
898.0 1002.5 1107.0
898.0 1002.5 1107.0
898.0 1002.5 1107.0
898.0 1002.5 1107.0
898.0 1002.5 1107.0
898.0 1002.5 1107.0
898.0 1002.5 1107.0
898.0 1002.5 1107.0
898.0 1002.5 1107.0
898.0 1002.5 1107.0
898.0 1002.5 1107.0
898.0 1002.5 1107.0
898.0 1002.5 1107.0
898.0 1002.5 1107.0
898.0 1002.5 1107.0
898.0 1002.5 1107.0
898.0 1002.5 1107.0
898.0 1002.5 1107.0
898.0 1002.5 1107.0
898.0 1002.5 1107.0
