13904.0 14229.5 14555.0
10500.0 11188.0 11876.0
8893.0 9338.5 9784.0
6254.0 7300.5 8347.0
6973.0 7131.5 7290.0
4793.0 5741.5 6690.0
3918.0 4766.0 5614.0
2788.0 4157.5 5527.0
2788.0 3464.0 4140.0
2458.0 3299.0 4140.0
2458.0 3204.5 3951.0
2458.0 2663.5 2869.0
1968.0 2403.0 2838.0
1804.0 2148.5 2493.0
1678.0 2085.5 2493.0
1678.0 1806.5 1935.0
1403.0 1429.0 1455.0
1403.0 1429.0 1455.0
1371.0 1387.0 1403.0
1371.0 1387.0 1403.0
1371.0 1387.0 1403.0
1371.0 1387.0 1403.0
1371.0 1387.0 1403.0
1371.0 1387.0 1403.0
1371.0 1387.0 1403.0
1371.0 1387.0 1403.0
1371.0 1387.0 1403.0
1371.0 1387.0 1403.0
1371.0 1387.0 1403.0
1371.0 1387.0 1403.0
1371.0 1387.0 1403.0
1371.0 1387.0 1403.0
1371.0 1387.0 1403.0
1371.0 1387.0 1403.0
1371.0 1387.0 1403.0
1371.0 1387.0 1403.0
1371.0 1387.0 1403.0
1371.0 1387.0 1403.0
1371.0 1387.0 1403.0
1371.0 1387.0 1403.0
1371.0 1387.0 1403.0
1371.0 1387.0 1403.0
1371.0 1387.0 1403.0
1371.0 1387.0 1403.0
1371.0 1387.0 1403.0
1371.0 1387.0 1403.0
1371.0 1387.0 1403.0
1371.0 1387.0 1403.0
1371.0 1387.0 1403.0
1371.0 1387.0 1403.0
1371.0 1387.0 1403.0
1371.0 1387.0 1403.0
1371.0 1387.0 1403.0
1371.0 1387.0 1403.0
1371.0 1387.0 1403.0
1371.0 1387.0 1403.0
1371.0 1387.0 1403.0
1371.0 1387.0 1403.0
1371.0 1387.0 1403.0
1371.0 1387.0 1403.0
1371.0 1387.0 1403.0
1371.0 1387.0 1403.0
1371.0 1387.0 1403.0
1371.0 1387.0 1403.0
1371.0 1387.0 1403.0
1371.0 1387.0 1403.0
1371.0 1387.0 1403.0
1371.0 1387.0 1403.0
1371.0 1387.0 1403.0
1371.0 1387.0 1403.0
1371.0 1387.0 1403.0
1371.0 1387.0 1403.0
1371.0 1387.0 1403.0
1371.0 1387.0 1403.0
1371.0 1387.0 1403.0
1371.0 1387.0 1403.0
1371.0 1387.0 1403.0
1371.0 1387.0 1403.0
1371.0 1387.0 1403.0
1371.0 1387.0 1403.0
1371.0 1387.0 1403.0
1371.0 1387.0 1403.0
1371.0 1387.0 1403.0
1371.0 1387.0 1403.0
1371.0 1387.0 1403.0
1371.0 1387.0 1403.0
1371.0 1387.0 1403.0
1371.0 1387.0 1403.0
1371.0 1387.0 1403.0
1371.0 1387.0 1403.0
931.0 1167.0 1403.0
931.0 1167.0 1403.0
931.0 1167.0 1403.0
931.0 1167.0 1403.0
931.0 1167.0 1403.0
931.0 1167.0 1403.0
931.0 1167.0 1403.0
931.0 1167.0 1403.0
931.0 1167.0 1403.0
931.0 1167.0 1403.0
931.0 1167.0 1403.0
931.0 1167.0 1403.0
931.0 1167.0 1403.0
931.0 1167.0 1403.0
931.0 1167.0 1403.0
931.0 1167.0 1403.0
931.0 1167.0 1403.0
931.0 1167.0 1403.0
931.0 1167.0 1403.0
931.0 1167.0 1403.0
931.0 1167.0 1403.0
931.0 1167.0 1403.0
931.0 1167.0 1403.0
931.0 1167.0 1403.0
931.0 1167.0 1403.0
931.0 1167.0 1403.0
931.0 1167.0 1403.0
931.0 1167.0 1403.0
931.0 1167.0 1403.0
931.0 1167.0 1403.0
931.0 1167.0 1403.0
931.0 1167.0 1403.0
931.0 1167.0 1403.0
931.0 1167.0 1403.0
931.0 1167.0 1403.0
931.0 1167.0 1403.0
931.0 1167.0 1403.0
931.0 1167.0 1403.0
931.0 1167.0 1403.0
931.0 1167.0 1403.0
931.0 1167.0 1403.0
931.0 1167.0 1403.0
931.0 1167.0 1403.0
931.0 1167.0 1403.0
931.0 1167.0 1403.0
931.0 1167.0 1403.0
931.0 1167.0 1403.0
931.0 1167.0 1403.0
931.0 1167.0 1403.0
931.0 1167.0 1403.0
931.0 1167.0 1403.0
931.0 1167.0 1403.0
931.0 1167.0 1403.0
931.0 1167.0 1403.0
931.0 1167.0 1403.0
931.0 1167.0 1403.0
931.0 1167.0 1403.0
931.0 1167.0 1403.0
931.0 1167.0 1403.0
931.0 1167.0 1403.0
931.0 1167.0 1403.0
931.0 1167.0 1403.0
931.0 1167.0 1403.0
931.0 1167.0 1403.0
931.0 1167.0 1403.0
931.0 1167.0 1403.0
931.0 1167.0 1403.0
931.0 1167.0 1403.0
931.0 1167.0 1403.0
931.0 1167.0 1403.0
931.0 1167.0 1403.0
931.0 1167.0 1403.0
931.0 1167.0 1403.0
931.0 1167.0 1403.0
931.0 1167.0 1403.0
931.0 1167.0 1403.0
931.0 1167.0 1403.0
931.0 1167.0 1403.0
931.0 1167.0 1403.0
931.0 1167.0 1403.0
931.0 1167.0 1403.0
931.0 1167.0 1403.0
931.0 1167.0 1403.0
931.0 1167.0 1403.0
931.0 1167.0 1403.0
931.0 1167.0 1403.0
931.0 1167.0 1403.0
931.0 1167.0 1403.0
931.0 1167.0 1403.0
931.0 1167.0 1403.0
931.0 1167.0 1403.0
931.0 1167.0 1403.0
931.0 1167.0 1403.0
931.0 1167.0 1403.0
931.0 1167.0 1403.0
931.0 1167.0 1403.0
931.0 1167.0 1403.0
931.0 1167.0 1403.0
931.0 1167.0 1403.0
931.0 1167.0 1403.0
931.0 1167.0 1403.0
931.0 1167.0 1403.0
931.0 1167.0 1403.0
931.0 1167.0 1403.0
931.0 1167.0 1403.0
931.0 1167.0 1403.0
931.0 1167.0 1403.0
931.0 1167.0 1403.0
931.0 1167.0 1403.0
931.0 1167.0 1403.0
