13595.0 14471.5 15348.0
10645.0 12492.0 14339.0
7128.0 8415.5 9703.0
6695.0 7999.5 9304.0
5132.0 5537.5 5943.0
5387.0 5665.0 5943.0
3883.0 4080.5 4278.0
3883.0 4080.5 4278.0
2446.0 2847.5 3249.0
2446.0 2590.0 2734.0
2446.0 2588.0 2730.0
2106.0 2420.0 2734.0
2106.0 2275.5 2445.0
2106.0 2248.0 2390.0
2106.0 2248.0 2390.0
1991.0 2048.5 2106.0
1991.0 2147.5 2304.0
1702.0 1853.5 2005.0
1702.0 1724.0 1746.0
1702.0 1724.0 1746.0
1702.0 1724.0 1746.0
1702.0 1724.0 1746.0
1702.0 1724.0 1746.0
1702.0 1724.0 1746.0
1702.0 1724.0 1746.0
1702.0 1724.0 1746.0
1702.0 1724.0 1746.0
1702.0 1724.0 1746.0
1702.0 1724.0 1746.0
1702.0 1724.0 1746.0
1702.0 1724.0 1746.0
1702.0 1724.0 1746.0
1702.0 1724.0 1746.0
1702.0 1724.0 1746.0
1702.0 1724.0 1746.0
1702.0 1724.0 1746.0
1702.0 1724.0 1746.0
1702.0 1724.0 1746.0
1702.0 1724.0 1746.0
1702.0 1724.0 1746.0
1702.0 1724.0 1746.0
1702.0 1724.0 1746.0
1702.0 1724.0 1746.0
1702.0 1724.0 1746.0
1702.0 1724.0 1746.0
1702.0 1724.0 1746.0
1702.0 1724.0 1746.0
1702.0 1724.0 1746.0
1702.0 1724.0 1746.0
1702.0 1724.0 1746.0
1473.0 1587.5 1702.0
1116.0 1409.0 1702.0
1116.0 1409.0 1702.0
1116.0 1409.0 1702.0
1116.0 1409.0 1702.0
1116.0 1409.0 1702.0
1116.0 1409.0 1702.0
1116.0 1409.0 1702.0
1116.0 1409.0 1702.0
1116.0 1409.0 1702.0
1116.0 1409.0 1702.0
1116.0 1409.0 1702.0
1116.0 1409.0 1702.0
1116.0 1409.0 1702.0
1116.0 1409.0 1702.0
1116.0 1409.0 1702.0
1116.0 1409.0 1702.0
1116.0 1409.0 1702.0
1116.0 1409.0 1702.0
1116.0 1409.0 1702.0
1116.0 1409.0 1702.0
1116.0 1366.0 1616.0
1116.0 1199.0 1282.0
1116.0 1199.0 1282.0
1116.0 1199.0 1282.0
1116.0 1199.0 1282.0
1116.0 1199.0 1282.0
1116.0 1199.0 1282.0
1116.0 1199.0 1282.0
1116.0 1199.0 1282.0
1116.0 1199.0 1282.0
1116.0 1199.0 1282.0
1116.0 1199.0 1282.0
1116.0 1199.0 1282.0
1116.0 1199.0 1282.0
1116.0 1199.0 1282.0
1116.0 1199.0 1282.0
1116.0 1199.0 1282.0
1116.0 1199.0 1282.0
1116.0 1199.0 1282.0
1116.0 1199.0 1282.0
1116.0 1199.0 1282.0
1116.0 1199.0 1282.0
1116.0 1199.0 1282.0
1116.0 1199.0 1282.0
1116.0 1199.0 1282.0
1116.0 1199.0 1282.0
1116.0 1199.0 1282.0
1116.0 1199.0 1282.0
1116.0 1199.0 1282.0
1116.0 1199.0 1282.0
1116.0 1199.0 1282.0
1116.0 1199.0 1282.0
1116.0 1199.0 1282.0
1116.0 1199.0 1282.0
1116.0 1199.0 1282.0
1116.0 1199.0 1282.0
1116.0 1199.0 1282.0
1116.0 1199.0 1282.0
1116.0 1199.0 1282.0
1116.0 1199.0 1282.0
1116.0 1199.0 1282.0
1116.0 1199.0 1282.0
1116.0 1199.0 1282.0
1116.0 1199.0 1282.0
1116.0 1199.0 1282.0
1116.0 1199.0 1282.0
1116.0 1199.0 1282.0
1116.0 1199.0 1282.0
1116.0 1199.0 1282.0
1116.0 1199.0 1282.0
1116.0 1199.0 1282.0
1116.0 1199.0 1282.0
1116.0 1199.0 1282.0
1116.0 1199.0 1282.0
1116.0 1199.0 1282.0
1116.0 1199.0 1282.0
1116.0 1199.0 1282.0
1116.0 1199.0 1282.0
1116.0 1199.0 1282.0
1116.0 1199.0 1282.0
1116.0 1199.0 1282.0
1116.0 1199.0 1282.0
1116.0 1199.0 1282.0
1116.0 1199.0 1282.0
1116.0 1199.0 1282.0
1116.0 1199.0 1282.0
1116.0 1199.0 1282.0
1116.0 1199.0 1282.0
1116.0 1199.0 1282.0
1116.0 1199.0 1282.0
1116.0 1199.0 1282.0
1116.0 1199.0 1282.0
1116.0 1199.0 1282.0
1116.0 1199.0 1282.0
1116.0 1199.0 1282.0
1116.0 1199.0 1282.0
1116.0 1199.0 1282.0
1116.0 1199.0 1282.0
1116.0 1199.0 1282.0
1116.0 1199.0 1282.0
1116.0 1199.0 1282.0
1116.0 1199.0 1282.0
1116.0 1199.0 1282.0
1116.0 1199.0 1282.0
1116.0 1199.0 1282.0
1116.0 1199.0 1282.0
1116.0 1199.0 1282.0
1116.0 1199.0 1282.0
1116.0 1199.0 1282.0
1116.0 1199.0 1282.0
1116.0 1199.0 1282.0
1116.0 1199.0 1282.0
1116.0 1199.0 1282.0
1116.0 1199.0 1282.0
1116.0 1199.0 1282.0
1116.0 1199.0 1282.0
1116.0 1199.0 1282.0
1116.0 1199.0 1282.0
1116.0 1199.0 1282.0
1116.0 1199.0 1282.0
1116.0 1199.0 1282.0
1116.0 1199.0 1282.0
1116.0 1199.0 1282.0
1116.0 1199.0 1282.0
1116.0 1199.0 1282.0
1116.0 1199.0 1282.0
1116.0 1199.0 1282.0
1116.0 1199.0 1282.0
1116.0 1199.0 1282.0
1116.0 1199.0 1282.0
1116.0 1199.0 1282.0
1116.0 1199.0 1282.0
1116.0 1199.0 1282.0
1116.0 1199.0 1282.0
1116.0 1199.0 1282.0
1116.0 1199.0 1282.0
1116.0 1199.0 1282.0
1116.0 1199.0 1282.0
1116.0 1199.0 1282.0
1116.0 1199.0 1282.0
1116.0 1199.0 1282.0
1116.0 1199.0 1282.0
1116.0 1199.0 1282.0
1116.0 1199.0 1282.0
1116.0 1199.0 1282.0
1116.0 1199.0 1282.0
1116.0 1199.0 1282.0
1116.0 1199.0 1282.0
1116.0 1199.0 1282.0
