11716.0 13698.5 15681.0
7419.0 11817.0 16215.0
5661.0 8935.0 12209.0
4782.0 8220.5 11659.0
4782.0 7048.5 9315.0
4481.0 6440.0 8399.0
4481.0 5191.0 5901.0
4240.0 5181.0 6122.0
2159.0 3495.0 4831.0
2159.0 3260.0 4361.0
1732.0 2937.5 4143.0
1732.0 2744.5 3757.0
1732.0 2579.0 3426.0
1732.0 2143.0 2554.0
1732.0 2143.0 2554.0
1732.0 2143.0 2554.0
1732.0 2143.0 2554.0
1732.0 2143.0 2554.0
1732.0 2282.0 2832.0
1732.0 2282.0 2832.0
1732.0 2282.0 2832.0
1732.0 2282.0 2832.0
1732.0 1833.5 1935.0
1732.0 1830.0 1928.0
1732.0 1830.0 1928.0
1732.0 1830.0 1928.0
1732.0 1830.0 1928.0
1732.0 1830.0 1928.0
1732.0 1830.0 1928.0
1732.0 1830.0 1928.0
1732.0 1830.0 1928.0
1928.0 1998.0 2068.0
1928.0 1998.0 2068.0
1928.0 1998.0 2068.0
1928.0 1998.0 2068.0
1928.0 1998.0 2068.0
1928.0 1998.0 2068.0
1928.0 1998.0 2068.0
1928.0 1998.0 2068.0
1928.0 1998.0 2068.0
1928.0 1998.0 2068.0
1928.0 1998.0 2068.0
1928.0 1998.0 2068.0
1928.0 1998.0 2068.0
1928.0 1998.0 2068.0
1928.0 1998.0 2068.0
1928.0 1998.0 2068.0
1928.0 1998.0 2068.0
1928.0 1998.0 2068.0
1928.0 1998.0 2068.0
1928.0 1998.0 2068.0
1928.0 1998.0 2068.0
1928.0 1998.0 2068.0
1928.0 1998.0 2068.0
1928.0 1998.0 2068.0
1928.0 1998.0 2068.0
1928.0 1998.0 2068.0
1928.0 1998.0 2068.0
1928.0 1998.0 2068.0
1928.0 1998.0 2068.0
1928.0 1998.0 2068.0
1928.0 1954.0 1980.0
1928.0 1954.0 1980.0
1928.0 1954.0 1980.0
1928.0 1954.0 1980.0
1928.0 1954.0 1980.0
1928.0 1954.0 1980.0
1928.0 1954.0 1980.0
1928.0 1954.0 1980.0
1928.0 1954.0 1980.0
1928.0 1954.0 1980.0
1928.0 1954.0 1980.0
1928.0 1954.0 1980.0
1928.0 1954.0 1980.0
1928.0 1954.0 1980.0
1928.0 1954.0 1980.0
1928.0 1954.0 1980.0
1928.0 1954.0 1980.0
1928.0 1954.0 1980.0
1928.0 1954.0 1980.0
1928.0 1954.0 1980.0
1928.0 1954.0 1980.0
1928.0 1954.0 1980.0
1928.0 1954.0 1980.0
1928.0 1954.0 1980.0
1928.0 1954.0 1980.0
1928.0 1954.0 1980.0
1928.0 1954.0 1980.0
1928.0 1954.0 1980.0
1928.0 1954.0 1980.0
1928.0 1954.0 1980.0
1928.0 1954.0 1980.0
1928.0 1954.0 1980.0
1928.0 1954.0 1980.0
1928.0 1954.0 1980.0
1928.0 1954.0 1980.0
1928.0 1954.0 1980.0
1928.0 1954.0 1980.0
1928.0 1954.0 1980.0
1928.0 1954.0 1980.0
1928.0 1954.0 1980.0
1339.0 1659.5 1980.0
1339.0 1659.5 1980.0
1339.0 1659.5 1980.0
1339.0 1659.5 1980.0
1339.0 1659.5 1980.0
1339.0 1659.5 1980.0
1339.0 1659.5 1980.0
1339.0 1659.5 1980.0
1339.0 1659.5 1980.0
1339.0 1659.5 1980.0
1339.0 1659.5 1980.0
1339.0 1659.5 1980.0
1339.0 1659.5 1980.0
1339.0 1659.5 1980.0
1339.0 1659.5 1980.0
1339.0 1659.5 1980.0
1339.0 1659.5 1980.0
1339.0 1659.5 1980.0
1339.0 1659.5 1980.0
1339.0 1444.0 1549.0
1339.0 1444.0 1549.0
1339.0 1444.0 1549.0
1339.0 1444.0 1549.0
1339.0 1444.0 1549.0
1339.0 1444.0 1549.0
1339.0 1444.0 1549.0
1339.0 1444.0 1549.0
1339.0 1444.0 1549.0
1339.0 1444.0 1549.0
1339.0 1444.0 1549.0
1339.0 1444.0 1549.0
1339.0 1444.0 1549.0
1339.0 1444.0 1549.0
1339.0 1444.0 1549.0
1339.0 1444.0 1549.0
1339.0 1444.0 1549.0
1339.0 1444.0 1549.0
1339.0 1444.0 1549.0
1339.0 1444.0 1549.0
1339.0 1444.0 1549.0
1339.0 1444.0 1549.0
1339.0 1444.0 1549.0
1339.0 1444.0 1549.0
1339.0 1444.0 1549.0
1339.0 1444.0 1549.0
1339.0 1444.0 1549.0
1339.0 1444.0 1549.0
1339.0 1444.0 1549.0
1339.0 1444.0 1549.0
1339.0 1444.0 1549.0
1339.0 1444.0 1549.0
1339.0 1444.0 1549.0
1339.0 1444.0 1549.0
1339.0 1444.0 1549.0
1339.0 1444.0 1549.0
1339.0 1444.0 1549.0
1339.0 1444.0 1549.0
1339.0 1444.0 1549.0
1339.0 1444.0 1549.0
1339.0 1444.0 1549.0
1339.0 1444.0 1549.0
1339.0 1444.0 1549.0
1339.0 1444.0 1549.0
1339.0 1444.0 1549.0
1339.0 1444.0 1549.0
1339.0 1444.0 1549.0
1339.0 1444.0 1549.0
1339.0 1444.0 1549.0
1339.0 1444.0 1549.0
1339.0 1444.0 1549.0
1339.0 1444.0 1549.0
1339.0 1444.0 1549.0
1339.0 1444.0 1549.0
1339.0 1444.0 1549.0
1339.0 1444.0 1549.0
1339.0 1444.0 1549.0
1339.0 1444.0 1549.0
1339.0 1444.0 1549.0
1339.0 1444.0 1549.0
1339.0 1444.0 1549.0
1339.0 1444.0 1549.0
1339.0 1444.0 1549.0
1339.0 1444.0 1549.0
1339.0 1444.0 1549.0
1339.0 1444.0 1549.0
1339.0 1444.0 1549.0
1339.0 1444.0 1549.0
1339.0 1444.0 1549.0
1339.0 1444.0 1549.0
1339.0 1444.0 1549.0
1339.0 1444.0 1549.0
1339.0 1444.0 1549.0
1339.0 1444.0 1549.0
1339.0 1444.0 1549.0
1339.0 1444.0 1549.0
1339.0 1444.0 1549.0
1339.0 1444.0 1549.0
1339.0 1444.0 1549.0
1339.0 1444.0 1549.0
