11221.0 12611.5 14002.0
8939.0 9639.5 10340.0
8824.0 9247.0 9670.0
6552.0 6829.5 7107.0
4971.0 5838.5 6706.0
4147.0 4559.0 4971.0
4311.0 4377.5 4444.0
3109.0 3776.5 4444.0
1970.0 2307.5 2645.0
1970.0 2307.5 2645.0
1970.0 2418.5 2867.0
1970.0 2418.5 2867.0
1970.0 2418.5 2867.0
1916.0 1943.0 1970.0
1916.0 1943.0 1970.0
1916.0 1943.0 1970.0
1916.0 1943.0 1970.0
1970.0 2025.0 2080.0
1740.0 1855.0 1970.0
1740.0 1855.0 1970.0
1740.0 1855.0 1970.0
1740.0 1855.0 1970.0
1740.0 1855.0 1970.0
1740.0 1855.0 1970.0
1740.0 1855.0 1970.0
1740.0 1855.0 1970.0
1740.0 1855.0 1970.0
1740.0 1855.0 1970.0
1740.0 1773.5 1807.0
1740.0 1773.5 1807.0
1740.0 1773.5 1807.0
1740.0 1773.5 1807.0
1740.0 1773.5 1807.0
1740.0 1773.5 1807.0
1740.0 1773.5 1807.0
1740.0 1773.5 1807.0
1740.0 1773.5 1807.0
1740.0 1773.5 1807.0
1740.0 1773.5 1807.0
1740.0 1773.5 1807.0
1740.0 1773.5 1807.0
1740.0 1773.5 1807.0
1740.0 1773.5 1807.0
1740.0 1773.5 1807.0
1740.0 1773.5 1807.0
1740.0 1773.5 1807.0
1740.0 1773.5 1807.0
1740.0 1773.5 1807.0
1740.0 1773.5 1807.0
1740.0 1773.5 1807.0
1740.0 1773.5 1807.0
1740.0 1773.5 1807.0
1740.0 1773.5 1807.0
1740.0 1773.5 1807.0
1740.0 1773.5 1807.0
1740.0 1773.5 1807.0
1740.0 1872.0 2004.0
1478.0 1609.0 1740.0
1478.0 1609.0 1740.0
1478.0 1609.0 1740.0
1478.0 1609.0 1740.0
1478.0 1609.0 1740.0
1478.0 1609.0 1740.0
1478.0 1609.0 1740.0
1478.0 1609.0 1740.0
1478.0 1609.0 1740.0
1478.0 1609.0 1740.0
1478.0 1609.0 1740.0
1478.0 1609.0 1740.0
1478.0 1609.0 1740.0
1478.0 1609.0 1740.0
1478.0 1609.0 1740.0
1478.0 1609.0 1740.0
1478.0 1609.0 1740.0
1478.0 1609.0 1740.0
1478.0 1609.0 1740.0
1478.0 1609.0 1740.0
1478.0 1609.0 1740.0
1478.0 1609.0 1740.0
1285.0 1512.5 1740.0
1285.0 1512.5 1740.0
1285.0 1512.5 1740.0
1285.0 1512.5 1740.0
1285.0 1512.5 1740.0
1285.0 1512.5 1740.0
1285.0 1512.5 1740.0
1285.0 1512.5 1740.0
1285.0 1512.5 1740.0
1285.0 1512.5 1740.0
1285.0 1512.5 1740.0
1285.0 1512.5 1740.0
1285.0 1512.5 1740.0
1285.0 1512.5 1740.0
1285.0 1512.5 1740.0
1285.0 1512.5 1740.0
1285.0 1512.5 1740.0
1285.0 1512.5 1740.0
1285.0 1512.5 1740.0
1285.0 1512.5 1740.0
1285.0 1512.5 1740.0
1285.0 1512.5 1740.0
1285.0 1512.5 1740.0
1285.0 1512.5 1740.0
1285.0 1512.5 1740.0
1285.0 1512.5 1740.0
1285.0 1512.5 1740.0
1285.0 1512.5 1740.0
1285.0 1512.5 1740.0
1285.0 1512.5 1740.0
1285.0 1512.5 1740.0
1285.0 1512.5 1740.0
1285.0 1512.5 1740.0
1285.0 1512.5 1740.0
1285.0 1512.5 1740.0
1285.0 1457.5 1630.0
1285.0 1457.5 1630.0
1285.0 1457.5 1630.0
1285.0 1457.5 1630.0
1285.0 1457.5 1630.0
1285.0 1457.5 1630.0
1285.0 1457.5 1630.0
1285.0 1457.5 1630.0
1285.0 1457.5 1630.0
1285.0 1457.5 1630.0
1285.0 1457.5 1630.0
1285.0 1457.5 1630.0
1285.0 1457.5 1630.0
1285.0 1457.5 1630.0
1285.0 1457.5 1630.0
1285.0 1457.5 1630.0
1285.0 1457.5 1630.0
1285.0 1457.5 1630.0
1285.0 1457.5 1630.0
1285.0 1457.5 1630.0
1285.0 1457.5 1630.0
1285.0 1457.5 1630.0
1285.0 1457.5 1630.0
1285.0 1457.5 1630.0
1285.0 1457.5 1630.0
1285.0 1457.5 1630.0
1222.0 1253.5 1285.0
1222.0 1253.5 1285.0
1222.0 1253.5 1285.0
1222.0 1253.5 1285.0
1222.0 1253.5 1285.0
1222.0 1253.5 1285.0
1222.0 1253.5 1285.0
1222.0 1253.5 1285.0
1222.0 1253.5 1285.0
1222.0 1253.5 1285.0
1222.0 1253.5 1285.0
1222.0 1253.5 1285.0
1222.0 1253.5 1285.0
1222.0 1253.5 1285.0
1222.0 1253.5 1285.0
1222.0 1253.5 1285.0
1222.0 1253.5 1285.0
1222.0 1253.5 1285.0
1222.0 1253.5 1285.0
1222.0 1253.5 1285.0
1222.0 1253.5 1285.0
1222.0 1253.5 1285.0
1222.0 1253.5 1285.0
1222.0 1253.5 1285.0
1222.0 1253.5 1285.0
1222.0 1253.5 1285.0
1222.0 1253.5 1285.0
1222.0 1253.5 1285.0
1222.0 1253.5 1285.0
1222.0 1253.5 1285.0
1222.0 1253.5 1285.0
1222.0 1253.5 1285.0
1222.0 1253.5 1285.0
1222.0 1253.5 1285.0
1222.0 1253.5 1285.0
1222.0 1253.5 1285.0
1222.0 1253.5 1285.0
1222.0 1253.5 1285.0
1222.0 1253.5 1285.0
1222.0 1253.5 1285.0
1222.0 1253.5 1285.0
1222.0 1253.5 1285.0
1222.0 1253.5 1285.0
1222.0 1253.5 1285.0
1222.0 1253.5 1285.0
1222.0 1253.5 1285.0
1222.0 1253.5 1285.0
1222.0 1253.5 1285.0
1222.0 1253.5 1285.0
1222.0 1253.5 1285.0
1222.0 1253.5 1285.0
1222.0 1253.5 1285.0
1222.0 1253.5 1285.0
1222.0 1253.5 1285.0
1222.0 1253.5 1285.0
1222.0 1253.5 1285.0
1222.0 1253.5 1285.0
1222.0 1253.5 1285.0
1222.0 1253.5 1285.0
1222.0 1253.5 1285.0
