10702.0 11786.0 12870.0
9222.0 9956.5 10691.0
6659.0 7505.0 8351.0
6988.0 7343.0 7698.0
5717.0 6370.0 7023.0
4038.0 4232.0 4426.0
3749.0 3893.5 4038.0
3749.0 3850.5 3952.0
3403.0 3654.0 3905.0
3403.0 3654.0 3905.0
2872.0 3045.5 3219.0
2629.0 2750.5 2872.0
2629.0 2750.5 2872.0
2629.0 2750.5 2872.0
2629.0 2750.5 2872.0
2318.0 2595.0 2872.0
1827.0 2349.5 2872.0
1827.0 2349.5 2872.0
1827.0 2349.5 2872.0
1827.0 2349.5 2872.0
1827.0 2349.5 2872.0
1827.0 2300.5 2774.0
1827.0 2134.5 2442.0
1827.0 2134.5 2442.0
1827.0 2134.5 2442.0
1827.0 2134.5 2442.0
1827.0 2134.5 2442.0
1932.0 2187.0 2442.0
1932.0 2187.0 2442.0
1937.0 2189.5 2442.0
1937.0 2189.5 2442.0
1558.0 2000.0 2442.0
1558.0 2000.0 2442.0
1558.0 2000.0 2442.0
1558.0 2000.0 2442.0
1558.0 2000.0 2442.0
1558.0 2000.0 2442.0
1558.0 2000.0 2442.0
1558.0 2000.0 2442.0
1558.0 2000.0 2442.0
1558.0 2000.0 2442.0
1558.0 2000.0 2442.0
1558.0 2000.0 2442.0
1558.0 2000.0 2442.0
1558.0 2000.0 2442.0
1558.0 2000.0 2442.0
1558.0 2000.0 2442.0
1558.0 2000.0 2442.0
1558.0 2000.0 2442.0
1558.0 2000.0 2442.0
1558.0 2000.0 2442.0
1558.0 2000.0 2442.0
1558.0 2000.0 2442.0
1558.0 2000.0 2442.0
1558.0 2000.0 2442.0
1558.0 2000.0 2442.0
1558.0 2000.0 2442.0
1558.0 2000.0 2442.0
1558.0 2000.0 2442.0
1558.0 2000.0 2442.0
1558.0 2000.0 2442.0
1558.0 2000.0 2442.0
1558.0 2000.0 2442.0
1212.0 1827.0 2442.0
1212.0 1827.0 2442.0
1212.0 1827.0 2442.0
1212.0 1827.0 2442.0
1212.0 1827.0 2442.0
1212.0 1827.0 2442.0
1212.0 1827.0 2442.0
1212.0 1827.0 2442.0
1212.0 1827.0 2442.0
1212.0 1827.0 2442.0
1212.0 1827.0 2442.0
1212.0 1827.0 2442.0
1212.0 1827.0 2442.0
1212.0 1827.0 2442.0
1212.0 1827.0 2442.0
1212.0 1827.0 2442.0
1212.0 1827.0 2442.0
1212.0 1827.0 2442.0
1212.0 1827.0 2442.0
1212.0 1827.0 2442.0
1212.0 1534.0 1856.0
1212.0 1505.5 1799.0
1212.0 1505.5 1799.0
1212.0 1505.5 1799.0
1212.0 1505.5 1799.0
1212.0 1505.5 1799.0
1212.0 1505.5 1799.0
1212.0 1505.5 1799.0
1212.0 1505.5 1799.0
1212.0 1505.5 1799.0
1212.0 1505.5 1799.0
1212.0 1505.5 1799.0
1212.0 1505.5 1799.0
1212.0 1505.5 1799.0
1212.0 1505.5 1799.0
1212.0 1505.5 1799.0
1212.0 1505.5 1799.0
1212.0 1505.5 1799.0
1212.0 1505.5 1799.0
1212.0 1505.5 1799.0
1212.0 1505.5 1799.0
1212.0 1505.5 1799.0
1212.0 1505.5 1799.0
1212.0 1505.5 1799.0
1212.0 1505.5 1799.0
1212.0 1505.5 1799.0
1212.0 1505.5 1799.0
1212.0 1505.5 1799.0
1212.0 1505.5 1799.0
1212.0 1505.5 1799.0
1212.0 1505.5 1799.0
1212.0 1505.5 1799.0
1212.0 1505.5 1799.0
1212.0 1505.5 1799.0
1212.0 1505.5 1799.0
1212.0 1505.5 1799.0
1212.0 1505.5 1799.0
1212.0 1505.5 1799.0
1212.0 1505.5 1799.0
1212.0 1505.5 1799.0
1212.0 1505.5 1799.0
1212.0 1505.5 1799.0
1212.0 1505.5 1799.0
1212.0 1505.5 1799.0
1212.0 1549.5 1887.0
1212.0 1549.5 1887.0
1212.0 1549.5 1887.0
1212.0 1549.5 1887.0
1212.0 1549.5 1887.0
1212.0 1549.5 1887.0
1212.0 1549.5 1887.0
1212.0 1549.5 1887.0
1212.0 1549.5 1887.0
1212.0 1549.5 1887.0
1212.0 1549.5 1887.0
1212.0 1549.5 1887.0
1212.0 1549.5 1887.0
1212.0 1549.5 1887.0
1212.0 1538.5 1865.0
1212.0 1506.5 1801.0
1212.0 1506.5 1801.0
1212.0 1218.0 1224.0
1212.0 1218.0 1224.0
1212.0 1218.0 1224.0
1212.0 1218.0 1224.0
1212.0 1218.0 1224.0
1212.0 1218.0 1224.0
1212.0 1218.0 1224.0
1212.0 1218.0 1224.0
1212.0 1218.0 1224.0
1212.0 1218.0 1224.0
1212.0 1218.0 1224.0
1212.0 1218.0 1224.0
1212.0 1218.0 1224.0
1212.0 1218.0 1224.0
1212.0 1218.0 1224.0
1212.0 1218.0 1224.0
1212.0 1218.0 1224.0
1212.0 1218.0 1224.0
1212.0 1218.0 1224.0
1212.0 1218.0 1224.0
1212.0 1218.0 1224.0
1212.0 1218.0 1224.0
1212.0 1218.0 1224.0
1212.0 1218.0 1224.0
1212.0 1218.0 1224.0
1212.0 1218.0 1224.0
1212.0 1218.0 1224.0
1212.0 1218.0 1224.0
1212.0 1218.0 1224.0
1212.0 1218.0 1224.0
1212.0 1218.0 1224.0
1212.0 1218.0 1224.0
1212.0 1218.0 1224.0
1212.0 1218.0 1224.0
1025.0 1124.5 1224.0
1025.0 1124.5 1224.0
1025.0 1124.5 1224.0
1025.0 1124.5 1224.0
1025.0 1124.5 1224.0
1025.0 1124.5 1224.0
1025.0 1124.5 1224.0
1025.0 1124.5 1224.0
1025.0 1124.5 1224.0
1025.0 1124.5 1224.0
1025.0 1124.5 1224.0
1025.0 1124.5 1224.0
1025.0 1124.5 1224.0
1025.0 1124.5 1224.0
1025.0 1124.5 1224.0
1025.0 1124.5 1224.0
1025.0 1124.5 1224.0
1025.0 1124.5 1224.0
1025.0 1124.5 1224.0
1025.0 1124.5 1224.0
1025.0 1124.5 1224.0
1025.0 1124.5 1224.0
