13758.0 15561.5 17365.0
10025.0 13250.0 16475.0
8632.0 9280.5 9929.0
8042.0 8710.5 9379.0
4948.0 6424.0 7900.0
4948.0 5263.0 5578.0
3243.0 3984.5 4726.0
2856.0 3404.0 3952.0
2856.0 3172.0 3488.0
2856.0 3172.0 3488.0
2227.0 2611.5 2996.0
1929.0 2200.5 2472.0
1929.0 2217.5 2506.0
1929.0 2217.5 2506.0
1929.0 2217.5 2506.0
1929.0 2217.5 2506.0
1929.0 2217.5 2506.0
1929.0 2217.5 2506.0
1929.0 2217.5 2506.0
1929.0 2217.5 2506.0
1929.0 2217.5 2506.0
1929.0 2217.5 2506.0
1929.0 2217.5 2506.0
1929.0 2217.5 2506.0
1929.0 2217.5 2506.0
1929.0 2217.5 2506.0
1929.0 2217.5 2506.0
1929.0 2217.5 2506.0
1929.0 2217.5 2506.0
1929.0 2217.5 2506.0
1929.0 2217.5 2506.0
1929.0 2217.5 2506.0
1929.0 2217.5 2506.0
1929.0 2217.5 2506.0
1929.0 2217.5 2506.0
1929.0 2217.5 2506.0
1929.0 2217.5 2506.0
1929.0 2217.5 2506.0
1929.0 2217.5 2506.0
1929.0 2217.5 2506.0
1929.0 2217.5 2506.0
1929.0 2217.5 2506.0
1929.0 2217.5 2506.0
1929.0 2217.5 2506.0
1929.0 2217.5 2506.0
1929.0 2217.5 2506.0
1929.0 2217.5 2506.0
1929.0 2217.5 2506.0
1929.0 2217.5 2506.0
1929.0 2217.5 2506.0
1929.0 2217.5 2506.0
1929.0 2217.5 2506.0
1929.0 2217.5 2506.0
1929.0 2217.5 2506.0
1929.0 2217.5 2506.0
1929.0 2217.5 2506.0
1929.0 2217.5 2506.0
1436.0 1971.0 2506.0
1436.0 1971.0 2506.0
1436.0 1971.0 2506.0
1436.0 1971.0 2506.0
1436.0 1635.5 1835.0
1436.0 1750.0 2064.0
1436.0 1750.0 2064.0
1436.0 1750.0 2064.0
1436.0 1750.0 2064.0
1436.0 1750.0 2064.0
1436.0 1750.0 2064.0
1436.0 1750.0 2064.0
1436.0 1750.0 2064.0
1436.0 1750.0 2064.0
1436.0 1750.0 2064.0
1436.0 1750.0 2064.0
1436.0 1750.0 2064.0
1436.0 1750.0 2064.0
1436.0 1750.0 2064.0
1436.0 1750.0 2064.0
1436.0 1750.0 2064.0
1436.0 1750.0 2064.0
1436.0 1750.0 2064.0
1436.0 1750.0 2064.0
1436.0 1750.0 2064.0
1436.0 1750.0 2064.0
1436.0 1750.0 2064.0
1436.0 1750.0 2064.0
1436.0 1750.0 2064.0
1436.0 1750.0 2064.0
1436.0 1750.0 2064.0
1436.0 1750.0 2064.0
1436.0 1750.0 2064.0
1436.0 1750.0 2064.0
1436.0 1750.0 2064.0
1436.0 1750.0 2064.0
1436.0 1750.0 2064.0
1436.0 1750.0 2064.0
1436.0 1750.0 2064.0
1436.0 1750.0 2064.0
1436.0 1750.0 2064.0
1436.0 1750.0 2064.0
1436.0 1750.0 2064.0
1436.0 1750.0 2064.0
1436.0 1750.0 2064.0
1436.0 1750.0 2064.0
1436.0 1750.0 2064.0
1436.0 1750.0 2064.0
1436.0 1750.0 2064.0
1436.0 1750.0 2064.0
1436.0 1601.5 1767.0
1436.0 1563.5 1691.0
1436.0 1563.5 1691.0
1436.0 1563.5 1691.0
1436.0 1563.5 1691.0
1436.0 1563.5 1691.0
1436.0 1563.5 1691.0
1436.0 1563.5 1691.0
1436.0 1563.5 1691.0
1436.0 1563.5 1691.0
1436.0 1563.5 1691.0
1436.0 1563.5 1691.0
1436.0 1563.5 1691.0
1436.0 1563.5 1691.0
1436.0 1563.5 1691.0
1436.0 1563.5 1691.0
1436.0 1563.5 1691.0
1436.0 1563.5 1691.0
1436.0 1563.5 1691.0
1436.0 1563.5 1691.0
1436.0 1563.5 1691.0
1436.0 1563.5 1691.0
1436.0 1563.5 1691.0
1436.0 1563.5 1691.0
1436.0 1522.0 1608.0
1436.0 1522.0 1608.0
1436.0 1522.0 1608.0
1436.0 1522.0 1608.0
1436.0 1522.0 1608.0
1436.0 1522.0 1608.0
1436.0 1522.0 1608.0
1436.0 1522.0 1608.0
1436.0 1522.0 1608.0
1436.0 1522.0 1608.0
1436.0 1522.0 1608.0
1436.0 1522.0 1608.0
1436.0 1522.0 1608.0
1436.0 1522.0 1608.0
1436.0 1522.0 1608.0
1436.0 1522.0 1608.0
1436.0 1522.0 1608.0
1436.0 1522.0 1608.0
1436.0 1522.0 1608.0
1436.0 1522.0 1608.0
1436.0 1522.0 1608.0
1436.0 1522.0 1608.0
1436.0 1522.0 1608.0
1436.0 1522.0 1608.0
1436.0 1522.0 1608.0
1436.0 1522.0 1608.0
1436.0 1522.0 1608.0
1436.0 1522.0 1608.0
1436.0 1522.0 1608.0
1436.0 1522.0 1608.0
1436.0 1522.0 1608.0
1436.0 1522.0 1608.0
1436.0 1522.0 1608.0
1436.0 1522.0 1608.0
1436.0 1522.0 1608.0
1436.0 1522.0 1608.0
1436.0 1522.0 1608.0
1436.0 1522.0 1608.0
1436.0 1522.0 1608.0
1436.0 1522.0 1608.0
1436.0 1522.0 1608.0
1436.0 1522.0 1608.0
1436.0 1522.0 1608.0
1436.0 1522.0 1608.0
1436.0 1522.0 1608.0
1436.0 1522.0 1608.0
1436.0 1522.0 1608.0
1436.0 1522.0 1608.0
1436.0 1522.0 1608.0
1436.0 1522.0 1608.0
1436.0 1522.0 1608.0
1436.0 1522.0 1608.0
1436.0 1522.0 1608.0
1436.0 1522.0 1608.0
1436.0 1522.0 1608.0
1436.0 1522.0 1608.0
1436.0 1522.0 1608.0
1436.0 1522.0 1608.0
1436.0 1522.0 1608.0
1436.0 1522.0 1608.0
1436.0 1522.0 1608.0
1436.0 1522.0 1608.0
1436.0 1522.0 1608.0
1436.0 1522.0 1608.0
1436.0 1522.0 1608.0
1436.0 1522.0 1608.0
1436.0 1522.0 1608.0
1436.0 1522.0 1608.0
1436.0 1522.0 1608.0
