9447.0 10772.0 12097.0
7295.0 8529.0 9763.0
7096.0 7376.0 7656.0
3619.0 5086.0 6553.0
3619.0 4531.0 5443.0
2279.0 2812.0 3345.0
2279.0 2829.0 3379.0
1926.0 2140.0 2354.0
1477.0 1522.0 1567.0
1477.0 1522.0 1567.0
1033.0 1300.0 1567.0
1033.0 1300.0 1567.0
1033.0 1300.0 1567.0
1033.0 1300.0 1567.0
1033.0 1300.0 1567.0
1033.0 1300.0 1567.0
1033.0 1300.0 1567.0
1033.0 1300.0 1567.0
1033.0 1300.0 1567.0
1033.0 1300.0 1567.0
1033.0 1300.0 1567.0
1033.0 1300.0 1567.0
1033.0 1300.0 1567.0
1033.0 1300.0 1567.0
1033.0 1300.0 1567.0
1033.0 1300.0 1567.0
1033.0 1300.0 1567.0
1033.0 1300.0 1567.0
1033.0 1300.0 1567.0
1033.0 1300.0 1567.0
1033.0 1300.0 1567.0
1033.0 1300.0 1567.0
1033.0 1300.0 1567.0
1033.0 1300.0 1567.0
1033.0 1300.0 1567.0
1033.0 1300.0 1567.0
1033.0 1300.0 1567.0
1033.0 1300.0 1567.0
1033.0 1300.0 1567.0
1033.0 1300.0 1567.0
1033.0 1130.0 1227.0
1033.0 1130.0 1227.0
1033.0 1221.5 1410.0
1033.0 1049.0 1065.0
1033.0 1049.0 1065.0
1033.0 1049.0 1065.0
1033.0 1049.0 1065.0
934.0 999.5 1065.0
933.0 999.0 1065.0
933.0 999.0 1065.0
731.0 898.0 1065.0
731.0 898.0 1065.0
731.0 898.0 1065.0
731.0 898.0 1065.0
731.0 898.0 1065.0
731.0 898.0 1065.0
731.0 898.0 1065.0
731.0 898.0 1065.0
731.0 898.0 1065.0
731.0 898.0 1065.0
731.0 898.0 1065.0
731.0 898.0 1065.0
731.0 898.0 1065.0
731.0 898.0 1065.0
731.0 898.0 1065.0
731.0 898.0 1065.0
731.0 898.0 1065.0
731.0 898.0 1065.0
731.0 898.0 1065.0
731.0 898.0 1065.0
731.0 898.0 1065.0
731.0 898.0 1065.0
731.0 898.0 1065.0
731.0 898.0 1065.0
731.0 898.0 1065.0
731.0 898.0 1065.0
731.0 898.0 1065.0
731.0 898.0 1065.0
731.0 898.0 1065.0
731.0 898.0 1065.0
731.0 898.0 1065.0
731.0 898.0 1065.0
731.0 898.0 1065.0
731.0 898.0 1065.0
731.0 898.0 1065.0
731.0 898.0 1065.0
731.0 898.0 1065.0
731.0 898.0 1065.0
731.0 898.0 1065.0
731.0 898.0 1065.0
731.0 898.0 1065.0
731.0 898.0 1065.0
731.0 898.0 1065.0
731.0 898.0 1065.0
731.0 898.0 1065.0
731.0 898.0 1065.0
731.0 898.0 1065.0
731.0 898.0 1065.0
731.0 898.0 1065.0
731.0 898.0 1065.0
731.0 898.0 1065.0
731.0 898.0 1065.0
731.0 898.0 1065.0
731.0 898.0 1065.0
731.0 898.0 1065.0
731.0 898.0 1065.0
731.0 898.0 1065.0
731.0 898.0 1065.0
731.0 898.0 1065.0
731.0 898.0 1065.0
731.0 898.0 1065.0
731.0 898.0 1065.0
731.0 898.0 1065.0
731.0 898.0 1065.0
731.0 898.0 1065.0
731.0 898.0 1065.0
731.0 898.0 1065.0
731.0 898.0 1065.0
731.0 898.0 1065.0
731.0 898.0 1065.0
731.0 898.0 1065.0
731.0 898.0 1065.0
731.0 898.0 1065.0
731.0 898.0 1065.0
731.0 898.0 1065.0
731.0 898.0 1065.0
731.0 898.0 1065.0
731.0 898.0 1065.0
731.0 898.0 1065.0
731.0 898.0 1065.0
731.0 898.0 1065.0
731.0 898.0 1065.0
731.0 898.0 1065.0
731.0 898.0 1065.0
731.0 898.0 1065.0
731.0 898.0 1065.0
731.0 898.0 1065.0
731.0 898.0 1065.0
731.0 898.0 1065.0
731.0 898.0 1065.0
731.0 898.0 1065.0
731.0 898.0 1065.0
731.0 898.0 1065.0
731.0 898.0 1065.0
731.0 898.0 1065.0
731.0 898.0 1065.0
731.0 898.0 1065.0
731.0 898.0 1065.0
731.0 898.0 1065.0
731.0 898.0 1065.0
731.0 898.0 1065.0
731.0 898.0 1065.0
731.0 898.0 1065.0
731.0 898.0 1065.0
731.0 898.0 1065.0
731.0 898.0 1065.0
731.0 898.0 1065.0
731.0 898.0 1065.0
731.0 898.0 1065.0
731.0 898.0 1065.0
731.0 898.0 1065.0
731.0 898.0 1065.0
731.0 898.0 1065.0
731.0 898.0 1065.0
731.0 898.0 1065.0
731.0 898.0 1065.0
731.0 898.0 1065.0
731.0 898.0 1065.0
731.0 898.0 1065.0
731.0 898.0 1065.0
731.0 898.0 1065.0
731.0 898.0 1065.0
731.0 898.0 1065.0
731.0 898.0 1065.0
731.0 898.0 1065.0
731.0 898.0 1065.0
731.0 898.0 1065.0
731.0 898.0 1065.0
731.0 898.0 1065.0
731.0 898.0 1065.0
731.0 898.0 1065.0
731.0 898.0 1065.0
731.0 898.0 1065.0
731.0 898.0 1065.0
731.0 898.0 1065.0
731.0 898.0 1065.0
731.0 898.0 1065.0
731.0 898.0 1065.0
731.0 898.0 1065.0
731.0 898.0 1065.0
731.0 898.0 1065.0
731.0 898.0 1065.0
731.0 898.0 1065.0
731.0 898.0 1065.0
731.0 898.0 1065.0
731.0 898.0 1065.0
731.0 898.0 1065.0
731.0 898.0 1065.0
731.0 898.0 1065.0
731.0 898.0 1065.0
