7596.0 9653.0 11710.0
8021.0 8137.5 8254.0
4495.0 5162.0 5829.0
4495.0 4801.0 5107.0
3866.0 3958.5 4051.0
2373.0 2390.5 2408.0
2373.0 2390.5 2408.0
2152.0 2217.5 2283.0
2152.0 2217.5 2283.0
1481.0 1555.5 1630.0
1481.0 1555.5 1630.0
1481.0 1555.5 1630.0
1481.0 1555.5 1630.0
1481.0 1555.5 1630.0
1481.0 1555.5 1630.0
1481.0 1555.5 1630.0
1481.0 1555.5 1630.0
1481.0 1555.5 1630.0
1481.0 1555.5 1630.0
1481.0 1555.5 1630.0
1253.0 1367.0 1481.0
1199.0 1340.0 1481.0
1199.0 1403.0 1607.0
1199.0 1403.0 1607.0
951.0 1075.0 1199.0
951.0 1075.0 1199.0
951.0 1075.0 1199.0
951.0 1075.0 1199.0
951.0 1075.0 1199.0
951.0 1075.0 1199.0
951.0 1075.0 1199.0
951.0 1075.0 1199.0
951.0 1075.0 1199.0
951.0 1075.0 1199.0
951.0 1075.0 1199.0
951.0 1075.0 1199.0
951.0 1075.0 1199.0
951.0 1075.0 1199.0
951.0 1075.0 1199.0
951.0 1075.0 1199.0
951.0 1075.0 1199.0
951.0 1075.0 1199.0
951.0 1075.0 1199.0
951.0 1075.0 1199.0
951.0 1075.0 1199.0
951.0 1075.0 1199.0
951.0 1075.0 1199.0
951.0 1075.0 1199.0
951.0 1075.0 1199.0
951.0 1075.0 1199.0
951.0 1075.0 1199.0
951.0 1075.0 1199.0
951.0 1075.0 1199.0
951.0 1075.0 1199.0
951.0 1075.0 1199.0
951.0 1075.0 1199.0
951.0 1075.0 1199.0
951.0 1075.0 1199.0
951.0 1075.0 1199.0
951.0 1075.0 1199.0
951.0 1075.0 1199.0
951.0 1075.0 1199.0
951.0 1075.0 1199.0
951.0 1075.0 1199.0
951.0 1075.0 1199.0
951.0 1075.0 1199.0
951.0 1075.0 1199.0
951.0 1075.0 1199.0
951.0 1075.0 1199.0
951.0 1075.0 1199.0
951.0 1075.0 1199.0
951.0 1075.0 1199.0
951.0 1075.0 1199.0
951.0 1075.0 1199.0
951.0 1075.0 1199.0
951.0 1075.0 1199.0
951.0 1075.0 1199.0
951.0 1075.0 1199.0
951.0 1075.0 1199.0
951.0 1075.0 1199.0
951.0 1075.0 1199.0
951.0 1075.0 1199.0
951.0 1075.0 1199.0
951.0 1075.0 1199.0
951.0 1075.0 1199.0
951.0 1075.0 1199.0
951.0 1075.0 1199.0
951.0 1075.0 1199.0
951.0 1075.0 1199.0
951.0 1075.0 1199.0
951.0 1075.0 1199.0
951.0 1075.0 1199.0
951.0 1075.0 1199.0
951.0 1075.0 1199.0
951.0 1075.0 1199.0
951.0 1075.0 1199.0
951.0 1075.0 1199.0
951.0 1075.0 1199.0
951.0 1075.0 1199.0
951.0 1075.0 1199.0
661.0 806.0 951.0
661.0 806.0 951.0
661.0 806.0 951.0
661.0 806.0 951.0
661.0 806.0 951.0
661.0 806.0 951.0
661.0 806.0 951.0
661.0 806.0 951.0
661.0 806.0 951.0
661.0 806.0 951.0
661.0 806.0 951.0
661.0 806.0 951.0
661.0 806.0 951.0
661.0 806.0 951.0
661.0 806.0 951.0
661.0 806.0 951.0
661.0 806.0 951.0
661.0 806.0 951.0
661.0 806.0 951.0
661.0 806.0 951.0
661.0 806.0 951.0
661.0 806.0 951.0
661.0 806.0 951.0
661.0 806.0 951.0
661.0 806.0 951.0
661.0 806.0 951.0
661.0 806.0 951.0
661.0 806.0 951.0
661.0 806.0 951.0
661.0 806.0 951.0
661.0 806.0 951.0
661.0 806.0 951.0
661.0 806.0 951.0
661.0 806.0 951.0
661.0 806.0 951.0
661.0 806.0 951.0
661.0 806.0 951.0
661.0 806.0 951.0
661.0 806.0 951.0
661.0 806.0 951.0
661.0 806.0 951.0
661.0 806.0 951.0
661.0 806.0 951.0
661.0 806.0 951.0
661.0 806.0 951.0
661.0 806.0 951.0
661.0 806.0 951.0
661.0 806.0 951.0
661.0 806.0 951.0
661.0 806.0 951.0
661.0 806.0 951.0
661.0 806.0 951.0
661.0 806.0 951.0
661.0 806.0 951.0
661.0 806.0 951.0
661.0 806.0 951.0
661.0 806.0 951.0
661.0 806.0 951.0
661.0 806.0 951.0
661.0 806.0 951.0
661.0 806.0 951.0
661.0 806.0 951.0
661.0 806.0 951.0
661.0 806.0 951.0
661.0 806.0 951.0
661.0 806.0 951.0
661.0 806.0 951.0
661.0 806.0 951.0
661.0 806.0 951.0
661.0 806.0 951.0
661.0 806.0 951.0
661.0 806.0 951.0
661.0 806.0 951.0
661.0 806.0 951.0
661.0 806.0 951.0
661.0 806.0 951.0
661.0 806.0 951.0
661.0 806.0 951.0
661.0 806.0 951.0
661.0 806.0 951.0
661.0 806.0 951.0
661.0 806.0 951.0
661.0 806.0 951.0
661.0 806.0 951.0
661.0 806.0 951.0
661.0 806.0 951.0
661.0 804.5 948.0
661.0 804.5 948.0
661.0 806.0 951.0
661.0 806.0 951.0
661.0 806.0 951.0
661.0 806.0 951.0
661.0 806.0 951.0
661.0 806.0 951.0
661.0 806.0 951.0
661.0 806.0 951.0
661.0 806.0 951.0
661.0 806.0 951.0
661.0 806.0 951.0
661.0 806.0 951.0
