12831.0 13793.5 14756.0
11131.0 11271.5 11412.0
9494.0 10034.5 10575.0
6867.0 6999.0 7131.0
5422.0 6144.5 6867.0
5894.0 6299.0 6704.0
4030.0 4234.5 4439.0
4164.0 4462.5 4761.0
2582.0 3056.0 3530.0
2582.0 2779.5 2977.0
2057.0 2776.0 3495.0
2057.0 2312.0 2567.0
2057.0 2285.0 2513.0
2057.0 2285.0 2513.0
2057.0 2220.5 2384.0
1514.0 1785.5 2057.0
1386.0 1721.5 2057.0
1386.0 1721.5 2057.0
1223.0 1640.0 2057.0
1075.0 1566.0 2057.0
804.0 1430.5 2057.0
804.0 1430.5 2057.0
804.0 1430.5 2057.0
804.0 1430.5 2057.0
804.0 1430.5 2057.0
804.0 1430.5 2057.0
804.0 1430.5 2057.0
804.0 1430.5 2057.0
804.0 1430.5 2057.0
804.0 1430.5 2057.0
804.0 1430.5 2057.0
804.0 1430.5 2057.0
804.0 1430.5 2057.0
804.0 1430.5 2057.0
804.0 1430.5 2057.0
804.0 1430.5 2057.0
804.0 1430.5 2057.0
804.0 1430.5 2057.0
804.0 1430.5 2057.0
804.0 1430.5 2057.0
804.0 1430.5 2057.0
804.0 1430.5 2057.0
804.0 1430.5 2057.0
804.0 1430.5 2057.0
804.0 1430.5 2057.0
804.0 1430.5 2057.0
804.0 1430.5 2057.0
804.0 1430.5 2057.0
804.0 1430.5 2057.0
804.0 1430.5 2057.0
804.0 1430.5 2057.0
804.0 1430.5 2057.0
804.0 1430.5 2057.0
804.0 1430.5 2057.0
804.0 1430.5 2057.0
804.0 1430.5 2057.0
804.0 1430.5 2057.0
804.0 1430.5 2057.0
804.0 1430.5 2057.0
804.0 1430.5 2057.0
804.0 1430.5 2057.0
804.0 1430.5 2057.0
804.0 1430.5 2057.0
804.0 1430.5 2057.0
804.0 1430.5 2057.0
804.0 1430.5 2057.0
804.0 1430.5 2057.0
804.0 1430.5 2057.0
804.0 1430.5 2057.0
804.0 1430.5 2057.0
804.0 1430.5 2057.0
804.0 1430.5 2057.0
804.0 1430.5 2057.0
804.0 1430.5 2057.0
804.0 1430.5 2057.0
804.0 1430.5 2057.0
804.0 1430.5 2057.0
804.0 1430.5 2057.0
804.0 1430.5 2057.0
804.0 1430.5 2057.0
804.0 1430.5 2057.0
804.0 1430.5 2057.0
804.0 1430.5 2057.0
804.0 1430.5 2057.0
804.0 1430.5 2057.0
804.0 1430.5 2057.0
804.0 1430.5 2057.0
804.0 1430.5 2057.0
804.0 1430.5 2057.0
804.0 1430.5 2057.0
804.0 1430.5 2057.0
804.0 1239.5 1675.0
804.0 1252.5 1701.0
804.0 1108.5 1413.0
804.0 1108.5 1413.0
804.0 992.5 1181.0
804.0 992.5 1181.0
804.0 992.5 1181.0
804.0 992.5 1181.0
804.0 992.5 1181.0
804.0 992.5 1181.0
804.0 992.5 1181.0
804.0 992.5 1181.0
804.0 992.5 1181.0
804.0 992.5 1181.0
804.0 992.5 1181.0
804.0 992.5 1181.0
804.0 992.5 1181.0
804.0 992.5 1181.0
804.0 992.5 1181.0
804.0 992.5 1181.0
804.0 992.5 1181.0
804.0 992.5 1181.0
804.0 992.5 1181.0
804.0 992.5 1181.0
804.0 992.5 1181.0
804.0 992.5 1181.0
804.0 992.5 1181.0
804.0 992.5 1181.0
804.0 992.5 1181.0
804.0 992.5 1181.0
804.0 992.5 1181.0
804.0 992.5 1181.0
804.0 992.5 1181.0
804.0 992.5 1181.0
804.0 992.5 1181.0
804.0 992.5 1181.0
804.0 992.5 1181.0
804.0 992.5 1181.0
804.0 992.5 1181.0
804.0 992.5 1181.0
804.0 992.5 1181.0
804.0 992.5 1181.0
804.0 992.5 1181.0
804.0 992.5 1181.0
804.0 992.5 1181.0
804.0 992.5 1181.0
804.0 992.5 1181.0
804.0 992.5 1181.0
804.0 992.5 1181.0
804.0 992.5 1181.0
804.0 992.5 1181.0
804.0 992.5 1181.0
804.0 992.5 1181.0
804.0 992.5 1181.0
804.0 992.5 1181.0
804.0 992.5 1181.0
804.0 992.5 1181.0
804.0 992.5 1181.0
804.0 992.5 1181.0
804.0 992.5 1181.0
804.0 992.5 1181.0
804.0 992.5 1181.0
804.0 992.5 1181.0
804.0 992.5 1181.0
804.0 992.5 1181.0
804.0 992.5 1181.0
804.0 992.5 1181.0
804.0 992.5 1181.0
804.0 992.5 1181.0
804.0 992.5 1181.0
804.0 992.5 1181.0
804.0 992.5 1181.0
804.0 992.5 1181.0
804.0 992.5 1181.0
804.0 992.5 1181.0
804.0 992.5 1181.0
804.0 992.5 1181.0
804.0 992.5 1181.0
804.0 992.5 1181.0
804.0 992.5 1181.0
804.0 992.5 1181.0
804.0 992.5 1181.0
804.0 992.5 1181.0
804.0 992.5 1181.0
804.0 992.5 1181.0
804.0 992.5 1181.0
804.0 992.5 1181.0
804.0 992.5 1181.0
804.0 992.5 1181.0
804.0 992.5 1181.0
804.0 992.5 1181.0
804.0 992.5 1181.0
804.0 992.5 1181.0
804.0 992.5 1181.0
804.0 992.5 1181.0
804.0 992.5 1181.0
804.0 992.5 1181.0
804.0 992.5 1181.0
804.0 992.5 1181.0
804.0 992.5 1181.0
804.0 992.5 1181.0
804.0 992.5 1181.0
804.0 992.5 1181.0
804.0 992.5 1181.0
804.0 992.5 1181.0
804.0 992.5 1181.0
804.0 992.5 1181.0
804.0 992.5 1181.0
804.0 992.5 1181.0
