12131.0 12569.0 13007.0
10266.0 10298.5 10331.0
8396.0 8625.0 8854.0
6731.0 6928.0 7125.0
4884.0 5097.0 5310.0
3730.0 4033.0 4336.0
3534.0 3569.0 3604.0
2681.0 2772.0 2863.0
2681.0 2795.0 2909.0
2296.0 2506.5 2717.0
1650.0 2183.5 2717.0
1512.0 1673.5 1835.0
1512.0 1673.5 1835.0
1328.0 1583.5 1839.0
1328.0 1583.5 1839.0
1328.0 1583.5 1839.0
1328.0 1583.5 1839.0
1328.0 1583.5 1839.0
1328.0 1583.5 1839.0
1328.0 1583.5 1839.0
1328.0 1583.5 1839.0
1328.0 1583.5 1839.0
1328.0 1583.5 1839.0
1328.0 1583.5 1839.0
1328.0 1583.5 1839.0
1328.0 1583.5 1839.0
1328.0 1583.5 1839.0
1328.0 1583.5 1839.0
1328.0 1583.5 1839.0
1328.0 1583.5 1839.0
1328.0 1583.5 1839.0
1328.0 1583.5 1839.0
1328.0 1583.5 1839.0
1328.0 1583.5 1839.0
1328.0 1583.5 1839.0
1328.0 1583.5 1839.0
1328.0 1583.5 1839.0
1079.0 1563.5 2048.0
1079.0 1563.5 2048.0
1033.0 1108.0 1183.0
1004.0 1067.5 1131.0
1004.0 1067.5 1131.0
902.0 1002.5 1103.0
902.0 1002.5 1103.0
902.0 1002.5 1103.0
902.0 1002.5 1103.0
902.0 1002.5 1103.0
902.0 1002.5 1103.0
902.0 1002.5 1103.0
902.0 1002.5 1103.0
902.0 1002.5 1103.0
902.0 1002.5 1103.0
902.0 1002.5 1103.0
902.0 1002.5 1103.0
902.0 1002.5 1103.0
902.0 1002.5 1103.0
902.0 1002.5 1103.0
902.0 1002.5 1103.0
902.0 1002.5 1103.0
902.0 1002.5 1103.0
902.0 1002.5 1103.0
902.0 1002.5 1103.0
902.0 1002.5 1103.0
902.0 1002.5 1103.0
902.0 1002.5 1103.0
902.0 1002.5 1103.0
902.0 1002.5 1103.0
902.0 1002.5 1103.0
902.0 1002.5 1103.0
902.0 1002.5 1103.0
902.0 1002.5 1103.0
902.0 1002.5 1103.0
902.0 1002.5 1103.0
902.0 1002.5 1103.0
902.0 1002.5 1103.0
902.0 1002.5 1103.0
902.0 1002.5 1103.0
902.0 1002.5 1103.0
902.0 1002.5 1103.0
902.0 1002.5 1103.0
902.0 1002.5 1103.0
902.0 1002.5 1103.0
902.0 1002.5 1103.0
902.0 1002.5 1103.0
902.0 1002.5 1103.0
902.0 1002.5 1103.0
902.0 1002.5 1103.0
902.0 1002.5 1103.0
902.0 1002.5 1103.0
902.0 1002.5 1103.0
902.0 1002.5 1103.0
902.0 1002.5 1103.0
902.0 1002.5 1103.0
902.0 1002.5 1103.0
902.0 1002.5 1103.0
902.0 1002.5 1103.0
902.0 1002.5 1103.0
902.0 1002.5 1103.0
902.0 1002.5 1103.0
902.0 1002.5 1103.0
902.0 1002.5 1103.0
902.0 1002.5 1103.0
902.0 1002.5 1103.0
902.0 1002.5 1103.0
902.0 1002.5 1103.0
902.0 1002.5 1103.0
902.0 1002.5 1103.0
902.0 1002.5 1103.0
902.0 1002.5 1103.0
902.0 1002.5 1103.0
902.0 1002.5 1103.0
902.0 1002.5 1103.0
902.0 1002.5 1103.0
902.0 1002.5 1103.0
902.0 1002.5 1103.0
902.0 1002.5 1103.0
902.0 1002.5 1103.0
902.0 1002.5 1103.0
902.0 1002.5 1103.0
902.0 1002.5 1103.0
902.0 1002.5 1103.0
902.0 1002.5 1103.0
902.0 1002.5 1103.0
902.0 1002.5 1103.0
902.0 1002.5 1103.0
902.0 1002.5 1103.0
902.0 1002.5 1103.0
902.0 1002.5 1103.0
902.0 1002.5 1103.0
902.0 1002.5 1103.0
902.0 1002.5 1103.0
902.0 1002.5 1103.0
902.0 1002.5 1103.0
902.0 1002.5 1103.0
902.0 1002.5 1103.0
902.0 1002.5 1103.0
902.0 1002.5 1103.0
902.0 1002.5 1103.0
902.0 1002.5 1103.0
902.0 1002.5 1103.0
902.0 1002.5 1103.0
902.0 1002.5 1103.0
902.0 1002.5 1103.0
902.0 1002.5 1103.0
902.0 1002.5 1103.0
902.0 1002.5 1103.0
902.0 1002.5 1103.0
902.0 1002.5 1103.0
902.0 1002.5 1103.0
902.0 1002.5 1103.0
902.0 1002.5 1103.0
902.0 1002.5 1103.0
902.0 1002.5 1103.0
902.0 1002.5 1103.0
902.0 1002.5 1103.0
902.0 1002.5 1103.0
902.0 1002.5 1103.0
902.0 1002.5 1103.0
902.0 1002.5 1103.0
902.0 1002.5 1103.0
902.0 1002.5 1103.0
902.0 1002.5 1103.0
902.0 1002.5 1103.0
902.0 1002.5 1103.0
902.0 1002.5 1103.0
902.0 1002.5 1103.0
902.0 1002.5 1103.0
902.0 1002.5 1103.0
902.0 1002.5 1103.0
902.0 1002.5 1103.0
902.0 1002.5 1103.0
902.0 1002.5 1103.0
902.0 1002.5 1103.0
902.0 1002.5 1103.0
902.0 1002.5 1103.0
902.0 1002.5 1103.0
902.0 1002.5 1103.0
902.0 1002.5 1103.0
902.0 1002.5 1103.0
902.0 1002.5 1103.0
902.0 1002.5 1103.0
902.0 1002.5 1103.0
902.0 1002.5 1103.0
902.0 1002.5 1103.0
902.0 1002.5 1103.0
902.0 1002.5 1103.0
902.0 1002.5 1103.0
902.0 1002.5 1103.0
902.0 1002.5 1103.0
902.0 1002.5 1103.0
902.0 1002.5 1103.0
902.0 1002.5 1103.0
902.0 1002.5 1103.0
902.0 1002.5 1103.0
902.0 1002.5 1103.0
902.0 1002.5 1103.0
902.0 1002.5 1103.0
902.0 1002.5 1103.0
902.0 1002.5 1103.0
902.0 1002.5 1103.0
