11473.0 11930.5 12388.0
10121.0 10404.5 10688.0
8373.0 8906.5 9440.0
5717.0 5896.5 6076.0
4214.0 4781.0 5348.0
2485.0 3385.5 4286.0
2485.0 3274.5 4064.0
2416.0 2451.5 2487.0
2416.0 2451.5 2487.0
1659.0 2037.5 2416.0
1659.0 1992.0 2325.0
1659.0 1685.0 1711.0
1659.0 1869.0 2079.0
1544.0 1601.5 1659.0
1265.0 1462.0 1659.0
1265.0 1462.0 1659.0
1265.0 1462.0 1659.0
1265.0 1462.0 1659.0
1265.0 1462.0 1659.0
1265.0 1462.0 1659.0
1265.0 1462.0 1659.0
1265.0 1462.0 1659.0
1265.0 1462.0 1659.0
1265.0 1462.0 1659.0
1265.0 1462.0 1659.0
1265.0 1462.0 1659.0
1265.0 1462.0 1659.0
1265.0 1313.0 1361.0
1265.0 1313.0 1361.0
1265.0 1290.0 1315.0
1265.0 1290.0 1315.0
1265.0 1290.0 1315.0
1265.0 1290.0 1315.0
1265.0 1290.0 1315.0
1265.0 1290.0 1315.0
1265.0 1290.0 1315.0
1265.0 1290.0 1315.0
1265.0 1290.0 1315.0
1265.0 1290.0 1315.0
1265.0 1290.0 1315.0
1265.0 1290.0 1315.0
1265.0 1290.0 1315.0
1265.0 1290.0 1315.0
1265.0 1290.0 1315.0
1265.0 1290.0 1315.0
1265.0 1290.0 1315.0
1265.0 1290.0 1315.0
1265.0 1290.0 1315.0
1265.0 1290.0 1315.0
1265.0 1290.0 1315.0
1265.0 1290.0 1315.0
1265.0 1290.0 1315.0
1265.0 1290.0 1315.0
1265.0 1290.0 1315.0
1265.0 1290.0 1315.0
1265.0 1290.0 1315.0
1265.0 1290.0 1315.0
1265.0 1290.0 1315.0
1265.0 1290.0 1315.0
1265.0 1290.0 1315.0
1265.0 1290.0 1315.0
1265.0 1290.0 1315.0
1265.0 1290.0 1315.0
1265.0 1290.0 1315.0
1265.0 1290.0 1315.0
1265.0 1290.0 1315.0
1265.0 1290.0 1315.0
1265.0 1290.0 1315.0
1265.0 1290.0 1315.0
1265.0 1290.0 1315.0
1265.0 1290.0 1315.0
1265.0 1290.0 1315.0
1265.0 1290.0 1315.0
1265.0 1290.0 1315.0
991.0 1128.0 1265.0
738.0 1001.5 1265.0
738.0 1001.5 1265.0
738.0 1001.5 1265.0
738.0 1001.5 1265.0
738.0 1001.5 1265.0
738.0 1001.5 1265.0
738.0 1001.5 1265.0
738.0 1001.5 1265.0
738.0 1001.5 1265.0
738.0 1001.5 1265.0
738.0 1001.5 1265.0
738.0 1001.5 1265.0
738.0 1001.5 1265.0
738.0 1001.5 1265.0
738.0 1001.5 1265.0
738.0 1001.5 1265.0
738.0 1001.5 1265.0
738.0 1001.5 1265.0
738.0 1001.5 1265.0
738.0 1001.5 1265.0
738.0 1001.5 1265.0
738.0 1001.5 1265.0
738.0 1001.5 1265.0
738.0 1001.5 1265.0
738.0 1001.5 1265.0
738.0 1001.5 1265.0
738.0 1001.5 1265.0
738.0 1001.5 1265.0
738.0 1001.5 1265.0
738.0 1001.5 1265.0
738.0 1001.5 1265.0
738.0 1001.5 1265.0
738.0 1001.5 1265.0
738.0 1001.5 1265.0
738.0 1001.5 1265.0
738.0 1001.5 1265.0
738.0 1001.5 1265.0
738.0 1001.5 1265.0
738.0 1001.5 1265.0
738.0 1001.5 1265.0
738.0 1001.5 1265.0
738.0 1001.5 1265.0
738.0 1001.5 1265.0
738.0 1001.5 1265.0
738.0 1001.5 1265.0
738.0 1001.5 1265.0
738.0 1001.5 1265.0
738.0 1001.5 1265.0
738.0 1001.5 1265.0
738.0 1001.5 1265.0
738.0 1001.5 1265.0
738.0 1001.5 1265.0
738.0 1001.5 1265.0
738.0 1001.5 1265.0
738.0 1001.5 1265.0
738.0 1001.5 1265.0
738.0 1001.5 1265.0
738.0 1001.5 1265.0
738.0 1001.5 1265.0
738.0 1001.5 1265.0
738.0 1001.5 1265.0
738.0 1001.5 1265.0
738.0 1001.5 1265.0
738.0 1001.5 1265.0
738.0 1001.5 1265.0
738.0 1001.5 1265.0
738.0 1001.5 1265.0
738.0 1001.5 1265.0
738.0 1001.5 1265.0
738.0 1001.5 1265.0
738.0 1001.5 1265.0
738.0 1001.5 1265.0
738.0 1001.5 1265.0
738.0 1001.5 1265.0
738.0 1001.5 1265.0
738.0 1001.5 1265.0
738.0 1001.5 1265.0
738.0 1001.5 1265.0
738.0 1001.5 1265.0
738.0 1001.5 1265.0
738.0 1001.5 1265.0
738.0 1001.5 1265.0
738.0 1001.5 1265.0
738.0 1001.5 1265.0
738.0 1001.5 1265.0
738.0 1001.5 1265.0
738.0 1001.5 1265.0
738.0 1001.5 1265.0
738.0 1001.5 1265.0
738.0 1001.5 1265.0
738.0 1001.5 1265.0
738.0 1001.5 1265.0
738.0 1001.5 1265.0
738.0 1001.5 1265.0
738.0 1001.5 1265.0
738.0 1001.5 1265.0
738.0 1001.5 1265.0
738.0 1001.5 1265.0
738.0 1001.5 1265.0
738.0 1001.5 1265.0
738.0 1001.5 1265.0
738.0 1001.5 1265.0
738.0 1001.5 1265.0
738.0 1001.5 1265.0
738.0 1001.5 1265.0
738.0 1001.5 1265.0
738.0 1001.5 1265.0
738.0 1001.5 1265.0
738.0 1001.5 1265.0
738.0 1001.5 1265.0
738.0 1001.5 1265.0
738.0 1001.5 1265.0
738.0 1001.5 1265.0
738.0 1001.5 1265.0
738.0 1001.5 1265.0
738.0 1001.5 1265.0
738.0 1001.5 1265.0
738.0 1001.5 1265.0
738.0 1001.5 1265.0
738.0 1001.5 1265.0
738.0 1001.5 1265.0
738.0 1001.5 1265.0
738.0 1001.5 1265.0
738.0 1001.5 1265.0
738.0 1001.5 1265.0
