9741.0 10974.5 12208.0
8127.0 9504.0 10881.0
5844.0 6875.0 7906.0
4768.0 5451.5 6135.0
4249.0 4785.0 5321.0
3330.0 4053.5 4777.0
2927.0 3149.5 3372.0
2340.0 2855.5 3371.0
2011.0 2174.5 2338.0
1478.0 1833.0 2188.0
1667.0 1829.5 1992.0
1504.0 1610.5 1717.0
1504.0 1643.0 1782.0
1504.0 1643.0 1782.0
1175.0 1339.5 1504.0
1094.0 1299.0 1504.0
1094.0 1299.0 1504.0
1094.0 1299.0 1504.0
1094.0 1299.0 1504.0
1094.0 1299.0 1504.0
1094.0 1299.0 1504.0
1094.0 1299.0 1504.0
1094.0 1299.0 1504.0
1094.0 1299.0 1504.0
1094.0 1299.0 1504.0
1094.0 1299.0 1504.0
1094.0 1168.5 1243.0
1094.0 1116.5 1139.0
1094.0 1116.5 1139.0
1094.0 1116.5 1139.0
1094.0 1116.5 1139.0
896.0 995.0 1094.0
896.0 995.0 1094.0
896.0 995.0 1094.0
896.0 995.0 1094.0
896.0 995.0 1094.0
896.0 995.0 1094.0
896.0 995.0 1094.0
896.0 995.0 1094.0
896.0 995.0 1094.0
896.0 995.0 1094.0
896.0 995.0 1094.0
896.0 995.0 1094.0
896.0 995.0 1094.0
896.0 995.0 1094.0
896.0 995.0 1094.0
896.0 995.0 1094.0
896.0 995.0 1094.0
896.0 995.0 1094.0
896.0 995.0 1094.0
896.0 995.0 1094.0
896.0 995.0 1094.0
896.0 995.0 1094.0
896.0 995.0 1094.0
896.0 995.0 1094.0
896.0 995.0 1094.0
896.0 995.0 1094.0
896.0 995.0 1094.0
896.0 995.0 1094.0
896.0 995.0 1094.0
896.0 995.0 1094.0
896.0 995.0 1094.0
896.0 995.0 1094.0
896.0 995.0 1094.0
896.0 995.0 1094.0
896.0 995.0 1094.0
896.0 995.0 1094.0
896.0 995.0 1094.0
896.0 995.0 1094.0
896.0 995.0 1094.0
896.0 995.0 1094.0
896.0 995.0 1094.0
896.0 995.0 1094.0
896.0 995.0 1094.0
896.0 995.0 1094.0
896.0 995.0 1094.0
896.0 995.0 1094.0
896.0 995.0 1094.0
896.0 995.0 1094.0
896.0 995.0 1094.0
896.0 995.0 1094.0
896.0 995.0 1094.0
896.0 995.0 1094.0
896.0 995.0 1094.0
896.0 995.0 1094.0
896.0 995.0 1094.0
896.0 995.0 1094.0
896.0 995.0 1094.0
896.0 995.0 1094.0
896.0 995.0 1094.0
896.0 995.0 1094.0
896.0 995.0 1094.0
896.0 995.0 1094.0
896.0 995.0 1094.0
896.0 995.0 1094.0
896.0 995.0 1094.0
896.0 995.0 1094.0
896.0 995.0 1094.0
896.0 995.0 1094.0
896.0 995.0 1094.0
896.0 995.0 1094.0
896.0 995.0 1094.0
896.0 995.0 1094.0
896.0 995.0 1094.0
896.0 995.0 1094.0
896.0 995.0 1094.0
896.0 995.0 1094.0
896.0 995.0 1094.0
896.0 995.0 1094.0
896.0 995.0 1094.0
896.0 995.0 1094.0
896.0 995.0 1094.0
896.0 995.0 1094.0
896.0 995.0 1094.0
896.0 995.0 1094.0
896.0 995.0 1094.0
896.0 995.0 1094.0
896.0 995.0 1094.0
896.0 995.0 1094.0
896.0 995.0 1094.0
896.0 995.0 1094.0
896.0 995.0 1094.0
896.0 995.0 1094.0
896.0 995.0 1094.0
896.0 995.0 1094.0
896.0 995.0 1094.0
896.0 995.0 1094.0
896.0 995.0 1094.0
896.0 995.0 1094.0
896.0 995.0 1094.0
896.0 995.0 1094.0
896.0 995.0 1094.0
896.0 995.0 1094.0
896.0 995.0 1094.0
896.0 995.0 1094.0
896.0 995.0 1094.0
896.0 995.0 1094.0
896.0 995.0 1094.0
896.0 995.0 1094.0
896.0 995.0 1094.0
896.0 995.0 1094.0
896.0 995.0 1094.0
896.0 995.0 1094.0
896.0 995.0 1094.0
896.0 995.0 1094.0
896.0 995.0 1094.0
896.0 995.0 1094.0
896.0 995.0 1094.0
896.0 995.0 1094.0
896.0 995.0 1094.0
896.0 995.0 1094.0
896.0 995.0 1094.0
896.0 995.0 1094.0
896.0 995.0 1094.0
896.0 995.0 1094.0
896.0 995.0 1094.0
896.0 995.0 1094.0
896.0 995.0 1094.0
896.0 995.0 1094.0
896.0 995.0 1094.0
896.0 995.0 1094.0
896.0 995.0 1094.0
896.0 995.0 1094.0
896.0 995.0 1094.0
896.0 995.0 1094.0
896.0 995.0 1094.0
896.0 995.0 1094.0
896.0 995.0 1094.0
896.0 995.0 1094.0
896.0 995.0 1094.0
896.0 995.0 1094.0
896.0 995.0 1094.0
896.0 995.0 1094.0
896.0 995.0 1094.0
896.0 995.0 1094.0
896.0 995.0 1094.0
896.0 995.0 1094.0
896.0 995.0 1094.0
896.0 995.0 1094.0
896.0 995.0 1094.0
896.0 995.0 1094.0
896.0 995.0 1094.0
896.0 995.0 1094.0
896.0 995.0 1094.0
896.0 995.0 1094.0
896.0 995.0 1094.0
896.0 995.0 1094.0
896.0 995.0 1094.0
896.0 995.0 1094.0
896.0 995.0 1094.0
896.0 995.0 1094.0
896.0 995.0 1094.0
896.0 995.0 1094.0
896.0 995.0 1094.0
896.0 995.0 1094.0
896.0 995.0 1094.0
896.0 995.0 1094.0
896.0 995.0 1094.0
896.0 995.0 1094.0
896.0 995.0 1094.0
