10644.0 13376.0 16108.0
11310.0 12199.0 13088.0
9645.0 10119.0 10593.0
7925.0 8149.5 8374.0
7397.0 7758.5 8120.0
4676.0 4955.5 5235.0
3637.0 3922.5 4208.0
3637.0 3856.5 4076.0
2465.0 2859.0 3253.0
2465.0 2859.0 3253.0
1730.0 2491.5 3253.0
1730.0 2491.5 3253.0
1730.0 1864.5 1999.0
1431.0 1580.5 1730.0
1654.0 1692.0 1730.0
1654.0 1692.0 1730.0
1654.0 1692.0 1730.0
1654.0 1692.0 1730.0
1654.0 1692.0 1730.0
1654.0 1692.0 1730.0
1654.0 1692.0 1730.0
1654.0 1692.0 1730.0
1580.0 1617.0 1654.0
1580.0 1617.0 1654.0
1580.0 1617.0 1654.0
1580.0 1617.0 1654.0
1580.0 1617.0 1654.0
1580.0 1617.0 1654.0
1580.0 1617.0 1654.0
1580.0 1617.0 1654.0
1580.0 1617.0 1654.0
1580.0 1617.0 1654.0
1580.0 1617.0 1654.0
1580.0 1617.0 1654.0
1580.0 1617.0 1654.0
1580.0 1617.0 1654.0
1580.0 1617.0 1654.0
1580.0 1617.0 1654.0
1580.0 1617.0 1654.0
1580.0 1617.0 1654.0
1580.0 1617.0 1654.0
1580.0 1617.0 1654.0
1580.0 1617.0 1654.0
1580.0 1617.0 1654.0
1580.0 1617.0 1654.0
1580.0 1617.0 1654.0
1580.0 1617.0 1654.0
1580.0 1617.0 1654.0
1580.0 1617.0 1654.0
1580.0 1617.0 1654.0
1580.0 1617.0 1654.0
1580.0 1617.0 1654.0
1580.0 1617.0 1654.0
1580.0 1617.0 1654.0
1580.0 1617.0 1654.0
1580.0 1617.0 1654.0
1580.0 1617.0 1654.0
1580.0 1617.0 1654.0
1580.0 1617.0 1654.0
1580.0 1617.0 1654.0
1580.0 1617.0 1654.0
1580.0 1617.0 1654.0
1580.0 1617.0 1654.0
1580.0 1617.0 1654.0
1580.0 1617.0 1654.0
1580.0 1617.0 1654.0
1580.0 1617.0 1654.0
1580.0 1617.0 1654.0
1580.0 1617.0 1654.0
1580.0 1617.0 1654.0
1580.0 1617.0 1654.0
1580.0 1617.0 1654.0
1580.0 1617.0 1654.0
1580.0 1617.0 1654.0
1580.0 1617.0 1654.0
1580.0 1617.0 1654.0
1580.0 1617.0 1654.0
1580.0 1617.0 1654.0
1580.0 1617.0 1654.0
1580.0 1617.0 1654.0
1580.0 1617.0 1654.0
1580.0 1617.0 1654.0
1580.0 1617.0 1654.0
1580.0 1617.0 1654.0
1580.0 1617.0 1654.0
1580.0 1617.0 1654.0
1580.0 1617.0 1654.0
1580.0 1617.0 1654.0
1580.0 1617.0 1654.0
1580.0 1617.0 1654.0
1580.0 1617.0 1654.0
1580.0 1617.0 1654.0
1580.0 1617.0 1654.0
1580.0 1617.0 1654.0
1580.0 1617.0 1654.0
1580.0 1617.0 1654.0
1580.0 1617.0 1654.0
1580.0 1617.0 1654.0
1580.0 1617.0 1654.0
1580.0 1617.0 1654.0
1580.0 1617.0 1654.0
1580.0 1617.0 1654.0
1580.0 1617.0 1654.0
1580.0 1617.0 1654.0
1580.0 1617.0 1654.0
1580.0 1617.0 1654.0
1580.0 1617.0 1654.0
1580.0 1617.0 1654.0
1580.0 1617.0 1654.0
1580.0 1617.0 1654.0
1580.0 1617.0 1654.0
1580.0 1617.0 1654.0
1580.0 1617.0 1654.0
1580.0 1617.0 1654.0
1580.0 1617.0 1654.0
1580.0 1617.0 1654.0
1580.0 1617.0 1654.0
1580.0 1617.0 1654.0
1580.0 1617.0 1654.0
1580.0 1617.0 1654.0
1580.0 1617.0 1654.0
1580.0 1617.0 1654.0
1580.0 1617.0 1654.0
1580.0 1617.0 1654.0
1580.0 1617.0 1654.0
1580.0 1617.0 1654.0
1580.0 1617.0 1654.0
1580.0 1617.0 1654.0
1580.0 1617.0 1654.0
1580.0 1617.0 1654.0
1580.0 1617.0 1654.0
1580.0 1617.0 1654.0
1580.0 1617.0 1654.0
1580.0 1617.0 1654.0
1580.0 1617.0 1654.0
1580.0 1617.0 1654.0
1580.0 1617.0 1654.0
1580.0 1617.0 1654.0
1580.0 1617.0 1654.0
1580.0 1617.0 1654.0
1580.0 1617.0 1654.0
1580.0 1617.0 1654.0
1580.0 1617.0 1654.0
1580.0 1617.0 1654.0
1580.0 1617.0 1654.0
1580.0 1617.0 1654.0
1580.0 1617.0 1654.0
1580.0 1617.0 1654.0
1580.0 1617.0 1654.0
1580.0 1617.0 1654.0
1580.0 1617.0 1654.0
1580.0 1617.0 1654.0
1580.0 1617.0 1654.0
1580.0 1617.0 1654.0
1580.0 1617.0 1654.0
1580.0 1617.0 1654.0
1580.0 1617.0 1654.0
1580.0 1617.0 1654.0
1580.0 1617.0 1654.0
1479.0 1529.5 1580.0
1479.0 1529.5 1580.0
1479.0 1529.5 1580.0
1479.0 1529.5 1580.0
1479.0 1529.5 1580.0
1479.0 1529.5 1580.0
1479.0 1529.5 1580.0
1479.0 1529.5 1580.0
1479.0 1529.5 1580.0
1479.0 1529.5 1580.0
1479.0 1529.5 1580.0
1479.0 1529.5 1580.0
1479.0 1529.5 1580.0
1479.0 1529.5 1580.0
1479.0 1529.5 1580.0
1479.0 1529.5 1580.0
1479.0 1529.5 1580.0
1479.0 1529.5 1580.0
1479.0 1529.5 1580.0
1479.0 1529.5 1580.0
1479.0 1529.5 1580.0
1479.0 1529.5 1580.0
1479.0 1529.5 1580.0
1479.0 1529.5 1580.0
1479.0 1529.5 1580.0
1479.0 1529.5 1580.0
1479.0 1529.5 1580.0
1479.0 1529.5 1580.0
1479.0 1529.5 1580.0
1479.0 1529.5 1580.0
1479.0 1529.5 1580.0
1479.0 1529.5 1580.0
1479.0 1529.5 1580.0
1479.0 1529.5 1580.0
1479.0 1529.5 1580.0
1479.0 1529.5 1580.0
1479.0 1529.5 1580.0
1479.0 1529.5 1580.0
1479.0 1529.5 1580.0
1479.0 1529.5 1580.0
1479.0 1529.5 1580.0
