11332.0 13535.0 15738.0
11507.0 11617.5 11728.0
9267.0 9965.5 10664.0
7223.0 7478.0 7733.0
5438.0 6357.5 7277.0
5176.0 5395.5 5615.0
5019.0 5317.0 5615.0
2921.0 3479.0 4037.0
2511.0 2644.5 2778.0
2511.0 2644.5 2778.0
2289.0 2533.5 2778.0
2289.0 2533.5 2778.0
2289.0 2533.5 2778.0
2289.0 2533.5 2778.0
2130.0 2209.5 2289.0
1765.0 2027.0 2289.0
940.0 1614.5 2289.0
940.0 1614.5 2289.0
940.0 1614.5 2289.0
940.0 1614.5 2289.0
940.0 1614.5 2289.0
940.0 1614.5 2289.0
940.0 1614.5 2289.0
940.0 1614.5 2289.0
940.0 1614.5 2289.0
940.0 1614.5 2289.0
940.0 1614.5 2289.0
940.0 1614.5 2289.0
940.0 1614.5 2289.0
940.0 1614.5 2289.0
940.0 1614.5 2289.0
940.0 1614.5 2289.0
940.0 1614.5 2289.0
940.0 1614.5 2289.0
940.0 1614.5 2289.0
940.0 1614.5 2289.0
940.0 1614.5 2289.0
940.0 1614.5 2289.0
940.0 1614.5 2289.0
940.0 1338.0 1736.0
940.0 1209.5 1479.0
940.0 1209.5 1479.0
940.0 1209.5 1479.0
940.0 1209.5 1479.0
940.0 1209.5 1479.0
940.0 1209.5 1479.0
940.0 1209.5 1479.0
940.0 1209.5 1479.0
940.0 1209.5 1479.0
940.0 1209.5 1479.0
940.0 1209.5 1479.0
940.0 1209.5 1479.0
940.0 1209.5 1479.0
940.0 1209.5 1479.0
940.0 1209.5 1479.0
940.0 1209.5 1479.0
940.0 1209.5 1479.0
940.0 1209.5 1479.0
940.0 1209.5 1479.0
940.0 1209.5 1479.0
940.0 1209.5 1479.0
940.0 1209.5 1479.0
940.0 1209.5 1479.0
940.0 1209.5 1479.0
940.0 1209.5 1479.0
940.0 1209.5 1479.0
940.0 1209.5 1479.0
940.0 1209.5 1479.0
940.0 1209.5 1479.0
940.0 1209.5 1479.0
940.0 1209.5 1479.0
940.0 1209.5 1479.0
940.0 1209.5 1479.0
940.0 1209.5 1479.0
940.0 1209.5 1479.0
940.0 1209.5 1479.0
940.0 1209.5 1479.0
940.0 1209.5 1479.0
940.0 1209.5 1479.0
940.0 1209.5 1479.0
940.0 1209.5 1479.0
940.0 1209.5 1479.0
940.0 1209.5 1479.0
940.0 1209.5 1479.0
940.0 1209.5 1479.0
940.0 1209.5 1479.0
940.0 1209.5 1479.0
940.0 1209.5 1479.0
940.0 1209.5 1479.0
940.0 1209.5 1479.0
940.0 1209.5 1479.0
940.0 1209.5 1479.0
940.0 1209.5 1479.0
940.0 1209.5 1479.0
940.0 1209.5 1479.0
940.0 1209.5 1479.0
940.0 1209.5 1479.0
940.0 1209.5 1479.0
940.0 1209.5 1479.0
940.0 1209.5 1479.0
940.0 1209.5 1479.0
940.0 1209.5 1479.0
940.0 1209.5 1479.0
940.0 1209.5 1479.0
940.0 1209.5 1479.0
940.0 1209.5 1479.0
940.0 1209.5 1479.0
940.0 1209.5 1479.0
940.0 1209.5 1479.0
940.0 1209.5 1479.0
940.0 1209.5 1479.0
940.0 1209.5 1479.0
940.0 1209.5 1479.0
940.0 1209.5 1479.0
940.0 1209.5 1479.0
940.0 1209.5 1479.0
940.0 1209.5 1479.0
940.0 1209.5 1479.0
940.0 1209.5 1479.0
940.0 1209.5 1479.0
940.0 1209.5 1479.0
940.0 1209.5 1479.0
940.0 1209.5 1479.0
940.0 1209.5 1479.0
940.0 1209.5 1479.0
940.0 1209.5 1479.0
940.0 1209.5 1479.0
940.0 1209.5 1479.0
940.0 1209.5 1479.0
940.0 1209.5 1479.0
940.0 1209.5 1479.0
940.0 1384.0 1828.0
940.0 1087.0 1234.0
940.0 1087.0 1234.0
940.0 1087.0 1234.0
940.0 1087.0 1234.0
940.0 1087.0 1234.0
940.0 1087.0 1234.0
940.0 1087.0 1234.0
940.0 1087.0 1234.0
940.0 1087.0 1234.0
940.0 1087.0 1234.0
940.0 1087.0 1234.0
940.0 1087.0 1234.0
940.0 1087.0 1234.0
940.0 1087.0 1234.0
940.0 1087.0 1234.0
940.0 1087.0 1234.0
940.0 1087.0 1234.0
940.0 1087.0 1234.0
940.0 1087.0 1234.0
940.0 1087.0 1234.0
940.0 1087.0 1234.0
940.0 1087.0 1234.0
940.0 1087.0 1234.0
940.0 1087.0 1234.0
940.0 1087.0 1234.0
940.0 1087.0 1234.0
940.0 1087.0 1234.0
940.0 1087.0 1234.0
940.0 1087.0 1234.0
940.0 1087.0 1234.0
940.0 1087.0 1234.0
940.0 1087.0 1234.0
940.0 1087.0 1234.0
940.0 1087.0 1234.0
940.0 1087.0 1234.0
940.0 1087.0 1234.0
940.0 1087.0 1234.0
940.0 1087.0 1234.0
940.0 1087.0 1234.0
940.0 1087.0 1234.0
940.0 1087.0 1234.0
940.0 1087.0 1234.0
940.0 1087.0 1234.0
940.0 1087.0 1234.0
940.0 1087.0 1234.0
940.0 1087.0 1234.0
940.0 1087.0 1234.0
940.0 1087.0 1234.0
940.0 1087.0 1234.0
940.0 1087.0 1234.0
940.0 1087.0 1234.0
940.0 1087.0 1234.0
940.0 1087.0 1234.0
940.0 1087.0 1234.0
940.0 1087.0 1234.0
940.0 1087.0 1234.0
940.0 1087.0 1234.0
940.0 1087.0 1234.0
940.0 1087.0 1234.0
940.0 1087.0 1234.0
940.0 1087.0 1234.0
940.0 1087.0 1234.0
940.0 1087.0 1234.0
940.0 1087.0 1234.0
940.0 1087.0 1234.0
940.0 1087.0 1234.0
940.0 1087.0 1234.0
940.0 1087.0 1234.0
