15299.0 17206.0 19113.0
13114.0 14545.0 15976.0
10116.0 10284.5 10453.0
9425.0 9685.0 9945.0
7916.0 8059.5 8203.0
6843.0 7041.5 7240.0
5647.0 5850.0 6053.0
4962.0 5243.5 5525.0
3067.0 4134.5 5202.0
3067.0 4134.5 5202.0
3067.0 3485.5 3904.0
3290.0 3462.0 3634.0
2692.0 2786.5 2881.0
2692.0 2786.5 2881.0
2881.0 2935.0 2989.0
2601.0 2741.0 2881.0
2601.0 2741.0 2881.0
2455.0 2528.0 2601.0
2455.0 2528.0 2601.0
2455.0 2528.0 2601.0
2455.0 2528.0 2601.0
2455.0 2528.0 2601.0
2455.0 2528.0 2601.0
2455.0 2528.0 2601.0
2455.0 2528.0 2601.0
2455.0 2528.0 2601.0
2455.0 2528.0 2601.0
2455.0 2528.0 2601.0
2455.0 2528.0 2601.0
2455.0 2528.0 2601.0
2455.0 2528.0 2601.0
2455.0 2528.0 2601.0
2455.0 2528.0 2601.0
2455.0 2528.0 2601.0
2455.0 2528.0 2601.0
2455.0 2528.0 2601.0
2455.0 2561.0 2667.0
2455.0 2561.0 2667.0
2455.0 2561.0 2667.0
2455.0 2561.0 2667.0
2455.0 2561.0 2667.0
2455.0 2561.0 2667.0
2007.0 2231.0 2455.0
2455.0 2561.0 2667.0
1706.0 2080.5 2455.0
1706.0 2080.5 2455.0
1706.0 2080.5 2455.0
1706.0 2080.5 2455.0
1706.0 2080.5 2455.0
1706.0 2080.5 2455.0
1706.0 2080.5 2455.0
1706.0 2080.5 2455.0
1706.0 2080.5 2455.0
1706.0 2080.5 2455.0
1706.0 2080.5 2455.0
1706.0 2080.5 2455.0
1706.0 2080.5 2455.0
1706.0 2080.5 2455.0
1706.0 2080.5 2455.0
1706.0 2080.5 2455.0
1706.0 2080.5 2455.0
1706.0 2080.5 2455.0
1706.0 2080.5 2455.0
1706.0 2058.5 2411.0
1706.0 2058.5 2411.0
1706.0 2058.5 2411.0
1706.0 2058.5 2411.0
1706.0 2058.5 2411.0
1706.0 2058.5 2411.0
1706.0 2058.5 2411.0
1706.0 2058.5 2411.0
1706.0 2058.5 2411.0
1706.0 2058.5 2411.0
1706.0 2058.5 2411.0
1706.0 2058.5 2411.0
1706.0 2058.5 2411.0
1706.0 2058.5 2411.0
1706.0 2058.5 2411.0
1706.0 2058.5 2411.0
1706.0 2058.5 2411.0
1706.0 1817.0 1928.0
1706.0 1817.0 1928.0
1706.0 1817.0 1928.0
1706.0 1817.0 1928.0
1706.0 1817.0 1928.0
1706.0 1817.0 1928.0
1706.0 1817.0 1928.0
1706.0 1817.0 1928.0
1706.0 1817.0 1928.0
1706.0 1817.0 1928.0
1706.0 1817.0 1928.0
1706.0 1817.0 1928.0
1706.0 1817.0 1928.0
1706.0 1817.0 1928.0
1706.0 1817.0 1928.0
1706.0 1817.0 1928.0
1706.0 1817.0 1928.0
1706.0 1817.0 1928.0
1706.0 1817.0 1928.0
1706.0 1817.0 1928.0
1706.0 1817.0 1928.0
1706.0 1817.0 1928.0
1706.0 1817.0 1928.0
1706.0 1817.0 1928.0
1706.0 1817.0 1928.0
1706.0 1817.0 1928.0
1706.0 1817.0 1928.0
1706.0 1817.0 1928.0
1706.0 1817.0 1928.0
1706.0 1817.0 1928.0
1706.0 1817.0 1928.0
1706.0 1817.0 1928.0
1706.0 1817.0 1928.0
1706.0 1817.0 1928.0
1706.0 1817.0 1928.0
1706.0 1817.0 1928.0
1706.0 1817.0 1928.0
1706.0 1817.0 1928.0
1706.0 1817.0 1928.0
1706.0 1817.0 1928.0
1706.0 1817.0 1928.0
1706.0 1817.0 1928.0
1706.0 1817.0 1928.0
1706.0 1817.0 1928.0
1706.0 1817.0 1928.0
1706.0 1817.0 1928.0
1706.0 1817.0 1928.0
1706.0 1817.0 1928.0
1706.0 1817.0 1928.0
1706.0 1817.0 1928.0
1706.0 1817.0 1928.0
1706.0 1817.0 1928.0
1706.0 1817.0 1928.0
1706.0 1817.0 1928.0
1706.0 1817.0 1928.0
1706.0 1817.0 1928.0
1706.0 1817.0 1928.0
1706.0 1817.0 1928.0
1706.0 1817.0 1928.0
1706.0 1817.0 1928.0
1706.0 1817.0 1928.0
1706.0 1817.0 1928.0
1706.0 1817.0 1928.0
1706.0 1817.0 1928.0
1706.0 1817.0 1928.0
1706.0 1817.0 1928.0
1706.0 1817.0 1928.0
1706.0 1817.0 1928.0
1706.0 1817.0 1928.0
1706.0 1817.0 1928.0
1706.0 1817.0 1928.0
1706.0 1817.0 1928.0
1706.0 1817.0 1928.0
1706.0 1817.0 1928.0
1706.0 1817.0 1928.0
1706.0 1817.0 1928.0
1706.0 1817.0 1928.0
1706.0 1817.0 1928.0
1706.0 1817.0 1928.0
1706.0 1817.0 1928.0
1706.0 1817.0 1928.0
1706.0 1817.0 1928.0
1706.0 1817.0 1928.0
1706.0 1817.0 1928.0
1706.0 1817.0 1928.0
1706.0 1817.0 1928.0
1706.0 1817.0 1928.0
1706.0 1817.0 1928.0
1706.0 1817.0 1928.0
1706.0 1817.0 1928.0
1706.0 1817.0 1928.0
1706.0 1817.0 1928.0
1706.0 1817.0 1928.0
1706.0 1817.0 1928.0
1706.0 1817.0 1928.0
1706.0 1817.0 1928.0
1706.0 1817.0 1928.0
1706.0 1817.0 1928.0
1706.0 1817.0 1928.0
1706.0 1817.0 1928.0
1706.0 1817.0 1928.0
1706.0 1817.0 1928.0
1706.0 1817.0 1928.0
1706.0 1817.0 1928.0
1706.0 1817.0 1928.0
1706.0 1817.0 1928.0
1706.0 1817.0 1928.0
1706.0 1817.0 1928.0
1706.0 1817.0 1928.0
1706.0 1817.0 1928.0
1706.0 1817.0 1928.0
1706.0 1817.0 1928.0
1706.0 1817.0 1928.0
1706.0 1817.0 1928.0
1706.0 1817.0 1928.0
1706.0 1817.0 1928.0
1706.0 1817.0 1928.0
1706.0 1817.0 1928.0
1706.0 1817.0 1928.0
1706.0 1817.0 1928.0
