10427.0 12658.5 14890.0
10792.0 10864.0 10936.0
6074.0 7888.5 9703.0
3683.0 5532.5 7382.0
3463.0 4896.5 6330.0
4028.0 5179.0 6330.0
4028.0 4850.5 5673.0
3938.0 3983.0 4028.0
3173.0 3555.5 3938.0
3173.0 3555.5 3938.0
3173.0 3555.5 3938.0
3173.0 3555.5 3938.0
3173.0 3555.5 3938.0
2477.0 2825.0 3173.0
2477.0 2624.0 2771.0
2415.0 2446.0 2477.0
2415.0 2446.0 2477.0
2415.0 2446.0 2477.0
2415.0 2446.0 2477.0
2415.0 2461.5 2508.0
1702.0 2058.5 2415.0
1702.0 2058.5 2415.0
1702.0 2058.5 2415.0
2300.0 2357.5 2415.0
1526.0 1970.5 2415.0
1526.0 1970.5 2415.0
1526.0 1970.5 2415.0
1526.0 1970.5 2415.0
1526.0 1970.5 2415.0
1526.0 1970.5 2415.0
1526.0 1970.5 2415.0
1526.0 1970.5 2415.0
1526.0 1970.5 2415.0
1526.0 1970.5 2415.0
1526.0 1970.5 2415.0
1526.0 1805.0 2084.0
1266.0 1396.0 1526.0
1266.0 1396.0 1526.0
1266.0 1396.0 1526.0
1266.0 1396.0 1526.0
1266.0 1396.0 1526.0
1266.0 1396.0 1526.0
1266.0 1396.0 1526.0
1266.0 1396.0 1526.0
1266.0 1396.0 1526.0
1266.0 1396.0 1526.0
1266.0 1396.0 1526.0
1266.0 1396.0 1526.0
1266.0 1396.0 1526.0
1266.0 1396.0 1526.0
1266.0 1396.0 1526.0
1266.0 1396.0 1526.0
1266.0 1396.0 1526.0
1266.0 1396.0 1526.0
1266.0 1396.0 1526.0
1266.0 1396.0 1526.0
1266.0 1396.0 1526.0
1266.0 1396.0 1526.0
1266.0 1396.0 1526.0
1266.0 1396.0 1526.0
1266.0 1396.0 1526.0
1266.0 1396.0 1526.0
1266.0 1396.0 1526.0
1266.0 1396.0 1526.0
1266.0 1396.0 1526.0
1266.0 1396.0 1526.0
1266.0 1396.0 1526.0
1266.0 1396.0 1526.0
1266.0 1396.0 1526.0
1266.0 1396.0 1526.0
1266.0 1396.0 1526.0
1266.0 1396.0 1526.0
1266.0 1396.0 1526.0
1266.0 1396.0 1526.0
1266.0 1396.0 1526.0
1266.0 1396.0 1526.0
1266.0 1396.0 1526.0
1266.0 1396.0 1526.0
1266.0 1396.0 1526.0
1266.0 1396.0 1526.0
1266.0 1396.0 1526.0
1266.0 1396.0 1526.0
1266.0 1396.0 1526.0
1266.0 1396.0 1526.0
1266.0 1396.0 1526.0
1266.0 1396.0 1526.0
1266.0 1396.0 1526.0
1266.0 1396.0 1526.0
1266.0 1396.0 1526.0
1266.0 1396.0 1526.0
1266.0 1396.0 1526.0
1266.0 1396.0 1526.0
1266.0 1396.0 1526.0
1266.0 1396.0 1526.0
1266.0 1396.0 1526.0
1266.0 1396.0 1526.0
1266.0 1396.0 1526.0
1266.0 1396.0 1526.0
1266.0 1396.0 1526.0
1266.0 1396.0 1526.0
1266.0 1396.0 1526.0
1266.0 1396.0 1526.0
1266.0 1396.0 1526.0
1266.0 1396.0 1526.0
1266.0 1396.0 1526.0
1266.0 1396.0 1526.0
1266.0 1396.0 1526.0
1266.0 1396.0 1526.0
1266.0 1396.0 1526.0
1266.0 1396.0 1526.0
1266.0 1396.0 1526.0
1266.0 1396.0 1526.0
1266.0 1396.0 1526.0
1266.0 1396.0 1526.0
1266.0 1396.0 1526.0
1266.0 1396.0 1526.0
1266.0 1396.0 1526.0
1266.0 1396.0 1526.0
1266.0 1396.0 1526.0
1266.0 1396.0 1526.0
1266.0 1396.0 1526.0
1266.0 1396.0 1526.0
1266.0 1396.0 1526.0
1266.0 1396.0 1526.0
1266.0 1396.0 1526.0
1266.0 1396.0 1526.0
1266.0 1396.0 1526.0
1266.0 1396.0 1526.0
1266.0 1396.0 1526.0
1266.0 1396.0 1526.0
1266.0 1396.0 1526.0
1266.0 1396.0 1526.0
1266.0 1396.0 1526.0
1266.0 1396.0 1526.0
1266.0 1396.0 1526.0
1266.0 1396.0 1526.0
1266.0 1396.0 1526.0
1266.0 1396.0 1526.0
1266.0 1396.0 1526.0
1266.0 1396.0 1526.0
1266.0 1396.0 1526.0
1266.0 1396.0 1526.0
1266.0 1396.0 1526.0
1266.0 1396.0 1526.0
1266.0 1396.0 1526.0
1266.0 1396.0 1526.0
1266.0 1396.0 1526.0
1266.0 1396.0 1526.0
1266.0 1396.0 1526.0
1266.0 1396.0 1526.0
1266.0 1396.0 1526.0
1266.0 1396.0 1526.0
1266.0 1396.0 1526.0
1266.0 1396.0 1526.0
1266.0 1396.0 1526.0
1266.0 1396.0 1526.0
1266.0 1396.0 1526.0
1266.0 1396.0 1526.0
1266.0 1396.0 1526.0
1266.0 1396.0 1526.0
1266.0 1396.0 1526.0
1266.0 1396.0 1526.0
1266.0 1396.0 1526.0
1266.0 1396.0 1526.0
1266.0 1396.0 1526.0
1266.0 1396.0 1526.0
1266.0 1396.0 1526.0
1266.0 1396.0 1526.0
1266.0 1396.0 1526.0
1266.0 1396.0 1526.0
1266.0 1396.0 1526.0
1266.0 1396.0 1526.0
1266.0 1396.0 1526.0
1266.0 1396.0 1526.0
1266.0 1396.0 1526.0
1266.0 1396.0 1526.0
1266.0 1396.0 1526.0
1266.0 1396.0 1526.0
1266.0 1396.0 1526.0
1266.0 1396.0 1526.0
1266.0 1396.0 1526.0
1266.0 1396.0 1526.0
1266.0 1396.0 1526.0
1266.0 1396.0 1526.0
1266.0 1396.0 1526.0
1266.0 1396.0 1526.0
1266.0 1396.0 1526.0
1266.0 1396.0 1526.0
1266.0 1396.0 1526.0
1266.0 1396.0 1526.0
1266.0 1396.0 1526.0
1266.0 1396.0 1526.0
1266.0 1396.0 1526.0
1266.0 1396.0 1526.0
1266.0 1396.0 1526.0
1266.0 1396.0 1526.0
1266.0 1396.0 1526.0
1266.0 1396.0 1526.0
1266.0 1396.0 1526.0
1266.0 1396.0 1526.0
