12072.0 13437.0 14802.0
11145.0 11597.0 12049.0
7022.0 8257.5 9493.0
6030.0 7062.0 8094.0
3051.0 4421.5 5792.0
3051.0 4073.0 5095.0
3051.0 3875.0 4699.0
3051.0 3874.0 4697.0
3051.0 3170.0 3289.0
2948.0 2999.5 3051.0
1577.0 2314.0 3051.0
1577.0 2314.0 3051.0
1577.0 2314.0 3051.0
1577.0 2314.0 3051.0
1577.0 2314.0 3051.0
1577.0 2314.0 3051.0
1577.0 2314.0 3051.0
1577.0 2314.0 3051.0
1577.0 2314.0 3051.0
1577.0 2314.0 3051.0
1577.0 2314.0 3051.0
1577.0 2314.0 3051.0
1577.0 1943.0 2309.0
1577.0 1644.0 1711.0
1577.0 1644.0 1711.0
1577.0 1644.0 1711.0
1577.0 1644.0 1711.0
1577.0 1644.0 1711.0
1577.0 1644.0 1711.0
1577.0 1644.0 1711.0
1577.0 1644.0 1711.0
1577.0 1644.0 1711.0
1495.0 1536.0 1577.0
1061.0 1319.0 1577.0
1061.0 1319.0 1577.0
1061.0 1319.0 1577.0
1061.0 1319.0 1577.0
1061.0 1319.0 1577.0
1061.0 1319.0 1577.0
1061.0 1319.0 1577.0
1061.0 1319.0 1577.0
1061.0 1319.0 1577.0
1061.0 1319.0 1577.0
1061.0 1319.0 1577.0
1061.0 1319.0 1577.0
1061.0 1319.0 1577.0
1061.0 1319.0 1577.0
1061.0 1319.0 1577.0
1061.0 1395.0 1729.0
1061.0 1395.0 1729.0
1061.0 1395.0 1729.0
1061.0 1395.0 1729.0
1061.0 1395.0 1729.0
1061.0 1395.0 1729.0
1061.0 1395.0 1729.0
1061.0 1395.0 1729.0
1061.0 1395.0 1729.0
1061.0 1395.0 1729.0
1061.0 1395.0 1729.0
1061.0 1395.0 1729.0
1061.0 1395.0 1729.0
1061.0 1395.0 1729.0
1061.0 1395.0 1729.0
1061.0 1395.0 1729.0
1061.0 1395.0 1729.0
1061.0 1395.0 1729.0
1061.0 1395.0 1729.0
1061.0 1395.0 1729.0
1061.0 1395.0 1729.0
1061.0 1395.0 1729.0
1061.0 1395.0 1729.0
1061.0 1395.0 1729.0
1061.0 1395.0 1729.0
1061.0 1395.0 1729.0
1061.0 1395.0 1729.0
1061.0 1395.0 1729.0
1061.0 1395.0 1729.0
1061.0 1395.0 1729.0
1061.0 1395.0 1729.0
1061.0 1395.0 1729.0
1061.0 1395.0 1729.0
1061.0 1395.0 1729.0
1061.0 1395.0 1729.0
1061.0 1395.0 1729.0
1061.0 1395.0 1729.0
1061.0 1395.0 1729.0
1061.0 1395.0 1729.0
1061.0 1395.0 1729.0
1061.0 1395.0 1729.0
1061.0 1395.0 1729.0
1061.0 1395.0 1729.0
1061.0 1395.0 1729.0
1061.0 1395.0 1729.0
1061.0 1395.0 1729.0
1061.0 1395.0 1729.0
1061.0 1395.0 1729.0
1061.0 1395.0 1729.0
1061.0 1395.0 1729.0
1061.0 1395.0 1729.0
1061.0 1395.0 1729.0
1061.0 1395.0 1729.0
1061.0 1395.0 1729.0
1061.0 1395.0 1729.0
1061.0 1395.0 1729.0
1061.0 1395.0 1729.0
1061.0 1395.0 1729.0
1061.0 1395.0 1729.0
1061.0 1395.0 1729.0
1061.0 1395.0 1729.0
1061.0 1395.0 1729.0
1061.0 1395.0 1729.0
1061.0 1395.0 1729.0
1061.0 1395.0 1729.0
1061.0 1395.0 1729.0
1061.0 1395.0 1729.0
1061.0 1395.0 1729.0
1061.0 1395.0 1729.0
1061.0 1395.0 1729.0
1061.0 1395.0 1729.0
1061.0 1395.0 1729.0
1061.0 1395.0 1729.0
1061.0 1395.0 1729.0
1061.0 1395.0 1729.0
1061.0 1395.0 1729.0
1061.0 1395.0 1729.0
1061.0 1395.0 1729.0
1061.0 1395.0 1729.0
1061.0 1395.0 1729.0
1061.0 1395.0 1729.0
1061.0 1395.0 1729.0
1061.0 1395.0 1729.0
1061.0 1395.0 1729.0
1061.0 1395.0 1729.0
1061.0 1395.0 1729.0
1061.0 1395.0 1729.0
1061.0 1395.0 1729.0
1061.0 1395.0 1729.0
1061.0 1395.0 1729.0
1061.0 1395.0 1729.0
1061.0 1395.0 1729.0
1061.0 1395.0 1729.0
1061.0 1395.0 1729.0
1061.0 1395.0 1729.0
1061.0 1395.0 1729.0
1061.0 1395.0 1729.0
1061.0 1395.0 1729.0
1061.0 1395.0 1729.0
1061.0 1395.0 1729.0
1061.0 1395.0 1729.0
1061.0 1395.0 1729.0
1061.0 1395.0 1729.0
1061.0 1395.0 1729.0
1061.0 1395.0 1729.0
1061.0 1395.0 1729.0
1061.0 1395.0 1729.0
1061.0 1395.0 1729.0
1061.0 1395.0 1729.0
1061.0 1395.0 1729.0
1061.0 1395.0 1729.0
1061.0 1395.0 1729.0
1061.0 1395.0 1729.0
1061.0 1395.0 1729.0
1061.0 1395.0 1729.0
1061.0 1395.0 1729.0
1061.0 1395.0 1729.0
1061.0 1395.0 1729.0
1061.0 1395.0 1729.0
1061.0 1395.0 1729.0
1061.0 1395.0 1729.0
1061.0 1395.0 1729.0
1061.0 1395.0 1729.0
1061.0 1395.0 1729.0
1061.0 1395.0 1729.0
1061.0 1395.0 1729.0
1061.0 1395.0 1729.0
1061.0 1395.0 1729.0
1061.0 1395.0 1729.0
1061.0 1395.0 1729.0
1061.0 1395.0 1729.0
1061.0 1395.0 1729.0
1061.0 1395.0 1729.0
1061.0 1395.0 1729.0
1061.0 1395.0 1729.0
1061.0 1395.0 1729.0
1061.0 1395.0 1729.0
1061.0 1395.0 1729.0
1061.0 1395.0 1729.0
1061.0 1395.0 1729.0
1061.0 1395.0 1729.0
1061.0 1395.0 1729.0
1061.0 1395.0 1729.0
1061.0 1395.0 1729.0
1061.0 1395.0 1729.0
1061.0 1395.0 1729.0
1061.0 1395.0 1729.0
1061.0 1395.0 1729.0
1061.0 1395.0 1729.0
1061.0 1395.0 1729.0
1061.0 1395.0 1729.0
1061.0 1395.0 1729.0
