12724.0 13785.0 14846.0
9808.0 10564.0 11320.0
10326.0 11096.0 11866.0
7888.0 8204.5 8521.0
4208.0 6639.5 9071.0
4208.0 5510.0 6812.0
3140.0 4728.0 6316.0
3140.0 4371.5 5603.0
3140.0 4247.5 5355.0
2693.0 3899.5 5106.0
2238.0 2418.5 2599.0
2238.0 2418.5 2599.0
2238.0 2418.5 2599.0
2238.0 2418.5 2599.0
2260.0 2301.0 2342.0
1698.0 1979.0 2260.0
1698.0 1979.0 2260.0
1698.0 1979.0 2260.0
1698.0 1979.0 2260.0
1698.0 1979.0 2260.0
1698.0 1979.0 2260.0
1698.0 1979.0 2260.0
1698.0 1979.0 2260.0
1698.0 1979.0 2260.0
1698.0 1748.0 1798.0
1698.0 1724.0 1750.0
1698.0 1724.0 1750.0
1698.0 1724.0 1750.0
1698.0 1724.0 1750.0
1698.0 1724.0 1750.0
1698.0 1724.0 1750.0
1698.0 1724.0 1750.0
1698.0 1724.0 1750.0
1698.0 1724.0 1750.0
1698.0 1724.0 1750.0
1698.0 1724.0 1750.0
1698.0 1724.0 1750.0
1698.0 1724.0 1750.0
1698.0 1724.0 1750.0
1698.0 1724.0 1750.0
1698.0 1724.0 1750.0
1698.0 1724.0 1750.0
1698.0 1724.0 1750.0
1698.0 1724.0 1750.0
1698.0 1724.0 1750.0
1698.0 1724.0 1750.0
1698.0 1724.0 1750.0
1698.0 1724.0 1750.0
1698.0 1724.0 1750.0
1698.0 1724.0 1750.0
1698.0 1724.0 1750.0
1698.0 1724.0 1750.0
1698.0 1724.0 1750.0
1698.0 1724.0 1750.0
1358.0 1528.0 1698.0
1358.0 1528.0 1698.0
1358.0 1528.0 1698.0
1358.0 1528.0 1698.0
1358.0 1528.0 1698.0
1358.0 1528.0 1698.0
1358.0 1528.0 1698.0
1358.0 1528.0 1698.0
1358.0 1528.0 1698.0
1358.0 1528.0 1698.0
1358.0 1528.0 1698.0
1358.0 1528.0 1698.0
1358.0 1528.0 1698.0
1358.0 1528.0 1698.0
1358.0 1528.0 1698.0
1358.0 1528.0 1698.0
1358.0 1528.0 1698.0
1358.0 1528.0 1698.0
1358.0 1528.0 1698.0
1358.0 1528.0 1698.0
1358.0 1528.0 1698.0
1358.0 1528.0 1698.0
1358.0 1528.0 1698.0
1358.0 1528.0 1698.0
1358.0 1528.0 1698.0
1358.0 1528.0 1698.0
1358.0 1528.0 1698.0
1358.0 1528.0 1698.0
1358.0 1528.0 1698.0
1358.0 1528.0 1698.0
1358.0 1528.0 1698.0
1358.0 1528.0 1698.0
1358.0 1528.0 1698.0
1358.0 1528.0 1698.0
1358.0 1528.0 1698.0
1358.0 1528.0 1698.0
1358.0 1528.0 1698.0
1358.0 1528.0 1698.0
1358.0 1528.0 1698.0
1358.0 1528.0 1698.0
1358.0 1528.0 1698.0
1358.0 1528.0 1698.0
1358.0 1528.0 1698.0
1358.0 1528.0 1698.0
1358.0 1528.0 1698.0
1358.0 1528.0 1698.0
1358.0 1528.0 1698.0
1358.0 1528.0 1698.0
1358.0 1528.0 1698.0
1358.0 1528.0 1698.0
1358.0 1528.0 1698.0
1358.0 1528.0 1698.0
1358.0 1528.0 1698.0
1358.0 1528.0 1698.0
1358.0 1528.0 1698.0
1358.0 1528.0 1698.0
1358.0 1528.0 1698.0
1358.0 1528.0 1698.0
1358.0 1528.0 1698.0
1358.0 1528.0 1698.0
1358.0 1528.0 1698.0
1358.0 1528.0 1698.0
1358.0 1528.0 1698.0
1358.0 1528.0 1698.0
1358.0 1528.0 1698.0
1358.0 1528.0 1698.0
1358.0 1528.0 1698.0
1358.0 1528.0 1698.0
1358.0 1528.0 1698.0
1358.0 1528.0 1698.0
1358.0 1528.0 1698.0
1358.0 1528.0 1698.0
1358.0 1528.0 1698.0
1358.0 1528.0 1698.0
1358.0 1528.0 1698.0
1358.0 1528.0 1698.0
1358.0 1528.0 1698.0
1358.0 1528.0 1698.0
1358.0 1528.0 1698.0
1358.0 1528.0 1698.0
1358.0 1528.0 1698.0
1358.0 1528.0 1698.0
1358.0 1528.0 1698.0
1358.0 1528.0 1698.0
1358.0 1528.0 1698.0
1358.0 1528.0 1698.0
1358.0 1528.0 1698.0
1358.0 1528.0 1698.0
1358.0 1528.0 1698.0
1358.0 1528.0 1698.0
1358.0 1528.0 1698.0
1358.0 1528.0 1698.0
1358.0 1528.0 1698.0
1358.0 1528.0 1698.0
1358.0 1528.0 1698.0
1358.0 1528.0 1698.0
1358.0 1528.0 1698.0
1358.0 1528.0 1698.0
1358.0 1528.0 1698.0
1358.0 1528.0 1698.0
1358.0 1528.0 1698.0
1358.0 1528.0 1698.0
1358.0 1528.0 1698.0
1358.0 1528.0 1698.0
1358.0 1528.0 1698.0
1358.0 1528.0 1698.0
1358.0 1528.0 1698.0
1358.0 1528.0 1698.0
1358.0 1528.0 1698.0
1358.0 1528.0 1698.0
1358.0 1528.0 1698.0
1358.0 1528.0 1698.0
1358.0 1528.0 1698.0
1358.0 1528.0 1698.0
1358.0 1528.0 1698.0
1358.0 1528.0 1698.0
1358.0 1528.0 1698.0
1358.0 1528.0 1698.0
1358.0 1528.0 1698.0
1358.0 1528.0 1698.0
1358.0 1528.0 1698.0
1358.0 1528.0 1698.0
1358.0 1528.0 1698.0
1358.0 1528.0 1698.0
1358.0 1528.0 1698.0
1358.0 1528.0 1698.0
1358.0 1528.0 1698.0
1358.0 1528.0 1698.0
1358.0 1528.0 1698.0
1358.0 1528.0 1698.0
1358.0 1528.0 1698.0
1358.0 1528.0 1698.0
1358.0 1528.0 1698.0
1358.0 1528.0 1698.0
1358.0 1528.0 1698.0
1358.0 1528.0 1698.0
1358.0 1528.0 1698.0
1358.0 1528.0 1698.0
1358.0 1528.0 1698.0
1358.0 1528.0 1698.0
1358.0 1528.0 1698.0
1358.0 1425.5 1493.0
1358.0 1425.5 1493.0
1358.0 1425.5 1493.0
1358.0 1425.5 1493.0
1358.0 1425.5 1493.0
