14891.0 16191.5 17492.0
12998.0 13857.5 14717.0
12380.0 12808.5 13237.0
9410.0 10783.5 12157.0
8068.0 8173.0 8278.0
6011.0 7516.5 9022.0
6704.0 7863.0 9022.0
4792.0 5665.0 6538.0
4792.0 5418.5 6045.0
2930.0 3419.0 3908.0
2930.0 3419.0 3908.0
3286.0 3383.5 3481.0
2677.0 2683.0 2689.0
2677.0 2815.5 2954.0
2677.0 2815.5 2954.0
2677.0 2815.5 2954.0
2677.0 2815.5 2954.0
2677.0 2815.5 2954.0
2677.0 2815.5 2954.0
2677.0 2815.5 2954.0
2677.0 2801.5 2926.0
2021.0 2349.0 2677.0
2021.0 2349.0 2677.0
2021.0 2349.0 2677.0
2021.0 2349.0 2677.0
1744.0 1882.5 2021.0
1744.0 1882.5 2021.0
1744.0 1882.5 2021.0
1744.0 1882.5 2021.0
1744.0 1882.5 2021.0
1744.0 1882.5 2021.0
1744.0 1882.5 2021.0
1744.0 1882.5 2021.0
1744.0 1882.5 2021.0
1744.0 1882.5 2021.0
1744.0 1882.5 2021.0
1744.0 1882.5 2021.0
1744.0 1882.5 2021.0
1744.0 1882.5 2021.0
1744.0 1882.5 2021.0
1744.0 1882.5 2021.0
1744.0 1882.5 2021.0
1744.0 1882.5 2021.0
1744.0 1882.5 2021.0
1744.0 1882.5 2021.0
1744.0 1882.5 2021.0
1744.0 1882.5 2021.0
1744.0 1882.5 2021.0
1744.0 1882.5 2021.0
1744.0 1882.5 2021.0
1744.0 1882.5 2021.0
1744.0 1882.5 2021.0
1744.0 1882.5 2021.0
1744.0 1882.5 2021.0
1744.0 1882.5 2021.0
1744.0 1882.5 2021.0
1744.0 1882.5 2021.0
1744.0 1882.5 2021.0
1744.0 1882.5 2021.0
1744.0 1882.5 2021.0
1744.0 1882.5 2021.0
1618.0 1819.5 2021.0
2015.0 2018.0 2021.0
2015.0 2018.0 2021.0
2015.0 2018.0 2021.0
2015.0 2018.0 2021.0
2015.0 2018.0 2021.0
2015.0 2018.0 2021.0
2015.0 2018.0 2021.0
2015.0 2018.0 2021.0
2015.0 2018.0 2021.0
2015.0 2018.0 2021.0
2015.0 2018.0 2021.0
2015.0 2018.0 2021.0
2015.0 2018.0 2021.0
2015.0 2018.0 2021.0
2015.0 2018.0 2021.0
2015.0 2018.0 2021.0
2015.0 2018.0 2021.0
2015.0 2018.0 2021.0
2015.0 2018.0 2021.0
2015.0 2018.0 2021.0
2015.0 2018.0 2021.0
2015.0 2018.0 2021.0
2015.0 2018.0 2021.0
2015.0 2018.0 2021.0
2015.0 2018.0 2021.0
2015.0 2018.0 2021.0
2015.0 2018.0 2021.0
2015.0 2018.0 2021.0
2015.0 2018.0 2021.0
2015.0 2018.0 2021.0
2015.0 2018.0 2021.0
2015.0 2018.0 2021.0
2015.0 2018.0 2021.0
1820.0 1917.5 2015.0
1820.0 1917.5 2015.0
1820.0 1917.5 2015.0
1820.0 1917.5 2015.0
1820.0 1917.5 2015.0
1820.0 1917.5 2015.0
1820.0 1917.5 2015.0
1820.0 1917.5 2015.0
1820.0 1917.5 2015.0
1820.0 1917.5 2015.0
1820.0 1917.5 2015.0
1820.0 1917.5 2015.0
1820.0 1917.5 2015.0
1820.0 1917.5 2015.0
1820.0 1917.5 2015.0
1820.0 1917.5 2015.0
1820.0 1917.5 2015.0
1820.0 1917.5 2015.0
1820.0 1917.5 2015.0
1820.0 1917.5 2015.0
1820.0 1917.5 2015.0
1820.0 1917.5 2015.0
1820.0 1917.5 2015.0
1301.0 1658.0 2015.0
1301.0 1658.0 2015.0
1301.0 1658.0 2015.0
1301.0 1658.0 2015.0
1301.0 1658.0 2015.0
1301.0 1658.0 2015.0
1301.0 1658.0 2015.0
1301.0 1658.0 2015.0
1301.0 1658.0 2015.0
1301.0 1658.0 2015.0
1301.0 1658.0 2015.0
1301.0 1658.0 2015.0
1301.0 1658.0 2015.0
1301.0 1658.0 2015.0
1301.0 1658.0 2015.0
1301.0 1658.0 2015.0
1301.0 1658.0 2015.0
1301.0 1658.0 2015.0
1301.0 1658.0 2015.0
1301.0 1658.0 2015.0
1301.0 1658.0 2015.0
1301.0 1658.0 2015.0
1301.0 1658.0 2015.0
1301.0 1658.0 2015.0
1301.0 1658.0 2015.0
1301.0 1658.0 2015.0
1301.0 1658.0 2015.0
1301.0 1658.0 2015.0
1301.0 1658.0 2015.0
1301.0 1658.0 2015.0
1301.0 1658.0 2015.0
1301.0 1658.0 2015.0
1301.0 1658.0 2015.0
1301.0 1658.0 2015.0
1301.0 1658.0 2015.0
1301.0 1658.0 2015.0
1301.0 1658.0 2015.0
1301.0 1658.0 2015.0
1301.0 1658.0 2015.0
1301.0 1658.0 2015.0
1301.0 1658.0 2015.0
1301.0 1658.0 2015.0
1301.0 1658.0 2015.0
1301.0 1658.0 2015.0
1301.0 1658.0 2015.0
1301.0 1658.0 2015.0
1301.0 1658.0 2015.0
1301.0 1658.0 2015.0
1301.0 1658.0 2015.0
1301.0 1658.0 2015.0
1301.0 1658.0 2015.0
1301.0 1658.0 2015.0
1301.0 1658.0 2015.0
1301.0 1658.0 2015.0
1301.0 1658.0 2015.0
1301.0 1658.0 2015.0
1301.0 1658.0 2015.0
1301.0 1658.0 2015.0
1301.0 1658.0 2015.0
1301.0 1658.0 2015.0
1301.0 1658.0 2015.0
1301.0 1658.0 2015.0
1301.0 1658.0 2015.0
1301.0 1658.0 2015.0
1301.0 1658.0 2015.0
1301.0 1658.0 2015.0
1301.0 1658.0 2015.0
1301.0 1658.0 2015.0
1301.0 1658.0 2015.0
1301.0 1658.0 2015.0
1301.0 1658.0 2015.0
1301.0 1658.0 2015.0
1301.0 1658.0 2015.0
1301.0 1658.0 2015.0
1301.0 1658.0 2015.0
1301.0 1658.0 2015.0
1301.0 1658.0 2015.0
1301.0 1658.0 2015.0
1301.0 1658.0 2015.0
1301.0 1658.0 2015.0
1301.0 1658.0 2015.0
1301.0 1658.0 2015.0
