15395.0 15735.0 16075.0
12584.0 13140.5 13697.0
9224.0 10178.5 11133.0
8691.0 9047.0 9403.0
6679.0 7627.5 8576.0
6767.0 6829.0 6891.0
3563.0 5071.0 6579.0
3563.0 4317.5 5072.0
3507.0 4289.5 5072.0
2856.0 3964.0 5072.0
2856.0 3733.5 4611.0
2752.0 3069.5 3387.0
2752.0 2819.0 2886.0
2398.0 2642.0 2886.0
2399.0 2642.5 2886.0
2399.0 2642.5 2886.0
2719.0 2802.5 2886.0
2333.0 2609.5 2886.0
2333.0 2914.0 3495.0
2295.0 2314.0 2333.0
1696.0 1995.5 2295.0
1696.0 1995.5 2295.0
1696.0 1995.5 2295.0
1696.0 1995.5 2295.0
1696.0 1995.5 2295.0
1696.0 1995.5 2295.0
1696.0 1995.5 2295.0
1696.0 1995.5 2295.0
1696.0 1995.5 2295.0
1696.0 1995.5 2295.0
1696.0 1995.5 2295.0
1696.0 1901.0 2106.0
1696.0 1901.0 2106.0
1696.0 1901.0 2106.0
1696.0 1901.0 2106.0
1696.0 1901.0 2106.0
1696.0 1901.0 2106.0
1696.0 1901.0 2106.0
1696.0 1901.0 2106.0
1696.0 1901.0 2106.0
1696.0 1901.0 2106.0
1696.0 1901.0 2106.0
1660.0 1883.0 2106.0
1660.0 1883.0 2106.0
1660.0 1883.0 2106.0
1660.0 1883.0 2106.0
1660.0 1883.0 2106.0
1660.0 1883.0 2106.0
1660.0 1883.0 2106.0
1660.0 1883.0 2106.0
1660.0 1883.0 2106.0
1660.0 1883.0 2106.0
1660.0 1883.0 2106.0
1660.0 1883.0 2106.0
1660.0 1883.0 2106.0
1660.0 1883.0 2106.0
1660.0 1883.0 2106.0
1660.0 1883.0 2106.0
1660.0 1883.0 2106.0
1660.0 1883.0 2106.0
1660.0 1883.0 2106.0
1660.0 1883.0 2106.0
1660.0 1883.0 2106.0
1660.0 1883.0 2106.0
1660.0 1883.0 2106.0
1660.0 1883.0 2106.0
1660.0 1883.0 2106.0
1660.0 1883.0 2106.0
1660.0 1883.0 2106.0
1660.0 1883.0 2106.0
1660.0 1883.0 2106.0
1660.0 1883.0 2106.0
1660.0 1883.0 2106.0
1660.0 1883.0 2106.0
1660.0 1883.0 2106.0
1660.0 1883.0 2106.0
1660.0 1883.0 2106.0
1660.0 1883.0 2106.0
1660.0 1883.0 2106.0
1660.0 1883.0 2106.0
1660.0 1883.0 2106.0
1660.0 1883.0 2106.0
1660.0 1883.0 2106.0
1660.0 1883.0 2106.0
1660.0 1883.0 2106.0
1660.0 1883.0 2106.0
1660.0 1862.0 2064.0
1660.0 1817.0 1974.0
1660.0 1817.0 1974.0
1660.0 1817.0 1974.0
1660.0 1817.0 1974.0
1660.0 1817.0 1974.0
1660.0 1817.0 1974.0
1660.0 1817.0 1974.0
1660.0 1817.0 1974.0
1660.0 1817.0 1974.0
1660.0 1817.0 1974.0
1660.0 1817.0 1974.0
1660.0 1817.0 1974.0
1660.0 1817.0 1974.0
1660.0 1817.0 1974.0
1660.0 1817.0 1974.0
1660.0 1817.0 1974.0
1660.0 1817.0 1974.0
1660.0 1817.0 1974.0
1660.0 1817.0 1974.0
1660.0 1817.0 1974.0
1660.0 1817.0 1974.0
1660.0 1817.0 1974.0
1660.0 1817.0 1974.0
1660.0 1817.0 1974.0
1660.0 1817.0 1974.0
1660.0 1817.0 1974.0
1660.0 1817.0 1974.0
1660.0 1817.0 1974.0
1660.0 1817.0 1974.0
1660.0 1817.0 1974.0
1660.0 1817.0 1974.0
1660.0 1817.0 1974.0
1660.0 1817.0 1974.0
1660.0 1817.0 1974.0
1660.0 1817.0 1974.0
1660.0 1817.0 1974.0
1660.0 1817.0 1974.0
1660.0 1817.0 1974.0
1660.0 1817.0 1974.0
1660.0 1817.0 1974.0
1660.0 1817.0 1974.0
1660.0 1817.0 1974.0
1660.0 1817.0 1974.0
1660.0 1817.0 1974.0
1660.0 1817.0 1974.0
1660.0 1817.0 1974.0
1660.0 1817.0 1974.0
1660.0 1817.0 1974.0
1660.0 1817.0 1974.0
1660.0 1817.0 1974.0
1660.0 1817.0 1974.0
1660.0 1817.0 1974.0
1660.0 1817.0 1974.0
1660.0 1817.0 1974.0
1660.0 1817.0 1974.0
1660.0 1817.0 1974.0
1660.0 1817.0 1974.0
1660.0 1817.0 1974.0
1660.0 1817.0 1974.0
1660.0 1817.0 1974.0
1660.0 1817.0 1974.0
1660.0 1817.0 1974.0
1660.0 1817.0 1974.0
1660.0 1817.0 1974.0
1660.0 1817.0 1974.0
1660.0 1817.0 1974.0
1660.0 1817.0 1974.0
1660.0 1817.0 1974.0
1660.0 1817.0 1974.0
1660.0 1817.0 1974.0
1660.0 1817.0 1974.0
1660.0 1817.0 1974.0
1660.0 1817.0 1974.0
1660.0 1817.0 1974.0
1660.0 1817.0 1974.0
1660.0 1817.0 1974.0
1660.0 1817.0 1974.0
1660.0 1817.0 1974.0
1660.0 1817.0 1974.0
1660.0 1817.0 1974.0
1660.0 1817.0 1974.0
1660.0 1817.0 1974.0
1660.0 1817.0 1974.0
1660.0 1817.0 1974.0
1660.0 1817.0 1974.0
1660.0 1817.0 1974.0
1660.0 1817.0 1974.0
1660.0 1817.0 1974.0
1660.0 1817.0 1974.0
1660.0 1817.0 1974.0
1660.0 1817.0 1974.0
1660.0 1817.0 1974.0
1660.0 1817.0 1974.0
1660.0 1817.0 1974.0
1660.0 1817.0 1974.0
1660.0 1817.0 1974.0
1660.0 1817.0 1974.0
1660.0 1817.0 1974.0
1660.0 1817.0 1974.0
1660.0 1817.0 1974.0
1660.0 1817.0 1974.0
1660.0 1817.0 1974.0
1660.0 1817.0 1974.0
1660.0 1817.0 1974.0
1660.0 1817.0 1974.0
1660.0 1817.0 1974.0
1660.0 1817.0 1974.0
1660.0 1817.0 1974.0
1660.0 1817.0 1974.0
1660.0 1817.0 1974.0
1660.0 1817.0 1974.0
1660.0 1817.0 1974.0
1660.0 1817.0 1974.0
