13541.0 14800.0 16059.0
12111.0 13182.5 14254.0
10470.0 11040.5 11611.0
8322.0 8533.5 8745.0
6077.0 7235.5 8394.0
4957.0 5620.5 6284.0
4525.0 4971.5 5418.0
2864.0 3449.0 4034.0
2864.0 3449.0 4034.0
1959.0 2411.5 2864.0
1959.0 2411.5 2864.0
1484.0 1869.0 2254.0
1484.0 1869.0 2254.0
1484.0 1727.0 1970.0
1484.0 1727.0 1970.0
1484.0 1727.0 1970.0
1484.0 1727.0 1970.0
1484.0 1727.0 1970.0
1484.0 1727.0 1970.0
1484.0 1727.0 1970.0
1484.0 1727.0 1970.0
1484.0 1727.0 1970.0
1484.0 1727.0 1970.0
1484.0 1727.0 1970.0
1484.0 1727.0 1970.0
1484.0 1727.0 1970.0
1484.0 1671.0 1858.0
1484.0 1671.0 1858.0
1484.0 1671.0 1858.0
1484.0 1671.0 1858.0
1484.0 1671.0 1858.0
1484.0 1671.0 1858.0
1484.0 1671.0 1858.0
1484.0 1671.0 1858.0
1484.0 1671.0 1858.0
1484.0 1671.0 1858.0
1484.0 1671.0 1858.0
1484.0 1671.0 1858.0
1484.0 1671.0 1858.0
1484.0 1671.0 1858.0
1484.0 1671.0 1858.0
1484.0 1671.0 1858.0
1484.0 1671.0 1858.0
1484.0 1671.0 1858.0
1484.0 1671.0 1858.0
1484.0 1671.0 1858.0
1484.0 1671.0 1858.0
1484.0 1671.0 1858.0
1484.0 1671.0 1858.0
1484.0 1671.0 1858.0
1484.0 1671.0 1858.0
1484.0 1671.0 1858.0
1484.0 1671.0 1858.0
1484.0 1671.0 1858.0
1484.0 1671.0 1858.0
1484.0 1671.0 1858.0
1484.0 1671.0 1858.0
1484.0 1671.0 1858.0
1484.0 1671.0 1858.0
1484.0 1671.0 1858.0
1484.0 1671.0 1858.0
1352.0 1418.0 1484.0
1352.0 1418.0 1484.0
1352.0 1418.0 1484.0
1352.0 1418.0 1484.0
1352.0 1418.0 1484.0
1352.0 1418.0 1484.0
1352.0 1418.0 1484.0
1352.0 1418.0 1484.0
1352.0 1418.0 1484.0
1352.0 1418.0 1484.0
1352.0 1418.0 1484.0
1352.0 1418.0 1484.0
1352.0 1418.0 1484.0
1352.0 1418.0 1484.0
1352.0 1418.0 1484.0
1352.0 1418.0 1484.0
1352.0 1418.0 1484.0
1352.0 1418.0 1484.0
1352.0 1418.0 1484.0
1352.0 1418.0 1484.0
1352.0 1418.0 1484.0
1352.0 1418.0 1484.0
1352.0 1418.0 1484.0
1352.0 1418.0 1484.0
1352.0 1418.0 1484.0
1352.0 1418.0 1484.0
1352.0 1418.0 1484.0
1352.0 1418.0 1484.0
1352.0 1418.0 1484.0
1352.0 1418.0 1484.0
1352.0 1418.0 1484.0
1352.0 1418.0 1484.0
1352.0 1418.0 1484.0
1352.0 1418.0 1484.0
1352.0 1418.0 1484.0
1352.0 1418.0 1484.0
1352.0 1418.0 1484.0
1352.0 1418.0 1484.0
1352.0 1418.0 1484.0
1352.0 1418.0 1484.0
1352.0 1418.0 1484.0
1352.0 1418.0 1484.0
1352.0 1418.0 1484.0
1352.0 1418.0 1484.0
1352.0 1418.0 1484.0
1352.0 1418.0 1484.0
1352.0 1418.0 1484.0
1352.0 1418.0 1484.0
1352.0 1418.0 1484.0
1352.0 1418.0 1484.0
1352.0 1418.0 1484.0
1352.0 1418.0 1484.0
1352.0 1418.0 1484.0
1352.0 1418.0 1484.0
1352.0 1418.0 1484.0
1352.0 1418.0 1484.0
1352.0 1418.0 1484.0
1352.0 1418.0 1484.0
1352.0 1418.0 1484.0
1352.0 1418.0 1484.0
1352.0 1418.0 1484.0
1352.0 1418.0 1484.0
1352.0 1418.0 1484.0
1352.0 1418.0 1484.0
1352.0 1418.0 1484.0
1352.0 1418.0 1484.0
1352.0 1418.0 1484.0
1352.0 1418.0 1484.0
1352.0 1418.0 1484.0
1352.0 1418.0 1484.0
1352.0 1418.0 1484.0
1352.0 1418.0 1484.0
1352.0 1418.0 1484.0
1352.0 1418.0 1484.0
1352.0 1418.0 1484.0
1352.0 1418.0 1484.0
1352.0 1418.0 1484.0
1352.0 1418.0 1484.0
1352.0 1418.0 1484.0
1352.0 1418.0 1484.0
1352.0 1418.0 1484.0
1352.0 1418.0 1484.0
1352.0 1418.0 1484.0
1352.0 1418.0 1484.0
1484.0 1505.0 1526.0
1358.0 1442.0 1526.0
1059.0 1292.5 1526.0
1059.0 1292.5 1526.0
1059.0 1292.5 1526.0
1059.0 1292.5 1526.0
1059.0 1292.5 1526.0
1059.0 1292.5 1526.0
1059.0 1292.5 1526.0
1059.0 1292.5 1526.0
1059.0 1292.5 1526.0
1059.0 1292.5 1526.0
1059.0 1292.5 1526.0
1059.0 1292.5 1526.0
1059.0 1292.5 1526.0
1059.0 1292.5 1526.0
1059.0 1292.5 1526.0
1059.0 1292.5 1526.0
1059.0 1292.5 1526.0
1059.0 1292.5 1526.0
1059.0 1292.5 1526.0
1059.0 1292.5 1526.0
1059.0 1292.5 1526.0
1059.0 1292.5 1526.0
1059.0 1292.5 1526.0
1059.0 1292.5 1526.0
1059.0 1292.5 1526.0
1059.0 1292.5 1526.0
1059.0 1292.5 1526.0
1059.0 1292.5 1526.0
1059.0 1292.5 1526.0
1059.0 1292.5 1526.0
1059.0 1292.5 1526.0
1059.0 1292.5 1526.0
1059.0 1292.5 1526.0
1059.0 1292.5 1526.0
1059.0 1292.5 1526.0
1059.0 1292.5 1526.0
1059.0 1292.5 1526.0
1059.0 1292.5 1526.0
1059.0 1292.5 1526.0
1059.0 1292.5 1526.0
1059.0 1292.5 1526.0
1059.0 1292.5 1526.0
1059.0 1292.5 1526.0
1059.0 1292.5 1526.0
1059.0 1292.5 1526.0
1059.0 1292.5 1526.0
1059.0 1292.5 1526.0
1059.0 1292.5 1526.0
1059.0 1292.5 1526.0
1059.0 1292.5 1526.0
1059.0 1292.5 1526.0
1059.0 1292.5 1526.0
1059.0 1292.5 1526.0
