11139.0 11570.5 12002.0
8546.0 9388.0 10230.0
6982.0 7406.5 7831.0
4560.0 4844.0 5128.0
2316.0 3476.5 4637.0
2316.0 3134.0 3952.0
2660.0 3144.0 3628.0
1798.0 1828.5 1859.0
1798.0 1908.5 2019.0
1155.0 1815.5 2476.0
1155.0 1593.5 2032.0
1301.0 1388.0 1475.0
1301.0 1388.0 1475.0
1301.0 1388.0 1475.0
1301.0 1388.0 1475.0
1301.0 1388.0 1475.0
1301.0 1388.0 1475.0
1301.0 1388.0 1475.0
1301.0 1388.0 1475.0
1301.0 1388.0 1475.0
1301.0 1388.0 1475.0
1301.0 1388.0 1475.0
1301.0 1388.0 1475.0
1301.0 1388.0 1475.0
1124.0 1212.5 1301.0
1124.0 1212.5 1301.0
1124.0 1212.5 1301.0
1124.0 1212.5 1301.0
1124.0 1212.5 1301.0
1124.0 1212.5 1301.0
1124.0 1212.5 1301.0
1124.0 1212.5 1301.0
1124.0 1212.5 1301.0
1124.0 1212.5 1301.0
1124.0 1212.5 1301.0
1124.0 1212.5 1301.0
1124.0 1212.5 1301.0
1124.0 1212.5 1301.0
1124.0 1212.5 1301.0
1124.0 1212.5 1301.0
1124.0 1212.5 1301.0
1018.0 1071.0 1124.0
1018.0 1071.0 1124.0
1018.0 1071.0 1124.0
1018.0 1071.0 1124.0
1018.0 1071.0 1124.0
1018.0 1071.0 1124.0
1018.0 1071.0 1124.0
1018.0 1071.0 1124.0
1018.0 1071.0 1124.0
1018.0 1071.0 1124.0
1018.0 1071.0 1124.0
1018.0 1071.0 1124.0
1018.0 1071.0 1124.0
1018.0 1071.0 1124.0
1018.0 1071.0 1124.0
1018.0 1071.0 1124.0
1018.0 1071.0 1124.0
1018.0 1071.0 1124.0
1018.0 1071.0 1124.0
1018.0 1071.0 1124.0
1018.0 1071.0 1124.0
1018.0 1071.0 1124.0
1018.0 1071.0 1124.0
1018.0 1071.0 1124.0
1018.0 1071.0 1124.0
1018.0 1071.0 1124.0
1018.0 1071.0 1124.0
1018.0 1071.0 1124.0
1018.0 1071.0 1124.0
1018.0 1071.0 1124.0
1018.0 1071.0 1124.0
1018.0 1071.0 1124.0
1018.0 1071.0 1124.0
1018.0 1071.0 1124.0
1018.0 1071.0 1124.0
1018.0 1071.0 1124.0
1018.0 1071.0 1124.0
1018.0 1071.0 1124.0
1018.0 1071.0 1124.0
1018.0 1071.0 1124.0
1018.0 1071.0 1124.0
1018.0 1071.0 1124.0
1018.0 1071.0 1124.0
1018.0 1071.0 1124.0
1018.0 1071.0 1124.0
1018.0 1071.0 1124.0
1018.0 1071.0 1124.0
1018.0 1071.0 1124.0
1018.0 1071.0 1124.0
1018.0 1071.0 1124.0
1018.0 1071.0 1124.0
1018.0 1071.0 1124.0
1018.0 1071.0 1124.0
1018.0 1071.0 1124.0
1018.0 1071.0 1124.0
1018.0 1071.0 1124.0
1018.0 1071.0 1124.0
1018.0 1071.0 1124.0
1018.0 1071.0 1124.0
1018.0 1071.0 1124.0
1018.0 1071.0 1124.0
1018.0 1071.0 1124.0
1018.0 1071.0 1124.0
1018.0 1071.0 1124.0
1018.0 1071.0 1124.0
1018.0 1071.0 1124.0
1018.0 1071.0 1124.0
1018.0 1071.0 1124.0
1018.0 1071.0 1124.0
1018.0 1071.0 1124.0
1018.0 1071.0 1124.0
1018.0 1071.0 1124.0
1018.0 1071.0 1124.0
1018.0 1071.0 1124.0
1018.0 1071.0 1124.0
1018.0 1071.0 1124.0
1018.0 1071.0 1124.0
1018.0 1071.0 1124.0
1018.0 1071.0 1124.0
1018.0 1071.0 1124.0
1018.0 1071.0 1124.0
1018.0 1071.0 1124.0
1018.0 1071.0 1124.0
1018.0 1071.0 1124.0
1018.0 1136.0 1254.0
1018.0 1030.5 1043.0
1018.0 1030.5 1043.0
1018.0 1030.5 1043.0
1018.0 1030.5 1043.0
1018.0 1030.5 1043.0
1018.0 1030.5 1043.0
1018.0 1030.5 1043.0
1018.0 1030.5 1043.0
1018.0 1030.5 1043.0
1018.0 1030.5 1043.0
1018.0 1030.5 1043.0
1018.0 1030.5 1043.0
1018.0 1030.5 1043.0
1018.0 1030.5 1043.0
1018.0 1030.5 1043.0
1018.0 1030.5 1043.0
1018.0 1030.5 1043.0
1018.0 1030.5 1043.0
1018.0 1030.5 1043.0
1018.0 1030.5 1043.0
1018.0 1030.5 1043.0
1018.0 1030.5 1043.0
1018.0 1030.5 1043.0
1018.0 1030.5 1043.0
1018.0 1030.5 1043.0
1018.0 1030.5 1043.0
1018.0 1030.5 1043.0
1018.0 1030.5 1043.0
1018.0 1030.5 1043.0
1018.0 1030.5 1043.0
1018.0 1030.5 1043.0
1018.0 1030.5 1043.0
1018.0 1030.5 1043.0
1018.0 1030.5 1043.0
1018.0 1030.5 1043.0
1018.0 1030.5 1043.0
1018.0 1030.5 1043.0
1018.0 1030.5 1043.0
1018.0 1030.5 1043.0
1018.0 1030.5 1043.0
1018.0 1030.5 1043.0
1018.0 1030.5 1043.0
1018.0 1030.5 1043.0
1018.0 1030.5 1043.0
1018.0 1030.5 1043.0
1018.0 1030.5 1043.0
1018.0 1030.5 1043.0
1018.0 1030.5 1043.0
1018.0 1030.5 1043.0
1018.0 1030.5 1043.0
1018.0 1030.5 1043.0
1018.0 1030.5 1043.0
1018.0 1030.5 1043.0
1018.0 1030.5 1043.0
1018.0 1030.5 1043.0
1018.0 1030.5 1043.0
1018.0 1030.5 1043.0
1018.0 1030.5 1043.0
1018.0 1030.5 1043.0
1018.0 1030.5 1043.0
1018.0 1030.5 1043.0
1018.0 1030.5 1043.0
1018.0 1030.5 1043.0
1018.0 1030.5 1043.0
1018.0 1030.5 1043.0
1018.0 1030.5 1043.0
1018.0 1030.5 1043.0
1018.0 1030.5 1043.0
1018.0 1030.5 1043.0
1018.0 1030.5 1043.0
1018.0 1030.5 1043.0
1018.0 1030.5 1043.0
1018.0 1030.5 1043.0
1018.0 1030.5 1043.0
