11698.0 12898.0 14098.0
8485.0 9567.5 10650.0
8159.0 8308.5 8458.0
7867.0 9343.5 10820.0
4073.0 4818.0 5563.0
4073.0 4731.0 5389.0
3788.0 3831.5 3875.0
2629.0 3049.0 3469.0
2799.0 2840.0 2881.0
1949.0 2364.5 2780.0
1745.0 1935.0 2125.0
1693.0 1719.0 1745.0
1693.0 1719.0 1745.0
1693.0 1719.0 1745.0
1693.0 1719.0 1745.0
1693.0 1719.0 1745.0
1693.0 1719.0 1745.0
1693.0 1719.0 1745.0
1693.0 1719.0 1745.0
1693.0 1719.0 1745.0
1693.0 1719.0 1745.0
1693.0 1719.0 1745.0
1693.0 1719.0 1745.0
1693.0 1719.0 1745.0
1693.0 1719.0 1745.0
1693.0 1719.0 1745.0
1693.0 1719.0 1745.0
1693.0 1719.0 1745.0
1693.0 1719.0 1745.0
1693.0 1719.0 1745.0
1693.0 1719.0 1745.0
1693.0 1719.0 1745.0
1693.0 1719.0 1745.0
1693.0 1719.0 1745.0
1693.0 1719.0 1745.0
1693.0 1719.0 1745.0
1693.0 1719.0 1745.0
1693.0 1719.0 1745.0
1693.0 1719.0 1745.0
1693.0 1719.0 1745.0
1693.0 1719.0 1745.0
1693.0 1719.0 1745.0
1693.0 1719.0 1745.0
1693.0 1719.0 1745.0
1693.0 1719.0 1745.0
1693.0 1719.0 1745.0
1693.0 1719.0 1745.0
1693.0 1719.0 1745.0
1693.0 1719.0 1745.0
1693.0 1719.0 1745.0
1693.0 1719.0 1745.0
1693.0 1719.0 1745.0
1693.0 1719.0 1745.0
1245.0 1495.0 1745.0
1245.0 1495.0 1745.0
1245.0 1495.0 1745.0
1245.0 1495.0 1745.0
1245.0 1495.0 1745.0
1245.0 1495.0 1745.0
1245.0 1495.0 1745.0
1245.0 1495.0 1745.0
1245.0 1495.0 1745.0
1245.0 1495.0 1745.0
1245.0 1495.0 1745.0
1245.0 1495.0 1745.0
1245.0 1495.0 1745.0
1245.0 1495.0 1745.0
1245.0 1495.0 1745.0
1245.0 1495.0 1745.0
1245.0 1495.0 1745.0
1245.0 1495.0 1745.0
1245.0 1426.5 1608.0
1245.0 1311.5 1378.0
1245.0 1311.5 1378.0
1245.0 1311.5 1378.0
1245.0 1311.5 1378.0
1245.0 1311.5 1378.0
1245.0 1311.5 1378.0
1245.0 1311.5 1378.0
1245.0 1311.5 1378.0
1245.0 1311.5 1378.0
1245.0 1311.5 1378.0
1245.0 1311.5 1378.0
1090.0 1167.5 1245.0
1090.0 1167.5 1245.0
1090.0 1167.5 1245.0
1090.0 1167.5 1245.0
1090.0 1167.5 1245.0
1090.0 1167.5 1245.0
1090.0 1167.5 1245.0
1090.0 1167.5 1245.0
1090.0 1167.5 1245.0
1090.0 1167.5 1245.0
1090.0 1167.5 1245.0
1090.0 1167.5 1245.0
1090.0 1167.5 1245.0
1090.0 1167.5 1245.0
1090.0 1167.5 1245.0
1090.0 1167.5 1245.0
1090.0 1167.5 1245.0
1090.0 1167.5 1245.0
1090.0 1167.5 1245.0
1090.0 1167.5 1245.0
1090.0 1167.5 1245.0
1090.0 1167.5 1245.0
1090.0 1167.5 1245.0
1090.0 1167.5 1245.0
1090.0 1167.5 1245.0
1090.0 1167.5 1245.0
1090.0 1167.5 1245.0
1090.0 1167.5 1245.0
1090.0 1167.5 1245.0
1090.0 1167.5 1245.0
1090.0 1167.5 1245.0
1090.0 1167.5 1245.0
1090.0 1167.5 1245.0
1090.0 1167.5 1245.0
1090.0 1167.5 1245.0
1090.0 1167.5 1245.0
1090.0 1167.5 1245.0
1090.0 1167.5 1245.0
1090.0 1167.5 1245.0
1090.0 1167.5 1245.0
1090.0 1167.5 1245.0
1090.0 1167.5 1245.0
1090.0 1167.5 1245.0
1090.0 1167.5 1245.0
1090.0 1167.5 1245.0
1090.0 1167.5 1245.0
1090.0 1167.5 1245.0
1090.0 1167.5 1245.0
1090.0 1167.5 1245.0
1090.0 1167.5 1245.0
1090.0 1167.5 1245.0
1090.0 1167.5 1245.0
1090.0 1167.5 1245.0
1090.0 1167.5 1245.0
1090.0 1167.5 1245.0
1090.0 1167.5 1245.0
1090.0 1167.5 1245.0
1090.0 1167.5 1245.0
1090.0 1167.5 1245.0
1090.0 1167.5 1245.0
1090.0 1167.5 1245.0
1090.0 1167.5 1245.0
1090.0 1167.5 1245.0
1090.0 1167.5 1245.0
1201.0 1223.0 1245.0
1201.0 1223.0 1245.0
1201.0 1223.0 1245.0
1201.0 1223.0 1245.0
1201.0 1223.0 1245.0
1201.0 1223.0 1245.0
1201.0 1223.0 1245.0
1201.0 1223.0 1245.0
1201.0 1223.0 1245.0
1201.0 1223.0 1245.0
1201.0 1223.0 1245.0
1201.0 1223.0 1245.0
1201.0 1223.0 1245.0
1201.0 1223.0 1245.0
1201.0 1223.0 1245.0
1201.0 1223.0 1245.0
1201.0 1223.0 1245.0
1201.0 1223.0 1245.0
1201.0 1223.0 1245.0
1201.0 1223.0 1245.0
1201.0 1223.0 1245.0
1201.0 1223.0 1245.0
1201.0 1223.0 1245.0
1201.0 1223.0 1245.0
1201.0 1223.0 1245.0
1201.0 1223.0 1245.0
1201.0 1223.0 1245.0
1201.0 1223.0 1245.0
1201.0 1223.0 1245.0
1201.0 1223.0 1245.0
1201.0 1223.0 1245.0
1201.0 1223.0 1245.0
1201.0 1223.0 1245.0
1201.0 1223.0 1245.0
1201.0 1223.0 1245.0
1201.0 1223.0 1245.0
1168.0 1206.5 1245.0
1168.0 1206.5 1245.0
1168.0 1206.5 1245.0
1168.0 1206.5 1245.0
1168.0 1206.5 1245.0
1168.0 1206.5 1245.0
1168.0 1206.5 1245.0
1168.0 1206.5 1245.0
1168.0 1206.5 1245.0
1168.0 1206.5 1245.0
1168.0 1206.5 1245.0
1168.0 1206.5 1245.0
1168.0 1206.5 1245.0
1168.0 1206.5 1245.0
1168.0 1206.5 1245.0
1168.0 1206.5 1245.0
1168.0 1206.5 1245.0
