12403.0 13462.5 14522.0
8764.0 9899.0 11034.0
6949.0 8741.0 10533.0
5008.0 5690.5 6373.0
3546.0 4664.0 5782.0
3159.0 3565.5 3972.0
2258.0 2568.0 2878.0
2258.0 2633.5 3009.0
1914.0 1988.5 2063.0
1914.0 1988.5 2063.0
1756.0 1864.5 1973.0
1756.0 1864.5 1973.0
1756.0 1864.5 1973.0
1354.0 1663.5 1973.0
1354.0 1663.5 1973.0
1100.0 1536.5 1973.0
1100.0 1536.5 1973.0
1100.0 1536.5 1973.0
1100.0 1367.5 1635.0
1100.0 1367.5 1635.0
1100.0 1131.0 1162.0
1100.0 1131.0 1162.0
1100.0 1196.5 1293.0
1100.0 1131.0 1162.0
1079.0 1089.5 1100.0
1079.0 1089.5 1100.0
1079.0 1089.5 1100.0
1079.0 1089.5 1100.0
1079.0 1089.5 1100.0
1079.0 1089.5 1100.0
1079.0 1089.5 1100.0
1079.0 1089.5 1100.0
1079.0 1089.5 1100.0
1079.0 1089.5 1100.0
1079.0 1089.5 1100.0
1079.0 1089.5 1100.0
1079.0 1089.5 1100.0
1079.0 1089.5 1100.0
1079.0 1089.5 1100.0
1079.0 1089.5 1100.0
1079.0 1089.5 1100.0
1079.0 1089.5 1100.0
1079.0 1089.5 1100.0
1079.0 1089.5 1100.0
1079.0 1089.5 1100.0
1079.0 1089.5 1100.0
1079.0 1089.5 1100.0
1079.0 1089.5 1100.0
1079.0 1089.5 1100.0
1079.0 1089.5 1100.0
1079.0 1089.5 1100.0
1079.0 1089.5 1100.0
1079.0 1089.5 1100.0
1079.0 1129.5 1180.0
1079.0 1129.5 1180.0
1079.0 1129.5 1180.0
1079.0 1129.5 1180.0
1079.0 1129.5 1180.0
1079.0 1129.5 1180.0
1079.0 1129.5 1180.0
1079.0 1129.5 1180.0
1079.0 1129.5 1180.0
1079.0 1129.5 1180.0
1079.0 1129.5 1180.0
1079.0 1129.5 1180.0
1079.0 1129.5 1180.0
1079.0 1129.5 1180.0
1079.0 1129.5 1180.0
1079.0 1129.5 1180.0
1079.0 1129.5 1180.0
1079.0 1129.5 1180.0
1079.0 1129.5 1180.0
1079.0 1129.5 1180.0
1079.0 1129.5 1180.0
1079.0 1129.5 1180.0
1079.0 1129.5 1180.0
1079.0 1129.5 1180.0
1079.0 1129.5 1180.0
1079.0 1129.5 1180.0
1079.0 1129.5 1180.0
1079.0 1129.5 1180.0
1079.0 1129.5 1180.0
1079.0 1129.5 1180.0
1079.0 1129.5 1180.0
1079.0 1129.5 1180.0
1079.0 1129.5 1180.0
1079.0 1129.5 1180.0
1079.0 1129.5 1180.0
1079.0 1129.5 1180.0
1079.0 1129.5 1180.0
1079.0 1129.5 1180.0
1079.0 1129.5 1180.0
1079.0 1129.5 1180.0
1079.0 1129.5 1180.0
1079.0 1129.5 1180.0
1079.0 1129.5 1180.0
1079.0 1129.5 1180.0
1079.0 1129.5 1180.0
1079.0 1129.5 1180.0
1079.0 1129.5 1180.0
1079.0 1129.5 1180.0
1079.0 1129.5 1180.0
1079.0 1129.5 1180.0
1079.0 1129.5 1180.0
1079.0 1129.5 1180.0
1079.0 1129.5 1180.0
1079.0 1129.5 1180.0
1079.0 1129.5 1180.0
1079.0 1129.5 1180.0
1079.0 1129.5 1180.0
1079.0 1129.5 1180.0
1079.0 1129.5 1180.0
1079.0 1129.5 1180.0
1079.0 1129.5 1180.0
1079.0 1129.5 1180.0
1079.0 1129.5 1180.0
1079.0 1129.5 1180.0
1079.0 1129.5 1180.0
1079.0 1129.5 1180.0
1079.0 1129.5 1180.0
1079.0 1129.5 1180.0
1079.0 1129.5 1180.0
1079.0 1129.5 1180.0
1079.0 1129.5 1180.0
1079.0 1129.5 1180.0
1079.0 1129.5 1180.0
1079.0 1129.5 1180.0
1079.0 1129.5 1180.0
1079.0 1129.5 1180.0
1079.0 1129.5 1180.0
1079.0 1129.5 1180.0
1079.0 1129.5 1180.0
1079.0 1129.5 1180.0
1079.0 1129.5 1180.0
1079.0 1129.5 1180.0
1079.0 1129.5 1180.0
1079.0 1129.5 1180.0
1079.0 1129.5 1180.0
1079.0 1129.5 1180.0
1079.0 1129.5 1180.0
1079.0 1129.5 1180.0
1079.0 1129.5 1180.0
1079.0 1129.5 1180.0
1079.0 1129.5 1180.0
1079.0 1129.5 1180.0
1079.0 1129.5 1180.0
1079.0 1129.5 1180.0
1079.0 1129.5 1180.0
1079.0 1129.5 1180.0
1079.0 1129.5 1180.0
1079.0 1129.5 1180.0
1079.0 1129.5 1180.0
1079.0 1129.5 1180.0
1079.0 1129.5 1180.0
1079.0 1129.5 1180.0
1079.0 1129.5 1180.0
1079.0 1129.5 1180.0
1079.0 1129.5 1180.0
1079.0 1129.5 1180.0
1079.0 1129.5 1180.0
1079.0 1129.5 1180.0
1079.0 1129.5 1180.0
1079.0 1129.5 1180.0
1079.0 1129.5 1180.0
1079.0 1129.5 1180.0
1079.0 1129.5 1180.0
1079.0 1129.5 1180.0
1079.0 1129.5 1180.0
1079.0 1129.5 1180.0
1079.0 1129.5 1180.0
1079.0 1129.5 1180.0
1079.0 1129.5 1180.0
1079.0 1129.5 1180.0
1079.0 1129.5 1180.0
1079.0 1129.5 1180.0
1079.0 1129.5 1180.0
1079.0 1129.5 1180.0
1079.0 1129.5 1180.0
1079.0 1129.5 1180.0
1079.0 1129.5 1180.0
1079.0 1129.5 1180.0
1079.0 1129.5 1180.0
1079.0 1129.5 1180.0
1079.0 1129.5 1180.0
1079.0 1129.5 1180.0
1079.0 1129.5 1180.0
1079.0 1129.5 1180.0
1079.0 1129.5 1180.0
1079.0 1129.5 1180.0
1079.0 1129.5 1180.0
1079.0 1129.5 1180.0
1079.0 1129.5 1180.0
1079.0 1129.5 1180.0
1079.0 1129.5 1180.0
1079.0 1129.5 1180.0
1079.0 1129.5 1180.0
1079.0 1129.5 1180.0
1079.0 1129.5 1180.0
1079.0 1129.5 1180.0
1079.0 1129.5 1180.0
