13693.0 13840.0 13987.0
11925.0 12024.5 12124.0
8188.0 9000.5 9813.0
7411.0 7731.5 8052.0
4563.0 6234.0 7905.0
4563.0 4670.0 4777.0
4223.0 4602.5 4982.0
3622.0 4302.0 4982.0
3090.0 3090.5 3091.0
2989.0 3047.5 3106.0
2989.0 3047.5 3106.0
2557.0 2831.5 3106.0
2187.0 2433.5 2680.0
2029.0 2108.0 2187.0
2029.0 2108.0 2187.0
2029.0 2108.0 2187.0
2029.0 2108.0 2187.0
2029.0 2108.0 2187.0
2029.0 2108.0 2187.0
2029.0 2108.0 2187.0
2029.0 2108.0 2187.0
2029.0 2108.0 2187.0
2029.0 2108.0 2187.0
1472.0 1750.5 2029.0
1472.0 1750.5 2029.0
1472.0 1750.5 2029.0
1472.0 1835.5 2199.0
1472.0 1835.5 2199.0
1472.0 1739.0 2006.0
1298.0 1385.0 1472.0
1298.0 1385.0 1472.0
1298.0 1385.0 1472.0
1298.0 1385.0 1472.0
1298.0 1385.0 1472.0
1298.0 1385.0 1472.0
1298.0 1385.0 1472.0
1298.0 1385.0 1472.0
1298.0 1385.0 1472.0
1298.0 1385.0 1472.0
1298.0 1385.0 1472.0
1298.0 1385.0 1472.0
1298.0 1385.0 1472.0
1298.0 1382.0 1466.0
1298.0 1396.5 1495.0
1298.0 1396.5 1495.0
1298.0 1368.0 1438.0
1298.0 1368.0 1438.0
1298.0 1368.0 1438.0
1298.0 1368.0 1438.0
1298.0 1368.0 1438.0
1298.0 1368.0 1438.0
1298.0 1368.0 1438.0
1298.0 1368.0 1438.0
1298.0 1368.0 1438.0
1298.0 1368.0 1438.0
1298.0 1368.0 1438.0
1298.0 1368.0 1438.0
1298.0 1368.0 1438.0
1298.0 1368.0 1438.0
1298.0 1368.0 1438.0
1298.0 1368.0 1438.0
1073.0 1255.5 1438.0
1073.0 1255.5 1438.0
1073.0 1255.5 1438.0
1073.0 1255.5 1438.0
1073.0 1255.5 1438.0
1073.0 1255.5 1438.0
1073.0 1255.5 1438.0
1073.0 1255.5 1438.0
1073.0 1255.5 1438.0
1073.0 1255.5 1438.0
1073.0 1255.5 1438.0
1073.0 1255.5 1438.0
1073.0 1255.5 1438.0
1073.0 1255.5 1438.0
1073.0 1255.5 1438.0
1073.0 1255.5 1438.0
1073.0 1255.5 1438.0
1073.0 1255.5 1438.0
1073.0 1255.5 1438.0
1073.0 1255.5 1438.0
1073.0 1255.5 1438.0
1073.0 1255.5 1438.0
1073.0 1255.5 1438.0
1073.0 1255.5 1438.0
1073.0 1255.5 1438.0
1073.0 1255.5 1438.0
1073.0 1255.5 1438.0
1073.0 1255.5 1438.0
1073.0 1255.5 1438.0
1073.0 1255.5 1438.0
1073.0 1255.5 1438.0
1073.0 1255.5 1438.0
1073.0 1255.5 1438.0
1073.0 1255.5 1438.0
1073.0 1255.5 1438.0
1073.0 1255.5 1438.0
1073.0 1255.5 1438.0
1073.0 1255.5 1438.0
1073.0 1255.5 1438.0
1073.0 1255.5 1438.0
1073.0 1255.5 1438.0
1073.0 1255.5 1438.0
1073.0 1255.5 1438.0
1073.0 1255.5 1438.0
1073.0 1255.5 1438.0
1073.0 1255.5 1438.0
1073.0 1255.5 1438.0
1073.0 1255.5 1438.0
1073.0 1255.5 1438.0
1073.0 1255.5 1438.0
1073.0 1255.5 1438.0
1073.0 1255.5 1438.0
1073.0 1255.5 1438.0
1073.0 1255.5 1438.0
1073.0 1255.5 1438.0
1073.0 1255.5 1438.0
1073.0 1255.5 1438.0
1073.0 1255.5 1438.0
1073.0 1255.5 1438.0
1073.0 1255.5 1438.0
1073.0 1255.5 1438.0
1073.0 1255.5 1438.0
1073.0 1255.5 1438.0
1073.0 1255.5 1438.0
1073.0 1255.5 1438.0
1073.0 1255.5 1438.0
1073.0 1255.5 1438.0
1073.0 1255.5 1438.0
1073.0 1255.5 1438.0
1073.0 1255.5 1438.0
1073.0 1255.5 1438.0
1073.0 1255.5 1438.0
1073.0 1255.5 1438.0
1073.0 1255.5 1438.0
1073.0 1255.5 1438.0
1073.0 1255.5 1438.0
1073.0 1255.5 1438.0
1073.0 1255.5 1438.0
1073.0 1255.5 1438.0
1073.0 1255.5 1438.0
1073.0 1255.5 1438.0
1073.0 1255.5 1438.0
1073.0 1255.5 1438.0
1073.0 1255.5 1438.0
1073.0 1255.5 1438.0
1073.0 1255.5 1438.0
1073.0 1255.5 1438.0
1073.0 1255.5 1438.0
1073.0 1255.5 1438.0
1073.0 1255.5 1438.0
1073.0 1255.5 1438.0
1073.0 1255.5 1438.0
1073.0 1255.5 1438.0
1073.0 1255.5 1438.0
1073.0 1255.5 1438.0
1073.0 1255.5 1438.0
1073.0 1255.5 1438.0
1073.0 1255.5 1438.0
1073.0 1255.5 1438.0
1073.0 1255.5 1438.0
1073.0 1255.5 1438.0
1073.0 1255.5 1438.0
1073.0 1255.5 1438.0
1073.0 1255.5 1438.0
1073.0 1255.5 1438.0
1073.0 1255.5 1438.0
1073.0 1255.5 1438.0
1073.0 1255.5 1438.0
1073.0 1255.5 1438.0
1073.0 1255.5 1438.0
1073.0 1255.5 1438.0
1073.0 1255.5 1438.0
1073.0 1255.5 1438.0
1073.0 1255.5 1438.0
1073.0 1255.5 1438.0
1073.0 1255.5 1438.0
1073.0 1255.5 1438.0
1073.0 1255.5 1438.0
1073.0 1255.5 1438.0
1073.0 1255.5 1438.0
1073.0 1255.5 1438.0
1073.0 1255.5 1438.0
1073.0 1255.5 1438.0
1073.0 1255.5 1438.0
1073.0 1255.5 1438.0
1073.0 1255.5 1438.0
1073.0 1255.5 1438.0
1073.0 1255.5 1438.0
1073.0 1255.5 1438.0
1073.0 1255.5 1438.0
1073.0 1255.5 1438.0
1073.0 1255.5 1438.0
1073.0 1255.5 1438.0
1073.0 1255.5 1438.0
1073.0 1255.5 1438.0
1073.0 1255.5 1438.0
1073.0 1255.5 1438.0
1073.0 1255.5 1438.0
1073.0 1255.5 1438.0
