12183.0 15882.5 19582.0
12330.0 12786.5 13243.0
10124.0 11066.5 12009.0
9168.0 10176.0 11184.0
7830.0 8121.5 8413.0
7285.0 7849.0 8413.0
4662.0 5441.0 6220.0
2889.0 4554.5 6220.0
3162.0 3492.5 3823.0
2386.0 2637.5 2889.0
2386.0 2637.5 2889.0
2654.0 2899.5 3145.0
2654.0 2899.5 3145.0
2654.0 2748.5 2843.0
2654.0 2664.5 2675.0
2233.0 2281.5 2330.0
1986.0 2136.5 2287.0
1986.0 2136.5 2287.0
1986.0 2136.5 2287.0
1986.0 2136.5 2287.0
1986.0 2136.5 2287.0
1986.0 2136.5 2287.0
1986.0 2136.5 2287.0
1986.0 2136.5 2287.0
1986.0 2136.5 2287.0
1986.0 2136.5 2287.0
1986.0 2136.5 2287.0
1986.0 2136.5 2287.0
1986.0 2136.5 2287.0
1986.0 2136.5 2287.0
1986.0 2136.5 2287.0
1986.0 2136.5 2287.0
1986.0 2136.5 2287.0
1986.0 2136.5 2287.0
1986.0 2136.5 2287.0
1986.0 2136.5 2287.0
1986.0 2136.5 2287.0
1986.0 2136.5 2287.0
1986.0 2136.5 2287.0
1986.0 2136.5 2287.0
1986.0 2136.5 2287.0
1986.0 2136.5 2287.0
1986.0 2136.5 2287.0
1986.0 2136.5 2287.0
1986.0 2136.5 2287.0
1986.0 2136.5 2287.0
1986.0 2136.5 2287.0
1986.0 2136.5 2287.0
1986.0 2136.5 2287.0
1986.0 2136.5 2287.0
1986.0 2136.5 2287.0
1986.0 2136.5 2287.0
1986.0 2068.5 2151.0
1841.0 1913.5 1986.0
1618.0 1802.0 1986.0
1618.0 1802.0 1986.0
1618.0 1802.0 1986.0
1618.0 1802.0 1986.0
1618.0 1802.0 1986.0
1618.0 1802.0 1986.0
1618.0 1802.0 1986.0
1618.0 1802.0 1986.0
1618.0 1802.0 1986.0
1618.0 1802.0 1986.0
1618.0 1802.0 1986.0
1618.0 1802.0 1986.0
1618.0 1802.0 1986.0
1618.0 1802.0 1986.0
1618.0 1802.0 1986.0
1618.0 1802.0 1986.0
1618.0 1802.0 1986.0
1618.0 1802.0 1986.0
1618.0 1802.0 1986.0
1618.0 1802.0 1986.0
1618.0 1709.0 1800.0
1618.0 1709.0 1800.0
1618.0 1709.0 1800.0
1618.0 1709.0 1800.0
1618.0 1709.0 1800.0
1618.0 1709.0 1800.0
1618.0 1709.0 1800.0
1618.0 1709.0 1800.0
1618.0 1709.0 1800.0
1618.0 1709.0 1800.0
1618.0 1709.0 1800.0
1618.0 1709.0 1800.0
1618.0 1709.0 1800.0
1618.0 1709.0 1800.0
1618.0 1709.0 1800.0
1618.0 1709.0 1800.0
1618.0 1709.0 1800.0
1618.0 1709.0 1800.0
1618.0 1709.0 1800.0
1618.0 1709.0 1800.0
1618.0 1709.0 1800.0
1618.0 1709.0 1800.0
1618.0 1709.0 1800.0
1618.0 1709.0 1800.0
1618.0 1709.0 1800.0
1618.0 1709.0 1800.0
1618.0 1709.0 1800.0
1618.0 1709.0 1800.0
1618.0 1709.0 1800.0
1618.0 1709.0 1800.0
1618.0 1709.0 1800.0
1618.0 1709.0 1800.0
1618.0 1709.0 1800.0
1618.0 1709.0 1800.0
1618.0 1709.0 1800.0
1618.0 1709.0 1800.0
1618.0 1709.0 1800.0
1618.0 1709.0 1800.0
1618.0 1709.0 1800.0
1618.0 1709.0 1800.0
1618.0 1709.0 1800.0
1618.0 1709.0 1800.0
1618.0 1709.0 1800.0
1618.0 1709.0 1800.0
1618.0 1709.0 1800.0
1618.0 1709.0 1800.0
1618.0 1709.0 1800.0
1618.0 1709.0 1800.0
1618.0 1709.0 1800.0
1618.0 1709.0 1800.0
1618.0 1709.0 1800.0
1618.0 1709.0 1800.0
1618.0 1709.0 1800.0
1618.0 1709.0 1800.0
1618.0 1709.0 1800.0
1618.0 1709.0 1800.0
1618.0 1709.0 1800.0
1618.0 1709.0 1800.0
1618.0 1709.0 1800.0
1618.0 1709.0 1800.0
1618.0 1709.0 1800.0
1618.0 1709.0 1800.0
1618.0 1709.0 1800.0
1618.0 1709.0 1800.0
1618.0 1709.0 1800.0
1618.0 1709.0 1800.0
1618.0 1709.0 1800.0
1618.0 1709.0 1800.0
1618.0 1709.0 1800.0
1618.0 1709.0 1800.0
1618.0 1709.0 1800.0
1618.0 1709.0 1800.0
1618.0 1709.0 1800.0
1618.0 1709.0 1800.0
1618.0 1709.0 1800.0
1618.0 1709.0 1800.0
1618.0 1709.0 1800.0
1618.0 1709.0 1800.0
1618.0 1709.0 1800.0
1618.0 1709.0 1800.0
1618.0 1709.0 1800.0
1618.0 1709.0 1800.0
1618.0 1709.0 1800.0
1618.0 1709.0 1800.0
1618.0 1709.0 1800.0
1618.0 1709.0 1800.0
1618.0 1709.0 1800.0
1618.0 1709.0 1800.0
1618.0 1709.0 1800.0
1618.0 1709.0 1800.0
1618.0 1709.0 1800.0
1618.0 1709.0 1800.0
1618.0 1709.0 1800.0
1618.0 1709.0 1800.0
1618.0 1709.0 1800.0
1618.0 1709.0 1800.0
1618.0 1709.0 1800.0
1618.0 1709.0 1800.0
1618.0 1709.0 1800.0
1618.0 1709.0 1800.0
1618.0 1709.0 1800.0
1618.0 1709.0 1800.0
1618.0 1709.0 1800.0
1618.0 1709.0 1800.0
1618.0 1709.0 1800.0
1618.0 1709.0 1800.0
1618.0 1709.0 1800.0
1618.0 1709.0 1800.0
1618.0 1709.0 1800.0
1618.0 1709.0 1800.0
1618.0 1709.0 1800.0
1618.0 1709.0 1800.0
1618.0 1709.0 1800.0
1618.0 1709.0 1800.0
1618.0 1709.0 1800.0
1618.0 1709.0 1800.0
1618.0 1709.0 1800.0
1618.0 1709.0 1800.0
1618.0 1709.0 1800.0
1618.0 1709.0 1800.0
1618.0 1709.0 1800.0
1618.0 1709.0 1800.0
1618.0 1709.0 1800.0
1618.0 1709.0 1800.0
1618.0 1709.0 1800.0
1618.0 1709.0 1800.0
