12073.0 13175.5 14278.0
7699.0 9632.5 11566.0
7024.0 7277.0 7530.0
5707.0 6015.0 6323.0
4840.0 5406.5 5973.0
4628.0 4876.5 5125.0
3204.0 3664.0 4124.0
3216.0 3353.5 3491.0
2171.0 2831.0 3491.0
2171.0 2445.5 2720.0
2032.0 2101.5 2171.0
2032.0 2101.5 2171.0
2032.0 2101.5 2171.0
2032.0 2101.5 2171.0
2032.0 2197.5 2363.0
2032.0 2197.5 2363.0
1732.0 2047.5 2363.0
1732.0 2047.5 2363.0
1412.0 1887.5 2363.0
1412.0 1887.5 2363.0
1412.0 1887.5 2363.0
1412.0 1887.5 2363.0
1412.0 1887.5 2363.0
1412.0 1887.5 2363.0
1412.0 1887.5 2363.0
1412.0 1887.5 2363.0
1412.0 1887.5 2363.0
1412.0 1887.5 2363.0
1412.0 1981.0 2550.0
1412.0 1833.5 2255.0
1412.0 1833.5 2255.0
1412.0 1833.5 2255.0
1412.0 1833.5 2255.0
1412.0 1833.5 2255.0
1412.0 1833.5 2255.0
1412.0 1833.5 2255.0
1412.0 1833.5 2255.0
1412.0 1833.5 2255.0
1412.0 1833.5 2255.0
1412.0 1833.5 2255.0
1412.0 1833.5 2255.0
1412.0 1833.5 2255.0
1412.0 1833.5 2255.0
1412.0 1833.5 2255.0
1412.0 1833.5 2255.0
1412.0 1625.5 1839.0
1412.0 1625.5 1839.0
1412.0 1625.5 1839.0
1412.0 1625.5 1839.0
1412.0 1625.5 1839.0
1412.0 1625.5 1839.0
1412.0 1625.5 1839.0
1412.0 1625.5 1839.0
1412.0 1625.5 1839.0
1412.0 1625.5 1839.0
1412.0 1625.5 1839.0
1412.0 1625.5 1839.0
1412.0 1625.5 1839.0
1412.0 1625.5 1839.0
1412.0 1625.5 1839.0
1412.0 1625.5 1839.0
1412.0 1625.5 1839.0
1412.0 1625.5 1839.0
1412.0 1625.5 1839.0
1412.0 1625.5 1839.0
1412.0 1625.5 1839.0
1412.0 1625.5 1839.0
1412.0 1625.5 1839.0
1412.0 1625.5 1839.0
1412.0 1625.5 1839.0
1412.0 1625.5 1839.0
1412.0 1625.5 1839.0
1412.0 1625.5 1839.0
1412.0 1625.5 1839.0
1412.0 1625.5 1839.0
1412.0 1625.5 1839.0
1412.0 1625.5 1839.0
1412.0 1625.5 1839.0
1412.0 1625.5 1839.0
1412.0 1625.5 1839.0
1412.0 1625.5 1839.0
1412.0 1625.5 1839.0
1412.0 1625.5 1839.0
1412.0 1625.5 1839.0
1412.0 1625.5 1839.0
1412.0 1625.5 1839.0
1412.0 1625.5 1839.0
1412.0 1625.5 1839.0
1412.0 1625.5 1839.0
1412.0 1625.5 1839.0
1412.0 1625.5 1839.0
1412.0 1625.5 1839.0
1412.0 1625.5 1839.0
1412.0 1625.5 1839.0
1412.0 1625.5 1839.0
1412.0 1625.5 1839.0
1412.0 1625.5 1839.0
1412.0 1625.5 1839.0
1412.0 1625.5 1839.0
1412.0 1625.5 1839.0
1412.0 1625.5 1839.0
1412.0 1625.5 1839.0
1412.0 1625.5 1839.0
1412.0 1625.5 1839.0
1412.0 1625.5 1839.0
1412.0 1625.5 1839.0
1412.0 1625.5 1839.0
1412.0 1625.5 1839.0
1412.0 1625.5 1839.0
1412.0 1625.5 1839.0
1412.0 1625.5 1839.0
1412.0 1625.5 1839.0
1412.0 1625.5 1839.0
1412.0 1625.5 1839.0
1412.0 1625.5 1839.0
1412.0 1625.5 1839.0
1412.0 1625.5 1839.0
1412.0 1625.5 1839.0
1412.0 1625.5 1839.0
1412.0 1625.5 1839.0
1412.0 1625.5 1839.0
1412.0 1625.5 1839.0
1412.0 1625.5 1839.0
1412.0 1625.5 1839.0
1412.0 1625.5 1839.0
1412.0 1625.5 1839.0
1412.0 1625.5 1839.0
1412.0 1625.5 1839.0
1412.0 1625.5 1839.0
1412.0 1625.5 1839.0
1412.0 1625.5 1839.0
1412.0 1625.5 1839.0
1412.0 1625.5 1839.0
1412.0 1625.5 1839.0
1412.0 1625.5 1839.0
1412.0 1625.5 1839.0
1412.0 1625.5 1839.0
1412.0 1625.5 1839.0
1412.0 1625.5 1839.0
1412.0 1625.5 1839.0
1412.0 1625.5 1839.0
1412.0 1625.5 1839.0
1412.0 1625.5 1839.0
1412.0 1625.5 1839.0
1412.0 1625.5 1839.0
1412.0 1625.5 1839.0
1412.0 1625.5 1839.0
1412.0 1625.5 1839.0
1412.0 1625.5 1839.0
1412.0 1625.5 1839.0
1412.0 1625.5 1839.0
1412.0 1625.5 1839.0
1412.0 1625.5 1839.0
1412.0 1625.5 1839.0
1412.0 1625.5 1839.0
1412.0 1625.5 1839.0
1412.0 1625.5 1839.0
1412.0 1625.5 1839.0
1412.0 1625.5 1839.0
1412.0 1625.5 1839.0
1412.0 1625.5 1839.0
1412.0 1625.5 1839.0
1412.0 1625.5 1839.0
1412.0 1625.5 1839.0
1412.0 1625.5 1839.0
1412.0 1625.5 1839.0
1412.0 1625.5 1839.0
1412.0 1625.5 1839.0
1412.0 1625.5 1839.0
1412.0 1625.5 1839.0
1412.0 1625.5 1839.0
1412.0 1625.5 1839.0
1412.0 1625.5 1839.0
1412.0 1625.5 1839.0
1412.0 1625.5 1839.0
1412.0 1625.5 1839.0
1412.0 1625.5 1839.0
1412.0 1625.5 1839.0
1412.0 1625.5 1839.0
1412.0 1625.5 1839.0
1412.0 1625.5 1839.0
1412.0 1625.5 1839.0
1412.0 1625.5 1839.0
1412.0 1625.5 1839.0
1412.0 1625.5 1839.0
1412.0 1625.5 1839.0
1412.0 1625.5 1839.0
1412.0 1625.5 1839.0
1412.0 1625.5 1839.0
1412.0 1625.5 1839.0
1412.0 1625.5 1839.0
1412.0 1625.5 1839.0
1412.0 1625.5 1839.0
1412.0 1625.5 1839.0
1412.0 1625.5 1839.0
1412.0 1625.5 1839.0
1412.0 1625.5 1839.0
1412.0 1625.5 1839.0
1412.0 1625.5 1839.0
1412.0 1625.5 1839.0
