10767.0 13054.0 15341.0
10729.0 10882.5 11036.0
7531.0 7621.5 7712.0
5426.0 5682.5 5939.0
4570.0 4998.0 5426.0
3847.0 4077.5 4308.0
3009.0 3106.5 3204.0
1580.0 1944.0 2308.0
1580.0 1944.0 2308.0
1580.0 1944.0 2308.0
1484.0 1532.0 1580.0
1484.0 1543.5 1603.0
1484.0 1543.5 1603.0
1484.0 1507.5 1531.0
1484.0 1507.5 1531.0
1484.0 1507.5 1531.0
1484.0 1507.5 1531.0
1484.0 1507.5 1531.0
1484.0 1507.5 1531.0
1484.0 1507.5 1531.0
1484.0 1507.5 1531.0
1484.0 1507.5 1531.0
1484.0 1507.5 1531.0
1484.0 1507.5 1531.0
1484.0 1507.5 1531.0
1484.0 1507.5 1531.0
1484.0 1507.5 1531.0
1484.0 1507.5 1531.0
1484.0 1507.5 1531.0
1484.0 1507.5 1531.0
1484.0 1507.5 1531.0
1484.0 1507.5 1531.0
1484.0 1507.5 1531.0
1484.0 1507.5 1531.0
1484.0 1507.5 1531.0
1484.0 1507.5 1531.0
1484.0 1507.5 1531.0
1484.0 1507.5 1531.0
1484.0 1507.5 1531.0
1484.0 1507.5 1531.0
1484.0 1507.5 1531.0
1484.0 1507.5 1531.0
1484.0 1507.5 1531.0
1484.0 1507.5 1531.0
1484.0 1507.5 1531.0
1484.0 1507.5 1531.0
1484.0 1507.5 1531.0
1484.0 1507.5 1531.0
1484.0 1507.5 1531.0
1484.0 1507.5 1531.0
1484.0 1507.5 1531.0
1484.0 1507.5 1531.0
1484.0 1507.5 1531.0
1484.0 1507.5 1531.0
1484.0 1507.5 1531.0
1484.0 1507.5 1531.0
1484.0 1507.5 1531.0
1484.0 1507.5 1531.0
1117.0 1300.5 1484.0
1117.0 1300.5 1484.0
1117.0 1167.5 1218.0
876.0 996.5 1117.0
922.0 1019.5 1117.0
922.0 1019.5 1117.0
922.0 1019.5 1117.0
922.0 1019.5 1117.0
922.0 1019.5 1117.0
922.0 1019.5 1117.0
922.0 1019.5 1117.0
922.0 1019.5 1117.0
922.0 1019.5 1117.0
922.0 1019.5 1117.0
922.0 1019.5 1117.0
922.0 1019.5 1117.0
922.0 1019.5 1117.0
922.0 1019.5 1117.0
922.0 1019.5 1117.0
922.0 1019.5 1117.0
922.0 1019.5 1117.0
922.0 1019.5 1117.0
922.0 1019.5 1117.0
922.0 1019.5 1117.0
922.0 1019.5 1117.0
922.0 1019.5 1117.0
922.0 1019.5 1117.0
922.0 1019.5 1117.0
922.0 1019.5 1117.0
922.0 1019.5 1117.0
922.0 1019.5 1117.0
922.0 1019.5 1117.0
922.0 1019.5 1117.0
922.0 1019.5 1117.0
922.0 1019.5 1117.0
922.0 1019.5 1117.0
922.0 1019.5 1117.0
922.0 1019.5 1117.0
922.0 1019.5 1117.0
922.0 1019.5 1117.0
922.0 1019.5 1117.0
922.0 1019.5 1117.0
922.0 1019.5 1117.0
922.0 1019.5 1117.0
922.0 1019.5 1117.0
922.0 1019.5 1117.0
922.0 1019.5 1117.0
922.0 1019.5 1117.0
922.0 1019.5 1117.0
922.0 1019.5 1117.0
922.0 1019.5 1117.0
922.0 1019.5 1117.0
922.0 1019.5 1117.0
922.0 1019.5 1117.0
922.0 1019.5 1117.0
922.0 1019.5 1117.0
922.0 1019.5 1117.0
922.0 1019.5 1117.0
922.0 1019.5 1117.0
922.0 1019.5 1117.0
922.0 1019.5 1117.0
922.0 1019.5 1117.0
922.0 1019.5 1117.0
922.0 1019.5 1117.0
922.0 1019.5 1117.0
922.0 1019.5 1117.0
922.0 1019.5 1117.0
922.0 1019.5 1117.0
922.0 1019.5 1117.0
922.0 1019.5 1117.0
922.0 1019.5 1117.0
922.0 1019.5 1117.0
922.0 1019.5 1117.0
922.0 1019.5 1117.0
922.0 1019.5 1117.0
922.0 1019.5 1117.0
922.0 1019.5 1117.0
922.0 1019.5 1117.0
922.0 1019.5 1117.0
922.0 1019.5 1117.0
922.0 1019.5 1117.0
922.0 1019.5 1117.0
922.0 1019.5 1117.0
922.0 1019.5 1117.0
922.0 1019.5 1117.0
922.0 1019.5 1117.0
922.0 1019.5 1117.0
922.0 1019.5 1117.0
922.0 1019.5 1117.0
922.0 1019.5 1117.0
922.0 1019.5 1117.0
922.0 1019.5 1117.0
922.0 1019.5 1117.0
922.0 1019.5 1117.0
922.0 1019.5 1117.0
922.0 1019.5 1117.0
922.0 1019.5 1117.0
922.0 1019.5 1117.0
922.0 1019.5 1117.0
922.0 1019.5 1117.0
922.0 1019.5 1117.0
922.0 1019.5 1117.0
922.0 1019.5 1117.0
922.0 1019.5 1117.0
922.0 1019.5 1117.0
922.0 1019.5 1117.0
922.0 1019.5 1117.0
922.0 1019.5 1117.0
922.0 1019.5 1117.0
922.0 1019.5 1117.0
922.0 1019.5 1117.0
922.0 1019.5 1117.0
922.0 1019.5 1117.0
922.0 1019.5 1117.0
922.0 1019.5 1117.0
922.0 1019.5 1117.0
922.0 1019.5 1117.0
922.0 1019.5 1117.0
922.0 1019.5 1117.0
922.0 1019.5 1117.0
922.0 1019.5 1117.0
922.0 1019.5 1117.0
922.0 1039.5 1157.0
922.0 1039.5 1157.0
887.0 904.5 922.0
887.0 904.5 922.0
887.0 904.5 922.0
887.0 904.5 922.0
887.0 904.5 922.0
887.0 904.5 922.0
887.0 904.5 922.0
887.0 904.5 922.0
887.0 904.5 922.0
887.0 904.5 922.0
887.0 904.5 922.0
887.0 904.5 922.0
887.0 904.5 922.0
887.0 904.5 922.0
887.0 904.5 922.0
887.0 904.5 922.0
887.0 904.5 922.0
887.0 904.5 922.0
