14600.0 14668.5 14737.0
9160.0 9769.0 10378.0
8433.0 9037.0 9641.0
6455.0 7118.0 7781.0
5086.0 5468.5 5851.0
3145.0 4119.5 5094.0
3145.0 3241.0 3337.0
3337.0 3509.0 3681.0
3144.0 3412.5 3681.0
2449.0 2666.5 2884.0
2449.0 2666.5 2884.0
2449.0 2666.5 2884.0
2449.0 2666.5 2884.0
2119.0 2284.0 2449.0
1078.0 1763.5 2449.0
1078.0 1763.5 2449.0
1078.0 1763.5 2449.0
1078.0 1763.5 2449.0
1078.0 1763.5 2449.0
1078.0 1763.5 2449.0
1078.0 1763.5 2449.0
1078.0 1563.5 2049.0
1078.0 1563.5 2049.0
1078.0 1563.5 2049.0
1078.0 1563.5 2049.0
1078.0 1563.5 2049.0
1078.0 1563.5 2049.0
1078.0 1563.5 2049.0
1078.0 1563.5 2049.0
1078.0 1563.5 2049.0
1078.0 1563.5 2049.0
1078.0 1563.5 2049.0
1078.0 1563.5 2049.0
1078.0 1563.5 2049.0
1078.0 1563.5 2049.0
1078.0 1563.5 2049.0
1078.0 1504.0 1930.0
1078.0 1476.0 1874.0
1078.0 1476.0 1874.0
1078.0 1476.0 1874.0
1078.0 1476.0 1874.0
1078.0 1476.0 1874.0
1078.0 1476.0 1874.0
1078.0 1476.0 1874.0
1078.0 1476.0 1874.0
1078.0 1476.0 1874.0
1078.0 1476.0 1874.0
1078.0 1476.0 1874.0
1078.0 1476.0 1874.0
1078.0 1476.0 1874.0
1078.0 1476.0 1874.0
1078.0 1476.0 1874.0
1078.0 1476.0 1874.0
1078.0 1476.0 1874.0
1078.0 1476.0 1874.0
1078.0 1476.0 1874.0
1078.0 1476.0 1874.0
1078.0 1476.0 1874.0
1078.0 1476.0 1874.0
1078.0 1476.0 1874.0
1078.0 1476.0 1874.0
1078.0 1476.0 1874.0
1078.0 1476.0 1874.0
1078.0 1476.0 1874.0
1078.0 1476.0 1874.0
1078.0 1476.0 1874.0
1078.0 1476.0 1874.0
1078.0 1476.0 1874.0
1078.0 1476.0 1874.0
1078.0 1476.0 1874.0
1078.0 1476.0 1874.0
1078.0 1476.0 1874.0
1078.0 1476.0 1874.0
1078.0 1476.0 1874.0
1078.0 1476.0 1874.0
1078.0 1476.0 1874.0
1078.0 1476.0 1874.0
1078.0 1476.0 1874.0
1078.0 1476.0 1874.0
1078.0 1476.0 1874.0
1078.0 1476.0 1874.0
1078.0 1476.0 1874.0
1078.0 1476.0 1874.0
1078.0 1476.0 1874.0
1078.0 1476.0 1874.0
1078.0 1476.0 1874.0
1078.0 1476.0 1874.0
1078.0 1476.0 1874.0
1078.0 1476.0 1874.0
1078.0 1476.0 1874.0
1078.0 1476.0 1874.0
1078.0 1476.0 1874.0
1078.0 1390.5 1703.0
1078.0 1390.5 1703.0
1078.0 1390.5 1703.0
1078.0 1390.5 1703.0
1078.0 1390.5 1703.0
1078.0 1390.5 1703.0
1078.0 1390.5 1703.0
1078.0 1390.5 1703.0
1078.0 1390.5 1703.0
1078.0 1390.5 1703.0
1078.0 1390.5 1703.0
1078.0 1390.5 1703.0
1078.0 1390.5 1703.0
1078.0 1390.5 1703.0
1078.0 1390.5 1703.0
1078.0 1390.5 1703.0
1078.0 1390.5 1703.0
1078.0 1390.5 1703.0
1078.0 1390.5 1703.0
1078.0 1390.5 1703.0
1078.0 1390.5 1703.0
1078.0 1390.5 1703.0
1078.0 1390.5 1703.0
1078.0 1390.5 1703.0
1078.0 1390.5 1703.0
1078.0 1390.5 1703.0
1078.0 1390.5 1703.0
1078.0 1390.5 1703.0
1078.0 1390.5 1703.0
1078.0 1390.5 1703.0
1078.0 1390.5 1703.0
1078.0 1390.5 1703.0
1078.0 1390.5 1703.0
1078.0 1390.5 1703.0
1078.0 1390.5 1703.0
1078.0 1390.5 1703.0
1078.0 1390.5 1703.0
1078.0 1390.5 1703.0
1078.0 1390.5 1703.0
1078.0 1390.5 1703.0
1078.0 1390.5 1703.0
1078.0 1390.5 1703.0
1078.0 1390.5 1703.0
1078.0 1390.5 1703.0
1078.0 1390.5 1703.0
1078.0 1390.5 1703.0
1078.0 1390.5 1703.0
1078.0 1390.5 1703.0
1078.0 1390.5 1703.0
1078.0 1390.5 1703.0
1078.0 1390.5 1703.0
1078.0 1390.5 1703.0
1078.0 1390.5 1703.0
1078.0 1390.5 1703.0
1078.0 1390.5 1703.0
1078.0 1390.5 1703.0
1078.0 1390.5 1703.0
1078.0 1390.5 1703.0
1078.0 1390.5 1703.0
1078.0 1390.5 1703.0
1078.0 1390.5 1703.0
1078.0 1390.5 1703.0
1078.0 1457.5 1837.0
1078.0 1322.0 1566.0
1078.0 1185.5 1293.0
1078.0 1185.5 1293.0
1078.0 1153.0 1228.0
1078.0 1153.0 1228.0
1078.0 1153.0 1228.0
1078.0 1153.0 1228.0
1078.0 1153.0 1228.0
1078.0 1153.0 1228.0
1078.0 1153.0 1228.0
1078.0 1153.0 1228.0
1078.0 1153.0 1228.0
1078.0 1153.0 1228.0
1078.0 1153.0 1228.0
1078.0 1153.0 1228.0
1078.0 1153.0 1228.0
1078.0 1153.0 1228.0
1078.0 1153.0 1228.0
1078.0 1153.0 1228.0
1078.0 1153.0 1228.0
1078.0 1153.0 1228.0
1078.0 1153.0 1228.0
1078.0 1153.0 1228.0
1078.0 1153.0 1228.0
1078.0 1153.0 1228.0
1078.0 1153.0 1228.0
1078.0 1153.0 1228.0
1078.0 1153.0 1228.0
1078.0 1153.0 1228.0
1078.0 1153.0 1228.0
1078.0 1153.0 1228.0
1078.0 1153.0 1228.0
1078.0 1153.0 1228.0
1078.0 1153.0 1228.0
1078.0 1153.0 1228.0
1078.0 1153.0 1228.0
1078.0 1153.0 1228.0
1078.0 1153.0 1228.0
1078.0 1153.0 1228.0
1078.0 1153.0 1228.0
1078.0 1153.0 1228.0
1078.0 1153.0 1228.0
1078.0 1153.0 1228.0
1078.0 1153.0 1228.0
1078.0 1153.0 1228.0
