14115.0 14422.5 14730.0
9474.0 10444.5 11415.0
7337.0 7626.0 7915.0
6495.0 7127.5 7760.0
5435.0 5743.0 6051.0
4747.0 5177.0 5607.0
3863.0 4266.5 4670.0
3586.0 3724.5 3863.0
3235.0 3410.5 3586.0
3235.0 3410.5 3586.0
3235.0 3721.0 4207.0
2053.0 2644.0 3235.0
2053.0 2644.0 3235.0
2053.0 2519.5 2986.0
2053.0 2519.5 2986.0
2053.0 2519.5 2986.0
2053.0 2452.0 2851.0
1633.0 1843.0 2053.0
1633.0 1843.0 2053.0
1633.0 1843.0 2053.0
1633.0 1843.0 2053.0
1633.0 1843.0 2053.0
1633.0 1843.0 2053.0
1633.0 1843.0 2053.0
1633.0 1843.0 2053.0
1633.0 1843.0 2053.0
1633.0 1843.0 2053.0
1633.0 1843.0 2053.0
1633.0 1843.0 2053.0
1633.0 1843.0 2053.0
1633.0 1843.0 2053.0
1633.0 1843.0 2053.0
1633.0 1843.0 2053.0
1633.0 1843.0 2053.0
1633.0 1843.0 2053.0
1633.0 1843.0 2053.0
1633.0 1843.0 2053.0
1633.0 1843.0 2053.0
1633.0 1843.0 2053.0
1633.0 1843.0 2053.0
1633.0 1843.0 2053.0
1633.0 1843.0 2053.0
1633.0 1843.0 2053.0
1633.0 1843.0 2053.0
1633.0 1843.0 2053.0
1633.0 1839.5 2046.0
1633.0 1839.5 2046.0
1633.0 1839.5 2046.0
1633.0 1839.5 2046.0
1633.0 1839.5 2046.0
1633.0 1839.5 2046.0
1633.0 1839.5 2046.0
1633.0 1839.5 2046.0
1633.0 1839.5 2046.0
1633.0 1839.5 2046.0
1633.0 1839.5 2046.0
1633.0 1839.5 2046.0
1633.0 1839.5 2046.0
1633.0 1839.5 2046.0
1633.0 1839.5 2046.0
1633.0 1839.5 2046.0
1633.0 1839.5 2046.0
1633.0 1839.5 2046.0
1633.0 1839.5 2046.0
1633.0 1839.5 2046.0
1633.0 1839.5 2046.0
1633.0 1839.5 2046.0
1633.0 1839.5 2046.0
1633.0 1839.5 2046.0
1633.0 1839.5 2046.0
1633.0 1839.5 2046.0
1633.0 1839.5 2046.0
1633.0 1839.5 2046.0
1633.0 1839.5 2046.0
1633.0 1839.5 2046.0
1633.0 1839.5 2046.0
1633.0 1839.5 2046.0
1633.0 1839.5 2046.0
1633.0 1839.5 2046.0
1633.0 1839.5 2046.0
1633.0 1839.5 2046.0
1633.0 1839.5 2046.0
1633.0 1839.5 2046.0
1633.0 1839.5 2046.0
1633.0 1839.5 2046.0
1633.0 1839.5 2046.0
1633.0 1839.5 2046.0
1633.0 1839.5 2046.0
1633.0 1839.5 2046.0
1633.0 1839.5 2046.0
1633.0 1839.5 2046.0
1633.0 1839.5 2046.0
1633.0 1839.5 2046.0
1633.0 1839.5 2046.0
1633.0 1839.5 2046.0
1633.0 1839.5 2046.0
1633.0 1839.5 2046.0
1633.0 1839.5 2046.0
1633.0 1839.5 2046.0
1633.0 1839.5 2046.0
1633.0 1839.5 2046.0
1633.0 1839.5 2046.0
1633.0 1839.5 2046.0
1633.0 1839.5 2046.0
1633.0 1839.5 2046.0
1633.0 1839.5 2046.0
1633.0 1839.5 2046.0
1633.0 1839.5 2046.0
1633.0 1839.5 2046.0
1633.0 1839.5 2046.0
1633.0 1839.5 2046.0
1633.0 1839.5 2046.0
1633.0 1839.5 2046.0
1633.0 1839.5 2046.0
1633.0 1839.5 2046.0
1633.0 1839.5 2046.0
1633.0 1839.5 2046.0
1633.0 1839.5 2046.0
1633.0 1839.5 2046.0
1633.0 1839.5 2046.0
1633.0 1839.5 2046.0
1633.0 1839.5 2046.0
1633.0 1839.5 2046.0
1633.0 1839.5 2046.0
1633.0 1839.5 2046.0
1633.0 1839.5 2046.0
1633.0 1839.5 2046.0
1633.0 1839.5 2046.0
1633.0 1839.5 2046.0
1633.0 1839.5 2046.0
1633.0 1839.5 2046.0
1633.0 1839.5 2046.0
1633.0 1839.5 2046.0
1633.0 1839.5 2046.0
1633.0 1839.5 2046.0
1633.0 1839.5 2046.0
1633.0 1839.5 2046.0
1633.0 1839.5 2046.0
1633.0 1839.5 2046.0
1633.0 1839.5 2046.0
1633.0 1839.5 2046.0
1633.0 1839.5 2046.0
1633.0 1839.5 2046.0
1633.0 1839.5 2046.0
1633.0 1839.5 2046.0
1633.0 1839.5 2046.0
1633.0 1839.5 2046.0
1633.0 1839.5 2046.0
1633.0 1839.5 2046.0
1633.0 1839.5 2046.0
1633.0 1839.5 2046.0
1633.0 1839.5 2046.0
1633.0 1839.5 2046.0
1633.0 1839.5 2046.0
1633.0 1839.5 2046.0
1633.0 1839.5 2046.0
1633.0 1839.5 2046.0
1633.0 1839.5 2046.0
1633.0 1839.5 2046.0
1633.0 1839.5 2046.0
1633.0 1839.5 2046.0
1633.0 1839.5 2046.0
1633.0 1839.5 2046.0
1633.0 1839.5 2046.0
1633.0 1839.5 2046.0
1633.0 1839.5 2046.0
1633.0 1839.5 2046.0
1633.0 1839.5 2046.0
1633.0 1839.5 2046.0
1633.0 1839.5 2046.0
1633.0 1839.5 2046.0
1633.0 1839.5 2046.0
1633.0 1839.5 2046.0
1633.0 1839.5 2046.0
1633.0 1839.5 2046.0
1633.0 1839.5 2046.0
1633.0 1839.5 2046.0
1633.0 1839.5 2046.0
1633.0 1839.5 2046.0
1633.0 1839.5 2046.0
1391.0 1512.0 1633.0
1260.0 1446.5 1633.0
1260.0 1446.5 1633.0
1260.0 1446.5 1633.0
1260.0 1446.5 1633.0
1260.0 1446.5 1633.0
1260.0 1446.5 1633.0
1260.0 1446.5 1633.0
1260.0 1446.5 1633.0
1260.0 1446.5 1633.0
1260.0 1446.5 1633.0
1260.0 1446.5 1633.0
1260.0 1446.5 1633.0
1260.0 1446.5 1633.0
1260.0 1446.5 1633.0
1260.0 1446.5 1633.0
1260.0 1446.5 1633.0
1260.0 1446.5 1633.0
1260.0 1446.5 1633.0
1260.0 1446.5 1633.0
