14215.0 14473.5 14732.0
11927.0 12694.0 13461.0
8930.0 9646.5 10363.0
6559.0 7276.0 7993.0
6339.0 6633.0 6927.0
4314.0 5620.5 6927.0
4314.0 5347.0 6380.0
4314.0 4578.0 4842.0
4545.0 4718.5 4892.0
2310.0 3031.5 3753.0
2473.0 3113.0 3753.0
2128.0 2760.0 3392.0
2128.0 2693.0 3258.0
2128.0 2451.5 2775.0
2128.0 2451.5 2775.0
2128.0 2451.5 2775.0
2128.0 2314.0 2500.0
2128.0 2138.5 2149.0
2128.0 2138.5 2149.0
2128.0 2138.5 2149.0
2128.0 2138.5 2149.0
2128.0 2138.5 2149.0
2128.0 2138.5 2149.0
2128.0 2138.5 2149.0
2128.0 2138.5 2149.0
2128.0 2138.5 2149.0
2128.0 2138.5 2149.0
2128.0 2138.5 2149.0
1590.0 1859.0 2128.0
1553.0 1840.5 2128.0
1553.0 1840.5 2128.0
1553.0 1840.5 2128.0
1553.0 1840.5 2128.0
1553.0 1840.5 2128.0
1553.0 1840.5 2128.0
1553.0 1840.5 2128.0
1553.0 1840.5 2128.0
1553.0 1840.5 2128.0
1553.0 1840.5 2128.0
1553.0 1840.5 2128.0
1553.0 1840.5 2128.0
1553.0 1840.5 2128.0
1553.0 1840.5 2128.0
1553.0 1840.5 2128.0
1553.0 1840.5 2128.0
1553.0 1840.5 2128.0
1553.0 1840.5 2128.0
1553.0 1840.5 2128.0
1553.0 1840.5 2128.0
1553.0 1818.5 2084.0
1553.0 1607.0 1661.0
1553.0 1607.0 1661.0
1553.0 1607.0 1661.0
1553.0 1607.0 1661.0
1553.0 1607.0 1661.0
1553.0 1607.0 1661.0
1553.0 1607.0 1661.0
1553.0 1607.0 1661.0
1553.0 1607.0 1661.0
1553.0 1607.0 1661.0
1553.0 1607.0 1661.0
1553.0 1769.0 1985.0
1553.0 1576.5 1600.0
1553.0 1576.5 1600.0
1553.0 1576.5 1600.0
1553.0 1576.5 1600.0
1553.0 1576.5 1600.0
1553.0 1576.5 1600.0
1553.0 1576.5 1600.0
1553.0 1576.5 1600.0
1553.0 1576.5 1600.0
1553.0 1576.5 1600.0
1553.0 1576.5 1600.0
1553.0 1576.5 1600.0
1553.0 1576.5 1600.0
1553.0 1576.5 1600.0
1553.0 1576.5 1600.0
1553.0 1576.5 1600.0
1553.0 1576.5 1600.0
1553.0 1576.5 1600.0
1553.0 1576.5 1600.0
1553.0 1576.5 1600.0
1553.0 1576.5 1600.0
1553.0 1576.5 1600.0
1553.0 1576.5 1600.0
1553.0 1576.5 1600.0
1553.0 1576.5 1600.0
1553.0 1576.5 1600.0
1553.0 1576.5 1600.0
1553.0 1576.5 1600.0
1553.0 1576.5 1600.0
1553.0 1576.5 1600.0
1553.0 1576.5 1600.0
1553.0 1576.5 1600.0
1553.0 1576.5 1600.0
1553.0 1576.5 1600.0
1553.0 1576.5 1600.0
1553.0 1576.5 1600.0
1553.0 1576.5 1600.0
1553.0 1576.5 1600.0
1553.0 1576.5 1600.0
1553.0 1576.5 1600.0
1553.0 1576.5 1600.0
1553.0 1576.5 1600.0
1553.0 1576.5 1600.0
1553.0 1576.5 1600.0
1553.0 1576.5 1600.0
1553.0 1576.5 1600.0
1553.0 1576.5 1600.0
1553.0 1576.5 1600.0
1553.0 1576.5 1600.0
1553.0 1576.5 1600.0
1553.0 1576.5 1600.0
1553.0 1576.5 1600.0
1553.0 1576.5 1600.0
1553.0 1576.5 1600.0
1553.0 1576.5 1600.0
1553.0 1576.5 1600.0
1553.0 1576.5 1600.0
1553.0 1576.5 1600.0
1553.0 1576.5 1600.0
1553.0 1576.5 1600.0
1553.0 1576.5 1600.0
1553.0 1576.5 1600.0
1553.0 1576.5 1600.0
1553.0 1576.5 1600.0
1553.0 1576.5 1600.0
1553.0 1576.5 1600.0
1553.0 1576.5 1600.0
1553.0 1576.5 1600.0
1553.0 1576.5 1600.0
1553.0 1576.5 1600.0
1553.0 1576.5 1600.0
1553.0 1576.5 1600.0
1553.0 1576.5 1600.0
1553.0 1576.5 1600.0
1553.0 1576.5 1600.0
1553.0 1576.5 1600.0
1553.0 1576.5 1600.0
1553.0 1576.5 1600.0
1553.0 1576.5 1600.0
1553.0 1576.5 1600.0
1553.0 1576.5 1600.0
1553.0 1576.5 1600.0
1553.0 1576.5 1600.0
1553.0 1576.5 1600.0
1553.0 1576.5 1600.0
1553.0 1576.5 1600.0
1553.0 1576.5 1600.0
1553.0 1576.5 1600.0
1553.0 1576.5 1600.0
1553.0 1576.5 1600.0
1553.0 1576.5 1600.0
1553.0 1576.5 1600.0
1553.0 1576.5 1600.0
1553.0 1576.5 1600.0
1553.0 1576.5 1600.0
1553.0 1576.5 1600.0
1553.0 1576.5 1600.0
1553.0 1576.5 1600.0
1553.0 1576.5 1600.0
1553.0 1576.5 1600.0
1553.0 1576.5 1600.0
1553.0 1576.5 1600.0
1553.0 1576.5 1600.0
1553.0 1576.5 1600.0
1553.0 1576.5 1600.0
1553.0 1576.5 1600.0
1553.0 1576.5 1600.0
1553.0 1576.5 1600.0
1553.0 1576.5 1600.0
1553.0 1576.5 1600.0
1553.0 1576.5 1600.0
1553.0 1576.5 1600.0
1553.0 1576.5 1600.0
1553.0 1576.5 1600.0
1553.0 1576.5 1600.0
1553.0 1576.5 1600.0
1553.0 1576.5 1600.0
1553.0 1576.5 1600.0
1553.0 1576.5 1600.0
1553.0 1576.5 1600.0
1553.0 1576.5 1600.0
1553.0 1576.5 1600.0
1553.0 1576.5 1600.0
1553.0 1576.5 1600.0
1553.0 1576.5 1600.0
1553.0 1576.5 1600.0
1553.0 1576.5 1600.0
1553.0 1576.5 1600.0
1553.0 1576.5 1600.0
1553.0 1576.5 1600.0
1553.0 1576.5 1600.0
1553.0 1576.5 1600.0
1553.0 1576.5 1600.0
1553.0 1576.5 1600.0
1553.0 1576.5 1600.0
1553.0 1576.5 1600.0
1553.0 1576.5 1600.0
1553.0 1576.5 1600.0
