9437.0 11074.0 12711.0
7023.0 7972.5 8922.0
5258.0 6323.5 7389.0
5258.0 5539.5 5821.0
3138.0 3524.0 3910.0
3092.0 3450.5 3809.0
2656.0 2700.5 2745.0
1950.0 2260.5 2571.0
1658.0 2174.5 2691.0
1321.0 1545.0 1769.0
1321.0 1388.5 1456.0
1441.0 1463.0 1485.0
1198.0 1213.5 1229.0
1198.0 1213.5 1229.0
866.0 973.5 1081.0
866.0 973.5 1081.0
866.0 973.5 1081.0
866.0 973.5 1081.0
866.0 973.5 1081.0
866.0 973.5 1081.0
866.0 973.5 1081.0
866.0 973.5 1081.0
866.0 973.5 1081.0
866.0 973.5 1081.0
866.0 973.5 1081.0
866.0 973.5 1081.0
866.0 973.5 1081.0
866.0 973.5 1081.0
866.0 973.5 1081.0
866.0 973.5 1081.0
866.0 973.5 1081.0
866.0 973.5 1081.0
866.0 973.5 1081.0
866.0 973.5 1081.0
866.0 973.5 1081.0
866.0 973.5 1081.0
866.0 973.5 1081.0
866.0 973.5 1081.0
866.0 973.5 1081.0
866.0 973.5 1081.0
866.0 973.5 1081.0
866.0 973.5 1081.0
866.0 973.5 1081.0
866.0 973.5 1081.0
866.0 973.5 1081.0
866.0 973.5 1081.0
866.0 973.5 1081.0
866.0 973.5 1081.0
866.0 973.5 1081.0
866.0 973.5 1081.0
866.0 973.5 1081.0
866.0 973.5 1081.0
866.0 973.5 1081.0
866.0 973.5 1081.0
866.0 973.5 1081.0
866.0 973.5 1081.0
866.0 973.5 1081.0
866.0 973.5 1081.0
866.0 973.5 1081.0
866.0 973.5 1081.0
866.0 973.5 1081.0
866.0 973.5 1081.0
866.0 973.5 1081.0
866.0 973.5 1081.0
866.0 973.5 1081.0
866.0 973.5 1081.0
866.0 973.5 1081.0
866.0 973.5 1081.0
866.0 973.5 1081.0
866.0 973.5 1081.0
866.0 973.5 1081.0
866.0 973.5 1081.0
866.0 973.5 1081.0
866.0 973.5 1081.0
866.0 973.5 1081.0
866.0 973.5 1081.0
866.0 973.5 1081.0
866.0 973.5 1081.0
866.0 973.5 1081.0
866.0 973.5 1081.0
866.0 973.5 1081.0
866.0 973.5 1081.0
866.0 973.5 1081.0
866.0 973.5 1081.0
866.0 973.5 1081.0
866.0 973.5 1081.0
866.0 973.5 1081.0
866.0 973.5 1081.0
866.0 973.5 1081.0
866.0 973.5 1081.0
866.0 973.5 1081.0
866.0 973.5 1081.0
866.0 973.5 1081.0
866.0 973.5 1081.0
866.0 973.5 1081.0
866.0 973.5 1081.0
866.0 973.5 1081.0
866.0 973.5 1081.0
866.0 973.5 1081.0
866.0 973.5 1081.0
866.0 973.5 1081.0
866.0 973.5 1081.0
866.0 973.5 1081.0
866.0 973.5 1081.0
866.0 973.5 1081.0
866.0 973.5 1081.0
866.0 973.5 1081.0
866.0 973.5 1081.0
866.0 973.5 1081.0
866.0 973.5 1081.0
866.0 973.5 1081.0
866.0 973.5 1081.0
866.0 973.5 1081.0
866.0 973.5 1081.0
866.0 973.5 1081.0
866.0 973.5 1081.0
866.0 973.5 1081.0
866.0 973.5 1081.0
866.0 973.5 1081.0
866.0 973.5 1081.0
866.0 973.5 1081.0
866.0 973.5 1081.0
866.0 973.5 1081.0
866.0 973.5 1081.0
866.0 973.5 1081.0
866.0 973.5 1081.0
866.0 973.5 1081.0
866.0 973.5 1081.0
866.0 973.5 1081.0
866.0 973.5 1081.0
866.0 973.5 1081.0
866.0 973.5 1081.0
866.0 973.5 1081.0
866.0 973.5 1081.0
866.0 973.5 1081.0
866.0 973.5 1081.0
866.0 973.5 1081.0
866.0 973.5 1081.0
866.0 973.5 1081.0
866.0 973.5 1081.0
866.0 973.5 1081.0
866.0 973.5 1081.0
866.0 973.5 1081.0
866.0 973.5 1081.0
866.0 973.5 1081.0
866.0 973.5 1081.0
866.0 973.5 1081.0
866.0 973.5 1081.0
866.0 973.5 1081.0
866.0 973.5 1081.0
866.0 973.5 1081.0
866.0 973.5 1081.0
866.0 973.5 1081.0
866.0 973.5 1081.0
866.0 973.5 1081.0
866.0 973.5 1081.0
866.0 973.5 1081.0
866.0 973.5 1081.0
866.0 973.5 1081.0
866.0 973.5 1081.0
866.0 973.5 1081.0
866.0 973.5 1081.0
866.0 973.5 1081.0
866.0 973.5 1081.0
866.0 973.5 1081.0
866.0 973.5 1081.0
866.0 973.5 1081.0
866.0 973.5 1081.0
866.0 973.5 1081.0
866.0 973.5 1081.0
866.0 973.5 1081.0
866.0 973.5 1081.0
866.0 973.5 1081.0
866.0 973.5 1081.0
866.0 973.5 1081.0
866.0 973.5 1081.0
866.0 973.5 1081.0
866.0 973.5 1081.0
866.0 973.5 1081.0
866.0 973.5 1081.0
866.0 973.5 1081.0
866.0 973.5 1081.0
866.0 973.5 1081.0
866.0 973.5 1081.0
866.0 973.5 1081.0
866.0 973.5 1081.0
866.0 973.5 1081.0
866.0 973.5 1081.0
866.0 973.5 1081.0
866.0 973.5 1081.0
866.0 973.5 1081.0
866.0 973.5 1081.0
866.0 973.5 1081.0
866.0 973.5 1081.0
866.0 973.5 1081.0
866.0 973.5 1081.0
866.0 973.5 1081.0
866.0 973.5 1081.0
866.0 973.5 1081.0
866.0 973.5 1081.0
