14433.0 15283.0 16133.0
11408.0 12243.5 13079.0
8862.0 10671.0 12480.0
5971.0 6545.0 7119.0
5971.0 6656.0 7341.0
4491.0 4895.0 5299.0
4491.0 4568.5 4646.0
2705.0 3059.0 3413.0
2705.0 2756.0 2807.0
2705.0 2756.0 2807.0
2705.0 2756.0 2807.0
2705.0 2711.0 2717.0
2638.0 2671.5 2705.0
2638.0 2671.5 2705.0
2638.0 2671.5 2705.0
2638.0 2671.5 2705.0
2638.0 2671.5 2705.0
2638.0 2671.5 2705.0
2638.0 2671.5 2705.0
2134.0 2386.0 2638.0
2267.0 2452.5 2638.0
2267.0 2452.5 2638.0
2267.0 2452.5 2638.0
2267.0 2452.5 2638.0
2267.0 2452.5 2638.0
2267.0 2452.5 2638.0
2267.0 2452.5 2638.0
2267.0 2452.5 2638.0
2267.0 2452.5 2638.0
2267.0 2452.5 2638.0
2267.0 2452.5 2638.0
2267.0 2452.5 2638.0
2267.0 2452.5 2638.0
2267.0 2452.5 2638.0
2267.0 2452.5 2638.0
2267.0 2452.5 2638.0
2267.0 2452.5 2638.0
2267.0 2452.5 2638.0
2267.0 2452.5 2638.0
2267.0 2452.5 2638.0
2267.0 2452.5 2638.0
2267.0 2452.5 2638.0
2267.0 2452.5 2638.0
2267.0 2452.5 2638.0
2267.0 2452.5 2638.0
2267.0 2452.5 2638.0
2267.0 2452.5 2638.0
2267.0 2452.5 2638.0
2267.0 2452.5 2638.0
2267.0 2452.5 2638.0
2267.0 2452.5 2638.0
2267.0 2452.5 2638.0
2267.0 2452.5 2638.0
2267.0 2452.5 2638.0
2267.0 2452.5 2638.0
2267.0 2452.5 2638.0
2267.0 2452.5 2638.0
2267.0 2374.5 2482.0
2267.0 2374.5 2482.0
1038.0 1652.5 2267.0
1038.0 1652.5 2267.0
1038.0 1285.5 1533.0
1038.0 1285.5 1533.0
1038.0 1285.5 1533.0
1038.0 1285.5 1533.0
1038.0 1285.5 1533.0
1038.0 1285.5 1533.0
1038.0 1285.5 1533.0
1038.0 1285.5 1533.0
1038.0 1285.5 1533.0
1038.0 1285.5 1533.0
1038.0 1285.5 1533.0
1038.0 1285.5 1533.0
1038.0 1285.5 1533.0
1038.0 1285.5 1533.0
1038.0 1285.5 1533.0
1038.0 1285.5 1533.0
1038.0 1285.5 1533.0
1038.0 1285.5 1533.0
1038.0 1285.5 1533.0
1038.0 1285.5 1533.0
1038.0 1285.5 1533.0
1038.0 1285.5 1533.0
1038.0 1285.5 1533.0
1038.0 1285.5 1533.0
1038.0 1285.5 1533.0
1038.0 1285.5 1533.0
1038.0 1285.5 1533.0
1038.0 1285.5 1533.0
1038.0 1285.5 1533.0
1038.0 1285.5 1533.0
1038.0 1285.5 1533.0
1038.0 1285.5 1533.0
1038.0 1285.5 1533.0
1038.0 1285.5 1533.0
1038.0 1285.5 1533.0
1038.0 1285.5 1533.0
1038.0 1285.5 1533.0
1038.0 1285.5 1533.0
1038.0 1285.5 1533.0
1038.0 1285.5 1533.0
1038.0 1285.5 1533.0
1038.0 1285.5 1533.0
1038.0 1285.5 1533.0
1038.0 1285.5 1533.0
1038.0 1285.5 1533.0
1038.0 1285.5 1533.0
1038.0 1285.5 1533.0
1038.0 1285.5 1533.0
1038.0 1285.5 1533.0
1038.0 1285.5 1533.0
1038.0 1285.5 1533.0
1038.0 1285.5 1533.0
1038.0 1285.5 1533.0
1038.0 1285.5 1533.0
1038.0 1285.5 1533.0
1038.0 1285.5 1533.0
1038.0 1285.5 1533.0
1038.0 1285.5 1533.0
1038.0 1285.5 1533.0
1038.0 1285.5 1533.0
1038.0 1285.5 1533.0
1038.0 1285.5 1533.0
1038.0 1285.5 1533.0
1038.0 1285.5 1533.0
1038.0 1285.5 1533.0
1038.0 1285.5 1533.0
1038.0 1285.5 1533.0
1038.0 1285.5 1533.0
1038.0 1285.5 1533.0
1038.0 1285.5 1533.0
1038.0 1285.5 1533.0
1038.0 1285.5 1533.0
1038.0 1285.5 1533.0
1038.0 1285.5 1533.0
1038.0 1285.5 1533.0
1038.0 1285.5 1533.0
1038.0 1285.5 1533.0
1038.0 1285.5 1533.0
1038.0 1285.5 1533.0
1038.0 1285.5 1533.0
1038.0 1285.5 1533.0
1038.0 1285.5 1533.0
1038.0 1285.5 1533.0
1038.0 1285.5 1533.0
1038.0 1285.5 1533.0
1038.0 1285.5 1533.0
1038.0 1285.5 1533.0
1038.0 1285.5 1533.0
1038.0 1285.5 1533.0
1038.0 1285.5 1533.0
1038.0 1285.5 1533.0
1038.0 1285.5 1533.0
1038.0 1285.5 1533.0
1038.0 1285.5 1533.0
1038.0 1285.5 1533.0
1038.0 1285.5 1533.0
1038.0 1285.5 1533.0
1038.0 1285.5 1533.0
1038.0 1285.5 1533.0
1038.0 1285.5 1533.0
1038.0 1285.5 1533.0
1038.0 1285.5 1533.0
1038.0 1285.5 1533.0
1038.0 1285.5 1533.0
1038.0 1285.5 1533.0
1038.0 1285.5 1533.0
1038.0 1285.5 1533.0
1038.0 1285.5 1533.0
1038.0 1285.5 1533.0
1038.0 1285.5 1533.0
1038.0 1285.5 1533.0
1038.0 1285.5 1533.0
1038.0 1285.5 1533.0
1038.0 1285.5 1533.0
1038.0 1285.5 1533.0
1038.0 1285.5 1533.0
1038.0 1285.5 1533.0
1038.0 1285.5 1533.0
1038.0 1285.5 1533.0
1038.0 1285.5 1533.0
1038.0 1285.5 1533.0
1038.0 1285.5 1533.0
1038.0 1285.5 1533.0
1038.0 1285.5 1533.0
1038.0 1285.5 1533.0
1038.0 1285.5 1533.0
1038.0 1285.5 1533.0
1038.0 1285.5 1533.0
1038.0 1285.5 1533.0
1038.0 1285.5 1533.0
1038.0 1285.5 1533.0
1038.0 1285.5 1533.0
1038.0 1285.5 1533.0
1038.0 1285.5 1533.0
1038.0 1285.5 1533.0
1038.0 1285.5 1533.0
1038.0 1285.5 1533.0
1038.0 1285.5 1533.0
1038.0 1285.5 1533.0
