14189.0 14632.0 15075.0
11682.0 12080.5 12479.0
7923.0 10596.0 13269.0
8144.0 8315.5 8487.0
5404.0 6661.5 7919.0
4480.0 5312.5 6145.0
3971.0 4361.5 4752.0
3971.0 4118.5 4266.0
3699.0 3704.5 3710.0
3699.0 3854.5 4010.0
2355.0 2629.5 2904.0
2011.0 2457.5 2904.0
2011.0 2112.5 2214.0
1694.0 1954.0 2214.0
1464.0 1839.0 2214.0
1464.0 1839.0 2214.0
1019.0 1806.5 2594.0
1019.0 1461.5 1904.0
1019.0 1284.0 1549.0
1019.0 1284.0 1549.0
1019.0 1284.0 1549.0
1019.0 1284.0 1549.0
1019.0 1284.0 1549.0
1019.0 1284.0 1549.0
1019.0 1284.0 1549.0
1019.0 1284.0 1549.0
1019.0 1284.0 1549.0
1019.0 1284.0 1549.0
1019.0 1284.0 1549.0
1019.0 1284.0 1549.0
1019.0 1284.0 1549.0
1019.0 1284.0 1549.0
1019.0 1284.0 1549.0
1019.0 1284.0 1549.0
1019.0 1284.0 1549.0
1019.0 1284.0 1549.0
1019.0 1284.0 1549.0
1019.0 1284.0 1549.0
1019.0 1284.0 1549.0
1019.0 1284.0 1549.0
1019.0 1284.0 1549.0
1019.0 1284.0 1549.0
1019.0 1284.0 1549.0
1019.0 1284.0 1549.0
1019.0 1284.0 1549.0
1019.0 1284.0 1549.0
1019.0 1284.0 1549.0
1019.0 1284.0 1549.0
1019.0 1284.0 1549.0
1019.0 1284.0 1549.0
1019.0 1284.0 1549.0
1019.0 1284.0 1549.0
1019.0 1284.0 1549.0
1019.0 1284.0 1549.0
1019.0 1284.0 1549.0
1019.0 1284.0 1549.0
1019.0 1284.0 1549.0
1019.0 1284.0 1549.0
1019.0 1284.0 1549.0
1019.0 1284.0 1549.0
1019.0 1284.0 1549.0
1019.0 1284.0 1549.0
1019.0 1284.0 1549.0
1019.0 1284.0 1549.0
1019.0 1284.0 1549.0
1019.0 1284.0 1549.0
1019.0 1248.5 1478.0
1019.0 1248.5 1478.0
1019.0 1248.5 1478.0
1019.0 1248.5 1478.0
1019.0 1248.5 1478.0
1019.0 1248.5 1478.0
1019.0 1165.5 1312.0
1019.0 1165.5 1312.0
1019.0 1165.5 1312.0
1019.0 1165.5 1312.0
1019.0 1165.5 1312.0
1019.0 1165.5 1312.0
1019.0 1165.5 1312.0
1019.0 1165.5 1312.0
1019.0 1165.5 1312.0
1019.0 1165.5 1312.0
1019.0 1165.5 1312.0
1019.0 1165.5 1312.0
1019.0 1165.5 1312.0
1019.0 1165.5 1312.0
1019.0 1165.5 1312.0
1019.0 1165.5 1312.0
1019.0 1165.5 1312.0
1019.0 1165.5 1312.0
1019.0 1165.5 1312.0
1019.0 1165.5 1312.0
1019.0 1165.5 1312.0
1019.0 1165.5 1312.0
1019.0 1165.5 1312.0
1019.0 1165.5 1312.0
1019.0 1165.5 1312.0
1019.0 1165.5 1312.0
1019.0 1165.5 1312.0
1019.0 1165.5 1312.0
1019.0 1165.5 1312.0
1019.0 1165.5 1312.0
1019.0 1165.5 1312.0
1019.0 1165.5 1312.0
1019.0 1165.5 1312.0
1019.0 1165.5 1312.0
1019.0 1165.5 1312.0
1019.0 1165.5 1312.0
1019.0 1165.5 1312.0
1019.0 1165.5 1312.0
1019.0 1165.5 1312.0
1019.0 1165.5 1312.0
1019.0 1165.5 1312.0
1019.0 1165.5 1312.0
1019.0 1165.5 1312.0
1019.0 1165.5 1312.0
1019.0 1165.5 1312.0
1019.0 1165.5 1312.0
1019.0 1165.5 1312.0
1019.0 1165.5 1312.0
1019.0 1165.5 1312.0
1019.0 1165.5 1312.0
1019.0 1165.5 1312.0
1019.0 1165.5 1312.0
1019.0 1165.5 1312.0
1019.0 1165.5 1312.0
1019.0 1165.5 1312.0
1019.0 1165.5 1312.0
1019.0 1165.5 1312.0
1019.0 1165.5 1312.0
1019.0 1165.5 1312.0
1019.0 1165.5 1312.0
1019.0 1165.5 1312.0
1019.0 1165.5 1312.0
1019.0 1165.5 1312.0
1019.0 1165.5 1312.0
1019.0 1165.5 1312.0
1019.0 1165.5 1312.0
1019.0 1165.5 1312.0
1019.0 1165.5 1312.0
1019.0 1165.5 1312.0
1019.0 1165.5 1312.0
1019.0 1165.5 1312.0
1019.0 1165.5 1312.0
1019.0 1165.5 1312.0
1019.0 1165.5 1312.0
1019.0 1165.5 1312.0
1019.0 1165.5 1312.0
1019.0 1165.5 1312.0
1019.0 1165.5 1312.0
1019.0 1165.5 1312.0
1019.0 1165.5 1312.0
1019.0 1165.5 1312.0
1019.0 1165.5 1312.0
1019.0 1165.5 1312.0
1019.0 1165.5 1312.0
1019.0 1165.5 1312.0
1019.0 1165.5 1312.0
1019.0 1165.5 1312.0
1019.0 1165.5 1312.0
1019.0 1165.5 1312.0
1019.0 1165.5 1312.0
1019.0 1165.5 1312.0
1019.0 1165.5 1312.0
1019.0 1165.5 1312.0
1019.0 1165.5 1312.0
1019.0 1165.5 1312.0
1019.0 1165.5 1312.0
1019.0 1165.5 1312.0
1019.0 1165.5 1312.0
1019.0 1165.5 1312.0
1019.0 1165.5 1312.0
1019.0 1165.5 1312.0
954.0 986.5 1019.0
954.0 986.5 1019.0
954.0 986.5 1019.0
954.0 986.5 1019.0
954.0 986.5 1019.0
954.0 986.5 1019.0
954.0 986.5 1019.0
954.0 986.5 1019.0
954.0 986.5 1019.0
954.0 986.5 1019.0
954.0 986.5 1019.0
954.0 986.5 1019.0
954.0 986.5 1019.0
954.0 986.5 1019.0
954.0 986.5 1019.0
954.0 986.5 1019.0
954.0 986.5 1019.0
954.0 986.5 1019.0
954.0 986.5 1019.0
954.0 986.5 1019.0
954.0 986.5 1019.0
954.0 986.5 1019.0
954.0 986.5 1019.0
954.0 986.5 1019.0
954.0 986.5 1019.0
954.0 986.5 1019.0
954.0 986.5 1019.0
