16116.0 16781.0 17446.0
13150.0 13769.5 14389.0
9424.0 10225.0 11026.0
8206.0 8285.5 8365.0
5513.0 6908.0 8303.0
4241.0 5472.5 6704.0
3504.0 4278.0 5052.0
3504.0 3883.0 4262.0
2824.0 3395.5 3967.0
2446.0 2685.0 2924.0
2446.0 2446.5 2447.0
1671.0 1883.5 2096.0
1671.0 1883.5 2096.0
1671.0 1883.5 2096.0
1671.0 1883.5 2096.0
1671.0 1883.5 2096.0
1671.0 1883.5 2096.0
1671.0 1883.5 2096.0
1671.0 1883.5 2096.0
1671.0 1883.5 2096.0
1671.0 1883.5 2096.0
1671.0 1883.5 2096.0
1671.0 1883.5 2096.0
1671.0 1883.5 2096.0
1671.0 1883.5 2096.0
1671.0 1883.5 2096.0
1671.0 1883.5 2096.0
1671.0 1883.5 2096.0
1671.0 1883.5 2096.0
1671.0 1883.5 2096.0
1671.0 1883.5 2096.0
1671.0 1883.5 2096.0
1671.0 1883.5 2096.0
1671.0 1883.5 2096.0
1671.0 1883.5 2096.0
1671.0 1883.5 2096.0
1671.0 1883.5 2096.0
1671.0 1883.5 2096.0
1671.0 1883.5 2096.0
1671.0 1883.5 2096.0
1671.0 1883.5 2096.0
1671.0 1883.5 2096.0
1671.0 1883.5 2096.0
1671.0 1883.5 2096.0
1671.0 1883.5 2096.0
1671.0 1883.5 2096.0
1671.0 1883.5 2096.0
1671.0 1883.5 2096.0
1671.0 1883.5 2096.0
1587.0 1841.5 2096.0
1587.0 1841.5 2096.0
1587.0 1841.5 2096.0
1587.0 1841.5 2096.0
1587.0 1841.5 2096.0
1587.0 1850.5 2114.0
1587.0 1608.0 1629.0
1587.0 1608.0 1629.0
1587.0 1608.0 1629.0
1587.0 1608.0 1629.0
1587.0 1608.0 1629.0
1587.0 1608.0 1629.0
1587.0 1608.0 1629.0
1587.0 1608.0 1629.0
1587.0 1608.0 1629.0
1587.0 1608.0 1629.0
1587.0 1608.0 1629.0
1587.0 1608.0 1629.0
1587.0 1608.0 1629.0
1587.0 1608.0 1629.0
1587.0 1608.0 1629.0
1587.0 1608.0 1629.0
1587.0 1608.0 1629.0
1587.0 1608.0 1629.0
1587.0 1608.0 1629.0
1587.0 1608.0 1629.0
1587.0 1608.0 1629.0
1587.0 1608.0 1629.0
1587.0 1608.0 1629.0
1587.0 1608.0 1629.0
1587.0 1608.0 1629.0
1587.0 1608.0 1629.0
1587.0 1608.0 1629.0
1587.0 1608.0 1629.0
1587.0 1608.0 1629.0
1587.0 1608.0 1629.0
1587.0 1608.0 1629.0
1587.0 1608.0 1629.0
1587.0 1608.0 1629.0
1587.0 1608.0 1629.0
1587.0 1608.0 1629.0
1587.0 1608.0 1629.0
1587.0 1608.0 1629.0
1587.0 1608.0 1629.0
1587.0 1608.0 1629.0
1587.0 1608.0 1629.0
1587.0 1608.0 1629.0
1587.0 1608.0 1629.0
1587.0 1608.0 1629.0
1587.0 1608.0 1629.0
1587.0 1608.0 1629.0
1587.0 1608.0 1629.0
1587.0 1608.0 1629.0
1587.0 1608.0 1629.0
1587.0 1608.0 1629.0
1587.0 1608.0 1629.0
1587.0 1608.0 1629.0
1587.0 1608.0 1629.0
1587.0 1608.0 1629.0
1587.0 1608.0 1629.0
1587.0 1608.0 1629.0
1587.0 1608.0 1629.0
1587.0 1608.0 1629.0
1587.0 1608.0 1629.0
1587.0 1608.0 1629.0
1587.0 1608.0 1629.0
1587.0 1608.0 1629.0
1587.0 1608.0 1629.0
1587.0 1608.0 1629.0
1587.0 1608.0 1629.0
1587.0 1608.0 1629.0
1587.0 1608.0 1629.0
1587.0 1608.0 1629.0
1587.0 1608.0 1629.0
1587.0 1608.0 1629.0
1587.0 1608.0 1629.0
1587.0 1608.0 1629.0
1587.0 1608.0 1629.0
1587.0 1608.0 1629.0
1587.0 1608.0 1629.0
1587.0 1608.0 1629.0
1587.0 1608.0 1629.0
1587.0 1608.0 1629.0
1587.0 1608.0 1629.0
1587.0 1608.0 1629.0
1587.0 1608.0 1629.0
1587.0 1608.0 1629.0
1587.0 1608.0 1629.0
1587.0 1608.0 1629.0
1587.0 1608.0 1629.0
1587.0 1608.0 1629.0
1587.0 1608.0 1629.0
1587.0 1608.0 1629.0
1587.0 1608.0 1629.0
1587.0 1608.0 1629.0
1587.0 1608.0 1629.0
1587.0 1608.0 1629.0
1587.0 1608.0 1629.0
1587.0 1608.0 1629.0
1587.0 1608.0 1629.0
1587.0 1608.0 1629.0
1587.0 1608.0 1629.0
1587.0 1608.0 1629.0
1587.0 1608.0 1629.0
1587.0 1608.0 1629.0
1587.0 1608.0 1629.0
1587.0 1608.0 1629.0
1587.0 1608.0 1629.0
1587.0 1608.0 1629.0
1587.0 1608.0 1629.0
1587.0 1608.0 1629.0
1587.0 1608.0 1629.0
1587.0 1608.0 1629.0
1587.0 1608.0 1629.0
1587.0 1608.0 1629.0
1587.0 1608.0 1629.0
1587.0 1608.0 1629.0
1587.0 1608.0 1629.0
1587.0 1608.0 1629.0
1587.0 1608.0 1629.0
1587.0 1608.0 1629.0
1587.0 1608.0 1629.0
1587.0 1608.0 1629.0
1587.0 1608.0 1629.0
1587.0 1608.0 1629.0
1587.0 1608.0 1629.0
1587.0 1608.0 1629.0
1587.0 1608.0 1629.0
1587.0 1608.0 1629.0
1587.0 1608.0 1629.0
1587.0 1608.0 1629.0
1587.0 1608.0 1629.0
1587.0 1608.0 1629.0
1587.0 1608.0 1629.0
1587.0 1608.0 1629.0
1587.0 1608.0 1629.0
1587.0 1608.0 1629.0
1587.0 1608.0 1629.0
1587.0 1608.0 1629.0
1587.0 1608.0 1629.0
1587.0 1608.0 1629.0
1587.0 1608.0 1629.0
1587.0 1608.0 1629.0
1587.0 1608.0 1629.0
1587.0 1608.0 1629.0
1587.0 1608.0 1629.0
1587.0 1608.0 1629.0
1587.0 1608.0 1629.0
1587.0 1608.0 1629.0
1587.0 1608.0 1629.0
1587.0 1608.0 1629.0
