12799.0 13865.5 14932.0
10766.0 10951.0 11136.0
9831.0 10055.0 10279.0
7976.0 8307.0 8638.0
6686.0 7070.5 7455.0
5294.0 6275.5 7257.0
4811.0 5257.0 5703.0
4169.0 4386.5 4604.0
3013.0 3060.0 3107.0
1752.0 2429.5 3107.0
1752.0 2253.5 2755.0
1752.0 2212.0 2672.0
1752.0 2212.0 2672.0
1752.0 2212.0 2672.0
1752.0 2212.0 2672.0
1752.0 2212.0 2672.0
1752.0 2212.0 2672.0
1752.0 2212.0 2672.0
1752.0 2212.0 2672.0
1752.0 2143.5 2535.0
1752.0 2143.5 2535.0
1752.0 2143.5 2535.0
1752.0 2143.5 2535.0
1752.0 2143.5 2535.0
1752.0 2143.5 2535.0
1752.0 2087.5 2423.0
1600.0 1676.0 1752.0
1600.0 1676.0 1752.0
1600.0 1676.0 1752.0
1600.0 1676.0 1752.0
1600.0 1676.0 1752.0
1600.0 1676.0 1752.0
1600.0 1676.0 1752.0
1600.0 1676.0 1752.0
1600.0 1676.0 1752.0
1600.0 1676.0 1752.0
1600.0 1676.0 1752.0
1600.0 1676.0 1752.0
1600.0 1676.0 1752.0
1600.0 1676.0 1752.0
1600.0 1676.0 1752.0
1600.0 1676.0 1752.0
1600.0 1676.0 1752.0
1600.0 1676.0 1752.0
1600.0 1676.0 1752.0
1600.0 1676.0 1752.0
1600.0 1676.0 1752.0
1600.0 1676.0 1752.0
1600.0 1676.0 1752.0
1600.0 1676.0 1752.0
1600.0 1676.0 1752.0
1600.0 1676.0 1752.0
1600.0 1676.0 1752.0
1600.0 1676.0 1752.0
1600.0 1676.0 1752.0
1600.0 1676.0 1752.0
1600.0 1676.0 1752.0
1600.0 1676.0 1752.0
1600.0 1676.0 1752.0
1600.0 1676.0 1752.0
1600.0 1676.0 1752.0
1600.0 1676.0 1752.0
1600.0 1676.0 1752.0
1600.0 1676.0 1752.0
1600.0 1676.0 1752.0
1600.0 1679.5 1759.0
1600.0 1679.5 1759.0
1600.0 1679.5 1759.0
1600.0 1679.5 1759.0
1600.0 1679.5 1759.0
1600.0 1679.5 1759.0
1600.0 1679.5 1759.0
1600.0 1679.5 1759.0
1600.0 1679.5 1759.0
1600.0 1679.5 1759.0
1600.0 1679.5 1759.0
1600.0 1679.5 1759.0
1600.0 1679.5 1759.0
1600.0 1679.5 1759.0
1600.0 1679.5 1759.0
1600.0 1679.5 1759.0
1600.0 1679.5 1759.0
1600.0 1679.5 1759.0
1600.0 1679.5 1759.0
1600.0 1679.5 1759.0
1600.0 1679.5 1759.0
1600.0 1679.5 1759.0
1600.0 1679.5 1759.0
1600.0 1679.5 1759.0
1600.0 1679.5 1759.0
1600.0 1679.5 1759.0
1465.0 1532.5 1600.0
1465.0 1532.5 1600.0
1465.0 1532.5 1600.0
1465.0 1532.5 1600.0
1465.0 1532.5 1600.0
1465.0 1532.5 1600.0
1294.0 1447.0 1600.0
1294.0 1447.0 1600.0
1294.0 1447.0 1600.0
1294.0 1447.0 1600.0
1294.0 1447.0 1600.0
1294.0 1447.0 1600.0
1294.0 1447.0 1600.0
1294.0 1447.0 1600.0
1294.0 1447.0 1600.0
1294.0 1447.0 1600.0
1294.0 1447.0 1600.0
1294.0 1447.0 1600.0
1294.0 1447.0 1600.0
1294.0 1447.0 1600.0
1294.0 1447.0 1600.0
1294.0 1447.0 1600.0
1294.0 1447.0 1600.0
1294.0 1447.0 1600.0
1294.0 1447.0 1600.0
1294.0 1447.0 1600.0
1294.0 1447.0 1600.0
1294.0 1447.0 1600.0
1294.0 1447.0 1600.0
1294.0 1447.0 1600.0
1294.0 1447.0 1600.0
1294.0 1447.0 1600.0
1294.0 1447.0 1600.0
1294.0 1447.0 1600.0
1294.0 1447.0 1600.0
1294.0 1447.0 1600.0
1294.0 1447.0 1600.0
1294.0 1447.0 1600.0
1294.0 1447.0 1600.0
1294.0 1447.0 1600.0
1294.0 1447.0 1600.0
1294.0 1447.0 1600.0
1294.0 1447.0 1600.0
1294.0 1447.0 1600.0
1294.0 1447.0 1600.0
1294.0 1447.0 1600.0
1294.0 1447.0 1600.0
1294.0 1447.0 1600.0
1294.0 1447.0 1600.0
1294.0 1447.0 1600.0
1294.0 1447.0 1600.0
1294.0 1447.0 1600.0
1294.0 1447.0 1600.0
1294.0 1447.0 1600.0
1294.0 1447.0 1600.0
1294.0 1447.0 1600.0
1294.0 1447.0 1600.0
1294.0 1447.0 1600.0
1294.0 1447.0 1600.0
1294.0 1447.0 1600.0
1294.0 1447.0 1600.0
1294.0 1447.0 1600.0
1294.0 1447.0 1600.0
1294.0 1447.0 1600.0
1294.0 1447.0 1600.0
1294.0 1447.0 1600.0
1294.0 1447.0 1600.0
1294.0 1447.0 1600.0
1294.0 1447.0 1600.0
1294.0 1447.0 1600.0
1294.0 1447.0 1600.0
1294.0 1447.0 1600.0
1294.0 1447.0 1600.0
1294.0 1447.0 1600.0
1294.0 1447.0 1600.0
1294.0 1447.0 1600.0
1294.0 1447.0 1600.0
1294.0 1447.0 1600.0
1294.0 1447.0 1600.0
1294.0 1447.0 1600.0
1294.0 1447.0 1600.0
1294.0 1447.0 1600.0
1294.0 1447.0 1600.0
1294.0 1447.0 1600.0
1294.0 1447.0 1600.0
1294.0 1447.0 1600.0
1294.0 1447.0 1600.0
1294.0 1447.0 1600.0
1294.0 1447.0 1600.0
1294.0 1447.0 1600.0
1294.0 1447.0 1600.0
1294.0 1447.0 1600.0
1294.0 1447.0 1600.0
1294.0 1447.0 1600.0
1294.0 1447.0 1600.0
1294.0 1447.0 1600.0
1294.0 1447.0 1600.0
1294.0 1447.0 1600.0
1294.0 1447.0 1600.0
1294.0 1447.0 1600.0
1294.0 1447.0 1600.0
1294.0 1447.0 1600.0
1294.0 1447.0 1600.0
1294.0 1447.0 1600.0
1294.0 1447.0 1600.0
1294.0 1447.0 1600.0
1294.0 1447.0 1600.0
1294.0 1447.0 1600.0
1294.0 1447.0 1600.0
