10874.0 11816.0 12758.0
8114.0 9546.5 10979.0
9872.0 10087.5 10303.0
6021.0 6639.5 7258.0
4660.0 5193.0 5726.0
3254.0 3524.0 3794.0
2663.0 2723.0 2783.0
2448.0 2615.5 2783.0
2188.0 2318.0 2448.0
2002.0 2123.0 2244.0
1836.0 2040.0 2244.0
1349.0 1647.0 1945.0
1057.0 1501.0 1945.0
1057.0 1501.0 1945.0
1057.0 1390.0 1723.0
1057.0 1269.5 1482.0
1057.0 1269.5 1482.0
1057.0 1269.5 1482.0
1057.0 1269.5 1482.0
1057.0 1269.5 1482.0
1057.0 1269.5 1482.0
1057.0 1269.5 1482.0
1057.0 1269.5 1482.0
1057.0 1269.5 1482.0
1057.0 1269.5 1482.0
1057.0 1269.5 1482.0
1057.0 1269.5 1482.0
1057.0 1269.5 1482.0
1057.0 1269.5 1482.0
1057.0 1269.5 1482.0
1057.0 1269.5 1482.0
1057.0 1269.5 1482.0
1057.0 1269.5 1482.0
1057.0 1269.5 1482.0
1057.0 1269.5 1482.0
1057.0 1269.5 1482.0
1057.0 1269.5 1482.0
1057.0 1269.5 1482.0
1057.0 1269.5 1482.0
1057.0 1269.5 1482.0
1057.0 1269.5 1482.0
1057.0 1269.5 1482.0
1057.0 1269.5 1482.0
1057.0 1269.5 1482.0
1057.0 1269.5 1482.0
1057.0 1269.5 1482.0
1057.0 1269.5 1482.0
1057.0 1269.5 1482.0
1057.0 1269.5 1482.0
1057.0 1269.5 1482.0
1057.0 1269.5 1482.0
1057.0 1269.5 1482.0
1057.0 1269.5 1482.0
1057.0 1269.5 1482.0
1057.0 1269.5 1482.0
1057.0 1269.5 1482.0
1057.0 1269.5 1482.0
1057.0 1269.5 1482.0
1057.0 1269.5 1482.0
1057.0 1269.5 1482.0
1057.0 1269.5 1482.0
1057.0 1269.5 1482.0
1057.0 1269.5 1482.0
1057.0 1269.5 1482.0
1057.0 1269.5 1482.0
1057.0 1269.5 1482.0
1057.0 1269.5 1482.0
1057.0 1269.5 1482.0
1057.0 1269.5 1482.0
1057.0 1269.5 1482.0
1057.0 1269.5 1482.0
1057.0 1398.0 1739.0
1057.0 1253.0 1449.0
1057.0 1253.0 1449.0
1057.0 1253.0 1449.0
1057.0 1253.0 1449.0
1057.0 1253.0 1449.0
1057.0 1253.0 1449.0
1057.0 1253.0 1449.0
1057.0 1253.0 1449.0
1057.0 1253.0 1449.0
1057.0 1210.0 1363.0
1057.0 1210.0 1363.0
962.0 1009.5 1057.0
962.0 1009.5 1057.0
802.0 929.5 1057.0
802.0 929.5 1057.0
802.0 929.5 1057.0
802.0 929.5 1057.0
802.0 929.5 1057.0
802.0 929.5 1057.0
802.0 929.5 1057.0
802.0 929.5 1057.0
802.0 929.5 1057.0
802.0 929.5 1057.0
802.0 929.5 1057.0
802.0 929.5 1057.0
802.0 929.5 1057.0
802.0 929.5 1057.0
802.0 929.5 1057.0
802.0 929.5 1057.0
802.0 929.5 1057.0
802.0 929.5 1057.0
802.0 929.5 1057.0
802.0 929.5 1057.0
802.0 929.5 1057.0
802.0 929.5 1057.0
802.0 929.5 1057.0
802.0 929.5 1057.0
802.0 929.5 1057.0
802.0 929.5 1057.0
802.0 929.5 1057.0
802.0 929.5 1057.0
802.0 929.5 1057.0
802.0 929.5 1057.0
802.0 929.5 1057.0
802.0 929.5 1057.0
802.0 929.5 1057.0
802.0 929.5 1057.0
802.0 929.5 1057.0
802.0 929.5 1057.0
802.0 929.5 1057.0
802.0 929.5 1057.0
802.0 929.5 1057.0
802.0 929.5 1057.0
802.0 929.5 1057.0
802.0 929.5 1057.0
802.0 929.5 1057.0
802.0 929.5 1057.0
802.0 929.5 1057.0
802.0 929.5 1057.0
802.0 929.5 1057.0
802.0 929.5 1057.0
802.0 929.5 1057.0
802.0 929.5 1057.0
802.0 929.5 1057.0
802.0 929.5 1057.0
802.0 929.5 1057.0
802.0 929.5 1057.0
802.0 929.5 1057.0
802.0 929.5 1057.0
802.0 929.5 1057.0
802.0 929.5 1057.0
802.0 929.5 1057.0
802.0 929.5 1057.0
802.0 929.5 1057.0
802.0 929.5 1057.0
802.0 929.5 1057.0
802.0 929.5 1057.0
802.0 929.5 1057.0
802.0 929.5 1057.0
802.0 929.5 1057.0
802.0 929.5 1057.0
802.0 929.5 1057.0
802.0 929.5 1057.0
802.0 929.5 1057.0
802.0 929.5 1057.0
802.0 929.5 1057.0
802.0 929.5 1057.0
802.0 929.5 1057.0
802.0 929.5 1057.0
802.0 929.5 1057.0
802.0 929.5 1057.0
802.0 929.5 1057.0
802.0 929.5 1057.0
802.0 929.5 1057.0
802.0 929.5 1057.0
802.0 929.5 1057.0
802.0 929.5 1057.0
802.0 929.5 1057.0
802.0 929.5 1057.0
802.0 929.5 1057.0
802.0 929.5 1057.0
802.0 929.5 1057.0
802.0 929.5 1057.0
802.0 929.5 1057.0
802.0 929.5 1057.0
802.0 929.5 1057.0
802.0 929.5 1057.0
802.0 929.5 1057.0
802.0 929.5 1057.0
802.0 929.5 1057.0
802.0 929.5 1057.0
802.0 929.5 1057.0
802.0 929.5 1057.0
802.0 929.5 1057.0
802.0 929.5 1057.0
802.0 929.5 1057.0
802.0 929.5 1057.0
802.0 929.5 1057.0
802.0 929.5 1057.0
802.0 929.5 1057.0
802.0 929.5 1057.0
802.0 929.5 1057.0
802.0 929.5 1057.0
802.0 929.5 1057.0
802.0 929.5 1057.0
802.0 929.5 1057.0
802.0 929.5 1057.0
802.0 929.5 1057.0
