12229.0 13448.5 14668.0
8535.0 9612.5 10690.0
7366.0 7710.0 8054.0
5321.0 5893.5 6466.0
4054.0 4653.0 5252.0
3182.0 3466.0 3750.0
3151.0 3166.5 3182.0
2962.0 3237.5 3513.0
1629.0 2295.5 2962.0
1714.0 2338.0 2962.0
1714.0 2338.0 2962.0
1714.0 2338.0 2962.0
1714.0 1875.0 2036.0
1714.0 1945.5 2177.0
1714.0 1836.5 1959.0
1714.0 1770.0 1826.0
1481.0 1597.5 1714.0
1481.0 1597.5 1714.0
1479.0 1596.5 1714.0
1479.0 1596.5 1714.0
1479.0 1596.5 1714.0
1479.0 1596.5 1714.0
1479.0 1596.5 1714.0
1479.0 1596.5 1714.0
1479.0 1596.5 1714.0
1479.0 1596.5 1714.0
1479.0 1596.5 1714.0
1479.0 1596.5 1714.0
1479.0 1596.5 1714.0
1325.0 1402.0 1479.0
1325.0 1402.0 1479.0
1325.0 1402.0 1479.0
1325.0 1402.0 1479.0
1325.0 1402.0 1479.0
1325.0 1402.0 1479.0
1325.0 1402.0 1479.0
1325.0 1402.0 1479.0
1325.0 1402.0 1479.0
1325.0 1402.0 1479.0
1325.0 1402.0 1479.0
1325.0 1402.0 1479.0
1325.0 1402.0 1479.0
1325.0 1402.0 1479.0
1325.0 1402.0 1479.0
1325.0 1402.0 1479.0
1325.0 1402.0 1479.0
1325.0 1402.0 1479.0
1325.0 1402.0 1479.0
1325.0 1402.0 1479.0
1325.0 1402.0 1479.0
1325.0 1402.0 1479.0
1325.0 1402.0 1479.0
1325.0 1402.0 1479.0
1325.0 1402.0 1479.0
1325.0 1402.0 1479.0
1325.0 1402.0 1479.0
1325.0 1402.0 1479.0
1325.0 1402.0 1479.0
1325.0 1402.0 1479.0
1325.0 1402.0 1479.0
1325.0 1402.0 1479.0
1325.0 1402.0 1479.0
1325.0 1402.0 1479.0
1325.0 1402.0 1479.0
1325.0 1402.0 1479.0
1325.0 1402.0 1479.0
1325.0 1402.0 1479.0
1325.0 1402.0 1479.0
1325.0 1402.0 1479.0
1325.0 1402.0 1479.0
1325.0 1402.0 1479.0
1325.0 1402.0 1479.0
1325.0 1402.0 1479.0
1325.0 1402.0 1479.0
1325.0 1402.0 1479.0
1325.0 1402.0 1479.0
1325.0 1402.0 1479.0
1325.0 1402.0 1479.0
1325.0 1402.0 1479.0
1325.0 1402.0 1479.0
1325.0 1366.5 1408.0
1325.0 1366.5 1408.0
1064.0 1194.5 1325.0
1064.0 1194.5 1325.0
1064.0 1194.5 1325.0
1064.0 1194.5 1325.0
1064.0 1194.5 1325.0
1064.0 1194.5 1325.0
1064.0 1194.5 1325.0
1064.0 1194.5 1325.0
1064.0 1194.5 1325.0
1064.0 1194.5 1325.0
1064.0 1194.5 1325.0
1064.0 1194.5 1325.0
1064.0 1194.5 1325.0
1064.0 1194.5 1325.0
1064.0 1194.5 1325.0
1064.0 1194.5 1325.0
1064.0 1194.5 1325.0
1064.0 1194.5 1325.0
1064.0 1194.5 1325.0
1064.0 1194.5 1325.0
1064.0 1194.5 1325.0
1064.0 1194.5 1325.0
1064.0 1194.5 1325.0
1064.0 1194.5 1325.0
1064.0 1194.5 1325.0
1064.0 1194.5 1325.0
1064.0 1194.5 1325.0
1064.0 1194.5 1325.0
1064.0 1194.5 1325.0
1064.0 1194.5 1325.0
1064.0 1194.5 1325.0
1064.0 1194.5 1325.0
1064.0 1194.5 1325.0
1064.0 1194.5 1325.0
1064.0 1194.5 1325.0
1064.0 1194.5 1325.0
1064.0 1194.5 1325.0
1064.0 1194.5 1325.0
1064.0 1194.5 1325.0
1064.0 1194.5 1325.0
1064.0 1194.5 1325.0
1064.0 1194.5 1325.0
1064.0 1194.5 1325.0
1064.0 1194.5 1325.0
1064.0 1194.5 1325.0
1064.0 1194.5 1325.0
1064.0 1194.5 1325.0
1064.0 1194.5 1325.0
1064.0 1281.0 1498.0
1064.0 1281.0 1498.0
1064.0 1226.0 1388.0
1064.0 1226.0 1388.0
1064.0 1226.0 1388.0
1064.0 1226.0 1388.0
1064.0 1226.0 1388.0
1064.0 1226.0 1388.0
1064.0 1226.0 1388.0
1064.0 1226.0 1388.0
1064.0 1226.0 1388.0
1064.0 1226.0 1388.0
1064.0 1226.0 1388.0
1064.0 1226.0 1388.0
1064.0 1226.0 1388.0
1064.0 1226.0 1388.0
1064.0 1226.0 1388.0
1064.0 1226.0 1388.0
1064.0 1226.0 1388.0
1064.0 1226.0 1388.0
1064.0 1226.0 1388.0
1064.0 1226.0 1388.0
1064.0 1226.0 1388.0
1064.0 1226.0 1388.0
1064.0 1226.0 1388.0
1064.0 1226.0 1388.0
1064.0 1226.0 1388.0
1064.0 1226.0 1388.0
1064.0 1226.0 1388.0
1064.0 1226.0 1388.0
1064.0 1226.0 1388.0
1064.0 1226.0 1388.0
1064.0 1226.0 1388.0
1064.0 1125.5 1187.0
1064.0 1125.5 1187.0
1064.0 1198.5 1333.0
1064.0 1135.0 1206.0
1064.0 1135.0 1206.0
1064.0 1135.0 1206.0
1064.0 1135.0 1206.0
1064.0 1135.0 1206.0
1064.0 1135.0 1206.0
1064.0 1135.0 1206.0
1064.0 1135.0 1206.0
1064.0 1135.0 1206.0
1064.0 1135.0 1206.0
1064.0 1135.0 1206.0
1064.0 1135.0 1206.0
1064.0 1135.0 1206.0
1064.0 1135.0 1206.0
1064.0 1135.0 1206.0
1064.0 1135.0 1206.0
1064.0 1135.0 1206.0
1064.0 1135.0 1206.0
1064.0 1135.0 1206.0
1064.0 1135.0 1206.0
1064.0 1135.0 1206.0
1064.0 1135.0 1206.0
1064.0 1135.0 1206.0
1064.0 1135.0 1206.0
1064.0 1135.0 1206.0
1064.0 1135.0 1206.0
1064.0 1135.0 1206.0
1064.0 1135.0 1206.0
1064.0 1135.0 1206.0
1064.0 1135.0 1206.0
1064.0 1135.0 1206.0
1064.0 1135.0 1206.0
1064.0 1135.0 1206.0
1064.0 1135.0 1206.0
