16430.0 17395.0 18360.0
13153.0 13341.0 13529.0
12403.0 12590.5 12778.0
10923.0 11556.0 12189.0
10591.0 10806.0 11021.0
6925.0 8722.5 10520.0
6925.0 7267.5 7610.0
4316.0 5963.0 7610.0
4316.0 5963.0 7610.0
4316.0 5473.0 6630.0
4183.0 4488.0 4793.0
4034.0 4080.0 4126.0
3556.0 3718.5 3881.0
3556.0 3718.5 3881.0
1696.0 2626.0 3556.0
1950.0 2880.5 3811.0
1950.0 2880.5 3811.0
1950.0 2801.5 3653.0
1950.0 2294.5 2639.0
1950.0 2294.5 2639.0
1950.0 2294.5 2639.0
1950.0 2120.0 2290.0
1950.0 2172.0 2394.0
1950.0 2172.0 2394.0
1950.0 2172.0 2394.0
1950.0 2172.0 2394.0
1950.0 2172.0 2394.0
1950.0 2172.0 2394.0
1950.0 2172.0 2394.0
1950.0 2172.0 2394.0
1950.0 2172.0 2394.0
1950.0 2172.0 2394.0
1950.0 2172.0 2394.0
1955.0 2174.5 2394.0
1341.0 1867.5 2394.0
1341.0 1867.5 2394.0
1341.0 1867.5 2394.0
1341.0 1867.5 2394.0
1341.0 1525.5 1710.0
1341.0 1525.5 1710.0
1341.0 1525.5 1710.0
1341.0 1525.5 1710.0
1341.0 1525.5 1710.0
1341.0 1525.5 1710.0
1341.0 1525.5 1710.0
1341.0 1525.5 1710.0
1341.0 1525.5 1710.0
1341.0 1525.5 1710.0
1341.0 1525.5 1710.0
1341.0 1525.5 1710.0
1341.0 1457.0 1573.0
1341.0 1457.0 1573.0
1341.0 1457.0 1573.0
1341.0 1457.0 1573.0
1341.0 1457.0 1573.0
1341.0 1457.0 1573.0
1341.0 1457.0 1573.0
1341.0 1457.0 1573.0
1341.0 1457.0 1573.0
1341.0 1457.0 1573.0
1341.0 1457.0 1573.0
1341.0 1457.0 1573.0
1341.0 1457.0 1573.0
1341.0 1457.0 1573.0
1341.0 1457.0 1573.0
1341.0 1457.0 1573.0
1341.0 1457.0 1573.0
1341.0 1457.0 1573.0
1341.0 1457.0 1573.0
1341.0 1457.0 1573.0
1341.0 1457.0 1573.0
1341.0 1457.0 1573.0
1341.0 1457.0 1573.0
1341.0 1457.0 1573.0
1341.0 1457.0 1573.0
1341.0 1457.0 1573.0
1341.0 1457.0 1573.0
1341.0 1457.0 1573.0
1341.0 1457.0 1573.0
1341.0 1457.0 1573.0
1341.0 1457.0 1573.0
1341.0 1457.0 1573.0
1341.0 1457.0 1573.0
1341.0 1457.0 1573.0
1341.0 1457.0 1573.0
1341.0 1457.0 1573.0
1341.0 1457.0 1573.0
1341.0 1457.0 1573.0
1341.0 1457.0 1573.0
1341.0 1457.0 1573.0
1341.0 1457.0 1573.0
1341.0 1457.0 1573.0
1341.0 1457.0 1573.0
1341.0 1457.0 1573.0
1341.0 1457.0 1573.0
1341.0 1457.0 1573.0
1341.0 1457.0 1573.0
1341.0 1457.0 1573.0
1341.0 1457.0 1573.0
1341.0 1457.0 1573.0
1341.0 1457.0 1573.0
1341.0 1457.0 1573.0
1341.0 1457.0 1573.0
1341.0 1457.0 1573.0
1341.0 1457.0 1573.0
1341.0 1457.0 1573.0
1341.0 1457.0 1573.0
1341.0 1457.0 1573.0
1341.0 1457.0 1573.0
1341.0 1457.0 1573.0
1341.0 1629.5 1918.0
1341.0 1578.0 1815.0
1341.0 1578.0 1815.0
1341.0 1578.0 1815.0
1341.0 1578.0 1815.0
1341.0 1578.0 1815.0
1341.0 1578.0 1815.0
1341.0 1578.0 1815.0
1341.0 1578.0 1815.0
1341.0 1578.0 1815.0
1341.0 1578.0 1815.0
1341.0 1578.0 1815.0
1341.0 1578.0 1815.0
1341.0 1578.0 1815.0
1341.0 1578.0 1815.0
1341.0 1578.0 1815.0
1341.0 1578.0 1815.0
1341.0 1578.0 1815.0
1341.0 1578.0 1815.0
1341.0 1578.0 1815.0
1341.0 1578.0 1815.0
1341.0 1578.0 1815.0
1341.0 1578.0 1815.0
1341.0 1578.0 1815.0
1341.0 1578.0 1815.0
1341.0 1578.0 1815.0
1341.0 1578.0 1815.0
1341.0 1578.0 1815.0
1341.0 1578.0 1815.0
1341.0 1578.0 1815.0
1341.0 1578.0 1815.0
1341.0 1578.0 1815.0
1341.0 1578.0 1815.0
1341.0 1578.0 1815.0
1341.0 1578.0 1815.0
1341.0 1578.0 1815.0
1341.0 1578.0 1815.0
1341.0 1578.0 1815.0
1341.0 1578.0 1815.0
1341.0 1578.0 1815.0
1341.0 1578.0 1815.0
1341.0 1578.0 1815.0
1341.0 1578.0 1815.0
1341.0 1578.0 1815.0
1341.0 1578.0 1815.0
1341.0 1578.0 1815.0
1341.0 1578.0 1815.0
1341.0 1578.0 1815.0
1341.0 1578.0 1815.0
1341.0 1578.0 1815.0
1341.0 1578.0 1815.0
1341.0 1578.0 1815.0
1341.0 1578.0 1815.0
1341.0 1578.0 1815.0
1341.0 1578.0 1815.0
1341.0 1578.0 1815.0
1341.0 1578.0 1815.0
1341.0 1578.0 1815.0
1341.0 1578.0 1815.0
1341.0 1578.0 1815.0
1341.0 1578.0 1815.0
1341.0 1578.0 1815.0
1341.0 1578.0 1815.0
1341.0 1578.0 1815.0
1341.0 1578.0 1815.0
1341.0 1578.0 1815.0
1341.0 1578.0 1815.0
1341.0 1578.0 1815.0
1341.0 1578.0 1815.0
1341.0 1578.0 1815.0
1341.0 1578.0 1815.0
1341.0 1578.0 1815.0
1341.0 1578.0 1815.0
1341.0 1578.0 1815.0
1341.0 1578.0 1815.0
1341.0 1564.0 1787.0
1341.0 1564.0 1787.0
1341.0 1564.0 1787.0
1341.0 1564.0 1787.0
1341.0 1564.0 1787.0
1341.0 1564.0 1787.0
1341.0 1564.0 1787.0
1341.0 1564.0 1787.0
1341.0 1564.0 1787.0
1341.0 1564.0 1787.0
1341.0 1564.0 1787.0
1341.0 1564.0 1787.0
1341.0 1564.0 1787.0
1341.0 1564.0 1787.0
1341.0 1564.0 1787.0
