15938.0 16640.5 17343.0
13681.0 14358.5 15036.0
10680.0 11043.5 11407.0
9593.0 9753.0 9913.0
7539.0 8643.5 9748.0
4673.0 5766.0 6859.0
4971.0 5568.0 6165.0
3705.0 3819.5 3934.0
3050.0 3377.5 3705.0
3050.0 3241.0 3432.0
3050.0 3102.0 3154.0
3154.0 3607.5 4061.0
2058.0 2606.0 3154.0
2058.0 2606.0 3154.0
2058.0 2606.0 3154.0
2058.0 2606.0 3154.0
2058.0 2606.0 3154.0
2058.0 2606.0 3154.0
2058.0 2606.0 3154.0
2058.0 2606.0 3154.0
2058.0 2606.0 3154.0
2058.0 2606.0 3154.0
2058.0 2606.0 3154.0
2058.0 2204.5 2351.0
1409.0 1836.0 2263.0
1384.0 1823.5 2263.0
1384.0 1823.5 2263.0
1384.0 1823.5 2263.0
1384.0 1823.5 2263.0
1384.0 1823.5 2263.0
1384.0 1823.5 2263.0
1384.0 1823.5 2263.0
1384.0 1823.5 2263.0
1384.0 1567.5 1751.0
1384.0 1567.5 1751.0
1384.0 1567.5 1751.0
1384.0 1567.5 1751.0
1384.0 1567.5 1751.0
1384.0 1567.5 1751.0
1384.0 1567.5 1751.0
1384.0 1567.5 1751.0
1384.0 1567.5 1751.0
1384.0 1567.5 1751.0
1384.0 1567.5 1751.0
1384.0 1567.5 1751.0
1384.0 1567.5 1751.0
1384.0 1567.5 1751.0
1384.0 1567.5 1751.0
1384.0 1567.5 1751.0
1384.0 1567.5 1751.0
1384.0 1567.5 1751.0
1384.0 1567.5 1751.0
1384.0 1567.5 1751.0
1384.0 1567.5 1751.0
1384.0 1567.5 1751.0
1384.0 1567.5 1751.0
1384.0 1567.5 1751.0
1384.0 1567.5 1751.0
1384.0 1403.0 1422.0
1384.0 1403.0 1422.0
1384.0 1403.0 1422.0
1384.0 1403.0 1422.0
1384.0 1403.0 1422.0
1384.0 1403.0 1422.0
1384.0 1403.0 1422.0
1384.0 1403.0 1422.0
1384.0 1403.0 1422.0
1384.0 1403.0 1422.0
1384.0 1403.0 1422.0
1384.0 1403.0 1422.0
1384.0 1403.0 1422.0
1384.0 1403.0 1422.0
1384.0 1403.0 1422.0
1384.0 1403.0 1422.0
1384.0 1403.0 1422.0
1384.0 1403.0 1422.0
1384.0 1403.0 1422.0
1384.0 1403.0 1422.0
1384.0 1403.0 1422.0
1384.0 1403.0 1422.0
1384.0 1403.0 1422.0
1384.0 1403.0 1422.0
1384.0 1403.0 1422.0
1384.0 1403.0 1422.0
1384.0 1403.0 1422.0
1384.0 1403.0 1422.0
1384.0 1403.0 1422.0
1384.0 1403.0 1422.0
1384.0 1403.0 1422.0
1384.0 1403.0 1422.0
1384.0 1403.0 1422.0
1384.0 1403.0 1422.0
1384.0 1403.0 1422.0
1384.0 1403.0 1422.0
1384.0 1403.0 1422.0
1384.0 1403.0 1422.0
1384.0 1403.0 1422.0
1384.0 1403.0 1422.0
1384.0 1403.0 1422.0
1384.0 1403.0 1422.0
1384.0 1403.0 1422.0
1384.0 1403.0 1422.0
1384.0 1403.0 1422.0
1384.0 1403.0 1422.0
1384.0 1403.0 1422.0
1384.0 1403.0 1422.0
1384.0 1403.0 1422.0
1384.0 1403.0 1422.0
1384.0 1403.0 1422.0
1384.0 1403.0 1422.0
1384.0 1403.0 1422.0
1384.0 1403.0 1422.0
1384.0 1403.0 1422.0
1384.0 1403.0 1422.0
1384.0 1403.0 1422.0
1384.0 1403.0 1422.0
1384.0 1403.0 1422.0
1384.0 1403.0 1422.0
1384.0 1403.0 1422.0
1384.0 1403.0 1422.0
1384.0 1403.0 1422.0
1384.0 1403.0 1422.0
1384.0 1403.0 1422.0
1384.0 1403.0 1422.0
1384.0 1403.0 1422.0
1384.0 1403.0 1422.0
1384.0 1403.0 1422.0
1384.0 1403.0 1422.0
1384.0 1403.0 1422.0
1384.0 1403.0 1422.0
1384.0 1403.0 1422.0
1384.0 1403.0 1422.0
1384.0 1403.0 1422.0
1384.0 1403.0 1422.0
1384.0 1403.0 1422.0
1384.0 1403.0 1422.0
1384.0 1403.0 1422.0
1384.0 1403.0 1422.0
1384.0 1403.0 1422.0
1384.0 1403.0 1422.0
1384.0 1403.0 1422.0
1384.0 1403.0 1422.0
1384.0 1403.0 1422.0
1384.0 1403.0 1422.0
1384.0 1403.0 1422.0
1384.0 1403.0 1422.0
1384.0 1403.0 1422.0
1384.0 1403.0 1422.0
1384.0 1403.0 1422.0
1384.0 1403.0 1422.0
1384.0 1403.0 1422.0
1384.0 1403.0 1422.0
1384.0 1403.0 1422.0
1384.0 1403.0 1422.0
1384.0 1403.0 1422.0
1384.0 1403.0 1422.0
1384.0 1403.0 1422.0
1384.0 1403.0 1422.0
1384.0 1403.0 1422.0
1384.0 1403.0 1422.0
1384.0 1403.0 1422.0
1384.0 1403.0 1422.0
1384.0 1403.0 1422.0
1384.0 1403.0 1422.0
1384.0 1403.0 1422.0
1384.0 1403.0 1422.0
1384.0 1403.0 1422.0
1384.0 1403.0 1422.0
1384.0 1403.0 1422.0
1384.0 1403.0 1422.0
1384.0 1403.0 1422.0
1384.0 1403.0 1422.0
1384.0 1403.0 1422.0
1384.0 1403.0 1422.0
1384.0 1403.0 1422.0
1384.0 1403.0 1422.0
1384.0 1403.0 1422.0
1384.0 1403.0 1422.0
1384.0 1403.0 1422.0
1384.0 1403.0 1422.0
1384.0 1403.0 1422.0
1384.0 1403.0 1422.0
1384.0 1403.0 1422.0
1384.0 1403.0 1422.0
1384.0 1403.0 1422.0
1384.0 1403.0 1422.0
1384.0 1403.0 1422.0
1384.0 1403.0 1422.0
1384.0 1403.0 1422.0
1384.0 1403.0 1422.0
1384.0 1403.0 1422.0
1384.0 1403.0 1422.0
1384.0 1403.0 1422.0
1384.0 1403.0 1422.0
1384.0 1403.0 1422.0
1384.0 1403.0 1422.0
1384.0 1403.0 1422.0
1384.0 1403.0 1422.0
1384.0 1403.0 1422.0
1384.0 1403.0 1422.0
