11656.0 13407.0 15158.0
8365.0 9828.0 11291.0
4855.0 5151.5 5448.0
5448.0 5487.0 5526.0
4136.0 5004.5 5873.0
2850.0 3095.0 3340.0
2512.0 2729.5 2947.0
2129.0 2251.0 2373.0
2268.0 2320.5 2373.0
1538.0 1989.0 2440.0
1680.0 1703.5 1727.0
1680.0 1703.5 1727.0
1060.0 1299.0 1538.0
1060.0 1299.0 1538.0
1060.0 1299.0 1538.0
1060.0 1299.0 1538.0
1060.0 1299.0 1538.0
1060.0 1299.0 1538.0
1060.0 1299.0 1538.0
1060.0 1299.0 1538.0
1060.0 1299.0 1538.0
1060.0 1299.0 1538.0
1060.0 1299.0 1538.0
1060.0 1299.0 1538.0
1060.0 1299.0 1538.0
1060.0 1299.0 1538.0
1060.0 1299.0 1538.0
1060.0 1299.0 1538.0
1060.0 1299.0 1538.0
1060.0 1299.0 1538.0
1060.0 1299.0 1538.0
1060.0 1299.0 1538.0
1060.0 1299.0 1538.0
1060.0 1299.0 1538.0
1060.0 1299.0 1538.0
1060.0 1299.0 1538.0
1060.0 1299.0 1538.0
1060.0 1299.0 1538.0
1060.0 1299.0 1538.0
1060.0 1299.0 1538.0
1060.0 1138.5 1217.0
1060.0 1138.5 1217.0
1060.0 1127.0 1194.0
1060.0 1127.0 1194.0
1060.0 1127.0 1194.0
1060.0 1127.0 1194.0
1060.0 1127.0 1194.0
1060.0 1127.0 1194.0
1060.0 1127.0 1194.0
1060.0 1127.0 1194.0
1060.0 1127.0 1194.0
1060.0 1127.0 1194.0
1060.0 1127.0 1194.0
1060.0 1127.0 1194.0
1060.0 1127.0 1194.0
1060.0 1127.0 1194.0
1060.0 1127.0 1194.0
1060.0 1127.0 1194.0
1060.0 1127.0 1194.0
1060.0 1127.0 1194.0
1060.0 1127.0 1194.0
1060.0 1127.0 1194.0
1060.0 1127.0 1194.0
1060.0 1127.0 1194.0
1060.0 1127.0 1194.0
1060.0 1127.0 1194.0
1060.0 1127.0 1194.0
924.0 992.0 1060.0
923.0 991.5 1060.0
879.0 969.5 1060.0
879.0 969.5 1060.0
923.0 991.5 1060.0
923.0 991.5 1060.0
923.0 991.5 1060.0
532.0 796.0 1060.0
532.0 796.0 1060.0
532.0 796.0 1060.0
532.0 796.0 1060.0
532.0 796.0 1060.0
532.0 796.0 1060.0
532.0 796.0 1060.0
532.0 796.0 1060.0
532.0 796.0 1060.0
532.0 796.0 1060.0
532.0 796.0 1060.0
532.0 796.0 1060.0
532.0 796.0 1060.0
532.0 796.0 1060.0
532.0 796.0 1060.0
532.0 796.0 1060.0
532.0 796.0 1060.0
532.0 796.0 1060.0
532.0 796.0 1060.0
532.0 796.0 1060.0
532.0 796.0 1060.0
532.0 796.0 1060.0
532.0 796.0 1060.0
532.0 796.0 1060.0
532.0 796.0 1060.0
532.0 796.0 1060.0
532.0 796.0 1060.0
532.0 796.0 1060.0
532.0 796.0 1060.0
532.0 796.0 1060.0
532.0 796.0 1060.0
532.0 796.0 1060.0
532.0 796.0 1060.0
532.0 796.0 1060.0
532.0 796.0 1060.0
532.0 796.0 1060.0
532.0 796.0 1060.0
532.0 796.0 1060.0
532.0 796.0 1060.0
532.0 796.0 1060.0
532.0 796.0 1060.0
532.0 796.0 1060.0
532.0 796.0 1060.0
532.0 796.0 1060.0
532.0 796.0 1060.0
532.0 796.0 1060.0
532.0 796.0 1060.0
532.0 796.0 1060.0
532.0 796.0 1060.0
532.0 796.0 1060.0
532.0 796.0 1060.0
532.0 796.0 1060.0
532.0 796.0 1060.0
532.0 796.0 1060.0
532.0 796.0 1060.0
532.0 796.0 1060.0
532.0 796.0 1060.0
532.0 796.0 1060.0
532.0 796.0 1060.0
532.0 796.0 1060.0
532.0 796.0 1060.0
532.0 796.0 1060.0
532.0 796.0 1060.0
532.0 796.0 1060.0
532.0 796.0 1060.0
532.0 796.0 1060.0
532.0 796.0 1060.0
532.0 796.0 1060.0
532.0 796.0 1060.0
532.0 796.0 1060.0
532.0 796.0 1060.0
532.0 796.0 1060.0
532.0 796.0 1060.0
532.0 796.0 1060.0
532.0 796.0 1060.0
532.0 796.0 1060.0
532.0 796.0 1060.0
532.0 796.0 1060.0
532.0 796.0 1060.0
532.0 796.0 1060.0
532.0 796.0 1060.0
532.0 796.0 1060.0
532.0 796.0 1060.0
532.0 796.0 1060.0
532.0 796.0 1060.0
532.0 796.0 1060.0
532.0 796.0 1060.0
532.0 796.0 1060.0
532.0 796.0 1060.0
532.0 796.0 1060.0
532.0 796.0 1060.0
532.0 992.5 1453.0
532.0 992.5 1453.0
532.0 992.5 1453.0
532.0 803.5 1075.0
532.0 803.5 1075.0
532.0 803.5 1075.0
532.0 803.5 1075.0
532.0 803.5 1075.0
532.0 803.5 1075.0
532.0 803.5 1075.0
532.0 803.5 1075.0
532.0 803.5 1075.0
532.0 803.5 1075.0
532.0 803.5 1075.0
532.0 803.5 1075.0
532.0 803.5 1075.0
532.0 803.5 1075.0
532.0 803.5 1075.0
532.0 803.5 1075.0
532.0 803.5 1075.0
532.0 803.5 1075.0
532.0 803.5 1075.0
532.0 803.5 1075.0
532.0 803.5 1075.0
532.0 803.5 1075.0
532.0 803.5 1075.0
532.0 803.5 1075.0
532.0 803.5 1075.0
532.0 803.5 1075.0
532.0 803.5 1075.0
532.0 803.5 1075.0
532.0 803.5 1075.0
532.0 803.5 1075.0
532.0 803.5 1075.0
532.0 803.5 1075.0
