11750.0 12400.0 13050.0
9850.0 12013.5 14177.0
8196.0 9014.5 9833.0
4420.0 5117.0 5814.0
4420.0 4957.0 5494.0
4563.0 5028.5 5494.0
2484.0 3015.0 3546.0
2445.0 2995.5 3546.0
1260.0 2247.5 3235.0
1260.0 2247.5 3235.0
1260.0 1702.5 2145.0
1260.0 1702.5 2145.0
1260.0 1702.5 2145.0
1260.0 1702.5 2145.0
1260.0 1639.5 2019.0
1260.0 1639.5 2019.0
1260.0 1639.5 2019.0
1260.0 1639.5 2019.0
1260.0 1639.5 2019.0
1260.0 1639.5 2019.0
1260.0 1639.5 2019.0
1260.0 1639.5 2019.0
1260.0 1639.5 2019.0
1260.0 1639.5 2019.0
1260.0 1639.5 2019.0
1260.0 1639.5 2019.0
1260.0 1639.5 2019.0
1260.0 1639.5 2019.0
1260.0 1639.5 2019.0
1260.0 1639.5 2019.0
1260.0 1639.5 2019.0
1260.0 1639.5 2019.0
1260.0 1639.5 2019.0
1260.0 1639.5 2019.0
1260.0 1639.5 2019.0
1260.0 1639.5 2019.0
1260.0 1639.5 2019.0
1260.0 1639.5 2019.0
1260.0 1639.5 2019.0
1260.0 1639.5 2019.0
1260.0 1639.5 2019.0
1260.0 1617.5 1975.0
1260.0 1617.5 1975.0
1260.0 1292.0 1324.0
1260.0 1292.0 1324.0
1260.0 1285.0 1310.0
1260.0 1285.0 1310.0
1260.0 1285.0 1310.0
1260.0 1285.0 1310.0
1260.0 1285.0 1310.0
1260.0 1285.0 1310.0
1260.0 1285.0 1310.0
1260.0 1285.0 1310.0
1260.0 1285.0 1310.0
1260.0 1285.0 1310.0
1260.0 1285.0 1310.0
1260.0 1285.0 1310.0
1260.0 1285.0 1310.0
1260.0 1285.0 1310.0
1260.0 1285.0 1310.0
1260.0 1285.0 1310.0
1260.0 1285.0 1310.0
1260.0 1285.0 1310.0
1260.0 1285.0 1310.0
1260.0 1285.0 1310.0
1260.0 1285.0 1310.0
1260.0 1285.0 1310.0
1260.0 1285.0 1310.0
1260.0 1285.0 1310.0
1260.0 1285.0 1310.0
1260.0 1285.0 1310.0
1260.0 1285.0 1310.0
1260.0 1285.0 1310.0
1260.0 1285.0 1310.0
1260.0 1285.0 1310.0
1310.0 1374.5 1439.0
1310.0 1374.5 1439.0
1310.0 1374.5 1439.0
1310.0 1374.5 1439.0
1310.0 1374.5 1439.0
1310.0 1374.5 1439.0
1310.0 1374.5 1439.0
1310.0 1374.5 1439.0
1310.0 1374.5 1439.0
1310.0 1374.5 1439.0
1310.0 1374.5 1439.0
1310.0 1374.5 1439.0
1310.0 1374.5 1439.0
1310.0 1374.5 1439.0
1310.0 1374.5 1439.0
1310.0 1374.5 1439.0
1310.0 1374.5 1439.0
1310.0 1374.5 1439.0
1310.0 1374.5 1439.0
1310.0 1374.5 1439.0
1310.0 1374.5 1439.0
1310.0 1374.5 1439.0
1310.0 1374.5 1439.0
1310.0 1374.5 1439.0
1310.0 1374.5 1439.0
1310.0 1374.5 1439.0
1310.0 1374.5 1439.0
1310.0 1374.5 1439.0
1310.0 1374.5 1439.0
1310.0 1374.5 1439.0
1310.0 1374.5 1439.0
1310.0 1374.5 1439.0
1310.0 1374.5 1439.0
1310.0 1374.5 1439.0
1310.0 1374.5 1439.0
1310.0 1374.5 1439.0
1310.0 1374.5 1439.0
1310.0 1374.5 1439.0
1310.0 1374.5 1439.0
1310.0 1374.5 1439.0
1310.0 1374.5 1439.0
1310.0 1374.5 1439.0
1310.0 1374.5 1439.0
1310.0 1374.5 1439.0
1310.0 1374.5 1439.0
1310.0 1374.5 1439.0
1310.0 1374.5 1439.0
1310.0 1374.5 1439.0
1310.0 1374.5 1439.0
1310.0 1374.5 1439.0
1310.0 1374.5 1439.0
1310.0 1374.5 1439.0
1172.0 1305.5 1439.0
1172.0 1305.5 1439.0
1172.0 1305.5 1439.0
1172.0 1305.5 1439.0
1172.0 1305.5 1439.0
1172.0 1305.5 1439.0
971.0 1071.5 1172.0
971.0 1071.5 1172.0
971.0 1071.5 1172.0
971.0 1071.5 1172.0
971.0 1071.5 1172.0
971.0 1071.5 1172.0
971.0 1071.5 1172.0
971.0 1071.5 1172.0
971.0 1071.5 1172.0
971.0 1071.5 1172.0
971.0 1071.5 1172.0
971.0 1071.5 1172.0
971.0 1071.5 1172.0
971.0 1071.5 1172.0
971.0 1071.5 1172.0
971.0 1071.5 1172.0
971.0 1071.5 1172.0
971.0 1071.5 1172.0
971.0 1071.5 1172.0
971.0 1071.5 1172.0
971.0 1071.5 1172.0
971.0 1071.5 1172.0
971.0 1071.5 1172.0
971.0 1071.5 1172.0
971.0 1071.5 1172.0
971.0 1071.5 1172.0
971.0 1071.5 1172.0
971.0 1071.5 1172.0
971.0 1071.5 1172.0
971.0 1071.5 1172.0
971.0 1071.5 1172.0
971.0 1071.5 1172.0
971.0 1071.5 1172.0
971.0 1071.5 1172.0
971.0 1071.5 1172.0
971.0 1071.5 1172.0
971.0 1071.5 1172.0
971.0 1071.5 1172.0
971.0 1071.5 1172.0
971.0 1071.5 1172.0
971.0 1071.5 1172.0
971.0 1071.5 1172.0
971.0 1071.5 1172.0
971.0 1071.5 1172.0
971.0 1071.5 1172.0
971.0 1071.5 1172.0
971.0 1071.5 1172.0
971.0 1071.5 1172.0
971.0 1071.5 1172.0
971.0 1071.5 1172.0
971.0 1071.5 1172.0
971.0 1071.5 1172.0
971.0 1071.5 1172.0
971.0 1071.5 1172.0
971.0 1071.5 1172.0
971.0 1071.5 1172.0
971.0 1071.5 1172.0
971.0 1071.5 1172.0
971.0 1071.5 1172.0
971.0 1071.5 1172.0
971.0 1071.5 1172.0
971.0 1071.5 1172.0
971.0 1071.5 1172.0
971.0 1071.5 1172.0
971.0 1071.5 1172.0
971.0 1071.5 1172.0
971.0 1071.5 1172.0
