14950.0 15236.5 15523.0
13760.0 14001.5 14243.0
10032.0 11651.0 13270.0
9762.0 11124.0 12486.0
8159.0 9007.5 9856.0
5894.0 6737.0 7580.0
3951.0 5489.5 7028.0
2887.0 3773.5 4660.0
1957.0 3308.5 4660.0
1957.0 2887.5 3818.0
1957.0 2887.5 3818.0
1975.0 2896.5 3818.0
1975.0 2896.5 3818.0
1975.0 2896.5 3818.0
1975.0 2896.5 3818.0
1975.0 2896.5 3818.0
1975.0 2896.5 3818.0
1975.0 3074.5 4174.0
1975.0 2883.5 3792.0
1975.0 2570.5 3166.0
1975.0 2217.5 2460.0
1975.0 2217.5 2460.0
1975.0 2217.5 2460.0
1975.0 2217.5 2460.0
1975.0 2217.5 2460.0
2099.0 2283.5 2468.0
2099.0 2283.5 2468.0
2099.0 2283.5 2468.0
2099.0 2283.5 2468.0
2099.0 2283.5 2468.0
2099.0 2283.5 2468.0
2099.0 2283.5 2468.0
2099.0 2283.5 2468.0
2099.0 2283.5 2468.0
2099.0 2283.5 2468.0
2099.0 2283.5 2468.0
2099.0 2283.5 2468.0
1616.0 2042.0 2468.0
1616.0 2042.0 2468.0
1616.0 2042.0 2468.0
1302.0 1459.0 1616.0
1302.0 1459.0 1616.0
1302.0 1459.0 1616.0
1302.0 1459.0 1616.0
1302.0 1459.0 1616.0
1302.0 1459.0 1616.0
1231.0 1423.5 1616.0
1151.0 1383.5 1616.0
1151.0 1383.5 1616.0
1151.0 1383.5 1616.0
1151.0 1383.5 1616.0
1151.0 1383.5 1616.0
1151.0 1383.5 1616.0
1151.0 1383.5 1616.0
1151.0 1383.5 1616.0
1151.0 1383.5 1616.0
1151.0 1383.5 1616.0
1151.0 1383.5 1616.0
1151.0 1383.5 1616.0
1151.0 1383.5 1616.0
1151.0 1383.5 1616.0
1151.0 1383.5 1616.0
1151.0 1383.5 1616.0
1151.0 1383.5 1616.0
1151.0 1383.5 1616.0
1151.0 1383.5 1616.0
1151.0 1383.5 1616.0
1151.0 1383.5 1616.0
1151.0 1383.5 1616.0
1151.0 1383.5 1616.0
1151.0 1383.5 1616.0
1151.0 1383.5 1616.0
1151.0 1383.5 1616.0
1151.0 1383.5 1616.0
1151.0 1383.5 1616.0
1151.0 1383.5 1616.0
1151.0 1383.5 1616.0
1151.0 1383.5 1616.0
1151.0 1383.5 1616.0
1151.0 1383.5 1616.0
1151.0 1383.5 1616.0
1151.0 1383.5 1616.0
1151.0 1383.5 1616.0
1151.0 1383.5 1616.0
1151.0 1383.5 1616.0
1151.0 1383.5 1616.0
1151.0 1383.5 1616.0
1151.0 1383.5 1616.0
1151.0 1383.5 1616.0
1151.0 1383.5 1616.0
1151.0 1383.5 1616.0
1151.0 1383.5 1616.0
1151.0 1383.5 1616.0
1151.0 1383.5 1616.0
1151.0 1383.5 1616.0
1151.0 1383.5 1616.0
1151.0 1383.5 1616.0
1151.0 1383.5 1616.0
1151.0 1383.5 1616.0
1151.0 1383.5 1616.0
1151.0 1383.5 1616.0
1151.0 1383.5 1616.0
1151.0 1383.5 1616.0
1151.0 1383.5 1616.0
1151.0 1383.5 1616.0
1151.0 1383.5 1616.0
1151.0 1383.5 1616.0
1151.0 1383.5 1616.0
1151.0 1383.5 1616.0
1151.0 1383.5 1616.0
1151.0 1383.5 1616.0
1151.0 1383.5 1616.0
1151.0 1383.5 1616.0
1151.0 1383.5 1616.0
1151.0 1383.5 1616.0
1151.0 1383.5 1616.0
1151.0 1383.5 1616.0
1151.0 1383.5 1616.0
1151.0 1383.5 1616.0
1151.0 1383.5 1616.0
1151.0 1383.5 1616.0
1151.0 1383.5 1616.0
1151.0 1383.5 1616.0
1151.0 1383.5 1616.0
1151.0 1383.5 1616.0
1151.0 1383.5 1616.0
1151.0 1383.5 1616.0
1151.0 1383.5 1616.0
1151.0 1383.5 1616.0
1151.0 1383.5 1616.0
1151.0 1383.5 1616.0
1151.0 1383.5 1616.0
1151.0 1383.5 1616.0
1151.0 1383.5 1616.0
1151.0 1383.5 1616.0
1151.0 1383.5 1616.0
1151.0 1383.5 1616.0
1151.0 1383.5 1616.0
1151.0 1383.5 1616.0
1151.0 1383.5 1616.0
1151.0 1383.5 1616.0
1151.0 1383.5 1616.0
1151.0 1383.5 1616.0
1151.0 1383.5 1616.0
1151.0 1383.5 1616.0
1151.0 1383.5 1616.0
1151.0 1383.5 1616.0
1151.0 1383.5 1616.0
1151.0 1383.5 1616.0
1151.0 1383.5 1616.0
1151.0 1383.5 1616.0
822.0 986.5 1151.0
822.0 986.5 1151.0
822.0 986.5 1151.0
822.0 986.5 1151.0
822.0 986.5 1151.0
822.0 986.5 1151.0
822.0 986.5 1151.0
822.0 986.5 1151.0
822.0 986.5 1151.0
822.0 986.5 1151.0
822.0 986.5 1151.0
822.0 986.5 1151.0
822.0 986.5 1151.0
822.0 986.5 1151.0
822.0 986.5 1151.0
822.0 986.5 1151.0
822.0 986.5 1151.0
822.0 986.5 1151.0
822.0 986.5 1151.0
822.0 986.5 1151.0
822.0 986.5 1151.0
822.0 986.5 1151.0
822.0 986.5 1151.0
822.0 986.5 1151.0
822.0 986.5 1151.0
822.0 986.5 1151.0
822.0 986.5 1151.0
822.0 986.5 1151.0
822.0 986.5 1151.0
822.0 986.5 1151.0
822.0 986.5 1151.0
822.0 986.5 1151.0
822.0 986.5 1151.0
822.0 986.5 1151.0
822.0 986.5 1151.0
822.0 986.5 1151.0
822.0 986.5 1151.0
822.0 986.5 1151.0
822.0 986.5 1151.0
822.0 986.5 1151.0
822.0 986.5 1151.0
822.0 986.5 1151.0
822.0 986.5 1151.0
822.0 986.5 1151.0
822.0 986.5 1151.0
822.0 986.5 1151.0
822.0 986.5 1151.0
822.0 986.5 1151.0
822.0 986.5 1151.0
