12786.0 13580.5 14375.0
9844.0 10581.5 11319.0
8048.0 8426.5 8805.0
5130.0 5395.5 5661.0
5631.0 5690.0 5749.0
3128.0 3189.5 3251.0
2928.0 3089.5 3251.0
2766.0 2941.0 3116.0
1750.0 2153.0 2556.0
2076.0 2386.5 2697.0
1418.0 1611.0 1804.0
1078.0 1248.0 1418.0
1078.0 1248.0 1418.0
1078.0 1248.0 1418.0
1078.0 1248.0 1418.0
1078.0 1248.0 1418.0
1078.0 1248.0 1418.0
1078.0 1248.0 1418.0
1078.0 1248.0 1418.0
1078.0 1248.0 1418.0
1078.0 1248.0 1418.0
1078.0 1248.0 1418.0
1078.0 1248.0 1418.0
1078.0 1248.0 1418.0
1078.0 1248.0 1418.0
1078.0 1248.0 1418.0
1078.0 1248.0 1418.0
1078.0 1210.5 1343.0
1078.0 1210.5 1343.0
785.0 931.5 1078.0
785.0 931.5 1078.0
785.0 931.5 1078.0
785.0 931.5 1078.0
785.0 931.5 1078.0
785.0 931.5 1078.0
785.0 931.5 1078.0
785.0 931.5 1078.0
785.0 931.5 1078.0
785.0 931.5 1078.0
785.0 931.5 1078.0
785.0 931.5 1078.0
785.0 931.5 1078.0
785.0 931.5 1078.0
785.0 931.5 1078.0
785.0 931.5 1078.0
785.0 931.5 1078.0
785.0 931.5 1078.0
785.0 931.5 1078.0
785.0 931.5 1078.0
785.0 931.5 1078.0
785.0 931.5 1078.0
785.0 931.5 1078.0
785.0 931.5 1078.0
785.0 931.5 1078.0
785.0 931.5 1078.0
785.0 931.5 1078.0
785.0 931.5 1078.0
785.0 931.5 1078.0
785.0 931.5 1078.0
785.0 931.5 1078.0
785.0 931.5 1078.0
785.0 931.5 1078.0
785.0 931.5 1078.0
785.0 931.5 1078.0
785.0 931.5 1078.0
785.0 931.5 1078.0
785.0 931.5 1078.0
785.0 931.5 1078.0
785.0 931.5 1078.0
785.0 931.5 1078.0
785.0 931.5 1078.0
785.0 931.5 1078.0
785.0 931.5 1078.0
785.0 931.5 1078.0
785.0 931.5 1078.0
785.0 931.5 1078.0
785.0 931.5 1078.0
785.0 931.5 1078.0
785.0 931.5 1078.0
785.0 931.5 1078.0
785.0 931.5 1078.0
785.0 931.5 1078.0
785.0 931.5 1078.0
785.0 931.5 1078.0
785.0 931.5 1078.0
785.0 931.5 1078.0
785.0 931.5 1078.0
785.0 931.5 1078.0
785.0 931.5 1078.0
785.0 931.5 1078.0
785.0 931.5 1078.0
785.0 931.5 1078.0
785.0 931.5 1078.0
785.0 931.5 1078.0
785.0 931.5 1078.0
785.0 931.5 1078.0
785.0 931.5 1078.0
785.0 931.5 1078.0
785.0 931.5 1078.0
785.0 931.5 1078.0
785.0 931.5 1078.0
785.0 931.5 1078.0
785.0 931.5 1078.0
785.0 931.5 1078.0
785.0 931.5 1078.0
785.0 931.5 1078.0
785.0 931.5 1078.0
785.0 931.5 1078.0
785.0 931.5 1078.0
785.0 931.5 1078.0
785.0 931.5 1078.0
785.0 931.5 1078.0
785.0 931.5 1078.0
785.0 931.5 1078.0
785.0 931.5 1078.0
785.0 931.5 1078.0
785.0 931.5 1078.0
785.0 931.5 1078.0
785.0 931.5 1078.0
785.0 931.5 1078.0
785.0 931.5 1078.0
785.0 931.5 1078.0
785.0 931.5 1078.0
785.0 931.5 1078.0
785.0 931.5 1078.0
785.0 931.5 1078.0
785.0 931.5 1078.0
785.0 931.5 1078.0
785.0 931.5 1078.0
785.0 931.5 1078.0
785.0 931.5 1078.0
785.0 931.5 1078.0
785.0 931.5 1078.0
785.0 931.5 1078.0
785.0 931.5 1078.0
785.0 931.5 1078.0
785.0 931.5 1078.0
785.0 931.5 1078.0
785.0 931.5 1078.0
785.0 931.5 1078.0
785.0 931.5 1078.0
785.0 931.5 1078.0
785.0 931.5 1078.0
785.0 931.5 1078.0
785.0 931.5 1078.0
785.0 931.5 1078.0
785.0 931.5 1078.0
785.0 931.5 1078.0
785.0 931.5 1078.0
785.0 931.5 1078.0
785.0 931.5 1078.0
785.0 931.5 1078.0
785.0 931.5 1078.0
785.0 931.5 1078.0
785.0 931.5 1078.0
785.0 931.5 1078.0
785.0 931.5 1078.0
785.0 931.5 1078.0
785.0 931.5 1078.0
785.0 931.5 1078.0
785.0 931.5 1078.0
785.0 931.5 1078.0
785.0 931.5 1078.0
785.0 931.5 1078.0
785.0 931.5 1078.0
785.0 931.5 1078.0
785.0 931.5 1078.0
785.0 931.5 1078.0
785.0 931.5 1078.0
785.0 931.5 1078.0
785.0 931.5 1078.0
785.0 931.5 1078.0
785.0 931.5 1078.0
785.0 931.5 1078.0
785.0 931.5 1078.0
785.0 931.5 1078.0
785.0 931.5 1078.0
785.0 931.5 1078.0
785.0 931.5 1078.0
785.0 931.5 1078.0
785.0 931.5 1078.0
785.0 931.5 1078.0
785.0 931.5 1078.0
785.0 931.5 1078.0
785.0 931.5 1078.0
785.0 931.5 1078.0
785.0 931.5 1078.0
785.0 931.5 1078.0
785.0 931.5 1078.0
785.0 931.5 1078.0
785.0 931.5 1078.0
785.0 931.5 1078.0
785.0 931.5 1078.0
785.0 931.5 1078.0
785.0 931.5 1078.0
785.0 931.5 1078.0
785.0 931.5 1078.0
785.0 931.5 1078.0
785.0 931.5 1078.0
785.0 931.5 1078.0
