15572.0 15720.5 15869.0
11816.0 13360.5 14905.0
8677.0 10374.5 12072.0
8120.0 8380.5 8641.0
6244.0 6513.5 6783.0
4899.0 5927.0 6955.0
4782.0 4840.5 4899.0
3876.0 4387.5 4899.0
3718.0 3762.5 3807.0
2718.0 2980.5 3243.0
2718.0 2738.5 2759.0
2693.0 2924.5 3156.0
1272.0 2214.0 3156.0
1272.0 2214.0 3156.0
1272.0 2001.0 2730.0
1272.0 2050.0 2828.0
1272.0 2050.0 2828.0
1272.0 1631.5 1991.0
1272.0 1723.5 2175.0
1272.0 1723.5 2175.0
1272.0 1723.5 2175.0
1272.0 1723.5 2175.0
1272.0 1723.5 2175.0
1272.0 1723.5 2175.0
1272.0 1723.5 2175.0
1272.0 1723.5 2175.0
1272.0 1723.5 2175.0
1272.0 1723.5 2175.0
1272.0 1723.5 2175.0
1272.0 1723.5 2175.0
1272.0 1723.5 2175.0
1272.0 1723.5 2175.0
1272.0 1723.5 2175.0
1272.0 1723.5 2175.0
1272.0 1723.5 2175.0
1272.0 1723.5 2175.0
1272.0 1723.5 2175.0
1272.0 1723.5 2175.0
1272.0 1723.5 2175.0
1272.0 1723.5 2175.0
1272.0 1723.5 2175.0
1272.0 1723.5 2175.0
1272.0 1723.5 2175.0
1272.0 1723.5 2175.0
1272.0 1723.5 2175.0
1272.0 1723.5 2175.0
1272.0 1723.5 2175.0
1272.0 1723.5 2175.0
1272.0 1723.5 2175.0
1272.0 1723.5 2175.0
1272.0 1723.5 2175.0
1272.0 1723.5 2175.0
1272.0 1723.5 2175.0
1272.0 1723.5 2175.0
1272.0 1723.5 2175.0
1272.0 1723.5 2175.0
1272.0 1723.5 2175.0
1272.0 1723.5 2175.0
1272.0 1723.5 2175.0
1272.0 1723.5 2175.0
1272.0 1723.5 2175.0
1272.0 1723.5 2175.0
1272.0 1723.5 2175.0
1272.0 1723.5 2175.0
1272.0 1723.5 2175.0
1272.0 1723.5 2175.0
1272.0 1723.5 2175.0
1272.0 1517.5 1763.0
1272.0 1297.5 1323.0
1272.0 1281.0 1290.0
1272.0 1281.0 1290.0
1272.0 1281.0 1290.0
1272.0 1281.0 1290.0
1272.0 1281.0 1290.0
1272.0 1281.0 1290.0
1272.0 1281.0 1290.0
1272.0 1281.0 1290.0
1272.0 1281.0 1290.0
1272.0 1281.0 1290.0
1272.0 1281.0 1290.0
1272.0 1281.0 1290.0
1272.0 1281.0 1290.0
1272.0 1281.0 1290.0
1272.0 1281.0 1290.0
1272.0 1281.0 1290.0
1272.0 1281.0 1290.0
1272.0 1281.0 1290.0
1272.0 1281.0 1290.0
1272.0 1281.0 1290.0
1272.0 1281.0 1290.0
1272.0 1281.0 1290.0
1272.0 1281.0 1290.0
1272.0 1281.0 1290.0
1272.0 1281.0 1290.0
1272.0 1281.0 1290.0
1272.0 1281.0 1290.0
1272.0 1281.0 1290.0
1272.0 1281.0 1290.0
1272.0 1281.0 1290.0
1272.0 1281.0 1290.0
1272.0 1281.0 1290.0
1272.0 1281.0 1290.0
1272.0 1281.0 1290.0
1272.0 1281.0 1290.0
1272.0 1281.0 1290.0
1272.0 1281.0 1290.0
1272.0 1281.0 1290.0
1272.0 1281.0 1290.0
1272.0 1281.0 1290.0
1272.0 1281.0 1290.0
1272.0 1281.0 1290.0
1272.0 1281.0 1290.0
1272.0 1281.0 1290.0
1272.0 1281.0 1290.0
1272.0 1281.0 1290.0
1272.0 1281.0 1290.0
1272.0 1281.0 1290.0
1272.0 1281.0 1290.0
1272.0 1281.0 1290.0
1272.0 1281.0 1290.0
1272.0 1281.0 1290.0
1272.0 1281.0 1290.0
1272.0 1281.0 1290.0
1272.0 1281.0 1290.0
1272.0 1281.0 1290.0
1272.0 1281.0 1290.0
1272.0 1281.0 1290.0
1272.0 1281.0 1290.0
1272.0 1281.0 1290.0
1272.0 1281.0 1290.0
1272.0 1281.0 1290.0
1272.0 1281.0 1290.0
1272.0 1281.0 1290.0
1272.0 1281.0 1290.0
1272.0 1281.0 1290.0
1272.0 1281.0 1290.0
1272.0 1281.0 1290.0
1272.0 1281.0 1290.0
1272.0 1281.0 1290.0
1272.0 1281.0 1290.0
1272.0 1281.0 1290.0
1272.0 1281.0 1290.0
1272.0 1281.0 1290.0
1272.0 1281.0 1290.0
1272.0 1281.0 1290.0
1272.0 1281.0 1290.0
1272.0 1281.0 1290.0
1272.0 1281.0 1290.0
1272.0 1281.0 1290.0
1272.0 1281.0 1290.0
1272.0 1281.0 1290.0
1272.0 1281.0 1290.0
1272.0 1281.0 1290.0
1272.0 1281.0 1290.0
1272.0 1281.0 1290.0
1272.0 1281.0 1290.0
1272.0 1281.0 1290.0
1272.0 1281.0 1290.0
1272.0 1281.0 1290.0
1272.0 1281.0 1290.0
1272.0 1281.0 1290.0
1272.0 1281.0 1290.0
1272.0 1281.0 1290.0
1272.0 1281.0 1290.0
1272.0 1281.0 1290.0
1272.0 1281.0 1290.0
1272.0 1281.0 1290.0
1272.0 1281.0 1290.0
1272.0 1281.0 1290.0
1272.0 1281.0 1290.0
1272.0 1281.0 1290.0
1272.0 1281.0 1290.0
1272.0 1281.0 1290.0
1272.0 1281.0 1290.0
1272.0 1281.0 1290.0
1272.0 1281.0 1290.0
1272.0 1281.0 1290.0
1272.0 1281.0 1290.0
1272.0 1281.0 1290.0
1272.0 1281.0 1290.0
1272.0 1281.0 1290.0
1272.0 1281.0 1290.0
1272.0 1281.0 1290.0
1272.0 1281.0 1290.0
1272.0 1281.0 1290.0
1272.0 1281.0 1290.0
1272.0 1281.0 1290.0
1272.0 1281.0 1290.0
1272.0 1281.0 1290.0
1272.0 1281.0 1290.0
1272.0 1281.0 1290.0
1272.0 1281.0 1290.0
1272.0 1281.0 1290.0
1272.0 1281.0 1290.0
1272.0 1281.0 1290.0
1272.0 1281.0 1290.0
1272.0 1281.0 1290.0
1272.0 1281.0 1290.0
1272.0 1281.0 1290.0
1272.0 1281.0 1290.0
