11497.0 13847.5 16198.0
12207.0 12691.5 13176.0
8085.0 8782.5 9480.0
6066.0 7552.5 9039.0
5737.0 6219.5 6702.0
3631.0 4072.5 4514.0
2956.0 3301.0 3646.0
1799.0 2406.0 3013.0
1683.0 2316.5 2950.0
1762.0 2206.5 2651.0
1447.0 2049.0 2651.0
1447.0 1647.5 1848.0
1373.0 1610.5 1848.0
1373.0 1570.0 1767.0
1316.0 1582.0 1848.0
1316.0 1582.0 1848.0
1316.0 1582.0 1848.0
1316.0 1582.0 1848.0
1316.0 1582.0 1848.0
1316.0 1582.0 1848.0
1316.0 1582.0 1848.0
1316.0 1582.0 1848.0
1316.0 1582.0 1848.0
1316.0 1582.0 1848.0
1316.0 1582.0 1848.0
1316.0 1582.0 1848.0
1316.0 1582.0 1848.0
1316.0 1582.0 1848.0
1316.0 1582.0 1848.0
1316.0 1582.0 1848.0
1316.0 1582.0 1848.0
1316.0 1582.0 1848.0
1316.0 1582.0 1848.0
1316.0 1582.0 1848.0
1316.0 1582.0 1848.0
1316.0 1582.0 1848.0
1316.0 1582.0 1848.0
1316.0 1582.0 1848.0
1316.0 1582.0 1848.0
1316.0 1582.0 1848.0
1316.0 1582.0 1848.0
1316.0 1582.0 1848.0
1316.0 1582.0 1848.0
1316.0 1582.0 1848.0
1316.0 1582.0 1848.0
1316.0 1582.0 1848.0
1316.0 1582.0 1848.0
1316.0 1582.0 1848.0
1316.0 1582.0 1848.0
1316.0 1582.0 1848.0
1316.0 1582.0 1848.0
1316.0 1582.0 1848.0
1175.0 1511.5 1848.0
1104.0 1476.0 1848.0
571.0 1209.5 1848.0
571.0 1209.5 1848.0
571.0 1209.5 1848.0
571.0 1209.5 1848.0
571.0 1209.5 1848.0
571.0 1209.5 1848.0
571.0 1209.5 1848.0
571.0 1209.5 1848.0
571.0 1209.5 1848.0
571.0 1209.5 1848.0
571.0 1209.5 1848.0
571.0 1209.5 1848.0
571.0 1209.5 1848.0
571.0 1209.5 1848.0
571.0 1209.5 1848.0
571.0 1209.5 1848.0
571.0 1209.5 1848.0
571.0 840.5 1110.0
571.0 840.5 1110.0
571.0 720.0 869.0
571.0 720.0 869.0
571.0 788.5 1006.0
571.0 788.5 1006.0
571.0 788.5 1006.0
571.0 788.5 1006.0
571.0 788.5 1006.0
571.0 788.5 1006.0
571.0 788.5 1006.0
571.0 788.5 1006.0
571.0 788.5 1006.0
571.0 788.5 1006.0
571.0 788.5 1006.0
571.0 788.5 1006.0
571.0 788.5 1006.0
571.0 788.5 1006.0
571.0 788.5 1006.0
571.0 788.5 1006.0
571.0 788.5 1006.0
571.0 788.5 1006.0
571.0 788.5 1006.0
571.0 788.5 1006.0
571.0 788.5 1006.0
571.0 788.5 1006.0
571.0 788.5 1006.0
571.0 788.5 1006.0
571.0 788.5 1006.0
571.0 788.5 1006.0
571.0 788.5 1006.0
571.0 788.5 1006.0
571.0 788.5 1006.0
571.0 788.5 1006.0
571.0 788.5 1006.0
571.0 788.5 1006.0
571.0 788.5 1006.0
571.0 788.5 1006.0
571.0 788.5 1006.0
571.0 788.5 1006.0
571.0 788.5 1006.0
571.0 788.5 1006.0
571.0 788.5 1006.0
571.0 788.5 1006.0
571.0 788.5 1006.0
571.0 788.5 1006.0
571.0 788.5 1006.0
571.0 788.5 1006.0
571.0 788.5 1006.0
571.0 788.5 1006.0
571.0 788.5 1006.0
571.0 788.5 1006.0
571.0 788.5 1006.0
571.0 788.5 1006.0
571.0 788.5 1006.0
571.0 788.5 1006.0
571.0 788.5 1006.0
571.0 788.5 1006.0
571.0 788.5 1006.0
571.0 788.5 1006.0
571.0 788.5 1006.0
571.0 788.5 1006.0
571.0 788.5 1006.0
571.0 788.5 1006.0
571.0 788.5 1006.0
571.0 788.5 1006.0
571.0 788.5 1006.0
571.0 788.5 1006.0
571.0 788.5 1006.0
571.0 788.5 1006.0
571.0 788.5 1006.0
571.0 788.5 1006.0
571.0 788.5 1006.0
571.0 788.5 1006.0
571.0 788.5 1006.0
571.0 788.5 1006.0
571.0 788.5 1006.0
571.0 788.5 1006.0
571.0 788.5 1006.0
571.0 788.5 1006.0
571.0 788.5 1006.0
571.0 788.5 1006.0
571.0 788.5 1006.0
571.0 788.5 1006.0
571.0 788.5 1006.0
571.0 788.5 1006.0
571.0 788.5 1006.0
571.0 788.5 1006.0
571.0 788.5 1006.0
571.0 788.5 1006.0
571.0 788.5 1006.0
571.0 788.5 1006.0
571.0 788.5 1006.0
571.0 788.5 1006.0
571.0 788.5 1006.0
571.0 788.5 1006.0
571.0 788.5 1006.0
571.0 788.5 1006.0
571.0 788.5 1006.0
571.0 788.5 1006.0
571.0 788.5 1006.0
571.0 788.5 1006.0
571.0 788.5 1006.0
571.0 788.5 1006.0
571.0 788.5 1006.0
571.0 788.5 1006.0
571.0 788.5 1006.0
571.0 788.5 1006.0
571.0 788.5 1006.0
571.0 788.5 1006.0
571.0 788.5 1006.0
571.0 788.5 1006.0
571.0 788.5 1006.0
571.0 788.5 1006.0
571.0 788.5 1006.0
571.0 788.5 1006.0
571.0 788.5 1006.0
571.0 788.5 1006.0
571.0 788.5 1006.0
571.0 788.5 1006.0
571.0 788.5 1006.0
571.0 788.5 1006.0
571.0 788.5 1006.0
571.0 788.5 1006.0
571.0 788.5 1006.0
571.0 788.5 1006.0
571.0 788.5 1006.0
571.0 788.5 1006.0
571.0 788.5 1006.0
