12551.0 13243.5 13936.0
9681.0 10905.5 12130.0
7709.0 8235.0 8761.0
7593.0 7704.5 7816.0
5990.0 6422.0 6854.0
4610.0 4926.5 5243.0
3112.0 3703.0 4294.0
3112.0 3173.5 3235.0
3093.0 3102.5 3112.0
3112.0 3402.0 3692.0
2069.0 2590.5 3112.0
2382.0 2529.0 2676.0
2536.0 2606.0 2676.0
1518.0 1616.5 1715.0
1518.0 1616.5 1715.0
1420.0 1567.5 1715.0
1420.0 1567.5 1715.0
1618.0 1666.5 1715.0
1618.0 1666.5 1715.0
1594.0 1606.0 1618.0
1594.0 1606.0 1618.0
1594.0 1606.0 1618.0
1594.0 1606.0 1618.0
1594.0 1606.0 1618.0
1594.0 1606.0 1618.0
1594.0 1606.0 1618.0
1594.0 1606.0 1618.0
1594.0 1606.0 1618.0
1594.0 1606.0 1618.0
1594.0 1606.0 1618.0
1594.0 1606.0 1618.0
1594.0 1606.0 1618.0
1594.0 1606.0 1618.0
1594.0 1606.0 1618.0
1594.0 1606.0 1618.0
1594.0 1606.0 1618.0
1594.0 1606.0 1618.0
1594.0 1606.0 1618.0
1594.0 1606.0 1618.0
1594.0 1606.0 1618.0
1594.0 1606.0 1618.0
1594.0 1606.0 1618.0
1594.0 1606.0 1618.0
1594.0 1606.0 1618.0
1594.0 1606.0 1618.0
1594.0 1606.0 1618.0
1594.0 1606.0 1618.0
1594.0 1606.0 1618.0
1594.0 1606.0 1618.0
1594.0 1606.0 1618.0
1594.0 1606.0 1618.0
1594.0 1606.0 1618.0
1594.0 1606.0 1618.0
1594.0 1606.0 1618.0
1594.0 1606.0 1618.0
1594.0 1606.0 1618.0
1594.0 1606.0 1618.0
1594.0 1606.0 1618.0
1594.0 1606.0 1618.0
1594.0 1606.0 1618.0
1594.0 1606.0 1618.0
1594.0 1606.0 1618.0
1594.0 1606.0 1618.0
1594.0 1606.0 1618.0
1594.0 1606.0 1618.0
1594.0 1606.0 1618.0
1594.0 1606.0 1618.0
1594.0 1606.0 1618.0
1594.0 1606.0 1618.0
1594.0 1606.0 1618.0
1594.0 1606.0 1618.0
1594.0 1606.0 1618.0
1594.0 1606.0 1618.0
1594.0 1606.0 1618.0
1594.0 1606.0 1618.0
1594.0 1606.0 1618.0
1594.0 1606.0 1618.0
1594.0 1606.0 1618.0
1594.0 1606.0 1618.0
1594.0 1606.0 1618.0
1594.0 1606.0 1618.0
1594.0 1606.0 1618.0
1594.0 1606.0 1618.0
1594.0 1606.0 1618.0
1594.0 1606.0 1618.0
1594.0 1606.0 1618.0
1594.0 1606.0 1618.0
1594.0 1606.0 1618.0
1594.0 1606.0 1618.0
1594.0 1606.0 1618.0
1594.0 1606.0 1618.0
1594.0 1606.0 1618.0
1527.0 1572.5 1618.0
1527.0 1572.5 1618.0
1527.0 1572.5 1618.0
1527.0 1572.5 1618.0
1527.0 1572.5 1618.0
1527.0 1572.5 1618.0
1527.0 1572.5 1618.0
1527.0 1572.5 1618.0
1527.0 1572.5 1618.0
1527.0 1572.5 1618.0
1527.0 1572.5 1618.0
1527.0 1572.5 1618.0
1527.0 1572.5 1618.0
1527.0 1572.5 1618.0
1527.0 1572.5 1618.0
1527.0 1572.5 1618.0
1527.0 1572.5 1618.0
1527.0 1572.5 1618.0
1527.0 1572.5 1618.0
1527.0 1572.5 1618.0
1527.0 1572.5 1618.0
1527.0 1572.5 1618.0
1527.0 1572.5 1618.0
1527.0 1572.5 1618.0
1235.0 1381.0 1527.0
1235.0 1381.0 1527.0
1235.0 1381.0 1527.0
1235.0 1381.0 1527.0
1235.0 1381.0 1527.0
1235.0 1381.0 1527.0
1235.0 1381.0 1527.0
1235.0 1381.0 1527.0
1235.0 1381.0 1527.0
1235.0 1381.0 1527.0
1235.0 1381.0 1527.0
1235.0 1381.0 1527.0
1235.0 1381.0 1527.0
1235.0 1381.0 1527.0
1235.0 1381.0 1527.0
1235.0 1381.0 1527.0
1235.0 1381.0 1527.0
1235.0 1381.0 1527.0
1235.0 1381.0 1527.0
1235.0 1381.0 1527.0
1235.0 1381.0 1527.0
1235.0 1381.0 1527.0
1235.0 1381.0 1527.0
1235.0 1381.0 1527.0
1235.0 1381.0 1527.0
1235.0 1381.0 1527.0
1235.0 1381.0 1527.0
1235.0 1381.0 1527.0
1235.0 1381.0 1527.0
1235.0 1381.0 1527.0
1235.0 1381.0 1527.0
1235.0 1381.0 1527.0
1235.0 1381.0 1527.0
1235.0 1381.0 1527.0
1235.0 1381.0 1527.0
1235.0 1381.0 1527.0
1235.0 1370.5 1506.0
1235.0 1370.5 1506.0
1235.0 1358.0 1481.0
1235.0 1358.0 1481.0
1235.0 1358.0 1481.0
1235.0 1358.0 1481.0
1235.0 1358.0 1481.0
1235.0 1358.0 1481.0
1235.0 1358.0 1481.0
1235.0 1358.0 1481.0
1235.0 1358.0 1481.0
1235.0 1358.0 1481.0
1235.0 1358.0 1481.0
1235.0 1358.0 1481.0
1235.0 1358.0 1481.0
1235.0 1358.0 1481.0
1235.0 1358.0 1481.0
1235.0 1358.0 1481.0
1235.0 1358.0 1481.0
1235.0 1358.0 1481.0
1235.0 1358.0 1481.0
1235.0 1358.0 1481.0
1235.0 1358.0 1481.0
1235.0 1358.0 1481.0
1235.0 1358.0 1481.0
1235.0 1358.0 1481.0
1235.0 1358.0 1481.0
1235.0 1358.0 1481.0
1235.0 1358.0 1481.0
1235.0 1358.0 1481.0
1235.0 1358.0 1481.0
1235.0 1358.0 1481.0
1235.0 1358.0 1481.0
1235.0 1358.0 1481.0
1235.0 1358.0 1481.0
1235.0 1358.0 1481.0
1079.0 1280.0 1481.0
1079.0 1280.0 1481.0
1079.0 1280.0 1481.0
1079.0 1280.0 1481.0
1079.0 1280.0 1481.0
1079.0 1280.0 1481.0
1079.0 1280.0 1481.0
1079.0 1280.0 1481.0
1079.0 1280.0 1481.0
1079.0 1280.0 1481.0
1079.0 1280.0 1481.0
1079.0 1280.0 1481.0
