10870.0 12482.0 14094.0
8814.0 9206.5 9599.0
7231.0 7466.0 7701.0
6148.0 6821.0 7494.0
4464.0 4698.0 4932.0
4313.0 4355.0 4397.0
2988.0 3332.0 3676.0
2396.0 2692.0 2988.0
1904.0 2150.0 2396.0
1904.0 2031.5 2159.0
1145.0 1414.5 1684.0
1145.0 1414.5 1684.0
936.0 1310.0 1684.0
936.0 1310.0 1684.0
936.0 1310.0 1684.0
936.0 1310.0 1684.0
936.0 1310.0 1684.0
936.0 1310.0 1684.0
936.0 1310.0 1684.0
936.0 1310.0 1684.0
936.0 1310.0 1684.0
936.0 1310.0 1684.0
936.0 1310.0 1684.0
936.0 1310.0 1684.0
936.0 1310.0 1684.0
936.0 1310.0 1684.0
936.0 1310.0 1684.0
936.0 1310.0 1684.0
936.0 1310.0 1684.0
936.0 1310.0 1684.0
936.0 1310.0 1684.0
936.0 1310.0 1684.0
936.0 1310.0 1684.0
936.0 1310.0 1684.0
936.0 1310.0 1684.0
936.0 1310.0 1684.0
936.0 1310.0 1684.0
936.0 1310.0 1684.0
936.0 1310.0 1684.0
936.0 1310.0 1684.0
936.0 1310.0 1684.0
936.0 1310.0 1684.0
936.0 1310.0 1684.0
936.0 1310.0 1684.0
936.0 1310.0 1684.0
936.0 1310.0 1684.0
936.0 1310.0 1684.0
936.0 1310.0 1684.0
936.0 1310.0 1684.0
936.0 1310.0 1684.0
936.0 1310.0 1684.0
936.0 1310.0 1684.0
936.0 1310.0 1684.0
936.0 1310.0 1684.0
936.0 1310.0 1684.0
936.0 1310.0 1684.0
936.0 1310.0 1684.0
936.0 1310.0 1684.0
936.0 1310.0 1684.0
936.0 1310.0 1684.0
936.0 1310.0 1684.0
936.0 1310.0 1684.0
936.0 1310.0 1684.0
936.0 1310.0 1684.0
936.0 1310.0 1684.0
936.0 1310.0 1684.0
936.0 1310.0 1684.0
936.0 1310.0 1684.0
936.0 1310.0 1684.0
936.0 1310.0 1684.0
936.0 1310.0 1684.0
936.0 1310.0 1684.0
936.0 1310.0 1684.0
936.0 1310.0 1684.0
936.0 1310.0 1684.0
936.0 1310.0 1684.0
936.0 1310.0 1684.0
936.0 1310.0 1684.0
936.0 1310.0 1684.0
936.0 1310.0 1684.0
936.0 1310.0 1684.0
936.0 1310.0 1684.0
936.0 1310.0 1684.0
936.0 1106.5 1277.0
936.0 1106.5 1277.0
936.0 1106.5 1277.0
936.0 1106.5 1277.0
936.0 1106.5 1277.0
936.0 1106.5 1277.0
936.0 1106.5 1277.0
936.0 1106.5 1277.0
936.0 1106.5 1277.0
936.0 1106.5 1277.0
936.0 1106.5 1277.0
936.0 1106.5 1277.0
936.0 1106.5 1277.0
936.0 1106.5 1277.0
936.0 1106.5 1277.0
936.0 1106.5 1277.0
936.0 1106.5 1277.0
936.0 1106.5 1277.0
936.0 1106.5 1277.0
936.0 1106.5 1277.0
936.0 1106.5 1277.0
936.0 1106.5 1277.0
936.0 1106.5 1277.0
936.0 1106.5 1277.0
936.0 1106.5 1277.0
936.0 1106.5 1277.0
936.0 1106.5 1277.0
936.0 1106.5 1277.0
936.0 1106.5 1277.0
936.0 1106.5 1277.0
936.0 1106.5 1277.0
936.0 1106.5 1277.0
936.0 1106.5 1277.0
936.0 1106.5 1277.0
936.0 1106.5 1277.0
936.0 1106.5 1277.0
936.0 1106.5 1277.0
936.0 1106.5 1277.0
936.0 1106.5 1277.0
936.0 1106.5 1277.0
936.0 1106.5 1277.0
936.0 1106.5 1277.0
936.0 1106.5 1277.0
936.0 1106.5 1277.0
936.0 1106.5 1277.0
936.0 1106.5 1277.0
936.0 1106.5 1277.0
936.0 1106.5 1277.0
936.0 1106.5 1277.0
936.0 1106.5 1277.0
936.0 1106.5 1277.0
936.0 1106.5 1277.0
936.0 1106.5 1277.0
936.0 1106.5 1277.0
936.0 1106.5 1277.0
936.0 1106.5 1277.0
936.0 1106.5 1277.0
936.0 1106.5 1277.0
936.0 1106.5 1277.0
936.0 1106.5 1277.0
936.0 1106.5 1277.0
936.0 1106.5 1277.0
936.0 1106.5 1277.0
936.0 1106.5 1277.0
936.0 1106.5 1277.0
936.0 1106.5 1277.0
936.0 1106.5 1277.0
936.0 1106.5 1277.0
936.0 1106.5 1277.0
936.0 1106.5 1277.0
936.0 1106.5 1277.0
936.0 1106.5 1277.0
936.0 1106.5 1277.0
936.0 1106.5 1277.0
936.0 1106.5 1277.0
936.0 1106.5 1277.0
936.0 1106.5 1277.0
936.0 1106.5 1277.0
936.0 1106.5 1277.0
936.0 1106.5 1277.0
936.0 1106.5 1277.0
936.0 1106.5 1277.0
936.0 1106.5 1277.0
936.0 1106.5 1277.0
936.0 1106.5 1277.0
936.0 1106.5 1277.0
936.0 1106.5 1277.0
936.0 1106.5 1277.0
936.0 1106.5 1277.0
936.0 1106.5 1277.0
936.0 1106.5 1277.0
936.0 1106.5 1277.0
936.0 1106.5 1277.0
936.0 1106.5 1277.0
936.0 1106.5 1277.0
936.0 1106.5 1277.0
936.0 1106.5 1277.0
936.0 1106.5 1277.0
936.0 1106.5 1277.0
936.0 1106.5 1277.0
936.0 1106.5 1277.0
936.0 1106.5 1277.0
936.0 1106.5 1277.0
936.0 1106.5 1277.0
936.0 1106.5 1277.0
936.0 1106.5 1277.0
936.0 1106.5 1277.0
936.0 1106.5 1277.0
936.0 1106.5 1277.0
936.0 1106.5 1277.0
936.0 1106.5 1277.0
936.0 1106.5 1277.0
936.0 1106.5 1277.0
936.0 1106.5 1277.0
1118.0 1197.5 1277.0
1118.0 1197.5 1277.0
779.0 1028.0 1277.0
