14115.0 14274.0 14433.0
10013.0 10931.0 11849.0
8786.0 10449.5 12113.0
7749.0 7929.0 8109.0
6490.0 7399.5 8309.0
5025.0 5180.5 5336.0
5336.0 5349.5 5363.0
3164.0 3505.5 3847.0
2923.0 3385.0 3847.0
2923.0 3358.0 3793.0
2304.0 2840.0 3376.0
1740.0 2109.0 2478.0
1740.0 1950.5 2161.0
1740.0 1950.5 2161.0
1740.0 1950.5 2161.0
1740.0 1950.5 2161.0
1740.0 1950.5 2161.0
1740.0 1950.5 2161.0
1740.0 1950.5 2161.0
1740.0 1950.5 2161.0
1740.0 1950.5 2161.0
1740.0 1950.5 2161.0
1740.0 1950.5 2161.0
1740.0 1950.5 2161.0
1740.0 1950.5 2161.0
1740.0 1950.5 2161.0
1740.0 1950.5 2161.0
1740.0 1950.5 2161.0
1740.0 1950.5 2161.0
1740.0 1950.5 2161.0
1740.0 1918.5 2097.0
1727.0 1912.0 2097.0
1727.0 1912.0 2097.0
1727.0 1912.0 2097.0
1727.0 1912.0 2097.0
1727.0 1912.0 2097.0
1727.0 1912.0 2097.0
1727.0 1912.0 2097.0
1727.0 1912.0 2097.0
1727.0 1912.0 2097.0
1727.0 1912.0 2097.0
1727.0 1912.0 2097.0
1727.0 1912.0 2097.0
1727.0 1912.0 2097.0
1727.0 1912.0 2097.0
1727.0 1912.0 2097.0
1727.0 1912.0 2097.0
1727.0 1912.0 2097.0
1727.0 1912.0 2097.0
1727.0 1912.0 2097.0
1727.0 1912.0 2097.0
1727.0 1912.0 2097.0
1727.0 1912.0 2097.0
1727.0 1912.0 2097.0
1727.0 1912.0 2097.0
1727.0 2070.0 2413.0
1727.0 1761.5 1796.0
1727.0 1758.5 1790.0
1727.0 1758.5 1790.0
1727.0 1758.5 1790.0
1603.0 1696.5 1790.0
1603.0 1696.5 1790.0
1603.0 1696.5 1790.0
1603.0 1696.5 1790.0
1603.0 1696.5 1790.0
1603.0 1696.5 1790.0
1603.0 1696.5 1790.0
1603.0 1696.5 1790.0
1603.0 1696.5 1790.0
1603.0 1696.5 1790.0
1603.0 1696.5 1790.0
1603.0 1696.5 1790.0
1603.0 1696.5 1790.0
1603.0 1696.5 1790.0
1603.0 1696.5 1790.0
1603.0 1696.5 1790.0
1603.0 1696.5 1790.0
1603.0 1696.5 1790.0
1603.0 1696.5 1790.0
1603.0 1696.5 1790.0
1603.0 1696.5 1790.0
1603.0 1696.5 1790.0
1603.0 1696.5 1790.0
1603.0 1696.5 1790.0
1603.0 1696.5 1790.0
1603.0 1696.5 1790.0
1603.0 1696.5 1790.0
1603.0 1696.5 1790.0
1603.0 1696.5 1790.0
1603.0 1696.5 1790.0
1638.0 1714.0 1790.0
1638.0 1714.0 1790.0
1638.0 1714.0 1790.0
1638.0 1714.0 1790.0
1638.0 1714.0 1790.0
1638.0 1714.0 1790.0
1638.0 1714.0 1790.0
1638.0 1714.0 1790.0
1638.0 1714.0 1790.0
1638.0 1714.0 1790.0
1638.0 1714.0 1790.0
1638.0 1714.0 1790.0
1638.0 1714.0 1790.0
1638.0 1714.0 1790.0
1638.0 1714.0 1790.0
1638.0 1714.0 1790.0
1638.0 1714.0 1790.0
1638.0 1714.0 1790.0
1638.0 1714.0 1790.0
1638.0 1714.0 1790.0
1638.0 1714.0 1790.0
1638.0 1714.0 1790.0
1638.0 1714.0 1790.0
1638.0 1714.0 1790.0
1638.0 1714.0 1790.0
1638.0 1714.0 1790.0
1638.0 1714.0 1790.0
1638.0 1714.0 1790.0
1638.0 1714.0 1790.0
1638.0 1714.0 1790.0
1638.0 1714.0 1790.0
1638.0 1714.0 1790.0
1638.0 1714.0 1790.0
1638.0 1714.0 1790.0
1638.0 1714.0 1790.0
1638.0 1714.0 1790.0
1638.0 1714.0 1790.0
1638.0 1714.0 1790.0
1638.0 1714.0 1790.0
1638.0 1714.0 1790.0
1638.0 1714.0 1790.0
1638.0 1714.0 1790.0
1638.0 1714.0 1790.0
1638.0 1714.0 1790.0
1638.0 1714.0 1790.0
1638.0 1714.0 1790.0
1638.0 1714.0 1790.0
1638.0 1714.0 1790.0
1638.0 1714.0 1790.0
1638.0 1714.0 1790.0
1638.0 1714.0 1790.0
1638.0 1714.0 1790.0
1638.0 1714.0 1790.0
1638.0 1714.0 1790.0
1638.0 1714.0 1790.0
1638.0 1714.0 1790.0
1638.0 1714.0 1790.0
1638.0 1714.0 1790.0
1638.0 1714.0 1790.0
1638.0 1714.0 1790.0
1638.0 1714.0 1790.0
1638.0 1714.0 1790.0
1638.0 1714.0 1790.0
1638.0 1714.0 1790.0
1638.0 1714.0 1790.0
1638.0 1714.0 1790.0
1638.0 1714.0 1790.0
1638.0 1714.0 1790.0
1638.0 1714.0 1790.0
1638.0 1714.0 1790.0
1638.0 1714.0 1790.0
1389.0 1589.5 1790.0
1389.0 1589.5 1790.0
1389.0 1589.5 1790.0
1389.0 1589.5 1790.0
1389.0 1589.5 1790.0
1389.0 1589.5 1790.0
1389.0 1589.5 1790.0
1389.0 1589.5 1790.0
1389.0 1589.5 1790.0
1389.0 1589.5 1790.0
1389.0 1589.5 1790.0
1389.0 1589.5 1790.0
1389.0 1589.5 1790.0
1389.0 1589.5 1790.0
1389.0 1589.5 1790.0
1389.0 1589.5 1790.0
1389.0 1589.5 1790.0
1389.0 1589.5 1790.0
1389.0 1589.5 1790.0
1389.0 1589.5 1790.0
1389.0 1589.5 1790.0
1389.0 1589.5 1790.0
1389.0 1589.5 1790.0
1389.0 1589.5 1790.0
1389.0 1589.5 1790.0
1389.0 1589.5 1790.0
1389.0 1589.5 1790.0
1389.0 1589.5 1790.0
1389.0 1589.5 1790.0
1212.0 1300.5 1389.0
1132.0 1260.5 1389.0
718.0 1053.5 1389.0
718.0 1053.5 1389.0
718.0 1053.5 1389.0
718.0 1053.5 1389.0
718.0 1053.5 1389.0
718.0 1053.5 1389.0
718.0 1053.5 1389.0
718.0 1053.5 1389.0
