13621.0 14194.0 14767.0
10230.0 11527.0 12824.0
10653.0 10864.0 11075.0
7095.0 8768.0 10441.0
7982.0 8149.5 8317.0
5754.0 6690.5 7627.0
4741.0 4865.0 4989.0
3984.0 4496.0 5008.0
3984.0 4121.0 4258.0
3141.0 3673.0 4205.0
2445.0 2839.0 3233.0
2445.0 2650.5 2856.0
2097.0 2227.0 2357.0
2097.0 2227.0 2357.0
2097.0 2115.0 2133.0
2097.0 2115.0 2133.0
2097.0 2115.0 2133.0
2097.0 2115.0 2133.0
2097.0 2115.0 2133.0
2097.0 2115.0 2133.0
2097.0 2115.0 2133.0
2097.0 2115.0 2133.0
2097.0 2115.0 2133.0
2097.0 2115.0 2133.0
2097.0 2115.0 2133.0
2097.0 2115.0 2133.0
2097.0 2115.0 2133.0
2097.0 2115.0 2133.0
2097.0 2115.0 2133.0
2097.0 2115.0 2133.0
2097.0 2115.0 2133.0
1843.0 1988.0 2133.0
1843.0 1988.0 2133.0
1843.0 1988.0 2133.0
1843.0 1988.0 2133.0
1843.0 1988.0 2133.0
1843.0 1988.0 2133.0
1428.0 1635.5 1843.0
1428.0 1635.5 1843.0
1532.0 1687.5 1843.0
1341.0 1436.5 1532.0
1341.0 1436.5 1532.0
1341.0 1436.5 1532.0
1341.0 1436.5 1532.0
1341.0 1436.5 1532.0
1341.0 1436.5 1532.0
1341.0 1436.5 1532.0
1341.0 1436.5 1532.0
1341.0 1436.5 1532.0
1341.0 1436.5 1532.0
1341.0 1436.5 1532.0
1341.0 1436.5 1532.0
1341.0 1436.5 1532.0
1341.0 1436.5 1532.0
1341.0 1436.5 1532.0
1341.0 1436.5 1532.0
1341.0 1436.5 1532.0
1341.0 1436.5 1532.0
1341.0 1436.5 1532.0
1341.0 1436.5 1532.0
1341.0 1436.5 1532.0
1341.0 1436.5 1532.0
1341.0 1436.5 1532.0
1341.0 1436.5 1532.0
1341.0 1436.5 1532.0
1341.0 1436.5 1532.0
1341.0 1436.5 1532.0
1341.0 1436.5 1532.0
1341.0 1436.5 1532.0
1341.0 1436.5 1532.0
1341.0 1436.5 1532.0
1341.0 1436.5 1532.0
1341.0 1436.5 1532.0
1341.0 1436.5 1532.0
1341.0 1436.5 1532.0
1341.0 1436.5 1532.0
1341.0 1436.5 1532.0
1341.0 1436.5 1532.0
1341.0 1436.5 1532.0
1341.0 1436.5 1532.0
1341.0 1436.5 1532.0
1341.0 1436.5 1532.0
1341.0 1436.5 1532.0
1341.0 1436.5 1532.0
1341.0 1436.5 1532.0
1341.0 1436.5 1532.0
1341.0 1436.5 1532.0
1341.0 1436.5 1532.0
1341.0 1436.5 1532.0
1341.0 1436.5 1532.0
1341.0 1436.5 1532.0
1341.0 1436.5 1532.0
1341.0 1436.5 1532.0
1341.0 1436.5 1532.0
1341.0 1436.5 1532.0
1341.0 1436.5 1532.0
1341.0 1436.5 1532.0
1341.0 1436.5 1532.0
1341.0 1436.5 1532.0
1341.0 1436.5 1532.0
1341.0 1436.5 1532.0
1341.0 1436.5 1532.0
1341.0 1436.5 1532.0
1341.0 1436.5 1532.0
1341.0 1436.5 1532.0
1341.0 1436.5 1532.0
1341.0 1436.5 1532.0
1341.0 1436.5 1532.0
1341.0 1436.5 1532.0
1341.0 1436.5 1532.0
1341.0 1436.5 1532.0
1341.0 1436.5 1532.0
1341.0 1436.5 1532.0
1341.0 1436.5 1532.0
1341.0 1436.5 1532.0
1341.0 1436.5 1532.0
1341.0 1436.5 1532.0
1341.0 1436.5 1532.0
1341.0 1436.5 1532.0
1341.0 1436.5 1532.0
1341.0 1436.5 1532.0
1341.0 1436.5 1532.0
1341.0 1436.5 1532.0
1341.0 1436.5 1532.0
1341.0 1436.5 1532.0
1341.0 1436.5 1532.0
1341.0 1436.5 1532.0
1341.0 1436.5 1532.0
1341.0 1436.5 1532.0
1341.0 1436.5 1532.0
1341.0 1436.5 1532.0
1341.0 1436.5 1532.0
1341.0 1436.5 1532.0
1341.0 1436.5 1532.0
1341.0 1436.5 1532.0
1341.0 1436.5 1532.0
1341.0 1436.5 1532.0
1341.0 1436.5 1532.0
1341.0 1436.5 1532.0
1341.0 1436.5 1532.0
1341.0 1436.5 1532.0
1341.0 1436.5 1532.0
1341.0 1436.5 1532.0
1341.0 1436.5 1532.0
1341.0 1436.5 1532.0
1341.0 1436.5 1532.0
1341.0 1436.5 1532.0
1341.0 1436.5 1532.0
1341.0 1436.5 1532.0
1341.0 1436.5 1532.0
1341.0 1436.5 1532.0
1341.0 1436.5 1532.0
1341.0 1436.5 1532.0
1341.0 1436.5 1532.0
1341.0 1436.5 1532.0
1341.0 1436.5 1532.0
1341.0 1436.5 1532.0
1341.0 1436.5 1532.0
1341.0 1436.5 1532.0
1341.0 1436.5 1532.0
1341.0 1436.5 1532.0
1341.0 1436.5 1532.0
1341.0 1436.5 1532.0
1341.0 1436.5 1532.0
1341.0 1436.5 1532.0
1341.0 1436.5 1532.0
1341.0 1436.5 1532.0
1341.0 1436.5 1532.0
1341.0 1436.5 1532.0
1341.0 1436.5 1532.0
1341.0 1436.5 1532.0
1341.0 1436.5 1532.0
1341.0 1436.5 1532.0
1341.0 1436.5 1532.0
1341.0 1436.5 1532.0
1341.0 1436.5 1532.0
1341.0 1436.5 1532.0
1341.0 1436.5 1532.0
1341.0 1436.5 1532.0
1341.0 1436.5 1532.0
1341.0 1436.5 1532.0
1341.0 1436.5 1532.0
1341.0 1436.5 1532.0
1341.0 1436.5 1532.0
1341.0 1436.5 1532.0
1341.0 1436.5 1532.0
1341.0 1436.5 1532.0
1341.0 1436.5 1532.0
1341.0 1436.5 1532.0
1341.0 1436.5 1532.0
1341.0 1436.5 1532.0
1341.0 1436.5 1532.0
1341.0 1436.5 1532.0
1341.0 1436.5 1532.0
1341.0 1436.5 1532.0
1341.0 1436.5 1532.0
1341.0 1436.5 1532.0
1341.0 1436.5 1532.0
1341.0 1436.5 1532.0
1341.0 1436.5 1532.0
