13472.0 13658.0 13844.0
11398.0 11692.0 11986.0
10075.0 10957.0 11839.0
8779.0 10081.0 11383.0
4357.0 6339.0 8321.0
4357.0 5745.0 7133.0
3669.0 4127.5 4586.0
3669.0 3884.0 4099.0
3279.0 3726.0 4173.0
3160.0 3219.5 3279.0
2758.0 2946.5 3135.0
1969.0 2303.0 2637.0
1969.0 2241.5 2514.0
2060.0 2347.0 2634.0
2060.0 2347.0 2634.0
2060.0 2347.0 2634.0
2060.0 2347.0 2634.0
2060.0 2347.0 2634.0
2060.0 2347.0 2634.0
2060.0 2347.0 2634.0
2060.0 2347.0 2634.0
2060.0 2124.0 2188.0
2060.0 2124.0 2188.0
2060.0 2124.0 2188.0
2060.0 2124.0 2188.0
2060.0 2124.0 2188.0
2060.0 2124.0 2188.0
2060.0 2124.0 2188.0
1405.0 1732.5 2060.0
1560.0 1810.0 2060.0
1560.0 1810.0 2060.0
1560.0 1810.0 2060.0
1337.0 1448.5 1560.0
1337.0 1448.5 1560.0
1337.0 1448.5 1560.0
1337.0 1448.5 1560.0
1337.0 1448.5 1560.0
1337.0 1448.5 1560.0
1337.0 1448.5 1560.0
1337.0 1448.5 1560.0
1337.0 1448.5 1560.0
1337.0 1448.5 1560.0
1337.0 1448.5 1560.0
1337.0 1448.5 1560.0
1337.0 1448.5 1560.0
1337.0 1448.5 1560.0
1337.0 1448.5 1560.0
1337.0 1448.5 1560.0
1337.0 1448.5 1560.0
1337.0 1448.5 1560.0
1337.0 1448.5 1560.0
1337.0 1448.5 1560.0
1337.0 1448.5 1560.0
1337.0 1448.5 1560.0
1337.0 1448.5 1560.0
1337.0 1448.5 1560.0
1337.0 1448.5 1560.0
1337.0 1448.5 1560.0
1337.0 1448.5 1560.0
1337.0 1448.5 1560.0
1337.0 1448.5 1560.0
1337.0 1448.5 1560.0
1337.0 1448.5 1560.0
1337.0 1448.5 1560.0
1337.0 1448.5 1560.0
1337.0 1448.5 1560.0
1337.0 1448.5 1560.0
1337.0 1448.5 1560.0
1337.0 1448.5 1560.0
1337.0 1448.5 1560.0
1337.0 1448.5 1560.0
1337.0 1448.5 1560.0
1337.0 1448.5 1560.0
1337.0 1448.5 1560.0
1337.0 1448.5 1560.0
1337.0 1439.0 1541.0
1337.0 1439.0 1541.0
1337.0 1439.0 1541.0
1337.0 1439.0 1541.0
1337.0 1439.0 1541.0
1337.0 1439.0 1541.0
1337.0 1439.0 1541.0
1337.0 1439.0 1541.0
1337.0 1439.0 1541.0
1337.0 1439.0 1541.0
1337.0 1439.0 1541.0
1337.0 1439.0 1541.0
1337.0 1439.0 1541.0
1337.0 1439.0 1541.0
1337.0 1439.0 1541.0
1337.0 1439.0 1541.0
1337.0 1439.0 1541.0
1337.0 1439.0 1541.0
1337.0 1439.0 1541.0
1337.0 1439.0 1541.0
1337.0 1439.0 1541.0
1337.0 1439.0 1541.0
1337.0 1439.0 1541.0
1337.0 1439.0 1541.0
1337.0 1439.0 1541.0
1337.0 1439.0 1541.0
1337.0 1439.0 1541.0
1337.0 1439.0 1541.0
1337.0 1439.0 1541.0
1337.0 1439.0 1541.0
1337.0 1439.0 1541.0
1337.0 1439.0 1541.0
1337.0 1439.0 1541.0
1337.0 1439.0 1541.0
1337.0 1439.0 1541.0
1337.0 1439.0 1541.0
1337.0 1439.0 1541.0
1337.0 1439.0 1541.0
1337.0 1439.0 1541.0
1337.0 1439.0 1541.0
1337.0 1439.0 1541.0
1337.0 1439.0 1541.0
1337.0 1439.0 1541.0
1337.0 1439.0 1541.0
1337.0 1439.0 1541.0
1337.0 1439.0 1541.0
1168.0 1354.5 1541.0
1168.0 1354.5 1541.0
1168.0 1354.5 1541.0
1168.0 1354.5 1541.0
1168.0 1354.5 1541.0
1168.0 1354.5 1541.0
1168.0 1354.5 1541.0
1168.0 1354.5 1541.0
1168.0 1354.5 1541.0
1168.0 1354.5 1541.0
1168.0 1354.5 1541.0
1168.0 1354.5 1541.0
1168.0 1354.5 1541.0
1168.0 1354.5 1541.0
1168.0 1354.5 1541.0
1168.0 1354.5 1541.0
1168.0 1354.5 1541.0
1168.0 1354.5 1541.0
1168.0 1354.5 1541.0
983.0 1262.0 1541.0
983.0 1262.0 1541.0
983.0 1262.0 1541.0
983.0 1262.0 1541.0
983.0 1262.0 1541.0
983.0 1262.0 1541.0
983.0 1262.0 1541.0
983.0 1262.0 1541.0
983.0 1262.0 1541.0
983.0 1262.0 1541.0
983.0 1262.0 1541.0
983.0 1262.0 1541.0
983.0 1262.0 1541.0
983.0 1262.0 1541.0
983.0 1262.0 1541.0
983.0 1262.0 1541.0
983.0 1262.0 1541.0
983.0 1262.0 1541.0
983.0 1262.0 1541.0
983.0 1262.0 1541.0
983.0 1262.0 1541.0
983.0 1262.0 1541.0
983.0 1262.0 1541.0
983.0 1262.0 1541.0
983.0 1262.0 1541.0
983.0 1262.0 1541.0
983.0 1262.0 1541.0
983.0 1262.0 1541.0
983.0 1262.0 1541.0
983.0 1262.0 1541.0
983.0 1262.0 1541.0
983.0 1262.0 1541.0
983.0 1262.0 1541.0
983.0 1262.0 1541.0
983.0 1262.0 1541.0
983.0 1262.0 1541.0
983.0 1262.0 1541.0
983.0 1262.0 1541.0
983.0 1262.0 1541.0
983.0 1262.0 1541.0
983.0 1262.0 1541.0
983.0 1262.0 1541.0
983.0 1262.0 1541.0
983.0 1262.0 1541.0
983.0 1262.0 1541.0
983.0 1262.0 1541.0
983.0 1262.0 1541.0
983.0 1262.0 1541.0
983.0 1262.0 1541.0
983.0 1262.0 1541.0
983.0 1262.0 1541.0
983.0 1262.0 1541.0
983.0 1262.0 1541.0
983.0 1262.0 1541.0
983.0 1262.0 1541.0
983.0 1262.0 1541.0
983.0 1262.0 1541.0
983.0 1262.0 1541.0
983.0 1262.0 1541.0
983.0 1262.0 1541.0
