13358.0 15059.0 16760.0
8531.0 9157.0 9783.0
8531.0 8627.0 8723.0
6498.0 6560.0 6622.0
5161.0 5175.0 5189.0
2834.0 3227.5 3621.0
2715.0 2876.5 3038.0
2094.0 2392.0 2690.0
2181.0 2380.0 2579.0
1649.0 1856.0 2063.0
1249.0 1449.0 1649.0
1249.0 1449.0 1649.0
1249.0 1449.0 1649.0
1249.0 1449.0 1649.0
1249.0 1449.0 1649.0
1249.0 1449.0 1649.0
1249.0 1449.0 1649.0
1249.0 1449.0 1649.0
879.0 1264.0 1649.0
1052.0 1350.5 1649.0
1052.0 1350.5 1649.0
1052.0 1350.5 1649.0
1052.0 1350.5 1649.0
1052.0 1350.5 1649.0
1052.0 1350.5 1649.0
1052.0 1350.5 1649.0
1052.0 1350.5 1649.0
1052.0 1350.5 1649.0
1052.0 1350.5 1649.0
1052.0 1350.5 1649.0
1052.0 1350.5 1649.0
1052.0 1350.5 1649.0
1052.0 1326.0 1600.0
1052.0 1252.0 1452.0
1052.0 1128.0 1204.0
1052.0 1080.0 1108.0
1052.0 1082.0 1112.0
1052.0 1082.0 1112.0
1052.0 1082.0 1112.0
1052.0 1082.0 1112.0
1052.0 1082.0 1112.0
1052.0 1082.0 1112.0
1052.0 1082.0 1112.0
1052.0 1082.0 1112.0
1052.0 1082.0 1112.0
1052.0 1082.0 1112.0
1052.0 1082.0 1112.0
1052.0 1082.0 1112.0
1052.0 1082.0 1112.0
1052.0 1082.0 1112.0
1052.0 1082.0 1112.0
1052.0 1082.0 1112.0
1052.0 1082.0 1112.0
1052.0 1082.0 1112.0
1052.0 1082.0 1112.0
1052.0 1082.0 1112.0
1052.0 1082.0 1112.0
1052.0 1082.0 1112.0
1052.0 1082.0 1112.0
1052.0 1082.0 1112.0
1052.0 1082.0 1112.0
1052.0 1082.0 1112.0
1052.0 1082.0 1112.0
1052.0 1082.0 1112.0
1052.0 1082.0 1112.0
1052.0 1082.0 1112.0
1052.0 1082.0 1112.0
1052.0 1082.0 1112.0
1052.0 1082.0 1112.0
1052.0 1082.0 1112.0
1052.0 1082.0 1112.0
1052.0 1082.0 1112.0
1052.0 1082.0 1112.0
1052.0 1082.0 1112.0
1052.0 1082.0 1112.0
1052.0 1082.0 1112.0
1052.0 1082.0 1112.0
1052.0 1082.0 1112.0
1052.0 1082.0 1112.0
1052.0 1082.0 1112.0
1052.0 1082.0 1112.0
1052.0 1082.0 1112.0
1052.0 1082.0 1112.0
1052.0 1082.0 1112.0
1052.0 1082.0 1112.0
1052.0 1082.0 1112.0
1052.0 1082.0 1112.0
1052.0 1082.0 1112.0
1052.0 1082.0 1112.0
1052.0 1082.0 1112.0
1052.0 1082.0 1112.0
1052.0 1082.0 1112.0
1052.0 1082.0 1112.0
1052.0 1082.0 1112.0
1052.0 1082.0 1112.0
1052.0 1082.0 1112.0
1052.0 1082.0 1112.0
1052.0 1082.0 1112.0
1052.0 1082.0 1112.0
1052.0 1082.0 1112.0
1052.0 1082.0 1112.0
1052.0 1082.0 1112.0
1052.0 1082.0 1112.0
1052.0 1082.0 1112.0
1052.0 1082.0 1112.0
1052.0 1082.0 1112.0
1052.0 1082.0 1112.0
1052.0 1082.0 1112.0
1052.0 1082.0 1112.0
1052.0 1082.0 1112.0
1052.0 1082.0 1112.0
1052.0 1082.0 1112.0
1052.0 1082.0 1112.0
1052.0 1082.0 1112.0
1052.0 1082.0 1112.0
1052.0 1082.0 1112.0
1052.0 1082.0 1112.0
1052.0 1082.0 1112.0
1052.0 1082.0 1112.0
1052.0 1082.0 1112.0
1052.0 1082.0 1112.0
1052.0 1082.0 1112.0
1052.0 1082.0 1112.0
1052.0 1082.0 1112.0
1052.0 1082.0 1112.0
1052.0 1082.0 1112.0
1052.0 1082.0 1112.0
1052.0 1082.0 1112.0
1052.0 1082.0 1112.0
1052.0 1082.0 1112.0
1052.0 1082.0 1112.0
1052.0 1082.0 1112.0
1052.0 1082.0 1112.0
1052.0 1082.0 1112.0
1052.0 1082.0 1112.0
1052.0 1082.0 1112.0
1052.0 1082.0 1112.0
1052.0 1082.0 1112.0
1052.0 1082.0 1112.0
1052.0 1082.0 1112.0
1052.0 1082.0 1112.0
1052.0 1082.0 1112.0
1052.0 1082.0 1112.0
1052.0 1082.0 1112.0
1052.0 1082.0 1112.0
1052.0 1082.0 1112.0
1052.0 1082.0 1112.0
1052.0 1082.0 1112.0
1052.0 1082.0 1112.0
1052.0 1082.0 1112.0
1052.0 1082.0 1112.0
1052.0 1082.0 1112.0
1052.0 1082.0 1112.0
1052.0 1082.0 1112.0
1052.0 1082.0 1112.0
1052.0 1082.0 1112.0
1052.0 1082.0 1112.0
1052.0 1082.0 1112.0
1052.0 1082.0 1112.0
1052.0 1082.0 1112.0
1052.0 1082.0 1112.0
1052.0 1082.0 1112.0
1052.0 1082.0 1112.0
1052.0 1082.0 1112.0
1052.0 1082.0 1112.0
1052.0 1082.0 1112.0
1052.0 1082.0 1112.0
1052.0 1082.0 1112.0
1052.0 1082.0 1112.0
1052.0 1082.0 1112.0
1052.0 1082.0 1112.0
1052.0 1082.0 1112.0
1052.0 1082.0 1112.0
1052.0 1082.0 1112.0
1052.0 1082.0 1112.0
1052.0 1082.0 1112.0
1052.0 1082.0 1112.0
1052.0 1082.0 1112.0
1052.0 1082.0 1112.0
1052.0 1082.0 1112.0
1052.0 1082.0 1112.0
1052.0 1082.0 1112.0
1052.0 1082.0 1112.0
1052.0 1082.0 1112.0
1052.0 1082.0 1112.0
1052.0 1082.0 1112.0
1052.0 1082.0 1112.0
1052.0 1082.0 1112.0
1052.0 1082.0 1112.0
1052.0 1082.0 1112.0
1052.0 1082.0 1112.0
1052.0 1082.0 1112.0
1052.0 1082.0 1112.0
1052.0 1082.0 1112.0
1052.0 1082.0 1112.0
1052.0 1082.0 1112.0
1052.0 1082.0 1112.0
1052.0 1082.0 1112.0
1052.0 1082.0 1112.0
1052.0 1082.0 1112.0
