13628.0 14472.5 15317.0
11713.0 12422.0 13131.0
9940.0 10264.5 10589.0
7234.0 7610.0 7986.0
6228.0 7107.0 7986.0
4950.0 5075.5 5201.0
4114.0 4232.5 4351.0
3432.0 3602.5 3773.0
2537.0 2707.5 2878.0
2537.0 2983.5 3430.0
1700.0 2118.5 2537.0
1700.0 2143.5 2587.0
1700.0 1971.5 2243.0
1700.0 1971.5 2243.0
1700.0 1971.5 2243.0
1700.0 1971.5 2243.0
1700.0 1971.5 2243.0
1700.0 1971.5 2243.0
1700.0 1971.5 2243.0
1700.0 1971.5 2243.0
1700.0 1971.5 2243.0
1700.0 1971.5 2243.0
1700.0 1971.5 2243.0
1700.0 1971.5 2243.0
1700.0 1971.5 2243.0
1700.0 1971.5 2243.0
1700.0 1904.0 2108.0
1700.0 1904.0 2108.0
1700.0 1904.0 2108.0
1700.0 1904.0 2108.0
1700.0 1904.0 2108.0
1700.0 1904.0 2108.0
1700.0 1904.0 2108.0
1700.0 1904.0 2108.0
1700.0 1904.0 2108.0
1700.0 1904.0 2108.0
1700.0 1904.0 2108.0
1700.0 1904.0 2108.0
1700.0 1904.0 2108.0
1700.0 1904.0 2108.0
1057.0 1378.5 1700.0
1057.0 1378.5 1700.0
1057.0 1378.5 1700.0
1057.0 1378.5 1700.0
1057.0 1378.5 1700.0
1057.0 1378.5 1700.0
1057.0 1378.5 1700.0
1057.0 1378.5 1700.0
1057.0 1378.5 1700.0
1057.0 1378.5 1700.0
1057.0 1378.5 1700.0
1057.0 1378.5 1700.0
1057.0 1378.5 1700.0
1057.0 1378.5 1700.0
1057.0 1378.5 1700.0
1057.0 1378.5 1700.0
1057.0 1378.5 1700.0
1057.0 1378.5 1700.0
1057.0 1378.5 1700.0
1057.0 1378.5 1700.0
779.0 918.0 1057.0
779.0 918.0 1057.0
779.0 918.0 1057.0
779.0 918.0 1057.0
779.0 918.0 1057.0
779.0 918.0 1057.0
779.0 918.0 1057.0
779.0 918.0 1057.0
779.0 918.0 1057.0
779.0 918.0 1057.0
779.0 918.0 1057.0
779.0 918.0 1057.0
779.0 918.0 1057.0
779.0 918.0 1057.0
779.0 918.0 1057.0
779.0 918.0 1057.0
779.0 918.0 1057.0
779.0 918.0 1057.0
779.0 918.0 1057.0
779.0 918.0 1057.0
779.0 918.0 1057.0
779.0 918.0 1057.0
779.0 918.0 1057.0
779.0 918.0 1057.0
779.0 918.0 1057.0
779.0 918.0 1057.0
779.0 918.0 1057.0
779.0 918.0 1057.0
779.0 918.0 1057.0
779.0 918.0 1057.0
779.0 918.0 1057.0
779.0 918.0 1057.0
779.0 918.0 1057.0
779.0 918.0 1057.0
779.0 918.0 1057.0
779.0 918.0 1057.0
779.0 918.0 1057.0
779.0 918.0 1057.0
779.0 918.0 1057.0
779.0 918.0 1057.0
779.0 918.0 1057.0
779.0 918.0 1057.0
779.0 918.0 1057.0
779.0 918.0 1057.0
779.0 918.0 1057.0
779.0 918.0 1057.0
779.0 918.0 1057.0
779.0 918.0 1057.0
779.0 918.0 1057.0
779.0 918.0 1057.0
779.0 918.0 1057.0
779.0 918.0 1057.0
779.0 918.0 1057.0
779.0 918.0 1057.0
779.0 918.0 1057.0
779.0 918.0 1057.0
779.0 918.0 1057.0
779.0 918.0 1057.0
779.0 918.0 1057.0
779.0 918.0 1057.0
779.0 918.0 1057.0
779.0 918.0 1057.0
779.0 918.0 1057.0
779.0 918.0 1057.0
779.0 918.0 1057.0
779.0 918.0 1057.0
779.0 918.0 1057.0
779.0 918.0 1057.0
779.0 918.0 1057.0
779.0 918.0 1057.0
779.0 918.0 1057.0
779.0 918.0 1057.0
779.0 918.0 1057.0
779.0 918.0 1057.0
779.0 918.0 1057.0
779.0 918.0 1057.0
779.0 918.0 1057.0
779.0 918.0 1057.0
779.0 918.0 1057.0
779.0 918.0 1057.0
779.0 918.0 1057.0
779.0 918.0 1057.0
779.0 918.0 1057.0
779.0 918.0 1057.0
779.0 918.0 1057.0
779.0 918.0 1057.0
779.0 918.0 1057.0
779.0 918.0 1057.0
779.0 918.0 1057.0
779.0 918.0 1057.0
779.0 918.0 1057.0
779.0 918.0 1057.0
779.0 918.0 1057.0
779.0 918.0 1057.0
779.0 918.0 1057.0
779.0 918.0 1057.0
779.0 918.0 1057.0
779.0 918.0 1057.0
779.0 918.0 1057.0
779.0 918.0 1057.0
779.0 918.0 1057.0
779.0 918.0 1057.0
779.0 918.0 1057.0
779.0 918.0 1057.0
779.0 918.0 1057.0
779.0 918.0 1057.0
779.0 918.0 1057.0
779.0 918.0 1057.0
779.0 918.0 1057.0
779.0 918.0 1057.0
779.0 918.0 1057.0
779.0 918.0 1057.0
779.0 918.0 1057.0
779.0 918.0 1057.0
779.0 918.0 1057.0
779.0 918.0 1057.0
779.0 918.0 1057.0
779.0 918.0 1057.0
779.0 918.0 1057.0
779.0 918.0 1057.0
779.0 918.0 1057.0
779.0 918.0 1057.0
779.0 918.0 1057.0
779.0 918.0 1057.0
779.0 918.0 1057.0
779.0 918.0 1057.0
779.0 918.0 1057.0
779.0 918.0 1057.0
779.0 918.0 1057.0
779.0 918.0 1057.0
779.0 918.0 1057.0
779.0 918.0 1057.0
779.0 918.0 1057.0
779.0 918.0 1057.0
779.0 918.0 1057.0
779.0 918.0 1057.0
779.0 918.0 1057.0
779.0 918.0 1057.0
779.0 918.0 1057.0
779.0 918.0 1057.0
