12050.0 13220.0 14390.0
11928.0 12728.5 13529.0
8476.0 10267.5 12059.0
6894.0 8690.5 10487.0
6779.0 7865.5 8952.0
4257.0 6013.0 7769.0
5027.0 5333.0 5639.0
3261.0 4450.0 5639.0
3261.0 4398.5 5536.0
3261.0 3389.5 3518.0
2821.0 3454.0 4087.0
2213.0 2459.5 2706.0
2143.0 2424.5 2706.0
2143.0 2424.5 2706.0
1799.0 1870.0 1941.0
1799.0 1870.0 1941.0
1799.0 1870.0 1941.0
1799.0 1870.0 1941.0
1799.0 1870.0 1941.0
1799.0 1870.0 1941.0
1799.0 1870.0 1941.0
1799.0 1870.0 1941.0
1644.0 1721.5 1799.0
1644.0 1763.0 1882.0
1644.0 1763.0 1882.0
1505.0 1507.0 1509.0
1505.0 1507.0 1509.0
1505.0 1507.0 1509.0
1505.0 1507.0 1509.0
1505.0 1507.0 1509.0
1505.0 1507.0 1509.0
1505.0 1507.0 1509.0
1505.0 1507.0 1509.0
1505.0 1507.0 1509.0
1505.0 1507.0 1509.0
1505.0 1507.0 1509.0
1505.0 1507.0 1509.0
1505.0 1507.0 1509.0
1505.0 1507.0 1509.0
1505.0 1507.0 1509.0
1505.0 1507.0 1509.0
1505.0 1507.0 1509.0
1412.0 1460.5 1509.0
1412.0 1460.5 1509.0
1412.0 1460.5 1509.0
1412.0 1460.5 1509.0
1412.0 1460.5 1509.0
1412.0 1460.5 1509.0
1412.0 1460.5 1509.0
1412.0 1460.5 1509.0
1412.0 1460.5 1509.0
1412.0 1460.5 1509.0
1412.0 1460.5 1509.0
1412.0 1460.5 1509.0
1412.0 1460.5 1509.0
1412.0 1460.5 1509.0
1412.0 1460.5 1509.0
1412.0 1460.5 1509.0
1412.0 1460.5 1509.0
1412.0 1460.5 1509.0
1368.0 1390.0 1412.0
1368.0 1390.0 1412.0
1208.0 1295.5 1383.0
1208.0 1295.5 1383.0
1208.0 1295.5 1383.0
1208.0 1295.5 1383.0
1208.0 1295.5 1383.0
1208.0 1295.5 1383.0
1208.0 1295.5 1383.0
1208.0 1295.5 1383.0
1208.0 1295.5 1383.0
1208.0 1295.5 1383.0
1208.0 1295.5 1383.0
1208.0 1295.5 1383.0
1208.0 1295.5 1383.0
1208.0 1295.5 1383.0
1208.0 1295.5 1383.0
1208.0 1295.5 1383.0
1208.0 1295.5 1383.0
1208.0 1295.5 1383.0
1208.0 1295.5 1383.0
1208.0 1295.5 1383.0
1208.0 1295.5 1383.0
1208.0 1295.5 1383.0
1208.0 1295.5 1383.0
1208.0 1295.5 1383.0
1208.0 1295.5 1383.0
1208.0 1295.5 1383.0
1208.0 1295.5 1383.0
1208.0 1295.5 1383.0
1208.0 1295.5 1383.0
1208.0 1295.5 1383.0
1208.0 1295.5 1383.0
1208.0 1295.5 1383.0
1208.0 1295.5 1383.0
1208.0 1295.5 1383.0
1208.0 1295.5 1383.0
1208.0 1295.5 1383.0
1208.0 1295.5 1383.0
1208.0 1295.5 1383.0
1208.0 1295.5 1383.0
1208.0 1295.5 1383.0
1208.0 1295.5 1383.0
1208.0 1295.5 1383.0
1208.0 1295.5 1383.0
1208.0 1295.5 1383.0
1208.0 1295.5 1383.0
1208.0 1295.5 1383.0
1208.0 1295.5 1383.0
1208.0 1295.5 1383.0
1208.0 1295.5 1383.0
1208.0 1295.5 1383.0
1208.0 1295.5 1383.0
1208.0 1295.5 1383.0
1208.0 1295.5 1383.0
1208.0 1295.5 1383.0
1208.0 1295.5 1383.0
1208.0 1295.5 1383.0
1208.0 1295.5 1383.0
1208.0 1295.5 1383.0
1208.0 1295.5 1383.0
1208.0 1295.5 1383.0
1208.0 1295.5 1383.0
1208.0 1295.5 1383.0
1208.0 1295.5 1383.0
1208.0 1295.5 1383.0
1208.0 1295.5 1383.0
1208.0 1295.5 1383.0
1208.0 1295.5 1383.0
1208.0 1295.5 1383.0
1208.0 1295.5 1383.0
1208.0 1295.5 1383.0
1208.0 1295.5 1383.0
1208.0 1295.5 1383.0
1208.0 1295.5 1383.0
1208.0 1295.5 1383.0
1208.0 1295.5 1383.0
1208.0 1295.5 1383.0
1208.0 1295.5 1383.0
1208.0 1295.5 1383.0
1208.0 1295.5 1383.0
1208.0 1295.5 1383.0
1208.0 1295.5 1383.0
1208.0 1295.5 1383.0
1208.0 1295.5 1383.0
1208.0 1295.5 1383.0
1208.0 1295.5 1383.0
1208.0 1295.5 1383.0
1208.0 1295.5 1383.0
1208.0 1295.5 1383.0
1208.0 1295.5 1383.0
1208.0 1295.5 1383.0
1208.0 1295.5 1383.0
1208.0 1295.5 1383.0
1208.0 1295.5 1383.0
1208.0 1295.5 1383.0
1208.0 1295.5 1383.0
1208.0 1295.5 1383.0
1208.0 1295.5 1383.0
1208.0 1295.5 1383.0
1208.0 1295.5 1383.0
1208.0 1295.5 1383.0
1208.0 1295.5 1383.0
1208.0 1295.5 1383.0
1208.0 1295.5 1383.0
1208.0 1295.5 1383.0
1208.0 1295.5 1383.0
1208.0 1295.5 1383.0
1208.0 1295.5 1383.0
1208.0 1295.5 1383.0
1208.0 1295.5 1383.0
1208.0 1295.5 1383.0
1208.0 1295.5 1383.0
1208.0 1295.5 1383.0
1208.0 1295.5 1383.0
1208.0 1295.5 1383.0
1208.0 1295.5 1383.0
1208.0 1295.5 1383.0
1208.0 1295.5 1383.0
1208.0 1295.5 1383.0
1208.0 1295.5 1383.0
1208.0 1295.5 1383.0
1208.0 1295.5 1383.0
1208.0 1295.5 1383.0
1208.0 1295.5 1383.0
1208.0 1295.5 1383.0
1208.0 1295.5 1383.0
1208.0 1295.5 1383.0
1208.0 1295.5 1383.0
1208.0 1295.5 1383.0
1208.0 1295.5 1383.0
1208.0 1295.5 1383.0
1208.0 1295.5 1383.0
1208.0 1295.5 1383.0
1208.0 1295.5 1383.0
1208.0 1295.5 1383.0
1208.0 1295.5 1383.0
1208.0 1295.5 1383.0
1208.0 1261.0 1314.0
1208.0 1261.0 1314.0
