16058.0 16185.5 16313.0
13170.0 14080.5 14991.0
10490.0 11394.5 12299.0
10162.0 11327.5 12493.0
6831.0 8910.5 10990.0
6331.0 6528.5 6726.0
5727.0 6029.0 6331.0
3526.0 4518.0 5510.0
3526.0 3909.5 4293.0
3161.0 3776.0 4391.0
3161.0 4280.0 5399.0
3161.0 3872.5 4584.0
2609.0 3118.0 3627.0
2609.0 3118.0 3627.0
2609.0 3118.0 3627.0
2609.0 3055.0 3501.0
1927.0 2268.0 2609.0
1927.0 2268.0 2609.0
1927.0 2268.0 2609.0
1927.0 2268.0 2609.0
1927.0 2268.0 2609.0
1927.0 2268.0 2609.0
1927.0 2268.0 2609.0
1927.0 2336.0 2745.0
1927.0 2279.5 2632.0
1927.0 2279.5 2632.0
1927.0 2055.0 2183.0
1927.0 2188.0 2449.0
871.0 1399.0 1927.0
871.0 1399.0 1927.0
871.0 1399.0 1927.0
871.0 1399.0 1927.0
871.0 1399.0 1927.0
871.0 1399.0 1927.0
871.0 1399.0 1927.0
871.0 1399.0 1927.0
871.0 1399.0 1927.0
871.0 1399.0 1927.0
871.0 1399.0 1927.0
871.0 1399.0 1927.0
871.0 1399.0 1927.0
871.0 1399.0 1927.0
871.0 1399.0 1927.0
871.0 1399.0 1927.0
871.0 1399.0 1927.0
871.0 1399.0 1927.0
871.0 1399.0 1927.0
871.0 1399.0 1927.0
871.0 1399.0 1927.0
871.0 1399.0 1927.0
871.0 1399.0 1927.0
871.0 1399.0 1927.0
871.0 1399.0 1927.0
871.0 1399.0 1927.0
871.0 1399.0 1927.0
871.0 1399.0 1927.0
871.0 1399.0 1927.0
871.0 1399.0 1927.0
871.0 1399.0 1927.0
871.0 1399.0 1927.0
871.0 1399.0 1927.0
871.0 1399.0 1927.0
871.0 1399.0 1927.0
871.0 1399.0 1927.0
871.0 1399.0 1927.0
871.0 1399.0 1927.0
871.0 1399.0 1927.0
871.0 1399.0 1927.0
871.0 1399.0 1927.0
871.0 1399.0 1927.0
871.0 1399.0 1927.0
871.0 1399.0 1927.0
871.0 1399.0 1927.0
871.0 1399.0 1927.0
871.0 1399.0 1927.0
871.0 1399.0 1927.0
871.0 1399.0 1927.0
871.0 1399.0 1927.0
871.0 1399.0 1927.0
871.0 1399.0 1927.0
871.0 1399.0 1927.0
871.0 1399.0 1927.0
871.0 1399.0 1927.0
871.0 1399.0 1927.0
871.0 1399.0 1927.0
871.0 1399.0 1927.0
871.0 1399.0 1927.0
871.0 1245.0 1619.0
871.0 1245.0 1619.0
871.0 1245.0 1619.0
871.0 1245.0 1619.0
871.0 1245.0 1619.0
871.0 1245.0 1619.0
871.0 1245.0 1619.0
871.0 1245.0 1619.0
871.0 1245.0 1619.0
871.0 1245.0 1619.0
871.0 1245.0 1619.0
871.0 1245.0 1619.0
871.0 1245.0 1619.0
871.0 1245.0 1619.0
871.0 1245.0 1619.0
871.0 1245.0 1619.0
871.0 1245.0 1619.0
871.0 1245.0 1619.0
871.0 1245.0 1619.0
871.0 1245.0 1619.0
871.0 1245.0 1619.0
871.0 1245.0 1619.0
871.0 1245.0 1619.0
871.0 1245.0 1619.0
871.0 1245.0 1619.0
871.0 1245.0 1619.0
871.0 1245.0 1619.0
871.0 1245.0 1619.0
871.0 1245.0 1619.0
871.0 1245.0 1619.0
871.0 1245.0 1619.0
871.0 1245.0 1619.0
871.0 1245.0 1619.0
871.0 1245.0 1619.0
871.0 1245.0 1619.0
871.0 1245.0 1619.0
871.0 1245.0 1619.0
871.0 1245.0 1619.0
871.0 1245.0 1619.0
871.0 1245.0 1619.0
871.0 1245.0 1619.0
871.0 1245.0 1619.0
871.0 1245.0 1619.0
871.0 1245.0 1619.0
871.0 1245.0 1619.0
871.0 1245.0 1619.0
871.0 1245.0 1619.0
871.0 1245.0 1619.0
871.0 1245.0 1619.0
871.0 1245.0 1619.0
871.0 1245.0 1619.0
871.0 1245.0 1619.0
871.0 1245.0 1619.0
871.0 1245.0 1619.0
871.0 1245.0 1619.0
871.0 1245.0 1619.0
871.0 1245.0 1619.0
871.0 1245.0 1619.0
871.0 1245.0 1619.0
871.0 1245.0 1619.0
871.0 1245.0 1619.0
871.0 1245.0 1619.0
871.0 1245.0 1619.0
871.0 1245.0 1619.0
871.0 1245.0 1619.0
871.0 1245.0 1619.0
871.0 1245.0 1619.0
871.0 1245.0 1619.0
871.0 1245.0 1619.0
871.0 1245.0 1619.0
871.0 1245.0 1619.0
871.0 1245.0 1619.0
871.0 1245.0 1619.0
871.0 1245.0 1619.0
871.0 1245.0 1619.0
871.0 1245.0 1619.0
871.0 1245.0 1619.0
871.0 1245.0 1619.0
871.0 1245.0 1619.0
871.0 1245.0 1619.0
871.0 1245.0 1619.0
871.0 1245.0 1619.0
871.0 1245.0 1619.0
871.0 1245.0 1619.0
871.0 1245.0 1619.0
871.0 1245.0 1619.0
871.0 1245.0 1619.0
871.0 1245.0 1619.0
871.0 1245.0 1619.0
871.0 1245.0 1619.0
871.0 1245.0 1619.0
871.0 1245.0 1619.0
871.0 1245.0 1619.0
871.0 1245.0 1619.0
871.0 1245.0 1619.0
871.0 1245.0 1619.0
871.0 1245.0 1619.0
871.0 1245.0 1619.0
871.0 1245.0 1619.0
871.0 1245.0 1619.0
871.0 1245.0 1619.0
871.0 1245.0 1619.0
871.0 1245.0 1619.0
871.0 1245.0 1619.0
871.0 1245.0 1619.0
871.0 1245.0 1619.0
871.0 1245.0 1619.0
871.0 1245.0 1619.0
871.0 1245.0 1619.0
871.0 1245.0 1619.0
871.0 1245.0 1619.0
871.0 1245.0 1619.0
871.0 1245.0 1619.0
