11974.0 13140.5 14307.0
9730.0 10973.0 12216.0
6852.0 7945.5 9039.0
6126.0 7456.5 8787.0
6126.0 6481.5 6837.0
3501.0 3698.0 3895.0
3501.0 3698.0 3895.0
3501.0 3708.5 3916.0
1613.0 2602.5 3592.0
1613.0 2602.5 3592.0
1613.0 2782.5 3952.0
1613.0 2752.5 3892.0
1613.0 2752.5 3892.0
1613.0 2752.5 3892.0
1613.0 2394.5 3176.0
1613.0 2202.5 2792.0
1613.0 2265.0 2917.0
1613.0 2265.0 2917.0
1613.0 1729.5 1846.0
1613.0 1729.5 1846.0
1613.0 1811.5 2010.0
1613.0 1811.5 2010.0
1613.0 1811.5 2010.0
1613.0 1811.5 2010.0
1613.0 1811.5 2010.0
1613.0 1811.5 2010.0
1613.0 1811.5 2010.0
1613.0 1811.5 2010.0
1613.0 1811.5 2010.0
1613.0 1811.5 2010.0
1613.0 1811.5 2010.0
1613.0 1811.5 2010.0
1613.0 1811.5 2010.0
1613.0 1811.5 2010.0
1613.0 1811.5 2010.0
1613.0 1811.5 2010.0
1613.0 1811.5 2010.0
1613.0 1811.5 2010.0
1613.0 1811.5 2010.0
1613.0 1811.5 2010.0
1613.0 1811.5 2010.0
1613.0 1811.5 2010.0
1613.0 1811.5 2010.0
1613.0 1811.5 2010.0
1613.0 1811.5 2010.0
1613.0 1811.5 2010.0
1613.0 1811.5 2010.0
1613.0 1811.5 2010.0
1613.0 1811.5 2010.0
1613.0 1811.5 2010.0
1613.0 1811.5 2010.0
1613.0 1811.5 2010.0
1613.0 1811.5 2010.0
1613.0 1811.5 2010.0
1613.0 1821.0 2029.0
1613.0 1821.0 2029.0
1613.0 1821.0 2029.0
1613.0 1821.0 2029.0
1613.0 1821.0 2029.0
1613.0 1821.0 2029.0
1613.0 1821.0 2029.0
1613.0 1821.0 2029.0
1613.0 1821.0 2029.0
1613.0 1821.0 2029.0
1613.0 1821.0 2029.0
1613.0 1821.0 2029.0
1613.0 1821.0 2029.0
1613.0 1821.0 2029.0
1613.0 1821.0 2029.0
1613.0 1821.0 2029.0
1613.0 1821.0 2029.0
1613.0 1821.0 2029.0
1613.0 1821.0 2029.0
1613.0 1821.0 2029.0
1613.0 1821.0 2029.0
1613.0 1821.0 2029.0
1613.0 1821.0 2029.0
1613.0 1821.0 2029.0
1613.0 1821.0 2029.0
1613.0 1821.0 2029.0
1613.0 1821.0 2029.0
1613.0 1821.0 2029.0
1613.0 1821.0 2029.0
1613.0 1821.0 2029.0
1613.0 1821.0 2029.0
1613.0 1821.0 2029.0
1613.0 1821.0 2029.0
1384.0 1498.5 1613.0
1384.0 1498.5 1613.0
1384.0 1498.5 1613.0
1384.0 1498.5 1613.0
1384.0 1498.5 1613.0
1384.0 1498.5 1613.0
1384.0 1498.5 1613.0
1384.0 1498.5 1613.0
1384.0 1498.5 1613.0
1384.0 1498.5 1613.0
1384.0 1498.5 1613.0
1384.0 1498.5 1613.0
1384.0 1498.5 1613.0
1384.0 1498.5 1613.0
1384.0 1498.5 1613.0
1384.0 1498.5 1613.0
1384.0 1498.5 1613.0
1384.0 1498.5 1613.0
1384.0 1498.5 1613.0
1384.0 1498.5 1613.0
1384.0 1498.5 1613.0
1384.0 1498.5 1613.0
1384.0 1498.5 1613.0
1384.0 1498.5 1613.0
1384.0 1498.5 1613.0
1384.0 1498.5 1613.0
1384.0 1498.5 1613.0
1384.0 1498.5 1613.0
1384.0 1498.5 1613.0
1384.0 1498.5 1613.0
1384.0 1498.5 1613.0
1384.0 1498.5 1613.0
1384.0 1498.5 1613.0
1384.0 1498.5 1613.0
1384.0 1498.5 1613.0
1384.0 1498.5 1613.0
1384.0 1498.5 1613.0
1384.0 1498.5 1613.0
1384.0 1498.5 1613.0
1384.0 1498.5 1613.0
1384.0 1498.5 1613.0
1384.0 1498.5 1613.0
1384.0 1498.5 1613.0
1384.0 1498.5 1613.0
1384.0 1498.5 1613.0
1384.0 1498.5 1613.0
1384.0 1498.5 1613.0
1384.0 1498.5 1613.0
1384.0 1498.5 1613.0
1384.0 1498.5 1613.0
1384.0 1498.5 1613.0
1384.0 1498.5 1613.0
1384.0 1498.5 1613.0
1384.0 1498.5 1613.0
1384.0 1498.5 1613.0
1384.0 1498.5 1613.0
1384.0 1498.5 1613.0
1384.0 1498.5 1613.0
1384.0 1498.5 1613.0
1384.0 1498.5 1613.0
1384.0 1498.5 1613.0
1384.0 1498.5 1613.0
1384.0 1498.5 1613.0
1384.0 1498.5 1613.0
1384.0 1498.5 1613.0
1384.0 1498.5 1613.0
1384.0 1498.5 1613.0
1384.0 1498.5 1613.0
1384.0 1498.5 1613.0
1384.0 1498.5 1613.0
1384.0 1498.5 1613.0
1384.0 1498.5 1613.0
1384.0 1498.5 1613.0
1384.0 1498.5 1613.0
1384.0 1498.5 1613.0
1384.0 1498.5 1613.0
1384.0 1498.5 1613.0
1384.0 1498.5 1613.0
1384.0 1498.5 1613.0
1384.0 1498.5 1613.0
1384.0 1498.5 1613.0
1384.0 1498.5 1613.0
1384.0 1498.5 1613.0
1384.0 1498.5 1613.0
1384.0 1498.5 1613.0
1384.0 1498.5 1613.0
1384.0 1498.5 1613.0
1384.0 1498.5 1613.0
1384.0 1498.5 1613.0
1384.0 1498.5 1613.0
1384.0 1498.5 1613.0
1384.0 1498.5 1613.0
1384.0 1498.5 1613.0
1384.0 1498.5 1613.0
1384.0 1498.5 1613.0
1384.0 1498.5 1613.0
1384.0 1498.5 1613.0
1384.0 1498.5 1613.0
1384.0 1498.5 1613.0
1384.0 1498.5 1613.0
855.0 1234.0 1613.0
855.0 1234.0 1613.0
855.0 1234.0 1613.0
855.0 1234.0 1613.0
855.0 1234.0 1613.0
855.0 1234.0 1613.0
855.0 1234.0 1613.0
855.0 1234.0 1613.0
855.0 1234.0 1613.0
855.0 1234.0 1613.0
855.0 1234.0 1613.0
855.0 1234.0 1613.0
855.0 1234.0 1613.0
