14693.0 15696.0 16699.0
12898.0 12984.5 13071.0
10043.0 10128.0 10213.0
10867.0 11030.5 11194.0
6921.0 7094.0 7267.0
5546.0 6216.0 6886.0
4328.0 5140.5 5953.0
4328.0 4968.5 5609.0
4105.0 4129.0 4153.0
3611.0 3907.5 4204.0
3109.0 3303.0 3497.0
3167.0 3290.5 3414.0
2462.0 2612.0 2762.0
2462.0 2612.0 2762.0
2415.0 2762.5 3110.0
2415.0 2590.5 2766.0
2415.0 2590.5 2766.0
2415.0 2590.5 2766.0
2079.0 2422.5 2766.0
2079.0 2422.5 2766.0
2079.0 2204.5 2330.0
2079.0 2115.0 2151.0
2079.0 2115.0 2151.0
2079.0 2115.0 2151.0
2079.0 2115.0 2151.0
2079.0 2115.0 2151.0
2079.0 2115.0 2151.0
2079.0 2115.0 2151.0
2079.0 2115.0 2151.0
2151.0 2166.0 2181.0
2075.0 2113.0 2151.0
2075.0 2113.0 2151.0
2075.0 2113.0 2151.0
1904.0 1989.5 2075.0
1904.0 1989.5 2075.0
1904.0 1989.5 2075.0
1904.0 1989.5 2075.0
1904.0 1989.5 2075.0
1904.0 1974.5 2045.0
1904.0 1905.5 1907.0
1211.0 1557.5 1904.0
1211.0 1557.5 1904.0
1211.0 1557.5 1904.0
1211.0 1557.5 1904.0
1211.0 1557.5 1904.0
1211.0 1557.5 1904.0
1211.0 1557.5 1904.0
1211.0 1557.5 1904.0
1211.0 1557.5 1904.0
1211.0 1557.5 1904.0
1211.0 1557.5 1904.0
1211.0 1557.5 1904.0
1211.0 1557.5 1904.0
1211.0 1557.5 1904.0
1211.0 1557.5 1904.0
1211.0 1557.5 1904.0
1211.0 1557.5 1904.0
1211.0 1557.5 1904.0
1211.0 1557.5 1904.0
1211.0 1557.5 1904.0
1211.0 1557.5 1904.0
1211.0 1557.5 1904.0
1211.0 1557.5 1904.0
1211.0 1557.5 1904.0
1211.0 1557.5 1904.0
1211.0 1557.5 1904.0
1211.0 1557.5 1904.0
1211.0 1557.5 1904.0
1211.0 1557.5 1904.0
1211.0 1557.5 1904.0
1211.0 1557.5 1904.0
1211.0 1557.5 1904.0
1211.0 1557.5 1904.0
1211.0 1557.5 1904.0
1211.0 1557.5 1904.0
1211.0 1557.5 1904.0
1211.0 1339.0 1467.0
1211.0 1339.0 1467.0
1211.0 1339.0 1467.0
1211.0 1339.0 1467.0
1211.0 1339.0 1467.0
1211.0 1339.0 1467.0
1211.0 1339.0 1467.0
1211.0 1339.0 1467.0
1211.0 1339.0 1467.0
1211.0 1339.0 1467.0
1211.0 1339.0 1467.0
1211.0 1339.0 1467.0
1211.0 1339.0 1467.0
1211.0 1339.0 1467.0
1211.0 1339.0 1467.0
1211.0 1339.0 1467.0
1211.0 1339.0 1467.0
1211.0 1339.0 1467.0
1211.0 1339.0 1467.0
1211.0 1339.0 1467.0
1211.0 1339.0 1467.0
1211.0 1339.0 1467.0
1211.0 1339.0 1467.0
1211.0 1339.0 1467.0
1211.0 1339.0 1467.0
1211.0 1339.0 1467.0
1211.0 1339.0 1467.0
1211.0 1339.0 1467.0
1211.0 1339.0 1467.0
1211.0 1339.0 1467.0
1211.0 1339.0 1467.0
1211.0 1339.0 1467.0
1211.0 1339.0 1467.0
1211.0 1339.0 1467.0
1211.0 1339.0 1467.0
1211.0 1339.0 1467.0
1211.0 1339.0 1467.0
1211.0 1339.0 1467.0
1211.0 1339.0 1467.0
1211.0 1339.0 1467.0
1211.0 1339.0 1467.0
1211.0 1339.0 1467.0
1211.0 1339.0 1467.0
1211.0 1339.0 1467.0
1211.0 1339.0 1467.0
1211.0 1339.0 1467.0
1211.0 1339.0 1467.0
1211.0 1339.0 1467.0
1211.0 1339.0 1467.0
1211.0 1339.0 1467.0
1211.0 1339.0 1467.0
1211.0 1339.0 1467.0
1211.0 1339.0 1467.0
1211.0 1339.0 1467.0
1211.0 1339.0 1467.0
1211.0 1339.0 1467.0
1211.0 1339.0 1467.0
1211.0 1339.0 1467.0
1211.0 1339.0 1467.0
1211.0 1339.0 1467.0
1211.0 1339.0 1467.0
1211.0 1339.0 1467.0
1211.0 1339.0 1467.0
1211.0 1339.0 1467.0
1211.0 1339.0 1467.0
1211.0 1339.0 1467.0
1211.0 1339.0 1467.0
1211.0 1339.0 1467.0
1211.0 1339.0 1467.0
1211.0 1339.0 1467.0
1211.0 1339.0 1467.0
1211.0 1339.0 1467.0
1211.0 1339.0 1467.0
1211.0 1339.0 1467.0
1211.0 1339.0 1467.0
1211.0 1339.0 1467.0
1211.0 1339.0 1467.0
1211.0 1339.0 1467.0
1211.0 1339.0 1467.0
1211.0 1339.0 1467.0
1211.0 1339.0 1467.0
1211.0 1339.0 1467.0
1211.0 1339.0 1467.0
1211.0 1339.0 1467.0
1211.0 1339.0 1467.0
1211.0 1339.0 1467.0
1211.0 1339.0 1467.0
1211.0 1339.0 1467.0
1211.0 1339.0 1467.0
1211.0 1339.0 1467.0
1211.0 1339.0 1467.0
1211.0 1339.0 1467.0
1211.0 1339.0 1467.0
1211.0 1339.0 1467.0
1211.0 1339.0 1467.0
1211.0 1339.0 1467.0
1211.0 1339.0 1467.0
1211.0 1339.0 1467.0
1211.0 1339.0 1467.0
1211.0 1339.0 1467.0
1211.0 1339.0 1467.0
1211.0 1339.0 1467.0
1211.0 1339.0 1467.0
1211.0 1339.0 1467.0
1211.0 1339.0 1467.0
1211.0 1339.0 1467.0
1211.0 1339.0 1467.0
1211.0 1339.0 1467.0
1211.0 1339.0 1467.0
1467.0 1511.5 1556.0
1212.0 1339.5 1467.0
1212.0 1339.5 1467.0
1212.0 1339.5 1467.0
1212.0 1339.5 1467.0
1212.0 1339.5 1467.0
1212.0 1339.5 1467.0
1212.0 1339.5 1467.0
1212.0 1339.5 1467.0
1212.0 1339.5 1467.0
1212.0 1339.5 1467.0
1212.0 1339.5 1467.0
1212.0 1339.5 1467.0
1212.0 1339.5 1467.0
1212.0 1339.5 1467.0
