14999.0 15556.5 16114.0
10822.0 11348.5 11875.0
9450.0 9716.0 9982.0
8218.0 8274.0 8330.0
7503.0 7754.5 8006.0
5722.0 6230.0 6738.0
3020.0 3611.0 4202.0
3020.0 3611.0 4202.0
3020.0 3413.5 3807.0
3089.0 3448.0 3807.0
2203.0 2607.0 3011.0
2203.0 2607.0 3011.0
2203.0 2607.0 3011.0
2203.0 2500.5 2798.0
1976.0 2089.5 2203.0
1976.0 1984.5 1993.0
1976.0 1984.5 1993.0
1976.0 1984.5 1993.0
1976.0 1984.5 1993.0
1976.0 1984.5 1993.0
1976.0 2098.0 2220.0
1875.0 1925.5 1976.0
1875.0 1925.5 1976.0
1875.0 1925.5 1976.0
1875.0 1925.5 1976.0
1875.0 1925.5 1976.0
1875.0 1925.5 1976.0
1875.0 1925.5 1976.0
1875.0 1925.5 1976.0
1875.0 1925.5 1976.0
1875.0 1925.5 1976.0
1875.0 1925.5 1976.0
1875.0 1925.5 1976.0
1875.0 1925.5 1976.0
1875.0 1925.5 1976.0
1875.0 1925.5 1976.0
1875.0 1925.5 1976.0
1875.0 1925.5 1976.0
1875.0 1925.5 1976.0
1875.0 1925.5 1976.0
1875.0 1925.5 1976.0
1821.0 1898.5 1976.0
1511.0 1743.5 1976.0
1511.0 1743.5 1976.0
1511.0 1743.5 1976.0
1511.0 1743.5 1976.0
1511.0 1743.5 1976.0
1511.0 1743.5 1976.0
1511.0 1743.5 1976.0
1511.0 1743.5 1976.0
1511.0 1743.5 1976.0
1511.0 1743.5 1976.0
1511.0 1743.5 1976.0
1511.0 1743.5 1976.0
1511.0 1743.5 1976.0
1511.0 1743.5 1976.0
1511.0 1743.5 1976.0
1511.0 1743.5 1976.0
1511.0 1743.5 1976.0
1511.0 1743.5 1976.0
1511.0 1743.5 1976.0
1511.0 1743.5 1976.0
1511.0 1743.5 1976.0
1511.0 1743.5 1976.0
1511.0 1743.5 1976.0
1511.0 1743.5 1976.0
1511.0 1743.5 1976.0
1511.0 1743.5 1976.0
1511.0 1743.5 1976.0
1511.0 1743.5 1976.0
1511.0 1743.5 1976.0
1511.0 1743.5 1976.0
1511.0 1743.5 1976.0
1511.0 1743.5 1976.0
1511.0 1743.5 1976.0
1511.0 1743.5 1976.0
1511.0 1743.5 1976.0
1511.0 1743.5 1976.0
1511.0 1743.5 1976.0
1511.0 1743.5 1976.0
1511.0 1743.5 1976.0
1511.0 1743.5 1976.0
1511.0 1743.5 1976.0
1511.0 1743.5 1976.0
1511.0 1743.5 1976.0
1511.0 1743.5 1976.0
1511.0 1743.5 1976.0
1511.0 1743.5 1976.0
1511.0 1743.5 1976.0
1511.0 1743.5 1976.0
1511.0 1743.5 1976.0
1511.0 1743.5 1976.0
1511.0 1743.5 1976.0
1511.0 1743.5 1976.0
1511.0 1743.5 1976.0
1511.0 1743.5 1976.0
1511.0 1743.5 1976.0
1511.0 1743.5 1976.0
1511.0 1743.5 1976.0
1511.0 1743.5 1976.0
1511.0 1743.5 1976.0
1511.0 1743.5 1976.0
1511.0 1743.5 1976.0
1511.0 1743.5 1976.0
1511.0 1743.5 1976.0
1511.0 1743.5 1976.0
1511.0 1743.5 1976.0
1511.0 1743.5 1976.0
1511.0 1743.5 1976.0
1511.0 1743.5 1976.0
1511.0 1743.5 1976.0
1511.0 1743.5 1976.0
1412.0 1694.0 1976.0
1412.0 1694.0 1976.0
1412.0 1694.0 1976.0
1412.0 1694.0 1976.0
1412.0 1694.0 1976.0
1412.0 1694.0 1976.0
1412.0 1694.0 1976.0
1412.0 1533.5 1655.0
1412.0 1533.5 1655.0
1412.0 1533.5 1655.0
1412.0 1533.5 1655.0
1412.0 1533.5 1655.0
1412.0 1533.5 1655.0
1412.0 1533.5 1655.0
1412.0 1533.5 1655.0
1412.0 1533.5 1655.0
1412.0 1533.5 1655.0
1412.0 1533.5 1655.0
1412.0 1533.5 1655.0
1412.0 1533.5 1655.0
1412.0 1533.5 1655.0
1412.0 1533.5 1655.0
1412.0 1533.5 1655.0
1412.0 1533.5 1655.0
1412.0 1533.5 1655.0
1412.0 1533.5 1655.0
1412.0 1533.5 1655.0
1412.0 1533.5 1655.0
1412.0 1533.5 1655.0
1412.0 1533.5 1655.0
1412.0 1533.5 1655.0
1412.0 1533.5 1655.0
1412.0 1533.5 1655.0
1412.0 1533.5 1655.0
1412.0 1533.5 1655.0
1412.0 1533.5 1655.0
1412.0 1533.5 1655.0
1412.0 1533.5 1655.0
1412.0 1533.5 1655.0
1412.0 1533.5 1655.0
1412.0 1533.5 1655.0
1412.0 1533.5 1655.0
1412.0 1533.5 1655.0
1412.0 1533.5 1655.0
1412.0 1533.5 1655.0
1412.0 1533.5 1655.0
1412.0 1533.5 1655.0
1412.0 1533.5 1655.0
1412.0 1533.5 1655.0
1412.0 1533.5 1655.0
1412.0 1533.5 1655.0
1412.0 1533.5 1655.0
1412.0 1533.5 1655.0
1412.0 1533.5 1655.0
1412.0 1533.5 1655.0
1412.0 1533.5 1655.0
1412.0 1533.5 1655.0
1412.0 1533.5 1655.0
1412.0 1533.5 1655.0
1412.0 1533.5 1655.0
1412.0 1533.5 1655.0
1412.0 1533.5 1655.0
1412.0 1533.5 1655.0
1412.0 1533.5 1655.0
1412.0 1533.5 1655.0
1412.0 1533.5 1655.0
1412.0 1533.5 1655.0
1412.0 1533.5 1655.0
1412.0 1533.5 1655.0
1412.0 1533.5 1655.0
1412.0 1533.5 1655.0
1412.0 1533.5 1655.0
1412.0 1533.5 1655.0
1412.0 1533.5 1655.0
1412.0 1533.5 1655.0
1412.0 1533.5 1655.0
1412.0 1533.5 1655.0
1412.0 1533.5 1655.0
1412.0 1533.5 1655.0
1412.0 1533.5 1655.0
1412.0 1533.5 1655.0
1412.0 1533.5 1655.0
1412.0 1533.5 1655.0
1412.0 1533.5 1655.0
1412.0 1533.5 1655.0
1412.0 1533.5 1655.0
1412.0 1533.5 1655.0
1412.0 1533.5 1655.0
