12892.0 12960.5 13029.0
7961.0 9539.5 11118.0
7961.0 8531.0 9101.0
6954.0 7284.5 7615.0
3954.0 4395.0 4836.0
3890.0 3900.5 3911.0
3088.0 3367.0 3646.0
3088.0 3124.5 3161.0
2498.0 2829.5 3161.0
2136.0 2317.0 2498.0
2136.0 2144.5 2153.0
2136.0 2144.5 2153.0
1885.0 2027.0 2169.0
1885.0 2027.0 2169.0
1885.0 2027.0 2169.0
1653.0 1769.0 1885.0
1653.0 1769.0 1885.0
1599.0 1742.0 1885.0
1599.0 1742.0 1885.0
1599.0 1742.0 1885.0
1599.0 1742.0 1885.0
1599.0 1854.5 2110.0
1599.0 1882.5 2166.0
1475.0 1537.0 1599.0
1475.0 1537.0 1599.0
1475.0 1537.0 1599.0
1475.0 1537.0 1599.0
1475.0 1537.0 1599.0
1475.0 1537.0 1599.0
1475.0 1537.0 1599.0
1475.0 1537.0 1599.0
1475.0 1537.0 1599.0
1475.0 1537.0 1599.0
1475.0 1537.0 1599.0
1475.0 1537.0 1599.0
1475.0 1537.0 1599.0
1475.0 1537.0 1599.0
1475.0 1537.0 1599.0
1475.0 1537.0 1599.0
1475.0 1537.0 1599.0
1475.0 1537.0 1599.0
1475.0 1537.0 1599.0
1475.0 1537.0 1599.0
1475.0 1537.0 1599.0
1475.0 1537.0 1599.0
1475.0 1537.0 1599.0
1475.0 1537.0 1599.0
1475.0 1537.0 1599.0
1475.0 1537.0 1599.0
1475.0 1537.0 1599.0
1475.0 1537.0 1599.0
1475.0 1537.0 1599.0
1475.0 1537.0 1599.0
1475.0 1537.0 1599.0
1475.0 1537.0 1599.0
1475.0 1537.0 1599.0
1475.0 1537.0 1599.0
1475.0 1537.0 1599.0
1475.0 1537.0 1599.0
1475.0 1537.0 1599.0
1475.0 1537.0 1599.0
1475.0 1537.0 1599.0
1475.0 1537.0 1599.0
1475.0 1537.0 1599.0
1475.0 1537.0 1599.0
1475.0 1537.0 1599.0
1475.0 1537.0 1599.0
1475.0 1537.0 1599.0
1475.0 1537.0 1599.0
1475.0 1537.0 1599.0
1475.0 1537.0 1599.0
1475.0 1537.0 1599.0
1475.0 1537.0 1599.0
1475.0 1537.0 1599.0
1475.0 1537.0 1599.0
1475.0 1537.0 1599.0
1475.0 1537.0 1599.0
1475.0 1537.0 1599.0
1475.0 1537.0 1599.0
1475.0 1537.0 1599.0
1475.0 1537.0 1599.0
1475.0 1537.0 1599.0
1475.0 1537.0 1599.0
1475.0 1537.0 1599.0
1475.0 1537.0 1599.0
1475.0 1537.0 1599.0
1410.0 1504.5 1599.0
1410.0 1504.5 1599.0
1554.0 1576.5 1599.0
1410.0 1504.5 1599.0
1410.0 1504.5 1599.0
1410.0 1504.5 1599.0
1410.0 1504.5 1599.0
1410.0 1504.5 1599.0
1410.0 1504.5 1599.0
1410.0 1504.5 1599.0
1410.0 1504.5 1599.0
1410.0 1504.5 1599.0
1410.0 1504.5 1599.0
1410.0 1504.5 1599.0
1410.0 1504.5 1599.0
1410.0 1504.5 1599.0
1410.0 1504.5 1599.0
1410.0 1504.5 1599.0
1410.0 1504.5 1599.0
1410.0 1504.5 1599.0
1410.0 1504.5 1599.0
1410.0 1504.5 1599.0
1410.0 1504.5 1599.0
1410.0 1504.5 1599.0
1410.0 1504.5 1599.0
1410.0 1504.5 1599.0
1410.0 1504.5 1599.0
1410.0 1428.0 1446.0
1410.0 1465.5 1521.0
1410.0 1438.5 1467.0
1410.0 1465.5 1521.0
1410.0 1465.5 1521.0
868.0 1139.0 1410.0
868.0 1139.0 1410.0
868.0 1139.0 1410.0
868.0 1139.0 1410.0
868.0 1139.0 1410.0
868.0 1139.0 1410.0
868.0 1139.0 1410.0
868.0 1139.0 1410.0
868.0 1139.0 1410.0
868.0 1139.0 1410.0
868.0 1139.0 1410.0
868.0 1139.0 1410.0
868.0 1139.0 1410.0
868.0 1139.0 1410.0
868.0 1139.0 1410.0
868.0 1139.0 1410.0
868.0 1139.0 1410.0
868.0 1139.0 1410.0
868.0 1139.0 1410.0
868.0 1139.0 1410.0
868.0 1139.0 1410.0
868.0 1139.0 1410.0
868.0 1139.0 1410.0
868.0 1139.0 1410.0
868.0 1139.0 1410.0
868.0 1139.0 1410.0
868.0 1139.0 1410.0
868.0 1139.0 1410.0
868.0 1139.0 1410.0
868.0 1139.0 1410.0
868.0 1139.0 1410.0
868.0 1139.0 1410.0
868.0 1139.0 1410.0
868.0 1139.0 1410.0
868.0 1139.0 1410.0
868.0 1139.0 1410.0
868.0 1139.0 1410.0
868.0 1139.0 1410.0
868.0 1139.0 1410.0
868.0 1139.0 1410.0
868.0 1139.0 1410.0
868.0 1139.0 1410.0
868.0 1139.0 1410.0
868.0 1139.0 1410.0
868.0 1139.0 1410.0
868.0 1139.0 1410.0
868.0 1139.0 1410.0
868.0 1139.0 1410.0
868.0 1139.0 1410.0
868.0 1139.0 1410.0
868.0 1139.0 1410.0
868.0 1139.0 1410.0
868.0 1139.0 1410.0
868.0 1139.0 1410.0
868.0 1139.0 1410.0
868.0 1139.0 1410.0
868.0 1139.0 1410.0
868.0 1139.0 1410.0
868.0 1139.0 1410.0
868.0 1139.0 1410.0
868.0 1139.0 1410.0
868.0 1139.0 1410.0
868.0 1139.0 1410.0
868.0 1139.0 1410.0
868.0 1139.0 1410.0
868.0 1139.0 1410.0
868.0 1139.0 1410.0
868.0 1139.0 1410.0
868.0 1139.0 1410.0
868.0 1139.0 1410.0
868.0 1139.0 1410.0
868.0 1139.0 1410.0
868.0 1139.0 1410.0
868.0 1139.0 1410.0
868.0 1139.0 1410.0
868.0 1139.0 1410.0
868.0 1139.0 1410.0
868.0 1139.0 1410.0
868.0 1139.0 1410.0
868.0 1139.0 1410.0
868.0 1139.0 1410.0
868.0 1139.0 1410.0
