13448.0 13803.5 14159.0
12810.0 13864.0 14918.0
6715.0 9276.5 11838.0
6011.0 7798.0 9585.0
5728.0 6129.5 6531.0
4494.0 5562.0 6630.0
4588.0 4989.5 5391.0
3757.0 4207.5 4658.0
3757.0 4245.5 4734.0
2803.0 3768.5 4734.0
2244.0 2637.5 3031.0
2244.0 2989.0 3734.0
2059.0 2545.0 3031.0
2058.0 2457.0 2856.0
2058.0 2457.0 2856.0
2058.0 2457.0 2856.0
2058.0 2457.0 2856.0
2058.0 2457.0 2856.0
2058.0 2457.0 2856.0
2058.0 2457.0 2856.0
2058.0 2457.0 2856.0
2058.0 2457.0 2856.0
2058.0 2457.0 2856.0
2058.0 2457.0 2856.0
2058.0 2457.0 2856.0
2058.0 2457.0 2856.0
2058.0 2457.0 2856.0
2058.0 2457.0 2856.0
2058.0 2457.0 2856.0
2058.0 2457.0 2856.0
2058.0 2457.0 2856.0
2058.0 2457.0 2856.0
1546.0 2201.0 2856.0
1546.0 2201.0 2856.0
1546.0 2201.0 2856.0
1546.0 2201.0 2856.0
1546.0 2201.0 2856.0
1546.0 2201.0 2856.0
1546.0 2201.0 2856.0
1546.0 2201.0 2856.0
1546.0 2201.0 2856.0
1546.0 2201.0 2856.0
1546.0 2201.0 2856.0
1546.0 2201.0 2856.0
1546.0 2201.0 2856.0
1546.0 2201.0 2856.0
1546.0 2201.0 2856.0
1546.0 2201.0 2856.0
1546.0 2201.0 2856.0
1546.0 2201.0 2856.0
1546.0 2201.0 2856.0
1546.0 2201.0 2856.0
1546.0 2201.0 2856.0
1546.0 2201.0 2856.0
1546.0 2201.0 2856.0
1546.0 2201.0 2856.0
1546.0 2201.0 2856.0
1546.0 1854.5 2163.0
1546.0 1854.5 2163.0
1546.0 1854.5 2163.0
1546.0 1854.5 2163.0
1546.0 1854.5 2163.0
1546.0 1854.5 2163.0
1546.0 1854.5 2163.0
1546.0 1854.5 2163.0
1546.0 1854.5 2163.0
1546.0 1854.5 2163.0
1546.0 1854.5 2163.0
1546.0 1854.5 2163.0
1546.0 1854.5 2163.0
1546.0 1854.5 2163.0
1546.0 1854.5 2163.0
1546.0 1854.5 2163.0
1546.0 1854.5 2163.0
1546.0 1854.5 2163.0
1546.0 1854.5 2163.0
1546.0 1854.5 2163.0
1546.0 1854.5 2163.0
1546.0 1854.5 2163.0
1546.0 1854.5 2163.0
1546.0 1854.5 2163.0
1546.0 1854.5 2163.0
1546.0 1854.5 2163.0
1546.0 1854.5 2163.0
1546.0 1854.5 2163.0
1546.0 1854.5 2163.0
1546.0 1854.5 2163.0
1546.0 1854.5 2163.0
1546.0 1854.5 2163.0
1546.0 1854.5 2163.0
1546.0 1854.5 2163.0
1546.0 1854.5 2163.0
1546.0 1854.5 2163.0
1546.0 1854.5 2163.0
1546.0 1854.5 2163.0
1546.0 1854.5 2163.0
1546.0 1854.5 2163.0
1546.0 1854.5 2163.0
1546.0 1854.5 2163.0
1546.0 1854.5 2163.0
1546.0 1854.5 2163.0
1546.0 1854.5 2163.0
1546.0 1854.5 2163.0
1546.0 1854.5 2163.0
1546.0 1854.5 2163.0
1546.0 1854.5 2163.0
1546.0 1854.5 2163.0
1546.0 1854.5 2163.0
1546.0 1854.5 2163.0
1546.0 1854.5 2163.0
1546.0 1854.5 2163.0
1546.0 1854.5 2163.0
1546.0 1854.5 2163.0
1546.0 1854.5 2163.0
1546.0 1854.5 2163.0
1546.0 1854.5 2163.0
1546.0 1854.5 2163.0
1546.0 1854.5 2163.0
1546.0 1854.5 2163.0
1546.0 1854.5 2163.0
1546.0 1854.5 2163.0
1546.0 1854.5 2163.0
1546.0 1854.5 2163.0
1546.0 1854.5 2163.0
1546.0 1854.5 2163.0
1277.0 1720.0 2163.0
1277.0 1720.0 2163.0
1277.0 1720.0 2163.0
1277.0 1720.0 2163.0
1277.0 1720.0 2163.0
1277.0 1720.0 2163.0
1277.0 1720.0 2163.0
1277.0 1720.0 2163.0
1277.0 1720.0 2163.0
1277.0 1720.0 2163.0
1277.0 1720.0 2163.0
1277.0 1720.0 2163.0
1277.0 1720.0 2163.0
1277.0 1720.0 2163.0
1277.0 1720.0 2163.0
1277.0 1720.0 2163.0
1277.0 1720.0 2163.0
1277.0 1720.0 2163.0
1277.0 1720.0 2163.0
1277.0 1720.0 2163.0
1277.0 1720.0 2163.0
1277.0 1720.0 2163.0
1277.0 1720.0 2163.0
1277.0 1720.0 2163.0
1277.0 1720.0 2163.0
1277.0 1720.0 2163.0
1277.0 1720.0 2163.0
1277.0 1720.0 2163.0
1277.0 1720.0 2163.0
1277.0 1720.0 2163.0
1277.0 1720.0 2163.0
1277.0 1720.0 2163.0
1277.0 1720.0 2163.0
1277.0 1720.0 2163.0
1277.0 1720.0 2163.0
1277.0 1720.0 2163.0
1277.0 1720.0 2163.0
1277.0 1720.0 2163.0
1277.0 1296.5 1316.0
1277.0 1296.5 1316.0
1277.0 1296.5 1316.0
1277.0 1296.5 1316.0
1277.0 1296.5 1316.0
1277.0 1296.5 1316.0
1277.0 1296.5 1316.0
1277.0 1296.5 1316.0
1277.0 1296.5 1316.0
1277.0 1296.5 1316.0
1277.0 1296.5 1316.0
1277.0 1296.5 1316.0
1277.0 1296.5 1316.0
1277.0 1296.5 1316.0
1277.0 1296.5 1316.0
1277.0 1296.5 1316.0
1277.0 1296.5 1316.0
1277.0 1296.5 1316.0
1277.0 1296.5 1316.0
1277.0 1296.5 1316.0
1277.0 1296.5 1316.0
1277.0 1296.5 1316.0
1277.0 1296.5 1316.0
1277.0 1296.5 1316.0
1277.0 1296.5 1316.0
1277.0 1296.5 1316.0
1277.0 1296.5 1316.0
1277.0 1296.5 1316.0
1277.0 1296.5 1316.0
1277.0 1296.5 1316.0
1277.0 1296.5 1316.0
1277.0 1296.5 1316.0
1277.0 1296.5 1316.0
1277.0 1296.5 1316.0
1277.0 1296.5 1316.0
1277.0 1296.5 1316.0
1277.0 1296.5 1316.0
