11047.0 12322.5 13598.0
8419.0 10750.0 13081.0
7716.0 9093.5 10471.0
6116.0 6177.5 6239.0
4219.0 4972.0 5725.0
4219.0 4320.5 4422.0
3309.0 3333.5 3358.0
2777.0 3043.0 3309.0
2777.0 3043.0 3309.0
2295.0 2802.0 3309.0
2458.0 2883.5 3309.0
1677.0 2493.0 3309.0
1770.0 2539.5 3309.0
1770.0 2539.5 3309.0
982.0 1957.5 2933.0
982.0 1712.0 2442.0
982.0 1390.0 1798.0
982.0 1390.0 1798.0
982.0 1390.0 1798.0
982.0 1390.0 1798.0
982.0 1390.0 1798.0
982.0 1390.0 1798.0
982.0 1390.0 1798.0
982.0 1390.0 1798.0
982.0 1390.0 1798.0
982.0 1390.0 1798.0
982.0 1390.0 1798.0
982.0 1390.0 1798.0
982.0 1390.0 1798.0
982.0 1390.0 1798.0
982.0 1390.0 1798.0
982.0 1390.0 1798.0
982.0 1390.0 1798.0
982.0 1390.0 1798.0
982.0 1390.0 1798.0
982.0 1390.0 1798.0
982.0 1390.0 1798.0
982.0 1390.0 1798.0
982.0 1390.0 1798.0
982.0 1390.0 1798.0
982.0 1390.0 1798.0
982.0 1390.0 1798.0
982.0 1390.0 1798.0
982.0 1390.0 1798.0
982.0 1390.0 1798.0
982.0 1390.0 1798.0
982.0 1390.0 1798.0
982.0 1390.0 1798.0
982.0 1390.0 1798.0
982.0 1390.0 1798.0
982.0 1390.0 1798.0
982.0 1390.0 1798.0
982.0 1390.0 1798.0
982.0 1390.0 1798.0
982.0 1390.0 1798.0
982.0 1390.0 1798.0
982.0 1390.0 1798.0
982.0 1390.0 1798.0
982.0 1390.0 1798.0
982.0 1390.0 1798.0
982.0 1390.0 1798.0
982.0 1390.0 1798.0
982.0 1390.0 1798.0
982.0 1390.0 1798.0
982.0 1390.0 1798.0
982.0 1390.0 1798.0
982.0 1390.0 1798.0
982.0 1390.0 1798.0
982.0 1390.0 1798.0
982.0 1390.0 1798.0
982.0 1390.0 1798.0
982.0 1390.0 1798.0
982.0 1390.0 1798.0
982.0 1390.0 1798.0
982.0 1390.0 1798.0
982.0 1390.0 1798.0
982.0 1390.0 1798.0
982.0 1390.0 1798.0
982.0 1390.0 1798.0
982.0 1390.0 1798.0
982.0 1390.0 1798.0
982.0 1390.0 1798.0
982.0 1390.0 1798.0
982.0 1390.0 1798.0
982.0 1390.0 1798.0
982.0 1390.0 1798.0
982.0 1390.0 1798.0
982.0 1390.0 1798.0
982.0 1390.0 1798.0
982.0 1390.0 1798.0
982.0 1390.0 1798.0
982.0 1390.0 1798.0
982.0 1390.0 1798.0
982.0 1390.0 1798.0
982.0 1390.0 1798.0
982.0 1390.0 1798.0
982.0 1390.0 1798.0
982.0 1390.0 1798.0
982.0 1390.0 1798.0
982.0 1390.0 1798.0
982.0 1390.0 1798.0
982.0 1390.0 1798.0
982.0 1390.0 1798.0
982.0 1390.0 1798.0
982.0 1390.0 1798.0
982.0 1390.0 1798.0
982.0 1390.0 1798.0
982.0 1390.0 1798.0
982.0 1390.0 1798.0
982.0 1390.0 1798.0
982.0 1390.0 1798.0
982.0 1390.0 1798.0
982.0 1390.0 1798.0
982.0 1390.0 1798.0
982.0 1390.0 1798.0
982.0 1124.0 1266.0
982.0 1124.0 1266.0
982.0 1124.0 1266.0
982.0 1124.0 1266.0
982.0 1124.0 1266.0
982.0 1124.0 1266.0
982.0 1124.0 1266.0
982.0 1044.0 1106.0
982.0 1044.0 1106.0
982.0 1044.0 1106.0
982.0 1044.0 1106.0
982.0 1044.0 1106.0
982.0 1044.0 1106.0
982.0 1044.0 1106.0
982.0 1044.0 1106.0
982.0 1044.0 1106.0
982.0 1044.0 1106.0
982.0 1044.0 1106.0
982.0 1044.0 1106.0
982.0 1044.0 1106.0
982.0 1044.0 1106.0
982.0 1044.0 1106.0
982.0 1044.0 1106.0
982.0 1044.0 1106.0
982.0 1044.0 1106.0
982.0 1044.0 1106.0
982.0 1044.0 1106.0
982.0 1044.0 1106.0
982.0 1044.0 1106.0
982.0 1044.0 1106.0
982.0 1044.0 1106.0
982.0 1044.0 1106.0
982.0 1044.0 1106.0
982.0 1044.0 1106.0
982.0 1044.0 1106.0
982.0 1044.0 1106.0
982.0 1044.0 1106.0
982.0 1044.0 1106.0
982.0 1044.0 1106.0
982.0 1044.0 1106.0
982.0 1044.0 1106.0
982.0 1044.0 1106.0
982.0 1044.0 1106.0
982.0 1044.0 1106.0
982.0 1044.0 1106.0
982.0 1044.0 1106.0
982.0 1044.0 1106.0
982.0 1044.0 1106.0
982.0 1044.0 1106.0
982.0 1044.0 1106.0
982.0 1044.0 1106.0
982.0 1044.0 1106.0
982.0 1044.0 1106.0
982.0 1044.0 1106.0
982.0 1044.0 1106.0
982.0 1044.0 1106.0
982.0 1044.0 1106.0
982.0 1044.0 1106.0
982.0 1044.0 1106.0
982.0 1044.0 1106.0
982.0 1044.0 1106.0
982.0 1044.0 1106.0
982.0 1044.0 1106.0
982.0 1044.0 1106.0
982.0 1044.0 1106.0
982.0 1044.0 1106.0
982.0 1044.0 1106.0
982.0 1044.0 1106.0
982.0 1044.0 1106.0
982.0 1044.0 1106.0
982.0 1044.0 1106.0
982.0 1044.0 1106.0
982.0 1044.0 1106.0
982.0 1044.0 1106.0
982.0 1044.0 1106.0
982.0 1044.0 1106.0
982.0 1044.0 1106.0
982.0 1044.0 1106.0
982.0 1044.0 1106.0
982.0 1044.0 1106.0
982.0 1044.0 1106.0
982.0 1044.0 1106.0
982.0 1044.0 1106.0
982.0 1044.0 1106.0
982.0 1044.0 1106.0
