15588.0 15664.0 15740.0
13304.0 13708.5 14113.0
9547.0 10089.5 10632.0
9021.0 9366.5 9712.0
5339.0 6276.0 7213.0
4945.0 5648.5 6352.0
3670.0 4173.5 4677.0
3670.0 4204.0 4738.0
3670.0 3724.5 3779.0
2227.0 2774.0 3321.0
2227.0 2774.0 3321.0
2227.0 2774.0 3321.0
2227.0 2699.0 3171.0
2227.0 2699.0 3171.0
2227.0 2699.0 3171.0
2227.0 2259.0 2291.0
2110.0 2278.0 2446.0
1746.0 2096.0 2446.0
1746.0 2096.0 2446.0
1746.0 2096.0 2446.0
1746.0 2096.0 2446.0
1746.0 2096.0 2446.0
1746.0 2096.0 2446.0
1746.0 2096.0 2446.0
1746.0 2096.0 2446.0
1746.0 2096.0 2446.0
1746.0 2096.0 2446.0
1746.0 2096.0 2446.0
1746.0 2096.0 2446.0
1746.0 2011.0 2276.0
1746.0 2234.0 2722.0
1746.0 2234.0 2722.0
1746.0 2234.0 2722.0
1746.0 2234.0 2722.0
1746.0 2234.0 2722.0
1746.0 2234.0 2722.0
1746.0 2234.0 2722.0
1746.0 2234.0 2722.0
1746.0 2234.0 2722.0
1746.0 2234.0 2722.0
1643.0 1694.5 1746.0
1643.0 1694.5 1746.0
1643.0 1694.5 1746.0
1643.0 1694.5 1746.0
1643.0 1694.5 1746.0
1643.0 1694.5 1746.0
1643.0 1694.5 1746.0
1643.0 1694.5 1746.0
1643.0 1694.5 1746.0
1643.0 1694.5 1746.0
1643.0 1694.5 1746.0
1643.0 1694.5 1746.0
1643.0 1694.5 1746.0
1643.0 1694.5 1746.0
1643.0 1694.5 1746.0
1643.0 1694.5 1746.0
1643.0 1694.5 1746.0
1643.0 1694.5 1746.0
1643.0 1694.5 1746.0
1643.0 1694.5 1746.0
1643.0 1694.5 1746.0
1643.0 1694.5 1746.0
1643.0 1694.5 1746.0
1643.0 1694.5 1746.0
1643.0 1694.5 1746.0
1643.0 1694.5 1746.0
1643.0 1694.5 1746.0
1643.0 1694.5 1746.0
1643.0 1694.5 1746.0
1643.0 1694.5 1746.0
1643.0 1694.5 1746.0
1643.0 1694.5 1746.0
1746.0 1877.5 2009.0
1292.0 1519.0 1746.0
1292.0 1519.0 1746.0
1292.0 1519.0 1746.0
1292.0 1519.0 1746.0
1292.0 1519.0 1746.0
1292.0 1519.0 1746.0
1292.0 1519.0 1746.0
1292.0 1519.0 1746.0
1292.0 1519.0 1746.0
1292.0 1519.0 1746.0
1292.0 1519.0 1746.0
1292.0 1519.0 1746.0
1292.0 1519.0 1746.0
1292.0 1519.0 1746.0
1292.0 1519.0 1746.0
1292.0 1519.0 1746.0
1292.0 1519.0 1746.0
1292.0 1519.0 1746.0
1292.0 1519.0 1746.0
1292.0 1519.0 1746.0
1292.0 1519.0 1746.0
1292.0 1519.0 1746.0
1292.0 1519.0 1746.0
1292.0 1519.0 1746.0
1292.0 1519.0 1746.0
1292.0 1519.0 1746.0
1292.0 1519.0 1746.0
1292.0 1519.0 1746.0
1292.0 1519.0 1746.0
1292.0 1519.0 1746.0
1292.0 1519.0 1746.0
1292.0 1519.0 1746.0
1292.0 1519.0 1746.0
1292.0 1519.0 1746.0
1292.0 1519.0 1746.0
1292.0 1519.0 1746.0
1292.0 1519.0 1746.0
1292.0 1519.0 1746.0
1292.0 1519.0 1746.0
1292.0 1519.0 1746.0
1292.0 1519.0 1746.0
1292.0 1519.0 1746.0
1292.0 1519.0 1746.0
1292.0 1519.0 1746.0
1292.0 1519.0 1746.0
1292.0 1519.0 1746.0
1292.0 1519.0 1746.0
1292.0 1519.0 1746.0
1292.0 1519.0 1746.0
1292.0 1519.0 1746.0
1292.0 1519.0 1746.0
1292.0 1519.0 1746.0
1292.0 1519.0 1746.0
1292.0 1519.0 1746.0
1292.0 1519.0 1746.0
1292.0 1519.0 1746.0
1292.0 1519.0 1746.0
1292.0 1519.0 1746.0
1292.0 1519.0 1746.0
1292.0 1519.0 1746.0
1292.0 1519.0 1746.0
1292.0 1519.0 1746.0
1292.0 1519.0 1746.0
1292.0 1519.0 1746.0
1292.0 1519.0 1746.0
1292.0 1519.0 1746.0
1292.0 1519.0 1746.0
1292.0 1519.0 1746.0
1292.0 1519.0 1746.0
1292.0 1519.0 1746.0
1292.0 1519.0 1746.0
1292.0 1519.0 1746.0
1292.0 1519.0 1746.0
1292.0 1519.0 1746.0
1292.0 1519.0 1746.0
1292.0 1519.0 1746.0
1292.0 1519.0 1746.0
1292.0 1519.0 1746.0
1292.0 1519.0 1746.0
1292.0 1519.0 1746.0
1292.0 1519.0 1746.0
1292.0 1519.0 1746.0
1292.0 1519.0 1746.0
1292.0 1519.0 1746.0
1292.0 1519.0 1746.0
1292.0 1519.0 1746.0
1292.0 1519.0 1746.0
1292.0 1519.0 1746.0
1292.0 1519.0 1746.0
1292.0 1519.0 1746.0
1292.0 1519.0 1746.0
1292.0 1519.0 1746.0
1292.0 1519.0 1746.0
1292.0 1519.0 1746.0
1292.0 1519.0 1746.0
1292.0 1519.0 1746.0
1292.0 1519.0 1746.0
1292.0 1519.0 1746.0
1292.0 1519.0 1746.0
1292.0 1519.0 1746.0
1292.0 1519.0 1746.0
1292.0 1519.0 1746.0
1292.0 1519.0 1746.0
1292.0 1519.0 1746.0
1292.0 1519.0 1746.0
1292.0 1519.0 1746.0
1292.0 1519.0 1746.0
1292.0 1519.0 1746.0
1292.0 1519.0 1746.0
1292.0 1519.0 1746.0
1292.0 1519.0 1746.0
1292.0 1519.0 1746.0
1292.0 1519.0 1746.0
1292.0 1519.0 1746.0
1292.0 1519.0 1746.0
1292.0 1519.0 1746.0
1292.0 1519.0 1746.0
1292.0 1519.0 1746.0
1292.0 1519.0 1746.0
1292.0 1519.0 1746.0
1292.0 1519.0 1746.0
1292.0 1519.0 1746.0
1292.0 1519.0 1746.0
1292.0 1519.0 1746.0
1292.0 1519.0 1746.0
1292.0 1519.0 1746.0
1292.0 1519.0 1746.0
