9812.0 11025.0 12238.0
9370.0 9438.5 9507.0
5971.0 7514.0 9057.0
4588.0 4829.5 5071.0
4194.0 4632.5 5071.0
2933.0 3287.0 3641.0
1781.0 2599.5 3418.0
1781.0 2319.0 2857.0
1278.0 2138.5 2999.0
1278.0 1893.5 2509.0
1295.0 1903.5 2512.0
1295.0 1558.0 1821.0
1295.0 1558.0 1821.0
1295.0 1538.0 1781.0
1032.0 1412.5 1793.0
1032.0 1075.0 1118.0
607.0 862.5 1118.0
607.0 862.5 1118.0
607.0 862.5 1118.0
607.0 862.5 1118.0
607.0 862.5 1118.0
607.0 862.5 1118.0
607.0 862.5 1118.0
607.0 862.5 1118.0
607.0 862.5 1118.0
615.0 866.5 1118.0
615.0 866.5 1118.0
615.0 866.5 1118.0
615.0 866.5 1118.0
615.0 866.5 1118.0
615.0 866.5 1118.0
615.0 866.5 1118.0
615.0 866.5 1118.0
615.0 866.5 1118.0
615.0 866.5 1118.0
615.0 866.5 1118.0
615.0 866.5 1118.0
615.0 866.5 1118.0
615.0 866.5 1118.0
615.0 866.5 1118.0
615.0 866.5 1118.0
615.0 866.5 1118.0
615.0 866.5 1118.0
615.0 866.5 1118.0
615.0 866.5 1118.0
615.0 866.5 1118.0
615.0 866.5 1118.0
615.0 866.5 1118.0
615.0 866.5 1118.0
615.0 866.5 1118.0
615.0 866.5 1118.0
615.0 866.5 1118.0
615.0 866.5 1118.0
615.0 866.5 1118.0
615.0 866.5 1118.0
615.0 866.5 1118.0
615.0 866.5 1118.0
615.0 866.5 1118.0
615.0 866.5 1118.0
615.0 866.5 1118.0
615.0 866.5 1118.0
615.0 866.5 1118.0
615.0 866.5 1118.0
615.0 866.5 1118.0
615.0 866.5 1118.0
615.0 866.5 1118.0
615.0 866.5 1118.0
615.0 866.5 1118.0
615.0 866.5 1118.0
615.0 866.5 1118.0
615.0 866.5 1118.0
615.0 866.5 1118.0
615.0 866.5 1118.0
615.0 866.5 1118.0
615.0 866.5 1118.0
615.0 866.5 1118.0
615.0 866.5 1118.0
615.0 866.5 1118.0
615.0 866.5 1118.0
615.0 866.5 1118.0
615.0 866.5 1118.0
615.0 866.5 1118.0
615.0 866.5 1118.0
615.0 866.5 1118.0
615.0 866.5 1118.0
615.0 866.5 1118.0
615.0 866.5 1118.0
615.0 866.5 1118.0
615.0 866.5 1118.0
615.0 866.5 1118.0
615.0 866.5 1118.0
615.0 866.5 1118.0
615.0 866.5 1118.0
615.0 866.5 1118.0
615.0 866.5 1118.0
615.0 866.5 1118.0
615.0 866.5 1118.0
615.0 866.5 1118.0
615.0 866.5 1118.0
615.0 866.5 1118.0
615.0 866.5 1118.0
615.0 866.5 1118.0
615.0 866.5 1118.0
615.0 866.5 1118.0
615.0 866.5 1118.0
615.0 866.5 1118.0
615.0 866.5 1118.0
615.0 866.5 1118.0
615.0 866.5 1118.0
615.0 866.5 1118.0
615.0 866.5 1118.0
615.0 866.5 1118.0
615.0 866.5 1118.0
615.0 866.5 1118.0
615.0 866.5 1118.0
615.0 866.5 1118.0
615.0 866.5 1118.0
615.0 866.5 1118.0
615.0 866.5 1118.0
615.0 866.5 1118.0
615.0 866.5 1118.0
615.0 866.5 1118.0
615.0 866.5 1118.0
615.0 866.5 1118.0
615.0 866.5 1118.0
615.0 866.5 1118.0
615.0 866.5 1118.0
615.0 866.5 1118.0
615.0 866.5 1118.0
615.0 866.5 1118.0
615.0 866.5 1118.0
615.0 866.5 1118.0
615.0 866.5 1118.0
615.0 866.5 1118.0
615.0 866.5 1118.0
615.0 866.5 1118.0
615.0 866.5 1118.0
615.0 866.5 1118.0
615.0 866.5 1118.0
615.0 866.5 1118.0
615.0 866.5 1118.0
615.0 866.5 1118.0
615.0 866.5 1118.0
615.0 866.5 1118.0
615.0 866.5 1118.0
615.0 866.5 1118.0
615.0 866.5 1118.0
615.0 866.5 1118.0
615.0 866.5 1118.0
615.0 866.5 1118.0
615.0 866.5 1118.0
615.0 866.5 1118.0
615.0 866.5 1118.0
615.0 866.5 1118.0
615.0 866.5 1118.0
615.0 866.5 1118.0
615.0 866.5 1118.0
615.0 866.5 1118.0
615.0 866.5 1118.0
615.0 866.5 1118.0
615.0 866.5 1118.0
615.0 866.5 1118.0
615.0 866.5 1118.0
615.0 852.0 1089.0
615.0 852.0 1089.0
615.0 704.0 793.0
615.0 704.0 793.0
615.0 665.0 715.0
615.0 665.0 715.0
615.0 665.0 715.0
615.0 665.0 715.0
615.0 665.0 715.0
615.0 665.0 715.0
615.0 665.0 715.0
615.0 665.0 715.0
615.0 665.0 715.0
615.0 665.0 715.0
615.0 665.0 715.0
615.0 665.0 715.0
615.0 665.0 715.0
615.0 665.0 715.0
615.0 665.0 715.0
615.0 665.0 715.0
615.0 665.0 715.0
615.0 665.0 715.0
615.0 665.0 715.0
615.0 665.0 715.0
615.0 665.0 715.0
615.0 665.0 715.0
615.0 665.0 715.0
615.0 665.0 715.0
615.0 665.0 715.0
615.0 665.0 715.0
615.0 665.0 715.0
615.0 665.0 715.0
615.0 665.0 715.0
615.0 665.0 715.0
615.0 665.0 715.0
615.0 665.0 715.0
615.0 665.0 715.0
