10006.0 12453.5 14901.0
6871.0 10440.5 14010.0
6510.0 9142.0 11774.0
4956.0 7690.0 10424.0
4045.0 5455.5 6866.0
4269.0 4603.5 4938.0
3206.0 4115.5 5025.0
3121.0 4073.0 5025.0
3121.0 4056.5 4992.0
3121.0 3500.0 3879.0
3121.0 3500.0 3879.0
3121.0 3500.0 3879.0
2454.0 2620.0 2786.0
2019.0 2402.5 2786.0
2019.0 2402.5 2786.0
2019.0 2402.5 2786.0
2019.0 2402.5 2786.0
1624.0 1821.5 2019.0
1624.0 1821.5 2019.0
1624.0 1821.5 2019.0
1624.0 1821.5 2019.0
1624.0 1821.5 2019.0
1624.0 1821.5 2019.0
1624.0 1821.5 2019.0
1624.0 1821.5 2019.0
1624.0 1821.5 2019.0
1624.0 1821.5 2019.0
1624.0 1821.5 2019.0
1624.0 1821.5 2019.0
1624.0 1821.5 2019.0
1624.0 1821.5 2019.0
1624.0 1821.5 2019.0
1418.0 1521.0 1624.0
1418.0 1521.0 1624.0
1418.0 1521.0 1624.0
1418.0 1521.0 1624.0
1418.0 1521.0 1624.0
1418.0 1521.0 1624.0
1418.0 1521.0 1624.0
1418.0 1521.0 1624.0
1418.0 1521.0 1624.0
1418.0 1521.0 1624.0
1418.0 1521.0 1624.0
1418.0 1521.0 1624.0
1418.0 1521.0 1624.0
1418.0 1521.0 1624.0
1418.0 1521.0 1624.0
1418.0 1521.0 1624.0
1418.0 1521.0 1624.0
1418.0 1521.0 1624.0
1418.0 1521.0 1624.0
1418.0 1521.0 1624.0
1418.0 1521.0 1624.0
1418.0 1521.0 1624.0
1418.0 1521.0 1624.0
1418.0 1521.0 1624.0
1418.0 1521.0 1624.0
1418.0 1521.0 1624.0
1418.0 1521.0 1624.0
1418.0 1521.0 1624.0
1418.0 1521.0 1624.0
1418.0 1521.0 1624.0
1418.0 1521.0 1624.0
1418.0 1521.0 1624.0
1418.0 1521.0 1624.0
1418.0 1521.0 1624.0
1418.0 1521.0 1624.0
1418.0 1521.0 1624.0
1418.0 1521.0 1624.0
1418.0 1521.0 1624.0
1418.0 1521.0 1624.0
1418.0 1521.0 1624.0
1418.0 1521.0 1624.0
1418.0 1521.0 1624.0
1418.0 1521.0 1624.0
1418.0 1521.0 1624.0
1418.0 1521.0 1624.0
1418.0 1521.0 1624.0
1418.0 1521.0 1624.0
1418.0 1521.0 1624.0
1418.0 1521.0 1624.0
1418.0 1521.0 1624.0
1418.0 1521.0 1624.0
1418.0 1521.0 1624.0
1418.0 1521.0 1624.0
1418.0 1521.0 1624.0
1418.0 1521.0 1624.0
1418.0 1521.0 1624.0
1418.0 1521.0 1624.0
1418.0 1521.0 1624.0
1418.0 1521.0 1624.0
1418.0 1521.0 1624.0
1418.0 1521.0 1624.0
1418.0 1521.0 1624.0
1418.0 1521.0 1624.0
1418.0 1521.0 1624.0
1418.0 1521.0 1624.0
1418.0 1521.0 1624.0
1418.0 1521.0 1624.0
1418.0 1521.0 1624.0
1418.0 1521.0 1624.0
1418.0 1521.0 1624.0
1418.0 1521.0 1624.0
1418.0 1521.0 1624.0
1418.0 1521.0 1624.0
1418.0 1521.0 1624.0
1418.0 1521.0 1624.0
1418.0 1514.5 1611.0
1418.0 1514.5 1611.0
1418.0 1514.5 1611.0
1418.0 1514.5 1611.0
1418.0 1514.5 1611.0
1418.0 1514.5 1611.0
1418.0 1514.5 1611.0
1418.0 1514.5 1611.0
1418.0 1514.5 1611.0
1418.0 1514.5 1611.0
1418.0 1514.5 1611.0
1418.0 1514.5 1611.0
1418.0 1514.5 1611.0
1418.0 1514.5 1611.0
1418.0 1514.5 1611.0
1275.0 1443.0 1611.0
1275.0 1443.0 1611.0
1275.0 1443.0 1611.0
1275.0 1443.0 1611.0
1275.0 1443.0 1611.0
1275.0 1443.0 1611.0
1275.0 1443.0 1611.0
1275.0 1443.0 1611.0
1275.0 1443.0 1611.0
1275.0 1443.0 1611.0
1275.0 1443.0 1611.0
1275.0 1443.0 1611.0
1275.0 1443.0 1611.0
1275.0 1443.0 1611.0
1275.0 1443.0 1611.0
1275.0 1443.0 1611.0
1275.0 1443.0 1611.0
1275.0 1443.0 1611.0
1275.0 1443.0 1611.0
1275.0 1443.0 1611.0
1275.0 1443.0 1611.0
1275.0 1443.0 1611.0
1275.0 1443.0 1611.0
1275.0 1443.0 1611.0
1275.0 1443.0 1611.0
1275.0 1443.0 1611.0
1275.0 1443.0 1611.0
1275.0 1443.0 1611.0
1275.0 1443.0 1611.0
1275.0 1443.0 1611.0
1275.0 1443.0 1611.0
1275.0 1443.0 1611.0
1275.0 1443.0 1611.0
1275.0 1443.0 1611.0
1275.0 1443.0 1611.0
1275.0 1443.0 1611.0
1275.0 1443.0 1611.0
1275.0 1443.0 1611.0
1275.0 1443.0 1611.0
1275.0 1443.0 1611.0
1275.0 1443.0 1611.0
1275.0 1443.0 1611.0
1275.0 1443.0 1611.0
1275.0 1443.0 1611.0
1275.0 1443.0 1611.0
1275.0 1443.0 1611.0
1275.0 1443.0 1611.0
1275.0 1443.0 1611.0
1275.0 1443.0 1611.0
1275.0 1443.0 1611.0
1275.0 1443.0 1611.0
1275.0 1443.0 1611.0
1275.0 1443.0 1611.0
1275.0 1443.0 1611.0
1275.0 1443.0 1611.0
1275.0 1443.0 1611.0
1275.0 1443.0 1611.0
1275.0 1443.0 1611.0
1275.0 1443.0 1611.0
1275.0 1443.0 1611.0
1275.0 1443.0 1611.0
1275.0 1443.0 1611.0
1275.0 1443.0 1611.0
1275.0 1443.0 1611.0
1275.0 1443.0 1611.0
1275.0 1443.0 1611.0
1275.0 1443.0 1611.0
1275.0 1443.0 1611.0
1275.0 1443.0 1611.0
1275.0 1443.0 1611.0
1275.0 1443.0 1611.0
1275.0 1443.0 1611.0
1275.0 1443.0 1611.0
1275.0 1443.0 1611.0
1275.0 1443.0 1611.0
1275.0 1443.0 1611.0
1275.0 1443.0 1611.0
1275.0 1443.0 1611.0
