11013.0 11271.5 11530.0
10001.0 10591.5 11182.0
7040.0 7553.0 8066.0
5236.0 6062.0 6888.0
4972.0 5826.5 6681.0
2962.0 3532.5 4103.0
2291.0 2551.5 2812.0
2291.0 2435.0 2579.0
2291.0 2435.0 2579.0
1357.0 1552.0 1747.0
1357.0 1552.0 1747.0
1357.0 1438.5 1520.0
1131.0 1325.5 1520.0
1131.0 1325.5 1520.0
1131.0 1325.5 1520.0
1131.0 1325.5 1520.0
1131.0 1325.5 1520.0
1131.0 1325.5 1520.0
1131.0 1325.5 1520.0
1131.0 1325.5 1520.0
1131.0 1325.5 1520.0
1131.0 1325.5 1520.0
1131.0 1325.5 1520.0
1131.0 1325.5 1520.0
1131.0 1325.5 1520.0
1131.0 1325.5 1520.0
1131.0 1270.5 1410.0
1131.0 1270.5 1410.0
1131.0 1270.5 1410.0
1131.0 1270.5 1410.0
1131.0 1270.5 1410.0
1131.0 1270.5 1410.0
1131.0 1270.5 1410.0
1131.0 1270.5 1410.0
1131.0 1270.5 1410.0
1131.0 1270.5 1410.0
1131.0 1270.5 1410.0
1131.0 1270.5 1410.0
1131.0 1270.5 1410.0
1131.0 1270.5 1410.0
1131.0 1270.5 1410.0
1131.0 1177.0 1223.0
1131.0 1177.0 1223.0
1131.0 1213.5 1296.0
1065.0 1098.0 1131.0
1065.0 1098.0 1131.0
794.0 962.5 1131.0
794.0 962.5 1131.0
794.0 962.5 1131.0
794.0 962.5 1131.0
794.0 962.5 1131.0
794.0 962.5 1131.0
794.0 962.5 1131.0
794.0 962.5 1131.0
794.0 962.5 1131.0
794.0 962.5 1131.0
794.0 962.5 1131.0
794.0 962.5 1131.0
794.0 962.5 1131.0
794.0 962.5 1131.0
794.0 962.5 1131.0
794.0 962.5 1131.0
794.0 962.5 1131.0
794.0 962.5 1131.0
794.0 962.5 1131.0
794.0 962.5 1131.0
794.0 962.5 1131.0
794.0 962.5 1131.0
794.0 962.5 1131.0
794.0 962.5 1131.0
794.0 962.5 1131.0
794.0 962.5 1131.0
794.0 962.5 1131.0
794.0 962.5 1131.0
794.0 962.5 1131.0
794.0 962.5 1131.0
794.0 962.5 1131.0
794.0 962.5 1131.0
794.0 962.5 1131.0
794.0 962.5 1131.0
794.0 962.5 1131.0
794.0 962.5 1131.0
794.0 962.5 1131.0
794.0 962.5 1131.0
794.0 962.5 1131.0
794.0 962.5 1131.0
794.0 962.5 1131.0
794.0 962.5 1131.0
794.0 962.5 1131.0
794.0 962.5 1131.0
794.0 962.5 1131.0
794.0 962.5 1131.0
794.0 962.5 1131.0
794.0 962.5 1131.0
794.0 962.5 1131.0
794.0 962.5 1131.0
794.0 962.5 1131.0
794.0 962.5 1131.0
794.0 962.5 1131.0
794.0 962.5 1131.0
794.0 962.5 1131.0
794.0 962.5 1131.0
794.0 962.5 1131.0
794.0 962.5 1131.0
794.0 962.5 1131.0
794.0 962.5 1131.0
794.0 962.5 1131.0
794.0 962.5 1131.0
794.0 962.5 1131.0
794.0 962.5 1131.0
794.0 962.5 1131.0
794.0 962.5 1131.0
794.0 962.5 1131.0
794.0 962.5 1131.0
794.0 962.5 1131.0
794.0 962.5 1131.0
794.0 962.5 1131.0
794.0 962.5 1131.0
794.0 962.5 1131.0
794.0 962.5 1131.0
794.0 962.5 1131.0
794.0 962.5 1131.0
794.0 962.5 1131.0
794.0 962.5 1131.0
794.0 962.5 1131.0
794.0 962.5 1131.0
794.0 962.5 1131.0
794.0 962.5 1131.0
794.0 962.5 1131.0
794.0 962.5 1131.0
794.0 962.5 1131.0
794.0 962.5 1131.0
794.0 962.5 1131.0
794.0 962.5 1131.0
794.0 962.5 1131.0
794.0 962.5 1131.0
794.0 962.5 1131.0
794.0 962.5 1131.0
794.0 962.5 1131.0
794.0 962.5 1131.0
794.0 962.5 1131.0
794.0 962.5 1131.0
794.0 962.5 1131.0
794.0 962.5 1131.0
794.0 962.5 1131.0
794.0 962.5 1131.0
794.0 962.5 1131.0
794.0 962.5 1131.0
794.0 962.5 1131.0
794.0 962.5 1131.0
794.0 962.5 1131.0
794.0 962.5 1131.0
794.0 962.5 1131.0
794.0 962.5 1131.0
794.0 962.5 1131.0
794.0 962.5 1131.0
794.0 962.5 1131.0
794.0 962.5 1131.0
794.0 962.5 1131.0
794.0 962.5 1131.0
794.0 962.5 1131.0
794.0 962.5 1131.0
794.0 962.5 1131.0
794.0 962.5 1131.0
794.0 962.5 1131.0
794.0 962.5 1131.0
794.0 962.5 1131.0
794.0 962.5 1131.0
794.0 962.5 1131.0
794.0 962.5 1131.0
794.0 962.5 1131.0
794.0 962.5 1131.0
794.0 962.5 1131.0
794.0 962.5 1131.0
794.0 962.5 1131.0
794.0 962.5 1131.0
794.0 962.5 1131.0
794.0 962.5 1131.0
794.0 962.5 1131.0
794.0 962.5 1131.0
794.0 962.5 1131.0
794.0 962.5 1131.0
794.0 962.5 1131.0
794.0 962.5 1131.0
794.0 962.5 1131.0
794.0 962.5 1131.0
794.0 962.5 1131.0
794.0 962.5 1131.0
794.0 962.5 1131.0
794.0 962.5 1131.0
794.0 962.5 1131.0
794.0 962.5 1131.0
794.0 962.5 1131.0
794.0 962.5 1131.0
794.0 962.5 1131.0
794.0 962.5 1131.0
794.0 962.5 1131.0
794.0 962.5 1131.0
794.0 962.5 1131.0
794.0 962.5 1131.0
