9617.0 10587.5 11558.0
8455.0 8557.5 8660.0
8013.0 8364.5 8716.0
6165.0 6705.0 7245.0
3598.0 4889.0 6180.0
3773.0 4445.5 5118.0
3773.0 4445.5 5118.0
2020.0 2654.5 3289.0
2020.0 2628.5 3237.0
2020.0 2246.0 2472.0
2016.0 2244.0 2472.0
1667.0 1969.5 2272.0
1667.0 1933.0 2199.0
1304.0 1405.0 1506.0
1304.0 1405.0 1506.0
1298.0 1301.0 1304.0
1298.0 1301.0 1304.0
1298.0 1301.0 1304.0
1298.0 1301.0 1304.0
1298.0 1301.0 1304.0
1298.0 1301.0 1304.0
1298.0 1301.0 1304.0
1241.0 1272.5 1304.0
1199.0 1251.5 1304.0
1199.0 1251.5 1304.0
1199.0 1251.5 1304.0
1199.0 1251.5 1304.0
1199.0 1251.5 1304.0
1199.0 1251.5 1304.0
1199.0 1251.5 1304.0
1199.0 1251.5 1304.0
1199.0 1251.5 1304.0
1199.0 1251.5 1304.0
1199.0 1251.5 1304.0
1199.0 1251.5 1304.0
1199.0 1251.5 1304.0
1199.0 1251.5 1304.0
1199.0 1251.5 1304.0
1199.0 1251.5 1304.0
1199.0 1251.5 1304.0
1199.0 1251.5 1304.0
1199.0 1251.5 1304.0
1199.0 1251.5 1304.0
1199.0 1251.5 1304.0
1199.0 1251.5 1304.0
1199.0 1251.5 1304.0
1199.0 1251.5 1304.0
1199.0 1251.5 1304.0
1199.0 1251.5 1304.0
1199.0 1251.5 1304.0
1199.0 1251.5 1304.0
1199.0 1251.5 1304.0
1199.0 1251.5 1304.0
1199.0 1251.5 1304.0
1199.0 1251.5 1304.0
1199.0 1251.5 1304.0
1199.0 1251.5 1304.0
1199.0 1251.5 1304.0
1199.0 1251.5 1304.0
1199.0 1251.5 1304.0
1199.0 1251.5 1304.0
1199.0 1251.5 1304.0
1199.0 1251.5 1304.0
1199.0 1251.5 1304.0
1199.0 1251.5 1304.0
1199.0 1251.5 1304.0
1199.0 1251.5 1304.0
1199.0 1251.5 1304.0
1199.0 1251.5 1304.0
1199.0 1251.5 1304.0
1099.0 1149.0 1199.0
1099.0 1149.0 1199.0
1099.0 1149.0 1199.0
1099.0 1149.0 1199.0
1099.0 1149.0 1199.0
1099.0 1149.0 1199.0
1099.0 1149.0 1199.0
1099.0 1149.0 1199.0
1099.0 1149.0 1199.0
1099.0 1149.0 1199.0
1099.0 1149.0 1199.0
1099.0 1149.0 1199.0
1099.0 1149.0 1199.0
1099.0 1149.0 1199.0
1099.0 1149.0 1199.0
1099.0 1149.0 1199.0
1099.0 1149.0 1199.0
1099.0 1149.0 1199.0
1099.0 1149.0 1199.0
1099.0 1149.0 1199.0
1099.0 1149.0 1199.0
1099.0 1149.0 1199.0
1099.0 1149.0 1199.0
1099.0 1149.0 1199.0
1099.0 1149.0 1199.0
1099.0 1149.0 1199.0
1099.0 1149.0 1199.0
1178.0 1188.5 1199.0
1178.0 1188.5 1199.0
1178.0 1188.5 1199.0
1178.0 1188.5 1199.0
1178.0 1188.5 1199.0
1178.0 1188.5 1199.0
1178.0 1188.5 1199.0
1178.0 1188.5 1199.0
1178.0 1188.5 1199.0
1178.0 1188.5 1199.0
1178.0 1188.5 1199.0
1178.0 1188.5 1199.0
1178.0 1188.5 1199.0
1178.0 1188.5 1199.0
1178.0 1188.5 1199.0
1178.0 1188.5 1199.0
1178.0 1188.5 1199.0
1178.0 1188.5 1199.0
1178.0 1188.5 1199.0
1178.0 1188.5 1199.0
1178.0 1188.5 1199.0
1178.0 1188.5 1199.0
1178.0 1188.5 1199.0
1178.0 1188.5 1199.0
1178.0 1188.5 1199.0
1178.0 1188.5 1199.0
1178.0 1188.5 1199.0
1178.0 1188.5 1199.0
1178.0 1188.5 1199.0
1178.0 1188.5 1199.0
1178.0 1188.5 1199.0
1178.0 1188.5 1199.0
1178.0 1188.5 1199.0
1178.0 1188.5 1199.0
1178.0 1188.5 1199.0
1178.0 1188.5 1199.0
1178.0 1188.5 1199.0
1178.0 1188.5 1199.0
1178.0 1188.5 1199.0
1178.0 1188.5 1199.0
1178.0 1188.5 1199.0
1178.0 1188.5 1199.0
1178.0 1188.5 1199.0
1178.0 1188.5 1199.0
1178.0 1188.5 1199.0
1178.0 1188.5 1199.0
1178.0 1188.5 1199.0
1178.0 1188.5 1199.0
1178.0 1188.5 1199.0
1178.0 1188.5 1199.0
1178.0 1188.5 1199.0
1178.0 1188.5 1199.0
1178.0 1188.5 1199.0
1178.0 1188.5 1199.0
1178.0 1188.5 1199.0
1178.0 1188.5 1199.0
1178.0 1188.5 1199.0
1178.0 1188.5 1199.0
1178.0 1188.5 1199.0
1178.0 1188.5 1199.0
1178.0 1188.5 1199.0
1178.0 1188.5 1199.0
1178.0 1188.5 1199.0
1178.0 1188.5 1199.0
1178.0 1188.5 1199.0
1178.0 1188.5 1199.0
1178.0 1188.5 1199.0
1178.0 1188.5 1199.0
1178.0 1188.5 1199.0
1178.0 1188.5 1199.0
1178.0 1188.5 1199.0
1178.0 1188.5 1199.0
1178.0 1188.5 1199.0
1178.0 1188.5 1199.0
1178.0 1188.5 1199.0
1178.0 1188.5 1199.0
1178.0 1188.5 1199.0
1178.0 1188.5 1199.0
1178.0 1188.5 1199.0
1178.0 1188.5 1199.0
1178.0 1188.5 1199.0
1178.0 1188.5 1199.0
1178.0 1188.5 1199.0
1178.0 1188.5 1199.0
1178.0 1188.5 1199.0
1178.0 1188.5 1199.0
1178.0 1188.5 1199.0
1178.0 1188.5 1199.0
1178.0 1188.5 1199.0
1178.0 1188.5 1199.0
1178.0 1188.5 1199.0
1178.0 1188.5 1199.0
1178.0 1188.5 1199.0
1178.0 1188.5 1199.0
1178.0 1188.5 1199.0
1178.0 1188.5 1199.0
1178.0 1188.5 1199.0
1178.0 1188.5 1199.0
1178.0 1188.5 1199.0
1178.0 1188.5 1199.0
1178.0 1188.5 1199.0
1178.0 1188.5 1199.0
1178.0 1188.5 1199.0
