16183.0 16359.5 16536.0
12005.0 12838.5 13672.0
10417.0 11345.0 12273.0
6950.0 7681.0 8412.0
5732.0 6722.5 7713.0
4774.0 5175.0 5576.0
2803.0 3701.5 4600.0
2803.0 3701.5 4600.0
2353.0 2578.0 2803.0
2304.0 2553.5 2803.0
2258.0 2530.5 2803.0
2079.0 2266.0 2453.0
1826.0 1967.0 2108.0
1584.0 1627.5 1671.0
1361.0 1516.0 1671.0
1584.0 1600.0 1616.0
1584.0 1600.0 1616.0
1584.0 1600.0 1616.0
1584.0 1600.0 1616.0
1584.0 1600.0 1616.0
1584.0 1600.0 1616.0
1584.0 1600.0 1616.0
1584.0 1600.0 1616.0
1584.0 1600.0 1616.0
1584.0 1600.0 1616.0
1584.0 1600.0 1616.0
1584.0 1600.0 1616.0
1584.0 1600.0 1616.0
1584.0 1600.0 1616.0
1584.0 1600.0 1616.0
1584.0 1600.0 1616.0
1584.0 1600.0 1616.0
1584.0 1600.0 1616.0
1584.0 1600.0 1616.0
1584.0 1600.0 1616.0
1584.0 1600.0 1616.0
1584.0 1600.0 1616.0
1584.0 1600.0 1616.0
1584.0 1600.0 1616.0
1584.0 1600.0 1616.0
1584.0 1600.0 1616.0
1584.0 1600.0 1616.0
1584.0 1600.0 1616.0
1584.0 1600.0 1616.0
1584.0 1600.0 1616.0
1584.0 1600.0 1616.0
1584.0 1600.0 1616.0
1584.0 1600.0 1616.0
1584.0 1600.0 1616.0
1584.0 1600.0 1616.0
1584.0 1600.0 1616.0
1584.0 1600.0 1616.0
1584.0 1600.0 1616.0
1584.0 1600.0 1616.0
1584.0 1600.0 1616.0
1584.0 1600.0 1616.0
1584.0 1600.0 1616.0
1584.0 1600.0 1616.0
1584.0 1600.0 1616.0
1584.0 1600.0 1616.0
1584.0 1600.0 1616.0
1584.0 1600.0 1616.0
1584.0 1600.0 1616.0
1584.0 1600.0 1616.0
1584.0 1600.0 1616.0
1584.0 1600.0 1616.0
1584.0 1600.0 1616.0
1584.0 1600.0 1616.0
1584.0 1600.0 1616.0
1584.0 1600.0 1616.0
1584.0 1600.0 1616.0
1584.0 1600.0 1616.0
1584.0 1600.0 1616.0
1584.0 1600.0 1616.0
1584.0 1600.0 1616.0
1584.0 1600.0 1616.0
1584.0 1600.0 1616.0
1584.0 1600.0 1616.0
1584.0 1600.0 1616.0
1584.0 1600.0 1616.0
1584.0 1600.0 1616.0
1584.0 1600.0 1616.0
1584.0 1600.0 1616.0
1584.0 1600.0 1616.0
1584.0 1600.0 1616.0
1584.0 1600.0 1616.0
1584.0 1600.0 1616.0
1584.0 1600.0 1616.0
1584.0 1600.0 1616.0
1584.0 1600.0 1616.0
1584.0 1600.0 1616.0
1584.0 1600.0 1616.0
1584.0 1600.0 1616.0
1584.0 1600.0 1616.0
1584.0 1600.0 1616.0
1584.0 1600.0 1616.0
1584.0 1600.0 1616.0
1584.0 1600.0 1616.0
1584.0 1600.0 1616.0
1584.0 1600.0 1616.0
1584.0 1600.0 1616.0
1584.0 1600.0 1616.0
1584.0 1600.0 1616.0
1584.0 1600.0 1616.0
1584.0 1600.0 1616.0
1584.0 1600.0 1616.0
1584.0 1600.0 1616.0
1584.0 1600.0 1616.0
1584.0 1600.0 1616.0
1584.0 1600.0 1616.0
1584.0 1600.0 1616.0
1584.0 1600.0 1616.0
1584.0 1600.0 1616.0
1584.0 1600.0 1616.0
1584.0 1600.0 1616.0
1584.0 1600.0 1616.0
1584.0 1600.0 1616.0
1584.0 1600.0 1616.0
1584.0 1600.0 1616.0
1584.0 1600.0 1616.0
1584.0 1600.0 1616.0
1584.0 1600.0 1616.0
1584.0 1600.0 1616.0
1584.0 1600.0 1616.0
1584.0 1600.0 1616.0
1584.0 1600.0 1616.0
1584.0 1600.0 1616.0
1584.0 1600.0 1616.0
1584.0 1600.0 1616.0
1584.0 1600.0 1616.0
1584.0 1600.0 1616.0
1584.0 1600.0 1616.0
1584.0 1600.0 1616.0
1584.0 1600.0 1616.0
1584.0 1600.0 1616.0
1584.0 1600.0 1616.0
1616.0 1690.5 1765.0
1427.0 1521.5 1616.0
1427.0 1521.5 1616.0
1427.0 1521.5 1616.0
1427.0 1521.5 1616.0
1427.0 1521.5 1616.0
1427.0 1521.5 1616.0
1427.0 1521.5 1616.0
1427.0 1521.5 1616.0
1373.0 1400.0 1427.0
1373.0 1400.0 1427.0
1373.0 1400.0 1427.0
1373.0 1400.0 1427.0
1373.0 1400.0 1427.0
1373.0 1400.0 1427.0
1373.0 1400.0 1427.0
1373.0 1400.0 1427.0
1373.0 1400.0 1427.0
1373.0 1400.0 1427.0
1373.0 1400.0 1427.0
1373.0 1400.0 1427.0
1373.0 1400.0 1427.0
1373.0 1400.0 1427.0
1373.0 1400.0 1427.0
1373.0 1400.0 1427.0
1373.0 1400.0 1427.0
1373.0 1400.0 1427.0
1373.0 1400.0 1427.0
1373.0 1400.0 1427.0
1373.0 1400.0 1427.0
1373.0 1400.0 1427.0
1373.0 1400.0 1427.0
1373.0 1400.0 1427.0
1373.0 1400.0 1427.0
1373.0 1400.0 1427.0
1373.0 1400.0 1427.0
1373.0 1400.0 1427.0
1373.0 1400.0 1427.0
1373.0 1400.0 1427.0
1373.0 1400.0 1427.0
1373.0 1400.0 1427.0
1373.0 1400.0 1427.0
1373.0 1400.0 1427.0
1373.0 1400.0 1427.0
1373.0 1400.0 1427.0
1373.0 1400.0 1427.0
1373.0 1400.0 1427.0
1373.0 1400.0 1427.0
1373.0 1400.0 1427.0
1373.0 1400.0 1427.0
1373.0 1400.0 1427.0
1373.0 1400.0 1427.0
1373.0 1400.0 1427.0
1373.0 1400.0 1427.0
1373.0 1400.0 1427.0
1373.0 1400.0 1427.0
1373.0 1400.0 1427.0
1373.0 1400.0 1427.0
1373.0 1400.0 1427.0
1373.0 1400.0 1427.0
1373.0 1400.0 1427.0
1373.0 1400.0 1427.0
1373.0 1400.0 1427.0
1373.0 1400.0 1427.0
