16402.0 17785.5 19169.0
14009.0 14481.0 14953.0
11977.0 13122.0 14267.0
9671.0 10397.0 11123.0
8117.0 8467.0 8817.0
6011.0 6911.0 7811.0
5175.0 5894.5 6614.0
4818.0 5351.0 5884.0
4046.0 4059.5 4073.0
3273.0 3673.0 4073.0
3273.0 3285.5 3298.0
3273.0 3541.5 3810.0
3013.0 3143.0 3273.0
2670.0 3100.5 3531.0
2670.0 3100.5 3531.0
2670.0 3100.5 3531.0
2670.0 3100.5 3531.0
2322.0 2755.0 3188.0
1743.0 1964.5 2186.0
1743.0 1964.5 2186.0
1743.0 1964.5 2186.0
1743.0 1964.5 2186.0
1743.0 1964.5 2186.0
1743.0 1964.5 2186.0
1743.0 1964.5 2186.0
1743.0 1964.5 2186.0
1743.0 1964.5 2186.0
1743.0 1964.5 2186.0
1743.0 1964.5 2186.0
1743.0 1964.5 2186.0
1743.0 1964.5 2186.0
1743.0 1964.5 2186.0
1743.0 1964.5 2186.0
1743.0 1964.5 2186.0
1743.0 1964.5 2186.0
1743.0 1964.5 2186.0
1743.0 1964.5 2186.0
1743.0 1964.5 2186.0
1743.0 1964.5 2186.0
1743.0 1964.5 2186.0
1743.0 1964.5 2186.0
1743.0 1964.5 2186.0
1743.0 1746.5 1750.0
1743.0 1746.5 1750.0
1743.0 1746.5 1750.0
1743.0 1746.5 1750.0
1743.0 1746.5 1750.0
1743.0 1746.5 1750.0
1743.0 1749.5 1756.0
1743.0 1749.5 1756.0
1743.0 1749.5 1756.0
1743.0 1749.5 1756.0
1743.0 1749.5 1756.0
1743.0 1749.5 1756.0
1743.0 1749.5 1756.0
1743.0 1749.5 1756.0
1743.0 1749.5 1756.0
1743.0 1749.5 1756.0
1743.0 1749.5 1756.0
1743.0 1749.5 1756.0
1743.0 1749.5 1756.0
1743.0 1749.5 1756.0
1743.0 1749.5 1756.0
1743.0 1749.5 1756.0
1743.0 1749.5 1756.0
1743.0 1749.5 1756.0
1743.0 1749.5 1756.0
1743.0 1749.5 1756.0
1743.0 1749.5 1756.0
1743.0 1749.5 1756.0
1743.0 1749.5 1756.0
1743.0 1749.5 1756.0
1743.0 1749.5 1756.0
1743.0 1749.5 1756.0
1743.0 1749.5 1756.0
1743.0 1749.5 1756.0
1743.0 1749.5 1756.0
1743.0 1749.5 1756.0
1743.0 1749.5 1756.0
1743.0 1749.5 1756.0
1743.0 1749.5 1756.0
1743.0 1749.5 1756.0
1743.0 1749.5 1756.0
1743.0 1749.5 1756.0
1743.0 1749.5 1756.0
1743.0 1749.5 1756.0
1743.0 1749.5 1756.0
1743.0 1749.5 1756.0
1743.0 1749.5 1756.0
1743.0 1749.5 1756.0
1743.0 1749.5 1756.0
1743.0 1749.5 1756.0
1743.0 1749.5 1756.0
1743.0 1749.5 1756.0
1743.0 1749.5 1756.0
1743.0 1749.5 1756.0
1743.0 1749.5 1756.0
1743.0 1749.5 1756.0
1743.0 1749.5 1756.0
1743.0 1749.5 1756.0
1743.0 1749.5 1756.0
1743.0 1749.5 1756.0
1743.0 1749.5 1756.0
1743.0 1749.5 1756.0
1743.0 1749.5 1756.0
1743.0 1749.5 1756.0
1743.0 1749.5 1756.0
1278.0 1517.0 1756.0
1278.0 1517.0 1756.0
1278.0 1517.0 1756.0
1278.0 1517.0 1756.0
1278.0 1517.0 1756.0
1278.0 1517.0 1756.0
1278.0 1517.0 1756.0
1278.0 1517.0 1756.0
1278.0 1517.0 1756.0
1278.0 1517.0 1756.0
1278.0 1517.0 1756.0
1278.0 1517.0 1756.0
1278.0 1517.0 1756.0
1278.0 1517.0 1756.0
1278.0 1517.0 1756.0
1278.0 1517.0 1756.0
1278.0 1517.0 1756.0
1278.0 1517.0 1756.0
1278.0 1517.0 1756.0
1278.0 1517.0 1756.0
1278.0 1517.0 1756.0
1278.0 1517.0 1756.0
1278.0 1517.0 1756.0
1278.0 1517.0 1756.0
1278.0 1517.0 1756.0
1278.0 1517.0 1756.0
1278.0 1517.0 1756.0
1278.0 1517.0 1756.0
1278.0 1517.0 1756.0
1278.0 1517.0 1756.0
1278.0 1517.0 1756.0
1278.0 1517.0 1756.0
1278.0 1517.0 1756.0
1278.0 1517.0 1756.0
1278.0 1517.0 1756.0
1278.0 1517.0 1756.0
1278.0 1517.0 1756.0
1278.0 1517.0 1756.0
1278.0 1517.0 1756.0
1278.0 1517.0 1756.0
1278.0 1517.0 1756.0
1278.0 1517.0 1756.0
1278.0 1517.0 1756.0
1278.0 1517.0 1756.0
1278.0 1517.0 1756.0
1278.0 1517.0 1756.0
1278.0 1517.0 1756.0
1278.0 1517.0 1756.0
1278.0 1517.0 1756.0
1278.0 1517.0 1756.0
1278.0 1517.0 1756.0
1278.0 1517.0 1756.0
1278.0 1517.0 1756.0
1278.0 1517.0 1756.0
1278.0 1517.0 1756.0
1278.0 1517.0 1756.0
1278.0 1517.0 1756.0
1278.0 1517.0 1756.0
1278.0 1517.0 1756.0
1278.0 1517.0 1756.0
1278.0 1517.0 1756.0
1278.0 1517.0 1756.0
1278.0 1517.0 1756.0
1278.0 1517.0 1756.0
1278.0 1517.0 1756.0
1278.0 1422.0 1566.0
1260.0 1269.0 1278.0
1260.0 1269.0 1278.0
1260.0 1269.0 1278.0
1260.0 1269.0 1278.0
1260.0 1269.0 1278.0
1260.0 1269.0 1278.0
1260.0 1269.0 1278.0
1260.0 1269.0 1278.0
1260.0 1269.0 1278.0
1260.0 1269.0 1278.0
1205.0 1232.5 1260.0
1205.0 1232.5 1260.0
1205.0 1232.5 1260.0
1205.0 1232.5 1260.0
1205.0 1232.5 1260.0
1205.0 1232.5 1260.0
1205.0 1232.5 1260.0
1205.0 1232.5 1260.0
1205.0 1232.5 1260.0
1205.0 1232.5 1260.0
1205.0 1232.5 1260.0
1205.0 1232.5 1260.0
1205.0 1232.5 1260.0
1205.0 1232.5 1260.0
1205.0 1232.5 1260.0
1205.0 1232.5 1260.0
1205.0 1232.5 1260.0
