12589.0 13170.0 13751.0
12142.0 13269.0 14396.0
8636.0 11618.0 14600.0
6802.0 8926.5 11051.0
6667.0 8357.5 10048.0
4718.0 6058.5 7399.0
3664.0 4569.0 5474.0
3664.0 4299.5 4935.0
3664.0 4041.0 4418.0
4065.0 4258.0 4451.0
3077.0 3764.0 4451.0
2912.0 2994.5 3077.0
2799.0 2938.0 3077.0
2799.0 3015.5 3232.0
2799.0 2938.0 3077.0
2799.0 2938.0 3077.0
2799.0 2938.0 3077.0
2799.0 2938.0 3077.0
1599.0 2199.0 2799.0
1599.0 2199.0 2799.0
1599.0 2199.0 2799.0
1599.0 2303.0 3007.0
1599.0 2219.0 2839.0
1599.0 1937.0 2275.0
1599.0 1892.0 2185.0
1599.0 1892.0 2185.0
1599.0 1892.0 2185.0
1599.0 1892.0 2185.0
1599.0 1892.0 2185.0
1599.0 1892.0 2185.0
1599.0 1892.0 2185.0
1599.0 1892.0 2185.0
1599.0 1892.0 2185.0
1599.0 1892.0 2185.0
1599.0 1892.0 2185.0
1599.0 1892.0 2185.0
1599.0 1892.0 2185.0
1508.0 1846.5 2185.0
1508.0 1846.5 2185.0
1508.0 1846.5 2185.0
1508.0 1846.5 2185.0
1508.0 1846.5 2185.0
1508.0 1846.5 2185.0
1508.0 1846.5 2185.0
1508.0 1846.5 2185.0
1508.0 1846.5 2185.0
1508.0 1846.5 2185.0
1508.0 1846.5 2185.0
1508.0 1846.5 2185.0
1508.0 1846.5 2185.0
1508.0 1846.5 2185.0
1508.0 1846.5 2185.0
1508.0 1846.5 2185.0
1508.0 1846.5 2185.0
1508.0 1846.5 2185.0
1508.0 1846.5 2185.0
1508.0 1846.5 2185.0
1508.0 1846.5 2185.0
1508.0 1846.5 2185.0
1508.0 1846.5 2185.0
1508.0 1846.5 2185.0
1508.0 1846.5 2185.0
1508.0 1846.5 2185.0
1508.0 1846.5 2185.0
1508.0 1846.5 2185.0
1508.0 1784.5 2061.0
1247.0 1377.5 1508.0
1247.0 1377.5 1508.0
1247.0 1377.5 1508.0
1247.0 1377.5 1508.0
1247.0 1377.5 1508.0
1247.0 1377.5 1508.0
1247.0 1377.5 1508.0
1247.0 1377.5 1508.0
1247.0 1377.5 1508.0
1247.0 1377.5 1508.0
1247.0 1377.5 1508.0
1247.0 1377.5 1508.0
1247.0 1377.5 1508.0
1247.0 1377.5 1508.0
1247.0 1377.5 1508.0
1247.0 1377.5 1508.0
1247.0 1377.5 1508.0
1120.0 1314.0 1508.0
1120.0 1181.0 1242.0
1120.0 1181.0 1242.0
1120.0 1181.0 1242.0
1120.0 1181.0 1242.0
1120.0 1181.0 1242.0
1120.0 1181.0 1242.0
1120.0 1181.0 1242.0
1120.0 1181.0 1242.0
1120.0 1181.0 1242.0
1120.0 1181.0 1242.0
1120.0 1181.0 1242.0
1120.0 1181.0 1242.0
1120.0 1181.0 1242.0
1120.0 1181.0 1242.0
1120.0 1181.0 1242.0
1120.0 1181.0 1242.0
1120.0 1181.0 1242.0
1120.0 1181.0 1242.0
1120.0 1181.0 1242.0
1120.0 1181.0 1242.0
1120.0 1181.0 1242.0
1120.0 1181.0 1242.0
1120.0 1181.0 1242.0
1120.0 1181.0 1242.0
1120.0 1181.0 1242.0
1120.0 1181.0 1242.0
1120.0 1181.0 1242.0
1120.0 1181.0 1242.0
1120.0 1181.0 1242.0
1120.0 1181.0 1242.0
1120.0 1181.0 1242.0
1120.0 1181.0 1242.0
1120.0 1181.0 1242.0
1120.0 1181.0 1242.0
1120.0 1181.0 1242.0
1120.0 1181.0 1242.0
1120.0 1181.0 1242.0
1120.0 1181.0 1242.0
1120.0 1181.0 1242.0
1120.0 1181.0 1242.0
1120.0 1181.0 1242.0
1120.0 1181.0 1242.0
1120.0 1181.0 1242.0
1120.0 1181.0 1242.0
1120.0 1181.0 1242.0
1120.0 1181.0 1242.0
1120.0 1181.0 1242.0
1120.0 1181.0 1242.0
1120.0 1181.0 1242.0
1120.0 1181.0 1242.0
1120.0 1181.0 1242.0
1120.0 1181.0 1242.0
1120.0 1181.0 1242.0
1120.0 1181.0 1242.0
1120.0 1181.0 1242.0
1120.0 1181.0 1242.0
1120.0 1181.0 1242.0
1120.0 1181.0 1242.0
1120.0 1181.0 1242.0
1120.0 1181.0 1242.0
1120.0 1181.0 1242.0
1120.0 1181.0 1242.0
1120.0 1181.0 1242.0
1120.0 1181.0 1242.0
1120.0 1181.0 1242.0
1120.0 1181.0 1242.0
1120.0 1181.0 1242.0
1120.0 1181.0 1242.0
1120.0 1181.0 1242.0
1120.0 1181.0 1242.0
1120.0 1181.0 1242.0
1120.0 1181.0 1242.0
1120.0 1181.0 1242.0
1120.0 1181.0 1242.0
1120.0 1181.0 1242.0
1120.0 1181.0 1242.0
1120.0 1181.0 1242.0
1120.0 1181.0 1242.0
1120.0 1181.0 1242.0
1120.0 1181.0 1242.0
1120.0 1181.0 1242.0
1120.0 1181.0 1242.0
1120.0 1181.0 1242.0
1120.0 1181.0 1242.0
1120.0 1181.0 1242.0
1120.0 1181.0 1242.0
1120.0 1181.0 1242.0
1120.0 1181.0 1242.0
1120.0 1181.0 1242.0
1120.0 1181.0 1242.0
1120.0 1181.0 1242.0
1120.0 1181.0 1242.0
1120.0 1181.0 1242.0
1120.0 1181.0 1242.0
1120.0 1181.0 1242.0
1120.0 1181.0 1242.0
1120.0 1181.0 1242.0
1120.0 1181.0 1242.0
1120.0 1181.0 1242.0
1120.0 1181.0 1242.0
1120.0 1181.0 1242.0
1120.0 1181.0 1242.0
1120.0 1181.0 1242.0
1120.0 1181.0 1242.0
1120.0 1181.0 1242.0
1120.0 1181.0 1242.0
1120.0 1181.0 1242.0
1120.0 1181.0 1242.0
1120.0 1181.0 1242.0
1120.0 1181.0 1242.0
1120.0 1181.0 1242.0
1120.0 1181.0 1242.0
1120.0 1181.0 1242.0
1120.0 1181.0 1242.0
1120.0 1181.0 1242.0
1120.0 1181.0 1242.0
