11596.0 12778.0 13960.0
10583.0 10995.0 11407.0
9199.0 9268.0 9337.0
7051.0 7422.0 7793.0
5456.0 5890.5 6325.0
5108.0 5318.0 5528.0
3642.0 3950.0 4258.0
3179.0 3410.5 3642.0
2238.0 2708.5 3179.0
1818.0 2028.0 2238.0
1661.0 1870.5 2080.0
1661.0 1870.5 2080.0
1661.0 1870.5 2080.0
1661.0 1870.5 2080.0
1661.0 1870.5 2080.0
1661.0 1870.5 2080.0
1661.0 1870.5 2080.0
1661.0 1870.5 2080.0
1661.0 1870.5 2080.0
1661.0 1870.5 2080.0
1661.0 1870.5 2080.0
1661.0 1870.5 2080.0
1661.0 1870.5 2080.0
1661.0 1870.5 2080.0
1661.0 1870.5 2080.0
1661.0 1870.5 2080.0
1661.0 1870.5 2080.0
1661.0 1870.5 2080.0
1661.0 1870.5 2080.0
1661.0 1870.5 2080.0
1661.0 1870.5 2080.0
1661.0 1870.5 2080.0
1661.0 1870.5 2080.0
1661.0 1870.5 2080.0
1661.0 1870.5 2080.0
1661.0 1870.5 2080.0
1661.0 1870.5 2080.0
1661.0 1870.5 2080.0
1661.0 1870.5 2080.0
1661.0 1870.5 2080.0
1661.0 1665.5 1670.0
1506.0 1583.5 1661.0
1478.0 1569.5 1661.0
1478.0 1569.5 1661.0
1478.0 1569.5 1661.0
1478.0 1569.5 1661.0
1478.0 1569.5 1661.0
1478.0 1569.5 1661.0
1478.0 1569.5 1661.0
1478.0 1569.5 1661.0
1478.0 1569.5 1661.0
1478.0 1569.5 1661.0
1478.0 1569.5 1661.0
1478.0 1569.5 1661.0
1478.0 1569.5 1661.0
1478.0 1569.5 1661.0
1478.0 1569.5 1661.0
1478.0 1569.5 1661.0
1478.0 1569.5 1661.0
1478.0 1569.5 1661.0
1478.0 1569.5 1661.0
1478.0 1569.5 1661.0
1478.0 1569.5 1661.0
1478.0 1569.5 1661.0
1478.0 1569.5 1661.0
1478.0 1569.5 1661.0
1478.0 1569.5 1661.0
1478.0 1569.5 1661.0
1478.0 1569.5 1661.0
1478.0 1569.5 1661.0
1478.0 1569.5 1661.0
1478.0 1569.5 1661.0
1478.0 1569.5 1661.0
1478.0 1569.5 1661.0
1478.0 1569.5 1661.0
1478.0 1569.5 1661.0
1478.0 1569.5 1661.0
1478.0 1569.5 1661.0
1478.0 1569.5 1661.0
1478.0 1569.5 1661.0
1478.0 1569.5 1661.0
1478.0 1569.5 1661.0
1478.0 1569.5 1661.0
1478.0 1569.5 1661.0
1478.0 1569.5 1661.0
1478.0 1569.5 1661.0
1478.0 1569.5 1661.0
1478.0 1569.5 1661.0
1478.0 1569.5 1661.0
1478.0 1569.5 1661.0
1478.0 1569.5 1661.0
1478.0 1569.5 1661.0
1478.0 1569.5 1661.0
1478.0 1569.5 1661.0
1478.0 1569.5 1661.0
1478.0 1569.5 1661.0
1478.0 1569.5 1661.0
1478.0 1569.5 1661.0
1478.0 1569.5 1661.0
1478.0 1569.5 1661.0
1478.0 1569.5 1661.0
1478.0 1569.5 1661.0
1478.0 1569.5 1661.0
1478.0 1569.5 1661.0
1478.0 1569.5 1661.0
1478.0 1569.5 1661.0
1478.0 1569.5 1661.0
1478.0 1569.5 1661.0
1478.0 1569.5 1661.0
1478.0 1569.5 1661.0
1478.0 1569.5 1661.0
1478.0 1569.5 1661.0
1478.0 1569.5 1661.0
1478.0 1569.5 1661.0
1478.0 1569.5 1661.0
1478.0 1569.5 1661.0
1478.0 1569.5 1661.0
1478.0 1569.5 1661.0
1478.0 1569.5 1661.0
1478.0 1569.5 1661.0
1478.0 1569.5 1661.0
1478.0 1569.5 1661.0
1478.0 1569.5 1661.0
1478.0 1569.5 1661.0
1478.0 1569.5 1661.0
1478.0 1569.5 1661.0
1478.0 1569.5 1661.0
1478.0 1569.5 1661.0
1478.0 1569.5 1661.0
1478.0 1569.5 1661.0
1478.0 1569.5 1661.0
1478.0 1569.5 1661.0
1478.0 1569.5 1661.0
1478.0 1569.5 1661.0
1478.0 1569.5 1661.0
1478.0 1569.5 1661.0
1478.0 1569.5 1661.0
1478.0 1569.5 1661.0
1478.0 1569.5 1661.0
1478.0 1569.5 1661.0
1478.0 1569.5 1661.0
1478.0 1569.5 1661.0
1478.0 1569.5 1661.0
1478.0 1569.5 1661.0
1478.0 1569.5 1661.0
1478.0 1569.5 1661.0
1478.0 1569.5 1661.0
1478.0 1569.5 1661.0
1478.0 1569.5 1661.0
1478.0 1569.5 1661.0
1478.0 1569.5 1661.0
1478.0 1569.5 1661.0
1478.0 1569.5 1661.0
1478.0 1569.5 1661.0
1478.0 1569.5 1661.0
1478.0 1569.5 1661.0
1478.0 1569.5 1661.0
1478.0 1569.5 1661.0
1478.0 1569.5 1661.0
1478.0 1569.5 1661.0
1478.0 1569.5 1661.0
1478.0 1569.5 1661.0
1478.0 1569.5 1661.0
1478.0 1569.5 1661.0
1478.0 1569.5 1661.0
1478.0 1569.5 1661.0
1478.0 1569.5 1661.0
1478.0 1569.5 1661.0
1478.0 1569.5 1661.0
1478.0 1569.5 1661.0
1478.0 1569.5 1661.0
1478.0 1569.5 1661.0
1478.0 1569.5 1661.0
1477.0 1477.5 1478.0
1477.0 1477.5 1478.0
1477.0 1477.5 1478.0
1477.0 1477.5 1478.0
1477.0 1477.5 1478.0
1477.0 1477.5 1478.0
1477.0 1477.5 1478.0
1477.0 1477.5 1478.0
1477.0 1477.5 1478.0
1477.0 1477.5 1478.0
1477.0 1477.5 1478.0
1477.0 1477.5 1478.0
1477.0 1477.5 1478.0
1477.0 1477.5 1478.0
1477.0 1477.5 1478.0
1477.0 1477.5 1478.0
1477.0 1477.5 1478.0
1477.0 1477.5 1478.0
1477.0 1477.5 1478.0
1477.0 1477.5 1478.0
1477.0 1477.5 1478.0
1477.0 1477.5 1478.0
1477.0 1477.5 1478.0
1477.0 1477.5 1478.0
1477.0 1477.5 1478.0
1477.0 1477.5 1478.0
1477.0 1477.5 1478.0
