13373.0 13444.0 13515.0
9046.0 10267.0 11488.0
9046.0 9731.0 10416.0
7080.0 7730.0 8380.0
5600.0 5744.0 5888.0
5150.0 5396.0 5642.0
4659.0 5118.5 5578.0
2461.0 2913.5 3366.0
2461.0 3150.5 3840.0
2461.0 2612.0 2763.0
2461.0 2612.0 2763.0
2461.0 2612.0 2763.0
2461.0 2612.0 2763.0
2461.0 2612.0 2763.0
2763.0 2889.5 3016.0
1151.0 1957.0 2763.0
1151.0 1957.0 2763.0
1151.0 1957.0 2763.0
1151.0 1957.0 2763.0
1151.0 1957.0 2763.0
1151.0 1957.0 2763.0
1151.0 1957.0 2763.0
1151.0 1957.0 2763.0
1151.0 1957.0 2763.0
1151.0 1957.0 2763.0
1151.0 1957.0 2763.0
1151.0 1957.0 2763.0
1151.0 1957.0 2763.0
1151.0 1957.0 2763.0
1151.0 1957.0 2763.0
1151.0 1957.0 2763.0
1151.0 1957.0 2763.0
1151.0 1957.0 2763.0
1151.0 1957.0 2763.0
1151.0 1957.0 2763.0
1151.0 1957.0 2763.0
1151.0 1957.0 2763.0
1151.0 1838.5 2526.0
1151.0 1535.5 1920.0
1151.0 1535.5 1920.0
1151.0 1535.5 1920.0
1151.0 1535.5 1920.0
1151.0 1535.5 1920.0
1151.0 1535.5 1920.0
1151.0 1535.5 1920.0
1151.0 1535.5 1920.0
1151.0 1535.5 1920.0
1151.0 1535.5 1920.0
1151.0 1535.5 1920.0
1151.0 1535.5 1920.0
1151.0 1535.5 1920.0
1151.0 1535.5 1920.0
1151.0 1535.5 1920.0
1151.0 1535.5 1920.0
1151.0 1535.5 1920.0
1151.0 1535.5 1920.0
1151.0 1535.5 1920.0
1151.0 1535.5 1920.0
1151.0 1535.5 1920.0
1151.0 1535.5 1920.0
1151.0 1535.5 1920.0
1151.0 1547.0 1943.0
1151.0 1547.0 1943.0
1151.0 1547.0 1943.0
1151.0 1547.0 1943.0
1151.0 1547.0 1943.0
1151.0 1547.0 1943.0
1151.0 1547.0 1943.0
1151.0 1547.0 1943.0
1151.0 1547.0 1943.0
1107.0 1129.0 1151.0
1107.0 1129.0 1151.0
1107.0 1129.0 1151.0
1107.0 1129.0 1151.0
1107.0 1129.0 1151.0
1107.0 1129.0 1151.0
1107.0 1129.0 1151.0
1107.0 1129.0 1151.0
1107.0 1129.0 1151.0
1107.0 1129.0 1151.0
1107.0 1129.0 1151.0
1107.0 1129.0 1151.0
1107.0 1129.0 1151.0
1107.0 1129.0 1151.0
1107.0 1129.0 1151.0
1107.0 1129.0 1151.0
1107.0 1129.0 1151.0
1107.0 1129.0 1151.0
1107.0 1129.0 1151.0
1107.0 1129.0 1151.0
1107.0 1129.0 1151.0
1107.0 1129.0 1151.0
1107.0 1129.0 1151.0
1107.0 1129.0 1151.0
1107.0 1129.0 1151.0
1107.0 1129.0 1151.0
1107.0 1129.0 1151.0
1107.0 1129.0 1151.0
1107.0 1129.0 1151.0
1107.0 1129.0 1151.0
1107.0 1129.0 1151.0
1107.0 1129.0 1151.0
1107.0 1129.0 1151.0
1107.0 1129.0 1151.0
1107.0 1129.0 1151.0
1107.0 1129.0 1151.0
1107.0 1129.0 1151.0
1107.0 1129.0 1151.0
1107.0 1129.0 1151.0
1107.0 1129.0 1151.0
1107.0 1129.0 1151.0
1107.0 1129.0 1151.0
1107.0 1129.0 1151.0
1107.0 1129.0 1151.0
1107.0 1129.0 1151.0
1107.0 1129.0 1151.0
1107.0 1129.0 1151.0
1107.0 1129.0 1151.0
1107.0 1129.0 1151.0
1107.0 1129.0 1151.0
1107.0 1129.0 1151.0
1107.0 1129.0 1151.0
1107.0 1129.0 1151.0
1107.0 1129.0 1151.0
1107.0 1129.0 1151.0
1107.0 1129.0 1151.0
1107.0 1129.0 1151.0
1107.0 1129.0 1151.0
1107.0 1129.0 1151.0
1107.0 1129.0 1151.0
1107.0 1129.0 1151.0
1107.0 1129.0 1151.0
1107.0 1129.0 1151.0
1107.0 1129.0 1151.0
1107.0 1129.0 1151.0
1107.0 1129.0 1151.0
1107.0 1129.0 1151.0
1107.0 1129.0 1151.0
1107.0 1129.0 1151.0
1107.0 1129.0 1151.0
1107.0 1129.0 1151.0
1107.0 1129.0 1151.0
1107.0 1129.0 1151.0
1107.0 1129.0 1151.0
1107.0 1129.0 1151.0
1107.0 1129.0 1151.0
1107.0 1129.0 1151.0
1107.0 1129.0 1151.0
1107.0 1129.0 1151.0
1107.0 1129.0 1151.0
1107.0 1129.0 1151.0
1107.0 1129.0 1151.0
1107.0 1129.0 1151.0
1107.0 1129.0 1151.0
1107.0 1129.0 1151.0
1107.0 1129.0 1151.0
1107.0 1129.0 1151.0
1107.0 1129.0 1151.0
1107.0 1129.0 1151.0
1107.0 1129.0 1151.0
1107.0 1129.0 1151.0
1107.0 1129.0 1151.0
1107.0 1129.0 1151.0
1107.0 1129.0 1151.0
1107.0 1129.0 1151.0
1107.0 1129.0 1151.0
1107.0 1129.0 1151.0
1107.0 1129.0 1151.0
1107.0 1129.0 1151.0
1107.0 1129.0 1151.0
1107.0 1129.0 1151.0
1107.0 1129.0 1151.0
1107.0 1129.0 1151.0
1107.0 1129.0 1151.0
1107.0 1129.0 1151.0
1107.0 1129.0 1151.0
1107.0 1129.0 1151.0
1107.0 1129.0 1151.0
1107.0 1129.0 1151.0
1107.0 1129.0 1151.0
1107.0 1129.0 1151.0
1107.0 1129.0 1151.0
1107.0 1129.0 1151.0
1107.0 1129.0 1151.0
1107.0 1129.0 1151.0
1107.0 1129.0 1151.0
1107.0 1129.0 1151.0
1107.0 1129.0 1151.0
1107.0 1129.0 1151.0
1107.0 1129.0 1151.0
1107.0 1129.0 1151.0
1107.0 1129.0 1151.0
1107.0 1129.0 1151.0
1107.0 1129.0 1151.0
1107.0 1129.0 1151.0
1107.0 1129.0 1151.0
1107.0 1129.0 1151.0
1107.0 1129.0 1151.0
1107.0 1129.0 1151.0
1107.0 1129.0 1151.0
