16263.0 16505.0 16747.0
12317.0 12845.5 13374.0
10594.0 10672.0 10750.0
10115.0 10128.5 10142.0
6604.0 8568.5 10533.0
6970.0 7199.5 7429.0
4151.0 4793.0 5435.0
4151.0 4254.0 4357.0
4028.0 4567.0 5106.0
3235.0 3531.5 3828.0
2975.0 3389.0 3803.0
2047.0 2412.0 2777.0
2047.0 2333.5 2620.0
2047.0 2333.5 2620.0
2047.0 2333.5 2620.0
2047.0 2333.5 2620.0
2047.0 2129.5 2212.0
2047.0 2129.5 2212.0
1367.0 1707.0 2047.0
1367.0 1707.0 2047.0
1367.0 1707.0 2047.0
1367.0 1707.0 2047.0
1367.0 1707.0 2047.0
1367.0 1707.0 2047.0
1367.0 1707.0 2047.0
1367.0 1707.0 2047.0
1367.0 1707.0 2047.0
1367.0 1707.0 2047.0
1367.0 1707.0 2047.0
1367.0 1707.0 2047.0
1367.0 1707.0 2047.0
1367.0 1707.0 2047.0
1367.0 1707.0 2047.0
1367.0 1692.5 2018.0
1367.0 1692.5 2018.0
1367.0 1798.0 2229.0
1367.0 1403.5 1440.0
1367.0 1403.5 1440.0
1367.0 1403.5 1440.0
1367.0 1403.5 1440.0
1367.0 1403.5 1440.0
1367.0 1403.5 1440.0
1367.0 1403.5 1440.0
1367.0 1403.5 1440.0
1367.0 1403.5 1440.0
1367.0 1403.5 1440.0
1367.0 1403.5 1440.0
1367.0 1403.5 1440.0
1367.0 1403.5 1440.0
1367.0 1403.5 1440.0
1367.0 1403.5 1440.0
1367.0 1403.5 1440.0
1367.0 1403.5 1440.0
1367.0 1403.5 1440.0
1367.0 1403.5 1440.0
1367.0 1403.5 1440.0
1367.0 1403.5 1440.0
1367.0 1403.5 1440.0
1367.0 1403.5 1440.0
1367.0 1403.5 1440.0
1367.0 1403.5 1440.0
1367.0 1403.5 1440.0
1367.0 1403.5 1440.0
1367.0 1403.5 1440.0
1367.0 1403.5 1440.0
1367.0 1403.5 1440.0
1367.0 1403.5 1440.0
1367.0 1403.5 1440.0
1367.0 1403.5 1440.0
1367.0 1403.5 1440.0
1367.0 1403.5 1440.0
1367.0 1403.5 1440.0
1367.0 1403.5 1440.0
1367.0 1403.5 1440.0
1367.0 1403.5 1440.0
1367.0 1403.5 1440.0
1367.0 1403.5 1440.0
1367.0 1403.5 1440.0
1367.0 1403.5 1440.0
1367.0 1403.5 1440.0
1367.0 1403.5 1440.0
1367.0 1403.5 1440.0
1367.0 1403.5 1440.0
1367.0 1403.5 1440.0
1367.0 1403.5 1440.0
1367.0 1403.5 1440.0
1367.0 1403.5 1440.0
1367.0 1403.5 1440.0
1367.0 1403.5 1440.0
1367.0 1403.5 1440.0
1367.0 1403.5 1440.0
1367.0 1403.5 1440.0
1367.0 1403.5 1440.0
1367.0 1403.5 1440.0
1367.0 1403.5 1440.0
1367.0 1403.5 1440.0
1367.0 1403.5 1440.0
1367.0 1403.5 1440.0
1367.0 1403.5 1440.0
1367.0 1403.5 1440.0
1367.0 1403.5 1440.0
1367.0 1403.5 1440.0
1367.0 1403.5 1440.0
1367.0 1403.5 1440.0
1367.0 1403.5 1440.0
1367.0 1403.5 1440.0
1367.0 1403.5 1440.0
1367.0 1403.5 1440.0
1367.0 1403.5 1440.0
1367.0 1403.5 1440.0
1367.0 1403.5 1440.0
1367.0 1403.5 1440.0
1367.0 1403.5 1440.0
1367.0 1403.5 1440.0
1367.0 1403.5 1440.0
1367.0 1403.5 1440.0
1367.0 1403.5 1440.0
1367.0 1403.5 1440.0
1367.0 1403.5 1440.0
1367.0 1403.5 1440.0
1367.0 1403.5 1440.0
1367.0 1403.5 1440.0
1367.0 1403.5 1440.0
1367.0 1403.5 1440.0
1367.0 1403.5 1440.0
1367.0 1403.5 1440.0
1367.0 1403.5 1440.0
1367.0 1403.5 1440.0
1367.0 1403.5 1440.0
1367.0 1403.5 1440.0
1367.0 1403.5 1440.0
1367.0 1403.5 1440.0
1367.0 1403.5 1440.0
1367.0 1403.5 1440.0
1367.0 1403.5 1440.0
1367.0 1403.5 1440.0
1367.0 1403.5 1440.0
1367.0 1403.5 1440.0
1367.0 1403.5 1440.0
1367.0 1403.5 1440.0
1367.0 1403.5 1440.0
1367.0 1403.5 1440.0
1367.0 1403.5 1440.0
1367.0 1403.5 1440.0
1367.0 1403.5 1440.0
1367.0 1403.5 1440.0
1367.0 1403.5 1440.0
1367.0 1403.5 1440.0
1367.0 1403.5 1440.0
1367.0 1403.5 1440.0
1367.0 1403.5 1440.0
1367.0 1403.5 1440.0
1367.0 1403.5 1440.0
1367.0 1403.5 1440.0
1367.0 1403.5 1440.0
1367.0 1403.5 1440.0
1367.0 1403.5 1440.0
1367.0 1403.5 1440.0
1367.0 1403.5 1440.0
1367.0 1403.5 1440.0
1367.0 1403.5 1440.0
1367.0 1403.5 1440.0
1367.0 1403.5 1440.0
1367.0 1403.5 1440.0
1367.0 1403.5 1440.0
1367.0 1403.5 1440.0
1367.0 1403.5 1440.0
1367.0 1403.5 1440.0
1367.0 1403.5 1440.0
1367.0 1403.5 1440.0
1367.0 1403.5 1440.0
1367.0 1403.5 1440.0
1367.0 1403.5 1440.0
1367.0 1403.5 1440.0
1367.0 1403.5 1440.0
1367.0 1403.5 1440.0
1367.0 1403.5 1440.0
1367.0 1403.5 1440.0
1367.0 1403.5 1440.0
1367.0 1403.5 1440.0
1367.0 1403.5 1440.0
1367.0 1403.5 1440.0
1367.0 1403.5 1440.0
1367.0 1403.5 1440.0
1367.0 1403.5 1440.0
1367.0 1403.5 1440.0
1367.0 1403.5 1440.0
1367.0 1403.5 1440.0
1367.0 1403.5 1440.0
1367.0 1403.5 1440.0
1367.0 1403.5 1440.0
1367.0 1403.5 1440.0
1367.0 1403.5 1440.0
1367.0 1403.5 1440.0
1367.0 1403.5 1440.0
1367.0 1403.5 1440.0
1367.0 1403.5 1440.0
1367.0 1403.5 1440.0
1367.0 1403.5 1440.0
1023.0 1195.0 1367.0
