13125.0 13826.5 14528.0
10633.0 11367.5 12102.0
10311.0 11209.5 12108.0
8453.0 8464.5 8476.0
7472.0 7654.0 7836.0
6530.0 7122.0 7714.0
4628.0 5124.0 5620.0
4190.0 5023.0 5856.0
2833.0 3542.0 4251.0
2666.0 2855.5 3045.0
2666.0 2855.5 3045.0
2666.0 2892.5 3119.0
2666.0 2892.0 3118.0
2666.0 2892.0 3118.0
2625.0 2645.5 2666.0
1802.0 2234.0 2666.0
1802.0 2234.0 2666.0
1802.0 2234.0 2666.0
1802.0 2234.0 2666.0
1802.0 2234.0 2666.0
1802.0 2234.0 2666.0
1802.0 2234.0 2666.0
1802.0 2234.0 2666.0
1802.0 2234.0 2666.0
1802.0 2234.0 2666.0
1802.0 2234.0 2666.0
1802.0 2234.0 2666.0
1802.0 2234.0 2666.0
1802.0 2234.0 2666.0
1802.0 2234.0 2666.0
1802.0 2234.0 2666.0
1802.0 2234.0 2666.0
1802.0 2234.0 2666.0
1802.0 2234.0 2666.0
1802.0 2234.0 2666.0
1802.0 2234.0 2666.0
1802.0 2234.0 2666.0
1802.0 2234.0 2666.0
1802.0 2234.0 2666.0
1802.0 2234.0 2666.0
1802.0 2005.5 2209.0
1802.0 2005.5 2209.0
1802.0 2005.5 2209.0
1802.0 2005.5 2209.0
1802.0 2005.5 2209.0
1802.0 2005.5 2209.0
1802.0 2005.5 2209.0
1802.0 2005.5 2209.0
1635.0 1922.0 2209.0
1240.0 1724.5 2209.0
1327.0 1768.0 2209.0
1327.0 1468.5 1610.0
1327.0 1468.5 1610.0
1327.0 1468.5 1610.0
1327.0 1468.5 1610.0
1327.0 1468.5 1610.0
1327.0 1468.5 1610.0
1327.0 1468.5 1610.0
1327.0 1468.5 1610.0
1327.0 1468.5 1610.0
1327.0 1468.5 1610.0
1327.0 1468.5 1610.0
1327.0 1468.5 1610.0
1327.0 1468.5 1610.0
1327.0 1468.5 1610.0
1327.0 1468.5 1610.0
1327.0 1468.5 1610.0
1327.0 1468.5 1610.0
1327.0 1468.5 1610.0
1327.0 1468.5 1610.0
1327.0 1468.5 1610.0
1327.0 1468.5 1610.0
1327.0 1468.5 1610.0
1327.0 1468.5 1610.0
1327.0 1468.5 1610.0
1327.0 1468.5 1610.0
1327.0 1468.5 1610.0
1327.0 1468.5 1610.0
1327.0 1468.5 1610.0
1327.0 1468.5 1610.0
1327.0 1468.5 1610.0
1327.0 1468.5 1610.0
1327.0 1468.5 1610.0
1327.0 1468.5 1610.0
1327.0 1468.5 1610.0
1327.0 1468.5 1610.0
1327.0 1468.5 1610.0
1327.0 1468.5 1610.0
1327.0 1468.5 1610.0
1327.0 1468.5 1610.0
1327.0 1468.5 1610.0
1327.0 1468.5 1610.0
1327.0 1468.5 1610.0
1327.0 1468.5 1610.0
1327.0 1468.5 1610.0
1327.0 1468.5 1610.0
1327.0 1468.5 1610.0
1327.0 1468.5 1610.0
1327.0 1468.5 1610.0
1327.0 1468.5 1610.0
1327.0 1468.5 1610.0
1327.0 1468.5 1610.0
1327.0 1468.5 1610.0
1327.0 1468.5 1610.0
1327.0 1561.0 1795.0
1327.0 1561.0 1795.0
1327.0 1561.0 1795.0
1327.0 1561.0 1795.0
1327.0 1561.0 1795.0
1327.0 1561.0 1795.0
1327.0 1561.0 1795.0
1327.0 1561.0 1795.0
1327.0 1561.0 1795.0
1327.0 1561.0 1795.0
1327.0 1561.0 1795.0
1327.0 1561.0 1795.0
1327.0 1561.0 1795.0
1327.0 1561.0 1795.0
1327.0 1561.0 1795.0
1327.0 1561.0 1795.0
1327.0 1561.0 1795.0
1327.0 1561.0 1795.0
1327.0 1561.0 1795.0
1327.0 1561.0 1795.0
1327.0 1561.0 1795.0
1327.0 1561.0 1795.0
1327.0 1561.0 1795.0
1327.0 1561.0 1795.0
1327.0 1561.0 1795.0
1327.0 1561.0 1795.0
1327.0 1561.0 1795.0
1327.0 1561.0 1795.0
1327.0 1561.0 1795.0
1327.0 1561.0 1795.0
1327.0 1561.0 1795.0
1327.0 1561.0 1795.0
1327.0 1561.0 1795.0
1327.0 1561.0 1795.0
1327.0 1561.0 1795.0
1327.0 1561.0 1795.0
1327.0 1561.0 1795.0
1327.0 1561.0 1795.0
1327.0 1561.0 1795.0
1327.0 1561.0 1795.0
1327.0 1561.0 1795.0
1327.0 1561.0 1795.0
1327.0 1561.0 1795.0
1327.0 1561.0 1795.0
1327.0 1561.0 1795.0
1327.0 1561.0 1795.0
1327.0 1561.0 1795.0
1327.0 1561.0 1795.0
1327.0 1561.0 1795.0
1327.0 1561.0 1795.0
1327.0 1561.0 1795.0
1032.0 1179.5 1327.0
1032.0 1179.5 1327.0
1032.0 1179.5 1327.0
1032.0 1179.5 1327.0
1032.0 1179.5 1327.0
1032.0 1179.5 1327.0
1032.0 1179.5 1327.0
1032.0 1179.5 1327.0
1032.0 1179.5 1327.0
1032.0 1179.5 1327.0
1032.0 1179.5 1327.0
1032.0 1179.5 1327.0
1032.0 1179.5 1327.0
1032.0 1179.5 1327.0
1032.0 1179.5 1327.0
1032.0 1179.5 1327.0
1032.0 1179.5 1327.0
1032.0 1179.5 1327.0
1032.0 1179.5 1327.0
1032.0 1179.5 1327.0
1032.0 1179.5 1327.0
1032.0 1179.5 1327.0
1032.0 1179.5 1327.0
1032.0 1179.5 1327.0
1032.0 1179.5 1327.0
1032.0 1179.5 1327.0
1032.0 1179.5 1327.0
1032.0 1179.5 1327.0
1032.0 1179.5 1327.0
1032.0 1179.5 1327.0
1032.0 1179.5 1327.0
1032.0 1179.5 1327.0
1032.0 1179.5 1327.0
1032.0 1179.5 1327.0
1032.0 1179.5 1327.0
1032.0 1179.5 1327.0
1032.0 1179.5 1327.0
1032.0 1179.5 1327.0
1032.0 1179.5 1327.0
1032.0 1179.5 1327.0
1032.0 1179.5 1327.0
1032.0 1179.5 1327.0
1032.0 1179.5 1327.0
1032.0 1179.5 1327.0
1032.0 1179.5 1327.0
