12574.0 12642.5 12711.0
9804.0 10195.5 10587.0
7343.0 7717.5 8092.0
5978.0 6263.5 6549.0
4657.0 5369.5 6082.0
3199.0 3821.5 4444.0
2597.0 2730.0 2863.0
2597.0 2617.0 2637.0
2023.0 2184.5 2346.0
2023.0 2070.0 2117.0
1486.0 1673.0 1860.0
1486.0 1673.0 1860.0
1486.0 1673.0 1860.0
1486.0 1663.5 1841.0
1486.0 1663.5 1841.0
1486.0 1687.0 1888.0
1486.0 1687.0 1888.0
1486.0 1687.0 1888.0
1486.0 1687.0 1888.0
1486.0 1687.0 1888.0
1486.0 1687.0 1888.0
1486.0 1687.0 1888.0
1486.0 1687.0 1888.0
1486.0 1687.0 1888.0
1273.0 1379.5 1486.0
1273.0 1379.5 1486.0
1273.0 1379.5 1486.0
1273.0 1379.5 1486.0
1273.0 1379.5 1486.0
1273.0 1379.5 1486.0
1273.0 1379.5 1486.0
1273.0 1379.5 1486.0
1273.0 1379.5 1486.0
1273.0 1379.5 1486.0
1273.0 1379.5 1486.0
1273.0 1379.5 1486.0
1273.0 1379.5 1486.0
1273.0 1379.5 1486.0
1273.0 1379.5 1486.0
1207.0 1240.0 1273.0
1207.0 1240.0 1273.0
953.0 1113.0 1273.0
953.0 1113.0 1273.0
953.0 1113.0 1273.0
953.0 1113.0 1273.0
953.0 1113.0 1273.0
953.0 1113.0 1273.0
953.0 1113.0 1273.0
953.0 1113.0 1273.0
953.0 1113.0 1273.0
953.0 1113.0 1273.0
953.0 1113.0 1273.0
953.0 1113.0 1273.0
953.0 1113.0 1273.0
953.0 1113.0 1273.0
953.0 1113.0 1273.0
953.0 1113.0 1273.0
953.0 1113.0 1273.0
953.0 1113.0 1273.0
953.0 1113.0 1273.0
953.0 1113.0 1273.0
953.0 1113.0 1273.0
953.0 1113.0 1273.0
953.0 1113.0 1273.0
953.0 1113.0 1273.0
953.0 1113.0 1273.0
953.0 1113.0 1273.0
953.0 1113.0 1273.0
953.0 1113.0 1273.0
953.0 1113.0 1273.0
953.0 1113.0 1273.0
953.0 1113.0 1273.0
953.0 1113.0 1273.0
953.0 1113.0 1273.0
953.0 1113.0 1273.0
953.0 1113.0 1273.0
953.0 1113.0 1273.0
953.0 1113.0 1273.0
953.0 1113.0 1273.0
953.0 1113.0 1273.0
953.0 1113.0 1273.0
953.0 1113.0 1273.0
953.0 1113.0 1273.0
953.0 1113.0 1273.0
953.0 1113.0 1273.0
953.0 1113.0 1273.0
953.0 1113.0 1273.0
953.0 1113.0 1273.0
953.0 1113.0 1273.0
953.0 1113.0 1273.0
953.0 1113.0 1273.0
953.0 1113.0 1273.0
953.0 1113.0 1273.0
953.0 1113.0 1273.0
953.0 1113.0 1273.0
953.0 1113.0 1273.0
953.0 1113.0 1273.0
953.0 1113.0 1273.0
953.0 1113.0 1273.0
953.0 1113.0 1273.0
953.0 1113.0 1273.0
953.0 1113.0 1273.0
953.0 1113.0 1273.0
953.0 1113.0 1273.0
953.0 1113.0 1273.0
953.0 1113.0 1273.0
953.0 1113.0 1273.0
953.0 1113.0 1273.0
953.0 1113.0 1273.0
953.0 1113.0 1273.0
953.0 1113.0 1273.0
953.0 1113.0 1273.0
953.0 1113.0 1273.0
953.0 1113.0 1273.0
953.0 1113.0 1273.0
953.0 1113.0 1273.0
953.0 1113.0 1273.0
953.0 1113.0 1273.0
953.0 1113.0 1273.0
953.0 1113.0 1273.0
953.0 1113.0 1273.0
953.0 1113.0 1273.0
953.0 1113.0 1273.0
953.0 1113.0 1273.0
953.0 1113.0 1273.0
953.0 1113.0 1273.0
953.0 1113.0 1273.0
953.0 1113.0 1273.0
953.0 1113.0 1273.0
953.0 1113.0 1273.0
953.0 1113.0 1273.0
953.0 1063.5 1174.0
953.0 1063.5 1174.0
953.0 1063.5 1174.0
953.0 1063.5 1174.0
953.0 1063.5 1174.0
953.0 1063.5 1174.0
953.0 1063.5 1174.0
953.0 1063.5 1174.0
953.0 1063.5 1174.0
953.0 1063.5 1174.0
953.0 1063.5 1174.0
953.0 1063.5 1174.0
953.0 1063.5 1174.0
953.0 1063.5 1174.0
953.0 1063.5 1174.0
953.0 1063.5 1174.0
953.0 1063.5 1174.0
953.0 1063.5 1174.0
953.0 1063.5 1174.0
953.0 1063.5 1174.0
953.0 1063.5 1174.0
953.0 1063.5 1174.0
953.0 1063.5 1174.0
953.0 1063.5 1174.0
953.0 1063.5 1174.0
953.0 1063.5 1174.0
953.0 1063.5 1174.0
953.0 1063.5 1174.0
953.0 1063.5 1174.0
953.0 1063.5 1174.0
953.0 1063.5 1174.0
953.0 1063.5 1174.0
953.0 1063.5 1174.0
953.0 1063.5 1174.0
953.0 1063.5 1174.0
953.0 1063.5 1174.0
953.0 1063.5 1174.0
953.0 1063.5 1174.0
953.0 1063.5 1174.0
953.0 1063.5 1174.0
953.0 1063.5 1174.0
953.0 1063.5 1174.0
953.0 1063.5 1174.0
953.0 1063.5 1174.0
953.0 1063.5 1174.0
953.0 1063.5 1174.0
953.0 1063.5 1174.0
953.0 1063.5 1174.0
953.0 1063.5 1174.0
953.0 1063.5 1174.0
953.0 1063.5 1174.0
953.0 1063.5 1174.0
953.0 1063.5 1174.0
953.0 1063.5 1174.0
953.0 1063.5 1174.0
953.0 1063.5 1174.0
953.0 1063.5 1174.0
953.0 1063.5 1174.0
953.0 1063.5 1174.0
953.0 1063.5 1174.0
953.0 1063.5 1174.0
953.0 1063.5 1174.0
953.0 1063.5 1174.0
953.0 1063.5 1174.0
953.0 1063.5 1174.0
953.0 1063.5 1174.0
953.0 1063.5 1174.0
953.0 1063.5 1174.0
953.0 1063.5 1174.0
