10752.0 11120.5 11489.0
10752.0 11077.5 11403.0
8779.0 9035.0 9291.0
6765.0 7178.5 7592.0
5252.0 5871.0 6490.0
4461.0 5142.5 5824.0
3116.0 4470.0 5824.0
3116.0 4470.0 5824.0
3037.0 4699.0 6361.0
2895.0 4628.0 6361.0
2895.0 4628.0 6361.0
2895.0 3892.0 4889.0
2895.0 3892.0 4889.0
2895.0 3892.0 4889.0
2895.0 3892.0 4889.0
2895.0 3892.0 4889.0
2895.0 3236.5 3578.0
2895.0 3278.5 3662.0
2895.0 3278.5 3662.0
2038.0 2466.5 2895.0
2038.0 2466.5 2895.0
2038.0 2466.5 2895.0
2038.0 2466.5 2895.0
1492.0 1765.0 2038.0
1492.0 1765.0 2038.0
1492.0 1765.0 2038.0
1492.0 1765.0 2038.0
1492.0 1765.0 2038.0
1492.0 1765.0 2038.0
1492.0 1765.0 2038.0
1492.0 1765.0 2038.0
1492.0 1765.0 2038.0
1492.0 1765.0 2038.0
1492.0 1765.0 2038.0
1492.0 1761.5 2031.0
1492.0 1664.0 1836.0
1492.0 1649.5 1807.0
1327.0 1409.5 1492.0
1327.0 1409.5 1492.0
1327.0 1409.5 1492.0
1327.0 1409.5 1492.0
1327.0 1409.5 1492.0
1327.0 1409.5 1492.0
1327.0 1409.5 1492.0
1327.0 1409.5 1492.0
1327.0 1409.5 1492.0
1327.0 1409.5 1492.0
1327.0 1409.5 1492.0
1327.0 1409.5 1492.0
1327.0 1409.5 1492.0
1327.0 1409.5 1492.0
1327.0 1409.5 1492.0
1327.0 1409.5 1492.0
1327.0 1409.5 1492.0
1327.0 1409.5 1492.0
1327.0 1409.5 1492.0
1327.0 1409.5 1492.0
1327.0 1409.5 1492.0
1327.0 1409.5 1492.0
1327.0 1409.5 1492.0
1327.0 1409.5 1492.0
1327.0 1409.5 1492.0
1327.0 1409.5 1492.0
1327.0 1409.5 1492.0
1327.0 1409.5 1492.0
1327.0 1409.5 1492.0
1327.0 1409.5 1492.0
1327.0 1409.5 1492.0
1327.0 1409.5 1492.0
1327.0 1409.5 1492.0
1327.0 1409.5 1492.0
1327.0 1409.5 1492.0
1327.0 1409.5 1492.0
1327.0 1409.5 1492.0
1327.0 1409.5 1492.0
1327.0 1409.5 1492.0
1327.0 1409.5 1492.0
1327.0 1409.5 1492.0
1327.0 1409.5 1492.0
1327.0 1409.5 1492.0
1327.0 1409.5 1492.0
1327.0 1409.5 1492.0
1327.0 1409.5 1492.0
1327.0 1409.5 1492.0
1327.0 1409.5 1492.0
1327.0 1409.5 1492.0
1327.0 1409.5 1492.0
1327.0 1409.5 1492.0
1327.0 1409.5 1492.0
1327.0 1409.5 1492.0
1327.0 1409.5 1492.0
1327.0 1409.5 1492.0
1327.0 1409.5 1492.0
1327.0 1409.5 1492.0
1327.0 1409.5 1492.0
1327.0 1409.5 1492.0
1327.0 1409.5 1492.0
1327.0 1409.5 1492.0
1327.0 1409.5 1492.0
1327.0 1409.5 1492.0
1327.0 1409.5 1492.0
1327.0 1409.5 1492.0
1327.0 1409.5 1492.0
1327.0 1409.5 1492.0
1327.0 1409.5 1492.0
1327.0 1409.5 1492.0
1327.0 1409.5 1492.0
1327.0 1409.5 1492.0
1327.0 1409.5 1492.0
1327.0 1409.5 1492.0
1327.0 1409.5 1492.0
1327.0 1409.5 1492.0
1327.0 1409.5 1492.0
1327.0 1409.5 1492.0
1327.0 1409.5 1492.0
1327.0 1409.5 1492.0
1327.0 1409.5 1492.0
1327.0 1409.5 1492.0
1327.0 1409.5 1492.0
1327.0 1409.5 1492.0
1327.0 1409.5 1492.0
1327.0 1409.5 1492.0
1327.0 1409.5 1492.0
1327.0 1409.5 1492.0
1327.0 1409.5 1492.0
1327.0 1409.5 1492.0
1327.0 1409.5 1492.0
1327.0 1409.5 1492.0
1327.0 1409.5 1492.0
1327.0 1409.5 1492.0
1327.0 1409.5 1492.0
1327.0 1409.5 1492.0
1327.0 1409.5 1492.0
1327.0 1409.5 1492.0
1327.0 1409.5 1492.0
1327.0 1409.5 1492.0
1327.0 1409.5 1492.0
1327.0 1409.5 1492.0
1327.0 1409.5 1492.0
1327.0 1409.5 1492.0
1327.0 1409.5 1492.0
1327.0 1409.5 1492.0
1327.0 1409.5 1492.0
1327.0 1409.5 1492.0
1327.0 1409.5 1492.0
1327.0 1409.5 1492.0
1327.0 1409.5 1492.0
1327.0 1409.5 1492.0
1327.0 1409.5 1492.0
1327.0 1409.5 1492.0
1327.0 1409.5 1492.0
1327.0 1409.5 1492.0
1327.0 1409.5 1492.0
1327.0 1409.5 1492.0
1327.0 1409.5 1492.0
1327.0 1409.5 1492.0
1327.0 1409.5 1492.0
1327.0 1409.5 1492.0
1327.0 1409.5 1492.0
1327.0 1409.5 1492.0
1327.0 1409.5 1492.0
1327.0 1409.5 1492.0
1327.0 1409.5 1492.0
1327.0 1409.5 1492.0
1327.0 1409.5 1492.0
1327.0 1409.5 1492.0
1327.0 1409.5 1492.0
1327.0 1409.5 1492.0
1327.0 1409.5 1492.0
1327.0 1409.5 1492.0
1327.0 1409.5 1492.0
1327.0 1409.5 1492.0
1327.0 1409.5 1492.0
1327.0 1409.5 1492.0
1327.0 1409.5 1492.0
1327.0 1409.5 1492.0
1327.0 1409.5 1492.0
1327.0 1409.5 1492.0
1327.0 1409.5 1492.0
1327.0 1409.5 1492.0
1327.0 1409.5 1492.0
1327.0 1409.5 1492.0
1327.0 1409.5 1492.0
1327.0 1409.5 1492.0
1327.0 1409.5 1492.0
1327.0 1409.5 1492.0
1327.0 1409.5 1492.0
1327.0 1409.5 1492.0
1327.0 1409.5 1492.0
1327.0 1409.5 1492.0
1327.0 1409.5 1492.0
1327.0 1409.5 1492.0
1327.0 1409.5 1492.0
1327.0 1409.5 1492.0
1327.0 1409.5 1492.0
1327.0 1409.5 1492.0
1327.0 1409.5 1492.0
1327.0 1409.5 1492.0
1327.0 1409.5 1492.0
1327.0 1409.5 1492.0
