14187.0 14979.0 15771.0
11716.0 12347.0 12978.0
9914.0 10588.0 11262.0
5941.0 6488.5 7036.0
4688.0 4974.0 5260.0
2636.0 3948.0 5260.0
2636.0 3160.5 3685.0
2195.0 2456.0 2717.0
2083.0 2306.5 2530.0
2083.0 2117.5 2152.0
2083.0 2117.5 2152.0
1556.0 1819.5 2083.0
1556.0 1819.5 2083.0
1556.0 1819.5 2083.0
1556.0 1819.5 2083.0
1556.0 1819.5 2083.0
1556.0 1819.5 2083.0
1556.0 1819.5 2083.0
1556.0 1819.5 2083.0
1556.0 1819.5 2083.0
1556.0 1819.5 2083.0
1556.0 1819.5 2083.0
1556.0 1819.5 2083.0
1556.0 1819.5 2083.0
1556.0 1819.5 2083.0
1556.0 1819.5 2083.0
1556.0 1819.5 2083.0
1556.0 1819.5 2083.0
1556.0 1819.5 2083.0
1556.0 1819.5 2083.0
1556.0 1819.5 2083.0
1556.0 1819.5 2083.0
1556.0 1819.5 2083.0
1556.0 1819.5 2083.0
1556.0 1819.5 2083.0
1556.0 1819.5 2083.0
1556.0 1819.5 2083.0
1556.0 1819.5 2083.0
1556.0 1819.5 2083.0
1556.0 1819.5 2083.0
1556.0 1819.5 2083.0
1556.0 1797.5 2039.0
1205.0 1380.5 1556.0
1205.0 1380.5 1556.0
1205.0 1380.5 1556.0
1205.0 1380.5 1556.0
1205.0 1380.5 1556.0
1205.0 1380.5 1556.0
1205.0 1380.5 1556.0
1205.0 1380.5 1556.0
1205.0 1380.5 1556.0
1205.0 1380.5 1556.0
1205.0 1380.5 1556.0
1205.0 1380.5 1556.0
1205.0 1380.5 1556.0
1205.0 1380.5 1556.0
1205.0 1380.5 1556.0
1205.0 1380.5 1556.0
1205.0 1380.5 1556.0
1205.0 1380.5 1556.0
1205.0 1380.5 1556.0
1205.0 1380.5 1556.0
1205.0 1380.5 1556.0
1205.0 1380.5 1556.0
1205.0 1380.5 1556.0
1205.0 1380.5 1556.0
1205.0 1380.5 1556.0
1205.0 1380.5 1556.0
1205.0 1380.5 1556.0
1205.0 1380.5 1556.0
1205.0 1380.5 1556.0
1205.0 1380.5 1556.0
1205.0 1380.5 1556.0
1205.0 1380.5 1556.0
1205.0 1380.5 1556.0
1205.0 1380.5 1556.0
1205.0 1380.5 1556.0
1205.0 1380.5 1556.0
1205.0 1380.5 1556.0
1205.0 1380.5 1556.0
1205.0 1380.5 1556.0
1205.0 1380.5 1556.0
1205.0 1380.5 1556.0
1205.0 1380.5 1556.0
1205.0 1380.5 1556.0
1205.0 1380.5 1556.0
1205.0 1380.5 1556.0
1205.0 1380.5 1556.0
1205.0 1380.5 1556.0
1205.0 1380.5 1556.0
1205.0 1380.5 1556.0
1205.0 1380.5 1556.0
1205.0 1380.5 1556.0
1205.0 1380.5 1556.0
1205.0 1380.5 1556.0
1205.0 1380.5 1556.0
1205.0 1380.5 1556.0
1205.0 1380.5 1556.0
1205.0 1380.5 1556.0
1205.0 1380.5 1556.0
1205.0 1380.5 1556.0
1205.0 1380.5 1556.0
1205.0 1380.5 1556.0
1205.0 1380.5 1556.0
1205.0 1380.5 1556.0
1205.0 1380.5 1556.0
1205.0 1380.5 1556.0
1205.0 1380.5 1556.0
1205.0 1380.5 1556.0
1205.0 1380.5 1556.0
1205.0 1380.5 1556.0
1205.0 1380.5 1556.0
1205.0 1380.5 1556.0
1205.0 1380.5 1556.0
1205.0 1380.5 1556.0
1205.0 1380.5 1556.0
1205.0 1380.5 1556.0
1205.0 1380.5 1556.0
1205.0 1380.5 1556.0
1205.0 1380.5 1556.0
1205.0 1380.5 1556.0
1205.0 1380.5 1556.0
1205.0 1380.5 1556.0
1205.0 1380.5 1556.0
1205.0 1380.5 1556.0
1205.0 1380.5 1556.0
1205.0 1380.5 1556.0
1205.0 1380.5 1556.0
1205.0 1380.5 1556.0
1205.0 1380.5 1556.0
1205.0 1380.5 1556.0
1205.0 1380.5 1556.0
1205.0 1380.5 1556.0
1205.0 1380.5 1556.0
1205.0 1380.5 1556.0
1205.0 1380.5 1556.0
1205.0 1380.5 1556.0
1205.0 1380.5 1556.0
1205.0 1380.5 1556.0
1205.0 1380.5 1556.0
1205.0 1380.5 1556.0
1205.0 1380.5 1556.0
1205.0 1380.5 1556.0
1205.0 1380.5 1556.0
1205.0 1380.5 1556.0
1205.0 1380.5 1556.0
1205.0 1380.5 1556.0
1205.0 1380.5 1556.0
1205.0 1380.5 1556.0
1205.0 1380.5 1556.0
1205.0 1380.5 1556.0
1205.0 1380.5 1556.0
1205.0 1380.5 1556.0
1205.0 1380.5 1556.0
1205.0 1380.5 1556.0
1205.0 1380.5 1556.0
1205.0 1380.5 1556.0
1205.0 1380.5 1556.0
1205.0 1380.5 1556.0
1205.0 1380.5 1556.0
1205.0 1380.5 1556.0
1205.0 1380.5 1556.0
1205.0 1380.5 1556.0
1205.0 1380.5 1556.0
1205.0 1380.5 1556.0
1205.0 1380.5 1556.0
1205.0 1380.5 1556.0
1205.0 1380.5 1556.0
1205.0 1380.5 1556.0
1205.0 1380.5 1556.0
1205.0 1380.5 1556.0
1205.0 1380.5 1556.0
1205.0 1380.5 1556.0
1205.0 1380.5 1556.0
1205.0 1380.5 1556.0
1205.0 1380.5 1556.0
1205.0 1380.5 1556.0
1205.0 1380.5 1556.0
1205.0 1380.5 1556.0
1205.0 1380.5 1556.0
1205.0 1380.5 1556.0
1205.0 1380.5 1556.0
1205.0 1380.5 1556.0
1205.0 1380.5 1556.0
1205.0 1380.5 1556.0
1205.0 1380.5 1556.0
1205.0 1380.5 1556.0
1205.0 1380.5 1556.0
1205.0 1380.5 1556.0
1205.0 1380.5 1556.0
1205.0 1380.5 1556.0
1205.0 1380.5 1556.0
1205.0 1380.5 1556.0
1205.0 1380.5 1556.0
1205.0 1380.5 1556.0
1205.0 1380.5 1556.0
1205.0 1380.5 1556.0
1205.0 1380.5 1556.0
1205.0 1380.5 1556.0
1205.0 1380.5 1556.0
