10387.0 11143.5 11900.0
7770.0 8690.0 9610.0
6594.0 6629.0 6664.0
4999.0 5831.5 6664.0
5229.0 5485.0 5741.0
2355.0 3510.0 4665.0
2355.0 3062.0 3769.0
2355.0 3062.0 3769.0
2355.0 2412.5 2470.0
2355.0 2412.5 2470.0
2355.0 2412.5 2470.0
1643.0 2056.5 2470.0
1643.0 2056.5 2470.0
1643.0 1783.0 1923.0
1643.0 1711.5 1780.0
1643.0 1711.5 1780.0
1579.0 1611.0 1643.0
1579.0 1611.0 1643.0
1408.0 1525.5 1643.0
1234.0 1438.5 1643.0
1234.0 1438.5 1643.0
1234.0 1438.5 1643.0
1234.0 1438.5 1643.0
1234.0 1438.5 1643.0
1234.0 1438.5 1643.0
1234.0 1438.5 1643.0
1234.0 1438.5 1643.0
1234.0 1438.5 1643.0
1234.0 1438.5 1643.0
1234.0 1438.5 1643.0
1234.0 1438.5 1643.0
1234.0 1438.5 1643.0
1234.0 1438.5 1643.0
1234.0 1438.5 1643.0
1234.0 1438.5 1643.0
1234.0 1438.5 1643.0
1234.0 1438.5 1643.0
1234.0 1438.5 1643.0
1234.0 1438.5 1643.0
1234.0 1438.5 1643.0
1234.0 1438.5 1643.0
1234.0 1438.5 1643.0
1234.0 1438.5 1643.0
1234.0 1438.5 1643.0
1234.0 1438.5 1643.0
1234.0 1438.5 1643.0
1234.0 1438.5 1643.0
1234.0 1438.5 1643.0
1234.0 1438.5 1643.0
1234.0 1438.5 1643.0
1234.0 1438.5 1643.0
1234.0 1438.5 1643.0
1234.0 1438.5 1643.0
1234.0 1438.5 1643.0
1234.0 1438.5 1643.0
1234.0 1438.5 1643.0
1234.0 1438.5 1643.0
1234.0 1438.5 1643.0
1234.0 1438.5 1643.0
1234.0 1438.5 1643.0
1234.0 1438.5 1643.0
1234.0 1438.5 1643.0
1234.0 1438.5 1643.0
1234.0 1438.5 1643.0
1234.0 1438.5 1643.0
1234.0 1438.5 1643.0
1234.0 1438.5 1643.0
1234.0 1438.5 1643.0
1234.0 1438.5 1643.0
1234.0 1438.5 1643.0
1234.0 1438.5 1643.0
1234.0 1353.0 1472.0
1234.0 1353.0 1472.0
1234.0 1353.0 1472.0
1234.0 1353.0 1472.0
1234.0 1350.5 1467.0
1234.0 1350.5 1467.0
964.0 1099.0 1234.0
964.0 1099.0 1234.0
964.0 1099.0 1234.0
964.0 1099.0 1234.0
964.0 1099.0 1234.0
964.0 1099.0 1234.0
964.0 1099.0 1234.0
964.0 1099.0 1234.0
964.0 1099.0 1234.0
964.0 1099.0 1234.0
964.0 1099.0 1234.0
964.0 1099.0 1234.0
964.0 1099.0 1234.0
964.0 1099.0 1234.0
964.0 1099.0 1234.0
964.0 1099.0 1234.0
964.0 1099.0 1234.0
964.0 1099.0 1234.0
964.0 1099.0 1234.0
964.0 1099.0 1234.0
964.0 1099.0 1234.0
964.0 1099.0 1234.0
964.0 1099.0 1234.0
964.0 1099.0 1234.0
964.0 1099.0 1234.0
964.0 1099.0 1234.0
964.0 1099.0 1234.0
964.0 1099.0 1234.0
964.0 1099.0 1234.0
964.0 1099.0 1234.0
964.0 1099.0 1234.0
964.0 1099.0 1234.0
964.0 1099.0 1234.0
964.0 1099.0 1234.0
964.0 1099.0 1234.0
964.0 1099.0 1234.0
964.0 1099.0 1234.0
964.0 1099.0 1234.0
964.0 1099.0 1234.0
964.0 1099.0 1234.0
964.0 1099.0 1234.0
964.0 1099.0 1234.0
964.0 1099.0 1234.0
964.0 1099.0 1234.0
964.0 1099.0 1234.0
964.0 1099.0 1234.0
964.0 1099.0 1234.0
964.0 1099.0 1234.0
964.0 1099.0 1234.0
964.0 1099.0 1234.0
964.0 1099.0 1234.0
964.0 1099.0 1234.0
964.0 1099.0 1234.0
964.0 1099.0 1234.0
964.0 1099.0 1234.0
964.0 1099.0 1234.0
964.0 1099.0 1234.0
964.0 1099.0 1234.0
964.0 1049.5 1135.0
964.0 1049.5 1135.0
964.0 1049.5 1135.0
964.0 1049.5 1135.0
964.0 1049.5 1135.0
964.0 1049.5 1135.0
964.0 1049.5 1135.0
964.0 1049.5 1135.0
964.0 1049.5 1135.0
964.0 1049.5 1135.0
964.0 1049.5 1135.0
964.0 1049.5 1135.0
964.0 1049.5 1135.0
964.0 1049.5 1135.0
964.0 1049.5 1135.0
964.0 1049.5 1135.0
964.0 1049.5 1135.0
964.0 1049.5 1135.0
964.0 1049.5 1135.0
964.0 1049.5 1135.0
964.0 1049.5 1135.0
964.0 1049.5 1135.0
964.0 1049.5 1135.0
964.0 1049.5 1135.0
964.0 1049.5 1135.0
964.0 1049.5 1135.0
964.0 1049.5 1135.0
964.0 1049.5 1135.0
964.0 1049.5 1135.0
964.0 1049.5 1135.0
964.0 1049.5 1135.0
964.0 1049.5 1135.0
964.0 1049.5 1135.0
964.0 1049.5 1135.0
964.0 1049.5 1135.0
964.0 1049.5 1135.0
964.0 1049.5 1135.0
964.0 1049.5 1135.0
964.0 1049.5 1135.0
964.0 1049.5 1135.0
964.0 1049.5 1135.0
964.0 1049.5 1135.0
964.0 1049.5 1135.0
964.0 1049.5 1135.0
964.0 1049.5 1135.0
964.0 1049.5 1135.0
964.0 1049.5 1135.0
964.0 1049.5 1135.0
964.0 1049.5 1135.0
964.0 1049.5 1135.0
964.0 1049.5 1135.0
964.0 1049.5 1135.0
964.0 1049.5 1135.0
964.0 1049.5 1135.0
964.0 1049.5 1135.0
964.0 1049.5 1135.0
964.0 1049.5 1135.0
964.0 1049.5 1135.0
964.0 1049.5 1135.0
964.0 975.0 986.0
964.0 975.0 986.0
964.0 975.0 986.0
964.0 975.0 986.0
964.0 975.0 986.0
964.0 975.0 986.0
