13488.0 14891.5 16295.0
9929.0 12926.0 15923.0
10440.0 11435.0 12430.0
6739.0 9361.5 11984.0
6428.0 6897.5 7367.0
6428.0 6897.5 7367.0
4400.0 4987.5 5575.0
3834.0 4451.5 5069.0
2575.0 3519.0 4463.0
2575.0 2847.0 3119.0
2575.0 2847.0 3119.0
2575.0 2847.0 3119.0
2575.0 2847.0 3119.0
2575.0 2847.0 3119.0
2575.0 2847.0 3119.0
2575.0 2847.0 3119.0
2575.0 2697.5 2820.0
2575.0 2585.0 2595.0
2575.0 2585.0 2595.0
2575.0 2585.0 2595.0
2575.0 2585.0 2595.0
2575.0 2585.0 2595.0
2575.0 2585.0 2595.0
2575.0 2585.0 2595.0
2595.0 2840.5 3086.0
2595.0 2663.5 2732.0
2204.0 2399.5 2595.0
2204.0 2399.5 2595.0
2204.0 2399.5 2595.0
2204.0 2245.5 2287.0
2204.0 2245.5 2287.0
2204.0 2245.5 2287.0
2204.0 2245.5 2287.0
2204.0 2245.5 2287.0
2204.0 2245.5 2287.0
2204.0 2245.5 2287.0
2204.0 2245.5 2287.0
2204.0 2245.5 2287.0
2204.0 2245.5 2287.0
2204.0 2245.5 2287.0
1681.0 1984.0 2287.0
1681.0 1984.0 2287.0
1681.0 1984.0 2287.0
1681.0 2040.5 2400.0
1681.0 2040.5 2400.0
1681.0 2040.5 2400.0
1681.0 2040.5 2400.0
1681.0 2040.5 2400.0
1681.0 2040.5 2400.0
1681.0 2040.5 2400.0
1681.0 2040.5 2400.0
1681.0 2040.5 2400.0
1681.0 2040.5 2400.0
1681.0 1895.5 2110.0
1681.0 1895.5 2110.0
1681.0 1895.5 2110.0
1681.0 1895.5 2110.0
1681.0 1895.5 2110.0
1681.0 1895.5 2110.0
1681.0 1895.5 2110.0
1681.0 1895.5 2110.0
1681.0 1895.5 2110.0
1681.0 1895.5 2110.0
1681.0 1895.5 2110.0
1681.0 1895.5 2110.0
1681.0 1895.5 2110.0
1681.0 1895.5 2110.0
1681.0 1895.5 2110.0
1681.0 1895.5 2110.0
1681.0 1895.5 2110.0
1681.0 1895.5 2110.0
1681.0 1895.5 2110.0
1681.0 1895.5 2110.0
1681.0 1895.5 2110.0
1681.0 1895.5 2110.0
1681.0 1895.5 2110.0
1681.0 1895.5 2110.0
1681.0 1895.5 2110.0
1681.0 1895.5 2110.0
1681.0 1895.5 2110.0
1681.0 1895.5 2110.0
1681.0 1895.5 2110.0
1681.0 1895.5 2110.0
1681.0 1895.5 2110.0
1681.0 1895.5 2110.0
1681.0 1895.5 2110.0
1681.0 1895.5 2110.0
1681.0 1895.5 2110.0
1681.0 1895.5 2110.0
1681.0 1895.5 2110.0
1681.0 1895.5 2110.0
1681.0 1895.5 2110.0
1681.0 1895.5 2110.0
1681.0 1895.5 2110.0
1681.0 1895.5 2110.0
1681.0 1895.5 2110.0
1681.0 1895.5 2110.0
1681.0 1895.5 2110.0
1681.0 1895.5 2110.0
1681.0 1895.5 2110.0
1681.0 1895.5 2110.0
1681.0 1895.5 2110.0
1681.0 1895.5 2110.0
1681.0 1895.5 2110.0
1681.0 1895.5 2110.0
1681.0 1895.5 2110.0
1681.0 1895.5 2110.0
1681.0 1895.5 2110.0
1681.0 1895.5 2110.0
1681.0 1895.5 2110.0
1681.0 1895.5 2110.0
1681.0 1895.5 2110.0
1681.0 1895.5 2110.0
1681.0 1895.5 2110.0
1681.0 1895.5 2110.0
1681.0 1895.5 2110.0
1681.0 1895.5 2110.0
1681.0 1895.5 2110.0
1681.0 1895.5 2110.0
1681.0 1895.5 2110.0
1681.0 1895.5 2110.0
1681.0 1895.5 2110.0
1681.0 1895.5 2110.0
1681.0 1895.5 2110.0
1681.0 1895.5 2110.0
1681.0 1895.5 2110.0
1681.0 1895.5 2110.0
1681.0 1895.5 2110.0
1681.0 1895.5 2110.0
1681.0 1895.5 2110.0
1406.0 1543.5 1681.0
1406.0 1543.5 1681.0
1406.0 1543.5 1681.0
1406.0 1543.5 1681.0
1406.0 1543.5 1681.0
1406.0 1543.5 1681.0
1406.0 1543.5 1681.0
1406.0 1543.5 1681.0
1406.0 1543.5 1681.0
1406.0 1543.5 1681.0
1406.0 1543.5 1681.0
1406.0 1543.5 1681.0
1406.0 1543.5 1681.0
1406.0 1543.5 1681.0
1406.0 1543.5 1681.0
1406.0 1543.5 1681.0
1406.0 1543.5 1681.0
1406.0 1543.5 1681.0
1406.0 1543.5 1681.0
1406.0 1543.5 1681.0
1406.0 1543.5 1681.0
1406.0 1543.5 1681.0
1406.0 1543.5 1681.0
1406.0 1543.5 1681.0
1406.0 1543.5 1681.0
1406.0 1543.5 1681.0
1406.0 1543.5 1681.0
1406.0 1543.5 1681.0
1406.0 1543.5 1681.0
1406.0 1543.5 1681.0
1406.0 1543.5 1681.0
1406.0 1543.5 1681.0
1406.0 1543.5 1681.0
1406.0 1543.5 1681.0
1406.0 1543.5 1681.0
1406.0 1543.5 1681.0
1406.0 1543.5 1681.0
1406.0 1543.5 1681.0
1406.0 1543.5 1681.0
1406.0 1543.5 1681.0
1406.0 1543.5 1681.0
1406.0 1543.5 1681.0
1406.0 1543.5 1681.0
1406.0 1543.5 1681.0
1406.0 1543.5 1681.0
1406.0 1543.5 1681.0
1406.0 1543.5 1681.0
1406.0 1543.5 1681.0
1406.0 1543.5 1681.0
1406.0 1543.5 1681.0
1406.0 1543.5 1681.0
1406.0 1543.5 1681.0
1406.0 1543.5 1681.0
1406.0 1543.5 1681.0
1406.0 1543.5 1681.0
1406.0 1543.5 1681.0
1406.0 1543.5 1681.0
1406.0 1543.5 1681.0
1406.0 1543.5 1681.0
1406.0 1543.5 1681.0
1406.0 1543.5 1681.0
1406.0 1543.5 1681.0
1406.0 1543.5 1681.0
1406.0 1543.5 1681.0
1406.0 1543.5 1681.0
1655.0 1668.0 1681.0
1655.0 1668.0 1681.0
1655.0 1668.0 1681.0
1655.0 1668.0 1681.0
1655.0 1668.0 1681.0
