12945.0 13445.0 13945.0
9795.0 11091.0 12387.0
7514.0 9231.0 10948.0
7390.0 7932.0 8474.0
5444.0 5874.5 6305.0
4703.0 5267.0 5831.0
2842.0 3724.5 4607.0
2842.0 3312.5 3783.0
2842.0 2863.5 2885.0
2842.0 2862.0 2882.0
3338.0 3344.5 3351.0
2960.0 3149.0 3338.0
3160.0 3249.0 3338.0
1691.0 1826.5 1962.0
1692.0 1827.0 1962.0
1692.0 1827.0 1962.0
1692.0 1827.0 1962.0
1692.0 1827.0 1962.0
1692.0 1827.0 1962.0
1621.0 1656.5 1692.0
1621.0 1656.5 1692.0
1585.0 1638.5 1692.0
1585.0 1638.5 1692.0
1585.0 1638.5 1692.0
1585.0 1638.5 1692.0
1585.0 1638.5 1692.0
1585.0 1638.5 1692.0
1585.0 1638.5 1692.0
1585.0 1638.5 1692.0
1585.0 1638.5 1692.0
1585.0 1638.5 1692.0
1413.0 1552.5 1692.0
1413.0 1552.5 1692.0
1413.0 1552.5 1692.0
1413.0 1552.5 1692.0
1413.0 1552.5 1692.0
1413.0 1552.5 1692.0
1413.0 1552.5 1692.0
1413.0 1552.5 1692.0
1413.0 1552.5 1692.0
1413.0 1552.5 1692.0
1413.0 1552.5 1692.0
1413.0 1552.5 1692.0
1413.0 1552.5 1692.0
1413.0 1552.5 1692.0
1413.0 1552.5 1692.0
1413.0 1552.5 1692.0
1413.0 1552.5 1692.0
1413.0 1552.5 1692.0
1413.0 1552.5 1692.0
1413.0 1552.5 1692.0
1413.0 1552.5 1692.0
1413.0 1552.5 1692.0
1413.0 1552.5 1692.0
1413.0 1552.5 1692.0
1413.0 1552.5 1692.0
1413.0 1552.5 1692.0
1413.0 1552.5 1692.0
1413.0 1552.5 1692.0
1413.0 1552.5 1692.0
1413.0 1552.5 1692.0
1413.0 1552.5 1692.0
1413.0 1552.5 1692.0
1413.0 1552.5 1692.0
1413.0 1552.5 1692.0
1413.0 1552.5 1692.0
1413.0 1552.5 1692.0
1413.0 1552.5 1692.0
1413.0 1552.5 1692.0
1413.0 1552.5 1692.0
1413.0 1552.5 1692.0
1413.0 1552.5 1692.0
1413.0 1552.5 1692.0
1413.0 1552.5 1692.0
1413.0 1552.5 1692.0
1413.0 1552.5 1692.0
1413.0 1552.5 1692.0
1413.0 1552.5 1692.0
1413.0 1552.5 1692.0
1413.0 1552.5 1692.0
1413.0 1552.5 1692.0
1413.0 1552.5 1692.0
1413.0 1552.5 1692.0
1413.0 1552.5 1692.0
1413.0 1552.5 1692.0
1413.0 1552.5 1692.0
1413.0 1552.5 1692.0
1413.0 1552.5 1692.0
1413.0 1552.5 1692.0
1413.0 1552.5 1692.0
1413.0 1552.5 1692.0
1413.0 1552.5 1692.0
1413.0 1552.5 1692.0
1413.0 1552.5 1692.0
1413.0 1552.5 1692.0
1413.0 1552.5 1692.0
1413.0 1552.5 1692.0
1413.0 1552.5 1692.0
1413.0 1552.5 1692.0
1413.0 1552.5 1692.0
1413.0 1552.5 1692.0
1413.0 1552.5 1692.0
1413.0 1552.5 1692.0
1413.0 1552.5 1692.0
1413.0 1552.5 1692.0
1413.0 1552.5 1692.0
1413.0 1552.5 1692.0
1413.0 1552.5 1692.0
1413.0 1552.5 1692.0
1413.0 1552.5 1692.0
1413.0 1552.5 1692.0
1413.0 1552.5 1692.0
1413.0 1552.5 1692.0
1413.0 1552.5 1692.0
1413.0 1552.5 1692.0
1413.0 1552.5 1692.0
1413.0 1552.5 1692.0
1413.0 1552.5 1692.0
1413.0 1552.5 1692.0
1413.0 1552.5 1692.0
1413.0 1552.5 1692.0
1413.0 1552.5 1692.0
1413.0 1552.5 1692.0
1413.0 1552.5 1692.0
1413.0 1552.5 1692.0
1413.0 1552.5 1692.0
1413.0 1552.5 1692.0
1413.0 1552.5 1692.0
1413.0 1552.5 1692.0
1413.0 1552.5 1692.0
1413.0 1552.5 1692.0
1413.0 1552.5 1692.0
1413.0 1552.5 1692.0
1413.0 1552.5 1692.0
1413.0 1552.5 1692.0
1413.0 1552.5 1692.0
1413.0 1552.5 1692.0
1413.0 1552.5 1692.0
1413.0 1552.5 1692.0
1413.0 1552.5 1692.0
1413.0 1552.5 1692.0
1413.0 1552.5 1692.0
1413.0 1552.5 1692.0
1413.0 1552.5 1692.0
1413.0 1552.5 1692.0
1413.0 1552.5 1692.0
1413.0 1552.5 1692.0
1413.0 1552.5 1692.0
1413.0 1552.5 1692.0
1413.0 1552.5 1692.0
1413.0 1552.5 1692.0
1413.0 1552.5 1692.0
1413.0 1552.5 1692.0
1413.0 1552.5 1692.0
1413.0 1552.5 1692.0
1413.0 1552.5 1692.0
1413.0 1552.5 1692.0
1413.0 1552.5 1692.0
1413.0 1552.5 1692.0
1413.0 1552.5 1692.0
1413.0 1552.5 1692.0
1413.0 1552.5 1692.0
1413.0 1552.5 1692.0
1413.0 1552.5 1692.0
1413.0 1552.5 1692.0
1413.0 1552.5 1692.0
1413.0 1552.5 1692.0
1413.0 1552.5 1692.0
1039.0 1226.0 1413.0
1039.0 1226.0 1413.0
1039.0 1226.0 1413.0
1039.0 1226.0 1413.0
1039.0 1226.0 1413.0
1039.0 1226.0 1413.0
1039.0 1226.0 1413.0
1039.0 1226.0 1413.0
1039.0 1226.0 1413.0
1039.0 1226.0 1413.0
1039.0 1226.0 1413.0
1039.0 1226.0 1413.0
1039.0 1226.0 1413.0
1039.0 1226.0 1413.0
1039.0 1226.0 1413.0
1039.0 1226.0 1413.0
1039.0 1226.0 1413.0
1039.0 1226.0 1413.0
1039.0 1226.0 1413.0
1039.0 1226.0 1413.0
1039.0 1226.0 1413.0
1039.0 1226.0 1413.0
1039.0 1226.0 1413.0
1039.0 1226.0 1413.0
1039.0 1226.0 1413.0
1039.0 1226.0 1413.0
1039.0 1226.0 1413.0
1039.0 1226.0 1413.0
1039.0 1226.0 1413.0
1039.0 1226.0 1413.0
1039.0 1226.0 1413.0
1039.0 1226.0 1413.0
