13053.0 13424.5 13796.0
10803.0 11256.5 11710.0
7718.0 8181.5 8645.0
6427.0 6817.0 7207.0
3271.0 4871.5 6472.0
3271.0 3895.0 4519.0
2940.0 3549.0 4158.0
2940.0 3311.0 3682.0
2932.0 3499.5 4067.0
2116.0 2266.0 2416.0
2116.0 2523.5 2931.0
1791.0 2361.0 2931.0
1791.0 1911.0 2031.0
1791.0 1911.0 2031.0
1791.0 1911.0 2031.0
1791.0 1911.0 2031.0
1791.0 1911.0 2031.0
1791.0 1911.0 2031.0
1791.0 1911.0 2031.0
1791.0 1911.0 2031.0
1791.0 1911.0 2031.0
1791.0 1911.0 2031.0
1791.0 1911.0 2031.0
1791.0 1811.0 1831.0
1380.0 1585.5 1791.0
1380.0 1585.5 1791.0
1380.0 1585.5 1791.0
1380.0 1585.5 1791.0
1380.0 1585.5 1791.0
1380.0 1585.5 1791.0
1380.0 1585.5 1791.0
1380.0 1585.5 1791.0
1380.0 1585.5 1791.0
1380.0 1585.5 1791.0
1380.0 1585.5 1791.0
1380.0 1585.5 1791.0
1380.0 1585.5 1791.0
1380.0 1585.5 1791.0
1380.0 1585.5 1791.0
1380.0 1585.5 1791.0
1380.0 1585.5 1791.0
1380.0 1585.5 1791.0
1380.0 1585.5 1791.0
1380.0 1498.0 1616.0
1380.0 1446.0 1512.0
1380.0 1454.5 1529.0
1380.0 1454.5 1529.0
1380.0 1454.5 1529.0
1380.0 1454.5 1529.0
1380.0 1454.5 1529.0
1380.0 1454.5 1529.0
1380.0 1454.5 1529.0
1380.0 1454.5 1529.0
1380.0 1454.5 1529.0
1380.0 1454.5 1529.0
1380.0 1454.5 1529.0
1380.0 1454.5 1529.0
1380.0 1454.5 1529.0
1380.0 1454.5 1529.0
1380.0 1454.5 1529.0
1380.0 1454.5 1529.0
1380.0 1454.5 1529.0
1380.0 1454.5 1529.0
1380.0 1454.5 1529.0
1380.0 1454.5 1529.0
1380.0 1454.5 1529.0
1380.0 1454.5 1529.0
1380.0 1454.5 1529.0
1380.0 1454.5 1529.0
1380.0 1454.5 1529.0
1380.0 1454.5 1529.0
1380.0 1454.5 1529.0
1380.0 1454.5 1529.0
1380.0 1454.5 1529.0
1380.0 1454.5 1529.0
1380.0 1454.5 1529.0
1380.0 1454.5 1529.0
1380.0 1454.5 1529.0
1380.0 1454.5 1529.0
1380.0 1454.5 1529.0
1380.0 1454.5 1529.0
1380.0 1454.5 1529.0
1380.0 1454.5 1529.0
1380.0 1454.5 1529.0
1380.0 1454.5 1529.0
1380.0 1454.5 1529.0
1380.0 1454.5 1529.0
1380.0 1454.5 1529.0
1380.0 1454.5 1529.0
1380.0 1454.5 1529.0
1380.0 1454.5 1529.0
1380.0 1454.5 1529.0
1380.0 1454.5 1529.0
1380.0 1454.5 1529.0
1380.0 1454.5 1529.0
1380.0 1454.5 1529.0
1380.0 1454.5 1529.0
1380.0 1454.5 1529.0
1380.0 1454.5 1529.0
1380.0 1454.5 1529.0
1380.0 1454.5 1529.0
1380.0 1454.5 1529.0
1380.0 1454.5 1529.0
1380.0 1454.5 1529.0
1380.0 1454.5 1529.0
1380.0 1454.5 1529.0
1380.0 1454.5 1529.0
1380.0 1454.5 1529.0
1337.0 1358.5 1380.0
1337.0 1358.5 1380.0
1337.0 1358.5 1380.0
1337.0 1358.5 1380.0
1337.0 1358.5 1380.0
1337.0 1358.5 1380.0
1337.0 1358.5 1380.0
1337.0 1358.5 1380.0
1337.0 1358.5 1380.0
1337.0 1358.5 1380.0
1337.0 1358.5 1380.0
1337.0 1358.5 1380.0
1337.0 1358.5 1380.0
1337.0 1358.5 1380.0
1337.0 1358.5 1380.0
1337.0 1358.5 1380.0
1337.0 1358.5 1380.0
1337.0 1358.5 1380.0
1337.0 1358.5 1380.0
1337.0 1358.5 1380.0
1337.0 1358.5 1380.0
1337.0 1358.5 1380.0
1337.0 1358.5 1380.0
1337.0 1358.5 1380.0
1337.0 1358.5 1380.0
1337.0 1358.5 1380.0
1337.0 1358.5 1380.0
1337.0 1358.5 1380.0
1337.0 1358.5 1380.0
1337.0 1358.5 1380.0
1337.0 1358.5 1380.0
1337.0 1358.5 1380.0
1337.0 1358.5 1380.0
1337.0 1358.5 1380.0
1337.0 1358.5 1380.0
1337.0 1358.5 1380.0
1337.0 1358.5 1380.0
1337.0 1358.5 1380.0
1337.0 1358.5 1380.0
1337.0 1358.5 1380.0
1337.0 1358.5 1380.0
1337.0 1358.5 1380.0
1337.0 1358.5 1380.0
1337.0 1358.5 1380.0
1337.0 1358.5 1380.0
1337.0 1358.5 1380.0
1337.0 1358.5 1380.0
1337.0 1358.5 1380.0
1337.0 1358.5 1380.0
1337.0 1358.5 1380.0
1337.0 1358.5 1380.0
1337.0 1358.5 1380.0
1337.0 1358.5 1380.0
1337.0 1358.5 1380.0
1337.0 1358.5 1380.0
1337.0 1358.5 1380.0
1337.0 1358.5 1380.0
1337.0 1358.5 1380.0
1337.0 1358.5 1380.0
1337.0 1358.5 1380.0
1337.0 1358.5 1380.0
1337.0 1358.5 1380.0
1337.0 1358.5 1380.0
1337.0 1358.5 1380.0
1337.0 1358.5 1380.0
1337.0 1358.5 1380.0
1337.0 1358.5 1380.0
1337.0 1358.5 1380.0
1337.0 1358.5 1380.0
1337.0 1358.5 1380.0
1337.0 1358.5 1380.0
1337.0 1358.5 1380.0
1337.0 1358.5 1380.0
1337.0 1358.5 1380.0
1337.0 1358.5 1380.0
1337.0 1358.5 1380.0
1337.0 1358.5 1380.0
1337.0 1358.5 1380.0
1337.0 1358.5 1380.0
1337.0 1358.5 1380.0
1337.0 1358.5 1380.0
1337.0 1358.5 1380.0
1337.0 1358.5 1380.0
1337.0 1358.5 1380.0
1337.0 1358.5 1380.0
1337.0 1358.5 1380.0
1337.0 1358.5 1380.0
1337.0 1358.5 1380.0
1337.0 1358.5 1380.0
1337.0 1358.5 1380.0
1337.0 1358.5 1380.0
1337.0 1358.5 1380.0
