9782.0 13673.5 17565.0
10743.0 12181.0 13619.0
7737.0 9479.5 11222.0
7060.0 8312.5 9565.0
3877.0 6615.0 9353.0
3816.0 5320.0 6824.0
3816.0 4269.5 4723.0
2515.0 2996.0 3477.0
2515.0 2996.0 3477.0
2515.0 2802.0 3089.0
2515.0 2681.5 2848.0
2504.0 2509.5 2515.0
1089.0 1603.0 2117.0
965.0 1426.5 1888.0
1068.0 1442.5 1817.0
965.0 1391.0 1817.0
1166.0 1491.5 1817.0
1070.0 1443.5 1817.0
1070.0 1443.5 1817.0
1070.0 1443.5 1817.0
1070.0 1443.5 1817.0
1070.0 1443.5 1817.0
1070.0 1443.5 1817.0
1070.0 1443.5 1817.0
1070.0 1443.5 1817.0
1070.0 1386.0 1702.0
1070.0 1386.0 1702.0
1042.0 1056.0 1070.0
1042.0 1056.0 1070.0
1042.0 1056.0 1070.0
1042.0 1056.0 1070.0
1042.0 1056.0 1070.0
1042.0 1056.0 1070.0
1042.0 1056.0 1070.0
1042.0 1056.0 1070.0
1042.0 1056.0 1070.0
1042.0 1056.0 1070.0
1042.0 1056.0 1070.0
1042.0 1056.0 1070.0
1042.0 1056.0 1070.0
1042.0 1056.0 1070.0
1042.0 1056.0 1070.0
1042.0 1056.0 1070.0
1042.0 1056.0 1070.0
1042.0 1056.0 1070.0
1042.0 1056.0 1070.0
1042.0 1056.0 1070.0
1042.0 1056.0 1070.0
1042.0 1056.0 1070.0
1042.0 1056.0 1070.0
1042.0 1056.0 1070.0
1042.0 1056.0 1070.0
1042.0 1056.0 1070.0
1042.0 1056.0 1070.0
1042.0 1056.0 1070.0
1042.0 1056.0 1070.0
1042.0 1056.0 1070.0
1042.0 1056.0 1070.0
1042.0 1056.0 1070.0
1042.0 1056.0 1070.0
1042.0 1056.0 1070.0
1042.0 1056.0 1070.0
1042.0 1056.0 1070.0
1042.0 1056.0 1070.0
1042.0 1056.0 1070.0
1042.0 1056.0 1070.0
1042.0 1056.0 1070.0
1042.0 1056.0 1070.0
1042.0 1056.0 1070.0
1042.0 1056.0 1070.0
1042.0 1056.0 1070.0
1042.0 1056.0 1070.0
1042.0 1056.0 1070.0
1042.0 1056.0 1070.0
1042.0 1056.0 1070.0
1042.0 1056.0 1070.0
1042.0 1056.0 1070.0
1042.0 1056.0 1070.0
1042.0 1056.0 1070.0
1042.0 1056.0 1070.0
1042.0 1056.0 1070.0
1042.0 1056.0 1070.0
1042.0 1056.0 1070.0
1042.0 1056.0 1070.0
1042.0 1056.0 1070.0
1042.0 1056.0 1070.0
1042.0 1056.0 1070.0
1042.0 1056.0 1070.0
1042.0 1056.0 1070.0
1042.0 1056.0 1070.0
1042.0 1056.0 1070.0
1042.0 1056.0 1070.0
1042.0 1056.0 1070.0
1042.0 1056.0 1070.0
1042.0 1056.0 1070.0
1042.0 1056.0 1070.0
1042.0 1056.0 1070.0
1042.0 1056.0 1070.0
1042.0 1056.0 1070.0
1042.0 1056.0 1070.0
1042.0 1056.0 1070.0
1042.0 1056.0 1070.0
1042.0 1056.0 1070.0
1042.0 1056.0 1070.0
1042.0 1056.0 1070.0
1042.0 1056.0 1070.0
1042.0 1056.0 1070.0
1042.0 1056.0 1070.0
1042.0 1056.0 1070.0
1042.0 1056.0 1070.0
1042.0 1056.0 1070.0
1042.0 1056.0 1070.0
1042.0 1056.0 1070.0
1042.0 1056.0 1070.0
1042.0 1056.0 1070.0
1042.0 1056.0 1070.0
1042.0 1056.0 1070.0
1042.0 1056.0 1070.0
1042.0 1056.0 1070.0
1042.0 1056.0 1070.0
1042.0 1056.0 1070.0
1042.0 1056.0 1070.0
1042.0 1056.0 1070.0
1042.0 1056.0 1070.0
1042.0 1056.0 1070.0
1042.0 1056.0 1070.0
1042.0 1056.0 1070.0
1042.0 1056.0 1070.0
1042.0 1056.0 1070.0
1042.0 1056.0 1070.0
1042.0 1056.0 1070.0
1042.0 1056.0 1070.0
1042.0 1056.0 1070.0
1042.0 1056.0 1070.0
1042.0 1056.0 1070.0
1042.0 1056.0 1070.0
1042.0 1056.0 1070.0
1042.0 1056.0 1070.0
1042.0 1056.0 1070.0
1042.0 1056.0 1070.0
1042.0 1056.0 1070.0
1042.0 1056.0 1070.0
1042.0 1056.0 1070.0
1042.0 1056.0 1070.0
1042.0 1056.0 1070.0
1042.0 1056.0 1070.0
1042.0 1056.0 1070.0
1042.0 1056.0 1070.0
1042.0 1056.0 1070.0
1042.0 1056.0 1070.0
1042.0 1056.0 1070.0
1042.0 1056.0 1070.0
1042.0 1056.0 1070.0
1042.0 1056.0 1070.0
1042.0 1056.0 1070.0
1042.0 1056.0 1070.0
1042.0 1056.0 1070.0
1042.0 1056.0 1070.0
1042.0 1056.0 1070.0
1042.0 1056.0 1070.0
1042.0 1056.0 1070.0
1042.0 1056.0 1070.0
1042.0 1056.0 1070.0
1042.0 1056.0 1070.0
1042.0 1056.0 1070.0
1042.0 1056.0 1070.0
1042.0 1056.0 1070.0
1042.0 1056.0 1070.0
1042.0 1056.0 1070.0
980.0 1025.0 1070.0
980.0 1025.0 1070.0
980.0 1025.0 1070.0
980.0 1025.0 1070.0
980.0 1025.0 1070.0
980.0 1025.0 1070.0
980.0 1025.0 1070.0
980.0 1025.0 1070.0
980.0 1025.0 1070.0
980.0 1025.0 1070.0
980.0 1025.0 1070.0
980.0 1025.0 1070.0
980.0 1025.0 1070.0
980.0 1025.0 1070.0
980.0 1025.0 1070.0
980.0 1025.0 1070.0
980.0 1025.0 1070.0
980.0 1025.0 1070.0
980.0 1025.0 1070.0
980.0 1025.0 1070.0
980.0 1025.0 1070.0
980.0 1025.0 1070.0
980.0 1025.0 1070.0
980.0 1025.0 1070.0
980.0 1025.0 1070.0
980.0 1025.0 1070.0
980.0 1025.0 1070.0
980.0 1025.0 1070.0
980.0 1025.0 1070.0
980.0 1025.0 1070.0
980.0 1025.0 1070.0
