14981.0 15036.5 15092.0
10555.0 11443.5 12332.0
8040.0 9619.5 11199.0
6779.0 9027.0 11275.0
6945.0 7700.0 8455.0
5464.0 6357.5 7251.0
4631.0 5545.0 6459.0
3329.0 4263.0 5197.0
3780.0 4488.5 5197.0
2211.0 3703.0 5195.0
2211.0 3066.5 3922.0
2211.0 2617.0 3023.0
2211.0 3194.0 4177.0
2211.0 3194.0 4177.0
2211.0 3194.0 4177.0
2211.0 2516.5 2822.0
2211.0 2516.5 2822.0
2211.0 2516.5 2822.0
2211.0 2516.5 2822.0
2439.0 2630.5 2822.0
2095.0 2458.5 2822.0
1803.0 2312.5 2822.0
1803.0 2312.5 2822.0
1803.0 2312.5 2822.0
1803.0 2312.5 2822.0
1803.0 2312.5 2822.0
1803.0 2312.5 2822.0
1803.0 2312.5 2822.0
1803.0 2312.5 2822.0
1803.0 2312.5 2822.0
1803.0 2312.5 2822.0
1803.0 2312.5 2822.0
1803.0 2312.5 2822.0
1803.0 2312.5 2822.0
1803.0 2312.5 2822.0
1803.0 2312.5 2822.0
1803.0 2312.5 2822.0
1803.0 2312.5 2822.0
1803.0 2312.5 2822.0
1803.0 2312.5 2822.0
1803.0 2312.5 2822.0
1842.0 2332.0 2822.0
1842.0 2332.0 2822.0
1842.0 2332.0 2822.0
1842.0 2332.0 2822.0
1842.0 2332.0 2822.0
1842.0 2332.0 2822.0
1842.0 2332.0 2822.0
1842.0 2332.0 2822.0
1842.0 2332.0 2822.0
1842.0 2332.0 2822.0
1842.0 2332.0 2822.0
1842.0 2332.0 2822.0
1842.0 2332.0 2822.0
1842.0 2332.0 2822.0
1842.0 2332.0 2822.0
1842.0 2332.0 2822.0
1842.0 2332.0 2822.0
1842.0 2332.0 2822.0
1842.0 2332.0 2822.0
1842.0 2332.0 2822.0
1842.0 2332.0 2822.0
1842.0 2332.0 2822.0
1842.0 2332.0 2822.0
1842.0 2332.0 2822.0
1842.0 2332.0 2822.0
1842.0 2332.0 2822.0
1842.0 2332.0 2822.0
1842.0 2332.0 2822.0
1842.0 2332.0 2822.0
1842.0 2332.0 2822.0
1842.0 2332.0 2822.0
1842.0 2332.0 2822.0
1842.0 2332.0 2822.0
1842.0 2332.0 2822.0
1842.0 2332.0 2822.0
1842.0 2332.0 2822.0
1842.0 2332.0 2822.0
1842.0 2332.0 2822.0
1842.0 2332.0 2822.0
1842.0 2332.0 2822.0
1842.0 2053.5 2265.0
1842.0 2053.5 2265.0
1842.0 1861.5 1881.0
1842.0 1861.5 1881.0
1842.0 1861.5 1881.0
1842.0 1861.5 1881.0
1842.0 2067.0 2292.0
1641.0 1741.5 1842.0
1641.0 1741.5 1842.0
1641.0 1741.5 1842.0
1641.0 1741.5 1842.0
1641.0 1741.5 1842.0
1641.0 1741.5 1842.0
1641.0 1741.5 1842.0
1641.0 1741.5 1842.0
1641.0 1741.5 1842.0
1641.0 1741.5 1842.0
1641.0 1741.5 1842.0
1641.0 1741.5 1842.0
1641.0 1741.5 1842.0
1641.0 1741.5 1842.0
1641.0 1741.5 1842.0
1641.0 1741.5 1842.0
1641.0 1741.5 1842.0
1641.0 1741.5 1842.0
1641.0 1741.5 1842.0
1641.0 1741.5 1842.0
1641.0 1741.5 1842.0
1641.0 1741.5 1842.0
1641.0 1741.5 1842.0
1641.0 1741.5 1842.0
1641.0 1741.5 1842.0
1641.0 1741.5 1842.0
1641.0 1741.5 1842.0
1641.0 1741.5 1842.0
1641.0 1741.5 1842.0
1641.0 1741.5 1842.0
1641.0 1741.5 1842.0
1641.0 1741.5 1842.0
1641.0 1741.5 1842.0
1641.0 1741.5 1842.0
1641.0 1741.5 1842.0
1641.0 1741.5 1842.0
1641.0 1741.5 1842.0
1641.0 1741.5 1842.0
1641.0 1741.5 1842.0
1641.0 1741.5 1842.0
1641.0 1741.5 1842.0
1641.0 1741.5 1842.0
1641.0 1741.5 1842.0
1641.0 1741.5 1842.0
1641.0 1741.5 1842.0
1641.0 1741.5 1842.0
1641.0 1741.5 1842.0
1641.0 1741.5 1842.0
1641.0 1741.5 1842.0
1641.0 1741.5 1842.0
1641.0 1741.5 1842.0
1641.0 1741.5 1842.0
1641.0 1741.5 1842.0
1641.0 1741.5 1842.0
1641.0 1777.5 1914.0
1359.0 1500.0 1641.0
1359.0 1500.0 1641.0
1359.0 1500.0 1641.0
1359.0 1500.0 1641.0
1359.0 1500.0 1641.0
1359.0 1500.0 1641.0
1359.0 1500.0 1641.0
1359.0 1500.0 1641.0
1359.0 1500.0 1641.0
1359.0 1500.0 1641.0
1359.0 1500.0 1641.0
1359.0 1500.0 1641.0
1359.0 1500.0 1641.0
1359.0 1500.0 1641.0
1359.0 1500.0 1641.0
1359.0 1500.0 1641.0
1359.0 1500.0 1641.0
1359.0 1500.0 1641.0
1359.0 1500.0 1641.0
1359.0 1500.0 1641.0
1359.0 1500.0 1641.0
1359.0 1500.0 1641.0
1359.0 1500.0 1641.0
1359.0 1500.0 1641.0
1359.0 1500.0 1641.0
1359.0 1500.0 1641.0
1359.0 1500.0 1641.0
1359.0 1500.0 1641.0
1359.0 1500.0 1641.0
1359.0 1500.0 1641.0
1359.0 1500.0 1641.0
1359.0 1469.5 1580.0
1359.0 1469.5 1580.0
1359.0 1469.5 1580.0
1359.0 1469.5 1580.0
1359.0 1469.5 1580.0
1359.0 1469.5 1580.0
1359.0 1469.5 1580.0
1359.0 1469.5 1580.0
1359.0 1469.5 1580.0
1359.0 1469.5 1580.0
1359.0 1469.5 1580.0
1359.0 1469.5 1580.0
1359.0 1469.5 1580.0
1359.0 1469.5 1580.0
1359.0 1469.5 1580.0
1359.0 1469.5 1580.0
1359.0 1469.5 1580.0
1359.0 1469.5 1580.0
1359.0 1469.5 1580.0
1359.0 1469.5 1580.0
1359.0 1469.5 1580.0
1359.0 1469.5 1580.0
1359.0 1469.5 1580.0
1359.0 1469.5 1580.0
1359.0 1469.5 1580.0
1359.0 1469.5 1580.0
