12074.0 12752.5 13431.0
8656.0 9062.0 9468.0
7087.0 7343.5 7600.0
5345.0 5572.0 5799.0
4374.0 4707.0 5040.0
3122.0 3593.5 4065.0
2609.0 2792.0 2975.0
2411.0 2705.0 2999.0
1955.0 2183.0 2411.0
1952.0 1953.5 1955.0
1494.0 1724.5 1955.0
1329.0 1406.0 1483.0
1329.0 1411.5 1494.0
1329.0 1411.5 1494.0
1266.0 1297.5 1329.0
1266.0 1297.5 1329.0
1087.0 1208.0 1329.0
1087.0 1208.0 1329.0
1087.0 1208.0 1329.0
1087.0 1208.0 1329.0
1087.0 1208.0 1329.0
1087.0 1208.0 1329.0
1087.0 1208.0 1329.0
1087.0 1208.0 1329.0
1087.0 1208.0 1329.0
1087.0 1208.0 1329.0
1087.0 1208.0 1329.0
1087.0 1208.0 1329.0
1087.0 1208.0 1329.0
1087.0 1208.0 1329.0
1087.0 1208.0 1329.0
1087.0 1208.0 1329.0
1087.0 1208.0 1329.0
1087.0 1208.0 1329.0
1087.0 1208.0 1329.0
1087.0 1208.0 1329.0
1087.0 1208.0 1329.0
1087.0 1208.0 1329.0
1087.0 1208.0 1329.0
1087.0 1208.0 1329.0
1087.0 1208.0 1329.0
1087.0 1208.0 1329.0
1087.0 1208.0 1329.0
1087.0 1208.0 1329.0
1087.0 1208.0 1329.0
1087.0 1109.0 1131.0
877.0 982.0 1087.0
877.0 982.0 1087.0
877.0 982.0 1087.0
877.0 982.0 1087.0
877.0 982.0 1087.0
877.0 982.0 1087.0
877.0 982.0 1087.0
877.0 982.0 1087.0
877.0 982.0 1087.0
877.0 982.0 1087.0
877.0 982.0 1087.0
877.0 982.0 1087.0
877.0 982.0 1087.0
877.0 982.0 1087.0
877.0 982.0 1087.0
877.0 982.0 1087.0
877.0 982.0 1087.0
877.0 982.0 1087.0
877.0 982.0 1087.0
877.0 982.0 1087.0
877.0 982.0 1087.0
877.0 982.0 1087.0
877.0 982.0 1087.0
877.0 982.0 1087.0
877.0 982.0 1087.0
877.0 982.0 1087.0
877.0 982.0 1087.0
877.0 982.0 1087.0
877.0 982.0 1087.0
877.0 982.0 1087.0
877.0 982.0 1087.0
877.0 982.0 1087.0
877.0 982.0 1087.0
877.0 982.0 1087.0
877.0 982.0 1087.0
877.0 982.0 1087.0
877.0 982.0 1087.0
877.0 982.0 1087.0
877.0 982.0 1087.0
877.0 982.0 1087.0
877.0 982.0 1087.0
877.0 982.0 1087.0
877.0 982.0 1087.0
877.0 982.0 1087.0
877.0 982.0 1087.0
877.0 982.0 1087.0
877.0 982.0 1087.0
877.0 982.0 1087.0
877.0 982.0 1087.0
877.0 982.0 1087.0
877.0 982.0 1087.0
877.0 982.0 1087.0
877.0 982.0 1087.0
877.0 982.0 1087.0
877.0 982.0 1087.0
877.0 982.0 1087.0
877.0 982.0 1087.0
877.0 982.0 1087.0
877.0 982.0 1087.0
877.0 982.0 1087.0
877.0 982.0 1087.0
877.0 982.0 1087.0
877.0 982.0 1087.0
877.0 982.0 1087.0
877.0 982.0 1087.0
877.0 982.0 1087.0
877.0 982.0 1087.0
877.0 982.0 1087.0
877.0 982.0 1087.0
877.0 982.0 1087.0
877.0 982.0 1087.0
877.0 982.0 1087.0
877.0 982.0 1087.0
877.0 982.0 1087.0
877.0 982.0 1087.0
877.0 982.0 1087.0
877.0 982.0 1087.0
877.0 982.0 1087.0
877.0 982.0 1087.0
877.0 982.0 1087.0
877.0 982.0 1087.0
877.0 982.0 1087.0
877.0 982.0 1087.0
877.0 982.0 1087.0
877.0 982.0 1087.0
877.0 982.0 1087.0
877.0 982.0 1087.0
877.0 982.0 1087.0
877.0 982.0 1087.0
877.0 982.0 1087.0
877.0 982.0 1087.0
877.0 982.0 1087.0
877.0 982.0 1087.0
877.0 982.0 1087.0
877.0 982.0 1087.0
877.0 982.0 1087.0
877.0 982.0 1087.0
877.0 982.0 1087.0
877.0 982.0 1087.0
877.0 982.0 1087.0
877.0 982.0 1087.0
877.0 982.0 1087.0
877.0 982.0 1087.0
877.0 982.0 1087.0
877.0 982.0 1087.0
877.0 982.0 1087.0
877.0 982.0 1087.0
877.0 982.0 1087.0
877.0 982.0 1087.0
877.0 982.0 1087.0
877.0 982.0 1087.0
877.0 982.0 1087.0
877.0 982.0 1087.0
877.0 982.0 1087.0
877.0 982.0 1087.0
877.0 982.0 1087.0
877.0 982.0 1087.0
877.0 982.0 1087.0
877.0 982.0 1087.0
877.0 982.0 1087.0
877.0 982.0 1087.0
877.0 982.0 1087.0
877.0 982.0 1087.0
877.0 982.0 1087.0
877.0 982.0 1087.0
877.0 982.0 1087.0
877.0 982.0 1087.0
877.0 982.0 1087.0
877.0 982.0 1087.0
877.0 982.0 1087.0
877.0 982.0 1087.0
877.0 982.0 1087.0
877.0 982.0 1087.0
877.0 982.0 1087.0
877.0 982.0 1087.0
877.0 982.0 1087.0
877.0 982.0 1087.0
877.0 982.0 1087.0
877.0 982.0 1087.0
877.0 982.0 1087.0
877.0 982.0 1087.0
877.0 982.0 1087.0
877.0 982.0 1087.0
877.0 982.0 1087.0
877.0 982.0 1087.0
877.0 982.0 1087.0
877.0 982.0 1087.0
877.0 982.0 1087.0
877.0 982.0 1087.0
877.0 982.0 1087.0
877.0 982.0 1087.0
877.0 982.0 1087.0
877.0 982.0 1087.0
877.0 982.0 1087.0
