10673.0 12421.5 14170.0
8181.0 8839.5 9498.0
8340.0 8534.0 8728.0
4806.0 5203.0 5600.0
3121.0 3718.0 4315.0
2274.0 3080.0 3886.0
2274.0 2474.0 2674.0
1301.0 1887.5 2474.0
1301.0 1662.0 2023.0
1513.0 1724.0 1935.0
1415.0 1464.0 1513.0
1021.0 1154.0 1287.0
1021.0 1154.0 1287.0
1022.0 1154.5 1287.0
1022.0 1154.5 1287.0
1022.0 1154.5 1287.0
1022.0 1154.5 1287.0
1022.0 1154.5 1287.0
1022.0 1154.5 1287.0
1022.0 1154.5 1287.0
1022.0 1154.5 1287.0
1022.0 1154.5 1287.0
1022.0 1154.5 1287.0
1022.0 1154.5 1287.0
1022.0 1154.5 1287.0
1022.0 1154.5 1287.0
1022.0 1154.5 1287.0
1022.0 1154.5 1287.0
1022.0 1154.5 1287.0
1022.0 1154.5 1287.0
1022.0 1154.5 1287.0
1022.0 1154.5 1287.0
1022.0 1154.5 1287.0
1022.0 1154.5 1287.0
1022.0 1154.5 1287.0
1022.0 1154.5 1287.0
1022.0 1154.5 1287.0
1022.0 1154.5 1287.0
1022.0 1154.5 1287.0
1022.0 1154.5 1287.0
1022.0 1154.5 1287.0
1022.0 1154.5 1287.0
1022.0 1154.5 1287.0
1022.0 1154.5 1287.0
1022.0 1154.5 1287.0
1022.0 1154.5 1287.0
1022.0 1154.5 1287.0
1022.0 1154.5 1287.0
1022.0 1154.5 1287.0
1022.0 1154.5 1287.0
1022.0 1154.5 1287.0
1022.0 1154.5 1287.0
1022.0 1154.5 1287.0
1022.0 1154.5 1287.0
1022.0 1154.5 1287.0
1022.0 1154.5 1287.0
1022.0 1154.5 1287.0
1022.0 1154.5 1287.0
1022.0 1154.5 1287.0
1022.0 1154.5 1287.0
1022.0 1154.5 1287.0
1022.0 1154.5 1287.0
1022.0 1154.5 1287.0
1022.0 1154.5 1287.0
1022.0 1154.5 1287.0
1022.0 1154.5 1287.0
1022.0 1154.5 1287.0
1022.0 1154.5 1287.0
1022.0 1154.5 1287.0
1022.0 1154.5 1287.0
1022.0 1154.5 1287.0
1022.0 1154.5 1287.0
1022.0 1154.5 1287.0
1022.0 1154.5 1287.0
1022.0 1154.5 1287.0
1022.0 1154.5 1287.0
1022.0 1154.5 1287.0
1022.0 1154.5 1287.0
1022.0 1154.5 1287.0
1022.0 1154.5 1287.0
1022.0 1154.5 1287.0
1022.0 1154.5 1287.0
1022.0 1154.5 1287.0
1022.0 1154.5 1287.0
1022.0 1154.5 1287.0
1022.0 1154.5 1287.0
1022.0 1154.5 1287.0
1022.0 1154.5 1287.0
1022.0 1154.5 1287.0
1022.0 1154.5 1287.0
1022.0 1154.5 1287.0
1022.0 1154.5 1287.0
1022.0 1229.0 1436.0
1022.0 1229.0 1436.0
1022.0 1229.0 1436.0
1022.0 1229.0 1436.0
1022.0 1229.0 1436.0
1022.0 1229.0 1436.0
1022.0 1229.0 1436.0
1022.0 1229.0 1436.0
1022.0 1229.0 1436.0
1022.0 1229.0 1436.0
1022.0 1229.0 1436.0
1022.0 1229.0 1436.0
1022.0 1229.0 1436.0
1022.0 1229.0 1436.0
1022.0 1229.0 1436.0
1022.0 1229.0 1436.0
1022.0 1229.0 1436.0
1022.0 1229.0 1436.0
1022.0 1229.0 1436.0
1022.0 1229.0 1436.0
1022.0 1229.0 1436.0
1022.0 1229.0 1436.0
1022.0 1229.0 1436.0
1022.0 1229.0 1436.0
1022.0 1229.0 1436.0
1022.0 1229.0 1436.0
1022.0 1229.0 1436.0
1022.0 1229.0 1436.0
1022.0 1229.0 1436.0
1022.0 1229.0 1436.0
1022.0 1229.0 1436.0
1022.0 1229.0 1436.0
1022.0 1229.0 1436.0
1022.0 1229.0 1436.0
1022.0 1229.0 1436.0
1022.0 1229.0 1436.0
1022.0 1229.0 1436.0
1022.0 1229.0 1436.0
1022.0 1229.0 1436.0
1022.0 1229.0 1436.0
1022.0 1229.0 1436.0
1022.0 1229.0 1436.0
1022.0 1229.0 1436.0
1022.0 1229.0 1436.0
1022.0 1229.0 1436.0
1022.0 1229.0 1436.0
1022.0 1229.0 1436.0
1022.0 1229.0 1436.0
1022.0 1229.0 1436.0
1022.0 1229.0 1436.0
1022.0 1229.0 1436.0
1022.0 1229.0 1436.0
1022.0 1229.0 1436.0
1022.0 1229.0 1436.0
1022.0 1229.0 1436.0
1022.0 1229.0 1436.0
1022.0 1229.0 1436.0
1022.0 1229.0 1436.0
1022.0 1229.0 1436.0
1022.0 1229.0 1436.0
1022.0 1229.0 1436.0
1022.0 1229.0 1436.0
1022.0 1229.0 1436.0
1022.0 1229.0 1436.0
1022.0 1229.0 1436.0
1022.0 1229.0 1436.0
1022.0 1229.0 1436.0
1022.0 1229.0 1436.0
1022.0 1229.0 1436.0
1022.0 1229.0 1436.0
1022.0 1229.0 1436.0
1022.0 1229.0 1436.0
1022.0 1229.0 1436.0
1022.0 1229.0 1436.0
1022.0 1229.0 1436.0
1022.0 1229.0 1436.0
1022.0 1229.0 1436.0
1022.0 1229.0 1436.0
1022.0 1229.0 1436.0
1022.0 1229.0 1436.0
1022.0 1238.5 1455.0
1022.0 1238.5 1455.0
1022.0 1238.5 1455.0
1022.0 1238.5 1455.0
1022.0 1238.5 1455.0
1022.0 1238.5 1455.0
1022.0 1238.5 1455.0
1022.0 1238.5 1455.0
1022.0 1238.5 1455.0
1022.0 1238.5 1455.0
1022.0 1238.5 1455.0
1022.0 1238.5 1455.0
1022.0 1238.5 1455.0
1022.0 1238.5 1455.0
1022.0 1238.5 1455.0
1022.0 1238.5 1455.0
1022.0 1238.5 1455.0
1022.0 1238.5 1455.0
1022.0 1238.5 1455.0
1022.0 1238.5 1455.0
1022.0 1238.5 1455.0
1022.0 1238.5 1455.0
1022.0 1238.5 1455.0
1022.0 1238.5 1455.0
1022.0 1238.5 1455.0
1022.0 1238.5 1455.0
1022.0 1238.5 1455.0
1022.0 1238.5 1455.0
