13699.0 13992.0 14285.0
10683.0 11255.0 11827.0
7139.0 7515.5 7892.0
6732.0 7689.0 8646.0
4036.0 4161.0 4286.0
3369.0 3787.0 4205.0
2146.0 3104.0 4062.0
2146.0 2528.5 2911.0
2405.0 2658.0 2911.0
1928.0 2087.5 2247.0
2037.0 2142.0 2247.0
1950.0 1993.5 2037.0
1698.0 1824.0 1950.0
1256.0 1751.5 2247.0
1256.0 1751.5 2247.0
1256.0 1377.5 1499.0
1256.0 1377.5 1499.0
1256.0 1377.5 1499.0
1256.0 1377.5 1499.0
1256.0 1377.5 1499.0
1256.0 1377.5 1499.0
1256.0 1377.5 1499.0
1256.0 1377.5 1499.0
1256.0 1377.5 1499.0
1217.0 1236.5 1256.0
1190.0 1223.0 1256.0
963.0 1109.5 1256.0
963.0 1109.5 1256.0
963.0 1109.5 1256.0
963.0 1109.5 1256.0
963.0 1109.5 1256.0
963.0 1109.5 1256.0
963.0 1109.5 1256.0
963.0 1109.5 1256.0
963.0 1109.5 1256.0
963.0 1109.5 1256.0
963.0 1109.5 1256.0
963.0 1109.5 1256.0
963.0 1109.5 1256.0
963.0 1109.5 1256.0
963.0 1109.5 1256.0
963.0 1109.5 1256.0
963.0 1109.5 1256.0
963.0 1109.5 1256.0
963.0 1109.5 1256.0
963.0 1109.5 1256.0
963.0 1109.5 1256.0
963.0 1109.5 1256.0
963.0 1109.5 1256.0
963.0 1109.5 1256.0
963.0 1109.5 1256.0
963.0 1109.5 1256.0
963.0 1109.5 1256.0
963.0 1109.5 1256.0
963.0 1109.5 1256.0
963.0 1109.5 1256.0
963.0 1109.5 1256.0
963.0 1109.5 1256.0
963.0 1109.5 1256.0
963.0 1109.5 1256.0
963.0 1109.5 1256.0
963.0 1109.5 1256.0
963.0 1109.5 1256.0
963.0 1109.5 1256.0
963.0 1109.5 1256.0
963.0 1109.5 1256.0
963.0 1109.5 1256.0
963.0 1109.5 1256.0
963.0 1109.5 1256.0
963.0 1109.5 1256.0
963.0 1109.5 1256.0
963.0 1109.5 1256.0
963.0 1109.5 1256.0
963.0 1109.5 1256.0
963.0 1109.5 1256.0
963.0 1109.5 1256.0
963.0 1109.5 1256.0
963.0 1109.5 1256.0
963.0 1109.5 1256.0
963.0 1109.5 1256.0
963.0 1109.5 1256.0
963.0 1109.5 1256.0
963.0 1109.5 1256.0
963.0 1109.5 1256.0
963.0 1109.5 1256.0
963.0 1109.5 1256.0
963.0 1109.5 1256.0
963.0 1109.5 1256.0
963.0 1109.5 1256.0
963.0 1109.5 1256.0
963.0 1109.5 1256.0
963.0 1109.5 1256.0
963.0 1109.5 1256.0
963.0 1109.5 1256.0
963.0 1109.5 1256.0
963.0 1109.5 1256.0
963.0 1109.5 1256.0
963.0 1109.5 1256.0
963.0 1109.5 1256.0
963.0 1109.5 1256.0
963.0 1109.5 1256.0
963.0 1109.5 1256.0
963.0 1109.5 1256.0
963.0 1109.5 1256.0
963.0 1109.5 1256.0
963.0 1109.5 1256.0
963.0 1109.5 1256.0
963.0 1109.5 1256.0
963.0 1109.5 1256.0
963.0 1109.5 1256.0
963.0 1109.5 1256.0
963.0 1109.5 1256.0
963.0 1109.5 1256.0
963.0 1109.5 1256.0
963.0 1109.5 1256.0
963.0 1109.5 1256.0
963.0 1109.5 1256.0
963.0 1109.5 1256.0
963.0 1109.5 1256.0
963.0 1109.5 1256.0
963.0 1109.5 1256.0
963.0 1109.5 1256.0
963.0 1109.5 1256.0
963.0 1109.5 1256.0
963.0 1109.5 1256.0
963.0 1109.5 1256.0
963.0 1109.5 1256.0
963.0 1109.5 1256.0
963.0 1109.5 1256.0
963.0 1109.5 1256.0
963.0 1109.5 1256.0
963.0 1109.5 1256.0
963.0 1109.5 1256.0
963.0 1109.5 1256.0
963.0 1109.5 1256.0
963.0 1109.5 1256.0
963.0 1109.5 1256.0
963.0 1109.5 1256.0
963.0 1109.5 1256.0
963.0 1109.5 1256.0
963.0 1109.5 1256.0
963.0 1109.5 1256.0
963.0 1109.5 1256.0
963.0 1109.5 1256.0
963.0 1109.5 1256.0
963.0 1109.5 1256.0
963.0 1109.5 1256.0
963.0 1109.5 1256.0
963.0 1109.5 1256.0
963.0 1109.5 1256.0
963.0 1109.5 1256.0
963.0 1109.5 1256.0
963.0 1109.5 1256.0
963.0 1109.5 1256.0
963.0 1109.5 1256.0
963.0 1109.5 1256.0
963.0 1109.5 1256.0
963.0 1109.5 1256.0
963.0 1109.5 1256.0
963.0 1109.5 1256.0
963.0 1109.5 1256.0
963.0 1109.5 1256.0
963.0 1109.5 1256.0
963.0 1109.5 1256.0
963.0 1109.5 1256.0
963.0 1109.5 1256.0
963.0 1109.5 1256.0
963.0 1109.5 1256.0
963.0 986.5 1010.0
808.0 885.5 963.0
808.0 885.5 963.0
808.0 885.5 963.0
808.0 885.5 963.0
808.0 885.5 963.0
808.0 885.5 963.0
808.0 885.5 963.0
808.0 885.5 963.0
808.0 885.5 963.0
808.0 885.5 963.0
808.0 885.5 963.0
808.0 885.5 963.0
808.0 885.5 963.0
808.0 885.5 963.0
808.0 885.5 963.0
808.0 885.5 963.0
808.0 885.5 963.0
808.0 885.5 963.0
808.0 885.5 963.0
808.0 885.5 963.0
808.0 885.5 963.0
808.0 885.5 963.0
808.0 885.5 963.0
808.0 885.5 963.0
808.0 885.5 963.0
808.0 885.5 963.0
808.0 885.5 963.0
808.0 885.5 963.0
808.0 885.5 963.0
808.0 885.5 963.0
808.0 885.5 963.0
