11071.0 12037.5 13004.0
10732.0 11601.0 12470.0
7002.0 8024.5 9047.0
8197.0 8366.5 8536.0
5547.0 5594.0 5641.0
3762.0 4044.5 4327.0
3294.0 4126.0 4958.0
3134.0 3214.0 3294.0
2851.0 2992.5 3134.0
2456.0 2589.5 2723.0
1651.0 2053.5 2456.0
1651.0 1784.0 1917.0
1651.0 1784.0 1917.0
1511.0 1581.0 1651.0
1511.0 1581.0 1651.0
1511.0 1581.0 1651.0
1511.0 1581.0 1651.0
1511.0 1581.0 1651.0
1511.0 1581.0 1651.0
1511.0 1581.0 1651.0
1511.0 1581.0 1651.0
1511.0 1581.0 1651.0
1511.0 1581.0 1651.0
1511.0 1700.0 1889.0
1511.0 1700.0 1889.0
1511.0 1700.0 1889.0
1511.0 1700.0 1889.0
1511.0 1700.0 1889.0
1511.0 1700.0 1889.0
1511.0 1700.0 1889.0
1511.0 1700.0 1889.0
1511.0 1700.0 1889.0
1511.0 1626.0 1741.0
1511.0 1626.0 1741.0
1511.0 1626.0 1741.0
1511.0 1626.0 1741.0
1511.0 1626.0 1741.0
1511.0 1626.0 1741.0
1511.0 1626.0 1741.0
1511.0 1626.0 1741.0
1511.0 1626.0 1741.0
1511.0 1626.0 1741.0
1511.0 1626.0 1741.0
1511.0 1626.0 1741.0
1511.0 1626.0 1741.0
1511.0 1626.0 1741.0
1511.0 1626.0 1741.0
1511.0 1626.0 1741.0
1511.0 1626.0 1741.0
1511.0 1626.0 1741.0
1511.0 1626.0 1741.0
1511.0 1626.0 1741.0
1511.0 1626.0 1741.0
1511.0 1626.0 1741.0
1511.0 1626.0 1741.0
1511.0 1626.0 1741.0
1511.0 1626.0 1741.0
1511.0 1626.0 1741.0
1511.0 1626.0 1741.0
1511.0 1626.0 1741.0
1511.0 1626.0 1741.0
1511.0 1626.0 1741.0
1511.0 1626.0 1741.0
1511.0 1626.0 1741.0
1511.0 1626.0 1741.0
1511.0 1626.0 1741.0
1511.0 1626.0 1741.0
1511.0 1626.0 1741.0
1511.0 1626.0 1741.0
1191.0 1351.0 1511.0
1021.0 1266.0 1511.0
1021.0 1266.0 1511.0
959.0 1235.0 1511.0
959.0 1235.0 1511.0
959.0 1235.0 1511.0
959.0 1235.0 1511.0
959.0 1235.0 1511.0
959.0 1235.0 1511.0
959.0 1235.0 1511.0
959.0 1235.0 1511.0
959.0 1235.0 1511.0
959.0 1235.0 1511.0
959.0 1235.0 1511.0
959.0 1235.0 1511.0
959.0 1235.0 1511.0
959.0 1235.0 1511.0
959.0 1235.0 1511.0
959.0 1235.0 1511.0
959.0 1235.0 1511.0
959.0 1235.0 1511.0
959.0 1235.0 1511.0
959.0 1235.0 1511.0
959.0 1235.0 1511.0
959.0 1235.0 1511.0
959.0 1235.0 1511.0
959.0 1235.0 1511.0
959.0 1235.0 1511.0
959.0 1235.0 1511.0
959.0 1235.0 1511.0
959.0 1235.0 1511.0
959.0 1235.0 1511.0
959.0 1235.0 1511.0
959.0 1235.0 1511.0
959.0 1235.0 1511.0
959.0 1235.0 1511.0
959.0 1235.0 1511.0
959.0 1141.0 1323.0
959.0 1141.0 1323.0
959.0 1141.0 1323.0
959.0 1141.0 1323.0
959.0 1141.0 1323.0
959.0 1141.0 1323.0
959.0 1141.0 1323.0
959.0 1141.0 1323.0
959.0 1141.0 1323.0
959.0 1141.0 1323.0
959.0 1141.0 1323.0
959.0 1141.0 1323.0
959.0 1141.0 1323.0
959.0 1141.0 1323.0
959.0 1141.0 1323.0
959.0 1141.0 1323.0
959.0 1141.0 1323.0
959.0 1141.0 1323.0
959.0 1141.0 1323.0
959.0 1141.0 1323.0
959.0 1141.0 1323.0
959.0 1141.0 1323.0
959.0 1141.0 1323.0
959.0 1141.0 1323.0
959.0 1141.0 1323.0
959.0 1141.0 1323.0
959.0 1141.0 1323.0
959.0 1141.0 1323.0
959.0 1141.0 1323.0
959.0 1141.0 1323.0
959.0 1141.0 1323.0
959.0 1141.0 1323.0
959.0 1141.0 1323.0
959.0 1141.0 1323.0
959.0 1141.0 1323.0
959.0 1141.0 1323.0
959.0 1141.0 1323.0
959.0 1141.0 1323.0
959.0 1141.0 1323.0
959.0 1141.0 1323.0
959.0 1141.0 1323.0
959.0 1141.0 1323.0
959.0 1141.0 1323.0
959.0 1141.0 1323.0
959.0 1141.0 1323.0
959.0 1141.0 1323.0
959.0 1141.0 1323.0
959.0 1141.0 1323.0
959.0 1141.0 1323.0
959.0 1141.0 1323.0
959.0 1141.0 1323.0
959.0 1141.0 1323.0
959.0 1141.0 1323.0
959.0 1141.0 1323.0
959.0 1141.0 1323.0
959.0 1141.0 1323.0
959.0 1141.0 1323.0
959.0 1141.0 1323.0
959.0 1141.0 1323.0
959.0 1141.0 1323.0
959.0 1141.0 1323.0
959.0 1141.0 1323.0
959.0 1141.0 1323.0
959.0 1141.0 1323.0
959.0 1141.0 1323.0
959.0 1141.0 1323.0
959.0 1141.0 1323.0
959.0 1141.0 1323.0
959.0 1141.0 1323.0
959.0 1141.0 1323.0
959.0 1141.0 1323.0
959.0 1141.0 1323.0
959.0 1141.0 1323.0
959.0 1141.0 1323.0
959.0 1141.0 1323.0
959.0 1141.0 1323.0
959.0 1141.0 1323.0
959.0 1141.0 1323.0
959.0 1141.0 1323.0
959.0 1141.0 1323.0
959.0 1141.0 1323.0
959.0 1141.0 1323.0
959.0 1141.0 1323.0
959.0 1141.0 1323.0
959.0 1141.0 1323.0
959.0 1141.0 1323.0
959.0 1141.0 1323.0
959.0 1141.0 1323.0
959.0 1141.0 1323.0
959.0 1141.0 1323.0
959.0 1141.0 1323.0
959.0 1141.0 1323.0
959.0 1141.0 1323.0
959.0 1141.0 1323.0
