5989.0 9333.5 12678.0
6450.0 7859.0 9268.0
6105.0 6531.0 6957.0
4030.0 5305.5 6581.0
4123.0 5082.5 6042.0
4123.0 5350.0 6577.0
3779.0 4401.0 5023.0
3779.0 3917.0 4055.0
2691.0 2893.0 3095.0
2691.0 2893.0 3095.0
1680.0 2084.0 2488.0
1680.0 1966.5 2253.0
1680.0 1966.5 2253.0
1680.0 1966.5 2253.0
1680.0 1966.5 2253.0
1680.0 1966.5 2253.0
1680.0 1966.5 2253.0
1680.0 1966.5 2253.0
1680.0 1966.5 2253.0
1680.0 1966.5 2253.0
1680.0 1966.5 2253.0
1680.0 1966.5 2253.0
1680.0 1789.0 1898.0
1680.0 1756.0 1832.0
1680.0 1756.0 1832.0
1680.0 1756.0 1832.0
1680.0 1756.0 1832.0
1680.0 1756.0 1832.0
1680.0 1756.0 1832.0
1680.0 1756.0 1832.0
1680.0 1756.0 1832.0
1680.0 1756.0 1832.0
1680.0 1756.0 1832.0
1680.0 1756.0 1832.0
1680.0 1756.0 1832.0
1680.0 1756.0 1832.0
1680.0 1756.0 1832.0
1341.0 1586.5 1832.0
1341.0 1586.5 1832.0
1076.0 1454.0 1832.0
1076.0 1454.0 1832.0
1076.0 1454.0 1832.0
1076.0 1454.0 1832.0
1076.0 1454.0 1832.0
1076.0 1454.0 1832.0
1076.0 1454.0 1832.0
1076.0 1454.0 1832.0
1076.0 1454.0 1832.0
1076.0 1454.0 1832.0
1076.0 1454.0 1832.0
1076.0 1454.0 1832.0
1076.0 1454.0 1832.0
1076.0 1454.0 1832.0
1076.0 1454.0 1832.0
1076.0 1454.0 1832.0
1076.0 1454.0 1832.0
1076.0 1454.0 1832.0
1076.0 1454.0 1832.0
1076.0 1454.0 1832.0
1076.0 1454.0 1832.0
1076.0 1454.0 1832.0
1076.0 1454.0 1832.0
1076.0 1454.0 1832.0
1076.0 1454.0 1832.0
1076.0 1454.0 1832.0
1076.0 1454.0 1832.0
1076.0 1454.0 1832.0
1076.0 1454.0 1832.0
1076.0 1454.0 1832.0
1076.0 1454.0 1832.0
1076.0 1454.0 1832.0
1076.0 1454.0 1832.0
1076.0 1454.0 1832.0
1076.0 1454.0 1832.0
1076.0 1454.0 1832.0
1076.0 1454.0 1832.0
1076.0 1454.0 1832.0
1076.0 1454.0 1832.0
1076.0 1454.0 1832.0
1076.0 1454.0 1832.0
1076.0 1454.0 1832.0
1076.0 1454.0 1832.0
1076.0 1454.0 1832.0
1076.0 1454.0 1832.0
1076.0 1454.0 1832.0
1076.0 1454.0 1832.0
1076.0 1454.0 1832.0
1076.0 1454.0 1832.0
1076.0 1454.0 1832.0
1076.0 1454.0 1832.0
1076.0 1454.0 1832.0
1076.0 1454.0 1832.0
1076.0 1454.0 1832.0
1076.0 1454.0 1832.0
1076.0 1454.0 1832.0
1076.0 1454.0 1832.0
1076.0 1454.0 1832.0
1076.0 1454.0 1832.0
1076.0 1454.0 1832.0
1076.0 1454.0 1832.0
1076.0 1454.0 1832.0
1076.0 1454.0 1832.0
1076.0 1454.0 1832.0
1076.0 1454.0 1832.0
1076.0 1454.0 1832.0
1076.0 1454.0 1832.0
1076.0 1454.0 1832.0
1076.0 1454.0 1832.0
1076.0 1454.0 1832.0
1076.0 1454.0 1832.0
1076.0 1454.0 1832.0
1076.0 1454.0 1832.0
1076.0 1454.0 1832.0
1076.0 1454.0 1832.0
1076.0 1454.0 1832.0
1076.0 1454.0 1832.0
1076.0 1454.0 1832.0
1076.0 1454.0 1832.0
1076.0 1454.0 1832.0
1076.0 1454.0 1832.0
1076.0 1454.0 1832.0
1076.0 1454.0 1832.0
1076.0 1454.0 1832.0
1076.0 1454.0 1832.0
1076.0 1454.0 1832.0
1076.0 1454.0 1832.0
1076.0 1454.0 1832.0
1076.0 1454.0 1832.0
1076.0 1454.0 1832.0
1076.0 1454.0 1832.0
1076.0 1454.0 1832.0
1076.0 1454.0 1832.0
1076.0 1454.0 1832.0
1076.0 1454.0 1832.0
1076.0 1454.0 1832.0
1076.0 1454.0 1832.0
1076.0 1454.0 1832.0
1076.0 1454.0 1832.0
1076.0 1454.0 1832.0
1076.0 1454.0 1832.0
1076.0 1454.0 1832.0
1076.0 1454.0 1832.0
1076.0 1454.0 1832.0
1076.0 1454.0 1832.0
1076.0 1454.0 1832.0
1076.0 1454.0 1832.0
1076.0 1454.0 1832.0
1076.0 1454.0 1832.0
1076.0 1454.0 1832.0
1076.0 1454.0 1832.0
1076.0 1454.0 1832.0
1076.0 1454.0 1832.0
1076.0 1454.0 1832.0
1076.0 1454.0 1832.0
1076.0 1454.0 1832.0
1076.0 1454.0 1832.0
1076.0 1454.0 1832.0
1076.0 1289.5 1503.0
1076.0 1289.5 1503.0
1076.0 1289.5 1503.0
1076.0 1289.5 1503.0
1076.0 1289.5 1503.0
1076.0 1289.5 1503.0
1076.0 1289.5 1503.0
1076.0 1289.5 1503.0
1076.0 1289.5 1503.0
1076.0 1289.5 1503.0
1076.0 1289.5 1503.0
1076.0 1289.5 1503.0
1076.0 1289.5 1503.0
1076.0 1289.5 1503.0
1076.0 1289.5 1503.0
1076.0 1289.5 1503.0
1076.0 1289.5 1503.0
1076.0 1289.5 1503.0
1076.0 1289.5 1503.0
1076.0 1289.5 1503.0
1076.0 1289.5 1503.0
1076.0 1289.5 1503.0
1076.0 1289.5 1503.0
1076.0 1289.5 1503.0
1076.0 1289.5 1503.0
1076.0 1289.5 1503.0
1076.0 1289.5 1503.0
1076.0 1289.5 1503.0
1076.0 1289.5 1503.0
1076.0 1289.5 1503.0
1076.0 1289.5 1503.0
1076.0 1289.5 1503.0
1076.0 1289.5 1503.0
1076.0 1289.5 1503.0
1076.0 1289.5 1503.0
1076.0 1289.5 1503.0
1076.0 1289.5 1503.0
1076.0 1289.5 1503.0
1076.0 1289.5 1503.0
1076.0 1289.5 1503.0
1076.0 1289.5 1503.0
1076.0 1289.5 1503.0
1076.0 1289.5 1503.0
