13491.0 15204.5 16918.0
9606.0 10593.0 11580.0
10267.0 10923.5 11580.0
8611.0 9886.0 11161.0
8611.0 8681.0 8751.0
7621.0 8561.0 9501.0
5018.0 5897.0 6776.0
5351.0 5433.5 5516.0
3155.0 4233.0 5311.0
3155.0 4233.0 5311.0
3155.0 4233.0 5311.0
3155.0 3874.5 4594.0
2915.0 3423.0 3931.0
2915.0 3276.5 3638.0
2915.0 3008.5 3102.0
2915.0 3105.0 3295.0
2915.0 3105.0 3295.0
2915.0 3105.0 3295.0
2915.0 3105.0 3295.0
2566.0 2740.5 2915.0
2875.0 2895.0 2915.0
2875.0 2895.0 2915.0
2875.0 2895.0 2915.0
2156.0 2515.5 2875.0
2156.0 2515.5 2875.0
2156.0 2515.5 2875.0
2156.0 2515.5 2875.0
2156.0 2515.5 2875.0
2156.0 2515.5 2875.0
2156.0 2515.5 2875.0
2156.0 2515.5 2875.0
2156.0 2515.5 2875.0
2156.0 2515.5 2875.0
2156.0 2515.5 2875.0
2156.0 2515.5 2875.0
2156.0 2515.5 2875.0
2156.0 2515.5 2875.0
2156.0 2515.5 2875.0
1833.0 1994.5 2156.0
2041.0 2098.5 2156.0
1912.0 2034.0 2156.0
1912.0 2034.0 2156.0
1912.0 2034.0 2156.0
1912.0 2034.0 2156.0
1912.0 2034.0 2156.0
1912.0 2034.0 2156.0
1912.0 2034.0 2156.0
1912.0 2034.0 2156.0
1912.0 2034.0 2156.0
1912.0 2034.0 2156.0
1912.0 2034.0 2156.0
1912.0 2034.0 2156.0
1912.0 2034.0 2156.0
1912.0 2034.0 2156.0
1912.0 2034.0 2156.0
1912.0 2034.0 2156.0
1912.0 2034.0 2156.0
1764.0 1960.0 2156.0
1764.0 1960.0 2156.0
1764.0 1960.0 2156.0
1182.0 1473.0 1764.0
1182.0 1473.0 1764.0
1182.0 1473.0 1764.0
1182.0 1473.0 1764.0
1182.0 1473.0 1764.0
1182.0 1473.0 1764.0
1182.0 1473.0 1764.0
1182.0 1473.0 1764.0
1182.0 1473.0 1764.0
1182.0 1473.0 1764.0
1182.0 1473.0 1764.0
1182.0 1473.0 1764.0
1182.0 1264.5 1347.0
1182.0 1264.5 1347.0
1182.0 1264.5 1347.0
1182.0 1264.5 1347.0
1182.0 1264.5 1347.0
1182.0 1264.5 1347.0
1182.0 1264.5 1347.0
1182.0 1264.5 1347.0
1182.0 1264.5 1347.0
1182.0 1264.5 1347.0
1182.0 1264.5 1347.0
1182.0 1264.5 1347.0
1182.0 1264.5 1347.0
1182.0 1264.5 1347.0
1182.0 1264.5 1347.0
1182.0 1264.5 1347.0
1182.0 1264.5 1347.0
1182.0 1264.5 1347.0
1182.0 1264.5 1347.0
1182.0 1264.5 1347.0
1182.0 1264.5 1347.0
1182.0 1264.5 1347.0
1182.0 1264.5 1347.0
1182.0 1264.5 1347.0
1182.0 1264.5 1347.0
1182.0 1264.5 1347.0
1182.0 1264.5 1347.0
1182.0 1264.5 1347.0
1182.0 1264.5 1347.0
1182.0 1264.5 1347.0
1182.0 1264.5 1347.0
1182.0 1264.5 1347.0
1182.0 1264.5 1347.0
1182.0 1264.5 1347.0
1182.0 1264.5 1347.0
1182.0 1264.5 1347.0
1182.0 1264.5 1347.0
1182.0 1264.5 1347.0
1182.0 1264.5 1347.0
1182.0 1264.5 1347.0
1182.0 1264.5 1347.0
1182.0 1264.5 1347.0
1182.0 1264.5 1347.0
1182.0 1264.5 1347.0
1182.0 1264.5 1347.0
1182.0 1264.5 1347.0
1182.0 1264.5 1347.0
1182.0 1264.5 1347.0
1182.0 1264.5 1347.0
1182.0 1264.5 1347.0
1182.0 1264.5 1347.0
1182.0 1264.5 1347.0
1182.0 1264.5 1347.0
1182.0 1264.5 1347.0
1182.0 1264.5 1347.0
1182.0 1264.5 1347.0
1182.0 1264.5 1347.0
1182.0 1264.5 1347.0
1182.0 1264.5 1347.0
1182.0 1264.5 1347.0
1182.0 1264.5 1347.0
1182.0 1264.5 1347.0
1182.0 1264.5 1347.0
1182.0 1264.5 1347.0
1182.0 1264.5 1347.0
1182.0 1264.5 1347.0
1182.0 1264.5 1347.0
1182.0 1276.5 1371.0
1182.0 1276.5 1371.0
1182.0 1276.5 1371.0
1182.0 1276.5 1371.0
1182.0 1276.5 1371.0
1182.0 1276.5 1371.0
1182.0 1276.5 1371.0
1182.0 1276.5 1371.0
1182.0 1276.5 1371.0
1182.0 1276.5 1371.0
1182.0 1276.5 1371.0
1182.0 1276.5 1371.0
1182.0 1276.5 1371.0
1182.0 1276.5 1371.0
1182.0 1276.5 1371.0
1182.0 1276.5 1371.0
1182.0 1276.5 1371.0
1182.0 1276.5 1371.0
1182.0 1276.5 1371.0
1182.0 1276.5 1371.0
1182.0 1276.5 1371.0
1182.0 1276.5 1371.0
1182.0 1276.5 1371.0
1182.0 1276.5 1371.0
1182.0 1276.5 1371.0
1182.0 1276.5 1371.0
1182.0 1276.5 1371.0
1182.0 1276.5 1371.0
1182.0 1276.5 1371.0
1182.0 1276.5 1371.0
1182.0 1276.5 1371.0
1182.0 1276.5 1371.0
1182.0 1276.5 1371.0
1182.0 1276.5 1371.0
1182.0 1276.5 1371.0
1182.0 1276.5 1371.0
1182.0 1276.5 1371.0
1182.0 1276.5 1371.0
1182.0 1276.5 1371.0
1182.0 1276.5 1371.0
1182.0 1276.5 1371.0
1182.0 1276.5 1371.0
1182.0 1276.5 1371.0
1182.0 1276.5 1371.0
1182.0 1276.5 1371.0
1182.0 1276.5 1371.0
1182.0 1276.5 1371.0
1182.0 1276.5 1371.0
1182.0 1276.5 1371.0
1182.0 1276.5 1371.0
1182.0 1276.5 1371.0
1182.0 1276.5 1371.0
1182.0 1276.5 1371.0
1182.0 1276.5 1371.0
1182.0 1276.5 1371.0
1182.0 1276.5 1371.0
1182.0 1276.5 1371.0
1182.0 1276.5 1371.0
1182.0 1276.5 1371.0
1182.0 1276.5 1371.0
1182.0 1276.5 1371.0
