12067.0 13527.5 14988.0
11952.0 12353.0 12754.0
9052.0 9151.5 9251.0
6457.0 7263.5 8070.0
5069.0 6695.5 8322.0
5398.0 6149.0 6900.0
3933.0 4808.0 5683.0
4422.0 5052.5 5683.0
2935.0 3076.0 3217.0
2517.0 2867.0 3217.0
2517.0 2867.0 3217.0
2517.0 2892.0 3267.0
1419.0 2143.0 2867.0
1419.0 1927.0 2435.0
1582.0 2008.5 2435.0
1582.0 2008.5 2435.0
1582.0 2008.5 2435.0
1582.0 2008.5 2435.0
1582.0 2008.5 2435.0
1582.0 2008.5 2435.0
1582.0 1904.0 2226.0
1582.0 1900.5 2219.0
1582.0 1900.5 2219.0
1582.0 1900.5 2219.0
1582.0 1900.5 2219.0
1582.0 1900.5 2219.0
1582.0 1900.5 2219.0
1582.0 1900.5 2219.0
1355.0 1468.5 1582.0
1355.0 1468.5 1582.0
1355.0 1468.5 1582.0
1355.0 1468.5 1582.0
1355.0 1468.5 1582.0
1355.0 1468.5 1582.0
1355.0 1468.5 1582.0
1355.0 1468.5 1582.0
1355.0 1468.5 1582.0
1355.0 1468.5 1582.0
1355.0 1468.5 1582.0
1355.0 1468.5 1582.0
1355.0 1468.5 1582.0
1355.0 1468.5 1582.0
1355.0 1468.5 1582.0
1355.0 1468.5 1582.0
1355.0 1468.5 1582.0
1355.0 1468.5 1582.0
1355.0 1468.5 1582.0
1355.0 1468.5 1582.0
1355.0 1468.5 1582.0
1355.0 1468.5 1582.0
1355.0 1468.5 1582.0
1355.0 1468.5 1582.0
1355.0 1468.5 1582.0
1355.0 1468.5 1582.0
1355.0 1468.5 1582.0
1355.0 1468.5 1582.0
1355.0 1468.5 1582.0
1355.0 1468.5 1582.0
1355.0 1468.5 1582.0
1355.0 1468.5 1582.0
1355.0 1468.5 1582.0
1355.0 1468.5 1582.0
1355.0 1468.5 1582.0
1355.0 1468.5 1582.0
1355.0 1468.5 1582.0
1355.0 1468.5 1582.0
1355.0 1468.5 1582.0
1355.0 1468.5 1582.0
1355.0 1468.5 1582.0
1355.0 1468.5 1582.0
1355.0 1468.5 1582.0
1355.0 1468.5 1582.0
1355.0 1468.5 1582.0
1355.0 1468.5 1582.0
1355.0 1468.5 1582.0
1355.0 1468.5 1582.0
1355.0 1468.5 1582.0
1355.0 1468.5 1582.0
1355.0 1468.5 1582.0
1355.0 1468.5 1582.0
1355.0 1468.5 1582.0
1355.0 1468.5 1582.0
1355.0 1468.5 1582.0
1355.0 1468.5 1582.0
1355.0 1468.5 1582.0
1355.0 1468.5 1582.0
1355.0 1468.5 1582.0
1355.0 1468.5 1582.0
1355.0 1468.5 1582.0
1355.0 1468.5 1582.0
1355.0 1468.5 1582.0
1355.0 1468.5 1582.0
1355.0 1468.5 1582.0
1355.0 1468.5 1582.0
1355.0 1468.5 1582.0
1355.0 1468.5 1582.0
1355.0 1468.5 1582.0
1355.0 1468.5 1582.0
1355.0 1468.5 1582.0
1355.0 1468.5 1582.0
1355.0 1468.5 1582.0
1355.0 1468.5 1582.0
1355.0 1468.5 1582.0
1355.0 1468.5 1582.0
1355.0 1468.5 1582.0
1355.0 1468.5 1582.0
1355.0 1468.5 1582.0
1355.0 1468.5 1582.0
1355.0 1468.5 1582.0
1355.0 1468.5 1582.0
1355.0 1468.5 1582.0
1355.0 1468.5 1582.0
1355.0 1468.5 1582.0
1355.0 1468.5 1582.0
1355.0 1468.5 1582.0
1355.0 1468.5 1582.0
1355.0 1468.5 1582.0
1355.0 1468.5 1582.0
1355.0 1468.5 1582.0
1355.0 1468.5 1582.0
1355.0 1468.5 1582.0
1355.0 1468.5 1582.0
1355.0 1468.5 1582.0
1355.0 1468.5 1582.0
1355.0 1468.5 1582.0
1355.0 1468.5 1582.0
1355.0 1468.5 1582.0
1355.0 1468.5 1582.0
1355.0 1468.5 1582.0
1355.0 1468.5 1582.0
1355.0 1468.5 1582.0
1355.0 1468.5 1582.0
1355.0 1468.5 1582.0
1355.0 1468.5 1582.0
1355.0 1468.5 1582.0
1355.0 1468.5 1582.0
1355.0 1468.5 1582.0
1355.0 1468.5 1582.0
1355.0 1468.5 1582.0
1355.0 1468.5 1582.0
1355.0 1468.5 1582.0
1355.0 1468.5 1582.0
1355.0 1468.5 1582.0
1355.0 1468.5 1582.0
1355.0 1468.5 1582.0
1355.0 1468.5 1582.0
1355.0 1468.5 1582.0
1355.0 1468.5 1582.0
1355.0 1468.5 1582.0
1355.0 1468.5 1582.0
1355.0 1468.5 1582.0
1355.0 1468.5 1582.0
1355.0 1468.5 1582.0
1355.0 1468.5 1582.0
1355.0 1468.5 1582.0
1355.0 1468.5 1582.0
1355.0 1468.5 1582.0
1355.0 1468.5 1582.0
1355.0 1468.5 1582.0
1355.0 1468.5 1582.0
1355.0 1468.5 1582.0
1355.0 1468.5 1582.0
1355.0 1468.5 1582.0
1355.0 1468.5 1582.0
1355.0 1468.5 1582.0
1355.0 1468.5 1582.0
1355.0 1468.5 1582.0
1355.0 1468.5 1582.0
1355.0 1468.5 1582.0
1355.0 1468.5 1582.0
1355.0 1468.5 1582.0
1355.0 1468.5 1582.0
1355.0 1468.5 1582.0
1355.0 1468.5 1582.0
1355.0 1468.5 1582.0
1355.0 1468.5 1582.0
1355.0 1468.5 1582.0
1355.0 1468.5 1582.0
1355.0 1468.5 1582.0
1355.0 1468.5 1582.0
1355.0 1468.5 1582.0
1355.0 1468.5 1582.0
1355.0 1468.5 1582.0
1355.0 1468.5 1582.0
1355.0 1468.5 1582.0
1355.0 1468.5 1582.0
1355.0 1468.5 1582.0
1355.0 1468.5 1582.0
1355.0 1468.5 1582.0
1355.0 1468.5 1582.0
1355.0 1468.5 1582.0
1355.0 1468.5 1582.0
1355.0 1468.5 1582.0
1355.0 1468.5 1582.0
1355.0 1468.5 1582.0
1355.0 1468.5 1582.0
1355.0 1468.5 1582.0
1355.0 1468.5 1582.0
1355.0 1468.5 1582.0
1355.0 1468.5 1582.0
