10724.0 11770.5 12817.0
10459.0 11578.5 12698.0
8301.0 9034.0 9767.0
7922.0 7984.5 8047.0
4399.0 5427.0 6455.0
4781.0 5109.0 5437.0
3539.0 4504.5 5470.0
2330.0 3586.5 4843.0
2330.0 3303.5 4277.0
2095.0 2467.0 2839.0
2095.0 2467.0 2839.0
2095.0 2467.0 2839.0
2095.0 2467.0 2839.0
2095.0 2467.0 2839.0
2095.0 2467.0 2839.0
2095.0 2467.0 2839.0
2095.0 2467.0 2839.0
2095.0 2144.5 2194.0
2095.0 2231.5 2368.0
2095.0 2231.5 2368.0
2024.0 2059.5 2095.0
2024.0 2059.5 2095.0
2024.0 2059.5 2095.0
2024.0 2059.5 2095.0
2024.0 2059.5 2095.0
2024.0 2059.5 2095.0
2024.0 2059.5 2095.0
2024.0 2059.5 2095.0
2024.0 2059.5 2095.0
2024.0 2059.5 2095.0
2024.0 2059.5 2095.0
2024.0 2059.5 2095.0
2024.0 2059.5 2095.0
2024.0 2059.5 2095.0
2024.0 2059.5 2095.0
2024.0 2059.5 2095.0
2095.0 2152.5 2210.0
2095.0 2096.0 2097.0
2095.0 2096.0 2097.0
2095.0 2096.0 2097.0
2095.0 2096.0 2097.0
2095.0 2096.0 2097.0
2095.0 2096.0 2097.0
2095.0 2096.0 2097.0
2095.0 2096.0 2097.0
2095.0 2096.0 2097.0
2095.0 2096.0 2097.0
2095.0 2096.0 2097.0
1739.0 1917.0 2095.0
1696.0 1895.5 2095.0
1696.0 1895.5 2095.0
1696.0 1895.5 2095.0
1696.0 1895.5 2095.0
1696.0 1895.5 2095.0
1696.0 1895.5 2095.0
1696.0 1895.5 2095.0
1696.0 1895.5 2095.0
1696.0 1895.5 2095.0
1696.0 1895.5 2095.0
1696.0 1895.5 2095.0
1696.0 1895.5 2095.0
1696.0 1895.5 2095.0
1696.0 1895.5 2095.0
1696.0 1895.5 2095.0
1696.0 1895.5 2095.0
1696.0 1895.5 2095.0
1696.0 1895.5 2095.0
1696.0 1895.5 2095.0
1696.0 1895.5 2095.0
1696.0 1895.5 2095.0
1696.0 1895.5 2095.0
1696.0 1895.5 2095.0
1696.0 1895.5 2095.0
1696.0 1895.5 2095.0
1131.0 1613.0 2095.0
1131.0 1613.0 2095.0
1131.0 1613.0 2095.0
1131.0 1613.0 2095.0
1131.0 1613.0 2095.0
1131.0 1613.0 2095.0
1131.0 1613.0 2095.0
1131.0 1613.0 2095.0
1131.0 1613.0 2095.0
1131.0 1613.0 2095.0
1131.0 1613.0 2095.0
1131.0 1613.0 2095.0
1131.0 1271.5 1412.0
1131.0 1271.5 1412.0
1131.0 1271.5 1412.0
1131.0 1271.5 1412.0
1131.0 1271.5 1412.0
1131.0 1271.5 1412.0
1131.0 1271.5 1412.0
1131.0 1271.5 1412.0
1131.0 1271.5 1412.0
1131.0 1271.5 1412.0
1131.0 1271.5 1412.0
1131.0 1271.5 1412.0
1131.0 1271.5 1412.0
1131.0 1271.5 1412.0
1131.0 1271.5 1412.0
1131.0 1271.5 1412.0
1131.0 1271.5 1412.0
1131.0 1271.5 1412.0
1131.0 1271.5 1412.0
1131.0 1271.5 1412.0
1131.0 1271.5 1412.0
1131.0 1271.5 1412.0
1131.0 1271.5 1412.0
1131.0 1271.5 1412.0
1131.0 1271.5 1412.0
1131.0 1271.5 1412.0
1131.0 1271.5 1412.0
1131.0 1271.5 1412.0
1131.0 1271.5 1412.0
1131.0 1271.5 1412.0
1131.0 1271.5 1412.0
1131.0 1271.5 1412.0
1131.0 1271.5 1412.0
1131.0 1271.5 1412.0
1131.0 1271.5 1412.0
1131.0 1271.5 1412.0
1131.0 1271.5 1412.0
1131.0 1271.5 1412.0
1125.0 1128.0 1131.0
1125.0 1128.0 1131.0
1125.0 1128.0 1131.0
1125.0 1128.0 1131.0
1125.0 1128.0 1131.0
1125.0 1128.0 1131.0
1125.0 1128.0 1131.0
1125.0 1128.0 1131.0
1125.0 1128.0 1131.0
1125.0 1128.0 1131.0
1125.0 1128.0 1131.0
1125.0 1128.0 1131.0
1125.0 1128.0 1131.0
1125.0 1128.0 1131.0
1125.0 1128.0 1131.0
1125.0 1128.0 1131.0
1125.0 1128.0 1131.0
1125.0 1128.0 1131.0
1125.0 1128.0 1131.0
1125.0 1128.0 1131.0
1125.0 1128.0 1131.0
1125.0 1128.0 1131.0
1125.0 1128.0 1131.0
1125.0 1128.0 1131.0
1125.0 1128.0 1131.0
1125.0 1128.0 1131.0
1125.0 1128.0 1131.0
1125.0 1128.0 1131.0
1125.0 1128.0 1131.0
1125.0 1128.0 1131.0
1125.0 1128.0 1131.0
1125.0 1128.0 1131.0
1125.0 1128.0 1131.0
1125.0 1128.0 1131.0
1125.0 1128.0 1131.0
1125.0 1128.0 1131.0
1125.0 1128.0 1131.0
1125.0 1128.0 1131.0
1125.0 1128.0 1131.0
1125.0 1128.0 1131.0
1125.0 1128.0 1131.0
1125.0 1128.0 1131.0
1125.0 1128.0 1131.0
1125.0 1128.0 1131.0
1125.0 1128.0 1131.0
1125.0 1128.0 1131.0
1125.0 1128.0 1131.0
1125.0 1128.0 1131.0
1125.0 1128.0 1131.0
1125.0 1128.0 1131.0
1125.0 1128.0 1131.0
1125.0 1128.0 1131.0
1125.0 1128.0 1131.0
1125.0 1128.0 1131.0
1125.0 1128.0 1131.0
1125.0 1128.0 1131.0
1125.0 1128.0 1131.0
1125.0 1128.0 1131.0
1125.0 1128.0 1131.0
1125.0 1128.0 1131.0
1125.0 1128.0 1131.0
1125.0 1128.0 1131.0
1125.0 1128.0 1131.0
1125.0 1128.0 1131.0
1125.0 1128.0 1131.0
1125.0 1128.0 1131.0
1125.0 1128.0 1131.0
1125.0 1128.0 1131.0
1125.0 1128.0 1131.0
1125.0 1128.0 1131.0
1125.0 1128.0 1131.0
1125.0 1128.0 1131.0
1125.0 1128.0 1131.0
1125.0 1128.0 1131.0
1125.0 1128.0 1131.0
1125.0 1128.0 1131.0
