10665.0 12162.0 13659.0
10378.0 10610.5 10843.0
7541.0 7764.5 7988.0
7541.0 7543.0 7545.0
3811.0 4258.0 4705.0
3811.0 3917.0 4023.0
2726.0 3374.5 4023.0
2459.0 2570.0 2681.0
1210.0 1834.5 2459.0
1210.0 1534.0 1858.0
1203.0 1530.5 1858.0
1203.0 1530.5 1858.0
1203.0 1530.5 1858.0
1203.0 1530.5 1858.0
1203.0 1530.5 1858.0
1203.0 1530.5 1858.0
1203.0 1530.5 1858.0
1203.0 1530.5 1858.0
1203.0 1530.5 1858.0
1203.0 1530.5 1858.0
1203.0 1530.5 1858.0
1203.0 1530.5 1858.0
1203.0 1530.5 1858.0
1203.0 1530.5 1858.0
1203.0 1530.5 1858.0
1203.0 1530.5 1858.0
1203.0 1530.5 1858.0
1203.0 1530.5 1858.0
1203.0 1530.5 1858.0
1203.0 1530.5 1858.0
1203.0 1530.5 1858.0
1203.0 1530.5 1858.0
1203.0 1530.5 1858.0
1203.0 1530.5 1858.0
1203.0 1530.5 1858.0
1203.0 1530.5 1858.0
1203.0 1530.5 1858.0
1203.0 1530.5 1858.0
1203.0 1530.5 1858.0
1203.0 1530.5 1858.0
1203.0 1530.5 1858.0
1203.0 1530.5 1858.0
1203.0 1530.5 1858.0
1203.0 1530.5 1858.0
1203.0 1530.5 1858.0
1203.0 1530.5 1858.0
1203.0 1530.5 1858.0
1203.0 1530.5 1858.0
1203.0 1534.5 1866.0
1203.0 1534.5 1866.0
1203.0 1534.5 1866.0
1203.0 1534.5 1866.0
1203.0 1580.5 1958.0
1203.0 1487.0 1771.0
1203.0 1487.0 1771.0
1203.0 1487.0 1771.0
1203.0 1487.0 1771.0
1203.0 1487.0 1771.0
1203.0 1487.0 1771.0
1203.0 1487.0 1771.0
1203.0 1487.0 1771.0
1203.0 1487.0 1771.0
1203.0 1487.0 1771.0
1203.0 1487.0 1771.0
1203.0 1418.5 1634.0
1203.0 1393.0 1583.0
1203.0 1219.0 1235.0
1043.0 1123.0 1203.0
1043.0 1123.0 1203.0
1043.0 1123.0 1203.0
1043.0 1123.0 1203.0
1043.0 1123.0 1203.0
1043.0 1123.0 1203.0
1043.0 1123.0 1203.0
1043.0 1123.0 1203.0
1043.0 1123.0 1203.0
1043.0 1123.0 1203.0
1043.0 1123.0 1203.0
1043.0 1123.0 1203.0
1043.0 1123.0 1203.0
1043.0 1123.0 1203.0
1043.0 1123.0 1203.0
1043.0 1123.0 1203.0
1043.0 1123.0 1203.0
1043.0 1123.0 1203.0
1043.0 1123.0 1203.0
1043.0 1123.0 1203.0
1043.0 1123.0 1203.0
1043.0 1123.0 1203.0
1043.0 1123.0 1203.0
1043.0 1123.0 1203.0
1043.0 1123.0 1203.0
1043.0 1123.0 1203.0
1043.0 1123.0 1203.0
1043.0 1123.0 1203.0
1043.0 1123.0 1203.0
1043.0 1123.0 1203.0
1043.0 1123.0 1203.0
1043.0 1123.0 1203.0
1043.0 1123.0 1203.0
1043.0 1123.0 1203.0
1043.0 1123.0 1203.0
1043.0 1123.0 1203.0
1043.0 1123.0 1203.0
1043.0 1123.0 1203.0
1043.0 1123.0 1203.0
1043.0 1123.0 1203.0
1043.0 1123.0 1203.0
1043.0 1123.0 1203.0
1043.0 1123.0 1203.0
1043.0 1123.0 1203.0
1043.0 1123.0 1203.0
1043.0 1123.0 1203.0
1043.0 1123.0 1203.0
1043.0 1123.0 1203.0
1043.0 1123.0 1203.0
1043.0 1123.0 1203.0
1043.0 1123.0 1203.0
1043.0 1123.0 1203.0
1043.0 1123.0 1203.0
1043.0 1123.0 1203.0
1043.0 1123.0 1203.0
1043.0 1123.0 1203.0
1043.0 1123.0 1203.0
1043.0 1123.0 1203.0
1043.0 1123.0 1203.0
1043.0 1123.0 1203.0
1043.0 1123.0 1203.0
1043.0 1123.0 1203.0
1043.0 1123.0 1203.0
1043.0 1123.0 1203.0
1043.0 1123.0 1203.0
1043.0 1123.0 1203.0
1043.0 1123.0 1203.0
1043.0 1123.0 1203.0
1043.0 1123.0 1203.0
1043.0 1123.0 1203.0
1043.0 1123.0 1203.0
1043.0 1123.0 1203.0
1043.0 1123.0 1203.0
1043.0 1123.0 1203.0
1043.0 1123.0 1203.0
1043.0 1123.0 1203.0
1043.0 1123.0 1203.0
1043.0 1123.0 1203.0
1043.0 1123.0 1203.0
1043.0 1123.0 1203.0
1043.0 1123.0 1203.0
1043.0 1123.0 1203.0
1043.0 1123.0 1203.0
1043.0 1123.0 1203.0
1043.0 1123.0 1203.0
1043.0 1123.0 1203.0
1043.0 1123.0 1203.0
1043.0 1123.0 1203.0
1043.0 1123.0 1203.0
1043.0 1123.0 1203.0
1043.0 1123.0 1203.0
1043.0 1123.0 1203.0
1043.0 1123.0 1203.0
1043.0 1123.0 1203.0
1043.0 1123.0 1203.0
1043.0 1123.0 1203.0
1043.0 1123.0 1203.0
1043.0 1079.5 1116.0
1043.0 1079.5 1116.0
1043.0 1079.5 1116.0
1043.0 1079.5 1116.0
1043.0 1079.5 1116.0
1043.0 1079.5 1116.0
1043.0 1079.5 1116.0
1043.0 1079.5 1116.0
1043.0 1079.5 1116.0
1043.0 1079.5 1116.0
1043.0 1079.5 1116.0
1043.0 1079.5 1116.0
1043.0 1079.5 1116.0
1043.0 1079.5 1116.0
1043.0 1079.5 1116.0
1043.0 1079.5 1116.0
1043.0 1079.5 1116.0
1043.0 1079.5 1116.0
1043.0 1079.5 1116.0
1043.0 1079.5 1116.0
1043.0 1079.5 1116.0
1043.0 1079.5 1116.0
1043.0 1079.5 1116.0
1043.0 1079.5 1116.0
1043.0 1079.5 1116.0
1043.0 1079.5 1116.0
1043.0 1079.5 1116.0
1043.0 1079.5 1116.0
1043.0 1079.5 1116.0
1043.0 1079.5 1116.0
1043.0 1079.5 1116.0
1043.0 1079.5 1116.0
1043.0 1079.5 1116.0
1043.0 1079.5 1116.0
1043.0 1079.5 1116.0
1043.0 1079.5 1116.0
