14474.0 15422.0 16370.0
13132.0 13254.5 13377.0
10837.0 11133.5 11430.0
9674.0 9773.0 9872.0
6936.0 8964.0 10992.0
8031.0 8233.5 8436.0
5713.0 6152.5 6592.0
5809.0 5959.5 6110.0
3625.0 3988.0 4351.0
3500.0 3562.5 3625.0
3358.0 3491.5 3625.0
3358.0 3491.5 3625.0
3358.0 3491.5 3625.0
3358.0 3491.5 3625.0
3358.0 3567.0 3776.0
3062.0 3419.0 3776.0
2186.0 2968.0 3750.0
2186.0 2309.5 2433.0
2186.0 2309.5 2433.0
2186.0 2309.5 2433.0
2186.0 2309.5 2433.0
2186.0 2309.5 2433.0
2186.0 2309.5 2433.0
2186.0 2309.5 2433.0
2186.0 2309.5 2433.0
2186.0 2309.5 2433.0
2186.0 2255.5 2325.0
1668.0 1927.0 2186.0
1668.0 1927.0 2186.0
1668.0 1927.0 2186.0
1668.0 1927.0 2186.0
1668.0 1927.0 2186.0
1668.0 1927.0 2186.0
1668.0 1927.0 2186.0
1668.0 1927.0 2186.0
1668.0 1927.0 2186.0
1668.0 1927.0 2186.0
1668.0 1927.0 2186.0
1668.0 1927.0 2186.0
1668.0 1927.0 2186.0
1668.0 1927.0 2186.0
1668.0 1927.0 2186.0
1668.0 1927.0 2186.0
1668.0 1927.0 2186.0
1668.0 1927.0 2186.0
1668.0 1927.0 2186.0
1668.0 1927.0 2186.0
1668.0 1927.0 2186.0
1668.0 1927.0 2186.0
1668.0 1927.0 2186.0
1668.0 1857.5 2047.0
1650.0 1659.0 1668.0
1651.0 1659.5 1668.0
1401.0 1534.5 1668.0
1401.0 1534.5 1668.0
1401.0 1534.5 1668.0
1401.0 1534.5 1668.0
1401.0 1534.5 1668.0
1401.0 1534.5 1668.0
1401.0 1534.5 1668.0
1401.0 1534.5 1668.0
1401.0 1534.5 1668.0
1401.0 1534.5 1668.0
1401.0 1534.5 1668.0
1401.0 1534.5 1668.0
1401.0 1534.5 1668.0
1401.0 1534.5 1668.0
1401.0 1534.5 1668.0
1401.0 1534.5 1668.0
1401.0 1534.5 1668.0
1401.0 1534.5 1668.0
1401.0 1534.5 1668.0
1401.0 1534.5 1668.0
1401.0 1534.5 1668.0
1401.0 1534.5 1668.0
1401.0 1534.5 1668.0
1401.0 1534.5 1668.0
1401.0 1534.5 1668.0
1401.0 1534.5 1668.0
1401.0 1534.5 1668.0
1401.0 1534.5 1668.0
1401.0 1534.5 1668.0
1401.0 1534.5 1668.0
1401.0 1534.5 1668.0
1401.0 1534.5 1668.0
1401.0 1534.5 1668.0
1401.0 1534.5 1668.0
1401.0 1534.5 1668.0
1401.0 1534.5 1668.0
1401.0 1534.5 1668.0
1401.0 1534.5 1668.0
1401.0 1534.5 1668.0
1401.0 1534.5 1668.0
1401.0 1534.5 1668.0
1401.0 1534.5 1668.0
1401.0 1534.5 1668.0
1401.0 1534.5 1668.0
1401.0 1534.5 1668.0
1401.0 1534.5 1668.0
1401.0 1534.5 1668.0
1401.0 1534.5 1668.0
1401.0 1534.5 1668.0
1401.0 1534.5 1668.0
1401.0 1534.5 1668.0
1401.0 1534.5 1668.0
1401.0 1534.5 1668.0
1401.0 1534.5 1668.0
1401.0 1534.5 1668.0
1401.0 1534.5 1668.0
1401.0 1534.5 1668.0
1401.0 1534.5 1668.0
1401.0 1534.5 1668.0
1401.0 1534.5 1668.0
1401.0 1534.5 1668.0
1401.0 1534.5 1668.0
1401.0 1534.5 1668.0
1401.0 1534.5 1668.0
1401.0 1534.5 1668.0
1401.0 1534.5 1668.0
1401.0 1534.5 1668.0
1401.0 1534.5 1668.0
1401.0 1534.5 1668.0
1401.0 1534.5 1668.0
1401.0 1534.5 1668.0
1401.0 1534.5 1668.0
1401.0 1534.5 1668.0
1401.0 1534.5 1668.0
1401.0 1534.5 1668.0
1401.0 1534.5 1668.0
1401.0 1534.5 1668.0
1401.0 1534.5 1668.0
1401.0 1534.5 1668.0
1401.0 1534.5 1668.0
1401.0 1534.5 1668.0
1401.0 1534.5 1668.0
1401.0 1534.5 1668.0
1401.0 1534.5 1668.0
1401.0 1534.5 1668.0
1401.0 1534.5 1668.0
1401.0 1534.5 1668.0
1401.0 1534.5 1668.0
1401.0 1534.5 1668.0
1401.0 1534.5 1668.0
1401.0 1534.5 1668.0
1401.0 1534.5 1668.0
1401.0 1534.5 1668.0
1401.0 1534.5 1668.0
1401.0 1534.5 1668.0
1401.0 1534.5 1668.0
1401.0 1534.5 1668.0
1401.0 1534.5 1668.0
1401.0 1534.5 1668.0
1401.0 1534.5 1668.0
1401.0 1534.5 1668.0
1401.0 1534.5 1668.0
1401.0 1534.5 1668.0
1401.0 1534.5 1668.0
1401.0 1534.5 1668.0
1401.0 1534.5 1668.0
1401.0 1534.5 1668.0
1401.0 1534.5 1668.0
1401.0 1534.5 1668.0
1401.0 1534.5 1668.0
1401.0 1534.5 1668.0
1401.0 1534.5 1668.0
1401.0 1534.5 1668.0
1401.0 1534.5 1668.0
1401.0 1534.5 1668.0
1401.0 1534.5 1668.0
1401.0 1534.5 1668.0
1401.0 1534.5 1668.0
1401.0 1534.5 1668.0
1401.0 1534.5 1668.0
1401.0 1534.5 1668.0
1401.0 1534.5 1668.0
1401.0 1534.5 1668.0
1401.0 1534.5 1668.0
1401.0 1534.5 1668.0
1401.0 1534.5 1668.0
1401.0 1534.5 1668.0
1401.0 1534.5 1668.0
1401.0 1534.5 1668.0
1401.0 1534.5 1668.0
1401.0 1534.5 1668.0
1401.0 1534.5 1668.0
1401.0 1534.5 1668.0
1401.0 1534.5 1668.0
1401.0 1534.5 1668.0
1401.0 1534.5 1668.0
1401.0 1534.5 1668.0
1401.0 1534.5 1668.0
1401.0 1534.5 1668.0
1401.0 1534.5 1668.0
1401.0 1534.5 1668.0
1401.0 1534.5 1668.0
1401.0 1534.5 1668.0
1401.0 1534.5 1668.0
1401.0 1534.5 1668.0
1401.0 1534.5 1668.0
1401.0 1534.5 1668.0
