10551.0 14211.0 17871.0
7867.0 10614.5 13362.0
6079.0 8960.0 11841.0
6431.0 8487.0 10543.0
6118.0 8107.0 10096.0
5746.0 6629.5 7513.0
5245.0 6012.0 6779.0
5245.0 5364.5 5484.0
4122.0 4142.5 4163.0
3387.0 3906.5 4426.0
3387.0 3579.5 3772.0
3387.0 3579.5 3772.0
3387.0 3431.5 3476.0
3113.0 3250.0 3387.0
2144.0 2548.5 2953.0
2144.0 2548.5 2953.0
2144.0 2157.0 2170.0
2144.0 2157.5 2171.0
1518.0 1831.0 2144.0
1518.0 1831.0 2144.0
1518.0 1831.0 2144.0
1518.0 1831.0 2144.0
1518.0 1831.0 2144.0
1518.0 1881.5 2245.0
1518.0 1881.5 2245.0
1518.0 1881.5 2245.0
1518.0 1881.5 2245.0
1518.0 1881.5 2245.0
1518.0 1881.5 2245.0
1518.0 1881.5 2245.0
1518.0 1881.5 2245.0
1518.0 1881.5 2245.0
1518.0 1881.5 2245.0
1518.0 1881.5 2245.0
1518.0 1881.5 2245.0
1518.0 1881.5 2245.0
1518.0 1881.5 2245.0
1518.0 1881.5 2245.0
1518.0 1881.5 2245.0
1518.0 1881.5 2245.0
1518.0 1881.5 2245.0
1518.0 1881.5 2245.0
1518.0 1881.5 2245.0
1518.0 1881.5 2245.0
1518.0 1881.5 2245.0
1518.0 1881.5 2245.0
1518.0 1881.5 2245.0
1518.0 1881.5 2245.0
1518.0 1881.5 2245.0
1518.0 1881.5 2245.0
1518.0 1881.5 2245.0
1518.0 1881.5 2245.0
1518.0 1881.5 2245.0
1518.0 1881.5 2245.0
1518.0 1881.5 2245.0
1518.0 1881.5 2245.0
1518.0 1881.5 2245.0
1518.0 1881.5 2245.0
1518.0 1881.5 2245.0
1518.0 1881.5 2245.0
1518.0 1881.5 2245.0
1518.0 1881.5 2245.0
1518.0 1881.5 2245.0
1518.0 1881.5 2245.0
1518.0 1881.5 2245.0
1518.0 1685.5 1853.0
1518.0 1685.5 1853.0
1518.0 1685.5 1853.0
1518.0 1685.5 1853.0
1518.0 1685.5 1853.0
1518.0 1685.5 1853.0
1518.0 1685.5 1853.0
1518.0 1685.5 1853.0
1518.0 1685.5 1853.0
1518.0 1685.5 1853.0
1518.0 1685.5 1853.0
1518.0 1685.5 1853.0
1518.0 1685.5 1853.0
1518.0 1685.5 1853.0
1518.0 1685.5 1853.0
1518.0 1685.5 1853.0
1518.0 1685.5 1853.0
1518.0 1644.5 1771.0
1518.0 1644.5 1771.0
1518.0 1644.5 1771.0
1518.0 1644.5 1771.0
1518.0 1644.5 1771.0
1518.0 1644.5 1771.0
1518.0 1644.5 1771.0
1518.0 1644.5 1771.0
1518.0 1644.5 1771.0
1518.0 1644.5 1771.0
1518.0 1644.5 1771.0
1518.0 1644.5 1771.0
1518.0 1644.5 1771.0
1518.0 1644.5 1771.0
1518.0 1644.5 1771.0
1518.0 1644.5 1771.0
1456.0 1613.5 1771.0
1456.0 1613.5 1771.0
1456.0 1613.5 1771.0
1456.0 1613.5 1771.0
1456.0 1613.5 1771.0
1456.0 1613.5 1771.0
1456.0 1613.5 1771.0
1456.0 1613.5 1771.0
1456.0 1613.5 1771.0
1456.0 1613.5 1771.0
1456.0 1613.5 1771.0
1456.0 1613.5 1771.0
1456.0 1613.5 1771.0
1456.0 1613.5 1771.0
1456.0 1613.5 1771.0
1456.0 1613.5 1771.0
1456.0 1613.5 1771.0
1456.0 1613.5 1771.0
1456.0 1613.5 1771.0
1456.0 1613.5 1771.0
1456.0 1613.5 1771.0
1456.0 1613.5 1771.0
1456.0 1613.5 1771.0
1456.0 1613.5 1771.0
1456.0 1613.5 1771.0
1456.0 1613.5 1771.0
1456.0 1613.5 1771.0
1456.0 1613.5 1771.0
1456.0 1613.5 1771.0
1456.0 1613.5 1771.0
1456.0 1613.5 1771.0
1456.0 1613.5 1771.0
1456.0 1613.5 1771.0
1456.0 1613.5 1771.0
1456.0 1613.5 1771.0
1456.0 1613.5 1771.0
1456.0 1613.5 1771.0
1456.0 1613.5 1771.0
1456.0 1613.5 1771.0
1456.0 1613.5 1771.0
1456.0 1613.5 1771.0
1456.0 1613.5 1771.0
1456.0 1613.5 1771.0
1456.0 1613.5 1771.0
1456.0 1613.5 1771.0
1456.0 1613.5 1771.0
1456.0 1613.5 1771.0
1456.0 1613.5 1771.0
1456.0 1613.5 1771.0
1456.0 1613.5 1771.0
1456.0 1613.5 1771.0
1456.0 1613.5 1771.0
1456.0 1613.5 1771.0
1456.0 1613.5 1771.0
1456.0 1613.5 1771.0
1456.0 1613.5 1771.0
1456.0 1613.5 1771.0
1456.0 1613.5 1771.0
1456.0 1613.5 1771.0
1456.0 1613.5 1771.0
1456.0 1613.5 1771.0
1456.0 1613.5 1771.0
1456.0 1613.5 1771.0
1456.0 1613.5 1771.0
1456.0 1613.5 1771.0
1456.0 1613.5 1771.0
1456.0 1613.5 1771.0
1456.0 1613.5 1771.0
1456.0 1613.5 1771.0
1456.0 1613.5 1771.0
1456.0 1613.5 1771.0
1456.0 1613.5 1771.0
1456.0 1613.5 1771.0
1456.0 1613.5 1771.0
1456.0 1613.5 1771.0
1456.0 1613.5 1771.0
1456.0 1613.5 1771.0
1456.0 1613.5 1771.0
1456.0 1613.5 1771.0
1456.0 1613.5 1771.0
1456.0 1613.5 1771.0
1456.0 1613.5 1771.0
1456.0 1613.5 1771.0
1456.0 1613.5 1771.0
1456.0 1613.5 1771.0
1456.0 1613.5 1771.0
1456.0 1613.5 1771.0
1456.0 1613.5 1771.0
1456.0 1613.5 1771.0
1456.0 1613.5 1771.0
1456.0 1613.5 1771.0
1456.0 1613.5 1771.0
1456.0 1613.5 1771.0
1456.0 1613.5 1771.0
1456.0 1613.5 1771.0
1456.0 1613.5 1771.0
1456.0 1613.5 1771.0
1456.0 1613.5 1771.0
1456.0 1613.5 1771.0
1456.0 1613.5 1771.0
1456.0 1613.5 1771.0
1456.0 1613.5 1771.0
