16261.0 16332.0 16403.0
10511.0 12449.5 14388.0
10419.0 11291.0 12163.0
7769.0 8936.5 10104.0
6008.0 6958.0 7908.0
6008.0 6555.0 7102.0
3518.0 4397.0 5276.0
4728.0 5002.0 5276.0
3220.0 3560.0 3900.0
2265.0 3082.5 3900.0
2265.0 2496.0 2727.0
2265.0 2496.0 2727.0
2265.0 2496.0 2727.0
2265.0 2496.0 2727.0
2110.0 2187.5 2265.0
2110.0 2187.5 2265.0
1317.0 1713.5 2110.0
1317.0 1713.5 2110.0
1317.0 1713.5 2110.0
1317.0 1713.5 2110.0
1317.0 1713.5 2110.0
1317.0 1713.5 2110.0
1317.0 1713.5 2110.0
1317.0 1713.5 2110.0
1317.0 1713.5 2110.0
1317.0 1609.5 1902.0
1317.0 1480.5 1644.0
1317.0 1480.5 1644.0
1317.0 1480.5 1644.0
1317.0 1480.5 1644.0
1317.0 1480.5 1644.0
1317.0 1480.5 1644.0
1317.0 1480.5 1644.0
1317.0 1480.5 1644.0
1317.0 1480.5 1644.0
1317.0 1480.5 1644.0
1317.0 1480.5 1644.0
1317.0 1480.5 1644.0
1317.0 1480.5 1644.0
1317.0 1480.5 1644.0
1317.0 1480.5 1644.0
1317.0 1480.5 1644.0
1317.0 1480.5 1644.0
1317.0 1480.5 1644.0
1317.0 1480.5 1644.0
1317.0 1480.5 1644.0
1317.0 1480.5 1644.0
1317.0 1480.5 1644.0
1317.0 1480.5 1644.0
1317.0 1480.5 1644.0
1317.0 1480.5 1644.0
1317.0 1480.5 1644.0
1317.0 1480.5 1644.0
1317.0 1480.5 1644.0
1317.0 1480.5 1644.0
1317.0 1480.5 1644.0
1317.0 1480.5 1644.0
1317.0 1480.5 1644.0
1317.0 1480.5 1644.0
1317.0 1480.5 1644.0
1317.0 1480.5 1644.0
1317.0 1480.5 1644.0
1317.0 1480.5 1644.0
1317.0 1480.5 1644.0
1317.0 1480.5 1644.0
1317.0 1480.5 1644.0
1317.0 1480.5 1644.0
1317.0 1480.5 1644.0
1317.0 1480.5 1644.0
1317.0 1480.5 1644.0
1317.0 1480.5 1644.0
1317.0 1480.5 1644.0
1317.0 1480.5 1644.0
1317.0 1480.5 1644.0
1317.0 1480.5 1644.0
1317.0 1480.5 1644.0
1317.0 1480.5 1644.0
1317.0 1480.5 1644.0
1317.0 1480.5 1644.0
1317.0 1480.5 1644.0
1317.0 1480.5 1644.0
1317.0 1480.5 1644.0
1317.0 1480.5 1644.0
1317.0 1480.5 1644.0
1317.0 1480.5 1644.0
1317.0 1480.5 1644.0
1317.0 1480.5 1644.0
1317.0 1480.5 1644.0
1317.0 1480.5 1644.0
1317.0 1480.5 1644.0
1317.0 1480.5 1644.0
1317.0 1480.5 1644.0
1317.0 1480.5 1644.0
1317.0 1480.5 1644.0
1317.0 1480.5 1644.0
1317.0 1480.5 1644.0
1317.0 1480.5 1644.0
1317.0 1480.5 1644.0
1317.0 1480.5 1644.0
1317.0 1480.5 1644.0
1317.0 1480.5 1644.0
1317.0 1480.5 1644.0
1317.0 1480.5 1644.0
1317.0 1480.5 1644.0
1317.0 1480.5 1644.0
1317.0 1480.5 1644.0
1317.0 1480.5 1644.0
1317.0 1480.5 1644.0
1317.0 1480.5 1644.0
1317.0 1480.5 1644.0
1317.0 1480.5 1644.0
1317.0 1480.5 1644.0
1317.0 1480.5 1644.0
1317.0 1480.5 1644.0
1317.0 1480.5 1644.0
1317.0 1480.5 1644.0
1317.0 1480.5 1644.0
1317.0 1480.5 1644.0
1317.0 1480.5 1644.0
1317.0 1480.5 1644.0
1317.0 1480.5 1644.0
1317.0 1480.5 1644.0
1317.0 1480.5 1644.0
1317.0 1480.5 1644.0
1317.0 1480.5 1644.0
1317.0 1480.5 1644.0
1317.0 1480.5 1644.0
1317.0 1480.5 1644.0
1317.0 1480.5 1644.0
1317.0 1480.5 1644.0
1317.0 1480.5 1644.0
1317.0 1480.5 1644.0
1317.0 1480.5 1644.0
1317.0 1480.5 1644.0
1317.0 1480.5 1644.0
1317.0 1480.5 1644.0
1317.0 1480.5 1644.0
1317.0 1480.5 1644.0
1317.0 1480.5 1644.0
1317.0 1480.5 1644.0
1317.0 1480.5 1644.0
1317.0 1480.5 1644.0
1317.0 1480.5 1644.0
1317.0 1480.5 1644.0
1317.0 1480.5 1644.0
1317.0 1480.5 1644.0
1317.0 1480.5 1644.0
1144.0 1230.5 1317.0
1144.0 1230.5 1317.0
1144.0 1230.5 1317.0
1144.0 1230.5 1317.0
1144.0 1230.5 1317.0
1144.0 1230.5 1317.0
1144.0 1230.5 1317.0
1144.0 1230.5 1317.0
1144.0 1230.5 1317.0
1144.0 1230.5 1317.0
1144.0 1230.5 1317.0
1144.0 1230.5 1317.0
1144.0 1230.5 1317.0
1144.0 1230.5 1317.0
1144.0 1230.5 1317.0
1144.0 1230.5 1317.0
1144.0 1230.5 1317.0
1144.0 1230.5 1317.0
1144.0 1230.5 1317.0
1144.0 1230.5 1317.0
1144.0 1230.5 1317.0
1144.0 1230.5 1317.0
1144.0 1230.5 1317.0
1144.0 1230.5 1317.0
1144.0 1230.5 1317.0
1144.0 1230.5 1317.0
1144.0 1230.5 1317.0
1144.0 1230.5 1317.0
1144.0 1230.5 1317.0
1144.0 1230.5 1317.0
1144.0 1230.5 1317.0
1144.0 1230.5 1317.0
1144.0 1230.5 1317.0
1144.0 1230.5 1317.0
1144.0 1230.5 1317.0
1144.0 1230.5 1317.0
1144.0 1230.5 1317.0
1144.0 1230.5 1317.0
1144.0 1230.5 1317.0
1144.0 1230.5 1317.0
1144.0 1230.5 1317.0
1144.0 1230.5 1317.0
1144.0 1230.5 1317.0
1144.0 1230.5 1317.0
1144.0 1230.5 1317.0
1144.0 1230.5 1317.0
1144.0 1230.5 1317.0
1144.0 1230.5 1317.0
1144.0 1230.5 1317.0
1144.0 1230.5 1317.0
1144.0 1230.5 1317.0
1144.0 1230.5 1317.0
1144.0 1230.5 1317.0
