11842.0 11940.0 12038.0
8762.0 10957.0 13152.0
6534.0 7176.5 7819.0
4737.0 5399.5 6062.0
4219.0 4713.0 5207.0
1913.0 2648.5 3384.0
1913.0 2947.5 3982.0
1913.0 2580.5 3248.0
1715.0 1944.0 2173.0
1715.0 1944.0 2173.0
1490.0 1502.0 1514.0
1042.0 1278.0 1514.0
927.0 984.5 1042.0
927.0 984.5 1042.0
927.0 984.5 1042.0
927.0 984.5 1042.0
927.0 984.5 1042.0
927.0 984.5 1042.0
927.0 984.5 1042.0
927.0 984.5 1042.0
927.0 984.5 1042.0
927.0 984.5 1042.0
927.0 984.5 1042.0
927.0 984.5 1042.0
927.0 984.5 1042.0
927.0 984.5 1042.0
927.0 984.5 1042.0
927.0 984.5 1042.0
927.0 984.5 1042.0
927.0 984.5 1042.0
927.0 984.5 1042.0
927.0 984.5 1042.0
927.0 984.5 1042.0
927.0 984.5 1042.0
927.0 984.5 1042.0
927.0 984.5 1042.0
927.0 984.5 1042.0
927.0 984.5 1042.0
927.0 984.5 1042.0
927.0 984.5 1042.0
927.0 984.5 1042.0
927.0 984.5 1042.0
927.0 984.5 1042.0
927.0 984.5 1042.0
927.0 984.5 1042.0
927.0 984.5 1042.0
927.0 984.5 1042.0
927.0 984.5 1042.0
927.0 984.5 1042.0
927.0 984.5 1042.0
927.0 984.5 1042.0
927.0 984.5 1042.0
927.0 984.5 1042.0
927.0 984.5 1042.0
927.0 984.5 1042.0
927.0 984.5 1042.0
927.0 984.5 1042.0
927.0 984.5 1042.0
927.0 984.5 1042.0
927.0 984.5 1042.0
927.0 984.5 1042.0
927.0 984.5 1042.0
927.0 984.5 1042.0
927.0 984.5 1042.0
927.0 984.5 1042.0
927.0 984.5 1042.0
927.0 984.5 1042.0
927.0 984.5 1042.0
927.0 984.5 1042.0
927.0 984.5 1042.0
927.0 984.5 1042.0
927.0 984.5 1042.0
927.0 984.5 1042.0
927.0 984.5 1042.0
927.0 984.5 1042.0
927.0 984.5 1042.0
927.0 984.5 1042.0
927.0 984.5 1042.0
927.0 984.5 1042.0
927.0 984.5 1042.0
927.0 984.5 1042.0
927.0 984.5 1042.0
927.0 984.5 1042.0
927.0 984.5 1042.0
927.0 984.5 1042.0
927.0 984.5 1042.0
927.0 984.5 1042.0
927.0 984.5 1042.0
927.0 984.5 1042.0
927.0 984.5 1042.0
927.0 984.5 1042.0
927.0 984.5 1042.0
927.0 984.5 1042.0
927.0 984.5 1042.0
927.0 984.5 1042.0
927.0 984.5 1042.0
927.0 984.5 1042.0
927.0 984.5 1042.0
927.0 984.5 1042.0
927.0 984.5 1042.0
927.0 984.5 1042.0
927.0 984.5 1042.0
927.0 984.5 1042.0
927.0 984.5 1042.0
927.0 984.5 1042.0
927.0 984.5 1042.0
927.0 984.5 1042.0
927.0 984.5 1042.0
927.0 984.5 1042.0
927.0 984.5 1042.0
927.0 984.5 1042.0
927.0 984.5 1042.0
927.0 984.5 1042.0
927.0 984.5 1042.0
927.0 984.5 1042.0
927.0 984.5 1042.0
927.0 984.5 1042.0
927.0 984.5 1042.0
927.0 984.5 1042.0
927.0 984.5 1042.0
927.0 984.5 1042.0
927.0 984.5 1042.0
927.0 984.5 1042.0
927.0 984.5 1042.0
927.0 984.5 1042.0
927.0 984.5 1042.0
927.0 984.5 1042.0
927.0 984.5 1042.0
927.0 984.5 1042.0
927.0 984.5 1042.0
927.0 984.5 1042.0
927.0 984.5 1042.0
927.0 984.5 1042.0
927.0 984.5 1042.0
927.0 1092.5 1258.0
927.0 1092.5 1258.0
927.0 1092.5 1258.0
927.0 984.5 1042.0
927.0 984.5 1042.0
927.0 984.5 1042.0
927.0 984.5 1042.0
927.0 984.5 1042.0
927.0 984.5 1042.0
927.0 984.5 1042.0
927.0 984.5 1042.0
927.0 984.5 1042.0
927.0 984.5 1042.0
927.0 984.5 1042.0
927.0 984.5 1042.0
927.0 984.5 1042.0
927.0 984.5 1042.0
927.0 984.5 1042.0
927.0 984.5 1042.0
927.0 984.5 1042.0
927.0 984.5 1042.0
927.0 984.5 1042.0
927.0 984.5 1042.0
927.0 984.5 1042.0
927.0 984.5 1042.0
927.0 984.5 1042.0
927.0 984.5 1042.0
927.0 984.5 1042.0
927.0 984.5 1042.0
927.0 984.5 1042.0
927.0 984.5 1042.0
927.0 984.5 1042.0
927.0 984.5 1042.0
927.0 984.5 1042.0
927.0 984.5 1042.0
927.0 984.5 1042.0
927.0 984.5 1042.0
927.0 984.5 1042.0
927.0 984.5 1042.0
927.0 984.5 1042.0
927.0 984.5 1042.0
927.0 984.5 1042.0
927.0 984.5 1042.0
927.0 984.5 1042.0
927.0 984.5 1042.0
927.0 984.5 1042.0
927.0 984.5 1042.0
927.0 984.5 1042.0
927.0 984.5 1042.0
927.0 984.5 1042.0
927.0 984.5 1042.0
927.0 984.5 1042.0
927.0 984.5 1042.0
927.0 984.5 1042.0
927.0 984.5 1042.0
927.0 984.5 1042.0
927.0 984.5 1042.0
927.0 984.5 1042.0
927.0 984.5 1042.0
927.0 984.5 1042.0
927.0 984.5 1042.0
927.0 984.5 1042.0
927.0 984.5 1042.0
927.0 984.5 1042.0
927.0 984.5 1042.0
927.0 984.5 1042.0
