15413.0 15983.0 16553.0
10911.0 11404.5 11898.0
8211.0 9972.0 11733.0
6666.0 8116.5 9567.0
7312.0 7366.0 7420.0
3642.0 5000.0 6358.0
3642.0 3865.0 4088.0
3642.0 3865.0 4088.0
3429.0 3758.5 4088.0
2887.0 3091.5 3296.0
2887.0 3039.0 3191.0
2503.0 2695.0 2887.0
2159.0 2523.0 2887.0
2159.0 2523.0 2887.0
2159.0 2523.0 2887.0
2159.0 2523.0 2887.0
2159.0 2523.0 2887.0
2159.0 2523.0 2887.0
2159.0 2523.0 2887.0
2159.0 2523.0 2887.0
2159.0 2523.0 2887.0
2159.0 2523.0 2887.0
2159.0 2230.0 2301.0
1726.0 1942.5 2159.0
1726.0 2078.0 2430.0
1726.0 2078.0 2430.0
1726.0 2078.0 2430.0
1726.0 2078.0 2430.0
1726.0 2078.0 2430.0
1726.0 2078.0 2430.0
1726.0 2078.0 2430.0
1726.0 2078.0 2430.0
1726.0 2078.0 2430.0
1726.0 2078.0 2430.0
1726.0 2078.0 2430.0
1726.0 2078.0 2430.0
1726.0 2078.0 2430.0
1726.0 2078.0 2430.0
1726.0 2078.0 2430.0
1726.0 2078.0 2430.0
1726.0 2078.0 2430.0
1726.0 2078.0 2430.0
1726.0 2078.0 2430.0
1726.0 2078.0 2430.0
1726.0 2078.0 2430.0
1726.0 2078.0 2430.0
1726.0 2078.0 2430.0
1726.0 2078.0 2430.0
1726.0 2078.0 2430.0
1309.0 1517.5 1726.0
1309.0 1517.5 1726.0
1309.0 1517.5 1726.0
1309.0 1517.5 1726.0
1309.0 1517.5 1726.0
1309.0 1517.5 1726.0
1309.0 1517.5 1726.0
1309.0 1517.5 1726.0
1309.0 1517.5 1726.0
1309.0 1517.5 1726.0
1309.0 1517.5 1726.0
1309.0 1517.5 1726.0
1309.0 1517.5 1726.0
1309.0 1517.5 1726.0
1309.0 1517.5 1726.0
1309.0 1517.5 1726.0
1309.0 1517.5 1726.0
1309.0 1517.5 1726.0
1309.0 1517.5 1726.0
1309.0 1517.5 1726.0
1309.0 1517.5 1726.0
1309.0 1517.5 1726.0
1309.0 1517.5 1726.0
1309.0 1517.5 1726.0
1309.0 1517.5 1726.0
1309.0 1517.5 1726.0
1309.0 1517.5 1726.0
1309.0 1517.5 1726.0
1309.0 1517.5 1726.0
1309.0 1517.5 1726.0
1309.0 1517.5 1726.0
1309.0 1517.5 1726.0
1309.0 1517.5 1726.0
1309.0 1517.5 1726.0
1309.0 1517.5 1726.0
1309.0 1517.5 1726.0
1309.0 1517.5 1726.0
1309.0 1517.5 1726.0
1309.0 1517.5 1726.0
1309.0 1517.5 1726.0
1309.0 1517.5 1726.0
1309.0 1517.5 1726.0
1309.0 1517.5 1726.0
1309.0 1517.5 1726.0
1309.0 1517.5 1726.0
1309.0 1517.5 1726.0
1309.0 1517.5 1726.0
1309.0 1517.5 1726.0
1309.0 1517.5 1726.0
1309.0 1517.5 1726.0
1309.0 1517.5 1726.0
1309.0 1517.5 1726.0
1309.0 1517.5 1726.0
1309.0 1517.5 1726.0
1309.0 1517.5 1726.0
1309.0 1517.5 1726.0
1309.0 1517.5 1726.0
1309.0 1517.5 1726.0
1309.0 1517.5 1726.0
1309.0 1517.5 1726.0
1309.0 1517.5 1726.0
1309.0 1517.5 1726.0
1309.0 1517.5 1726.0
1309.0 1517.5 1726.0
1309.0 1517.5 1726.0
1309.0 1517.5 1726.0
1309.0 1517.5 1726.0
1309.0 1517.5 1726.0
1309.0 1517.5 1726.0
1309.0 1517.5 1726.0
1309.0 1517.5 1726.0
1309.0 1517.5 1726.0
1309.0 1517.5 1726.0
1309.0 1517.5 1726.0
1309.0 1517.5 1726.0
1309.0 1517.5 1726.0
1309.0 1517.5 1726.0
1309.0 1566.0 1823.0
1309.0 1566.0 1823.0
1309.0 1566.0 1823.0
1309.0 1566.0 1823.0
1309.0 1566.0 1823.0
1309.0 1566.0 1823.0
1309.0 1566.0 1823.0
1309.0 1566.0 1823.0
1309.0 1566.0 1823.0
1309.0 1566.0 1823.0
1309.0 1566.0 1823.0
1309.0 1566.0 1823.0
1309.0 1566.0 1823.0
1309.0 1566.0 1823.0
1309.0 1566.0 1823.0
1309.0 1566.0 1823.0
1309.0 1566.0 1823.0
1309.0 1566.0 1823.0
1309.0 1566.0 1823.0
1309.0 1566.0 1823.0
1309.0 1566.0 1823.0
1309.0 1566.0 1823.0
1309.0 1566.0 1823.0
1309.0 1566.0 1823.0
1309.0 1566.0 1823.0
1309.0 1566.0 1823.0
1309.0 1566.0 1823.0
1309.0 1566.0 1823.0
1309.0 1566.0 1823.0
1309.0 1566.0 1823.0
1309.0 1566.0 1823.0
1309.0 1566.0 1823.0
1309.0 1566.0 1823.0
1309.0 1566.0 1823.0
1309.0 1566.0 1823.0
1309.0 1566.0 1823.0
1309.0 1566.0 1823.0
1309.0 1566.0 1823.0
1309.0 1566.0 1823.0
1309.0 1566.0 1823.0
1309.0 1566.0 1823.0
1309.0 1566.0 1823.0
1309.0 1566.0 1823.0
1309.0 1566.0 1823.0
1309.0 1566.0 1823.0
1309.0 1566.0 1823.0
1309.0 1566.0 1823.0
1309.0 1566.0 1823.0
1309.0 1566.0 1823.0
1309.0 1566.0 1823.0
1309.0 1566.0 1823.0
1309.0 1566.0 1823.0
1309.0 1566.0 1823.0
1309.0 1566.0 1823.0
1309.0 1566.0 1823.0
1309.0 1566.0 1823.0
1309.0 1566.0 1823.0
1309.0 1566.0 1823.0
1309.0 1566.0 1823.0
1309.0 1566.0 1823.0
1309.0 1566.0 1823.0
1309.0 1566.0 1823.0
1309.0 1566.0 1823.0
1309.0 1566.0 1823.0
1309.0 1566.0 1823.0
1309.0 1566.0 1823.0
1309.0 1566.0 1823.0
1309.0 1566.0 1823.0
1309.0 1566.0 1823.0
1309.0 1566.0 1823.0
1309.0 1566.0 1823.0
1309.0 1566.0 1823.0
1309.0 1566.0 1823.0
1309.0 1566.0 1823.0
