13583.0 14806.5 16030.0
11754.0 12134.5 12515.0
10543.0 11209.0 11875.0
6628.0 7250.5 7873.0
6109.0 6863.5 7618.0
5759.0 5762.5 5766.0
4527.0 5095.5 5664.0
3682.0 4248.5 4815.0
3064.0 3132.0 3200.0
2570.0 2817.0 3064.0
2570.0 2817.0 3064.0
2084.0 2574.0 3064.0
2084.0 2574.0 3064.0
2084.0 2574.0 3064.0
2892.0 2978.0 3064.0
2241.0 2523.0 2805.0
1338.0 1598.0 1858.0
1338.0 1598.0 1858.0
1338.0 1598.0 1858.0
1338.0 1598.0 1858.0
1338.0 1598.0 1858.0
1338.0 1598.0 1858.0
1338.0 1598.0 1858.0
1338.0 1598.0 1858.0
1338.0 1598.0 1858.0
1338.0 1598.0 1858.0
1338.0 1598.0 1858.0
1338.0 1598.0 1858.0
1338.0 1598.0 1858.0
1338.0 1598.0 1858.0
1338.0 1598.0 1858.0
1338.0 1598.0 1858.0
1338.0 1598.0 1858.0
1338.0 1598.0 1858.0
1338.0 1598.0 1858.0
1338.0 1598.0 1858.0
1338.0 1598.0 1858.0
1338.0 1598.0 1858.0
1338.0 1598.0 1858.0
1338.0 1598.0 1858.0
1338.0 1598.0 1858.0
1338.0 1598.0 1858.0
1338.0 1598.0 1858.0
1338.0 1598.0 1858.0
1338.0 1598.0 1858.0
1338.0 1598.0 1858.0
1338.0 1598.0 1858.0
1338.0 1598.0 1858.0
1338.0 1598.0 1858.0
1338.0 1598.0 1858.0
1338.0 1598.0 1858.0
1338.0 1598.0 1858.0
1338.0 1598.0 1858.0
1338.0 1598.0 1858.0
1338.0 1598.0 1858.0
1338.0 1598.0 1858.0
1338.0 1598.0 1858.0
1338.0 1598.0 1858.0
1338.0 1598.0 1858.0
1338.0 1598.0 1858.0
1338.0 1598.0 1858.0
1338.0 1598.0 1858.0
1338.0 1598.0 1858.0
1338.0 1598.0 1858.0
1338.0 1598.0 1858.0
1338.0 1598.0 1858.0
1338.0 1598.0 1858.0
1338.0 1598.0 1858.0
1338.0 1598.0 1858.0
1338.0 1598.0 1858.0
1338.0 1598.0 1858.0
1338.0 1598.0 1858.0
1338.0 1456.0 1574.0
1316.0 1327.0 1338.0
1316.0 1327.0 1338.0
1316.0 1327.0 1338.0
1316.0 1327.0 1338.0
1316.0 1327.0 1338.0
1316.0 1327.0 1338.0
1316.0 1327.0 1338.0
1316.0 1327.0 1338.0
1316.0 1327.0 1338.0
1316.0 1327.0 1338.0
1316.0 1327.0 1338.0
1316.0 1327.0 1338.0
1316.0 1327.0 1338.0
1316.0 1327.0 1338.0
1316.0 1327.0 1338.0
1316.0 1327.0 1338.0
1316.0 1327.0 1338.0
1316.0 1327.0 1338.0
1316.0 1327.0 1338.0
1316.0 1327.0 1338.0
1316.0 1327.0 1338.0
1316.0 1327.0 1338.0
1316.0 1327.0 1338.0
1316.0 1327.0 1338.0
1316.0 1327.0 1338.0
1316.0 1327.0 1338.0
1316.0 1327.0 1338.0
1316.0 1327.0 1338.0
1316.0 1327.0 1338.0
1316.0 1327.0 1338.0
1316.0 1327.0 1338.0
1316.0 1327.0 1338.0
1316.0 1327.0 1338.0
1316.0 1327.0 1338.0
1316.0 1327.0 1338.0
1316.0 1327.0 1338.0
1316.0 1327.0 1338.0
1316.0 1327.0 1338.0
1316.0 1327.0 1338.0
1316.0 1327.0 1338.0
1316.0 1327.0 1338.0
1316.0 1327.0 1338.0
1316.0 1327.0 1338.0
1316.0 1327.0 1338.0
1316.0 1327.0 1338.0
1316.0 1327.0 1338.0
1316.0 1327.0 1338.0
1316.0 1327.0 1338.0
1316.0 1327.0 1338.0
1316.0 1327.0 1338.0
1316.0 1327.0 1338.0
1316.0 1327.0 1338.0
1316.0 1327.0 1338.0
1316.0 1327.0 1338.0
1316.0 1327.0 1338.0
1316.0 1327.0 1338.0
1316.0 1327.0 1338.0
1316.0 1327.0 1338.0
1316.0 1327.0 1338.0
1316.0 1327.0 1338.0
1316.0 1327.0 1338.0
1316.0 1327.0 1338.0
1316.0 1327.0 1338.0
1316.0 1327.0 1338.0
1316.0 1327.0 1338.0
1316.0 1327.0 1338.0
1316.0 1327.0 1338.0
1316.0 1327.0 1338.0
1316.0 1327.0 1338.0
1316.0 1327.0 1338.0
1316.0 1327.0 1338.0
1316.0 1327.0 1338.0
1316.0 1327.0 1338.0
1316.0 1327.0 1338.0
1316.0 1327.0 1338.0
1316.0 1327.0 1338.0
1316.0 1327.0 1338.0
1316.0 1327.0 1338.0
1316.0 1327.0 1338.0
1316.0 1327.0 1338.0
1316.0 1327.0 1338.0
1316.0 1327.0 1338.0
1316.0 1327.0 1338.0
1316.0 1327.0 1338.0
1316.0 1327.0 1338.0
1316.0 1327.0 1338.0
1316.0 1327.0 1338.0
1316.0 1327.0 1338.0
1316.0 1327.0 1338.0
1316.0 1327.0 1338.0
1316.0 1327.0 1338.0
1316.0 1327.0 1338.0
1316.0 1327.0 1338.0
1316.0 1327.0 1338.0
1316.0 1327.0 1338.0
1316.0 1327.0 1338.0
1316.0 1327.0 1338.0
1316.0 1327.0 1338.0
1316.0 1327.0 1338.0
1316.0 1327.0 1338.0
1316.0 1327.0 1338.0
1316.0 1327.0 1338.0
1316.0 1327.0 1338.0
1316.0 1327.0 1338.0
1316.0 1327.0 1338.0
1316.0 1327.0 1338.0
1316.0 1327.0 1338.0
1316.0 1327.0 1338.0
1316.0 1327.0 1338.0
1316.0 1327.0 1338.0
1316.0 1327.0 1338.0
1316.0 1327.0 1338.0
1316.0 1327.0 1338.0
1316.0 1327.0 1338.0
1316.0 1327.0 1338.0
1316.0 1327.0 1338.0
1316.0 1327.0 1338.0
1316.0 1327.0 1338.0
1316.0 1327.0 1338.0
1316.0 1327.0 1338.0
1316.0 1327.0 1338.0
1316.0 1327.0 1338.0
1316.0 1327.0 1338.0
1316.0 1327.0 1338.0
1316.0 1327.0 1338.0
1316.0 1327.0 1338.0
1316.0 1327.0 1338.0
