11029.0 12755.0 14481.0
10031.0 10361.5 10692.0
6129.0 8234.0 10339.0
5121.0 5365.5 5610.0
3625.0 3849.5 4074.0
3980.0 4033.0 4086.0
2832.0 3490.5 4149.0
2139.0 2756.5 3374.0
1726.0 2126.0 2526.0
1726.0 2126.0 2526.0
1726.0 1988.0 2250.0
1726.0 1866.5 2007.0
1277.0 1501.5 1726.0
1277.0 1501.5 1726.0
1334.0 1530.0 1726.0
1334.0 1530.0 1726.0
1334.0 1530.0 1726.0
1334.0 1530.0 1726.0
1334.0 1530.0 1726.0
1334.0 1530.0 1726.0
1334.0 1530.0 1726.0
1334.0 1530.0 1726.0
1334.0 1530.0 1726.0
1334.0 1530.0 1726.0
1334.0 1530.0 1726.0
1334.0 1530.0 1726.0
1334.0 1475.0 1616.0
1334.0 1475.0 1616.0
1334.0 1475.0 1616.0
1233.0 1283.5 1334.0
1233.0 1283.5 1334.0
1233.0 1283.5 1334.0
1233.0 1283.5 1334.0
1233.0 1283.5 1334.0
1233.0 1283.5 1334.0
1233.0 1283.5 1334.0
1233.0 1283.5 1334.0
1233.0 1283.5 1334.0
1233.0 1283.5 1334.0
1233.0 1283.5 1334.0
1233.0 1283.5 1334.0
1233.0 1283.5 1334.0
1233.0 1283.5 1334.0
1233.0 1283.5 1334.0
1233.0 1283.5 1334.0
1233.0 1283.5 1334.0
1233.0 1283.5 1334.0
1233.0 1283.5 1334.0
1233.0 1283.5 1334.0
1233.0 1283.5 1334.0
1233.0 1283.5 1334.0
1233.0 1283.5 1334.0
1233.0 1283.5 1334.0
1233.0 1283.5 1334.0
1233.0 1283.5 1334.0
1233.0 1283.5 1334.0
1233.0 1283.5 1334.0
1233.0 1283.5 1334.0
1233.0 1283.5 1334.0
1233.0 1283.5 1334.0
1233.0 1283.5 1334.0
1233.0 1283.5 1334.0
1233.0 1283.5 1334.0
1233.0 1283.5 1334.0
1233.0 1283.5 1334.0
1233.0 1283.5 1334.0
1233.0 1283.5 1334.0
1233.0 1283.5 1334.0
1233.0 1283.5 1334.0
1233.0 1283.5 1334.0
1233.0 1283.5 1334.0
1233.0 1283.5 1334.0
1233.0 1283.5 1334.0
1233.0 1283.5 1334.0
1233.0 1283.5 1334.0
1233.0 1283.5 1334.0
1233.0 1283.5 1334.0
1233.0 1283.5 1334.0
1233.0 1283.5 1334.0
1233.0 1283.5 1334.0
1233.0 1283.5 1334.0
1233.0 1283.5 1334.0
1233.0 1283.5 1334.0
1233.0 1283.5 1334.0
1233.0 1283.5 1334.0
1233.0 1283.5 1334.0
1233.0 1283.5 1334.0
1233.0 1283.5 1334.0
1233.0 1283.5 1334.0
1233.0 1283.5 1334.0
1233.0 1283.5 1334.0
1233.0 1283.5 1334.0
1233.0 1283.5 1334.0
1233.0 1283.5 1334.0
1233.0 1283.5 1334.0
1233.0 1283.5 1334.0
1233.0 1283.5 1334.0
1233.0 1283.5 1334.0
1233.0 1283.5 1334.0
1233.0 1283.5 1334.0
1233.0 1283.5 1334.0
1233.0 1283.5 1334.0
1233.0 1283.5 1334.0
1233.0 1283.5 1334.0
1233.0 1283.5 1334.0
1233.0 1283.5 1334.0
1233.0 1283.5 1334.0
1233.0 1283.5 1334.0
1233.0 1283.5 1334.0
1233.0 1283.5 1334.0
1233.0 1283.5 1334.0
1233.0 1283.5 1334.0
1233.0 1283.5 1334.0
1233.0 1283.5 1334.0
1233.0 1283.5 1334.0
1233.0 1283.5 1334.0
1233.0 1283.5 1334.0
1233.0 1283.5 1334.0
1233.0 1283.5 1334.0
1233.0 1283.5 1334.0
1233.0 1283.5 1334.0
1233.0 1283.5 1334.0
1233.0 1283.5 1334.0
1233.0 1283.5 1334.0
1233.0 1283.5 1334.0
1233.0 1283.5 1334.0
1233.0 1283.5 1334.0
1233.0 1283.5 1334.0
1233.0 1283.5 1334.0
1233.0 1283.5 1334.0
1233.0 1283.5 1334.0
1233.0 1283.5 1334.0
1233.0 1283.5 1334.0
1233.0 1283.5 1334.0
1233.0 1283.5 1334.0
1233.0 1283.5 1334.0
1233.0 1283.5 1334.0
1083.0 1208.5 1334.0
1083.0 1208.5 1334.0
751.0 1042.5 1334.0
751.0 1042.5 1334.0
751.0 1042.5 1334.0
751.0 1042.5 1334.0
751.0 1042.5 1334.0
751.0 1042.5 1334.0
751.0 1042.5 1334.0
751.0 1042.5 1334.0
751.0 1042.5 1334.0
751.0 1042.5 1334.0
751.0 1042.5 1334.0
751.0 1042.5 1334.0
751.0 1042.5 1334.0
751.0 1042.5 1334.0
751.0 1042.5 1334.0
751.0 1042.5 1334.0
751.0 1042.5 1334.0
751.0 1042.5 1334.0
751.0 1042.5 1334.0
751.0 1042.5 1334.0
751.0 1042.5 1334.0
751.0 1042.5 1334.0
751.0 1042.5 1334.0
751.0 1042.5 1334.0
751.0 1042.5 1334.0
751.0 1042.5 1334.0
751.0 1042.5 1334.0
751.0 1042.5 1334.0
751.0 1042.5 1334.0
751.0 1042.5 1334.0
751.0 1042.5 1334.0
751.0 1042.5 1334.0
751.0 1042.5 1334.0
751.0 1042.5 1334.0
751.0 1042.5 1334.0
751.0 1042.5 1334.0
751.0 1042.5 1334.0
751.0 1029.5 1308.0
751.0 1029.5 1308.0
751.0 831.0 911.0
751.0 831.0 911.0
751.0 831.0 911.0
751.0 831.0 911.0
751.0 831.0 911.0
751.0 831.0 911.0
751.0 831.0 911.0
751.0 831.0 911.0
751.0 831.0 911.0
751.0 831.0 911.0
751.0 831.0 911.0
751.0 831.0 911.0
751.0 831.0 911.0
751.0 831.0 911.0
751.0 831.0 911.0
751.0 831.0 911.0
751.0 831.0 911.0
751.0 831.0 911.0
751.0 831.0 911.0
751.0 831.0 911.0
751.0 831.0 911.0
751.0 831.0 911.0
