12908.0 14340.5 15773.0
12570.0 12990.0 13410.0
11952.0 12115.0 12278.0
9515.0 9967.5 10420.0
8550.0 8877.5 9205.0
7644.0 7812.5 7981.0
5134.0 5327.5 5521.0
3665.0 3867.0 4069.0
3665.0 3867.0 4069.0
3665.0 3867.0 4069.0
3665.0 4055.0 4445.0
3486.0 3575.5 3665.0
2802.0 3212.0 3622.0
2802.0 3460.5 4119.0
2685.0 2743.5 2802.0
2207.0 2446.0 2685.0
2207.0 2446.0 2685.0
2207.0 2446.0 2685.0
2207.0 2446.0 2685.0
2207.0 2446.0 2685.0
2207.0 2446.0 2685.0
2207.0 2446.0 2685.0
1933.0 2070.0 2207.0
1933.0 2070.0 2207.0
1933.0 2389.0 2845.0
1933.0 2044.5 2156.0
1933.0 2044.5 2156.0
1933.0 2044.5 2156.0
1933.0 2044.5 2156.0
1933.0 2044.5 2156.0
1933.0 2044.5 2156.0
1933.0 2044.5 2156.0
1933.0 2044.5 2156.0
1933.0 2044.5 2156.0
1933.0 2044.5 2156.0
1933.0 2044.5 2156.0
1933.0 2044.5 2156.0
1933.0 2044.5 2156.0
1933.0 2044.5 2156.0
1933.0 2044.5 2156.0
1933.0 2044.5 2156.0
1933.0 2044.5 2156.0
1933.0 2044.5 2156.0
1933.0 2044.5 2156.0
1933.0 2044.5 2156.0
1933.0 2044.5 2156.0
1933.0 2044.5 2156.0
1933.0 2044.5 2156.0
1933.0 2044.5 2156.0
1933.0 2044.5 2156.0
1575.0 1865.5 2156.0
1794.0 1975.0 2156.0
1794.0 1975.0 2156.0
1794.0 1975.0 2156.0
1794.0 1975.0 2156.0
1794.0 1975.0 2156.0
1794.0 1975.0 2156.0
1794.0 1975.0 2156.0
1794.0 1975.0 2156.0
1794.0 1975.0 2156.0
1794.0 1975.0 2156.0
1794.0 1975.0 2156.0
1794.0 1975.0 2156.0
1794.0 1975.0 2156.0
1794.0 1975.0 2156.0
1794.0 1975.0 2156.0
1794.0 1975.0 2156.0
1794.0 1975.0 2156.0
1794.0 1975.0 2156.0
1794.0 1975.0 2156.0
1794.0 1975.0 2156.0
1794.0 1975.0 2156.0
1794.0 1975.0 2156.0
1794.0 1975.0 2156.0
1794.0 1975.0 2156.0
1794.0 1975.0 2156.0
1794.0 1975.0 2156.0
1794.0 1975.0 2156.0
1794.0 1975.0 2156.0
1794.0 1975.0 2156.0
1794.0 1975.0 2156.0
1794.0 1975.0 2156.0
1794.0 1975.0 2156.0
1794.0 1975.0 2156.0
1794.0 1975.0 2156.0
1794.0 1975.0 2156.0
1794.0 1975.0 2156.0
1794.0 1975.0 2156.0
1794.0 1975.0 2156.0
1794.0 1975.0 2156.0
1794.0 1975.0 2156.0
1794.0 1975.0 2156.0
1794.0 1975.0 2156.0
1794.0 1975.0 2156.0
1794.0 1975.0 2156.0
1794.0 1975.0 2156.0
1794.0 1975.0 2156.0
1794.0 1975.0 2156.0
1794.0 1975.0 2156.0
1794.0 1975.0 2156.0
1794.0 1975.0 2156.0
1794.0 1975.0 2156.0
1794.0 1975.0 2156.0
1794.0 1975.0 2156.0
1794.0 1975.0 2156.0
1794.0 1975.0 2156.0
1794.0 1975.0 2156.0
1794.0 1975.0 2156.0
1794.0 1975.0 2156.0
1794.0 1975.0 2156.0
1794.0 1975.0 2156.0
1794.0 1975.0 2156.0
1794.0 1975.0 2156.0
1794.0 1975.0 2156.0
1794.0 1975.0 2156.0
1794.0 1975.0 2156.0
1794.0 1975.0 2156.0
1794.0 1975.0 2156.0
1794.0 1975.0 2156.0
1794.0 1841.5 1889.0
1556.0 1675.0 1794.0
1556.0 1675.0 1794.0
1556.0 1675.0 1794.0
1556.0 1675.0 1794.0
1556.0 1675.0 1794.0
1556.0 1675.0 1794.0
1556.0 1675.0 1794.0
1556.0 1675.0 1794.0
1556.0 1675.0 1794.0
1556.0 1675.0 1794.0
1556.0 1675.0 1794.0
1556.0 1675.0 1794.0
1556.0 1675.0 1794.0
1556.0 1675.0 1794.0
1556.0 1675.0 1794.0
1556.0 1675.0 1794.0
1556.0 1675.0 1794.0
1556.0 1675.0 1794.0
1556.0 1675.0 1794.0
1556.0 1675.0 1794.0
1556.0 1675.0 1794.0
1556.0 1675.0 1794.0
1556.0 1675.0 1794.0
1556.0 1675.0 1794.0
1556.0 1675.0 1794.0
1556.0 1675.0 1794.0
1556.0 1675.0 1794.0
1556.0 1675.0 1794.0
1556.0 1675.0 1794.0
1556.0 1675.0 1794.0
1556.0 1675.0 1794.0
1556.0 1675.0 1794.0
1556.0 1675.0 1794.0
1556.0 1675.0 1794.0
1556.0 1675.0 1794.0
1556.0 1675.0 1794.0
1556.0 1675.0 1794.0
1556.0 1675.0 1794.0
1556.0 1675.0 1794.0
1556.0 1675.0 1794.0
1556.0 1675.0 1794.0
1556.0 1675.0 1794.0
1556.0 1675.0 1794.0
1556.0 1675.0 1794.0
1556.0 1675.0 1794.0
1556.0 1675.0 1794.0
1556.0 1675.0 1794.0
1556.0 1675.0 1794.0
1556.0 1675.0 1794.0
1556.0 1675.0 1794.0
1556.0 1675.0 1794.0
1556.0 1675.0 1794.0
1556.0 1675.0 1794.0
1556.0 1675.0 1794.0
1556.0 1675.0 1794.0
1556.0 1675.0 1794.0
1556.0 1675.0 1794.0
1556.0 1675.0 1794.0
1556.0 1675.0 1794.0
1556.0 1675.0 1794.0
1556.0 1675.0 1794.0
1556.0 1675.0 1794.0
1556.0 1675.0 1794.0
1556.0 1675.0 1794.0
1556.0 1675.0 1794.0
1556.0 1675.0 1794.0
1556.0 1675.0 1794.0
1556.0 1675.0 1794.0
1556.0 1675.0 1794.0
1556.0 1675.0 1794.0
1556.0 1675.0 1794.0
1556.0 1675.0 1794.0
1556.0 1675.0 1794.0
1556.0 1675.0 1794.0
1556.0 1675.0 1794.0
1556.0 1675.0 1794.0
1556.0 1675.0 1794.0
1556.0 1675.0 1794.0
1556.0 1675.0 1794.0
1556.0 1675.0 1794.0
