13877.0 14669.0 15461.0
12041.0 12808.0 13575.0
10665.0 11745.5 12826.0
9498.0 10450.0 11402.0
6743.0 7352.0 7961.0
6402.0 6767.0 7132.0
4755.0 5335.5 5916.0
4720.0 5375.5 6031.0
4720.0 4818.0 4916.0
4720.0 4994.5 5269.0
4720.0 4817.5 4915.0
4220.0 4470.0 4720.0
2906.0 3085.0 3264.0
2906.0 3085.0 3264.0
2778.0 3021.0 3264.0
2339.0 2801.5 3264.0
2339.0 2801.5 3264.0
2339.0 2801.5 3264.0
2339.0 2801.5 3264.0
2339.0 2801.5 3264.0
2339.0 2816.0 3293.0
2339.0 2485.5 2632.0
2339.0 2485.5 2632.0
2339.0 2485.5 2632.0
2339.0 2485.5 2632.0
2339.0 2485.5 2632.0
2339.0 2485.5 2632.0
2339.0 2485.5 2632.0
2339.0 2485.5 2632.0
2409.0 2520.5 2632.0
2409.0 2520.5 2632.0
2409.0 2520.5 2632.0
2409.0 2520.5 2632.0
2409.0 2520.5 2632.0
1541.0 1878.5 2216.0
1541.0 2020.5 2500.0
1541.0 1878.5 2216.0
1541.0 1878.5 2216.0
1541.0 1878.5 2216.0
1541.0 1878.5 2216.0
1541.0 1878.5 2216.0
1541.0 1878.5 2216.0
1541.0 1878.5 2216.0
1541.0 1878.5 2216.0
1541.0 1878.5 2216.0
1541.0 1878.5 2216.0
1541.0 1878.5 2216.0
1541.0 1878.5 2216.0
1541.0 1878.5 2216.0
1541.0 1878.5 2216.0
1541.0 1878.5 2216.0
1541.0 1878.5 2216.0
1541.0 1878.5 2216.0
1541.0 1878.5 2216.0
1541.0 1878.5 2216.0
1541.0 1878.5 2216.0
1541.0 1878.5 2216.0
1541.0 1878.5 2216.0
1541.0 1878.5 2216.0
1541.0 1878.5 2216.0
1541.0 1878.5 2216.0
1541.0 1878.5 2216.0
1541.0 1878.5 2216.0
1541.0 1878.5 2216.0
1541.0 1878.5 2216.0
1541.0 1878.5 2216.0
1541.0 1878.5 2216.0
1541.0 1544.0 1547.0
1541.0 1544.0 1547.0
1541.0 1544.0 1547.0
1541.0 1544.0 1547.0
1541.0 1544.0 1547.0
1541.0 1544.0 1547.0
1541.0 1544.0 1547.0
1541.0 1544.0 1547.0
1541.0 1544.0 1547.0
1541.0 1544.0 1547.0
1541.0 1544.0 1547.0
1541.0 1544.0 1547.0
1541.0 1544.0 1547.0
1541.0 1544.0 1547.0
1541.0 1544.0 1547.0
1541.0 1544.0 1547.0
1541.0 1544.0 1547.0
1541.0 1544.0 1547.0
1541.0 1544.0 1547.0
1541.0 1544.0 1547.0
1541.0 1544.0 1547.0
1541.0 1544.0 1547.0
1541.0 1544.0 1547.0
1541.0 1544.0 1547.0
1541.0 1544.0 1547.0
1541.0 1544.0 1547.0
1541.0 1544.0 1547.0
1541.0 1544.0 1547.0
1541.0 1544.0 1547.0
1541.0 1544.0 1547.0
1541.0 1544.0 1547.0
1541.0 1544.0 1547.0
1541.0 1544.0 1547.0
1541.0 1544.0 1547.0
1541.0 1544.0 1547.0
1541.0 1544.0 1547.0
1541.0 1544.0 1547.0
1541.0 1544.0 1547.0
1541.0 1544.0 1547.0
1541.0 1544.0 1547.0
1541.0 1544.0 1547.0
1541.0 1544.0 1547.0
1541.0 1544.0 1547.0
1541.0 1544.0 1547.0
1541.0 1544.0 1547.0
1541.0 1544.0 1547.0
1541.0 1544.0 1547.0
1541.0 1544.0 1547.0
1541.0 1544.0 1547.0
1541.0 1544.0 1547.0
1541.0 1544.0 1547.0
1541.0 1544.0 1547.0
1541.0 1544.0 1547.0
1541.0 1544.0 1547.0
1541.0 1544.0 1547.0
1541.0 1544.0 1547.0
1541.0 1544.0 1547.0
1541.0 1544.0 1547.0
1541.0 1544.0 1547.0
1541.0 1544.0 1547.0
1541.0 1544.0 1547.0
1541.0 1544.0 1547.0
1541.0 1544.0 1547.0
1541.0 1544.0 1547.0
1541.0 1544.0 1547.0
1541.0 1544.0 1547.0
1541.0 1544.0 1547.0
1541.0 1544.0 1547.0
1541.0 1544.0 1547.0
1541.0 1544.0 1547.0
1541.0 1544.0 1547.0
1541.0 1544.0 1547.0
1541.0 1544.0 1547.0
1541.0 1544.0 1547.0
1541.0 1544.0 1547.0
1541.0 1544.0 1547.0
1541.0 1544.0 1547.0
1541.0 1544.0 1547.0
1541.0 1544.0 1547.0
1541.0 1544.0 1547.0
1541.0 1544.0 1547.0
1541.0 1544.0 1547.0
1541.0 1544.0 1547.0
1541.0 1544.0 1547.0
1541.0 1544.0 1547.0
1541.0 1544.0 1547.0
1541.0 1544.0 1547.0
1541.0 1544.0 1547.0
1541.0 1544.0 1547.0
1541.0 1544.0 1547.0
1541.0 1544.0 1547.0
1541.0 1544.0 1547.0
1541.0 1544.0 1547.0
1541.0 1544.0 1547.0
1541.0 1544.0 1547.0
1541.0 1544.0 1547.0
1541.0 1544.0 1547.0
1541.0 1544.0 1547.0
1541.0 1544.0 1547.0
1541.0 1544.0 1547.0
1541.0 1544.0 1547.0
1541.0 1544.0 1547.0
1541.0 1544.0 1547.0
1541.0 1544.0 1547.0
1541.0 1544.0 1547.0
1541.0 1544.0 1547.0
1541.0 1544.0 1547.0
1541.0 1544.0 1547.0
1541.0 1544.0 1547.0
1541.0 1544.0 1547.0
1541.0 1544.0 1547.0
1541.0 1544.0 1547.0
1541.0 1544.0 1547.0
1541.0 1544.0 1547.0
1541.0 1544.0 1547.0
1541.0 1544.0 1547.0
1541.0 1544.0 1547.0
1541.0 1544.0 1547.0
1541.0 1544.0 1547.0
1541.0 1544.0 1547.0
1541.0 1544.0 1547.0
1541.0 1544.0 1547.0
1541.0 1544.0 1547.0
1541.0 1544.0 1547.0
1541.0 1544.0 1547.0
1541.0 1544.0 1547.0
1541.0 1544.0 1547.0
1541.0 1544.0 1547.0
1541.0 1544.0 1547.0
1541.0 1544.0 1547.0
1541.0 1544.0 1547.0
1541.0 1544.0 1547.0
1541.0 1544.0 1547.0
