15567.0 15856.5 16146.0
10190.0 12204.0 14218.0
8884.0 13268.5 17653.0
8811.0 10799.0 12787.0
5336.0 6362.5 7389.0
5336.0 6034.0 6732.0
4376.0 5065.5 5755.0
3779.0 4077.5 4376.0
2779.0 3279.0 3779.0
2779.0 3536.0 4293.0
2779.0 3536.0 4293.0
2466.0 3379.5 4293.0
2279.0 2742.5 3206.0
2279.0 2742.5 3206.0
2279.0 2794.0 3309.0
2279.0 2622.0 2965.0
1931.0 2105.0 2279.0
1931.0 2105.0 2279.0
1931.0 2105.0 2279.0
1931.0 2105.0 2279.0
1931.0 2105.0 2279.0
1931.0 2105.0 2279.0
1931.0 2105.0 2279.0
1931.0 2105.0 2279.0
1931.0 2130.5 2330.0
1931.0 2130.5 2330.0
1391.0 1860.5 2330.0
1391.0 1860.5 2330.0
1391.0 1860.5 2330.0
1391.0 1860.5 2330.0
1391.0 1860.5 2330.0
1391.0 1860.5 2330.0
1391.0 1860.5 2330.0
1391.0 1860.5 2330.0
1391.0 1860.5 2330.0
1391.0 1860.5 2330.0
1391.0 1860.5 2330.0
1391.0 1860.5 2330.0
1391.0 1530.0 1669.0
1391.0 1530.0 1669.0
1391.0 1530.0 1669.0
1391.0 1530.0 1669.0
1391.0 1572.0 1753.0
1391.0 1572.0 1753.0
1391.0 1572.0 1753.0
1391.0 1572.0 1753.0
1391.0 1572.0 1753.0
1391.0 1572.0 1753.0
1391.0 1572.0 1753.0
1391.0 1572.0 1753.0
1391.0 1572.0 1753.0
1391.0 1572.0 1753.0
1391.0 1572.0 1753.0
1391.0 1572.0 1753.0
1391.0 1572.0 1753.0
1391.0 1572.0 1753.0
1391.0 1572.0 1753.0
1391.0 1572.0 1753.0
1391.0 1572.0 1753.0
1391.0 1572.0 1753.0
1391.0 1572.0 1753.0
1391.0 1572.0 1753.0
1391.0 1572.0 1753.0
1391.0 1572.0 1753.0
1391.0 1572.0 1753.0
1391.0 1572.0 1753.0
1391.0 1572.0 1753.0
1391.0 1572.0 1753.0
1391.0 1572.0 1753.0
1391.0 1572.0 1753.0
1391.0 1572.0 1753.0
1391.0 1572.0 1753.0
1391.0 1572.0 1753.0
1391.0 1572.0 1753.0
1391.0 1572.0 1753.0
1391.0 1572.0 1753.0
1391.0 1572.0 1753.0
1391.0 1572.0 1753.0
1391.0 1572.0 1753.0
1391.0 1572.0 1753.0
1391.0 1572.0 1753.0
1391.0 1572.0 1753.0
1391.0 1572.0 1753.0
1391.0 1572.0 1753.0
1391.0 1572.0 1753.0
1391.0 1572.0 1753.0
1391.0 1572.0 1753.0
1391.0 1572.0 1753.0
1391.0 1572.0 1753.0
1391.0 1572.0 1753.0
1391.0 1572.0 1753.0
1391.0 1572.0 1753.0
1391.0 1572.0 1753.0
1391.0 1572.0 1753.0
1391.0 1572.0 1753.0
1391.0 1572.0 1753.0
1391.0 1572.0 1753.0
1391.0 1572.0 1753.0
1391.0 1572.0 1753.0
1391.0 1572.0 1753.0
1391.0 1572.0 1753.0
1391.0 1572.0 1753.0
1391.0 1572.0 1753.0
1391.0 1572.0 1753.0
1391.0 1572.0 1753.0
1391.0 1572.0 1753.0
1391.0 1572.0 1753.0
1391.0 1572.0 1753.0
1391.0 1572.0 1753.0
1391.0 1572.0 1753.0
1391.0 1572.0 1753.0
1391.0 1572.0 1753.0
1391.0 1572.0 1753.0
1391.0 1572.0 1753.0
1391.0 1572.0 1753.0
1391.0 1572.0 1753.0
1391.0 1572.0 1753.0
1391.0 1572.0 1753.0
1391.0 1572.0 1753.0
1391.0 1572.0 1753.0
1391.0 1572.0 1753.0
1391.0 1572.0 1753.0
1391.0 1572.0 1753.0
1391.0 1572.0 1753.0
1391.0 1572.0 1753.0
1391.0 1572.0 1753.0
1391.0 1572.0 1753.0
1391.0 1572.0 1753.0
1391.0 1572.0 1753.0
1391.0 1572.0 1753.0
1391.0 1572.0 1753.0
1391.0 1572.0 1753.0
1391.0 1572.0 1753.0
1391.0 1572.0 1753.0
1391.0 1572.0 1753.0
1391.0 1572.0 1753.0
1391.0 1572.0 1753.0
1391.0 1572.0 1753.0
1391.0 1572.0 1753.0
1391.0 1572.0 1753.0
1391.0 1572.0 1753.0
1391.0 1572.0 1753.0
1391.0 1572.0 1753.0
1391.0 1572.0 1753.0
1391.0 1572.0 1753.0
1391.0 1572.0 1753.0
1391.0 1572.0 1753.0
1391.0 1572.0 1753.0
1391.0 1572.0 1753.0
1391.0 1572.0 1753.0
1391.0 1572.0 1753.0
1391.0 1572.0 1753.0
1391.0 1572.0 1753.0
1391.0 1572.0 1753.0
1391.0 1572.0 1753.0
1391.0 1572.0 1753.0
1391.0 1572.0 1753.0
1391.0 1572.0 1753.0
1391.0 1572.0 1753.0
1391.0 1572.0 1753.0
1391.0 1572.0 1753.0
1391.0 1572.0 1753.0
1391.0 1572.0 1753.0
1391.0 1572.0 1753.0
1391.0 1572.0 1753.0
1391.0 1572.0 1753.0
1391.0 1572.0 1753.0
1391.0 1572.0 1753.0
1391.0 1572.0 1753.0
1391.0 1572.0 1753.0
1391.0 1572.0 1753.0
1391.0 1572.0 1753.0
1391.0 1572.0 1753.0
1391.0 1572.0 1753.0
1391.0 1572.0 1753.0
1391.0 1572.0 1753.0
1391.0 1572.0 1753.0
1391.0 1572.0 1753.0
1391.0 1572.0 1753.0
1391.0 1572.0 1753.0
1391.0 1572.0 1753.0
1391.0 1572.0 1753.0
1391.0 1572.0 1753.0
1391.0 1572.0 1753.0
1391.0 1572.0 1753.0
1391.0 1572.0 1753.0
1391.0 1572.0 1753.0
1391.0 1572.0 1753.0
1391.0 1572.0 1753.0
1391.0 1572.0 1753.0
1391.0 1572.0 1753.0
1391.0 1572.0 1753.0
1391.0 1572.0 1753.0
1391.0 1572.0 1753.0
1391.0 1572.0 1753.0
1391.0 1572.0 1753.0
1391.0 1572.0 1753.0
1391.0 1572.0 1753.0
1391.0 1572.0 1753.0
1391.0 1572.0 1753.0
