10470.0 11621.5 12773.0
7163.0 9148.0 11133.0
7943.0 8872.0 9801.0
6566.0 6841.5 7117.0
2650.0 3560.5 4471.0
2650.0 3968.5 5287.0
3068.0 3487.5 3907.0
1956.0 2191.5 2427.0
1956.0 2100.0 2244.0
1975.0 2158.5 2342.0
1508.0 1925.0 2342.0
1490.0 1916.0 2342.0
1490.0 1734.5 1979.0
1333.0 1656.0 1979.0
1013.0 1229.0 1445.0
952.0 1198.5 1445.0
929.0 1187.0 1445.0
644.0 1044.5 1445.0
644.0 1044.5 1445.0
644.0 1044.5 1445.0
644.0 1044.5 1445.0
644.0 1044.5 1445.0
644.0 1013.0 1382.0
644.0 1013.0 1382.0
644.0 858.5 1073.0
644.0 858.5 1073.0
644.0 858.5 1073.0
644.0 858.5 1073.0
644.0 858.5 1073.0
644.0 858.5 1073.0
644.0 858.5 1073.0
644.0 858.5 1073.0
644.0 858.5 1073.0
644.0 858.5 1073.0
644.0 858.5 1073.0
644.0 858.5 1073.0
644.0 858.5 1073.0
644.0 858.5 1073.0
644.0 858.5 1073.0
644.0 858.5 1073.0
644.0 858.5 1073.0
644.0 858.5 1073.0
644.0 858.5 1073.0
644.0 858.5 1073.0
644.0 858.5 1073.0
644.0 946.5 1249.0
644.0 946.5 1249.0
644.0 839.5 1035.0
644.0 839.5 1035.0
644.0 839.5 1035.0
644.0 839.5 1035.0
644.0 839.5 1035.0
644.0 839.5 1035.0
644.0 839.5 1035.0
644.0 839.5 1035.0
644.0 839.5 1035.0
644.0 839.5 1035.0
644.0 839.5 1035.0
644.0 839.5 1035.0
644.0 839.5 1035.0
644.0 839.5 1035.0
644.0 839.5 1035.0
644.0 839.5 1035.0
644.0 839.5 1035.0
644.0 839.5 1035.0
644.0 839.5 1035.0
644.0 839.5 1035.0
644.0 839.5 1035.0
644.0 839.5 1035.0
644.0 839.5 1035.0
644.0 839.5 1035.0
644.0 839.5 1035.0
644.0 839.5 1035.0
644.0 839.5 1035.0
644.0 839.5 1035.0
644.0 839.5 1035.0
644.0 839.5 1035.0
644.0 839.5 1035.0
644.0 839.5 1035.0
644.0 839.5 1035.0
644.0 839.5 1035.0
644.0 839.5 1035.0
644.0 839.5 1035.0
644.0 839.5 1035.0
644.0 839.5 1035.0
644.0 839.5 1035.0
644.0 839.5 1035.0
644.0 839.5 1035.0
644.0 839.5 1035.0
644.0 839.5 1035.0
644.0 839.5 1035.0
644.0 839.5 1035.0
644.0 839.5 1035.0
644.0 839.5 1035.0
644.0 839.5 1035.0
644.0 839.5 1035.0
644.0 839.5 1035.0
644.0 839.5 1035.0
644.0 839.5 1035.0
644.0 839.5 1035.0
644.0 839.5 1035.0
644.0 839.5 1035.0
644.0 839.5 1035.0
644.0 839.5 1035.0
644.0 839.5 1035.0
644.0 839.5 1035.0
644.0 839.5 1035.0
644.0 839.5 1035.0
644.0 839.5 1035.0
644.0 839.5 1035.0
644.0 839.5 1035.0
644.0 839.5 1035.0
644.0 839.5 1035.0
644.0 839.5 1035.0
644.0 839.5 1035.0
644.0 839.5 1035.0
644.0 839.5 1035.0
644.0 839.5 1035.0
644.0 839.5 1035.0
644.0 839.5 1035.0
644.0 839.5 1035.0
644.0 839.5 1035.0
644.0 839.5 1035.0
644.0 839.5 1035.0
644.0 839.5 1035.0
644.0 839.5 1035.0
644.0 839.5 1035.0
644.0 839.5 1035.0
644.0 839.5 1035.0
644.0 839.5 1035.0
644.0 839.5 1035.0
644.0 839.5 1035.0
644.0 839.5 1035.0
644.0 839.5 1035.0
644.0 839.5 1035.0
644.0 839.5 1035.0
644.0 839.5 1035.0
644.0 839.5 1035.0
644.0 839.5 1035.0
644.0 839.5 1035.0
644.0 839.5 1035.0
644.0 839.5 1035.0
644.0 839.5 1035.0
644.0 839.5 1035.0
644.0 839.5 1035.0
644.0 839.5 1035.0
644.0 839.5 1035.0
644.0 839.5 1035.0
644.0 839.5 1035.0
644.0 839.5 1035.0
644.0 839.5 1035.0
644.0 839.5 1035.0
644.0 839.5 1035.0
644.0 839.5 1035.0
644.0 839.5 1035.0
644.0 839.5 1035.0
644.0 839.5 1035.0
644.0 839.5 1035.0
644.0 839.5 1035.0
644.0 839.5 1035.0
644.0 839.5 1035.0
644.0 839.5 1035.0
644.0 839.5 1035.0
644.0 839.5 1035.0
644.0 839.5 1035.0
644.0 839.5 1035.0
644.0 839.5 1035.0
644.0 839.5 1035.0
644.0 839.5 1035.0
644.0 839.5 1035.0
644.0 839.5 1035.0
644.0 839.5 1035.0
644.0 839.5 1035.0
644.0 839.5 1035.0
644.0 839.5 1035.0
644.0 839.5 1035.0
644.0 839.5 1035.0
644.0 839.5 1035.0
644.0 839.5 1035.0
644.0 839.5 1035.0
644.0 839.5 1035.0
644.0 839.5 1035.0
644.0 839.5 1035.0
644.0 839.5 1035.0
644.0 839.5 1035.0
644.0 839.5 1035.0
644.0 839.5 1035.0
644.0 839.5 1035.0
644.0 839.5 1035.0
644.0 839.5 1035.0
644.0 839.5 1035.0
644.0 839.5 1035.0
644.0 839.5 1035.0
644.0 839.5 1035.0
644.0 839.5 1035.0
644.0 839.5 1035.0
644.0 839.5 1035.0
644.0 839.5 1035.0
644.0 839.5 1035.0
644.0 839.5 1035.0
