13447.0 14177.0 14907.0
11702.0 11816.5 11931.0
8006.0 8313.0 8620.0
6225.0 7556.0 8887.0
5974.0 6007.0 6040.0
4532.0 4640.5 4749.0
4203.0 4476.0 4749.0
3422.0 4129.0 4836.0
2661.0 3138.5 3616.0
2733.0 3106.0 3479.0
2726.0 2729.5 2733.0
2726.0 2729.5 2733.0
2726.0 2729.5 2733.0
2726.0 2729.5 2733.0
1638.0 2291.0 2944.0
1638.0 1771.5 1905.0
1217.0 1427.5 1638.0
1217.0 1427.5 1638.0
1217.0 1427.5 1638.0
1217.0 1427.5 1638.0
1217.0 1427.5 1638.0
1217.0 1427.5 1638.0
1217.0 1427.5 1638.0
1217.0 1427.5 1638.0
1217.0 1427.5 1638.0
1217.0 1427.5 1638.0
1217.0 1427.5 1638.0
1217.0 1427.5 1638.0
1217.0 1427.5 1638.0
1217.0 1427.5 1638.0
1217.0 1427.5 1638.0
1217.0 1427.5 1638.0
1217.0 1427.5 1638.0
1217.0 1427.5 1638.0
1217.0 1427.5 1638.0
1217.0 1427.5 1638.0
1217.0 1427.5 1638.0
1217.0 1427.5 1638.0
1217.0 1427.5 1638.0
1217.0 1427.5 1638.0
1217.0 1427.5 1638.0
1217.0 1427.5 1638.0
1217.0 1427.5 1638.0
1217.0 1427.5 1638.0
1217.0 1427.5 1638.0
1217.0 1604.5 1992.0
1217.0 1604.5 1992.0
1217.0 1432.0 1647.0
1217.0 1432.0 1647.0
1217.0 1432.0 1647.0
1217.0 1432.0 1647.0
1217.0 1432.0 1647.0
1217.0 1432.0 1647.0
1217.0 1432.0 1647.0
1217.0 1432.0 1647.0
1217.0 1432.0 1647.0
1217.0 1432.0 1647.0
1217.0 1432.0 1647.0
1217.0 1432.0 1647.0
1217.0 1432.0 1647.0
1217.0 1432.0 1647.0
1217.0 1432.0 1647.0
1217.0 1432.0 1647.0
1217.0 1432.0 1647.0
1217.0 1432.0 1647.0
1217.0 1432.0 1647.0
1217.0 1432.0 1647.0
1217.0 1432.0 1647.0
1217.0 1432.0 1647.0
1217.0 1432.0 1647.0
1217.0 1432.0 1647.0
1217.0 1432.0 1647.0
1217.0 1432.0 1647.0
1217.0 1432.0 1647.0
1217.0 1432.0 1647.0
1217.0 1432.0 1647.0
1217.0 1432.0 1647.0
1217.0 1432.0 1647.0
1217.0 1432.0 1647.0
1217.0 1432.0 1647.0
1217.0 1432.0 1647.0
1217.0 1432.0 1647.0
1217.0 1432.0 1647.0
1217.0 1432.0 1647.0
1217.0 1432.0 1647.0
1217.0 1432.0 1647.0
1217.0 1432.0 1647.0
1217.0 1432.0 1647.0
1217.0 1432.0 1647.0
1217.0 1432.0 1647.0
1217.0 1432.0 1647.0
1217.0 1432.0 1647.0
1217.0 1432.0 1647.0
1217.0 1432.0 1647.0
1217.0 1432.0 1647.0
1217.0 1432.0 1647.0
1217.0 1432.0 1647.0
1217.0 1432.0 1647.0
1217.0 1432.0 1647.0
1217.0 1432.0 1647.0
1217.0 1432.0 1647.0
1217.0 1432.0 1647.0
1217.0 1432.0 1647.0
1217.0 1432.0 1647.0
1217.0 1432.0 1647.0
1217.0 1432.0 1647.0
1217.0 1432.0 1647.0
1217.0 1432.0 1647.0
1217.0 1432.0 1647.0
1217.0 1432.0 1647.0
1217.0 1432.0 1647.0
1217.0 1432.0 1647.0
1217.0 1432.0 1647.0
1217.0 1432.0 1647.0
1217.0 1432.0 1647.0
1217.0 1432.0 1647.0
1217.0 1432.0 1647.0
1217.0 1432.0 1647.0
1217.0 1432.0 1647.0
1217.0 1432.0 1647.0
1217.0 1432.0 1647.0
1217.0 1432.0 1647.0
1217.0 1432.0 1647.0
1217.0 1432.0 1647.0
936.0 1291.5 1647.0
936.0 1291.5 1647.0
936.0 1291.5 1647.0
936.0 1291.5 1647.0
936.0 1291.5 1647.0
936.0 1291.5 1647.0
936.0 1291.5 1647.0
936.0 1291.5 1647.0
936.0 1291.5 1647.0
936.0 1291.5 1647.0
936.0 1291.5 1647.0
936.0 1291.5 1647.0
936.0 1291.5 1647.0
936.0 1291.5 1647.0
936.0 1291.5 1647.0
936.0 1291.5 1647.0
936.0 1291.5 1647.0
936.0 1291.5 1647.0
936.0 1291.5 1647.0
936.0 1291.5 1647.0
936.0 1291.5 1647.0
936.0 1291.5 1647.0
936.0 1291.5 1647.0
936.0 1291.5 1647.0
936.0 1291.5 1647.0
936.0 1291.5 1647.0
936.0 1291.5 1647.0
936.0 1291.5 1647.0
936.0 1291.5 1647.0
936.0 1291.5 1647.0
936.0 1291.5 1647.0
936.0 1291.5 1647.0
936.0 1291.5 1647.0
936.0 1291.5 1647.0
936.0 1291.5 1647.0
936.0 1291.5 1647.0
936.0 1291.5 1647.0
936.0 1291.5 1647.0
936.0 1291.5 1647.0
936.0 1291.5 1647.0
936.0 1291.5 1647.0
936.0 1291.5 1647.0
936.0 1291.5 1647.0
936.0 1291.5 1647.0
936.0 1291.5 1647.0
936.0 1291.5 1647.0
936.0 1291.5 1647.0
936.0 1291.5 1647.0
936.0 1291.5 1647.0
936.0 1291.5 1647.0
936.0 1291.5 1647.0
936.0 1291.5 1647.0
936.0 1291.5 1647.0
936.0 1291.5 1647.0
936.0 1291.5 1647.0
936.0 1291.5 1647.0
936.0 1291.5 1647.0
936.0 1291.5 1647.0
936.0 1291.5 1647.0
936.0 1291.5 1647.0
936.0 1291.5 1647.0
936.0 1291.5 1647.0
936.0 1291.5 1647.0
936.0 1291.5 1647.0
936.0 1291.5 1647.0
936.0 1291.5 1647.0
936.0 1291.5 1647.0
936.0 1291.5 1647.0
936.0 1291.5 1647.0
936.0 1291.5 1647.0
936.0 1291.5 1647.0
936.0 1291.5 1647.0
936.0 1291.5 1647.0
936.0 1291.5 1647.0
936.0 1291.5 1647.0
936.0 1291.5 1647.0
