16029.0 16464.0 16899.0
11397.0 12652.0 13907.0
9182.0 9859.0 10536.0
7726.0 8515.0 9304.0
6373.0 6655.5 6938.0
5584.0 5999.5 6415.0
4277.0 5485.0 6693.0
4363.0 4634.0 4905.0
3168.0 3765.5 4363.0
3054.0 3111.0 3168.0
2945.0 3056.5 3168.0
2402.0 2785.0 3168.0
2402.0 2785.0 3168.0
2402.0 2815.5 3229.0
2402.0 2440.5 2479.0
2402.0 2421.5 2441.0
1789.0 2095.5 2402.0
1789.0 2095.5 2402.0
1789.0 2095.5 2402.0
2066.0 2234.0 2402.0
1877.0 1881.0 1885.0
1591.0 1738.0 1885.0
1591.0 1738.0 1885.0
1591.0 1738.0 1885.0
1591.0 1738.0 1885.0
1591.0 1738.0 1885.0
1591.0 1738.0 1885.0
1591.0 1738.0 1885.0
1591.0 1738.0 1885.0
1591.0 1738.0 1885.0
1591.0 1738.0 1885.0
1591.0 1738.0 1885.0
1591.0 1738.0 1885.0
1197.0 1394.0 1591.0
1107.0 1349.0 1591.0
1107.0 1349.0 1591.0
1107.0 1349.0 1591.0
1107.0 1349.0 1591.0
1107.0 1349.0 1591.0
1107.0 1349.0 1591.0
1107.0 1349.0 1591.0
1107.0 1349.0 1591.0
1107.0 1349.0 1591.0
1107.0 1349.0 1591.0
1107.0 1349.0 1591.0
1107.0 1349.0 1591.0
1107.0 1349.0 1591.0
1107.0 1349.0 1591.0
1107.0 1349.0 1591.0
1107.0 1349.0 1591.0
1107.0 1349.0 1591.0
1107.0 1349.0 1591.0
1107.0 1349.0 1591.0
1107.0 1349.0 1591.0
1107.0 1349.0 1591.0
1107.0 1349.0 1591.0
1107.0 1349.0 1591.0
1107.0 1349.0 1591.0
1107.0 1349.0 1591.0
1107.0 1349.0 1591.0
1107.0 1349.0 1591.0
1107.0 1349.0 1591.0
1107.0 1349.0 1591.0
1107.0 1349.0 1591.0
1107.0 1349.0 1591.0
1107.0 1349.0 1591.0
1107.0 1349.0 1591.0
1107.0 1349.0 1591.0
1107.0 1349.0 1591.0
1107.0 1349.0 1591.0
1107.0 1349.0 1591.0
1107.0 1349.0 1591.0
1107.0 1349.0 1591.0
1107.0 1349.0 1591.0
1107.0 1349.0 1591.0
1107.0 1349.0 1591.0
1107.0 1349.0 1591.0
1107.0 1349.0 1591.0
1107.0 1349.0 1591.0
1107.0 1349.0 1591.0
1107.0 1349.0 1591.0
1107.0 1349.0 1591.0
1107.0 1349.0 1591.0
1107.0 1349.0 1591.0
1107.0 1349.0 1591.0
1107.0 1320.5 1534.0
1107.0 1320.5 1534.0
1107.0 1320.5 1534.0
1107.0 1320.5 1534.0
1107.0 1320.5 1534.0
1107.0 1320.5 1534.0
1107.0 1320.5 1534.0
1107.0 1320.5 1534.0
1107.0 1320.5 1534.0
1107.0 1320.5 1534.0
1107.0 1320.5 1534.0
1107.0 1320.5 1534.0
1107.0 1320.5 1534.0
1107.0 1320.5 1534.0
1107.0 1320.5 1534.0
1107.0 1320.5 1534.0
1107.0 1320.5 1534.0
1107.0 1320.5 1534.0
1107.0 1320.5 1534.0
1107.0 1320.5 1534.0
1107.0 1320.5 1534.0
1107.0 1320.5 1534.0
1107.0 1320.5 1534.0
1107.0 1320.5 1534.0
1107.0 1320.5 1534.0
1107.0 1320.5 1534.0
1107.0 1320.5 1534.0
1107.0 1320.5 1534.0
1107.0 1320.5 1534.0
1107.0 1320.5 1534.0
1107.0 1320.5 1534.0
1107.0 1320.5 1534.0
1107.0 1320.5 1534.0
1107.0 1320.5 1534.0
1107.0 1320.5 1534.0
1107.0 1320.5 1534.0
1107.0 1320.5 1534.0
1107.0 1320.5 1534.0
1107.0 1320.5 1534.0
1107.0 1320.5 1534.0
1107.0 1320.5 1534.0
1107.0 1320.5 1534.0
1107.0 1320.5 1534.0
1107.0 1320.5 1534.0
1107.0 1320.5 1534.0
1107.0 1320.5 1534.0
1107.0 1320.5 1534.0
1107.0 1320.5 1534.0
1107.0 1320.5 1534.0
1107.0 1320.5 1534.0
1107.0 1320.5 1534.0
1107.0 1320.5 1534.0
1107.0 1320.5 1534.0
1107.0 1320.5 1534.0
1107.0 1320.5 1534.0
1107.0 1320.5 1534.0
1107.0 1320.5 1534.0
1107.0 1320.5 1534.0
1107.0 1320.5 1534.0
1107.0 1320.5 1534.0
1107.0 1320.5 1534.0
1107.0 1320.5 1534.0
1107.0 1320.5 1534.0
1107.0 1320.5 1534.0
1107.0 1320.5 1534.0
1107.0 1320.5 1534.0
1107.0 1320.5 1534.0
1107.0 1320.5 1534.0
1107.0 1320.5 1534.0
1107.0 1192.5 1278.0
1107.0 1192.5 1278.0
1107.0 1192.5 1278.0
1107.0 1192.5 1278.0
1107.0 1192.5 1278.0
1107.0 1192.5 1278.0
1107.0 1192.5 1278.0
1107.0 1192.5 1278.0
1107.0 1192.5 1278.0
1107.0 1192.5 1278.0
1107.0 1192.5 1278.0
1107.0 1192.5 1278.0
1107.0 1192.5 1278.0
1107.0 1192.5 1278.0
1107.0 1192.5 1278.0
1107.0 1192.5 1278.0
1107.0 1192.5 1278.0
1107.0 1192.5 1278.0
1107.0 1192.5 1278.0
1107.0 1192.5 1278.0
1107.0 1192.5 1278.0
1107.0 1192.5 1278.0
1107.0 1192.5 1278.0
1107.0 1192.5 1278.0
1107.0 1192.5 1278.0
1107.0 1192.5 1278.0
1107.0 1192.5 1278.0
1107.0 1192.5 1278.0
1107.0 1192.5 1278.0
1107.0 1192.5 1278.0
1107.0 1192.5 1278.0
1107.0 1192.5 1278.0
1107.0 1192.5 1278.0
1107.0 1192.5 1278.0
1107.0 1192.5 1278.0
1107.0 1192.5 1278.0
1107.0 1192.5 1278.0
1107.0 1192.5 1278.0
1107.0 1192.5 1278.0
1107.0 1192.5 1278.0
1107.0 1192.5 1278.0
1107.0 1192.5 1278.0
1107.0 1192.5 1278.0
1107.0 1192.5 1278.0
1107.0 1192.5 1278.0
1107.0 1192.5 1278.0
