11668.0 12729.0 13790.0
11630.0 11783.0 11936.0
8549.0 8870.0 9191.0
6316.0 6488.5 6661.0
3364.0 4682.5 6001.0
3189.0 3506.0 3823.0
2778.0 3137.0 3496.0
2280.0 2450.5 2621.0
2451.0 2616.5 2782.0
1791.0 2253.5 2716.0
1791.0 1847.5 1904.0
1021.0 1191.5 1362.0
1021.0 1223.5 1426.0
1102.0 1264.0 1426.0
1102.0 1215.5 1329.0
758.0 1043.5 1329.0
758.0 1043.5 1329.0
758.0 1043.5 1329.0
758.0 1043.5 1329.0
758.0 1043.5 1329.0
758.0 1043.5 1329.0
758.0 1043.5 1329.0
758.0 1043.5 1329.0
758.0 1043.5 1329.0
758.0 1043.5 1329.0
758.0 1043.5 1329.0
758.0 1043.5 1329.0
758.0 1043.5 1329.0
758.0 1043.5 1329.0
758.0 1043.5 1329.0
758.0 1043.5 1329.0
758.0 1043.5 1329.0
758.0 1043.5 1329.0
758.0 1043.5 1329.0
758.0 1043.5 1329.0
758.0 1043.5 1329.0
758.0 1043.5 1329.0
758.0 1043.5 1329.0
758.0 1046.0 1334.0
758.0 1046.0 1334.0
758.0 1046.0 1334.0
758.0 1046.0 1334.0
758.0 1046.0 1334.0
758.0 1046.0 1334.0
758.0 1046.0 1334.0
758.0 1046.0 1334.0
758.0 1046.0 1334.0
758.0 1046.0 1334.0
758.0 1046.0 1334.0
758.0 1046.0 1334.0
758.0 1046.0 1334.0
758.0 1046.0 1334.0
758.0 1046.0 1334.0
758.0 1046.0 1334.0
758.0 1046.0 1334.0
758.0 1046.0 1334.0
758.0 1046.0 1334.0
758.0 1046.0 1334.0
758.0 1046.0 1334.0
758.0 1046.0 1334.0
758.0 1046.0 1334.0
758.0 1046.0 1334.0
758.0 1046.0 1334.0
758.0 1046.0 1334.0
758.0 1046.0 1334.0
758.0 1046.0 1334.0
758.0 1046.0 1334.0
758.0 1046.0 1334.0
758.0 1046.0 1334.0
758.0 1046.0 1334.0
758.0 1046.0 1334.0
758.0 1046.0 1334.0
758.0 1046.0 1334.0
758.0 1046.0 1334.0
758.0 1046.0 1334.0
758.0 1046.0 1334.0
758.0 1046.0 1334.0
758.0 1046.0 1334.0
758.0 1046.0 1334.0
758.0 1046.0 1334.0
758.0 1046.0 1334.0
758.0 1046.0 1334.0
758.0 1046.0 1334.0
758.0 1046.0 1334.0
758.0 938.0 1118.0
758.0 938.0 1118.0
758.0 938.0 1118.0
758.0 938.0 1118.0
758.0 938.0 1118.0
758.0 938.0 1118.0
758.0 938.0 1118.0
758.0 938.0 1118.0
758.0 938.0 1118.0
758.0 938.0 1118.0
758.0 938.0 1118.0
758.0 938.0 1118.0
758.0 938.0 1118.0
758.0 938.0 1118.0
758.0 938.0 1118.0
758.0 938.0 1118.0
758.0 938.0 1118.0
758.0 938.0 1118.0
758.0 938.0 1118.0
758.0 938.0 1118.0
758.0 938.0 1118.0
758.0 938.0 1118.0
758.0 938.0 1118.0
758.0 938.0 1118.0
758.0 938.0 1118.0
758.0 938.0 1118.0
758.0 938.0 1118.0
758.0 938.0 1118.0
758.0 938.0 1118.0
758.0 938.0 1118.0
758.0 938.0 1118.0
758.0 938.0 1118.0
758.0 938.0 1118.0
758.0 938.0 1118.0
758.0 938.0 1118.0
758.0 938.0 1118.0
758.0 938.0 1118.0
758.0 938.0 1118.0
758.0 938.0 1118.0
758.0 938.0 1118.0
758.0 938.0 1118.0
758.0 938.0 1118.0
758.0 938.0 1118.0
758.0 938.0 1118.0
758.0 938.0 1118.0
758.0 938.0 1118.0
758.0 938.0 1118.0
758.0 938.0 1118.0
758.0 938.0 1118.0
758.0 938.0 1118.0
758.0 938.0 1118.0
758.0 938.0 1118.0
758.0 938.0 1118.0
758.0 938.0 1118.0
758.0 938.0 1118.0
758.0 938.0 1118.0
758.0 938.0 1118.0
758.0 938.0 1118.0
758.0 938.0 1118.0
758.0 938.0 1118.0
758.0 938.0 1118.0
758.0 938.0 1118.0
758.0 938.0 1118.0
758.0 938.0 1118.0
758.0 938.0 1118.0
758.0 938.0 1118.0
758.0 938.0 1118.0
758.0 938.0 1118.0
758.0 938.0 1118.0
758.0 938.0 1118.0
758.0 938.0 1118.0
758.0 938.0 1118.0
758.0 938.0 1118.0
758.0 938.0 1118.0
758.0 938.0 1118.0
758.0 938.0 1118.0
758.0 938.0 1118.0
758.0 938.0 1118.0
758.0 938.0 1118.0
758.0 938.0 1118.0
758.0 938.0 1118.0
758.0 938.0 1118.0
758.0 938.0 1118.0
758.0 938.0 1118.0
758.0 938.0 1118.0
758.0 938.0 1118.0
758.0 938.0 1118.0
758.0 938.0 1118.0
758.0 938.0 1118.0
758.0 938.0 1118.0
758.0 938.0 1118.0
758.0 938.0 1118.0
758.0 938.0 1118.0
758.0 938.0 1118.0
758.0 938.0 1118.0
758.0 938.0 1118.0
758.0 938.0 1118.0
758.0 938.0 1118.0
758.0 938.0 1118.0
758.0 938.0 1118.0
758.0 938.0 1118.0
758.0 938.0 1118.0
758.0 938.0 1118.0
758.0 938.0 1118.0
758.0 938.0 1118.0
758.0 938.0 1118.0
758.0 938.0 1118.0
758.0 938.0 1118.0
758.0 938.0 1118.0
758.0 938.0 1118.0
758.0 938.0 1118.0
758.0 938.0 1118.0
758.0 938.0 1118.0
758.0 938.0 1118.0
758.0 938.0 1118.0
758.0 938.0 1118.0
