9553.0 9949.5 10346.0
7550.0 8192.5 8835.0
6153.0 7407.0 8661.0
5521.0 6120.5 6720.0
3525.0 4849.5 6174.0
2814.0 3481.0 4148.0
2814.0 3004.5 3195.0
2772.0 2793.0 2814.0
2462.0 2638.0 2814.0
2153.0 2307.5 2462.0
1879.0 1998.0 2117.0
1724.0 1861.5 1999.0
1511.0 1659.5 1808.0
1330.0 1420.5 1511.0
1213.0 1442.0 1671.0
1213.0 1254.5 1296.0
1213.0 1254.5 1296.0
1213.0 1254.5 1296.0
1213.0 1254.5 1296.0
1213.0 1254.5 1296.0
1213.0 1254.5 1296.0
1213.0 1254.5 1296.0
1213.0 1254.5 1296.0
1213.0 1254.5 1296.0
1213.0 1254.5 1296.0
1213.0 1254.5 1296.0
1213.0 1254.5 1296.0
1213.0 1254.5 1296.0
1213.0 1254.5 1296.0
1213.0 1254.5 1296.0
1213.0 1254.5 1296.0
1213.0 1254.5 1296.0
1213.0 1254.5 1296.0
1213.0 1254.5 1296.0
1213.0 1254.5 1296.0
1213.0 1254.5 1296.0
1213.0 1254.5 1296.0
1213.0 1254.5 1296.0
1213.0 1254.5 1296.0
1213.0 1254.5 1296.0
1213.0 1254.5 1296.0
1213.0 1254.5 1296.0
1213.0 1254.5 1296.0
1213.0 1254.5 1296.0
1213.0 1254.5 1296.0
1213.0 1254.5 1296.0
1213.0 1254.5 1296.0
1213.0 1254.5 1296.0
1213.0 1254.5 1296.0
1213.0 1254.5 1296.0
1213.0 1254.5 1296.0
1213.0 1254.5 1296.0
1213.0 1254.5 1296.0
1213.0 1254.5 1296.0
1213.0 1254.5 1296.0
1213.0 1254.5 1296.0
1213.0 1254.5 1296.0
1213.0 1254.5 1296.0
1213.0 1254.5 1296.0
1213.0 1254.5 1296.0
1213.0 1254.5 1296.0
1213.0 1254.5 1296.0
1213.0 1254.5 1296.0
1213.0 1254.5 1296.0
1213.0 1254.5 1296.0
1213.0 1254.5 1296.0
1213.0 1254.5 1296.0
1213.0 1254.5 1296.0
1213.0 1254.5 1296.0
1213.0 1254.5 1296.0
1213.0 1254.5 1296.0
1213.0 1254.5 1296.0
1213.0 1254.5 1296.0
1213.0 1254.5 1296.0
1213.0 1254.5 1296.0
1213.0 1254.5 1296.0
1213.0 1254.5 1296.0
1213.0 1254.5 1296.0
1213.0 1254.5 1296.0
1213.0 1254.5 1296.0
1213.0 1254.5 1296.0
1213.0 1254.5 1296.0
1213.0 1254.5 1296.0
1213.0 1254.5 1296.0
1213.0 1254.5 1296.0
1213.0 1254.5 1296.0
1213.0 1254.5 1296.0
1213.0 1254.5 1296.0
1213.0 1254.5 1296.0
1213.0 1254.5 1296.0
1213.0 1254.5 1296.0
1213.0 1254.5 1296.0
1213.0 1254.5 1296.0
1213.0 1254.5 1296.0
1213.0 1254.5 1296.0
1213.0 1254.5 1296.0
1213.0 1254.5 1296.0
1213.0 1254.5 1296.0
1213.0 1254.5 1296.0
1213.0 1254.5 1296.0
1213.0 1254.5 1296.0
1213.0 1254.5 1296.0
1213.0 1254.5 1296.0
1213.0 1254.5 1296.0
1213.0 1254.5 1296.0
1213.0 1254.5 1296.0
1213.0 1254.5 1296.0
1213.0 1254.5 1296.0
1213.0 1254.5 1296.0
1213.0 1254.5 1296.0
1213.0 1254.5 1296.0
1213.0 1254.5 1296.0
1213.0 1254.5 1296.0
1213.0 1254.5 1296.0
1213.0 1254.5 1296.0
1213.0 1254.5 1296.0
1213.0 1254.5 1296.0
1213.0 1254.5 1296.0
1213.0 1254.5 1296.0
1213.0 1254.5 1296.0
1213.0 1254.5 1296.0
1213.0 1254.5 1296.0
1213.0 1254.5 1296.0
1213.0 1254.5 1296.0
1213.0 1254.5 1296.0
1213.0 1254.5 1296.0
1213.0 1254.5 1296.0
1213.0 1254.5 1296.0
1213.0 1254.5 1296.0
1213.0 1254.5 1296.0
1213.0 1254.5 1296.0
1213.0 1254.5 1296.0
1213.0 1254.5 1296.0
1213.0 1254.5 1296.0
1213.0 1254.5 1296.0
1213.0 1254.5 1296.0
1213.0 1254.5 1296.0
1213.0 1254.5 1296.0
1213.0 1254.5 1296.0
1213.0 1254.5 1296.0
1213.0 1254.5 1296.0
1213.0 1254.5 1296.0
1213.0 1254.5 1296.0
1213.0 1254.5 1296.0
1213.0 1254.5 1296.0
1213.0 1254.5 1296.0
1213.0 1254.5 1296.0
1213.0 1254.5 1296.0
1213.0 1254.5 1296.0
1213.0 1254.5 1296.0
1213.0 1254.5 1296.0
1213.0 1254.5 1296.0
1213.0 1254.5 1296.0
1296.0 1403.0 1510.0
1296.0 1403.0 1510.0
1296.0 1403.0 1510.0
1296.0 1403.0 1510.0
1296.0 1403.0 1510.0
1296.0 1403.0 1510.0
1296.0 1403.0 1510.0
1296.0 1403.0 1510.0
1296.0 1403.0 1510.0
1296.0 1403.0 1510.0
1296.0 1403.0 1510.0
1296.0 1403.0 1510.0
1296.0 1403.0 1510.0
1296.0 1403.0 1510.0
1296.0 1403.0 1510.0
1296.0 1403.0 1510.0
1296.0 1403.0 1510.0
1296.0 1403.0 1510.0
1296.0 1403.0 1510.0
1296.0 1403.0 1510.0
1296.0 1403.0 1510.0
1296.0 1403.0 1510.0
1296.0 1403.0 1510.0
1296.0 1403.0 1510.0
1296.0 1403.0 1510.0
1296.0 1403.0 1510.0
1296.0 1403.0 1510.0
1296.0 1403.0 1510.0
1296.0 1403.0 1510.0
1296.0 1403.0 1510.0
1296.0 1403.0 1510.0
1296.0 1403.0 1510.0
1296.0 1403.0 1510.0
1296.0 1403.0 1510.0
1296.0 1403.0 1510.0
1296.0 1403.0 1510.0
1296.0 1403.0 1510.0
1296.0 1403.0 1510.0
1296.0 1403.0 1510.0
1296.0 1403.0 1510.0
1296.0 1403.0 1510.0
1296.0 1403.0 1510.0
1296.0 1403.0 1510.0
1296.0 1403.0 1510.0
1296.0 1403.0 1510.0
1296.0 1403.0 1510.0
1296.0 1403.0 1510.0
