16089.0 16110.0 16131.0
13541.0 13775.5 14010.0
11246.0 11587.5 11929.0
9673.0 9819.0 9965.0
6961.0 8581.5 10202.0
5476.0 6218.5 6961.0
4071.0 4362.0 4653.0
2601.0 3627.0 4653.0
2601.0 3214.5 3828.0
3203.0 3884.0 4565.0
3034.0 3118.5 3203.0
3034.0 3118.5 3203.0
2613.0 2908.0 3203.0
2613.0 2908.0 3203.0
2331.0 2767.0 3203.0
2331.0 2767.0 3203.0
2265.0 2386.5 2508.0
2265.0 2407.0 2549.0
2265.0 2407.0 2549.0
2265.0 2407.0 2549.0
2181.0 2223.0 2265.0
1729.0 1997.0 2265.0
1650.0 1957.5 2265.0
1364.0 1814.5 2265.0
1364.0 1814.5 2265.0
1364.0 1814.5 2265.0
1364.0 1814.5 2265.0
1364.0 1814.5 2265.0
1364.0 1814.5 2265.0
1364.0 1814.5 2265.0
1364.0 1814.5 2265.0
1364.0 1814.5 2265.0
1364.0 1814.5 2265.0
1364.0 1814.5 2265.0
1364.0 1814.5 2265.0
1364.0 1814.5 2265.0
1364.0 1814.5 2265.0
1364.0 1814.5 2265.0
1364.0 1628.5 1893.0
1364.0 1628.5 1893.0
1364.0 1456.5 1549.0
1364.0 1456.5 1549.0
1364.0 1456.5 1549.0
1364.0 1456.5 1549.0
1364.0 1456.5 1549.0
1364.0 1456.5 1549.0
1364.0 1456.5 1549.0
1364.0 1456.5 1549.0
1364.0 1456.5 1549.0
1364.0 1456.5 1549.0
1364.0 1456.5 1549.0
1364.0 1456.5 1549.0
1364.0 1456.5 1549.0
1364.0 1456.5 1549.0
1364.0 1456.5 1549.0
1364.0 1456.5 1549.0
1364.0 1456.5 1549.0
1364.0 1456.5 1549.0
1364.0 1456.5 1549.0
1364.0 1456.5 1549.0
1364.0 1456.5 1549.0
1364.0 1456.5 1549.0
1364.0 1456.5 1549.0
1364.0 1456.5 1549.0
1364.0 1456.5 1549.0
1364.0 1456.5 1549.0
1364.0 1456.5 1549.0
1364.0 1456.5 1549.0
1364.0 1456.5 1549.0
1364.0 1456.5 1549.0
1364.0 1456.5 1549.0
1364.0 1456.5 1549.0
1364.0 1456.5 1549.0
1364.0 1456.5 1549.0
1364.0 1456.5 1549.0
1364.0 1456.5 1549.0
1364.0 1456.5 1549.0
1364.0 1456.5 1549.0
1364.0 1456.5 1549.0
1364.0 1456.5 1549.0
1364.0 1456.5 1549.0
1364.0 1456.5 1549.0
1364.0 1456.5 1549.0
1364.0 1456.5 1549.0
1364.0 1456.5 1549.0
1364.0 1456.5 1549.0
1364.0 1456.5 1549.0
1364.0 1456.5 1549.0
1364.0 1456.5 1549.0
1364.0 1456.5 1549.0
1364.0 1456.5 1549.0
1364.0 1456.5 1549.0
1364.0 1456.5 1549.0
1364.0 1456.5 1549.0
1364.0 1456.5 1549.0
1364.0 1456.5 1549.0
1364.0 1456.5 1549.0
1364.0 1456.5 1549.0
1364.0 1456.5 1549.0
1364.0 1456.5 1549.0
1364.0 1456.5 1549.0
1364.0 1456.5 1549.0
1364.0 1456.5 1549.0
1364.0 1456.5 1549.0
1364.0 1456.5 1549.0
1364.0 1456.5 1549.0
1364.0 1456.5 1549.0
1364.0 1456.5 1549.0
1364.0 1456.5 1549.0
1364.0 1456.5 1549.0
1364.0 1456.5 1549.0
1364.0 1456.5 1549.0
1364.0 1456.5 1549.0
1364.0 1456.5 1549.0
1364.0 1456.5 1549.0
1364.0 1456.5 1549.0
1364.0 1456.5 1549.0
1364.0 1456.5 1549.0
1364.0 1456.5 1549.0
1364.0 1456.5 1549.0
1364.0 1456.5 1549.0
1364.0 1456.5 1549.0
1364.0 1456.5 1549.0
1364.0 1456.5 1549.0
1364.0 1456.5 1549.0
1364.0 1456.5 1549.0
1364.0 1456.5 1549.0
1364.0 1456.5 1549.0
1364.0 1456.5 1549.0
1364.0 1456.5 1549.0
1364.0 1456.5 1549.0
1364.0 1456.5 1549.0
1364.0 1456.5 1549.0
1364.0 1456.5 1549.0
1364.0 1456.5 1549.0
1364.0 1456.5 1549.0
1364.0 1456.5 1549.0
1364.0 1456.5 1549.0
1364.0 1456.5 1549.0
1364.0 1456.5 1549.0
1364.0 1456.5 1549.0
1364.0 1456.5 1549.0
1364.0 1456.5 1549.0
1364.0 1456.5 1549.0
1364.0 1456.5 1549.0
1364.0 1456.5 1549.0
1364.0 1456.5 1549.0
1364.0 1456.5 1549.0
1364.0 1456.5 1549.0
1364.0 1456.5 1549.0
1364.0 1456.5 1549.0
1364.0 1456.5 1549.0
1364.0 1456.5 1549.0
1364.0 1456.5 1549.0
1364.0 1456.5 1549.0
1364.0 1456.5 1549.0
1364.0 1456.5 1549.0
1364.0 1456.5 1549.0
1364.0 1456.5 1549.0
1364.0 1456.5 1549.0
1364.0 1456.5 1549.0
1364.0 1456.5 1549.0
1364.0 1456.5 1549.0
1364.0 1456.5 1549.0
1364.0 1456.5 1549.0
1364.0 1456.5 1549.0
1364.0 1456.5 1549.0
1364.0 1456.5 1549.0
1364.0 1456.5 1549.0
1364.0 1456.5 1549.0
1364.0 1456.5 1549.0
1364.0 1456.5 1549.0
1364.0 1456.5 1549.0
1364.0 1456.5 1549.0
1364.0 1456.5 1549.0
1364.0 1456.5 1549.0
1364.0 1456.5 1549.0
1364.0 1456.5 1549.0
1364.0 1456.5 1549.0
1364.0 1456.5 1549.0
1364.0 1456.5 1549.0
1364.0 1456.5 1549.0
1364.0 1456.5 1549.0
1364.0 1456.5 1549.0
1364.0 1456.5 1549.0
1364.0 1456.5 1549.0
1364.0 1456.5 1549.0
1364.0 1456.5 1549.0
1364.0 1456.5 1549.0
1364.0 1456.5 1549.0
1364.0 1456.5 1549.0
1364.0 1456.5 1549.0
1364.0 1456.5 1549.0
1364.0 1456.5 1549.0
1364.0 1456.5 1549.0
1364.0 1456.5 1549.0
1364.0 1456.5 1549.0
1364.0 1456.5 1549.0
1364.0 1456.5 1549.0
1364.0 1456.5 1549.0
