11001.0 11850.0 12699.0
8772.0 9047.5 9323.0
7149.0 8190.5 9232.0
4294.0 4885.5 5477.0
2959.0 3001.5 3044.0
3044.0 3235.0 3426.0
2172.0 2231.0 2290.0
2172.0 2425.0 2678.0
1681.0 1756.5 1832.0
1681.0 1756.5 1832.0
1681.0 1756.5 1832.0
1681.0 1756.5 1832.0
1681.0 1756.5 1832.0
1681.0 1756.5 1832.0
1681.0 1756.5 1832.0
1681.0 1756.5 1832.0
1681.0 1756.5 1832.0
1681.0 1756.5 1832.0
1681.0 1756.5 1832.0
1681.0 1756.5 1832.0
1681.0 1756.5 1832.0
1681.0 1756.5 1832.0
1681.0 1756.5 1832.0
1681.0 1756.5 1832.0
1681.0 1756.5 1832.0
1681.0 1756.5 1832.0
1681.0 1756.5 1832.0
1681.0 1756.5 1832.0
1681.0 1756.5 1832.0
1681.0 1756.5 1832.0
1681.0 1756.5 1832.0
1681.0 1756.5 1832.0
1681.0 1756.5 1832.0
1681.0 1756.5 1832.0
1681.0 1756.5 1832.0
1681.0 1756.5 1832.0
1681.0 1756.5 1832.0
1681.0 1756.5 1832.0
1681.0 1756.5 1832.0
1681.0 1756.5 1832.0
1681.0 1756.5 1832.0
1681.0 1756.5 1832.0
1681.0 1756.5 1832.0
1306.0 1493.5 1681.0
1306.0 1493.5 1681.0
1296.0 1488.5 1681.0
1296.0 1488.5 1681.0
1073.0 1377.0 1681.0
1073.0 1377.0 1681.0
1073.0 1377.0 1681.0
1073.0 1377.0 1681.0
1073.0 1377.0 1681.0
1073.0 1377.0 1681.0
1073.0 1377.0 1681.0
1073.0 1377.0 1681.0
1073.0 1377.0 1681.0
1073.0 1377.0 1681.0
1073.0 1377.0 1681.0
1073.0 1377.0 1681.0
1073.0 1377.0 1681.0
1073.0 1377.0 1681.0
1073.0 1377.0 1681.0
1073.0 1377.0 1681.0
1073.0 1377.0 1681.0
1073.0 1377.0 1681.0
1073.0 1377.0 1681.0
1073.0 1377.0 1681.0
1073.0 1377.0 1681.0
1073.0 1377.0 1681.0
1073.0 1377.0 1681.0
1073.0 1377.0 1681.0
1073.0 1377.0 1681.0
1073.0 1377.0 1681.0
1073.0 1377.0 1681.0
1073.0 1377.0 1681.0
1073.0 1377.0 1681.0
1149.0 1415.0 1681.0
1149.0 1415.0 1681.0
1149.0 1415.0 1681.0
805.0 1243.0 1681.0
805.0 1243.0 1681.0
805.0 1243.0 1681.0
805.0 1243.0 1681.0
805.0 1243.0 1681.0
805.0 1243.0 1681.0
805.0 1243.0 1681.0
805.0 1243.0 1681.0
805.0 1243.0 1681.0
805.0 1243.0 1681.0
805.0 1243.0 1681.0
805.0 1114.0 1423.0
805.0 946.0 1087.0
805.0 919.0 1033.0
805.0 833.5 862.0
805.0 833.5 862.0
805.0 833.5 862.0
805.0 833.5 862.0
805.0 833.5 862.0
805.0 833.5 862.0
805.0 833.5 862.0
805.0 833.5 862.0
805.0 833.5 862.0
805.0 833.5 862.0
805.0 833.5 862.0
805.0 833.5 862.0
805.0 833.5 862.0
805.0 833.5 862.0
805.0 833.5 862.0
805.0 833.5 862.0
805.0 833.5 862.0
805.0 833.5 862.0
805.0 833.5 862.0
805.0 833.5 862.0
805.0 833.5 862.0
805.0 833.5 862.0
805.0 833.5 862.0
805.0 833.5 862.0
805.0 833.5 862.0
805.0 833.5 862.0
805.0 833.5 862.0
805.0 833.5 862.0
805.0 833.5 862.0
805.0 833.5 862.0
805.0 833.5 862.0
805.0 833.5 862.0
805.0 833.5 862.0
805.0 833.5 862.0
805.0 833.5 862.0
805.0 833.5 862.0
805.0 833.5 862.0
805.0 833.5 862.0
805.0 833.5 862.0
805.0 833.5 862.0
805.0 833.5 862.0
805.0 833.5 862.0
805.0 833.5 862.0
805.0 833.5 862.0
805.0 833.5 862.0
805.0 833.5 862.0
805.0 833.5 862.0
805.0 833.5 862.0
805.0 833.5 862.0
805.0 833.5 862.0
805.0 833.5 862.0
805.0 833.5 862.0
805.0 833.5 862.0
805.0 833.5 862.0
805.0 833.5 862.0
805.0 833.5 862.0
805.0 833.5 862.0
805.0 833.5 862.0
805.0 833.5 862.0
805.0 833.5 862.0
805.0 833.5 862.0
805.0 833.5 862.0
805.0 833.5 862.0
805.0 833.5 862.0
805.0 833.5 862.0
805.0 833.5 862.0
805.0 833.5 862.0
805.0 833.5 862.0
805.0 833.5 862.0
805.0 833.5 862.0
805.0 833.5 862.0
805.0 833.5 862.0
805.0 833.5 862.0
805.0 833.5 862.0
805.0 833.5 862.0
805.0 833.5 862.0
805.0 833.5 862.0
805.0 833.5 862.0
805.0 833.5 862.0
805.0 833.5 862.0
805.0 833.5 862.0
805.0 833.5 862.0
805.0 833.5 862.0
805.0 833.5 862.0
805.0 833.5 862.0
805.0 833.5 862.0
805.0 833.5 862.0
805.0 833.5 862.0
805.0 833.5 862.0
805.0 833.5 862.0
805.0 833.5 862.0
805.0 833.5 862.0
805.0 833.5 862.0
805.0 833.5 862.0
805.0 833.5 862.0
805.0 833.5 862.0
805.0 833.5 862.0
805.0 833.5 862.0
805.0 833.5 862.0
805.0 833.5 862.0
805.0 833.5 862.0
805.0 833.5 862.0
805.0 833.5 862.0
805.0 833.5 862.0
805.0 833.5 862.0
805.0 833.5 862.0
805.0 833.5 862.0
