8038.0 9070.0 10102.0
7266.0 8915.5 10565.0
5368.0 6937.0 8506.0
4334.0 5400.0 6466.0
3763.0 4507.5 5252.0
3266.0 3506.5 3747.0
2078.0 2952.5 3827.0
2539.0 2664.5 2790.0
1984.0 2542.0 3100.0
1473.0 1496.0 1519.0
1473.0 1496.0 1519.0
1301.0 1387.0 1473.0
1301.0 1372.5 1444.0
896.0 1170.0 1444.0
896.0 1170.0 1444.0
896.0 1170.0 1444.0
896.0 1170.0 1444.0
896.0 1170.0 1444.0
896.0 1170.0 1444.0
896.0 1170.0 1444.0
896.0 1170.0 1444.0
896.0 1170.0 1444.0
896.0 1170.0 1444.0
896.0 1170.0 1444.0
896.0 1170.0 1444.0
896.0 1170.0 1444.0
896.0 1170.0 1444.0
896.0 1170.0 1444.0
896.0 1170.0 1444.0
896.0 1170.0 1444.0
896.0 1170.0 1444.0
896.0 1170.0 1444.0
896.0 1170.0 1444.0
896.0 1170.0 1444.0
896.0 1170.0 1444.0
896.0 1170.0 1444.0
896.0 1170.0 1444.0
896.0 1170.0 1444.0
896.0 1170.0 1444.0
896.0 1170.0 1444.0
896.0 1170.0 1444.0
896.0 1170.0 1444.0
896.0 1170.0 1444.0
896.0 1170.0 1444.0
896.0 1170.0 1444.0
896.0 1170.0 1444.0
896.0 1170.0 1444.0
896.0 1170.0 1444.0
896.0 1170.0 1444.0
896.0 1170.0 1444.0
896.0 1170.0 1444.0
896.0 1170.0 1444.0
896.0 1170.0 1444.0
896.0 1170.0 1444.0
896.0 1170.0 1444.0
896.0 1170.0 1444.0
896.0 1170.0 1444.0
896.0 1170.0 1444.0
896.0 1170.0 1444.0
896.0 1170.0 1444.0
896.0 1170.0 1444.0
896.0 1170.0 1444.0
896.0 1170.0 1444.0
896.0 1170.0 1444.0
896.0 1170.0 1444.0
896.0 1170.0 1444.0
896.0 1170.0 1444.0
896.0 1170.0 1444.0
896.0 1170.0 1444.0
896.0 1170.0 1444.0
896.0 1170.0 1444.0
896.0 1170.0 1444.0
896.0 1170.0 1444.0
896.0 1170.0 1444.0
896.0 1170.0 1444.0
896.0 1170.0 1444.0
896.0 1170.0 1444.0
896.0 1170.0 1444.0
896.0 1170.0 1444.0
896.0 1170.0 1444.0
896.0 1170.0 1444.0
896.0 1170.0 1444.0
896.0 1170.0 1444.0
896.0 1170.0 1444.0
896.0 1170.0 1444.0
896.0 1170.0 1444.0
896.0 1170.0 1444.0
896.0 1170.0 1444.0
896.0 1170.0 1444.0
896.0 1170.0 1444.0
896.0 1170.0 1444.0
896.0 1170.0 1444.0
896.0 1170.0 1444.0
896.0 1170.0 1444.0
896.0 1170.0 1444.0
896.0 1170.0 1444.0
896.0 1170.0 1444.0
896.0 1170.0 1444.0
896.0 1170.0 1444.0
896.0 1170.0 1444.0
896.0 1170.0 1444.0
896.0 1170.0 1444.0
896.0 1170.0 1444.0
896.0 1170.0 1444.0
896.0 1170.0 1444.0
896.0 1170.0 1444.0
896.0 1047.0 1198.0
896.0 1047.0 1198.0
896.0 1047.0 1198.0
896.0 1047.0 1198.0
896.0 1047.0 1198.0
896.0 1047.0 1198.0
896.0 1047.0 1198.0
896.0 1047.0 1198.0
896.0 1047.0 1198.0
896.0 1047.0 1198.0
896.0 1047.0 1198.0
896.0 1047.0 1198.0
896.0 1047.0 1198.0
896.0 1047.0 1198.0
896.0 1047.0 1198.0
896.0 1047.0 1198.0
896.0 1047.0 1198.0
896.0 1047.0 1198.0
896.0 1047.0 1198.0
896.0 1047.0 1198.0
896.0 1047.0 1198.0
896.0 1047.0 1198.0
896.0 1047.0 1198.0
896.0 1047.0 1198.0
896.0 1047.0 1198.0
896.0 1047.0 1198.0
896.0 1047.0 1198.0
896.0 1047.0 1198.0
896.0 1047.0 1198.0
896.0 1047.0 1198.0
896.0 1047.0 1198.0
896.0 1047.0 1198.0
896.0 1047.0 1198.0
896.0 1047.0 1198.0
896.0 1047.0 1198.0
896.0 1047.0 1198.0
896.0 1047.0 1198.0
896.0 1047.0 1198.0
896.0 1047.0 1198.0
896.0 1047.0 1198.0
896.0 1047.0 1198.0
896.0 1047.0 1198.0
896.0 1047.0 1198.0
896.0 1047.0 1198.0
896.0 1047.0 1198.0
896.0 1047.0 1198.0
896.0 1047.0 1198.0
896.0 1047.0 1198.0
896.0 1047.0 1198.0
896.0 1047.0 1198.0
896.0 1047.0 1198.0
896.0 1047.0 1198.0
896.0 1047.0 1198.0
896.0 1047.0 1198.0
896.0 1047.0 1198.0
896.0 1047.0 1198.0
896.0 1047.0 1198.0
896.0 1047.0 1198.0
896.0 1047.0 1198.0
896.0 1047.0 1198.0
896.0 1047.0 1198.0
896.0 1047.0 1198.0
896.0 1047.0 1198.0
896.0 1047.0 1198.0
896.0 1047.0 1198.0
896.0 1047.0 1198.0
896.0 1047.0 1198.0
896.0 1047.0 1198.0
896.0 1047.0 1198.0
896.0 1047.0 1198.0
896.0 1047.0 1198.0
896.0 1047.0 1198.0
896.0 1047.0 1198.0
896.0 1047.0 1198.0
896.0 1047.0 1198.0
896.0 1047.0 1198.0
896.0 1047.0 1198.0
896.0 1047.0 1198.0
896.0 1047.0 1198.0
896.0 1047.0 1198.0
896.0 1047.0 1198.0
896.0 1047.0 1198.0
896.0 1047.0 1198.0
896.0 1047.0 1198.0
896.0 1047.0 1198.0
896.0 1047.0 1198.0
896.0 1047.0 1198.0
896.0 1047.0 1198.0
896.0 1047.0 1198.0
896.0 1047.0 1198.0
896.0 1047.0 1198.0
896.0 1047.0 1198.0
896.0 1047.0 1198.0
896.0 1047.0 1198.0
