8223.0 10818.0 13413.0
8756.0 10070.0 11384.0
6617.0 8609.5 10602.0
6890.0 8625.5 10361.0
3766.0 6331.0 8896.0
3766.0 5786.0 7806.0
3766.0 4395.0 5024.0
3766.0 4395.0 5024.0
3766.0 4176.0 4586.0
3249.0 3917.5 4586.0
3249.0 3693.5 4138.0
2248.0 3357.5 4467.0
2246.0 3356.5 4467.0
1909.0 3188.0 4467.0
1909.0 3188.0 4467.0
1909.0 3188.0 4467.0
1909.0 3000.5 4092.0
1909.0 2137.0 2365.0
1909.0 2137.0 2365.0
1909.0 2137.0 2365.0
1909.0 2137.0 2365.0
1909.0 2137.0 2365.0
1909.0 2137.0 2365.0
1909.0 2137.0 2365.0
1909.0 2137.0 2365.0
1909.0 2137.0 2365.0
1909.0 2137.0 2365.0
1909.0 1937.5 1966.0
1909.0 1937.5 1966.0
1909.0 1937.5 1966.0
1909.0 1937.5 1966.0
1909.0 1937.5 1966.0
1909.0 1937.5 1966.0
1909.0 1937.5 1966.0
1909.0 1937.5 1966.0
1909.0 1937.5 1966.0
1909.0 1937.5 1966.0
1909.0 1937.5 1966.0
1909.0 1937.5 1966.0
1909.0 1937.5 1966.0
1909.0 1937.5 1966.0
1909.0 1937.5 1966.0
1909.0 1937.5 1966.0
1909.0 1937.5 1966.0
1909.0 1937.5 1966.0
1909.0 1937.5 1966.0
1909.0 1937.5 1966.0
1909.0 1937.5 1966.0
1909.0 1937.5 1966.0
1909.0 1937.5 1966.0
1909.0 1937.5 1966.0
1909.0 1937.5 1966.0
1909.0 1937.5 1966.0
1909.0 1937.5 1966.0
1909.0 1937.5 1966.0
1909.0 1937.5 1966.0
1945.0 1955.5 1966.0
1746.0 1856.0 1966.0
1746.0 1856.0 1966.0
1746.0 1856.0 1966.0
1746.0 1856.0 1966.0
1746.0 1856.0 1966.0
1746.0 1856.0 1966.0
1746.0 1856.0 1966.0
1746.0 1856.0 1966.0
1746.0 1856.0 1966.0
1746.0 1856.0 1966.0
1746.0 1856.0 1966.0
1746.0 1856.0 1966.0
1746.0 1856.0 1966.0
1746.0 1856.0 1966.0
1746.0 1856.0 1966.0
1746.0 1856.0 1966.0
1746.0 1856.0 1966.0
1746.0 1856.0 1966.0
1746.0 1856.0 1966.0
1746.0 1856.0 1966.0
1746.0 1856.0 1966.0
1746.0 1856.0 1966.0
1746.0 1856.0 1966.0
1746.0 1856.0 1966.0
1746.0 1856.0 1966.0
1746.0 1856.0 1966.0
1746.0 1856.0 1966.0
1746.0 1856.0 1966.0
1746.0 1856.0 1966.0
1746.0 1856.0 1966.0
1746.0 1856.0 1966.0
1746.0 1856.0 1966.0
1746.0 1856.0 1966.0
1746.0 1856.0 1966.0
1746.0 1856.0 1966.0
1746.0 1856.0 1966.0
1746.0 1856.0 1966.0
1746.0 1856.0 1966.0
1746.0 1856.0 1966.0
1746.0 1856.0 1966.0
1746.0 1856.0 1966.0
1746.0 1856.0 1966.0
1746.0 1856.0 1966.0
1746.0 1856.0 1966.0
1746.0 1856.0 1966.0
1746.0 1856.0 1966.0
1746.0 1856.0 1966.0
1746.0 1856.0 1966.0
1746.0 1856.0 1966.0
1746.0 1856.0 1966.0
1746.0 1856.0 1966.0
1746.0 1856.0 1966.0
1746.0 1856.0 1966.0
1746.0 1856.0 1966.0
1746.0 1856.0 1966.0
1746.0 1856.0 1966.0
1651.0 1698.5 1746.0
1651.0 1698.5 1746.0
1651.0 1698.5 1746.0
1651.0 1698.5 1746.0
1651.0 1698.5 1746.0
1651.0 1698.5 1746.0
1651.0 1698.5 1746.0
1651.0 1698.5 1746.0
1651.0 1698.5 1746.0
1651.0 1698.5 1746.0
1651.0 1698.5 1746.0
1651.0 1698.5 1746.0
1651.0 1698.5 1746.0
1651.0 1698.5 1746.0
1460.0 1603.0 1746.0
1460.0 1603.0 1746.0
1460.0 1603.0 1746.0
1460.0 1603.0 1746.0
1460.0 1603.0 1746.0
1460.0 1603.0 1746.0
1460.0 1603.0 1746.0
1460.0 1603.0 1746.0
1460.0 1603.0 1746.0
1460.0 1603.0 1746.0
1460.0 1603.0 1746.0
1460.0 1603.0 1746.0
1460.0 1603.0 1746.0
1460.0 1603.0 1746.0
1460.0 1603.0 1746.0
1460.0 1603.0 1746.0
1460.0 1603.0 1746.0
1460.0 1603.0 1746.0
1460.0 1603.0 1746.0
1460.0 1603.0 1746.0
1460.0 1603.0 1746.0
1460.0 1603.0 1746.0
1460.0 1603.0 1746.0
1460.0 1603.0 1746.0
1460.0 1603.0 1746.0
1460.0 1603.0 1746.0
1460.0 1603.0 1746.0
1460.0 1603.0 1746.0
1460.0 1603.0 1746.0
1460.0 1603.0 1746.0
1460.0 1603.0 1746.0
1460.0 1603.0 1746.0
1460.0 1603.0 1746.0
1460.0 1603.0 1746.0
1460.0 1603.0 1746.0
1460.0 1603.0 1746.0
1460.0 1603.0 1746.0
1460.0 1603.0 1746.0
1460.0 1603.0 1746.0
1460.0 1603.0 1746.0
1460.0 1603.0 1746.0
1460.0 1603.0 1746.0
1460.0 1603.0 1746.0
1460.0 1603.0 1746.0
1460.0 1603.0 1746.0
1460.0 1603.0 1746.0
1460.0 1603.0 1746.0
1460.0 1603.0 1746.0
1460.0 1603.0 1746.0
1460.0 1603.0 1746.0
1460.0 1603.0 1746.0
1460.0 1603.0 1746.0
1460.0 1603.0 1746.0
1460.0 1603.0 1746.0
1460.0 1603.0 1746.0
1460.0 1603.0 1746.0
1460.0 1603.0 1746.0
1460.0 1603.0 1746.0
1460.0 1603.0 1746.0
1460.0 1603.0 1746.0
1460.0 1603.0 1746.0
1460.0 1603.0 1746.0
1460.0 1603.0 1746.0
1460.0 1603.0 1746.0
1460.0 1603.0 1746.0
1460.0 1603.0 1746.0
1460.0 1603.0 1746.0
1460.0 1603.0 1746.0
1460.0 1603.0 1746.0
1460.0 1603.0 1746.0
1460.0 1603.0 1746.0
1460.0 1603.0 1746.0
1460.0 1603.0 1746.0
