13716.0 16180.5 18645.0
13315.0 13719.5 14124.0
9944.0 11467.5 12991.0
7602.0 8234.5 8867.0
6841.0 7062.5 7284.0
5316.0 5511.5 5707.0
5440.0 5852.5 6265.0
2743.0 4504.0 6265.0
2743.0 5175.0 7607.0
2743.0 4502.0 6261.0
2743.0 3644.5 4546.0
2243.0 3394.5 4546.0
2343.0 2799.0 3255.0
2218.0 2736.5 3255.0
2218.0 2736.5 3255.0
2218.0 2558.5 2899.0
2218.0 2304.0 2390.0
2218.0 2288.5 2359.0
2218.0 2288.5 2359.0
2218.0 2288.5 2359.0
2218.0 2288.5 2359.0
2218.0 2288.5 2359.0
2218.0 2288.5 2359.0
2218.0 2288.5 2359.0
2218.0 2288.5 2359.0
2218.0 2288.5 2359.0
2218.0 2288.5 2359.0
2218.0 2288.5 2359.0
2218.0 2288.5 2359.0
2218.0 2288.5 2359.0
2218.0 2288.5 2359.0
2218.0 2288.5 2359.0
2218.0 2288.5 2359.0
2218.0 2288.5 2359.0
2218.0 2288.5 2359.0
1643.0 1930.5 2218.0
1643.0 1930.5 2218.0
1723.0 1970.5 2218.0
1723.0 1970.5 2218.0
1723.0 1970.5 2218.0
1723.0 1970.5 2218.0
1723.0 1970.5 2218.0
1723.0 1970.5 2218.0
1723.0 1970.5 2218.0
1723.0 1970.5 2218.0
1723.0 1970.5 2218.0
1723.0 1970.5 2218.0
1723.0 1970.5 2218.0
1723.0 1970.5 2218.0
1723.0 1970.5 2218.0
1723.0 1970.5 2218.0
1723.0 1970.5 2218.0
1723.0 1970.5 2218.0
1723.0 1970.5 2218.0
1723.0 1970.5 2218.0
1723.0 1970.5 2218.0
1723.0 1970.5 2218.0
1723.0 1970.5 2218.0
1723.0 1970.5 2218.0
1723.0 1970.5 2218.0
1723.0 1970.5 2218.0
1723.0 1970.5 2218.0
1723.0 1970.5 2218.0
1723.0 1970.5 2218.0
1723.0 1970.5 2218.0
1723.0 1970.5 2218.0
1723.0 1970.5 2218.0
1723.0 1970.5 2218.0
1723.0 1970.5 2218.0
1723.0 1970.5 2218.0
1723.0 1970.5 2218.0
1723.0 1970.5 2218.0
1723.0 1970.5 2218.0
1723.0 1970.5 2218.0
1723.0 1970.5 2218.0
1723.0 1970.5 2218.0
1723.0 1970.5 2218.0
1723.0 1970.5 2218.0
1723.0 1970.5 2218.0
1723.0 1970.5 2218.0
1723.0 1970.5 2218.0
1723.0 1970.5 2218.0
1723.0 1970.5 2218.0
1723.0 1970.5 2218.0
1723.0 1970.5 2218.0
1723.0 1970.5 2218.0
1723.0 1970.5 2218.0
1723.0 1970.5 2218.0
1723.0 1970.5 2218.0
1723.0 1970.5 2218.0
1723.0 1970.5 2218.0
1723.0 1970.5 2218.0
1723.0 1970.5 2218.0
1723.0 1970.5 2218.0
1723.0 1970.5 2218.0
1723.0 1970.5 2218.0
1723.0 1970.5 2218.0
1723.0 1970.5 2218.0
1723.0 1970.5 2218.0
1723.0 1970.5 2218.0
1723.0 1970.5 2218.0
1723.0 1970.5 2218.0
1723.0 1970.5 2218.0
1723.0 1970.5 2218.0
1723.0 1970.5 2218.0
1723.0 1970.5 2218.0
1723.0 1970.5 2218.0
1723.0 1970.5 2218.0
1723.0 1970.5 2218.0
1723.0 1970.5 2218.0
1723.0 1970.5 2218.0
1723.0 1970.5 2218.0
1723.0 1970.5 2218.0
1723.0 1970.5 2218.0
1723.0 1970.5 2218.0
1723.0 1970.5 2218.0
1723.0 1970.5 2218.0
1723.0 1970.5 2218.0
1723.0 1970.5 2218.0
1723.0 1970.5 2218.0
1723.0 1970.5 2218.0
1723.0 1970.5 2218.0
1723.0 1970.5 2218.0
1723.0 1970.5 2218.0
1723.0 1970.5 2218.0
1723.0 1970.5 2218.0
1723.0 1970.5 2218.0
1723.0 1970.5 2218.0
1723.0 1970.5 2218.0
1723.0 1970.5 2218.0
1723.0 1970.5 2218.0
1723.0 1970.5 2218.0
1723.0 1970.5 2218.0
1723.0 1970.5 2218.0
1723.0 1970.5 2218.0
1723.0 1970.5 2218.0
1723.0 1970.5 2218.0
1723.0 1970.5 2218.0
1723.0 1970.5 2218.0
1723.0 1970.5 2218.0
1723.0 1883.0 2043.0
1723.0 1883.0 2043.0
1723.0 1883.0 2043.0
1723.0 1883.0 2043.0
1723.0 1883.0 2043.0
1723.0 1883.0 2043.0
1723.0 1883.0 2043.0
1723.0 1883.0 2043.0
1723.0 1883.0 2043.0
1723.0 1883.0 2043.0
1723.0 1883.0 2043.0
1723.0 1883.0 2043.0
1723.0 1883.0 2043.0
1723.0 1883.0 2043.0
1723.0 1883.0 2043.0
1723.0 1883.0 2043.0
1723.0 1883.0 2043.0
1723.0 1883.0 2043.0
1723.0 1883.0 2043.0
1723.0 1883.0 2043.0
1723.0 1883.0 2043.0
1723.0 1883.0 2043.0
1723.0 1883.0 2043.0
1723.0 1883.0 2043.0
1723.0 1883.0 2043.0
1723.0 1883.0 2043.0
1723.0 1883.0 2043.0
1723.0 1883.0 2043.0
1723.0 1883.0 2043.0
1723.0 1883.0 2043.0
1723.0 1883.0 2043.0
1723.0 1883.0 2043.0
1723.0 1883.0 2043.0
1723.0 1883.0 2043.0
1723.0 1883.0 2043.0
1723.0 1883.0 2043.0
1723.0 1883.0 2043.0
1723.0 1883.0 2043.0
1723.0 1883.0 2043.0
1723.0 1883.0 2043.0
1723.0 1883.0 2043.0
1723.0 1883.0 2043.0
1723.0 1883.0 2043.0
1723.0 1883.0 2043.0
1723.0 1883.0 2043.0
1723.0 1883.0 2043.0
1723.0 1883.0 2043.0
1723.0 1883.0 2043.0
1723.0 1883.0 2043.0
1723.0 1883.0 2043.0
1723.0 1883.0 2043.0
1723.0 1883.0 2043.0
1723.0 1883.0 2043.0
1723.0 1883.0 2043.0
1723.0 1883.0 2043.0
1723.0 1883.0 2043.0
1723.0 1883.0 2043.0
1723.0 1883.0 2043.0
1723.0 1883.0 2043.0
1723.0 1883.0 2043.0
