16343.0 16641.5 16940.0
12948.0 13995.0 15042.0
12496.0 12677.0 12858.0
9512.0 10512.0 11512.0
9121.0 9619.0 10117.0
9014.0 9282.0 9550.0
5102.0 5495.0 5888.0
4618.0 5407.5 6197.0
3753.0 5099.5 6446.0
3124.0 4135.0 5146.0
2740.0 2827.0 2914.0
2740.0 2827.0 2914.0
2740.0 3102.0 3464.0
2740.0 3102.0 3464.0
2740.0 3102.0 3464.0
2445.0 2664.5 2884.0
2444.0 2444.5 2445.0
2444.0 2444.5 2445.0
2444.0 2444.5 2445.0
2444.0 2444.5 2445.0
2444.0 2444.5 2445.0
2445.0 2462.5 2480.0
2056.0 2250.5 2445.0
2056.0 2250.5 2445.0
2056.0 2250.5 2445.0
2056.0 2250.5 2445.0
2056.0 2250.5 2445.0
2056.0 2250.5 2445.0
2056.0 2250.5 2445.0
2056.0 2250.5 2445.0
2097.0 2271.0 2445.0
2097.0 2271.0 2445.0
2097.0 2271.0 2445.0
2097.0 2271.0 2445.0
2097.0 2271.0 2445.0
2097.0 2337.0 2577.0
2097.0 2337.0 2577.0
2097.0 2337.0 2577.0
2097.0 2337.0 2577.0
2097.0 2337.0 2577.0
2097.0 2337.0 2577.0
2097.0 2337.0 2577.0
2097.0 2337.0 2577.0
2097.0 2337.0 2577.0
2097.0 2337.0 2577.0
2097.0 2337.0 2577.0
2097.0 2337.0 2577.0
2097.0 2337.0 2577.0
2097.0 2337.0 2577.0
2097.0 2337.0 2577.0
2097.0 2337.0 2577.0
2097.0 2100.5 2104.0
2097.0 2100.5 2104.0
2097.0 2113.0 2129.0
2097.0 2113.0 2129.0
2097.0 2113.0 2129.0
2097.0 2113.0 2129.0
2097.0 2113.0 2129.0
2097.0 2113.0 2129.0
2097.0 2113.0 2129.0
2097.0 2113.0 2129.0
2097.0 2113.0 2129.0
2097.0 2113.0 2129.0
2097.0 2113.0 2129.0
2097.0 2113.0 2129.0
2097.0 2113.0 2129.0
2097.0 2113.0 2129.0
2097.0 2113.0 2129.0
2097.0 2113.0 2129.0
2097.0 2113.0 2129.0
2097.0 2113.0 2129.0
2097.0 2113.0 2129.0
2097.0 2113.0 2129.0
2097.0 2113.0 2129.0
2097.0 2113.0 2129.0
2097.0 2113.0 2129.0
2097.0 2113.0 2129.0
2097.0 2113.0 2129.0
2097.0 2113.0 2129.0
2097.0 2113.0 2129.0
2097.0 2113.0 2129.0
2097.0 2113.0 2129.0
2097.0 2113.0 2129.0
2097.0 2113.0 2129.0
2097.0 2113.0 2129.0
2097.0 2113.0 2129.0
2097.0 2113.0 2129.0
2097.0 2113.0 2129.0
2097.0 2113.0 2129.0
2097.0 2113.0 2129.0
2097.0 2113.0 2129.0
2097.0 2113.0 2129.0
2097.0 2113.0 2129.0
2097.0 2113.0 2129.0
1562.0 1845.5 2129.0
1562.0 1845.5 2129.0
1562.0 1845.5 2129.0
1562.0 1845.5 2129.0
1562.0 1845.5 2129.0
1562.0 1845.5 2129.0
1562.0 1845.5 2129.0
1562.0 1845.5 2129.0
1562.0 1845.5 2129.0
1562.0 1845.5 2129.0
1562.0 1845.5 2129.0
1562.0 1845.5 2129.0
1562.0 1845.5 2129.0
1562.0 1845.5 2129.0
1562.0 1845.5 2129.0
1562.0 1845.5 2129.0
1562.0 1845.5 2129.0
1562.0 1845.5 2129.0
1562.0 1845.5 2129.0
1562.0 1845.5 2129.0
1465.0 1797.0 2129.0
1465.0 1797.0 2129.0
1465.0 1797.0 2129.0
1465.0 1797.0 2129.0
1465.0 1797.0 2129.0
1465.0 1797.0 2129.0
1465.0 1797.0 2129.0
1465.0 1797.0 2129.0
1465.0 1797.0 2129.0
1465.0 1797.0 2129.0
1465.0 1797.0 2129.0
1465.0 1797.0 2129.0
1465.0 1797.0 2129.0
1399.0 1764.0 2129.0
1399.0 1764.0 2129.0
1399.0 1764.0 2129.0
1399.0 1764.0 2129.0
1399.0 1764.0 2129.0
1399.0 1764.0 2129.0
1399.0 1764.0 2129.0
1399.0 1764.0 2129.0
1399.0 1764.0 2129.0
1399.0 1764.0 2129.0
1399.0 1764.0 2129.0
1399.0 1764.0 2129.0
1399.0 1764.0 2129.0
1399.0 1764.0 2129.0
1399.0 1764.0 2129.0
1399.0 1764.0 2129.0
1399.0 1764.0 2129.0
1399.0 1764.0 2129.0
1399.0 1764.0 2129.0
1399.0 1764.0 2129.0
1399.0 1764.0 2129.0
1399.0 1764.0 2129.0
1399.0 1764.0 2129.0
1399.0 1764.0 2129.0
1399.0 1764.0 2129.0
1399.0 1764.0 2129.0
1399.0 1764.0 2129.0
1399.0 1764.0 2129.0
1399.0 1764.0 2129.0
1399.0 1764.0 2129.0
1399.0 1764.0 2129.0
1399.0 1764.0 2129.0
1399.0 1764.0 2129.0
1399.0 1764.0 2129.0
1399.0 1764.0 2129.0
1399.0 1764.0 2129.0
1399.0 1764.0 2129.0
1399.0 1764.0 2129.0
1399.0 1764.0 2129.0
1399.0 1764.0 2129.0
1399.0 1764.0 2129.0
1399.0 1764.0 2129.0
1399.0 1764.0 2129.0
1399.0 1764.0 2129.0
1399.0 1764.0 2129.0
1399.0 1764.0 2129.0
1399.0 1764.0 2129.0
1399.0 1764.0 2129.0
1399.0 1764.0 2129.0
1399.0 1764.0 2129.0
1399.0 1764.0 2129.0
1399.0 1764.0 2129.0
1399.0 1764.0 2129.0
1399.0 1764.0 2129.0
1399.0 1764.0 2129.0
1399.0 1764.0 2129.0
1399.0 1764.0 2129.0
1399.0 1764.0 2129.0
1399.0 1764.0 2129.0
1399.0 1764.0 2129.0
1399.0 1764.0 2129.0
1399.0 1764.0 2129.0
1399.0 1764.0 2129.0
1399.0 1764.0 2129.0
1399.0 1764.0 2129.0
1399.0 1764.0 2129.0
1399.0 1764.0 2129.0
1399.0 1764.0 2129.0
1399.0 1764.0 2129.0
1399.0 1764.0 2129.0
1399.0 1764.0 2129.0
1399.0 1764.0 2129.0
1399.0 1764.0 2129.0
