12695.0 14922.5 17150.0
11825.0 13129.0 14433.0
10750.0 11160.5 11571.0
11155.0 11515.5 11876.0
9694.0 9810.5 9927.0
8210.0 8514.0 8818.0
7109.0 7313.5 7518.0
6220.0 6470.0 6720.0
4504.0 5438.0 6372.0
5027.0 5269.0 5511.0
3775.0 4643.0 5511.0
3775.0 4211.5 4648.0
2077.0 2814.0 3551.0
2077.0 2814.0 3551.0
2077.0 2814.0 3551.0
2077.0 2814.0 3551.0
2077.0 2814.0 3551.0
2077.0 2703.0 3329.0
2077.0 2859.5 3642.0
2077.0 2703.0 3329.0
2077.0 2703.0 3329.0
2077.0 2513.5 2950.0
2077.0 2079.0 2081.0
2077.0 2079.0 2081.0
2077.0 2079.0 2081.0
2077.0 2079.0 2081.0
2077.0 2079.0 2081.0
2077.0 2079.0 2081.0
2077.0 2079.0 2081.0
2077.0 2079.0 2081.0
2013.0 2047.0 2081.0
2013.0 2047.0 2081.0
2013.0 2047.0 2081.0
2013.0 2047.0 2081.0
2013.0 2047.0 2081.0
2013.0 2047.0 2081.0
2013.0 2047.0 2081.0
2013.0 2047.0 2081.0
2013.0 2047.0 2081.0
2013.0 2047.0 2081.0
2013.0 2047.0 2081.0
2013.0 2047.0 2081.0
2013.0 2047.0 2081.0
2013.0 2047.0 2081.0
2013.0 2047.0 2081.0
2013.0 2047.0 2081.0
2013.0 2047.0 2081.0
2013.0 2047.0 2081.0
2013.0 2047.0 2081.0
2013.0 2047.0 2081.0
2013.0 2047.0 2081.0
2013.0 2047.0 2081.0
2013.0 2047.0 2081.0
2013.0 2047.0 2081.0
2013.0 2047.0 2081.0
2013.0 2047.0 2081.0
2013.0 2047.0 2081.0
1513.0 1763.0 2013.0
1035.0 1524.0 2013.0
1035.0 1524.0 2013.0
1035.0 1524.0 2013.0
1035.0 1416.5 1798.0
1035.0 1416.5 1798.0
1035.0 1416.5 1798.0
1035.0 1416.5 1798.0
1035.0 1416.5 1798.0
1035.0 1416.5 1798.0
1035.0 1416.5 1798.0
1035.0 1416.5 1798.0
1035.0 1416.5 1798.0
1035.0 1416.5 1798.0
1035.0 1416.5 1798.0
1035.0 1416.5 1798.0
1035.0 1416.5 1798.0
1035.0 1416.5 1798.0
1035.0 1416.5 1798.0
1035.0 1416.5 1798.0
1035.0 1416.5 1798.0
1035.0 1416.5 1798.0
1035.0 1416.5 1798.0
1035.0 1416.5 1798.0
1035.0 1416.5 1798.0
1035.0 1416.5 1798.0
1035.0 1416.5 1798.0
1035.0 1416.5 1798.0
1035.0 1416.5 1798.0
1035.0 1416.5 1798.0
1035.0 1416.5 1798.0
1035.0 1416.5 1798.0
1035.0 1416.5 1798.0
1035.0 1416.5 1798.0
1035.0 1416.5 1798.0
1035.0 1416.5 1798.0
1035.0 1416.5 1798.0
1035.0 1416.5 1798.0
1035.0 1416.5 1798.0
1035.0 1416.5 1798.0
1035.0 1416.5 1798.0
1035.0 1416.5 1798.0
1035.0 1416.5 1798.0
1035.0 1416.5 1798.0
1035.0 1416.5 1798.0
1035.0 1416.5 1798.0
1035.0 1416.5 1798.0
1035.0 1416.5 1798.0
1035.0 1416.5 1798.0
1035.0 1416.5 1798.0
1035.0 1416.5 1798.0
1035.0 1416.5 1798.0
1035.0 1416.5 1798.0
1035.0 1416.5 1798.0
1035.0 1416.5 1798.0
1035.0 1416.5 1798.0
1035.0 1416.5 1798.0
1035.0 1416.5 1798.0
1035.0 1416.5 1798.0
1035.0 1416.5 1798.0
1035.0 1416.5 1798.0
1035.0 1416.5 1798.0
1035.0 1416.5 1798.0
1035.0 1416.5 1798.0
1035.0 1416.5 1798.0
1035.0 1416.5 1798.0
1035.0 1416.5 1798.0
1035.0 1416.5 1798.0
1035.0 1416.5 1798.0
1035.0 1416.5 1798.0
1035.0 1416.5 1798.0
1035.0 1416.5 1798.0
1035.0 1416.5 1798.0
1035.0 1416.5 1798.0
1035.0 1416.5 1798.0
1035.0 1416.5 1798.0
1035.0 1416.5 1798.0
1035.0 1416.5 1798.0
1035.0 1416.5 1798.0
1035.0 1416.5 1798.0
1035.0 1416.5 1798.0
1035.0 1416.5 1798.0
1035.0 1416.5 1798.0
1035.0 1416.5 1798.0
1035.0 1416.5 1798.0
1035.0 1416.5 1798.0
1035.0 1416.5 1798.0
1035.0 1416.5 1798.0
1035.0 1416.5 1798.0
1035.0 1416.5 1798.0
1035.0 1416.5 1798.0
1035.0 1416.5 1798.0
1035.0 1416.5 1798.0
1035.0 1416.5 1798.0
1035.0 1416.5 1798.0
1035.0 1416.5 1798.0
1035.0 1416.5 1798.0
1035.0 1416.5 1798.0
1035.0 1416.5 1798.0
1035.0 1416.5 1798.0
1035.0 1416.5 1798.0
1035.0 1416.5 1798.0
1035.0 1416.5 1798.0
1035.0 1416.5 1798.0
1035.0 1416.5 1798.0
1035.0 1416.5 1798.0
1035.0 1416.5 1798.0
1035.0 1416.5 1798.0
1035.0 1416.5 1798.0
1035.0 1416.5 1798.0
1035.0 1416.5 1798.0
1035.0 1416.5 1798.0
1035.0 1416.5 1798.0
1035.0 1416.5 1798.0
1035.0 1416.5 1798.0
1035.0 1416.5 1798.0
1035.0 1416.5 1798.0
1035.0 1416.5 1798.0
1035.0 1416.5 1798.0
1035.0 1416.5 1798.0
1035.0 1416.5 1798.0
1035.0 1416.5 1798.0
1035.0 1416.5 1798.0
1035.0 1416.5 1798.0
1035.0 1416.5 1798.0
1035.0 1416.5 1798.0
1035.0 1416.5 1798.0
1035.0 1416.5 1798.0
1035.0 1416.5 1798.0
1035.0 1416.5 1798.0
1035.0 1416.5 1798.0
1035.0 1416.5 1798.0
1035.0 1416.5 1798.0
1035.0 1416.5 1798.0
1035.0 1416.5 1798.0
1035.0 1416.5 1798.0
1035.0 1416.5 1798.0
1035.0 1416.5 1798.0
1035.0 1416.5 1798.0
1035.0 1416.5 1798.0
1035.0 1416.5 1798.0
1035.0 1416.5 1798.0
1035.0 1416.5 1798.0
