14736.0 15174.0 15612.0
12014.0 13075.0 14136.0
9742.0 9926.5 10111.0
7180.0 7607.5 8035.0
5946.0 6038.0 6130.0
4201.0 4607.5 5014.0
3014.0 3796.0 4578.0
3797.0 3847.5 3898.0
2784.0 2968.0 3152.0
2448.0 2616.0 2784.0
1615.0 2157.0 2699.0
1615.0 2157.0 2699.0
1615.0 1809.0 2003.0
1615.0 1809.0 2003.0
1615.0 1809.0 2003.0
1615.0 1809.0 2003.0
1615.0 1809.0 2003.0
1615.0 1809.0 2003.0
1615.0 1809.0 2003.0
1672.0 1837.5 2003.0
1213.0 1504.5 1796.0
1213.0 1381.5 1550.0
1213.0 1381.5 1550.0
1213.0 1381.5 1550.0
1213.0 1381.5 1550.0
1213.0 1381.5 1550.0
1213.0 1381.5 1550.0
1213.0 1381.5 1550.0
1213.0 1381.5 1550.0
1213.0 1381.5 1550.0
1213.0 1381.5 1550.0
1213.0 1381.5 1550.0
1213.0 1381.5 1550.0
1213.0 1381.5 1550.0
1213.0 1381.5 1550.0
1213.0 1381.5 1550.0
1213.0 1381.5 1550.0
1213.0 1381.5 1550.0
1213.0 1381.5 1550.0
1213.0 1381.5 1550.0
1213.0 1381.5 1550.0
1213.0 1381.5 1550.0
1202.0 1376.0 1550.0
1202.0 1376.0 1550.0
1202.0 1376.0 1550.0
1202.0 1376.0 1550.0
1202.0 1376.0 1550.0
1202.0 1376.0 1550.0
1202.0 1376.0 1550.0
1202.0 1376.0 1550.0
1202.0 1376.0 1550.0
1202.0 1376.0 1550.0
1202.0 1376.0 1550.0
1202.0 1376.0 1550.0
1202.0 1376.0 1550.0
1202.0 1376.0 1550.0
1202.0 1376.0 1550.0
1202.0 1376.0 1550.0
1202.0 1376.0 1550.0
1202.0 1376.0 1550.0
1202.0 1376.0 1550.0
1202.0 1376.0 1550.0
1202.0 1376.0 1550.0
1202.0 1376.0 1550.0
1202.0 1376.0 1550.0
1202.0 1376.0 1550.0
1202.0 1376.0 1550.0
1202.0 1376.0 1550.0
1202.0 1376.0 1550.0
1202.0 1376.0 1550.0
1202.0 1376.0 1550.0
1202.0 1376.0 1550.0
1202.0 1376.0 1550.0
1202.0 1376.0 1550.0
1202.0 1376.0 1550.0
1202.0 1376.0 1550.0
1202.0 1376.0 1550.0
1202.0 1376.0 1550.0
1202.0 1376.0 1550.0
1202.0 1376.0 1550.0
1202.0 1376.0 1550.0
1202.0 1376.0 1550.0
1202.0 1376.0 1550.0
1202.0 1376.0 1550.0
1202.0 1376.0 1550.0
1202.0 1376.0 1550.0
1202.0 1376.0 1550.0
1202.0 1376.0 1550.0
1202.0 1376.0 1550.0
1202.0 1376.0 1550.0
1202.0 1376.0 1550.0
1202.0 1376.0 1550.0
1202.0 1376.0 1550.0
1202.0 1376.0 1550.0
1202.0 1376.0 1550.0
1202.0 1376.0 1550.0
1202.0 1376.0 1550.0
1202.0 1376.0 1550.0
1202.0 1376.0 1550.0
1202.0 1376.0 1550.0
1202.0 1376.0 1550.0
1202.0 1376.0 1550.0
1202.0 1376.0 1550.0
1202.0 1376.0 1550.0
1202.0 1376.0 1550.0
1202.0 1376.0 1550.0
1202.0 1376.0 1550.0
1202.0 1376.0 1550.0
1202.0 1376.0 1550.0
1202.0 1376.0 1550.0
1202.0 1238.5 1275.0
1202.0 1223.5 1245.0
1202.0 1223.5 1245.0
1202.0 1223.5 1245.0
1202.0 1223.5 1245.0
1202.0 1223.5 1245.0
1202.0 1223.5 1245.0
1202.0 1223.5 1245.0
1202.0 1223.5 1245.0
1202.0 1223.5 1245.0
1202.0 1223.5 1245.0
1202.0 1223.5 1245.0
1202.0 1223.5 1245.0
1202.0 1223.5 1245.0
1202.0 1223.5 1245.0
1202.0 1223.5 1245.0
1202.0 1223.5 1245.0
1202.0 1223.5 1245.0
1202.0 1223.5 1245.0
1202.0 1223.5 1245.0
1202.0 1223.5 1245.0
1202.0 1223.5 1245.0
1202.0 1223.5 1245.0
1202.0 1223.5 1245.0
1202.0 1223.5 1245.0
1202.0 1223.5 1245.0
1202.0 1223.5 1245.0
1202.0 1223.5 1245.0
1202.0 1223.5 1245.0
1202.0 1223.5 1245.0
1202.0 1223.5 1245.0
1202.0 1223.5 1245.0
1202.0 1223.5 1245.0
1202.0 1223.5 1245.0
1202.0 1223.5 1245.0
1202.0 1223.5 1245.0
1202.0 1223.5 1245.0
1202.0 1223.5 1245.0
1202.0 1223.5 1245.0
1202.0 1223.5 1245.0
1202.0 1223.5 1245.0
1202.0 1223.5 1245.0
1202.0 1223.5 1245.0
1202.0 1223.5 1245.0
1202.0 1223.5 1245.0
1202.0 1223.5 1245.0
1202.0 1223.5 1245.0
1202.0 1223.5 1245.0
1202.0 1223.5 1245.0
1202.0 1223.5 1245.0
1202.0 1223.5 1245.0
1202.0 1223.5 1245.0
1202.0 1223.5 1245.0
1202.0 1223.5 1245.0
1202.0 1223.5 1245.0
1202.0 1223.5 1245.0
1202.0 1223.5 1245.0
1202.0 1223.5 1245.0
1202.0 1223.5 1245.0
1202.0 1223.5 1245.0
1202.0 1223.5 1245.0
1202.0 1223.5 1245.0
1202.0 1223.5 1245.0
1202.0 1223.5 1245.0
1202.0 1223.5 1245.0
1202.0 1223.5 1245.0
1202.0 1223.5 1245.0
1202.0 1223.5 1245.0
1202.0 1223.5 1245.0
1202.0 1223.5 1245.0
1202.0 1223.5 1245.0
1202.0 1223.5 1245.0
1202.0 1223.5 1245.0
1202.0 1223.5 1245.0
1202.0 1223.5 1245.0
1202.0 1223.5 1245.0
1202.0 1223.5 1245.0
1202.0 1223.5 1245.0
1202.0 1223.5 1245.0
1202.0 1223.5 1245.0
1202.0 1223.5 1245.0
1202.0 1223.5 1245.0
1202.0 1223.5 1245.0
1202.0 1223.5 1245.0
1202.0 1223.5 1245.0
1202.0 1223.5 1245.0
1202.0 1223.5 1245.0
1202.0 1223.5 1245.0
1202.0 1223.5 1245.0
1202.0 1223.5 1245.0
