11705.0 12405.5 13106.0
9579.0 10402.0 11225.0
8739.0 8849.5 8960.0
7058.0 7796.0 8534.0
5516.0 5576.5 5637.0
4157.0 4848.0 5539.0
2838.0 3011.0 3184.0
2838.0 2878.5 2919.0
1778.0 2171.5 2565.0
1778.0 2125.0 2472.0
1778.0 1876.5 1975.0
1778.0 1876.5 1975.0
1975.0 2088.0 2201.0
1743.0 1800.0 1857.0
1771.0 1814.0 1857.0
1351.0 1561.0 1771.0
1351.0 1561.0 1771.0
912.0 1406.0 1900.0
771.0 1335.5 1900.0
771.0 1163.5 1556.0
771.0 1163.5 1556.0
771.0 1163.5 1556.0
771.0 1163.5 1556.0
771.0 1067.0 1363.0
771.0 913.5 1056.0
771.0 913.5 1056.0
771.0 913.5 1056.0
771.0 913.5 1056.0
771.0 913.5 1056.0
771.0 913.5 1056.0
771.0 913.5 1056.0
771.0 913.5 1056.0
771.0 913.5 1056.0
771.0 913.5 1056.0
771.0 913.5 1056.0
771.0 913.5 1056.0
771.0 913.5 1056.0
771.0 913.5 1056.0
771.0 913.5 1056.0
771.0 913.5 1056.0
771.0 913.5 1056.0
771.0 913.5 1056.0
771.0 913.5 1056.0
771.0 913.5 1056.0
771.0 913.5 1056.0
771.0 913.5 1056.0
771.0 913.5 1056.0
771.0 913.5 1056.0
771.0 913.5 1056.0
771.0 913.5 1056.0
771.0 913.5 1056.0
771.0 913.5 1056.0
771.0 913.5 1056.0
771.0 913.5 1056.0
771.0 913.5 1056.0
771.0 913.5 1056.0
771.0 913.5 1056.0
771.0 913.5 1056.0
771.0 913.5 1056.0
771.0 913.5 1056.0
771.0 913.5 1056.0
771.0 913.5 1056.0
771.0 913.5 1056.0
771.0 913.5 1056.0
771.0 913.5 1056.0
771.0 913.5 1056.0
771.0 913.5 1056.0
771.0 913.5 1056.0
771.0 913.5 1056.0
771.0 913.5 1056.0
771.0 913.5 1056.0
771.0 913.5 1056.0
771.0 913.5 1056.0
771.0 913.5 1056.0
771.0 913.5 1056.0
771.0 913.5 1056.0
771.0 913.5 1056.0
771.0 913.5 1056.0
771.0 913.5 1056.0
771.0 913.5 1056.0
771.0 913.5 1056.0
771.0 913.5 1056.0
771.0 913.5 1056.0
771.0 913.5 1056.0
771.0 913.5 1056.0
771.0 913.5 1056.0
771.0 913.5 1056.0
771.0 913.5 1056.0
771.0 913.5 1056.0
771.0 913.5 1056.0
771.0 913.5 1056.0
771.0 913.5 1056.0
771.0 913.5 1056.0
771.0 913.5 1056.0
771.0 913.5 1056.0
771.0 913.5 1056.0
771.0 913.5 1056.0
771.0 913.5 1056.0
771.0 913.5 1056.0
771.0 913.5 1056.0
771.0 913.5 1056.0
771.0 913.5 1056.0
771.0 913.5 1056.0
771.0 913.5 1056.0
771.0 913.5 1056.0
771.0 913.5 1056.0
771.0 913.5 1056.0
771.0 913.5 1056.0
771.0 913.5 1056.0
771.0 913.5 1056.0
771.0 913.5 1056.0
771.0 913.5 1056.0
771.0 913.5 1056.0
771.0 913.5 1056.0
771.0 913.5 1056.0
771.0 913.5 1056.0
771.0 912.5 1054.0
771.0 912.5 1054.0
771.0 912.5 1054.0
771.0 963.0 1155.0
771.0 963.0 1155.0
771.0 902.0 1033.0
771.0 902.0 1033.0
771.0 902.0 1033.0
771.0 902.0 1033.0
771.0 902.0 1033.0
771.0 902.0 1033.0
771.0 902.0 1033.0
771.0 902.0 1033.0
771.0 902.0 1033.0
771.0 902.0 1033.0
771.0 902.0 1033.0
771.0 902.0 1033.0
771.0 902.0 1033.0
771.0 902.0 1033.0
771.0 902.0 1033.0
771.0 902.0 1033.0
771.0 902.0 1033.0
771.0 902.0 1033.0
771.0 902.0 1033.0
771.0 902.0 1033.0
771.0 902.0 1033.0
771.0 902.0 1033.0
771.0 902.0 1033.0
771.0 902.0 1033.0
771.0 902.0 1033.0
771.0 902.0 1033.0
771.0 902.0 1033.0
771.0 902.0 1033.0
771.0 902.0 1033.0
771.0 902.0 1033.0
771.0 902.0 1033.0
771.0 902.0 1033.0
771.0 902.0 1033.0
771.0 902.0 1033.0
771.0 902.0 1033.0
771.0 902.0 1033.0
771.0 902.0 1033.0
771.0 902.0 1033.0
771.0 902.0 1033.0
771.0 902.0 1033.0
771.0 902.0 1033.0
771.0 902.0 1033.0
771.0 902.0 1033.0
771.0 902.0 1033.0
771.0 902.0 1033.0
771.0 902.0 1033.0
771.0 902.0 1033.0
771.0 902.0 1033.0
771.0 902.0 1033.0
771.0 902.0 1033.0
771.0 902.0 1033.0
771.0 902.0 1033.0
771.0 902.0 1033.0
771.0 902.0 1033.0
771.0 902.0 1033.0
771.0 902.0 1033.0
771.0 902.0 1033.0
771.0 902.0 1033.0
771.0 902.0 1033.0
771.0 902.0 1033.0
771.0 902.0 1033.0
771.0 902.0 1033.0
771.0 902.0 1033.0
771.0 902.0 1033.0
771.0 902.0 1033.0
771.0 902.0 1033.0
771.0 902.0 1033.0
771.0 902.0 1033.0
771.0 902.0 1033.0
771.0 902.0 1033.0
771.0 902.0 1033.0
771.0 902.0 1033.0
771.0 902.0 1033.0
771.0 902.0 1033.0
771.0 902.0 1033.0
771.0 902.0 1033.0
771.0 902.0 1033.0
771.0 902.0 1033.0
771.0 902.0 1033.0
