10380.0 11046.5 11713.0
7832.0 8759.0 9686.0
5017.0 5883.5 6750.0
4976.0 5507.0 6038.0
3224.0 3545.5 3867.0
2887.0 2924.5 2962.0
2096.0 2529.0 2962.0
1509.0 2008.0 2507.0
1509.0 1995.0 2481.0
1509.0 1754.5 2000.0
1509.0 1953.0 2397.0
1509.0 1714.5 1920.0
1509.0 1714.5 1920.0
1509.0 1527.5 1546.0
1083.0 1314.5 1546.0
1083.0 1314.5 1546.0
1051.0 1298.5 1546.0
1006.0 1276.0 1546.0
1006.0 1276.0 1546.0
830.0 1188.0 1546.0
830.0 1188.0 1546.0
830.0 1188.0 1546.0
830.0 1188.0 1546.0
830.0 1188.0 1546.0
830.0 1188.0 1546.0
830.0 1188.0 1546.0
830.0 1188.0 1546.0
830.0 1188.0 1546.0
830.0 1188.0 1546.0
830.0 1188.0 1546.0
830.0 1188.0 1546.0
830.0 1188.0 1546.0
830.0 1188.0 1546.0
830.0 1188.0 1546.0
830.0 1188.0 1546.0
830.0 1188.0 1546.0
830.0 1188.0 1546.0
830.0 1188.0 1546.0
830.0 1188.0 1546.0
830.0 1188.0 1546.0
830.0 1188.0 1546.0
830.0 1188.0 1546.0
830.0 1188.0 1546.0
830.0 1188.0 1546.0
830.0 1188.0 1546.0
830.0 1188.0 1546.0
830.0 1188.0 1546.0
830.0 1188.0 1546.0
830.0 1188.0 1546.0
830.0 1188.0 1546.0
830.0 1188.0 1546.0
830.0 1188.0 1546.0
830.0 1188.0 1546.0
830.0 1188.0 1546.0
830.0 1188.0 1546.0
830.0 1188.0 1546.0
830.0 1188.0 1546.0
830.0 1188.0 1546.0
830.0 1188.0 1546.0
830.0 1188.0 1546.0
830.0 1188.0 1546.0
830.0 1188.0 1546.0
830.0 1188.0 1546.0
830.0 1188.0 1546.0
830.0 1188.0 1546.0
830.0 1188.0 1546.0
830.0 1188.0 1546.0
830.0 1188.0 1546.0
830.0 1188.0 1546.0
830.0 1188.0 1546.0
830.0 1188.0 1546.0
830.0 1188.0 1546.0
830.0 1188.0 1546.0
830.0 1188.0 1546.0
830.0 1188.0 1546.0
830.0 1188.0 1546.0
830.0 1188.0 1546.0
830.0 1188.0 1546.0
830.0 1188.0 1546.0
830.0 1188.0 1546.0
830.0 1188.0 1546.0
830.0 1188.0 1546.0
830.0 1188.0 1546.0
830.0 1188.0 1546.0
830.0 1188.0 1546.0
830.0 1188.0 1546.0
830.0 1188.0 1546.0
830.0 1188.0 1546.0
830.0 1188.0 1546.0
830.0 1188.0 1546.0
830.0 1188.0 1546.0
830.0 1188.0 1546.0
830.0 1188.0 1546.0
830.0 1188.0 1546.0
830.0 1188.0 1546.0
830.0 1188.0 1546.0
830.0 1188.0 1546.0
830.0 1188.0 1546.0
830.0 1188.0 1546.0
830.0 1188.0 1546.0
830.0 1188.0 1546.0
830.0 1188.0 1546.0
830.0 1188.0 1546.0
830.0 1188.0 1546.0
830.0 1188.0 1546.0
830.0 1188.0 1546.0
830.0 1188.0 1546.0
830.0 1188.0 1546.0
830.0 1188.0 1546.0
830.0 1188.0 1546.0
830.0 1188.0 1546.0
830.0 1188.0 1546.0
830.0 1188.0 1546.0
830.0 1188.0 1546.0
830.0 1188.0 1546.0
830.0 1188.0 1546.0
830.0 1188.0 1546.0
830.0 1188.0 1546.0
830.0 1188.0 1546.0
830.0 1188.0 1546.0
830.0 1188.0 1546.0
830.0 1188.0 1546.0
830.0 1188.0 1546.0
830.0 1188.0 1546.0
830.0 1188.0 1546.0
830.0 1188.0 1546.0
830.0 1188.0 1546.0
830.0 1188.0 1546.0
830.0 1188.0 1546.0
830.0 1188.0 1546.0
830.0 1188.0 1546.0
830.0 1188.0 1546.0
830.0 1188.0 1546.0
830.0 1188.0 1546.0
830.0 1188.0 1546.0
830.0 1188.0 1546.0
830.0 1188.0 1546.0
830.0 1188.0 1546.0
830.0 1188.0 1546.0
830.0 1188.0 1546.0
830.0 1188.0 1546.0
830.0 1188.0 1546.0
830.0 1188.0 1546.0
830.0 1188.0 1546.0
830.0 1188.0 1546.0
830.0 1188.0 1546.0
830.0 1188.0 1546.0
830.0 1188.0 1546.0
830.0 998.0 1166.0
830.0 998.0 1166.0
830.0 1054.5 1279.0
830.0 1054.5 1279.0
830.0 1054.5 1279.0
830.0 1054.5 1279.0
830.0 1054.5 1279.0
830.0 1054.5 1279.0
830.0 1054.5 1279.0
830.0 1054.5 1279.0
830.0 1054.5 1279.0
830.0 1054.5 1279.0
830.0 1054.5 1279.0
830.0 1054.5 1279.0
830.0 1054.5 1279.0
830.0 1054.5 1279.0
830.0 1054.5 1279.0
830.0 1054.5 1279.0
830.0 1054.5 1279.0
830.0 1054.5 1279.0
830.0 1054.5 1279.0
830.0 1054.5 1279.0
830.0 1054.5 1279.0
830.0 1054.5 1279.0
830.0 1054.5 1279.0
830.0 1054.5 1279.0
830.0 1054.5 1279.0
830.0 1054.5 1279.0
830.0 1054.5 1279.0
830.0 1054.5 1279.0
830.0 1054.5 1279.0
830.0 1054.5 1279.0
830.0 1054.5 1279.0
830.0 1054.5 1279.0
830.0 1054.5 1279.0
830.0 1054.5 1279.0
830.0 1054.5 1279.0
830.0 1054.5 1279.0
830.0 1054.5 1279.0
830.0 1054.5 1279.0
830.0 1054.5 1279.0
830.0 1054.5 1279.0
830.0 1054.5 1279.0
830.0 1054.5 1279.0
830.0 1054.5 1279.0
830.0 1054.5 1279.0
830.0 1054.5 1279.0
830.0 1054.5 1279.0
830.0 1054.5 1279.0
830.0 1054.5 1279.0
830.0 1054.5 1279.0
830.0 1054.5 1279.0
