13890.0 14965.5 16041.0
10641.0 11126.0 11611.0
8657.0 9604.0 10551.0
7903.0 9274.5 10646.0
7551.0 8649.5 9748.0
5981.0 7082.0 8183.0
4217.0 4788.0 5359.0
4217.0 4793.0 5369.0
4217.0 4793.0 5369.0
3725.0 3759.5 3794.0
3387.0 3556.0 3725.0
3314.0 3350.5 3387.0
3332.0 3359.5 3387.0
2966.0 3149.0 3332.0
2966.0 3042.5 3119.0
1714.0 1830.5 1947.0
1714.0 1830.5 1947.0
1714.0 1830.5 1947.0
1714.0 1830.5 1947.0
1714.0 1830.5 1947.0
1714.0 1830.5 1947.0
1714.0 1830.5 1947.0
1714.0 1830.5 1947.0
1714.0 1830.5 1947.0
1714.0 1830.5 1947.0
1714.0 1830.5 1947.0
1714.0 1830.5 1947.0
1714.0 1830.5 1947.0
1714.0 1830.5 1947.0
1714.0 1830.5 1947.0
1714.0 1830.5 1947.0
1714.0 1830.5 1947.0
1714.0 1830.5 1947.0
1714.0 1830.5 1947.0
1714.0 1830.5 1947.0
1714.0 1830.5 1947.0
1714.0 1830.5 1947.0
1714.0 1830.5 1947.0
1714.0 1744.5 1775.0
1714.0 1744.5 1775.0
1714.0 1744.5 1775.0
1714.0 1744.5 1775.0
1714.0 1744.5 1775.0
1714.0 1744.5 1775.0
1714.0 1744.5 1775.0
1714.0 1744.5 1775.0
1714.0 1744.5 1775.0
1714.0 1744.5 1775.0
1714.0 1744.5 1775.0
1714.0 1744.5 1775.0
1714.0 1744.5 1775.0
1714.0 1744.5 1775.0
1714.0 1744.5 1775.0
1714.0 1744.5 1775.0
1714.0 1744.5 1775.0
1714.0 1744.5 1775.0
1714.0 1744.5 1775.0
1714.0 1744.5 1775.0
1714.0 1744.5 1775.0
1714.0 1744.5 1775.0
1714.0 1744.5 1775.0
1714.0 1744.5 1775.0
1714.0 1744.5 1775.0
1714.0 1744.5 1775.0
1714.0 1744.5 1775.0
1714.0 1744.5 1775.0
1714.0 1744.5 1775.0
1714.0 1744.5 1775.0
1714.0 1744.5 1775.0
1714.0 1744.5 1775.0
1714.0 1744.5 1775.0
1714.0 1744.5 1775.0
1714.0 1744.5 1775.0
1714.0 1744.5 1775.0
1714.0 1744.5 1775.0
1714.0 1744.5 1775.0
1714.0 1744.5 1775.0
1714.0 1744.5 1775.0
1714.0 1744.5 1775.0
1714.0 1744.5 1775.0
1714.0 1744.5 1775.0
1714.0 1744.5 1775.0
1714.0 1744.5 1775.0
1241.0 1508.0 1775.0
1241.0 1508.0 1775.0
1241.0 1508.0 1775.0
1241.0 1508.0 1775.0
1241.0 1508.0 1775.0
1241.0 1508.0 1775.0
1241.0 1508.0 1775.0
1241.0 1508.0 1775.0
1241.0 1508.0 1775.0
1241.0 1508.0 1775.0
1241.0 1508.0 1775.0
1241.0 1508.0 1775.0
1241.0 1508.0 1775.0
1241.0 1508.0 1775.0
1241.0 1508.0 1775.0
1241.0 1508.0 1775.0
1241.0 1508.0 1775.0
1241.0 1508.0 1775.0
1241.0 1508.0 1775.0
1241.0 1508.0 1775.0
1241.0 1508.0 1775.0
1241.0 1508.0 1775.0
1241.0 1508.0 1775.0
1241.0 1508.0 1775.0
1241.0 1374.0 1507.0
1241.0 1374.0 1507.0
1241.0 1374.0 1507.0
1241.0 1374.0 1507.0
1241.0 1374.0 1507.0
1241.0 1374.0 1507.0
1241.0 1374.0 1507.0
1241.0 1374.0 1507.0
1241.0 1374.0 1507.0
1241.0 1374.0 1507.0
1241.0 1374.0 1507.0
1241.0 1374.0 1507.0
1241.0 1374.0 1507.0
1241.0 1374.0 1507.0
1241.0 1374.0 1507.0
1241.0 1374.0 1507.0
1241.0 1374.0 1507.0
1241.0 1374.0 1507.0
1241.0 1374.0 1507.0
1241.0 1374.0 1507.0
1241.0 1374.0 1507.0
1241.0 1374.0 1507.0
1241.0 1374.0 1507.0
1241.0 1374.0 1507.0
1241.0 1374.0 1507.0
1241.0 1374.0 1507.0
1241.0 1374.0 1507.0
1241.0 1374.0 1507.0
1241.0 1374.0 1507.0
1241.0 1374.0 1507.0
1241.0 1374.0 1507.0
1241.0 1374.0 1507.0
1241.0 1374.0 1507.0
1241.0 1374.0 1507.0
1241.0 1374.0 1507.0
1241.0 1374.0 1507.0
1241.0 1374.0 1507.0
1241.0 1374.0 1507.0
1241.0 1374.0 1507.0
1241.0 1374.0 1507.0
1241.0 1374.0 1507.0
1241.0 1374.0 1507.0
1241.0 1374.0 1507.0
1241.0 1374.0 1507.0
1241.0 1374.0 1507.0
1241.0 1374.0 1507.0
1241.0 1374.0 1507.0
1241.0 1374.0 1507.0
1241.0 1374.0 1507.0
1241.0 1374.0 1507.0
1241.0 1374.0 1507.0
1241.0 1374.0 1507.0
1241.0 1374.0 1507.0
1241.0 1374.0 1507.0
1241.0 1374.0 1507.0
1241.0 1374.0 1507.0
1241.0 1374.0 1507.0
1241.0 1374.0 1507.0
1241.0 1374.0 1507.0
1241.0 1374.0 1507.0
1241.0 1374.0 1507.0
1241.0 1374.0 1507.0
1241.0 1374.0 1507.0
1241.0 1374.0 1507.0
1241.0 1374.0 1507.0
1241.0 1374.0 1507.0
1241.0 1374.0 1507.0
1241.0 1374.0 1507.0
1241.0 1374.0 1507.0
1241.0 1374.0 1507.0
1241.0 1374.0 1507.0
1241.0 1374.0 1507.0
1241.0 1374.0 1507.0
1241.0 1374.0 1507.0
1241.0 1374.0 1507.0
1241.0 1374.0 1507.0
1241.0 1374.0 1507.0
1241.0 1374.0 1507.0
1241.0 1374.0 1507.0
1241.0 1374.0 1507.0
1241.0 1374.0 1507.0
1241.0 1374.0 1507.0
1241.0 1374.0 1507.0
1241.0 1374.0 1507.0
1241.0 1374.0 1507.0
1241.0 1374.0 1507.0
1241.0 1374.0 1507.0
1241.0 1374.0 1507.0
1241.0 1374.0 1507.0
1241.0 1374.0 1507.0
1241.0 1374.0 1507.0
1241.0 1374.0 1507.0
1241.0 1374.0 1507.0
