10116.0 11318.5 12521.0
8446.0 8811.0 9176.0
6430.0 6899.0 7368.0
4076.0 4372.5 4669.0
4179.0 4721.5 5264.0
3130.0 3879.0 4628.0
2725.0 2892.0 3059.0
2490.0 2765.5 3041.0
2110.0 2575.5 3041.0
1831.0 1913.0 1995.0
1831.0 1913.0 1995.0
1702.0 1731.5 1761.0
1761.0 1878.0 1995.0
1219.0 1490.0 1761.0
1219.0 1490.0 1761.0
1219.0 1490.0 1761.0
1219.0 1490.0 1761.0
1219.0 1490.0 1761.0
1219.0 1490.0 1761.0
1219.0 1476.0 1733.0
1219.0 1458.0 1697.0
1219.0 1299.5 1380.0
1219.0 1281.5 1344.0
1219.0 1281.5 1344.0
1219.0 1281.5 1344.0
1219.0 1281.5 1344.0
1219.0 1281.5 1344.0
1219.0 1281.5 1344.0
1219.0 1281.5 1344.0
1219.0 1281.5 1344.0
1219.0 1281.5 1344.0
1219.0 1281.5 1344.0
1219.0 1281.5 1344.0
1219.0 1281.5 1344.0
1219.0 1281.5 1344.0
1219.0 1281.5 1344.0
1219.0 1281.5 1344.0
1219.0 1281.5 1344.0
1219.0 1281.5 1344.0
1219.0 1281.5 1344.0
1219.0 1281.5 1344.0
1219.0 1281.5 1344.0
1219.0 1281.5 1344.0
1219.0 1281.5 1344.0
1219.0 1281.5 1344.0
1219.0 1281.5 1344.0
1219.0 1281.5 1344.0
1219.0 1281.5 1344.0
1219.0 1281.5 1344.0
1219.0 1281.5 1344.0
1219.0 1281.5 1344.0
1219.0 1281.5 1344.0
1219.0 1281.5 1344.0
1219.0 1281.5 1344.0
1219.0 1281.5 1344.0
1219.0 1281.5 1344.0
1219.0 1281.5 1344.0
1219.0 1281.5 1344.0
1219.0 1281.5 1344.0
1219.0 1281.5 1344.0
1219.0 1281.5 1344.0
1219.0 1281.5 1344.0
1219.0 1281.5 1344.0
1219.0 1281.5 1344.0
1219.0 1281.5 1344.0
1219.0 1281.5 1344.0
1219.0 1281.5 1344.0
1219.0 1281.5 1344.0
1219.0 1281.5 1344.0
1219.0 1281.5 1344.0
1219.0 1281.5 1344.0
1219.0 1281.5 1344.0
1219.0 1281.5 1344.0
1219.0 1281.5 1344.0
1219.0 1281.5 1344.0
1219.0 1281.5 1344.0
1219.0 1281.5 1344.0
1219.0 1281.5 1344.0
1219.0 1281.5 1344.0
1219.0 1281.5 1344.0
1219.0 1281.5 1344.0
1219.0 1281.5 1344.0
1219.0 1281.5 1344.0
1219.0 1281.5 1344.0
1219.0 1281.5 1344.0
1219.0 1281.5 1344.0
1219.0 1281.5 1344.0
1219.0 1281.5 1344.0
1219.0 1281.5 1344.0
1219.0 1281.5 1344.0
1219.0 1281.5 1344.0
1219.0 1281.5 1344.0
1219.0 1281.5 1344.0
1219.0 1281.5 1344.0
1219.0 1281.5 1344.0
1219.0 1281.5 1344.0
1219.0 1281.5 1344.0
1219.0 1281.5 1344.0
1219.0 1281.5 1344.0
1219.0 1281.5 1344.0
1219.0 1281.5 1344.0
1219.0 1281.5 1344.0
1219.0 1281.5 1344.0
1219.0 1281.5 1344.0
1219.0 1281.5 1344.0
1219.0 1281.5 1344.0
1219.0 1281.5 1344.0
1219.0 1281.5 1344.0
1219.0 1281.5 1344.0
1219.0 1281.5 1344.0
1219.0 1281.5 1344.0
1219.0 1281.5 1344.0
1219.0 1281.5 1344.0
1219.0 1281.5 1344.0
1219.0 1281.5 1344.0
1219.0 1281.5 1344.0
1219.0 1281.5 1344.0
1219.0 1281.5 1344.0
1219.0 1281.5 1344.0
1219.0 1281.5 1344.0
1219.0 1281.5 1344.0
1219.0 1281.5 1344.0
1219.0 1281.5 1344.0
1219.0 1281.5 1344.0
1219.0 1281.5 1344.0
1219.0 1281.5 1344.0
1219.0 1281.5 1344.0
1219.0 1281.5 1344.0
1219.0 1281.5 1344.0
1219.0 1281.5 1344.0
1219.0 1281.5 1344.0
1219.0 1281.5 1344.0
1219.0 1281.5 1344.0
1219.0 1281.5 1344.0
1219.0 1281.5 1344.0
1219.0 1281.5 1344.0
1219.0 1281.5 1344.0
1219.0 1281.5 1344.0
1219.0 1281.5 1344.0
1219.0 1281.5 1344.0
1219.0 1281.5 1344.0
1219.0 1281.5 1344.0
1219.0 1281.5 1344.0
1219.0 1281.5 1344.0
1219.0 1281.5 1344.0
1219.0 1281.5 1344.0
1219.0 1281.5 1344.0
1219.0 1281.5 1344.0
1219.0 1276.0 1333.0
1219.0 1276.0 1333.0
1219.0 1276.0 1333.0
1219.0 1276.0 1333.0
1219.0 1276.0 1333.0
1219.0 1276.0 1333.0
1219.0 1276.0 1333.0
1219.0 1276.0 1333.0
1219.0 1276.0 1333.0
1219.0 1276.0 1333.0
1219.0 1276.0 1333.0
1219.0 1276.0 1333.0
1219.0 1276.0 1333.0
1219.0 1276.0 1333.0
1219.0 1276.0 1333.0
1219.0 1276.0 1333.0
1219.0 1276.0 1333.0
1219.0 1276.0 1333.0
1219.0 1276.0 1333.0
1219.0 1276.0 1333.0
1219.0 1276.0 1333.0
1219.0 1276.0 1333.0
1219.0 1276.0 1333.0
1219.0 1276.0 1333.0
1219.0 1276.0 1333.0
1219.0 1276.0 1333.0
1219.0 1276.0 1333.0
1219.0 1276.0 1333.0
1219.0 1276.0 1333.0
1219.0 1276.0 1333.0
1219.0 1276.0 1333.0
1219.0 1276.0 1333.0
1219.0 1276.0 1333.0
1219.0 1276.0 1333.0
1219.0 1276.0 1333.0
1219.0 1276.0 1333.0
1219.0 1276.0 1333.0
1219.0 1276.0 1333.0
1219.0 1276.0 1333.0
1219.0 1276.0 1333.0
1219.0 1276.0 1333.0
1219.0 1276.0 1333.0
1219.0 1276.0 1333.0
1219.0 1276.0 1333.0
1219.0 1276.0 1333.0
1219.0 1276.0 1333.0
1219.0 1276.0 1333.0
1219.0 1276.0 1333.0
1219.0 1276.0 1333.0
1219.0 1276.0 1333.0
1219.0 1276.0 1333.0
1219.0 1276.0 1333.0
