10841.0 12618.0 14395.0
12138.0 12312.0 12486.0
7806.0 7915.0 8024.0
6629.0 7810.0 8991.0
6499.0 6706.5 6914.0
4204.0 5023.0 5842.0
3123.0 3663.5 4204.0
3123.0 3372.5 3622.0
2333.0 2585.5 2838.0
2333.0 2452.0 2571.0
2226.0 2279.5 2333.0
2226.0 2398.5 2571.0
2226.0 2301.5 2377.0
2226.0 2301.5 2377.0
2226.0 2301.5 2377.0
2226.0 2301.5 2377.0
2226.0 2301.5 2377.0
2226.0 2301.5 2377.0
2226.0 2301.5 2377.0
2226.0 2301.5 2377.0
2226.0 2301.5 2377.0
2226.0 2286.5 2347.0
2226.0 2286.5 2347.0
1928.0 2077.0 2226.0
2058.0 2142.0 2226.0
1378.0 1802.0 2226.0
1378.0 1963.5 2549.0
1378.0 1586.0 1794.0
1378.0 1499.5 1621.0
1378.0 1499.5 1621.0
1378.0 1499.5 1621.0
1378.0 1499.5 1621.0
1378.0 1499.5 1621.0
1378.0 1499.5 1621.0
1378.0 1499.5 1621.0
1378.0 1499.5 1621.0
1378.0 1499.5 1621.0
1378.0 1499.5 1621.0
1378.0 1499.5 1621.0
1378.0 1499.5 1621.0
1378.0 1499.5 1621.0
1378.0 1499.5 1621.0
1378.0 1499.5 1621.0
1378.0 1499.5 1621.0
1378.0 1499.5 1621.0
1378.0 1499.5 1621.0
1378.0 1499.5 1621.0
1378.0 1499.5 1621.0
1378.0 1499.5 1621.0
1378.0 1499.5 1621.0
1378.0 1499.5 1621.0
1378.0 1499.5 1621.0
1378.0 1499.5 1621.0
1378.0 1499.5 1621.0
1378.0 1499.5 1621.0
1378.0 1499.5 1621.0
1378.0 1499.5 1621.0
1378.0 1499.5 1621.0
1378.0 1499.5 1621.0
1378.0 1499.5 1621.0
1378.0 1499.5 1621.0
1378.0 1499.5 1621.0
1378.0 1499.5 1621.0
1378.0 1499.5 1621.0
1378.0 1499.5 1621.0
1378.0 1499.5 1621.0
1378.0 1499.5 1621.0
1378.0 1499.5 1621.0
1378.0 1767.0 2156.0
1378.0 1767.0 2156.0
1378.0 1767.0 2156.0
1378.0 1767.0 2156.0
1378.0 1767.0 2156.0
1378.0 1767.0 2156.0
1378.0 1767.0 2156.0
1437.0 1796.5 2156.0
1437.0 1796.5 2156.0
1437.0 1796.5 2156.0
1437.0 1796.5 2156.0
1437.0 1796.5 2156.0
1437.0 1796.5 2156.0
1437.0 1796.5 2156.0
1437.0 1796.5 2156.0
1437.0 1796.5 2156.0
1437.0 1796.5 2156.0
1437.0 1796.5 2156.0
1437.0 1796.5 2156.0
1437.0 1796.5 2156.0
1437.0 1796.5 2156.0
1437.0 1796.5 2156.0
1437.0 1796.5 2156.0
1437.0 1796.5 2156.0
1437.0 1796.5 2156.0
1437.0 1796.5 2156.0
1437.0 1796.5 2156.0
1437.0 1796.5 2156.0
1437.0 1796.5 2156.0
1437.0 1796.5 2156.0
1437.0 1796.5 2156.0
1437.0 1796.5 2156.0
1437.0 1796.5 2156.0
1437.0 1796.5 2156.0
1437.0 1796.5 2156.0
1437.0 1796.5 2156.0
1437.0 1796.5 2156.0
1437.0 1796.5 2156.0
1437.0 1796.5 2156.0
1437.0 1796.5 2156.0
1437.0 1796.5 2156.0
1437.0 1796.5 2156.0
1437.0 1796.5 2156.0
1437.0 1796.5 2156.0
1437.0 1796.5 2156.0
1437.0 1796.5 2156.0
1437.0 1796.5 2156.0
1437.0 1796.5 2156.0
1437.0 1796.5 2156.0
1437.0 1796.5 2156.0
1437.0 1796.5 2156.0
1437.0 1796.5 2156.0
1437.0 1796.5 2156.0
1437.0 1796.5 2156.0
1437.0 1796.5 2156.0
1437.0 1796.5 2156.0
1437.0 1796.5 2156.0
1437.0 1796.5 2156.0
1437.0 1796.5 2156.0
1437.0 1796.5 2156.0
1437.0 1796.5 2156.0
1437.0 1796.5 2156.0
1437.0 1796.5 2156.0
1437.0 1796.5 2156.0
1437.0 1796.5 2156.0
1437.0 1796.5 2156.0
1437.0 1796.5 2156.0
1437.0 1796.5 2156.0
1437.0 1796.5 2156.0
1437.0 1796.5 2156.0
1437.0 1796.5 2156.0
1437.0 1796.5 2156.0
1437.0 1796.5 2156.0
1437.0 1796.5 2156.0
1437.0 1796.5 2156.0
1437.0 1796.5 2156.0
1437.0 1796.5 2156.0
1437.0 1796.5 2156.0
1437.0 1796.5 2156.0
1437.0 1796.5 2156.0
1437.0 1796.5 2156.0
1437.0 1796.5 2156.0
1437.0 1796.5 2156.0
1437.0 1796.5 2156.0
1437.0 1796.5 2156.0
1437.0 1796.5 2156.0
1437.0 1796.5 2156.0
1437.0 1796.5 2156.0
1437.0 1796.5 2156.0
1437.0 1796.5 2156.0
1437.0 1796.5 2156.0
1437.0 1796.5 2156.0
1437.0 1796.5 2156.0
1437.0 1796.5 2156.0
1437.0 1796.5 2156.0
1437.0 1796.5 2156.0
1437.0 1796.5 2156.0
1437.0 1796.5 2156.0
1437.0 1796.5 2156.0
1437.0 1796.5 2156.0
1437.0 1796.5 2156.0
1437.0 1574.0 1711.0
846.0 1141.5 1437.0
846.0 1141.5 1437.0
846.0 1141.5 1437.0
846.0 1141.5 1437.0
846.0 1141.5 1437.0
846.0 1141.5 1437.0
846.0 1141.5 1437.0
846.0 1141.5 1437.0
846.0 1141.5 1437.0
846.0 1141.5 1437.0
846.0 1141.5 1437.0
846.0 1141.5 1437.0
846.0 1141.5 1437.0
846.0 1141.5 1437.0
846.0 1141.5 1437.0
846.0 1141.5 1437.0
846.0 1141.5 1437.0
846.0 1141.5 1437.0
846.0 1141.5 1437.0
846.0 1141.5 1437.0
846.0 1141.5 1437.0
846.0 1141.5 1437.0
846.0 1141.5 1437.0
846.0 1141.5 1437.0
846.0 1141.5 1437.0
846.0 1141.5 1437.0
846.0 1141.5 1437.0
846.0 1141.5 1437.0
846.0 1141.5 1437.0
846.0 1141.5 1437.0
