11994.0 15053.5 18113.0
7905.0 10822.0 13739.0
8175.0 10542.0 12909.0
4959.0 8032.5 11106.0
4321.0 7537.0 10753.0
4362.0 5879.0 7396.0
2782.0 4309.0 5836.0
2782.0 3382.5 3983.0
2782.0 3382.5 3983.0
2456.0 2606.0 2756.0
1849.0 2325.0 2801.0
1849.0 2176.5 2504.0
1776.0 2072.0 2368.0
1776.0 2072.0 2368.0
1776.0 2072.0 2368.0
1776.0 2072.0 2368.0
1776.0 2072.0 2368.0
1776.0 2072.0 2368.0
1776.0 2072.0 2368.0
1776.0 2072.0 2368.0
1923.0 2145.5 2368.0
1923.0 2145.5 2368.0
1321.0 1844.5 2368.0
1321.0 1844.5 2368.0
1321.0 1844.5 2368.0
1321.0 1844.5 2368.0
1321.0 1844.5 2368.0
1321.0 1844.5 2368.0
1321.0 1844.5 2368.0
1321.0 1844.5 2368.0
1321.0 1844.5 2368.0
1321.0 1844.5 2368.0
1321.0 1844.5 2368.0
1321.0 1844.5 2368.0
1321.0 1844.5 2368.0
1321.0 1844.5 2368.0
1321.0 1844.5 2368.0
1321.0 1844.5 2368.0
1321.0 1366.0 1411.0
1321.0 1366.0 1411.0
1321.0 1366.0 1411.0
1321.0 1366.0 1411.0
1321.0 1366.0 1411.0
1321.0 1366.0 1411.0
1321.0 1366.0 1411.0
1321.0 1366.0 1411.0
1321.0 1366.0 1411.0
1321.0 1366.0 1411.0
1321.0 1366.0 1411.0
1321.0 1366.0 1411.0
1321.0 1366.0 1411.0
1321.0 1366.0 1411.0
1321.0 1366.0 1411.0
1321.0 1366.0 1411.0
1321.0 1366.0 1411.0
1321.0 1366.0 1411.0
1321.0 1366.0 1411.0
1321.0 1366.0 1411.0
1321.0 1366.0 1411.0
1321.0 1366.0 1411.0
1321.0 1366.0 1411.0
1321.0 1366.0 1411.0
1321.0 1531.0 1741.0
1321.0 1531.0 1741.0
1321.0 1531.0 1741.0
1321.0 1531.0 1741.0
1321.0 1531.0 1741.0
1321.0 1531.0 1741.0
1321.0 1531.0 1741.0
1321.0 1531.0 1741.0
1321.0 1531.0 1741.0
1321.0 1531.0 1741.0
1321.0 1531.0 1741.0
1321.0 1531.0 1741.0
1321.0 1531.0 1741.0
1321.0 1531.0 1741.0
1321.0 1531.0 1741.0
1321.0 1531.0 1741.0
1321.0 1531.0 1741.0
1321.0 1531.0 1741.0
1321.0 1531.0 1741.0
1321.0 1531.0 1741.0
1321.0 1531.0 1741.0
1321.0 1531.0 1741.0
1321.0 1531.0 1741.0
1321.0 1531.0 1741.0
1321.0 1531.0 1741.0
1321.0 1531.0 1741.0
1321.0 1531.0 1741.0
1321.0 1531.0 1741.0
1321.0 1531.0 1741.0
1321.0 1531.0 1741.0
1321.0 1531.0 1741.0
1321.0 1531.0 1741.0
1321.0 1531.0 1741.0
1321.0 1531.0 1741.0
1321.0 1531.0 1741.0
1321.0 1531.0 1741.0
1321.0 1531.0 1741.0
1321.0 1531.0 1741.0
1321.0 1531.0 1741.0
1304.0 1312.5 1321.0
1126.0 1223.5 1321.0
762.0 1041.5 1321.0
762.0 1041.5 1321.0
762.0 1041.5 1321.0
762.0 1041.5 1321.0
762.0 1041.5 1321.0
762.0 1041.5 1321.0
762.0 1041.5 1321.0
762.0 1041.5 1321.0
762.0 1041.5 1321.0
762.0 1041.5 1321.0
762.0 1041.5 1321.0
762.0 1041.5 1321.0
762.0 1041.5 1321.0
762.0 1041.5 1321.0
762.0 1041.5 1321.0
762.0 1041.5 1321.0
762.0 1041.5 1321.0
762.0 1041.5 1321.0
762.0 1041.5 1321.0
762.0 1041.5 1321.0
762.0 1041.5 1321.0
762.0 1041.5 1321.0
762.0 1041.5 1321.0
762.0 1041.5 1321.0
762.0 1041.5 1321.0
762.0 1041.5 1321.0
762.0 1041.5 1321.0
762.0 1041.5 1321.0
762.0 1041.5 1321.0
762.0 1041.5 1321.0
762.0 1041.5 1321.0
762.0 1041.5 1321.0
762.0 1041.5 1321.0
762.0 1041.5 1321.0
762.0 1041.5 1321.0
762.0 1041.5 1321.0
762.0 1041.5 1321.0
762.0 1041.5 1321.0
762.0 1041.5 1321.0
762.0 1041.5 1321.0
762.0 1041.5 1321.0
762.0 1041.5 1321.0
762.0 1041.5 1321.0
762.0 1041.5 1321.0
762.0 1041.5 1321.0
762.0 1041.5 1321.0
762.0 1041.5 1321.0
762.0 1041.5 1321.0
762.0 1041.5 1321.0
762.0 1041.5 1321.0
762.0 1041.5 1321.0
762.0 1041.5 1321.0
762.0 1041.5 1321.0
762.0 1041.5 1321.0
762.0 1041.5 1321.0
762.0 1041.5 1321.0
762.0 1041.5 1321.0
762.0 1041.5 1321.0
762.0 1041.5 1321.0
762.0 1041.5 1321.0
762.0 1041.5 1321.0
762.0 1041.5 1321.0
762.0 1041.5 1321.0
762.0 1041.5 1321.0
762.0 1041.5 1321.0
762.0 1041.5 1321.0
762.0 1041.5 1321.0
762.0 1041.5 1321.0
762.0 1041.5 1321.0
762.0 1041.5 1321.0
762.0 1041.5 1321.0
762.0 1041.5 1321.0
762.0 1041.5 1321.0
762.0 1041.5 1321.0
762.0 1041.5 1321.0
762.0 1041.5 1321.0
762.0 1041.5 1321.0
762.0 1041.5 1321.0
762.0 1041.5 1321.0
762.0 1041.5 1321.0
762.0 1041.5 1321.0
762.0 1041.5 1321.0
762.0 1041.5 1321.0
762.0 1041.5 1321.0
762.0 1041.5 1321.0
762.0 1041.5 1321.0
762.0 1041.5 1321.0
762.0 1041.5 1321.0
762.0 1041.5 1321.0
762.0 1041.5 1321.0
762.0 1041.5 1321.0
762.0 1041.5 1321.0
762.0 1041.5 1321.0
762.0 1041.5 1321.0
762.0 1041.5 1321.0
762.0 1041.5 1321.0
762.0 1041.5 1321.0
