11644.0 12323.5 13003.0
9079.0 9699.0 10319.0
8237.0 8583.0 8929.0
7075.0 7151.5 7228.0
5250.0 5945.0 6640.0
4138.0 4572.5 5007.0
3886.0 4446.5 5007.0
2446.0 2675.5 2905.0
2235.0 2570.0 2905.0
2235.0 2570.0 2905.0
2235.0 2570.0 2905.0
2235.0 2570.0 2905.0
2235.0 2570.0 2905.0
2235.0 2570.0 2905.0
2235.0 2570.0 2905.0
1758.0 2172.5 2587.0
1758.0 2068.0 2378.0
1758.0 2068.0 2378.0
1758.0 1835.0 1912.0
1758.0 1835.0 1912.0
1758.0 1835.0 1912.0
1424.0 1668.0 1912.0
1544.0 1728.0 1912.0
1094.0 1503.0 1912.0
1094.0 1503.0 1912.0
1094.0 1503.0 1912.0
1094.0 1503.0 1912.0
1094.0 1503.0 1912.0
1094.0 1503.0 1912.0
1094.0 1503.0 1912.0
1094.0 1503.0 1912.0
1094.0 1503.0 1912.0
1094.0 1337.0 1580.0
1094.0 1287.5 1481.0
1094.0 1287.5 1481.0
1094.0 1287.5 1481.0
1094.0 1287.5 1481.0
1094.0 1287.5 1481.0
1094.0 1287.5 1481.0
1094.0 1287.5 1481.0
1094.0 1287.5 1481.0
1094.0 1287.5 1481.0
1094.0 1287.5 1481.0
1094.0 1287.5 1481.0
1094.0 1287.5 1481.0
1094.0 1287.5 1481.0
1094.0 1287.5 1481.0
1094.0 1287.5 1481.0
1094.0 1287.5 1481.0
1094.0 1287.5 1481.0
1094.0 1287.5 1481.0
1094.0 1287.5 1481.0
1094.0 1287.5 1481.0
1094.0 1287.5 1481.0
1094.0 1287.5 1481.0
1094.0 1287.5 1481.0
1094.0 1287.5 1481.0
1094.0 1287.5 1481.0
1094.0 1287.5 1481.0
1094.0 1287.5 1481.0
1094.0 1287.5 1481.0
1094.0 1287.5 1481.0
1094.0 1287.5 1481.0
1094.0 1287.5 1481.0
1094.0 1287.5 1481.0
1094.0 1287.5 1481.0
1094.0 1287.5 1481.0
1094.0 1287.5 1481.0
1094.0 1287.5 1481.0
1094.0 1287.5 1481.0
1094.0 1287.5 1481.0
1094.0 1287.5 1481.0
1094.0 1287.5 1481.0
1094.0 1287.5 1481.0
1094.0 1287.5 1481.0
1094.0 1287.5 1481.0
1094.0 1287.5 1481.0
1094.0 1287.5 1481.0
1094.0 1287.5 1481.0
1094.0 1287.5 1481.0
1094.0 1287.5 1481.0
1094.0 1287.5 1481.0
1094.0 1287.5 1481.0
1094.0 1287.5 1481.0
1094.0 1287.5 1481.0
1094.0 1287.5 1481.0
1094.0 1287.5 1481.0
1094.0 1287.5 1481.0
1094.0 1287.5 1481.0
1094.0 1287.5 1481.0
1094.0 1287.5 1481.0
1094.0 1287.5 1481.0
1094.0 1287.5 1481.0
1094.0 1287.5 1481.0
1094.0 1287.5 1481.0
1094.0 1287.5 1481.0
1094.0 1287.5 1481.0
1060.0 1077.0 1094.0
1060.0 1077.0 1094.0
1060.0 1077.0 1094.0
1060.0 1077.0 1094.0
1060.0 1077.0 1094.0
1060.0 1077.0 1094.0
1060.0 1077.0 1094.0
1060.0 1077.0 1094.0
1060.0 1077.0 1094.0
1060.0 1077.0 1094.0
1060.0 1077.0 1094.0
1060.0 1077.0 1094.0
1060.0 1077.0 1094.0
1060.0 1077.0 1094.0
1060.0 1077.0 1094.0
1060.0 1077.0 1094.0
1060.0 1077.0 1094.0
1060.0 1077.0 1094.0
1060.0 1077.0 1094.0
1060.0 1077.0 1094.0
1060.0 1077.0 1094.0
1060.0 1077.0 1094.0
1060.0 1077.0 1094.0
1060.0 1077.0 1094.0
1060.0 1077.0 1094.0
1060.0 1077.0 1094.0
1060.0 1077.0 1094.0
1060.0 1077.0 1094.0
1060.0 1077.0 1094.0
1060.0 1077.0 1094.0
1060.0 1077.0 1094.0
1060.0 1077.0 1094.0
1060.0 1077.0 1094.0
1060.0 1077.0 1094.0
1060.0 1077.0 1094.0
1060.0 1077.0 1094.0
1060.0 1077.0 1094.0
1060.0 1077.0 1094.0
1060.0 1077.0 1094.0
1060.0 1077.0 1094.0
1060.0 1077.0 1094.0
1060.0 1077.0 1094.0
1060.0 1077.0 1094.0
1060.0 1077.0 1094.0
1060.0 1077.0 1094.0
1060.0 1077.0 1094.0
1060.0 1077.0 1094.0
1060.0 1077.0 1094.0
1060.0 1077.0 1094.0
1060.0 1077.0 1094.0
1060.0 1077.0 1094.0
1060.0 1077.0 1094.0
1060.0 1077.0 1094.0
1060.0 1077.0 1094.0
1060.0 1077.0 1094.0
1060.0 1077.0 1094.0
1060.0 1077.0 1094.0
1060.0 1077.0 1094.0
1060.0 1077.0 1094.0
1060.0 1077.0 1094.0
1060.0 1077.0 1094.0
1060.0 1077.0 1094.0
1060.0 1077.0 1094.0
1060.0 1077.0 1094.0
1060.0 1077.0 1094.0
1060.0 1077.0 1094.0
1060.0 1077.0 1094.0
1060.0 1077.0 1094.0
1060.0 1077.0 1094.0
1060.0 1077.0 1094.0
1060.0 1077.0 1094.0
1060.0 1077.0 1094.0
1060.0 1077.0 1094.0
1060.0 1077.0 1094.0
1060.0 1077.0 1094.0
1060.0 1077.0 1094.0
1060.0 1077.0 1094.0
1060.0 1077.0 1094.0
1060.0 1077.0 1094.0
1060.0 1077.0 1094.0
1060.0 1077.0 1094.0
1060.0 1077.0 1094.0
1060.0 1077.0 1094.0
1060.0 1077.0 1094.0
1060.0 1077.0 1094.0
1060.0 1077.0 1094.0
1060.0 1077.0 1094.0
1060.0 1077.0 1094.0
1060.0 1077.0 1094.0
1060.0 1077.0 1094.0
1060.0 1077.0 1094.0
1060.0 1077.0 1094.0
1060.0 1077.0 1094.0
1060.0 1077.0 1094.0
1060.0 1077.0 1094.0
1060.0 1077.0 1094.0
1060.0 1077.0 1094.0
1060.0 1077.0 1094.0
1060.0 1077.0 1094.0
1060.0 1077.0 1094.0
1060.0 1077.0 1094.0
1060.0 1077.0 1094.0
1060.0 1077.0 1094.0
