12211.0 13537.0 14863.0
7028.0 8743.5 10459.0
4802.0 6807.5 8813.0
4124.0 5319.5 6515.0
3859.0 4757.0 5655.0
2961.0 3494.0 4027.0
2396.0 2842.0 3288.0
2184.0 2641.5 3099.0
1770.0 2118.5 2467.0
1891.0 2211.0 2531.0
1511.0 1538.5 1566.0
1486.0 1526.0 1566.0
1249.0 1407.5 1566.0
1224.0 1443.0 1662.0
1224.0 1443.0 1662.0
1224.0 1443.0 1662.0
1224.0 1443.0 1662.0
1224.0 1443.0 1662.0
1224.0 1443.0 1662.0
1224.0 1443.0 1662.0
1224.0 1443.0 1662.0
1224.0 1443.0 1662.0
1224.0 1443.0 1662.0
1224.0 1443.0 1662.0
1224.0 1443.0 1662.0
1224.0 1443.0 1662.0
1224.0 1443.0 1662.0
1224.0 1443.0 1662.0
1224.0 1443.0 1662.0
1224.0 1443.0 1662.0
1224.0 1443.0 1662.0
1224.0 1443.0 1662.0
1224.0 1443.0 1662.0
1224.0 1443.0 1662.0
1224.0 1443.0 1662.0
1224.0 1443.0 1662.0
1224.0 1443.0 1662.0
1224.0 1443.0 1662.0
1224.0 1443.0 1662.0
1224.0 1443.0 1662.0
1224.0 1443.0 1662.0
1224.0 1443.0 1662.0
1224.0 1443.0 1662.0
1224.0 1443.0 1662.0
1224.0 1443.0 1662.0
1224.0 1443.0 1662.0
1224.0 1443.0 1662.0
1224.0 1443.0 1662.0
1224.0 1443.0 1662.0
1224.0 1443.0 1662.0
1224.0 1443.0 1662.0
1224.0 1443.0 1662.0
1224.0 1443.0 1662.0
1224.0 1443.0 1662.0
1224.0 1443.0 1662.0
1224.0 1443.0 1662.0
1224.0 1443.0 1662.0
1224.0 1443.0 1662.0
1224.0 1443.0 1662.0
1224.0 1443.0 1662.0
1224.0 1236.0 1248.0
1224.0 1236.0 1248.0
1224.0 1236.0 1248.0
1224.0 1236.0 1248.0
1224.0 1236.0 1248.0
1224.0 1236.0 1248.0
1224.0 1236.0 1248.0
1224.0 1236.0 1248.0
1224.0 1236.0 1248.0
1224.0 1236.0 1248.0
1224.0 1236.0 1248.0
1224.0 1236.0 1248.0
1224.0 1236.0 1248.0
1224.0 1236.0 1248.0
1224.0 1236.0 1248.0
1224.0 1236.0 1248.0
1224.0 1236.0 1248.0
1224.0 1236.0 1248.0
1224.0 1236.0 1248.0
1224.0 1236.0 1248.0
1224.0 1236.0 1248.0
1224.0 1236.0 1248.0
1224.0 1236.0 1248.0
1224.0 1236.0 1248.0
1224.0 1236.0 1248.0
1224.0 1236.0 1248.0
1224.0 1236.0 1248.0
1224.0 1236.0 1248.0
1224.0 1236.0 1248.0
1224.0 1236.0 1248.0
1224.0 1236.0 1248.0
1224.0 1236.0 1248.0
1224.0 1236.0 1248.0
1224.0 1236.0 1248.0
1224.0 1236.0 1248.0
1224.0 1236.0 1248.0
1224.0 1236.0 1248.0
1224.0 1236.0 1248.0
1224.0 1236.0 1248.0
1224.0 1236.0 1248.0
1224.0 1236.0 1248.0
1224.0 1236.0 1248.0
1224.0 1236.0 1248.0
1224.0 1236.0 1248.0
1224.0 1236.0 1248.0
1224.0 1236.0 1248.0
1224.0 1236.0 1248.0
1224.0 1236.0 1248.0
1224.0 1236.0 1248.0
1224.0 1236.0 1248.0
1224.0 1236.0 1248.0
1224.0 1236.0 1248.0
1195.0 1209.5 1224.0
1195.0 1209.5 1224.0
1224.0 1236.0 1248.0
1224.0 1236.0 1248.0
1001.0 1112.5 1224.0
904.0 1064.0 1224.0
740.0 982.0 1224.0
740.0 982.0 1224.0
740.0 982.0 1224.0
740.0 982.0 1224.0
740.0 982.0 1224.0
740.0 982.0 1224.0
740.0 982.0 1224.0
740.0 982.0 1224.0
740.0 982.0 1224.0
740.0 982.0 1224.0
740.0 982.0 1224.0
740.0 982.0 1224.0
740.0 982.0 1224.0
740.0 982.0 1224.0
740.0 982.0 1224.0
740.0 982.0 1224.0
740.0 982.0 1224.0
740.0 982.0 1224.0
740.0 982.0 1224.0
740.0 982.0 1224.0
740.0 982.0 1224.0
740.0 982.0 1224.0
740.0 982.0 1224.0
740.0 982.0 1224.0
740.0 982.0 1224.0
740.0 982.0 1224.0
740.0 982.0 1224.0
740.0 982.0 1224.0
740.0 982.0 1224.0
740.0 982.0 1224.0
740.0 982.0 1224.0
740.0 982.0 1224.0
740.0 982.0 1224.0
740.0 982.0 1224.0
740.0 982.0 1224.0
740.0 982.0 1224.0
740.0 982.0 1224.0
740.0 982.0 1224.0
740.0 982.0 1224.0
740.0 982.0 1224.0
740.0 982.0 1224.0
740.0 982.0 1224.0
740.0 982.0 1224.0
740.0 982.0 1224.0
740.0 982.0 1224.0
740.0 982.0 1224.0
740.0 982.0 1224.0
740.0 982.0 1224.0
740.0 982.0 1224.0
740.0 982.0 1224.0
740.0 982.0 1224.0
740.0 982.0 1224.0
740.0 982.0 1224.0
740.0 982.0 1224.0
740.0 982.0 1224.0
740.0 982.0 1224.0
740.0 982.0 1224.0
740.0 982.0 1224.0
740.0 982.0 1224.0
740.0 982.0 1224.0
740.0 982.0 1224.0
740.0 982.0 1224.0
740.0 982.0 1224.0
740.0 982.0 1224.0
740.0 982.0 1224.0
740.0 982.0 1224.0
740.0 982.0 1224.0
740.0 982.0 1224.0
740.0 982.0 1224.0
740.0 982.0 1224.0
740.0 982.0 1224.0
740.0 982.0 1224.0
740.0 982.0 1224.0
740.0 982.0 1224.0
740.0 982.0 1224.0
740.0 982.0 1224.0
740.0 982.0 1224.0
740.0 982.0 1224.0
740.0 982.0 1224.0
740.0 982.0 1224.0
740.0 982.0 1224.0
740.0 982.0 1224.0
