11912.0 13725.5 15539.0
9212.0 11642.0 14072.0
9938.0 10341.0 10744.0
5980.0 6717.5 7455.0
4181.0 5236.0 6291.0
4181.0 4910.5 5640.0
3774.0 4775.5 5777.0
3774.0 3880.5 3987.0
2576.0 3281.5 3987.0
2838.0 2865.0 2892.0
2391.0 2641.5 2892.0
2322.0 2356.5 2391.0
2322.0 2356.5 2391.0
2322.0 2356.5 2391.0
2322.0 2356.5 2391.0
1757.0 2074.0 2391.0
1972.0 2181.5 2391.0
1968.0 2179.5 2391.0
1968.0 2179.5 2391.0
1804.0 1886.0 1968.0
1804.0 1886.0 1968.0
1804.0 1886.0 1968.0
1804.0 1886.0 1968.0
1804.0 1886.0 1968.0
1804.0 1886.0 1968.0
1804.0 1886.0 1968.0
1804.0 1886.0 1968.0
1804.0 1886.0 1968.0
1804.0 1886.0 1968.0
1804.0 1886.0 1968.0
1804.0 1886.0 1968.0
1804.0 1886.0 1968.0
1804.0 1886.0 1968.0
1804.0 1886.0 1968.0
1804.0 1886.0 1968.0
1804.0 1886.0 1968.0
1804.0 1886.0 1968.0
1804.0 1886.0 1968.0
1804.0 1886.0 1968.0
1804.0 1886.0 1968.0
1804.0 1886.0 1968.0
1804.0 1886.0 1968.0
1804.0 1886.0 1968.0
1804.0 1886.0 1968.0
1804.0 1886.0 1968.0
1804.0 1886.0 1968.0
1804.0 1886.0 1968.0
1493.0 1648.5 1804.0
1493.0 1648.5 1804.0
1493.0 1648.5 1804.0
1493.0 1648.5 1804.0
1493.0 1648.5 1804.0
1493.0 1648.5 1804.0
1493.0 1648.5 1804.0
1493.0 1648.5 1804.0
1493.0 1648.5 1804.0
1493.0 1648.5 1804.0
1493.0 1648.5 1804.0
1493.0 1648.5 1804.0
1493.0 1648.5 1804.0
1493.0 1648.5 1804.0
1493.0 1648.5 1804.0
1493.0 1648.5 1804.0
1493.0 1648.5 1804.0
1493.0 1648.5 1804.0
1493.0 1648.5 1804.0
1493.0 1648.5 1804.0
1493.0 1648.5 1804.0
1493.0 1648.5 1804.0
1493.0 1648.5 1804.0
1493.0 1648.5 1804.0
1493.0 1648.5 1804.0
1493.0 1648.5 1804.0
1493.0 1648.5 1804.0
1493.0 1648.5 1804.0
1493.0 1648.5 1804.0
1493.0 1648.5 1804.0
1493.0 1648.5 1804.0
1493.0 1648.5 1804.0
1493.0 1648.5 1804.0
1493.0 1648.5 1804.0
1493.0 1648.5 1804.0
1493.0 1648.5 1804.0
1493.0 1648.5 1804.0
1493.0 1648.5 1804.0
1493.0 1648.5 1804.0
1493.0 1648.5 1804.0
1493.0 1648.5 1804.0
1493.0 1648.5 1804.0
1493.0 1648.5 1804.0
1493.0 1648.5 1804.0
1493.0 1708.0 1923.0
1493.0 1610.0 1727.0
1493.0 1610.0 1727.0
1493.0 1610.0 1727.0
1493.0 1610.0 1727.0
1493.0 1610.0 1727.0
1493.0 1610.0 1727.0
1493.0 1610.0 1727.0
1493.0 1610.0 1727.0
1493.0 1610.0 1727.0
1493.0 1610.0 1727.0
1493.0 1610.0 1727.0
1493.0 1610.0 1727.0
1493.0 1610.0 1727.0
1493.0 1610.0 1727.0
1493.0 1610.0 1727.0
1493.0 1610.0 1727.0
1493.0 1610.0 1727.0
1493.0 1610.0 1727.0
1493.0 1610.0 1727.0
1493.0 1610.0 1727.0
1493.0 1610.0 1727.0
1493.0 1610.0 1727.0
1493.0 1610.0 1727.0
1493.0 1610.0 1727.0
1493.0 1610.0 1727.0
1493.0 1610.0 1727.0
1493.0 1610.0 1727.0
1493.0 1610.0 1727.0
1493.0 1610.0 1727.0
1493.0 1610.0 1727.0
1493.0 1610.0 1727.0
1493.0 1610.0 1727.0
1493.0 1595.0 1697.0
1493.0 1595.0 1697.0
1493.0 1595.0 1697.0
1493.0 1595.0 1697.0
1493.0 1595.0 1697.0
1493.0 1595.0 1697.0
1493.0 1595.0 1697.0
1493.0 1595.0 1697.0
1493.0 1595.0 1697.0
1493.0 1595.0 1697.0
1493.0 1595.0 1697.0
1493.0 1595.0 1697.0
1493.0 1595.0 1697.0
1493.0 1595.0 1697.0
1493.0 1595.0 1697.0
1493.0 1595.0 1697.0
1493.0 1595.0 1697.0
1493.0 1595.0 1697.0
1493.0 1595.0 1697.0
1493.0 1595.0 1697.0
1493.0 1595.0 1697.0
1493.0 1595.0 1697.0
1493.0 1595.0 1697.0
1493.0 1595.0 1697.0
1493.0 1595.0 1697.0
1493.0 1595.0 1697.0
1493.0 1595.0 1697.0
1493.0 1595.0 1697.0
1493.0 1595.0 1697.0
1493.0 1595.0 1697.0
1493.0 1595.0 1697.0
1493.0 1595.0 1697.0
1493.0 1595.0 1697.0
1493.0 1595.0 1697.0
1493.0 1595.0 1697.0
1493.0 1595.0 1697.0
1493.0 1595.0 1697.0
1493.0 1595.0 1697.0
1493.0 1595.0 1697.0
1493.0 1595.0 1697.0
1493.0 1595.0 1697.0
1493.0 1595.0 1697.0
1493.0 1595.0 1697.0
1493.0 1595.0 1697.0
1493.0 1595.0 1697.0
1493.0 1595.0 1697.0
1493.0 1595.0 1697.0
1493.0 1595.0 1697.0
1493.0 1595.0 1697.0
1493.0 1595.0 1697.0
1493.0 1595.0 1697.0
1493.0 1595.0 1697.0
1493.0 1595.0 1697.0
1493.0 1595.0 1697.0
1493.0 1595.0 1697.0
1493.0 1595.0 1697.0
1493.0 1595.0 1697.0
1493.0 1595.0 1697.0
1493.0 1595.0 1697.0
1493.0 1595.0 1697.0
1493.0 1595.0 1697.0
1493.0 1595.0 1697.0
1493.0 1595.0 1697.0
1493.0 1595.0 1697.0
1493.0 1595.0 1697.0
1493.0 1595.0 1697.0
1493.0 1595.0 1697.0
1493.0 1595.0 1697.0
1493.0 1595.0 1697.0
1493.0 1595.0 1697.0
1493.0 1595.0 1697.0
1493.0 1595.0 1697.0
1493.0 1595.0 1697.0
1493.0 1595.0 1697.0
1493.0 1595.0 1697.0
1493.0 1595.0 1697.0
