11876.0 12685.5 13495.0
8021.0 9396.5 10772.0
7905.0 8316.0 8727.0
6204.0 6312.5 6421.0
3717.0 4690.5 5664.0
2844.0 3209.5 3575.0
2844.0 3246.0 3648.0
2223.0 2429.0 2635.0
2131.0 2226.0 2321.0
1610.0 1676.5 1743.0
1743.0 1764.5 1786.0
1407.0 1596.5 1786.0
1407.0 1564.0 1721.0
1377.0 1392.0 1407.0
1356.0 1366.5 1377.0
961.0 1169.0 1377.0
794.0 1085.5 1377.0
794.0 1085.5 1377.0
794.0 1085.5 1377.0
794.0 1085.5 1377.0
794.0 1085.5 1377.0
794.0 1085.5 1377.0
794.0 1085.5 1377.0
794.0 1085.5 1377.0
794.0 1085.5 1377.0
794.0 1085.5 1377.0
794.0 1085.5 1377.0
794.0 1085.5 1377.0
794.0 1085.5 1377.0
794.0 1085.5 1377.0
794.0 1085.5 1377.0
794.0 1085.5 1377.0
794.0 1085.5 1377.0
794.0 1085.5 1377.0
794.0 1085.5 1377.0
794.0 1085.5 1377.0
794.0 1085.5 1377.0
794.0 1085.5 1377.0
794.0 1085.5 1377.0
794.0 1085.5 1377.0
794.0 1085.5 1377.0
794.0 1085.5 1377.0
794.0 1085.5 1377.0
794.0 1085.5 1377.0
794.0 1085.5 1377.0
794.0 1085.5 1377.0
794.0 1085.5 1377.0
794.0 1085.5 1377.0
794.0 1085.5 1377.0
794.0 1085.5 1377.0
794.0 1085.5 1377.0
794.0 1085.5 1377.0
794.0 1085.5 1377.0
794.0 1085.5 1377.0
794.0 1085.5 1377.0
794.0 1085.5 1377.0
794.0 1085.5 1377.0
794.0 1085.5 1377.0
794.0 1085.5 1377.0
794.0 1085.5 1377.0
794.0 1085.5 1377.0
794.0 1085.5 1377.0
794.0 1085.5 1377.0
794.0 1085.5 1377.0
794.0 1085.5 1377.0
794.0 1085.5 1377.0
794.0 1085.5 1377.0
794.0 1085.5 1377.0
794.0 1085.5 1377.0
794.0 1085.5 1377.0
794.0 1085.5 1377.0
794.0 1085.5 1377.0
794.0 1085.5 1377.0
794.0 1085.5 1377.0
794.0 1085.5 1377.0
794.0 1085.5 1377.0
794.0 1085.5 1377.0
794.0 1085.5 1377.0
794.0 1085.5 1377.0
794.0 1085.5 1377.0
794.0 1085.5 1377.0
794.0 1085.5 1377.0
794.0 1085.5 1377.0
794.0 1085.5 1377.0
794.0 1085.5 1377.0
794.0 1085.5 1377.0
794.0 1085.5 1377.0
794.0 1085.5 1377.0
794.0 1085.5 1377.0
794.0 1085.5 1377.0
794.0 1085.5 1377.0
794.0 1085.5 1377.0
794.0 1085.5 1377.0
794.0 1085.5 1377.0
794.0 1085.5 1377.0
794.0 1085.5 1377.0
794.0 1085.5 1377.0
794.0 1085.5 1377.0
794.0 1085.5 1377.0
794.0 1085.5 1377.0
794.0 1085.5 1377.0
794.0 1085.5 1377.0
794.0 1085.5 1377.0
794.0 1085.5 1377.0
794.0 1085.5 1377.0
794.0 1085.5 1377.0
794.0 1085.5 1377.0
794.0 1085.5 1377.0
794.0 1085.5 1377.0
794.0 1085.5 1377.0
794.0 1085.5 1377.0
794.0 1085.5 1377.0
794.0 1085.5 1377.0
794.0 1085.5 1377.0
794.0 1085.5 1377.0
794.0 1085.5 1377.0
794.0 1085.5 1377.0
794.0 1085.5 1377.0
794.0 1085.5 1377.0
794.0 1085.5 1377.0
794.0 1085.5 1377.0
794.0 1085.5 1377.0
794.0 1085.5 1377.0
794.0 1085.5 1377.0
794.0 1085.5 1377.0
794.0 1085.5 1377.0
794.0 1085.5 1377.0
794.0 1085.5 1377.0
794.0 1085.5 1377.0
794.0 1085.5 1377.0
794.0 1085.5 1377.0
794.0 1085.5 1377.0
794.0 1085.5 1377.0
794.0 1085.5 1377.0
794.0 1085.5 1377.0
794.0 1085.5 1377.0
794.0 1085.5 1377.0
794.0 1085.5 1377.0
794.0 1085.5 1377.0
794.0 1085.5 1377.0
794.0 1085.5 1377.0
794.0 1085.5 1377.0
794.0 1085.5 1377.0
794.0 1085.5 1377.0
794.0 1085.5 1377.0
794.0 1085.5 1377.0
794.0 1085.5 1377.0
794.0 1085.5 1377.0
794.0 1085.5 1377.0
794.0 1085.5 1377.0
794.0 1085.5 1377.0
794.0 1085.5 1377.0
794.0 1085.5 1377.0
794.0 1085.5 1377.0
794.0 1085.5 1377.0
794.0 1085.5 1377.0
794.0 1085.5 1377.0
794.0 1085.5 1377.0
794.0 1085.5 1377.0
794.0 1085.5 1377.0
794.0 1085.5 1377.0
794.0 1085.5 1377.0
794.0 1085.5 1377.0
794.0 1085.5 1377.0
794.0 1085.5 1377.0
794.0 1085.5 1377.0
794.0 1085.5 1377.0
794.0 1085.5 1377.0
794.0 1085.5 1377.0
794.0 1085.5 1377.0
794.0 1085.5 1377.0
794.0 1085.5 1377.0
794.0 1085.5 1377.0
794.0 1085.5 1377.0
794.0 1085.5 1377.0
794.0 1085.5 1377.0
794.0 1085.5 1377.0
794.0 1085.5 1377.0
794.0 1085.5 1377.0
794.0 1085.5 1377.0
794.0 1085.5 1377.0
794.0 1085.5 1377.0
794.0 1085.5 1377.0
794.0 1085.5 1377.0
794.0 1085.5 1377.0
794.0 1085.5 1377.0
794.0 1085.5 1377.0
794.0 1085.5 1377.0
794.0 1085.5 1377.0
794.0 1085.5 1377.0
794.0 1085.5 1377.0
794.0 1085.5 1377.0
794.0 1085.5 1377.0
794.0 1085.5 1377.0
794.0 1085.5 1377.0
794.0 1085.5 1377.0
794.0 1085.5 1377.0
794.0 1085.5 1377.0
794.0 1085.5 1377.0
794.0 1085.5 1377.0
