13918.0 14302.0 14686.0
11041.0 12240.5 13440.0
10682.0 12054.0 13426.0
8488.0 8779.5 9071.0
7045.0 7851.0 8657.0
4786.0 5646.0 6506.0
3467.0 4179.0 4891.0
3467.0 4179.0 4891.0
3467.0 3914.5 4362.0
3422.0 3444.5 3467.0
2802.0 3234.5 3667.0
2802.0 2813.0 2824.0
2802.0 2813.0 2824.0
2802.0 2813.0 2824.0
2802.0 2813.0 2824.0
2802.0 2813.0 2824.0
2802.0 2813.0 2824.0
2802.0 2813.0 2824.0
2824.0 2965.5 3107.0
2824.0 2965.5 3107.0
2824.0 2965.5 3107.0
2824.0 2965.5 3107.0
2719.0 2771.5 2824.0
2476.0 2650.0 2824.0
2476.0 2650.0 2824.0
2476.0 2650.0 2824.0
2476.0 2650.0 2824.0
2476.0 2650.0 2824.0
2476.0 2650.0 2824.0
1939.0 2207.5 2476.0
1808.0 2142.0 2476.0
1808.0 2142.0 2476.0
1808.0 2142.0 2476.0
1808.0 2142.0 2476.0
1807.0 2141.5 2476.0
1448.0 1962.0 2476.0
1448.0 1962.0 2476.0
1448.0 1962.0 2476.0
1448.0 1962.0 2476.0
1448.0 1962.0 2476.0
1448.0 1962.0 2476.0
1448.0 1962.0 2476.0
1448.0 1962.0 2476.0
1448.0 1962.0 2476.0
1448.0 1962.0 2476.0
1448.0 1962.0 2476.0
1448.0 1962.0 2476.0
1448.0 1962.0 2476.0
1448.0 1962.0 2476.0
1448.0 1962.0 2476.0
1448.0 1962.0 2476.0
1448.0 1962.0 2476.0
1448.0 1962.0 2476.0
1448.0 1962.0 2476.0
1270.0 1873.0 2476.0
1270.0 1873.0 2476.0
1270.0 1873.0 2476.0
1270.0 1873.0 2476.0
1270.0 1873.0 2476.0
1270.0 1873.0 2476.0
1270.0 1873.0 2476.0
1270.0 1873.0 2476.0
1270.0 1873.0 2476.0
1270.0 1873.0 2476.0
1270.0 1873.0 2476.0
1270.0 1873.0 2476.0
1270.0 1873.0 2476.0
1270.0 1873.0 2476.0
1270.0 1873.0 2476.0
1270.0 1873.0 2476.0
1270.0 1873.0 2476.0
1270.0 1621.0 1972.0
1270.0 1621.0 1972.0
1109.0 1540.5 1972.0
1109.0 1540.5 1972.0
1109.0 1540.5 1972.0
1109.0 1540.5 1972.0
1109.0 1540.5 1972.0
1109.0 1540.5 1972.0
1109.0 1540.5 1972.0
1109.0 1540.5 1972.0
1109.0 1540.5 1972.0
1109.0 1540.5 1972.0
1109.0 1540.5 1972.0
1109.0 1540.5 1972.0
1109.0 1540.5 1972.0
1109.0 1540.5 1972.0
1109.0 1540.5 1972.0
1109.0 1540.5 1972.0
1109.0 1540.5 1972.0
1109.0 1540.5 1972.0
1109.0 1540.5 1972.0
1109.0 1540.5 1972.0
1109.0 1540.5 1972.0
1109.0 1540.5 1972.0
1109.0 1540.5 1972.0
1109.0 1540.5 1972.0
1109.0 1540.5 1972.0
1109.0 1540.5 1972.0
1109.0 1540.5 1972.0
1109.0 1540.5 1972.0
1109.0 1540.5 1972.0
1109.0 1540.5 1972.0
1109.0 1540.5 1972.0
1109.0 1540.5 1972.0
1109.0 1540.5 1972.0
1109.0 1540.5 1972.0
1109.0 1540.5 1972.0
1109.0 1540.5 1972.0
1109.0 1540.5 1972.0
1109.0 1540.5 1972.0
1109.0 1540.5 1972.0
1109.0 1540.5 1972.0
1109.0 1540.5 1972.0
1109.0 1540.5 1972.0
1109.0 1540.5 1972.0
1109.0 1540.5 1972.0
1109.0 1253.5 1398.0
1109.0 1253.5 1398.0
1109.0 1253.5 1398.0
1109.0 1253.5 1398.0
1109.0 1253.5 1398.0
1109.0 1253.5 1398.0
1109.0 1253.5 1398.0
1109.0 1253.5 1398.0
1109.0 1253.5 1398.0
1109.0 1253.5 1398.0
1109.0 1253.5 1398.0
1109.0 1253.5 1398.0
1109.0 1253.5 1398.0
1109.0 1253.5 1398.0
1109.0 1253.5 1398.0
1109.0 1253.5 1398.0
1109.0 1253.5 1398.0
1109.0 1253.5 1398.0
1109.0 1253.5 1398.0
1109.0 1253.5 1398.0
1109.0 1253.5 1398.0
1109.0 1253.5 1398.0
1109.0 1253.5 1398.0
1109.0 1253.5 1398.0
1109.0 1253.5 1398.0
1109.0 1253.5 1398.0
1109.0 1253.5 1398.0
1109.0 1253.5 1398.0
1109.0 1253.5 1398.0
1109.0 1253.5 1398.0
1109.0 1253.5 1398.0
1109.0 1253.5 1398.0
1109.0 1253.5 1398.0
1109.0 1253.5 1398.0
1109.0 1253.5 1398.0
1109.0 1253.5 1398.0
1109.0 1253.5 1398.0
1109.0 1253.5 1398.0
1109.0 1253.5 1398.0
1109.0 1253.5 1398.0
1109.0 1253.5 1398.0
1109.0 1253.5 1398.0
1109.0 1253.5 1398.0
1109.0 1253.5 1398.0
1109.0 1253.5 1398.0
1109.0 1253.5 1398.0
1109.0 1253.5 1398.0
1109.0 1253.5 1398.0
1109.0 1253.5 1398.0
1109.0 1253.5 1398.0
1109.0 1253.5 1398.0
1109.0 1253.5 1398.0
1109.0 1253.5 1398.0
1109.0 1253.5 1398.0
1109.0 1253.5 1398.0
1109.0 1253.5 1398.0
1109.0 1253.5 1398.0
1109.0 1253.5 1398.0
1109.0 1253.5 1398.0
1109.0 1253.5 1398.0
1109.0 1253.5 1398.0
1109.0 1253.5 1398.0
1109.0 1253.5 1398.0
1109.0 1253.5 1398.0
1109.0 1253.5 1398.0
1109.0 1253.5 1398.0
1109.0 1253.5 1398.0
1109.0 1253.5 1398.0
1109.0 1253.5 1398.0
1109.0 1192.0 1275.0
1109.0 1192.0 1275.0
1109.0 1192.0 1275.0
1109.0 1192.0 1275.0
1109.0 1192.0 1275.0
1109.0 1192.0 1275.0
1109.0 1192.0 1275.0
1109.0 1192.0 1275.0
1109.0 1192.0 1275.0
1109.0 1192.0 1275.0
1109.0 1192.0 1275.0
1109.0 1192.0 1275.0
1109.0 1192.0 1275.0
1109.0 1192.0 1275.0
