15051.0 16864.5 18678.0
9928.0 12529.0 15130.0
10048.0 11404.0 12760.0
8300.0 9128.5 9957.0
6839.0 6956.0 7073.0
5647.0 5716.0 5785.0
5329.0 5770.0 6211.0
4639.0 5428.5 6218.0
3940.0 4245.5 4551.0
3940.0 4003.5 4067.0
3940.0 4003.5 4067.0
2778.0 3359.0 3940.0
2778.0 3551.5 4325.0
2778.0 3171.0 3564.0
2778.0 3171.0 3564.0
2778.0 3171.0 3564.0
2526.0 3045.0 3564.0
1995.0 2507.0 3019.0
2371.0 2641.5 2912.0
1989.0 2220.5 2452.0
1939.0 2195.5 2452.0
1939.0 2195.5 2452.0
1652.0 1795.5 1939.0
1652.0 1795.5 1939.0
1652.0 1795.5 1939.0
1652.0 1795.5 1939.0
1652.0 1795.5 1939.0
1652.0 1795.5 1939.0
1652.0 1795.5 1939.0
1652.0 1795.5 1939.0
1652.0 1795.5 1939.0
1652.0 1795.5 1939.0
1652.0 1795.5 1939.0
1652.0 1795.5 1939.0
1652.0 1795.5 1939.0
1652.0 1795.5 1939.0
1652.0 1795.5 1939.0
1652.0 1795.5 1939.0
1652.0 1795.5 1939.0
1652.0 1795.5 1939.0
1652.0 1795.5 1939.0
1652.0 1795.5 1939.0
1652.0 1795.5 1939.0
1652.0 1795.5 1939.0
1652.0 1795.5 1939.0
1652.0 1795.5 1939.0
1652.0 1795.5 1939.0
1652.0 1795.5 1939.0
1652.0 1795.5 1939.0
1652.0 1795.5 1939.0
1652.0 1795.5 1939.0
1652.0 1795.5 1939.0
1652.0 1795.5 1939.0
1652.0 1795.5 1939.0
1652.0 1795.5 1939.0
1652.0 1795.5 1939.0
1652.0 1795.5 1939.0
1262.0 1600.5 1939.0
1238.0 1588.5 1939.0
1238.0 1588.5 1939.0
1238.0 1588.5 1939.0
1238.0 1588.5 1939.0
1238.0 1588.5 1939.0
1238.0 1588.5 1939.0
1238.0 1588.5 1939.0
1238.0 1379.0 1520.0
1238.0 1379.0 1520.0
1238.0 1379.0 1520.0
1238.0 1379.0 1520.0
1217.0 1227.5 1238.0
1217.0 1227.5 1238.0
1217.0 1227.5 1238.0
1217.0 1227.5 1238.0
1217.0 1227.5 1238.0
1217.0 1227.5 1238.0
1217.0 1227.5 1238.0
1217.0 1227.5 1238.0
1217.0 1227.5 1238.0
1217.0 1227.5 1238.0
1217.0 1227.5 1238.0
1217.0 1227.5 1238.0
1217.0 1227.5 1238.0
1217.0 1227.5 1238.0
1217.0 1227.5 1238.0
1217.0 1227.5 1238.0
1217.0 1227.5 1238.0
1217.0 1227.5 1238.0
1217.0 1227.5 1238.0
1217.0 1227.5 1238.0
1217.0 1227.5 1238.0
1217.0 1227.5 1238.0
1217.0 1227.5 1238.0
1217.0 1227.5 1238.0
1217.0 1227.5 1238.0
1217.0 1227.5 1238.0
1217.0 1227.5 1238.0
1217.0 1227.5 1238.0
1217.0 1227.5 1238.0
1217.0 1227.5 1238.0
1217.0 1227.5 1238.0
1217.0 1227.5 1238.0
1217.0 1227.5 1238.0
1217.0 1227.5 1238.0
1217.0 1227.5 1238.0
1217.0 1227.5 1238.0
1217.0 1227.5 1238.0
1217.0 1227.5 1238.0
1217.0 1227.5 1238.0
1217.0 1227.5 1238.0
1217.0 1227.5 1238.0
1217.0 1227.5 1238.0
1217.0 1227.5 1238.0
1217.0 1227.5 1238.0
1217.0 1227.5 1238.0
1217.0 1227.5 1238.0
1217.0 1227.5 1238.0
1217.0 1227.5 1238.0
1217.0 1227.5 1238.0
1217.0 1227.5 1238.0
1217.0 1227.5 1238.0
1217.0 1227.5 1238.0
1217.0 1227.5 1238.0
1217.0 1227.5 1238.0
1217.0 1227.5 1238.0
1217.0 1227.5 1238.0
1217.0 1227.5 1238.0
1217.0 1227.5 1238.0
1217.0 1227.5 1238.0
1217.0 1227.5 1238.0
1217.0 1227.5 1238.0
1217.0 1227.5 1238.0
1217.0 1227.5 1238.0
1217.0 1227.5 1238.0
1217.0 1227.5 1238.0
1217.0 1227.5 1238.0
1217.0 1227.5 1238.0
1217.0 1227.5 1238.0
1217.0 1227.5 1238.0
1217.0 1227.5 1238.0
1217.0 1227.5 1238.0
1217.0 1227.5 1238.0
1217.0 1227.5 1238.0
1217.0 1227.5 1238.0
1217.0 1227.5 1238.0
1217.0 1227.5 1238.0
1217.0 1227.5 1238.0
1217.0 1227.5 1238.0
1217.0 1227.5 1238.0
1217.0 1227.5 1238.0
1217.0 1227.5 1238.0
1217.0 1227.5 1238.0
1217.0 1227.5 1238.0
1217.0 1227.5 1238.0
1217.0 1227.5 1238.0
1217.0 1227.5 1238.0
1217.0 1227.5 1238.0
1217.0 1227.5 1238.0
1217.0 1227.5 1238.0
1217.0 1227.5 1238.0
1217.0 1227.5 1238.0
1217.0 1227.5 1238.0
1217.0 1227.5 1238.0
1217.0 1227.5 1238.0
1217.0 1227.5 1238.0
1217.0 1227.5 1238.0
1217.0 1227.5 1238.0
1217.0 1227.5 1238.0
1217.0 1227.5 1238.0
1217.0 1227.5 1238.0
1217.0 1227.5 1238.0
1217.0 1227.5 1238.0
1217.0 1227.5 1238.0
1217.0 1227.5 1238.0
1217.0 1227.5 1238.0
1217.0 1227.5 1238.0
1217.0 1227.5 1238.0
1217.0 1227.5 1238.0
1217.0 1227.5 1238.0
1217.0 1227.5 1238.0
1217.0 1227.5 1238.0
1217.0 1227.5 1238.0
1217.0 1227.5 1238.0
1217.0 1227.5 1238.0
1217.0 1227.5 1238.0
1217.0 1227.5 1238.0
1217.0 1227.5 1238.0
1217.0 1227.5 1238.0
1217.0 1227.5 1238.0
1217.0 1227.5 1238.0
1217.0 1227.5 1238.0
1217.0 1227.5 1238.0
1217.0 1227.5 1238.0
1217.0 1227.5 1238.0
1217.0 1227.5 1238.0
1217.0 1227.5 1238.0
1217.0 1227.5 1238.0
1217.0 1227.5 1238.0
1217.0 1227.5 1238.0
1217.0 1227.5 1238.0
1217.0 1227.5 1238.0
