12210.0 14922.5 17635.0
12271.0 12954.5 13638.0
8898.0 9410.0 9922.0
8266.0 8817.0 9368.0
6987.0 7179.0 7371.0
4934.0 5600.5 6267.0
4232.0 4464.0 4696.0
3157.0 3166.5 3176.0
2288.0 2722.5 3157.0
1783.0 2470.0 3157.0
2084.0 2620.5 3157.0
2084.0 2486.5 2889.0
2084.0 2486.5 2889.0
2084.0 2178.0 2272.0
2084.0 2178.0 2272.0
2084.0 2178.0 2272.0
2084.0 2178.0 2272.0
2084.0 2178.0 2272.0
2084.0 2178.0 2272.0
2084.0 2178.0 2272.0
2084.0 2178.0 2272.0
2084.0 2178.0 2272.0
1886.0 2079.0 2272.0
1886.0 2079.0 2272.0
1886.0 2079.0 2272.0
959.0 1422.5 1886.0
959.0 1190.5 1422.0
959.0 1190.5 1422.0
959.0 1190.5 1422.0
959.0 1190.5 1422.0
959.0 1190.5 1422.0
959.0 1190.5 1422.0
959.0 1190.5 1422.0
959.0 1190.5 1422.0
959.0 1190.5 1422.0
959.0 1190.5 1422.0
959.0 1190.5 1422.0
959.0 1190.5 1422.0
959.0 1190.5 1422.0
959.0 1190.5 1422.0
959.0 1190.5 1422.0
959.0 1190.5 1422.0
959.0 1190.5 1422.0
959.0 1190.5 1422.0
959.0 1190.5 1422.0
959.0 1190.5 1422.0
959.0 1190.5 1422.0
959.0 1190.5 1422.0
959.0 1190.5 1422.0
959.0 1190.5 1422.0
959.0 1190.5 1422.0
959.0 1190.5 1422.0
959.0 1190.5 1422.0
959.0 1190.5 1422.0
959.0 1190.5 1422.0
959.0 1190.5 1422.0
959.0 1190.5 1422.0
959.0 1190.5 1422.0
959.0 1190.5 1422.0
959.0 1190.5 1422.0
959.0 1190.5 1422.0
959.0 1190.5 1422.0
959.0 1190.5 1422.0
959.0 1190.5 1422.0
959.0 1190.5 1422.0
959.0 1190.5 1422.0
959.0 1190.5 1422.0
959.0 1190.5 1422.0
959.0 1190.5 1422.0
959.0 1190.5 1422.0
959.0 1190.5 1422.0
959.0 1190.5 1422.0
959.0 1190.5 1422.0
959.0 1190.5 1422.0
959.0 1190.5 1422.0
959.0 1190.5 1422.0
959.0 1190.5 1422.0
959.0 1190.5 1422.0
959.0 1190.5 1422.0
959.0 1190.5 1422.0
959.0 1190.5 1422.0
959.0 1190.5 1422.0
959.0 1190.5 1422.0
959.0 1190.5 1422.0
959.0 1190.5 1422.0
959.0 1190.5 1422.0
959.0 1190.5 1422.0
959.0 1190.5 1422.0
959.0 1190.5 1422.0
959.0 1190.5 1422.0
959.0 1190.5 1422.0
959.0 1190.5 1422.0
959.0 1190.5 1422.0
959.0 1190.5 1422.0
959.0 1190.5 1422.0
959.0 1190.5 1422.0
959.0 1190.5 1422.0
959.0 1190.5 1422.0
959.0 1190.5 1422.0
959.0 1190.5 1422.0
959.0 1190.5 1422.0
959.0 1190.5 1422.0
959.0 1190.5 1422.0
959.0 1190.5 1422.0
959.0 1190.5 1422.0
959.0 1190.5 1422.0
959.0 1190.5 1422.0
959.0 1190.5 1422.0
959.0 1190.5 1422.0
959.0 1190.5 1422.0
959.0 1190.5 1422.0
959.0 1190.5 1422.0
959.0 1190.5 1422.0
959.0 1190.5 1422.0
959.0 1190.5 1422.0
959.0 1190.5 1422.0
959.0 1190.5 1422.0
959.0 1190.5 1422.0
959.0 1190.5 1422.0
959.0 1190.5 1422.0
959.0 1190.5 1422.0
959.0 1190.5 1422.0
959.0 1190.5 1422.0
959.0 1190.5 1422.0
959.0 1190.5 1422.0
959.0 1190.5 1422.0
959.0 1190.5 1422.0
959.0 1190.5 1422.0
959.0 1190.5 1422.0
959.0 1190.5 1422.0
959.0 1190.5 1422.0
959.0 1190.5 1422.0
959.0 1190.5 1422.0
959.0 1190.5 1422.0
959.0 1190.5 1422.0
959.0 1190.5 1422.0
959.0 1190.5 1422.0
959.0 1190.5 1422.0
959.0 1190.5 1422.0
959.0 1190.5 1422.0
959.0 1190.5 1422.0
959.0 1190.5 1422.0
959.0 1190.5 1422.0
959.0 1190.5 1422.0
959.0 1190.5 1422.0
959.0 1190.5 1422.0
959.0 1190.5 1422.0
959.0 1190.5 1422.0
959.0 1190.5 1422.0
959.0 1190.5 1422.0
959.0 1190.5 1422.0
959.0 1190.5 1422.0
959.0 1190.5 1422.0
959.0 1190.5 1422.0
959.0 1190.5 1422.0
959.0 1190.5 1422.0
959.0 1190.5 1422.0
959.0 1190.5 1422.0
959.0 1190.5 1422.0
959.0 1190.5 1422.0
959.0 1190.5 1422.0
959.0 1190.5 1422.0
959.0 1190.5 1422.0
959.0 1190.5 1422.0
959.0 1190.5 1422.0
959.0 1190.5 1422.0
959.0 1190.5 1422.0
959.0 1190.5 1422.0
959.0 1190.5 1422.0
959.0 1190.5 1422.0
959.0 1190.5 1422.0
959.0 1190.5 1422.0
959.0 1190.5 1422.0
959.0 1190.5 1422.0
959.0 1190.5 1422.0
959.0 1190.5 1422.0
959.0 1190.5 1422.0
959.0 1190.5 1422.0
959.0 1190.5 1422.0
959.0 1190.5 1422.0
959.0 1190.5 1422.0
959.0 1190.5 1422.0
959.0 1190.5 1422.0
959.0 1190.5 1422.0
959.0 1190.5 1422.0
959.0 1190.5 1422.0
959.0 1190.5 1422.0
959.0 1190.5 1422.0
959.0 1190.5 1422.0
959.0 1190.5 1422.0
959.0 1190.5 1422.0
959.0 1190.5 1422.0
959.0 1190.5 1422.0
959.0 1190.5 1422.0
959.0 1190.5 1422.0
959.0 1190.5 1422.0
959.0 1190.5 1422.0
959.0 1190.5 1422.0
959.0 1190.5 1422.0
959.0 1190.5 1422.0
