13569.0 15615.0 17661.0
10401.0 10867.0 11333.0
9366.0 10562.0 11758.0
6283.0 7167.0 8051.0
6659.0 6828.5 6998.0
4138.0 4955.5 5773.0
2832.0 3188.5 3545.0
2832.0 3689.0 4546.0
2832.0 2925.5 3019.0
2832.0 2925.5 3019.0
2377.0 2604.5 2832.0
2377.0 2604.5 2832.0
2377.0 2604.5 2832.0
1796.0 2086.5 2377.0
1796.0 2086.5 2377.0
1796.0 2086.5 2377.0
1796.0 2086.5 2377.0
1796.0 2086.5 2377.0
1796.0 2086.5 2377.0
1796.0 2086.5 2377.0
1796.0 2086.5 2377.0
1796.0 1954.5 2113.0
1796.0 1954.5 2113.0
1354.0 1575.0 1796.0
1354.0 1575.0 1796.0
1354.0 1575.0 1796.0
1354.0 1575.0 1796.0
1354.0 1575.0 1796.0
1354.0 1575.0 1796.0
1354.0 1575.0 1796.0
1354.0 1575.0 1796.0
1354.0 1575.0 1796.0
1354.0 1575.0 1796.0
1354.0 1575.0 1796.0
1354.0 1575.0 1796.0
1354.0 1575.0 1796.0
1354.0 1575.0 1796.0
1354.0 1575.0 1796.0
1354.0 1575.0 1796.0
1354.0 1575.0 1796.0
1354.0 1575.0 1796.0
1354.0 1575.0 1796.0
1354.0 1575.0 1796.0
1354.0 1575.0 1796.0
1354.0 1575.0 1796.0
1354.0 1575.0 1796.0
1354.0 1575.0 1796.0
1354.0 1575.0 1796.0
1354.0 1575.0 1796.0
1354.0 1575.0 1796.0
1144.0 1470.0 1796.0
1042.0 1419.0 1796.0
1042.0 1419.0 1796.0
1042.0 1419.0 1796.0
1042.0 1419.0 1796.0
1042.0 1419.0 1796.0
1042.0 1419.0 1796.0
1042.0 1419.0 1796.0
1042.0 1419.0 1796.0
1042.0 1419.0 1796.0
1042.0 1419.0 1796.0
1042.0 1419.0 1796.0
1042.0 1419.0 1796.0
1042.0 1419.0 1796.0
1042.0 1419.0 1796.0
1042.0 1419.0 1796.0
1042.0 1419.0 1796.0
1042.0 1419.0 1796.0
1042.0 1419.0 1796.0
1042.0 1419.0 1796.0
1042.0 1419.0 1796.0
1042.0 1419.0 1796.0
1042.0 1419.0 1796.0
1042.0 1419.0 1796.0
1042.0 1330.5 1619.0
1042.0 1330.5 1619.0
1042.0 1239.5 1437.0
1042.0 1239.5 1437.0
1042.0 1239.5 1437.0
1042.0 1239.5 1437.0
1042.0 1239.5 1437.0
1042.0 1239.5 1437.0
1042.0 1239.5 1437.0
1042.0 1239.5 1437.0
1042.0 1239.5 1437.0
1042.0 1239.5 1437.0
1042.0 1239.5 1437.0
1042.0 1239.5 1437.0
1042.0 1239.5 1437.0
1042.0 1239.5 1437.0
1042.0 1383.5 1725.0
1042.0 1383.5 1725.0
1042.0 1333.5 1625.0
1042.0 1333.5 1625.0
1042.0 1199.0 1356.0
1042.0 1199.0 1356.0
1042.0 1199.0 1356.0
1042.0 1199.0 1356.0
1042.0 1199.0 1356.0
1042.0 1199.0 1356.0
1042.0 1199.0 1356.0
1042.0 1199.0 1356.0
1042.0 1199.0 1356.0
1042.0 1199.0 1356.0
1042.0 1199.0 1356.0
1042.0 1199.0 1356.0
1042.0 1199.0 1356.0
1042.0 1199.0 1356.0
1042.0 1199.0 1356.0
1042.0 1199.0 1356.0
1042.0 1199.0 1356.0
1042.0 1199.0 1356.0
1042.0 1199.0 1356.0
1042.0 1199.0 1356.0
1042.0 1199.0 1356.0
1042.0 1199.0 1356.0
1042.0 1199.0 1356.0
1042.0 1199.0 1356.0
1042.0 1199.0 1356.0
1042.0 1199.0 1356.0
1042.0 1199.0 1356.0
1042.0 1199.0 1356.0
1042.0 1199.0 1356.0
1042.0 1199.0 1356.0
1042.0 1199.0 1356.0
1042.0 1199.0 1356.0
1042.0 1199.0 1356.0
1042.0 1199.0 1356.0
1042.0 1199.0 1356.0
1042.0 1199.0 1356.0
1042.0 1199.0 1356.0
1042.0 1199.0 1356.0
1042.0 1199.0 1356.0
1042.0 1199.0 1356.0
1042.0 1199.0 1356.0
1042.0 1199.0 1356.0
1042.0 1199.0 1356.0
1042.0 1199.0 1356.0
1042.0 1199.0 1356.0
1042.0 1199.0 1356.0
1042.0 1199.0 1356.0
1042.0 1199.0 1356.0
1042.0 1199.0 1356.0
1042.0 1199.0 1356.0
1042.0 1199.0 1356.0
1042.0 1199.0 1356.0
1042.0 1199.0 1356.0
1042.0 1199.0 1356.0
1042.0 1199.0 1356.0
1042.0 1199.0 1356.0
1042.0 1199.0 1356.0
1042.0 1199.0 1356.0
1042.0 1199.0 1356.0
1042.0 1199.0 1356.0
1042.0 1199.0 1356.0
1042.0 1199.0 1356.0
1042.0 1199.0 1356.0
1042.0 1199.0 1356.0
1042.0 1199.0 1356.0
1042.0 1199.0 1356.0
1042.0 1199.0 1356.0
1042.0 1199.0 1356.0
1042.0 1199.0 1356.0
1042.0 1199.0 1356.0
1042.0 1199.0 1356.0
1042.0 1199.0 1356.0
1042.0 1199.0 1356.0
1042.0 1199.0 1356.0
1042.0 1199.0 1356.0
1042.0 1199.0 1356.0
1042.0 1199.0 1356.0
1042.0 1199.0 1356.0
1042.0 1199.0 1356.0
1042.0 1199.0 1356.0
1042.0 1199.0 1356.0
1042.0 1199.0 1356.0
1042.0 1199.0 1356.0
1042.0 1199.0 1356.0
1042.0 1199.0 1356.0
1042.0 1199.0 1356.0
1042.0 1199.0 1356.0
1042.0 1199.0 1356.0
1042.0 1199.0 1356.0
1042.0 1199.0 1356.0
1042.0 1199.0 1356.0
1042.0 1199.0 1356.0
1042.0 1199.0 1356.0
1042.0 1199.0 1356.0
1042.0 1199.0 1356.0
1042.0 1199.0 1356.0
1042.0 1199.0 1356.0
1042.0 1199.0 1356.0
1042.0 1199.0 1356.0
1042.0 1199.0 1356.0
1042.0 1199.0 1356.0
1042.0 1199.0 1356.0
1042.0 1199.0 1356.0
1042.0 1199.0 1356.0
1042.0 1199.0 1356.0
1042.0 1199.0 1356.0
