11966.0 13563.0 15160.0
11234.0 11374.0 11514.0
9732.0 9910.5 10089.0
8827.0 9178.0 9529.0
7932.0 7985.5 8039.0
5137.0 5406.5 5676.0
3931.0 4193.0 4455.0
2695.0 3155.0 3615.0
2650.0 3260.5 3871.0
2650.0 3260.5 3871.0
2650.0 2885.0 3120.0
2459.0 2554.5 2650.0
2359.0 2504.5 2650.0
1883.0 2105.0 2327.0
1883.0 2096.0 2309.0
1883.0 2096.0 2309.0
1763.0 1823.0 1883.0
1576.0 1729.5 1883.0
1576.0 1729.5 1883.0
1576.0 1729.5 1883.0
1576.0 1729.5 1883.0
1576.0 1729.5 1883.0
1576.0 1729.5 1883.0
1576.0 1729.5 1883.0
1576.0 1729.5 1883.0
1576.0 1729.5 1883.0
1576.0 1729.5 1883.0
1576.0 1729.5 1883.0
1576.0 1729.5 1883.0
1576.0 1729.5 1883.0
1576.0 1729.5 1883.0
1576.0 1729.5 1883.0
1576.0 1729.5 1883.0
1576.0 1729.5 1883.0
1576.0 1729.5 1883.0
1576.0 1729.5 1883.0
1576.0 1729.5 1883.0
1576.0 1729.5 1883.0
1576.0 1729.5 1883.0
1576.0 1729.5 1883.0
1576.0 1729.5 1883.0
1576.0 1729.5 1883.0
1576.0 1729.5 1883.0
1576.0 1729.5 1883.0
1576.0 1729.5 1883.0
1576.0 1732.5 1889.0
1470.0 1523.0 1576.0
1470.0 1523.0 1576.0
1470.0 1523.0 1576.0
1470.0 1523.0 1576.0
1470.0 1523.0 1576.0
1470.0 1523.0 1576.0
1470.0 1523.0 1576.0
1470.0 1523.0 1576.0
1470.0 1523.0 1576.0
1470.0 1523.0 1576.0
1470.0 1523.0 1576.0
1470.0 1523.0 1576.0
1470.0 1523.0 1576.0
1470.0 1523.0 1576.0
1470.0 1523.0 1576.0
1470.0 1523.0 1576.0
1470.0 1523.0 1576.0
1470.0 1523.0 1576.0
1470.0 1523.0 1576.0
1470.0 1523.0 1576.0
1470.0 1523.0 1576.0
1470.0 1523.0 1576.0
1470.0 1523.0 1576.0
1470.0 1523.0 1576.0
1470.0 1523.0 1576.0
1470.0 1523.0 1576.0
1470.0 1523.0 1576.0
1470.0 1523.0 1576.0
1470.0 1523.0 1576.0
1470.0 1523.0 1576.0
1470.0 1523.0 1576.0
1470.0 1523.0 1576.0
1470.0 1523.0 1576.0
1470.0 1523.0 1576.0
1470.0 1523.0 1576.0
1470.0 1523.0 1576.0
1470.0 1523.0 1576.0
1470.0 1523.0 1576.0
1470.0 1523.0 1576.0
1470.0 1523.0 1576.0
1470.0 1523.0 1576.0
1470.0 1523.0 1576.0
1470.0 1523.0 1576.0
1470.0 1523.0 1576.0
1470.0 1523.0 1576.0
1470.0 1523.0 1576.0
1470.0 1523.0 1576.0
1470.0 1523.0 1576.0
1470.0 1523.0 1576.0
1470.0 1523.0 1576.0
1470.0 1523.0 1576.0
1470.0 1523.0 1576.0
1470.0 1523.0 1576.0
1470.0 1523.0 1576.0
1470.0 1523.0 1576.0
1470.0 1523.0 1576.0
1470.0 1523.0 1576.0
1470.0 1523.0 1576.0
1470.0 1523.0 1576.0
1470.0 1523.0 1576.0
1470.0 1523.0 1576.0
1470.0 1523.0 1576.0
1470.0 1523.0 1576.0
1470.0 1523.0 1576.0
1470.0 1523.0 1576.0
1470.0 1523.0 1576.0
1470.0 1523.0 1576.0
1470.0 1523.0 1576.0
1470.0 1523.0 1576.0
1470.0 1523.0 1576.0
1470.0 1523.0 1576.0
1470.0 1523.0 1576.0
1470.0 1523.0 1576.0
1470.0 1523.0 1576.0
1470.0 1523.0 1576.0
1470.0 1523.0 1576.0
1470.0 1523.0 1576.0
1470.0 1523.0 1576.0
1470.0 1523.0 1576.0
1470.0 1523.0 1576.0
1470.0 1523.0 1576.0
1470.0 1523.0 1576.0
1470.0 1523.0 1576.0
1470.0 1523.0 1576.0
1470.0 1523.0 1576.0
1470.0 1523.0 1576.0
1470.0 1523.0 1576.0
1470.0 1523.0 1576.0
1470.0 1523.0 1576.0
1470.0 1523.0 1576.0
1470.0 1523.0 1576.0
1470.0 1523.0 1576.0
1470.0 1523.0 1576.0
1470.0 1523.0 1576.0
1470.0 1523.0 1576.0
1470.0 1523.0 1576.0
1470.0 1523.0 1576.0
1470.0 1523.0 1576.0
1470.0 1523.0 1576.0
1470.0 1523.0 1576.0
1470.0 1523.0 1576.0
1470.0 1523.0 1576.0
1470.0 1523.0 1576.0
1470.0 1523.0 1576.0
1470.0 1523.0 1576.0
1470.0 1523.0 1576.0
1470.0 1523.0 1576.0
1470.0 1523.0 1576.0
1470.0 1523.0 1576.0
1470.0 1523.0 1576.0
1470.0 1523.0 1576.0
1470.0 1523.0 1576.0
1470.0 1523.0 1576.0
1470.0 1523.0 1576.0
1470.0 1523.0 1576.0
1470.0 1523.0 1576.0
1470.0 1523.0 1576.0
1470.0 1523.0 1576.0
1470.0 1523.0 1576.0
1470.0 1523.0 1576.0
1470.0 1523.0 1576.0
1470.0 1523.0 1576.0
1470.0 1523.0 1576.0
1470.0 1523.0 1576.0
1470.0 1523.0 1576.0
1470.0 1523.0 1576.0
1470.0 1523.0 1576.0
1470.0 1523.0 1576.0
1470.0 1523.0 1576.0
1470.0 1523.0 1576.0
1470.0 1523.0 1576.0
1470.0 1523.0 1576.0
1470.0 1523.0 1576.0
1470.0 1523.0 1576.0
1470.0 1523.0 1576.0
1470.0 1523.0 1576.0
1470.0 1523.0 1576.0
1470.0 1523.0 1576.0
1470.0 1523.0 1576.0
1470.0 1523.0 1576.0
1470.0 1523.0 1576.0
1470.0 1523.0 1576.0
1470.0 1523.0 1576.0
1470.0 1523.0 1576.0
1470.0 1523.0 1576.0
1470.0 1523.0 1576.0
1470.0 1523.0 1576.0
1470.0 1523.0 1576.0
1470.0 1523.0 1576.0
1470.0 1523.0 1576.0
1470.0 1523.0 1576.0
1470.0 1523.0 1576.0
1470.0 1523.0 1576.0
1470.0 1523.0 1576.0
