10689.0 12497.5 14306.0
9622.0 11410.0 13198.0
7040.0 8385.0 9730.0
5277.0 5898.0 6519.0
4345.0 5260.5 6176.0
3442.0 4319.5 5197.0
2872.0 3117.0 3362.0
2872.0 2965.0 3058.0
1607.0 1825.0 2043.0
1607.0 1825.0 2043.0
1607.0 1895.0 2183.0
1267.0 1725.0 2183.0
1267.0 1464.5 1662.0
670.0 1166.0 1662.0
670.0 1166.0 1662.0
587.0 1124.5 1662.0
587.0 1124.5 1662.0
587.0 1124.5 1662.0
587.0 1124.5 1662.0
587.0 1124.5 1662.0
587.0 1124.5 1662.0
587.0 1124.5 1662.0
587.0 1124.5 1662.0
587.0 1124.5 1662.0
587.0 1124.5 1662.0
587.0 1124.5 1662.0
587.0 1124.5 1662.0
587.0 1124.5 1662.0
587.0 1124.5 1662.0
587.0 1124.5 1662.0
587.0 1124.5 1662.0
587.0 1124.5 1662.0
587.0 1124.5 1662.0
587.0 1124.5 1662.0
587.0 1124.5 1662.0
587.0 1124.5 1662.0
587.0 1124.5 1662.0
587.0 1124.5 1662.0
587.0 1124.5 1662.0
587.0 1124.5 1662.0
587.0 1124.5 1662.0
587.0 1124.5 1662.0
587.0 1124.5 1662.0
587.0 1124.5 1662.0
587.0 1124.5 1662.0
587.0 1124.5 1662.0
587.0 1124.5 1662.0
587.0 1124.5 1662.0
587.0 1124.5 1662.0
587.0 1124.5 1662.0
587.0 1124.5 1662.0
587.0 1124.5 1662.0
587.0 1124.5 1662.0
587.0 1124.5 1662.0
587.0 1124.5 1662.0
587.0 1124.5 1662.0
587.0 1124.5 1662.0
587.0 1124.5 1662.0
587.0 1124.5 1662.0
587.0 1124.5 1662.0
587.0 1124.5 1662.0
587.0 1124.5 1662.0
587.0 1124.5 1662.0
587.0 1124.5 1662.0
587.0 1124.5 1662.0
587.0 1124.5 1662.0
587.0 1124.5 1662.0
587.0 1124.5 1662.0
587.0 1124.5 1662.0
587.0 1124.5 1662.0
587.0 1124.5 1662.0
587.0 1124.5 1662.0
587.0 1124.5 1662.0
587.0 1124.5 1662.0
587.0 1124.5 1662.0
587.0 1124.5 1662.0
587.0 744.0 901.0
587.0 744.0 901.0
587.0 744.0 901.0
587.0 744.0 901.0
587.0 744.0 901.0
587.0 744.0 901.0
587.0 744.0 901.0
587.0 744.0 901.0
587.0 744.0 901.0
587.0 744.0 901.0
587.0 744.0 901.0
587.0 744.0 901.0
587.0 744.0 901.0
587.0 744.0 901.0
587.0 744.0 901.0
587.0 744.0 901.0
587.0 744.0 901.0
587.0 744.0 901.0
587.0 744.0 901.0
587.0 744.0 901.0
587.0 744.0 901.0
587.0 744.0 901.0
587.0 744.0 901.0
587.0 744.0 901.0
587.0 744.0 901.0
587.0 744.0 901.0
587.0 744.0 901.0
587.0 744.0 901.0
587.0 744.0 901.0
587.0 744.0 901.0
587.0 744.0 901.0
587.0 744.0 901.0
587.0 744.0 901.0
587.0 744.0 901.0
587.0 744.0 901.0
587.0 744.0 901.0
587.0 744.0 901.0
587.0 744.0 901.0
587.0 744.0 901.0
587.0 744.0 901.0
587.0 744.0 901.0
587.0 744.0 901.0
587.0 744.0 901.0
587.0 744.0 901.0
587.0 744.0 901.0
587.0 744.0 901.0
587.0 744.0 901.0
587.0 744.0 901.0
587.0 744.0 901.0
587.0 744.0 901.0
587.0 744.0 901.0
587.0 744.0 901.0
587.0 744.0 901.0
587.0 744.0 901.0
587.0 744.0 901.0
587.0 744.0 901.0
587.0 744.0 901.0
587.0 744.0 901.0
587.0 744.0 901.0
587.0 744.0 901.0
587.0 744.0 901.0
587.0 744.0 901.0
587.0 744.0 901.0
587.0 744.0 901.0
587.0 744.0 901.0
587.0 744.0 901.0
587.0 744.0 901.0
587.0 744.0 901.0
587.0 744.0 901.0
587.0 744.0 901.0
587.0 744.0 901.0
587.0 744.0 901.0
587.0 744.0 901.0
587.0 744.0 901.0
587.0 744.0 901.0
587.0 744.0 901.0
587.0 744.0 901.0
587.0 744.0 901.0
587.0 744.0 901.0
587.0 744.0 901.0
587.0 744.0 901.0
587.0 744.0 901.0
587.0 744.0 901.0
587.0 744.0 901.0
587.0 744.0 901.0
587.0 744.0 901.0
587.0 744.0 901.0
587.0 744.0 901.0
587.0 744.0 901.0
587.0 744.0 901.0
587.0 744.0 901.0
587.0 744.0 901.0
587.0 744.0 901.0
587.0 744.0 901.0
587.0 744.0 901.0
587.0 744.0 901.0
587.0 744.0 901.0
587.0 744.0 901.0
587.0 744.0 901.0
587.0 744.0 901.0
587.0 744.0 901.0
587.0 744.0 901.0
587.0 744.0 901.0
587.0 744.0 901.0
587.0 744.0 901.0
587.0 744.0 901.0
587.0 744.0 901.0
587.0 744.0 901.0
587.0 744.0 901.0
587.0 744.0 901.0
587.0 744.0 901.0
587.0 744.0 901.0
587.0 744.0 901.0
587.0 744.0 901.0
587.0 744.0 901.0
587.0 744.0 901.0
587.0 744.0 901.0
587.0 744.0 901.0
587.0 744.0 901.0
587.0 744.0 901.0
587.0 744.0 901.0
587.0 744.0 901.0
587.0 744.0 901.0
587.0 744.0 901.0
