12460.0 13545.0 14630.0
9720.0 11140.5 12561.0
9258.0 9656.0 10054.0
7040.0 7806.5 8573.0
6012.0 6851.5 7691.0
4521.0 4552.0 4583.0
4177.0 4380.0 4583.0
3507.0 3519.0 3531.0
2860.0 3195.5 3531.0
2904.0 3217.5 3531.0
2427.0 2642.0 2857.0
2427.0 2642.0 2857.0
2427.0 2642.0 2857.0
2427.0 2642.0 2857.0
2427.0 2642.0 2857.0
2427.0 2642.0 2857.0
2427.0 2642.0 2857.0
2427.0 2642.0 2857.0
2427.0 2587.0 2747.0
2200.0 2313.5 2427.0
2325.0 2376.0 2427.0
1884.0 2155.5 2427.0
1884.0 2155.5 2427.0
1884.0 2155.5 2427.0
1884.0 2155.5 2427.0
1884.0 2155.5 2427.0
1884.0 2155.5 2427.0
1884.0 2155.5 2427.0
1884.0 2155.5 2427.0
1884.0 2155.5 2427.0
1884.0 2155.5 2427.0
1884.0 2155.5 2427.0
1884.0 2155.5 2427.0
1884.0 2155.5 2427.0
1884.0 2155.5 2427.0
1884.0 2155.5 2427.0
1884.0 2155.5 2427.0
1884.0 2155.5 2427.0
1884.0 2180.0 2476.0
1884.0 2180.0 2476.0
1884.0 2180.0 2476.0
1884.0 2180.0 2476.0
1884.0 2180.0 2476.0
1884.0 2180.0 2476.0
1884.0 1972.0 2060.0
1884.0 1972.0 2060.0
1884.0 1972.0 2060.0
1884.0 1929.5 1975.0
1775.0 1829.5 1884.0
1775.0 1829.5 1884.0
1775.0 1829.5 1884.0
1775.0 1829.5 1884.0
1775.0 1829.5 1884.0
1775.0 1829.5 1884.0
1775.0 1829.5 1884.0
1775.0 1829.5 1884.0
1775.0 1829.5 1884.0
1775.0 1829.5 1884.0
1775.0 1829.5 1884.0
1775.0 1829.5 1884.0
1775.0 1829.5 1884.0
1775.0 1829.5 1884.0
1775.0 1829.5 1884.0
1775.0 1829.5 1884.0
1775.0 1829.5 1884.0
1775.0 1829.5 1884.0
1775.0 1829.5 1884.0
1775.0 1829.5 1884.0
1775.0 1829.5 1884.0
1775.0 1829.5 1884.0
1775.0 1829.5 1884.0
1775.0 1829.5 1884.0
1775.0 1829.5 1884.0
1775.0 1829.5 1884.0
1775.0 1829.5 1884.0
1775.0 1829.5 1884.0
1884.0 2005.5 2127.0
1322.0 1603.0 1884.0
1322.0 1405.0 1488.0
1322.0 1405.0 1488.0
1322.0 1405.0 1488.0
1322.0 1405.0 1488.0
1322.0 1405.0 1488.0
1322.0 1405.0 1488.0
1322.0 1405.0 1488.0
1322.0 1405.0 1488.0
1322.0 1405.0 1488.0
1322.0 1405.0 1488.0
1322.0 1405.0 1488.0
1322.0 1405.0 1488.0
1322.0 1405.0 1488.0
1322.0 1405.0 1488.0
1322.0 1405.0 1488.0
1322.0 1405.0 1488.0
1322.0 1405.0 1488.0
1322.0 1405.0 1488.0
1322.0 1405.0 1488.0
1322.0 1405.0 1488.0
1322.0 1405.0 1488.0
1322.0 1405.0 1488.0
1322.0 1405.0 1488.0
1322.0 1405.0 1488.0
1322.0 1405.0 1488.0
1322.0 1405.0 1488.0
1322.0 1405.0 1488.0
1322.0 1405.0 1488.0
1322.0 1405.0 1488.0
1322.0 1405.0 1488.0
1322.0 1405.0 1488.0
1322.0 1405.0 1488.0
1322.0 1405.0 1488.0
1322.0 1405.0 1488.0
1322.0 1405.0 1488.0
1322.0 1405.0 1488.0
1322.0 1405.0 1488.0
1322.0 1405.0 1488.0
1322.0 1405.0 1488.0
1322.0 1405.0 1488.0
1322.0 1405.0 1488.0
1322.0 1405.0 1488.0
1322.0 1405.0 1488.0
1322.0 1405.0 1488.0
1322.0 1405.0 1488.0
1322.0 1405.0 1488.0
1322.0 1405.0 1488.0
1322.0 1405.0 1488.0
1322.0 1405.0 1488.0
1322.0 1405.0 1488.0
1322.0 1405.0 1488.0
1322.0 1405.0 1488.0
1322.0 1405.0 1488.0
1322.0 1405.0 1488.0
1322.0 1405.0 1488.0
1322.0 1405.0 1488.0
1322.0 1405.0 1488.0
1322.0 1405.0 1488.0
1322.0 1405.0 1488.0
1322.0 1405.0 1488.0
1322.0 1405.0 1488.0
1322.0 1405.0 1488.0
1322.0 1405.0 1488.0
1322.0 1405.0 1488.0
1322.0 1405.0 1488.0
1322.0 1405.0 1488.0
1322.0 1405.0 1488.0
1322.0 1405.0 1488.0
1322.0 1405.0 1488.0
1322.0 1405.0 1488.0
1322.0 1405.0 1488.0
1322.0 1405.0 1488.0
1322.0 1405.0 1488.0
1322.0 1405.0 1488.0
1322.0 1405.0 1488.0
1322.0 1405.0 1488.0
1322.0 1405.0 1488.0
1322.0 1405.0 1488.0
1322.0 1405.0 1488.0
1322.0 1405.0 1488.0
1322.0 1405.0 1488.0
1322.0 1405.0 1488.0
1322.0 1405.0 1488.0
1322.0 1405.0 1488.0
1322.0 1405.0 1488.0
1322.0 1405.0 1488.0
1322.0 1405.0 1488.0
1322.0 1405.0 1488.0
1322.0 1405.0 1488.0
1322.0 1405.0 1488.0
1322.0 1405.0 1488.0
1322.0 1405.0 1488.0
1322.0 1405.0 1488.0
1322.0 1405.0 1488.0
1322.0 1405.0 1488.0
1322.0 1405.0 1488.0
1322.0 1405.0 1488.0
1322.0 1405.0 1488.0
1322.0 1405.0 1488.0
1322.0 1405.0 1488.0
1322.0 1405.0 1488.0
1322.0 1405.0 1488.0
1322.0 1405.0 1488.0
1322.0 1405.0 1488.0
1322.0 1405.0 1488.0
1322.0 1405.0 1488.0
1322.0 1405.0 1488.0
1322.0 1405.0 1488.0
1322.0 1405.0 1488.0
1322.0 1405.0 1488.0
1322.0 1405.0 1488.0
1322.0 1405.0 1488.0
1322.0 1405.0 1488.0
1322.0 1405.0 1488.0
1322.0 1405.0 1488.0
1322.0 1405.0 1488.0
1322.0 1405.0 1488.0
1322.0 1405.0 1488.0
1322.0 1405.0 1488.0
1322.0 1405.0 1488.0
1322.0 1405.0 1488.0
1322.0 1405.0 1488.0
