12000.0 12255.5 12511.0
9140.0 10133.0 11126.0
5483.0 8418.0 11353.0
5243.0 8054.0 10865.0
5243.0 6921.0 8599.0
5243.0 6921.0 8599.0
5243.0 5941.0 6639.0
3930.0 5284.5 6639.0
3660.0 4090.5 4521.0
3660.0 3789.0 3918.0
3061.0 3468.0 3875.0
3061.0 3468.0 3875.0
2892.0 2976.5 3061.0
2840.0 2950.5 3061.0
2840.0 2950.5 3061.0
2840.0 2950.5 3061.0
2840.0 2950.5 3061.0
2840.0 2950.5 3061.0
2840.0 2950.5 3061.0
2840.0 2950.5 3061.0
2216.0 2521.5 2827.0
2197.0 2330.0 2463.0
1947.0 2072.0 2197.0
1947.0 2072.0 2197.0
1947.0 2072.0 2197.0
1947.0 2072.0 2197.0
1947.0 2042.0 2137.0
1947.0 2042.0 2137.0
1947.0 2042.0 2137.0
1947.0 2042.0 2137.0
1947.0 2042.0 2137.0
1947.0 2042.0 2137.0
1898.0 1922.5 1947.0
1813.0 1880.0 1947.0
1813.0 1880.0 1947.0
1813.0 1880.0 1947.0
1813.0 1880.0 1947.0
1813.0 1880.0 1947.0
1813.0 1880.0 1947.0
1813.0 1880.0 1947.0
1813.0 1880.0 1947.0
1813.0 2154.0 2495.0
1813.0 1981.5 2150.0
1813.0 1981.5 2150.0
1813.0 1981.5 2150.0
1813.0 1981.5 2150.0
1813.0 1981.5 2150.0
1813.0 1981.5 2150.0
1813.0 1981.5 2150.0
1813.0 1981.5 2150.0
1813.0 1981.5 2150.0
1813.0 1981.5 2150.0
1813.0 1981.5 2150.0
1813.0 1981.5 2150.0
1813.0 1981.5 2150.0
1813.0 1981.5 2150.0
1813.0 1981.5 2150.0
1813.0 1981.5 2150.0
1813.0 1981.5 2150.0
1813.0 1981.5 2150.0
1813.0 1981.5 2150.0
1813.0 1981.5 2150.0
1813.0 1981.5 2150.0
1813.0 1981.5 2150.0
1813.0 1981.5 2150.0
1813.0 1981.5 2150.0
1813.0 1981.5 2150.0
1813.0 1981.5 2150.0
1813.0 1981.5 2150.0
1813.0 1981.5 2150.0
1813.0 1981.5 2150.0
1813.0 1981.5 2150.0
1813.0 1981.5 2150.0
1813.0 1981.5 2150.0
1813.0 1981.5 2150.0
1813.0 1981.5 2150.0
1431.0 1790.5 2150.0
852.0 1501.0 2150.0
852.0 1501.0 2150.0
852.0 1458.5 2065.0
852.0 1131.5 1411.0
852.0 1131.5 1411.0
852.0 1131.5 1411.0
852.0 1131.5 1411.0
852.0 1131.5 1411.0
852.0 1131.5 1411.0
852.0 1131.5 1411.0
852.0 1131.5 1411.0
852.0 1131.5 1411.0
852.0 1131.5 1411.0
852.0 1131.5 1411.0
852.0 1131.5 1411.0
852.0 1131.5 1411.0
852.0 1131.5 1411.0
852.0 1131.5 1411.0
852.0 1131.5 1411.0
852.0 1131.5 1411.0
852.0 1131.5 1411.0
852.0 1131.5 1411.0
852.0 1131.5 1411.0
852.0 1131.5 1411.0
852.0 1131.5 1411.0
852.0 1131.5 1411.0
852.0 1131.5 1411.0
852.0 1131.5 1411.0
852.0 1131.5 1411.0
852.0 1131.5 1411.0
852.0 1131.5 1411.0
852.0 1131.5 1411.0
852.0 1131.5 1411.0
852.0 1131.5 1411.0
852.0 1131.5 1411.0
852.0 1131.5 1411.0
852.0 1131.5 1411.0
852.0 1131.5 1411.0
852.0 1131.5 1411.0
852.0 1131.5 1411.0
852.0 1131.5 1411.0
852.0 1131.5 1411.0
852.0 1131.5 1411.0
852.0 1131.5 1411.0
852.0 1131.5 1411.0
852.0 1131.5 1411.0
852.0 1131.5 1411.0
852.0 1131.5 1411.0
852.0 1131.5 1411.0
852.0 1131.5 1411.0
852.0 1131.5 1411.0
852.0 1131.5 1411.0
852.0 1131.5 1411.0
852.0 1131.5 1411.0
852.0 1131.5 1411.0
852.0 1131.5 1411.0
852.0 1131.5 1411.0
852.0 1131.5 1411.0
852.0 1131.5 1411.0
852.0 1131.5 1411.0
852.0 1131.5 1411.0
852.0 1131.5 1411.0
852.0 1131.5 1411.0
852.0 1131.5 1411.0
852.0 1131.5 1411.0
852.0 1131.5 1411.0
852.0 1131.5 1411.0
852.0 1131.5 1411.0
852.0 1131.5 1411.0
852.0 1131.5 1411.0
852.0 1131.5 1411.0
852.0 1131.5 1411.0
852.0 1131.5 1411.0
852.0 1131.5 1411.0
852.0 1131.5 1411.0
852.0 1131.5 1411.0
852.0 1131.5 1411.0
852.0 1131.5 1411.0
852.0 1131.5 1411.0
852.0 1131.5 1411.0
852.0 1131.5 1411.0
852.0 1131.5 1411.0
852.0 1131.5 1411.0
852.0 1131.5 1411.0
852.0 1131.5 1411.0
852.0 1131.5 1411.0
852.0 1131.5 1411.0
852.0 1131.5 1411.0
852.0 1131.5 1411.0
852.0 1131.5 1411.0
852.0 1131.5 1411.0
852.0 1131.5 1411.0
852.0 1131.5 1411.0
852.0 1131.5 1411.0
852.0 1131.5 1411.0
852.0 1131.5 1411.0
852.0 1131.5 1411.0
852.0 1131.5 1411.0
852.0 1131.5 1411.0
852.0 1131.5 1411.0
852.0 1131.5 1411.0
852.0 1131.5 1411.0
852.0 1131.5 1411.0
852.0 1131.5 1411.0
852.0 1131.5 1411.0
852.0 1131.5 1411.0
852.0 1131.5 1411.0
852.0 1131.5 1411.0
852.0 1131.5 1411.0
852.0 1131.5 1411.0
852.0 1131.5 1411.0
852.0 1131.5 1411.0
852.0 1131.5 1411.0
852.0 1131.5 1411.0
852.0 1131.5 1411.0
852.0 1131.5 1411.0
852.0 1131.5 1411.0
852.0 1131.5 1411.0
852.0 1131.5 1411.0
852.0 1131.5 1411.0
852.0 1131.5 1411.0
852.0 1131.5 1411.0
852.0 1131.5 1411.0
