13860.0 14737.0 15614.0
9354.0 11893.0 14432.0
10063.0 10082.0 10101.0
6027.0 7743.5 9460.0
6027.0 6507.0 6987.0
6984.0 6985.5 6987.0
3469.0 4392.5 5316.0
3469.0 4426.0 5383.0
3172.0 3320.5 3469.0
3172.0 3320.5 3469.0
3172.0 3320.5 3469.0
3172.0 3320.5 3469.0
2536.0 2854.0 3172.0
2536.0 2631.0 2726.0
2304.0 2331.5 2359.0
2304.0 2331.5 2359.0
1506.0 1905.0 2304.0
1506.0 1905.0 2304.0
1506.0 1905.0 2304.0
1506.0 1905.0 2304.0
1506.0 1905.0 2304.0
1506.0 1905.0 2304.0
1506.0 1905.0 2304.0
1506.0 1905.0 2304.0
1506.0 1905.0 2304.0
1506.0 1905.0 2304.0
1506.0 1905.0 2304.0
1506.0 1905.0 2304.0
1506.0 1905.0 2304.0
1506.0 1905.0 2304.0
1506.0 1905.0 2304.0
1506.0 1905.0 2304.0
1506.0 1905.0 2304.0
1506.0 1905.0 2304.0
1506.0 1905.0 2304.0
1506.0 1905.0 2304.0
1506.0 1905.0 2304.0
1506.0 1905.0 2304.0
1506.0 1905.0 2304.0
1506.0 1905.0 2304.0
1506.0 1905.0 2304.0
1506.0 1905.0 2304.0
1506.0 1905.0 2304.0
1506.0 1905.0 2304.0
1506.0 1905.0 2304.0
1506.0 1905.0 2304.0
1506.0 1905.0 2304.0
1506.0 1905.0 2304.0
1506.0 1905.0 2304.0
1506.0 1905.0 2304.0
1506.0 1905.0 2304.0
1506.0 1905.0 2304.0
1506.0 1905.0 2304.0
1506.0 1905.0 2304.0
1506.0 1905.0 2304.0
1506.0 1905.0 2304.0
1506.0 1905.0 2304.0
1506.0 1905.0 2304.0
1506.0 1905.0 2304.0
1506.0 1905.0 2304.0
1300.0 1403.0 1506.0
1300.0 1403.0 1506.0
1300.0 1403.0 1506.0
1300.0 1403.0 1506.0
1300.0 1403.0 1506.0
1300.0 1403.0 1506.0
1300.0 1403.0 1506.0
1300.0 1403.0 1506.0
1300.0 1403.0 1506.0
1300.0 1403.0 1506.0
1300.0 1403.0 1506.0
1300.0 1403.0 1506.0
1300.0 1403.0 1506.0
1300.0 1403.0 1506.0
1300.0 1403.0 1506.0
1300.0 1403.0 1506.0
1300.0 1403.0 1506.0
1300.0 1403.0 1506.0
1300.0 1403.0 1506.0
1300.0 1403.0 1506.0
1300.0 1403.0 1506.0
1300.0 1403.0 1506.0
1300.0 1403.0 1506.0
1300.0 1403.0 1506.0
1300.0 1403.0 1506.0
1300.0 1403.0 1506.0
1300.0 1403.0 1506.0
1300.0 1403.0 1506.0
1300.0 1403.0 1506.0
1300.0 1403.0 1506.0
1300.0 1403.0 1506.0
1300.0 1403.0 1506.0
1300.0 1403.0 1506.0
1300.0 1403.0 1506.0
1300.0 1403.0 1506.0
1300.0 1403.0 1506.0
1300.0 1403.0 1506.0
1300.0 1403.0 1506.0
1300.0 1403.0 1506.0
1300.0 1403.0 1506.0
1300.0 1403.0 1506.0
1300.0 1403.0 1506.0
1300.0 1403.0 1506.0
1300.0 1403.0 1506.0
1300.0 1403.0 1506.0
1300.0 1403.0 1506.0
1300.0 1403.0 1506.0
1300.0 1403.0 1506.0
1300.0 1403.0 1506.0
1300.0 1403.0 1506.0
1300.0 1403.0 1506.0
1300.0 1403.0 1506.0
1300.0 1403.0 1506.0
1300.0 1403.0 1506.0
1300.0 1403.0 1506.0
1300.0 1403.0 1506.0
1300.0 1403.0 1506.0
1300.0 1403.0 1506.0
1300.0 1403.0 1506.0
1300.0 1403.0 1506.0
1300.0 1403.0 1506.0
1300.0 1403.0 1506.0
1300.0 1403.0 1506.0
1300.0 1403.0 1506.0
1300.0 1403.0 1506.0
1300.0 1403.0 1506.0
1300.0 1403.0 1506.0
1300.0 1403.0 1506.0
1300.0 1403.0 1506.0
1300.0 1403.0 1506.0
1300.0 1403.0 1506.0
1300.0 1403.0 1506.0
1300.0 1403.0 1506.0
1300.0 1403.0 1506.0
1300.0 1403.0 1506.0
1300.0 1403.0 1506.0
1300.0 1403.0 1506.0
1300.0 1403.0 1506.0
1300.0 1403.0 1506.0
1300.0 1403.0 1506.0
1300.0 1403.0 1506.0
1300.0 1403.0 1506.0
1300.0 1403.0 1506.0
1300.0 1403.0 1506.0
1300.0 1403.0 1506.0
1300.0 1403.0 1506.0
1300.0 1403.0 1506.0
1300.0 1403.0 1506.0
1300.0 1403.0 1506.0
1300.0 1403.0 1506.0
1300.0 1403.0 1506.0
1300.0 1403.0 1506.0
1300.0 1403.0 1506.0
1300.0 1403.0 1506.0
1300.0 1403.0 1506.0
1300.0 1403.0 1506.0
1300.0 1403.0 1506.0
1300.0 1403.0 1506.0
1300.0 1403.0 1506.0
1300.0 1403.0 1506.0
1300.0 1403.0 1506.0
1300.0 1403.0 1506.0
1300.0 1403.0 1506.0
1300.0 1403.0 1506.0
1300.0 1403.0 1506.0
1300.0 1403.0 1506.0
1300.0 1403.0 1506.0
1300.0 1403.0 1506.0
1300.0 1403.0 1506.0
1300.0 1403.0 1506.0
1300.0 1403.0 1506.0
1300.0 1403.0 1506.0
1300.0 1403.0 1506.0
1300.0 1403.0 1506.0
1300.0 1403.0 1506.0
1300.0 1403.0 1506.0
1300.0 1403.0 1506.0
1300.0 1403.0 1506.0
1300.0 1403.0 1506.0
1300.0 1403.0 1506.0
1300.0 1403.0 1506.0
1300.0 1403.0 1506.0
1300.0 1403.0 1506.0
1300.0 1403.0 1506.0
1300.0 1403.0 1506.0
1300.0 1403.0 1506.0
1300.0 1403.0 1506.0
1300.0 1403.0 1506.0
1300.0 1403.0 1506.0
1300.0 1403.0 1506.0
1300.0 1403.0 1506.0
1300.0 1403.0 1506.0
1300.0 1403.0 1506.0
1300.0 1403.0 1506.0
1300.0 1403.0 1506.0
1300.0 1403.0 1506.0
1300.0 1403.0 1506.0
1300.0 1403.0 1506.0
1300.0 1403.0 1506.0
1300.0 1403.0 1506.0
