12926.0 13765.0 14604.0
10977.0 11214.0 11451.0
7234.0 8409.0 9584.0
6281.0 6526.5 6772.0
5339.0 5962.5 6586.0
3192.0 4569.5 5947.0
3198.0 3498.0 3798.0
3198.0 3429.5 3661.0
2098.0 2648.0 3198.0
2098.0 2913.5 3729.0
1979.0 2160.5 2342.0
1804.0 2073.0 2342.0
1804.0 2073.0 2342.0
1804.0 2073.0 2342.0
1804.0 2073.0 2342.0
1804.0 2073.0 2342.0
1804.0 2073.0 2342.0
1804.0 2073.0 2342.0
1804.0 2073.0 2342.0
1804.0 2092.0 2380.0
1804.0 1980.5 2157.0
1521.0 1662.5 1804.0
1521.0 1662.5 1804.0
1521.0 1662.5 1804.0
1521.0 1662.5 1804.0
1521.0 1662.5 1804.0
1521.0 1662.5 1804.0
1521.0 1662.5 1804.0
1521.0 1662.5 1804.0
1521.0 1662.5 1804.0
1521.0 1662.5 1804.0
1521.0 1662.5 1804.0
1521.0 1662.5 1804.0
1521.0 1662.5 1804.0
1521.0 1662.5 1804.0
1521.0 1662.5 1804.0
1521.0 1662.5 1804.0
1521.0 1662.5 1804.0
1521.0 1662.5 1804.0
1521.0 1662.5 1804.0
1521.0 1662.5 1804.0
1521.0 1662.5 1804.0
1521.0 1662.5 1804.0
1521.0 1662.5 1804.0
1521.0 1662.5 1804.0
1521.0 1662.5 1804.0
1521.0 1662.5 1804.0
1521.0 1662.5 1804.0
1521.0 1662.5 1804.0
1521.0 1662.5 1804.0
1521.0 1662.5 1804.0
1521.0 1662.5 1804.0
1521.0 1662.5 1804.0
1521.0 1662.5 1804.0
1521.0 1662.5 1804.0
1521.0 1662.5 1804.0
1521.0 1662.5 1804.0
1521.0 1662.5 1804.0
1521.0 1662.5 1804.0
1521.0 1662.5 1804.0
1521.0 1662.5 1804.0
1521.0 1662.5 1804.0
1521.0 1662.5 1804.0
1521.0 1662.5 1804.0
1521.0 1662.5 1804.0
1521.0 1662.5 1804.0
1521.0 1662.5 1804.0
1521.0 1662.5 1804.0
1521.0 1662.5 1804.0
1521.0 1662.5 1804.0
1521.0 1662.5 1804.0
1521.0 1662.5 1804.0
1521.0 1662.5 1804.0
1521.0 1662.5 1804.0
1521.0 1662.5 1804.0
1521.0 1662.5 1804.0
1521.0 1662.5 1804.0
1521.0 1662.5 1804.0
1592.0 1698.0 1804.0
1592.0 1698.0 1804.0
1592.0 1698.0 1804.0
1592.0 1698.0 1804.0
1592.0 1698.0 1804.0
1592.0 1698.0 1804.0
1592.0 1698.0 1804.0
1592.0 1698.0 1804.0
1592.0 1698.0 1804.0
1592.0 1698.0 1804.0
1592.0 1698.0 1804.0
1592.0 1698.0 1804.0
1592.0 1698.0 1804.0
1592.0 1698.0 1804.0
1592.0 1698.0 1804.0
1592.0 1698.0 1804.0
1592.0 1698.0 1804.0
1592.0 1698.0 1804.0
1592.0 1698.0 1804.0
1592.0 1698.0 1804.0
1592.0 1698.0 1804.0
1592.0 1698.0 1804.0
1592.0 1698.0 1804.0
1592.0 1698.0 1804.0
1592.0 1698.0 1804.0
1592.0 1698.0 1804.0
1592.0 1698.0 1804.0
1592.0 1698.0 1804.0
1592.0 1698.0 1804.0
1592.0 1698.0 1804.0
1592.0 1698.0 1804.0
1592.0 1698.0 1804.0
1592.0 1698.0 1804.0
1592.0 1698.0 1804.0
1592.0 1698.0 1804.0
1592.0 1698.0 1804.0
1592.0 1698.0 1804.0
1592.0 1698.0 1804.0
1592.0 1698.0 1804.0
1592.0 1698.0 1804.0
1592.0 1698.0 1804.0
1592.0 1698.0 1804.0
1592.0 1698.0 1804.0
1592.0 1698.0 1804.0
1592.0 1698.0 1804.0
1592.0 1698.0 1804.0
1592.0 1698.0 1804.0
1592.0 1698.0 1804.0
1592.0 1698.0 1804.0
1592.0 1698.0 1804.0
1592.0 1698.0 1804.0
1592.0 1698.0 1804.0
1592.0 1698.0 1804.0
1592.0 1698.0 1804.0
1592.0 1698.0 1804.0
1592.0 1698.0 1804.0
1592.0 1698.0 1804.0
1592.0 1698.0 1804.0
1592.0 1698.0 1804.0
1592.0 1698.0 1804.0
1278.0 1541.0 1804.0
1278.0 1541.0 1804.0
1278.0 1541.0 1804.0
1278.0 1541.0 1804.0
1278.0 1541.0 1804.0
1278.0 1541.0 1804.0
1278.0 1541.0 1804.0
1278.0 1541.0 1804.0
1278.0 1541.0 1804.0
1278.0 1541.0 1804.0
1278.0 1541.0 1804.0
1278.0 1541.0 1804.0
1278.0 1541.0 1804.0
1278.0 1541.0 1804.0
1278.0 1541.0 1804.0
1278.0 1541.0 1804.0
1278.0 1541.0 1804.0
1278.0 1541.0 1804.0
1278.0 1541.0 1804.0
1278.0 1541.0 1804.0
1278.0 1541.0 1804.0
1278.0 1541.0 1804.0
1191.0 1234.5 1278.0
1191.0 1234.5 1278.0
777.0 1027.5 1278.0
777.0 1027.5 1278.0
777.0 1027.5 1278.0
777.0 1027.5 1278.0
777.0 1027.5 1278.0
777.0 1027.5 1278.0
777.0 1027.5 1278.0
777.0 1027.5 1278.0
777.0 1027.5 1278.0
777.0 1027.5 1278.0
777.0 1027.5 1278.0
777.0 1027.5 1278.0
777.0 1027.5 1278.0
777.0 1027.5 1278.0
777.0 1027.5 1278.0
777.0 1027.5 1278.0
777.0 1027.5 1278.0
777.0 1027.5 1278.0
777.0 1027.5 1278.0
777.0 1027.5 1278.0
777.0 1027.5 1278.0
777.0 1027.5 1278.0
777.0 1027.5 1278.0
777.0 1027.5 1278.0
777.0 1027.5 1278.0
777.0 1027.5 1278.0
777.0 1027.5 1278.0
777.0 1027.5 1278.0
777.0 1027.5 1278.0
777.0 1027.5 1278.0
777.0 1027.5 1278.0
777.0 1027.5 1278.0
777.0 1027.5 1278.0
777.0 1027.5 1278.0
777.0 1027.5 1278.0
777.0 1027.5 1278.0
777.0 1027.5 1278.0
777.0 1027.5 1278.0
