12430.0 14330.5 16231.0
9413.0 11599.5 13786.0
9413.0 11052.0 12691.0
7570.0 7828.5 8087.0
7926.0 8532.0 9138.0
6561.0 7243.5 7926.0
4874.0 5792.0 6710.0
4550.0 5458.0 6366.0
3934.0 4397.0 4860.0
3486.0 4056.5 4627.0
3286.0 3386.0 3486.0
2755.0 2787.0 2819.0
2755.0 2787.0 2819.0
2755.0 2787.0 2819.0
2755.0 2787.0 2819.0
2755.0 2787.0 2819.0
2755.0 2787.0 2819.0
2213.0 2516.0 2819.0
1478.0 2148.5 2819.0
1478.0 2536.0 3594.0
1478.0 2536.0 3594.0
1478.0 2536.0 3594.0
1478.0 2350.0 3222.0
1478.0 1830.0 2182.0
1478.0 1830.0 2182.0
1478.0 1830.0 2182.0
1478.0 1830.0 2182.0
1478.0 1830.0 2182.0
1478.0 1830.0 2182.0
1478.0 1830.0 2182.0
1478.0 1830.0 2182.0
1478.0 1830.0 2182.0
1478.0 1830.0 2182.0
1478.0 1830.0 2182.0
1478.0 1785.5 2093.0
1478.0 1578.0 1678.0
1478.0 1578.0 1678.0
1478.0 1578.0 1678.0
1478.0 1578.0 1678.0
1478.0 1578.0 1678.0
1478.0 1578.0 1678.0
1478.0 1578.0 1678.0
1478.0 1578.0 1678.0
1478.0 1578.0 1678.0
1478.0 1578.0 1678.0
1478.0 1578.0 1678.0
1478.0 1578.0 1678.0
1478.0 1578.0 1678.0
1478.0 1578.0 1678.0
1478.0 1578.0 1678.0
1478.0 1578.0 1678.0
1478.0 1578.0 1678.0
1478.0 1578.0 1678.0
1478.0 1578.0 1678.0
1478.0 1578.0 1678.0
1478.0 1578.0 1678.0
1478.0 1578.0 1678.0
1478.0 1578.0 1678.0
1478.0 1578.0 1678.0
1478.0 1578.0 1678.0
1478.0 1578.0 1678.0
1478.0 1578.0 1678.0
1478.0 1578.0 1678.0
1478.0 1578.0 1678.0
1478.0 1578.0 1678.0
1478.0 1578.0 1678.0
1478.0 1578.0 1678.0
1478.0 1578.0 1678.0
1478.0 1578.0 1678.0
1478.0 1578.0 1678.0
1478.0 1578.0 1678.0
1478.0 1578.0 1678.0
1478.0 1578.0 1678.0
1478.0 1578.0 1678.0
1478.0 1578.0 1678.0
1478.0 1578.0 1678.0
1478.0 1578.0 1678.0
1478.0 1578.0 1678.0
1478.0 1578.0 1678.0
1478.0 1578.0 1678.0
1478.0 1578.0 1678.0
1478.0 1578.0 1678.0
1478.0 1578.0 1678.0
1478.0 1578.0 1678.0
1478.0 1578.0 1678.0
1478.0 1578.0 1678.0
1478.0 1578.0 1678.0
1478.0 1578.0 1678.0
1478.0 1578.0 1678.0
1478.0 1578.0 1678.0
1478.0 1578.0 1678.0
1478.0 1578.0 1678.0
1478.0 1578.0 1678.0
1478.0 1578.0 1678.0
1478.0 1578.0 1678.0
1478.0 1553.5 1629.0
1478.0 1553.5 1629.0
1478.0 1553.5 1629.0
1478.0 1553.5 1629.0
1478.0 1553.5 1629.0
1478.0 1553.5 1629.0
1478.0 1553.5 1629.0
1478.0 1553.5 1629.0
1478.0 1553.5 1629.0
1478.0 1553.5 1629.0
1478.0 1553.5 1629.0
1478.0 1553.5 1629.0
1478.0 1553.5 1629.0
1478.0 1553.5 1629.0
1478.0 1553.5 1629.0
1478.0 1553.5 1629.0
1478.0 1553.5 1629.0
1478.0 1553.5 1629.0
1131.0 1304.5 1478.0
1131.0 1304.5 1478.0
1131.0 1304.5 1478.0
1131.0 1304.5 1478.0
1131.0 1304.5 1478.0
1131.0 1304.5 1478.0
1131.0 1304.5 1478.0
1131.0 1304.5 1478.0
1131.0 1304.5 1478.0
1131.0 1304.5 1478.0
1131.0 1304.5 1478.0
1131.0 1304.5 1478.0
1131.0 1304.5 1478.0
1131.0 1304.5 1478.0
1131.0 1304.5 1478.0
1131.0 1304.5 1478.0
1131.0 1304.5 1478.0
1131.0 1304.5 1478.0
1131.0 1304.5 1478.0
1131.0 1304.5 1478.0
1131.0 1304.5 1478.0
1131.0 1304.5 1478.0
1131.0 1304.5 1478.0
1131.0 1304.5 1478.0
1131.0 1304.5 1478.0
1131.0 1304.5 1478.0
1131.0 1304.5 1478.0
1131.0 1304.5 1478.0
1131.0 1304.5 1478.0
1131.0 1304.5 1478.0
1131.0 1304.5 1478.0
1131.0 1304.5 1478.0
1131.0 1304.5 1478.0
1131.0 1304.5 1478.0
1131.0 1304.5 1478.0
1131.0 1304.5 1478.0
1131.0 1304.5 1478.0
1131.0 1304.5 1478.0
1131.0 1304.5 1478.0
1131.0 1304.5 1478.0
1131.0 1304.5 1478.0
1131.0 1304.5 1478.0
1131.0 1304.5 1478.0
1131.0 1304.5 1478.0
1131.0 1304.5 1478.0
1131.0 1304.5 1478.0
1131.0 1304.5 1478.0
1131.0 1304.5 1478.0
1131.0 1304.5 1478.0
1131.0 1304.5 1478.0
1131.0 1304.5 1478.0
1131.0 1304.5 1478.0
1131.0 1304.5 1478.0
1131.0 1304.5 1478.0
1131.0 1304.5 1478.0
1131.0 1304.5 1478.0
1131.0 1304.5 1478.0
1131.0 1304.5 1478.0
1131.0 1304.5 1478.0
1131.0 1304.5 1478.0
1131.0 1304.5 1478.0
1131.0 1304.5 1478.0
1131.0 1304.5 1478.0
1131.0 1304.5 1478.0
1131.0 1304.5 1478.0
1131.0 1304.5 1478.0
1131.0 1304.5 1478.0
1131.0 1304.5 1478.0
1131.0 1304.5 1478.0
1131.0 1304.5 1478.0
1131.0 1304.5 1478.0
1131.0 1304.5 1478.0
1131.0 1304.5 1478.0
1131.0 1304.5 1478.0
1131.0 1304.5 1478.0
1131.0 1304.5 1478.0
1131.0 1304.5 1478.0
1131.0 1304.5 1478.0
1131.0 1304.5 1478.0
1131.0 1304.5 1478.0
1131.0 1304.5 1478.0
1131.0 1304.5 1478.0
1131.0 1304.5 1478.0
1131.0 1304.5 1478.0
1131.0 1304.5 1478.0
1131.0 1304.5 1478.0
1131.0 1304.5 1478.0
