13918.0 14622.0 15326.0
8619.0 10421.5 12224.0
9009.0 10919.5 12830.0
8944.0 9794.5 10645.0
6455.0 7971.5 9488.0
3684.0 6324.0 8964.0
3814.0 5179.5 6545.0
2939.0 4742.0 6545.0
2939.0 3886.5 4834.0
2939.0 4299.5 5660.0
3173.0 3607.5 4042.0
3173.0 3581.5 3990.0
2458.0 3308.5 4159.0
2163.0 3161.0 4159.0
2163.0 3161.0 4159.0
2163.0 3161.0 4159.0
2163.0 3161.0 4159.0
2163.0 3161.0 4159.0
2163.0 3161.0 4159.0
2163.0 3161.0 4159.0
2163.0 3161.0 4159.0
2163.0 2764.5 3366.0
2163.0 2303.5 2444.0
2163.0 2303.5 2444.0
2163.0 2303.5 2444.0
2163.0 2303.5 2444.0
2163.0 2303.5 2444.0
2163.0 2314.5 2466.0
2012.0 2087.5 2163.0
2012.0 2087.5 2163.0
2012.0 2087.5 2163.0
2012.0 2087.5 2163.0
2012.0 2087.5 2163.0
2012.0 2087.5 2163.0
1128.0 1570.0 2012.0
1128.0 1570.0 2012.0
1128.0 1570.0 2012.0
1128.0 1570.0 2012.0
1128.0 1570.0 2012.0
1128.0 1570.0 2012.0
1128.0 1570.0 2012.0
1128.0 1570.0 2012.0
1128.0 1570.0 2012.0
1128.0 1570.0 2012.0
1128.0 1570.0 2012.0
1128.0 1570.0 2012.0
1128.0 1570.0 2012.0
1128.0 1570.0 2012.0
1128.0 1570.0 2012.0
1128.0 1570.0 2012.0
1128.0 1339.5 1551.0
1128.0 1339.5 1551.0
1128.0 1339.5 1551.0
1128.0 1339.5 1551.0
1128.0 1339.5 1551.0
1128.0 1339.5 1551.0
1128.0 1339.5 1551.0
1128.0 1339.5 1551.0
1128.0 1339.5 1551.0
1128.0 1339.5 1551.0
1128.0 1339.5 1551.0
1128.0 1339.5 1551.0
1128.0 1339.5 1551.0
1128.0 1339.5 1551.0
1128.0 1339.5 1551.0
1128.0 1339.5 1551.0
1128.0 1339.5 1551.0
1128.0 1339.5 1551.0
1128.0 1339.5 1551.0
1128.0 1339.5 1551.0
1128.0 1339.5 1551.0
1128.0 1339.5 1551.0
1128.0 1339.5 1551.0
1128.0 1339.5 1551.0
1128.0 1339.5 1551.0
1128.0 1339.5 1551.0
1025.0 1076.5 1128.0
1025.0 1076.5 1128.0
1025.0 1076.5 1128.0
1025.0 1076.5 1128.0
1025.0 1076.5 1128.0
1025.0 1076.5 1128.0
1025.0 1076.5 1128.0
1025.0 1076.5 1128.0
1025.0 1076.5 1128.0
1025.0 1076.5 1128.0
1025.0 1076.5 1128.0
1025.0 1076.5 1128.0
1025.0 1076.5 1128.0
1025.0 1076.5 1128.0
1025.0 1076.5 1128.0
1025.0 1076.5 1128.0
1025.0 1076.5 1128.0
1025.0 1076.5 1128.0
1025.0 1076.5 1128.0
1025.0 1076.5 1128.0
1025.0 1076.5 1128.0
1025.0 1076.5 1128.0
1025.0 1076.5 1128.0
1025.0 1076.5 1128.0
1025.0 1076.5 1128.0
1025.0 1076.5 1128.0
1025.0 1076.5 1128.0
1025.0 1076.5 1128.0
1025.0 1076.5 1128.0
1025.0 1076.5 1128.0
1025.0 1076.5 1128.0
1025.0 1076.5 1128.0
1025.0 1076.5 1128.0
1025.0 1076.5 1128.0
1025.0 1076.5 1128.0
1025.0 1076.5 1128.0
1025.0 1076.5 1128.0
1025.0 1076.5 1128.0
1025.0 1076.5 1128.0
1025.0 1076.5 1128.0
1025.0 1076.5 1128.0
1025.0 1076.5 1128.0
1025.0 1076.5 1128.0
1025.0 1076.5 1128.0
1025.0 1076.5 1128.0
1025.0 1076.5 1128.0
1025.0 1076.5 1128.0
1025.0 1076.5 1128.0
1025.0 1076.5 1128.0
1025.0 1076.5 1128.0
1025.0 1076.5 1128.0
1025.0 1076.5 1128.0
1025.0 1076.5 1128.0
1025.0 1076.5 1128.0
1025.0 1076.5 1128.0
1025.0 1076.5 1128.0
1025.0 1076.5 1128.0
1025.0 1076.5 1128.0
1025.0 1076.5 1128.0
1025.0 1076.5 1128.0
1025.0 1076.5 1128.0
1025.0 1076.5 1128.0
1025.0 1076.5 1128.0
1025.0 1076.5 1128.0
1025.0 1076.5 1128.0
1025.0 1076.5 1128.0
1025.0 1076.5 1128.0
1025.0 1076.5 1128.0
1025.0 1076.5 1128.0
1025.0 1076.5 1128.0
1025.0 1076.5 1128.0
1025.0 1076.5 1128.0
1025.0 1076.5 1128.0
1025.0 1076.5 1128.0
1025.0 1076.5 1128.0
1025.0 1076.5 1128.0
1025.0 1076.5 1128.0
1025.0 1076.5 1128.0
1025.0 1076.5 1128.0
1025.0 1076.5 1128.0
1025.0 1076.5 1128.0
1025.0 1076.5 1128.0
1025.0 1076.5 1128.0
1025.0 1076.5 1128.0
1025.0 1076.5 1128.0
1025.0 1076.5 1128.0
1025.0 1076.5 1128.0
1025.0 1076.5 1128.0
1025.0 1076.5 1128.0
1025.0 1076.5 1128.0
1025.0 1076.5 1128.0
1025.0 1076.5 1128.0
1025.0 1076.5 1128.0
1025.0 1076.5 1128.0
1025.0 1076.5 1128.0
1025.0 1076.5 1128.0
1025.0 1076.5 1128.0
1025.0 1076.5 1128.0
1025.0 1076.5 1128.0
1025.0 1076.5 1128.0
1025.0 1076.5 1128.0
1025.0 1076.5 1128.0
1025.0 1076.5 1128.0
1025.0 1076.5 1128.0
1025.0 1076.5 1128.0
1025.0 1076.5 1128.0
1025.0 1076.5 1128.0
1025.0 1076.5 1128.0
1025.0 1076.5 1128.0
1025.0 1076.5 1128.0
1025.0 1076.5 1128.0
1025.0 1076.5 1128.0
1025.0 1076.5 1128.0
1025.0 1076.5 1128.0
1025.0 1076.5 1128.0
1025.0 1076.5 1128.0
1025.0 1076.5 1128.0
1025.0 1076.5 1128.0
1025.0 1076.5 1128.0
1025.0 1076.5 1128.0
1025.0 1076.5 1128.0
1025.0 1076.5 1128.0
1025.0 1076.5 1128.0
1025.0 1076.5 1128.0
