14614.0 15242.0 15870.0
10066.0 10772.5 11479.0
8908.0 8939.5 8971.0
5002.0 6687.0 8372.0
5393.0 6122.0 6851.0
4654.0 5346.0 6038.0
3587.0 3665.5 3744.0
2263.0 2712.0 3161.0
2087.0 2328.5 2570.0
2087.0 2191.5 2296.0
1175.0 1631.0 2087.0
1175.0 1631.0 2087.0
1175.0 1631.0 2087.0
1175.0 1631.0 2087.0
1175.0 1631.0 2087.0
1175.0 1631.0 2087.0
1175.0 1631.0 2087.0
1175.0 1631.0 2087.0
1175.0 1631.0 2087.0
1175.0 1631.0 2087.0
1175.0 1631.0 2087.0
1175.0 1631.0 2087.0
1175.0 1631.0 2087.0
1175.0 1631.0 2087.0
1175.0 1631.0 2087.0
1175.0 1631.0 2087.0
1175.0 1631.0 2087.0
1175.0 1631.0 2087.0
1175.0 1631.0 2087.0
1175.0 1631.0 2087.0
1175.0 1631.0 2087.0
1175.0 1631.0 2087.0
1175.0 1631.0 2087.0
1175.0 1631.0 2087.0
1175.0 1631.0 2087.0
1175.0 1631.0 2087.0
1175.0 1631.0 2087.0
1175.0 1501.5 1828.0
1175.0 1520.5 1866.0
1175.0 1386.5 1598.0
1175.0 1386.5 1598.0
1175.0 1386.5 1598.0
1175.0 1386.5 1598.0
1175.0 1386.5 1598.0
1175.0 1386.5 1598.0
1175.0 1386.5 1598.0
1175.0 1386.5 1598.0
1175.0 1386.5 1598.0
1175.0 1386.5 1598.0
1175.0 1386.5 1598.0
1175.0 1386.5 1598.0
1175.0 1386.5 1598.0
1175.0 1386.5 1598.0
1175.0 1386.5 1598.0
1175.0 1386.5 1598.0
1175.0 1386.5 1598.0
1175.0 1386.5 1598.0
1175.0 1386.5 1598.0
1175.0 1386.5 1598.0
1175.0 1318.0 1461.0
1175.0 1318.0 1461.0
1175.0 1318.0 1461.0
1175.0 1318.0 1461.0
1175.0 1318.0 1461.0
1175.0 1318.0 1461.0
1175.0 1318.0 1461.0
1175.0 1318.0 1461.0
1175.0 1318.0 1461.0
1175.0 1318.0 1461.0
1175.0 1318.0 1461.0
1175.0 1318.0 1461.0
1175.0 1318.0 1461.0
1175.0 1318.0 1461.0
1175.0 1318.0 1461.0
1175.0 1318.0 1461.0
1175.0 1318.0 1461.0
1175.0 1318.0 1461.0
1175.0 1318.0 1461.0
1175.0 1318.0 1461.0
1175.0 1318.0 1461.0
1175.0 1318.0 1461.0
1175.0 1318.0 1461.0
1175.0 1318.0 1461.0
1175.0 1318.0 1461.0
1175.0 1318.0 1461.0
1175.0 1318.0 1461.0
1175.0 1318.0 1461.0
1175.0 1318.0 1461.0
1175.0 1318.0 1461.0
1175.0 1318.0 1461.0
1175.0 1318.0 1461.0
1175.0 1318.0 1461.0
1175.0 1318.0 1461.0
1175.0 1318.0 1461.0
1175.0 1318.0 1461.0
1175.0 1318.0 1461.0
1175.0 1318.0 1461.0
1175.0 1318.0 1461.0
1175.0 1318.0 1461.0
1175.0 1318.0 1461.0
1175.0 1318.0 1461.0
1175.0 1318.0 1461.0
1175.0 1318.0 1461.0
1175.0 1318.0 1461.0
1175.0 1318.0 1461.0
1175.0 1318.0 1461.0
1175.0 1318.0 1461.0
1175.0 1318.0 1461.0
1175.0 1318.0 1461.0
1175.0 1318.0 1461.0
1175.0 1318.0 1461.0
1175.0 1318.0 1461.0
1175.0 1318.0 1461.0
1175.0 1318.0 1461.0
1175.0 1318.0 1461.0
1175.0 1318.0 1461.0
1175.0 1318.0 1461.0
1175.0 1318.0 1461.0
1175.0 1318.0 1461.0
1175.0 1318.0 1461.0
1175.0 1318.0 1461.0
1175.0 1318.0 1461.0
1175.0 1318.0 1461.0
1175.0 1318.0 1461.0
1175.0 1318.0 1461.0
1175.0 1318.0 1461.0
1175.0 1318.0 1461.0
1175.0 1318.0 1461.0
1175.0 1318.0 1461.0
1175.0 1318.0 1461.0
1175.0 1318.0 1461.0
1175.0 1318.0 1461.0
1175.0 1318.0 1461.0
1175.0 1318.0 1461.0
1155.0 1308.0 1461.0
1155.0 1308.0 1461.0
1155.0 1308.0 1461.0
1155.0 1308.0 1461.0
1155.0 1308.0 1461.0
1155.0 1308.0 1461.0
1155.0 1308.0 1461.0
1155.0 1308.0 1461.0
1155.0 1308.0 1461.0
1155.0 1308.0 1461.0
1155.0 1308.0 1461.0
1155.0 1308.0 1461.0
1155.0 1308.0 1461.0
1155.0 1308.0 1461.0
1155.0 1308.0 1461.0
1155.0 1308.0 1461.0
1155.0 1308.0 1461.0
1155.0 1308.0 1461.0
1155.0 1308.0 1461.0
1155.0 1308.0 1461.0
1155.0 1308.0 1461.0
1155.0 1308.0 1461.0
1155.0 1308.0 1461.0
1155.0 1308.0 1461.0
1155.0 1308.0 1461.0
1155.0 1308.0 1461.0
1155.0 1308.0 1461.0
1155.0 1308.0 1461.0
1155.0 1308.0 1461.0
1155.0 1308.0 1461.0
1155.0 1308.0 1461.0
1155.0 1308.0 1461.0
1155.0 1308.0 1461.0
1155.0 1308.0 1461.0
1155.0 1308.0 1461.0
1155.0 1308.0 1461.0
1155.0 1308.0 1461.0
1155.0 1308.0 1461.0
1155.0 1308.0 1461.0
1155.0 1308.0 1461.0
1155.0 1308.0 1461.0
1155.0 1308.0 1461.0
1155.0 1308.0 1461.0
1155.0 1308.0 1461.0
1155.0 1308.0 1461.0
1155.0 1308.0 1461.0
1155.0 1308.0 1461.0
1155.0 1308.0 1461.0
1155.0 1308.0 1461.0
1155.0 1308.0 1461.0
1155.0 1308.0 1461.0
1155.0 1308.0 1461.0
1155.0 1308.0 1461.0
1155.0 1308.0 1461.0
1155.0 1308.0 1461.0
1155.0 1308.0 1461.0
1155.0 1308.0 1461.0
1155.0 1308.0 1461.0
1155.0 1308.0 1461.0
1155.0 1308.0 1461.0
1155.0 1308.0 1461.0
1155.0 1308.0 1461.0
1155.0 1308.0 1461.0
1155.0 1308.0 1461.0
1155.0 1308.0 1461.0
1155.0 1308.0 1461.0
