9802.0 10398.5 10995.0
8304.0 9047.5 9791.0
7051.0 7110.5 7170.0
5416.0 5734.0 6052.0
3921.0 4700.0 5479.0
2984.0 3296.5 3609.0
1616.0 2787.5 3959.0
1616.0 2138.5 2661.0
1616.0 2275.0 2934.0
1392.0 1539.5 1687.0
1392.0 1539.5 1687.0
1208.0 1300.0 1392.0
1208.0 1300.0 1392.0
1208.0 1300.0 1392.0
1208.0 1300.0 1392.0
1208.0 1300.0 1392.0
1208.0 1300.0 1392.0
1208.0 1300.0 1392.0
1208.0 1300.0 1392.0
1208.0 1300.0 1392.0
1208.0 1300.0 1392.0
1208.0 1300.0 1392.0
1208.0 1300.0 1392.0
1208.0 1300.0 1392.0
1208.0 1300.0 1392.0
1208.0 1300.0 1392.0
1208.0 1300.0 1392.0
1208.0 1300.0 1392.0
1208.0 1300.0 1392.0
1208.0 1300.0 1392.0
1208.0 1300.0 1392.0
1208.0 1300.0 1392.0
1208.0 1300.0 1392.0
1208.0 1300.0 1392.0
1208.0 1300.0 1392.0
1208.0 1300.0 1392.0
1208.0 1300.0 1392.0
1208.0 1300.0 1392.0
1208.0 1300.0 1392.0
1164.0 1278.0 1392.0
1164.0 1278.0 1392.0
1164.0 1278.0 1392.0
1312.0 1352.0 1392.0
1312.0 1352.0 1392.0
1312.0 1352.0 1392.0
1312.0 1352.0 1392.0
1312.0 1352.0 1392.0
1312.0 1352.0 1392.0
1312.0 1352.0 1392.0
1312.0 1352.0 1392.0
1312.0 1352.0 1392.0
1312.0 1352.0 1392.0
1312.0 1352.0 1392.0
1312.0 1352.0 1392.0
1312.0 1352.0 1392.0
1312.0 1352.0 1392.0
1048.0 1220.0 1392.0
1048.0 1220.0 1392.0
885.0 1138.5 1392.0
850.0 867.5 885.0
850.0 867.5 885.0
850.0 867.5 885.0
850.0 867.5 885.0
850.0 867.5 885.0
850.0 867.5 885.0
850.0 867.5 885.0
850.0 867.5 885.0
850.0 867.5 885.0
850.0 867.5 885.0
850.0 867.5 885.0
850.0 867.5 885.0
850.0 867.5 885.0
850.0 867.5 885.0
850.0 867.5 885.0
850.0 867.5 885.0
850.0 867.5 885.0
850.0 867.5 885.0
850.0 867.5 885.0
850.0 867.5 885.0
850.0 867.5 885.0
850.0 867.5 885.0
850.0 867.5 885.0
850.0 867.5 885.0
850.0 867.5 885.0
850.0 867.5 885.0
850.0 867.5 885.0
850.0 867.5 885.0
850.0 867.5 885.0
850.0 867.5 885.0
850.0 867.5 885.0
850.0 867.5 885.0
850.0 867.5 885.0
850.0 867.5 885.0
850.0 867.5 885.0
850.0 867.5 885.0
850.0 867.5 885.0
850.0 867.5 885.0
850.0 867.5 885.0
850.0 867.5 885.0
850.0 867.5 885.0
850.0 867.5 885.0
850.0 867.5 885.0
850.0 867.5 885.0
850.0 867.5 885.0
850.0 867.5 885.0
850.0 867.5 885.0
850.0 867.5 885.0
850.0 867.5 885.0
850.0 867.5 885.0
850.0 867.5 885.0
850.0 867.5 885.0
850.0 867.5 885.0
850.0 867.5 885.0
850.0 867.5 885.0
850.0 867.5 885.0
850.0 867.5 885.0
850.0 867.5 885.0
850.0 867.5 885.0
850.0 867.5 885.0
850.0 867.5 885.0
850.0 867.5 885.0
850.0 867.5 885.0
850.0 867.5 885.0
850.0 867.5 885.0
850.0 867.5 885.0
850.0 867.5 885.0
850.0 867.5 885.0
850.0 867.5 885.0
850.0 867.5 885.0
850.0 867.5 885.0
850.0 867.5 885.0
850.0 867.5 885.0
850.0 867.5 885.0
850.0 867.5 885.0
850.0 867.5 885.0
850.0 867.5 885.0
850.0 867.5 885.0
850.0 867.5 885.0
850.0 867.5 885.0
850.0 867.5 885.0
850.0 867.5 885.0
850.0 867.5 885.0
850.0 867.5 885.0
850.0 867.5 885.0
850.0 867.5 885.0
850.0 867.5 885.0
850.0 867.5 885.0
850.0 867.5 885.0
850.0 867.5 885.0
850.0 867.5 885.0
850.0 867.5 885.0
850.0 867.5 885.0
850.0 867.5 885.0
850.0 867.5 885.0
850.0 867.5 885.0
850.0 867.5 885.0
850.0 867.5 885.0
850.0 867.5 885.0
850.0 867.5 885.0
850.0 867.5 885.0
850.0 867.5 885.0
850.0 867.5 885.0
850.0 867.5 885.0
850.0 867.5 885.0
850.0 867.5 885.0
850.0 867.5 885.0
850.0 867.5 885.0
850.0 867.5 885.0
850.0 867.5 885.0
850.0 867.5 885.0
850.0 867.5 885.0
850.0 867.5 885.0
850.0 867.5 885.0
850.0 867.5 885.0
850.0 867.5 885.0
850.0 867.5 885.0
850.0 867.5 885.0
850.0 867.5 885.0
850.0 867.5 885.0
850.0 867.5 885.0
850.0 867.5 885.0
850.0 867.5 885.0
850.0 867.5 885.0
850.0 867.5 885.0
850.0 867.5 885.0
850.0 867.5 885.0
850.0 867.5 885.0
850.0 867.5 885.0
850.0 867.5 885.0
850.0 867.5 885.0
850.0 867.5 885.0
850.0 867.5 885.0
850.0 867.5 885.0
850.0 867.5 885.0
850.0 867.5 885.0
850.0 867.5 885.0
850.0 867.5 885.0
850.0 867.5 885.0
850.0 867.5 885.0
850.0 867.5 885.0
