12703.0 13331.5 13960.0
11755.0 11774.5 11794.0
8338.0 8561.5 8785.0
5138.0 6233.0 7328.0
4528.0 4833.0 5138.0
3938.0 4022.0 4106.0
3256.0 3688.0 4120.0
3047.0 3583.5 4120.0
2488.0 2767.5 3047.0
2315.0 2522.0 2729.0
2168.0 2236.0 2304.0
1879.0 2091.5 2304.0
1879.0 2091.5 2304.0
1879.0 2091.5 2304.0
1879.0 2091.5 2304.0
1879.0 2091.5 2304.0
1771.0 1825.0 1879.0
1771.0 1825.0 1879.0
1771.0 1825.0 1879.0
1771.0 1825.0 1879.0
1567.0 1669.0 1771.0
1567.0 1669.0 1771.0
1567.0 1669.0 1771.0
1567.0 1669.0 1771.0
1567.0 1669.0 1771.0
1567.0 1669.0 1771.0
1567.0 1669.0 1771.0
1567.0 1669.0 1771.0
1567.0 1669.0 1771.0
1567.0 1669.0 1771.0
1567.0 1669.0 1771.0
1567.0 1669.0 1771.0
1567.0 1669.0 1771.0
1567.0 1669.0 1771.0
1567.0 1669.0 1771.0
1567.0 1669.0 1771.0
1567.0 1669.0 1771.0
1567.0 1669.0 1771.0
1567.0 1669.0 1771.0
1567.0 1669.0 1771.0
1567.0 1669.0 1771.0
1567.0 1669.0 1771.0
1567.0 1669.0 1771.0
1567.0 1669.0 1771.0
1567.0 1669.0 1771.0
1567.0 1669.0 1771.0
1567.0 1669.0 1771.0
1567.0 1669.0 1771.0
1567.0 1669.0 1771.0
1567.0 1669.0 1771.0
1567.0 1669.0 1771.0
1567.0 1669.0 1771.0
1567.0 1669.0 1771.0
1567.0 1669.0 1771.0
1567.0 1669.0 1771.0
1567.0 1669.0 1771.0
1567.0 1669.0 1771.0
1567.0 1669.0 1771.0
1567.0 1669.0 1771.0
1567.0 1669.0 1771.0
1567.0 1669.0 1771.0
1567.0 1669.0 1771.0
1567.0 1669.0 1771.0
1567.0 1669.0 1771.0
1567.0 1669.0 1771.0
1567.0 1669.0 1771.0
1567.0 1669.0 1771.0
1567.0 1669.0 1771.0
1567.0 1669.0 1771.0
1567.0 1669.0 1771.0
1567.0 1669.0 1771.0
1567.0 1669.0 1771.0
1567.0 1669.0 1771.0
1567.0 1669.0 1771.0
1567.0 1669.0 1771.0
1567.0 1669.0 1771.0
1567.0 1669.0 1771.0
1567.0 1669.0 1771.0
1567.0 1669.0 1771.0
1567.0 1669.0 1771.0
1567.0 1669.0 1771.0
1567.0 1669.0 1771.0
1567.0 1669.0 1771.0
1567.0 1669.0 1771.0
1567.0 1669.0 1771.0
1567.0 1669.0 1771.0
1567.0 1669.0 1771.0
1567.0 1669.0 1771.0
1567.0 1669.0 1771.0
1567.0 1669.0 1771.0
1567.0 1669.0 1771.0
1567.0 1669.0 1771.0
1567.0 1669.0 1771.0
1567.0 1669.0 1771.0
1567.0 1669.0 1771.0
1567.0 1669.0 1771.0
1567.0 1669.0 1771.0
1567.0 1669.0 1771.0
1567.0 1669.0 1771.0
1567.0 1669.0 1771.0
1567.0 1669.0 1771.0
1567.0 1669.0 1771.0
1567.0 1669.0 1771.0
1567.0 1669.0 1771.0
1567.0 1669.0 1771.0
1567.0 1669.0 1771.0
1567.0 1669.0 1771.0
1567.0 1669.0 1771.0
1567.0 1669.0 1771.0
1567.0 1669.0 1771.0
1567.0 1669.0 1771.0
1567.0 1669.0 1771.0
1567.0 1669.0 1771.0
1567.0 1669.0 1771.0
1567.0 1669.0 1771.0
1567.0 1669.0 1771.0
1567.0 1669.0 1771.0
1567.0 1669.0 1771.0
1567.0 1669.0 1771.0
1567.0 1669.0 1771.0
1567.0 1669.0 1771.0
1567.0 1669.0 1771.0
1567.0 1669.0 1771.0
1567.0 1669.0 1771.0
1567.0 1669.0 1771.0
1428.0 1599.5 1771.0
1308.0 1539.5 1771.0
1308.0 1539.5 1771.0
824.0 1297.5 1771.0
824.0 1297.5 1771.0
824.0 1297.5 1771.0
824.0 1297.5 1771.0
824.0 1297.5 1771.0
824.0 1297.5 1771.0
824.0 1297.5 1771.0
824.0 1297.5 1771.0
824.0 1297.5 1771.0
824.0 1297.5 1771.0
824.0 1297.5 1771.0
824.0 1297.5 1771.0
824.0 1297.5 1771.0
824.0 1297.5 1771.0
824.0 1297.5 1771.0
824.0 1297.5 1771.0
824.0 1297.5 1771.0
824.0 1297.5 1771.0
824.0 1297.5 1771.0
824.0 1297.5 1771.0
824.0 1297.5 1771.0
824.0 1297.5 1771.0
824.0 1297.5 1771.0
824.0 1297.5 1771.0
824.0 1297.5 1771.0
824.0 1297.5 1771.0
824.0 1297.5 1771.0
824.0 1297.5 1771.0
824.0 1297.5 1771.0
824.0 1297.5 1771.0
824.0 1297.5 1771.0
824.0 1297.5 1771.0
824.0 1297.5 1771.0
824.0 1297.5 1771.0
824.0 1297.5 1771.0
824.0 1297.5 1771.0
824.0 1297.5 1771.0
824.0 1297.5 1771.0
824.0 1297.5 1771.0
824.0 1297.5 1771.0
824.0 1297.5 1771.0
824.0 1297.5 1771.0
824.0 1297.5 1771.0
824.0 1297.5 1771.0
824.0 1297.5 1771.0
824.0 1297.5 1771.0
824.0 1297.5 1771.0
824.0 1297.5 1771.0
824.0 1297.5 1771.0
824.0 1297.5 1771.0
824.0 1297.5 1771.0
824.0 1297.5 1771.0
824.0 1297.5 1771.0
824.0 1297.5 1771.0
824.0 1297.5 1771.0
824.0 1297.5 1771.0
824.0 1297.5 1771.0
824.0 1297.5 1771.0
824.0 1297.5 1771.0
824.0 1297.5 1771.0
824.0 1297.5 1771.0
824.0 1297.5 1771.0
824.0 1297.5 1771.0
824.0 1297.5 1771.0
824.0 1297.5 1771.0
824.0 1297.5 1771.0
824.0 1297.5 1771.0
824.0 1297.5 1771.0
824.0 1297.5 1771.0
824.0 1297.5 1771.0
824.0 1297.5 1771.0
824.0 1297.5 1771.0
