11170.0 12312.5 13455.0
12060.0 12543.0 13026.0
7671.0 8842.0 10013.0
6617.0 6927.5 7238.0
5172.0 5857.5 6543.0
4959.0 5086.5 5214.0
3986.0 4474.0 4962.0
3715.0 3834.5 3954.0
3715.0 3742.5 3770.0
2784.0 2867.5 2951.0
2772.0 2861.5 2951.0
2951.0 2993.5 3036.0
1954.0 2452.5 2951.0
1954.0 2452.5 2951.0
1851.0 2401.0 2951.0
1341.0 2146.0 2951.0
1341.0 2146.0 2951.0
1419.0 2185.0 2951.0
1419.0 2185.0 2951.0
1419.0 1621.0 1823.0
1402.0 1749.0 2096.0
1402.0 1624.0 1846.0
1402.0 1610.5 1819.0
1402.0 1610.5 1819.0
1402.0 1610.5 1819.0
1402.0 1610.5 1819.0
1402.0 1610.5 1819.0
1402.0 1610.5 1819.0
1402.0 1610.5 1819.0
1402.0 1610.5 1819.0
1402.0 1610.5 1819.0
1402.0 1610.5 1819.0
1402.0 1610.5 1819.0
1402.0 1610.5 1819.0
1402.0 1610.5 1819.0
1402.0 1610.5 1819.0
1402.0 1610.5 1819.0
1402.0 1610.5 1819.0
1402.0 1610.5 1819.0
1402.0 1610.5 1819.0
1402.0 1610.5 1819.0
1402.0 1610.5 1819.0
1402.0 1610.5 1819.0
1402.0 1610.5 1819.0
1402.0 1610.5 1819.0
1402.0 1610.5 1819.0
1402.0 1610.5 1819.0
1402.0 1610.5 1819.0
1402.0 1610.5 1819.0
1402.0 1610.5 1819.0
1402.0 1610.5 1819.0
1402.0 1610.5 1819.0
1402.0 1610.5 1819.0
1402.0 1610.5 1819.0
1402.0 1610.5 1819.0
1402.0 1610.5 1819.0
1402.0 1610.5 1819.0
1402.0 1610.5 1819.0
1402.0 1610.5 1819.0
1402.0 1610.5 1819.0
1402.0 1610.5 1819.0
1402.0 1610.5 1819.0
1402.0 1610.5 1819.0
1402.0 1610.5 1819.0
1402.0 1610.5 1819.0
1402.0 1610.5 1819.0
1402.0 1610.5 1819.0
1402.0 1610.5 1819.0
1402.0 1610.5 1819.0
1402.0 1610.5 1819.0
1402.0 1610.5 1819.0
1402.0 1610.5 1819.0
1402.0 1610.5 1819.0
1402.0 1610.5 1819.0
1402.0 1610.5 1819.0
1402.0 1610.5 1819.0
1402.0 1610.5 1819.0
1402.0 1610.5 1819.0
1402.0 1610.5 1819.0
1402.0 1610.5 1819.0
1402.0 1610.5 1819.0
1402.0 1610.5 1819.0
1402.0 1610.5 1819.0
1402.0 1610.5 1819.0
1402.0 1610.5 1819.0
1402.0 1610.5 1819.0
1402.0 1610.5 1819.0
1402.0 1610.5 1819.0
1402.0 1610.5 1819.0
1402.0 1610.5 1819.0
1402.0 1610.5 1819.0
1402.0 1610.5 1819.0
1402.0 1610.5 1819.0
1402.0 1610.5 1819.0
1402.0 1610.5 1819.0
1402.0 1610.5 1819.0
1402.0 1610.5 1819.0
1402.0 1610.5 1819.0
1402.0 1610.5 1819.0
1402.0 1610.5 1819.0
1402.0 1610.5 1819.0
1402.0 1610.5 1819.0
1076.0 1447.5 1819.0
1076.0 1447.5 1819.0
1058.0 1438.5 1819.0
1058.0 1438.5 1819.0
1058.0 1438.5 1819.0
1058.0 1438.5 1819.0
1058.0 1438.5 1819.0
1058.0 1438.5 1819.0
1058.0 1438.5 1819.0
1058.0 1438.5 1819.0
1058.0 1438.5 1819.0
1058.0 1438.5 1819.0
1058.0 1361.5 1665.0
1058.0 1282.5 1507.0
1058.0 1282.5 1507.0
1058.0 1282.5 1507.0
1058.0 1282.5 1507.0
1058.0 1282.5 1507.0
1058.0 1282.5 1507.0
1058.0 1282.5 1507.0
1058.0 1282.5 1507.0
1058.0 1282.5 1507.0
1058.0 1282.5 1507.0
1058.0 1282.5 1507.0
1058.0 1282.5 1507.0
1058.0 1282.5 1507.0
1058.0 1282.5 1507.0
1058.0 1282.5 1507.0
1058.0 1282.5 1507.0
1058.0 1282.5 1507.0
1058.0 1282.5 1507.0
1058.0 1282.5 1507.0
1058.0 1282.5 1507.0
1058.0 1282.5 1507.0
1058.0 1282.5 1507.0
1058.0 1282.5 1507.0
1058.0 1282.5 1507.0
1058.0 1154.5 1251.0
1058.0 1088.5 1119.0
1058.0 1088.5 1119.0
1058.0 1088.5 1119.0
1058.0 1088.5 1119.0
1058.0 1088.5 1119.0
1058.0 1088.5 1119.0
1058.0 1088.5 1119.0
1058.0 1088.5 1119.0
1058.0 1088.5 1119.0
1058.0 1088.5 1119.0
1058.0 1088.5 1119.0
1058.0 1088.5 1119.0
1058.0 1088.5 1119.0
1058.0 1088.5 1119.0
1058.0 1088.5 1119.0
1058.0 1088.5 1119.0
1058.0 1088.5 1119.0
1058.0 1088.5 1119.0
1058.0 1088.5 1119.0
1058.0 1088.5 1119.0
1058.0 1088.5 1119.0
1058.0 1088.5 1119.0
1058.0 1088.5 1119.0
1058.0 1088.5 1119.0
1058.0 1088.5 1119.0
1058.0 1088.5 1119.0
1058.0 1088.5 1119.0
1058.0 1088.5 1119.0
1058.0 1088.5 1119.0
1058.0 1088.5 1119.0
1058.0 1088.5 1119.0
1058.0 1088.5 1119.0
1058.0 1088.5 1119.0
1058.0 1088.5 1119.0
1058.0 1088.5 1119.0
1058.0 1088.5 1119.0
1058.0 1088.5 1119.0
1058.0 1088.5 1119.0
1058.0 1088.5 1119.0
1058.0 1088.5 1119.0
1058.0 1088.5 1119.0
1058.0 1088.5 1119.0
1058.0 1088.5 1119.0
1058.0 1088.5 1119.0
1058.0 1088.5 1119.0
1058.0 1088.5 1119.0
1058.0 1088.5 1119.0
1058.0 1088.5 1119.0
1058.0 1088.5 1119.0
1058.0 1088.5 1119.0
1058.0 1088.5 1119.0
1058.0 1088.5 1119.0
1058.0 1088.5 1119.0
1058.0 1088.5 1119.0
1058.0 1088.5 1119.0
1058.0 1088.5 1119.0
1058.0 1088.5 1119.0
1058.0 1088.5 1119.0
1058.0 1088.5 1119.0
1058.0 1088.5 1119.0
