13703.0 14558.0 15413.0
11721.0 12342.5 12964.0
11323.0 11593.5 11864.0
8740.0 9388.5 10037.0
7872.0 7960.5 8049.0
7088.0 7375.5 7663.0
4758.0 5923.0 7088.0
4614.0 5002.5 5391.0
4452.0 4924.5 5397.0
4452.0 4616.5 4781.0
2768.0 3699.5 4631.0
2768.0 3117.5 3467.0
2768.0 2914.0 3060.0
2768.0 2914.0 3060.0
2659.0 2859.5 3060.0
2653.0 2676.0 2699.0
2430.0 2541.5 2653.0
2430.0 2541.5 2653.0
2430.0 2541.5 2653.0
2430.0 2541.5 2653.0
2430.0 2541.5 2653.0
2430.0 2541.5 2653.0
1667.0 2048.5 2430.0
1667.0 2048.5 2430.0
1667.0 2048.5 2430.0
1667.0 2048.5 2430.0
1667.0 2048.5 2430.0
1667.0 2048.5 2430.0
1667.0 2048.5 2430.0
1667.0 2048.5 2430.0
1667.0 2048.5 2430.0
1667.0 2048.5 2430.0
1667.0 2048.5 2430.0
1667.0 2048.5 2430.0
1667.0 2048.5 2430.0
1667.0 1810.0 1953.0
1667.0 1739.0 1811.0
1667.0 1739.0 1811.0
1667.0 1739.0 1811.0
1667.0 1739.0 1811.0
1667.0 1739.0 1811.0
1667.0 1739.0 1811.0
1667.0 1739.0 1811.0
1667.0 1739.0 1811.0
1667.0 1739.0 1811.0
1667.0 1739.0 1811.0
1667.0 1739.0 1811.0
1667.0 1739.0 1811.0
1667.0 1739.0 1811.0
1667.0 1739.0 1811.0
1667.0 1739.0 1811.0
1667.0 1739.0 1811.0
1667.0 1739.0 1811.0
1667.0 1739.0 1811.0
1667.0 1716.5 1766.0
1667.0 1716.5 1766.0
1667.0 1716.5 1766.0
1667.0 1716.5 1766.0
1667.0 1716.5 1766.0
1667.0 1716.5 1766.0
1667.0 1716.5 1766.0
1667.0 1716.5 1766.0
1667.0 1716.5 1766.0
1667.0 1716.5 1766.0
1667.0 1716.5 1766.0
1667.0 1716.5 1766.0
1667.0 1716.5 1766.0
1667.0 1716.5 1766.0
1667.0 1716.5 1766.0
1667.0 1716.5 1766.0
1667.0 1716.5 1766.0
1667.0 1716.5 1766.0
1667.0 1716.5 1766.0
1667.0 1716.5 1766.0
1667.0 1716.5 1766.0
1667.0 1716.5 1766.0
1667.0 1716.5 1766.0
1667.0 1716.5 1766.0
1667.0 1716.5 1766.0
1667.0 1716.5 1766.0
1690.0 1728.0 1766.0
1690.0 1728.0 1766.0
1690.0 1728.0 1766.0
1690.0 1728.0 1766.0
1690.0 1728.0 1766.0
1690.0 1728.0 1766.0
1690.0 1728.0 1766.0
1690.0 1728.0 1766.0
1690.0 1728.0 1766.0
1690.0 1728.0 1766.0
964.0 1365.0 1766.0
964.0 1365.0 1766.0
964.0 1365.0 1766.0
964.0 1365.0 1766.0
964.0 1365.0 1766.0
964.0 1365.0 1766.0
964.0 1365.0 1766.0
964.0 1365.0 1766.0
964.0 1365.0 1766.0
964.0 1365.0 1766.0
964.0 1365.0 1766.0
964.0 1365.0 1766.0
964.0 1365.0 1766.0
964.0 1365.0 1766.0
964.0 1365.0 1766.0
964.0 1365.0 1766.0
964.0 1365.0 1766.0
964.0 1365.0 1766.0
964.0 1365.0 1766.0
964.0 1365.0 1766.0
964.0 1365.0 1766.0
964.0 1365.0 1766.0
964.0 1365.0 1766.0
964.0 1365.0 1766.0
964.0 1365.0 1766.0
964.0 1365.0 1766.0
964.0 1365.0 1766.0
964.0 1365.0 1766.0
964.0 1365.0 1766.0
964.0 1365.0 1766.0
964.0 1365.0 1766.0
964.0 1365.0 1766.0
964.0 1365.0 1766.0
964.0 1365.0 1766.0
964.0 1365.0 1766.0
964.0 1365.0 1766.0
964.0 1365.0 1766.0
964.0 1365.0 1766.0
964.0 1365.0 1766.0
964.0 1365.0 1766.0
964.0 1365.0 1766.0
964.0 1365.0 1766.0
964.0 1365.0 1766.0
964.0 1365.0 1766.0
964.0 1365.0 1766.0
964.0 1365.0 1766.0
964.0 1365.0 1766.0
964.0 1365.0 1766.0
964.0 1365.0 1766.0
964.0 1365.0 1766.0
964.0 1365.0 1766.0
964.0 1365.0 1766.0
964.0 1365.0 1766.0
964.0 1365.0 1766.0
964.0 1365.0 1766.0
964.0 1365.0 1766.0
964.0 1365.0 1766.0
964.0 1365.0 1766.0
964.0 1365.0 1766.0
964.0 1365.0 1766.0
964.0 1365.0 1766.0
964.0 1365.0 1766.0
964.0 1365.0 1766.0
964.0 1365.0 1766.0
964.0 1365.0 1766.0
964.0 1365.0 1766.0
964.0 1365.0 1766.0
964.0 1365.0 1766.0
964.0 1365.0 1766.0
964.0 1365.0 1766.0
964.0 1365.0 1766.0
964.0 1365.0 1766.0
964.0 1365.0 1766.0
964.0 1365.0 1766.0
964.0 1365.0 1766.0
964.0 1365.0 1766.0
964.0 1365.0 1766.0
964.0 1365.0 1766.0
964.0 1229.0 1494.0
964.0 1015.0 1066.0
964.0 1015.0 1066.0
964.0 1015.0 1066.0
964.0 1015.0 1066.0
964.0 1015.0 1066.0
964.0 1015.0 1066.0
964.0 1015.0 1066.0
964.0 1015.0 1066.0
964.0 1015.0 1066.0
964.0 1015.0 1066.0
964.0 1015.0 1066.0
964.0 1015.0 1066.0
964.0 1015.0 1066.0
964.0 1015.0 1066.0
964.0 1015.0 1066.0
964.0 1015.0 1066.0
964.0 1015.0 1066.0
964.0 1015.0 1066.0
964.0 1015.0 1066.0
964.0 1015.0 1066.0
964.0 1015.0 1066.0
964.0 1015.0 1066.0
964.0 1015.0 1066.0
964.0 1015.0 1066.0
964.0 1015.0 1066.0
964.0 1015.0 1066.0
964.0 1015.0 1066.0
964.0 1015.0 1066.0
964.0 1015.0 1066.0
964.0 1015.0 1066.0
964.0 1015.0 1066.0
