12121.0 13315.5 14510.0
10178.0 11343.5 12509.0
7678.0 9836.0 11994.0
6997.0 7349.5 7702.0
7666.0 7947.0 8228.0
5842.0 5858.0 5874.0
5007.0 5424.5 5842.0
4302.0 4654.5 5007.0
4601.0 4892.5 5184.0
4184.0 4432.0 4680.0
3500.0 3842.0 4184.0
3500.0 3842.0 4184.0
3500.0 3548.0 3596.0
3243.0 3371.5 3500.0
2754.0 2998.5 3243.0
2719.0 2981.0 3243.0
2719.0 2981.0 3243.0
2719.0 2981.0 3243.0
2719.0 2981.0 3243.0
2719.0 2994.0 3269.0
2719.0 2994.0 3269.0
2719.0 2778.0 2837.0
2700.0 2709.5 2719.0
2148.0 2433.5 2719.0
2148.0 2433.5 2719.0
2148.0 2433.5 2719.0
2148.0 2433.5 2719.0
2148.0 2433.5 2719.0
2148.0 2433.5 2719.0
2148.0 2433.5 2719.0
2148.0 2433.5 2719.0
2148.0 2433.5 2719.0
2148.0 2433.5 2719.0
2148.0 2280.0 2412.0
1486.0 1817.0 2148.0
1486.0 1817.0 2148.0
1486.0 1817.0 2148.0
1486.0 1817.0 2148.0
1486.0 1817.0 2148.0
1486.0 1817.0 2148.0
1486.0 1817.0 2148.0
1486.0 1817.0 2148.0
1486.0 1817.0 2148.0
1486.0 1817.0 2148.0
1486.0 1817.0 2148.0
1486.0 1817.0 2148.0
1486.0 1817.0 2148.0
1486.0 1817.0 2148.0
1486.0 1817.0 2148.0
1486.0 1817.0 2148.0
1486.0 1817.0 2148.0
1486.0 1817.0 2148.0
1486.0 1817.0 2148.0
1486.0 1817.0 2148.0
1486.0 1817.0 2148.0
1486.0 1817.0 2148.0
1486.0 1817.0 2148.0
1486.0 1817.0 2148.0
1486.0 1817.0 2148.0
1486.0 1817.0 2148.0
1486.0 1817.0 2148.0
1486.0 1817.0 2148.0
1486.0 1817.0 2148.0
1486.0 1817.0 2148.0
1486.0 1817.0 2148.0
1486.0 1817.0 2148.0
1486.0 1817.0 2148.0
1486.0 1817.0 2148.0
1486.0 1817.0 2148.0
1486.0 1817.0 2148.0
1486.0 1817.0 2148.0
1486.0 1817.0 2148.0
1486.0 1817.0 2148.0
1486.0 1817.0 2148.0
1486.0 1817.0 2148.0
1486.0 1817.0 2148.0
1486.0 1817.0 2148.0
1486.0 1817.0 2148.0
1486.0 1817.0 2148.0
1486.0 1817.0 2148.0
1486.0 1817.0 2148.0
1486.0 1817.0 2148.0
1486.0 1817.0 2148.0
1486.0 1817.0 2148.0
1486.0 1817.0 2148.0
1486.0 1817.0 2148.0
1486.0 1817.0 2148.0
1486.0 1817.0 2148.0
1486.0 1538.0 1590.0
1486.0 1538.0 1590.0
1486.0 1538.0 1590.0
1486.0 1538.0 1590.0
1486.0 1538.0 1590.0
1486.0 1538.0 1590.0
1486.0 1538.0 1590.0
1486.0 1538.0 1590.0
1486.0 1538.0 1590.0
1486.0 1538.0 1590.0
1486.0 1538.0 1590.0
1486.0 1538.0 1590.0
1486.0 1538.0 1590.0
1486.0 1538.0 1590.0
1486.0 1538.0 1590.0
1486.0 1538.0 1590.0
1486.0 1538.0 1590.0
1486.0 1538.0 1590.0
1486.0 1538.0 1590.0
1486.0 1538.0 1590.0
1486.0 1538.0 1590.0
1486.0 1538.0 1590.0
1486.0 1538.0 1590.0
1486.0 1538.0 1590.0
1486.0 1538.0 1590.0
1486.0 1538.0 1590.0
1486.0 1538.0 1590.0
1486.0 1538.0 1590.0
1486.0 1538.0 1590.0
1486.0 1538.0 1590.0
1486.0 1538.0 1590.0
1486.0 1538.0 1590.0
1486.0 1538.0 1590.0
1486.0 1538.0 1590.0
1486.0 1538.0 1590.0
1486.0 1538.0 1590.0
1486.0 1538.0 1590.0
1486.0 1538.0 1590.0
1486.0 1538.0 1590.0
1486.0 1538.0 1590.0
1486.0 1538.0 1590.0
1486.0 1538.0 1590.0
1486.0 1538.0 1590.0
1486.0 1538.0 1590.0
1486.0 1538.0 1590.0
1486.0 1538.0 1590.0
1486.0 1538.0 1590.0
1486.0 1538.0 1590.0
1486.0 1538.0 1590.0
1486.0 1538.0 1590.0
1486.0 1538.0 1590.0
1486.0 1538.0 1590.0
1486.0 1538.0 1590.0
1486.0 1538.0 1590.0
1486.0 1538.0 1590.0
1486.0 1538.0 1590.0
1486.0 1538.0 1590.0
1486.0 1538.0 1590.0
1486.0 1538.0 1590.0
1486.0 1538.0 1590.0
1486.0 1538.0 1590.0
1486.0 1538.0 1590.0
1486.0 1538.0 1590.0
1486.0 1538.0 1590.0
1486.0 1538.0 1590.0
1486.0 1538.0 1590.0
1486.0 1538.0 1590.0
1486.0 1538.0 1590.0
1486.0 1538.0 1590.0
1486.0 1538.0 1590.0
1486.0 1538.0 1590.0
1360.0 1475.0 1590.0
1360.0 1475.0 1590.0
1360.0 1475.0 1590.0
1360.0 1475.0 1590.0
1360.0 1475.0 1590.0
1360.0 1475.0 1590.0
1360.0 1475.0 1590.0
1360.0 1475.0 1590.0
1360.0 1475.0 1590.0
1360.0 1475.0 1590.0
1360.0 1475.0 1590.0
1360.0 1475.0 1590.0
1360.0 1475.0 1590.0
1360.0 1475.0 1590.0
1360.0 1475.0 1590.0
1360.0 1475.0 1590.0
1360.0 1475.0 1590.0
1360.0 1475.0 1590.0
1360.0 1475.0 1590.0
1360.0 1475.0 1590.0
1360.0 1475.0 1590.0
1360.0 1475.0 1590.0
1360.0 1475.0 1590.0
1360.0 1475.0 1590.0
1360.0 1475.0 1590.0
1360.0 1475.0 1590.0
1360.0 1475.0 1590.0
1360.0 1475.0 1590.0
1360.0 1475.0 1590.0
1360.0 1475.0 1590.0
1360.0 1475.0 1590.0
1360.0 1475.0 1590.0
1360.0 1475.0 1590.0
1360.0 1475.0 1590.0
1360.0 1475.0 1590.0
1360.0 1475.0 1590.0
1360.0 1475.0 1590.0
1360.0 1475.0 1590.0
1360.0 1475.0 1590.0
1360.0 1475.0 1590.0
1360.0 1475.0 1590.0
