11474.0 14420.5 17367.0
13348.0 14295.0 15242.0
8963.0 9897.5 10832.0
10081.0 10197.5 10314.0
7632.0 8463.5 9295.0
7789.0 8148.0 8507.0
5668.0 6267.5 6867.0
5068.0 5092.5 5117.0
3756.0 4117.5 4479.0
3718.0 4098.5 4479.0
2937.0 3384.5 3832.0
2292.0 2676.0 3060.0
2002.0 2531.0 3060.0
2002.0 2205.5 2409.0
2002.0 2468.5 2935.0
2002.0 2156.5 2311.0
2002.0 2156.5 2311.0
2002.0 2156.5 2311.0
2002.0 2156.5 2311.0
2002.0 2156.5 2311.0
2002.0 2156.5 2311.0
2002.0 2156.5 2311.0
2002.0 2156.5 2311.0
2002.0 2156.5 2311.0
2002.0 2156.5 2311.0
2002.0 2156.5 2311.0
2002.0 2156.5 2311.0
2002.0 2156.5 2311.0
2002.0 2156.5 2311.0
2002.0 2156.5 2311.0
2002.0 2156.5 2311.0
2002.0 2156.5 2311.0
2002.0 2156.5 2311.0
2002.0 2156.5 2311.0
2002.0 2156.5 2311.0
2002.0 2156.5 2311.0
2002.0 2156.5 2311.0
2002.0 2156.5 2311.0
2002.0 2156.5 2311.0
2002.0 2156.5 2311.0
2002.0 2156.5 2311.0
2002.0 2156.5 2311.0
2002.0 2156.5 2311.0
2002.0 2156.5 2311.0
2002.0 2156.5 2311.0
2002.0 2156.5 2311.0
2002.0 2156.5 2311.0
2002.0 2156.5 2311.0
2002.0 2156.5 2311.0
2002.0 2156.5 2311.0
2002.0 2156.5 2311.0
2002.0 2156.5 2311.0
2002.0 2156.5 2311.0
2002.0 2156.5 2311.0
2002.0 2156.5 2311.0
2279.0 2295.0 2311.0
2279.0 2295.0 2311.0
2279.0 2295.0 2311.0
2279.0 2295.0 2311.0
2279.0 2295.0 2311.0
2279.0 2295.0 2311.0
2279.0 2295.0 2311.0
2279.0 2295.0 2311.0
2279.0 2295.0 2311.0
2279.0 2295.0 2311.0
2279.0 2295.0 2311.0
2279.0 2295.0 2311.0
2279.0 2295.0 2311.0
2279.0 2295.0 2311.0
2279.0 2295.0 2311.0
2279.0 2295.0 2311.0
2279.0 2295.0 2311.0
2279.0 2295.0 2311.0
2279.0 2295.0 2311.0
2279.0 2295.0 2311.0
2279.0 2295.0 2311.0
2279.0 2295.0 2311.0
2279.0 2295.0 2311.0
2279.0 2295.0 2311.0
2279.0 2295.0 2311.0
2279.0 2295.0 2311.0
2213.0 2246.0 2279.0
2213.0 2246.0 2279.0
2213.0 2246.0 2279.0
2213.0 2246.0 2279.0
2213.0 2246.0 2279.0
2213.0 2246.0 2279.0
2213.0 2246.0 2279.0
2213.0 2246.0 2279.0
2213.0 2246.0 2279.0
2213.0 2246.0 2279.0
2213.0 2246.0 2279.0
2213.0 2246.0 2279.0
2213.0 2246.0 2279.0
2213.0 2246.0 2279.0
2213.0 2246.0 2279.0
2213.0 2246.0 2279.0
2213.0 2246.0 2279.0
2213.0 2246.0 2279.0
2213.0 2246.0 2279.0
2213.0 2246.0 2279.0
2213.0 2246.0 2279.0
2213.0 2246.0 2279.0
2213.0 2246.0 2279.0
2213.0 2246.0 2279.0
2213.0 2246.0 2279.0
2213.0 2246.0 2279.0
2213.0 2246.0 2279.0
2213.0 2246.0 2279.0
2213.0 2246.0 2279.0
2213.0 2246.0 2279.0
2213.0 2246.0 2279.0
2213.0 2246.0 2279.0
2213.0 2246.0 2279.0
2213.0 2246.0 2279.0
2213.0 2246.0 2279.0
2213.0 2246.0 2279.0
2213.0 2246.0 2279.0
2213.0 2246.0 2279.0
2213.0 2246.0 2279.0
2213.0 2246.0 2279.0
2213.0 2246.0 2279.0
2213.0 2246.0 2279.0
2213.0 2246.0 2279.0
2213.0 2246.0 2279.0
2213.0 2246.0 2279.0
2213.0 2246.0 2279.0
2213.0 2246.0 2279.0
2213.0 2246.0 2279.0
2213.0 2246.0 2279.0
2213.0 2246.0 2279.0
2213.0 2246.0 2279.0
2213.0 2246.0 2279.0
2213.0 2246.0 2279.0
2213.0 2246.0 2279.0
2213.0 2246.0 2279.0
2213.0 2246.0 2279.0
2213.0 2246.0 2279.0
2213.0 2246.0 2279.0
2213.0 2246.0 2279.0
2213.0 2246.0 2279.0
2213.0 2246.0 2279.0
2213.0 2246.0 2279.0
2213.0 2246.0 2279.0
2213.0 2246.0 2279.0
2213.0 2246.0 2279.0
2213.0 2246.0 2279.0
2213.0 2246.0 2279.0
2213.0 2246.0 2279.0
2213.0 2246.0 2279.0
2213.0 2246.0 2279.0
2213.0 2246.0 2279.0
2213.0 2246.0 2279.0
2213.0 2246.0 2279.0
2213.0 2246.0 2279.0
2213.0 2246.0 2279.0
2213.0 2246.0 2279.0
2213.0 2246.0 2279.0
1793.0 2036.0 2279.0
1793.0 2036.0 2279.0
1793.0 2036.0 2279.0
1793.0 2036.0 2279.0
1793.0 2036.0 2279.0
1793.0 2036.0 2279.0
1793.0 2036.0 2279.0
1793.0 2036.0 2279.0
1793.0 2036.0 2279.0
1793.0 2036.0 2279.0
1793.0 2036.0 2279.0
1793.0 2036.0 2279.0
1793.0 2036.0 2279.0
1793.0 2036.0 2279.0
1793.0 1911.5 2030.0
1444.0 1618.5 1793.0
1444.0 1618.5 1793.0
1444.0 1618.5 1793.0
1444.0 1618.5 1793.0
1444.0 1490.0 1536.0
1444.0 1526.0 1608.0
1444.0 1526.0 1608.0
1444.0 1526.0 1608.0
1444.0 1526.0 1608.0
1444.0 1526.0 1608.0
1444.0 1526.0 1608.0
1444.0 1526.0 1608.0
1444.0 1526.0 1608.0
1444.0 1526.0 1608.0
1444.0 1526.0 1608.0
1444.0 1526.0 1608.0
1444.0 1526.0 1608.0
1444.0 1526.0 1608.0
1444.0 1526.0 1608.0
1444.0 1526.0 1608.0
1444.0 1526.0 1608.0
1444.0 1526.0 1608.0
1444.0 1526.0 1608.0
1444.0 1526.0 1608.0
1444.0 1526.0 1608.0
1444.0 1526.0 1608.0
1444.0 1526.0 1608.0
