13364.0 14756.5 16149.0
9698.0 11380.5 13063.0
8218.0 9544.0 10870.0
7862.0 7948.0 8034.0
7519.0 7847.5 8176.0
4162.0 4699.0 5236.0
3753.0 4271.5 4790.0
3837.0 4313.5 4790.0
2113.0 3451.5 4790.0
1698.0 2811.0 3924.0
1698.0 2109.5 2521.0
1698.0 2109.5 2521.0
1698.0 2109.5 2521.0
1698.0 2109.5 2521.0
1698.0 2109.5 2521.0
1606.0 2063.5 2521.0
1604.0 2062.5 2521.0
1549.0 2035.0 2521.0
1117.0 1819.0 2521.0
1117.0 1966.0 2815.0
1117.0 1572.0 2027.0
1117.0 1572.0 2027.0
1117.0 1572.0 2027.0
1117.0 1572.0 2027.0
1117.0 1572.0 2027.0
1117.0 1572.0 2027.0
1117.0 1572.0 2027.0
1117.0 1572.0 2027.0
1117.0 1535.5 1954.0
1117.0 1535.5 1954.0
1117.0 1535.5 1954.0
1117.0 1535.5 1954.0
1117.0 1535.5 1954.0
1117.0 1535.5 1954.0
1117.0 1535.5 1954.0
1117.0 1535.5 1954.0
1117.0 1535.5 1954.0
1117.0 1535.5 1954.0
1117.0 1535.5 1954.0
1117.0 1535.5 1954.0
1117.0 1535.5 1954.0
1117.0 1535.5 1954.0
1117.0 1535.5 1954.0
1117.0 1535.5 1954.0
1117.0 1535.5 1954.0
1117.0 1535.5 1954.0
1117.0 1535.5 1954.0
1117.0 1535.5 1954.0
1117.0 1535.5 1954.0
1117.0 1535.5 1954.0
1117.0 1535.5 1954.0
1117.0 1535.5 1954.0
1117.0 1535.5 1954.0
1117.0 1535.5 1954.0
1117.0 1535.5 1954.0
1117.0 1535.5 1954.0
1117.0 1535.5 1954.0
1117.0 1535.5 1954.0
1117.0 1535.5 1954.0
1117.0 1535.5 1954.0
1117.0 1535.5 1954.0
1117.0 1535.5 1954.0
1117.0 1535.5 1954.0
1117.0 1535.5 1954.0
1117.0 1535.5 1954.0
1117.0 1535.5 1954.0
1117.0 1535.5 1954.0
1117.0 1535.5 1954.0
1117.0 1535.5 1954.0
1117.0 1535.5 1954.0
1117.0 1535.5 1954.0
1117.0 1535.5 1954.0
1117.0 1535.5 1954.0
1117.0 1535.5 1954.0
1117.0 1535.5 1954.0
1117.0 1535.5 1954.0
1117.0 1535.5 1954.0
1117.0 1535.5 1954.0
1117.0 1535.5 1954.0
1117.0 1535.5 1954.0
1117.0 1535.5 1954.0
1117.0 1535.5 1954.0
1117.0 1535.5 1954.0
1117.0 1535.5 1954.0
1117.0 1535.5 1954.0
1117.0 1535.5 1954.0
1117.0 1535.5 1954.0
1117.0 1535.5 1954.0
1117.0 1535.5 1954.0
1117.0 1535.5 1954.0
1117.0 1314.5 1512.0
1117.0 1199.5 1282.0
1117.0 1199.5 1282.0
1117.0 1199.5 1282.0
1117.0 1199.5 1282.0
1117.0 1199.5 1282.0
1117.0 1199.5 1282.0
1117.0 1199.5 1282.0
1117.0 1199.5 1282.0
1117.0 1199.5 1282.0
1117.0 1199.5 1282.0
1117.0 1199.5 1282.0
1117.0 1199.5 1282.0
1117.0 1199.5 1282.0
1117.0 1199.5 1282.0
1117.0 1199.5 1282.0
1117.0 1199.5 1282.0
1117.0 1199.5 1282.0
1117.0 1199.5 1282.0
1117.0 1199.5 1282.0
1117.0 1199.5 1282.0
1117.0 1199.5 1282.0
1117.0 1199.5 1282.0
1117.0 1199.5 1282.0
1117.0 1199.5 1282.0
1117.0 1199.5 1282.0
1117.0 1199.5 1282.0
1117.0 1199.5 1282.0
1117.0 1199.5 1282.0
1117.0 1199.5 1282.0
1117.0 1199.5 1282.0
1117.0 1199.5 1282.0
1117.0 1199.5 1282.0
1117.0 1199.5 1282.0
1117.0 1199.5 1282.0
1117.0 1199.5 1282.0
1117.0 1199.5 1282.0
1117.0 1199.5 1282.0
1117.0 1199.5 1282.0
1117.0 1199.5 1282.0
1117.0 1199.5 1282.0
1117.0 1199.5 1282.0
1117.0 1199.5 1282.0
1117.0 1199.5 1282.0
1117.0 1199.5 1282.0
1117.0 1199.5 1282.0
1117.0 1199.5 1282.0
1117.0 1199.5 1282.0
1117.0 1199.5 1282.0
1117.0 1199.5 1282.0
1117.0 1199.5 1282.0
1117.0 1199.5 1282.0
1117.0 1199.5 1282.0
1117.0 1199.5 1282.0
1117.0 1199.5 1282.0
1117.0 1199.5 1282.0
1117.0 1199.5 1282.0
1117.0 1199.5 1282.0
1117.0 1199.5 1282.0
1117.0 1199.5 1282.0
1117.0 1199.5 1282.0
1117.0 1199.5 1282.0
1117.0 1199.5 1282.0
1117.0 1199.5 1282.0
1117.0 1199.5 1282.0
1117.0 1199.5 1282.0
1117.0 1199.5 1282.0
1117.0 1199.5 1282.0
1117.0 1199.5 1282.0
1117.0 1199.5 1282.0
1117.0 1199.5 1282.0
1117.0 1199.5 1282.0
1117.0 1199.5 1282.0
1117.0 1199.5 1282.0
1117.0 1199.5 1282.0
1117.0 1199.5 1282.0
1117.0 1199.5 1282.0
1117.0 1199.5 1282.0
1117.0 1199.5 1282.0
1117.0 1199.5 1282.0
1117.0 1199.5 1282.0
1117.0 1199.5 1282.0
1117.0 1199.5 1282.0
1117.0 1199.5 1282.0
1117.0 1199.5 1282.0
1117.0 1199.5 1282.0
1117.0 1199.5 1282.0
1117.0 1199.5 1282.0
1117.0 1199.5 1282.0
1117.0 1199.5 1282.0
1117.0 1199.5 1282.0
1117.0 1199.5 1282.0
1117.0 1199.5 1282.0
1117.0 1199.5 1282.0
1117.0 1199.5 1282.0
1117.0 1199.5 1282.0
1117.0 1199.5 1282.0
1117.0 1199.5 1282.0
1117.0 1199.5 1282.0
1117.0 1199.5 1282.0
1117.0 1199.5 1282.0
1117.0 1199.5 1282.0
1117.0 1199.5 1282.0
1117.0 1199.5 1282.0
1117.0 1199.5 1282.0
1117.0 1199.5 1282.0
1117.0 1199.5 1282.0
1117.0 1199.5 1282.0
1117.0 1199.5 1282.0
1117.0 1199.5 1282.0
