10180.0 11444.0 12708.0
8320.0 9997.0 11674.0
6452.0 7250.0 8048.0
6462.0 7014.0 7566.0
3038.0 4142.0 5246.0
3038.0 3320.5 3603.0
3085.0 3149.0 3213.0
1947.0 2054.0 2161.0
1947.0 2205.5 2464.0
1610.0 1973.0 2336.0
1575.0 1592.5 1610.0
1424.0 1517.0 1610.0
1341.0 1537.0 1733.0
1008.0 1174.5 1341.0
1008.0 1174.5 1341.0
1008.0 1140.0 1272.0
1008.0 1140.0 1272.0
1008.0 1140.0 1272.0
1008.0 1140.0 1272.0
1008.0 1140.0 1272.0
1008.0 1140.0 1272.0
1008.0 1140.0 1272.0
1008.0 1140.0 1272.0
1008.0 1140.0 1272.0
1008.0 1140.0 1272.0
1008.0 1140.0 1272.0
1008.0 1140.0 1272.0
1008.0 1140.0 1272.0
1008.0 1140.0 1272.0
1008.0 1140.0 1272.0
1008.0 1140.0 1272.0
1008.0 1140.0 1272.0
1008.0 1140.0 1272.0
1008.0 1140.0 1272.0
1008.0 1140.0 1272.0
1008.0 1140.0 1272.0
1008.0 1140.0 1272.0
1008.0 1140.0 1272.0
1008.0 1140.0 1272.0
1008.0 1140.0 1272.0
1008.0 1140.0 1272.0
1008.0 1140.0 1272.0
1008.0 1140.0 1272.0
1008.0 1140.0 1272.0
1008.0 1140.0 1272.0
1008.0 1140.0 1272.0
1008.0 1140.0 1272.0
1008.0 1140.0 1272.0
1008.0 1140.0 1272.0
1008.0 1140.0 1272.0
1008.0 1140.0 1272.0
1008.0 1140.0 1272.0
1008.0 1140.0 1272.0
1008.0 1140.0 1272.0
1008.0 1140.0 1272.0
1008.0 1140.0 1272.0
1008.0 1140.0 1272.0
1008.0 1140.0 1272.0
1008.0 1140.0 1272.0
1008.0 1140.0 1272.0
1008.0 1140.0 1272.0
1008.0 1140.0 1272.0
1008.0 1140.0 1272.0
1008.0 1140.0 1272.0
1008.0 1140.0 1272.0
1008.0 1140.0 1272.0
1008.0 1140.0 1272.0
1008.0 1140.0 1272.0
1008.0 1140.0 1272.0
1008.0 1140.0 1272.0
1008.0 1140.0 1272.0
1008.0 1140.0 1272.0
1008.0 1140.0 1272.0
1008.0 1140.0 1272.0
1008.0 1140.0 1272.0
1008.0 1140.0 1272.0
1008.0 1140.0 1272.0
1008.0 1140.0 1272.0
1008.0 1140.0 1272.0
1008.0 1140.0 1272.0
1008.0 1140.0 1272.0
1008.0 1140.0 1272.0
1008.0 1140.0 1272.0
1008.0 1140.0 1272.0
1008.0 1140.0 1272.0
1008.0 1140.0 1272.0
1008.0 1140.0 1272.0
1008.0 1140.0 1272.0
1008.0 1140.0 1272.0
1008.0 1140.0 1272.0
1008.0 1140.0 1272.0
1008.0 1140.0 1272.0
1008.0 1140.0 1272.0
1008.0 1140.0 1272.0
1008.0 1140.0 1272.0
1008.0 1140.0 1272.0
1008.0 1140.0 1272.0
1008.0 1140.0 1272.0
1008.0 1140.0 1272.0
1008.0 1140.0 1272.0
1008.0 1140.0 1272.0
1008.0 1140.0 1272.0
1008.0 1140.0 1272.0
1008.0 1140.0 1272.0
1008.0 1140.0 1272.0
1008.0 1140.0 1272.0
1008.0 1140.0 1272.0
1008.0 1140.0 1272.0
1008.0 1140.0 1272.0
1008.0 1140.0 1272.0
1008.0 1140.0 1272.0
1008.0 1140.0 1272.0
1008.0 1140.0 1272.0
1008.0 1140.0 1272.0
1008.0 1140.0 1272.0
1008.0 1140.0 1272.0
1008.0 1140.0 1272.0
1008.0 1140.0 1272.0
1008.0 1140.0 1272.0
1008.0 1140.0 1272.0
1008.0 1140.0 1272.0
1008.0 1140.0 1272.0
1008.0 1140.0 1272.0
1008.0 1140.0 1272.0
1008.0 1140.0 1272.0
1008.0 1140.0 1272.0
1008.0 1140.0 1272.0
1008.0 1140.0 1272.0
1008.0 1140.0 1272.0
1008.0 1140.0 1272.0
1008.0 1140.0 1272.0
1008.0 1140.0 1272.0
1008.0 1140.0 1272.0
1008.0 1140.0 1272.0
1008.0 1140.0 1272.0
1008.0 1140.0 1272.0
1008.0 1140.0 1272.0
1008.0 1140.0 1272.0
1008.0 1140.0 1272.0
1008.0 1140.0 1272.0
1008.0 1140.0 1272.0
1008.0 1140.0 1272.0
1008.0 1140.0 1272.0
1008.0 1140.0 1272.0
1008.0 1140.0 1272.0
1008.0 1140.0 1272.0
1008.0 1140.0 1272.0
1008.0 1140.0 1272.0
1008.0 1140.0 1272.0
1008.0 1140.0 1272.0
1008.0 1140.0 1272.0
1008.0 1140.0 1272.0
1008.0 1140.0 1272.0
1008.0 1140.0 1272.0
1008.0 1140.0 1272.0
1008.0 1140.0 1272.0
1008.0 1140.0 1272.0
1008.0 1140.0 1272.0
1008.0 1140.0 1272.0
1008.0 1140.0 1272.0
1008.0 1140.0 1272.0
1008.0 1140.0 1272.0
1008.0 1140.0 1272.0
1008.0 1140.0 1272.0
1008.0 1140.0 1272.0
1008.0 1140.0 1272.0
1008.0 1140.0 1272.0
1008.0 1140.0 1272.0
1008.0 1140.0 1272.0
1008.0 1140.0 1272.0
1008.0 1140.0 1272.0
1008.0 1140.0 1272.0
1008.0 1140.0 1272.0
1008.0 1140.0 1272.0
1008.0 1140.0 1272.0
1008.0 1140.0 1272.0
1008.0 1140.0 1272.0
1008.0 1140.0 1272.0
1008.0 1140.0 1272.0
1008.0 1140.0 1272.0
1008.0 1140.0 1272.0
1008.0 1140.0 1272.0
1008.0 1140.0 1272.0
1008.0 1140.0 1272.0
1008.0 1140.0 1272.0
1008.0 1140.0 1272.0
1008.0 1140.0 1272.0
1008.0 1140.0 1272.0
1008.0 1140.0 1272.0
1008.0 1140.0 1272.0
1008.0 1140.0 1272.0
1008.0 1140.0 1272.0
1008.0 1140.0 1272.0
1008.0 1140.0 1272.0
1008.0 1140.0 1272.0
1008.0 1140.0 1272.0
1008.0 1140.0 1272.0
1008.0 1140.0 1272.0
1008.0 1140.0 1272.0
1008.0 1140.0 1272.0
