11676.0 13807.5 15939.0
8717.0 10137.0 11557.0
7045.0 8567.0 10089.0
6806.0 7152.0 7498.0
5837.0 5921.5 6006.0
4064.0 4643.5 5223.0
3927.0 4073.0 4219.0
3129.0 3148.5 3168.0
3108.0 3118.5 3129.0
2807.0 2957.5 3108.0
2807.0 2957.5 3108.0
1905.0 2356.0 2807.0
1506.0 1944.5 2383.0
1472.0 1927.5 2383.0
1472.0 1927.5 2383.0
1472.0 1927.5 2383.0
1472.0 1927.5 2383.0
1472.0 1927.5 2383.0
1472.0 1927.5 2383.0
1472.0 1927.5 2383.0
1472.0 1927.5 2383.0
1472.0 1927.5 2383.0
1472.0 1927.5 2383.0
1472.0 1927.5 2383.0
1472.0 1927.5 2383.0
1472.0 1927.5 2383.0
1472.0 1927.5 2383.0
1472.0 1927.5 2383.0
1472.0 1927.5 2383.0
1472.0 1927.5 2383.0
1472.0 1927.5 2383.0
1472.0 1927.5 2383.0
1472.0 1927.5 2383.0
1472.0 1927.5 2383.0
1472.0 1927.5 2383.0
1437.0 1454.5 1472.0
1437.0 1454.5 1472.0
1437.0 1454.5 1472.0
1437.0 1454.5 1472.0
1437.0 1454.5 1472.0
1437.0 1454.5 1472.0
1437.0 1454.5 1472.0
1437.0 1454.5 1472.0
1437.0 1454.5 1472.0
1437.0 1454.5 1472.0
1437.0 1454.5 1472.0
1437.0 1454.5 1472.0
1437.0 1454.5 1472.0
1437.0 1454.5 1472.0
1437.0 1454.5 1472.0
1437.0 1454.5 1472.0
1437.0 1454.5 1472.0
1437.0 1454.5 1472.0
1437.0 1454.5 1472.0
1437.0 1454.5 1472.0
1437.0 1454.5 1472.0
1437.0 1454.5 1472.0
1437.0 1454.5 1472.0
1437.0 1454.5 1472.0
1437.0 1454.5 1472.0
1437.0 1454.5 1472.0
1437.0 1454.5 1472.0
1437.0 1454.5 1472.0
1437.0 1454.5 1472.0
1437.0 1454.5 1472.0
1437.0 1454.5 1472.0
1437.0 1454.5 1472.0
1437.0 1454.5 1472.0
1437.0 1454.5 1472.0
1437.0 1454.5 1472.0
1437.0 1454.5 1472.0
1437.0 1454.5 1472.0
1437.0 1454.5 1472.0
1437.0 1454.5 1472.0
1437.0 1454.5 1472.0
1437.0 1454.5 1472.0
1437.0 1454.5 1472.0
1437.0 1454.5 1472.0
1437.0 1454.5 1472.0
1437.0 1454.5 1472.0
1437.0 1454.5 1472.0
1437.0 1454.5 1472.0
1437.0 1454.5 1472.0
1437.0 1454.5 1472.0
1437.0 1454.5 1472.0
1437.0 1454.5 1472.0
1437.0 1454.5 1472.0
687.0 1062.0 1437.0
687.0 1062.0 1437.0
687.0 1062.0 1437.0
687.0 1062.0 1437.0
687.0 1062.0 1437.0
687.0 1062.0 1437.0
687.0 1062.0 1437.0
687.0 1062.0 1437.0
687.0 1062.0 1437.0
687.0 1062.0 1437.0
687.0 1062.0 1437.0
687.0 1062.0 1437.0
687.0 1062.0 1437.0
687.0 1062.0 1437.0
687.0 1062.0 1437.0
687.0 1062.0 1437.0
687.0 1062.0 1437.0
687.0 1062.0 1437.0
687.0 1062.0 1437.0
687.0 1062.0 1437.0
687.0 1062.0 1437.0
687.0 1062.0 1437.0
687.0 1062.0 1437.0
687.0 1062.0 1437.0
687.0 1062.0 1437.0
687.0 1062.0 1437.0
687.0 1062.0 1437.0
687.0 1062.0 1437.0
687.0 1062.0 1437.0
687.0 1062.0 1437.0
687.0 1062.0 1437.0
687.0 1062.0 1437.0
687.0 1062.0 1437.0
687.0 1062.0 1437.0
687.0 1062.0 1437.0
687.0 1062.0 1437.0
687.0 1062.0 1437.0
687.0 1062.0 1437.0
687.0 1062.0 1437.0
687.0 1062.0 1437.0
687.0 1062.0 1437.0
687.0 1062.0 1437.0
687.0 1062.0 1437.0
687.0 1062.0 1437.0
687.0 1062.0 1437.0
687.0 1062.0 1437.0
687.0 1062.0 1437.0
687.0 1062.0 1437.0
687.0 1062.0 1437.0
687.0 1062.0 1437.0
687.0 1062.0 1437.0
687.0 1062.0 1437.0
687.0 1062.0 1437.0
687.0 1047.0 1407.0
687.0 1047.0 1407.0
687.0 1047.0 1407.0
687.0 1047.0 1407.0
687.0 1047.0 1407.0
687.0 1047.0 1407.0
687.0 1047.0 1407.0
687.0 1047.0 1407.0
687.0 1047.0 1407.0
687.0 1047.0 1407.0
687.0 1047.0 1407.0
687.0 1047.0 1407.0
687.0 1047.0 1407.0
687.0 1047.0 1407.0
687.0 1047.0 1407.0
687.0 1047.0 1407.0
687.0 1047.0 1407.0
687.0 1047.0 1407.0
687.0 1047.0 1407.0
687.0 1047.0 1407.0
687.0 1047.0 1407.0
687.0 1047.0 1407.0
687.0 1047.0 1407.0
687.0 1047.0 1407.0
687.0 1047.0 1407.0
687.0 1047.0 1407.0
687.0 1047.0 1407.0
687.0 1047.0 1407.0
687.0 1047.0 1407.0
687.0 1047.0 1407.0
687.0 1047.0 1407.0
687.0 1047.0 1407.0
687.0 1047.0 1407.0
687.0 1047.0 1407.0
687.0 1047.0 1407.0
687.0 1047.0 1407.0
687.0 1047.0 1407.0
687.0 1047.0 1407.0
687.0 1047.0 1407.0
687.0 1047.0 1407.0
687.0 1047.0 1407.0
687.0 1047.0 1407.0
687.0 1047.0 1407.0
687.0 1047.0 1407.0
687.0 1047.0 1407.0
687.0 1047.0 1407.0
687.0 1047.0 1407.0
687.0 1047.0 1407.0
687.0 1047.0 1407.0
687.0 1047.0 1407.0
687.0 1047.0 1407.0
687.0 1047.0 1407.0
687.0 1047.0 1407.0
687.0 1047.0 1407.0
687.0 1047.0 1407.0
687.0 1047.0 1407.0
687.0 1047.0 1407.0
687.0 1047.0 1407.0
687.0 1047.0 1407.0
687.0 1047.0 1407.0
