11499.0 12876.5 14254.0
9396.0 10869.5 12343.0
7083.0 7652.5 8222.0
4654.0 5282.5 5911.0
4654.0 5282.5 5911.0
3419.0 3439.0 3459.0
3069.0 3224.0 3379.0
2987.0 3022.0 3057.0
2367.0 2662.0 2957.0
1943.0 2246.5 2550.0
1603.0 2076.5 2550.0
1297.0 1923.5 2550.0
1297.0 1923.5 2550.0
1297.0 1923.5 2550.0
1297.0 1923.5 2550.0
1297.0 1923.5 2550.0
1297.0 1923.5 2550.0
1297.0 1923.5 2550.0
1297.0 1923.5 2550.0
1297.0 1769.0 2241.0
1297.0 1638.5 1980.0
1297.0 1823.0 2349.0
1297.0 1427.0 1557.0
1297.0 1357.0 1417.0
1297.0 1357.0 1417.0
1297.0 1357.0 1417.0
1297.0 1357.0 1417.0
1297.0 1357.0 1417.0
1297.0 1357.0 1417.0
1297.0 1357.0 1417.0
1297.0 1357.0 1417.0
1297.0 1357.0 1417.0
1297.0 1357.0 1417.0
1297.0 1357.0 1417.0
1297.0 1357.0 1417.0
1297.0 1357.0 1417.0
1297.0 1357.0 1417.0
1297.0 1357.0 1417.0
1297.0 1357.0 1417.0
1297.0 1357.0 1417.0
1297.0 1357.0 1417.0
1297.0 1357.0 1417.0
1297.0 1357.0 1417.0
1297.0 1357.0 1417.0
1297.0 1357.0 1417.0
1297.0 1357.0 1417.0
1297.0 1357.0 1417.0
1297.0 1357.0 1417.0
1297.0 1357.0 1417.0
1297.0 1332.0 1367.0
1228.0 1262.5 1297.0
1228.0 1262.5 1297.0
1228.0 1262.5 1297.0
1228.0 1262.5 1297.0
1228.0 1262.5 1297.0
1228.0 1262.5 1297.0
1228.0 1262.5 1297.0
1228.0 1262.5 1297.0
1228.0 1262.5 1297.0
1228.0 1262.5 1297.0
1228.0 1262.5 1297.0
1228.0 1262.5 1297.0
1228.0 1262.5 1297.0
1228.0 1262.5 1297.0
1228.0 1262.5 1297.0
1228.0 1262.5 1297.0
1228.0 1262.5 1297.0
1228.0 1262.5 1297.0
1228.0 1262.5 1297.0
1228.0 1262.5 1297.0
1228.0 1262.5 1297.0
1228.0 1262.5 1297.0
1228.0 1262.5 1297.0
1228.0 1262.5 1297.0
1228.0 1262.5 1297.0
1228.0 1262.5 1297.0
1228.0 1262.5 1297.0
1228.0 1262.5 1297.0
1228.0 1262.5 1297.0
1228.0 1262.5 1297.0
1228.0 1262.5 1297.0
1228.0 1262.5 1297.0
1228.0 1262.5 1297.0
1228.0 1262.5 1297.0
1228.0 1262.5 1297.0
1228.0 1262.5 1297.0
1228.0 1262.5 1297.0
1228.0 1262.5 1297.0
1228.0 1262.5 1297.0
1228.0 1262.5 1297.0
1228.0 1262.5 1297.0
1228.0 1262.5 1297.0
1228.0 1262.5 1297.0
1228.0 1262.5 1297.0
1228.0 1262.5 1297.0
1228.0 1262.5 1297.0
1228.0 1262.5 1297.0
1228.0 1262.5 1297.0
1228.0 1262.5 1297.0
1228.0 1262.5 1297.0
1228.0 1262.5 1297.0
1228.0 1262.5 1297.0
1228.0 1262.5 1297.0
1228.0 1262.5 1297.0
1228.0 1262.5 1297.0
1228.0 1262.5 1297.0
1228.0 1262.5 1297.0
1228.0 1262.5 1297.0
1228.0 1262.5 1297.0
1228.0 1262.5 1297.0
1228.0 1262.5 1297.0
1228.0 1262.5 1297.0
1228.0 1262.5 1297.0
1228.0 1262.5 1297.0
1228.0 1262.5 1297.0
1228.0 1262.5 1297.0
1228.0 1262.5 1297.0
1228.0 1262.5 1297.0
1228.0 1262.5 1297.0
1228.0 1262.5 1297.0
1228.0 1262.5 1297.0
1228.0 1262.5 1297.0
1228.0 1262.5 1297.0
1228.0 1262.5 1297.0
1228.0 1262.5 1297.0
1228.0 1262.5 1297.0
1228.0 1262.5 1297.0
1228.0 1262.5 1297.0
1228.0 1262.5 1297.0
1228.0 1262.5 1297.0
1228.0 1262.5 1297.0
1228.0 1262.5 1297.0
1228.0 1262.5 1297.0
1228.0 1262.5 1297.0
1228.0 1262.5 1297.0
1228.0 1262.5 1297.0
1228.0 1262.5 1297.0
1228.0 1262.5 1297.0
1228.0 1262.5 1297.0
1228.0 1262.5 1297.0
1228.0 1262.5 1297.0
1228.0 1262.5 1297.0
1228.0 1262.5 1297.0
1228.0 1262.5 1297.0
1228.0 1262.5 1297.0
1228.0 1319.5 1411.0
1228.0 1319.5 1411.0
1228.0 1411.0 1594.0
1228.0 1411.0 1594.0
1228.0 1411.0 1594.0
1228.0 1411.0 1594.0
1228.0 1411.0 1594.0
1228.0 1411.0 1594.0
1228.0 1411.0 1594.0
1228.0 1411.0 1594.0
1228.0 1411.0 1594.0
1228.0 1411.0 1594.0
1228.0 1411.0 1594.0
1228.0 1411.0 1594.0
1228.0 1411.0 1594.0
1228.0 1411.0 1594.0
1228.0 1411.0 1594.0
1228.0 1411.0 1594.0
1228.0 1411.0 1594.0
1228.0 1411.0 1594.0
1228.0 1411.0 1594.0
1228.0 1411.0 1594.0
1228.0 1411.0 1594.0
1228.0 1411.0 1594.0
1228.0 1411.0 1594.0
1228.0 1411.0 1594.0
1228.0 1411.0 1594.0
1228.0 1411.0 1594.0
1228.0 1411.0 1594.0
1228.0 1411.0 1594.0
1228.0 1411.0 1594.0
1228.0 1411.0 1594.0
1228.0 1411.0 1594.0
1228.0 1411.0 1594.0
1228.0 1411.0 1594.0
1228.0 1411.0 1594.0
1228.0 1411.0 1594.0
1228.0 1411.0 1594.0
1228.0 1411.0 1594.0
1228.0 1411.0 1594.0
1228.0 1411.0 1594.0
1228.0 1411.0 1594.0
1228.0 1411.0 1594.0
1228.0 1411.0 1594.0
1228.0 1411.0 1594.0
1228.0 1411.0 1594.0
1228.0 1411.0 1594.0
1228.0 1411.0 1594.0
1228.0 1411.0 1594.0
1228.0 1411.0 1594.0
1228.0 1411.0 1594.0
1228.0 1411.0 1594.0
1228.0 1411.0 1594.0
1228.0 1411.0 1594.0
1228.0 1411.0 1594.0
