10980.0 11951.5 12923.0
9327.0 10542.0 11757.0
5757.0 7403.5 9050.0
5757.0 5965.5 6174.0
4308.0 5241.0 6174.0
4308.0 5388.5 6469.0
3103.0 3962.0 4821.0
3103.0 3208.0 3313.0
2167.0 2635.0 3103.0
1877.0 2022.0 2167.0
1877.0 2022.0 2167.0
1877.0 2045.5 2214.0
1877.0 2045.5 2214.0
1877.0 2045.5 2214.0
1877.0 2045.5 2214.0
1877.0 2045.5 2214.0
1877.0 2045.5 2214.0
1877.0 2045.5 2214.0
1877.0 2045.5 2214.0
1877.0 2045.5 2214.0
1877.0 2045.5 2214.0
1877.0 2045.5 2214.0
1229.0 1721.5 2214.0
1229.0 1721.5 2214.0
1229.0 1721.5 2214.0
1229.0 1721.5 2214.0
1229.0 1721.5 2214.0
1229.0 1721.5 2214.0
1229.0 1721.5 2214.0
1229.0 1721.5 2214.0
1229.0 1721.5 2214.0
1229.0 1721.5 2214.0
1229.0 1721.5 2214.0
1229.0 1721.5 2214.0
1229.0 1721.5 2214.0
1229.0 1721.5 2214.0
1229.0 1721.5 2214.0
1229.0 1902.5 2576.0
1229.0 1579.5 1930.0
1229.0 1300.0 1371.0
1229.0 1300.0 1371.0
1229.0 1300.0 1371.0
1229.0 1300.0 1371.0
1229.0 1300.0 1371.0
1229.0 1300.0 1371.0
1229.0 1300.0 1371.0
1229.0 1300.0 1371.0
1229.0 1300.0 1371.0
1229.0 1300.0 1371.0
1229.0 1300.0 1371.0
1229.0 1300.0 1371.0
1229.0 1300.0 1371.0
1229.0 1300.0 1371.0
1229.0 1300.0 1371.0
1229.0 1300.0 1371.0
1371.0 1385.5 1400.0
1371.0 1385.5 1400.0
1371.0 1385.5 1400.0
1371.0 1385.5 1400.0
1371.0 1385.5 1400.0
1371.0 1385.5 1400.0
1371.0 1385.5 1400.0
1371.0 1385.5 1400.0
1371.0 1385.5 1400.0
1371.0 1385.5 1400.0
1371.0 1385.5 1400.0
1371.0 1385.5 1400.0
1371.0 1385.5 1400.0
1371.0 1385.5 1400.0
1371.0 1385.5 1400.0
1371.0 1385.5 1400.0
1371.0 1385.5 1400.0
1371.0 1385.5 1400.0
1371.0 1385.5 1400.0
1371.0 1385.5 1400.0
1371.0 1385.5 1400.0
1371.0 1385.5 1400.0
1371.0 1385.5 1400.0
1371.0 1385.5 1400.0
1371.0 1385.5 1400.0
1371.0 1385.5 1400.0
1371.0 1385.5 1400.0
1371.0 1385.5 1400.0
1371.0 1385.5 1400.0
1371.0 1385.5 1400.0
1371.0 1385.5 1400.0
1371.0 1385.5 1400.0
1371.0 1385.5 1400.0
1371.0 1385.5 1400.0
1371.0 1385.5 1400.0
1371.0 1385.5 1400.0
1371.0 1385.5 1400.0
1371.0 1385.5 1400.0
1371.0 1385.5 1400.0
1371.0 1385.5 1400.0
1371.0 1385.5 1400.0
1371.0 1385.5 1400.0
1371.0 1385.5 1400.0
1371.0 1385.5 1400.0
1371.0 1385.5 1400.0
1371.0 1385.5 1400.0
1371.0 1385.5 1400.0
1371.0 1385.5 1400.0
1371.0 1385.5 1400.0
1371.0 1385.5 1400.0
1371.0 1385.5 1400.0
1371.0 1385.5 1400.0
1371.0 1385.5 1400.0
1371.0 1385.5 1400.0
1371.0 1385.5 1400.0
1371.0 1385.5 1400.0
1371.0 1385.5 1400.0
1371.0 1385.5 1400.0
1371.0 1385.5 1400.0
1371.0 1385.5 1400.0
1371.0 1385.5 1400.0
1371.0 1385.5 1400.0
1371.0 1385.5 1400.0
1371.0 1385.5 1400.0
1371.0 1385.5 1400.0
1371.0 1385.5 1400.0
1371.0 1385.5 1400.0
1371.0 1385.5 1400.0
1371.0 1385.5 1400.0
1371.0 1385.5 1400.0
1371.0 1385.5 1400.0
1371.0 1385.5 1400.0
1371.0 1385.5 1400.0
1371.0 1385.5 1400.0
1371.0 1385.5 1400.0
1371.0 1385.5 1400.0
1371.0 1385.5 1400.0
1371.0 1385.5 1400.0
1371.0 1385.5 1400.0
1371.0 1385.5 1400.0
1371.0 1385.5 1400.0
1371.0 1385.5 1400.0
1371.0 1385.5 1400.0
1371.0 1385.5 1400.0
1371.0 1385.5 1400.0
1371.0 1385.5 1400.0
1371.0 1385.5 1400.0
1371.0 1385.5 1400.0
1371.0 1385.5 1400.0
1371.0 1385.5 1400.0
1371.0 1385.5 1400.0
1371.0 1385.5 1400.0
1371.0 1385.5 1400.0
1371.0 1385.5 1400.0
1371.0 1385.5 1400.0
1371.0 1385.5 1400.0
1371.0 1385.5 1400.0
1371.0 1385.5 1400.0
1371.0 1385.5 1400.0
1371.0 1385.5 1400.0
1400.0 1506.5 1613.0
1400.0 1506.5 1613.0
1400.0 1506.5 1613.0
1400.0 1506.5 1613.0
1400.0 1506.5 1613.0
1400.0 1506.5 1613.0
1400.0 1506.5 1613.0
1400.0 1506.5 1613.0
1400.0 1506.5 1613.0
1400.0 1506.5 1613.0
1400.0 1506.5 1613.0
1400.0 1506.5 1613.0
1400.0 1506.5 1613.0
1400.0 1506.5 1613.0
1400.0 1506.5 1613.0
1400.0 1506.5 1613.0
1400.0 1506.5 1613.0
1400.0 1506.5 1613.0
1400.0 1506.5 1613.0
1400.0 1506.5 1613.0
1400.0 1506.5 1613.0
1143.0 1378.0 1613.0
1056.0 1334.5 1613.0
1056.0 1334.5 1613.0
1056.0 1334.5 1613.0
1056.0 1334.5 1613.0
1056.0 1334.5 1613.0
1056.0 1334.5 1613.0
1056.0 1334.5 1613.0
1056.0 1334.5 1613.0
1056.0 1334.5 1613.0
1056.0 1204.5 1353.0
1056.0 1204.5 1353.0
1056.0 1204.5 1353.0
1056.0 1204.5 1353.0
1056.0 1204.5 1353.0
1056.0 1204.5 1353.0
1056.0 1204.5 1353.0
1056.0 1204.5 1353.0
1056.0 1204.5 1353.0
1056.0 1204.5 1353.0
1056.0 1204.5 1353.0
1056.0 1204.5 1353.0
1056.0 1204.5 1353.0
1056.0 1204.5 1353.0
