13500.0 13760.0 14020.0
11850.0 12525.5 13201.0
8107.0 8770.0 9433.0
9290.0 9783.0 10276.0
5803.0 6905.0 8007.0
5453.0 5765.5 6078.0
5565.0 5821.5 6078.0
4765.0 5043.0 5321.0
4030.0 4054.0 4078.0
4030.0 4054.0 4078.0
2811.0 3211.5 3612.0
2811.0 3036.5 3262.0
2643.0 2727.0 2811.0
2643.0 2727.0 2811.0
2643.0 2727.0 2811.0
2643.0 2774.0 2905.0
2029.0 2201.0 2373.0
2029.0 2201.0 2373.0
2029.0 2201.0 2373.0
2029.0 2201.0 2373.0
2029.0 2201.0 2373.0
2029.0 2201.0 2373.0
2029.0 2201.0 2373.0
2029.0 2201.0 2373.0
2029.0 2201.0 2373.0
2029.0 2201.0 2373.0
2029.0 2201.0 2373.0
2029.0 2201.0 2373.0
2029.0 2201.0 2373.0
2029.0 2201.0 2373.0
2029.0 2201.0 2373.0
2029.0 2201.0 2373.0
2029.0 2201.0 2373.0
2029.0 2201.0 2373.0
2029.0 2201.0 2373.0
2029.0 2201.0 2373.0
2029.0 2201.0 2373.0
2029.0 2201.0 2373.0
1833.0 2103.0 2373.0
1833.0 2103.0 2373.0
1833.0 2103.0 2373.0
1833.0 2103.0 2373.0
1833.0 1968.5 2104.0
1833.0 1968.5 2104.0
1833.0 1968.5 2104.0
1833.0 1968.5 2104.0
1833.0 1968.5 2104.0
1833.0 1968.5 2104.0
1833.0 1968.5 2104.0
1833.0 1968.5 2104.0
1833.0 1968.5 2104.0
1833.0 1968.5 2104.0
1833.0 1968.5 2104.0
1833.0 1968.5 2104.0
1833.0 1968.5 2104.0
1833.0 1968.5 2104.0
1833.0 1968.5 2104.0
1833.0 1968.5 2104.0
1833.0 1968.5 2104.0
1833.0 1968.5 2104.0
1833.0 1968.5 2104.0
1833.0 1968.5 2104.0
1833.0 1968.5 2104.0
1833.0 1968.5 2104.0
1434.0 1769.0 2104.0
1434.0 1769.0 2104.0
1434.0 1769.0 2104.0
1434.0 1769.0 2104.0
1434.0 1769.0 2104.0
1434.0 1769.0 2104.0
1434.0 1769.0 2104.0
1434.0 1769.0 2104.0
1434.0 1809.0 2184.0
1434.0 1809.0 2184.0
1434.0 1809.0 2184.0
1434.0 1809.0 2184.0
1434.0 1809.0 2184.0
1434.0 1809.0 2184.0
1434.0 1809.0 2184.0
1434.0 1809.0 2184.0
1434.0 1809.0 2184.0
1434.0 1809.0 2184.0
1434.0 1809.0 2184.0
1434.0 1809.0 2184.0
1434.0 1809.0 2184.0
1434.0 1809.0 2184.0
1434.0 1809.0 2184.0
1434.0 1809.0 2184.0
1434.0 1809.0 2184.0
1434.0 1809.0 2184.0
1434.0 1809.0 2184.0
1434.0 1809.0 2184.0
1434.0 1809.0 2184.0
1434.0 1809.0 2184.0
1434.0 1809.0 2184.0
1434.0 1809.0 2184.0
1434.0 1809.0 2184.0
1434.0 1809.0 2184.0
1434.0 1809.0 2184.0
1434.0 1809.0 2184.0
1434.0 1809.0 2184.0
1434.0 1809.0 2184.0
1434.0 1809.0 2184.0
1434.0 1809.0 2184.0
1434.0 1809.0 2184.0
1434.0 1809.0 2184.0
1434.0 1809.0 2184.0
1434.0 1809.0 2184.0
1434.0 1809.0 2184.0
1434.0 1809.0 2184.0
1434.0 1809.0 2184.0
1434.0 1809.0 2184.0
1434.0 1809.0 2184.0
1434.0 1583.0 1732.0
1434.0 1583.0 1732.0
1434.0 1583.0 1732.0
1434.0 1583.0 1732.0
1434.0 1583.0 1732.0
1434.0 1583.0 1732.0
1434.0 1583.0 1732.0
1434.0 1583.0 1732.0
1434.0 1583.0 1732.0
1434.0 1583.0 1732.0
1434.0 1583.0 1732.0
1434.0 1583.0 1732.0
1434.0 1583.0 1732.0
1434.0 1583.0 1732.0
1434.0 1583.0 1732.0
1434.0 1583.0 1732.0
1434.0 1583.0 1732.0
1434.0 1583.0 1732.0
1434.0 1583.0 1732.0
1434.0 1583.0 1732.0
1434.0 1583.0 1732.0
1434.0 1583.0 1732.0
1434.0 1583.0 1732.0
1434.0 1583.0 1732.0
1434.0 1583.0 1732.0
1434.0 1583.0 1732.0
1434.0 1583.0 1732.0
1434.0 1583.0 1732.0
1434.0 1583.0 1732.0
1434.0 1583.0 1732.0
1434.0 1583.0 1732.0
1434.0 1583.0 1732.0
1434.0 1583.0 1732.0
1434.0 1583.0 1732.0
1434.0 1583.0 1732.0
1434.0 1583.0 1732.0
1434.0 1583.0 1732.0
1434.0 1583.0 1732.0
1434.0 1583.0 1732.0
1434.0 1583.0 1732.0
1434.0 1583.0 1732.0
1434.0 1583.0 1732.0
1434.0 1583.0 1732.0
1434.0 1583.0 1732.0
1434.0 1583.0 1732.0
1434.0 1583.0 1732.0
1434.0 1583.0 1732.0
1434.0 1583.0 1732.0
1434.0 1583.0 1732.0
1434.0 1583.0 1732.0
1434.0 1583.0 1732.0
1434.0 1583.0 1732.0
1434.0 1583.0 1732.0
1434.0 1583.0 1732.0
1434.0 1583.0 1732.0
1434.0 1583.0 1732.0
1434.0 1583.0 1732.0
1434.0 1583.0 1732.0
1434.0 1583.0 1732.0
1434.0 1583.0 1732.0
1434.0 1583.0 1732.0
1434.0 1583.0 1732.0
1434.0 1583.0 1732.0
1434.0 1583.0 1732.0
1434.0 1583.0 1732.0
1434.0 1583.0 1732.0
1434.0 1583.0 1732.0
1434.0 1583.0 1732.0
1434.0 1583.0 1732.0
1434.0 1583.0 1732.0
1434.0 1583.0 1732.0
1434.0 1583.0 1732.0
1434.0 1643.5 1853.0
1434.0 1643.5 1853.0
1434.0 1643.5 1853.0
1434.0 1643.5 1853.0
1434.0 1643.5 1853.0
1434.0 1643.5 1853.0
1434.0 1643.5 1853.0
1434.0 1643.5 1853.0
1434.0 1643.5 1853.0
1434.0 1643.5 1853.0
1434.0 1643.5 1853.0
1434.0 1643.5 1853.0
1434.0 1643.5 1853.0
1434.0 1643.5 1853.0
1434.0 1643.5 1853.0
