13409.0 14327.5 15246.0
11468.0 12675.5 13883.0
11583.0 12396.0 13209.0
9169.0 9886.5 10604.0
5173.0 6627.0 8081.0
5173.0 6605.0 8037.0
3643.0 4607.5 5572.0
3521.0 4253.0 4985.0
3521.0 4253.0 4985.0
2717.0 3851.0 4985.0
2717.0 3239.0 3761.0
2717.0 3239.0 3761.0
2109.0 2935.0 3761.0
1688.0 2724.5 3761.0
1688.0 2724.5 3761.0
1688.0 2724.5 3761.0
1688.0 2200.0 2712.0
1688.0 1991.0 2294.0
1688.0 1991.0 2294.0
1688.0 2287.0 2886.0
1688.0 2287.0 2886.0
1688.0 2287.0 2886.0
1688.0 2287.0 2886.0
1688.0 2287.0 2886.0
1688.0 2287.0 2886.0
1688.0 2287.0 2886.0
1688.0 2287.0 2886.0
1688.0 2287.0 2886.0
1688.0 1889.5 2091.0
1688.0 1744.5 1801.0
1688.0 1744.5 1801.0
1688.0 1744.5 1801.0
1688.0 1744.5 1801.0
1688.0 1744.5 1801.0
1688.0 1744.5 1801.0
1688.0 1744.5 1801.0
1688.0 1744.5 1801.0
1688.0 1744.5 1801.0
1688.0 1744.5 1801.0
1688.0 1744.5 1801.0
1688.0 1744.5 1801.0
1688.0 1744.5 1801.0
1688.0 1744.5 1801.0
1688.0 1744.5 1801.0
1688.0 1744.5 1801.0
1688.0 1744.5 1801.0
1688.0 1744.5 1801.0
1688.0 1744.5 1801.0
1688.0 1744.5 1801.0
1688.0 1744.5 1801.0
1688.0 1744.5 1801.0
1688.0 1744.5 1801.0
1688.0 1744.5 1801.0
1688.0 1744.5 1801.0
1688.0 1744.5 1801.0
1688.0 1744.5 1801.0
1688.0 1744.5 1801.0
1688.0 1744.5 1801.0
1688.0 1744.5 1801.0
1688.0 1744.5 1801.0
1688.0 1744.5 1801.0
1688.0 1744.5 1801.0
1688.0 1744.5 1801.0
1688.0 1744.5 1801.0
1688.0 1744.5 1801.0
1688.0 1744.5 1801.0
1688.0 1744.5 1801.0
1688.0 1744.5 1801.0
1688.0 1744.5 1801.0
1688.0 1744.5 1801.0
1688.0 1744.5 1801.0
1688.0 1744.5 1801.0
1688.0 1744.5 1801.0
1688.0 1744.5 1801.0
1688.0 1744.5 1801.0
1688.0 1744.5 1801.0
1688.0 1744.5 1801.0
1688.0 1744.5 1801.0
1688.0 1744.5 1801.0
1688.0 1744.5 1801.0
1688.0 1744.5 1801.0
1688.0 1744.5 1801.0
1688.0 1744.5 1801.0
1688.0 1744.5 1801.0
1688.0 1744.5 1801.0
1688.0 1744.5 1801.0
1688.0 1744.5 1801.0
1688.0 1744.5 1801.0
1688.0 1744.5 1801.0
1688.0 1744.5 1801.0
1688.0 1744.5 1801.0
1688.0 1744.5 1801.0
1688.0 1744.5 1801.0
1688.0 1744.5 1801.0
1688.0 1744.5 1801.0
1688.0 1744.5 1801.0
1688.0 1744.5 1801.0
1688.0 1744.5 1801.0
1688.0 1744.5 1801.0
1688.0 1744.5 1801.0
1688.0 1744.5 1801.0
1688.0 1744.5 1801.0
1688.0 1744.5 1801.0
1688.0 1744.5 1801.0
1688.0 1744.5 1801.0
1688.0 1744.5 1801.0
1688.0 1744.5 1801.0
1688.0 1744.5 1801.0
1688.0 1744.5 1801.0
1688.0 1744.5 1801.0
1688.0 1744.5 1801.0
1688.0 1744.5 1801.0
1688.0 1744.5 1801.0
1688.0 1744.5 1801.0
1688.0 1744.5 1801.0
1688.0 1744.5 1801.0
1284.0 1542.5 1801.0
1119.0 1460.0 1801.0
1119.0 1458.0 1797.0
1119.0 1458.0 1797.0
1119.0 1458.0 1797.0
1119.0 1458.0 1797.0
1119.0 1458.0 1797.0
1119.0 1458.0 1797.0
1119.0 1458.0 1797.0
1119.0 1458.0 1797.0
1119.0 1458.0 1797.0
1119.0 1458.0 1797.0
1119.0 1458.0 1797.0
1119.0 1458.0 1797.0
1119.0 1458.0 1797.0
1119.0 1458.0 1797.0
1119.0 1458.0 1797.0
1119.0 1458.0 1797.0
1119.0 1458.0 1797.0
1119.0 1458.0 1797.0
1119.0 1458.0 1797.0
1119.0 1458.0 1797.0
1119.0 1458.0 1797.0
1119.0 1458.0 1797.0
1119.0 1458.0 1797.0
1119.0 1458.0 1797.0
1119.0 1458.0 1797.0
1119.0 1458.0 1797.0
1119.0 1458.0 1797.0
1119.0 1458.0 1797.0
1119.0 1458.0 1797.0
1119.0 1458.0 1797.0
1119.0 1458.0 1797.0
1119.0 1458.0 1797.0
1119.0 1458.0 1797.0
1119.0 1458.0 1797.0
1119.0 1458.0 1797.0
1119.0 1458.0 1797.0
1119.0 1458.0 1797.0
1119.0 1458.0 1797.0
1119.0 1458.0 1797.0
1119.0 1458.0 1797.0
1119.0 1458.0 1797.0
1119.0 1458.0 1797.0
1119.0 1458.0 1797.0
1119.0 1458.0 1797.0
1119.0 1458.0 1797.0
1119.0 1458.0 1797.0
1119.0 1458.0 1797.0
1119.0 1458.0 1797.0
1119.0 1458.0 1797.0
1119.0 1458.0 1797.0
1119.0 1458.0 1797.0
1119.0 1458.0 1797.0
1119.0 1458.0 1797.0
1119.0 1458.0 1797.0
1119.0 1458.0 1797.0
1119.0 1458.0 1797.0
1119.0 1458.0 1797.0
1119.0 1458.0 1797.0
1119.0 1458.0 1797.0
1119.0 1458.0 1797.0
1119.0 1458.0 1797.0
1119.0 1458.0 1797.0
1119.0 1458.0 1797.0
1119.0 1458.0 1797.0
1119.0 1458.0 1797.0
1119.0 1458.0 1797.0
1119.0 1458.0 1797.0
1119.0 1458.0 1797.0
1119.0 1458.0 1797.0
1119.0 1458.0 1797.0
1119.0 1458.0 1797.0
1119.0 1458.0 1797.0
1119.0 1458.0 1797.0
1119.0 1458.0 1797.0
1119.0 1458.0 1797.0
1119.0 1458.0 1797.0
1119.0 1458.0 1797.0
1119.0 1458.0 1797.0
1119.0 1458.0 1797.0
1119.0 1458.0 1797.0
1119.0 1458.0 1797.0
1119.0 1458.0 1797.0
