10298.0 11742.5 13187.0
8756.0 9623.5 10491.0
9085.0 10728.5 12372.0
6679.0 7711.0 8743.0
6853.0 7322.5 7792.0
6177.0 6960.0 7743.0
4268.0 4884.5 5501.0
3557.0 4529.0 5501.0
2622.0 3519.5 4417.0
2517.0 3467.0 4417.0
2113.0 2498.5 2884.0
2113.0 2498.5 2884.0
2113.0 2331.0 2549.0
2113.0 2331.0 2549.0
2113.0 2331.0 2549.0
1944.0 2246.5 2549.0
1944.0 2246.5 2549.0
1944.0 2246.5 2549.0
1944.0 2246.5 2549.0
1944.0 2246.5 2549.0
1944.0 2246.5 2549.0
1944.0 2530.5 3117.0
1776.0 1860.0 1944.0
1776.0 1860.0 1944.0
1776.0 1860.0 1944.0
1776.0 1860.0 1944.0
1776.0 1860.0 1944.0
1776.0 1860.0 1944.0
1776.0 1860.0 1944.0
1776.0 1860.0 1944.0
1776.0 1860.0 1944.0
1776.0 1860.0 1944.0
1776.0 1860.0 1944.0
1776.0 1860.0 1944.0
1776.0 1860.0 1944.0
1776.0 1860.0 1944.0
1776.0 1860.0 1944.0
1776.0 1860.0 1944.0
1776.0 1860.0 1944.0
1776.0 1860.0 1944.0
1776.0 1860.0 1944.0
1776.0 1860.0 1944.0
1776.0 1860.0 1944.0
1776.0 1860.0 1944.0
1776.0 1860.0 1944.0
1776.0 1860.0 1944.0
1776.0 1860.0 1944.0
1776.0 1860.0 1944.0
1776.0 1860.0 1944.0
1776.0 1860.0 1944.0
1497.0 1636.5 1776.0
1497.0 1636.5 1776.0
1497.0 1636.5 1776.0
1497.0 1636.5 1776.0
1497.0 1636.5 1776.0
1497.0 1845.5 2194.0
1497.0 1845.5 2194.0
1497.0 1845.5 2194.0
1497.0 1845.5 2194.0
1497.0 1845.5 2194.0
1497.0 1845.5 2194.0
1497.0 1845.5 2194.0
1497.0 1845.5 2194.0
1497.0 1845.5 2194.0
1497.0 1845.5 2194.0
1497.0 1845.5 2194.0
1497.0 1845.5 2194.0
1497.0 1845.5 2194.0
1497.0 1845.5 2194.0
1497.0 1845.5 2194.0
1497.0 1845.5 2194.0
1497.0 1845.5 2194.0
1497.0 1845.5 2194.0
1422.0 1808.0 2194.0
1422.0 1808.0 2194.0
1422.0 1808.0 2194.0
1422.0 1808.0 2194.0
1422.0 1808.0 2194.0
1422.0 1808.0 2194.0
1422.0 1808.0 2194.0
1422.0 1808.0 2194.0
1422.0 1808.0 2194.0
1422.0 1808.0 2194.0
1422.0 1808.0 2194.0
1422.0 1808.0 2194.0
1422.0 1808.0 2194.0
1422.0 1808.0 2194.0
1422.0 1808.0 2194.0
1422.0 1808.0 2194.0
1422.0 1808.0 2194.0
1422.0 1808.0 2194.0
1422.0 1808.0 2194.0
1422.0 1808.0 2194.0
1422.0 1808.0 2194.0
1422.0 1808.0 2194.0
1762.0 1978.0 2194.0
1762.0 1978.0 2194.0
1762.0 1978.0 2194.0
1762.0 1978.0 2194.0
1762.0 1978.0 2194.0
1762.0 1978.0 2194.0
1762.0 1978.0 2194.0
1762.0 1978.0 2194.0
1762.0 1978.0 2194.0
1762.0 1978.0 2194.0
1762.0 1978.0 2194.0
1716.0 1739.0 1762.0
1716.0 1739.0 1762.0
1762.0 1818.0 1874.0
1653.0 1707.5 1762.0
1300.0 1531.0 1762.0
1300.0 1531.0 1762.0
1300.0 1531.0 1762.0
1300.0 1531.0 1762.0
1300.0 1531.0 1762.0
1300.0 1531.0 1762.0
1300.0 1531.0 1762.0
1300.0 1531.0 1762.0
1300.0 1531.0 1762.0
1300.0 1531.0 1762.0
1300.0 1531.0 1762.0
1300.0 1531.0 1762.0
1300.0 1531.0 1762.0
1300.0 1531.0 1762.0
1300.0 1531.0 1762.0
1300.0 1531.0 1762.0
1300.0 1531.0 1762.0
1300.0 1531.0 1762.0
1300.0 1531.0 1762.0
1300.0 1531.0 1762.0
1300.0 1531.0 1762.0
1300.0 1531.0 1762.0
1300.0 1531.0 1762.0
1300.0 1341.5 1383.0
1107.0 1203.5 1300.0
1107.0 1203.5 1300.0
1107.0 1203.5 1300.0
1107.0 1203.5 1300.0
1107.0 1203.5 1300.0
1107.0 1203.5 1300.0
1107.0 1203.5 1300.0
1107.0 1203.5 1300.0
1107.0 1203.5 1300.0
1107.0 1203.5 1300.0
1107.0 1203.5 1300.0
1107.0 1203.5 1300.0
1107.0 1203.5 1300.0
1107.0 1203.5 1300.0
1107.0 1203.5 1300.0
1107.0 1203.5 1300.0
1107.0 1203.5 1300.0
1107.0 1203.5 1300.0
1107.0 1203.5 1300.0
1107.0 1203.5 1300.0
1107.0 1203.5 1300.0
1107.0 1203.5 1300.0
1107.0 1203.5 1300.0
1107.0 1203.5 1300.0
1107.0 1203.5 1300.0
1107.0 1203.5 1300.0
1107.0 1203.5 1300.0
1107.0 1203.5 1300.0
1107.0 1203.5 1300.0
1107.0 1203.5 1300.0
1107.0 1203.5 1300.0
1107.0 1203.5 1300.0
1107.0 1203.5 1300.0
1107.0 1203.5 1300.0
1107.0 1203.5 1300.0
1107.0 1203.5 1300.0
1107.0 1203.5 1300.0
1107.0 1203.5 1300.0
1107.0 1203.5 1300.0
1107.0 1203.5 1300.0
1107.0 1203.5 1300.0
1107.0 1203.5 1300.0
1107.0 1203.5 1300.0
1107.0 1203.5 1300.0
1107.0 1203.5 1300.0
1107.0 1203.5 1300.0
1107.0 1203.5 1300.0
1107.0 1203.5 1300.0
1107.0 1203.5 1300.0
1107.0 1203.5 1300.0
1107.0 1203.5 1300.0
1107.0 1203.5 1300.0
1107.0 1203.5 1300.0
1107.0 1203.5 1300.0
1107.0 1203.5 1300.0
1107.0 1203.5 1300.0
1107.0 1203.5 1300.0
1107.0 1203.5 1300.0
1107.0 1203.5 1300.0
1107.0 1203.5 1300.0
1107.0 1203.5 1300.0
1107.0 1203.5 1300.0
1107.0 1203.5 1300.0
1107.0 1203.5 1300.0
1107.0 1203.5 1300.0
1107.0 1203.5 1300.0
