6861.0 9294.0 11727.0
6019.0 9103.5 12188.0
4454.0 6197.5 7941.0
3416.0 4574.5 5733.0
2803.0 4168.5 5534.0
3065.0 3804.5 4544.0
1933.0 2684.0 3435.0
1534.0 2198.5 2863.0
1534.0 2018.0 2502.0
1534.0 1908.5 2283.0
1226.0 1754.5 2283.0
1226.0 1467.5 1709.0
1226.0 1467.5 1709.0
1226.0 1467.5 1709.0
1226.0 1467.5 1709.0
1226.0 1467.5 1709.0
1226.0 1467.5 1709.0
1226.0 1467.5 1709.0
1226.0 1467.5 1709.0
1226.0 1467.5 1709.0
1226.0 1467.5 1709.0
1226.0 1467.5 1709.0
1226.0 1467.5 1709.0
1226.0 1467.5 1709.0
1226.0 1467.5 1709.0
1226.0 1467.5 1709.0
1226.0 1467.5 1709.0
1226.0 1467.5 1709.0
1226.0 1467.5 1709.0
1226.0 1467.5 1709.0
1226.0 1467.5 1709.0
1226.0 1467.5 1709.0
1226.0 1467.5 1709.0
1226.0 1467.5 1709.0
1226.0 1467.5 1709.0
1226.0 1467.5 1709.0
1226.0 1467.5 1709.0
1226.0 1307.5 1389.0
963.0 1094.5 1226.0
963.0 1094.5 1226.0
919.0 1072.5 1226.0
919.0 1072.5 1226.0
919.0 1072.5 1226.0
919.0 1072.5 1226.0
919.0 1072.5 1226.0
919.0 1072.5 1226.0
919.0 1072.5 1226.0
919.0 1072.5 1226.0
919.0 1072.5 1226.0
919.0 1072.5 1226.0
919.0 1072.5 1226.0
919.0 1072.5 1226.0
919.0 1072.5 1226.0
919.0 1072.5 1226.0
919.0 1072.5 1226.0
919.0 1072.5 1226.0
919.0 1072.5 1226.0
919.0 1072.5 1226.0
919.0 1072.5 1226.0
919.0 1072.5 1226.0
919.0 1072.5 1226.0
919.0 1072.5 1226.0
919.0 1072.5 1226.0
919.0 1072.5 1226.0
919.0 1072.5 1226.0
919.0 1072.5 1226.0
919.0 1072.5 1226.0
919.0 1072.5 1226.0
919.0 1072.5 1226.0
919.0 1072.5 1226.0
919.0 1072.5 1226.0
919.0 1072.5 1226.0
919.0 1072.5 1226.0
919.0 971.5 1024.0
919.0 971.5 1024.0
919.0 971.5 1024.0
919.0 971.5 1024.0
919.0 971.5 1024.0
919.0 971.5 1024.0
919.0 971.5 1024.0
919.0 971.5 1024.0
919.0 971.5 1024.0
919.0 971.5 1024.0
919.0 971.5 1024.0
919.0 971.5 1024.0
919.0 971.5 1024.0
919.0 971.5 1024.0
919.0 971.5 1024.0
919.0 971.5 1024.0
919.0 971.5 1024.0
919.0 971.5 1024.0
919.0 971.5 1024.0
919.0 971.5 1024.0
919.0 971.5 1024.0
919.0 971.5 1024.0
919.0 971.5 1024.0
919.0 971.5 1024.0
919.0 971.5 1024.0
919.0 971.5 1024.0
919.0 971.5 1024.0
919.0 971.5 1024.0
919.0 971.5 1024.0
919.0 971.5 1024.0
919.0 971.5 1024.0
919.0 971.5 1024.0
919.0 971.5 1024.0
919.0 971.5 1024.0
919.0 971.5 1024.0
919.0 971.5 1024.0
919.0 971.5 1024.0
919.0 971.5 1024.0
919.0 971.5 1024.0
919.0 971.5 1024.0
919.0 971.5 1024.0
919.0 971.5 1024.0
919.0 971.5 1024.0
919.0 971.5 1024.0
919.0 971.5 1024.0
919.0 971.5 1024.0
919.0 971.5 1024.0
919.0 971.5 1024.0
919.0 971.5 1024.0
919.0 921.5 924.0
919.0 922.0 925.0
776.0 847.5 919.0
776.0 847.5 919.0
776.0 847.5 919.0
776.0 847.5 919.0
776.0 847.5 919.0
776.0 847.5 919.0
776.0 847.5 919.0
776.0 847.5 919.0
776.0 847.5 919.0
776.0 847.5 919.0
776.0 847.5 919.0
776.0 847.5 919.0
776.0 847.5 919.0
776.0 847.5 919.0
776.0 847.5 919.0
776.0 847.5 919.0
776.0 847.5 919.0
776.0 847.5 919.0
776.0 847.5 919.0
776.0 847.5 919.0
776.0 847.5 919.0
776.0 847.5 919.0
776.0 847.5 919.0
776.0 847.5 919.0
776.0 847.5 919.0
776.0 847.5 919.0
776.0 847.5 919.0
776.0 847.5 919.0
776.0 847.5 919.0
776.0 847.5 919.0
776.0 847.5 919.0
776.0 847.5 919.0
776.0 847.5 919.0
776.0 847.5 919.0
776.0 847.5 919.0
776.0 847.5 919.0
776.0 847.5 919.0
776.0 847.5 919.0
776.0 847.5 919.0
776.0 847.5 919.0
776.0 847.5 919.0
776.0 847.5 919.0
776.0 847.5 919.0
776.0 847.5 919.0
776.0 847.5 919.0
776.0 847.5 919.0
776.0 847.5 919.0
776.0 847.5 919.0
776.0 847.5 919.0
776.0 847.5 919.0
776.0 847.5 919.0
776.0 847.5 919.0
776.0 847.5 919.0
776.0 847.5 919.0
776.0 847.5 919.0
776.0 847.5 919.0
776.0 847.5 919.0
776.0 847.5 919.0
776.0 847.5 919.0
776.0 847.5 919.0
776.0 847.5 919.0
776.0 847.5 919.0
776.0 847.5 919.0
776.0 847.5 919.0
776.0 847.5 919.0
776.0 847.5 919.0
776.0 847.5 919.0
776.0 847.5 919.0
776.0 847.5 919.0
776.0 847.5 919.0
776.0 847.5 919.0
776.0 847.5 919.0
776.0 847.5 919.0
776.0 847.5 919.0
776.0 847.5 919.0
776.0 847.5 919.0
