12385.0 14436.0 16487.0
10644.0 12179.0 13714.0
9234.0 10549.0 11864.0
8255.0 8407.0 8559.0
7528.0 7683.0 7838.0
5689.0 5710.0 5731.0
3580.0 3890.5 4201.0
2876.0 3344.5 3813.0
2519.0 3166.0 3813.0
2933.0 3373.0 3813.0
2156.0 2689.0 3222.0
1986.0 2184.0 2382.0
1469.0 1925.5 2382.0
1469.0 1473.0 1477.0
1477.0 1670.0 1863.0
1265.0 1371.0 1477.0
1265.0 1371.0 1477.0
1220.0 1348.5 1477.0
1220.0 1550.5 1881.0
1220.0 1550.5 1881.0
1005.0 1112.5 1220.0
1005.0 1112.5 1220.0
1005.0 1112.5 1220.0
1005.0 1112.5 1220.0
1005.0 1112.5 1220.0
1005.0 1112.5 1220.0
1005.0 1112.5 1220.0
1005.0 1112.5 1220.0
1005.0 1112.5 1220.0
1005.0 1112.5 1220.0
1005.0 1112.5 1220.0
1005.0 1112.5 1220.0
1005.0 1112.5 1220.0
1005.0 1112.5 1220.0
1005.0 1112.5 1220.0
1005.0 1112.5 1220.0
1005.0 1112.5 1220.0
1005.0 1112.5 1220.0
1005.0 1112.5 1220.0
1005.0 1112.5 1220.0
1005.0 1112.5 1220.0
1005.0 1112.5 1220.0
1005.0 1112.5 1220.0
1005.0 1112.5 1220.0
1005.0 1112.5 1220.0
1005.0 1112.5 1220.0
1005.0 1112.5 1220.0
1005.0 1112.5 1220.0
1005.0 1112.5 1220.0
1005.0 1112.5 1220.0
1005.0 1112.5 1220.0
1005.0 1112.5 1220.0
1005.0 1112.5 1220.0
1005.0 1112.5 1220.0
1005.0 1112.5 1220.0
1005.0 1112.5 1220.0
1005.0 1112.5 1220.0
1005.0 1112.5 1220.0
1005.0 1112.5 1220.0
1005.0 1112.5 1220.0
1005.0 1112.5 1220.0
1005.0 1112.5 1220.0
1005.0 1112.5 1220.0
1005.0 1112.5 1220.0
1005.0 1112.5 1220.0
1005.0 1112.5 1220.0
1005.0 1112.5 1220.0
1005.0 1112.5 1220.0
1005.0 1112.5 1220.0
1005.0 1112.5 1220.0
1005.0 1112.5 1220.0
1005.0 1112.5 1220.0
1005.0 1112.5 1220.0
1005.0 1112.5 1220.0
1005.0 1112.5 1220.0
1005.0 1112.5 1220.0
1005.0 1112.5 1220.0
1005.0 1112.5 1220.0
1005.0 1112.5 1220.0
1005.0 1112.5 1220.0
1005.0 1112.5 1220.0
1005.0 1112.5 1220.0
1005.0 1112.5 1220.0
1005.0 1112.5 1220.0
1005.0 1112.5 1220.0
1005.0 1112.5 1220.0
1005.0 1112.5 1220.0
1005.0 1112.5 1220.0
1005.0 1112.5 1220.0
1005.0 1112.5 1220.0
1005.0 1112.5 1220.0
1005.0 1112.5 1220.0
1005.0 1112.5 1220.0
1005.0 1112.5 1220.0
1005.0 1112.5 1220.0
1005.0 1112.5 1220.0
1005.0 1112.5 1220.0
1005.0 1112.5 1220.0
1005.0 1112.5 1220.0
1005.0 1112.5 1220.0
1005.0 1112.5 1220.0
1005.0 1112.5 1220.0
1005.0 1112.5 1220.0
1005.0 1112.5 1220.0
1005.0 1112.5 1220.0
1005.0 1112.5 1220.0
1005.0 1112.5 1220.0
1005.0 1112.5 1220.0
1005.0 1112.5 1220.0
1005.0 1112.5 1220.0
1005.0 1112.5 1220.0
1005.0 1112.5 1220.0
1005.0 1112.5 1220.0
1005.0 1112.5 1220.0
1005.0 1112.5 1220.0
1005.0 1112.5 1220.0
1005.0 1112.5 1220.0
1005.0 1112.5 1220.0
1005.0 1112.5 1220.0
1005.0 1112.5 1220.0
1005.0 1112.5 1220.0
1005.0 1112.5 1220.0
1005.0 1112.5 1220.0
1005.0 1112.5 1220.0
1005.0 1112.5 1220.0
1005.0 1112.5 1220.0
1005.0 1112.5 1220.0
1005.0 1112.5 1220.0
1005.0 1112.5 1220.0
1005.0 1112.5 1220.0
1005.0 1112.5 1220.0
1005.0 1112.5 1220.0
1005.0 1112.5 1220.0
1005.0 1112.5 1220.0
1005.0 1112.5 1220.0
1005.0 1112.5 1220.0
1005.0 1112.5 1220.0
1005.0 1112.5 1220.0
1005.0 1112.5 1220.0
1005.0 1112.5 1220.0
1005.0 1112.5 1220.0
1005.0 1112.5 1220.0
1005.0 1112.5 1220.0
1005.0 1112.5 1220.0
1005.0 1112.5 1220.0
1005.0 1112.5 1220.0
1005.0 1112.5 1220.0
1005.0 1112.5 1220.0
1005.0 1112.5 1220.0
1005.0 1112.5 1220.0
1005.0 1112.5 1220.0
1005.0 1112.5 1220.0
1005.0 1112.5 1220.0
1005.0 1112.5 1220.0
1005.0 1112.5 1220.0
1005.0 1112.5 1220.0
1005.0 1112.5 1220.0
1005.0 1112.5 1220.0
1005.0 1112.5 1220.0
1005.0 1112.5 1220.0
1005.0 1112.5 1220.0
1005.0 1112.5 1220.0
1005.0 1112.5 1220.0
1005.0 1112.5 1220.0
1005.0 1112.5 1220.0
1005.0 1112.5 1220.0
1005.0 1112.5 1220.0
1005.0 1112.5 1220.0
1005.0 1112.5 1220.0
1005.0 1112.5 1220.0
1005.0 1112.5 1220.0
1005.0 1112.5 1220.0
1005.0 1112.5 1220.0
1005.0 1112.5 1220.0
1005.0 1112.5 1220.0
1005.0 1112.5 1220.0
1005.0 1112.5 1220.0
1005.0 1112.5 1220.0
1005.0 1112.5 1220.0
1005.0 1112.5 1220.0
1005.0 1112.5 1220.0
1005.0 1112.5 1220.0
1005.0 1112.5 1220.0
1005.0 1112.5 1220.0
1005.0 1112.5 1220.0
1005.0 1112.5 1220.0
1005.0 1112.5 1220.0
1005.0 1112.5 1220.0
1005.0 1112.5 1220.0
1005.0 1112.5 1220.0
1005.0 1112.5 1220.0
1005.0 1112.5 1220.0
1005.0 1112.5 1220.0
1005.0 1112.5 1220.0
1005.0 1112.5 1220.0
1005.0 1112.5 1220.0
1005.0 1112.5 1220.0
1005.0 1112.5 1220.0
1005.0 1112.5 1220.0
1005.0 1112.5 1220.0
