14637.0 16190.5 17744.0
12841.0 13248.5 13656.0
12177.0 12419.0 12661.0
7621.0 8593.5 9566.0
6643.0 6993.5 7344.0
6481.0 6562.0 6643.0
4325.0 5605.5 6886.0
4325.0 5134.5 5944.0
3726.0 4316.0 4906.0
3849.0 4224.5 4600.0
2921.0 3756.0 4591.0
2994.0 3255.5 3517.0
2994.0 3323.0 3652.0
2994.0 3041.5 3089.0
2211.0 2602.5 2994.0
2211.0 2602.5 2994.0
2211.0 2602.5 2994.0
2211.0 2602.5 2994.0
2211.0 2602.5 2994.0
2211.0 2453.5 2696.0
2036.0 2123.5 2211.0
2036.0 2123.5 2211.0
2036.0 2123.5 2211.0
2036.0 2123.5 2211.0
2036.0 2123.5 2211.0
2036.0 2123.5 2211.0
2036.0 2123.5 2211.0
2036.0 2123.5 2211.0
2036.0 2123.5 2211.0
2036.0 2123.5 2211.0
2036.0 2123.5 2211.0
2036.0 2123.5 2211.0
2036.0 2123.5 2211.0
2036.0 2091.0 2146.0
2036.0 2091.0 2146.0
2036.0 2091.0 2146.0
2036.0 2091.0 2146.0
2036.0 2091.0 2146.0
2036.0 2091.0 2146.0
2036.0 2091.0 2146.0
2036.0 2091.0 2146.0
2036.0 2091.0 2146.0
2036.0 2091.0 2146.0
2036.0 2091.0 2146.0
2036.0 2091.0 2146.0
2036.0 2091.0 2146.0
2036.0 2091.0 2146.0
2036.0 2091.0 2146.0
2036.0 2091.0 2146.0
2036.0 2091.0 2146.0
1682.0 1914.0 2146.0
1566.0 1856.0 2146.0
1566.0 1856.0 2146.0
1566.0 1856.0 2146.0
1566.0 1856.0 2146.0
1566.0 1856.0 2146.0
1566.0 1856.0 2146.0
1566.0 1856.0 2146.0
1566.0 1856.0 2146.0
1566.0 1856.0 2146.0
1566.0 1856.0 2146.0
1566.0 1856.0 2146.0
1566.0 1856.0 2146.0
1566.0 1856.0 2146.0
1566.0 1856.0 2146.0
1566.0 1856.0 2146.0
1566.0 1856.0 2146.0
1566.0 1856.0 2146.0
1566.0 1856.0 2146.0
1566.0 1856.0 2146.0
1566.0 1856.0 2146.0
1566.0 1856.0 2146.0
1566.0 1856.0 2146.0
1566.0 1856.0 2146.0
1566.0 1856.0 2146.0
1566.0 1856.0 2146.0
1566.0 1856.0 2146.0
1566.0 1856.0 2146.0
1566.0 1856.0 2146.0
1566.0 1856.0 2146.0
1566.0 1856.0 2146.0
1566.0 1856.0 2146.0
1566.0 1856.0 2146.0
1566.0 1856.0 2146.0
1566.0 1856.0 2146.0
1566.0 1856.0 2146.0
1566.0 1856.0 2146.0
1566.0 1856.0 2146.0
1566.0 1856.0 2146.0
1566.0 1856.0 2146.0
1566.0 1856.0 2146.0
1566.0 1856.0 2146.0
1566.0 1856.0 2146.0
1566.0 1856.0 2146.0
1566.0 1856.0 2146.0
1566.0 1856.0 2146.0
1566.0 1856.0 2146.0
1566.0 1856.0 2146.0
1566.0 1856.0 2146.0
1566.0 1856.0 2146.0
1566.0 1856.0 2146.0
1566.0 1856.0 2146.0
1566.0 1856.0 2146.0
1566.0 1856.0 2146.0
1566.0 1856.0 2146.0
1566.0 1856.0 2146.0
1566.0 1856.0 2146.0
1566.0 1856.0 2146.0
1566.0 1856.0 2146.0
1566.0 1856.0 2146.0
1566.0 1856.0 2146.0
1566.0 1856.0 2146.0
1566.0 1856.0 2146.0
1566.0 1856.0 2146.0
1566.0 1856.0 2146.0
1566.0 1856.0 2146.0
1566.0 1821.5 2077.0
1178.0 1372.0 1566.0
1178.0 1372.0 1566.0
1178.0 1372.0 1566.0
1178.0 1372.0 1566.0
1178.0 1372.0 1566.0
1178.0 1372.0 1566.0
1178.0 1372.0 1566.0
1178.0 1372.0 1566.0
1178.0 1372.0 1566.0
1178.0 1372.0 1566.0
1178.0 1372.0 1566.0
1178.0 1372.0 1566.0
1178.0 1372.0 1566.0
1178.0 1372.0 1566.0
1178.0 1372.0 1566.0
1178.0 1372.0 1566.0
1178.0 1372.0 1566.0
1178.0 1372.0 1566.0
1178.0 1372.0 1566.0
1178.0 1372.0 1566.0
1178.0 1372.0 1566.0
1178.0 1372.0 1566.0
1178.0 1372.0 1566.0
1178.0 1372.0 1566.0
1178.0 1372.0 1566.0
1178.0 1372.0 1566.0
1178.0 1372.0 1566.0
1178.0 1372.0 1566.0
1178.0 1372.0 1566.0
1178.0 1372.0 1566.0
1178.0 1372.0 1566.0
1178.0 1372.0 1566.0
1178.0 1372.0 1566.0
1178.0 1372.0 1566.0
1178.0 1372.0 1566.0
1178.0 1372.0 1566.0
1178.0 1372.0 1566.0
1178.0 1372.0 1566.0
1178.0 1372.0 1566.0
1178.0 1372.0 1566.0
1178.0 1372.0 1566.0
1178.0 1372.0 1566.0
1178.0 1372.0 1566.0
1178.0 1372.0 1566.0
1178.0 1372.0 1566.0
1178.0 1372.0 1566.0
1178.0 1372.0 1566.0
1178.0 1372.0 1566.0
1178.0 1372.0 1566.0
1178.0 1372.0 1566.0
1178.0 1372.0 1566.0
1178.0 1372.0 1566.0
1178.0 1372.0 1566.0
1178.0 1372.0 1566.0
1178.0 1372.0 1566.0
1178.0 1372.0 1566.0
1178.0 1372.0 1566.0
1178.0 1372.0 1566.0
1178.0 1372.0 1566.0
1178.0 1372.0 1566.0
1178.0 1372.0 1566.0
1178.0 1372.0 1566.0
1178.0 1372.0 1566.0
1178.0 1372.0 1566.0
1178.0 1372.0 1566.0
1178.0 1372.0 1566.0
1178.0 1372.0 1566.0
1178.0 1372.0 1566.0
1178.0 1372.0 1566.0
1178.0 1372.0 1566.0
1178.0 1372.0 1566.0
1178.0 1372.0 1566.0
1178.0 1372.0 1566.0
1178.0 1372.0 1566.0
1178.0 1372.0 1566.0
1178.0 1372.0 1566.0
1178.0 1372.0 1566.0
1178.0 1372.0 1566.0
1178.0 1372.0 1566.0
1178.0 1372.0 1566.0
1178.0 1372.0 1566.0
1178.0 1372.0 1566.0
1178.0 1372.0 1566.0
