11384.0 11537.5 11691.0
8265.0 9995.5 11726.0
6846.0 7690.5 8535.0
4633.0 5685.0 6737.0
4727.0 4828.5 4930.0
2633.0 2724.0 2815.0
2633.0 2689.5 2746.0
2168.0 2360.0 2552.0
1639.0 2095.5 2552.0
1816.0 1862.5 1909.0
1565.0 1690.5 1816.0
1565.0 1713.5 1862.0
1565.0 1713.5 1862.0
1429.0 1497.0 1565.0
1565.0 1598.0 1631.0
1565.0 1598.0 1631.0
1565.0 1598.0 1631.0
1565.0 1598.0 1631.0
1149.0 1357.0 1565.0
1149.0 1357.0 1565.0
1149.0 1357.0 1565.0
1149.0 1357.0 1565.0
1149.0 1357.0 1565.0
1149.0 1357.0 1565.0
1149.0 1357.0 1565.0
1149.0 1357.0 1565.0
1149.0 1357.0 1565.0
1149.0 1357.0 1565.0
1149.0 1357.0 1565.0
1149.0 1357.0 1565.0
1149.0 1357.0 1565.0
1149.0 1357.0 1565.0
1149.0 1357.0 1565.0
1149.0 1357.0 1565.0
1149.0 1279.5 1410.0
1149.0 1279.5 1410.0
1066.0 1107.5 1149.0
1066.0 1107.5 1149.0
1066.0 1107.5 1149.0
1066.0 1107.5 1149.0
1066.0 1107.5 1149.0
1066.0 1107.5 1149.0
1066.0 1107.5 1149.0
1066.0 1107.5 1149.0
1066.0 1107.5 1149.0
1066.0 1107.5 1149.0
1066.0 1107.5 1149.0
1066.0 1107.5 1149.0
1066.0 1107.5 1149.0
1066.0 1107.5 1149.0
1066.0 1107.5 1149.0
1066.0 1107.5 1149.0
1066.0 1107.5 1149.0
1066.0 1107.5 1149.0
1066.0 1107.5 1149.0
1066.0 1107.5 1149.0
1066.0 1107.5 1149.0
1066.0 1107.5 1149.0
1066.0 1107.5 1149.0
1066.0 1107.5 1149.0
1066.0 1107.5 1149.0
1066.0 1107.5 1149.0
1066.0 1107.5 1149.0
1066.0 1107.5 1149.0
1066.0 1107.5 1149.0
1066.0 1107.5 1149.0
1066.0 1107.5 1149.0
1066.0 1107.5 1149.0
1066.0 1107.5 1149.0
1066.0 1107.5 1149.0
1066.0 1107.5 1149.0
1066.0 1107.5 1149.0
1066.0 1107.5 1149.0
1066.0 1107.5 1149.0
1066.0 1107.5 1149.0
1066.0 1107.5 1149.0
1066.0 1107.5 1149.0
1066.0 1107.5 1149.0
1066.0 1107.5 1149.0
1066.0 1107.5 1149.0
1066.0 1107.5 1149.0
1066.0 1107.5 1149.0
1066.0 1107.5 1149.0
1066.0 1107.5 1149.0
1066.0 1107.5 1149.0
1066.0 1107.5 1149.0
1066.0 1107.5 1149.0
1066.0 1107.5 1149.0
1066.0 1107.5 1149.0
1066.0 1107.5 1149.0
1066.0 1107.5 1149.0
1066.0 1107.5 1149.0
1066.0 1107.5 1149.0
1066.0 1107.5 1149.0
1066.0 1107.5 1149.0
1066.0 1107.5 1149.0
1066.0 1107.5 1149.0
1066.0 1107.5 1149.0
1066.0 1107.5 1149.0
1066.0 1107.5 1149.0
1066.0 1107.5 1149.0
1066.0 1107.5 1149.0
1066.0 1107.5 1149.0
1066.0 1107.5 1149.0
1066.0 1107.5 1149.0
1066.0 1107.5 1149.0
1027.0 1088.0 1149.0
894.0 1021.5 1149.0
864.0 1006.5 1149.0
846.0 997.5 1149.0
846.0 997.5 1149.0
816.0 982.5 1149.0
816.0 982.5 1149.0
816.0 982.5 1149.0
816.0 982.5 1149.0
816.0 982.5 1149.0
816.0 982.5 1149.0
816.0 982.5 1149.0
816.0 982.5 1149.0
816.0 982.5 1149.0
816.0 982.5 1149.0
816.0 982.5 1149.0
816.0 982.5 1149.0
816.0 982.5 1149.0
816.0 982.5 1149.0
816.0 982.5 1149.0
816.0 982.5 1149.0
816.0 982.5 1149.0
816.0 982.5 1149.0
816.0 982.5 1149.0
816.0 982.5 1149.0
816.0 982.5 1149.0
816.0 982.5 1149.0
816.0 982.5 1149.0
816.0 982.5 1149.0
816.0 982.5 1149.0
816.0 982.5 1149.0
816.0 982.5 1149.0
816.0 982.5 1149.0
816.0 982.5 1149.0
816.0 982.5 1149.0
816.0 982.5 1149.0
816.0 982.5 1149.0
816.0 982.5 1149.0
816.0 982.5 1149.0
816.0 982.5 1149.0
816.0 982.5 1149.0
816.0 982.5 1149.0
816.0 982.5 1149.0
816.0 982.5 1149.0
816.0 982.5 1149.0
816.0 982.5 1149.0
816.0 982.5 1149.0
816.0 982.5 1149.0
816.0 982.5 1149.0
816.0 982.5 1149.0
816.0 982.5 1149.0
816.0 982.5 1149.0
816.0 982.5 1149.0
816.0 982.5 1149.0
816.0 982.5 1149.0
816.0 982.5 1149.0
816.0 982.5 1149.0
816.0 982.5 1149.0
816.0 982.5 1149.0
816.0 982.5 1149.0
816.0 982.5 1149.0
816.0 982.5 1149.0
816.0 982.5 1149.0
816.0 982.5 1149.0
816.0 982.5 1149.0
816.0 982.5 1149.0
816.0 982.5 1149.0
816.0 982.5 1149.0
816.0 982.5 1149.0
816.0 982.5 1149.0
816.0 982.5 1149.0
816.0 982.5 1149.0
816.0 982.5 1149.0
816.0 982.5 1149.0
816.0 982.5 1149.0
816.0 982.5 1149.0
816.0 982.5 1149.0
816.0 982.5 1149.0
816.0 982.5 1149.0
816.0 982.5 1149.0
816.0 982.5 1149.0
816.0 982.5 1149.0
816.0 982.5 1149.0
816.0 982.5 1149.0
816.0 982.5 1149.0
816.0 982.5 1149.0
816.0 982.5 1149.0
816.0 982.5 1149.0
816.0 982.5 1149.0
816.0 982.5 1149.0
816.0 982.5 1149.0
816.0 982.5 1149.0
816.0 982.5 1149.0
816.0 982.5 1149.0
