11125.0 12069.0 13013.0
8717.0 10848.5 12980.0
7877.0 8378.0 8879.0
5792.0 6630.0 7468.0
4285.0 6021.5 7758.0
4779.0 6272.5 7766.0
3648.0 4343.0 5038.0
3195.0 4138.0 5081.0
1359.0 2659.5 3960.0
1359.0 2396.0 3433.0
1359.0 1470.0 1581.0
1359.0 1470.0 1581.0
1359.0 1470.0 1581.0
1359.0 1470.0 1581.0
1359.0 1470.0 1581.0
1359.0 1470.0 1581.0
1359.0 1470.0 1581.0
1359.0 1470.0 1581.0
1359.0 1470.0 1581.0
1359.0 1470.0 1581.0
1359.0 1470.0 1581.0
1359.0 1470.0 1581.0
1359.0 1470.0 1581.0
1359.0 1470.0 1581.0
1359.0 1470.0 1581.0
1581.0 1581.5 1582.0
1487.0 1534.0 1581.0
1487.0 1534.0 1581.0
1142.0 1361.5 1581.0
1142.0 1361.5 1581.0
1142.0 1361.5 1581.0
1142.0 1361.5 1581.0
1142.0 1361.5 1581.0
1142.0 1361.5 1581.0
1142.0 1361.5 1581.0
1142.0 1361.5 1581.0
1142.0 1361.5 1581.0
1142.0 1361.5 1581.0
1142.0 1361.5 1581.0
1142.0 1361.5 1581.0
1142.0 1361.5 1581.0
1142.0 1361.5 1581.0
1142.0 1427.5 1713.0
1142.0 1427.5 1713.0
1142.0 1314.0 1486.0
1142.0 1314.0 1486.0
1142.0 1314.0 1486.0
1142.0 1314.0 1486.0
1142.0 1314.0 1486.0
1142.0 1314.0 1486.0
1142.0 1314.0 1486.0
1142.0 1314.0 1486.0
1142.0 1314.0 1486.0
1142.0 1314.0 1486.0
1142.0 1314.0 1486.0
1142.0 1314.0 1486.0
1142.0 1314.0 1486.0
1142.0 1314.0 1486.0
1142.0 1314.0 1486.0
1142.0 1314.0 1486.0
1142.0 1314.0 1486.0
1142.0 1314.0 1486.0
1142.0 1314.0 1486.0
1142.0 1314.0 1486.0
1142.0 1314.0 1486.0
1142.0 1314.0 1486.0
1142.0 1314.0 1486.0
1142.0 1314.0 1486.0
1142.0 1314.0 1486.0
1142.0 1314.0 1486.0
1142.0 1314.0 1486.0
1142.0 1314.0 1486.0
1142.0 1314.0 1486.0
1142.0 1314.0 1486.0
1142.0 1314.0 1486.0
1142.0 1314.0 1486.0
1142.0 1314.0 1486.0
1142.0 1314.0 1486.0
1142.0 1314.0 1486.0
1142.0 1314.0 1486.0
1142.0 1314.0 1486.0
1142.0 1270.0 1398.0
1142.0 1270.0 1398.0
1142.0 1218.5 1295.0
1142.0 1218.5 1295.0
1142.0 1218.5 1295.0
1142.0 1218.5 1295.0
1142.0 1218.5 1295.0
1142.0 1218.5 1295.0
1142.0 1218.5 1295.0
1142.0 1218.5 1295.0
1142.0 1218.5 1295.0
1142.0 1218.5 1295.0
1142.0 1218.5 1295.0
1142.0 1218.5 1295.0
1142.0 1218.5 1295.0
1142.0 1218.5 1295.0
1142.0 1218.5 1295.0
1142.0 1218.5 1295.0
1142.0 1218.5 1295.0
1142.0 1218.5 1295.0
1142.0 1218.5 1295.0
1142.0 1218.5 1295.0
1142.0 1218.5 1295.0
1142.0 1218.5 1295.0
1142.0 1218.5 1295.0
1142.0 1218.5 1295.0
1142.0 1218.5 1295.0
1142.0 1218.5 1295.0
1142.0 1218.5 1295.0
1142.0 1218.5 1295.0
1142.0 1218.5 1295.0
1142.0 1218.5 1295.0
1142.0 1218.5 1295.0
1142.0 1218.5 1295.0
1142.0 1218.5 1295.0
1142.0 1218.5 1295.0
1142.0 1218.5 1295.0
1142.0 1218.5 1295.0
1142.0 1218.5 1295.0
1142.0 1218.5 1295.0
1142.0 1218.5 1295.0
1142.0 1218.5 1295.0
1142.0 1218.5 1295.0
1142.0 1218.5 1295.0
1142.0 1218.5 1295.0
1142.0 1218.5 1295.0
1142.0 1218.5 1295.0
1142.0 1218.5 1295.0
1142.0 1218.5 1295.0
1142.0 1218.5 1295.0
1142.0 1218.5 1295.0
1142.0 1218.5 1295.0
1142.0 1218.5 1295.0
1142.0 1218.5 1295.0
1142.0 1218.5 1295.0
1142.0 1218.5 1295.0
1142.0 1218.5 1295.0
1142.0 1218.5 1295.0
1142.0 1218.5 1295.0
1142.0 1218.5 1295.0
1142.0 1218.5 1295.0
1142.0 1218.5 1295.0
1142.0 1218.5 1295.0
1142.0 1218.5 1295.0
1142.0 1218.5 1295.0
1142.0 1218.5 1295.0
1142.0 1218.5 1295.0
1142.0 1218.5 1295.0
1142.0 1218.5 1295.0
1142.0 1218.5 1295.0
1142.0 1218.5 1295.0
1142.0 1218.5 1295.0
1142.0 1218.5 1295.0
1142.0 1218.5 1295.0
1142.0 1218.5 1295.0
1142.0 1218.5 1295.0
1142.0 1218.5 1295.0
1142.0 1218.5 1295.0
1142.0 1218.5 1295.0
1142.0 1218.5 1295.0
1142.0 1218.5 1295.0
1142.0 1218.5 1295.0
1142.0 1218.5 1295.0
1142.0 1218.5 1295.0
1142.0 1218.5 1295.0
1142.0 1218.5 1295.0
1142.0 1218.5 1295.0
1142.0 1218.5 1295.0
1142.0 1218.5 1295.0
1142.0 1218.5 1295.0
1142.0 1218.5 1295.0
1142.0 1218.5 1295.0
1142.0 1218.5 1295.0
1142.0 1218.5 1295.0
1142.0 1218.5 1295.0
1142.0 1218.5 1295.0
1142.0 1218.5 1295.0
1142.0 1218.5 1295.0
1142.0 1218.5 1295.0
1142.0 1218.5 1295.0
1142.0 1218.5 1295.0
1142.0 1218.5 1295.0
1142.0 1218.5 1295.0
1142.0 1218.5 1295.0
1142.0 1218.5 1295.0
1142.0 1218.5 1295.0
1142.0 1218.5 1295.0
1142.0 1218.5 1295.0
1142.0 1218.5 1295.0
1142.0 1218.5 1295.0
1142.0 1218.5 1295.0
1142.0 1218.5 1295.0
1142.0 1218.5 1295.0
1142.0 1218.5 1295.0
1142.0 1218.5 1295.0
1142.0 1218.5 1295.0
1142.0 1218.5 1295.0
1142.0 1218.5 1295.0
1142.0 1218.5 1295.0
