13953.0 13975.5 13998.0
11091.0 11321.0 11551.0
9541.0 11023.5 12506.0
7511.0 8420.5 9330.0
6108.0 6393.5 6679.0
5860.0 6633.5 7407.0
4577.0 4668.0 4759.0
3956.0 4266.5 4577.0
3599.0 3777.5 3956.0
2989.0 3289.5 3590.0
2578.0 2844.5 3111.0
2423.0 2466.0 2509.0
2423.0 2466.0 2509.0
2509.0 2564.5 2620.0
1981.0 2245.0 2509.0
1981.0 2245.0 2509.0
1981.0 2245.0 2509.0
1981.0 2245.0 2509.0
1981.0 2245.0 2509.0
1981.0 2245.0 2509.0
1981.0 2245.0 2509.0
1981.0 2245.0 2509.0
1981.0 2245.0 2509.0
1981.0 2245.0 2509.0
1981.0 2245.0 2509.0
1981.0 2245.0 2509.0
1981.0 2245.0 2509.0
1981.0 2245.0 2509.0
1981.0 2245.0 2509.0
2509.0 2584.0 2659.0
2509.0 2584.0 2659.0
2509.0 2584.0 2659.0
2509.0 2584.0 2659.0
2509.0 2584.0 2659.0
2509.0 2584.0 2659.0
2509.0 2584.0 2659.0
2509.0 2584.0 2659.0
2509.0 2584.0 2659.0
2509.0 2584.0 2659.0
2509.0 2584.0 2659.0
2509.0 2584.0 2659.0
2509.0 2584.0 2659.0
2509.0 2584.0 2659.0
2509.0 2584.0 2659.0
2509.0 2584.0 2659.0
2509.0 2584.0 2659.0
2509.0 2584.0 2659.0
2509.0 2584.0 2659.0
2509.0 2584.0 2659.0
2509.0 2584.0 2659.0
2509.0 2584.0 2659.0
2509.0 2584.0 2659.0
2509.0 2584.0 2659.0
2509.0 2584.0 2659.0
1872.0 2190.5 2509.0
1329.0 1919.0 2509.0
1329.0 1919.0 2509.0
1554.0 2031.5 2509.0
1554.0 2031.5 2509.0
1554.0 2031.5 2509.0
1554.0 2031.5 2509.0
1554.0 2031.5 2509.0
1554.0 2031.5 2509.0
1554.0 2031.5 2509.0
1554.0 2031.5 2509.0
1554.0 2031.5 2509.0
1554.0 2031.5 2509.0
1554.0 2031.5 2509.0
1554.0 2031.5 2509.0
1554.0 2031.5 2509.0
1554.0 2031.5 2509.0
1554.0 1760.0 1966.0
1554.0 1760.0 1966.0
1554.0 1760.0 1966.0
1554.0 1760.0 1966.0
1554.0 1760.0 1966.0
1554.0 1760.0 1966.0
1554.0 1760.0 1966.0
1554.0 1760.0 1966.0
1554.0 1760.0 1966.0
1554.0 1760.0 1966.0
1554.0 1760.0 1966.0
1554.0 1760.0 1966.0
1554.0 1760.0 1966.0
1554.0 1760.0 1966.0
1554.0 1760.0 1966.0
1554.0 1760.0 1966.0
1554.0 1760.0 1966.0
1554.0 1760.0 1966.0
1554.0 1760.0 1966.0
1554.0 1760.0 1966.0
1554.0 1760.0 1966.0
1554.0 1760.0 1966.0
1554.0 1760.0 1966.0
1554.0 1760.0 1966.0
1554.0 1760.0 1966.0
1554.0 1760.0 1966.0
1554.0 1760.0 1966.0
1554.0 1760.0 1966.0
1554.0 1760.0 1966.0
1554.0 1760.0 1966.0
1554.0 1760.0 1966.0
1554.0 1760.0 1966.0
1554.0 1760.0 1966.0
1554.0 1760.0 1966.0
1554.0 1760.0 1966.0
1554.0 1760.0 1966.0
1554.0 1760.0 1966.0
1554.0 1760.0 1966.0
1554.0 1760.0 1966.0
1554.0 1760.0 1966.0
1554.0 1760.0 1966.0
1554.0 1760.0 1966.0
1554.0 1760.0 1966.0
1554.0 1760.0 1966.0
1554.0 1760.0 1966.0
1554.0 1760.0 1966.0
1554.0 1760.0 1966.0
1554.0 1760.0 1966.0
1554.0 1760.0 1966.0
1554.0 1760.0 1966.0
1554.0 1760.0 1966.0
1554.0 1760.0 1966.0
1554.0 1760.0 1966.0
1554.0 1760.0 1966.0
1554.0 1760.0 1966.0
1554.0 1760.0 1966.0
1554.0 1760.0 1966.0
1554.0 1760.0 1966.0
1554.0 1760.0 1966.0
1554.0 1760.0 1966.0
1554.0 1760.0 1966.0
1554.0 1760.0 1966.0
1554.0 1760.0 1966.0
1554.0 1760.0 1966.0
1554.0 1760.0 1966.0
1554.0 1760.0 1966.0
1554.0 1760.0 1966.0
1554.0 1760.0 1966.0
1554.0 1760.0 1966.0
1554.0 1760.0 1966.0
1554.0 1742.5 1931.0
1554.0 1742.5 1931.0
1554.0 1742.5 1931.0
1554.0 1742.5 1931.0
1554.0 1742.5 1931.0
1554.0 1742.5 1931.0
1554.0 1742.5 1931.0
1554.0 1742.5 1931.0
1554.0 1742.5 1931.0
1554.0 1742.5 1931.0
1554.0 1742.5 1931.0
1554.0 1742.5 1931.0
1554.0 1742.5 1931.0
1554.0 1742.5 1931.0
1554.0 1742.5 1931.0
1554.0 1742.5 1931.0
1554.0 1742.5 1931.0
1554.0 1742.5 1931.0
1554.0 1742.5 1931.0
1554.0 1742.5 1931.0
1554.0 1742.5 1931.0
1554.0 1742.5 1931.0
1554.0 1742.5 1931.0
1554.0 1742.5 1931.0
1554.0 1742.5 1931.0
1554.0 1742.5 1931.0
1554.0 1742.5 1931.0
1554.0 1742.5 1931.0
1554.0 1742.5 1931.0
1554.0 1742.5 1931.0
1554.0 1742.5 1931.0
1554.0 1742.5 1931.0
1554.0 1742.5 1931.0
1554.0 1742.5 1931.0
1554.0 1742.5 1931.0
1554.0 1742.5 1931.0
1554.0 1742.5 1931.0
1554.0 1742.5 1931.0
1554.0 1742.5 1931.0
1554.0 1742.5 1931.0
1554.0 1742.5 1931.0
1554.0 1742.5 1931.0
1554.0 1742.5 1931.0
1554.0 1742.5 1931.0
1554.0 1742.5 1931.0
1554.0 1742.5 1931.0
1554.0 1742.5 1931.0
1554.0 1742.5 1931.0
1554.0 1742.5 1931.0
1554.0 1742.5 1931.0
1554.0 1742.5 1931.0
1554.0 1742.5 1931.0
1554.0 1742.5 1931.0
1554.0 1742.5 1931.0
1554.0 1742.5 1931.0
1554.0 1742.5 1931.0
1554.0 1742.5 1931.0
1554.0 1742.5 1931.0
1554.0 1742.5 1931.0
