11465.0 11882.0 12299.0
9077.0 10189.0 11301.0
7133.0 7853.5 8574.0
4706.0 5181.0 5656.0
3370.0 4316.5 5263.0
3370.0 3464.0 3558.0
2518.0 2923.5 3329.0
1767.0 2016.0 2265.0
1767.0 2097.5 2428.0
1756.0 1761.5 1767.0
1116.0 1391.5 1667.0
1116.0 1391.5 1667.0
1116.0 1169.0 1222.0
1116.0 1169.0 1222.0
1116.0 1134.5 1153.0
1116.0 1134.5 1153.0
1116.0 1134.5 1153.0
1048.0 1082.0 1116.0
1040.0 1078.0 1116.0
1040.0 1078.0 1116.0
1040.0 1078.0 1116.0
1040.0 1078.0 1116.0
1040.0 1078.0 1116.0
1040.0 1078.0 1116.0
1040.0 1078.0 1116.0
1040.0 1078.0 1116.0
1040.0 1078.0 1116.0
1040.0 1078.0 1116.0
1040.0 1078.0 1116.0
1040.0 1078.0 1116.0
1040.0 1078.0 1116.0
1040.0 1078.0 1116.0
1040.0 1078.0 1116.0
1040.0 1078.0 1116.0
1040.0 1078.0 1116.0
1040.0 1078.0 1116.0
1040.0 1078.0 1116.0
1040.0 1078.0 1116.0
1040.0 1078.0 1116.0
1040.0 1078.0 1116.0
1040.0 1078.0 1116.0
1040.0 1078.0 1116.0
1040.0 1078.0 1116.0
1040.0 1078.0 1116.0
1040.0 1078.0 1116.0
1040.0 1078.0 1116.0
869.0 954.5 1040.0
869.0 954.5 1040.0
869.0 954.5 1040.0
869.0 954.5 1040.0
869.0 954.5 1040.0
869.0 954.5 1040.0
869.0 954.5 1040.0
869.0 954.5 1040.0
869.0 954.5 1040.0
869.0 954.5 1040.0
869.0 954.5 1040.0
869.0 954.5 1040.0
869.0 954.5 1040.0
869.0 954.5 1040.0
869.0 954.5 1040.0
869.0 954.5 1040.0
869.0 954.5 1040.0
869.0 954.5 1040.0
869.0 954.5 1040.0
869.0 954.5 1040.0
869.0 954.5 1040.0
869.0 954.5 1040.0
869.0 954.5 1040.0
869.0 954.5 1040.0
869.0 954.5 1040.0
869.0 954.5 1040.0
869.0 954.5 1040.0
869.0 954.5 1040.0
869.0 954.5 1040.0
869.0 954.5 1040.0
869.0 954.5 1040.0
869.0 954.5 1040.0
869.0 954.5 1040.0
869.0 954.5 1040.0
869.0 954.5 1040.0
869.0 954.5 1040.0
869.0 954.5 1040.0
869.0 954.5 1040.0
869.0 954.5 1040.0
869.0 954.5 1040.0
869.0 954.5 1040.0
869.0 954.5 1040.0
869.0 954.5 1040.0
869.0 954.5 1040.0
869.0 954.5 1040.0
869.0 954.5 1040.0
869.0 954.5 1040.0
869.0 954.5 1040.0
869.0 931.5 994.0
869.0 908.0 947.0
869.0 908.0 947.0
841.0 855.0 869.0
604.0 736.5 869.0
604.0 736.5 869.0
604.0 736.5 869.0
604.0 736.5 869.0
604.0 736.5 869.0
604.0 736.5 869.0
604.0 736.5 869.0
604.0 736.5 869.0
604.0 736.5 869.0
604.0 736.5 869.0
604.0 736.5 869.0
604.0 736.5 869.0
604.0 736.5 869.0
604.0 736.5 869.0
604.0 736.5 869.0
604.0 736.5 869.0
604.0 736.5 869.0
604.0 736.5 869.0
604.0 736.5 869.0
604.0 736.5 869.0
604.0 736.5 869.0
604.0 736.5 869.0
604.0 736.5 869.0
604.0 736.5 869.0
604.0 736.5 869.0
604.0 736.5 869.0
604.0 736.5 869.0
604.0 736.5 869.0
604.0 736.5 869.0
604.0 736.5 869.0
604.0 736.5 869.0
604.0 736.5 869.0
604.0 736.5 869.0
604.0 736.5 869.0
604.0 736.5 869.0
604.0 736.5 869.0
604.0 736.5 869.0
604.0 736.5 869.0
604.0 736.5 869.0
604.0 736.5 869.0
604.0 736.5 869.0
604.0 736.5 869.0
604.0 736.5 869.0
604.0 736.5 869.0
604.0 736.5 869.0
604.0 736.5 869.0
604.0 736.5 869.0
604.0 736.5 869.0
604.0 736.5 869.0
604.0 736.5 869.0
604.0 736.5 869.0
604.0 736.5 869.0
604.0 736.5 869.0
604.0 736.5 869.0
604.0 736.5 869.0
604.0 736.5 869.0
604.0 736.5 869.0
604.0 736.5 869.0
604.0 736.5 869.0
604.0 736.5 869.0
604.0 736.5 869.0
604.0 736.5 869.0
604.0 736.5 869.0
604.0 736.5 869.0
604.0 736.5 869.0
604.0 736.5 869.0
604.0 736.5 869.0
604.0 736.5 869.0
604.0 736.5 869.0
604.0 736.5 869.0
604.0 736.5 869.0
604.0 736.5 869.0
604.0 736.5 869.0
604.0 736.5 869.0
604.0 736.5 869.0
604.0 736.5 869.0
604.0 736.5 869.0
604.0 736.5 869.0
604.0 736.5 869.0
604.0 736.5 869.0
604.0 736.5 869.0
604.0 736.5 869.0
604.0 736.5 869.0
604.0 736.5 869.0
604.0 736.5 869.0
604.0 736.5 869.0
604.0 736.5 869.0
604.0 736.5 869.0
604.0 736.5 869.0
604.0 736.5 869.0
604.0 736.5 869.0
604.0 736.5 869.0
604.0 736.5 869.0
604.0 736.5 869.0
604.0 736.5 869.0
604.0 736.5 869.0
604.0 736.5 869.0
604.0 736.5 869.0
604.0 736.5 869.0
604.0 736.5 869.0
604.0 736.5 869.0
604.0 736.5 869.0
