10987.0 11096.0 11205.0
9999.0 10094.0 10189.0
5972.0 7593.0 9214.0
4459.0 5908.0 7357.0
4142.0 4227.5 4313.0
3615.0 4017.0 4419.0
3364.0 3441.0 3518.0
2363.0 2415.0 2467.0
1853.0 2108.0 2363.0
1473.0 1892.5 2312.0
1473.0 1663.0 1853.0
1473.0 1663.0 1853.0
1473.0 1663.0 1853.0
1473.0 1663.0 1853.0
1473.0 1663.0 1853.0
1473.0 1663.0 1853.0
1473.0 1663.0 1853.0
1473.0 1663.0 1853.0
1473.0 1663.0 1853.0
1473.0 1663.0 1853.0
1473.0 1663.0 1853.0
1473.0 1663.0 1853.0
1473.0 1663.0 1853.0
1473.0 1663.0 1853.0
1473.0 1663.0 1853.0
1473.0 1663.0 1853.0
1473.0 1663.0 1853.0
1473.0 1663.0 1853.0
1473.0 1663.0 1853.0
1473.0 1663.0 1853.0
1473.0 1663.0 1853.0
1473.0 1663.0 1853.0
1473.0 1663.0 1853.0
1473.0 1663.0 1853.0
1473.0 1663.0 1853.0
1473.0 1663.0 1853.0
1473.0 1663.0 1853.0
1473.0 1663.0 1853.0
1473.0 1663.0 1853.0
1473.0 1663.0 1853.0
1473.0 1663.0 1853.0
1473.0 1663.0 1853.0
1473.0 1663.0 1853.0
1473.0 1663.0 1853.0
1473.0 1663.0 1853.0
1473.0 1663.0 1853.0
1473.0 1663.0 1853.0
1473.0 1663.0 1853.0
1473.0 1663.0 1853.0
1473.0 1663.0 1853.0
1473.0 1663.0 1853.0
1473.0 1663.0 1853.0
1473.0 1663.0 1853.0
1473.0 1663.0 1853.0
1473.0 1663.0 1853.0
1473.0 1663.0 1853.0
1473.0 1663.0 1853.0
1473.0 1663.0 1853.0
1473.0 1663.0 1853.0
1473.0 1663.0 1853.0
1473.0 1663.0 1853.0
1473.0 1663.0 1853.0
1473.0 1663.0 1853.0
1473.0 1663.0 1853.0
1473.0 1663.0 1853.0
1473.0 1663.0 1853.0
1473.0 1663.0 1853.0
1417.0 1445.0 1473.0
1417.0 1445.0 1473.0
1417.0 1445.0 1473.0
1417.0 1445.0 1473.0
1417.0 1445.0 1473.0
1417.0 1445.0 1473.0
1417.0 1445.0 1473.0
1417.0 1445.0 1473.0
1417.0 1445.0 1473.0
1417.0 1445.0 1473.0
1417.0 1445.0 1473.0
1417.0 1445.0 1473.0
1417.0 1445.0 1473.0
1417.0 1445.0 1473.0
1417.0 1445.0 1473.0
1417.0 1445.0 1473.0
1417.0 1445.0 1473.0
1417.0 1445.0 1473.0
1417.0 1445.0 1473.0
1417.0 1445.0 1473.0
1417.0 1445.0 1473.0
1417.0 1445.0 1473.0
1417.0 1445.0 1473.0
1417.0 1445.0 1473.0
1417.0 1445.0 1473.0
1417.0 1445.0 1473.0
1417.0 1445.0 1473.0
1417.0 1445.0 1473.0
1417.0 1445.0 1473.0
1417.0 1445.0 1473.0
1417.0 1445.0 1473.0
1417.0 1445.0 1473.0
1417.0 1445.0 1473.0
1417.0 1445.0 1473.0
1417.0 1445.0 1473.0
1417.0 1445.0 1473.0
1417.0 1445.0 1473.0
1417.0 1445.0 1473.0
1417.0 1445.0 1473.0
1417.0 1445.0 1473.0
1417.0 1445.0 1473.0
1417.0 1445.0 1473.0
1417.0 1483.5 1550.0
1417.0 1483.5 1550.0
1380.0 1398.5 1417.0
1380.0 1398.5 1417.0
1351.0 1365.5 1380.0
1351.0 1365.5 1380.0
1351.0 1365.5 1380.0
1351.0 1365.5 1380.0
1351.0 1365.5 1380.0
1351.0 1365.5 1380.0
1351.0 1365.5 1380.0
1351.0 1365.5 1380.0
1351.0 1365.5 1380.0
1351.0 1365.5 1380.0
1351.0 1365.5 1380.0
1351.0 1365.5 1380.0
1351.0 1365.5 1380.0
1351.0 1365.5 1380.0
1351.0 1365.5 1380.0
1351.0 1365.5 1380.0
1351.0 1365.5 1380.0
1351.0 1365.5 1380.0
1351.0 1365.5 1380.0
1351.0 1365.5 1380.0
1351.0 1365.5 1380.0
1351.0 1365.5 1380.0
1351.0 1365.5 1380.0
1351.0 1365.5 1380.0
1351.0 1365.5 1380.0
1351.0 1365.5 1380.0
1351.0 1365.5 1380.0
1351.0 1365.5 1380.0
1351.0 1365.5 1380.0
1351.0 1365.5 1380.0
1351.0 1365.5 1380.0
1351.0 1365.5 1380.0
1351.0 1365.5 1380.0
1351.0 1365.5 1380.0
1351.0 1365.5 1380.0
1351.0 1365.5 1380.0
1351.0 1365.5 1380.0
1351.0 1365.5 1380.0
1351.0 1365.5 1380.0
1351.0 1365.5 1380.0
1351.0 1365.5 1380.0
1351.0 1365.5 1380.0
1351.0 1365.5 1380.0
1351.0 1365.5 1380.0
1351.0 1365.5 1380.0
1351.0 1365.5 1380.0
1351.0 1365.5 1380.0
1351.0 1365.5 1380.0
1351.0 1365.5 1380.0
1351.0 1365.5 1380.0
1351.0 1365.5 1380.0
1351.0 1365.5 1380.0
1351.0 1365.5 1380.0
1351.0 1365.5 1380.0
1351.0 1365.5 1380.0
1351.0 1365.5 1380.0
1351.0 1365.5 1380.0
1351.0 1365.5 1380.0
1351.0 1365.5 1380.0
1351.0 1365.5 1380.0
1351.0 1365.5 1380.0
1351.0 1365.5 1380.0
1351.0 1365.5 1380.0
1351.0 1365.5 1380.0
1351.0 1365.5 1380.0
1351.0 1365.5 1380.0
1351.0 1365.5 1380.0
1351.0 1365.5 1380.0
1351.0 1365.5 1380.0
1351.0 1365.5 1380.0
1351.0 1365.5 1380.0
1351.0 1365.5 1380.0
1351.0 1365.5 1380.0
1351.0 1365.5 1380.0
1351.0 1365.5 1380.0
1351.0 1365.5 1380.0
1351.0 1365.5 1380.0
1351.0 1365.5 1380.0
1351.0 1365.5 1380.0
1351.0 1365.5 1380.0
1351.0 1365.5 1380.0
1351.0 1365.5 1380.0
1351.0 1365.5 1380.0
1351.0 1365.5 1380.0
1351.0 1365.5 1380.0
898.0 1139.0 1380.0
898.0 1139.0 1380.0
