12063.0 12665.5 13268.0
7649.0 10084.0 12519.0
5852.0 8538.5 11225.0
5852.0 7228.5 8605.0
5250.0 6448.0 7646.0
5398.0 5474.0 5550.0
4789.0 4991.0 5193.0
4338.0 4563.5 4789.0
3751.0 4270.0 4789.0
3844.0 4028.0 4212.0
2902.0 3025.0 3148.0
2902.0 3084.0 3266.0
2902.0 2913.5 2925.0
2902.0 2913.5 2925.0
2902.0 2913.5 2925.0
2902.0 2913.5 2925.0
2902.0 2913.5 2925.0
2902.0 2913.5 2925.0
2902.0 2913.5 2925.0
2902.0 2913.5 2925.0
2836.0 2869.0 2902.0
2198.0 2550.0 2902.0
2198.0 2550.0 2902.0
2198.0 2464.0 2730.0
1753.0 1975.5 2198.0
1753.0 1975.5 2198.0
1753.0 1975.5 2198.0
1753.0 1975.5 2198.0
1753.0 1975.5 2198.0
1753.0 1975.5 2198.0
1753.0 1975.5 2198.0
1753.0 1975.5 2198.0
1753.0 1975.5 2198.0
1753.0 1975.5 2198.0
1753.0 1975.5 2198.0
1753.0 1975.5 2198.0
1753.0 1975.5 2198.0
1753.0 1975.5 2198.0
1753.0 1975.5 2198.0
1753.0 1975.5 2198.0
1753.0 1975.5 2198.0
1753.0 1975.5 2198.0
1753.0 1975.5 2198.0
1753.0 1975.5 2198.0
1753.0 1975.5 2198.0
1753.0 1975.5 2198.0
1753.0 1975.5 2198.0
1753.0 1975.5 2198.0
1753.0 1975.5 2198.0
1753.0 1975.5 2198.0
1753.0 1975.5 2198.0
1753.0 1975.5 2198.0
1753.0 1975.5 2198.0
1753.0 1975.5 2198.0
1753.0 1975.5 2198.0
1032.0 1615.0 2198.0
1032.0 1615.0 2198.0
1032.0 1615.0 2198.0
1032.0 1615.0 2198.0
1032.0 1615.0 2198.0
1032.0 1615.0 2198.0
1032.0 1615.0 2198.0
1032.0 1615.0 2198.0
1032.0 1615.0 2198.0
1032.0 1615.0 2198.0
1032.0 1615.0 2198.0
1032.0 1615.0 2198.0
1032.0 1615.0 2198.0
1032.0 1615.0 2198.0
1032.0 1615.0 2198.0
1032.0 1615.0 2198.0
1032.0 1615.0 2198.0
1032.0 1615.0 2198.0
1032.0 1615.0 2198.0
1032.0 1615.0 2198.0
1032.0 1615.0 2198.0
1032.0 1615.0 2198.0
1032.0 1615.0 2198.0
1032.0 1615.0 2198.0
1032.0 1615.0 2198.0
1032.0 1615.0 2198.0
1032.0 1615.0 2198.0
1032.0 1615.0 2198.0
1032.0 1615.0 2198.0
1032.0 1615.0 2198.0
1032.0 1615.0 2198.0
1032.0 1615.0 2198.0
1032.0 1615.0 2198.0
1032.0 1615.0 2198.0
1032.0 1615.0 2198.0
1032.0 1615.0 2198.0
1032.0 1615.0 2198.0
1032.0 1615.0 2198.0
1032.0 1615.0 2198.0
1032.0 1615.0 2198.0
1032.0 1615.0 2198.0
1032.0 1615.0 2198.0
1032.0 1615.0 2198.0
1032.0 1615.0 2198.0
1032.0 1615.0 2198.0
1032.0 1615.0 2198.0
1032.0 1615.0 2198.0
1032.0 1615.0 2198.0
1032.0 1615.0 2198.0
1032.0 1615.0 2198.0
1032.0 1615.0 2198.0
1032.0 1615.0 2198.0
1032.0 1615.0 2198.0
1032.0 1615.0 2198.0
1032.0 1615.0 2198.0
1032.0 1615.0 2198.0
1032.0 1615.0 2198.0
1032.0 1615.0 2198.0
1032.0 1615.0 2198.0
1032.0 1615.0 2198.0
1032.0 1615.0 2198.0
1032.0 1615.0 2198.0
1032.0 1615.0 2198.0
1032.0 1615.0 2198.0
1032.0 1615.0 2198.0
1032.0 1615.0 2198.0
1032.0 1615.0 2198.0
1032.0 1615.0 2198.0
1032.0 1615.0 2198.0
1032.0 1615.0 2198.0
1032.0 1615.0 2198.0
1032.0 1615.0 2198.0
1032.0 1615.0 2198.0
1032.0 1615.0 2198.0
1032.0 1615.0 2198.0
1032.0 1615.0 2198.0
1032.0 1615.0 2198.0
1032.0 1615.0 2198.0
1032.0 1615.0 2198.0
1032.0 1615.0 2198.0
1032.0 1615.0 2198.0
1032.0 1615.0 2198.0
1032.0 1615.0 2198.0
1032.0 1615.0 2198.0
1032.0 1615.0 2198.0
1032.0 1615.0 2198.0
1032.0 1615.0 2198.0
1032.0 1583.5 2135.0
1032.0 1708.0 2384.0
1032.0 1708.0 2384.0
1032.0 1708.0 2384.0
1032.0 1708.0 2384.0
1032.0 1708.0 2384.0
1032.0 1708.0 2384.0
1032.0 1708.0 2384.0
1032.0 1708.0 2384.0
1032.0 1708.0 2384.0
1032.0 1708.0 2384.0
1032.0 1708.0 2384.0
1032.0 1708.0 2384.0
1032.0 1708.0 2384.0
1032.0 1708.0 2384.0
1032.0 1708.0 2384.0
1032.0 1708.0 2384.0
1032.0 1708.0 2384.0
1032.0 1708.0 2384.0
1032.0 1708.0 2384.0
1032.0 1708.0 2384.0
1032.0 1708.0 2384.0
1032.0 1708.0 2384.0
1032.0 1708.0 2384.0
1032.0 1708.0 2384.0
1032.0 1708.0 2384.0
1032.0 1708.0 2384.0
1032.0 1300.0 1568.0
1032.0 1300.0 1568.0
1032.0 1300.0 1568.0
1032.0 1300.0 1568.0
1032.0 1300.0 1568.0
1032.0 1300.0 1568.0
1032.0 1300.0 1568.0
1032.0 1300.0 1568.0
1032.0 1300.0 1568.0
1032.0 1300.0 1568.0
1032.0 1300.0 1568.0
1032.0 1300.0 1568.0
1032.0 1300.0 1568.0
1032.0 1300.0 1568.0
1032.0 1300.0 1568.0
1032.0 1300.0 1568.0
1032.0 1300.0 1568.0
1032.0 1300.0 1568.0
1032.0 1300.0 1568.0
1032.0 1300.0 1568.0
1032.0 1300.0 1568.0
1032.0 1300.0 1568.0
1032.0 1300.0 1568.0
1032.0 1300.0 1568.0
1032.0 1300.0 1568.0
1032.0 1300.0 1568.0
1032.0 1300.0 1568.0
1032.0 1300.0 1568.0
1032.0 1300.0 1568.0
1032.0 1300.0 1568.0
1032.0 1300.0 1568.0
