12808.0 13312.5 13817.0
9855.0 10802.0 11749.0
8637.0 9246.0 9855.0
8425.0 8547.5 8670.0
7446.0 7797.0 8148.0
5209.0 6294.5 7380.0
4024.0 4616.5 5209.0
3320.0 3432.0 3544.0
1891.0 2605.5 3320.0
2307.0 2813.5 3320.0
2307.0 3235.0 4163.0
2307.0 2736.5 3166.0
2307.0 2736.5 3166.0
2307.0 2736.5 3166.0
2222.0 2264.5 2307.0
1877.0 2092.0 2307.0
1877.0 2092.0 2307.0
1877.0 2092.0 2307.0
1877.0 2092.0 2307.0
1877.0 2092.0 2307.0
1877.0 2092.0 2307.0
1877.0 2092.0 2307.0
1877.0 2092.0 2307.0
1877.0 2092.0 2307.0
1877.0 2092.0 2307.0
1877.0 2092.0 2307.0
1877.0 2092.0 2307.0
1877.0 2092.0 2307.0
1877.0 2092.0 2307.0
1877.0 2092.0 2307.0
1877.0 2092.0 2307.0
1877.0 2092.0 2307.0
1877.0 2092.0 2307.0
1877.0 2092.0 2307.0
1877.0 2092.0 2307.0
1877.0 2092.0 2307.0
1877.0 2092.0 2307.0
1877.0 2092.0 2307.0
1877.0 2092.0 2307.0
1877.0 2092.0 2307.0
1877.0 2092.0 2307.0
1877.0 1946.5 2016.0
1292.0 1584.5 1877.0
1292.0 1584.5 1877.0
1292.0 1584.5 1877.0
1292.0 1584.5 1877.0
1292.0 1584.5 1877.0
1292.0 1584.5 1877.0
1292.0 1584.5 1877.0
1292.0 1584.5 1877.0
1292.0 1584.5 1877.0
1292.0 1584.5 1877.0
1292.0 1584.5 1877.0
1292.0 1584.5 1877.0
1292.0 1584.5 1877.0
1292.0 1584.5 1877.0
1292.0 1584.5 1877.0
1292.0 1584.5 1877.0
1292.0 1584.5 1877.0
1292.0 1426.5 1561.0
1292.0 1426.5 1561.0
1292.0 1426.5 1561.0
1292.0 1426.5 1561.0
1292.0 1426.5 1561.0
1292.0 1426.5 1561.0
1292.0 1426.5 1561.0
1292.0 1426.5 1561.0
1292.0 1426.5 1561.0
1292.0 1426.5 1561.0
1292.0 1426.5 1561.0
1292.0 1426.5 1561.0
1292.0 1426.5 1561.0
1292.0 1426.5 1561.0
1292.0 1426.5 1561.0
1292.0 1426.5 1561.0
1292.0 1426.5 1561.0
1292.0 1426.5 1561.0
1292.0 1426.5 1561.0
1292.0 1426.5 1561.0
1292.0 1426.5 1561.0
1292.0 1426.5 1561.0
1292.0 1426.5 1561.0
1339.0 1450.0 1561.0
1339.0 1450.0 1561.0
1339.0 1450.0 1561.0
1339.0 1450.0 1561.0
1339.0 1450.0 1561.0
1339.0 1450.0 1561.0
1339.0 1450.0 1561.0
1339.0 1450.0 1561.0
1339.0 1450.0 1561.0
1339.0 1450.0 1561.0
1339.0 1450.0 1561.0
1339.0 1450.0 1561.0
1339.0 1450.0 1561.0
1339.0 1450.0 1561.0
1339.0 1450.0 1561.0
1339.0 1450.0 1561.0
1339.0 1450.0 1561.0
1339.0 1450.0 1561.0
1339.0 1450.0 1561.0
1339.0 1450.0 1561.0
1339.0 1450.0 1561.0
1339.0 1450.0 1561.0
1339.0 1450.0 1561.0
1339.0 1450.0 1561.0
1339.0 1450.0 1561.0
1339.0 1450.0 1561.0
1339.0 1450.0 1561.0
1339.0 1450.0 1561.0
1339.0 1450.0 1561.0
1339.0 1450.0 1561.0
1339.0 1450.0 1561.0
1339.0 1450.0 1561.0
1339.0 1450.0 1561.0
1339.0 1450.0 1561.0
1339.0 1450.0 1561.0
1339.0 1450.0 1561.0
1339.0 1450.0 1561.0
1339.0 1450.0 1561.0
1339.0 1450.0 1561.0
1339.0 1450.0 1561.0
1339.0 1450.0 1561.0
1339.0 1450.0 1561.0
1339.0 1450.0 1561.0
1339.0 1450.0 1561.0
1339.0 1450.0 1561.0
1339.0 1450.0 1561.0
1339.0 1450.0 1561.0
1339.0 1450.0 1561.0
1339.0 1450.0 1561.0
1339.0 1450.0 1561.0
1339.0 1450.0 1561.0
1339.0 1450.0 1561.0
1339.0 1450.0 1561.0
1339.0 1450.0 1561.0
1339.0 1450.0 1561.0
1339.0 1450.0 1561.0
1339.0 1450.0 1561.0
1339.0 1450.0 1561.0
1339.0 1450.0 1561.0
1339.0 1450.0 1561.0
1339.0 1450.0 1561.0
1339.0 1450.0 1561.0
1339.0 1450.0 1561.0
1339.0 1450.0 1561.0
1339.0 1450.0 1561.0
1339.0 1450.0 1561.0
1339.0 1450.0 1561.0
1339.0 1450.0 1561.0
1339.0 1450.0 1561.0
1339.0 1450.0 1561.0
1339.0 1450.0 1561.0
1339.0 1450.0 1561.0
1339.0 1450.0 1561.0
1339.0 1450.0 1561.0
1339.0 1450.0 1561.0
1339.0 1450.0 1561.0
1339.0 1450.0 1561.0
1339.0 1450.0 1561.0
1339.0 1450.0 1561.0
1339.0 1450.0 1561.0
1339.0 1450.0 1561.0
1339.0 1450.0 1561.0
1339.0 1450.0 1561.0
1339.0 1450.0 1561.0
1339.0 1450.0 1561.0
1339.0 1450.0 1561.0
1339.0 1450.0 1561.0
1339.0 1450.0 1561.0
1339.0 1450.0 1561.0
1339.0 1450.0 1561.0
1339.0 1450.0 1561.0
1339.0 1450.0 1561.0
1339.0 1450.0 1561.0
1339.0 1450.0 1561.0
1339.0 1450.0 1561.0
1339.0 1450.0 1561.0
1339.0 1450.0 1561.0
1339.0 1450.0 1561.0
1339.0 1450.0 1561.0
1339.0 1450.0 1561.0
1339.0 1450.0 1561.0
1339.0 1450.0 1561.0
1339.0 1450.0 1561.0
1339.0 1450.0 1561.0
1339.0 1450.0 1561.0
1339.0 1450.0 1561.0
1339.0 1450.0 1561.0
1339.0 1450.0 1561.0
1339.0 1450.0 1561.0
1339.0 1450.0 1561.0
1339.0 1450.0 1561.0
1339.0 1450.0 1561.0
1339.0 1450.0 1561.0
1339.0 1450.0 1561.0
1339.0 1450.0 1561.0
1339.0 1450.0 1561.0
1339.0 1450.0 1561.0
1339.0 1450.0 1561.0
