15563.0 15785.0 16007.0
12487.0 13426.0 14365.0
10537.0 11697.5 12858.0
6933.0 8610.5 10288.0
5969.0 7537.0 9105.0
4993.0 6253.5 7514.0
4727.0 6120.5 7514.0
3056.0 4068.0 5080.0
3056.0 4058.0 5060.0
3056.0 3730.5 4405.0
3056.0 3445.0 3834.0
3056.0 3135.5 3215.0
3056.0 3135.5 3215.0
3056.0 3135.5 3215.0
2255.0 2655.5 3056.0
2255.0 2655.5 3056.0
2255.0 2655.5 3056.0
2255.0 2655.5 3056.0
2255.0 2655.5 3056.0
2255.0 2600.0 2945.0
1699.0 1790.0 1881.0
1699.0 1790.0 1881.0
1699.0 1790.0 1881.0
1699.0 1790.0 1881.0
1699.0 1790.0 1881.0
1699.0 1790.0 1881.0
1699.0 1790.0 1881.0
1699.0 1790.0 1881.0
1699.0 1790.0 1881.0
1699.0 1790.0 1881.0
1699.0 1790.0 1881.0
1699.0 1790.0 1881.0
1699.0 1790.0 1881.0
1699.0 1790.0 1881.0
1699.0 1790.0 1881.0
1699.0 1790.0 1881.0
1699.0 1790.0 1881.0
1699.0 1790.0 1881.0
1699.0 1790.0 1881.0
1699.0 1790.0 1881.0
1699.0 1790.0 1881.0
1699.0 1790.0 1881.0
1699.0 1790.0 1881.0
1699.0 1790.0 1881.0
1699.0 1790.0 1881.0
1699.0 1790.0 1881.0
1699.0 1790.0 1881.0
1699.0 1790.0 1881.0
1699.0 1790.0 1881.0
1699.0 1790.0 1881.0
1699.0 1790.0 1881.0
1699.0 1790.0 1881.0
1699.0 1790.0 1881.0
1699.0 1790.0 1881.0
1699.0 1790.0 1881.0
1699.0 1790.0 1881.0
1699.0 1790.0 1881.0
1699.0 1790.0 1881.0
1699.0 1790.0 1881.0
1699.0 1790.0 1881.0
1699.0 1790.0 1881.0
1699.0 1790.0 1881.0
1699.0 1790.0 1881.0
1699.0 1790.0 1881.0
1699.0 1790.0 1881.0
1699.0 1790.0 1881.0
1699.0 1790.0 1881.0
1699.0 1790.0 1881.0
1699.0 1790.0 1881.0
1699.0 1790.0 1881.0
1699.0 1790.0 1881.0
1699.0 1790.0 1881.0
1699.0 1790.0 1881.0
1699.0 1790.0 1881.0
1699.0 1790.0 1881.0
1699.0 1790.0 1881.0
1699.0 1790.0 1881.0
1699.0 1790.0 1881.0
1699.0 1790.0 1881.0
1699.0 1790.0 1881.0
1699.0 1790.0 1881.0
1699.0 1790.0 1881.0
1699.0 1790.0 1881.0
1699.0 1790.0 1881.0
1286.0 1492.5 1699.0
1286.0 1492.5 1699.0
1286.0 1492.5 1699.0
1286.0 1492.5 1699.0
1286.0 1492.5 1699.0
1286.0 1492.5 1699.0
1286.0 1492.5 1699.0
1286.0 1492.5 1699.0
1286.0 1492.5 1699.0
1286.0 1492.5 1699.0
1286.0 1492.5 1699.0
1286.0 1492.5 1699.0
1286.0 1492.5 1699.0
1286.0 1492.5 1699.0
1286.0 1492.5 1699.0
1286.0 1492.5 1699.0
1286.0 1492.5 1699.0
1286.0 1492.5 1699.0
1286.0 1492.5 1699.0
1286.0 1492.5 1699.0
1286.0 1492.5 1699.0
1286.0 1492.5 1699.0
1286.0 1492.5 1699.0
1286.0 1492.5 1699.0
1286.0 1492.5 1699.0
1286.0 1492.5 1699.0
1286.0 1492.5 1699.0
1286.0 1492.5 1699.0
1286.0 1492.5 1699.0
1286.0 1492.5 1699.0
1286.0 1492.5 1699.0
1286.0 1492.5 1699.0
1286.0 1492.5 1699.0
1286.0 1492.5 1699.0
1286.0 1492.5 1699.0
1286.0 1492.5 1699.0
1286.0 1492.5 1699.0
1286.0 1492.5 1699.0
1286.0 1492.5 1699.0
1286.0 1492.5 1699.0
1286.0 1492.5 1699.0
1286.0 1492.5 1699.0
1286.0 1492.5 1699.0
1286.0 1492.5 1699.0
1286.0 1492.5 1699.0
1286.0 1492.5 1699.0
1286.0 1492.5 1699.0
1286.0 1492.5 1699.0
1286.0 1492.5 1699.0
1286.0 1492.5 1699.0
1286.0 1492.5 1699.0
1286.0 1492.5 1699.0
1286.0 1492.5 1699.0
1286.0 1492.5 1699.0
1286.0 1492.5 1699.0
1286.0 1492.5 1699.0
1286.0 1492.5 1699.0
1286.0 1492.5 1699.0
1286.0 1492.5 1699.0
1286.0 1492.5 1699.0
1286.0 1492.5 1699.0
1286.0 1492.5 1699.0
1286.0 1492.5 1699.0
1286.0 1492.5 1699.0
1286.0 1492.5 1699.0
1286.0 1492.5 1699.0
1286.0 1492.5 1699.0
1286.0 1492.5 1699.0
1286.0 1492.5 1699.0
1286.0 1492.5 1699.0
1286.0 1492.5 1699.0
1286.0 1492.5 1699.0
1286.0 1492.5 1699.0
1286.0 1492.5 1699.0
1286.0 1492.5 1699.0
1286.0 1492.5 1699.0
1286.0 1492.5 1699.0
1286.0 1492.5 1699.0
1286.0 1492.5 1699.0
1286.0 1492.5 1699.0
1286.0 1492.5 1699.0
1286.0 1492.5 1699.0
1286.0 1492.5 1699.0
1286.0 1492.5 1699.0
1286.0 1492.5 1699.0
1286.0 1492.5 1699.0
1286.0 1492.5 1699.0
1286.0 1492.5 1699.0
1286.0 1492.5 1699.0
1286.0 1492.5 1699.0
1286.0 1492.5 1699.0
1286.0 1492.5 1699.0
1286.0 1492.5 1699.0
1286.0 1492.5 1699.0
1286.0 1492.5 1699.0
1286.0 1492.5 1699.0
1286.0 1492.5 1699.0
1286.0 1492.5 1699.0
1286.0 1492.5 1699.0
1286.0 1492.5 1699.0
1286.0 1492.5 1699.0
1286.0 1492.5 1699.0
1286.0 1492.5 1699.0
1286.0 1492.5 1699.0
1286.0 1492.5 1699.0
1286.0 1492.5 1699.0
1286.0 1492.5 1699.0
1286.0 1492.5 1699.0
1286.0 1492.5 1699.0
1286.0 1492.5 1699.0
1286.0 1492.5 1699.0
1286.0 1492.5 1699.0
1286.0 1492.5 1699.0
1286.0 1492.5 1699.0
1286.0 1492.5 1699.0
1286.0 1492.5 1699.0
