12612.0 15138.0 17664.0
10741.0 12657.5 14574.0
6275.0 9475.5 12676.0
6769.0 7591.5 8414.0
4030.0 5869.5 7709.0
3715.0 5543.0 7371.0
3715.0 3880.5 4046.0
3715.0 3976.5 4238.0
3715.0 3976.5 4238.0
2772.0 3505.0 4238.0
2772.0 3505.0 4238.0
2772.0 3505.0 4238.0
2772.0 3505.0 4238.0
2772.0 3505.0 4238.0
2111.0 2929.5 3748.0
1772.0 2613.0 3454.0
1772.0 2479.5 3187.0
1772.0 2479.5 3187.0
1772.0 2479.5 3187.0
1772.0 2099.5 2427.0
1772.0 1927.0 2082.0
1772.0 1927.0 2082.0
1772.0 1927.0 2082.0
1772.0 1927.0 2082.0
1772.0 1927.0 2082.0
1772.0 1927.0 2082.0
1772.0 1927.0 2082.0
1772.0 1927.0 2082.0
1358.0 1720.0 2082.0
702.0 1392.0 2082.0
702.0 1489.5 2277.0
702.0 1489.5 2277.0
702.0 1231.0 1760.0
702.0 1231.0 1760.0
702.0 1231.0 1760.0
702.0 1231.0 1760.0
702.0 1079.5 1457.0
702.0 1079.5 1457.0
702.0 1079.5 1457.0
702.0 1079.5 1457.0
702.0 1079.5 1457.0
702.0 1079.5 1457.0
702.0 1079.5 1457.0
702.0 1079.5 1457.0
702.0 1079.5 1457.0
702.0 1079.5 1457.0
702.0 1079.5 1457.0
702.0 1079.5 1457.0
702.0 1079.5 1457.0
702.0 1079.5 1457.0
702.0 1079.5 1457.0
702.0 1079.5 1457.0
702.0 1079.5 1457.0
702.0 1079.5 1457.0
702.0 1079.5 1457.0
702.0 1079.5 1457.0
702.0 1079.5 1457.0
702.0 1079.5 1457.0
702.0 1079.5 1457.0
702.0 1079.5 1457.0
702.0 1079.5 1457.0
702.0 1079.5 1457.0
702.0 1079.5 1457.0
702.0 1079.5 1457.0
702.0 1079.5 1457.0
702.0 1079.5 1457.0
702.0 1079.5 1457.0
702.0 1079.5 1457.0
702.0 1079.5 1457.0
702.0 1079.5 1457.0
702.0 1079.5 1457.0
702.0 1079.5 1457.0
702.0 1079.5 1457.0
702.0 1079.5 1457.0
702.0 1079.5 1457.0
702.0 1079.5 1457.0
702.0 1079.5 1457.0
702.0 1079.5 1457.0
702.0 1079.5 1457.0
702.0 1079.5 1457.0
702.0 1079.5 1457.0
702.0 1079.5 1457.0
702.0 1079.5 1457.0
702.0 1079.5 1457.0
702.0 1079.5 1457.0
702.0 1079.5 1457.0
702.0 1079.5 1457.0
702.0 1079.5 1457.0
702.0 1079.5 1457.0
702.0 1079.5 1457.0
702.0 1079.5 1457.0
702.0 1079.5 1457.0
702.0 1079.5 1457.0
702.0 1079.5 1457.0
702.0 1079.5 1457.0
702.0 1079.5 1457.0
702.0 1079.5 1457.0
702.0 1079.5 1457.0
702.0 1079.5 1457.0
702.0 1079.5 1457.0
702.0 1079.5 1457.0
702.0 1079.5 1457.0
702.0 1079.5 1457.0
702.0 1079.5 1457.0
702.0 1079.5 1457.0
702.0 1079.5 1457.0
702.0 1079.5 1457.0
702.0 1079.5 1457.0
702.0 1079.5 1457.0
702.0 1079.5 1457.0
702.0 1079.5 1457.0
702.0 1079.5 1457.0
702.0 1079.5 1457.0
702.0 1079.5 1457.0
702.0 1079.5 1457.0
702.0 1079.5 1457.0
702.0 1079.5 1457.0
702.0 1079.5 1457.0
702.0 1079.5 1457.0
702.0 1079.5 1457.0
702.0 1079.5 1457.0
702.0 1079.5 1457.0
702.0 1079.5 1457.0
702.0 1079.5 1457.0
702.0 1079.5 1457.0
702.0 1079.5 1457.0
702.0 1079.5 1457.0
702.0 1079.5 1457.0
702.0 1079.5 1457.0
702.0 1079.5 1457.0
702.0 1079.5 1457.0
702.0 1079.5 1457.0
702.0 1079.5 1457.0
702.0 1079.5 1457.0
702.0 1079.5 1457.0
702.0 1079.5 1457.0
702.0 1079.5 1457.0
702.0 1079.5 1457.0
702.0 1079.5 1457.0
702.0 1079.5 1457.0
702.0 1079.5 1457.0
702.0 1079.5 1457.0
702.0 1079.5 1457.0
702.0 1079.5 1457.0
702.0 1079.5 1457.0
702.0 1079.5 1457.0
702.0 1079.5 1457.0
702.0 1079.5 1457.0
702.0 1079.5 1457.0
702.0 1079.5 1457.0
702.0 1079.5 1457.0
702.0 1079.5 1457.0
702.0 1079.5 1457.0
702.0 1079.5 1457.0
702.0 1079.5 1457.0
702.0 1079.5 1457.0
702.0 1079.5 1457.0
702.0 1079.5 1457.0
702.0 1079.5 1457.0
702.0 1079.5 1457.0
702.0 1079.5 1457.0
702.0 1079.5 1457.0
702.0 1079.5 1457.0
702.0 1079.5 1457.0
702.0 1079.5 1457.0
702.0 1079.5 1457.0
702.0 1079.5 1457.0
702.0 1079.5 1457.0
702.0 1079.5 1457.0
702.0 1079.5 1457.0
702.0 1079.5 1457.0
702.0 1079.5 1457.0
702.0 1079.5 1457.0
702.0 1079.5 1457.0
702.0 1079.5 1457.0
702.0 1079.5 1457.0
702.0 1079.5 1457.0
702.0 1079.5 1457.0
702.0 1079.5 1457.0
702.0 1079.5 1457.0
702.0 1079.5 1457.0
702.0 1079.5 1457.0
702.0 1079.5 1457.0
702.0 1079.5 1457.0
702.0 1079.5 1457.0
702.0 1079.5 1457.0
702.0 1079.5 1457.0
702.0 1079.5 1457.0
702.0 1079.5 1457.0
702.0 1079.5 1457.0
702.0 1079.5 1457.0
702.0 1079.5 1457.0
702.0 1079.5 1457.0
702.0 1079.5 1457.0
702.0 1079.5 1457.0
702.0 1079.5 1457.0
702.0 1079.5 1457.0
702.0 1079.5 1457.0
702.0 1079.5 1457.0
702.0 1079.5 1457.0
