11577.0 13328.5 15080.0
7046.0 10491.0 13936.0
6802.0 8113.5 9425.0
4206.0 6152.0 8098.0
4092.0 5705.0 7318.0
3457.0 4546.0 5635.0
2576.0 2883.5 3191.0
2108.0 2510.5 2913.0
2404.0 2658.5 2913.0
1745.0 2174.5 2604.0
1745.0 2174.5 2604.0
1518.0 1528.0 1538.0
1204.0 1371.0 1538.0
1204.0 1404.5 1605.0
1068.0 1320.0 1572.0
932.0 1132.5 1333.0
932.0 1132.5 1333.0
932.0 1132.5 1333.0
828.0 880.0 932.0
932.0 960.0 988.0
657.0 794.5 932.0
703.0 817.5 932.0
453.0 692.5 932.0
453.0 692.5 932.0
453.0 692.5 932.0
453.0 692.5 932.0
453.0 692.5 932.0
453.0 692.5 932.0
453.0 692.5 932.0
453.0 692.5 932.0
453.0 692.5 932.0
453.0 692.5 932.0
453.0 692.5 932.0
453.0 692.5 932.0
453.0 692.5 932.0
453.0 692.5 932.0
453.0 692.5 932.0
453.0 692.5 932.0
453.0 692.5 932.0
453.0 692.5 932.0
453.0 692.5 932.0
453.0 692.5 932.0
453.0 692.5 932.0
453.0 692.5 932.0
453.0 692.5 932.0
453.0 692.5 932.0
453.0 692.5 932.0
453.0 692.5 932.0
453.0 692.5 932.0
453.0 692.5 932.0
453.0 692.5 932.0
453.0 692.5 932.0
453.0 692.5 932.0
453.0 692.5 932.0
453.0 692.5 932.0
453.0 692.5 932.0
453.0 692.5 932.0
453.0 692.5 932.0
453.0 692.5 932.0
453.0 692.5 932.0
453.0 692.5 932.0
453.0 692.5 932.0
453.0 692.5 932.0
453.0 692.5 932.0
453.0 692.5 932.0
453.0 692.5 932.0
453.0 692.5 932.0
453.0 692.5 932.0
453.0 692.5 932.0
453.0 692.5 932.0
453.0 692.5 932.0
453.0 692.5 932.0
453.0 692.5 932.0
453.0 692.5 932.0
453.0 692.5 932.0
453.0 692.5 932.0
453.0 692.5 932.0
453.0 692.5 932.0
453.0 692.5 932.0
453.0 692.5 932.0
453.0 692.5 932.0
453.0 692.5 932.0
453.0 692.5 932.0
453.0 692.5 932.0
453.0 692.5 932.0
453.0 692.5 932.0
453.0 692.5 932.0
453.0 692.5 932.0
453.0 692.5 932.0
453.0 692.5 932.0
453.0 692.5 932.0
453.0 692.5 932.0
453.0 692.5 932.0
453.0 692.5 932.0
453.0 692.5 932.0
453.0 692.5 932.0
453.0 692.5 932.0
453.0 692.5 932.0
453.0 692.5 932.0
453.0 692.5 932.0
453.0 692.5 932.0
453.0 692.5 932.0
453.0 692.5 932.0
453.0 692.5 932.0
453.0 692.5 932.0
453.0 692.5 932.0
453.0 692.5 932.0
453.0 692.5 932.0
453.0 692.5 932.0
453.0 692.5 932.0
453.0 692.5 932.0
453.0 692.5 932.0
453.0 692.5 932.0
453.0 692.5 932.0
453.0 692.5 932.0
453.0 692.5 932.0
453.0 692.5 932.0
453.0 692.5 932.0
453.0 692.5 932.0
453.0 692.5 932.0
453.0 692.5 932.0
453.0 692.5 932.0
453.0 692.5 932.0
453.0 692.5 932.0
453.0 692.5 932.0
453.0 692.5 932.0
453.0 692.5 932.0
453.0 692.5 932.0
453.0 692.5 932.0
453.0 692.5 932.0
453.0 692.5 932.0
453.0 692.5 932.0
453.0 692.5 932.0
453.0 692.5 932.0
453.0 692.5 932.0
453.0 692.5 932.0
453.0 692.5 932.0
453.0 692.5 932.0
453.0 692.5 932.0
453.0 692.5 932.0
453.0 692.5 932.0
453.0 692.5 932.0
453.0 692.5 932.0
453.0 692.5 932.0
453.0 692.5 932.0
453.0 692.5 932.0
453.0 692.5 932.0
453.0 692.5 932.0
453.0 692.5 932.0
453.0 692.5 932.0
453.0 692.5 932.0
453.0 692.5 932.0
453.0 692.5 932.0
453.0 692.5 932.0
453.0 692.5 932.0
453.0 692.5 932.0
453.0 692.5 932.0
453.0 692.5 932.0
453.0 692.5 932.0
453.0 692.5 932.0
453.0 692.5 932.0
453.0 692.5 932.0
453.0 692.5 932.0
453.0 692.5 932.0
453.0 692.5 932.0
453.0 692.5 932.0
453.0 692.5 932.0
453.0 692.5 932.0
453.0 692.5 932.0
453.0 692.5 932.0
453.0 692.5 932.0
453.0 692.5 932.0
453.0 692.5 932.0
453.0 692.5 932.0
453.0 692.5 932.0
453.0 692.5 932.0
453.0 692.5 932.0
453.0 692.5 932.0
453.0 692.5 932.0
453.0 692.5 932.0
453.0 692.5 932.0
453.0 692.5 932.0
453.0 692.5 932.0
453.0 692.5 932.0
453.0 692.5 932.0
453.0 692.5 932.0
453.0 692.5 932.0
453.0 692.5 932.0
453.0 692.5 932.0
453.0 692.5 932.0
453.0 692.5 932.0
453.0 692.5 932.0
453.0 692.5 932.0
453.0 692.5 932.0
453.0 692.5 932.0
453.0 692.5 932.0
453.0 692.5 932.0
453.0 692.5 932.0
453.0 692.5 932.0
453.0 692.5 932.0
