13106.0 15476.5 17847.0
10533.0 12199.0 13865.0
7966.0 10538.0 13110.0
6243.0 9712.5 13182.0
5538.0 8890.5 12243.0
5538.0 8030.0 10522.0
4774.0 7155.0 9536.0
4774.0 5575.0 6376.0
4774.0 5147.0 5520.0
4253.0 4352.5 4452.0
4253.0 4352.5 4452.0
2792.0 2980.5 3169.0
2792.0 3117.5 3443.0
2792.0 3117.5 3443.0
2373.0 2741.5 3110.0
1941.0 2210.0 2479.0
1941.0 2353.5 2766.0
1941.0 2313.0 2685.0
1941.0 2313.0 2685.0
1941.0 2313.0 2685.0
1941.0 2313.0 2685.0
1941.0 2313.0 2685.0
1941.0 2313.0 2685.0
1941.0 2313.0 2685.0
1941.0 2313.0 2685.0
1941.0 2313.0 2685.0
1941.0 2313.0 2685.0
1941.0 2313.0 2685.0
1941.0 2313.0 2685.0
1941.0 2313.0 2685.0
1941.0 2313.0 2685.0
1941.0 2313.0 2685.0
1941.0 2313.0 2685.0
1941.0 2313.0 2685.0
1941.0 2313.0 2685.0
1941.0 2313.0 2685.0
1941.0 2313.0 2685.0
1941.0 2313.0 2685.0
1941.0 2313.0 2685.0
1941.0 2313.0 2685.0
1941.0 2313.0 2685.0
1941.0 2313.0 2685.0
1941.0 2313.0 2685.0
1941.0 2313.0 2685.0
1941.0 2313.0 2685.0
1941.0 2313.0 2685.0
1941.0 2313.0 2685.0
1941.0 2313.0 2685.0
1941.0 2313.0 2685.0
1941.0 2313.0 2685.0
1941.0 2313.0 2685.0
1941.0 2313.0 2685.0
1941.0 2313.0 2685.0
1941.0 2313.0 2685.0
1941.0 2313.0 2685.0
1941.0 2313.0 2685.0
1941.0 2313.0 2685.0
1941.0 2313.0 2685.0
1941.0 2313.0 2685.0
1941.0 2313.0 2685.0
1941.0 2313.0 2685.0
1941.0 2313.0 2685.0
1941.0 2313.0 2685.0
1941.0 2313.0 2685.0
1941.0 2313.0 2685.0
1941.0 2313.0 2685.0
1941.0 2313.0 2685.0
1941.0 2313.0 2685.0
1941.0 2313.0 2685.0
1941.0 2313.0 2685.0
1941.0 2313.0 2685.0
1941.0 2313.0 2685.0
1941.0 2313.0 2685.0
1941.0 2313.0 2685.0
1941.0 2313.0 2685.0
1941.0 2313.0 2685.0
1941.0 2313.0 2685.0
1941.0 2003.5 2066.0
1687.0 1814.0 1941.0
1687.0 1814.0 1941.0
1687.0 1814.0 1941.0
1687.0 1814.0 1941.0
1687.0 1814.0 1941.0
1687.0 1814.0 1941.0
1687.0 1814.0 1941.0
1687.0 1814.0 1941.0
1687.0 1814.0 1941.0
1687.0 1814.0 1941.0
1687.0 1814.0 1941.0
1687.0 1814.0 1941.0
1687.0 1814.0 1941.0
1687.0 1814.0 1941.0
1687.0 1814.0 1941.0
1687.0 1814.0 1941.0
1687.0 1814.0 1941.0
1687.0 1814.0 1941.0
1687.0 1814.0 1941.0
1687.0 1814.0 1941.0
1687.0 1814.0 1941.0
1687.0 1814.0 1941.0
1687.0 1814.0 1941.0
1687.0 1814.0 1941.0
1687.0 1814.0 1941.0
1687.0 1814.0 1941.0
1687.0 1814.0 1941.0
1687.0 1814.0 1941.0
1687.0 1814.0 1941.0
1687.0 1814.0 1941.0
1687.0 1814.0 1941.0
1687.0 1814.0 1941.0
1687.0 1814.0 1941.0
1687.0 1814.0 1941.0
1687.0 1814.0 1941.0
1687.0 1814.0 1941.0
1687.0 1814.0 1941.0
1687.0 1814.0 1941.0
1687.0 1814.0 1941.0
1687.0 1814.0 1941.0
1687.0 1814.0 1941.0
1687.0 1814.0 1941.0
1687.0 1814.0 1941.0
1687.0 1814.0 1941.0
1687.0 1814.0 1941.0
1687.0 1814.0 1941.0
1687.0 1814.0 1941.0
1687.0 1814.0 1941.0
1687.0 1814.0 1941.0
1687.0 1814.0 1941.0
1687.0 1814.0 1941.0
1687.0 1814.0 1941.0
1687.0 1814.0 1941.0
1687.0 1814.0 1941.0
1687.0 1814.0 1941.0
1687.0 1814.0 1941.0
1687.0 1814.0 1941.0
1687.0 1814.0 1941.0
1687.0 1814.0 1941.0
1687.0 1814.0 1941.0
1687.0 1814.0 1941.0
1687.0 1814.0 1941.0
1687.0 1814.0 1941.0
1687.0 1814.0 1941.0
1687.0 1814.0 1941.0
1687.0 1814.0 1941.0
1687.0 1814.0 1941.0
1687.0 1814.0 1941.0
1687.0 1814.0 1941.0
1687.0 1814.0 1941.0
1687.0 1814.0 1941.0
1687.0 1814.0 1941.0
1687.0 1814.0 1941.0
1687.0 1814.0 1941.0
1687.0 1814.0 1941.0
1687.0 1814.0 1941.0
1687.0 1814.0 1941.0
1687.0 1814.0 1941.0
1687.0 1814.0 1941.0
1687.0 1814.0 1941.0
1687.0 1814.0 1941.0
1687.0 1814.0 1941.0
1687.0 1814.0 1941.0
1687.0 1814.0 1941.0
1687.0 1814.0 1941.0
1687.0 1814.0 1941.0
1687.0 1814.0 1941.0
1687.0 1814.0 1941.0
1687.0 1814.0 1941.0
1687.0 1814.0 1941.0
1687.0 1814.0 1941.0
1687.0 1814.0 1941.0
1687.0 1814.0 1941.0
1687.0 1814.0 1941.0
1687.0 1814.0 1941.0
1687.0 1814.0 1941.0
1687.0 1814.0 1941.0
1687.0 1814.0 1941.0
1687.0 1814.0 1941.0
1687.0 1814.0 1941.0
1687.0 1814.0 1941.0
1574.0 1630.5 1687.0
1574.0 1630.5 1687.0
1574.0 1630.5 1687.0
1574.0 1630.5 1687.0
1574.0 1630.5 1687.0
1574.0 1630.5 1687.0
1574.0 1630.5 1687.0
1574.0 1630.5 1687.0
1574.0 1630.5 1687.0
1574.0 1630.5 1687.0
1574.0 1630.5 1687.0
1574.0 1630.5 1687.0
1574.0 1630.5 1687.0
1574.0 1630.5 1687.0
1574.0 1630.5 1687.0
1574.0 1630.5 1687.0
1574.0 1630.5 1687.0
1574.0 1630.5 1687.0
1574.0 1630.5 1687.0
1574.0 1630.5 1687.0
1492.0 1589.5 1687.0
