16316.0 16890.0 17464.0
10300.0 12038.5 13777.0
7656.0 9517.0 11378.0
7079.0 9024.0 10969.0
5275.0 8122.0 10969.0
5319.0 7416.5 9514.0
3274.0 5371.0 7468.0
3585.0 5509.5 7434.0
3009.0 4871.5 6734.0
2893.0 3267.5 3642.0
2893.0 3267.5 3642.0
2893.0 3267.5 3642.0
2893.0 3267.5 3642.0
2893.0 3306.5 3720.0
2214.0 2589.0 2964.0
2474.0 2516.0 2558.0
1929.0 2201.5 2474.0
1929.0 2201.5 2474.0
1929.0 2201.5 2474.0
1929.0 2201.5 2474.0
1929.0 2201.5 2474.0
1929.0 2201.5 2474.0
1929.0 2201.5 2474.0
1929.0 2201.5 2474.0
1929.0 2201.5 2474.0
1929.0 2201.5 2474.0
1929.0 2201.5 2474.0
1929.0 2201.5 2474.0
1929.0 2201.5 2474.0
1857.0 1893.0 1929.0
1513.0 1721.0 1929.0
1513.0 1721.0 1929.0
1513.0 1721.0 1929.0
1513.0 1721.0 1929.0
1513.0 1721.0 1929.0
1513.0 1721.0 1929.0
1513.0 1721.0 1929.0
1513.0 1721.0 1929.0
1513.0 1721.0 1929.0
1513.0 1721.0 1929.0
1513.0 1647.0 1781.0
1513.0 1647.0 1781.0
1513.0 1647.0 1781.0
1513.0 1647.0 1781.0
1513.0 1647.0 1781.0
1513.0 1647.0 1781.0
1513.0 1647.0 1781.0
1513.0 1647.0 1781.0
1513.0 1647.0 1781.0
1513.0 1647.0 1781.0
1513.0 1647.0 1781.0
1513.0 1647.0 1781.0
1513.0 1647.0 1781.0
1513.0 1647.0 1781.0
1513.0 1647.0 1781.0
1513.0 1647.0 1781.0
1513.0 1647.0 1781.0
1513.0 1647.0 1781.0
1513.0 1647.0 1781.0
1513.0 1647.0 1781.0
1513.0 1647.0 1781.0
1513.0 1647.0 1781.0
1513.0 1647.0 1781.0
1513.0 1647.0 1781.0
1513.0 1647.0 1781.0
1513.0 1647.0 1781.0
1513.0 1647.0 1781.0
1513.0 1647.0 1781.0
1513.0 1647.0 1781.0
1513.0 1647.0 1781.0
1513.0 1647.0 1781.0
1513.0 1647.0 1781.0
1513.0 1647.0 1781.0
1513.0 1647.0 1781.0
1513.0 1647.0 1781.0
1513.0 1647.0 1781.0
1513.0 1647.0 1781.0
1513.0 1647.0 1781.0
1513.0 1647.0 1781.0
1513.0 1647.0 1781.0
1513.0 1647.0 1781.0
1513.0 1647.0 1781.0
1513.0 1647.0 1781.0
1513.0 1647.0 1781.0
1513.0 1647.0 1781.0
1513.0 1647.0 1781.0
1513.0 1647.0 1781.0
1513.0 1647.0 1781.0
1513.0 1647.0 1781.0
1513.0 1647.0 1781.0
1513.0 1647.0 1781.0
1513.0 1647.0 1781.0
1513.0 1647.0 1781.0
1513.0 1647.0 1781.0
1513.0 1647.0 1781.0
1513.0 1647.0 1781.0
1513.0 1647.0 1781.0
1513.0 1647.0 1781.0
1513.0 1647.0 1781.0
1513.0 1647.0 1781.0
1513.0 1647.0 1781.0
1513.0 1647.0 1781.0
1513.0 1647.0 1781.0
1513.0 1647.0 1781.0
1513.0 1647.0 1781.0
1513.0 1647.0 1781.0
1513.0 1647.0 1781.0
1513.0 1647.0 1781.0
1513.0 1647.0 1781.0
1513.0 1647.0 1781.0
1513.0 1647.0 1781.0
1513.0 1647.0 1781.0
1513.0 1647.0 1781.0
1513.0 1647.0 1781.0
1513.0 1647.0 1781.0
1513.0 1647.0 1781.0
1513.0 1647.0 1781.0
1513.0 1647.0 1781.0
1513.0 1647.0 1781.0
1513.0 1647.0 1781.0
1513.0 1647.0 1781.0
1513.0 1647.0 1781.0
1513.0 1647.0 1781.0
1513.0 1647.0 1781.0
1513.0 1647.0 1781.0
1513.0 1647.0 1781.0
1513.0 1647.0 1781.0
1513.0 1647.0 1781.0
1513.0 1647.0 1781.0
1513.0 1647.0 1781.0
1513.0 1647.0 1781.0
1513.0 1647.0 1781.0
1513.0 1647.0 1781.0
1513.0 1647.0 1781.0
1513.0 1647.0 1781.0
1513.0 1647.0 1781.0
1513.0 1647.0 1781.0
1513.0 1647.0 1781.0
1513.0 1647.0 1781.0
1513.0 1647.0 1781.0
1513.0 1647.0 1781.0
1513.0 1647.0 1781.0
1513.0 1647.0 1781.0
1513.0 1647.0 1781.0
1513.0 1647.0 1781.0
1513.0 1647.0 1781.0
1513.0 1647.0 1781.0
1513.0 1647.0 1781.0
1513.0 1647.0 1781.0
1513.0 1647.0 1781.0
1513.0 1647.0 1781.0
1513.0 1647.0 1781.0
1513.0 1647.0 1781.0
1513.0 1647.0 1781.0
1513.0 1647.0 1781.0
1513.0 1647.0 1781.0
1513.0 1647.0 1781.0
1513.0 1647.0 1781.0
1513.0 1647.0 1781.0
1513.0 1647.0 1781.0
1513.0 1647.0 1781.0
1513.0 1647.0 1781.0
1513.0 1647.0 1781.0
1513.0 1647.0 1781.0
1513.0 1647.0 1781.0
1513.0 1647.0 1781.0
1513.0 1647.0 1781.0
1513.0 1647.0 1781.0
1513.0 1647.0 1781.0
1513.0 1647.0 1781.0
1513.0 1647.0 1781.0
1513.0 1647.0 1781.0
1513.0 1647.0 1781.0
1513.0 1647.0 1781.0
1513.0 1647.0 1781.0
1513.0 1647.0 1781.0
1513.0 1647.0 1781.0
1513.0 1647.0 1781.0
1513.0 1647.0 1781.0
1513.0 1647.0 1781.0
1513.0 1647.0 1781.0
1513.0 1647.0 1781.0
1513.0 1647.0 1781.0
1513.0 1647.0 1781.0
1513.0 1647.0 1781.0
1513.0 1647.0 1781.0
1513.0 1647.0 1781.0
1513.0 1647.0 1781.0
1513.0 1647.0 1781.0
1513.0 1647.0 1781.0
1513.0 1647.0 1781.0
1513.0 1647.0 1781.0
1513.0 1647.0 1781.0
1513.0 1647.0 1781.0
1513.0 1647.0 1781.0
1513.0 1647.0 1781.0
1513.0 1647.0 1781.0
1513.0 1647.0 1781.0
1513.0 1647.0 1781.0
1513.0 1647.0 1781.0
