14714.0 17199.5 19685.0
12202.0 13725.5 15249.0
7218.0 10826.5 14435.0
6017.0 8420.0 10823.0
3644.0 6601.5 9559.0
3437.0 6417.5 9398.0
3042.0 5197.5 7353.0
2486.0 4534.5 6583.0
2486.0 4241.0 5996.0
2486.0 3512.5 4539.0
2486.0 2767.0 3048.0
2486.0 2767.0 3048.0
2185.0 2616.5 3048.0
2237.0 2626.0 3015.0
2237.0 2300.5 2364.0
2237.0 2300.5 2364.0
2237.0 2300.5 2364.0
2237.0 2300.5 2364.0
2237.0 2300.5 2364.0
2237.0 2300.5 2364.0
2237.0 2300.5 2364.0
2237.0 2300.5 2364.0
2237.0 2300.5 2364.0
2237.0 2300.5 2364.0
2237.0 2300.5 2364.0
2237.0 2300.5 2364.0
2237.0 2300.5 2364.0
2237.0 2300.5 2364.0
2237.0 2300.5 2364.0
2237.0 2300.5 2364.0
2237.0 2300.5 2364.0
2237.0 2275.5 2314.0
1380.0 1808.5 2237.0
1380.0 1808.5 2237.0
1380.0 1808.5 2237.0
1380.0 1808.5 2237.0
1380.0 1808.5 2237.0
1380.0 1808.5 2237.0
1380.0 1808.5 2237.0
1380.0 1808.5 2237.0
1380.0 1808.5 2237.0
1380.0 1808.5 2237.0
1380.0 1808.5 2237.0
1380.0 1808.5 2237.0
1380.0 1808.5 2237.0
1380.0 1808.5 2237.0
1380.0 1808.5 2237.0
1380.0 1808.5 2237.0
1380.0 1808.5 2237.0
1380.0 1808.5 2237.0
1380.0 1808.5 2237.0
1380.0 1808.5 2237.0
1380.0 1808.5 2237.0
1380.0 1808.5 2237.0
1380.0 1808.5 2237.0
1380.0 1808.5 2237.0
1380.0 1808.5 2237.0
1380.0 1808.5 2237.0
1380.0 1808.5 2237.0
1380.0 1808.5 2237.0
1380.0 1808.5 2237.0
1380.0 1808.5 2237.0
1380.0 1808.5 2237.0
1380.0 1808.5 2237.0
1380.0 1808.5 2237.0
1380.0 1800.0 2220.0
1380.0 1800.0 2220.0
1380.0 1800.0 2220.0
1380.0 1800.0 2220.0
1380.0 1800.0 2220.0
1380.0 1800.0 2220.0
1380.0 1800.0 2220.0
1380.0 1800.0 2220.0
1380.0 1800.0 2220.0
1380.0 1800.0 2220.0
1380.0 1800.0 2220.0
1380.0 1800.0 2220.0
1380.0 1800.0 2220.0
1380.0 1800.0 2220.0
1380.0 1800.0 2220.0
1380.0 1800.0 2220.0
1380.0 1800.0 2220.0
1380.0 1800.0 2220.0
1380.0 1800.0 2220.0
1380.0 1800.0 2220.0
1380.0 1800.0 2220.0
1380.0 1800.0 2220.0
1380.0 1800.0 2220.0
1380.0 1800.0 2220.0
1380.0 1800.0 2220.0
1380.0 1800.0 2220.0
1380.0 1800.0 2220.0
1380.0 1800.0 2220.0
1380.0 1800.0 2220.0
1380.0 1800.0 2220.0
1380.0 1800.0 2220.0
1380.0 1800.0 2220.0
1380.0 1800.0 2220.0
1380.0 1800.0 2220.0
1380.0 1800.0 2220.0
1380.0 1800.0 2220.0
1380.0 1800.0 2220.0
1380.0 1800.0 2220.0
1380.0 1800.0 2220.0
1380.0 1800.0 2220.0
1380.0 1800.0 2220.0
1380.0 1800.0 2220.0
1380.0 1800.0 2220.0
1380.0 1800.0 2220.0
1380.0 1800.0 2220.0
1380.0 1800.0 2220.0
1380.0 1665.0 1950.0
1380.0 1665.0 1950.0
1380.0 1665.0 1950.0
1380.0 1665.0 1950.0
1380.0 1665.0 1950.0
1380.0 1665.0 1950.0
1380.0 1665.0 1950.0
1380.0 1665.0 1950.0
1380.0 1665.0 1950.0
1380.0 1665.0 1950.0
1380.0 1665.0 1950.0
1380.0 1665.0 1950.0
1380.0 1665.0 1950.0
1380.0 1665.0 1950.0
1380.0 1665.0 1950.0
1380.0 1665.0 1950.0
1380.0 1665.0 1950.0
1380.0 1665.0 1950.0
1380.0 1665.0 1950.0
1380.0 1665.0 1950.0
1380.0 1665.0 1950.0
1380.0 1665.0 1950.0
1380.0 1665.0 1950.0
1380.0 1665.0 1950.0
1380.0 1665.0 1950.0
1380.0 1665.0 1950.0
1380.0 1665.0 1950.0
1380.0 1665.0 1950.0
1380.0 1665.0 1950.0
1380.0 1665.0 1950.0
1380.0 1665.0 1950.0
1380.0 1665.0 1950.0
1380.0 1665.0 1950.0
1380.0 1665.0 1950.0
1380.0 1665.0 1950.0
1380.0 1665.0 1950.0
1380.0 1665.0 1950.0
1380.0 1665.0 1950.0
1380.0 1665.0 1950.0
1380.0 1665.0 1950.0
1380.0 1665.0 1950.0
1380.0 1665.0 1950.0
1380.0 1665.0 1950.0
1380.0 1665.0 1950.0
1380.0 1665.0 1950.0
1380.0 1665.0 1950.0
1380.0 1665.0 1950.0
1380.0 1665.0 1950.0
1380.0 1665.0 1950.0
1380.0 1665.0 1950.0
1380.0 1665.0 1950.0
1380.0 1665.0 1950.0
1380.0 1665.0 1950.0
1380.0 1665.0 1950.0
1380.0 1665.0 1950.0
1380.0 1665.0 1950.0
1380.0 1665.0 1950.0
1380.0 1665.0 1950.0
1380.0 1449.5 1519.0
1305.0 1342.5 1380.0
1305.0 1342.5 1380.0
1305.0 1342.5 1380.0
1305.0 1342.5 1380.0
1305.0 1342.5 1380.0
1305.0 1342.5 1380.0
1305.0 1342.5 1380.0
1305.0 1342.5 1380.0
1305.0 1342.5 1380.0
1305.0 1342.5 1380.0
1305.0 1342.5 1380.0
1305.0 1342.5 1380.0
1305.0 1342.5 1380.0
1305.0 1342.5 1380.0
1305.0 1342.5 1380.0
1305.0 1342.5 1380.0
1305.0 1342.5 1380.0
1305.0 1342.5 1380.0
1305.0 1342.5 1380.0
1305.0 1342.5 1380.0
1305.0 1342.5 1380.0
1305.0 1342.5 1380.0
1305.0 1342.5 1380.0
1305.0 1342.5 1380.0
1305.0 1342.5 1380.0
1305.0 1342.5 1380.0
1305.0 1342.5 1380.0
1305.0 1342.5 1380.0
1305.0 1342.5 1380.0
1305.0 1342.5 1380.0
