9470.0 9488.0 9506.0
6871.0 7421.0 7971.0
5216.0 6444.5 7673.0
5145.0 5180.5 5216.0
2804.0 3221.0 3638.0
2282.0 2576.0 2870.0
2282.0 2576.0 2870.0
1684.0 2025.0 2366.0
1684.0 2025.0 2366.0
955.0 1244.5 1534.0
955.0 1244.5 1534.0
955.0 1244.5 1534.0
955.0 1244.5 1534.0
955.0 1244.5 1534.0
955.0 1244.5 1534.0
955.0 1244.5 1534.0
955.0 1244.5 1534.0
955.0 1244.5 1534.0
955.0 1244.5 1534.0
955.0 1244.5 1534.0
955.0 1244.5 1534.0
955.0 1244.5 1534.0
955.0 1244.5 1534.0
955.0 1244.5 1534.0
955.0 1244.5 1534.0
955.0 1244.5 1534.0
955.0 1244.5 1534.0
955.0 1246.5 1538.0
955.0 1246.5 1538.0
955.0 1246.5 1538.0
955.0 1246.5 1538.0
955.0 1246.5 1538.0
955.0 1246.5 1538.0
955.0 1246.5 1538.0
955.0 1246.5 1538.0
955.0 1246.5 1538.0
955.0 1246.5 1538.0
955.0 1246.5 1538.0
955.0 1246.5 1538.0
955.0 1246.5 1538.0
955.0 1246.5 1538.0
955.0 1246.5 1538.0
955.0 1246.5 1538.0
955.0 1246.5 1538.0
955.0 1246.5 1538.0
955.0 1246.5 1538.0
955.0 1189.0 1423.0
955.0 1189.0 1423.0
955.0 1157.0 1359.0
955.0 1157.0 1359.0
955.0 1157.0 1359.0
955.0 1157.0 1359.0
955.0 1157.0 1359.0
955.0 1157.0 1359.0
955.0 1157.0 1359.0
955.0 1157.0 1359.0
955.0 1157.0 1359.0
955.0 1157.0 1359.0
955.0 1157.0 1359.0
955.0 1157.0 1359.0
955.0 1157.0 1359.0
955.0 1157.0 1359.0
955.0 1157.0 1359.0
955.0 1157.0 1359.0
955.0 1157.0 1359.0
955.0 1157.0 1359.0
955.0 1157.0 1359.0
955.0 1157.0 1359.0
955.0 1157.0 1359.0
955.0 1157.0 1359.0
955.0 1157.0 1359.0
955.0 1157.0 1359.0
955.0 1157.0 1359.0
955.0 1157.0 1359.0
955.0 1157.0 1359.0
955.0 1157.0 1359.0
955.0 1157.0 1359.0
955.0 1157.0 1359.0
955.0 1157.0 1359.0
955.0 1157.0 1359.0
955.0 1157.0 1359.0
955.0 1157.0 1359.0
955.0 1157.0 1359.0
955.0 1157.0 1359.0
955.0 1157.0 1359.0
955.0 1157.0 1359.0
955.0 1157.0 1359.0
955.0 1157.0 1359.0
955.0 1157.0 1359.0
955.0 1157.0 1359.0
955.0 1157.0 1359.0
955.0 1157.0 1359.0
955.0 1157.0 1359.0
955.0 1157.0 1359.0
955.0 1157.0 1359.0
955.0 1157.0 1359.0
955.0 1157.0 1359.0
955.0 1157.0 1359.0
955.0 1157.0 1359.0
955.0 1157.0 1359.0
955.0 1157.0 1359.0
955.0 1157.0 1359.0
955.0 1157.0 1359.0
955.0 1157.0 1359.0
955.0 1157.0 1359.0
955.0 1157.0 1359.0
955.0 1157.0 1359.0
955.0 1157.0 1359.0
955.0 1157.0 1359.0
955.0 1157.0 1359.0
955.0 1157.0 1359.0
955.0 1157.0 1359.0
955.0 1157.0 1359.0
955.0 1157.0 1359.0
955.0 1157.0 1359.0
955.0 1157.0 1359.0
955.0 1157.0 1359.0
955.0 1157.0 1359.0
955.0 1157.0 1359.0
955.0 1157.0 1359.0
955.0 1157.0 1359.0
955.0 1157.0 1359.0
955.0 1157.0 1359.0
955.0 1157.0 1359.0
955.0 1157.0 1359.0
955.0 1157.0 1359.0
955.0 1157.0 1359.0
955.0 1157.0 1359.0
955.0 1157.0 1359.0
955.0 1157.0 1359.0
946.0 1152.5 1359.0
946.0 1152.5 1359.0
833.0 1096.0 1359.0
844.0 1101.5 1359.0
844.0 1101.5 1359.0
844.0 1101.5 1359.0
844.0 1101.5 1359.0
844.0 1101.5 1359.0
844.0 1101.5 1359.0
844.0 1101.5 1359.0
844.0 1101.5 1359.0
844.0 1101.5 1359.0
844.0 1101.5 1359.0
844.0 1101.5 1359.0
844.0 1101.5 1359.0
844.0 1101.5 1359.0
844.0 1101.5 1359.0
844.0 1101.5 1359.0
844.0 1101.5 1359.0
844.0 1101.5 1359.0
844.0 1101.5 1359.0
844.0 1101.5 1359.0
844.0 1101.5 1359.0
844.0 1101.5 1359.0
844.0 1101.5 1359.0
844.0 1101.5 1359.0
844.0 1101.5 1359.0
844.0 1101.5 1359.0
844.0 1101.5 1359.0
844.0 1101.5 1359.0
844.0 1101.5 1359.0
844.0 1101.5 1359.0
844.0 1101.5 1359.0
844.0 1101.5 1359.0
844.0 1101.5 1359.0
844.0 1101.5 1359.0
844.0 1101.5 1359.0
844.0 1101.5 1359.0
844.0 1101.5 1359.0
844.0 1101.5 1359.0
844.0 1101.5 1359.0
844.0 1101.5 1359.0
844.0 1101.5 1359.0
844.0 1101.5 1359.0
844.0 1101.5 1359.0
844.0 1101.5 1359.0
844.0 1101.5 1359.0
844.0 1101.5 1359.0
844.0 1101.5 1359.0
844.0 1101.5 1359.0
844.0 1101.5 1359.0
844.0 1101.5 1359.0
844.0 1101.5 1359.0
844.0 1101.5 1359.0
844.0 1101.5 1359.0
844.0 1101.5 1359.0
844.0 1101.5 1359.0
844.0 1101.5 1359.0
844.0 1101.5 1359.0
844.0 1101.5 1359.0
844.0 1101.5 1359.0
844.0 1101.5 1359.0
844.0 1101.5 1359.0
844.0 1101.5 1359.0
844.0 1101.5 1359.0
844.0 1101.5 1359.0
844.0 1101.5 1359.0
844.0 1101.5 1359.0
844.0 1101.5 1359.0
844.0 1101.5 1359.0
