12626.0 14089.5 15553.0
12333.0 12633.5 12934.0
10329.0 10975.5 11622.0
6004.0 7264.0 8524.0
5802.0 6749.0 7696.0
4026.0 4494.5 4963.0
3687.0 3978.5 4270.0
3476.0 3516.0 3556.0
2299.0 2501.5 2704.0
1932.0 2286.0 2640.0
1932.0 2286.0 2640.0
1932.0 2286.0 2640.0
1932.0 2286.0 2640.0
1932.0 1981.5 2031.0
1932.0 2095.0 2258.0
1932.0 2095.0 2258.0
1932.0 2095.0 2258.0
1932.0 2095.0 2258.0
1932.0 2095.0 2258.0
1890.0 1911.0 1932.0
1890.0 1911.0 1932.0
1581.0 1756.5 1932.0
1248.0 1590.0 1932.0
1248.0 1590.0 1932.0
1248.0 1590.0 1932.0
1248.0 1590.0 1932.0
1248.0 1590.0 1932.0
1248.0 1727.5 2207.0
1248.0 1591.0 1934.0
1248.0 1444.5 1641.0
1248.0 1444.5 1641.0
1248.0 1444.5 1641.0
1248.0 1444.5 1641.0
1248.0 1444.5 1641.0
1248.0 1444.5 1641.0
1248.0 1444.5 1641.0
1248.0 1444.5 1641.0
1248.0 1444.5 1641.0
1248.0 1444.5 1641.0
1248.0 1444.5 1641.0
1248.0 1444.5 1641.0
1248.0 1444.5 1641.0
1248.0 1444.5 1641.0
1248.0 1444.5 1641.0
1248.0 1444.5 1641.0
1248.0 1444.5 1641.0
1248.0 1444.5 1641.0
1248.0 1444.5 1641.0
1248.0 1444.5 1641.0
1248.0 1444.5 1641.0
1248.0 1444.5 1641.0
1248.0 1444.5 1641.0
1248.0 1444.5 1641.0
1248.0 1444.5 1641.0
1248.0 1444.5 1641.0
1248.0 1444.5 1641.0
1248.0 1444.5 1641.0
1248.0 1444.5 1641.0
1248.0 1444.5 1641.0
1248.0 1444.5 1641.0
1248.0 1444.5 1641.0
1248.0 1444.5 1641.0
1248.0 1444.5 1641.0
1248.0 1444.5 1641.0
1248.0 1444.5 1641.0
1248.0 1444.5 1641.0
1248.0 1444.5 1641.0
1248.0 1444.5 1641.0
1248.0 1444.5 1641.0
1248.0 1444.5 1641.0
1248.0 1444.5 1641.0
1248.0 1444.5 1641.0
1248.0 1444.5 1641.0
1248.0 1444.5 1641.0
1248.0 1444.5 1641.0
1248.0 1444.5 1641.0
1248.0 1444.5 1641.0
1248.0 1444.5 1641.0
1248.0 1444.5 1641.0
1248.0 1444.5 1641.0
1248.0 1444.5 1641.0
1248.0 1444.5 1641.0
1248.0 1444.5 1641.0
1248.0 1444.5 1641.0
1248.0 1444.5 1641.0
1248.0 1444.5 1641.0
1248.0 1444.5 1641.0
1248.0 1444.5 1641.0
1248.0 1444.5 1641.0
1248.0 1444.5 1641.0
1248.0 1444.5 1641.0
1248.0 1444.5 1641.0
1248.0 1444.5 1641.0
1248.0 1444.5 1641.0
1248.0 1444.5 1641.0
1248.0 1444.5 1641.0
1248.0 1444.5 1641.0
1248.0 1444.5 1641.0
1248.0 1444.5 1641.0
1248.0 1444.5 1641.0
1248.0 1444.5 1641.0
1248.0 1444.5 1641.0
1248.0 1444.5 1641.0
1248.0 1444.5 1641.0
1248.0 1444.5 1641.0
1248.0 1444.5 1641.0
1248.0 1444.5 1641.0
1248.0 1444.5 1641.0
1248.0 1444.5 1641.0
1248.0 1444.5 1641.0
1248.0 1444.5 1641.0
1248.0 1444.5 1641.0
1248.0 1444.5 1641.0
1248.0 1444.5 1641.0
1248.0 1444.5 1641.0
1248.0 1444.5 1641.0
1248.0 1444.5 1641.0
1248.0 1444.5 1641.0
1248.0 1444.5 1641.0
1248.0 1358.0 1468.0
1022.0 1135.0 1248.0
1022.0 1135.0 1248.0
1022.0 1135.0 1248.0
1022.0 1135.0 1248.0
1022.0 1135.0 1248.0
1022.0 1135.0 1248.0
1022.0 1135.0 1248.0
1022.0 1135.0 1248.0
1022.0 1135.0 1248.0
1022.0 1135.0 1248.0
1022.0 1135.0 1248.0
1022.0 1135.0 1248.0
1022.0 1135.0 1248.0
1022.0 1135.0 1248.0
1022.0 1135.0 1248.0
1022.0 1135.0 1248.0
1022.0 1135.0 1248.0
1022.0 1135.0 1248.0
1022.0 1135.0 1248.0
1022.0 1135.0 1248.0
1022.0 1135.0 1248.0
1022.0 1135.0 1248.0
1022.0 1135.0 1248.0
1022.0 1135.0 1248.0
1022.0 1135.0 1248.0
1022.0 1135.0 1248.0
1022.0 1135.0 1248.0
1022.0 1135.0 1248.0
1022.0 1135.0 1248.0
1022.0 1135.0 1248.0
1022.0 1135.0 1248.0
1022.0 1135.0 1248.0
1022.0 1135.0 1248.0
1022.0 1135.0 1248.0
1022.0 1135.0 1248.0
1022.0 1135.0 1248.0
1022.0 1135.0 1248.0
1022.0 1135.0 1248.0
1022.0 1135.0 1248.0
1022.0 1135.0 1248.0
1022.0 1135.0 1248.0
1022.0 1135.0 1248.0
1022.0 1135.0 1248.0
1022.0 1135.0 1248.0
1022.0 1135.0 1248.0
1022.0 1135.0 1248.0
1022.0 1135.0 1248.0
1022.0 1135.0 1248.0
1022.0 1135.0 1248.0
1022.0 1135.0 1248.0
1022.0 1135.0 1248.0
1022.0 1135.0 1248.0
1022.0 1135.0 1248.0
1022.0 1135.0 1248.0
1022.0 1135.0 1248.0
1022.0 1135.0 1248.0
1022.0 1135.0 1248.0
1022.0 1135.0 1248.0
1022.0 1135.0 1248.0
1022.0 1135.0 1248.0
1022.0 1135.0 1248.0
1022.0 1135.0 1248.0
1022.0 1135.0 1248.0
1022.0 1135.0 1248.0
1022.0 1135.0 1248.0
1022.0 1135.0 1248.0
1022.0 1135.0 1248.0
1022.0 1135.0 1248.0
1022.0 1135.0 1248.0
1022.0 1135.0 1248.0
1022.0 1135.0 1248.0
1022.0 1135.0 1248.0
1022.0 1135.0 1248.0
1022.0 1135.0 1248.0
1022.0 1135.0 1248.0
1022.0 1135.0 1248.0
1022.0 1135.0 1248.0
1022.0 1135.0 1248.0
1022.0 1135.0 1248.0
1022.0 1135.0 1248.0
