10791.0 11258.0 11725.0
8988.0 9864.5 10741.0
6805.0 7317.5 7830.0
4965.0 6144.5 7324.0
3752.0 5463.0 7174.0
3517.0 3634.5 3752.0
3168.0 3342.5 3517.0
3102.0 3582.0 4062.0
2453.0 2874.0 3295.0
2282.0 2367.5 2453.0
2282.0 2520.5 2759.0
2065.0 2284.0 2503.0
1861.0 1963.0 2065.0
1861.0 1963.0 2065.0
1861.0 1963.0 2065.0
1861.0 1963.0 2065.0
1861.0 1963.0 2065.0
1861.0 1963.0 2065.0
1861.0 1963.0 2065.0
1861.0 1963.0 2065.0
1861.0 1963.0 2065.0
1861.0 1963.0 2065.0
1861.0 1963.0 2065.0
1861.0 1963.0 2065.0
1861.0 1963.0 2065.0
1861.0 1963.0 2065.0
1861.0 1963.0 2065.0
1861.0 1929.0 1997.0
1893.0 1945.0 1997.0
1416.0 1548.0 1680.0
1416.0 1654.5 1893.0
1416.0 1654.5 1893.0
1416.0 1486.5 1557.0
1416.0 1486.5 1557.0
1416.0 1486.5 1557.0
1416.0 1486.5 1557.0
1416.0 1486.5 1557.0
1416.0 1486.5 1557.0
1416.0 1486.5 1557.0
1416.0 1486.5 1557.0
1416.0 1486.5 1557.0
1416.0 1486.5 1557.0
1416.0 1486.5 1557.0
1416.0 1486.5 1557.0
1354.0 1455.5 1557.0
1264.0 1410.5 1557.0
1264.0 1410.5 1557.0
1264.0 1410.5 1557.0
1264.0 1410.5 1557.0
1264.0 1410.5 1557.0
1264.0 1410.5 1557.0
1264.0 1410.5 1557.0
1264.0 1410.5 1557.0
1264.0 1410.5 1557.0
1264.0 1410.5 1557.0
1264.0 1410.5 1557.0
1264.0 1410.5 1557.0
1264.0 1410.5 1557.0
1264.0 1410.5 1557.0
1264.0 1410.5 1557.0
1264.0 1410.5 1557.0
1264.0 1410.5 1557.0
1264.0 1410.5 1557.0
1264.0 1410.5 1557.0
1264.0 1410.5 1557.0
1264.0 1410.5 1557.0
1264.0 1410.5 1557.0
1264.0 1410.5 1557.0
1264.0 1410.5 1557.0
1264.0 1410.5 1557.0
1264.0 1410.5 1557.0
1264.0 1410.5 1557.0
1264.0 1410.5 1557.0
1264.0 1410.5 1557.0
1264.0 1410.5 1557.0
1264.0 1410.5 1557.0
1264.0 1410.5 1557.0
1264.0 1410.5 1557.0
1264.0 1410.5 1557.0
1264.0 1410.5 1557.0
1264.0 1410.5 1557.0
1264.0 1410.5 1557.0
1264.0 1410.5 1557.0
1264.0 1410.5 1557.0
1264.0 1410.5 1557.0
1264.0 1410.5 1557.0
1264.0 1410.5 1557.0
1264.0 1512.0 1760.0
1264.0 1387.5 1511.0
1264.0 1387.5 1511.0
1264.0 1387.5 1511.0
1264.0 1387.5 1511.0
1264.0 1387.5 1511.0
1264.0 1387.5 1511.0
1264.0 1387.5 1511.0
1264.0 1387.5 1511.0
1264.0 1387.5 1511.0
1264.0 1387.5 1511.0
1264.0 1387.5 1511.0
1264.0 1387.5 1511.0
1264.0 1387.5 1511.0
1264.0 1387.5 1511.0
1264.0 1387.5 1511.0
1264.0 1387.5 1511.0
1264.0 1387.5 1511.0
1264.0 1387.5 1511.0
1264.0 1387.5 1511.0
1264.0 1387.5 1511.0
1264.0 1387.5 1511.0
1264.0 1387.5 1511.0
1264.0 1387.5 1511.0
1264.0 1387.5 1511.0
1264.0 1387.5 1511.0
1264.0 1387.5 1511.0
1264.0 1387.5 1511.0
1264.0 1387.5 1511.0
1264.0 1387.5 1511.0
1264.0 1387.5 1511.0
1264.0 1387.5 1511.0
1264.0 1387.5 1511.0
1264.0 1387.5 1511.0
1264.0 1387.5 1511.0
1264.0 1387.5 1511.0
1264.0 1387.5 1511.0
1264.0 1387.5 1511.0
1264.0 1387.5 1511.0
1264.0 1387.5 1511.0
1264.0 1387.5 1511.0
1264.0 1387.5 1511.0
1264.0 1387.5 1511.0
1264.0 1387.5 1511.0
1264.0 1387.5 1511.0
1264.0 1387.5 1511.0
1264.0 1387.5 1511.0
1264.0 1387.5 1511.0
1264.0 1387.5 1511.0
1264.0 1387.5 1511.0
1264.0 1387.5 1511.0
1264.0 1387.5 1511.0
1264.0 1387.5 1511.0
1264.0 1387.5 1511.0
1264.0 1387.5 1511.0
1264.0 1387.5 1511.0
1264.0 1387.5 1511.0
1264.0 1387.5 1511.0
1264.0 1387.5 1511.0
1264.0 1387.5 1511.0
1264.0 1387.5 1511.0
1264.0 1387.5 1511.0
1264.0 1387.5 1511.0
1264.0 1387.5 1511.0
1264.0 1387.5 1511.0
1264.0 1387.5 1511.0
1264.0 1387.5 1511.0
1264.0 1387.5 1511.0
1264.0 1387.5 1511.0
1264.0 1387.5 1511.0
1264.0 1387.5 1511.0
1264.0 1387.5 1511.0
1264.0 1387.5 1511.0
1264.0 1387.5 1511.0
1264.0 1387.5 1511.0
1264.0 1387.5 1511.0
1264.0 1387.5 1511.0
1264.0 1387.5 1511.0
1264.0 1387.5 1511.0
1264.0 1387.5 1511.0
1264.0 1387.5 1511.0
1264.0 1387.5 1511.0
1264.0 1387.5 1511.0
1264.0 1387.5 1511.0
1264.0 1387.5 1511.0
1264.0 1387.5 1511.0
1264.0 1387.5 1511.0
1264.0 1387.5 1511.0
1264.0 1387.5 1511.0
1264.0 1387.5 1511.0
1264.0 1387.5 1511.0
1264.0 1387.5 1511.0
1264.0 1387.5 1511.0
1264.0 1387.5 1511.0
1264.0 1387.5 1511.0
1264.0 1387.5 1511.0
1264.0 1387.5 1511.0
1264.0 1387.5 1511.0
1264.0 1387.5 1511.0
1264.0 1387.5 1511.0
1264.0 1387.5 1511.0
1264.0 1387.5 1511.0
1264.0 1387.5 1511.0
1264.0 1387.5 1511.0
1264.0 1387.5 1511.0
1264.0 1387.5 1511.0
1264.0 1387.5 1511.0
1264.0 1387.5 1511.0
1264.0 1387.5 1511.0
1264.0 1387.5 1511.0
1264.0 1387.5 1511.0
1264.0 1387.5 1511.0
1264.0 1387.5 1511.0
