12259.0 12607.0 12955.0
10188.0 10552.5 10917.0
8555.0 8723.0 8891.0
6142.0 7616.0 9090.0
3898.0 4432.0 4966.0
3091.0 3536.5 3982.0
3294.0 3498.5 3703.0
2864.0 3010.0 3156.0
969.0 1759.0 2549.0
969.0 1409.0 1849.0
969.0 1409.0 1849.0
969.0 1409.0 1849.0
969.0 1291.0 1613.0
969.0 1364.0 1759.0
969.0 1369.0 1769.0
875.0 922.0 969.0
875.0 922.0 969.0
875.0 922.0 969.0
875.0 922.0 969.0
875.0 922.0 969.0
875.0 922.0 969.0
875.0 922.0 969.0
875.0 922.0 969.0
875.0 922.0 969.0
875.0 922.0 969.0
875.0 922.0 969.0
875.0 922.0 969.0
875.0 922.0 969.0
875.0 922.0 969.0
875.0 922.0 969.0
875.0 922.0 969.0
875.0 922.0 969.0
875.0 922.0 969.0
875.0 922.0 969.0
875.0 922.0 969.0
875.0 922.0 969.0
875.0 922.0 969.0
875.0 922.0 969.0
875.0 922.0 969.0
875.0 922.0 969.0
875.0 922.0 969.0
875.0 922.0 969.0
875.0 922.0 969.0
875.0 922.0 969.0
875.0 922.0 969.0
875.0 922.0 969.0
875.0 922.0 969.0
875.0 922.0 969.0
875.0 922.0 969.0
875.0 922.0 969.0
875.0 922.0 969.0
875.0 922.0 969.0
875.0 922.0 969.0
875.0 1006.0 1137.0
875.0 1006.0 1137.0
875.0 897.0 919.0
875.0 897.0 919.0
875.0 897.0 919.0
875.0 897.0 919.0
875.0 897.0 919.0
875.0 897.0 919.0
875.0 897.0 919.0
875.0 897.0 919.0
875.0 897.0 919.0
875.0 897.0 919.0
875.0 897.0 919.0
875.0 897.0 919.0
875.0 897.0 919.0
875.0 897.0 919.0
875.0 897.0 919.0
875.0 897.0 919.0
875.0 897.0 919.0
875.0 897.0 919.0
875.0 897.0 919.0
875.0 897.0 919.0
875.0 897.0 919.0
875.0 897.0 919.0
875.0 897.0 919.0
875.0 897.0 919.0
875.0 897.0 919.0
875.0 897.0 919.0
875.0 897.0 919.0
875.0 897.0 919.0
875.0 897.0 919.0
875.0 897.0 919.0
875.0 897.0 919.0
875.0 897.0 919.0
875.0 897.0 919.0
875.0 897.0 919.0
875.0 897.0 919.0
875.0 897.0 919.0
875.0 897.0 919.0
875.0 897.0 919.0
875.0 897.0 919.0
875.0 897.0 919.0
875.0 897.0 919.0
875.0 897.0 919.0
875.0 897.0 919.0
875.0 897.0 919.0
875.0 897.0 919.0
875.0 897.0 919.0
875.0 897.0 919.0
875.0 897.0 919.0
875.0 897.0 919.0
875.0 897.0 919.0
875.0 897.0 919.0
875.0 897.0 919.0
875.0 897.0 919.0
875.0 897.0 919.0
875.0 897.0 919.0
875.0 897.0 919.0
875.0 897.0 919.0
875.0 897.0 919.0
875.0 897.0 919.0
875.0 897.0 919.0
875.0 897.0 919.0
875.0 897.0 919.0
875.0 897.0 919.0
875.0 897.0 919.0
875.0 897.0 919.0
875.0 897.0 919.0
875.0 897.0 919.0
875.0 897.0 919.0
875.0 897.0 919.0
875.0 897.0 919.0
875.0 897.0 919.0
875.0 897.0 919.0
875.0 897.0 919.0
875.0 897.0 919.0
875.0 897.0 919.0
875.0 897.0 919.0
875.0 897.0 919.0
875.0 897.0 919.0
875.0 897.0 919.0
875.0 897.0 919.0
875.0 897.0 919.0
875.0 897.0 919.0
875.0 897.0 919.0
875.0 897.0 919.0
875.0 897.0 919.0
875.0 897.0 919.0
875.0 897.0 919.0
875.0 897.0 919.0
875.0 897.0 919.0
875.0 897.0 919.0
875.0 897.0 919.0
875.0 897.0 919.0
875.0 897.0 919.0
875.0 897.0 919.0
875.0 897.0 919.0
875.0 897.0 919.0
875.0 897.0 919.0
875.0 897.0 919.0
875.0 897.0 919.0
875.0 897.0 919.0
875.0 897.0 919.0
875.0 897.0 919.0
875.0 897.0 919.0
875.0 897.0 919.0
875.0 897.0 919.0
875.0 897.0 919.0
875.0 897.0 919.0
875.0 897.0 919.0
875.0 897.0 919.0
875.0 897.0 919.0
875.0 897.0 919.0
875.0 897.0 919.0
875.0 897.0 919.0
875.0 897.0 919.0
875.0 897.0 919.0
875.0 897.0 919.0
875.0 897.0 919.0
875.0 897.0 919.0
875.0 897.0 919.0
875.0 897.0 919.0
875.0 897.0 919.0
875.0 897.0 919.0
875.0 897.0 919.0
875.0 897.0 919.0
875.0 897.0 919.0
875.0 897.0 919.0
875.0 897.0 919.0
875.0 897.0 919.0
875.0 897.0 919.0
875.0 897.0 919.0
875.0 897.0 919.0
875.0 897.0 919.0
875.0 897.0 919.0
875.0 897.0 919.0
875.0 897.0 919.0
875.0 897.0 919.0
875.0 897.0 919.0
875.0 897.0 919.0
875.0 897.0 919.0
875.0 897.0 919.0
875.0 897.0 919.0
875.0 897.0 919.0
875.0 897.0 919.0
875.0 897.0 919.0
875.0 897.0 919.0
