12208.0 14129.5 16051.0
11434.0 11530.5 11627.0
8503.0 8704.5 8906.0
7897.0 9042.0 10187.0
6652.0 7277.0 7902.0
6504.0 7329.0 8154.0
5008.0 6427.5 7847.0
5008.0 5697.0 6386.0
3168.0 3566.0 3964.0
2512.0 2839.5 3167.0
2512.0 2839.5 3167.0
2512.0 2839.5 3167.0
2512.0 2839.5 3167.0
2512.0 2839.5 3167.0
2512.0 2839.5 3167.0
2512.0 2839.5 3167.0
2512.0 2839.5 3167.0
2512.0 2839.5 3167.0
2512.0 2839.5 3167.0
2512.0 2839.5 3167.0
2512.0 2839.5 3167.0
2512.0 2839.5 3167.0
2512.0 2906.5 3301.0
2411.0 2461.5 2512.0
2362.0 2363.5 2365.0
1549.0 1957.0 2365.0
1549.0 1957.0 2365.0
1549.0 1957.0 2365.0
1549.0 1957.0 2365.0
1549.0 1957.0 2365.0
1549.0 1957.0 2365.0
1549.0 1957.0 2365.0
1549.0 1957.0 2365.0
1549.0 1957.0 2365.0
1549.0 1957.0 2365.0
1549.0 1957.0 2365.0
1549.0 1957.0 2365.0
1549.0 1957.0 2365.0
1549.0 1957.0 2365.0
1549.0 1957.0 2365.0
1549.0 1957.0 2365.0
1549.0 1957.0 2365.0
1549.0 1957.0 2365.0
1549.0 1957.0 2365.0
1549.0 1957.0 2365.0
1549.0 1957.0 2365.0
1549.0 1957.0 2365.0
1549.0 1729.0 1909.0
1549.0 1729.0 1909.0
1549.0 1729.0 1909.0
1549.0 1729.0 1909.0
1549.0 1729.0 1909.0
1549.0 1729.0 1909.0
1549.0 1729.0 1909.0
1549.0 1729.0 1909.0
1549.0 1729.0 1909.0
1549.0 1729.0 1909.0
1549.0 1729.0 1909.0
1549.0 1729.0 1909.0
1549.0 1729.0 1909.0
1549.0 1729.0 1909.0
1549.0 1729.0 1909.0
1549.0 1729.0 1909.0
1549.0 1729.0 1909.0
1797.0 1853.0 1909.0
1453.0 1681.0 1909.0
1453.0 1681.0 1909.0
1453.0 1681.0 1909.0
1453.0 1681.0 1909.0
1453.0 1681.0 1909.0
1453.0 1681.0 1909.0
1453.0 1681.0 1909.0
1453.0 1681.0 1909.0
1453.0 1681.0 1909.0
1453.0 1681.0 1909.0
1453.0 1681.0 1909.0
1453.0 1681.0 1909.0
1453.0 1681.0 1909.0
1453.0 1681.0 1909.0
1453.0 1681.0 1909.0
1027.0 1240.0 1453.0
1027.0 1240.0 1453.0
1027.0 1240.0 1453.0
1027.0 1240.0 1453.0
1027.0 1240.0 1453.0
1027.0 1240.0 1453.0
1027.0 1240.0 1453.0
1027.0 1240.0 1453.0
1027.0 1240.0 1453.0
1027.0 1240.0 1453.0
1027.0 1240.0 1453.0
1027.0 1240.0 1453.0
1027.0 1240.0 1453.0
1027.0 1240.0 1453.0
1027.0 1240.0 1453.0
1027.0 1240.0 1453.0
1027.0 1240.0 1453.0
1027.0 1240.0 1453.0
1027.0 1240.0 1453.0
1027.0 1240.0 1453.0
1027.0 1240.0 1453.0
1027.0 1240.0 1453.0
1027.0 1240.0 1453.0
1027.0 1240.0 1453.0
1027.0 1240.0 1453.0
1027.0 1240.0 1453.0
1027.0 1240.0 1453.0
1027.0 1240.0 1453.0
1027.0 1240.0 1453.0
1027.0 1240.0 1453.0
1027.0 1240.0 1453.0
1027.0 1240.0 1453.0
1027.0 1240.0 1453.0
1027.0 1240.0 1453.0
1027.0 1240.0 1453.0
1027.0 1240.0 1453.0
1027.0 1240.0 1453.0
1027.0 1240.0 1453.0
1027.0 1240.0 1453.0
1027.0 1240.0 1453.0
1027.0 1240.0 1453.0
1027.0 1240.0 1453.0
1027.0 1240.0 1453.0
1027.0 1240.0 1453.0
1027.0 1240.0 1453.0
1027.0 1240.0 1453.0
1027.0 1240.0 1453.0
1027.0 1240.0 1453.0
1027.0 1240.0 1453.0
1027.0 1240.0 1453.0
1027.0 1240.0 1453.0
1027.0 1240.0 1453.0
1027.0 1240.0 1453.0
1027.0 1240.0 1453.0
1027.0 1240.0 1453.0
1027.0 1240.0 1453.0
1027.0 1240.0 1453.0
1027.0 1240.0 1453.0
1027.0 1240.0 1453.0
1027.0 1240.0 1453.0
1027.0 1240.0 1453.0
1027.0 1240.0 1453.0
1027.0 1240.0 1453.0
1027.0 1240.0 1453.0
1027.0 1240.0 1453.0
1027.0 1240.0 1453.0
1027.0 1240.0 1453.0
1027.0 1240.0 1453.0
1027.0 1240.0 1453.0
1027.0 1240.0 1453.0
1027.0 1240.0 1453.0
1027.0 1240.0 1453.0
1027.0 1240.0 1453.0
1027.0 1240.0 1453.0
1027.0 1240.0 1453.0
1027.0 1240.0 1453.0
1027.0 1240.0 1453.0
1027.0 1240.0 1453.0
1027.0 1240.0 1453.0
1027.0 1240.0 1453.0
1027.0 1240.0 1453.0
1027.0 1240.0 1453.0
1027.0 1240.0 1453.0
1027.0 1240.0 1453.0
1027.0 1240.0 1453.0
1027.0 1240.0 1453.0
1027.0 1240.0 1453.0
1027.0 1240.0 1453.0
1027.0 1240.0 1453.0
1027.0 1240.0 1453.0
1027.0 1240.0 1453.0
1027.0 1240.0 1453.0
1027.0 1240.0 1453.0
1027.0 1240.0 1453.0
1027.0 1240.0 1453.0
1027.0 1240.0 1453.0
1027.0 1240.0 1453.0
1027.0 1240.0 1453.0
1027.0 1240.0 1453.0
1027.0 1240.0 1453.0
1027.0 1240.0 1453.0
1027.0 1240.0 1453.0
1027.0 1240.0 1453.0
1027.0 1240.0 1453.0
1027.0 1240.0 1453.0
1027.0 1240.0 1453.0
1027.0 1240.0 1453.0
1027.0 1240.0 1453.0
1027.0 1240.0 1453.0
1027.0 1240.0 1453.0
1027.0 1240.0 1453.0
1027.0 1240.0 1453.0
1027.0 1240.0 1453.0
1027.0 1240.0 1453.0
1027.0 1240.0 1453.0
1027.0 1240.0 1453.0
1027.0 1240.0 1453.0
1027.0 1240.0 1453.0
1027.0 1240.0 1453.0
1027.0 1240.0 1453.0
