14032.0 14692.5 15353.0
13689.0 13861.0 14033.0
11225.0 12088.5 12952.0
8603.0 9348.5 10094.0
6611.0 7454.5 8298.0
4375.0 5894.5 7414.0
4342.0 4358.5 4375.0
4342.0 4358.5 4375.0
4375.0 5100.0 5825.0
3593.0 3782.0 3971.0
3488.0 3729.5 3971.0
3356.0 3508.0 3660.0
3171.0 3228.5 3286.0
2545.0 2915.5 3286.0
2826.0 3056.0 3286.0
2545.0 2915.5 3286.0
2482.0 2884.0 3286.0
2482.0 2884.0 3286.0
2482.0 2702.0 2922.0
2482.0 2702.0 2922.0
2482.0 2537.0 2592.0
2482.0 2537.0 2592.0
2482.0 2537.0 2592.0
2482.0 2537.0 2592.0
2482.0 2537.0 2592.0
2482.0 2537.0 2592.0
2482.0 2537.0 2592.0
2482.0 2537.0 2592.0
2482.0 2537.0 2592.0
2482.0 2537.0 2592.0
2482.0 2537.0 2592.0
2482.0 2537.0 2592.0
2482.0 2537.0 2592.0
2482.0 2537.0 2592.0
2482.0 2537.0 2592.0
1811.0 2201.5 2592.0
1446.0 2019.0 2592.0
1446.0 2019.0 2592.0
1446.0 2019.0 2592.0
1446.0 2019.0 2592.0
1446.0 2019.0 2592.0
1446.0 2019.0 2592.0
1446.0 1691.5 1937.0
1446.0 1691.5 1937.0
1446.0 1691.5 1937.0
1446.0 1691.5 1937.0
1446.0 1691.5 1937.0
1446.0 1691.5 1937.0
1446.0 1691.5 1937.0
1446.0 1691.5 1937.0
1446.0 1691.5 1937.0
1446.0 1691.5 1937.0
1446.0 1691.5 1937.0
1446.0 1691.5 1937.0
1446.0 1691.5 1937.0
1446.0 1691.5 1937.0
1446.0 1691.5 1937.0
1446.0 1691.5 1937.0
1446.0 1691.5 1937.0
1446.0 1691.5 1937.0
1446.0 1691.5 1937.0
1446.0 1691.5 1937.0
1446.0 1691.5 1937.0
1446.0 1691.5 1937.0
1446.0 1691.5 1937.0
1446.0 1691.5 1937.0
1446.0 1680.5 1915.0
1446.0 1680.5 1915.0
1446.0 1680.5 1915.0
1446.0 1680.5 1915.0
1446.0 1680.5 1915.0
1446.0 1680.5 1915.0
1446.0 1680.5 1915.0
1546.0 1730.5 1915.0
1036.0 1475.5 1915.0
1036.0 1475.5 1915.0
1036.0 1475.5 1915.0
1036.0 1475.5 1915.0
1036.0 1475.5 1915.0
1036.0 1475.5 1915.0
1036.0 1475.5 1915.0
1036.0 1475.5 1915.0
1036.0 1475.5 1915.0
1036.0 1475.5 1915.0
1036.0 1475.5 1915.0
1036.0 1475.5 1915.0
1036.0 1475.5 1915.0
1036.0 1475.5 1915.0
1036.0 1475.5 1915.0
1036.0 1475.5 1915.0
1036.0 1475.5 1915.0
1036.0 1475.5 1915.0
1036.0 1475.5 1915.0
1036.0 1475.5 1915.0
1036.0 1475.5 1915.0
1036.0 1475.5 1915.0
1036.0 1475.5 1915.0
1036.0 1475.5 1915.0
1036.0 1475.5 1915.0
1036.0 1475.5 1915.0
1036.0 1475.5 1915.0
1036.0 1475.5 1915.0
1036.0 1475.5 1915.0
1036.0 1475.5 1915.0
1036.0 1475.5 1915.0
1036.0 1475.5 1915.0
1036.0 1475.5 1915.0
1036.0 1475.5 1915.0
1036.0 1475.5 1915.0
1036.0 1475.5 1915.0
1036.0 1475.5 1915.0
1036.0 1475.5 1915.0
1036.0 1475.5 1915.0
1036.0 1475.5 1915.0
1036.0 1475.5 1915.0
1036.0 1475.5 1915.0
1036.0 1475.5 1915.0
1036.0 1475.5 1915.0
1036.0 1475.5 1915.0
1036.0 1475.5 1915.0
1036.0 1475.5 1915.0
1036.0 1475.5 1915.0
1036.0 1475.5 1915.0
1036.0 1475.5 1915.0
1036.0 1475.5 1915.0
1036.0 1475.5 1915.0
1036.0 1475.5 1915.0
1036.0 1475.5 1915.0
1036.0 1475.5 1915.0
1036.0 1475.5 1915.0
1036.0 1475.5 1915.0
1036.0 1475.5 1915.0
1036.0 1475.5 1915.0
1036.0 1475.5 1915.0
1036.0 1475.5 1915.0
1036.0 1475.5 1915.0
1036.0 1475.5 1915.0
1036.0 1475.5 1915.0
1036.0 1475.5 1915.0
1036.0 1475.5 1915.0
1036.0 1475.5 1915.0
1036.0 1475.5 1915.0
1036.0 1475.5 1915.0
1036.0 1475.5 1915.0
1036.0 1475.5 1915.0
1036.0 1475.5 1915.0
1036.0 1475.5 1915.0
1036.0 1475.5 1915.0
1036.0 1475.5 1915.0
1036.0 1475.5 1915.0
1036.0 1475.5 1915.0
1036.0 1475.5 1915.0
1036.0 1475.5 1915.0
1036.0 1475.5 1915.0
1036.0 1475.5 1915.0
1036.0 1475.5 1915.0
1036.0 1475.5 1915.0
1036.0 1475.5 1915.0
1036.0 1475.5 1915.0
1036.0 1475.5 1915.0
1036.0 1475.5 1915.0
1036.0 1475.5 1915.0
1036.0 1475.5 1915.0
1036.0 1475.5 1915.0
1036.0 1475.5 1915.0
1036.0 1475.5 1915.0
1036.0 1475.5 1915.0
1036.0 1475.5 1915.0
1036.0 1475.5 1915.0
1036.0 1475.5 1915.0
1036.0 1475.5 1915.0
1036.0 1475.5 1915.0
1036.0 1475.5 1915.0
1036.0 1475.5 1915.0
1036.0 1475.5 1915.0
1036.0 1475.5 1915.0
1036.0 1475.5 1915.0
1036.0 1475.5 1915.0
1036.0 1475.5 1915.0
1036.0 1475.5 1915.0
1036.0 1475.5 1915.0
1036.0 1475.5 1915.0
1036.0 1475.5 1915.0
1036.0 1475.5 1915.0
1036.0 1475.5 1915.0
1036.0 1475.5 1915.0
1036.0 1475.5 1915.0
1036.0 1475.5 1915.0
1036.0 1475.5 1915.0
1036.0 1475.5 1915.0
1036.0 1475.5 1915.0
1036.0 1475.5 1915.0
1036.0 1475.5 1915.0
1036.0 1475.5 1915.0
1036.0 1475.5 1915.0
1036.0 1475.5 1915.0
1036.0 1475.5 1915.0
1036.0 1475.5 1915.0
1036.0 1475.5 1915.0
1036.0 1475.5 1915.0
