13054.0 13898.5 14743.0
11087.0 11324.5 11562.0
6570.0 8038.0 9506.0
5097.0 7050.0 9003.0
6340.0 8140.5 9941.0
5243.0 6781.5 8320.0
5243.0 5923.5 6604.0
5243.0 5532.5 5822.0
3291.0 4510.5 5730.0
4017.0 4656.5 5296.0
2425.0 3860.5 5296.0
2425.0 2580.0 2735.0
2425.0 2580.0 2735.0
2425.0 2722.0 3019.0
2315.0 2326.5 2338.0
2237.0 2276.0 2315.0
2237.0 2276.0 2315.0
2237.0 2276.0 2315.0
2237.0 2276.0 2315.0
2237.0 2276.0 2315.0
2237.0 2276.0 2315.0
2237.0 2276.0 2315.0
2237.0 2276.0 2315.0
2237.0 2276.0 2315.0
2237.0 2276.0 2315.0
2237.0 2276.0 2315.0
2237.0 2276.0 2315.0
2237.0 2276.0 2315.0
2237.0 2276.0 2315.0
2237.0 2276.0 2315.0
2237.0 2276.0 2315.0
2237.0 2276.0 2315.0
2237.0 2276.0 2315.0
2237.0 2276.0 2315.0
2237.0 2276.0 2315.0
2237.0 2276.0 2315.0
2237.0 2276.0 2315.0
2237.0 2276.0 2315.0
2237.0 2276.0 2315.0
2237.0 2276.0 2315.0
2237.0 2276.0 2315.0
2237.0 2276.0 2315.0
2237.0 2276.0 2315.0
2237.0 2276.0 2315.0
2237.0 2276.0 2315.0
2237.0 2276.0 2315.0
2237.0 2276.0 2315.0
2237.0 2276.0 2315.0
2237.0 2276.0 2315.0
2237.0 2276.0 2315.0
2237.0 2276.0 2315.0
2237.0 2276.0 2315.0
2237.0 2276.0 2315.0
2237.0 2276.0 2315.0
2237.0 2276.0 2315.0
2237.0 2276.0 2315.0
2237.0 2276.0 2315.0
2237.0 2276.0 2315.0
2237.0 2276.0 2315.0
2237.0 2276.0 2315.0
2237.0 2276.0 2315.0
2237.0 2276.0 2315.0
2237.0 2276.0 2315.0
2237.0 2276.0 2315.0
2237.0 2276.0 2315.0
2237.0 2276.0 2315.0
2237.0 2276.0 2315.0
2237.0 2276.0 2315.0
2237.0 2276.0 2315.0
2237.0 2276.0 2315.0
2237.0 2276.0 2315.0
2237.0 2276.0 2315.0
2237.0 2276.0 2315.0
2237.0 2276.0 2315.0
2237.0 2276.0 2315.0
2237.0 2276.0 2315.0
2237.0 2276.0 2315.0
2237.0 2276.0 2315.0
2237.0 2276.0 2315.0
2237.0 2276.0 2315.0
2237.0 2276.0 2315.0
2237.0 2276.0 2315.0
2237.0 2276.0 2315.0
2237.0 2276.0 2315.0
2237.0 2276.0 2315.0
2237.0 2276.0 2315.0
1664.0 1950.5 2237.0
1403.0 1820.0 2237.0
1403.0 1820.0 2237.0
1403.0 1820.0 2237.0
1403.0 1820.0 2237.0
1403.0 1820.0 2237.0
1403.0 1820.0 2237.0
1403.0 1820.0 2237.0
1403.0 1820.0 2237.0
1403.0 1820.0 2237.0
1403.0 1820.0 2237.0
1403.0 1820.0 2237.0
1403.0 1820.0 2237.0
1403.0 1820.0 2237.0
1403.0 1820.0 2237.0
1403.0 1820.0 2237.0
1403.0 1820.0 2237.0
1403.0 1820.0 2237.0
1403.0 1820.0 2237.0
1403.0 1820.0 2237.0
1403.0 1820.0 2237.0
1403.0 1820.0 2237.0
1403.0 1820.0 2237.0
1403.0 1820.0 2237.0
1403.0 1820.0 2237.0
1403.0 1820.0 2237.0
1403.0 1703.5 2004.0
1403.0 1647.5 1892.0
1403.0 1563.0 1723.0
1403.0 1563.0 1723.0
1403.0 1563.0 1723.0
1403.0 1563.0 1723.0
1403.0 1563.0 1723.0
1403.0 1563.0 1723.0
1403.0 1563.0 1723.0
1403.0 1563.0 1723.0
1403.0 1563.0 1723.0
1403.0 1563.0 1723.0
1403.0 1563.0 1723.0
1403.0 1563.0 1723.0
1403.0 1563.0 1723.0
1403.0 1563.0 1723.0
1403.0 1563.0 1723.0
1403.0 1563.0 1723.0
1403.0 1563.0 1723.0
1403.0 1563.0 1723.0
1403.0 1563.0 1723.0
1403.0 1563.0 1723.0
1403.0 1563.0 1723.0
1403.0 1563.0 1723.0
1403.0 1563.0 1723.0
1403.0 1563.0 1723.0
1403.0 1563.0 1723.0
1403.0 1563.0 1723.0
1403.0 1563.0 1723.0
1403.0 1563.0 1723.0
1403.0 1563.0 1723.0
1403.0 1563.0 1723.0
1403.0 1563.0 1723.0
1403.0 1563.0 1723.0
1403.0 1563.0 1723.0
1403.0 1563.0 1723.0
1403.0 1563.0 1723.0
1403.0 1563.0 1723.0
1403.0 1563.0 1723.0
1403.0 1563.0 1723.0
1403.0 1563.0 1723.0
1403.0 1563.0 1723.0
1403.0 1563.0 1723.0
1403.0 1563.0 1723.0
1403.0 1563.0 1723.0
1403.0 1563.0 1723.0
1403.0 1563.0 1723.0
1403.0 1563.0 1723.0
1403.0 1563.0 1723.0
1403.0 1563.0 1723.0
1403.0 1563.0 1723.0
1403.0 1563.0 1723.0
1403.0 1563.0 1723.0
1403.0 1563.0 1723.0
1403.0 1563.0 1723.0
1403.0 1563.0 1723.0
1403.0 1563.0 1723.0
1403.0 1563.0 1723.0
1403.0 1563.0 1723.0
1403.0 1563.0 1723.0
1403.0 1563.0 1723.0
1403.0 1563.0 1723.0
1403.0 1563.0 1723.0
1403.0 1563.0 1723.0
1403.0 1563.0 1723.0
1403.0 1563.0 1723.0
1403.0 1563.0 1723.0
1403.0 1563.0 1723.0
1403.0 1563.0 1723.0
1403.0 1563.0 1723.0
1403.0 1563.0 1723.0
1403.0 1563.0 1723.0
1403.0 1563.0 1723.0
1403.0 1563.0 1723.0
1403.0 1563.0 1723.0
1403.0 1563.0 1723.0
1403.0 1563.0 1723.0
1403.0 1563.0 1723.0
1403.0 1563.0 1723.0
1403.0 1563.0 1723.0
1403.0 1563.0 1723.0
1403.0 1563.0 1723.0
1403.0 1563.0 1723.0
1403.0 1563.0 1723.0
1403.0 1563.0 1723.0
1403.0 1563.0 1723.0
1403.0 1563.0 1723.0
1403.0 1563.0 1723.0
