9719.0 10506.5 11294.0
7779.0 8013.0 8247.0
6316.0 6950.5 7585.0
6298.0 6355.5 6413.0
3617.0 3876.0 4135.0
2926.0 3317.0 3708.0
2821.0 3222.5 3624.0
2187.0 2436.0 2685.0
2187.0 2216.5 2246.0
1783.0 1809.0 1835.0
1689.0 1736.0 1783.0
1507.0 1645.0 1783.0
1345.0 1564.0 1783.0
769.0 1276.0 1783.0
769.0 1276.0 1783.0
769.0 1276.0 1783.0
769.0 1276.0 1783.0
769.0 1276.0 1783.0
769.0 1276.0 1783.0
769.0 1276.0 1783.0
769.0 1276.0 1783.0
769.0 1276.0 1783.0
769.0 1276.0 1783.0
769.0 1276.0 1783.0
769.0 1056.5 1344.0
769.0 1056.5 1344.0
769.0 1060.0 1351.0
769.0 1060.0 1351.0
769.0 932.0 1095.0
769.0 932.0 1095.0
769.0 948.5 1128.0
769.0 948.5 1128.0
769.0 931.5 1094.0
769.0 931.5 1094.0
769.0 931.5 1094.0
769.0 931.5 1094.0
769.0 931.5 1094.0
769.0 931.5 1094.0
769.0 931.5 1094.0
769.0 931.5 1094.0
769.0 931.5 1094.0
769.0 931.5 1094.0
769.0 931.5 1094.0
769.0 931.5 1094.0
769.0 931.5 1094.0
769.0 931.5 1094.0
769.0 931.5 1094.0
769.0 931.5 1094.0
769.0 931.5 1094.0
769.0 931.5 1094.0
769.0 931.5 1094.0
769.0 931.5 1094.0
769.0 931.5 1094.0
769.0 931.5 1094.0
769.0 931.5 1094.0
769.0 931.5 1094.0
769.0 931.5 1094.0
769.0 931.5 1094.0
769.0 931.5 1094.0
769.0 931.5 1094.0
769.0 931.5 1094.0
769.0 931.5 1094.0
769.0 931.5 1094.0
769.0 931.5 1094.0
769.0 931.5 1094.0
769.0 931.5 1094.0
769.0 931.5 1094.0
769.0 931.5 1094.0
769.0 931.5 1094.0
769.0 931.5 1094.0
769.0 931.5 1094.0
769.0 931.5 1094.0
769.0 931.5 1094.0
769.0 931.5 1094.0
769.0 931.5 1094.0
769.0 931.5 1094.0
769.0 931.5 1094.0
769.0 931.5 1094.0
769.0 931.5 1094.0
769.0 931.5 1094.0
769.0 931.5 1094.0
769.0 931.5 1094.0
769.0 931.5 1094.0
769.0 931.5 1094.0
769.0 931.5 1094.0
769.0 931.5 1094.0
769.0 931.5 1094.0
769.0 931.5 1094.0
769.0 931.5 1094.0
769.0 931.5 1094.0
769.0 931.5 1094.0
769.0 931.5 1094.0
769.0 931.5 1094.0
769.0 931.5 1094.0
769.0 931.5 1094.0
769.0 931.5 1094.0
769.0 931.5 1094.0
769.0 931.5 1094.0
769.0 931.5 1094.0
769.0 931.5 1094.0
769.0 931.5 1094.0
769.0 931.5 1094.0
769.0 931.5 1094.0
769.0 931.5 1094.0
769.0 931.5 1094.0
769.0 931.5 1094.0
769.0 931.5 1094.0
769.0 931.5 1094.0
769.0 931.5 1094.0
769.0 931.5 1094.0
769.0 931.5 1094.0
769.0 931.5 1094.0
769.0 931.5 1094.0
769.0 931.5 1094.0
769.0 931.5 1094.0
769.0 931.5 1094.0
708.0 901.0 1094.0
708.0 901.0 1094.0
708.0 901.0 1094.0
708.0 901.0 1094.0
708.0 901.0 1094.0
708.0 901.0 1094.0
708.0 901.0 1094.0
708.0 901.0 1094.0
708.0 901.0 1094.0
708.0 901.0 1094.0
708.0 901.0 1094.0
708.0 901.0 1094.0
708.0 901.0 1094.0
708.0 901.0 1094.0
708.0 901.0 1094.0
708.0 901.0 1094.0
708.0 901.0 1094.0
708.0 901.0 1094.0
708.0 901.0 1094.0
708.0 901.0 1094.0
708.0 901.0 1094.0
708.0 901.0 1094.0
708.0 901.0 1094.0
708.0 901.0 1094.0
708.0 901.0 1094.0
708.0 901.0 1094.0
708.0 901.0 1094.0
708.0 901.0 1094.0
708.0 901.0 1094.0
708.0 901.0 1094.0
708.0 901.0 1094.0
708.0 901.0 1094.0
708.0 901.0 1094.0
708.0 901.0 1094.0
708.0 901.0 1094.0
708.0 901.0 1094.0
708.0 901.0 1094.0
708.0 901.0 1094.0
708.0 901.0 1094.0
708.0 901.0 1094.0
708.0 901.0 1094.0
708.0 901.0 1094.0
708.0 901.0 1094.0
708.0 901.0 1094.0
708.0 901.0 1094.0
708.0 901.0 1094.0
708.0 901.0 1094.0
708.0 901.0 1094.0
708.0 901.0 1094.0
708.0 901.0 1094.0
708.0 901.0 1094.0
708.0 901.0 1094.0
708.0 901.0 1094.0
708.0 901.0 1094.0
708.0 901.0 1094.0
708.0 901.0 1094.0
708.0 901.0 1094.0
708.0 901.0 1094.0
708.0 901.0 1094.0
708.0 901.0 1094.0
708.0 901.0 1094.0
708.0 901.0 1094.0
708.0 901.0 1094.0
708.0 901.0 1094.0
708.0 901.0 1094.0
708.0 901.0 1094.0
708.0 901.0 1094.0
708.0 901.0 1094.0
708.0 847.0 986.0
708.0 847.0 986.0
708.0 847.0 986.0
708.0 847.0 986.0
708.0 847.0 986.0
708.0 847.0 986.0
708.0 847.0 986.0
708.0 847.0 986.0
708.0 847.0 986.0
708.0 847.0 986.0
708.0 847.0 986.0
708.0 847.0 986.0
708.0 847.0 986.0
708.0 847.0 986.0
708.0 847.0 986.0
708.0 847.0 986.0
