11499.0 12207.5 12916.0
7222.0 8225.5 9229.0
6804.0 7148.5 7493.0
4232.0 5012.5 5793.0
4188.0 4429.0 4670.0
2746.0 3491.5 4237.0
2016.0 2579.5 3143.0
2383.0 2604.5 2826.0
1850.0 2030.0 2210.0
1951.0 2080.5 2210.0
1460.0 1506.0 1552.0
1205.0 1378.5 1552.0
1205.0 1378.5 1552.0
1205.0 1378.5 1552.0
1205.0 1378.5 1552.0
1205.0 1378.5 1552.0
1205.0 1378.5 1552.0
1205.0 1378.5 1552.0
1205.0 1378.5 1552.0
1205.0 1378.5 1552.0
1205.0 1378.5 1552.0
1205.0 1378.5 1552.0
1205.0 1378.5 1552.0
1205.0 1378.5 1552.0
1205.0 1378.5 1552.0
1205.0 1378.5 1552.0
1205.0 1378.5 1552.0
1205.0 1378.5 1552.0
1205.0 1378.5 1552.0
1552.0 1564.5 1577.0
1418.0 1485.0 1552.0
1306.0 1429.0 1552.0
1306.0 1429.0 1552.0
1306.0 1429.0 1552.0
1306.0 1429.0 1552.0
1306.0 1429.0 1552.0
1306.0 1429.0 1552.0
1306.0 1429.0 1552.0
1306.0 1429.0 1552.0
1306.0 1429.0 1552.0
1306.0 1429.0 1552.0
1306.0 1449.5 1593.0
1306.0 1449.5 1593.0
1070.0 1188.0 1306.0
1070.0 1188.0 1306.0
1070.0 1188.0 1306.0
890.0 1098.0 1306.0
890.0 1098.0 1306.0
890.0 1098.0 1306.0
890.0 1098.0 1306.0
890.0 1098.0 1306.0
890.0 1098.0 1306.0
890.0 1098.0 1306.0
890.0 1098.0 1306.0
890.0 1098.0 1306.0
890.0 1098.0 1306.0
890.0 1098.0 1306.0
890.0 1098.0 1306.0
890.0 1098.0 1306.0
890.0 1098.0 1306.0
890.0 1098.0 1306.0
890.0 1098.0 1306.0
890.0 1098.0 1306.0
890.0 1098.0 1306.0
890.0 1098.0 1306.0
890.0 1098.0 1306.0
890.0 1098.0 1306.0
890.0 1098.0 1306.0
890.0 1098.0 1306.0
890.0 1098.0 1306.0
890.0 1098.0 1306.0
890.0 1098.0 1306.0
890.0 1098.0 1306.0
890.0 1098.0 1306.0
890.0 1098.0 1306.0
890.0 1098.0 1306.0
890.0 1098.0 1306.0
890.0 1098.0 1306.0
890.0 1098.0 1306.0
890.0 1098.0 1306.0
890.0 1098.0 1306.0
890.0 1098.0 1306.0
890.0 1098.0 1306.0
890.0 1098.0 1306.0
890.0 1098.0 1306.0
890.0 1098.0 1306.0
890.0 1098.0 1306.0
890.0 1098.0 1306.0
890.0 1098.0 1306.0
890.0 1098.0 1306.0
890.0 1098.0 1306.0
890.0 1098.0 1306.0
890.0 1098.0 1306.0
890.0 1098.0 1306.0
890.0 1098.0 1306.0
890.0 1098.0 1306.0
890.0 1098.0 1306.0
890.0 1098.0 1306.0
890.0 1098.0 1306.0
890.0 1098.0 1306.0
890.0 1098.0 1306.0
890.0 1098.0 1306.0
890.0 1098.0 1306.0
890.0 1098.0 1306.0
890.0 1098.0 1306.0
890.0 1098.0 1306.0
890.0 1098.0 1306.0
890.0 1098.0 1306.0
890.0 1098.0 1306.0
890.0 1098.0 1306.0
890.0 1098.0 1306.0
890.0 1098.0 1306.0
890.0 1098.0 1306.0
890.0 1098.0 1306.0
890.0 1098.0 1306.0
890.0 1098.0 1306.0
890.0 1098.0 1306.0
890.0 1098.0 1306.0
890.0 1098.0 1306.0
890.0 1098.0 1306.0
890.0 1098.0 1306.0
890.0 1098.0 1306.0
890.0 1098.0 1306.0
890.0 1098.0 1306.0
890.0 1098.0 1306.0
890.0 1098.0 1306.0
890.0 1098.0 1306.0
890.0 1098.0 1306.0
890.0 1098.0 1306.0
890.0 1098.0 1306.0
890.0 1098.0 1306.0
890.0 1098.0 1306.0
890.0 1098.0 1306.0
890.0 1098.0 1306.0
890.0 1098.0 1306.0
890.0 1098.0 1306.0
890.0 1098.0 1306.0
890.0 1098.0 1306.0
890.0 1098.0 1306.0
890.0 1098.0 1306.0
890.0 1098.0 1306.0
890.0 1098.0 1306.0
890.0 1098.0 1306.0
890.0 1098.0 1306.0
890.0 1098.0 1306.0
890.0 1098.0 1306.0
890.0 1098.0 1306.0
890.0 1098.0 1306.0
890.0 1098.0 1306.0
890.0 1098.0 1306.0
890.0 1098.0 1306.0
890.0 1098.0 1306.0
890.0 1098.0 1306.0
890.0 1098.0 1306.0
890.0 1098.0 1306.0
890.0 1098.0 1306.0
890.0 1098.0 1306.0
890.0 1098.0 1306.0
890.0 1098.0 1306.0
890.0 1098.0 1306.0
890.0 1098.0 1306.0
890.0 1098.0 1306.0
890.0 1098.0 1306.0
890.0 1098.0 1306.0
890.0 1098.0 1306.0
890.0 1098.0 1306.0
890.0 1098.0 1306.0
890.0 1098.0 1306.0
890.0 1098.0 1306.0
890.0 1098.0 1306.0
890.0 1098.0 1306.0
890.0 1098.0 1306.0
890.0 1098.0 1306.0
890.0 1098.0 1306.0
890.0 1098.0 1306.0
890.0 1098.0 1306.0
890.0 1098.0 1306.0
890.0 1098.0 1306.0
890.0 1098.0 1306.0
890.0 1098.0 1306.0
890.0 1098.0 1306.0
890.0 1098.0 1306.0
890.0 1098.0 1306.0
890.0 1098.0 1306.0
890.0 1098.0 1306.0
890.0 1098.0 1306.0
890.0 1098.0 1306.0
890.0 1098.0 1306.0
890.0 1098.0 1306.0
890.0 1098.0 1306.0
890.0 1098.0 1306.0
890.0 1098.0 1306.0
890.0 1098.0 1306.0
890.0 1098.0 1306.0
890.0 1098.0 1306.0
890.0 1098.0 1306.0
890.0 1098.0 1306.0
890.0 1098.0 1306.0
890.0 1098.0 1306.0
890.0 1098.0 1306.0
