11893.0 15297.5 18702.0
8318.0 11990.0 15662.0
5959.0 9027.0 12095.0
5819.0 8308.5 10798.0
3512.0 6729.0 9946.0
3512.0 5299.0 7086.0
3336.0 5313.0 7290.0
2004.0 3990.0 5976.0
2004.0 3529.5 5055.0
2004.0 3253.5 4503.0
2004.0 3253.5 4503.0
2004.0 3328.5 4653.0
2004.0 2504.0 3004.0
2004.0 2504.0 3004.0
2004.0 2429.5 2855.0
1987.0 1995.5 2004.0
1987.0 1995.5 2004.0
1987.0 1995.5 2004.0
1742.0 1864.5 1987.0
1843.0 1915.0 1987.0
1843.0 1915.0 1987.0
1843.0 1915.0 1987.0
1843.0 1915.0 1987.0
1843.0 1915.0 1987.0
1843.0 1915.0 1987.0
1843.0 1915.0 1987.0
1843.0 1915.0 1987.0
1843.0 1915.0 1987.0
1843.0 1915.0 1987.0
1843.0 1915.0 1987.0
1843.0 1915.0 1987.0
1843.0 1915.0 1987.0
1843.0 1915.0 1987.0
1843.0 1915.0 1987.0
1843.0 1915.0 1987.0
1843.0 1915.0 1987.0
1843.0 1915.0 1987.0
1843.0 1915.0 1987.0
1843.0 1915.0 1987.0
1843.0 1915.0 1987.0
1843.0 1915.0 1987.0
1843.0 1915.0 1987.0
1843.0 1915.0 1987.0
1843.0 1915.0 1987.0
1843.0 1915.0 1987.0
1843.0 1915.0 1987.0
1843.0 1915.0 1987.0
1843.0 1915.0 1987.0
1843.0 1915.0 1987.0
1843.0 1915.0 1987.0
1843.0 1915.0 1987.0
1843.0 1915.0 1987.0
1843.0 1915.0 1987.0
1843.0 1915.0 1987.0
1843.0 1915.0 1987.0
1843.0 1915.0 1987.0
1843.0 1915.0 1987.0
1843.0 1915.0 1987.0
1843.0 1915.0 1987.0
1843.0 1915.0 1987.0
1843.0 1915.0 1987.0
1843.0 1915.0 1987.0
1843.0 1915.0 1987.0
1843.0 1915.0 1987.0
1843.0 1915.0 1987.0
1843.0 1915.0 1987.0
1843.0 1915.0 1987.0
1843.0 1915.0 1987.0
1843.0 1915.0 1987.0
1843.0 1915.0 1987.0
1843.0 1915.0 1987.0
1843.0 1915.0 1987.0
1843.0 1915.0 1987.0
1843.0 1915.0 1987.0
1843.0 1915.0 1987.0
1843.0 1915.0 1987.0
1843.0 1915.0 1987.0
1843.0 1915.0 1987.0
1843.0 1915.0 1987.0
1843.0 1915.0 1987.0
1843.0 1915.0 1987.0
1843.0 1915.0 1987.0
1843.0 1915.0 1987.0
1843.0 1915.0 1987.0
1843.0 1915.0 1987.0
1843.0 1915.0 1987.0
1843.0 1915.0 1987.0
1843.0 1915.0 1987.0
1843.0 1915.0 1987.0
1843.0 1915.0 1987.0
1843.0 1915.0 1987.0
1843.0 1915.0 1987.0
1843.0 1915.0 1987.0
1843.0 1915.0 1987.0
1843.0 1915.0 1987.0
1843.0 1915.0 1987.0
1843.0 1915.0 1987.0
1843.0 1915.0 1987.0
1843.0 1915.0 1987.0
1843.0 1915.0 1987.0
1843.0 1915.0 1987.0
1843.0 1915.0 1987.0
1843.0 1915.0 1987.0
1843.0 1915.0 1987.0
1843.0 1915.0 1987.0
1843.0 1915.0 1987.0
1843.0 1915.0 1987.0
1843.0 1915.0 1987.0
1843.0 1915.0 1987.0
1843.0 1915.0 1987.0
1843.0 1915.0 1987.0
1843.0 1915.0 1987.0
1843.0 1915.0 1987.0
1843.0 1915.0 1987.0
1843.0 1915.0 1987.0
1843.0 1915.0 1987.0
1843.0 1915.0 1987.0
1843.0 1915.0 1987.0
1843.0 1915.0 1987.0
1843.0 1915.0 1987.0
1843.0 1915.0 1987.0
1843.0 1915.0 1987.0
1843.0 1915.0 1987.0
1843.0 1915.0 1987.0
1843.0 1915.0 1987.0
1843.0 1915.0 1987.0
1843.0 1915.0 1987.0
1843.0 1915.0 1987.0
1843.0 1915.0 1987.0
1843.0 1915.0 1987.0
1843.0 1915.0 1987.0
1843.0 1915.0 1987.0
1843.0 1915.0 1987.0
1843.0 1915.0 1987.0
1843.0 1915.0 1987.0
1843.0 1915.0 1987.0
1843.0 1915.0 1987.0
1843.0 1915.0 1987.0
1843.0 1915.0 1987.0
1843.0 1915.0 1987.0
1843.0 1915.0 1987.0
1843.0 1915.0 1987.0
1843.0 1915.0 1987.0
1843.0 1915.0 1987.0
1843.0 1915.0 1987.0
1843.0 1915.0 1987.0
1843.0 1915.0 1987.0
1843.0 1915.0 1987.0
1843.0 1915.0 1987.0
1843.0 1915.0 1987.0
1843.0 1915.0 1987.0
1843.0 1915.0 1987.0
1843.0 1915.0 1987.0
1843.0 1915.0 1987.0
1843.0 1915.0 1987.0
1843.0 1915.0 1987.0
1843.0 1915.0 1987.0
1843.0 1915.0 1987.0
1843.0 1915.0 1987.0
1843.0 1915.0 1987.0
1843.0 1915.0 1987.0
1843.0 1915.0 1987.0
1843.0 1915.0 1987.0
1843.0 1915.0 1987.0
1843.0 1915.0 1987.0
1843.0 1915.0 1987.0
1843.0 1915.0 1987.0
1843.0 1915.0 1987.0
1843.0 1915.0 1987.0
1843.0 1915.0 1987.0
1843.0 1915.0 1987.0
1843.0 1915.0 1987.0
1843.0 1915.0 1987.0
1843.0 1915.0 1987.0
1843.0 1915.0 1987.0
1843.0 1915.0 1987.0
1843.0 1915.0 1987.0
1843.0 1915.0 1987.0
1843.0 1915.0 1987.0
1843.0 1915.0 1987.0
1843.0 1915.0 1987.0
1843.0 1915.0 1987.0
1843.0 1915.0 1987.0
1843.0 1915.0 1987.0
1843.0 1915.0 1987.0
1843.0 1915.0 1987.0
1843.0 1915.0 1987.0
1843.0 1915.0 1987.0
1843.0 1915.0 1987.0
1843.0 1915.0 1987.0
1843.0 1915.0 1987.0
1843.0 1915.0 1987.0
1843.0 1915.0 1987.0
1843.0 1915.0 1987.0
1843.0 1915.0 1987.0
1843.0 1915.0 1987.0
1843.0 1915.0 1987.0
1843.0 1915.0 1987.0
1843.0 1915.0 1987.0
1843.0 1915.0 1987.0
