14129.0 15445.5 16762.0
12299.0 13771.5 15244.0
9064.0 10226.0 11388.0
8102.0 8425.0 8748.0
5798.0 7111.5 8425.0
4786.0 5292.0 5798.0
5639.0 5718.5 5798.0
4796.0 5047.0 5298.0
4796.0 5047.0 5298.0
4225.0 4959.5 5694.0
4225.0 4904.0 5583.0
3634.0 3929.5 4225.0
2923.0 3172.5 3422.0
2923.0 3030.0 3137.0
2923.0 3030.0 3137.0
2923.0 3030.0 3137.0
2923.0 3030.0 3137.0
2923.0 3063.0 3203.0
2923.0 3207.0 3491.0
2198.0 2452.0 2706.0
1924.0 2315.0 2706.0
2209.0 2679.5 3150.0
2157.0 2183.0 2209.0
2157.0 2183.0 2209.0
2157.0 2183.0 2209.0
2157.0 2183.0 2209.0
2157.0 2183.0 2209.0
2157.0 2183.0 2209.0
2157.0 2183.0 2209.0
2157.0 2183.0 2209.0
2157.0 2183.0 2209.0
2157.0 2183.0 2209.0
2157.0 2183.0 2209.0
2157.0 2183.0 2209.0
2157.0 2183.0 2209.0
2157.0 2183.0 2209.0
2157.0 2183.0 2209.0
2157.0 2183.0 2209.0
2157.0 2183.0 2209.0
2157.0 2183.0 2209.0
2157.0 2183.0 2209.0
2157.0 2183.0 2209.0
2157.0 2183.0 2209.0
2157.0 2183.0 2209.0
2157.0 2183.0 2209.0
2157.0 2183.0 2209.0
2157.0 2183.0 2209.0
2157.0 2183.0 2209.0
2157.0 2183.0 2209.0
2157.0 2183.0 2209.0
2157.0 2183.0 2209.0
2157.0 2183.0 2209.0
2157.0 2183.0 2209.0
2157.0 2183.0 2209.0
2157.0 2183.0 2209.0
2157.0 2183.0 2209.0
2157.0 2183.0 2209.0
2157.0 2183.0 2209.0
2157.0 2183.0 2209.0
2157.0 2183.0 2209.0
2157.0 2183.0 2209.0
2157.0 2183.0 2209.0
2157.0 2183.0 2209.0
2157.0 2183.0 2209.0
2157.0 2183.0 2209.0
2157.0 2183.0 2209.0
2157.0 2183.0 2209.0
2157.0 2183.0 2209.0
2157.0 2183.0 2209.0
2157.0 2183.0 2209.0
2157.0 2183.0 2209.0
2157.0 2183.0 2209.0
2157.0 2183.0 2209.0
2157.0 2183.0 2209.0
2157.0 2183.0 2209.0
2157.0 2183.0 2209.0
2157.0 2183.0 2209.0
2157.0 2183.0 2209.0
2157.0 2183.0 2209.0
2157.0 2183.0 2209.0
2157.0 2183.0 2209.0
2157.0 2183.0 2209.0
2157.0 2183.0 2209.0
2157.0 2183.0 2209.0
2157.0 2183.0 2209.0
2157.0 2183.0 2209.0
2157.0 2183.0 2209.0
2157.0 2183.0 2209.0
2157.0 2183.0 2209.0
2157.0 2183.0 2209.0
2157.0 2183.0 2209.0
2157.0 2183.0 2209.0
2157.0 2183.0 2209.0
2157.0 2183.0 2209.0
2157.0 2183.0 2209.0
2157.0 2183.0 2209.0
2157.0 2183.0 2209.0
2157.0 2183.0 2209.0
2157.0 2183.0 2209.0
2157.0 2183.0 2209.0
2157.0 2183.0 2209.0
2157.0 2183.0 2209.0
2157.0 2183.0 2209.0
2157.0 2183.0 2209.0
2157.0 2183.0 2209.0
2157.0 2183.0 2209.0
2157.0 2183.0 2209.0
2157.0 2183.0 2209.0
2157.0 2183.0 2209.0
2157.0 2183.0 2209.0
2157.0 2183.0 2209.0
2157.0 2183.0 2209.0
2157.0 2183.0 2209.0
2157.0 2183.0 2209.0
2157.0 2183.0 2209.0
2157.0 2183.0 2209.0
1587.0 1872.0 2157.0
1587.0 1872.0 2157.0
1587.0 1872.0 2157.0
1587.0 1872.0 2157.0
1587.0 1872.0 2157.0
1587.0 1872.0 2157.0
1587.0 1872.0 2157.0
1587.0 1872.0 2157.0
1587.0 1872.0 2157.0
1587.0 1872.0 2157.0
1587.0 1872.0 2157.0
1587.0 1872.0 2157.0
1587.0 1692.5 1798.0
1587.0 1692.5 1798.0
1587.0 1692.5 1798.0
1587.0 1692.5 1798.0
1587.0 1692.5 1798.0
1587.0 1692.5 1798.0
738.0 1162.5 1587.0
738.0 1162.5 1587.0
738.0 1162.5 1587.0
738.0 1162.5 1587.0
738.0 1162.5 1587.0
738.0 1162.5 1587.0
738.0 1162.5 1587.0
738.0 1162.5 1587.0
738.0 1162.5 1587.0
738.0 1162.5 1587.0
738.0 1162.5 1587.0
738.0 1162.5 1587.0
738.0 1162.5 1587.0
738.0 1162.5 1587.0
738.0 1162.5 1587.0
738.0 1162.5 1587.0
738.0 1162.5 1587.0
738.0 1162.5 1587.0
738.0 1162.5 1587.0
738.0 1162.5 1587.0
738.0 1162.5 1587.0
738.0 1162.5 1587.0
738.0 1162.5 1587.0
738.0 1162.5 1587.0
738.0 1162.5 1587.0
738.0 1162.5 1587.0
738.0 1162.5 1587.0
738.0 1162.5 1587.0
738.0 1162.5 1587.0
738.0 1162.5 1587.0
738.0 1162.5 1587.0
738.0 1162.5 1587.0
738.0 1162.5 1587.0
738.0 1162.5 1587.0
738.0 1162.5 1587.0
738.0 1162.5 1587.0
738.0 1162.5 1587.0
738.0 1162.5 1587.0
738.0 1162.5 1587.0
738.0 1162.5 1587.0
738.0 1162.5 1587.0
738.0 1162.5 1587.0
738.0 1162.5 1587.0
738.0 1162.5 1587.0
738.0 1162.5 1587.0
738.0 1162.5 1587.0
738.0 1162.5 1587.0
738.0 1162.5 1587.0
738.0 1162.5 1587.0
738.0 1162.5 1587.0
738.0 1162.5 1587.0
738.0 1162.5 1587.0
738.0 1162.5 1587.0
738.0 1162.5 1587.0
738.0 1162.5 1587.0
738.0 1162.5 1587.0
738.0 1162.5 1587.0
738.0 1162.5 1587.0
738.0 1162.5 1587.0
738.0 1162.5 1587.0
738.0 1162.5 1587.0
738.0 1162.5 1587.0
738.0 1162.5 1587.0
738.0 1162.5 1587.0
738.0 1162.5 1587.0
738.0 1162.5 1587.0
