17240.0 17347.5 17455.0
12517.0 12976.5 13436.0
11838.0 11941.0 12044.0
10243.0 11074.5 11906.0
8240.0 8645.5 9051.0
5427.0 6982.0 8537.0
5427.0 5628.5 5830.0
5427.0 5628.5 5830.0
4248.0 4864.0 5480.0
3517.0 4170.0 4823.0
2910.0 3368.5 3827.0
2910.0 3368.5 3827.0
2861.0 3344.0 3827.0
2861.0 3344.0 3827.0
2861.0 3128.0 3395.0
2441.0 2651.0 2861.0
2441.0 2651.0 2861.0
2441.0 2651.0 2861.0
2441.0 2651.0 2861.0
2388.0 2624.5 2861.0
1737.0 2299.0 2861.0
1737.0 2299.0 2861.0
1737.0 2299.0 2861.0
1737.0 2299.0 2861.0
1737.0 2299.0 2861.0
1737.0 2162.0 2587.0
1737.0 2162.0 2587.0
1737.0 2162.0 2587.0
1737.0 2162.0 2587.0
1737.0 2162.0 2587.0
1737.0 2162.0 2587.0
1737.0 2162.0 2587.0
1737.0 2255.5 2774.0
1737.0 1973.5 2210.0
1737.0 1973.5 2210.0
1737.0 1973.5 2210.0
1737.0 1973.5 2210.0
1737.0 1973.5 2210.0
1737.0 1973.5 2210.0
1737.0 1973.5 2210.0
1737.0 1973.5 2210.0
1737.0 1973.5 2210.0
1737.0 1973.5 2210.0
1737.0 1973.5 2210.0
1737.0 1973.5 2210.0
1737.0 1973.5 2210.0
1737.0 1973.5 2210.0
1737.0 1973.5 2210.0
1737.0 1973.5 2210.0
1737.0 1973.5 2210.0
1737.0 1973.5 2210.0
1737.0 1973.5 2210.0
1737.0 1973.5 2210.0
1737.0 1973.5 2210.0
1737.0 1973.5 2210.0
1737.0 1973.5 2210.0
1737.0 1973.5 2210.0
1737.0 1973.5 2210.0
1737.0 1973.5 2210.0
1737.0 1973.5 2210.0
1737.0 1973.5 2210.0
1737.0 1973.5 2210.0
1737.0 1973.5 2210.0
1737.0 1973.5 2210.0
1737.0 1973.5 2210.0
1737.0 1973.5 2210.0
1737.0 1973.5 2210.0
1737.0 1973.5 2210.0
1737.0 1973.5 2210.0
1737.0 1973.5 2210.0
1737.0 1973.5 2210.0
1737.0 1973.5 2210.0
1737.0 1973.5 2210.0
1737.0 1973.5 2210.0
1737.0 1973.5 2210.0
1737.0 1973.5 2210.0
1737.0 1973.5 2210.0
1737.0 1973.5 2210.0
1737.0 1973.5 2210.0
1737.0 1973.5 2210.0
1737.0 1973.5 2210.0
1737.0 1973.5 2210.0
1737.0 1973.5 2210.0
1737.0 1973.5 2210.0
1737.0 1973.5 2210.0
1737.0 1973.5 2210.0
1737.0 1973.5 2210.0
1737.0 1973.5 2210.0
1737.0 1973.5 2210.0
1737.0 1973.5 2210.0
1737.0 1973.5 2210.0
1737.0 1973.5 2210.0
1737.0 1973.5 2210.0
1737.0 1973.5 2210.0
1737.0 1973.5 2210.0
1737.0 1973.5 2210.0
1737.0 1973.5 2210.0
1737.0 1973.5 2210.0
1737.0 1973.5 2210.0
1737.0 1973.5 2210.0
1737.0 1973.5 2210.0
1737.0 1973.5 2210.0
1737.0 1973.5 2210.0
1737.0 1973.5 2210.0
1737.0 1973.5 2210.0
1737.0 1973.5 2210.0
1737.0 1973.5 2210.0
1737.0 1973.5 2210.0
1737.0 1973.5 2210.0
1766.0 1988.0 2210.0
1766.0 1988.0 2210.0
1766.0 1988.0 2210.0
1766.0 1988.0 2210.0
1766.0 1988.0 2210.0
1766.0 1988.0 2210.0
1766.0 1988.0 2210.0
1766.0 1988.0 2210.0
1766.0 1988.0 2210.0
1766.0 1988.0 2210.0
1766.0 1988.0 2210.0
1766.0 1988.0 2210.0
1766.0 1988.0 2210.0
1766.0 1988.0 2210.0
1766.0 1988.0 2210.0
1766.0 1988.0 2210.0
1766.0 2019.5 2273.0
1766.0 2019.5 2273.0
1766.0 2019.5 2273.0
1766.0 2019.5 2273.0
1766.0 2019.5 2273.0
1766.0 2019.5 2273.0
1766.0 2019.5 2273.0
1766.0 2019.5 2273.0
1766.0 2019.5 2273.0
1766.0 2019.5 2273.0
1766.0 2019.5 2273.0
1766.0 2019.5 2273.0
1766.0 2019.5 2273.0
1766.0 2019.5 2273.0
1766.0 2019.5 2273.0
1766.0 2019.5 2273.0
1766.0 2019.5 2273.0
1766.0 2019.5 2273.0
1766.0 2019.5 2273.0
1766.0 2019.5 2273.0
1766.0 2019.5 2273.0
1766.0 2019.5 2273.0
1766.0 2019.5 2273.0
1766.0 2019.5 2273.0
1766.0 2019.5 2273.0
1766.0 2019.5 2273.0
1766.0 2019.5 2273.0
1766.0 2019.5 2273.0
1766.0 2019.5 2273.0
1766.0 2019.5 2273.0
1766.0 2019.5 2273.0
1766.0 2019.5 2273.0
1766.0 2019.5 2273.0
1766.0 2019.5 2273.0
1766.0 2019.5 2273.0
1766.0 2019.5 2273.0
1766.0 2019.5 2273.0
1766.0 2019.5 2273.0
1766.0 2019.5 2273.0
1766.0 2019.5 2273.0
1766.0 2019.5 2273.0
1766.0 2019.5 2273.0
1766.0 2019.5 2273.0
1766.0 2019.5 2273.0
1766.0 2019.5 2273.0
1766.0 2019.5 2273.0
1766.0 2019.5 2273.0
1766.0 2019.5 2273.0
1766.0 2019.5 2273.0
1766.0 2019.5 2273.0
1766.0 2019.5 2273.0
1766.0 2019.5 2273.0
1766.0 2019.5 2273.0
1001.0 1383.5 1766.0
1001.0 1383.5 1766.0
1001.0 1383.5 1766.0
1001.0 1383.5 1766.0
1001.0 1383.5 1766.0
1001.0 1383.5 1766.0
1001.0 1383.5 1766.0
1001.0 1383.5 1766.0
1001.0 1383.5 1766.0
1001.0 1383.5 1766.0
1001.0 1383.5 1766.0
1001.0 1383.5 1766.0
1001.0 1383.5 1766.0
1001.0 1383.5 1766.0
1001.0 1383.5 1766.0
1001.0 1383.5 1766.0
1001.0 1383.5 1766.0
1001.0 1383.5 1766.0
1001.0 1383.5 1766.0
1001.0 1383.5 1766.0
1001.0 1383.5 1766.0
1001.0 1383.5 1766.0
