10676.0 12141.5 13607.0
9476.0 10213.5 10951.0
8656.0 10019.5 11383.0
7006.0 7067.0 7128.0
5287.0 5308.0 5329.0
4363.0 4846.0 5329.0
4363.0 4633.0 4903.0
3424.0 3779.5 4135.0
3424.0 3455.5 3487.0
3318.0 3371.0 3424.0
3094.0 3259.0 3424.0
1874.0 2649.0 3424.0
1874.0 2649.0 3424.0
1874.0 2649.0 3424.0
1874.0 2649.0 3424.0
1874.0 2649.0 3424.0
1874.0 2272.5 2671.0
1874.0 2218.0 2562.0
1874.0 2218.0 2562.0
1874.0 2218.0 2562.0
1874.0 2218.0 2562.0
1874.0 2218.0 2562.0
1874.0 2218.0 2562.0
1874.0 2218.0 2562.0
1874.0 2218.0 2562.0
1874.0 2218.0 2562.0
1874.0 2218.0 2562.0
1874.0 2218.0 2562.0
1874.0 2218.0 2562.0
1874.0 2218.0 2562.0
1874.0 2218.0 2562.0
1874.0 2218.0 2562.0
1874.0 2218.0 2562.0
1874.0 2218.0 2562.0
1874.0 2218.0 2562.0
1874.0 2218.0 2562.0
1874.0 2222.5 2571.0
1874.0 1994.0 2114.0
1874.0 1994.0 2114.0
1874.0 1994.0 2114.0
1874.0 1994.0 2114.0
1874.0 1994.0 2114.0
1874.0 1994.0 2114.0
1874.0 1994.0 2114.0
1874.0 1994.0 2114.0
1874.0 1994.0 2114.0
1874.0 1994.0 2114.0
1874.0 1994.0 2114.0
1874.0 1994.0 2114.0
1874.0 1994.0 2114.0
1874.0 1994.0 2114.0
1874.0 1994.0 2114.0
1874.0 1994.0 2114.0
1874.0 1994.0 2114.0
1874.0 1994.0 2114.0
1874.0 1994.0 2114.0
1874.0 1994.0 2114.0
1499.0 1686.5 1874.0
1499.0 1686.5 1874.0
1499.0 1686.5 1874.0
1499.0 1686.5 1874.0
1499.0 1686.5 1874.0
1499.0 1686.5 1874.0
1499.0 1686.5 1874.0
1499.0 1686.5 1874.0
1499.0 1686.5 1874.0
1499.0 1686.5 1874.0
1499.0 1686.5 1874.0
1499.0 1686.5 1874.0
1499.0 1686.5 1874.0
1499.0 1686.5 1874.0
1499.0 1572.5 1646.0
1499.0 1520.0 1541.0
1499.0 1520.0 1541.0
1499.0 1520.0 1541.0
1499.0 1520.0 1541.0
1499.0 1520.0 1541.0
1499.0 1520.0 1541.0
1499.0 1520.0 1541.0
1499.0 1520.0 1541.0
1499.0 1520.0 1541.0
1499.0 1520.0 1541.0
1499.0 1520.0 1541.0
1499.0 1520.0 1541.0
1499.0 1520.0 1541.0
1499.0 1520.0 1541.0
1499.0 1520.0 1541.0
1499.0 1520.0 1541.0
1499.0 1520.0 1541.0
1499.0 1520.0 1541.0
1499.0 1520.0 1541.0
1499.0 1520.0 1541.0
1499.0 1520.0 1541.0
1499.0 1520.0 1541.0
1499.0 1520.0 1541.0
1499.0 1520.0 1541.0
1499.0 1520.0 1541.0
1499.0 1520.0 1541.0
1499.0 1520.0 1541.0
1499.0 1520.0 1541.0
1499.0 1520.0 1541.0
1499.0 1520.0 1541.0
1499.0 1520.0 1541.0
1499.0 1520.0 1541.0
1499.0 1520.0 1541.0
1499.0 1520.0 1541.0
1499.0 1520.0 1541.0
1499.0 1520.0 1541.0
1499.0 1520.0 1541.0
1499.0 1520.0 1541.0
1499.0 1520.0 1541.0
1499.0 1520.0 1541.0
1499.0 1520.0 1541.0
1499.0 1520.0 1541.0
1499.0 1520.0 1541.0
1499.0 1520.0 1541.0
1499.0 1520.0 1541.0
1499.0 1520.0 1541.0
1499.0 1520.0 1541.0
1499.0 1520.0 1541.0
1499.0 1520.0 1541.0
1499.0 1520.0 1541.0
1499.0 1520.0 1541.0
1499.0 1520.0 1541.0
1499.0 1520.0 1541.0
1499.0 1520.0 1541.0
1499.0 1520.0 1541.0
1499.0 1520.0 1541.0
1499.0 1520.0 1541.0
1499.0 1520.0 1541.0
1499.0 1520.0 1541.0
1499.0 1520.0 1541.0
1499.0 1520.0 1541.0
1499.0 1520.0 1541.0
1499.0 1520.0 1541.0
1499.0 1520.0 1541.0
1499.0 1520.0 1541.0
1499.0 1520.0 1541.0
1499.0 1520.0 1541.0
1499.0 1520.0 1541.0
1499.0 1520.0 1541.0
1499.0 1520.0 1541.0
1499.0 1520.0 1541.0
1499.0 1520.0 1541.0
1499.0 1520.0 1541.0
1499.0 1520.0 1541.0
1499.0 1520.0 1541.0
1499.0 1520.0 1541.0
1499.0 1520.0 1541.0
1499.0 1520.0 1541.0
1499.0 1520.0 1541.0
1499.0 1520.0 1541.0
1499.0 1520.0 1541.0
1499.0 1520.0 1541.0
1499.0 1520.0 1541.0
1499.0 1520.0 1541.0
1499.0 1520.0 1541.0
1499.0 1520.0 1541.0
1499.0 1520.0 1541.0
1499.0 1520.0 1541.0
1499.0 1520.0 1541.0
1499.0 1520.0 1541.0
1499.0 1520.0 1541.0
1499.0 1520.0 1541.0
1499.0 1520.0 1541.0
1499.0 1520.0 1541.0
1499.0 1520.0 1541.0
1499.0 1520.0 1541.0
1499.0 1520.0 1541.0
1499.0 1520.0 1541.0
1499.0 1520.0 1541.0
1499.0 1520.0 1541.0
1499.0 1520.0 1541.0
1499.0 1520.0 1541.0
1499.0 1520.0 1541.0
1499.0 1520.0 1541.0
1499.0 1520.0 1541.0
1499.0 1520.0 1541.0
1499.0 1520.0 1541.0
1499.0 1520.0 1541.0
1499.0 1520.0 1541.0
1499.0 1520.0 1541.0
1499.0 1520.0 1541.0
1499.0 1520.0 1541.0
1499.0 1520.0 1541.0
1499.0 1520.0 1541.0
1499.0 1520.0 1541.0
1499.0 1520.0 1541.0
1499.0 1520.0 1541.0
1499.0 1520.0 1541.0
1499.0 1520.0 1541.0
1499.0 1520.0 1541.0
1499.0 1520.0 1541.0
1499.0 1520.0 1541.0
1499.0 1520.0 1541.0
1499.0 1520.0 1541.0
1499.0 1520.0 1541.0
1499.0 1520.0 1541.0
1499.0 1520.0 1541.0
1499.0 1520.0 1541.0
