16743.0 16815.0 16887.0
12219.0 13047.5 13876.0
8265.0 9295.5 10326.0
6837.0 7439.5 8042.0
6837.0 6943.5 7050.0
5837.0 6406.0 6975.0
4406.0 4860.0 5314.0
4406.0 4986.5 5567.0
3519.0 3814.5 4110.0
3139.0 3624.5 4110.0
3139.0 3624.5 4110.0
2151.0 3130.5 4110.0
2151.0 3130.5 4110.0
2151.0 2660.0 3169.0
2151.0 2783.0 3415.0
2151.0 2559.0 2967.0
2151.0 2239.0 2327.0
2151.0 2239.0 2327.0
2151.0 2239.0 2327.0
2151.0 2239.0 2327.0
2151.0 2239.0 2327.0
2151.0 2239.0 2327.0
2151.0 2239.0 2327.0
2151.0 2239.0 2327.0
2151.0 2239.0 2327.0
2151.0 2239.0 2327.0
2151.0 2239.0 2327.0
2151.0 2239.0 2327.0
2151.0 2239.0 2327.0
2151.0 2239.0 2327.0
2151.0 2239.0 2327.0
2151.0 2239.0 2327.0
2151.0 2239.0 2327.0
2151.0 2239.0 2327.0
2151.0 2239.0 2327.0
2151.0 2239.0 2327.0
2151.0 2239.0 2327.0
2151.0 2239.0 2327.0
2151.0 2239.0 2327.0
2151.0 2239.0 2327.0
2151.0 2239.0 2327.0
2151.0 2239.0 2327.0
2151.0 2239.0 2327.0
2151.0 2239.0 2327.0
2151.0 2239.0 2327.0
2151.0 2239.0 2327.0
2151.0 2239.0 2327.0
2151.0 2239.0 2327.0
2151.0 2239.0 2327.0
2151.0 2239.0 2327.0
2151.0 2239.0 2327.0
2151.0 2239.0 2327.0
2151.0 2239.0 2327.0
2151.0 2239.0 2327.0
2151.0 2239.0 2327.0
2151.0 2239.0 2327.0
2151.0 2239.0 2327.0
2151.0 2239.0 2327.0
2151.0 2239.0 2327.0
2151.0 2239.0 2327.0
2151.0 2239.0 2327.0
2151.0 2239.0 2327.0
2151.0 2239.0 2327.0
2151.0 2239.0 2327.0
2151.0 2239.0 2327.0
2151.0 2239.0 2327.0
2151.0 2239.0 2327.0
1961.0 2144.0 2327.0
1961.0 2144.0 2327.0
1823.0 1892.0 1961.0
1674.0 1817.5 1961.0
1674.0 1817.5 1961.0
1674.0 1817.5 1961.0
1674.0 1817.5 1961.0
1674.0 1817.5 1961.0
1674.0 1817.5 1961.0
1674.0 1817.5 1961.0
1674.0 1817.5 1961.0
1674.0 1752.0 1830.0
1674.0 1752.0 1830.0
1674.0 1752.0 1830.0
1674.0 1752.0 1830.0
1674.0 1752.0 1830.0
1674.0 1752.0 1830.0
1674.0 1752.0 1830.0
1674.0 1752.0 1830.0
1674.0 1752.0 1830.0
1674.0 1752.0 1830.0
1674.0 1752.0 1830.0
1674.0 1752.0 1830.0
1674.0 1752.0 1830.0
1674.0 1752.0 1830.0
1674.0 1752.0 1830.0
1674.0 1752.0 1830.0
1674.0 1752.0 1830.0
1674.0 1752.0 1830.0
1674.0 1752.0 1830.0
1674.0 1752.0 1830.0
1674.0 1752.0 1830.0
1674.0 1752.0 1830.0
1674.0 1752.0 1830.0
1674.0 1752.0 1830.0
1674.0 1752.0 1830.0
1674.0 1752.0 1830.0
1674.0 1752.0 1830.0
1674.0 1752.0 1830.0
1674.0 1752.0 1830.0
1674.0 1752.0 1830.0
1674.0 1752.0 1830.0
1674.0 1752.0 1830.0
1674.0 1752.0 1830.0
1674.0 1752.0 1830.0
1674.0 1752.0 1830.0
1674.0 1752.0 1830.0
1674.0 1752.0 1830.0
1674.0 1752.0 1830.0
1674.0 1752.0 1830.0
1674.0 1752.0 1830.0
1674.0 1752.0 1830.0
1674.0 1752.0 1830.0
1674.0 1752.0 1830.0
1674.0 1752.0 1830.0
1674.0 1752.0 1830.0
1674.0 1752.0 1830.0
1674.0 1752.0 1830.0
1674.0 1752.0 1830.0
1674.0 1752.0 1830.0
1674.0 1752.0 1830.0
1674.0 1752.0 1830.0
1674.0 1752.0 1830.0
1674.0 1752.0 1830.0
1674.0 1752.0 1830.0
1674.0 1752.0 1830.0
1674.0 1752.0 1830.0
1674.0 1752.0 1830.0
1674.0 1752.0 1830.0
1674.0 1752.0 1830.0
1674.0 1752.0 1830.0
1674.0 1752.0 1830.0
1674.0 1752.0 1830.0
1674.0 1752.0 1830.0
1674.0 1752.0 1830.0
1674.0 1752.0 1830.0
1674.0 1752.0 1830.0
1674.0 1752.0 1830.0
1674.0 1752.0 1830.0
1674.0 1752.0 1830.0
1674.0 1752.0 1830.0
1674.0 1752.0 1830.0
1674.0 1752.0 1830.0
1674.0 1752.0 1830.0
1674.0 1752.0 1830.0
1674.0 1752.0 1830.0
1674.0 1752.0 1830.0
773.0 1223.5 1674.0
962.0 1318.0 1674.0
634.0 1154.0 1674.0
634.0 1154.0 1674.0
634.0 1154.0 1674.0
634.0 1154.0 1674.0
634.0 1154.0 1674.0
634.0 1154.0 1674.0
634.0 1154.0 1674.0
634.0 1154.0 1674.0
634.0 1154.0 1674.0
634.0 1154.0 1674.0
634.0 1154.0 1674.0
634.0 1154.0 1674.0
634.0 1154.0 1674.0
634.0 1154.0 1674.0
634.0 1154.0 1674.0
634.0 1154.0 1674.0
634.0 1154.0 1674.0
634.0 1154.0 1674.0
634.0 1154.0 1674.0
634.0 1154.0 1674.0
634.0 1154.0 1674.0
634.0 1154.0 1674.0
634.0 1154.0 1674.0
634.0 1154.0 1674.0
634.0 1154.0 1674.0
634.0 1154.0 1674.0
634.0 1154.0 1674.0
634.0 1154.0 1674.0
634.0 1154.0 1674.0
634.0 1154.0 1674.0
634.0 1154.0 1674.0
634.0 1154.0 1674.0
634.0 1154.0 1674.0
634.0 1154.0 1674.0
634.0 1154.0 1674.0
634.0 1154.0 1674.0
634.0 1154.0 1674.0
634.0 1154.0 1674.0
634.0 1154.0 1674.0
634.0 1154.0 1674.0
634.0 1154.0 1674.0
634.0 1154.0 1674.0
634.0 1154.0 1674.0
634.0 1154.0 1674.0
