10182.0 11487.0 12792.0
8211.0 10235.0 12259.0
7018.0 7980.5 8943.0
4559.0 5808.5 7058.0
4087.0 4688.0 5289.0
3546.0 4417.5 5289.0
2971.0 3111.5 3252.0
2481.0 2591.0 2701.0
2701.0 2765.0 2829.0
946.0 1094.5 1243.0
946.0 969.0 992.0
946.0 969.0 992.0
946.0 1071.5 1197.0
837.0 891.5 946.0
837.0 891.5 946.0
837.0 891.5 946.0
837.0 891.5 946.0
837.0 891.5 946.0
837.0 891.5 946.0
837.0 891.5 946.0
837.0 891.5 946.0
837.0 891.5 946.0
837.0 891.5 946.0
837.0 891.5 946.0
837.0 891.5 946.0
837.0 891.5 946.0
837.0 891.5 946.0
837.0 891.5 946.0
837.0 891.5 946.0
837.0 891.5 946.0
837.0 891.5 946.0
837.0 891.5 946.0
837.0 891.5 946.0
837.0 891.5 946.0
837.0 891.5 946.0
837.0 891.5 946.0
837.0 891.5 946.0
837.0 891.5 946.0
837.0 891.5 946.0
837.0 891.5 946.0
837.0 891.5 946.0
837.0 891.5 946.0
837.0 891.5 946.0
837.0 891.5 946.0
837.0 891.5 946.0
837.0 891.5 946.0
837.0 891.5 946.0
837.0 891.5 946.0
837.0 891.5 946.0
837.0 891.5 946.0
837.0 891.5 946.0
837.0 891.5 946.0
837.0 891.5 946.0
837.0 891.5 946.0
837.0 891.5 946.0
837.0 891.5 946.0
837.0 891.5 946.0
837.0 891.5 946.0
837.0 891.5 946.0
837.0 891.5 946.0
837.0 891.5 946.0
837.0 891.5 946.0
837.0 891.5 946.0
837.0 891.5 946.0
837.0 891.5 946.0
837.0 891.5 946.0
837.0 891.5 946.0
837.0 891.5 946.0
837.0 891.5 946.0
837.0 891.5 946.0
837.0 891.5 946.0
837.0 891.5 946.0
837.0 891.5 946.0
837.0 891.5 946.0
837.0 891.5 946.0
837.0 891.5 946.0
837.0 891.5 946.0
837.0 891.5 946.0
837.0 891.5 946.0
837.0 891.5 946.0
837.0 891.5 946.0
837.0 891.5 946.0
837.0 891.5 946.0
837.0 891.5 946.0
837.0 891.5 946.0
837.0 891.5 946.0
837.0 891.5 946.0
837.0 891.5 946.0
837.0 891.5 946.0
837.0 891.5 946.0
837.0 891.5 946.0
837.0 891.5 946.0
837.0 891.5 946.0
837.0 891.5 946.0
837.0 891.5 946.0
837.0 891.5 946.0
837.0 891.5 946.0
837.0 891.5 946.0
837.0 891.5 946.0
837.0 891.5 946.0
837.0 891.5 946.0
837.0 891.5 946.0
837.0 891.5 946.0
837.0 891.5 946.0
837.0 891.5 946.0
837.0 891.5 946.0
837.0 891.5 946.0
837.0 891.5 946.0
837.0 891.5 946.0
837.0 891.5 946.0
837.0 891.5 946.0
837.0 891.5 946.0
837.0 891.5 946.0
837.0 891.5 946.0
837.0 891.5 946.0
837.0 891.5 946.0
837.0 891.5 946.0
837.0 891.5 946.0
837.0 891.5 946.0
837.0 891.5 946.0
837.0 891.5 946.0
837.0 891.5 946.0
837.0 891.5 946.0
837.0 891.5 946.0
837.0 891.5 946.0
837.0 891.5 946.0
837.0 891.5 946.0
837.0 891.5 946.0
837.0 891.5 946.0
837.0 891.5 946.0
837.0 891.5 946.0
837.0 891.5 946.0
837.0 891.5 946.0
837.0 891.5 946.0
837.0 891.5 946.0
837.0 891.5 946.0
837.0 891.5 946.0
837.0 891.5 946.0
837.0 891.5 946.0
837.0 891.5 946.0
837.0 891.5 946.0
837.0 891.5 946.0
837.0 891.5 946.0
837.0 961.0 1085.0
837.0 961.0 1085.0
837.0 961.0 1085.0
837.0 961.0 1085.0
837.0 961.0 1085.0
837.0 961.0 1085.0
837.0 961.0 1085.0
837.0 961.0 1085.0
837.0 961.0 1085.0
837.0 961.0 1085.0
837.0 961.0 1085.0
837.0 961.0 1085.0
837.0 961.0 1085.0
837.0 961.0 1085.0
837.0 961.0 1085.0
837.0 961.0 1085.0
837.0 961.0 1085.0
837.0 961.0 1085.0
837.0 961.0 1085.0
837.0 961.0 1085.0
837.0 961.0 1085.0
837.0 961.0 1085.0
837.0 961.0 1085.0
837.0 961.0 1085.0
837.0 961.0 1085.0
837.0 961.0 1085.0
837.0 961.0 1085.0
837.0 961.0 1085.0
837.0 961.0 1085.0
837.0 961.0 1085.0
837.0 961.0 1085.0
837.0 961.0 1085.0
837.0 961.0 1085.0
837.0 961.0 1085.0
837.0 961.0 1085.0
837.0 961.0 1085.0
837.0 961.0 1085.0
837.0 961.0 1085.0
837.0 961.0 1085.0
837.0 961.0 1085.0
837.0 961.0 1085.0
837.0 961.0 1085.0
837.0 961.0 1085.0
837.0 961.0 1085.0
837.0 961.0 1085.0
837.0 961.0 1085.0
837.0 961.0 1085.0
837.0 961.0 1085.0
837.0 961.0 1085.0
837.0 961.0 1085.0
837.0 961.0 1085.0
837.0 961.0 1085.0
837.0 961.0 1085.0
837.0 961.0 1085.0
837.0 961.0 1085.0
837.0 961.0 1085.0
837.0 961.0 1085.0
