14669.0 15335.0 16001.0
11949.0 12616.5 13284.0
9549.0 9883.5 10218.0
8387.0 8475.0 8563.0
4922.0 5309.0 5696.0
3813.0 4131.0 4449.0
2793.0 3744.5 4696.0
2793.0 3199.5 3606.0
2130.0 2458.5 2787.0
1900.0 2015.0 2130.0
1314.0 1349.0 1384.0
1314.0 1349.0 1384.0
1314.0 1349.0 1384.0
1314.0 1349.0 1384.0
1314.0 1349.0 1384.0
1314.0 1349.0 1384.0
1314.0 1349.0 1384.0
1314.0 1349.0 1384.0
1314.0 1349.0 1384.0
1314.0 1349.0 1384.0
1314.0 1349.0 1384.0
1314.0 1349.0 1384.0
1314.0 1349.0 1384.0
1314.0 1349.0 1384.0
1314.0 1349.0 1384.0
1314.0 1349.0 1384.0
1314.0 1349.0 1384.0
1314.0 1349.0 1384.0
1314.0 1349.0 1384.0
1314.0 1349.0 1384.0
1314.0 1349.0 1384.0
1314.0 1349.0 1384.0
1314.0 1349.0 1384.0
1314.0 1349.0 1384.0
1314.0 1349.0 1384.0
1314.0 1349.0 1384.0
1314.0 1349.0 1384.0
1314.0 1349.0 1384.0
1314.0 1349.0 1384.0
1314.0 1349.0 1384.0
1314.0 1349.0 1384.0
1314.0 1349.0 1384.0
1314.0 1349.0 1384.0
1314.0 1349.0 1384.0
1314.0 1349.0 1384.0
1314.0 1349.0 1384.0
1314.0 1349.0 1384.0
1314.0 1349.0 1384.0
1314.0 1349.0 1384.0
1314.0 1349.0 1384.0
1314.0 1349.0 1384.0
1314.0 1349.0 1384.0
1314.0 1349.0 1384.0
1314.0 1349.0 1384.0
1314.0 1349.0 1384.0
1314.0 1349.0 1384.0
1314.0 1349.0 1384.0
1314.0 1349.0 1384.0
1314.0 1349.0 1384.0
1314.0 1349.0 1384.0
1314.0 1349.0 1384.0
1314.0 1349.0 1384.0
1314.0 1349.0 1384.0
1314.0 1349.0 1384.0
1314.0 1349.0 1384.0
1314.0 1349.0 1384.0
1314.0 1349.0 1384.0
1314.0 1349.0 1384.0
1314.0 1349.0 1384.0
1314.0 1349.0 1384.0
1314.0 1349.0 1384.0
1314.0 1349.0 1384.0
1314.0 1349.0 1384.0
1314.0 1349.0 1384.0
1314.0 1349.0 1384.0
1314.0 1349.0 1384.0
1314.0 1349.0 1384.0
1314.0 1349.0 1384.0
1314.0 1349.0 1384.0
1314.0 1349.0 1384.0
1314.0 1349.0 1384.0
1314.0 1349.0 1384.0
1314.0 1349.0 1384.0
1314.0 1349.0 1384.0
1314.0 1349.0 1384.0
1314.0 1349.0 1384.0
1314.0 1349.0 1384.0
1314.0 1349.0 1384.0
1314.0 1349.0 1384.0
1314.0 1349.0 1384.0
1314.0 1349.0 1384.0
1314.0 1349.0 1384.0
1314.0 1349.0 1384.0
1314.0 1349.0 1384.0
1314.0 1349.0 1384.0
1314.0 1349.0 1384.0
1314.0 1349.0 1384.0
1314.0 1349.0 1384.0
1314.0 1349.0 1384.0
1314.0 1349.0 1384.0
1314.0 1349.0 1384.0
1314.0 1349.0 1384.0
1314.0 1349.0 1384.0
1314.0 1349.0 1384.0
1314.0 1349.0 1384.0
1314.0 1349.0 1384.0
1314.0 1349.0 1384.0
1314.0 1349.0 1384.0
1314.0 1349.0 1384.0
1314.0 1349.0 1384.0
1314.0 1349.0 1384.0
1314.0 1349.0 1384.0
1314.0 1349.0 1384.0
1314.0 1349.0 1384.0
1314.0 1349.0 1384.0
1314.0 1349.0 1384.0
1314.0 1349.0 1384.0
1314.0 1349.0 1384.0
1314.0 1349.0 1384.0
1314.0 1349.0 1384.0
1314.0 1349.0 1384.0
1314.0 1349.0 1384.0
1314.0 1349.0 1384.0
1314.0 1349.0 1384.0
1314.0 1349.0 1384.0
1314.0 1328.5 1343.0
1314.0 1328.5 1343.0
1314.0 1328.5 1343.0
1314.0 1328.5 1343.0
1314.0 1328.5 1343.0
1314.0 1328.5 1343.0
1314.0 1328.5 1343.0
1314.0 1328.5 1343.0
1314.0 1328.5 1343.0
1314.0 1328.5 1343.0
1314.0 1328.5 1343.0
1314.0 1328.5 1343.0
1314.0 1328.5 1343.0
1314.0 1328.5 1343.0
1314.0 1328.5 1343.0
1314.0 1328.5 1343.0
1314.0 1328.5 1343.0
1314.0 1328.5 1343.0
1314.0 1328.5 1343.0
1314.0 1328.5 1343.0
1314.0 1328.5 1343.0
1314.0 1328.5 1343.0
1314.0 1328.5 1343.0
1314.0 1328.5 1343.0
1314.0 1328.5 1343.0
1314.0 1328.5 1343.0
1314.0 1328.5 1343.0
1314.0 1328.5 1343.0
1314.0 1328.5 1343.0
1314.0 1328.5 1343.0
1314.0 1328.5 1343.0
1314.0 1328.5 1343.0
1314.0 1328.5 1343.0
1314.0 1328.5 1343.0
1314.0 1328.5 1343.0
1314.0 1328.5 1343.0
1314.0 1328.5 1343.0
1314.0 1328.5 1343.0
1314.0 1328.5 1343.0
1314.0 1328.5 1343.0
1314.0 1328.5 1343.0
1314.0 1328.5 1343.0
1314.0 1328.5 1343.0
1314.0 1328.5 1343.0
1314.0 1328.5 1343.0
1314.0 1328.5 1343.0
1314.0 1328.5 1343.0
1314.0 1328.5 1343.0
1314.0 1328.5 1343.0
1314.0 1328.5 1343.0
1314.0 1328.5 1343.0
1314.0 1328.5 1343.0
1314.0 1328.5 1343.0
1314.0 1328.5 1343.0
1314.0 1328.5 1343.0
1314.0 1328.5 1343.0
1314.0 1328.5 1343.0
1314.0 1328.5 1343.0
1314.0 1328.5 1343.0
1314.0 1328.5 1343.0
1314.0 1328.5 1343.0
1314.0 1328.5 1343.0
1314.0 1328.5 1343.0
1314.0 1328.5 1343.0
1314.0 1328.5 1343.0
1314.0 1328.5 1343.0
1314.0 1328.5 1343.0
1314.0 1328.5 1343.0
1314.0 1328.5 1343.0
1314.0 1328.5 1343.0
1314.0 1328.5 1343.0
1314.0 1328.5 1343.0
1314.0 1328.5 1343.0
1314.0 1328.5 1343.0
1314.0 1328.5 1343.0
