8599.0 10675.0 12751.0
7277.0 9303.5 11330.0
5785.0 6640.0 7495.0
3894.0 5507.0 7120.0
2974.0 3755.0 4536.0
2974.0 3825.0 4676.0
2290.0 3483.0 4676.0
1928.0 2615.0 3302.0
2057.0 2063.5 2070.0
1548.0 1809.0 2070.0
1548.0 1775.5 2003.0
1274.0 1638.5 2003.0
1274.0 1475.0 1676.0
1105.0 1390.5 1676.0
1105.0 1390.5 1676.0
1083.0 1379.5 1676.0
1083.0 1379.5 1676.0
923.0 1299.5 1676.0
923.0 1299.5 1676.0
923.0 1299.5 1676.0
923.0 1299.5 1676.0
923.0 1299.5 1676.0
923.0 1299.5 1676.0
923.0 1299.5 1676.0
923.0 1299.5 1676.0
923.0 1299.5 1676.0
923.0 1299.5 1676.0
923.0 1299.5 1676.0
923.0 1299.5 1676.0
923.0 1299.5 1676.0
923.0 1299.5 1676.0
923.0 1299.5 1676.0
923.0 1299.5 1676.0
923.0 1299.5 1676.0
923.0 1299.5 1676.0
923.0 1299.5 1676.0
923.0 1299.5 1676.0
923.0 1299.5 1676.0
923.0 1299.5 1676.0
923.0 1299.5 1676.0
923.0 1299.5 1676.0
923.0 1299.5 1676.0
923.0 1299.5 1676.0
923.0 1299.5 1676.0
923.0 1299.5 1676.0
923.0 1299.5 1676.0
923.0 1299.5 1676.0
923.0 1299.5 1676.0
923.0 1299.5 1676.0
923.0 1299.5 1676.0
923.0 1299.5 1676.0
923.0 1299.5 1676.0
923.0 1299.5 1676.0
923.0 1299.5 1676.0
923.0 1299.5 1676.0
923.0 1299.5 1676.0
923.0 1299.5 1676.0
923.0 1299.5 1676.0
923.0 1299.5 1676.0
923.0 1052.0 1181.0
923.0 1052.0 1181.0
923.0 1052.0 1181.0
923.0 1052.0 1181.0
923.0 1052.0 1181.0
923.0 1052.0 1181.0
923.0 1052.0 1181.0
923.0 1052.0 1181.0
923.0 1052.0 1181.0
923.0 1052.0 1181.0
923.0 1052.0 1181.0
923.0 1032.0 1141.0
923.0 1032.0 1141.0
923.0 1032.0 1141.0
923.0 1032.0 1141.0
923.0 1032.0 1141.0
923.0 1032.0 1141.0
923.0 1032.0 1141.0
923.0 1032.0 1141.0
923.0 1032.0 1141.0
923.0 1032.0 1141.0
923.0 1032.0 1141.0
923.0 1032.0 1141.0
923.0 1032.0 1141.0
923.0 1032.0 1141.0
923.0 1032.0 1141.0
923.0 1032.0 1141.0
923.0 1032.0 1141.0
923.0 1032.0 1141.0
923.0 1032.0 1141.0
923.0 1032.0 1141.0
923.0 1032.0 1141.0
923.0 1032.0 1141.0
923.0 1032.0 1141.0
923.0 1032.0 1141.0
923.0 1032.0 1141.0
923.0 1032.0 1141.0
923.0 1032.0 1141.0
923.0 1032.0 1141.0
923.0 1032.0 1141.0
923.0 1032.0 1141.0
923.0 1032.0 1141.0
923.0 1032.0 1141.0
923.0 1032.0 1141.0
923.0 1032.0 1141.0
923.0 1032.0 1141.0
923.0 1032.0 1141.0
923.0 1032.0 1141.0
923.0 1032.0 1141.0
923.0 1032.0 1141.0
923.0 1032.0 1141.0
923.0 1032.0 1141.0
923.0 1032.0 1141.0
923.0 1032.0 1141.0
923.0 1032.0 1141.0
923.0 1032.0 1141.0
923.0 1032.0 1141.0
923.0 1032.0 1141.0
923.0 1032.0 1141.0
923.0 1032.0 1141.0
923.0 1032.0 1141.0
923.0 1032.0 1141.0
923.0 1032.0 1141.0
923.0 1032.0 1141.0
923.0 1032.0 1141.0
923.0 1032.0 1141.0
923.0 1032.0 1141.0
923.0 1032.0 1141.0
923.0 1032.0 1141.0
923.0 1032.0 1141.0
923.0 1032.0 1141.0
923.0 1032.0 1141.0
923.0 1032.0 1141.0
923.0 1032.0 1141.0
923.0 1032.0 1141.0
923.0 1032.0 1141.0
923.0 1032.0 1141.0
923.0 1032.0 1141.0
923.0 1032.0 1141.0
923.0 1032.0 1141.0
923.0 1032.0 1141.0
923.0 1032.0 1141.0
923.0 1032.0 1141.0
923.0 1032.0 1141.0
923.0 1032.0 1141.0
923.0 1032.0 1141.0
923.0 1032.0 1141.0
923.0 1032.0 1141.0
923.0 1032.0 1141.0
923.0 1032.0 1141.0
923.0 1032.0 1141.0
923.0 1032.0 1141.0
923.0 1032.0 1141.0
923.0 1032.0 1141.0
923.0 1032.0 1141.0
923.0 1032.0 1141.0
923.0 1032.0 1141.0
923.0 1032.0 1141.0
923.0 1032.0 1141.0
923.0 1032.0 1141.0
923.0 1032.0 1141.0
923.0 1032.0 1141.0
923.0 1032.0 1141.0
923.0 1032.0 1141.0
923.0 1032.0 1141.0
923.0 1032.0 1141.0
923.0 1032.0 1141.0
923.0 1032.0 1141.0
923.0 1032.0 1141.0
923.0 1032.0 1141.0
923.0 1032.0 1141.0
923.0 1032.0 1141.0
923.0 1032.0 1141.0
923.0 1032.0 1141.0
923.0 1032.0 1141.0
923.0 1032.0 1141.0
923.0 1032.0 1141.0
923.0 1032.0 1141.0
923.0 1032.0 1141.0
923.0 1032.0 1141.0
923.0 1032.0 1141.0
923.0 1032.0 1141.0
923.0 1032.0 1141.0
923.0 1032.0 1141.0
923.0 1032.0 1141.0
923.0 1032.0 1141.0
923.0 1032.0 1141.0
923.0 1032.0 1141.0
923.0 1032.0 1141.0
923.0 1032.0 1141.0
923.0 1032.0 1141.0
923.0 1032.0 1141.0
923.0 1032.0 1141.0
923.0 1032.0 1141.0
923.0 1032.0 1141.0
923.0 1032.0 1141.0
923.0 1032.0 1141.0
923.0 1032.0 1141.0
923.0 1032.0 1141.0
923.0 1032.0 1141.0
923.0 1032.0 1141.0
