13372.0 13795.5 14219.0
6733.0 9594.0 12455.0
5734.0 8705.0 11676.0
3852.0 5881.0 7910.0
4125.0 5677.5 7230.0
3628.0 3984.5 4341.0
3504.0 3922.5 4341.0
2740.0 3390.0 4040.0
2740.0 2834.0 2928.0
1704.0 2506.5 3309.0
1704.0 2204.0 2704.0
1518.0 2111.0 2704.0
1518.0 1749.0 1980.0
1518.0 1817.5 2117.0
1518.0 1817.5 2117.0
1518.0 1601.0 1684.0
1518.0 1601.0 1684.0
1518.0 1601.0 1684.0
1518.0 1601.0 1684.0
1518.0 1601.0 1684.0
1518.0 1601.0 1684.0
1518.0 1601.0 1684.0
1518.0 1601.0 1684.0
1518.0 1601.0 1684.0
1518.0 1601.0 1684.0
1518.0 1601.0 1684.0
1518.0 1601.0 1684.0
1518.0 1601.0 1684.0
1518.0 1601.0 1684.0
1518.0 1601.0 1684.0
1518.0 1601.0 1684.0
1518.0 1601.0 1684.0
1518.0 1601.0 1684.0
1518.0 1601.0 1684.0
1518.0 1601.0 1684.0
1518.0 1601.0 1684.0
1518.0 1601.0 1684.0
1518.0 1601.0 1684.0
1518.0 1601.0 1684.0
1518.0 1601.0 1684.0
1518.0 1601.0 1684.0
1518.0 1601.0 1684.0
1518.0 1601.0 1684.0
1518.0 1601.0 1684.0
1518.0 1601.0 1684.0
1518.0 1601.0 1684.0
1518.0 1601.0 1684.0
1518.0 1601.0 1684.0
1518.0 1601.0 1684.0
1518.0 1601.0 1684.0
1518.0 1601.0 1684.0
1518.0 1601.0 1684.0
1518.0 1601.0 1684.0
1518.0 1601.0 1684.0
1518.0 1601.0 1684.0
1518.0 1601.0 1684.0
1518.0 1601.0 1684.0
1518.0 1601.0 1684.0
1518.0 1601.0 1684.0
1518.0 1601.0 1684.0
1518.0 1601.0 1684.0
1247.0 1382.5 1518.0
1247.0 1382.5 1518.0
1066.0 1292.0 1518.0
1066.0 1292.0 1518.0
1008.0 1263.0 1518.0
1008.0 1263.0 1518.0
1008.0 1263.0 1518.0
1008.0 1263.0 1518.0
1008.0 1263.0 1518.0
1008.0 1263.0 1518.0
1008.0 1263.0 1518.0
1008.0 1263.0 1518.0
1008.0 1263.0 1518.0
1008.0 1263.0 1518.0
1008.0 1263.0 1518.0
1008.0 1263.0 1518.0
1008.0 1263.0 1518.0
1008.0 1263.0 1518.0
1008.0 1263.0 1518.0
1008.0 1263.0 1518.0
1008.0 1263.0 1518.0
1008.0 1263.0 1518.0
1008.0 1263.0 1518.0
1008.0 1263.0 1518.0
1008.0 1263.0 1518.0
1008.0 1263.0 1518.0
1008.0 1263.0 1518.0
1008.0 1263.0 1518.0
1008.0 1263.0 1518.0
1008.0 1263.0 1518.0
1008.0 1263.0 1518.0
1008.0 1263.0 1518.0
1008.0 1263.0 1518.0
1008.0 1263.0 1518.0
1008.0 1263.0 1518.0
1008.0 1263.0 1518.0
1008.0 1263.0 1518.0
1008.0 1263.0 1518.0
1008.0 1263.0 1518.0
1008.0 1263.0 1518.0
1008.0 1263.0 1518.0
1008.0 1263.0 1518.0
1008.0 1263.0 1518.0
1008.0 1263.0 1518.0
1008.0 1263.0 1518.0
1008.0 1263.0 1518.0
1008.0 1263.0 1518.0
1008.0 1263.0 1518.0
1008.0 1263.0 1518.0
1008.0 1263.0 1518.0
1008.0 1263.0 1518.0
1008.0 1263.0 1518.0
1008.0 1263.0 1518.0
1008.0 1263.0 1518.0
1008.0 1263.0 1518.0
1008.0 1263.0 1518.0
1008.0 1263.0 1518.0
1008.0 1263.0 1518.0
1008.0 1263.0 1518.0
1008.0 1263.0 1518.0
1008.0 1263.0 1518.0
1008.0 1263.0 1518.0
1008.0 1263.0 1518.0
1008.0 1263.0 1518.0
1008.0 1263.0 1518.0
1008.0 1263.0 1518.0
1008.0 1263.0 1518.0
1008.0 1263.0 1518.0
1008.0 1263.0 1518.0
1008.0 1263.0 1518.0
1008.0 1263.0 1518.0
1008.0 1263.0 1518.0
1008.0 1263.0 1518.0
1008.0 1263.0 1518.0
1008.0 1263.0 1518.0
1008.0 1263.0 1518.0
1008.0 1263.0 1518.0
1008.0 1263.0 1518.0
1008.0 1263.0 1518.0
1008.0 1263.0 1518.0
1008.0 1263.0 1518.0
1008.0 1263.0 1518.0
1008.0 1263.0 1518.0
1008.0 1263.0 1518.0
1008.0 1263.0 1518.0
1008.0 1263.0 1518.0
1008.0 1263.0 1518.0
1008.0 1263.0 1518.0
1008.0 1263.0 1518.0
1008.0 1263.0 1518.0
1008.0 1263.0 1518.0
1008.0 1263.0 1518.0
1008.0 1263.0 1518.0
1008.0 1263.0 1518.0
1008.0 1263.0 1518.0
1008.0 1263.0 1518.0
1008.0 1263.0 1518.0
1008.0 1263.0 1518.0
1008.0 1263.0 1518.0
1008.0 1263.0 1518.0
1008.0 1263.0 1518.0
1008.0 1263.0 1518.0
1008.0 1263.0 1518.0
1008.0 1263.0 1518.0
1008.0 1263.0 1518.0
1008.0 1263.0 1518.0
1008.0 1263.0 1518.0
1008.0 1263.0 1518.0
1008.0 1263.0 1518.0
1008.0 1263.0 1518.0
1008.0 1263.0 1518.0
1008.0 1263.0 1518.0
1008.0 1263.0 1518.0
1008.0 1263.0 1518.0
1008.0 1263.0 1518.0
1008.0 1263.0 1518.0
1008.0 1263.0 1518.0
1008.0 1263.0 1518.0
1008.0 1263.0 1518.0
1008.0 1263.0 1518.0
1008.0 1263.0 1518.0
1008.0 1263.0 1518.0
1008.0 1263.0 1518.0
1008.0 1263.0 1518.0
1008.0 1263.0 1518.0
1008.0 1263.0 1518.0
1008.0 1263.0 1518.0
1008.0 1263.0 1518.0
1008.0 1263.0 1518.0
1008.0 1263.0 1518.0
1008.0 1263.0 1518.0
1008.0 1263.0 1518.0
1008.0 1263.0 1518.0
1008.0 1263.0 1518.0
1008.0 1263.0 1518.0
1008.0 1263.0 1518.0
1008.0 1263.0 1518.0
1008.0 1263.0 1518.0
1008.0 1263.0 1518.0
