15042.0 15055.5 15069.0
12028.0 13108.5 14189.0
7661.0 8941.0 10221.0
7461.0 7861.0 8261.0
7789.0 7813.5 7838.0
4730.0 5722.5 6715.0
3401.0 4582.0 5763.0
3401.0 4582.0 5763.0
3401.0 3976.5 4552.0
3356.0 3378.5 3401.0
3356.0 3378.5 3401.0
2234.0 2570.0 2906.0
2153.0 2433.0 2713.0
2153.0 2433.0 2713.0
2153.0 2433.0 2713.0
2153.0 2433.0 2713.0
2153.0 2433.0 2713.0
1578.0 2145.5 2713.0
1578.0 2145.5 2713.0
1578.0 2145.5 2713.0
1578.0 2145.5 2713.0
1578.0 2145.5 2713.0
1578.0 2145.5 2713.0
1578.0 2145.5 2713.0
1578.0 2145.5 2713.0
1578.0 2145.5 2713.0
1578.0 2343.5 3109.0
1578.0 1755.5 1933.0
1531.0 1554.5 1578.0
1531.0 1554.5 1578.0
1531.0 1554.5 1578.0
1531.0 1554.5 1578.0
1531.0 1554.5 1578.0
1531.0 1554.5 1578.0
1531.0 1554.5 1578.0
1531.0 1554.5 1578.0
1531.0 1554.5 1578.0
1531.0 1554.5 1578.0
1531.0 1554.5 1578.0
1531.0 1554.5 1578.0
1531.0 1554.5 1578.0
1531.0 1554.5 1578.0
1531.0 1554.5 1578.0
1531.0 1554.5 1578.0
1531.0 1554.5 1578.0
1531.0 1554.5 1578.0
1531.0 1554.5 1578.0
1531.0 1554.5 1578.0
1531.0 1554.5 1578.0
1531.0 1554.5 1578.0
1531.0 1554.5 1578.0
1531.0 1554.5 1578.0
1531.0 1554.5 1578.0
1531.0 1554.5 1578.0
1531.0 1554.5 1578.0
1531.0 1554.5 1578.0
1531.0 1554.5 1578.0
1531.0 1554.5 1578.0
1531.0 1554.5 1578.0
1531.0 1554.5 1578.0
1531.0 1554.5 1578.0
1531.0 1554.5 1578.0
1531.0 1554.5 1578.0
1531.0 1554.5 1578.0
1531.0 1554.5 1578.0
1531.0 1554.5 1578.0
1531.0 1554.5 1578.0
1531.0 1554.5 1578.0
1531.0 1554.5 1578.0
1531.0 1554.5 1578.0
1531.0 1554.5 1578.0
1531.0 1554.5 1578.0
1531.0 1554.5 1578.0
1531.0 1554.5 1578.0
1531.0 1554.5 1578.0
1531.0 1554.5 1578.0
1531.0 1554.5 1578.0
1531.0 1554.5 1578.0
1531.0 1554.5 1578.0
1531.0 1554.5 1578.0
1531.0 1554.5 1578.0
1531.0 1554.5 1578.0
1531.0 1554.5 1578.0
1531.0 1554.5 1578.0
1531.0 1554.5 1578.0
1531.0 1554.5 1578.0
1531.0 1554.5 1578.0
1531.0 1554.5 1578.0
1531.0 1554.5 1578.0
1531.0 1554.5 1578.0
1531.0 1554.5 1578.0
1531.0 1554.5 1578.0
1531.0 1554.5 1578.0
1531.0 1554.5 1578.0
1531.0 1554.5 1578.0
1531.0 1554.5 1578.0
1531.0 1554.5 1578.0
1531.0 1554.5 1578.0
1531.0 1554.5 1578.0
1531.0 1554.5 1578.0
1531.0 1554.5 1578.0
1531.0 1554.5 1578.0
1531.0 1554.5 1578.0
1531.0 1554.5 1578.0
1531.0 1554.5 1578.0
1531.0 1554.5 1578.0
1531.0 1554.5 1578.0
1531.0 1554.5 1578.0
1531.0 1554.5 1578.0
1531.0 1554.5 1578.0
1531.0 1554.5 1578.0
1531.0 1554.5 1578.0
1531.0 1554.5 1578.0
1531.0 1554.5 1578.0
1531.0 1554.5 1578.0
1531.0 1554.5 1578.0
1531.0 1554.5 1578.0
1531.0 1554.5 1578.0
1531.0 1554.5 1578.0
1531.0 1554.5 1578.0
1531.0 1554.5 1578.0
1531.0 1554.5 1578.0
1531.0 1554.5 1578.0
1531.0 1554.5 1578.0
1531.0 1554.5 1578.0
1531.0 1554.5 1578.0
1531.0 1554.5 1578.0
1531.0 1554.5 1578.0
1531.0 1554.5 1578.0
1531.0 1554.5 1578.0
1531.0 1554.5 1578.0
1531.0 1554.5 1578.0
1531.0 1554.5 1578.0
1531.0 1554.5 1578.0
1531.0 1554.5 1578.0
1531.0 1554.5 1578.0
1531.0 1554.5 1578.0
1531.0 1554.5 1578.0
1531.0 1554.5 1578.0
1531.0 1554.5 1578.0
1531.0 1554.5 1578.0
1531.0 1554.5 1578.0
1531.0 1554.5 1578.0
1531.0 1554.5 1578.0
1531.0 1554.5 1578.0
1531.0 1554.5 1578.0
1531.0 1554.5 1578.0
1531.0 1554.5 1578.0
1531.0 1554.5 1578.0
1531.0 1554.5 1578.0
1531.0 1554.5 1578.0
1531.0 1554.5 1578.0
1531.0 1554.5 1578.0
1531.0 1554.5 1578.0
1531.0 1554.5 1578.0
1531.0 1554.5 1578.0
1531.0 1554.5 1578.0
1531.0 1554.5 1578.0
1531.0 1554.5 1578.0
1531.0 1554.5 1578.0
1531.0 1554.5 1578.0
1531.0 1554.5 1578.0
1531.0 1554.5 1578.0
1531.0 1554.5 1578.0
1531.0 1554.5 1578.0
1531.0 1554.5 1578.0
1531.0 1554.5 1578.0
1531.0 1554.5 1578.0
1531.0 1554.5 1578.0
1531.0 1554.5 1578.0
1531.0 1554.5 1578.0
1531.0 1554.5 1578.0
1531.0 1554.5 1578.0
1531.0 1554.5 1578.0
1531.0 1554.5 1578.0
1531.0 1554.5 1578.0
1531.0 1554.5 1578.0
1531.0 1554.5 1578.0
1531.0 1554.5 1578.0
1531.0 1554.5 1578.0
1531.0 1554.5 1578.0
1531.0 1554.5 1578.0
1531.0 1554.5 1578.0
1531.0 1554.5 1578.0
1531.0 1554.5 1578.0
1531.0 1554.5 1578.0
1531.0 1554.5 1578.0
1531.0 1554.5 1578.0
1531.0 1554.5 1578.0
1531.0 1554.5 1578.0
1531.0 1554.5 1578.0
1531.0 1554.5 1578.0
1531.0 1554.5 1578.0
1531.0 1554.5 1578.0
1531.0 1554.5 1578.0
1531.0 1554.5 1578.0
1531.0 1554.5 1578.0
1531.0 1554.5 1578.0
1531.0 1554.5 1578.0
1531.0 1554.5 1578.0
