12102.0 13825.0 15548.0
9797.0 12383.5 14970.0
7541.0 9844.0 12147.0
6606.0 8171.0 9736.0
4777.0 6658.5 8540.0
5118.0 5686.0 6254.0
3824.0 4232.0 4640.0
2774.0 3777.5 4781.0
3503.0 3906.5 4310.0
2233.0 3271.5 4310.0
2233.0 3271.5 4310.0
2233.0 3029.5 3826.0
2233.0 2340.5 2448.0
2233.0 2340.5 2448.0
2233.0 2340.5 2448.0
2233.0 2340.5 2448.0
2233.0 2340.5 2448.0
2233.0 2340.5 2448.0
2233.0 2340.5 2448.0
2233.0 2340.5 2448.0
2233.0 2340.5 2448.0
2233.0 2340.5 2448.0
2233.0 2340.5 2448.0
2233.0 2340.5 2448.0
2233.0 2340.5 2448.0
2233.0 2340.5 2448.0
2233.0 2340.5 2448.0
2233.0 2340.5 2448.0
2233.0 2340.5 2448.0
2233.0 2340.5 2448.0
2233.0 2340.5 2448.0
2233.0 2340.5 2448.0
1377.0 1805.0 2233.0
1377.0 1805.0 2233.0
1377.0 1805.0 2233.0
1377.0 1805.0 2233.0
1377.0 1805.0 2233.0
1377.0 1805.0 2233.0
1377.0 1805.0 2233.0
1377.0 1805.0 2233.0
1377.0 1805.0 2233.0
1377.0 1805.0 2233.0
1377.0 1805.0 2233.0
1377.0 1784.0 2191.0
1377.0 1784.0 2191.0
1377.0 1784.0 2191.0
1377.0 1784.0 2191.0
1377.0 1476.5 1576.0
1377.0 1521.0 1665.0
1377.0 1521.0 1665.0
1377.0 1521.0 1665.0
1377.0 1521.0 1665.0
1377.0 1521.0 1665.0
1377.0 1521.0 1665.0
1377.0 1521.0 1665.0
1377.0 1521.0 1665.0
1377.0 1521.0 1665.0
1377.0 1521.0 1665.0
1377.0 1521.0 1665.0
1377.0 1521.0 1665.0
1377.0 1521.0 1665.0
1377.0 1521.0 1665.0
1377.0 1521.0 1665.0
1377.0 1521.0 1665.0
1377.0 1521.0 1665.0
1377.0 1521.0 1665.0
1377.0 1521.0 1665.0
1377.0 1521.0 1665.0
1377.0 1521.0 1665.0
1377.0 1521.0 1665.0
1377.0 1521.0 1665.0
1377.0 1521.0 1665.0
1377.0 1521.0 1665.0
1377.0 1521.0 1665.0
1377.0 1521.0 1665.0
1377.0 1521.0 1665.0
1377.0 1521.0 1665.0
1377.0 1521.0 1665.0
1377.0 1521.0 1665.0
1377.0 1521.0 1665.0
1377.0 1521.0 1665.0
1377.0 1521.0 1665.0
1377.0 1521.0 1665.0
1377.0 1521.0 1665.0
1377.0 1521.0 1665.0
1377.0 1521.0 1665.0
1377.0 1521.0 1665.0
1377.0 1521.0 1665.0
1377.0 1521.0 1665.0
1377.0 1521.0 1665.0
1377.0 1521.0 1665.0
1377.0 1521.0 1665.0
1377.0 1521.0 1665.0
1377.0 1521.0 1665.0
1377.0 1521.0 1665.0
1377.0 1521.0 1665.0
1377.0 1521.0 1665.0
1377.0 1521.0 1665.0
1377.0 1521.0 1665.0
1377.0 1521.0 1665.0
1377.0 1521.0 1665.0
1377.0 1521.0 1665.0
1377.0 1521.0 1665.0
1377.0 1521.0 1665.0
1377.0 1521.0 1665.0
1377.0 1521.0 1665.0
1377.0 1521.0 1665.0
1377.0 1521.0 1665.0
1377.0 1521.0 1665.0
1377.0 1521.0 1665.0
1377.0 1521.0 1665.0
1377.0 1521.0 1665.0
1377.0 1521.0 1665.0
1377.0 1521.0 1665.0
1377.0 1521.0 1665.0
1377.0 1521.0 1665.0
1377.0 1521.0 1665.0
1377.0 1521.0 1665.0
1377.0 1521.0 1665.0
1377.0 1521.0 1665.0
1377.0 1521.0 1665.0
1377.0 1521.0 1665.0
1377.0 1521.0 1665.0
1377.0 1521.0 1665.0
1377.0 1521.0 1665.0
1377.0 1521.0 1665.0
1377.0 1521.0 1665.0
1377.0 1521.0 1665.0
1377.0 1521.0 1665.0
1377.0 1521.0 1665.0
1377.0 1521.0 1665.0
1377.0 1521.0 1665.0
1377.0 1521.0 1665.0
1377.0 1521.0 1665.0
1377.0 1521.0 1665.0
1377.0 1521.0 1665.0
1377.0 1521.0 1665.0
1377.0 1521.0 1665.0
1377.0 1521.0 1665.0
1377.0 1521.0 1665.0
1377.0 1521.0 1665.0
1377.0 1521.0 1665.0
1377.0 1521.0 1665.0
1377.0 1521.0 1665.0
1377.0 1521.0 1665.0
1377.0 1521.0 1665.0
1377.0 1521.0 1665.0
1377.0 1521.0 1665.0
1377.0 1521.0 1665.0
1377.0 1521.0 1665.0
1377.0 1521.0 1665.0
1377.0 1521.0 1665.0
1377.0 1521.0 1665.0
1377.0 1521.0 1665.0
1377.0 1521.0 1665.0
1377.0 1521.0 1665.0
1377.0 1521.0 1665.0
1377.0 1521.0 1665.0
1377.0 1521.0 1665.0
1377.0 1521.0 1665.0
1377.0 1521.0 1665.0
1377.0 1521.0 1665.0
1377.0 1521.0 1665.0
1377.0 1521.0 1665.0
1377.0 1521.0 1665.0
1377.0 1521.0 1665.0
1377.0 1521.0 1665.0
1377.0 1521.0 1665.0
1377.0 1521.0 1665.0
1377.0 1521.0 1665.0
1377.0 1521.0 1665.0
1377.0 1521.0 1665.0
1377.0 1521.0 1665.0
1377.0 1521.0 1665.0
1377.0 1521.0 1665.0
1377.0 1521.0 1665.0
1377.0 1521.0 1665.0
1377.0 1521.0 1665.0
1377.0 1521.0 1665.0
1377.0 1521.0 1665.0
1377.0 1521.0 1665.0
1377.0 1521.0 1665.0
1377.0 1521.0 1665.0
1377.0 1521.0 1665.0
1377.0 1521.0 1665.0
1377.0 1521.0 1665.0
1377.0 1521.0 1665.0
1377.0 1521.0 1665.0
1377.0 1521.0 1665.0
1377.0 1521.0 1665.0
1377.0 1521.0 1665.0
1377.0 1521.0 1665.0
1377.0 1521.0 1665.0
1377.0 1521.0 1665.0
1377.0 1521.0 1665.0
1377.0 1521.0 1665.0
1377.0 1521.0 1665.0
1377.0 1521.0 1665.0
1377.0 1521.0 1665.0
1377.0 1521.0 1665.0
