15459.0 16325.5 17192.0
12612.0 12994.0 13376.0
10046.0 10986.0 11926.0
7921.0 9596.5 11272.0
5377.0 7115.5 8854.0
5377.0 6598.0 7819.0
5457.0 5537.5 5618.0
3365.0 4491.5 5618.0
3365.0 3671.0 3977.0
2785.0 3381.0 3977.0
2621.0 2675.5 2730.0
2621.0 2727.5 2834.0
2834.0 2907.0 2980.0
2122.0 2369.0 2616.0
2122.0 2292.0 2462.0
2122.0 2292.0 2462.0
1603.0 1862.5 2122.0
1603.0 1862.5 2122.0
1603.0 1862.5 2122.0
1603.0 1706.5 1810.0
1603.0 1706.5 1810.0
1603.0 1706.5 1810.0
1603.0 1706.5 1810.0
1603.0 1706.5 1810.0
1603.0 1706.5 1810.0
1603.0 1706.5 1810.0
1603.0 1706.5 1810.0
1603.0 1706.5 1810.0
1603.0 1706.5 1810.0
1603.0 1706.5 1810.0
1603.0 1706.5 1810.0
1603.0 1706.5 1810.0
1603.0 1706.5 1810.0
1603.0 1706.5 1810.0
1603.0 1706.5 1810.0
1603.0 1706.5 1810.0
1603.0 1706.5 1810.0
1603.0 1706.5 1810.0
1603.0 1706.5 1810.0
1603.0 1706.5 1810.0
1603.0 1706.5 1810.0
1603.0 1706.5 1810.0
1603.0 1706.5 1810.0
1603.0 1706.5 1810.0
1603.0 1706.5 1810.0
1603.0 1706.5 1810.0
1603.0 1706.5 1810.0
1603.0 1741.5 1880.0
1603.0 1741.5 1880.0
1603.0 1741.5 1880.0
1603.0 1741.5 1880.0
1603.0 1741.5 1880.0
1603.0 1741.5 1880.0
1603.0 1741.5 1880.0
1603.0 1741.5 1880.0
1603.0 1741.5 1880.0
1603.0 1741.5 1880.0
1603.0 1741.5 1880.0
1603.0 1741.5 1880.0
1603.0 1741.5 1880.0
1603.0 1741.5 1880.0
1603.0 1741.5 1880.0
1603.0 1741.5 1880.0
1603.0 1741.5 1880.0
1603.0 1741.5 1880.0
1603.0 1741.5 1880.0
1603.0 1741.5 1880.0
1603.0 1741.5 1880.0
1603.0 1741.5 1880.0
1603.0 1741.5 1880.0
1603.0 1741.5 1880.0
1603.0 1741.5 1880.0
1603.0 1741.5 1880.0
1603.0 1741.5 1880.0
1603.0 1741.5 1880.0
1603.0 1741.5 1880.0
1603.0 1741.5 1880.0
1603.0 1741.5 1880.0
1603.0 1741.5 1880.0
1603.0 1741.5 1880.0
1603.0 1741.5 1880.0
1603.0 1741.5 1880.0
1603.0 1741.5 1880.0
1603.0 1741.5 1880.0
1603.0 1741.5 1880.0
1603.0 1741.5 1880.0
1603.0 1741.5 1880.0
1603.0 1741.5 1880.0
1603.0 1741.5 1880.0
1603.0 1741.5 1880.0
1603.0 1741.5 1880.0
1603.0 1741.5 1880.0
1603.0 1741.5 1880.0
1603.0 1741.5 1880.0
1603.0 1741.5 1880.0
1603.0 1741.5 1880.0
1603.0 1741.5 1880.0
1603.0 1741.5 1880.0
1603.0 1741.5 1880.0
1603.0 1741.5 1880.0
1603.0 1741.5 1880.0
1603.0 1741.5 1880.0
1603.0 1741.5 1880.0
1603.0 1741.5 1880.0
1603.0 1741.5 1880.0
1603.0 1741.5 1880.0
1603.0 1741.5 1880.0
1603.0 1741.5 1880.0
1603.0 1741.5 1880.0
1603.0 1741.5 1880.0
1603.0 1741.5 1880.0
1603.0 1741.5 1880.0
1603.0 1741.5 1880.0
1603.0 1741.5 1880.0
1603.0 1741.5 1880.0
1603.0 1741.5 1880.0
1603.0 1741.5 1880.0
1603.0 1741.5 1880.0
1603.0 1741.5 1880.0
1603.0 1741.5 1880.0
1603.0 1741.5 1880.0
1603.0 1741.5 1880.0
1603.0 1741.5 1880.0
1603.0 1741.5 1880.0
1603.0 1741.5 1880.0
1603.0 1741.5 1880.0
1603.0 1741.5 1880.0
1603.0 1741.5 1880.0
1603.0 1741.5 1880.0
1603.0 1741.5 1880.0
1603.0 1741.5 1880.0
1603.0 1741.5 1880.0
1603.0 1741.5 1880.0
1603.0 1741.5 1880.0
1603.0 1741.5 1880.0
1603.0 1741.5 1880.0
1603.0 1741.5 1880.0
1603.0 1741.5 1880.0
1603.0 1741.5 1880.0
1603.0 1741.5 1880.0
1603.0 1741.5 1880.0
1603.0 1741.5 1880.0
1603.0 1741.5 1880.0
1603.0 1741.5 1880.0
1603.0 1741.5 1880.0
1603.0 1741.5 1880.0
1603.0 1741.5 1880.0
1603.0 1741.5 1880.0
1603.0 1741.5 1880.0
1603.0 1741.5 1880.0
1603.0 1741.5 1880.0
1603.0 1741.5 1880.0
1603.0 1741.5 1880.0
1603.0 1741.5 1880.0
1603.0 1741.5 1880.0
1603.0 1741.5 1880.0
1603.0 1741.5 1880.0
1603.0 1741.5 1880.0
1603.0 1741.5 1880.0
1603.0 1741.5 1880.0
1603.0 1741.5 1880.0
1603.0 1741.5 1880.0
1603.0 1741.5 1880.0
1603.0 1741.5 1880.0
1603.0 1741.5 1880.0
1603.0 1741.5 1880.0
1603.0 1741.5 1880.0
1603.0 1741.5 1880.0
1603.0 1741.5 1880.0
1603.0 1741.5 1880.0
1603.0 1741.5 1880.0
1603.0 1741.5 1880.0
1440.0 1521.5 1603.0
1440.0 1521.5 1603.0
1440.0 1521.5 1603.0
1440.0 1521.5 1603.0
1440.0 1521.5 1603.0
1440.0 1521.5 1603.0
1440.0 1521.5 1603.0
1440.0 1521.5 1603.0
1440.0 1521.5 1603.0
1440.0 1521.5 1603.0
1440.0 1521.5 1603.0
1440.0 1521.5 1603.0
1440.0 1521.5 1603.0
1440.0 1521.5 1603.0
1440.0 1521.5 1603.0
1440.0 1521.5 1603.0
1440.0 1521.5 1603.0
1440.0 1521.5 1603.0
1440.0 1521.5 1603.0
1440.0 1521.5 1603.0
1440.0 1521.5 1603.0
1440.0 1521.5 1603.0
1440.0 1521.5 1603.0
1440.0 1521.5 1603.0
1440.0 1521.5 1603.0
1440.0 1521.5 1603.0
1440.0 1521.5 1603.0
1440.0 1521.5 1603.0
