11301.0 12146.0 12991.0
8391.0 10169.5 11948.0
7345.0 8591.5 9838.0
5928.0 7577.0 9226.0
5864.0 5896.0 5928.0
2689.0 4693.0 6697.0
2754.0 3868.0 4982.0
2062.0 3522.0 4982.0
2062.0 2612.0 3162.0
2062.0 2612.0 3162.0
2062.0 2612.0 3162.0
2062.0 2533.5 3005.0
2062.0 2706.0 3350.0
2062.0 2706.0 3350.0
2062.0 2706.0 3350.0
2062.0 2706.0 3350.0
2062.0 2706.0 3350.0
2062.0 2706.0 3350.0
2062.0 2706.0 3350.0
2062.0 2706.0 3350.0
2062.0 2706.0 3350.0
2062.0 2706.0 3350.0
2062.0 2706.0 3350.0
2455.0 2902.5 3350.0
2455.0 2902.5 3350.0
2455.0 2902.5 3350.0
2455.0 2902.5 3350.0
1786.0 2568.0 3350.0
1786.0 2568.0 3350.0
1786.0 2568.0 3350.0
1786.0 2568.0 3350.0
1786.0 2568.0 3350.0
1786.0 1953.5 2121.0
1786.0 1910.0 2034.0
1786.0 1945.5 2105.0
1786.0 1945.5 2105.0
1786.0 1945.5 2105.0
1786.0 1945.5 2105.0
1786.0 1945.5 2105.0
1786.0 1945.5 2105.0
1786.0 1945.5 2105.0
1786.0 1945.5 2105.0
1786.0 1945.5 2105.0
1786.0 1945.5 2105.0
1272.0 1529.0 1786.0
1154.0 1470.0 1786.0
1154.0 1470.0 1786.0
1154.0 1470.0 1786.0
1154.0 1470.0 1786.0
1154.0 1470.0 1786.0
1154.0 1470.0 1786.0
1154.0 1470.0 1786.0
1154.0 1470.0 1786.0
1154.0 1470.0 1786.0
1154.0 1470.0 1786.0
1154.0 1470.0 1786.0
1154.0 1470.0 1786.0
1154.0 1470.0 1786.0
1154.0 1470.0 1786.0
1154.0 1470.0 1786.0
1154.0 1470.0 1786.0
1154.0 1470.0 1786.0
1154.0 1470.0 1786.0
1154.0 1470.0 1786.0
1154.0 1470.0 1786.0
1154.0 1470.0 1786.0
1154.0 1470.0 1786.0
1154.0 1470.0 1786.0
1154.0 1470.0 1786.0
1154.0 1470.0 1786.0
1154.0 1470.0 1786.0
1154.0 1470.0 1786.0
1154.0 1470.0 1786.0
1154.0 1470.0 1786.0
1154.0 1470.0 1786.0
1154.0 1470.0 1786.0
1154.0 1470.0 1786.0
1154.0 1470.0 1786.0
1154.0 1470.0 1786.0
1154.0 1470.0 1786.0
1154.0 1470.0 1786.0
1154.0 1470.0 1786.0
1154.0 1470.0 1786.0
1154.0 1470.0 1786.0
1154.0 1470.0 1786.0
1154.0 1470.0 1786.0
1154.0 1470.0 1786.0
1154.0 1470.0 1786.0
1154.0 1470.0 1786.0
1154.0 1470.0 1786.0
1154.0 1470.0 1786.0
1154.0 1470.0 1786.0
1154.0 1470.0 1786.0
1154.0 1470.0 1786.0
1154.0 1456.0 1758.0
1154.0 1456.0 1758.0
1154.0 1456.0 1758.0
1154.0 1456.0 1758.0
1154.0 1456.0 1758.0
1154.0 1456.0 1758.0
1154.0 1456.0 1758.0
1154.0 1456.0 1758.0
1154.0 1456.0 1758.0
1154.0 1456.0 1758.0
1154.0 1456.0 1758.0
1154.0 1456.0 1758.0
1154.0 1456.0 1758.0
1154.0 1456.0 1758.0
1154.0 1456.0 1758.0
1154.0 1456.0 1758.0
1154.0 1456.0 1758.0
1154.0 1456.0 1758.0
1154.0 1456.0 1758.0
1154.0 1456.0 1758.0
1154.0 1456.0 1758.0
1154.0 1456.0 1758.0
1154.0 1456.0 1758.0
1154.0 1456.0 1758.0
1154.0 1456.0 1758.0
1154.0 1456.0 1758.0
1154.0 1456.0 1758.0
1154.0 1456.0 1758.0
1154.0 1456.0 1758.0
1154.0 1456.0 1758.0
1154.0 1456.0 1758.0
1154.0 1456.0 1758.0
1154.0 1456.0 1758.0
1154.0 1456.0 1758.0
1154.0 1456.0 1758.0
1154.0 1456.0 1758.0
1154.0 1456.0 1758.0
1154.0 1456.0 1758.0
1154.0 1456.0 1758.0
1154.0 1456.0 1758.0
1154.0 1456.0 1758.0
1154.0 1456.0 1758.0
1154.0 1456.0 1758.0
1154.0 1456.0 1758.0
1154.0 1456.0 1758.0
1154.0 1456.0 1758.0
1154.0 1456.0 1758.0
1154.0 1456.0 1758.0
1154.0 1456.0 1758.0
1154.0 1456.0 1758.0
1154.0 1456.0 1758.0
1154.0 1456.0 1758.0
1154.0 1456.0 1758.0
1154.0 1456.0 1758.0
1154.0 1456.0 1758.0
1154.0 1456.0 1758.0
1154.0 1456.0 1758.0
1154.0 1456.0 1758.0
1154.0 1456.0 1758.0
1154.0 1456.0 1758.0
1154.0 1456.0 1758.0
1154.0 1456.0 1758.0
1154.0 1456.0 1758.0
1154.0 1456.0 1758.0
1154.0 1456.0 1758.0
1154.0 1456.0 1758.0
1154.0 1374.0 1594.0
1154.0 1374.0 1594.0
1154.0 1374.0 1594.0
1154.0 1374.0 1594.0
1154.0 1374.0 1594.0
1154.0 1374.0 1594.0
1154.0 1374.0 1594.0
1154.0 1374.0 1594.0
1154.0 1374.0 1594.0
1154.0 1374.0 1594.0
1154.0 1374.0 1594.0
1154.0 1374.0 1594.0
1154.0 1374.0 1594.0
1154.0 1374.0 1594.0
1154.0 1374.0 1594.0
1154.0 1374.0 1594.0
1154.0 1374.0 1594.0
1154.0 1374.0 1594.0
1154.0 1374.0 1594.0
1154.0 1374.0 1594.0
1154.0 1374.0 1594.0
1154.0 1374.0 1594.0
1154.0 1374.0 1594.0
1154.0 1374.0 1594.0
1154.0 1374.0 1594.0
1154.0 1374.0 1594.0
1154.0 1374.0 1594.0
1154.0 1374.0 1594.0
1154.0 1374.0 1594.0
1154.0 1374.0 1594.0
1154.0 1374.0 1594.0
1154.0 1374.0 1594.0
1154.0 1374.0 1594.0
1154.0 1374.0 1594.0
1154.0 1374.0 1594.0
1154.0 1374.0 1594.0
1154.0 1374.0 1594.0
1154.0 1374.0 1594.0
1154.0 1374.0 1594.0
1154.0 1374.0 1594.0
