10772.0 10952.0 11132.0
8530.0 9043.5 9557.0
7475.0 7506.0 7537.0
5130.0 5226.5 5323.0
3291.0 4259.0 5227.0
2945.0 3095.0 3245.0
2636.0 2657.0 2678.0
2425.0 2530.5 2636.0
1744.0 1840.0 1936.0
1744.0 1912.0 2080.0
1733.0 1738.5 1744.0
1425.0 1584.5 1744.0
1653.0 1698.5 1744.0
1653.0 1698.5 1744.0
1653.0 1698.5 1744.0
1273.0 1508.5 1744.0
1273.0 1508.5 1744.0
1122.0 1433.0 1744.0
1122.0 1433.0 1744.0
1122.0 1433.0 1744.0
1122.0 1433.0 1744.0
1122.0 1433.0 1744.0
1122.0 1433.0 1744.0
1122.0 1433.0 1744.0
1122.0 1433.0 1744.0
1122.0 1433.0 1744.0
1122.0 1433.0 1744.0
1122.0 1433.0 1744.0
1122.0 1433.0 1744.0
1122.0 1433.0 1744.0
1122.0 1433.0 1744.0
1122.0 1433.0 1744.0
1122.0 1433.0 1744.0
1122.0 1433.0 1744.0
1122.0 1433.0 1744.0
1122.0 1433.0 1744.0
1122.0 1433.0 1744.0
1122.0 1433.0 1744.0
1122.0 1433.0 1744.0
1122.0 1433.0 1744.0
1122.0 1433.0 1744.0
1122.0 1433.0 1744.0
1122.0 1433.0 1744.0
1122.0 1433.0 1744.0
1122.0 1433.0 1744.0
1122.0 1433.0 1744.0
1122.0 1433.0 1744.0
1122.0 1433.0 1744.0
1122.0 1433.0 1744.0
1122.0 1433.0 1744.0
1122.0 1433.0 1744.0
1122.0 1433.0 1744.0
1122.0 1433.0 1744.0
1122.0 1433.0 1744.0
1122.0 1433.0 1744.0
1122.0 1433.0 1744.0
1122.0 1433.0 1744.0
1122.0 1433.0 1744.0
1122.0 1433.0 1744.0
1122.0 1433.0 1744.0
1122.0 1433.0 1744.0
1122.0 1433.0 1744.0
1122.0 1433.0 1744.0
1122.0 1433.0 1744.0
1122.0 1433.0 1744.0
1122.0 1433.0 1744.0
1122.0 1433.0 1744.0
1122.0 1433.0 1744.0
1122.0 1433.0 1744.0
1122.0 1433.0 1744.0
1122.0 1433.0 1744.0
1122.0 1433.0 1744.0
1122.0 1433.0 1744.0
1122.0 1433.0 1744.0
1122.0 1433.0 1744.0
1017.0 1069.5 1122.0
1017.0 1069.5 1122.0
1017.0 1069.5 1122.0
1017.0 1069.5 1122.0
1017.0 1069.5 1122.0
1017.0 1069.5 1122.0
1017.0 1069.5 1122.0
1017.0 1069.5 1122.0
1017.0 1069.5 1122.0
1017.0 1069.5 1122.0
1017.0 1069.5 1122.0
1017.0 1069.5 1122.0
1017.0 1069.5 1122.0
1017.0 1069.5 1122.0
1017.0 1069.5 1122.0
1017.0 1069.5 1122.0
1017.0 1069.5 1122.0
1017.0 1069.5 1122.0
1017.0 1069.5 1122.0
1017.0 1069.5 1122.0
1017.0 1069.5 1122.0
1017.0 1069.5 1122.0
1017.0 1069.5 1122.0
1017.0 1069.5 1122.0
1017.0 1069.5 1122.0
1017.0 1069.5 1122.0
1017.0 1069.5 1122.0
1017.0 1069.5 1122.0
1017.0 1069.5 1122.0
1017.0 1069.5 1122.0
1017.0 1069.5 1122.0
1017.0 1069.5 1122.0
1017.0 1069.5 1122.0
1017.0 1069.5 1122.0
1017.0 1069.5 1122.0
1017.0 1069.5 1122.0
1017.0 1069.5 1122.0
1017.0 1069.5 1122.0
1017.0 1069.5 1122.0
1017.0 1069.5 1122.0
1017.0 1069.5 1122.0
1017.0 1069.5 1122.0
1017.0 1069.5 1122.0
1017.0 1069.5 1122.0
1017.0 1069.5 1122.0
1017.0 1069.5 1122.0
1017.0 1069.5 1122.0
1017.0 1069.5 1122.0
1017.0 1069.5 1122.0
1017.0 1069.5 1122.0
1017.0 1069.5 1122.0
1017.0 1069.5 1122.0
1017.0 1069.5 1122.0
1017.0 1069.5 1122.0
1017.0 1069.5 1122.0
1017.0 1069.5 1122.0
1017.0 1069.5 1122.0
1017.0 1069.5 1122.0
1017.0 1069.5 1122.0
1017.0 1069.5 1122.0
1017.0 1069.5 1122.0
1017.0 1069.5 1122.0
1017.0 1069.5 1122.0
1017.0 1069.5 1122.0
1017.0 1069.5 1122.0
1017.0 1069.5 1122.0
1017.0 1069.5 1122.0
1017.0 1069.5 1122.0
1017.0 1069.5 1122.0
1017.0 1069.5 1122.0
1017.0 1069.5 1122.0
1017.0 1069.5 1122.0
1017.0 1069.5 1122.0
1017.0 1069.5 1122.0
1017.0 1069.5 1122.0
1017.0 1069.5 1122.0
1017.0 1069.5 1122.0
1017.0 1069.5 1122.0
1017.0 1069.5 1122.0
1017.0 1069.5 1122.0
1017.0 1069.5 1122.0
1017.0 1069.5 1122.0
1017.0 1069.5 1122.0
1017.0 1069.5 1122.0
1017.0 1069.5 1122.0
1017.0 1069.5 1122.0
1017.0 1069.5 1122.0
1017.0 1069.5 1122.0
1017.0 1069.5 1122.0
1017.0 1069.5 1122.0
1017.0 1069.5 1122.0
1017.0 1069.5 1122.0
1017.0 1069.5 1122.0
1017.0 1069.5 1122.0
1017.0 1069.5 1122.0
1017.0 1069.5 1122.0
1017.0 1069.5 1122.0
1017.0 1069.5 1122.0
1017.0 1069.5 1122.0
1017.0 1069.5 1122.0
1017.0 1069.5 1122.0
1017.0 1069.5 1122.0
1017.0 1069.5 1122.0
1017.0 1069.5 1122.0
1017.0 1069.5 1122.0
990.0 1003.5 1017.0
990.0 1003.5 1017.0
661.0 839.0 1017.0
646.0 831.5 1017.0
646.0 831.5 1017.0
646.0 831.5 1017.0
646.0 831.5 1017.0
646.0 831.5 1017.0
646.0 831.5 1017.0
646.0 831.5 1017.0
646.0 831.5 1017.0
646.0 831.5 1017.0
646.0 831.5 1017.0
646.0 831.5 1017.0
646.0 831.5 1017.0
646.0 831.5 1017.0
646.0 831.5 1017.0
646.0 831.5 1017.0
646.0 831.5 1017.0
646.0 831.5 1017.0
