14132.0 14360.0 14588.0
11366.0 11719.5 12073.0
8308.0 9962.5 11617.0
7631.0 9217.0 10803.0
3003.0 5228.5 7454.0
3003.0 5228.5 7454.0
2251.0 3627.0 5003.0
2240.0 3971.5 5703.0
1603.0 3065.5 4528.0
1603.0 2581.5 3560.0
1603.0 2760.0 3917.0
1603.0 2465.0 3327.0
1455.0 2100.5 2746.0
1455.0 1870.0 2285.0
1455.0 1870.0 2285.0
1455.0 1870.0 2285.0
1455.0 1870.0 2285.0
1455.0 1870.0 2285.0
1455.0 1870.0 2285.0
1455.0 1870.0 2285.0
1455.0 1870.0 2285.0
1455.0 1870.0 2285.0
1455.0 1870.0 2285.0
1455.0 1870.0 2285.0
1455.0 1870.0 2285.0
1455.0 1870.0 2285.0
1455.0 1870.0 2285.0
1455.0 1870.0 2285.0
1455.0 1870.0 2285.0
1455.0 1870.0 2285.0
1455.0 1864.5 2274.0
1455.0 1864.5 2274.0
1455.0 1864.5 2274.0
1455.0 1864.5 2274.0
1455.0 1864.5 2274.0
1455.0 1970.5 2486.0
1455.0 1615.5 1776.0
1455.0 1615.5 1776.0
1455.0 1615.5 1776.0
1455.0 1615.5 1776.0
1455.0 1615.5 1776.0
1455.0 1615.5 1776.0
1455.0 1615.5 1776.0
1455.0 1615.5 1776.0
1455.0 1615.5 1776.0
1455.0 1615.5 1776.0
1455.0 1615.5 1776.0
1455.0 1615.5 1776.0
1455.0 1988.5 2522.0
1455.0 1988.5 2522.0
1455.0 1988.5 2522.0
1455.0 1988.5 2522.0
1455.0 1988.5 2522.0
1455.0 1988.5 2522.0
1455.0 1988.5 2522.0
1455.0 1988.5 2522.0
1455.0 1733.5 2012.0
1140.0 1297.5 1455.0
1140.0 1297.5 1455.0
1140.0 1297.5 1455.0
1140.0 1297.5 1455.0
1140.0 1297.5 1455.0
1140.0 1297.5 1455.0
1140.0 1297.5 1455.0
1140.0 1297.5 1455.0
1140.0 1297.5 1455.0
1140.0 1297.5 1455.0
1140.0 1297.5 1455.0
1140.0 1297.5 1455.0
1140.0 1297.5 1455.0
1140.0 1297.5 1455.0
1140.0 1297.5 1455.0
1140.0 1297.5 1455.0
1140.0 1297.5 1455.0
1140.0 1297.5 1455.0
1140.0 1297.5 1455.0
1140.0 1297.5 1455.0
1140.0 1297.5 1455.0
1140.0 1297.5 1455.0
1140.0 1297.5 1455.0
1140.0 1297.5 1455.0
1140.0 1297.5 1455.0
1140.0 1297.5 1455.0
1140.0 1297.5 1455.0
1140.0 1297.5 1455.0
1140.0 1297.5 1455.0
1140.0 1297.5 1455.0
1140.0 1297.5 1455.0
1140.0 1297.5 1455.0
1140.0 1297.5 1455.0
1140.0 1297.5 1455.0
1140.0 1297.5 1455.0
1140.0 1297.5 1455.0
1140.0 1297.5 1455.0
1140.0 1297.5 1455.0
1140.0 1297.5 1455.0
1140.0 1297.5 1455.0
1140.0 1297.5 1455.0
1140.0 1297.5 1455.0
1140.0 1297.5 1455.0
1140.0 1297.5 1455.0
1140.0 1297.5 1455.0
1140.0 1297.5 1455.0
1140.0 1297.5 1455.0
1140.0 1297.5 1455.0
1140.0 1297.5 1455.0
1140.0 1297.5 1455.0
1140.0 1297.5 1455.0
1140.0 1297.5 1455.0
1140.0 1297.5 1455.0
1140.0 1297.5 1455.0
1140.0 1297.5 1455.0
1140.0 1297.5 1455.0
1140.0 1297.5 1455.0
1140.0 1297.5 1455.0
1140.0 1297.5 1455.0
1140.0 1297.5 1455.0
1140.0 1297.5 1455.0
1140.0 1297.5 1455.0
1140.0 1297.5 1455.0
1140.0 1297.5 1455.0
1140.0 1297.5 1455.0
1140.0 1297.5 1455.0
1140.0 1297.5 1455.0
1140.0 1297.5 1455.0
1140.0 1297.5 1455.0
1140.0 1297.5 1455.0
1140.0 1297.5 1455.0
1140.0 1297.5 1455.0
1140.0 1297.5 1455.0
1140.0 1297.5 1455.0
1140.0 1297.5 1455.0
1140.0 1297.5 1455.0
1140.0 1297.5 1455.0
1140.0 1297.5 1455.0
1140.0 1297.5 1455.0
1140.0 1297.5 1455.0
1140.0 1297.5 1455.0
1140.0 1297.5 1455.0
1140.0 1297.5 1455.0
1140.0 1297.5 1455.0
1140.0 1297.5 1455.0
1140.0 1297.5 1455.0
1140.0 1297.5 1455.0
1140.0 1297.5 1455.0
1140.0 1297.5 1455.0
1140.0 1297.5 1455.0
1140.0 1297.5 1455.0
1140.0 1297.5 1455.0
1140.0 1297.5 1455.0
1140.0 1297.5 1455.0
1140.0 1297.5 1455.0
1140.0 1297.5 1455.0
1140.0 1297.5 1455.0
1140.0 1297.5 1455.0
1140.0 1297.5 1455.0
1140.0 1297.5 1455.0
1140.0 1297.5 1455.0
1140.0 1297.5 1455.0
1140.0 1297.5 1455.0
1140.0 1297.5 1455.0
1140.0 1297.5 1455.0
1140.0 1297.5 1455.0
1140.0 1297.5 1455.0
1140.0 1297.5 1455.0
1140.0 1297.5 1455.0
1140.0 1297.5 1455.0
1140.0 1297.5 1455.0
1140.0 1297.5 1455.0
1140.0 1297.5 1455.0
1140.0 1297.5 1455.0
1140.0 1297.5 1455.0
1140.0 1297.5 1455.0
1140.0 1297.5 1455.0
1140.0 1297.5 1455.0
1140.0 1297.5 1455.0
1140.0 1297.5 1455.0
1140.0 1297.5 1455.0
1140.0 1297.5 1455.0
1140.0 1297.5 1455.0
1140.0 1297.5 1455.0
1140.0 1297.5 1455.0
1140.0 1297.5 1455.0
1140.0 1297.5 1455.0
1140.0 1297.5 1455.0
1140.0 1297.5 1455.0
1140.0 1297.5 1455.0
1140.0 1297.5 1455.0
1140.0 1297.5 1455.0
1140.0 1297.5 1455.0
1140.0 1297.5 1455.0
1140.0 1297.5 1455.0
1140.0 1297.5 1455.0
1140.0 1297.5 1455.0
1140.0 1297.5 1455.0
1140.0 1297.5 1455.0
1140.0 1297.5 1455.0
1140.0 1297.5 1455.0
1140.0 1297.5 1455.0
1140.0 1297.5 1455.0
