13539.0 15288.0 17037.0
12223.0 13625.5 15028.0
9906.0 11965.0 14024.0
8067.0 9817.0 11567.0
7633.0 8906.5 10180.0
7627.0 8064.5 8502.0
5345.0 5893.5 6442.0
5110.0 5227.5 5345.0
3977.0 4477.0 4977.0
3977.0 4410.5 4844.0
3244.0 3577.5 3911.0
1901.0 2572.5 3244.0
1901.0 2572.5 3244.0
1901.0 2572.5 3244.0
1901.0 2572.5 3244.0
1901.0 2572.5 3244.0
1901.0 2572.5 3244.0
1901.0 2264.5 2628.0
1901.0 2344.0 2787.0
1901.0 2344.0 2787.0
1901.0 2344.0 2787.0
1901.0 2344.0 2787.0
1901.0 2344.0 2787.0
1901.0 2344.0 2787.0
1901.0 2344.0 2787.0
1901.0 2344.0 2787.0
1901.0 2344.0 2787.0
1901.0 2344.0 2787.0
1901.0 2344.0 2787.0
1901.0 2344.0 2787.0
1901.0 2344.0 2787.0
1901.0 2344.0 2787.0
1901.0 2344.0 2787.0
1901.0 2344.0 2787.0
1901.0 2344.0 2787.0
1360.0 2073.5 2787.0
1360.0 2073.5 2787.0
1360.0 2073.5 2787.0
1360.0 2073.5 2787.0
1360.0 2073.5 2787.0
1360.0 2073.5 2787.0
1360.0 2073.5 2787.0
1360.0 2073.5 2787.0
1360.0 2073.5 2787.0
1360.0 2073.5 2787.0
1360.0 2073.5 2787.0
1360.0 2073.5 2787.0
1360.0 1704.0 2048.0
1360.0 1704.0 2048.0
1360.0 1704.0 2048.0
1360.0 1704.0 2048.0
1360.0 1704.0 2048.0
1360.0 1704.0 2048.0
1360.0 1704.0 2048.0
1360.0 1704.0 2048.0
1360.0 1704.0 2048.0
1360.0 1704.0 2048.0
1360.0 1704.0 2048.0
1360.0 1704.0 2048.0
1360.0 1704.0 2048.0
1360.0 1704.0 2048.0
1360.0 1704.0 2048.0
1360.0 1704.0 2048.0
1360.0 1704.0 2048.0
1360.0 1704.0 2048.0
1360.0 1788.5 2217.0
1360.0 1788.5 2217.0
1360.0 1788.5 2217.0
1360.0 1788.5 2217.0
1360.0 1788.5 2217.0
1360.0 1788.5 2217.0
1360.0 1788.5 2217.0
1360.0 1788.5 2217.0
1360.0 1788.5 2217.0
1360.0 1788.5 2217.0
1360.0 1788.5 2217.0
1360.0 1788.5 2217.0
1360.0 1788.5 2217.0
1360.0 1788.5 2217.0
1360.0 1788.5 2217.0
1360.0 1788.5 2217.0
1360.0 1788.5 2217.0
1360.0 1788.5 2217.0
1360.0 1788.5 2217.0
1360.0 1788.5 2217.0
1360.0 1788.5 2217.0
1360.0 1788.5 2217.0
1360.0 1788.5 2217.0
1360.0 1788.5 2217.0
1360.0 1788.5 2217.0
1573.0 1895.0 2217.0
974.0 1595.5 2217.0
974.0 1595.5 2217.0
974.0 1595.5 2217.0
974.0 1595.5 2217.0
974.0 1595.5 2217.0
974.0 1595.5 2217.0
974.0 1595.5 2217.0
974.0 1595.5 2217.0
974.0 1595.5 2217.0
974.0 1595.5 2217.0
974.0 1595.5 2217.0
974.0 1595.5 2217.0
974.0 1595.5 2217.0
974.0 1595.5 2217.0
974.0 1595.5 2217.0
974.0 1595.5 2217.0
974.0 1595.5 2217.0
974.0 1595.5 2217.0
974.0 1595.5 2217.0
974.0 1595.5 2217.0
974.0 1541.5 2109.0
974.0 1192.0 1410.0
974.0 1192.0 1410.0
974.0 1192.0 1410.0
974.0 1192.0 1410.0
974.0 1192.0 1410.0
974.0 1192.0 1410.0
974.0 1192.0 1410.0
974.0 1192.0 1410.0
974.0 1192.0 1410.0
974.0 1192.0 1410.0
974.0 1192.0 1410.0
974.0 1192.0 1410.0
974.0 1192.0 1410.0
974.0 1192.0 1410.0
974.0 1192.0 1410.0
974.0 1192.0 1410.0
974.0 1192.0 1410.0
974.0 1192.0 1410.0
974.0 1192.0 1410.0
974.0 1192.0 1410.0
974.0 1192.0 1410.0
974.0 1192.0 1410.0
974.0 1192.0 1410.0
974.0 1192.0 1410.0
974.0 1192.0 1410.0
974.0 1192.0 1410.0
974.0 1192.0 1410.0
974.0 1192.0 1410.0
974.0 1192.0 1410.0
974.0 1192.0 1410.0
974.0 1192.0 1410.0
974.0 1192.0 1410.0
974.0 1192.0 1410.0
974.0 1192.0 1410.0
974.0 1192.0 1410.0
974.0 1192.0 1410.0
974.0 1192.0 1410.0
974.0 1192.0 1410.0
974.0 1192.0 1410.0
974.0 1192.0 1410.0
974.0 1192.0 1410.0
974.0 1192.0 1410.0
974.0 1192.0 1410.0
974.0 1192.0 1410.0
974.0 1192.0 1410.0
974.0 1192.0 1410.0
974.0 1192.0 1410.0
974.0 1192.0 1410.0
974.0 1192.0 1410.0
974.0 1192.0 1410.0
974.0 1192.0 1410.0
974.0 1192.0 1410.0
974.0 1192.0 1410.0
974.0 1192.0 1410.0
974.0 1192.0 1410.0
974.0 1192.0 1410.0
974.0 1192.0 1410.0
974.0 1192.0 1410.0
974.0 1192.0 1410.0
974.0 1192.0 1410.0
974.0 1192.0 1410.0
974.0 1192.0 1410.0
974.0 1309.5 1645.0
974.0 1309.5 1645.0
974.0 1309.5 1645.0
974.0 1309.5 1645.0
974.0 1309.5 1645.0
974.0 1309.5 1645.0
974.0 1309.5 1645.0
974.0 1309.5 1645.0
974.0 1309.5 1645.0
974.0 1309.5 1645.0
974.0 1309.5 1645.0
974.0 1309.5 1645.0
974.0 1309.5 1645.0
974.0 1309.5 1645.0
974.0 1309.5 1645.0
974.0 1309.5 1645.0
974.0 1309.5 1645.0
974.0 1309.5 1645.0
974.0 1309.5 1645.0
974.0 1309.5 1645.0
974.0 1309.5 1645.0
974.0 1309.5 1645.0
974.0 1309.5 1645.0
974.0 1309.5 1645.0
974.0 1309.5 1645.0
974.0 1309.5 1645.0
