10527.0 13491.0 16455.0
9774.0 12167.5 14561.0
5664.0 9482.0 13300.0
6097.0 7893.5 9690.0
3769.0 6771.5 9774.0
3519.0 6843.5 10168.0
3949.0 6466.5 8984.0
2304.0 3839.5 5375.0
2304.0 3186.0 4068.0
2304.0 2878.0 3452.0
2304.0 2878.0 3452.0
2291.0 2871.5 3452.0
2291.0 2871.5 3452.0
2291.0 2871.5 3452.0
2291.0 2687.5 3084.0
2291.0 2522.5 2754.0
2291.0 2419.5 2548.0
2291.0 2419.5 2548.0
2291.0 2419.5 2548.0
2291.0 2419.5 2548.0
2291.0 2419.5 2548.0
2291.0 2419.5 2548.0
2291.0 2419.5 2548.0
2291.0 2419.5 2548.0
2291.0 2419.5 2548.0
2291.0 2419.5 2548.0
2291.0 2419.5 2548.0
2254.0 2272.5 2291.0
2254.0 2272.5 2291.0
2168.0 2229.5 2291.0
1823.0 2057.0 2291.0
1823.0 2057.0 2291.0
1823.0 2057.0 2291.0
1823.0 2057.0 2291.0
1823.0 2057.0 2291.0
1823.0 2057.0 2291.0
1823.0 2057.0 2291.0
1823.0 2057.0 2291.0
1823.0 2057.0 2291.0
1823.0 1929.5 2036.0
1823.0 1885.5 1948.0
1823.0 1885.5 1948.0
1823.0 1885.5 1948.0
1823.0 1885.5 1948.0
1823.0 1885.5 1948.0
1823.0 1885.5 1948.0
1823.0 1885.5 1948.0
1823.0 1885.5 1948.0
1823.0 1885.5 1948.0
1823.0 1885.5 1948.0
1823.0 1885.5 1948.0
1823.0 1885.5 1948.0
1823.0 1885.5 1948.0
1823.0 1885.5 1948.0
1823.0 1885.5 1948.0
1823.0 1885.5 1948.0
1823.0 1885.5 1948.0
1823.0 1885.5 1948.0
1823.0 1885.5 1948.0
1234.0 1591.0 1948.0
1234.0 1591.0 1948.0
1234.0 1591.0 1948.0
1234.0 1591.0 1948.0
1234.0 1591.0 1948.0
1234.0 1591.0 1948.0
1234.0 1591.0 1948.0
1234.0 1591.0 1948.0
1234.0 1591.0 1948.0
1234.0 1591.0 1948.0
1234.0 1591.0 1948.0
1234.0 1591.0 1948.0
1234.0 1591.0 1948.0
1234.0 1591.0 1948.0
1234.0 1591.0 1948.0
1234.0 1591.0 1948.0
1234.0 1591.0 1948.0
1234.0 1591.0 1948.0
1234.0 1591.0 1948.0
1234.0 1591.0 1948.0
1234.0 1591.0 1948.0
1234.0 1591.0 1948.0
1234.0 1591.0 1948.0
1234.0 1591.0 1948.0
1234.0 1591.0 1948.0
1234.0 1591.0 1948.0
1234.0 1591.0 1948.0
1234.0 1591.0 1948.0
1234.0 1591.0 1948.0
1234.0 1591.0 1948.0
1234.0 1591.0 1948.0
1234.0 1591.0 1948.0
1234.0 1591.0 1948.0
1234.0 1591.0 1948.0
1234.0 1591.0 1948.0
1234.0 1591.0 1948.0
1234.0 1591.0 1948.0
1234.0 1591.0 1948.0
1234.0 1591.0 1948.0
1234.0 1591.0 1948.0
1234.0 1591.0 1948.0
1234.0 1591.0 1948.0
1234.0 1591.0 1948.0
1234.0 1591.0 1948.0
1234.0 1591.0 1948.0
1234.0 1591.0 1948.0
1234.0 1591.0 1948.0
1234.0 1591.0 1948.0
1234.0 1591.0 1948.0
1234.0 1591.0 1948.0
1234.0 1591.0 1948.0
1234.0 1591.0 1948.0
1234.0 1591.0 1948.0
1234.0 1591.0 1948.0
1234.0 1591.0 1948.0
1234.0 1591.0 1948.0
1234.0 1591.0 1948.0
1234.0 1591.0 1948.0
1234.0 1591.0 1948.0
1234.0 1591.0 1948.0
1234.0 1591.0 1948.0
1234.0 1591.0 1948.0
1234.0 1591.0 1948.0
1234.0 1591.0 1948.0
1234.0 1591.0 1948.0
1234.0 1591.0 1948.0
1234.0 1591.0 1948.0
1234.0 1591.0 1948.0
1234.0 1591.0 1948.0
1234.0 1591.0 1948.0
1234.0 1591.0 1948.0
1234.0 1591.0 1948.0
1234.0 1591.0 1948.0
1234.0 1591.0 1948.0
1234.0 1591.0 1948.0
1234.0 1591.0 1948.0
1234.0 1591.0 1948.0
1234.0 1591.0 1948.0
1234.0 1591.0 1948.0
1234.0 1591.0 1948.0
1234.0 1591.0 1948.0
1234.0 1591.0 1948.0
1234.0 1591.0 1948.0
1234.0 1591.0 1948.0
1234.0 1591.0 1948.0
1234.0 1591.0 1948.0
1234.0 1591.0 1948.0
1234.0 1591.0 1948.0
1234.0 1591.0 1948.0
1234.0 1591.0 1948.0
1234.0 1591.0 1948.0
1234.0 1591.0 1948.0
1234.0 1591.0 1948.0
1234.0 1591.0 1948.0
1234.0 1591.0 1948.0
1234.0 1591.0 1948.0
1234.0 1591.0 1948.0
1234.0 1591.0 1948.0
1234.0 1591.0 1948.0
1234.0 1591.0 1948.0
1234.0 1591.0 1948.0
1234.0 1591.0 1948.0
1234.0 1591.0 1948.0
1234.0 1591.0 1948.0
1234.0 1591.0 1948.0
1234.0 1591.0 1948.0
1234.0 1591.0 1948.0
1234.0 1591.0 1948.0
1234.0 1591.0 1948.0
1234.0 1591.0 1948.0
1234.0 1591.0 1948.0
1234.0 1591.0 1948.0
1234.0 1591.0 1948.0
1234.0 1591.0 1948.0
1234.0 1591.0 1948.0
1234.0 1591.0 1948.0
1234.0 1591.0 1948.0
1234.0 1591.0 1948.0
1234.0 1591.0 1948.0
1234.0 1591.0 1948.0
1234.0 1591.0 1948.0
1234.0 1591.0 1948.0
1234.0 1591.0 1948.0
1234.0 1591.0 1948.0
1234.0 1591.0 1948.0
1234.0 1591.0 1948.0
1234.0 1591.0 1948.0
1234.0 1591.0 1948.0
1234.0 1591.0 1948.0
1234.0 1591.0 1948.0
1234.0 1591.0 1948.0
1234.0 1591.0 1948.0
1234.0 1591.0 1948.0
1234.0 1591.0 1948.0
1234.0 1591.0 1948.0
1234.0 1591.0 1948.0
1234.0 1591.0 1948.0
1234.0 1591.0 1948.0
1234.0 1591.0 1948.0
1234.0 1591.0 1948.0
1234.0 1591.0 1948.0
