9087.0 10585.5 12084.0
7666.0 8594.0 9522.0
6554.0 6607.5 6661.0
3676.0 4525.5 5375.0
4375.0 4875.0 5375.0
3054.0 3183.0 3312.0
2244.0 2325.5 2407.0
1607.0 1859.5 2112.0
976.0 1313.0 1650.0
976.0 1313.0 1650.0
976.0 1313.0 1650.0
976.0 1313.0 1650.0
976.0 1313.0 1650.0
976.0 1389.5 1803.0
976.0 1238.5 1501.0
976.0 1387.0 1798.0
976.0 1387.0 1798.0
976.0 1387.0 1798.0
976.0 1387.0 1798.0
976.0 1387.0 1798.0
976.0 1387.0 1798.0
976.0 1387.0 1798.0
976.0 1387.0 1798.0
976.0 1387.0 1798.0
976.0 1387.0 1798.0
976.0 1208.5 1441.0
976.0 1208.5 1441.0
976.0 1406.5 1837.0
976.0 1183.0 1390.0
976.0 1044.5 1113.0
976.0 1044.5 1113.0
976.0 1044.5 1113.0
976.0 1044.5 1113.0
976.0 1044.5 1113.0
976.0 1044.5 1113.0
976.0 1044.5 1113.0
976.0 1044.5 1113.0
976.0 1044.5 1113.0
976.0 1044.5 1113.0
976.0 1044.5 1113.0
976.0 1044.5 1113.0
976.0 1044.5 1113.0
976.0 1044.5 1113.0
976.0 1044.5 1113.0
976.0 1044.5 1113.0
976.0 1044.5 1113.0
976.0 1044.5 1113.0
976.0 1044.5 1113.0
976.0 1044.5 1113.0
976.0 1044.5 1113.0
976.0 1044.5 1113.0
976.0 1044.5 1113.0
976.0 1044.5 1113.0
976.0 1044.5 1113.0
976.0 1044.5 1113.0
976.0 1044.5 1113.0
976.0 1044.5 1113.0
976.0 1044.5 1113.0
976.0 1044.5 1113.0
976.0 1044.5 1113.0
976.0 1044.5 1113.0
976.0 1044.5 1113.0
976.0 1044.5 1113.0
976.0 1044.5 1113.0
976.0 1044.5 1113.0
976.0 1044.5 1113.0
976.0 1044.5 1113.0
976.0 1044.5 1113.0
976.0 1044.5 1113.0
976.0 1044.5 1113.0
976.0 1044.5 1113.0
976.0 1044.5 1113.0
976.0 1044.5 1113.0
976.0 1044.5 1113.0
976.0 1044.5 1113.0
976.0 1044.5 1113.0
976.0 1044.5 1113.0
976.0 1044.5 1113.0
976.0 1044.5 1113.0
976.0 1044.5 1113.0
976.0 1044.5 1113.0
976.0 1044.5 1113.0
976.0 1044.5 1113.0
976.0 1044.5 1113.0
976.0 1044.5 1113.0
976.0 1044.5 1113.0
976.0 1044.5 1113.0
976.0 1044.5 1113.0
859.0 917.5 976.0
859.0 917.5 976.0
859.0 917.5 976.0
859.0 917.5 976.0
859.0 917.5 976.0
859.0 917.5 976.0
859.0 917.5 976.0
859.0 1007.5 1156.0
859.0 1007.5 1156.0
859.0 1039.5 1220.0
757.0 808.0 859.0
757.0 808.0 859.0
757.0 808.0 859.0
757.0 808.0 859.0
757.0 808.0 859.0
757.0 808.0 859.0
757.0 808.0 859.0
757.0 808.0 859.0
757.0 808.0 859.0
757.0 808.0 859.0
757.0 808.0 859.0
757.0 808.0 859.0
757.0 808.0 859.0
757.0 808.0 859.0
757.0 808.0 859.0
757.0 808.0 859.0
757.0 808.0 859.0
757.0 808.0 859.0
757.0 808.0 859.0
757.0 808.0 859.0
757.0 808.0 859.0
757.0 808.0 859.0
757.0 808.0 859.0
757.0 808.0 859.0
757.0 808.0 859.0
757.0 808.0 859.0
757.0 808.0 859.0
757.0 808.0 859.0
757.0 808.0 859.0
757.0 808.0 859.0
757.0 808.0 859.0
757.0 808.0 859.0
757.0 808.0 859.0
757.0 808.0 859.0
757.0 808.0 859.0
757.0 808.0 859.0
757.0 808.0 859.0
757.0 808.0 859.0
757.0 808.0 859.0
757.0 808.0 859.0
757.0 808.0 859.0
757.0 808.0 859.0
757.0 808.0 859.0
757.0 808.0 859.0
757.0 808.0 859.0
757.0 808.0 859.0
757.0 808.0 859.0
757.0 808.0 859.0
757.0 808.0 859.0
757.0 808.0 859.0
757.0 808.0 859.0
757.0 808.0 859.0
757.0 808.0 859.0
757.0 808.0 859.0
757.0 808.0 859.0
757.0 808.0 859.0
757.0 808.0 859.0
757.0 808.0 859.0
757.0 808.0 859.0
757.0 808.0 859.0
757.0 808.0 859.0
757.0 808.0 859.0
757.0 808.0 859.0
757.0 808.0 859.0
757.0 808.0 859.0
757.0 808.0 859.0
757.0 808.0 859.0
757.0 808.0 859.0
757.0 808.0 859.0
757.0 808.0 859.0
757.0 808.0 859.0
757.0 808.0 859.0
757.0 808.0 859.0
757.0 808.0 859.0
757.0 808.0 859.0
757.0 808.0 859.0
757.0 808.0 859.0
757.0 808.0 859.0
757.0 808.0 859.0
757.0 808.0 859.0
757.0 808.0 859.0
757.0 808.0 859.0
757.0 808.0 859.0
757.0 808.0 859.0
757.0 808.0 859.0
757.0 808.0 859.0
757.0 808.0 859.0
757.0 808.0 859.0
757.0 808.0 859.0
757.0 808.0 859.0
757.0 808.0 859.0
757.0 808.0 859.0
757.0 808.0 859.0
757.0 808.0 859.0
757.0 808.0 859.0
757.0 808.0 859.0
757.0 808.0 859.0
757.0 808.0 859.0
757.0 808.0 859.0
757.0 808.0 859.0
757.0 808.0 859.0
757.0 808.0 859.0
