12908.0 15181.0 17454.0
12362.0 12615.5 12869.0
11538.0 11712.0 11886.0
8826.0 9072.0 9318.0
5922.0 6263.0 6604.0
5922.0 6906.5 7891.0
5044.0 5474.5 5905.0
4597.0 5114.5 5632.0
3882.0 4409.0 4936.0
3331.0 3695.0 4059.0
3080.0 3569.5 4059.0
2761.0 3410.0 4059.0
2761.0 3217.0 3673.0
2833.0 3273.5 3714.0
2833.0 3054.0 3275.0
2833.0 3054.0 3275.0
2833.0 3054.0 3275.0
2833.0 3054.0 3275.0
1759.0 2517.0 3275.0
1759.0 2517.0 3275.0
1759.0 2517.0 3275.0
1759.0 2517.0 3275.0
1759.0 2517.0 3275.0
1759.0 2517.0 3275.0
1759.0 2666.5 3574.0
1759.0 2838.5 3918.0
1759.0 2838.5 3918.0
1759.0 2317.5 2876.0
1759.0 1973.5 2188.0
1759.0 1973.5 2188.0
1759.0 1973.5 2188.0
1759.0 1973.5 2188.0
1759.0 1973.5 2188.0
1759.0 1973.5 2188.0
1759.0 1973.5 2188.0
1759.0 1973.5 2188.0
1759.0 1973.5 2188.0
1759.0 1973.5 2188.0
1759.0 1973.5 2188.0
1759.0 1973.5 2188.0
1759.0 1973.5 2188.0
1759.0 1973.5 2188.0
1759.0 1973.5 2188.0
1759.0 1973.5 2188.0
1759.0 1973.5 2188.0
1759.0 1973.5 2188.0
1759.0 1973.5 2188.0
1759.0 1973.5 2188.0
1759.0 1973.5 2188.0
1759.0 1973.5 2188.0
1759.0 1973.5 2188.0
1759.0 1973.5 2188.0
1759.0 1973.5 2188.0
1759.0 1973.5 2188.0
1759.0 1973.5 2188.0
1759.0 1973.5 2188.0
1759.0 1973.5 2188.0
1759.0 1973.5 2188.0
1759.0 1973.5 2188.0
1759.0 1973.5 2188.0
1759.0 1973.5 2188.0
1759.0 1973.5 2188.0
1759.0 1973.5 2188.0
1759.0 1973.5 2188.0
1759.0 1973.5 2188.0
1759.0 1973.5 2188.0
1759.0 1973.5 2188.0
1759.0 1973.5 2188.0
1759.0 1973.5 2188.0
1759.0 1973.5 2188.0
1759.0 1973.5 2188.0
1759.0 1973.5 2188.0
1759.0 1973.5 2188.0
1759.0 1973.5 2188.0
1759.0 1973.5 2188.0
1759.0 1973.5 2188.0
1759.0 1973.5 2188.0
1759.0 1973.5 2188.0
1759.0 1973.5 2188.0
1759.0 1973.5 2188.0
1759.0 1973.5 2188.0
1759.0 1973.5 2188.0
1759.0 1973.5 2188.0
1759.0 1973.5 2188.0
1759.0 1973.5 2188.0
1759.0 1927.5 2096.0
1759.0 1927.5 2096.0
1759.0 1927.5 2096.0
1398.0 1747.0 2096.0
1398.0 1747.0 2096.0
1398.0 1747.0 2096.0
1398.0 1747.0 2096.0
1398.0 1747.0 2096.0
1398.0 1747.0 2096.0
1398.0 1747.0 2096.0
1398.0 1747.0 2096.0
1398.0 1747.0 2096.0
1398.0 1747.0 2096.0
1398.0 1747.0 2096.0
1398.0 1747.0 2096.0
1398.0 1747.0 2096.0
1398.0 1747.0 2096.0
1398.0 1747.0 2096.0
1398.0 1747.0 2096.0
1398.0 1747.0 2096.0
1398.0 1747.0 2096.0
1398.0 1747.0 2096.0
1398.0 1747.0 2096.0
1398.0 1753.0 2108.0
1370.0 1384.0 1398.0
1370.0 1384.0 1398.0
1370.0 1384.0 1398.0
1370.0 1384.0 1398.0
1370.0 1384.0 1398.0
1370.0 1384.0 1398.0
1370.0 1384.0 1398.0
1370.0 1384.0 1398.0
1370.0 1384.0 1398.0
1370.0 1384.0 1398.0
1370.0 1384.0 1398.0
1370.0 1384.0 1398.0
1370.0 1384.0 1398.0
1370.0 1384.0 1398.0
1370.0 1384.0 1398.0
1370.0 1384.0 1398.0
1370.0 1384.0 1398.0
1370.0 1384.0 1398.0
1370.0 1384.0 1398.0
1370.0 1384.0 1398.0
1370.0 1384.0 1398.0
1370.0 1384.0 1398.0
1370.0 1384.0 1398.0
1370.0 1384.0 1398.0
1370.0 1384.0 1398.0
1370.0 1384.0 1398.0
1370.0 1384.0 1398.0
1370.0 1384.0 1398.0
1370.0 1384.0 1398.0
1370.0 1384.0 1398.0
1370.0 1384.0 1398.0
1370.0 1384.0 1398.0
1370.0 1384.0 1398.0
1370.0 1384.0 1398.0
1370.0 1384.0 1398.0
1370.0 1384.0 1398.0
1370.0 1384.0 1398.0
1370.0 1384.0 1398.0
1370.0 1384.0 1398.0
1370.0 1384.0 1398.0
1370.0 1384.0 1398.0
1370.0 1384.0 1398.0
1370.0 1384.0 1398.0
1370.0 1384.0 1398.0
1370.0 1384.0 1398.0
1370.0 1384.0 1398.0
1370.0 1384.0 1398.0
1370.0 1384.0 1398.0
1370.0 1384.0 1398.0
1370.0 1384.0 1398.0
1370.0 1384.0 1398.0
1370.0 1384.0 1398.0
1370.0 1384.0 1398.0
1370.0 1384.0 1398.0
1370.0 1384.0 1398.0
1370.0 1384.0 1398.0
1191.0 1280.5 1370.0
1191.0 1280.5 1370.0
1191.0 1280.5 1370.0
1191.0 1280.5 1370.0
1191.0 1280.5 1370.0
1191.0 1280.5 1370.0
1191.0 1280.5 1370.0
1191.0 1280.5 1370.0
1191.0 1280.5 1370.0
1191.0 1280.5 1370.0
1191.0 1280.5 1370.0
1191.0 1280.5 1370.0
1191.0 1280.5 1370.0
1191.0 1280.5 1370.0
1191.0 1280.5 1370.0
1191.0 1280.5 1370.0
1191.0 1280.5 1370.0
1191.0 1280.5 1370.0
1191.0 1280.5 1370.0
1191.0 1280.5 1370.0
1191.0 1280.5 1370.0
1191.0 1280.5 1370.0
1191.0 1280.5 1370.0
1191.0 1280.5 1370.0
1191.0 1280.5 1370.0
1191.0 1280.5 1370.0
1191.0 1280.5 1370.0
1191.0 1280.5 1370.0
1191.0 1280.5 1370.0
1191.0 1280.5 1370.0
1191.0 1280.5 1370.0
1191.0 1280.5 1370.0
1191.0 1280.5 1370.0
1191.0 1280.5 1370.0
1191.0 1280.5 1370.0
