10871.0 12022.5 13174.0
9244.0 10275.5 11307.0
6943.0 7288.0 7633.0
5245.0 5755.0 6265.0
5430.0 5432.5 5435.0
4706.0 4783.5 4861.0
2936.0 3508.0 4080.0
2936.0 3342.0 3748.0
2936.0 2941.5 2947.0
2055.0 2495.5 2936.0
1419.0 2177.5 2936.0
1419.0 1954.0 2489.0
1419.0 1584.0 1749.0
1419.0 1584.0 1749.0
1419.0 1584.0 1749.0
1419.0 1584.0 1749.0
1419.0 1584.0 1749.0
1419.0 1584.0 1749.0
1419.0 1584.0 1749.0
1419.0 1584.0 1749.0
1419.0 1584.0 1749.0
1419.0 1584.0 1749.0
1419.0 1584.0 1749.0
1419.0 1584.0 1749.0
1419.0 1584.0 1749.0
1419.0 1584.0 1749.0
1419.0 1584.0 1749.0
1419.0 1584.0 1749.0
1419.0 1584.0 1749.0
1419.0 1584.0 1749.0
1419.0 1584.0 1749.0
1419.0 1584.0 1749.0
1419.0 1584.0 1749.0
1419.0 1584.0 1749.0
1419.0 1616.5 1814.0
1419.0 1473.5 1528.0
1419.0 1473.5 1528.0
1419.0 1473.5 1528.0
1419.0 1473.5 1528.0
1419.0 1473.5 1528.0
1419.0 1473.5 1528.0
1419.0 1473.5 1528.0
1419.0 1473.5 1528.0
1419.0 1473.5 1528.0
1419.0 1473.5 1528.0
1419.0 1473.5 1528.0
1419.0 1473.5 1528.0
1419.0 1473.5 1528.0
1419.0 1473.5 1528.0
1419.0 1473.5 1528.0
1419.0 1473.5 1528.0
1419.0 1473.5 1528.0
1419.0 1473.5 1528.0
1419.0 1473.5 1528.0
1419.0 1473.5 1528.0
1419.0 1473.5 1528.0
1419.0 1473.5 1528.0
1419.0 1473.5 1528.0
1419.0 1473.5 1528.0
1419.0 1473.5 1528.0
1419.0 1473.5 1528.0
1419.0 1473.5 1528.0
1419.0 1473.5 1528.0
1419.0 1473.5 1528.0
1419.0 1473.5 1528.0
1419.0 1473.5 1528.0
1419.0 1473.5 1528.0
1419.0 1473.5 1528.0
1419.0 1473.5 1528.0
1419.0 1473.5 1528.0
1419.0 1473.5 1528.0
1419.0 1473.5 1528.0
1419.0 1473.5 1528.0
1419.0 1473.5 1528.0
1419.0 1473.5 1528.0
1419.0 1473.5 1528.0
1419.0 1473.5 1528.0
1419.0 1473.5 1528.0
1419.0 1473.5 1528.0
1419.0 1473.5 1528.0
1419.0 1473.5 1528.0
1419.0 1473.5 1528.0
1419.0 1473.5 1528.0
1419.0 1473.5 1528.0
1419.0 1473.5 1528.0
1419.0 1473.5 1528.0
1419.0 1473.5 1528.0
1419.0 1473.5 1528.0
1419.0 1473.5 1528.0
1419.0 1473.5 1528.0
1419.0 1473.5 1528.0
1419.0 1473.5 1528.0
1419.0 1473.5 1528.0
1419.0 1473.5 1528.0
1419.0 1473.5 1528.0
1419.0 1473.5 1528.0
1419.0 1473.5 1528.0
1419.0 1473.5 1528.0
1419.0 1473.5 1528.0
1419.0 1473.5 1528.0
1419.0 1473.5 1528.0
1419.0 1473.5 1528.0
1419.0 1473.5 1528.0
1419.0 1473.5 1528.0
1419.0 1473.5 1528.0
1419.0 1473.5 1528.0
1419.0 1473.5 1528.0
1419.0 1473.5 1528.0
1419.0 1473.5 1528.0
1419.0 1473.5 1528.0
1419.0 1473.5 1528.0
1419.0 1473.5 1528.0
1419.0 1473.5 1528.0
1419.0 1473.5 1528.0
1419.0 1473.5 1528.0
1419.0 1473.5 1528.0
1419.0 1473.5 1528.0
1419.0 1473.5 1528.0
1419.0 1473.5 1528.0
1419.0 1473.5 1528.0
1419.0 1473.5 1528.0
1419.0 1473.5 1528.0
1419.0 1473.5 1528.0
1419.0 1473.5 1528.0
1419.0 1473.5 1528.0
1419.0 1473.5 1528.0
1419.0 1473.5 1528.0
1419.0 1473.5 1528.0
1419.0 1473.5 1528.0
1419.0 1473.5 1528.0
1419.0 1473.5 1528.0
1419.0 1473.5 1528.0
1419.0 1473.5 1528.0
1419.0 1473.5 1528.0
1419.0 1473.5 1528.0
1419.0 1473.5 1528.0
1419.0 1473.5 1528.0
1419.0 1473.5 1528.0
1419.0 1473.5 1528.0
1419.0 1473.5 1528.0
1419.0 1473.5 1528.0
1419.0 1473.5 1528.0
1419.0 1473.5 1528.0
1419.0 1473.5 1528.0
1419.0 1473.5 1528.0
1419.0 1473.5 1528.0
1419.0 1473.5 1528.0
1419.0 1473.5 1528.0
1419.0 1473.5 1528.0
1419.0 1473.5 1528.0
1419.0 1473.5 1528.0
1419.0 1473.5 1528.0
1419.0 1473.5 1528.0
1419.0 1473.5 1528.0
1419.0 1473.5 1528.0
1166.0 1347.0 1528.0
1166.0 1347.0 1528.0
1166.0 1347.0 1528.0
1166.0 1347.0 1528.0
1166.0 1347.0 1528.0
1166.0 1347.0 1528.0
1166.0 1347.0 1528.0
1166.0 1347.0 1528.0
1166.0 1347.0 1528.0
1166.0 1347.0 1528.0
1166.0 1347.0 1528.0
1166.0 1347.0 1528.0
1166.0 1347.0 1528.0
1166.0 1347.0 1528.0
1166.0 1347.0 1528.0
1166.0 1347.0 1528.0
1166.0 1347.0 1528.0
1166.0 1347.0 1528.0
1166.0 1347.0 1528.0
1166.0 1347.0 1528.0
1166.0 1347.0 1528.0
1166.0 1347.0 1528.0
1166.0 1347.0 1528.0
1050.0 1289.0 1528.0
1050.0 1289.0 1528.0
1050.0 1289.0 1528.0
1050.0 1289.0 1528.0
1050.0 1289.0 1528.0
1050.0 1289.0 1528.0
1050.0 1289.0 1528.0
1050.0 1289.0 1528.0
1050.0 1289.0 1528.0
1050.0 1289.0 1528.0
1050.0 1289.0 1528.0
1050.0 1289.0 1528.0
1050.0 1289.0 1528.0
1050.0 1289.0 1528.0
1050.0 1289.0 1528.0
1050.0 1289.0 1528.0
1050.0 1289.0 1528.0
1050.0 1289.0 1528.0
1050.0 1289.0 1528.0
1050.0 1289.0 1528.0
1050.0 1289.0 1528.0
1050.0 1289.0 1528.0
