12337.0 13889.0 15441.0
9887.0 10980.0 12073.0
8198.0 9666.0 11134.0
7565.0 9103.0 10641.0
5783.0 6771.0 7759.0
3918.0 5153.0 6388.0
3918.0 4812.0 5706.0
3041.0 3868.5 4696.0
2574.0 3732.5 4891.0
1919.0 2137.5 2356.0
1919.0 2137.5 2356.0
1919.0 2137.5 2356.0
1919.0 2137.5 2356.0
1919.0 2513.0 3107.0
1757.0 1838.0 1919.0
1757.0 1838.0 1919.0
1757.0 1838.0 1919.0
1757.0 1825.0 1893.0
1757.0 1864.5 1972.0
1757.0 1864.5 1972.0
1757.0 1864.5 1972.0
1688.0 1722.5 1757.0
1688.0 1722.5 1757.0
1688.0 1722.5 1757.0
1688.0 1722.5 1757.0
1688.0 1722.5 1757.0
1688.0 1722.5 1757.0
1688.0 1722.5 1757.0
1688.0 1722.5 1757.0
1688.0 1722.5 1757.0
1688.0 1722.5 1757.0
1688.0 1722.5 1757.0
1688.0 1722.5 1757.0
1688.0 1722.5 1757.0
1688.0 1722.5 1757.0
1688.0 1722.5 1757.0
1688.0 1722.5 1757.0
1688.0 1722.5 1757.0
1688.0 1722.5 1757.0
1688.0 1722.5 1757.0
1688.0 1722.5 1757.0
1688.0 1722.5 1757.0
1688.0 1722.5 1757.0
1688.0 1722.5 1757.0
1688.0 1722.5 1757.0
1688.0 1722.5 1757.0
1688.0 1722.5 1757.0
1688.0 1722.5 1757.0
1688.0 1722.5 1757.0
1688.0 1722.5 1757.0
1688.0 1722.5 1757.0
1688.0 1799.0 1910.0
1505.0 1596.5 1688.0
1505.0 1596.5 1688.0
1505.0 1596.5 1688.0
1505.0 1596.5 1688.0
1505.0 1596.5 1688.0
1505.0 1596.5 1688.0
1505.0 1596.5 1688.0
1505.0 1596.5 1688.0
1505.0 1596.5 1688.0
1505.0 1596.5 1688.0
1505.0 1596.5 1688.0
1505.0 1596.5 1688.0
1505.0 1528.5 1552.0
1505.0 1528.5 1552.0
1505.0 1528.5 1552.0
1505.0 1528.5 1552.0
1505.0 1528.5 1552.0
1505.0 1528.5 1552.0
1505.0 1528.5 1552.0
1505.0 1528.5 1552.0
1505.0 1528.5 1552.0
1505.0 1528.5 1552.0
1505.0 1528.5 1552.0
1505.0 1528.5 1552.0
1505.0 1528.5 1552.0
1505.0 1528.5 1552.0
1505.0 1528.5 1552.0
1505.0 1528.5 1552.0
1505.0 1528.5 1552.0
1505.0 1528.5 1552.0
1505.0 1528.5 1552.0
1505.0 1528.5 1552.0
1505.0 1528.5 1552.0
1505.0 1528.5 1552.0
1505.0 1528.5 1552.0
1505.0 1528.5 1552.0
1505.0 1528.5 1552.0
1505.0 1528.5 1552.0
1505.0 1528.5 1552.0
1505.0 1528.5 1552.0
1505.0 1528.5 1552.0
1505.0 1528.5 1552.0
1505.0 1528.5 1552.0
1505.0 1528.5 1552.0
1505.0 1528.5 1552.0
1505.0 1528.5 1552.0
1505.0 1528.5 1552.0
1505.0 1528.5 1552.0
1505.0 1528.5 1552.0
1505.0 1528.5 1552.0
1505.0 1528.5 1552.0
1505.0 1528.5 1552.0
1505.0 1528.5 1552.0
1505.0 1528.5 1552.0
1505.0 1528.5 1552.0
1505.0 1528.5 1552.0
1505.0 1528.5 1552.0
1505.0 1528.5 1552.0
1505.0 1528.5 1552.0
1505.0 1528.5 1552.0
1505.0 1528.5 1552.0
1505.0 1528.5 1552.0
1505.0 1528.5 1552.0
1505.0 1528.5 1552.0
1505.0 1528.5 1552.0
1505.0 1528.5 1552.0
1505.0 1528.5 1552.0
1505.0 1528.5 1552.0
1505.0 1528.5 1552.0
1505.0 1528.5 1552.0
1505.0 1528.5 1552.0
1505.0 1528.5 1552.0
1505.0 1528.5 1552.0
1505.0 1528.5 1552.0
1505.0 1528.5 1552.0
1505.0 1528.5 1552.0
1505.0 1528.5 1552.0
1505.0 1528.5 1552.0
1505.0 1528.5 1552.0
1505.0 1528.5 1552.0
1505.0 1528.5 1552.0
1505.0 1528.5 1552.0
1505.0 1528.5 1552.0
1505.0 1528.5 1552.0
1505.0 1528.5 1552.0
1505.0 1528.5 1552.0
1505.0 1528.5 1552.0
1505.0 1528.5 1552.0
1505.0 1528.5 1552.0
1505.0 1528.5 1552.0
1505.0 1528.5 1552.0
1505.0 1528.5 1552.0
1505.0 1528.5 1552.0
1505.0 1528.5 1552.0
1505.0 1528.5 1552.0
1505.0 1528.5 1552.0
1505.0 1528.5 1552.0
1505.0 1528.5 1552.0
1505.0 1528.5 1552.0
1505.0 1528.5 1552.0
1505.0 1528.5 1552.0
1505.0 1528.5 1552.0
1505.0 1528.5 1552.0
1505.0 1528.5 1552.0
1505.0 1528.5 1552.0
1505.0 1528.5 1552.0
1505.0 1528.5 1552.0
1505.0 1528.5 1552.0
1505.0 1528.5 1552.0
1505.0 1528.5 1552.0
1505.0 1528.5 1552.0
1505.0 1528.5 1552.0
1505.0 1528.5 1552.0
1505.0 1528.5 1552.0
1505.0 1528.5 1552.0
1505.0 1528.5 1552.0
1505.0 1528.5 1552.0
1505.0 1528.5 1552.0
1505.0 1528.5 1552.0
1505.0 1528.5 1552.0
1505.0 1528.5 1552.0
1505.0 1528.5 1552.0
1505.0 1528.5 1552.0
1505.0 1528.5 1552.0
1505.0 1528.5 1552.0
1505.0 1528.5 1552.0
1505.0 1528.5 1552.0
1505.0 1528.5 1552.0
1505.0 1528.5 1552.0
1505.0 1528.5 1552.0
1505.0 1528.5 1552.0
1505.0 1528.5 1552.0
1505.0 1528.5 1552.0
1505.0 1528.5 1552.0
1505.0 1528.5 1552.0
1505.0 1528.5 1552.0
1505.0 1528.5 1552.0
1505.0 1528.5 1552.0
1505.0 1528.5 1552.0
1505.0 1528.5 1552.0
1505.0 1528.5 1552.0
1505.0 1528.5 1552.0
1505.0 1528.5 1552.0
1505.0 1528.5 1552.0
1505.0 1528.5 1552.0
1505.0 1528.5 1552.0
1505.0 1528.5 1552.0
1505.0 1528.5 1552.0
