11135.0 13779.0 16423.0
7297.0 9548.5 11800.0
7297.0 8123.5 8950.0
5613.0 6579.0 7545.0
4836.0 5224.5 5613.0
4324.0 4580.0 4836.0
2696.0 3154.5 3613.0
2696.0 3154.5 3613.0
2644.0 2670.0 2696.0
2644.0 2670.0 2696.0
2016.0 2263.0 2510.0
2012.0 2014.0 2016.0
1780.0 1898.0 2016.0
1780.0 1898.0 2016.0
1780.0 1898.0 2016.0
1654.0 1835.0 2016.0
1654.0 1835.0 2016.0
1359.0 1687.5 2016.0
1359.0 1687.5 2016.0
1359.0 1687.5 2016.0
1359.0 1687.5 2016.0
1359.0 1687.5 2016.0
1359.0 1687.5 2016.0
1359.0 1687.5 2016.0
1359.0 1687.5 2016.0
1359.0 1687.5 2016.0
1359.0 1687.5 2016.0
1359.0 1687.5 2016.0
1359.0 1687.5 2016.0
1359.0 1687.5 2016.0
1359.0 1687.5 2016.0
1359.0 1687.5 2016.0
1359.0 1687.5 2016.0
1359.0 1687.5 2016.0
1359.0 1687.5 2016.0
1359.0 1687.5 2016.0
1359.0 1687.5 2016.0
1359.0 1687.5 2016.0
1359.0 1687.5 2016.0
1359.0 1687.5 2016.0
1359.0 1687.5 2016.0
1359.0 1687.5 2016.0
1359.0 1687.5 2016.0
1359.0 1687.5 2016.0
1359.0 1687.5 2016.0
1359.0 1687.5 2016.0
1359.0 1687.5 2016.0
1359.0 1687.5 2016.0
1359.0 1687.5 2016.0
1359.0 1687.5 2016.0
1359.0 1375.5 1392.0
1067.0 1213.0 1359.0
1067.0 1213.0 1359.0
1067.0 1213.0 1359.0
1067.0 1213.0 1359.0
1067.0 1213.0 1359.0
1067.0 1213.0 1359.0
1067.0 1213.0 1359.0
1067.0 1213.0 1359.0
1067.0 1213.0 1359.0
1067.0 1213.0 1359.0
1067.0 1213.0 1359.0
1067.0 1213.0 1359.0
1067.0 1213.0 1359.0
1067.0 1213.0 1359.0
1067.0 1213.0 1359.0
1067.0 1213.0 1359.0
1067.0 1213.0 1359.0
1067.0 1213.0 1359.0
1067.0 1213.0 1359.0
1067.0 1213.0 1359.0
1067.0 1213.0 1359.0
1067.0 1213.0 1359.0
1067.0 1213.0 1359.0
1067.0 1213.0 1359.0
1067.0 1213.0 1359.0
1067.0 1213.0 1359.0
1067.0 1213.0 1359.0
1067.0 1213.0 1359.0
1067.0 1213.0 1359.0
1067.0 1213.0 1359.0
1067.0 1213.0 1359.0
1067.0 1213.0 1359.0
1067.0 1213.0 1359.0
1067.0 1213.0 1359.0
1067.0 1213.0 1359.0
1067.0 1213.0 1359.0
1067.0 1213.0 1359.0
1067.0 1213.0 1359.0
1067.0 1213.0 1359.0
1067.0 1213.0 1359.0
1067.0 1213.0 1359.0
1067.0 1213.0 1359.0
1067.0 1213.0 1359.0
1067.0 1213.0 1359.0
1067.0 1213.0 1359.0
1067.0 1213.0 1359.0
1067.0 1213.0 1359.0
1067.0 1213.0 1359.0
1067.0 1213.0 1359.0
1067.0 1213.0 1359.0
1067.0 1213.0 1359.0
1067.0 1213.0 1359.0
1067.0 1213.0 1359.0
1067.0 1213.0 1359.0
1067.0 1213.0 1359.0
1067.0 1213.0 1359.0
1067.0 1213.0 1359.0
1067.0 1213.0 1359.0
1067.0 1213.0 1359.0
1067.0 1213.0 1359.0
1067.0 1213.0 1359.0
1067.0 1213.0 1359.0
1067.0 1213.0 1359.0
1067.0 1213.0 1359.0
1067.0 1213.0 1359.0
1067.0 1213.0 1359.0
1067.0 1213.0 1359.0
1067.0 1213.0 1359.0
1067.0 1213.0 1359.0
1067.0 1213.0 1359.0
1067.0 1213.0 1359.0
1067.0 1213.0 1359.0
1067.0 1213.0 1359.0
1067.0 1213.0 1359.0
1067.0 1213.0 1359.0
1067.0 1213.0 1359.0
1067.0 1213.0 1359.0
1067.0 1213.0 1359.0
1067.0 1213.0 1359.0
1067.0 1213.0 1359.0
1067.0 1213.0 1359.0
1067.0 1213.0 1359.0
1067.0 1213.0 1359.0
1067.0 1213.0 1359.0
1067.0 1213.0 1359.0
1067.0 1213.0 1359.0
1067.0 1213.0 1359.0
1067.0 1213.0 1359.0
1067.0 1213.0 1359.0
1067.0 1213.0 1359.0
1067.0 1213.0 1359.0
1067.0 1213.0 1359.0
1067.0 1213.0 1359.0
1067.0 1213.0 1359.0
1067.0 1213.0 1359.0
1067.0 1213.0 1359.0
1067.0 1213.0 1359.0
1067.0 1213.0 1359.0
1067.0 1213.0 1359.0
1067.0 1213.0 1359.0
1067.0 1213.0 1359.0
1067.0 1213.0 1359.0
1067.0 1213.0 1359.0
1067.0 1213.0 1359.0
1067.0 1213.0 1359.0
1067.0 1213.0 1359.0
1067.0 1213.0 1359.0
1067.0 1213.0 1359.0
1067.0 1213.0 1359.0
1067.0 1213.0 1359.0
1067.0 1213.0 1359.0
1067.0 1213.0 1359.0
1067.0 1213.0 1359.0
1067.0 1213.0 1359.0
1067.0 1213.0 1359.0
1067.0 1213.0 1359.0
1067.0 1213.0 1359.0
1067.0 1213.0 1359.0
1067.0 1213.0 1359.0
1067.0 1213.0 1359.0
1067.0 1213.0 1359.0
1067.0 1213.0 1359.0
1067.0 1213.0 1359.0
1067.0 1213.0 1359.0
1067.0 1213.0 1359.0
1067.0 1213.0 1359.0
1067.0 1213.0 1359.0
1067.0 1213.0 1359.0
1067.0 1213.0 1359.0
1067.0 1213.0 1359.0
1067.0 1213.0 1359.0
1067.0 1213.0 1359.0
1067.0 1213.0 1359.0
1067.0 1213.0 1359.0
1067.0 1213.0 1359.0
1067.0 1213.0 1359.0
1067.0 1213.0 1359.0
1067.0 1213.0 1359.0
1067.0 1213.0 1359.0
1067.0 1213.0 1359.0
1067.0 1213.0 1359.0
1067.0 1213.0 1359.0
1067.0 1213.0 1359.0
1067.0 1213.0 1359.0
1067.0 1213.0 1359.0
1067.0 1213.0 1359.0
1067.0 1213.0 1359.0
1067.0 1213.0 1359.0
1067.0 1213.0 1359.0
