13042.0 13104.0 13166.0
10159.0 10322.0 10485.0
10321.0 10348.0 10375.0
8029.0 8572.5 9116.0
6351.0 7596.0 8841.0
5083.0 5131.5 5180.0
5107.0 5143.5 5180.0
4010.0 4543.0 5076.0
3972.0 3991.0 4010.0
3963.0 3986.5 4010.0
3074.0 3501.0 3928.0
2308.0 2638.0 2968.0
2308.0 2638.0 2968.0
2308.0 2638.0 2968.0
2157.0 2232.5 2308.0
2308.0 2378.0 2448.0
2308.0 2378.0 2448.0
2308.0 2378.0 2448.0
2308.0 2378.0 2448.0
2308.0 2378.0 2448.0
2308.0 2378.0 2448.0
2308.0 2378.0 2448.0
1941.0 2194.5 2448.0
1941.0 2194.5 2448.0
1941.0 2194.5 2448.0
1941.0 2194.5 2448.0
1941.0 2194.5 2448.0
1941.0 2194.5 2448.0
1941.0 2194.5 2448.0
1941.0 2103.5 2266.0
1941.0 2103.5 2266.0
1941.0 2103.5 2266.0
1941.0 2103.5 2266.0
1941.0 2103.5 2266.0
1941.0 2103.5 2266.0
1941.0 2103.5 2266.0
1941.0 2103.5 2266.0
1941.0 2103.5 2266.0
1941.0 2103.5 2266.0
1941.0 2103.5 2266.0
1941.0 2103.5 2266.0
1941.0 2103.5 2266.0
1941.0 2103.5 2266.0
1941.0 2103.5 2266.0
1941.0 2103.5 2266.0
1941.0 2103.5 2266.0
1941.0 2103.5 2266.0
1941.0 2103.5 2266.0
1941.0 2103.5 2266.0
1941.0 2103.5 2266.0
1941.0 2103.5 2266.0
1941.0 2103.5 2266.0
1941.0 2103.5 2266.0
1941.0 2103.5 2266.0
1941.0 2103.5 2266.0
1941.0 2103.5 2266.0
1941.0 2103.5 2266.0
1941.0 2103.5 2266.0
1941.0 2103.5 2266.0
1941.0 2103.5 2266.0
1941.0 2103.5 2266.0
1941.0 2103.5 2266.0
1941.0 2103.5 2266.0
1941.0 2103.5 2266.0
1941.0 2103.5 2266.0
1941.0 2103.5 2266.0
1941.0 2103.5 2266.0
1941.0 2103.5 2266.0
1941.0 2103.5 2266.0
1941.0 2002.5 2064.0
1629.0 1785.0 1941.0
1629.0 1785.0 1941.0
1629.0 1785.0 1941.0
1629.0 1785.0 1941.0
1629.0 1785.0 1941.0
1629.0 1785.0 1941.0
1629.0 1785.0 1941.0
1629.0 1785.0 1941.0
1629.0 1785.0 1941.0
1629.0 1785.0 1941.0
1629.0 1785.0 1941.0
1629.0 1785.0 1941.0
1629.0 1785.0 1941.0
1629.0 1785.0 1941.0
1629.0 1785.0 1941.0
1629.0 1785.0 1941.0
1629.0 1785.0 1941.0
1629.0 1785.0 1941.0
1629.0 1785.0 1941.0
1629.0 1785.0 1941.0
1629.0 1785.0 1941.0
1629.0 1785.0 1941.0
1629.0 1785.0 1941.0
1629.0 1785.0 1941.0
1629.0 1785.0 1941.0
1629.0 1785.0 1941.0
1629.0 1785.0 1941.0
1629.0 1785.0 1941.0
1629.0 1785.0 1941.0
1629.0 1785.0 1941.0
1629.0 1785.0 1941.0
1629.0 1785.0 1941.0
1629.0 1785.0 1941.0
1629.0 1785.0 1941.0
1629.0 1785.0 1941.0
1629.0 1785.0 1941.0
1629.0 1785.0 1941.0
1629.0 1785.0 1941.0
1629.0 1785.0 1941.0
1629.0 1785.0 1941.0
1629.0 1785.0 1941.0
1629.0 1785.0 1941.0
1629.0 1785.0 1941.0
1629.0 1785.0 1941.0
1629.0 1785.0 1941.0
1629.0 1785.0 1941.0
1629.0 1785.0 1941.0
1629.0 1785.0 1941.0
1629.0 1785.0 1941.0
1629.0 1785.0 1941.0
1629.0 1785.0 1941.0
1629.0 1785.0 1941.0
1629.0 1785.0 1941.0
1629.0 1785.0 1941.0
1629.0 1785.0 1941.0
1629.0 1785.0 1941.0
1629.0 1785.0 1941.0
1629.0 1785.0 1941.0
1629.0 1785.0 1941.0
1629.0 1785.0 1941.0
1629.0 1785.0 1941.0
1629.0 1785.0 1941.0
1629.0 1785.0 1941.0
1629.0 1785.0 1941.0
1629.0 1785.0 1941.0
1629.0 1785.0 1941.0
1629.0 1785.0 1941.0
1629.0 1785.0 1941.0
1629.0 1785.0 1941.0
1629.0 1785.0 1941.0
1629.0 1785.0 1941.0
1629.0 1785.0 1941.0
1629.0 1785.0 1941.0
1629.0 1785.0 1941.0
1629.0 1785.0 1941.0
1629.0 1785.0 1941.0
1629.0 1785.0 1941.0
1629.0 1785.0 1941.0
1629.0 1785.0 1941.0
1629.0 1785.0 1941.0
1629.0 1785.0 1941.0
1629.0 1785.0 1941.0
1629.0 1785.0 1941.0
1629.0 1785.0 1941.0
1629.0 1785.0 1941.0
1629.0 1785.0 1941.0
1629.0 1785.0 1941.0
1629.0 1785.0 1941.0
1629.0 1785.0 1941.0
1629.0 1785.0 1941.0
1629.0 1785.0 1941.0
1629.0 1785.0 1941.0
1629.0 1785.0 1941.0
1629.0 1785.0 1941.0
1629.0 1785.0 1941.0
1629.0 1785.0 1941.0
1629.0 1785.0 1941.0
1629.0 1785.0 1941.0
1629.0 1785.0 1941.0
1629.0 1785.0 1941.0
1629.0 1785.0 1941.0
1629.0 1785.0 1941.0
1629.0 1785.0 1941.0
1629.0 1785.0 1941.0
1629.0 1785.0 1941.0
1629.0 1785.0 1941.0
1629.0 1785.0 1941.0
1629.0 1785.0 1941.0
1629.0 1785.0 1941.0
1629.0 1785.0 1941.0
1629.0 1785.0 1941.0
1629.0 1785.0 1941.0
1629.0 1785.0 1941.0
1629.0 1785.0 1941.0
1629.0 1785.0 1941.0
1629.0 1785.0 1941.0
1629.0 1785.0 1941.0
1629.0 1785.0 1941.0
1629.0 1785.0 1941.0
1629.0 1785.0 1941.0
1629.0 1785.0 1941.0
1629.0 1785.0 1941.0
1629.0 1785.0 1941.0
1629.0 1785.0 1941.0
1629.0 1785.0 1941.0
1629.0 1785.0 1941.0
1629.0 1785.0 1941.0
1629.0 1785.0 1941.0
1629.0 1785.0 1941.0
1629.0 1785.0 1941.0
