11196.0 11602.0 12008.0
8615.0 9798.0 10981.0
7543.0 7905.5 8268.0
5883.0 6376.5 6870.0
3831.0 4334.0 4837.0
3164.0 3506.5 3849.0
2442.0 2549.5 2657.0
1957.0 2098.5 2240.0
1451.0 1948.0 2445.0
961.0 1703.0 2445.0
961.0 1459.0 1957.0
961.0 1410.5 1860.0
961.0 1308.5 1656.0
961.0 1308.5 1656.0
961.0 994.0 1027.0
961.0 963.5 966.0
961.0 963.5 966.0
961.0 963.5 966.0
961.0 963.5 966.0
961.0 963.5 966.0
961.0 963.5 966.0
961.0 963.5 966.0
961.0 963.5 966.0
961.0 963.5 966.0
961.0 963.5 966.0
961.0 963.5 966.0
961.0 963.5 966.0
961.0 963.5 966.0
961.0 963.5 966.0
961.0 963.5 966.0
961.0 963.5 966.0
961.0 963.5 966.0
961.0 963.5 966.0
961.0 963.5 966.0
961.0 963.5 966.0
961.0 963.5 966.0
961.0 963.5 966.0
961.0 963.5 966.0
961.0 963.5 966.0
961.0 963.5 966.0
961.0 963.5 966.0
961.0 963.5 966.0
961.0 963.5 966.0
961.0 963.5 966.0
961.0 963.5 966.0
961.0 963.5 966.0
961.0 963.5 966.0
961.0 963.5 966.0
961.0 963.5 966.0
961.0 963.5 966.0
961.0 963.5 966.0
961.0 963.5 966.0
961.0 963.5 966.0
961.0 963.5 966.0
961.0 963.5 966.0
961.0 963.5 966.0
961.0 963.5 966.0
961.0 963.5 966.0
961.0 963.5 966.0
961.0 963.5 966.0
961.0 963.5 966.0
961.0 963.5 966.0
961.0 963.5 966.0
961.0 963.5 966.0
961.0 963.5 966.0
961.0 963.5 966.0
961.0 963.5 966.0
961.0 963.5 966.0
961.0 963.5 966.0
961.0 963.5 966.0
961.0 963.5 966.0
961.0 963.5 966.0
961.0 963.5 966.0
961.0 963.5 966.0
961.0 963.5 966.0
961.0 963.5 966.0
961.0 963.5 966.0
961.0 963.5 966.0
961.0 963.5 966.0
961.0 963.5 966.0
961.0 963.5 966.0
961.0 963.5 966.0
961.0 963.5 966.0
961.0 963.5 966.0
961.0 963.5 966.0
961.0 963.5 966.0
961.0 963.5 966.0
961.0 963.5 966.0
961.0 963.5 966.0
961.0 963.5 966.0
961.0 963.5 966.0
961.0 963.5 966.0
961.0 963.5 966.0
961.0 963.5 966.0
961.0 963.5 966.0
961.0 963.5 966.0
961.0 963.5 966.0
961.0 963.5 966.0
961.0 963.5 966.0
961.0 963.5 966.0
961.0 963.5 966.0
961.0 963.5 966.0
961.0 963.5 966.0
961.0 963.5 966.0
961.0 963.5 966.0
961.0 963.5 966.0
961.0 963.5 966.0
961.0 963.5 966.0
961.0 963.5 966.0
961.0 963.5 966.0
961.0 963.5 966.0
961.0 963.5 966.0
961.0 963.5 966.0
961.0 963.5 966.0
961.0 963.5 966.0
961.0 963.5 966.0
961.0 963.5 966.0
961.0 963.5 966.0
961.0 963.5 966.0
961.0 963.5 966.0
961.0 963.5 966.0
961.0 963.5 966.0
961.0 963.5 966.0
961.0 963.5 966.0
961.0 963.5 966.0
961.0 963.5 966.0
961.0 963.5 966.0
961.0 963.5 966.0
961.0 963.5 966.0
961.0 963.5 966.0
961.0 963.5 966.0
961.0 963.5 966.0
961.0 963.5 966.0
961.0 963.5 966.0
961.0 963.5 966.0
961.0 963.5 966.0
961.0 963.5 966.0
961.0 963.5 966.0
961.0 963.5 966.0
961.0 963.5 966.0
961.0 963.5 966.0
961.0 963.5 966.0
961.0 963.5 966.0
961.0 963.5 966.0
961.0 963.5 966.0
961.0 963.5 966.0
961.0 963.5 966.0
961.0 963.5 966.0
961.0 963.5 966.0
961.0 963.5 966.0
961.0 963.5 966.0
961.0 963.5 966.0
961.0 963.5 966.0
961.0 963.5 966.0
961.0 963.5 966.0
961.0 963.5 966.0
961.0 963.5 966.0
961.0 963.5 966.0
961.0 963.5 966.0
961.0 963.5 966.0
961.0 963.5 966.0
961.0 963.5 966.0
961.0 963.5 966.0
961.0 963.5 966.0
961.0 963.5 966.0
961.0 963.5 966.0
961.0 963.5 966.0
961.0 963.5 966.0
961.0 963.5 966.0
961.0 963.5 966.0
961.0 963.5 966.0
961.0 963.5 966.0
961.0 963.5 966.0
961.0 963.5 966.0
961.0 963.5 966.0
961.0 963.5 966.0
961.0 963.5 966.0
961.0 963.5 966.0
961.0 963.5 966.0
961.0 963.5 966.0
961.0 963.5 966.0
961.0 963.5 966.0
961.0 963.5 966.0
961.0 963.5 966.0
961.0 963.5 966.0
961.0 963.5 966.0
961.0 963.5 966.0
961.0 963.5 966.0
961.0 963.5 966.0
961.0 963.5 966.0
961.0 963.5 966.0
961.0 963.5 966.0
961.0 963.5 966.0
961.0 963.5 966.0
961.0 963.5 966.0
961.0 963.5 966.0
961.0 963.5 966.0
961.0 963.5 966.0
961.0 963.5 966.0
961.0 963.5 966.0
