8098.0 10976.5 13855.0
8098.0 9634.0 11170.0
6448.0 8300.0 10152.0
4897.0 7267.0 9637.0
4818.0 5409.5 6001.0
4097.0 4874.0 5651.0
2929.0 3242.5 3556.0
2929.0 3242.5 3556.0
2001.0 2663.0 3325.0
2001.0 2282.5 2564.0
2001.0 2282.5 2564.0
2001.0 2282.5 2564.0
2001.0 2282.5 2564.0
2001.0 2033.0 2065.0
1775.0 1888.0 2001.0
1659.0 1830.0 2001.0
1254.0 1627.5 2001.0
1254.0 1627.5 2001.0
1254.0 1627.5 2001.0
1254.0 1627.5 2001.0
1254.0 1627.5 2001.0
1254.0 1627.5 2001.0
1254.0 1627.5 2001.0
1254.0 1627.5 2001.0
1254.0 1627.5 2001.0
1254.0 1627.5 2001.0
1254.0 1627.5 2001.0
1254.0 1627.5 2001.0
1254.0 1627.5 2001.0
1254.0 1627.5 2001.0
1254.0 1627.5 2001.0
1254.0 1627.5 2001.0
1254.0 1627.5 2001.0
1254.0 1627.5 2001.0
1254.0 1627.5 2001.0
1254.0 1627.5 2001.0
1254.0 1627.5 2001.0
1254.0 1627.5 2001.0
1254.0 1627.5 2001.0
1254.0 1627.5 2001.0
1254.0 1627.5 2001.0
1254.0 1627.5 2001.0
1254.0 1645.0 2036.0
1254.0 1645.0 2036.0
1254.0 1645.0 2036.0
1254.0 1645.0 2036.0
1254.0 1645.0 2036.0
1254.0 1645.0 2036.0
1254.0 1645.0 2036.0
1254.0 1645.0 2036.0
1254.0 1645.0 2036.0
1254.0 1645.0 2036.0
1254.0 1645.0 2036.0
1254.0 1645.0 2036.0
1254.0 1645.0 2036.0
1254.0 1645.0 2036.0
1254.0 1558.0 1862.0
1254.0 1558.0 1862.0
1233.0 1243.5 1254.0
1233.0 1243.5 1254.0
1233.0 1243.5 1254.0
1233.0 1243.5 1254.0
1233.0 1243.5 1254.0
1233.0 1243.5 1254.0
1233.0 1243.5 1254.0
1233.0 1243.5 1254.0
1233.0 1243.5 1254.0
1233.0 1243.5 1254.0
1233.0 1243.5 1254.0
1233.0 1243.5 1254.0
1233.0 1243.5 1254.0
1233.0 1243.5 1254.0
1233.0 1243.5 1254.0
1233.0 1243.5 1254.0
1233.0 1243.5 1254.0
1233.0 1243.5 1254.0
1233.0 1243.5 1254.0
1233.0 1243.5 1254.0
1233.0 1243.5 1254.0
1233.0 1243.5 1254.0
1233.0 1243.5 1254.0
1233.0 1243.5 1254.0
1233.0 1243.5 1254.0
1233.0 1243.5 1254.0
1233.0 1243.5 1254.0
1233.0 1243.5 1254.0
1233.0 1243.5 1254.0
1233.0 1243.5 1254.0
1233.0 1243.5 1254.0
1233.0 1243.5 1254.0
1233.0 1243.5 1254.0
1233.0 1243.5 1254.0
1233.0 1243.5 1254.0
1233.0 1243.5 1254.0
1233.0 1243.5 1254.0
1233.0 1243.5 1254.0
1233.0 1243.5 1254.0
1233.0 1243.5 1254.0
1233.0 1243.5 1254.0
1233.0 1243.5 1254.0
1233.0 1243.5 1254.0
1233.0 1243.5 1254.0
1233.0 1243.5 1254.0
1233.0 1243.5 1254.0
1233.0 1243.5 1254.0
1233.0 1243.5 1254.0
1233.0 1243.5 1254.0
1233.0 1243.5 1254.0
1233.0 1243.5 1254.0
1233.0 1243.5 1254.0
1233.0 1243.5 1254.0
1233.0 1243.5 1254.0
1233.0 1243.5 1254.0
1233.0 1243.5 1254.0
1233.0 1243.5 1254.0
1233.0 1243.5 1254.0
1233.0 1243.5 1254.0
1233.0 1243.5 1254.0
1233.0 1243.5 1254.0
1233.0 1243.5 1254.0
1233.0 1243.5 1254.0
1233.0 1243.5 1254.0
1233.0 1243.5 1254.0
1233.0 1243.5 1254.0
1233.0 1243.5 1254.0
1233.0 1243.5 1254.0
1233.0 1243.5 1254.0
1233.0 1243.5 1254.0
1233.0 1243.5 1254.0
1233.0 1243.5 1254.0
1233.0 1243.5 1254.0
1233.0 1243.5 1254.0
1233.0 1243.5 1254.0
1233.0 1243.5 1254.0
1233.0 1243.5 1254.0
1233.0 1243.5 1254.0
1233.0 1243.5 1254.0
1233.0 1243.5 1254.0
1233.0 1243.5 1254.0
1233.0 1243.5 1254.0
1233.0 1243.5 1254.0
1233.0 1243.5 1254.0
1233.0 1243.5 1254.0
1233.0 1243.5 1254.0
1233.0 1243.5 1254.0
1233.0 1243.5 1254.0
1233.0 1243.5 1254.0
1233.0 1243.5 1254.0
1233.0 1243.5 1254.0
1233.0 1243.5 1254.0
1233.0 1243.5 1254.0
1233.0 1243.5 1254.0
1233.0 1243.5 1254.0
1233.0 1243.5 1254.0
1233.0 1243.5 1254.0
1233.0 1243.5 1254.0
1233.0 1243.5 1254.0
1233.0 1243.5 1254.0
1233.0 1243.5 1254.0
1233.0 1243.5 1254.0
1233.0 1243.5 1254.0
1233.0 1243.5 1254.0
1233.0 1243.5 1254.0
1233.0 1243.5 1254.0
1233.0 1243.5 1254.0
1233.0 1243.5 1254.0
1233.0 1243.5 1254.0
1233.0 1243.5 1254.0
1233.0 1243.5 1254.0
1233.0 1243.5 1254.0
1233.0 1243.5 1254.0
1233.0 1243.5 1254.0
1233.0 1243.5 1254.0
1233.0 1243.5 1254.0
1233.0 1243.5 1254.0
1233.0 1243.5 1254.0
1233.0 1243.5 1254.0
1233.0 1243.5 1254.0
1233.0 1243.5 1254.0
1233.0 1243.5 1254.0
1233.0 1243.5 1254.0
1233.0 1243.5 1254.0
1233.0 1243.5 1254.0
1233.0 1243.5 1254.0
1233.0 1243.5 1254.0
1233.0 1243.5 1254.0
1233.0 1243.5 1254.0
1233.0 1243.5 1254.0
1233.0 1243.5 1254.0
1233.0 1243.5 1254.0
1233.0 1243.5 1254.0
1233.0 1243.5 1254.0
1233.0 1243.5 1254.0
1233.0 1243.5 1254.0
1233.0 1243.5 1254.0
1233.0 1243.5 1254.0
1233.0 1243.5 1254.0
1233.0 1243.5 1254.0
1233.0 1243.5 1254.0
1233.0 1243.5 1254.0
