14535.0 14892.0 15249.0
11017.0 12564.0 14111.0
10203.0 10404.0 10605.0
7654.0 8109.5 8565.0
4638.0 6127.5 7617.0
3366.0 4475.5 5585.0
3104.0 4291.0 5478.0
3104.0 3747.5 4391.0
3104.0 3747.5 4391.0
3104.0 3416.0 3728.0
2300.0 3014.0 3728.0
2300.0 3014.0 3728.0
2606.0 3167.0 3728.0
2606.0 2691.5 2777.0
2537.0 2571.5 2606.0
1918.0 2262.0 2606.0
1726.0 2166.0 2606.0
806.0 1706.0 2606.0
806.0 1706.0 2606.0
806.0 1706.0 2606.0
806.0 1706.0 2606.0
806.0 1706.0 2606.0
806.0 1706.0 2606.0
806.0 1706.0 2606.0
806.0 1706.0 2606.0
806.0 1706.0 2606.0
806.0 1706.0 2606.0
806.0 1706.0 2606.0
806.0 1706.0 2606.0
806.0 1706.0 2606.0
806.0 1706.0 2606.0
806.0 1706.0 2606.0
806.0 1706.0 2606.0
806.0 1706.0 2606.0
806.0 1706.0 2606.0
806.0 1706.0 2606.0
806.0 1706.0 2606.0
806.0 1706.0 2606.0
806.0 1706.0 2606.0
806.0 1706.0 2606.0
806.0 1706.0 2606.0
806.0 1706.0 2606.0
806.0 1706.0 2606.0
806.0 1706.0 2606.0
806.0 1706.0 2606.0
806.0 1706.0 2606.0
806.0 1706.0 2606.0
806.0 1706.0 2606.0
806.0 1706.0 2606.0
806.0 1706.0 2606.0
806.0 1706.0 2606.0
806.0 1706.0 2606.0
806.0 1706.0 2606.0
806.0 1706.0 2606.0
806.0 1706.0 2606.0
806.0 1366.5 1927.0
806.0 1470.0 2134.0
806.0 1286.5 1767.0
806.0 1286.5 1767.0
806.0 1286.5 1767.0
806.0 1286.5 1767.0
806.0 1286.5 1767.0
806.0 1286.5 1767.0
806.0 1286.5 1767.0
806.0 1286.5 1767.0
806.0 1286.5 1767.0
806.0 1286.5 1767.0
806.0 1286.5 1767.0
806.0 1286.5 1767.0
806.0 1286.5 1767.0
806.0 1286.5 1767.0
806.0 1286.5 1767.0
806.0 1286.5 1767.0
806.0 1286.5 1767.0
806.0 1286.5 1767.0
806.0 1286.5 1767.0
806.0 1286.5 1767.0
806.0 1286.5 1767.0
806.0 1286.5 1767.0
806.0 1286.5 1767.0
806.0 1286.5 1767.0
806.0 1286.5 1767.0
806.0 1286.5 1767.0
806.0 1286.5 1767.0
806.0 1286.5 1767.0
806.0 1286.5 1767.0
806.0 1286.5 1767.0
806.0 1286.5 1767.0
806.0 1286.5 1767.0
806.0 1286.5 1767.0
806.0 1286.5 1767.0
806.0 1286.5 1767.0
806.0 1286.5 1767.0
806.0 1286.5 1767.0
806.0 1286.5 1767.0
806.0 1286.5 1767.0
806.0 1286.5 1767.0
806.0 1286.5 1767.0
806.0 1286.5 1767.0
806.0 1286.5 1767.0
806.0 1286.5 1767.0
806.0 1286.5 1767.0
806.0 1286.5 1767.0
806.0 1286.5 1767.0
806.0 1286.5 1767.0
806.0 1286.5 1767.0
806.0 1286.5 1767.0
806.0 1286.5 1767.0
806.0 1286.5 1767.0
806.0 1286.5 1767.0
806.0 1286.5 1767.0
806.0 1286.5 1767.0
806.0 1286.5 1767.0
806.0 1286.5 1767.0
806.0 1286.5 1767.0
806.0 1286.5 1767.0
806.0 1286.5 1767.0
806.0 1286.5 1767.0
806.0 1286.5 1767.0
806.0 1286.5 1767.0
806.0 1286.5 1767.0
806.0 1286.5 1767.0
806.0 1286.5 1767.0
806.0 1286.5 1767.0
806.0 1286.5 1767.0
806.0 1286.5 1767.0
806.0 1286.5 1767.0
806.0 1286.5 1767.0
806.0 1286.5 1767.0
806.0 1286.5 1767.0
806.0 1286.5 1767.0
806.0 1286.5 1767.0
806.0 1286.5 1767.0
806.0 1286.5 1767.0
806.0 1286.5 1767.0
806.0 1286.5 1767.0
806.0 1286.5 1767.0
806.0 1286.5 1767.0
806.0 1286.5 1767.0
806.0 1286.5 1767.0
806.0 1286.5 1767.0
806.0 1286.5 1767.0
806.0 1286.5 1767.0
806.0 1286.5 1767.0
806.0 1286.5 1767.0
806.0 1286.5 1767.0
806.0 1286.5 1767.0
806.0 1286.5 1767.0
806.0 1286.5 1767.0
806.0 1286.5 1767.0
806.0 1286.5 1767.0
806.0 1286.5 1767.0
806.0 1286.5 1767.0
806.0 1286.5 1767.0
806.0 1286.5 1767.0
806.0 1286.5 1767.0
806.0 1286.5 1767.0
806.0 1286.5 1767.0
806.0 1286.5 1767.0
806.0 1286.5 1767.0
806.0 1286.5 1767.0
806.0 1286.5 1767.0
806.0 1286.5 1767.0
806.0 1286.5 1767.0
806.0 1286.5 1767.0
806.0 1286.5 1767.0
806.0 1286.5 1767.0
806.0 1286.5 1767.0
806.0 1286.5 1767.0
806.0 1286.5 1767.0
806.0 1286.5 1767.0
806.0 1286.5 1767.0
806.0 1286.5 1767.0
806.0 1286.5 1767.0
806.0 1286.5 1767.0
806.0 1286.5 1767.0
806.0 1286.5 1767.0
806.0 1286.5 1767.0
806.0 1286.5 1767.0
806.0 1286.5 1767.0
806.0 1286.5 1767.0
806.0 1286.5 1767.0
806.0 1286.5 1767.0
806.0 1286.5 1767.0
806.0 1286.5 1767.0
806.0 1286.5 1767.0
806.0 1286.5 1767.0
806.0 1286.5 1767.0
806.0 1286.5 1767.0
806.0 1286.5 1767.0
806.0 1286.5 1767.0
806.0 1286.5 1767.0
806.0 1286.5 1767.0
806.0 1286.5 1767.0
806.0 1286.5 1767.0
806.0 1286.5 1767.0
806.0 1286.5 1767.0
806.0 1286.5 1767.0
806.0 1286.5 1767.0
806.0 1286.5 1767.0
