10841.0 13177.5 15514.0
8355.0 10540.0 12725.0
5838.0 7715.0 9592.0
5211.0 5828.0 6445.0
4339.0 4849.0 5359.0
4373.0 4894.0 5415.0
3032.0 3452.0 3872.0
2734.0 3228.5 3723.0
1796.0 2485.5 3175.0
1796.0 2485.5 3175.0
1796.0 2485.5 3175.0
1796.0 2356.5 2917.0
1796.0 1842.5 1889.0
1689.0 1883.5 2078.0
1689.0 1710.0 1731.0
1689.0 1710.0 1731.0
1689.0 1710.0 1731.0
1689.0 1710.0 1731.0
1689.0 1710.0 1731.0
1689.0 1710.0 1731.0
1689.0 1710.0 1731.0
1689.0 1710.0 1731.0
1689.0 1710.0 1731.0
1689.0 1710.0 1731.0
1689.0 1710.0 1731.0
1689.0 1710.0 1731.0
1689.0 1710.0 1731.0
1689.0 1710.0 1731.0
1689.0 1710.0 1731.0
1689.0 1710.0 1731.0
1689.0 1710.0 1731.0
1689.0 1710.0 1731.0
1689.0 1710.0 1731.0
1689.0 1710.0 1731.0
1689.0 1710.0 1731.0
1689.0 1710.0 1731.0
1689.0 1710.0 1731.0
1689.0 1710.0 1731.0
1689.0 1710.0 1731.0
1689.0 1710.0 1731.0
1689.0 1710.0 1731.0
1689.0 1710.0 1731.0
1689.0 1710.0 1731.0
1689.0 1710.0 1731.0
1689.0 1710.0 1731.0
1689.0 1710.0 1731.0
1689.0 1710.0 1731.0
1689.0 1710.0 1731.0
1689.0 1710.0 1731.0
1689.0 1710.0 1731.0
1689.0 1710.0 1731.0
1689.0 1710.0 1731.0
1381.0 1535.0 1689.0
1381.0 1535.0 1689.0
1195.0 1442.0 1689.0
1195.0 1442.0 1689.0
1195.0 1442.0 1689.0
1195.0 1442.0 1689.0
1195.0 1442.0 1689.0
1195.0 1442.0 1689.0
1195.0 1442.0 1689.0
1195.0 1442.0 1689.0
1195.0 1442.0 1689.0
1195.0 1442.0 1689.0
1195.0 1442.0 1689.0
1195.0 1442.0 1689.0
1195.0 1442.0 1689.0
1195.0 1442.0 1689.0
1195.0 1442.0 1689.0
1195.0 1442.0 1689.0
1195.0 1442.0 1689.0
1195.0 1442.0 1689.0
1195.0 1442.0 1689.0
1195.0 1442.0 1689.0
1195.0 1442.0 1689.0
1195.0 1442.0 1689.0
1195.0 1442.0 1689.0
1195.0 1442.0 1689.0
1195.0 1442.0 1689.0
1195.0 1442.0 1689.0
1195.0 1442.0 1689.0
1195.0 1442.0 1689.0
1195.0 1442.0 1689.0
1195.0 1442.0 1689.0
1195.0 1442.0 1689.0
1195.0 1442.0 1689.0
1195.0 1442.0 1689.0
1195.0 1442.0 1689.0
1195.0 1442.0 1689.0
1195.0 1442.0 1689.0
1195.0 1442.0 1689.0
1195.0 1442.0 1689.0
1195.0 1442.0 1689.0
1195.0 1442.0 1689.0
1195.0 1442.0 1689.0
1195.0 1442.0 1689.0
1195.0 1442.0 1689.0
1195.0 1442.0 1689.0
1195.0 1442.0 1689.0
1195.0 1442.0 1689.0
1195.0 1442.0 1689.0
1195.0 1442.0 1689.0
1195.0 1442.0 1689.0
1195.0 1442.0 1689.0
1195.0 1442.0 1689.0
1195.0 1442.0 1689.0
1195.0 1442.0 1689.0
1195.0 1442.0 1689.0
1195.0 1442.0 1689.0
1195.0 1442.0 1689.0
1195.0 1442.0 1689.0
1195.0 1442.0 1689.0
1195.0 1442.0 1689.0
1195.0 1442.0 1689.0
1195.0 1442.0 1689.0
1195.0 1442.0 1689.0
1195.0 1442.0 1689.0
1195.0 1442.0 1689.0
1195.0 1442.0 1689.0
1195.0 1442.0 1689.0
1195.0 1442.0 1689.0
1195.0 1442.0 1689.0
1195.0 1442.0 1689.0
1195.0 1442.0 1689.0
1195.0 1442.0 1689.0
1195.0 1442.0 1689.0
1195.0 1442.0 1689.0
1195.0 1442.0 1689.0
1195.0 1442.0 1689.0
1195.0 1442.0 1689.0
1195.0 1442.0 1689.0
1195.0 1442.0 1689.0
1195.0 1442.0 1689.0
1195.0 1442.0 1689.0
1195.0 1442.0 1689.0
1195.0 1442.0 1689.0
1195.0 1442.0 1689.0
1195.0 1442.0 1689.0
1195.0 1442.0 1689.0
1195.0 1442.0 1689.0
1195.0 1442.0 1689.0
1195.0 1442.0 1689.0
1195.0 1442.0 1689.0
1195.0 1442.0 1689.0
1195.0 1442.0 1689.0
1195.0 1442.0 1689.0
1195.0 1442.0 1689.0
1195.0 1442.0 1689.0
1195.0 1442.0 1689.0
1195.0 1442.0 1689.0
1195.0 1442.0 1689.0
1195.0 1442.0 1689.0
1195.0 1442.0 1689.0
1195.0 1442.0 1689.0
1195.0 1442.0 1689.0
1195.0 1442.0 1689.0
1195.0 1442.0 1689.0
1195.0 1442.0 1689.0
1195.0 1442.0 1689.0
1195.0 1442.0 1689.0
1195.0 1442.0 1689.0
1195.0 1442.0 1689.0
1195.0 1442.0 1689.0
1195.0 1442.0 1689.0
1195.0 1442.0 1689.0
1195.0 1442.0 1689.0
1195.0 1442.0 1689.0
1195.0 1442.0 1689.0
1195.0 1442.0 1689.0
1195.0 1442.0 1689.0
1195.0 1442.0 1689.0
1195.0 1442.0 1689.0
1195.0 1442.0 1689.0
1195.0 1442.0 1689.0
1195.0 1442.0 1689.0
1195.0 1442.0 1689.0
1195.0 1442.0 1689.0
1195.0 1442.0 1689.0
1195.0 1442.0 1689.0
1195.0 1442.0 1689.0
1195.0 1442.0 1689.0
1195.0 1442.0 1689.0
1195.0 1383.5 1572.0
1195.0 1383.5 1572.0
1195.0 1383.5 1572.0
1195.0 1383.5 1572.0
1195.0 1383.5 1572.0
1195.0 1383.5 1572.0
1195.0 1383.5 1572.0
1195.0 1383.5 1572.0
1195.0 1383.5 1572.0
1195.0 1383.5 1572.0
1195.0 1383.5 1572.0
1195.0 1383.5 1572.0
1195.0 1383.5 1572.0
1195.0 1383.5 1572.0
1195.0 1383.5 1572.0
1195.0 1383.5 1572.0
1195.0 1383.5 1572.0
1195.0 1383.5 1572.0
