13491.0 14654.5 15818.0
10839.0 11633.0 12427.0
7614.0 9695.5 11777.0
6588.0 7860.0 9132.0
5068.0 6063.0 7058.0
4881.0 6087.0 7293.0
3849.0 3935.0 4021.0
3022.0 3521.5 4021.0
2705.0 3323.0 3941.0
2705.0 2893.0 3081.0
2232.0 2656.5 3081.0
2232.0 2372.5 2513.0
2232.0 2372.5 2513.0
1727.0 1979.5 2232.0
1530.0 1881.0 2232.0
1530.0 1881.0 2232.0
1530.0 1881.0 2232.0
1530.0 1881.0 2232.0
1530.0 1881.0 2232.0
1530.0 1881.0 2232.0
1530.0 1881.0 2232.0
1530.0 1881.0 2232.0
1530.0 1881.0 2232.0
1530.0 1881.0 2232.0
1530.0 1881.0 2232.0
1530.0 1632.5 1735.0
1530.0 1632.5 1735.0
1530.0 1632.5 1735.0
1530.0 1632.5 1735.0
1530.0 1632.5 1735.0
1530.0 1632.5 1735.0
1530.0 1632.5 1735.0
1530.0 1632.5 1735.0
1530.0 1632.5 1735.0
1530.0 1632.5 1735.0
1530.0 1632.5 1735.0
1530.0 1632.5 1735.0
1530.0 1632.5 1735.0
1530.0 1632.5 1735.0
1530.0 1632.5 1735.0
1530.0 1632.5 1735.0
1530.0 1632.5 1735.0
1530.0 1632.5 1735.0
1530.0 1632.5 1735.0
1530.0 1632.5 1735.0
1530.0 1632.5 1735.0
1530.0 1632.5 1735.0
1530.0 1632.5 1735.0
1530.0 1632.5 1735.0
1530.0 1632.5 1735.0
1530.0 1632.5 1735.0
1530.0 1632.5 1735.0
1530.0 1632.5 1735.0
1530.0 1632.5 1735.0
1530.0 1632.5 1735.0
1530.0 1632.5 1735.0
1530.0 1632.5 1735.0
1530.0 1632.5 1735.0
1530.0 1632.5 1735.0
1530.0 1632.5 1735.0
1530.0 1632.5 1735.0
1530.0 1632.5 1735.0
1530.0 1632.5 1735.0
1530.0 1632.5 1735.0
1530.0 1632.5 1735.0
1530.0 1632.5 1735.0
1530.0 1632.5 1735.0
1530.0 1632.5 1735.0
1530.0 1632.5 1735.0
1530.0 1632.5 1735.0
1530.0 1632.5 1735.0
1530.0 1632.5 1735.0
1530.0 1632.5 1735.0
1530.0 1632.5 1735.0
1187.0 1358.5 1530.0
1187.0 1358.5 1530.0
1187.0 1358.5 1530.0
1187.0 1358.5 1530.0
1187.0 1358.5 1530.0
1187.0 1358.5 1530.0
1187.0 1358.5 1530.0
1187.0 1358.5 1530.0
1187.0 1358.5 1530.0
1187.0 1358.5 1530.0
1187.0 1358.5 1530.0
1187.0 1358.5 1530.0
1187.0 1358.5 1530.0
1187.0 1358.5 1530.0
1187.0 1358.5 1530.0
1187.0 1358.5 1530.0
1187.0 1358.5 1530.0
1187.0 1358.5 1530.0
1187.0 1358.5 1530.0
1187.0 1358.5 1530.0
1187.0 1358.5 1530.0
1187.0 1358.5 1530.0
1187.0 1358.5 1530.0
1187.0 1358.5 1530.0
1187.0 1358.5 1530.0
1187.0 1358.5 1530.0
1187.0 1358.5 1530.0
1187.0 1358.5 1530.0
1187.0 1358.5 1530.0
1187.0 1358.5 1530.0
1187.0 1358.5 1530.0
1187.0 1358.5 1530.0
1187.0 1358.5 1530.0
1187.0 1358.5 1530.0
1187.0 1358.5 1530.0
1187.0 1358.5 1530.0
1187.0 1358.5 1530.0
1187.0 1358.5 1530.0
1187.0 1358.5 1530.0
1187.0 1358.5 1530.0
1187.0 1358.5 1530.0
1187.0 1358.5 1530.0
1187.0 1358.5 1530.0
1187.0 1358.5 1530.0
1187.0 1358.5 1530.0
1187.0 1358.5 1530.0
1187.0 1358.5 1530.0
1187.0 1358.5 1530.0
1187.0 1358.5 1530.0
1187.0 1358.5 1530.0
1187.0 1358.5 1530.0
1187.0 1358.5 1530.0
1187.0 1358.5 1530.0
1187.0 1358.5 1530.0
1187.0 1358.5 1530.0
1187.0 1358.5 1530.0
1187.0 1358.5 1530.0
1187.0 1358.5 1530.0
1187.0 1358.5 1530.0
1187.0 1358.5 1530.0
1187.0 1358.5 1530.0
1187.0 1358.5 1530.0
1187.0 1358.5 1530.0
1187.0 1358.5 1530.0
1187.0 1358.5 1530.0
1187.0 1358.5 1530.0
1187.0 1358.5 1530.0
1187.0 1358.5 1530.0
1187.0 1358.5 1530.0
1187.0 1358.5 1530.0
1187.0 1358.5 1530.0
1187.0 1358.5 1530.0
1187.0 1358.5 1530.0
1187.0 1358.5 1530.0
1187.0 1358.5 1530.0
1187.0 1358.5 1530.0
1187.0 1358.5 1530.0
1187.0 1358.5 1530.0
1187.0 1358.5 1530.0
1187.0 1358.5 1530.0
1187.0 1358.5 1530.0
1187.0 1358.5 1530.0
1187.0 1358.5 1530.0
1187.0 1358.5 1530.0
1187.0 1358.5 1530.0
1187.0 1358.5 1530.0
1187.0 1358.5 1530.0
1187.0 1358.5 1530.0
1187.0 1358.5 1530.0
1187.0 1358.5 1530.0
1187.0 1358.5 1530.0
1187.0 1358.5 1530.0
1187.0 1358.5 1530.0
1187.0 1358.5 1530.0
1187.0 1358.5 1530.0
1187.0 1358.5 1530.0
1187.0 1358.5 1530.0
1187.0 1358.5 1530.0
1187.0 1358.5 1530.0
1187.0 1358.5 1530.0
1187.0 1358.5 1530.0
1187.0 1358.5 1530.0
1187.0 1358.5 1530.0
1187.0 1358.5 1530.0
1187.0 1358.5 1530.0
1187.0 1358.5 1530.0
1187.0 1358.5 1530.0
1187.0 1358.5 1530.0
1187.0 1358.5 1530.0
1187.0 1358.5 1530.0
1187.0 1358.5 1530.0
1187.0 1358.5 1530.0
1187.0 1358.5 1530.0
1187.0 1358.5 1530.0
1187.0 1358.5 1530.0
1187.0 1358.5 1530.0
1187.0 1358.5 1530.0
1187.0 1358.5 1530.0
1187.0 1358.5 1530.0
1187.0 1358.5 1530.0
1187.0 1358.5 1530.0
1187.0 1358.5 1530.0
1187.0 1358.5 1530.0
1187.0 1358.5 1530.0
1187.0 1358.5 1530.0
1187.0 1358.5 1530.0
