10081.0 10255.5 10430.0
7287.0 8516.5 9746.0
6414.0 6972.5 7531.0
4687.0 5073.0 5459.0
2864.0 3047.5 3231.0
2490.0 2994.0 3498.0
2298.0 2472.5 2647.0
1461.0 1896.0 2331.0
1461.0 1785.0 2109.0
1511.0 1769.0 2027.0
1312.0 1538.5 1765.0
1312.0 1516.5 1721.0
977.0 1348.0 1719.0
977.0 1306.0 1635.0
977.0 1306.0 1635.0
977.0 1094.0 1211.0
977.0 1094.0 1211.0
977.0 1075.0 1173.0
977.0 1075.0 1173.0
977.0 1075.0 1173.0
977.0 1075.0 1173.0
977.0 1075.0 1173.0
977.0 1075.0 1173.0
977.0 1075.0 1173.0
977.0 1075.0 1173.0
977.0 1075.0 1173.0
977.0 1075.0 1173.0
977.0 1075.0 1173.0
977.0 1075.0 1173.0
977.0 1075.0 1173.0
977.0 1075.0 1173.0
977.0 1075.0 1173.0
977.0 1075.0 1173.0
977.0 1075.0 1173.0
977.0 1075.0 1173.0
977.0 1075.0 1173.0
977.0 1075.0 1173.0
977.0 1075.0 1173.0
977.0 1075.0 1173.0
977.0 1075.0 1173.0
977.0 1075.0 1173.0
977.0 1075.0 1173.0
977.0 1075.0 1173.0
977.0 1075.0 1173.0
977.0 1075.0 1173.0
977.0 1075.0 1173.0
977.0 1075.0 1173.0
977.0 1075.0 1173.0
977.0 1075.0 1173.0
977.0 1075.0 1173.0
977.0 1075.0 1173.0
977.0 1075.0 1173.0
977.0 1075.0 1173.0
977.0 1075.0 1173.0
977.0 1075.0 1173.0
977.0 1075.0 1173.0
977.0 1075.0 1173.0
977.0 1075.0 1173.0
977.0 1075.0 1173.0
977.0 1075.0 1173.0
977.0 1075.0 1173.0
977.0 1075.0 1173.0
977.0 1075.0 1173.0
977.0 1075.0 1173.0
977.0 1075.0 1173.0
977.0 1075.0 1173.0
977.0 1075.0 1173.0
977.0 1075.0 1173.0
977.0 1075.0 1173.0
977.0 1075.0 1173.0
977.0 1075.0 1173.0
977.0 1075.0 1173.0
977.0 1075.0 1173.0
977.0 1075.0 1173.0
977.0 1075.0 1173.0
977.0 1075.0 1173.0
977.0 1075.0 1173.0
977.0 1075.0 1173.0
977.0 1075.0 1173.0
977.0 1075.0 1173.0
977.0 1075.0 1173.0
977.0 1075.0 1173.0
977.0 1075.0 1173.0
977.0 1075.0 1173.0
977.0 1075.0 1173.0
977.0 1075.0 1173.0
977.0 1075.0 1173.0
977.0 1075.0 1173.0
977.0 1075.0 1173.0
977.0 1075.0 1173.0
977.0 1075.0 1173.0
977.0 1075.0 1173.0
977.0 1075.0 1173.0
977.0 1075.0 1173.0
977.0 1075.0 1173.0
977.0 1075.0 1173.0
977.0 1075.0 1173.0
977.0 1075.0 1173.0
977.0 1075.0 1173.0
977.0 1075.0 1173.0
977.0 1075.0 1173.0
977.0 1075.0 1173.0
977.0 1075.0 1173.0
977.0 1075.0 1173.0
977.0 1075.0 1173.0
977.0 1075.0 1173.0
977.0 1075.0 1173.0
977.0 1075.0 1173.0
977.0 1075.0 1173.0
977.0 1075.0 1173.0
977.0 1075.0 1173.0
977.0 1075.0 1173.0
977.0 1075.0 1173.0
977.0 1075.0 1173.0
977.0 1075.0 1173.0
977.0 1075.0 1173.0
977.0 1075.0 1173.0
977.0 1075.0 1173.0
977.0 1075.0 1173.0
977.0 1075.0 1173.0
977.0 1075.0 1173.0
977.0 1075.0 1173.0
977.0 1075.0 1173.0
977.0 1075.0 1173.0
977.0 1075.0 1173.0
977.0 1075.0 1173.0
977.0 1075.0 1173.0
977.0 1075.0 1173.0
977.0 1075.0 1173.0
977.0 1075.0 1173.0
977.0 1075.0 1173.0
977.0 1075.0 1173.0
977.0 1075.0 1173.0
977.0 1075.0 1173.0
977.0 1075.0 1173.0
977.0 1075.0 1173.0
977.0 1075.0 1173.0
977.0 1075.0 1173.0
977.0 1075.0 1173.0
977.0 1075.0 1173.0
977.0 1075.0 1173.0
977.0 1075.0 1173.0
977.0 1075.0 1173.0
977.0 1075.0 1173.0
977.0 1075.0 1173.0
977.0 1075.0 1173.0
977.0 1075.0 1173.0
977.0 1075.0 1173.0
977.0 1075.0 1173.0
977.0 1075.0 1173.0
977.0 1075.0 1173.0
977.0 1075.0 1173.0
977.0 1075.0 1173.0
977.0 1075.0 1173.0
977.0 1075.0 1173.0
977.0 1075.0 1173.0
977.0 1075.0 1173.0
977.0 1075.0 1173.0
977.0 1075.0 1173.0
977.0 1075.0 1173.0
977.0 1075.0 1173.0
977.0 1075.0 1173.0
977.0 1075.0 1173.0
977.0 1075.0 1173.0
977.0 1075.0 1173.0
977.0 1075.0 1173.0
977.0 1075.0 1173.0
977.0 1075.0 1173.0
977.0 1075.0 1173.0
977.0 1075.0 1173.0
977.0 1075.0 1173.0
977.0 1075.0 1173.0
977.0 1075.0 1173.0
977.0 1075.0 1173.0
977.0 1075.0 1173.0
977.0 1075.0 1173.0
977.0 1075.0 1173.0
977.0 1075.0 1173.0
977.0 1075.0 1173.0
977.0 1075.0 1173.0
977.0 1075.0 1173.0
977.0 1075.0 1173.0
977.0 1075.0 1173.0
977.0 1075.0 1173.0
977.0 1075.0 1173.0
977.0 1075.0 1173.0
977.0 1075.0 1173.0
977.0 1075.0 1173.0
977.0 1075.0 1173.0
977.0 1075.0 1173.0
977.0 1075.0 1173.0
977.0 1075.0 1173.0
977.0 1075.0 1173.0
977.0 1075.0 1173.0
977.0 1075.0 1173.0
977.0 1075.0 1173.0
977.0 1075.0 1173.0
977.0 1075.0 1173.0
977.0 1075.0 1173.0
977.0 1075.0 1173.0
