12342.0 12911.0 13480.0
11144.0 11198.5 11253.0
8285.0 8962.5 9640.0
6632.0 7244.0 7856.0
4878.0 5765.0 6652.0
4233.0 4842.5 5452.0
3473.0 3865.5 4258.0
3473.0 4110.5 4748.0
3473.0 4099.0 4725.0
2275.0 3500.0 4725.0
1913.0 3319.0 4725.0
1913.0 2837.5 3762.0
1913.0 2837.5 3762.0
1913.0 2837.5 3762.0
1913.0 2804.5 3696.0
1881.0 1897.0 1913.0
1881.0 1897.0 1913.0
1881.0 1897.0 1913.0
1881.0 1897.0 1913.0
1881.0 1897.0 1913.0
1881.0 1897.0 1913.0
1881.0 1897.0 1913.0
1881.0 1897.0 1913.0
1881.0 1897.0 1913.0
1881.0 1897.0 1913.0
1881.0 1897.0 1913.0
1881.0 1897.0 1913.0
1881.0 1897.0 1913.0
1881.0 1897.0 1913.0
1881.0 1897.0 1913.0
1881.0 1897.0 1913.0
1881.0 1897.0 1913.0
1881.0 1897.0 1913.0
1881.0 1897.0 1913.0
1881.0 1897.0 1913.0
1881.0 1897.0 1913.0
1881.0 1897.0 1913.0
1881.0 1897.0 1913.0
1881.0 1897.0 1913.0
1881.0 1897.0 1913.0
1881.0 1897.0 1913.0
1881.0 1897.0 1913.0
1881.0 1897.0 1913.0
1881.0 1897.0 1913.0
1881.0 1897.0 1913.0
1881.0 1897.0 1913.0
1881.0 1897.0 1913.0
1881.0 1897.0 1913.0
1881.0 1897.0 1913.0
1881.0 1897.0 1913.0
1881.0 1897.0 1913.0
1881.0 1897.0 1913.0
1881.0 1897.0 1913.0
1881.0 1897.0 1913.0
1881.0 1897.0 1913.0
1881.0 1897.0 1913.0
1881.0 1897.0 1913.0
1881.0 1897.0 1913.0
1881.0 1897.0 1913.0
1881.0 1897.0 1913.0
1881.0 1897.0 1913.0
1881.0 1897.0 1913.0
1881.0 1897.0 1913.0
1881.0 1897.0 1913.0
1881.0 1897.0 1913.0
1881.0 1897.0 1913.0
1881.0 1897.0 1913.0
1881.0 1897.0 1913.0
1881.0 1897.0 1913.0
1881.0 1897.0 1913.0
1881.0 1897.0 1913.0
1881.0 1897.0 1913.0
1881.0 1897.0 1913.0
1881.0 1897.0 1913.0
1881.0 1897.0 1913.0
1881.0 1897.0 1913.0
1881.0 1897.0 1913.0
1881.0 1897.0 1913.0
1881.0 1897.0 1913.0
1881.0 1897.0 1913.0
1881.0 1897.0 1913.0
1881.0 1897.0 1913.0
1881.0 1897.0 1913.0
1881.0 1897.0 1913.0
1881.0 1897.0 1913.0
1881.0 1897.0 1913.0
1881.0 1897.0 1913.0
1881.0 1897.0 1913.0
1881.0 1897.0 1913.0
1857.0 1885.0 1913.0
1881.0 1897.0 1913.0
1881.0 1897.0 1913.0
1881.0 1897.0 1913.0
1881.0 1897.0 1913.0
1881.0 1897.0 1913.0
1881.0 1897.0 1913.0
1881.0 1897.0 1913.0
1881.0 1897.0 1913.0
1881.0 1897.0 1913.0
1881.0 1897.0 1913.0
1881.0 1897.0 1913.0
1881.0 1897.0 1913.0
1881.0 1897.0 1913.0
1881.0 1897.0 1913.0
1881.0 1897.0 1913.0
1881.0 1897.0 1913.0
1881.0 1897.0 1913.0
1881.0 1897.0 1913.0
1881.0 1897.0 1913.0
1881.0 1897.0 1913.0
1881.0 1897.0 1913.0
1881.0 1897.0 1913.0
1881.0 1897.0 1913.0
1881.0 1897.0 1913.0
1881.0 1897.0 1913.0
1881.0 1897.0 1913.0
1881.0 1897.0 1913.0
1881.0 1897.0 1913.0
1881.0 1897.0 1913.0
1881.0 1897.0 1913.0
1881.0 1897.0 1913.0
1881.0 1897.0 1913.0
1881.0 1897.0 1913.0
1881.0 1897.0 1913.0
1881.0 1897.0 1913.0
1881.0 1897.0 1913.0
1881.0 1897.0 1913.0
1881.0 1897.0 1913.0
1881.0 1897.0 1913.0
1881.0 1897.0 1913.0
1881.0 1897.0 1913.0
1881.0 1897.0 1913.0
1881.0 1897.0 1913.0
1881.0 1897.0 1913.0
1881.0 1897.0 1913.0
1881.0 1897.0 1913.0
1881.0 1897.0 1913.0
1881.0 1897.0 1913.0
1881.0 1897.0 1913.0
1881.0 1897.0 1913.0
1881.0 1897.0 1913.0
1881.0 1897.0 1913.0
1881.0 1897.0 1913.0
1881.0 1897.0 1913.0
1881.0 1897.0 1913.0
1881.0 1897.0 1913.0
1881.0 1897.0 1913.0
1881.0 1897.0 1913.0
1881.0 1897.0 1913.0
1881.0 1897.0 1913.0
1881.0 1897.0 1913.0
1881.0 1897.0 1913.0
1881.0 1897.0 1913.0
1881.0 1897.0 1913.0
1881.0 1897.0 1913.0
1881.0 1897.0 1913.0
1881.0 1897.0 1913.0
1395.0 1654.0 1913.0
829.0 1371.0 1913.0
829.0 1371.0 1913.0
829.0 1371.0 1913.0
829.0 1371.0 1913.0
829.0 1371.0 1913.0
829.0 1371.0 1913.0
829.0 1371.0 1913.0
829.0 1371.0 1913.0
829.0 1371.0 1913.0
829.0 1371.0 1913.0
829.0 1371.0 1913.0
829.0 1371.0 1913.0
829.0 1371.0 1913.0
829.0 1371.0 1913.0
829.0 1371.0 1913.0
829.0 1371.0 1913.0
829.0 1371.0 1913.0
829.0 1371.0 1913.0
829.0 1371.0 1913.0
829.0 1371.0 1913.0
829.0 1371.0 1913.0
829.0 1371.0 1913.0
829.0 1371.0 1913.0
829.0 1371.0 1913.0
829.0 1371.0 1913.0
829.0 1371.0 1913.0
829.0 1371.0 1913.0
829.0 1371.0 1913.0
829.0 1371.0 1913.0
829.0 1371.0 1913.0
829.0 1371.0 1913.0
829.0 1371.0 1913.0
829.0 1371.0 1913.0
829.0 1371.0 1913.0
829.0 1371.0 1913.0
829.0 1371.0 1913.0
829.0 1371.0 1913.0
829.0 1371.0 1913.0
829.0 1371.0 1913.0
829.0 1371.0 1913.0
829.0 1371.0 1913.0
829.0 1371.0 1913.0
