12677.0 13758.0 14839.0
9602.0 10010.5 10419.0
7186.0 7494.5 7803.0
4533.0 4607.0 4681.0
4427.0 4480.0 4533.0
2949.0 3152.0 3355.0
2792.0 3013.0 3234.0
1970.0 2512.0 3054.0
1963.0 1978.0 1993.0
1358.0 1406.0 1454.0
742.0 1098.0 1454.0
742.0 1098.0 1454.0
742.0 1098.0 1454.0
742.0 1098.0 1454.0
742.0 1098.0 1454.0
742.0 1098.0 1454.0
742.0 1098.0 1454.0
742.0 1098.0 1454.0
742.0 1098.0 1454.0
742.0 1098.0 1454.0
742.0 1098.0 1454.0
742.0 1098.0 1454.0
742.0 1098.0 1454.0
742.0 1098.0 1454.0
742.0 1098.0 1454.0
742.0 1098.0 1454.0
742.0 1098.0 1454.0
742.0 1098.0 1454.0
742.0 1098.0 1454.0
742.0 1098.0 1454.0
742.0 1098.0 1454.0
742.0 1098.0 1454.0
742.0 1098.0 1454.0
742.0 1098.0 1454.0
742.0 1098.0 1454.0
742.0 1098.0 1454.0
742.0 1098.0 1454.0
742.0 1098.0 1454.0
742.0 1098.0 1454.0
742.0 1098.0 1454.0
742.0 1098.0 1454.0
742.0 1098.0 1454.0
742.0 1098.0 1454.0
742.0 1098.0 1454.0
742.0 1098.0 1454.0
742.0 1098.0 1454.0
742.0 1098.0 1454.0
742.0 1098.0 1454.0
742.0 1098.0 1454.0
742.0 1098.0 1454.0
742.0 1098.0 1454.0
742.0 1098.0 1454.0
742.0 1098.0 1454.0
742.0 1098.0 1454.0
742.0 1098.0 1454.0
742.0 1098.0 1454.0
742.0 1098.0 1454.0
742.0 1098.0 1454.0
742.0 1098.0 1454.0
742.0 1098.0 1454.0
742.0 887.5 1033.0
742.0 887.5 1033.0
742.0 887.5 1033.0
742.0 887.5 1033.0
742.0 887.5 1033.0
742.0 887.5 1033.0
742.0 887.5 1033.0
742.0 887.5 1033.0
742.0 887.5 1033.0
742.0 887.5 1033.0
742.0 887.5 1033.0
742.0 887.5 1033.0
742.0 887.5 1033.0
742.0 887.5 1033.0
742.0 887.5 1033.0
742.0 887.5 1033.0
742.0 887.5 1033.0
742.0 887.5 1033.0
742.0 887.5 1033.0
742.0 887.5 1033.0
742.0 887.5 1033.0
742.0 887.5 1033.0
742.0 887.5 1033.0
742.0 887.5 1033.0
742.0 887.5 1033.0
742.0 887.5 1033.0
742.0 887.5 1033.0
742.0 887.5 1033.0
742.0 887.5 1033.0
742.0 887.5 1033.0
742.0 887.5 1033.0
742.0 887.5 1033.0
742.0 887.5 1033.0
742.0 887.5 1033.0
742.0 887.5 1033.0
742.0 887.5 1033.0
742.0 887.5 1033.0
742.0 887.5 1033.0
742.0 887.5 1033.0
742.0 887.5 1033.0
742.0 887.5 1033.0
742.0 887.5 1033.0
742.0 887.5 1033.0
742.0 887.5 1033.0
742.0 887.5 1033.0
742.0 887.5 1033.0
742.0 887.5 1033.0
742.0 887.5 1033.0
742.0 887.5 1033.0
742.0 887.5 1033.0
742.0 887.5 1033.0
742.0 887.5 1033.0
742.0 887.5 1033.0
742.0 887.5 1033.0
742.0 887.5 1033.0
742.0 887.5 1033.0
742.0 887.5 1033.0
742.0 887.5 1033.0
742.0 887.5 1033.0
742.0 887.5 1033.0
742.0 887.5 1033.0
742.0 887.5 1033.0
742.0 887.5 1033.0
742.0 887.5 1033.0
742.0 887.5 1033.0
742.0 887.5 1033.0
742.0 887.5 1033.0
742.0 887.5 1033.0
742.0 887.5 1033.0
742.0 887.5 1033.0
742.0 887.5 1033.0
742.0 887.5 1033.0
742.0 887.5 1033.0
742.0 887.5 1033.0
742.0 887.5 1033.0
742.0 887.5 1033.0
742.0 887.5 1033.0
742.0 887.5 1033.0
742.0 887.5 1033.0
742.0 887.5 1033.0
742.0 887.5 1033.0
742.0 887.5 1033.0
742.0 887.5 1033.0
742.0 887.5 1033.0
742.0 887.5 1033.0
742.0 887.5 1033.0
742.0 887.5 1033.0
742.0 887.5 1033.0
742.0 887.5 1033.0
742.0 887.5 1033.0
742.0 887.5 1033.0
742.0 887.5 1033.0
742.0 887.5 1033.0
742.0 887.5 1033.0
742.0 887.5 1033.0
742.0 887.5 1033.0
742.0 887.5 1033.0
742.0 887.5 1033.0
742.0 887.5 1033.0
742.0 887.5 1033.0
742.0 887.5 1033.0
742.0 887.5 1033.0
742.0 887.5 1033.0
742.0 887.5 1033.0
742.0 887.5 1033.0
742.0 887.5 1033.0
742.0 887.5 1033.0
742.0 887.5 1033.0
742.0 887.5 1033.0
742.0 887.5 1033.0
742.0 887.5 1033.0
742.0 887.5 1033.0
742.0 887.5 1033.0
742.0 887.5 1033.0
742.0 887.5 1033.0
742.0 887.5 1033.0
742.0 887.5 1033.0
742.0 887.5 1033.0
742.0 887.5 1033.0
742.0 887.5 1033.0
742.0 887.5 1033.0
742.0 887.5 1033.0
742.0 887.5 1033.0
742.0 887.5 1033.0
742.0 887.5 1033.0
742.0 887.5 1033.0
742.0 887.5 1033.0
742.0 887.5 1033.0
742.0 887.5 1033.0
742.0 887.5 1033.0
742.0 887.5 1033.0
742.0 887.5 1033.0
742.0 887.5 1033.0
742.0 887.5 1033.0
742.0 887.5 1033.0
742.0 887.5 1033.0
742.0 887.5 1033.0
742.0 887.5 1033.0
742.0 887.5 1033.0
742.0 887.5 1033.0
