10091.0 11654.5 13218.0
11913.0 12090.5 12268.0
7947.0 9266.0 10585.0
5435.0 6961.5 8488.0
5888.0 6082.5 6277.0
3975.0 4781.5 5588.0
3975.0 3998.5 4022.0
3875.0 3912.0 3949.0
2353.0 3187.5 4022.0
1854.0 2131.5 2409.0
1854.0 2131.5 2409.0
1854.0 2131.5 2409.0
1566.0 1710.0 1854.0
1566.0 1710.0 1854.0
1566.0 1710.0 1854.0
1566.0 1710.0 1854.0
1566.0 1710.0 1854.0
1566.0 1710.0 1854.0
1566.0 1754.0 1942.0
1566.0 1709.5 1853.0
1473.0 1519.5 1566.0
1473.0 1519.5 1566.0
1318.0 1442.0 1566.0
1318.0 1442.0 1566.0
1318.0 1442.0 1566.0
1301.0 1309.5 1318.0
1301.0 1309.5 1318.0
1024.0 1171.0 1318.0
1024.0 1171.0 1318.0
1024.0 1171.0 1318.0
1024.0 1171.0 1318.0
1024.0 1171.0 1318.0
1024.0 1171.0 1318.0
1024.0 1171.0 1318.0
1024.0 1171.0 1318.0
1024.0 1171.0 1318.0
1024.0 1171.0 1318.0
1024.0 1171.0 1318.0
1024.0 1171.0 1318.0
1024.0 1171.0 1318.0
1024.0 1171.0 1318.0
1024.0 1171.0 1318.0
1024.0 1171.0 1318.0
1024.0 1171.0 1318.0
1024.0 1171.0 1318.0
1024.0 1171.0 1318.0
1024.0 1171.0 1318.0
1024.0 1171.0 1318.0
1024.0 1171.0 1318.0
1024.0 1171.0 1318.0
1024.0 1171.0 1318.0
1024.0 1171.0 1318.0
1024.0 1171.0 1318.0
1024.0 1171.0 1318.0
1024.0 1171.0 1318.0
1121.0 1219.5 1318.0
1150.0 1234.0 1318.0
1150.0 1234.0 1318.0
1150.0 1234.0 1318.0
1150.0 1234.0 1318.0
1150.0 1234.0 1318.0
1150.0 1234.0 1318.0
1150.0 1234.0 1318.0
1150.0 1234.0 1318.0
1150.0 1234.0 1318.0
1150.0 1234.0 1318.0
1150.0 1234.0 1318.0
1150.0 1234.0 1318.0
1150.0 1234.0 1318.0
1150.0 1234.0 1318.0
1150.0 1234.0 1318.0
1150.0 1234.0 1318.0
1150.0 1234.0 1318.0
1150.0 1234.0 1318.0
1150.0 1234.0 1318.0
1150.0 1234.0 1318.0
1150.0 1234.0 1318.0
1150.0 1234.0 1318.0
1150.0 1234.0 1318.0
1150.0 1234.0 1318.0
1150.0 1234.0 1318.0
1150.0 1234.0 1318.0
1150.0 1234.0 1318.0
1150.0 1174.0 1198.0
1150.0 1174.0 1198.0
1150.0 1174.0 1198.0
1150.0 1174.0 1198.0
1150.0 1174.0 1198.0
1150.0 1174.0 1198.0
1150.0 1174.0 1198.0
1150.0 1174.0 1198.0
1150.0 1174.0 1198.0
1150.0 1174.0 1198.0
1150.0 1174.0 1198.0
1150.0 1174.0 1198.0
1150.0 1174.0 1198.0
1150.0 1174.0 1198.0
1150.0 1174.0 1198.0
1150.0 1174.0 1198.0
1150.0 1174.0 1198.0
1150.0 1174.0 1198.0
1150.0 1174.0 1198.0
1150.0 1174.0 1198.0
1150.0 1174.0 1198.0
1150.0 1174.0 1198.0
1150.0 1174.0 1198.0
1150.0 1174.0 1198.0
1150.0 1174.0 1198.0
1150.0 1174.0 1198.0
1150.0 1174.0 1198.0
1150.0 1174.0 1198.0
1150.0 1174.0 1198.0
1150.0 1174.0 1198.0
1150.0 1174.0 1198.0
1150.0 1174.0 1198.0
1150.0 1174.0 1198.0
1150.0 1174.0 1198.0
1150.0 1174.0 1198.0
1150.0 1174.0 1198.0
1150.0 1174.0 1198.0
1150.0 1174.0 1198.0
1150.0 1174.0 1198.0
1150.0 1174.0 1198.0
1150.0 1174.0 1198.0
1150.0 1174.0 1198.0
1150.0 1174.0 1198.0
1150.0 1174.0 1198.0
1150.0 1174.0 1198.0
1150.0 1174.0 1198.0
1150.0 1174.0 1198.0
1150.0 1174.0 1198.0
1150.0 1174.0 1198.0
1150.0 1174.0 1198.0
1150.0 1174.0 1198.0
1150.0 1174.0 1198.0
1150.0 1174.0 1198.0
1150.0 1174.0 1198.0
1150.0 1174.0 1198.0
1150.0 1174.0 1198.0
1150.0 1174.0 1198.0
1150.0 1174.0 1198.0
1150.0 1174.0 1198.0
1150.0 1174.0 1198.0
1150.0 1174.0 1198.0
1150.0 1174.0 1198.0
1150.0 1174.0 1198.0
1150.0 1174.0 1198.0
1150.0 1174.0 1198.0
1150.0 1174.0 1198.0
1150.0 1174.0 1198.0
1150.0 1174.0 1198.0
1150.0 1174.0 1198.0
1150.0 1174.0 1198.0
1150.0 1174.0 1198.0
1150.0 1174.0 1198.0
1150.0 1174.0 1198.0
1150.0 1174.0 1198.0
1150.0 1174.0 1198.0
1150.0 1174.0 1198.0
1150.0 1174.0 1198.0
1150.0 1174.0 1198.0
1150.0 1174.0 1198.0
1150.0 1174.0 1198.0
1150.0 1174.0 1198.0
1150.0 1174.0 1198.0
1150.0 1174.0 1198.0
1150.0 1174.0 1198.0
1150.0 1174.0 1198.0
1150.0 1174.0 1198.0
1150.0 1174.0 1198.0
1150.0 1174.0 1198.0
1150.0 1174.0 1198.0
1150.0 1174.0 1198.0
1150.0 1174.0 1198.0
1150.0 1174.0 1198.0
1150.0 1174.0 1198.0
1150.0 1174.0 1198.0
1150.0 1174.0 1198.0
1150.0 1174.0 1198.0
1150.0 1174.0 1198.0
1150.0 1174.0 1198.0
1150.0 1174.0 1198.0
1150.0 1174.0 1198.0
1150.0 1174.0 1198.0
1150.0 1174.0 1198.0
1150.0 1174.0 1198.0
1150.0 1174.0 1198.0
1150.0 1174.0 1198.0
1150.0 1174.0 1198.0
1150.0 1174.0 1198.0
1150.0 1174.0 1198.0
1150.0 1174.0 1198.0
1150.0 1174.0 1198.0
1150.0 1174.0 1198.0
1150.0 1174.0 1198.0
1150.0 1174.0 1198.0
1150.0 1174.0 1198.0
1150.0 1174.0 1198.0
1150.0 1174.0 1198.0
1150.0 1174.0 1198.0
