14374.0 15615.0 16856.0
12810.0 13792.0 14774.0
11559.0 12114.0 12669.0
9303.0 10835.5 12368.0
8624.0 9230.0 9836.0
6309.0 7280.5 8252.0
5227.0 6721.5 8216.0
4534.0 5397.5 6261.0
5193.0 5215.5 5238.0
3476.0 4357.0 5238.0
4099.0 4700.5 5302.0
3643.0 3871.0 4099.0
3122.0 3610.5 4099.0
3122.0 3610.5 4099.0
3052.0 3575.5 4099.0
3052.0 3277.5 3503.0
3052.0 3100.5 3149.0
3052.0 3100.5 3149.0
2898.0 2975.0 3052.0
2898.0 2975.0 3052.0
3066.0 3290.0 3514.0
1559.0 1825.0 2091.0
1559.0 1825.0 2091.0
1559.0 1825.0 2091.0
1559.0 1825.0 2091.0
1559.0 1825.0 2091.0
1559.0 1998.0 2437.0
1559.0 1836.0 2113.0
1559.0 1836.0 2113.0
1559.0 1836.0 2113.0
1559.0 1836.0 2113.0
1559.0 1836.0 2113.0
1559.0 1836.0 2113.0
1559.0 1836.0 2113.0
1559.0 1836.0 2113.0
1559.0 1836.0 2113.0
1559.0 1836.0 2113.0
1559.0 1836.0 2113.0
1559.0 1836.0 2113.0
1559.0 1836.0 2113.0
1559.0 1836.0 2113.0
1559.0 1836.0 2113.0
1559.0 1836.0 2113.0
1559.0 1836.0 2113.0
1559.0 1836.0 2113.0
1559.0 1836.0 2113.0
1559.0 1836.0 2113.0
1559.0 1836.0 2113.0
1559.0 1836.0 2113.0
1559.0 1836.0 2113.0
1559.0 1836.0 2113.0
1559.0 1836.0 2113.0
1559.0 1836.0 2113.0
1559.0 1836.0 2113.0
1559.0 1836.0 2113.0
1559.0 1836.0 2113.0
1559.0 1836.0 2113.0
1559.0 1836.0 2113.0
1559.0 1836.0 2113.0
1559.0 1581.0 1603.0
1559.0 1581.0 1603.0
1559.0 1581.0 1603.0
1559.0 1581.0 1603.0
1559.0 1581.0 1603.0
1559.0 1581.0 1603.0
1559.0 1581.0 1603.0
1559.0 1581.0 1603.0
1559.0 1581.0 1603.0
1559.0 1581.0 1603.0
1559.0 1581.0 1603.0
1559.0 1581.0 1603.0
1559.0 1581.0 1603.0
1559.0 1581.0 1603.0
1559.0 1581.0 1603.0
1559.0 1581.0 1603.0
1559.0 1581.0 1603.0
1559.0 1581.0 1603.0
1559.0 1740.0 1921.0
1559.0 1740.0 1921.0
1559.0 1740.0 1921.0
1559.0 1740.0 1921.0
989.0 1455.0 1921.0
989.0 1455.0 1921.0
989.0 1455.0 1921.0
989.0 1455.0 1921.0
989.0 1455.0 1921.0
989.0 1455.0 1921.0
989.0 1455.0 1921.0
989.0 1455.0 1921.0
989.0 1455.0 1921.0
989.0 1455.0 1921.0
989.0 1455.0 1921.0
989.0 1455.0 1921.0
989.0 1455.0 1921.0
989.0 1455.0 1921.0
989.0 1455.0 1921.0
989.0 1455.0 1921.0
989.0 1455.0 1921.0
989.0 1455.0 1921.0
989.0 1455.0 1921.0
989.0 1455.0 1921.0
989.0 1455.0 1921.0
989.0 1455.0 1921.0
989.0 1455.0 1921.0
989.0 1455.0 1921.0
989.0 1455.0 1921.0
989.0 1455.0 1921.0
989.0 1455.0 1921.0
989.0 1455.0 1921.0
989.0 1455.0 1921.0
989.0 1455.0 1921.0
989.0 1455.0 1921.0
989.0 1455.0 1921.0
989.0 1455.0 1921.0
989.0 1455.0 1921.0
989.0 1455.0 1921.0
989.0 1455.0 1921.0
989.0 1455.0 1921.0
989.0 1455.0 1921.0
989.0 1455.0 1921.0
989.0 1455.0 1921.0
989.0 1455.0 1921.0
989.0 1455.0 1921.0
989.0 1455.0 1921.0
989.0 1455.0 1921.0
989.0 1455.0 1921.0
989.0 1455.0 1921.0
989.0 1455.0 1921.0
989.0 1455.0 1921.0
989.0 1455.0 1921.0
989.0 1455.0 1921.0
989.0 1455.0 1921.0
989.0 1455.0 1921.0
989.0 1455.0 1921.0
989.0 1455.0 1921.0
989.0 1455.0 1921.0
989.0 1455.0 1921.0
989.0 1455.0 1921.0
989.0 1455.0 1921.0
989.0 1455.0 1921.0
989.0 1455.0 1921.0
989.0 1455.0 1921.0
989.0 1455.0 1921.0
989.0 1261.0 1533.0
989.0 1261.0 1533.0
989.0 1261.0 1533.0
989.0 1261.0 1533.0
989.0 1261.0 1533.0
989.0 1261.0 1533.0
989.0 1261.0 1533.0
989.0 1261.0 1533.0
989.0 1261.0 1533.0
989.0 1261.0 1533.0
989.0 1261.0 1533.0
989.0 1261.0 1533.0
989.0 1261.0 1533.0
989.0 1261.0 1533.0
989.0 1261.0 1533.0
989.0 1261.0 1533.0
989.0 1261.0 1533.0
989.0 1261.0 1533.0
989.0 1261.0 1533.0
989.0 1261.0 1533.0
989.0 1261.0 1533.0
989.0 1261.0 1533.0
989.0 1261.0 1533.0
989.0 1261.0 1533.0
989.0 1261.0 1533.0
989.0 1261.0 1533.0
989.0 1261.0 1533.0
989.0 1261.0 1533.0
989.0 1261.0 1533.0
989.0 1261.0 1533.0
989.0 1261.0 1533.0
989.0 1261.0 1533.0
989.0 1261.0 1533.0
989.0 1261.0 1533.0
989.0 1261.0 1533.0
989.0 1261.0 1533.0
989.0 1261.0 1533.0
989.0 1261.0 1533.0
989.0 1261.0 1533.0
989.0 1261.0 1533.0
989.0 1261.0 1533.0
989.0 1261.0 1533.0
989.0 1261.0 1533.0
989.0 1261.0 1533.0
989.0 1261.0 1533.0
989.0 1261.0 1533.0
989.0 1261.0 1533.0
989.0 1261.0 1533.0
989.0 1261.0 1533.0
989.0 1261.0 1533.0
989.0 1261.0 1533.0
989.0 1261.0 1533.0
989.0 1261.0 1533.0
989.0 1261.0 1533.0
989.0 1261.0 1533.0
989.0 1261.0 1533.0
989.0 1261.0 1533.0
