9808.0 11879.0 13950.0
9743.0 10020.0 10297.0
7584.0 8620.5 9657.0
5097.0 6968.0 8839.0
5896.0 7328.0 8760.0
4952.0 6067.0 7182.0
4145.0 4951.5 5758.0
4145.0 4584.0 5023.0
3701.0 4131.0 4561.0
2573.0 3473.0 4373.0
1870.0 2783.5 3697.0
1870.0 2623.0 3376.0
1870.0 2352.5 2835.0
1749.0 1809.5 1870.0
1749.0 1809.5 1870.0
1749.0 1809.5 1870.0
1749.0 1809.5 1870.0
1749.0 1809.5 1870.0
1749.0 1809.5 1870.0
1749.0 1809.5 1870.0
1749.0 1809.5 1870.0
1749.0 1809.5 1870.0
1749.0 1809.5 1870.0
1749.0 1809.5 1870.0
1749.0 1809.5 1870.0
1749.0 1809.5 1870.0
1749.0 1809.5 1870.0
1749.0 1809.5 1870.0
1749.0 1809.5 1870.0
1749.0 1809.5 1870.0
1749.0 1809.5 1870.0
1749.0 1809.5 1870.0
1749.0 1809.5 1870.0
1749.0 1809.5 1870.0
1749.0 1809.5 1870.0
1749.0 1809.5 1870.0
1749.0 1809.5 1870.0
1749.0 1809.5 1870.0
1749.0 1809.5 1870.0
1599.0 1674.0 1749.0
1599.0 1674.0 1749.0
1599.0 1674.0 1749.0
1599.0 1674.0 1749.0
1599.0 1674.0 1749.0
1599.0 1674.0 1749.0
1599.0 1674.0 1749.0
1599.0 1674.0 1749.0
1599.0 1674.0 1749.0
1599.0 1674.0 1749.0
1599.0 1674.0 1749.0
1599.0 1674.0 1749.0
1599.0 1674.0 1749.0
1599.0 1674.0 1749.0
1599.0 1674.0 1749.0
1599.0 1674.0 1749.0
1599.0 1674.0 1749.0
1599.0 1674.0 1749.0
1599.0 1674.0 1749.0
1599.0 1674.0 1749.0
1599.0 1674.0 1749.0
1599.0 1674.0 1749.0
1599.0 1674.0 1749.0
1599.0 1674.0 1749.0
1599.0 1674.0 1749.0
1599.0 1674.0 1749.0
1599.0 1674.0 1749.0
1599.0 1674.0 1749.0
1599.0 1674.0 1749.0
1599.0 1674.0 1749.0
1599.0 1674.0 1749.0
1599.0 1674.0 1749.0
1599.0 1674.0 1749.0
1599.0 1674.0 1749.0
1599.0 1674.0 1749.0
1599.0 1674.0 1749.0
1599.0 1674.0 1749.0
1599.0 1674.0 1749.0
1599.0 1674.0 1749.0
1599.0 1674.0 1749.0
1599.0 1674.0 1749.0
1599.0 1674.0 1749.0
1599.0 1674.0 1749.0
1599.0 1674.0 1749.0
1599.0 1674.0 1749.0
1599.0 1674.0 1749.0
1599.0 1674.0 1749.0
1599.0 1674.0 1749.0
1599.0 1674.0 1749.0
1599.0 1674.0 1749.0
1599.0 1674.0 1749.0
1599.0 1712.5 1826.0
1599.0 1712.5 1826.0
1599.0 1712.5 1826.0
1599.0 1712.5 1826.0
1599.0 1712.5 1826.0
1599.0 1712.5 1826.0
1599.0 1712.5 1826.0
1599.0 1712.5 1826.0
1599.0 1712.5 1826.0
1599.0 1712.5 1826.0
1599.0 1712.5 1826.0
1599.0 1712.5 1826.0
1599.0 1712.5 1826.0
1599.0 1712.5 1826.0
1599.0 1712.5 1826.0
1599.0 1712.5 1826.0
1599.0 1712.5 1826.0
1574.0 1586.5 1599.0
1531.0 1565.0 1599.0
1531.0 1565.0 1599.0
1531.0 1565.0 1599.0
1531.0 1565.0 1599.0
1531.0 1565.0 1599.0
1531.0 1565.0 1599.0
1531.0 1565.0 1599.0
1531.0 1565.0 1599.0
1531.0 1565.0 1599.0
1531.0 1565.0 1599.0
1531.0 1565.0 1599.0
1531.0 1565.0 1599.0
1531.0 1565.0 1599.0
1531.0 1565.0 1599.0
1531.0 1565.0 1599.0
1531.0 1565.0 1599.0
1531.0 1565.0 1599.0
1531.0 1565.0 1599.0
1531.0 1565.0 1599.0
1531.0 1565.0 1599.0
1531.0 1565.0 1599.0
1531.0 1565.0 1599.0
1531.0 1565.0 1599.0
1531.0 1565.0 1599.0
1531.0 1565.0 1599.0
1531.0 1565.0 1599.0
1531.0 1565.0 1599.0
1531.0 1565.0 1599.0
1531.0 1565.0 1599.0
1531.0 1565.0 1599.0
1531.0 1565.0 1599.0
1531.0 1565.0 1599.0
1531.0 1565.0 1599.0
1531.0 1565.0 1599.0
1531.0 1565.0 1599.0
1531.0 1565.0 1599.0
1531.0 1565.0 1599.0
1531.0 1565.0 1599.0
1531.0 1565.0 1599.0
1531.0 1565.0 1599.0
1531.0 1565.0 1599.0
1531.0 1565.0 1599.0
1531.0 1565.0 1599.0
1531.0 1565.0 1599.0
1531.0 1565.0 1599.0
1531.0 1565.0 1599.0
1531.0 1565.0 1599.0
1531.0 1565.0 1599.0
1531.0 1565.0 1599.0
1531.0 1565.0 1599.0
1531.0 1565.0 1599.0
1531.0 1565.0 1599.0
1531.0 1565.0 1599.0
1531.0 1565.0 1599.0
1531.0 1565.0 1599.0
1531.0 1565.0 1599.0
1531.0 1565.0 1599.0
1531.0 1565.0 1599.0
1531.0 1565.0 1599.0
1531.0 1565.0 1599.0
1531.0 1565.0 1599.0
1531.0 1565.0 1599.0
1531.0 1565.0 1599.0
1531.0 1565.0 1599.0
1531.0 1565.0 1599.0
1531.0 1565.0 1599.0
1531.0 1565.0 1599.0
1531.0 1565.0 1599.0
1531.0 1565.0 1599.0
1531.0 1565.0 1599.0
1531.0 1565.0 1599.0
1531.0 1565.0 1599.0
1531.0 1565.0 1599.0
1531.0 1565.0 1599.0
1531.0 1565.0 1599.0
1531.0 1565.0 1599.0
1531.0 1565.0 1599.0
1531.0 1565.0 1599.0
1531.0 1565.0 1599.0
1531.0 1565.0 1599.0
1531.0 1565.0 1599.0
1531.0 1565.0 1599.0
1531.0 1565.0 1599.0
1531.0 1565.0 1599.0
1531.0 1565.0 1599.0
1531.0 1565.0 1599.0
1531.0 1565.0 1599.0
1531.0 1565.0 1599.0
1531.0 1565.0 1599.0
1531.0 1565.0 1599.0
1531.0 1565.0 1599.0
1531.0 1565.0 1599.0
