13209.0 16179.0 19149.0
11774.0 12640.5 13507.0
7711.0 9720.0 11729.0
7054.0 8208.0 9362.0
6614.0 6764.0 6914.0
4473.0 5525.5 6578.0
4473.0 4914.0 5355.0
4170.0 4675.0 5180.0
3945.0 4191.0 4437.0
2112.0 2818.0 3524.0
2112.0 2666.5 3221.0
2112.0 2129.5 2147.0
2147.0 2153.0 2159.0
1803.0 1975.0 2147.0
1803.0 1994.5 2186.0
1803.0 1994.5 2186.0
1431.0 1617.0 1803.0
1434.0 1618.5 1803.0
1310.0 1556.5 1803.0
1310.0 1556.5 1803.0
1310.0 1556.5 1803.0
1310.0 1556.5 1803.0
1310.0 1556.5 1803.0
1310.0 1556.5 1803.0
1310.0 1556.5 1803.0
1310.0 1556.5 1803.0
1310.0 1556.5 1803.0
1310.0 1556.5 1803.0
1310.0 1556.5 1803.0
1310.0 1556.5 1803.0
1310.0 1556.5 1803.0
1310.0 1556.5 1803.0
1310.0 1556.5 1803.0
1310.0 1556.5 1803.0
1310.0 1556.5 1803.0
1310.0 1556.5 1803.0
1310.0 1556.5 1803.0
1310.0 1556.5 1803.0
1310.0 1556.5 1803.0
1310.0 1556.5 1803.0
1310.0 1556.5 1803.0
1310.0 1556.5 1803.0
1310.0 1556.5 1803.0
1310.0 1556.5 1803.0
1310.0 1556.5 1803.0
1310.0 1556.5 1803.0
1310.0 1556.5 1803.0
1310.0 1556.5 1803.0
1310.0 1556.5 1803.0
1310.0 1556.5 1803.0
1310.0 1556.5 1803.0
1310.0 1556.5 1803.0
1310.0 1556.5 1803.0
1310.0 1556.5 1803.0
1310.0 1556.5 1803.0
1310.0 1556.5 1803.0
1310.0 1556.5 1803.0
1310.0 1556.5 1803.0
1310.0 1556.5 1803.0
1310.0 1556.5 1803.0
1310.0 1556.5 1803.0
1310.0 1556.5 1803.0
1310.0 1556.5 1803.0
1310.0 1736.0 2162.0
1310.0 1736.0 2162.0
1310.0 1736.0 2162.0
1310.0 1736.0 2162.0
1310.0 1736.0 2162.0
1310.0 1736.0 2162.0
1310.0 1736.0 2162.0
1310.0 1736.0 2162.0
1310.0 1736.0 2162.0
1310.0 1736.0 2162.0
1310.0 1736.0 2162.0
1310.0 1736.0 2162.0
1310.0 1736.0 2162.0
1310.0 1736.0 2162.0
1310.0 1736.0 2162.0
1310.0 1736.0 2162.0
1310.0 1736.0 2162.0
1310.0 1736.0 2162.0
1310.0 1736.0 2162.0
1310.0 1736.0 2162.0
1310.0 1736.0 2162.0
1310.0 1736.0 2162.0
1310.0 1736.0 2162.0
1310.0 1736.0 2162.0
1310.0 1736.0 2162.0
1310.0 1736.0 2162.0
1310.0 1736.0 2162.0
1310.0 1736.0 2162.0
1310.0 1736.0 2162.0
1310.0 1736.0 2162.0
1310.0 1736.0 2162.0
1310.0 1736.0 2162.0
1310.0 1736.0 2162.0
1310.0 1736.0 2162.0
1310.0 1736.0 2162.0
1310.0 1736.0 2162.0
1310.0 1736.0 2162.0
1310.0 1736.0 2162.0
1310.0 1736.0 2162.0
1310.0 1736.0 2162.0
1310.0 1736.0 2162.0
1310.0 1736.0 2162.0
1310.0 1736.0 2162.0
1310.0 1736.0 2162.0
1310.0 1736.0 2162.0
1310.0 1736.0 2162.0
1310.0 1736.0 2162.0
1242.0 1702.0 2162.0
1242.0 1702.0 2162.0
1242.0 1702.0 2162.0
1242.0 1702.0 2162.0
1242.0 1702.0 2162.0
1242.0 1702.0 2162.0
1242.0 1702.0 2162.0
1242.0 1702.0 2162.0
1242.0 1702.0 2162.0
1242.0 1702.0 2162.0
1242.0 1702.0 2162.0
1242.0 1702.0 2162.0
1242.0 1702.0 2162.0
1242.0 1702.0 2162.0
1242.0 1702.0 2162.0
1242.0 1702.0 2162.0
1242.0 1702.0 2162.0
1242.0 1702.0 2162.0
1242.0 1702.0 2162.0
1242.0 1702.0 2162.0
1242.0 1702.0 2162.0
1242.0 1702.0 2162.0
1242.0 1702.0 2162.0
1242.0 1702.0 2162.0
1242.0 1702.0 2162.0
1242.0 1702.0 2162.0
1242.0 1702.0 2162.0
1242.0 1702.0 2162.0
1242.0 1702.0 2162.0
1242.0 1702.0 2162.0
1242.0 1702.0 2162.0
1242.0 1702.0 2162.0
1242.0 1702.0 2162.0
1242.0 1702.0 2162.0
1242.0 1702.0 2162.0
1242.0 1702.0 2162.0
1242.0 1702.0 2162.0
1242.0 1702.0 2162.0
1242.0 1702.0 2162.0
1242.0 1702.0 2162.0
1242.0 1702.0 2162.0
1242.0 1702.0 2162.0
1242.0 1702.0 2162.0
1242.0 1702.0 2162.0
1242.0 1447.5 1653.0
1242.0 1447.5 1653.0
1242.0 1447.5 1653.0
1242.0 1447.5 1653.0
1242.0 1447.5 1653.0
1242.0 1447.5 1653.0
1242.0 1447.5 1653.0
1242.0 1447.5 1653.0
1242.0 1447.5 1653.0
1242.0 1447.5 1653.0
1242.0 1447.5 1653.0
1242.0 1447.5 1653.0
1242.0 1447.5 1653.0
1242.0 1447.5 1653.0
1242.0 1447.5 1653.0
1242.0 1447.5 1653.0
1242.0 1447.5 1653.0
1242.0 1447.5 1653.0
1242.0 1447.5 1653.0
1242.0 1447.5 1653.0
1242.0 1447.5 1653.0
1242.0 1447.5 1653.0
1242.0 1447.5 1653.0
1242.0 1447.5 1653.0
1242.0 1447.5 1653.0
1242.0 1447.5 1653.0
1242.0 1447.5 1653.0
1242.0 1447.5 1653.0
1242.0 1447.5 1653.0
1242.0 1447.5 1653.0
1242.0 1447.5 1653.0
1242.0 1447.5 1653.0
1242.0 1447.5 1653.0
1242.0 1447.5 1653.0
1242.0 1447.5 1653.0
1242.0 1447.5 1653.0
1242.0 1447.5 1653.0
1242.0 1447.5 1653.0
1242.0 1447.5 1653.0
1242.0 1447.5 1653.0
1242.0 1447.5 1653.0
1242.0 1447.5 1653.0
1242.0 1447.5 1653.0
1242.0 1447.5 1653.0
1242.0 1447.5 1653.0
1242.0 1447.5 1653.0
