11724.0 12267.0 12810.0
9922.0 10103.5 10285.0
7767.0 7850.0 7933.0
3844.0 5469.0 7094.0
3844.0 4897.0 5950.0
3162.0 3955.0 4748.0
3401.0 3708.5 4016.0
1888.0 2391.0 2894.0
2439.0 2516.0 2593.0
2221.0 2272.0 2323.0
1796.0 2059.5 2323.0
1751.0 1773.5 1796.0
1751.0 1773.5 1796.0
1611.0 1703.5 1796.0
1611.0 1703.5 1796.0
1611.0 1703.5 1796.0
1611.0 1703.5 1796.0
1611.0 1703.5 1796.0
1611.0 1703.5 1796.0
1611.0 1703.5 1796.0
1611.0 1703.5 1796.0
1611.0 1703.5 1796.0
1611.0 1679.5 1748.0
1611.0 1679.5 1748.0
1289.0 1450.0 1611.0
1289.0 1450.0 1611.0
1065.0 1338.0 1611.0
1065.0 1338.0 1611.0
1065.0 1338.0 1611.0
1065.0 1338.0 1611.0
1065.0 1338.0 1611.0
1065.0 1338.0 1611.0
1065.0 1338.0 1611.0
1065.0 1338.0 1611.0
1065.0 1338.0 1611.0
1065.0 1338.0 1611.0
1065.0 1338.0 1611.0
1065.0 1338.0 1611.0
1065.0 1338.0 1611.0
1065.0 1338.0 1611.0
1065.0 1338.0 1611.0
1065.0 1338.0 1611.0
1065.0 1338.0 1611.0
1065.0 1338.0 1611.0
1065.0 1338.0 1611.0
1065.0 1338.0 1611.0
1065.0 1338.0 1611.0
1065.0 1338.0 1611.0
1065.0 1338.0 1611.0
1065.0 1338.0 1611.0
1065.0 1338.0 1611.0
1065.0 1338.0 1611.0
1065.0 1338.0 1611.0
1065.0 1338.0 1611.0
1065.0 1338.0 1611.0
1065.0 1338.0 1611.0
1065.0 1338.0 1611.0
1065.0 1338.0 1611.0
1065.0 1338.0 1611.0
1065.0 1338.0 1611.0
1065.0 1338.0 1611.0
1065.0 1338.0 1611.0
1065.0 1338.0 1611.0
1065.0 1338.0 1611.0
1065.0 1338.0 1611.0
1065.0 1338.0 1611.0
1065.0 1338.0 1611.0
1065.0 1338.0 1611.0
1065.0 1338.0 1611.0
1065.0 1133.5 1202.0
1065.0 1133.5 1202.0
1065.0 1182.5 1300.0
1065.0 1182.5 1300.0
1065.0 1068.5 1072.0
1065.0 1068.5 1072.0
915.0 990.0 1065.0
915.0 990.0 1065.0
915.0 990.0 1065.0
915.0 990.0 1065.0
915.0 990.0 1065.0
915.0 990.0 1065.0
915.0 990.0 1065.0
915.0 990.0 1065.0
915.0 990.0 1065.0
915.0 990.0 1065.0
915.0 990.0 1065.0
915.0 990.0 1065.0
915.0 990.0 1065.0
915.0 990.0 1065.0
915.0 990.0 1065.0
915.0 990.0 1065.0
915.0 990.0 1065.0
915.0 990.0 1065.0
915.0 990.0 1065.0
915.0 990.0 1065.0
915.0 990.0 1065.0
915.0 990.0 1065.0
915.0 990.0 1065.0
915.0 990.0 1065.0
915.0 990.0 1065.0
915.0 990.0 1065.0
915.0 990.0 1065.0
915.0 990.0 1065.0
915.0 990.0 1065.0
915.0 990.0 1065.0
915.0 990.0 1065.0
915.0 990.0 1065.0
915.0 990.0 1065.0
915.0 990.0 1065.0
915.0 990.0 1065.0
915.0 990.0 1065.0
915.0 990.0 1065.0
915.0 990.0 1065.0
915.0 990.0 1065.0
915.0 990.0 1065.0
915.0 990.0 1065.0
915.0 990.0 1065.0
915.0 990.0 1065.0
915.0 990.0 1065.0
915.0 990.0 1065.0
915.0 990.0 1065.0
915.0 990.0 1065.0
915.0 990.0 1065.0
915.0 990.0 1065.0
915.0 990.0 1065.0
915.0 990.0 1065.0
915.0 990.0 1065.0
915.0 990.0 1065.0
915.0 990.0 1065.0
915.0 990.0 1065.0
915.0 990.0 1065.0
915.0 990.0 1065.0
915.0 990.0 1065.0
915.0 990.0 1065.0
915.0 990.0 1065.0
915.0 990.0 1065.0
915.0 990.0 1065.0
915.0 990.0 1065.0
915.0 990.0 1065.0
915.0 990.0 1065.0
915.0 990.0 1065.0
915.0 990.0 1065.0
915.0 990.0 1065.0
915.0 990.0 1065.0
915.0 990.0 1065.0
915.0 990.0 1065.0
915.0 990.0 1065.0
915.0 990.0 1065.0
915.0 990.0 1065.0
915.0 990.0 1065.0
915.0 990.0 1065.0
915.0 990.0 1065.0
915.0 990.0 1065.0
915.0 990.0 1065.0
915.0 990.0 1065.0
915.0 990.0 1065.0
915.0 990.0 1065.0
915.0 990.0 1065.0
915.0 990.0 1065.0
915.0 990.0 1065.0
915.0 990.0 1065.0
915.0 990.0 1065.0
915.0 990.0 1065.0
915.0 990.0 1065.0
915.0 990.0 1065.0
915.0 990.0 1065.0
915.0 990.0 1065.0
915.0 990.0 1065.0
915.0 990.0 1065.0
915.0 990.0 1065.0
915.0 990.0 1065.0
915.0 990.0 1065.0
915.0 990.0 1065.0
915.0 990.0 1065.0
915.0 990.0 1065.0
915.0 990.0 1065.0
915.0 990.0 1065.0
915.0 990.0 1065.0
915.0 990.0 1065.0
915.0 990.0 1065.0
915.0 990.0 1065.0
915.0 990.0 1065.0
915.0 990.0 1065.0
915.0 990.0 1065.0
915.0 990.0 1065.0
915.0 990.0 1065.0
915.0 990.0 1065.0
915.0 990.0 1065.0
915.0 990.0 1065.0
915.0 990.0 1065.0
915.0 990.0 1065.0
915.0 990.0 1065.0
915.0 990.0 1065.0
915.0 990.0 1065.0
915.0 990.0 1065.0
915.0 990.0 1065.0
915.0 990.0 1065.0
915.0 990.0 1065.0
915.0 990.0 1065.0
915.0 990.0 1065.0
