11114.0 13261.0 15408.0
8192.0 10612.0 13032.0
7335.0 9399.5 11464.0
5389.0 7864.0 10339.0
5968.0 6086.5 6205.0
4261.0 5108.5 5956.0
4858.0 4951.5 5045.0
2888.0 3135.5 3383.0
2710.0 3046.5 3383.0
2406.0 2894.5 3383.0
2406.0 2673.5 2941.0
2406.0 2673.5 2941.0
2406.0 2673.5 2941.0
2341.0 2373.5 2406.0
2341.0 2373.5 2406.0
2341.0 2373.5 2406.0
2341.0 2373.5 2406.0
2341.0 2373.5 2406.0
2341.0 2373.5 2406.0
2341.0 2373.5 2406.0
2341.0 2373.5 2406.0
2341.0 2373.5 2406.0
2341.0 2373.5 2406.0
2341.0 2373.5 2406.0
2341.0 2373.5 2406.0
2341.0 2373.5 2406.0
2341.0 2373.5 2406.0
2341.0 2373.5 2406.0
2341.0 2373.5 2406.0
2341.0 2373.5 2406.0
2341.0 2373.5 2406.0
2341.0 2373.5 2406.0
2341.0 2373.5 2406.0
2341.0 2373.5 2406.0
2341.0 2373.5 2406.0
2341.0 2373.5 2406.0
2341.0 2373.5 2406.0
2341.0 2373.5 2406.0
2341.0 2373.5 2406.0
1983.0 2194.5 2406.0
1983.0 2194.5 2406.0
1983.0 2194.5 2406.0
1983.0 2041.5 2100.0
1983.0 2041.5 2100.0
1983.0 2041.5 2100.0
1983.0 2041.5 2100.0
1983.0 2041.5 2100.0
1983.0 2041.5 2100.0
1983.0 2041.5 2100.0
1983.0 2041.5 2100.0
1983.0 2041.5 2100.0
1983.0 2041.5 2100.0
1983.0 2041.5 2100.0
1983.0 2041.5 2100.0
1983.0 2041.5 2100.0
1983.0 2041.5 2100.0
1983.0 2041.5 2100.0
1983.0 2041.5 2100.0
1983.0 2056.5 2130.0
1983.0 2056.5 2130.0
1983.0 2056.5 2130.0
1983.0 2056.5 2130.0
1983.0 2056.5 2130.0
1983.0 2056.5 2130.0
1983.0 2056.5 2130.0
1983.0 2056.5 2130.0
1983.0 2056.5 2130.0
1983.0 2056.5 2130.0
1983.0 2056.5 2130.0
1633.0 1881.5 2130.0
1634.0 1882.0 2130.0
1634.0 1882.0 2130.0
1634.0 1882.0 2130.0
1634.0 1882.0 2130.0
1634.0 1882.0 2130.0
1634.0 1882.0 2130.0
1634.0 1882.0 2130.0
1634.0 1882.0 2130.0
1634.0 1882.0 2130.0
1634.0 1882.0 2130.0
1634.0 1882.0 2130.0
1634.0 1882.0 2130.0
1634.0 1882.0 2130.0
1634.0 1882.0 2130.0
1634.0 1882.0 2130.0
1634.0 1882.0 2130.0
1634.0 1882.0 2130.0
1634.0 1882.0 2130.0
1634.0 1882.0 2130.0
1634.0 1882.0 2130.0
1634.0 1882.0 2130.0
1634.0 1882.0 2130.0
1634.0 1882.0 2130.0
1634.0 1882.0 2130.0
1634.0 1882.0 2130.0
1634.0 1882.0 2130.0
1634.0 1882.0 2130.0
1634.0 1882.0 2130.0
1634.0 1882.0 2130.0
1634.0 1882.0 2130.0
1634.0 1882.0 2130.0
1634.0 1882.0 2130.0
1676.0 1903.0 2130.0
1749.0 1939.5 2130.0
1749.0 1939.5 2130.0
1749.0 1939.5 2130.0
1749.0 1939.5 2130.0
1749.0 1939.5 2130.0
1749.0 1939.5 2130.0
1749.0 1939.5 2130.0
1749.0 1939.5 2130.0
1749.0 1939.5 2130.0
1749.0 1939.5 2130.0
1749.0 1939.5 2130.0
1749.0 1939.5 2130.0
1749.0 1939.5 2130.0
1749.0 1939.5 2130.0
1749.0 1939.5 2130.0
1749.0 1939.5 2130.0
1632.0 1690.5 1749.0
1632.0 1690.5 1749.0
1632.0 1690.5 1749.0
1632.0 1690.5 1749.0
1632.0 1690.5 1749.0
1632.0 1690.5 1749.0
1632.0 1690.5 1749.0
1632.0 1690.5 1749.0
1632.0 1690.5 1749.0
1632.0 1690.5 1749.0
1632.0 1690.5 1749.0
1632.0 1690.5 1749.0
1632.0 1690.5 1749.0
1632.0 1690.5 1749.0
1632.0 1690.5 1749.0
1632.0 1690.5 1749.0
1632.0 1690.5 1749.0
1632.0 1690.5 1749.0
1632.0 1690.5 1749.0
1632.0 1690.5 1749.0
1632.0 1690.5 1749.0
1632.0 1690.5 1749.0
1632.0 1690.5 1749.0
1632.0 1690.5 1749.0
1632.0 1690.5 1749.0
1632.0 1690.5 1749.0
1632.0 1690.5 1749.0
1632.0 1690.5 1749.0
1632.0 1690.5 1749.0
1632.0 1690.5 1749.0
1632.0 1690.5 1749.0
1632.0 1690.5 1749.0
1632.0 1690.5 1749.0
1632.0 1690.5 1749.0
1632.0 1690.5 1749.0
1632.0 1690.5 1749.0
1632.0 1690.5 1749.0
1632.0 1690.5 1749.0
1632.0 1690.5 1749.0
1632.0 1690.5 1749.0
1632.0 1690.5 1749.0
1632.0 1690.5 1749.0
1632.0 1690.5 1749.0
1632.0 1690.5 1749.0
1632.0 1690.5 1749.0
1632.0 1690.5 1749.0
1632.0 1690.5 1749.0
1632.0 1690.5 1749.0
1632.0 1690.5 1749.0
1632.0 1690.5 1749.0
1632.0 1690.5 1749.0
1632.0 1690.5 1749.0
1632.0 1690.5 1749.0
1632.0 1690.5 1749.0
1632.0 1690.5 1749.0
1632.0 1690.5 1749.0
1632.0 1690.5 1749.0
1632.0 1690.5 1749.0
1632.0 1690.5 1749.0
1632.0 1690.5 1749.0
1632.0 1690.5 1749.0
1632.0 1690.5 1749.0
1632.0 1690.5 1749.0
1632.0 1690.5 1749.0
1632.0 1690.5 1749.0
1632.0 1690.5 1749.0
1632.0 1690.5 1749.0
1632.0 1690.5 1749.0
1632.0 1690.5 1749.0
1632.0 1690.5 1749.0
1632.0 1690.5 1749.0
1632.0 1690.5 1749.0
1632.0 1690.5 1749.0
1632.0 1690.5 1749.0
1632.0 1690.5 1749.0
1632.0 1690.5 1749.0
1632.0 1690.5 1749.0
1632.0 1690.5 1749.0
1632.0 1690.5 1749.0
1632.0 1690.5 1749.0
1632.0 1690.5 1749.0
