15561.0 17924.0 20287.0
14641.0 14919.0 15197.0
10606.0 11712.0 12818.0
10037.0 11194.5 12352.0
7126.0 9176.0 11226.0
6572.0 7529.5 8487.0
6572.0 7137.5 7703.0
5457.0 5976.5 6496.0
4604.0 5246.0 5888.0
2925.0 3098.5 3272.0
2925.0 3088.0 3251.0
2681.0 2831.0 2981.0
1927.0 2304.0 2681.0
2150.0 2415.5 2681.0
1661.0 2171.0 2681.0
1661.0 2171.0 2681.0
1661.0 2171.0 2681.0
1661.0 2098.0 2535.0
1661.0 2098.0 2535.0
1661.0 2098.0 2535.0
1661.0 2098.0 2535.0
1661.0 2098.0 2535.0
1661.0 2098.0 2535.0
1661.0 2098.0 2535.0
1661.0 2098.0 2535.0
1661.0 2098.0 2535.0
1661.0 2098.0 2535.0
1661.0 2098.0 2535.0
1661.0 2098.0 2535.0
1661.0 2098.0 2535.0
1661.0 2098.0 2535.0
1661.0 2098.0 2535.0
1661.0 2098.0 2535.0
1661.0 2098.0 2535.0
1661.0 2098.0 2535.0
1661.0 2098.0 2535.0
1661.0 2098.0 2535.0
1661.0 2098.0 2535.0
1661.0 2098.0 2535.0
1661.0 2098.0 2535.0
1661.0 1941.5 2222.0
1661.0 1941.0 2221.0
1661.0 1941.0 2221.0
1661.0 1941.0 2221.0
1661.0 1941.0 2221.0
1661.0 1941.0 2221.0
1661.0 1941.0 2221.0
1661.0 1941.0 2221.0
1661.0 1941.0 2221.0
1661.0 1941.0 2221.0
1661.0 1941.0 2221.0
1661.0 1941.0 2221.0
1661.0 1941.0 2221.0
1661.0 1941.0 2221.0
1661.0 1941.0 2221.0
1661.0 1941.0 2221.0
1661.0 1941.0 2221.0
1661.0 1941.0 2221.0
1661.0 1941.0 2221.0
1661.0 1941.0 2221.0
1661.0 1941.0 2221.0
1661.0 1941.0 2221.0
1661.0 1941.0 2221.0
1661.0 1941.0 2221.0
1661.0 1941.0 2221.0
1661.0 1941.0 2221.0
1661.0 1941.0 2221.0
1661.0 1941.0 2221.0
1661.0 1941.0 2221.0
1661.0 1941.0 2221.0
1661.0 1941.0 2221.0
1357.0 1789.0 2221.0
1357.0 1789.0 2221.0
1357.0 1789.0 2221.0
1357.0 1789.0 2221.0
1357.0 1789.0 2221.0
1357.0 1789.0 2221.0
1357.0 1752.5 2148.0
1357.0 1629.0 1901.0
1357.0 1715.5 2074.0
1357.0 1619.5 1882.0
1357.0 1619.5 1882.0
1357.0 1619.5 1882.0
1357.0 1619.5 1882.0
1357.0 1619.5 1882.0
1357.0 1619.5 1882.0
1357.0 1619.5 1882.0
1357.0 1619.5 1882.0
1357.0 1619.5 1882.0
1357.0 1619.5 1882.0
1357.0 1619.5 1882.0
1357.0 1619.5 1882.0
1357.0 1619.5 1882.0
1357.0 1619.5 1882.0
1357.0 1619.5 1882.0
1357.0 1619.5 1882.0
1357.0 1619.5 1882.0
1357.0 1619.5 1882.0
1357.0 1619.5 1882.0
1357.0 1619.5 1882.0
1357.0 1619.5 1882.0
1357.0 1619.5 1882.0
1357.0 1619.5 1882.0
1357.0 1619.5 1882.0
1357.0 1619.5 1882.0
1357.0 1619.5 1882.0
1357.0 1619.5 1882.0
1357.0 1619.5 1882.0
1357.0 1619.5 1882.0
1357.0 1619.5 1882.0
1357.0 1619.5 1882.0
1357.0 1619.5 1882.0
1357.0 1619.5 1882.0
1357.0 1619.5 1882.0
1357.0 1619.5 1882.0
1357.0 1619.5 1882.0
1357.0 1619.5 1882.0
1357.0 1619.5 1882.0
1357.0 1619.5 1882.0
1357.0 1619.5 1882.0
1357.0 1619.5 1882.0
1357.0 1619.5 1882.0
1357.0 1619.5 1882.0
1357.0 1619.5 1882.0
1357.0 1619.5 1882.0
1357.0 1719.0 2081.0
1357.0 1719.0 2081.0
1357.0 1719.0 2081.0
1357.0 1719.0 2081.0
1357.0 1719.0 2081.0
1357.0 1719.0 2081.0
1357.0 1719.0 2081.0
1357.0 1719.0 2081.0
1357.0 1719.0 2081.0
1357.0 1719.0 2081.0
1357.0 1719.0 2081.0
1357.0 1719.0 2081.0
1357.0 1719.0 2081.0
1357.0 1719.0 2081.0
1357.0 1719.0 2081.0
1357.0 1719.0 2081.0
1357.0 1719.0 2081.0
1357.0 1719.0 2081.0
1357.0 1719.0 2081.0
1357.0 1719.0 2081.0
1357.0 1719.0 2081.0
1357.0 1719.0 2081.0
1357.0 1719.0 2081.0
1357.0 1719.0 2081.0
1357.0 1719.0 2081.0
1357.0 1719.0 2081.0
1357.0 1719.0 2081.0
1357.0 1719.0 2081.0
1357.0 1719.0 2081.0
1357.0 1719.0 2081.0
1357.0 1719.0 2081.0
1357.0 1719.0 2081.0
1357.0 1719.0 2081.0
1357.0 1719.0 2081.0
1357.0 1719.0 2081.0
1357.0 1719.0 2081.0
1357.0 1719.0 2081.0
1357.0 1719.0 2081.0
1357.0 1719.0 2081.0
1357.0 1719.0 2081.0
1357.0 1719.0 2081.0
1357.0 1719.0 2081.0
1357.0 1719.0 2081.0
1357.0 1719.0 2081.0
1357.0 1719.0 2081.0
1357.0 1719.0 2081.0
1357.0 1719.0 2081.0
1357.0 1719.0 2081.0
1357.0 1719.0 2081.0
1357.0 1719.0 2081.0
1357.0 1719.0 2081.0
1357.0 1719.0 2081.0
1357.0 1719.0 2081.0
1357.0 1719.0 2081.0
1357.0 1719.0 2081.0
1357.0 1719.0 2081.0
1357.0 1719.0 2081.0
1357.0 1719.0 2081.0
1357.0 1719.0 2081.0
1357.0 1719.0 2081.0
1357.0 1719.0 2081.0
1357.0 1563.0 1769.0
1357.0 1644.5 1932.0
1357.0 1644.5 1932.0
1357.0 1644.5 1932.0
1357.0 1644.5 1932.0
1357.0 1644.5 1932.0
1357.0 1644.5 1932.0
1357.0 1644.5 1932.0
1357.0 1644.5 1932.0
1357.0 1644.5 1932.0
1357.0 1644.5 1932.0
1357.0 1644.5 1932.0
1357.0 1644.5 1932.0
1357.0 1644.5 1932.0
