13466.0 14496.0 15526.0
11565.0 12577.5 13590.0
8512.0 8896.5 9281.0
7059.0 7785.5 8512.0
5980.0 6359.0 6738.0
5704.0 5975.5 6247.0
3798.0 4280.0 4762.0
3798.0 4226.5 4655.0
2643.0 2766.5 2890.0
2643.0 2766.5 2890.0
2643.0 2766.5 2890.0
2643.0 2766.5 2890.0
2490.0 2690.0 2890.0
1973.0 2431.5 2890.0
1581.0 2235.5 2890.0
1662.0 2276.0 2890.0
800.0 1845.0 2890.0
687.0 1441.5 2196.0
687.0 1144.5 1602.0
687.0 1096.5 1506.0
687.0 1096.5 1506.0
687.0 1096.5 1506.0
687.0 1096.5 1506.0
687.0 1096.5 1506.0
687.0 1096.5 1506.0
687.0 1096.5 1506.0
687.0 1096.5 1506.0
687.0 1096.5 1506.0
687.0 1096.5 1506.0
687.0 1096.5 1506.0
687.0 1096.5 1506.0
687.0 1096.5 1506.0
687.0 1096.5 1506.0
687.0 1096.5 1506.0
687.0 1096.5 1506.0
687.0 1096.5 1506.0
687.0 1096.5 1506.0
687.0 1096.5 1506.0
687.0 1096.5 1506.0
687.0 1096.5 1506.0
687.0 1096.5 1506.0
687.0 1096.5 1506.0
687.0 1096.5 1506.0
687.0 1096.5 1506.0
687.0 1096.5 1506.0
687.0 1096.5 1506.0
687.0 1096.5 1506.0
687.0 1096.5 1506.0
687.0 1096.5 1506.0
687.0 1096.5 1506.0
687.0 1096.5 1506.0
687.0 1096.5 1506.0
687.0 1096.5 1506.0
687.0 1096.5 1506.0
687.0 1096.5 1506.0
687.0 1096.5 1506.0
687.0 1096.5 1506.0
687.0 1096.5 1506.0
687.0 1096.5 1506.0
687.0 1096.5 1506.0
687.0 1096.5 1506.0
687.0 1096.5 1506.0
687.0 1096.5 1506.0
687.0 1096.5 1506.0
687.0 1096.5 1506.0
687.0 1096.5 1506.0
687.0 1096.5 1506.0
687.0 1096.5 1506.0
687.0 1096.5 1506.0
687.0 1096.5 1506.0
687.0 1096.5 1506.0
687.0 1096.5 1506.0
687.0 1096.5 1506.0
687.0 1096.5 1506.0
687.0 1096.5 1506.0
687.0 1096.5 1506.0
687.0 1096.5 1506.0
687.0 1096.5 1506.0
687.0 1096.5 1506.0
687.0 1096.5 1506.0
687.0 1096.5 1506.0
687.0 1096.5 1506.0
687.0 1096.5 1506.0
687.0 1096.5 1506.0
687.0 1096.5 1506.0
687.0 1096.5 1506.0
687.0 1096.5 1506.0
687.0 1096.5 1506.0
687.0 1096.5 1506.0
687.0 1096.5 1506.0
687.0 1096.5 1506.0
687.0 1096.5 1506.0
687.0 1096.5 1506.0
687.0 1096.5 1506.0
687.0 1096.5 1506.0
687.0 1096.5 1506.0
687.0 1096.5 1506.0
687.0 1096.5 1506.0
687.0 1096.5 1506.0
687.0 1096.5 1506.0
687.0 1096.5 1506.0
687.0 1096.5 1506.0
687.0 1096.5 1506.0
687.0 1096.5 1506.0
687.0 1096.5 1506.0
687.0 1096.5 1506.0
687.0 1096.5 1506.0
687.0 1096.5 1506.0
687.0 1096.5 1506.0
687.0 1096.5 1506.0
687.0 1096.5 1506.0
687.0 1096.5 1506.0
687.0 1096.5 1506.0
687.0 1096.5 1506.0
687.0 1096.5 1506.0
687.0 1096.5 1506.0
687.0 1096.5 1506.0
687.0 1096.5 1506.0
687.0 1096.5 1506.0
687.0 1096.5 1506.0
687.0 1096.5 1506.0
687.0 1096.5 1506.0
687.0 1096.5 1506.0
687.0 1096.5 1506.0
687.0 1096.5 1506.0
687.0 1096.5 1506.0
687.0 1096.5 1506.0
687.0 1096.5 1506.0
687.0 1096.5 1506.0
687.0 1096.5 1506.0
687.0 1096.5 1506.0
687.0 1096.5 1506.0
687.0 1096.5 1506.0
687.0 1096.5 1506.0
687.0 1096.5 1506.0
687.0 1096.5 1506.0
687.0 1096.5 1506.0
687.0 1096.5 1506.0
687.0 1096.5 1506.0
687.0 1096.5 1506.0
687.0 1096.5 1506.0
687.0 1096.5 1506.0
687.0 1096.5 1506.0
687.0 1096.5 1506.0
687.0 1096.5 1506.0
687.0 1096.5 1506.0
687.0 1096.5 1506.0
687.0 1096.5 1506.0
687.0 1096.5 1506.0
687.0 1096.5 1506.0
687.0 1096.5 1506.0
687.0 1096.5 1506.0
687.0 1096.5 1506.0
687.0 1096.5 1506.0
687.0 1096.5 1506.0
687.0 1096.5 1506.0
687.0 1096.5 1506.0
687.0 1096.5 1506.0
687.0 1096.5 1506.0
687.0 1096.5 1506.0
687.0 1096.5 1506.0
687.0 1096.5 1506.0
687.0 1096.5 1506.0
687.0 1096.5 1506.0
687.0 1096.5 1506.0
687.0 1096.5 1506.0
687.0 1096.5 1506.0
687.0 1096.5 1506.0
687.0 1096.5 1506.0
687.0 1096.5 1506.0
687.0 1096.5 1506.0
687.0 1096.5 1506.0
687.0 1096.5 1506.0
687.0 1096.5 1506.0
687.0 1096.5 1506.0
687.0 1096.5 1506.0
687.0 1096.5 1506.0
687.0 1096.5 1506.0
687.0 1096.5 1506.0
687.0 1096.5 1506.0
687.0 1096.5 1506.0
687.0 1096.5 1506.0
687.0 1096.5 1506.0
687.0 1096.5 1506.0
687.0 1096.5 1506.0
687.0 1096.5 1506.0
687.0 1096.5 1506.0
687.0 1096.5 1506.0
687.0 1096.5 1506.0
687.0 1096.5 1506.0
687.0 1096.5 1506.0
687.0 1096.5 1506.0
687.0 1096.5 1506.0
687.0 1096.5 1506.0
687.0 1096.5 1506.0
687.0 1096.5 1506.0
687.0 1096.5 1506.0
687.0 1096.5 1506.0
687.0 1096.5 1506.0
687.0 1096.5 1506.0
