14689.0 15057.5 15426.0
11180.0 12765.5 14351.0
10216.0 10698.0 11180.0
8877.0 9496.0 10115.0
6945.0 7322.5 7700.0
5866.0 5882.0 5898.0
4560.0 5582.0 6604.0
3665.0 4014.5 4364.0
3126.0 3924.5 4723.0
2834.0 2980.0 3126.0
2646.0 2740.0 2834.0
2250.0 2339.5 2429.0
2250.0 2339.5 2429.0
2250.0 2339.5 2429.0
2250.0 2339.5 2429.0
2250.0 2339.5 2429.0
2250.0 2339.5 2429.0
2250.0 2339.5 2429.0
2250.0 2339.5 2429.0
1972.0 2200.5 2429.0
1972.0 2200.5 2429.0
1972.0 2200.5 2429.0
1947.0 1959.5 1972.0
1947.0 1959.5 1972.0
1947.0 1959.5 1972.0
1947.0 1959.5 1972.0
1947.0 1959.5 1972.0
1731.0 1839.0 1947.0
1731.0 1839.0 1947.0
1731.0 1839.0 1947.0
1731.0 1839.0 1947.0
1731.0 1839.0 1947.0
1731.0 1839.0 1947.0
1731.0 1839.0 1947.0
1731.0 1839.0 1947.0
1731.0 1839.0 1947.0
1731.0 1839.0 1947.0
1731.0 1839.0 1947.0
1731.0 1839.0 1947.0
1731.0 1839.0 1947.0
1731.0 1839.0 1947.0
1731.0 1839.0 1947.0
1731.0 1839.0 1947.0
1731.0 1839.0 1947.0
1731.0 1839.0 1947.0
1731.0 1839.0 1947.0
1731.0 1839.0 1947.0
1731.0 1839.0 1947.0
1731.0 1839.0 1947.0
1731.0 1839.0 1947.0
1678.0 1704.5 1731.0
1630.0 1680.5 1731.0
1630.0 1680.5 1731.0
1630.0 1680.5 1731.0
1630.0 1680.5 1731.0
1630.0 1680.5 1731.0
1630.0 1680.5 1731.0
1630.0 1680.5 1731.0
1630.0 1680.5 1731.0
1630.0 1680.5 1731.0
1630.0 1680.5 1731.0
1630.0 1680.5 1731.0
1630.0 1680.5 1731.0
1630.0 1680.5 1731.0
1630.0 1680.5 1731.0
1630.0 1680.5 1731.0
1630.0 1680.5 1731.0
1630.0 1680.5 1731.0
1630.0 1680.5 1731.0
1630.0 1680.5 1731.0
1630.0 1680.5 1731.0
1630.0 1680.5 1731.0
1630.0 1680.5 1731.0
1630.0 1680.5 1731.0
1630.0 1680.5 1731.0
1630.0 1680.5 1731.0
1630.0 1680.5 1731.0
1630.0 1680.5 1731.0
1630.0 1680.5 1731.0
1630.0 1680.5 1731.0
1630.0 1680.5 1731.0
1630.0 1680.5 1731.0
1630.0 1680.5 1731.0
1630.0 1680.5 1731.0
1630.0 1680.5 1731.0
1630.0 1680.5 1731.0
1630.0 1680.5 1731.0
1630.0 1680.5 1731.0
1630.0 1680.5 1731.0
1630.0 1680.5 1731.0
1630.0 1680.5 1731.0
1630.0 1680.5 1731.0
1630.0 1680.5 1731.0
1630.0 1680.5 1731.0
1630.0 1680.5 1731.0
1630.0 1680.5 1731.0
1630.0 1680.5 1731.0
1630.0 1680.5 1731.0
1630.0 1680.5 1731.0
1630.0 1680.5 1731.0
1630.0 1680.5 1731.0
1630.0 1680.5 1731.0
1630.0 1680.5 1731.0
1630.0 1680.5 1731.0
1630.0 1680.5 1731.0
1630.0 1680.5 1731.0
1630.0 1680.5 1731.0
1630.0 1680.5 1731.0
1630.0 1680.5 1731.0
1630.0 1680.5 1731.0
1630.0 1680.5 1731.0
1630.0 1680.5 1731.0
1630.0 1680.5 1731.0
1630.0 1680.5 1731.0
1630.0 1680.5 1731.0
1630.0 1680.5 1731.0
1630.0 1680.5 1731.0
1630.0 1680.5 1731.0
1575.0 1653.0 1731.0
1575.0 1653.0 1731.0
1575.0 1653.0 1731.0
1575.0 1653.0 1731.0
1575.0 1653.0 1731.0
1575.0 1653.0 1731.0
1575.0 1653.0 1731.0
1575.0 1653.0 1731.0
1575.0 1653.0 1731.0
1575.0 1653.0 1731.0
1575.0 1653.0 1731.0
1575.0 1653.0 1731.0
1575.0 1653.0 1731.0
1575.0 1653.0 1731.0
1575.0 1653.0 1731.0
1575.0 1653.0 1731.0
1575.0 1653.0 1731.0
1575.0 1653.0 1731.0
1575.0 1653.0 1731.0
1575.0 1653.0 1731.0
1575.0 1653.0 1731.0
1575.0 1653.0 1731.0
1575.0 1653.0 1731.0
1575.0 1653.0 1731.0
1575.0 1653.0 1731.0
1575.0 1653.0 1731.0
1575.0 1653.0 1731.0
1575.0 1653.0 1731.0
1575.0 1653.0 1731.0
1575.0 1653.0 1731.0
1575.0 1653.0 1731.0
1488.0 1531.5 1575.0
1488.0 1531.5 1575.0
1488.0 1531.5 1575.0
1488.0 1531.5 1575.0
1488.0 1531.5 1575.0
1488.0 1531.5 1575.0
1488.0 1531.5 1575.0
1488.0 1531.5 1575.0
1488.0 1531.5 1575.0
1488.0 1531.5 1575.0
1488.0 1531.5 1575.0
1488.0 1531.5 1575.0
1488.0 1531.5 1575.0
1488.0 1531.5 1575.0
1488.0 1531.5 1575.0
1488.0 1531.5 1575.0
1488.0 1531.5 1575.0
1488.0 1531.5 1575.0
1488.0 1531.5 1575.0
1488.0 1531.5 1575.0
1488.0 1531.5 1575.0
1488.0 1531.5 1575.0
1488.0 1531.5 1575.0
1488.0 1531.5 1575.0
1488.0 1531.5 1575.0
1488.0 1531.5 1575.0
1488.0 1531.5 1575.0
1488.0 1531.5 1575.0
1488.0 1531.5 1575.0
1488.0 1531.5 1575.0
1488.0 1531.5 1575.0
1488.0 1531.5 1575.0
1488.0 1531.5 1575.0
1488.0 1531.5 1575.0
1488.0 1531.5 1575.0
1488.0 1531.5 1575.0
1488.0 1531.5 1575.0
1488.0 1531.5 1575.0
1488.0 1531.5 1575.0
1488.0 1531.5 1575.0
1488.0 1531.5 1575.0
1488.0 1531.5 1575.0
1488.0 1531.5 1575.0
1488.0 1531.5 1575.0
1488.0 1531.5 1575.0
1488.0 1531.5 1575.0
1488.0 1531.5 1575.0
1488.0 1531.5 1575.0
1488.0 1531.5 1575.0
1488.0 1531.5 1575.0
1488.0 1531.5 1575.0
