11151.0 13406.0 15661.0
9084.0 11041.0 12998.0
7170.0 7913.0 8656.0
6636.0 6944.5 7253.0
5308.0 5497.0 5686.0
3407.0 4648.5 5890.0
3407.0 3574.0 3741.0
2824.0 3282.5 3741.0
2138.0 2598.5 3059.0
2138.0 2842.5 3547.0
2138.0 2633.0 3128.0
1382.0 1760.0 2138.0
1382.0 1760.0 2138.0
1382.0 2002.0 2622.0
1382.0 1573.0 1764.0
1382.0 1573.0 1764.0
1382.0 1573.0 1764.0
1382.0 1573.0 1764.0
1382.0 1573.0 1764.0
1382.0 1573.0 1764.0
1382.0 1573.0 1764.0
1382.0 1573.0 1764.0
1382.0 1573.0 1764.0
1382.0 1573.0 1764.0
1382.0 1573.0 1764.0
1382.0 1573.0 1764.0
1651.0 1707.5 1764.0
1509.0 1636.5 1764.0
1509.0 1636.5 1764.0
1185.0 1474.5 1764.0
1185.0 1474.5 1764.0
1185.0 1474.5 1764.0
1185.0 1474.5 1764.0
1185.0 1474.5 1764.0
1185.0 1474.5 1764.0
1185.0 1474.5 1764.0
1185.0 1474.5 1764.0
1185.0 1474.5 1764.0
1185.0 1474.5 1764.0
1185.0 1474.5 1764.0
1185.0 1474.5 1764.0
1185.0 1474.5 1764.0
1185.0 1474.5 1764.0
1185.0 1474.5 1764.0
1185.0 1474.5 1764.0
1185.0 1474.5 1764.0
1185.0 1474.5 1764.0
1185.0 1474.5 1764.0
1185.0 1474.5 1764.0
1185.0 1474.5 1764.0
1185.0 1474.5 1764.0
1185.0 1474.5 1764.0
1185.0 1474.5 1764.0
1185.0 1474.5 1764.0
1185.0 1474.5 1764.0
1185.0 1474.5 1764.0
1185.0 1474.5 1764.0
1185.0 1474.5 1764.0
1185.0 1474.5 1764.0
1185.0 1474.5 1764.0
1185.0 1474.5 1764.0
1185.0 1474.5 1764.0
1185.0 1474.5 1764.0
1185.0 1474.5 1764.0
1185.0 1349.5 1514.0
1185.0 1349.5 1514.0
1185.0 1233.5 1282.0
1185.0 1233.5 1282.0
1185.0 1233.5 1282.0
1185.0 1233.5 1282.0
1185.0 1233.5 1282.0
1185.0 1233.5 1282.0
1185.0 1233.5 1282.0
1185.0 1233.5 1282.0
1185.0 1233.5 1282.0
1185.0 1233.5 1282.0
1185.0 1233.5 1282.0
1185.0 1233.5 1282.0
1185.0 1233.5 1282.0
1185.0 1233.5 1282.0
1185.0 1233.5 1282.0
1185.0 1233.5 1282.0
1185.0 1233.5 1282.0
1185.0 1233.5 1282.0
1185.0 1233.5 1282.0
1185.0 1233.5 1282.0
1185.0 1233.5 1282.0
1185.0 1233.5 1282.0
1185.0 1233.5 1282.0
1185.0 1233.5 1282.0
1185.0 1233.5 1282.0
1185.0 1233.5 1282.0
1185.0 1233.5 1282.0
1185.0 1233.5 1282.0
1185.0 1233.5 1282.0
1185.0 1233.5 1282.0
1185.0 1233.5 1282.0
1185.0 1233.5 1282.0
1185.0 1233.5 1282.0
1185.0 1233.5 1282.0
1185.0 1233.5 1282.0
1185.0 1233.5 1282.0
1185.0 1233.5 1282.0
1185.0 1233.5 1282.0
1185.0 1233.5 1282.0
1185.0 1233.5 1282.0
1185.0 1233.5 1282.0
1185.0 1233.5 1282.0
1185.0 1233.5 1282.0
1185.0 1233.5 1282.0
1185.0 1233.5 1282.0
1185.0 1233.5 1282.0
1185.0 1233.5 1282.0
1185.0 1233.5 1282.0
1185.0 1233.5 1282.0
1185.0 1233.5 1282.0
1185.0 1233.5 1282.0
1185.0 1233.5 1282.0
1185.0 1233.5 1282.0
1185.0 1233.5 1282.0
1185.0 1233.5 1282.0
1185.0 1233.5 1282.0
1185.0 1233.5 1282.0
1185.0 1233.5 1282.0
1185.0 1233.5 1282.0
1185.0 1233.5 1282.0
1185.0 1233.5 1282.0
1185.0 1233.5 1282.0
1185.0 1233.5 1282.0
1185.0 1233.5 1282.0
1185.0 1233.5 1282.0
1185.0 1233.5 1282.0
1185.0 1233.5 1282.0
1185.0 1233.5 1282.0
1185.0 1233.5 1282.0
1185.0 1233.5 1282.0
1185.0 1233.5 1282.0
1185.0 1233.5 1282.0
1185.0 1233.5 1282.0
1185.0 1233.5 1282.0
1185.0 1233.5 1282.0
1185.0 1233.5 1282.0
1185.0 1233.5 1282.0
1185.0 1233.5 1282.0
1185.0 1233.5 1282.0
1185.0 1233.5 1282.0
1185.0 1233.5 1282.0
1185.0 1233.5 1282.0
1185.0 1233.5 1282.0
1185.0 1233.5 1282.0
1185.0 1233.5 1282.0
1185.0 1233.5 1282.0
1185.0 1233.5 1282.0
1185.0 1233.5 1282.0
1185.0 1233.5 1282.0
1185.0 1233.5 1282.0
1185.0 1233.5 1282.0
1185.0 1233.5 1282.0
1185.0 1233.5 1282.0
1185.0 1233.5 1282.0
1185.0 1233.5 1282.0
1185.0 1233.5 1282.0
1185.0 1233.5 1282.0
1185.0 1233.5 1282.0
1185.0 1233.5 1282.0
1185.0 1233.5 1282.0
1185.0 1233.5 1282.0
1185.0 1233.5 1282.0
1185.0 1233.5 1282.0
1185.0 1233.5 1282.0
1185.0 1233.5 1282.0
1185.0 1233.5 1282.0
1185.0 1233.5 1282.0
1185.0 1233.5 1282.0
1185.0 1233.5 1282.0
1185.0 1233.5 1282.0
1185.0 1233.5 1282.0
1185.0 1233.5 1282.0
1185.0 1233.5 1282.0
1185.0 1233.5 1282.0
1185.0 1233.5 1282.0
1185.0 1233.5 1282.0
1185.0 1233.5 1282.0
1185.0 1233.5 1282.0
1185.0 1233.5 1282.0
1185.0 1233.5 1282.0
1185.0 1233.5 1282.0
1185.0 1233.5 1282.0
1185.0 1233.5 1282.0
1185.0 1233.5 1282.0
1185.0 1233.5 1282.0
1185.0 1233.5 1282.0
1185.0 1233.5 1282.0
1185.0 1233.5 1282.0
1185.0 1233.5 1282.0
1185.0 1233.5 1282.0
1185.0 1233.5 1282.0
1185.0 1233.5 1282.0
1185.0 1233.5 1282.0
1185.0 1233.5 1282.0
