11764.0 11882.5 12001.0
7006.0 7932.5 8859.0
5893.0 6620.5 7348.0
4915.0 5399.5 5884.0
3800.0 4127.0 4454.0
2934.0 2943.5 2953.0
1808.0 2311.5 2815.0
1760.0 1981.0 2202.0
1543.0 1696.0 1849.0
1494.0 1518.5 1543.0
1425.0 1592.5 1760.0
1369.0 1397.0 1425.0
1177.0 1299.0 1421.0
1177.0 1299.0 1421.0
933.0 1177.0 1421.0
933.0 1177.0 1421.0
933.0 1177.0 1421.0
933.0 1177.0 1421.0
933.0 1177.0 1421.0
933.0 1177.0 1421.0
933.0 1177.0 1421.0
933.0 1177.0 1421.0
933.0 1177.0 1421.0
933.0 1177.0 1421.0
933.0 1177.0 1421.0
933.0 1177.0 1421.0
933.0 1177.0 1421.0
933.0 1177.0 1421.0
933.0 1177.0 1421.0
933.0 1177.0 1421.0
933.0 1177.0 1421.0
933.0 1177.0 1421.0
933.0 1177.0 1421.0
933.0 1177.0 1421.0
933.0 1177.0 1421.0
933.0 1177.0 1421.0
933.0 1177.0 1421.0
933.0 1029.0 1125.0
933.0 1029.0 1125.0
933.0 1039.0 1145.0
933.0 1039.0 1145.0
933.0 1039.0 1145.0
933.0 1039.0 1145.0
933.0 1039.0 1145.0
933.0 1039.0 1145.0
933.0 1039.0 1145.0
933.0 1039.0 1145.0
933.0 1039.0 1145.0
933.0 1039.0 1145.0
933.0 1039.0 1145.0
933.0 1039.0 1145.0
933.0 1039.0 1145.0
933.0 1039.0 1145.0
933.0 1039.0 1145.0
933.0 1039.0 1145.0
933.0 1039.0 1145.0
933.0 1039.0 1145.0
933.0 1039.0 1145.0
933.0 1039.0 1145.0
933.0 1039.0 1145.0
933.0 1039.0 1145.0
933.0 1039.0 1145.0
933.0 1039.0 1145.0
933.0 1039.0 1145.0
933.0 1039.0 1145.0
933.0 1039.0 1145.0
933.0 1039.0 1145.0
933.0 1039.0 1145.0
933.0 1039.0 1145.0
933.0 1039.0 1145.0
933.0 1039.0 1145.0
933.0 1039.0 1145.0
933.0 1039.0 1145.0
933.0 1039.0 1145.0
933.0 1039.0 1145.0
933.0 1039.0 1145.0
933.0 1039.0 1145.0
933.0 1039.0 1145.0
933.0 1039.0 1145.0
933.0 1039.0 1145.0
933.0 1039.0 1145.0
933.0 1039.0 1145.0
933.0 1039.0 1145.0
933.0 1039.0 1145.0
933.0 1039.0 1145.0
933.0 1039.0 1145.0
933.0 1039.0 1145.0
933.0 1039.0 1145.0
933.0 1039.0 1145.0
933.0 1039.0 1145.0
933.0 1039.0 1145.0
933.0 1039.0 1145.0
933.0 1039.0 1145.0
933.0 1039.0 1145.0
933.0 1039.0 1145.0
933.0 1039.0 1145.0
933.0 1039.0 1145.0
933.0 1039.0 1145.0
933.0 1039.0 1145.0
933.0 1039.0 1145.0
933.0 1039.0 1145.0
933.0 1039.0 1145.0
933.0 1039.0 1145.0
933.0 1039.0 1145.0
933.0 1039.0 1145.0
933.0 1039.0 1145.0
933.0 1039.0 1145.0
933.0 1039.0 1145.0
933.0 1039.0 1145.0
933.0 1039.0 1145.0
933.0 1039.0 1145.0
933.0 1039.0 1145.0
933.0 1039.0 1145.0
933.0 1039.0 1145.0
933.0 1039.0 1145.0
933.0 1039.0 1145.0
933.0 1039.0 1145.0
933.0 1039.0 1145.0
933.0 1039.0 1145.0
933.0 1039.0 1145.0
933.0 1039.0 1145.0
933.0 1039.0 1145.0
933.0 1039.0 1145.0
933.0 1039.0 1145.0
933.0 1039.0 1145.0
933.0 1039.0 1145.0
933.0 1039.0 1145.0
933.0 1039.0 1145.0
933.0 1039.0 1145.0
933.0 1039.0 1145.0
933.0 1039.0 1145.0
933.0 1039.0 1145.0
933.0 1039.0 1145.0
933.0 1039.0 1145.0
933.0 1039.0 1145.0
933.0 1039.0 1145.0
933.0 1039.0 1145.0
933.0 1039.0 1145.0
933.0 1039.0 1145.0
933.0 1039.0 1145.0
933.0 1039.0 1145.0
933.0 1039.0 1145.0
933.0 1039.0 1145.0
933.0 1039.0 1145.0
933.0 1039.0 1145.0
933.0 1039.0 1145.0
933.0 1039.0 1145.0
933.0 1039.0 1145.0
933.0 1039.0 1145.0
933.0 1039.0 1145.0
933.0 1039.0 1145.0
933.0 1039.0 1145.0
933.0 1039.0 1145.0
933.0 1039.0 1145.0
933.0 1039.0 1145.0
933.0 1039.0 1145.0
933.0 1039.0 1145.0
933.0 1039.0 1145.0
933.0 1039.0 1145.0
933.0 1039.0 1145.0
933.0 1039.0 1145.0
933.0 1039.0 1145.0
933.0 1039.0 1145.0
933.0 1039.0 1145.0
933.0 1039.0 1145.0
933.0 1039.0 1145.0
933.0 1039.0 1145.0
933.0 1039.0 1145.0
933.0 1039.0 1145.0
933.0 1039.0 1145.0
933.0 1039.0 1145.0
933.0 1039.0 1145.0
933.0 1039.0 1145.0
933.0 1039.0 1145.0
933.0 1039.0 1145.0
933.0 1039.0 1145.0
933.0 1039.0 1145.0
933.0 1039.0 1145.0
933.0 1039.0 1145.0
933.0 1039.0 1145.0
933.0 1039.0 1145.0
933.0 1039.0 1145.0
933.0 1039.0 1145.0
933.0 1039.0 1145.0
933.0 1039.0 1145.0
933.0 1039.0 1145.0
933.0 1039.0 1145.0
933.0 1039.0 1145.0
933.0 1039.0 1145.0
933.0 1039.0 1145.0
933.0 1039.0 1145.0
933.0 1039.0 1145.0
933.0 1039.0 1145.0
933.0 1039.0 1145.0
933.0 1039.0 1145.0
933.0 1039.0 1145.0
933.0 1039.0 1145.0
933.0 1039.0 1145.0
933.0 1039.0 1145.0
933.0 1039.0 1145.0
