14917.0 16850.0 18783.0
12309.0 12806.5 13304.0
10221.0 11417.0 12613.0
7679.0 9489.0 11299.0
7674.0 7848.0 8022.0
5735.0 6771.5 7808.0
5070.0 5925.5 6781.0
3261.0 4487.0 5713.0
3261.0 3499.5 3738.0
3261.0 3499.5 3738.0
3261.0 3499.5 3738.0
2901.0 3319.5 3738.0
2351.0 3044.5 3738.0
2548.0 3143.0 3738.0
2420.0 3079.0 3738.0
2420.0 2498.0 2576.0
2420.0 2552.5 2685.0
2420.0 2552.5 2685.0
2192.0 2306.0 2420.0
2192.0 2306.0 2420.0
2192.0 2306.0 2420.0
2192.0 2306.0 2420.0
2192.0 2306.0 2420.0
2192.0 2306.0 2420.0
2192.0 2306.0 2420.0
2192.0 2306.0 2420.0
2192.0 2306.0 2420.0
2192.0 2306.0 2420.0
2192.0 2306.0 2420.0
2192.0 2306.0 2420.0
2192.0 2306.0 2420.0
2192.0 2306.0 2420.0
2192.0 2306.0 2420.0
2192.0 2306.0 2420.0
2192.0 2306.0 2420.0
2192.0 2306.0 2420.0
2192.0 2306.0 2420.0
2192.0 2306.0 2420.0
2192.0 2306.0 2420.0
2192.0 2306.0 2420.0
2192.0 2306.0 2420.0
2192.0 2306.0 2420.0
2192.0 2306.0 2420.0
2192.0 2306.0 2420.0
2192.0 2306.0 2420.0
2192.0 2306.0 2420.0
2192.0 2306.0 2420.0
2192.0 2306.0 2420.0
2192.0 2306.0 2420.0
2192.0 2306.0 2420.0
2071.0 2131.5 2192.0
1611.0 1841.0 2071.0
1402.0 1736.5 2071.0
1402.0 1736.5 2071.0
1402.0 1736.5 2071.0
1402.0 1736.5 2071.0
1402.0 1736.5 2071.0
1402.0 1736.5 2071.0
1402.0 1736.5 2071.0
1402.0 1736.5 2071.0
1402.0 1736.5 2071.0
1402.0 1736.5 2071.0
1402.0 1736.5 2071.0
1402.0 1736.5 2071.0
1402.0 1736.5 2071.0
1402.0 1736.5 2071.0
1402.0 1736.5 2071.0
1402.0 1934.0 2466.0
1402.0 1934.0 2466.0
1402.0 1934.0 2466.0
1402.0 1934.0 2466.0
1402.0 1934.0 2466.0
1402.0 1934.0 2466.0
1402.0 1934.0 2466.0
1402.0 1934.0 2466.0
1402.0 1934.0 2466.0
1402.0 1934.0 2466.0
1402.0 1934.0 2466.0
1402.0 1934.0 2466.0
1402.0 1934.0 2466.0
1402.0 1565.0 1728.0
1361.0 1381.5 1402.0
1361.0 1381.5 1402.0
1361.0 1381.5 1402.0
1361.0 1381.5 1402.0
1361.0 1381.5 1402.0
1361.0 1381.5 1402.0
1361.0 1381.5 1402.0
1361.0 1381.5 1402.0
1361.0 1381.5 1402.0
1361.0 1381.5 1402.0
1361.0 1381.5 1402.0
1361.0 1381.5 1402.0
1361.0 1381.5 1402.0
1361.0 1381.5 1402.0
1361.0 1381.5 1402.0
1361.0 1381.5 1402.0
1361.0 1381.5 1402.0
1361.0 1381.5 1402.0
1361.0 1381.5 1402.0
1361.0 1381.5 1402.0
1361.0 1381.5 1402.0
1361.0 1381.5 1402.0
1361.0 1381.5 1402.0
1361.0 1381.5 1402.0
1361.0 1381.5 1402.0
1361.0 1381.5 1402.0
1361.0 1381.5 1402.0
1361.0 1381.5 1402.0
1361.0 1381.5 1402.0
1361.0 1381.5 1402.0
1325.0 1343.0 1361.0
1176.0 1268.5 1361.0
1179.0 1270.0 1361.0
1179.0 1270.0 1361.0
1179.0 1270.0 1361.0
1179.0 1270.0 1361.0
1179.0 1270.0 1361.0
1179.0 1270.0 1361.0
1179.0 1270.0 1361.0
1179.0 1270.0 1361.0
1179.0 1270.0 1361.0
1179.0 1270.0 1361.0
1179.0 1270.0 1361.0
1179.0 1270.0 1361.0
1179.0 1270.0 1361.0
1179.0 1270.0 1361.0
1179.0 1270.0 1361.0
1179.0 1270.0 1361.0
1179.0 1270.0 1361.0
1179.0 1270.0 1361.0
1179.0 1270.0 1361.0
1179.0 1270.0 1361.0
1179.0 1270.0 1361.0
1179.0 1270.0 1361.0
1179.0 1270.0 1361.0
1179.0 1270.0 1361.0
1179.0 1270.0 1361.0
1179.0 1270.0 1361.0
1179.0 1270.0 1361.0
1179.0 1270.0 1361.0
1179.0 1270.0 1361.0
1179.0 1270.0 1361.0
1179.0 1270.0 1361.0
1179.0 1270.0 1361.0
1179.0 1270.0 1361.0
1179.0 1270.0 1361.0
1179.0 1270.0 1361.0
1179.0 1270.0 1361.0
1179.0 1270.0 1361.0
1179.0 1270.0 1361.0
1179.0 1270.0 1361.0
1179.0 1270.0 1361.0
1179.0 1270.0 1361.0
1179.0 1270.0 1361.0
1179.0 1270.0 1361.0
1179.0 1270.0 1361.0
1179.0 1270.0 1361.0
1179.0 1270.0 1361.0
1179.0 1270.0 1361.0
1179.0 1270.0 1361.0
1179.0 1270.0 1361.0
1179.0 1270.0 1361.0
1179.0 1270.0 1361.0
1179.0 1270.0 1361.0
1179.0 1270.0 1361.0
1179.0 1270.0 1361.0
1179.0 1270.0 1361.0
1179.0 1270.0 1361.0
1179.0 1270.0 1361.0
1179.0 1270.0 1361.0
1179.0 1270.0 1361.0
1179.0 1270.0 1361.0
1179.0 1270.0 1361.0
1179.0 1270.0 1361.0
1179.0 1270.0 1361.0
1179.0 1270.0 1361.0
1179.0 1270.0 1361.0
1179.0 1270.0 1361.0
1179.0 1270.0 1361.0
1179.0 1270.0 1361.0
1179.0 1270.0 1361.0
1179.0 1270.0 1361.0
1179.0 1270.0 1361.0
1179.0 1270.0 1361.0
1179.0 1270.0 1361.0
1179.0 1270.0 1361.0
1179.0 1270.0 1361.0
1179.0 1270.0 1361.0
1179.0 1270.0 1361.0
1179.0 1270.0 1361.0
1179.0 1270.0 1361.0
1179.0 1270.0 1361.0
1179.0 1270.0 1361.0
1179.0 1270.0 1361.0
1179.0 1270.0 1361.0
1179.0 1270.0 1361.0
1179.0 1270.0 1361.0
1179.0 1270.0 1361.0
1179.0 1270.0 1361.0
