13993.0 14149.0 14305.0
11301.0 11475.5 11650.0
8699.0 9176.5 9654.0
6699.0 6882.5 7066.0
5205.0 6053.0 6901.0
4620.0 5144.5 5669.0
3874.0 4366.0 4858.0
2285.0 3214.5 4144.0
2285.0 3016.5 3748.0
2246.0 2265.5 2285.0
2246.0 2265.5 2285.0
2014.0 2149.5 2285.0
2014.0 2149.5 2285.0
2014.0 2149.5 2285.0
2014.0 2149.5 2285.0
2014.0 2149.5 2285.0
2014.0 2149.5 2285.0
2014.0 2149.5 2285.0
2014.0 2149.5 2285.0
1577.0 1931.0 2285.0
1577.0 1660.0 1743.0
1249.0 1624.0 1999.0
1249.0 1624.0 1999.0
1249.0 1624.0 1999.0
1249.0 1624.0 1999.0
1249.0 1624.0 1999.0
1249.0 1624.0 1999.0
1249.0 1624.0 1999.0
1249.0 1624.0 1999.0
1249.0 1624.0 1999.0
1249.0 1584.5 1920.0
1249.0 1584.5 1920.0
1249.0 1584.5 1920.0
1249.0 1584.5 1920.0
1249.0 1584.5 1920.0
1249.0 1584.5 1920.0
1249.0 1584.5 1920.0
1249.0 1584.5 1920.0
1249.0 1584.5 1920.0
1249.0 1584.5 1920.0
1249.0 1584.5 1920.0
1249.0 1584.5 1920.0
1349.0 1634.5 1920.0
1349.0 1634.5 1920.0
1204.0 1562.0 1920.0
1200.0 1560.0 1920.0
1200.0 1560.0 1920.0
1200.0 1560.0 1920.0
1200.0 1560.0 1920.0
1200.0 1560.0 1920.0
1200.0 1560.0 1920.0
1200.0 1560.0 1920.0
1200.0 1560.0 1920.0
1200.0 1560.0 1920.0
1200.0 1560.0 1920.0
1200.0 1560.0 1920.0
1200.0 1560.0 1920.0
1200.0 1560.0 1920.0
1200.0 1560.0 1920.0
1200.0 1560.0 1920.0
1200.0 1560.0 1920.0
1200.0 1560.0 1920.0
1200.0 1560.0 1920.0
1200.0 1560.0 1920.0
1200.0 1560.0 1920.0
1200.0 1560.0 1920.0
1200.0 1560.0 1920.0
1200.0 1560.0 1920.0
1200.0 1560.0 1920.0
1200.0 1560.0 1920.0
1200.0 1560.0 1920.0
1200.0 1560.0 1920.0
1200.0 1560.0 1920.0
1200.0 1560.0 1920.0
1200.0 1560.0 1920.0
1200.0 1560.0 1920.0
1200.0 1560.0 1920.0
1200.0 1560.0 1920.0
1200.0 1560.0 1920.0
1200.0 1560.0 1920.0
1200.0 1560.0 1920.0
1200.0 1560.0 1920.0
1200.0 1560.0 1920.0
1200.0 1560.0 1920.0
1200.0 1560.0 1920.0
1200.0 1560.0 1920.0
1200.0 1560.0 1920.0
1200.0 1560.0 1920.0
1200.0 1560.0 1920.0
1200.0 1560.0 1920.0
1200.0 1560.0 1920.0
1200.0 1560.0 1920.0
1200.0 1560.0 1920.0
1200.0 1560.0 1920.0
1200.0 1560.0 1920.0
1200.0 1560.0 1920.0
1200.0 1560.0 1920.0
1200.0 1560.0 1920.0
1200.0 1560.0 1920.0
1200.0 1560.0 1920.0
1200.0 1560.0 1920.0
1200.0 1560.0 1920.0
1200.0 1560.0 1920.0
1200.0 1560.0 1920.0
1200.0 1560.0 1920.0
1200.0 1560.0 1920.0
1200.0 1522.5 1845.0
1200.0 1390.0 1580.0
1200.0 1390.0 1580.0
1200.0 1390.0 1580.0
1200.0 1390.0 1580.0
1200.0 1390.0 1580.0
1200.0 1390.0 1580.0
1200.0 1390.0 1580.0
1200.0 1390.0 1580.0
1200.0 1390.0 1580.0
1200.0 1390.0 1580.0
1200.0 1390.0 1580.0
1200.0 1390.0 1580.0
1200.0 1390.0 1580.0
1200.0 1390.0 1580.0
1200.0 1390.0 1580.0
1200.0 1390.0 1580.0
1200.0 1390.0 1580.0
1200.0 1390.0 1580.0
1200.0 1390.0 1580.0
1200.0 1390.0 1580.0
1200.0 1390.0 1580.0
1200.0 1390.0 1580.0
1200.0 1390.0 1580.0
1200.0 1390.0 1580.0
1200.0 1390.0 1580.0
1200.0 1390.0 1580.0
1200.0 1390.0 1580.0
1200.0 1390.0 1580.0
1200.0 1390.0 1580.0
1200.0 1390.0 1580.0
1200.0 1390.0 1580.0
1200.0 1390.0 1580.0
1200.0 1390.0 1580.0
1200.0 1390.0 1580.0
1200.0 1390.0 1580.0
1200.0 1390.0 1580.0
1200.0 1390.0 1580.0
1200.0 1390.0 1580.0
1200.0 1390.0 1580.0
1200.0 1390.0 1580.0
1200.0 1390.0 1580.0
1200.0 1390.0 1580.0
1200.0 1390.0 1580.0
1200.0 1390.0 1580.0
1200.0 1390.0 1580.0
1200.0 1390.0 1580.0
1200.0 1390.0 1580.0
1200.0 1390.0 1580.0
1200.0 1390.0 1580.0
1200.0 1390.0 1580.0
1200.0 1390.0 1580.0
1200.0 1390.0 1580.0
1200.0 1390.0 1580.0
1200.0 1390.0 1580.0
1200.0 1390.0 1580.0
1200.0 1390.0 1580.0
1200.0 1390.0 1580.0
1200.0 1390.0 1580.0
1200.0 1390.0 1580.0
1200.0 1390.0 1580.0
1200.0 1390.0 1580.0
1200.0 1390.0 1580.0
1200.0 1390.0 1580.0
1200.0 1390.0 1580.0
1200.0 1390.0 1580.0
1200.0 1390.0 1580.0
1200.0 1390.0 1580.0
1200.0 1390.0 1580.0
1200.0 1390.0 1580.0
1200.0 1390.0 1580.0
1200.0 1390.0 1580.0
1200.0 1390.0 1580.0
1200.0 1390.0 1580.0
1200.0 1390.0 1580.0
1200.0 1390.0 1580.0
1200.0 1390.0 1580.0
1200.0 1390.0 1580.0
1200.0 1390.0 1580.0
1200.0 1390.0 1580.0
1200.0 1390.0 1580.0
1200.0 1390.0 1580.0
1200.0 1390.0 1580.0
1200.0 1390.0 1580.0
1200.0 1390.0 1580.0
1200.0 1390.0 1580.0
1200.0 1390.0 1580.0
1200.0 1390.0 1580.0
1200.0 1390.0 1580.0
1200.0 1390.0 1580.0
1200.0 1390.0 1580.0
1200.0 1390.0 1580.0
1200.0 1390.0 1580.0
1200.0 1390.0 1580.0
