13862.0 14150.0 14438.0
11120.0 11812.0 12504.0
10392.0 10599.0 10806.0
8912.0 9255.5 9599.0
5852.0 7131.5 8411.0
4471.0 5212.5 5954.0
3963.0 4994.0 6025.0
3963.0 4045.0 4127.0
3437.0 3782.0 4127.0
3128.0 3161.0 3194.0
3128.0 3161.0 3194.0
2901.0 3047.5 3194.0
1992.0 2874.5 3757.0
1717.0 2277.0 2837.0
1868.0 2352.5 2837.0
1868.0 2352.5 2837.0
1868.0 2352.5 2837.0
1868.0 1911.5 1955.0
1868.0 1911.5 1955.0
1868.0 1911.5 1955.0
1868.0 1911.5 1955.0
1868.0 1911.5 1955.0
1868.0 1911.5 1955.0
1868.0 1911.5 1955.0
1868.0 1911.5 1955.0
1868.0 1911.5 1955.0
1868.0 1911.5 1955.0
1868.0 1911.5 1955.0
1868.0 1911.5 1955.0
1868.0 1911.5 1955.0
1868.0 1911.5 1955.0
1868.0 1911.5 1955.0
1868.0 1911.5 1955.0
1868.0 1911.5 1955.0
1755.0 1811.5 1868.0
1755.0 1811.5 1868.0
1755.0 1811.5 1868.0
1755.0 1811.5 1868.0
1755.0 1811.5 1868.0
1755.0 1811.5 1868.0
1755.0 1811.5 1868.0
1755.0 1811.5 1868.0
1755.0 1811.5 1868.0
1755.0 1811.5 1868.0
1755.0 1811.5 1868.0
1755.0 1811.5 1868.0
1755.0 1811.5 1868.0
1755.0 1811.5 1868.0
1755.0 1811.5 1868.0
1755.0 1811.5 1868.0
1755.0 1811.5 1868.0
1755.0 1811.5 1868.0
1755.0 1811.5 1868.0
1755.0 1811.5 1868.0
1755.0 1811.5 1868.0
1755.0 1811.5 1868.0
1755.0 1811.5 1868.0
1755.0 1811.5 1868.0
1755.0 1811.5 1868.0
1755.0 1811.5 1868.0
1755.0 1811.5 1868.0
1755.0 1811.5 1868.0
1755.0 1811.5 1868.0
1755.0 1811.5 1868.0
1755.0 1811.5 1868.0
1755.0 1811.5 1868.0
1755.0 1811.5 1868.0
1755.0 1811.5 1868.0
1755.0 1811.5 1868.0
1755.0 1811.5 1868.0
1755.0 1811.5 1868.0
1755.0 1811.5 1868.0
1755.0 1811.5 1868.0
1755.0 1811.5 1868.0
1755.0 1811.5 1868.0
1755.0 1811.5 1868.0
1755.0 1811.5 1868.0
1755.0 1811.5 1868.0
1755.0 1811.5 1868.0
1755.0 1811.5 1868.0
1755.0 1811.5 1868.0
1755.0 1811.5 1868.0
1755.0 1811.5 1868.0
1755.0 1811.5 1868.0
1755.0 1811.5 1868.0
1755.0 1811.5 1868.0
1755.0 1811.5 1868.0
1755.0 1811.5 1868.0
1755.0 1811.5 1868.0
1755.0 1811.5 1868.0
1755.0 1811.5 1868.0
1755.0 1811.5 1868.0
1755.0 1811.5 1868.0
1755.0 1811.5 1868.0
1755.0 1811.5 1868.0
1755.0 1811.5 1868.0
1755.0 1811.5 1868.0
1755.0 1811.5 1868.0
1755.0 1811.5 1868.0
1755.0 1811.5 1868.0
1755.0 1811.5 1868.0
1755.0 1811.5 1868.0
1755.0 1811.5 1868.0
1755.0 1811.5 1868.0
1755.0 1811.5 1868.0
1755.0 1811.5 1868.0
1755.0 1811.5 1868.0
1755.0 1811.5 1868.0
1755.0 1811.5 1868.0
1755.0 1811.5 1868.0
1755.0 1811.5 1868.0
1755.0 1811.5 1868.0
1755.0 1811.5 1868.0
1755.0 1811.5 1868.0
1755.0 1811.5 1868.0
1755.0 1811.5 1868.0
1346.0 1607.0 1868.0
1346.0 1607.0 1868.0
1346.0 1607.0 1868.0
1346.0 1607.0 1868.0
1346.0 1607.0 1868.0
1346.0 1607.0 1868.0
1346.0 1607.0 1868.0
1346.0 1607.0 1868.0
1346.0 1607.0 1868.0
1346.0 1607.0 1868.0
1346.0 1607.0 1868.0
1346.0 1607.0 1868.0
1346.0 1607.0 1868.0
1346.0 1607.0 1868.0
1346.0 1607.0 1868.0
1346.0 1607.0 1868.0
1346.0 1607.0 1868.0
1346.0 1607.0 1868.0
1346.0 1607.0 1868.0
1346.0 1607.0 1868.0
1346.0 1607.0 1868.0
1346.0 1607.0 1868.0
1346.0 1607.0 1868.0
1346.0 1607.0 1868.0
1346.0 1607.0 1868.0
1346.0 1607.0 1868.0
1346.0 1607.0 1868.0
1346.0 1607.0 1868.0
1346.0 1607.0 1868.0
1346.0 1607.0 1868.0
1346.0 1607.0 1868.0
1346.0 1607.0 1868.0
1346.0 1607.0 1868.0
1346.0 1607.0 1868.0
1346.0 1607.0 1868.0
1346.0 1607.0 1868.0
1346.0 1607.0 1868.0
1346.0 1607.0 1868.0
1346.0 1607.0 1868.0
1346.0 1607.0 1868.0
1346.0 1607.0 1868.0
1346.0 1607.0 1868.0
1346.0 1607.0 1868.0
1346.0 1607.0 1868.0
1346.0 1607.0 1868.0
1346.0 1607.0 1868.0
1346.0 1607.0 1868.0
1346.0 1607.0 1868.0
1346.0 1607.0 1868.0
1346.0 1607.0 1868.0
1346.0 1607.0 1868.0
1346.0 1607.0 1868.0
1346.0 1607.0 1868.0
1346.0 1607.0 1868.0
1346.0 1607.0 1868.0
1346.0 1607.0 1868.0
1346.0 1607.0 1868.0
1346.0 1607.0 1868.0
1346.0 1607.0 1868.0
1346.0 1607.0 1868.0
1346.0 1607.0 1868.0
1346.0 1607.0 1868.0
1346.0 1607.0 1868.0
1346.0 1607.0 1868.0
1346.0 1607.0 1868.0
1346.0 1607.0 1868.0
1346.0 1607.0 1868.0
1346.0 1607.0 1868.0
1346.0 1607.0 1868.0
1346.0 1607.0 1868.0
1346.0 1607.0 1868.0
1346.0 1607.0 1868.0
1346.0 1607.0 1868.0
1346.0 1607.0 1868.0
1346.0 1607.0 1868.0
1346.0 1607.0 1868.0
1346.0 1607.0 1868.0
1346.0 1607.0 1868.0
1346.0 1371.0 1396.0
1193.0 1269.5 1346.0
1193.0 1269.5 1346.0
1193.0 1269.5 1346.0
1193.0 1269.5 1346.0
1193.0 1269.5 1346.0
