13726.0 14501.5 15277.0
12638.0 13472.0 14306.0
8949.0 10812.5 12676.0
7284.0 7944.5 8605.0
5898.0 7726.0 9554.0
4677.0 5593.0 6509.0
6101.0 6372.5 6644.0
4153.0 4533.0 4913.0
2836.0 3398.0 3960.0
2493.0 2599.5 2706.0
2493.0 2599.5 2706.0
2296.0 2394.5 2493.0
2296.0 2745.0 3194.0
2060.0 2178.0 2296.0
2060.0 2178.0 2296.0
2060.0 2178.0 2296.0
2060.0 2178.0 2296.0
1852.0 1956.0 2060.0
1880.0 1970.0 2060.0
1909.0 1984.5 2060.0
1909.0 1984.5 2060.0
1909.0 1984.5 2060.0
1707.0 1808.0 1909.0
1129.0 1519.0 1909.0
1129.0 1519.0 1909.0
1129.0 1519.0 1909.0
1129.0 1519.0 1909.0
1129.0 1519.0 1909.0
1129.0 1519.0 1909.0
1129.0 1519.0 1909.0
1129.0 1519.0 1909.0
1129.0 1519.0 1909.0
1129.0 1519.0 1909.0
1129.0 1519.0 1909.0
1129.0 1519.0 1909.0
1129.0 1519.0 1909.0
1129.0 1519.0 1909.0
1129.0 1519.0 1909.0
1129.0 1372.0 1615.0
1129.0 1372.0 1615.0
1129.0 1372.0 1615.0
1129.0 1372.0 1615.0
1129.0 1372.0 1615.0
1129.0 1372.0 1615.0
1129.0 1372.0 1615.0
1129.0 1372.0 1615.0
1129.0 1372.0 1615.0
1129.0 1372.0 1615.0
1129.0 1372.0 1615.0
1129.0 1372.0 1615.0
1129.0 1372.0 1615.0
1129.0 1372.0 1615.0
1129.0 1372.0 1615.0
1129.0 1372.0 1615.0
1129.0 1372.0 1615.0
1129.0 1372.0 1615.0
1129.0 1372.0 1615.0
1129.0 1372.0 1615.0
1129.0 1372.0 1615.0
1129.0 1372.0 1615.0
1129.0 1372.0 1615.0
1129.0 1372.0 1615.0
1129.0 1372.0 1615.0
1129.0 1372.0 1615.0
1129.0 1372.0 1615.0
1129.0 1372.0 1615.0
1129.0 1372.0 1615.0
1129.0 1372.0 1615.0
1129.0 1372.0 1615.0
1129.0 1372.0 1615.0
1129.0 1372.0 1615.0
1129.0 1372.0 1615.0
1129.0 1372.0 1615.0
1129.0 1372.0 1615.0
1129.0 1372.0 1615.0
1129.0 1372.0 1615.0
1129.0 1372.0 1615.0
1129.0 1372.0 1615.0
1129.0 1372.0 1615.0
1129.0 1372.0 1615.0
1129.0 1372.0 1615.0
1129.0 1372.0 1615.0
1129.0 1372.0 1615.0
1129.0 1372.0 1615.0
1129.0 1372.0 1615.0
1129.0 1372.0 1615.0
1129.0 1372.0 1615.0
1129.0 1372.0 1615.0
1129.0 1372.0 1615.0
1129.0 1372.0 1615.0
1129.0 1372.0 1615.0
1129.0 1372.0 1615.0
1129.0 1372.0 1615.0
1129.0 1372.0 1615.0
1129.0 1372.0 1615.0
1129.0 1372.0 1615.0
1129.0 1372.0 1615.0
1129.0 1372.0 1615.0
1129.0 1372.0 1615.0
1129.0 1372.0 1615.0
1129.0 1372.0 1615.0
1129.0 1372.0 1615.0
1129.0 1383.5 1638.0
1129.0 1383.5 1638.0
1129.0 1383.5 1638.0
1129.0 1383.5 1638.0
1129.0 1383.5 1638.0
1129.0 1383.5 1638.0
1129.0 1383.5 1638.0
1129.0 1383.5 1638.0
1129.0 1383.5 1638.0
1129.0 1383.5 1638.0
1129.0 1383.5 1638.0
1129.0 1383.5 1638.0
1129.0 1383.5 1638.0
1129.0 1383.5 1638.0
1129.0 1383.5 1638.0
1129.0 1383.5 1638.0
1129.0 1383.5 1638.0
1129.0 1383.5 1638.0
964.0 1301.0 1638.0
964.0 1301.0 1638.0
964.0 1301.0 1638.0
964.0 1301.0 1638.0
964.0 1301.0 1638.0
964.0 1301.0 1638.0
964.0 1301.0 1638.0
964.0 1301.0 1638.0
964.0 1301.0 1638.0
964.0 1301.0 1638.0
964.0 1301.0 1638.0
964.0 1301.0 1638.0
964.0 1301.0 1638.0
964.0 1301.0 1638.0
964.0 1301.0 1638.0
964.0 1301.0 1638.0
964.0 1301.0 1638.0
964.0 1301.0 1638.0
964.0 1301.0 1638.0
964.0 1301.0 1638.0
964.0 1301.0 1638.0
964.0 1301.0 1638.0
964.0 1301.0 1638.0
964.0 1301.0 1638.0
964.0 1301.0 1638.0
964.0 1301.0 1638.0
964.0 1301.0 1638.0
964.0 1301.0 1638.0
964.0 1301.0 1638.0
964.0 1301.0 1638.0
964.0 1301.0 1638.0
964.0 1301.0 1638.0
964.0 1301.0 1638.0
964.0 1301.0 1638.0
964.0 1301.0 1638.0
964.0 1301.0 1638.0
964.0 1301.0 1638.0
964.0 1301.0 1638.0
964.0 1301.0 1638.0
964.0 1301.0 1638.0
964.0 1301.0 1638.0
964.0 1301.0 1638.0
964.0 1301.0 1638.0
964.0 1301.0 1638.0
964.0 1301.0 1638.0
964.0 1301.0 1638.0
964.0 1301.0 1638.0
964.0 1301.0 1638.0
964.0 1301.0 1638.0
964.0 1301.0 1638.0
964.0 1301.0 1638.0
964.0 1301.0 1638.0
964.0 1301.0 1638.0
964.0 1301.0 1638.0
964.0 1301.0 1638.0
964.0 1301.0 1638.0
964.0 1301.0 1638.0
964.0 1301.0 1638.0
964.0 1301.0 1638.0
964.0 1301.0 1638.0
964.0 1301.0 1638.0
964.0 1301.0 1638.0
964.0 1301.0 1638.0
964.0 1301.0 1638.0
964.0 1301.0 1638.0
964.0 1301.0 1638.0
964.0 1301.0 1638.0
964.0 1301.0 1638.0
964.0 1301.0 1638.0
964.0 1301.0 1638.0
964.0 1301.0 1638.0
964.0 1301.0 1638.0
964.0 1301.0 1638.0
964.0 1301.0 1638.0
964.0 1301.0 1638.0
964.0 1301.0 1638.0
964.0 1301.0 1638.0
964.0 1301.0 1638.0
964.0 1301.0 1638.0
964.0 1301.0 1638.0
