12916.0 13315.0 13714.0
11043.0 11832.0 12621.0
10231.0 10958.0 11685.0
7056.0 7660.0 8264.0
4723.0 5426.0 6129.0
4723.0 4946.0 5169.0
3747.0 3902.0 4057.0
3747.0 3847.0 3947.0
3002.0 3369.0 3736.0
2774.0 2968.0 3162.0
2400.0 2587.0 2774.0
1799.0 2286.5 2774.0
1799.0 2267.0 2735.0
1757.0 2025.0 2293.0
1757.0 2025.0 2293.0
1407.0 1850.0 2293.0
1407.0 1850.0 2293.0
1407.0 1850.0 2293.0
1407.0 1850.0 2293.0
1407.0 1850.0 2293.0
1407.0 1850.0 2293.0
1407.0 1850.0 2293.0
1407.0 1850.0 2293.0
1407.0 1850.0 2293.0
1407.0 1850.0 2293.0
1407.0 1850.0 2293.0
1407.0 1850.0 2293.0
1407.0 1533.0 1659.0
1407.0 1471.5 1536.0
1151.0 1279.0 1407.0
1151.0 1279.0 1407.0
1137.0 1272.0 1407.0
1137.0 1272.0 1407.0
949.0 1178.0 1407.0
949.0 1178.0 1407.0
949.0 1178.0 1407.0
949.0 1178.0 1407.0
949.0 1178.0 1407.0
949.0 1178.0 1407.0
949.0 1178.0 1407.0
949.0 1178.0 1407.0
949.0 1178.0 1407.0
949.0 1178.0 1407.0
949.0 1178.0 1407.0
949.0 1178.0 1407.0
949.0 1178.0 1407.0
949.0 1178.0 1407.0
949.0 1178.0 1407.0
949.0 1178.0 1407.0
949.0 1178.0 1407.0
949.0 1178.0 1407.0
949.0 1178.0 1407.0
949.0 1178.0 1407.0
949.0 1178.0 1407.0
949.0 1178.0 1407.0
949.0 1178.0 1407.0
949.0 1178.0 1407.0
949.0 1178.0 1407.0
949.0 1178.0 1407.0
949.0 1178.0 1407.0
949.0 1178.0 1407.0
949.0 1178.0 1407.0
949.0 1178.0 1407.0
949.0 1178.0 1407.0
949.0 1178.0 1407.0
949.0 1178.0 1407.0
949.0 1178.0 1407.0
949.0 1178.0 1407.0
949.0 1178.0 1407.0
949.0 1178.0 1407.0
949.0 1178.0 1407.0
949.0 1178.0 1407.0
949.0 1178.0 1407.0
949.0 1178.0 1407.0
949.0 1178.0 1407.0
949.0 1178.0 1407.0
949.0 1178.0 1407.0
949.0 1178.0 1407.0
949.0 1178.0 1407.0
949.0 1178.0 1407.0
949.0 1178.0 1407.0
949.0 1178.0 1407.0
949.0 1031.5 1114.0
949.0 955.0 961.0
949.0 955.0 961.0
949.0 955.0 961.0
949.0 955.0 961.0
949.0 955.0 961.0
949.0 955.0 961.0
949.0 955.0 961.0
949.0 955.0 961.0
949.0 955.0 961.0
949.0 955.0 961.0
949.0 955.0 961.0
949.0 955.0 961.0
949.0 955.0 961.0
949.0 955.0 961.0
949.0 955.0 961.0
949.0 955.0 961.0
949.0 955.0 961.0
949.0 955.0 961.0
949.0 955.0 961.0
949.0 955.0 961.0
949.0 955.0 961.0
949.0 955.0 961.0
949.0 955.0 961.0
949.0 955.0 961.0
949.0 955.0 961.0
949.0 955.0 961.0
949.0 955.0 961.0
949.0 955.0 961.0
949.0 955.0 961.0
949.0 955.0 961.0
949.0 955.0 961.0
949.0 955.0 961.0
949.0 955.0 961.0
949.0 955.0 961.0
949.0 955.0 961.0
949.0 955.0 961.0
949.0 955.0 961.0
949.0 955.0 961.0
949.0 955.0 961.0
949.0 955.0 961.0
949.0 955.0 961.0
949.0 955.0 961.0
949.0 955.0 961.0
949.0 955.0 961.0
949.0 955.0 961.0
949.0 955.0 961.0
949.0 955.0 961.0
949.0 955.0 961.0
949.0 955.0 961.0
949.0 955.0 961.0
949.0 955.0 961.0
949.0 955.0 961.0
949.0 955.0 961.0
949.0 955.0 961.0
949.0 955.0 961.0
949.0 955.0 961.0
949.0 955.0 961.0
949.0 955.0 961.0
949.0 955.0 961.0
949.0 955.0 961.0
949.0 955.0 961.0
949.0 955.0 961.0
949.0 955.0 961.0
949.0 955.0 961.0
949.0 955.0 961.0
949.0 955.0 961.0
949.0 955.0 961.0
949.0 955.0 961.0
949.0 955.0 961.0
949.0 955.0 961.0
949.0 955.0 961.0
949.0 955.0 961.0
949.0 955.0 961.0
949.0 955.0 961.0
949.0 955.0 961.0
949.0 955.0 961.0
949.0 955.0 961.0
949.0 955.0 961.0
949.0 955.0 961.0
949.0 955.0 961.0
949.0 955.0 961.0
949.0 955.0 961.0
949.0 955.0 961.0
949.0 955.0 961.0
949.0 955.0 961.0
949.0 955.0 961.0
949.0 955.0 961.0
949.0 955.0 961.0
949.0 955.0 961.0
949.0 955.0 961.0
949.0 955.0 961.0
949.0 955.0 961.0
949.0 955.0 961.0
949.0 955.0 961.0
949.0 955.0 961.0
949.0 955.0 961.0
949.0 955.0 961.0
949.0 955.0 961.0
949.0 955.0 961.0
949.0 955.0 961.0
949.0 955.0 961.0
949.0 955.0 961.0
949.0 955.0 961.0
949.0 955.0 961.0
949.0 955.0 961.0
949.0 955.0 961.0
949.0 955.0 961.0
949.0 955.0 961.0
949.0 955.0 961.0
949.0 955.0 961.0
949.0 955.0 961.0
949.0 955.0 961.0
949.0 955.0 961.0
949.0 955.0 961.0
949.0 955.0 961.0
949.0 955.0 961.0
949.0 955.0 961.0
