11305.0 12127.0 12949.0
9485.0 10412.5 11340.0
6399.0 8641.0 10883.0
6399.0 6904.5 7410.0
5976.0 6435.0 6894.0
4577.0 5346.5 6116.0
3156.0 4183.5 5211.0
3156.0 4172.5 5189.0
3156.0 4172.5 5189.0
1912.0 2534.0 3156.0
1912.0 2534.0 3156.0
1912.0 2534.0 3156.0
1912.0 2534.0 3156.0
1912.0 2534.0 3156.0
1912.0 2534.0 3156.0
1912.0 2460.0 3008.0
1912.0 2218.5 2525.0
1912.0 2218.5 2525.0
1912.0 2218.5 2525.0
2386.0 2455.5 2525.0
2041.0 2283.0 2525.0
2041.0 2283.0 2525.0
2041.0 2283.0 2525.0
2041.0 2647.0 3253.0
1848.0 2550.5 3253.0
1848.0 2550.5 3253.0
1848.0 2603.5 3359.0
1848.0 2603.5 3359.0
1848.0 2603.5 3359.0
1848.0 2603.5 3359.0
1848.0 2603.5 3359.0
1848.0 2603.5 3359.0
1848.0 2603.5 3359.0
1848.0 2353.0 2858.0
1848.0 2353.0 2858.0
1848.0 2353.0 2858.0
1848.0 1957.0 2066.0
1848.0 1957.0 2066.0
1848.0 1957.0 2066.0
1848.0 1957.0 2066.0
1848.0 1957.0 2066.0
1848.0 1957.0 2066.0
1848.0 1957.0 2066.0
1848.0 1957.0 2066.0
1848.0 1957.0 2066.0
1848.0 1957.0 2066.0
1848.0 1957.0 2066.0
1848.0 1957.0 2066.0
1848.0 1957.0 2066.0
1848.0 1957.0 2066.0
1848.0 1957.0 2066.0
1848.0 1957.0 2066.0
1848.0 1957.0 2066.0
1848.0 1957.0 2066.0
1848.0 1957.0 2066.0
1848.0 1957.0 2066.0
1848.0 1957.0 2066.0
1848.0 1957.0 2066.0
1848.0 1957.0 2066.0
1848.0 1957.0 2066.0
1848.0 1957.0 2066.0
1848.0 1957.0 2066.0
1848.0 1957.0 2066.0
1848.0 1957.0 2066.0
1848.0 1957.0 2066.0
1848.0 1957.0 2066.0
1848.0 1957.0 2066.0
1848.0 1957.0 2066.0
1848.0 1957.0 2066.0
1848.0 1957.0 2066.0
1848.0 1957.0 2066.0
1848.0 1957.0 2066.0
1848.0 1957.0 2066.0
1848.0 1957.0 2066.0
1848.0 1957.0 2066.0
1848.0 1957.0 2066.0
1848.0 1957.0 2066.0
1848.0 1957.0 2066.0
1848.0 1957.0 2066.0
1848.0 1957.0 2066.0
1848.0 1957.0 2066.0
1848.0 1957.0 2066.0
1848.0 1957.0 2066.0
1848.0 1957.0 2066.0
1848.0 1957.0 2066.0
1848.0 1957.0 2066.0
1848.0 1957.0 2066.0
1848.0 1957.0 2066.0
1848.0 1957.0 2066.0
1848.0 1957.0 2066.0
1848.0 1957.0 2066.0
1848.0 1957.0 2066.0
1848.0 1957.0 2066.0
1848.0 1957.0 2066.0
1848.0 1957.0 2066.0
1848.0 1957.0 2066.0
1848.0 1957.0 2066.0
1848.0 1957.0 2066.0
1848.0 1957.0 2066.0
1848.0 1957.0 2066.0
1848.0 1957.0 2066.0
1848.0 1957.0 2066.0
1848.0 1957.0 2066.0
1848.0 1957.0 2066.0
1848.0 1957.0 2066.0
1848.0 1957.0 2066.0
1848.0 1957.0 2066.0
1848.0 1957.0 2066.0
1848.0 1957.0 2066.0
1848.0 1957.0 2066.0
1848.0 1957.0 2066.0
1681.0 1764.5 1848.0
1681.0 1764.5 1848.0
1681.0 1764.5 1848.0
1681.0 1764.5 1848.0
1681.0 1764.5 1848.0
1681.0 1764.5 1848.0
1681.0 1764.5 1848.0
1681.0 1764.5 1848.0
1681.0 1764.5 1848.0
1681.0 1764.5 1848.0
1681.0 1764.5 1848.0
1681.0 1764.5 1848.0
1681.0 1764.5 1848.0
1681.0 1764.5 1848.0
1681.0 1764.5 1848.0
1681.0 1764.5 1848.0
1681.0 1764.5 1848.0
1681.0 1764.5 1848.0
1681.0 1764.5 1848.0
1681.0 1764.5 1848.0
1681.0 1764.5 1848.0
1681.0 1764.5 1848.0
1681.0 1764.5 1848.0
1681.0 1764.5 1848.0
1681.0 1764.5 1848.0
1681.0 1764.5 1848.0
1681.0 1764.5 1848.0
1681.0 1764.5 1848.0
1681.0 1764.5 1848.0
1681.0 1764.5 1848.0
1681.0 1764.5 1848.0
1681.0 1764.5 1848.0
1681.0 1764.5 1848.0
1681.0 1764.5 1848.0
1586.0 1633.5 1681.0
808.0 1244.5 1681.0
808.0 1244.5 1681.0
808.0 1244.5 1681.0
808.0 1244.5 1681.0
808.0 1244.5 1681.0
808.0 1244.5 1681.0
808.0 1244.5 1681.0
808.0 1244.5 1681.0
808.0 1244.5 1681.0
808.0 1244.5 1681.0
808.0 1244.5 1681.0
808.0 1244.5 1681.0
808.0 1244.5 1681.0
808.0 1244.5 1681.0
808.0 1244.5 1681.0
808.0 1244.5 1681.0
808.0 1244.5 1681.0
808.0 1244.5 1681.0
808.0 1244.5 1681.0
808.0 1244.5 1681.0
808.0 1244.5 1681.0
808.0 1244.5 1681.0
808.0 1244.5 1681.0
808.0 1244.5 1681.0
808.0 1244.5 1681.0
808.0 1244.5 1681.0
808.0 1244.5 1681.0
808.0 1244.5 1681.0
808.0 1244.5 1681.0
808.0 1244.5 1681.0
808.0 1244.5 1681.0
808.0 1244.5 1681.0
808.0 1244.5 1681.0
808.0 1244.5 1681.0
808.0 982.0 1156.0
808.0 982.0 1156.0
808.0 982.0 1156.0
808.0 982.0 1156.0
808.0 982.0 1156.0
808.0 982.0 1156.0
808.0 982.0 1156.0
808.0 982.0 1156.0
808.0 982.0 1156.0
808.0 982.0 1156.0
808.0 982.0 1156.0
808.0 982.0 1156.0
808.0 982.0 1156.0
808.0 982.0 1156.0
808.0 982.0 1156.0
808.0 982.0 1156.0
808.0 982.0 1156.0
808.0 982.0 1156.0
808.0 982.0 1156.0
808.0 982.0 1156.0
