11909.0 12945.5 13982.0
7548.0 7788.0 8028.0
6677.0 7518.0 8359.0
4830.0 4956.0 5082.0
3801.0 4144.0 4487.0
3801.0 4064.0 4327.0
1953.0 2433.0 2913.0
1416.0 1799.5 2183.0
1416.0 1758.0 2100.0
1423.0 1730.5 2038.0
1423.0 1730.5 2038.0
1423.0 1558.5 1694.0
1423.0 1558.5 1694.0
1423.0 1558.5 1694.0
1423.0 1558.5 1694.0
1423.0 1558.5 1694.0
1423.0 1558.5 1694.0
1423.0 1558.5 1694.0
1423.0 1558.5 1694.0
1423.0 1558.5 1694.0
1423.0 1558.5 1694.0
1423.0 1558.5 1694.0
1423.0 1558.5 1694.0
1423.0 1558.5 1694.0
1423.0 1558.5 1694.0
1423.0 1558.5 1694.0
1423.0 1558.5 1694.0
1423.0 1558.5 1694.0
1423.0 1558.5 1694.0
1423.0 1558.5 1694.0
1423.0 1558.5 1694.0
1423.0 1558.5 1694.0
1423.0 1558.5 1694.0
1423.0 1558.5 1694.0
1423.0 1558.5 1694.0
1423.0 1558.5 1694.0
1423.0 1558.5 1694.0
1423.0 1558.5 1694.0
1423.0 1558.5 1694.0
1423.0 1558.5 1694.0
1423.0 1558.5 1694.0
1423.0 1558.5 1694.0
1423.0 1558.5 1694.0
1423.0 1558.5 1694.0
1423.0 1558.5 1694.0
1423.0 1558.5 1694.0
1423.0 1558.5 1694.0
1423.0 1558.5 1694.0
1423.0 1558.5 1694.0
1423.0 1558.5 1694.0
1423.0 1558.5 1694.0
1423.0 1558.5 1694.0
1423.0 1558.5 1694.0
1423.0 1558.5 1694.0
1423.0 1558.5 1694.0
1423.0 1558.5 1694.0
1423.0 1558.5 1694.0
1423.0 1558.5 1694.0
1423.0 1558.5 1694.0
1423.0 1558.5 1694.0
1423.0 1558.5 1694.0
1423.0 1558.5 1694.0
1422.0 1422.5 1423.0
1422.0 1422.5 1423.0
1422.0 1422.5 1423.0
1423.0 1492.0 1561.0
1423.0 1492.0 1561.0
1423.0 1492.0 1561.0
1423.0 1492.0 1561.0
1423.0 1492.0 1561.0
1423.0 1492.0 1561.0
1423.0 1492.0 1561.0
1423.0 1492.0 1561.0
1423.0 1492.0 1561.0
1423.0 1492.0 1561.0
1423.0 1492.0 1561.0
1423.0 1492.0 1561.0
1423.0 1492.0 1561.0
1423.0 1492.0 1561.0
1423.0 1492.0 1561.0
1423.0 1492.0 1561.0
1423.0 1492.0 1561.0
1423.0 1492.0 1561.0
1423.0 1492.0 1561.0
1423.0 1492.0 1561.0
1423.0 1492.0 1561.0
1423.0 1492.0 1561.0
1423.0 1492.0 1561.0
1423.0 1492.0 1561.0
1423.0 1492.0 1561.0
1423.0 1492.0 1561.0
1423.0 1492.0 1561.0
1423.0 1492.0 1561.0
1423.0 1492.0 1561.0
1423.0 1492.0 1561.0
1423.0 1492.0 1561.0
1423.0 1492.0 1561.0
1423.0 1492.0 1561.0
1423.0 1492.0 1561.0
1423.0 1492.0 1561.0
1423.0 1492.0 1561.0
1423.0 1492.0 1561.0
1423.0 1492.0 1561.0
1423.0 1492.0 1561.0
1423.0 1492.0 1561.0
1423.0 1492.0 1561.0
1423.0 1492.0 1561.0
1423.0 1492.0 1561.0
1423.0 1492.0 1561.0
1423.0 1492.0 1561.0
1423.0 1492.0 1561.0
1423.0 1492.0 1561.0
1423.0 1492.0 1561.0
1423.0 1492.0 1561.0
1423.0 1492.0 1561.0
1423.0 1492.0 1561.0
1423.0 1492.0 1561.0
1423.0 1492.0 1561.0
1423.0 1492.0 1561.0
1423.0 1492.0 1561.0
1423.0 1492.0 1561.0
1423.0 1492.0 1561.0
1423.0 1492.0 1561.0
1423.0 1492.0 1561.0
1423.0 1492.0 1561.0
1423.0 1492.0 1561.0
1423.0 1492.0 1561.0
1423.0 1492.0 1561.0
1423.0 1492.0 1561.0
1423.0 1492.0 1561.0
1423.0 1492.0 1561.0
1423.0 1492.0 1561.0
1423.0 1492.0 1561.0
1423.0 1492.0 1561.0
1423.0 1492.0 1561.0
1423.0 1492.0 1561.0
1423.0 1492.0 1561.0
1423.0 1492.0 1561.0
1423.0 1492.0 1561.0
1423.0 1492.0 1561.0
1423.0 1492.0 1561.0
1423.0 1492.0 1561.0
1423.0 1492.0 1561.0
1423.0 1492.0 1561.0
1423.0 1492.0 1561.0
1423.0 1492.0 1561.0
1423.0 1492.0 1561.0
1423.0 1492.0 1561.0
1423.0 1492.0 1561.0
1423.0 1492.0 1561.0
1423.0 1492.0 1561.0
1423.0 1492.0 1561.0
1423.0 1492.0 1561.0
1423.0 1492.0 1561.0
1423.0 1492.0 1561.0
1423.0 1492.0 1561.0
1423.0 1492.0 1561.0
1423.0 1492.0 1561.0
1423.0 1492.0 1561.0
1423.0 1492.0 1561.0
1423.0 1492.0 1561.0
1423.0 1492.0 1561.0
1423.0 1492.0 1561.0
1423.0 1492.0 1561.0
1423.0 1492.0 1561.0
1423.0 1492.0 1561.0
1423.0 1492.0 1561.0
1423.0 1492.0 1561.0
1423.0 1492.0 1561.0
1423.0 1492.0 1561.0
1423.0 1492.0 1561.0
1423.0 1492.0 1561.0
1423.0 1492.0 1561.0
1423.0 1492.0 1561.0
1423.0 1492.0 1561.0
1423.0 1492.0 1561.0
1423.0 1492.0 1561.0
1423.0 1492.0 1561.0
1423.0 1492.0 1561.0
1423.0 1492.0 1561.0
1423.0 1492.0 1561.0
1423.0 1492.0 1561.0
1423.0 1492.0 1561.0
1423.0 1492.0 1561.0
1423.0 1492.0 1561.0
1423.0 1492.0 1561.0
1423.0 1492.0 1561.0
1180.0 1370.5 1561.0
1180.0 1370.5 1561.0
1180.0 1370.5 1561.0
1180.0 1370.5 1561.0
1180.0 1370.5 1561.0
1180.0 1370.5 1561.0
1180.0 1370.5 1561.0
1180.0 1370.5 1561.0
1180.0 1370.5 1561.0
1180.0 1370.5 1561.0
1180.0 1370.5 1561.0
1180.0 1370.5 1561.0
1180.0 1370.5 1561.0
