14961.0 15932.5 16904.0
13328.0 13498.5 13669.0
8905.0 10408.0 11911.0
6474.0 7812.0 9150.0
5950.0 6316.0 6682.0
4871.0 5575.0 6279.0
4144.0 4939.0 5734.0
2827.0 4252.5 5678.0
3411.0 3798.0 4185.0
2221.0 2578.0 2935.0
2221.0 2578.0 2935.0
2349.0 2642.0 2935.0
2349.0 2642.0 2935.0
1917.0 2289.0 2661.0
1493.0 1832.5 2172.0
1363.0 1767.5 2172.0
1363.0 1767.5 2172.0
1050.0 1611.0 2172.0
1050.0 1611.0 2172.0
1050.0 1611.0 2172.0
1050.0 1611.0 2172.0
1050.0 1611.0 2172.0
1050.0 1611.0 2172.0
1050.0 1611.0 2172.0
1050.0 1611.0 2172.0
1050.0 1611.0 2172.0
1050.0 1611.0 2172.0
1050.0 1611.0 2172.0
1050.0 1611.0 2172.0
1050.0 1611.0 2172.0
1050.0 1611.0 2172.0
1050.0 1611.0 2172.0
1050.0 1611.0 2172.0
1050.0 1611.0 2172.0
1050.0 1611.0 2172.0
1050.0 1611.0 2172.0
1050.0 1611.0 2172.0
1050.0 1611.0 2172.0
1050.0 1611.0 2172.0
1050.0 1611.0 2172.0
1050.0 1611.0 2172.0
1050.0 1611.0 2172.0
1050.0 1611.0 2172.0
1050.0 1611.0 2172.0
1050.0 1611.0 2172.0
1050.0 1584.5 2119.0
1050.0 1584.5 2119.0
1050.0 1584.5 2119.0
1050.0 1584.5 2119.0
1050.0 1584.5 2119.0
1050.0 1584.5 2119.0
1050.0 1584.5 2119.0
1050.0 1584.5 2119.0
1050.0 1584.5 2119.0
1050.0 1165.5 1281.0
1050.0 1165.5 1281.0
1050.0 1286.5 1523.0
1050.0 1134.5 1219.0
1050.0 1134.5 1219.0
1050.0 1070.5 1091.0
1050.0 1070.5 1091.0
1050.0 1070.5 1091.0
1050.0 1070.5 1091.0
1050.0 1070.5 1091.0
1050.0 1070.5 1091.0
1050.0 1070.5 1091.0
1050.0 1070.5 1091.0
1050.0 1070.5 1091.0
1050.0 1070.5 1091.0
1050.0 1070.5 1091.0
1050.0 1070.5 1091.0
1050.0 1070.5 1091.0
1050.0 1070.5 1091.0
1050.0 1070.5 1091.0
1050.0 1070.5 1091.0
1050.0 1070.5 1091.0
1050.0 1070.5 1091.0
1050.0 1070.5 1091.0
1050.0 1070.5 1091.0
1050.0 1070.5 1091.0
1050.0 1070.5 1091.0
1050.0 1070.5 1091.0
1050.0 1070.5 1091.0
1050.0 1070.5 1091.0
1050.0 1070.5 1091.0
1050.0 1070.5 1091.0
1050.0 1070.5 1091.0
1050.0 1070.5 1091.0
1050.0 1070.5 1091.0
1050.0 1070.5 1091.0
1050.0 1070.5 1091.0
1050.0 1070.5 1091.0
1050.0 1070.5 1091.0
1050.0 1070.5 1091.0
1050.0 1070.5 1091.0
1050.0 1070.5 1091.0
1050.0 1070.5 1091.0
1050.0 1070.5 1091.0
1050.0 1070.5 1091.0
1050.0 1070.5 1091.0
1050.0 1070.5 1091.0
1050.0 1070.5 1091.0
1050.0 1070.5 1091.0
1050.0 1070.5 1091.0
1050.0 1070.5 1091.0
1050.0 1070.5 1091.0
1050.0 1070.5 1091.0
1050.0 1070.5 1091.0
1050.0 1070.5 1091.0
1050.0 1070.5 1091.0
1050.0 1070.5 1091.0
1050.0 1070.5 1091.0
1050.0 1070.5 1091.0
1050.0 1070.5 1091.0
1050.0 1070.5 1091.0
1050.0 1070.5 1091.0
1050.0 1070.5 1091.0
1050.0 1070.5 1091.0
1050.0 1070.5 1091.0
1050.0 1070.5 1091.0
1050.0 1070.5 1091.0
1050.0 1070.5 1091.0
1050.0 1070.5 1091.0
1050.0 1070.5 1091.0
1050.0 1070.5 1091.0
1050.0 1070.5 1091.0
1050.0 1070.5 1091.0
1050.0 1070.5 1091.0
1050.0 1070.5 1091.0
1050.0 1070.5 1091.0
1050.0 1070.5 1091.0
1050.0 1070.5 1091.0
1050.0 1070.5 1091.0
1050.0 1070.5 1091.0
1050.0 1070.5 1091.0
1050.0 1070.5 1091.0
1050.0 1070.5 1091.0
1050.0 1070.5 1091.0
1050.0 1070.5 1091.0
1050.0 1070.5 1091.0
1050.0 1070.5 1091.0
1050.0 1070.5 1091.0
1050.0 1070.5 1091.0
1050.0 1070.5 1091.0
1050.0 1070.5 1091.0
1050.0 1070.5 1091.0
1050.0 1070.5 1091.0
1050.0 1070.5 1091.0
1050.0 1070.5 1091.0
1050.0 1070.5 1091.0
1050.0 1070.5 1091.0
1050.0 1070.5 1091.0
1050.0 1070.5 1091.0
1050.0 1070.5 1091.0
1050.0 1070.5 1091.0
1050.0 1070.5 1091.0
1050.0 1070.5 1091.0
1050.0 1070.5 1091.0
1050.0 1070.5 1091.0
1050.0 1070.5 1091.0
1050.0 1070.5 1091.0
1050.0 1070.5 1091.0
1050.0 1070.5 1091.0
1050.0 1070.5 1091.0
1050.0 1070.5 1091.0
1050.0 1070.5 1091.0
1050.0 1070.5 1091.0
1050.0 1070.5 1091.0
1050.0 1070.5 1091.0
1050.0 1070.5 1091.0
1050.0 1070.5 1091.0
1050.0 1070.5 1091.0
1050.0 1070.5 1091.0
1050.0 1070.5 1091.0
1050.0 1070.5 1091.0
1050.0 1070.5 1091.0
1050.0 1070.5 1091.0
1050.0 1070.5 1091.0
1050.0 1070.5 1091.0
1050.0 1070.5 1091.0
1050.0 1070.5 1091.0
1050.0 1070.5 1091.0
1050.0 1070.5 1091.0
1050.0 1070.5 1091.0
1050.0 1070.5 1091.0
1050.0 1070.5 1091.0
1050.0 1070.5 1091.0
1050.0 1070.5 1091.0
1050.0 1070.5 1091.0
1050.0 1070.5 1091.0
1050.0 1070.5 1091.0
1050.0 1070.5 1091.0
1050.0 1070.5 1091.0
1050.0 1070.5 1091.0
1050.0 1070.5 1091.0
1050.0 1070.5 1091.0
1050.0 1070.5 1091.0
1050.0 1070.5 1091.0
1050.0 1070.5 1091.0
1050.0 1070.5 1091.0
