12331.0 12624.0 12917.0
10207.0 10889.0 11571.0
5732.0 6608.5 7485.0
4448.0 5039.5 5631.0
3752.0 3793.5 3835.0
1917.0 2492.0 3067.0
1917.0 2218.0 2519.0
1547.0 1627.5 1708.0
1417.0 1482.0 1547.0
1417.0 1482.0 1547.0
1417.0 1482.0 1547.0
1166.0 1356.5 1547.0
1166.0 1356.5 1547.0
1166.0 1356.5 1547.0
1166.0 1356.5 1547.0
1166.0 1356.5 1547.0
1166.0 1356.5 1547.0
1166.0 1356.5 1547.0
1166.0 1356.5 1547.0
1166.0 1356.5 1547.0
1166.0 1356.5 1547.0
1166.0 1356.5 1547.0
1166.0 1356.5 1547.0
1166.0 1356.5 1547.0
1166.0 1356.5 1547.0
1166.0 1356.5 1547.0
1166.0 1356.5 1547.0
1166.0 1356.5 1547.0
1166.0 1356.5 1547.0
1166.0 1356.5 1547.0
1166.0 1356.5 1547.0
1166.0 1356.5 1547.0
1166.0 1356.5 1547.0
1166.0 1356.5 1547.0
1166.0 1356.5 1547.0
1166.0 1356.5 1547.0
1166.0 1356.5 1547.0
1166.0 1356.5 1547.0
1166.0 1356.5 1547.0
1166.0 1356.5 1547.0
1166.0 1356.5 1547.0
1166.0 1356.5 1547.0
1166.0 1356.5 1547.0
1166.0 1356.5 1547.0
1166.0 1356.5 1547.0
1166.0 1356.5 1547.0
1166.0 1356.5 1547.0
1166.0 1356.5 1547.0
1166.0 1356.5 1547.0
1166.0 1356.5 1547.0
1166.0 1356.5 1547.0
1166.0 1356.5 1547.0
1166.0 1356.5 1547.0
1166.0 1356.5 1547.0
1166.0 1356.5 1547.0
1166.0 1356.5 1547.0
1166.0 1356.5 1547.0
1166.0 1356.5 1547.0
1166.0 1356.5 1547.0
1166.0 1356.5 1547.0
1166.0 1356.5 1547.0
1166.0 1356.5 1547.0
1166.0 1356.5 1547.0
1166.0 1356.5 1547.0
1166.0 1356.5 1547.0
1166.0 1356.5 1547.0
1166.0 1356.5 1547.0
1166.0 1356.5 1547.0
1166.0 1356.5 1547.0
1166.0 1356.5 1547.0
1166.0 1356.5 1547.0
1166.0 1356.5 1547.0
1166.0 1356.5 1547.0
1166.0 1356.5 1547.0
1166.0 1356.5 1547.0
1166.0 1356.5 1547.0
1166.0 1356.5 1547.0
1166.0 1356.5 1547.0
1166.0 1356.5 1547.0
1166.0 1356.5 1547.0
1166.0 1356.5 1547.0
1166.0 1356.5 1547.0
1166.0 1356.5 1547.0
1166.0 1356.5 1547.0
1166.0 1356.5 1547.0
1166.0 1356.5 1547.0
1166.0 1356.5 1547.0
1166.0 1356.5 1547.0
1166.0 1356.5 1547.0
1166.0 1356.5 1547.0
1166.0 1356.5 1547.0
1166.0 1356.5 1547.0
1166.0 1356.5 1547.0
1166.0 1356.5 1547.0
1166.0 1356.5 1547.0
1166.0 1356.5 1547.0
1166.0 1356.5 1547.0
1166.0 1356.5 1547.0
1166.0 1356.5 1547.0
1166.0 1356.5 1547.0
1166.0 1356.5 1547.0
1166.0 1356.5 1547.0
1166.0 1356.5 1547.0
1166.0 1356.5 1547.0
1166.0 1356.5 1547.0
1166.0 1356.5 1547.0
1166.0 1356.5 1547.0
1166.0 1356.5 1547.0
1166.0 1356.5 1547.0
1166.0 1356.5 1547.0
1166.0 1356.5 1547.0
1166.0 1356.5 1547.0
1166.0 1356.5 1547.0
1166.0 1356.5 1547.0
1166.0 1356.5 1547.0
1166.0 1356.5 1547.0
1166.0 1356.5 1547.0
1166.0 1356.5 1547.0
1166.0 1356.5 1547.0
1166.0 1356.5 1547.0
1166.0 1356.5 1547.0
1166.0 1356.5 1547.0
1166.0 1356.5 1547.0
1166.0 1356.5 1547.0
1166.0 1356.5 1547.0
1166.0 1356.5 1547.0
1166.0 1356.5 1547.0
1166.0 1356.5 1547.0
1166.0 1356.5 1547.0
1166.0 1356.5 1547.0
1166.0 1356.5 1547.0
1166.0 1356.5 1547.0
1166.0 1356.5 1547.0
1166.0 1356.5 1547.0
1166.0 1356.5 1547.0
1166.0 1356.5 1547.0
1166.0 1356.5 1547.0
1166.0 1356.5 1547.0
1166.0 1356.5 1547.0
1166.0 1356.5 1547.0
1166.0 1356.5 1547.0
1166.0 1356.5 1547.0
1166.0 1356.5 1547.0
1166.0 1356.5 1547.0
1166.0 1356.5 1547.0
1166.0 1356.5 1547.0
1166.0 1356.5 1547.0
1166.0 1356.5 1547.0
1166.0 1356.5 1547.0
1166.0 1356.5 1547.0
1166.0 1356.5 1547.0
1166.0 1356.5 1547.0
1166.0 1356.5 1547.0
1166.0 1356.5 1547.0
1166.0 1356.5 1547.0
1166.0 1356.5 1547.0
1166.0 1356.5 1547.0
1166.0 1356.5 1547.0
1166.0 1356.5 1547.0
1166.0 1356.5 1547.0
1166.0 1356.5 1547.0
1166.0 1356.5 1547.0
1166.0 1356.5 1547.0
1166.0 1238.0 1310.0
966.0 1066.0 1166.0
966.0 1066.0 1166.0
1093.0 1129.5 1166.0
1093.0 1129.5 1166.0
1093.0 1129.5 1166.0
1093.0 1129.5 1166.0
1093.0 1129.5 1166.0
1093.0 1129.5 1166.0
1093.0 1129.5 1166.0
1093.0 1129.5 1166.0
1093.0 1129.5 1166.0
1093.0 1129.5 1166.0
1093.0 1129.5 1166.0
1093.0 1129.5 1166.0
1093.0 1129.5 1166.0
1093.0 1129.5 1166.0
1093.0 1129.5 1166.0
1093.0 1129.5 1166.0
1093.0 1129.5 1166.0
1093.0 1129.5 1166.0
1093.0 1129.5 1166.0
1093.0 1129.5 1166.0
1093.0 1129.5 1166.0
1093.0 1129.5 1166.0
1093.0 1129.5 1166.0
1093.0 1129.5 1166.0
1093.0 1129.5 1166.0
1093.0 1129.5 1166.0
1093.0 1129.5 1166.0
1093.0 1129.5 1166.0
1093.0 1129.5 1166.0
1093.0 1129.5 1166.0
1093.0 1129.5 1166.0
1093.0 1129.5 1166.0
1093.0 1129.5 1166.0
1093.0 1129.5 1166.0
