11618.0 14981.0 18344.0
12515.0 15042.0 17569.0
10103.0 11621.5 13140.0
5704.0 8537.0 11370.0
5762.0 6817.5 7873.0
5409.0 6641.0 7873.0
1967.0 3465.5 4964.0
1967.0 3350.0 4733.0
1967.0 3190.0 4413.0
1967.0 2460.5 2954.0
1967.0 2629.0 3291.0
1967.0 2457.0 2947.0
1967.0 2457.0 2947.0
1967.0 2385.5 2804.0
1967.0 2426.0 2885.0
1967.0 2335.5 2704.0
1967.0 2025.0 2083.0
1966.0 2024.5 2083.0
1966.0 2024.5 2083.0
1966.0 2024.5 2083.0
1966.0 2024.5 2083.0
1966.0 2024.5 2083.0
1966.0 2024.5 2083.0
1966.0 2024.5 2083.0
1966.0 2024.5 2083.0
1966.0 2024.5 2083.0
1966.0 2024.5 2083.0
1966.0 2024.5 2083.0
1966.0 2024.5 2083.0
1966.0 2024.5 2083.0
1966.0 2024.5 2083.0
1966.0 2024.5 2083.0
1966.0 2024.5 2083.0
1966.0 2024.5 2083.0
1966.0 2024.5 2083.0
1966.0 2024.5 2083.0
1966.0 2024.5 2083.0
1966.0 2024.5 2083.0
1966.0 2024.5 2083.0
2017.0 2050.0 2083.0
991.0 1537.0 2083.0
991.0 1537.0 2083.0
991.0 1537.0 2083.0
991.0 1537.0 2083.0
991.0 1537.0 2083.0
991.0 1537.0 2083.0
991.0 1537.0 2083.0
991.0 1537.0 2083.0
991.0 1537.0 2083.0
991.0 1537.0 2083.0
991.0 1537.0 2083.0
991.0 1537.0 2083.0
991.0 1537.0 2083.0
991.0 1537.0 2083.0
991.0 1537.0 2083.0
991.0 1537.0 2083.0
991.0 1323.5 1656.0
991.0 1323.5 1656.0
991.0 1323.5 1656.0
991.0 1323.5 1656.0
991.0 1323.5 1656.0
991.0 1323.5 1656.0
991.0 1333.0 1675.0
991.0 1333.0 1675.0
991.0 1333.0 1675.0
991.0 1333.0 1675.0
991.0 1333.0 1675.0
991.0 1333.0 1675.0
991.0 1333.0 1675.0
991.0 1333.0 1675.0
991.0 1333.0 1675.0
991.0 1333.0 1675.0
991.0 1333.0 1675.0
991.0 1333.0 1675.0
991.0 1333.0 1675.0
991.0 1333.0 1675.0
991.0 1333.0 1675.0
991.0 1333.0 1675.0
991.0 1333.0 1675.0
991.0 1333.0 1675.0
991.0 1333.0 1675.0
991.0 1333.0 1675.0
991.0 1333.0 1675.0
991.0 1333.0 1675.0
991.0 1333.0 1675.0
991.0 1333.0 1675.0
991.0 1333.0 1675.0
991.0 1333.0 1675.0
991.0 1333.0 1675.0
991.0 1333.0 1675.0
991.0 1333.0 1675.0
991.0 1333.0 1675.0
991.0 1333.0 1675.0
991.0 1333.0 1675.0
991.0 1333.0 1675.0
991.0 1333.0 1675.0
991.0 1333.0 1675.0
991.0 1333.0 1675.0
991.0 1333.0 1675.0
991.0 1333.0 1675.0
991.0 1333.0 1675.0
991.0 1333.0 1675.0
991.0 1333.0 1675.0
991.0 1333.0 1675.0
991.0 1333.0 1675.0
991.0 1333.0 1675.0
991.0 1333.0 1675.0
991.0 1333.0 1675.0
991.0 1333.0 1675.0
991.0 1333.0 1675.0
991.0 1333.0 1675.0
991.0 1333.0 1675.0
991.0 1333.0 1675.0
991.0 1333.0 1675.0
991.0 1333.0 1675.0
991.0 1333.0 1675.0
991.0 1333.0 1675.0
991.0 1333.0 1675.0
991.0 1333.0 1675.0
991.0 1333.0 1675.0
991.0 1333.0 1675.0
991.0 1333.0 1675.0
991.0 1333.0 1675.0
991.0 1333.0 1675.0
991.0 1333.0 1675.0
991.0 1333.0 1675.0
991.0 1333.0 1675.0
991.0 1333.0 1675.0
991.0 1333.0 1675.0
991.0 1333.0 1675.0
991.0 1333.0 1675.0
991.0 1333.0 1675.0
991.0 1333.0 1675.0
991.0 1333.0 1675.0
991.0 1333.0 1675.0
991.0 1333.0 1675.0
991.0 1333.0 1675.0
991.0 1333.0 1675.0
991.0 1333.0 1675.0
991.0 1333.0 1675.0
991.0 1333.0 1675.0
991.0 1333.0 1675.0
991.0 1333.0 1675.0
991.0 1333.0 1675.0
991.0 1333.0 1675.0
991.0 1333.0 1675.0
991.0 1333.0 1675.0
991.0 1333.0 1675.0
991.0 1333.0 1675.0
991.0 1333.0 1675.0
991.0 1333.0 1675.0
991.0 1333.0 1675.0
991.0 1333.0 1675.0
991.0 1333.0 1675.0
991.0 1333.0 1675.0
991.0 1333.0 1675.0
991.0 1333.0 1675.0
991.0 1333.0 1675.0
991.0 1333.0 1675.0
991.0 1333.0 1675.0
991.0 1333.0 1675.0
991.0 1333.0 1675.0
991.0 1333.0 1675.0
991.0 1333.0 1675.0
991.0 1333.0 1675.0
991.0 1333.0 1675.0
991.0 1333.0 1675.0
991.0 1333.0 1675.0
991.0 1333.0 1675.0
991.0 1333.0 1675.0
991.0 1333.0 1675.0
991.0 1333.0 1675.0
991.0 1333.0 1675.0
991.0 1333.0 1675.0
991.0 1333.0 1675.0
991.0 1333.0 1675.0
991.0 1333.0 1675.0
991.0 1333.0 1675.0
991.0 1333.0 1675.0
991.0 1333.0 1675.0
991.0 1333.0 1675.0
991.0 1333.0 1675.0
991.0 1333.0 1675.0
991.0 1333.0 1675.0
991.0 1333.0 1675.0
991.0 1333.0 1675.0
991.0 1333.0 1675.0
991.0 1333.0 1675.0
991.0 1333.0 1675.0
991.0 1333.0 1675.0
991.0 1333.0 1675.0
991.0 1333.0 1675.0
991.0 1333.0 1675.0
991.0 1333.0 1675.0
991.0 1333.0 1675.0
991.0 1333.0 1675.0
991.0 1333.0 1675.0
991.0 1333.0 1675.0
991.0 1333.0 1675.0
991.0 1333.0 1675.0
