15542.0 15583.5 15625.0
8687.0 11903.0 15119.0
7956.0 10118.5 12281.0
6433.0 8349.0 10265.0
5116.0 6370.0 7624.0
4212.0 5078.5 5945.0
4212.0 4893.5 5575.0
4158.0 4796.5 5435.0
2994.0 3982.5 4971.0
2735.0 2864.5 2994.0
2735.0 2864.5 2994.0
2707.0 2721.0 2735.0
2707.0 2721.0 2735.0
2055.0 2395.0 2735.0
2055.0 2395.0 2735.0
2055.0 2410.5 2766.0
1932.0 2003.5 2075.0
1808.0 1870.0 1932.0
1808.0 1870.0 1932.0
1808.0 1870.0 1932.0
1808.0 1870.0 1932.0
1808.0 1870.0 1932.0
1808.0 1870.0 1932.0
1808.0 1870.0 1932.0
1808.0 1870.0 1932.0
1808.0 1870.0 1932.0
1808.0 1870.0 1932.0
1808.0 1870.0 1932.0
1808.0 1870.0 1932.0
1808.0 1870.0 1932.0
1808.0 1870.0 1932.0
1808.0 1870.0 1932.0
1808.0 1870.0 1932.0
1808.0 1870.0 1932.0
1808.0 1870.0 1932.0
1808.0 1870.0 1932.0
1808.0 1870.0 1932.0
1808.0 1870.0 1932.0
1808.0 1870.0 1932.0
1808.0 1870.0 1932.0
1808.0 1870.0 1932.0
1808.0 1870.0 1932.0
1808.0 1870.0 1932.0
1808.0 1870.0 1932.0
1808.0 1870.0 1932.0
1808.0 1870.0 1932.0
1808.0 1870.0 1932.0
1808.0 1870.0 1932.0
1646.0 1727.0 1808.0
1646.0 1727.0 1808.0
1732.0 1803.0 1874.0
1732.0 1887.0 2042.0
1732.0 1887.0 2042.0
1732.0 1887.0 2042.0
1732.0 1887.0 2042.0
1732.0 1887.0 2042.0
1732.0 1887.0 2042.0
1732.0 1887.0 2042.0
1732.0 1887.0 2042.0
1732.0 1887.0 2042.0
1732.0 1887.0 2042.0
1732.0 1887.0 2042.0
1732.0 1887.0 2042.0
1732.0 1887.0 2042.0
1732.0 1887.0 2042.0
1732.0 1887.0 2042.0
1732.0 1887.0 2042.0
1565.0 1803.5 2042.0
1565.0 1803.5 2042.0
1565.0 1803.5 2042.0
1565.0 1803.5 2042.0
1565.0 1803.5 2042.0
1565.0 1803.5 2042.0
1565.0 1803.5 2042.0
1565.0 1803.5 2042.0
1565.0 1803.5 2042.0
1565.0 1803.5 2042.0
1565.0 1803.5 2042.0
1565.0 1803.5 2042.0
1565.0 1803.5 2042.0
1565.0 1803.5 2042.0
1565.0 1803.5 2042.0
1565.0 1803.5 2042.0
1565.0 1803.5 2042.0
1565.0 1803.5 2042.0
1565.0 1803.5 2042.0
1565.0 1803.5 2042.0
1565.0 1803.5 2042.0
1565.0 1803.5 2042.0
1565.0 1803.5 2042.0
1565.0 1803.5 2042.0
1565.0 1803.5 2042.0
1565.0 1803.5 2042.0
1565.0 1803.5 2042.0
1565.0 1803.5 2042.0
1565.0 1803.5 2042.0
1565.0 1803.5 2042.0
1565.0 1803.5 2042.0
1565.0 1803.5 2042.0
1565.0 1803.5 2042.0
1426.0 1495.5 1565.0
1426.0 1495.5 1565.0
1426.0 1495.5 1565.0
1426.0 1495.5 1565.0
1426.0 1495.5 1565.0
1426.0 1495.5 1565.0
1426.0 1495.5 1565.0
1426.0 1495.5 1565.0
1426.0 1495.5 1565.0
1426.0 1495.5 1565.0
1426.0 1495.5 1565.0
1426.0 1495.5 1565.0
1426.0 1495.5 1565.0
1426.0 1495.5 1565.0
1426.0 1495.5 1565.0
1426.0 1495.5 1565.0
1426.0 1495.5 1565.0
1426.0 1495.5 1565.0
1426.0 1495.5 1565.0
1426.0 1495.5 1565.0
1426.0 1495.5 1565.0
1426.0 1495.5 1565.0
1294.0 1429.5 1565.0
1294.0 1429.5 1565.0
1294.0 1429.5 1565.0
1294.0 1429.5 1565.0
1294.0 1429.5 1565.0
1294.0 1429.5 1565.0
1294.0 1429.5 1565.0
1294.0 1429.5 1565.0
1294.0 1429.5 1565.0
1294.0 1429.5 1565.0
1294.0 1429.5 1565.0
1294.0 1429.5 1565.0
1294.0 1429.5 1565.0
1294.0 1429.5 1565.0
1294.0 1429.5 1565.0
1294.0 1429.5 1565.0
1294.0 1429.5 1565.0
1294.0 1429.5 1565.0
1294.0 1429.5 1565.0
1294.0 1429.5 1565.0
1294.0 1429.5 1565.0
1294.0 1429.5 1565.0
1294.0 1429.5 1565.0
1294.0 1429.5 1565.0
1294.0 1429.5 1565.0
1294.0 1429.5 1565.0
1294.0 1429.5 1565.0
1294.0 1429.5 1565.0
1294.0 1429.5 1565.0
1294.0 1429.5 1565.0
1294.0 1429.5 1565.0
1294.0 1429.5 1565.0
1294.0 1429.5 1565.0
1294.0 1429.5 1565.0
1294.0 1429.5 1565.0
1294.0 1429.5 1565.0
1294.0 1429.5 1565.0
1294.0 1429.5 1565.0
1294.0 1429.5 1565.0
1294.0 1429.5 1565.0
1294.0 1429.5 1565.0
1294.0 1429.5 1565.0
1294.0 1429.5 1565.0
1294.0 1429.5 1565.0
1294.0 1429.5 1565.0
1294.0 1429.5 1565.0
1294.0 1429.5 1565.0
1294.0 1429.5 1565.0
1294.0 1429.5 1565.0
1294.0 1429.5 1565.0
1294.0 1429.5 1565.0
1294.0 1429.5 1565.0
1294.0 1429.5 1565.0
1294.0 1429.5 1565.0
1294.0 1429.5 1565.0
1294.0 1429.5 1565.0
1294.0 1429.5 1565.0
1294.0 1429.5 1565.0
1294.0 1429.5 1565.0
1294.0 1429.5 1565.0
1294.0 1429.5 1565.0
1294.0 1429.5 1565.0
1294.0 1429.5 1565.0
1294.0 1429.5 1565.0
1294.0 1429.5 1565.0
1294.0 1429.5 1565.0
1294.0 1429.5 1565.0
1294.0 1429.5 1565.0
1294.0 1429.5 1565.0
1294.0 1429.5 1565.0
1294.0 1429.5 1565.0
1294.0 1429.5 1565.0
1294.0 1429.5 1565.0
1294.0 1429.5 1565.0
1294.0 1429.5 1565.0
1294.0 1429.5 1565.0
1294.0 1429.5 1565.0
1294.0 1429.5 1565.0
