8173.0 11796.0 15419.0
8247.0 9881.0 11515.0
7396.0 7553.0 7710.0
4866.0 6133.5 7401.0
3747.0 4964.5 6182.0
3747.0 4220.5 4694.0
2305.0 2775.5 3246.0
2305.0 2701.0 3097.0
2289.0 2693.0 3097.0
2289.0 2693.0 3097.0
2289.0 2295.5 2302.0
1777.0 2033.0 2289.0
1777.0 2033.0 2289.0
1718.0 2003.5 2289.0
1777.0 2033.0 2289.0
1777.0 2033.0 2289.0
1777.0 2033.0 2289.0
1777.0 2033.0 2289.0
1777.0 2033.0 2289.0
1777.0 2033.0 2289.0
1777.0 2033.0 2289.0
1777.0 2033.0 2289.0
1777.0 2033.0 2289.0
1777.0 2033.0 2289.0
1777.0 2033.0 2289.0
1777.0 2033.0 2289.0
1777.0 2033.0 2289.0
1777.0 2033.0 2289.0
1777.0 1863.0 1949.0
1362.0 1569.5 1777.0
1362.0 1569.5 1777.0
1362.0 1569.5 1777.0
1362.0 1569.5 1777.0
1362.0 1569.5 1777.0
1362.0 1569.5 1777.0
1362.0 1569.5 1777.0
1362.0 1569.5 1777.0
1362.0 1569.5 1777.0
1362.0 1569.5 1777.0
1362.0 1569.5 1777.0
1362.0 1569.5 1777.0
1362.0 1569.5 1777.0
1362.0 1569.5 1777.0
1362.0 1569.5 1777.0
1362.0 1569.5 1777.0
1362.0 1569.5 1777.0
1362.0 1569.5 1777.0
1362.0 1569.5 1777.0
1362.0 1569.5 1777.0
1362.0 1569.5 1777.0
1362.0 1569.5 1777.0
1362.0 1569.5 1777.0
1362.0 1569.5 1777.0
1362.0 1569.5 1777.0
1362.0 1569.5 1777.0
1362.0 1569.5 1777.0
1362.0 1569.5 1777.0
1362.0 1569.5 1777.0
1362.0 1569.5 1777.0
1362.0 1569.5 1777.0
1362.0 1569.5 1777.0
1362.0 1569.5 1777.0
1362.0 1569.5 1777.0
1362.0 1569.5 1777.0
1362.0 1569.5 1777.0
1362.0 1569.5 1777.0
1362.0 1569.5 1777.0
1362.0 1569.5 1777.0
1362.0 1569.5 1777.0
1362.0 1569.5 1777.0
1362.0 1569.5 1777.0
1362.0 1569.5 1777.0
1362.0 1569.5 1777.0
1362.0 1569.5 1777.0
1362.0 1569.5 1777.0
1362.0 1569.5 1777.0
1362.0 1569.5 1777.0
1362.0 1569.5 1777.0
1362.0 1569.5 1777.0
1362.0 1401.5 1441.0
1319.0 1340.5 1362.0
1319.0 1340.5 1362.0
1319.0 1340.5 1362.0
1319.0 1340.5 1362.0
1319.0 1340.5 1362.0
1319.0 1340.5 1362.0
1319.0 1340.5 1362.0
1319.0 1340.5 1362.0
1319.0 1340.5 1362.0
1319.0 1340.5 1362.0
1319.0 1340.5 1362.0
1319.0 1340.5 1362.0
1319.0 1340.5 1362.0
1319.0 1340.5 1362.0
1319.0 1340.5 1362.0
1319.0 1340.5 1362.0
1319.0 1340.5 1362.0
1319.0 1340.5 1362.0
1319.0 1340.5 1362.0
1319.0 1340.5 1362.0
1319.0 1340.5 1362.0
1319.0 1340.5 1362.0
1319.0 1340.5 1362.0
1319.0 1340.5 1362.0
1319.0 1340.5 1362.0
1319.0 1340.5 1362.0
1319.0 1340.5 1362.0
1319.0 1340.5 1362.0
1319.0 1340.5 1362.0
1319.0 1340.5 1362.0
1319.0 1340.5 1362.0
1319.0 1340.5 1362.0
1319.0 1340.5 1362.0
1319.0 1340.5 1362.0
1319.0 1340.5 1362.0
1319.0 1340.5 1362.0
1319.0 1340.5 1362.0
1319.0 1340.5 1362.0
1319.0 1340.5 1362.0
1319.0 1340.5 1362.0
1319.0 1340.5 1362.0
1319.0 1340.5 1362.0
1319.0 1340.5 1362.0
1319.0 1340.5 1362.0
1319.0 1340.5 1362.0
1319.0 1340.5 1362.0
1319.0 1340.5 1362.0
1319.0 1340.5 1362.0
1319.0 1340.5 1362.0
1319.0 1340.5 1362.0
1319.0 1340.5 1362.0
1319.0 1340.5 1362.0
1319.0 1340.5 1362.0
1319.0 1340.5 1362.0
1319.0 1340.5 1362.0
1319.0 1340.5 1362.0
1319.0 1340.5 1362.0
1319.0 1340.5 1362.0
1319.0 1340.5 1362.0
1319.0 1340.5 1362.0
1319.0 1340.5 1362.0
1319.0 1340.5 1362.0
1319.0 1340.5 1362.0
1319.0 1340.5 1362.0
1319.0 1340.5 1362.0
1319.0 1340.5 1362.0
1319.0 1340.5 1362.0
1319.0 1340.5 1362.0
1319.0 1340.5 1362.0
1319.0 1340.5 1362.0
1319.0 1340.5 1362.0
1319.0 1340.5 1362.0
1319.0 1340.5 1362.0
1319.0 1340.5 1362.0
1319.0 1340.5 1362.0
1319.0 1340.5 1362.0
1319.0 1340.5 1362.0
1319.0 1340.5 1362.0
1319.0 1340.5 1362.0
1319.0 1340.5 1362.0
1319.0 1340.5 1362.0
1319.0 1340.5 1362.0
1319.0 1340.5 1362.0
1319.0 1340.5 1362.0
1319.0 1340.5 1362.0
1319.0 1340.5 1362.0
1319.0 1340.5 1362.0
1319.0 1340.5 1362.0
1319.0 1340.5 1362.0
1319.0 1340.5 1362.0
1319.0 1340.5 1362.0
1319.0 1340.5 1362.0
1319.0 1340.5 1362.0
1319.0 1340.5 1362.0
1319.0 1340.5 1362.0
1319.0 1340.5 1362.0
1319.0 1340.5 1362.0
1319.0 1340.5 1362.0
1319.0 1340.5 1362.0
1319.0 1340.5 1362.0
1319.0 1340.5 1362.0
1319.0 1340.5 1362.0
1319.0 1340.5 1362.0
1319.0 1340.5 1362.0
1319.0 1340.5 1362.0
1319.0 1340.5 1362.0
1319.0 1340.5 1362.0
1319.0 1340.5 1362.0
1319.0 1340.5 1362.0
1319.0 1340.5 1362.0
1319.0 1340.5 1362.0
1319.0 1340.5 1362.0
1319.0 1340.5 1362.0
1319.0 1340.5 1362.0
1319.0 1340.5 1362.0
1319.0 1340.5 1362.0
1319.0 1340.5 1362.0
1319.0 1340.5 1362.0
1319.0 1340.5 1362.0
1319.0 1340.5 1362.0
