8946.0 9857.5 10769.0
8415.0 8629.0 8843.0
7925.0 8306.0 8687.0
4519.0 5604.0 6689.0
3161.0 3382.0 3603.0
3161.0 3231.5 3302.0
2731.0 3007.5 3284.0
2066.0 2216.5 2367.0
1808.0 2053.5 2299.0
1382.0 1713.0 2044.0
1360.0 1702.0 2044.0
1360.0 1528.0 1696.0
1283.0 1489.5 1696.0
1283.0 1489.5 1696.0
1283.0 1489.5 1696.0
1283.0 1489.5 1696.0
1283.0 1376.5 1470.0
1283.0 1376.5 1470.0
909.0 1096.0 1283.0
909.0 1096.0 1283.0
896.0 1089.5 1283.0
896.0 1089.5 1283.0
896.0 1089.5 1283.0
896.0 1089.5 1283.0
896.0 1089.5 1283.0
896.0 1089.5 1283.0
896.0 1089.5 1283.0
896.0 1089.5 1283.0
896.0 981.0 1066.0
896.0 981.0 1066.0
896.0 981.0 1066.0
896.0 981.0 1066.0
896.0 981.0 1066.0
896.0 981.0 1066.0
896.0 981.0 1066.0
896.0 981.0 1066.0
896.0 981.0 1066.0
896.0 981.0 1066.0
896.0 981.0 1066.0
896.0 981.0 1066.0
896.0 981.0 1066.0
896.0 981.0 1066.0
896.0 981.0 1066.0
896.0 981.0 1066.0
896.0 981.0 1066.0
896.0 981.0 1066.0
896.0 981.0 1066.0
896.0 981.0 1066.0
896.0 981.0 1066.0
896.0 981.0 1066.0
896.0 981.0 1066.0
896.0 981.0 1066.0
896.0 981.0 1066.0
896.0 981.0 1066.0
896.0 981.0 1066.0
896.0 981.0 1066.0
896.0 981.0 1066.0
896.0 981.0 1066.0
896.0 981.0 1066.0
896.0 981.0 1066.0
896.0 981.0 1066.0
896.0 981.0 1066.0
896.0 981.0 1066.0
896.0 981.0 1066.0
896.0 981.0 1066.0
896.0 981.0 1066.0
896.0 981.0 1066.0
896.0 981.0 1066.0
896.0 981.0 1066.0
896.0 981.0 1066.0
896.0 981.0 1066.0
896.0 981.0 1066.0
896.0 981.0 1066.0
896.0 981.0 1066.0
896.0 981.0 1066.0
896.0 981.0 1066.0
896.0 981.0 1066.0
896.0 981.0 1066.0
896.0 981.0 1066.0
896.0 981.0 1066.0
896.0 981.0 1066.0
896.0 981.0 1066.0
896.0 981.0 1066.0
896.0 981.0 1066.0
896.0 981.0 1066.0
896.0 981.0 1066.0
896.0 981.0 1066.0
896.0 981.0 1066.0
896.0 981.0 1066.0
896.0 981.0 1066.0
896.0 981.0 1066.0
896.0 981.0 1066.0
896.0 981.0 1066.0
896.0 981.0 1066.0
896.0 981.0 1066.0
896.0 981.0 1066.0
896.0 981.0 1066.0
896.0 981.0 1066.0
896.0 981.0 1066.0
896.0 981.0 1066.0
896.0 1015.5 1135.0
896.0 1015.5 1135.0
896.0 1015.5 1135.0
896.0 1015.5 1135.0
896.0 1015.5 1135.0
896.0 1015.5 1135.0
896.0 1015.5 1135.0
896.0 1015.5 1135.0
896.0 1015.5 1135.0
896.0 1015.5 1135.0
896.0 1015.5 1135.0
896.0 1015.5 1135.0
896.0 1015.5 1135.0
896.0 1015.5 1135.0
896.0 1015.5 1135.0
896.0 1015.5 1135.0
896.0 1015.5 1135.0
896.0 1015.5 1135.0
896.0 1015.5 1135.0
896.0 1015.5 1135.0
896.0 1015.5 1135.0
896.0 1015.5 1135.0
896.0 1015.5 1135.0
896.0 1015.5 1135.0
896.0 1015.5 1135.0
896.0 1015.5 1135.0
896.0 1015.5 1135.0
896.0 1015.5 1135.0
896.0 1015.5 1135.0
896.0 1015.5 1135.0
896.0 1015.5 1135.0
896.0 1015.5 1135.0
896.0 1015.5 1135.0
896.0 1015.5 1135.0
896.0 1015.5 1135.0
896.0 1015.5 1135.0
896.0 1015.5 1135.0
896.0 1015.5 1135.0
896.0 1015.5 1135.0
896.0 1015.5 1135.0
896.0 1015.5 1135.0
896.0 1015.5 1135.0
896.0 1015.5 1135.0
896.0 1015.5 1135.0
896.0 1015.5 1135.0
896.0 1015.5 1135.0
896.0 1015.5 1135.0
896.0 1015.5 1135.0
896.0 1015.5 1135.0
896.0 1015.5 1135.0
896.0 1015.5 1135.0
896.0 1015.5 1135.0
896.0 1015.5 1135.0
896.0 1015.5 1135.0
896.0 1015.5 1135.0
896.0 1015.5 1135.0
896.0 1015.5 1135.0
896.0 1015.5 1135.0
896.0 1015.5 1135.0
896.0 1015.5 1135.0
896.0 1015.5 1135.0
896.0 1015.5 1135.0
896.0 1015.5 1135.0
896.0 1015.5 1135.0
896.0 1015.5 1135.0
896.0 1015.5 1135.0
896.0 1015.5 1135.0
896.0 1015.5 1135.0
896.0 1015.5 1135.0
896.0 1015.5 1135.0
896.0 1015.5 1135.0
896.0 1015.5 1135.0
896.0 1015.5 1135.0
896.0 1015.5 1135.0
896.0 1015.5 1135.0
896.0 1015.5 1135.0
896.0 1015.5 1135.0
896.0 1015.5 1135.0
896.0 1015.5 1135.0
896.0 1015.5 1135.0
896.0 1015.5 1135.0
896.0 1015.5 1135.0
896.0 1015.5 1135.0
896.0 1015.5 1135.0
896.0 1015.5 1135.0
896.0 1015.5 1135.0
896.0 1015.5 1135.0
896.0 1015.5 1135.0
896.0 1015.5 1135.0
896.0 1015.5 1135.0
896.0 1015.5 1135.0
896.0 1015.5 1135.0
896.0 1015.5 1135.0
896.0 1015.5 1135.0
896.0 1015.5 1135.0
896.0 1015.5 1135.0
896.0 1015.5 1135.0
896.0 1015.5 1135.0
896.0 1015.5 1135.0
896.0 1015.5 1135.0
