12075.0 12615.5 13156.0
9774.0 10053.5 10333.0
7629.0 7814.0 7999.0
4905.0 5331.5 5758.0
2943.0 3129.0 3315.0
2406.0 2802.0 3198.0
2406.0 2717.0 3028.0
1869.0 2276.5 2684.0
1869.0 2008.0 2147.0
1705.0 2159.0 2613.0
1536.0 1620.5 1705.0
1043.0 1374.0 1705.0
1043.0 1286.0 1529.0
1043.0 1286.0 1529.0
1043.0 1167.0 1291.0
1043.0 1079.0 1115.0
1043.0 1079.0 1115.0
1043.0 1079.0 1115.0
1043.0 1079.0 1115.0
1043.0 1079.0 1115.0
1043.0 1079.0 1115.0
1043.0 1079.0 1115.0
1043.0 1079.0 1115.0
1043.0 1079.0 1115.0
1043.0 1079.0 1115.0
1043.0 1079.0 1115.0
1043.0 1079.0 1115.0
1043.0 1079.0 1115.0
1043.0 1079.0 1115.0
1115.0 1274.5 1434.0
1115.0 1274.5 1434.0
987.0 1051.0 1115.0
987.0 1051.0 1115.0
987.0 1051.0 1115.0
987.0 1051.0 1115.0
987.0 1051.0 1115.0
987.0 1051.0 1115.0
987.0 1051.0 1115.0
987.0 1051.0 1115.0
987.0 1051.0 1115.0
987.0 1051.0 1115.0
987.0 1051.0 1115.0
859.0 923.0 987.0
812.0 899.5 987.0
807.0 897.0 987.0
698.0 842.5 987.0
698.0 842.5 987.0
698.0 842.5 987.0
698.0 842.5 987.0
698.0 842.5 987.0
698.0 842.5 987.0
698.0 842.5 987.0
698.0 842.5 987.0
698.0 842.5 987.0
698.0 842.5 987.0
698.0 842.5 987.0
698.0 842.5 987.0
698.0 842.5 987.0
698.0 842.5 987.0
698.0 842.5 987.0
698.0 842.5 987.0
698.0 842.5 987.0
698.0 842.5 987.0
698.0 842.5 987.0
698.0 842.5 987.0
698.0 842.5 987.0
698.0 842.5 987.0
698.0 842.5 987.0
698.0 842.5 987.0
698.0 842.5 987.0
698.0 842.5 987.0
698.0 842.5 987.0
698.0 842.5 987.0
698.0 842.5 987.0
698.0 842.5 987.0
698.0 842.5 987.0
698.0 842.5 987.0
698.0 842.5 987.0
698.0 842.5 987.0
698.0 842.5 987.0
698.0 842.5 987.0
698.0 842.5 987.0
698.0 842.5 987.0
698.0 842.5 987.0
698.0 842.5 987.0
698.0 842.5 987.0
698.0 842.5 987.0
698.0 842.5 987.0
698.0 842.5 987.0
698.0 842.5 987.0
698.0 842.5 987.0
698.0 842.5 987.0
698.0 842.5 987.0
698.0 842.5 987.0
698.0 842.5 987.0
698.0 842.5 987.0
698.0 842.5 987.0
698.0 842.5 987.0
698.0 842.5 987.0
698.0 842.5 987.0
698.0 842.5 987.0
698.0 842.5 987.0
698.0 842.5 987.0
698.0 842.5 987.0
698.0 842.5 987.0
698.0 842.5 987.0
698.0 842.5 987.0
698.0 842.5 987.0
698.0 842.5 987.0
698.0 842.5 987.0
698.0 842.5 987.0
698.0 842.5 987.0
698.0 842.5 987.0
698.0 842.5 987.0
698.0 842.5 987.0
698.0 842.5 987.0
698.0 842.5 987.0
698.0 842.5 987.0
698.0 842.5 987.0
698.0 842.5 987.0
698.0 842.5 987.0
698.0 842.5 987.0
698.0 842.5 987.0
698.0 842.5 987.0
698.0 842.5 987.0
698.0 842.5 987.0
698.0 842.5 987.0
698.0 842.5 987.0
698.0 842.5 987.0
698.0 842.5 987.0
698.0 842.5 987.0
698.0 842.5 987.0
698.0 842.5 987.0
698.0 842.5 987.0
698.0 842.5 987.0
698.0 842.5 987.0
698.0 842.5 987.0
698.0 842.5 987.0
698.0 842.5 987.0
698.0 842.5 987.0
698.0 842.5 987.0
698.0 842.5 987.0
698.0 806.5 915.0
698.0 806.5 915.0
698.0 818.5 939.0
698.0 818.5 939.0
698.0 818.5 939.0
698.0 818.5 939.0
698.0 818.5 939.0
698.0 818.5 939.0
698.0 818.5 939.0
698.0 818.5 939.0
698.0 818.5 939.0
698.0 818.5 939.0
698.0 818.5 939.0
698.0 818.5 939.0
698.0 818.5 939.0
698.0 818.5 939.0
698.0 818.5 939.0
698.0 818.5 939.0
698.0 818.5 939.0
698.0 818.5 939.0
698.0 818.5 939.0
698.0 818.5 939.0
698.0 818.5 939.0
698.0 818.5 939.0
698.0 818.5 939.0
698.0 818.5 939.0
698.0 818.5 939.0
698.0 818.5 939.0
698.0 818.5 939.0
698.0 818.5 939.0
698.0 818.5 939.0
698.0 818.5 939.0
698.0 818.5 939.0
698.0 818.5 939.0
698.0 818.5 939.0
698.0 818.5 939.0
698.0 818.5 939.0
698.0 818.5 939.0
698.0 818.5 939.0
698.0 818.5 939.0
698.0 818.5 939.0
698.0 818.5 939.0
698.0 818.5 939.0
698.0 818.5 939.0
698.0 818.5 939.0
698.0 818.5 939.0
698.0 818.5 939.0
698.0 818.5 939.0
698.0 818.5 939.0
698.0 818.5 939.0
698.0 818.5 939.0
698.0 818.5 939.0
698.0 818.5 939.0
698.0 818.5 939.0
698.0 818.5 939.0
698.0 818.5 939.0
698.0 818.5 939.0
698.0 818.5 939.0
