12578.0 12846.5 13115.0
11200.0 11673.0 12146.0
9974.0 10646.0 11318.0
7979.0 9032.0 10085.0
6829.0 6964.0 7099.0
4738.0 5368.5 5999.0
4198.0 4289.5 4381.0
3895.0 4010.0 4125.0
2192.0 2595.0 2998.0
2192.0 2520.5 2849.0
2192.0 2205.0 2218.0
2192.0 2310.5 2429.0
1818.0 2020.0 2222.0
1818.0 1893.5 1969.0
1818.0 1893.5 1969.0
1818.0 1917.0 2016.0
1818.0 1917.0 2016.0
1818.0 1917.0 2016.0
1357.0 1498.0 1639.0
1357.0 1498.0 1639.0
1284.0 1461.5 1639.0
1284.0 1461.5 1639.0
1284.0 1461.5 1639.0
1284.0 1461.5 1639.0
1284.0 1461.5 1639.0
1284.0 1461.5 1639.0
1284.0 1461.5 1639.0
1284.0 1461.5 1639.0
1284.0 1461.5 1639.0
1284.0 1461.5 1639.0
1284.0 1461.5 1639.0
1284.0 1461.5 1639.0
1284.0 1461.5 1639.0
1284.0 1461.5 1639.0
1284.0 1461.5 1639.0
1284.0 1461.5 1639.0
1284.0 1461.5 1639.0
1284.0 1461.5 1639.0
1284.0 1461.5 1639.0
1284.0 1461.5 1639.0
1284.0 1461.5 1639.0
1284.0 1461.5 1639.0
1284.0 1461.5 1639.0
1284.0 1461.5 1639.0
1284.0 1461.5 1639.0
1284.0 1461.5 1639.0
1284.0 1461.5 1639.0
1284.0 1461.5 1639.0
1284.0 1461.5 1639.0
1284.0 1461.5 1639.0
1284.0 1461.5 1639.0
1284.0 1461.5 1639.0
1284.0 1461.5 1639.0
1284.0 1461.5 1639.0
1284.0 1461.5 1639.0
1284.0 1461.5 1639.0
1284.0 1461.5 1639.0
1284.0 1461.5 1639.0
1284.0 1461.5 1639.0
1284.0 1461.5 1639.0
1284.0 1461.5 1639.0
1284.0 1461.5 1639.0
1284.0 1461.5 1639.0
1284.0 1461.5 1639.0
1284.0 1461.5 1639.0
1284.0 1461.5 1639.0
1284.0 1461.5 1639.0
1284.0 1461.5 1639.0
1284.0 1461.5 1639.0
1284.0 1461.5 1639.0
1284.0 1461.5 1639.0
1284.0 1461.5 1639.0
1284.0 1461.5 1639.0
1284.0 1461.5 1639.0
1284.0 1461.5 1639.0
1284.0 1461.5 1639.0
1284.0 1461.5 1639.0
1284.0 1461.5 1639.0
1284.0 1461.5 1639.0
1284.0 1461.5 1639.0
1284.0 1461.5 1639.0
1284.0 1461.5 1639.0
1284.0 1461.5 1639.0
1284.0 1461.5 1639.0
1284.0 1461.5 1639.0
1284.0 1461.5 1639.0
1284.0 1461.5 1639.0
1284.0 1461.5 1639.0
1284.0 1461.5 1639.0
1284.0 1461.5 1639.0
1284.0 1461.5 1639.0
1284.0 1461.5 1639.0
1284.0 1461.5 1639.0
1284.0 1461.5 1639.0
1284.0 1461.5 1639.0
1284.0 1461.5 1639.0
1284.0 1461.5 1639.0
1284.0 1461.5 1639.0
1284.0 1461.5 1639.0
1224.0 1254.0 1284.0
1224.0 1254.0 1284.0
848.0 1066.0 1284.0
848.0 1066.0 1284.0
848.0 1066.0 1284.0
848.0 1066.0 1284.0
848.0 1066.0 1284.0
848.0 1066.0 1284.0
848.0 1066.0 1284.0
848.0 1066.0 1284.0
848.0 1066.0 1284.0
848.0 1066.0 1284.0
848.0 1066.0 1284.0
848.0 1066.0 1284.0
848.0 1066.0 1284.0
848.0 1066.0 1284.0
848.0 1066.0 1284.0
848.0 1066.0 1284.0
848.0 1066.0 1284.0
848.0 1066.0 1284.0
848.0 1066.0 1284.0
848.0 1066.0 1284.0
848.0 1066.0 1284.0
848.0 1066.0 1284.0
848.0 1066.0 1284.0
848.0 1066.0 1284.0
848.0 1066.0 1284.0
848.0 1066.0 1284.0
848.0 1066.0 1284.0
848.0 1066.0 1284.0
848.0 1066.0 1284.0
848.0 1066.0 1284.0
848.0 1066.0 1284.0
848.0 1066.0 1284.0
848.0 1066.0 1284.0
848.0 1066.0 1284.0
848.0 1066.0 1284.0
848.0 1066.0 1284.0
848.0 1066.0 1284.0
848.0 1066.0 1284.0
848.0 1066.0 1284.0
848.0 1066.0 1284.0
848.0 1066.0 1284.0
848.0 1066.0 1284.0
848.0 1066.0 1284.0
848.0 1066.0 1284.0
848.0 1066.0 1284.0
848.0 1066.0 1284.0
848.0 1066.0 1284.0
848.0 1066.0 1284.0
848.0 1066.0 1284.0
848.0 1066.0 1284.0
848.0 1066.0 1284.0
848.0 1066.0 1284.0
848.0 1066.0 1284.0
848.0 1066.0 1284.0
848.0 1066.0 1284.0
848.0 1066.0 1284.0
848.0 1066.0 1284.0
848.0 1066.0 1284.0
848.0 1066.0 1284.0
848.0 1066.0 1284.0
848.0 1066.0 1284.0
848.0 1066.0 1284.0
848.0 1066.0 1284.0
848.0 1066.0 1284.0
848.0 1066.0 1284.0
848.0 1066.0 1284.0
848.0 1066.0 1284.0
848.0 1066.0 1284.0
848.0 1066.0 1284.0
848.0 1066.0 1284.0
848.0 1066.0 1284.0
848.0 1066.0 1284.0
848.0 1066.0 1284.0
848.0 1066.0 1284.0
848.0 1066.0 1284.0
848.0 1066.0 1284.0
848.0 1066.0 1284.0
848.0 1066.0 1284.0
848.0 1066.0 1284.0
848.0 1066.0 1284.0
848.0 1066.0 1284.0
848.0 1066.0 1284.0
848.0 1066.0 1284.0
848.0 1066.0 1284.0
848.0 1066.0 1284.0
848.0 1066.0 1284.0
848.0 1066.0 1284.0
848.0 1066.0 1284.0
848.0 1066.0 1284.0
848.0 1066.0 1284.0
848.0 1066.0 1284.0
848.0 1066.0 1284.0
848.0 1066.0 1284.0
848.0 1066.0 1284.0
848.0 1066.0 1284.0
848.0 1066.0 1284.0
848.0 1066.0 1284.0
848.0 1066.0 1284.0
848.0 1066.0 1284.0
