13712.0 14339.5 14967.0
9728.0 10747.5 11767.0
8419.0 9903.0 11387.0
8270.0 8680.0 9090.0
5793.0 5963.0 6133.0
5098.0 5445.5 5793.0
3958.0 4528.0 5098.0
2781.0 3035.0 3289.0
2934.0 3491.5 4049.0
2813.0 3051.0 3289.0
2813.0 3051.0 3289.0
2813.0 2962.0 3111.0
2813.0 2962.0 3111.0
2813.0 2962.0 3111.0
2813.0 2962.0 3111.0
2813.0 2962.0 3111.0
2352.0 2731.5 3111.0
2352.0 2731.5 3111.0
2123.0 2237.5 2352.0
2182.0 2267.0 2352.0
2182.0 2267.0 2352.0
1580.0 1966.0 2352.0
1580.0 1966.0 2352.0
1580.0 1966.0 2352.0
1580.0 1966.0 2352.0
1580.0 1966.0 2352.0
1580.0 1966.0 2352.0
1580.0 1966.0 2352.0
1580.0 1966.0 2352.0
1580.0 1966.0 2352.0
1580.0 1966.0 2352.0
1580.0 1966.0 2352.0
1580.0 1966.0 2352.0
1580.0 1966.0 2352.0
1580.0 1966.0 2352.0
1580.0 1793.5 2007.0
1580.0 1793.5 2007.0
1580.0 1793.5 2007.0
1580.0 1793.5 2007.0
1580.0 1735.0 1890.0
1580.0 1735.0 1890.0
1580.0 1735.0 1890.0
1580.0 1735.0 1890.0
1580.0 1735.0 1890.0
1580.0 1735.0 1890.0
1580.0 1735.0 1890.0
1580.0 1735.0 1890.0
1580.0 1735.0 1890.0
1580.0 1735.0 1890.0
1580.0 1735.0 1890.0
1580.0 1735.0 1890.0
1580.0 1735.0 1890.0
1580.0 1735.0 1890.0
1580.0 1735.0 1890.0
1352.0 1466.0 1580.0
1352.0 1466.0 1580.0
1352.0 1466.0 1580.0
1352.0 1466.0 1580.0
1352.0 1466.0 1580.0
1352.0 1466.0 1580.0
1352.0 1466.0 1580.0
1352.0 1466.0 1580.0
1352.0 1466.0 1580.0
1352.0 1466.0 1580.0
1352.0 1466.0 1580.0
1352.0 1466.0 1580.0
1352.0 1466.0 1580.0
1352.0 1466.0 1580.0
1352.0 1466.0 1580.0
1352.0 1466.0 1580.0
1352.0 1466.0 1580.0
1352.0 1466.0 1580.0
1352.0 1466.0 1580.0
1352.0 1466.0 1580.0
1352.0 1466.0 1580.0
1352.0 1466.0 1580.0
1352.0 1466.0 1580.0
1352.0 1466.0 1580.0
1352.0 1466.0 1580.0
1352.0 1466.0 1580.0
1352.0 1466.0 1580.0
1352.0 1466.0 1580.0
1352.0 1466.0 1580.0
1352.0 1466.0 1580.0
1352.0 1466.0 1580.0
1352.0 1466.0 1580.0
1352.0 1466.0 1580.0
1352.0 1466.0 1580.0
1352.0 1466.0 1580.0
1352.0 1466.0 1580.0
1352.0 1466.0 1580.0
1352.0 1466.0 1580.0
1352.0 1466.0 1580.0
1352.0 1466.0 1580.0
1352.0 1466.0 1580.0
1352.0 1466.0 1580.0
1352.0 1466.0 1580.0
1352.0 1466.0 1580.0
1352.0 1466.0 1580.0
1352.0 1466.0 1580.0
1352.0 1466.0 1580.0
1352.0 1466.0 1580.0
1352.0 1466.0 1580.0
1352.0 1466.0 1580.0
1352.0 1466.0 1580.0
1352.0 1466.0 1580.0
1352.0 1466.0 1580.0
1352.0 1466.0 1580.0
1443.0 1511.5 1580.0
1443.0 1511.5 1580.0
1443.0 1511.5 1580.0
1443.0 1511.5 1580.0
1443.0 1511.5 1580.0
1443.0 1511.5 1580.0
1443.0 1511.5 1580.0
1443.0 1511.5 1580.0
1443.0 1511.5 1580.0
1443.0 1511.5 1580.0
1443.0 1511.5 1580.0
1443.0 1511.5 1580.0
1443.0 1511.5 1580.0
1443.0 1511.5 1580.0
1443.0 1511.5 1580.0
1443.0 1511.5 1580.0
1443.0 1511.5 1580.0
1443.0 1511.5 1580.0
1443.0 1511.5 1580.0
1443.0 1511.5 1580.0
1443.0 1511.5 1580.0
1443.0 1511.5 1580.0
1443.0 1511.5 1580.0
1443.0 1511.5 1580.0
1443.0 1511.5 1580.0
1443.0 1511.5 1580.0
1443.0 1511.5 1580.0
1443.0 1511.5 1580.0
1443.0 1511.5 1580.0
1443.0 1511.5 1580.0
1443.0 1511.5 1580.0
1443.0 1511.5 1580.0
1443.0 1511.5 1580.0
1443.0 1511.5 1580.0
1443.0 1511.5 1580.0
1443.0 1511.5 1580.0
1443.0 1511.5 1580.0
1443.0 1511.5 1580.0
1443.0 1511.5 1580.0
1443.0 1511.5 1580.0
1443.0 1511.5 1580.0
1443.0 1511.5 1580.0
1443.0 1511.5 1580.0
1443.0 1511.5 1580.0
1443.0 1511.5 1580.0
1443.0 1511.5 1580.0
1443.0 1511.5 1580.0
1443.0 1511.5 1580.0
1443.0 1511.5 1580.0
1443.0 1511.5 1580.0
1443.0 1511.5 1580.0
1443.0 1511.5 1580.0
1443.0 1511.5 1580.0
1443.0 1511.5 1580.0
1443.0 1511.5 1580.0
1443.0 1511.5 1580.0
1443.0 1511.5 1580.0
1443.0 1511.5 1580.0
1443.0 1511.5 1580.0
1443.0 1511.5 1580.0
1443.0 1511.5 1580.0
1443.0 1511.5 1580.0
1443.0 1511.5 1580.0
1443.0 1511.5 1580.0
1443.0 1511.5 1580.0
1443.0 1511.5 1580.0
1443.0 1511.5 1580.0
1443.0 1511.5 1580.0
1443.0 1511.5 1580.0
1443.0 1511.5 1580.0
1443.0 1511.5 1580.0
1443.0 1511.5 1580.0
1443.0 1511.5 1580.0
1443.0 1511.5 1580.0
1443.0 1511.5 1580.0
1443.0 1511.5 1580.0
1443.0 1511.5 1580.0
1443.0 1511.5 1580.0
1443.0 1511.5 1580.0
1443.0 1511.5 1580.0
1443.0 1511.5 1580.0
1443.0 1511.5 1580.0
1443.0 1511.5 1580.0
1443.0 1511.5 1580.0
1443.0 1511.5 1580.0
1443.0 1511.5 1580.0
1443.0 1511.5 1580.0
1443.0 1511.5 1580.0
1443.0 1511.5 1580.0
1443.0 1511.5 1580.0
1443.0 1511.5 1580.0
1443.0 1511.5 1580.0
