13326.0 13579.0 13832.0
9334.0 11119.0 12904.0
8413.0 9722.5 11032.0
5493.0 7626.5 9760.0
5493.0 6682.0 7871.0
3875.0 4902.0 5929.0
4006.0 4008.5 4011.0
4011.0 4022.5 4034.0
3487.0 3548.5 3610.0
2440.0 3025.0 3610.0
2440.0 2852.5 3265.0
2440.0 2581.5 2723.0
2440.0 2581.5 2723.0
1882.0 2050.0 2218.0
1882.0 2050.0 2218.0
1882.0 1929.0 1976.0
1782.0 1832.0 1882.0
1782.0 1832.0 1882.0
1782.0 1832.0 1882.0
1782.0 1832.0 1882.0
1782.0 1970.0 2158.0
1782.0 1788.5 1795.0
1782.0 1788.5 1795.0
1782.0 1788.5 1795.0
1782.0 1788.5 1795.0
1719.0 1757.0 1795.0
1719.0 1757.0 1795.0
1719.0 1757.0 1795.0
1719.0 1757.0 1795.0
1719.0 1757.0 1795.0
1719.0 1757.0 1795.0
1719.0 1757.0 1795.0
1719.0 1757.0 1795.0
1540.0 1629.5 1719.0
1540.0 1629.5 1719.0
1540.0 1629.5 1719.0
1540.0 1629.5 1719.0
1540.0 1629.5 1719.0
1540.0 1629.5 1719.0
1540.0 1629.5 1719.0
1540.0 1629.5 1719.0
1540.0 1629.5 1719.0
1540.0 1629.5 1719.0
1540.0 1629.5 1719.0
1540.0 1629.5 1719.0
1540.0 1629.5 1719.0
1540.0 1629.5 1719.0
1540.0 1629.5 1719.0
1540.0 1629.5 1719.0
1540.0 1629.5 1719.0
1540.0 1629.5 1719.0
1540.0 1629.5 1719.0
1540.0 1629.5 1719.0
1540.0 1629.5 1719.0
1540.0 1629.5 1719.0
1540.0 1629.5 1719.0
1540.0 1629.5 1719.0
1668.0 1693.5 1719.0
1719.0 1736.5 1754.0
1205.0 1462.0 1719.0
1205.0 1462.0 1719.0
1205.0 1462.0 1719.0
1205.0 1462.0 1719.0
1205.0 1462.0 1719.0
1205.0 1462.0 1719.0
1205.0 1462.0 1719.0
1205.0 1462.0 1719.0
1205.0 1462.0 1719.0
1205.0 1462.0 1719.0
1205.0 1462.0 1719.0
1205.0 1462.0 1719.0
1205.0 1462.0 1719.0
1205.0 1462.0 1719.0
1205.0 1462.0 1719.0
1205.0 1462.0 1719.0
1205.0 1462.0 1719.0
1205.0 1462.0 1719.0
1205.0 1462.0 1719.0
1205.0 1462.0 1719.0
1205.0 1462.0 1719.0
1205.0 1462.0 1719.0
1205.0 1462.0 1719.0
1205.0 1462.0 1719.0
1205.0 1462.0 1719.0
1205.0 1462.0 1719.0
1205.0 1462.0 1719.0
1205.0 1462.0 1719.0
1205.0 1462.0 1719.0
1205.0 1462.0 1719.0
1205.0 1462.0 1719.0
1205.0 1462.0 1719.0
1205.0 1462.0 1719.0
1205.0 1462.0 1719.0
1205.0 1462.0 1719.0
1205.0 1462.0 1719.0
1205.0 1462.0 1719.0
1205.0 1462.0 1719.0
1205.0 1462.0 1719.0
1205.0 1462.0 1719.0
1205.0 1462.0 1719.0
1205.0 1462.0 1719.0
1205.0 1462.0 1719.0
1205.0 1462.0 1719.0
1205.0 1462.0 1719.0
1205.0 1462.0 1719.0
1205.0 1462.0 1719.0
1205.0 1462.0 1719.0
1205.0 1462.0 1719.0
1205.0 1462.0 1719.0
1205.0 1462.0 1719.0
1205.0 1462.0 1719.0
1205.0 1462.0 1719.0
1205.0 1462.0 1719.0
1205.0 1462.0 1719.0
1205.0 1462.0 1719.0
1205.0 1462.0 1719.0
1205.0 1462.0 1719.0
1205.0 1462.0 1719.0
1205.0 1462.0 1719.0
1205.0 1462.0 1719.0
1205.0 1462.0 1719.0
1205.0 1462.0 1719.0
1205.0 1462.0 1719.0
1205.0 1462.0 1719.0
1205.0 1462.0 1719.0
1205.0 1462.0 1719.0
1205.0 1462.0 1719.0
1205.0 1462.0 1719.0
1205.0 1462.0 1719.0
1205.0 1462.0 1719.0
1205.0 1462.0 1719.0
1205.0 1462.0 1719.0
1205.0 1462.0 1719.0
1205.0 1462.0 1719.0
1205.0 1462.0 1719.0
1205.0 1462.0 1719.0
1205.0 1462.0 1719.0
1205.0 1462.0 1719.0
1205.0 1462.0 1719.0
1205.0 1462.0 1719.0
1205.0 1462.0 1719.0
1205.0 1462.0 1719.0
1205.0 1462.0 1719.0
1205.0 1462.0 1719.0
1205.0 1462.0 1719.0
1205.0 1462.0 1719.0
1205.0 1462.0 1719.0
1205.0 1462.0 1719.0
1205.0 1462.0 1719.0
1205.0 1462.0 1719.0
1205.0 1462.0 1719.0
1205.0 1462.0 1719.0
1205.0 1462.0 1719.0
1205.0 1462.0 1719.0
1205.0 1462.0 1719.0
1205.0 1462.0 1719.0
1205.0 1462.0 1719.0
1205.0 1462.0 1719.0
1205.0 1462.0 1719.0
1205.0 1462.0 1719.0
1205.0 1462.0 1719.0
1205.0 1462.0 1719.0
1205.0 1462.0 1719.0
1205.0 1462.0 1719.0
1205.0 1462.0 1719.0
1205.0 1462.0 1719.0
1205.0 1462.0 1719.0
1205.0 1462.0 1719.0
1205.0 1462.0 1719.0
1205.0 1462.0 1719.0
1205.0 1462.0 1719.0
1205.0 1462.0 1719.0
1205.0 1462.0 1719.0
1205.0 1462.0 1719.0
1205.0 1462.0 1719.0
1205.0 1462.0 1719.0
1205.0 1462.0 1719.0
1205.0 1462.0 1719.0
1205.0 1462.0 1719.0
1205.0 1462.0 1719.0
1205.0 1462.0 1719.0
1205.0 1462.0 1719.0
1205.0 1462.0 1719.0
1205.0 1462.0 1719.0
1205.0 1462.0 1719.0
1205.0 1462.0 1719.0
1205.0 1462.0 1719.0
1205.0 1462.0 1719.0
1205.0 1462.0 1719.0
1205.0 1462.0 1719.0
1205.0 1462.0 1719.0
1205.0 1462.0 1719.0
1205.0 1462.0 1719.0
1205.0 1462.0 1719.0
1205.0 1462.0 1719.0
1205.0 1462.0 1719.0
1205.0 1462.0 1719.0
1205.0 1462.0 1719.0
1205.0 1462.0 1719.0
1205.0 1462.0 1719.0
