12429.0 12777.5 13126.0
9000.0 10492.5 11985.0
7179.0 8126.5 9074.0
5838.0 6707.0 7576.0
5648.0 6678.5 7709.0
5021.0 5078.0 5135.0
3029.0 3886.5 4744.0
1871.0 2986.0 4101.0
1871.0 2783.0 3695.0
1871.0 2181.5 2492.0
1871.0 2133.5 2396.0
1871.0 1929.0 1987.0
978.0 1424.5 1871.0
978.0 1424.5 1871.0
978.0 1424.5 1871.0
978.0 1424.5 1871.0
978.0 1424.5 1871.0
978.0 1424.5 1871.0
978.0 1424.5 1871.0
978.0 1424.5 1871.0
978.0 1424.5 1871.0
978.0 1424.5 1871.0
978.0 1424.5 1871.0
978.0 1424.5 1871.0
978.0 1424.5 1871.0
978.0 1424.5 1871.0
978.0 1424.5 1871.0
978.0 1424.5 1871.0
978.0 1424.5 1871.0
978.0 1321.5 1665.0
978.0 1283.5 1589.0
978.0 1185.5 1393.0
978.0 1185.5 1393.0
978.0 1185.5 1393.0
978.0 1185.5 1393.0
978.0 1185.5 1393.0
978.0 1185.5 1393.0
978.0 1185.5 1393.0
978.0 1185.5 1393.0
978.0 1185.5 1393.0
978.0 1185.5 1393.0
978.0 1185.5 1393.0
978.0 1185.5 1393.0
978.0 1185.5 1393.0
978.0 1185.5 1393.0
978.0 1185.5 1393.0
978.0 1185.5 1393.0
978.0 1185.5 1393.0
978.0 1185.5 1393.0
978.0 1185.5 1393.0
978.0 1185.5 1393.0
978.0 1185.5 1393.0
978.0 1185.5 1393.0
978.0 1185.5 1393.0
978.0 1185.5 1393.0
978.0 1185.5 1393.0
978.0 1185.5 1393.0
978.0 1185.5 1393.0
978.0 1185.5 1393.0
978.0 1185.5 1393.0
978.0 1185.5 1393.0
978.0 1185.5 1393.0
978.0 1185.5 1393.0
978.0 1185.5 1393.0
978.0 1185.5 1393.0
978.0 1185.5 1393.0
978.0 1185.5 1393.0
978.0 1185.5 1393.0
978.0 1185.5 1393.0
978.0 1185.5 1393.0
978.0 1185.5 1393.0
978.0 1185.5 1393.0
978.0 1185.5 1393.0
978.0 1185.5 1393.0
978.0 1185.5 1393.0
978.0 1185.5 1393.0
978.0 1185.5 1393.0
978.0 1185.5 1393.0
978.0 1185.5 1393.0
978.0 1185.5 1393.0
978.0 1185.5 1393.0
978.0 1185.5 1393.0
978.0 1185.5 1393.0
978.0 1185.5 1393.0
978.0 1185.5 1393.0
978.0 1185.5 1393.0
978.0 1185.5 1393.0
978.0 1185.5 1393.0
978.0 1185.5 1393.0
978.0 1185.5 1393.0
978.0 1185.5 1393.0
978.0 1185.5 1393.0
978.0 1185.5 1393.0
978.0 1185.5 1393.0
978.0 1185.5 1393.0
978.0 1185.5 1393.0
978.0 1185.5 1393.0
978.0 1185.5 1393.0
978.0 1185.5 1393.0
978.0 1185.5 1393.0
978.0 1185.5 1393.0
978.0 1185.5 1393.0
978.0 1185.5 1393.0
978.0 1185.5 1393.0
978.0 1185.5 1393.0
978.0 1185.5 1393.0
978.0 1185.5 1393.0
978.0 1185.5 1393.0
978.0 1185.5 1393.0
978.0 1185.5 1393.0
978.0 1185.5 1393.0
978.0 1118.5 1259.0
978.0 1118.5 1259.0
978.0 1118.5 1259.0
978.0 1118.5 1259.0
978.0 1118.5 1259.0
978.0 1118.5 1259.0
978.0 1118.5 1259.0
978.0 1118.5 1259.0
978.0 1118.5 1259.0
978.0 1118.5 1259.0
978.0 1118.5 1259.0
978.0 1118.5 1259.0
978.0 1118.5 1259.0
978.0 1118.5 1259.0
978.0 1118.5 1259.0
978.0 1118.5 1259.0
978.0 1118.5 1259.0
978.0 1118.5 1259.0
978.0 1118.5 1259.0
978.0 1118.5 1259.0
978.0 1118.5 1259.0
978.0 1118.5 1259.0
978.0 1118.5 1259.0
978.0 1118.5 1259.0
978.0 1118.5 1259.0
978.0 1118.5 1259.0
978.0 1118.5 1259.0
978.0 1118.5 1259.0
978.0 1118.5 1259.0
978.0 1118.5 1259.0
978.0 1118.5 1259.0
978.0 1118.5 1259.0
978.0 1118.5 1259.0
978.0 1118.5 1259.0
978.0 1118.5 1259.0
978.0 1118.5 1259.0
978.0 1118.5 1259.0
978.0 1118.5 1259.0
978.0 1118.5 1259.0
978.0 1118.5 1259.0
978.0 1118.5 1259.0
978.0 1118.5 1259.0
978.0 1118.5 1259.0
978.0 1118.5 1259.0
978.0 1118.5 1259.0
978.0 1118.5 1259.0
978.0 1118.5 1259.0
978.0 1118.5 1259.0
978.0 1118.5 1259.0
978.0 1118.5 1259.0
978.0 1118.5 1259.0
978.0 1118.5 1259.0
978.0 1118.5 1259.0
978.0 1118.5 1259.0
978.0 1118.5 1259.0
978.0 1118.5 1259.0
978.0 1118.5 1259.0
978.0 1118.5 1259.0
978.0 1118.5 1259.0
978.0 1118.5 1259.0
978.0 1118.5 1259.0
978.0 1118.5 1259.0
978.0 1118.5 1259.0
978.0 1118.5 1259.0
978.0 1118.5 1259.0
978.0 1118.5 1259.0
978.0 1118.5 1259.0
978.0 1118.5 1259.0
978.0 1118.5 1259.0
978.0 1118.5 1259.0
978.0 1118.5 1259.0
978.0 1118.5 1259.0
978.0 1118.5 1259.0
978.0 1118.5 1259.0
978.0 1118.5 1259.0
978.0 1118.5 1259.0
978.0 1118.5 1259.0
978.0 1118.5 1259.0
978.0 1118.5 1259.0
978.0 1118.5 1259.0
978.0 1118.5 1259.0
978.0 1118.5 1259.0
978.0 1118.5 1259.0
978.0 1118.5 1259.0
978.0 1118.5 1259.0
978.0 1118.5 1259.0
978.0 1118.5 1259.0
978.0 1118.5 1259.0
978.0 1118.5 1259.0
