17390.0 17453.5 17517.0
14908.0 15043.5 15179.0
9786.0 11403.5 13021.0
8913.0 10366.5 11820.0
6965.0 7494.5 8024.0
5539.0 5840.5 6142.0
4736.0 5249.0 5762.0
4762.0 4997.5 5233.0
4040.0 4636.5 5233.0
4679.0 4773.5 4868.0
3002.0 3448.0 3894.0
3002.0 3448.0 3894.0
2205.0 3049.5 3894.0
2205.0 3049.5 3894.0
2205.0 2282.5 2360.0
2205.0 2396.5 2588.0
1884.0 2044.5 2205.0
1884.0 2044.5 2205.0
1884.0 2044.5 2205.0
1884.0 2044.5 2205.0
1884.0 2044.5 2205.0
1884.0 2044.5 2205.0
1884.0 2044.5 2205.0
1884.0 2044.5 2205.0
1884.0 2044.5 2205.0
1884.0 2044.5 2205.0
1884.0 2044.5 2205.0
1884.0 2044.5 2205.0
1884.0 2044.5 2205.0
1884.0 2044.5 2205.0
1884.0 2044.5 2205.0
1884.0 2044.5 2205.0
1884.0 2044.5 2205.0
1884.0 2044.5 2205.0
1884.0 2044.5 2205.0
1884.0 2044.5 2205.0
1884.0 2044.5 2205.0
1884.0 2044.5 2205.0
1884.0 2170.5 2457.0
1670.0 1777.0 1884.0
1670.0 1777.0 1884.0
1670.0 1777.0 1884.0
1670.0 1777.0 1884.0
1478.0 1574.0 1670.0
1478.0 1574.0 1670.0
1478.0 1574.0 1670.0
1478.0 1574.0 1670.0
1478.0 1574.0 1670.0
1478.0 1574.0 1670.0
1478.0 1574.0 1670.0
1478.0 1574.0 1670.0
1478.0 1574.0 1670.0
1478.0 1574.0 1670.0
1478.0 1574.0 1670.0
1478.0 1574.0 1670.0
1478.0 1574.0 1670.0
1478.0 1574.0 1670.0
1478.0 1574.0 1670.0
1478.0 1574.0 1670.0
1478.0 1574.0 1670.0
1478.0 1574.0 1670.0
1478.0 1574.0 1670.0
1478.0 1574.0 1670.0
1478.0 1574.0 1670.0
1478.0 1574.0 1670.0
1478.0 1574.0 1670.0
1478.0 1574.0 1670.0
1478.0 1574.0 1670.0
1478.0 1574.0 1670.0
1478.0 1574.0 1670.0
1478.0 1574.0 1670.0
1478.0 1574.0 1670.0
1478.0 1574.0 1670.0
1478.0 1574.0 1670.0
1478.0 1574.0 1670.0
1478.0 1574.0 1670.0
1478.0 1574.0 1670.0
1478.0 1574.0 1670.0
1478.0 1574.0 1670.0
1478.0 1574.0 1670.0
1478.0 1574.0 1670.0
1478.0 1574.0 1670.0
1478.0 1574.0 1670.0
1478.0 1574.0 1670.0
1478.0 1574.0 1670.0
1478.0 1574.0 1670.0
1478.0 1574.0 1670.0
1478.0 1574.0 1670.0
1478.0 1574.0 1670.0
1478.0 1574.0 1670.0
1478.0 1574.0 1670.0
1478.0 1574.0 1670.0
1478.0 1574.0 1670.0
1478.0 1574.0 1670.0
1478.0 1574.0 1670.0
1478.0 1574.0 1670.0
1478.0 1574.0 1670.0
1478.0 1574.0 1670.0
1478.0 1574.0 1670.0
1478.0 1574.0 1670.0
1478.0 1574.0 1670.0
1478.0 1574.0 1670.0
1478.0 1574.0 1670.0
1478.0 1574.0 1670.0
1478.0 1574.0 1670.0
1478.0 1574.0 1670.0
1478.0 1574.0 1670.0
1478.0 1574.0 1670.0
1478.0 1574.0 1670.0
1478.0 1574.0 1670.0
1478.0 1574.0 1670.0
1478.0 1574.0 1670.0
1478.0 1574.0 1670.0
1478.0 1574.0 1670.0
1478.0 1574.0 1670.0
1478.0 1574.0 1670.0
1478.0 1574.0 1670.0
1478.0 1574.0 1670.0
1478.0 1574.0 1670.0
1478.0 1574.0 1670.0
1478.0 1574.0 1670.0
1478.0 1574.0 1670.0
1478.0 1574.0 1670.0
1478.0 1574.0 1670.0
1478.0 1574.0 1670.0
1478.0 1574.0 1670.0
1478.0 1574.0 1670.0
1478.0 1574.0 1670.0
1478.0 1574.0 1670.0
1478.0 1574.0 1670.0
1478.0 1738.0 1998.0
1478.0 1738.0 1998.0
1478.0 1738.0 1998.0
1478.0 1738.0 1998.0
1478.0 1738.0 1998.0
1478.0 1738.0 1998.0
1478.0 1738.0 1998.0
1478.0 1738.0 1998.0
1478.0 1738.0 1998.0
1478.0 1738.0 1998.0
1478.0 1738.0 1998.0
1478.0 1738.0 1998.0
1478.0 1738.0 1998.0
1478.0 1738.0 1998.0
1478.0 1738.0 1998.0
1468.0 1473.0 1478.0
1468.0 1473.0 1478.0
1468.0 1473.0 1478.0
1468.0 1473.0 1478.0
1468.0 1473.0 1478.0
1468.0 1473.0 1478.0
1468.0 1473.0 1478.0
1468.0 1473.0 1478.0
1468.0 1473.0 1478.0
1468.0 1473.0 1478.0
1468.0 1473.0 1478.0
1468.0 1473.0 1478.0
1468.0 1473.0 1478.0
1468.0 1473.0 1478.0
1468.0 1473.0 1478.0
1468.0 1473.0 1478.0
1468.0 1473.0 1478.0
1468.0 1473.0 1478.0
1468.0 1473.0 1478.0
1468.0 1473.0 1478.0
1468.0 1473.0 1478.0
1468.0 1473.0 1478.0
1468.0 1473.0 1478.0
1468.0 1473.0 1478.0
1468.0 1473.0 1478.0
1468.0 1473.0 1478.0
1468.0 1473.0 1478.0
1468.0 1473.0 1478.0
1468.0 1473.0 1478.0
1468.0 1473.0 1478.0
1468.0 1473.0 1478.0
1468.0 1473.0 1478.0
1468.0 1473.0 1478.0
1468.0 1473.0 1478.0
1468.0 1474.0 1480.0
1468.0 1474.0 1480.0
1468.0 1474.0 1480.0
1468.0 1474.0 1480.0
1468.0 1474.0 1480.0
1468.0 1474.0 1480.0
1468.0 1474.0 1480.0
1468.0 1474.0 1480.0
1468.0 1474.0 1480.0
1468.0 1474.0 1480.0
1468.0 1474.0 1480.0
1468.0 1474.0 1480.0
1468.0 1474.0 1480.0
1468.0 1474.0 1480.0
1468.0 1474.0 1480.0
1468.0 1474.0 1480.0
1468.0 1474.0 1480.0
1468.0 1474.0 1480.0
1468.0 1474.0 1480.0
1468.0 1474.0 1480.0
1468.0 1474.0 1480.0
