10076.0 11001.5 11927.0
7290.0 9194.5 11099.0
5566.0 6775.5 7985.0
4984.0 5284.0 5584.0
3452.0 3822.0 4192.0
2939.0 3092.5 3246.0
2508.0 2674.0 2840.0
2238.0 2539.0 2840.0
2005.0 2123.0 2241.0
2005.0 2123.0 2241.0
1374.0 1591.5 1809.0
1374.0 1591.5 1809.0
1710.0 1759.5 1809.0
1710.0 1759.5 1809.0
1710.0 1759.5 1809.0
1710.0 1759.5 1809.0
1555.0 1632.5 1710.0
1555.0 1632.5 1710.0
1555.0 1632.5 1710.0
1644.0 1677.0 1710.0
1107.0 1408.5 1710.0
1107.0 1408.5 1710.0
1107.0 1408.5 1710.0
1107.0 1408.5 1710.0
1107.0 1408.5 1710.0
1107.0 1408.5 1710.0
1107.0 1408.5 1710.0
1107.0 1408.5 1710.0
1107.0 1408.5 1710.0
1107.0 1408.5 1710.0
1107.0 1408.5 1710.0
1107.0 1408.5 1710.0
1107.0 1408.5 1710.0
1107.0 1408.5 1710.0
1107.0 1408.5 1710.0
1107.0 1408.5 1710.0
1107.0 1408.5 1710.0
1107.0 1408.5 1710.0
1107.0 1408.5 1710.0
1107.0 1408.5 1710.0
1107.0 1408.5 1710.0
1107.0 1408.5 1710.0
1107.0 1408.5 1710.0
1107.0 1408.5 1710.0
1107.0 1408.5 1710.0
1107.0 1408.5 1710.0
1107.0 1408.5 1710.0
1107.0 1408.5 1710.0
1107.0 1408.5 1710.0
1107.0 1408.5 1710.0
1107.0 1310.0 1513.0
1107.0 1310.0 1513.0
1107.0 1310.0 1513.0
1107.0 1310.0 1513.0
1107.0 1310.0 1513.0
1107.0 1310.0 1513.0
1107.0 1310.0 1513.0
1107.0 1310.0 1513.0
1107.0 1310.0 1513.0
1107.0 1310.0 1513.0
1107.0 1310.0 1513.0
1107.0 1310.0 1513.0
1107.0 1310.0 1513.0
1107.0 1310.0 1513.0
1107.0 1310.0 1513.0
1107.0 1310.0 1513.0
1107.0 1310.0 1513.0
1107.0 1310.0 1513.0
1107.0 1310.0 1513.0
1107.0 1310.0 1513.0
1079.0 1093.0 1107.0
1079.0 1093.0 1107.0
849.0 978.0 1107.0
849.0 978.0 1107.0
849.0 978.0 1107.0
849.0 978.0 1107.0
849.0 978.0 1107.0
849.0 978.0 1107.0
849.0 978.0 1107.0
849.0 978.0 1107.0
849.0 978.0 1107.0
849.0 978.0 1107.0
849.0 978.0 1107.0
849.0 978.0 1107.0
849.0 978.0 1107.0
849.0 978.0 1107.0
849.0 978.0 1107.0
849.0 978.0 1107.0
849.0 978.0 1107.0
849.0 978.0 1107.0
849.0 978.0 1107.0
849.0 1069.5 1290.0
849.0 1069.5 1290.0
849.0 992.5 1136.0
849.0 992.5 1136.0
849.0 1044.0 1239.0
849.0 1044.0 1239.0
849.0 1044.0 1239.0
849.0 1044.0 1239.0
849.0 1044.0 1239.0
849.0 1044.0 1239.0
849.0 1044.0 1239.0
849.0 1044.0 1239.0
849.0 1044.0 1239.0
849.0 1044.0 1239.0
849.0 1044.0 1239.0
849.0 1044.0 1239.0
849.0 1044.0 1239.0
849.0 1044.0 1239.0
849.0 1044.0 1239.0
849.0 1044.0 1239.0
849.0 1044.0 1239.0
849.0 1044.0 1239.0
849.0 1044.0 1239.0
849.0 1044.0 1239.0
849.0 1044.0 1239.0
849.0 1044.0 1239.0
849.0 1044.0 1239.0
849.0 1044.0 1239.0
849.0 1044.0 1239.0
849.0 1044.0 1239.0
849.0 1044.0 1239.0
849.0 1044.0 1239.0
849.0 1044.0 1239.0
849.0 1044.0 1239.0
849.0 1044.0 1239.0
849.0 1044.0 1239.0
849.0 1044.0 1239.0
849.0 1044.0 1239.0
849.0 1044.0 1239.0
849.0 1044.0 1239.0
849.0 1044.0 1239.0
849.0 1044.0 1239.0
849.0 1044.0 1239.0
849.0 1044.0 1239.0
849.0 1044.0 1239.0
849.0 1044.0 1239.0
849.0 1044.0 1239.0
849.0 1044.0 1239.0
849.0 1044.0 1239.0
849.0 1044.0 1239.0
849.0 1044.0 1239.0
849.0 1044.0 1239.0
849.0 1044.0 1239.0
849.0 1044.0 1239.0
849.0 1044.0 1239.0
849.0 1044.0 1239.0
849.0 1044.0 1239.0
849.0 1044.0 1239.0
849.0 1044.0 1239.0
849.0 1044.0 1239.0
849.0 1044.0 1239.0
849.0 1044.0 1239.0
849.0 1044.0 1239.0
849.0 1044.0 1239.0
849.0 1044.0 1239.0
849.0 1044.0 1239.0
849.0 1044.0 1239.0
849.0 1044.0 1239.0
849.0 1044.0 1239.0
849.0 1044.0 1239.0
849.0 1044.0 1239.0
849.0 1044.0 1239.0
849.0 1044.0 1239.0
849.0 1044.0 1239.0
849.0 1044.0 1239.0
849.0 1044.0 1239.0
849.0 1044.0 1239.0
849.0 1044.0 1239.0
849.0 1044.0 1239.0
849.0 1044.0 1239.0
849.0 1044.0 1239.0
849.0 1044.0 1239.0
849.0 1044.0 1239.0
849.0 1044.0 1239.0
849.0 1044.0 1239.0
849.0 1044.0 1239.0
849.0 1044.0 1239.0
849.0 1044.0 1239.0
849.0 1044.0 1239.0
849.0 1044.0 1239.0
849.0 1044.0 1239.0
849.0 1044.0 1239.0
849.0 1044.0 1239.0
849.0 1044.0 1239.0
849.0 1044.0 1239.0
849.0 1044.0 1239.0
849.0 1044.0 1239.0
849.0 1044.0 1239.0
849.0 1044.0 1239.0
849.0 1044.0 1239.0
849.0 1044.0 1239.0
849.0 1044.0 1239.0
849.0 1044.0 1239.0
849.0 1044.0 1239.0
849.0 1044.0 1239.0
849.0 1044.0 1239.0
849.0 1044.0 1239.0
849.0 1044.0 1239.0
849.0 1044.0 1239.0
