13183.0 13832.5 14482.0
10127.0 10403.5 10680.0
9095.0 9969.5 10844.0
5787.0 6422.0 7057.0
4783.0 5213.0 5643.0
4601.0 4757.0 4913.0
3456.0 4120.5 4785.0
3269.0 3441.5 3614.0
2656.0 2686.0 2716.0
2356.0 2536.0 2716.0
1878.0 2159.0 2440.0
1878.0 2159.0 2440.0
1408.0 1643.0 1878.0
1805.0 1841.5 1878.0
1533.0 1705.5 1878.0
1533.0 1705.5 1878.0
1533.0 1612.0 1691.0
1476.0 1504.5 1533.0
1476.0 1504.5 1533.0
1476.0 1504.5 1533.0
1476.0 1504.5 1533.0
1476.0 1504.5 1533.0
1476.0 1504.5 1533.0
1476.0 1504.5 1533.0
1476.0 1504.5 1533.0
1476.0 1504.5 1533.0
1476.0 1504.5 1533.0
1476.0 1504.5 1533.0
1476.0 1504.5 1533.0
1476.0 1504.5 1533.0
1476.0 1504.5 1533.0
1476.0 1504.5 1533.0
1476.0 1504.5 1533.0
1476.0 1504.5 1533.0
1476.0 1504.5 1533.0
1476.0 1504.5 1533.0
1476.0 1504.5 1533.0
1476.0 1504.5 1533.0
1476.0 1504.5 1533.0
1476.0 1504.5 1533.0
1476.0 1504.5 1533.0
1476.0 1504.5 1533.0
1476.0 1504.5 1533.0
1476.0 1504.5 1533.0
1476.0 1504.5 1533.0
1476.0 1504.5 1533.0
1476.0 1504.5 1533.0
1476.0 1504.5 1533.0
1476.0 1504.5 1533.0
1476.0 1504.5 1533.0
1476.0 1504.5 1533.0
1476.0 1504.5 1533.0
1476.0 1504.5 1533.0
1476.0 1504.5 1533.0
1476.0 1504.5 1533.0
1476.0 1504.5 1533.0
1476.0 1504.5 1533.0
1476.0 1504.5 1533.0
1476.0 1504.5 1533.0
1476.0 1504.5 1533.0
1476.0 1504.5 1533.0
1476.0 1504.5 1533.0
1476.0 1504.5 1533.0
1476.0 1504.5 1533.0
1476.0 1504.5 1533.0
1476.0 1504.5 1533.0
1476.0 1504.5 1533.0
1476.0 1504.5 1533.0
1476.0 1504.5 1533.0
1476.0 1504.5 1533.0
1476.0 1504.5 1533.0
1476.0 1504.5 1533.0
1476.0 1504.5 1533.0
1476.0 1504.5 1533.0
1476.0 1504.5 1533.0
1476.0 1504.5 1533.0
1476.0 1504.5 1533.0
1476.0 1504.5 1533.0
1476.0 1504.5 1533.0
1476.0 1504.5 1533.0
1476.0 1504.5 1533.0
1476.0 1504.5 1533.0
1476.0 1504.5 1533.0
1476.0 1488.0 1500.0
1476.0 1488.0 1500.0
1476.0 1488.0 1500.0
1476.0 1488.0 1500.0
1476.0 1488.0 1500.0
1476.0 1488.0 1500.0
1476.0 1488.0 1500.0
1476.0 1488.0 1500.0
1476.0 1488.0 1500.0
1476.0 1488.0 1500.0
1476.0 1488.0 1500.0
1476.0 1488.0 1500.0
1476.0 1488.0 1500.0
1476.0 1488.0 1500.0
1476.0 1488.0 1500.0
1476.0 1488.0 1500.0
1476.0 1488.0 1500.0
1476.0 1488.0 1500.0
1476.0 1488.0 1500.0
1476.0 1488.0 1500.0
1476.0 1488.0 1500.0
1476.0 1488.0 1500.0
1476.0 1488.0 1500.0
1476.0 1488.0 1500.0
1476.0 1488.0 1500.0
1476.0 1488.0 1500.0
1476.0 1488.0 1500.0
1476.0 1488.0 1500.0
1476.0 1488.0 1500.0
1476.0 1488.0 1500.0
1476.0 1488.0 1500.0
1476.0 1488.0 1500.0
1476.0 1488.0 1500.0
1476.0 1488.0 1500.0
1476.0 1488.0 1500.0
1476.0 1488.0 1500.0
1476.0 1488.0 1500.0
1476.0 1488.0 1500.0
1476.0 1488.0 1500.0
1476.0 1488.0 1500.0
1476.0 1488.0 1500.0
1476.0 1488.0 1500.0
1476.0 1488.0 1500.0
1476.0 1488.0 1500.0
1476.0 1488.0 1500.0
1476.0 1488.0 1500.0
1476.0 1488.0 1500.0
1476.0 1488.0 1500.0
1476.0 1488.0 1500.0
1476.0 1488.0 1500.0
1476.0 1488.0 1500.0
1476.0 1488.0 1500.0
1476.0 1488.0 1500.0
1476.0 1488.0 1500.0
1476.0 1488.0 1500.0
1476.0 1488.0 1500.0
1476.0 1488.0 1500.0
1476.0 1488.0 1500.0
1476.0 1488.0 1500.0
1476.0 1488.0 1500.0
1476.0 1488.0 1500.0
1476.0 1488.0 1500.0
1476.0 1488.0 1500.0
1476.0 1488.0 1500.0
1476.0 1488.0 1500.0
1476.0 1488.0 1500.0
1476.0 1488.0 1500.0
1476.0 1488.0 1500.0
1476.0 1488.0 1500.0
1476.0 1488.0 1500.0
1476.0 1488.0 1500.0
1476.0 1488.0 1500.0
1476.0 1488.0 1500.0
1476.0 1488.0 1500.0
1476.0 1488.0 1500.0
1476.0 1488.0 1500.0
1476.0 1488.0 1500.0
1476.0 1488.0 1500.0
1476.0 1488.0 1500.0
1476.0 1488.0 1500.0
1476.0 1488.0 1500.0
1476.0 1488.0 1500.0
1476.0 1488.0 1500.0
1476.0 1488.0 1500.0
1476.0 1488.0 1500.0
1476.0 1488.0 1500.0
1476.0 1488.0 1500.0
1476.0 1488.0 1500.0
1476.0 1488.0 1500.0
1476.0 1488.0 1500.0
1476.0 1488.0 1500.0
1476.0 1488.0 1500.0
1476.0 1488.0 1500.0
1476.0 1488.0 1500.0
1476.0 1488.0 1500.0
1476.0 1488.0 1500.0
1476.0 1488.0 1500.0
1476.0 1488.0 1500.0
1476.0 1488.0 1500.0
1476.0 1488.0 1500.0
1476.0 1488.0 1500.0
1476.0 1488.0 1500.0
1476.0 1488.0 1500.0
1476.0 1488.0 1500.0
1476.0 1488.0 1500.0
1476.0 1488.0 1500.0
1476.0 1488.0 1500.0
1476.0 1488.0 1500.0
1476.0 1488.0 1500.0
1476.0 1488.0 1500.0
1476.0 1488.0 1500.0
1476.0 1488.0 1500.0
1476.0 1488.0 1500.0
1476.0 1488.0 1500.0
1476.0 1488.0 1500.0
1476.0 1488.0 1500.0
1476.0 1488.0 1500.0
