11116.0 11697.0 12278.0
7170.0 8731.0 10292.0
7486.0 7824.5 8163.0
6379.0 6579.5 6780.0
3557.0 4024.5 4492.0
2997.0 3075.0 3153.0
2837.0 2917.0 2997.0
2310.0 2391.0 2472.0
1724.0 1870.0 2016.0
1724.0 1870.0 2016.0
1724.0 1870.0 2016.0
1724.0 1870.0 2016.0
1710.0 1717.0 1724.0
1571.0 1647.5 1724.0
1571.0 1647.5 1724.0
1412.0 1568.0 1724.0
1412.0 1568.0 1724.0
1410.0 1567.0 1724.0
1026.0 1375.0 1724.0
941.0 1332.5 1724.0
941.0 1332.5 1724.0
990.0 1357.0 1724.0
990.0 1357.0 1724.0
754.0 1239.0 1724.0
754.0 1239.0 1724.0
754.0 1239.0 1724.0
754.0 1239.0 1724.0
754.0 1239.0 1724.0
754.0 1239.0 1724.0
754.0 1239.0 1724.0
754.0 1239.0 1724.0
754.0 1239.0 1724.0
754.0 1239.0 1724.0
754.0 1239.0 1724.0
754.0 1239.0 1724.0
754.0 1239.0 1724.0
754.0 1239.0 1724.0
754.0 1197.5 1641.0
754.0 1197.5 1641.0
754.0 964.5 1175.0
754.0 964.5 1175.0
754.0 828.0 902.0
754.0 828.0 902.0
754.0 828.0 902.0
754.0 828.0 902.0
754.0 828.0 902.0
754.0 828.0 902.0
754.0 828.0 902.0
754.0 828.0 902.0
754.0 828.0 902.0
754.0 828.0 902.0
754.0 828.0 902.0
754.0 828.0 902.0
754.0 828.0 902.0
754.0 828.0 902.0
754.0 828.0 902.0
754.0 828.0 902.0
754.0 828.0 902.0
754.0 828.0 902.0
754.0 828.0 902.0
754.0 828.0 902.0
754.0 828.0 902.0
754.0 828.0 902.0
754.0 828.0 902.0
754.0 828.0 902.0
754.0 828.0 902.0
754.0 828.0 902.0
754.0 828.0 902.0
754.0 828.0 902.0
754.0 828.0 902.0
754.0 828.0 902.0
754.0 828.0 902.0
754.0 828.0 902.0
754.0 828.0 902.0
754.0 828.0 902.0
754.0 828.0 902.0
754.0 828.0 902.0
754.0 828.0 902.0
754.0 828.0 902.0
754.0 828.0 902.0
754.0 828.0 902.0
754.0 828.0 902.0
754.0 828.0 902.0
754.0 828.0 902.0
754.0 828.0 902.0
754.0 828.0 902.0
754.0 828.0 902.0
754.0 828.0 902.0
754.0 828.0 902.0
754.0 828.0 902.0
754.0 828.0 902.0
754.0 828.0 902.0
754.0 828.0 902.0
754.0 828.0 902.0
754.0 828.0 902.0
754.0 828.0 902.0
754.0 828.0 902.0
754.0 828.0 902.0
754.0 828.0 902.0
754.0 828.0 902.0
754.0 828.0 902.0
754.0 828.0 902.0
754.0 828.0 902.0
754.0 828.0 902.0
754.0 828.0 902.0
754.0 828.0 902.0
754.0 828.0 902.0
754.0 828.0 902.0
754.0 828.0 902.0
754.0 828.0 902.0
754.0 828.0 902.0
754.0 828.0 902.0
754.0 828.0 902.0
754.0 828.0 902.0
754.0 828.0 902.0
754.0 828.0 902.0
754.0 828.0 902.0
754.0 828.0 902.0
754.0 828.0 902.0
754.0 828.0 902.0
754.0 828.0 902.0
754.0 828.0 902.0
754.0 828.0 902.0
754.0 828.0 902.0
754.0 828.0 902.0
754.0 828.0 902.0
754.0 828.0 902.0
754.0 828.0 902.0
754.0 828.0 902.0
754.0 828.0 902.0
754.0 828.0 902.0
754.0 828.0 902.0
754.0 828.0 902.0
754.0 828.0 902.0
754.0 828.0 902.0
754.0 828.0 902.0
754.0 828.0 902.0
754.0 828.0 902.0
754.0 828.0 902.0
754.0 828.0 902.0
754.0 828.0 902.0
754.0 828.0 902.0
754.0 828.0 902.0
754.0 828.0 902.0
754.0 828.0 902.0
754.0 828.0 902.0
754.0 828.0 902.0
754.0 828.0 902.0
754.0 828.0 902.0
754.0 828.0 902.0
754.0 828.0 902.0
754.0 828.0 902.0
754.0 828.0 902.0
754.0 828.0 902.0
754.0 828.0 902.0
754.0 828.0 902.0
754.0 828.0 902.0
754.0 828.0 902.0
754.0 828.0 902.0
754.0 828.0 902.0
754.0 828.0 902.0
754.0 828.0 902.0
754.0 828.0 902.0
754.0 828.0 902.0
754.0 828.0 902.0
754.0 828.0 902.0
754.0 828.0 902.0
754.0 828.0 902.0
754.0 828.0 902.0
754.0 828.0 902.0
754.0 828.0 902.0
754.0 828.0 902.0
754.0 828.0 902.0
754.0 828.0 902.0
754.0 828.0 902.0
754.0 828.0 902.0
754.0 828.0 902.0
754.0 828.0 902.0
754.0 828.0 902.0
754.0 828.0 902.0
754.0 828.0 902.0
754.0 828.0 902.0
754.0 828.0 902.0
754.0 828.0 902.0
754.0 828.0 902.0
754.0 828.0 902.0
754.0 828.0 902.0
754.0 828.0 902.0
754.0 828.0 902.0
754.0 828.0 902.0
754.0 828.0 902.0
754.0 828.0 902.0
754.0 828.0 902.0
754.0 828.0 902.0
754.0 828.0 902.0
754.0 828.0 902.0
754.0 828.0 902.0
754.0 828.0 902.0
754.0 828.0 902.0
754.0 828.0 902.0
