13955.0 14380.5 14806.0
11038.0 12127.0 13216.0
9216.0 10259.0 11302.0
9415.0 10235.0 11055.0
8416.0 9009.0 9602.0
7406.0 8361.5 9317.0
4873.0 5811.0 6749.0
3522.0 4114.5 4707.0
3522.0 4114.5 4707.0
3522.0 3724.0 3926.0
3509.0 3515.5 3522.0
2486.0 3004.0 3522.0
2902.0 3212.0 3522.0
1994.0 2448.0 2902.0
1935.0 2418.5 2902.0
1935.0 2418.5 2902.0
1935.0 2239.0 2543.0
1623.0 1779.0 1935.0
1623.0 1779.0 1935.0
1623.0 1779.0 1935.0
1623.0 1779.0 1935.0
1623.0 1779.0 1935.0
1623.0 1779.0 1935.0
1623.0 1779.0 1935.0
1623.0 1779.0 1935.0
1623.0 1779.0 1935.0
1623.0 1779.0 1935.0
1623.0 1779.0 1935.0
1623.0 1779.0 1935.0
1623.0 1779.0 1935.0
1623.0 1779.0 1935.0
1623.0 1779.0 1935.0
1623.0 1779.0 1935.0
1623.0 1779.0 1935.0
1623.0 1779.0 1935.0
1623.0 1779.0 1935.0
1623.0 1779.0 1935.0
1623.0 1938.5 2254.0
1623.0 1627.0 1631.0
1623.0 1766.0 1909.0
1564.0 1593.5 1623.0
1564.0 1593.5 1623.0
1564.0 1593.5 1623.0
1564.0 1593.5 1623.0
1564.0 1593.5 1623.0
1564.0 1593.5 1623.0
1564.0 1593.5 1623.0
1564.0 1593.5 1623.0
1564.0 1593.5 1623.0
1564.0 1593.5 1623.0
1564.0 1593.5 1623.0
1564.0 1593.5 1623.0
1564.0 1593.5 1623.0
1564.0 1593.5 1623.0
1564.0 1593.5 1623.0
1564.0 1593.5 1623.0
1564.0 1593.5 1623.0
1564.0 1593.5 1623.0
1564.0 1593.5 1623.0
1564.0 1593.5 1623.0
1564.0 1593.5 1623.0
1564.0 1593.5 1623.0
1564.0 1593.5 1623.0
1564.0 1593.5 1623.0
1564.0 1593.5 1623.0
1564.0 1593.5 1623.0
1564.0 1593.5 1623.0
1564.0 1593.5 1623.0
1564.0 1600.5 1637.0
1547.0 1555.5 1564.0
1547.0 1555.5 1564.0
1547.0 1555.5 1564.0
1547.0 1555.5 1564.0
1547.0 1555.5 1564.0
1547.0 1555.5 1564.0
1547.0 1555.5 1564.0
1547.0 1555.5 1564.0
1547.0 1555.5 1564.0
1547.0 1555.5 1564.0
1547.0 1555.5 1564.0
1547.0 1555.5 1564.0
1547.0 1555.5 1564.0
1547.0 1555.5 1564.0
1547.0 1555.5 1564.0
1547.0 1555.5 1564.0
1547.0 1555.5 1564.0
1547.0 1555.5 1564.0
1547.0 1555.5 1564.0
1547.0 1555.5 1564.0
1547.0 1555.5 1564.0
1547.0 1555.5 1564.0
1547.0 1555.5 1564.0
1547.0 1555.5 1564.0
1547.0 1555.5 1564.0
1547.0 1555.5 1564.0
1547.0 1555.5 1564.0
1547.0 1555.5 1564.0
1547.0 1555.5 1564.0
1547.0 1555.5 1564.0
1547.0 1555.5 1564.0
1547.0 1555.5 1564.0
1547.0 1555.5 1564.0
1547.0 1555.5 1564.0
1547.0 1555.5 1564.0
1547.0 1555.5 1564.0
1547.0 1555.5 1564.0
1547.0 1555.5 1564.0
1547.0 1555.5 1564.0
1547.0 1555.5 1564.0
1547.0 1555.5 1564.0
1547.0 1555.5 1564.0
1547.0 1555.5 1564.0
1547.0 1555.5 1564.0
1547.0 1555.5 1564.0
1547.0 1555.5 1564.0
1547.0 1555.5 1564.0
1547.0 1555.5 1564.0
1547.0 1555.5 1564.0
1547.0 1555.5 1564.0
1547.0 1555.5 1564.0
1547.0 1555.5 1564.0
1547.0 1555.5 1564.0
1547.0 1555.5 1564.0
1547.0 1555.5 1564.0
1547.0 1555.5 1564.0
1547.0 1555.5 1564.0
1547.0 1555.5 1564.0
1547.0 1555.5 1564.0
1547.0 1555.5 1564.0
1547.0 1555.5 1564.0
1547.0 1555.5 1564.0
1547.0 1555.5 1564.0
1547.0 1555.5 1564.0
1547.0 1555.5 1564.0
1547.0 1555.5 1564.0
1547.0 1555.5 1564.0
1547.0 1555.5 1564.0
1547.0 1555.5 1564.0
1547.0 1555.5 1564.0
1547.0 1555.5 1564.0
1547.0 1555.5 1564.0
1547.0 1555.5 1564.0
1547.0 1555.5 1564.0
1547.0 1555.5 1564.0
1547.0 1555.5 1564.0
1547.0 1555.5 1564.0
1547.0 1555.5 1564.0
1547.0 1555.5 1564.0
1547.0 1555.5 1564.0
1547.0 1555.5 1564.0
1547.0 1555.5 1564.0
1547.0 1555.5 1564.0
1547.0 1555.5 1564.0
1547.0 1555.5 1564.0
1547.0 1555.5 1564.0
1547.0 1555.5 1564.0
1547.0 1555.5 1564.0
1547.0 1555.5 1564.0
1547.0 1555.5 1564.0
1547.0 1555.5 1564.0
1547.0 1555.5 1564.0
1547.0 1555.5 1564.0
1547.0 1555.5 1564.0
1547.0 1555.5 1564.0
1547.0 1555.5 1564.0
1377.0 1462.0 1547.0
1377.0 1462.0 1547.0
1377.0 1462.0 1547.0
1377.0 1462.0 1547.0
1377.0 1462.0 1547.0
1377.0 1462.0 1547.0
1377.0 1462.0 1547.0
1377.0 1462.0 1547.0
1377.0 1462.0 1547.0
1377.0 1462.0 1547.0
1377.0 1462.0 1547.0
1377.0 1462.0 1547.0
1377.0 1462.0 1547.0
1377.0 1462.0 1547.0
1377.0 1462.0 1547.0
1377.0 1462.0 1547.0
1377.0 1462.0 1547.0
1377.0 1462.0 1547.0
1377.0 1462.0 1547.0
1377.0 1462.0 1547.0
1377.0 1462.0 1547.0
1377.0 1462.0 1547.0
1377.0 1462.0 1547.0
1377.0 1462.0 1547.0
1377.0 1462.0 1547.0
1377.0 1462.0 1547.0
1377.0 1462.0 1547.0
1377.0 1462.0 1547.0
1377.0 1462.0 1547.0
1377.0 1462.0 1547.0
1377.0 1462.0 1547.0
1377.0 1462.0 1547.0
1377.0 1462.0 1547.0
1377.0 1462.0 1547.0
1377.0 1462.0 1547.0
