12448.0 14134.5 15821.0
10367.0 11509.5 12652.0
12075.0 12105.5 12136.0
9485.0 10352.0 11219.0
7822.0 8542.0 9262.0
7365.0 7372.5 7380.0
4725.0 6155.0 7585.0
4725.0 4894.0 5063.0
3174.0 4138.5 5103.0
3174.0 3373.5 3573.0
3031.0 3262.5 3494.0
2439.0 2966.5 3494.0
2439.0 3032.5 3626.0
2439.0 3032.5 3626.0
2439.0 3032.5 3626.0
2439.0 3032.5 3626.0
2439.0 3032.5 3626.0
2439.0 2898.0 3357.0
2439.0 2898.0 3357.0
2439.0 2644.5 2850.0
2185.0 2312.0 2439.0
2185.0 2312.0 2439.0
2185.0 2312.0 2439.0
2185.0 2312.0 2439.0
2185.0 2312.0 2439.0
2185.0 2312.0 2439.0
2185.0 2312.0 2439.0
2185.0 2312.0 2439.0
2185.0 2312.0 2439.0
2185.0 2312.0 2439.0
2185.0 2312.0 2439.0
2185.0 2312.0 2439.0
2185.0 2312.0 2439.0
2185.0 2312.0 2439.0
2185.0 2312.0 2439.0
2185.0 2312.0 2439.0
2185.0 2312.0 2439.0
2185.0 2312.0 2439.0
2185.0 2312.0 2439.0
2185.0 2312.0 2439.0
2185.0 2312.0 2439.0
2185.0 2312.0 2439.0
2185.0 2312.0 2439.0
2185.0 2312.0 2439.0
2185.0 2312.0 2439.0
2185.0 2312.0 2439.0
2185.0 2312.0 2439.0
2185.0 2312.0 2439.0
2185.0 2312.0 2439.0
2185.0 2312.0 2439.0
2185.0 2312.0 2439.0
2185.0 2312.0 2439.0
2185.0 2312.0 2439.0
2185.0 2312.0 2439.0
2185.0 2312.0 2439.0
2185.0 2312.0 2439.0
2185.0 2312.0 2439.0
2185.0 2312.0 2439.0
2150.0 2167.5 2185.0
1705.0 1945.0 2185.0
1829.0 2007.0 2185.0
1542.0 1863.5 2185.0
1542.0 1863.5 2185.0
1542.0 1863.5 2185.0
1542.0 1863.5 2185.0
1542.0 1863.5 2185.0
1542.0 1863.5 2185.0
1542.0 1863.5 2185.0
1542.0 1863.5 2185.0
1542.0 1863.5 2185.0
1542.0 1863.5 2185.0
1542.0 1863.5 2185.0
1542.0 1863.5 2185.0
1542.0 1863.5 2185.0
1542.0 1863.5 2185.0
1542.0 1863.5 2185.0
1542.0 1863.5 2185.0
1542.0 1863.5 2185.0
1542.0 2034.5 2527.0
1542.0 2034.5 2527.0
1542.0 2034.5 2527.0
1542.0 2034.5 2527.0
1542.0 2034.5 2527.0
1542.0 2034.5 2527.0
1542.0 2034.5 2527.0
1542.0 2034.5 2527.0
1542.0 2034.5 2527.0
1542.0 2034.5 2527.0
1542.0 2034.5 2527.0
1542.0 2034.5 2527.0
1542.0 2034.5 2527.0
1542.0 2034.5 2527.0
1542.0 2034.5 2527.0
1542.0 2034.5 2527.0
1355.0 1941.0 2527.0
1298.0 1912.5 2527.0
1342.0 1934.5 2527.0
1342.0 1654.0 1966.0
1342.0 1650.0 1958.0
1342.0 1650.0 1958.0
1342.0 1650.0 1958.0
1342.0 1650.0 1958.0
1342.0 1650.0 1958.0
1342.0 1650.0 1958.0
1342.0 1650.0 1958.0
1342.0 1650.0 1958.0
1342.0 1650.0 1958.0
1342.0 1650.0 1958.0
1342.0 1650.0 1958.0
1342.0 1650.0 1958.0
1342.0 1650.0 1958.0
1342.0 1650.0 1958.0
1342.0 1650.0 1958.0
1342.0 1650.0 1958.0
1342.0 1650.0 1958.0
1342.0 1650.0 1958.0
1342.0 1650.0 1958.0
1342.0 1650.0 1958.0
1342.0 1650.0 1958.0
1342.0 1650.0 1958.0
1342.0 1650.0 1958.0
1342.0 1650.0 1958.0
1342.0 1650.0 1958.0
1342.0 1650.0 1958.0
1342.0 1650.0 1958.0
1342.0 1650.0 1958.0
1342.0 1650.0 1958.0
1342.0 1650.0 1958.0
1342.0 1650.0 1958.0
1342.0 1650.0 1958.0
1342.0 1650.0 1958.0
1342.0 1650.0 1958.0
1342.0 1650.0 1958.0
1342.0 1650.0 1958.0
1342.0 1650.0 1958.0
1342.0 1650.0 1958.0
1342.0 1650.0 1958.0
1342.0 1650.0 1958.0
1342.0 1650.0 1958.0
1342.0 1650.0 1958.0
1342.0 1650.0 1958.0
1342.0 1650.0 1958.0
1342.0 1650.0 1958.0
1342.0 1650.0 1958.0
1342.0 1650.0 1958.0
1342.0 1650.0 1958.0
1342.0 1650.0 1958.0
1342.0 1650.0 1958.0
1342.0 1650.0 1958.0
1342.0 1650.0 1958.0
1342.0 1650.0 1958.0
1342.0 1650.0 1958.0
1342.0 1650.0 1958.0
1342.0 1650.0 1958.0
1342.0 1650.0 1958.0
1342.0 1650.0 1958.0
1342.0 1650.0 1958.0
1342.0 1650.0 1958.0
1342.0 1650.0 1958.0
1342.0 1650.0 1958.0
1292.0 1625.0 1958.0
956.0 1457.0 1958.0
956.0 1457.0 1958.0
956.0 1457.0 1958.0
956.0 1457.0 1958.0
956.0 1457.0 1958.0
956.0 1457.0 1958.0
956.0 1457.0 1958.0
956.0 1457.0 1958.0
956.0 1457.0 1958.0
956.0 1276.0 1596.0
956.0 1285.0 1614.0
956.0 1285.0 1614.0
956.0 1285.0 1614.0
956.0 1285.0 1614.0
956.0 1285.0 1614.0
956.0 1285.0 1614.0
956.0 1285.0 1614.0
956.0 1285.0 1614.0
956.0 1285.0 1614.0
956.0 1285.0 1614.0
956.0 1285.0 1614.0
956.0 1285.0 1614.0
956.0 1285.0 1614.0
956.0 1285.0 1614.0
956.0 1285.0 1614.0
956.0 1285.0 1614.0
956.0 1285.0 1614.0
956.0 1285.0 1614.0
956.0 1285.0 1614.0
956.0 1285.0 1614.0
956.0 1285.0 1614.0
956.0 1285.0 1614.0
956.0 1285.0 1614.0
956.0 1285.0 1614.0
956.0 1285.0 1614.0
956.0 1285.0 1614.0
956.0 1285.0 1614.0
956.0 1285.0 1614.0
956.0 1285.0 1614.0
