11625.0 12831.5 14038.0
10327.0 10449.5 10572.0
8658.0 8843.0 9028.0
7623.0 8070.0 8517.0
4502.0 5463.5 6425.0
4321.0 5038.0 5755.0
3733.0 3953.5 4174.0
2999.0 3233.0 3467.0
2330.0 2898.5 3467.0
2330.0 2898.5 3467.0
2330.0 2797.0 3264.0
2330.0 2638.5 2947.0
2330.0 2449.5 2569.0
2024.0 2296.5 2569.0
2311.0 2440.0 2569.0
1466.0 2017.5 2569.0
1466.0 2017.5 2569.0
1466.0 2017.5 2569.0
1466.0 1885.5 2305.0
1466.0 1479.0 1492.0
1466.0 1479.0 1492.0
1466.0 1479.0 1492.0
1466.0 1479.0 1492.0
1466.0 1479.0 1492.0
1466.0 1479.0 1492.0
1466.0 1479.0 1492.0
1466.0 1479.0 1492.0
1466.0 1479.0 1492.0
1466.0 1479.0 1492.0
1466.0 1479.0 1492.0
1466.0 1479.0 1492.0
1466.0 1479.0 1492.0
1466.0 1479.0 1492.0
1466.0 1479.0 1492.0
1466.0 1479.0 1492.0
1466.0 1479.0 1492.0
1466.0 1479.0 1492.0
1466.0 1479.0 1492.0
1466.0 1479.0 1492.0
1466.0 1479.0 1492.0
1466.0 1479.0 1492.0
1466.0 1479.0 1492.0
1466.0 1479.0 1492.0
1466.0 1479.0 1492.0
1466.0 1479.0 1492.0
1225.0 1345.5 1466.0
1225.0 1345.5 1466.0
1225.0 1345.5 1466.0
1225.0 1345.5 1466.0
1225.0 1345.5 1466.0
1225.0 1345.5 1466.0
1225.0 1345.5 1466.0
1225.0 1345.5 1466.0
1225.0 1345.5 1466.0
1225.0 1345.5 1466.0
1225.0 1345.5 1466.0
1225.0 1345.5 1466.0
1225.0 1345.5 1466.0
1225.0 1345.5 1466.0
1225.0 1345.5 1466.0
1225.0 1345.5 1466.0
1225.0 1345.5 1466.0
1225.0 1345.5 1466.0
1225.0 1345.5 1466.0
1225.0 1345.5 1466.0
1225.0 1345.5 1466.0
1225.0 1345.5 1466.0
1225.0 1345.5 1466.0
1225.0 1345.5 1466.0
1225.0 1345.5 1466.0
1225.0 1345.5 1466.0
1225.0 1345.5 1466.0
1225.0 1345.5 1466.0
1225.0 1345.5 1466.0
1225.0 1345.5 1466.0
1225.0 1345.5 1466.0
1225.0 1345.5 1466.0
1225.0 1345.5 1466.0
1225.0 1345.5 1466.0
1225.0 1345.5 1466.0
1225.0 1345.5 1466.0
1225.0 1345.5 1466.0
1225.0 1345.5 1466.0
1225.0 1345.5 1466.0
1225.0 1345.5 1466.0
1225.0 1345.5 1466.0
1225.0 1345.5 1466.0
1225.0 1345.5 1466.0
1225.0 1345.5 1466.0
1225.0 1345.5 1466.0
1225.0 1345.5 1466.0
1225.0 1345.5 1466.0
1225.0 1345.5 1466.0
1225.0 1345.5 1466.0
1225.0 1345.5 1466.0
1225.0 1345.5 1466.0
1225.0 1345.5 1466.0
1225.0 1345.5 1466.0
1225.0 1345.5 1466.0
1225.0 1345.5 1466.0
1225.0 1345.5 1466.0
1225.0 1345.5 1466.0
1225.0 1345.5 1466.0
1225.0 1345.5 1466.0
1225.0 1345.5 1466.0
1225.0 1345.5 1466.0
1225.0 1345.5 1466.0
1225.0 1345.5 1466.0
1225.0 1345.5 1466.0
1225.0 1345.5 1466.0
1225.0 1345.5 1466.0
1225.0 1345.5 1466.0
1225.0 1345.5 1466.0
1225.0 1345.5 1466.0
1225.0 1345.5 1466.0
1225.0 1345.5 1466.0
1225.0 1345.5 1466.0
1225.0 1345.5 1466.0
1225.0 1345.5 1466.0
1225.0 1345.5 1466.0
1225.0 1345.5 1466.0
1225.0 1345.5 1466.0
1225.0 1345.5 1466.0
1225.0 1345.5 1466.0
1225.0 1345.5 1466.0
1225.0 1345.5 1466.0
1225.0 1345.5 1466.0
1225.0 1345.5 1466.0
1225.0 1318.0 1411.0
1225.0 1305.0 1385.0
1225.0 1305.0 1385.0
1225.0 1305.0 1385.0
1225.0 1305.0 1385.0
1225.0 1305.0 1385.0
1225.0 1305.0 1385.0
1225.0 1305.0 1385.0
1225.0 1305.0 1385.0
1225.0 1305.0 1385.0
1225.0 1305.0 1385.0
1225.0 1305.0 1385.0
1225.0 1305.0 1385.0
1225.0 1305.0 1385.0
1225.0 1305.0 1385.0
1225.0 1305.0 1385.0
1225.0 1305.0 1385.0
1225.0 1305.0 1385.0
1225.0 1305.0 1385.0
1225.0 1305.0 1385.0
1225.0 1305.0 1385.0
1225.0 1305.0 1385.0
1225.0 1305.0 1385.0
1225.0 1267.0 1309.0
1225.0 1267.0 1309.0
1225.0 1267.0 1309.0
1225.0 1267.0 1309.0
1225.0 1267.0 1309.0
1225.0 1267.0 1309.0
1225.0 1267.0 1309.0
1225.0 1267.0 1309.0
1225.0 1267.0 1309.0
1225.0 1267.0 1309.0
1225.0 1267.0 1309.0
1225.0 1267.0 1309.0
1225.0 1267.0 1309.0
1225.0 1267.0 1309.0
1225.0 1267.0 1309.0
1225.0 1267.0 1309.0
1225.0 1267.0 1309.0
1225.0 1267.0 1309.0
1225.0 1267.0 1309.0
1225.0 1267.0 1309.0
1225.0 1267.0 1309.0
1225.0 1267.0 1309.0
1225.0 1267.0 1309.0
1225.0 1267.0 1309.0
1225.0 1267.0 1309.0
1225.0 1267.0 1309.0
1225.0 1267.0 1309.0
1225.0 1267.0 1309.0
1225.0 1267.0 1309.0
1225.0 1267.0 1309.0
1225.0 1267.0 1309.0
1225.0 1267.0 1309.0
1225.0 1267.0 1309.0
1225.0 1267.0 1309.0
1225.0 1267.0 1309.0
1225.0 1267.0 1309.0
1225.0 1267.0 1309.0
1225.0 1267.0 1309.0
1225.0 1267.0 1309.0
1225.0 1267.0 1309.0
1225.0 1267.0 1309.0
1225.0 1267.0 1309.0
1225.0 1267.0 1309.0
1225.0 1267.0 1309.0
1225.0 1267.0 1309.0
1225.0 1267.0 1309.0
1225.0 1267.0 1309.0
1225.0 1267.0 1309.0
1225.0 1267.0 1309.0
