15041.0 16720.5 18400.0
12533.0 13032.0 13531.0
9867.0 10765.0 11663.0
8368.0 8372.0 8376.0
6596.0 7923.5 9251.0
5471.0 6861.0 8251.0
5800.0 6417.5 7035.0
4492.0 5182.5 5873.0
2971.0 3559.5 4148.0
2943.0 3545.5 4148.0
2943.0 3545.5 4148.0
2680.0 2811.5 2943.0
2943.0 3029.0 3115.0
2943.0 3029.0 3115.0
2943.0 3029.0 3115.0
2943.0 3188.5 3434.0
2943.0 2967.5 2992.0
1550.0 2271.0 2992.0
1473.0 2232.5 2992.0
1473.0 2232.5 2992.0
1473.0 2232.5 2992.0
1473.0 2232.5 2992.0
1473.0 2232.5 2992.0
1473.0 2232.5 2992.0
1473.0 2232.5 2992.0
1473.0 2232.5 2992.0
1473.0 2232.5 2992.0
1473.0 2232.5 2992.0
1473.0 2227.0 2981.0
1473.0 2227.0 2981.0
1473.0 2227.0 2981.0
1473.0 2227.0 2981.0
1473.0 2227.0 2981.0
1473.0 2227.0 2981.0
1473.0 2227.0 2981.0
1473.0 2227.0 2981.0
1473.0 2227.0 2981.0
1473.0 2227.0 2981.0
1473.0 2227.0 2981.0
1473.0 2227.0 2981.0
1473.0 2227.0 2981.0
1473.0 2227.0 2981.0
1473.0 1737.0 2001.0
1473.0 1737.0 2001.0
1473.0 1737.0 2001.0
1473.0 1737.0 2001.0
1473.0 1737.0 2001.0
1473.0 1737.0 2001.0
1473.0 1737.0 2001.0
1473.0 1737.0 2001.0
1473.0 1737.0 2001.0
1473.0 1737.0 2001.0
1473.0 1737.0 2001.0
1473.0 1737.0 2001.0
1473.0 1737.0 2001.0
1473.0 1737.0 2001.0
1473.0 1737.0 2001.0
1473.0 1737.0 2001.0
1473.0 1737.0 2001.0
1473.0 1737.0 2001.0
1473.0 1737.0 2001.0
1473.0 1737.0 2001.0
1473.0 1737.0 2001.0
1473.0 1737.0 2001.0
1473.0 1737.0 2001.0
1473.0 1737.0 2001.0
1473.0 1737.0 2001.0
1473.0 1737.0 2001.0
1473.0 1737.0 2001.0
1473.0 1737.0 2001.0
1473.0 1737.0 2001.0
1473.0 1647.5 1822.0
1473.0 1599.0 1725.0
1473.0 1599.0 1725.0
1473.0 1599.0 1725.0
1473.0 1599.0 1725.0
1473.0 1599.0 1725.0
1473.0 1599.0 1725.0
1473.0 1599.0 1725.0
1473.0 1599.0 1725.0
1473.0 1599.0 1725.0
1473.0 1599.0 1725.0
1473.0 1599.0 1725.0
1473.0 1599.0 1725.0
1473.0 1599.0 1725.0
1473.0 1599.0 1725.0
1473.0 1599.0 1725.0
1473.0 1599.0 1725.0
1473.0 1599.0 1725.0
1473.0 1599.0 1725.0
1473.0 1599.0 1725.0
1473.0 1599.0 1725.0
1473.0 1599.0 1725.0
1473.0 1599.0 1725.0
1473.0 1599.0 1725.0
1306.0 1515.5 1725.0
1306.0 1515.5 1725.0
1306.0 1515.5 1725.0
1306.0 1515.5 1725.0
1306.0 1515.5 1725.0
1306.0 1515.5 1725.0
1306.0 1515.5 1725.0
1306.0 1515.5 1725.0
1306.0 1515.5 1725.0
1306.0 1515.5 1725.0
1306.0 1515.5 1725.0
1306.0 1515.5 1725.0
1306.0 1515.5 1725.0
1306.0 1515.5 1725.0
1306.0 1515.5 1725.0
1306.0 1515.5 1725.0
1306.0 1515.5 1725.0
1306.0 1515.5 1725.0
1306.0 1515.5 1725.0
1306.0 1515.5 1725.0
1306.0 1515.5 1725.0
1306.0 1515.5 1725.0
1306.0 1515.5 1725.0
1306.0 1515.5 1725.0
1306.0 1515.5 1725.0
1306.0 1515.5 1725.0
1306.0 1515.5 1725.0
1306.0 1515.5 1725.0
1306.0 1515.5 1725.0
1306.0 1515.5 1725.0
1306.0 1515.5 1725.0
1306.0 1515.5 1725.0
1306.0 1515.5 1725.0
1306.0 1515.5 1725.0
1306.0 1515.5 1725.0
1306.0 1515.5 1725.0
1306.0 1515.5 1725.0
1306.0 1515.5 1725.0
1306.0 1515.5 1725.0
1306.0 1515.5 1725.0
1306.0 1515.5 1725.0
1306.0 1515.5 1725.0
1306.0 1515.5 1725.0
1306.0 1515.5 1725.0
1306.0 1515.5 1725.0
1306.0 1515.5 1725.0
1306.0 1515.5 1725.0
1306.0 1515.5 1725.0
1306.0 1515.5 1725.0
1306.0 1515.5 1725.0
1306.0 1515.5 1725.0
1306.0 1515.5 1725.0
1306.0 1515.5 1725.0
1306.0 1515.5 1725.0
1306.0 1515.5 1725.0
1306.0 1515.5 1725.0
1306.0 1515.5 1725.0
1306.0 1515.5 1725.0
1306.0 1515.5 1725.0
1306.0 1515.5 1725.0
1306.0 1515.5 1725.0
1306.0 1515.5 1725.0
1306.0 1515.5 1725.0
1306.0 1515.5 1725.0
1306.0 1515.5 1725.0
1306.0 1515.5 1725.0
1306.0 1515.5 1725.0
1306.0 1515.5 1725.0
1306.0 1515.5 1725.0
1306.0 1515.5 1725.0
1306.0 1515.5 1725.0
1306.0 1515.5 1725.0
1306.0 1515.5 1725.0
1306.0 1515.5 1725.0
1306.0 1515.5 1725.0
1306.0 1515.5 1725.0
1306.0 1515.5 1725.0
1306.0 1515.5 1725.0
1306.0 1515.5 1725.0
1306.0 1515.5 1725.0
1306.0 1515.5 1725.0
1306.0 1515.5 1725.0
1306.0 1515.5 1725.0
1306.0 1515.5 1725.0
1306.0 1515.5 1725.0
1306.0 1515.5 1725.0
1306.0 1515.5 1725.0
1306.0 1515.5 1725.0
1306.0 1515.5 1725.0
1306.0 1515.5 1725.0
1306.0 1515.5 1725.0
1306.0 1515.5 1725.0
1306.0 1515.5 1725.0
1306.0 1515.5 1725.0
1306.0 1515.5 1725.0
1306.0 1515.5 1725.0
1306.0 1515.5 1725.0
1306.0 1515.5 1725.0
1306.0 1515.5 1725.0
1306.0 1515.5 1725.0
1306.0 1515.5 1725.0
1306.0 1515.5 1725.0
1306.0 1515.5 1725.0
1306.0 1515.5 1725.0
1306.0 1515.5 1725.0
