14302.0 14722.5 15143.0
9605.0 10795.5 11986.0
8556.0 9542.0 10528.0
7686.0 8061.5 8437.0
6082.0 6106.5 6131.0
4547.0 5418.5 6290.0
4201.0 4736.0 5271.0
3663.0 4467.0 5271.0
2721.0 2888.0 3055.0
2721.0 2730.0 2739.0
2721.0 2730.0 2739.0
2721.0 2967.0 3213.0
2495.0 2608.0 2721.0
2495.0 2608.0 2721.0
2495.0 2608.0 2721.0
1995.0 2358.0 2721.0
2241.0 2481.0 2721.0
2241.0 2481.0 2721.0
1496.0 1868.5 2241.0
1787.0 2014.0 2241.0
1288.0 1764.5 2241.0
1288.0 1764.5 2241.0
1288.0 1764.5 2241.0
1288.0 1764.5 2241.0
1288.0 1312.0 1336.0
1288.0 1351.5 1415.0
1071.0 1179.5 1288.0
1071.0 1179.5 1288.0
1071.0 1179.5 1288.0
1071.0 1179.5 1288.0
1071.0 1179.5 1288.0
1071.0 1179.5 1288.0
1071.0 1179.5 1288.0
1071.0 1179.5 1288.0
1071.0 1179.5 1288.0
1071.0 1179.5 1288.0
1071.0 1179.5 1288.0
1071.0 1179.5 1288.0
1071.0 1179.5 1288.0
1071.0 1179.5 1288.0
1071.0 1179.5 1288.0
1071.0 1179.5 1288.0
1071.0 1179.5 1288.0
1071.0 1179.5 1288.0
1071.0 1179.5 1288.0
1071.0 1179.5 1288.0
1071.0 1179.5 1288.0
1071.0 1179.5 1288.0
1071.0 1179.5 1288.0
1071.0 1179.5 1288.0
1071.0 1179.5 1288.0
1071.0 1179.5 1288.0
1071.0 1179.5 1288.0
1071.0 1179.5 1288.0
1071.0 1179.5 1288.0
1071.0 1179.5 1288.0
1071.0 1179.5 1288.0
1071.0 1179.5 1288.0
1071.0 1179.5 1288.0
1071.0 1179.5 1288.0
1071.0 1179.5 1288.0
1071.0 1179.5 1288.0
1071.0 1179.5 1288.0
1071.0 1179.5 1288.0
1071.0 1179.5 1288.0
1071.0 1179.5 1288.0
1071.0 1179.5 1288.0
1071.0 1179.5 1288.0
1071.0 1179.5 1288.0
1071.0 1179.5 1288.0
1071.0 1179.5 1288.0
1071.0 1179.5 1288.0
1071.0 1179.5 1288.0
1071.0 1179.5 1288.0
1071.0 1179.5 1288.0
1071.0 1179.5 1288.0
1071.0 1179.5 1288.0
1071.0 1179.5 1288.0
1071.0 1179.5 1288.0
1071.0 1179.5 1288.0
1071.0 1179.5 1288.0
1071.0 1179.5 1288.0
1071.0 1179.5 1288.0
1071.0 1179.5 1288.0
1071.0 1179.5 1288.0
1071.0 1179.5 1288.0
1071.0 1179.5 1288.0
1071.0 1179.5 1288.0
1071.0 1179.5 1288.0
1071.0 1179.5 1288.0
1071.0 1179.5 1288.0
1071.0 1179.5 1288.0
1071.0 1179.5 1288.0
1071.0 1179.5 1288.0
1071.0 1179.5 1288.0
1071.0 1151.0 1231.0
1071.0 1151.0 1231.0
1071.0 1151.0 1231.0
1071.0 1151.0 1231.0
1071.0 1151.0 1231.0
1071.0 1151.0 1231.0
1071.0 1151.0 1231.0
1071.0 1151.0 1231.0
1071.0 1151.0 1231.0
1071.0 1151.0 1231.0
1071.0 1151.0 1231.0
1071.0 1151.0 1231.0
1071.0 1151.0 1231.0
1071.0 1151.0 1231.0
1071.0 1151.0 1231.0
1071.0 1151.0 1231.0
1071.0 1151.0 1231.0
1071.0 1151.0 1231.0
1071.0 1151.0 1231.0
1071.0 1151.0 1231.0
1071.0 1151.0 1231.0
1071.0 1151.0 1231.0
1071.0 1151.0 1231.0
1071.0 1151.0 1231.0
1071.0 1151.0 1231.0
1071.0 1151.0 1231.0
1071.0 1151.0 1231.0
1071.0 1151.0 1231.0
1071.0 1151.0 1231.0
1071.0 1151.0 1231.0
1071.0 1151.0 1231.0
1071.0 1151.0 1231.0
1071.0 1151.0 1231.0
1071.0 1151.0 1231.0
1071.0 1151.0 1231.0
1071.0 1151.0 1231.0
1071.0 1151.0 1231.0
1071.0 1151.0 1231.0
1071.0 1151.0 1231.0
1071.0 1151.0 1231.0
1071.0 1151.0 1231.0
1071.0 1151.0 1231.0
1071.0 1151.0 1231.0
1071.0 1151.0 1231.0
1071.0 1151.0 1231.0
1071.0 1151.0 1231.0
1071.0 1151.0 1231.0
1071.0 1151.0 1231.0
1071.0 1151.0 1231.0
1071.0 1151.0 1231.0
1071.0 1151.0 1231.0
1071.0 1151.0 1231.0
1071.0 1151.0 1231.0
1071.0 1151.0 1231.0
1071.0 1151.0 1231.0
1071.0 1151.0 1231.0
1071.0 1151.0 1231.0
1071.0 1151.0 1231.0
1071.0 1151.0 1231.0
1071.0 1151.0 1231.0
1071.0 1151.0 1231.0
1071.0 1151.0 1231.0
1071.0 1151.0 1231.0
1071.0 1151.0 1231.0
1071.0 1151.0 1231.0
1071.0 1151.0 1231.0
1071.0 1151.0 1231.0
1071.0 1151.0 1231.0
1071.0 1151.0 1231.0
1071.0 1151.0 1231.0
1071.0 1151.0 1231.0
1071.0 1151.0 1231.0
1071.0 1151.0 1231.0
1071.0 1151.0 1231.0
1071.0 1151.0 1231.0
1071.0 1151.0 1231.0
1071.0 1151.0 1231.0
1071.0 1151.0 1231.0
1071.0 1151.0 1231.0
1071.0 1151.0 1231.0
1071.0 1151.0 1231.0
1071.0 1151.0 1231.0
1071.0 1151.0 1231.0
1071.0 1151.0 1231.0
1071.0 1151.0 1231.0
1071.0 1151.0 1231.0
1071.0 1151.0 1231.0
1071.0 1151.0 1231.0
1071.0 1151.0 1231.0
1071.0 1151.0 1231.0
1071.0 1151.0 1231.0
1071.0 1151.0 1231.0
1071.0 1151.0 1231.0
1071.0 1151.0 1231.0
1071.0 1151.0 1231.0
1071.0 1151.0 1231.0
1071.0 1151.0 1231.0
1071.0 1151.0 1231.0
1071.0 1151.0 1231.0
1071.0 1151.0 1231.0
1071.0 1151.0 1231.0
1071.0 1151.0 1231.0
1071.0 1151.0 1231.0
1071.0 1151.0 1231.0
1071.0 1151.0 1231.0
