15444.0 17637.0 19830.0
13098.0 14141.5 15185.0
10464.0 12027.0 13590.0
9727.0 10291.5 10856.0
6972.0 8629.0 10286.0
5277.0 5336.5 5396.0
4452.0 4924.0 5396.0
4452.0 4924.0 5396.0
3480.0 4438.0 5396.0
3480.0 3698.5 3917.0
3162.0 3237.0 3312.0
2692.0 2706.5 2721.0
2721.0 3097.0 3473.0
2721.0 3097.0 3473.0
2721.0 3097.0 3473.0
2705.0 2713.0 2721.0
2721.0 2883.5 3046.0
1982.0 2351.5 2721.0
1982.0 2351.5 2721.0
1982.0 2351.5 2721.0
1982.0 2351.5 2721.0
1982.0 2351.5 2721.0
1982.0 2351.5 2721.0
1982.0 2351.5 2721.0
1982.0 2351.5 2721.0
1982.0 2351.5 2721.0
1982.0 2351.5 2721.0
1982.0 2500.0 3018.0
1982.0 2500.0 3018.0
1982.0 2500.0 3018.0
1982.0 2500.0 3018.0
1718.0 2205.5 2693.0
1255.0 1974.5 2694.0
1255.0 1974.5 2694.0
1255.0 1974.5 2694.0
1255.0 1536.5 1818.0
1255.0 1536.5 1818.0
1255.0 1422.0 1589.0
1255.0 1422.0 1589.0
1255.0 1422.0 1589.0
1255.0 1422.0 1589.0
1255.0 1422.0 1589.0
1255.0 1422.0 1589.0
1255.0 1422.0 1589.0
1255.0 1422.0 1589.0
1255.0 1422.0 1589.0
1255.0 1422.0 1589.0
1255.0 1422.0 1589.0
1255.0 1422.0 1589.0
1255.0 1422.0 1589.0
1255.0 1422.0 1589.0
1255.0 1422.0 1589.0
1255.0 1422.0 1589.0
1255.0 1422.0 1589.0
1255.0 1422.0 1589.0
1255.0 1422.0 1589.0
1255.0 1422.0 1589.0
1255.0 1422.0 1589.0
1255.0 1422.0 1589.0
1255.0 1422.0 1589.0
1255.0 1422.0 1589.0
1255.0 1422.0 1589.0
1255.0 1422.0 1589.0
1255.0 1422.0 1589.0
1255.0 1422.0 1589.0
1255.0 1422.0 1589.0
1255.0 1422.0 1589.0
1255.0 1422.0 1589.0
1255.0 1422.0 1589.0
1255.0 1422.0 1589.0
1255.0 1422.0 1589.0
1255.0 1422.0 1589.0
1255.0 1422.0 1589.0
1255.0 1422.0 1589.0
1255.0 1422.0 1589.0
1255.0 1422.0 1589.0
1255.0 1422.0 1589.0
1255.0 1422.0 1589.0
1255.0 1422.0 1589.0
1255.0 1422.0 1589.0
1255.0 1422.0 1589.0
1255.0 1422.0 1589.0
1255.0 1422.0 1589.0
1255.0 1422.0 1589.0
1255.0 1422.0 1589.0
1255.0 1422.0 1589.0
1255.0 1422.0 1589.0
1255.0 1422.0 1589.0
1255.0 1422.0 1589.0
1255.0 1422.0 1589.0
1255.0 1422.0 1589.0
1255.0 1422.0 1589.0
1255.0 1422.0 1589.0
1255.0 1422.0 1589.0
1255.0 1422.0 1589.0
1255.0 1422.0 1589.0
1255.0 1422.0 1589.0
1255.0 1422.0 1589.0
1255.0 1422.0 1589.0
1255.0 1422.0 1589.0
1255.0 1422.0 1589.0
1255.0 1422.0 1589.0
1255.0 1422.0 1589.0
1255.0 1422.0 1589.0
1255.0 1422.0 1589.0
1255.0 1422.0 1589.0
1255.0 1422.0 1589.0
1255.0 1422.0 1589.0
1255.0 1422.0 1589.0
1255.0 1422.0 1589.0
1255.0 1422.0 1589.0
1255.0 1422.0 1589.0
1255.0 1422.0 1589.0
1255.0 1422.0 1589.0
1255.0 1422.0 1589.0
1255.0 1422.0 1589.0
1255.0 1422.0 1589.0
1255.0 1422.0 1589.0
1255.0 1422.0 1589.0
1255.0 1422.0 1589.0
1255.0 1422.0 1589.0
1255.0 1422.0 1589.0
1255.0 1422.0 1589.0
1255.0 1422.0 1589.0
1255.0 1422.0 1589.0
1255.0 1422.0 1589.0
1255.0 1422.0 1589.0
1255.0 1422.0 1589.0
1255.0 1422.0 1589.0
1255.0 1422.0 1589.0
1255.0 1422.0 1589.0
1255.0 1422.0 1589.0
1255.0 1422.0 1589.0
1255.0 1422.0 1589.0
1255.0 1422.0 1589.0
1255.0 1422.0 1589.0
1255.0 1422.0 1589.0
1255.0 1422.0 1589.0
1255.0 1422.0 1589.0
1255.0 1422.0 1589.0
1255.0 1422.0 1589.0
1255.0 1422.0 1589.0
1255.0 1422.0 1589.0
1255.0 1422.0 1589.0
1255.0 1422.0 1589.0
1255.0 1422.0 1589.0
1255.0 1422.0 1589.0
1255.0 1422.0 1589.0
1255.0 1422.0 1589.0
1255.0 1422.0 1589.0
1255.0 1422.0 1589.0
1255.0 1422.0 1589.0
1255.0 1422.0 1589.0
1255.0 1422.0 1589.0
1255.0 1422.0 1589.0
1255.0 1422.0 1589.0
1255.0 1422.0 1589.0
1255.0 1422.0 1589.0
1255.0 1422.0 1589.0
1255.0 1422.0 1589.0
1255.0 1422.0 1589.0
1255.0 1422.0 1589.0
1255.0 1422.0 1589.0
1255.0 1422.0 1589.0
1255.0 1422.0 1589.0
1255.0 1422.0 1589.0
1255.0 1422.0 1589.0
1255.0 1422.0 1589.0
1255.0 1422.0 1589.0
1255.0 1422.0 1589.0
1255.0 1422.0 1589.0
1255.0 1422.0 1589.0
1255.0 1422.0 1589.0
1255.0 1422.0 1589.0
1255.0 1422.0 1589.0
1255.0 1422.0 1589.0
1255.0 1422.0 1589.0
1255.0 1422.0 1589.0
1255.0 1422.0 1589.0
1255.0 1422.0 1589.0
1255.0 1422.0 1589.0
1255.0 1422.0 1589.0
1255.0 1422.0 1589.0
1255.0 1422.0 1589.0
1255.0 1422.0 1589.0
1255.0 1422.0 1589.0
1255.0 1422.0 1589.0
1255.0 1422.0 1589.0
1255.0 1422.0 1589.0
1255.0 1422.0 1589.0
1255.0 1422.0 1589.0
1255.0 1422.0 1589.0
1255.0 1422.0 1589.0
1255.0 1422.0 1589.0
1255.0 1422.0 1589.0
1255.0 1422.0 1589.0
1255.0 1422.0 1589.0
1255.0 1422.0 1589.0
1255.0 1422.0 1589.0
1255.0 1422.0 1589.0
