9430.0 12313.5 15197.0
8907.0 10772.5 12638.0
7732.0 8249.5 8767.0
5109.0 7668.5 10228.0
5649.0 6732.0 7815.0
3796.0 5805.5 7815.0
3796.0 4506.5 5217.0
3283.0 4259.0 5235.0
2364.0 2979.0 3594.0
1788.0 2852.0 3916.0
1788.0 2365.5 2943.0
1788.0 2365.5 2943.0
1788.0 1933.0 2078.0
1788.0 1933.0 2078.0
1788.0 1933.0 2078.0
1788.0 1933.0 2078.0
1788.0 1933.0 2078.0
1788.0 1933.0 2078.0
1788.0 1933.0 2078.0
1788.0 1933.0 2078.0
1469.0 1773.5 2078.0
1469.0 1773.5 2078.0
1469.0 1773.5 2078.0
1469.0 1773.5 2078.0
1469.0 1773.5 2078.0
1469.0 1773.5 2078.0
1469.0 1773.5 2078.0
1469.0 1773.5 2078.0
1469.0 1773.5 2078.0
1469.0 1773.5 2078.0
1469.0 1773.5 2078.0
1469.0 1773.5 2078.0
1469.0 1661.0 1853.0
1469.0 1661.0 1853.0
1469.0 1661.0 1853.0
1469.0 1661.0 1853.0
1469.0 1661.0 1853.0
1469.0 1661.0 1853.0
1469.0 1661.0 1853.0
1469.0 1661.0 1853.0
1469.0 1661.0 1853.0
1469.0 1661.0 1853.0
1444.0 1456.5 1469.0
1444.0 1456.5 1469.0
1444.0 1456.5 1469.0
1444.0 1456.5 1469.0
1444.0 1456.5 1469.0
1444.0 1456.5 1469.0
1444.0 1456.5 1469.0
1444.0 1456.5 1469.0
1444.0 1456.5 1469.0
1444.0 1456.5 1469.0
1444.0 1456.5 1469.0
1444.0 1456.5 1469.0
1444.0 1456.5 1469.0
1444.0 1456.5 1469.0
1444.0 1456.5 1469.0
1444.0 1456.5 1469.0
1444.0 1456.5 1469.0
1444.0 1456.5 1469.0
1444.0 1456.5 1469.0
1444.0 1456.5 1469.0
1444.0 1456.5 1469.0
1444.0 1456.5 1469.0
1444.0 1456.5 1469.0
1444.0 1456.5 1469.0
1444.0 1456.5 1469.0
1444.0 1456.5 1469.0
1444.0 1456.5 1469.0
1444.0 1456.5 1469.0
1444.0 1456.5 1469.0
1444.0 1456.5 1469.0
1444.0 1456.5 1469.0
1444.0 1456.5 1469.0
1444.0 1456.5 1469.0
1444.0 1456.5 1469.0
1444.0 1456.5 1469.0
1444.0 1456.5 1469.0
1444.0 1456.5 1469.0
1444.0 1456.5 1469.0
1444.0 1456.5 1469.0
1444.0 1456.5 1469.0
1444.0 1456.5 1469.0
1444.0 1456.5 1469.0
1444.0 1456.5 1469.0
1444.0 1456.5 1469.0
1444.0 1456.5 1469.0
1444.0 1456.5 1469.0
1444.0 1456.5 1469.0
1444.0 1456.5 1469.0
1444.0 1456.5 1469.0
1444.0 1456.5 1469.0
1444.0 1456.5 1469.0
1444.0 1456.5 1469.0
1444.0 1456.5 1469.0
1444.0 1456.5 1469.0
1444.0 1456.5 1469.0
1444.0 1456.5 1469.0
1444.0 1456.5 1469.0
1444.0 1456.5 1469.0
1444.0 1456.5 1469.0
1444.0 1456.5 1469.0
1444.0 1456.5 1469.0
1444.0 1456.5 1469.0
1444.0 1521.0 1598.0
1444.0 1521.0 1598.0
1444.0 1521.0 1598.0
1444.0 1521.0 1598.0
1444.0 1521.0 1598.0
1444.0 1521.0 1598.0
1444.0 1521.0 1598.0
1444.0 1521.0 1598.0
1444.0 1521.0 1598.0
1444.0 1521.0 1598.0
1444.0 1521.0 1598.0
1444.0 1521.0 1598.0
1444.0 1521.0 1598.0
1444.0 1521.0 1598.0
1444.0 1521.0 1598.0
1444.0 1521.0 1598.0
1444.0 1521.0 1598.0
1444.0 1521.0 1598.0
1444.0 1521.0 1598.0
1444.0 1521.0 1598.0
1444.0 1521.0 1598.0
1444.0 1521.0 1598.0
1444.0 1521.0 1598.0
1444.0 1521.0 1598.0
1444.0 1521.0 1598.0
1444.0 1521.0 1598.0
1444.0 1521.0 1598.0
1444.0 1521.0 1598.0
1444.0 1521.0 1598.0
1444.0 1521.0 1598.0
1444.0 1521.0 1598.0
1444.0 1521.0 1598.0
1444.0 1521.0 1598.0
1444.0 1521.0 1598.0
1444.0 1521.0 1598.0
1444.0 1521.0 1598.0
1444.0 1521.0 1598.0
1444.0 1521.0 1598.0
1444.0 1521.0 1598.0
1444.0 1521.0 1598.0
1444.0 1521.0 1598.0
1444.0 1521.0 1598.0
1444.0 1521.0 1598.0
1444.0 1521.0 1598.0
1444.0 1521.0 1598.0
1444.0 1521.0 1598.0
1380.0 1489.0 1598.0
1380.0 1489.0 1598.0
1380.0 1489.0 1598.0
1380.0 1489.0 1598.0
1380.0 1489.0 1598.0
1380.0 1489.0 1598.0
1380.0 1489.0 1598.0
1380.0 1489.0 1598.0
1380.0 1489.0 1598.0
1380.0 1489.0 1598.0
1380.0 1489.0 1598.0
1380.0 1489.0 1598.0
1380.0 1489.0 1598.0
1380.0 1489.0 1598.0
1380.0 1489.0 1598.0
1380.0 1489.0 1598.0
1380.0 1489.0 1598.0
1380.0 1489.0 1598.0
1380.0 1489.0 1598.0
1380.0 1489.0 1598.0
1380.0 1489.0 1598.0
1380.0 1489.0 1598.0
1380.0 1489.0 1598.0
1380.0 1489.0 1598.0
1380.0 1489.0 1598.0
1380.0 1489.0 1598.0
1380.0 1489.0 1598.0
1380.0 1489.0 1598.0
1380.0 1489.0 1598.0
1380.0 1489.0 1598.0
1380.0 1489.0 1598.0
1380.0 1489.0 1598.0
1380.0 1489.0 1598.0
1380.0 1489.0 1598.0
1380.0 1489.0 1598.0
1380.0 1489.0 1598.0
1380.0 1489.0 1598.0
1380.0 1489.0 1598.0
1380.0 1489.0 1598.0
1380.0 1489.0 1598.0
1380.0 1489.0 1598.0
1380.0 1489.0 1598.0
1380.0 1489.0 1598.0
1380.0 1489.0 1598.0
1380.0 1489.0 1598.0
1380.0 1489.0 1598.0
1380.0 1489.0 1598.0
1380.0 1489.0 1598.0
1380.0 1489.0 1598.0
1380.0 1489.0 1598.0
