11288.0 11468.5 11649.0
8591.0 10239.0 11887.0
6972.0 7318.0 7664.0
5038.0 5415.0 5792.0
3304.0 3962.5 4621.0
2788.0 3151.0 3514.0
1986.0 2387.0 2788.0
1929.0 2154.5 2380.0
1929.0 2080.5 2232.0
1753.0 1992.5 2232.0
1753.0 1775.5 1798.0
1399.0 1598.5 1798.0
1399.0 1598.5 1798.0
1145.0 1272.0 1399.0
1145.0 1272.0 1399.0
1145.0 1272.0 1399.0
1145.0 1272.0 1399.0
1145.0 1272.0 1399.0
1145.0 1272.0 1399.0
1145.0 1272.0 1399.0
1145.0 1272.0 1399.0
1145.0 1272.0 1399.0
1145.0 1272.0 1399.0
1145.0 1272.0 1399.0
1145.0 1272.0 1399.0
1145.0 1272.0 1399.0
1145.0 1272.0 1399.0
1145.0 1272.0 1399.0
1145.0 1272.0 1399.0
1145.0 1272.0 1399.0
1145.0 1272.0 1399.0
1145.0 1272.0 1399.0
943.0 1044.0 1145.0
943.0 1044.0 1145.0
943.0 1044.0 1145.0
943.0 1044.0 1145.0
943.0 1044.0 1145.0
943.0 1044.0 1145.0
943.0 1044.0 1145.0
943.0 1044.0 1145.0
943.0 1044.0 1145.0
943.0 1044.0 1145.0
943.0 1044.0 1145.0
943.0 1044.0 1145.0
943.0 1044.0 1145.0
943.0 1044.0 1145.0
943.0 1044.0 1145.0
943.0 1044.0 1145.0
943.0 1044.0 1145.0
943.0 1044.0 1145.0
943.0 1044.0 1145.0
943.0 1044.0 1145.0
943.0 1044.0 1145.0
943.0 1044.0 1145.0
943.0 1044.0 1145.0
943.0 1044.0 1145.0
943.0 1044.0 1145.0
943.0 1044.0 1145.0
943.0 1044.0 1145.0
943.0 1044.0 1145.0
943.0 1044.0 1145.0
943.0 1044.0 1145.0
943.0 1044.0 1145.0
943.0 1044.0 1145.0
943.0 1044.0 1145.0
943.0 1044.0 1145.0
943.0 1044.0 1145.0
943.0 1044.0 1145.0
943.0 1044.0 1145.0
943.0 1044.0 1145.0
943.0 1044.0 1145.0
943.0 1044.0 1145.0
943.0 1044.0 1145.0
943.0 1044.0 1145.0
943.0 1044.0 1145.0
943.0 1044.0 1145.0
943.0 1044.0 1145.0
943.0 1044.0 1145.0
943.0 1044.0 1145.0
943.0 1044.0 1145.0
943.0 1044.0 1145.0
943.0 1044.0 1145.0
943.0 1044.0 1145.0
943.0 1044.0 1145.0
943.0 1044.0 1145.0
943.0 1044.0 1145.0
943.0 1044.0 1145.0
943.0 1044.0 1145.0
943.0 1044.0 1145.0
943.0 1044.0 1145.0
943.0 1044.0 1145.0
943.0 1044.0 1145.0
943.0 1044.0 1145.0
943.0 1044.0 1145.0
943.0 1044.0 1145.0
943.0 1044.0 1145.0
943.0 1044.0 1145.0
943.0 1044.0 1145.0
943.0 1044.0 1145.0
943.0 1044.0 1145.0
943.0 1044.0 1145.0
943.0 1044.0 1145.0
943.0 1044.0 1145.0
943.0 1044.0 1145.0
943.0 1044.0 1145.0
943.0 1044.0 1145.0
943.0 1044.0 1145.0
943.0 1044.0 1145.0
943.0 1044.0 1145.0
943.0 1044.0 1145.0
943.0 1044.0 1145.0
943.0 1044.0 1145.0
943.0 1044.0 1145.0
943.0 1044.0 1145.0
943.0 1044.0 1145.0
943.0 1044.0 1145.0
943.0 1044.0 1145.0
943.0 1044.0 1145.0
943.0 1044.0 1145.0
943.0 1044.0 1145.0
943.0 1044.0 1145.0
943.0 1044.0 1145.0
943.0 1044.0 1145.0
943.0 1044.0 1145.0
943.0 1044.0 1145.0
943.0 1044.0 1145.0
943.0 1044.0 1145.0
943.0 1044.0 1145.0
943.0 1044.0 1145.0
943.0 1044.0 1145.0
943.0 1044.0 1145.0
943.0 1044.0 1145.0
943.0 1044.0 1145.0
943.0 1044.0 1145.0
943.0 1044.0 1145.0
943.0 1044.0 1145.0
943.0 1044.0 1145.0
943.0 1044.0 1145.0
943.0 1044.0 1145.0
943.0 1044.0 1145.0
943.0 1044.0 1145.0
943.0 1044.0 1145.0
943.0 1044.0 1145.0
943.0 1044.0 1145.0
943.0 1044.0 1145.0
943.0 1044.0 1145.0
943.0 1044.0 1145.0
943.0 1044.0 1145.0
943.0 1044.0 1145.0
943.0 1044.0 1145.0
943.0 1044.0 1145.0
943.0 1044.0 1145.0
943.0 1044.0 1145.0
943.0 1044.0 1145.0
943.0 1044.0 1145.0
943.0 1044.0 1145.0
943.0 1044.0 1145.0
943.0 1044.0 1145.0
943.0 1044.0 1145.0
943.0 1044.0 1145.0
943.0 1044.0 1145.0
943.0 1044.0 1145.0
943.0 1044.0 1145.0
943.0 1044.0 1145.0
943.0 1044.0 1145.0
943.0 1044.0 1145.0
943.0 1044.0 1145.0
943.0 1044.0 1145.0
943.0 1044.0 1145.0
943.0 1044.0 1145.0
943.0 1044.0 1145.0
943.0 1044.0 1145.0
943.0 1044.0 1145.0
943.0 1044.0 1145.0
943.0 1044.0 1145.0
943.0 1044.0 1145.0
943.0 1044.0 1145.0
943.0 1044.0 1145.0
943.0 1044.0 1145.0
943.0 1044.0 1145.0
943.0 1044.0 1145.0
943.0 1044.0 1145.0
943.0 1044.0 1145.0
943.0 1044.0 1145.0
943.0 1044.0 1145.0
943.0 1044.0 1145.0
943.0 1044.0 1145.0
943.0 1044.0 1145.0
943.0 1044.0 1145.0
943.0 1044.0 1145.0
943.0 1044.0 1145.0
943.0 1044.0 1145.0
943.0 1044.0 1145.0
943.0 1044.0 1145.0
943.0 1044.0 1145.0
943.0 1044.0 1145.0
943.0 1044.0 1145.0
943.0 1044.0 1145.0
943.0 1044.0 1145.0
943.0 1044.0 1145.0
