15868.0 16906.5 17945.0
13300.0 13528.0 13756.0
11898.0 12654.0 13410.0
9285.0 9732.0 10179.0
7204.0 7654.5 8105.0
5008.0 5402.0 5796.0
5008.0 5402.0 5796.0
3397.0 4538.0 5679.0
3743.0 4711.0 5679.0
2312.0 3315.5 4319.0
2312.0 3277.5 4243.0
2312.0 3105.0 3898.0
2445.0 2735.5 3026.0
2236.0 2631.0 3026.0
2236.0 2631.0 3026.0
2236.0 2631.0 3026.0
2236.0 2631.0 3026.0
2236.0 2631.0 3026.0
2236.0 2631.0 3026.0
2236.0 2407.0 2578.0
1766.0 2001.0 2236.0
1766.0 2001.0 2236.0
1766.0 2001.0 2236.0
1766.0 2001.0 2236.0
1766.0 2001.0 2236.0
1766.0 2001.0 2236.0
1766.0 2001.0 2236.0
1766.0 2001.0 2236.0
1766.0 2001.0 2236.0
1766.0 2001.0 2236.0
1766.0 2001.0 2236.0
1766.0 2001.0 2236.0
1766.0 2001.0 2236.0
1766.0 2001.0 2236.0
1766.0 2001.0 2236.0
1766.0 2001.0 2236.0
1766.0 1834.5 1903.0
1510.0 1638.0 1766.0
1510.0 1638.0 1766.0
1510.0 1638.0 1766.0
1510.0 1638.0 1766.0
1510.0 1638.0 1766.0
1510.0 1638.0 1766.0
1510.0 1638.0 1766.0
1510.0 1638.0 1766.0
1510.0 1638.0 1766.0
1510.0 1638.0 1766.0
1510.0 1638.0 1766.0
1510.0 1638.0 1766.0
1510.0 1638.0 1766.0
1510.0 1638.0 1766.0
1510.0 1638.0 1766.0
1510.0 1638.0 1766.0
1510.0 1638.0 1766.0
1510.0 1638.0 1766.0
1510.0 1638.0 1766.0
1510.0 1638.0 1766.0
1510.0 1638.0 1766.0
1510.0 1638.0 1766.0
1510.0 1638.0 1766.0
1510.0 1638.0 1766.0
1510.0 1638.0 1766.0
1510.0 1638.0 1766.0
1510.0 1638.0 1766.0
1510.0 1638.0 1766.0
1510.0 1638.0 1766.0
1510.0 1638.0 1766.0
1510.0 1638.0 1766.0
1510.0 1638.0 1766.0
1510.0 1638.0 1766.0
1510.0 1638.0 1766.0
1510.0 1638.0 1766.0
1510.0 1638.0 1766.0
1510.0 1638.0 1766.0
1510.0 1638.0 1766.0
1510.0 1638.0 1766.0
1510.0 1638.0 1766.0
1510.0 1638.0 1766.0
1510.0 1638.0 1766.0
1510.0 1638.0 1766.0
1495.0 1502.5 1510.0
1495.0 1502.5 1510.0
1495.0 1502.5 1510.0
1495.0 1502.5 1510.0
1495.0 1502.5 1510.0
1495.0 1502.5 1510.0
1495.0 1502.5 1510.0
1495.0 1502.5 1510.0
1495.0 1502.5 1510.0
1495.0 1502.5 1510.0
1495.0 1502.5 1510.0
1495.0 1502.5 1510.0
1495.0 1502.5 1510.0
1495.0 1502.5 1510.0
1495.0 1502.5 1510.0
1495.0 1502.5 1510.0
1495.0 1502.5 1510.0
1495.0 1502.5 1510.0
1495.0 1502.5 1510.0
1495.0 1502.5 1510.0
1495.0 1502.5 1510.0
1495.0 1502.5 1510.0
1495.0 1502.5 1510.0
1495.0 1502.5 1510.0
1495.0 1502.5 1510.0
1495.0 1502.5 1510.0
1495.0 1502.5 1510.0
1495.0 1502.5 1510.0
1495.0 1502.5 1510.0
1495.0 1502.5 1510.0
1495.0 1502.5 1510.0
1495.0 1502.5 1510.0
1495.0 1502.5 1510.0
1495.0 1502.5 1510.0
1495.0 1502.5 1510.0
1495.0 1502.5 1510.0
1495.0 1502.5 1510.0
1495.0 1502.5 1510.0
1495.0 1502.5 1510.0
1495.0 1502.5 1510.0
1495.0 1502.5 1510.0
1495.0 1502.5 1510.0
1495.0 1502.5 1510.0
1495.0 1502.5 1510.0
1495.0 1502.5 1510.0
1495.0 1502.5 1510.0
1495.0 1502.5 1510.0
1495.0 1502.5 1510.0
1495.0 1502.5 1510.0
1495.0 1502.5 1510.0
1495.0 1502.5 1510.0
1495.0 1502.5 1510.0
1495.0 1502.5 1510.0
1495.0 1502.5 1510.0
1495.0 1502.5 1510.0
1495.0 1502.5 1510.0
1495.0 1502.5 1510.0
1353.0 1431.5 1510.0
1180.0 1345.0 1510.0
1180.0 1345.0 1510.0
1180.0 1345.0 1510.0
1180.0 1345.0 1510.0
1180.0 1345.0 1510.0
1180.0 1345.0 1510.0
1180.0 1299.5 1419.0
1180.0 1299.5 1419.0
1180.0 1299.5 1419.0
1180.0 1299.5 1419.0
1180.0 1299.5 1419.0
1180.0 1299.5 1419.0
1180.0 1299.5 1419.0
1180.0 1299.5 1419.0
1180.0 1299.5 1419.0
1180.0 1299.5 1419.0
1180.0 1299.5 1419.0
1180.0 1299.5 1419.0
1180.0 1299.5 1419.0
1180.0 1299.5 1419.0
1180.0 1299.5 1419.0
1180.0 1299.5 1419.0
1180.0 1299.5 1419.0
1180.0 1299.5 1419.0
1180.0 1299.5 1419.0
1180.0 1299.5 1419.0
1180.0 1299.5 1419.0
1180.0 1299.5 1419.0
1180.0 1299.5 1419.0
1180.0 1299.5 1419.0
1180.0 1299.5 1419.0
1180.0 1299.5 1419.0
1180.0 1299.5 1419.0
1180.0 1299.5 1419.0
1180.0 1299.5 1419.0
1180.0 1299.5 1419.0
1180.0 1299.5 1419.0
1180.0 1299.5 1419.0
1180.0 1299.5 1419.0
1180.0 1299.5 1419.0
1180.0 1299.5 1419.0
1180.0 1299.5 1419.0
1180.0 1299.5 1419.0
1180.0 1299.5 1419.0
1180.0 1299.5 1419.0
1180.0 1299.5 1419.0
1180.0 1299.5 1419.0
1180.0 1299.5 1419.0
1180.0 1299.5 1419.0
1180.0 1299.5 1419.0
1180.0 1299.5 1419.0
1180.0 1299.5 1419.0
1180.0 1299.5 1419.0
1180.0 1299.5 1419.0
1180.0 1299.5 1419.0
1180.0 1299.5 1419.0
1180.0 1299.5 1419.0
1180.0 1299.5 1419.0
1180.0 1299.5 1419.0
1180.0 1299.5 1419.0
1180.0 1299.5 1419.0
1180.0 1299.5 1419.0
