12428.0 13197.5 13967.0
13284.0 13564.5 13845.0
8715.0 9851.0 10987.0
8373.0 8609.0 8845.0
5915.0 7151.0 8387.0
4909.0 5269.5 5630.0
4040.0 4609.5 5179.0
3138.0 3164.5 3191.0
1971.0 2311.5 2652.0
1803.0 1887.0 1971.0
1769.0 1870.0 1971.0
1769.0 1870.0 1971.0
1769.0 1870.0 1971.0
1769.0 1870.0 1971.0
1769.0 1870.0 1971.0
1611.0 1690.0 1769.0
1611.0 1690.0 1769.0
1611.0 1690.0 1769.0
1611.0 1690.0 1769.0
1611.0 1690.0 1769.0
1611.0 1690.0 1769.0
1611.0 1690.0 1769.0
1582.0 1675.5 1769.0
1582.0 1675.5 1769.0
1582.0 1675.5 1769.0
1582.0 1675.5 1769.0
1582.0 1675.5 1769.0
1582.0 1675.5 1769.0
1582.0 1675.5 1769.0
1582.0 1675.5 1769.0
1582.0 1675.5 1769.0
1582.0 1675.5 1769.0
1582.0 1675.5 1769.0
1582.0 1675.5 1769.0
1582.0 1675.5 1769.0
1582.0 1675.5 1769.0
1582.0 1675.5 1769.0
1582.0 1675.5 1769.0
1582.0 1675.5 1769.0
1582.0 1675.5 1769.0
1582.0 1675.5 1769.0
1582.0 1675.5 1769.0
1582.0 1675.5 1769.0
1582.0 1675.5 1769.0
1582.0 1675.5 1769.0
1582.0 1675.5 1769.0
1582.0 1675.5 1769.0
1582.0 1675.5 1769.0
1582.0 1675.5 1769.0
1582.0 1675.5 1769.0
1582.0 1675.5 1769.0
1582.0 1675.5 1769.0
1582.0 1675.5 1769.0
1582.0 1675.5 1769.0
1582.0 1675.5 1769.0
1582.0 1675.5 1769.0
1582.0 1675.5 1769.0
1582.0 1675.5 1769.0
1582.0 1675.5 1769.0
1582.0 1675.5 1769.0
1582.0 1675.5 1769.0
1582.0 1675.5 1769.0
1582.0 1675.5 1769.0
1582.0 1675.5 1769.0
1582.0 1675.5 1769.0
1582.0 1675.5 1769.0
1582.0 1675.5 1769.0
1582.0 1675.5 1769.0
1582.0 1675.5 1769.0
1582.0 1675.5 1769.0
1582.0 1675.5 1769.0
1582.0 1675.5 1769.0
1582.0 1675.5 1769.0
1582.0 1675.5 1769.0
1582.0 1675.5 1769.0
1582.0 1675.5 1769.0
1582.0 1675.5 1769.0
1582.0 1675.5 1769.0
1582.0 1675.5 1769.0
1582.0 1675.5 1769.0
1582.0 1675.5 1769.0
1582.0 1675.5 1769.0
1582.0 1675.5 1769.0
1582.0 1675.5 1769.0
1582.0 1675.5 1769.0
1582.0 1675.5 1769.0
1582.0 1675.5 1769.0
1582.0 1675.5 1769.0
1582.0 1675.5 1769.0
1582.0 1675.5 1769.0
1582.0 1675.5 1769.0
1582.0 1675.5 1769.0
1582.0 1675.5 1769.0
1582.0 1675.5 1769.0
1582.0 1675.5 1769.0
1582.0 1675.5 1769.0
1582.0 1675.5 1769.0
1582.0 1675.5 1769.0
1582.0 1675.5 1769.0
1582.0 1675.5 1769.0
1582.0 1675.5 1769.0
1582.0 1675.5 1769.0
1582.0 1675.5 1769.0
1582.0 1675.5 1769.0
1582.0 1675.5 1769.0
1582.0 1675.5 1769.0
1582.0 1675.5 1769.0
1582.0 1675.5 1769.0
1582.0 1675.5 1769.0
1582.0 1675.5 1769.0
1582.0 1675.5 1769.0
1582.0 1675.5 1769.0
1582.0 1675.5 1769.0
1582.0 1675.5 1769.0
1582.0 1675.5 1769.0
1582.0 1675.5 1769.0
1582.0 1675.5 1769.0
1582.0 1675.5 1769.0
1582.0 1675.5 1769.0
1582.0 1675.5 1769.0
1582.0 1675.5 1769.0
1582.0 1675.5 1769.0
1582.0 1675.5 1769.0
1582.0 1675.5 1769.0
1582.0 1675.5 1769.0
1582.0 1675.5 1769.0
1582.0 1675.5 1769.0
1582.0 1675.5 1769.0
1582.0 1675.5 1769.0
1582.0 1675.5 1769.0
1582.0 1675.5 1769.0
1582.0 1675.5 1769.0
1582.0 1675.5 1769.0
1582.0 1675.5 1769.0
1582.0 1675.5 1769.0
1401.0 1491.5 1582.0
1401.0 1491.5 1582.0
1401.0 1491.5 1582.0
1401.0 1491.5 1582.0
1401.0 1491.5 1582.0
1401.0 1491.5 1582.0
1401.0 1491.5 1582.0
1401.0 1491.5 1582.0
1401.0 1491.5 1582.0
1401.0 1491.5 1582.0
1401.0 1491.5 1582.0
1401.0 1491.5 1582.0
1401.0 1491.5 1582.0
1401.0 1491.5 1582.0
1401.0 1491.5 1582.0
1401.0 1491.5 1582.0
1401.0 1491.5 1582.0
1401.0 1491.5 1582.0
1401.0 1491.5 1582.0
1401.0 1491.5 1582.0
1401.0 1491.5 1582.0
1401.0 1491.5 1582.0
1401.0 1491.5 1582.0
1401.0 1491.5 1582.0
1401.0 1491.5 1582.0
1401.0 1491.5 1582.0
1401.0 1491.5 1582.0
1401.0 1491.5 1582.0
1401.0 1491.5 1582.0
1401.0 1491.5 1582.0
1401.0 1491.5 1582.0
1401.0 1491.5 1582.0
1401.0 1491.5 1582.0
1401.0 1491.5 1582.0
1401.0 1491.5 1582.0
1401.0 1491.5 1582.0
1401.0 1491.5 1582.0
1401.0 1491.5 1582.0
1401.0 1491.5 1582.0
1401.0 1491.5 1582.0
1401.0 1491.5 1582.0
1401.0 1491.5 1582.0
1401.0 1491.5 1582.0
1401.0 1491.5 1582.0
1401.0 1491.5 1582.0
1401.0 1491.5 1582.0
1401.0 1491.5 1582.0
1401.0 1491.5 1582.0
1401.0 1491.5 1582.0
1401.0 1491.5 1582.0
1401.0 1491.5 1582.0
1401.0 1491.5 1582.0
1401.0 1491.5 1582.0
1401.0 1491.5 1582.0
1401.0 1491.5 1582.0
1401.0 1491.5 1582.0
1401.0 1491.5 1582.0
1401.0 1491.5 1582.0
1401.0 1491.5 1582.0
1401.0 1491.5 1582.0
1401.0 1491.5 1582.0
1401.0 1491.5 1582.0
1401.0 1491.5 1582.0
1401.0 1491.5 1582.0
1401.0 1491.5 1582.0
