10146.0 12669.5 15193.0
8132.0 10351.5 12571.0
8907.0 8951.5 8996.0
7067.0 8766.0 10465.0
5369.0 6402.0 7435.0
5369.0 5706.5 6044.0
4164.0 4959.0 5754.0
2778.0 3471.0 4164.0
2201.0 2489.5 2778.0
2201.0 2336.5 2472.0
2192.0 2196.5 2201.0
1539.0 1870.0 2201.0
1539.0 1870.0 2201.0
1539.0 1870.0 2201.0
1539.0 1543.0 1547.0
1539.0 1543.0 1547.0
1539.0 1548.5 1558.0
1455.0 1497.0 1539.0
1455.0 1497.0 1539.0
1455.0 1497.0 1539.0
1455.0 1497.0 1539.0
1455.0 1497.0 1539.0
1455.0 1497.0 1539.0
1455.0 1497.0 1539.0
1455.0 1497.0 1539.0
1455.0 1497.0 1539.0
1455.0 1497.0 1539.0
1455.0 1497.0 1539.0
1455.0 1497.0 1539.0
1455.0 1497.0 1539.0
1455.0 1497.0 1539.0
1455.0 1497.0 1539.0
1455.0 1497.0 1539.0
1455.0 1497.0 1539.0
1455.0 1497.0 1539.0
1455.0 1497.0 1539.0
1455.0 1497.0 1539.0
1455.0 1497.0 1539.0
1455.0 1497.0 1539.0
1455.0 1497.0 1539.0
1455.0 1497.0 1539.0
1455.0 1497.0 1539.0
1455.0 1497.0 1539.0
1455.0 1497.0 1539.0
1455.0 1497.0 1539.0
1455.0 1497.0 1539.0
1455.0 1497.0 1539.0
1455.0 1497.0 1539.0
1455.0 1473.5 1492.0
1455.0 1473.5 1492.0
1455.0 1473.5 1492.0
1455.0 1473.5 1492.0
1455.0 1473.5 1492.0
1455.0 1473.5 1492.0
1455.0 1473.5 1492.0
1455.0 1473.5 1492.0
1455.0 1473.5 1492.0
1455.0 1473.5 1492.0
1455.0 1473.5 1492.0
1455.0 1473.5 1492.0
1455.0 1473.5 1492.0
1455.0 1473.5 1492.0
1455.0 1473.5 1492.0
1455.0 1473.5 1492.0
1455.0 1473.5 1492.0
1455.0 1473.5 1492.0
1455.0 1473.5 1492.0
1455.0 1473.5 1492.0
1455.0 1473.5 1492.0
1455.0 1473.5 1492.0
1455.0 1473.5 1492.0
1455.0 1473.5 1492.0
1455.0 1473.5 1492.0
1455.0 1473.5 1492.0
1455.0 1473.5 1492.0
1455.0 1473.5 1492.0
1455.0 1473.5 1492.0
1455.0 1473.5 1492.0
1455.0 1473.5 1492.0
1455.0 1473.5 1492.0
1455.0 1473.5 1492.0
1455.0 1473.5 1492.0
1455.0 1473.5 1492.0
1455.0 1473.5 1492.0
1455.0 1473.5 1492.0
1455.0 1473.5 1492.0
1455.0 1473.5 1492.0
1455.0 1473.5 1492.0
1455.0 1473.5 1492.0
1455.0 1473.5 1492.0
1455.0 1473.5 1492.0
1455.0 1473.5 1492.0
1455.0 1473.5 1492.0
1455.0 1473.5 1492.0
1455.0 1473.5 1492.0
1455.0 1473.5 1492.0
1455.0 1473.5 1492.0
1455.0 1473.5 1492.0
1455.0 1473.5 1492.0
1455.0 1473.5 1492.0
1455.0 1473.5 1492.0
1455.0 1473.5 1492.0
1455.0 1473.5 1492.0
1455.0 1473.5 1492.0
1455.0 1473.5 1492.0
1455.0 1473.5 1492.0
1455.0 1473.5 1492.0
1455.0 1473.5 1492.0
1455.0 1473.5 1492.0
1455.0 1473.5 1492.0
1455.0 1473.5 1492.0
1455.0 1473.5 1492.0
1455.0 1473.5 1492.0
1455.0 1473.5 1492.0
1455.0 1473.5 1492.0
1455.0 1473.5 1492.0
1455.0 1473.5 1492.0
1455.0 1473.5 1492.0
1455.0 1473.5 1492.0
1455.0 1473.5 1492.0
1455.0 1473.5 1492.0
1455.0 1473.5 1492.0
1455.0 1473.5 1492.0
1455.0 1473.5 1492.0
1455.0 1473.5 1492.0
1455.0 1473.5 1492.0
1455.0 1473.5 1492.0
1455.0 1473.5 1492.0
1455.0 1473.5 1492.0
1455.0 1473.5 1492.0
1455.0 1473.5 1492.0
1455.0 1473.5 1492.0
1455.0 1473.5 1492.0
1455.0 1473.5 1492.0
1455.0 1473.5 1492.0
1455.0 1473.5 1492.0
1455.0 1473.5 1492.0
1455.0 1473.5 1492.0
1455.0 1473.5 1492.0
1455.0 1473.5 1492.0
1455.0 1473.5 1492.0
1455.0 1473.5 1492.0
1455.0 1473.5 1492.0
1455.0 1473.5 1492.0
1455.0 1473.5 1492.0
1455.0 1473.5 1492.0
1455.0 1473.5 1492.0
1455.0 1473.5 1492.0
1455.0 1473.5 1492.0
1455.0 1473.5 1492.0
1455.0 1473.5 1492.0
1455.0 1473.5 1492.0
1455.0 1473.5 1492.0
1455.0 1473.5 1492.0
1455.0 1473.5 1492.0
1455.0 1473.5 1492.0
1455.0 1473.5 1492.0
1455.0 1473.5 1492.0
1455.0 1473.5 1492.0
1455.0 1473.5 1492.0
1455.0 1473.5 1492.0
1455.0 1473.5 1492.0
1455.0 1473.5 1492.0
1455.0 1473.5 1492.0
1455.0 1473.5 1492.0
1455.0 1473.5 1492.0
1455.0 1473.5 1492.0
1455.0 1473.5 1492.0
1455.0 1473.5 1492.0
1455.0 1473.5 1492.0
1455.0 1473.5 1492.0
1455.0 1473.5 1492.0
1455.0 1473.5 1492.0
1455.0 1473.5 1492.0
1455.0 1473.5 1492.0
1455.0 1473.5 1492.0
1455.0 1473.5 1492.0
1455.0 1473.5 1492.0
1455.0 1473.5 1492.0
1455.0 1473.5 1492.0
1455.0 1473.5 1492.0
1455.0 1473.5 1492.0
1455.0 1473.5 1492.0
1455.0 1473.5 1492.0
1455.0 1473.5 1492.0
1455.0 1473.5 1492.0
1455.0 1473.5 1492.0
1455.0 1473.5 1492.0
1455.0 1473.5 1492.0
1455.0 1473.5 1492.0
1455.0 1473.5 1492.0
1455.0 1473.5 1492.0
1455.0 1473.5 1492.0
1455.0 1473.5 1492.0
1455.0 1473.5 1492.0
1455.0 1473.5 1492.0
1455.0 1473.5 1492.0
1455.0 1473.5 1492.0
1455.0 1473.5 1492.0
1455.0 1473.5 1492.0
