15333.0 15366.5 15400.0
12110.0 12309.0 12508.0
9528.0 9950.5 10373.0
8006.0 9088.5 10171.0
5462.0 6887.0 8312.0
4585.0 4806.5 5028.0
4133.0 4580.5 5028.0
3357.0 4491.0 5625.0
3634.0 3708.0 3782.0
2978.0 3199.5 3421.0
2100.0 2539.0 2978.0
2100.0 2539.0 2978.0
2100.0 2539.0 2978.0
2100.0 2539.0 2978.0
2100.0 2539.0 2978.0
2100.0 2539.0 2978.0
2100.0 2539.0 2978.0
2100.0 2539.0 2978.0
2100.0 2539.0 2978.0
2100.0 2539.0 2978.0
2100.0 2539.0 2978.0
2100.0 2539.0 2978.0
2100.0 2539.0 2978.0
2100.0 2296.0 2492.0
2100.0 2296.0 2492.0
2100.0 2296.0 2492.0
2100.0 2296.0 2492.0
2100.0 2296.0 2492.0
2100.0 2296.0 2492.0
2100.0 2296.0 2492.0
2100.0 2296.0 2492.0
2100.0 2296.0 2492.0
2100.0 2296.0 2492.0
2100.0 2296.0 2492.0
2100.0 2296.0 2492.0
2100.0 2296.0 2492.0
2100.0 2296.0 2492.0
2100.0 2296.0 2492.0
2100.0 2296.0 2492.0
2100.0 2296.0 2492.0
2100.0 2296.0 2492.0
2100.0 2296.0 2492.0
2100.0 2296.0 2492.0
2100.0 2296.0 2492.0
2100.0 2296.0 2492.0
2100.0 2296.0 2492.0
2100.0 2296.0 2492.0
2100.0 2296.0 2492.0
2100.0 2296.0 2492.0
2100.0 2296.0 2492.0
2100.0 2296.0 2492.0
2079.0 2089.5 2100.0
2100.0 2123.0 2146.0
1409.0 1754.5 2100.0
1409.0 1754.5 2100.0
1409.0 1754.5 2100.0
1409.0 1754.5 2100.0
1409.0 1676.0 1943.0
1409.0 1606.5 1804.0
1409.0 1606.5 1804.0
1409.0 1606.5 1804.0
1409.0 1606.5 1804.0
1409.0 1606.5 1804.0
1409.0 1606.5 1804.0
1409.0 1606.5 1804.0
1409.0 1606.5 1804.0
1409.0 1606.5 1804.0
1409.0 1606.5 1804.0
1409.0 1606.5 1804.0
1409.0 1606.5 1804.0
1409.0 1606.5 1804.0
1409.0 1606.5 1804.0
1409.0 1606.5 1804.0
1409.0 1606.5 1804.0
1409.0 1606.5 1804.0
1409.0 1606.5 1804.0
1409.0 1606.5 1804.0
1409.0 1606.5 1804.0
1409.0 1606.5 1804.0
1409.0 1606.5 1804.0
1409.0 1606.5 1804.0
1409.0 1606.5 1804.0
1409.0 1606.5 1804.0
1409.0 1606.5 1804.0
1409.0 1606.5 1804.0
1409.0 1606.5 1804.0
1409.0 1606.5 1804.0
1409.0 1606.5 1804.0
1409.0 1606.5 1804.0
1409.0 1606.5 1804.0
1409.0 1606.5 1804.0
1409.0 1606.5 1804.0
1409.0 1606.5 1804.0
1409.0 1606.5 1804.0
1409.0 1606.5 1804.0
1409.0 1606.5 1804.0
1409.0 1606.5 1804.0
1409.0 1606.5 1804.0
1409.0 1606.5 1804.0
1409.0 1606.5 1804.0
1409.0 1606.5 1804.0
1409.0 1606.5 1804.0
1409.0 1606.5 1804.0
1409.0 1606.5 1804.0
1409.0 1606.5 1804.0
1409.0 1606.5 1804.0
1409.0 1606.5 1804.0
1409.0 1606.5 1804.0
1409.0 1606.5 1804.0
1409.0 1606.5 1804.0
1409.0 1606.5 1804.0
1409.0 1606.5 1804.0
1409.0 1606.5 1804.0
1409.0 1606.5 1804.0
1409.0 1606.5 1804.0
1409.0 1606.5 1804.0
1409.0 1606.5 1804.0
1409.0 1606.5 1804.0
1409.0 1606.5 1804.0
1409.0 1606.5 1804.0
1409.0 1606.5 1804.0
1409.0 1606.5 1804.0
1409.0 1606.5 1804.0
1409.0 1606.5 1804.0
1409.0 1606.5 1804.0
1409.0 1606.5 1804.0
1409.0 1606.5 1804.0
1409.0 1606.5 1804.0
1409.0 1606.5 1804.0
1409.0 1606.5 1804.0
1409.0 1606.5 1804.0
1409.0 1606.5 1804.0
1409.0 1606.5 1804.0
1409.0 1606.5 1804.0
1409.0 1606.5 1804.0
1409.0 1606.5 1804.0
1409.0 1606.5 1804.0
1409.0 1606.5 1804.0
1409.0 1606.5 1804.0
1409.0 1606.5 1804.0
1409.0 1606.5 1804.0
1409.0 1606.5 1804.0
1409.0 1606.5 1804.0
1409.0 1606.5 1804.0
1409.0 1606.5 1804.0
1409.0 1606.5 1804.0
1409.0 1606.5 1804.0
1409.0 1606.5 1804.0
1409.0 1606.5 1804.0
1409.0 1606.5 1804.0
1409.0 1606.5 1804.0
1409.0 1606.5 1804.0
1409.0 1606.5 1804.0
1409.0 1606.5 1804.0
1409.0 1606.5 1804.0
1409.0 1606.5 1804.0
1409.0 1606.5 1804.0
1409.0 1606.5 1804.0
1409.0 1606.5 1804.0
1409.0 1606.5 1804.0
1409.0 1606.5 1804.0
1409.0 1606.5 1804.0
1409.0 1606.5 1804.0
1409.0 1606.5 1804.0
1409.0 1606.5 1804.0
1409.0 1606.5 1804.0
1409.0 1606.5 1804.0
1409.0 1606.5 1804.0
1409.0 1606.5 1804.0
1409.0 1606.5 1804.0
1409.0 1606.5 1804.0
1409.0 1606.5 1804.0
873.0 1338.5 1804.0
873.0 1338.5 1804.0
873.0 1338.5 1804.0
873.0 1338.5 1804.0
873.0 1338.5 1804.0
873.0 1338.5 1804.0
873.0 1338.5 1804.0
873.0 1338.5 1804.0
873.0 1338.5 1804.0
873.0 1338.5 1804.0
873.0 1338.5 1804.0
873.0 1338.5 1804.0
873.0 1338.5 1804.0
873.0 1338.5 1804.0
873.0 1338.5 1804.0
873.0 1338.5 1804.0
873.0 1338.5 1804.0
873.0 1338.5 1804.0
873.0 1338.5 1804.0
873.0 1338.5 1804.0
873.0 1338.5 1804.0
873.0 1338.5 1804.0
873.0 1338.5 1804.0
873.0 1338.5 1804.0
873.0 1338.5 1804.0
873.0 1338.5 1804.0
873.0 1338.5 1804.0
873.0 1338.5 1804.0
