13127.0 13237.5 13348.0
12342.0 13244.0 14146.0
8604.0 9531.0 10458.0
6867.0 8030.0 9193.0
5646.0 6979.5 8313.0
5207.0 5430.5 5654.0
3712.0 4128.5 4545.0
3712.0 4235.0 4758.0
3231.0 3249.5 3268.0
3231.0 3303.0 3375.0
3231.0 3249.5 3268.0
2507.0 2869.0 3231.0
2507.0 2869.0 3231.0
2080.0 2655.5 3231.0
2080.0 2655.5 3231.0
1959.0 2595.0 3231.0
1616.0 2423.5 3231.0
1616.0 2423.5 3231.0
1616.0 2423.5 3231.0
1616.0 2423.5 3231.0
1616.0 2423.5 3231.0
1616.0 2423.5 3231.0
1616.0 2423.5 3231.0
1616.0 2423.5 3231.0
1616.0 2231.5 2847.0
1616.0 1866.0 2116.0
1616.0 1866.0 2116.0
1616.0 1866.0 2116.0
1616.0 1866.0 2116.0
1616.0 1866.0 2116.0
1616.0 1866.0 2116.0
1616.0 1632.0 1648.0
1616.0 1632.0 1648.0
1527.0 1571.5 1616.0
1527.0 1571.5 1616.0
1527.0 1571.5 1616.0
1527.0 1571.5 1616.0
1527.0 1571.5 1616.0
1527.0 1571.5 1616.0
1527.0 1571.5 1616.0
1527.0 1571.5 1616.0
1527.0 1571.5 1616.0
1527.0 1571.5 1616.0
1527.0 1571.5 1616.0
1527.0 1571.5 1616.0
1527.0 1571.5 1616.0
1527.0 1571.5 1616.0
1527.0 1571.5 1616.0
1527.0 1571.5 1616.0
1527.0 1571.5 1616.0
1527.0 1571.5 1616.0
1527.0 1571.5 1616.0
1527.0 1571.5 1616.0
1527.0 1571.5 1616.0
1527.0 1571.5 1616.0
1527.0 1571.5 1616.0
1527.0 1571.5 1616.0
1527.0 1571.5 1616.0
1527.0 1571.5 1616.0
1527.0 1571.5 1616.0
1527.0 1571.5 1616.0
1527.0 1571.5 1616.0
1527.0 1571.5 1616.0
1527.0 1571.5 1616.0
1527.0 1571.5 1616.0
1527.0 1571.5 1616.0
1527.0 1571.5 1616.0
1527.0 1571.5 1616.0
1527.0 1571.5 1616.0
1527.0 1571.5 1616.0
1527.0 1571.5 1616.0
1527.0 1571.5 1616.0
1527.0 1571.5 1616.0
1527.0 1571.5 1616.0
1527.0 1571.5 1616.0
1527.0 1571.5 1616.0
1527.0 1571.5 1616.0
1527.0 1571.5 1616.0
1527.0 1571.5 1616.0
1527.0 1571.5 1616.0
1527.0 1571.5 1616.0
1527.0 1571.5 1616.0
1527.0 1571.5 1616.0
1527.0 1571.5 1616.0
1527.0 1571.5 1616.0
1527.0 1571.5 1616.0
1527.0 1571.5 1616.0
1527.0 1571.5 1616.0
1527.0 1571.5 1616.0
1527.0 1571.5 1616.0
1527.0 1571.5 1616.0
1527.0 1571.5 1616.0
1527.0 1571.5 1616.0
1527.0 1571.5 1616.0
1527.0 1571.5 1616.0
1527.0 1571.5 1616.0
1527.0 1571.5 1616.0
1527.0 1571.5 1616.0
1389.0 1502.5 1616.0
1389.0 1502.5 1616.0
1131.0 1373.5 1616.0
1131.0 1373.5 1616.0
1131.0 1373.5 1616.0
1131.0 1373.5 1616.0
1131.0 1373.5 1616.0
1131.0 1373.5 1616.0
1131.0 1373.5 1616.0
1131.0 1373.5 1616.0
1131.0 1373.5 1616.0
1131.0 1373.5 1616.0
1131.0 1373.5 1616.0
1131.0 1373.5 1616.0
1131.0 1373.5 1616.0
1131.0 1373.5 1616.0
1131.0 1373.5 1616.0
1131.0 1373.5 1616.0
1131.0 1373.5 1616.0
1131.0 1373.5 1616.0
1131.0 1373.5 1616.0
1131.0 1373.5 1616.0
1131.0 1373.5 1616.0
1131.0 1373.5 1616.0
1131.0 1373.5 1616.0
1131.0 1373.5 1616.0
1131.0 1373.5 1616.0
1131.0 1373.5 1616.0
1131.0 1373.5 1616.0
1131.0 1373.5 1616.0
1131.0 1373.5 1616.0
1131.0 1373.5 1616.0
1131.0 1373.5 1616.0
1131.0 1373.5 1616.0
1131.0 1373.5 1616.0
1131.0 1373.5 1616.0
1131.0 1373.5 1616.0
1131.0 1373.5 1616.0
1131.0 1373.5 1616.0
1131.0 1373.5 1616.0
1131.0 1373.5 1616.0
1131.0 1373.5 1616.0
1131.0 1373.5 1616.0
1131.0 1373.5 1616.0
1131.0 1373.5 1616.0
1131.0 1373.5 1616.0
1131.0 1373.5 1616.0
1131.0 1373.5 1616.0
1131.0 1373.5 1616.0
1131.0 1373.5 1616.0
1131.0 1373.5 1616.0
1131.0 1373.5 1616.0
1131.0 1373.5 1616.0
1131.0 1373.5 1616.0
1131.0 1373.5 1616.0
1131.0 1373.5 1616.0
1131.0 1373.5 1616.0
1131.0 1373.5 1616.0
1131.0 1373.5 1616.0
1131.0 1373.5 1616.0
1131.0 1373.5 1616.0
1131.0 1373.5 1616.0
1131.0 1373.5 1616.0
1131.0 1373.5 1616.0
1131.0 1373.5 1616.0
1131.0 1373.5 1616.0
1131.0 1373.5 1616.0
1131.0 1373.5 1616.0
1131.0 1373.5 1616.0
1131.0 1373.5 1616.0
1131.0 1373.5 1616.0
1131.0 1373.5 1616.0
1131.0 1373.5 1616.0
1131.0 1373.5 1616.0
1131.0 1373.5 1616.0
1131.0 1373.5 1616.0
1131.0 1373.5 1616.0
1131.0 1373.5 1616.0
1131.0 1373.5 1616.0
1131.0 1373.5 1616.0
1131.0 1373.5 1616.0
1131.0 1373.5 1616.0
1131.0 1373.5 1616.0
1131.0 1373.5 1616.0
1131.0 1373.5 1616.0
1131.0 1373.5 1616.0
1131.0 1373.5 1616.0
1131.0 1373.5 1616.0
1131.0 1373.5 1616.0
1131.0 1373.5 1616.0
1131.0 1373.5 1616.0
1131.0 1373.5 1616.0
1131.0 1373.5 1616.0
1131.0 1373.5 1616.0
1131.0 1373.5 1616.0
1131.0 1373.5 1616.0
1131.0 1373.5 1616.0
1131.0 1373.5 1616.0
1131.0 1373.5 1616.0
1131.0 1373.5 1616.0
1131.0 1373.5 1616.0
1131.0 1373.5 1616.0
