14477.0 15638.5 16800.0
10967.0 11800.0 12633.0
9253.0 9323.5 9394.0
9514.0 9684.5 9855.0
6918.0 7193.5 7469.0
4486.0 5218.5 5951.0
3798.0 4447.5 5097.0
3724.0 3797.0 3870.0
2445.0 2479.5 2514.0
2445.0 2479.5 2514.0
2445.0 2479.5 2514.0
2445.0 2479.5 2514.0
2445.0 2479.5 2514.0
2268.0 2356.5 2445.0
2170.0 2190.5 2211.0
1776.0 1786.0 1796.0
1521.0 1648.5 1776.0
1521.0 1648.5 1776.0
853.0 1314.5 1776.0
853.0 1314.5 1776.0
853.0 1314.5 1776.0
853.0 1314.5 1776.0
853.0 1314.5 1776.0
853.0 1314.5 1776.0
853.0 1314.5 1776.0
853.0 1314.5 1776.0
853.0 1314.5 1776.0
853.0 1314.5 1776.0
853.0 1314.5 1776.0
853.0 1314.5 1776.0
853.0 1314.5 1776.0
853.0 1314.5 1776.0
853.0 1314.5 1776.0
853.0 1314.5 1776.0
853.0 1314.5 1776.0
853.0 1314.5 1776.0
853.0 1314.5 1776.0
853.0 1314.5 1776.0
853.0 1314.5 1776.0
853.0 1260.5 1668.0
853.0 1260.5 1668.0
853.0 1260.5 1668.0
853.0 1260.5 1668.0
853.0 1260.5 1668.0
853.0 1260.5 1668.0
853.0 1260.5 1668.0
853.0 1260.5 1668.0
853.0 1260.5 1668.0
853.0 1260.5 1668.0
853.0 1260.5 1668.0
853.0 1260.5 1668.0
853.0 1260.5 1668.0
853.0 1260.5 1668.0
853.0 1260.5 1668.0
853.0 1260.5 1668.0
853.0 1260.5 1668.0
853.0 1260.5 1668.0
853.0 1260.5 1668.0
853.0 1260.5 1668.0
853.0 1260.5 1668.0
853.0 1260.5 1668.0
853.0 1260.5 1668.0
853.0 1260.5 1668.0
853.0 1260.5 1668.0
853.0 1260.5 1668.0
853.0 1260.5 1668.0
853.0 1260.5 1668.0
853.0 1260.5 1668.0
853.0 1260.5 1668.0
853.0 1260.5 1668.0
853.0 1260.5 1668.0
853.0 1260.5 1668.0
853.0 1260.5 1668.0
853.0 1260.5 1668.0
853.0 1260.5 1668.0
853.0 1260.5 1668.0
853.0 1260.5 1668.0
853.0 1260.5 1668.0
853.0 1260.5 1668.0
853.0 1260.5 1668.0
853.0 1260.5 1668.0
853.0 1260.5 1668.0
853.0 1260.5 1668.0
853.0 1260.5 1668.0
853.0 1260.5 1668.0
853.0 1260.5 1668.0
853.0 1260.5 1668.0
853.0 1260.5 1668.0
853.0 1260.5 1668.0
853.0 1260.5 1668.0
853.0 1260.5 1668.0
853.0 1260.5 1668.0
853.0 1260.5 1668.0
853.0 1260.5 1668.0
853.0 1260.5 1668.0
853.0 1260.5 1668.0
853.0 1260.5 1668.0
853.0 1260.5 1668.0
853.0 1260.5 1668.0
853.0 1260.5 1668.0
853.0 1260.5 1668.0
853.0 1260.5 1668.0
853.0 1260.5 1668.0
853.0 1260.5 1668.0
853.0 1260.5 1668.0
853.0 1260.5 1668.0
853.0 1260.5 1668.0
853.0 1260.5 1668.0
853.0 1260.5 1668.0
853.0 1260.5 1668.0
853.0 1260.5 1668.0
853.0 1260.5 1668.0
853.0 1260.5 1668.0
853.0 1260.5 1668.0
853.0 1260.5 1668.0
853.0 1260.5 1668.0
853.0 1260.5 1668.0
853.0 1260.5 1668.0
853.0 1260.5 1668.0
853.0 1260.5 1668.0
853.0 1260.5 1668.0
853.0 1260.5 1668.0
853.0 1260.5 1668.0
853.0 1260.5 1668.0
853.0 1260.5 1668.0
853.0 1260.5 1668.0
853.0 1260.5 1668.0
853.0 1260.5 1668.0
853.0 1260.5 1668.0
853.0 1260.5 1668.0
853.0 1260.5 1668.0
853.0 1260.5 1668.0
853.0 1260.5 1668.0
853.0 1260.5 1668.0
853.0 1260.5 1668.0
853.0 1260.5 1668.0
853.0 1260.5 1668.0
853.0 1286.0 1719.0
853.0 1145.0 1437.0
853.0 1145.0 1437.0
853.0 1145.0 1437.0
853.0 1145.0 1437.0
853.0 1145.0 1437.0
853.0 1145.0 1437.0
853.0 1145.0 1437.0
853.0 1145.0 1437.0
853.0 1145.0 1437.0
853.0 1145.0 1437.0
853.0 1145.0 1437.0
853.0 1145.0 1437.0
853.0 1145.0 1437.0
853.0 1145.0 1437.0
853.0 1145.0 1437.0
853.0 1145.0 1437.0
853.0 1145.0 1437.0
853.0 1145.0 1437.0
853.0 1145.0 1437.0
853.0 1145.0 1437.0
853.0 1145.0 1437.0
853.0 1145.0 1437.0
853.0 1145.0 1437.0
853.0 1145.0 1437.0
853.0 1145.0 1437.0
853.0 1145.0 1437.0
853.0 1145.0 1437.0
853.0 1145.0 1437.0
853.0 1145.0 1437.0
853.0 1145.0 1437.0
853.0 1145.0 1437.0
853.0 1145.0 1437.0
853.0 1145.0 1437.0
853.0 1145.0 1437.0
853.0 1145.0 1437.0
853.0 1145.0 1437.0
853.0 1145.0 1437.0
853.0 1145.0 1437.0
853.0 1145.0 1437.0
853.0 1145.0 1437.0
853.0 1145.0 1437.0
853.0 1145.0 1437.0
853.0 1145.0 1437.0
853.0 1145.0 1437.0
853.0 1145.0 1437.0
853.0 1145.0 1437.0
853.0 1145.0 1437.0
853.0 1145.0 1437.0
853.0 1145.0 1437.0
853.0 1145.0 1437.0
853.0 1145.0 1437.0
853.0 1145.0 1437.0
853.0 1145.0 1437.0
853.0 1145.0 1437.0
853.0 1145.0 1437.0
853.0 1145.0 1437.0
853.0 1145.0 1437.0
853.0 1145.0 1437.0
853.0 1145.0 1437.0
853.0 1145.0 1437.0
853.0 1145.0 1437.0
853.0 1145.0 1437.0
