11448.0 13438.0 15428.0
12569.0 13246.0 13923.0
9178.0 9873.5 10569.0
5740.0 6613.5 7487.0
6547.0 6638.5 6730.0
3973.0 4254.5 4536.0
3883.0 4067.0 4251.0
3628.0 3683.0 3738.0
3043.0 3503.5 3964.0
2612.0 3114.0 3616.0
2160.0 2880.5 3601.0
2638.0 2658.5 2679.0
2133.0 2508.0 2883.0
1482.0 2182.5 2883.0
1482.0 2010.0 2538.0
1482.0 2010.0 2538.0
1482.0 2010.0 2538.0
1482.0 1688.0 1894.0
1482.0 1688.0 1894.0
1335.0 1408.5 1482.0
1335.0 1408.5 1482.0
1335.0 1408.5 1482.0
1335.0 1408.5 1482.0
1335.0 1408.5 1482.0
1335.0 1408.5 1482.0
1335.0 1408.5 1482.0
1335.0 1408.5 1482.0
1335.0 1408.5 1482.0
1335.0 1408.5 1482.0
1335.0 1408.5 1482.0
1335.0 1408.5 1482.0
1335.0 1408.5 1482.0
1335.0 1408.5 1482.0
1335.0 1408.5 1482.0
1335.0 1408.5 1482.0
1335.0 1408.5 1482.0
1335.0 1408.5 1482.0
1335.0 1408.5 1482.0
1335.0 1408.5 1482.0
1335.0 1408.5 1482.0
1335.0 1408.5 1482.0
1335.0 1408.5 1482.0
1335.0 1408.5 1482.0
1335.0 1408.5 1482.0
1335.0 1408.5 1482.0
1335.0 1408.5 1482.0
1335.0 1408.5 1482.0
1335.0 1408.5 1482.0
1335.0 1408.5 1482.0
1335.0 1408.5 1482.0
1335.0 1408.5 1482.0
1335.0 1408.5 1482.0
1335.0 1408.5 1482.0
1335.0 1408.5 1482.0
1335.0 1408.5 1482.0
1335.0 1408.5 1482.0
1335.0 1408.5 1482.0
1335.0 1408.5 1482.0
1335.0 1408.5 1482.0
1335.0 1408.5 1482.0
1335.0 1408.5 1482.0
1335.0 1408.5 1482.0
1335.0 1408.5 1482.0
1335.0 1408.5 1482.0
1335.0 1408.5 1482.0
1335.0 1408.5 1482.0
1335.0 1408.5 1482.0
1335.0 1408.5 1482.0
1335.0 1408.5 1482.0
1335.0 1408.5 1482.0
1335.0 1408.5 1482.0
1335.0 1408.5 1482.0
1335.0 1408.5 1482.0
1335.0 1408.5 1482.0
1335.0 1408.5 1482.0
1335.0 1408.5 1482.0
1335.0 1408.5 1482.0
1335.0 1408.5 1482.0
1335.0 1408.5 1482.0
1335.0 1408.5 1482.0
1335.0 1408.5 1482.0
1335.0 1408.5 1482.0
1335.0 1408.5 1482.0
1335.0 1408.5 1482.0
1335.0 1408.5 1482.0
1335.0 1408.5 1482.0
1335.0 1408.5 1482.0
1335.0 1408.5 1482.0
1335.0 1408.5 1482.0
1335.0 1408.5 1482.0
1335.0 1408.5 1482.0
1335.0 1408.5 1482.0
1335.0 1408.5 1482.0
1335.0 1408.5 1482.0
1335.0 1408.5 1482.0
1335.0 1408.5 1482.0
1335.0 1408.5 1482.0
1335.0 1408.5 1482.0
1335.0 1408.5 1482.0
1335.0 1408.5 1482.0
1335.0 1408.5 1482.0
1335.0 1408.5 1482.0
1335.0 1408.5 1482.0
1335.0 1408.5 1482.0
1335.0 1408.5 1482.0
1335.0 1408.5 1482.0
1335.0 1408.5 1482.0
1335.0 1408.5 1482.0
1335.0 1408.5 1482.0
1335.0 1408.5 1482.0
1335.0 1408.5 1482.0
1335.0 1408.5 1482.0
1335.0 1408.5 1482.0
1335.0 1408.5 1482.0
1335.0 1408.5 1482.0
1335.0 1408.5 1482.0
1335.0 1408.5 1482.0
1335.0 1408.5 1482.0
992.0 1163.5 1335.0
1288.0 1311.5 1335.0
1288.0 1311.5 1335.0
801.0 1068.0 1335.0
801.0 1068.0 1335.0
801.0 1068.0 1335.0
801.0 1068.0 1335.0
801.0 1068.0 1335.0
801.0 1068.0 1335.0
801.0 1068.0 1335.0
801.0 1068.0 1335.0
801.0 1068.0 1335.0
801.0 1068.0 1335.0
801.0 1068.0 1335.0
801.0 1068.0 1335.0
801.0 1068.0 1335.0
801.0 1068.0 1335.0
801.0 1068.0 1335.0
801.0 1068.0 1335.0
801.0 1068.0 1335.0
801.0 1068.0 1335.0
801.0 1068.0 1335.0
801.0 1068.0 1335.0
801.0 1068.0 1335.0
801.0 1068.0 1335.0
801.0 1068.0 1335.0
801.0 1068.0 1335.0
801.0 1068.0 1335.0
801.0 1068.0 1335.0
801.0 1068.0 1335.0
801.0 1068.0 1335.0
801.0 1068.0 1335.0
801.0 1068.0 1335.0
801.0 1068.0 1335.0
801.0 1068.0 1335.0
801.0 1068.0 1335.0
801.0 1068.0 1335.0
801.0 1068.0 1335.0
801.0 1068.0 1335.0
801.0 1068.0 1335.0
801.0 1068.0 1335.0
801.0 1068.0 1335.0
801.0 1068.0 1335.0
801.0 1068.0 1335.0
801.0 1068.0 1335.0
801.0 1068.0 1335.0
801.0 1068.0 1335.0
801.0 1068.0 1335.0
801.0 1068.0 1335.0
801.0 1068.0 1335.0
801.0 1068.0 1335.0
801.0 1068.0 1335.0
801.0 1068.0 1335.0
801.0 1068.0 1335.0
801.0 1068.0 1335.0
801.0 1068.0 1335.0
801.0 1068.0 1335.0
801.0 1068.0 1335.0
801.0 1068.0 1335.0
801.0 1068.0 1335.0
801.0 1068.0 1335.0
801.0 1068.0 1335.0
801.0 1068.0 1335.0
801.0 1068.0 1335.0
801.0 1068.0 1335.0
801.0 1068.0 1335.0
801.0 1068.0 1335.0
801.0 1068.0 1335.0
801.0 1068.0 1335.0
801.0 1068.0 1335.0
801.0 1068.0 1335.0
801.0 1068.0 1335.0
801.0 1068.0 1335.0
801.0 1068.0 1335.0
801.0 1068.0 1335.0
801.0 1068.0 1335.0
801.0 1068.0 1335.0
801.0 1068.0 1335.0
801.0 1068.0 1335.0
801.0 1068.0 1335.0
801.0 1068.0 1335.0
801.0 1068.0 1335.0
