12149.0 12161.5 12174.0
8353.0 9185.0 10017.0
7302.0 7656.0 8010.0
4679.0 5263.5 5848.0
3559.0 3985.0 4411.0
3145.0 3646.0 4147.0
2561.0 2851.5 3142.0
2248.0 2695.0 3142.0
2035.0 2250.5 2466.0
2193.0 2329.5 2466.0
1422.0 1807.5 2193.0
1409.0 1415.5 1422.0
1409.0 1415.5 1422.0
1346.0 1384.0 1422.0
1346.0 1384.0 1422.0
1346.0 1384.0 1422.0
1346.0 1384.0 1422.0
1346.0 1384.0 1422.0
1346.0 1384.0 1422.0
1346.0 1384.0 1422.0
1346.0 1384.0 1422.0
1346.0 1384.0 1422.0
1346.0 1384.0 1422.0
1346.0 1384.0 1422.0
1346.0 1384.0 1422.0
1346.0 1384.0 1422.0
1346.0 1384.0 1422.0
1346.0 1384.0 1422.0
1346.0 1384.0 1422.0
1346.0 1384.0 1422.0
1346.0 1384.0 1422.0
1346.0 1384.0 1422.0
1346.0 1384.0 1422.0
1346.0 1384.0 1422.0
1346.0 1384.0 1422.0
1148.0 1247.0 1346.0
1148.0 1247.0 1346.0
1148.0 1247.0 1346.0
1148.0 1247.0 1346.0
1148.0 1247.0 1346.0
1148.0 1247.0 1346.0
1148.0 1247.0 1346.0
1148.0 1247.0 1346.0
1148.0 1247.0 1346.0
1148.0 1247.0 1346.0
1148.0 1247.0 1346.0
1148.0 1247.0 1346.0
1148.0 1247.0 1346.0
1148.0 1247.0 1346.0
1148.0 1247.0 1346.0
1148.0 1247.0 1346.0
1148.0 1247.0 1346.0
1148.0 1247.0 1346.0
1148.0 1247.0 1346.0
1148.0 1247.0 1346.0
1148.0 1247.0 1346.0
1148.0 1247.0 1346.0
1148.0 1247.0 1346.0
1148.0 1247.0 1346.0
1148.0 1247.0 1346.0
1148.0 1247.0 1346.0
1148.0 1247.0 1346.0
1148.0 1247.0 1346.0
1148.0 1247.0 1346.0
1148.0 1247.0 1346.0
1148.0 1247.0 1346.0
1148.0 1247.0 1346.0
1148.0 1247.0 1346.0
1148.0 1247.0 1346.0
1148.0 1247.0 1346.0
1148.0 1247.0 1346.0
1148.0 1247.0 1346.0
1148.0 1247.0 1346.0
1148.0 1247.0 1346.0
1148.0 1247.0 1346.0
1148.0 1247.0 1346.0
1148.0 1247.0 1346.0
1148.0 1247.0 1346.0
1148.0 1247.0 1346.0
1148.0 1247.0 1346.0
1148.0 1247.0 1346.0
1148.0 1247.0 1346.0
1148.0 1247.0 1346.0
1148.0 1247.0 1346.0
1148.0 1247.0 1346.0
1148.0 1247.0 1346.0
1148.0 1247.0 1346.0
1148.0 1247.0 1346.0
1148.0 1247.0 1346.0
1148.0 1247.0 1346.0
1148.0 1247.0 1346.0
1148.0 1247.0 1346.0
1148.0 1247.0 1346.0
1148.0 1247.0 1346.0
1148.0 1247.0 1346.0
1148.0 1247.0 1346.0
1148.0 1247.0 1346.0
1148.0 1247.0 1346.0
1148.0 1247.0 1346.0
1148.0 1247.0 1346.0
1148.0 1247.0 1346.0
1148.0 1247.0 1346.0
1148.0 1247.0 1346.0
1148.0 1247.0 1346.0
1148.0 1247.0 1346.0
1148.0 1247.0 1346.0
1148.0 1247.0 1346.0
1148.0 1247.0 1346.0
1148.0 1247.0 1346.0
1148.0 1247.0 1346.0
1148.0 1247.0 1346.0
1148.0 1247.0 1346.0
1148.0 1247.0 1346.0
1148.0 1247.0 1346.0
1148.0 1247.0 1346.0
1148.0 1247.0 1346.0
1148.0 1247.0 1346.0
1148.0 1247.0 1346.0
1148.0 1247.0 1346.0
1148.0 1247.0 1346.0
1148.0 1247.0 1346.0
1148.0 1247.0 1346.0
1148.0 1247.0 1346.0
1148.0 1247.0 1346.0
1148.0 1247.0 1346.0
1148.0 1247.0 1346.0
1148.0 1247.0 1346.0
1148.0 1247.0 1346.0
1148.0 1247.0 1346.0
1148.0 1247.0 1346.0
1148.0 1247.0 1346.0
1148.0 1247.0 1346.0
1148.0 1247.0 1346.0
1148.0 1247.0 1346.0
1148.0 1247.0 1346.0
1148.0 1247.0 1346.0
1148.0 1247.0 1346.0
1148.0 1247.0 1346.0
1148.0 1247.0 1346.0
1148.0 1247.0 1346.0
1148.0 1247.0 1346.0
1148.0 1247.0 1346.0
1148.0 1247.0 1346.0
1148.0 1247.0 1346.0
1148.0 1247.0 1346.0
1148.0 1247.0 1346.0
1148.0 1247.0 1346.0
1148.0 1247.0 1346.0
1148.0 1247.0 1346.0
1148.0 1247.0 1346.0
1148.0 1247.0 1346.0
1148.0 1247.0 1346.0
1148.0 1247.0 1346.0
1148.0 1247.0 1346.0
1148.0 1247.0 1346.0
1148.0 1247.0 1346.0
1148.0 1247.0 1346.0
1148.0 1247.0 1346.0
1148.0 1247.0 1346.0
1148.0 1247.0 1346.0
1148.0 1247.0 1346.0
1148.0 1247.0 1346.0
1148.0 1247.0 1346.0
1148.0 1247.0 1346.0
1148.0 1247.0 1346.0
1148.0 1247.0 1346.0
1148.0 1247.0 1346.0
1148.0 1247.0 1346.0
1148.0 1247.0 1346.0
1148.0 1247.0 1346.0
1148.0 1247.0 1346.0
1148.0 1247.0 1346.0
1148.0 1247.0 1346.0
1148.0 1247.0 1346.0
1148.0 1247.0 1346.0
1148.0 1247.0 1346.0
1148.0 1247.0 1346.0
1148.0 1247.0 1346.0
1148.0 1247.0 1346.0
1148.0 1247.0 1346.0
1148.0 1247.0 1346.0
1148.0 1247.0 1346.0
1148.0 1247.0 1346.0
1148.0 1247.0 1346.0
1148.0 1247.0 1346.0
1148.0 1247.0 1346.0
1148.0 1247.0 1346.0
1148.0 1247.0 1346.0
1148.0 1247.0 1346.0
1148.0 1247.0 1346.0
1148.0 1247.0 1346.0
1148.0 1247.0 1346.0
1148.0 1247.0 1346.0
1148.0 1247.0 1346.0
1148.0 1247.0 1346.0
1148.0 1247.0 1346.0
1148.0 1247.0 1346.0
1148.0 1247.0 1346.0
1148.0 1247.0 1346.0
1148.0 1247.0 1346.0
