11397.0 12175.5 12954.0
9864.0 10175.5 10487.0
9628.0 9709.5 9791.0
6875.0 6970.0 7065.0
6875.0 7023.0 7171.0
4102.0 5164.0 6226.0
4146.0 4599.0 5052.0
2318.0 3084.5 3851.0
2318.0 2813.5 3309.0
2318.0 2813.5 3309.0
2318.0 2760.0 3202.0
2070.0 2353.5 2637.0
1909.0 1989.5 2070.0
1552.0 1811.0 2070.0
1552.0 1811.0 2070.0
1552.0 1811.0 2070.0
1762.0 1949.5 2137.0
1162.0 1437.0 1712.0
1162.0 1437.0 1712.0
1162.0 1437.0 1712.0
1162.0 1437.0 1712.0
1162.0 1437.0 1712.0
1162.0 1437.0 1712.0
1162.0 1437.0 1712.0
1162.0 1437.0 1712.0
1162.0 1437.0 1712.0
1162.0 1437.0 1712.0
1162.0 1437.0 1712.0
1162.0 1437.0 1712.0
1162.0 1437.0 1712.0
1162.0 1437.0 1712.0
1162.0 1437.0 1712.0
1162.0 1437.0 1712.0
1162.0 1437.0 1712.0
1162.0 1437.0 1712.0
1162.0 1437.0 1712.0
1162.0 1437.0 1712.0
1162.0 1437.0 1712.0
1162.0 1437.0 1712.0
1162.0 1437.0 1712.0
1162.0 1437.0 1712.0
1162.0 1437.0 1712.0
1162.0 1437.0 1712.0
1162.0 1437.0 1712.0
1162.0 1437.0 1712.0
1162.0 1437.0 1712.0
1162.0 1437.0 1712.0
1162.0 1437.0 1712.0
1162.0 1437.0 1712.0
1162.0 1437.0 1712.0
1162.0 1437.0 1712.0
1162.0 1437.0 1712.0
1162.0 1437.0 1712.0
1162.0 1437.0 1712.0
1162.0 1437.0 1712.0
1162.0 1437.0 1712.0
1162.0 1437.0 1712.0
1162.0 1437.0 1712.0
1162.0 1437.0 1712.0
1162.0 1437.0 1712.0
1162.0 1437.0 1712.0
1162.0 1437.0 1712.0
1162.0 1437.0 1712.0
1162.0 1437.0 1712.0
1162.0 1437.0 1712.0
1162.0 1437.0 1712.0
1162.0 1437.0 1712.0
1162.0 1437.0 1712.0
1162.0 1437.0 1712.0
1162.0 1437.0 1712.0
1162.0 1437.0 1712.0
1162.0 1437.0 1712.0
1162.0 1437.0 1712.0
1162.0 1437.0 1712.0
1162.0 1437.0 1712.0
1162.0 1437.0 1712.0
1162.0 1437.0 1712.0
1162.0 1437.0 1712.0
1162.0 1437.0 1712.0
1162.0 1437.0 1712.0
1162.0 1437.0 1712.0
1162.0 1437.0 1712.0
1162.0 1437.0 1712.0
1162.0 1437.0 1712.0
1162.0 1437.0 1712.0
1162.0 1437.0 1712.0
1162.0 1437.0 1712.0
1162.0 1437.0 1712.0
1162.0 1437.0 1712.0
1162.0 1437.0 1712.0
1162.0 1437.0 1712.0
1162.0 1437.0 1712.0
1162.0 1437.0 1712.0
1162.0 1437.0 1712.0
1162.0 1437.0 1712.0
1162.0 1437.0 1712.0
1162.0 1437.0 1712.0
1162.0 1437.0 1712.0
1162.0 1437.0 1712.0
1162.0 1437.0 1712.0
1162.0 1437.0 1712.0
1162.0 1437.0 1712.0
1162.0 1291.5 1421.0
1162.0 1291.5 1421.0
1162.0 1291.5 1421.0
1162.0 1291.5 1421.0
1162.0 1291.5 1421.0
1162.0 1291.5 1421.0
1162.0 1291.5 1421.0
1162.0 1291.5 1421.0
1162.0 1291.5 1421.0
1162.0 1291.5 1421.0
1162.0 1291.5 1421.0
1162.0 1291.5 1421.0
1162.0 1291.5 1421.0
1162.0 1291.5 1421.0
1162.0 1291.5 1421.0
1162.0 1291.5 1421.0
1162.0 1291.5 1421.0
1162.0 1291.5 1421.0
1162.0 1291.5 1421.0
1162.0 1291.5 1421.0
1162.0 1291.5 1421.0
1162.0 1291.5 1421.0
1162.0 1291.5 1421.0
1162.0 1291.5 1421.0
1162.0 1291.5 1421.0
1162.0 1291.5 1421.0
1162.0 1291.5 1421.0
1162.0 1291.5 1421.0
1162.0 1291.5 1421.0
1162.0 1291.5 1421.0
1162.0 1291.5 1421.0
1162.0 1291.5 1421.0
1162.0 1291.5 1421.0
1162.0 1291.5 1421.0
1162.0 1291.5 1421.0
1162.0 1291.5 1421.0
1162.0 1291.5 1421.0
1162.0 1291.5 1421.0
1162.0 1291.5 1421.0
1162.0 1291.5 1421.0
1162.0 1291.5 1421.0
1162.0 1291.5 1421.0
1162.0 1291.5 1421.0
1162.0 1291.5 1421.0
1162.0 1291.5 1421.0
1162.0 1291.5 1421.0
1162.0 1291.5 1421.0
1162.0 1291.5 1421.0
1162.0 1291.5 1421.0
1162.0 1291.5 1421.0
1162.0 1291.5 1421.0
1162.0 1291.5 1421.0
1162.0 1291.5 1421.0
1162.0 1291.5 1421.0
1162.0 1291.5 1421.0
1162.0 1291.5 1421.0
1162.0 1291.5 1421.0
1162.0 1291.5 1421.0
1162.0 1291.5 1421.0
1162.0 1291.5 1421.0
1162.0 1291.5 1421.0
1162.0 1291.5 1421.0
1162.0 1291.5 1421.0
1162.0 1291.5 1421.0
1162.0 1291.5 1421.0
1162.0 1291.5 1421.0
1162.0 1291.5 1421.0
1162.0 1291.5 1421.0
1162.0 1291.5 1421.0
1162.0 1291.5 1421.0
1162.0 1291.5 1421.0
1162.0 1291.5 1421.0
1162.0 1291.5 1421.0
1162.0 1291.5 1421.0
1162.0 1291.5 1421.0
1162.0 1291.5 1421.0
1162.0 1291.5 1421.0
1162.0 1291.5 1421.0
1162.0 1291.5 1421.0
1162.0 1291.5 1421.0
1162.0 1291.5 1421.0
1162.0 1291.5 1421.0
1162.0 1291.5 1421.0
1162.0 1291.5 1421.0
1162.0 1291.5 1421.0
1162.0 1291.5 1421.0
1162.0 1291.5 1421.0
1162.0 1291.5 1421.0
1162.0 1291.5 1421.0
1162.0 1291.5 1421.0
1162.0 1291.5 1421.0
1162.0 1291.5 1421.0
1162.0 1291.5 1421.0
1162.0 1291.5 1421.0
1162.0 1291.5 1421.0
1162.0 1291.5 1421.0
1162.0 1291.5 1421.0
1162.0 1291.5 1421.0
