11613.0 13073.0 14533.0
9023.0 10698.5 12374.0
7078.0 7494.5 7911.0
6103.0 6808.5 7514.0
4453.0 5402.0 6351.0
4129.0 4516.5 4904.0
2586.0 3741.5 4897.0
2255.0 2420.5 2586.0
1735.0 1995.0 2255.0
1735.0 1995.0 2255.0
1735.0 1839.5 1944.0
1735.0 1839.5 1944.0
1403.0 1607.0 1811.0
1403.0 1607.0 1811.0
1403.0 1607.0 1811.0
1403.0 1526.5 1650.0
1403.0 1434.5 1466.0
1234.0 1318.5 1403.0
640.0 1021.5 1403.0
640.0 1021.5 1403.0
640.0 1021.5 1403.0
640.0 1021.5 1403.0
640.0 1021.5 1403.0
640.0 1021.5 1403.0
640.0 1021.5 1403.0
640.0 1021.5 1403.0
640.0 1021.5 1403.0
640.0 1021.5 1403.0
640.0 1023.0 1406.0
640.0 1023.0 1406.0
640.0 1023.0 1406.0
640.0 1023.0 1406.0
640.0 1023.0 1406.0
640.0 1023.0 1406.0
640.0 1023.0 1406.0
640.0 1023.0 1406.0
640.0 1023.0 1406.0
640.0 1023.0 1406.0
640.0 1023.0 1406.0
640.0 1023.0 1406.0
640.0 1023.0 1406.0
640.0 1136.5 1633.0
640.0 748.5 857.0
640.0 748.5 857.0
640.0 729.5 819.0
640.0 729.5 819.0
640.0 729.5 819.0
640.0 729.5 819.0
640.0 729.5 819.0
640.0 729.5 819.0
640.0 729.5 819.0
640.0 729.5 819.0
640.0 729.5 819.0
640.0 729.5 819.0
640.0 729.5 819.0
640.0 729.5 819.0
640.0 729.5 819.0
640.0 729.5 819.0
640.0 729.5 819.0
640.0 729.5 819.0
640.0 729.5 819.0
640.0 729.5 819.0
640.0 729.5 819.0
640.0 729.5 819.0
640.0 729.5 819.0
640.0 729.5 819.0
640.0 729.5 819.0
640.0 729.5 819.0
640.0 729.5 819.0
640.0 729.5 819.0
640.0 729.5 819.0
640.0 729.5 819.0
640.0 729.5 819.0
640.0 729.5 819.0
640.0 729.5 819.0
640.0 729.5 819.0
640.0 729.5 819.0
640.0 729.5 819.0
640.0 729.5 819.0
640.0 729.5 819.0
640.0 729.5 819.0
640.0 729.5 819.0
640.0 729.5 819.0
640.0 729.5 819.0
640.0 729.5 819.0
640.0 729.5 819.0
640.0 729.5 819.0
640.0 729.5 819.0
640.0 729.5 819.0
640.0 729.5 819.0
640.0 729.5 819.0
640.0 729.5 819.0
640.0 729.5 819.0
640.0 729.5 819.0
640.0 729.5 819.0
640.0 729.5 819.0
640.0 729.5 819.0
640.0 729.5 819.0
640.0 729.5 819.0
640.0 729.5 819.0
640.0 729.5 819.0
640.0 729.5 819.0
640.0 729.5 819.0
640.0 729.5 819.0
640.0 729.5 819.0
640.0 729.5 819.0
640.0 729.5 819.0
640.0 729.5 819.0
640.0 729.5 819.0
640.0 729.5 819.0
640.0 729.5 819.0
640.0 729.5 819.0
640.0 729.5 819.0
640.0 729.5 819.0
640.0 729.5 819.0
640.0 729.5 819.0
640.0 729.5 819.0
640.0 729.5 819.0
640.0 729.5 819.0
640.0 729.5 819.0
640.0 729.5 819.0
640.0 729.5 819.0
640.0 729.5 819.0
640.0 729.5 819.0
640.0 729.5 819.0
640.0 729.5 819.0
640.0 729.5 819.0
640.0 729.5 819.0
640.0 729.5 819.0
640.0 729.5 819.0
640.0 729.5 819.0
640.0 729.5 819.0
640.0 729.5 819.0
640.0 729.5 819.0
640.0 729.5 819.0
640.0 729.5 819.0
640.0 729.5 819.0
640.0 729.5 819.0
640.0 729.5 819.0
640.0 729.5 819.0
640.0 729.5 819.0
640.0 729.5 819.0
640.0 729.5 819.0
640.0 729.5 819.0
640.0 729.5 819.0
640.0 729.5 819.0
640.0 729.5 819.0
640.0 729.5 819.0
640.0 729.5 819.0
640.0 729.5 819.0
640.0 729.5 819.0
640.0 729.5 819.0
640.0 729.5 819.0
640.0 729.5 819.0
640.0 729.5 819.0
640.0 729.5 819.0
640.0 729.5 819.0
640.0 729.5 819.0
640.0 729.5 819.0
640.0 729.5 819.0
640.0 729.5 819.0
640.0 729.5 819.0
640.0 729.5 819.0
640.0 729.5 819.0
640.0 729.5 819.0
640.0 729.5 819.0
640.0 729.5 819.0
640.0 729.5 819.0
640.0 729.5 819.0
640.0 729.5 819.0
640.0 729.5 819.0
640.0 729.5 819.0
640.0 729.5 819.0
640.0 729.5 819.0
640.0 729.5 819.0
640.0 729.5 819.0
640.0 729.5 819.0
640.0 729.5 819.0
640.0 729.5 819.0
640.0 729.5 819.0
640.0 729.5 819.0
640.0 729.5 819.0
640.0 729.5 819.0
640.0 729.5 819.0
640.0 729.5 819.0
640.0 729.5 819.0
640.0 729.5 819.0
640.0 729.5 819.0
640.0 729.5 819.0
640.0 729.5 819.0
640.0 729.5 819.0
640.0 729.5 819.0
640.0 729.5 819.0
640.0 729.5 819.0
640.0 729.5 819.0
640.0 729.5 819.0
640.0 729.5 819.0
640.0 729.5 819.0
640.0 729.5 819.0
640.0 729.5 819.0
