10083.0 10907.0 11731.0
10083.0 10529.0 10975.0
7367.0 7876.5 8386.0
5843.0 5844.0 5845.0
3802.0 4822.5 5843.0
3375.0 3894.5 4414.0
3017.0 3215.0 3413.0
2192.0 2315.5 2439.0
2192.0 2370.0 2548.0
1761.0 2136.5 2512.0
1679.0 1720.0 1761.0
957.0 1359.0 1761.0
858.0 1057.0 1256.0
744.0 1000.0 1256.0
744.0 878.0 1012.0
744.0 878.0 1012.0
744.0 878.0 1012.0
744.0 878.0 1012.0
744.0 878.0 1012.0
744.0 878.0 1012.0
744.0 878.0 1012.0
744.0 878.0 1012.0
744.0 878.0 1012.0
744.0 878.0 1012.0
744.0 878.0 1012.0
744.0 878.0 1012.0
744.0 878.0 1012.0
744.0 878.0 1012.0
744.0 878.0 1012.0
744.0 878.0 1012.0
744.0 878.0 1012.0
744.0 878.0 1012.0
744.0 878.0 1012.0
744.0 878.0 1012.0
744.0 878.0 1012.0
744.0 878.0 1012.0
744.0 878.0 1012.0
744.0 878.0 1012.0
744.0 878.0 1012.0
744.0 878.0 1012.0
744.0 878.0 1012.0
744.0 878.0 1012.0
744.0 878.0 1012.0
744.0 878.0 1012.0
744.0 878.0 1012.0
744.0 878.0 1012.0
744.0 878.0 1012.0
744.0 878.0 1012.0
744.0 878.0 1012.0
744.0 878.0 1012.0
744.0 878.0 1012.0
744.0 878.0 1012.0
744.0 878.0 1012.0
744.0 878.0 1012.0
744.0 878.0 1012.0
744.0 878.0 1012.0
744.0 878.0 1012.0
744.0 878.0 1012.0
744.0 878.0 1012.0
744.0 878.0 1012.0
744.0 878.0 1012.0
744.0 878.0 1012.0
744.0 878.0 1012.0
744.0 878.0 1012.0
744.0 878.0 1012.0
744.0 878.0 1012.0
744.0 878.0 1012.0
744.0 878.0 1012.0
744.0 878.0 1012.0
744.0 878.0 1012.0
744.0 878.0 1012.0
744.0 878.0 1012.0
744.0 878.0 1012.0
744.0 878.0 1012.0
744.0 878.0 1012.0
744.0 878.0 1012.0
744.0 878.0 1012.0
744.0 878.0 1012.0
744.0 878.0 1012.0
744.0 878.0 1012.0
744.0 878.0 1012.0
744.0 878.0 1012.0
744.0 878.0 1012.0
744.0 878.0 1012.0
744.0 878.0 1012.0
744.0 878.0 1012.0
744.0 878.0 1012.0
744.0 878.0 1012.0
744.0 878.0 1012.0
744.0 878.0 1012.0
744.0 878.0 1012.0
744.0 878.0 1012.0
744.0 878.0 1012.0
744.0 878.0 1012.0
744.0 878.0 1012.0
744.0 878.0 1012.0
744.0 878.0 1012.0
744.0 878.0 1012.0
744.0 878.0 1012.0
744.0 878.0 1012.0
744.0 878.0 1012.0
744.0 878.0 1012.0
744.0 878.0 1012.0
744.0 878.0 1012.0
744.0 878.0 1012.0
744.0 878.0 1012.0
744.0 878.0 1012.0
744.0 878.0 1012.0
744.0 878.0 1012.0
744.0 878.0 1012.0
744.0 878.0 1012.0
744.0 878.0 1012.0
744.0 878.0 1012.0
744.0 878.0 1012.0
744.0 878.0 1012.0
744.0 878.0 1012.0
744.0 878.0 1012.0
744.0 878.0 1012.0
744.0 878.0 1012.0
744.0 878.0 1012.0
744.0 878.0 1012.0
744.0 878.0 1012.0
744.0 878.0 1012.0
744.0 878.0 1012.0
744.0 878.0 1012.0
744.0 878.0 1012.0
744.0 878.0 1012.0
744.0 878.0 1012.0
744.0 878.0 1012.0
744.0 878.0 1012.0
744.0 878.0 1012.0
744.0 878.0 1012.0
744.0 878.0 1012.0
744.0 878.0 1012.0
744.0 878.0 1012.0
744.0 878.0 1012.0
744.0 878.0 1012.0
744.0 878.0 1012.0
744.0 878.0 1012.0
744.0 878.0 1012.0
744.0 878.0 1012.0
744.0 878.0 1012.0
744.0 878.0 1012.0
744.0 878.0 1012.0
744.0 878.0 1012.0
744.0 878.0 1012.0
744.0 878.0 1012.0
744.0 878.0 1012.0
744.0 878.0 1012.0
744.0 878.0 1012.0
744.0 878.0 1012.0
744.0 878.0 1012.0
744.0 878.0 1012.0
744.0 878.0 1012.0
744.0 878.0 1012.0
744.0 878.0 1012.0
744.0 878.0 1012.0
744.0 878.0 1012.0
744.0 878.0 1012.0
744.0 878.0 1012.0
744.0 878.0 1012.0
744.0 878.0 1012.0
744.0 878.0 1012.0
744.0 878.0 1012.0
744.0 878.0 1012.0
744.0 878.0 1012.0
744.0 878.0 1012.0
744.0 878.0 1012.0
744.0 878.0 1012.0
744.0 878.0 1012.0
744.0 878.0 1012.0
744.0 878.0 1012.0
744.0 878.0 1012.0
744.0 878.0 1012.0
744.0 878.0 1012.0
744.0 878.0 1012.0
744.0 878.0 1012.0
744.0 878.0 1012.0
744.0 878.0 1012.0
744.0 878.0 1012.0
744.0 897.5 1051.0
744.0 897.5 1051.0
744.0 897.5 1051.0
744.0 897.5 1051.0
744.0 897.5 1051.0
744.0 897.5 1051.0
744.0 897.5 1051.0
744.0 897.5 1051.0
744.0 897.5 1051.0
744.0 897.5 1051.0
744.0 897.5 1051.0
744.0 897.5 1051.0
744.0 897.5 1051.0
744.0 897.5 1051.0
744.0 897.5 1051.0
744.0 897.5 1051.0
744.0 897.5 1051.0
744.0 897.5 1051.0
744.0 897.5 1051.0
744.0 897.5 1051.0
