12299.0 13664.5 15030.0
10897.0 10927.0 10957.0
8451.0 9002.5 9554.0
7224.0 7383.0 7542.0
6325.0 6360.5 6396.0
5407.0 6106.0 6805.0
4444.0 4768.5 5093.0
2553.0 3286.5 4020.0
2553.0 3312.0 4071.0
2553.0 3467.0 4381.0
2553.0 2723.5 2894.0
2373.0 2633.5 2894.0
2373.0 2658.0 2943.0
2373.0 2658.0 2943.0
2112.0 2242.5 2373.0
2112.0 2242.5 2373.0
2112.0 2242.5 2373.0
2112.0 2242.5 2373.0
2112.0 2242.5 2373.0
2112.0 2242.5 2373.0
2112.0 2242.5 2373.0
2112.0 2242.5 2373.0
2112.0 2242.5 2373.0
2112.0 2242.5 2373.0
2112.0 2242.5 2373.0
2112.0 2242.5 2373.0
2112.0 2242.5 2373.0
2112.0 2242.5 2373.0
2112.0 2242.5 2373.0
2112.0 2242.5 2373.0
2112.0 2242.5 2373.0
2112.0 2242.5 2373.0
2112.0 2242.5 2373.0
2262.0 2317.5 2373.0
1202.0 1787.5 2373.0
1202.0 1787.5 2373.0
1202.0 1787.5 2373.0
1202.0 1787.5 2373.0
1202.0 1787.5 2373.0
1202.0 1787.5 2373.0
1202.0 1787.5 2373.0
1202.0 1787.5 2373.0
1202.0 1787.5 2373.0
1202.0 1787.5 2373.0
1202.0 1787.5 2373.0
1202.0 1787.5 2373.0
1202.0 1787.5 2373.0
1202.0 1787.5 2373.0
1202.0 1787.5 2373.0
1202.0 1787.5 2373.0
1202.0 1787.5 2373.0
1202.0 1787.5 2373.0
1202.0 1787.5 2373.0
1202.0 1446.0 1690.0
1202.0 1446.0 1690.0
1202.0 1446.0 1690.0
1202.0 1446.0 1690.0
1202.0 1446.0 1690.0
1202.0 1446.0 1690.0
1202.0 1446.0 1690.0
1202.0 1446.0 1690.0
1202.0 1446.0 1690.0
1202.0 1446.0 1690.0
1202.0 1446.0 1690.0
1202.0 1446.0 1690.0
1202.0 1446.0 1690.0
1202.0 1446.0 1690.0
1202.0 1446.0 1690.0
1202.0 1446.0 1690.0
1202.0 1446.0 1690.0
1202.0 1446.0 1690.0
1202.0 1446.0 1690.0
1202.0 1446.0 1690.0
1202.0 1446.0 1690.0
1202.0 1446.0 1690.0
1202.0 1446.0 1690.0
1202.0 1446.0 1690.0
1202.0 1446.0 1690.0
1202.0 1446.0 1690.0
1202.0 1446.0 1690.0
1202.0 1446.0 1690.0
1202.0 1446.0 1690.0
1202.0 1446.0 1690.0
1202.0 1446.0 1690.0
1202.0 1446.0 1690.0
1202.0 1446.0 1690.0
1202.0 1446.0 1690.0
1202.0 1446.0 1690.0
1202.0 1446.0 1690.0
1202.0 1446.0 1690.0
1202.0 1446.0 1690.0
1202.0 1446.0 1690.0
1202.0 1446.0 1690.0
1202.0 1446.0 1690.0
1202.0 1446.0 1690.0
1202.0 1446.0 1690.0
1202.0 1446.0 1690.0
1202.0 1446.0 1690.0
1202.0 1446.0 1690.0
1202.0 1446.0 1690.0
1202.0 1446.0 1690.0
1202.0 1446.0 1690.0
1202.0 1446.0 1690.0
1202.0 1446.0 1690.0
1202.0 1446.0 1690.0
1202.0 1446.0 1690.0
1202.0 1446.0 1690.0
1202.0 1446.0 1690.0
1202.0 1446.0 1690.0
1202.0 1446.0 1690.0
1202.0 1446.0 1690.0
1202.0 1446.0 1690.0
1202.0 1446.0 1690.0
1202.0 1446.0 1690.0
1202.0 1446.0 1690.0
1202.0 1446.0 1690.0
1202.0 1446.0 1690.0
1202.0 1446.0 1690.0
1202.0 1446.0 1690.0
1202.0 1446.0 1690.0
1202.0 1446.0 1690.0
1202.0 1446.0 1690.0
1202.0 1446.0 1690.0
1202.0 1446.0 1690.0
1187.0 1194.5 1202.0
767.0 984.5 1202.0
767.0 984.5 1202.0
767.0 984.5 1202.0
767.0 984.5 1202.0
767.0 984.5 1202.0
767.0 984.5 1202.0
767.0 984.5 1202.0
767.0 984.5 1202.0
767.0 984.5 1202.0
767.0 984.5 1202.0
767.0 984.5 1202.0
767.0 984.5 1202.0
767.0 984.5 1202.0
767.0 984.5 1202.0
767.0 984.5 1202.0
767.0 984.5 1202.0
767.0 984.5 1202.0
767.0 984.5 1202.0
767.0 984.5 1202.0
767.0 984.5 1202.0
767.0 984.5 1202.0
767.0 984.5 1202.0
767.0 984.5 1202.0
767.0 984.5 1202.0
767.0 984.5 1202.0
767.0 984.5 1202.0
767.0 984.5 1202.0
767.0 984.5 1202.0
767.0 984.5 1202.0
767.0 984.5 1202.0
767.0 984.5 1202.0
767.0 984.5 1202.0
767.0 984.5 1202.0
767.0 984.5 1202.0
767.0 984.5 1202.0
767.0 984.5 1202.0
767.0 984.5 1202.0
767.0 984.5 1202.0
767.0 984.5 1202.0
767.0 984.5 1202.0
767.0 984.5 1202.0
767.0 984.5 1202.0
767.0 984.5 1202.0
767.0 984.5 1202.0
767.0 984.5 1202.0
767.0 984.5 1202.0
767.0 984.5 1202.0
767.0 984.5 1202.0
767.0 984.5 1202.0
767.0 984.5 1202.0
767.0 984.5 1202.0
767.0 984.5 1202.0
767.0 984.5 1202.0
767.0 984.5 1202.0
767.0 984.5 1202.0
767.0 984.5 1202.0
767.0 984.5 1202.0
767.0 984.5 1202.0
767.0 984.5 1202.0
767.0 984.5 1202.0
767.0 984.5 1202.0
767.0 984.5 1202.0
767.0 984.5 1202.0
767.0 984.5 1202.0
767.0 984.5 1202.0
767.0 984.5 1202.0
767.0 984.5 1202.0
767.0 984.5 1202.0
767.0 984.5 1202.0
767.0 984.5 1202.0
767.0 984.5 1202.0
767.0 984.5 1202.0
767.0 984.5 1202.0
767.0 984.5 1202.0
767.0 984.5 1202.0
