12096.0 12278.5 12461.0
9605.0 10707.5 11810.0
7239.0 7641.0 8043.0
6447.0 6663.0 6879.0
3951.0 4461.0 4971.0
3376.0 3663.5 3951.0
3293.0 3334.5 3376.0
3030.0 3248.5 3467.0
2350.0 2746.0 3142.0
2192.0 2667.0 3142.0
2192.0 2449.5 2707.0
2192.0 2428.0 2664.0
2192.0 2282.0 2372.0
2157.0 2174.5 2192.0
1604.0 1799.0 1994.0
1604.0 1662.0 1720.0
1604.0 1662.0 1720.0
1604.0 1678.5 1753.0
1604.0 1678.5 1753.0
1604.0 1678.5 1753.0
1604.0 1678.5 1753.0
1604.0 1678.5 1753.0
1604.0 1678.5 1753.0
1604.0 1678.5 1753.0
1604.0 1678.5 1753.0
1604.0 1678.5 1753.0
1604.0 1678.5 1753.0
1604.0 1678.5 1753.0
1604.0 1678.5 1753.0
1604.0 1678.5 1753.0
1604.0 1678.5 1753.0
1604.0 1678.5 1753.0
1604.0 1678.5 1753.0
1604.0 1678.5 1753.0
1604.0 1678.5 1753.0
1604.0 1678.5 1753.0
1604.0 1678.5 1753.0
1604.0 1678.5 1753.0
1604.0 1678.5 1753.0
1604.0 1678.5 1753.0
1604.0 1678.5 1753.0
1604.0 1678.5 1753.0
1604.0 1678.5 1753.0
1604.0 1678.5 1753.0
1604.0 1678.5 1753.0
1604.0 1678.5 1753.0
1604.0 1678.5 1753.0
1604.0 1678.5 1753.0
1604.0 1678.5 1753.0
1604.0 1678.5 1753.0
1604.0 1678.5 1753.0
1604.0 1678.5 1753.0
1604.0 1678.5 1753.0
1604.0 1678.5 1753.0
1604.0 1678.5 1753.0
1604.0 1678.5 1753.0
1604.0 1678.5 1753.0
1604.0 1678.5 1753.0
1604.0 1678.5 1753.0
1604.0 1678.5 1753.0
1604.0 1678.5 1753.0
1604.0 1678.5 1753.0
1604.0 1678.5 1753.0
1604.0 1678.5 1753.0
1604.0 1678.5 1753.0
1604.0 1678.5 1753.0
1604.0 1678.5 1753.0
1604.0 1678.5 1753.0
1604.0 1678.5 1753.0
1604.0 1678.5 1753.0
1604.0 1678.5 1753.0
1604.0 1678.5 1753.0
1604.0 1678.5 1753.0
1604.0 1678.5 1753.0
1604.0 1678.5 1753.0
1604.0 1678.5 1753.0
1604.0 1678.5 1753.0
1604.0 1678.5 1753.0
1604.0 1678.5 1753.0
1604.0 1678.5 1753.0
1604.0 1678.5 1753.0
1604.0 1678.5 1753.0
1604.0 1678.5 1753.0
1604.0 1678.5 1753.0
1604.0 1678.5 1753.0
1604.0 1678.5 1753.0
1604.0 1678.5 1753.0
1604.0 1678.5 1753.0
1604.0 1678.5 1753.0
1604.0 1678.5 1753.0
1604.0 1678.5 1753.0
1604.0 1678.5 1753.0
1604.0 1678.5 1753.0
1604.0 1678.5 1753.0
1604.0 1678.5 1753.0
1604.0 1678.5 1753.0
1604.0 1678.5 1753.0
1604.0 1678.5 1753.0
1121.0 1437.0 1753.0
1121.0 1437.0 1753.0
1121.0 1437.0 1753.0
1121.0 1437.0 1753.0
1121.0 1437.0 1753.0
1121.0 1437.0 1753.0
1121.0 1437.0 1753.0
1121.0 1437.0 1753.0
1121.0 1437.0 1753.0
1121.0 1437.0 1753.0
1121.0 1437.0 1753.0
1121.0 1437.0 1753.0
1121.0 1437.0 1753.0
1121.0 1437.0 1753.0
1121.0 1437.0 1753.0
1121.0 1437.0 1753.0
1121.0 1437.0 1753.0
1121.0 1395.5 1670.0
1121.0 1395.5 1670.0
1121.0 1395.5 1670.0
1121.0 1395.5 1670.0
1121.0 1395.5 1670.0
1121.0 1395.5 1670.0
1121.0 1395.5 1670.0
1121.0 1395.5 1670.0
1121.0 1395.5 1670.0
1121.0 1395.5 1670.0
1121.0 1395.5 1670.0
1121.0 1395.5 1670.0
1121.0 1395.5 1670.0
1121.0 1395.5 1670.0
1121.0 1395.5 1670.0
1121.0 1395.5 1670.0
1121.0 1395.5 1670.0
1121.0 1395.5 1670.0
1121.0 1395.5 1670.0
1121.0 1395.5 1670.0
1121.0 1395.5 1670.0
1121.0 1395.5 1670.0
1121.0 1395.5 1670.0
1121.0 1395.5 1670.0
1121.0 1395.5 1670.0
1121.0 1395.5 1670.0
1121.0 1395.5 1670.0
1121.0 1395.5 1670.0
1121.0 1395.5 1670.0
1121.0 1395.5 1670.0
1121.0 1395.5 1670.0
1121.0 1395.5 1670.0
1121.0 1395.5 1670.0
1121.0 1395.5 1670.0
1121.0 1395.5 1670.0
1121.0 1395.5 1670.0
1121.0 1395.5 1670.0
1121.0 1395.5 1670.0
1121.0 1395.5 1670.0
1121.0 1395.5 1670.0
1121.0 1395.5 1670.0
1121.0 1395.5 1670.0
1121.0 1395.5 1670.0
1121.0 1395.5 1670.0
1121.0 1395.5 1670.0
1121.0 1395.5 1670.0
1121.0 1395.5 1670.0
1121.0 1395.5 1670.0
1121.0 1395.5 1670.0
1121.0 1395.5 1670.0
1121.0 1395.5 1670.0
1121.0 1395.5 1670.0
1121.0 1395.5 1670.0
1121.0 1395.5 1670.0
1121.0 1395.5 1670.0
1121.0 1347.0 1573.0
1121.0 1267.5 1414.0
1121.0 1281.0 1441.0
1121.0 1281.0 1441.0
1121.0 1281.0 1441.0
1121.0 1281.0 1441.0
1121.0 1281.0 1441.0
1121.0 1281.0 1441.0
1121.0 1281.0 1441.0
1121.0 1281.0 1441.0
1121.0 1281.0 1441.0
1121.0 1281.0 1441.0
1121.0 1281.0 1441.0
1121.0 1281.0 1441.0
1121.0 1281.0 1441.0
1121.0 1281.0 1441.0
1121.0 1281.0 1441.0
1121.0 1281.0 1441.0
1121.0 1281.0 1441.0
1121.0 1281.0 1441.0
1121.0 1281.0 1441.0
1121.0 1281.0 1441.0
1121.0 1281.0 1441.0
1121.0 1281.0 1441.0
1121.0 1281.0 1441.0
1121.0 1281.0 1441.0
1121.0 1281.0 1441.0
1121.0 1281.0 1441.0
1121.0 1281.0 1441.0
1121.0 1281.0 1441.0
