11698.0 14031.5 16365.0
8298.0 10456.0 12614.0
8863.0 10586.0 12309.0
4989.0 7762.5 10536.0
5341.0 6836.5 8332.0
4260.0 5160.5 6061.0
4260.0 4889.0 5518.0
3204.0 3828.5 4453.0
3204.0 3757.5 4311.0
2992.0 3651.5 4311.0
2322.0 2329.0 2336.0
2322.0 2329.0 2336.0
2159.0 2223.5 2288.0
1738.0 1859.0 1980.0
1638.0 1809.0 1980.0
1638.0 1809.0 1980.0
1638.0 1809.0 1980.0
1638.0 1809.0 1980.0
1638.0 1809.0 1980.0
1638.0 1809.0 1980.0
1638.0 1809.0 1980.0
1638.0 1809.0 1980.0
1638.0 1809.0 1980.0
1638.0 1809.0 1980.0
1638.0 1809.0 1980.0
1638.0 1809.0 1980.0
1638.0 1809.0 1980.0
1638.0 1809.0 1980.0
1638.0 1809.0 1980.0
1638.0 1809.0 1980.0
1638.0 1809.0 1980.0
1638.0 1809.0 1980.0
1638.0 1809.0 1980.0
1638.0 1809.0 1980.0
1638.0 1809.0 1980.0
1638.0 1809.0 1980.0
1638.0 1809.0 1980.0
1638.0 1809.0 1980.0
1638.0 1809.0 1980.0
1638.0 1809.0 1980.0
1638.0 1809.0 1980.0
1638.0 1809.0 1980.0
1520.0 1579.0 1638.0
1520.0 1579.0 1638.0
1617.0 1627.5 1638.0
1617.0 1627.5 1638.0
1617.0 1627.5 1638.0
1617.0 1627.5 1638.0
1617.0 1627.5 1638.0
1617.0 1627.5 1638.0
1617.0 1627.5 1638.0
1617.0 1627.5 1638.0
1617.0 1627.5 1638.0
1617.0 1627.5 1638.0
1617.0 1627.5 1638.0
1617.0 1627.5 1638.0
1617.0 1627.5 1638.0
1617.0 1627.5 1638.0
1617.0 1627.5 1638.0
1617.0 1627.5 1638.0
1617.0 1627.5 1638.0
1617.0 1627.5 1638.0
1617.0 1627.5 1638.0
1617.0 1627.5 1638.0
1617.0 1627.5 1638.0
1617.0 1627.5 1638.0
1617.0 1627.5 1638.0
1617.0 1627.5 1638.0
1617.0 1627.5 1638.0
1617.0 1627.5 1638.0
1617.0 1627.5 1638.0
1617.0 1627.5 1638.0
1617.0 1627.5 1638.0
1608.0 1612.5 1617.0
1608.0 1612.5 1617.0
1617.0 1627.5 1638.0
1491.0 1554.0 1617.0
1491.0 1554.0 1617.0
1491.0 1554.0 1617.0
1491.0 1554.0 1617.0
1491.0 1554.0 1617.0
1491.0 1554.0 1617.0
1491.0 1554.0 1617.0
1491.0 1554.0 1617.0
1491.0 1554.0 1617.0
1491.0 1554.0 1617.0
1491.0 1554.0 1617.0
1491.0 1554.0 1617.0
1491.0 1554.0 1617.0
1491.0 1554.0 1617.0
1491.0 1554.0 1617.0
1491.0 1554.0 1617.0
1491.0 1554.0 1617.0
1491.0 1554.0 1617.0
1491.0 1554.0 1617.0
1491.0 1554.0 1617.0
1491.0 1554.0 1617.0
1491.0 1554.0 1617.0
1491.0 1554.0 1617.0
1491.0 1554.0 1617.0
1491.0 1554.0 1617.0
1491.0 1554.0 1617.0
1491.0 1554.0 1617.0
1491.0 1554.0 1617.0
1491.0 1554.0 1617.0
1491.0 1554.0 1617.0
1491.0 1554.0 1617.0
1491.0 1554.0 1617.0
1491.0 1554.0 1617.0
1491.0 1554.0 1617.0
1491.0 1554.0 1617.0
1491.0 1554.0 1617.0
1491.0 1554.0 1617.0
1491.0 1554.0 1617.0
1491.0 1554.0 1617.0
1491.0 1554.0 1617.0
1491.0 1554.0 1617.0
1491.0 1554.0 1617.0
1491.0 1554.0 1617.0
1491.0 1554.0 1617.0
1491.0 1554.0 1617.0
1491.0 1554.0 1617.0
1491.0 1554.0 1617.0
1491.0 1554.0 1617.0
1491.0 1554.0 1617.0
1491.0 1554.0 1617.0
1491.0 1554.0 1617.0
1491.0 1554.0 1617.0
1491.0 1554.0 1617.0
1491.0 1554.0 1617.0
1491.0 1554.0 1617.0
1491.0 1554.0 1617.0
1491.0 1554.0 1617.0
1491.0 1554.0 1617.0
1491.0 1554.0 1617.0
1491.0 1554.0 1617.0
1491.0 1554.0 1617.0
1491.0 1554.0 1617.0
1491.0 1554.0 1617.0
1491.0 1554.0 1617.0
1491.0 1554.0 1617.0
1491.0 1554.0 1617.0
1491.0 1554.0 1617.0
1491.0 1554.0 1617.0
1491.0 1554.0 1617.0
1491.0 1554.0 1617.0
1491.0 1554.0 1617.0
1491.0 1554.0 1617.0
1491.0 1554.0 1617.0
1491.0 1554.0 1617.0
1491.0 1554.0 1617.0
1491.0 1554.0 1617.0
1491.0 1554.0 1617.0
1491.0 1554.0 1617.0
1491.0 1554.0 1617.0
1491.0 1554.0 1617.0
1491.0 1554.0 1617.0
1491.0 1554.0 1617.0
1491.0 1554.0 1617.0
1491.0 1554.0 1617.0
1491.0 1554.0 1617.0
1491.0 1554.0 1617.0
1491.0 1554.0 1617.0
1491.0 1554.0 1617.0
1491.0 1554.0 1617.0
1491.0 1554.0 1617.0
1491.0 1554.0 1617.0
1491.0 1554.0 1617.0
1491.0 1554.0 1617.0
1491.0 1554.0 1617.0
1491.0 1554.0 1617.0
1491.0 1554.0 1617.0
1491.0 1554.0 1617.0
1491.0 1554.0 1617.0
1491.0 1554.0 1617.0
1491.0 1554.0 1617.0
1491.0 1554.0 1617.0
1491.0 1554.0 1617.0
1491.0 1554.0 1617.0
1491.0 1554.0 1617.0
1491.0 1554.0 1617.0
1491.0 1554.0 1617.0
1491.0 1554.0 1617.0
1491.0 1554.0 1617.0
1491.0 1554.0 1617.0
1491.0 1554.0 1617.0
1491.0 1554.0 1617.0
1491.0 1554.0 1617.0
1491.0 1554.0 1617.0
1491.0 1554.0 1617.0
1491.0 1554.0 1617.0
1491.0 1554.0 1617.0
1491.0 1554.0 1617.0
1491.0 1554.0 1617.0
1491.0 1554.0 1617.0
1491.0 1554.0 1617.0
1491.0 1554.0 1617.0
1491.0 1554.0 1617.0
1491.0 1554.0 1617.0
1491.0 1554.0 1617.0
