10620.0 11658.0 12696.0
8531.0 9954.0 11377.0
8531.0 9810.0 11089.0
4826.0 7192.0 9558.0
4296.0 6166.5 8037.0
3792.0 5318.5 6845.0
3582.0 4779.5 5977.0
2350.0 3618.0 4886.0
2406.0 3723.5 5041.0
2045.0 3066.5 4088.0
2045.0 2796.5 3548.0
2045.0 2337.0 2629.0
2045.0 2367.5 2690.0
2045.0 2367.5 2690.0
2045.0 2352.0 2659.0
2045.0 2351.0 2657.0
1945.0 1995.0 2045.0
1945.0 1995.0 2045.0
1945.0 1995.0 2045.0
1945.0 1995.0 2045.0
1518.0 1781.5 2045.0
1518.0 1781.5 2045.0
1655.0 1850.0 2045.0
1359.0 1702.0 2045.0
1359.0 1702.0 2045.0
1359.0 1702.0 2045.0
1359.0 1702.0 2045.0
1359.0 1602.5 1846.0
1359.0 1429.0 1499.0
1359.0 1429.0 1499.0
1359.0 1429.0 1499.0
1359.0 1429.0 1499.0
1359.0 1429.0 1499.0
1359.0 1429.0 1499.0
1359.0 1429.0 1499.0
1359.0 1429.0 1499.0
1359.0 1429.0 1499.0
1359.0 1429.0 1499.0
1359.0 1429.0 1499.0
1359.0 1429.0 1499.0
1359.0 1429.0 1499.0
1359.0 1429.0 1499.0
1359.0 1429.0 1499.0
1359.0 1429.0 1499.0
1359.0 1429.0 1499.0
1359.0 1429.0 1499.0
1359.0 1429.0 1499.0
1359.0 1429.0 1499.0
1359.0 1429.0 1499.0
1359.0 1429.0 1499.0
1359.0 1429.0 1499.0
1359.0 1429.0 1499.0
1359.0 1429.0 1499.0
1359.0 1429.0 1499.0
1359.0 1429.0 1499.0
1359.0 1429.0 1499.0
1359.0 1429.0 1499.0
1359.0 1429.0 1499.0
1359.0 1429.0 1499.0
1359.0 1429.0 1499.0
1359.0 1429.0 1499.0
1359.0 1429.0 1499.0
1359.0 1429.0 1499.0
1359.0 1429.0 1499.0
1359.0 1429.0 1499.0
1359.0 1429.0 1499.0
1359.0 1429.0 1499.0
1359.0 1429.0 1499.0
1359.0 1374.0 1389.0
1359.0 1374.0 1389.0
1359.0 1374.0 1389.0
1359.0 1374.0 1389.0
1359.0 1374.0 1389.0
1359.0 1374.0 1389.0
1359.0 1374.0 1389.0
1359.0 1374.0 1389.0
1359.0 1374.0 1389.0
1359.0 1374.0 1389.0
1359.0 1374.0 1389.0
1359.0 1374.0 1389.0
1359.0 1374.0 1389.0
1359.0 1374.0 1389.0
1359.0 1374.0 1389.0
1359.0 1374.0 1389.0
1359.0 1374.0 1389.0
1359.0 1374.0 1389.0
1359.0 1374.0 1389.0
1359.0 1374.0 1389.0
1359.0 1374.0 1389.0
1359.0 1374.0 1389.0
1359.0 1374.0 1389.0
1359.0 1374.0 1389.0
1359.0 1374.0 1389.0
1359.0 1374.0 1389.0
1359.0 1374.0 1389.0
1359.0 1374.0 1389.0
1359.0 1374.0 1389.0
1359.0 1374.0 1389.0
1359.0 1374.0 1389.0
1359.0 1374.0 1389.0
1359.0 1374.0 1389.0
1359.0 1374.0 1389.0
1359.0 1374.0 1389.0
1359.0 1374.0 1389.0
1359.0 1374.0 1389.0
1359.0 1374.0 1389.0
1359.0 1374.0 1389.0
1359.0 1374.0 1389.0
1359.0 1374.0 1389.0
1359.0 1374.0 1389.0
1359.0 1374.0 1389.0
1359.0 1374.0 1389.0
1359.0 1374.0 1389.0
1359.0 1374.0 1389.0
1359.0 1374.0 1389.0
1359.0 1374.0 1389.0
1359.0 1374.0 1389.0
1359.0 1374.0 1389.0
1359.0 1374.0 1389.0
1359.0 1374.0 1389.0
1359.0 1374.0 1389.0
1359.0 1374.0 1389.0
1359.0 1374.0 1389.0
1359.0 1374.0 1389.0
1359.0 1374.0 1389.0
1359.0 1374.0 1389.0
1359.0 1374.0 1389.0
1359.0 1374.0 1389.0
1359.0 1374.0 1389.0
1359.0 1374.0 1389.0
1359.0 1374.0 1389.0
1359.0 1374.0 1389.0
1359.0 1374.0 1389.0
1359.0 1374.0 1389.0
1359.0 1374.0 1389.0
1359.0 1374.0 1389.0
1359.0 1374.0 1389.0
1359.0 1374.0 1389.0
1359.0 1374.0 1389.0
1359.0 1374.0 1389.0
1359.0 1374.0 1389.0
1359.0 1374.0 1389.0
1359.0 1374.0 1389.0
1359.0 1374.0 1389.0
1359.0 1374.0 1389.0
1359.0 1374.0 1389.0
1359.0 1374.0 1389.0
1359.0 1374.0 1389.0
1359.0 1374.0 1389.0
1359.0 1374.0 1389.0
1359.0 1374.0 1389.0
1359.0 1374.0 1389.0
1359.0 1374.0 1389.0
1359.0 1374.0 1389.0
1359.0 1374.0 1389.0
1359.0 1374.0 1389.0
1359.0 1374.0 1389.0
1359.0 1374.0 1389.0
1359.0 1374.0 1389.0
1359.0 1374.0 1389.0
1359.0 1374.0 1389.0
1359.0 1374.0 1389.0
1359.0 1374.0 1389.0
1359.0 1374.0 1389.0
1359.0 1374.0 1389.0
1359.0 1374.0 1389.0
1359.0 1374.0 1389.0
1359.0 1374.0 1389.0
1359.0 1374.0 1389.0
1359.0 1374.0 1389.0
1359.0 1374.0 1389.0
1359.0 1374.0 1389.0
1359.0 1374.0 1389.0
1359.0 1374.0 1389.0
1359.0 1374.0 1389.0
1359.0 1374.0 1389.0
1359.0 1374.0 1389.0
1359.0 1374.0 1389.0
1359.0 1374.0 1389.0
1359.0 1374.0 1389.0
1359.0 1374.0 1389.0
1359.0 1374.0 1389.0
1359.0 1374.0 1389.0
1359.0 1374.0 1389.0
1359.0 1374.0 1389.0
1359.0 1374.0 1389.0
1359.0 1374.0 1389.0
1359.0 1374.0 1389.0
1359.0 1374.0 1389.0
1359.0 1374.0 1389.0
1359.0 1374.0 1389.0
1359.0 1374.0 1389.0
1359.0 1374.0 1389.0
1359.0 1374.0 1389.0
1359.0 1374.0 1389.0
1359.0 1374.0 1389.0
1359.0 1374.0 1389.0
1359.0 1374.0 1389.0
1359.0 1374.0 1389.0
1359.0 1374.0 1389.0
