11180.0 11808.5 12437.0
8010.0 9679.5 11349.0
6347.0 8080.5 9814.0
5288.0 5540.5 5793.0
3601.0 4697.0 5793.0
4083.0 4661.0 5239.0
2856.0 3085.0 3314.0
2856.0 3085.0 3314.0
2733.0 2794.5 2856.0
2732.0 2794.0 2856.0
2145.0 2266.5 2388.0
2372.0 2380.0 2388.0
2372.0 2380.0 2388.0
2372.0 2380.0 2388.0
2372.0 2380.0 2388.0
2372.0 2380.0 2388.0
2372.0 2380.0 2388.0
2204.0 2296.0 2388.0
2204.0 2296.0 2388.0
1799.0 2093.5 2388.0
1799.0 2093.5 2388.0
1424.0 1906.0 2388.0
1424.0 1906.0 2388.0
1424.0 1906.0 2388.0
1424.0 1906.0 2388.0
1424.0 1906.0 2388.0
1424.0 1906.0 2388.0
1424.0 1906.0 2388.0
1424.0 1906.0 2388.0
1424.0 1906.0 2388.0
1424.0 1906.0 2388.0
1424.0 1906.0 2388.0
1424.0 1906.0 2388.0
1424.0 1906.0 2388.0
1424.0 1906.0 2388.0
1424.0 1906.0 2388.0
1424.0 1906.0 2388.0
1424.0 1906.0 2388.0
1424.0 1906.0 2388.0
1424.0 1906.0 2388.0
1424.0 1906.0 2388.0
1424.0 1906.0 2388.0
1424.0 1906.0 2388.0
1424.0 1906.0 2388.0
1424.0 1906.0 2388.0
1424.0 1906.0 2388.0
1424.0 1906.0 2388.0
1424.0 1906.0 2388.0
1424.0 1906.0 2388.0
1424.0 1906.0 2388.0
1424.0 1906.0 2388.0
1424.0 1906.0 2388.0
1424.0 1906.0 2388.0
1424.0 1906.0 2388.0
1424.0 1906.0 2388.0
1424.0 1906.0 2388.0
1424.0 1906.0 2388.0
1424.0 1906.0 2388.0
1424.0 1906.0 2388.0
1424.0 1906.0 2388.0
1424.0 1906.0 2388.0
1424.0 1906.0 2388.0
1424.0 1906.0 2388.0
1424.0 1906.0 2388.0
1424.0 1906.0 2388.0
1424.0 1906.0 2388.0
1424.0 1906.0 2388.0
1424.0 1906.0 2388.0
1424.0 1906.0 2388.0
1424.0 1906.0 2388.0
1424.0 1906.0 2388.0
1424.0 1906.0 2388.0
1424.0 1906.0 2388.0
1424.0 1906.0 2388.0
1424.0 1906.0 2388.0
1424.0 1749.5 2075.0
1424.0 1562.0 1700.0
1424.0 1642.0 1860.0
1424.0 1451.5 1479.0
1197.0 1310.5 1424.0
1197.0 1310.5 1424.0
1197.0 1310.5 1424.0
1197.0 1310.5 1424.0
1197.0 1310.5 1424.0
1197.0 1310.5 1424.0
1197.0 1310.5 1424.0
1197.0 1310.5 1424.0
1197.0 1310.5 1424.0
1197.0 1310.5 1424.0
1197.0 1310.5 1424.0
1197.0 1310.5 1424.0
1197.0 1310.5 1424.0
1197.0 1310.5 1424.0
1197.0 1310.5 1424.0
1197.0 1310.5 1424.0
1197.0 1310.5 1424.0
1197.0 1310.5 1424.0
1197.0 1310.5 1424.0
1197.0 1310.5 1424.0
1197.0 1310.5 1424.0
1197.0 1310.5 1424.0
1073.0 1248.5 1424.0
1073.0 1248.5 1424.0
1073.0 1248.5 1424.0
1073.0 1248.5 1424.0
1073.0 1248.5 1424.0
1073.0 1248.5 1424.0
1073.0 1248.5 1424.0
1073.0 1248.5 1424.0
1073.0 1248.5 1424.0
1073.0 1248.5 1424.0
1073.0 1248.5 1424.0
1073.0 1248.5 1424.0
1073.0 1248.5 1424.0
1073.0 1248.5 1424.0
1073.0 1248.5 1424.0
1073.0 1248.5 1424.0
1073.0 1248.5 1424.0
1073.0 1248.5 1424.0
1073.0 1248.5 1424.0
1073.0 1248.5 1424.0
1073.0 1248.5 1424.0
1073.0 1248.5 1424.0
1073.0 1248.5 1424.0
1073.0 1248.5 1424.0
1073.0 1248.5 1424.0
1073.0 1248.5 1424.0
1073.0 1248.5 1424.0
1073.0 1248.5 1424.0
1073.0 1248.5 1424.0
1073.0 1248.5 1424.0
1073.0 1248.5 1424.0
1073.0 1248.5 1424.0
1073.0 1248.5 1424.0
1073.0 1248.5 1424.0
1073.0 1248.5 1424.0
1073.0 1248.5 1424.0
1073.0 1248.5 1424.0
1073.0 1248.5 1424.0
1073.0 1248.5 1424.0
1073.0 1248.5 1424.0
1073.0 1248.5 1424.0
1073.0 1248.5 1424.0
1073.0 1248.5 1424.0
1073.0 1248.5 1424.0
1073.0 1248.5 1424.0
1073.0 1248.5 1424.0
1073.0 1248.5 1424.0
1073.0 1248.5 1424.0
1073.0 1248.5 1424.0
1073.0 1248.5 1424.0
1073.0 1248.5 1424.0
1073.0 1248.5 1424.0
1073.0 1248.5 1424.0
1073.0 1248.5 1424.0
1073.0 1248.5 1424.0
1073.0 1248.5 1424.0
1073.0 1248.5 1424.0
1073.0 1248.5 1424.0
1073.0 1248.5 1424.0
1073.0 1248.5 1424.0
1073.0 1248.5 1424.0
1073.0 1248.5 1424.0
1073.0 1248.5 1424.0
1073.0 1248.5 1424.0
1073.0 1248.5 1424.0
1073.0 1248.5 1424.0
1073.0 1248.5 1424.0
1073.0 1248.5 1424.0
1073.0 1248.5 1424.0
1073.0 1248.5 1424.0
1073.0 1248.5 1424.0
1073.0 1248.5 1424.0
1073.0 1248.5 1424.0
1073.0 1248.5 1424.0
1073.0 1248.5 1424.0
1073.0 1248.5 1424.0
1073.0 1248.5 1424.0
1073.0 1248.5 1424.0
1073.0 1248.5 1424.0
1073.0 1248.5 1424.0
1073.0 1248.5 1424.0
1073.0 1248.5 1424.0
1073.0 1248.5 1424.0
1073.0 1248.5 1424.0
1073.0 1248.5 1424.0
1073.0 1248.5 1424.0
1073.0 1248.5 1424.0
1073.0 1248.5 1424.0
1073.0 1248.5 1424.0
1073.0 1248.5 1424.0
1073.0 1248.5 1424.0
1073.0 1248.5 1424.0
1073.0 1248.5 1424.0
1073.0 1248.5 1424.0
1073.0 1248.5 1424.0
1073.0 1248.5 1424.0
1073.0 1248.5 1424.0
1073.0 1248.5 1424.0
1073.0 1248.5 1424.0
