12284.0 12313.5 12343.0
11459.0 12248.5 13038.0
4439.0 6836.5 9234.0
4439.0 5925.0 7411.0
2891.0 4202.0 5513.0
3764.0 4248.5 4733.0
1985.0 3004.5 4024.0
937.0 2037.0 3137.0
937.0 1557.5 2178.0
937.0 1551.5 2166.0
937.0 1551.5 2166.0
937.0 1551.5 2166.0
937.0 1551.5 2166.0
937.0 1551.5 2166.0
937.0 1551.5 2166.0
937.0 1551.5 2166.0
937.0 1551.5 2166.0
937.0 1749.5 2562.0
937.0 1465.5 1994.0
937.0 1538.0 2139.0
937.0 1365.5 1794.0
937.0 1365.5 1794.0
937.0 1365.5 1794.0
937.0 1365.5 1794.0
937.0 1365.5 1794.0
937.0 1365.5 1794.0
937.0 1365.5 1794.0
937.0 1365.5 1794.0
937.0 1365.5 1794.0
937.0 1365.5 1794.0
937.0 1365.5 1794.0
937.0 1365.5 1794.0
937.0 1365.5 1794.0
937.0 1383.5 1830.0
937.0 1383.5 1830.0
937.0 1383.5 1830.0
937.0 1383.5 1830.0
937.0 1383.5 1830.0
937.0 1383.5 1830.0
937.0 1383.5 1830.0
937.0 1383.5 1830.0
937.0 1383.5 1830.0
937.0 1383.5 1830.0
937.0 1383.5 1830.0
937.0 1383.5 1830.0
937.0 1383.5 1830.0
937.0 1383.5 1830.0
937.0 1383.5 1830.0
937.0 1383.5 1830.0
937.0 1383.5 1830.0
937.0 1383.5 1830.0
937.0 1383.5 1830.0
937.0 1383.5 1830.0
937.0 1383.5 1830.0
937.0 1383.5 1830.0
937.0 1383.5 1830.0
937.0 1383.5 1830.0
937.0 1383.5 1830.0
937.0 1383.5 1830.0
937.0 1383.5 1830.0
937.0 1383.5 1830.0
937.0 1383.5 1830.0
937.0 1383.5 1830.0
937.0 1383.5 1830.0
937.0 1383.5 1830.0
937.0 1383.5 1830.0
937.0 1383.5 1830.0
937.0 1383.5 1830.0
937.0 1383.5 1830.0
937.0 1383.5 1830.0
937.0 1383.5 1830.0
937.0 1383.5 1830.0
937.0 1383.5 1830.0
937.0 1383.5 1830.0
937.0 1383.5 1830.0
937.0 1383.5 1830.0
937.0 1383.5 1830.0
937.0 1383.5 1830.0
937.0 1383.5 1830.0
937.0 1383.5 1830.0
937.0 1219.5 1502.0
937.0 1219.5 1502.0
937.0 1383.5 1830.0
937.0 1383.5 1830.0
937.0 1383.5 1830.0
937.0 1383.5 1830.0
937.0 1383.5 1830.0
937.0 1383.5 1830.0
937.0 1383.5 1830.0
937.0 1383.5 1830.0
937.0 1383.5 1830.0
937.0 1383.5 1830.0
937.0 1383.5 1830.0
937.0 1383.5 1830.0
937.0 1383.5 1830.0
937.0 1383.5 1830.0
937.0 1383.5 1830.0
937.0 1383.5 1830.0
937.0 1383.5 1830.0
937.0 1383.5 1830.0
937.0 1383.5 1830.0
937.0 1383.5 1830.0
937.0 1383.5 1830.0
937.0 1383.5 1830.0
937.0 1383.5 1830.0
937.0 1383.5 1830.0
937.0 1383.5 1830.0
937.0 1383.5 1830.0
937.0 1383.5 1830.0
937.0 1383.5 1830.0
937.0 1383.5 1830.0
937.0 1383.5 1830.0
937.0 1383.5 1830.0
937.0 1383.5 1830.0
937.0 1383.5 1830.0
937.0 1383.5 1830.0
937.0 1383.5 1830.0
937.0 1383.5 1830.0
937.0 1383.5 1830.0
937.0 1383.5 1830.0
937.0 1383.5 1830.0
937.0 1383.5 1830.0
937.0 1383.5 1830.0
937.0 1383.5 1830.0
937.0 1383.5 1830.0
937.0 1383.5 1830.0
937.0 1383.5 1830.0
937.0 1383.5 1830.0
937.0 1383.5 1830.0
937.0 1383.5 1830.0
937.0 1383.5 1830.0
937.0 1383.5 1830.0
937.0 1383.5 1830.0
937.0 1383.5 1830.0
937.0 1383.5 1830.0
937.0 1383.5 1830.0
937.0 1383.5 1830.0
937.0 1383.5 1830.0
937.0 1383.5 1830.0
937.0 1383.5 1830.0
937.0 1383.5 1830.0
937.0 1383.5 1830.0
937.0 1383.5 1830.0
937.0 1383.5 1830.0
937.0 1383.5 1830.0
937.0 1383.5 1830.0
937.0 1383.5 1830.0
937.0 1383.5 1830.0
937.0 1383.5 1830.0
937.0 1383.5 1830.0
937.0 1383.5 1830.0
937.0 1383.5 1830.0
937.0 1383.5 1830.0
937.0 1383.5 1830.0
937.0 1383.5 1830.0
937.0 1383.5 1830.0
937.0 1383.5 1830.0
937.0 1383.5 1830.0
937.0 1383.5 1830.0
937.0 1383.5 1830.0
937.0 1383.5 1830.0
937.0 1383.5 1830.0
937.0 1383.5 1830.0
937.0 1383.5 1830.0
937.0 1383.5 1830.0
937.0 1383.5 1830.0
937.0 1383.5 1830.0
937.0 1383.5 1830.0
937.0 1383.5 1830.0
937.0 1383.5 1830.0
937.0 1383.5 1830.0
937.0 1383.5 1830.0
937.0 1383.5 1830.0
937.0 1383.5 1830.0
937.0 1383.5 1830.0
937.0 1383.5 1830.0
937.0 1383.5 1830.0
937.0 1383.5 1830.0
937.0 1383.5 1830.0
937.0 1383.5 1830.0
937.0 1383.5 1830.0
937.0 1383.5 1830.0
937.0 1383.5 1830.0
937.0 1383.5 1830.0
937.0 1383.5 1830.0
937.0 1383.5 1830.0
937.0 1383.5 1830.0
937.0 1383.5 1830.0
937.0 1383.5 1830.0
937.0 1383.5 1830.0
937.0 1383.5 1830.0
937.0 1383.5 1830.0
937.0 1383.5 1830.0
937.0 1383.5 1830.0
937.0 1383.5 1830.0
937.0 1383.5 1830.0
937.0 1383.5 1830.0
937.0 1383.5 1830.0
937.0 1383.5 1830.0
937.0 1383.5 1830.0
