15257.0 16380.5 17504.0
11872.0 12021.0 12170.0
9018.0 10419.5 11821.0
7585.0 8971.0 10357.0
8448.0 8946.0 9444.0
5457.0 7246.5 9036.0
5140.0 5664.0 6188.0
4756.0 5693.0 6630.0
4756.0 4864.5 4973.0
4756.0 5134.5 5513.0
2533.0 3265.5 3998.0
2533.0 3265.5 3998.0
2533.0 3265.5 3998.0
2533.0 3265.5 3998.0
2533.0 3265.5 3998.0
2533.0 2599.5 2666.0
2447.0 2490.0 2533.0
2447.0 2490.0 2533.0
2447.0 2490.0 2533.0
2447.0 2490.0 2533.0
2447.0 2490.0 2533.0
2273.0 2403.0 2533.0
2116.0 2324.5 2533.0
2116.0 2324.5 2533.0
2116.0 2324.5 2533.0
2116.0 2324.5 2533.0
2116.0 2326.5 2537.0
1980.0 2258.5 2537.0
1980.0 2258.5 2537.0
1980.0 2258.5 2537.0
1980.0 2258.5 2537.0
1980.0 2258.5 2537.0
1980.0 2258.5 2537.0
1980.0 2258.5 2537.0
1980.0 2258.5 2537.0
1980.0 2258.5 2537.0
1980.0 2258.5 2537.0
1980.0 2258.5 2537.0
1980.0 2258.5 2537.0
1980.0 2258.5 2537.0
1621.0 2079.0 2537.0
1621.0 2079.0 2537.0
1621.0 2266.5 2912.0
1621.0 2266.5 2912.0
1621.0 2266.5 2912.0
1621.0 2266.5 2912.0
1621.0 2266.5 2912.0
1621.0 2266.5 2912.0
1621.0 2266.5 2912.0
1621.0 2266.5 2912.0
1621.0 2266.5 2912.0
1621.0 2266.5 2912.0
1621.0 2266.5 2912.0
1621.0 2266.5 2912.0
1621.0 2266.5 2912.0
1621.0 2266.5 2912.0
1621.0 2266.5 2912.0
1621.0 2266.5 2912.0
1621.0 2266.5 2912.0
1621.0 2266.5 2912.0
1621.0 2266.5 2912.0
1621.0 2266.5 2912.0
1621.0 2266.5 2912.0
1621.0 2266.5 2912.0
1621.0 2266.5 2912.0
1621.0 2266.5 2912.0
1621.0 2266.5 2912.0
1621.0 2266.5 2912.0
1621.0 2266.5 2912.0
1621.0 2266.5 2912.0
1621.0 2266.5 2912.0
1621.0 2266.5 2912.0
1621.0 2266.5 2912.0
1621.0 2266.5 2912.0
1621.0 2002.0 2383.0
1621.0 2002.0 2383.0
1621.0 2002.0 2383.0
1621.0 2002.0 2383.0
1621.0 2002.0 2383.0
1621.0 2002.0 2383.0
1621.0 2002.0 2383.0
1621.0 1864.0 2107.0
1621.0 1864.0 2107.0
1621.0 1864.0 2107.0
1621.0 1864.0 2107.0
1621.0 1864.0 2107.0
1394.0 1507.5 1621.0
1394.0 1507.5 1621.0
1394.0 1507.5 1621.0
1394.0 1507.5 1621.0
1394.0 1507.5 1621.0
1394.0 1507.5 1621.0
1394.0 1507.5 1621.0
1394.0 1507.5 1621.0
1394.0 1507.5 1621.0
1394.0 1507.5 1621.0
1394.0 1507.5 1621.0
1394.0 1507.5 1621.0
1394.0 1507.5 1621.0
1394.0 1507.5 1621.0
1394.0 1507.5 1621.0
1394.0 1507.5 1621.0
1394.0 1507.5 1621.0
1394.0 1507.5 1621.0
1394.0 1507.5 1621.0
1394.0 1507.5 1621.0
1394.0 1507.5 1621.0
1394.0 1507.5 1621.0
1394.0 1507.5 1621.0
1394.0 1507.5 1621.0
1394.0 1507.5 1621.0
1394.0 1507.5 1621.0
1394.0 1507.5 1621.0
1394.0 1507.5 1621.0
1394.0 1507.5 1621.0
1394.0 1507.5 1621.0
1394.0 1507.5 1621.0
1394.0 1507.5 1621.0
1394.0 1507.5 1621.0
1394.0 1507.5 1621.0
1394.0 1507.5 1621.0
1394.0 1507.5 1621.0
1394.0 1507.5 1621.0
1394.0 1507.5 1621.0
1394.0 1507.5 1621.0
1394.0 1507.5 1621.0
1394.0 1507.5 1621.0
1394.0 1507.5 1621.0
1394.0 1507.5 1621.0
1394.0 1507.5 1621.0
1394.0 1507.5 1621.0
1394.0 1507.5 1621.0
1394.0 1507.5 1621.0
1394.0 1507.5 1621.0
1394.0 1507.5 1621.0
1394.0 1507.5 1621.0
1394.0 1507.5 1621.0
1394.0 1507.5 1621.0
1394.0 1507.5 1621.0
1394.0 1507.5 1621.0
1394.0 1507.5 1621.0
1394.0 1507.5 1621.0
1394.0 1507.5 1621.0
1394.0 1507.5 1621.0
1394.0 1507.5 1621.0
1394.0 1507.5 1621.0
1394.0 1507.5 1621.0
1394.0 1507.5 1621.0
1394.0 1507.5 1621.0
1394.0 1507.5 1621.0
1394.0 1507.5 1621.0
1394.0 1507.5 1621.0
1394.0 1507.5 1621.0
1394.0 1507.5 1621.0
1394.0 1507.5 1621.0
1394.0 1507.5 1621.0
1394.0 1507.5 1621.0
1394.0 1507.5 1621.0
1394.0 1507.5 1621.0
1394.0 1507.5 1621.0
1394.0 1507.5 1621.0
1394.0 1507.5 1621.0
1394.0 1507.5 1621.0
1394.0 1507.5 1621.0
1394.0 1507.5 1621.0
1394.0 1507.5 1621.0
1394.0 1507.5 1621.0
1394.0 1507.5 1621.0
1394.0 1507.5 1621.0
1394.0 1507.5 1621.0
1394.0 1507.5 1621.0
1394.0 1507.5 1621.0
1394.0 1507.5 1621.0
1394.0 1507.5 1621.0
1394.0 1507.5 1621.0
1394.0 1507.5 1621.0
1394.0 1507.5 1621.0
1394.0 1507.5 1621.0
1394.0 1507.5 1621.0
1394.0 1507.5 1621.0
1394.0 1507.5 1621.0
1394.0 1507.5 1621.0
1394.0 1507.5 1621.0
1394.0 1507.5 1621.0
1394.0 1507.5 1621.0
1394.0 1507.5 1621.0
1394.0 1507.5 1621.0
1394.0 1507.5 1621.0
1394.0 1507.5 1621.0
1394.0 1507.5 1621.0
1394.0 1507.5 1621.0
1394.0 1507.5 1621.0
1394.0 1507.5 1621.0
1394.0 1507.5 1621.0
1394.0 1507.5 1621.0
1394.0 1507.5 1621.0
1394.0 1507.5 1621.0
1394.0 1507.5 1621.0
1394.0 1507.5 1621.0
1394.0 1507.5 1621.0
