12278.0 12336.5 12395.0
9752.0 10390.0 11028.0
8300.0 8400.5 8501.0
5344.0 5695.0 6046.0
3756.0 4727.0 5698.0
3220.0 3888.0 4556.0
2775.0 2786.0 2797.0
2797.0 2847.5 2898.0
2153.0 2408.0 2663.0
2292.0 2477.5 2663.0
1787.0 1794.5 1802.0
1560.0 1673.5 1787.0
1189.0 1342.0 1495.0
1189.0 1342.0 1495.0
1183.0 1186.0 1189.0
1183.0 1186.0 1189.0
1183.0 1186.0 1189.0
1183.0 1186.0 1189.0
1183.0 1186.0 1189.0
1183.0 1186.0 1189.0
1183.0 1186.0 1189.0
1183.0 1186.0 1189.0
1183.0 1186.0 1189.0
1183.0 1186.0 1189.0
1183.0 1186.0 1189.0
1183.0 1186.0 1189.0
1183.0 1186.0 1189.0
1183.0 1186.0 1189.0
1183.0 1186.0 1189.0
1183.0 1186.0 1189.0
1183.0 1186.0 1189.0
1183.0 1186.0 1189.0
1183.0 1186.0 1189.0
1183.0 1186.0 1189.0
1183.0 1186.0 1189.0
1183.0 1186.0 1189.0
1183.0 1186.0 1189.0
1183.0 1186.0 1189.0
1183.0 1186.0 1189.0
1183.0 1186.0 1189.0
1183.0 1186.0 1189.0
1183.0 1186.0 1189.0
1183.0 1186.0 1189.0
1183.0 1186.0 1189.0
1183.0 1186.0 1189.0
1183.0 1186.0 1189.0
1183.0 1186.0 1189.0
1183.0 1186.0 1189.0
1183.0 1186.0 1189.0
1183.0 1186.0 1189.0
755.0 969.0 1183.0
755.0 969.0 1183.0
755.0 969.0 1183.0
729.0 956.0 1183.0
729.0 956.0 1183.0
729.0 956.0 1183.0
729.0 956.0 1183.0
729.0 956.0 1183.0
729.0 956.0 1183.0
729.0 956.0 1183.0
729.0 956.0 1183.0
729.0 956.0 1183.0
729.0 956.0 1183.0
729.0 956.0 1183.0
729.0 956.0 1183.0
729.0 956.0 1183.0
729.0 956.0 1183.0
729.0 956.0 1183.0
729.0 956.0 1183.0
729.0 956.0 1183.0
729.0 956.0 1183.0
729.0 956.0 1183.0
729.0 956.0 1183.0
729.0 956.0 1183.0
729.0 956.0 1183.0
729.0 956.0 1183.0
729.0 956.0 1183.0
729.0 956.0 1183.0
729.0 956.0 1183.0
729.0 956.0 1183.0
729.0 956.0 1183.0
729.0 964.5 1200.0
729.0 964.5 1200.0
729.0 964.5 1200.0
729.0 964.5 1200.0
729.0 964.5 1200.0
729.0 964.5 1200.0
729.0 964.5 1200.0
729.0 964.5 1200.0
729.0 899.5 1070.0
729.0 899.5 1070.0
729.0 852.0 975.0
729.0 852.0 975.0
729.0 852.0 975.0
729.0 852.0 975.0
729.0 852.0 975.0
729.0 852.0 975.0
729.0 852.0 975.0
729.0 852.0 975.0
729.0 852.0 975.0
729.0 852.0 975.0
729.0 852.0 975.0
729.0 852.0 975.0
729.0 852.0 975.0
729.0 852.0 975.0
729.0 852.0 975.0
729.0 852.0 975.0
729.0 852.0 975.0
729.0 852.0 975.0
729.0 852.0 975.0
729.0 852.0 975.0
729.0 852.0 975.0
729.0 852.0 975.0
729.0 852.0 975.0
729.0 852.0 975.0
729.0 852.0 975.0
729.0 852.0 975.0
729.0 852.0 975.0
729.0 852.0 975.0
729.0 852.0 975.0
729.0 852.0 975.0
729.0 852.0 975.0
729.0 852.0 975.0
729.0 852.0 975.0
729.0 852.0 975.0
729.0 852.0 975.0
729.0 852.0 975.0
729.0 852.0 975.0
729.0 852.0 975.0
729.0 852.0 975.0
729.0 852.0 975.0
729.0 852.0 975.0
729.0 852.0 975.0
729.0 852.0 975.0
729.0 852.0 975.0
729.0 852.0 975.0
729.0 852.0 975.0
729.0 852.0 975.0
729.0 852.0 975.0
729.0 852.0 975.0
729.0 852.0 975.0
729.0 852.0 975.0
729.0 852.0 975.0
729.0 852.0 975.0
729.0 852.0 975.0
729.0 852.0 975.0
729.0 852.0 975.0
729.0 852.0 975.0
729.0 852.0 975.0
729.0 852.0 975.0
729.0 852.0 975.0
729.0 852.0 975.0
729.0 852.0 975.0
729.0 852.0 975.0
729.0 852.0 975.0
729.0 852.0 975.0
729.0 852.0 975.0
729.0 852.0 975.0
729.0 852.0 975.0
639.0 807.0 975.0
639.0 807.0 975.0
639.0 807.0 975.0
639.0 807.0 975.0
639.0 807.0 975.0
639.0 807.0 975.0
639.0 807.0 975.0
639.0 807.0 975.0
639.0 807.0 975.0
639.0 807.0 975.0
639.0 807.0 975.0
639.0 807.0 975.0
639.0 807.0 975.0
639.0 807.0 975.0
639.0 807.0 975.0
639.0 807.0 975.0
639.0 807.0 975.0
639.0 807.0 975.0
639.0 807.0 975.0
639.0 807.0 975.0
639.0 807.0 975.0
639.0 807.0 975.0
639.0 807.0 975.0
639.0 807.0 975.0
639.0 807.0 975.0
639.0 807.0 975.0
639.0 807.0 975.0
639.0 807.0 975.0
639.0 807.0 975.0
639.0 807.0 975.0
639.0 807.0 975.0
639.0 807.0 975.0
639.0 807.0 975.0
639.0 807.0 975.0
639.0 807.0 975.0
639.0 807.0 975.0
639.0 807.0 975.0
639.0 807.0 975.0
639.0 807.0 975.0
639.0 807.0 975.0
639.0 807.0 975.0
