9736.0 10513.0 11290.0
8881.0 8940.5 9000.0
7241.0 7551.0 7861.0
4482.0 5196.0 5910.0
3771.0 4126.5 4482.0
3146.0 3452.0 3758.0
2577.0 2730.0 2883.0
2118.0 2184.5 2251.0
1438.0 1844.5 2251.0
1535.0 1535.0 1535.0
1535.0 1535.0 1535.0
812.0 1173.5 1535.0
812.0 1173.5 1535.0
812.0 1173.5 1535.0
812.0 1173.5 1535.0
812.0 1173.5 1535.0
812.0 1173.5 1535.0
812.0 1173.5 1535.0
812.0 1173.5 1535.0
812.0 1173.5 1535.0
812.0 1173.5 1535.0
812.0 1173.5 1535.0
812.0 1173.5 1535.0
812.0 1173.5 1535.0
812.0 1173.5 1535.0
812.0 1173.5 1535.0
812.0 1173.5 1535.0
812.0 1173.5 1535.0
812.0 1173.5 1535.0
812.0 1173.5 1535.0
812.0 1173.5 1535.0
812.0 1173.5 1535.0
812.0 1173.5 1535.0
812.0 1230.0 1648.0
812.0 1230.0 1648.0
812.0 1230.0 1648.0
812.0 1230.0 1648.0
812.0 1230.0 1648.0
812.0 1230.0 1648.0
812.0 1230.0 1648.0
812.0 1230.0 1648.0
812.0 1230.0 1648.0
812.0 1230.0 1648.0
812.0 1230.0 1648.0
812.0 1230.0 1648.0
812.0 1230.0 1648.0
812.0 1230.0 1648.0
812.0 1230.0 1648.0
812.0 1230.0 1648.0
812.0 984.0 1156.0
812.0 984.0 1156.0
812.0 913.5 1015.0
812.0 913.5 1015.0
812.0 913.5 1015.0
812.0 913.5 1015.0
812.0 913.5 1015.0
812.0 913.5 1015.0
812.0 913.5 1015.0
812.0 913.5 1015.0
812.0 913.5 1015.0
812.0 913.5 1015.0
812.0 913.5 1015.0
812.0 913.5 1015.0
812.0 913.5 1015.0
812.0 913.5 1015.0
812.0 913.5 1015.0
812.0 913.5 1015.0
812.0 913.5 1015.0
812.0 913.5 1015.0
812.0 913.5 1015.0
812.0 913.5 1015.0
812.0 913.5 1015.0
812.0 913.5 1015.0
812.0 913.5 1015.0
812.0 913.5 1015.0
812.0 913.5 1015.0
812.0 913.5 1015.0
812.0 913.5 1015.0
812.0 913.5 1015.0
812.0 913.5 1015.0
812.0 913.5 1015.0
812.0 913.5 1015.0
812.0 913.5 1015.0
812.0 913.5 1015.0
812.0 913.5 1015.0
812.0 913.5 1015.0
812.0 913.5 1015.0
812.0 913.5 1015.0
812.0 913.5 1015.0
812.0 913.5 1015.0
812.0 913.5 1015.0
812.0 913.5 1015.0
812.0 913.5 1015.0
812.0 913.5 1015.0
812.0 913.5 1015.0
812.0 913.5 1015.0
812.0 913.5 1015.0
812.0 913.5 1015.0
812.0 913.5 1015.0
812.0 913.5 1015.0
812.0 913.5 1015.0
812.0 913.5 1015.0
812.0 913.5 1015.0
812.0 913.5 1015.0
812.0 913.5 1015.0
812.0 913.5 1015.0
812.0 913.5 1015.0
812.0 913.5 1015.0
812.0 913.5 1015.0
812.0 913.5 1015.0
812.0 913.5 1015.0
812.0 913.5 1015.0
812.0 913.5 1015.0
812.0 913.5 1015.0
812.0 913.5 1015.0
812.0 913.5 1015.0
812.0 913.5 1015.0
812.0 913.5 1015.0
812.0 913.5 1015.0
812.0 913.5 1015.0
812.0 913.5 1015.0
812.0 913.5 1015.0
812.0 913.5 1015.0
812.0 913.5 1015.0
812.0 913.5 1015.0
812.0 913.5 1015.0
812.0 913.5 1015.0
812.0 913.5 1015.0
812.0 913.5 1015.0
812.0 913.5 1015.0
812.0 913.5 1015.0
812.0 913.5 1015.0
812.0 913.5 1015.0
812.0 913.5 1015.0
812.0 913.5 1015.0
812.0 913.5 1015.0
812.0 913.5 1015.0
812.0 913.5 1015.0
812.0 913.5 1015.0
812.0 913.5 1015.0
812.0 913.5 1015.0
812.0 913.5 1015.0
812.0 913.5 1015.0
812.0 913.5 1015.0
812.0 913.5 1015.0
812.0 913.5 1015.0
812.0 913.5 1015.0
812.0 913.5 1015.0
812.0 913.5 1015.0
812.0 913.5 1015.0
812.0 913.5 1015.0
812.0 913.5 1015.0
812.0 913.5 1015.0
812.0 913.5 1015.0
812.0 913.5 1015.0
812.0 913.5 1015.0
812.0 913.5 1015.0
812.0 913.5 1015.0
812.0 913.5 1015.0
812.0 913.5 1015.0
812.0 913.5 1015.0
812.0 913.5 1015.0
812.0 913.5 1015.0
812.0 913.5 1015.0
812.0 913.5 1015.0
812.0 913.5 1015.0
812.0 913.5 1015.0
812.0 913.5 1015.0
812.0 913.5 1015.0
812.0 913.5 1015.0
812.0 913.5 1015.0
812.0 913.5 1015.0
812.0 913.5 1015.0
812.0 913.5 1015.0
812.0 913.5 1015.0
812.0 913.5 1015.0
812.0 913.5 1015.0
812.0 913.5 1015.0
812.0 913.5 1015.0
812.0 913.5 1015.0
812.0 913.5 1015.0
812.0 913.5 1015.0
812.0 913.5 1015.0
812.0 913.5 1015.0
812.0 913.5 1015.0
812.0 913.5 1015.0
812.0 913.5 1015.0
812.0 913.5 1015.0
812.0 913.5 1015.0
812.0 913.5 1015.0
812.0 913.5 1015.0
812.0 913.5 1015.0
812.0 913.5 1015.0
812.0 913.5 1015.0
812.0 913.5 1015.0
812.0 913.5 1015.0
812.0 913.5 1015.0
812.0 913.5 1015.0
812.0 913.5 1015.0
812.0 913.5 1015.0
