12391.0 13320.0 14249.0
10696.0 10911.0 11126.0
8299.0 8675.0 9051.0
6956.0 7670.0 8384.0
5210.0 5401.0 5592.0
3616.0 3973.0 4330.0
2497.0 3237.5 3978.0
2497.0 2526.5 2556.0
2431.0 2542.5 2654.0
2431.0 2542.5 2654.0
2431.0 2542.5 2654.0
2431.0 2542.5 2654.0
2431.0 2542.5 2654.0
2431.0 2542.5 2654.0
2431.0 2542.5 2654.0
2431.0 2542.5 2654.0
2431.0 2778.0 3125.0
1494.0 2043.0 2592.0
1494.0 2043.0 2592.0
1494.0 1891.0 2288.0
1494.0 1891.0 2288.0
1494.0 2043.0 2592.0
1494.0 1655.0 1816.0
1494.0 1698.0 1902.0
1494.0 1698.0 1902.0
1494.0 1698.0 1902.0
1494.0 1698.0 1902.0
1494.0 1698.0 1902.0
1494.0 1698.0 1902.0
1494.0 1698.0 1902.0
1494.0 1698.0 1902.0
1494.0 1698.0 1902.0
1494.0 1698.0 1902.0
1494.0 1698.0 1902.0
1494.0 1698.0 1902.0
1494.0 1698.0 1902.0
1494.0 1698.0 1902.0
1494.0 1698.0 1902.0
1494.0 1698.0 1902.0
1494.0 1698.0 1902.0
1494.0 1698.0 1902.0
1494.0 1698.0 1902.0
1494.0 1698.0 1902.0
1494.0 1698.0 1902.0
1494.0 1698.0 1902.0
1494.0 1698.0 1902.0
1494.0 1698.0 1902.0
1494.0 1698.0 1902.0
1494.0 1698.0 1902.0
1494.0 1698.0 1902.0
1494.0 1698.0 1902.0
1494.0 1698.0 1902.0
1494.0 1698.0 1902.0
1494.0 1698.0 1902.0
1494.0 1698.0 1902.0
1494.0 1698.0 1902.0
1480.0 1487.0 1494.0
1423.0 1458.5 1494.0
1423.0 1458.5 1494.0
1423.0 1458.5 1494.0
1423.0 1458.5 1494.0
1423.0 1458.5 1494.0
1423.0 1458.5 1494.0
1423.0 1458.5 1494.0
1423.0 1458.5 1494.0
1423.0 1458.5 1494.0
1423.0 1458.5 1494.0
1423.0 1458.5 1494.0
1423.0 1458.5 1494.0
1423.0 1458.5 1494.0
1423.0 1458.5 1494.0
1423.0 1458.5 1494.0
1423.0 1458.5 1494.0
1423.0 1458.5 1494.0
1423.0 1458.5 1494.0
1423.0 1458.5 1494.0
1423.0 1458.5 1494.0
1423.0 1458.5 1494.0
1423.0 1458.5 1494.0
1423.0 1458.5 1494.0
1423.0 1458.5 1494.0
1423.0 1458.5 1494.0
1423.0 1458.5 1494.0
1287.0 1355.0 1423.0
1287.0 1355.0 1423.0
1287.0 1355.0 1423.0
1287.0 1355.0 1423.0
1287.0 1355.0 1423.0
1287.0 1355.0 1423.0
1287.0 1355.0 1423.0
1287.0 1355.0 1423.0
1287.0 1355.0 1423.0
1287.0 1355.0 1423.0
1287.0 1421.0 1555.0
1287.0 1421.0 1555.0
1287.0 1421.0 1555.0
1287.0 1421.0 1555.0
1287.0 1421.0 1555.0
1287.0 1421.0 1555.0
1287.0 1421.0 1555.0
1287.0 1421.0 1555.0
1287.0 1421.0 1555.0
1287.0 1421.0 1555.0
1287.0 1421.0 1555.0
1287.0 1421.0 1555.0
1287.0 1421.0 1555.0
1287.0 1421.0 1555.0
1287.0 1421.0 1555.0
1287.0 1421.0 1555.0
1287.0 1421.0 1555.0
1287.0 1421.0 1555.0
1287.0 1421.0 1555.0
1287.0 1421.0 1555.0
1287.0 1421.0 1555.0
1287.0 1421.0 1555.0
1287.0 1421.0 1555.0
1287.0 1421.0 1555.0
1287.0 1421.0 1555.0
1287.0 1421.0 1555.0
1287.0 1421.0 1555.0
1287.0 1421.0 1555.0
1287.0 1421.0 1555.0
1287.0 1421.0 1555.0
1287.0 1421.0 1555.0
1287.0 1421.0 1555.0
1287.0 1421.0 1555.0
1287.0 1421.0 1555.0
1287.0 1421.0 1555.0
1287.0 1421.0 1555.0
1287.0 1421.0 1555.0
1287.0 1421.0 1555.0
1287.0 1421.0 1555.0
1287.0 1421.0 1555.0
1287.0 1421.0 1555.0
1287.0 1421.0 1555.0
1287.0 1421.0 1555.0
1287.0 1421.0 1555.0
1287.0 1421.0 1555.0
1287.0 1421.0 1555.0
1287.0 1421.0 1555.0
1287.0 1421.0 1555.0
1287.0 1421.0 1555.0
1287.0 1421.0 1555.0
1287.0 1421.0 1555.0
1287.0 1421.0 1555.0
1287.0 1421.0 1555.0
1287.0 1421.0 1555.0
1287.0 1421.0 1555.0
1287.0 1421.0 1555.0
1287.0 1421.0 1555.0
1287.0 1421.0 1555.0
1287.0 1421.0 1555.0
1287.0 1421.0 1555.0
1287.0 1421.0 1555.0
1287.0 1421.0 1555.0
1287.0 1421.0 1555.0
1287.0 1421.0 1555.0
1287.0 1421.0 1555.0
1287.0 1421.0 1555.0
1287.0 1421.0 1555.0
1287.0 1421.0 1555.0
1287.0 1421.0 1555.0
1287.0 1421.0 1555.0
1287.0 1421.0 1555.0
1287.0 1421.0 1555.0
1287.0 1421.0 1555.0
1287.0 1421.0 1555.0
1287.0 1421.0 1555.0
1287.0 1421.0 1555.0
1287.0 1421.0 1555.0
1287.0 1421.0 1555.0
1287.0 1421.0 1555.0
1287.0 1421.0 1555.0
1287.0 1421.0 1555.0
1287.0 1421.0 1555.0
1287.0 1421.0 1555.0
1287.0 1421.0 1555.0
1287.0 1421.0 1555.0
1287.0 1421.0 1555.0
1287.0 1421.0 1555.0
1287.0 1421.0 1555.0
1287.0 1421.0 1555.0
1287.0 1421.0 1555.0
1287.0 1421.0 1555.0
1287.0 1421.0 1555.0
1287.0 1421.0 1555.0
1287.0 1421.0 1555.0
1287.0 1421.0 1555.0
1287.0 1421.0 1555.0
1287.0 1421.0 1555.0
1287.0 1421.0 1555.0
1287.0 1421.0 1555.0
1287.0 1421.0 1555.0
1287.0 1421.0 1555.0
1287.0 1421.0 1555.0
1287.0 1421.0 1555.0
1287.0 1421.0 1555.0
1287.0 1421.0 1555.0
1287.0 1421.0 1555.0
1287.0 1421.0 1555.0
