10512.0 11536.5 12561.0
6879.0 8602.5 10326.0
6769.0 9963.0 13157.0
5156.0 5371.5 5587.0
4847.0 5001.5 5156.0
3752.0 3919.0 4086.0
2923.0 3504.5 4086.0
2923.0 3520.0 4117.0
2923.0 3248.0 3573.0
2469.0 2521.0 2573.0
2573.0 2736.5 2900.0
2573.0 2736.5 2900.0
2573.0 2736.5 2900.0
2573.0 2666.0 2759.0
2555.0 2564.0 2573.0
2555.0 2564.0 2573.0
2555.0 2564.0 2573.0
2555.0 2564.0 2573.0
2555.0 2564.0 2573.0
2555.0 2564.0 2573.0
2504.0 2529.5 2555.0
1606.0 2055.0 2504.0
1606.0 2055.0 2504.0
1606.0 2016.5 2427.0
1606.0 2016.5 2427.0
1606.0 2016.5 2427.0
1606.0 2016.5 2427.0
1606.0 2016.5 2427.0
1606.0 2016.5 2427.0
1606.0 2016.5 2427.0
1606.0 2016.5 2427.0
1606.0 2016.5 2427.0
1606.0 2016.5 2427.0
1606.0 2016.5 2427.0
1606.0 2016.5 2427.0
1606.0 2016.5 2427.0
1606.0 2016.5 2427.0
1606.0 2016.5 2427.0
1606.0 2016.5 2427.0
1606.0 2016.5 2427.0
1606.0 2016.5 2427.0
1606.0 2016.5 2427.0
1606.0 2016.5 2427.0
1606.0 2016.5 2427.0
1606.0 2016.5 2427.0
1606.0 2016.5 2427.0
1606.0 2016.5 2427.0
1606.0 2016.5 2427.0
1606.0 2016.5 2427.0
1606.0 2016.5 2427.0
1606.0 2016.5 2427.0
1606.0 2016.5 2427.0
1606.0 1643.0 1680.0
1606.0 1643.0 1680.0
1606.0 1643.0 1680.0
1606.0 1643.0 1680.0
1606.0 1643.0 1680.0
1606.0 1643.0 1680.0
1606.0 1643.0 1680.0
1606.0 1643.0 1680.0
1606.0 1643.0 1680.0
1606.0 1643.0 1680.0
1606.0 1643.0 1680.0
1606.0 1643.0 1680.0
1606.0 1643.0 1680.0
1606.0 1643.0 1680.0
1606.0 1643.0 1680.0
1606.0 1643.0 1680.0
1606.0 1643.0 1680.0
1606.0 1643.0 1680.0
1606.0 1643.0 1680.0
1606.0 1643.0 1680.0
1606.0 1643.0 1680.0
1606.0 1643.0 1680.0
1606.0 1643.0 1680.0
1606.0 1643.0 1680.0
1606.0 1643.0 1680.0
1606.0 1643.0 1680.0
1606.0 1643.0 1680.0
1606.0 1643.0 1680.0
1606.0 1643.0 1680.0
1606.0 1643.0 1680.0
1606.0 1643.0 1680.0
1606.0 1643.0 1680.0
1606.0 1643.0 1680.0
1606.0 1643.0 1680.0
1606.0 1643.0 1680.0
1606.0 1643.0 1680.0
1606.0 1643.0 1680.0
1606.0 1643.0 1680.0
1606.0 1643.0 1680.0
1606.0 1643.0 1680.0
1606.0 1643.0 1680.0
1606.0 1643.0 1680.0
1606.0 1643.0 1680.0
1606.0 1643.0 1680.0
1606.0 1643.0 1680.0
1606.0 1643.0 1680.0
1606.0 1643.0 1680.0
1606.0 1643.0 1680.0
1606.0 1643.0 1680.0
1606.0 1643.0 1680.0
1606.0 1643.0 1680.0
1606.0 1643.0 1680.0
1606.0 1643.0 1680.0
1606.0 1643.0 1680.0
1606.0 1643.0 1680.0
1606.0 1643.0 1680.0
1606.0 1643.0 1680.0
1606.0 1643.0 1680.0
1606.0 1643.0 1680.0
1606.0 1643.0 1680.0
1606.0 1643.0 1680.0
1606.0 1643.0 1680.0
1606.0 1643.0 1680.0
1606.0 1643.0 1680.0
1606.0 1643.0 1680.0
1606.0 1643.0 1680.0
1606.0 1643.0 1680.0
1606.0 1643.0 1680.0
1606.0 1643.0 1680.0
1606.0 1643.0 1680.0
1606.0 1643.0 1680.0
1606.0 1643.0 1680.0
1606.0 1643.0 1680.0
1606.0 1643.0 1680.0
1606.0 1643.0 1680.0
1606.0 1643.0 1680.0
1606.0 1643.0 1680.0
1606.0 1643.0 1680.0
1606.0 1643.0 1680.0
1606.0 1643.0 1680.0
1606.0 1643.0 1680.0
1606.0 1643.0 1680.0
1606.0 1643.0 1680.0
1606.0 1643.0 1680.0
1606.0 1643.0 1680.0
1606.0 1643.0 1680.0
1606.0 1643.0 1680.0
1606.0 1643.0 1680.0
1606.0 1643.0 1680.0
1606.0 1643.0 1680.0
1606.0 1643.0 1680.0
1606.0 1643.0 1680.0
1606.0 1643.0 1680.0
1606.0 1643.0 1680.0
1606.0 1643.0 1680.0
1606.0 1643.0 1680.0
1606.0 1643.0 1680.0
1606.0 1643.0 1680.0
1606.0 1643.0 1680.0
1606.0 1643.0 1680.0
1606.0 1643.0 1680.0
1606.0 1643.0 1680.0
1606.0 1643.0 1680.0
1606.0 1643.0 1680.0
1606.0 1643.0 1680.0
1606.0 1643.0 1680.0
1606.0 1643.0 1680.0
1606.0 1643.0 1680.0
1606.0 1643.0 1680.0
1606.0 1643.0 1680.0
1606.0 1643.0 1680.0
1606.0 1643.0 1680.0
1606.0 1643.0 1680.0
1606.0 1643.0 1680.0
1606.0 1643.0 1680.0
1606.0 1643.0 1680.0
1606.0 1643.0 1680.0
1606.0 1643.0 1680.0
1606.0 1643.0 1680.0
1606.0 1643.0 1680.0
1606.0 1643.0 1680.0
1606.0 1643.0 1680.0
1606.0 1643.0 1680.0
1606.0 1643.0 1680.0
1606.0 1643.0 1680.0
1606.0 1643.0 1680.0
1606.0 1643.0 1680.0
1606.0 1643.0 1680.0
1606.0 1643.0 1680.0
1606.0 1643.0 1680.0
1606.0 1643.0 1680.0
1606.0 1643.0 1680.0
1606.0 1643.0 1680.0
1606.0 1643.0 1680.0
1606.0 1643.0 1680.0
1606.0 1643.0 1680.0
1606.0 1643.0 1680.0
1606.0 1643.0 1680.0
1606.0 1643.0 1680.0
1606.0 1643.0 1680.0
1606.0 1643.0 1680.0
1606.0 1643.0 1680.0
1606.0 1643.0 1680.0
1606.0 1643.0 1680.0
1606.0 1643.0 1680.0
1606.0 1643.0 1680.0
1606.0 1643.0 1680.0
1606.0 1643.0 1680.0
