14645.0 15541.0 16437.0
11798.0 12812.0 13826.0
10651.0 10709.5 10768.0
9002.0 9394.0 9786.0
7589.0 9144.5 10700.0
6961.0 8831.5 10702.0
5639.0 6672.5 7706.0
5073.0 6106.0 7139.0
4676.0 5560.5 6445.0
4676.0 5260.0 5844.0
2989.0 3600.5 4212.0
2989.0 4279.5 5570.0
2989.0 4107.5 5226.0
2989.0 3245.0 3501.0
2989.0 3342.5 3696.0
2989.0 3156.5 3324.0
2989.0 3156.5 3324.0
2837.0 3080.5 3324.0
2334.0 2546.0 2758.0
2291.0 2524.5 2758.0
2075.0 2416.5 2758.0
2075.0 2497.5 2920.0
2075.0 2416.5 2758.0
2075.0 2251.0 2427.0
2075.0 2166.5 2258.0
2056.0 2065.5 2075.0
2056.0 2065.5 2075.0
2056.0 2065.5 2075.0
2075.0 2148.0 2221.0
1909.0 1992.0 2075.0
1412.0 1743.5 2075.0
1412.0 1743.5 2075.0
1412.0 1743.5 2075.0
1412.0 1743.5 2075.0
1412.0 1743.5 2075.0
1412.0 1743.5 2075.0
1412.0 1743.5 2075.0
1412.0 1743.5 2075.0
1412.0 1743.5 2075.0
1412.0 1743.5 2075.0
1412.0 1743.5 2075.0
1412.0 1743.5 2075.0
1412.0 1743.5 2075.0
1412.0 1743.5 2075.0
1412.0 1743.5 2075.0
1412.0 1743.5 2075.0
1412.0 1743.5 2075.0
1412.0 1743.5 2075.0
1412.0 1743.5 2075.0
1412.0 1743.5 2075.0
1412.0 1743.5 2075.0
1412.0 1743.5 2075.0
1412.0 1743.5 2075.0
1412.0 1743.5 2075.0
1412.0 1743.5 2075.0
1412.0 1743.5 2075.0
1412.0 1743.5 2075.0
1412.0 1743.5 2075.0
1412.0 1743.5 2075.0
1412.0 1743.5 2075.0
1412.0 1743.5 2075.0
1412.0 1743.5 2075.0
1412.0 1743.5 2075.0
1412.0 1743.5 2075.0
1412.0 1743.5 2075.0
1412.0 1743.5 2075.0
1412.0 1743.5 2075.0
1412.0 1743.5 2075.0
1412.0 1743.5 2075.0
1412.0 1743.5 2075.0
1412.0 1743.5 2075.0
1412.0 1743.5 2075.0
1412.0 1743.5 2075.0
1412.0 1743.5 2075.0
1412.0 1743.5 2075.0
1412.0 1743.5 2075.0
1412.0 1743.5 2075.0
1412.0 1743.5 2075.0
1412.0 1743.5 2075.0
1412.0 1743.5 2075.0
1412.0 1743.5 2075.0
1412.0 1743.5 2075.0
1412.0 1743.5 2075.0
1412.0 1743.5 2075.0
1412.0 1743.5 2075.0
1412.0 1743.5 2075.0
1412.0 1743.5 2075.0
1412.0 1743.5 2075.0
1412.0 1743.5 2075.0
1412.0 1743.5 2075.0
1412.0 1743.5 2075.0
1412.0 1743.5 2075.0
1412.0 1743.5 2075.0
1412.0 1743.5 2075.0
1412.0 1743.5 2075.0
1412.0 1743.5 2075.0
1412.0 1743.5 2075.0
1412.0 1743.5 2075.0
1412.0 1743.5 2075.0
1412.0 1743.5 2075.0
1412.0 1743.5 2075.0
1412.0 1743.5 2075.0
1412.0 1743.5 2075.0
1412.0 1743.5 2075.0
1412.0 1743.5 2075.0
1412.0 1743.5 2075.0
1412.0 1562.0 1712.0
1412.0 1562.0 1712.0
1412.0 1562.0 1712.0
1412.0 1562.0 1712.0
1412.0 1562.0 1712.0
1412.0 1562.0 1712.0
1412.0 1562.0 1712.0
1412.0 1562.0 1712.0
1412.0 1562.0 1712.0
1412.0 1562.0 1712.0
1412.0 1562.0 1712.0
1412.0 1562.0 1712.0
1412.0 1562.0 1712.0
1412.0 1562.0 1712.0
1412.0 1562.0 1712.0
1412.0 1562.0 1712.0
1412.0 1562.0 1712.0
1412.0 1562.0 1712.0
1412.0 1562.0 1712.0
1412.0 1562.0 1712.0
1412.0 1562.0 1712.0
1412.0 1562.0 1712.0
1412.0 1562.0 1712.0
1412.0 1562.0 1712.0
1412.0 1562.0 1712.0
1412.0 1562.0 1712.0
1412.0 1562.0 1712.0
1412.0 1562.0 1712.0
1412.0 1562.0 1712.0
1412.0 1562.0 1712.0
1412.0 1562.0 1712.0
1412.0 1562.0 1712.0
1412.0 1562.0 1712.0
1412.0 1562.0 1712.0
1412.0 1562.0 1712.0
1412.0 1562.0 1712.0
1412.0 1562.0 1712.0
1412.0 1562.0 1712.0
1412.0 1562.0 1712.0
1412.0 1562.0 1712.0
1412.0 1562.0 1712.0
1412.0 1562.0 1712.0
1412.0 1562.0 1712.0
1412.0 1562.0 1712.0
1412.0 1562.0 1712.0
1412.0 1562.0 1712.0
1412.0 1562.0 1712.0
1412.0 1562.0 1712.0
1412.0 1562.0 1712.0
1412.0 1562.0 1712.0
1412.0 1562.0 1712.0
1412.0 1562.0 1712.0
1412.0 1562.0 1712.0
1412.0 1562.0 1712.0
1412.0 1562.0 1712.0
1412.0 1562.0 1712.0
1412.0 1562.0 1712.0
1412.0 1562.0 1712.0
1412.0 1562.0 1712.0
1412.0 1562.0 1712.0
1412.0 1562.0 1712.0
1412.0 1562.0 1712.0
1412.0 1562.0 1712.0
1412.0 1562.0 1712.0
1412.0 1562.0 1712.0
1412.0 1562.0 1712.0
1412.0 1562.0 1712.0
1412.0 1562.0 1712.0
1412.0 1562.0 1712.0
1412.0 1562.0 1712.0
1412.0 1562.0 1712.0
1412.0 1562.0 1712.0
1412.0 1562.0 1712.0
1412.0 1562.0 1712.0
1412.0 1562.0 1712.0
1412.0 1562.0 1712.0
1412.0 1562.0 1712.0
1412.0 1562.0 1712.0
1412.0 1562.0 1712.0
1412.0 1562.0 1712.0
1412.0 1562.0 1712.0
1412.0 1562.0 1712.0
1412.0 1562.0 1712.0
1412.0 1562.0 1712.0
1412.0 1562.0 1712.0
1412.0 1562.0 1712.0
1412.0 1562.0 1712.0
1412.0 1562.0 1712.0
1412.0 1562.0 1712.0
1412.0 1562.0 1712.0
1412.0 1562.0 1712.0
1412.0 1562.0 1712.0
1412.0 1562.0 1712.0
1412.0 1562.0 1712.0
