6354.0 8283.0 10212.0
6351.0 7459.5 8568.0
5793.0 5948.5 6104.0
3765.0 3846.0 3927.0
3422.0 3532.0 3642.0
2724.0 3262.0 3800.0
2479.0 2618.5 2758.0
1990.0 2234.5 2479.0
1664.0 1789.0 1914.0
1914.0 1940.0 1966.0
1499.0 1706.5 1914.0
1499.0 1706.5 1914.0
1244.0 1772.0 2300.0
1244.0 1579.0 1914.0
1244.0 1579.0 1914.0
1244.0 1330.5 1417.0
1244.0 1330.5 1417.0
1055.0 1223.0 1391.0
1055.0 1223.0 1391.0
947.0 1169.0 1391.0
947.0 1169.0 1391.0
947.0 1169.0 1391.0
947.0 1169.0 1391.0
947.0 1169.0 1391.0
947.0 1169.0 1391.0
947.0 1169.0 1391.0
947.0 1169.0 1391.0
947.0 1169.0 1391.0
947.0 1169.0 1391.0
947.0 1169.0 1391.0
947.0 1169.0 1391.0
947.0 1169.0 1391.0
947.0 1169.0 1391.0
947.0 1169.0 1391.0
947.0 1169.0 1391.0
947.0 1182.0 1417.0
947.0 1182.0 1417.0
947.0 977.0 1007.0
947.0 977.0 1007.0
947.0 977.0 1007.0
947.0 977.0 1007.0
947.0 977.0 1007.0
947.0 977.0 1007.0
947.0 977.0 1007.0
947.0 977.0 1007.0
947.0 977.0 1007.0
947.0 977.0 1007.0
947.0 977.0 1007.0
947.0 977.0 1007.0
947.0 977.0 1007.0
947.0 977.0 1007.0
947.0 977.0 1007.0
947.0 977.0 1007.0
947.0 977.0 1007.0
947.0 977.0 1007.0
947.0 977.0 1007.0
947.0 977.0 1007.0
947.0 977.0 1007.0
947.0 977.0 1007.0
947.0 977.0 1007.0
947.0 977.0 1007.0
947.0 977.0 1007.0
947.0 977.0 1007.0
947.0 977.0 1007.0
947.0 977.0 1007.0
947.0 977.0 1007.0
947.0 977.0 1007.0
947.0 977.0 1007.0
947.0 977.0 1007.0
947.0 977.0 1007.0
947.0 977.0 1007.0
947.0 977.0 1007.0
947.0 977.0 1007.0
947.0 977.0 1007.0
947.0 977.0 1007.0
947.0 977.0 1007.0
947.0 977.0 1007.0
947.0 977.0 1007.0
947.0 977.0 1007.0
947.0 977.0 1007.0
947.0 977.0 1007.0
947.0 977.0 1007.0
947.0 977.0 1007.0
947.0 977.0 1007.0
947.0 977.0 1007.0
947.0 977.0 1007.0
947.0 977.0 1007.0
947.0 977.0 1007.0
947.0 977.0 1007.0
947.0 977.0 1007.0
947.0 977.0 1007.0
947.0 977.0 1007.0
947.0 977.0 1007.0
947.0 977.0 1007.0
947.0 977.0 1007.0
947.0 977.0 1007.0
947.0 977.0 1007.0
947.0 977.0 1007.0
947.0 977.0 1007.0
947.0 977.0 1007.0
947.0 977.0 1007.0
947.0 977.0 1007.0
947.0 977.0 1007.0
947.0 977.0 1007.0
947.0 977.0 1007.0
947.0 977.0 1007.0
947.0 977.0 1007.0
947.0 977.0 1007.0
947.0 977.0 1007.0
947.0 977.0 1007.0
947.0 977.0 1007.0
947.0 977.0 1007.0
947.0 977.0 1007.0
947.0 977.0 1007.0
947.0 977.0 1007.0
947.0 977.0 1007.0
947.0 977.0 1007.0
947.0 977.0 1007.0
947.0 977.0 1007.0
947.0 977.0 1007.0
947.0 977.0 1007.0
947.0 977.0 1007.0
947.0 977.0 1007.0
947.0 977.0 1007.0
947.0 977.0 1007.0
947.0 977.0 1007.0
947.0 977.0 1007.0
947.0 977.0 1007.0
947.0 977.0 1007.0
947.0 977.0 1007.0
947.0 977.0 1007.0
947.0 977.0 1007.0
947.0 977.0 1007.0
947.0 977.0 1007.0
947.0 977.0 1007.0
947.0 977.0 1007.0
947.0 977.0 1007.0
947.0 977.0 1007.0
947.0 977.0 1007.0
947.0 977.0 1007.0
947.0 977.0 1007.0
947.0 977.0 1007.0
947.0 977.0 1007.0
947.0 977.0 1007.0
947.0 977.0 1007.0
947.0 977.0 1007.0
947.0 977.0 1007.0
947.0 977.0 1007.0
947.0 977.0 1007.0
947.0 977.0 1007.0
947.0 977.0 1007.0
947.0 977.0 1007.0
947.0 977.0 1007.0
947.0 977.0 1007.0
947.0 977.0 1007.0
947.0 977.0 1007.0
947.0 977.0 1007.0
947.0 977.0 1007.0
947.0 977.0 1007.0
947.0 977.0 1007.0
947.0 977.0 1007.0
947.0 977.0 1007.0
947.0 977.0 1007.0
947.0 977.0 1007.0
947.0 977.0 1007.0
947.0 977.0 1007.0
947.0 977.0 1007.0
947.0 977.0 1007.0
947.0 977.0 1007.0
947.0 977.0 1007.0
947.0 977.0 1007.0
947.0 977.0 1007.0
947.0 977.0 1007.0
947.0 977.0 1007.0
947.0 977.0 1007.0
947.0 977.0 1007.0
947.0 977.0 1007.0
947.0 977.0 1007.0
947.0 977.0 1007.0
947.0 977.0 1007.0
947.0 977.0 1007.0
947.0 977.0 1007.0
947.0 977.0 1007.0
947.0 977.0 1007.0
947.0 977.0 1007.0
947.0 977.0 1007.0
947.0 977.0 1007.0
947.0 977.0 1007.0
947.0 977.0 1007.0
947.0 977.0 1007.0
947.0 977.0 1007.0
947.0 977.0 1007.0
947.0 977.0 1007.0
947.0 977.0 1007.0
947.0 977.0 1007.0
947.0 977.0 1007.0
947.0 977.0 1007.0
947.0 977.0 1007.0
947.0 977.0 1007.0
947.0 977.0 1007.0
