11978.0 14625.5 17273.0
12676.0 13328.5 13981.0
11644.0 11756.5 11869.0
10056.0 10143.5 10231.0
7149.0 8447.0 9745.0
6463.0 6691.0 6919.0
4697.0 5609.0 6521.0
5029.0 5470.0 5911.0
4320.0 5057.0 5794.0
4320.0 4728.5 5137.0
3130.0 3320.0 3510.0
3130.0 3320.0 3510.0
3130.0 3307.0 3484.0
3130.0 3299.0 3468.0
3381.0 3424.5 3468.0
1975.0 2721.5 3468.0
1975.0 2226.0 2477.0
1975.0 2226.0 2477.0
1975.0 2226.0 2477.0
1975.0 2226.0 2477.0
1975.0 2226.0 2477.0
1975.0 2226.0 2477.0
1975.0 2226.0 2477.0
1975.0 2226.0 2477.0
1975.0 2226.0 2477.0
1975.0 2226.0 2477.0
1850.0 2163.5 2477.0
1850.0 2163.5 2477.0
1850.0 2163.5 2477.0
1850.0 2163.5 2477.0
1850.0 2163.5 2477.0
1222.0 1849.5 2477.0
1222.0 1849.5 2477.0
1222.0 1849.5 2477.0
1222.0 1849.5 2477.0
1222.0 1849.5 2477.0
1222.0 1849.5 2477.0
1222.0 1849.5 2477.0
1222.0 1849.5 2477.0
1222.0 1849.5 2477.0
1222.0 1849.5 2477.0
1222.0 1849.5 2477.0
1222.0 1849.5 2477.0
1222.0 1849.5 2477.0
1222.0 1849.5 2477.0
1222.0 1849.5 2477.0
1222.0 1825.5 2429.0
1222.0 1825.5 2429.0
1222.0 1825.5 2429.0
1222.0 1825.5 2429.0
1222.0 1825.5 2429.0
1222.0 1825.5 2429.0
1222.0 1825.5 2429.0
1222.0 1825.5 2429.0
1222.0 1558.0 1894.0
1057.0 1139.5 1222.0
1057.0 1139.5 1222.0
1057.0 1139.5 1222.0
1057.0 1139.5 1222.0
1057.0 1139.5 1222.0
1057.0 1139.5 1222.0
1057.0 1139.5 1222.0
1057.0 1139.5 1222.0
1057.0 1139.5 1222.0
1057.0 1139.5 1222.0
1057.0 1139.5 1222.0
1057.0 1139.5 1222.0
1057.0 1139.5 1222.0
1057.0 1139.5 1222.0
1057.0 1139.5 1222.0
1057.0 1139.5 1222.0
1057.0 1139.5 1222.0
1057.0 1139.5 1222.0
1057.0 1139.5 1222.0
1057.0 1139.5 1222.0
1057.0 1139.5 1222.0
1057.0 1139.5 1222.0
1057.0 1139.5 1222.0
1057.0 1139.5 1222.0
1057.0 1139.5 1222.0
1057.0 1139.5 1222.0
1057.0 1139.5 1222.0
1057.0 1139.5 1222.0
1057.0 1139.5 1222.0
1057.0 1139.5 1222.0
1057.0 1139.5 1222.0
1057.0 1139.5 1222.0
1057.0 1139.5 1222.0
1057.0 1139.5 1222.0
1057.0 1139.5 1222.0
1057.0 1139.5 1222.0
1057.0 1139.5 1222.0
1057.0 1139.5 1222.0
1057.0 1139.5 1222.0
1057.0 1139.5 1222.0
1057.0 1139.5 1222.0
1057.0 1139.5 1222.0
1057.0 1139.5 1222.0
1057.0 1139.5 1222.0
1057.0 1139.5 1222.0
1057.0 1139.5 1222.0
1057.0 1139.5 1222.0
1057.0 1139.5 1222.0
1057.0 1139.5 1222.0
1057.0 1139.5 1222.0
1057.0 1139.5 1222.0
1057.0 1139.5 1222.0
1057.0 1139.5 1222.0
1057.0 1139.5 1222.0
1057.0 1139.5 1222.0
1057.0 1139.5 1222.0
1057.0 1139.5 1222.0
1057.0 1139.5 1222.0
1057.0 1139.5 1222.0
1057.0 1139.5 1222.0
1057.0 1139.5 1222.0
1057.0 1139.5 1222.0
1057.0 1139.5 1222.0
1057.0 1139.5 1222.0
1057.0 1139.5 1222.0
1057.0 1139.5 1222.0
1057.0 1139.5 1222.0
1057.0 1139.5 1222.0
1057.0 1139.5 1222.0
1057.0 1139.5 1222.0
1057.0 1139.5 1222.0
1057.0 1139.5 1222.0
1057.0 1139.5 1222.0
1057.0 1139.5 1222.0
1057.0 1139.5 1222.0
1057.0 1139.5 1222.0
1057.0 1139.5 1222.0
1057.0 1139.5 1222.0
1057.0 1139.5 1222.0
1057.0 1139.5 1222.0
1057.0 1139.5 1222.0
1057.0 1139.5 1222.0
1057.0 1139.5 1222.0
1057.0 1139.5 1222.0
1057.0 1139.5 1222.0
1057.0 1139.5 1222.0
1057.0 1139.5 1222.0
1057.0 1139.5 1222.0
1057.0 1139.5 1222.0
1057.0 1139.5 1222.0
1057.0 1139.5 1222.0
1057.0 1139.5 1222.0
1057.0 1139.5 1222.0
1057.0 1139.5 1222.0
1057.0 1139.5 1222.0
1057.0 1139.5 1222.0
1057.0 1139.5 1222.0
1057.0 1139.5 1222.0
1057.0 1139.5 1222.0
1057.0 1139.5 1222.0
1057.0 1139.5 1222.0
1057.0 1139.5 1222.0
1057.0 1139.5 1222.0
1057.0 1139.5 1222.0
1057.0 1139.5 1222.0
1057.0 1139.5 1222.0
1057.0 1139.5 1222.0
1057.0 1139.5 1222.0
1057.0 1139.5 1222.0
1057.0 1139.5 1222.0
1057.0 1139.5 1222.0
1057.0 1139.5 1222.0
1057.0 1139.5 1222.0
1057.0 1139.5 1222.0
1057.0 1139.5 1222.0
1057.0 1139.5 1222.0
1057.0 1139.5 1222.0
1057.0 1139.5 1222.0
1057.0 1139.5 1222.0
1057.0 1139.5 1222.0
1057.0 1139.5 1222.0
1057.0 1139.5 1222.0
1057.0 1139.5 1222.0
1057.0 1139.5 1222.0
1057.0 1139.5 1222.0
1057.0 1139.5 1222.0
1057.0 1139.5 1222.0
1057.0 1139.5 1222.0
1057.0 1139.5 1222.0
1057.0 1139.5 1222.0
1057.0 1139.5 1222.0
1057.0 1139.5 1222.0
1057.0 1139.5 1222.0
1057.0 1139.5 1222.0
1057.0 1139.5 1222.0
1057.0 1139.5 1222.0
1057.0 1139.5 1222.0
1057.0 1139.5 1222.0
1057.0 1139.5 1222.0
1057.0 1139.5 1222.0
1057.0 1139.5 1222.0
1057.0 1139.5 1222.0
1057.0 1139.5 1222.0
1057.0 1139.5 1222.0
1057.0 1139.5 1222.0
