10305.0 10580.5 10856.0
8142.0 8958.0 9774.0
7260.0 7523.5 7787.0
6274.0 6766.0 7258.0
5076.0 5104.5 5133.0
3858.0 3865.5 3873.0
2856.0 2977.0 3098.0
2657.0 2756.5 2856.0
1835.0 2111.5 2388.0
1590.0 1868.5 2147.0
1246.0 1418.0 1590.0
881.0 1063.5 1246.0
881.0 1063.5 1246.0
881.0 1063.5 1246.0
881.0 1063.5 1246.0
881.0 1063.5 1246.0
881.0 1063.5 1246.0
881.0 1063.5 1246.0
881.0 1063.5 1246.0
881.0 1063.5 1246.0
881.0 1063.5 1246.0
881.0 1063.5 1246.0
881.0 1063.5 1246.0
881.0 1063.5 1246.0
881.0 1063.5 1246.0
881.0 1063.5 1246.0
881.0 1063.5 1246.0
881.0 1063.5 1246.0
881.0 1063.5 1246.0
881.0 1063.5 1246.0
881.0 1063.5 1246.0
881.0 1063.5 1246.0
881.0 1063.5 1246.0
881.0 1063.5 1246.0
881.0 1063.5 1246.0
881.0 1063.5 1246.0
881.0 1063.5 1246.0
881.0 1063.5 1246.0
881.0 1063.5 1246.0
881.0 1063.5 1246.0
881.0 1063.5 1246.0
881.0 1063.5 1246.0
881.0 1063.5 1246.0
881.0 1063.5 1246.0
881.0 1063.5 1246.0
881.0 1063.5 1246.0
881.0 1063.5 1246.0
881.0 1063.5 1246.0
881.0 1063.5 1246.0
881.0 1063.5 1246.0
881.0 1063.5 1246.0
881.0 1063.5 1246.0
881.0 1063.5 1246.0
881.0 1063.5 1246.0
881.0 1063.5 1246.0
881.0 1063.5 1246.0
881.0 1063.5 1246.0
881.0 1063.5 1246.0
881.0 1063.5 1246.0
881.0 1063.5 1246.0
881.0 1063.5 1246.0
881.0 1063.5 1246.0
881.0 1063.5 1246.0
881.0 1063.5 1246.0
881.0 1063.5 1246.0
881.0 1063.5 1246.0
881.0 1063.5 1246.0
881.0 1063.5 1246.0
881.0 1063.5 1246.0
881.0 1063.5 1246.0
881.0 1063.5 1246.0
881.0 1063.5 1246.0
881.0 1063.5 1246.0
881.0 1063.5 1246.0
881.0 1063.5 1246.0
881.0 1063.5 1246.0
881.0 1063.5 1246.0
881.0 1063.5 1246.0
881.0 1063.5 1246.0
881.0 1063.5 1246.0
881.0 1063.5 1246.0
881.0 1063.5 1246.0
881.0 1063.5 1246.0
881.0 1063.5 1246.0
881.0 1063.5 1246.0
881.0 1063.5 1246.0
881.0 1063.5 1246.0
881.0 1063.5 1246.0
881.0 1063.5 1246.0
881.0 1063.5 1246.0
881.0 1063.5 1246.0
881.0 1063.5 1246.0
881.0 1063.5 1246.0
881.0 1063.5 1246.0
881.0 1063.5 1246.0
881.0 1063.5 1246.0
881.0 1063.5 1246.0
881.0 1063.5 1246.0
881.0 1063.5 1246.0
881.0 1063.5 1246.0
881.0 1063.5 1246.0
881.0 1063.5 1246.0
881.0 1063.5 1246.0
881.0 1063.5 1246.0
881.0 1063.5 1246.0
881.0 1063.5 1246.0
881.0 1063.5 1246.0
881.0 1063.5 1246.0
881.0 1063.5 1246.0
881.0 1063.5 1246.0
881.0 1063.5 1246.0
881.0 1063.5 1246.0
881.0 1063.5 1246.0
881.0 1063.5 1246.0
881.0 1063.5 1246.0
881.0 1063.5 1246.0
881.0 1063.5 1246.0
881.0 1063.5 1246.0
881.0 1063.5 1246.0
881.0 1063.5 1246.0
881.0 1063.5 1246.0
881.0 1063.5 1246.0
881.0 1063.5 1246.0
881.0 1063.5 1246.0
881.0 1063.5 1246.0
881.0 1063.5 1246.0
881.0 1063.5 1246.0
881.0 1063.5 1246.0
881.0 1063.5 1246.0
881.0 1063.5 1246.0
881.0 1063.5 1246.0
881.0 1063.5 1246.0
881.0 1063.5 1246.0
881.0 1063.5 1246.0
881.0 1063.5 1246.0
881.0 1063.5 1246.0
881.0 1063.5 1246.0
881.0 1063.5 1246.0
881.0 1063.5 1246.0
881.0 1063.5 1246.0
881.0 1063.5 1246.0
881.0 1063.5 1246.0
881.0 1063.5 1246.0
881.0 1063.5 1246.0
881.0 1063.5 1246.0
881.0 1063.5 1246.0
881.0 1063.5 1246.0
881.0 1063.5 1246.0
881.0 1063.5 1246.0
881.0 1063.5 1246.0
915.0 1080.5 1246.0
915.0 1080.5 1246.0
865.0 1055.5 1246.0
834.0 1040.0 1246.0
834.0 1040.0 1246.0
668.0 957.0 1246.0
668.0 957.0 1246.0
668.0 957.0 1246.0
668.0 957.0 1246.0
668.0 957.0 1246.0
668.0 957.0 1246.0
668.0 957.0 1246.0
668.0 957.0 1246.0
668.0 957.0 1246.0
668.0 957.0 1246.0
668.0 957.0 1246.0
668.0 957.0 1246.0
668.0 957.0 1246.0
668.0 957.0 1246.0
668.0 957.0 1246.0
668.0 957.0 1246.0
668.0 957.0 1246.0
668.0 957.0 1246.0
668.0 957.0 1246.0
668.0 957.0 1246.0
668.0 957.0 1246.0
668.0 957.0 1246.0
668.0 957.0 1246.0
668.0 957.0 1246.0
668.0 957.0 1246.0
668.0 957.0 1246.0
668.0 957.0 1246.0
668.0 957.0 1246.0
668.0 957.0 1246.0
668.0 957.0 1246.0
668.0 957.0 1246.0
668.0 957.0 1246.0
668.0 957.0 1246.0
668.0 957.0 1246.0
668.0 957.0 1246.0
668.0 957.0 1246.0
668.0 957.0 1246.0
668.0 957.0 1246.0
668.0 957.0 1246.0
668.0 957.0 1246.0
668.0 957.0 1246.0
668.0 957.0 1246.0
668.0 957.0 1246.0
668.0 957.0 1246.0
668.0 957.0 1246.0
