11321.0 12127.0 12933.0
8360.0 9744.5 11129.0
7701.0 8240.0 8779.0
4614.0 4852.0 5090.0
3850.0 4759.5 5669.0
2394.0 2759.0 3124.0
2394.0 3038.0 3682.0
1539.0 2043.0 2547.0
1539.0 2043.0 2547.0
1089.0 1533.0 1977.0
1089.0 1383.0 1677.0
1089.0 1383.0 1677.0
1089.0 1383.0 1677.0
1089.0 1375.5 1662.0
1089.0 1375.5 1662.0
1089.0 1375.5 1662.0
1089.0 1430.0 1771.0
1089.0 1430.0 1771.0
1089.0 1430.0 1771.0
1089.0 1430.0 1771.0
921.0 1005.0 1089.0
921.0 1005.0 1089.0
921.0 1005.0 1089.0
921.0 1005.0 1089.0
921.0 1005.0 1089.0
921.0 1005.0 1089.0
921.0 1005.0 1089.0
921.0 1005.0 1089.0
921.0 1005.0 1089.0
921.0 1005.0 1089.0
921.0 1005.0 1089.0
921.0 1005.0 1089.0
921.0 1005.0 1089.0
921.0 1005.0 1089.0
921.0 1005.0 1089.0
921.0 1005.0 1089.0
921.0 1005.0 1089.0
921.0 1005.0 1089.0
921.0 1005.0 1089.0
921.0 1005.0 1089.0
921.0 1005.0 1089.0
921.0 1005.0 1089.0
921.0 1005.0 1089.0
921.0 1005.0 1089.0
921.0 1005.0 1089.0
921.0 1005.0 1089.0
921.0 1005.0 1089.0
921.0 1005.0 1089.0
921.0 1005.0 1089.0
921.0 1005.0 1089.0
921.0 1005.0 1089.0
921.0 1005.0 1089.0
921.0 1005.0 1089.0
921.0 1005.0 1089.0
921.0 1005.0 1089.0
921.0 1005.0 1089.0
921.0 1005.0 1089.0
921.0 1005.0 1089.0
921.0 1005.0 1089.0
921.0 1005.0 1089.0
921.0 1005.0 1089.0
921.0 1005.0 1089.0
921.0 1005.0 1089.0
921.0 1005.0 1089.0
921.0 1005.0 1089.0
921.0 1005.0 1089.0
921.0 1005.0 1089.0
921.0 1005.0 1089.0
921.0 1005.0 1089.0
921.0 1005.0 1089.0
921.0 1005.0 1089.0
921.0 1005.0 1089.0
921.0 1005.0 1089.0
921.0 1005.0 1089.0
921.0 1005.0 1089.0
921.0 1005.0 1089.0
921.0 1005.0 1089.0
921.0 1005.0 1089.0
921.0 1005.0 1089.0
921.0 1005.0 1089.0
921.0 1005.0 1089.0
921.0 1005.0 1089.0
921.0 1005.0 1089.0
921.0 1005.0 1089.0
921.0 1005.0 1089.0
921.0 1005.0 1089.0
921.0 1005.0 1089.0
921.0 1005.0 1089.0
921.0 1005.0 1089.0
921.0 1005.0 1089.0
921.0 1005.0 1089.0
921.0 1005.0 1089.0
921.0 1005.0 1089.0
921.0 1005.0 1089.0
921.0 1005.0 1089.0
921.0 1005.0 1089.0
921.0 1005.0 1089.0
921.0 1005.0 1089.0
921.0 1005.0 1089.0
921.0 1005.0 1089.0
1044.0 1066.5 1089.0
1044.0 1066.5 1089.0
1044.0 1066.5 1089.0
1044.0 1066.5 1089.0
1044.0 1066.5 1089.0
1044.0 1066.5 1089.0
1044.0 1066.5 1089.0
1044.0 1066.5 1089.0
1044.0 1066.5 1089.0
1044.0 1066.5 1089.0
1044.0 1066.5 1089.0
1044.0 1066.5 1089.0
1044.0 1066.5 1089.0
1044.0 1066.5 1089.0
1044.0 1066.5 1089.0
1044.0 1066.5 1089.0
1044.0 1066.5 1089.0
1044.0 1066.5 1089.0
1044.0 1066.5 1089.0
1044.0 1066.5 1089.0
1044.0 1066.5 1089.0
1044.0 1066.5 1089.0
1044.0 1066.5 1089.0
1044.0 1066.5 1089.0
1044.0 1066.5 1089.0
1044.0 1066.5 1089.0
1044.0 1066.5 1089.0
1044.0 1066.5 1089.0
1044.0 1066.5 1089.0
1044.0 1066.5 1089.0
1044.0 1066.5 1089.0
1044.0 1066.5 1089.0
1044.0 1066.5 1089.0
1044.0 1066.5 1089.0
1044.0 1066.5 1089.0
1044.0 1066.5 1089.0
1044.0 1066.5 1089.0
1044.0 1066.5 1089.0
1044.0 1066.5 1089.0
1044.0 1066.5 1089.0
1044.0 1066.5 1089.0
1044.0 1066.5 1089.0
1044.0 1066.5 1089.0
1044.0 1066.5 1089.0
1044.0 1066.5 1089.0
1044.0 1066.5 1089.0
1044.0 1066.5 1089.0
1044.0 1066.5 1089.0
1044.0 1066.5 1089.0
1044.0 1066.5 1089.0
1044.0 1066.5 1089.0
1044.0 1066.5 1089.0
1044.0 1066.5 1089.0
1044.0 1066.5 1089.0
1044.0 1066.5 1089.0
1044.0 1066.5 1089.0
1044.0 1066.5 1089.0
1044.0 1066.5 1089.0
1044.0 1066.5 1089.0
1044.0 1066.5 1089.0
1044.0 1066.5 1089.0
1044.0 1066.5 1089.0
1044.0 1066.5 1089.0
1044.0 1066.5 1089.0
1044.0 1066.5 1089.0
1044.0 1066.5 1089.0
1044.0 1066.5 1089.0
1044.0 1066.5 1089.0
1044.0 1066.5 1089.0
1044.0 1066.5 1089.0
1044.0 1066.5 1089.0
1044.0 1066.5 1089.0
1044.0 1066.5 1089.0
1044.0 1066.5 1089.0
1044.0 1066.5 1089.0
1044.0 1066.5 1089.0
1044.0 1066.5 1089.0
1044.0 1066.5 1089.0
1044.0 1066.5 1089.0
1044.0 1066.5 1089.0
1044.0 1066.5 1089.0
1044.0 1066.5 1089.0
1044.0 1066.5 1089.0
1044.0 1066.5 1089.0
1044.0 1066.5 1089.0
1044.0 1066.5 1089.0
1044.0 1066.5 1089.0
1044.0 1066.5 1089.0
1044.0 1066.5 1089.0
1044.0 1066.5 1089.0
1044.0 1066.5 1089.0
1044.0 1066.5 1089.0
1044.0 1066.5 1089.0
1044.0 1066.5 1089.0
1044.0 1066.5 1089.0
1044.0 1066.5 1089.0
1044.0 1066.5 1089.0
1044.0 1066.5 1089.0
1044.0 1066.5 1089.0
1044.0 1066.5 1089.0
