11631.0 12072.5 12514.0
9866.0 9965.0 10064.0
7643.0 7850.0 8057.0
4428.0 4655.0 4882.0
4308.0 4399.0 4490.0
2986.0 3339.5 3693.0
2739.0 3216.0 3693.0
2045.0 2302.5 2560.0
1669.0 1998.0 2327.0
1940.0 1949.0 1958.0
1669.0 1804.5 1940.0
1486.0 1641.5 1797.0
1486.0 1547.5 1609.0
1291.0 1388.5 1486.0
1152.0 1319.0 1486.0
1098.0 1292.0 1486.0
1098.0 1292.0 1486.0
1098.0 1292.0 1486.0
1098.0 1292.0 1486.0
1098.0 1292.0 1486.0
1098.0 1292.0 1486.0
1098.0 1292.0 1486.0
1098.0 1292.0 1486.0
1098.0 1292.0 1486.0
1098.0 1292.0 1486.0
1098.0 1292.0 1486.0
1098.0 1292.0 1486.0
1098.0 1292.0 1486.0
1098.0 1292.0 1486.0
1098.0 1292.0 1486.0
1098.0 1292.0 1486.0
1098.0 1292.0 1486.0
1098.0 1292.0 1486.0
1098.0 1292.0 1486.0
1098.0 1292.0 1486.0
1098.0 1292.0 1486.0
1098.0 1292.0 1486.0
1098.0 1292.0 1486.0
1098.0 1292.0 1486.0
1098.0 1292.0 1486.0
1098.0 1292.0 1486.0
1098.0 1292.0 1486.0
1098.0 1292.0 1486.0
1098.0 1292.0 1486.0
1098.0 1118.0 1138.0
1014.0 1056.0 1098.0
662.0 880.0 1098.0
662.0 880.0 1098.0
662.0 880.0 1098.0
662.0 880.0 1098.0
662.0 880.0 1098.0
662.0 880.0 1098.0
662.0 880.0 1098.0
662.0 880.0 1098.0
662.0 880.0 1098.0
662.0 880.0 1098.0
662.0 880.0 1098.0
662.0 880.0 1098.0
662.0 880.0 1098.0
662.0 880.0 1098.0
662.0 880.0 1098.0
662.0 880.0 1098.0
662.0 880.0 1098.0
662.0 880.0 1098.0
662.0 880.0 1098.0
662.0 880.0 1098.0
662.0 880.0 1098.0
662.0 880.0 1098.0
662.0 880.0 1098.0
662.0 880.0 1098.0
662.0 880.0 1098.0
662.0 880.0 1098.0
662.0 880.0 1098.0
662.0 880.0 1098.0
662.0 880.0 1098.0
662.0 880.0 1098.0
662.0 880.0 1098.0
662.0 880.0 1098.0
662.0 880.0 1098.0
662.0 880.0 1098.0
662.0 880.0 1098.0
662.0 880.0 1098.0
662.0 880.0 1098.0
662.0 880.0 1098.0
662.0 880.0 1098.0
662.0 880.0 1098.0
662.0 880.0 1098.0
662.0 880.0 1098.0
662.0 880.0 1098.0
662.0 880.0 1098.0
662.0 880.0 1098.0
662.0 880.0 1098.0
662.0 880.0 1098.0
662.0 880.0 1098.0
662.0 880.0 1098.0
662.0 880.0 1098.0
662.0 880.0 1098.0
662.0 880.0 1098.0
662.0 880.0 1098.0
662.0 880.0 1098.0
662.0 880.0 1098.0
662.0 880.0 1098.0
662.0 880.0 1098.0
662.0 880.0 1098.0
662.0 880.0 1098.0
662.0 880.0 1098.0
662.0 880.0 1098.0
662.0 880.0 1098.0
662.0 880.0 1098.0
662.0 880.0 1098.0
662.0 880.0 1098.0
662.0 880.0 1098.0
662.0 880.0 1098.0
662.0 880.0 1098.0
662.0 880.0 1098.0
662.0 880.0 1098.0
662.0 880.0 1098.0
662.0 880.0 1098.0
662.0 880.0 1098.0
662.0 880.0 1098.0
662.0 880.0 1098.0
662.0 880.0 1098.0
662.0 880.0 1098.0
662.0 880.0 1098.0
662.0 880.0 1098.0
662.0 880.0 1098.0
662.0 880.0 1098.0
662.0 880.0 1098.0
662.0 880.0 1098.0
662.0 880.0 1098.0
662.0 880.0 1098.0
662.0 880.0 1098.0
662.0 880.0 1098.0
662.0 880.0 1098.0
662.0 880.0 1098.0
662.0 880.0 1098.0
662.0 880.0 1098.0
662.0 880.0 1098.0
662.0 880.0 1098.0
662.0 880.0 1098.0
662.0 880.0 1098.0
662.0 880.0 1098.0
662.0 880.0 1098.0
662.0 880.0 1098.0
662.0 880.0 1098.0
662.0 880.0 1098.0
662.0 880.0 1098.0
662.0 880.0 1098.0
662.0 880.0 1098.0
662.0 880.0 1098.0
662.0 880.0 1098.0
662.0 880.0 1098.0
662.0 880.0 1098.0
662.0 880.0 1098.0
662.0 880.0 1098.0
662.0 880.0 1098.0
662.0 880.0 1098.0
662.0 880.0 1098.0
662.0 880.0 1098.0
662.0 880.0 1098.0
662.0 880.0 1098.0
662.0 880.0 1098.0
662.0 880.0 1098.0
662.0 880.0 1098.0
662.0 880.0 1098.0
662.0 880.0 1098.0
662.0 880.0 1098.0
662.0 880.0 1098.0
662.0 880.0 1098.0
662.0 880.0 1098.0
662.0 880.0 1098.0
662.0 880.0 1098.0
662.0 880.0 1098.0
662.0 880.0 1098.0
662.0 880.0 1098.0
662.0 880.0 1098.0
662.0 880.0 1098.0
662.0 880.0 1098.0
662.0 880.0 1098.0
662.0 880.0 1098.0
662.0 880.0 1098.0
662.0 880.0 1098.0
662.0 880.0 1098.0
662.0 880.0 1098.0
662.0 880.0 1098.0
662.0 880.0 1098.0
662.0 880.0 1098.0
662.0 880.0 1098.0
662.0 880.0 1098.0
662.0 880.0 1098.0
662.0 880.0 1098.0
662.0 880.0 1098.0
662.0 880.0 1098.0
662.0 880.0 1098.0
662.0 880.0 1098.0
662.0 880.0 1098.0
662.0 880.0 1098.0
662.0 880.0 1098.0
662.0 880.0 1098.0
662.0 880.0 1098.0
