8682.0 12404.5 16127.0
8942.0 10978.5 13015.0
7877.0 9160.0 10443.0
6940.0 7234.0 7528.0
5430.0 5610.0 5790.0
3435.0 3468.5 3502.0
3435.0 3468.5 3502.0
3010.0 3400.0 3790.0
3010.0 3142.0 3274.0
2049.0 2529.5 3010.0
2049.0 2529.5 3010.0
2049.0 2254.0 2459.0
2049.0 2421.5 2794.0
2049.0 2421.5 2794.0
2049.0 2109.5 2170.0
2049.0 2109.5 2170.0
2049.0 2109.5 2170.0
2049.0 2109.5 2170.0
2049.0 2109.5 2170.0
2028.0 2038.5 2049.0
2028.0 2038.5 2049.0
1699.0 1935.0 2171.0
1374.0 1772.5 2171.0
1374.0 1772.5 2171.0
1374.0 1772.5 2171.0
1374.0 1772.5 2171.0
1374.0 1772.5 2171.0
1374.0 1772.5 2171.0
1374.0 1772.5 2171.0
1374.0 1772.5 2171.0
1374.0 1772.5 2171.0
1374.0 1772.5 2171.0
1374.0 1772.5 2171.0
1374.0 1772.5 2171.0
1374.0 1772.5 2171.0
1374.0 1772.5 2171.0
1374.0 1772.5 2171.0
1374.0 1772.5 2171.0
1374.0 1772.5 2171.0
1374.0 1772.5 2171.0
1374.0 1772.5 2171.0
1374.0 1772.5 2171.0
1374.0 1772.5 2171.0
1374.0 1772.5 2171.0
1374.0 1772.5 2171.0
1374.0 1772.5 2171.0
1374.0 1772.5 2171.0
1374.0 1772.5 2171.0
1374.0 1772.5 2171.0
1374.0 1772.5 2171.0
1374.0 1772.5 2171.0
1374.0 1772.5 2171.0
1374.0 1772.5 2171.0
1374.0 1772.5 2171.0
1374.0 1772.5 2171.0
1374.0 1772.5 2171.0
1374.0 1772.5 2171.0
1374.0 1772.5 2171.0
1374.0 1772.5 2171.0
1374.0 1772.5 2171.0
1374.0 1772.5 2171.0
1374.0 1772.5 2171.0
1374.0 1772.5 2171.0
1374.0 1772.5 2171.0
1374.0 1772.5 2171.0
1374.0 1772.5 2171.0
1374.0 1772.5 2171.0
1374.0 1772.5 2171.0
1374.0 1465.5 1557.0
1374.0 1465.5 1557.0
1374.0 1465.5 1557.0
1374.0 1465.5 1557.0
1374.0 1465.5 1557.0
1374.0 1465.5 1557.0
1374.0 1465.5 1557.0
1374.0 1465.5 1557.0
1374.0 1465.5 1557.0
1374.0 1465.5 1557.0
1374.0 1465.5 1557.0
1374.0 1465.5 1557.0
1374.0 1465.5 1557.0
1374.0 1465.5 1557.0
1374.0 1465.5 1557.0
1374.0 1465.5 1557.0
1374.0 1465.5 1557.0
1374.0 1465.5 1557.0
1374.0 1465.5 1557.0
1374.0 1465.5 1557.0
1374.0 1465.5 1557.0
1374.0 1465.5 1557.0
1374.0 1465.5 1557.0
1374.0 1465.5 1557.0
940.0 1248.5 1557.0
1119.0 1338.0 1557.0
1119.0 1338.0 1557.0
1119.0 1338.0 1557.0
1119.0 1338.0 1557.0
1119.0 1338.0 1557.0
1119.0 1338.0 1557.0
1119.0 1338.0 1557.0
1119.0 1338.0 1557.0
1119.0 1338.0 1557.0
1119.0 1338.0 1557.0
1119.0 1338.0 1557.0
1119.0 1280.0 1441.0
1094.0 1106.5 1119.0
831.0 975.0 1119.0
831.0 975.0 1119.0
831.0 975.0 1119.0
831.0 975.0 1119.0
831.0 975.0 1119.0
831.0 975.0 1119.0
831.0 975.0 1119.0
831.0 975.0 1119.0
831.0 975.0 1119.0
831.0 975.0 1119.0
831.0 975.0 1119.0
831.0 975.0 1119.0
831.0 975.0 1119.0
831.0 975.0 1119.0
831.0 975.0 1119.0
831.0 975.0 1119.0
831.0 975.0 1119.0
831.0 975.0 1119.0
831.0 975.0 1119.0
831.0 975.0 1119.0
831.0 975.0 1119.0
831.0 975.0 1119.0
831.0 975.0 1119.0
831.0 975.0 1119.0
831.0 975.0 1119.0
831.0 975.0 1119.0
831.0 975.0 1119.0
831.0 975.0 1119.0
831.0 975.0 1119.0
831.0 975.0 1119.0
831.0 975.0 1119.0
831.0 975.0 1119.0
831.0 975.0 1119.0
831.0 975.0 1119.0
831.0 975.0 1119.0
831.0 975.0 1119.0
831.0 975.0 1119.0
831.0 975.0 1119.0
831.0 975.0 1119.0
831.0 975.0 1119.0
831.0 975.0 1119.0
831.0 975.0 1119.0
831.0 975.0 1119.0
831.0 975.0 1119.0
831.0 975.0 1119.0
831.0 975.0 1119.0
831.0 975.0 1119.0
831.0 975.0 1119.0
831.0 975.0 1119.0
831.0 975.0 1119.0
831.0 975.0 1119.0
831.0 975.0 1119.0
831.0 975.0 1119.0
831.0 975.0 1119.0
831.0 975.0 1119.0
831.0 975.0 1119.0
831.0 975.0 1119.0
831.0 975.0 1119.0
831.0 975.0 1119.0
831.0 975.0 1119.0
831.0 975.0 1119.0
831.0 975.0 1119.0
831.0 975.0 1119.0
831.0 975.0 1119.0
831.0 975.0 1119.0
831.0 975.0 1119.0
831.0 975.0 1119.0
831.0 975.0 1119.0
831.0 975.0 1119.0
831.0 975.0 1119.0
831.0 975.0 1119.0
831.0 975.0 1119.0
831.0 975.0 1119.0
831.0 975.0 1119.0
831.0 975.0 1119.0
831.0 975.0 1119.0
831.0 975.0 1119.0
831.0 975.0 1119.0
831.0 975.0 1119.0
831.0 975.0 1119.0
831.0 975.0 1119.0
831.0 975.0 1119.0
831.0 975.0 1119.0
831.0 975.0 1119.0
831.0 975.0 1119.0
831.0 975.0 1119.0
831.0 975.0 1119.0
831.0 975.0 1119.0
831.0 975.0 1119.0
831.0 975.0 1119.0
831.0 975.0 1119.0
831.0 975.0 1119.0
831.0 975.0 1119.0
831.0 975.0 1119.0
