12656.0 13006.0 13356.0
9903.0 10667.5 11432.0
8733.0 9478.0 10223.0
6829.0 6848.5 6868.0
4955.0 5222.5 5490.0
3404.0 3708.5 4013.0
3021.0 3306.5 3592.0
2507.0 2563.0 2619.0
1707.0 2187.5 2668.0
2543.0 2605.5 2668.0
1699.0 1951.0 2203.0
1699.0 1951.0 2203.0
1699.0 1781.0 1863.0
1699.0 1781.0 1863.0
1491.0 1595.0 1699.0
1491.0 1595.0 1699.0
962.0 1213.0 1464.0
962.0 1213.0 1464.0
962.0 1316.0 1670.0
962.0 1316.0 1670.0
962.0 1316.0 1670.0
962.0 1183.5 1405.0
962.0 1183.5 1405.0
962.0 1010.0 1058.0
962.0 1010.0 1058.0
682.0 822.0 962.0
682.0 822.0 962.0
682.0 822.0 962.0
682.0 822.0 962.0
682.0 822.0 962.0
682.0 822.0 962.0
682.0 822.0 962.0
682.0 822.0 962.0
682.0 822.0 962.0
682.0 822.0 962.0
682.0 822.0 962.0
682.0 822.0 962.0
682.0 822.0 962.0
682.0 822.0 962.0
682.0 822.0 962.0
682.0 822.0 962.0
682.0 822.0 962.0
682.0 822.0 962.0
682.0 822.0 962.0
682.0 822.0 962.0
682.0 822.0 962.0
682.0 822.0 962.0
682.0 822.0 962.0
682.0 822.0 962.0
682.0 822.0 962.0
682.0 822.0 962.0
682.0 822.0 962.0
682.0 822.0 962.0
682.0 822.0 962.0
682.0 822.0 962.0
682.0 822.0 962.0
682.0 822.0 962.0
682.0 822.0 962.0
682.0 822.0 962.0
682.0 822.0 962.0
682.0 822.0 962.0
682.0 822.0 962.0
682.0 822.0 962.0
682.0 822.0 962.0
682.0 822.0 962.0
682.0 822.0 962.0
682.0 822.0 962.0
682.0 822.0 962.0
682.0 822.0 962.0
682.0 822.0 962.0
682.0 822.0 962.0
682.0 822.0 962.0
682.0 822.0 962.0
682.0 822.0 962.0
682.0 822.0 962.0
682.0 822.0 962.0
682.0 822.0 962.0
682.0 822.0 962.0
682.0 822.0 962.0
682.0 822.0 962.0
682.0 822.0 962.0
682.0 822.0 962.0
682.0 822.0 962.0
682.0 822.0 962.0
682.0 822.0 962.0
682.0 822.0 962.0
682.0 822.0 962.0
682.0 822.0 962.0
682.0 822.0 962.0
682.0 822.0 962.0
682.0 822.0 962.0
682.0 822.0 962.0
682.0 822.0 962.0
682.0 822.0 962.0
682.0 822.0 962.0
682.0 822.0 962.0
682.0 822.0 962.0
682.0 822.0 962.0
682.0 822.0 962.0
682.0 822.0 962.0
682.0 822.0 962.0
682.0 822.0 962.0
682.0 822.0 962.0
682.0 822.0 962.0
682.0 822.0 962.0
682.0 822.0 962.0
682.0 822.0 962.0
682.0 822.0 962.0
682.0 822.0 962.0
682.0 822.0 962.0
682.0 822.0 962.0
682.0 822.0 962.0
682.0 822.0 962.0
682.0 822.0 962.0
682.0 822.0 962.0
682.0 822.0 962.0
682.0 822.0 962.0
682.0 822.0 962.0
682.0 822.0 962.0
682.0 822.0 962.0
682.0 822.0 962.0
682.0 822.0 962.0
682.0 822.0 962.0
682.0 822.0 962.0
682.0 822.0 962.0
682.0 822.0 962.0
682.0 822.0 962.0
682.0 822.0 962.0
682.0 822.0 962.0
682.0 822.0 962.0
682.0 822.0 962.0
682.0 822.0 962.0
682.0 822.0 962.0
682.0 822.0 962.0
682.0 822.0 962.0
682.0 822.0 962.0
682.0 822.0 962.0
682.0 822.0 962.0
682.0 822.0 962.0
682.0 822.0 962.0
682.0 822.0 962.0
682.0 822.0 962.0
682.0 822.0 962.0
682.0 822.0 962.0
682.0 822.0 962.0
682.0 822.0 962.0
682.0 822.0 962.0
682.0 822.0 962.0
682.0 822.0 962.0
682.0 822.0 962.0
682.0 822.0 962.0
682.0 822.0 962.0
682.0 822.0 962.0
682.0 822.0 962.0
682.0 822.0 962.0
682.0 822.0 962.0
682.0 822.0 962.0
682.0 822.0 962.0
682.0 822.0 962.0
682.0 822.0 962.0
682.0 822.0 962.0
682.0 822.0 962.0
682.0 822.0 962.0
682.0 822.0 962.0
682.0 822.0 962.0
682.0 822.0 962.0
682.0 822.0 962.0
682.0 822.0 962.0
682.0 822.0 962.0
682.0 822.0 962.0
682.0 822.0 962.0
682.0 822.0 962.0
682.0 822.0 962.0
682.0 822.0 962.0
682.0 822.0 962.0
682.0 822.0 962.0
682.0 822.0 962.0
682.0 822.0 962.0
682.0 822.0 962.0
682.0 822.0 962.0
682.0 822.0 962.0
682.0 822.0 962.0
682.0 822.0 962.0
682.0 822.0 962.0
682.0 822.0 962.0
682.0 822.0 962.0
682.0 822.0 962.0
682.0 822.0 962.0
682.0 822.0 962.0
682.0 822.0 962.0
682.0 822.0 962.0
682.0 822.0 962.0
682.0 822.0 962.0
682.0 822.0 962.0
682.0 822.0 962.0
682.0 822.0 962.0
682.0 822.0 962.0
682.0 822.0 962.0
682.0 822.0 962.0
682.0 822.0 962.0
