15926.0 15963.0 16000.0
11840.0 11898.5 11957.0
8964.0 9372.5 9781.0
7782.0 8781.5 9781.0
5962.0 7723.0 9484.0
5679.0 6987.0 8295.0
4785.0 5947.5 7110.0
4785.0 4847.0 4909.0
4785.0 4847.0 4909.0
3438.0 4111.5 4785.0
3438.0 3933.0 4428.0
3438.0 3767.0 4096.0
3118.0 3125.0 3132.0
3118.0 3218.5 3319.0
3118.0 3218.5 3319.0
3118.0 3216.5 3315.0
2880.0 2999.0 3118.0
2880.0 2999.0 3118.0
2880.0 2999.0 3118.0
2880.0 2999.0 3118.0
2880.0 2999.0 3118.0
2880.0 2999.0 3118.0
2880.0 2999.0 3118.0
2880.0 2999.0 3118.0
2880.0 2999.0 3118.0
2880.0 2912.5 2945.0
2880.0 2912.5 2945.0
2880.0 2912.5 2945.0
2880.0 2912.5 2945.0
2880.0 2912.5 2945.0
2880.0 2912.5 2945.0
2880.0 2912.5 2945.0
2880.0 2912.5 2945.0
2880.0 2912.5 2945.0
2880.0 2912.5 2945.0
2880.0 2912.5 2945.0
2880.0 2912.5 2945.0
2880.0 2912.5 2945.0
2880.0 2912.5 2945.0
2880.0 2912.5 2945.0
2880.0 2912.5 2945.0
2880.0 2912.5 2945.0
2683.0 2814.0 2945.0
2683.0 2814.0 2945.0
2683.0 2814.0 2945.0
2683.0 2814.0 2945.0
2683.0 2814.0 2945.0
2683.0 2814.0 2945.0
2683.0 2814.0 2945.0
2683.0 2814.0 2945.0
2683.0 2814.0 2945.0
2683.0 2814.0 2945.0
2683.0 2814.0 2945.0
2683.0 2814.0 2945.0
1976.0 2460.5 2945.0
1643.0 2294.0 2945.0
1643.0 2294.0 2945.0
1643.0 2294.0 2945.0
1643.0 2294.0 2945.0
1643.0 2294.0 2945.0
1643.0 2294.0 2945.0
1643.0 2294.0 2945.0
1643.0 1780.5 1918.0
1387.0 1515.0 1643.0
1425.0 1534.0 1643.0
1425.0 1534.0 1643.0
1425.0 1534.0 1643.0
1425.0 1534.0 1643.0
1425.0 1534.0 1643.0
1425.0 1534.0 1643.0
761.0 1202.0 1643.0
761.0 1202.0 1643.0
761.0 1202.0 1643.0
761.0 1202.0 1643.0
761.0 1202.0 1643.0
761.0 1202.0 1643.0
761.0 1202.0 1643.0
761.0 1202.0 1643.0
761.0 1202.0 1643.0
761.0 1202.0 1643.0
761.0 1202.0 1643.0
761.0 1202.0 1643.0
761.0 1202.0 1643.0
761.0 1202.0 1643.0
761.0 1202.0 1643.0
761.0 1202.0 1643.0
761.0 1202.0 1643.0
761.0 1202.0 1643.0
761.0 1202.0 1643.0
761.0 1202.0 1643.0
761.0 1202.0 1643.0
761.0 1202.0 1643.0
761.0 1202.0 1643.0
761.0 1202.0 1643.0
761.0 1202.0 1643.0
761.0 1202.0 1643.0
761.0 1202.0 1643.0
761.0 1202.0 1643.0
761.0 1202.0 1643.0
761.0 1202.0 1643.0
761.0 1202.0 1643.0
761.0 1202.0 1643.0
761.0 1202.0 1643.0
761.0 1202.0 1643.0
761.0 1202.0 1643.0
761.0 1202.0 1643.0
761.0 1202.0 1643.0
761.0 1202.0 1643.0
761.0 1202.0 1643.0
761.0 1202.0 1643.0
761.0 1202.0 1643.0
761.0 1202.0 1643.0
761.0 1202.0 1643.0
761.0 1202.0 1643.0
761.0 1202.0 1643.0
761.0 1202.0 1643.0
761.0 1202.0 1643.0
761.0 1202.0 1643.0
761.0 1202.0 1643.0
761.0 1202.0 1643.0
761.0 1202.0 1643.0
761.0 1202.0 1643.0
761.0 1202.0 1643.0
761.0 1202.0 1643.0
761.0 1202.0 1643.0
761.0 1202.0 1643.0
761.0 1202.0 1643.0
761.0 1202.0 1643.0
761.0 1202.0 1643.0
761.0 1202.0 1643.0
761.0 1202.0 1643.0
761.0 1202.0 1643.0
761.0 1202.0 1643.0
761.0 1202.0 1643.0
761.0 1202.0 1643.0
761.0 1202.0 1643.0
761.0 1202.0 1643.0
761.0 1202.0 1643.0
761.0 1202.0 1643.0
761.0 1202.0 1643.0
761.0 1202.0 1643.0
761.0 1202.0 1643.0
761.0 1202.0 1643.0
761.0 1202.0 1643.0
761.0 1202.0 1643.0
761.0 1202.0 1643.0
761.0 1202.0 1643.0
761.0 1202.0 1643.0
761.0 1202.0 1643.0
761.0 1202.0 1643.0
761.0 1202.0 1643.0
761.0 1202.0 1643.0
761.0 1202.0 1643.0
761.0 1202.0 1643.0
761.0 1202.0 1643.0
761.0 1202.0 1643.0
761.0 1202.0 1643.0
761.0 1202.0 1643.0
761.0 1202.0 1643.0
761.0 1202.0 1643.0
761.0 1202.0 1643.0
761.0 1202.0 1643.0
761.0 1202.0 1643.0
761.0 1202.0 1643.0
761.0 1202.0 1643.0
761.0 1202.0 1643.0
761.0 1202.0 1643.0
761.0 1202.0 1643.0
761.0 1202.0 1643.0
761.0 1202.0 1643.0
761.0 1202.0 1643.0
761.0 1202.0 1643.0
761.0 1202.0 1643.0
761.0 1202.0 1643.0
761.0 1202.0 1643.0
761.0 1202.0 1643.0
761.0 1202.0 1643.0
761.0 1202.0 1643.0
761.0 1202.0 1643.0
761.0 1202.0 1643.0
761.0 1202.0 1643.0
761.0 1202.0 1643.0
761.0 1202.0 1643.0
761.0 1202.0 1643.0
761.0 1202.0 1643.0
761.0 1202.0 1643.0
761.0 1202.0 1643.0
761.0 1202.0 1643.0
761.0 1202.0 1643.0
761.0 1202.0 1643.0
761.0 1202.0 1643.0
761.0 1202.0 1643.0
761.0 1202.0 1643.0
761.0 1202.0 1643.0
761.0 1202.0 1643.0
761.0 1202.0 1643.0
761.0 1202.0 1643.0
761.0 1202.0 1643.0
761.0 1202.0 1643.0
761.0 1202.0 1643.0
