10199.0 12390.0 14581.0
7853.0 9510.0 11167.0
7999.0 10081.5 12164.0
6591.0 8187.5 9784.0
6462.0 7687.5 8913.0
3403.0 5250.0 7097.0
3487.0 4378.5 5270.0
3448.0 3686.5 3925.0
2516.0 3159.0 3802.0
2516.0 3116.0 3716.0
2516.0 3159.0 3802.0
2516.0 2874.0 3232.0
2516.0 2874.0 3232.0
2516.0 2874.0 3232.0
2516.0 2671.5 2827.0
2516.0 2637.0 2758.0
2516.0 2637.0 2758.0
2516.0 2637.0 2758.0
2481.0 2498.5 2516.0
2516.0 2605.5 2695.0
2516.0 2605.5 2695.0
1795.0 2155.5 2516.0
1795.0 2155.5 2516.0
1795.0 2155.5 2516.0
1795.0 2155.5 2516.0
1795.0 2155.5 2516.0
1795.0 2155.5 2516.0
1795.0 2155.5 2516.0
1795.0 2155.5 2516.0
1795.0 2155.5 2516.0
1795.0 2155.5 2516.0
1795.0 2155.5 2516.0
1795.0 2155.5 2516.0
1795.0 2155.5 2516.0
1795.0 2155.5 2516.0
1795.0 2155.5 2516.0
1795.0 2155.5 2516.0
1795.0 2155.5 2516.0
1795.0 2155.5 2516.0
1795.0 2155.5 2516.0
1795.0 2155.5 2516.0
1795.0 2155.5 2516.0
1795.0 2155.5 2516.0
1795.0 2155.5 2516.0
1795.0 2155.5 2516.0
2130.0 2323.0 2516.0
1795.0 2155.5 2516.0
1795.0 2155.5 2516.0
1795.0 2155.5 2516.0
1795.0 2155.5 2516.0
1795.0 2155.5 2516.0
1795.0 2155.5 2516.0
1795.0 2155.5 2516.0
1795.0 2155.5 2516.0
1795.0 2155.5 2516.0
1795.0 2155.5 2516.0
1795.0 2155.5 2516.0
1795.0 2155.5 2516.0
1795.0 2155.5 2516.0
1795.0 2155.5 2516.0
1795.0 2155.5 2516.0
1795.0 2155.5 2516.0
1795.0 2155.5 2516.0
1795.0 2090.0 2385.0
1795.0 2090.0 2385.0
1795.0 2090.0 2385.0
1795.0 2090.0 2385.0
1795.0 2019.0 2243.0
1795.0 2019.0 2243.0
1795.0 2019.0 2243.0
1795.0 2019.0 2243.0
1795.0 1870.5 1946.0
1795.0 1870.5 1946.0
1795.0 1870.5 1946.0
1795.0 1870.5 1946.0
1795.0 1870.5 1946.0
1795.0 1870.5 1946.0
1795.0 1870.5 1946.0
1795.0 1870.5 1946.0
1795.0 1870.5 1946.0
1795.0 1870.5 1946.0
1795.0 1870.5 1946.0
1795.0 1870.5 1946.0
1795.0 1870.5 1946.0
1795.0 1870.5 1946.0
1795.0 1870.5 1946.0
1795.0 1870.5 1946.0
1795.0 1870.5 1946.0
1795.0 1870.5 1946.0
1795.0 1870.5 1946.0
1795.0 1870.5 1946.0
1795.0 1870.5 1946.0
1795.0 1870.5 1946.0
1795.0 1870.5 1946.0
1795.0 1870.5 1946.0
1795.0 1870.5 1946.0
1795.0 1870.5 1946.0
1795.0 1870.5 1946.0
1795.0 1870.5 1946.0
1795.0 1870.5 1946.0
1795.0 1870.5 1946.0
1795.0 1870.5 1946.0
1795.0 1870.5 1946.0
1795.0 1870.5 1946.0
1795.0 1870.5 1946.0
1795.0 1870.5 1946.0
1795.0 1870.5 1946.0
1795.0 1870.5 1946.0
1795.0 1870.5 1946.0
1795.0 1870.5 1946.0
1795.0 1870.5 1946.0
1795.0 1870.5 1946.0
1795.0 1870.5 1946.0
1795.0 1870.5 1946.0
1795.0 1870.5 1946.0
1795.0 1870.5 1946.0
1795.0 1870.5 1946.0
1795.0 1870.5 1946.0
1795.0 1870.5 1946.0
1795.0 1870.5 1946.0
1795.0 1870.5 1946.0
1795.0 1870.5 1946.0
1795.0 1870.5 1946.0
1795.0 1870.5 1946.0
1795.0 1870.5 1946.0
1795.0 1870.5 1946.0
1795.0 1870.5 1946.0
1795.0 1870.5 1946.0
1795.0 1870.5 1946.0
1795.0 1870.5 1946.0
1795.0 1870.5 1946.0
1795.0 1870.5 1946.0
1795.0 1870.5 1946.0
1795.0 1870.5 1946.0
1795.0 1870.5 1946.0
1795.0 1870.5 1946.0
1795.0 1870.5 1946.0
1795.0 1870.5 1946.0
1795.0 1870.5 1946.0
1795.0 1870.5 1946.0
1795.0 1870.5 1946.0
1795.0 1870.5 1946.0
1795.0 1870.5 1946.0
1155.0 1550.5 1946.0
1317.0 1631.5 1946.0
1113.0 1529.5 1946.0
1113.0 1529.5 1946.0
1113.0 1529.5 1946.0
1113.0 1529.5 1946.0
1113.0 1529.5 1946.0
1113.0 1529.5 1946.0
1113.0 1529.5 1946.0
1113.0 1529.5 1946.0
1113.0 1529.5 1946.0
1113.0 1529.5 1946.0
1113.0 1529.5 1946.0
1113.0 1529.5 1946.0
1113.0 1529.5 1946.0
1113.0 1529.5 1946.0
1113.0 1529.5 1946.0
1113.0 1529.5 1946.0
1113.0 1529.5 1946.0
1113.0 1529.5 1946.0
1113.0 1529.5 1946.0
1113.0 1529.5 1946.0
1113.0 1529.5 1946.0
1113.0 1529.5 1946.0
1113.0 1529.5 1946.0
1113.0 1529.5 1946.0
1113.0 1529.5 1946.0
1113.0 1529.5 1946.0
1113.0 1529.5 1946.0
1113.0 1529.5 1946.0
1113.0 1529.5 1946.0
1113.0 1529.5 1946.0
1113.0 1529.5 1946.0
1113.0 1529.5 1946.0
1113.0 1529.5 1946.0
1113.0 1529.5 1946.0
1113.0 1529.5 1946.0
1113.0 1529.5 1946.0
1113.0 1529.5 1946.0
1113.0 1529.5 1946.0
1113.0 1529.5 1946.0
1113.0 1529.5 1946.0
1113.0 1529.5 1946.0
1113.0 1529.5 1946.0
1113.0 1529.5 1946.0
1113.0 1529.5 1946.0
1113.0 1529.5 1946.0
1113.0 1529.5 1946.0
1113.0 1529.5 1946.0
1113.0 1529.5 1946.0
1113.0 1529.5 1946.0
1113.0 1529.5 1946.0
1113.0 1529.5 1946.0
1113.0 1529.5 1946.0
1113.0 1529.5 1946.0
1113.0 1529.5 1946.0
1113.0 1529.5 1946.0
