14704.0 16944.5 19185.0
12149.0 12469.5 12790.0
10789.0 11150.5 11512.0
7328.0 8860.5 10393.0
6707.0 7190.5 7674.0
4655.0 5842.0 7029.0
4701.0 4952.0 5203.0
4014.0 4157.0 4300.0
2935.0 3615.5 4296.0
2456.0 3376.0 4296.0
2533.0 2667.5 2802.0
2022.0 2479.0 2936.0
2031.0 2047.5 2064.0
2031.0 2047.5 2064.0
2031.0 2047.5 2064.0
2031.0 2047.5 2064.0
1764.0 2304.5 2845.0
1309.0 1948.5 2588.0
1309.0 1674.5 2040.0
1309.0 1674.5 2040.0
1309.0 1674.5 2040.0
1309.0 1674.5 2040.0
1309.0 1822.0 2335.0
1309.0 1822.0 2335.0
1309.0 1822.0 2335.0
1309.0 1389.5 1470.0
1309.0 1389.5 1470.0
1309.0 1389.5 1470.0
1309.0 1389.5 1470.0
1309.0 1389.5 1470.0
1309.0 1389.5 1470.0
1309.0 1389.5 1470.0
1309.0 1389.5 1470.0
1309.0 1389.5 1470.0
1309.0 1389.5 1470.0
1309.0 1389.5 1470.0
1309.0 1389.5 1470.0
1309.0 1389.5 1470.0
1309.0 1389.5 1470.0
1309.0 1389.5 1470.0
1309.0 1389.5 1470.0
1309.0 1389.5 1470.0
1309.0 1389.5 1470.0
1309.0 1389.5 1470.0
1309.0 1389.5 1470.0
1309.0 1389.5 1470.0
1309.0 1389.5 1470.0
1309.0 1389.5 1470.0
1309.0 1389.5 1470.0
1309.0 1389.5 1470.0
1309.0 1389.5 1470.0
1309.0 1389.5 1470.0
1309.0 1389.5 1470.0
1309.0 1389.5 1470.0
1309.0 1389.5 1470.0
1309.0 1389.5 1470.0
1309.0 1534.5 1760.0
1309.0 1534.5 1760.0
1309.0 1456.0 1603.0
1309.0 1456.0 1603.0
1309.0 1400.5 1492.0
1110.0 1209.5 1309.0
1110.0 1209.5 1309.0
1110.0 1209.5 1309.0
1110.0 1209.5 1309.0
1110.0 1209.5 1309.0
1110.0 1209.5 1309.0
1110.0 1209.5 1309.0
1110.0 1209.5 1309.0
1110.0 1209.5 1309.0
1110.0 1209.5 1309.0
1110.0 1209.5 1309.0
1110.0 1209.5 1309.0
1110.0 1209.5 1309.0
1110.0 1209.5 1309.0
1110.0 1209.5 1309.0
1110.0 1209.5 1309.0
1110.0 1209.5 1309.0
1110.0 1209.5 1309.0
1110.0 1209.5 1309.0
1110.0 1209.5 1309.0
1110.0 1209.5 1309.0
1110.0 1209.5 1309.0
1110.0 1209.5 1309.0
1110.0 1209.5 1309.0
1110.0 1209.5 1309.0
1110.0 1209.5 1309.0
1110.0 1209.5 1309.0
1110.0 1209.5 1309.0
1110.0 1209.5 1309.0
1110.0 1209.5 1309.0
1110.0 1209.5 1309.0
1110.0 1209.5 1309.0
1110.0 1209.5 1309.0
1110.0 1209.5 1309.0
1110.0 1209.5 1309.0
1110.0 1209.5 1309.0
1110.0 1209.5 1309.0
1110.0 1209.5 1309.0
1110.0 1209.5 1309.0
1110.0 1209.5 1309.0
1110.0 1209.5 1309.0
1110.0 1209.5 1309.0
1110.0 1209.5 1309.0
1110.0 1209.5 1309.0
1110.0 1209.5 1309.0
1110.0 1209.5 1309.0
1094.0 1201.5 1309.0
1094.0 1201.5 1309.0
1094.0 1201.5 1309.0
1094.0 1201.5 1309.0
1094.0 1201.5 1309.0
1094.0 1201.5 1309.0
1094.0 1201.5 1309.0
1094.0 1201.5 1309.0
1094.0 1201.5 1309.0
1094.0 1201.5 1309.0
1094.0 1201.5 1309.0
1094.0 1201.5 1309.0
1094.0 1201.5 1309.0
1094.0 1201.5 1309.0
1094.0 1201.5 1309.0
1094.0 1201.5 1309.0
1094.0 1201.5 1309.0
1094.0 1201.5 1309.0
1094.0 1201.5 1309.0
1094.0 1201.5 1309.0
1094.0 1201.5 1309.0
1094.0 1201.5 1309.0
1094.0 1201.5 1309.0
1094.0 1201.5 1309.0
1094.0 1201.5 1309.0
1094.0 1201.5 1309.0
1094.0 1201.5 1309.0
1094.0 1201.5 1309.0
1094.0 1201.5 1309.0
1094.0 1201.5 1309.0
1094.0 1201.5 1309.0
1094.0 1201.5 1309.0
1094.0 1201.5 1309.0
1094.0 1201.5 1309.0
1094.0 1201.5 1309.0
1094.0 1201.5 1309.0
1094.0 1201.5 1309.0
1094.0 1201.5 1309.0
1094.0 1201.5 1309.0
1094.0 1201.5 1309.0
1094.0 1201.5 1309.0
1094.0 1201.5 1309.0
1094.0 1201.5 1309.0
1094.0 1201.5 1309.0
1094.0 1201.5 1309.0
1094.0 1201.5 1309.0
1094.0 1201.5 1309.0
1094.0 1201.5 1309.0
1094.0 1201.5 1309.0
1094.0 1201.5 1309.0
1094.0 1201.5 1309.0
1094.0 1201.5 1309.0
1094.0 1201.5 1309.0
1094.0 1201.5 1309.0
1094.0 1201.5 1309.0
1094.0 1201.5 1309.0
1094.0 1201.5 1309.0
1094.0 1201.5 1309.0
1094.0 1201.5 1309.0
1094.0 1201.5 1309.0
1094.0 1201.5 1309.0
1094.0 1201.5 1309.0
1094.0 1201.5 1309.0
1094.0 1201.5 1309.0
1094.0 1201.5 1309.0
1094.0 1201.5 1309.0
1094.0 1201.5 1309.0
1094.0 1201.5 1309.0
1094.0 1201.5 1309.0
1094.0 1201.5 1309.0
1094.0 1201.5 1309.0
1094.0 1201.5 1309.0
1094.0 1201.5 1309.0
1094.0 1201.5 1309.0
1094.0 1201.5 1309.0
1094.0 1201.5 1309.0
1094.0 1201.5 1309.0
1094.0 1201.5 1309.0
1094.0 1201.5 1309.0
1094.0 1201.5 1309.0
1094.0 1201.5 1309.0
1094.0 1201.5 1309.0
1094.0 1201.5 1309.0
1094.0 1201.5 1309.0
1094.0 1201.5 1309.0
1094.0 1201.5 1309.0
1094.0 1201.5 1309.0
1094.0 1201.5 1309.0
1094.0 1201.5 1309.0
1094.0 1201.5 1309.0
1094.0 1201.5 1309.0
1094.0 1201.5 1309.0
1094.0 1201.5 1309.0
