14226.0 14246.5 14267.0
10322.0 10545.0 10768.0
9559.0 9633.0 9707.0
7418.0 8057.0 8696.0
5613.0 5651.5 5690.0
4612.0 5173.5 5735.0
4525.0 4915.5 5306.0
4192.0 4274.0 4356.0
2530.0 3439.5 4349.0
2530.0 2870.0 3210.0
2530.0 2967.5 3405.0
2542.0 2973.5 3405.0
2366.0 2885.5 3405.0
2366.0 2539.0 2712.0
1670.0 2018.0 2366.0
1670.0 2018.0 2366.0
1670.0 2018.0 2366.0
1670.0 2018.0 2366.0
1670.0 2018.0 2366.0
1670.0 2018.0 2366.0
1670.0 2018.0 2366.0
1670.0 2018.0 2366.0
1670.0 2018.0 2366.0
1670.0 2236.0 2802.0
1670.0 2066.0 2462.0
1581.0 1625.5 1670.0
1581.0 1625.5 1670.0
1581.0 1678.5 1776.0
1581.0 1678.5 1776.0
1581.0 1678.5 1776.0
1581.0 1678.5 1776.0
1581.0 1678.5 1776.0
1581.0 1678.5 1776.0
1581.0 1678.5 1776.0
1253.0 1514.5 1776.0
1253.0 1514.5 1776.0
1253.0 1514.5 1776.0
1253.0 1514.5 1776.0
1253.0 1514.5 1776.0
1253.0 1514.5 1776.0
1253.0 1514.5 1776.0
1253.0 1514.5 1776.0
1253.0 1514.5 1776.0
1253.0 1514.5 1776.0
1253.0 1514.5 1776.0
1253.0 1514.5 1776.0
1253.0 1514.5 1776.0
1253.0 1514.5 1776.0
1253.0 1514.5 1776.0
1253.0 1514.5 1776.0
1253.0 1514.5 1776.0
1253.0 1514.5 1776.0
1253.0 1514.5 1776.0
1253.0 1514.5 1776.0
1253.0 1514.5 1776.0
1253.0 1514.5 1776.0
1253.0 1514.5 1776.0
1253.0 1514.5 1776.0
1253.0 1514.5 1776.0
1253.0 1514.5 1776.0
1253.0 1514.5 1776.0
1253.0 1514.5 1776.0
1253.0 1514.5 1776.0
1253.0 1514.5 1776.0
1253.0 1528.0 1803.0
1253.0 1326.0 1399.0
1253.0 1326.0 1399.0
1253.0 1326.0 1399.0
1253.0 1326.0 1399.0
1253.0 1326.0 1399.0
1253.0 1326.0 1399.0
1253.0 1326.0 1399.0
1253.0 1326.0 1399.0
1253.0 1326.0 1399.0
1253.0 1326.0 1399.0
1253.0 1326.0 1399.0
1253.0 1326.0 1399.0
1253.0 1326.0 1399.0
1253.0 1326.0 1399.0
1253.0 1326.0 1399.0
1253.0 1326.0 1399.0
1253.0 1326.0 1399.0
1253.0 1326.0 1399.0
1253.0 1326.0 1399.0
1253.0 1326.0 1399.0
1253.0 1326.0 1399.0
1253.0 1326.0 1399.0
1253.0 1326.0 1399.0
1253.0 1326.0 1399.0
1253.0 1326.0 1399.0
1253.0 1326.0 1399.0
1253.0 1326.0 1399.0
1253.0 1326.0 1399.0
1253.0 1326.0 1399.0
1253.0 1326.0 1399.0
1253.0 1326.0 1399.0
1253.0 1326.0 1399.0
1253.0 1326.0 1399.0
1253.0 1326.0 1399.0
1253.0 1326.0 1399.0
1253.0 1326.0 1399.0
1253.0 1326.0 1399.0
1253.0 1326.0 1399.0
1253.0 1326.0 1399.0
1253.0 1326.0 1399.0
1253.0 1326.0 1399.0
1253.0 1326.0 1399.0
1253.0 1326.0 1399.0
1253.0 1326.0 1399.0
1253.0 1326.0 1399.0
1253.0 1326.0 1399.0
1253.0 1326.0 1399.0
1253.0 1326.0 1399.0
1253.0 1326.0 1399.0
1253.0 1326.0 1399.0
1253.0 1326.0 1399.0
1253.0 1326.0 1399.0
1253.0 1326.0 1399.0
1253.0 1326.0 1399.0
1253.0 1326.0 1399.0
1253.0 1326.0 1399.0
1253.0 1326.0 1399.0
1253.0 1326.0 1399.0
1253.0 1326.0 1399.0
1253.0 1326.0 1399.0
1253.0 1326.0 1399.0
1253.0 1326.0 1399.0
1253.0 1326.0 1399.0
1253.0 1326.0 1399.0
1253.0 1326.0 1399.0
1253.0 1326.0 1399.0
1253.0 1326.0 1399.0
1253.0 1326.0 1399.0
1253.0 1326.0 1399.0
1253.0 1326.0 1399.0
1253.0 1326.0 1399.0
1253.0 1326.0 1399.0
1253.0 1326.0 1399.0
1253.0 1326.0 1399.0
1253.0 1326.0 1399.0
1253.0 1326.0 1399.0
1253.0 1326.0 1399.0
1253.0 1326.0 1399.0
1253.0 1326.0 1399.0
1253.0 1326.0 1399.0
1253.0 1326.0 1399.0
1253.0 1326.0 1399.0
1253.0 1326.0 1399.0
1253.0 1326.0 1399.0
1253.0 1326.0 1399.0
1253.0 1326.0 1399.0
1253.0 1326.0 1399.0
1253.0 1326.0 1399.0
1253.0 1326.0 1399.0
1253.0 1326.0 1399.0
1253.0 1326.0 1399.0
1253.0 1326.0 1399.0
1253.0 1326.0 1399.0
1253.0 1326.0 1399.0
1253.0 1326.0 1399.0
1253.0 1326.0 1399.0
1253.0 1326.0 1399.0
1253.0 1326.0 1399.0
1253.0 1326.0 1399.0
1253.0 1326.0 1399.0
1253.0 1326.0 1399.0
1253.0 1326.0 1399.0
1253.0 1326.0 1399.0
1253.0 1326.0 1399.0
1253.0 1326.0 1399.0
1253.0 1326.0 1399.0
1253.0 1326.0 1399.0
1253.0 1326.0 1399.0
1253.0 1326.0 1399.0
1253.0 1326.0 1399.0
1253.0 1326.0 1399.0
1253.0 1326.0 1399.0
1253.0 1326.0 1399.0
1253.0 1326.0 1399.0
1253.0 1326.0 1399.0
1253.0 1326.0 1399.0
1253.0 1326.0 1399.0
1253.0 1326.0 1399.0
1253.0 1326.0 1399.0
1253.0 1326.0 1399.0
1253.0 1326.0 1399.0
1253.0 1326.0 1399.0
1253.0 1326.0 1399.0
1253.0 1326.0 1399.0
1253.0 1326.0 1399.0
1253.0 1326.0 1399.0
1253.0 1326.0 1399.0
1253.0 1326.0 1399.0
1253.0 1326.0 1399.0
1253.0 1326.0 1399.0
1253.0 1326.0 1399.0
1253.0 1326.0 1399.0
1253.0 1326.0 1399.0
1253.0 1326.0 1399.0
1253.0 1326.0 1399.0
