11866.0 11949.0 12032.0
6592.0 8383.0 10174.0
4427.0 6455.5 8484.0
4427.0 5221.5 6016.0
3427.0 4824.0 6221.0
3057.0 3488.5 3920.0
2854.0 3032.5 3211.0
2251.0 2791.0 3331.0
2251.0 2791.0 3331.0
1474.0 1855.5 2237.0
1474.0 1746.0 2018.0
1211.0 1451.5 1692.0
1211.0 1451.5 1692.0
1211.0 1451.5 1692.0
1211.0 1451.5 1692.0
1211.0 1451.5 1692.0
1211.0 1451.5 1692.0
1211.0 1451.5 1692.0
1211.0 1451.5 1692.0
1211.0 1451.5 1692.0
1211.0 1451.5 1692.0
1211.0 1451.5 1692.0
1211.0 1451.5 1692.0
1211.0 1451.5 1692.0
1211.0 1451.5 1692.0
1211.0 1435.5 1660.0
1211.0 1374.5 1538.0
1211.0 1374.5 1538.0
1211.0 1383.0 1555.0
1211.0 1226.0 1241.0
1211.0 1226.0 1241.0
1211.0 1226.0 1241.0
1211.0 1226.0 1241.0
1211.0 1226.0 1241.0
1211.0 1226.0 1241.0
1211.0 1226.0 1241.0
1211.0 1226.0 1241.0
1211.0 1226.0 1241.0
1211.0 1226.0 1241.0
1211.0 1226.0 1241.0
1211.0 1226.0 1241.0
1211.0 1226.0 1241.0
1211.0 1226.0 1241.0
1211.0 1226.0 1241.0
1211.0 1226.0 1241.0
1211.0 1226.0 1241.0
1211.0 1226.0 1241.0
1211.0 1226.0 1241.0
1211.0 1226.0 1241.0
1211.0 1226.0 1241.0
1211.0 1226.0 1241.0
1211.0 1226.0 1241.0
1211.0 1226.0 1241.0
1211.0 1226.0 1241.0
1211.0 1226.0 1241.0
1211.0 1226.0 1241.0
1211.0 1226.0 1241.0
1211.0 1226.0 1241.0
1211.0 1226.0 1241.0
1211.0 1226.0 1241.0
1211.0 1226.0 1241.0
1211.0 1226.0 1241.0
1211.0 1226.0 1241.0
1211.0 1226.0 1241.0
1211.0 1226.0 1241.0
1211.0 1226.0 1241.0
1211.0 1226.0 1241.0
1211.0 1226.0 1241.0
1211.0 1226.0 1241.0
1211.0 1226.0 1241.0
1211.0 1226.0 1241.0
1211.0 1226.0 1241.0
1211.0 1226.0 1241.0
1211.0 1226.0 1241.0
1211.0 1226.0 1241.0
1211.0 1226.0 1241.0
1211.0 1226.0 1241.0
1211.0 1226.0 1241.0
1211.0 1226.0 1241.0
1211.0 1226.0 1241.0
1211.0 1226.0 1241.0
1211.0 1226.0 1241.0
1211.0 1226.0 1241.0
1211.0 1226.0 1241.0
1211.0 1226.0 1241.0
1211.0 1226.0 1241.0
1211.0 1226.0 1241.0
1211.0 1226.0 1241.0
1211.0 1226.0 1241.0
1211.0 1226.0 1241.0
1211.0 1226.0 1241.0
1211.0 1226.0 1241.0
1211.0 1226.0 1241.0
1211.0 1226.0 1241.0
1211.0 1226.0 1241.0
1211.0 1226.0 1241.0
1211.0 1226.0 1241.0
1211.0 1226.0 1241.0
1211.0 1226.0 1241.0
1211.0 1226.0 1241.0
1211.0 1226.0 1241.0
1211.0 1226.0 1241.0
1211.0 1226.0 1241.0
1211.0 1226.0 1241.0
1211.0 1226.0 1241.0
1211.0 1226.0 1241.0
1211.0 1226.0 1241.0
1211.0 1226.0 1241.0
1211.0 1226.0 1241.0
1211.0 1226.0 1241.0
1211.0 1226.0 1241.0
1211.0 1226.0 1241.0
1211.0 1226.0 1241.0
1211.0 1226.0 1241.0
1211.0 1226.0 1241.0
1211.0 1226.0 1241.0
1211.0 1226.0 1241.0
1211.0 1226.0 1241.0
1211.0 1226.0 1241.0
1211.0 1226.0 1241.0
1211.0 1226.0 1241.0
1211.0 1226.0 1241.0
1211.0 1226.0 1241.0
1211.0 1226.0 1241.0
1211.0 1226.0 1241.0
1211.0 1226.0 1241.0
1211.0 1226.0 1241.0
1211.0 1226.0 1241.0
1211.0 1226.0 1241.0
1211.0 1226.0 1241.0
1211.0 1226.0 1241.0
1211.0 1226.0 1241.0
1211.0 1226.0 1241.0
1211.0 1226.0 1241.0
1211.0 1226.0 1241.0
1211.0 1226.0 1241.0
1211.0 1226.0 1241.0
1211.0 1226.0 1241.0
1211.0 1226.0 1241.0
1211.0 1226.0 1241.0
1211.0 1226.0 1241.0
1211.0 1226.0 1241.0
1211.0 1226.0 1241.0
1211.0 1226.0 1241.0
1211.0 1226.0 1241.0
959.0 1100.0 1241.0
959.0 1100.0 1241.0
959.0 1100.0 1241.0
959.0 1100.0 1241.0
959.0 1100.0 1241.0
959.0 1100.0 1241.0
959.0 1100.0 1241.0
959.0 1100.0 1241.0
959.0 1100.0 1241.0
959.0 1100.0 1241.0
959.0 1100.0 1241.0
959.0 1100.0 1241.0
959.0 1100.0 1241.0
959.0 1100.0 1241.0
959.0 1100.0 1241.0
959.0 1100.0 1241.0
959.0 1100.0 1241.0
959.0 1100.0 1241.0
959.0 1100.0 1241.0
959.0 1100.0 1241.0
959.0 1100.0 1241.0
959.0 1100.0 1241.0
959.0 1100.0 1241.0
959.0 1100.0 1241.0
959.0 1100.0 1241.0
959.0 1100.0 1241.0
959.0 1100.0 1241.0
959.0 1100.0 1241.0
959.0 1100.0 1241.0
959.0 1100.0 1241.0
959.0 1100.0 1241.0
959.0 1100.0 1241.0
959.0 1100.0 1241.0
959.0 1100.0 1241.0
959.0 1100.0 1241.0
959.0 1100.0 1241.0
959.0 1100.0 1241.0
959.0 1100.0 1241.0
959.0 1100.0 1241.0
959.0 1100.0 1241.0
959.0 1100.0 1241.0
959.0 1100.0 1241.0
959.0 1100.0 1241.0
959.0 1100.0 1241.0
959.0 1100.0 1241.0
959.0 1100.0 1241.0
959.0 1100.0 1241.0
959.0 1100.0 1241.0
959.0 1100.0 1241.0
959.0 1100.0 1241.0
959.0 1100.0 1241.0
959.0 1100.0 1241.0
959.0 1100.0 1241.0
959.0 1100.0 1241.0
959.0 1100.0 1241.0
