13684.0 15110.0 16536.0
11000.0 13692.0 16384.0
8265.0 10488.0 12711.0
6898.0 7665.5 8433.0
7192.0 7606.0 8020.0
4499.0 5705.5 6912.0
4136.0 4517.5 4899.0
4136.0 4732.0 5328.0
3937.0 4363.0 4789.0
3625.0 4131.5 4638.0
3478.0 4058.0 4638.0
2816.0 3727.0 4638.0
2816.0 2991.0 3166.0
2063.0 2870.5 3678.0
2108.0 2893.0 3678.0
2108.0 2893.0 3678.0
2108.0 2893.0 3678.0
2108.0 2488.5 2869.0
2108.0 2182.5 2257.0
2108.0 2218.0 2328.0
2108.0 2182.5 2257.0
2108.0 2182.5 2257.0
2108.0 2182.5 2257.0
2108.0 2182.5 2257.0
2108.0 2182.5 2257.0
2108.0 2182.5 2257.0
2108.0 2136.5 2165.0
2108.0 2136.5 2165.0
2108.0 2136.5 2165.0
2108.0 2136.5 2165.0
2108.0 2136.5 2165.0
2108.0 2136.5 2165.0
2108.0 2136.5 2165.0
2108.0 2136.5 2165.0
2108.0 2136.5 2165.0
1706.0 1935.5 2165.0
1706.0 1935.5 2165.0
1706.0 2107.0 2508.0
1628.0 1667.0 1706.0
1628.0 1667.0 1706.0
1628.0 1667.0 1706.0
1628.0 1667.0 1706.0
1628.0 1667.0 1706.0
1628.0 1667.0 1706.0
1628.0 1667.0 1706.0
1628.0 1667.0 1706.0
1628.0 1667.0 1706.0
1628.0 1667.0 1706.0
1628.0 1667.0 1706.0
1628.0 1667.0 1706.0
1628.0 1667.0 1706.0
1628.0 1667.0 1706.0
1628.0 1667.0 1706.0
1628.0 1667.0 1706.0
1628.0 1667.0 1706.0
1628.0 1667.0 1706.0
1628.0 1667.0 1706.0
1628.0 1667.0 1706.0
1628.0 1667.0 1706.0
1628.0 1667.0 1706.0
1628.0 1667.0 1706.0
1628.0 1667.0 1706.0
1628.0 1667.0 1706.0
1628.0 1667.0 1706.0
1628.0 1667.0 1706.0
1628.0 1667.0 1706.0
1628.0 1667.0 1706.0
1628.0 1667.0 1706.0
1628.0 1667.0 1706.0
1628.0 1667.0 1706.0
1628.0 1667.0 1706.0
1628.0 1667.0 1706.0
1628.0 1667.0 1706.0
1628.0 1667.0 1706.0
1628.0 1667.0 1706.0
1628.0 1667.0 1706.0
1628.0 1667.0 1706.0
1628.0 1667.0 1706.0
1628.0 1667.0 1706.0
1628.0 1667.0 1706.0
1628.0 1667.0 1706.0
1628.0 1667.0 1706.0
1628.0 1667.0 1706.0
1628.0 1667.0 1706.0
1628.0 1667.0 1706.0
1628.0 1667.0 1706.0
1628.0 1667.0 1706.0
1628.0 1667.0 1706.0
1628.0 1667.0 1706.0
1628.0 1667.0 1706.0
1628.0 1667.0 1706.0
1628.0 1667.0 1706.0
1628.0 1667.0 1706.0
1628.0 1667.0 1706.0
1628.0 1667.0 1706.0
1628.0 1667.0 1706.0
1628.0 1667.0 1706.0
1628.0 1667.0 1706.0
1628.0 1667.0 1706.0
1628.0 1667.0 1706.0
1628.0 1667.0 1706.0
1628.0 1667.0 1706.0
1628.0 1667.0 1706.0
1628.0 1667.0 1706.0
1628.0 1667.0 1706.0
1628.0 1667.0 1706.0
1628.0 1667.0 1706.0
1628.0 1667.0 1706.0
1628.0 1667.0 1706.0
1628.0 1667.0 1706.0
1628.0 1667.0 1706.0
1628.0 1667.0 1706.0
1628.0 1667.0 1706.0
1628.0 1667.0 1706.0
1628.0 1667.0 1706.0
1628.0 1667.0 1706.0
1628.0 1667.0 1706.0
1628.0 1667.0 1706.0
1628.0 1667.0 1706.0
1628.0 1667.0 1706.0
1628.0 1667.0 1706.0
1628.0 1667.0 1706.0
1628.0 1667.0 1706.0
1628.0 1667.0 1706.0
1628.0 1667.0 1706.0
1628.0 1667.0 1706.0
1628.0 1667.0 1706.0
1628.0 1667.0 1706.0
1628.0 1667.0 1706.0
1628.0 1667.0 1706.0
1628.0 1667.0 1706.0
1628.0 1667.0 1706.0
1628.0 1667.0 1706.0
1628.0 1667.0 1706.0
1628.0 1667.0 1706.0
1628.0 1667.0 1706.0
1628.0 1667.0 1706.0
1628.0 1667.0 1706.0
1628.0 1667.0 1706.0
1628.0 1667.0 1706.0
1628.0 1667.0 1706.0
1628.0 1667.0 1706.0
1628.0 1667.0 1706.0
1628.0 1667.0 1706.0
1628.0 1667.0 1706.0
1628.0 1667.0 1706.0
1628.0 1667.0 1706.0
1628.0 1667.0 1706.0
1628.0 1667.0 1706.0
1628.0 1667.0 1706.0
1628.0 1667.0 1706.0
1628.0 1667.0 1706.0
1628.0 1667.0 1706.0
1628.0 1667.0 1706.0
1628.0 1667.0 1706.0
1628.0 1667.0 1706.0
1628.0 1667.0 1706.0
1628.0 1667.0 1706.0
1628.0 1667.0 1706.0
1628.0 1667.0 1706.0
1628.0 1667.0 1706.0
1628.0 1667.0 1706.0
1628.0 1667.0 1706.0
1628.0 1667.0 1706.0
1628.0 1667.0 1706.0
1628.0 1667.0 1706.0
1628.0 1667.0 1706.0
1628.0 1667.0 1706.0
1628.0 1667.0 1706.0
1628.0 1667.0 1706.0
1628.0 1667.0 1706.0
1628.0 1667.0 1706.0
1628.0 1667.0 1706.0
1628.0 1667.0 1706.0
1628.0 1667.0 1706.0
1628.0 1667.0 1706.0
1628.0 1667.0 1706.0
1628.0 1667.0 1706.0
1628.0 1667.0 1706.0
1628.0 1667.0 1706.0
1628.0 1667.0 1706.0
1628.0 1667.0 1706.0
1628.0 1667.0 1706.0
1628.0 1667.0 1706.0
1628.0 1667.0 1706.0
1628.0 1667.0 1706.0
1628.0 1667.0 1706.0
1628.0 1667.0 1706.0
1628.0 1667.0 1706.0
1628.0 1667.0 1706.0
1628.0 1667.0 1706.0
1628.0 1648.5 1669.0
1628.0 1648.5 1669.0
1628.0 1648.5 1669.0
1628.0 1648.5 1669.0
1628.0 1648.5 1669.0
1628.0 1648.5 1669.0
1328.0 1478.0 1628.0
1328.0 1478.0 1628.0
1328.0 1478.0 1628.0
