11326.0 13740.0 16154.0
10509.0 12735.0 14961.0
9255.0 10780.5 12306.0
7715.0 9415.5 11116.0
5482.0 7266.0 9050.0
5482.0 6746.5 8011.0
4182.0 4742.5 5303.0
4883.0 4927.0 4971.0
3851.0 3855.5 3860.0
2903.0 3381.5 3860.0
2669.0 2891.5 3114.0
2521.0 2595.0 2669.0
2521.0 2595.0 2669.0
2521.0 2595.0 2669.0
2019.0 2188.5 2358.0
1702.0 1776.0 1850.0
1702.0 1776.0 1850.0
1702.0 1776.0 1850.0
1702.0 1776.0 1850.0
1702.0 1776.0 1850.0
1702.0 1776.0 1850.0
1702.0 1776.0 1850.0
1702.0 1776.0 1850.0
1702.0 1776.0 1850.0
1702.0 1776.0 1850.0
1702.0 1776.0 1850.0
1702.0 1776.0 1850.0
1702.0 1776.0 1850.0
1702.0 1776.0 1850.0
1702.0 1776.0 1850.0
1702.0 1776.0 1850.0
1702.0 1776.0 1850.0
1702.0 1776.0 1850.0
1702.0 1776.0 1850.0
1702.0 1776.0 1850.0
1365.0 1533.5 1702.0
1365.0 1533.5 1702.0
1365.0 1533.5 1702.0
1365.0 1533.5 1702.0
1365.0 1533.5 1702.0
1365.0 1533.5 1702.0
1365.0 1533.5 1702.0
1365.0 1533.5 1702.0
1365.0 1533.5 1702.0
1365.0 1533.5 1702.0
1365.0 1533.5 1702.0
1365.0 1533.5 1702.0
1365.0 1533.5 1702.0
1365.0 1533.5 1702.0
1365.0 1533.5 1702.0
1365.0 1533.5 1702.0
1365.0 1533.5 1702.0
1365.0 1533.5 1702.0
1365.0 1533.5 1702.0
1365.0 1533.5 1702.0
1365.0 1533.5 1702.0
1365.0 1533.5 1702.0
1365.0 1533.5 1702.0
1365.0 1533.5 1702.0
1365.0 1533.5 1702.0
1365.0 1533.5 1702.0
1365.0 1533.5 1702.0
1365.0 1533.5 1702.0
1365.0 1533.5 1702.0
1365.0 1533.5 1702.0
1365.0 1533.5 1702.0
1365.0 1533.5 1702.0
1365.0 1533.5 1702.0
1365.0 1533.5 1702.0
1365.0 1533.5 1702.0
1365.0 1533.5 1702.0
1365.0 1533.5 1702.0
1365.0 1533.5 1702.0
1365.0 1533.5 1702.0
1365.0 1533.5 1702.0
1365.0 1533.5 1702.0
1365.0 1533.5 1702.0
1365.0 1533.5 1702.0
1365.0 1533.5 1702.0
1365.0 1533.5 1702.0
1365.0 1533.5 1702.0
1365.0 1533.5 1702.0
1365.0 1533.5 1702.0
1365.0 1533.5 1702.0
1365.0 1533.5 1702.0
1365.0 1533.5 1702.0
1365.0 1533.5 1702.0
1365.0 1533.5 1702.0
1365.0 1533.5 1702.0
1365.0 1533.5 1702.0
1365.0 1533.5 1702.0
1365.0 1533.5 1702.0
1365.0 1533.5 1702.0
1365.0 1533.5 1702.0
1365.0 1533.5 1702.0
1365.0 1533.5 1702.0
1365.0 1533.5 1702.0
1365.0 1533.5 1702.0
1365.0 1533.5 1702.0
1365.0 1533.5 1702.0
1365.0 1533.5 1702.0
1365.0 1533.5 1702.0
1365.0 1533.5 1702.0
1365.0 1533.5 1702.0
1365.0 1533.5 1702.0
1365.0 1533.5 1702.0
1365.0 1533.5 1702.0
1365.0 1533.5 1702.0
1365.0 1533.5 1702.0
1365.0 1533.5 1702.0
1365.0 1533.5 1702.0
1365.0 1533.5 1702.0
1365.0 1533.5 1702.0
1365.0 1533.5 1702.0
1365.0 1533.5 1702.0
1365.0 1533.5 1702.0
1365.0 1533.5 1702.0
1365.0 1533.5 1702.0
1365.0 1533.5 1702.0
1365.0 1533.5 1702.0
1365.0 1533.5 1702.0
1365.0 1533.5 1702.0
1365.0 1533.5 1702.0
1365.0 1533.5 1702.0
1365.0 1533.5 1702.0
1365.0 1533.5 1702.0
1365.0 1533.5 1702.0
1365.0 1533.5 1702.0
1365.0 1533.5 1702.0
1365.0 1533.5 1702.0
1365.0 1533.5 1702.0
1365.0 1533.5 1702.0
1365.0 1533.5 1702.0
1365.0 1424.5 1484.0
1111.0 1238.0 1365.0
1111.0 1238.0 1365.0
1111.0 1238.0 1365.0
1111.0 1238.0 1365.0
1111.0 1238.0 1365.0
1111.0 1238.0 1365.0
1111.0 1238.0 1365.0
1111.0 1238.0 1365.0
1111.0 1238.0 1365.0
1111.0 1238.0 1365.0
1111.0 1238.0 1365.0
1111.0 1238.0 1365.0
1111.0 1238.0 1365.0
1111.0 1238.0 1365.0
1111.0 1238.0 1365.0
1111.0 1238.0 1365.0
1111.0 1238.0 1365.0
1111.0 1238.0 1365.0
1111.0 1238.0 1365.0
1111.0 1238.0 1365.0
1111.0 1238.0 1365.0
1111.0 1238.0 1365.0
1111.0 1238.0 1365.0
1111.0 1238.0 1365.0
1111.0 1238.0 1365.0
1111.0 1238.0 1365.0
1111.0 1238.0 1365.0
1111.0 1238.0 1365.0
1111.0 1238.0 1365.0
1111.0 1238.0 1365.0
1111.0 1238.0 1365.0
1111.0 1238.0 1365.0
1111.0 1238.0 1365.0
1111.0 1238.0 1365.0
1111.0 1238.0 1365.0
1111.0 1238.0 1365.0
1111.0 1238.0 1365.0
1111.0 1238.0 1365.0
1111.0 1238.0 1365.0
1111.0 1238.0 1365.0
1111.0 1238.0 1365.0
1111.0 1238.0 1365.0
1111.0 1238.0 1365.0
1111.0 1238.0 1365.0
1111.0 1238.0 1365.0
1111.0 1238.0 1365.0
1111.0 1238.0 1365.0
1111.0 1238.0 1365.0
1111.0 1238.0 1365.0
1111.0 1238.0 1365.0
1111.0 1238.0 1365.0
1111.0 1238.0 1365.0
1111.0 1238.0 1365.0
1111.0 1238.0 1365.0
1111.0 1238.0 1365.0
1111.0 1238.0 1365.0
1111.0 1238.0 1365.0
1111.0 1238.0 1365.0
1111.0 1238.0 1365.0
1111.0 1238.0 1365.0
1111.0 1238.0 1365.0
1111.0 1238.0 1365.0
1111.0 1238.0 1365.0
1111.0 1238.0 1365.0
1111.0 1238.0 1365.0
1111.0 1238.0 1365.0
