11323.0 13151.5 14980.0
8216.0 10477.5 12739.0
9225.0 9658.0 10091.0
5659.0 7844.0 10029.0
5659.0 7437.0 9215.0
4129.0 6083.0 8037.0
4081.0 4344.0 4607.0
3432.0 4011.5 4591.0
3134.0 3619.5 4105.0
2685.0 3051.0 3417.0
2685.0 3005.5 3326.0
1940.0 2633.0 3326.0
1940.0 2259.5 2579.0
1001.0 1743.0 2485.0
1001.0 1743.0 2485.0
740.0 1612.5 2485.0
740.0 1612.5 2485.0
740.0 1612.5 2485.0
740.0 1612.5 2485.0
740.0 1612.5 2485.0
740.0 1612.5 2485.0
740.0 1612.5 2485.0
740.0 1612.5 2485.0
740.0 1612.5 2485.0
740.0 1496.0 2252.0
740.0 1496.0 2252.0
740.0 1496.0 2252.0
740.0 1264.5 1789.0
740.0 1311.0 1882.0
740.0 1311.0 1882.0
740.0 1311.0 1882.0
740.0 1311.0 1882.0
740.0 1311.0 1882.0
740.0 1311.0 1882.0
740.0 1311.0 1882.0
740.0 1311.0 1882.0
740.0 1311.0 1882.0
740.0 1311.0 1882.0
740.0 1311.0 1882.0
740.0 1304.0 1868.0
740.0 1304.0 1868.0
740.0 1261.0 1782.0
740.0 1261.0 1782.0
740.0 1261.0 1782.0
740.0 1261.0 1782.0
740.0 1261.0 1782.0
740.0 1261.0 1782.0
740.0 1261.0 1782.0
740.0 1261.0 1782.0
740.0 1261.0 1782.0
740.0 1261.0 1782.0
740.0 1261.0 1782.0
740.0 1261.0 1782.0
740.0 1261.0 1782.0
740.0 1261.0 1782.0
740.0 1261.0 1782.0
740.0 1261.0 1782.0
740.0 1261.0 1782.0
740.0 1261.0 1782.0
740.0 1261.0 1782.0
740.0 1261.0 1782.0
740.0 1261.0 1782.0
740.0 1261.0 1782.0
740.0 1261.0 1782.0
740.0 1261.0 1782.0
740.0 1261.0 1782.0
740.0 1261.0 1782.0
740.0 1261.0 1782.0
740.0 1261.0 1782.0
740.0 1261.0 1782.0
740.0 1261.0 1782.0
740.0 1261.0 1782.0
740.0 1261.0 1782.0
740.0 1261.0 1782.0
740.0 1261.0 1782.0
740.0 1261.0 1782.0
740.0 1261.0 1782.0
740.0 1261.0 1782.0
740.0 1261.0 1782.0
740.0 1261.0 1782.0
740.0 1261.0 1782.0
740.0 1261.0 1782.0
740.0 1261.0 1782.0
740.0 1261.0 1782.0
740.0 1261.0 1782.0
740.0 1261.0 1782.0
740.0 1261.0 1782.0
740.0 1261.0 1782.0
740.0 1261.0 1782.0
740.0 1261.0 1782.0
740.0 1261.0 1782.0
740.0 1261.0 1782.0
740.0 1261.0 1782.0
740.0 1261.0 1782.0
740.0 1261.0 1782.0
740.0 1261.0 1782.0
740.0 1261.0 1782.0
740.0 1261.0 1782.0
740.0 1261.0 1782.0
740.0 1261.0 1782.0
740.0 1261.0 1782.0
740.0 1261.0 1782.0
740.0 1261.0 1782.0
740.0 1261.0 1782.0
740.0 1261.0 1782.0
740.0 1261.0 1782.0
740.0 1261.0 1782.0
740.0 1261.0 1782.0
740.0 1261.0 1782.0
740.0 1261.0 1782.0
740.0 1261.0 1782.0
740.0 1261.0 1782.0
740.0 1261.0 1782.0
740.0 1261.0 1782.0
740.0 1261.0 1782.0
740.0 1261.0 1782.0
740.0 1261.0 1782.0
740.0 1261.0 1782.0
740.0 1261.0 1782.0
740.0 1261.0 1782.0
740.0 1261.0 1782.0
740.0 1261.0 1782.0
740.0 1261.0 1782.0
740.0 1261.0 1782.0
740.0 1261.0 1782.0
740.0 1261.0 1782.0
740.0 1261.0 1782.0
740.0 1261.0 1782.0
740.0 1261.0 1782.0
740.0 1261.0 1782.0
740.0 1261.0 1782.0
740.0 1261.0 1782.0
740.0 1261.0 1782.0
740.0 1261.0 1782.0
740.0 1261.0 1782.0
740.0 1261.0 1782.0
740.0 1261.0 1782.0
740.0 1261.0 1782.0
740.0 1261.0 1782.0
740.0 1261.0 1782.0
740.0 1261.0 1782.0
740.0 1261.0 1782.0
740.0 1261.0 1782.0
740.0 1261.0 1782.0
740.0 1261.0 1782.0
740.0 1261.0 1782.0
740.0 1261.0 1782.0
740.0 1261.0 1782.0
740.0 1261.0 1782.0
740.0 1261.0 1782.0
740.0 1261.0 1782.0
740.0 1261.0 1782.0
740.0 1261.0 1782.0
740.0 1261.0 1782.0
740.0 1261.0 1782.0
740.0 1261.0 1782.0
740.0 1261.0 1782.0
740.0 1261.0 1782.0
740.0 1261.0 1782.0
740.0 1261.0 1782.0
740.0 1261.0 1782.0
740.0 1261.0 1782.0
740.0 1261.0 1782.0
740.0 1261.0 1782.0
740.0 1261.0 1782.0
740.0 1261.0 1782.0
740.0 1261.0 1782.0
740.0 1261.0 1782.0
740.0 1261.0 1782.0
740.0 1261.0 1782.0
740.0 1261.0 1782.0
740.0 1261.0 1782.0
740.0 1261.0 1782.0
740.0 1261.0 1782.0
740.0 1261.0 1782.0
740.0 1261.0 1782.0
740.0 1261.0 1782.0
740.0 1261.0 1782.0
740.0 1261.0 1782.0
740.0 1261.0 1782.0
740.0 1261.0 1782.0
740.0 1261.0 1782.0
740.0 1261.0 1782.0
740.0 1261.0 1782.0
740.0 1261.0 1782.0
740.0 1261.0 1782.0
740.0 1261.0 1782.0
740.0 1261.0 1782.0
740.0 1261.0 1782.0
740.0 1261.0 1782.0
740.0 1261.0 1782.0
740.0 1261.0 1782.0
740.0 1261.0 1782.0
740.0 1261.0 1782.0
740.0 1261.0 1782.0
740.0 1261.0 1782.0
740.0 1261.0 1782.0
740.0 1261.0 1782.0
740.0 1261.0 1782.0
740.0 1261.0 1782.0
