13943.0 14076.0 14209.0
9096.0 10689.5 12283.0
9319.0 10306.0 11293.0
7146.0 8610.5 10075.0
6994.0 8057.0 9120.0
5130.0 5410.0 5690.0
5130.0 5583.0 6036.0
4833.0 5026.0 5219.0
3436.0 3668.5 3901.0
3436.0 3496.5 3557.0
3444.0 3646.5 3849.0
3444.0 3474.5 3505.0
3444.0 3474.5 3505.0
3114.0 3309.5 3505.0
2451.0 2978.0 3505.0
2168.0 2836.5 3505.0
2168.0 2836.5 3505.0
2168.0 2836.5 3505.0
2168.0 2836.5 3505.0
2168.0 2818.0 3468.0
2168.0 2361.5 2555.0
2168.0 2361.5 2555.0
2168.0 2235.0 2302.0
1641.0 1904.5 2168.0
1641.0 1904.5 2168.0
1641.0 1904.5 2168.0
1641.0 1904.5 2168.0
1641.0 1904.5 2168.0
1641.0 1904.5 2168.0
1641.0 1904.5 2168.0
1641.0 1904.5 2168.0
1641.0 1904.5 2168.0
1641.0 1904.5 2168.0
1641.0 1904.5 2168.0
1641.0 1904.5 2168.0
1641.0 1904.5 2168.0
1641.0 1904.5 2168.0
1641.0 1904.5 2168.0
1641.0 1904.5 2168.0
1641.0 1904.5 2168.0
1641.0 1904.5 2168.0
1641.0 1904.5 2168.0
1641.0 1904.5 2168.0
1641.0 1904.5 2168.0
1641.0 1904.5 2168.0
1641.0 1904.5 2168.0
1641.0 1904.5 2168.0
1641.0 1904.5 2168.0
1641.0 1904.5 2168.0
1641.0 1904.5 2168.0
1641.0 1904.5 2168.0
1641.0 1904.5 2168.0
1641.0 1904.5 2168.0
1641.0 1904.5 2168.0
1641.0 1904.5 2168.0
1641.0 1904.5 2168.0
1641.0 1904.5 2168.0
1641.0 1904.5 2168.0
1641.0 1904.5 2168.0
1641.0 1904.5 2168.0
1641.0 1904.5 2168.0
1311.0 1739.5 2168.0
1311.0 1739.5 2168.0
1311.0 1739.5 2168.0
1128.0 1219.5 1311.0
1128.0 1219.5 1311.0
1128.0 1219.5 1311.0
1128.0 1219.5 1311.0
1128.0 1219.5 1311.0
1128.0 1219.5 1311.0
1128.0 1219.5 1311.0
1128.0 1219.5 1311.0
1128.0 1219.5 1311.0
1128.0 1219.5 1311.0
1128.0 1219.5 1311.0
1128.0 1219.5 1311.0
1128.0 1219.5 1311.0
1128.0 1219.5 1311.0
1128.0 1219.5 1311.0
1128.0 1219.5 1311.0
1128.0 1219.5 1311.0
1128.0 1219.5 1311.0
1128.0 1219.5 1311.0
1128.0 1219.5 1311.0
1128.0 1219.5 1311.0
1128.0 1219.5 1311.0
1128.0 1219.5 1311.0
1128.0 1219.5 1311.0
1128.0 1219.5 1311.0
1128.0 1219.5 1311.0
1128.0 1219.5 1311.0
1128.0 1219.5 1311.0
1128.0 1219.5 1311.0
1128.0 1219.5 1311.0
1128.0 1219.5 1311.0
1128.0 1219.5 1311.0
1128.0 1219.5 1311.0
1128.0 1219.5 1311.0
1128.0 1219.5 1311.0
1128.0 1219.5 1311.0
1128.0 1219.5 1311.0
1128.0 1219.5 1311.0
1128.0 1219.5 1311.0
1128.0 1219.5 1311.0
1128.0 1219.5 1311.0
1128.0 1219.5 1311.0
1128.0 1219.5 1311.0
1128.0 1219.5 1311.0
1128.0 1219.5 1311.0
1128.0 1219.5 1311.0
1128.0 1219.5 1311.0
1128.0 1219.5 1311.0
1128.0 1219.5 1311.0
1128.0 1219.5 1311.0
1128.0 1219.5 1311.0
1128.0 1219.5 1311.0
1128.0 1219.5 1311.0
1128.0 1219.5 1311.0
1128.0 1219.5 1311.0
1128.0 1219.5 1311.0
1128.0 1219.5 1311.0
1128.0 1219.5 1311.0
1128.0 1219.5 1311.0
1128.0 1219.5 1311.0
1128.0 1219.5 1311.0
1128.0 1219.5 1311.0
1128.0 1219.5 1311.0
1128.0 1219.5 1311.0
1128.0 1219.5 1311.0
1128.0 1219.5 1311.0
1128.0 1219.5 1311.0
1128.0 1219.5 1311.0
1128.0 1219.5 1311.0
1128.0 1219.5 1311.0
1128.0 1219.5 1311.0
1128.0 1219.5 1311.0
1128.0 1219.5 1311.0
1128.0 1219.5 1311.0
1128.0 1219.5 1311.0
1128.0 1219.5 1311.0
1128.0 1219.5 1311.0
1128.0 1219.5 1311.0
1128.0 1219.5 1311.0
1128.0 1219.5 1311.0
1128.0 1219.5 1311.0
1128.0 1219.5 1311.0
1128.0 1219.5 1311.0
1128.0 1219.5 1311.0
1128.0 1219.5 1311.0
1128.0 1219.5 1311.0
1128.0 1219.5 1311.0
1128.0 1219.5 1311.0
1128.0 1219.5 1311.0
1128.0 1219.5 1311.0
1128.0 1219.5 1311.0
1128.0 1219.5 1311.0
1128.0 1219.5 1311.0
1128.0 1219.5 1311.0
1128.0 1219.5 1311.0
1128.0 1219.5 1311.0
1128.0 1219.5 1311.0
1128.0 1219.5 1311.0
1128.0 1219.5 1311.0
1128.0 1219.5 1311.0
1128.0 1219.5 1311.0
1128.0 1219.5 1311.0
1128.0 1219.5 1311.0
1128.0 1219.5 1311.0
1128.0 1219.5 1311.0
1128.0 1219.5 1311.0
1128.0 1219.5 1311.0
1128.0 1219.5 1311.0
1128.0 1219.5 1311.0
1128.0 1219.5 1311.0
1128.0 1219.5 1311.0
1128.0 1219.5 1311.0
1128.0 1219.5 1311.0
1128.0 1219.5 1311.0
1128.0 1219.5 1311.0
1128.0 1219.5 1311.0
1128.0 1219.5 1311.0
1128.0 1219.5 1311.0
1128.0 1219.5 1311.0
1128.0 1219.5 1311.0
1128.0 1219.5 1311.0
1128.0 1219.5 1311.0
1128.0 1219.5 1311.0
1128.0 1219.5 1311.0
1128.0 1219.5 1311.0
1128.0 1219.5 1311.0
1128.0 1219.5 1311.0
1128.0 1219.5 1311.0
1128.0 1219.5 1311.0
1128.0 1219.5 1311.0
1128.0 1219.5 1311.0
1128.0 1219.5 1311.0
1128.0 1219.5 1311.0
1128.0 1219.5 1311.0
1128.0 1219.5 1311.0
1128.0 1219.5 1311.0
