11953.0 12656.5 13360.0
9754.0 11209.0 12664.0
7659.0 8715.5 9772.0
6727.0 8249.5 9772.0
5909.0 6711.5 7514.0
4691.0 5537.0 6383.0
3860.0 4919.5 5979.0
3860.0 4298.0 4736.0
3463.0 4140.0 4817.0
2939.0 3761.5 4584.0
1906.0 2313.0 2720.0
1906.0 2313.0 2720.0
1906.0 2353.0 2800.0
1906.0 2053.0 2200.0
1906.0 2353.0 2800.0
1730.0 1818.0 1906.0
1906.0 2036.0 2166.0
1604.0 1755.0 1906.0
1604.0 1755.0 1906.0
1604.0 1953.0 2302.0
1604.0 1610.5 1617.0
1604.0 1610.5 1617.0
1604.0 1610.5 1617.0
1604.0 1610.5 1617.0
1604.0 1610.5 1617.0
1604.0 1610.5 1617.0
1604.0 1610.5 1617.0
1604.0 1610.5 1617.0
1604.0 1610.5 1617.0
1604.0 1610.5 1617.0
1604.0 1610.5 1617.0
1604.0 1610.5 1617.0
1557.0 1587.0 1617.0
1557.0 1587.0 1617.0
1557.0 1587.0 1617.0
1557.0 1587.0 1617.0
1557.0 1587.0 1617.0
1557.0 1587.0 1617.0
1557.0 1587.0 1617.0
1557.0 1587.0 1617.0
1557.0 1587.0 1617.0
1557.0 1587.0 1617.0
1557.0 1587.0 1617.0
1557.0 1587.0 1617.0
1557.0 1587.0 1617.0
1557.0 1587.0 1617.0
1557.0 1587.0 1617.0
1557.0 1587.0 1617.0
1557.0 1587.0 1617.0
1557.0 1587.0 1617.0
1557.0 1587.0 1617.0
1557.0 1587.0 1617.0
1557.0 1587.0 1617.0
1557.0 1587.0 1617.0
1557.0 1587.0 1617.0
1557.0 1587.0 1617.0
1557.0 1587.0 1617.0
1557.0 1587.0 1617.0
1557.0 1587.0 1617.0
1557.0 1587.0 1617.0
1557.0 1587.0 1617.0
1557.0 1587.0 1617.0
1557.0 1587.0 1617.0
1557.0 1587.0 1617.0
1557.0 1587.0 1617.0
1557.0 1587.0 1617.0
1557.0 1587.0 1617.0
1557.0 1587.0 1617.0
1557.0 1587.0 1617.0
1557.0 1587.0 1617.0
1557.0 1587.0 1617.0
1557.0 1587.0 1617.0
1557.0 1587.0 1617.0
1557.0 1587.0 1617.0
1557.0 1587.0 1617.0
1557.0 1587.0 1617.0
1557.0 1587.0 1617.0
1557.0 1587.0 1617.0
1557.0 1587.0 1617.0
1557.0 1587.0 1617.0
1557.0 1587.0 1617.0
1557.0 1587.0 1617.0
1557.0 1587.0 1617.0
1557.0 1587.0 1617.0
1557.0 1587.0 1617.0
1557.0 1587.0 1617.0
1557.0 1587.0 1617.0
1557.0 1587.0 1617.0
1557.0 1587.0 1617.0
1557.0 1587.0 1617.0
1557.0 1587.0 1617.0
1557.0 1587.0 1617.0
1557.0 1587.0 1617.0
1557.0 1587.0 1617.0
1557.0 1587.0 1617.0
1557.0 1587.0 1617.0
1557.0 1587.0 1617.0
1557.0 1587.0 1617.0
1557.0 1587.0 1617.0
1557.0 1587.0 1617.0
1557.0 1587.0 1617.0
1557.0 1587.0 1617.0
1557.0 1587.0 1617.0
1557.0 1587.0 1617.0
1557.0 1587.0 1617.0
1557.0 1587.0 1617.0
1557.0 1587.0 1617.0
1557.0 1587.0 1617.0
1557.0 1587.0 1617.0
1557.0 1587.0 1617.0
1557.0 1587.0 1617.0
1557.0 1587.0 1617.0
1557.0 1587.0 1617.0
1557.0 1587.0 1617.0
1557.0 1587.0 1617.0
1557.0 1587.0 1617.0
1557.0 1587.0 1617.0
1557.0 1587.0 1617.0
1557.0 1587.0 1617.0
1557.0 1587.0 1617.0
1557.0 1587.0 1617.0
1557.0 1587.0 1617.0
1557.0 1587.0 1617.0
1557.0 1587.0 1617.0
1557.0 1587.0 1617.0
1557.0 1587.0 1617.0
1557.0 1587.0 1617.0
1557.0 1587.0 1617.0
1557.0 1587.0 1617.0
1557.0 1587.0 1617.0
1557.0 1587.0 1617.0
1557.0 1587.0 1617.0
1557.0 1587.0 1617.0
1557.0 1587.0 1617.0
1557.0 1587.0 1617.0
1557.0 1587.0 1617.0
1557.0 1587.0 1617.0
1557.0 1587.0 1617.0
1557.0 1587.0 1617.0
1557.0 1587.0 1617.0
1557.0 1587.0 1617.0
1557.0 1587.0 1617.0
1557.0 1587.0 1617.0
1557.0 1587.0 1617.0
1557.0 1587.0 1617.0
1557.0 1587.0 1617.0
1557.0 1587.0 1617.0
1557.0 1587.0 1617.0
1557.0 1587.0 1617.0
1557.0 1587.0 1617.0
1557.0 1587.0 1617.0
1557.0 1587.0 1617.0
1557.0 1587.0 1617.0
1557.0 1587.0 1617.0
1557.0 1587.0 1617.0
1557.0 1587.0 1617.0
1557.0 1587.0 1617.0
1557.0 1587.0 1617.0
1557.0 1587.0 1617.0
1557.0 1587.0 1617.0
1557.0 1587.0 1617.0
1557.0 1587.0 1617.0
1557.0 1587.0 1617.0
1557.0 1587.0 1617.0
1557.0 1587.0 1617.0
1557.0 1587.0 1617.0
1557.0 1587.0 1617.0
1557.0 1587.0 1617.0
1557.0 1587.0 1617.0
1557.0 1587.0 1617.0
1557.0 1587.0 1617.0
1557.0 1587.0 1617.0
1557.0 1587.0 1617.0
1557.0 1587.0 1617.0
1557.0 1587.0 1617.0
1557.0 1587.0 1617.0
1557.0 1587.0 1617.0
1557.0 1587.0 1617.0
1557.0 1587.0 1617.0
1557.0 1587.0 1617.0
1557.0 1587.0 1617.0
1557.0 1587.0 1617.0
1557.0 1587.0 1617.0
1557.0 1587.0 1617.0
1557.0 1587.0 1617.0
1557.0 1587.0 1617.0
1557.0 1587.0 1617.0
1557.0 1587.0 1617.0
1557.0 1587.0 1617.0
1557.0 1587.0 1617.0
1557.0 1587.0 1617.0
1557.0 1587.0 1617.0
1557.0 1691.0 1825.0
1557.0 1691.0 1825.0
1557.0 1691.0 1825.0
1557.0 1691.0 1825.0
1557.0 1691.0 1825.0
1557.0 1691.0 1825.0
1557.0 1691.0 1825.0
1557.0 1691.0 1825.0
