14330.0 15483.5 16637.0
10074.0 10373.0 10672.0
8557.0 8654.5 8752.0
5062.0 5532.0 6002.0
5062.0 6222.0 7382.0
3587.0 4531.0 5475.0
3178.0 4326.5 5475.0
2301.0 3093.5 3886.0
2265.0 2905.0 3545.0
1949.0 2747.0 3545.0
1761.0 1855.0 1949.0
1761.0 1855.0 1949.0
1818.0 1883.5 1949.0
1818.0 1883.5 1949.0
1818.0 1883.5 1949.0
1818.0 1883.5 1949.0
1818.0 1883.5 1949.0
1818.0 1883.5 1949.0
1818.0 1883.5 1949.0
1818.0 1883.5 1949.0
1818.0 1883.5 1949.0
1818.0 1883.5 1949.0
1818.0 1883.5 1949.0
1818.0 1883.5 1949.0
1818.0 1883.5 1949.0
1818.0 1883.5 1949.0
1818.0 1883.5 1949.0
1818.0 1883.5 1949.0
1818.0 1883.5 1949.0
1725.0 1771.5 1818.0
1725.0 1771.5 1818.0
1725.0 1771.5 1818.0
1725.0 1771.5 1818.0
1725.0 1771.5 1818.0
1725.0 1771.5 1818.0
1725.0 1771.5 1818.0
1725.0 1771.5 1818.0
1725.0 1771.5 1818.0
1725.0 1771.5 1818.0
1774.0 1796.0 1818.0
1774.0 1796.0 1818.0
1774.0 1796.0 1818.0
1774.0 1796.0 1818.0
1774.0 1796.0 1818.0
1774.0 1796.0 1818.0
1774.0 1796.0 1818.0
1774.0 1796.0 1818.0
1774.0 1796.0 1818.0
1774.0 1796.0 1818.0
1774.0 1796.0 1818.0
1774.0 1796.0 1818.0
1774.0 1796.0 1818.0
1774.0 1796.0 1818.0
1774.0 1796.0 1818.0
1774.0 1796.0 1818.0
1774.0 1796.0 1818.0
1774.0 1796.0 1818.0
1774.0 1796.0 1818.0
1774.0 1796.0 1818.0
1774.0 1796.0 1818.0
1774.0 1796.0 1818.0
1774.0 1796.0 1818.0
1774.0 1796.0 1818.0
1774.0 1796.0 1818.0
1774.0 1796.0 1818.0
1774.0 1796.0 1818.0
1774.0 1796.0 1818.0
1774.0 1796.0 1818.0
1774.0 1796.0 1818.0
1774.0 1796.0 1818.0
1774.0 1796.0 1818.0
1774.0 1796.0 1818.0
1774.0 1796.0 1818.0
1774.0 1796.0 1818.0
1774.0 1796.0 1818.0
1774.0 1796.0 1818.0
1774.0 1796.0 1818.0
1774.0 1796.0 1818.0
1774.0 1796.0 1818.0
1774.0 1796.0 1818.0
1774.0 1796.0 1818.0
1774.0 1796.0 1818.0
1774.0 1796.0 1818.0
1774.0 1796.0 1818.0
1774.0 1796.0 1818.0
1774.0 1796.0 1818.0
1774.0 1796.0 1818.0
1774.0 1796.0 1818.0
1774.0 1796.0 1818.0
1774.0 1796.0 1818.0
1774.0 1796.0 1818.0
1774.0 1796.0 1818.0
1774.0 1796.0 1818.0
1774.0 1796.0 1818.0
1774.0 1796.0 1818.0
1774.0 1796.0 1818.0
1774.0 1796.0 1818.0
1774.0 1796.0 1818.0
1774.0 1796.0 1818.0
1774.0 1796.0 1818.0
1774.0 1796.0 1818.0
1774.0 1796.0 1818.0
1774.0 1796.0 1818.0
1774.0 1796.0 1818.0
1774.0 1796.0 1818.0
1774.0 1796.0 1818.0
1774.0 1796.0 1818.0
1774.0 1796.0 1818.0
1774.0 1796.0 1818.0
1774.0 1796.0 1818.0
1774.0 1796.0 1818.0
1774.0 1796.0 1818.0
1774.0 1796.0 1818.0
1774.0 1796.0 1818.0
1774.0 1796.0 1818.0
1774.0 1796.0 1818.0
1774.0 1796.0 1818.0
1774.0 1796.0 1818.0
1774.0 1796.0 1818.0
1774.0 1796.0 1818.0
1774.0 1796.0 1818.0
1774.0 1796.0 1818.0
1774.0 1796.0 1818.0
1774.0 1796.0 1818.0
1774.0 1796.0 1818.0
1774.0 1796.0 1818.0
1774.0 1796.0 1818.0
1774.0 1796.0 1818.0
1774.0 1796.0 1818.0
1774.0 1796.0 1818.0
1774.0 1796.0 1818.0
1774.0 1796.0 1818.0
1774.0 1796.0 1818.0
1774.0 1796.0 1818.0
1774.0 1796.0 1818.0
1774.0 1796.0 1818.0
1774.0 1796.0 1818.0
1774.0 1796.0 1818.0
1774.0 1796.0 1818.0
1774.0 1796.0 1818.0
1774.0 1796.0 1818.0
1774.0 1796.0 1818.0
1774.0 1796.0 1818.0
1774.0 1796.0 1818.0
1774.0 1796.0 1818.0
1774.0 1796.0 1818.0
1774.0 1796.0 1818.0
1774.0 1796.0 1818.0
1774.0 1796.0 1818.0
1774.0 1796.0 1818.0
1774.0 1796.0 1818.0
1774.0 1796.0 1818.0
1774.0 1796.0 1818.0
1774.0 1796.0 1818.0
1774.0 1796.0 1818.0
1774.0 1796.0 1818.0
1774.0 1796.0 1818.0
1774.0 1796.0 1818.0
1774.0 1796.0 1818.0
1774.0 1796.0 1818.0
1774.0 1796.0 1818.0
1774.0 1796.0 1818.0
1774.0 1796.0 1818.0
1774.0 1796.0 1818.0
1774.0 1796.0 1818.0
1774.0 1796.0 1818.0
1774.0 1796.0 1818.0
1774.0 1796.0 1818.0
1774.0 1796.0 1818.0
1774.0 1796.0 1818.0
1774.0 1796.0 1818.0
1774.0 1796.0 1818.0
1774.0 1796.0 1818.0
1774.0 1796.0 1818.0
1774.0 1796.0 1818.0
1774.0 1796.0 1818.0
1774.0 1796.0 1818.0
1774.0 1796.0 1818.0
1774.0 1796.0 1818.0
1774.0 1796.0 1818.0
1774.0 1796.0 1818.0
1774.0 1796.0 1818.0
1774.0 1796.0 1818.0
1774.0 1796.0 1818.0
1774.0 1796.0 1818.0
1774.0 1796.0 1818.0
1774.0 1796.0 1818.0
1774.0 1796.0 1818.0
1774.0 1796.0 1818.0
1774.0 1796.0 1818.0
1774.0 1796.0 1818.0
1774.0 1796.0 1818.0
1774.0 1796.0 1818.0
1774.0 1796.0 1818.0
1774.0 1796.0 1818.0
1774.0 1796.0 1818.0
1774.0 1796.0 1818.0
1774.0 1796.0 1818.0
1774.0 1796.0 1818.0
1774.0 1796.0 1818.0
