11671.0 13471.5 15272.0
11759.0 12048.5 12338.0
9380.0 10657.0 11934.0
8864.0 9619.0 10374.0
6068.0 7708.5 9349.0
6115.0 7296.5 8478.0
5401.0 5628.5 5856.0
4857.0 5301.0 5745.0
4134.0 4770.0 5406.0
3171.0 3652.5 4134.0
2431.0 2594.0 2757.0
2431.0 2594.0 2757.0
2699.0 2728.0 2757.0
2069.0 2413.0 2757.0
2069.0 2413.0 2757.0
2069.0 2413.0 2757.0
2069.0 2413.0 2757.0
2069.0 2413.0 2757.0
2069.0 2413.0 2757.0
2069.0 2213.5 2358.0
2069.0 2413.0 2757.0
2069.0 2413.0 2757.0
2069.0 2413.0 2757.0
2069.0 2413.0 2757.0
2069.0 2413.0 2757.0
2069.0 2413.0 2757.0
2069.0 2413.0 2757.0
2069.0 2413.0 2757.0
2069.0 2413.0 2757.0
2069.0 2413.0 2757.0
2069.0 2413.0 2757.0
2069.0 2413.0 2757.0
2069.0 2413.0 2757.0
2069.0 2413.0 2757.0
2069.0 2413.0 2757.0
2069.0 2413.0 2757.0
2069.0 2413.0 2757.0
2069.0 2370.0 2671.0
1989.0 2029.0 2069.0
1989.0 2106.5 2224.0
1359.0 1674.0 1989.0
1359.0 1674.0 1989.0
1359.0 1674.0 1989.0
1359.0 1674.0 1989.0
1359.0 1674.0 1989.0
1359.0 1674.0 1989.0
1359.0 1878.0 2397.0
1301.0 1330.0 1359.0
1301.0 1330.0 1359.0
1301.0 1330.0 1359.0
1301.0 1330.0 1359.0
1301.0 1330.0 1359.0
1301.0 1330.0 1359.0
1301.0 1330.0 1359.0
1301.0 1330.0 1359.0
1301.0 1330.0 1359.0
1301.0 1330.0 1359.0
1301.0 1330.0 1359.0
1301.0 1330.0 1359.0
1301.0 1330.0 1359.0
1301.0 1330.0 1359.0
1301.0 1330.0 1359.0
1301.0 1330.0 1359.0
1301.0 1330.0 1359.0
1301.0 1330.0 1359.0
1301.0 1330.0 1359.0
1301.0 1330.0 1359.0
1301.0 1330.0 1359.0
1301.0 1330.0 1359.0
1301.0 1330.0 1359.0
1301.0 1330.0 1359.0
1301.0 1330.0 1359.0
1301.0 1330.0 1359.0
1301.0 1330.0 1359.0
1301.0 1330.0 1359.0
1301.0 1330.0 1359.0
1301.0 1330.0 1359.0
1301.0 1330.0 1359.0
1301.0 1330.0 1359.0
1301.0 1330.0 1359.0
1301.0 1330.0 1359.0
1301.0 1330.0 1359.0
1301.0 1330.0 1359.0
1301.0 1330.0 1359.0
1301.0 1330.0 1359.0
1301.0 1330.0 1359.0
1301.0 1330.0 1359.0
1301.0 1330.0 1359.0
1301.0 1330.0 1359.0
1301.0 1330.0 1359.0
1301.0 1330.0 1359.0
1301.0 1330.0 1359.0
1301.0 1330.0 1359.0
1301.0 1330.0 1359.0
1301.0 1330.0 1359.0
1301.0 1330.0 1359.0
1301.0 1330.0 1359.0
1301.0 1330.0 1359.0
1301.0 1330.0 1359.0
1301.0 1330.0 1359.0
1301.0 1330.0 1359.0
1301.0 1330.0 1359.0
1301.0 1330.0 1359.0
1301.0 1330.0 1359.0
1301.0 1330.0 1359.0
1301.0 1330.0 1359.0
1301.0 1330.0 1359.0
1301.0 1330.0 1359.0
1301.0 1330.0 1359.0
1301.0 1330.0 1359.0
1301.0 1330.0 1359.0
1301.0 1330.0 1359.0
1301.0 1330.0 1359.0
1301.0 1330.0 1359.0
1301.0 1330.0 1359.0
1301.0 1330.0 1359.0
1301.0 1330.0 1359.0
1301.0 1330.0 1359.0
1301.0 1330.0 1359.0
1301.0 1330.0 1359.0
1301.0 1330.0 1359.0
1301.0 1330.0 1359.0
1301.0 1330.0 1359.0
1301.0 1330.0 1359.0
1301.0 1330.0 1359.0
1301.0 1330.0 1359.0
1301.0 1330.0 1359.0
1301.0 1330.0 1359.0
1301.0 1330.0 1359.0
1301.0 1330.0 1359.0
1301.0 1330.0 1359.0
1301.0 1330.0 1359.0
1301.0 1330.0 1359.0
1301.0 1330.0 1359.0
1301.0 1330.0 1359.0
1301.0 1330.0 1359.0
1301.0 1330.0 1359.0
1301.0 1330.0 1359.0
1301.0 1330.0 1359.0
1301.0 1330.0 1359.0
1301.0 1330.0 1359.0
1301.0 1330.0 1359.0
1301.0 1330.0 1359.0
1301.0 1330.0 1359.0
1301.0 1330.0 1359.0
1301.0 1330.0 1359.0
1301.0 1330.0 1359.0
1301.0 1330.0 1359.0
1301.0 1330.0 1359.0
1301.0 1330.0 1359.0
1301.0 1330.0 1359.0
1301.0 1330.0 1359.0
1301.0 1330.0 1359.0
1301.0 1330.0 1359.0
1301.0 1330.0 1359.0
1301.0 1330.0 1359.0
1301.0 1330.0 1359.0
1301.0 1330.0 1359.0
1301.0 1330.0 1359.0
1301.0 1330.0 1359.0
1301.0 1330.0 1359.0
1301.0 1330.0 1359.0
1301.0 1330.0 1359.0
1301.0 1330.0 1359.0
1301.0 1330.0 1359.0
1301.0 1330.0 1359.0
1301.0 1330.0 1359.0
1301.0 1330.0 1359.0
1301.0 1330.0 1359.0
1301.0 1330.0 1359.0
1301.0 1330.0 1359.0
1301.0 1330.0 1359.0
1301.0 1330.0 1359.0
1301.0 1330.0 1359.0
1301.0 1330.0 1359.0
1301.0 1330.0 1359.0
1301.0 1330.0 1359.0
1301.0 1330.0 1359.0
1301.0 1330.0 1359.0
1301.0 1330.0 1359.0
1301.0 1330.0 1359.0
1301.0 1330.0 1359.0
1301.0 1330.0 1359.0
1301.0 1330.0 1359.0
1301.0 1330.0 1359.0
1301.0 1330.0 1359.0
1301.0 1330.0 1359.0
1301.0 1330.0 1359.0
1301.0 1330.0 1359.0
1301.0 1330.0 1359.0
1301.0 1330.0 1359.0
1301.0 1330.0 1359.0
1301.0 1330.0 1359.0
1301.0 1330.0 1359.0
1301.0 1330.0 1359.0
1301.0 1330.0 1359.0
1301.0 1330.0 1359.0
1301.0 1330.0 1359.0
1301.0 1330.0 1359.0
1301.0 1330.0 1359.0
