12681.0 14018.0 15355.0
11127.0 11389.0 11651.0
8218.0 9114.5 10011.0
5385.0 5510.0 5635.0
3678.0 4232.5 4787.0
2278.0 3575.5 4873.0
2267.0 2362.5 2458.0
2267.0 2299.5 2332.0
2277.0 2304.5 2332.0
1555.0 1618.0 1681.0
1555.0 1618.0 1681.0
1560.0 1620.5 1681.0
1327.0 1504.0 1681.0
1192.0 1436.5 1681.0
1192.0 1436.5 1681.0
1192.0 1436.5 1681.0
1192.0 1436.5 1681.0
1192.0 1436.5 1681.0
1192.0 1436.5 1681.0
1192.0 1196.5 1201.0
1192.0 1196.5 1201.0
1192.0 1196.5 1201.0
1192.0 1196.5 1201.0
1192.0 1196.5 1201.0
1192.0 1196.5 1201.0
1192.0 1196.5 1201.0
1192.0 1196.5 1201.0
1192.0 1196.5 1201.0
1192.0 1196.5 1201.0
1192.0 1196.5 1201.0
1192.0 1196.5 1201.0
1192.0 1196.5 1201.0
1192.0 1196.5 1201.0
1192.0 1196.5 1201.0
1192.0 1196.5 1201.0
1192.0 1196.5 1201.0
1192.0 1196.5 1201.0
1192.0 1196.5 1201.0
1192.0 1196.5 1201.0
1192.0 1196.5 1201.0
1192.0 1196.5 1201.0
1192.0 1196.5 1201.0
1192.0 1196.5 1201.0
1192.0 1196.5 1201.0
1192.0 1196.5 1201.0
1192.0 1196.5 1201.0
1192.0 1196.5 1201.0
1192.0 1196.5 1201.0
1192.0 1196.5 1201.0
1192.0 1196.5 1201.0
1192.0 1196.5 1201.0
1192.0 1196.5 1201.0
1192.0 1196.5 1201.0
1192.0 1196.5 1201.0
1192.0 1196.5 1201.0
1192.0 1196.5 1201.0
1192.0 1196.5 1201.0
1192.0 1196.5 1201.0
1192.0 1196.5 1201.0
1192.0 1196.5 1201.0
1192.0 1196.5 1201.0
1192.0 1196.5 1201.0
1192.0 1196.5 1201.0
1192.0 1196.5 1201.0
1192.0 1196.5 1201.0
1192.0 1196.5 1201.0
1192.0 1196.5 1201.0
1192.0 1196.5 1201.0
1192.0 1196.5 1201.0
1192.0 1196.5 1201.0
1192.0 1196.5 1201.0
1192.0 1196.5 1201.0
1192.0 1196.5 1201.0
1192.0 1196.5 1201.0
1192.0 1196.5 1201.0
1192.0 1196.5 1201.0
1192.0 1196.5 1201.0
1192.0 1196.5 1201.0
1192.0 1196.5 1201.0
1192.0 1196.5 1201.0
1192.0 1196.5 1201.0
1192.0 1196.5 1201.0
1192.0 1196.5 1201.0
1192.0 1196.5 1201.0
1192.0 1196.5 1201.0
1192.0 1196.5 1201.0
1192.0 1196.5 1201.0
1192.0 1196.5 1201.0
1192.0 1196.5 1201.0
1192.0 1196.5 1201.0
1192.0 1196.5 1201.0
1192.0 1196.5 1201.0
1192.0 1196.5 1201.0
1192.0 1196.5 1201.0
1192.0 1196.5 1201.0
1192.0 1196.5 1201.0
1192.0 1196.5 1201.0
1192.0 1196.5 1201.0
1192.0 1196.5 1201.0
1192.0 1196.5 1201.0
1192.0 1196.5 1201.0
1192.0 1196.5 1201.0
1192.0 1196.5 1201.0
1192.0 1196.5 1201.0
1192.0 1196.5 1201.0
1192.0 1196.5 1201.0
1192.0 1196.5 1201.0
1192.0 1196.5 1201.0
1192.0 1196.5 1201.0
1192.0 1196.5 1201.0
1192.0 1196.5 1201.0
1192.0 1196.5 1201.0
1192.0 1196.5 1201.0
1192.0 1196.5 1201.0
1192.0 1196.5 1201.0
1192.0 1196.5 1201.0
1192.0 1196.5 1201.0
1192.0 1196.5 1201.0
1192.0 1196.5 1201.0
1192.0 1196.5 1201.0
1192.0 1196.5 1201.0
1192.0 1196.5 1201.0
1192.0 1196.5 1201.0
1192.0 1196.5 1201.0
1192.0 1196.5 1201.0
1192.0 1196.5 1201.0
1192.0 1196.5 1201.0
1192.0 1196.5 1201.0
1192.0 1196.5 1201.0
1192.0 1196.5 1201.0
1192.0 1196.5 1201.0
1192.0 1196.5 1201.0
1192.0 1196.5 1201.0
1192.0 1196.5 1201.0
1192.0 1196.5 1201.0
1192.0 1196.5 1201.0
1192.0 1196.5 1201.0
1192.0 1196.5 1201.0
1192.0 1196.5 1201.0
1192.0 1196.5 1201.0
1192.0 1196.5 1201.0
1192.0 1196.5 1201.0
1192.0 1196.5 1201.0
1192.0 1196.5 1201.0
1192.0 1196.5 1201.0
1192.0 1196.5 1201.0
1192.0 1196.5 1201.0
1192.0 1196.5 1201.0
1192.0 1196.5 1201.0
1192.0 1196.5 1201.0
1192.0 1196.5 1201.0
1192.0 1196.5 1201.0
1192.0 1196.5 1201.0
1192.0 1196.5 1201.0
1192.0 1196.5 1201.0
1192.0 1196.5 1201.0
1192.0 1196.5 1201.0
1192.0 1196.5 1201.0
1192.0 1196.5 1201.0
1192.0 1196.5 1201.0
1192.0 1196.5 1201.0
1192.0 1196.5 1201.0
1192.0 1196.5 1201.0
1192.0 1196.5 1201.0
1192.0 1196.5 1201.0
1192.0 1196.5 1201.0
1192.0 1196.5 1201.0
1192.0 1196.5 1201.0
1192.0 1196.5 1201.0
1192.0 1196.5 1201.0
1192.0 1196.5 1201.0
1192.0 1196.5 1201.0
1192.0 1196.5 1201.0
1192.0 1196.5 1201.0
1192.0 1196.5 1201.0
1192.0 1196.5 1201.0
1192.0 1196.5 1201.0
1192.0 1196.5 1201.0
1192.0 1196.5 1201.0
1192.0 1196.5 1201.0
1192.0 1196.5 1201.0
1192.0 1196.5 1201.0
1192.0 1196.5 1201.0
1192.0 1196.5 1201.0
1192.0 1196.5 1201.0
1192.0 1196.5 1201.0
1192.0 1196.5 1201.0
1192.0 1196.5 1201.0
1192.0 1196.5 1201.0
1192.0 1196.5 1201.0
1192.0 1196.5 1201.0
1192.0 1196.5 1201.0
1192.0 1196.5 1201.0
1192.0 1196.5 1201.0
1192.0 1196.5 1201.0
1192.0 1196.5 1201.0
1192.0 1196.5 1201.0
1192.0 1196.5 1201.0
1192.0 1196.5 1201.0
1192.0 1196.5 1201.0
