14636.0 14944.5 15253.0
12726.0 12951.5 13177.0
9982.0 11222.5 12463.0
7591.0 8010.0 8429.0
5673.0 7200.5 8728.0
3765.0 4535.5 5306.0
1305.0 2822.5 4340.0
1305.0 2193.0 3081.0
1305.0 2193.0 3081.0
1305.0 1906.5 2508.0
1305.0 1718.0 2131.0
1305.0 1538.5 1772.0
1305.0 1538.5 1772.0
1305.0 1538.5 1772.0
1305.0 1538.5 1772.0
1305.0 1538.5 1772.0
1305.0 1538.5 1772.0
1305.0 1538.5 1772.0
1305.0 1538.5 1772.0
1305.0 1538.5 1772.0
1305.0 1538.5 1772.0
1305.0 1538.5 1772.0
1305.0 1538.5 1772.0
1305.0 1538.5 1772.0
1305.0 1538.5 1772.0
1305.0 1538.5 1772.0
1305.0 1538.5 1772.0
1305.0 1538.5 1772.0
1305.0 1538.5 1772.0
1305.0 1538.5 1772.0
1305.0 1538.5 1772.0
1305.0 1538.5 1772.0
1305.0 1538.5 1772.0
1305.0 1538.5 1772.0
1305.0 1538.5 1772.0
1305.0 1538.5 1772.0
1305.0 1538.5 1772.0
1305.0 1538.5 1772.0
1305.0 1538.5 1772.0
1305.0 1538.5 1772.0
1305.0 1538.5 1772.0
1305.0 1538.5 1772.0
1305.0 1538.5 1772.0
1305.0 1538.5 1772.0
1305.0 1538.5 1772.0
1305.0 1538.5 1772.0
1305.0 1538.5 1772.0
1305.0 1598.0 1891.0
1305.0 1345.5 1386.0
1305.0 1345.5 1386.0
1305.0 1345.5 1386.0
1305.0 1345.5 1386.0
1305.0 1345.5 1386.0
1305.0 1345.5 1386.0
1305.0 1345.5 1386.0
1305.0 1345.5 1386.0
1305.0 1345.5 1386.0
1305.0 1345.5 1386.0
1305.0 1345.5 1386.0
1305.0 1345.5 1386.0
1305.0 1345.5 1386.0
1305.0 1345.5 1386.0
1305.0 1345.5 1386.0
1305.0 1345.5 1386.0
1305.0 1345.5 1386.0
1305.0 1345.5 1386.0
1305.0 1345.5 1386.0
1305.0 1345.5 1386.0
1305.0 1345.5 1386.0
1305.0 1345.5 1386.0
1305.0 1345.5 1386.0
1305.0 1345.5 1386.0
1305.0 1345.5 1386.0
1305.0 1345.5 1386.0
1305.0 1345.5 1386.0
1305.0 1345.5 1386.0
1305.0 1345.5 1386.0
1305.0 1345.5 1386.0
1305.0 1345.5 1386.0
1305.0 1345.5 1386.0
1305.0 1345.5 1386.0
1305.0 1345.5 1386.0
1305.0 1345.5 1386.0
1305.0 1345.5 1386.0
1305.0 1345.5 1386.0
1305.0 1345.5 1386.0
1305.0 1345.5 1386.0
1305.0 1345.5 1386.0
1305.0 1345.5 1386.0
1305.0 1345.5 1386.0
1305.0 1345.5 1386.0
1305.0 1345.5 1386.0
1305.0 1345.5 1386.0
1305.0 1345.5 1386.0
1305.0 1345.5 1386.0
1305.0 1345.5 1386.0
1305.0 1345.5 1386.0
1305.0 1345.5 1386.0
1305.0 1345.5 1386.0
1305.0 1345.5 1386.0
1305.0 1345.5 1386.0
1305.0 1345.5 1386.0
1305.0 1345.5 1386.0
1305.0 1345.5 1386.0
1305.0 1345.5 1386.0
1305.0 1345.5 1386.0
1305.0 1345.5 1386.0
1305.0 1345.5 1386.0
1305.0 1345.5 1386.0
1305.0 1345.5 1386.0
1305.0 1345.5 1386.0
1305.0 1345.5 1386.0
1305.0 1345.5 1386.0
1305.0 1345.5 1386.0
1305.0 1345.5 1386.0
1305.0 1345.5 1386.0
1305.0 1345.5 1386.0
1305.0 1345.5 1386.0
1305.0 1345.5 1386.0
1305.0 1345.5 1386.0
1305.0 1345.5 1386.0
1305.0 1345.5 1386.0
1305.0 1345.5 1386.0
1305.0 1345.5 1386.0
1305.0 1345.5 1386.0
1305.0 1345.5 1386.0
1305.0 1345.5 1386.0
1305.0 1345.5 1386.0
1305.0 1345.5 1386.0
1305.0 1345.5 1386.0
1305.0 1345.5 1386.0
1305.0 1345.5 1386.0
1305.0 1345.5 1386.0
1305.0 1345.5 1386.0
1305.0 1345.5 1386.0
1305.0 1345.5 1386.0
1305.0 1345.5 1386.0
1305.0 1345.5 1386.0
1305.0 1345.5 1386.0
1305.0 1345.5 1386.0
1305.0 1345.5 1386.0
1305.0 1345.5 1386.0
1305.0 1345.5 1386.0
1305.0 1345.5 1386.0
1305.0 1345.5 1386.0
1305.0 1345.5 1386.0
1305.0 1345.5 1386.0
1305.0 1345.5 1386.0
1305.0 1345.5 1386.0
1305.0 1345.5 1386.0
1305.0 1345.5 1386.0
1305.0 1345.5 1386.0
1305.0 1345.5 1386.0
1305.0 1345.5 1386.0
1305.0 1345.5 1386.0
1305.0 1345.5 1386.0
1305.0 1345.5 1386.0
1305.0 1345.5 1386.0
1305.0 1345.5 1386.0
1305.0 1345.5 1386.0
1305.0 1345.5 1386.0
1305.0 1345.5 1386.0
1305.0 1345.5 1386.0
1305.0 1345.5 1386.0
1305.0 1345.5 1386.0
1305.0 1345.5 1386.0
1305.0 1345.5 1386.0
1305.0 1345.5 1386.0
1305.0 1345.5 1386.0
1305.0 1345.5 1386.0
1305.0 1345.5 1386.0
1305.0 1345.5 1386.0
1305.0 1345.5 1386.0
1305.0 1345.5 1386.0
1305.0 1345.5 1386.0
1305.0 1345.5 1386.0
1305.0 1345.5 1386.0
1305.0 1345.5 1386.0
1305.0 1345.5 1386.0
1305.0 1345.5 1386.0
1305.0 1345.5 1386.0
1305.0 1345.5 1386.0
1305.0 1345.5 1386.0
1305.0 1345.5 1386.0
1305.0 1345.5 1386.0
1305.0 1345.5 1386.0
1305.0 1345.5 1386.0
1305.0 1345.5 1386.0
1305.0 1345.5 1386.0
1305.0 1345.5 1386.0
1305.0 1345.5 1386.0
1305.0 1345.5 1386.0
1305.0 1345.5 1386.0
1305.0 1345.5 1386.0
1305.0 1345.5 1386.0
1305.0 1345.5 1386.0
1305.0 1345.5 1386.0
1305.0 1345.5 1386.0
1305.0 1345.5 1386.0
1305.0 1345.5 1386.0
