12201.0 12355.0 12509.0
7517.0 8533.5 9550.0
7398.0 7457.5 7517.0
4424.0 4590.5 4757.0
4424.0 4504.5 4585.0
2108.0 2814.0 3520.0
2108.0 2814.0 3520.0
1912.0 1955.5 1999.0
1912.0 1997.5 2083.0
1838.0 2032.0 2226.0
1299.0 1762.5 2226.0
1299.0 1369.0 1439.0
1299.0 1358.5 1418.0
1299.0 1358.5 1418.0
1299.0 1358.5 1418.0
1299.0 1358.5 1418.0
1299.0 1358.5 1418.0
1299.0 1358.5 1418.0
1299.0 1358.5 1418.0
1299.0 1358.5 1418.0
1299.0 1358.5 1418.0
1299.0 1358.5 1418.0
1299.0 1358.5 1418.0
1299.0 1358.5 1418.0
1299.0 1358.5 1418.0
1299.0 1358.5 1418.0
1299.0 1358.5 1418.0
1299.0 1358.5 1418.0
1299.0 1358.5 1418.0
1299.0 1358.5 1418.0
1299.0 1358.5 1418.0
1299.0 1358.5 1418.0
1299.0 1358.5 1418.0
1299.0 1358.5 1418.0
1299.0 1358.5 1418.0
1299.0 1358.5 1418.0
1299.0 1358.5 1418.0
1299.0 1358.5 1418.0
1299.0 1358.5 1418.0
1299.0 1358.5 1418.0
1154.0 1286.0 1418.0
1154.0 1286.0 1418.0
1154.0 1286.0 1418.0
1154.0 1286.0 1418.0
1154.0 1286.0 1418.0
1154.0 1286.0 1418.0
1154.0 1286.0 1418.0
1154.0 1286.0 1418.0
1154.0 1286.0 1418.0
1154.0 1286.0 1418.0
1154.0 1286.0 1418.0
1154.0 1286.0 1418.0
1154.0 1286.0 1418.0
1154.0 1286.0 1418.0
1154.0 1286.0 1418.0
1154.0 1286.0 1418.0
1154.0 1286.0 1418.0
1154.0 1286.0 1418.0
1154.0 1286.0 1418.0
1154.0 1286.0 1418.0
1154.0 1286.0 1418.0
1154.0 1286.0 1418.0
1154.0 1286.0 1418.0
1154.0 1286.0 1418.0
1154.0 1286.0 1418.0
1154.0 1286.0 1418.0
1154.0 1286.0 1418.0
1154.0 1286.0 1418.0
1154.0 1286.0 1418.0
1154.0 1286.0 1418.0
1154.0 1286.0 1418.0
1154.0 1286.0 1418.0
1154.0 1286.0 1418.0
1154.0 1286.0 1418.0
1154.0 1286.0 1418.0
1154.0 1286.0 1418.0
1154.0 1286.0 1418.0
1154.0 1286.0 1418.0
1154.0 1286.0 1418.0
1154.0 1286.0 1418.0
1154.0 1286.0 1418.0
1154.0 1286.0 1418.0
1154.0 1286.0 1418.0
1154.0 1286.0 1418.0
1154.0 1286.0 1418.0
1154.0 1286.0 1418.0
1154.0 1286.0 1418.0
1154.0 1286.0 1418.0
1154.0 1286.0 1418.0
1154.0 1286.0 1418.0
1154.0 1286.0 1418.0
1154.0 1286.0 1418.0
1154.0 1286.0 1418.0
1154.0 1286.0 1418.0
1154.0 1286.0 1418.0
1154.0 1286.0 1418.0
1154.0 1286.0 1418.0
1154.0 1286.0 1418.0
1154.0 1286.0 1418.0
1154.0 1286.0 1418.0
1154.0 1286.0 1418.0
1154.0 1286.0 1418.0
1154.0 1286.0 1418.0
1154.0 1286.0 1418.0
1154.0 1286.0 1418.0
1154.0 1286.0 1418.0
1154.0 1286.0 1418.0
1154.0 1286.0 1418.0
1154.0 1286.0 1418.0
1154.0 1286.0 1418.0
1154.0 1286.0 1418.0
1154.0 1286.0 1418.0
1154.0 1286.0 1418.0
1154.0 1286.0 1418.0
1154.0 1286.0 1418.0
1154.0 1286.0 1418.0
1154.0 1286.0 1418.0
1154.0 1286.0 1418.0
1154.0 1286.0 1418.0
1154.0 1286.0 1418.0
1154.0 1286.0 1418.0
1154.0 1286.0 1418.0
1154.0 1286.0 1418.0
1154.0 1286.0 1418.0
1154.0 1286.0 1418.0
1154.0 1286.0 1418.0
1154.0 1286.0 1418.0
1154.0 1286.0 1418.0
1154.0 1286.0 1418.0
1154.0 1286.0 1418.0
1154.0 1286.0 1418.0
1154.0 1286.0 1418.0
1154.0 1286.0 1418.0
1154.0 1286.0 1418.0
1154.0 1286.0 1418.0
1154.0 1286.0 1418.0
1154.0 1286.0 1418.0
1154.0 1286.0 1418.0
1154.0 1286.0 1418.0
1154.0 1286.0 1418.0
1154.0 1286.0 1418.0
1154.0 1286.0 1418.0
1154.0 1286.0 1418.0
1154.0 1286.0 1418.0
1154.0 1286.0 1418.0
1154.0 1286.0 1418.0
1154.0 1286.0 1418.0
1154.0 1286.0 1418.0
1154.0 1286.0 1418.0
1154.0 1286.0 1418.0
1154.0 1286.0 1418.0
1154.0 1286.0 1418.0
1154.0 1286.0 1418.0
1154.0 1286.0 1418.0
1154.0 1286.0 1418.0
1154.0 1286.0 1418.0
1154.0 1286.0 1418.0
1154.0 1286.0 1418.0
1154.0 1286.0 1418.0
1154.0 1286.0 1418.0
1154.0 1286.0 1418.0
1154.0 1286.0 1418.0
1154.0 1204.5 1255.0
1154.0 1204.5 1255.0
1154.0 1204.5 1255.0
1154.0 1204.5 1255.0
1154.0 1204.5 1255.0
1154.0 1204.5 1255.0
1154.0 1204.5 1255.0
1154.0 1204.5 1255.0
1154.0 1204.5 1255.0
1154.0 1204.5 1255.0
1154.0 1204.5 1255.0
1154.0 1204.5 1255.0
1154.0 1204.5 1255.0
1154.0 1204.5 1255.0
1154.0 1204.5 1255.0
1154.0 1204.5 1255.0
1154.0 1204.5 1255.0
1154.0 1204.5 1255.0
1154.0 1204.5 1255.0
1154.0 1204.5 1255.0
1154.0 1204.5 1255.0
1154.0 1204.5 1255.0
1154.0 1204.5 1255.0
1154.0 1204.5 1255.0
1154.0 1204.5 1255.0
1154.0 1204.5 1255.0
1154.0 1204.5 1255.0
1154.0 1204.5 1255.0
1154.0 1204.5 1255.0
1154.0 1204.5 1255.0
1154.0 1204.5 1255.0
1154.0 1204.5 1255.0
1154.0 1204.5 1255.0
1154.0 1204.5 1255.0
1154.0 1204.5 1255.0
1154.0 1204.5 1255.0
1154.0 1204.5 1255.0
1154.0 1204.5 1255.0
