9104.0 13124.0 17144.0
7749.0 9493.0 11237.0
8027.0 9805.5 11584.0
3970.0 6686.5 9403.0
3970.0 5824.0 7678.0
3970.0 5405.0 6840.0
3858.0 5303.5 6749.0
2432.0 3864.5 5297.0
2432.0 2622.0 2812.0
2432.0 2622.0 2812.0
2432.0 2622.0 2812.0
2432.0 2622.0 2812.0
2432.0 2622.0 2812.0
2432.0 2455.5 2479.0
2432.0 2455.5 2479.0
2432.0 2455.5 2479.0
2432.0 2455.5 2479.0
2347.0 2413.0 2479.0
2156.0 2317.5 2479.0
2156.0 2317.5 2479.0
2156.0 2317.5 2479.0
2156.0 2366.5 2577.0
2156.0 2169.0 2182.0
1767.0 1961.5 2156.0
1767.0 1961.5 2156.0
1767.0 1961.5 2156.0
1767.0 1961.5 2156.0
1767.0 1961.5 2156.0
1767.0 1961.5 2156.0
1767.0 1961.5 2156.0
1767.0 1961.5 2156.0
1767.0 1961.5 2156.0
1767.0 1961.5 2156.0
1767.0 1961.5 2156.0
1767.0 1961.5 2156.0
1767.0 1961.5 2156.0
1767.0 1961.5 2156.0
1767.0 1961.5 2156.0
1977.0 2066.5 2156.0
2156.0 2177.5 2199.0
1572.0 1864.0 2156.0
1572.0 1864.0 2156.0
1572.0 1864.0 2156.0
1572.0 1864.0 2156.0
1572.0 1864.0 2156.0
1572.0 1864.0 2156.0
1572.0 1766.0 1960.0
1462.0 1517.0 1572.0
1462.0 1517.0 1572.0
1462.0 1517.0 1572.0
1462.0 1517.0 1572.0
1462.0 1517.0 1572.0
1462.0 1517.0 1572.0
1462.0 1517.0 1572.0
1462.0 1517.0 1572.0
1462.0 1517.0 1572.0
1462.0 1517.0 1572.0
1462.0 1517.0 1572.0
1462.0 1517.0 1572.0
1462.0 1517.0 1572.0
1462.0 1517.0 1572.0
1462.0 1517.0 1572.0
1462.0 1517.0 1572.0
1462.0 1517.0 1572.0
1462.0 1517.0 1572.0
1462.0 1517.0 1572.0
1462.0 1517.0 1572.0
1462.0 1517.0 1572.0
1462.0 1517.0 1572.0
1462.0 1517.0 1572.0
1462.0 1517.0 1572.0
1462.0 1517.0 1572.0
1462.0 1517.0 1572.0
1462.0 1517.0 1572.0
1462.0 1517.0 1572.0
1462.0 1517.0 1572.0
1462.0 1517.0 1572.0
1462.0 1517.0 1572.0
1462.0 1517.0 1572.0
1462.0 1517.0 1572.0
1462.0 1517.0 1572.0
1462.0 1517.0 1572.0
1462.0 1517.0 1572.0
1462.0 1517.0 1572.0
1462.0 1517.0 1572.0
1462.0 1517.0 1572.0
1462.0 1517.0 1572.0
1462.0 1517.0 1572.0
1462.0 1517.0 1572.0
1462.0 1517.0 1572.0
1462.0 1517.0 1572.0
1462.0 1517.0 1572.0
1462.0 1462.0 1462.0
1462.0 1462.0 1462.0
1462.0 1462.0 1462.0
1462.0 1462.0 1462.0
1462.0 1462.0 1462.0
1462.0 1462.0 1462.0
1462.0 1462.0 1462.0
1462.0 1462.0 1462.0
1462.0 1462.0 1462.0
1462.0 1462.0 1462.0
1462.0 1462.0 1462.0
1462.0 1462.0 1462.0
1462.0 1462.0 1462.0
1462.0 1462.0 1462.0
1462.0 1462.0 1462.0
1462.0 1462.0 1462.0
1462.0 1462.0 1462.0
1462.0 1462.0 1462.0
1462.0 1462.0 1462.0
1462.0 1462.0 1462.0
1462.0 1462.0 1462.0
1462.0 1462.0 1462.0
1462.0 1462.0 1462.0
1462.0 1462.0 1462.0
1462.0 1462.0 1462.0
1462.0 1462.0 1462.0
1462.0 1462.0 1462.0
1462.0 1462.0 1462.0
1462.0 1462.0 1462.0
1462.0 1462.0 1462.0
1462.0 1462.0 1462.0
1462.0 1462.0 1462.0
1462.0 1462.0 1462.0
1462.0 1462.0 1462.0
1462.0 1462.0 1462.0
1462.0 1462.0 1462.0
1462.0 1462.0 1462.0
1462.0 1462.0 1462.0
1462.0 1462.0 1462.0
1462.0 1462.0 1462.0
1462.0 1462.0 1462.0
1462.0 1462.0 1462.0
1462.0 1462.0 1462.0
1462.0 1462.0 1462.0
1462.0 1462.0 1462.0
1462.0 1462.0 1462.0
1462.0 1462.0 1462.0
1462.0 1462.0 1462.0
1462.0 1462.0 1462.0
1462.0 1462.0 1462.0
1462.0 1462.0 1462.0
1462.0 1462.0 1462.0
1462.0 1462.0 1462.0
1462.0 1462.0 1462.0
1462.0 1462.0 1462.0
1462.0 1462.0 1462.0
1462.0 1462.0 1462.0
1462.0 1462.0 1462.0
1462.0 1462.0 1462.0
1462.0 1462.0 1462.0
1462.0 1462.0 1462.0
1462.0 1462.0 1462.0
1462.0 1462.0 1462.0
1462.0 1462.0 1462.0
1462.0 1462.0 1462.0
1462.0 1462.0 1462.0
1462.0 1462.0 1462.0
1462.0 1462.0 1462.0
1462.0 1462.0 1462.0
1462.0 1462.0 1462.0
1462.0 1462.0 1462.0
1462.0 1462.0 1462.0
1462.0 1462.0 1462.0
1462.0 1462.0 1462.0
1462.0 1462.0 1462.0
1462.0 1462.0 1462.0
1462.0 1462.0 1462.0
1462.0 1462.0 1462.0
1462.0 1462.0 1462.0
1462.0 1462.0 1462.0
1462.0 1462.0 1462.0
1462.0 1462.0 1462.0
1462.0 1462.0 1462.0
1462.0 1462.0 1462.0
1462.0 1462.0 1462.0
1462.0 1462.0 1462.0
1462.0 1462.0 1462.0
1462.0 1462.0 1462.0
1462.0 1462.0 1462.0
1462.0 1462.0 1462.0
1462.0 1462.0 1462.0
1462.0 1462.0 1462.0
1462.0 1462.0 1462.0
1462.0 1462.0 1462.0
1462.0 1462.0 1462.0
1462.0 1462.0 1462.0
1462.0 1462.0 1462.0
1462.0 1462.0 1462.0
1462.0 1462.0 1462.0
1462.0 1462.0 1462.0
1462.0 1462.0 1462.0
1462.0 1462.0 1462.0
1462.0 1462.0 1462.0
1462.0 1462.0 1462.0
1462.0 1462.0 1462.0
1462.0 1462.0 1462.0
1462.0 1462.0 1462.0
1462.0 1462.0 1462.0
