10591.0 11237.5 11884.0
10033.0 10925.0 11817.0
6882.0 7296.5 7711.0
6112.0 6470.0 6828.0
4647.0 4919.0 5191.0
3465.0 3624.5 3784.0
2878.0 3023.0 3168.0
2008.0 2588.0 3168.0
1339.0 1673.5 2008.0
1339.0 1453.5 1568.0
1031.0 1299.5 1568.0
1031.0 1073.5 1116.0
940.0 1028.0 1116.0
940.0 1209.5 1479.0
940.0 1037.5 1135.0
940.0 1037.5 1135.0
927.0 933.5 940.0
927.0 933.5 940.0
927.0 933.5 940.0
927.0 933.5 940.0
927.0 933.5 940.0
927.0 933.5 940.0
927.0 933.5 940.0
927.0 933.5 940.0
927.0 933.5 940.0
927.0 933.5 940.0
927.0 933.5 940.0
927.0 933.5 940.0
927.0 933.5 940.0
927.0 933.5 940.0
927.0 933.5 940.0
927.0 933.5 940.0
927.0 933.5 940.0
927.0 933.5 940.0
927.0 933.5 940.0
927.0 933.5 940.0
927.0 933.5 940.0
927.0 933.5 940.0
927.0 933.5 940.0
927.0 933.5 940.0
927.0 933.5 940.0
927.0 933.5 940.0
927.0 933.5 940.0
927.0 933.5 940.0
927.0 933.5 940.0
927.0 933.5 940.0
927.0 933.5 940.0
927.0 933.5 940.0
927.0 933.5 940.0
927.0 933.5 940.0
927.0 933.5 940.0
927.0 933.5 940.0
927.0 933.5 940.0
927.0 933.5 940.0
927.0 933.5 940.0
927.0 933.5 940.0
927.0 933.5 940.0
927.0 933.5 940.0
927.0 933.5 940.0
927.0 933.5 940.0
927.0 933.5 940.0
927.0 933.5 940.0
927.0 933.5 940.0
927.0 933.5 940.0
927.0 933.5 940.0
927.0 933.5 940.0
927.0 933.5 940.0
927.0 933.5 940.0
927.0 933.5 940.0
927.0 933.5 940.0
927.0 933.5 940.0
927.0 933.5 940.0
927.0 933.5 940.0
927.0 933.5 940.0
927.0 933.5 940.0
927.0 933.5 940.0
927.0 933.5 940.0
927.0 933.5 940.0
927.0 933.5 940.0
927.0 933.5 940.0
927.0 933.5 940.0
927.0 933.5 940.0
927.0 933.5 940.0
927.0 933.5 940.0
927.0 933.5 940.0
927.0 933.5 940.0
927.0 933.5 940.0
927.0 933.5 940.0
927.0 933.5 940.0
927.0 933.5 940.0
927.0 933.5 940.0
927.0 933.5 940.0
927.0 933.5 940.0
927.0 933.5 940.0
927.0 933.5 940.0
927.0 933.5 940.0
927.0 933.5 940.0
927.0 933.5 940.0
927.0 933.5 940.0
927.0 933.5 940.0
927.0 933.5 940.0
927.0 933.5 940.0
927.0 933.5 940.0
927.0 933.5 940.0
927.0 933.5 940.0
927.0 933.5 940.0
927.0 933.5 940.0
927.0 933.5 940.0
927.0 933.5 940.0
927.0 933.5 940.0
927.0 933.5 940.0
927.0 933.5 940.0
927.0 933.5 940.0
927.0 933.5 940.0
927.0 933.5 940.0
927.0 933.5 940.0
927.0 933.5 940.0
927.0 933.5 940.0
927.0 933.5 940.0
927.0 933.5 940.0
927.0 933.5 940.0
927.0 933.5 940.0
927.0 933.5 940.0
927.0 933.5 940.0
927.0 933.5 940.0
927.0 933.5 940.0
927.0 933.5 940.0
927.0 933.5 940.0
927.0 933.5 940.0
927.0 933.5 940.0
927.0 933.5 940.0
927.0 933.5 940.0
927.0 933.5 940.0
927.0 933.5 940.0
927.0 933.5 940.0
927.0 933.5 940.0
927.0 933.5 940.0
927.0 933.5 940.0
927.0 933.5 940.0
927.0 933.5 940.0
927.0 933.5 940.0
927.0 933.5 940.0
927.0 933.5 940.0
927.0 933.5 940.0
927.0 933.5 940.0
927.0 933.5 940.0
927.0 933.5 940.0
927.0 933.5 940.0
927.0 933.5 940.0
927.0 933.5 940.0
927.0 933.5 940.0
927.0 933.5 940.0
927.0 933.5 940.0
927.0 933.5 940.0
927.0 933.5 940.0
927.0 933.5 940.0
927.0 933.5 940.0
927.0 933.5 940.0
927.0 933.5 940.0
927.0 933.5 940.0
927.0 933.5 940.0
927.0 933.5 940.0
927.0 933.5 940.0
927.0 933.5 940.0
927.0 933.5 940.0
927.0 933.5 940.0
927.0 933.5 940.0
927.0 933.5 940.0
927.0 933.5 940.0
927.0 933.5 940.0
927.0 933.5 940.0
927.0 933.5 940.0
927.0 933.5 940.0
927.0 933.5 940.0
927.0 933.5 940.0
927.0 933.5 940.0
927.0 933.5 940.0
927.0 933.5 940.0
927.0 933.5 940.0
927.0 933.5 940.0
927.0 933.5 940.0
927.0 933.5 940.0
927.0 933.5 940.0
927.0 933.5 940.0
927.0 933.5 940.0
927.0 933.5 940.0
927.0 933.5 940.0
927.0 933.5 940.0
927.0 933.5 940.0
927.0 933.5 940.0
927.0 933.5 940.0
927.0 933.5 940.0
927.0 933.5 940.0
927.0 933.5 940.0
927.0 933.5 940.0
927.0 933.5 940.0
927.0 933.5 940.0
927.0 933.5 940.0
927.0 933.5 940.0
927.0 933.5 940.0
