12547.0 12934.5 13322.0
8294.0 9967.5 11641.0
8771.0 8828.0 8885.0
6219.0 7524.0 8829.0
5060.0 5602.5 6145.0
3856.0 4710.0 5564.0
3856.0 4344.5 4833.0
3856.0 4152.5 4449.0
2635.0 3282.0 3929.0
2933.0 3237.5 3542.0
2933.0 3222.0 3511.0
2933.0 3222.0 3511.0
2933.0 3222.0 3511.0
2933.0 3222.0 3511.0
2277.0 2894.0 3511.0
2277.0 2446.0 2615.0
1289.0 1783.0 2277.0
1289.0 1783.0 2277.0
1289.0 1783.0 2277.0
1289.0 1783.0 2277.0
1432.0 1854.5 2277.0
1326.0 1801.5 2277.0
1326.0 1801.5 2277.0
1326.0 1801.5 2277.0
1326.0 1801.5 2277.0
1326.0 1801.5 2277.0
1326.0 1801.5 2277.0
1326.0 1801.5 2277.0
1326.0 1801.5 2277.0
1326.0 1801.5 2277.0
1326.0 1801.5 2277.0
1326.0 1801.5 2277.0
1326.0 1801.5 2277.0
1326.0 1801.5 2277.0
1326.0 1801.5 2277.0
1326.0 1801.5 2277.0
1326.0 1801.5 2277.0
1326.0 1801.5 2277.0
1326.0 1801.5 2277.0
1326.0 1801.5 2277.0
1326.0 1801.5 2277.0
1326.0 1801.5 2277.0
1326.0 1801.5 2277.0
1326.0 1801.5 2277.0
1326.0 1801.5 2277.0
1326.0 1801.5 2277.0
1326.0 1801.5 2277.0
1326.0 1801.5 2277.0
1326.0 1801.5 2277.0
1326.0 1801.5 2277.0
1326.0 1801.5 2277.0
1326.0 1801.5 2277.0
1326.0 1801.5 2277.0
1326.0 1801.5 2277.0
1326.0 1801.5 2277.0
1326.0 1801.5 2277.0
1326.0 1801.5 2277.0
1326.0 1801.5 2277.0
1326.0 1801.5 2277.0
1326.0 1801.5 2277.0
1326.0 1801.5 2277.0
1326.0 1801.5 2277.0
1326.0 1801.5 2277.0
1326.0 1801.5 2277.0
1326.0 1801.5 2277.0
1326.0 1801.5 2277.0
1326.0 1801.5 2277.0
1326.0 1801.5 2277.0
1326.0 1801.5 2277.0
1326.0 1801.5 2277.0
1326.0 1801.5 2277.0
1326.0 1801.5 2277.0
1326.0 1801.5 2277.0
1326.0 1801.5 2277.0
1326.0 1801.5 2277.0
1326.0 1801.5 2277.0
1326.0 1801.5 2277.0
1326.0 1801.5 2277.0
1326.0 1801.5 2277.0
1326.0 1801.5 2277.0
1326.0 1801.5 2277.0
1326.0 1801.5 2277.0
1326.0 1801.5 2277.0
1326.0 1650.5 1975.0
1326.0 1580.5 1835.0
1326.0 1580.0 1834.0
1326.0 1580.0 1834.0
1326.0 1580.0 1834.0
1326.0 1580.0 1834.0
1326.0 1580.0 1834.0
1326.0 1580.0 1834.0
1326.0 1580.0 1834.0
1326.0 1580.0 1834.0
1326.0 1580.0 1834.0
1326.0 1580.0 1834.0
1326.0 1580.0 1834.0
1326.0 1580.0 1834.0
1326.0 1580.0 1834.0
1326.0 1580.0 1834.0
1326.0 1580.0 1834.0
1326.0 1580.0 1834.0
1326.0 1580.0 1834.0
1326.0 1580.0 1834.0
1326.0 1580.0 1834.0
1326.0 1580.0 1834.0
1326.0 1580.0 1834.0
1326.0 1580.0 1834.0
1326.0 1580.0 1834.0
1326.0 1580.0 1834.0
1326.0 1580.0 1834.0
1326.0 1580.0 1834.0
1326.0 1580.0 1834.0
1326.0 1580.0 1834.0
1326.0 1580.0 1834.0
1326.0 1580.0 1834.0
1326.0 1580.0 1834.0
1326.0 1580.0 1834.0
1326.0 1580.0 1834.0
1326.0 1580.0 1834.0
1326.0 1580.0 1834.0
1326.0 1580.0 1834.0
1326.0 1580.0 1834.0
1326.0 1580.0 1834.0
1326.0 1580.0 1834.0
1326.0 1580.0 1834.0
1326.0 1580.0 1834.0
1326.0 1580.0 1834.0
1326.0 1580.0 1834.0
1326.0 1580.0 1834.0
1326.0 1580.0 1834.0
1326.0 1580.0 1834.0
1326.0 1580.0 1834.0
1326.0 1580.0 1834.0
1326.0 1580.0 1834.0
1326.0 1580.0 1834.0
1326.0 1580.0 1834.0
1326.0 1580.0 1834.0
1326.0 1580.0 1834.0
1326.0 1580.0 1834.0
1326.0 1580.0 1834.0
1326.0 1580.0 1834.0
1326.0 1580.0 1834.0
1326.0 1580.0 1834.0
1326.0 1580.0 1834.0
1326.0 1580.0 1834.0
1326.0 1580.0 1834.0
1326.0 1580.0 1834.0
1326.0 1580.0 1834.0
1326.0 1580.0 1834.0
1326.0 1580.0 1834.0
1326.0 1580.0 1834.0
1326.0 1580.0 1834.0
1326.0 1580.0 1834.0
1326.0 1580.0 1834.0
1326.0 1580.0 1834.0
1326.0 1580.0 1834.0
1326.0 1580.0 1834.0
1326.0 1580.0 1834.0
1326.0 1580.0 1834.0
1326.0 1580.0 1834.0
1326.0 1580.0 1834.0
1326.0 1580.0 1834.0
1326.0 1580.0 1834.0
1326.0 1580.0 1834.0
1326.0 1580.0 1834.0
1326.0 1580.0 1834.0
1326.0 1580.0 1834.0
1326.0 1580.0 1834.0
1326.0 1580.0 1834.0
1326.0 1580.0 1834.0
1326.0 1580.0 1834.0
1326.0 1580.0 1834.0
1326.0 1580.0 1834.0
1326.0 1580.0 1834.0
1326.0 1580.0 1834.0
1326.0 1580.0 1834.0
1326.0 1580.0 1834.0
1326.0 1580.0 1834.0
1326.0 1580.0 1834.0
1326.0 1580.0 1834.0
1326.0 1580.0 1834.0
1326.0 1580.0 1834.0
1326.0 1580.0 1834.0
1326.0 1580.0 1834.0
1326.0 1580.0 1834.0
1326.0 1580.0 1834.0
1326.0 1580.0 1834.0
1326.0 1580.0 1834.0
1326.0 1580.0 1834.0
1326.0 1580.0 1834.0
1326.0 1580.0 1834.0
1326.0 1580.0 1834.0
1326.0 1580.0 1834.0
1326.0 1580.0 1834.0
1326.0 1580.0 1834.0
1326.0 1580.0 1834.0
1326.0 1580.0 1834.0
1326.0 1580.0 1834.0
1326.0 1580.0 1834.0
1326.0 1580.0 1834.0
