14614.0 15562.5 16511.0
12515.0 13674.0 14833.0
10242.0 11313.5 12385.0
8283.0 9107.0 9931.0
5363.0 7356.5 9350.0
5363.0 6320.5 7278.0
5288.0 6283.0 7278.0
3483.0 4976.5 6470.0
3222.0 4424.5 5627.0
3222.0 4043.5 4865.0
3222.0 4091.0 4960.0
3778.0 4498.5 5219.0
2888.0 4053.5 5219.0
2417.0 3422.5 4428.0
1670.0 3049.0 4428.0
1771.0 2388.5 3006.0
1771.0 2112.0 2453.0
1771.0 2441.5 3112.0
1771.0 2441.5 3112.0
1771.0 2441.5 3112.0
1771.0 2441.5 3112.0
1771.0 2441.5 3112.0
1771.0 2208.5 2646.0
1771.0 2219.0 2667.0
1771.0 2122.5 2474.0
1771.0 1950.0 2129.0
1771.0 1950.0 2129.0
1771.0 1950.0 2129.0
1771.0 1950.0 2129.0
1771.0 1950.0 2129.0
1771.0 1950.0 2129.0
1771.0 1950.0 2129.0
1771.0 1950.0 2129.0
1771.0 1950.0 2129.0
1771.0 1950.0 2129.0
1771.0 1950.0 2129.0
1771.0 1950.0 2129.0
1771.0 1950.0 2129.0
1771.0 1950.0 2129.0
1771.0 1950.0 2129.0
1771.0 1950.0 2129.0
1771.0 1950.0 2129.0
1771.0 1950.0 2129.0
1771.0 1950.0 2129.0
1771.0 1950.0 2129.0
1771.0 1950.0 2129.0
1771.0 1950.0 2129.0
1771.0 1950.0 2129.0
1771.0 1950.0 2129.0
1771.0 1950.0 2129.0
1771.0 1950.0 2129.0
1771.0 1950.0 2129.0
1771.0 1950.0 2129.0
1771.0 1950.0 2129.0
1771.0 1950.0 2129.0
1771.0 1950.0 2129.0
1771.0 1950.0 2129.0
1771.0 1950.0 2129.0
1771.0 1950.0 2129.0
1771.0 1950.0 2129.0
1771.0 1950.0 2129.0
1771.0 1950.0 2129.0
1771.0 1950.0 2129.0
1771.0 1950.0 2129.0
1771.0 1950.0 2129.0
1771.0 1950.0 2129.0
1771.0 1950.0 2129.0
1771.0 1950.0 2129.0
1771.0 1950.0 2129.0
1771.0 1950.0 2129.0
1771.0 1950.0 2129.0
1771.0 1950.0 2129.0
1771.0 1950.0 2129.0
1771.0 1950.0 2129.0
1771.0 1950.0 2129.0
1771.0 1950.0 2129.0
1771.0 1950.0 2129.0
1771.0 1950.0 2129.0
1771.0 1950.0 2129.0
1771.0 1950.0 2129.0
1771.0 1950.0 2129.0
1771.0 1950.0 2129.0
1771.0 1950.0 2129.0
1771.0 1950.0 2129.0
1771.0 1950.0 2129.0
1771.0 1950.0 2129.0
1771.0 1950.0 2129.0
1771.0 1950.0 2129.0
1771.0 1950.0 2129.0
1771.0 1950.0 2129.0
1771.0 1950.0 2129.0
1771.0 1950.0 2129.0
1771.0 1950.0 2129.0
1771.0 1950.0 2129.0
1771.0 1950.0 2129.0
1771.0 1950.0 2129.0
1771.0 1950.0 2129.0
1771.0 1950.0 2129.0
1771.0 1950.0 2129.0
1771.0 1950.0 2129.0
1771.0 1950.0 2129.0
1771.0 1950.0 2129.0
1771.0 1950.0 2129.0
1771.0 1807.0 1843.0
1771.0 1807.0 1843.0
1771.0 1807.0 1843.0
1771.0 1807.0 1843.0
1771.0 1807.0 1843.0
1771.0 1807.0 1843.0
1771.0 1807.0 1843.0
1771.0 1807.0 1843.0
1771.0 1807.0 1843.0
1562.0 1702.5 1843.0
1425.0 1634.0 1843.0
1425.0 1634.0 1843.0
1425.0 1634.0 1843.0
1425.0 1634.0 1843.0
1425.0 1634.0 1843.0
1425.0 1634.0 1843.0
1425.0 1634.0 1843.0
1425.0 1634.0 1843.0
1425.0 1634.0 1843.0
1425.0 1634.0 1843.0
1425.0 1634.0 1843.0
1425.0 1634.0 1843.0
1425.0 1634.0 1843.0
1425.0 1634.0 1843.0
1425.0 1634.0 1843.0
1425.0 1634.0 1843.0
1425.0 1634.0 1843.0
1425.0 1634.0 1843.0
1425.0 1634.0 1843.0
1425.0 1634.0 1843.0
1425.0 1634.0 1843.0
1425.0 1634.0 1843.0
1425.0 1634.0 1843.0
1425.0 1634.0 1843.0
1425.0 1634.0 1843.0
1425.0 1634.0 1843.0
1425.0 1634.0 1843.0
1425.0 1634.0 1843.0
1425.0 1634.0 1843.0
1425.0 1634.0 1843.0
1425.0 1634.0 1843.0
1425.0 1634.0 1843.0
1425.0 1634.0 1843.0
1425.0 1634.0 1843.0
1425.0 1634.0 1843.0
1425.0 1634.0 1843.0
1425.0 1634.0 1843.0
1425.0 1634.0 1843.0
1425.0 1634.0 1843.0
1425.0 1634.0 1843.0
1425.0 1634.0 1843.0
1425.0 1634.0 1843.0
1425.0 1634.0 1843.0
1425.0 1634.0 1843.0
1425.0 1634.0 1843.0
1425.0 1634.0 1843.0
1425.0 1634.0 1843.0
1425.0 1634.0 1843.0
1425.0 1634.0 1843.0
1425.0 1634.0 1843.0
1425.0 1634.0 1843.0
1425.0 1634.0 1843.0
1425.0 1634.0 1843.0
1425.0 1634.0 1843.0
1425.0 1634.0 1843.0
1425.0 1634.0 1843.0
1425.0 1634.0 1843.0
1425.0 1634.0 1843.0
1425.0 1634.0 1843.0
1425.0 1634.0 1843.0
1425.0 1634.0 1843.0
1425.0 1634.0 1843.0
1425.0 1634.0 1843.0
1425.0 1634.0 1843.0
1250.0 1546.5 1843.0
806.0 1324.5 1843.0
806.0 1324.5 1843.0
806.0 1324.5 1843.0
806.0 1324.5 1843.0
806.0 1076.0 1346.0
806.0 1076.0 1346.0
806.0 1076.0 1346.0
806.0 1076.0 1346.0
806.0 1076.0 1346.0
806.0 1076.0 1346.0
806.0 1076.0 1346.0
806.0 1076.0 1346.0
806.0 1076.0 1346.0
806.0 1076.0 1346.0
806.0 1076.0 1346.0
806.0 1076.0 1346.0
806.0 1076.0 1346.0
806.0 1076.0 1346.0
806.0 1076.0 1346.0
806.0 1076.0 1346.0
806.0 1076.0 1346.0
806.0 1076.0 1346.0
