12805.0 14207.0 15609.0
10928.0 11858.5 12789.0
11353.0 11468.0 11583.0
7495.0 7612.0 7729.0
5747.0 6163.5 6580.0
5072.0 5745.5 6419.0
5072.0 5481.0 5890.0
4610.0 4841.0 5072.0
4610.0 4709.0 4808.0
3937.0 4067.5 4198.0
3739.0 3968.5 4198.0
2469.0 3203.0 3937.0
2469.0 2906.5 3344.0
1942.0 2205.5 2469.0
1942.0 2144.5 2347.0
1942.0 2144.5 2347.0
1942.0 2144.5 2347.0
1942.0 2144.5 2347.0
1942.0 2144.5 2347.0
1942.0 2144.5 2347.0
1942.0 2144.5 2347.0
2106.0 2226.5 2347.0
2106.0 2226.5 2347.0
2106.0 2226.5 2347.0
2106.0 2226.5 2347.0
2106.0 2226.5 2347.0
2106.0 2226.5 2347.0
2106.0 2226.5 2347.0
2106.0 2226.5 2347.0
2106.0 2226.5 2347.0
2106.0 2226.5 2347.0
2106.0 2226.5 2347.0
2106.0 2226.5 2347.0
2106.0 2226.5 2347.0
2106.0 2226.5 2347.0
2106.0 2226.5 2347.0
2106.0 2226.5 2347.0
2106.0 2226.5 2347.0
2106.0 2226.5 2347.0
2106.0 2226.5 2347.0
2106.0 2226.5 2347.0
2106.0 2226.5 2347.0
2106.0 2226.5 2347.0
2106.0 2226.5 2347.0
2106.0 2226.5 2347.0
2106.0 2226.5 2347.0
2106.0 2226.5 2347.0
2106.0 2226.5 2347.0
2106.0 2226.5 2347.0
2106.0 2226.5 2347.0
2106.0 2226.5 2347.0
2106.0 2226.5 2347.0
2106.0 2226.5 2347.0
2106.0 2226.5 2347.0
2106.0 2226.5 2347.0
2106.0 2226.5 2347.0
2106.0 2226.5 2347.0
2106.0 2226.5 2347.0
2106.0 2226.5 2347.0
2106.0 2226.5 2347.0
2106.0 2226.5 2347.0
2106.0 2226.5 2347.0
2106.0 2226.5 2347.0
2106.0 2226.5 2347.0
2106.0 2226.5 2347.0
2106.0 2226.5 2347.0
2106.0 2226.5 2347.0
2106.0 2226.5 2347.0
2106.0 2226.5 2347.0
2106.0 2226.5 2347.0
2106.0 2226.5 2347.0
2106.0 2226.5 2347.0
2106.0 2226.5 2347.0
2106.0 2226.5 2347.0
2106.0 2226.5 2347.0
2106.0 2226.5 2347.0
2106.0 2226.5 2347.0
2106.0 2226.5 2347.0
2106.0 2226.5 2347.0
2106.0 2377.5 2649.0
1855.0 1980.5 2106.0
1855.0 1980.5 2106.0
1855.0 1980.5 2106.0
1855.0 1980.5 2106.0
1855.0 1980.5 2106.0
1855.0 1980.5 2106.0
1855.0 1980.5 2106.0
1855.0 1980.5 2106.0
1855.0 1980.5 2106.0
1855.0 1980.5 2106.0
1855.0 1980.5 2106.0
1855.0 1980.5 2106.0
1855.0 1980.5 2106.0
1855.0 1980.5 2106.0
1855.0 1980.5 2106.0
1855.0 1980.5 2106.0
1855.0 1980.5 2106.0
1855.0 1980.5 2106.0
1855.0 1980.5 2106.0
1855.0 1980.5 2106.0
1855.0 1980.5 2106.0
1855.0 1980.5 2106.0
1855.0 1980.5 2106.0
1855.0 1980.5 2106.0
1855.0 1980.5 2106.0
1855.0 1980.5 2106.0
1855.0 1980.5 2106.0
1855.0 1980.5 2106.0
1855.0 1980.5 2106.0
1855.0 1980.5 2106.0
1855.0 1980.5 2106.0
1855.0 1980.5 2106.0
1855.0 1980.5 2106.0
1855.0 1980.5 2106.0
1855.0 1980.5 2106.0
1855.0 1980.5 2106.0
1855.0 1980.5 2106.0
1855.0 1980.5 2106.0
1855.0 1980.5 2106.0
1855.0 1980.5 2106.0
1855.0 1980.5 2106.0
1855.0 1980.5 2106.0
1855.0 1980.5 2106.0
1855.0 1980.5 2106.0
1855.0 1980.5 2106.0
1855.0 1980.5 2106.0
1855.0 1980.5 2106.0
1855.0 1980.5 2106.0
1855.0 1980.5 2106.0
1855.0 1980.5 2106.0
1855.0 1980.5 2106.0
1855.0 1980.5 2106.0
1855.0 1980.5 2106.0
1855.0 1980.5 2106.0
1855.0 1980.5 2106.0
1855.0 1980.5 2106.0
1855.0 1980.5 2106.0
1855.0 1980.5 2106.0
1855.0 1980.5 2106.0
1855.0 1980.5 2106.0
1855.0 1980.5 2106.0
1855.0 1980.5 2106.0
1855.0 1980.5 2106.0
1855.0 1980.5 2106.0
1855.0 1980.5 2106.0
1855.0 1980.5 2106.0
1855.0 1980.5 2106.0
1855.0 1980.5 2106.0
1855.0 1980.5 2106.0
1855.0 1980.5 2106.0
1855.0 1980.5 2106.0
1855.0 1980.5 2106.0
1855.0 1980.5 2106.0
1855.0 1980.5 2106.0
1855.0 1980.5 2106.0
1855.0 1980.5 2106.0
1855.0 1980.5 2106.0
1855.0 1980.5 2106.0
1855.0 1980.5 2106.0
1855.0 1980.5 2106.0
1855.0 1980.5 2106.0
1855.0 1980.5 2106.0
1855.0 1980.5 2106.0
1855.0 1980.5 2106.0
1855.0 1980.5 2106.0
1855.0 1980.5 2106.0
1855.0 1980.5 2106.0
1855.0 1980.5 2106.0
1855.0 1980.5 2106.0
1855.0 1980.5 2106.0
1855.0 1980.5 2106.0
1855.0 1980.5 2106.0
1855.0 1980.5 2106.0
1855.0 1980.5 2106.0
1855.0 1980.5 2106.0
1855.0 1980.5 2106.0
1855.0 1980.5 2106.0
1855.0 1980.5 2106.0
1855.0 1980.5 2106.0
1855.0 1980.5 2106.0
1855.0 1980.5 2106.0
1855.0 1980.5 2106.0
1855.0 1980.5 2106.0
1855.0 1980.5 2106.0
1855.0 1980.5 2106.0
1855.0 1980.5 2106.0
1855.0 1980.5 2106.0
1855.0 1980.5 2106.0
1855.0 1980.5 2106.0
1855.0 1980.5 2106.0
1855.0 1980.5 2106.0
1855.0 1980.5 2106.0
1855.0 1980.5 2106.0
1855.0 1980.5 2106.0
1855.0 1980.5 2106.0
1855.0 1980.5 2106.0
1855.0 1980.5 2106.0
1855.0 1980.5 2106.0
1855.0 1980.5 2106.0
1855.0 1980.5 2106.0
