11730.0 12305.0 12880.0
7867.0 11014.5 14162.0
7339.0 7702.5 8066.0
5385.0 5841.5 6298.0
5766.0 5907.0 6048.0
4016.0 4067.0 4118.0
4249.0 4509.0 4769.0
2332.0 2396.5 2461.0
2008.0 2234.5 2461.0
2008.0 2234.5 2461.0
2008.0 2234.5 2461.0
2008.0 2234.5 2461.0
2008.0 2234.5 2461.0
2008.0 2234.5 2461.0
2008.0 2059.5 2111.0
1915.0 1961.5 2008.0
1915.0 1961.5 2008.0
1915.0 1961.5 2008.0
1915.0 1961.5 2008.0
1915.0 1961.5 2008.0
1915.0 1961.5 2008.0
1915.0 1961.5 2008.0
1915.0 1961.5 2008.0
1915.0 1961.5 2008.0
1915.0 1961.5 2008.0
1915.0 1961.5 2008.0
1915.0 1961.5 2008.0
1473.0 1740.5 2008.0
1095.0 1551.5 2008.0
1095.0 1551.5 2008.0
1095.0 1551.5 2008.0
1095.0 1551.5 2008.0
1095.0 1551.5 2008.0
1095.0 1551.5 2008.0
1095.0 1551.5 2008.0
1095.0 1551.5 2008.0
1095.0 1551.5 2008.0
1095.0 1551.5 2008.0
1095.0 1551.5 2008.0
1095.0 1551.5 2008.0
1095.0 1551.5 2008.0
1095.0 1551.5 2008.0
1095.0 1551.5 2008.0
1095.0 1551.5 2008.0
1095.0 1551.5 2008.0
1095.0 1248.0 1401.0
1095.0 1248.0 1401.0
1095.0 1248.0 1401.0
1095.0 1248.0 1401.0
1095.0 1248.0 1401.0
1095.0 1248.0 1401.0
1095.0 1248.0 1401.0
1095.0 1248.0 1401.0
1095.0 1248.0 1401.0
1095.0 1248.0 1401.0
1095.0 1248.0 1401.0
1095.0 1248.0 1401.0
1095.0 1248.0 1401.0
1095.0 1248.0 1401.0
1095.0 1248.0 1401.0
1095.0 1279.0 1463.0
1095.0 1248.0 1401.0
1047.0 1071.0 1095.0
1047.0 1071.0 1095.0
1047.0 1071.0 1095.0
1047.0 1071.0 1095.0
1047.0 1071.0 1095.0
1047.0 1071.0 1095.0
1047.0 1071.0 1095.0
1047.0 1071.0 1095.0
1047.0 1071.0 1095.0
1047.0 1071.0 1095.0
1047.0 1071.0 1095.0
1047.0 1071.0 1095.0
1047.0 1071.0 1095.0
1047.0 1071.0 1095.0
1047.0 1071.0 1095.0
1047.0 1071.0 1095.0
1047.0 1071.0 1095.0
1047.0 1071.0 1095.0
1047.0 1071.0 1095.0
1047.0 1071.0 1095.0
1047.0 1071.0 1095.0
1047.0 1071.0 1095.0
1047.0 1071.0 1095.0
1047.0 1071.0 1095.0
1047.0 1071.0 1095.0
1047.0 1071.0 1095.0
1047.0 1071.0 1095.0
1047.0 1071.0 1095.0
1047.0 1071.0 1095.0
1047.0 1071.0 1095.0
1047.0 1071.0 1095.0
1047.0 1071.0 1095.0
1047.0 1071.0 1095.0
1047.0 1071.0 1095.0
1047.0 1071.0 1095.0
1047.0 1071.0 1095.0
1047.0 1071.0 1095.0
1047.0 1071.0 1095.0
1047.0 1071.0 1095.0
1047.0 1071.0 1095.0
1047.0 1071.0 1095.0
1047.0 1071.0 1095.0
1047.0 1071.0 1095.0
1047.0 1071.0 1095.0
1047.0 1071.0 1095.0
1047.0 1071.0 1095.0
1047.0 1071.0 1095.0
1047.0 1071.0 1095.0
1047.0 1071.0 1095.0
1047.0 1071.0 1095.0
1047.0 1071.0 1095.0
1047.0 1071.0 1095.0
1047.0 1071.0 1095.0
1047.0 1071.0 1095.0
1047.0 1071.0 1095.0
1047.0 1071.0 1095.0
1047.0 1071.0 1095.0
1047.0 1071.0 1095.0
1047.0 1071.0 1095.0
1047.0 1071.0 1095.0
1047.0 1071.0 1095.0
1047.0 1071.0 1095.0
1047.0 1071.0 1095.0
1047.0 1071.0 1095.0
1047.0 1071.0 1095.0
1047.0 1071.0 1095.0
1047.0 1071.0 1095.0
1047.0 1071.0 1095.0
1047.0 1071.0 1095.0
1047.0 1071.0 1095.0
1047.0 1071.0 1095.0
1047.0 1071.0 1095.0
1047.0 1071.0 1095.0
1047.0 1071.0 1095.0
1047.0 1071.0 1095.0
1047.0 1071.0 1095.0
1047.0 1071.0 1095.0
1047.0 1071.0 1095.0
1047.0 1071.0 1095.0
1047.0 1071.0 1095.0
1047.0 1071.0 1095.0
1047.0 1071.0 1095.0
1047.0 1071.0 1095.0
1047.0 1071.0 1095.0
1047.0 1071.0 1095.0
1047.0 1071.0 1095.0
1047.0 1071.0 1095.0
1047.0 1071.0 1095.0
1047.0 1071.0 1095.0
1047.0 1071.0 1095.0
1047.0 1071.0 1095.0
1047.0 1071.0 1095.0
1047.0 1071.0 1095.0
1047.0 1071.0 1095.0
1047.0 1071.0 1095.0
1047.0 1071.0 1095.0
1047.0 1071.0 1095.0
1047.0 1071.0 1095.0
1047.0 1071.0 1095.0
1047.0 1071.0 1095.0
1047.0 1071.0 1095.0
1047.0 1071.0 1095.0
1047.0 1071.0 1095.0
1047.0 1071.0 1095.0
1047.0 1071.0 1095.0
1047.0 1071.0 1095.0
1047.0 1071.0 1095.0
1047.0 1071.0 1095.0
1047.0 1071.0 1095.0
1047.0 1071.0 1095.0
1047.0 1071.0 1095.0
1047.0 1071.0 1095.0
1047.0 1071.0 1095.0
1047.0 1071.0 1095.0
1047.0 1071.0 1095.0
1047.0 1071.0 1095.0
1047.0 1071.0 1095.0
1047.0 1071.0 1095.0
1047.0 1071.0 1095.0
1047.0 1071.0 1095.0
1047.0 1071.0 1095.0
1047.0 1071.0 1095.0
1047.0 1071.0 1095.0
1047.0 1071.0 1095.0
1047.0 1071.0 1095.0
1047.0 1071.0 1095.0
1047.0 1071.0 1095.0
1047.0 1071.0 1095.0
1047.0 1071.0 1095.0
1047.0 1071.0 1095.0
1047.0 1071.0 1095.0
1047.0 1071.0 1095.0
1047.0 1071.0 1095.0
1047.0 1071.0 1095.0
1047.0 1071.0 1095.0
1047.0 1071.0 1095.0
1047.0 1071.0 1095.0
1047.0 1071.0 1095.0
