14478.0 14624.0 14770.0
10349.0 11375.5 12402.0
10300.0 10530.5 10761.0
8728.0 9544.5 10361.0
6752.0 6962.5 7173.0
5330.0 5546.0 5762.0
4765.0 5223.5 5682.0
4071.0 4876.5 5682.0
3087.0 4384.5 5682.0
3087.0 3136.5 3186.0
1868.0 2463.0 3058.0
1868.0 2718.5 3569.0
2257.0 2568.5 2880.0
1593.0 1911.0 2229.0
1593.0 1901.5 2210.0
1364.0 1613.5 1863.0
1261.0 1562.0 1863.0
1261.0 1562.0 1863.0
1261.0 1562.0 1863.0
1261.0 1562.0 1863.0
1261.0 1562.0 1863.0
1261.0 1562.0 1863.0
1261.0 1562.0 1863.0
1261.0 1562.0 1863.0
1261.0 1562.0 1863.0
1261.0 1562.0 1863.0
1261.0 1562.0 1863.0
1261.0 1562.0 1863.0
1261.0 1562.0 1863.0
1261.0 1562.0 1863.0
1261.0 1562.0 1863.0
1261.0 1562.0 1863.0
1261.0 1562.0 1863.0
1261.0 1562.0 1863.0
1261.0 1562.0 1863.0
1261.0 1562.0 1863.0
1261.0 1562.0 1863.0
1261.0 1562.0 1863.0
1261.0 1562.0 1863.0
1261.0 1562.0 1863.0
1261.0 1562.0 1863.0
1261.0 1562.0 1863.0
1261.0 1562.0 1863.0
1261.0 1562.0 1863.0
1261.0 1562.0 1863.0
1261.0 1562.0 1863.0
1261.0 1562.0 1863.0
1261.0 1562.0 1863.0
1261.0 1562.0 1863.0
1261.0 1562.0 1863.0
1261.0 1562.0 1863.0
1261.0 1562.0 1863.0
1261.0 1562.0 1863.0
1261.0 1562.0 1863.0
1261.0 1562.0 1863.0
1261.0 1562.0 1863.0
1261.0 1562.0 1863.0
1261.0 1562.0 1863.0
1261.0 1562.0 1863.0
1261.0 1562.0 1863.0
1261.0 1562.0 1863.0
1261.0 1562.0 1863.0
1261.0 1562.0 1863.0
1261.0 1562.0 1863.0
1261.0 1562.0 1863.0
1261.0 1562.0 1863.0
1261.0 1562.0 1863.0
1261.0 1562.0 1863.0
1261.0 1562.0 1863.0
1261.0 1562.0 1863.0
1261.0 1562.0 1863.0
1261.0 1562.0 1863.0
1261.0 1562.0 1863.0
1261.0 1562.0 1863.0
1261.0 1562.0 1863.0
1261.0 1562.0 1863.0
1261.0 1562.0 1863.0
1261.0 1562.0 1863.0
1261.0 1562.0 1863.0
1261.0 1562.0 1863.0
1261.0 1562.0 1863.0
1261.0 1562.0 1863.0
1261.0 1562.0 1863.0
1261.0 1562.0 1863.0
1261.0 1562.0 1863.0
1261.0 1562.0 1863.0
1261.0 1562.0 1863.0
1261.0 1562.0 1863.0
1261.0 1562.0 1863.0
1261.0 1562.0 1863.0
1261.0 1562.0 1863.0
1261.0 1562.0 1863.0
1261.0 1562.0 1863.0
1261.0 1562.0 1863.0
1261.0 1562.0 1863.0
1261.0 1562.0 1863.0
1261.0 1562.0 1863.0
1261.0 1562.0 1863.0
1261.0 1562.0 1863.0
1261.0 1562.0 1863.0
1261.0 1562.0 1863.0
1261.0 1562.0 1863.0
1261.0 1562.0 1863.0
1261.0 1562.0 1863.0
1261.0 1562.0 1863.0
1261.0 1562.0 1863.0
1261.0 1562.0 1863.0
1261.0 1562.0 1863.0
1261.0 1562.0 1863.0
1261.0 1562.0 1863.0
1261.0 1562.0 1863.0
1261.0 1562.0 1863.0
1261.0 1562.0 1863.0
1261.0 1562.0 1863.0
1261.0 1562.0 1863.0
1261.0 1562.0 1863.0
1261.0 1562.0 1863.0
1261.0 1562.0 1863.0
1261.0 1562.0 1863.0
1261.0 1562.0 1863.0
1261.0 1562.0 1863.0
1261.0 1562.0 1863.0
1261.0 1562.0 1863.0
1261.0 1562.0 1863.0
1261.0 1562.0 1863.0
1261.0 1562.0 1863.0
1261.0 1562.0 1863.0
1261.0 1562.0 1863.0
1261.0 1562.0 1863.0
1261.0 1562.0 1863.0
1261.0 1562.0 1863.0
1261.0 1562.0 1863.0
1261.0 1562.0 1863.0
1261.0 1562.0 1863.0
1261.0 1562.0 1863.0
1261.0 1562.0 1863.0
1261.0 1562.0 1863.0
1261.0 1562.0 1863.0
1261.0 1562.0 1863.0
1261.0 1562.0 1863.0
1261.0 1562.0 1863.0
1261.0 1562.0 1863.0
1261.0 1562.0 1863.0
1261.0 1562.0 1863.0
1261.0 1562.0 1863.0
1261.0 1562.0 1863.0
1261.0 1562.0 1863.0
1261.0 1562.0 1863.0
1261.0 1444.0 1627.0
1261.0 1444.0 1627.0
1261.0 1444.0 1627.0
1261.0 1444.0 1627.0
1261.0 1444.0 1627.0
1261.0 1444.0 1627.0
1261.0 1444.0 1627.0
1261.0 1444.0 1627.0
1261.0 1444.0 1627.0
1261.0 1444.0 1627.0
1261.0 1444.0 1627.0
1261.0 1444.0 1627.0
1261.0 1444.0 1627.0
1261.0 1444.0 1627.0
1261.0 1444.0 1627.0
1261.0 1444.0 1627.0
1261.0 1444.0 1627.0
1261.0 1444.0 1627.0
1261.0 1444.0 1627.0
1261.0 1444.0 1627.0
1261.0 1444.0 1627.0
1261.0 1444.0 1627.0
1261.0 1444.0 1627.0
1261.0 1444.0 1627.0
1261.0 1444.0 1627.0
1261.0 1444.0 1627.0
1261.0 1444.0 1627.0
1261.0 1444.0 1627.0
1261.0 1444.0 1627.0
1261.0 1444.0 1627.0
1261.0 1444.0 1627.0
1261.0 1444.0 1627.0
1261.0 1444.0 1627.0
1261.0 1444.0 1627.0
1261.0 1444.0 1627.0
1261.0 1444.0 1627.0
1261.0 1444.0 1627.0
1261.0 1444.0 1627.0
1261.0 1444.0 1627.0
1261.0 1444.0 1627.0
1261.0 1444.0 1627.0
1261.0 1444.0 1627.0
1261.0 1444.0 1627.0
1261.0 1444.0 1627.0
1261.0 1444.0 1627.0
1261.0 1444.0 1627.0
1261.0 1444.0 1627.0
1261.0 1444.0 1627.0
1261.0 1444.0 1627.0
1261.0 1444.0 1627.0
1261.0 1444.0 1627.0
1261.0 1444.0 1627.0
