14103.0 16242.0 18381.0
12769.0 15334.5 17900.0
9581.0 12668.0 15755.0
6261.0 8975.5 11690.0
5624.0 7116.5 8609.0
5377.0 7017.5 8658.0
4469.0 4495.0 4521.0
2417.0 4138.5 5860.0
2417.0 3765.0 5113.0
2417.0 3578.5 4740.0
3389.0 3555.5 3722.0
2747.0 2877.5 3008.0
2747.0 2877.5 3008.0
2747.0 2877.5 3008.0
2747.0 2877.5 3008.0
2747.0 2877.5 3008.0
3008.0 3022.5 3037.0
2402.0 2705.0 3008.0
2402.0 2835.0 3268.0
2402.0 2835.0 3268.0
2402.0 2835.0 3268.0
2402.0 2835.0 3268.0
2402.0 2552.5 2703.0
2063.0 2232.5 2402.0
2063.0 2232.5 2402.0
2063.0 2232.5 2402.0
2063.0 2232.5 2402.0
2063.0 2232.5 2402.0
2063.0 2232.5 2402.0
2063.0 2232.5 2402.0
2063.0 2232.5 2402.0
2063.0 2091.5 2120.0
2063.0 2091.5 2120.0
2063.0 2091.5 2120.0
2063.0 2091.5 2120.0
2063.0 2091.5 2120.0
2063.0 2091.5 2120.0
2063.0 2091.5 2120.0
2063.0 2091.5 2120.0
2063.0 2091.5 2120.0
2063.0 2091.5 2120.0
2063.0 2091.5 2120.0
2063.0 2091.5 2120.0
2063.0 2091.5 2120.0
2063.0 2091.5 2120.0
2063.0 2091.5 2120.0
2063.0 2091.5 2120.0
2063.0 2091.5 2120.0
2063.0 2091.5 2120.0
2063.0 2091.5 2120.0
2063.0 2091.5 2120.0
2063.0 2091.5 2120.0
2063.0 2091.5 2120.0
2063.0 2091.5 2120.0
2063.0 2091.5 2120.0
2063.0 2091.5 2120.0
2063.0 2091.5 2120.0
2063.0 2091.5 2120.0
2063.0 2091.5 2120.0
2063.0 2091.5 2120.0
2063.0 2091.5 2120.0
2063.0 2091.5 2120.0
2063.0 2091.5 2120.0
2063.0 2091.5 2120.0
2063.0 2091.5 2120.0
2063.0 2091.5 2120.0
2063.0 2091.5 2120.0
1822.0 1942.5 2063.0
1822.0 1942.5 2063.0
1822.0 1942.5 2063.0
1822.0 1942.5 2063.0
1822.0 1942.5 2063.0
1822.0 1942.5 2063.0
1822.0 1942.5 2063.0
1822.0 1942.5 2063.0
1822.0 1942.5 2063.0
1822.0 1942.5 2063.0
1822.0 1942.5 2063.0
1822.0 1942.5 2063.0
1822.0 1942.5 2063.0
1822.0 1942.5 2063.0
1822.0 1942.5 2063.0
1822.0 1942.5 2063.0
1822.0 1942.5 2063.0
1822.0 1942.5 2063.0
1822.0 1942.5 2063.0
1822.0 1942.5 2063.0
1822.0 1942.5 2063.0
1822.0 1942.5 2063.0
1822.0 1942.5 2063.0
1822.0 1942.5 2063.0
1822.0 1942.5 2063.0
1822.0 1942.5 2063.0
1822.0 1942.5 2063.0
1822.0 1942.5 2063.0
1822.0 1942.5 2063.0
1822.0 1942.5 2063.0
1822.0 1881.0 1940.0
1709.0 1765.5 1822.0
1709.0 1765.5 1822.0
1709.0 1765.5 1822.0
1709.0 1765.5 1822.0
1709.0 1765.5 1822.0
1709.0 1765.5 1822.0
1709.0 1765.5 1822.0
1709.0 1765.5 1822.0
1709.0 1765.5 1822.0
1709.0 1765.5 1822.0
1709.0 1765.5 1822.0
1709.0 1765.5 1822.0
1709.0 1765.5 1822.0
1709.0 1765.5 1822.0
1709.0 1765.5 1822.0
1709.0 1765.5 1822.0
1709.0 1765.5 1822.0
1709.0 1765.5 1822.0
1709.0 1765.5 1822.0
1709.0 1765.5 1822.0
1709.0 1765.5 1822.0
1709.0 1765.5 1822.0
1709.0 1765.5 1822.0
1709.0 1765.5 1822.0
1709.0 1765.5 1822.0
1709.0 1765.5 1822.0
1709.0 1765.5 1822.0
1709.0 1765.5 1822.0
1709.0 1765.5 1822.0
1709.0 1765.5 1822.0
1709.0 1765.5 1822.0
1709.0 1765.5 1822.0
1709.0 1765.5 1822.0
1709.0 1765.5 1822.0
1709.0 1765.5 1822.0
1709.0 1765.5 1822.0
1709.0 1765.5 1822.0
1709.0 1765.5 1822.0
1709.0 1765.5 1822.0
1709.0 1765.5 1822.0
1709.0 1765.5 1822.0
1709.0 1765.5 1822.0
1709.0 1765.5 1822.0
1709.0 1765.5 1822.0
1709.0 1765.5 1822.0
1709.0 1765.5 1822.0
1709.0 1765.5 1822.0
1709.0 1765.5 1822.0
1709.0 1765.5 1822.0
1709.0 1765.5 1822.0
1709.0 1765.5 1822.0
1709.0 1765.5 1822.0
1709.0 1765.5 1822.0
1709.0 1765.5 1822.0
1709.0 1765.5 1822.0
1709.0 1765.5 1822.0
1709.0 1765.5 1822.0
1709.0 1765.5 1822.0
1709.0 1765.5 1822.0
1709.0 1765.5 1822.0
1709.0 1765.5 1822.0
1709.0 1765.5 1822.0
1483.0 1652.5 1822.0
1483.0 1652.5 1822.0
1483.0 1652.5 1822.0
1483.0 1652.5 1822.0
1483.0 1652.5 1822.0
1483.0 1652.5 1822.0
1483.0 1652.5 1822.0
1483.0 1652.5 1822.0
1483.0 1652.5 1822.0
1483.0 1652.5 1822.0
1483.0 1652.5 1822.0
1483.0 1652.5 1822.0
1483.0 1652.5 1822.0
1483.0 1652.5 1822.0
1483.0 1652.5 1822.0
1483.0 1652.5 1822.0
1483.0 1652.5 1822.0
1483.0 1652.5 1822.0
1483.0 1652.5 1822.0
1483.0 1652.5 1822.0
1483.0 1652.5 1822.0
1483.0 1652.5 1822.0
1483.0 1652.5 1822.0
1483.0 1652.5 1822.0
1483.0 1652.5 1822.0
1483.0 1652.5 1822.0
1483.0 1652.5 1822.0
1483.0 1652.5 1822.0
1483.0 1652.5 1822.0
1483.0 1652.5 1822.0
1483.0 1652.5 1822.0
1483.0 1652.5 1822.0
1483.0 1652.5 1822.0
1483.0 1652.5 1822.0
1483.0 1652.5 1822.0
1483.0 1652.5 1822.0
1483.0 1652.5 1822.0
1483.0 1652.5 1822.0
1483.0 1652.5 1822.0
1483.0 1652.5 1822.0
