12926.0 13922.5 14919.0
12612.0 13656.0 14700.0
9879.0 11749.0 13619.0
6618.0 7263.5 7909.0
5901.0 7285.0 8669.0
5901.0 6889.5 7878.0
4597.0 4602.0 4607.0
4563.0 4622.0 4681.0
2115.0 3127.5 4140.0
2115.0 2555.0 2995.0
2115.0 2252.5 2390.0
2115.0 2206.5 2298.0
2115.0 2206.5 2298.0
1865.0 1990.0 2115.0
1865.0 1990.0 2115.0
1865.0 1990.0 2115.0
1865.0 1990.0 2115.0
1865.0 1990.0 2115.0
1582.0 1848.5 2115.0
1582.0 1848.5 2115.0
1173.0 1644.0 2115.0
1152.0 1633.5 2115.0
1152.0 1633.5 2115.0
1152.0 1633.5 2115.0
1152.0 1633.5 2115.0
1152.0 1633.5 2115.0
1152.0 1633.5 2115.0
1336.0 1725.5 2115.0
1171.0 1643.0 2115.0
1171.0 1472.0 1773.0
1171.0 1412.5 1654.0
1171.0 1412.5 1654.0
1171.0 1412.5 1654.0
1171.0 1412.5 1654.0
1171.0 1412.5 1654.0
1171.0 1412.5 1654.0
1171.0 1412.5 1654.0
1171.0 1412.5 1654.0
1171.0 1412.5 1654.0
1171.0 1412.5 1654.0
1171.0 1412.5 1654.0
1171.0 1412.5 1654.0
1171.0 1412.5 1654.0
1171.0 1412.5 1654.0
1171.0 1412.5 1654.0
1171.0 1412.5 1654.0
1171.0 1412.5 1654.0
1171.0 1412.5 1654.0
1171.0 1412.5 1654.0
1171.0 1412.5 1654.0
1171.0 1412.5 1654.0
1171.0 1412.5 1654.0
1171.0 1412.5 1654.0
1171.0 1412.5 1654.0
1171.0 1412.5 1654.0
1171.0 1412.5 1654.0
1171.0 1412.5 1654.0
1171.0 1412.5 1654.0
1171.0 1412.5 1654.0
1171.0 1412.5 1654.0
1171.0 1412.5 1654.0
1171.0 1412.5 1654.0
1171.0 1412.5 1654.0
1171.0 1412.5 1654.0
1171.0 1412.5 1654.0
1171.0 1412.5 1654.0
1171.0 1412.5 1654.0
1171.0 1412.5 1654.0
1171.0 1412.5 1654.0
1171.0 1412.5 1654.0
1171.0 1412.5 1654.0
1171.0 1412.5 1654.0
1171.0 1412.5 1654.0
1171.0 1412.5 1654.0
1171.0 1412.5 1654.0
1171.0 1412.5 1654.0
1171.0 1412.5 1654.0
1171.0 1412.5 1654.0
1171.0 1412.5 1654.0
1171.0 1412.5 1654.0
1171.0 1412.5 1654.0
1171.0 1412.5 1654.0
1171.0 1412.5 1654.0
1171.0 1412.5 1654.0
1171.0 1412.5 1654.0
1171.0 1412.5 1654.0
1171.0 1412.5 1654.0
1171.0 1412.5 1654.0
1171.0 1412.5 1654.0
1171.0 1412.5 1654.0
1171.0 1412.5 1654.0
1171.0 1412.5 1654.0
1171.0 1412.5 1654.0
1171.0 1412.5 1654.0
1171.0 1412.5 1654.0
1171.0 1412.5 1654.0
1171.0 1412.5 1654.0
1171.0 1412.5 1654.0
1171.0 1412.5 1654.0
1171.0 1412.5 1654.0
1171.0 1412.5 1654.0
1171.0 1412.5 1654.0
1171.0 1412.5 1654.0
1171.0 1412.5 1654.0
1171.0 1412.5 1654.0
1171.0 1412.5 1654.0
1171.0 1412.5 1654.0
1171.0 1412.5 1654.0
1171.0 1412.5 1654.0
1171.0 1412.5 1654.0
1171.0 1412.5 1654.0
1171.0 1412.5 1654.0
1171.0 1412.5 1654.0
1171.0 1412.5 1654.0
1171.0 1412.5 1654.0
1171.0 1412.5 1654.0
1171.0 1412.5 1654.0
1171.0 1412.5 1654.0
1171.0 1412.5 1654.0
1171.0 1412.5 1654.0
1171.0 1412.5 1654.0
1171.0 1412.5 1654.0
1171.0 1412.5 1654.0
1171.0 1412.5 1654.0
1171.0 1412.5 1654.0
1171.0 1412.5 1654.0
1171.0 1412.5 1654.0
1171.0 1412.5 1654.0
1171.0 1412.5 1654.0
1171.0 1412.5 1654.0
1171.0 1412.5 1654.0
1171.0 1412.5 1654.0
1171.0 1412.5 1654.0
1171.0 1412.5 1654.0
1171.0 1412.5 1654.0
1171.0 1412.5 1654.0
1171.0 1412.5 1654.0
1171.0 1412.5 1654.0
1171.0 1412.5 1654.0
1171.0 1412.5 1654.0
1171.0 1412.5 1654.0
1171.0 1412.5 1654.0
1171.0 1412.5 1654.0
1171.0 1412.5 1654.0
1171.0 1412.5 1654.0
1171.0 1412.5 1654.0
1171.0 1412.5 1654.0
1171.0 1412.5 1654.0
1171.0 1412.5 1654.0
1171.0 1412.5 1654.0
1171.0 1412.5 1654.0
1171.0 1412.5 1654.0
1171.0 1412.5 1654.0
1171.0 1258.0 1345.0
1171.0 1258.0 1345.0
1171.0 1258.0 1345.0
1171.0 1258.0 1345.0
1171.0 1258.0 1345.0
1171.0 1258.0 1345.0
1171.0 1258.0 1345.0
1171.0 1258.0 1345.0
1171.0 1258.0 1345.0
1171.0 1258.0 1345.0
1171.0 1258.0 1345.0
1171.0 1258.0 1345.0
1040.0 1192.5 1345.0
688.0 1016.5 1345.0
688.0 1016.5 1345.0
688.0 1032.5 1377.0
688.0 1154.0 1620.0
688.0 1154.0 1620.0
688.0 1154.0 1620.0
688.0 1154.0 1620.0
688.0 1154.0 1620.0
688.0 1154.0 1620.0
688.0 1154.0 1620.0
688.0 1154.0 1620.0
688.0 1154.0 1620.0
688.0 1154.0 1620.0
688.0 1154.0 1620.0
688.0 1154.0 1620.0
688.0 1154.0 1620.0
688.0 1154.0 1620.0
688.0 1154.0 1620.0
688.0 1154.0 1620.0
688.0 1154.0 1620.0
688.0 1154.0 1620.0
688.0 1154.0 1620.0
688.0 1154.0 1620.0
688.0 1154.0 1620.0
688.0 1154.0 1620.0
688.0 1154.0 1620.0
688.0 1154.0 1620.0
688.0 1154.0 1620.0
688.0 1154.0 1620.0
688.0 1154.0 1620.0
688.0 1154.0 1620.0
688.0 1154.0 1620.0
688.0 1154.0 1620.0
688.0 1154.0 1620.0
