13736.0 15079.0 16422.0
12714.0 13428.5 14143.0
9959.0 10244.0 10529.0
7681.0 9906.0 12131.0
7298.0 9081.5 10865.0
6298.0 7835.5 9373.0
6688.0 7205.0 7722.0
3243.0 5482.5 7722.0
3243.0 4515.0 5787.0
2740.0 4043.5 5347.0
2740.0 3639.0 4538.0
2338.0 2539.0 2740.0
2338.0 2539.0 2740.0
2338.0 2539.0 2740.0
2338.0 2539.0 2740.0
2338.0 2394.0 2450.0
1705.0 2021.5 2338.0
1705.0 2021.5 2338.0
1705.0 2021.5 2338.0
1705.0 2021.5 2338.0
1705.0 2021.5 2338.0
1705.0 2022.5 2340.0
1681.0 1693.0 1705.0
1681.0 1693.0 1705.0
1681.0 1693.0 1705.0
1681.0 1693.0 1705.0
1681.0 1693.0 1705.0
1681.0 1693.0 1705.0
1681.0 1693.0 1705.0
1681.0 1693.0 1705.0
1681.0 1693.0 1705.0
1681.0 1693.0 1705.0
1681.0 1693.0 1705.0
1681.0 1693.0 1705.0
1681.0 1693.0 1705.0
1681.0 1693.0 1705.0
1681.0 1693.0 1705.0
1681.0 1693.0 1705.0
1681.0 1693.0 1705.0
1681.0 1693.0 1705.0
1681.0 1693.0 1705.0
1681.0 1693.0 1705.0
1681.0 1693.0 1705.0
1681.0 1693.0 1705.0
1681.0 1693.0 1705.0
1681.0 1693.0 1705.0
1681.0 1693.0 1705.0
1681.0 1693.0 1705.0
1681.0 1693.0 1705.0
1681.0 1693.0 1705.0
1681.0 1693.0 1705.0
1681.0 1693.0 1705.0
1681.0 1693.0 1705.0
1681.0 1693.0 1705.0
1681.0 1693.0 1705.0
1681.0 1693.0 1705.0
1681.0 1693.0 1705.0
1681.0 1693.0 1705.0
1681.0 1693.0 1705.0
1681.0 1693.0 1705.0
1681.0 1693.0 1705.0
1681.0 1693.0 1705.0
1681.0 1693.0 1705.0
1681.0 1693.0 1705.0
1681.0 1693.0 1705.0
1681.0 1693.0 1705.0
1681.0 1693.0 1705.0
1681.0 1693.0 1705.0
1681.0 1693.0 1705.0
1681.0 1693.0 1705.0
1681.0 1693.0 1705.0
1681.0 1693.0 1705.0
1681.0 1693.0 1705.0
1681.0 1693.0 1705.0
1681.0 1693.0 1705.0
1681.0 1693.0 1705.0
1681.0 1693.0 1705.0
1681.0 1693.0 1705.0
1681.0 1693.0 1705.0
1681.0 1693.0 1705.0
1681.0 1693.0 1705.0
1681.0 1693.0 1705.0
1681.0 1693.0 1705.0
1681.0 1693.0 1705.0
1681.0 1693.0 1705.0
1681.0 1693.0 1705.0
1681.0 1693.0 1705.0
1681.0 1693.0 1705.0
1681.0 1693.0 1705.0
1681.0 1693.0 1705.0
1681.0 1693.0 1705.0
1681.0 1693.0 1705.0
1681.0 1693.0 1705.0
1681.0 1693.0 1705.0
1681.0 1693.0 1705.0
1681.0 1693.0 1705.0
1681.0 1693.0 1705.0
1681.0 1693.0 1705.0
1681.0 1693.0 1705.0
1681.0 1693.0 1705.0
1681.0 1693.0 1705.0
1681.0 1693.0 1705.0
1681.0 1693.0 1705.0
1681.0 1693.0 1705.0
1681.0 1693.0 1705.0
1681.0 1693.0 1705.0
1681.0 1693.0 1705.0
1681.0 1693.0 1705.0
1681.0 1693.0 1705.0
1681.0 1693.0 1705.0
1681.0 1693.0 1705.0
1681.0 1693.0 1705.0
1681.0 1693.0 1705.0
1681.0 1693.0 1705.0
1681.0 1693.0 1705.0
1681.0 1693.0 1705.0
1681.0 1693.0 1705.0
1681.0 1693.0 1705.0
1681.0 1693.0 1705.0
1681.0 1693.0 1705.0
1681.0 1693.0 1705.0
1681.0 1693.0 1705.0
1681.0 1693.0 1705.0
1681.0 1693.0 1705.0
1681.0 1693.0 1705.0
1681.0 1693.0 1705.0
1681.0 1693.0 1705.0
1681.0 1693.0 1705.0
1681.0 1693.0 1705.0
1681.0 1693.0 1705.0
1681.0 1693.0 1705.0
1681.0 1693.0 1705.0
1681.0 1693.0 1705.0
1681.0 1693.0 1705.0
1681.0 1693.0 1705.0
1681.0 1693.0 1705.0
1681.0 1693.0 1705.0
1681.0 1693.0 1705.0
1681.0 1693.0 1705.0
1681.0 1693.0 1705.0
1681.0 1693.0 1705.0
1681.0 1693.0 1705.0
1681.0 1693.0 1705.0
1681.0 1693.0 1705.0
1681.0 1693.0 1705.0
1681.0 1693.0 1705.0
1681.0 1693.0 1705.0
1681.0 1693.0 1705.0
1681.0 1693.0 1705.0
1681.0 1693.0 1705.0
1681.0 1693.0 1705.0
1681.0 1693.0 1705.0
1681.0 1693.0 1705.0
1681.0 1693.0 1705.0
1681.0 1693.0 1705.0
1681.0 1693.0 1705.0
1681.0 1693.0 1705.0
1681.0 1693.0 1705.0
1681.0 1693.0 1705.0
1681.0 1693.0 1705.0
1681.0 1693.0 1705.0
1681.0 1693.0 1705.0
1681.0 1693.0 1705.0
1681.0 1693.0 1705.0
1681.0 1693.0 1705.0
1681.0 1693.0 1705.0
1681.0 1693.0 1705.0
1681.0 1693.0 1705.0
1681.0 1693.0 1705.0
1681.0 1693.0 1705.0
1681.0 1693.0 1705.0
1681.0 1693.0 1705.0
1681.0 1693.0 1705.0
1681.0 1693.0 1705.0
1681.0 1693.0 1705.0
1681.0 1693.0 1705.0
1681.0 1693.0 1705.0
1681.0 1693.0 1705.0
1681.0 1693.0 1705.0
1681.0 1693.0 1705.0
1681.0 1693.0 1705.0
1681.0 1693.0 1705.0
1681.0 1693.0 1705.0
1681.0 1693.0 1705.0
1681.0 1693.0 1705.0
1681.0 1693.0 1705.0
1681.0 1693.0 1705.0
1681.0 1693.0 1705.0
1681.0 1693.0 1705.0
1533.0 1619.0 1705.0
1299.0 1502.0 1705.0
1299.0 1502.0 1705.0
1299.0 1502.0 1705.0
1299.0 1502.0 1705.0
1299.0 1502.0 1705.0
1299.0 1502.0 1705.0
1299.0 1502.0 1705.0
1299.0 1502.0 1705.0
1299.0 1502.0 1705.0
1299.0 1502.0 1705.0
