11737.0 11917.0 12097.0
10855.0 11424.5 11994.0
8930.0 9864.0 10798.0
5284.0 5414.5 5545.0
5487.0 5780.5 6074.0
3236.0 3834.0 4432.0
2704.0 3145.5 3587.0
1802.0 2556.5 3311.0
1741.0 1771.5 1802.0
1802.0 1821.5 1841.0
1802.0 1821.5 1841.0
1802.0 1821.5 1841.0
1802.0 1821.5 1841.0
1802.0 1821.5 1841.0
1841.0 1912.0 1983.0
1841.0 1912.0 1983.0
1841.0 1912.0 1983.0
1059.0 1305.0 1551.0
1059.0 1305.0 1551.0
1059.0 1305.0 1551.0
973.0 1262.0 1551.0
836.0 1193.5 1551.0
861.0 1123.0 1385.0
861.0 1046.0 1231.0
757.0 994.0 1231.0
757.0 943.0 1129.0
757.0 943.0 1129.0
757.0 943.0 1129.0
757.0 943.0 1129.0
757.0 943.0 1129.0
757.0 943.0 1129.0
757.0 943.0 1129.0
757.0 943.0 1129.0
757.0 943.0 1129.0
757.0 943.0 1129.0
757.0 943.0 1129.0
757.0 943.0 1129.0
757.0 943.0 1129.0
757.0 943.0 1129.0
757.0 943.0 1129.0
757.0 943.0 1129.0
757.0 943.0 1129.0
757.0 943.0 1129.0
757.0 943.0 1129.0
757.0 943.0 1129.0
757.0 943.0 1129.0
757.0 943.0 1129.0
757.0 943.0 1129.0
757.0 943.0 1129.0
757.0 943.0 1129.0
757.0 943.0 1129.0
757.0 943.0 1129.0
757.0 943.0 1129.0
757.0 943.0 1129.0
757.0 943.0 1129.0
757.0 943.0 1129.0
757.0 943.0 1129.0
757.0 943.0 1129.0
757.0 943.0 1129.0
757.0 943.0 1129.0
757.0 943.0 1129.0
757.0 943.0 1129.0
757.0 943.0 1129.0
757.0 943.0 1129.0
757.0 943.0 1129.0
757.0 943.0 1129.0
757.0 943.0 1129.0
757.0 943.0 1129.0
757.0 943.0 1129.0
757.0 943.0 1129.0
757.0 943.0 1129.0
757.0 943.0 1129.0
757.0 943.0 1129.0
757.0 943.0 1129.0
757.0 943.0 1129.0
757.0 943.0 1129.0
757.0 943.0 1129.0
757.0 943.0 1129.0
757.0 943.0 1129.0
757.0 943.0 1129.0
757.0 943.0 1129.0
757.0 943.0 1129.0
757.0 943.0 1129.0
757.0 943.0 1129.0
757.0 943.0 1129.0
757.0 943.0 1129.0
757.0 943.0 1129.0
757.0 943.0 1129.0
757.0 943.0 1129.0
757.0 943.0 1129.0
757.0 943.0 1129.0
757.0 943.0 1129.0
757.0 943.0 1129.0
757.0 943.0 1129.0
757.0 943.0 1129.0
757.0 943.0 1129.0
757.0 943.0 1129.0
757.0 943.0 1129.0
757.0 943.0 1129.0
757.0 943.0 1129.0
757.0 943.0 1129.0
757.0 943.0 1129.0
757.0 943.0 1129.0
757.0 943.0 1129.0
757.0 943.0 1129.0
757.0 943.0 1129.0
757.0 943.0 1129.0
757.0 943.0 1129.0
757.0 943.0 1129.0
757.0 943.0 1129.0
757.0 943.0 1129.0
757.0 943.0 1129.0
757.0 943.0 1129.0
757.0 943.0 1129.0
757.0 943.0 1129.0
757.0 943.0 1129.0
757.0 943.0 1129.0
757.0 943.0 1129.0
757.0 943.0 1129.0
757.0 943.0 1129.0
757.0 943.0 1129.0
757.0 943.0 1129.0
757.0 943.0 1129.0
757.0 943.0 1129.0
757.0 943.0 1129.0
757.0 943.0 1129.0
757.0 943.0 1129.0
757.0 943.0 1129.0
757.0 943.0 1129.0
757.0 943.0 1129.0
757.0 943.0 1129.0
757.0 943.0 1129.0
757.0 943.0 1129.0
757.0 943.0 1129.0
757.0 943.0 1129.0
757.0 943.0 1129.0
757.0 943.0 1129.0
757.0 943.0 1129.0
757.0 943.0 1129.0
757.0 943.0 1129.0
757.0 943.0 1129.0
757.0 943.0 1129.0
757.0 943.0 1129.0
757.0 943.0 1129.0
757.0 943.0 1129.0
757.0 943.0 1129.0
757.0 943.0 1129.0
757.0 943.0 1129.0
757.0 943.0 1129.0
757.0 943.0 1129.0
757.0 943.0 1129.0
757.0 943.0 1129.0
757.0 943.0 1129.0
757.0 943.0 1129.0
757.0 943.0 1129.0
757.0 943.0 1129.0
757.0 943.0 1129.0
757.0 943.0 1129.0
757.0 943.0 1129.0
757.0 943.0 1129.0
757.0 943.0 1129.0
757.0 943.0 1129.0
757.0 943.0 1129.0
757.0 943.0 1129.0
757.0 943.0 1129.0
757.0 943.0 1129.0
757.0 943.0 1129.0
757.0 943.0 1129.0
757.0 943.0 1129.0
757.0 943.0 1129.0
757.0 943.0 1129.0
757.0 943.0 1129.0
757.0 943.0 1129.0
757.0 943.0 1129.0
757.0 943.0 1129.0
757.0 943.0 1129.0
757.0 943.0 1129.0
757.0 943.0 1129.0
757.0 943.0 1129.0
757.0 943.0 1129.0
757.0 943.0 1129.0
757.0 943.0 1129.0
757.0 943.0 1129.0
757.0 943.0 1129.0
757.0 943.0 1129.0
757.0 943.0 1129.0
757.0 943.0 1129.0
757.0 943.0 1129.0
757.0 943.0 1129.0
757.0 943.0 1129.0
757.0 943.0 1129.0
757.0 943.0 1129.0
757.0 943.0 1129.0
757.0 943.0 1129.0
757.0 943.0 1129.0
757.0 943.0 1129.0
757.0 943.0 1129.0
757.0 943.0 1129.0
757.0 943.0 1129.0
757.0 943.0 1129.0
