12559.0 13312.0 14065.0
11543.0 11697.5 11852.0
8447.0 9326.5 10206.0
8236.0 8932.5 9629.0
7314.0 7657.5 8001.0
3971.0 4638.0 5305.0
4581.0 4607.0 4633.0
3784.0 4095.0 4406.0
3261.0 3522.5 3784.0
2019.0 2688.0 3357.0
2019.0 2384.0 2749.0
2019.0 2384.0 2749.0
2019.0 2489.5 2960.0
2019.0 2331.0 2643.0
2019.0 2331.0 2643.0
2019.0 2115.0 2211.0
2019.0 2115.0 2211.0
2019.0 2115.0 2211.0
2019.0 2115.0 2211.0
2019.0 2115.0 2211.0
2019.0 2115.0 2211.0
2019.0 2115.0 2211.0
2019.0 2115.0 2211.0
2019.0 2115.0 2211.0
2019.0 2115.0 2211.0
1537.0 1874.0 2211.0
1537.0 1874.0 2211.0
1537.0 1874.0 2211.0
1537.0 1874.0 2211.0
1537.0 1874.0 2211.0
1537.0 1874.0 2211.0
1537.0 1659.0 1781.0
1537.0 1837.5 2138.0
1537.0 1837.5 2138.0
1537.0 1837.5 2138.0
1537.0 1837.5 2138.0
1537.0 1837.5 2138.0
1537.0 1837.5 2138.0
1537.0 1837.5 2138.0
1537.0 1837.5 2138.0
1537.0 1837.5 2138.0
1537.0 1837.5 2138.0
1537.0 1837.5 2138.0
1537.0 1837.5 2138.0
1537.0 1837.5 2138.0
1537.0 1837.5 2138.0
1537.0 1837.5 2138.0
1537.0 1837.5 2138.0
1537.0 1837.5 2138.0
1537.0 1837.5 2138.0
1537.0 1837.5 2138.0
1537.0 1837.5 2138.0
1537.0 1837.5 2138.0
1537.0 1837.5 2138.0
1537.0 1837.5 2138.0
1537.0 1837.5 2138.0
1537.0 1837.5 2138.0
1537.0 1837.5 2138.0
1537.0 1837.5 2138.0
1537.0 1800.0 2063.0
1537.0 1800.0 2063.0
1537.0 1800.0 2063.0
1537.0 1800.0 2063.0
1537.0 1800.0 2063.0
1537.0 1800.0 2063.0
1537.0 1800.0 2063.0
1537.0 1800.0 2063.0
1537.0 1800.0 2063.0
1537.0 1800.0 2063.0
1537.0 1800.0 2063.0
1537.0 1800.0 2063.0
1537.0 1800.0 2063.0
1537.0 1800.0 2063.0
1537.0 1800.0 2063.0
1537.0 1800.0 2063.0
1537.0 1800.0 2063.0
1537.0 1800.0 2063.0
1537.0 1800.0 2063.0
1537.0 1800.0 2063.0
1537.0 1800.0 2063.0
1537.0 1800.0 2063.0
1537.0 1800.0 2063.0
1537.0 1800.0 2063.0
1537.0 1800.0 2063.0
1537.0 1800.0 2063.0
1537.0 1800.0 2063.0
1537.0 1800.0 2063.0
1537.0 1800.0 2063.0
1537.0 1800.0 2063.0
1537.0 1800.0 2063.0
1537.0 1800.0 2063.0
1537.0 1800.0 2063.0
1537.0 1800.0 2063.0
1537.0 1800.0 2063.0
1537.0 1800.0 2063.0
1537.0 1800.0 2063.0
1537.0 1800.0 2063.0
1537.0 1800.0 2063.0
1537.0 1800.0 2063.0
1537.0 1800.0 2063.0
1537.0 1800.0 2063.0
1537.0 1800.0 2063.0
1537.0 1800.0 2063.0
1537.0 1800.0 2063.0
1537.0 1800.0 2063.0
1537.0 1800.0 2063.0
1537.0 1800.0 2063.0
1537.0 1800.0 2063.0
1537.0 1800.0 2063.0
1537.0 1800.0 2063.0
1537.0 1800.0 2063.0
1537.0 1800.0 2063.0
1537.0 1800.0 2063.0
1537.0 1800.0 2063.0
1537.0 1800.0 2063.0
1537.0 1800.0 2063.0
1537.0 1800.0 2063.0
1537.0 1800.0 2063.0
1537.0 1800.0 2063.0
1537.0 1800.0 2063.0
1537.0 1800.0 2063.0
1537.0 1800.0 2063.0
1537.0 1800.0 2063.0
1537.0 1800.0 2063.0
1537.0 1800.0 2063.0
1537.0 1800.0 2063.0
1537.0 1800.0 2063.0
1537.0 1800.0 2063.0
1537.0 1800.0 2063.0
1537.0 1800.0 2063.0
1537.0 1800.0 2063.0
1537.0 1800.0 2063.0
1537.0 1591.0 1645.0
1373.0 1455.0 1537.0
1373.0 1455.0 1537.0
1373.0 1455.0 1537.0
1373.0 1455.0 1537.0
1373.0 1455.0 1537.0
1373.0 1455.0 1537.0
1373.0 1455.0 1537.0
1373.0 1455.0 1537.0
1373.0 1455.0 1537.0
1373.0 1455.0 1537.0
1373.0 1528.5 1684.0
1373.0 1528.5 1684.0
1373.0 1528.5 1684.0
1373.0 1528.5 1684.0
1373.0 1528.5 1684.0
1373.0 1528.5 1684.0
1373.0 1528.5 1684.0
1373.0 1528.5 1684.0
1373.0 1528.5 1684.0
1373.0 1528.5 1684.0
1373.0 1528.5 1684.0
1373.0 1528.5 1684.0
1373.0 1528.5 1684.0
1373.0 1528.5 1684.0
1373.0 1528.5 1684.0
1373.0 1528.5 1684.0
1373.0 1528.5 1684.0
1373.0 1528.5 1684.0
1373.0 1528.5 1684.0
1373.0 1528.5 1684.0
1373.0 1528.5 1684.0
1373.0 1528.5 1684.0
1373.0 1528.5 1684.0
1373.0 1528.5 1684.0
1373.0 1528.5 1684.0
1373.0 1528.5 1684.0
1373.0 1528.5 1684.0
1373.0 1528.5 1684.0
1373.0 1528.5 1684.0
1373.0 1528.5 1684.0
1373.0 1528.5 1684.0
1373.0 1528.5 1684.0
1373.0 1528.5 1684.0
1373.0 1528.5 1684.0
1373.0 1528.5 1684.0
1373.0 1528.5 1684.0
1373.0 1528.5 1684.0
1373.0 1528.5 1684.0
1373.0 1528.5 1684.0
1373.0 1528.5 1684.0
1373.0 1528.5 1684.0
1373.0 1528.5 1684.0
1373.0 1528.5 1684.0
1373.0 1528.5 1684.0
1373.0 1528.5 1684.0
1373.0 1528.5 1684.0
1373.0 1528.5 1684.0
1373.0 1528.5 1684.0
1373.0 1528.5 1684.0
1373.0 1528.5 1684.0
1373.0 1528.5 1684.0
1373.0 1528.5 1684.0
1373.0 1528.5 1684.0
1373.0 1528.5 1684.0
1373.0 1528.5 1684.0
1373.0 1528.5 1684.0
1373.0 1528.5 1684.0
