10489.0 11640.0 12791.0
8198.0 8626.5 9055.0
7417.0 7969.5 8522.0
5033.0 5262.0 5491.0
2528.0 3614.5 4701.0
2528.0 3516.0 4504.0
2129.0 2795.0 3461.0
1438.0 2031.0 2624.0
1438.0 1882.5 2327.0
1438.0 1660.0 1882.0
1438.0 1512.0 1586.0
1438.0 1672.5 1907.0
1438.0 1672.5 1907.0
1438.0 1652.0 1866.0
1438.0 1652.0 1866.0
1438.0 1652.0 1866.0
1438.0 1652.0 1866.0
1438.0 1652.0 1866.0
1438.0 1652.0 1866.0
1438.0 1652.0 1866.0
1438.0 1652.0 1866.0
1438.0 1652.0 1866.0
1438.0 1652.0 1866.0
1438.0 1652.0 1866.0
1438.0 1652.0 1866.0
1438.0 1652.0 1866.0
1438.0 1652.0 1866.0
1438.0 1652.0 1866.0
1438.0 1652.0 1866.0
1438.0 1652.0 1866.0
1438.0 1652.0 1866.0
1438.0 1652.0 1866.0
1438.0 1652.0 1866.0
1370.0 1404.0 1438.0
1370.0 1404.0 1438.0
1370.0 1404.0 1438.0
1370.0 1404.0 1438.0
1370.0 1404.0 1438.0
1370.0 1404.0 1438.0
1370.0 1404.0 1438.0
1370.0 1404.0 1438.0
1370.0 1404.0 1438.0
1370.0 1404.0 1438.0
1370.0 1404.0 1438.0
1370.0 1404.0 1438.0
1370.0 1600.0 1830.0
1370.0 1438.5 1507.0
1370.0 1438.5 1507.0
1370.0 1438.5 1507.0
1370.0 1438.5 1507.0
1370.0 1438.5 1507.0
1370.0 1438.5 1507.0
1370.0 1438.5 1507.0
1370.0 1438.5 1507.0
1370.0 1438.5 1507.0
1370.0 1438.5 1507.0
1370.0 1438.5 1507.0
1370.0 1438.5 1507.0
1370.0 1438.5 1507.0
1370.0 1438.5 1507.0
1370.0 1438.5 1507.0
1370.0 1438.5 1507.0
1370.0 1438.5 1507.0
1370.0 1438.5 1507.0
1370.0 1438.5 1507.0
1370.0 1438.5 1507.0
1370.0 1438.5 1507.0
1370.0 1438.5 1507.0
1370.0 1438.5 1507.0
1370.0 1438.5 1507.0
1370.0 1438.5 1507.0
1370.0 1438.5 1507.0
1370.0 1438.5 1507.0
1370.0 1438.5 1507.0
1370.0 1438.5 1507.0
1370.0 1438.5 1507.0
1370.0 1438.5 1507.0
1370.0 1438.5 1507.0
1370.0 1438.5 1507.0
975.0 1241.0 1507.0
877.0 1192.0 1507.0
877.0 1192.0 1507.0
877.0 1192.0 1507.0
877.0 1192.0 1507.0
877.0 1192.0 1507.0
877.0 1192.0 1507.0
877.0 1192.0 1507.0
877.0 1192.0 1507.0
877.0 1192.0 1507.0
877.0 1192.0 1507.0
877.0 1192.0 1507.0
877.0 1192.0 1507.0
877.0 1192.0 1507.0
877.0 1192.0 1507.0
877.0 1192.0 1507.0
877.0 1192.0 1507.0
877.0 1192.0 1507.0
877.0 1192.0 1507.0
877.0 1192.0 1507.0
877.0 1192.0 1507.0
877.0 1192.0 1507.0
877.0 1192.0 1507.0
877.0 1192.0 1507.0
877.0 1192.0 1507.0
877.0 1192.0 1507.0
877.0 1192.0 1507.0
877.0 1192.0 1507.0
877.0 1192.0 1507.0
877.0 1192.0 1507.0
877.0 1192.0 1507.0
877.0 1192.0 1507.0
877.0 1192.0 1507.0
877.0 1192.0 1507.0
877.0 1192.0 1507.0
877.0 1192.0 1507.0
877.0 1192.0 1507.0
877.0 1192.0 1507.0
877.0 1192.0 1507.0
877.0 1192.0 1507.0
877.0 1192.0 1507.0
877.0 1192.0 1507.0
877.0 1192.0 1507.0
877.0 1192.0 1507.0
877.0 967.5 1058.0
877.0 967.5 1058.0
877.0 877.0 877.0
877.0 877.0 877.0
877.0 877.0 877.0
877.0 877.0 877.0
877.0 877.0 877.0
877.0 877.0 877.0
877.0 877.0 877.0
877.0 877.0 877.0
877.0 877.0 877.0
877.0 877.0 877.0
877.0 877.0 877.0
877.0 877.0 877.0
877.0 877.0 877.0
877.0 877.0 877.0
877.0 877.0 877.0
877.0 877.0 877.0
877.0 877.0 877.0
877.0 877.0 877.0
877.0 877.0 877.0
877.0 877.0 877.0
877.0 877.0 877.0
877.0 877.0 877.0
877.0 877.0 877.0
877.0 877.0 877.0
877.0 877.0 877.0
877.0 877.0 877.0
877.0 877.0 877.0
877.0 877.0 877.0
877.0 877.0 877.0
877.0 877.0 877.0
877.0 877.0 877.0
877.0 877.0 877.0
877.0 877.0 877.0
877.0 877.0 877.0
877.0 877.0 877.0
877.0 877.0 877.0
877.0 877.0 877.0
877.0 877.0 877.0
877.0 877.0 877.0
877.0 877.0 877.0
877.0 877.0 877.0
877.0 877.0 877.0
877.0 877.0 877.0
877.0 877.0 877.0
877.0 877.0 877.0
877.0 877.0 877.0
877.0 877.0 877.0
877.0 877.0 877.0
877.0 877.0 877.0
877.0 877.0 877.0
877.0 877.0 877.0
877.0 877.0 877.0
877.0 877.0 877.0
877.0 877.0 877.0
877.0 877.0 877.0
877.0 877.0 877.0
877.0 877.0 877.0
877.0 877.0 877.0
877.0 877.0 877.0
877.0 877.0 877.0
877.0 877.0 877.0
877.0 877.0 877.0
877.0 877.0 877.0
877.0 877.0 877.0
877.0 877.0 877.0
877.0 877.0 877.0
877.0 877.0 877.0
877.0 877.0 877.0
877.0 877.0 877.0
877.0 877.0 877.0
877.0 877.0 877.0
877.0 877.0 877.0
877.0 877.0 877.0
877.0 877.0 877.0
877.0 877.0 877.0
