12682.0 12709.5 12737.0
9822.0 10176.5 10531.0
5995.0 6852.5 7710.0
5723.0 6460.5 7198.0
4749.0 4987.0 5225.0
3174.0 4073.5 4973.0
3127.0 3442.0 3757.0
1686.0 2383.0 3080.0
1686.0 2006.5 2327.0
1686.0 2132.0 2578.0
1686.0 2099.5 2513.0
1361.0 1523.5 1686.0
1361.0 1523.5 1686.0
1361.0 1523.5 1686.0
1361.0 1523.5 1686.0
1361.0 1523.5 1686.0
1361.0 1529.5 1698.0
1361.0 1529.5 1698.0
1361.0 1529.5 1698.0
1361.0 1436.0 1511.0
1361.0 1436.0 1511.0
1361.0 1436.0 1511.0
1361.0 1436.0 1511.0
1361.0 1436.0 1511.0
1170.0 1265.5 1361.0
1170.0 1265.5 1361.0
1170.0 1265.5 1361.0
1170.0 1265.5 1361.0
1170.0 1265.5 1361.0
1170.0 1265.5 1361.0
1170.0 1265.5 1361.0
1170.0 1265.5 1361.0
1170.0 1265.5 1361.0
1170.0 1265.5 1361.0
1170.0 1265.5 1361.0
1170.0 1265.5 1361.0
1170.0 1265.5 1361.0
1170.0 1265.5 1361.0
1170.0 1265.5 1361.0
1170.0 1265.5 1361.0
1170.0 1265.5 1361.0
1170.0 1265.5 1361.0
1170.0 1265.5 1361.0
1170.0 1265.5 1361.0
1170.0 1265.5 1361.0
1170.0 1265.5 1361.0
1170.0 1265.5 1361.0
1170.0 1265.5 1361.0
1170.0 1265.5 1361.0
1170.0 1265.5 1361.0
1170.0 1265.5 1361.0
1170.0 1265.5 1361.0
1170.0 1265.5 1361.0
1170.0 1265.5 1361.0
1170.0 1265.5 1361.0
1170.0 1265.5 1361.0
1170.0 1406.0 1642.0
1170.0 1406.0 1642.0
1170.0 1233.5 1297.0
1170.0 1233.5 1297.0
1170.0 1233.5 1297.0
1170.0 1233.5 1297.0
1170.0 1233.5 1297.0
1170.0 1233.5 1297.0
1170.0 1233.5 1297.0
1170.0 1233.5 1297.0
1170.0 1233.5 1297.0
1170.0 1233.5 1297.0
1170.0 1233.5 1297.0
1170.0 1233.5 1297.0
1170.0 1233.5 1297.0
1170.0 1233.5 1297.0
1170.0 1233.5 1297.0
1170.0 1233.5 1297.0
1170.0 1233.5 1297.0
1170.0 1233.5 1297.0
1170.0 1233.5 1297.0
1170.0 1233.5 1297.0
1170.0 1233.5 1297.0
1170.0 1233.5 1297.0
1170.0 1233.5 1297.0
1170.0 1233.5 1297.0
1170.0 1233.5 1297.0
1170.0 1233.5 1297.0
1170.0 1233.5 1297.0
1170.0 1233.5 1297.0
1170.0 1233.5 1297.0
1170.0 1233.5 1297.0
1170.0 1233.5 1297.0
1170.0 1233.5 1297.0
1170.0 1233.5 1297.0
1170.0 1233.5 1297.0
1170.0 1233.5 1297.0
1170.0 1233.5 1297.0
1170.0 1233.5 1297.0
1170.0 1233.5 1297.0
1170.0 1233.5 1297.0
1170.0 1233.5 1297.0
1170.0 1233.5 1297.0
1170.0 1233.5 1297.0
1170.0 1233.5 1297.0
1170.0 1233.5 1297.0
1170.0 1233.5 1297.0
1170.0 1233.5 1297.0
1170.0 1233.5 1297.0
1170.0 1233.5 1297.0
1170.0 1233.5 1297.0
1170.0 1233.5 1297.0
1170.0 1233.5 1297.0
1170.0 1233.5 1297.0
1170.0 1233.5 1297.0
1170.0 1233.5 1297.0
1170.0 1233.5 1297.0
1170.0 1233.5 1297.0
1170.0 1233.5 1297.0
1170.0 1233.5 1297.0
1170.0 1233.5 1297.0
1170.0 1233.5 1297.0
1170.0 1233.5 1297.0
1170.0 1233.5 1297.0
1170.0 1233.5 1297.0
1170.0 1233.5 1297.0
1170.0 1233.5 1297.0
1170.0 1233.5 1297.0
1170.0 1233.5 1297.0
1170.0 1233.5 1297.0
1170.0 1233.5 1297.0
1170.0 1233.5 1297.0
1170.0 1233.5 1297.0
1170.0 1233.5 1297.0
1170.0 1233.5 1297.0
1170.0 1233.5 1297.0
1170.0 1233.5 1297.0
1170.0 1233.5 1297.0
1170.0 1233.5 1297.0
1170.0 1233.5 1297.0
1170.0 1233.5 1297.0
1170.0 1233.5 1297.0
1170.0 1233.5 1297.0
1170.0 1233.5 1297.0
1170.0 1233.5 1297.0
1170.0 1233.5 1297.0
1170.0 1233.5 1297.0
1170.0 1233.5 1297.0
1170.0 1233.5 1297.0
1170.0 1233.5 1297.0
1170.0 1233.5 1297.0
1170.0 1233.5 1297.0
1170.0 1233.5 1297.0
1170.0 1233.5 1297.0
1170.0 1233.5 1297.0
1170.0 1233.5 1297.0
1170.0 1233.5 1297.0
1170.0 1233.5 1297.0
1170.0 1233.5 1297.0
1170.0 1233.5 1297.0
1170.0 1233.5 1297.0
1170.0 1233.5 1297.0
1170.0 1233.5 1297.0
1170.0 1233.5 1297.0
1170.0 1233.5 1297.0
1170.0 1233.5 1297.0
1170.0 1233.5 1297.0
1170.0 1233.5 1297.0
1170.0 1233.5 1297.0
1170.0 1233.5 1297.0
1170.0 1233.5 1297.0
1170.0 1233.5 1297.0
1170.0 1233.5 1297.0
1170.0 1233.5 1297.0
1170.0 1233.5 1297.0
1170.0 1233.5 1297.0
1170.0 1233.5 1297.0
1170.0 1233.5 1297.0
1170.0 1233.5 1297.0
1170.0 1233.5 1297.0
1170.0 1233.5 1297.0
1170.0 1233.5 1297.0
1170.0 1233.5 1297.0
1170.0 1233.5 1297.0
1170.0 1233.5 1297.0
1170.0 1233.5 1297.0
1170.0 1233.5 1297.0
1170.0 1233.5 1297.0
1170.0 1233.5 1297.0
1170.0 1233.5 1297.0
1170.0 1233.5 1297.0
1170.0 1233.5 1297.0
1170.0 1233.5 1297.0
1170.0 1233.5 1297.0
1170.0 1233.5 1297.0
1170.0 1233.5 1297.0
1170.0 1233.5 1297.0
1170.0 1233.5 1297.0
1170.0 1233.5 1297.0
1170.0 1233.5 1297.0
1170.0 1233.5 1297.0
1170.0 1233.5 1297.0
1170.0 1233.5 1297.0
1170.0 1233.5 1297.0
