14194.0 15333.5 16473.0
9898.0 11028.5 12159.0
6622.0 7047.0 7472.0
6622.0 7764.0 8906.0
4790.0 5473.5 6157.0
4398.0 4651.5 4905.0
3003.0 4008.0 5013.0
2492.0 2747.5 3003.0
2492.0 2632.0 2772.0
1633.0 1915.5 2198.0
1633.0 1960.0 2287.0
1633.0 1960.0 2287.0
1633.0 1852.5 2072.0
1633.0 1852.5 2072.0
1473.0 1772.5 2072.0
1473.0 1772.5 2072.0
1473.0 1772.5 2072.0
1219.0 1645.5 2072.0
1219.0 1645.5 2072.0
1219.0 1645.5 2072.0
1219.0 1645.5 2072.0
1219.0 1645.5 2072.0
1219.0 1645.5 2072.0
1219.0 1645.5 2072.0
1219.0 1645.5 2072.0
1219.0 1645.5 2072.0
1219.0 1645.5 2072.0
1219.0 1645.5 2072.0
1219.0 1645.5 2072.0
1219.0 1645.5 2072.0
1219.0 1645.5 2072.0
1219.0 1645.5 2072.0
1219.0 1645.5 2072.0
1219.0 1645.5 2072.0
1219.0 1645.5 2072.0
1219.0 1645.5 2072.0
1219.0 1645.5 2072.0
1219.0 1280.5 1342.0
1219.0 1234.0 1249.0
1219.0 1234.0 1249.0
1098.0 1158.5 1219.0
1219.0 1234.0 1249.0
922.0 1070.5 1219.0
922.0 1070.5 1219.0
922.0 1070.5 1219.0
922.0 1070.5 1219.0
922.0 1070.5 1219.0
922.0 1070.5 1219.0
922.0 1070.5 1219.0
922.0 1070.5 1219.0
922.0 1070.5 1219.0
922.0 1070.5 1219.0
922.0 1070.5 1219.0
922.0 1070.5 1219.0
922.0 1070.5 1219.0
922.0 1070.5 1219.0
922.0 1070.5 1219.0
922.0 1070.5 1219.0
922.0 1070.5 1219.0
922.0 1070.5 1219.0
922.0 1070.5 1219.0
922.0 1070.5 1219.0
922.0 1070.5 1219.0
922.0 1070.5 1219.0
922.0 1070.5 1219.0
922.0 1070.5 1219.0
922.0 1070.5 1219.0
922.0 1070.5 1219.0
922.0 1070.5 1219.0
922.0 1070.5 1219.0
922.0 1070.5 1219.0
922.0 1070.5 1219.0
922.0 1070.5 1219.0
922.0 1070.5 1219.0
922.0 1070.5 1219.0
922.0 1070.5 1219.0
922.0 1070.5 1219.0
922.0 1070.5 1219.0
922.0 1070.5 1219.0
922.0 1070.5 1219.0
922.0 1070.5 1219.0
922.0 1070.5 1219.0
922.0 1070.5 1219.0
922.0 1070.5 1219.0
922.0 1070.5 1219.0
922.0 1070.5 1219.0
922.0 1070.5 1219.0
922.0 1070.5 1219.0
922.0 1070.5 1219.0
922.0 1070.5 1219.0
922.0 1070.5 1219.0
922.0 1070.5 1219.0
922.0 1070.5 1219.0
922.0 1070.5 1219.0
922.0 1070.5 1219.0
922.0 1070.5 1219.0
922.0 1070.5 1219.0
922.0 1070.5 1219.0
922.0 1070.5 1219.0
922.0 1070.5 1219.0
922.0 1070.5 1219.0
922.0 1070.5 1219.0
922.0 1070.5 1219.0
922.0 1070.5 1219.0
922.0 1070.5 1219.0
922.0 1070.5 1219.0
922.0 1070.5 1219.0
922.0 1070.5 1219.0
922.0 1070.5 1219.0
922.0 1070.5 1219.0
922.0 1070.5 1219.0
922.0 1070.5 1219.0
922.0 1070.5 1219.0
922.0 1070.5 1219.0
922.0 1070.5 1219.0
922.0 1070.5 1219.0
922.0 1070.5 1219.0
922.0 1070.5 1219.0
922.0 1070.5 1219.0
922.0 1070.5 1219.0
922.0 1070.5 1219.0
922.0 1070.5 1219.0
922.0 1070.5 1219.0
922.0 1070.5 1219.0
922.0 1070.5 1219.0
922.0 1070.5 1219.0
922.0 1070.5 1219.0
922.0 1070.5 1219.0
922.0 1070.5 1219.0
922.0 1070.5 1219.0
922.0 1070.5 1219.0
922.0 1070.5 1219.0
922.0 1070.5 1219.0
922.0 1070.5 1219.0
922.0 1070.5 1219.0
922.0 1070.5 1219.0
922.0 1070.5 1219.0
922.0 1090.0 1258.0
922.0 1090.0 1258.0
922.0 1090.0 1258.0
922.0 1090.0 1258.0
922.0 1090.0 1258.0
922.0 1090.0 1258.0
922.0 1090.0 1258.0
922.0 1090.0 1258.0
922.0 1090.0 1258.0
922.0 1090.0 1258.0
922.0 1090.0 1258.0
922.0 1090.0 1258.0
922.0 1090.0 1258.0
922.0 1090.0 1258.0
922.0 1090.0 1258.0
922.0 1090.0 1258.0
922.0 1090.0 1258.0
922.0 1090.0 1258.0
922.0 1090.0 1258.0
922.0 1090.0 1258.0
922.0 1090.0 1258.0
922.0 1090.0 1258.0
922.0 1090.0 1258.0
922.0 1090.0 1258.0
922.0 1090.0 1258.0
922.0 1090.0 1258.0
922.0 1090.0 1258.0
922.0 1090.0 1258.0
922.0 1090.0 1258.0
922.0 1090.0 1258.0
922.0 1090.0 1258.0
922.0 1090.0 1258.0
922.0 1090.0 1258.0
922.0 1090.0 1258.0
922.0 1090.0 1258.0
922.0 1090.0 1258.0
922.0 1090.0 1258.0
922.0 1090.0 1258.0
922.0 1090.0 1258.0
922.0 1090.0 1258.0
922.0 1090.0 1258.0
922.0 1090.0 1258.0
922.0 1090.0 1258.0
922.0 1090.0 1258.0
922.0 1090.0 1258.0
922.0 1090.0 1258.0
922.0 1090.0 1258.0
922.0 1090.0 1258.0
922.0 1090.0 1258.0
922.0 1090.0 1258.0
922.0 1090.0 1258.0
922.0 1090.0 1258.0
922.0 1090.0 1258.0
922.0 1090.0 1258.0
922.0 1090.0 1258.0
922.0 1090.0 1258.0
922.0 1090.0 1258.0
922.0 1090.0 1258.0
922.0 1090.0 1258.0
922.0 1090.0 1258.0
922.0 1090.0 1258.0
922.0 1090.0 1258.0
922.0 1090.0 1258.0
