9847.0 10985.0 12123.0
8045.0 9556.5 11068.0
6815.0 7955.0 9095.0
5174.0 5735.0 6296.0
4529.0 4686.5 4844.0
2826.0 3405.5 3985.0
2826.0 3147.5 3469.0
3056.0 3231.0 3406.0
1999.0 2598.5 3198.0
1591.0 2166.5 2742.0
1591.0 1654.0 1717.0
1717.0 1813.0 1909.0
1717.0 1783.0 1849.0
1717.0 1731.5 1746.0
1717.0 1731.5 1746.0
1717.0 1731.5 1746.0
1717.0 1731.5 1746.0
1717.0 1731.5 1746.0
1717.0 1731.5 1746.0
1717.0 1731.5 1746.0
1717.0 1731.5 1746.0
1717.0 1731.5 1746.0
1717.0 1731.5 1746.0
1717.0 1731.5 1746.0
1717.0 1731.5 1746.0
1717.0 1731.5 1746.0
1717.0 1731.5 1746.0
1717.0 1731.5 1746.0
1717.0 1731.5 1746.0
1717.0 1731.5 1746.0
1717.0 1731.5 1746.0
1717.0 1731.5 1746.0
1605.0 1675.5 1746.0
1605.0 1675.5 1746.0
1605.0 1675.5 1746.0
1457.0 1601.5 1746.0
1457.0 1601.5 1746.0
951.0 1348.5 1746.0
951.0 1348.5 1746.0
673.0 1209.5 1746.0
673.0 1209.5 1746.0
673.0 1209.5 1746.0
673.0 1209.5 1746.0
673.0 1209.5 1746.0
673.0 1209.5 1746.0
673.0 1209.5 1746.0
673.0 1209.5 1746.0
673.0 1209.5 1746.0
673.0 1209.5 1746.0
673.0 1209.5 1746.0
673.0 1209.5 1746.0
673.0 1209.5 1746.0
673.0 1209.5 1746.0
673.0 1209.5 1746.0
673.0 1209.5 1746.0
673.0 1209.5 1746.0
673.0 1209.5 1746.0
673.0 1209.5 1746.0
673.0 1209.5 1746.0
673.0 1209.5 1746.0
673.0 1209.5 1746.0
673.0 1209.5 1746.0
673.0 1209.5 1746.0
673.0 1209.5 1746.0
673.0 1209.5 1746.0
673.0 1209.5 1746.0
673.0 1209.5 1746.0
673.0 1209.5 1746.0
673.0 1209.5 1746.0
673.0 1209.5 1746.0
673.0 1209.5 1746.0
673.0 1209.5 1746.0
673.0 1037.0 1401.0
673.0 1014.5 1356.0
673.0 846.0 1019.0
673.0 682.0 691.0
673.0 682.0 691.0
673.0 682.0 691.0
673.0 682.0 691.0
673.0 682.0 691.0
673.0 682.0 691.0
673.0 682.0 691.0
673.0 682.0 691.0
673.0 682.0 691.0
673.0 682.0 691.0
673.0 682.0 691.0
673.0 682.0 691.0
673.0 682.0 691.0
673.0 682.0 691.0
673.0 682.0 691.0
673.0 682.0 691.0
673.0 682.0 691.0
673.0 682.0 691.0
673.0 682.0 691.0
673.0 682.0 691.0
673.0 682.0 691.0
673.0 682.0 691.0
673.0 682.0 691.0
673.0 682.0 691.0
673.0 682.0 691.0
673.0 682.0 691.0
673.0 682.0 691.0
673.0 682.0 691.0
673.0 682.0 691.0
673.0 682.0 691.0
673.0 682.0 691.0
673.0 682.0 691.0
673.0 682.0 691.0
673.0 682.0 691.0
673.0 682.0 691.0
673.0 682.0 691.0
673.0 682.0 691.0
673.0 682.0 691.0
673.0 682.0 691.0
673.0 682.0 691.0
673.0 682.0 691.0
673.0 682.0 691.0
673.0 682.0 691.0
673.0 682.0 691.0
673.0 682.0 691.0
673.0 682.0 691.0
673.0 682.0 691.0
673.0 682.0 691.0
673.0 682.0 691.0
673.0 682.0 691.0
673.0 682.0 691.0
673.0 682.0 691.0
673.0 682.0 691.0
673.0 682.0 691.0
673.0 682.0 691.0
673.0 682.0 691.0
673.0 682.0 691.0
673.0 682.0 691.0
673.0 682.0 691.0
673.0 682.0 691.0
673.0 682.0 691.0
673.0 682.0 691.0
673.0 682.0 691.0
673.0 682.0 691.0
673.0 682.0 691.0
673.0 682.0 691.0
673.0 682.0 691.0
673.0 682.0 691.0
673.0 682.0 691.0
673.0 682.0 691.0
673.0 682.0 691.0
673.0 682.0 691.0
673.0 682.0 691.0
673.0 682.0 691.0
673.0 682.0 691.0
673.0 682.0 691.0
673.0 682.0 691.0
673.0 682.0 691.0
673.0 682.0 691.0
673.0 682.0 691.0
673.0 682.0 691.0
673.0 682.0 691.0
673.0 682.0 691.0
673.0 682.0 691.0
673.0 682.0 691.0
673.0 682.0 691.0
673.0 682.0 691.0
673.0 682.0 691.0
673.0 682.0 691.0
673.0 682.0 691.0
673.0 682.0 691.0
673.0 682.0 691.0
673.0 682.0 691.0
673.0 682.0 691.0
673.0 682.0 691.0
673.0 682.0 691.0
673.0 682.0 691.0
673.0 682.0 691.0
673.0 682.0 691.0
673.0 682.0 691.0
673.0 682.0 691.0
673.0 682.0 691.0
673.0 682.0 691.0
673.0 682.0 691.0
673.0 682.0 691.0
673.0 682.0 691.0
673.0 682.0 691.0
673.0 682.0 691.0
673.0 682.0 691.0
673.0 682.0 691.0
673.0 682.0 691.0
673.0 682.0 691.0
673.0 682.0 691.0
673.0 682.0 691.0
673.0 682.0 691.0
673.0 682.0 691.0
673.0 682.0 691.0
673.0 682.0 691.0
673.0 682.0 691.0
673.0 682.0 691.0
673.0 682.0 691.0
673.0 682.0 691.0
673.0 682.0 691.0
673.0 682.0 691.0
673.0 682.0 691.0
