9746.0 10886.5 12027.0
8850.0 9993.0 11136.0
5256.0 6534.5 7813.0
4864.0 5822.5 6781.0
3112.0 4571.0 6030.0
3112.0 3198.0 3284.0
3112.0 3412.0 3712.0
2819.0 3177.0 3535.0
1662.0 2303.5 2945.0
1662.0 2303.5 2945.0
1662.0 2303.5 2945.0
1662.0 2303.5 2945.0
1662.0 2303.5 2945.0
1662.0 2143.0 2624.0
1662.0 2052.5 2443.0
1662.0 2052.5 2443.0
1662.0 2052.5 2443.0
1662.0 1873.5 2085.0
1662.0 1866.5 2071.0
1396.0 1529.0 1662.0
1172.0 1417.0 1662.0
1172.0 1417.0 1662.0
1172.0 1417.0 1662.0
1172.0 1417.0 1662.0
1172.0 1417.0 1662.0
1172.0 1417.0 1662.0
1172.0 1417.0 1662.0
1172.0 1417.0 1662.0
1172.0 1417.0 1662.0
1172.0 1496.0 1820.0
1172.0 1496.5 1821.0
1172.0 1324.0 1476.0
1172.0 1324.0 1476.0
1172.0 1324.0 1476.0
1172.0 1324.0 1476.0
1172.0 1324.0 1476.0
1172.0 1324.0 1476.0
1172.0 1324.0 1476.0
1172.0 1324.0 1476.0
1172.0 1324.0 1476.0
1172.0 1324.0 1476.0
1172.0 1324.0 1476.0
1172.0 1324.0 1476.0
1172.0 1324.0 1476.0
1172.0 1324.0 1476.0
1172.0 1324.0 1476.0
1172.0 1324.0 1476.0
1172.0 1324.0 1476.0
1172.0 1324.0 1476.0
1172.0 1324.0 1476.0
1172.0 1324.0 1476.0
1172.0 1324.0 1476.0
1172.0 1324.0 1476.0
1172.0 1324.0 1476.0
1172.0 1324.0 1476.0
1172.0 1324.0 1476.0
1172.0 1324.0 1476.0
1172.0 1324.0 1476.0
1172.0 1324.0 1476.0
1172.0 1324.0 1476.0
1172.0 1324.0 1476.0
1172.0 1324.0 1476.0
1172.0 1324.0 1476.0
1172.0 1324.0 1476.0
1172.0 1324.0 1476.0
1172.0 1324.0 1476.0
1172.0 1324.0 1476.0
1172.0 1324.0 1476.0
1172.0 1324.0 1476.0
1172.0 1324.0 1476.0
1172.0 1324.0 1476.0
1172.0 1324.0 1476.0
1172.0 1324.0 1476.0
1172.0 1324.0 1476.0
1172.0 1324.0 1476.0
1172.0 1324.0 1476.0
1172.0 1324.0 1476.0
1172.0 1324.0 1476.0
1172.0 1324.0 1476.0
1172.0 1324.0 1476.0
1172.0 1324.0 1476.0
1172.0 1324.0 1476.0
1172.0 1324.0 1476.0
1172.0 1324.0 1476.0
1172.0 1324.0 1476.0
1172.0 1324.0 1476.0
1172.0 1324.0 1476.0
1172.0 1324.0 1476.0
1172.0 1324.0 1476.0
1172.0 1324.0 1476.0
1172.0 1324.0 1476.0
1172.0 1324.0 1476.0
1172.0 1324.0 1476.0
1172.0 1324.0 1476.0
1172.0 1324.0 1476.0
1172.0 1324.0 1476.0
1172.0 1324.0 1476.0
1172.0 1324.0 1476.0
1172.0 1324.0 1476.0
1172.0 1324.0 1476.0
1172.0 1324.0 1476.0
1172.0 1324.0 1476.0
1172.0 1324.0 1476.0
1172.0 1324.0 1476.0
1172.0 1324.0 1476.0
1172.0 1324.0 1476.0
1172.0 1324.0 1476.0
1172.0 1324.0 1476.0
1172.0 1324.0 1476.0
1172.0 1324.0 1476.0
1172.0 1324.0 1476.0
1172.0 1324.0 1476.0
1172.0 1324.0 1476.0
1172.0 1324.0 1476.0
1172.0 1324.0 1476.0
1172.0 1324.0 1476.0
1172.0 1324.0 1476.0
1172.0 1324.0 1476.0
1172.0 1324.0 1476.0
1172.0 1324.0 1476.0
1172.0 1324.0 1476.0
1172.0 1324.0 1476.0
1172.0 1324.0 1476.0
1172.0 1324.0 1476.0
1172.0 1324.0 1476.0
1172.0 1324.0 1476.0
1172.0 1324.0 1476.0
1172.0 1324.0 1476.0
1172.0 1324.0 1476.0
1172.0 1324.0 1476.0
1172.0 1324.0 1476.0
1172.0 1324.0 1476.0
1172.0 1324.0 1476.0
1172.0 1324.0 1476.0
1172.0 1324.0 1476.0
1172.0 1324.0 1476.0
1172.0 1324.0 1476.0
1172.0 1324.0 1476.0
1172.0 1324.0 1476.0
1172.0 1324.0 1476.0
1172.0 1324.0 1476.0
1172.0 1324.0 1476.0
1172.0 1324.0 1476.0
1172.0 1324.0 1476.0
1172.0 1324.0 1476.0
1172.0 1324.0 1476.0
1172.0 1324.0 1476.0
1172.0 1324.0 1476.0
1172.0 1324.0 1476.0
1172.0 1324.0 1476.0
1172.0 1324.0 1476.0
1172.0 1324.0 1476.0
1172.0 1324.0 1476.0
1172.0 1324.0 1476.0
1172.0 1324.0 1476.0
1172.0 1324.0 1476.0
1172.0 1324.0 1476.0
1172.0 1324.0 1476.0
1172.0 1324.0 1476.0
1172.0 1324.0 1476.0
1172.0 1324.0 1476.0
1172.0 1324.0 1476.0
1172.0 1324.0 1476.0
1172.0 1324.0 1476.0
1172.0 1324.0 1476.0
1172.0 1324.0 1476.0
1172.0 1324.0 1476.0
1172.0 1324.0 1476.0
1172.0 1324.0 1476.0
1172.0 1324.0 1476.0
1172.0 1324.0 1476.0
1172.0 1324.0 1476.0
1172.0 1324.0 1476.0
1172.0 1324.0 1476.0
1172.0 1324.0 1476.0
1172.0 1324.0 1476.0
1172.0 1324.0 1476.0
1172.0 1324.0 1476.0
1172.0 1324.0 1476.0
1172.0 1324.0 1476.0
1172.0 1324.0 1476.0
1172.0 1324.0 1476.0
1172.0 1324.0 1476.0
1172.0 1324.0 1476.0
1172.0 1324.0 1476.0
1172.0 1324.0 1476.0
1172.0 1324.0 1476.0
1172.0 1324.0 1476.0
1172.0 1324.0 1476.0
1172.0 1324.0 1476.0
1172.0 1324.0 1476.0
1172.0 1324.0 1476.0
1172.0 1324.0 1476.0
1172.0 1324.0 1476.0
1172.0 1324.0 1476.0
1172.0 1324.0 1476.0
1172.0 1324.0 1476.0
1172.0 1324.0 1476.0
1172.0 1324.0 1476.0
1172.0 1324.0 1476.0
