13785.0 13969.0 14153.0
11228.0 11985.0 12742.0
9946.0 10091.5 10237.0
8249.0 9138.5 10028.0
7887.0 8068.0 8249.0
7184.0 7320.5 7457.0
4859.0 5659.0 6459.0
5294.0 5772.0 6250.0
3799.0 3849.0 3899.0
3155.0 3790.0 4425.0
2545.0 3485.0 4425.0
2545.0 2979.0 3413.0
2545.0 3056.0 3567.0
1908.0 2062.0 2216.0
1908.0 2062.0 2216.0
1908.0 2062.0 2216.0
1908.0 2062.0 2216.0
1908.0 2062.0 2216.0
1908.0 2062.0 2216.0
1908.0 2062.0 2216.0
1908.0 2062.0 2216.0
1908.0 2062.0 2216.0
1908.0 2062.0 2216.0
1908.0 2062.0 2216.0
1908.0 2062.0 2216.0
1908.0 2062.0 2216.0
1908.0 2062.0 2216.0
1908.0 2062.0 2216.0
1908.0 2062.0 2216.0
1908.0 2062.0 2216.0
1908.0 2062.0 2216.0
1908.0 2062.0 2216.0
1908.0 2062.0 2216.0
1908.0 2062.0 2216.0
1908.0 2062.0 2216.0
1908.0 2062.0 2216.0
1908.0 2062.0 2216.0
1908.0 2062.0 2216.0
1908.0 2062.0 2216.0
1908.0 2062.0 2216.0
1416.0 1816.0 2216.0
1416.0 1816.0 2216.0
1416.0 1816.0 2216.0
1416.0 1816.0 2216.0
1416.0 1816.0 2216.0
1416.0 1816.0 2216.0
1416.0 1816.0 2216.0
1416.0 1816.0 2216.0
1416.0 1816.0 2216.0
1416.0 1816.0 2216.0
1416.0 1725.0 2034.0
1416.0 1661.5 1907.0
1416.0 1644.5 1873.0
1416.0 1644.5 1873.0
1416.0 1644.5 1873.0
1416.0 1644.5 1873.0
1416.0 1644.5 1873.0
1416.0 1644.5 1873.0
1416.0 1644.5 1873.0
1416.0 1644.5 1873.0
1416.0 1644.5 1873.0
1416.0 1644.5 1873.0
1416.0 1644.5 1873.0
1416.0 1644.5 1873.0
1416.0 1644.5 1873.0
1416.0 1644.5 1873.0
1416.0 1644.5 1873.0
1416.0 1644.5 1873.0
1416.0 1644.5 1873.0
1416.0 1644.5 1873.0
1416.0 1644.5 1873.0
1416.0 1644.5 1873.0
1416.0 1644.5 1873.0
1416.0 1644.5 1873.0
1416.0 1644.5 1873.0
1416.0 1644.5 1873.0
1416.0 1644.5 1873.0
1416.0 1644.5 1873.0
1416.0 1644.5 1873.0
1416.0 1644.5 1873.0
1416.0 1644.5 1873.0
1416.0 1644.5 1873.0
1416.0 1644.5 1873.0
1416.0 1644.5 1873.0
1416.0 1644.5 1873.0
1416.0 1644.5 1873.0
1416.0 1644.5 1873.0
1416.0 1644.5 1873.0
1416.0 1644.5 1873.0
1416.0 1644.5 1873.0
1416.0 1644.5 1873.0
1416.0 1644.5 1873.0
1416.0 1644.5 1873.0
1416.0 1644.5 1873.0
1416.0 1644.5 1873.0
1416.0 1644.5 1873.0
1416.0 1644.5 1873.0
1416.0 1644.5 1873.0
1416.0 1644.5 1873.0
1416.0 1644.5 1873.0
1416.0 1644.5 1873.0
1416.0 1644.5 1873.0
1416.0 1644.5 1873.0
1416.0 1644.5 1873.0
1416.0 1644.5 1873.0
1416.0 1644.5 1873.0
1416.0 1644.5 1873.0
1416.0 1644.5 1873.0
1416.0 1644.5 1873.0
1416.0 1644.5 1873.0
1416.0 1644.5 1873.0
1416.0 1644.5 1873.0
1416.0 1644.5 1873.0
1416.0 1644.5 1873.0
1416.0 1644.5 1873.0
1416.0 1644.5 1873.0
1416.0 1644.5 1873.0
1416.0 1644.5 1873.0
1416.0 1644.5 1873.0
1416.0 1644.5 1873.0
1416.0 1644.5 1873.0
1416.0 1644.5 1873.0
1416.0 1644.5 1873.0
1416.0 1644.5 1873.0
1416.0 1644.5 1873.0
1416.0 1644.5 1873.0
1416.0 1644.5 1873.0
1416.0 1644.5 1873.0
1416.0 1644.5 1873.0
1416.0 1644.5 1873.0
1416.0 1644.5 1873.0
1416.0 1644.5 1873.0
1416.0 1644.5 1873.0
1416.0 1644.5 1873.0
1416.0 1644.5 1873.0
1416.0 1644.5 1873.0
1416.0 1644.5 1873.0
1416.0 1644.5 1873.0
1416.0 1644.5 1873.0
1416.0 1644.5 1873.0
1416.0 1644.5 1873.0
1416.0 1644.5 1873.0
1416.0 1644.5 1873.0
1416.0 1644.5 1873.0
1416.0 1644.5 1873.0
1416.0 1644.5 1873.0
1416.0 1644.5 1873.0
1416.0 1644.5 1873.0
1416.0 1644.5 1873.0
1416.0 1644.5 1873.0
1416.0 1644.5 1873.0
1416.0 1644.5 1873.0
1416.0 1644.5 1873.0
1416.0 1644.5 1873.0
1416.0 1644.5 1873.0
1416.0 1644.5 1873.0
1416.0 1644.5 1873.0
1416.0 1644.5 1873.0
1416.0 1644.5 1873.0
1416.0 1644.5 1873.0
1416.0 1644.5 1873.0
1416.0 1644.5 1873.0
1416.0 1644.5 1873.0
1416.0 1644.5 1873.0
1416.0 1644.5 1873.0
1416.0 1644.5 1873.0
1416.0 1644.5 1873.0
1416.0 1644.5 1873.0
1416.0 1644.5 1873.0
1416.0 1644.5 1873.0
1416.0 1644.5 1873.0
1416.0 1644.5 1873.0
1416.0 1644.5 1873.0
1416.0 1644.5 1873.0
1416.0 1644.5 1873.0
1416.0 1644.5 1873.0
1416.0 1644.5 1873.0
1416.0 1644.5 1873.0
1416.0 1644.5 1873.0
1416.0 1644.5 1873.0
1416.0 1644.5 1873.0
1416.0 1644.5 1873.0
1416.0 1644.5 1873.0
1416.0 1644.5 1873.0
1416.0 1644.5 1873.0
1416.0 1644.5 1873.0
1416.0 1644.5 1873.0
1264.0 1568.5 1873.0
1264.0 1568.5 1873.0
1264.0 1568.5 1873.0
1264.0 1568.5 1873.0
1264.0 1568.5 1873.0
1264.0 1568.5 1873.0
1264.0 1568.5 1873.0
1264.0 1568.5 1873.0
1264.0 1568.5 1873.0
1264.0 1568.5 1873.0
1264.0 1568.5 1873.0
1264.0 1568.5 1873.0
1264.0 1568.5 1873.0
