12158.0 12515.0 12872.0
12170.0 12723.0 13276.0
8128.0 9165.5 10203.0
7643.0 8826.0 10009.0
5392.0 7405.0 9418.0
3946.0 4868.5 5791.0
3873.0 4578.5 5284.0
3559.0 3716.0 3873.0
3313.0 3436.0 3559.0
2321.0 2912.0 3503.0
2321.0 2788.0 3255.0
2321.0 2788.0 3255.0
2321.0 2788.0 3255.0
2321.0 2788.0 3255.0
2321.0 2788.0 3255.0
2321.0 2788.0 3255.0
2321.0 2788.0 3255.0
2321.0 2608.0 2895.0
2321.0 2581.0 2841.0
2321.0 2436.0 2551.0
2321.0 2436.0 2551.0
2321.0 2436.0 2551.0
1819.0 2070.0 2321.0
1819.0 2070.0 2321.0
1819.0 2070.0 2321.0
1819.0 2070.0 2321.0
1819.0 2070.0 2321.0
1819.0 2070.0 2321.0
1819.0 2070.0 2321.0
1819.0 2070.0 2321.0
1819.0 2070.0 2321.0
1819.0 2070.0 2321.0
1819.0 2070.0 2321.0
1819.0 2070.0 2321.0
1819.0 2070.0 2321.0
1819.0 2070.0 2321.0
1819.0 2070.0 2321.0
1819.0 2070.0 2321.0
1819.0 2070.0 2321.0
1819.0 2070.0 2321.0
1819.0 2070.0 2321.0
1819.0 2070.0 2321.0
1819.0 2070.0 2321.0
1819.0 2070.0 2321.0
1819.0 2070.0 2321.0
1819.0 2070.0 2321.0
1819.0 2070.0 2321.0
1819.0 2090.5 2362.0
1819.0 1890.5 1962.0
1754.0 1786.5 1819.0
1754.0 1786.5 1819.0
1754.0 1786.5 1819.0
1754.0 1786.5 1819.0
1754.0 1786.5 1819.0
1754.0 1786.5 1819.0
1754.0 1786.5 1819.0
1754.0 1786.5 1819.0
1754.0 1786.5 1819.0
1754.0 1786.5 1819.0
1754.0 1786.5 1819.0
1754.0 1786.5 1819.0
1754.0 1786.5 1819.0
1754.0 1786.5 1819.0
1754.0 1786.5 1819.0
1754.0 1786.5 1819.0
1754.0 1768.0 1782.0
1754.0 1768.0 1782.0
1754.0 1768.0 1782.0
1754.0 1768.0 1782.0
1754.0 1768.0 1782.0
1754.0 1768.0 1782.0
1754.0 1768.0 1782.0
1754.0 1768.0 1782.0
1754.0 1768.0 1782.0
1754.0 1768.0 1782.0
1754.0 1768.0 1782.0
1754.0 1768.0 1782.0
1754.0 1768.0 1782.0
1754.0 1768.0 1782.0
1754.0 1768.0 1782.0
1754.0 1768.0 1782.0
1754.0 1768.0 1782.0
1754.0 1768.0 1782.0
1754.0 1768.0 1782.0
1754.0 1768.0 1782.0
1754.0 1768.0 1782.0
1754.0 1768.0 1782.0
1754.0 1768.0 1782.0
1754.0 1768.0 1782.0
1754.0 1768.0 1782.0
1754.0 1768.0 1782.0
1754.0 1768.0 1782.0
1754.0 1768.0 1782.0
1754.0 1768.0 1782.0
1754.0 1768.0 1782.0
1754.0 1768.0 1782.0
1754.0 1768.0 1782.0
1754.0 1768.0 1782.0
1754.0 1768.0 1782.0
1754.0 1768.0 1782.0
1754.0 1768.0 1782.0
1754.0 2053.0 2352.0
1644.0 1699.0 1754.0
1644.0 1699.0 1754.0
1644.0 1699.0 1754.0
1644.0 1699.0 1754.0
1644.0 1699.0 1754.0
1644.0 1699.0 1754.0
1644.0 1699.0 1754.0
1644.0 1699.0 1754.0
1644.0 1699.0 1754.0
1644.0 1699.0 1754.0
1644.0 1699.0 1754.0
1644.0 1699.0 1754.0
1644.0 1699.0 1754.0
1644.0 1699.0 1754.0
1644.0 1699.0 1754.0
1644.0 1699.0 1754.0
1644.0 1699.0 1754.0
1644.0 1699.0 1754.0
1644.0 1699.0 1754.0
1644.0 1699.0 1754.0
1644.0 1699.0 1754.0
1644.0 1699.0 1754.0
1644.0 1699.0 1754.0
1644.0 1699.0 1754.0
1644.0 1699.0 1754.0
1644.0 1699.0 1754.0
1644.0 1699.0 1754.0
1644.0 1699.0 1754.0
1644.0 1699.0 1754.0
1644.0 1699.0 1754.0
1644.0 1699.0 1754.0
1644.0 1699.0 1754.0
1644.0 1699.0 1754.0
1644.0 1699.0 1754.0
1644.0 1699.0 1754.0
1644.0 1699.0 1754.0
1644.0 1699.0 1754.0
1644.0 1699.0 1754.0
1644.0 1699.0 1754.0
1644.0 1699.0 1754.0
1644.0 1699.0 1754.0
1644.0 1699.0 1754.0
1644.0 1699.0 1754.0
1644.0 1699.0 1754.0
1644.0 1699.0 1754.0
1644.0 1699.0 1754.0
1644.0 1699.0 1754.0
1644.0 1699.0 1754.0
1644.0 1699.0 1754.0
1644.0 1699.0 1754.0
1644.0 1699.0 1754.0
1644.0 1699.0 1754.0
1644.0 1699.0 1754.0
1644.0 1699.0 1754.0
1644.0 1699.0 1754.0
1644.0 1699.0 1754.0
1644.0 1699.0 1754.0
1644.0 1699.0 1754.0
1644.0 1699.0 1754.0
1644.0 1699.0 1754.0
1644.0 1699.0 1754.0
1644.0 1699.0 1754.0
1644.0 1699.0 1754.0
1644.0 1699.0 1754.0
1644.0 1699.0 1754.0
1644.0 1699.0 1754.0
1644.0 1699.0 1754.0
1644.0 1699.0 1754.0
1644.0 1699.0 1754.0
1644.0 1699.0 1754.0
1644.0 1699.0 1754.0
1644.0 1699.0 1754.0
1644.0 1699.0 1754.0
1644.0 1699.0 1754.0
1644.0 1699.0 1754.0
1644.0 1699.0 1754.0
1644.0 1699.0 1754.0
1644.0 1699.0 1754.0
1644.0 1699.0 1754.0
1644.0 1699.0 1754.0
1644.0 1699.0 1754.0
1644.0 1699.0 1754.0
1644.0 1699.0 1754.0
1644.0 1699.0 1754.0
1644.0 1699.0 1754.0
1644.0 1699.0 1754.0
1644.0 1699.0 1754.0
1644.0 1699.0 1754.0
1644.0 1699.0 1754.0
1644.0 1699.0 1754.0
1644.0 1699.0 1754.0
1644.0 1699.0 1754.0
1644.0 1699.0 1754.0
1644.0 1699.0 1754.0
1644.0 1699.0 1754.0
1644.0 1699.0 1754.0
1644.0 1699.0 1754.0
1644.0 1699.0 1754.0
