12255.0 13544.5 14834.0
10224.0 10642.5 11061.0
7255.0 7663.0 8071.0
5907.0 6171.5 6436.0
5151.0 5484.0 5817.0
4473.0 4489.5 4506.0
3133.0 3479.0 3825.0
2780.0 2956.5 3133.0
2452.0 2948.0 3444.0
2452.0 2804.5 3157.0
2350.0 2378.5 2407.0
1554.0 1952.0 2350.0
1554.0 1952.0 2350.0
1554.0 1952.0 2350.0
1554.0 1952.0 2350.0
1554.0 1952.0 2350.0
1554.0 1952.0 2350.0
1554.0 1952.0 2350.0
1547.0 1948.5 2350.0
1547.0 1948.5 2350.0
1547.0 1793.0 2039.0
1192.0 1296.0 1400.0
1192.0 1296.0 1400.0
783.0 1091.5 1400.0
783.0 1091.5 1400.0
767.0 1083.5 1400.0
767.0 1083.5 1400.0
767.0 1083.5 1400.0
767.0 1083.5 1400.0
767.0 1083.5 1400.0
767.0 1083.5 1400.0
767.0 1083.5 1400.0
767.0 1083.5 1400.0
767.0 1083.5 1400.0
767.0 1083.5 1400.0
767.0 1083.5 1400.0
767.0 1083.5 1400.0
767.0 1083.5 1400.0
767.0 1083.5 1400.0
767.0 1083.5 1400.0
767.0 1083.5 1400.0
767.0 1083.5 1400.0
767.0 1083.5 1400.0
767.0 1083.5 1400.0
767.0 1083.5 1400.0
767.0 1083.5 1400.0
767.0 1083.5 1400.0
767.0 1083.5 1400.0
767.0 1083.5 1400.0
767.0 1083.5 1400.0
767.0 1083.5 1400.0
767.0 1083.5 1400.0
767.0 1083.5 1400.0
767.0 1083.5 1400.0
767.0 1083.5 1400.0
767.0 1083.5 1400.0
767.0 1083.5 1400.0
767.0 1083.5 1400.0
767.0 1083.5 1400.0
767.0 1083.5 1400.0
767.0 1083.5 1400.0
767.0 1083.5 1400.0
767.0 1083.5 1400.0
767.0 1083.5 1400.0
767.0 1083.5 1400.0
767.0 1083.5 1400.0
767.0 1083.5 1400.0
767.0 1083.5 1400.0
767.0 1083.5 1400.0
767.0 1083.5 1400.0
767.0 1083.5 1400.0
767.0 1083.5 1400.0
767.0 1083.5 1400.0
767.0 1083.5 1400.0
767.0 1083.5 1400.0
767.0 1083.5 1400.0
767.0 1083.5 1400.0
767.0 1083.5 1400.0
767.0 1083.5 1400.0
767.0 1083.5 1400.0
767.0 1083.5 1400.0
767.0 1083.5 1400.0
767.0 1083.5 1400.0
767.0 1083.5 1400.0
767.0 1083.5 1400.0
767.0 1083.5 1400.0
767.0 1083.5 1400.0
767.0 1083.5 1400.0
767.0 1083.5 1400.0
767.0 1083.5 1400.0
767.0 1083.5 1400.0
767.0 1083.5 1400.0
767.0 1083.5 1400.0
767.0 1083.5 1400.0
767.0 1083.5 1400.0
767.0 1083.5 1400.0
767.0 1083.5 1400.0
767.0 1083.5 1400.0
767.0 1083.5 1400.0
767.0 1083.5 1400.0
767.0 1083.5 1400.0
767.0 1083.5 1400.0
767.0 1083.5 1400.0
767.0 987.5 1208.0
767.0 987.5 1208.0
767.0 976.0 1185.0
767.0 976.0 1185.0
767.0 806.0 845.0
767.0 806.0 845.0
767.0 806.0 845.0
767.0 806.0 845.0
767.0 806.0 845.0
767.0 806.0 845.0
767.0 806.0 845.0
767.0 806.0 845.0
767.0 806.0 845.0
767.0 806.0 845.0
767.0 806.0 845.0
767.0 806.0 845.0
767.0 806.0 845.0
767.0 806.0 845.0
767.0 806.0 845.0
767.0 806.0 845.0
767.0 806.0 845.0
767.0 806.0 845.0
767.0 806.0 845.0
767.0 806.0 845.0
767.0 806.0 845.0
767.0 806.0 845.0
767.0 806.0 845.0
767.0 806.0 845.0
767.0 806.0 845.0
767.0 806.0 845.0
767.0 806.0 845.0
767.0 806.0 845.0
767.0 806.0 845.0
767.0 806.0 845.0
767.0 806.0 845.0
767.0 806.0 845.0
767.0 806.0 845.0
767.0 806.0 845.0
767.0 806.0 845.0
767.0 806.0 845.0
767.0 806.0 845.0
767.0 806.0 845.0
767.0 806.0 845.0
767.0 806.0 845.0
767.0 806.0 845.0
767.0 806.0 845.0
767.0 806.0 845.0
767.0 806.0 845.0
767.0 806.0 845.0
767.0 806.0 845.0
767.0 806.0 845.0
767.0 806.0 845.0
767.0 806.0 845.0
767.0 806.0 845.0
767.0 806.0 845.0
767.0 806.0 845.0
767.0 806.0 845.0
767.0 806.0 845.0
767.0 806.0 845.0
767.0 806.0 845.0
767.0 806.0 845.0
767.0 806.0 845.0
767.0 806.0 845.0
767.0 806.0 845.0
767.0 806.0 845.0
767.0 806.0 845.0
767.0 806.0 845.0
767.0 806.0 845.0
767.0 806.0 845.0
767.0 806.0 845.0
767.0 806.0 845.0
767.0 806.0 845.0
767.0 806.0 845.0
767.0 806.0 845.0
767.0 806.0 845.0
767.0 806.0 845.0
767.0 806.0 845.0
767.0 806.0 845.0
767.0 806.0 845.0
767.0 806.0 845.0
767.0 806.0 845.0
767.0 806.0 845.0
767.0 806.0 845.0
767.0 806.0 845.0
767.0 806.0 845.0
767.0 806.0 845.0
767.0 806.0 845.0
767.0 806.0 845.0
767.0 806.0 845.0
767.0 806.0 845.0
767.0 806.0 845.0
767.0 806.0 845.0
767.0 806.0 845.0
767.0 806.0 845.0
767.0 806.0 845.0
767.0 806.0 845.0
767.0 806.0 845.0
