13970.0 14938.0 15906.0
11447.0 13221.5 14996.0
10484.0 11016.5 11549.0
7905.0 8048.5 8192.0
3036.0 5146.0 7256.0
3036.0 4337.0 5638.0
3036.0 3708.0 4380.0
2496.0 2955.5 3415.0
2061.0 2419.0 2777.0
1530.0 1687.5 1845.0
1530.0 1687.5 1845.0
1530.0 1687.5 1845.0
1530.0 1687.5 1845.0
1530.0 1687.5 1845.0
1530.0 1687.5 1845.0
1530.0 1687.5 1845.0
1530.0 1687.5 1845.0
1530.0 1687.5 1845.0
1530.0 1687.5 1845.0
1530.0 1687.5 1845.0
1818.0 1831.5 1845.0
1474.0 1659.5 1845.0
1474.0 1659.5 1845.0
1474.0 1659.5 1845.0
1474.0 1659.5 1845.0
1474.0 1659.5 1845.0
1474.0 1659.5 1845.0
1474.0 1659.5 1845.0
1474.0 1632.5 1791.0
1474.0 1701.0 1928.0
1474.0 1659.5 1845.0
1474.0 1547.5 1621.0
1474.0 1547.5 1621.0
1474.0 1547.5 1621.0
1474.0 1547.5 1621.0
1474.0 1479.0 1484.0
1474.0 1479.0 1484.0
1474.0 1479.0 1484.0
1474.0 1479.0 1484.0
1474.0 1479.0 1484.0
1474.0 1479.0 1484.0
1474.0 1479.0 1484.0
1474.0 1479.0 1484.0
1474.0 1479.0 1484.0
1474.0 1479.0 1484.0
1474.0 1479.0 1484.0
1474.0 1479.0 1484.0
1474.0 1479.0 1484.0
1474.0 1479.0 1484.0
1474.0 1479.0 1484.0
1474.0 1479.0 1484.0
1474.0 1479.0 1484.0
1474.0 1479.0 1484.0
1474.0 1479.0 1484.0
1474.0 1479.0 1484.0
1474.0 1479.0 1484.0
1474.0 1479.0 1484.0
1474.0 1479.0 1484.0
1474.0 1479.0 1484.0
1474.0 1479.0 1484.0
1474.0 1479.0 1484.0
1474.0 1479.0 1484.0
1474.0 1479.0 1484.0
1474.0 1479.0 1484.0
1474.0 1479.0 1484.0
1474.0 1479.0 1484.0
1474.0 1479.0 1484.0
1474.0 1479.0 1484.0
1474.0 1479.0 1484.0
1474.0 1479.0 1484.0
1474.0 1479.0 1484.0
1474.0 1479.0 1484.0
1474.0 1479.0 1484.0
1474.0 1479.0 1484.0
1474.0 1479.0 1484.0
1474.0 1479.0 1484.0
1474.0 1479.0 1484.0
1474.0 1479.0 1484.0
1474.0 1479.0 1484.0
1474.0 1479.0 1484.0
1474.0 1479.0 1484.0
1474.0 1479.0 1484.0
1474.0 1479.0 1484.0
1474.0 1479.0 1484.0
1474.0 1479.0 1484.0
1474.0 1479.0 1484.0
1474.0 1479.0 1484.0
1474.0 1479.0 1484.0
1474.0 1479.0 1484.0
1474.0 1479.0 1484.0
1474.0 1479.0 1484.0
1474.0 1479.0 1484.0
1474.0 1479.0 1484.0
1474.0 1479.0 1484.0
1474.0 1479.0 1484.0
1474.0 1479.0 1484.0
1474.0 1479.0 1484.0
1474.0 1479.0 1484.0
1474.0 1479.0 1484.0
1474.0 1479.0 1484.0
1474.0 1479.0 1484.0
1474.0 1479.0 1484.0
1474.0 1479.0 1484.0
1474.0 1479.0 1484.0
1474.0 1479.0 1484.0
1474.0 1479.0 1484.0
1474.0 1479.0 1484.0
1474.0 1479.0 1484.0
1474.0 1479.0 1484.0
1474.0 1479.0 1484.0
1474.0 1479.0 1484.0
1474.0 1479.0 1484.0
1474.0 1479.0 1484.0
1474.0 1479.0 1484.0
1474.0 1479.0 1484.0
1474.0 1479.0 1484.0
1474.0 1479.0 1484.0
1474.0 1479.0 1484.0
1474.0 1479.0 1484.0
1474.0 1479.0 1484.0
1474.0 1479.0 1484.0
1474.0 1479.0 1484.0
1474.0 1479.0 1484.0
1474.0 1479.0 1484.0
1474.0 1479.0 1484.0
1474.0 1479.0 1484.0
1474.0 1479.0 1484.0
1474.0 1479.0 1484.0
1474.0 1479.0 1484.0
1474.0 1479.0 1484.0
1474.0 1479.0 1484.0
1474.0 1479.0 1484.0
1474.0 1479.0 1484.0
1474.0 1479.0 1484.0
1474.0 1479.0 1484.0
1474.0 1479.0 1484.0
1474.0 1479.0 1484.0
1474.0 1479.0 1484.0
1474.0 1479.0 1484.0
1474.0 1479.0 1484.0
1474.0 1479.0 1484.0
1474.0 1479.0 1484.0
1474.0 1479.0 1484.0
1474.0 1479.0 1484.0
1474.0 1479.0 1484.0
1474.0 1479.0 1484.0
1474.0 1479.0 1484.0
1474.0 1479.0 1484.0
1474.0 1479.0 1484.0
1474.0 1479.0 1484.0
1474.0 1479.0 1484.0
1474.0 1479.0 1484.0
1474.0 1479.0 1484.0
1474.0 1479.0 1484.0
1474.0 1479.0 1484.0
1474.0 1479.0 1484.0
1474.0 1479.0 1484.0
1474.0 1479.0 1484.0
1474.0 1479.0 1484.0
1474.0 1479.0 1484.0
1474.0 1479.0 1484.0
1474.0 1479.0 1484.0
1474.0 1479.0 1484.0
1474.0 1479.0 1484.0
1474.0 1479.0 1484.0
1474.0 1479.0 1484.0
1474.0 1479.0 1484.0
1474.0 1479.0 1484.0
1474.0 1479.0 1484.0
1474.0 1479.0 1484.0
1474.0 1479.0 1484.0
1474.0 1479.0 1484.0
1474.0 1479.0 1484.0
1474.0 1479.0 1484.0
1474.0 1479.0 1484.0
1474.0 1479.0 1484.0
1474.0 1479.0 1484.0
1474.0 1479.0 1484.0
1474.0 1479.0 1484.0
1474.0 1479.0 1484.0
1474.0 1479.0 1484.0
1474.0 1479.0 1484.0
1474.0 1479.0 1484.0
1474.0 1479.0 1484.0
1474.0 1479.0 1484.0
1474.0 1479.0 1484.0
1474.0 1479.0 1484.0
1474.0 1479.0 1484.0
1474.0 1479.0 1484.0
1474.0 1479.0 1484.0
1474.0 1479.0 1484.0
1474.0 1479.0 1484.0
1474.0 1479.0 1484.0
1474.0 1479.0 1484.0
1384.0 1429.0 1474.0
1384.0 1429.0 1474.0
1384.0 1429.0 1474.0
1384.0 1429.0 1474.0
1384.0 1429.0 1474.0
1384.0 1429.0 1474.0
