10850.0 12027.0 13204.0
9746.0 10360.0 10974.0
9791.0 9812.0 9833.0
7527.0 7897.5 8268.0
8001.0 8020.5 8040.0
6001.0 7020.5 8040.0
5216.0 5823.0 6430.0
3871.0 4463.5 5056.0
3081.0 3493.0 3905.0
3081.0 3493.0 3905.0
3081.0 3493.0 3905.0
3103.0 3504.0 3905.0
2418.0 2965.0 3512.0
2758.0 2962.5 3167.0
2758.0 2919.0 3080.0
2204.0 2481.0 2758.0
2204.0 2481.0 2758.0
2204.0 2481.0 2758.0
2204.0 2481.0 2758.0
2204.0 2481.0 2758.0
2204.0 2481.0 2758.0
2204.0 2481.0 2758.0
2204.0 2481.0 2758.0
2204.0 2481.0 2758.0
2204.0 2481.0 2758.0
2204.0 2282.5 2361.0
2204.0 2309.0 2414.0
2204.0 2309.0 2414.0
2204.0 2309.0 2414.0
2204.0 2309.0 2414.0
2204.0 2309.0 2414.0
2204.0 2309.0 2414.0
2204.0 2309.0 2414.0
2204.0 2309.0 2414.0
2136.0 2275.0 2414.0
1861.0 2137.5 2414.0
1861.0 2137.5 2414.0
1861.0 2137.5 2414.0
1861.0 2137.5 2414.0
1861.0 2137.5 2414.0
1861.0 2137.5 2414.0
1668.0 2041.0 2414.0
1792.0 2103.0 2414.0
1668.0 2041.0 2414.0
2013.0 2213.5 2414.0
2013.0 2213.5 2414.0
2013.0 2213.5 2414.0
2013.0 2213.5 2414.0
2013.0 2213.5 2414.0
2013.0 2213.5 2414.0
2013.0 2213.5 2414.0
2013.0 2213.5 2414.0
2013.0 2213.5 2414.0
2013.0 2213.5 2414.0
2013.0 2213.5 2414.0
2013.0 2213.5 2414.0
1560.0 1786.5 2013.0
1388.0 1700.5 2013.0
1388.0 1700.5 2013.0
1388.0 1700.5 2013.0
1388.0 1700.5 2013.0
1388.0 1700.5 2013.0
1388.0 1700.5 2013.0
1388.0 1700.5 2013.0
1388.0 1700.5 2013.0
1388.0 1700.5 2013.0
1388.0 1700.5 2013.0
1388.0 1700.5 2013.0
1388.0 1700.5 2013.0
1388.0 1700.5 2013.0
1388.0 1700.5 2013.0
1388.0 1700.5 2013.0
1388.0 1700.5 2013.0
1388.0 1700.5 2013.0
1388.0 1700.5 2013.0
1388.0 1700.5 2013.0
1388.0 1700.5 2013.0
1388.0 1700.5 2013.0
1388.0 1700.5 2013.0
1388.0 1700.5 2013.0
1388.0 1700.5 2013.0
1388.0 1700.5 2013.0
1388.0 1700.5 2013.0
1388.0 1700.5 2013.0
1388.0 1700.5 2013.0
1388.0 1700.5 2013.0
1388.0 1700.5 2013.0
1388.0 1700.5 2013.0
1388.0 1700.5 2013.0
1388.0 1700.5 2013.0
1388.0 1700.5 2013.0
1388.0 1700.5 2013.0
1388.0 1700.5 2013.0
1388.0 1700.5 2013.0
1388.0 1700.5 2013.0
1388.0 1700.5 2013.0
1388.0 1700.5 2013.0
1388.0 1700.5 2013.0
1388.0 1700.5 2013.0
1388.0 1700.5 2013.0
1388.0 1700.5 2013.0
1388.0 1700.5 2013.0
1388.0 1700.5 2013.0
1388.0 1700.5 2013.0
1388.0 1700.5 2013.0
1388.0 1700.5 2013.0
1388.0 1700.5 2013.0
1388.0 1700.5 2013.0
1388.0 1700.5 2013.0
1388.0 1700.5 2013.0
1388.0 1700.5 2013.0
1388.0 1700.5 2013.0
1388.0 1700.5 2013.0
1388.0 1700.5 2013.0
1388.0 1700.5 2013.0
1388.0 1700.5 2013.0
1388.0 1700.5 2013.0
1388.0 1700.5 2013.0
1388.0 1700.5 2013.0
1388.0 1700.5 2013.0
1388.0 1700.5 2013.0
1388.0 1700.5 2013.0
1388.0 1700.5 2013.0
1388.0 1700.5 2013.0
1388.0 1700.5 2013.0
1388.0 1700.5 2013.0
1388.0 1700.5 2013.0
1388.0 1700.5 2013.0
1388.0 1700.5 2013.0
1388.0 1700.5 2013.0
1388.0 1700.5 2013.0
1388.0 1700.5 2013.0
1388.0 1700.5 2013.0
1388.0 1700.5 2013.0
1388.0 1700.5 2013.0
1388.0 1700.5 2013.0
1388.0 1700.5 2013.0
1388.0 1700.5 2013.0
1388.0 1700.5 2013.0
1388.0 1700.5 2013.0
1388.0 1700.5 2013.0
1388.0 1700.5 2013.0
1388.0 1700.5 2013.0
1388.0 1700.5 2013.0
1388.0 1700.5 2013.0
1388.0 1700.5 2013.0
1388.0 1700.5 2013.0
1388.0 1700.5 2013.0
1388.0 1700.5 2013.0
1388.0 1700.5 2013.0
1388.0 1700.5 2013.0
1388.0 1700.5 2013.0
1388.0 1700.5 2013.0
1388.0 1700.5 2013.0
1388.0 1700.5 2013.0
1388.0 1700.5 2013.0
1388.0 1700.5 2013.0
1388.0 1700.5 2013.0
1388.0 1700.5 2013.0
1388.0 1700.5 2013.0
1388.0 1700.5 2013.0
1388.0 1700.5 2013.0
1388.0 1700.5 2013.0
1388.0 1700.5 2013.0
1388.0 1700.5 2013.0
1388.0 1700.5 2013.0
1388.0 1700.5 2013.0
1388.0 1700.5 2013.0
1388.0 1700.5 2013.0
1388.0 1700.5 2013.0
1388.0 1700.5 2013.0
1388.0 1700.5 2013.0
1388.0 1700.5 2013.0
1388.0 1700.5 2013.0
1388.0 1700.5 2013.0
1388.0 1700.5 2013.0
1388.0 1700.5 2013.0
1388.0 1700.5 2013.0
1388.0 1700.5 2013.0
1388.0 1700.5 2013.0
1388.0 1700.5 2013.0
1388.0 1700.5 2013.0
1388.0 1700.5 2013.0
1388.0 1700.5 2013.0
1388.0 1700.5 2013.0
1388.0 1700.5 2013.0
1388.0 1700.5 2013.0
1388.0 1700.5 2013.0
1388.0 1700.5 2013.0
1388.0 1700.5 2013.0
1388.0 1700.5 2013.0
1388.0 1700.5 2013.0
1388.0 1700.5 2013.0
1388.0 1700.5 2013.0
1388.0 1700.5 2013.0
1388.0 1700.5 2013.0
1388.0 1700.5 2013.0
1388.0 1700.5 2013.0
1388.0 1700.5 2013.0
1388.0 1700.5 2013.0
