14364.0 14518.0 14672.0
13110.0 13644.5 14179.0
10420.0 12013.0 13606.0
9045.0 10094.5 11144.0
7792.0 7832.5 7873.0
6396.0 6581.0 6766.0
4894.0 5449.0 6004.0
3119.0 4006.5 4894.0
3119.0 3257.0 3395.0
3395.0 3452.5 3510.0
3341.0 3425.5 3510.0
3341.0 3425.5 3510.0
3341.0 3425.5 3510.0
3341.0 3425.5 3510.0
3341.0 3425.5 3510.0
2233.0 2658.0 3083.0
2687.0 2702.5 2718.0
2625.0 2677.0 2729.0
2526.0 2575.5 2625.0
2511.0 2568.0 2625.0
2511.0 2568.0 2625.0
2511.0 2568.0 2625.0
2511.0 2568.0 2625.0
2511.0 2568.0 2625.0
2511.0 2568.0 2625.0
2511.0 2568.0 2625.0
2511.0 2568.0 2625.0
2511.0 2568.0 2625.0
1675.0 2093.0 2511.0
1675.0 2093.0 2511.0
1675.0 2093.0 2511.0
1675.0 2093.0 2511.0
1675.0 2093.0 2511.0
1675.0 2093.0 2511.0
1675.0 2093.0 2511.0
1675.0 2093.0 2511.0
1675.0 2093.0 2511.0
1675.0 2093.0 2511.0
1675.0 2093.0 2511.0
1675.0 2093.0 2511.0
1675.0 2093.0 2511.0
1675.0 2093.0 2511.0
1675.0 2093.0 2511.0
1675.0 1782.5 1890.0
1675.0 1782.5 1890.0
1675.0 1782.5 1890.0
1675.0 1782.5 1890.0
1675.0 1782.5 1890.0
1675.0 1782.5 1890.0
1675.0 1782.5 1890.0
1675.0 1782.5 1890.0
1675.0 1856.0 2037.0
1552.0 1613.5 1675.0
1552.0 1613.5 1675.0
1552.0 1613.5 1675.0
1552.0 1613.5 1675.0
1552.0 1613.5 1675.0
1552.0 1613.5 1675.0
1552.0 1613.5 1675.0
1552.0 1613.5 1675.0
1552.0 1613.5 1675.0
1552.0 1613.5 1675.0
1552.0 1613.5 1675.0
1552.0 1613.5 1675.0
1552.0 1613.5 1675.0
1552.0 1613.5 1675.0
1552.0 1613.5 1675.0
1552.0 1613.5 1675.0
1552.0 1613.5 1675.0
1552.0 1613.5 1675.0
1552.0 1613.5 1675.0
1552.0 1613.5 1675.0
1190.0 1371.0 1552.0
1190.0 1371.0 1552.0
1190.0 1371.0 1552.0
1190.0 1371.0 1552.0
1190.0 1371.0 1552.0
1190.0 1371.0 1552.0
1190.0 1371.0 1552.0
1190.0 1371.0 1552.0
1190.0 1371.0 1552.0
1190.0 1371.0 1552.0
1190.0 1371.0 1552.0
1190.0 1371.0 1552.0
1190.0 1371.0 1552.0
1190.0 1371.0 1552.0
1190.0 1371.0 1552.0
1190.0 1371.0 1552.0
1190.0 1371.0 1552.0
1190.0 1371.0 1552.0
1190.0 1371.0 1552.0
1190.0 1371.0 1552.0
1190.0 1371.0 1552.0
1190.0 1371.0 1552.0
1190.0 1371.0 1552.0
1190.0 1371.0 1552.0
1190.0 1371.0 1552.0
1190.0 1371.0 1552.0
1190.0 1371.0 1552.0
1190.0 1371.0 1552.0
1190.0 1371.0 1552.0
1190.0 1371.0 1552.0
1190.0 1371.0 1552.0
1190.0 1371.0 1552.0
1190.0 1371.0 1552.0
1190.0 1371.0 1552.0
1190.0 1371.0 1552.0
1190.0 1371.0 1552.0
1190.0 1371.0 1552.0
1190.0 1371.0 1552.0
1190.0 1371.0 1552.0
1190.0 1371.0 1552.0
1190.0 1371.0 1552.0
1190.0 1371.0 1552.0
1190.0 1371.0 1552.0
1190.0 1371.0 1552.0
1190.0 1371.0 1552.0
1190.0 1371.0 1552.0
1190.0 1371.0 1552.0
1190.0 1371.0 1552.0
1190.0 1371.0 1552.0
1190.0 1371.0 1552.0
1190.0 1371.0 1552.0
1190.0 1371.0 1552.0
1190.0 1371.0 1552.0
1190.0 1371.0 1552.0
1190.0 1371.0 1552.0
1190.0 1371.0 1552.0
1190.0 1371.0 1552.0
1190.0 1371.0 1552.0
1190.0 1371.0 1552.0
1190.0 1371.0 1552.0
1190.0 1371.0 1552.0
1190.0 1371.0 1552.0
1190.0 1371.0 1552.0
1190.0 1371.0 1552.0
1190.0 1371.0 1552.0
1190.0 1371.0 1552.0
1190.0 1371.0 1552.0
1190.0 1371.0 1552.0
1190.0 1371.0 1552.0
1190.0 1371.0 1552.0
1190.0 1371.0 1552.0
1190.0 1371.0 1552.0
1190.0 1371.0 1552.0
1190.0 1371.0 1552.0
1190.0 1371.0 1552.0
1190.0 1371.0 1552.0
1190.0 1371.0 1552.0
1190.0 1371.0 1552.0
1190.0 1371.0 1552.0
1190.0 1371.0 1552.0
1190.0 1371.0 1552.0
1190.0 1371.0 1552.0
1190.0 1371.0 1552.0
1190.0 1371.0 1552.0
1190.0 1371.0 1552.0
1190.0 1371.0 1552.0
1190.0 1371.0 1552.0
1190.0 1401.0 1612.0
1160.0 1175.0 1190.0
1160.0 1175.0 1190.0
1160.0 1175.0 1190.0
1160.0 1175.0 1190.0
1160.0 1175.0 1190.0
1160.0 1175.0 1190.0
1160.0 1175.0 1190.0
1160.0 1175.0 1190.0
1160.0 1175.0 1190.0
1160.0 1175.0 1190.0
1160.0 1175.0 1190.0
1160.0 1175.0 1190.0
1160.0 1175.0 1190.0
1160.0 1175.0 1190.0
1160.0 1175.0 1190.0
1160.0 1175.0 1190.0
1017.0 1088.5 1160.0
1017.0 1088.5 1160.0
1017.0 1088.5 1160.0
1017.0 1088.5 1160.0
1017.0 1088.5 1160.0
1017.0 1088.5 1160.0
1017.0 1088.5 1160.0
1017.0 1088.5 1160.0
1017.0 1088.5 1160.0
1017.0 1088.5 1160.0
1017.0 1088.5 1160.0
1017.0 1088.5 1160.0
1017.0 1088.5 1160.0
1017.0 1088.5 1160.0
1017.0 1088.5 1160.0
1017.0 1088.5 1160.0
1017.0 1088.5 1160.0
1017.0 1088.5 1160.0
1017.0 1088.5 1160.0
1017.0 1088.5 1160.0
1017.0 1088.5 1160.0
1017.0 1088.5 1160.0
1017.0 1088.5 1160.0
1017.0 1088.5 1160.0
