14154.0 14332.5 14511.0
12779.0 13665.5 14552.0
10425.0 11011.0 11597.0
8611.0 8648.5 8686.0
5631.0 6413.0 7195.0
4985.0 6090.0 7195.0
4283.0 5261.5 6240.0
4846.0 5454.5 6063.0
4427.0 4636.5 4846.0
2246.0 3173.5 4101.0
2246.0 3153.5 4061.0
2246.0 3153.5 4061.0
2246.0 2727.5 3209.0
1693.0 1969.5 2246.0
1693.0 1969.5 2246.0
1693.0 1969.5 2246.0
1693.0 1969.5 2246.0
1693.0 1969.5 2246.0
1693.0 1969.5 2246.0
2220.0 2233.0 2246.0
2131.0 2188.5 2246.0
2131.0 2188.5 2246.0
2131.0 2188.5 2246.0
1675.0 1903.0 2131.0
1675.0 1903.0 2131.0
1675.0 1903.0 2131.0
1675.0 1903.0 2131.0
1675.0 1903.0 2131.0
1675.0 1903.0 2131.0
1675.0 1903.0 2131.0
1675.0 1903.0 2131.0
1675.0 1903.0 2131.0
1675.0 1903.0 2131.0
1675.0 1903.0 2131.0
1675.0 1903.0 2131.0
1675.0 1903.0 2131.0
1675.0 1903.0 2131.0
1675.0 1903.0 2131.0
1675.0 1903.0 2131.0
1675.0 1903.0 2131.0
1122.0 1398.5 1675.0
1122.0 1398.5 1675.0
1122.0 1398.5 1675.0
1122.0 1398.5 1675.0
1122.0 1398.5 1675.0
1122.0 1398.5 1675.0
1122.0 1398.5 1675.0
1122.0 1398.5 1675.0
1122.0 1398.5 1675.0
1122.0 1398.5 1675.0
1122.0 1398.5 1675.0
1122.0 1398.5 1675.0
1122.0 1398.5 1675.0
1122.0 1398.5 1675.0
1122.0 1398.5 1675.0
1122.0 1398.5 1675.0
1122.0 1398.5 1675.0
1122.0 1398.5 1675.0
1122.0 1398.5 1675.0
1122.0 1398.5 1675.0
1122.0 1398.5 1675.0
1122.0 1398.5 1675.0
1122.0 1398.5 1675.0
1122.0 1398.5 1675.0
1122.0 1398.5 1675.0
1122.0 1398.5 1675.0
1122.0 1398.5 1675.0
1122.0 1398.5 1675.0
1122.0 1398.5 1675.0
1122.0 1398.5 1675.0
1122.0 1398.5 1675.0
1122.0 1398.5 1675.0
1122.0 1398.5 1675.0
1122.0 1398.5 1675.0
1122.0 1398.5 1675.0
1122.0 1398.5 1675.0
1122.0 1398.5 1675.0
1122.0 1398.5 1675.0
1122.0 1398.5 1675.0
1122.0 1398.5 1675.0
1122.0 1398.5 1675.0
1122.0 1398.5 1675.0
1122.0 1398.5 1675.0
1122.0 1398.5 1675.0
1122.0 1398.5 1675.0
1122.0 1398.5 1675.0
1122.0 1398.5 1675.0
1122.0 1398.5 1675.0
1122.0 1398.5 1675.0
1122.0 1398.5 1675.0
1122.0 1398.5 1675.0
1122.0 1398.5 1675.0
1122.0 1398.5 1675.0
1122.0 1398.5 1675.0
1122.0 1398.5 1675.0
1122.0 1398.5 1675.0
1122.0 1398.5 1675.0
1122.0 1398.5 1675.0
1122.0 1398.5 1675.0
1122.0 1398.5 1675.0
1122.0 1398.5 1675.0
1122.0 1398.5 1675.0
1122.0 1398.5 1675.0
1122.0 1398.5 1675.0
1122.0 1398.5 1675.0
1122.0 1398.5 1675.0
1122.0 1398.5 1675.0
1122.0 1398.5 1675.0
1122.0 1398.5 1675.0
1122.0 1398.5 1675.0
1122.0 1398.5 1675.0
1122.0 1398.5 1675.0
1122.0 1398.5 1675.0
1122.0 1398.5 1675.0
1122.0 1398.5 1675.0
1122.0 1398.5 1675.0
1122.0 1398.5 1675.0
1122.0 1398.5 1675.0
1122.0 1398.5 1675.0
1122.0 1398.5 1675.0
1122.0 1398.5 1675.0
1122.0 1398.5 1675.0
1122.0 1398.5 1675.0
1122.0 1398.5 1675.0
1122.0 1398.5 1675.0
1122.0 1398.5 1675.0
1122.0 1398.5 1675.0
1122.0 1398.5 1675.0
1122.0 1398.5 1675.0
1122.0 1398.5 1675.0
1122.0 1398.5 1675.0
1122.0 1398.5 1675.0
1122.0 1398.5 1675.0
1122.0 1398.5 1675.0
1122.0 1398.5 1675.0
1122.0 1398.5 1675.0
1122.0 1398.5 1675.0
1122.0 1398.5 1675.0
1122.0 1398.5 1675.0
1122.0 1398.5 1675.0
1122.0 1398.5 1675.0
1122.0 1398.5 1675.0
1122.0 1398.5 1675.0
1122.0 1398.5 1675.0
1122.0 1398.5 1675.0
1122.0 1398.5 1675.0
1122.0 1398.5 1675.0
1122.0 1398.5 1675.0
1122.0 1398.5 1675.0
1122.0 1398.5 1675.0
1122.0 1398.5 1675.0
1122.0 1398.5 1675.0
1122.0 1398.5 1675.0
1122.0 1398.5 1675.0
1122.0 1567.5 2013.0
1122.0 1358.5 1595.0
1122.0 1395.0 1668.0
1122.0 1395.0 1668.0
1122.0 1395.0 1668.0
1122.0 1395.0 1668.0
1122.0 1395.0 1668.0
1122.0 1395.0 1668.0
1122.0 1395.0 1668.0
1122.0 1395.0 1668.0
1122.0 1395.0 1668.0
1122.0 1395.0 1668.0
1122.0 1395.0 1668.0
1122.0 1395.0 1668.0
1122.0 1395.0 1668.0
1122.0 1395.0 1668.0
1122.0 1395.0 1668.0
1122.0 1395.0 1668.0
1122.0 1395.0 1668.0
1122.0 1395.0 1668.0
1122.0 1395.0 1668.0
1122.0 1395.0 1668.0
1122.0 1395.0 1668.0
1122.0 1395.0 1668.0
1122.0 1395.0 1668.0
1122.0 1395.0 1668.0
1122.0 1395.0 1668.0
1122.0 1395.0 1668.0
1122.0 1395.0 1668.0
1122.0 1395.0 1668.0
1122.0 1395.0 1668.0
1122.0 1395.0 1668.0
1122.0 1395.0 1668.0
1122.0 1395.0 1668.0
1122.0 1395.0 1668.0
1122.0 1395.0 1668.0
1122.0 1395.0 1668.0
1122.0 1395.0 1668.0
1122.0 1395.0 1668.0
1122.0 1395.0 1668.0
1122.0 1395.0 1668.0
1122.0 1395.0 1668.0
1122.0 1395.0 1668.0
1122.0 1395.0 1668.0
1122.0 1395.0 1668.0
1122.0 1395.0 1668.0
