12235.0 14589.0 16943.0
8945.0 9811.5 10678.0
7306.0 8647.5 9989.0
7444.0 8237.0 9030.0
4446.0 5936.0 7426.0
4703.0 4778.0 4853.0
4853.0 5072.5 5292.0
2954.0 3310.5 3667.0
3065.0 3366.0 3667.0
2402.0 2684.5 2967.0
2402.0 2732.0 3062.0
2543.0 2588.0 2633.0
2543.0 2588.0 2633.0
2498.0 2565.5 2633.0
1771.0 2202.0 2633.0
1771.0 1795.0 1819.0
1490.0 1630.5 1771.0
1490.0 1630.5 1771.0
1490.0 1630.5 1771.0
1490.0 1630.5 1771.0
1490.0 1630.5 1771.0
1490.0 1630.5 1771.0
1490.0 1630.5 1771.0
1490.0 1630.5 1771.0
1490.0 1630.5 1771.0
1490.0 1630.5 1771.0
1490.0 1630.5 1771.0
1490.0 1630.5 1771.0
1490.0 1630.5 1771.0
1490.0 1630.5 1771.0
1490.0 1630.5 1771.0
1490.0 1630.5 1771.0
1490.0 1630.5 1771.0
1490.0 1630.5 1771.0
1490.0 1630.5 1771.0
1490.0 1630.5 1771.0
1490.0 1630.5 1771.0
1490.0 1630.5 1771.0
1490.0 1630.5 1771.0
1490.0 1630.5 1771.0
1490.0 1630.5 1771.0
1490.0 1630.5 1771.0
1490.0 1630.5 1771.0
1490.0 1630.5 1771.0
1273.0 1522.0 1771.0
1273.0 1522.0 1771.0
1273.0 1522.0 1771.0
1273.0 1522.0 1771.0
1273.0 1522.0 1771.0
1273.0 1522.0 1771.0
1273.0 1522.0 1771.0
1273.0 1522.0 1771.0
1273.0 1522.0 1771.0
1273.0 1522.0 1771.0
1273.0 1522.0 1771.0
1273.0 1522.0 1771.0
1273.0 1522.0 1771.0
1273.0 1522.0 1771.0
1273.0 1522.0 1771.0
1273.0 1522.0 1771.0
1273.0 1522.0 1771.0
1273.0 1522.0 1771.0
1273.0 1522.0 1771.0
1273.0 1522.0 1771.0
1273.0 1522.0 1771.0
1273.0 1522.0 1771.0
1273.0 1522.0 1771.0
1273.0 1522.0 1771.0
1273.0 1522.0 1771.0
1273.0 1522.0 1771.0
1273.0 1522.0 1771.0
1273.0 1522.0 1771.0
1273.0 1522.0 1771.0
1273.0 1522.0 1771.0
1273.0 1522.0 1771.0
1273.0 1522.0 1771.0
1273.0 1522.0 1771.0
1273.0 1522.0 1771.0
1273.0 1522.0 1771.0
1273.0 1522.0 1771.0
1273.0 1522.0 1771.0
1273.0 1522.0 1771.0
1273.0 1374.0 1475.0
1273.0 1374.0 1475.0
1273.0 1374.0 1475.0
1273.0 1374.0 1475.0
1273.0 1374.0 1475.0
1273.0 1374.0 1475.0
1273.0 1374.0 1475.0
1273.0 1374.0 1475.0
1273.0 1374.0 1475.0
1273.0 1374.0 1475.0
1273.0 1374.0 1475.0
1273.0 1374.0 1475.0
1273.0 1374.0 1475.0
1273.0 1374.0 1475.0
1273.0 1374.0 1475.0
1273.0 1374.0 1475.0
1273.0 1374.0 1475.0
1273.0 1374.0 1475.0
1273.0 1374.0 1475.0
1273.0 1374.0 1475.0
1273.0 1374.0 1475.0
1273.0 1374.0 1475.0
1273.0 1374.0 1475.0
1273.0 1374.0 1475.0
1273.0 1374.0 1475.0
1273.0 1374.0 1475.0
1273.0 1374.0 1475.0
1273.0 1374.0 1475.0
1273.0 1374.0 1475.0
1273.0 1374.0 1475.0
1273.0 1374.0 1475.0
1273.0 1374.0 1475.0
1273.0 1374.0 1475.0
1273.0 1374.0 1475.0
1273.0 1374.0 1475.0
1273.0 1374.0 1475.0
1273.0 1374.0 1475.0
1273.0 1374.0 1475.0
1273.0 1374.0 1475.0
1273.0 1374.0 1475.0
1273.0 1374.0 1475.0
1273.0 1374.0 1475.0
1273.0 1374.0 1475.0
1273.0 1374.0 1475.0
1273.0 1374.0 1475.0
1273.0 1374.0 1475.0
1273.0 1374.0 1475.0
1273.0 1374.0 1475.0
1273.0 1374.0 1475.0
1273.0 1374.0 1475.0
1273.0 1374.0 1475.0
1273.0 1374.0 1475.0
1273.0 1374.0 1475.0
1273.0 1374.0 1475.0
1273.0 1374.0 1475.0
1273.0 1374.0 1475.0
1273.0 1374.0 1475.0
1273.0 1374.0 1475.0
1273.0 1374.0 1475.0
1273.0 1374.0 1475.0
1273.0 1374.0 1475.0
1273.0 1374.0 1475.0
1273.0 1374.0 1475.0
1273.0 1374.0 1475.0
1273.0 1374.0 1475.0
1273.0 1374.0 1475.0
1273.0 1374.0 1475.0
1273.0 1374.0 1475.0
1273.0 1374.0 1475.0
1273.0 1374.0 1475.0
1273.0 1374.0 1475.0
1273.0 1374.0 1475.0
1273.0 1374.0 1475.0
1273.0 1374.0 1475.0
1273.0 1374.0 1475.0
1273.0 1374.0 1475.0
1273.0 1374.0 1475.0
1273.0 1374.0 1475.0
1273.0 1374.0 1475.0
1273.0 1374.0 1475.0
1273.0 1374.0 1475.0
1273.0 1374.0 1475.0
1273.0 1374.0 1475.0
1273.0 1374.0 1475.0
1273.0 1374.0 1475.0
1273.0 1374.0 1475.0
1273.0 1374.0 1475.0
1273.0 1374.0 1475.0
1273.0 1374.0 1475.0
1273.0 1374.0 1475.0
1273.0 1374.0 1475.0
1273.0 1374.0 1475.0
1273.0 1374.0 1475.0
1273.0 1374.0 1475.0
1273.0 1374.0 1475.0
1273.0 1374.0 1475.0
1273.0 1374.0 1475.0
1273.0 1374.0 1475.0
1273.0 1374.0 1475.0
1273.0 1374.0 1475.0
1273.0 1374.0 1475.0
1273.0 1374.0 1475.0
1273.0 1374.0 1475.0
1273.0 1374.0 1475.0
1273.0 1374.0 1475.0
1273.0 1374.0 1475.0
1273.0 1374.0 1475.0
1273.0 1374.0 1475.0
1273.0 1374.0 1475.0
1273.0 1374.0 1475.0
1273.0 1374.0 1475.0
1273.0 1374.0 1475.0
1273.0 1374.0 1475.0
1273.0 1374.0 1475.0
1273.0 1374.0 1475.0
1273.0 1374.0 1475.0
1273.0 1374.0 1475.0
1273.0 1374.0 1475.0
