11372.0 12002.0 12632.0
9242.0 9716.5 10191.0
7455.0 8144.0 8833.0
6076.0 6436.0 6796.0
4273.0 4950.5 5628.0
3104.0 4024.0 4944.0
2769.0 2832.0 2895.0
1492.0 1814.0 2136.0
1492.0 1814.0 2136.0
1492.0 1814.0 2136.0
1492.0 1814.0 2136.0
1492.0 1814.0 2136.0
1469.0 1480.5 1492.0
1398.0 1445.0 1492.0
1398.0 1445.0 1492.0
1398.0 1445.0 1492.0
1398.0 1445.0 1492.0
1398.0 1445.0 1492.0
1398.0 1445.0 1492.0
1398.0 1445.0 1492.0
1398.0 1445.0 1492.0
1398.0 1445.0 1492.0
1398.0 1445.0 1492.0
1398.0 1445.0 1492.0
1398.0 1445.0 1492.0
1398.0 1445.0 1492.0
1398.0 1445.0 1492.0
1398.0 1445.0 1492.0
1398.0 1445.0 1492.0
1197.0 1297.5 1398.0
1197.0 1297.5 1398.0
1398.0 1398.0 1398.0
1141.0 1269.5 1398.0
1141.0 1269.5 1398.0
944.0 1171.0 1398.0
944.0 1171.0 1398.0
944.0 1171.0 1398.0
944.0 1171.0 1398.0
944.0 1171.0 1398.0
944.0 1171.0 1398.0
944.0 1171.0 1398.0
944.0 1171.0 1398.0
944.0 1171.0 1398.0
944.0 1171.0 1398.0
944.0 1171.0 1398.0
944.0 1171.0 1398.0
944.0 1171.0 1398.0
944.0 1171.0 1398.0
944.0 1171.0 1398.0
944.0 1171.0 1398.0
944.0 1171.0 1398.0
944.0 1171.0 1398.0
944.0 1171.0 1398.0
944.0 1171.0 1398.0
944.0 1171.0 1398.0
944.0 1171.0 1398.0
944.0 1171.0 1398.0
944.0 1171.0 1398.0
944.0 1171.0 1398.0
944.0 1171.0 1398.0
944.0 1171.0 1398.0
944.0 1171.0 1398.0
944.0 1171.0 1398.0
944.0 1171.0 1398.0
944.0 1171.0 1398.0
944.0 1171.0 1398.0
944.0 1171.0 1398.0
944.0 1171.0 1398.0
944.0 1171.0 1398.0
944.0 1171.0 1398.0
944.0 1171.0 1398.0
944.0 1171.0 1398.0
944.0 1171.0 1398.0
944.0 1171.0 1398.0
944.0 1171.0 1398.0
944.0 1171.0 1398.0
944.0 1171.0 1398.0
944.0 1171.0 1398.0
944.0 1171.0 1398.0
944.0 1171.0 1398.0
944.0 1171.0 1398.0
944.0 1171.0 1398.0
944.0 1171.0 1398.0
944.0 1171.0 1398.0
944.0 1171.0 1398.0
944.0 1171.0 1398.0
944.0 1171.0 1398.0
944.0 1171.0 1398.0
944.0 1171.0 1398.0
944.0 1171.0 1398.0
944.0 1171.0 1398.0
944.0 1171.0 1398.0
944.0 1171.0 1398.0
944.0 1171.0 1398.0
944.0 1171.0 1398.0
944.0 1171.0 1398.0
944.0 1171.0 1398.0
944.0 1171.0 1398.0
944.0 1171.0 1398.0
944.0 1171.0 1398.0
944.0 1171.0 1398.0
944.0 1171.0 1398.0
944.0 1171.0 1398.0
944.0 1171.0 1398.0
944.0 1171.0 1398.0
944.0 1171.0 1398.0
944.0 1171.0 1398.0
944.0 1171.0 1398.0
944.0 1171.0 1398.0
944.0 1171.0 1398.0
944.0 1171.0 1398.0
944.0 1171.0 1398.0
944.0 1171.0 1398.0
944.0 1171.0 1398.0
944.0 1171.0 1398.0
944.0 1171.0 1398.0
944.0 1171.0 1398.0
944.0 1171.0 1398.0
944.0 1171.0 1398.0
944.0 1171.0 1398.0
944.0 1171.0 1398.0
944.0 1171.0 1398.0
944.0 1171.0 1398.0
944.0 1171.0 1398.0
944.0 1171.0 1398.0
944.0 1171.0 1398.0
944.0 1171.0 1398.0
944.0 1171.0 1398.0
944.0 1171.0 1398.0
944.0 1171.0 1398.0
944.0 1171.0 1398.0
944.0 1171.0 1398.0
944.0 1171.0 1398.0
944.0 1171.0 1398.0
944.0 1171.0 1398.0
944.0 1171.0 1398.0
944.0 1171.0 1398.0
944.0 1171.0 1398.0
944.0 1171.0 1398.0
944.0 1171.0 1398.0
944.0 1171.0 1398.0
944.0 1171.0 1398.0
944.0 1171.0 1398.0
944.0 1171.0 1398.0
944.0 1171.0 1398.0
944.0 1171.0 1398.0
944.0 1171.0 1398.0
944.0 1171.0 1398.0
944.0 1171.0 1398.0
944.0 1171.0 1398.0
944.0 1171.0 1398.0
944.0 1171.0 1398.0
944.0 1171.0 1398.0
944.0 1171.0 1398.0
944.0 1171.0 1398.0
944.0 1171.0 1398.0
944.0 1171.0 1398.0
944.0 1171.0 1398.0
944.0 1171.0 1398.0
944.0 1171.0 1398.0
944.0 1171.0 1398.0
944.0 1171.0 1398.0
944.0 1171.0 1398.0
944.0 1171.0 1398.0
944.0 1171.0 1398.0
944.0 1171.0 1398.0
944.0 1171.0 1398.0
944.0 1171.0 1398.0
944.0 1171.0 1398.0
944.0 1171.0 1398.0
944.0 1171.0 1398.0
944.0 1171.0 1398.0
944.0 1171.0 1398.0
944.0 1171.0 1398.0
944.0 1171.0 1398.0
944.0 1171.0 1398.0
944.0 1171.0 1398.0
944.0 1171.0 1398.0
944.0 1171.0 1398.0
944.0 1171.0 1398.0
944.0 1171.0 1398.0
944.0 1171.0 1398.0
944.0 1171.0 1398.0
944.0 1171.0 1398.0
944.0 1171.0 1398.0
944.0 1171.0 1398.0
944.0 1171.0 1398.0
944.0 1171.0 1398.0
944.0 1171.0 1398.0
944.0 1171.0 1398.0
944.0 1171.0 1398.0
944.0 1171.0 1398.0
944.0 1171.0 1398.0
944.0 1171.0 1398.0
944.0 1171.0 1398.0
944.0 1171.0 1398.0
944.0 1171.0 1398.0
944.0 1171.0 1398.0
944.0 1171.0 1398.0
944.0 1171.0 1398.0
