12932.0 13215.5 13499.0
11302.0 11836.0 12370.0
8910.0 8937.0 8964.0
8103.0 8476.0 8849.0
6154.0 6182.5 6211.0
4324.0 4645.5 4967.0
3540.0 3932.0 4324.0
3112.0 3544.5 3977.0
2447.0 2668.5 2890.0
2447.0 2668.5 2890.0
2447.0 2668.5 2890.0
2108.0 2499.0 2890.0
1902.0 1946.0 1990.0
1533.0 1761.5 1990.0
1533.0 1761.5 1990.0
1533.0 1996.5 2460.0
1533.0 1996.5 2460.0
1310.0 1421.5 1533.0
1310.0 1421.5 1533.0
1310.0 1421.5 1533.0
1310.0 1421.5 1533.0
1310.0 1421.5 1533.0
1310.0 1421.5 1533.0
1310.0 1421.5 1533.0
1310.0 1421.5 1533.0
1310.0 1421.5 1533.0
1310.0 1421.5 1533.0
1310.0 1421.5 1533.0
1310.0 1421.5 1533.0
1310.0 1421.5 1533.0
1310.0 1421.5 1533.0
1310.0 1421.5 1533.0
1310.0 1421.5 1533.0
1310.0 1421.5 1533.0
1310.0 1421.5 1533.0
1310.0 1421.5 1533.0
1310.0 1421.5 1533.0
1310.0 1421.5 1533.0
1310.0 1421.5 1533.0
1310.0 1421.5 1533.0
1310.0 1421.5 1533.0
1310.0 1421.5 1533.0
1310.0 1421.5 1533.0
1310.0 1421.5 1533.0
1310.0 1421.5 1533.0
1310.0 1421.5 1533.0
1310.0 1421.5 1533.0
1310.0 1421.5 1533.0
1310.0 1421.5 1533.0
1310.0 1421.5 1533.0
1310.0 1421.5 1533.0
1310.0 1421.5 1533.0
1310.0 1421.5 1533.0
1310.0 1421.5 1533.0
1310.0 1421.5 1533.0
1310.0 1421.5 1533.0
1310.0 1421.5 1533.0
1310.0 1421.5 1533.0
1310.0 1421.5 1533.0
1310.0 1421.5 1533.0
1310.0 1421.5 1533.0
1310.0 1421.5 1533.0
1310.0 1421.5 1533.0
1310.0 1421.5 1533.0
1310.0 1421.5 1533.0
1310.0 1421.5 1533.0
1310.0 1421.5 1533.0
1310.0 1421.5 1533.0
1310.0 1421.5 1533.0
1310.0 1421.5 1533.0
1310.0 1421.5 1533.0
1310.0 1421.5 1533.0
1310.0 1421.5 1533.0
1310.0 1421.5 1533.0
1310.0 1421.5 1533.0
1310.0 1421.5 1533.0
1310.0 1421.5 1533.0
1310.0 1421.5 1533.0
1310.0 1421.5 1533.0
1310.0 1421.5 1533.0
1310.0 1421.5 1533.0
1310.0 1421.5 1533.0
1310.0 1421.5 1533.0
1310.0 1421.5 1533.0
1310.0 1421.5 1533.0
1310.0 1421.5 1533.0
1310.0 1421.5 1533.0
1310.0 1421.5 1533.0
1310.0 1421.5 1533.0
1310.0 1421.5 1533.0
1310.0 1421.5 1533.0
1310.0 1421.5 1533.0
1310.0 1421.5 1533.0
1310.0 1421.5 1533.0
1310.0 1421.5 1533.0
1310.0 1421.5 1533.0
1310.0 1421.5 1533.0
1310.0 1421.5 1533.0
1310.0 1421.5 1533.0
1310.0 1421.5 1533.0
1310.0 1421.5 1533.0
1310.0 1421.5 1533.0
1310.0 1421.5 1533.0
1310.0 1421.5 1533.0
1310.0 1421.5 1533.0
1310.0 1421.5 1533.0
1310.0 1421.5 1533.0
1310.0 1421.5 1533.0
1310.0 1421.5 1533.0
1310.0 1421.5 1533.0
1310.0 1421.5 1533.0
1310.0 1421.5 1533.0
1310.0 1421.5 1533.0
1310.0 1421.5 1533.0
1310.0 1421.5 1533.0
1310.0 1421.5 1533.0
1310.0 1421.5 1533.0
1310.0 1421.5 1533.0
1310.0 1421.5 1533.0
1310.0 1421.5 1533.0
1310.0 1421.5 1533.0
1310.0 1421.5 1533.0
1310.0 1421.5 1533.0
1310.0 1421.5 1533.0
1310.0 1421.5 1533.0
1310.0 1421.5 1533.0
1310.0 1421.5 1533.0
1310.0 1421.5 1533.0
1310.0 1421.5 1533.0
1310.0 1421.5 1533.0
1310.0 1421.5 1533.0
1310.0 1421.5 1533.0
1310.0 1421.5 1533.0
1310.0 1421.5 1533.0
1310.0 1421.5 1533.0
1310.0 1421.5 1533.0
1310.0 1421.5 1533.0
1310.0 1421.5 1533.0
1310.0 1421.5 1533.0
1310.0 1421.5 1533.0
1310.0 1421.5 1533.0
1310.0 1421.5 1533.0
1310.0 1421.5 1533.0
1310.0 1421.5 1533.0
1310.0 1421.5 1533.0
1310.0 1421.5 1533.0
1310.0 1421.5 1533.0
1310.0 1421.5 1533.0
1310.0 1421.5 1533.0
1310.0 1421.5 1533.0
1310.0 1421.5 1533.0
1310.0 1421.5 1533.0
1310.0 1421.5 1533.0
1310.0 1421.5 1533.0
1310.0 1421.5 1533.0
1310.0 1421.5 1533.0
1310.0 1421.5 1533.0
1310.0 1421.5 1533.0
1310.0 1421.5 1533.0
1310.0 1421.5 1533.0
1310.0 1421.5 1533.0
1310.0 1421.5 1533.0
1310.0 1421.5 1533.0
1310.0 1421.5 1533.0
1310.0 1421.5 1533.0
1310.0 1421.5 1533.0
1310.0 1421.5 1533.0
1310.0 1421.5 1533.0
1310.0 1421.5 1533.0
1310.0 1421.5 1533.0
1310.0 1421.5 1533.0
1310.0 1421.5 1533.0
1310.0 1421.5 1533.0
1310.0 1421.5 1533.0
1310.0 1421.5 1533.0
1310.0 1421.5 1533.0
1310.0 1421.5 1533.0
1310.0 1421.5 1533.0
1310.0 1421.5 1533.0
1310.0 1421.5 1533.0
1310.0 1421.5 1533.0
1310.0 1421.5 1533.0
1310.0 1421.5 1533.0
1310.0 1421.5 1533.0
1310.0 1421.5 1533.0
1310.0 1421.5 1533.0
1310.0 1421.5 1533.0
1310.0 1421.5 1533.0
1310.0 1421.5 1533.0
1310.0 1421.5 1533.0
1310.0 1421.5 1533.0
1310.0 1421.5 1533.0
1310.0 1421.5 1533.0
1310.0 1421.5 1533.0
1310.0 1421.5 1533.0
1310.0 1421.5 1533.0
1310.0 1421.5 1533.0
1310.0 1421.5 1533.0
1310.0 1421.5 1533.0
1310.0 1421.5 1533.0
