9488.0 11453.5 13419.0
6754.0 9617.0 12480.0
5519.0 8469.0 11419.0
4744.0 6319.5 7895.0
4698.0 5320.0 5942.0
4031.0 4364.5 4698.0
3207.0 3836.5 4466.0
3207.0 3509.5 3812.0
3175.0 3191.0 3207.0
3207.0 3660.0 4113.0
3207.0 3660.0 4113.0
3207.0 3334.0 3461.0
3207.0 3334.0 3461.0
3461.0 3645.0 3829.0
3461.0 3645.0 3829.0
2601.0 3031.0 3461.0
3078.0 3269.5 3461.0
3078.0 3269.5 3461.0
1958.0 2709.5 3461.0
1958.0 2709.5 3461.0
1958.0 2709.5 3461.0
1958.0 2709.5 3461.0
1958.0 2709.5 3461.0
1958.0 2724.5 3491.0
1958.0 2691.5 3425.0
1958.0 2312.0 2666.0
1958.0 2086.5 2215.0
1688.0 1823.0 1958.0
1688.0 1823.0 1958.0
1688.0 1823.0 1958.0
1688.0 1823.0 1958.0
1688.0 1823.0 1958.0
1534.0 1611.0 1688.0
1461.0 1574.5 1688.0
1115.0 1288.0 1461.0
1115.0 1288.0 1461.0
1115.0 1288.0 1461.0
1115.0 1288.0 1461.0
1115.0 1288.0 1461.0
1115.0 1288.0 1461.0
1115.0 1288.0 1461.0
1115.0 1288.0 1461.0
1115.0 1288.0 1461.0
1115.0 1288.0 1461.0
1115.0 1288.0 1461.0
1115.0 1288.0 1461.0
1115.0 1288.0 1461.0
1115.0 1288.0 1461.0
1115.0 1288.0 1461.0
1115.0 1288.0 1461.0
1115.0 1288.0 1461.0
1115.0 1288.0 1461.0
1115.0 1288.0 1461.0
1115.0 1288.0 1461.0
1115.0 1288.0 1461.0
1115.0 1288.0 1461.0
1115.0 1288.0 1461.0
1115.0 1288.0 1461.0
1115.0 1288.0 1461.0
1115.0 1288.0 1461.0
1115.0 1288.0 1461.0
1115.0 1288.0 1461.0
1115.0 1288.0 1461.0
1115.0 1288.0 1461.0
1115.0 1288.0 1461.0
1115.0 1288.0 1461.0
1115.0 1288.0 1461.0
1115.0 1288.0 1461.0
1115.0 1288.0 1461.0
1115.0 1288.0 1461.0
1115.0 1288.0 1461.0
1115.0 1288.0 1461.0
1115.0 1288.0 1461.0
1115.0 1288.0 1461.0
1115.0 1288.0 1461.0
1115.0 1288.0 1461.0
1115.0 1288.0 1461.0
1115.0 1288.0 1461.0
1115.0 1288.0 1461.0
1115.0 1288.0 1461.0
1115.0 1288.0 1461.0
1115.0 1288.0 1461.0
1115.0 1288.0 1461.0
1115.0 1288.0 1461.0
1115.0 1288.0 1461.0
1115.0 1288.0 1461.0
1115.0 1288.0 1461.0
1115.0 1288.0 1461.0
1115.0 1288.0 1461.0
1115.0 1288.0 1461.0
1115.0 1288.0 1461.0
1115.0 1288.0 1461.0
1115.0 1288.0 1461.0
1115.0 1288.0 1461.0
1115.0 1288.0 1461.0
1115.0 1288.0 1461.0
1115.0 1288.0 1461.0
1115.0 1288.0 1461.0
1115.0 1288.0 1461.0
1115.0 1288.0 1461.0
1115.0 1288.0 1461.0
1115.0 1288.0 1461.0
1115.0 1288.0 1461.0
1115.0 1288.0 1461.0
1115.0 1288.0 1461.0
1115.0 1288.0 1461.0
1115.0 1288.0 1461.0
1115.0 1288.0 1461.0
1115.0 1288.0 1461.0
1115.0 1288.0 1461.0
1115.0 1288.0 1461.0
1115.0 1288.0 1461.0
1115.0 1288.0 1461.0
1115.0 1288.0 1461.0
1115.0 1288.0 1461.0
1115.0 1288.0 1461.0
1115.0 1288.0 1461.0
1115.0 1288.0 1461.0
1115.0 1288.0 1461.0
1115.0 1288.0 1461.0
1115.0 1288.0 1461.0
1115.0 1288.0 1461.0
1115.0 1288.0 1461.0
1115.0 1288.0 1461.0
1115.0 1288.0 1461.0
1115.0 1288.0 1461.0
1115.0 1288.0 1461.0
1115.0 1288.0 1461.0
1115.0 1288.0 1461.0
1115.0 1288.0 1461.0
1115.0 1288.0 1461.0
1115.0 1288.0 1461.0
1115.0 1288.0 1461.0
1115.0 1288.0 1461.0
1115.0 1288.0 1461.0
1115.0 1288.0 1461.0
1115.0 1288.0 1461.0
1115.0 1288.0 1461.0
1115.0 1288.0 1461.0
1115.0 1288.0 1461.0
1115.0 1288.0 1461.0
1115.0 1288.0 1461.0
1115.0 1288.0 1461.0
1115.0 1288.0 1461.0
1115.0 1304.5 1494.0
1115.0 1304.5 1494.0
1115.0 1304.5 1494.0
1115.0 1304.5 1494.0
1115.0 1304.5 1494.0
1115.0 1304.5 1494.0
1115.0 1304.5 1494.0
1115.0 1304.5 1494.0
1115.0 1304.5 1494.0
1115.0 1304.5 1494.0
1115.0 1304.5 1494.0
1115.0 1304.5 1494.0
1115.0 1304.5 1494.0
1115.0 1304.5 1494.0
1115.0 1304.5 1494.0
1115.0 1304.5 1494.0
1115.0 1304.5 1494.0
1115.0 1304.5 1494.0
1115.0 1304.5 1494.0
1115.0 1304.5 1494.0
1115.0 1304.5 1494.0
1115.0 1304.5 1494.0
1115.0 1304.5 1494.0
1115.0 1304.5 1494.0
1115.0 1304.5 1494.0
1115.0 1304.5 1494.0
1115.0 1304.5 1494.0
1115.0 1304.5 1494.0
1115.0 1304.5 1494.0
1115.0 1304.5 1494.0
1115.0 1304.5 1494.0
1115.0 1304.5 1494.0
1115.0 1304.5 1494.0
1115.0 1304.5 1494.0
1115.0 1304.5 1494.0
1115.0 1304.5 1494.0
1115.0 1304.5 1494.0
1115.0 1304.5 1494.0
1115.0 1304.5 1494.0
1115.0 1304.5 1494.0
1115.0 1304.5 1494.0
1115.0 1304.5 1494.0
1115.0 1304.5 1494.0
1115.0 1304.5 1494.0
1115.0 1304.5 1494.0
1115.0 1304.5 1494.0
1115.0 1304.5 1494.0
1115.0 1304.5 1494.0
1115.0 1304.5 1494.0
1115.0 1304.5 1494.0
1115.0 1304.5 1494.0
1115.0 1302.0 1489.0
1115.0 1302.0 1489.0
1115.0 1302.0 1489.0
1115.0 1302.0 1489.0
1115.0 1302.0 1489.0
