10484.0 11047.5 11611.0
9900.0 10250.5 10601.0
6326.0 7431.0 8536.0
6246.0 6286.0 6326.0
4339.0 4912.0 5485.0
2855.0 3779.5 4704.0
2369.0 2612.0 2855.0
2369.0 2465.5 2562.0
2302.0 2432.0 2562.0
880.0 1437.5 1995.0
880.0 1145.5 1411.0
880.0 1145.5 1411.0
880.0 1145.5 1411.0
880.0 1145.5 1411.0
880.0 1145.5 1411.0
880.0 1145.5 1411.0
880.0 1145.5 1411.0
880.0 1145.5 1411.0
880.0 1145.5 1411.0
880.0 1145.5 1411.0
880.0 1145.5 1411.0
880.0 1145.5 1411.0
880.0 1145.5 1411.0
880.0 1145.5 1411.0
880.0 1145.5 1411.0
880.0 1145.5 1411.0
880.0 1145.5 1411.0
880.0 1145.5 1411.0
880.0 1145.5 1411.0
880.0 1145.5 1411.0
880.0 1145.5 1411.0
880.0 1145.5 1411.0
880.0 1145.5 1411.0
880.0 1145.5 1411.0
880.0 1145.5 1411.0
880.0 1145.5 1411.0
880.0 1145.5 1411.0
880.0 1113.0 1346.0
880.0 1075.5 1271.0
880.0 903.0 926.0
880.0 903.0 926.0
880.0 903.0 926.0
880.0 903.0 926.0
880.0 903.0 926.0
880.0 903.0 926.0
880.0 903.0 926.0
880.0 903.0 926.0
880.0 903.0 926.0
880.0 903.0 926.0
880.0 903.0 926.0
880.0 903.0 926.0
880.0 903.0 926.0
880.0 903.0 926.0
880.0 903.0 926.0
880.0 903.0 926.0
880.0 903.0 926.0
880.0 903.0 926.0
880.0 903.0 926.0
880.0 903.0 926.0
880.0 903.0 926.0
880.0 903.0 926.0
880.0 903.0 926.0
880.0 903.0 926.0
880.0 903.0 926.0
880.0 903.0 926.0
880.0 903.0 926.0
880.0 903.0 926.0
880.0 903.0 926.0
880.0 903.0 926.0
880.0 903.0 926.0
880.0 903.0 926.0
880.0 903.0 926.0
880.0 903.0 926.0
880.0 903.0 926.0
880.0 903.0 926.0
880.0 903.0 926.0
880.0 903.0 926.0
880.0 903.0 926.0
926.0 961.0 996.0
926.0 961.0 996.0
926.0 961.0 996.0
926.0 961.0 996.0
926.0 961.0 996.0
926.0 961.0 996.0
926.0 961.0 996.0
926.0 961.0 996.0
926.0 961.0 996.0
926.0 961.0 996.0
926.0 961.0 996.0
926.0 961.0 996.0
926.0 961.0 996.0
926.0 961.0 996.0
926.0 961.0 996.0
926.0 961.0 996.0
926.0 961.0 996.0
926.0 961.0 996.0
926.0 961.0 996.0
926.0 961.0 996.0
926.0 961.0 996.0
926.0 961.0 996.0
926.0 961.0 996.0
926.0 961.0 996.0
926.0 961.0 996.0
926.0 961.0 996.0
926.0 961.0 996.0
926.0 961.0 996.0
926.0 961.0 996.0
926.0 961.0 996.0
926.0 961.0 996.0
926.0 961.0 996.0
926.0 961.0 996.0
926.0 961.0 996.0
926.0 961.0 996.0
926.0 961.0 996.0
926.0 961.0 996.0
926.0 961.0 996.0
926.0 961.0 996.0
926.0 961.0 996.0
926.0 961.0 996.0
926.0 961.0 996.0
926.0 961.0 996.0
926.0 961.0 996.0
926.0 961.0 996.0
926.0 961.0 996.0
926.0 961.0 996.0
926.0 961.0 996.0
926.0 961.0 996.0
926.0 961.0 996.0
926.0 961.0 996.0
926.0 961.0 996.0
926.0 961.0 996.0
926.0 961.0 996.0
926.0 961.0 996.0
926.0 961.0 996.0
926.0 961.0 996.0
926.0 961.0 996.0
926.0 961.0 996.0
926.0 961.0 996.0
926.0 961.0 996.0
926.0 961.0 996.0
926.0 961.0 996.0
926.0 961.0 996.0
926.0 961.0 996.0
926.0 961.0 996.0
926.0 961.0 996.0
926.0 961.0 996.0
926.0 961.0 996.0
926.0 961.0 996.0
926.0 961.0 996.0
926.0 961.0 996.0
926.0 961.0 996.0
926.0 961.0 996.0
926.0 961.0 996.0
926.0 961.0 996.0
926.0 961.0 996.0
926.0 961.0 996.0
926.0 961.0 996.0
926.0 961.0 996.0
926.0 961.0 996.0
926.0 961.0 996.0
926.0 961.0 996.0
926.0 961.0 996.0
926.0 961.0 996.0
926.0 961.0 996.0
926.0 961.0 996.0
926.0 961.0 996.0
926.0 961.0 996.0
926.0 961.0 996.0
926.0 961.0 996.0
926.0 961.0 996.0
926.0 961.0 996.0
926.0 961.0 996.0
926.0 961.0 996.0
926.0 961.0 996.0
926.0 961.0 996.0
926.0 961.0 996.0
926.0 961.0 996.0
926.0 961.0 996.0
926.0 961.0 996.0
926.0 961.0 996.0
926.0 961.0 996.0
926.0 961.0 996.0
926.0 961.0 996.0
926.0 961.0 996.0
926.0 961.0 996.0
926.0 961.0 996.0
926.0 961.0 996.0
926.0 961.0 996.0
926.0 961.0 996.0
926.0 961.0 996.0
926.0 961.0 996.0
926.0 961.0 996.0
926.0 961.0 996.0
926.0 961.0 996.0
926.0 961.0 996.0
926.0 961.0 996.0
926.0 961.0 996.0
926.0 961.0 996.0
926.0 961.0 996.0
926.0 961.0 996.0
