9555.0 10521.0 11487.0
8966.0 9204.0 9442.0
6045.0 6233.0 6421.0
5578.0 6060.5 6543.0
4392.0 4518.0 4644.0
3006.0 3645.5 4285.0
3006.0 3161.0 3316.0
1895.0 2241.5 2588.0
1828.0 2042.0 2256.0
1578.0 1599.5 1621.0
1578.0 1599.5 1621.0
999.0 1310.0 1621.0
999.0 1234.0 1469.0
999.0 1234.0 1469.0
999.0 1234.0 1469.0
999.0 1234.0 1469.0
999.0 1234.0 1469.0
999.0 1234.0 1469.0
999.0 1234.0 1469.0
999.0 1234.0 1469.0
999.0 1234.0 1469.0
999.0 1234.0 1469.0
999.0 1234.0 1469.0
999.0 1234.0 1469.0
999.0 1234.0 1469.0
999.0 1234.0 1469.0
999.0 1234.0 1469.0
999.0 1234.0 1469.0
999.0 1234.0 1469.0
999.0 1234.0 1469.0
999.0 1234.0 1469.0
999.0 1234.0 1469.0
999.0 1234.0 1469.0
999.0 1234.0 1469.0
999.0 1234.0 1469.0
999.0 1234.0 1469.0
999.0 1234.0 1469.0
999.0 1234.0 1469.0
999.0 1234.0 1469.0
999.0 1234.0 1469.0
999.0 1234.0 1469.0
999.0 1234.0 1469.0
999.0 1234.0 1469.0
999.0 1234.0 1469.0
999.0 1234.0 1469.0
999.0 1234.0 1469.0
999.0 1048.0 1097.0
999.0 1048.0 1097.0
999.0 1092.0 1185.0
999.0 1092.0 1185.0
999.0 1092.0 1185.0
999.0 1092.0 1185.0
999.0 1092.0 1185.0
999.0 1092.0 1185.0
999.0 1092.0 1185.0
999.0 1092.0 1185.0
999.0 1092.0 1185.0
999.0 1092.0 1185.0
999.0 1092.0 1185.0
999.0 1092.0 1185.0
999.0 1092.0 1185.0
999.0 1092.0 1185.0
999.0 1092.0 1185.0
999.0 1092.0 1185.0
999.0 1092.0 1185.0
999.0 1092.0 1185.0
999.0 1092.0 1185.0
999.0 1092.0 1185.0
999.0 1092.0 1185.0
999.0 1092.0 1185.0
999.0 1092.0 1185.0
999.0 1092.0 1185.0
999.0 1092.0 1185.0
999.0 1092.0 1185.0
999.0 1092.0 1185.0
999.0 1092.0 1185.0
999.0 1092.0 1185.0
999.0 1092.0 1185.0
999.0 1092.0 1185.0
999.0 1092.0 1185.0
999.0 1092.0 1185.0
999.0 1092.0 1185.0
999.0 1092.0 1185.0
999.0 1092.0 1185.0
999.0 1092.0 1185.0
999.0 1092.0 1185.0
999.0 1092.0 1185.0
999.0 1092.0 1185.0
999.0 1092.0 1185.0
999.0 1092.0 1185.0
999.0 1092.0 1185.0
999.0 1092.0 1185.0
999.0 1092.0 1185.0
999.0 1092.0 1185.0
999.0 1092.0 1185.0
999.0 1092.0 1185.0
999.0 1092.0 1185.0
999.0 1092.0 1185.0
999.0 1092.0 1185.0
999.0 1092.0 1185.0
999.0 1092.0 1185.0
999.0 1092.0 1185.0
999.0 1092.0 1185.0
999.0 1092.0 1185.0
999.0 1092.0 1185.0
999.0 1092.0 1185.0
999.0 1092.0 1185.0
999.0 1092.0 1185.0
999.0 1092.0 1185.0
999.0 1092.0 1185.0
999.0 1092.0 1185.0
999.0 1092.0 1185.0
999.0 1092.0 1185.0
999.0 1092.0 1185.0
999.0 1092.0 1185.0
999.0 1092.0 1185.0
999.0 1092.0 1185.0
999.0 1092.0 1185.0
999.0 1092.0 1185.0
999.0 1092.0 1185.0
999.0 1092.0 1185.0
999.0 1092.0 1185.0
999.0 1092.0 1185.0
999.0 1092.0 1185.0
999.0 1092.0 1185.0
999.0 1092.0 1185.0
999.0 1092.0 1185.0
999.0 1092.0 1185.0
999.0 1092.0 1185.0
999.0 1092.0 1185.0
999.0 1092.0 1185.0
999.0 1092.0 1185.0
999.0 1092.0 1185.0
999.0 1092.0 1185.0
999.0 1092.0 1185.0
999.0 1092.0 1185.0
999.0 1092.0 1185.0
999.0 1092.0 1185.0
999.0 1092.0 1185.0
999.0 1092.0 1185.0
999.0 1092.0 1185.0
999.0 1092.0 1185.0
999.0 1092.0 1185.0
999.0 1092.0 1185.0
999.0 1092.0 1185.0
999.0 1092.0 1185.0
999.0 1092.0 1185.0
999.0 1092.0 1185.0
999.0 1092.0 1185.0
999.0 1092.0 1185.0
999.0 1092.0 1185.0
999.0 1092.0 1185.0
999.0 1092.0 1185.0
999.0 1092.0 1185.0
999.0 1092.0 1185.0
999.0 1092.0 1185.0
999.0 1092.0 1185.0
999.0 1092.0 1185.0
999.0 1092.0 1185.0
999.0 1092.0 1185.0
999.0 1092.0 1185.0
999.0 1092.0 1185.0
999.0 1092.0 1185.0
999.0 1092.0 1185.0
999.0 1092.0 1185.0
999.0 1092.0 1185.0
999.0 1092.0 1185.0
999.0 1092.0 1185.0
999.0 1092.0 1185.0
999.0 1092.0 1185.0
999.0 1092.0 1185.0
999.0 1092.0 1185.0
999.0 1092.0 1185.0
999.0 1092.0 1185.0
999.0 1092.0 1185.0
999.0 1092.0 1185.0
999.0 1092.0 1185.0
999.0 1092.0 1185.0
999.0 1092.0 1185.0
999.0 1092.0 1185.0
999.0 1092.0 1185.0
999.0 1092.0 1185.0
999.0 1092.0 1185.0
999.0 1092.0 1185.0
999.0 1092.0 1185.0
999.0 1092.0 1185.0
999.0 1092.0 1185.0
999.0 1092.0 1185.0
999.0 1092.0 1185.0
999.0 1092.0 1185.0
999.0 1092.0 1185.0
999.0 1092.0 1185.0
999.0 1092.0 1185.0
999.0 1092.0 1185.0
999.0 1092.0 1185.0
999.0 1092.0 1185.0
999.0 1092.0 1185.0
999.0 1092.0 1185.0
999.0 1092.0 1185.0
999.0 1092.0 1185.0
