15357.0 15550.5 15744.0
10789.0 12366.5 13944.0
9813.0 9981.5 10150.0
8192.0 9200.5 10209.0
7040.0 7742.0 8444.0
4571.0 5990.5 7410.0
4151.0 5691.5 7232.0
3497.0 4627.5 5758.0
3497.0 4209.0 4921.0
3208.0 3352.5 3497.0
3208.0 3352.5 3497.0
2773.0 2990.5 3208.0
2176.0 3032.0 3888.0
2176.0 2536.0 2896.0
2176.0 2536.0 2896.0
2176.0 2536.0 2896.0
2176.0 2264.0 2352.0
2092.0 2134.0 2176.0
1894.0 2035.0 2176.0
1894.0 2035.0 2176.0
1894.0 2035.0 2176.0
1809.0 1992.5 2176.0
1894.0 2035.0 2176.0
1841.0 2008.5 2176.0
1296.0 1736.0 2176.0
1296.0 1736.0 2176.0
1296.0 1736.0 2176.0
1296.0 1736.0 2176.0
1296.0 1736.0 2176.0
1296.0 1736.0 2176.0
1296.0 1736.0 2176.0
1296.0 1736.0 2176.0
1296.0 1736.0 2176.0
1296.0 1736.0 2176.0
1296.0 1736.0 2176.0
1296.0 1736.0 2176.0
1296.0 1736.0 2176.0
1296.0 1736.0 2176.0
1296.0 1736.0 2176.0
1296.0 1736.0 2176.0
1296.0 1736.0 2176.0
1296.0 1736.0 2176.0
1296.0 1736.0 2176.0
1296.0 1736.0 2176.0
1296.0 1736.0 2176.0
1296.0 1736.0 2176.0
1296.0 1730.5 2165.0
1296.0 1730.5 2165.0
1296.0 1730.5 2165.0
1296.0 1730.5 2165.0
1296.0 1730.5 2165.0
1296.0 1730.5 2165.0
1296.0 1730.5 2165.0
1296.0 1730.5 2165.0
1296.0 1730.5 2165.0
1296.0 1730.5 2165.0
1296.0 1730.5 2165.0
1296.0 1730.5 2165.0
1296.0 1632.5 1969.0
1296.0 1632.5 1969.0
1296.0 1632.5 1969.0
1296.0 1632.5 1969.0
1296.0 1632.5 1969.0
1296.0 1632.5 1969.0
1296.0 1632.5 1969.0
1296.0 1632.5 1969.0
1296.0 1632.5 1969.0
1296.0 1632.5 1969.0
1296.0 1632.5 1969.0
1296.0 1632.5 1969.0
1296.0 1632.5 1969.0
1296.0 1632.5 1969.0
1296.0 1632.5 1969.0
1296.0 1632.5 1969.0
1296.0 1632.5 1969.0
1296.0 1632.5 1969.0
1296.0 1632.5 1969.0
1296.0 1632.5 1969.0
1296.0 1632.5 1969.0
1296.0 1632.5 1969.0
1296.0 1632.5 1969.0
1296.0 1632.5 1969.0
1296.0 1632.5 1969.0
1296.0 1632.5 1969.0
1296.0 1632.5 1969.0
1296.0 1632.5 1969.0
1296.0 1632.5 1969.0
1296.0 1632.5 1969.0
1296.0 1632.5 1969.0
1296.0 1556.0 1816.0
1296.0 1328.5 1361.0
1296.0 1328.5 1361.0
1296.0 1328.5 1361.0
1296.0 1328.5 1361.0
1296.0 1328.5 1361.0
1296.0 1328.5 1361.0
1296.0 1328.5 1361.0
1296.0 1328.5 1361.0
1296.0 1328.5 1361.0
1296.0 1328.5 1361.0
1296.0 1328.5 1361.0
1296.0 1328.5 1361.0
1296.0 1328.5 1361.0
1296.0 1328.5 1361.0
1296.0 1328.5 1361.0
1296.0 1328.5 1361.0
1296.0 1328.5 1361.0
1296.0 1328.5 1361.0
1296.0 1328.5 1361.0
1296.0 1328.5 1361.0
1296.0 1328.5 1361.0
1296.0 1328.5 1361.0
1296.0 1328.5 1361.0
1296.0 1328.5 1361.0
1296.0 1328.5 1361.0
1296.0 1328.5 1361.0
1296.0 1328.5 1361.0
1296.0 1328.5 1361.0
1296.0 1328.5 1361.0
1296.0 1328.5 1361.0
1296.0 1328.5 1361.0
1296.0 1328.5 1361.0
1296.0 1328.5 1361.0
1296.0 1328.5 1361.0
1296.0 1328.5 1361.0
1296.0 1328.5 1361.0
1296.0 1328.5 1361.0
1296.0 1328.5 1361.0
1296.0 1328.5 1361.0
1296.0 1328.5 1361.0
1296.0 1328.5 1361.0
1296.0 1328.5 1361.0
1296.0 1328.5 1361.0
1296.0 1328.5 1361.0
1296.0 1328.5 1361.0
1296.0 1328.5 1361.0
1296.0 1328.5 1361.0
1296.0 1328.5 1361.0
1296.0 1328.5 1361.0
1296.0 1328.5 1361.0
1296.0 1328.5 1361.0
1296.0 1328.5 1361.0
1296.0 1328.5 1361.0
1296.0 1328.5 1361.0
1296.0 1328.5 1361.0
1296.0 1328.5 1361.0
1296.0 1328.5 1361.0
1296.0 1328.5 1361.0
1296.0 1328.5 1361.0
1296.0 1328.5 1361.0
1296.0 1328.5 1361.0
1296.0 1328.5 1361.0
1296.0 1328.5 1361.0
1296.0 1328.5 1361.0
1296.0 1328.5 1361.0
1296.0 1328.5 1361.0
1296.0 1328.5 1361.0
1296.0 1328.5 1361.0
1296.0 1328.5 1361.0
1296.0 1328.5 1361.0
1296.0 1328.5 1361.0
1296.0 1328.5 1361.0
1296.0 1328.5 1361.0
1296.0 1328.5 1361.0
1296.0 1328.5 1361.0
1296.0 1328.5 1361.0
1296.0 1328.5 1361.0
1296.0 1328.5 1361.0
1296.0 1328.5 1361.0
1296.0 1328.5 1361.0
1296.0 1328.5 1361.0
1296.0 1328.5 1361.0
1296.0 1328.5 1361.0
1296.0 1328.5 1361.0
1296.0 1328.5 1361.0
1296.0 1328.5 1361.0
1296.0 1328.5 1361.0
1296.0 1328.5 1361.0
1296.0 1328.5 1361.0
1296.0 1328.5 1361.0
1296.0 1328.5 1361.0
1296.0 1328.5 1361.0
1296.0 1328.5 1361.0
1296.0 1328.5 1361.0
1296.0 1328.5 1361.0
1296.0 1328.5 1361.0
1296.0 1328.5 1361.0
1296.0 1328.5 1361.0
1296.0 1328.5 1361.0
1296.0 1328.5 1361.0
1296.0 1328.5 1361.0
1296.0 1328.5 1361.0
1296.0 1328.5 1361.0
1296.0 1328.5 1361.0
1296.0 1328.5 1361.0
1296.0 1328.5 1361.0
1296.0 1328.5 1361.0
1296.0 1328.5 1361.0
1296.0 1328.5 1361.0
1296.0 1328.5 1361.0
