12798.0 13617.0 14436.0
8344.0 8718.0 9092.0
6607.0 6816.5 7026.0
5630.0 6165.5 6701.0
4723.0 4790.0 4857.0
3644.0 3830.0 4016.0
2481.0 2898.0 3315.0
1944.0 2212.5 2481.0
1944.0 2170.0 2396.0
1944.0 2170.0 2396.0
1675.0 1943.5 2212.0
1675.0 1943.5 2212.0
1454.0 1833.0 2212.0
1121.0 1450.5 1780.0
1029.0 1232.0 1435.0
871.0 1112.5 1354.0
871.0 1124.0 1377.0
871.0 1124.0 1377.0
871.0 1124.0 1377.0
871.0 1124.0 1377.0
871.0 1124.0 1377.0
871.0 1124.0 1377.0
871.0 1124.0 1377.0
871.0 1124.0 1377.0
871.0 1124.0 1377.0
871.0 1124.0 1377.0
871.0 1124.0 1377.0
871.0 1124.0 1377.0
871.0 1124.0 1377.0
871.0 1124.0 1377.0
871.0 1124.0 1377.0
871.0 1124.0 1377.0
871.0 1124.0 1377.0
871.0 1124.0 1377.0
871.0 1124.0 1377.0
871.0 1124.0 1377.0
871.0 1124.0 1377.0
871.0 1124.0 1377.0
871.0 1124.0 1377.0
871.0 1124.0 1377.0
871.0 1124.0 1377.0
871.0 1124.0 1377.0
871.0 1124.0 1377.0
871.0 1124.0 1377.0
871.0 1061.5 1252.0
871.0 1061.5 1252.0
871.0 1061.5 1252.0
871.0 1054.5 1238.0
871.0 1054.5 1238.0
871.0 1054.5 1238.0
871.0 1054.5 1238.0
871.0 1054.5 1238.0
871.0 1054.5 1238.0
871.0 1054.5 1238.0
871.0 1054.5 1238.0
871.0 1054.5 1238.0
871.0 1054.5 1238.0
871.0 1054.5 1238.0
871.0 1054.5 1238.0
871.0 1054.5 1238.0
871.0 1054.5 1238.0
871.0 1054.5 1238.0
871.0 1054.5 1238.0
871.0 1054.5 1238.0
871.0 1054.5 1238.0
871.0 1054.5 1238.0
871.0 1054.5 1238.0
871.0 1054.5 1238.0
871.0 1054.5 1238.0
871.0 1054.5 1238.0
871.0 1054.5 1238.0
871.0 1054.5 1238.0
871.0 1054.5 1238.0
871.0 1054.5 1238.0
871.0 1054.5 1238.0
871.0 1054.5 1238.0
871.0 1054.5 1238.0
871.0 1054.5 1238.0
871.0 1054.5 1238.0
871.0 1054.5 1238.0
871.0 1054.5 1238.0
871.0 1054.5 1238.0
871.0 1054.5 1238.0
871.0 1054.5 1238.0
871.0 1054.5 1238.0
871.0 1054.5 1238.0
871.0 1054.5 1238.0
871.0 1054.5 1238.0
871.0 1054.5 1238.0
871.0 1054.5 1238.0
871.0 1054.5 1238.0
871.0 1054.5 1238.0
871.0 1054.5 1238.0
871.0 1054.5 1238.0
871.0 1054.5 1238.0
871.0 1054.5 1238.0
871.0 1054.5 1238.0
871.0 1054.5 1238.0
871.0 1054.5 1238.0
871.0 1054.5 1238.0
871.0 1054.5 1238.0
871.0 1054.5 1238.0
871.0 1054.5 1238.0
871.0 1054.5 1238.0
871.0 1054.5 1238.0
871.0 1054.5 1238.0
871.0 1054.5 1238.0
871.0 1054.5 1238.0
871.0 1054.5 1238.0
871.0 1054.5 1238.0
871.0 1054.5 1238.0
871.0 1054.5 1238.0
871.0 1054.5 1238.0
871.0 1054.5 1238.0
871.0 1054.5 1238.0
871.0 1054.5 1238.0
871.0 1054.5 1238.0
871.0 1054.5 1238.0
871.0 1054.5 1238.0
871.0 1054.5 1238.0
871.0 1054.5 1238.0
871.0 1054.5 1238.0
871.0 1054.5 1238.0
871.0 1054.5 1238.0
871.0 1054.5 1238.0
871.0 1054.5 1238.0
871.0 1054.5 1238.0
871.0 1054.5 1238.0
871.0 1054.5 1238.0
871.0 1054.5 1238.0
871.0 1054.5 1238.0
871.0 1054.5 1238.0
871.0 1054.5 1238.0
871.0 1054.5 1238.0
871.0 1054.5 1238.0
871.0 1054.5 1238.0
871.0 1054.5 1238.0
871.0 1054.5 1238.0
871.0 1054.5 1238.0
871.0 1054.5 1238.0
871.0 1054.5 1238.0
871.0 1054.5 1238.0
871.0 1054.5 1238.0
871.0 1054.5 1238.0
871.0 1054.5 1238.0
871.0 1054.5 1238.0
871.0 1054.5 1238.0
871.0 1054.5 1238.0
871.0 1054.5 1238.0
871.0 1054.5 1238.0
871.0 1054.5 1238.0
871.0 1054.5 1238.0
871.0 1054.5 1238.0
871.0 1054.5 1238.0
871.0 1054.5 1238.0
871.0 1054.5 1238.0
871.0 1054.5 1238.0
871.0 1054.5 1238.0
871.0 1054.5 1238.0
871.0 1054.5 1238.0
871.0 1054.5 1238.0
871.0 1054.5 1238.0
871.0 1054.5 1238.0
871.0 1054.5 1238.0
871.0 1054.5 1238.0
871.0 1054.5 1238.0
871.0 1054.5 1238.0
871.0 1054.5 1238.0
871.0 1054.5 1238.0
871.0 1054.5 1238.0
871.0 1054.5 1238.0
871.0 983.0 1095.0
871.0 983.0 1095.0
871.0 983.0 1095.0
871.0 983.0 1095.0
871.0 983.0 1095.0
871.0 983.0 1095.0
871.0 983.0 1095.0
871.0 983.0 1095.0
871.0 983.0 1095.0
871.0 983.0 1095.0
871.0 983.0 1095.0
871.0 983.0 1095.0
871.0 983.0 1095.0
871.0 983.0 1095.0
871.0 983.0 1095.0
871.0 983.0 1095.0
871.0 983.0 1095.0
871.0 983.0 1095.0
871.0 983.0 1095.0
871.0 983.0 1095.0
871.0 983.0 1095.0
871.0 983.0 1095.0
871.0 983.0 1095.0
871.0 983.0 1095.0
871.0 983.0 1095.0
871.0 983.0 1095.0
871.0 983.0 1095.0
871.0 983.0 1095.0
871.0 983.0 1095.0
