13037.0 14582.5 16128.0
11049.0 11703.5 12358.0
9879.0 10581.0 11283.0
6354.0 8619.0 10884.0
6354.0 7373.0 8392.0
4817.0 5867.0 6917.0
3712.0 4805.5 5899.0
3712.0 4805.5 5899.0
3712.0 4124.5 4537.0
2910.0 3311.0 3712.0
3474.0 3593.0 3712.0
3474.0 3634.0 3794.0
2748.0 3111.0 3474.0
2661.0 3091.0 3521.0
2661.0 3091.0 3521.0
2022.0 2431.5 2841.0
2022.0 2599.5 3177.0
2022.0 2599.5 3177.0
2022.0 2599.5 3177.0
2022.0 2216.5 2411.0
2022.0 2216.5 2411.0
1891.0 1956.5 2022.0
1891.0 1956.5 2022.0
1891.0 1956.5 2022.0
1891.0 1956.5 2022.0
1891.0 1956.5 2022.0
1891.0 1956.5 2022.0
1891.0 1956.5 2022.0
1891.0 1956.5 2022.0
1891.0 1956.5 2022.0
1891.0 1956.5 2022.0
1891.0 1956.5 2022.0
1891.0 1956.5 2022.0
1891.0 1956.5 2022.0
1891.0 1956.5 2022.0
1891.0 1956.5 2022.0
1891.0 1956.5 2022.0
1891.0 1956.5 2022.0
1891.0 1956.5 2022.0
1891.0 1956.5 2022.0
1891.0 1956.5 2022.0
1891.0 1956.5 2022.0
1891.0 1956.5 2022.0
1891.0 1956.5 2022.0
1873.0 1947.5 2022.0
1873.0 1947.5 2022.0
1873.0 1947.5 2022.0
1873.0 1947.5 2022.0
1873.0 1947.5 2022.0
1873.0 1947.5 2022.0
1873.0 1947.5 2022.0
1873.0 1947.5 2022.0
1873.0 1947.5 2022.0
1873.0 1947.5 2022.0
1873.0 1947.5 2022.0
1873.0 1947.5 2022.0
1873.0 1947.5 2022.0
1873.0 1947.5 2022.0
1873.0 1947.5 2022.0
1873.0 1947.5 2022.0
1873.0 1947.5 2022.0
1873.0 1947.5 2022.0
1873.0 1947.5 2022.0
1873.0 1947.5 2022.0
1873.0 1947.5 2022.0
1873.0 1947.5 2022.0
1873.0 1947.5 2022.0
1873.0 1947.5 2022.0
1873.0 1947.5 2022.0
1873.0 1947.5 2022.0
1873.0 1947.5 2022.0
1873.0 1947.5 2022.0
1873.0 1947.5 2022.0
1873.0 1947.5 2022.0
1873.0 1947.5 2022.0
1873.0 1947.5 2022.0
1873.0 1947.5 2022.0
1873.0 1947.5 2022.0
1873.0 1947.5 2022.0
1873.0 1947.5 2022.0
1873.0 1947.5 2022.0
1873.0 1947.5 2022.0
1873.0 1947.5 2022.0
1873.0 1947.5 2022.0
1873.0 1947.5 2022.0
1873.0 1947.5 2022.0
1873.0 1947.5 2022.0
1873.0 1947.5 2022.0
1873.0 1947.5 2022.0
1873.0 1947.5 2022.0
1873.0 1947.5 2022.0
1873.0 1947.5 2022.0
1873.0 1947.5 2022.0
1873.0 1947.5 2022.0
1873.0 1947.5 2022.0
1873.0 1947.5 2022.0
1873.0 1947.5 2022.0
1873.0 1947.5 2022.0
1873.0 1947.5 2022.0
1873.0 1947.5 2022.0
1873.0 1947.5 2022.0
1873.0 1947.5 2022.0
1641.0 1757.0 1873.0
1641.0 1757.0 1873.0
1641.0 1757.0 1873.0
1641.0 1757.0 1873.0
1641.0 1757.0 1873.0
1641.0 1757.0 1873.0
1641.0 1757.0 1873.0
1641.0 1757.0 1873.0
1641.0 1757.0 1873.0
1641.0 1757.0 1873.0
1641.0 1757.0 1873.0
1641.0 1757.0 1873.0
1641.0 1757.0 1873.0
1641.0 1757.0 1873.0
1641.0 1757.0 1873.0
1641.0 1757.0 1873.0
1641.0 1757.0 1873.0
1641.0 1757.0 1873.0
1641.0 1757.0 1873.0
1641.0 1757.0 1873.0
1641.0 1757.0 1873.0
1641.0 1757.0 1873.0
1641.0 1757.0 1873.0
1641.0 1757.0 1873.0
1641.0 1757.0 1873.0
1641.0 1757.0 1873.0
1641.0 1757.0 1873.0
1641.0 1757.0 1873.0
1641.0 1757.0 1873.0
1641.0 1757.0 1873.0
1641.0 1757.0 1873.0
1641.0 1757.0 1873.0
1641.0 1757.0 1873.0
1641.0 1757.0 1873.0
1641.0 1757.0 1873.0
1641.0 1757.0 1873.0
1641.0 1757.0 1873.0
1641.0 1757.0 1873.0
1641.0 1757.0 1873.0
1641.0 1757.0 1873.0
1641.0 1757.0 1873.0
1641.0 1757.0 1873.0
1641.0 1757.0 1873.0
1641.0 1757.0 1873.0
1641.0 1757.0 1873.0
1641.0 1757.0 1873.0
1641.0 1757.0 1873.0
1641.0 1757.0 1873.0
1641.0 1757.0 1873.0
1641.0 1757.0 1873.0
1641.0 1757.0 1873.0
1641.0 1757.0 1873.0
1641.0 1757.0 1873.0
1272.0 1572.5 1873.0
1272.0 1572.5 1873.0
1272.0 1572.5 1873.0
1272.0 1572.5 1873.0
1272.0 1572.5 1873.0
1272.0 1572.5 1873.0
1272.0 1572.5 1873.0
1272.0 1572.5 1873.0
1272.0 1572.5 1873.0
1272.0 1572.5 1873.0
1272.0 1572.5 1873.0
1272.0 1572.5 1873.0
1272.0 1572.5 1873.0
1272.0 1572.5 1873.0
1272.0 1572.5 1873.0
1272.0 1572.5 1873.0
1272.0 1572.5 1873.0
1272.0 1572.5 1873.0
1272.0 1572.5 1873.0
1272.0 1572.5 1873.0
1272.0 1572.5 1873.0
1272.0 1572.5 1873.0
1272.0 1572.5 1873.0
1272.0 1572.5 1873.0
1272.0 1572.5 1873.0
1272.0 1572.5 1873.0
1272.0 1572.5 1873.0
1272.0 1572.5 1873.0
1272.0 1572.5 1873.0
1272.0 1572.5 1873.0
1272.0 1572.5 1873.0
1272.0 1572.5 1873.0
1272.0 1572.5 1873.0
1272.0 1572.5 1873.0
1272.0 1572.5 1873.0
1272.0 1572.5 1873.0
1272.0 1572.5 1873.0
1272.0 1572.5 1873.0
1272.0 1572.5 1873.0
1272.0 1572.5 1873.0
1272.0 1572.5 1873.0
1272.0 1572.5 1873.0
1272.0 1572.5 1873.0
1272.0 1572.5 1873.0
1272.0 1572.5 1873.0
