11200.0 12759.0 14318.0
11500.0 12636.0 13772.0
10169.0 11290.5 12412.0
7309.0 7600.0 7891.0
7078.0 7176.0 7274.0
7078.0 7176.0 7274.0
4339.0 4916.5 5494.0
2854.0 3177.0 3500.0
2854.0 3177.0 3500.0
3043.0 3347.0 3651.0
2845.0 3015.5 3186.0
2845.0 3015.5 3186.0
3100.0 3143.0 3186.0
3100.0 3143.0 3186.0
3100.0 3143.0 3186.0
3100.0 3143.0 3186.0
3100.0 3143.0 3186.0
3100.0 3143.0 3186.0
2012.0 2556.0 3100.0
2018.0 2559.0 3100.0
1673.0 2386.5 3100.0
1673.0 2386.5 3100.0
1673.0 2386.5 3100.0
1673.0 2386.5 3100.0
1673.0 2386.5 3100.0
1673.0 2386.5 3100.0
1673.0 2386.5 3100.0
1673.0 2386.5 3100.0
1673.0 2386.5 3100.0
1673.0 2386.5 3100.0
1673.0 1883.5 2094.0
1673.0 1852.5 2032.0
1673.0 1852.5 2032.0
1673.0 1852.5 2032.0
1673.0 1852.5 2032.0
1673.0 1852.5 2032.0
1673.0 1852.5 2032.0
1673.0 1852.5 2032.0
1673.0 1852.5 2032.0
1673.0 1852.5 2032.0
1673.0 1852.5 2032.0
1673.0 1852.5 2032.0
1673.0 1852.5 2032.0
1673.0 1852.5 2032.0
1673.0 1852.5 2032.0
1673.0 1852.5 2032.0
1673.0 1852.5 2032.0
1673.0 1852.5 2032.0
1673.0 1852.5 2032.0
1673.0 1852.5 2032.0
1673.0 1852.5 2032.0
1673.0 1852.5 2032.0
1673.0 1852.5 2032.0
1673.0 1852.5 2032.0
1673.0 1852.5 2032.0
1673.0 1852.5 2032.0
1673.0 1852.5 2032.0
1673.0 1852.5 2032.0
1673.0 1852.5 2032.0
1673.0 1852.5 2032.0
1673.0 1852.5 2032.0
1673.0 1852.5 2032.0
1673.0 1852.5 2032.0
1673.0 1852.5 2032.0
1673.0 1852.5 2032.0
1673.0 1852.5 2032.0
1673.0 1852.5 2032.0
1673.0 1827.5 1982.0
1673.0 1827.5 1982.0
1673.0 1827.5 1982.0
1673.0 1827.5 1982.0
1673.0 1827.5 1982.0
1673.0 1827.5 1982.0
1673.0 1827.5 1982.0
1656.0 1819.0 1982.0
1656.0 1819.0 1982.0
1656.0 1819.0 1982.0
1656.0 1819.0 1982.0
1656.0 1819.0 1982.0
1656.0 1819.0 1982.0
1656.0 1819.0 1982.0
1656.0 1819.0 1982.0
1656.0 1819.0 1982.0
1656.0 1819.0 1982.0
1656.0 1819.0 1982.0
1656.0 1819.0 1982.0
1656.0 1819.0 1982.0
1656.0 1819.0 1982.0
1656.0 1819.0 1982.0
1656.0 1819.0 1982.0
1656.0 1819.0 1982.0
1656.0 1819.0 1982.0
1656.0 1819.0 1982.0
1656.0 1819.0 1982.0
1656.0 1819.0 1982.0
1656.0 1909.5 2163.0
1656.0 1909.5 2163.0
1656.0 1909.5 2163.0
1656.0 1909.5 2163.0
1656.0 1909.5 2163.0
1656.0 1909.5 2163.0
1656.0 1909.5 2163.0
1656.0 1909.5 2163.0
1656.0 1909.5 2163.0
1656.0 1909.5 2163.0
1656.0 1909.5 2163.0
1656.0 1909.5 2163.0
1656.0 1909.5 2163.0
1656.0 1909.5 2163.0
1656.0 1909.5 2163.0
1656.0 1909.5 2163.0
1656.0 1909.5 2163.0
1656.0 1909.5 2163.0
1656.0 1909.5 2163.0
1656.0 1909.5 2163.0
1656.0 1909.5 2163.0
1656.0 1909.5 2163.0
1656.0 1909.5 2163.0
1656.0 1909.5 2163.0
1656.0 1909.5 2163.0
1656.0 1909.5 2163.0
1656.0 1909.5 2163.0
1656.0 1909.5 2163.0
1656.0 1909.5 2163.0
1656.0 1909.5 2163.0
1656.0 1909.5 2163.0
1656.0 1909.5 2163.0
1656.0 1909.5 2163.0
1656.0 1909.5 2163.0
1656.0 1909.5 2163.0
1656.0 1909.5 2163.0
1656.0 1909.5 2163.0
1656.0 1909.5 2163.0
1656.0 1909.5 2163.0
1656.0 1909.5 2163.0
1656.0 1909.5 2163.0
1656.0 1909.5 2163.0
1656.0 1909.5 2163.0
1656.0 1909.5 2163.0
1656.0 1909.5 2163.0
1656.0 1909.5 2163.0
1656.0 1909.5 2163.0
1656.0 1909.5 2163.0
1656.0 1909.5 2163.0
1656.0 1909.5 2163.0
1656.0 1909.5 2163.0
1656.0 1909.5 2163.0
1656.0 1909.5 2163.0
1656.0 1909.5 2163.0
1656.0 1909.5 2163.0
1656.0 1909.5 2163.0
1656.0 1909.5 2163.0
1656.0 1909.5 2163.0
1656.0 1909.5 2163.0
1656.0 1909.5 2163.0
1656.0 1909.5 2163.0
1656.0 1909.5 2163.0
1656.0 1909.5 2163.0
1656.0 1817.5 1979.0
1656.0 1830.0 2004.0
1656.0 1781.0 1906.0
1656.0 1781.0 1906.0
1656.0 1781.0 1906.0
1656.0 1781.0 1906.0
1656.0 1781.0 1906.0
1656.0 1781.0 1906.0
1656.0 1781.0 1906.0
1656.0 1781.0 1906.0
1656.0 1781.0 1906.0
1656.0 1781.0 1906.0
1656.0 1781.0 1906.0
1656.0 1781.0 1906.0
1656.0 1781.0 1906.0
1656.0 1781.0 1906.0
1656.0 1781.0 1906.0
1656.0 1781.0 1906.0
1656.0 1781.0 1906.0
1656.0 1781.0 1906.0
1656.0 1781.0 1906.0
1656.0 1781.0 1906.0
1656.0 1781.0 1906.0
1656.0 1781.0 1906.0
1656.0 1781.0 1906.0
1656.0 1781.0 1906.0
1656.0 1781.0 1906.0
1656.0 1781.0 1906.0
1656.0 1781.0 1906.0
1656.0 1781.0 1906.0
1656.0 1781.0 1906.0
1656.0 1781.0 1906.0
1656.0 1781.0 1906.0
1656.0 1781.0 1906.0
1656.0 1781.0 1906.0
1656.0 1781.0 1906.0
1656.0 1781.0 1906.0
1656.0 1781.0 1906.0
1656.0 1781.0 1906.0
1656.0 1781.0 1906.0
1656.0 1781.0 1906.0
1656.0 1781.0 1906.0
