8812.0 12766.5 16721.0
6053.0 8113.5 10174.0
6053.0 6473.5 6894.0
4920.0 5082.0 5244.0
4566.0 4894.0 5222.0
3186.0 3297.5 3409.0
1807.0 2159.0 2511.0
1807.0 1840.0 1873.0
1786.0 1815.5 1845.0
1479.0 1632.5 1786.0
1350.0 1568.0 1786.0
835.0 1310.5 1786.0
835.0 1310.5 1786.0
835.0 1310.5 1786.0
835.0 1310.5 1786.0
835.0 1310.5 1786.0
835.0 1310.5 1786.0
835.0 1310.5 1786.0
835.0 1310.5 1786.0
835.0 1310.5 1786.0
835.0 1310.5 1786.0
835.0 1310.5 1786.0
835.0 1310.5 1786.0
835.0 1310.5 1786.0
835.0 1310.5 1786.0
835.0 1310.5 1786.0
835.0 1310.5 1786.0
835.0 1310.5 1786.0
835.0 1310.5 1786.0
835.0 1310.5 1786.0
835.0 932.0 1029.0
835.0 932.0 1029.0
835.0 925.5 1016.0
835.0 925.5 1016.0
689.0 762.0 835.0
689.0 762.0 835.0
689.0 762.0 835.0
689.0 762.0 835.0
689.0 762.0 835.0
689.0 762.0 835.0
689.0 762.0 835.0
689.0 762.0 835.0
689.0 762.0 835.0
689.0 762.0 835.0
689.0 762.0 835.0
689.0 762.0 835.0
689.0 762.0 835.0
689.0 762.0 835.0
689.0 762.0 835.0
689.0 762.0 835.0
689.0 762.0 835.0
689.0 762.0 835.0
689.0 762.0 835.0
689.0 762.0 835.0
689.0 762.0 835.0
689.0 762.0 835.0
689.0 762.0 835.0
689.0 762.0 835.0
689.0 762.0 835.0
689.0 762.0 835.0
689.0 762.0 835.0
689.0 762.0 835.0
689.0 762.0 835.0
689.0 762.0 835.0
689.0 762.0 835.0
689.0 762.0 835.0
689.0 762.0 835.0
689.0 762.0 835.0
689.0 762.0 835.0
689.0 762.0 835.0
689.0 762.0 835.0
689.0 762.0 835.0
689.0 762.0 835.0
689.0 762.0 835.0
689.0 762.0 835.0
689.0 762.0 835.0
689.0 762.0 835.0
689.0 762.0 835.0
689.0 762.0 835.0
689.0 762.0 835.0
689.0 762.0 835.0
689.0 762.0 835.0
689.0 762.0 835.0
689.0 762.0 835.0
689.0 762.0 835.0
689.0 762.0 835.0
689.0 762.0 835.0
689.0 762.0 835.0
689.0 762.0 835.0
689.0 762.0 835.0
689.0 762.0 835.0
689.0 762.0 835.0
689.0 762.0 835.0
689.0 762.0 835.0
689.0 762.0 835.0
689.0 762.0 835.0
689.0 762.0 835.0
689.0 762.0 835.0
689.0 762.0 835.0
689.0 762.0 835.0
689.0 762.0 835.0
689.0 762.0 835.0
689.0 762.0 835.0
689.0 762.0 835.0
689.0 762.0 835.0
689.0 762.0 835.0
689.0 762.0 835.0
689.0 762.0 835.0
689.0 762.0 835.0
689.0 762.0 835.0
689.0 762.0 835.0
689.0 762.0 835.0
689.0 762.0 835.0
689.0 762.0 835.0
689.0 762.0 835.0
689.0 762.0 835.0
689.0 762.0 835.0
689.0 762.0 835.0
689.0 762.0 835.0
689.0 762.0 835.0
689.0 762.0 835.0
689.0 762.0 835.0
689.0 762.0 835.0
689.0 762.0 835.0
689.0 762.0 835.0
689.0 762.0 835.0
689.0 762.0 835.0
689.0 762.0 835.0
689.0 762.0 835.0
689.0 762.0 835.0
689.0 762.0 835.0
689.0 762.0 835.0
689.0 762.0 835.0
689.0 762.0 835.0
689.0 762.0 835.0
689.0 762.0 835.0
689.0 762.0 835.0
689.0 762.0 835.0
689.0 762.0 835.0
689.0 762.0 835.0
689.0 762.0 835.0
689.0 762.0 835.0
689.0 762.0 835.0
689.0 762.0 835.0
689.0 762.0 835.0
689.0 762.0 835.0
689.0 762.0 835.0
689.0 762.0 835.0
689.0 762.0 835.0
689.0 762.0 835.0
689.0 762.0 835.0
689.0 762.0 835.0
689.0 762.0 835.0
689.0 762.0 835.0
689.0 762.0 835.0
689.0 762.0 835.0
689.0 762.0 835.0
689.0 762.0 835.0
689.0 762.0 835.0
689.0 762.0 835.0
689.0 762.0 835.0
689.0 762.0 835.0
689.0 762.0 835.0
689.0 762.0 835.0
689.0 762.0 835.0
689.0 762.0 835.0
689.0 762.0 835.0
689.0 762.0 835.0
689.0 762.0 835.0
689.0 762.0 835.0
689.0 762.0 835.0
689.0 762.0 835.0
689.0 762.0 835.0
689.0 762.0 835.0
689.0 762.0 835.0
689.0 762.0 835.0
689.0 762.0 835.0
689.0 762.0 835.0
689.0 762.0 835.0
689.0 762.0 835.0
689.0 762.0 835.0
689.0 762.0 835.0
689.0 762.0 835.0
689.0 762.0 835.0
689.0 762.0 835.0
689.0 762.0 835.0
689.0 762.0 835.0
689.0 762.0 835.0
689.0 762.0 835.0
689.0 762.0 835.0
689.0 762.0 835.0
689.0 762.0 835.0
689.0 762.0 835.0
689.0 762.0 835.0
689.0 762.0 835.0
689.0 762.0 835.0
689.0 762.0 835.0
689.0 762.0 835.0
689.0 762.0 835.0
689.0 762.0 835.0
