11390.0 14498.5 17607.0
10414.0 11878.0 13342.0
9960.0 10055.5 10151.0
8286.0 8502.5 8719.0
6812.0 7591.5 8371.0
6048.0 6557.0 7066.0
4037.0 4571.0 5105.0
3147.0 3738.0 4329.0
2850.0 2904.5 2959.0
2534.0 2545.0 2556.0
2508.0 2532.0 2556.0
1753.0 1813.5 1874.0
1753.0 1813.5 1874.0
1684.0 1779.0 1874.0
1684.0 1779.0 1874.0
1684.0 1779.0 1874.0
1684.0 1779.0 1874.0
1684.0 1779.0 1874.0
1684.0 1779.0 1874.0
1684.0 1779.0 1874.0
1684.0 1758.0 1832.0
1684.0 1707.0 1730.0
1519.0 1601.5 1684.0
1519.0 1601.5 1684.0
1519.0 1601.5 1684.0
1519.0 1601.5 1684.0
1519.0 1601.5 1684.0
1519.0 1601.5 1684.0
1519.0 1601.5 1684.0
1519.0 1601.5 1684.0
1519.0 1601.5 1684.0
1519.0 1601.5 1684.0
1519.0 1601.5 1684.0
1519.0 1601.5 1684.0
1519.0 1601.5 1684.0
1519.0 1601.5 1684.0
1519.0 1601.5 1684.0
1519.0 1601.5 1684.0
1519.0 1601.5 1684.0
1519.0 1601.5 1684.0
1519.0 1601.5 1684.0
1519.0 1601.5 1684.0
1519.0 1601.5 1684.0
1519.0 1601.5 1684.0
1519.0 1601.5 1684.0
1519.0 1601.5 1684.0
1519.0 1601.5 1684.0
1519.0 1601.5 1684.0
1519.0 1601.5 1684.0
1519.0 1601.5 1684.0
1519.0 1601.5 1684.0
1519.0 1601.5 1684.0
1519.0 1601.5 1684.0
1519.0 1601.5 1684.0
1519.0 1601.5 1684.0
1519.0 1601.5 1684.0
1519.0 1601.5 1684.0
1519.0 1601.5 1684.0
1519.0 1601.5 1684.0
1519.0 1601.5 1684.0
1519.0 1601.5 1684.0
1407.0 1463.0 1519.0
1407.0 1463.0 1519.0
1407.0 1463.0 1519.0
1407.0 1463.0 1519.0
1407.0 1463.0 1519.0
1407.0 1463.0 1519.0
1407.0 1463.0 1519.0
1407.0 1463.0 1519.0
1407.0 1463.0 1519.0
1407.0 1463.0 1519.0
1407.0 1463.0 1519.0
1407.0 1463.0 1519.0
1407.0 1463.0 1519.0
1407.0 1463.0 1519.0
1407.0 1463.0 1519.0
1407.0 1463.0 1519.0
1406.0 1462.5 1519.0
1236.0 1377.5 1519.0
1236.0 1377.5 1519.0
1236.0 1377.5 1519.0
1236.0 1377.5 1519.0
1236.0 1377.5 1519.0
1236.0 1377.5 1519.0
1236.0 1377.5 1519.0
1236.0 1377.5 1519.0
1236.0 1377.5 1519.0
1236.0 1377.5 1519.0
1236.0 1377.5 1519.0
1236.0 1377.5 1519.0
1236.0 1377.5 1519.0
1236.0 1377.5 1519.0
1236.0 1377.5 1519.0
1236.0 1377.5 1519.0
1236.0 1377.5 1519.0
1236.0 1377.5 1519.0
1236.0 1377.5 1519.0
1236.0 1377.5 1519.0
1236.0 1377.5 1519.0
1236.0 1377.5 1519.0
1236.0 1377.5 1519.0
1236.0 1377.5 1519.0
1236.0 1377.5 1519.0
1236.0 1377.5 1519.0
1236.0 1377.5 1519.0
1236.0 1377.5 1519.0
1236.0 1377.5 1519.0
1236.0 1377.5 1519.0
1236.0 1377.5 1519.0
1236.0 1377.5 1519.0
1236.0 1377.5 1519.0
1236.0 1377.5 1519.0
1236.0 1377.5 1519.0
1236.0 1377.5 1519.0
1236.0 1377.5 1519.0
1236.0 1377.5 1519.0
1236.0 1377.5 1519.0
1236.0 1377.5 1519.0
1236.0 1377.5 1519.0
1236.0 1377.5 1519.0
1236.0 1377.5 1519.0
1236.0 1377.5 1519.0
1236.0 1377.5 1519.0
1236.0 1377.5 1519.0
1236.0 1377.5 1519.0
1236.0 1377.5 1519.0
1236.0 1377.5 1519.0
1236.0 1377.5 1519.0
1236.0 1377.5 1519.0
1236.0 1377.5 1519.0
1236.0 1377.5 1519.0
1236.0 1377.5 1519.0
1236.0 1377.5 1519.0
1236.0 1377.5 1519.0
1236.0 1377.5 1519.0
1236.0 1377.5 1519.0
1236.0 1377.5 1519.0
1236.0 1377.5 1519.0
1236.0 1377.5 1519.0
1236.0 1377.5 1519.0
1236.0 1377.5 1519.0
1236.0 1377.5 1519.0
1236.0 1377.5 1519.0
1236.0 1377.5 1519.0
1236.0 1377.5 1519.0
1236.0 1377.5 1519.0
1236.0 1377.5 1519.0
1236.0 1377.5 1519.0
1236.0 1377.5 1519.0
1236.0 1377.5 1519.0
1236.0 1377.5 1519.0
1236.0 1377.5 1519.0
1236.0 1377.5 1519.0
1236.0 1377.5 1519.0
1236.0 1377.5 1519.0
1236.0 1377.5 1519.0
1236.0 1377.5 1519.0
1236.0 1377.5 1519.0
1236.0 1377.5 1519.0
1236.0 1377.5 1519.0
1236.0 1377.5 1519.0
1236.0 1377.5 1519.0
1236.0 1377.5 1519.0
1236.0 1377.5 1519.0
1236.0 1377.5 1519.0
1236.0 1377.5 1519.0
1236.0 1377.5 1519.0
1236.0 1377.5 1519.0
1236.0 1377.5 1519.0
1236.0 1377.5 1519.0
1236.0 1377.5 1519.0
1236.0 1377.5 1519.0
1236.0 1377.5 1519.0
1236.0 1377.5 1519.0
1236.0 1377.5 1519.0
1236.0 1377.5 1519.0
1236.0 1377.5 1519.0
1236.0 1377.5 1519.0
1236.0 1377.5 1519.0
1236.0 1377.5 1519.0
1236.0 1377.5 1519.0
1236.0 1377.5 1519.0
1236.0 1377.5 1519.0
1236.0 1377.5 1519.0
1236.0 1377.5 1519.0
1236.0 1377.5 1519.0
1236.0 1377.5 1519.0
1236.0 1377.5 1519.0
1236.0 1377.5 1519.0
1236.0 1377.5 1519.0
1236.0 1377.5 1519.0
1236.0 1377.5 1519.0
1236.0 1377.5 1519.0
1236.0 1377.5 1519.0
1236.0 1377.5 1519.0
1236.0 1377.5 1519.0
1236.0 1377.5 1519.0
1236.0 1377.5 1519.0
1236.0 1377.5 1519.0
1236.0 1377.5 1519.0
