12462.0 13487.5 14513.0
8578.0 11110.5 13643.0
7120.0 8860.5 10601.0
5757.0 7287.5 8818.0
4888.0 5404.5 5921.0
4846.0 5046.0 5246.0
3203.0 3500.0 3797.0
2939.0 3580.0 4221.0
2939.0 3081.0 3223.0
2302.0 2762.5 3223.0
1914.0 2568.5 3223.0
1914.0 2592.5 3271.0
1914.0 2341.5 2769.0
1914.0 2231.5 2549.0
1914.0 2156.5 2399.0
1914.0 1972.0 2030.0
1914.0 1972.0 2030.0
1914.0 1972.0 2030.0
1914.0 1972.0 2030.0
1659.0 1786.5 1914.0
1659.0 1786.5 1914.0
1659.0 1786.5 1914.0
1659.0 1786.5 1914.0
1659.0 1786.5 1914.0
1659.0 1786.5 1914.0
1659.0 1786.5 1914.0
1659.0 1786.5 1914.0
1659.0 1786.5 1914.0
1659.0 1786.5 1914.0
1659.0 1786.5 1914.0
1659.0 1786.5 1914.0
1659.0 1786.5 1914.0
1659.0 1786.5 1914.0
1659.0 1786.5 1914.0
1659.0 1786.5 1914.0
1659.0 1786.5 1914.0
1659.0 1786.5 1914.0
1659.0 1766.0 1873.0
1659.0 1766.0 1873.0
1659.0 1766.0 1873.0
1659.0 1766.0 1873.0
1659.0 1766.0 1873.0
1659.0 1766.0 1873.0
1659.0 1766.0 1873.0
1659.0 1766.0 1873.0
1659.0 1766.0 1873.0
1139.0 1399.0 1659.0
1139.0 1399.0 1659.0
1139.0 1399.0 1659.0
1139.0 1399.0 1659.0
1139.0 1399.0 1659.0
1139.0 1399.0 1659.0
1139.0 1399.0 1659.0
1139.0 1399.0 1659.0
1139.0 1399.0 1659.0
1139.0 1399.0 1659.0
1139.0 1399.0 1659.0
1139.0 1399.0 1659.0
1139.0 1399.0 1659.0
1139.0 1399.0 1659.0
1139.0 1399.0 1659.0
1139.0 1399.0 1659.0
1139.0 1399.0 1659.0
1139.0 1399.0 1659.0
1139.0 1399.0 1659.0
1139.0 1399.0 1659.0
1139.0 1399.0 1659.0
1139.0 1399.0 1659.0
1139.0 1399.0 1659.0
1139.0 1399.0 1659.0
1139.0 1399.0 1659.0
1139.0 1399.0 1659.0
1139.0 1399.0 1659.0
1139.0 1399.0 1659.0
1139.0 1399.0 1659.0
1139.0 1399.0 1659.0
1139.0 1399.0 1659.0
1139.0 1399.0 1659.0
1139.0 1399.0 1659.0
1139.0 1399.0 1659.0
1139.0 1399.0 1659.0
1139.0 1399.0 1659.0
1139.0 1399.0 1659.0
1139.0 1399.0 1659.0
1139.0 1399.0 1659.0
1139.0 1399.0 1659.0
1139.0 1399.0 1659.0
1139.0 1399.0 1659.0
1139.0 1399.0 1659.0
1139.0 1399.0 1659.0
1139.0 1399.0 1659.0
1139.0 1399.0 1659.0
1139.0 1399.0 1659.0
1139.0 1399.0 1659.0
1139.0 1399.0 1659.0
1139.0 1399.0 1659.0
1139.0 1399.0 1659.0
1139.0 1399.0 1659.0
1139.0 1399.0 1659.0
1139.0 1399.0 1659.0
1139.0 1399.0 1659.0
1139.0 1399.0 1659.0
1139.0 1399.0 1659.0
1139.0 1399.0 1659.0
1139.0 1399.0 1659.0
1139.0 1399.0 1659.0
1139.0 1399.0 1659.0
1139.0 1399.0 1659.0
1139.0 1399.0 1659.0
1139.0 1399.0 1659.0
1139.0 1399.0 1659.0
1139.0 1399.0 1659.0
1139.0 1399.0 1659.0
1139.0 1399.0 1659.0
1139.0 1399.0 1659.0
1139.0 1399.0 1659.0
1139.0 1399.0 1659.0
1139.0 1399.0 1659.0
1139.0 1399.0 1659.0
1139.0 1399.0 1659.0
1139.0 1399.0 1659.0
1139.0 1399.0 1659.0
1139.0 1399.0 1659.0
1139.0 1399.0 1659.0
1139.0 1399.0 1659.0
1139.0 1399.0 1659.0
1139.0 1399.0 1659.0
1139.0 1399.0 1659.0
1139.0 1399.0 1659.0
1139.0 1399.0 1659.0
1139.0 1399.0 1659.0
1139.0 1399.0 1659.0
1139.0 1399.0 1659.0
1139.0 1399.0 1659.0
1139.0 1399.0 1659.0
1139.0 1399.0 1659.0
1139.0 1399.0 1659.0
1139.0 1399.0 1659.0
1139.0 1399.0 1659.0
1139.0 1399.0 1659.0
1139.0 1399.0 1659.0
1139.0 1343.5 1548.0
1139.0 1343.5 1548.0
1139.0 1323.5 1508.0
1139.0 1323.5 1508.0
1139.0 1323.5 1508.0
1139.0 1323.5 1508.0
1139.0 1323.5 1508.0
1139.0 1323.5 1508.0
1139.0 1323.5 1508.0
1139.0 1323.5 1508.0
1139.0 1323.5 1508.0
1139.0 1323.5 1508.0
1139.0 1323.5 1508.0
1139.0 1323.5 1508.0
1139.0 1323.5 1508.0
1139.0 1323.5 1508.0
1139.0 1323.5 1508.0
1139.0 1323.5 1508.0
1139.0 1323.5 1508.0
1139.0 1323.5 1508.0
1139.0 1323.5 1508.0
1139.0 1323.5 1508.0
1139.0 1323.5 1508.0
1139.0 1323.5 1508.0
1139.0 1323.5 1508.0
1139.0 1323.5 1508.0
1139.0 1323.5 1508.0
1139.0 1323.5 1508.0
1139.0 1323.5 1508.0
1139.0 1323.5 1508.0
1139.0 1323.5 1508.0
1139.0 1323.5 1508.0
1139.0 1323.5 1508.0
1139.0 1323.5 1508.0
1139.0 1323.5 1508.0
1139.0 1228.0 1317.0
1139.0 1228.0 1317.0
1139.0 1228.0 1317.0
1139.0 1228.0 1317.0
1139.0 1228.0 1317.0
1139.0 1228.0 1317.0
1139.0 1228.0 1317.0
1139.0 1282.5 1426.0
1139.0 1282.5 1426.0
1139.0 1282.5 1426.0
1139.0 1282.5 1426.0
1139.0 1282.5 1426.0
1139.0 1282.5 1426.0
1139.0 1282.5 1426.0
1139.0 1282.5 1426.0
1139.0 1282.5 1426.0
1139.0 1282.5 1426.0
1139.0 1282.5 1426.0
1139.0 1282.5 1426.0
1139.0 1282.5 1426.0
1139.0 1282.5 1426.0
1139.0 1282.5 1426.0
1139.0 1282.5 1426.0
1139.0 1282.5 1426.0
