12693.0 14744.5 16796.0
10830.0 12750.5 14671.0
10257.0 10543.5 10830.0
7520.0 7777.5 8035.0
6244.0 7294.5 8345.0
4395.0 6370.0 8345.0
4017.0 5510.0 7003.0
4017.0 5122.0 6227.0
3939.0 4910.5 5882.0
3080.0 3382.5 3685.0
3080.0 3408.5 3737.0
2858.0 3297.5 3737.0
3080.0 3408.5 3737.0
3080.0 3408.5 3737.0
3080.0 3408.5 3737.0
2706.0 2887.0 3068.0
2666.0 2686.0 2706.0
2706.0 2946.5 3187.0
2706.0 2946.5 3187.0
2706.0 2946.5 3187.0
2706.0 2946.5 3187.0
2706.0 2946.5 3187.0
2706.0 2946.5 3187.0
2706.0 2946.5 3187.0
2706.0 2893.5 3081.0
2690.0 2698.0 2706.0
2592.0 2649.0 2706.0
2592.0 2649.0 2706.0
2592.0 2649.0 2706.0
2592.0 2649.0 2706.0
2592.0 2649.0 2706.0
1827.0 2266.5 2706.0
1827.0 2266.5 2706.0
1827.0 2266.5 2706.0
1827.0 2266.5 2706.0
1827.0 1857.5 1888.0
1502.0 1664.5 1827.0
1502.0 1664.5 1827.0
1502.0 1664.5 1827.0
1502.0 1664.5 1827.0
1502.0 1664.5 1827.0
1502.0 1664.5 1827.0
1502.0 1664.5 1827.0
1502.0 1664.5 1827.0
1502.0 1664.5 1827.0
1502.0 1664.5 1827.0
1502.0 1664.5 1827.0
1502.0 1664.5 1827.0
1502.0 1664.5 1827.0
1502.0 1664.5 1827.0
1502.0 1664.5 1827.0
1502.0 1664.5 1827.0
1502.0 1664.5 1827.0
1502.0 1664.5 1827.0
1502.0 1664.5 1827.0
1502.0 1664.5 1827.0
1502.0 1664.5 1827.0
1502.0 1664.5 1827.0
1502.0 1664.5 1827.0
1502.0 1664.5 1827.0
1502.0 1664.5 1827.0
1502.0 1664.5 1827.0
1502.0 1664.5 1827.0
1502.0 1664.5 1827.0
1502.0 1664.5 1827.0
1502.0 1664.5 1827.0
1502.0 1664.5 1827.0
1502.0 1664.5 1827.0
1502.0 1664.5 1827.0
1502.0 1664.5 1827.0
1502.0 1664.5 1827.0
1502.0 1664.5 1827.0
1502.0 1664.5 1827.0
1502.0 1664.5 1827.0
1502.0 1664.5 1827.0
1502.0 1664.5 1827.0
1502.0 1664.5 1827.0
1502.0 1664.5 1827.0
1502.0 1664.5 1827.0
1502.0 1664.5 1827.0
1502.0 1664.5 1827.0
1502.0 1664.5 1827.0
1502.0 1664.5 1827.0
1502.0 1664.5 1827.0
1502.0 1664.5 1827.0
1502.0 1664.5 1827.0
1502.0 1664.5 1827.0
1502.0 1664.5 1827.0
1502.0 1664.5 1827.0
1502.0 1664.5 1827.0
1502.0 1664.5 1827.0
1502.0 1664.5 1827.0
1502.0 1664.5 1827.0
1502.0 1664.5 1827.0
1502.0 1664.5 1827.0
1502.0 1664.5 1827.0
1502.0 1664.5 1827.0
1502.0 1664.5 1827.0
1502.0 1664.5 1827.0
1502.0 1664.5 1827.0
1502.0 1664.5 1827.0
1502.0 1664.5 1827.0
1502.0 1664.5 1827.0
1502.0 1664.5 1827.0
1502.0 1664.5 1827.0
1502.0 1664.5 1827.0
1502.0 1664.5 1827.0
1502.0 1664.5 1827.0
1502.0 1664.5 1827.0
1502.0 1664.5 1827.0
1502.0 1664.5 1827.0
1502.0 1664.5 1827.0
1502.0 1664.5 1827.0
1502.0 1664.5 1827.0
1502.0 1664.5 1827.0
1502.0 1664.5 1827.0
1502.0 1664.5 1827.0
1502.0 1664.5 1827.0
1502.0 1664.5 1827.0
1502.0 1664.5 1827.0
1502.0 1664.5 1827.0
1502.0 1664.5 1827.0
1502.0 1664.5 1827.0
1502.0 1664.5 1827.0
1502.0 1664.5 1827.0
1502.0 1664.5 1827.0
1502.0 1664.5 1827.0
1502.0 1664.5 1827.0
1502.0 1664.5 1827.0
1502.0 1664.5 1827.0
1502.0 1664.5 1827.0
1502.0 1664.5 1827.0
1502.0 1664.5 1827.0
1502.0 1664.5 1827.0
1502.0 1664.5 1827.0
1502.0 1664.5 1827.0
1502.0 1664.5 1827.0
1502.0 1664.5 1827.0
1502.0 1664.5 1827.0
1502.0 1664.5 1827.0
1502.0 1664.5 1827.0
1502.0 1664.5 1827.0
1502.0 1664.5 1827.0
1502.0 1664.5 1827.0
1502.0 1664.5 1827.0
1502.0 1664.5 1827.0
1502.0 1664.5 1827.0
1502.0 1664.5 1827.0
1502.0 1664.5 1827.0
1502.0 1664.5 1827.0
1502.0 1664.5 1827.0
1502.0 1664.5 1827.0
1502.0 1664.5 1827.0
1502.0 1664.5 1827.0
1502.0 1664.5 1827.0
1502.0 1664.5 1827.0
1502.0 1664.5 1827.0
1502.0 1664.5 1827.0
1502.0 1664.5 1827.0
1502.0 1664.5 1827.0
1502.0 1664.5 1827.0
1502.0 1664.5 1827.0
1502.0 1664.5 1827.0
1502.0 1664.5 1827.0
1502.0 1664.5 1827.0
1502.0 1664.5 1827.0
1502.0 1664.5 1827.0
1502.0 1664.5 1827.0
1502.0 1664.5 1827.0
1502.0 1664.5 1827.0
1502.0 1664.5 1827.0
1502.0 1664.5 1827.0
1502.0 1664.5 1827.0
1502.0 1664.5 1827.0
1502.0 1664.5 1827.0
1502.0 1664.5 1827.0
1502.0 1664.5 1827.0
1502.0 1664.5 1827.0
1502.0 1664.5 1827.0
1502.0 1664.5 1827.0
1502.0 1664.5 1827.0
1502.0 1664.5 1827.0
1502.0 1664.5 1827.0
1502.0 1664.5 1827.0
1502.0 1664.5 1827.0
1502.0 1664.5 1827.0
1502.0 1664.5 1827.0
1502.0 1664.5 1827.0
1502.0 1664.5 1827.0
1502.0 1664.5 1827.0
1502.0 1664.5 1827.0
1502.0 1664.5 1827.0
1502.0 1664.5 1827.0
1502.0 1664.5 1827.0
1502.0 1664.5 1827.0
1502.0 1664.5 1827.0
1502.0 1664.5 1827.0
1502.0 1664.5 1827.0
1502.0 1664.5 1827.0
1502.0 1664.5 1827.0
