11263.0 12580.5 13898.0
9513.0 10238.0 10963.0
7367.0 8248.0 9129.0
6614.0 7016.5 7419.0
4835.0 6145.0 7455.0
5025.0 5765.0 6505.0
3354.0 4441.5 5529.0
3354.0 3485.0 3616.0
2541.0 3302.0 4063.0
1953.0 2021.0 2089.0
1953.0 2021.0 2089.0
1799.0 1944.0 2089.0
1799.0 1944.0 2089.0
1799.0 1944.0 2089.0
1799.0 1944.0 2089.0
1799.0 1944.0 2089.0
1799.0 1944.0 2089.0
1799.0 1944.0 2089.0
1799.0 1944.0 2089.0
1694.0 1746.5 1799.0
1694.0 1850.5 2007.0
1629.0 1842.5 2056.0
1281.0 1668.5 2056.0
1281.0 1668.5 2056.0
1296.0 1676.0 2056.0
883.0 1469.5 2056.0
883.0 1469.5 2056.0
883.0 1469.5 2056.0
883.0 1469.5 2056.0
883.0 1469.5 2056.0
883.0 1469.5 2056.0
883.0 1469.5 2056.0
883.0 1469.5 2056.0
883.0 1469.5 2056.0
883.0 1077.5 1272.0
883.0 1077.5 1272.0
883.0 1077.5 1272.0
883.0 1077.5 1272.0
883.0 1077.5 1272.0
883.0 1077.5 1272.0
883.0 1077.5 1272.0
883.0 1077.5 1272.0
883.0 1077.5 1272.0
883.0 1077.5 1272.0
883.0 1077.5 1272.0
883.0 1077.5 1272.0
883.0 1077.5 1272.0
883.0 1077.5 1272.0
883.0 1077.5 1272.0
883.0 1077.5 1272.0
883.0 1077.5 1272.0
883.0 1077.5 1272.0
883.0 1077.5 1272.0
883.0 1077.5 1272.0
883.0 1077.5 1272.0
883.0 1077.5 1272.0
883.0 1077.5 1272.0
883.0 1077.5 1272.0
883.0 1077.5 1272.0
883.0 1077.5 1272.0
883.0 1077.5 1272.0
883.0 1077.5 1272.0
883.0 1077.5 1272.0
883.0 1077.5 1272.0
883.0 1077.5 1272.0
883.0 1077.5 1272.0
883.0 1077.5 1272.0
883.0 1077.5 1272.0
883.0 1077.5 1272.0
883.0 1077.5 1272.0
883.0 1077.5 1272.0
883.0 1077.5 1272.0
883.0 1077.5 1272.0
883.0 1077.5 1272.0
883.0 1077.5 1272.0
883.0 1077.5 1272.0
883.0 1077.5 1272.0
883.0 1077.5 1272.0
883.0 1077.5 1272.0
883.0 1077.5 1272.0
883.0 1077.5 1272.0
883.0 1077.5 1272.0
883.0 1077.5 1272.0
883.0 1077.5 1272.0
883.0 1077.5 1272.0
883.0 1077.5 1272.0
883.0 1077.5 1272.0
883.0 1077.5 1272.0
883.0 1077.5 1272.0
883.0 1077.5 1272.0
883.0 1077.5 1272.0
883.0 1077.5 1272.0
883.0 1077.5 1272.0
883.0 1077.5 1272.0
883.0 1077.5 1272.0
883.0 1077.5 1272.0
883.0 1077.5 1272.0
883.0 1077.5 1272.0
883.0 1077.5 1272.0
883.0 1077.5 1272.0
883.0 1077.5 1272.0
883.0 1077.5 1272.0
883.0 1077.5 1272.0
883.0 1077.5 1272.0
883.0 1077.5 1272.0
883.0 1077.5 1272.0
883.0 1077.5 1272.0
883.0 1077.5 1272.0
883.0 1077.5 1272.0
883.0 1077.5 1272.0
883.0 1077.5 1272.0
883.0 1077.5 1272.0
883.0 1077.5 1272.0
883.0 1077.5 1272.0
883.0 1077.5 1272.0
883.0 1077.5 1272.0
883.0 1077.5 1272.0
883.0 1077.5 1272.0
883.0 1077.5 1272.0
883.0 1077.5 1272.0
883.0 1077.5 1272.0
883.0 1077.5 1272.0
883.0 1077.5 1272.0
883.0 1077.5 1272.0
883.0 1077.5 1272.0
883.0 1077.5 1272.0
883.0 1077.5 1272.0
883.0 1077.5 1272.0
883.0 1077.5 1272.0
883.0 1077.5 1272.0
883.0 1077.5 1272.0
883.0 1077.5 1272.0
883.0 1077.5 1272.0
883.0 1077.5 1272.0
883.0 1077.5 1272.0
883.0 1077.5 1272.0
883.0 1077.5 1272.0
883.0 1077.5 1272.0
883.0 1077.5 1272.0
883.0 1077.5 1272.0
883.0 1077.5 1272.0
883.0 1077.5 1272.0
883.0 1077.5 1272.0
883.0 1077.5 1272.0
883.0 1077.5 1272.0
883.0 1077.5 1272.0
883.0 1077.5 1272.0
883.0 1077.5 1272.0
883.0 1077.5 1272.0
883.0 1077.5 1272.0
883.0 1077.5 1272.0
883.0 1077.5 1272.0
883.0 1077.5 1272.0
883.0 1077.5 1272.0
883.0 1077.5 1272.0
883.0 1077.5 1272.0
883.0 1077.5 1272.0
883.0 1077.5 1272.0
883.0 1077.5 1272.0
883.0 1077.5 1272.0
883.0 1077.5 1272.0
883.0 1077.5 1272.0
883.0 1077.5 1272.0
883.0 1077.5 1272.0
883.0 1077.5 1272.0
883.0 1077.5 1272.0
883.0 1077.5 1272.0
883.0 1077.5 1272.0
883.0 1077.5 1272.0
883.0 1077.5 1272.0
883.0 1077.5 1272.0
883.0 1077.5 1272.0
883.0 1077.5 1272.0
883.0 1077.5 1272.0
883.0 1077.5 1272.0
883.0 1077.5 1272.0
883.0 1077.5 1272.0
883.0 1077.5 1272.0
883.0 1077.5 1272.0
883.0 1077.5 1272.0
883.0 1077.5 1272.0
883.0 1077.5 1272.0
883.0 1077.5 1272.0
883.0 1077.5 1272.0
883.0 1077.5 1272.0
883.0 1077.5 1272.0
883.0 1077.5 1272.0
883.0 1077.5 1272.0
883.0 1077.5 1272.0
883.0 1077.5 1272.0
883.0 1077.5 1272.0
883.0 1077.5 1272.0
883.0 1077.5 1272.0
883.0 1077.5 1272.0
883.0 1077.5 1272.0
883.0 1077.5 1272.0
883.0 1077.5 1272.0
883.0 1077.5 1272.0
883.0 1077.5 1272.0
883.0 1077.5 1272.0
