14959.0 15061.5 15164.0
12513.0 12859.0 13205.0
10675.0 11646.0 12617.0
7299.0 8571.5 9844.0
6634.0 7911.5 9189.0
5641.0 6145.0 6649.0
5782.0 6215.5 6649.0
3605.0 5267.0 6929.0
3490.0 4725.5 5961.0
3490.0 3622.0 3754.0
3490.0 3622.0 3754.0
2690.0 3371.5 4053.0
2986.0 3470.5 3955.0
2986.0 3470.5 3955.0
2986.0 3470.5 3955.0
2986.0 3470.5 3955.0
2986.0 3264.0 3542.0
2170.0 2578.0 2986.0
2170.0 2578.0 2986.0
2170.0 2578.0 2986.0
2170.0 2578.0 2986.0
2170.0 2578.0 2986.0
2170.0 2578.0 2986.0
2170.0 2578.0 2986.0
2170.0 2578.0 2986.0
2170.0 2578.0 2986.0
2170.0 2578.0 2986.0
2170.0 2223.5 2277.0
2170.0 2223.5 2277.0
2170.0 2223.5 2277.0
2170.0 2223.5 2277.0
2170.0 2223.5 2277.0
2170.0 2223.5 2277.0
2170.0 2223.5 2277.0
2170.0 2223.5 2277.0
2170.0 2223.5 2277.0
2170.0 2223.5 2277.0
2170.0 2223.5 2277.0
1815.0 1992.5 2170.0
1815.0 1992.5 2170.0
1815.0 1992.5 2170.0
1815.0 1992.5 2170.0
1815.0 1992.5 2170.0
1815.0 1992.5 2170.0
1815.0 1992.5 2170.0
1815.0 1992.5 2170.0
1815.0 1992.5 2170.0
1815.0 1992.5 2170.0
1815.0 1992.5 2170.0
1815.0 1992.5 2170.0
1815.0 1992.5 2170.0
1815.0 1992.5 2170.0
1815.0 1992.5 2170.0
1815.0 1992.5 2170.0
1815.0 1992.5 2170.0
1815.0 1992.5 2170.0
1815.0 1992.5 2170.0
1815.0 1992.5 2170.0
1815.0 1992.5 2170.0
1815.0 1992.5 2170.0
1815.0 1992.5 2170.0
1815.0 1992.5 2170.0
1815.0 1992.5 2170.0
1815.0 1992.5 2170.0
1815.0 1992.5 2170.0
1815.0 1992.5 2170.0
1815.0 1992.5 2170.0
1815.0 1992.5 2170.0
1815.0 1992.5 2170.0
1815.0 1992.5 2170.0
1815.0 1992.5 2170.0
1815.0 1992.5 2170.0
1445.0 1630.0 1815.0
1445.0 1630.0 1815.0
1445.0 1630.0 1815.0
1445.0 1630.0 1815.0
1445.0 1630.0 1815.0
1445.0 1630.0 1815.0
1445.0 1630.0 1815.0
1445.0 1630.0 1815.0
1445.0 1630.0 1815.0
1445.0 1630.0 1815.0
1445.0 1630.0 1815.0
1445.0 1630.0 1815.0
1445.0 1630.0 1815.0
1445.0 1630.0 1815.0
1445.0 1630.0 1815.0
1445.0 1630.0 1815.0
1445.0 1630.0 1815.0
1445.0 1630.0 1815.0
1445.0 1630.0 1815.0
1445.0 1630.0 1815.0
1445.0 1630.0 1815.0
1445.0 1630.0 1815.0
1445.0 1630.0 1815.0
1445.0 1630.0 1815.0
1445.0 1630.0 1815.0
1445.0 1630.0 1815.0
1445.0 1630.0 1815.0
1445.0 1630.0 1815.0
1445.0 1630.0 1815.0
1445.0 1630.0 1815.0
1445.0 1630.0 1815.0
1445.0 1630.0 1815.0
1445.0 1630.0 1815.0
1445.0 1630.0 1815.0
1445.0 1630.0 1815.0
1445.0 1630.0 1815.0
1445.0 1630.0 1815.0
1445.0 1630.0 1815.0
1445.0 1630.0 1815.0
1445.0 1630.0 1815.0
1445.0 1630.0 1815.0
1445.0 1630.0 1815.0
1445.0 1630.0 1815.0
1445.0 1630.0 1815.0
1445.0 1630.0 1815.0
1445.0 1630.0 1815.0
1445.0 1630.0 1815.0
1445.0 1630.0 1815.0
1445.0 1630.0 1815.0
1445.0 1630.0 1815.0
1445.0 1630.0 1815.0
1445.0 1630.0 1815.0
1445.0 1630.0 1815.0
1445.0 1630.0 1815.0
1445.0 1630.0 1815.0
1445.0 1630.0 1815.0
1445.0 1630.0 1815.0
1445.0 1630.0 1815.0
1445.0 1630.0 1815.0
1445.0 1630.0 1815.0
1445.0 1630.0 1815.0
1445.0 1630.0 1815.0
1445.0 1630.0 1815.0
1445.0 1630.0 1815.0
1445.0 1630.0 1815.0
1445.0 1630.0 1815.0
1445.0 1630.0 1815.0
1445.0 1630.0 1815.0
1445.0 1630.0 1815.0
1445.0 1630.0 1815.0
1445.0 1630.0 1815.0
1445.0 1630.0 1815.0
1445.0 1630.0 1815.0
1445.0 1630.0 1815.0
1445.0 1630.0 1815.0
1445.0 1630.0 1815.0
1445.0 1500.0 1555.0
1445.0 1458.0 1471.0
1445.0 1500.0 1555.0
1445.0 1500.0 1555.0
1445.0 1500.0 1555.0
1445.0 1500.0 1555.0
1445.0 1500.0 1555.0
1445.0 1500.0 1555.0
1445.0 1500.0 1555.0
1445.0 1500.0 1555.0
1445.0 1500.0 1555.0
1445.0 1500.0 1555.0
1445.0 1500.0 1555.0
1445.0 1500.0 1555.0
1445.0 1500.0 1555.0
1445.0 1500.0 1555.0
1445.0 1500.0 1555.0
1445.0 1500.0 1555.0
1445.0 1500.0 1555.0
1445.0 1500.0 1555.0
1445.0 1500.0 1555.0
1445.0 1500.0 1555.0
1445.0 1500.0 1555.0
1445.0 1500.0 1555.0
1445.0 1500.0 1555.0
1445.0 1500.0 1555.0
1445.0 1500.0 1555.0
1445.0 1500.0 1555.0
1445.0 1500.0 1555.0
1445.0 1500.0 1555.0
1445.0 1500.0 1555.0
1445.0 1500.0 1555.0
1445.0 1500.0 1555.0
1445.0 1500.0 1555.0
1445.0 1500.0 1555.0
1445.0 1500.0 1555.0
1445.0 1500.0 1555.0
1445.0 1500.0 1555.0
1445.0 1500.0 1555.0
1445.0 1500.0 1555.0
1445.0 1500.0 1555.0
1445.0 1500.0 1555.0
1445.0 1500.0 1555.0
1445.0 1500.0 1555.0
1445.0 1500.0 1555.0
1445.0 1500.0 1555.0
1445.0 1500.0 1555.0
1445.0 1500.0 1555.0
1445.0 1500.0 1555.0
1445.0 1500.0 1555.0
1445.0 1500.0 1555.0
1445.0 1500.0 1555.0
