14440.0 14648.0 14856.0
10790.0 11773.5 12757.0
8051.0 8312.0 8573.0
7089.0 7196.0 7303.0
4513.0 5172.0 5831.0
3985.0 4047.5 4110.0
2967.0 3538.5 4110.0
2330.0 2578.5 2827.0
2170.0 2498.5 2827.0
2170.0 2465.5 2761.0
2170.0 2465.5 2761.0
1727.0 1948.5 2170.0
1727.0 2118.0 2509.0
1727.0 1948.5 2170.0
1727.0 1855.0 1983.0
1727.0 1875.5 2024.0
1727.0 1875.5 2024.0
1727.0 1829.0 1931.0
1727.0 1829.0 1931.0
1727.0 1829.0 1931.0
1727.0 1829.0 1931.0
1727.0 1829.0 1931.0
1727.0 1829.0 1931.0
1727.0 1829.0 1931.0
1727.0 1829.0 1931.0
1727.0 1829.0 1931.0
1727.0 1829.0 1931.0
1727.0 1829.0 1931.0
1727.0 1829.0 1931.0
1727.0 1829.0 1931.0
1727.0 1829.0 1931.0
1727.0 1829.0 1931.0
1727.0 1829.0 1931.0
1727.0 1829.0 1931.0
1727.0 1829.0 1931.0
1727.0 1829.0 1931.0
1243.0 1485.0 1727.0
1243.0 1485.0 1727.0
1243.0 1485.0 1727.0
1243.0 1485.0 1727.0
1243.0 1485.0 1727.0
1243.0 1485.0 1727.0
1243.0 1485.0 1727.0
1243.0 1485.0 1727.0
1243.0 1485.0 1727.0
1243.0 1485.0 1727.0
1243.0 1485.0 1727.0
1243.0 1485.0 1727.0
1243.0 1485.0 1727.0
1243.0 1485.0 1727.0
1243.0 1485.0 1727.0
1243.0 1485.0 1727.0
1243.0 1485.0 1727.0
1243.0 1485.0 1727.0
1243.0 1485.0 1727.0
1243.0 1485.0 1727.0
1243.0 1485.0 1727.0
1243.0 1485.0 1727.0
1243.0 1485.0 1727.0
1243.0 1485.0 1727.0
1243.0 1485.0 1727.0
1243.0 1485.0 1727.0
1243.0 1485.0 1727.0
1243.0 1485.0 1727.0
1243.0 1485.0 1727.0
1243.0 1485.0 1727.0
1243.0 1485.0 1727.0
1243.0 1485.0 1727.0
1243.0 1485.0 1727.0
1243.0 1303.0 1363.0
1243.0 1303.0 1363.0
1243.0 1303.0 1363.0
1243.0 1303.0 1363.0
1243.0 1303.0 1363.0
1243.0 1303.0 1363.0
1243.0 1303.0 1363.0
1243.0 1303.0 1363.0
1243.0 1303.0 1363.0
1243.0 1303.0 1363.0
1243.0 1303.0 1363.0
1243.0 1303.0 1363.0
1243.0 1303.0 1363.0
1243.0 1303.0 1363.0
1243.0 1303.0 1363.0
1243.0 1303.0 1363.0
1243.0 1303.0 1363.0
912.0 1137.5 1363.0
1047.0 1205.0 1363.0
1047.0 1205.0 1363.0
1047.0 1205.0 1363.0
1047.0 1205.0 1363.0
1047.0 1205.0 1363.0
1047.0 1205.0 1363.0
1047.0 1205.0 1363.0
1047.0 1205.0 1363.0
1047.0 1205.0 1363.0
1047.0 1205.0 1363.0
1047.0 1205.0 1363.0
1047.0 1205.0 1363.0
1047.0 1205.0 1363.0
1047.0 1205.0 1363.0
1047.0 1205.0 1363.0
1047.0 1205.0 1363.0
1047.0 1205.0 1363.0
1047.0 1205.0 1363.0
1047.0 1205.0 1363.0
1047.0 1205.0 1363.0
1047.0 1205.0 1363.0
1047.0 1205.0 1363.0
1047.0 1205.0 1363.0
1047.0 1205.0 1363.0
1047.0 1205.0 1363.0
1047.0 1205.0 1363.0
1047.0 1205.0 1363.0
1047.0 1205.0 1363.0
1047.0 1205.0 1363.0
1047.0 1205.0 1363.0
1047.0 1205.0 1363.0
1047.0 1205.0 1363.0
1047.0 1205.0 1363.0
1047.0 1205.0 1363.0
1047.0 1205.0 1363.0
1047.0 1205.0 1363.0
1047.0 1205.0 1363.0
1047.0 1205.0 1363.0
1047.0 1205.0 1363.0
1047.0 1205.0 1363.0
1047.0 1205.0 1363.0
1047.0 1205.0 1363.0
1047.0 1205.0 1363.0
1047.0 1205.0 1363.0
1047.0 1205.0 1363.0
1047.0 1205.0 1363.0
1047.0 1205.0 1363.0
1047.0 1205.0 1363.0
1047.0 1205.0 1363.0
1047.0 1205.0 1363.0
1047.0 1205.0 1363.0
1047.0 1205.0 1363.0
1047.0 1205.0 1363.0
1047.0 1205.0 1363.0
1047.0 1205.0 1363.0
1047.0 1205.0 1363.0
1047.0 1205.0 1363.0
1047.0 1205.0 1363.0
1047.0 1205.0 1363.0
1047.0 1205.0 1363.0
1047.0 1205.0 1363.0
1047.0 1205.0 1363.0
1047.0 1205.0 1363.0
1047.0 1205.0 1363.0
1047.0 1205.0 1363.0
1047.0 1205.0 1363.0
1047.0 1205.0 1363.0
1047.0 1205.0 1363.0
1047.0 1205.0 1363.0
1047.0 1205.0 1363.0
1047.0 1205.0 1363.0
1047.0 1205.0 1363.0
1047.0 1205.0 1363.0
1047.0 1205.0 1363.0
1047.0 1205.0 1363.0
1047.0 1205.0 1363.0
1047.0 1205.0 1363.0
1047.0 1205.0 1363.0
1047.0 1205.0 1363.0
1047.0 1205.0 1363.0
1047.0 1205.0 1363.0
1047.0 1205.0 1363.0
1047.0 1205.0 1363.0
1047.0 1205.0 1363.0
1047.0 1205.0 1363.0
1047.0 1205.0 1363.0
1047.0 1205.0 1363.0
1047.0 1205.0 1363.0
1047.0 1205.0 1363.0
1047.0 1205.0 1363.0
1047.0 1205.0 1363.0
1047.0 1205.0 1363.0
1047.0 1205.0 1363.0
1047.0 1205.0 1363.0
1047.0 1205.0 1363.0
1047.0 1205.0 1363.0
1047.0 1205.0 1363.0
1047.0 1205.0 1363.0
1047.0 1205.0 1363.0
1047.0 1205.0 1363.0
1047.0 1205.0 1363.0
1047.0 1205.0 1363.0
1047.0 1205.0 1363.0
1047.0 1205.0 1363.0
1047.0 1205.0 1363.0
1047.0 1205.0 1363.0
1047.0 1205.0 1363.0
1047.0 1205.0 1363.0
1047.0 1205.0 1363.0
1047.0 1205.0 1363.0
1047.0 1205.0 1363.0
1047.0 1205.0 1363.0
1047.0 1205.0 1363.0
