10151.0 11069.0 11987.0
9225.0 10973.0 12721.0
6836.0 7860.5 8885.0
5747.0 6200.0 6653.0
3363.0 4638.0 5913.0
3363.0 3646.5 3930.0
2750.0 3145.0 3540.0
2750.0 3110.0 3470.0
2344.0 2383.0 2422.0
1768.0 2056.0 2344.0
1683.0 1742.0 1801.0
873.0 1023.5 1174.0
873.0 1023.5 1174.0
782.0 978.0 1174.0
782.0 978.0 1174.0
782.0 978.0 1174.0
782.0 978.0 1174.0
782.0 978.0 1174.0
782.0 978.0 1174.0
782.0 978.0 1174.0
782.0 978.0 1174.0
782.0 978.0 1174.0
782.0 978.0 1174.0
782.0 978.0 1174.0
782.0 978.0 1174.0
782.0 978.0 1174.0
782.0 978.0 1174.0
782.0 978.0 1174.0
782.0 978.0 1174.0
782.0 978.0 1174.0
782.0 978.0 1174.0
782.0 978.0 1174.0
782.0 978.0 1174.0
782.0 978.0 1174.0
782.0 978.0 1174.0
782.0 978.0 1174.0
782.0 978.0 1174.0
782.0 978.0 1174.0
782.0 978.0 1174.0
782.0 978.0 1174.0
782.0 978.0 1174.0
782.0 978.0 1174.0
782.0 978.0 1174.0
782.0 978.0 1174.0
782.0 978.0 1174.0
782.0 978.0 1174.0
782.0 978.0 1174.0
782.0 978.0 1174.0
782.0 978.0 1174.0
782.0 978.0 1174.0
782.0 978.0 1174.0
782.0 978.0 1174.0
782.0 978.0 1174.0
782.0 978.0 1174.0
782.0 978.0 1174.0
782.0 978.0 1174.0
782.0 978.0 1174.0
782.0 994.5 1207.0
782.0 994.5 1207.0
782.0 932.0 1082.0
782.0 932.0 1082.0
782.0 932.0 1082.0
782.0 932.0 1082.0
782.0 932.0 1082.0
782.0 932.0 1082.0
782.0 932.0 1082.0
782.0 932.0 1082.0
782.0 932.0 1082.0
782.0 932.0 1082.0
782.0 932.0 1082.0
782.0 932.0 1082.0
782.0 932.0 1082.0
782.0 932.0 1082.0
782.0 932.0 1082.0
782.0 932.0 1082.0
782.0 932.0 1082.0
782.0 932.0 1082.0
782.0 932.0 1082.0
782.0 932.0 1082.0
782.0 932.0 1082.0
782.0 932.0 1082.0
782.0 932.0 1082.0
782.0 932.0 1082.0
782.0 932.0 1082.0
782.0 932.0 1082.0
782.0 932.0 1082.0
782.0 932.0 1082.0
782.0 932.0 1082.0
782.0 932.0 1082.0
782.0 932.0 1082.0
782.0 932.0 1082.0
782.0 932.0 1082.0
782.0 932.0 1082.0
782.0 932.0 1082.0
782.0 932.0 1082.0
782.0 932.0 1082.0
782.0 932.0 1082.0
782.0 932.0 1082.0
782.0 932.0 1082.0
782.0 932.0 1082.0
782.0 932.0 1082.0
782.0 932.0 1082.0
782.0 932.0 1082.0
782.0 932.0 1082.0
782.0 932.0 1082.0
782.0 932.0 1082.0
782.0 932.0 1082.0
782.0 932.0 1082.0
782.0 932.0 1082.0
782.0 932.0 1082.0
782.0 932.0 1082.0
782.0 932.0 1082.0
782.0 932.0 1082.0
782.0 932.0 1082.0
782.0 932.0 1082.0
782.0 932.0 1082.0
782.0 932.0 1082.0
782.0 932.0 1082.0
782.0 932.0 1082.0
782.0 932.0 1082.0
782.0 932.0 1082.0
782.0 932.0 1082.0
782.0 932.0 1082.0
782.0 932.0 1082.0
782.0 932.0 1082.0
782.0 932.0 1082.0
782.0 932.0 1082.0
782.0 932.0 1082.0
782.0 932.0 1082.0
782.0 932.0 1082.0
782.0 932.0 1082.0
782.0 932.0 1082.0
782.0 932.0 1082.0
782.0 932.0 1082.0
782.0 932.0 1082.0
782.0 932.0 1082.0
782.0 932.0 1082.0
782.0 932.0 1082.0
782.0 932.0 1082.0
782.0 932.0 1082.0
782.0 932.0 1082.0
782.0 932.0 1082.0
782.0 932.0 1082.0
782.0 932.0 1082.0
782.0 932.0 1082.0
782.0 932.0 1082.0
782.0 932.0 1082.0
782.0 932.0 1082.0
782.0 932.0 1082.0
782.0 932.0 1082.0
782.0 932.0 1082.0
782.0 932.0 1082.0
782.0 932.0 1082.0
782.0 932.0 1082.0
782.0 932.0 1082.0
782.0 932.0 1082.0
782.0 932.0 1082.0
782.0 932.0 1082.0
782.0 932.0 1082.0
782.0 932.0 1082.0
782.0 932.0 1082.0
782.0 932.0 1082.0
782.0 932.0 1082.0
782.0 932.0 1082.0
782.0 932.0 1082.0
782.0 932.0 1082.0
782.0 932.0 1082.0
782.0 932.0 1082.0
782.0 932.0 1082.0
782.0 932.0 1082.0
782.0 932.0 1082.0
782.0 932.0 1082.0
782.0 932.0 1082.0
782.0 932.0 1082.0
782.0 932.0 1082.0
782.0 932.0 1082.0
782.0 932.0 1082.0
782.0 932.0 1082.0
782.0 932.0 1082.0
782.0 932.0 1082.0
782.0 932.0 1082.0
782.0 932.0 1082.0
782.0 932.0 1082.0
782.0 932.0 1082.0
782.0 932.0 1082.0
782.0 932.0 1082.0
782.0 932.0 1082.0
782.0 932.0 1082.0
782.0 932.0 1082.0
782.0 932.0 1082.0
782.0 932.0 1082.0
782.0 932.0 1082.0
782.0 932.0 1082.0
782.0 932.0 1082.0
782.0 932.0 1082.0
782.0 932.0 1082.0
782.0 932.0 1082.0
782.0 932.0 1082.0
782.0 932.0 1082.0
782.0 932.0 1082.0
