12957.0 13517.5 14078.0
10555.0 10917.5 11280.0
9812.0 9891.5 9971.0
6885.0 7790.5 8696.0
4859.0 5759.0 6659.0
3970.0 5314.5 6659.0
3626.0 3950.5 4275.0
2458.0 3366.5 4275.0
2458.0 3348.5 4239.0
2458.0 2980.0 3502.0
2458.0 2662.0 2866.0
2458.0 2938.0 3418.0
2458.0 2879.5 3301.0
2458.0 2879.5 3301.0
2458.0 2879.5 3301.0
2458.0 2879.5 3301.0
2458.0 2879.5 3301.0
2458.0 2879.5 3301.0
1938.0 2619.5 3301.0
1938.0 2619.5 3301.0
1938.0 2619.5 3301.0
1938.0 2619.5 3301.0
1938.0 2619.5 3301.0
1938.0 2119.5 2301.0
1938.0 2119.5 2301.0
1938.0 2119.5 2301.0
1938.0 2119.5 2301.0
2175.0 2238.0 2301.0
2175.0 2238.0 2301.0
2175.0 2238.0 2301.0
2175.0 2238.0 2301.0
2175.0 2238.0 2301.0
2175.0 2238.0 2301.0
1471.0 1823.0 2175.0
1191.0 1683.0 2175.0
1191.0 1683.0 2175.0
1191.0 1683.0 2175.0
1191.0 1683.0 2175.0
1191.0 1683.0 2175.0
1191.0 1683.0 2175.0
1191.0 1683.0 2175.0
1191.0 1683.0 2175.0
1191.0 1683.0 2175.0
1191.0 1683.0 2175.0
1191.0 1683.0 2175.0
1191.0 1683.0 2175.0
1191.0 1683.0 2175.0
1191.0 1683.0 2175.0
1191.0 1683.0 2175.0
1191.0 1683.0 2175.0
1191.0 1683.0 2175.0
1191.0 1683.0 2175.0
1191.0 1683.0 2175.0
1191.0 1683.0 2175.0
1191.0 1683.0 2175.0
1191.0 1683.0 2175.0
1191.0 1683.0 2175.0
1191.0 1683.0 2175.0
1191.0 1683.0 2175.0
1191.0 1683.0 2175.0
1191.0 1683.0 2175.0
1191.0 1683.0 2175.0
1191.0 1683.0 2175.0
1191.0 1683.0 2175.0
1191.0 1683.0 2175.0
1191.0 1683.0 2175.0
1191.0 1683.0 2175.0
1191.0 1683.0 2175.0
1191.0 1683.0 2175.0
1191.0 1683.0 2175.0
1191.0 1683.0 2175.0
1191.0 1683.0 2175.0
1191.0 1683.0 2175.0
1191.0 1683.0 2175.0
1191.0 1683.0 2175.0
1191.0 1683.0 2175.0
1191.0 1683.0 2175.0
1191.0 1683.0 2175.0
1191.0 1683.0 2175.0
1191.0 1683.0 2175.0
1191.0 1683.0 2175.0
1191.0 1683.0 2175.0
1191.0 1683.0 2175.0
1191.0 1683.0 2175.0
1191.0 1683.0 2175.0
1191.0 1683.0 2175.0
1191.0 1683.0 2175.0
1191.0 1683.0 2175.0
1191.0 1683.0 2175.0
1191.0 1683.0 2175.0
1191.0 1683.0 2175.0
1191.0 1683.0 2175.0
1191.0 1683.0 2175.0
1191.0 1683.0 2175.0
1191.0 1683.0 2175.0
1191.0 1683.0 2175.0
1191.0 1683.0 2175.0
1191.0 1683.0 2175.0
1191.0 1683.0 2175.0
1191.0 1683.0 2175.0
1191.0 1683.0 2175.0
1191.0 1683.0 2175.0
1191.0 1683.0 2175.0
1191.0 1683.0 2175.0
1191.0 1683.0 2175.0
1191.0 1683.0 2175.0
1191.0 1683.0 2175.0
1191.0 1683.0 2175.0
1191.0 1683.0 2175.0
1191.0 1683.0 2175.0
1191.0 1683.0 2175.0
1191.0 1683.0 2175.0
1191.0 1683.0 2175.0
1191.0 1683.0 2175.0
1191.0 1683.0 2175.0
1191.0 1683.0 2175.0
1191.0 1683.0 2175.0
1191.0 1683.0 2175.0
1191.0 1683.0 2175.0
1191.0 1683.0 2175.0
1191.0 1683.0 2175.0
1191.0 1683.0 2175.0
1191.0 1683.0 2175.0
1191.0 1683.0 2175.0
1191.0 1683.0 2175.0
1191.0 1683.0 2175.0
1191.0 1683.0 2175.0
1191.0 1683.0 2175.0
1191.0 1683.0 2175.0
1191.0 1683.0 2175.0
1191.0 1683.0 2175.0
1191.0 1683.0 2175.0
1191.0 1683.0 2175.0
1191.0 1683.0 2175.0
1191.0 1683.0 2175.0
1191.0 1683.0 2175.0
1191.0 1683.0 2175.0
1191.0 1683.0 2175.0
1191.0 1683.0 2175.0
1191.0 1683.0 2175.0
1191.0 1683.0 2175.0
1191.0 1683.0 2175.0
1191.0 1683.0 2175.0
1191.0 1683.0 2175.0
1191.0 1683.0 2175.0
1191.0 1683.0 2175.0
1191.0 1683.0 2175.0
1191.0 1683.0 2175.0
1191.0 1683.0 2175.0
1191.0 1683.0 2175.0
1191.0 1683.0 2175.0
1191.0 1683.0 2175.0
1191.0 1683.0 2175.0
1191.0 1683.0 2175.0
1191.0 1683.0 2175.0
1191.0 1683.0 2175.0
1191.0 1683.0 2175.0
1191.0 1683.0 2175.0
1191.0 1683.0 2175.0
1191.0 1513.5 1836.0
1191.0 1513.5 1836.0
1191.0 1513.5 1836.0
1191.0 1513.5 1836.0
1191.0 1513.5 1836.0
1191.0 1513.5 1836.0
1191.0 1513.5 1836.0
1191.0 1513.5 1836.0
1191.0 1513.5 1836.0
1191.0 1513.5 1836.0
1191.0 1513.5 1836.0
1191.0 1513.5 1836.0
1191.0 1513.5 1836.0
1191.0 1513.5 1836.0
1191.0 1513.5 1836.0
1191.0 1513.5 1836.0
1191.0 1513.5 1836.0
1191.0 1513.5 1836.0
1191.0 1513.5 1836.0
1191.0 1275.0 1359.0
1191.0 1311.5 1432.0
1191.0 1311.5 1432.0
1191.0 1311.5 1432.0
1191.0 1311.5 1432.0
1191.0 1311.5 1432.0
1191.0 1311.5 1432.0
1191.0 1311.5 1432.0
1191.0 1311.5 1432.0
1191.0 1311.5 1432.0
1191.0 1311.5 1432.0
1191.0 1311.5 1432.0
1191.0 1311.5 1432.0
1191.0 1311.5 1432.0
1191.0 1311.5 1432.0
1191.0 1311.5 1432.0
1191.0 1311.5 1432.0
1191.0 1311.5 1432.0
1191.0 1311.5 1432.0
1191.0 1311.5 1432.0
1191.0 1311.5 1432.0
1191.0 1311.5 1432.0
