11651.0 12486.5 13322.0
8533.0 8710.5 8888.0
5701.0 5793.0 5885.0
4898.0 5568.0 6238.0
4283.0 4628.0 4973.0
3735.0 4009.0 4283.0
3735.0 3847.5 3960.0
2766.0 3018.5 3271.0
2094.0 2241.0 2388.0
2043.0 2068.5 2094.0
2043.0 2068.5 2094.0
1535.0 1789.0 2043.0
1535.0 1789.0 2043.0
1535.0 1789.0 2043.0
1535.0 1789.0 2043.0
1535.0 1789.0 2043.0
1535.0 1789.0 2043.0
1535.0 1789.0 2043.0
1254.0 1438.5 1623.0
1442.0 1561.0 1680.0
1442.0 1491.5 1541.0
1442.0 1491.5 1541.0
1238.0 1340.0 1442.0
1238.0 1340.0 1442.0
1238.0 1340.0 1442.0
1238.0 1340.0 1442.0
1238.0 1340.0 1442.0
1238.0 1340.0 1442.0
1238.0 1340.0 1442.0
1238.0 1340.0 1442.0
1238.0 1340.0 1442.0
1238.0 1340.0 1442.0
1238.0 1340.0 1442.0
1238.0 1340.0 1442.0
1238.0 1340.0 1442.0
1238.0 1340.0 1442.0
1238.0 1340.0 1442.0
1238.0 1340.0 1442.0
1238.0 1340.0 1442.0
1238.0 1340.0 1442.0
1238.0 1340.0 1442.0
1238.0 1340.0 1442.0
1238.0 1340.0 1442.0
1238.0 1340.0 1442.0
1238.0 1340.0 1442.0
1238.0 1340.0 1442.0
1238.0 1340.0 1442.0
1238.0 1340.0 1442.0
1238.0 1340.0 1442.0
1238.0 1340.0 1442.0
1238.0 1340.0 1442.0
1238.0 1340.0 1442.0
1238.0 1340.0 1442.0
1238.0 1340.0 1442.0
1238.0 1340.0 1442.0
1238.0 1340.0 1442.0
1238.0 1340.0 1442.0
1238.0 1340.0 1442.0
1238.0 1340.0 1442.0
1238.0 1340.0 1442.0
1238.0 1340.0 1442.0
1238.0 1340.0 1442.0
1238.0 1340.0 1442.0
1238.0 1340.0 1442.0
1238.0 1340.0 1442.0
1238.0 1340.0 1442.0
1238.0 1340.0 1442.0
1238.0 1340.0 1442.0
1238.0 1340.0 1442.0
1238.0 1340.0 1442.0
1238.0 1340.0 1442.0
1238.0 1340.0 1442.0
1238.0 1340.0 1442.0
1238.0 1340.0 1442.0
1238.0 1340.0 1442.0
1238.0 1340.0 1442.0
1238.0 1340.0 1442.0
1238.0 1340.0 1442.0
1238.0 1340.0 1442.0
1238.0 1340.0 1442.0
1238.0 1340.0 1442.0
1238.0 1340.0 1442.0
1238.0 1340.0 1442.0
1238.0 1340.0 1442.0
1238.0 1340.0 1442.0
1238.0 1340.0 1442.0
1238.0 1340.0 1442.0
1238.0 1340.0 1442.0
1238.0 1340.0 1442.0
1238.0 1340.0 1442.0
1238.0 1340.0 1442.0
1238.0 1340.0 1442.0
1238.0 1340.0 1442.0
1238.0 1340.0 1442.0
1238.0 1340.0 1442.0
1238.0 1340.0 1442.0
1238.0 1340.0 1442.0
1238.0 1340.0 1442.0
1238.0 1340.0 1442.0
1238.0 1340.0 1442.0
1238.0 1340.0 1442.0
1238.0 1340.0 1442.0
1238.0 1340.0 1442.0
1238.0 1340.0 1442.0
1238.0 1340.0 1442.0
1238.0 1340.0 1442.0
1238.0 1340.0 1442.0
1238.0 1340.0 1442.0
1238.0 1340.0 1442.0
1238.0 1340.0 1442.0
1238.0 1340.0 1442.0
1238.0 1340.0 1442.0
1238.0 1340.0 1442.0
1238.0 1340.0 1442.0
1238.0 1340.0 1442.0
1238.0 1340.0 1442.0
1238.0 1340.0 1442.0
1238.0 1340.0 1442.0
1238.0 1340.0 1442.0
1238.0 1340.0 1442.0
1238.0 1340.0 1442.0
1238.0 1340.0 1442.0
1238.0 1340.0 1442.0
1238.0 1340.0 1442.0
1238.0 1340.0 1442.0
1238.0 1340.0 1442.0
1238.0 1340.0 1442.0
1238.0 1340.0 1442.0
1238.0 1340.0 1442.0
1238.0 1340.0 1442.0
1238.0 1340.0 1442.0
1238.0 1340.0 1442.0
1238.0 1340.0 1442.0
1238.0 1261.0 1284.0
1238.0 1261.0 1284.0
1238.0 1261.0 1284.0
1238.0 1261.0 1284.0
1238.0 1261.0 1284.0
1238.0 1261.0 1284.0
1238.0 1261.0 1284.0
1238.0 1261.0 1284.0
1238.0 1261.0 1284.0
1238.0 1261.0 1284.0
1238.0 1261.0 1284.0
1238.0 1261.0 1284.0
1238.0 1261.0 1284.0
1238.0 1261.0 1284.0
1238.0 1261.0 1284.0
1238.0 1261.0 1284.0
1238.0 1261.0 1284.0
1238.0 1261.0 1284.0
1238.0 1261.0 1284.0
1238.0 1261.0 1284.0
1238.0 1261.0 1284.0
1238.0 1261.0 1284.0
1238.0 1261.0 1284.0
1238.0 1261.0 1284.0
1238.0 1261.0 1284.0
1238.0 1261.0 1284.0
1238.0 1261.0 1284.0
1238.0 1261.0 1284.0
1238.0 1261.0 1284.0
1238.0 1261.0 1284.0
1238.0 1261.0 1284.0
1238.0 1261.0 1284.0
1238.0 1261.0 1284.0
1238.0 1261.0 1284.0
1238.0 1261.0 1284.0
1238.0 1261.0 1284.0
1238.0 1261.0 1284.0
1238.0 1261.0 1284.0
1238.0 1261.0 1284.0
1238.0 1261.0 1284.0
1238.0 1261.0 1284.0
1238.0 1261.0 1284.0
1238.0 1261.0 1284.0
1238.0 1261.0 1284.0
1238.0 1261.0 1284.0
1238.0 1261.0 1284.0
1238.0 1261.0 1284.0
1238.0 1261.0 1284.0
1238.0 1261.0 1284.0
1238.0 1261.0 1284.0
1238.0 1261.0 1284.0
1238.0 1261.0 1284.0
1238.0 1261.0 1284.0
1238.0 1261.0 1284.0
1238.0 1261.0 1284.0
1238.0 1261.0 1284.0
1238.0 1261.0 1284.0
1238.0 1261.0 1284.0
1238.0 1261.0 1284.0
1238.0 1261.0 1284.0
1238.0 1261.0 1284.0
1238.0 1261.0 1284.0
1238.0 1261.0 1284.0
1238.0 1261.0 1284.0
1238.0 1261.0 1284.0
1238.0 1261.0 1284.0
1238.0 1261.0 1284.0
