13791.0 13792.5 13794.0
11505.0 12123.5 12742.0
8222.0 9829.0 11436.0
7183.0 8228.5 9274.0
5523.0 6735.0 7947.0
3108.0 4265.5 5423.0
3108.0 3660.5 4213.0
2798.0 2973.0 3148.0
2798.0 3247.5 3697.0
2798.0 3247.5 3697.0
1790.0 2294.0 2798.0
1790.0 2294.0 2798.0
1790.0 2069.0 2348.0
1790.0 2069.0 2348.0
1790.0 2069.0 2348.0
1790.0 2069.0 2348.0
1790.0 2083.0 2376.0
1790.0 2318.5 2847.0
1790.0 1968.5 2147.0
1715.0 1752.5 1790.0
1715.0 1752.5 1790.0
1715.0 1752.5 1790.0
1715.0 1752.5 1790.0
1715.0 1752.5 1790.0
1715.0 1752.5 1790.0
1715.0 1752.5 1790.0
1715.0 1752.5 1790.0
1715.0 1752.5 1790.0
1715.0 1752.5 1790.0
1715.0 1752.5 1790.0
1715.0 1752.5 1790.0
1715.0 1752.5 1790.0
1715.0 1752.5 1790.0
1715.0 1752.5 1790.0
1715.0 1837.5 1960.0
1349.0 1532.0 1715.0
1139.0 1427.0 1715.0
1139.0 1427.0 1715.0
1139.0 1427.0 1715.0
1139.0 1427.0 1715.0
1139.0 1427.0 1715.0
1139.0 1427.0 1715.0
1139.0 1427.0 1715.0
1139.0 1427.0 1715.0
1139.0 1427.0 1715.0
1139.0 1427.0 1715.0
1139.0 1427.0 1715.0
1139.0 1427.0 1715.0
1139.0 1427.0 1715.0
1139.0 1427.0 1715.0
1139.0 1427.0 1715.0
1139.0 1427.0 1715.0
1139.0 1427.0 1715.0
1139.0 1427.0 1715.0
1139.0 1427.0 1715.0
1139.0 1427.0 1715.0
1139.0 1427.0 1715.0
1139.0 1427.0 1715.0
1139.0 1427.0 1715.0
1139.0 1427.0 1715.0
1139.0 1427.0 1715.0
1139.0 1427.0 1715.0
1139.0 1427.0 1715.0
1139.0 1427.0 1715.0
1139.0 1427.0 1715.0
1139.0 1427.0 1715.0
1139.0 1427.0 1715.0
1139.0 1427.0 1715.0
1139.0 1427.0 1715.0
1139.0 1427.0 1715.0
1139.0 1427.0 1715.0
1139.0 1427.0 1715.0
1139.0 1427.0 1715.0
1139.0 1427.0 1715.0
1139.0 1427.0 1715.0
1139.0 1427.0 1715.0
1139.0 1427.0 1715.0
1139.0 1427.0 1715.0
1139.0 1427.0 1715.0
1139.0 1427.0 1715.0
1139.0 1427.0 1715.0
1139.0 1427.0 1715.0
1139.0 1427.0 1715.0
1139.0 1427.0 1715.0
1139.0 1427.0 1715.0
1139.0 1427.0 1715.0
1139.0 1427.0 1715.0
1139.0 1427.0 1715.0
1139.0 1427.0 1715.0
1139.0 1427.0 1715.0
1139.0 1427.0 1715.0
1139.0 1427.0 1715.0
1139.0 1427.0 1715.0
1139.0 1427.0 1715.0
1139.0 1427.0 1715.0
1139.0 1427.0 1715.0
1139.0 1427.0 1715.0
1139.0 1427.0 1715.0
1139.0 1427.0 1715.0
1139.0 1427.0 1715.0
1139.0 1427.0 1715.0
1139.0 1427.0 1715.0
1139.0 1427.0 1715.0
1139.0 1427.0 1715.0
1139.0 1427.0 1715.0
1139.0 1427.0 1715.0
1139.0 1427.0 1715.0
1139.0 1427.0 1715.0
1139.0 1427.0 1715.0
1139.0 1427.0 1715.0
1139.0 1427.0 1715.0
1139.0 1427.0 1715.0
1139.0 1427.0 1715.0
1139.0 1427.0 1715.0
1139.0 1427.0 1715.0
1139.0 1427.0 1715.0
1139.0 1427.0 1715.0
1139.0 1427.0 1715.0
1139.0 1427.0 1715.0
1139.0 1427.0 1715.0
1139.0 1427.0 1715.0
1139.0 1427.0 1715.0
1139.0 1427.0 1715.0
1139.0 1427.0 1715.0
1139.0 1427.0 1715.0
1139.0 1427.0 1715.0
1139.0 1427.0 1715.0
1139.0 1427.0 1715.0
1139.0 1427.0 1715.0
1139.0 1427.0 1715.0
1139.0 1427.0 1715.0
1139.0 1427.0 1715.0
1139.0 1427.0 1715.0
1139.0 1427.0 1715.0
1139.0 1427.0 1715.0
1139.0 1427.0 1715.0
1139.0 1427.0 1715.0
1139.0 1427.0 1715.0
1139.0 1427.0 1715.0
1139.0 1427.0 1715.0
1139.0 1427.0 1715.0
1139.0 1427.0 1715.0
1139.0 1427.0 1715.0
1139.0 1427.0 1715.0
1139.0 1427.0 1715.0
1139.0 1427.0 1715.0
1139.0 1427.0 1715.0
1139.0 1427.0 1715.0
1139.0 1427.0 1715.0
1139.0 1427.0 1715.0
1139.0 1427.0 1715.0
1139.0 1427.0 1715.0
1139.0 1457.5 1776.0
1139.0 1457.5 1776.0
1139.0 1457.5 1776.0
1139.0 1457.5 1776.0
1139.0 1457.5 1776.0
1139.0 1457.5 1776.0
1139.0 1457.5 1776.0
1139.0 1457.5 1776.0
1139.0 1457.5 1776.0
1139.0 1457.5 1776.0
1139.0 1457.5 1776.0
1139.0 1457.5 1776.0
1139.0 1457.5 1776.0
1139.0 1457.5 1776.0
1139.0 1457.5 1776.0
1139.0 1457.5 1776.0
1139.0 1457.5 1776.0
1139.0 1457.5 1776.0
1139.0 1457.5 1776.0
1139.0 1457.5 1776.0
1139.0 1457.5 1776.0
1139.0 1457.5 1776.0
1139.0 1457.5 1776.0
1139.0 1457.5 1776.0
1139.0 1457.5 1776.0
1139.0 1457.5 1776.0
1139.0 1457.5 1776.0
1139.0 1457.5 1776.0
1139.0 1457.5 1776.0
1139.0 1457.5 1776.0
1139.0 1457.5 1776.0
1139.0 1457.5 1776.0
1139.0 1457.5 1776.0
1139.0 1457.5 1776.0
1139.0 1457.5 1776.0
1139.0 1457.5 1776.0
1139.0 1457.5 1776.0
1139.0 1457.5 1776.0
1139.0 1457.5 1776.0
1139.0 1457.5 1776.0
1139.0 1457.5 1776.0
1139.0 1457.5 1776.0
1139.0 1457.5 1776.0
1139.0 1457.5 1776.0
1139.0 1457.5 1776.0
1139.0 1457.5 1776.0
1139.0 1457.5 1776.0
1139.0 1457.5 1776.0
