14852.0 15096.5 15341.0
10919.0 11731.0 12543.0
8975.0 9935.0 10895.0
6939.0 7485.5 8032.0
7806.0 7968.0 8130.0
5336.0 6571.0 7806.0
4818.0 5832.5 6847.0
4818.0 5358.0 5898.0
3078.0 3296.5 3515.0
2695.0 3105.0 3515.0
2695.0 3067.0 3439.0
2695.0 2822.0 2949.0
2695.0 3092.0 3489.0
2695.0 2866.5 3038.0
2362.0 2757.0 3152.0
2362.0 2449.0 2536.0
2362.0 2449.0 2536.0
2362.0 2449.0 2536.0
2362.0 2449.0 2536.0
2362.0 2449.0 2536.0
2362.0 2449.0 2536.0
2362.0 2449.0 2536.0
2362.0 2449.0 2536.0
2362.0 2509.0 2656.0
2312.0 2337.0 2362.0
2312.0 2337.0 2362.0
1937.0 2149.5 2362.0
1611.0 1986.5 2362.0
1611.0 1986.5 2362.0
1611.0 1986.5 2362.0
1611.0 1900.5 2190.0
1611.0 1919.5 2228.0
1611.0 1919.5 2228.0
1611.0 1919.5 2228.0
1611.0 1919.5 2228.0
1611.0 1919.5 2228.0
1611.0 1919.5 2228.0
1611.0 1919.5 2228.0
1611.0 1919.5 2228.0
1611.0 1919.5 2228.0
1611.0 1919.5 2228.0
1611.0 1919.5 2228.0
1611.0 1919.5 2228.0
1611.0 1919.5 2228.0
1611.0 1919.5 2228.0
1611.0 1919.5 2228.0
1611.0 1919.5 2228.0
1611.0 1919.5 2228.0
1611.0 1919.5 2228.0
1611.0 1919.5 2228.0
1611.0 1919.5 2228.0
1611.0 1919.5 2228.0
1611.0 1919.5 2228.0
1611.0 1919.5 2228.0
1611.0 1919.5 2228.0
1611.0 1919.5 2228.0
1611.0 1919.5 2228.0
1611.0 1919.5 2228.0
1611.0 1919.5 2228.0
1611.0 1919.5 2228.0
1611.0 1919.5 2228.0
1611.0 1919.5 2228.0
1611.0 1919.5 2228.0
1611.0 1919.5 2228.0
1611.0 1919.5 2228.0
1611.0 1919.5 2228.0
1611.0 1919.5 2228.0
1611.0 1919.5 2228.0
1611.0 1919.5 2228.0
1611.0 1919.5 2228.0
1611.0 1919.5 2228.0
1611.0 1919.5 2228.0
1611.0 1919.5 2228.0
1611.0 1919.5 2228.0
1611.0 1919.5 2228.0
1611.0 1919.5 2228.0
1611.0 1919.5 2228.0
1611.0 1919.5 2228.0
1611.0 1919.5 2228.0
1611.0 1919.5 2228.0
1611.0 1919.5 2228.0
1611.0 1919.5 2228.0
1611.0 1855.0 2099.0
1611.0 1684.5 1758.0
1611.0 1684.5 1758.0
1611.0 1684.5 1758.0
1611.0 1684.5 1758.0
1611.0 1684.5 1758.0
1611.0 1684.5 1758.0
1611.0 1684.5 1758.0
1611.0 1684.5 1758.0
1611.0 1684.5 1758.0
1611.0 1684.5 1758.0
1679.0 1718.5 1758.0
1679.0 1718.5 1758.0
1679.0 1718.5 1758.0
1679.0 1718.5 1758.0
1679.0 1718.5 1758.0
1679.0 1718.5 1758.0
1679.0 1718.5 1758.0
1679.0 1718.5 1758.0
1668.0 1673.5 1679.0
1668.0 1673.5 1679.0
1668.0 1673.5 1679.0
1668.0 1673.5 1679.0
1668.0 1673.5 1679.0
1668.0 1673.5 1679.0
1668.0 1673.5 1679.0
1668.0 1673.5 1679.0
1668.0 1673.5 1679.0
1668.0 1673.5 1679.0
1668.0 1673.5 1679.0
1668.0 1673.5 1679.0
1668.0 1673.5 1679.0
1668.0 1673.5 1679.0
1668.0 1673.5 1679.0
1668.0 1673.5 1679.0
1668.0 1673.5 1679.0
1668.0 1673.5 1679.0
1668.0 1673.5 1679.0
1668.0 1673.5 1679.0
1668.0 1673.5 1679.0
1668.0 1673.5 1679.0
1668.0 1673.5 1679.0
1668.0 1673.5 1679.0
1668.0 1673.5 1679.0
1668.0 1673.5 1679.0
1668.0 1673.5 1679.0
1668.0 1673.5 1679.0
1668.0 1673.5 1679.0
1668.0 1673.5 1679.0
1668.0 1673.5 1679.0
1668.0 1673.5 1679.0
1668.0 1673.5 1679.0
1668.0 1673.5 1679.0
1668.0 1673.5 1679.0
1668.0 1673.5 1679.0
1668.0 1673.5 1679.0
1668.0 1673.5 1679.0
1668.0 1673.5 1679.0
1668.0 1673.5 1679.0
1668.0 1673.5 1679.0
1668.0 1673.5 1679.0
1668.0 1673.5 1679.0
1668.0 1673.5 1679.0
1668.0 1673.5 1679.0
1668.0 1673.5 1679.0
1668.0 1673.5 1679.0
1668.0 1673.5 1679.0
1668.0 1673.5 1679.0
1668.0 1673.5 1679.0
1668.0 1673.5 1679.0
1668.0 1673.5 1679.0
1668.0 1673.5 1679.0
1668.0 1673.5 1679.0
1668.0 1673.5 1679.0
1668.0 1673.5 1679.0
1668.0 1673.5 1679.0
1668.0 1673.5 1679.0
1668.0 1673.5 1679.0
1668.0 1673.5 1679.0
1668.0 1673.5 1679.0
1668.0 1673.5 1679.0
1668.0 1673.5 1679.0
1668.0 1673.5 1679.0
1668.0 1673.5 1679.0
1668.0 1673.5 1679.0
1668.0 1673.5 1679.0
1668.0 1673.5 1679.0
1668.0 1673.5 1679.0
1668.0 1673.5 1679.0
1668.0 1673.5 1679.0
1668.0 1673.5 1679.0
1668.0 1673.5 1679.0
1668.0 1673.5 1679.0
1668.0 1673.5 1679.0
1668.0 1673.5 1679.0
1668.0 1673.5 1679.0
1668.0 1673.5 1679.0
1668.0 1673.5 1679.0
1668.0 1673.5 1679.0
1668.0 1673.5 1679.0
1668.0 1673.5 1679.0
1668.0 1673.5 1679.0
1668.0 1673.5 1679.0
1668.0 1673.5 1679.0
1668.0 1673.5 1679.0
1668.0 1673.5 1679.0
1668.0 1673.5 1679.0
1668.0 1673.5 1679.0
1668.0 1673.5 1679.0
1668.0 1673.5 1679.0
1668.0 1673.5 1679.0
1668.0 1673.5 1679.0
1668.0 1673.5 1679.0
1668.0 1673.5 1679.0
1668.0 1673.5 1679.0
1668.0 1673.5 1679.0
1668.0 1673.5 1679.0
1668.0 1673.5 1679.0
