13151.0 13700.5 14250.0
9185.0 10717.5 12250.0
10211.0 10673.0 11135.0
7699.0 8022.5 8346.0
5138.0 6019.5 6901.0
4055.0 4740.0 5425.0
4055.0 4348.5 4642.0
3670.0 4156.0 4642.0
3067.0 3155.5 3244.0
2878.0 2972.5 3067.0
2878.0 2972.5 3067.0
2878.0 2972.5 3067.0
2878.0 2972.5 3067.0
2525.0 2701.5 2878.0
2304.0 2366.0 2428.0
2149.0 2288.5 2428.0
2149.0 2288.5 2428.0
2149.0 2288.5 2428.0
2149.0 2288.5 2428.0
2149.0 2288.5 2428.0
2149.0 2288.5 2428.0
2149.0 2288.5 2428.0
2149.0 2288.5 2428.0
2149.0 2288.5 2428.0
2149.0 2288.5 2428.0
2149.0 2288.5 2428.0
2149.0 2338.5 2528.0
1871.0 2010.0 2149.0
1871.0 2010.0 2149.0
1871.0 2010.0 2149.0
1871.0 2010.0 2149.0
1871.0 2010.0 2149.0
1871.0 2010.0 2149.0
1871.0 2010.0 2149.0
1871.0 2010.0 2149.0
1871.0 2010.0 2149.0
1871.0 2010.0 2149.0
1871.0 2010.0 2149.0
1871.0 2010.0 2149.0
1871.0 2010.0 2149.0
1871.0 2010.0 2149.0
1871.0 2010.0 2149.0
1871.0 2010.0 2149.0
1871.0 2010.0 2149.0
1871.0 2010.0 2149.0
1871.0 2010.0 2149.0
1871.0 2010.0 2149.0
1871.0 2010.0 2149.0
1871.0 2010.0 2149.0
1871.0 2010.0 2149.0
1871.0 2010.0 2149.0
1871.0 2010.0 2149.0
1871.0 2010.0 2149.0
1871.0 2010.0 2149.0
1754.0 1951.5 2149.0
1754.0 1951.5 2149.0
1754.0 1951.5 2149.0
1754.0 1951.5 2149.0
1754.0 1951.5 2149.0
1754.0 1951.5 2149.0
1754.0 1951.5 2149.0
1754.0 1951.5 2149.0
1754.0 1951.5 2149.0
1754.0 1951.5 2149.0
1754.0 1951.5 2149.0
1754.0 1951.5 2149.0
1754.0 1951.5 2149.0
1754.0 1951.5 2149.0
1754.0 1951.5 2149.0
1754.0 1951.5 2149.0
1754.0 1951.5 2149.0
1754.0 1951.5 2149.0
1754.0 1951.5 2149.0
1754.0 1951.5 2149.0
1754.0 1951.5 2149.0
1754.0 1951.5 2149.0
1754.0 1951.5 2149.0
1754.0 1951.5 2149.0
1754.0 1951.5 2149.0
1754.0 1951.5 2149.0
1754.0 1951.5 2149.0
1754.0 1951.5 2149.0
1754.0 1951.5 2149.0
1754.0 1951.5 2149.0
1754.0 1951.5 2149.0
1754.0 1951.5 2149.0
1754.0 1951.5 2149.0
1754.0 1951.5 2149.0
1754.0 1951.5 2149.0
1754.0 1951.5 2149.0
1754.0 1951.5 2149.0
1754.0 1951.5 2149.0
1754.0 1951.5 2149.0
1754.0 1951.5 2149.0
1754.0 1951.5 2149.0
1754.0 1951.5 2149.0
1754.0 1951.5 2149.0
1754.0 1951.5 2149.0
1754.0 1951.5 2149.0
1754.0 1951.5 2149.0
1754.0 1951.5 2149.0
1754.0 1951.5 2149.0
1754.0 1951.5 2149.0
1754.0 1951.5 2149.0
1754.0 1951.5 2149.0
1754.0 1951.5 2149.0
1754.0 1951.5 2149.0
1754.0 1951.5 2149.0
1754.0 1951.5 2149.0
1754.0 1951.5 2149.0
1754.0 1951.5 2149.0
1754.0 1951.5 2149.0
1754.0 1951.5 2149.0
1754.0 1951.5 2149.0
1754.0 1951.5 2149.0
1754.0 1951.5 2149.0
1344.0 1746.5 2149.0
1344.0 1746.5 2149.0
1344.0 1746.5 2149.0
1344.0 1746.5 2149.0
1344.0 1746.5 2149.0
1344.0 1746.5 2149.0
1344.0 1746.5 2149.0
1344.0 1746.5 2149.0
1344.0 1746.5 2149.0
1344.0 1746.5 2149.0
1344.0 1746.5 2149.0
1344.0 1746.5 2149.0
1344.0 1746.5 2149.0
1344.0 1746.5 2149.0
1344.0 1746.5 2149.0
1344.0 1746.5 2149.0
1344.0 1746.5 2149.0
1344.0 1746.5 2149.0
1344.0 1746.5 2149.0
1344.0 1746.5 2149.0
1344.0 1746.5 2149.0
1344.0 1746.5 2149.0
1344.0 1746.5 2149.0
1344.0 1746.5 2149.0
1344.0 1746.5 2149.0
1344.0 1746.5 2149.0
1344.0 1746.5 2149.0
1344.0 1746.5 2149.0
1344.0 1746.5 2149.0
1344.0 1746.5 2149.0
1344.0 1746.5 2149.0
1344.0 1746.5 2149.0
1344.0 1746.5 2149.0
1344.0 1746.5 2149.0
1344.0 1746.5 2149.0
1344.0 1746.5 2149.0
1344.0 1746.5 2149.0
1344.0 1746.5 2149.0
1344.0 1746.5 2149.0
1344.0 1746.5 2149.0
1344.0 1746.5 2149.0
1344.0 1473.5 1603.0
1344.0 1473.5 1603.0
1344.0 1473.5 1603.0
1344.0 1473.5 1603.0
1344.0 1473.5 1603.0
1344.0 1473.5 1603.0
1344.0 1473.5 1603.0
1344.0 1473.5 1603.0
1344.0 1473.5 1603.0
1344.0 1473.5 1603.0
1344.0 1473.5 1603.0
1344.0 1473.5 1603.0
1271.0 1437.0 1603.0
1271.0 1437.0 1603.0
1271.0 1437.0 1603.0
1271.0 1437.0 1603.0
1271.0 1437.0 1603.0
1271.0 1437.0 1603.0
1271.0 1437.0 1603.0
1271.0 1437.0 1603.0
1271.0 1437.0 1603.0
1271.0 1437.0 1603.0
1271.0 1437.0 1603.0
1271.0 1437.0 1603.0
1271.0 1437.0 1603.0
1271.0 1437.0 1603.0
1271.0 1437.0 1603.0
1271.0 1437.0 1603.0
1271.0 1437.0 1603.0
1271.0 1437.0 1603.0
1271.0 1437.0 1603.0
1271.0 1437.0 1603.0
1271.0 1437.0 1603.0
1271.0 1437.0 1603.0
1271.0 1437.0 1603.0
1271.0 1437.0 1603.0
1271.0 1437.0 1603.0
1271.0 1437.0 1603.0
1271.0 1437.0 1603.0
1271.0 1437.0 1603.0
1271.0 1437.0 1603.0
1271.0 1437.0 1603.0
1271.0 1437.0 1603.0
