12099.0 14085.5 16072.0
11583.0 12858.0 14133.0
8759.0 10644.5 12530.0
7449.0 9319.0 11189.0
7975.0 8929.5 9884.0
6168.0 6594.5 7021.0
5031.0 5452.0 5873.0
4119.0 4669.0 5219.0
3719.0 4362.0 5005.0
3527.0 4266.0 5005.0
2629.0 3817.0 5005.0
1976.0 3072.0 4168.0
1976.0 2636.5 3297.0
1976.0 2636.5 3297.0
1976.0 2636.5 3297.0
1976.0 2884.5 3793.0
1976.0 2300.5 2625.0
1976.0 2300.5 2625.0
1976.0 2300.5 2625.0
1976.0 2300.5 2625.0
1976.0 2300.5 2625.0
1976.0 2300.5 2625.0
1976.0 2300.5 2625.0
1976.0 2300.5 2625.0
1976.0 2300.5 2625.0
1976.0 2121.5 2267.0
1976.0 2247.5 2519.0
1976.0 2247.5 2519.0
1976.0 2247.5 2519.0
1976.0 2247.5 2519.0
1976.0 2247.5 2519.0
1976.0 2247.5 2519.0
1976.0 2247.5 2519.0
1976.0 2247.5 2519.0
1976.0 2247.5 2519.0
1976.0 2060.5 2145.0
1976.0 2075.5 2175.0
1976.0 2075.5 2175.0
1976.0 2075.5 2175.0
1976.0 2075.5 2175.0
1976.0 2075.5 2175.0
1976.0 2075.5 2175.0
1976.0 2075.5 2175.0
1976.0 2075.5 2175.0
1976.0 2075.5 2175.0
1976.0 2075.5 2175.0
1976.0 2075.5 2175.0
1976.0 2075.5 2175.0
1711.0 1843.5 1976.0
1711.0 1843.5 1976.0
1711.0 1843.5 1976.0
1711.0 1843.5 1976.0
1711.0 1843.5 1976.0
1711.0 1843.5 1976.0
1711.0 1843.5 1976.0
1711.0 1843.5 1976.0
1711.0 1843.5 1976.0
1711.0 1843.5 1976.0
1711.0 1843.5 1976.0
1711.0 1843.5 1976.0
1711.0 1843.5 1976.0
1711.0 1843.5 1976.0
1711.0 1843.5 1976.0
1711.0 1843.5 1976.0
1711.0 1843.5 1976.0
1711.0 1843.5 1976.0
1711.0 1843.5 1976.0
1711.0 1843.5 1976.0
1711.0 1843.5 1976.0
1711.0 1843.5 1976.0
1711.0 1843.5 1976.0
1711.0 1843.5 1976.0
1711.0 1843.5 1976.0
1711.0 1843.5 1976.0
1711.0 1843.5 1976.0
1711.0 1843.5 1976.0
1711.0 1843.5 1976.0
1711.0 1843.5 1976.0
1676.0 1693.5 1711.0
1676.0 1693.5 1711.0
1676.0 1693.5 1711.0
1676.0 1693.5 1711.0
1676.0 1693.5 1711.0
1676.0 1693.5 1711.0
1676.0 1693.5 1711.0
1676.0 1693.5 1711.0
1676.0 1693.5 1711.0
1676.0 1693.5 1711.0
1676.0 1693.5 1711.0
1676.0 1693.5 1711.0
1676.0 1693.5 1711.0
1676.0 1693.5 1711.0
1676.0 1693.5 1711.0
1676.0 1693.5 1711.0
1676.0 1693.5 1711.0
1676.0 1693.5 1711.0
1676.0 1693.5 1711.0
1676.0 1693.5 1711.0
1676.0 1693.5 1711.0
1676.0 1693.5 1711.0
1676.0 1693.5 1711.0
1676.0 1693.5 1711.0
1676.0 1693.5 1711.0
1676.0 1693.5 1711.0
1676.0 1693.5 1711.0
1676.0 1693.5 1711.0
1676.0 1693.5 1711.0
1676.0 1693.5 1711.0
1676.0 1693.5 1711.0
1676.0 1693.5 1711.0
1676.0 1693.5 1711.0
1676.0 1693.5 1711.0
1676.0 1693.5 1711.0
1676.0 1693.5 1711.0
1676.0 1693.5 1711.0
1676.0 1693.5 1711.0
1676.0 1693.5 1711.0
1676.0 1693.5 1711.0
1676.0 1693.5 1711.0
1676.0 1693.5 1711.0
1475.0 1593.0 1711.0
1475.0 1593.0 1711.0
1475.0 1593.0 1711.0
1475.0 1593.0 1711.0
1475.0 1593.0 1711.0
1475.0 1593.0 1711.0
1475.0 1593.0 1711.0
1475.0 1593.0 1711.0
1475.0 1593.0 1711.0
1475.0 1593.0 1711.0
1475.0 1593.0 1711.0
1475.0 1593.0 1711.0
1475.0 1593.0 1711.0
1475.0 1593.0 1711.0
1475.0 1593.0 1711.0
1475.0 1593.0 1711.0
1475.0 1593.0 1711.0
1475.0 1593.0 1711.0
1475.0 1593.0 1711.0
1475.0 1593.0 1711.0
1475.0 1593.0 1711.0
1475.0 1593.0 1711.0
1475.0 1593.0 1711.0
1475.0 1593.0 1711.0
1475.0 1593.0 1711.0
1475.0 1593.0 1711.0
1475.0 1593.0 1711.0
1475.0 1593.0 1711.0
1475.0 1593.0 1711.0
1475.0 1593.0 1711.0
1475.0 1593.0 1711.0
1475.0 1593.0 1711.0
1475.0 1593.0 1711.0
1475.0 1593.0 1711.0
1475.0 1593.0 1711.0
1475.0 1593.0 1711.0
1475.0 1593.0 1711.0
1475.0 1593.0 1711.0
1475.0 1593.0 1711.0
1475.0 1593.0 1711.0
1475.0 1593.0 1711.0
1475.0 1593.0 1711.0
1475.0 1593.0 1711.0
1475.0 1593.0 1711.0
1475.0 1593.0 1711.0
1475.0 1593.0 1711.0
1475.0 1593.0 1711.0
1475.0 1593.0 1711.0
1475.0 1593.0 1711.0
1475.0 1593.0 1711.0
1475.0 1593.0 1711.0
1475.0 1593.0 1711.0
1475.0 1593.0 1711.0
1475.0 1593.0 1711.0
1475.0 1593.0 1711.0
1475.0 1593.0 1711.0
1475.0 1593.0 1711.0
1475.0 1593.0 1711.0
1475.0 1593.0 1711.0
1475.0 1593.0 1711.0
1475.0 1593.0 1711.0
1475.0 1593.0 1711.0
1475.0 1593.0 1711.0
1475.0 1593.0 1711.0
1475.0 1593.0 1711.0
1475.0 1593.0 1711.0
1475.0 1593.0 1711.0
1475.0 1593.0 1711.0
1475.0 1593.0 1711.0
1475.0 1593.0 1711.0
1475.0 1593.0 1711.0
1475.0 1593.0 1711.0
1475.0 1593.0 1711.0
1475.0 1593.0 1711.0
1475.0 1593.0 1711.0
1475.0 1593.0 1711.0
1475.0 1593.0 1711.0
1475.0 1593.0 1711.0
1475.0 1593.0 1711.0
1475.0 1593.0 1711.0
