13024.0 13513.5 14003.0
8279.0 9553.0 10827.0
7292.0 7469.5 7647.0
5083.0 5396.0 5709.0
3208.0 3938.5 4669.0
2860.0 3082.5 3305.0
2860.0 2984.0 3108.0
1733.0 2084.0 2435.0
1733.0 1896.0 2059.0
1377.0 1670.0 1963.0
1377.0 1670.0 1963.0
1300.0 1507.5 1715.0
1300.0 1507.5 1715.0
1300.0 1507.5 1715.0
1231.0 1473.0 1715.0
1231.0 1473.0 1715.0
1231.0 1473.0 1715.0
911.0 1313.0 1715.0
911.0 1313.0 1715.0
911.0 1313.0 1715.0
911.0 1313.0 1715.0
911.0 1313.0 1715.0
911.0 1313.0 1715.0
911.0 1313.0 1715.0
911.0 1214.5 1518.0
911.0 1214.5 1518.0
911.0 1214.5 1518.0
911.0 1096.5 1282.0
911.0 1096.5 1282.0
911.0 1096.5 1282.0
911.0 1096.5 1282.0
911.0 1096.5 1282.0
911.0 1096.5 1282.0
911.0 1096.5 1282.0
911.0 1096.5 1282.0
911.0 1096.5 1282.0
911.0 1096.5 1282.0
911.0 1096.5 1282.0
911.0 1096.5 1282.0
911.0 1096.5 1282.0
911.0 1096.5 1282.0
911.0 1096.5 1282.0
911.0 1096.5 1282.0
911.0 1096.5 1282.0
911.0 1096.5 1282.0
911.0 1096.5 1282.0
911.0 1096.5 1282.0
911.0 1096.5 1282.0
911.0 1096.5 1282.0
911.0 1096.5 1282.0
911.0 1096.5 1282.0
911.0 1096.5 1282.0
911.0 1096.5 1282.0
911.0 1096.5 1282.0
911.0 1096.5 1282.0
911.0 1096.5 1282.0
911.0 1096.5 1282.0
911.0 1096.5 1282.0
911.0 1096.5 1282.0
911.0 1096.5 1282.0
911.0 1096.5 1282.0
911.0 1096.5 1282.0
911.0 1096.5 1282.0
911.0 1096.5 1282.0
911.0 1096.5 1282.0
911.0 1096.5 1282.0
911.0 1096.5 1282.0
911.0 1096.5 1282.0
911.0 1096.5 1282.0
911.0 1096.5 1282.0
911.0 1096.5 1282.0
911.0 1096.5 1282.0
911.0 1096.5 1282.0
911.0 1096.5 1282.0
911.0 1096.5 1282.0
911.0 1096.5 1282.0
911.0 1096.5 1282.0
911.0 1096.5 1282.0
911.0 1096.5 1282.0
911.0 1096.5 1282.0
911.0 1096.5 1282.0
911.0 1096.5 1282.0
911.0 1096.5 1282.0
911.0 1096.5 1282.0
911.0 1096.5 1282.0
911.0 1096.5 1282.0
911.0 1096.5 1282.0
911.0 1096.5 1282.0
911.0 1096.5 1282.0
911.0 1096.5 1282.0
911.0 1096.5 1282.0
911.0 1096.5 1282.0
911.0 1096.5 1282.0
911.0 1096.5 1282.0
911.0 1096.5 1282.0
911.0 1096.5 1282.0
911.0 1096.5 1282.0
911.0 1096.5 1282.0
911.0 1096.5 1282.0
911.0 1096.5 1282.0
911.0 1096.5 1282.0
911.0 1096.5 1282.0
911.0 1096.5 1282.0
911.0 1096.5 1282.0
911.0 1096.5 1282.0
911.0 1096.5 1282.0
911.0 1096.5 1282.0
911.0 1096.5 1282.0
911.0 1096.5 1282.0
911.0 1096.5 1282.0
911.0 1096.5 1282.0
911.0 1096.5 1282.0
911.0 1096.5 1282.0
911.0 1096.5 1282.0
911.0 1096.5 1282.0
911.0 1096.5 1282.0
911.0 1096.5 1282.0
911.0 1096.5 1282.0
911.0 1096.5 1282.0
911.0 1096.5 1282.0
911.0 1096.5 1282.0
911.0 1096.5 1282.0
911.0 1096.5 1282.0
911.0 1096.5 1282.0
911.0 1096.5 1282.0
911.0 1096.5 1282.0
911.0 1096.5 1282.0
911.0 1096.5 1282.0
911.0 1096.5 1282.0
911.0 1096.5 1282.0
911.0 1096.5 1282.0
911.0 1096.5 1282.0
911.0 1096.5 1282.0
911.0 1096.5 1282.0
911.0 1096.5 1282.0
911.0 1096.5 1282.0
911.0 1096.5 1282.0
911.0 1096.5 1282.0
911.0 1096.5 1282.0
911.0 1096.5 1282.0
911.0 1096.5 1282.0
911.0 1096.5 1282.0
911.0 1096.5 1282.0
911.0 1096.5 1282.0
911.0 1096.5 1282.0
911.0 1096.5 1282.0
911.0 1096.5 1282.0
911.0 1096.5 1282.0
911.0 1096.5 1282.0
911.0 1096.5 1282.0
911.0 1096.5 1282.0
911.0 1096.5 1282.0
911.0 1096.5 1282.0
911.0 1096.5 1282.0
911.0 1096.5 1282.0
911.0 1096.5 1282.0
911.0 1096.5 1282.0
911.0 1096.5 1282.0
911.0 1096.5 1282.0
911.0 1096.5 1282.0
911.0 1096.5 1282.0
911.0 1096.5 1282.0
911.0 1096.5 1282.0
911.0 1096.5 1282.0
911.0 1096.5 1282.0
911.0 1096.5 1282.0
911.0 1096.5 1282.0
911.0 1096.5 1282.0
911.0 1096.5 1282.0
911.0 1096.5 1282.0
911.0 1096.5 1282.0
911.0 1096.5 1282.0
911.0 1096.5 1282.0
911.0 1096.5 1282.0
911.0 1096.5 1282.0
911.0 1096.5 1282.0
911.0 1096.5 1282.0
911.0 1096.5 1282.0
911.0 1096.5 1282.0
911.0 1096.5 1282.0
911.0 1096.5 1282.0
911.0 1096.5 1282.0
911.0 1096.5 1282.0
911.0 1096.5 1282.0
911.0 1096.5 1282.0
911.0 1096.5 1282.0
911.0 1096.5 1282.0
911.0 1096.5 1282.0
911.0 1096.5 1282.0
911.0 1096.5 1282.0
911.0 1096.5 1282.0
911.0 1096.5 1282.0
911.0 1096.5 1282.0
911.0 1096.5 1282.0
911.0 1096.5 1282.0
911.0 1096.5 1282.0
911.0 1096.5 1282.0
911.0 1096.5 1282.0
911.0 1096.5 1282.0
911.0 1096.5 1282.0
