11775.0 15011.5 18248.0
11226.0 12792.5 14359.0
7087.0 8712.5 10338.0
6637.0 8861.5 11086.0
5444.0 7506.0 9568.0
5636.0 6230.0 6824.0
5444.0 6441.0 7438.0
5016.0 5589.5 6163.0
2190.0 4176.5 6163.0
1172.0 2863.5 4555.0
1172.0 2615.5 4059.0
1172.0 2340.5 3509.0
1172.0 2399.5 3627.0
1172.0 2334.0 3496.0
1172.0 2334.0 3496.0
1172.0 2334.0 3496.0
1172.0 2151.0 3130.0
1172.0 2095.0 3018.0
1172.0 1877.5 2583.0
1172.0 1877.5 2583.0
1172.0 1877.5 2583.0
1172.0 1877.5 2583.0
1172.0 1877.5 2583.0
1172.0 1877.5 2583.0
1172.0 1877.5 2583.0
1172.0 1877.5 2583.0
1172.0 1877.5 2583.0
1172.0 1877.5 2583.0
1172.0 1877.5 2583.0
1172.0 1877.5 2583.0
1172.0 1947.5 2723.0
1172.0 1947.5 2723.0
1172.0 1947.5 2723.0
1172.0 1947.5 2723.0
1172.0 1665.0 2158.0
1172.0 1665.0 2158.0
1172.0 1665.0 2158.0
1172.0 1665.0 2158.0
1172.0 1665.0 2158.0
1172.0 1665.0 2158.0
1172.0 1687.0 2202.0
1172.0 1264.5 1357.0
1172.0 1264.5 1357.0
1172.0 1264.5 1357.0
1172.0 1264.5 1357.0
1172.0 1264.5 1357.0
1172.0 1264.5 1357.0
1172.0 1264.5 1357.0
1172.0 1264.5 1357.0
1172.0 1264.5 1357.0
1172.0 1264.5 1357.0
1172.0 1264.5 1357.0
1172.0 1264.5 1357.0
1172.0 1264.5 1357.0
1172.0 1264.5 1357.0
1172.0 1264.5 1357.0
1172.0 1264.5 1357.0
1172.0 1264.5 1357.0
1172.0 1264.5 1357.0
1172.0 1264.5 1357.0
1172.0 1264.5 1357.0
1172.0 1264.5 1357.0
1172.0 1264.5 1357.0
1172.0 1264.5 1357.0
1172.0 1264.5 1357.0
1172.0 1264.5 1357.0
1172.0 1264.5 1357.0
1172.0 1264.5 1357.0
1172.0 1264.5 1357.0
1172.0 1264.5 1357.0
1172.0 1264.5 1357.0
1172.0 1264.5 1357.0
1172.0 1264.5 1357.0
1172.0 1264.5 1357.0
1172.0 1264.5 1357.0
1172.0 1264.5 1357.0
1172.0 1264.5 1357.0
1172.0 1264.5 1357.0
1172.0 1264.5 1357.0
1172.0 1264.5 1357.0
1172.0 1264.5 1357.0
1172.0 1264.5 1357.0
1172.0 1264.5 1357.0
1172.0 1264.5 1357.0
1172.0 1264.5 1357.0
1172.0 1264.5 1357.0
1172.0 1264.5 1357.0
1172.0 1264.5 1357.0
1172.0 1264.5 1357.0
1172.0 1264.5 1357.0
1172.0 1264.5 1357.0
1172.0 1264.5 1357.0
1172.0 1264.5 1357.0
1172.0 1264.5 1357.0
1172.0 1264.5 1357.0
1172.0 1264.5 1357.0
1172.0 1264.5 1357.0
1172.0 1264.5 1357.0
1172.0 1264.5 1357.0
1172.0 1264.5 1357.0
1172.0 1264.5 1357.0
1172.0 1264.5 1357.0
1172.0 1264.5 1357.0
1172.0 1264.5 1357.0
1172.0 1264.5 1357.0
1172.0 1264.5 1357.0
1172.0 1264.5 1357.0
1172.0 1264.5 1357.0
1172.0 1264.5 1357.0
1172.0 1264.5 1357.0
1172.0 1264.5 1357.0
1172.0 1264.5 1357.0
1172.0 1264.5 1357.0
1172.0 1264.5 1357.0
1172.0 1264.5 1357.0
1172.0 1264.5 1357.0
1172.0 1264.5 1357.0
1172.0 1264.5 1357.0
1172.0 1264.5 1357.0
1172.0 1264.5 1357.0
1172.0 1264.5 1357.0
1172.0 1264.5 1357.0
1172.0 1264.5 1357.0
1172.0 1264.5 1357.0
1172.0 1264.5 1357.0
1172.0 1264.5 1357.0
1172.0 1264.5 1357.0
1172.0 1264.5 1357.0
1172.0 1264.5 1357.0
1172.0 1264.5 1357.0
1172.0 1264.5 1357.0
1172.0 1264.5 1357.0
1172.0 1264.5 1357.0
1172.0 1264.5 1357.0
1172.0 1264.5 1357.0
1172.0 1264.5 1357.0
1172.0 1264.5 1357.0
1172.0 1264.5 1357.0
1172.0 1264.5 1357.0
1172.0 1264.5 1357.0
1172.0 1264.5 1357.0
1172.0 1264.5 1357.0
1172.0 1264.5 1357.0
1172.0 1264.5 1357.0
1172.0 1264.5 1357.0
1172.0 1264.5 1357.0
1172.0 1264.5 1357.0
1172.0 1264.5 1357.0
1172.0 1264.5 1357.0
1172.0 1264.5 1357.0
1172.0 1264.5 1357.0
1172.0 1264.5 1357.0
1172.0 1264.5 1357.0
1172.0 1264.5 1357.0
1172.0 1264.5 1357.0
1172.0 1264.5 1357.0
1172.0 1264.5 1357.0
1172.0 1264.5 1357.0
1172.0 1264.5 1357.0
1172.0 1264.5 1357.0
1172.0 1264.5 1357.0
1172.0 1264.5 1357.0
1172.0 1264.5 1357.0
1172.0 1264.5 1357.0
1172.0 1264.5 1357.0
1172.0 1264.5 1357.0
1172.0 1264.5 1357.0
1172.0 1264.5 1357.0
1172.0 1264.5 1357.0
1172.0 1264.5 1357.0
1172.0 1264.5 1357.0
1172.0 1264.5 1357.0
1172.0 1264.5 1357.0
1172.0 1264.5 1357.0
1172.0 1264.5 1357.0
1172.0 1264.5 1357.0
1172.0 1264.5 1357.0
1172.0 1264.5 1357.0
1172.0 1264.5 1357.0
1172.0 1264.5 1357.0
1172.0 1264.5 1357.0
1172.0 1264.5 1357.0
1172.0 1264.5 1357.0
1172.0 1264.5 1357.0
1172.0 1264.5 1357.0
1172.0 1264.5 1357.0
1172.0 1264.5 1357.0
1172.0 1264.5 1357.0
1172.0 1264.5 1357.0
1172.0 1264.5 1357.0
1172.0 1264.5 1357.0
1172.0 1264.5 1357.0
1172.0 1264.5 1357.0
1172.0 1264.5 1357.0
1172.0 1264.5 1357.0
1172.0 1264.5 1357.0
1172.0 1264.5 1357.0
1172.0 1264.5 1357.0
1172.0 1264.5 1357.0
1172.0 1264.5 1357.0
