14281.0 14357.0 14433.0
11052.0 11314.5 11577.0
8254.0 8702.0 9150.0
9842.0 9846.5 9851.0
5998.0 6471.5 6945.0
4554.0 5276.0 5998.0
4389.0 4721.0 5053.0
4096.0 4265.5 4435.0
4435.0 5069.0 5703.0
2721.0 3236.0 3751.0
2584.0 3273.5 3963.0
2584.0 2742.0 2900.0
2391.0 2645.5 2900.0
2302.0 2346.5 2391.0
2302.0 2346.5 2391.0
1869.0 2130.0 2391.0
1869.0 2047.0 2225.0
1869.0 2047.0 2225.0
1869.0 2047.0 2225.0
1869.0 2047.0 2225.0
1869.0 2047.0 2225.0
1869.0 2047.0 2225.0
1869.0 2047.0 2225.0
1869.0 2047.0 2225.0
1869.0 2047.0 2225.0
1869.0 2047.0 2225.0
1869.0 2047.0 2225.0
1869.0 2047.0 2225.0
1869.0 2047.0 2225.0
1869.0 2047.0 2225.0
1347.0 1608.0 1869.0
1347.0 1608.0 1869.0
1347.0 1608.0 1869.0
1347.0 1608.0 1869.0
1347.0 1608.0 1869.0
1347.0 1608.0 1869.0
1347.0 1608.0 1869.0
1347.0 1608.0 1869.0
1347.0 1608.0 1869.0
1347.0 1608.0 1869.0
1347.0 1608.0 1869.0
1347.0 1608.0 1869.0
1347.0 1608.0 1869.0
1347.0 1608.0 1869.0
1347.0 1608.0 1869.0
1347.0 1608.0 1869.0
1347.0 1608.0 1869.0
1347.0 1608.0 1869.0
1347.0 1608.0 1869.0
1347.0 1608.0 1869.0
1347.0 1608.0 1869.0
1347.0 1608.0 1869.0
1347.0 1608.0 1869.0
1347.0 1608.0 1869.0
1347.0 1608.0 1869.0
1347.0 1608.0 1869.0
1347.0 1608.0 1869.0
1347.0 1608.0 1869.0
1347.0 1608.0 1869.0
1347.0 1608.0 1869.0
1347.0 1608.0 1869.0
1347.0 1608.0 1869.0
1347.0 1608.0 1869.0
1347.0 1608.0 1869.0
1347.0 1608.0 1869.0
1347.0 1608.0 1869.0
1347.0 1823.5 2300.0
1347.0 1565.0 1783.0
1347.0 1565.0 1783.0
1347.0 1565.0 1783.0
1347.0 1565.0 1783.0
1347.0 1565.0 1783.0
1347.0 1565.0 1783.0
1347.0 1565.0 1783.0
1347.0 1565.0 1783.0
1347.0 1565.0 1783.0
1347.0 1565.0 1783.0
1347.0 1565.0 1783.0
1347.0 1565.0 1783.0
1347.0 1565.0 1783.0
1347.0 1565.0 1783.0
1347.0 1565.0 1783.0
1270.0 1308.5 1347.0
1270.0 1308.5 1347.0
1270.0 1308.5 1347.0
1270.0 1308.5 1347.0
1270.0 1308.5 1347.0
1270.0 1308.5 1347.0
1270.0 1308.5 1347.0
1270.0 1308.5 1347.0
1270.0 1308.5 1347.0
1270.0 1308.5 1347.0
1270.0 1308.5 1347.0
1270.0 1308.5 1347.0
1270.0 1308.5 1347.0
1270.0 1308.5 1347.0
1270.0 1308.5 1347.0
1270.0 1308.5 1347.0
1270.0 1308.5 1347.0
1270.0 1308.5 1347.0
1270.0 1308.5 1347.0
1270.0 1308.5 1347.0
1270.0 1308.5 1347.0
1270.0 1308.5 1347.0
1270.0 1308.5 1347.0
1270.0 1308.5 1347.0
1270.0 1308.5 1347.0
1270.0 1308.5 1347.0
1270.0 1308.5 1347.0
1270.0 1308.5 1347.0
1270.0 1308.5 1347.0
1270.0 1308.5 1347.0
1270.0 1308.5 1347.0
1270.0 1308.5 1347.0
1270.0 1308.5 1347.0
1270.0 1308.5 1347.0
1270.0 1308.5 1347.0
1270.0 1308.5 1347.0
1270.0 1308.5 1347.0
1270.0 1308.5 1347.0
1270.0 1308.5 1347.0
1270.0 1308.5 1347.0
1270.0 1308.5 1347.0
1270.0 1308.5 1347.0
1270.0 1308.5 1347.0
1270.0 1308.5 1347.0
1270.0 1308.5 1347.0
1270.0 1308.5 1347.0
1270.0 1308.5 1347.0
1270.0 1308.5 1347.0
1270.0 1308.5 1347.0
1270.0 1308.5 1347.0
1270.0 1308.5 1347.0
1270.0 1308.5 1347.0
1270.0 1308.5 1347.0
1270.0 1308.5 1347.0
1270.0 1308.5 1347.0
1270.0 1308.5 1347.0
1270.0 1308.5 1347.0
1270.0 1308.5 1347.0
1270.0 1308.5 1347.0
1270.0 1308.5 1347.0
1270.0 1308.5 1347.0
1270.0 1308.5 1347.0
1270.0 1308.5 1347.0
1270.0 1308.5 1347.0
1270.0 1308.5 1347.0
1270.0 1308.5 1347.0
1270.0 1308.5 1347.0
1270.0 1308.5 1347.0
1270.0 1308.5 1347.0
1270.0 1308.5 1347.0
1270.0 1308.5 1347.0
1270.0 1308.5 1347.0
1270.0 1308.5 1347.0
1270.0 1308.5 1347.0
1270.0 1308.5 1347.0
1270.0 1308.5 1347.0
1270.0 1308.5 1347.0
1270.0 1308.5 1347.0
1270.0 1308.5 1347.0
1270.0 1308.5 1347.0
1270.0 1308.5 1347.0
1270.0 1308.5 1347.0
1270.0 1308.5 1347.0
1270.0 1308.5 1347.0
1270.0 1308.5 1347.0
1270.0 1308.5 1347.0
1270.0 1308.5 1347.0
1270.0 1308.5 1347.0
1270.0 1308.5 1347.0
1270.0 1308.5 1347.0
1270.0 1308.5 1347.0
1270.0 1308.5 1347.0
1270.0 1308.5 1347.0
1270.0 1308.5 1347.0
1270.0 1308.5 1347.0
1270.0 1308.5 1347.0
1270.0 1308.5 1347.0
1270.0 1308.5 1347.0
1270.0 1308.5 1347.0
1270.0 1308.5 1347.0
1270.0 1308.5 1347.0
1270.0 1308.5 1347.0
1270.0 1390.0 1510.0
1270.0 1390.0 1510.0
1166.0 1218.0 1270.0
1166.0 1218.0 1270.0
1166.0 1218.0 1270.0
1166.0 1218.0 1270.0
1166.0 1218.0 1270.0
1166.0 1218.0 1270.0
1166.0 1218.0 1270.0
1166.0 1218.0 1270.0
1166.0 1218.0 1270.0
1166.0 1218.0 1270.0
1166.0 1218.0 1270.0
1166.0 1218.0 1270.0
1166.0 1218.0 1270.0
1166.0 1218.0 1270.0
