11513.0 13668.5 15824.0
11886.0 12734.5 13583.0
8121.0 9872.0 11623.0
6379.0 8313.5 10248.0
5052.0 5766.0 6480.0
4511.0 5020.0 5529.0
4511.0 4668.5 4826.0
3517.0 4298.0 5079.0
3428.0 4019.0 4610.0
3428.0 3672.5 3917.0
3428.0 3672.5 3917.0
3205.0 3490.5 3776.0
1839.0 2807.5 3776.0
1839.0 2275.5 2712.0
1839.0 2299.5 2760.0
1839.0 2299.5 2760.0
1839.0 2299.5 2760.0
1839.0 2299.5 2760.0
1839.0 2299.5 2760.0
1839.0 2299.5 2760.0
1839.0 2299.5 2760.0
1839.0 2299.5 2760.0
1839.0 2299.5 2760.0
1839.0 2299.5 2760.0
1839.0 2299.5 2760.0
1839.0 2299.5 2760.0
1839.0 2299.5 2760.0
1839.0 2299.5 2760.0
1839.0 2299.5 2760.0
1839.0 2299.5 2760.0
1839.0 2299.5 2760.0
1839.0 2299.5 2760.0
1839.0 2299.5 2760.0
1839.0 2299.5 2760.0
1839.0 2299.5 2760.0
1839.0 2299.5 2760.0
1839.0 2299.5 2760.0
1839.0 2299.5 2760.0
1839.0 2299.5 2760.0
1839.0 2299.5 2760.0
1839.0 2299.5 2760.0
1839.0 2299.5 2760.0
1839.0 2299.5 2760.0
1839.0 2299.5 2760.0
1494.0 2127.0 2760.0
1505.0 2132.5 2760.0
1505.0 2132.5 2760.0
1505.0 2132.5 2760.0
1505.0 2132.5 2760.0
1505.0 2132.5 2760.0
1505.0 2132.5 2760.0
1505.0 2132.5 2760.0
1505.0 2000.0 2495.0
1505.0 1659.0 1813.0
1505.0 1659.0 1813.0
1505.0 1659.0 1813.0
1505.0 1659.0 1813.0
1505.0 1659.0 1813.0
1505.0 1659.0 1813.0
1505.0 1659.0 1813.0
1505.0 1659.0 1813.0
1505.0 1659.0 1813.0
1505.0 1659.0 1813.0
1505.0 1659.0 1813.0
1505.0 1659.0 1813.0
1505.0 1659.0 1813.0
1505.0 1659.0 1813.0
1505.0 1659.0 1813.0
1505.0 1659.0 1813.0
1505.0 1659.0 1813.0
1505.0 1659.0 1813.0
1505.0 1659.0 1813.0
1505.0 1659.0 1813.0
1505.0 1659.0 1813.0
1505.0 1659.0 1813.0
1505.0 1659.0 1813.0
1505.0 1659.0 1813.0
1505.0 1659.0 1813.0
1505.0 1659.0 1813.0
1505.0 1659.0 1813.0
1505.0 1659.0 1813.0
1505.0 1659.0 1813.0
1505.0 1659.0 1813.0
1505.0 1659.0 1813.0
1505.0 1659.0 1813.0
1505.0 1659.0 1813.0
1505.0 1659.0 1813.0
1505.0 1659.0 1813.0
1505.0 1659.0 1813.0
1505.0 1659.0 1813.0
1505.0 1659.0 1813.0
1505.0 1659.0 1813.0
1505.0 1659.0 1813.0
1505.0 1659.0 1813.0
1505.0 1659.0 1813.0
1505.0 1659.0 1813.0
1505.0 1659.0 1813.0
1505.0 1659.0 1813.0
1505.0 1659.0 1813.0
1505.0 1659.0 1813.0
1505.0 1659.0 1813.0
1505.0 1659.0 1813.0
1505.0 1659.0 1813.0
1505.0 1659.0 1813.0
1505.0 1659.0 1813.0
1505.0 1659.0 1813.0
1505.0 1659.0 1813.0
1505.0 1659.0 1813.0
1505.0 1659.0 1813.0
1505.0 1659.0 1813.0
1505.0 1659.0 1813.0
1505.0 1659.0 1813.0
1505.0 1659.0 1813.0
1505.0 1659.0 1813.0
1505.0 1659.0 1813.0
1505.0 1659.0 1813.0
1505.0 1659.0 1813.0
1505.0 1659.0 1813.0
1505.0 1659.0 1813.0
1505.0 1659.0 1813.0
1505.0 1659.0 1813.0
1505.0 1659.0 1813.0
1505.0 1659.0 1813.0
1505.0 1659.0 1813.0
1505.0 1659.0 1813.0
1505.0 1659.0 1813.0
1505.0 1659.0 1813.0
1505.0 1659.0 1813.0
1505.0 1659.0 1813.0
1505.0 1659.0 1813.0
1505.0 1659.0 1813.0
1505.0 1659.0 1813.0
1505.0 1659.0 1813.0
1505.0 1659.0 1813.0
1505.0 1659.0 1813.0
1505.0 1659.0 1813.0
1505.0 1659.0 1813.0
1505.0 1659.0 1813.0
1505.0 1659.0 1813.0
1505.0 1659.0 1813.0
1505.0 1659.0 1813.0
1505.0 1659.0 1813.0
1505.0 1659.0 1813.0
1505.0 1659.0 1813.0
1505.0 1659.0 1813.0
1505.0 1659.0 1813.0
1505.0 1659.0 1813.0
1505.0 1659.0 1813.0
1505.0 1659.0 1813.0
1505.0 1659.0 1813.0
1505.0 1659.0 1813.0
1505.0 1659.0 1813.0
1505.0 1659.0 1813.0
1505.0 1659.0 1813.0
1505.0 1659.0 1813.0
1505.0 1659.0 1813.0
1505.0 1659.0 1813.0
1505.0 1659.0 1813.0
1505.0 1659.0 1813.0
1505.0 1659.0 1813.0
1505.0 1659.0 1813.0
1505.0 1659.0 1813.0
1505.0 1659.0 1813.0
1505.0 1659.0 1813.0
1505.0 1659.0 1813.0
1505.0 1659.0 1813.0
1505.0 1659.0 1813.0
1505.0 1659.0 1813.0
1505.0 1659.0 1813.0
1505.0 1659.0 1813.0
1505.0 1659.0 1813.0
1505.0 1659.0 1813.0
1505.0 1659.0 1813.0
1505.0 1659.0 1813.0
1505.0 1659.0 1813.0
1505.0 1659.0 1813.0
1505.0 1659.0 1813.0
1505.0 1659.0 1813.0
1505.0 1659.0 1813.0
1505.0 1659.0 1813.0
1505.0 1659.0 1813.0
1505.0 1659.0 1813.0
1505.0 1659.0 1813.0
1505.0 1659.0 1813.0
1505.0 1659.0 1813.0
1505.0 1659.0 1813.0
1505.0 1659.0 1813.0
1505.0 1659.0 1813.0
1505.0 1659.0 1813.0
1505.0 1659.0 1813.0
1505.0 1659.0 1813.0
1505.0 1659.0 1813.0
1505.0 1659.0 1813.0
1505.0 1659.0 1813.0
1505.0 1659.0 1813.0
1505.0 1659.0 1813.0
1505.0 1659.0 1813.0
1505.0 1659.0 1813.0
1505.0 1659.0 1813.0
1505.0 1659.0 1813.0
