11914.0 14103.5 16293.0
10263.0 10714.5 11166.0
9612.0 10217.0 10822.0
8690.0 9071.5 9453.0
7165.0 7211.0 7257.0
6373.0 6665.5 6958.0
4540.0 4802.5 5065.0
4540.0 4544.0 4548.0
3717.0 4255.0 4793.0
1870.0 2277.5 2685.0
1870.0 2179.0 2488.0
1870.0 1990.0 2110.0
1870.0 1881.0 1892.0
1870.0 1881.0 1892.0
1755.0 1812.5 1870.0
1755.0 1812.5 1870.0
1755.0 1812.5 1870.0
1755.0 1812.5 1870.0
1755.0 1812.5 1870.0
1755.0 1812.5 1870.0
1755.0 1812.5 1870.0
1755.0 1812.5 1870.0
1755.0 1812.5 1870.0
1755.0 1812.5 1870.0
1755.0 1812.5 1870.0
1755.0 1812.5 1870.0
1755.0 1859.0 1963.0
1084.0 1419.5 1755.0
1084.0 1419.5 1755.0
1084.0 1398.0 1712.0
1084.0 1315.0 1546.0
1084.0 1315.0 1546.0
1084.0 1315.0 1546.0
1084.0 1315.0 1546.0
1084.0 1315.0 1546.0
1084.0 1315.0 1546.0
1084.0 1315.0 1546.0
1084.0 1315.0 1546.0
1084.0 1315.0 1546.0
1084.0 1315.0 1546.0
1084.0 1315.0 1546.0
1084.0 1315.0 1546.0
1084.0 1315.0 1546.0
1084.0 1315.0 1546.0
1084.0 1315.0 1546.0
1084.0 1315.0 1546.0
1084.0 1315.0 1546.0
1084.0 1315.0 1546.0
1084.0 1315.0 1546.0
1084.0 1315.0 1546.0
1084.0 1315.0 1546.0
1084.0 1315.0 1546.0
1084.0 1315.0 1546.0
1084.0 1315.0 1546.0
1084.0 1315.0 1546.0
1084.0 1315.0 1546.0
1084.0 1315.0 1546.0
1084.0 1315.0 1546.0
1084.0 1315.0 1546.0
1084.0 1315.0 1546.0
1084.0 1315.0 1546.0
1084.0 1315.0 1546.0
1084.0 1315.0 1546.0
1084.0 1315.0 1546.0
1084.0 1315.0 1546.0
1084.0 1315.0 1546.0
1084.0 1315.0 1546.0
1084.0 1315.0 1546.0
1084.0 1315.0 1546.0
1084.0 1315.0 1546.0
1084.0 1315.0 1546.0
1084.0 1315.0 1546.0
1084.0 1315.0 1546.0
1084.0 1315.0 1546.0
1084.0 1315.0 1546.0
1084.0 1315.0 1546.0
1084.0 1315.0 1546.0
1084.0 1315.0 1546.0
1084.0 1315.0 1546.0
1084.0 1315.0 1546.0
1084.0 1315.0 1546.0
1084.0 1315.0 1546.0
1084.0 1315.0 1546.0
1084.0 1315.0 1546.0
1084.0 1315.0 1546.0
1084.0 1315.0 1546.0
1084.0 1315.0 1546.0
1084.0 1315.0 1546.0
1084.0 1315.0 1546.0
1084.0 1315.0 1546.0
1084.0 1315.0 1546.0
1084.0 1315.0 1546.0
1084.0 1315.0 1546.0
1084.0 1315.0 1546.0
1084.0 1315.0 1546.0
1084.0 1315.0 1546.0
1084.0 1315.0 1546.0
1084.0 1315.0 1546.0
1084.0 1315.0 1546.0
1084.0 1315.0 1546.0
1084.0 1315.0 1546.0
1084.0 1315.0 1546.0
1084.0 1315.0 1546.0
1084.0 1315.0 1546.0
1084.0 1315.0 1546.0
1084.0 1315.0 1546.0
1084.0 1315.0 1546.0
1084.0 1315.0 1546.0
1084.0 1315.0 1546.0
1084.0 1315.0 1546.0
1084.0 1315.0 1546.0
1084.0 1315.0 1546.0
1084.0 1315.0 1546.0
1084.0 1315.0 1546.0
1084.0 1315.0 1546.0
1084.0 1315.0 1546.0
1084.0 1315.0 1546.0
1084.0 1315.0 1546.0
1084.0 1315.0 1546.0
1084.0 1315.0 1546.0
1084.0 1315.0 1546.0
1084.0 1315.0 1546.0
1084.0 1315.0 1546.0
1084.0 1315.0 1546.0
1084.0 1315.0 1546.0
1084.0 1315.0 1546.0
1084.0 1315.0 1546.0
1084.0 1315.0 1546.0
1084.0 1315.0 1546.0
1084.0 1315.0 1546.0
1084.0 1315.0 1546.0
1084.0 1315.0 1546.0
1084.0 1315.0 1546.0
1084.0 1315.0 1546.0
1084.0 1315.0 1546.0
1084.0 1315.0 1546.0
1084.0 1315.0 1546.0
1084.0 1315.0 1546.0
1084.0 1315.0 1546.0
1084.0 1315.0 1546.0
1084.0 1315.0 1546.0
1084.0 1315.0 1546.0
1084.0 1315.0 1546.0
1084.0 1315.0 1546.0
1084.0 1315.0 1546.0
1084.0 1315.0 1546.0
1084.0 1315.0 1546.0
1084.0 1315.0 1546.0
1084.0 1315.0 1546.0
1084.0 1315.0 1546.0
1084.0 1315.0 1546.0
1084.0 1315.0 1546.0
1084.0 1315.0 1546.0
1084.0 1315.0 1546.0
1084.0 1315.0 1546.0
1084.0 1315.0 1546.0
1084.0 1315.0 1546.0
1084.0 1315.0 1546.0
1084.0 1315.0 1546.0
1084.0 1315.0 1546.0
1084.0 1315.0 1546.0
1084.0 1315.0 1546.0
1084.0 1315.0 1546.0
1084.0 1315.0 1546.0
1084.0 1315.0 1546.0
1084.0 1315.0 1546.0
1084.0 1315.0 1546.0
1084.0 1315.0 1546.0
1084.0 1315.0 1546.0
1084.0 1315.0 1546.0
1084.0 1315.0 1546.0
1084.0 1315.0 1546.0
1084.0 1315.0 1546.0
1084.0 1315.0 1546.0
1084.0 1315.0 1546.0
1084.0 1315.0 1546.0
1084.0 1315.0 1546.0
1084.0 1315.0 1546.0
1084.0 1315.0 1546.0
1084.0 1315.0 1546.0
1084.0 1315.0 1546.0
1084.0 1315.0 1546.0
1084.0 1315.0 1546.0
1084.0 1315.0 1546.0
1084.0 1315.0 1546.0
1084.0 1315.0 1546.0
1084.0 1315.0 1546.0
1084.0 1315.0 1546.0
1084.0 1315.0 1546.0
1084.0 1315.0 1546.0
1084.0 1315.0 1546.0
1084.0 1315.0 1546.0
1084.0 1315.0 1546.0
1084.0 1315.0 1546.0
1084.0 1315.0 1546.0
1084.0 1315.0 1546.0
1084.0 1315.0 1546.0
1084.0 1315.0 1546.0
1084.0 1315.0 1546.0
1084.0 1315.0 1546.0
