11335.0 12371.0 13407.0
9097.0 10359.5 11622.0
8282.0 8644.5 9007.0
5212.0 6421.0 7630.0
4926.0 5713.0 6500.0
3554.0 3983.0 4412.0
2918.0 3161.5 3405.0
2008.0 2409.5 2811.0
2008.0 2409.5 2811.0
1767.0 1870.5 1974.0
1621.0 1872.0 2123.0
1252.0 1436.5 1621.0
1252.0 1491.5 1731.0
1178.0 1215.0 1252.0
1178.0 1215.0 1252.0
1178.0 1215.0 1252.0
1178.0 1215.0 1252.0
1178.0 1215.0 1252.0
1178.0 1215.0 1252.0
1178.0 1215.0 1252.0
1178.0 1215.0 1252.0
1178.0 1215.0 1252.0
1178.0 1215.0 1252.0
1178.0 1215.0 1252.0
1178.0 1215.0 1252.0
1178.0 1215.0 1252.0
1178.0 1215.0 1252.0
1178.0 1215.0 1252.0
1178.0 1215.0 1252.0
1178.0 1215.0 1252.0
1178.0 1215.0 1252.0
1178.0 1215.0 1252.0
1178.0 1215.0 1252.0
1178.0 1215.0 1252.0
1178.0 1215.0 1252.0
1178.0 1215.0 1252.0
1178.0 1215.0 1252.0
1178.0 1215.0 1252.0
1178.0 1215.0 1252.0
1178.0 1215.0 1252.0
1178.0 1215.0 1252.0
1178.0 1215.0 1252.0
1178.0 1215.0 1252.0
1178.0 1215.0 1252.0
1178.0 1215.0 1252.0
1178.0 1215.0 1252.0
1178.0 1215.0 1252.0
1178.0 1215.0 1252.0
1178.0 1215.0 1252.0
1178.0 1215.0 1252.0
1178.0 1215.0 1252.0
1178.0 1215.0 1252.0
1178.0 1215.0 1252.0
1178.0 1215.0 1252.0
1178.0 1215.0 1252.0
1178.0 1215.0 1252.0
1178.0 1215.0 1252.0
1178.0 1215.0 1252.0
1178.0 1215.0 1252.0
1178.0 1215.0 1252.0
1178.0 1215.0 1252.0
1178.0 1215.0 1252.0
1178.0 1215.0 1252.0
1178.0 1215.0 1252.0
1178.0 1215.0 1252.0
1178.0 1215.0 1252.0
1178.0 1215.0 1252.0
1178.0 1215.0 1252.0
1178.0 1215.0 1252.0
1178.0 1215.0 1252.0
1178.0 1318.5 1459.0
1178.0 1318.5 1459.0
1178.0 1239.5 1301.0
1178.0 1239.5 1301.0
1178.0 1239.5 1301.0
1178.0 1239.5 1301.0
1178.0 1239.5 1301.0
1178.0 1239.5 1301.0
1178.0 1239.5 1301.0
1178.0 1239.5 1301.0
1178.0 1239.5 1301.0
1178.0 1239.5 1301.0
1178.0 1239.5 1301.0
1178.0 1239.5 1301.0
1178.0 1239.5 1301.0
1178.0 1239.5 1301.0
1178.0 1239.5 1301.0
1178.0 1239.5 1301.0
1178.0 1239.5 1301.0
1178.0 1239.5 1301.0
1178.0 1239.5 1301.0
1178.0 1239.5 1301.0
1178.0 1239.5 1301.0
1178.0 1239.5 1301.0
1178.0 1239.5 1301.0
1178.0 1239.5 1301.0
1178.0 1239.5 1301.0
1178.0 1239.5 1301.0
1178.0 1239.5 1301.0
1178.0 1239.5 1301.0
1178.0 1239.5 1301.0
1178.0 1239.5 1301.0
1178.0 1239.5 1301.0
1178.0 1239.5 1301.0
1178.0 1239.5 1301.0
1178.0 1239.5 1301.0
1178.0 1239.5 1301.0
1178.0 1239.5 1301.0
1178.0 1239.5 1301.0
1178.0 1239.5 1301.0
1178.0 1239.5 1301.0
1068.0 1184.5 1301.0
1068.0 1184.5 1301.0
1068.0 1184.5 1301.0
821.0 1061.0 1301.0
821.0 1061.0 1301.0
821.0 1061.0 1301.0
821.0 1061.0 1301.0
821.0 1061.0 1301.0
821.0 1061.0 1301.0
821.0 1061.0 1301.0
821.0 1061.0 1301.0
821.0 1061.0 1301.0
821.0 1061.0 1301.0
821.0 1061.0 1301.0
821.0 1061.0 1301.0
821.0 1061.0 1301.0
821.0 1061.0 1301.0
821.0 1061.0 1301.0
821.0 1061.0 1301.0
821.0 1061.0 1301.0
821.0 1061.0 1301.0
821.0 1061.0 1301.0
821.0 1061.0 1301.0
821.0 1061.0 1301.0
821.0 1061.0 1301.0
821.0 1061.0 1301.0
821.0 1061.0 1301.0
821.0 1061.0 1301.0
821.0 1061.0 1301.0
821.0 1061.0 1301.0
821.0 1061.0 1301.0
821.0 1061.0 1301.0
821.0 1061.0 1301.0
821.0 1061.0 1301.0
821.0 1061.0 1301.0
821.0 1061.0 1301.0
821.0 1061.0 1301.0
821.0 1061.0 1301.0
821.0 1061.0 1301.0
821.0 1061.0 1301.0
821.0 1061.0 1301.0
821.0 1061.0 1301.0
821.0 1061.0 1301.0
821.0 1061.0 1301.0
821.0 1061.0 1301.0
821.0 1061.0 1301.0
821.0 1061.0 1301.0
821.0 1061.0 1301.0
821.0 1061.0 1301.0
821.0 1061.0 1301.0
821.0 1061.0 1301.0
821.0 1061.0 1301.0
821.0 1061.0 1301.0
821.0 1061.0 1301.0
821.0 1061.0 1301.0
821.0 1061.0 1301.0
821.0 1061.0 1301.0
821.0 1061.0 1301.0
821.0 1061.0 1301.0
821.0 1061.0 1301.0
821.0 1061.0 1301.0
821.0 1061.0 1301.0
821.0 1061.0 1301.0
821.0 1061.0 1301.0
821.0 1061.0 1301.0
821.0 1061.0 1301.0
821.0 1061.0 1301.0
821.0 1061.0 1301.0
821.0 1061.0 1301.0
821.0 1061.0 1301.0
821.0 1061.0 1301.0
821.0 1061.0 1301.0
821.0 1061.0 1301.0
821.0 1061.0 1301.0
821.0 1061.0 1301.0
821.0 1061.0 1301.0
821.0 1061.0 1301.0
821.0 1061.0 1301.0
821.0 1061.0 1301.0
821.0 1061.0 1301.0
821.0 1061.0 1301.0
821.0 1061.0 1301.0
821.0 1061.0 1301.0
821.0 1061.0 1301.0
821.0 1061.0 1301.0
821.0 1061.0 1301.0
821.0 1061.0 1301.0
821.0 1061.0 1301.0
821.0 1061.0 1301.0
