12702.0 12795.5 12889.0
11507.0 11508.0 11509.0
8267.0 9067.5 9868.0
7246.0 7816.5 8387.0
5327.0 6286.5 7246.0
4432.0 4839.5 5247.0
3260.0 3853.5 4447.0
2682.0 2971.0 3260.0
2682.0 2971.0 3260.0
2396.0 2539.0 2682.0
2572.0 2627.0 2682.0
2435.0 2558.5 2682.0
2079.0 2233.0 2387.0
1677.0 1719.5 1762.0
1475.0 1576.0 1677.0
1416.0 1546.5 1677.0
1416.0 1513.0 1610.0
1416.0 1513.0 1610.0
1220.0 1318.0 1416.0
1220.0 1318.0 1416.0
1220.0 1318.0 1416.0
1220.0 1318.0 1416.0
1220.0 1318.0 1416.0
1220.0 1318.0 1416.0
1220.0 1318.0 1416.0
1220.0 1318.0 1416.0
1220.0 1318.0 1416.0
1220.0 1318.0 1416.0
1220.0 1318.0 1416.0
1220.0 1318.0 1416.0
1220.0 1318.0 1416.0
1220.0 1318.0 1416.0
1220.0 1318.0 1416.0
1220.0 1318.0 1416.0
1220.0 1318.0 1416.0
1220.0 1318.0 1416.0
1220.0 1318.0 1416.0
1220.0 1318.0 1416.0
1220.0 1318.0 1416.0
1220.0 1318.0 1416.0
1220.0 1318.0 1416.0
1220.0 1318.0 1416.0
1220.0 1318.0 1416.0
1220.0 1318.0 1416.0
1220.0 1318.0 1416.0
1220.0 1318.0 1416.0
1220.0 1318.0 1416.0
1220.0 1318.0 1416.0
1220.0 1318.0 1416.0
1220.0 1318.0 1416.0
1220.0 1318.0 1416.0
1220.0 1318.0 1416.0
1220.0 1318.0 1416.0
1220.0 1318.0 1416.0
1220.0 1318.0 1416.0
1220.0 1318.0 1416.0
1220.0 1318.0 1416.0
1220.0 1318.0 1416.0
1220.0 1318.0 1416.0
1220.0 1318.0 1416.0
1220.0 1318.0 1416.0
1220.0 1318.0 1416.0
1220.0 1318.0 1416.0
1220.0 1318.0 1416.0
1220.0 1318.0 1416.0
1220.0 1318.0 1416.0
1220.0 1318.0 1416.0
1220.0 1318.0 1416.0
1220.0 1318.0 1416.0
1220.0 1318.0 1416.0
1220.0 1318.0 1416.0
1220.0 1318.0 1416.0
1220.0 1318.0 1416.0
1220.0 1318.0 1416.0
1220.0 1318.0 1416.0
1220.0 1318.0 1416.0
1220.0 1318.0 1416.0
1220.0 1318.0 1416.0
1220.0 1318.0 1416.0
1220.0 1318.0 1416.0
1220.0 1318.0 1416.0
1220.0 1318.0 1416.0
1220.0 1318.0 1416.0
1220.0 1318.0 1416.0
1220.0 1318.0 1416.0
1220.0 1318.0 1416.0
1220.0 1318.0 1416.0
1220.0 1318.0 1416.0
1220.0 1318.0 1416.0
1220.0 1318.0 1416.0
1220.0 1318.0 1416.0
1220.0 1318.0 1416.0
1220.0 1318.0 1416.0
1220.0 1318.0 1416.0
1220.0 1318.0 1416.0
1220.0 1318.0 1416.0
1220.0 1318.0 1416.0
1220.0 1318.0 1416.0
1220.0 1318.0 1416.0
1220.0 1318.0 1416.0
1220.0 1318.0 1416.0
1220.0 1318.0 1416.0
1220.0 1318.0 1416.0
1220.0 1318.0 1416.0
1220.0 1318.0 1416.0
1220.0 1318.0 1416.0
1220.0 1318.0 1416.0
1220.0 1318.0 1416.0
1220.0 1318.0 1416.0
1220.0 1318.0 1416.0
1220.0 1318.0 1416.0
1220.0 1318.0 1416.0
1220.0 1318.0 1416.0
1220.0 1318.0 1416.0
1220.0 1318.0 1416.0
1220.0 1318.0 1416.0
1220.0 1318.0 1416.0
1220.0 1318.0 1416.0
1220.0 1318.0 1416.0
1220.0 1318.0 1416.0
1220.0 1318.0 1416.0
1220.0 1318.0 1416.0
1220.0 1318.0 1416.0
1220.0 1318.0 1416.0
1220.0 1318.0 1416.0
1220.0 1318.0 1416.0
1220.0 1318.0 1416.0
1220.0 1318.0 1416.0
1220.0 1318.0 1416.0
1220.0 1318.0 1416.0
1220.0 1318.0 1416.0
1220.0 1318.0 1416.0
1220.0 1318.0 1416.0
1220.0 1318.0 1416.0
1220.0 1318.0 1416.0
1220.0 1318.0 1416.0
1220.0 1318.0 1416.0
1220.0 1318.0 1416.0
1220.0 1318.0 1416.0
1220.0 1318.0 1416.0
1220.0 1318.0 1416.0
1220.0 1318.0 1416.0
1220.0 1318.0 1416.0
1220.0 1318.0 1416.0
1220.0 1318.0 1416.0
1220.0 1318.0 1416.0
1220.0 1318.0 1416.0
1220.0 1318.0 1416.0
1220.0 1318.0 1416.0
1220.0 1318.0 1416.0
1220.0 1318.0 1416.0
1220.0 1318.0 1416.0
1220.0 1318.0 1416.0
1220.0 1318.0 1416.0
1220.0 1318.0 1416.0
1220.0 1318.0 1416.0
1220.0 1318.0 1416.0
1220.0 1318.0 1416.0
1220.0 1318.0 1416.0
1220.0 1318.0 1416.0
1220.0 1318.0 1416.0
1220.0 1318.0 1416.0
893.0 1154.5 1416.0
893.0 1154.5 1416.0
893.0 1154.5 1416.0
893.0 1154.5 1416.0
893.0 1154.5 1416.0
893.0 1154.5 1416.0
893.0 1154.5 1416.0
893.0 1154.5 1416.0
893.0 1154.5 1416.0
893.0 1154.5 1416.0
893.0 1154.5 1416.0
893.0 1154.5 1416.0
893.0 1154.5 1416.0
893.0 1154.5 1416.0
893.0 1154.5 1416.0
893.0 1154.5 1416.0
893.0 1154.5 1416.0
893.0 1154.5 1416.0
893.0 1154.5 1416.0
893.0 1154.5 1416.0
893.0 1154.5 1416.0
893.0 1154.5 1416.0
893.0 1154.5 1416.0
893.0 1154.5 1416.0
893.0 1154.5 1416.0
893.0 1154.5 1416.0
893.0 1154.5 1416.0
893.0 1154.5 1416.0
893.0 1154.5 1416.0
893.0 1154.5 1416.0
893.0 1154.5 1416.0
893.0 1154.5 1416.0
893.0 1154.5 1416.0
893.0 1154.5 1416.0
893.0 1154.5 1416.0
893.0 1154.5 1416.0
893.0 1154.5 1416.0
893.0 1154.5 1416.0
