12704.0 14743.5 16783.0
11092.0 13317.0 15542.0
9557.0 10983.0 12409.0
10577.0 10697.5 10818.0
9321.0 9479.0 9637.0
6937.0 7141.0 7345.0
4982.0 5136.0 5290.0
4982.0 5285.0 5588.0
2935.0 4044.0 5153.0
2935.0 4082.5 5230.0
2018.0 3360.0 4702.0
2018.0 3360.0 4702.0
2018.0 3182.0 4346.0
2018.0 2736.0 3454.0
2018.0 3006.0 3994.0
2018.0 3006.0 3994.0
2018.0 3006.0 3994.0
2018.0 3006.0 3994.0
2018.0 3006.0 3994.0
2018.0 3006.0 3994.0
2018.0 3006.0 3994.0
2018.0 2377.0 2736.0
2018.0 2377.0 2736.0
2018.0 2377.0 2736.0
2018.0 2377.0 2736.0
2018.0 2624.0 3230.0
2018.0 2315.5 2613.0
2018.0 2428.0 2838.0
2018.0 2428.0 2838.0
2018.0 2428.0 2838.0
2018.0 2428.0 2838.0
2018.0 2366.5 2715.0
2018.0 2242.5 2467.0
2018.0 2242.5 2467.0
2018.0 2242.5 2467.0
2018.0 2242.5 2467.0
2018.0 2198.5 2379.0
2018.0 2198.5 2379.0
2018.0 2198.5 2379.0
2018.0 2198.5 2379.0
2018.0 2198.5 2379.0
2018.0 2198.5 2379.0
2018.0 2198.5 2379.0
2018.0 2198.5 2379.0
1598.0 1988.5 2379.0
1598.0 1988.5 2379.0
1598.0 1988.5 2379.0
1598.0 1988.5 2379.0
1598.0 1988.5 2379.0
1598.0 1988.5 2379.0
1598.0 1988.5 2379.0
1598.0 1988.5 2379.0
1598.0 1988.5 2379.0
1598.0 1988.5 2379.0
1598.0 1988.5 2379.0
1598.0 1988.5 2379.0
1598.0 1988.5 2379.0
1598.0 1988.5 2379.0
1598.0 1988.5 2379.0
1598.0 1988.5 2379.0
1598.0 1825.0 2052.0
1598.0 1988.5 2379.0
1598.0 1988.5 2379.0
1598.0 1988.5 2379.0
1598.0 1988.5 2379.0
1598.0 1988.5 2379.0
1598.0 1988.5 2379.0
1598.0 1988.5 2379.0
1598.0 1988.5 2379.0
1598.0 1988.5 2379.0
1598.0 1988.5 2379.0
1598.0 1988.5 2379.0
1598.0 1988.5 2379.0
1598.0 1988.5 2379.0
1598.0 1988.5 2379.0
1598.0 1988.5 2379.0
1598.0 1988.5 2379.0
1598.0 1988.5 2379.0
1598.0 1988.5 2379.0
1598.0 1988.5 2379.0
1598.0 1988.5 2379.0
1598.0 1988.5 2379.0
1598.0 1988.5 2379.0
1598.0 1988.5 2379.0
1598.0 1988.5 2379.0
1598.0 1988.5 2379.0
1598.0 1988.5 2379.0
1598.0 1988.5 2379.0
1598.0 1988.5 2379.0
1598.0 1988.5 2379.0
1598.0 1988.5 2379.0
1598.0 1988.5 2379.0
1598.0 1988.5 2379.0
1598.0 1988.5 2379.0
1598.0 1988.5 2379.0
1598.0 1988.5 2379.0
1598.0 1988.5 2379.0
1598.0 1988.5 2379.0
1598.0 1988.5 2379.0
1598.0 1988.5 2379.0
1598.0 1988.5 2379.0
1598.0 1713.5 1829.0
1598.0 1713.5 1829.0
1598.0 1713.5 1829.0
1598.0 1713.5 1829.0
1598.0 1713.5 1829.0
1598.0 1713.5 1829.0
1598.0 1713.5 1829.0
1598.0 1713.5 1829.0
1598.0 1713.5 1829.0
1598.0 1713.5 1829.0
1598.0 1713.5 1829.0
1598.0 1713.5 1829.0
1598.0 1713.5 1829.0
1598.0 1713.5 1829.0
1598.0 1713.5 1829.0
1598.0 1713.5 1829.0
1598.0 1713.5 1829.0
1598.0 1713.5 1829.0
1598.0 1713.5 1829.0
1598.0 1713.5 1829.0
1598.0 1713.5 1829.0
1598.0 1713.5 1829.0
1598.0 1713.5 1829.0
1598.0 1713.5 1829.0
1598.0 1713.5 1829.0
1598.0 1713.5 1829.0
1598.0 1713.5 1829.0
1598.0 1713.5 1829.0
1598.0 1713.5 1829.0
1598.0 1713.5 1829.0
1598.0 1713.5 1829.0
1598.0 1713.5 1829.0
1598.0 1713.5 1829.0
1598.0 1713.5 1829.0
1598.0 1713.5 1829.0
1598.0 1713.5 1829.0
1598.0 1713.5 1829.0
1598.0 1713.5 1829.0
1598.0 1713.5 1829.0
1598.0 1713.5 1829.0
1598.0 1713.5 1829.0
1598.0 1713.5 1829.0
1598.0 1713.5 1829.0
1598.0 1713.5 1829.0
1598.0 1713.5 1829.0
1598.0 1713.5 1829.0
1598.0 1713.5 1829.0
1598.0 1713.5 1829.0
1598.0 1713.5 1829.0
1598.0 1713.5 1829.0
1598.0 1713.5 1829.0
1598.0 1713.5 1829.0
1598.0 1713.5 1829.0
1598.0 1713.5 1829.0
1598.0 1713.5 1829.0
1598.0 1713.5 1829.0
1598.0 1713.5 1829.0
1598.0 1713.5 1829.0
1598.0 1713.5 1829.0
1598.0 1713.5 1829.0
1598.0 1713.5 1829.0
1598.0 1713.5 1829.0
1598.0 1713.5 1829.0
1598.0 1713.5 1829.0
1598.0 1713.5 1829.0
1598.0 1713.5 1829.0
1598.0 1713.5 1829.0
1598.0 1713.5 1829.0
1598.0 1713.5 1829.0
1598.0 1713.5 1829.0
1598.0 1713.5 1829.0
1598.0 1713.5 1829.0
1598.0 1713.5 1829.0
1598.0 1713.5 1829.0
1598.0 1713.5 1829.0
1598.0 1713.5 1829.0
1598.0 1713.5 1829.0
1598.0 1713.5 1829.0
1598.0 1713.5 1829.0
1598.0 1713.5 1829.0
1598.0 1713.5 1829.0
1598.0 1713.5 1829.0
1598.0 1713.5 1829.0
1598.0 1713.5 1829.0
1598.0 1713.5 1829.0
1598.0 1713.5 1829.0
1598.0 1713.5 1829.0
1598.0 1713.5 1829.0
1598.0 1713.5 1829.0
1598.0 1713.5 1829.0
1598.0 1713.5 1829.0
1598.0 1713.5 1829.0
1598.0 1713.5 1829.0
1598.0 1713.5 1829.0
1598.0 1713.5 1829.0
1598.0 1713.5 1829.0
1598.0 1713.5 1829.0
1598.0 1713.5 1829.0
1598.0 1713.5 1829.0
