10763.0 11547.5 12332.0
8432.0 8979.0 9526.0
4685.0 5934.5 7184.0
4685.0 5060.5 5436.0
3297.0 3669.5 4042.0
3357.0 3651.5 3946.0
2524.0 2944.0 3364.0
1659.0 1996.0 2333.0
1196.0 1764.5 2333.0
1196.0 1764.5 2333.0
1004.0 1197.0 1390.0
1004.0 1197.0 1390.0
1004.0 1197.0 1390.0
1004.0 1197.0 1390.0
1004.0 1197.0 1390.0
1004.0 1197.0 1390.0
1004.0 1197.0 1390.0
1004.0 1197.0 1390.0
1004.0 1197.0 1390.0
1004.0 1197.0 1390.0
1004.0 1197.0 1390.0
1004.0 1197.0 1390.0
1004.0 1197.0 1390.0
1004.0 1197.0 1390.0
1004.0 1197.0 1390.0
1004.0 1197.0 1390.0
1004.0 1197.0 1390.0
1004.0 1197.0 1390.0
1004.0 1197.0 1390.0
1004.0 1197.0 1390.0
1004.0 1197.0 1390.0
1004.0 1197.0 1390.0
1004.0 1197.0 1390.0
1004.0 1197.0 1390.0
1004.0 1197.0 1390.0
1004.0 1197.0 1390.0
1004.0 1197.0 1390.0
1004.0 1197.0 1390.0
1004.0 1197.0 1390.0
1004.0 1197.0 1390.0
1004.0 1197.0 1390.0
1004.0 1197.0 1390.0
1004.0 1197.0 1390.0
1004.0 1197.0 1390.0
1004.0 1197.0 1390.0
1004.0 1197.0 1390.0
1004.0 1197.0 1390.0
1004.0 1197.0 1390.0
1004.0 1197.0 1390.0
1004.0 1197.0 1390.0
1004.0 1197.0 1390.0
1004.0 1197.0 1390.0
1004.0 1197.0 1390.0
1004.0 1197.0 1390.0
1004.0 1197.0 1390.0
1004.0 1197.0 1390.0
1004.0 1197.0 1390.0
1004.0 1197.0 1390.0
1004.0 1197.0 1390.0
1004.0 1197.0 1390.0
1004.0 1197.0 1390.0
1004.0 1197.0 1390.0
1004.0 1197.0 1390.0
1004.0 1197.0 1390.0
1004.0 1329.0 1654.0
1004.0 1329.0 1654.0
1004.0 1329.0 1654.0
954.0 979.0 1004.0
954.0 979.0 1004.0
954.0 979.0 1004.0
954.0 979.0 1004.0
954.0 979.0 1004.0
954.0 979.0 1004.0
954.0 979.0 1004.0
954.0 979.0 1004.0
954.0 979.0 1004.0
954.0 979.0 1004.0
954.0 979.0 1004.0
954.0 979.0 1004.0
954.0 979.0 1004.0
954.0 979.0 1004.0
954.0 979.0 1004.0
954.0 979.0 1004.0
954.0 979.0 1004.0
954.0 979.0 1004.0
954.0 979.0 1004.0
954.0 979.0 1004.0
954.0 979.0 1004.0
954.0 979.0 1004.0
954.0 979.0 1004.0
954.0 979.0 1004.0
954.0 979.0 1004.0
954.0 979.0 1004.0
954.0 979.0 1004.0
954.0 979.0 1004.0
954.0 979.0 1004.0
954.0 979.0 1004.0
954.0 979.0 1004.0
954.0 979.0 1004.0
954.0 979.0 1004.0
954.0 979.0 1004.0
954.0 979.0 1004.0
954.0 979.0 1004.0
954.0 979.0 1004.0
954.0 979.0 1004.0
954.0 979.0 1004.0
954.0 979.0 1004.0
954.0 979.0 1004.0
954.0 979.0 1004.0
954.0 979.0 1004.0
954.0 979.0 1004.0
954.0 979.0 1004.0
954.0 979.0 1004.0
954.0 979.0 1004.0
954.0 979.0 1004.0
954.0 979.0 1004.0
954.0 979.0 1004.0
954.0 979.0 1004.0
954.0 979.0 1004.0
954.0 979.0 1004.0
954.0 979.0 1004.0
954.0 979.0 1004.0
954.0 979.0 1004.0
954.0 979.0 1004.0
954.0 979.0 1004.0
954.0 979.0 1004.0
954.0 979.0 1004.0
954.0 979.0 1004.0
954.0 979.0 1004.0
954.0 979.0 1004.0
954.0 979.0 1004.0
954.0 979.0 1004.0
954.0 979.0 1004.0
954.0 979.0 1004.0
954.0 979.0 1004.0
954.0 979.0 1004.0
954.0 979.0 1004.0
954.0 979.0 1004.0
954.0 979.0 1004.0
954.0 979.0 1004.0
954.0 979.0 1004.0
954.0 979.0 1004.0
954.0 979.0 1004.0
954.0 979.0 1004.0
954.0 1040.0 1126.0
954.0 1040.0 1126.0
954.0 1029.0 1104.0
954.0 1029.0 1104.0
859.0 906.5 954.0
859.0 906.5 954.0
781.0 867.5 954.0
781.0 867.5 954.0
781.0 867.5 954.0
781.0 867.5 954.0
781.0 867.5 954.0
781.0 867.5 954.0
781.0 867.5 954.0
781.0 867.5 954.0
781.0 867.5 954.0
781.0 867.5 954.0
781.0 867.5 954.0
781.0 867.5 954.0
781.0 867.5 954.0
781.0 867.5 954.0
781.0 867.5 954.0
781.0 867.5 954.0
781.0 867.5 954.0
781.0 867.5 954.0
781.0 867.5 954.0
781.0 867.5 954.0
781.0 867.5 954.0
781.0 867.5 954.0
781.0 867.5 954.0
781.0 867.5 954.0
781.0 867.5 954.0
781.0 867.5 954.0
781.0 867.5 954.0
781.0 867.5 954.0
781.0 867.5 954.0
781.0 867.5 954.0
781.0 867.5 954.0
781.0 867.5 954.0
781.0 867.5 954.0
781.0 867.5 954.0
781.0 867.5 954.0
781.0 867.5 954.0
781.0 867.5 954.0
781.0 867.5 954.0
781.0 867.5 954.0
781.0 867.5 954.0
781.0 867.5 954.0
781.0 867.5 954.0
781.0 867.5 954.0
781.0 867.5 954.0
781.0 867.5 954.0
781.0 867.5 954.0
781.0 867.5 954.0
781.0 867.5 954.0
781.0 867.5 954.0
781.0 867.5 954.0
