15475.0 16458.0 17441.0
12260.0 13013.5 13767.0
12029.0 12508.5 12988.0
8184.0 9481.5 10779.0
7352.0 7652.0 7952.0
7352.0 7652.0 7952.0
4007.0 5123.0 6239.0
4227.0 5136.5 6046.0
3142.0 4270.0 5398.0
3142.0 3752.5 4363.0
2147.0 2437.5 2728.0
2365.0 2546.5 2728.0
2365.0 2608.0 2851.0
1458.0 1951.5 2445.0
1675.0 1999.0 2323.0
1675.0 2077.0 2479.0
1675.0 1698.5 1722.0
1675.0 1698.5 1722.0
1675.0 1698.5 1722.0
1675.0 1698.5 1722.0
1675.0 1698.5 1722.0
1675.0 1698.5 1722.0
1675.0 1698.5 1722.0
1675.0 1698.5 1722.0
1675.0 1698.5 1722.0
1675.0 1698.5 1722.0
1675.0 1698.5 1722.0
1675.0 1698.5 1722.0
1675.0 1698.5 1722.0
1675.0 1698.5 1722.0
1675.0 1698.5 1722.0
1675.0 1698.5 1722.0
1675.0 1698.5 1722.0
1675.0 1698.5 1722.0
1675.0 1698.5 1722.0
1675.0 1698.5 1722.0
1675.0 1698.5 1722.0
1675.0 1698.5 1722.0
1675.0 1698.5 1722.0
1675.0 1698.5 1722.0
1675.0 1691.0 1707.0
1675.0 1724.0 1773.0
1675.0 1724.0 1773.0
1675.0 1724.0 1773.0
1675.0 1724.0 1773.0
1675.0 1724.0 1773.0
1675.0 1724.0 1773.0
1675.0 1724.0 1773.0
1675.0 1724.0 1773.0
1675.0 1724.0 1773.0
1675.0 1724.0 1773.0
1675.0 1724.0 1773.0
1675.0 1724.0 1773.0
1675.0 1724.0 1773.0
1675.0 1724.0 1773.0
1675.0 1724.0 1773.0
1675.0 1724.0 1773.0
1675.0 1728.5 1782.0
1625.0 1650.0 1675.0
1625.0 1650.0 1675.0
1531.0 1603.0 1675.0
1531.0 1603.0 1675.0
1531.0 1603.0 1675.0
1531.0 1603.0 1675.0
1531.0 1603.0 1675.0
1531.0 1603.0 1675.0
1531.0 1603.0 1675.0
1531.0 1603.0 1675.0
1531.0 1603.0 1675.0
1531.0 1603.0 1675.0
1531.0 1603.0 1675.0
1531.0 1603.0 1675.0
1531.0 1603.0 1675.0
1531.0 1603.0 1675.0
1531.0 1603.0 1675.0
1531.0 1603.0 1675.0
1531.0 1603.0 1675.0
1531.0 1603.0 1675.0
1531.0 1603.0 1675.0
1531.0 1603.0 1675.0
1531.0 1603.0 1675.0
1531.0 1603.0 1675.0
1531.0 1603.0 1675.0
1531.0 1603.0 1675.0
1531.0 1603.0 1675.0
1531.0 1603.0 1675.0
1531.0 1603.0 1675.0
1531.0 1603.0 1675.0
1531.0 1603.0 1675.0
1531.0 1603.0 1675.0
1531.0 1603.0 1675.0
1531.0 1603.0 1675.0
1531.0 1603.0 1675.0
1531.0 1603.0 1675.0
1531.0 1603.0 1675.0
1531.0 1603.0 1675.0
1531.0 1603.0 1675.0
1531.0 1603.0 1675.0
1531.0 1603.0 1675.0
1531.0 1603.0 1675.0
1531.0 1603.0 1675.0
1531.0 1603.0 1675.0
1531.0 1603.0 1675.0
1531.0 1603.0 1675.0
1531.0 1603.0 1675.0
1531.0 1603.0 1675.0
1531.0 1603.0 1675.0
1531.0 1603.0 1675.0
1531.0 1603.0 1675.0
1531.0 1603.0 1675.0
1531.0 1603.0 1675.0
1531.0 1603.0 1675.0
1531.0 1603.0 1675.0
1531.0 1603.0 1675.0
1531.0 1603.0 1675.0
1531.0 1603.0 1675.0
1531.0 1603.0 1675.0
1531.0 1603.0 1675.0
1531.0 1603.0 1675.0
1531.0 1603.0 1675.0
1531.0 1603.0 1675.0
1531.0 1603.0 1675.0
1531.0 1603.0 1675.0
1531.0 1603.0 1675.0
1531.0 1603.0 1675.0
1531.0 1603.0 1675.0
1531.0 1603.0 1675.0
1531.0 1603.0 1675.0
1531.0 1603.0 1675.0
1531.0 1603.0 1675.0
1531.0 1603.0 1675.0
1531.0 1603.0 1675.0
1531.0 1603.0 1675.0
1531.0 1603.0 1675.0
1531.0 1603.0 1675.0
1531.0 1603.0 1675.0
1531.0 1603.0 1675.0
1531.0 1603.0 1675.0
1531.0 1603.0 1675.0
1531.0 1603.0 1675.0
1531.0 1603.0 1675.0
1531.0 1603.0 1675.0
1531.0 1603.0 1675.0
1531.0 1603.0 1675.0
1531.0 1603.0 1675.0
1531.0 1603.0 1675.0
1531.0 1603.0 1675.0
1531.0 1603.0 1675.0
1531.0 1603.0 1675.0
1531.0 1603.0 1675.0
1531.0 1603.0 1675.0
1531.0 1603.0 1675.0
1531.0 1603.0 1675.0
1531.0 1603.0 1675.0
1531.0 1603.0 1675.0
1531.0 1603.0 1675.0
1531.0 1603.0 1675.0
1531.0 1603.0 1675.0
1531.0 1603.0 1675.0
1531.0 1603.0 1675.0
1531.0 1603.0 1675.0
1531.0 1603.0 1675.0
1531.0 1603.0 1675.0
1531.0 1603.0 1675.0
1531.0 1603.0 1675.0
1531.0 1603.0 1675.0
1531.0 1603.0 1675.0
1531.0 1603.0 1675.0
1531.0 1603.0 1675.0
1531.0 1603.0 1675.0
1531.0 1603.0 1675.0
1531.0 1603.0 1675.0
1531.0 1603.0 1675.0
1531.0 1603.0 1675.0
1531.0 1537.5 1544.0
1531.0 1537.5 1544.0
1531.0 1537.5 1544.0
1531.0 1537.5 1544.0
1531.0 1537.5 1544.0
1531.0 1537.5 1544.0
1531.0 1537.5 1544.0
1531.0 1537.5 1544.0
1531.0 1537.5 1544.0
1531.0 1537.5 1544.0
1531.0 1537.5 1544.0
1531.0 1537.5 1544.0
1531.0 1537.5 1544.0
1531.0 1537.5 1544.0
1531.0 1537.5 1544.0
1531.0 1537.5 1544.0
1531.0 1537.5 1544.0
1531.0 1537.5 1544.0
1531.0 1537.5 1544.0
1531.0 1537.5 1544.0
1531.0 1537.5 1544.0
1531.0 1537.5 1544.0
1531.0 1537.5 1544.0
1531.0 1537.5 1544.0
1531.0 1537.5 1544.0
1531.0 1537.5 1544.0
