13547.0 14544.0 15541.0
10984.0 12070.0 13156.0
9094.0 9470.5 9847.0
7929.0 8502.0 9075.0
4803.0 5845.5 6888.0
3066.0 4236.5 5407.0
3066.0 4447.0 5828.0
1963.0 2606.5 3250.0
1760.0 2279.5 2799.0
1642.0 2165.0 2688.0
1536.0 2112.0 2688.0
1536.0 2112.0 2688.0
1536.0 2112.0 2688.0
1292.0 1414.0 1536.0
1220.0 1378.0 1536.0
1220.0 1378.0 1536.0
1220.0 1378.0 1536.0
1220.0 1378.0 1536.0
1220.0 1378.0 1536.0
1220.0 1378.0 1536.0
1220.0 1378.0 1536.0
1220.0 1378.0 1536.0
1220.0 1378.0 1536.0
1220.0 1378.0 1536.0
1220.0 1378.0 1536.0
1220.0 1378.0 1536.0
1220.0 1378.0 1536.0
1220.0 1378.0 1536.0
1220.0 1378.0 1536.0
1220.0 1378.0 1536.0
1220.0 1378.0 1536.0
1220.0 1378.0 1536.0
1220.0 1378.0 1536.0
1220.0 1378.0 1536.0
1220.0 1378.0 1536.0
1220.0 1378.0 1536.0
1220.0 1378.0 1536.0
1220.0 1378.0 1536.0
1220.0 1378.0 1536.0
1220.0 1378.0 1536.0
1220.0 1378.0 1536.0
1220.0 1378.0 1536.0
1220.0 1378.0 1536.0
1220.0 1378.0 1536.0
1220.0 1378.0 1536.0
1220.0 1378.0 1536.0
1220.0 1378.0 1536.0
1220.0 1378.0 1536.0
1220.0 1378.0 1536.0
1220.0 1378.0 1536.0
1220.0 1378.0 1536.0
1220.0 1378.0 1536.0
1220.0 1378.0 1536.0
1220.0 1378.0 1536.0
1220.0 1378.0 1536.0
1220.0 1378.0 1536.0
1220.0 1378.0 1536.0
1220.0 1378.0 1536.0
1220.0 1378.0 1536.0
1220.0 1378.0 1536.0
1220.0 1378.0 1536.0
1220.0 1378.0 1536.0
1220.0 1378.0 1536.0
1220.0 1378.0 1536.0
1220.0 1378.0 1536.0
1220.0 1378.0 1536.0
1220.0 1378.0 1536.0
1220.0 1378.0 1536.0
1220.0 1378.0 1536.0
1220.0 1378.0 1536.0
1220.0 1378.0 1536.0
1220.0 1378.0 1536.0
1220.0 1378.0 1536.0
1220.0 1378.0 1536.0
1220.0 1378.0 1536.0
1220.0 1378.0 1536.0
1220.0 1378.0 1536.0
1220.0 1378.0 1536.0
1220.0 1378.0 1536.0
1220.0 1378.0 1536.0
1220.0 1378.0 1536.0
1220.0 1378.0 1536.0
1220.0 1378.0 1536.0
1220.0 1378.0 1536.0
1220.0 1378.0 1536.0
1220.0 1378.0 1536.0
1220.0 1378.0 1536.0
1220.0 1378.0 1536.0
1220.0 1378.0 1536.0
1220.0 1378.0 1536.0
1220.0 1378.0 1536.0
1220.0 1378.0 1536.0
1220.0 1378.0 1536.0
1220.0 1378.0 1536.0
1220.0 1378.0 1536.0
1220.0 1378.0 1536.0
1220.0 1378.0 1536.0
1220.0 1378.0 1536.0
1220.0 1378.0 1536.0
1220.0 1378.0 1536.0
1220.0 1378.0 1536.0
1220.0 1378.0 1536.0
1220.0 1378.0 1536.0
1220.0 1378.0 1536.0
1220.0 1378.0 1536.0
1220.0 1378.0 1536.0
1220.0 1378.0 1536.0
1220.0 1378.0 1536.0
1220.0 1378.0 1536.0
1220.0 1378.0 1536.0
1220.0 1378.0 1536.0
1220.0 1378.0 1536.0
1220.0 1378.0 1536.0
1220.0 1378.0 1536.0
1220.0 1378.0 1536.0
1220.0 1378.0 1536.0
1220.0 1378.0 1536.0
1220.0 1378.0 1536.0
1220.0 1378.0 1536.0
1220.0 1378.0 1536.0
1220.0 1378.0 1536.0
1220.0 1378.0 1536.0
1220.0 1378.0 1536.0
1220.0 1378.0 1536.0
1220.0 1378.0 1536.0
1220.0 1378.0 1536.0
1220.0 1378.0 1536.0
1220.0 1378.0 1536.0
1220.0 1378.0 1536.0
1220.0 1378.0 1536.0
1220.0 1378.0 1536.0
1220.0 1378.0 1536.0
1220.0 1378.0 1536.0
1220.0 1378.0 1536.0
1220.0 1378.0 1536.0
1220.0 1378.0 1536.0
1220.0 1378.0 1536.0
1220.0 1378.0 1536.0
1220.0 1378.0 1536.0
1220.0 1378.0 1536.0
1220.0 1378.0 1536.0
1220.0 1378.0 1536.0
1220.0 1378.0 1536.0
1220.0 1378.0 1536.0
1220.0 1378.0 1536.0
1220.0 1378.0 1536.0
1220.0 1378.0 1536.0
1220.0 1378.0 1536.0
1220.0 1378.0 1536.0
1220.0 1378.0 1536.0
1220.0 1378.0 1536.0
1220.0 1378.0 1536.0
1220.0 1378.0 1536.0
1220.0 1378.0 1536.0
1220.0 1378.0 1536.0
1220.0 1378.0 1536.0
1220.0 1378.0 1536.0
1220.0 1378.0 1536.0
1220.0 1378.0 1536.0
1220.0 1378.0 1536.0
1220.0 1378.0 1536.0
1220.0 1378.0 1536.0
1220.0 1378.0 1536.0
1220.0 1378.0 1536.0
1220.0 1378.0 1536.0
1220.0 1378.0 1536.0
1220.0 1378.0 1536.0
1220.0 1378.0 1536.0
1220.0 1378.0 1536.0
1220.0 1378.0 1536.0
1220.0 1378.0 1536.0
1220.0 1378.0 1536.0
1220.0 1378.0 1536.0
1220.0 1378.0 1536.0
1220.0 1378.0 1536.0
1220.0 1378.0 1536.0
1220.0 1378.0 1536.0
1220.0 1378.0 1536.0
1220.0 1378.0 1536.0
1220.0 1378.0 1536.0
1220.0 1378.0 1536.0
1220.0 1378.0 1536.0
1220.0 1378.0 1536.0
1220.0 1378.0 1536.0
1220.0 1378.0 1536.0
1220.0 1378.0 1536.0
1220.0 1378.0 1536.0
1220.0 1378.0 1536.0
1220.0 1378.0 1536.0
1220.0 1378.0 1536.0
1220.0 1378.0 1536.0
1220.0 1378.0 1536.0
1220.0 1378.0 1536.0
1220.0 1378.0 1536.0
1220.0 1378.0 1536.0
1220.0 1378.0 1536.0
1220.0 1378.0 1536.0
1220.0 1378.0 1536.0
1220.0 1378.0 1536.0
1220.0 1378.0 1536.0
