15093.0 16790.0 18487.0
14079.0 15395.5 16712.0
11767.0 12008.0 12249.0
10025.0 10235.0 10445.0
7891.0 8666.0 9441.0
7141.0 7971.5 8802.0
4339.0 5595.5 6852.0
4069.0 5460.5 6852.0
3782.0 4579.5 5377.0
3248.0 4190.5 5133.0
3432.0 4285.0 5138.0
2855.0 2928.5 3002.0
1898.0 2253.5 2609.0
1898.0 2253.5 2609.0
1898.0 2253.5 2609.0
1898.0 2253.5 2609.0
1898.0 2253.5 2609.0
1898.0 2253.5 2609.0
1898.0 2253.5 2609.0
1898.0 2253.5 2609.0
1898.0 2425.5 2953.0
1898.0 2253.5 2609.0
1898.0 2253.5 2609.0
1898.0 2253.5 2609.0
1898.0 2253.5 2609.0
1898.0 2253.5 2609.0
1898.0 2253.5 2609.0
1898.0 2253.5 2609.0
1898.0 2253.5 2609.0
1898.0 2253.5 2609.0
1898.0 2253.5 2609.0
1898.0 2253.5 2609.0
1898.0 2253.5 2609.0
1898.0 2253.5 2609.0
1898.0 2253.5 2609.0
1898.0 2253.5 2609.0
1898.0 2253.5 2609.0
1898.0 2253.5 2609.0
1898.0 2253.5 2609.0
1898.0 2253.5 2609.0
1898.0 2253.5 2609.0
1898.0 2253.5 2609.0
1898.0 2253.5 2609.0
1898.0 2253.5 2609.0
1898.0 2253.5 2609.0
1898.0 2253.5 2609.0
1898.0 2253.5 2609.0
1898.0 2253.5 2609.0
1898.0 2253.5 2609.0
1898.0 2253.5 2609.0
1898.0 2253.5 2609.0
1898.0 2253.5 2609.0
1898.0 2253.5 2609.0
1898.0 2253.5 2609.0
1898.0 2253.5 2609.0
1898.0 2253.5 2609.0
1898.0 2253.5 2609.0
1898.0 2253.5 2609.0
1898.0 2253.5 2609.0
1898.0 2253.5 2609.0
1898.0 2253.5 2609.0
1898.0 2253.5 2609.0
1898.0 2253.5 2609.0
1898.0 2253.5 2609.0
1898.0 2253.5 2609.0
1898.0 2253.5 2609.0
1898.0 2253.5 2609.0
1898.0 2253.5 2609.0
1898.0 2253.5 2609.0
1898.0 2253.5 2609.0
1898.0 2253.5 2609.0
1898.0 2253.5 2609.0
1898.0 2253.5 2609.0
1898.0 2253.5 2609.0
1898.0 2253.5 2609.0
1898.0 2253.5 2609.0
1898.0 2253.5 2609.0
1898.0 2253.5 2609.0
1898.0 2253.5 2609.0
1898.0 2253.5 2609.0
1898.0 2253.5 2609.0
1898.0 2253.5 2609.0
1898.0 2253.5 2609.0
1898.0 2253.5 2609.0
1898.0 2253.5 2609.0
1898.0 2253.5 2609.0
1898.0 2253.5 2609.0
1898.0 2253.5 2609.0
1898.0 2253.5 2609.0
1898.0 2253.5 2609.0
1898.0 2253.5 2609.0
1898.0 2253.5 2609.0
1512.0 1705.0 1898.0
1512.0 1705.0 1898.0
1512.0 1705.0 1898.0
1512.0 1705.0 1898.0
1512.0 1705.0 1898.0
1512.0 1705.0 1898.0
1512.0 1705.0 1898.0
1512.0 1705.0 1898.0
1512.0 1705.0 1898.0
1512.0 1705.0 1898.0
1512.0 1705.0 1898.0
1512.0 1705.0 1898.0
1512.0 1705.0 1898.0
1512.0 1705.0 1898.0
1512.0 1705.0 1898.0
1512.0 1705.0 1898.0
1512.0 1705.0 1898.0
1512.0 1705.0 1898.0
1512.0 1705.0 1898.0
1512.0 1705.0 1898.0
1512.0 1705.0 1898.0
1512.0 1705.0 1898.0
1512.0 1705.0 1898.0
1512.0 1705.0 1898.0
1512.0 1705.0 1898.0
1512.0 1705.0 1898.0
1512.0 1705.0 1898.0
1512.0 1705.0 1898.0
1512.0 1705.0 1898.0
1512.0 1705.0 1898.0
1512.0 1751.5 1991.0
1048.0 1280.0 1512.0
1048.0 1280.0 1512.0
1048.0 1280.0 1512.0
1048.0 1280.0 1512.0
1048.0 1280.0 1512.0
1048.0 1280.0 1512.0
1048.0 1280.0 1512.0
1048.0 1280.0 1512.0
1048.0 1280.0 1512.0
1048.0 1280.0 1512.0
1048.0 1280.0 1512.0
1048.0 1280.0 1512.0
1048.0 1280.0 1512.0
1048.0 1280.0 1512.0
1048.0 1280.0 1512.0
1048.0 1280.0 1512.0
1048.0 1280.0 1512.0
1048.0 1280.0 1512.0
1048.0 1280.0 1512.0
1048.0 1280.0 1512.0
1048.0 1280.0 1512.0
1048.0 1280.0 1512.0
1048.0 1276.0 1504.0
823.0 935.5 1048.0
823.0 935.5 1048.0
823.0 935.5 1048.0
823.0 935.5 1048.0
823.0 935.5 1048.0
823.0 935.5 1048.0
823.0 935.5 1048.0
823.0 935.5 1048.0
823.0 935.5 1048.0
823.0 935.5 1048.0
823.0 935.5 1048.0
823.0 935.5 1048.0
823.0 935.5 1048.0
823.0 935.5 1048.0
823.0 935.5 1048.0
823.0 935.5 1048.0
823.0 935.5 1048.0
823.0 935.5 1048.0
823.0 935.5 1048.0
823.0 935.5 1048.0
823.0 935.5 1048.0
823.0 935.5 1048.0
823.0 935.5 1048.0
823.0 935.5 1048.0
823.0 935.5 1048.0
823.0 935.5 1048.0
823.0 935.5 1048.0
823.0 935.5 1048.0
823.0 935.5 1048.0
823.0 935.5 1048.0
823.0 935.5 1048.0
823.0 935.5 1048.0
823.0 935.5 1048.0
823.0 935.5 1048.0
823.0 935.5 1048.0
823.0 935.5 1048.0
823.0 935.5 1048.0
823.0 935.5 1048.0
823.0 935.5 1048.0
823.0 935.5 1048.0
823.0 935.5 1048.0
823.0 935.5 1048.0
823.0 935.5 1048.0
823.0 935.5 1048.0
823.0 935.5 1048.0
823.0 935.5 1048.0
823.0 935.5 1048.0
823.0 935.5 1048.0
823.0 935.5 1048.0
823.0 935.5 1048.0
823.0 935.5 1048.0
823.0 935.5 1048.0
823.0 935.5 1048.0
823.0 935.5 1048.0
