11884.0 12577.0 13270.0
8925.0 9830.5 10736.0
7055.0 7928.0 8801.0
5515.0 6235.0 6955.0
4949.0 5952.0 6955.0
3816.0 4276.0 4736.0
3214.0 3356.0 3498.0
1831.0 2605.0 3379.0
1831.0 2242.0 2653.0
1387.0 1791.5 2196.0
1473.0 1834.5 2196.0
1625.0 2012.0 2399.0
1625.0 2012.0 2399.0
734.0 1566.5 2399.0
734.0 1566.5 2399.0
734.0 1566.5 2399.0
734.0 1566.5 2399.0
734.0 1566.5 2399.0
734.0 1485.0 2236.0
734.0 1485.0 2236.0
734.0 1252.0 1770.0
734.0 1252.0 1770.0
734.0 1252.0 1770.0
734.0 1252.0 1770.0
734.0 1252.0 1770.0
734.0 1252.0 1770.0
734.0 1252.0 1770.0
734.0 1252.0 1770.0
734.0 1252.0 1770.0
734.0 1252.0 1770.0
734.0 1252.0 1770.0
734.0 1252.0 1770.0
734.0 1252.0 1770.0
734.0 1252.0 1770.0
734.0 1252.0 1770.0
734.0 1252.0 1770.0
734.0 1252.0 1770.0
734.0 1109.0 1484.0
734.0 1109.0 1484.0
734.0 1109.0 1484.0
734.0 1109.0 1484.0
734.0 1109.0 1484.0
734.0 1109.0 1484.0
734.0 1109.0 1484.0
734.0 1109.0 1484.0
734.0 1109.0 1484.0
734.0 1109.0 1484.0
734.0 1109.0 1484.0
734.0 1109.0 1484.0
734.0 1109.0 1484.0
734.0 1109.0 1484.0
734.0 1109.0 1484.0
734.0 1109.0 1484.0
734.0 1109.0 1484.0
734.0 1109.0 1484.0
734.0 1109.0 1484.0
734.0 1109.0 1484.0
734.0 1109.0 1484.0
734.0 1109.0 1484.0
734.0 1109.0 1484.0
734.0 1109.0 1484.0
734.0 1109.0 1484.0
734.0 1109.0 1484.0
734.0 1109.0 1484.0
734.0 1109.0 1484.0
734.0 1109.0 1484.0
734.0 1109.0 1484.0
734.0 1109.0 1484.0
734.0 1109.0 1484.0
734.0 1109.0 1484.0
734.0 1109.0 1484.0
734.0 1109.0 1484.0
734.0 1109.0 1484.0
734.0 1109.0 1484.0
734.0 1109.0 1484.0
734.0 1109.0 1484.0
734.0 1109.0 1484.0
734.0 1109.0 1484.0
734.0 1109.0 1484.0
734.0 1109.0 1484.0
734.0 1109.0 1484.0
734.0 1109.0 1484.0
734.0 1109.0 1484.0
734.0 1109.0 1484.0
734.0 1109.0 1484.0
734.0 1109.0 1484.0
734.0 1109.0 1484.0
734.0 1109.0 1484.0
734.0 1109.0 1484.0
734.0 1109.0 1484.0
734.0 1109.0 1484.0
734.0 1109.0 1484.0
734.0 1109.0 1484.0
734.0 1109.0 1484.0
734.0 1109.0 1484.0
734.0 1109.0 1484.0
734.0 1109.0 1484.0
734.0 1109.0 1484.0
734.0 1109.0 1484.0
734.0 1109.0 1484.0
734.0 1109.0 1484.0
734.0 1109.0 1484.0
734.0 1109.0 1484.0
734.0 1109.0 1484.0
734.0 1109.0 1484.0
734.0 1109.0 1484.0
734.0 1109.0 1484.0
734.0 1109.0 1484.0
734.0 1109.0 1484.0
734.0 1109.0 1484.0
734.0 1109.0 1484.0
734.0 1109.0 1484.0
734.0 1109.0 1484.0
734.0 1109.0 1484.0
734.0 1109.0 1484.0
734.0 1109.0 1484.0
734.0 1109.0 1484.0
734.0 1109.0 1484.0
734.0 1109.0 1484.0
734.0 1109.0 1484.0
734.0 1109.0 1484.0
734.0 920.5 1107.0
734.0 920.5 1107.0
734.0 920.5 1107.0
734.0 920.5 1107.0
734.0 920.5 1107.0
734.0 920.5 1107.0
734.0 920.5 1107.0
734.0 920.5 1107.0
734.0 920.5 1107.0
734.0 920.5 1107.0
734.0 920.5 1107.0
734.0 920.5 1107.0
734.0 920.5 1107.0
734.0 920.5 1107.0
734.0 920.5 1107.0
734.0 920.5 1107.0
734.0 920.5 1107.0
734.0 920.5 1107.0
734.0 920.5 1107.0
734.0 920.5 1107.0
734.0 920.5 1107.0
734.0 920.5 1107.0
734.0 920.5 1107.0
734.0 920.5 1107.0
734.0 920.5 1107.0
734.0 920.5 1107.0
734.0 920.5 1107.0
734.0 920.5 1107.0
734.0 920.5 1107.0
734.0 920.5 1107.0
734.0 920.5 1107.0
734.0 920.5 1107.0
734.0 920.5 1107.0
734.0 920.5 1107.0
734.0 920.5 1107.0
734.0 920.5 1107.0
734.0 920.5 1107.0
734.0 920.5 1107.0
734.0 920.5 1107.0
734.0 920.5 1107.0
734.0 920.5 1107.0
734.0 920.5 1107.0
734.0 920.5 1107.0
734.0 920.5 1107.0
734.0 920.5 1107.0
734.0 920.5 1107.0
734.0 920.5 1107.0
734.0 920.5 1107.0
734.0 920.5 1107.0
734.0 920.5 1107.0
734.0 920.5 1107.0
734.0 920.5 1107.0
734.0 920.5 1107.0
734.0 920.5 1107.0
734.0 920.5 1107.0
734.0 920.5 1107.0
734.0 920.5 1107.0
734.0 920.5 1107.0
734.0 920.5 1107.0
734.0 920.5 1107.0
734.0 920.5 1107.0
734.0 920.5 1107.0
734.0 920.5 1107.0
734.0 920.5 1107.0
734.0 920.5 1107.0
734.0 920.5 1107.0
734.0 920.5 1107.0
734.0 920.5 1107.0
734.0 920.5 1107.0
734.0 920.5 1107.0
734.0 920.5 1107.0
734.0 920.5 1107.0
734.0 920.5 1107.0
734.0 920.5 1107.0
734.0 920.5 1107.0
734.0 920.5 1107.0
734.0 920.5 1107.0
734.0 920.5 1107.0
734.0 920.5 1107.0
