14596.0 15129.5 15663.0
10379.0 12101.5 13824.0
11497.0 11827.0 12157.0
9482.0 9886.5 10291.0
7949.0 8113.5 8278.0
8766.0 8888.0 9010.0
6512.0 7789.0 9066.0
6366.0 6439.0 6512.0
4771.0 4989.5 5208.0
4776.0 4785.5 4795.0
3970.0 4496.5 5023.0
3497.0 3733.5 3970.0
2537.0 2671.5 2806.0
2043.0 2290.0 2537.0
2043.0 2290.0 2537.0
2043.0 2290.0 2537.0
2043.0 2290.0 2537.0
2043.0 2290.0 2537.0
2043.0 2290.0 2537.0
1690.0 1866.5 2043.0
1690.0 1866.5 2043.0
1690.0 1866.5 2043.0
1690.0 1866.5 2043.0
1690.0 1866.5 2043.0
1690.0 1879.0 2068.0
1690.0 1719.5 1749.0
1690.0 1719.5 1749.0
1690.0 1719.5 1749.0
1690.0 1719.5 1749.0
1690.0 1719.5 1749.0
1690.0 1719.5 1749.0
1690.0 1719.5 1749.0
1690.0 1719.5 1749.0
1690.0 1719.5 1749.0
1690.0 1719.5 1749.0
1690.0 1719.5 1749.0
1690.0 1719.5 1749.0
1690.0 1719.5 1749.0
1690.0 1719.5 1749.0
1690.0 1719.5 1749.0
1690.0 1719.5 1749.0
1690.0 1719.5 1749.0
1690.0 1719.5 1749.0
1690.0 1719.5 1749.0
1690.0 1719.5 1749.0
1690.0 1719.5 1749.0
1690.0 1719.5 1749.0
1690.0 1719.5 1749.0
1690.0 1719.5 1749.0
1690.0 1719.5 1749.0
1690.0 1719.5 1749.0
1690.0 1719.5 1749.0
1690.0 1719.5 1749.0
1690.0 1719.5 1749.0
1690.0 1719.5 1749.0
1690.0 1719.5 1749.0
1690.0 1719.5 1749.0
1690.0 1719.5 1749.0
1690.0 1719.5 1749.0
1690.0 1719.5 1749.0
1690.0 1719.5 1749.0
1690.0 1719.5 1749.0
1690.0 1719.5 1749.0
1520.0 1634.5 1749.0
1520.0 1634.5 1749.0
1520.0 1634.5 1749.0
1520.0 1634.5 1749.0
1520.0 1634.5 1749.0
1520.0 1634.5 1749.0
1520.0 1634.5 1749.0
1520.0 1634.5 1749.0
1520.0 1634.5 1749.0
1520.0 1634.5 1749.0
1520.0 1634.5 1749.0
1520.0 1634.5 1749.0
1520.0 1634.5 1749.0
1520.0 1634.5 1749.0
1520.0 1634.5 1749.0
1520.0 1634.5 1749.0
1520.0 1634.5 1749.0
1520.0 1634.5 1749.0
1520.0 1634.5 1749.0
1520.0 1634.5 1749.0
1520.0 1634.5 1749.0
1520.0 1634.5 1749.0
1520.0 1634.5 1749.0
1520.0 1606.0 1692.0
1520.0 1606.0 1692.0
1520.0 1606.0 1692.0
1520.0 1606.0 1692.0
1520.0 1606.0 1692.0
1520.0 1606.0 1692.0
1520.0 1606.0 1692.0
1520.0 1606.0 1692.0
1520.0 1606.0 1692.0
1520.0 1606.0 1692.0
1520.0 1606.0 1692.0
1520.0 1606.0 1692.0
1520.0 1606.0 1692.0
1520.0 1606.0 1692.0
1520.0 1606.0 1692.0
1520.0 1606.0 1692.0
1520.0 1606.0 1692.0
1520.0 1606.0 1692.0
1520.0 1606.0 1692.0
1520.0 1606.0 1692.0
1520.0 1606.0 1692.0
1520.0 1606.0 1692.0
1520.0 1606.0 1692.0
1520.0 1606.0 1692.0
1520.0 1606.0 1692.0
1520.0 1606.0 1692.0
1520.0 1606.0 1692.0
1520.0 1606.0 1692.0
1520.0 1606.0 1692.0
1520.0 1606.0 1692.0
1520.0 1606.0 1692.0
1520.0 1606.0 1692.0
1520.0 1606.0 1692.0
1520.0 1606.0 1692.0
1520.0 1606.0 1692.0
1520.0 1606.0 1692.0
1520.0 1606.0 1692.0
1520.0 1606.0 1692.0
1520.0 1606.0 1692.0
1520.0 1606.0 1692.0
1520.0 1606.0 1692.0
1520.0 1606.0 1692.0
1520.0 1606.0 1692.0
1520.0 1606.0 1692.0
1520.0 1606.0 1692.0
1520.0 1606.0 1692.0
1520.0 1606.0 1692.0
1520.0 1606.0 1692.0
1520.0 1606.0 1692.0
1520.0 1606.0 1692.0
1520.0 1606.0 1692.0
1520.0 1606.0 1692.0
1520.0 1606.0 1692.0
1520.0 1606.0 1692.0
1520.0 1606.0 1692.0
1520.0 1606.0 1692.0
1520.0 1606.0 1692.0
1520.0 1606.0 1692.0
1520.0 1606.0 1692.0
1520.0 1606.0 1692.0
1520.0 1606.0 1692.0
1520.0 1606.0 1692.0
1520.0 1606.0 1692.0
1520.0 1606.0 1692.0
1520.0 1606.0 1692.0
1520.0 1606.0 1692.0
1520.0 1606.0 1692.0
1520.0 1606.0 1692.0
1520.0 1606.0 1692.0
1520.0 1606.0 1692.0
1520.0 1606.0 1692.0
1520.0 1606.0 1692.0
1520.0 1606.0 1692.0
1520.0 1606.0 1692.0
1520.0 1606.0 1692.0
1520.0 1606.0 1692.0
1520.0 1606.0 1692.0
1520.0 1606.0 1692.0
1520.0 1606.0 1692.0
1520.0 1606.0 1692.0
1520.0 1606.0 1692.0
1520.0 1606.0 1692.0
1520.0 1606.0 1692.0
1520.0 1606.0 1692.0
1520.0 1606.0 1692.0
1520.0 1606.0 1692.0
1520.0 1606.0 1692.0
1520.0 1606.0 1692.0
1520.0 1606.0 1692.0
1520.0 1606.0 1692.0
1520.0 1606.0 1692.0
1520.0 1606.0 1692.0
1520.0 1606.0 1692.0
1520.0 1606.0 1692.0
1520.0 1606.0 1692.0
1520.0 1606.0 1692.0
1520.0 1606.0 1692.0
1520.0 1606.0 1692.0
1520.0 1606.0 1692.0
1520.0 1606.0 1692.0
1520.0 1606.0 1692.0
1520.0 1606.0 1692.0
996.0 1344.0 1692.0
996.0 1344.0 1692.0
996.0 1344.0 1692.0
996.0 1344.0 1692.0
996.0 1344.0 1692.0
996.0 1344.0 1692.0
996.0 1344.0 1692.0
996.0 1344.0 1692.0
996.0 1344.0 1692.0
996.0 1344.0 1692.0
996.0 1344.0 1692.0
996.0 1344.0 1692.0
