12284.0 14593.5 16903.0
9517.0 12625.0 15733.0
7971.0 10205.0 12439.0
6750.0 9267.5 11785.0
6020.0 7604.0 9188.0
4508.0 7041.0 9574.0
4508.0 6138.5 7769.0
3749.0 5299.5 6850.0
3749.0 4033.0 4317.0
3749.0 3956.0 4163.0
3266.0 3394.5 3523.0
3266.0 3507.5 3749.0
2825.0 3045.5 3266.0
1825.0 2545.5 3266.0
1825.0 2545.5 3266.0
1825.0 2386.0 2947.0
1825.0 2386.0 2947.0
1825.0 2131.5 2438.0
1763.0 1794.0 1825.0
1825.0 1850.0 1875.0
1825.0 1850.0 1875.0
1825.0 1850.0 1875.0
1825.0 1850.0 1875.0
1825.0 1850.0 1875.0
1666.0 1745.5 1825.0
1666.0 1745.5 1825.0
1666.0 1745.5 1825.0
1666.0 1745.5 1825.0
1666.0 1745.5 1825.0
1666.0 1745.5 1825.0
1666.0 1745.5 1825.0
1666.0 1745.5 1825.0
1666.0 1745.5 1825.0
1666.0 1745.5 1825.0
1666.0 1745.5 1825.0
1666.0 1745.5 1825.0
1666.0 1745.5 1825.0
1666.0 1745.5 1825.0
1666.0 1745.5 1825.0
1666.0 1745.5 1825.0
1666.0 1745.5 1825.0
1666.0 1745.5 1825.0
1666.0 1745.5 1825.0
1666.0 1745.5 1825.0
1666.0 1745.5 1825.0
1666.0 1745.5 1825.0
1666.0 1745.5 1825.0
1666.0 1745.5 1825.0
1666.0 1745.5 1825.0
1666.0 1745.5 1825.0
1666.0 1745.5 1825.0
1666.0 1745.5 1825.0
1666.0 1745.5 1825.0
1666.0 1745.5 1825.0
1666.0 1745.5 1825.0
1666.0 1745.5 1825.0
1666.0 1745.5 1825.0
1666.0 1745.5 1825.0
1666.0 1745.5 1825.0
1666.0 1745.5 1825.0
1666.0 1745.5 1825.0
1666.0 1745.5 1825.0
1666.0 1745.5 1825.0
1666.0 1745.5 1825.0
1666.0 1745.5 1825.0
1666.0 1745.5 1825.0
1666.0 1745.5 1825.0
1666.0 1745.5 1825.0
1666.0 1745.5 1825.0
1666.0 1745.5 1825.0
1666.0 1745.5 1825.0
1666.0 1745.5 1825.0
1666.0 1745.5 1825.0
1666.0 1745.5 1825.0
1666.0 1745.5 1825.0
1666.0 1745.5 1825.0
1666.0 1745.5 1825.0
1666.0 1745.5 1825.0
1666.0 1745.5 1825.0
1666.0 1745.5 1825.0
1666.0 1745.5 1825.0
1666.0 1745.5 1825.0
1666.0 1745.5 1825.0
1666.0 1745.5 1825.0
1666.0 1745.5 1825.0
1666.0 1745.5 1825.0
1666.0 1745.5 1825.0
1666.0 1745.5 1825.0
1666.0 1745.5 1825.0
1666.0 1745.5 1825.0
1666.0 1745.5 1825.0
1666.0 1745.5 1825.0
1666.0 1745.5 1825.0
1666.0 1745.5 1825.0
1666.0 1745.5 1825.0
1666.0 1745.5 1825.0
1666.0 1745.5 1825.0
1666.0 1745.5 1825.0
1666.0 1745.5 1825.0
1666.0 1745.5 1825.0
1666.0 1745.5 1825.0
1666.0 1745.5 1825.0
1666.0 1745.5 1825.0
1666.0 1745.5 1825.0
1666.0 1745.5 1825.0
1666.0 1745.5 1825.0
1666.0 1745.5 1825.0
1666.0 1745.5 1825.0
1666.0 1745.5 1825.0
1666.0 1745.5 1825.0
1666.0 1745.5 1825.0
1666.0 1745.5 1825.0
1666.0 1745.5 1825.0
1666.0 1745.5 1825.0
1666.0 1745.5 1825.0
1666.0 1745.5 1825.0
1666.0 1745.5 1825.0
1666.0 1745.5 1825.0
1666.0 1745.5 1825.0
1666.0 1745.5 1825.0
1666.0 1745.5 1825.0
1666.0 1745.5 1825.0
1666.0 1745.5 1825.0
1666.0 1745.5 1825.0
1666.0 1745.5 1825.0
1666.0 1745.5 1825.0
1666.0 1745.5 1825.0
1666.0 1745.5 1825.0
1666.0 1745.5 1825.0
1666.0 1745.5 1825.0
1666.0 1745.5 1825.0
1666.0 1745.5 1825.0
1666.0 1745.5 1825.0
1666.0 1745.5 1825.0
1666.0 1745.5 1825.0
1666.0 1745.5 1825.0
1666.0 1745.5 1825.0
1666.0 1745.5 1825.0
1666.0 1745.5 1825.0
1666.0 1745.5 1825.0
1666.0 1745.5 1825.0
1666.0 1745.5 1825.0
1666.0 1745.5 1825.0
1666.0 1745.5 1825.0
1666.0 1745.5 1825.0
1666.0 1745.5 1825.0
1666.0 1745.5 1825.0
1666.0 1745.5 1825.0
1666.0 1745.5 1825.0
1666.0 1745.5 1825.0
1666.0 1745.5 1825.0
1666.0 1745.5 1825.0
1666.0 1745.5 1825.0
1666.0 1745.5 1825.0
1666.0 1745.5 1825.0
1491.0 1658.0 1825.0
1415.0 1620.0 1825.0
1415.0 1620.0 1825.0
1415.0 1620.0 1825.0
1415.0 1620.0 1825.0
1415.0 1620.0 1825.0
1415.0 1620.0 1825.0
1415.0 1620.0 1825.0
1415.0 1620.0 1825.0
1415.0 1620.0 1825.0
1415.0 1620.0 1825.0
1415.0 1620.0 1825.0
1415.0 1620.0 1825.0
1415.0 1620.0 1825.0
1415.0 1620.0 1825.0
1415.0 1620.0 1825.0
1415.0 1620.0 1825.0
1415.0 1620.0 1825.0
1415.0 1620.0 1825.0
1415.0 1620.0 1825.0
1415.0 1620.0 1825.0
1415.0 1620.0 1825.0
1415.0 1620.0 1825.0
1415.0 1620.0 1825.0
1415.0 1620.0 1825.0
1415.0 1620.0 1825.0
1415.0 1620.0 1825.0
1415.0 1620.0 1825.0
1415.0 1620.0 1825.0
1415.0 1620.0 1825.0
1415.0 1620.0 1825.0
1415.0 1620.0 1825.0
1415.0 1620.0 1825.0
1415.0 1620.0 1825.0
1415.0 1620.0 1825.0
1415.0 1620.0 1825.0
1415.0 1620.0 1825.0
1415.0 1620.0 1825.0
1415.0 1620.0 1825.0
1415.0 1620.0 1825.0
1415.0 1620.0 1825.0
1415.0 1620.0 1825.0
1415.0 1620.0 1825.0
1415.0 1620.0 1825.0
1415.0 1620.0 1825.0
