14615.0 15234.0 15853.0
12625.0 12768.5 12912.0
11653.0 12709.5 13766.0
8663.0 8816.5 8970.0
7535.0 7715.0 7895.0
4763.0 4871.5 4980.0
3235.0 3999.0 4763.0
2223.0 2729.0 3235.0
2223.0 2488.5 2754.0
2223.0 2488.5 2754.0
2223.0 2488.5 2754.0
2223.0 2488.5 2754.0
1461.0 1842.0 2223.0
1461.0 1842.0 2223.0
1461.0 1842.0 2223.0
1461.0 1842.0 2223.0
1461.0 1842.0 2223.0
1461.0 1824.5 2188.0
1461.0 1819.5 2178.0
1461.0 1722.5 1984.0
1461.0 1722.5 1984.0
1461.0 1722.5 1984.0
1461.0 1722.5 1984.0
1461.0 1722.5 1984.0
1461.0 1722.5 1984.0
1461.0 1722.5 1984.0
1461.0 1722.5 1984.0
1461.0 1722.5 1984.0
1461.0 1722.5 1984.0
1461.0 1722.5 1984.0
1461.0 1722.5 1984.0
1461.0 1722.5 1984.0
1461.0 1722.5 1984.0
1461.0 1722.5 1984.0
1461.0 1722.5 1984.0
1461.0 1722.5 1984.0
1461.0 1722.5 1984.0
1461.0 1722.5 1984.0
1461.0 1722.5 1984.0
1461.0 1722.5 1984.0
1461.0 1722.5 1984.0
1461.0 1722.5 1984.0
1461.0 1722.5 1984.0
1461.0 1722.5 1984.0
1461.0 1722.5 1984.0
1461.0 1722.5 1984.0
1461.0 1722.5 1984.0
1461.0 1722.5 1984.0
1461.0 1722.5 1984.0
1461.0 1722.5 1984.0
1461.0 1722.5 1984.0
1461.0 1722.5 1984.0
1461.0 1722.5 1984.0
1461.0 1722.5 1984.0
1461.0 1722.5 1984.0
1461.0 1722.5 1984.0
1461.0 1722.5 1984.0
1461.0 1722.5 1984.0
1461.0 1722.5 1984.0
1461.0 1722.5 1984.0
1461.0 1722.5 1984.0
1461.0 1722.5 1984.0
1461.0 1722.5 1984.0
1461.0 1722.5 1984.0
1461.0 1471.0 1481.0
1215.0 1338.0 1461.0
1215.0 1338.0 1461.0
1215.0 1338.0 1461.0
1215.0 1338.0 1461.0
1215.0 1338.0 1461.0
1215.0 1338.0 1461.0
1215.0 1338.0 1461.0
1215.0 1338.0 1461.0
1215.0 1338.0 1461.0
1215.0 1338.0 1461.0
1215.0 1338.0 1461.0
1215.0 1338.0 1461.0
1215.0 1338.0 1461.0
1215.0 1338.0 1461.0
1215.0 1338.0 1461.0
1215.0 1338.0 1461.0
1215.0 1338.0 1461.0
1215.0 1338.0 1461.0
1215.0 1338.0 1461.0
1215.0 1338.0 1461.0
1215.0 1338.0 1461.0
1215.0 1338.0 1461.0
1215.0 1338.0 1461.0
1215.0 1338.0 1461.0
1215.0 1338.0 1461.0
1215.0 1338.0 1461.0
1215.0 1338.0 1461.0
1215.0 1338.0 1461.0
1215.0 1338.0 1461.0
1215.0 1338.0 1461.0
1215.0 1338.0 1461.0
1215.0 1338.0 1461.0
1215.0 1338.0 1461.0
1215.0 1338.0 1461.0
1215.0 1338.0 1461.0
1215.0 1338.0 1461.0
1215.0 1338.0 1461.0
1215.0 1338.0 1461.0
1215.0 1338.0 1461.0
1215.0 1338.0 1461.0
1215.0 1338.0 1461.0
1215.0 1338.0 1461.0
1215.0 1338.0 1461.0
1215.0 1338.0 1461.0
1215.0 1338.0 1461.0
1215.0 1338.0 1461.0
1215.0 1338.0 1461.0
1215.0 1338.0 1461.0
1215.0 1338.0 1461.0
1215.0 1338.0 1461.0
1215.0 1338.0 1461.0
1215.0 1338.0 1461.0
1215.0 1338.0 1461.0
1215.0 1338.0 1461.0
1215.0 1338.0 1461.0
1215.0 1338.0 1461.0
1215.0 1338.0 1461.0
1215.0 1338.0 1461.0
1215.0 1338.0 1461.0
1215.0 1338.0 1461.0
1215.0 1338.0 1461.0
1215.0 1338.0 1461.0
1215.0 1338.0 1461.0
1215.0 1338.0 1461.0
1215.0 1338.0 1461.0
1215.0 1338.0 1461.0
1215.0 1338.0 1461.0
1215.0 1338.0 1461.0
1215.0 1338.0 1461.0
1215.0 1338.0 1461.0
1215.0 1338.0 1461.0
1215.0 1338.0 1461.0
1215.0 1338.0 1461.0
1215.0 1338.0 1461.0
1215.0 1338.0 1461.0
1215.0 1338.0 1461.0
1215.0 1338.0 1461.0
1215.0 1338.0 1461.0
1215.0 1338.0 1461.0
1215.0 1338.0 1461.0
1215.0 1338.0 1461.0
1215.0 1338.0 1461.0
1215.0 1338.0 1461.0
1215.0 1338.0 1461.0
1215.0 1338.0 1461.0
1215.0 1338.0 1461.0
1215.0 1338.0 1461.0
1215.0 1338.0 1461.0
1215.0 1338.0 1461.0
1215.0 1338.0 1461.0
1215.0 1338.0 1461.0
1215.0 1338.0 1461.0
1215.0 1338.0 1461.0
1215.0 1338.0 1461.0
1215.0 1338.0 1461.0
1215.0 1338.0 1461.0
1215.0 1338.0 1461.0
1215.0 1338.0 1461.0
1215.0 1338.0 1461.0
1215.0 1338.0 1461.0
1215.0 1338.0 1461.0
1215.0 1338.0 1461.0
1215.0 1338.0 1461.0
1215.0 1338.0 1461.0
1215.0 1338.0 1461.0
1215.0 1338.0 1461.0
1215.0 1338.0 1461.0
1215.0 1338.0 1461.0
1215.0 1338.0 1461.0
1215.0 1338.0 1461.0
1215.0 1338.0 1461.0
1215.0 1338.0 1461.0
1215.0 1338.0 1461.0
1215.0 1338.0 1461.0
1215.0 1338.0 1461.0
1215.0 1338.0 1461.0
1215.0 1338.0 1461.0
1215.0 1338.0 1461.0
1215.0 1338.0 1461.0
1215.0 1338.0 1461.0
1215.0 1338.0 1461.0
1215.0 1338.0 1461.0
1215.0 1338.0 1461.0
1215.0 1338.0 1461.0
1215.0 1338.0 1461.0
1215.0 1338.0 1461.0
1215.0 1338.0 1461.0
1215.0 1338.0 1461.0
1215.0 1338.0 1461.0
1215.0 1338.0 1461.0
1215.0 1338.0 1461.0
1215.0 1338.0 1461.0
1215.0 1338.0 1461.0
1215.0 1338.0 1461.0
1215.0 1338.0 1461.0
