14508.0 14837.5 15167.0
10837.0 11598.5 12360.0
9109.0 9475.0 9841.0
7882.0 8033.5 8185.0
4800.0 5379.0 5958.0
3770.0 4864.0 5958.0
3770.0 4864.0 5958.0
3770.0 4670.0 5570.0
2476.0 3169.0 3862.0
2476.0 2953.0 3430.0
2476.0 2953.0 3430.0
2476.0 2953.0 3430.0
2295.0 2385.5 2476.0
2295.0 2385.5 2476.0
2295.0 2385.5 2476.0
2295.0 2385.5 2476.0
2295.0 2461.5 2628.0
1940.0 2117.5 2295.0
1940.0 1989.0 2038.0
1940.0 1989.0 2038.0
1940.0 1989.0 2038.0
1940.0 1989.0 2038.0
1940.0 1989.0 2038.0
1940.0 1989.0 2038.0
1940.0 1989.0 2038.0
1940.0 1989.0 2038.0
2037.0 2037.5 2038.0
1520.0 1779.0 2038.0
1525.0 1781.5 2038.0
1525.0 1781.5 2038.0
1525.0 1781.5 2038.0
1525.0 1781.5 2038.0
1525.0 1781.5 2038.0
1525.0 1781.5 2038.0
1525.0 1781.5 2038.0
1525.0 1781.5 2038.0
1525.0 1781.5 2038.0
1525.0 1781.5 2038.0
1525.0 1781.5 2038.0
1525.0 1781.5 2038.0
1525.0 1781.5 2038.0
1525.0 1781.5 2038.0
1525.0 1781.5 2038.0
1525.0 1781.5 2038.0
1525.0 1781.5 2038.0
1525.0 1781.5 2038.0
1525.0 1781.5 2038.0
1525.0 1781.5 2038.0
1525.0 1781.5 2038.0
1525.0 1781.5 2038.0
1525.0 1781.5 2038.0
1525.0 1781.5 2038.0
1525.0 1781.5 2038.0
1525.0 1781.5 2038.0
1525.0 1781.5 2038.0
1525.0 1781.5 2038.0
1525.0 1781.5 2038.0
1525.0 1781.5 2038.0
1525.0 1781.5 2038.0
1525.0 1781.5 2038.0
1525.0 1781.5 2038.0
1525.0 1781.5 2038.0
1525.0 1781.5 2038.0
1525.0 1781.5 2038.0
1525.0 1781.5 2038.0
1525.0 1781.5 2038.0
1525.0 1781.5 2038.0
1525.0 1781.5 2038.0
1525.0 1781.5 2038.0
1525.0 1781.5 2038.0
1525.0 1781.5 2038.0
1525.0 1781.5 2038.0
1525.0 1715.0 1905.0
1525.0 1715.0 1905.0
1525.0 1715.0 1905.0
1525.0 1715.0 1905.0
1525.0 1715.0 1905.0
1525.0 1715.0 1905.0
1525.0 1715.0 1905.0
1525.0 1715.0 1905.0
1525.0 1715.0 1905.0
1525.0 1715.0 1905.0
1525.0 1674.5 1824.0
1525.0 1674.5 1824.0
1525.0 1729.0 1933.0
1525.0 1729.0 1933.0
1525.0 1729.0 1933.0
1525.0 1729.0 1933.0
1525.0 1729.0 1933.0
1525.0 1729.0 1933.0
1525.0 1729.0 1933.0
1525.0 1729.0 1933.0
1525.0 1729.0 1933.0
1525.0 1729.0 1933.0
1525.0 1729.0 1933.0
1525.0 1729.0 1933.0
1525.0 1729.0 1933.0
1525.0 1729.0 1933.0
1525.0 1729.0 1933.0
1525.0 1729.0 1933.0
1525.0 1729.0 1933.0
1525.0 1729.0 1933.0
1525.0 1729.0 1933.0
1525.0 1729.0 1933.0
1525.0 1729.0 1933.0
1525.0 1729.0 1933.0
1525.0 1729.0 1933.0
1525.0 1729.0 1933.0
1525.0 1729.0 1933.0
1525.0 1729.0 1933.0
1525.0 1729.0 1933.0
1525.0 1729.0 1933.0
1525.0 1729.0 1933.0
1525.0 1729.0 1933.0
1525.0 1729.0 1933.0
1525.0 1729.0 1933.0
1525.0 1729.0 1933.0
1525.0 1729.0 1933.0
1525.0 1729.0 1933.0
1525.0 1729.0 1933.0
1525.0 1729.0 1933.0
1525.0 1729.0 1933.0
1525.0 1729.0 1933.0
1525.0 1729.0 1933.0
1525.0 1729.0 1933.0
1525.0 1729.0 1933.0
1525.0 1729.0 1933.0
1525.0 1729.0 1933.0
1525.0 1729.0 1933.0
1525.0 1729.0 1933.0
1525.0 1729.0 1933.0
1525.0 1729.0 1933.0
1525.0 1729.0 1933.0
1525.0 1729.0 1933.0
1525.0 1729.0 1933.0
1525.0 1729.0 1933.0
1525.0 1729.0 1933.0
1525.0 1729.0 1933.0
1525.0 1729.0 1933.0
1525.0 1729.0 1933.0
1525.0 1729.0 1933.0
1525.0 1729.0 1933.0
1525.0 1729.0 1933.0
1525.0 1729.0 1933.0
1525.0 1729.0 1933.0
1525.0 1729.0 1933.0
1525.0 1729.0 1933.0
1525.0 1729.0 1933.0
1525.0 1729.0 1933.0
1525.0 1729.0 1933.0
1525.0 1729.0 1933.0
1525.0 1729.0 1933.0
1525.0 1729.0 1933.0
1525.0 1729.0 1933.0
1525.0 1729.0 1933.0
1525.0 1729.0 1933.0
1525.0 1729.0 1933.0
1525.0 1729.0 1933.0
1525.0 1729.0 1933.0
1525.0 1729.0 1933.0
1525.0 1729.0 1933.0
1525.0 1729.0 1933.0
1525.0 1729.0 1933.0
1525.0 1729.0 1933.0
1525.0 1729.0 1933.0
1525.0 1729.0 1933.0
1525.0 1729.0 1933.0
1525.0 1729.0 1933.0
1525.0 1729.0 1933.0
1525.0 1729.0 1933.0
1525.0 1729.0 1933.0
1525.0 1729.0 1933.0
1525.0 1729.0 1933.0
1525.0 1729.0 1933.0
1525.0 1729.0 1933.0
1525.0 1729.0 1933.0
1525.0 1729.0 1933.0
1525.0 1729.0 1933.0
1525.0 1729.0 1933.0
1525.0 1729.0 1933.0
1525.0 1729.0 1933.0
1525.0 1729.0 1933.0
1525.0 1729.0 1933.0
1525.0 1729.0 1933.0
1525.0 1729.0 1933.0
1525.0 1729.0 1933.0
1525.0 1729.0 1933.0
1525.0 1729.0 1933.0
1525.0 1729.0 1933.0
1525.0 1729.0 1933.0
1525.0 1729.0 1933.0
1525.0 1729.0 1933.0
1241.0 1587.0 1933.0
1241.0 1587.0 1933.0
1241.0 1587.0 1933.0
1241.0 1587.0 1933.0
1241.0 1587.0 1933.0
1241.0 1587.0 1933.0
1241.0 1587.0 1933.0
1241.0 1587.0 1933.0
