16467.0 17218.5 17970.0
13637.0 15133.0 16629.0
11836.0 12401.0 12966.0
10901.0 11519.0 12137.0
10139.0 10210.0 10281.0
7496.0 7759.5 8023.0
4823.0 6343.0 7863.0
3426.0 4690.0 5954.0
3426.0 3869.0 4312.0
4352.0 4435.0 4518.0
2444.0 3481.0 4518.0
2444.0 2898.0 3352.0
2249.0 2346.5 2444.0
2249.0 2346.5 2444.0
2249.0 2346.5 2444.0
2249.0 2346.5 2444.0
2249.0 2346.5 2444.0
2249.0 2346.5 2444.0
1857.0 2150.5 2444.0
1857.0 2150.5 2444.0
1857.0 1912.0 1967.0
1857.0 1912.0 1967.0
1857.0 1912.0 1967.0
1857.0 1912.0 1967.0
1857.0 1912.0 1967.0
1857.0 1912.0 1967.0
1857.0 1912.0 1967.0
1857.0 1912.0 1967.0
1857.0 1912.0 1967.0
1857.0 1912.0 1967.0
1857.0 1912.0 1967.0
1857.0 1912.0 1967.0
1857.0 1912.0 1967.0
1857.0 1912.0 1967.0
1857.0 1912.0 1967.0
1857.0 1912.0 1967.0
1857.0 1912.0 1967.0
1857.0 1912.0 1967.0
1857.0 1912.0 1967.0
1857.0 1912.0 1967.0
1643.0 1805.0 1967.0
1643.0 1805.0 1967.0
1643.0 1805.0 1967.0
1643.0 1805.0 1967.0
1643.0 1805.0 1967.0
1643.0 1805.0 1967.0
1643.0 1805.0 1967.0
1643.0 1805.0 1967.0
1643.0 1805.0 1967.0
1643.0 1805.0 1967.0
1643.0 1805.0 1967.0
1643.0 1805.0 1967.0
1643.0 1805.0 1967.0
1643.0 1805.0 1967.0
1643.0 1805.0 1967.0
1643.0 1805.0 1967.0
1643.0 1805.0 1967.0
1643.0 1805.0 1967.0
1643.0 1805.0 1967.0
1643.0 1805.0 1967.0
1643.0 1805.0 1967.0
1643.0 1805.0 1967.0
1643.0 1805.0 1967.0
1643.0 1805.0 1967.0
1643.0 1805.0 1967.0
1643.0 1805.0 1967.0
1643.0 1805.0 1967.0
1643.0 1805.0 1967.0
1643.0 1805.0 1967.0
1636.0 1639.5 1643.0
1169.0 1406.0 1643.0
1169.0 1406.0 1643.0
1169.0 1406.0 1643.0
1169.0 1406.0 1643.0
1169.0 1406.0 1643.0
1169.0 1406.0 1643.0
1169.0 1406.0 1643.0
1169.0 1406.0 1643.0
1169.0 1406.0 1643.0
1169.0 1406.0 1643.0
1169.0 1406.0 1643.0
1169.0 1406.0 1643.0
1169.0 1406.0 1643.0
1169.0 1406.0 1643.0
1169.0 1406.0 1643.0
1169.0 1406.0 1643.0
1169.0 1406.0 1643.0
1169.0 1406.0 1643.0
1169.0 1406.0 1643.0
1169.0 1406.0 1643.0
1169.0 1406.0 1643.0
1169.0 1406.0 1643.0
1169.0 1406.0 1643.0
1169.0 1406.0 1643.0
1169.0 1406.0 1643.0
1169.0 1406.0 1643.0
1169.0 1406.0 1643.0
1169.0 1406.0 1643.0
1169.0 1406.0 1643.0
1169.0 1406.0 1643.0
1169.0 1406.0 1643.0
1169.0 1406.0 1643.0
1169.0 1406.0 1643.0
1169.0 1406.0 1643.0
1169.0 1406.0 1643.0
1169.0 1406.0 1643.0
1169.0 1406.0 1643.0
1169.0 1406.0 1643.0
1169.0 1406.0 1643.0
1169.0 1406.0 1643.0
1169.0 1406.0 1643.0
1169.0 1406.0 1643.0
1169.0 1406.0 1643.0
1169.0 1406.0 1643.0
1169.0 1406.0 1643.0
1169.0 1406.0 1643.0
1169.0 1406.0 1643.0
1169.0 1406.0 1643.0
1169.0 1406.0 1643.0
1169.0 1406.0 1643.0
1169.0 1406.0 1643.0
1169.0 1406.0 1643.0
1169.0 1406.0 1643.0
1169.0 1406.0 1643.0
1169.0 1406.0 1643.0
1169.0 1406.0 1643.0
1169.0 1406.0 1643.0
1169.0 1406.0 1643.0
1169.0 1406.0 1643.0
1169.0 1406.0 1643.0
1169.0 1406.0 1643.0
1169.0 1406.0 1643.0
1169.0 1406.0 1643.0
1169.0 1406.0 1643.0
1169.0 1406.0 1643.0
1169.0 1406.0 1643.0
1169.0 1406.0 1643.0
1169.0 1406.0 1643.0
1169.0 1406.0 1643.0
1169.0 1406.0 1643.0
1169.0 1406.0 1643.0
1169.0 1406.0 1643.0
1169.0 1406.0 1643.0
1169.0 1406.0 1643.0
1169.0 1406.0 1643.0
1169.0 1406.0 1643.0
1169.0 1406.0 1643.0
1169.0 1406.0 1643.0
1169.0 1406.0 1643.0
1169.0 1406.0 1643.0
1169.0 1406.0 1643.0
1169.0 1406.0 1643.0
1169.0 1406.0 1643.0
1169.0 1406.0 1643.0
1169.0 1406.0 1643.0
1169.0 1406.0 1643.0
1169.0 1406.0 1643.0
1169.0 1406.0 1643.0
1169.0 1406.0 1643.0
1169.0 1406.0 1643.0
1169.0 1406.0 1643.0
1169.0 1406.0 1643.0
1169.0 1406.0 1643.0
1169.0 1406.0 1643.0
1169.0 1406.0 1643.0
1169.0 1406.0 1643.0
1169.0 1406.0 1643.0
1169.0 1406.0 1643.0
1169.0 1406.0 1643.0
1169.0 1406.0 1643.0
1169.0 1406.0 1643.0
1169.0 1406.0 1643.0
1169.0 1406.0 1643.0
1169.0 1406.0 1643.0
1169.0 1406.0 1643.0
1169.0 1406.0 1643.0
1169.0 1406.0 1643.0
1169.0 1406.0 1643.0
1169.0 1406.0 1643.0
1169.0 1406.0 1643.0
1169.0 1406.0 1643.0
1169.0 1406.0 1643.0
1169.0 1406.0 1643.0
1169.0 1406.0 1643.0
1169.0 1406.0 1643.0
1169.0 1406.0 1643.0
1169.0 1406.0 1643.0
1169.0 1406.0 1643.0
1169.0 1406.0 1643.0
1169.0 1406.0 1643.0
1169.0 1406.0 1643.0
1169.0 1406.0 1643.0
1169.0 1406.0 1643.0
1169.0 1406.0 1643.0
1169.0 1406.0 1643.0
1169.0 1406.0 1643.0
1169.0 1406.0 1643.0
1169.0 1406.0 1643.0
1169.0 1406.0 1643.0
1169.0 1406.0 1643.0
