10372.0 11275.5 12179.0
7326.0 9249.0 11172.0
7130.0 7152.5 7175.0
4824.0 5977.0 7130.0
3511.0 4077.0 4643.0
3393.0 4014.0 4635.0
2650.0 2736.5 2823.0
2248.0 2471.0 2694.0
1673.0 1865.5 2058.0
1673.0 1875.0 2077.0
1673.0 1772.0 1871.0
1673.0 1676.0 1679.0
1673.0 1676.0 1679.0
1220.0 1446.5 1673.0
1220.0 1446.5 1673.0
1305.0 1489.0 1673.0
1262.0 1467.5 1673.0
1172.0 1422.5 1673.0
1172.0 1422.5 1673.0
1172.0 1422.5 1673.0
1172.0 1422.5 1673.0
1172.0 1422.5 1673.0
1172.0 1422.5 1673.0
1172.0 1422.5 1673.0
1172.0 1422.5 1673.0
1172.0 1422.5 1673.0
1172.0 1422.5 1673.0
1172.0 1422.5 1673.0
1172.0 1422.5 1673.0
1172.0 1422.5 1673.0
1172.0 1422.5 1673.0
1172.0 1422.5 1673.0
1172.0 1422.5 1673.0
1172.0 1422.5 1673.0
1172.0 1422.5 1673.0
1172.0 1422.5 1673.0
1172.0 1422.5 1673.0
1172.0 1422.5 1673.0
1172.0 1422.5 1673.0
1172.0 1422.5 1673.0
1172.0 1422.5 1673.0
1172.0 1422.5 1673.0
1172.0 1496.5 1821.0
1052.0 1112.0 1172.0
1014.0 1093.0 1172.0
1014.0 1093.0 1172.0
1014.0 1093.0 1172.0
1014.0 1093.0 1172.0
1014.0 1093.0 1172.0
1014.0 1093.0 1172.0
1014.0 1093.0 1172.0
1014.0 1093.0 1172.0
1014.0 1093.0 1172.0
1014.0 1093.0 1172.0
1014.0 1093.0 1172.0
1014.0 1093.0 1172.0
1014.0 1093.0 1172.0
1014.0 1093.0 1172.0
1014.0 1093.0 1172.0
1014.0 1093.0 1172.0
1014.0 1093.0 1172.0
1014.0 1093.0 1172.0
1014.0 1093.0 1172.0
1014.0 1093.0 1172.0
1014.0 1093.0 1172.0
1014.0 1093.0 1172.0
1014.0 1093.0 1172.0
1014.0 1093.0 1172.0
1014.0 1093.0 1172.0
1014.0 1093.0 1172.0
1014.0 1093.0 1172.0
1014.0 1093.0 1172.0
1014.0 1093.0 1172.0
1014.0 1093.0 1172.0
1014.0 1093.0 1172.0
1014.0 1093.0 1172.0
1014.0 1093.0 1172.0
1014.0 1093.0 1172.0
1014.0 1093.0 1172.0
1014.0 1093.0 1172.0
1014.0 1093.0 1172.0
1014.0 1093.0 1172.0
1014.0 1093.0 1172.0
1014.0 1093.0 1172.0
1014.0 1093.0 1172.0
1014.0 1093.0 1172.0
1014.0 1093.0 1172.0
1014.0 1093.0 1172.0
1014.0 1093.0 1172.0
1014.0 1093.0 1172.0
1014.0 1093.0 1172.0
1014.0 1093.0 1172.0
1014.0 1093.0 1172.0
1014.0 1093.0 1172.0
1014.0 1093.0 1172.0
1014.0 1093.0 1172.0
1014.0 1093.0 1172.0
1014.0 1093.0 1172.0
1014.0 1093.0 1172.0
1014.0 1093.0 1172.0
1014.0 1093.0 1172.0
1014.0 1093.0 1172.0
1014.0 1093.0 1172.0
1014.0 1093.0 1172.0
1014.0 1093.0 1172.0
1014.0 1093.0 1172.0
1014.0 1093.0 1172.0
1014.0 1093.0 1172.0
1014.0 1093.0 1172.0
1014.0 1093.0 1172.0
1014.0 1093.0 1172.0
1014.0 1093.0 1172.0
1014.0 1093.0 1172.0
1014.0 1093.0 1172.0
1014.0 1093.0 1172.0
1014.0 1093.0 1172.0
1014.0 1093.0 1172.0
1014.0 1093.0 1172.0
1014.0 1093.0 1172.0
1014.0 1093.0 1172.0
1014.0 1093.0 1172.0
1014.0 1093.0 1172.0
1014.0 1093.0 1172.0
1014.0 1093.0 1172.0
1014.0 1093.0 1172.0
1014.0 1093.0 1172.0
1014.0 1093.0 1172.0
1014.0 1093.0 1172.0
1014.0 1093.0 1172.0
1014.0 1093.0 1172.0
1014.0 1093.0 1172.0
1014.0 1093.0 1172.0
1014.0 1093.0 1172.0
1014.0 1093.0 1172.0
1014.0 1093.0 1172.0
1014.0 1093.0 1172.0
1014.0 1093.0 1172.0
1014.0 1093.0 1172.0
1014.0 1093.0 1172.0
1014.0 1093.0 1172.0
1014.0 1093.0 1172.0
1014.0 1093.0 1172.0
1014.0 1093.0 1172.0
1014.0 1093.0 1172.0
1014.0 1093.0 1172.0
1014.0 1093.0 1172.0
1014.0 1093.0 1172.0
1014.0 1093.0 1172.0
1014.0 1093.0 1172.0
1014.0 1093.0 1172.0
1014.0 1093.0 1172.0
1014.0 1093.0 1172.0
1014.0 1093.0 1172.0
1014.0 1093.0 1172.0
1014.0 1093.0 1172.0
1014.0 1093.0 1172.0
1014.0 1093.0 1172.0
1014.0 1093.0 1172.0
1014.0 1093.0 1172.0
1014.0 1093.0 1172.0
1014.0 1093.0 1172.0
1014.0 1093.0 1172.0
1014.0 1093.0 1172.0
1014.0 1093.0 1172.0
1014.0 1093.0 1172.0
1014.0 1093.0 1172.0
1014.0 1093.0 1172.0
1014.0 1093.0 1172.0
1014.0 1093.0 1172.0
1014.0 1093.0 1172.0
1014.0 1093.0 1172.0
1014.0 1093.0 1172.0
1014.0 1093.0 1172.0
1014.0 1093.0 1172.0
1014.0 1093.0 1172.0
1014.0 1093.0 1172.0
1014.0 1093.0 1172.0
1014.0 1093.0 1172.0
1014.0 1093.0 1172.0
1014.0 1093.0 1172.0
1014.0 1093.0 1172.0
1014.0 1093.0 1172.0
1014.0 1093.0 1172.0
1014.0 1093.0 1172.0
1014.0 1093.0 1172.0
1014.0 1093.0 1172.0
1014.0 1093.0 1172.0
1014.0 1093.0 1172.0
1014.0 1093.0 1172.0
1014.0 1093.0 1172.0
1014.0 1093.0 1172.0
1014.0 1093.0 1172.0
1014.0 1093.0 1172.0
1014.0 1093.0 1172.0
1014.0 1093.0 1172.0
1014.0 1093.0 1172.0
1014.0 1093.0 1172.0
1014.0 1093.0 1172.0
1014.0 1093.0 1172.0
1014.0 1093.0 1172.0
