12171.0 12895.0 13619.0
10774.0 11679.0 12584.0
8824.0 9592.5 10361.0
6464.0 7778.5 9093.0
6025.0 6522.5 7020.0
5030.0 5194.5 5359.0
4609.0 4893.5 5178.0
2384.0 3496.5 4609.0
2384.0 3163.0 3942.0
2022.0 2170.5 2319.0
1949.0 2134.0 2319.0
1949.0 2134.0 2319.0
1949.0 2134.0 2319.0
1949.0 2134.0 2319.0
1949.0 2134.0 2319.0
1949.0 2134.0 2319.0
1949.0 2134.0 2319.0
1949.0 2134.0 2319.0
1949.0 2134.0 2319.0
1949.0 2134.0 2319.0
1949.0 2134.0 2319.0
1265.0 1555.0 1845.0
1265.0 1555.0 1845.0
1265.0 1555.0 1845.0
1265.0 1555.0 1845.0
1265.0 1555.0 1845.0
1265.0 1555.0 1845.0
1265.0 1555.0 1845.0
1265.0 1555.0 1845.0
1265.0 1555.0 1845.0
1265.0 1555.0 1845.0
1265.0 1555.0 1845.0
1265.0 1555.0 1845.0
1265.0 1555.0 1845.0
1265.0 1555.0 1845.0
1265.0 1555.0 1845.0
1265.0 1555.0 1845.0
1265.0 1555.0 1845.0
1265.0 1555.0 1845.0
1265.0 1555.0 1845.0
1265.0 1555.0 1845.0
1265.0 1555.0 1845.0
1265.0 1555.0 1845.0
1265.0 1555.0 1845.0
1265.0 1555.0 1845.0
1265.0 1555.0 1845.0
1265.0 1555.0 1845.0
1265.0 1555.0 1845.0
1265.0 1555.0 1845.0
1265.0 1555.0 1845.0
1265.0 1555.0 1845.0
1265.0 1555.0 1845.0
1265.0 1555.0 1845.0
1265.0 1555.0 1845.0
1265.0 1555.0 1845.0
1265.0 1555.0 1845.0
1265.0 1555.0 1845.0
1265.0 1555.0 1845.0
1265.0 1555.0 1845.0
1265.0 1555.0 1845.0
1265.0 1555.0 1845.0
1265.0 1555.0 1845.0
1265.0 1555.0 1845.0
1265.0 1555.0 1845.0
1265.0 1555.0 1845.0
1265.0 1555.0 1845.0
1265.0 1555.0 1845.0
1265.0 1555.0 1845.0
1265.0 1555.0 1845.0
1265.0 1555.0 1845.0
1265.0 1555.0 1845.0
1265.0 1555.0 1845.0
1265.0 1555.0 1845.0
1265.0 1555.0 1845.0
1265.0 1555.0 1845.0
1265.0 1555.0 1845.0
1265.0 1555.0 1845.0
1265.0 1555.0 1845.0
1265.0 1555.0 1845.0
1265.0 1555.0 1845.0
1265.0 1555.0 1845.0
1265.0 1555.0 1845.0
1265.0 1555.0 1845.0
1265.0 1555.0 1845.0
1265.0 1555.0 1845.0
1265.0 1555.0 1845.0
1265.0 1555.0 1845.0
1265.0 1555.0 1845.0
1265.0 1555.0 1845.0
1265.0 1555.0 1845.0
1265.0 1555.0 1845.0
1265.0 1555.0 1845.0
1265.0 1555.0 1845.0
1265.0 1555.0 1845.0
1265.0 1555.0 1845.0
1265.0 1555.0 1845.0
1265.0 1555.0 1845.0
1265.0 1555.0 1845.0
1265.0 1555.0 1845.0
1265.0 1555.0 1845.0
1265.0 1555.0 1845.0
1265.0 1555.0 1845.0
1265.0 1555.0 1845.0
1265.0 1555.0 1845.0
1265.0 1555.0 1845.0
1265.0 1555.0 1845.0
1265.0 1555.0 1845.0
1265.0 1555.0 1845.0
1265.0 1555.0 1845.0
1265.0 1555.0 1845.0
1265.0 1555.0 1845.0
1265.0 1555.0 1845.0
1265.0 1555.0 1845.0
1265.0 1555.0 1845.0
1265.0 1555.0 1845.0
1265.0 1555.0 1845.0
1265.0 1555.0 1845.0
1265.0 1555.0 1845.0
1265.0 1555.0 1845.0
1265.0 1555.0 1845.0
1265.0 1555.0 1845.0
1265.0 1555.0 1845.0
1265.0 1555.0 1845.0
1265.0 1555.0 1845.0
1265.0 1555.0 1845.0
1265.0 1555.0 1845.0
1265.0 1555.0 1845.0
1265.0 1555.0 1845.0
1265.0 1555.0 1845.0
1265.0 1555.0 1845.0
1265.0 1555.0 1845.0
1265.0 1555.0 1845.0
1265.0 1555.0 1845.0
1265.0 1555.0 1845.0
1265.0 1555.0 1845.0
1265.0 1555.0 1845.0
1265.0 1555.0 1845.0
1265.0 1555.0 1845.0
1265.0 1555.0 1845.0
1265.0 1555.0 1845.0
1265.0 1555.0 1845.0
1265.0 1353.5 1442.0
1265.0 1353.5 1442.0
1265.0 1353.5 1442.0
1265.0 1353.5 1442.0
1265.0 1353.5 1442.0
1265.0 1353.5 1442.0
1265.0 1353.5 1442.0
1265.0 1353.5 1442.0
1265.0 1353.5 1442.0
1265.0 1353.5 1442.0
1265.0 1353.5 1442.0
1265.0 1353.5 1442.0
1265.0 1353.5 1442.0
1265.0 1353.5 1442.0
1265.0 1353.5 1442.0
1265.0 1353.5 1442.0
1265.0 1353.5 1442.0
1265.0 1353.5 1442.0
1265.0 1353.5 1442.0
1265.0 1353.5 1442.0
1265.0 1353.5 1442.0
1265.0 1353.5 1442.0
1265.0 1353.5 1442.0
1265.0 1353.5 1442.0
1265.0 1353.5 1442.0
1265.0 1353.5 1442.0
1265.0 1353.5 1442.0
1265.0 1353.5 1442.0
1265.0 1353.5 1442.0
1265.0 1353.5 1442.0
1265.0 1353.5 1442.0
1265.0 1353.5 1442.0
1265.0 1353.5 1442.0
1265.0 1353.5 1442.0
1265.0 1353.5 1442.0
1265.0 1353.5 1442.0
1265.0 1353.5 1442.0
1265.0 1353.5 1442.0
1265.0 1353.5 1442.0
1265.0 1353.5 1442.0
1265.0 1353.5 1442.0
1265.0 1353.5 1442.0
1265.0 1353.5 1442.0
1265.0 1353.5 1442.0
1265.0 1353.5 1442.0
1265.0 1353.5 1442.0
1265.0 1353.5 1442.0
1265.0 1353.5 1442.0
1265.0 1353.5 1442.0
1265.0 1353.5 1442.0
1265.0 1353.5 1442.0
1265.0 1353.5 1442.0
1265.0 1353.5 1442.0
1265.0 1353.5 1442.0
1265.0 1353.5 1442.0
1265.0 1353.5 1442.0
1265.0 1353.5 1442.0
1265.0 1353.5 1442.0
1265.0 1353.5 1442.0
