16543.0 17268.0 17993.0
14793.0 15259.0 15725.0
11336.0 12573.0 13810.0
8058.0 8999.5 9941.0
7674.0 8668.0 9662.0
6322.0 7621.0 8920.0
6010.0 6129.0 6248.0
5557.0 5722.5 5888.0
5477.0 5517.0 5557.0
4960.0 5218.5 5477.0
4545.0 4652.0 4759.0
3155.0 3957.0 4759.0
3021.0 3088.0 3155.0
2521.0 2596.0 2671.0
2521.0 2596.0 2671.0
2671.0 2767.0 2863.0
1378.0 1835.5 2293.0
1378.0 1835.5 2293.0
1378.0 1835.5 2293.0
1378.0 1835.5 2293.0
1378.0 1835.5 2293.0
1378.0 1835.5 2293.0
1378.0 1835.5 2293.0
1378.0 1835.5 2293.0
1378.0 1835.5 2293.0
1378.0 1835.5 2293.0
1378.0 1835.5 2293.0
1378.0 1835.5 2293.0
1378.0 1835.5 2293.0
1378.0 1835.5 2293.0
1378.0 1835.5 2293.0
1378.0 1835.5 2293.0
1378.0 1835.5 2293.0
1378.0 1835.5 2293.0
1378.0 1835.5 2293.0
1378.0 1835.5 2293.0
1378.0 1835.5 2293.0
1378.0 1835.5 2293.0
1378.0 1835.5 2293.0
1378.0 1835.5 2293.0
1378.0 1835.5 2293.0
1378.0 1835.5 2293.0
1378.0 1835.5 2293.0
1378.0 1835.5 2293.0
1378.0 1835.5 2293.0
1378.0 1835.5 2293.0
1378.0 1835.5 2293.0
1378.0 1835.5 2293.0
1378.0 1835.5 2293.0
1378.0 1835.5 2293.0
1378.0 1835.5 2293.0
1378.0 1835.5 2293.0
1378.0 1835.5 2293.0
1378.0 1835.5 2293.0
1378.0 1835.5 2293.0
1378.0 1835.5 2293.0
1378.0 1835.5 2293.0
1378.0 1835.5 2293.0
1378.0 1835.5 2293.0
1378.0 1835.5 2293.0
1378.0 1835.5 2293.0
1378.0 1835.5 2293.0
1378.0 1835.5 2293.0
1378.0 1835.5 2293.0
1378.0 1835.5 2293.0
1378.0 1835.5 2293.0
1378.0 1835.5 2293.0
1378.0 1835.5 2293.0
1378.0 1835.5 2293.0
1378.0 1835.5 2293.0
1378.0 1835.5 2293.0
1378.0 1835.5 2293.0
1378.0 1835.5 2293.0
1378.0 1835.5 2293.0
1378.0 1835.5 2293.0
1378.0 1835.5 2293.0
1378.0 1835.5 2293.0
1378.0 1835.5 2293.0
1378.0 1835.5 2293.0
1378.0 1835.5 2293.0
1378.0 1835.5 2293.0
1378.0 1835.5 2293.0
1378.0 1835.5 2293.0
1378.0 1835.5 2293.0
1378.0 1835.5 2293.0
1378.0 1835.5 2293.0
1378.0 1835.5 2293.0
1378.0 1835.5 2293.0
1378.0 1835.5 2293.0
1378.0 1835.5 2293.0
1378.0 1835.5 2293.0
1378.0 1835.5 2293.0
1378.0 1835.5 2293.0
1378.0 1835.5 2293.0
1378.0 1835.5 2293.0
1378.0 1835.5 2293.0
1378.0 1835.5 2293.0
1378.0 1835.5 2293.0
1378.0 1835.5 2293.0
1378.0 1835.5 2293.0
1378.0 1835.5 2293.0
1378.0 1835.5 2293.0
1378.0 1835.5 2293.0
1378.0 1835.5 2293.0
1378.0 1835.5 2293.0
1378.0 1982.5 2587.0
1286.0 1332.0 1378.0
1286.0 1332.0 1378.0
1286.0 1332.0 1378.0
1286.0 1332.0 1378.0
1286.0 1332.0 1378.0
1286.0 1332.0 1378.0
1286.0 1332.0 1378.0
1286.0 1332.0 1378.0
1286.0 1332.0 1378.0
1286.0 1332.0 1378.0
1286.0 1332.0 1378.0
1286.0 1332.0 1378.0
1286.0 1332.0 1378.0
1286.0 1332.0 1378.0
1286.0 1332.0 1378.0
1286.0 1332.0 1378.0
1286.0 1332.0 1378.0
1286.0 1332.0 1378.0
1286.0 1332.0 1378.0
1286.0 1332.0 1378.0
1286.0 1332.0 1378.0
1286.0 1332.0 1378.0
1286.0 1332.0 1378.0
1286.0 1332.0 1378.0
1286.0 1332.0 1378.0
1286.0 1332.0 1378.0
1286.0 1332.0 1378.0
1286.0 1332.0 1378.0
1286.0 1332.0 1378.0
1286.0 1332.0 1378.0
1286.0 1332.0 1378.0
1286.0 1332.0 1378.0
1286.0 1332.0 1378.0
1286.0 1332.0 1378.0
1286.0 1332.0 1378.0
1286.0 1332.0 1378.0
1286.0 1332.0 1378.0
1286.0 1332.0 1378.0
1286.0 1332.0 1378.0
1286.0 1332.0 1378.0
1286.0 1332.0 1378.0
1286.0 1332.0 1378.0
1286.0 1332.0 1378.0
1286.0 1332.0 1378.0
1286.0 1332.0 1378.0
1286.0 1332.0 1378.0
1286.0 1332.0 1378.0
1286.0 1332.0 1378.0
1286.0 1332.0 1378.0
1286.0 1332.0 1378.0
1286.0 1332.0 1378.0
1286.0 1332.0 1378.0
1286.0 1332.0 1378.0
1286.0 1332.0 1378.0
1286.0 1332.0 1378.0
1286.0 1332.0 1378.0
1286.0 1332.0 1378.0
1286.0 1332.0 1378.0
1286.0 1332.0 1378.0
1286.0 1332.0 1378.0
1286.0 1332.0 1378.0
1286.0 1332.0 1378.0
1286.0 1332.0 1378.0
1286.0 1332.0 1378.0
1286.0 1332.0 1378.0
1286.0 1332.0 1378.0
1286.0 1332.0 1378.0
1286.0 1332.0 1378.0
1286.0 1332.0 1378.0
1286.0 1332.0 1378.0
1286.0 1332.0 1378.0
1286.0 1332.0 1378.0
1286.0 1332.0 1378.0
1286.0 1332.0 1378.0
1286.0 1332.0 1378.0
1286.0 1332.0 1378.0
1286.0 1332.0 1378.0
1286.0 1332.0 1378.0
1286.0 1332.0 1378.0
1286.0 1332.0 1378.0
1286.0 1332.0 1378.0
1286.0 1332.0 1378.0
1286.0 1332.0 1378.0
1286.0 1332.0 1378.0
1286.0 1332.0 1378.0
1286.0 1332.0 1378.0
1286.0 1332.0 1378.0
1286.0 1332.0 1378.0
1286.0 1332.0 1378.0
1286.0 1332.0 1378.0
1286.0 1332.0 1378.0
1286.0 1332.0 1378.0
1286.0 1332.0 1378.0
1286.0 1332.0 1378.0
