11835.0 13086.0 14337.0
8766.0 9607.0 10448.0
8145.0 9429.5 10714.0
6510.0 7822.0 9134.0
5613.0 5969.5 6326.0
4386.0 4999.5 5613.0
3483.0 4233.5 4984.0
3349.0 3462.0 3575.0
2640.0 3107.5 3575.0
2640.0 2671.5 2703.0
2640.0 2671.5 2703.0
2050.0 2345.0 2640.0
2050.0 2215.0 2380.0
1763.0 1999.5 2236.0
1920.0 2078.0 2236.0
1920.0 2078.0 2236.0
1920.0 2078.0 2236.0
1920.0 2078.0 2236.0
1920.0 2078.0 2236.0
1920.0 2078.0 2236.0
1920.0 2078.0 2236.0
1920.0 2078.0 2236.0
1920.0 2078.0 2236.0
1920.0 2078.0 2236.0
1920.0 2078.0 2236.0
1920.0 2078.0 2236.0
1920.0 2078.0 2236.0
1920.0 2078.0 2236.0
1920.0 2078.0 2236.0
1920.0 2078.0 2236.0
1920.0 2078.0 2236.0
1920.0 2078.0 2236.0
1920.0 2078.0 2236.0
1920.0 2078.0 2236.0
1920.0 2078.0 2236.0
1920.0 2078.0 2236.0
1920.0 2078.0 2236.0
1920.0 2078.0 2236.0
1920.0 2078.0 2236.0
1920.0 2078.0 2236.0
1920.0 2078.0 2236.0
1036.0 1636.0 2236.0
1036.0 1636.0 2236.0
1036.0 1636.0 2236.0
1036.0 1636.0 2236.0
1036.0 1636.0 2236.0
1036.0 1636.0 2236.0
1036.0 1636.0 2236.0
1036.0 1636.0 2236.0
1036.0 1636.0 2236.0
1036.0 1303.5 1571.0
1036.0 1386.0 1736.0
1036.0 1386.0 1736.0
1036.0 1386.0 1736.0
1036.0 1386.0 1736.0
1036.0 1386.0 1736.0
1036.0 1386.0 1736.0
1036.0 1386.0 1736.0
1036.0 1386.0 1736.0
1036.0 1386.0 1736.0
1036.0 1386.0 1736.0
1036.0 1386.0 1736.0
1036.0 1386.0 1736.0
1036.0 1386.0 1736.0
1036.0 1386.0 1736.0
1036.0 1386.0 1736.0
1036.0 1386.0 1736.0
1036.0 1386.0 1736.0
1036.0 1386.0 1736.0
1036.0 1386.0 1736.0
1036.0 1386.0 1736.0
1036.0 1386.0 1736.0
1036.0 1386.0 1736.0
1036.0 1386.0 1736.0
1036.0 1386.0 1736.0
1036.0 1386.0 1736.0
1036.0 1386.0 1736.0
1036.0 1386.0 1736.0
1036.0 1386.0 1736.0
1036.0 1386.0 1736.0
1036.0 1386.0 1736.0
1036.0 1386.0 1736.0
1036.0 1386.0 1736.0
1036.0 1386.0 1736.0
1036.0 1386.0 1736.0
1036.0 1386.0 1736.0
1036.0 1386.0 1736.0
1036.0 1386.0 1736.0
1036.0 1386.0 1736.0
1036.0 1386.0 1736.0
1036.0 1386.0 1736.0
1036.0 1386.0 1736.0
1036.0 1386.0 1736.0
1036.0 1386.0 1736.0
1036.0 1386.0 1736.0
1036.0 1386.0 1736.0
1036.0 1386.0 1736.0
1036.0 1386.0 1736.0
1036.0 1386.0 1736.0
1036.0 1386.0 1736.0
1036.0 1386.0 1736.0
1036.0 1386.0 1736.0
1036.0 1386.0 1736.0
1036.0 1386.0 1736.0
1036.0 1386.0 1736.0
1036.0 1386.0 1736.0
1036.0 1386.0 1736.0
1036.0 1386.0 1736.0
1036.0 1386.0 1736.0
1036.0 1386.0 1736.0
1036.0 1386.0 1736.0
1036.0 1386.0 1736.0
1036.0 1386.0 1736.0
1036.0 1386.0 1736.0
1036.0 1386.0 1736.0
1036.0 1386.0 1736.0
1036.0 1386.0 1736.0
1036.0 1386.0 1736.0
1036.0 1386.0 1736.0
1036.0 1386.0 1736.0
1036.0 1386.0 1736.0
1036.0 1386.0 1736.0
1036.0 1386.0 1736.0
1036.0 1386.0 1736.0
1036.0 1386.0 1736.0
1036.0 1386.0 1736.0
1036.0 1386.0 1736.0
1036.0 1386.0 1736.0
1036.0 1386.0 1736.0
1036.0 1386.0 1736.0
1036.0 1386.0 1736.0
1036.0 1386.0 1736.0
1036.0 1386.0 1736.0
1036.0 1386.0 1736.0
1036.0 1386.0 1736.0
1036.0 1386.0 1736.0
1036.0 1386.0 1736.0
1036.0 1386.0 1736.0
1036.0 1386.0 1736.0
1036.0 1386.0 1736.0
1036.0 1386.0 1736.0
1036.0 1386.0 1736.0
1036.0 1386.0 1736.0
1036.0 1386.0 1736.0
1036.0 1386.0 1736.0
1036.0 1386.0 1736.0
1036.0 1386.0 1736.0
1036.0 1386.0 1736.0
1036.0 1386.0 1736.0
1036.0 1386.0 1736.0
1036.0 1386.0 1736.0
1036.0 1386.0 1736.0
1036.0 1386.0 1736.0
1036.0 1386.0 1736.0
1036.0 1386.0 1736.0
1036.0 1386.0 1736.0
1036.0 1386.0 1736.0
1036.0 1386.0 1736.0
1036.0 1386.0 1736.0
1036.0 1386.0 1736.0
1036.0 1386.0 1736.0
1036.0 1386.0 1736.0
1036.0 1386.0 1736.0
1036.0 1386.0 1736.0
1036.0 1386.0 1736.0
1036.0 1386.0 1736.0
1036.0 1386.0 1736.0
1036.0 1386.0 1736.0
1036.0 1386.0 1736.0
1036.0 1386.0 1736.0
1036.0 1386.0 1736.0
1036.0 1386.0 1736.0
1036.0 1386.0 1736.0
1036.0 1386.0 1736.0
1036.0 1386.0 1736.0
1036.0 1386.0 1736.0
1036.0 1187.5 1339.0
1036.0 1187.5 1339.0
1036.0 1187.5 1339.0
1036.0 1187.5 1339.0
1036.0 1187.5 1339.0
1036.0 1187.5 1339.0
1036.0 1187.5 1339.0
1036.0 1187.5 1339.0
1036.0 1187.5 1339.0
1036.0 1187.5 1339.0
1036.0 1187.5 1339.0
1036.0 1187.5 1339.0
1036.0 1187.5 1339.0
1036.0 1187.5 1339.0
1036.0 1187.5 1339.0
1036.0 1187.5 1339.0
1036.0 1187.5 1339.0
1036.0 1187.5 1339.0
1036.0 1187.5 1339.0
1036.0 1187.5 1339.0
1036.0 1187.5 1339.0
1036.0 1187.5 1339.0
1036.0 1187.5 1339.0
1036.0 1187.5 1339.0
