10726.0 11819.5 12913.0
9905.0 10040.5 10176.0
7231.0 8318.0 9405.0
6455.0 6491.5 6528.0
4461.0 4986.5 5512.0
2087.0 2758.0 3429.0
2087.0 2911.0 3735.0
2087.0 2542.0 2997.0
1816.0 2427.5 3039.0
1816.0 1845.5 1875.0
1511.0 1693.5 1876.0
1511.0 1750.5 1990.0
1472.0 1731.0 1990.0
1472.0 1731.0 1990.0
1472.0 1731.0 1990.0
1472.0 1731.0 1990.0
1472.0 1731.0 1990.0
1472.0 1731.0 1990.0
1472.0 1731.0 1990.0
1472.0 1731.0 1990.0
1472.0 1731.0 1990.0
1472.0 1731.0 1990.0
1472.0 1731.0 1990.0
1472.0 1731.0 1990.0
1472.0 1731.0 1990.0
1472.0 1731.0 1990.0
1472.0 1731.0 1990.0
1472.0 1731.0 1990.0
1472.0 1731.0 1990.0
1472.0 1731.0 1990.0
1472.0 1731.0 1990.0
1472.0 1731.0 1990.0
1472.0 1731.0 1990.0
1472.0 1731.0 1990.0
1433.0 1452.5 1472.0
1433.0 1452.5 1472.0
1472.0 1487.0 1502.0
1146.0 1224.5 1303.0
941.0 1043.5 1146.0
832.0 989.0 1146.0
587.0 866.5 1146.0
587.0 866.5 1146.0
587.0 866.5 1146.0
587.0 866.5 1146.0
587.0 866.5 1146.0
587.0 866.5 1146.0
587.0 866.5 1146.0
587.0 866.5 1146.0
587.0 866.5 1146.0
587.0 866.5 1146.0
587.0 866.5 1146.0
587.0 866.5 1146.0
587.0 866.5 1146.0
587.0 866.5 1146.0
587.0 866.5 1146.0
587.0 866.5 1146.0
587.0 866.5 1146.0
587.0 866.5 1146.0
587.0 866.5 1146.0
587.0 959.5 1332.0
587.0 959.5 1332.0
587.0 959.5 1332.0
587.0 959.5 1332.0
587.0 959.5 1332.0
587.0 959.5 1332.0
587.0 959.5 1332.0
587.0 959.5 1332.0
587.0 959.5 1332.0
587.0 959.5 1332.0
587.0 959.5 1332.0
587.0 959.5 1332.0
587.0 959.5 1332.0
587.0 959.5 1332.0
587.0 959.5 1332.0
587.0 959.5 1332.0
587.0 959.5 1332.0
587.0 959.5 1332.0
587.0 959.5 1332.0
587.0 959.5 1332.0
587.0 959.5 1332.0
587.0 959.5 1332.0
587.0 959.5 1332.0
587.0 959.5 1332.0
587.0 959.5 1332.0
587.0 959.5 1332.0
587.0 959.5 1332.0
587.0 959.5 1332.0
587.0 959.5 1332.0
587.0 959.5 1332.0
587.0 959.5 1332.0
587.0 959.5 1332.0
587.0 959.5 1332.0
587.0 959.5 1332.0
587.0 959.5 1332.0
587.0 959.5 1332.0
587.0 959.5 1332.0
587.0 959.5 1332.0
587.0 959.5 1332.0
587.0 959.5 1332.0
587.0 959.5 1332.0
587.0 959.5 1332.0
587.0 959.5 1332.0
587.0 959.5 1332.0
587.0 959.5 1332.0
587.0 959.5 1332.0
587.0 959.5 1332.0
587.0 959.5 1332.0
587.0 959.5 1332.0
587.0 959.5 1332.0
587.0 959.5 1332.0
587.0 959.5 1332.0
587.0 959.5 1332.0
587.0 959.5 1332.0
587.0 959.5 1332.0
587.0 959.5 1332.0
587.0 959.5 1332.0
587.0 959.5 1332.0
587.0 959.5 1332.0
587.0 959.5 1332.0
587.0 959.5 1332.0
587.0 959.5 1332.0
587.0 959.5 1332.0
587.0 959.5 1332.0
587.0 959.5 1332.0
587.0 959.5 1332.0
587.0 959.5 1332.0
587.0 959.5 1332.0
587.0 959.5 1332.0
587.0 959.5 1332.0
587.0 959.5 1332.0
587.0 959.5 1332.0
587.0 959.5 1332.0
587.0 959.5 1332.0
587.0 959.5 1332.0
587.0 959.5 1332.0
587.0 959.5 1332.0
587.0 959.5 1332.0
587.0 959.5 1332.0
587.0 959.5 1332.0
587.0 959.5 1332.0
587.0 959.5 1332.0
587.0 959.5 1332.0
587.0 959.5 1332.0
587.0 959.5 1332.0
587.0 959.5 1332.0
587.0 959.5 1332.0
587.0 959.5 1332.0
587.0 959.5 1332.0
587.0 959.5 1332.0
587.0 959.5 1332.0
587.0 959.5 1332.0
587.0 959.5 1332.0
587.0 959.5 1332.0
587.0 959.5 1332.0
587.0 959.5 1332.0
587.0 959.5 1332.0
587.0 959.5 1332.0
587.0 959.5 1332.0
587.0 959.5 1332.0
587.0 959.5 1332.0
587.0 959.5 1332.0
587.0 959.5 1332.0
587.0 959.5 1332.0
587.0 959.5 1332.0
587.0 959.5 1332.0
587.0 959.5 1332.0
587.0 959.5 1332.0
587.0 959.5 1332.0
587.0 959.5 1332.0
587.0 959.5 1332.0
587.0 959.5 1332.0
587.0 959.5 1332.0
587.0 959.5 1332.0
587.0 959.5 1332.0
587.0 959.5 1332.0
587.0 959.5 1332.0
587.0 959.5 1332.0
587.0 959.5 1332.0
587.0 959.5 1332.0
587.0 959.5 1332.0
587.0 959.5 1332.0
587.0 959.5 1332.0
587.0 959.5 1332.0
587.0 959.5 1332.0
587.0 959.5 1332.0
587.0 959.5 1332.0
587.0 959.5 1332.0
587.0 959.5 1332.0
587.0 959.5 1332.0
587.0 959.5 1332.0
587.0 959.5 1332.0
587.0 959.5 1332.0
587.0 959.5 1332.0
587.0 959.5 1332.0
587.0 959.5 1332.0
587.0 959.5 1332.0
587.0 959.5 1332.0
587.0 959.5 1332.0
587.0 959.5 1332.0
587.0 959.5 1332.0
