12354.0 12489.5 12625.0
10438.0 10708.0 10978.0
8798.0 9575.5 10353.0
7976.0 8326.5 8677.0
6750.0 7063.0 7376.0
6106.0 6741.0 7376.0
4035.0 4446.5 4858.0
3602.0 4092.5 4583.0
3607.0 4091.5 4576.0
2358.0 2652.0 2946.0
2358.0 2652.0 2946.0
2111.0 2234.5 2358.0
2111.0 2234.5 2358.0
2111.0 2234.5 2358.0
2111.0 2234.5 2358.0
2111.0 2234.5 2358.0
2111.0 2234.5 2358.0
2111.0 2234.5 2358.0
2111.0 2234.5 2358.0
2111.0 2234.5 2358.0
2111.0 2234.5 2358.0
2111.0 2234.5 2358.0
2111.0 2234.5 2358.0
2111.0 2234.5 2358.0
2111.0 2121.5 2132.0
2111.0 2121.5 2132.0
2111.0 2121.5 2132.0
1033.0 1612.5 2192.0
1033.0 1612.5 2192.0
1033.0 1528.0 2023.0
1033.0 1528.0 2023.0
1033.0 1528.0 2023.0
1033.0 1528.0 2023.0
1033.0 1528.0 2023.0
1033.0 1528.0 2023.0
1033.0 1528.0 2023.0
1033.0 1528.0 2023.0
1033.0 1528.0 2023.0
1033.0 1424.5 1816.0
1033.0 1424.5 1816.0
1033.0 1424.5 1816.0
1033.0 1424.5 1816.0
1033.0 1424.5 1816.0
1033.0 1424.5 1816.0
1033.0 1424.5 1816.0
1033.0 1424.5 1816.0
1033.0 1424.5 1816.0
1033.0 1424.5 1816.0
1033.0 1424.5 1816.0
1033.0 1424.5 1816.0
1033.0 1424.5 1816.0
1033.0 1424.5 1816.0
1033.0 1424.5 1816.0
1033.0 1424.5 1816.0
1033.0 1424.5 1816.0
1033.0 1223.0 1413.0
1033.0 1223.0 1413.0
1033.0 1223.0 1413.0
1033.0 1223.0 1413.0
1033.0 1223.0 1413.0
1033.0 1223.0 1413.0
1033.0 1223.0 1413.0
1033.0 1223.0 1413.0
1033.0 1314.0 1595.0
1033.0 1314.0 1595.0
1033.0 1314.0 1595.0
1033.0 1314.0 1595.0
1033.0 1314.0 1595.0
1033.0 1314.0 1595.0
1033.0 1314.0 1595.0
1033.0 1314.0 1595.0
1033.0 1314.0 1595.0
1033.0 1314.0 1595.0
1033.0 1314.0 1595.0
1033.0 1314.0 1595.0
1033.0 1314.0 1595.0
1033.0 1314.0 1595.0
1033.0 1314.0 1595.0
1033.0 1314.0 1595.0
1033.0 1314.0 1595.0
1033.0 1314.0 1595.0
1033.0 1314.0 1595.0
1033.0 1314.0 1595.0
1033.0 1314.0 1595.0
1033.0 1314.0 1595.0
1033.0 1314.0 1595.0
1033.0 1314.0 1595.0
1033.0 1314.0 1595.0
1033.0 1314.0 1595.0
1033.0 1314.0 1595.0
1033.0 1314.0 1595.0
1033.0 1314.0 1595.0
1033.0 1314.0 1595.0
1033.0 1314.0 1595.0
1033.0 1314.0 1595.0
1033.0 1314.0 1595.0
1033.0 1314.0 1595.0
1033.0 1314.0 1595.0
1033.0 1314.0 1595.0
1033.0 1314.0 1595.0
1033.0 1314.0 1595.0
1033.0 1314.0 1595.0
1033.0 1314.0 1595.0
1033.0 1314.0 1595.0
1033.0 1314.0 1595.0
1033.0 1314.0 1595.0
1033.0 1314.0 1595.0
1033.0 1314.0 1595.0
1033.0 1314.0 1595.0
1033.0 1314.0 1595.0
1033.0 1314.0 1595.0
1033.0 1314.0 1595.0
1033.0 1314.0 1595.0
1033.0 1314.0 1595.0
1033.0 1314.0 1595.0
1033.0 1314.0 1595.0
1033.0 1314.0 1595.0
1033.0 1314.0 1595.0
1033.0 1314.0 1595.0
1033.0 1314.0 1595.0
1033.0 1314.0 1595.0
1033.0 1314.0 1595.0
1033.0 1314.0 1595.0
1033.0 1314.0 1595.0
1033.0 1314.0 1595.0
1033.0 1314.0 1595.0
1033.0 1314.0 1595.0
1033.0 1314.0 1595.0
1033.0 1314.0 1595.0
1033.0 1314.0 1595.0
1033.0 1314.0 1595.0
1033.0 1314.0 1595.0
1033.0 1314.0 1595.0
1033.0 1314.0 1595.0
1033.0 1314.0 1595.0
1033.0 1314.0 1595.0
1033.0 1314.0 1595.0
1033.0 1314.0 1595.0
1033.0 1314.0 1595.0
1033.0 1314.0 1595.0
1033.0 1314.0 1595.0
1033.0 1314.0 1595.0
1033.0 1314.0 1595.0
1033.0 1314.0 1595.0
1033.0 1314.0 1595.0
1033.0 1314.0 1595.0
1033.0 1314.0 1595.0
1033.0 1314.0 1595.0
1033.0 1314.0 1595.0
1033.0 1314.0 1595.0
1033.0 1314.0 1595.0
1033.0 1314.0 1595.0
1033.0 1314.0 1595.0
1033.0 1314.0 1595.0
1033.0 1314.0 1595.0
1033.0 1314.0 1595.0
1033.0 1314.0 1595.0
1033.0 1314.0 1595.0
1033.0 1314.0 1595.0
1033.0 1314.0 1595.0
1033.0 1314.0 1595.0
1033.0 1314.0 1595.0
1033.0 1314.0 1595.0
1033.0 1314.0 1595.0
1033.0 1314.0 1595.0
1033.0 1314.0 1595.0
1033.0 1314.0 1595.0
1033.0 1314.0 1595.0
1033.0 1314.0 1595.0
1033.0 1314.0 1595.0
1033.0 1314.0 1595.0
1033.0 1314.0 1595.0
1033.0 1314.0 1595.0
1033.0 1314.0 1595.0
1033.0 1314.0 1595.0
1033.0 1314.0 1595.0
1033.0 1314.0 1595.0
1033.0 1314.0 1595.0
1033.0 1314.0 1595.0
1033.0 1314.0 1595.0
1033.0 1314.0 1595.0
1033.0 1314.0 1595.0
1033.0 1314.0 1595.0
1033.0 1314.0 1595.0
1033.0 1314.0 1595.0
1033.0 1314.0 1595.0
1033.0 1314.0 1595.0
1033.0 1314.0 1595.0
1033.0 1314.0 1595.0
1033.0 1314.0 1595.0
1033.0 1314.0 1595.0
1033.0 1314.0 1595.0
1033.0 1314.0 1595.0
1033.0 1314.0 1595.0
1033.0 1314.0 1595.0
1033.0 1314.0 1595.0
1033.0 1314.0 1595.0
1033.0 1314.0 1595.0
1033.0 1314.0 1595.0
1033.0 1314.0 1595.0
