14135.0 15563.5 16992.0
10993.0 13417.5 15842.0
8912.0 11293.0 13674.0
9862.0 11594.5 13327.0
5908.0 8201.0 10494.0
6830.0 7322.5 7815.0
5993.0 6904.0 7815.0
3698.0 4381.5 5065.0
3698.0 4554.5 5411.0
3698.0 4006.0 4314.0
2654.0 3176.0 3698.0
2654.0 3176.0 3698.0
2654.0 3176.0 3698.0
2654.0 3055.5 3457.0
2647.0 2650.5 2654.0
2647.0 2650.5 2654.0
2647.0 2650.5 2654.0
2327.0 2487.0 2647.0
2327.0 2487.0 2647.0
2327.0 2487.0 2647.0
2327.0 2487.0 2647.0
2327.0 2487.0 2647.0
2327.0 2487.0 2647.0
2327.0 2487.0 2647.0
2327.0 2487.0 2647.0
2327.0 2487.0 2647.0
2327.0 2487.0 2647.0
2327.0 2487.0 2647.0
2327.0 2487.0 2647.0
2327.0 2487.0 2647.0
2249.0 2288.0 2327.0
2077.0 2202.0 2327.0
2077.0 2202.0 2327.0
2077.0 2202.0 2327.0
2077.0 2202.0 2327.0
2077.0 2202.0 2327.0
2077.0 2202.0 2327.0
2077.0 2202.0 2327.0
2077.0 2202.0 2327.0
2077.0 2202.0 2327.0
2077.0 2202.0 2327.0
2077.0 2202.0 2327.0
2077.0 2202.0 2327.0
2077.0 2202.0 2327.0
2077.0 2202.0 2327.0
2077.0 2202.0 2327.0
2077.0 2202.0 2327.0
2077.0 2202.0 2327.0
2077.0 2202.0 2327.0
2077.0 2202.0 2327.0
2077.0 2202.0 2327.0
2077.0 2202.0 2327.0
2077.0 2202.0 2327.0
2077.0 2202.0 2327.0
2077.0 2202.0 2327.0
2077.0 2202.0 2327.0
2077.0 2202.0 2327.0
2077.0 2202.0 2327.0
2077.0 2202.0 2327.0
2077.0 2202.0 2327.0
2327.0 2420.0 2513.0
2207.0 2267.0 2327.0
2207.0 2267.0 2327.0
2207.0 2267.0 2327.0
2207.0 2267.0 2327.0
2207.0 2267.0 2327.0
2207.0 2267.0 2327.0
2207.0 2267.0 2327.0
2207.0 2267.0 2327.0
2207.0 2267.0 2327.0
2207.0 2267.0 2327.0
2207.0 2267.0 2327.0
2207.0 2267.0 2327.0
2207.0 2267.0 2327.0
2207.0 2267.0 2327.0
2207.0 2238.5 2270.0
2207.0 2238.5 2270.0
2207.0 2238.5 2270.0
2207.0 2238.5 2270.0
2207.0 2238.5 2270.0
2207.0 2238.5 2270.0
2207.0 2238.5 2270.0
2207.0 2238.5 2270.0
2207.0 2238.5 2270.0
2207.0 2238.5 2270.0
2207.0 2238.5 2270.0
2207.0 2238.5 2270.0
2207.0 2238.5 2270.0
2207.0 2238.5 2270.0
2207.0 2238.5 2270.0
1977.0 2123.5 2270.0
1977.0 2123.5 2270.0
1977.0 2123.5 2270.0
1977.0 2123.5 2270.0
1977.0 2123.5 2270.0
1977.0 2123.5 2270.0
1977.0 2123.5 2270.0
1977.0 2123.5 2270.0
1977.0 2123.5 2270.0
1977.0 2123.5 2270.0
1977.0 2123.5 2270.0
1977.0 2123.5 2270.0
1977.0 2123.5 2270.0
1977.0 2123.5 2270.0
1977.0 2123.5 2270.0
1571.0 1920.5 2270.0
1571.0 1920.5 2270.0
1571.0 1920.5 2270.0
1571.0 1920.5 2270.0
1571.0 1920.5 2270.0
1571.0 1920.5 2270.0
1571.0 1920.5 2270.0
1571.0 1920.5 2270.0
1571.0 1920.5 2270.0
1571.0 1920.5 2270.0
1571.0 1920.5 2270.0
1571.0 1920.5 2270.0
1571.0 1920.5 2270.0
1571.0 1920.5 2270.0
1571.0 1920.5 2270.0
1571.0 1920.5 2270.0
1571.0 1920.5 2270.0
1571.0 1920.5 2270.0
1571.0 1920.5 2270.0
1571.0 1920.5 2270.0
1571.0 1920.5 2270.0
1571.0 1920.5 2270.0
1571.0 1920.5 2270.0
1571.0 1920.5 2270.0
1571.0 1920.5 2270.0
1571.0 1920.5 2270.0
1571.0 1920.5 2270.0
1571.0 1920.5 2270.0
1571.0 1920.5 2270.0
1571.0 1920.5 2270.0
1571.0 1920.5 2270.0
1571.0 1920.5 2270.0
1571.0 1683.0 1795.0
1571.0 1683.0 1795.0
1571.0 1683.0 1795.0
1571.0 1683.0 1795.0
1571.0 1683.0 1795.0
1571.0 1683.0 1795.0
1571.0 1683.0 1795.0
1571.0 1683.0 1795.0
1571.0 1683.0 1795.0
1571.0 1683.0 1795.0
1571.0 1683.0 1795.0
1571.0 1683.0 1795.0
1571.0 1683.0 1795.0
1571.0 1683.0 1795.0
1571.0 1683.0 1795.0
1571.0 1683.0 1795.0
1571.0 1683.0 1795.0
1571.0 1683.0 1795.0
1571.0 1683.0 1795.0
1571.0 1683.0 1795.0
1571.0 1683.0 1795.0
1571.0 1683.0 1795.0
1571.0 1683.0 1795.0
1571.0 1683.0 1795.0
1571.0 1683.0 1795.0
1571.0 1683.0 1795.0
1571.0 1683.0 1795.0
1571.0 1683.0 1795.0
1571.0 1683.0 1795.0
1571.0 1683.0 1795.0
1571.0 1683.0 1795.0
1571.0 1683.0 1795.0
1571.0 1683.0 1795.0
1571.0 1683.0 1795.0
1571.0 1683.0 1795.0
1571.0 1683.0 1795.0
1571.0 1683.0 1795.0
1571.0 1683.0 1795.0
1571.0 1683.0 1795.0
1571.0 1683.0 1795.0
1571.0 1683.0 1795.0
1571.0 1683.0 1795.0
1571.0 1683.0 1795.0
1571.0 1683.0 1795.0
1571.0 1683.0 1795.0
1571.0 1683.0 1795.0
1571.0 1683.0 1795.0
1571.0 1683.0 1795.0
1571.0 1683.0 1795.0
1571.0 1683.0 1795.0
1571.0 1683.0 1795.0
1571.0 1683.0 1795.0
1571.0 1683.0 1795.0
1571.0 1683.0 1795.0
1571.0 1683.0 1795.0
1571.0 1683.0 1795.0
1571.0 1683.0 1795.0
1571.0 1683.0 1795.0
1571.0 1683.0 1795.0
1195.0 1383.0 1571.0
1195.0 1383.0 1571.0
1195.0 1383.0 1571.0
1195.0 1383.0 1571.0
