12936.0 15092.0 17248.0
10054.0 11792.5 13531.0
8089.0 10701.5 13314.0
6480.0 9152.5 11825.0
3805.0 6174.0 8543.0
3610.0 4940.5 6271.0
4043.0 5178.5 6314.0
4043.0 5178.5 6314.0
4043.0 4192.5 4342.0
3620.0 3859.0 4098.0
2964.0 3188.0 3412.0
3340.0 3376.0 3412.0
2619.0 3015.5 3412.0
2299.0 2855.5 3412.0
2299.0 2608.5 2918.0
2102.0 2120.0 2138.0
1909.0 2023.5 2138.0
1909.0 2023.5 2138.0
1909.0 2023.5 2138.0
1909.0 2023.5 2138.0
1909.0 2023.5 2138.0
1909.0 2023.5 2138.0
1909.0 2023.5 2138.0
1909.0 2023.5 2138.0
1909.0 2023.5 2138.0
1909.0 2023.5 2138.0
1909.0 2023.5 2138.0
1909.0 2023.5 2138.0
1909.0 2023.5 2138.0
1909.0 2023.5 2138.0
1909.0 2023.5 2138.0
1909.0 2023.5 2138.0
1909.0 2023.5 2138.0
1909.0 2023.5 2138.0
1909.0 2023.5 2138.0
1909.0 2023.5 2138.0
1909.0 2023.5 2138.0
1909.0 2023.5 2138.0
1909.0 2023.5 2138.0
1909.0 2023.5 2138.0
1909.0 2023.5 2138.0
1909.0 2023.5 2138.0
1909.0 2023.5 2138.0
1909.0 2023.5 2138.0
1909.0 2023.5 2138.0
1909.0 2023.5 2138.0
1909.0 2023.5 2138.0
1909.0 2023.5 2138.0
1909.0 2023.5 2138.0
1909.0 2023.5 2138.0
1909.0 2023.5 2138.0
1909.0 2023.5 2138.0
1909.0 2023.5 2138.0
1909.0 2023.5 2138.0
1909.0 2023.5 2138.0
1909.0 2023.5 2138.0
1909.0 2023.5 2138.0
1909.0 2023.5 2138.0
1909.0 2023.5 2138.0
1909.0 2023.5 2138.0
1909.0 2023.5 2138.0
1909.0 2023.5 2138.0
1909.0 2023.5 2138.0
1909.0 2023.5 2138.0
1909.0 2023.5 2138.0
1909.0 2023.5 2138.0
1909.0 2023.5 2138.0
1909.0 2023.5 2138.0
1909.0 2023.5 2138.0
1909.0 2023.5 2138.0
1909.0 2023.5 2138.0
1909.0 2023.5 2138.0
1909.0 2023.5 2138.0
1909.0 2023.5 2138.0
1909.0 2023.5 2138.0
1909.0 2023.5 2138.0
1909.0 2023.5 2138.0
1909.0 2023.5 2138.0
1909.0 2023.5 2138.0
1909.0 2023.5 2138.0
1909.0 2023.5 2138.0
1909.0 2023.5 2138.0
1909.0 2023.5 2138.0
1909.0 2023.5 2138.0
1909.0 2023.5 2138.0
1909.0 2023.5 2138.0
1909.0 2023.5 2138.0
1909.0 2023.5 2138.0
1909.0 2023.5 2138.0
1909.0 2023.5 2138.0
1909.0 2023.5 2138.0
1909.0 2023.5 2138.0
1909.0 1957.5 2006.0
1909.0 1957.0 2005.0
1909.0 1957.0 2005.0
1909.0 1957.0 2005.0
1909.0 1957.0 2005.0
1909.0 1957.0 2005.0
1909.0 1957.0 2005.0
1909.0 1957.0 2005.0
1909.0 1957.0 2005.0
1909.0 1957.0 2005.0
1909.0 1957.0 2005.0
1909.0 1957.0 2005.0
1909.0 1957.0 2005.0
1909.0 1957.0 2005.0
1909.0 1957.0 2005.0
1909.0 1957.0 2005.0
1909.0 1957.0 2005.0
1909.0 1957.0 2005.0
1909.0 1957.0 2005.0
1909.0 1957.0 2005.0
1909.0 1957.0 2005.0
1909.0 1957.0 2005.0
1909.0 1957.0 2005.0
1909.0 1957.0 2005.0
1909.0 1957.0 2005.0
1909.0 1957.0 2005.0
1909.0 1957.0 2005.0
1909.0 1957.0 2005.0
1909.0 1957.0 2005.0
1909.0 1957.0 2005.0
1909.0 1957.0 2005.0
1909.0 1957.0 2005.0
1909.0 1957.0 2005.0
1909.0 1957.0 2005.0
1909.0 1957.0 2005.0
1909.0 1957.0 2005.0
1894.0 1901.5 1909.0
1894.0 1901.5 1909.0
1894.0 1901.5 1909.0
1894.0 1901.5 1909.0
1894.0 1901.5 1909.0
1894.0 1901.5 1909.0
1894.0 1901.5 1909.0
1894.0 1901.5 1909.0
1894.0 1901.5 1909.0
1894.0 1901.5 1909.0
1894.0 1901.5 1909.0
1894.0 1901.5 1909.0
1894.0 1901.5 1909.0
1894.0 1901.5 1909.0
1894.0 1901.5 1909.0
1894.0 1901.5 1909.0
1894.0 1901.5 1909.0
1894.0 1901.5 1909.0
1894.0 1901.5 1909.0
1894.0 1901.5 1909.0
1894.0 1901.5 1909.0
1894.0 1901.5 1909.0
1894.0 1901.5 1909.0
1894.0 1901.5 1909.0
1894.0 1901.5 1909.0
1894.0 1901.5 1909.0
1894.0 1901.5 1909.0
1894.0 1901.5 1909.0
1894.0 1901.5 1909.0
1894.0 1901.5 1909.0
1894.0 1901.5 1909.0
1894.0 1901.5 1909.0
1894.0 1901.5 1909.0
1894.0 1901.5 1909.0
1894.0 1901.5 1909.0
1894.0 1901.5 1909.0
1894.0 1901.5 1909.0
1894.0 1901.5 1909.0
1894.0 1901.5 1909.0
1894.0 1901.5 1909.0
1894.0 1901.5 1909.0
1894.0 1901.5 1909.0
1894.0 1901.5 1909.0
1894.0 1901.5 1909.0
1894.0 1901.5 1909.0
1894.0 1901.5 1909.0
1894.0 1901.5 1909.0
1894.0 1901.5 1909.0
1894.0 1901.5 1909.0
1894.0 1901.5 1909.0
1894.0 1901.5 1909.0
1894.0 1901.5 1909.0
1894.0 1901.5 1909.0
1894.0 1901.5 1909.0
1894.0 1901.5 1909.0
1894.0 1901.5 1909.0
1894.0 1901.5 1909.0
1894.0 1901.5 1909.0
1894.0 1901.5 1909.0
1894.0 1901.5 1909.0
1894.0 1901.5 1909.0
1894.0 1901.5 1909.0
1894.0 1901.5 1909.0
1894.0 1901.5 1909.0
1894.0 1901.5 1909.0
1894.0 1901.5 1909.0
1894.0 1901.5 1909.0
1894.0 1901.5 1909.0
1894.0 1901.5 1909.0
1894.0 1901.5 1909.0
1894.0 1901.5 1909.0
1894.0 1901.5 1909.0
