13971.0 14914.5 15858.0
12500.0 12866.0 13232.0
9704.0 10382.0 11060.0
7543.0 8623.5 9704.0
4921.0 5877.5 6834.0
5222.0 5499.5 5777.0
3712.0 4744.5 5777.0
3915.0 4846.0 5777.0
2788.0 3663.0 4538.0
2788.0 3398.5 4009.0
3288.0 3520.0 3752.0
2875.0 3313.5 3752.0
2875.0 3313.5 3752.0
2875.0 3313.5 3752.0
2875.0 3313.5 3752.0
2875.0 3007.5 3140.0
2774.0 2824.5 2875.0
2273.0 2436.0 2599.0
2273.0 2436.0 2599.0
2273.0 2436.0 2599.0
2273.0 2436.0 2599.0
2209.0 2241.0 2273.0
1901.0 2087.0 2273.0
1901.0 2087.0 2273.0
1901.0 2087.0 2273.0
1901.0 2087.0 2273.0
1901.0 2087.0 2273.0
1901.0 2087.0 2273.0
1901.0 2087.0 2273.0
1901.0 2087.0 2273.0
1901.0 1962.0 2023.0
1741.0 1821.0 1901.0
1741.0 1821.0 1901.0
1741.0 1821.0 1901.0
1741.0 1821.0 1901.0
1741.0 1821.0 1901.0
1741.0 1821.0 1901.0
1741.0 1821.0 1901.0
1741.0 1821.0 1901.0
1741.0 1821.0 1901.0
1741.0 1821.0 1901.0
1741.0 1821.0 1901.0
1741.0 1821.0 1901.0
1741.0 1821.0 1901.0
1741.0 1821.0 1901.0
1741.0 1821.0 1901.0
1741.0 1821.0 1901.0
1741.0 1821.0 1901.0
1741.0 1821.0 1901.0
1741.0 1821.0 1901.0
1741.0 1821.0 1901.0
1741.0 1821.0 1901.0
1741.0 1821.0 1901.0
1741.0 1821.0 1901.0
1741.0 1821.0 1901.0
1741.0 1821.0 1901.0
1741.0 1821.0 1901.0
1741.0 1821.0 1901.0
1741.0 1821.0 1901.0
1741.0 1821.0 1901.0
1741.0 1821.0 1901.0
1741.0 1821.0 1901.0
1741.0 1821.0 1901.0
1741.0 1821.0 1901.0
1741.0 1821.0 1901.0
1741.0 1821.0 1901.0
1741.0 1821.0 1901.0
1741.0 1821.0 1901.0
1741.0 1821.0 1901.0
1741.0 1821.0 1901.0
1741.0 1821.0 1901.0
1741.0 1821.0 1901.0
1741.0 1821.0 1901.0
1741.0 1821.0 1901.0
1741.0 1821.0 1901.0
1741.0 1821.0 1901.0
1741.0 1821.0 1901.0
1741.0 1821.0 1901.0
1741.0 1821.0 1901.0
1741.0 1821.0 1901.0
1741.0 1821.0 1901.0
1741.0 1821.0 1901.0
1741.0 1821.0 1901.0
1741.0 1821.0 1901.0
1741.0 1821.0 1901.0
1741.0 1821.0 1901.0
1741.0 1821.0 1901.0
1741.0 1821.0 1901.0
1741.0 1821.0 1901.0
1741.0 1821.0 1901.0
1741.0 1821.0 1901.0
1741.0 1821.0 1901.0
1741.0 1821.0 1901.0
1741.0 1821.0 1901.0
1741.0 1821.0 1901.0
1741.0 1821.0 1901.0
1741.0 1821.0 1901.0
1741.0 1821.0 1901.0
1741.0 1821.0 1901.0
1741.0 1821.0 1901.0
1741.0 1821.0 1901.0
1741.0 1821.0 1901.0
1741.0 1821.0 1901.0
1741.0 1821.0 1901.0
1741.0 1821.0 1901.0
1741.0 1821.0 1901.0
1741.0 1821.0 1901.0
1741.0 1821.0 1901.0
1741.0 1821.0 1901.0
1741.0 1821.0 1901.0
1741.0 1821.0 1901.0
1741.0 1821.0 1901.0
1741.0 1821.0 1901.0
1741.0 1821.0 1901.0
1741.0 1821.0 1901.0
1741.0 1821.0 1901.0
1741.0 1821.0 1901.0
1741.0 1821.0 1901.0
1741.0 1821.0 1901.0
1741.0 1821.0 1901.0
1741.0 1821.0 1901.0
1741.0 1821.0 1901.0
1741.0 1821.0 1901.0
1741.0 1821.0 1901.0
1741.0 1821.0 1901.0
1741.0 1821.0 1901.0
1741.0 1821.0 1901.0
1741.0 1821.0 1901.0
1741.0 1821.0 1901.0
1741.0 1821.0 1901.0
1741.0 1821.0 1901.0
1741.0 1821.0 1901.0
1741.0 1821.0 1901.0
1741.0 1821.0 1901.0
1741.0 1821.0 1901.0
1741.0 1821.0 1901.0
1741.0 1821.0 1901.0
1741.0 1821.0 1901.0
1741.0 1821.0 1901.0
1741.0 1821.0 1901.0
1741.0 1821.0 1901.0
1741.0 1821.0 1901.0
1741.0 1821.0 1901.0
1741.0 1821.0 1901.0
1741.0 1821.0 1901.0
1741.0 1821.0 1901.0
1741.0 1821.0 1901.0
1741.0 1821.0 1901.0
1741.0 1821.0 1901.0
1741.0 1821.0 1901.0
1741.0 1821.0 1901.0
1741.0 1821.0 1901.0
1741.0 1821.0 1901.0
1741.0 1821.0 1901.0
1741.0 1821.0 1901.0
1741.0 1821.0 1901.0
1741.0 1821.0 1901.0
1741.0 1821.0 1901.0
1741.0 1821.0 1901.0
1741.0 1821.0 1901.0
1741.0 1821.0 1901.0
1741.0 1821.0 1901.0
1741.0 1821.0 1901.0
1741.0 1821.0 1901.0
1741.0 1821.0 1901.0
1741.0 1821.0 1901.0
1741.0 1821.0 1901.0
1741.0 1821.0 1901.0
1741.0 1821.0 1901.0
1741.0 1821.0 1901.0
1741.0 1821.0 1901.0
1741.0 1821.0 1901.0
1741.0 1821.0 1901.0
1741.0 1821.0 1901.0
1741.0 1821.0 1901.0
1741.0 1821.0 1901.0
1741.0 1821.0 1901.0
1741.0 1821.0 1901.0
1741.0 1821.0 1901.0
1741.0 1821.0 1901.0
1741.0 1821.0 1901.0
1741.0 1821.0 1901.0
1741.0 1821.0 1901.0
1741.0 1821.0 1901.0
1741.0 1821.0 1901.0
1741.0 1821.0 1901.0
1741.0 1821.0 1901.0
1741.0 1821.0 1901.0
1741.0 1821.0 1901.0
1741.0 1821.0 1901.0
1741.0 1821.0 1901.0
1741.0 1821.0 1901.0
1741.0 1821.0 1901.0
1741.0 1821.0 1901.0
1741.0 1821.0 1901.0
1741.0 1821.0 1901.0
1741.0 1821.0 1901.0
1741.0 1821.0 1901.0
1741.0 1821.0 1901.0
1741.0 1821.0 1901.0
