11641.0 11674.0 11707.0
11197.0 11515.5 11834.0
7602.0 9377.0 11152.0
7602.0 8557.5 9513.0
5291.0 6170.0 7049.0
3927.0 4609.0 5291.0
3911.0 3974.0 4037.0
3134.0 3585.5 4037.0
2847.0 3345.0 3843.0
2556.0 3022.5 3489.0
1900.0 2694.5 3489.0
1900.0 2788.5 3677.0
1900.0 2231.0 2562.0
1900.0 2411.0 2922.0
1900.0 2194.5 2489.0
1900.0 2121.5 2343.0
1900.0 1905.0 1910.0
1900.0 1905.0 1910.0
1900.0 1905.0 1910.0
1900.0 1905.0 1910.0
1900.0 1905.0 1910.0
1900.0 1905.0 1910.0
1900.0 1905.0 1910.0
1900.0 1905.0 1910.0
1900.0 1905.0 1910.0
1900.0 1905.0 1910.0
1900.0 1905.0 1910.0
1900.0 1905.0 1910.0
1900.0 1905.0 1910.0
1900.0 1905.0 1910.0
1900.0 1905.0 1910.0
1900.0 1905.0 1910.0
1900.0 1905.0 1910.0
1900.0 1905.0 1910.0
1900.0 1905.0 1910.0
1900.0 1905.0 1910.0
1900.0 1905.0 1910.0
1900.0 1905.0 1910.0
1900.0 1905.0 1910.0
1900.0 1905.0 1910.0
1900.0 1905.0 1910.0
1900.0 1905.0 1910.0
1900.0 1905.0 1910.0
1900.0 1905.0 1910.0
1900.0 1905.0 1910.0
1900.0 1905.0 1910.0
1900.0 1905.0 1910.0
1900.0 1905.0 1910.0
1900.0 1905.0 1910.0
1900.0 1905.0 1910.0
1900.0 1905.0 1910.0
1900.0 1905.0 1910.0
1900.0 1905.0 1910.0
1900.0 1905.0 1910.0
1900.0 1905.0 1910.0
1900.0 1905.0 1910.0
1900.0 1905.0 1910.0
1900.0 1905.0 1910.0
1900.0 1905.0 1910.0
1900.0 1905.0 1910.0
1900.0 1905.0 1910.0
1900.0 1905.0 1910.0
1900.0 1905.0 1910.0
1900.0 1905.0 1910.0
1900.0 1905.0 1910.0
1782.0 1841.0 1900.0
1503.0 1701.5 1900.0
1503.0 1701.5 1900.0
1503.0 1701.5 1900.0
1503.0 1701.5 1900.0
1503.0 1701.5 1900.0
1503.0 1701.5 1900.0
1503.0 1701.5 1900.0
1503.0 1512.0 1521.0
1472.0 1487.5 1503.0
1472.0 1487.5 1503.0
1472.0 1487.5 1503.0
1472.0 1487.5 1503.0
1472.0 1487.5 1503.0
1472.0 1487.5 1503.0
1472.0 1487.5 1503.0
1472.0 1487.5 1503.0
1472.0 1487.5 1503.0
1472.0 1487.5 1503.0
1472.0 1487.5 1503.0
1472.0 1487.5 1503.0
1472.0 1487.5 1503.0
1472.0 1487.5 1503.0
1472.0 1487.5 1503.0
1472.0 1487.5 1503.0
1472.0 1487.5 1503.0
1472.0 1487.5 1503.0
1472.0 1487.5 1503.0
1472.0 1487.5 1503.0
1197.0 1350.0 1503.0
1052.0 1277.5 1503.0
1052.0 1277.5 1503.0
1052.0 1277.5 1503.0
1052.0 1277.5 1503.0
1052.0 1277.5 1503.0
1052.0 1277.5 1503.0
1052.0 1277.5 1503.0
1052.0 1277.5 1503.0
1052.0 1277.5 1503.0
1052.0 1277.5 1503.0
1052.0 1277.5 1503.0
1052.0 1277.5 1503.0
1052.0 1277.5 1503.0
1052.0 1277.5 1503.0
1052.0 1277.5 1503.0
1052.0 1277.5 1503.0
1052.0 1277.5 1503.0
1052.0 1277.5 1503.0
1052.0 1277.5 1503.0
1052.0 1277.5 1503.0
1052.0 1277.5 1503.0
1052.0 1277.5 1503.0
1052.0 1277.5 1503.0
1052.0 1277.5 1503.0
1052.0 1277.5 1503.0
1052.0 1277.5 1503.0
1052.0 1277.5 1503.0
1052.0 1277.5 1503.0
1052.0 1277.5 1503.0
1052.0 1277.5 1503.0
1052.0 1277.5 1503.0
1052.0 1277.5 1503.0
1052.0 1277.5 1503.0
1052.0 1277.5 1503.0
1052.0 1277.5 1503.0
1052.0 1277.5 1503.0
1052.0 1277.5 1503.0
1052.0 1277.5 1503.0
1052.0 1277.5 1503.0
1052.0 1277.5 1503.0
1052.0 1277.5 1503.0
1052.0 1277.5 1503.0
1052.0 1277.5 1503.0
1052.0 1277.5 1503.0
1052.0 1277.5 1503.0
1052.0 1277.5 1503.0
1052.0 1277.5 1503.0
1052.0 1277.5 1503.0
1052.0 1277.5 1503.0
1052.0 1277.5 1503.0
1052.0 1277.5 1503.0
1052.0 1277.5 1503.0
1052.0 1277.5 1503.0
1052.0 1277.5 1503.0
1052.0 1277.5 1503.0
1052.0 1277.5 1503.0
1052.0 1277.5 1503.0
1052.0 1277.5 1503.0
1052.0 1277.5 1503.0
1052.0 1277.5 1503.0
1052.0 1277.5 1503.0
1052.0 1277.5 1503.0
1052.0 1277.5 1503.0
1052.0 1277.5 1503.0
1052.0 1277.5 1503.0
1052.0 1277.5 1503.0
1052.0 1277.5 1503.0
1052.0 1277.5 1503.0
1052.0 1277.5 1503.0
1052.0 1277.5 1503.0
1052.0 1277.5 1503.0
1052.0 1277.5 1503.0
1052.0 1277.5 1503.0
1052.0 1277.5 1503.0
1052.0 1277.5 1503.0
1052.0 1277.5 1503.0
1052.0 1277.5 1503.0
1052.0 1277.5 1503.0
1052.0 1277.5 1503.0
1052.0 1277.5 1503.0
1052.0 1277.5 1503.0
1052.0 1277.5 1503.0
1052.0 1277.5 1503.0
1052.0 1277.5 1503.0
1052.0 1277.5 1503.0
1052.0 1277.5 1503.0
1052.0 1277.5 1503.0
1052.0 1277.5 1503.0
1052.0 1277.5 1503.0
1052.0 1277.5 1503.0
1052.0 1277.5 1503.0
1052.0 1277.5 1503.0
1052.0 1277.5 1503.0
1052.0 1277.5 1503.0
1052.0 1277.5 1503.0
1052.0 1277.5 1503.0
1052.0 1277.5 1503.0
1052.0 1277.5 1503.0
1052.0 1277.5 1503.0
1052.0 1277.5 1503.0
1052.0 1277.5 1503.0
1052.0 1277.5 1503.0
1052.0 1277.5 1503.0
1052.0 1277.5 1503.0
1052.0 1277.5 1503.0
