9959.0 11204.0 12449.0
7657.0 8035.5 8414.0
7105.0 7131.0 7157.0
3937.0 5391.5 6846.0
3220.0 3762.5 4305.0
3220.0 3734.5 4249.0
2485.0 2635.5 2786.0
1987.0 2386.5 2786.0
1696.0 2241.0 2786.0
1696.0 1977.0 2258.0
1529.0 1612.5 1696.0
1529.0 1612.5 1696.0
1529.0 1612.5 1696.0
1529.0 1612.5 1696.0
1529.0 1612.5 1696.0
1124.0 1326.5 1529.0
1124.0 1326.5 1529.0
1124.0 1326.5 1529.0
1124.0 1326.5 1529.0
1124.0 1326.5 1529.0
1124.0 1326.5 1529.0
1124.0 1326.5 1529.0
1124.0 1326.5 1529.0
1124.0 1326.5 1529.0
1124.0 1326.5 1529.0
1124.0 1326.5 1529.0
1124.0 1326.5 1529.0
1124.0 1326.5 1529.0
1124.0 1326.5 1529.0
1124.0 1326.5 1529.0
1124.0 1326.5 1529.0
1124.0 1326.5 1529.0
1124.0 1326.5 1529.0
1124.0 1326.5 1529.0
1124.0 1326.5 1529.0
1124.0 1326.5 1529.0
1124.0 1326.5 1529.0
1124.0 1326.5 1529.0
1124.0 1326.5 1529.0
1124.0 1326.5 1529.0
1124.0 1326.5 1529.0
1124.0 1326.5 1529.0
1124.0 1326.5 1529.0
1124.0 1326.5 1529.0
1124.0 1326.5 1529.0
1124.0 1326.5 1529.0
1124.0 1326.5 1529.0
1124.0 1326.5 1529.0
1124.0 1326.5 1529.0
1124.0 1326.5 1529.0
1124.0 1326.5 1529.0
1124.0 1326.5 1529.0
1101.0 1112.5 1124.0
1101.0 1112.5 1124.0
879.0 1001.5 1124.0
879.0 1001.5 1124.0
879.0 1001.5 1124.0
879.0 1001.5 1124.0
879.0 1001.5 1124.0
879.0 1001.5 1124.0
879.0 1001.5 1124.0
879.0 1001.5 1124.0
879.0 1001.5 1124.0
879.0 1001.5 1124.0
879.0 1001.5 1124.0
879.0 1001.5 1124.0
879.0 1001.5 1124.0
879.0 1001.5 1124.0
879.0 1001.5 1124.0
879.0 1001.5 1124.0
879.0 1001.5 1124.0
879.0 1001.5 1124.0
879.0 1001.5 1124.0
879.0 1001.5 1124.0
879.0 1001.5 1124.0
879.0 1001.5 1124.0
879.0 1001.5 1124.0
879.0 1001.5 1124.0
879.0 1001.5 1124.0
879.0 1001.5 1124.0
879.0 1001.5 1124.0
879.0 1001.5 1124.0
879.0 1001.5 1124.0
879.0 1001.5 1124.0
879.0 930.5 982.0
879.0 930.5 982.0
879.0 930.5 982.0
879.0 930.5 982.0
879.0 930.5 982.0
879.0 930.5 982.0
879.0 930.5 982.0
879.0 930.5 982.0
879.0 930.5 982.0
879.0 930.5 982.0
879.0 930.5 982.0
879.0 930.5 982.0
879.0 930.5 982.0
879.0 930.5 982.0
879.0 930.5 982.0
879.0 930.5 982.0
879.0 930.5 982.0
879.0 930.5 982.0
879.0 930.5 982.0
879.0 930.5 982.0
879.0 930.5 982.0
879.0 930.5 982.0
879.0 930.5 982.0
879.0 930.5 982.0
879.0 930.5 982.0
879.0 930.5 982.0
879.0 930.5 982.0
879.0 930.5 982.0
879.0 930.5 982.0
879.0 930.5 982.0
879.0 930.5 982.0
879.0 930.5 982.0
879.0 930.5 982.0
879.0 930.5 982.0
879.0 930.5 982.0
879.0 930.5 982.0
879.0 930.5 982.0
879.0 930.5 982.0
879.0 930.5 982.0
879.0 930.5 982.0
879.0 930.5 982.0
879.0 930.5 982.0
879.0 930.5 982.0
879.0 930.5 982.0
879.0 930.5 982.0
879.0 930.5 982.0
879.0 930.5 982.0
879.0 930.5 982.0
879.0 930.5 982.0
879.0 930.5 982.0
879.0 930.5 982.0
879.0 930.5 982.0
879.0 930.5 982.0
879.0 930.5 982.0
879.0 930.5 982.0
879.0 930.5 982.0
879.0 930.5 982.0
879.0 930.5 982.0
879.0 930.5 982.0
879.0 930.5 982.0
879.0 930.5 982.0
879.0 930.5 982.0
879.0 930.5 982.0
879.0 930.5 982.0
879.0 930.5 982.0
879.0 930.5 982.0
879.0 930.5 982.0
879.0 930.5 982.0
879.0 930.5 982.0
879.0 930.5 982.0
879.0 930.5 982.0
879.0 930.5 982.0
879.0 930.5 982.0
879.0 930.5 982.0
879.0 930.5 982.0
879.0 930.5 982.0
879.0 930.5 982.0
879.0 930.5 982.0
879.0 930.5 982.0
879.0 930.5 982.0
879.0 930.5 982.0
879.0 930.5 982.0
879.0 930.5 982.0
879.0 930.5 982.0
879.0 930.5 982.0
879.0 930.5 982.0
879.0 930.5 982.0
879.0 930.5 982.0
879.0 930.5 982.0
879.0 930.5 982.0
879.0 930.5 982.0
879.0 930.5 982.0
879.0 930.5 982.0
879.0 930.5 982.0
879.0 930.5 982.0
879.0 930.5 982.0
879.0 930.5 982.0
879.0 930.5 982.0
879.0 930.5 982.0
879.0 930.5 982.0
879.0 930.5 982.0
879.0 930.5 982.0
879.0 930.5 982.0
879.0 930.5 982.0
879.0 930.5 982.0
879.0 930.5 982.0
879.0 930.5 982.0
879.0 930.5 982.0
879.0 930.5 982.0
879.0 930.5 982.0
879.0 930.5 982.0
879.0 930.5 982.0
879.0 930.5 982.0
879.0 930.5 982.0
879.0 930.5 982.0
879.0 930.5 982.0
