11766.0 12376.5 12987.0
10141.0 10228.0 10315.0
8051.0 8327.0 8603.0
6209.0 7618.0 9027.0
4147.0 4755.5 5364.0
4147.0 4755.5 5364.0
3095.0 3670.5 4246.0
2402.0 2755.0 3108.0
1983.0 2545.5 3108.0
1578.0 2125.0 2672.0
1578.0 2125.0 2672.0
1578.0 2125.0 2672.0
1578.0 2125.0 2672.0
1578.0 2125.0 2672.0
1578.0 2125.0 2672.0
1578.0 2125.0 2672.0
1578.0 2125.0 2672.0
1578.0 2125.0 2672.0
1578.0 2125.0 2672.0
1578.0 2125.0 2672.0
1578.0 2125.0 2672.0
1578.0 2125.0 2672.0
1578.0 2125.0 2672.0
1578.0 2125.0 2672.0
1578.0 2125.0 2672.0
1578.0 2125.0 2672.0
1189.0 1656.0 2123.0
1189.0 1620.5 2052.0
1186.0 1619.0 2052.0
1186.0 1619.0 2052.0
1186.0 1619.0 2052.0
1186.0 1619.0 2052.0
1186.0 1619.0 2052.0
1186.0 1619.0 2052.0
1186.0 1619.0 2052.0
1186.0 1619.0 2052.0
1186.0 1619.0 2052.0
1186.0 1619.0 2052.0
1186.0 1619.0 2052.0
1186.0 1619.0 2052.0
1186.0 1619.0 2052.0
1186.0 1619.0 2052.0
1186.0 1619.0 2052.0
1186.0 1619.0 2052.0
1186.0 1550.5 1915.0
1186.0 1293.5 1401.0
1186.0 1293.5 1401.0
1186.0 1280.0 1374.0
1186.0 1280.0 1374.0
1186.0 1238.5 1291.0
1180.0 1183.0 1186.0
1180.0 1183.0 1186.0
1180.0 1183.0 1186.0
1180.0 1183.0 1186.0
1180.0 1183.0 1186.0
1180.0 1183.0 1186.0
1180.0 1183.0 1186.0
1029.0 1107.5 1186.0
1029.0 1107.5 1186.0
876.0 1031.0 1186.0
876.0 1031.0 1186.0
876.0 1031.0 1186.0
876.0 1031.0 1186.0
876.0 1031.0 1186.0
876.0 1031.0 1186.0
876.0 1031.0 1186.0
876.0 1031.0 1186.0
876.0 1031.0 1186.0
876.0 1031.0 1186.0
876.0 1031.0 1186.0
876.0 1031.0 1186.0
876.0 1031.0 1186.0
876.0 1031.0 1186.0
876.0 1031.0 1186.0
876.0 1031.0 1186.0
876.0 1031.0 1186.0
876.0 1031.0 1186.0
876.0 1031.0 1186.0
876.0 1031.0 1186.0
876.0 1031.0 1186.0
876.0 1031.0 1186.0
876.0 1031.0 1186.0
876.0 1031.0 1186.0
876.0 1031.0 1186.0
876.0 1031.0 1186.0
876.0 1031.0 1186.0
876.0 1031.0 1186.0
876.0 1031.0 1186.0
876.0 1031.0 1186.0
876.0 1031.0 1186.0
876.0 1031.0 1186.0
876.0 1031.0 1186.0
876.0 1031.0 1186.0
876.0 1031.0 1186.0
876.0 1031.0 1186.0
876.0 1031.0 1186.0
876.0 1031.0 1186.0
876.0 1031.0 1186.0
876.0 1031.0 1186.0
876.0 1031.0 1186.0
876.0 1031.0 1186.0
876.0 1031.0 1186.0
876.0 1031.0 1186.0
876.0 1031.0 1186.0
876.0 1031.0 1186.0
876.0 1031.0 1186.0
876.0 1031.0 1186.0
876.0 1031.0 1186.0
876.0 1031.0 1186.0
876.0 1031.0 1186.0
876.0 1031.0 1186.0
876.0 1031.0 1186.0
876.0 1031.0 1186.0
876.0 1031.0 1186.0
876.0 1031.0 1186.0
876.0 1031.0 1186.0
876.0 1031.0 1186.0
876.0 1031.0 1186.0
876.0 1031.0 1186.0
876.0 1031.0 1186.0
876.0 1031.0 1186.0
876.0 1031.0 1186.0
876.0 1031.0 1186.0
876.0 1031.0 1186.0
876.0 1031.0 1186.0
876.0 1031.0 1186.0
876.0 1031.0 1186.0
876.0 1031.0 1186.0
876.0 1031.0 1186.0
876.0 1031.0 1186.0
876.0 1031.0 1186.0
876.0 1031.0 1186.0
876.0 1031.0 1186.0
876.0 1031.0 1186.0
876.0 1031.0 1186.0
876.0 1031.0 1186.0
876.0 1031.0 1186.0
876.0 1031.0 1186.0
876.0 1031.0 1186.0
876.0 1031.0 1186.0
876.0 1031.0 1186.0
876.0 1031.0 1186.0
876.0 1031.0 1186.0
876.0 1031.0 1186.0
876.0 1031.0 1186.0
876.0 1031.0 1186.0
876.0 1031.0 1186.0
876.0 1031.0 1186.0
876.0 1031.0 1186.0
876.0 1031.0 1186.0
876.0 1031.0 1186.0
876.0 1031.0 1186.0
876.0 1031.0 1186.0
876.0 1031.0 1186.0
876.0 1031.0 1186.0
876.0 1031.0 1186.0
876.0 1031.0 1186.0
876.0 1031.0 1186.0
876.0 1031.0 1186.0
876.0 1031.0 1186.0
876.0 1031.0 1186.0
876.0 1031.0 1186.0
876.0 1031.0 1186.0
876.0 1031.0 1186.0
876.0 1031.0 1186.0
876.0 1031.0 1186.0
876.0 1031.0 1186.0
876.0 1031.0 1186.0
876.0 1031.0 1186.0
876.0 1031.0 1186.0
876.0 1031.0 1186.0
876.0 1031.0 1186.0
876.0 1031.0 1186.0
876.0 1031.0 1186.0
876.0 1031.0 1186.0
876.0 1031.0 1186.0
876.0 1031.0 1186.0
876.0 1031.0 1186.0
876.0 1031.0 1186.0
876.0 1031.0 1186.0
876.0 1031.0 1186.0
876.0 1031.0 1186.0
876.0 1031.0 1186.0
876.0 1031.0 1186.0
876.0 1031.0 1186.0
876.0 1031.0 1186.0
876.0 1031.0 1186.0
876.0 1031.0 1186.0
876.0 1031.0 1186.0
876.0 1031.0 1186.0
876.0 1031.0 1186.0
876.0 1031.0 1186.0
876.0 1031.0 1186.0
876.0 1031.0 1186.0
876.0 1031.0 1186.0
876.0 1031.0 1186.0
876.0 1031.0 1186.0
876.0 1031.0 1186.0
876.0 1031.0 1186.0
876.0 1031.0 1186.0
