12781.0 12933.5 13086.0
10039.0 10305.5 10572.0
10039.0 10823.0 11607.0
7893.0 9101.0 10309.0
5985.0 7046.5 8108.0
4811.0 5613.5 6416.0
3464.0 4566.0 5668.0
3374.0 3951.0 4528.0
2416.0 3472.0 4528.0
2997.0 3042.5 3088.0
1217.0 2152.5 3088.0
1217.0 1699.0 2181.0
1217.0 2015.0 2813.0
1217.0 2015.0 2813.0
1217.0 1333.5 1450.0
1217.0 1333.5 1450.0
1217.0 1333.5 1450.0
1217.0 1333.5 1450.0
1217.0 1333.5 1450.0
1217.0 1333.5 1450.0
1217.0 1333.5 1450.0
1217.0 1333.5 1450.0
1217.0 1333.5 1450.0
1217.0 1333.5 1450.0
1217.0 1333.5 1450.0
1217.0 1333.5 1450.0
1217.0 1333.5 1450.0
1217.0 1333.5 1450.0
1217.0 1333.5 1450.0
1217.0 1333.5 1450.0
1217.0 1333.5 1450.0
1217.0 1333.5 1450.0
1217.0 1333.5 1450.0
1217.0 1333.5 1450.0
1217.0 1333.5 1450.0
1217.0 1333.5 1450.0
1217.0 1333.5 1450.0
1217.0 1333.5 1450.0
1217.0 1333.5 1450.0
1217.0 1333.5 1450.0
1217.0 1333.5 1450.0
1217.0 1333.5 1450.0
1217.0 1333.5 1450.0
1217.0 1333.5 1450.0
1217.0 1333.5 1450.0
1217.0 1333.5 1450.0
1217.0 1333.5 1450.0
1217.0 1333.5 1450.0
1217.0 1333.5 1450.0
1217.0 1333.5 1450.0
1217.0 1333.5 1450.0
1217.0 1333.5 1450.0
1217.0 1333.5 1450.0
1217.0 1333.5 1450.0
1217.0 1333.5 1450.0
1217.0 1333.5 1450.0
1217.0 1333.5 1450.0
1217.0 1333.5 1450.0
1217.0 1333.5 1450.0
1217.0 1333.5 1450.0
1217.0 1333.5 1450.0
1217.0 1333.5 1450.0
1217.0 1333.5 1450.0
1217.0 1333.5 1450.0
1217.0 1333.5 1450.0
1217.0 1333.5 1450.0
1217.0 1333.5 1450.0
1217.0 1333.5 1450.0
1217.0 1333.5 1450.0
1217.0 1333.5 1450.0
1217.0 1333.5 1450.0
1217.0 1333.5 1450.0
1217.0 1333.5 1450.0
1217.0 1333.5 1450.0
1217.0 1333.5 1450.0
1217.0 1333.5 1450.0
1217.0 1333.5 1450.0
1217.0 1333.5 1450.0
1217.0 1333.5 1450.0
1217.0 1333.5 1450.0
1217.0 1358.0 1499.0
1217.0 1232.5 1248.0
1217.0 1232.5 1248.0
1217.0 1232.5 1248.0
1217.0 1232.5 1248.0
1217.0 1232.5 1248.0
1217.0 1232.5 1248.0
1217.0 1232.5 1248.0
1217.0 1232.5 1248.0
1217.0 1232.5 1248.0
1217.0 1232.5 1248.0
1217.0 1232.5 1248.0
1217.0 1232.5 1248.0
1217.0 1232.5 1248.0
1217.0 1232.5 1248.0
1217.0 1232.5 1248.0
1217.0 1232.5 1248.0
1217.0 1232.5 1248.0
1217.0 1232.5 1248.0
1217.0 1232.5 1248.0
1217.0 1232.5 1248.0
1217.0 1232.5 1248.0
1217.0 1232.5 1248.0
1217.0 1232.5 1248.0
1217.0 1232.5 1248.0
1217.0 1232.5 1248.0
1217.0 1232.5 1248.0
1217.0 1232.5 1248.0
1217.0 1232.5 1248.0
1217.0 1232.5 1248.0
1217.0 1232.5 1248.0
1217.0 1232.5 1248.0
1217.0 1232.5 1248.0
1217.0 1232.5 1248.0
1217.0 1232.5 1248.0
1217.0 1232.5 1248.0
1217.0 1232.5 1248.0
1217.0 1232.5 1248.0
1217.0 1232.5 1248.0
1248.0 1277.5 1307.0
1248.0 1277.5 1307.0
1217.0 1232.5 1248.0
1217.0 1232.5 1248.0
1217.0 1232.5 1248.0
1217.0 1232.5 1248.0
1217.0 1232.5 1248.0
1217.0 1232.5 1248.0
1217.0 1232.5 1248.0
1217.0 1232.5 1248.0
1217.0 1232.5 1248.0
1217.0 1232.5 1248.0
1217.0 1357.5 1498.0
1217.0 1357.5 1498.0
1217.0 1357.5 1498.0
1217.0 1357.5 1498.0
1217.0 1357.5 1498.0
1217.0 1357.5 1498.0
1217.0 1357.5 1498.0
1217.0 1357.5 1498.0
1217.0 1357.5 1498.0
1217.0 1357.5 1498.0
1217.0 1357.5 1498.0
1217.0 1357.5 1498.0
1217.0 1357.5 1498.0
1217.0 1357.5 1498.0
1217.0 1357.5 1498.0
1217.0 1357.5 1498.0
1217.0 1357.5 1498.0
1217.0 1357.5 1498.0
1217.0 1357.5 1498.0
1217.0 1357.5 1498.0
1217.0 1357.5 1498.0
1217.0 1357.5 1498.0
1217.0 1357.5 1498.0
1217.0 1357.5 1498.0
1217.0 1357.5 1498.0
1217.0 1357.5 1498.0
1217.0 1357.5 1498.0
1217.0 1357.5 1498.0
1217.0 1357.5 1498.0
1217.0 1357.5 1498.0
1217.0 1357.5 1498.0
1217.0 1357.5 1498.0
1217.0 1357.5 1498.0
1217.0 1357.5 1498.0
1217.0 1357.5 1498.0
1217.0 1357.5 1498.0
1217.0 1357.5 1498.0
1217.0 1357.5 1498.0
1217.0 1357.5 1498.0
1217.0 1357.5 1498.0
1217.0 1357.5 1498.0
1217.0 1357.5 1498.0
1217.0 1357.5 1498.0
1217.0 1357.5 1498.0
1217.0 1357.5 1498.0
1217.0 1357.5 1498.0
1217.0 1357.5 1498.0
1217.0 1357.5 1498.0
1217.0 1357.5 1498.0
1217.0 1357.5 1498.0
1217.0 1357.5 1498.0
1217.0 1357.5 1498.0
1217.0 1357.5 1498.0
1217.0 1357.5 1498.0
1217.0 1357.5 1498.0
1217.0 1357.5 1498.0
1217.0 1357.5 1498.0
1217.0 1357.5 1498.0
1217.0 1357.5 1498.0
1217.0 1357.5 1498.0
1217.0 1357.5 1498.0
1217.0 1357.5 1498.0
1217.0 1357.5 1498.0
1217.0 1357.5 1498.0
1217.0 1357.5 1498.0
1217.0 1357.5 1498.0
1217.0 1357.5 1498.0
1217.0 1357.5 1498.0
1217.0 1357.5 1498.0
