9296.0 10613.0 11930.0
7955.0 8537.5 9120.0
6999.0 7085.0 7171.0
5607.0 6060.0 6513.0
4843.0 5749.0 6655.0
3129.0 3397.0 3665.0
2445.0 2484.5 2524.0
2445.0 2484.5 2524.0
2180.0 2312.5 2445.0
2180.0 2435.0 2690.0
2180.0 2435.0 2690.0
1890.0 2035.0 2180.0
1890.0 2035.0 2180.0
1336.0 1758.0 2180.0
1039.0 1609.5 2180.0
1039.0 1609.5 2180.0
1039.0 1609.5 2180.0
1039.0 1609.5 2180.0
1039.0 1300.0 1561.0
1039.0 1333.0 1627.0
1039.0 1235.0 1431.0
1039.0 1235.0 1431.0
1039.0 1133.0 1227.0
1039.0 1133.0 1227.0
1039.0 1133.0 1227.0
1039.0 1133.0 1227.0
1039.0 1133.0 1227.0
1039.0 1133.0 1227.0
1039.0 1133.0 1227.0
1039.0 1133.0 1227.0
1039.0 1133.0 1227.0
1039.0 1133.0 1227.0
1039.0 1133.0 1227.0
1039.0 1133.0 1227.0
1039.0 1133.0 1227.0
1039.0 1133.0 1227.0
1039.0 1133.0 1227.0
1039.0 1133.0 1227.0
1039.0 1133.0 1227.0
1039.0 1133.0 1227.0
1039.0 1133.0 1227.0
1039.0 1133.0 1227.0
1039.0 1133.0 1227.0
1039.0 1133.0 1227.0
1039.0 1133.0 1227.0
1039.0 1133.0 1227.0
1039.0 1133.0 1227.0
1039.0 1133.0 1227.0
1039.0 1133.0 1227.0
1039.0 1133.0 1227.0
1039.0 1133.0 1227.0
1039.0 1133.0 1227.0
1039.0 1133.0 1227.0
1039.0 1133.0 1227.0
1039.0 1133.0 1227.0
1039.0 1133.0 1227.0
1039.0 1133.0 1227.0
1039.0 1133.0 1227.0
1039.0 1133.0 1227.0
1039.0 1133.0 1227.0
1039.0 1133.0 1227.0
1039.0 1133.0 1227.0
1039.0 1133.0 1227.0
1039.0 1133.0 1227.0
1039.0 1133.0 1227.0
1039.0 1133.0 1227.0
1039.0 1133.0 1227.0
1039.0 1133.0 1227.0
1039.0 1133.0 1227.0
1039.0 1133.0 1227.0
1039.0 1133.0 1227.0
1039.0 1133.0 1227.0
1039.0 1133.0 1227.0
1039.0 1133.0 1227.0
1039.0 1133.0 1227.0
1039.0 1133.0 1227.0
1039.0 1133.0 1227.0
1039.0 1133.0 1227.0
1039.0 1133.0 1227.0
1039.0 1133.0 1227.0
1039.0 1133.0 1227.0
1039.0 1133.0 1227.0
1039.0 1133.0 1227.0
1039.0 1133.0 1227.0
1039.0 1133.0 1227.0
1039.0 1133.0 1227.0
1039.0 1133.0 1227.0
1039.0 1133.0 1227.0
1039.0 1133.0 1227.0
1039.0 1133.0 1227.0
1039.0 1133.0 1227.0
1039.0 1133.0 1227.0
1039.0 1133.0 1227.0
1039.0 1133.0 1227.0
1039.0 1133.0 1227.0
1039.0 1133.0 1227.0
1039.0 1133.0 1227.0
1039.0 1133.0 1227.0
1039.0 1133.0 1227.0
1039.0 1133.0 1227.0
1039.0 1133.0 1227.0
1039.0 1133.0 1227.0
1039.0 1133.0 1227.0
1039.0 1133.0 1227.0
1039.0 1133.0 1227.0
1039.0 1133.0 1227.0
1039.0 1133.0 1227.0
1039.0 1133.0 1227.0
1039.0 1133.0 1227.0
1039.0 1133.0 1227.0
1039.0 1133.0 1227.0
1039.0 1133.0 1227.0
1039.0 1133.0 1227.0
1039.0 1133.0 1227.0
1039.0 1133.0 1227.0
1039.0 1133.0 1227.0
1039.0 1133.0 1227.0
1039.0 1133.0 1227.0
1039.0 1133.0 1227.0
1039.0 1133.0 1227.0
1039.0 1133.0 1227.0
1039.0 1133.0 1227.0
1039.0 1133.0 1227.0
1039.0 1133.0 1227.0
1039.0 1133.0 1227.0
1039.0 1133.0 1227.0
1039.0 1133.0 1227.0
1039.0 1133.0 1227.0
1039.0 1133.0 1227.0
1039.0 1133.0 1227.0
1039.0 1133.0 1227.0
1039.0 1133.0 1227.0
1039.0 1133.0 1227.0
1039.0 1133.0 1227.0
1039.0 1133.0 1227.0
1039.0 1133.0 1227.0
1039.0 1133.0 1227.0
1039.0 1133.0 1227.0
1039.0 1133.0 1227.0
1039.0 1133.0 1227.0
1039.0 1133.0 1227.0
1039.0 1133.0 1227.0
1039.0 1133.0 1227.0
1039.0 1133.0 1227.0
1039.0 1133.0 1227.0
1039.0 1133.0 1227.0
1039.0 1133.0 1227.0
1039.0 1133.0 1227.0
1039.0 1133.0 1227.0
1039.0 1133.0 1227.0
1039.0 1133.0 1227.0
1039.0 1133.0 1227.0
1039.0 1133.0 1227.0
1039.0 1133.0 1227.0
1039.0 1133.0 1227.0
1039.0 1133.0 1227.0
1039.0 1133.0 1227.0
1039.0 1133.0 1227.0
1039.0 1133.0 1227.0
1039.0 1133.0 1227.0
1039.0 1133.0 1227.0
1039.0 1133.0 1227.0
1039.0 1133.0 1227.0
1039.0 1133.0 1227.0
1039.0 1133.0 1227.0
1039.0 1133.0 1227.0
1039.0 1133.0 1227.0
1039.0 1133.0 1227.0
1039.0 1133.0 1227.0
1039.0 1133.0 1227.0
1039.0 1133.0 1227.0
1039.0 1133.0 1227.0
1039.0 1133.0 1227.0
1039.0 1133.0 1227.0
1039.0 1133.0 1227.0
1039.0 1133.0 1227.0
1039.0 1133.0 1227.0
1039.0 1133.0 1227.0
1039.0 1133.0 1227.0
1039.0 1133.0 1227.0
1039.0 1133.0 1227.0
1039.0 1133.0 1227.0
1039.0 1133.0 1227.0
1039.0 1133.0 1227.0
1039.0 1133.0 1227.0
1039.0 1133.0 1227.0
1039.0 1133.0 1227.0
1039.0 1133.0 1227.0
1039.0 1133.0 1227.0
1039.0 1133.0 1227.0
1039.0 1133.0 1227.0
1039.0 1133.0 1227.0
1039.0 1133.0 1227.0
1039.0 1039.0 1039.0
1039.0 1133.0 1227.0
875.0 957.0 1039.0
875.0 957.0 1039.0
773.0 906.0 1039.0
773.0 906.0 1039.0
773.0 906.0 1039.0
