11372.0 13494.0 15616.0
8311.0 9947.5 11584.0
7235.0 8616.0 9997.0
5881.0 7169.5 8458.0
7059.0 7400.5 7742.0
6209.0 6490.5 6772.0
4374.0 4704.5 5035.0
3606.0 3640.5 3675.0
2624.0 3149.5 3675.0
2425.0 2705.0 2985.0
2425.0 2458.0 2491.0
2425.0 2533.0 2641.0
1696.0 2060.5 2425.0
1770.0 1962.5 2155.0
1080.0 1617.5 2155.0
1080.0 1239.0 1398.0
1080.0 1100.0 1120.0
1080.0 1100.0 1120.0
1080.0 1100.0 1120.0
1080.0 1100.0 1120.0
1080.0 1100.0 1120.0
1080.0 1100.0 1120.0
1080.0 1100.0 1120.0
1080.0 1100.0 1120.0
1080.0 1100.0 1120.0
1080.0 1100.0 1120.0
1080.0 1100.0 1120.0
1080.0 1100.0 1120.0
1080.0 1100.0 1120.0
1080.0 1100.0 1120.0
1080.0 1100.0 1120.0
1080.0 1100.0 1120.0
1080.0 1100.0 1120.0
1080.0 1100.0 1120.0
1080.0 1100.0 1120.0
1080.0 1100.0 1120.0
1080.0 1100.0 1120.0
1080.0 1100.0 1120.0
1080.0 1100.0 1120.0
1080.0 1100.0 1120.0
1080.0 1100.0 1120.0
1080.0 1100.0 1120.0
1080.0 1100.0 1120.0
1080.0 1100.0 1120.0
1080.0 1100.0 1120.0
1080.0 1100.0 1120.0
1080.0 1100.0 1120.0
1080.0 1100.0 1120.0
1080.0 1100.0 1120.0
1080.0 1100.0 1120.0
1080.0 1100.0 1120.0
1080.0 1100.0 1120.0
1080.0 1100.0 1120.0
1080.0 1100.0 1120.0
1080.0 1100.0 1120.0
1080.0 1100.0 1120.0
1080.0 1100.0 1120.0
1080.0 1100.0 1120.0
1080.0 1100.0 1120.0
1080.0 1100.0 1120.0
1080.0 1100.0 1120.0
1080.0 1100.0 1120.0
1080.0 1100.0 1120.0
1080.0 1100.0 1120.0
1080.0 1100.0 1120.0
1080.0 1100.0 1120.0
1080.0 1100.0 1120.0
1080.0 1100.0 1120.0
1080.0 1100.0 1120.0
1080.0 1100.0 1120.0
1080.0 1100.0 1120.0
1080.0 1100.0 1120.0
1080.0 1100.0 1120.0
1080.0 1100.0 1120.0
1080.0 1100.0 1120.0
1080.0 1100.0 1120.0
1080.0 1100.0 1120.0
1080.0 1100.0 1120.0
1080.0 1100.0 1120.0
1080.0 1100.0 1120.0
1080.0 1100.0 1120.0
1080.0 1100.0 1120.0
1080.0 1100.0 1120.0
1080.0 1100.0 1120.0
1080.0 1100.0 1120.0
1080.0 1100.0 1120.0
1080.0 1100.0 1120.0
1080.0 1100.0 1120.0
1080.0 1100.0 1120.0
1080.0 1100.0 1120.0
1080.0 1100.0 1120.0
1080.0 1100.0 1120.0
1080.0 1100.0 1120.0
1080.0 1100.0 1120.0
1080.0 1100.0 1120.0
1080.0 1100.0 1120.0
1080.0 1100.0 1120.0
1080.0 1100.0 1120.0
1080.0 1100.0 1120.0
1080.0 1100.0 1120.0
1080.0 1100.0 1120.0
1080.0 1100.0 1120.0
1080.0 1100.0 1120.0
1080.0 1100.0 1120.0
1080.0 1100.0 1120.0
1080.0 1100.0 1120.0
1080.0 1100.0 1120.0
1080.0 1100.0 1120.0
1080.0 1100.0 1120.0
1080.0 1100.0 1120.0
1080.0 1100.0 1120.0
1080.0 1100.0 1120.0
1080.0 1100.0 1120.0
1080.0 1100.0 1120.0
1080.0 1100.0 1120.0
1080.0 1100.0 1120.0
1080.0 1100.0 1120.0
1080.0 1100.0 1120.0
1080.0 1100.0 1120.0
1080.0 1100.0 1120.0
1080.0 1100.0 1120.0
1080.0 1100.0 1120.0
1080.0 1100.0 1120.0
1080.0 1100.0 1120.0
1080.0 1100.0 1120.0
1080.0 1100.0 1120.0
1080.0 1100.0 1120.0
1080.0 1100.0 1120.0
1080.0 1100.0 1120.0
1080.0 1100.0 1120.0
1080.0 1100.0 1120.0
1080.0 1100.0 1120.0
1080.0 1100.0 1120.0
1080.0 1100.0 1120.0
1080.0 1100.0 1120.0
1080.0 1100.0 1120.0
1080.0 1100.0 1120.0
1080.0 1100.0 1120.0
1080.0 1100.0 1120.0
1080.0 1100.0 1120.0
1080.0 1100.0 1120.0
1080.0 1100.0 1120.0
1080.0 1100.0 1120.0
1080.0 1100.0 1120.0
1080.0 1100.0 1120.0
1080.0 1100.0 1120.0
1080.0 1100.0 1120.0
1080.0 1100.0 1120.0
1080.0 1100.0 1120.0
1080.0 1100.0 1120.0
1080.0 1100.0 1120.0
1080.0 1100.0 1120.0
1080.0 1100.0 1120.0
1080.0 1100.0 1120.0
1080.0 1100.0 1120.0
1080.0 1100.0 1120.0
1080.0 1100.0 1120.0
1080.0 1100.0 1120.0
1080.0 1100.0 1120.0
1080.0 1100.0 1120.0
1080.0 1100.0 1120.0
1080.0 1100.0 1120.0
1080.0 1100.0 1120.0
1080.0 1100.0 1120.0
1080.0 1100.0 1120.0
1080.0 1100.0 1120.0
1080.0 1100.0 1120.0
1080.0 1100.0 1120.0
1080.0 1100.0 1120.0
1080.0 1100.0 1120.0
1080.0 1100.0 1120.0
1080.0 1100.0 1120.0
1080.0 1100.0 1120.0
1080.0 1100.0 1120.0
1080.0 1100.0 1120.0
1080.0 1100.0 1120.0
1080.0 1100.0 1120.0
1080.0 1100.0 1120.0
1080.0 1100.0 1120.0
1080.0 1100.0 1120.0
1080.0 1100.0 1120.0
1080.0 1100.0 1120.0
1080.0 1100.0 1120.0
1080.0 1100.0 1120.0
1080.0 1100.0 1120.0
1080.0 1100.0 1120.0
1080.0 1100.0 1120.0
1080.0 1100.0 1120.0
1080.0 1100.0 1120.0
1080.0 1100.0 1120.0
1080.0 1100.0 1120.0
1080.0 1100.0 1120.0
1080.0 1100.0 1120.0
1080.0 1100.0 1120.0
1080.0 1100.0 1120.0
1080.0 1100.0 1120.0
1080.0 1100.0 1120.0
1080.0 1100.0 1120.0
1080.0 1100.0 1120.0
1080.0 1100.0 1120.0
