13922.0 15186.0 16450.0
12149.0 12371.0 12593.0
9901.0 11034.0 12167.0
7650.0 8584.5 9519.0
8191.0 8744.5 9298.0
8089.0 8095.5 8102.0
5246.0 5782.5 6319.0
3771.0 5045.0 6319.0
2287.0 3501.0 4715.0
2583.0 3392.5 4202.0
2583.0 3286.5 3990.0
2583.0 3104.0 3625.0
2583.0 3104.0 3625.0
2583.0 3104.0 3625.0
2538.0 2560.5 2583.0
2538.0 2560.5 2583.0
2538.0 2560.5 2583.0
2538.0 2560.5 2583.0
2538.0 2560.5 2583.0
2538.0 2560.5 2583.0
1847.0 2215.0 2583.0
1847.0 2215.0 2583.0
1847.0 2215.0 2583.0
1847.0 2215.0 2583.0
1847.0 2215.0 2583.0
1847.0 2215.0 2583.0
1847.0 2215.0 2583.0
1847.0 2215.0 2583.0
1847.0 2215.0 2583.0
1847.0 2215.0 2583.0
1847.0 2215.0 2583.0
1847.0 2215.0 2583.0
1847.0 2215.0 2583.0
1847.0 2215.0 2583.0
1847.0 2215.0 2583.0
1847.0 2215.0 2583.0
1847.0 2215.0 2583.0
1847.0 2215.0 2583.0
1847.0 2215.0 2583.0
1847.0 2215.0 2583.0
1847.0 2215.0 2583.0
1847.0 2215.0 2583.0
1847.0 2215.0 2583.0
1847.0 2215.0 2583.0
1847.0 2215.0 2583.0
1847.0 2215.0 2583.0
1847.0 2215.0 2583.0
1847.0 2215.0 2583.0
1847.0 2215.0 2583.0
1847.0 2215.0 2583.0
1847.0 2215.0 2583.0
1847.0 2178.0 2509.0
1847.0 2101.0 2355.0
1847.0 1947.0 2047.0
1847.0 1947.0 2047.0
1847.0 1947.0 2047.0
1847.0 1947.0 2047.0
1847.0 1947.0 2047.0
1847.0 1947.0 2047.0
1847.0 1947.0 2047.0
1847.0 1947.0 2047.0
1318.0 1582.5 1847.0
1318.0 1582.5 1847.0
1318.0 1582.5 1847.0
1318.0 1582.5 1847.0
1318.0 1582.5 1847.0
1318.0 1582.5 1847.0
1318.0 1582.5 1847.0
1318.0 1582.5 1847.0
1318.0 1582.5 1847.0
1318.0 1582.5 1847.0
1318.0 1582.5 1847.0
1318.0 1582.5 1847.0
1318.0 1582.5 1847.0
1318.0 1582.5 1847.0
1318.0 1582.5 1847.0
1318.0 1582.5 1847.0
1318.0 1582.5 1847.0
1318.0 1582.5 1847.0
1318.0 1582.5 1847.0
1318.0 1582.5 1847.0
1318.0 1755.0 2192.0
1318.0 1356.0 1394.0
1318.0 1356.0 1394.0
1318.0 1356.0 1394.0
1318.0 1356.0 1394.0
1318.0 1356.0 1394.0
1318.0 1356.0 1394.0
1318.0 1356.0 1394.0
1318.0 1356.0 1394.0
1318.0 1356.0 1394.0
1318.0 1356.0 1394.0
1318.0 1356.0 1394.0
1318.0 1356.0 1394.0
1318.0 1356.0 1394.0
1318.0 1356.0 1394.0
1318.0 1356.0 1394.0
1318.0 1356.0 1394.0
1318.0 1356.0 1394.0
1318.0 1356.0 1394.0
1318.0 1356.0 1394.0
1318.0 1356.0 1394.0
1318.0 1356.0 1394.0
1318.0 1356.0 1394.0
1318.0 1356.0 1394.0
1318.0 1356.0 1394.0
1318.0 1356.0 1394.0
1318.0 1356.0 1394.0
1318.0 1356.0 1394.0
1318.0 1356.0 1394.0
1318.0 1356.0 1394.0
1318.0 1356.0 1394.0
1318.0 1356.0 1394.0
1318.0 1356.0 1394.0
1318.0 1356.0 1394.0
1318.0 1356.0 1394.0
1318.0 1356.0 1394.0
1318.0 1356.0 1394.0
1318.0 1356.0 1394.0
1318.0 1356.0 1394.0
1318.0 1356.0 1394.0
1318.0 1356.0 1394.0
1318.0 1356.0 1394.0
1318.0 1356.0 1394.0
1318.0 1356.0 1394.0
1318.0 1356.0 1394.0
1318.0 1356.0 1394.0
1318.0 1356.0 1394.0
1318.0 1356.0 1394.0
1318.0 1356.0 1394.0
1318.0 1356.0 1394.0
1318.0 1356.0 1394.0
1318.0 1356.0 1394.0
1318.0 1356.0 1394.0
1318.0 1356.0 1394.0
1318.0 1356.0 1394.0
1318.0 1356.0 1394.0
1318.0 1356.0 1394.0
1318.0 1356.0 1394.0
1318.0 1356.0 1394.0
1318.0 1356.0 1394.0
1318.0 1356.0 1394.0
1318.0 1356.0 1394.0
1318.0 1356.0 1394.0
1318.0 1356.0 1394.0
1318.0 1356.0 1394.0
1318.0 1356.0 1394.0
1318.0 1356.0 1394.0
1318.0 1356.0 1394.0
1318.0 1356.0 1394.0
1318.0 1356.0 1394.0
1318.0 1356.0 1394.0
1318.0 1356.0 1394.0
1318.0 1356.0 1394.0
1318.0 1356.0 1394.0
1318.0 1356.0 1394.0
1318.0 1356.0 1394.0
1318.0 1356.0 1394.0
1318.0 1356.0 1394.0
1318.0 1356.0 1394.0
1318.0 1356.0 1394.0
1318.0 1356.0 1394.0
1318.0 1356.0 1394.0
1318.0 1356.0 1394.0
1318.0 1356.0 1394.0
1318.0 1356.0 1394.0
1318.0 1356.0 1394.0
1318.0 1356.0 1394.0
1318.0 1356.0 1394.0
1318.0 1356.0 1394.0
1318.0 1356.0 1394.0
1318.0 1356.0 1394.0
1318.0 1356.0 1394.0
1318.0 1356.0 1394.0
1318.0 1356.0 1394.0
1318.0 1356.0 1394.0
1318.0 1356.0 1394.0
1318.0 1356.0 1394.0
1318.0 1356.0 1394.0
1318.0 1356.0 1394.0
1318.0 1356.0 1394.0
1318.0 1356.0 1394.0
1318.0 1356.0 1394.0
1318.0 1356.0 1394.0
1318.0 1356.0 1394.0
1318.0 1356.0 1394.0
1318.0 1356.0 1394.0
1318.0 1356.0 1394.0
1318.0 1356.0 1394.0
1318.0 1356.0 1394.0
1318.0 1356.0 1394.0
1318.0 1356.0 1394.0
1318.0 1356.0 1394.0
1318.0 1356.0 1394.0
1318.0 1356.0 1394.0
1318.0 1356.0 1394.0
1318.0 1356.0 1394.0
1318.0 1356.0 1394.0
1318.0 1356.0 1394.0
1318.0 1356.0 1394.0
