14136.0 14633.5 15131.0
13131.0 13811.5 14492.0
10761.0 11479.0 12197.0
8346.0 8539.0 8732.0
6528.0 6647.5 6767.0
5368.0 5629.0 5890.0
3747.0 3779.5 3812.0
2939.0 3141.0 3343.0
2939.0 3074.0 3209.0
2352.0 2780.5 3209.0
2464.0 2836.5 3209.0
2460.0 2834.5 3209.0
2460.0 2868.0 3276.0
2460.0 2868.0 3276.0
2058.0 2487.5 2917.0
2058.0 2285.0 2512.0
2410.0 2450.5 2491.0
2410.0 2450.5 2491.0
1752.0 2081.0 2410.0
1830.0 2120.0 2410.0
1333.0 1871.5 2410.0
1333.0 1871.5 2410.0
1333.0 1871.5 2410.0
1333.0 1871.5 2410.0
1333.0 1871.5 2410.0
1333.0 1871.5 2410.0
1333.0 1871.5 2410.0
1333.0 1871.5 2410.0
1333.0 1871.5 2410.0
1333.0 1871.5 2410.0
1333.0 1871.5 2410.0
1333.0 1871.5 2410.0
1333.0 1871.0 2409.0
1333.0 1871.0 2409.0
1333.0 1871.0 2409.0
1333.0 1871.0 2409.0
1333.0 1871.0 2409.0
1333.0 1829.5 2326.0
1333.0 1729.0 2125.0
1333.0 1543.0 1753.0
1333.0 1436.5 1540.0
1333.0 1361.0 1389.0
1332.0 1332.5 1333.0
1045.0 1189.0 1333.0
1045.0 1189.0 1333.0
1045.0 1189.0 1333.0
1045.0 1189.0 1333.0
1045.0 1189.0 1333.0
1045.0 1189.0 1333.0
1045.0 1189.0 1333.0
1045.0 1189.0 1333.0
1045.0 1189.0 1333.0
1045.0 1189.0 1333.0
1045.0 1189.0 1333.0
1045.0 1189.0 1333.0
1045.0 1189.0 1333.0
1045.0 1189.0 1333.0
1045.0 1189.0 1333.0
1045.0 1189.0 1333.0
1045.0 1189.0 1333.0
1045.0 1189.0 1333.0
1045.0 1189.0 1333.0
1045.0 1189.0 1333.0
1045.0 1189.0 1333.0
1045.0 1189.0 1333.0
1045.0 1189.0 1333.0
1045.0 1189.0 1333.0
1045.0 1189.0 1333.0
1045.0 1189.0 1333.0
1045.0 1189.0 1333.0
1045.0 1189.0 1333.0
1045.0 1189.0 1333.0
1045.0 1189.0 1333.0
1045.0 1189.0 1333.0
1045.0 1189.0 1333.0
1045.0 1189.0 1333.0
1045.0 1189.0 1333.0
1045.0 1189.0 1333.0
1045.0 1189.0 1333.0
1045.0 1189.0 1333.0
1045.0 1189.0 1333.0
1045.0 1189.0 1333.0
1045.0 1189.0 1333.0
1045.0 1189.0 1333.0
1045.0 1189.0 1333.0
1045.0 1189.0 1333.0
1045.0 1189.0 1333.0
1045.0 1189.0 1333.0
1045.0 1189.0 1333.0
1045.0 1189.0 1333.0
1045.0 1189.0 1333.0
1045.0 1189.0 1333.0
1045.0 1189.0 1333.0
1045.0 1189.0 1333.0
1045.0 1189.0 1333.0
1045.0 1189.0 1333.0
1045.0 1189.0 1333.0
1045.0 1189.0 1333.0
1045.0 1189.0 1333.0
1045.0 1189.0 1333.0
1045.0 1189.0 1333.0
1045.0 1189.0 1333.0
1045.0 1189.0 1333.0
1045.0 1189.0 1333.0
1045.0 1189.0 1333.0
1045.0 1189.0 1333.0
1045.0 1189.0 1333.0
1045.0 1189.0 1333.0
1045.0 1189.0 1333.0
1045.0 1189.0 1333.0
1045.0 1189.0 1333.0
1045.0 1189.0 1333.0
1045.0 1189.0 1333.0
1045.0 1189.0 1333.0
1045.0 1189.0 1333.0
1045.0 1189.0 1333.0
1045.0 1189.0 1333.0
1045.0 1189.0 1333.0
1045.0 1189.0 1333.0
1045.0 1189.0 1333.0
1045.0 1189.0 1333.0
1045.0 1189.0 1333.0
1045.0 1189.0 1333.0
1045.0 1189.0 1333.0
1045.0 1189.0 1333.0
1045.0 1189.0 1333.0
1045.0 1189.0 1333.0
1045.0 1189.0 1333.0
1045.0 1189.0 1333.0
1045.0 1189.0 1333.0
1045.0 1189.0 1333.0
1045.0 1189.0 1333.0
1045.0 1189.0 1333.0
1045.0 1189.0 1333.0
1045.0 1189.0 1333.0
1045.0 1189.0 1333.0
1045.0 1189.0 1333.0
1045.0 1189.0 1333.0
1045.0 1189.0 1333.0
1045.0 1189.0 1333.0
1045.0 1189.0 1333.0
1045.0 1189.0 1333.0
1045.0 1189.0 1333.0
1045.0 1189.0 1333.0
1045.0 1189.0 1333.0
1045.0 1189.0 1333.0
1045.0 1189.0 1333.0
1045.0 1189.0 1333.0
1045.0 1189.0 1333.0
1045.0 1189.0 1333.0
1045.0 1189.0 1333.0
1045.0 1189.0 1333.0
1045.0 1189.0 1333.0
1045.0 1189.0 1333.0
1045.0 1189.0 1333.0
1045.0 1187.0 1329.0
1045.0 1187.0 1329.0
1045.0 1187.0 1329.0
1045.0 1187.0 1329.0
1045.0 1187.0 1329.0
1045.0 1187.0 1329.0
1045.0 1187.0 1329.0
1045.0 1187.0 1329.0
1045.0 1187.0 1329.0
1045.0 1187.0 1329.0
1045.0 1187.0 1329.0
1045.0 1187.0 1329.0
1045.0 1187.0 1329.0
1045.0 1187.0 1329.0
1045.0 1187.0 1329.0
1045.0 1187.0 1329.0
1045.0 1187.0 1329.0
1045.0 1187.0 1329.0
1045.0 1187.0 1329.0
1045.0 1187.0 1329.0
1045.0 1187.0 1329.0
1045.0 1187.0 1329.0
1045.0 1187.0 1329.0
1045.0 1187.0 1329.0
1045.0 1187.0 1329.0
1045.0 1187.0 1329.0
1045.0 1187.0 1329.0
1045.0 1187.0 1329.0
1045.0 1187.0 1329.0
1045.0 1187.0 1329.0
1045.0 1187.0 1329.0
1045.0 1187.0 1329.0
1045.0 1187.0 1329.0
1045.0 1187.0 1329.0
1045.0 1187.0 1329.0
1045.0 1187.0 1329.0
1045.0 1187.0 1329.0
1045.0 1187.0 1329.0
1045.0 1187.0 1329.0
1045.0 1187.0 1329.0
1045.0 1187.0 1329.0
1045.0 1187.0 1329.0
1045.0 1187.0 1329.0
1045.0 1187.0 1329.0
1045.0 1187.0 1329.0
