12153.0 13635.0 15117.0
8626.0 11262.5 13899.0
8442.0 9690.5 10939.0
5586.0 8089.0 10592.0
3603.0 6569.5 9536.0
3603.0 5096.5 6590.0
3603.0 4335.0 5067.0
3603.0 4229.0 4855.0
3603.0 4229.0 4855.0
2304.0 3579.5 4855.0
2304.0 3554.0 4804.0
2304.0 3189.5 4075.0
2304.0 2869.5 3435.0
2304.0 2869.5 3435.0
2304.0 2869.5 3435.0
2304.0 2869.5 3435.0
2304.0 2869.5 3435.0
2304.0 2643.5 2983.0
2304.0 2643.5 2983.0
2304.0 2643.5 2983.0
2304.0 2643.5 2983.0
2304.0 2815.0 3326.0
1883.0 2093.5 2304.0
1883.0 2093.5 2304.0
1883.0 2093.5 2304.0
1883.0 2093.5 2304.0
1883.0 2265.5 2648.0
1883.0 1921.0 1959.0
1883.0 2060.5 2238.0
1883.0 2060.5 2238.0
1883.0 2060.5 2238.0
1883.0 2060.5 2238.0
1883.0 1964.5 2046.0
1751.0 1817.0 1883.0
1751.0 1817.0 1883.0
1751.0 1817.0 1883.0
1751.0 1817.0 1883.0
1751.0 1817.0 1883.0
1549.0 1895.5 2242.0
1459.0 1504.0 1549.0
1459.0 1504.0 1549.0
1459.0 1504.0 1549.0
1459.0 1504.0 1549.0
1459.0 1504.0 1549.0
1459.0 1504.0 1549.0
1459.0 1504.0 1549.0
1459.0 1504.0 1549.0
1459.0 1504.0 1549.0
1459.0 1504.0 1549.0
1459.0 1504.0 1549.0
1459.0 1504.0 1549.0
1459.0 1504.0 1549.0
1459.0 1504.0 1549.0
1459.0 1504.0 1549.0
1459.0 1504.0 1549.0
1459.0 1504.0 1549.0
1459.0 1504.0 1549.0
1459.0 1504.0 1549.0
1459.0 1504.0 1549.0
1459.0 1504.0 1549.0
1459.0 1504.0 1549.0
1459.0 1504.0 1549.0
1459.0 1504.0 1549.0
1459.0 1504.0 1549.0
1459.0 1504.0 1549.0
1459.0 1504.0 1549.0
1459.0 1504.0 1549.0
1459.0 1504.0 1549.0
1459.0 1504.0 1549.0
1459.0 1504.0 1549.0
1459.0 1504.0 1549.0
1459.0 1504.0 1549.0
1459.0 1504.0 1549.0
1459.0 1504.0 1549.0
1459.0 1504.0 1549.0
1459.0 1504.0 1549.0
1459.0 1504.0 1549.0
1459.0 1504.0 1549.0
1459.0 1504.0 1549.0
1459.0 1504.0 1549.0
1459.0 1504.0 1549.0
1459.0 1504.0 1549.0
1459.0 1504.0 1549.0
1459.0 1504.0 1549.0
1459.0 1504.0 1549.0
1459.0 1504.0 1549.0
1459.0 1504.0 1549.0
1459.0 1504.0 1549.0
1459.0 1504.0 1549.0
1459.0 1504.0 1549.0
1459.0 1504.0 1549.0
1459.0 1504.0 1549.0
1459.0 1504.0 1549.0
1459.0 1504.0 1549.0
1459.0 1504.0 1549.0
1459.0 1504.0 1549.0
1459.0 1504.0 1549.0
1459.0 1504.0 1549.0
1459.0 1504.0 1549.0
1459.0 1504.0 1549.0
1459.0 1504.0 1549.0
1459.0 1504.0 1549.0
1459.0 1504.0 1549.0
1459.0 1504.0 1549.0
1459.0 1504.0 1549.0
1459.0 1504.0 1549.0
1459.0 1504.0 1549.0
1459.0 1504.0 1549.0
1459.0 1504.0 1549.0
1459.0 1504.0 1549.0
1459.0 1504.0 1549.0
1459.0 1504.0 1549.0
1459.0 1504.0 1549.0
1459.0 1504.0 1549.0
1459.0 1504.0 1549.0
1459.0 1504.0 1549.0
1459.0 1504.0 1549.0
1459.0 1504.0 1549.0
1459.0 1504.0 1549.0
1459.0 1504.0 1549.0
1459.0 1504.0 1549.0
1459.0 1504.0 1549.0
1459.0 1504.0 1549.0
1459.0 1504.0 1549.0
1459.0 1504.0 1549.0
1459.0 1504.0 1549.0
1459.0 1504.0 1549.0
1459.0 1504.0 1549.0
1459.0 1504.0 1549.0
1459.0 1504.0 1549.0
1459.0 1504.0 1549.0
1459.0 1504.0 1549.0
1459.0 1504.0 1549.0
1459.0 1504.0 1549.0
1459.0 1504.0 1549.0
1459.0 1504.0 1549.0
1459.0 1504.0 1549.0
1459.0 1504.0 1549.0
1459.0 1504.0 1549.0
1459.0 1504.0 1549.0
1459.0 1504.0 1549.0
1459.0 1504.0 1549.0
1459.0 1504.0 1549.0
1459.0 1504.0 1549.0
1459.0 1504.0 1549.0
1459.0 1504.0 1549.0
1459.0 1504.0 1549.0
1459.0 1504.0 1549.0
1459.0 1504.0 1549.0
1459.0 1504.0 1549.0
1459.0 1504.0 1549.0
1459.0 1504.0 1549.0
1459.0 1504.0 1549.0
1459.0 1504.0 1549.0
1459.0 1504.0 1549.0
1459.0 1504.0 1549.0
1459.0 1504.0 1549.0
1459.0 1504.0 1549.0
1459.0 1504.0 1549.0
1459.0 1504.0 1549.0
1459.0 1504.0 1549.0
1459.0 1504.0 1549.0
1459.0 1504.0 1549.0
1459.0 1504.0 1549.0
1459.0 1504.0 1549.0
1459.0 1504.0 1549.0
1459.0 1504.0 1549.0
1459.0 1504.0 1549.0
1459.0 1504.0 1549.0
1459.0 1504.0 1549.0
1459.0 1504.0 1549.0
1459.0 1504.0 1549.0
1459.0 1504.0 1549.0
1459.0 1504.0 1549.0
1459.0 1504.0 1549.0
1459.0 1504.0 1549.0
1459.0 1504.0 1549.0
1459.0 1504.0 1549.0
1459.0 1504.0 1549.0
1459.0 1504.0 1549.0
1459.0 1504.0 1549.0
1459.0 1504.0 1549.0
1459.0 1504.0 1549.0
1459.0 1504.0 1549.0
1459.0 1504.0 1549.0
1459.0 1504.0 1549.0
1459.0 1504.0 1549.0
1459.0 1504.0 1549.0
1459.0 1504.0 1549.0
1459.0 1504.0 1549.0
1459.0 1504.0 1549.0
1459.0 1504.0 1549.0
1459.0 1504.0 1549.0
1459.0 1504.0 1549.0
1459.0 1504.0 1549.0
1459.0 1504.0 1549.0
1459.0 1504.0 1549.0
1459.0 1504.0 1549.0
1459.0 1504.0 1549.0
1459.0 1504.0 1549.0
