8013.0 10190.0 12367.0
7115.0 7622.0 8129.0
6143.0 6276.5 6410.0
4669.0 4986.5 5304.0
4025.0 4287.0 4549.0
2563.0 3042.5 3522.0
2278.0 2420.5 2563.0
2278.0 2383.0 2488.0
2278.0 2383.0 2488.0
1508.0 1893.0 2278.0
1508.0 1893.0 2278.0
1460.0 1869.0 2278.0
1460.0 1869.0 2278.0
1315.0 1796.5 2278.0
1315.0 1796.5 2278.0
1099.0 1688.5 2278.0
1099.0 1688.5 2278.0
1099.0 1688.5 2278.0
1099.0 1688.5 2278.0
1099.0 1688.5 2278.0
1099.0 1688.5 2278.0
1099.0 1688.5 2278.0
1099.0 1688.5 2278.0
1099.0 1215.5 1332.0
1099.0 1215.5 1332.0
1099.0 1133.5 1168.0
857.0 978.0 1099.0
857.0 978.0 1099.0
857.0 978.0 1099.0
857.0 978.0 1099.0
857.0 978.0 1099.0
857.0 978.0 1099.0
857.0 978.0 1099.0
857.0 978.0 1099.0
857.0 978.0 1099.0
857.0 978.0 1099.0
857.0 978.0 1099.0
857.0 978.0 1099.0
857.0 978.0 1099.0
857.0 978.0 1099.0
857.0 978.0 1099.0
857.0 978.0 1099.0
857.0 978.0 1099.0
857.0 978.0 1099.0
857.0 978.0 1099.0
857.0 978.0 1099.0
857.0 978.0 1099.0
857.0 978.0 1099.0
857.0 978.0 1099.0
857.0 978.0 1099.0
857.0 978.0 1099.0
857.0 978.0 1099.0
857.0 978.0 1099.0
857.0 978.0 1099.0
857.0 978.0 1099.0
857.0 978.0 1099.0
857.0 978.0 1099.0
857.0 978.0 1099.0
857.0 978.0 1099.0
857.0 978.0 1099.0
857.0 978.0 1099.0
857.0 978.0 1099.0
857.0 978.0 1099.0
857.0 978.0 1099.0
857.0 978.0 1099.0
857.0 978.0 1099.0
857.0 978.0 1099.0
857.0 978.0 1099.0
857.0 978.0 1099.0
857.0 978.0 1099.0
857.0 978.0 1099.0
857.0 978.0 1099.0
857.0 978.0 1099.0
857.0 978.0 1099.0
857.0 978.0 1099.0
857.0 978.0 1099.0
857.0 978.0 1099.0
857.0 978.0 1099.0
857.0 978.0 1099.0
857.0 978.0 1099.0
857.0 978.0 1099.0
857.0 978.0 1099.0
857.0 978.0 1099.0
857.0 978.0 1099.0
857.0 978.0 1099.0
857.0 978.0 1099.0
857.0 978.0 1099.0
857.0 978.0 1099.0
857.0 978.0 1099.0
857.0 978.0 1099.0
857.0 978.0 1099.0
857.0 978.0 1099.0
857.0 978.0 1099.0
857.0 978.0 1099.0
857.0 978.0 1099.0
857.0 978.0 1099.0
857.0 978.0 1099.0
857.0 978.0 1099.0
857.0 978.0 1099.0
857.0 978.0 1099.0
857.0 978.0 1099.0
857.0 978.0 1099.0
857.0 978.0 1099.0
857.0 978.0 1099.0
857.0 978.0 1099.0
857.0 978.0 1099.0
857.0 978.0 1099.0
857.0 978.0 1099.0
857.0 978.0 1099.0
857.0 978.0 1099.0
857.0 978.0 1099.0
857.0 978.0 1099.0
857.0 978.0 1099.0
857.0 978.0 1099.0
857.0 978.0 1099.0
857.0 978.0 1099.0
857.0 978.0 1099.0
857.0 978.0 1099.0
857.0 978.0 1099.0
857.0 978.0 1099.0
857.0 978.0 1099.0
857.0 978.0 1099.0
857.0 978.0 1099.0
857.0 978.0 1099.0
857.0 978.0 1099.0
857.0 978.0 1099.0
857.0 978.0 1099.0
857.0 978.0 1099.0
857.0 978.0 1099.0
857.0 978.0 1099.0
857.0 978.0 1099.0
857.0 978.0 1099.0
857.0 978.0 1099.0
857.0 978.0 1099.0
857.0 978.0 1099.0
857.0 978.0 1099.0
857.0 978.0 1099.0
857.0 978.0 1099.0
857.0 978.0 1099.0
857.0 978.0 1099.0
857.0 978.0 1099.0
857.0 978.0 1099.0
857.0 978.0 1099.0
857.0 978.0 1099.0
857.0 978.0 1099.0
857.0 978.0 1099.0
857.0 978.0 1099.0
857.0 978.0 1099.0
857.0 978.0 1099.0
857.0 978.0 1099.0
857.0 978.0 1099.0
857.0 978.0 1099.0
857.0 978.0 1099.0
857.0 978.0 1099.0
857.0 978.0 1099.0
857.0 978.0 1099.0
857.0 978.0 1099.0
857.0 978.0 1099.0
857.0 978.0 1099.0
857.0 978.0 1099.0
857.0 978.0 1099.0
857.0 978.0 1099.0
857.0 978.0 1099.0
857.0 978.0 1099.0
857.0 978.0 1099.0
857.0 978.0 1099.0
857.0 978.0 1099.0
857.0 978.0 1099.0
857.0 978.0 1099.0
857.0 978.0 1099.0
857.0 978.0 1099.0
857.0 978.0 1099.0
857.0 978.0 1099.0
857.0 978.0 1099.0
857.0 978.0 1099.0
857.0 978.0 1099.0
857.0 978.0 1099.0
857.0 978.0 1099.0
857.0 978.0 1099.0
857.0 978.0 1099.0
857.0 978.0 1099.0
857.0 978.0 1099.0
857.0 978.0 1099.0
857.0 978.0 1099.0
857.0 978.0 1099.0
857.0 978.0 1099.0
857.0 978.0 1099.0
857.0 978.0 1099.0
857.0 978.0 1099.0
857.0 978.0 1099.0
857.0 978.0 1099.0
857.0 978.0 1099.0
857.0 978.0 1099.0
857.0 978.0 1099.0
857.0 978.0 1099.0
857.0 978.0 1099.0
857.0 978.0 1099.0
857.0 978.0 1099.0
857.0 978.0 1099.0
857.0 978.0 1099.0
