15424.0 15432.0 15440.0
11896.0 12424.5 12953.0
9532.0 10307.0 11082.0
7095.0 7784.0 8473.0
7095.0 7550.5 8006.0
4184.0 5639.5 7095.0
3875.0 4210.0 4545.0
3269.0 3572.0 3875.0
3146.0 3315.5 3485.0
2196.0 2377.5 2559.0
2196.0 2271.0 2346.0
2196.0 2271.0 2346.0
2196.0 2271.0 2346.0
2196.0 2271.0 2346.0
2196.0 2271.0 2346.0
2196.0 2271.0 2346.0
2196.0 2271.0 2346.0
2028.0 2187.0 2346.0
2028.0 2187.0 2346.0
2028.0 2187.0 2346.0
2028.0 2187.0 2346.0
2028.0 2187.0 2346.0
2028.0 2187.0 2346.0
2028.0 2187.0 2346.0
2028.0 2187.0 2346.0
2028.0 2187.0 2346.0
2028.0 2187.0 2346.0
2028.0 2187.0 2346.0
2028.0 2187.0 2346.0
2028.0 2187.0 2346.0
2028.0 2187.0 2346.0
2028.0 2187.0 2346.0
2028.0 2187.0 2346.0
2028.0 2187.0 2346.0
2028.0 2187.0 2346.0
2028.0 2187.0 2346.0
2028.0 2187.0 2346.0
2028.0 2187.0 2346.0
2028.0 2187.0 2346.0
2028.0 2187.0 2346.0
2028.0 2187.0 2346.0
2028.0 2100.0 2172.0
2028.0 2100.0 2172.0
2028.0 2100.0 2172.0
2028.0 2100.0 2172.0
2028.0 2126.5 2225.0
1779.0 1903.5 2028.0
1779.0 1903.5 2028.0
1779.0 1903.5 2028.0
1779.0 1903.5 2028.0
1779.0 1903.5 2028.0
1779.0 1903.5 2028.0
1779.0 1903.5 2028.0
1779.0 1903.5 2028.0
1779.0 1903.5 2028.0
1779.0 1903.5 2028.0
1779.0 1903.5 2028.0
1779.0 1903.5 2028.0
1779.0 1903.5 2028.0
1779.0 1903.5 2028.0
1779.0 1903.5 2028.0
1779.0 1903.5 2028.0
1411.0 1719.5 2028.0
1411.0 1719.5 2028.0
1411.0 1719.5 2028.0
1411.0 1719.5 2028.0
1411.0 1719.5 2028.0
1411.0 1719.5 2028.0
1411.0 1719.5 2028.0
1411.0 1719.5 2028.0
1411.0 1719.5 2028.0
1411.0 1719.5 2028.0
1411.0 1719.5 2028.0
1411.0 1719.5 2028.0
1411.0 1719.5 2028.0
1411.0 1719.5 2028.0
1411.0 1719.5 2028.0
1411.0 1719.5 2028.0
1411.0 1719.5 2028.0
1411.0 1719.5 2028.0
1411.0 1719.5 2028.0
1411.0 1719.5 2028.0
1411.0 1719.5 2028.0
1411.0 1719.5 2028.0
1411.0 1719.5 2028.0
1411.0 1719.5 2028.0
1411.0 1719.5 2028.0
1411.0 1719.5 2028.0
1411.0 1719.5 2028.0
1411.0 1719.5 2028.0
1411.0 1719.5 2028.0
1411.0 1719.5 2028.0
1411.0 1719.5 2028.0
1411.0 1719.5 2028.0
1411.0 1719.5 2028.0
1411.0 1719.5 2028.0
1411.0 1719.5 2028.0
1411.0 1719.5 2028.0
1411.0 1719.5 2028.0
1411.0 1719.5 2028.0
1411.0 1719.5 2028.0
1411.0 1719.5 2028.0
1411.0 1719.5 2028.0
1411.0 1719.5 2028.0
1411.0 1719.5 2028.0
1411.0 1719.5 2028.0
1411.0 1719.5 2028.0
1411.0 1719.5 2028.0
1411.0 1719.5 2028.0
1411.0 1719.5 2028.0
1411.0 1719.5 2028.0
1411.0 1719.5 2028.0
1411.0 1719.5 2028.0
1481.0 1754.5 2028.0
1481.0 1754.5 2028.0
1481.0 1754.5 2028.0
1481.0 1754.5 2028.0
1481.0 1754.5 2028.0
1481.0 1584.5 1688.0
1481.0 1482.0 1483.0
1481.0 1482.0 1483.0
1481.0 1482.0 1483.0
1481.0 1482.0 1483.0
1481.0 1482.0 1483.0
1481.0 1482.0 1483.0
1481.0 1482.0 1483.0
1481.0 1482.0 1483.0
1481.0 1482.0 1483.0
1481.0 1482.0 1483.0
1481.0 1482.0 1483.0
1481.0 1518.0 1555.0
1481.0 1518.0 1555.0
1481.0 1518.0 1555.0
1481.0 1518.0 1555.0
1481.0 1518.0 1555.0
1481.0 1518.0 1555.0
1481.0 1518.0 1555.0
1481.0 1518.0 1555.0
1481.0 1518.0 1555.0
1481.0 1518.0 1555.0
1481.0 1518.0 1555.0
1481.0 1518.0 1555.0
1481.0 1518.0 1555.0
1481.0 1518.0 1555.0
1481.0 1518.0 1555.0
1481.0 1518.0 1555.0
1481.0 1518.0 1555.0
1481.0 1518.0 1555.0
1481.0 1518.0 1555.0
1481.0 1518.0 1555.0
1481.0 1518.0 1555.0
1481.0 1518.0 1555.0
1481.0 1518.0 1555.0
1481.0 1518.0 1555.0
1481.0 1518.0 1555.0
1481.0 1518.0 1555.0
1481.0 1518.0 1555.0
1481.0 1518.0 1555.0
1481.0 1518.0 1555.0
1481.0 1518.0 1555.0
1481.0 1518.0 1555.0
1481.0 1518.0 1555.0
1481.0 1518.0 1555.0
1481.0 1518.0 1555.0
1481.0 1518.0 1555.0
1481.0 1518.0 1555.0
1481.0 1518.0 1555.0
1481.0 1518.0 1555.0
1481.0 1518.0 1555.0
1481.0 1518.0 1555.0
1481.0 1518.0 1555.0
1481.0 1518.0 1555.0
1481.0 1518.0 1555.0
1481.0 1518.0 1555.0
1481.0 1518.0 1555.0
1481.0 1518.0 1555.0
1481.0 1518.0 1555.0
1481.0 1518.0 1555.0
1481.0 1518.0 1555.0
1481.0 1518.0 1555.0
1481.0 1518.0 1555.0
1481.0 1518.0 1555.0
1481.0 1518.0 1555.0
1481.0 1518.0 1555.0
1481.0 1518.0 1555.0
1481.0 1518.0 1555.0
1481.0 1518.0 1555.0
1481.0 1518.0 1555.0
1481.0 1518.0 1555.0
1481.0 1518.0 1555.0
1481.0 1518.0 1555.0
1481.0 1518.0 1555.0
1481.0 1518.0 1555.0
1481.0 1518.0 1555.0
1481.0 1518.0 1555.0
1481.0 1518.0 1555.0
1481.0 1518.0 1555.0
1481.0 1518.0 1555.0
1481.0 1518.0 1555.0
1481.0 1518.0 1555.0
