12325.0 12423.0 12521.0
11804.0 11896.0 11988.0
8727.0 9761.0 10795.0
8347.0 8701.5 9056.0
6881.0 6929.5 6978.0
4873.0 5462.0 6051.0
4692.0 4704.0 4716.0
3826.0 4039.5 4253.0
2442.0 3134.0 3826.0
2442.0 3134.0 3826.0
2442.0 2750.0 3058.0
2442.0 2750.0 3058.0
2247.0 2344.5 2442.0
2374.0 2408.0 2442.0
2280.0 2361.0 2442.0
2280.0 2361.0 2442.0
2280.0 2361.0 2442.0
2280.0 2361.0 2442.0
2280.0 2361.0 2442.0
2280.0 2361.0 2442.0
2280.0 2361.0 2442.0
2280.0 2361.0 2442.0
2280.0 2361.0 2442.0
2280.0 2361.0 2442.0
2280.0 2361.0 2442.0
2280.0 2361.0 2442.0
2280.0 2361.0 2442.0
2280.0 2361.0 2442.0
2280.0 2361.0 2442.0
1854.0 2067.0 2280.0
1854.0 2067.0 2280.0
1854.0 2067.0 2280.0
1854.0 2067.0 2280.0
1854.0 2067.0 2280.0
1854.0 2067.0 2280.0
1854.0 2067.0 2280.0
1854.0 2067.0 2280.0
1854.0 2067.0 2280.0
1854.0 2067.0 2280.0
1854.0 2067.0 2280.0
1854.0 2067.0 2280.0
1854.0 2067.0 2280.0
1854.0 2067.0 2280.0
1854.0 2067.0 2280.0
1929.0 2104.5 2280.0
1929.0 2104.5 2280.0
1929.0 2104.5 2280.0
1929.0 2104.5 2280.0
1929.0 2104.5 2280.0
1929.0 2104.5 2280.0
1929.0 2104.5 2280.0
1929.0 2104.5 2280.0
1929.0 2104.5 2280.0
1929.0 2104.5 2280.0
1929.0 2104.5 2280.0
1929.0 2104.5 2280.0
1929.0 2104.5 2280.0
1929.0 2104.5 2280.0
1929.0 2104.5 2280.0
1929.0 2104.5 2280.0
1929.0 2104.5 2280.0
1929.0 2104.5 2280.0
1929.0 2104.5 2280.0
1929.0 2104.5 2280.0
1929.0 2104.5 2280.0
1876.0 1902.5 1929.0
1662.0 1795.5 1929.0
1635.0 1782.0 1929.0
1635.0 1782.0 1929.0
1635.0 1782.0 1929.0
1635.0 1782.0 1929.0
1635.0 1782.0 1929.0
1635.0 1782.0 1929.0
1635.0 1782.0 1929.0
1635.0 1782.0 1929.0
1635.0 1782.0 1929.0
1635.0 1782.0 1929.0
1635.0 1782.0 1929.0
1635.0 1782.0 1929.0
1635.0 1782.0 1929.0
1635.0 1782.0 1929.0
1635.0 1782.0 1929.0
1635.0 1782.0 1929.0
1635.0 1782.0 1929.0
1635.0 1782.0 1929.0
1635.0 1782.0 1929.0
1635.0 1782.0 1929.0
1635.0 1782.0 1929.0
1635.0 1782.0 1929.0
1635.0 1782.0 1929.0
1635.0 1782.0 1929.0
1635.0 1782.0 1929.0
1635.0 1782.0 1929.0
1635.0 1782.0 1929.0
1635.0 1782.0 1929.0
1635.0 1782.0 1929.0
1635.0 1782.0 1929.0
1635.0 1782.0 1929.0
1635.0 1782.0 1929.0
1635.0 1782.0 1929.0
1635.0 1782.0 1929.0
1635.0 1782.0 1929.0
1635.0 1782.0 1929.0
1635.0 1782.0 1929.0
1635.0 1782.0 1929.0
1635.0 1782.0 1929.0
1635.0 1782.0 1929.0
1635.0 1782.0 1929.0
1635.0 1782.0 1929.0
1635.0 1782.0 1929.0
1635.0 1782.0 1929.0
1635.0 1782.0 1929.0
1635.0 1782.0 1929.0
1635.0 1782.0 1929.0
1635.0 1782.0 1929.0
1635.0 1782.0 1929.0
1635.0 1782.0 1929.0
1635.0 1782.0 1929.0
1635.0 1782.0 1929.0
1635.0 1782.0 1929.0
1635.0 1782.0 1929.0
1635.0 1782.0 1929.0
1635.0 1782.0 1929.0
1635.0 1782.0 1929.0
1635.0 1782.0 1929.0
1635.0 1782.0 1929.0
1635.0 1782.0 1929.0
1635.0 1782.0 1929.0
1635.0 1782.0 1929.0
1635.0 1782.0 1929.0
1635.0 1782.0 1929.0
1635.0 1782.0 1929.0
1635.0 1782.0 1929.0
1635.0 1782.0 1929.0
1635.0 1782.0 1929.0
1635.0 1782.0 1929.0
1635.0 1782.0 1929.0
1635.0 1782.0 1929.0
1635.0 1782.0 1929.0
1635.0 1782.0 1929.0
1635.0 1782.0 1929.0
1635.0 1782.0 1929.0
1635.0 1782.0 1929.0
1635.0 1782.0 1929.0
1635.0 1782.0 1929.0
1635.0 1782.0 1929.0
1635.0 1782.0 1929.0
1635.0 1782.0 1929.0
1635.0 1782.0 1929.0
1635.0 1782.0 1929.0
1635.0 1782.0 1929.0
1635.0 1782.0 1929.0
1635.0 1782.0 1929.0
1635.0 1782.0 1929.0
1635.0 1782.0 1929.0
1635.0 1782.0 1929.0
1635.0 1782.0 1929.0
1635.0 1782.0 1929.0
1635.0 1782.0 1929.0
1635.0 1782.0 1929.0
1635.0 1782.0 1929.0
1635.0 1782.0 1929.0
1635.0 1782.0 1929.0
1635.0 1782.0 1929.0
1635.0 1782.0 1929.0
1635.0 1782.0 1929.0
1635.0 1782.0 1929.0
1635.0 1782.0 1929.0
1635.0 1782.0 1929.0
1635.0 1782.0 1929.0
1635.0 1782.0 1929.0
1635.0 1782.0 1929.0
1635.0 1782.0 1929.0
1449.0 1689.0 1929.0
1134.0 1531.5 1929.0
1134.0 1531.5 1929.0
1134.0 1531.5 1929.0
1134.0 1531.5 1929.0
1134.0 1531.5 1929.0
1134.0 1531.5 1929.0
1134.0 1531.5 1929.0
1134.0 1531.5 1929.0
1134.0 1531.5 1929.0
1134.0 1531.5 1929.0
1134.0 1531.5 1929.0
1134.0 1531.5 1929.0
1134.0 1527.0 1920.0
1134.0 1527.0 1920.0
1134.0 1527.0 1920.0
1134.0 1527.0 1920.0
1134.0 1527.0 1920.0
1134.0 1527.0 1920.0
1134.0 1527.0 1920.0
1134.0 1527.0 1920.0
1134.0 1527.0 1920.0
1134.0 1527.0 1920.0
1134.0 1527.0 1920.0
1134.0 1527.0 1920.0
1134.0 1527.0 1920.0
1134.0 1527.0 1920.0
