12947.0 13339.0 13731.0
9640.0 12086.0 14532.0
7775.0 9449.5 11124.0
6757.0 7839.0 8921.0
3592.0 6186.0 8780.0
3266.0 3429.0 3592.0
2520.0 3056.0 3592.0
2520.0 2935.0 3350.0
1992.0 2199.0 2406.0
1992.0 2199.0 2406.0
1992.0 2199.0 2406.0
1992.0 2199.0 2406.0
1992.0 2199.0 2406.0
1779.0 2092.5 2406.0
1779.0 2092.5 2406.0
1779.0 2092.5 2406.0
1779.0 2092.5 2406.0
1863.0 1986.0 2109.0
1863.0 1919.5 1976.0
1863.0 1919.5 1976.0
1863.0 1919.5 1976.0
1863.0 1919.5 1976.0
1863.0 1919.5 1976.0
1863.0 1919.5 1976.0
1863.0 1919.5 1976.0
1863.0 1919.5 1976.0
1863.0 1919.5 1976.0
1863.0 1919.5 1976.0
1863.0 1919.5 1976.0
1863.0 1919.5 1976.0
1863.0 1919.5 1976.0
1863.0 1919.5 1976.0
1863.0 1919.5 1976.0
1863.0 1919.5 1976.0
1863.0 1919.5 1976.0
1863.0 1919.5 1976.0
1863.0 1919.5 1976.0
1863.0 1919.5 1976.0
1863.0 1919.5 1976.0
1863.0 1919.5 1976.0
1863.0 1919.5 1976.0
1863.0 1919.5 1976.0
1863.0 1919.5 1976.0
1863.0 1919.5 1976.0
1863.0 1919.5 1976.0
1863.0 1919.5 1976.0
1863.0 1919.5 1976.0
1863.0 1926.5 1990.0
1497.0 1680.0 1863.0
1055.0 1459.0 1863.0
1055.0 1459.0 1863.0
1055.0 1459.0 1863.0
1055.0 1459.0 1863.0
1055.0 1459.0 1863.0
1055.0 1459.0 1863.0
1055.0 1459.0 1863.0
1055.0 1459.0 1863.0
1055.0 1459.0 1863.0
1055.0 1459.0 1863.0
1055.0 1459.0 1863.0
1055.0 1459.0 1863.0
1055.0 1459.0 1863.0
1055.0 1459.0 1863.0
1055.0 1459.0 1863.0
1055.0 1459.0 1863.0
1055.0 1459.0 1863.0
1055.0 1459.0 1863.0
1055.0 1459.0 1863.0
1055.0 1459.0 1863.0
1055.0 1459.0 1863.0
1055.0 1459.0 1863.0
1055.0 1459.0 1863.0
1055.0 1459.0 1863.0
1055.0 1459.0 1863.0
1055.0 1459.0 1863.0
1055.0 1459.0 1863.0
1055.0 1459.0 1863.0
1055.0 1459.0 1863.0
1055.0 1459.0 1863.0
1055.0 1459.0 1863.0
1055.0 1459.0 1863.0
1055.0 1459.0 1863.0
1055.0 1459.0 1863.0
1055.0 1459.0 1863.0
1055.0 1459.0 1863.0
1055.0 1459.0 1863.0
1055.0 1459.0 1863.0
1055.0 1459.0 1863.0
1055.0 1459.0 1863.0
1055.0 1459.0 1863.0
1055.0 1459.0 1863.0
1055.0 1459.0 1863.0
1055.0 1459.0 1863.0
1055.0 1459.0 1863.0
1055.0 1459.0 1863.0
1055.0 1459.0 1863.0
1055.0 1459.0 1863.0
1055.0 1459.0 1863.0
1055.0 1459.0 1863.0
1055.0 1459.0 1863.0
1055.0 1459.0 1863.0
1055.0 1459.0 1863.0
1055.0 1459.0 1863.0
1055.0 1459.0 1863.0
1055.0 1459.0 1863.0
1055.0 1459.0 1863.0
1055.0 1459.0 1863.0
1055.0 1273.5 1492.0
1055.0 1273.5 1492.0
1055.0 1273.5 1492.0
1055.0 1273.5 1492.0
1055.0 1273.5 1492.0
1055.0 1273.5 1492.0
1055.0 1273.5 1492.0
1055.0 1273.5 1492.0
1055.0 1273.5 1492.0
1055.0 1273.5 1492.0
1055.0 1273.5 1492.0
1055.0 1273.5 1492.0
1055.0 1273.5 1492.0
1055.0 1273.5 1492.0
1055.0 1273.5 1492.0
1055.0 1273.5 1492.0
1055.0 1273.5 1492.0
1055.0 1273.5 1492.0
1055.0 1273.5 1492.0
1055.0 1273.5 1492.0
1055.0 1273.5 1492.0
1055.0 1273.5 1492.0
1055.0 1273.5 1492.0
1055.0 1273.5 1492.0
1055.0 1273.5 1492.0
1055.0 1273.5 1492.0
1055.0 1273.5 1492.0
1055.0 1273.5 1492.0
1055.0 1273.5 1492.0
1055.0 1273.5 1492.0
1055.0 1273.5 1492.0
1055.0 1273.5 1492.0
1055.0 1273.5 1492.0
1055.0 1273.5 1492.0
1055.0 1273.5 1492.0
1055.0 1273.5 1492.0
1055.0 1273.5 1492.0
1055.0 1273.5 1492.0
1055.0 1273.5 1492.0
1055.0 1273.5 1492.0
1055.0 1273.5 1492.0
1055.0 1273.5 1492.0
1055.0 1273.5 1492.0
1055.0 1273.5 1492.0
1055.0 1273.5 1492.0
1055.0 1273.5 1492.0
1055.0 1273.5 1492.0
1055.0 1273.5 1492.0
1055.0 1273.5 1492.0
1055.0 1273.5 1492.0
1055.0 1273.5 1492.0
1055.0 1273.5 1492.0
1055.0 1273.5 1492.0
1055.0 1273.5 1492.0
1055.0 1273.5 1492.0
1055.0 1273.5 1492.0
1055.0 1273.5 1492.0
1055.0 1273.5 1492.0
1055.0 1273.5 1492.0
1055.0 1273.5 1492.0
1055.0 1273.5 1492.0
1055.0 1273.5 1492.0
1055.0 1273.5 1492.0
1055.0 1273.5 1492.0
1055.0 1273.5 1492.0
1055.0 1273.5 1492.0
1055.0 1273.5 1492.0
1055.0 1273.5 1492.0
1055.0 1273.5 1492.0
1055.0 1273.5 1492.0
1055.0 1273.5 1492.0
1055.0 1273.5 1492.0
1055.0 1273.5 1492.0
1055.0 1273.5 1492.0
1055.0 1273.5 1492.0
1055.0 1273.5 1492.0
1055.0 1273.5 1492.0
1055.0 1273.5 1492.0
1055.0 1273.5 1492.0
1055.0 1273.5 1492.0
1055.0 1273.5 1492.0
1055.0 1273.5 1492.0
1055.0 1273.5 1492.0
1055.0 1273.5 1492.0
1055.0 1273.5 1492.0
1055.0 1273.5 1492.0
1055.0 1273.5 1492.0
1055.0 1273.5 1492.0
1055.0 1273.5 1492.0
1055.0 1273.5 1492.0
1055.0 1273.5 1492.0
1055.0 1273.5 1492.0
1055.0 1273.5 1492.0
