11668.0 11731.5 11795.0
8119.0 8154.5 8190.0
7223.0 7758.5 8294.0
4776.0 5238.0 5700.0
4119.0 4328.5 4538.0
2755.0 2986.0 3217.0
2485.0 2620.0 2755.0
1992.0 2430.0 2868.0
1905.0 1948.5 1992.0
1744.0 1824.5 1905.0
1475.0 1690.0 1905.0
1405.0 1655.0 1905.0
1405.0 1655.0 1905.0
1405.0 1688.0 1971.0
609.0 1007.0 1405.0
609.0 1007.0 1405.0
609.0 1007.0 1405.0
609.0 1007.0 1405.0
609.0 1007.0 1405.0
609.0 1007.0 1405.0
609.0 1007.0 1405.0
609.0 1007.0 1405.0
609.0 1007.0 1405.0
609.0 1007.0 1405.0
609.0 1007.0 1405.0
609.0 1007.0 1405.0
609.0 1007.0 1405.0
609.0 1007.0 1405.0
609.0 1007.0 1405.0
609.0 1007.0 1405.0
609.0 1007.0 1405.0
609.0 1007.0 1405.0
609.0 1007.0 1405.0
609.0 1007.0 1405.0
609.0 1007.0 1405.0
609.0 1007.0 1405.0
609.0 1007.0 1405.0
609.0 1007.0 1405.0
609.0 1007.0 1405.0
609.0 904.0 1199.0
609.0 904.0 1199.0
609.0 963.0 1317.0
609.0 963.0 1317.0
609.0 963.0 1317.0
609.0 963.0 1317.0
609.0 963.0 1317.0
609.0 963.0 1317.0
609.0 963.0 1317.0
609.0 963.0 1317.0
609.0 963.0 1317.0
609.0 963.0 1317.0
609.0 963.0 1317.0
609.0 963.0 1317.0
609.0 963.0 1317.0
609.0 963.0 1317.0
609.0 963.0 1317.0
609.0 963.0 1317.0
609.0 963.0 1317.0
609.0 963.0 1317.0
609.0 963.0 1317.0
609.0 963.0 1317.0
609.0 963.0 1317.0
609.0 963.0 1317.0
609.0 963.0 1317.0
609.0 963.0 1317.0
609.0 963.0 1317.0
609.0 963.0 1317.0
609.0 963.0 1317.0
609.0 963.0 1317.0
609.0 963.0 1317.0
609.0 963.0 1317.0
609.0 963.0 1317.0
609.0 963.0 1317.0
609.0 963.0 1317.0
609.0 963.0 1317.0
609.0 963.0 1317.0
609.0 963.0 1317.0
609.0 963.0 1317.0
609.0 963.0 1317.0
609.0 963.0 1317.0
609.0 963.0 1317.0
609.0 963.0 1317.0
609.0 963.0 1317.0
609.0 963.0 1317.0
609.0 963.0 1317.0
609.0 963.0 1317.0
609.0 963.0 1317.0
609.0 963.0 1317.0
609.0 963.0 1317.0
609.0 963.0 1317.0
609.0 963.0 1317.0
609.0 963.0 1317.0
609.0 963.0 1317.0
609.0 963.0 1317.0
609.0 963.0 1317.0
609.0 963.0 1317.0
609.0 963.0 1317.0
609.0 963.0 1317.0
609.0 963.0 1317.0
609.0 963.0 1317.0
609.0 963.0 1317.0
609.0 963.0 1317.0
609.0 963.0 1317.0
609.0 963.0 1317.0
609.0 963.0 1317.0
609.0 963.0 1317.0
609.0 963.0 1317.0
609.0 963.0 1317.0
609.0 963.0 1317.0
609.0 963.0 1317.0
609.0 963.0 1317.0
609.0 963.0 1317.0
609.0 963.0 1317.0
609.0 963.0 1317.0
609.0 963.0 1317.0
609.0 963.0 1317.0
609.0 963.0 1317.0
609.0 963.0 1317.0
609.0 963.0 1317.0
609.0 963.0 1317.0
609.0 963.0 1317.0
609.0 963.0 1317.0
609.0 963.0 1317.0
609.0 963.0 1317.0
609.0 963.0 1317.0
609.0 963.0 1317.0
609.0 963.0 1317.0
609.0 963.0 1317.0
609.0 963.0 1317.0
609.0 963.0 1317.0
609.0 963.0 1317.0
609.0 963.0 1317.0
609.0 963.0 1317.0
609.0 963.0 1317.0
609.0 963.0 1317.0
609.0 963.0 1317.0
609.0 963.0 1317.0
609.0 963.0 1317.0
609.0 963.0 1317.0
609.0 963.0 1317.0
609.0 963.0 1317.0
609.0 963.0 1317.0
609.0 963.0 1317.0
609.0 963.0 1317.0
609.0 963.0 1317.0
609.0 963.0 1317.0
609.0 963.0 1317.0
609.0 963.0 1317.0
609.0 963.0 1317.0
609.0 963.0 1317.0
609.0 963.0 1317.0
609.0 963.0 1317.0
609.0 963.0 1317.0
609.0 963.0 1317.0
609.0 963.0 1317.0
609.0 963.0 1317.0
609.0 963.0 1317.0
609.0 963.0 1317.0
609.0 963.0 1317.0
609.0 963.0 1317.0
609.0 963.0 1317.0
609.0 963.0 1317.0
609.0 963.0 1317.0
609.0 963.0 1317.0
609.0 963.0 1317.0
609.0 963.0 1317.0
609.0 963.0 1317.0
609.0 963.0 1317.0
609.0 963.0 1317.0
609.0 963.0 1317.0
609.0 963.0 1317.0
609.0 963.0 1317.0
609.0 963.0 1317.0
609.0 963.0 1317.0
609.0 963.0 1317.0
609.0 963.0 1317.0
609.0 963.0 1317.0
609.0 963.0 1317.0
609.0 963.0 1317.0
609.0 963.0 1317.0
609.0 963.0 1317.0
609.0 963.0 1317.0
609.0 963.0 1317.0
609.0 963.0 1317.0
609.0 963.0 1317.0
609.0 963.0 1317.0
609.0 963.0 1317.0
609.0 963.0 1317.0
609.0 963.0 1317.0
609.0 963.0 1317.0
609.0 963.0 1317.0
609.0 963.0 1317.0
609.0 963.0 1317.0
609.0 963.0 1317.0
609.0 963.0 1317.0
609.0 963.0 1317.0
609.0 963.0 1317.0
609.0 963.0 1317.0
609.0 963.0 1317.0
609.0 963.0 1317.0
