12356.0 12780.0 13204.0
11016.0 11927.5 12839.0
6914.0 9500.0 12086.0
4830.0 6956.0 9082.0
3586.0 4749.5 5913.0
3249.0 4453.0 5657.0
3249.0 3439.5 3630.0
3249.0 3312.5 3376.0
2874.0 3061.5 3249.0
2567.0 2908.0 3249.0
2567.0 2908.0 3249.0
1951.0 2600.0 3249.0
1828.0 2538.5 3249.0
1457.0 2042.5 2628.0
1457.0 2042.5 2628.0
1457.0 1824.5 2192.0
1457.0 1824.5 2192.0
1457.0 1802.5 2148.0
1457.0 1802.5 2148.0
1457.0 1802.5 2148.0
1457.0 1802.5 2148.0
1457.0 1802.5 2148.0
1457.0 1802.5 2148.0
1457.0 1802.5 2148.0
1457.0 1802.5 2148.0
1457.0 1802.5 2148.0
1457.0 1802.5 2148.0
1457.0 1802.5 2148.0
1457.0 1802.5 2148.0
1457.0 1802.5 2148.0
1457.0 1565.5 1674.0
1300.0 1378.5 1457.0
1457.0 1464.5 1472.0
1457.0 1464.5 1472.0
1457.0 1464.5 1472.0
1457.0 1464.5 1472.0
1457.0 1464.5 1472.0
1457.0 1464.5 1472.0
1457.0 1464.5 1472.0
1457.0 1464.5 1472.0
1457.0 1464.5 1472.0
1457.0 1464.5 1472.0
1457.0 1464.5 1472.0
1457.0 1464.5 1472.0
1457.0 1464.5 1472.0
1457.0 1464.5 1472.0
1457.0 1464.5 1472.0
1457.0 1464.5 1472.0
1457.0 1464.5 1472.0
1457.0 1464.5 1472.0
1457.0 1464.5 1472.0
1457.0 1464.5 1472.0
1457.0 1464.5 1472.0
1457.0 1464.5 1472.0
1457.0 1464.5 1472.0
1457.0 1464.5 1472.0
1457.0 1464.5 1472.0
1457.0 1464.5 1472.0
1457.0 1464.5 1472.0
1457.0 1464.5 1472.0
1457.0 1464.5 1472.0
1457.0 1464.5 1472.0
1457.0 1464.5 1472.0
1457.0 1464.5 1472.0
1457.0 1464.5 1472.0
1457.0 1464.5 1472.0
1457.0 1464.5 1472.0
1457.0 1464.5 1472.0
1457.0 1464.5 1472.0
1457.0 1464.5 1472.0
1457.0 1464.5 1472.0
1457.0 1464.5 1472.0
1457.0 1464.5 1472.0
1457.0 1464.5 1472.0
1457.0 1464.5 1472.0
1457.0 1464.5 1472.0
1457.0 1464.5 1472.0
1457.0 1464.5 1472.0
1457.0 1464.5 1472.0
1457.0 1464.5 1472.0
1457.0 1464.5 1472.0
1457.0 1464.5 1472.0
1457.0 1464.5 1472.0
1457.0 1464.5 1472.0
1457.0 1464.5 1472.0
1457.0 1464.5 1472.0
1457.0 1464.5 1472.0
1457.0 1464.5 1472.0
1457.0 1464.5 1472.0
1457.0 1464.5 1472.0
1457.0 1464.5 1472.0
1457.0 1464.5 1472.0
1457.0 1464.5 1472.0
1457.0 1464.5 1472.0
1457.0 1464.5 1472.0
1457.0 1464.5 1472.0
1457.0 1464.5 1472.0
1457.0 1464.5 1472.0
1457.0 1464.5 1472.0
1457.0 1464.5 1472.0
1457.0 1464.5 1472.0
1457.0 1464.5 1472.0
1457.0 1464.5 1472.0
1457.0 1464.5 1472.0
1457.0 1464.5 1472.0
1457.0 1464.5 1472.0
1457.0 1464.5 1472.0
1457.0 1464.5 1472.0
1457.0 1464.5 1472.0
1457.0 1464.5 1472.0
1457.0 1464.5 1472.0
1457.0 1464.5 1472.0
1457.0 1464.5 1472.0
1457.0 1464.5 1472.0
1457.0 1464.5 1472.0
1457.0 1464.5 1472.0
1457.0 1464.5 1472.0
1457.0 1464.5 1472.0
1457.0 1464.5 1472.0
1457.0 1464.5 1472.0
1457.0 1464.5 1472.0
1457.0 1464.5 1472.0
1457.0 1464.5 1472.0
1457.0 1464.5 1472.0
1457.0 1464.5 1472.0
1457.0 1464.5 1472.0
1457.0 1464.5 1472.0
1457.0 1464.5 1472.0
1457.0 1464.5 1472.0
1457.0 1464.5 1472.0
1457.0 1464.5 1472.0
1457.0 1464.5 1472.0
1457.0 1464.5 1472.0
1457.0 1464.5 1472.0
1457.0 1464.5 1472.0
1457.0 1464.5 1472.0
1457.0 1464.5 1472.0
1457.0 1464.5 1472.0
1457.0 1464.5 1472.0
1457.0 1464.5 1472.0
1457.0 1464.5 1472.0
1457.0 1464.5 1472.0
1457.0 1464.5 1472.0
1457.0 1464.5 1472.0
1457.0 1464.5 1472.0
1457.0 1464.5 1472.0
1457.0 1464.5 1472.0
1457.0 1464.5 1472.0
1457.0 1464.5 1472.0
1457.0 1464.5 1472.0
1457.0 1464.5 1472.0
1457.0 1464.5 1472.0
1457.0 1464.5 1472.0
1457.0 1464.5 1472.0
1457.0 1464.5 1472.0
1457.0 1464.5 1472.0
1457.0 1464.5 1472.0
1457.0 1464.5 1472.0
1457.0 1464.5 1472.0
1457.0 1464.5 1472.0
1457.0 1464.5 1472.0
1457.0 1464.5 1472.0
1457.0 1464.5 1472.0
1457.0 1464.5 1472.0
1457.0 1464.5 1472.0
1457.0 1464.5 1472.0
1457.0 1464.5 1472.0
1457.0 1464.5 1472.0
1457.0 1464.5 1472.0
1457.0 1464.5 1472.0
1457.0 1464.5 1472.0
1457.0 1464.5 1472.0
1457.0 1464.5 1472.0
1457.0 1464.5 1472.0
1457.0 1464.5 1472.0
1457.0 1464.5 1472.0
1457.0 1464.5 1472.0
1457.0 1464.5 1472.0
1457.0 1464.5 1472.0
1457.0 1464.5 1472.0
1457.0 1464.5 1472.0
1457.0 1464.5 1472.0
1457.0 1464.5 1472.0
1457.0 1464.5 1472.0
1457.0 1464.5 1472.0
1457.0 1464.5 1472.0
1457.0 1464.5 1472.0
1457.0 1464.5 1472.0
1457.0 1464.5 1472.0
1457.0 1464.5 1472.0
1457.0 1464.5 1472.0
1457.0 1464.5 1472.0
1457.0 1464.5 1472.0
1457.0 1464.5 1472.0
1457.0 1464.5 1472.0
1457.0 1464.5 1472.0
1457.0 1464.5 1472.0
1457.0 1464.5 1472.0
1457.0 1464.5 1472.0
1457.0 1464.5 1472.0
