13377.0 15594.5 17812.0
12272.0 13137.0 14002.0
8770.0 9779.0 10788.0
8713.0 9285.0 9857.0
5997.0 7447.5 8898.0
5997.0 6456.0 6915.0
4936.0 5846.0 6756.0
4704.0 4807.5 4911.0
3735.0 3768.5 3802.0
3391.0 3571.5 3752.0
3391.0 3470.0 3549.0
2967.0 3179.0 3391.0
2683.0 3037.0 3391.0
2683.0 3037.0 3391.0
2683.0 3037.0 3391.0
2683.0 3037.0 3391.0
2013.0 2702.0 3391.0
2013.0 2702.0 3391.0
2051.0 2626.5 3202.0
1805.0 2265.0 2725.0
1805.0 2265.0 2725.0
1805.0 2265.0 2725.0
1805.0 2265.0 2725.0
1805.0 2059.5 2314.0
1805.0 1932.0 2059.0
1805.0 1932.0 2059.0
1805.0 1932.0 2059.0
1682.0 1743.5 1805.0
1682.0 1743.5 1805.0
1682.0 1743.5 1805.0
1682.0 1743.5 1805.0
1682.0 1743.5 1805.0
1682.0 1743.5 1805.0
1682.0 1743.5 1805.0
1682.0 1743.5 1805.0
1682.0 1743.5 1805.0
1682.0 1743.5 1805.0
1682.0 1743.5 1805.0
1682.0 1743.5 1805.0
1682.0 1743.5 1805.0
1682.0 1743.5 1805.0
1682.0 1743.5 1805.0
1682.0 1743.5 1805.0
1682.0 1743.5 1805.0
1682.0 1743.5 1805.0
1682.0 1743.5 1805.0
1682.0 1743.5 1805.0
1682.0 1743.5 1805.0
1682.0 1743.5 1805.0
1682.0 1743.5 1805.0
1682.0 1743.5 1805.0
1682.0 1743.5 1805.0
1682.0 1743.5 1805.0
1682.0 1743.5 1805.0
1540.0 1611.0 1682.0
1540.0 1611.0 1682.0
1540.0 1611.0 1682.0
1540.0 1611.0 1682.0
1540.0 1611.0 1682.0
1540.0 1611.0 1682.0
1540.0 1611.0 1682.0
1540.0 1693.5 1847.0
1325.0 1432.5 1540.0
1325.0 1432.5 1540.0
1325.0 1432.5 1540.0
1325.0 1432.5 1540.0
1325.0 1432.5 1540.0
1325.0 1432.5 1540.0
1325.0 1432.5 1540.0
1325.0 1432.5 1540.0
1325.0 1432.5 1540.0
1325.0 1432.5 1540.0
1325.0 1432.5 1540.0
1325.0 1432.5 1540.0
1325.0 1432.5 1540.0
1325.0 1432.5 1540.0
1325.0 1432.5 1540.0
1325.0 1432.5 1540.0
1325.0 1432.5 1540.0
1325.0 1432.5 1540.0
1325.0 1432.5 1540.0
1325.0 1432.5 1540.0
1325.0 1432.5 1540.0
1325.0 1432.5 1540.0
1325.0 1432.5 1540.0
1325.0 1432.5 1540.0
1325.0 1432.5 1540.0
1325.0 1432.5 1540.0
1325.0 1432.5 1540.0
1325.0 1432.5 1540.0
1325.0 1432.5 1540.0
1325.0 1432.5 1540.0
1413.0 1476.5 1540.0
1413.0 1476.5 1540.0
1413.0 1476.5 1540.0
1413.0 1476.5 1540.0
1413.0 1476.5 1540.0
1413.0 1476.5 1540.0
1413.0 1476.5 1540.0
1413.0 1476.5 1540.0
1413.0 1476.5 1540.0
1413.0 1476.5 1540.0
1413.0 1476.5 1540.0
1413.0 1476.5 1540.0
1413.0 1476.5 1540.0
1413.0 1476.5 1540.0
1413.0 1476.5 1540.0
1413.0 1476.5 1540.0
1413.0 1476.5 1540.0
1413.0 1476.5 1540.0
1413.0 1476.5 1540.0
1413.0 1476.5 1540.0
1413.0 1476.5 1540.0
1413.0 1476.5 1540.0
1413.0 1476.5 1540.0
1413.0 1476.5 1540.0
1413.0 1476.5 1540.0
1413.0 1476.5 1540.0
1413.0 1476.5 1540.0
1413.0 1476.5 1540.0
1413.0 1476.5 1540.0
1413.0 1476.5 1540.0
1413.0 1476.5 1540.0
1413.0 1476.5 1540.0
1413.0 1476.5 1540.0
1413.0 1476.5 1540.0
1413.0 1476.5 1540.0
1413.0 1476.5 1540.0
1413.0 1476.5 1540.0
1413.0 1476.5 1540.0
1413.0 1476.5 1540.0
1413.0 1476.5 1540.0
1413.0 1476.5 1540.0
1413.0 1476.5 1540.0
1413.0 1476.5 1540.0
1413.0 1476.5 1540.0
1413.0 1476.5 1540.0
1413.0 1476.5 1540.0
1413.0 1476.5 1540.0
1413.0 1476.5 1540.0
1413.0 1476.5 1540.0
1413.0 1476.5 1540.0
1413.0 1476.5 1540.0
1413.0 1476.5 1540.0
1413.0 1476.5 1540.0
1413.0 1476.5 1540.0
1413.0 1476.5 1540.0
1413.0 1476.5 1540.0
1413.0 1476.5 1540.0
1413.0 1476.5 1540.0
1413.0 1476.5 1540.0
1413.0 1476.5 1540.0
1413.0 1476.5 1540.0
1413.0 1476.5 1540.0
1413.0 1476.5 1540.0
1413.0 1476.5 1540.0
1413.0 1476.5 1540.0
1413.0 1476.5 1540.0
1413.0 1476.5 1540.0
1413.0 1476.5 1540.0
1413.0 1476.5 1540.0
1413.0 1476.5 1540.0
1413.0 1476.5 1540.0
1413.0 1476.5 1540.0
1413.0 1476.5 1540.0
1413.0 1476.5 1540.0
1413.0 1476.5 1540.0
1413.0 1476.5 1540.0
1413.0 1476.5 1540.0
1413.0 1476.5 1540.0
1413.0 1476.5 1540.0
1413.0 1476.5 1540.0
1413.0 1476.5 1540.0
1413.0 1476.5 1540.0
1413.0 1476.5 1540.0
1413.0 1476.5 1540.0
1413.0 1476.5 1540.0
1413.0 1476.5 1540.0
1413.0 1476.5 1540.0
1413.0 1476.5 1540.0
1413.0 1476.5 1540.0
1413.0 1476.5 1540.0
1413.0 1476.5 1540.0
1413.0 1476.5 1540.0
1413.0 1476.5 1540.0
1413.0 1476.5 1540.0
1413.0 1476.5 1540.0
1413.0 1476.5 1540.0
1413.0 1476.5 1540.0
1413.0 1476.5 1540.0
1413.0 1476.5 1540.0
1413.0 1476.5 1540.0
1413.0 1476.5 1540.0
1413.0 1476.5 1540.0
1413.0 1476.5 1540.0
1413.0 1476.5 1540.0
1413.0 1476.5 1540.0
1413.0 1476.5 1540.0
1413.0 1476.5 1540.0
1413.0 1476.5 1540.0
