16073.0 16306.5 16540.0
12036.0 12557.0 13078.0
9853.0 10901.0 11949.0
6444.0 7665.5 8887.0
7514.0 8200.5 8887.0
4600.0 5253.5 5907.0
3550.0 4451.5 5353.0
2911.0 3230.5 3550.0
2911.0 3230.5 3550.0
2911.0 3230.5 3550.0
2911.0 3230.5 3550.0
2911.0 3230.5 3550.0
2911.0 3230.5 3550.0
2911.0 3230.5 3550.0
2858.0 3204.0 3550.0
1676.0 2613.0 3550.0
1676.0 2613.0 3550.0
1676.0 2613.0 3550.0
1676.0 2795.5 3915.0
1676.0 2025.5 2375.0
1676.0 2025.5 2375.0
1676.0 2025.5 2375.0
1676.0 2025.5 2375.0
1676.0 2025.5 2375.0
1676.0 2025.5 2375.0
1676.0 2025.5 2375.0
1676.0 2025.5 2375.0
1676.0 2025.5 2375.0
1676.0 2025.5 2375.0
1676.0 2025.5 2375.0
1676.0 2025.5 2375.0
1676.0 2025.5 2375.0
1676.0 2025.5 2375.0
1676.0 2025.5 2375.0
1676.0 2025.5 2375.0
1676.0 2025.5 2375.0
1676.0 2025.5 2375.0
1676.0 2025.5 2375.0
1676.0 2025.5 2375.0
1676.0 2025.5 2375.0
1676.0 2025.5 2375.0
1676.0 2025.5 2375.0
1676.0 2025.5 2375.0
1676.0 2025.5 2375.0
1676.0 2025.5 2375.0
1676.0 2025.5 2375.0
1676.0 2025.5 2375.0
1676.0 2025.5 2375.0
1676.0 2025.5 2375.0
1676.0 2025.5 2375.0
1676.0 2025.5 2375.0
1676.0 2025.5 2375.0
1676.0 2025.5 2375.0
1676.0 2025.5 2375.0
1676.0 2025.5 2375.0
1676.0 2025.5 2375.0
1676.0 2025.5 2375.0
1676.0 2025.5 2375.0
1676.0 1876.0 2076.0
1676.0 1836.5 1997.0
1676.0 1836.5 1997.0
1676.0 1836.5 1997.0
1676.0 1836.5 1997.0
1676.0 1742.5 1809.0
1676.0 1836.5 1997.0
1676.0 1779.0 1882.0
1641.0 1658.5 1676.0
1641.0 1658.5 1676.0
1641.0 1658.5 1676.0
1641.0 1658.5 1676.0
1641.0 1658.5 1676.0
1641.0 1658.5 1676.0
1641.0 1658.5 1676.0
1641.0 1658.5 1676.0
1641.0 1658.5 1676.0
1641.0 1658.5 1676.0
1641.0 1658.5 1676.0
1641.0 1658.5 1676.0
1641.0 1658.5 1676.0
1641.0 1658.5 1676.0
1641.0 1658.5 1676.0
1641.0 1658.5 1676.0
1641.0 1658.5 1676.0
1641.0 1658.5 1676.0
1641.0 1658.5 1676.0
1641.0 1658.5 1676.0
1641.0 1658.5 1676.0
1641.0 1658.5 1676.0
1641.0 1658.5 1676.0
1641.0 1658.5 1676.0
1641.0 1658.5 1676.0
1641.0 1658.5 1676.0
1641.0 1658.5 1676.0
1641.0 1658.5 1676.0
1641.0 1658.5 1676.0
1641.0 1658.5 1676.0
1641.0 1658.5 1676.0
1641.0 1658.5 1676.0
1641.0 1658.5 1676.0
1641.0 1658.5 1676.0
1641.0 1658.5 1676.0
1641.0 1658.5 1676.0
1641.0 1658.5 1676.0
1641.0 1658.5 1676.0
1641.0 1658.5 1676.0
1641.0 1658.5 1676.0
1641.0 1658.5 1676.0
1641.0 1658.5 1676.0
1641.0 1658.5 1676.0
1641.0 1658.5 1676.0
1641.0 1658.5 1676.0
1641.0 1658.5 1676.0
1641.0 1658.5 1676.0
1641.0 1658.5 1676.0
1641.0 1658.5 1676.0
1641.0 1658.5 1676.0
1641.0 1658.5 1676.0
1641.0 1658.5 1676.0
1641.0 1658.5 1676.0
1641.0 1658.5 1676.0
1641.0 1658.5 1676.0
1641.0 1658.5 1676.0
1641.0 1710.5 1780.0
1641.0 1710.5 1780.0
1641.0 1710.5 1780.0
1641.0 1710.5 1780.0
1641.0 1710.5 1780.0
1641.0 1710.5 1780.0
1641.0 1710.5 1780.0
1641.0 1710.5 1780.0
1641.0 1710.5 1780.0
1641.0 1710.5 1780.0
1641.0 1710.5 1780.0
1641.0 1710.5 1780.0
1641.0 1710.5 1780.0
1641.0 1710.5 1780.0
1641.0 1710.5 1780.0
1641.0 1710.5 1780.0
1641.0 1710.5 1780.0
1641.0 1710.5 1780.0
1641.0 1710.5 1780.0
1641.0 1710.5 1780.0
1641.0 1710.5 1780.0
1641.0 1710.5 1780.0
1641.0 1710.5 1780.0
1641.0 1710.5 1780.0
1641.0 1710.5 1780.0
1641.0 1710.5 1780.0
1641.0 1710.5 1780.0
1641.0 1710.5 1780.0
1641.0 1710.5 1780.0
1641.0 1710.5 1780.0
1641.0 1710.5 1780.0
1641.0 1710.5 1780.0
1641.0 1710.5 1780.0
1641.0 1710.5 1780.0
1641.0 1710.5 1780.0
1641.0 1710.5 1780.0
1641.0 1710.5 1780.0
1641.0 1710.5 1780.0
1641.0 1710.5 1780.0
1641.0 1710.5 1780.0
1641.0 1710.5 1780.0
1641.0 1710.5 1780.0
1641.0 1710.5 1780.0
1641.0 1710.5 1780.0
1641.0 1710.5 1780.0
1641.0 1710.5 1780.0
1641.0 1710.5 1780.0
1641.0 1710.5 1780.0
1641.0 1710.5 1780.0
1641.0 1710.5 1780.0
1641.0 1710.5 1780.0
1641.0 1710.5 1780.0
1641.0 1710.5 1780.0
1641.0 1710.5 1780.0
1641.0 1710.5 1780.0
1641.0 1710.5 1780.0
1641.0 1710.5 1780.0
1641.0 1710.5 1780.0
1641.0 1710.5 1780.0
1641.0 1710.5 1780.0
1641.0 1710.5 1780.0
1641.0 1710.5 1780.0
1641.0 1710.5 1780.0
1641.0 1710.5 1780.0
1641.0 1710.5 1780.0
1641.0 1710.5 1780.0
1641.0 1710.5 1780.0
1641.0 1710.5 1780.0
1641.0 1710.5 1780.0
1641.0 1710.5 1780.0
1641.0 1710.5 1780.0
1641.0 1710.5 1780.0
1641.0 1710.5 1780.0
1641.0 1710.5 1780.0
1641.0 1710.5 1780.0
1641.0 1710.5 1780.0
1641.0 1710.5 1780.0
1641.0 1710.5 1780.0
