11366.0 12070.5 12775.0
9421.0 9705.0 9989.0
8468.0 9053.0 9638.0
5640.0 6568.5 7497.0
5120.0 5151.5 5183.0
4227.0 4301.0 4375.0
2702.0 3120.5 3539.0
2702.0 2848.0 2994.0
2478.0 2526.5 2575.0
2218.0 2395.5 2573.0
2276.0 2303.0 2330.0
2276.0 2303.0 2330.0
1948.0 1975.5 2003.0
1281.0 1642.0 2003.0
1281.0 1642.0 2003.0
1090.0 1546.5 2003.0
1090.0 1546.5 2003.0
1090.0 1546.5 2003.0
1090.0 1546.5 2003.0
1090.0 1546.5 2003.0
1090.0 1546.5 2003.0
1090.0 1546.5 2003.0
1090.0 1384.5 1679.0
1090.0 1384.5 1679.0
1090.0 1371.0 1652.0
1090.0 1371.0 1652.0
1090.0 1371.0 1652.0
1090.0 1371.0 1652.0
1090.0 1371.0 1652.0
1090.0 1371.0 1652.0
1090.0 1371.0 1652.0
1090.0 1371.0 1652.0
1090.0 1371.0 1652.0
1090.0 1371.0 1652.0
1090.0 1371.0 1652.0
1090.0 1371.0 1652.0
1090.0 1371.0 1652.0
1090.0 1371.0 1652.0
1090.0 1371.0 1652.0
1090.0 1371.0 1652.0
1090.0 1371.0 1652.0
1090.0 1371.0 1652.0
1090.0 1371.0 1652.0
1090.0 1371.0 1652.0
1090.0 1371.0 1652.0
1090.0 1371.0 1652.0
1090.0 1371.0 1652.0
1090.0 1507.5 1925.0
1090.0 1507.5 1925.0
1090.0 1257.0 1424.0
1090.0 1257.0 1424.0
1090.0 1257.0 1424.0
1090.0 1257.0 1424.0
1090.0 1257.0 1424.0
1090.0 1257.0 1424.0
1090.0 1257.0 1424.0
1090.0 1257.0 1424.0
1090.0 1257.0 1424.0
1090.0 1257.0 1424.0
1090.0 1257.0 1424.0
1090.0 1257.0 1424.0
1090.0 1257.0 1424.0
1090.0 1257.0 1424.0
1090.0 1257.0 1424.0
1090.0 1257.0 1424.0
1090.0 1257.0 1424.0
1090.0 1257.0 1424.0
1090.0 1257.0 1424.0
1090.0 1257.0 1424.0
1090.0 1257.0 1424.0
1090.0 1257.0 1424.0
1090.0 1257.0 1424.0
1090.0 1257.0 1424.0
1090.0 1257.0 1424.0
1090.0 1257.0 1424.0
1090.0 1257.0 1424.0
1090.0 1257.0 1424.0
1090.0 1257.0 1424.0
1090.0 1257.0 1424.0
1090.0 1257.0 1424.0
1090.0 1257.0 1424.0
1090.0 1257.0 1424.0
1090.0 1257.0 1424.0
1090.0 1257.0 1424.0
1090.0 1257.0 1424.0
1090.0 1257.0 1424.0
1090.0 1257.0 1424.0
1090.0 1257.0 1424.0
1090.0 1257.0 1424.0
1090.0 1257.0 1424.0
1090.0 1257.0 1424.0
1090.0 1257.0 1424.0
1090.0 1257.0 1424.0
1090.0 1257.0 1424.0
1090.0 1257.0 1424.0
1090.0 1257.0 1424.0
1090.0 1257.0 1424.0
1090.0 1257.0 1424.0
1090.0 1257.0 1424.0
1090.0 1257.0 1424.0
1090.0 1257.0 1424.0
1090.0 1257.0 1424.0
1090.0 1257.0 1424.0
1090.0 1257.0 1424.0
1090.0 1257.0 1424.0
1090.0 1257.0 1424.0
1090.0 1257.0 1424.0
1090.0 1257.0 1424.0
1090.0 1257.0 1424.0
1090.0 1257.0 1424.0
1090.0 1257.0 1424.0
1090.0 1257.0 1424.0
1090.0 1257.0 1424.0
1090.0 1257.0 1424.0
1090.0 1257.0 1424.0
1090.0 1257.0 1424.0
1090.0 1257.0 1424.0
1090.0 1257.0 1424.0
1090.0 1257.0 1424.0
1090.0 1257.0 1424.0
1090.0 1257.0 1424.0
1090.0 1257.0 1424.0
1090.0 1257.0 1424.0
1090.0 1257.0 1424.0
1090.0 1257.0 1424.0
1090.0 1257.0 1424.0
1090.0 1257.0 1424.0
1090.0 1257.0 1424.0
1090.0 1257.0 1424.0
1090.0 1257.0 1424.0
1090.0 1257.0 1424.0
1090.0 1257.0 1424.0
1090.0 1257.0 1424.0
1090.0 1257.0 1424.0
1090.0 1257.0 1424.0
1090.0 1257.0 1424.0
1090.0 1257.0 1424.0
1090.0 1257.0 1424.0
1090.0 1257.0 1424.0
1090.0 1257.0 1424.0
1090.0 1257.0 1424.0
1090.0 1257.0 1424.0
1090.0 1257.0 1424.0
1090.0 1257.0 1424.0
1090.0 1257.0 1424.0
1090.0 1257.0 1424.0
1090.0 1257.0 1424.0
1090.0 1257.0 1424.0
1090.0 1257.0 1424.0
1090.0 1257.0 1424.0
1090.0 1257.0 1424.0
1090.0 1257.0 1424.0
1090.0 1257.0 1424.0
1090.0 1209.0 1328.0
1090.0 1209.0 1328.0
1090.0 1209.0 1328.0
1090.0 1209.0 1328.0
1090.0 1209.0 1328.0
1090.0 1209.0 1328.0
1090.0 1209.0 1328.0
1090.0 1209.0 1328.0
1090.0 1209.0 1328.0
1090.0 1209.0 1328.0
1090.0 1209.0 1328.0
1090.0 1209.0 1328.0
1090.0 1209.0 1328.0
1090.0 1209.0 1328.0
1090.0 1209.0 1328.0
1090.0 1209.0 1328.0
1090.0 1209.0 1328.0
1090.0 1209.0 1328.0
1090.0 1209.0 1328.0
1090.0 1209.0 1328.0
1090.0 1209.0 1328.0
1090.0 1209.0 1328.0
1090.0 1209.0 1328.0
1090.0 1209.0 1328.0
1090.0 1209.0 1328.0
1090.0 1209.0 1328.0
1090.0 1209.0 1328.0
1090.0 1209.0 1328.0
1090.0 1209.0 1328.0
1090.0 1209.0 1328.0
1090.0 1209.0 1328.0
1090.0 1209.0 1328.0
1090.0 1209.0 1328.0
1090.0 1209.0 1328.0
1090.0 1209.0 1328.0
1090.0 1209.0 1328.0
1090.0 1209.0 1328.0
1090.0 1209.0 1328.0
1090.0 1209.0 1328.0
1090.0 1209.0 1328.0
1090.0 1209.0 1328.0
1090.0 1209.0 1328.0
1090.0 1209.0 1328.0
1090.0 1209.0 1328.0
1090.0 1209.0 1328.0
1090.0 1209.0 1328.0
1090.0 1209.0 1328.0
