12654.0 13107.0 13560.0
11437.0 12595.5 13754.0
11153.0 11282.5 11412.0
9416.0 11093.0 12770.0
7762.0 9402.0 11042.0
6806.0 7656.5 8507.0
5814.0 7411.5 9009.0
5095.0 5743.5 6392.0
5095.0 5743.5 6392.0
4365.0 4744.0 5123.0
3707.0 4036.0 4365.0
3707.0 3806.5 3906.0
3059.0 3530.5 4002.0
2925.0 3112.5 3300.0
2766.0 2940.5 3115.0
1899.0 2065.0 2231.0
2172.0 2201.5 2231.0
2172.0 2201.5 2231.0
2172.0 2201.5 2231.0
2172.0 2201.5 2231.0
2172.0 2201.5 2231.0
2172.0 2201.5 2231.0
2172.0 2201.5 2231.0
2172.0 2201.5 2231.0
2172.0 2201.5 2231.0
2172.0 2201.5 2231.0
2172.0 2201.5 2231.0
2172.0 2201.5 2231.0
2172.0 2201.5 2231.0
2172.0 2201.5 2231.0
2172.0 2201.5 2231.0
2172.0 2201.5 2231.0
2014.0 2122.5 2231.0
1669.0 1950.0 2231.0
1669.0 1950.0 2231.0
1669.0 1950.0 2231.0
1669.0 1950.0 2231.0
1669.0 1950.0 2231.0
1669.0 1950.0 2231.0
1669.0 1950.0 2231.0
1669.0 1950.0 2231.0
1669.0 1950.0 2231.0
1669.0 1950.0 2231.0
1669.0 1950.0 2231.0
1669.0 1950.0 2231.0
1669.0 1950.0 2231.0
1669.0 1950.0 2231.0
1669.0 1950.0 2231.0
1669.0 1950.0 2231.0
1669.0 1950.0 2231.0
1669.0 1950.0 2231.0
1669.0 1950.0 2231.0
1345.0 1507.0 1669.0
1345.0 1507.0 1669.0
1345.0 1507.0 1669.0
1345.0 1507.0 1669.0
1345.0 1507.0 1669.0
1345.0 1507.0 1669.0
1345.0 1507.0 1669.0
1345.0 1507.0 1669.0
1345.0 1507.0 1669.0
1345.0 1507.0 1669.0
1345.0 1507.0 1669.0
1345.0 1507.0 1669.0
1345.0 1507.0 1669.0
1345.0 1507.0 1669.0
1345.0 1507.0 1669.0
1345.0 1507.0 1669.0
1345.0 1507.0 1669.0
1345.0 1507.0 1669.0
1345.0 1507.0 1669.0
1345.0 1507.0 1669.0
1345.0 1507.0 1669.0
1345.0 1507.0 1669.0
1345.0 1507.0 1669.0
1345.0 1507.0 1669.0
1345.0 1507.0 1669.0
1345.0 1507.0 1669.0
1345.0 1507.0 1669.0
1345.0 1507.0 1669.0
1345.0 1507.0 1669.0
1345.0 1507.0 1669.0
1345.0 1507.0 1669.0
1345.0 1507.0 1669.0
1345.0 1507.0 1669.0
1345.0 1507.0 1669.0
1345.0 1507.0 1669.0
1345.0 1507.0 1669.0
1345.0 1507.0 1669.0
1345.0 1507.0 1669.0
1345.0 1507.0 1669.0
1345.0 1507.0 1669.0
1345.0 1507.0 1669.0
1345.0 1507.0 1669.0
1345.0 1507.0 1669.0
1345.0 1507.0 1669.0
1345.0 1507.0 1669.0
1345.0 1507.0 1669.0
1345.0 1507.0 1669.0
1345.0 1507.0 1669.0
1345.0 1507.0 1669.0
1345.0 1507.0 1669.0
1345.0 1507.0 1669.0
1345.0 1507.0 1669.0
1345.0 1507.0 1669.0
1345.0 1507.0 1669.0
1345.0 1507.0 1669.0
1345.0 1507.0 1669.0
1345.0 1507.0 1669.0
1345.0 1507.0 1669.0
1345.0 1507.0 1669.0
1345.0 1507.0 1669.0
1345.0 1507.0 1669.0
1345.0 1507.0 1669.0
1345.0 1507.0 1669.0
1345.0 1507.0 1669.0
1345.0 1507.0 1669.0
1345.0 1507.0 1669.0
1345.0 1507.0 1669.0
1345.0 1507.0 1669.0
1345.0 1507.0 1669.0
1345.0 1507.0 1669.0
1345.0 1507.0 1669.0
1345.0 1507.0 1669.0
1345.0 1507.0 1669.0
1345.0 1507.0 1669.0
1345.0 1507.0 1669.0
1345.0 1507.0 1669.0
1345.0 1507.0 1669.0
1345.0 1507.0 1669.0
1345.0 1507.0 1669.0
1345.0 1507.0 1669.0
1345.0 1507.0 1669.0
1345.0 1507.0 1669.0
1345.0 1507.0 1669.0
1345.0 1507.0 1669.0
1345.0 1507.0 1669.0
1345.0 1507.0 1669.0
1345.0 1507.0 1669.0
1345.0 1507.0 1669.0
1345.0 1507.0 1669.0
1345.0 1507.0 1669.0
1345.0 1507.0 1669.0
1345.0 1507.0 1669.0
1345.0 1507.0 1669.0
1345.0 1507.0 1669.0
1345.0 1507.0 1669.0
1345.0 1507.0 1669.0
1345.0 1507.0 1669.0
1345.0 1507.0 1669.0
1345.0 1507.0 1669.0
1345.0 1507.0 1669.0
1345.0 1507.0 1669.0
1345.0 1507.0 1669.0
1345.0 1507.0 1669.0
1345.0 1507.0 1669.0
1345.0 1507.0 1669.0
1345.0 1507.0 1669.0
1345.0 1507.0 1669.0
1345.0 1507.0 1669.0
1345.0 1507.0 1669.0
1345.0 1507.0 1669.0
1345.0 1507.0 1669.0
1345.0 1507.0 1669.0
1345.0 1507.0 1669.0
1345.0 1507.0 1669.0
1345.0 1507.0 1669.0
1345.0 1507.0 1669.0
1345.0 1507.0 1669.0
1345.0 1507.0 1669.0
1345.0 1507.0 1669.0
1345.0 1507.0 1669.0
1345.0 1507.0 1669.0
1345.0 1507.0 1669.0
1345.0 1507.0 1669.0
1345.0 1507.0 1669.0
1345.0 1507.0 1669.0
1345.0 1507.0 1669.0
1345.0 1507.0 1669.0
1345.0 1507.0 1669.0
1345.0 1507.0 1669.0
1345.0 1507.0 1669.0
1345.0 1507.0 1669.0
1345.0 1507.0 1669.0
1345.0 1507.0 1669.0
1345.0 1507.0 1669.0
1345.0 1507.0 1669.0
1345.0 1507.0 1669.0
1345.0 1507.0 1669.0
1345.0 1507.0 1669.0
1345.0 1507.0 1669.0
1345.0 1507.0 1669.0
1345.0 1507.0 1669.0
1345.0 1507.0 1669.0
1345.0 1507.0 1669.0
1345.0 1507.0 1669.0
1345.0 1507.0 1669.0
1345.0 1602.0 1859.0
1345.0 1602.0 1859.0
1345.0 1602.0 1859.0
