11642.0 12652.5 13663.0
8722.0 9504.0 10286.0
6903.0 7930.5 8958.0
3449.0 5466.0 7483.0
3449.0 4303.0 5157.0
3298.0 3747.5 4197.0
2548.0 2818.5 3089.0
2548.0 2603.5 2659.0
1701.0 1968.5 2236.0
1701.0 1991.0 2281.0
1058.0 1379.5 1701.0
1058.0 1379.5 1701.0
1058.0 1379.5 1701.0
1058.0 1379.5 1701.0
1058.0 1379.5 1701.0
1058.0 1379.5 1701.0
1058.0 1379.5 1701.0
1058.0 1379.5 1701.0
1058.0 1379.5 1701.0
1058.0 1379.5 1701.0
1058.0 1379.5 1701.0
1058.0 1379.5 1701.0
1058.0 1379.5 1701.0
1058.0 1379.5 1701.0
1058.0 1379.5 1701.0
1058.0 1379.5 1701.0
1058.0 1379.5 1701.0
1058.0 1379.5 1701.0
1058.0 1379.5 1701.0
1058.0 1379.5 1701.0
1058.0 1379.5 1701.0
1058.0 1379.5 1701.0
1058.0 1379.5 1701.0
1058.0 1379.5 1701.0
1058.0 1379.5 1701.0
1058.0 1379.5 1701.0
1058.0 1379.5 1701.0
1058.0 1379.5 1701.0
1058.0 1379.5 1701.0
1058.0 1379.5 1701.0
1058.0 1379.5 1701.0
1058.0 1379.5 1701.0
1058.0 1379.5 1701.0
1058.0 1421.0 1784.0
1058.0 1421.0 1784.0
1058.0 1220.5 1383.0
1058.0 1220.5 1383.0
1058.0 1220.5 1383.0
1058.0 1220.5 1383.0
1058.0 1220.5 1383.0
1058.0 1220.5 1383.0
1058.0 1220.5 1383.0
1058.0 1220.5 1383.0
1058.0 1220.5 1383.0
1058.0 1220.5 1383.0
1058.0 1220.5 1383.0
1058.0 1220.5 1383.0
1058.0 1220.5 1383.0
1058.0 1220.5 1383.0
1058.0 1220.5 1383.0
1058.0 1220.5 1383.0
1058.0 1220.5 1383.0
1058.0 1220.5 1383.0
1058.0 1220.5 1383.0
1058.0 1220.5 1383.0
1058.0 1220.5 1383.0
1058.0 1220.5 1383.0
1058.0 1220.5 1383.0
1058.0 1220.5 1383.0
1058.0 1220.5 1383.0
1058.0 1220.5 1383.0
1058.0 1220.5 1383.0
1058.0 1220.5 1383.0
1058.0 1220.5 1383.0
1058.0 1220.5 1383.0
1058.0 1220.5 1383.0
1058.0 1220.5 1383.0
1058.0 1220.5 1383.0
1058.0 1220.5 1383.0
1058.0 1220.5 1383.0
1058.0 1220.5 1383.0
1058.0 1220.5 1383.0
1058.0 1220.5 1383.0
1058.0 1220.5 1383.0
1058.0 1220.5 1383.0
1058.0 1220.5 1383.0
1058.0 1220.5 1383.0
1058.0 1220.5 1383.0
1058.0 1220.5 1383.0
1058.0 1220.5 1383.0
1058.0 1220.5 1383.0
1058.0 1220.5 1383.0
1058.0 1220.5 1383.0
1058.0 1220.5 1383.0
1058.0 1220.5 1383.0
1058.0 1220.5 1383.0
1058.0 1220.5 1383.0
1058.0 1220.5 1383.0
1058.0 1220.5 1383.0
1058.0 1220.5 1383.0
1058.0 1220.5 1383.0
1058.0 1220.5 1383.0
1058.0 1220.5 1383.0
1058.0 1220.5 1383.0
1058.0 1220.5 1383.0
1058.0 1220.5 1383.0
1058.0 1220.5 1383.0
1058.0 1220.5 1383.0
1058.0 1220.5 1383.0
1058.0 1220.5 1383.0
1058.0 1220.5 1383.0
1058.0 1220.5 1383.0
1058.0 1220.5 1383.0
1058.0 1220.5 1383.0
1058.0 1220.5 1383.0
1058.0 1220.5 1383.0
1058.0 1220.5 1383.0
1058.0 1220.5 1383.0
1058.0 1220.5 1383.0
1058.0 1220.5 1383.0
1058.0 1220.5 1383.0
1058.0 1220.5 1383.0
1058.0 1220.5 1383.0
1058.0 1220.5 1383.0
1058.0 1220.5 1383.0
1058.0 1220.5 1383.0
1058.0 1220.5 1383.0
1058.0 1220.5 1383.0
1058.0 1220.5 1383.0
1058.0 1220.5 1383.0
1058.0 1220.5 1383.0
1058.0 1220.5 1383.0
1058.0 1220.5 1383.0
1058.0 1220.5 1383.0
1058.0 1220.5 1383.0
1058.0 1220.5 1383.0
1058.0 1220.5 1383.0
1058.0 1220.5 1383.0
1058.0 1220.5 1383.0
1058.0 1220.5 1383.0
1058.0 1220.5 1383.0
1058.0 1220.5 1383.0
1058.0 1220.5 1383.0
1058.0 1220.5 1383.0
1058.0 1220.5 1383.0
1058.0 1220.5 1383.0
1058.0 1220.5 1383.0
1058.0 1220.5 1383.0
1058.0 1220.5 1383.0
1058.0 1220.5 1383.0
1058.0 1220.5 1383.0
1058.0 1220.5 1383.0
1058.0 1220.5 1383.0
1058.0 1220.5 1383.0
1058.0 1220.5 1383.0
1058.0 1220.5 1383.0
1058.0 1220.5 1383.0
1058.0 1220.5 1383.0
1058.0 1220.5 1383.0
1058.0 1220.5 1383.0
1058.0 1220.5 1383.0
1058.0 1220.5 1383.0
1058.0 1220.5 1383.0
1058.0 1220.5 1383.0
1058.0 1220.5 1383.0
1058.0 1220.5 1383.0
1058.0 1220.5 1383.0
1058.0 1220.5 1383.0
1058.0 1220.5 1383.0
1058.0 1220.5 1383.0
1058.0 1220.5 1383.0
1058.0 1220.5 1383.0
1058.0 1220.5 1383.0
1058.0 1220.5 1383.0
1058.0 1220.5 1383.0
1058.0 1220.5 1383.0
1058.0 1220.5 1383.0
1058.0 1220.5 1383.0
1058.0 1220.5 1383.0
1058.0 1220.5 1383.0
1058.0 1220.5 1383.0
1058.0 1220.5 1383.0
1058.0 1220.5 1383.0
1058.0 1220.5 1383.0
1058.0 1220.5 1383.0
1058.0 1220.5 1383.0
1058.0 1220.5 1383.0
1058.0 1220.5 1383.0
1058.0 1220.5 1383.0
1058.0 1220.5 1383.0
1058.0 1220.5 1383.0
1058.0 1220.5 1383.0
1058.0 1251.5 1445.0
1058.0 1251.5 1445.0
1058.0 1130.0 1202.0
859.0 958.5 1058.0
859.0 958.5 1058.0
859.0 958.5 1058.0
859.0 958.5 1058.0
859.0 958.5 1058.0
