12859.0 15270.5 17682.0
9492.0 9989.0 10486.0
7454.0 9032.0 10610.0
8580.0 8744.5 8909.0
6311.0 6486.5 6662.0
3615.0 4649.5 5684.0
3615.0 4206.5 4798.0
2890.0 4005.5 5121.0
2203.0 3662.0 5121.0
2203.0 2904.0 3605.0
2595.0 2948.5 3302.0
2595.0 2670.5 2746.0
2595.0 2670.5 2746.0
2017.0 2306.0 2595.0
2017.0 2306.0 2595.0
2017.0 2306.0 2595.0
2699.0 2780.0 2861.0
2010.0 2435.5 2861.0
2000.0 2005.0 2010.0
2000.0 2005.0 2010.0
2010.0 2115.0 2220.0
1542.0 1776.0 2010.0
1542.0 1776.0 2010.0
1542.0 1776.0 2010.0
1542.0 1776.0 2010.0
1542.0 1776.0 2010.0
1542.0 1776.0 2010.0
1542.0 1776.0 2010.0
1542.0 1776.0 2010.0
1542.0 1776.0 2010.0
1542.0 1776.0 2010.0
1542.0 1776.0 2010.0
1542.0 1776.0 2010.0
1542.0 1776.0 2010.0
1542.0 1796.5 2051.0
1542.0 1796.5 2051.0
1542.0 1584.5 1627.0
1542.0 1682.0 1822.0
1133.0 1337.5 1542.0
1133.0 1337.5 1542.0
1133.0 1337.5 1542.0
1133.0 1337.5 1542.0
1133.0 1337.5 1542.0
1133.0 1337.5 1542.0
1133.0 1337.5 1542.0
1133.0 1337.5 1542.0
1133.0 1337.5 1542.0
1133.0 1337.5 1542.0
1133.0 1337.5 1542.0
1133.0 1337.5 1542.0
1133.0 1337.5 1542.0
1133.0 1337.5 1542.0
1133.0 1337.5 1542.0
1133.0 1337.5 1542.0
1133.0 1337.5 1542.0
1133.0 1337.5 1542.0
1133.0 1337.5 1542.0
1133.0 1337.5 1542.0
1133.0 1337.5 1542.0
1133.0 1337.5 1542.0
1133.0 1337.5 1542.0
1133.0 1337.5 1542.0
1133.0 1337.5 1542.0
1133.0 1337.5 1542.0
1133.0 1337.5 1542.0
1133.0 1337.5 1542.0
1133.0 1337.5 1542.0
1133.0 1337.5 1542.0
1133.0 1337.5 1542.0
1133.0 1337.5 1542.0
1133.0 1337.5 1542.0
1133.0 1337.5 1542.0
1133.0 1337.5 1542.0
1133.0 1337.5 1542.0
1133.0 1337.5 1542.0
1133.0 1337.5 1542.0
1133.0 1337.5 1542.0
1133.0 1337.5 1542.0
1133.0 1337.5 1542.0
1133.0 1337.5 1542.0
1133.0 1337.5 1542.0
1133.0 1337.5 1542.0
1133.0 1337.5 1542.0
1133.0 1337.5 1542.0
1133.0 1337.5 1542.0
1133.0 1337.5 1542.0
1133.0 1337.5 1542.0
1133.0 1337.5 1542.0
1133.0 1337.5 1542.0
1133.0 1337.5 1542.0
1133.0 1337.5 1542.0
1133.0 1337.5 1542.0
1133.0 1337.5 1542.0
1133.0 1337.5 1542.0
1133.0 1337.5 1542.0
1133.0 1337.5 1542.0
1133.0 1337.5 1542.0
1133.0 1337.5 1542.0
1133.0 1337.5 1542.0
1133.0 1337.5 1542.0
1133.0 1337.5 1542.0
1133.0 1337.5 1542.0
1133.0 1337.5 1542.0
1133.0 1337.5 1542.0
1133.0 1337.5 1542.0
1133.0 1337.5 1542.0
1133.0 1337.5 1542.0
1133.0 1337.5 1542.0
1133.0 1337.5 1542.0
1133.0 1337.5 1542.0
1133.0 1337.5 1542.0
1133.0 1337.5 1542.0
1133.0 1337.5 1542.0
1133.0 1337.5 1542.0
1133.0 1337.5 1542.0
1133.0 1337.5 1542.0
1133.0 1337.5 1542.0
1133.0 1337.5 1542.0
1133.0 1337.5 1542.0
1133.0 1337.5 1542.0
1133.0 1337.5 1542.0
1133.0 1337.5 1542.0
1133.0 1337.5 1542.0
1133.0 1337.5 1542.0
1133.0 1337.5 1542.0
1133.0 1337.5 1542.0
1133.0 1337.5 1542.0
1133.0 1337.5 1542.0
1133.0 1337.5 1542.0
1133.0 1337.5 1542.0
1133.0 1337.5 1542.0
1133.0 1337.5 1542.0
1133.0 1337.5 1542.0
1133.0 1337.5 1542.0
1133.0 1337.5 1542.0
1133.0 1337.5 1542.0
1133.0 1337.5 1542.0
1133.0 1337.5 1542.0
1133.0 1337.5 1542.0
1133.0 1337.5 1542.0
1133.0 1337.5 1542.0
1133.0 1395.5 1658.0
1133.0 1393.5 1654.0
1133.0 1289.5 1446.0
1133.0 1289.5 1446.0
1133.0 1289.5 1446.0
1133.0 1289.5 1446.0
1133.0 1289.5 1446.0
1133.0 1289.5 1446.0
1133.0 1289.5 1446.0
1133.0 1289.5 1446.0
1133.0 1289.5 1446.0
1133.0 1289.5 1446.0
1133.0 1289.5 1446.0
1133.0 1289.5 1446.0
1133.0 1289.5 1446.0
1133.0 1289.5 1446.0
1133.0 1289.5 1446.0
1133.0 1289.5 1446.0
1133.0 1289.5 1446.0
1133.0 1289.5 1446.0
1133.0 1289.5 1446.0
1133.0 1289.5 1446.0
1133.0 1289.5 1446.0
1133.0 1289.5 1446.0
1133.0 1289.5 1446.0
1133.0 1289.5 1446.0
1133.0 1289.5 1446.0
1133.0 1289.5 1446.0
1133.0 1289.5 1446.0
1133.0 1289.5 1446.0
1133.0 1289.5 1446.0
1133.0 1289.5 1446.0
1133.0 1289.5 1446.0
1133.0 1289.5 1446.0
1133.0 1289.5 1446.0
1133.0 1289.5 1446.0
1133.0 1289.5 1446.0
1133.0 1289.5 1446.0
1133.0 1289.5 1446.0
1133.0 1289.5 1446.0
1133.0 1289.5 1446.0
1133.0 1289.5 1446.0
1133.0 1289.5 1446.0
1133.0 1289.5 1446.0
1133.0 1289.5 1446.0
1133.0 1289.5 1446.0
1133.0 1289.5 1446.0
1133.0 1289.5 1446.0
1133.0 1289.5 1446.0
1133.0 1289.5 1446.0
1133.0 1289.5 1446.0
1133.0 1289.5 1446.0
1133.0 1289.5 1446.0
1133.0 1289.5 1446.0
1133.0 1289.5 1446.0
1133.0 1289.5 1446.0
1133.0 1289.5 1446.0
1133.0 1289.5 1446.0
1133.0 1289.5 1446.0
