14391.0 15878.5 17366.0
12255.0 12973.5 13692.0
9905.0 11227.0 12549.0
7142.0 9060.0 10978.0
6363.0 7959.0 9555.0
5550.0 6308.0 7066.0
5660.0 6186.0 6712.0
4535.0 5495.0 6455.0
3840.0 4490.5 5141.0
3840.0 4228.0 4616.0
3840.0 4228.0 4616.0
3840.0 3843.0 3846.0
2287.0 2469.0 2651.0
2287.0 2469.0 2651.0
2287.0 2469.0 2651.0
2287.0 2469.0 2651.0
2271.0 2461.0 2651.0
2271.0 2461.0 2651.0
2119.0 2385.0 2651.0
2119.0 2385.0 2651.0
2119.0 2385.0 2651.0
2119.0 2385.0 2651.0
2119.0 2385.0 2651.0
2119.0 2385.0 2651.0
2119.0 2385.0 2651.0
2119.0 2385.0 2651.0
2119.0 2385.0 2651.0
2119.0 2385.0 2651.0
2119.0 2385.0 2651.0
2119.0 2385.0 2651.0
2119.0 2385.0 2651.0
2119.0 2385.0 2651.0
2119.0 2385.0 2651.0
1842.0 1980.5 2119.0
1788.0 1953.5 2119.0
1788.0 1953.5 2119.0
1759.0 1939.0 2119.0
1752.0 1935.5 2119.0
1752.0 1935.5 2119.0
1752.0 1935.5 2119.0
1752.0 1935.5 2119.0
1752.0 1935.5 2119.0
1752.0 1935.5 2119.0
1752.0 1935.5 2119.0
1752.0 1935.5 2119.0
1752.0 1935.5 2119.0
1752.0 1935.5 2119.0
1752.0 1935.5 2119.0
1752.0 1935.5 2119.0
1752.0 1935.5 2119.0
1752.0 1935.5 2119.0
1752.0 1935.5 2119.0
1752.0 1935.5 2119.0
1752.0 1935.5 2119.0
1752.0 1935.5 2119.0
1752.0 1935.5 2119.0
1752.0 1935.5 2119.0
1752.0 1935.5 2119.0
1752.0 1935.5 2119.0
1752.0 1935.5 2119.0
1752.0 1935.5 2119.0
1752.0 1935.5 2119.0
1752.0 1935.5 2119.0
1752.0 1935.5 2119.0
1752.0 1935.5 2119.0
1752.0 1935.5 2119.0
1752.0 1935.5 2119.0
1752.0 2124.0 2496.0
1255.0 1503.5 1752.0
1255.0 1503.5 1752.0
1255.0 1503.5 1752.0
1255.0 1503.5 1752.0
1255.0 1503.5 1752.0
1255.0 1503.5 1752.0
1255.0 1503.5 1752.0
1255.0 1503.5 1752.0
1255.0 1503.5 1752.0
1255.0 1503.5 1752.0
1255.0 1503.5 1752.0
1255.0 1503.5 1752.0
1255.0 1503.5 1752.0
1255.0 1503.5 1752.0
1255.0 1503.5 1752.0
1255.0 1503.5 1752.0
1255.0 1503.5 1752.0
1255.0 1503.5 1752.0
1255.0 1503.5 1752.0
1255.0 1503.5 1752.0
1255.0 1503.5 1752.0
1255.0 1503.5 1752.0
1255.0 1503.5 1752.0
1255.0 1503.5 1752.0
1255.0 1503.5 1752.0
1255.0 1503.5 1752.0
1255.0 1503.5 1752.0
1255.0 1503.5 1752.0
1255.0 1503.5 1752.0
1255.0 1503.5 1752.0
1255.0 1503.5 1752.0
1255.0 1503.5 1752.0
1255.0 1503.5 1752.0
1255.0 1503.5 1752.0
1255.0 1503.5 1752.0
1255.0 1503.5 1752.0
1255.0 1503.5 1752.0
1255.0 1503.5 1752.0
1255.0 1503.5 1752.0
1255.0 1503.5 1752.0
1255.0 1503.5 1752.0
1255.0 1503.5 1752.0
1255.0 1503.5 1752.0
1255.0 1503.5 1752.0
1255.0 1503.5 1752.0
1255.0 1503.5 1752.0
1255.0 1503.5 1752.0
1255.0 1503.5 1752.0
1255.0 1503.5 1752.0
1255.0 1503.5 1752.0
1255.0 1503.5 1752.0
1255.0 1503.5 1752.0
1255.0 1503.5 1752.0
1255.0 1503.5 1752.0
1255.0 1503.5 1752.0
1255.0 1503.5 1752.0
1255.0 1503.5 1752.0
1255.0 1503.5 1752.0
1255.0 1503.5 1752.0
1255.0 1503.5 1752.0
1255.0 1503.5 1752.0
1255.0 1503.5 1752.0
1255.0 1503.5 1752.0
1255.0 1503.5 1752.0
1255.0 1503.5 1752.0
1255.0 1503.5 1752.0
1255.0 1503.5 1752.0
1255.0 1503.5 1752.0
1255.0 1503.5 1752.0
1255.0 1503.5 1752.0
1255.0 1503.5 1752.0
1255.0 1503.5 1752.0
1255.0 1503.5 1752.0
1255.0 1503.5 1752.0
1255.0 1503.5 1752.0
1255.0 1503.5 1752.0
1255.0 1503.5 1752.0
1255.0 1503.5 1752.0
1255.0 1503.5 1752.0
1255.0 1503.5 1752.0
1255.0 1503.5 1752.0
1255.0 1503.5 1752.0
1255.0 1503.5 1752.0
1255.0 1503.5 1752.0
1255.0 1503.5 1752.0
1255.0 1503.5 1752.0
1255.0 1503.5 1752.0
1255.0 1503.5 1752.0
1255.0 1503.5 1752.0
1255.0 1503.5 1752.0
1255.0 1503.5 1752.0
1255.0 1503.5 1752.0
1255.0 1503.5 1752.0
1255.0 1503.5 1752.0
1255.0 1503.5 1752.0
1255.0 1503.5 1752.0
1255.0 1503.5 1752.0
1255.0 1503.5 1752.0
1255.0 1503.5 1752.0
1255.0 1503.5 1752.0
1255.0 1503.5 1752.0
1255.0 1503.5 1752.0
1255.0 1503.5 1752.0
1255.0 1503.5 1752.0
1255.0 1503.5 1752.0
1255.0 1503.5 1752.0
1255.0 1503.5 1752.0
1255.0 1503.5 1752.0
1255.0 1503.5 1752.0
1255.0 1503.5 1752.0
1255.0 1503.5 1752.0
1255.0 1503.5 1752.0
1255.0 1503.5 1752.0
1255.0 1503.5 1752.0
1255.0 1503.5 1752.0
1255.0 1503.5 1752.0
1255.0 1503.5 1752.0
1255.0 1503.5 1752.0
1255.0 1503.5 1752.0
1255.0 1503.5 1752.0
1255.0 1503.5 1752.0
1255.0 1503.5 1752.0
1255.0 1503.5 1752.0
1255.0 1503.5 1752.0
1255.0 1503.5 1752.0
1255.0 1503.5 1752.0
1255.0 1503.5 1752.0
1255.0 1503.5 1752.0
1255.0 1503.5 1752.0
1255.0 1503.5 1752.0
1255.0 1503.5 1752.0
1255.0 1503.5 1752.0
