11268.0 11431.0 11594.0
8302.0 10054.0 11806.0
6579.0 8121.0 9663.0
6049.0 6711.0 7373.0
5318.0 5961.5 6605.0
4080.0 4224.5 4369.0
2932.0 3650.5 4369.0
2317.0 2528.5 2740.0
2317.0 2354.0 2391.0
2134.0 2225.5 2317.0
1619.0 1876.5 2134.0
1528.0 1573.5 1619.0
1528.0 1573.5 1619.0
1089.0 1354.0 1619.0
1089.0 1354.0 1619.0
1089.0 1354.0 1619.0
1089.0 1354.0 1619.0
1089.0 1354.0 1619.0
1089.0 1354.0 1619.0
1089.0 1354.0 1619.0
1089.0 1354.0 1619.0
1089.0 1354.0 1619.0
1089.0 1354.0 1619.0
1089.0 1354.0 1619.0
1089.0 1354.0 1619.0
1089.0 1354.0 1619.0
1089.0 1354.0 1619.0
1089.0 1354.0 1619.0
1089.0 1354.0 1619.0
1089.0 1354.0 1619.0
1089.0 1354.0 1619.0
1089.0 1354.0 1619.0
1089.0 1354.0 1619.0
1089.0 1354.0 1619.0
1089.0 1354.0 1619.0
1089.0 1354.0 1619.0
1089.0 1354.0 1619.0
1089.0 1354.0 1619.0
1089.0 1354.0 1619.0
1089.0 1354.0 1619.0
1089.0 1354.0 1619.0
1089.0 1354.0 1619.0
1089.0 1354.0 1619.0
1089.0 1354.0 1619.0
1089.0 1354.0 1619.0
1089.0 1216.0 1343.0
1089.0 1216.0 1343.0
1089.0 1306.0 1523.0
1089.0 1306.0 1523.0
1089.0 1306.0 1523.0
1089.0 1306.0 1523.0
1089.0 1306.0 1523.0
1089.0 1306.0 1523.0
1089.0 1306.0 1523.0
1089.0 1306.0 1523.0
1089.0 1306.0 1523.0
1089.0 1306.0 1523.0
1089.0 1306.0 1523.0
1089.0 1306.0 1523.0
1089.0 1306.0 1523.0
1089.0 1306.0 1523.0
1089.0 1306.0 1523.0
1089.0 1306.0 1523.0
1089.0 1306.0 1523.0
1089.0 1306.0 1523.0
1089.0 1306.0 1523.0
1089.0 1306.0 1523.0
1089.0 1306.0 1523.0
1089.0 1306.0 1523.0
1089.0 1306.0 1523.0
1089.0 1306.0 1523.0
1089.0 1306.0 1523.0
1089.0 1306.0 1523.0
1089.0 1306.0 1523.0
1089.0 1306.0 1523.0
1089.0 1306.0 1523.0
1089.0 1306.0 1523.0
1089.0 1306.0 1523.0
1089.0 1306.0 1523.0
1089.0 1306.0 1523.0
1089.0 1306.0 1523.0
1089.0 1306.0 1523.0
1089.0 1306.0 1523.0
1089.0 1306.0 1523.0
1089.0 1306.0 1523.0
1089.0 1306.0 1523.0
1089.0 1306.0 1523.0
1089.0 1306.0 1523.0
1089.0 1306.0 1523.0
1089.0 1306.0 1523.0
1089.0 1210.0 1331.0
1089.0 1210.0 1331.0
1089.0 1210.0 1331.0
1023.0 1056.0 1089.0
1023.0 1056.0 1089.0
1023.0 1056.0 1089.0
1023.0 1056.0 1089.0
1023.0 1056.0 1089.0
1023.0 1056.0 1089.0
1023.0 1056.0 1089.0
1023.0 1056.0 1089.0
1023.0 1056.0 1089.0
1023.0 1056.0 1089.0
1023.0 1056.0 1089.0
1023.0 1056.0 1089.0
1023.0 1056.0 1089.0
1023.0 1056.0 1089.0
1023.0 1056.0 1089.0
1023.0 1056.0 1089.0
1023.0 1056.0 1089.0
1023.0 1056.0 1089.0
1023.0 1056.0 1089.0
1023.0 1056.0 1089.0
1023.0 1056.0 1089.0
1023.0 1056.0 1089.0
1023.0 1056.0 1089.0
1023.0 1056.0 1089.0
1023.0 1056.0 1089.0
1023.0 1056.0 1089.0
1023.0 1056.0 1089.0
1023.0 1056.0 1089.0
1023.0 1056.0 1089.0
1023.0 1056.0 1089.0
1023.0 1056.0 1089.0
1023.0 1056.0 1089.0
1023.0 1056.0 1089.0
1023.0 1056.0 1089.0
1023.0 1056.0 1089.0
1023.0 1056.0 1089.0
1023.0 1056.0 1089.0
1023.0 1056.0 1089.0
1023.0 1056.0 1089.0
1023.0 1056.0 1089.0
1023.0 1056.0 1089.0
1023.0 1056.0 1089.0
1023.0 1056.0 1089.0
1023.0 1056.0 1089.0
1023.0 1056.0 1089.0
1023.0 1056.0 1089.0
1023.0 1056.0 1089.0
1023.0 1056.0 1089.0
1023.0 1056.0 1089.0
1023.0 1056.0 1089.0
1023.0 1056.0 1089.0
1023.0 1056.0 1089.0
1023.0 1056.0 1089.0
1023.0 1056.0 1089.0
1023.0 1056.0 1089.0
1023.0 1056.0 1089.0
1023.0 1056.0 1089.0
1023.0 1056.0 1089.0
1023.0 1056.0 1089.0
1023.0 1056.0 1089.0
1023.0 1056.0 1089.0
1023.0 1056.0 1089.0
1023.0 1056.0 1089.0
1023.0 1056.0 1089.0
1023.0 1056.0 1089.0
1023.0 1056.0 1089.0
1023.0 1056.0 1089.0
1023.0 1056.0 1089.0
1023.0 1056.0 1089.0
1023.0 1056.0 1089.0
1023.0 1056.0 1089.0
1023.0 1056.0 1089.0
1023.0 1056.0 1089.0
1023.0 1056.0 1089.0
1023.0 1056.0 1089.0
1023.0 1056.0 1089.0
1023.0 1056.0 1089.0
1023.0 1056.0 1089.0
1023.0 1056.0 1089.0
1023.0 1056.0 1089.0
1023.0 1056.0 1089.0
1023.0 1056.0 1089.0
1023.0 1056.0 1089.0
1023.0 1056.0 1089.0
1023.0 1056.0 1089.0
1023.0 1056.0 1089.0
1023.0 1056.0 1089.0
1023.0 1056.0 1089.0
1023.0 1056.0 1089.0
1023.0 1056.0 1089.0
1023.0 1056.0 1089.0
1023.0 1056.0 1089.0
1023.0 1056.0 1089.0
1023.0 1056.0 1089.0
1023.0 1056.0 1089.0
1023.0 1056.0 1089.0
1023.0 1056.0 1089.0
1023.0 1056.0 1089.0
1023.0 1056.0 1089.0
1023.0 1056.0 1089.0
1023.0 1056.0 1089.0
1023.0 1056.0 1089.0
1023.0 1056.0 1089.0
1023.0 1056.0 1089.0
1023.0 1056.0 1089.0
1023.0 1056.0 1089.0
1023.0 1056.0 1089.0
