11477.0 12625.5 13774.0
11398.0 11779.5 12161.0
7846.0 8056.0 8266.0
5501.0 6214.5 6928.0
4216.0 4882.0 5548.0
3118.0 4059.0 5000.0
2962.0 3011.5 3061.0
2398.0 2580.0 2762.0
2361.0 2379.5 2398.0
1597.0 1997.5 2398.0
1333.0 1865.5 2398.0
1082.0 1740.0 2398.0
1082.0 1740.0 2398.0
1082.0 1740.0 2398.0
1082.0 1740.0 2398.0
1082.0 1580.5 2079.0
1082.0 1376.5 1671.0
1082.0 1246.0 1410.0
1082.0 1246.0 1410.0
1082.0 1246.0 1410.0
1082.0 1246.0 1410.0
1082.0 1246.0 1410.0
1082.0 1246.0 1410.0
1082.0 1246.0 1410.0
1082.0 1246.0 1410.0
1082.0 1246.0 1410.0
1082.0 1246.0 1410.0
1082.0 1246.0 1410.0
1082.0 1332.0 1582.0
1082.0 1246.0 1410.0
1082.0 1203.5 1325.0
1082.0 1203.5 1325.0
1082.0 1203.5 1325.0
1082.0 1203.5 1325.0
1082.0 1203.5 1325.0
1082.0 1203.5 1325.0
1082.0 1203.5 1325.0
1082.0 1203.5 1325.0
1082.0 1203.5 1325.0
1082.0 1203.5 1325.0
1082.0 1203.5 1325.0
1082.0 1203.5 1325.0
1082.0 1203.5 1325.0
1082.0 1203.5 1325.0
1082.0 1203.5 1325.0
1082.0 1203.5 1325.0
1082.0 1203.5 1325.0
1082.0 1203.5 1325.0
1082.0 1203.5 1325.0
1082.0 1203.5 1325.0
1082.0 1203.5 1325.0
1003.0 1164.0 1325.0
1003.0 1164.0 1325.0
1003.0 1164.0 1325.0
1003.0 1164.0 1325.0
1003.0 1164.0 1325.0
1003.0 1164.0 1325.0
1003.0 1164.0 1325.0
1003.0 1164.0 1325.0
1003.0 1164.0 1325.0
1003.0 1164.0 1325.0
1003.0 1164.0 1325.0
1003.0 1164.0 1325.0
1003.0 1164.0 1325.0
1003.0 1164.0 1325.0
1003.0 1164.0 1325.0
1003.0 1164.0 1325.0
1003.0 1164.0 1325.0
1003.0 1164.0 1325.0
1003.0 1164.0 1325.0
1003.0 1164.0 1325.0
1003.0 1164.0 1325.0
1003.0 1164.0 1325.0
1003.0 1164.0 1325.0
1003.0 1164.0 1325.0
1003.0 1164.0 1325.0
1003.0 1164.0 1325.0
1003.0 1164.0 1325.0
1003.0 1164.0 1325.0
1003.0 1048.0 1093.0
1003.0 1048.0 1093.0
1003.0 1048.0 1093.0
1003.0 1048.0 1093.0
1003.0 1048.0 1093.0
1003.0 1048.0 1093.0
1003.0 1048.0 1093.0
1003.0 1048.0 1093.0
1003.0 1048.0 1093.0
1003.0 1048.0 1093.0
1003.0 1048.0 1093.0
1003.0 1048.0 1093.0
1003.0 1048.0 1093.0
1003.0 1048.0 1093.0
1003.0 1048.0 1093.0
1003.0 1048.0 1093.0
1003.0 1048.0 1093.0
1003.0 1048.0 1093.0
1003.0 1048.0 1093.0
1003.0 1048.0 1093.0
1003.0 1048.0 1093.0
1003.0 1048.0 1093.0
1003.0 1048.0 1093.0
1003.0 1048.0 1093.0
1003.0 1048.0 1093.0
1003.0 1048.0 1093.0
1003.0 1048.0 1093.0
1003.0 1048.0 1093.0
1003.0 1048.0 1093.0
1003.0 1048.0 1093.0
1003.0 1048.0 1093.0
1003.0 1048.0 1093.0
1003.0 1048.0 1093.0
1003.0 1048.0 1093.0
1003.0 1048.0 1093.0
1003.0 1048.0 1093.0
1003.0 1048.0 1093.0
1003.0 1048.0 1093.0
1003.0 1048.0 1093.0
1003.0 1048.0 1093.0
1003.0 1048.0 1093.0
1003.0 1048.0 1093.0
1003.0 1048.0 1093.0
1003.0 1048.0 1093.0
1003.0 1048.0 1093.0
1003.0 1048.0 1093.0
1003.0 1048.0 1093.0
1003.0 1048.0 1093.0
1003.0 1048.0 1093.0
1003.0 1048.0 1093.0
1003.0 1003.0 1003.0
1003.0 1003.0 1003.0
1003.0 1003.0 1003.0
1003.0 1003.0 1003.0
1003.0 1003.0 1003.0
1003.0 1003.0 1003.0
1003.0 1003.0 1003.0
1003.0 1003.0 1003.0
1003.0 1003.0 1003.0
1003.0 1003.0 1003.0
1003.0 1003.0 1003.0
1003.0 1003.0 1003.0
1003.0 1003.0 1003.0
1003.0 1003.0 1003.0
1003.0 1003.0 1003.0
1003.0 1003.0 1003.0
1003.0 1003.0 1003.0
1003.0 1003.0 1003.0
1003.0 1003.0 1003.0
1003.0 1003.0 1003.0
1003.0 1003.0 1003.0
1003.0 1003.0 1003.0
1003.0 1003.0 1003.0
1003.0 1003.0 1003.0
1003.0 1003.0 1003.0
1003.0 1003.0 1003.0
1003.0 1003.0 1003.0
1003.0 1003.0 1003.0
1003.0 1003.0 1003.0
1003.0 1003.0 1003.0
1003.0 1003.0 1003.0
1003.0 1003.0 1003.0
1003.0 1003.0 1003.0
1003.0 1003.0 1003.0
1003.0 1003.0 1003.0
1003.0 1003.0 1003.0
1003.0 1003.0 1003.0
1003.0 1003.0 1003.0
1003.0 1003.0 1003.0
1003.0 1003.0 1003.0
1003.0 1003.0 1003.0
1003.0 1003.0 1003.0
1003.0 1003.0 1003.0
1003.0 1003.0 1003.0
1003.0 1003.0 1003.0
1003.0 1003.0 1003.0
1003.0 1003.0 1003.0
1003.0 1003.0 1003.0
1003.0 1003.0 1003.0
1003.0 1003.0 1003.0
1003.0 1003.0 1003.0
1003.0 1003.0 1003.0
1003.0 1003.0 1003.0
1003.0 1003.0 1003.0
1003.0 1003.0 1003.0
1003.0 1003.0 1003.0
1003.0 1003.0 1003.0
1003.0 1003.0 1003.0
1003.0 1003.0 1003.0
1003.0 1003.0 1003.0
1003.0 1003.0 1003.0
1003.0 1003.0 1003.0
1003.0 1003.0 1003.0
1003.0 1003.0 1003.0
1003.0 1003.0 1003.0
1003.0 1003.0 1003.0
1003.0 1003.0 1003.0
1003.0 1003.0 1003.0
1003.0 1003.0 1003.0
1003.0 1003.0 1003.0
1003.0 1003.0 1003.0
