7936.0 9816.5 11697.0
6815.0 7840.5 8866.0
5959.0 7497.5 9036.0
4513.0 5398.0 6283.0
3699.0 4173.5 4648.0
2545.0 2908.0 3271.0
2545.0 2605.0 2665.0
2370.0 2663.5 2957.0
1611.0 1811.0 2011.0
1611.0 1811.0 2011.0
1521.0 1566.0 1611.0
1521.0 1566.0 1611.0
1156.0 1383.5 1611.0
1156.0 1383.5 1611.0
1156.0 1383.5 1611.0
1156.0 1383.5 1611.0
1156.0 1383.5 1611.0
1156.0 1383.5 1611.0
1156.0 1383.5 1611.0
1156.0 1383.5 1611.0
1156.0 1383.5 1611.0
1156.0 1383.5 1611.0
1156.0 1383.5 1611.0
1156.0 1383.5 1611.0
1156.0 1383.5 1611.0
1156.0 1383.5 1611.0
1156.0 1383.5 1611.0
1156.0 1383.5 1611.0
1156.0 1383.5 1611.0
1156.0 1383.5 1611.0
1156.0 1383.5 1611.0
1156.0 1383.5 1611.0
1156.0 1383.5 1611.0
1156.0 1383.5 1611.0
1156.0 1390.0 1624.0
1156.0 1390.0 1624.0
1156.0 1390.0 1624.0
1156.0 1390.0 1624.0
1156.0 1390.0 1624.0
1156.0 1390.0 1624.0
1156.0 1390.0 1624.0
1156.0 1390.0 1624.0
1156.0 1390.0 1624.0
1156.0 1390.0 1624.0
1156.0 1390.0 1624.0
1156.0 1390.0 1624.0
1156.0 1390.0 1624.0
1156.0 1238.0 1320.0
1156.0 1238.0 1320.0
1156.0 1238.0 1320.0
1156.0 1238.0 1320.0
1156.0 1238.0 1320.0
1156.0 1238.0 1320.0
1156.0 1238.0 1320.0
1156.0 1238.0 1320.0
1156.0 1238.0 1320.0
1156.0 1238.0 1320.0
1156.0 1238.0 1320.0
1156.0 1238.0 1320.0
1156.0 1238.0 1320.0
1156.0 1238.0 1320.0
1156.0 1238.0 1320.0
1156.0 1238.0 1320.0
1156.0 1238.0 1320.0
1156.0 1238.0 1320.0
1156.0 1238.0 1320.0
1156.0 1238.0 1320.0
1156.0 1238.0 1320.0
1156.0 1238.0 1320.0
1156.0 1238.0 1320.0
1156.0 1238.0 1320.0
1156.0 1238.0 1320.0
1156.0 1238.0 1320.0
1156.0 1238.0 1320.0
1156.0 1238.0 1320.0
1156.0 1238.0 1320.0
1156.0 1238.0 1320.0
1156.0 1238.0 1320.0
1156.0 1238.0 1320.0
1156.0 1238.0 1320.0
1156.0 1238.0 1320.0
1156.0 1238.0 1320.0
1156.0 1238.0 1320.0
1156.0 1238.0 1320.0
1156.0 1238.0 1320.0
1156.0 1238.0 1320.0
1156.0 1238.0 1320.0
1156.0 1238.0 1320.0
1156.0 1238.0 1320.0
1156.0 1238.0 1320.0
1156.0 1238.0 1320.0
1156.0 1238.0 1320.0
1156.0 1238.0 1320.0
1156.0 1238.0 1320.0
1156.0 1238.0 1320.0
1156.0 1238.0 1320.0
1156.0 1238.0 1320.0
1156.0 1238.0 1320.0
1156.0 1238.0 1320.0
1156.0 1238.0 1320.0
1156.0 1238.0 1320.0
1156.0 1238.0 1320.0
1156.0 1238.0 1320.0
1156.0 1238.0 1320.0
1156.0 1238.0 1320.0
1156.0 1238.0 1320.0
1156.0 1238.0 1320.0
1156.0 1238.0 1320.0
1156.0 1238.0 1320.0
1156.0 1238.0 1320.0
1156.0 1238.0 1320.0
1156.0 1238.0 1320.0
1156.0 1238.0 1320.0
1156.0 1238.0 1320.0
1156.0 1238.0 1320.0
1156.0 1238.0 1320.0
1156.0 1238.0 1320.0
1156.0 1238.0 1320.0
1156.0 1238.0 1320.0
1156.0 1238.0 1320.0
1156.0 1238.0 1320.0
1156.0 1238.0 1320.0
1156.0 1238.0 1320.0
1156.0 1238.0 1320.0
1156.0 1238.0 1320.0
1156.0 1238.0 1320.0
1156.0 1238.0 1320.0
1156.0 1238.0 1320.0
1156.0 1238.0 1320.0
1156.0 1238.0 1320.0
1156.0 1238.0 1320.0
1156.0 1238.0 1320.0
1156.0 1238.0 1320.0
1156.0 1238.0 1320.0
1156.0 1238.0 1320.0
1156.0 1238.0 1320.0
1156.0 1238.0 1320.0
1156.0 1238.0 1320.0
1156.0 1238.0 1320.0
1156.0 1238.0 1320.0
1156.0 1238.0 1320.0
1156.0 1238.0 1320.0
1156.0 1238.0 1320.0
1156.0 1238.0 1320.0
1156.0 1238.0 1320.0
1156.0 1238.0 1320.0
1156.0 1238.0 1320.0
1156.0 1238.0 1320.0
1156.0 1238.0 1320.0
1156.0 1238.0 1320.0
1156.0 1238.0 1320.0
1156.0 1238.0 1320.0
1156.0 1238.0 1320.0
1156.0 1238.0 1320.0
1156.0 1238.0 1320.0
1156.0 1238.0 1320.0
1156.0 1238.0 1320.0
1156.0 1238.0 1320.0
1156.0 1238.0 1320.0
1156.0 1238.0 1320.0
1156.0 1238.0 1320.0
1156.0 1238.0 1320.0
1156.0 1238.0 1320.0
1156.0 1238.0 1320.0
1156.0 1238.0 1320.0
1156.0 1238.0 1320.0
1156.0 1238.0 1320.0
1156.0 1238.0 1320.0
1156.0 1238.0 1320.0
1156.0 1238.0 1320.0
1156.0 1238.0 1320.0
1156.0 1238.0 1320.0
1156.0 1238.0 1320.0
1156.0 1238.0 1320.0
1156.0 1238.0 1320.0
1156.0 1238.0 1320.0
1156.0 1238.0 1320.0
1156.0 1238.0 1320.0
1156.0 1238.0 1320.0
1156.0 1238.0 1320.0
1156.0 1238.0 1320.0
1156.0 1238.0 1320.0
1156.0 1169.5 1183.0
1156.0 1169.5 1183.0
1156.0 1168.0 1180.0
1156.0 1168.0 1180.0
1156.0 1168.0 1180.0
1156.0 1168.0 1180.0
1156.0 1168.0 1180.0
1156.0 1168.0 1180.0
1156.0 1168.0 1180.0
1156.0 1168.0 1180.0
1156.0 1168.0 1180.0
1156.0 1168.0 1180.0
1156.0 1168.0 1180.0
1156.0 1168.0 1180.0
1156.0 1168.0 1180.0
1156.0 1168.0 1180.0
1156.0 1168.0 1180.0
1156.0 1168.0 1180.0
