14469.0 15862.0 17255.0
11434.0 12995.0 14556.0
7674.0 10387.0 13100.0
5438.0 7153.0 8868.0
2808.0 4316.5 5825.0
3124.0 4528.0 5932.0
3124.0 3892.0 4660.0
3124.0 3261.0 3398.0
3124.0 3261.0 3398.0
2102.0 2613.0 3124.0
2102.0 2613.0 3124.0
2102.0 2432.0 2762.0
2102.0 2362.0 2622.0
2102.0 2362.0 2622.0
2102.0 2362.0 2622.0
2102.0 2362.0 2622.0
2102.0 2362.0 2622.0
2102.0 2362.0 2622.0
2102.0 2362.0 2622.0
2102.0 2362.0 2622.0
2102.0 2362.0 2622.0
2102.0 2362.0 2622.0
2102.0 2362.0 2622.0
2102.0 2362.0 2622.0
2102.0 2362.0 2622.0
2102.0 2362.0 2622.0
2102.0 2362.0 2622.0
2102.0 2269.5 2437.0
2437.0 2448.5 2460.0
2437.0 2448.5 2460.0
2437.0 2448.5 2460.0
1683.0 2071.5 2460.0
1683.0 2071.5 2460.0
1683.0 2071.5 2460.0
1683.0 2071.5 2460.0
1683.0 2071.5 2460.0
1683.0 2071.5 2460.0
1683.0 2071.5 2460.0
1683.0 2071.5 2460.0
1683.0 2071.5 2460.0
1683.0 2071.5 2460.0
1683.0 2071.5 2460.0
1683.0 2071.5 2460.0
1683.0 2071.5 2460.0
1683.0 2071.5 2460.0
1683.0 2071.5 2460.0
1683.0 2071.5 2460.0
1683.0 2071.5 2460.0
1683.0 2071.5 2460.0
1683.0 2071.5 2460.0
1683.0 2071.5 2460.0
1683.0 2071.5 2460.0
1683.0 2071.5 2460.0
1683.0 2071.5 2460.0
1683.0 2071.5 2460.0
1683.0 2071.5 2460.0
1683.0 2071.5 2460.0
1683.0 2071.5 2460.0
1683.0 2071.5 2460.0
1683.0 2071.5 2460.0
1683.0 2071.5 2460.0
1784.0 2122.0 2460.0
1598.0 2029.0 2460.0
1598.0 2029.0 2460.0
1598.0 2029.0 2460.0
1598.0 2029.0 2460.0
1598.0 2029.0 2460.0
1598.0 2029.0 2460.0
1598.0 2029.0 2460.0
1598.0 1904.5 2211.0
1598.0 1904.5 2211.0
1598.0 1904.5 2211.0
1598.0 1904.5 2211.0
1598.0 1904.5 2211.0
1598.0 1904.5 2211.0
1598.0 1904.5 2211.0
1598.0 1904.5 2211.0
1598.0 1984.5 2371.0
1598.0 1904.5 2211.0
1598.0 1732.5 1867.0
1598.0 1732.5 1867.0
1598.0 1732.5 1867.0
1598.0 1732.5 1867.0
1598.0 1732.5 1867.0
1598.0 1732.5 1867.0
1598.0 1732.5 1867.0
1598.0 1732.5 1867.0
1598.0 1732.5 1867.0
1598.0 1732.5 1867.0
1598.0 1732.5 1867.0
1598.0 1732.5 1867.0
1598.0 1732.5 1867.0
1598.0 1732.5 1867.0
1598.0 1732.5 1867.0
1598.0 1732.5 1867.0
1598.0 1732.5 1867.0
1598.0 1732.5 1867.0
1598.0 1732.5 1867.0
1598.0 1732.5 1867.0
1598.0 1732.5 1867.0
1598.0 1732.5 1867.0
1598.0 1732.5 1867.0
1177.0 1387.5 1598.0
1177.0 1387.5 1598.0
1177.0 1387.5 1598.0
1177.0 1387.5 1598.0
1177.0 1387.5 1598.0
1177.0 1387.5 1598.0
1177.0 1387.5 1598.0
1177.0 1387.5 1598.0
1177.0 1387.5 1598.0
1177.0 1387.5 1598.0
1177.0 1387.5 1598.0
1177.0 1387.5 1598.0
1177.0 1387.5 1598.0
1177.0 1387.5 1598.0
1177.0 1387.5 1598.0
1177.0 1387.5 1598.0
1177.0 1387.5 1598.0
1177.0 1387.5 1598.0
1177.0 1387.5 1598.0
1177.0 1387.5 1598.0
1177.0 1387.5 1598.0
1177.0 1387.5 1598.0
1177.0 1387.5 1598.0
1177.0 1387.5 1598.0
1177.0 1387.5 1598.0
1177.0 1387.5 1598.0
1177.0 1387.5 1598.0
1177.0 1387.5 1598.0
1177.0 1387.5 1598.0
1177.0 1387.5 1598.0
1177.0 1387.5 1598.0
1177.0 1387.5 1598.0
1177.0 1387.5 1598.0
1177.0 1387.5 1598.0
1177.0 1387.5 1598.0
1177.0 1387.5 1598.0
1177.0 1387.5 1598.0
1177.0 1387.5 1598.0
1177.0 1387.5 1598.0
1177.0 1387.5 1598.0
1177.0 1387.5 1598.0
1177.0 1387.5 1598.0
1177.0 1387.5 1598.0
1177.0 1387.5 1598.0
1177.0 1387.5 1598.0
1177.0 1387.5 1598.0
1177.0 1387.5 1598.0
1177.0 1387.5 1598.0
1177.0 1387.5 1598.0
1177.0 1387.5 1598.0
1177.0 1387.5 1598.0
1177.0 1387.5 1598.0
1177.0 1305.5 1434.0
1177.0 1305.5 1434.0
1177.0 1305.5 1434.0
1177.0 1305.5 1434.0
1177.0 1305.5 1434.0
1177.0 1305.5 1434.0
1177.0 1305.5 1434.0
1177.0 1305.5 1434.0
1177.0 1305.5 1434.0
1177.0 1305.5 1434.0
1177.0 1305.5 1434.0
1177.0 1305.5 1434.0
1177.0 1305.5 1434.0
1177.0 1305.5 1434.0
1177.0 1305.5 1434.0
1177.0 1305.5 1434.0
1177.0 1305.5 1434.0
1177.0 1305.5 1434.0
1177.0 1305.5 1434.0
1177.0 1305.5 1434.0
1177.0 1305.5 1434.0
1177.0 1305.5 1434.0
1177.0 1305.5 1434.0
1177.0 1305.5 1434.0
1177.0 1305.5 1434.0
1177.0 1305.5 1434.0
1177.0 1305.5 1434.0
1177.0 1305.5 1434.0
1177.0 1305.5 1434.0
1177.0 1305.5 1434.0
1177.0 1305.5 1434.0
1177.0 1305.5 1434.0
1177.0 1305.5 1434.0
1177.0 1305.5 1434.0
1177.0 1305.5 1434.0
1177.0 1305.5 1434.0
1177.0 1305.5 1434.0
1177.0 1305.5 1434.0
1177.0 1305.5 1434.0
1177.0 1305.5 1434.0
1177.0 1305.5 1434.0
1177.0 1305.5 1434.0
1177.0 1305.5 1434.0
1177.0 1305.5 1434.0
1177.0 1305.5 1434.0
1177.0 1305.5 1434.0
