14715.0 15283.5 15852.0
10904.0 11694.0 12484.0
8891.0 10432.0 11973.0
7795.0 8280.0 8765.0
5610.0 6916.0 8222.0
6533.0 6835.0 7137.0
4498.0 5133.0 5768.0
3886.0 4827.0 5768.0
3886.0 4447.5 5009.0
3485.0 4247.0 5009.0
2382.0 2950.0 3518.0
2382.0 2950.0 3518.0
2382.0 2950.0 3518.0
2382.0 2414.5 2447.0
2382.0 2414.5 2447.0
2382.0 2414.5 2447.0
2382.0 2414.5 2447.0
2382.0 2414.5 2447.0
2382.0 2414.5 2447.0
2382.0 2414.5 2447.0
2382.0 2414.5 2447.0
2382.0 2414.5 2447.0
2382.0 2414.5 2447.0
2382.0 2414.5 2447.0
2112.0 2247.0 2382.0
2112.0 2247.0 2382.0
2112.0 2247.0 2382.0
2112.0 2247.0 2382.0
2112.0 2247.0 2382.0
2112.0 2247.0 2382.0
2112.0 2247.0 2382.0
2112.0 2247.0 2382.0
2112.0 2149.0 2186.0
2112.0 2301.5 2491.0
2112.0 2301.5 2491.0
2112.0 2301.5 2491.0
2112.0 2301.5 2491.0
2112.0 2301.5 2491.0
1373.0 1932.0 2491.0
1373.0 1932.0 2491.0
1373.0 1932.0 2491.0
1373.0 1932.0 2491.0
1373.0 1932.0 2491.0
1373.0 1932.0 2491.0
1373.0 1932.0 2491.0
1373.0 1932.0 2491.0
1373.0 1932.0 2491.0
1373.0 1932.0 2491.0
1373.0 1932.0 2491.0
1373.0 1932.0 2491.0
1373.0 1932.0 2491.0
1373.0 1932.0 2491.0
1373.0 1932.0 2491.0
1373.0 1932.0 2491.0
1373.0 1932.0 2491.0
1373.0 1932.0 2491.0
1373.0 1932.0 2491.0
1373.0 1932.0 2491.0
1373.0 1932.0 2491.0
1373.0 1932.0 2491.0
1373.0 1673.5 1974.0
1373.0 1673.5 1974.0
1373.0 1673.5 1974.0
1373.0 1673.5 1974.0
1373.0 1673.5 1974.0
1373.0 1673.5 1974.0
1373.0 1673.5 1974.0
1373.0 1673.5 1974.0
1373.0 1673.5 1974.0
1373.0 1673.5 1974.0
1373.0 1673.5 1974.0
1373.0 1673.5 1974.0
1373.0 1673.5 1974.0
1373.0 1673.5 1974.0
1373.0 1673.5 1974.0
1373.0 1673.5 1974.0
1373.0 1673.5 1974.0
1373.0 1673.5 1974.0
1373.0 1673.5 1974.0
1373.0 1673.5 1974.0
1373.0 1673.5 1974.0
1373.0 1673.5 1974.0
1373.0 1673.5 1974.0
1373.0 1673.5 1974.0
1373.0 1673.5 1974.0
1373.0 1673.5 1974.0
1373.0 1673.5 1974.0
1373.0 1673.5 1974.0
1373.0 1673.5 1974.0
1373.0 1673.5 1974.0
1373.0 1673.5 1974.0
1373.0 1673.5 1974.0
1373.0 1673.5 1974.0
1373.0 1673.5 1974.0
1373.0 1673.5 1974.0
1373.0 1673.5 1974.0
1373.0 1673.5 1974.0
1373.0 1673.5 1974.0
1373.0 1673.5 1974.0
1373.0 1673.5 1974.0
1373.0 1673.5 1974.0
1373.0 1673.5 1974.0
1373.0 1673.5 1974.0
1373.0 1673.5 1974.0
1373.0 1673.5 1974.0
1373.0 1673.5 1974.0
1373.0 1673.5 1974.0
1373.0 1673.5 1974.0
1373.0 1673.5 1974.0
1373.0 1673.5 1974.0
1373.0 1673.5 1974.0
1373.0 1673.5 1974.0
1373.0 1673.5 1974.0
1373.0 1673.5 1974.0
1373.0 1673.5 1974.0
1373.0 1673.5 1974.0
1373.0 1673.5 1974.0
1373.0 1673.5 1974.0
1373.0 1673.5 1974.0
1373.0 1673.5 1974.0
1373.0 1673.5 1974.0
1373.0 1673.5 1974.0
1373.0 1673.5 1974.0
1373.0 1673.5 1974.0
1373.0 1673.5 1974.0
1373.0 1673.5 1974.0
1373.0 1673.5 1974.0
1373.0 1673.5 1974.0
1373.0 1673.5 1974.0
1373.0 1673.5 1974.0
1760.0 1867.0 1974.0
1540.0 1757.0 1974.0
1540.0 1757.0 1974.0
1540.0 1757.0 1974.0
1540.0 1757.0 1974.0
1540.0 1757.0 1974.0
1540.0 1757.0 1974.0
1540.0 1757.0 1974.0
1540.0 1757.0 1974.0
1540.0 1757.0 1974.0
1540.0 1757.0 1974.0
1540.0 1757.0 1974.0
1540.0 1757.0 1974.0
1540.0 1757.0 1974.0
1540.0 1757.0 1974.0
1540.0 1757.0 1974.0
1540.0 1757.0 1974.0
1540.0 1757.0 1974.0
1540.0 1757.0 1974.0
1540.0 1757.0 1974.0
1540.0 1757.0 1974.0
1540.0 1757.0 1974.0
1540.0 1757.0 1974.0
1540.0 1757.0 1974.0
1540.0 1757.0 1974.0
1540.0 1757.0 1974.0
1540.0 1757.0 1974.0
1540.0 1757.0 1974.0
1540.0 1757.0 1974.0
1540.0 1757.0 1974.0
1540.0 1757.0 1974.0
1540.0 1757.0 1974.0
1540.0 1757.0 1974.0
1540.0 1757.0 1974.0
1540.0 1757.0 1974.0
1540.0 1757.0 1974.0
1540.0 1757.0 1974.0
1540.0 1757.0 1974.0
1540.0 1757.0 1974.0
1540.0 1757.0 1974.0
1540.0 1757.0 1974.0
1540.0 1757.0 1974.0
1540.0 1757.0 1974.0
1540.0 1757.0 1974.0
1540.0 1757.0 1974.0
1540.0 1757.0 1974.0
1540.0 1757.0 1974.0
1540.0 1757.0 1974.0
1540.0 1757.0 1974.0
1540.0 1757.0 1974.0
1540.0 1757.0 1974.0
1540.0 1757.0 1974.0
1540.0 1757.0 1974.0
1540.0 1757.0 1974.0
1499.0 1519.5 1540.0
1499.0 1519.5 1540.0
1499.0 1519.5 1540.0
1499.0 1519.5 1540.0
1499.0 1519.5 1540.0
1499.0 1519.5 1540.0
1499.0 1519.5 1540.0
1499.0 1519.5 1540.0
1499.0 1519.5 1540.0
1499.0 1519.5 1540.0
1499.0 1519.5 1540.0
1499.0 1519.5 1540.0
1499.0 1519.5 1540.0
1499.0 1519.5 1540.0
1499.0 1519.5 1540.0
1499.0 1519.5 1540.0
