13573.0 14334.5 15096.0
8985.0 9708.0 10431.0
8454.0 8760.5 9067.0
6840.0 7292.5 7745.0
6823.0 7216.5 7610.0
5930.0 6506.5 7083.0
4686.0 5481.5 6277.0
2628.0 2945.5 3263.0
2628.0 2946.5 3265.0
2628.0 3188.5 3749.0
2628.0 2773.5 2919.0
2628.0 2773.5 2919.0
2628.0 2773.5 2919.0
2266.0 2447.0 2628.0
1844.0 2236.0 2628.0
1844.0 2236.0 2628.0
1844.0 2236.0 2628.0
1844.0 2236.0 2628.0
1844.0 2063.0 2282.0
1844.0 2063.0 2282.0
1844.0 2063.0 2282.0
1844.0 2063.0 2282.0
1844.0 2063.0 2282.0
1844.0 2063.0 2282.0
1844.0 2063.0 2282.0
1844.0 2063.0 2282.0
1844.0 1863.0 1882.0
1490.0 1667.0 1844.0
1490.0 1667.0 1844.0
1490.0 1667.0 1844.0
1490.0 1667.0 1844.0
1490.0 1667.0 1844.0
1490.0 1667.0 1844.0
1490.0 1667.0 1844.0
1490.0 1667.0 1844.0
1490.0 1667.0 1844.0
1490.0 1667.0 1844.0
1490.0 1667.0 1844.0
1490.0 1667.0 1844.0
1490.0 1667.0 1844.0
1490.0 1840.5 2191.0
1260.0 1375.0 1490.0
1050.0 1270.0 1490.0
1050.0 1270.0 1490.0
1050.0 1270.0 1490.0
1050.0 1270.0 1490.0
1050.0 1270.0 1490.0
1050.0 1270.0 1490.0
1050.0 1270.0 1490.0
1050.0 1270.0 1490.0
1089.0 1289.5 1490.0
1089.0 1289.5 1490.0
1089.0 1289.5 1490.0
1089.0 1289.5 1490.0
1089.0 1289.5 1490.0
1089.0 1289.5 1490.0
1089.0 1289.5 1490.0
1089.0 1289.5 1490.0
1089.0 1289.5 1490.0
1089.0 1289.5 1490.0
1089.0 1289.5 1490.0
1089.0 1289.5 1490.0
1089.0 1289.5 1490.0
1089.0 1289.5 1490.0
1089.0 1289.5 1490.0
1089.0 1289.5 1490.0
1089.0 1289.5 1490.0
1089.0 1289.5 1490.0
1089.0 1289.5 1490.0
1089.0 1289.5 1490.0
1089.0 1289.5 1490.0
1089.0 1289.5 1490.0
1089.0 1289.5 1490.0
1089.0 1289.5 1490.0
1089.0 1289.5 1490.0
1089.0 1289.5 1490.0
1089.0 1289.5 1490.0
1089.0 1289.5 1490.0
1089.0 1289.5 1490.0
1089.0 1289.5 1490.0
1089.0 1289.5 1490.0
1089.0 1289.5 1490.0
1089.0 1289.5 1490.0
1089.0 1289.5 1490.0
1089.0 1289.5 1490.0
1089.0 1289.5 1490.0
1089.0 1289.5 1490.0
1089.0 1289.5 1490.0
1089.0 1289.5 1490.0
1089.0 1289.5 1490.0
1089.0 1289.5 1490.0
1089.0 1289.5 1490.0
1089.0 1289.5 1490.0
1089.0 1289.5 1490.0
1089.0 1289.5 1490.0
1089.0 1289.5 1490.0
1089.0 1289.5 1490.0
1089.0 1289.5 1490.0
1089.0 1289.5 1490.0
1089.0 1289.5 1490.0
1089.0 1289.5 1490.0
1089.0 1289.5 1490.0
1089.0 1289.5 1490.0
1089.0 1289.5 1490.0
1089.0 1289.5 1490.0
1089.0 1289.5 1490.0
1089.0 1289.5 1490.0
1089.0 1289.5 1490.0
1089.0 1289.5 1490.0
1089.0 1289.5 1490.0
1089.0 1289.5 1490.0
1089.0 1289.5 1490.0
1089.0 1289.5 1490.0
1089.0 1289.5 1490.0
1089.0 1289.5 1490.0
1089.0 1289.5 1490.0
1089.0 1289.5 1490.0
1089.0 1289.5 1490.0
1089.0 1289.5 1490.0
1089.0 1289.5 1490.0
1089.0 1289.5 1490.0
1089.0 1289.5 1490.0
1089.0 1289.5 1490.0
1089.0 1289.5 1490.0
1089.0 1289.5 1490.0
1089.0 1289.5 1490.0
1089.0 1289.5 1490.0
1089.0 1289.5 1490.0
1089.0 1289.5 1490.0
1089.0 1289.5 1490.0
1089.0 1289.5 1490.0
1089.0 1289.5 1490.0
1089.0 1289.5 1490.0
1089.0 1289.5 1490.0
1089.0 1289.5 1490.0
1089.0 1289.5 1490.0
1089.0 1289.5 1490.0
1089.0 1289.5 1490.0
1089.0 1289.5 1490.0
1089.0 1289.5 1490.0
1089.0 1289.5 1490.0
1089.0 1289.5 1490.0
1089.0 1289.5 1490.0
1089.0 1289.5 1490.0
1089.0 1289.5 1490.0
1089.0 1289.5 1490.0
1089.0 1289.5 1490.0
1089.0 1289.5 1490.0
1089.0 1289.5 1490.0
1089.0 1289.5 1490.0
1089.0 1289.5 1490.0
1089.0 1289.5 1490.0
1089.0 1289.5 1490.0
1089.0 1289.5 1490.0
1089.0 1289.5 1490.0
1089.0 1289.5 1490.0
1089.0 1289.5 1490.0
1089.0 1289.5 1490.0
1089.0 1289.5 1490.0
1089.0 1289.5 1490.0
1089.0 1289.5 1490.0
1089.0 1289.5 1490.0
1089.0 1289.5 1490.0
1089.0 1289.5 1490.0
1089.0 1289.5 1490.0
1089.0 1289.5 1490.0
1089.0 1289.5 1490.0
1089.0 1289.5 1490.0
1089.0 1289.5 1490.0
1089.0 1289.5 1490.0
1089.0 1289.5 1490.0
1089.0 1289.5 1490.0
1089.0 1289.5 1490.0
1089.0 1289.5 1490.0
1089.0 1289.5 1490.0
1089.0 1289.5 1490.0
1089.0 1289.5 1490.0
1089.0 1289.5 1490.0
1089.0 1289.5 1490.0
1089.0 1289.5 1490.0
1089.0 1289.5 1490.0
1089.0 1289.5 1490.0
1089.0 1289.5 1490.0
1089.0 1289.5 1490.0
1089.0 1289.5 1490.0
1089.0 1289.5 1490.0
1089.0 1289.5 1490.0
1089.0 1289.5 1490.0
1089.0 1289.5 1490.0
1089.0 1289.5 1490.0
1089.0 1289.5 1490.0
1089.0 1289.5 1490.0
1089.0 1289.5 1490.0
1089.0 1289.5 1490.0
1089.0 1289.5 1490.0
1089.0 1289.5 1490.0
1089.0 1289.5 1490.0
1089.0 1289.5 1490.0
1089.0 1289.5 1490.0
1089.0 1289.5 1490.0
