11810.0 13250.5 14691.0
9235.0 9282.5 9330.0
6832.0 7516.0 8200.0
5682.0 5798.0 5914.0
5059.0 5214.5 5370.0
4268.0 4315.5 4363.0
3800.0 3880.0 3960.0
2637.0 2806.5 2976.0
2207.0 2591.5 2976.0
2207.0 2214.5 2222.0
2222.0 2387.0 2552.0
2207.0 2325.5 2444.0
2207.0 2325.5 2444.0
1614.0 1825.0 2036.0
773.0 1193.5 1614.0
773.0 1193.5 1614.0
773.0 1193.5 1614.0
773.0 1193.5 1614.0
773.0 1193.5 1614.0
773.0 1193.5 1614.0
773.0 1193.5 1614.0
773.0 1193.5 1614.0
773.0 1193.5 1614.0
773.0 1193.5 1614.0
773.0 1193.5 1614.0
773.0 1193.5 1614.0
773.0 1193.5 1614.0
773.0 1193.5 1614.0
773.0 1193.5 1614.0
773.0 1193.5 1614.0
773.0 1193.5 1614.0
773.0 1193.5 1614.0
773.0 1193.5 1614.0
773.0 1193.5 1614.0
773.0 1193.5 1614.0
773.0 1573.0 2373.0
773.0 1573.0 2373.0
773.0 1573.0 2373.0
773.0 1573.0 2373.0
773.0 1573.0 2373.0
773.0 1573.0 2373.0
773.0 1573.0 2373.0
773.0 1573.0 2373.0
773.0 1573.0 2373.0
773.0 1573.0 2373.0
773.0 1573.0 2373.0
773.0 1573.0 2373.0
773.0 1573.0 2373.0
773.0 1573.0 2373.0
773.0 1573.0 2373.0
773.0 1573.0 2373.0
773.0 1573.0 2373.0
773.0 1573.0 2373.0
773.0 1270.0 1767.0
773.0 1270.0 1767.0
773.0 1311.5 1850.0
773.0 1311.5 1850.0
773.0 1311.5 1850.0
773.0 1311.5 1850.0
773.0 1311.5 1850.0
773.0 1311.5 1850.0
773.0 1311.5 1850.0
773.0 1311.5 1850.0
773.0 1311.5 1850.0
773.0 1311.5 1850.0
773.0 1311.5 1850.0
773.0 1311.5 1850.0
773.0 1311.5 1850.0
773.0 1311.5 1850.0
773.0 1311.5 1850.0
773.0 1311.5 1850.0
773.0 1311.5 1850.0
773.0 1311.5 1850.0
773.0 1311.5 1850.0
773.0 1311.5 1850.0
773.0 1311.5 1850.0
773.0 1311.5 1850.0
773.0 1311.5 1850.0
773.0 1311.5 1850.0
773.0 1311.5 1850.0
773.0 1311.5 1850.0
773.0 1311.5 1850.0
773.0 1311.5 1850.0
773.0 1311.5 1850.0
773.0 1311.5 1850.0
773.0 1311.5 1850.0
773.0 1311.5 1850.0
773.0 1311.5 1850.0
773.0 1311.5 1850.0
773.0 1311.5 1850.0
773.0 1311.5 1850.0
773.0 1311.5 1850.0
773.0 1311.5 1850.0
773.0 1311.5 1850.0
773.0 1311.5 1850.0
773.0 1311.5 1850.0
773.0 1311.5 1850.0
773.0 1311.5 1850.0
773.0 1311.5 1850.0
773.0 1311.5 1850.0
773.0 1311.5 1850.0
773.0 1311.5 1850.0
773.0 1311.5 1850.0
773.0 1311.5 1850.0
773.0 1311.5 1850.0
773.0 1311.5 1850.0
773.0 1311.5 1850.0
773.0 1311.5 1850.0
773.0 1311.5 1850.0
773.0 1311.5 1850.0
773.0 1311.5 1850.0
773.0 1311.5 1850.0
773.0 1311.5 1850.0
773.0 1311.5 1850.0
773.0 1311.5 1850.0
773.0 1311.5 1850.0
773.0 1311.5 1850.0
773.0 1311.5 1850.0
773.0 1311.5 1850.0
773.0 1311.5 1850.0
773.0 1311.5 1850.0
773.0 1311.5 1850.0
773.0 1242.0 1711.0
773.0 1242.0 1711.0
773.0 1242.0 1711.0
773.0 1242.0 1711.0
773.0 1242.0 1711.0
773.0 1242.0 1711.0
773.0 1242.0 1711.0
773.0 1242.0 1711.0
773.0 1242.0 1711.0
773.0 1242.0 1711.0
773.0 1242.0 1711.0
773.0 1242.0 1711.0
773.0 1242.0 1711.0
773.0 1242.0 1711.0
773.0 1242.0 1711.0
773.0 1242.0 1711.0
773.0 1242.0 1711.0
773.0 1242.0 1711.0
773.0 1242.0 1711.0
773.0 1242.0 1711.0
773.0 1242.0 1711.0
773.0 1242.0 1711.0
773.0 1242.0 1711.0
773.0 1242.0 1711.0
773.0 1242.0 1711.0
773.0 1242.0 1711.0
773.0 1242.0 1711.0
773.0 1242.0 1711.0
773.0 1242.0 1711.0
773.0 1242.0 1711.0
773.0 1242.0 1711.0
773.0 1242.0 1711.0
773.0 1242.0 1711.0
773.0 1242.0 1711.0
773.0 1242.0 1711.0
773.0 1242.0 1711.0
773.0 1242.0 1711.0
773.0 1242.0 1711.0
773.0 1242.0 1711.0
773.0 1242.0 1711.0
773.0 1242.0 1711.0
773.0 1242.0 1711.0
773.0 1242.0 1711.0
773.0 1242.0 1711.0
773.0 1242.0 1711.0
773.0 1242.0 1711.0
773.0 1242.0 1711.0
773.0 1242.0 1711.0
773.0 1242.0 1711.0
773.0 1242.0 1711.0
773.0 1242.0 1711.0
773.0 1242.0 1711.0
773.0 1242.0 1711.0
773.0 1242.0 1711.0
773.0 1242.0 1711.0
773.0 1242.0 1711.0
773.0 1242.0 1711.0
773.0 1242.0 1711.0
773.0 1242.0 1711.0
773.0 1242.0 1711.0
773.0 1242.0 1711.0
773.0 1242.0 1711.0
773.0 1242.0 1711.0
773.0 1242.0 1711.0
773.0 1242.0 1711.0
773.0 1242.0 1711.0
773.0 1242.0 1711.0
773.0 1242.0 1711.0
773.0 1242.0 1711.0
773.0 1242.0 1711.0
773.0 1242.0 1711.0
773.0 1242.0 1711.0
773.0 1242.0 1711.0
773.0 1242.0 1711.0
773.0 1242.0 1711.0
773.0 1242.0 1711.0
773.0 1242.0 1711.0
773.0 1242.0 1711.0
