11906.0 12619.0 13332.0
9533.0 10505.0 11477.0
8330.0 8648.5 8967.0
4858.0 5114.5 5371.0
3664.0 3873.0 4082.0
3664.0 3873.0 4082.0
2866.0 3243.5 3621.0
1686.0 2231.0 2776.0
1686.0 2077.0 2468.0
1657.0 1681.0 1705.0
1308.0 1324.0 1340.0
1308.0 1324.0 1340.0
1308.0 1324.0 1340.0
1308.0 1324.0 1340.0
1308.0 1324.0 1340.0
1308.0 1324.0 1340.0
1308.0 1324.0 1340.0
1308.0 1324.0 1340.0
1308.0 1324.0 1340.0
1308.0 1324.0 1340.0
1308.0 1324.0 1340.0
1308.0 1324.0 1340.0
1308.0 1324.0 1340.0
1308.0 1324.0 1340.0
1308.0 1324.0 1340.0
1308.0 1324.0 1340.0
1308.0 1324.0 1340.0
1308.0 1324.0 1340.0
1260.0 1284.0 1308.0
1260.0 1284.0 1308.0
1254.0 1281.0 1308.0
1254.0 1281.0 1308.0
1254.0 1281.0 1308.0
973.0 1140.5 1308.0
973.0 1140.5 1308.0
973.0 1140.5 1308.0
973.0 1140.5 1308.0
973.0 1140.5 1308.0
973.0 1140.5 1308.0
973.0 1140.5 1308.0
973.0 1140.5 1308.0
973.0 1140.5 1308.0
973.0 1140.5 1308.0
973.0 1140.5 1308.0
973.0 1140.5 1308.0
973.0 1140.5 1308.0
973.0 1140.5 1308.0
973.0 1140.5 1308.0
973.0 1140.5 1308.0
973.0 1140.5 1308.0
973.0 1140.5 1308.0
973.0 1140.5 1308.0
973.0 1140.5 1308.0
973.0 1140.5 1308.0
973.0 1140.5 1308.0
973.0 1140.5 1308.0
973.0 1140.5 1308.0
973.0 1140.5 1308.0
973.0 1140.5 1308.0
973.0 1140.5 1308.0
973.0 1140.5 1308.0
973.0 1140.5 1308.0
973.0 1140.5 1308.0
973.0 1140.5 1308.0
973.0 1140.5 1308.0
973.0 1140.5 1308.0
973.0 1140.5 1308.0
973.0 1140.5 1308.0
973.0 1140.5 1308.0
973.0 1140.5 1308.0
973.0 1140.5 1308.0
973.0 1140.5 1308.0
973.0 1140.5 1308.0
973.0 1140.5 1308.0
973.0 1140.5 1308.0
973.0 1140.5 1308.0
973.0 1140.5 1308.0
973.0 1140.5 1308.0
973.0 1140.5 1308.0
973.0 1140.5 1308.0
973.0 1140.5 1308.0
973.0 1140.5 1308.0
973.0 1140.5 1308.0
973.0 1140.5 1308.0
973.0 1140.5 1308.0
973.0 1140.5 1308.0
973.0 1140.5 1308.0
973.0 1140.5 1308.0
973.0 1140.5 1308.0
973.0 1140.5 1308.0
973.0 1140.5 1308.0
973.0 1140.5 1308.0
973.0 1140.5 1308.0
973.0 1140.5 1308.0
973.0 1140.5 1308.0
973.0 1140.5 1308.0
973.0 1140.5 1308.0
973.0 1140.5 1308.0
973.0 1140.5 1308.0
973.0 1140.5 1308.0
973.0 1140.5 1308.0
973.0 1140.5 1308.0
973.0 1140.5 1308.0
973.0 1140.5 1308.0
973.0 1140.5 1308.0
973.0 1140.5 1308.0
973.0 1140.5 1308.0
973.0 1140.5 1308.0
973.0 1140.5 1308.0
973.0 1140.5 1308.0
973.0 1140.5 1308.0
973.0 1140.5 1308.0
1065.0 1186.5 1308.0
1065.0 1186.5 1308.0
1065.0 1186.5 1308.0
920.0 1114.0 1308.0
1065.0 1186.5 1308.0
1065.0 1186.5 1308.0
1065.0 1186.5 1308.0
1065.0 1186.5 1308.0
1065.0 1186.5 1308.0
1065.0 1186.5 1308.0
1065.0 1186.5 1308.0
1065.0 1186.5 1308.0
1065.0 1186.5 1308.0
1065.0 1186.5 1308.0
1065.0 1186.5 1308.0
1065.0 1186.5 1308.0
1065.0 1186.5 1308.0
1065.0 1186.5 1308.0
1065.0 1186.5 1308.0
1065.0 1186.5 1308.0
1065.0 1186.5 1308.0
1065.0 1186.5 1308.0
1065.0 1186.5 1308.0
1065.0 1186.5 1308.0
1065.0 1186.5 1308.0
1065.0 1186.5 1308.0
1065.0 1186.5 1308.0
1065.0 1186.5 1308.0
1065.0 1186.5 1308.0
1065.0 1186.5 1308.0
1065.0 1186.5 1308.0
1065.0 1186.5 1308.0
1065.0 1186.5 1308.0
1065.0 1186.5 1308.0
1065.0 1186.5 1308.0
1065.0 1186.5 1308.0
1065.0 1186.5 1308.0
1065.0 1186.5 1308.0
1065.0 1186.5 1308.0
1065.0 1186.5 1308.0
1065.0 1186.5 1308.0
1065.0 1186.5 1308.0
1065.0 1186.5 1308.0
1065.0 1186.5 1308.0
1065.0 1186.5 1308.0
1065.0 1186.5 1308.0
1065.0 1186.5 1308.0
1065.0 1186.5 1308.0
1065.0 1186.5 1308.0
1065.0 1186.5 1308.0
1065.0 1186.5 1308.0
1065.0 1186.5 1308.0
1065.0 1186.5 1308.0
1065.0 1186.5 1308.0
1065.0 1186.5 1308.0
1065.0 1186.5 1308.0
1065.0 1186.5 1308.0
1065.0 1186.5 1308.0
1065.0 1186.5 1308.0
1065.0 1186.5 1308.0
1065.0 1186.5 1308.0
1065.0 1186.5 1308.0
1065.0 1186.5 1308.0
1065.0 1186.5 1308.0
1065.0 1186.5 1308.0
1065.0 1186.5 1308.0
1065.0 1186.5 1308.0
1065.0 1186.5 1308.0
1065.0 1186.5 1308.0
1065.0 1186.5 1308.0
1065.0 1186.5 1308.0
1065.0 1186.5 1308.0
1065.0 1186.5 1308.0
1065.0 1186.5 1308.0
1065.0 1186.5 1308.0
1065.0 1186.5 1308.0
1065.0 1186.5 1308.0
1065.0 1186.5 1308.0
1065.0 1186.5 1308.0
1065.0 1186.5 1308.0
1065.0 1186.5 1308.0
1065.0 1186.5 1308.0
1065.0 1186.5 1308.0
1065.0 1186.5 1308.0
1065.0 1186.5 1308.0
1065.0 1186.5 1308.0
1065.0 1186.5 1308.0
1065.0 1186.5 1308.0
