10699.0 11075.0 11451.0
8515.0 8804.5 9094.0
7437.0 7976.0 8515.0
6557.0 6722.0 6887.0
4929.0 5448.0 5967.0
4304.0 4616.5 4929.0
3940.0 4122.0 4304.0
2629.0 3598.0 4567.0
2490.0 3156.0 3822.0
2122.0 2523.5 2925.0
2122.0 2523.5 2925.0
2013.0 2067.5 2122.0
1611.0 1866.5 2122.0
1077.0 1599.5 2122.0
1077.0 1599.5 2122.0
1077.0 1599.5 2122.0
1077.0 1599.5 2122.0
1077.0 1599.5 2122.0
1077.0 1599.5 2122.0
1077.0 1599.5 2122.0
1077.0 1599.5 2122.0
1077.0 1599.5 2122.0
1077.0 1599.5 2122.0
1077.0 1449.0 1821.0
1077.0 1449.0 1821.0
1077.0 1449.0 1821.0
1077.0 1449.0 1821.0
1077.0 1449.0 1821.0
1077.0 1449.0 1821.0
1077.0 1449.0 1821.0
1077.0 1449.0 1821.0
1077.0 1449.0 1821.0
1077.0 1449.0 1821.0
1077.0 1449.0 1821.0
1077.0 1449.0 1821.0
1077.0 1449.0 1821.0
1077.0 1394.5 1712.0
1077.0 1394.5 1712.0
1077.0 1273.0 1469.0
1077.0 1195.0 1313.0
1077.0 1195.0 1313.0
1077.0 1195.0 1313.0
1077.0 1195.0 1313.0
1077.0 1195.0 1313.0
1077.0 1195.0 1313.0
1077.0 1195.0 1313.0
1077.0 1195.0 1313.0
1077.0 1195.0 1313.0
1077.0 1195.0 1313.0
1077.0 1195.0 1313.0
1077.0 1195.0 1313.0
1077.0 1195.0 1313.0
1077.0 1195.0 1313.0
1077.0 1195.0 1313.0
1077.0 1195.0 1313.0
1077.0 1195.0 1313.0
1077.0 1195.0 1313.0
1077.0 1195.0 1313.0
1077.0 1195.0 1313.0
1077.0 1195.0 1313.0
1077.0 1195.0 1313.0
1077.0 1195.0 1313.0
1077.0 1195.0 1313.0
1077.0 1195.0 1313.0
1077.0 1195.0 1313.0
1077.0 1195.0 1313.0
1077.0 1195.0 1313.0
1077.0 1195.0 1313.0
1077.0 1195.0 1313.0
1077.0 1195.0 1313.0
1077.0 1195.0 1313.0
1077.0 1195.0 1313.0
1077.0 1195.0 1313.0
1077.0 1195.0 1313.0
1077.0 1195.0 1313.0
1077.0 1195.0 1313.0
1077.0 1195.0 1313.0
1077.0 1195.0 1313.0
1077.0 1195.0 1313.0
1077.0 1195.0 1313.0
1077.0 1195.0 1313.0
1077.0 1195.0 1313.0
1077.0 1195.0 1313.0
1077.0 1195.0 1313.0
1077.0 1195.0 1313.0
1077.0 1195.0 1313.0
1077.0 1195.0 1313.0
1077.0 1195.0 1313.0
1077.0 1195.0 1313.0
1077.0 1195.0 1313.0
1077.0 1195.0 1313.0
1077.0 1195.0 1313.0
1077.0 1195.0 1313.0
1077.0 1195.0 1313.0
1077.0 1195.0 1313.0
1077.0 1195.0 1313.0
1077.0 1195.0 1313.0
1077.0 1195.0 1313.0
1077.0 1195.0 1313.0
1077.0 1195.0 1313.0
1077.0 1195.0 1313.0
1077.0 1195.0 1313.0
1077.0 1195.0 1313.0
1077.0 1195.0 1313.0
1077.0 1195.0 1313.0
1077.0 1195.0 1313.0
1077.0 1195.0 1313.0
1077.0 1195.0 1313.0
1077.0 1195.0 1313.0
1077.0 1195.0 1313.0
1077.0 1195.0 1313.0
1077.0 1195.0 1313.0
1077.0 1195.0 1313.0
1077.0 1195.0 1313.0
1077.0 1195.0 1313.0
1077.0 1195.0 1313.0
1077.0 1195.0 1313.0
1077.0 1195.0 1313.0
1077.0 1195.0 1313.0
1077.0 1195.0 1313.0
1077.0 1195.0 1313.0
1077.0 1195.0 1313.0
1077.0 1195.0 1313.0
1077.0 1195.0 1313.0
1077.0 1195.0 1313.0
1077.0 1195.0 1313.0
1077.0 1195.0 1313.0
1077.0 1195.0 1313.0
1077.0 1195.0 1313.0
1077.0 1195.0 1313.0
1077.0 1195.0 1313.0
1077.0 1195.0 1313.0
1077.0 1195.0 1313.0
1077.0 1195.0 1313.0
1077.0 1195.0 1313.0
1077.0 1195.0 1313.0
1077.0 1195.0 1313.0
1077.0 1195.0 1313.0
1077.0 1195.0 1313.0
1077.0 1195.0 1313.0
1077.0 1195.0 1313.0
1077.0 1195.0 1313.0
1077.0 1195.0 1313.0
1077.0 1195.0 1313.0
1077.0 1195.0 1313.0
1077.0 1195.0 1313.0
1077.0 1195.0 1313.0
1077.0 1195.0 1313.0
1077.0 1195.0 1313.0
1077.0 1195.0 1313.0
1077.0 1195.0 1313.0
1077.0 1195.0 1313.0
1077.0 1195.0 1313.0
1077.0 1195.0 1313.0
1077.0 1195.0 1313.0
1077.0 1195.0 1313.0
1077.0 1195.0 1313.0
1077.0 1195.0 1313.0
1077.0 1195.0 1313.0
1077.0 1195.0 1313.0
1077.0 1195.0 1313.0
1077.0 1195.0 1313.0
1077.0 1195.0 1313.0
1077.0 1195.0 1313.0
1077.0 1195.0 1313.0
1077.0 1195.0 1313.0
1077.0 1195.0 1313.0
1077.0 1195.0 1313.0
1077.0 1195.0 1313.0
1077.0 1195.0 1313.0
1077.0 1195.0 1313.0
1077.0 1195.0 1313.0
1077.0 1195.0 1313.0
1077.0 1195.0 1313.0
1077.0 1195.0 1313.0
1077.0 1195.0 1313.0
1077.0 1195.0 1313.0
1077.0 1195.0 1313.0
1077.0 1195.0 1313.0
1077.0 1195.0 1313.0
1077.0 1195.0 1313.0
1077.0 1195.0 1313.0
1077.0 1195.0 1313.0
1077.0 1195.0 1313.0
1077.0 1195.0 1313.0
1077.0 1195.0 1313.0
1077.0 1195.0 1313.0
1077.0 1195.0 1313.0
1077.0 1195.0 1313.0
1077.0 1195.0 1313.0
1077.0 1195.0 1313.0
1077.0 1195.0 1313.0
1077.0 1195.0 1313.0
1077.0 1195.0 1313.0
1077.0 1195.0 1313.0
1077.0 1195.0 1313.0
1077.0 1195.0 1313.0
1077.0 1195.0 1313.0
1077.0 1195.0 1313.0
1077.0 1195.0 1313.0
