10625.0 11873.0 13121.0
8988.0 9814.0 10640.0
7165.0 7799.0 8433.0
6231.0 6494.5 6758.0
3555.0 4115.0 4675.0
3102.0 3575.5 4049.0
3047.0 3178.0 3309.0
2422.0 2734.5 3047.0
2145.0 2424.0 2703.0
2145.0 2424.0 2703.0
1830.0 1987.5 2145.0
1830.0 1987.5 2145.0
1742.0 1943.5 2145.0
1742.0 1943.5 2145.0
1830.0 1869.5 1909.0
1288.0 1324.5 1361.0
1087.0 1171.5 1256.0
1087.0 1171.5 1256.0
1087.0 1171.5 1256.0
1087.0 1171.5 1256.0
1087.0 1171.5 1256.0
1087.0 1171.5 1256.0
1087.0 1171.5 1256.0
1087.0 1171.5 1256.0
1087.0 1171.5 1256.0
1087.0 1171.5 1256.0
1087.0 1171.5 1256.0
1087.0 1171.5 1256.0
1087.0 1171.5 1256.0
1087.0 1171.5 1256.0
1087.0 1171.5 1256.0
1087.0 1171.5 1256.0
1087.0 1171.5 1256.0
1087.0 1171.5 1256.0
1087.0 1171.5 1256.0
1151.0 1203.5 1256.0
1151.0 1203.5 1256.0
1151.0 1203.5 1256.0
1151.0 1203.5 1256.0
1151.0 1203.5 1256.0
1151.0 1203.5 1256.0
1151.0 1203.5 1256.0
1151.0 1203.5 1256.0
1151.0 1203.5 1256.0
1151.0 1203.5 1256.0
1151.0 1203.5 1256.0
1151.0 1203.5 1256.0
1151.0 1203.5 1256.0
1151.0 1203.5 1256.0
1151.0 1203.5 1256.0
1151.0 1203.5 1256.0
1151.0 1203.5 1256.0
1151.0 1203.5 1256.0
1151.0 1203.5 1256.0
1151.0 1203.5 1256.0
1151.0 1203.5 1256.0
1151.0 1203.5 1256.0
1151.0 1203.5 1256.0
1151.0 1203.5 1256.0
1151.0 1203.5 1256.0
1151.0 1203.5 1256.0
1151.0 1203.5 1256.0
1151.0 1203.5 1256.0
1151.0 1203.5 1256.0
1151.0 1203.5 1256.0
1151.0 1203.5 1256.0
1151.0 1203.5 1256.0
1151.0 1203.5 1256.0
1151.0 1203.5 1256.0
1151.0 1203.5 1256.0
1151.0 1203.5 1256.0
1151.0 1203.5 1256.0
1151.0 1203.5 1256.0
1151.0 1203.5 1256.0
1151.0 1203.5 1256.0
1151.0 1203.5 1256.0
1151.0 1203.5 1256.0
1151.0 1203.5 1256.0
1151.0 1203.5 1256.0
1151.0 1203.5 1256.0
1151.0 1203.5 1256.0
1151.0 1203.5 1256.0
1151.0 1203.5 1256.0
1151.0 1203.5 1256.0
1151.0 1203.5 1256.0
1151.0 1203.5 1256.0
1151.0 1203.5 1256.0
1151.0 1203.5 1256.0
1151.0 1203.5 1256.0
1151.0 1203.5 1256.0
1151.0 1203.5 1256.0
1151.0 1203.5 1256.0
1151.0 1203.5 1256.0
1151.0 1203.5 1256.0
1151.0 1203.5 1256.0
1151.0 1203.5 1256.0
1151.0 1203.5 1256.0
1151.0 1203.5 1256.0
1151.0 1203.5 1256.0
1151.0 1203.5 1256.0
1151.0 1203.5 1256.0
1151.0 1203.5 1256.0
1151.0 1203.5 1256.0
1151.0 1203.5 1256.0
1151.0 1203.5 1256.0
1151.0 1203.5 1256.0
1151.0 1203.5 1256.0
1151.0 1203.5 1256.0
1151.0 1203.5 1256.0
1151.0 1203.5 1256.0
1151.0 1203.5 1256.0
1151.0 1203.5 1256.0
1151.0 1203.5 1256.0
1151.0 1203.5 1256.0
1151.0 1203.5 1256.0
1151.0 1203.5 1256.0
1151.0 1203.5 1256.0
1151.0 1203.5 1256.0
1151.0 1203.5 1256.0
1151.0 1203.5 1256.0
1151.0 1203.5 1256.0
1151.0 1203.5 1256.0
1151.0 1203.5 1256.0
1151.0 1203.5 1256.0
1151.0 1203.5 1256.0
1151.0 1203.5 1256.0
1151.0 1203.5 1256.0
1151.0 1203.5 1256.0
1151.0 1203.5 1256.0
1151.0 1203.5 1256.0
1151.0 1203.5 1256.0
1151.0 1203.5 1256.0
1151.0 1203.5 1256.0
1151.0 1203.5 1256.0
1151.0 1203.5 1256.0
1151.0 1203.5 1256.0
1151.0 1203.5 1256.0
1151.0 1203.5 1256.0
1151.0 1203.5 1256.0
1151.0 1203.5 1256.0
1151.0 1203.5 1256.0
1151.0 1203.5 1256.0
1151.0 1203.5 1256.0
1151.0 1203.5 1256.0
1151.0 1203.5 1256.0
1151.0 1203.5 1256.0
1151.0 1203.5 1256.0
1151.0 1203.5 1256.0
1151.0 1203.5 1256.0
1151.0 1203.5 1256.0
1151.0 1203.5 1256.0
1151.0 1203.5 1256.0
1151.0 1203.5 1256.0
1151.0 1203.5 1256.0
1151.0 1203.5 1256.0
1151.0 1203.5 1256.0
1151.0 1203.5 1256.0
1151.0 1203.5 1256.0
1151.0 1203.5 1256.0
1151.0 1203.5 1256.0
1151.0 1203.5 1256.0
1151.0 1203.5 1256.0
1151.0 1203.5 1256.0
1151.0 1203.5 1256.0
1151.0 1203.5 1256.0
1151.0 1203.5 1256.0
1151.0 1203.5 1256.0
1151.0 1203.5 1256.0
1151.0 1203.5 1256.0
1151.0 1203.5 1256.0
1151.0 1203.5 1256.0
1151.0 1203.5 1256.0
1151.0 1203.5 1256.0
1151.0 1203.5 1256.0
1151.0 1203.5 1256.0
1151.0 1203.5 1256.0
1151.0 1203.5 1256.0
1151.0 1203.5 1256.0
1151.0 1203.5 1256.0
1151.0 1203.5 1256.0
1151.0 1203.5 1256.0
1151.0 1203.5 1256.0
1151.0 1203.5 1256.0
1151.0 1203.5 1256.0
1151.0 1203.5 1256.0
1151.0 1203.5 1256.0
1151.0 1203.5 1256.0
1151.0 1203.5 1256.0
1151.0 1203.5 1256.0
1151.0 1203.5 1256.0
1151.0 1203.5 1256.0
1151.0 1203.5 1256.0
1151.0 1203.5 1256.0
1151.0 1203.5 1256.0
1151.0 1203.5 1256.0
1151.0 1203.5 1256.0
1151.0 1203.5 1256.0
1151.0 1203.5 1256.0
1151.0 1203.5 1256.0
1151.0 1203.5 1256.0
