13215.0 14783.0 16351.0
10335.0 11291.0 12247.0
8567.0 8777.5 8988.0
5526.0 6101.5 6677.0
5056.0 5102.0 5148.0
3293.0 4212.5 5132.0
2036.0 2888.0 3740.0
2036.0 2530.5 3025.0
2036.0 2742.5 3449.0
2036.0 2344.0 2652.0
2036.0 2344.0 2652.0
1876.0 1956.0 2036.0
1444.0 1660.0 1876.0
1444.0 1646.0 1848.0
1444.0 1646.0 1848.0
1444.0 1646.0 1848.0
1444.0 1646.0 1848.0
1444.0 1646.0 1848.0
1444.0 1646.0 1848.0
1444.0 1646.0 1848.0
1444.0 1646.0 1848.0
1444.0 1646.0 1848.0
1444.0 1646.0 1848.0
1444.0 1646.0 1848.0
1444.0 1646.0 1848.0
1444.0 1646.0 1848.0
1444.0 1646.0 1848.0
1444.0 1646.0 1848.0
1444.0 1646.0 1848.0
1444.0 1557.0 1670.0
1444.0 1557.0 1670.0
1444.0 1557.0 1670.0
1444.0 1557.0 1670.0
1444.0 1557.0 1670.0
1444.0 1557.0 1670.0
1444.0 1557.0 1670.0
1444.0 1557.0 1670.0
1444.0 1557.0 1670.0
1444.0 1557.0 1670.0
1444.0 1557.0 1670.0
1444.0 1557.0 1670.0
1444.0 1557.0 1670.0
1444.0 1557.0 1670.0
1444.0 1557.0 1670.0
1444.0 1557.0 1670.0
1444.0 1557.0 1670.0
1444.0 1557.0 1670.0
1444.0 1557.0 1670.0
1444.0 1557.0 1670.0
1444.0 1557.0 1670.0
1444.0 1557.0 1670.0
1444.0 1557.0 1670.0
1444.0 1557.0 1670.0
1444.0 1557.0 1670.0
1444.0 1557.0 1670.0
1160.0 1302.0 1444.0
1160.0 1302.0 1444.0
1160.0 1302.0 1444.0
1160.0 1302.0 1444.0
1160.0 1302.0 1444.0
1160.0 1302.0 1444.0
1160.0 1302.0 1444.0
1160.0 1302.0 1444.0
1160.0 1302.0 1444.0
1160.0 1302.0 1444.0
1160.0 1302.0 1444.0
1160.0 1302.0 1444.0
1160.0 1302.0 1444.0
1160.0 1302.0 1444.0
790.0 1117.0 1444.0
790.0 1117.0 1444.0
790.0 1117.0 1444.0
790.0 1117.0 1444.0
790.0 1117.0 1444.0
790.0 1117.0 1444.0
790.0 1117.0 1444.0
790.0 1117.0 1444.0
790.0 1117.0 1444.0
790.0 1117.0 1444.0
790.0 1117.0 1444.0
790.0 1117.0 1444.0
790.0 1117.0 1444.0
790.0 1117.0 1444.0
790.0 1117.0 1444.0
790.0 1117.0 1444.0
790.0 1117.0 1444.0
790.0 1117.0 1444.0
790.0 1117.0 1444.0
790.0 1117.0 1444.0
790.0 1117.0 1444.0
790.0 1117.0 1444.0
790.0 1117.0 1444.0
790.0 1117.0 1444.0
790.0 1117.0 1444.0
790.0 1117.0 1444.0
790.0 1117.0 1444.0
790.0 1117.0 1444.0
790.0 1117.0 1444.0
790.0 1117.0 1444.0
790.0 1117.0 1444.0
790.0 1117.0 1444.0
790.0 1117.0 1444.0
790.0 1117.0 1444.0
790.0 1117.0 1444.0
790.0 1117.0 1444.0
790.0 1117.0 1444.0
790.0 1117.0 1444.0
790.0 1117.0 1444.0
790.0 1117.0 1444.0
790.0 1117.0 1444.0
790.0 1117.0 1444.0
790.0 1117.0 1444.0
790.0 1117.0 1444.0
790.0 1117.0 1444.0
790.0 1117.0 1444.0
790.0 1117.0 1444.0
790.0 1117.0 1444.0
790.0 1117.0 1444.0
790.0 1117.0 1444.0
790.0 1117.0 1444.0
790.0 1117.0 1444.0
790.0 1117.0 1444.0
790.0 1117.0 1444.0
790.0 1117.0 1444.0
790.0 1117.0 1444.0
790.0 1117.0 1444.0
790.0 1117.0 1444.0
790.0 1117.0 1444.0
790.0 1117.0 1444.0
790.0 1117.0 1444.0
790.0 1117.0 1444.0
790.0 1117.0 1444.0
790.0 1117.0 1444.0
790.0 1117.0 1444.0
790.0 1117.0 1444.0
790.0 1117.0 1444.0
790.0 1117.0 1444.0
790.0 1117.0 1444.0
790.0 1117.0 1444.0
790.0 1117.0 1444.0
790.0 1117.0 1444.0
790.0 1117.0 1444.0
790.0 1117.0 1444.0
790.0 1117.0 1444.0
790.0 1117.0 1444.0
790.0 1117.0 1444.0
790.0 1117.0 1444.0
790.0 1117.0 1444.0
790.0 1117.0 1444.0
790.0 1117.0 1444.0
790.0 1117.0 1444.0
790.0 1117.0 1444.0
790.0 1117.0 1444.0
790.0 1117.0 1444.0
790.0 1117.0 1444.0
790.0 1117.0 1444.0
790.0 1117.0 1444.0
790.0 1117.0 1444.0
790.0 1117.0 1444.0
790.0 1117.0 1444.0
790.0 1117.0 1444.0
790.0 1117.0 1444.0
790.0 1117.0 1444.0
790.0 1157.5 1525.0
790.0 1157.5 1525.0
790.0 1157.5 1525.0
790.0 1157.5 1525.0
790.0 1157.5 1525.0
790.0 1157.5 1525.0
790.0 1157.5 1525.0
790.0 1157.5 1525.0
790.0 1157.5 1525.0
790.0 1157.5 1525.0
790.0 1157.5 1525.0
790.0 1157.5 1525.0
790.0 1157.5 1525.0
790.0 1157.5 1525.0
790.0 1157.5 1525.0
790.0 1157.5 1525.0
790.0 1157.5 1525.0
790.0 1157.5 1525.0
790.0 1157.5 1525.0
790.0 1157.5 1525.0
790.0 1157.5 1525.0
790.0 1157.5 1525.0
790.0 1157.5 1525.0
790.0 1157.5 1525.0
790.0 1157.5 1525.0
790.0 1157.5 1525.0
790.0 1157.5 1525.0
790.0 1157.5 1525.0
790.0 1157.5 1525.0
790.0 1157.5 1525.0
790.0 1157.5 1525.0
790.0 1157.5 1525.0
790.0 1157.5 1525.0
790.0 1157.5 1525.0
790.0 1157.5 1525.0
790.0 1157.5 1525.0
790.0 1157.5 1525.0
