13820.0 14447.5 15075.0
10127.0 11538.5 12950.0
10447.0 10602.5 10758.0
9316.0 9662.0 10008.0
6800.0 6977.0 7154.0
6456.0 6628.0 6800.0
3512.0 3617.0 3722.0
3512.0 3617.0 3722.0
3512.0 4104.0 4696.0
3913.0 4100.5 4288.0
3385.0 3649.0 3913.0
3344.0 3628.5 3913.0
2153.0 3156.5 4160.0
2153.0 2601.0 3049.0
1773.0 2411.0 3049.0
1773.0 2600.5 3428.0
1773.0 1958.0 2143.0
1773.0 1958.0 2143.0
1773.0 1958.0 2143.0
1773.0 1958.0 2143.0
1773.0 1958.0 2143.0
1773.0 1958.0 2143.0
1773.0 1958.0 2143.0
1773.0 1958.0 2143.0
1773.0 1958.0 2143.0
1773.0 1958.0 2143.0
1773.0 1958.0 2143.0
1773.0 1958.0 2143.0
1773.0 1958.0 2143.0
1773.0 1958.0 2143.0
1773.0 1958.0 2143.0
1773.0 1958.0 2143.0
1773.0 1958.0 2143.0
1773.0 1958.0 2143.0
1773.0 1958.0 2143.0
1773.0 1958.0 2143.0
1773.0 1958.0 2143.0
1773.0 1958.0 2143.0
1773.0 1958.0 2143.0
1773.0 1958.0 2143.0
1773.0 1958.0 2143.0
1773.0 1958.0 2143.0
1773.0 1958.0 2143.0
1773.0 1958.0 2143.0
1773.0 1958.0 2143.0
1773.0 1958.0 2143.0
1773.0 1958.0 2143.0
1773.0 1958.0 2143.0
1773.0 1958.0 2143.0
1773.0 1958.0 2143.0
1773.0 1958.0 2143.0
1773.0 1958.0 2143.0
1773.0 1958.0 2143.0
1773.0 1958.0 2143.0
1773.0 1958.0 2143.0
1773.0 1958.0 2143.0
1773.0 1958.0 2143.0
1773.0 1958.0 2143.0
924.0 1533.5 2143.0
924.0 1533.5 2143.0
924.0 1533.5 2143.0
924.0 1533.5 2143.0
924.0 1533.5 2143.0
924.0 1533.5 2143.0
924.0 1533.5 2143.0
924.0 1533.5 2143.0
924.0 1533.5 2143.0
924.0 1533.5 2143.0
924.0 1533.5 2143.0
924.0 1533.5 2143.0
924.0 1533.5 2143.0
924.0 1533.5 2143.0
924.0 1533.5 2143.0
924.0 1533.5 2143.0
924.0 1533.5 2143.0
924.0 1533.5 2143.0
924.0 1533.5 2143.0
924.0 1533.5 2143.0
924.0 1533.5 2143.0
924.0 1533.5 2143.0
924.0 1533.5 2143.0
924.0 1533.5 2143.0
924.0 1533.5 2143.0
924.0 1533.5 2143.0
924.0 1439.0 1954.0
924.0 1320.0 1716.0
924.0 1320.0 1716.0
924.0 1320.0 1716.0
924.0 1320.0 1716.0
924.0 1320.0 1716.0
924.0 1320.0 1716.0
924.0 1320.0 1716.0
924.0 1320.0 1716.0
924.0 1320.0 1716.0
924.0 1320.0 1716.0
924.0 1320.0 1716.0
924.0 1320.0 1716.0
924.0 1320.0 1716.0
924.0 1320.0 1716.0
924.0 1320.0 1716.0
924.0 1320.0 1716.0
924.0 1320.0 1716.0
924.0 1320.0 1716.0
924.0 1320.0 1716.0
924.0 1320.0 1716.0
924.0 1320.0 1716.0
924.0 1320.0 1716.0
924.0 1320.0 1716.0
924.0 1320.0 1716.0
924.0 1320.0 1716.0
924.0 1320.0 1716.0
924.0 1320.0 1716.0
924.0 1320.0 1716.0
924.0 1320.0 1716.0
924.0 1320.0 1716.0
924.0 1320.0 1716.0
924.0 1320.0 1716.0
924.0 1320.0 1716.0
924.0 1320.0 1716.0
924.0 1320.0 1716.0
924.0 1320.0 1716.0
924.0 1320.0 1716.0
924.0 1320.0 1716.0
924.0 1320.0 1716.0
924.0 1320.0 1716.0
924.0 1320.0 1716.0
924.0 1320.0 1716.0
924.0 1320.0 1716.0
924.0 1320.0 1716.0
924.0 1320.0 1716.0
924.0 1320.0 1716.0
924.0 1320.0 1716.0
924.0 1320.0 1716.0
924.0 1320.0 1716.0
924.0 1320.0 1716.0
924.0 1320.0 1716.0
924.0 1320.0 1716.0
924.0 1320.0 1716.0
924.0 1320.0 1716.0
924.0 1320.0 1716.0
924.0 1320.0 1716.0
924.0 1320.0 1716.0
924.0 1320.0 1716.0
924.0 1320.0 1716.0
924.0 1320.0 1716.0
924.0 1320.0 1716.0
924.0 1320.0 1716.0
924.0 1320.0 1716.0
924.0 1320.0 1716.0
924.0 1320.0 1716.0
924.0 1320.0 1716.0
924.0 1320.0 1716.0
924.0 1320.0 1716.0
924.0 1320.0 1716.0
924.0 1320.0 1716.0
924.0 1320.0 1716.0
924.0 1320.0 1716.0
924.0 1320.0 1716.0
924.0 1320.0 1716.0
924.0 1320.0 1716.0
924.0 1320.0 1716.0
924.0 1320.0 1716.0
924.0 1320.0 1716.0
924.0 1320.0 1716.0
924.0 1320.0 1716.0
924.0 1320.0 1716.0
924.0 1320.0 1716.0
924.0 1320.0 1716.0
924.0 1320.0 1716.0
924.0 1320.0 1716.0
924.0 1320.0 1716.0
924.0 1320.0 1716.0
924.0 1320.0 1716.0
924.0 1320.0 1716.0
924.0 1320.0 1716.0
924.0 1320.0 1716.0
924.0 1320.0 1716.0
924.0 1320.0 1716.0
924.0 1320.0 1716.0
924.0 1491.0 2058.0
924.0 1491.0 2058.0
924.0 1491.0 2058.0
924.0 1491.0 2058.0
924.0 1491.0 2058.0
924.0 1491.0 2058.0
924.0 1491.0 2058.0
924.0 1491.0 2058.0
924.0 1491.0 2058.0
924.0 1491.0 2058.0
924.0 1491.0 2058.0
924.0 1491.0 2058.0
924.0 1491.0 2058.0
924.0 1491.0 2058.0
924.0 1491.0 2058.0
924.0 1491.0 2058.0
924.0 1491.0 2058.0
924.0 1491.0 2058.0
924.0 1491.0 2058.0
924.0 1491.0 2058.0
924.0 1491.0 2058.0
