14049.0 14434.5 14820.0
11873.0 12001.5 12130.0
8612.0 9362.0 10112.0
7424.0 7497.5 7571.0
5193.0 6244.5 7296.0
4854.0 5023.5 5193.0
4319.0 4564.5 4810.0
3192.0 3591.5 3991.0
2915.0 3053.5 3192.0
2915.0 3053.5 3192.0
2915.0 3053.5 3192.0
2915.0 3090.0 3265.0
2915.0 3090.0 3265.0
2221.0 2568.0 2915.0
1691.0 2303.0 2915.0
1691.0 2303.0 2915.0
1691.0 2303.0 2915.0
1691.0 2310.0 2929.0
1691.0 2103.0 2515.0
1691.0 1783.5 1876.0
1691.0 1783.5 1876.0
1691.0 1783.5 1876.0
1691.0 1783.5 1876.0
1691.0 1783.5 1876.0
1691.0 1783.5 1876.0
1691.0 1783.5 1876.0
1691.0 1783.5 1876.0
1691.0 1783.5 1876.0
1691.0 1783.5 1876.0
1691.0 1783.5 1876.0
1691.0 1783.5 1876.0
1691.0 1783.5 1876.0
1691.0 1783.5 1876.0
1691.0 1783.5 1876.0
1691.0 1783.5 1876.0
1691.0 1783.5 1876.0
1691.0 1783.5 1876.0
1691.0 1783.5 1876.0
1691.0 1783.5 1876.0
1691.0 1783.5 1876.0
1691.0 1783.5 1876.0
1691.0 1783.5 1876.0
1691.0 1783.5 1876.0
1691.0 1783.5 1876.0
1691.0 1783.5 1876.0
1691.0 1783.5 1876.0
1691.0 1783.5 1876.0
1691.0 1783.5 1876.0
1113.0 1494.5 1876.0
1113.0 1494.5 1876.0
1113.0 1494.5 1876.0
1113.0 1494.5 1876.0
1113.0 1494.5 1876.0
1113.0 1494.5 1876.0
1113.0 1494.5 1876.0
1113.0 1494.5 1876.0
1113.0 1494.5 1876.0
1113.0 1494.5 1876.0
1113.0 1494.5 1876.0
1113.0 1494.5 1876.0
1113.0 1494.5 1876.0
1113.0 1494.5 1876.0
1113.0 1494.5 1876.0
1113.0 1494.5 1876.0
1113.0 1494.5 1876.0
1113.0 1494.5 1876.0
1113.0 1494.5 1876.0
1113.0 1494.5 1876.0
1113.0 1494.5 1876.0
1113.0 1494.5 1876.0
1113.0 1494.5 1876.0
1113.0 1494.5 1876.0
1113.0 1494.5 1876.0
1113.0 1494.5 1876.0
1113.0 1494.5 1876.0
1113.0 1494.5 1876.0
1113.0 1494.5 1876.0
1113.0 1494.5 1876.0
1113.0 1494.5 1876.0
1113.0 1494.5 1876.0
1113.0 1494.5 1876.0
1113.0 1494.5 1876.0
1113.0 1494.5 1876.0
1113.0 1494.5 1876.0
1271.0 1573.5 1876.0
1271.0 1573.5 1876.0
1280.0 1578.0 1876.0
1280.0 1578.0 1876.0
1280.0 1578.0 1876.0
1280.0 1578.0 1876.0
1280.0 1578.0 1876.0
1280.0 1578.0 1876.0
1280.0 1578.0 1876.0
1280.0 1578.0 1876.0
1280.0 1578.0 1876.0
1280.0 1578.0 1876.0
1280.0 1578.0 1876.0
1280.0 1578.0 1876.0
1280.0 1578.0 1876.0
1280.0 1578.0 1876.0
1280.0 1578.0 1876.0
1280.0 1578.0 1876.0
1280.0 1578.0 1876.0
1280.0 1578.0 1876.0
1280.0 1578.0 1876.0
1280.0 1578.0 1876.0
1280.0 1578.0 1876.0
1280.0 1578.0 1876.0
1280.0 1578.0 1876.0
1280.0 1578.0 1876.0
1280.0 1578.0 1876.0
1280.0 1578.0 1876.0
1280.0 1578.0 1876.0
1280.0 1578.0 1876.0
1280.0 1578.0 1876.0
1280.0 1578.0 1876.0
1280.0 1578.0 1876.0
1280.0 1578.0 1876.0
1280.0 1578.0 1876.0
1280.0 1578.0 1876.0
1280.0 1578.0 1876.0
1280.0 1399.0 1518.0
1280.0 1399.0 1518.0
1280.0 1399.0 1518.0
1280.0 1399.0 1518.0
1280.0 1399.0 1518.0
1280.0 1399.0 1518.0
1280.0 1399.0 1518.0
1280.0 1399.0 1518.0
1280.0 1399.0 1518.0
1280.0 1682.0 2084.0
1280.0 1352.0 1424.0
1280.0 1352.0 1424.0
1280.0 1352.0 1424.0
1280.0 1352.0 1424.0
1280.0 1352.0 1424.0
1280.0 1352.0 1424.0
1280.0 1352.0 1424.0
1280.0 1352.0 1424.0
1280.0 1352.0 1424.0
1280.0 1352.0 1424.0
1280.0 1352.0 1424.0
1280.0 1352.0 1424.0
1280.0 1352.0 1424.0
1280.0 1352.0 1424.0
1280.0 1352.0 1424.0
1280.0 1352.0 1424.0
1118.0 1271.0 1424.0
1118.0 1271.0 1424.0
1118.0 1271.0 1424.0
1118.0 1271.0 1424.0
1118.0 1271.0 1424.0
1118.0 1271.0 1424.0
1118.0 1271.0 1424.0
1118.0 1271.0 1424.0
1118.0 1271.0 1424.0
1118.0 1271.0 1424.0
1118.0 1271.0 1424.0
1118.0 1271.0 1424.0
1118.0 1271.0 1424.0
1118.0 1271.0 1424.0
1118.0 1271.0 1424.0
1118.0 1271.0 1424.0
1118.0 1271.0 1424.0
1118.0 1271.0 1424.0
1118.0 1271.0 1424.0
1118.0 1271.0 1424.0
1118.0 1271.0 1424.0
1118.0 1271.0 1424.0
1118.0 1271.0 1424.0
1118.0 1271.0 1424.0
1118.0 1271.0 1424.0
1118.0 1271.0 1424.0
1118.0 1271.0 1424.0
1118.0 1271.0 1424.0
1118.0 1271.0 1424.0
1118.0 1271.0 1424.0
1118.0 1271.0 1424.0
1118.0 1271.0 1424.0
1118.0 1271.0 1424.0
1118.0 1271.0 1424.0
1118.0 1271.0 1424.0
1118.0 1271.0 1424.0
1118.0 1271.0 1424.0
1118.0 1271.0 1424.0
1118.0 1271.0 1424.0
1118.0 1271.0 1424.0
1118.0 1271.0 1424.0
1118.0 1271.0 1424.0
1118.0 1271.0 1424.0
1118.0 1271.0 1424.0
1118.0 1271.0 1424.0
1118.0 1271.0 1424.0
1118.0 1271.0 1424.0
1118.0 1271.0 1424.0
1118.0 1271.0 1424.0
1118.0 1271.0 1424.0
1118.0 1271.0 1424.0
1118.0 1271.0 1424.0
1118.0 1271.0 1424.0
