10212.0 11908.5 13605.0
9414.0 9813.0 10212.0
7372.0 7760.5 8149.0
5004.0 5050.5 5097.0
3507.0 3750.5 3994.0
1998.0 2914.5 3831.0
1998.0 2287.0 2576.0
2040.0 2203.5 2367.0
2040.0 2137.0 2234.0
2040.0 2137.0 2234.0
1444.0 1742.0 2040.0
1319.0 1679.5 2040.0
1319.0 1679.5 2040.0
1319.0 1679.5 2040.0
1319.0 1679.5 2040.0
1319.0 1679.5 2040.0
1319.0 1679.5 2040.0
1319.0 1679.5 2040.0
1319.0 1679.5 2040.0
1319.0 1679.5 2040.0
1319.0 1679.5 2040.0
1319.0 1679.5 2040.0
1319.0 1679.5 2040.0
1319.0 1679.5 2040.0
1319.0 1679.5 2040.0
1319.0 1679.5 2040.0
1319.0 1679.5 2040.0
1319.0 1679.5 2040.0
1319.0 1679.5 2040.0
1319.0 1679.5 2040.0
1319.0 1679.5 2040.0
1319.0 1679.5 2040.0
1319.0 1679.5 2040.0
1319.0 1679.5 2040.0
1319.0 1679.5 2040.0
1319.0 1679.5 2040.0
1319.0 1397.0 1475.0
1270.0 1294.5 1319.0
1270.0 1294.5 1319.0
1222.0 1270.5 1319.0
1028.0 1173.5 1319.0
840.0 1079.5 1319.0
840.0 1079.5 1319.0
840.0 1079.5 1319.0
840.0 1079.5 1319.0
840.0 1079.5 1319.0
840.0 1079.5 1319.0
840.0 1079.5 1319.0
840.0 1079.5 1319.0
840.0 1079.5 1319.0
840.0 1079.5 1319.0
840.0 1079.5 1319.0
840.0 1079.5 1319.0
840.0 1079.5 1319.0
840.0 1079.5 1319.0
840.0 1079.5 1319.0
840.0 1079.5 1319.0
840.0 1079.5 1319.0
840.0 1079.5 1319.0
840.0 1079.5 1319.0
840.0 1079.5 1319.0
840.0 1079.5 1319.0
840.0 1079.5 1319.0
840.0 1079.5 1319.0
840.0 1079.5 1319.0
840.0 1079.5 1319.0
840.0 1079.5 1319.0
840.0 1079.5 1319.0
840.0 1079.5 1319.0
840.0 1079.5 1319.0
840.0 1079.5 1319.0
840.0 1079.5 1319.0
840.0 1079.5 1319.0
840.0 1079.5 1319.0
840.0 1079.5 1319.0
840.0 1079.5 1319.0
840.0 1079.5 1319.0
840.0 1079.5 1319.0
840.0 1079.5 1319.0
840.0 1079.5 1319.0
840.0 1079.5 1319.0
840.0 1079.5 1319.0
840.0 1079.5 1319.0
840.0 1079.5 1319.0
840.0 1079.5 1319.0
840.0 1079.5 1319.0
840.0 1079.5 1319.0
840.0 1079.5 1319.0
840.0 1079.5 1319.0
840.0 1079.5 1319.0
840.0 1079.5 1319.0
840.0 1079.5 1319.0
840.0 1079.5 1319.0
840.0 1079.5 1319.0
840.0 1079.5 1319.0
840.0 1079.5 1319.0
840.0 1079.5 1319.0
840.0 1079.5 1319.0
840.0 1079.5 1319.0
840.0 1079.5 1319.0
840.0 1079.5 1319.0
840.0 1079.5 1319.0
840.0 1079.5 1319.0
840.0 1079.5 1319.0
840.0 1079.5 1319.0
840.0 1079.5 1319.0
840.0 1079.5 1319.0
840.0 1079.5 1319.0
840.0 1079.5 1319.0
840.0 1091.0 1342.0
840.0 1091.0 1342.0
840.0 1091.0 1342.0
840.0 1091.0 1342.0
840.0 1091.0 1342.0
840.0 1091.0 1342.0
840.0 1091.0 1342.0
840.0 1091.0 1342.0
840.0 1091.0 1342.0
840.0 1091.0 1342.0
840.0 1091.0 1342.0
840.0 1091.0 1342.0
840.0 1091.0 1342.0
840.0 1091.0 1342.0
840.0 1091.0 1342.0
840.0 1091.0 1342.0
840.0 1091.0 1342.0
840.0 1091.0 1342.0
840.0 1091.0 1342.0
840.0 1091.0 1342.0
840.0 1091.0 1342.0
840.0 1091.0 1342.0
840.0 1091.0 1342.0
840.0 1091.0 1342.0
840.0 1091.0 1342.0
840.0 1091.0 1342.0
840.0 1091.0 1342.0
840.0 1091.0 1342.0
840.0 1091.0 1342.0
840.0 1091.0 1342.0
840.0 1091.0 1342.0
840.0 1091.0 1342.0
840.0 1091.0 1342.0
840.0 1091.0 1342.0
840.0 1091.0 1342.0
840.0 1091.0 1342.0
840.0 1091.0 1342.0
840.0 1091.0 1342.0
840.0 1091.0 1342.0
840.0 1091.0 1342.0
840.0 1091.0 1342.0
840.0 1091.0 1342.0
840.0 1091.0 1342.0
840.0 1091.0 1342.0
840.0 1091.0 1342.0
840.0 1091.0 1342.0
840.0 1091.0 1342.0
840.0 1091.0 1342.0
840.0 1091.0 1342.0
840.0 1091.0 1342.0
840.0 1091.0 1342.0
840.0 1091.0 1342.0
840.0 1091.0 1342.0
840.0 1091.0 1342.0
840.0 1091.0 1342.0
840.0 1091.0 1342.0
840.0 1091.0 1342.0
840.0 1091.0 1342.0
840.0 1091.0 1342.0
840.0 1091.0 1342.0
840.0 1091.0 1342.0
840.0 1091.0 1342.0
840.0 1091.0 1342.0
840.0 1091.0 1342.0
840.0 1091.0 1342.0
840.0 1091.0 1342.0
840.0 1091.0 1342.0
840.0 1091.0 1342.0
840.0 1091.0 1342.0
840.0 1091.0 1342.0
840.0 1091.0 1342.0
840.0 1091.0 1342.0
840.0 1091.0 1342.0
840.0 1091.0 1342.0
840.0 1091.0 1342.0
840.0 1091.0 1342.0
840.0 1091.0 1342.0
840.0 1091.0 1342.0
840.0 1091.0 1342.0
840.0 1091.0 1342.0
840.0 1091.0 1342.0
840.0 1091.0 1342.0
840.0 1091.0 1342.0
840.0 1091.0 1342.0
840.0 1091.0 1342.0
840.0 1091.0 1342.0
840.0 1091.0 1342.0
840.0 1091.0 1342.0
840.0 1091.0 1342.0
840.0 1091.0 1342.0
840.0 1091.0 1342.0
