9869.0 10473.5 11078.0
9112.0 9112.5 9113.0
5172.0 6417.0 7662.0
4355.0 5389.0 6423.0
3499.0 4009.5 4520.0
3123.0 3502.0 3881.0
2444.0 2667.5 2891.0
2752.0 2847.5 2943.0
1812.0 1894.0 1976.0
1812.0 1894.0 1976.0
1727.0 1867.0 2007.0
1651.0 1689.0 1727.0
1651.0 1689.0 1727.0
1651.0 1689.0 1727.0
1153.0 1440.0 1727.0
1039.0 1383.0 1727.0
1152.0 1439.5 1727.0
831.0 1279.0 1727.0
831.0 1279.0 1727.0
831.0 1279.0 1727.0
831.0 1279.0 1727.0
831.0 1279.0 1727.0
831.0 1279.0 1727.0
831.0 1279.0 1727.0
831.0 1279.0 1727.0
831.0 1279.0 1727.0
831.0 1279.0 1727.0
831.0 1279.0 1727.0
831.0 1279.0 1727.0
831.0 1279.0 1727.0
831.0 1279.0 1727.0
831.0 1279.0 1727.0
831.0 1279.0 1727.0
831.0 1279.0 1727.0
831.0 1279.0 1727.0
831.0 1279.0 1727.0
831.0 1279.0 1727.0
831.0 1279.0 1727.0
831.0 1279.0 1727.0
831.0 1279.0 1727.0
831.0 1279.0 1727.0
831.0 1279.0 1727.0
831.0 1279.0 1727.0
831.0 1279.0 1727.0
831.0 1279.0 1727.0
831.0 1279.0 1727.0
831.0 1279.0 1727.0
831.0 1279.0 1727.0
831.0 1279.0 1727.0
831.0 1279.0 1727.0
831.0 1279.0 1727.0
831.0 1279.0 1727.0
831.0 1279.0 1727.0
831.0 1279.0 1727.0
831.0 1279.0 1727.0
831.0 1279.0 1727.0
831.0 1279.0 1727.0
831.0 1279.0 1727.0
831.0 1279.0 1727.0
831.0 1279.0 1727.0
831.0 1279.0 1727.0
831.0 1279.0 1727.0
831.0 1279.0 1727.0
831.0 1279.0 1727.0
831.0 1279.0 1727.0
831.0 1279.0 1727.0
831.0 1279.0 1727.0
831.0 1279.0 1727.0
831.0 1279.0 1727.0
831.0 1279.0 1727.0
831.0 1279.0 1727.0
831.0 1279.0 1727.0
831.0 1279.0 1727.0
831.0 1279.0 1727.0
831.0 1279.0 1727.0
831.0 1279.0 1727.0
831.0 1279.0 1727.0
831.0 1279.0 1727.0
831.0 1279.0 1727.0
831.0 1279.0 1727.0
831.0 1279.0 1727.0
831.0 1279.0 1727.0
831.0 1279.0 1727.0
831.0 1279.0 1727.0
831.0 1279.0 1727.0
831.0 1279.0 1727.0
831.0 1279.0 1727.0
831.0 1279.0 1727.0
831.0 1279.0 1727.0
831.0 1047.0 1263.0
831.0 1047.0 1263.0
831.0 1047.0 1263.0
831.0 1047.0 1263.0
831.0 1047.0 1263.0
831.0 1047.0 1263.0
831.0 1047.0 1263.0
831.0 1047.0 1263.0
831.0 1047.0 1263.0
831.0 1047.0 1263.0
831.0 1047.0 1263.0
831.0 1047.0 1263.0
831.0 1047.0 1263.0
831.0 1047.0 1263.0
831.0 1047.0 1263.0
831.0 1047.0 1263.0
831.0 1047.0 1263.0
831.0 1047.0 1263.0
831.0 1047.0 1263.0
831.0 1047.0 1263.0
831.0 1047.0 1263.0
831.0 1047.0 1263.0
831.0 1047.0 1263.0
831.0 1047.0 1263.0
831.0 1047.0 1263.0
831.0 1047.0 1263.0
831.0 1047.0 1263.0
831.0 1047.0 1263.0
831.0 1047.0 1263.0
831.0 1047.0 1263.0
831.0 1047.0 1263.0
831.0 1047.0 1263.0
831.0 1047.0 1263.0
831.0 1047.0 1263.0
831.0 1047.0 1263.0
831.0 1047.0 1263.0
831.0 1047.0 1263.0
831.0 1047.0 1263.0
831.0 1047.0 1263.0
831.0 1047.0 1263.0
831.0 1047.0 1263.0
831.0 1047.0 1263.0
831.0 1047.0 1263.0
831.0 1047.0 1263.0
831.0 1047.0 1263.0
831.0 1047.0 1263.0
831.0 1047.0 1263.0
831.0 1047.0 1263.0
831.0 1047.0 1263.0
831.0 1047.0 1263.0
831.0 1047.0 1263.0
831.0 1047.0 1263.0
831.0 1047.0 1263.0
831.0 1047.0 1263.0
831.0 1047.0 1263.0
831.0 1047.0 1263.0
831.0 1047.0 1263.0
831.0 1047.0 1263.0
831.0 1047.0 1263.0
831.0 1047.0 1263.0
831.0 1047.0 1263.0
831.0 1047.0 1263.0
831.0 1047.0 1263.0
831.0 1047.0 1263.0
831.0 1047.0 1263.0
831.0 1047.0 1263.0
831.0 1047.0 1263.0
831.0 1047.0 1263.0
831.0 1047.0 1263.0
831.0 1047.0 1263.0
831.0 1047.0 1263.0
831.0 1047.0 1263.0
831.0 1047.0 1263.0
831.0 1047.0 1263.0
831.0 1047.0 1263.0
831.0 1047.0 1263.0
831.0 1047.0 1263.0
831.0 1047.0 1263.0
831.0 1047.0 1263.0
831.0 1047.0 1263.0
831.0 1047.0 1263.0
831.0 1047.0 1263.0
831.0 1047.0 1263.0
831.0 1047.0 1263.0
831.0 1047.0 1263.0
831.0 1047.0 1263.0
831.0 1047.0 1263.0
831.0 1047.0 1263.0
831.0 1047.0 1263.0
831.0 1047.0 1263.0
831.0 1047.0 1263.0
831.0 1047.0 1263.0
831.0 1047.0 1263.0
831.0 1047.0 1263.0
831.0 1047.0 1263.0
831.0 1047.0 1263.0
831.0 1047.0 1263.0
831.0 1047.0 1263.0
831.0 1047.0 1263.0
831.0 1047.0 1263.0
831.0 1047.0 1263.0
831.0 862.5 894.0
831.0 862.5 894.0
831.0 862.5 894.0
831.0 862.5 894.0
831.0 862.5 894.0
831.0 862.5 894.0
831.0 862.5 894.0
831.0 862.5 894.0
831.0 862.5 894.0
831.0 862.5 894.0
