12655.0 14131.0 15607.0
13339.0 13427.0 13515.0
11682.0 12316.0 12950.0
10005.0 10757.5 11510.0
7561.0 8597.0 9633.0
6806.0 7941.0 9076.0
6806.0 7854.5 8903.0
4053.0 5688.0 7323.0
4053.0 5505.0 6957.0
3408.0 4252.5 5097.0
3029.0 3592.0 4155.0
2060.0 2608.0 3156.0
1996.0 2150.0 2304.0
1871.0 1933.5 1996.0
1871.0 1933.5 1996.0
1871.0 1933.5 1996.0
1871.0 1933.5 1996.0
1871.0 1933.5 1996.0
1871.0 1933.5 1996.0
1871.0 1933.5 1996.0
1871.0 1933.5 1996.0
1871.0 2060.5 2250.0
1871.0 2060.5 2250.0
1871.0 2060.5 2250.0
1871.0 2060.5 2250.0
1871.0 2060.5 2250.0
1871.0 2060.5 2250.0
1871.0 2060.5 2250.0
1871.0 2060.5 2250.0
1871.0 2060.5 2250.0
1871.0 2060.5 2250.0
1871.0 2060.5 2250.0
1871.0 2060.5 2250.0
1871.0 2060.5 2250.0
1871.0 2060.5 2250.0
1871.0 2060.5 2250.0
1871.0 2060.5 2250.0
1871.0 2060.5 2250.0
1871.0 2060.5 2250.0
1871.0 2060.5 2250.0
1871.0 2060.5 2250.0
1871.0 2060.5 2250.0
1871.0 2060.5 2250.0
1871.0 2060.5 2250.0
1871.0 2060.5 2250.0
1871.0 2060.5 2250.0
1871.0 2060.5 2250.0
1871.0 2060.5 2250.0
1871.0 2060.5 2250.0
1871.0 2060.5 2250.0
1871.0 2060.5 2250.0
1871.0 2060.5 2250.0
1871.0 2060.5 2250.0
1871.0 2060.5 2250.0
1871.0 2060.5 2250.0
1871.0 2060.5 2250.0
1871.0 2060.5 2250.0
1871.0 2060.5 2250.0
1871.0 2060.5 2250.0
1871.0 2060.5 2250.0
1871.0 2060.5 2250.0
1871.0 2060.5 2250.0
1871.0 2060.5 2250.0
1871.0 2060.5 2250.0
1871.0 2060.5 2250.0
1871.0 2060.5 2250.0
1871.0 2060.5 2250.0
1871.0 2060.5 2250.0
1871.0 2060.5 2250.0
1871.0 2060.5 2250.0
1871.0 2060.5 2250.0
1871.0 2060.5 2250.0
1871.0 2060.5 2250.0
1871.0 2060.5 2250.0
1871.0 2060.5 2250.0
1871.0 2060.5 2250.0
1871.0 2060.5 2250.0
1871.0 2060.5 2250.0
1871.0 2060.5 2250.0
1871.0 2060.5 2250.0
1871.0 2060.5 2250.0
1871.0 2060.5 2250.0
1871.0 2060.5 2250.0
1871.0 2060.5 2250.0
1871.0 2060.5 2250.0
1871.0 2060.5 2250.0
1871.0 2060.5 2250.0
1871.0 2060.5 2250.0
1871.0 2060.5 2250.0
1871.0 2060.5 2250.0
1871.0 2060.5 2250.0
1871.0 1878.5 1886.0
1496.0 1683.5 1871.0
1496.0 1683.5 1871.0
1496.0 1683.5 1871.0
1496.0 1683.5 1871.0
1496.0 1683.5 1871.0
1496.0 1683.5 1871.0
1496.0 1683.5 1871.0
1496.0 1683.5 1871.0
1496.0 1683.5 1871.0
1496.0 1683.5 1871.0
1496.0 1683.5 1871.0
1496.0 1683.5 1871.0
1496.0 1683.5 1871.0
1496.0 1683.5 1871.0
1496.0 1683.5 1871.0
1496.0 1683.5 1871.0
1496.0 1683.5 1871.0
1496.0 1683.5 1871.0
1496.0 1683.5 1871.0
1496.0 1683.5 1871.0
1496.0 1683.5 1871.0
1496.0 1683.5 1871.0
1496.0 1683.5 1871.0
1496.0 1683.5 1871.0
1496.0 1683.5 1871.0
1496.0 1683.5 1871.0
1496.0 1683.5 1871.0
1496.0 1683.5 1871.0
1496.0 1683.5 1871.0
1496.0 1683.5 1871.0
1496.0 1683.5 1871.0
1496.0 1683.5 1871.0
1496.0 1683.5 1871.0
1496.0 1683.5 1871.0
1496.0 1683.5 1871.0
1496.0 1683.5 1871.0
1496.0 1683.5 1871.0
1496.0 1683.5 1871.0
1496.0 1683.5 1871.0
1496.0 1683.5 1871.0
1496.0 1683.5 1871.0
1496.0 1683.5 1871.0
1496.0 1683.5 1871.0
1496.0 1683.5 1871.0
1496.0 1683.5 1871.0
1496.0 1683.5 1871.0
1496.0 1683.5 1871.0
1496.0 1683.5 1871.0
1496.0 1683.5 1871.0
1496.0 1683.5 1871.0
1496.0 1683.5 1871.0
1496.0 1683.5 1871.0
1496.0 1683.5 1871.0
1496.0 1683.5 1871.0
1496.0 1683.5 1871.0
1496.0 1683.5 1871.0
1496.0 1683.5 1871.0
1496.0 1683.5 1871.0
1496.0 1683.5 1871.0
1496.0 1683.5 1871.0
1496.0 1683.5 1871.0
1496.0 1683.5 1871.0
1496.0 1683.5 1871.0
1496.0 1683.5 1871.0
1496.0 1683.5 1871.0
1496.0 1683.5 1871.0
1496.0 1683.5 1871.0
1496.0 1683.5 1871.0
1496.0 1683.5 1871.0
1496.0 1683.5 1871.0
1496.0 1683.5 1871.0
1496.0 1683.5 1871.0
1496.0 1683.5 1871.0
1496.0 1683.5 1871.0
1496.0 1683.5 1871.0
1496.0 1683.5 1871.0
1496.0 1683.5 1871.0
1496.0 1683.5 1871.0
1496.0 1683.5 1871.0
1496.0 1683.5 1871.0
1496.0 1683.5 1871.0
1496.0 1683.5 1871.0
1496.0 1683.5 1871.0
1496.0 1683.5 1871.0
1496.0 1683.5 1871.0
1496.0 1683.5 1871.0
1496.0 1683.5 1871.0
1496.0 1683.5 1871.0
1496.0 1683.5 1871.0
1496.0 1683.5 1871.0
1496.0 1683.5 1871.0
1496.0 1683.5 1871.0
1496.0 1683.5 1871.0
1496.0 1683.5 1871.0
1496.0 1683.5 1871.0
1496.0 1683.5 1871.0
1496.0 1683.5 1871.0
1496.0 1683.5 1871.0
1496.0 1683.5 1871.0
1496.0 1683.5 1871.0
1496.0 1683.5 1871.0
1496.0 1683.5 1871.0
1496.0 1683.5 1871.0
1496.0 1683.5 1871.0
1496.0 1683.5 1871.0
1496.0 1683.5 1871.0
1496.0 1683.5 1871.0
1496.0 1683.5 1871.0
