10753.0 12126.5 13500.0
7934.0 7965.0 7996.0
7166.0 7956.5 8747.0
4351.0 5298.0 6245.0
4797.0 6072.0 7347.0
3196.0 3923.5 4651.0
2686.0 2884.5 3083.0
2686.0 2884.5 3083.0
1479.0 2082.5 2686.0
1843.0 2264.5 2686.0
1328.0 2117.0 2906.0
1328.0 2117.0 2906.0
1328.0 2117.0 2906.0
1328.0 2117.0 2906.0
1328.0 2117.0 2906.0
1328.0 2117.0 2906.0
1328.0 2117.0 2906.0
1328.0 2117.0 2906.0
1328.0 2117.0 2906.0
1328.0 2117.0 2906.0
1328.0 2117.0 2906.0
1328.0 2117.0 2906.0
1328.0 1942.5 2557.0
1328.0 1942.5 2557.0
1328.0 1446.5 1565.0
1261.0 1294.5 1328.0
1261.0 1294.5 1328.0
1261.0 1294.5 1328.0
1261.0 1294.5 1328.0
1261.0 1294.5 1328.0
1261.0 1294.5 1328.0
1261.0 1294.5 1328.0
1261.0 1294.5 1328.0
1261.0 1294.5 1328.0
1261.0 1294.5 1328.0
1261.0 1294.5 1328.0
1261.0 1294.5 1328.0
1261.0 1294.5 1328.0
1261.0 1294.5 1328.0
1261.0 1294.5 1328.0
1261.0 1294.5 1328.0
1261.0 1294.5 1328.0
1261.0 1294.5 1328.0
1261.0 1294.5 1328.0
1261.0 1294.5 1328.0
1261.0 1294.5 1328.0
1261.0 1294.5 1328.0
1261.0 1294.5 1328.0
1261.0 1294.5 1328.0
1261.0 1294.5 1328.0
1261.0 1294.5 1328.0
1261.0 1294.5 1328.0
1261.0 1294.5 1328.0
1261.0 1294.5 1328.0
1261.0 1294.5 1328.0
1261.0 1294.5 1328.0
1261.0 1294.5 1328.0
1261.0 1294.5 1328.0
1261.0 1294.5 1328.0
1261.0 1294.5 1328.0
1261.0 1294.5 1328.0
1261.0 1294.5 1328.0
1261.0 1294.5 1328.0
1261.0 1294.5 1328.0
1261.0 1294.5 1328.0
1126.0 1227.0 1328.0
1126.0 1227.0 1328.0
1126.0 1227.0 1328.0
1126.0 1227.0 1328.0
1126.0 1227.0 1328.0
1126.0 1227.0 1328.0
1126.0 1227.0 1328.0
1126.0 1227.0 1328.0
1126.0 1227.0 1328.0
1126.0 1227.0 1328.0
1126.0 1227.0 1328.0
1126.0 1227.0 1328.0
1126.0 1227.0 1328.0
1126.0 1227.0 1328.0
1126.0 1227.0 1328.0
1126.0 1227.0 1328.0
1126.0 1227.0 1328.0
1126.0 1227.0 1328.0
1126.0 1227.0 1328.0
1126.0 1227.0 1328.0
1126.0 1227.0 1328.0
1126.0 1227.0 1328.0
1126.0 1227.0 1328.0
1126.0 1227.0 1328.0
1126.0 1227.0 1328.0
1126.0 1227.0 1328.0
1126.0 1227.0 1328.0
1126.0 1227.0 1328.0
1126.0 1227.0 1328.0
1126.0 1227.0 1328.0
1126.0 1227.0 1328.0
1126.0 1227.0 1328.0
1126.0 1227.0 1328.0
1126.0 1227.0 1328.0
1126.0 1227.0 1328.0
1126.0 1227.0 1328.0
1126.0 1227.0 1328.0
1126.0 1227.0 1328.0
1126.0 1227.0 1328.0
1126.0 1227.0 1328.0
1126.0 1227.0 1328.0
1126.0 1227.0 1328.0
1126.0 1227.0 1328.0
1126.0 1227.0 1328.0
1126.0 1227.0 1328.0
1126.0 1227.0 1328.0
1126.0 1227.0 1328.0
1126.0 1227.0 1328.0
1126.0 1227.0 1328.0
1126.0 1227.0 1328.0
1126.0 1227.0 1328.0
1126.0 1227.0 1328.0
1126.0 1227.0 1328.0
1126.0 1227.0 1328.0
1126.0 1227.0 1328.0
1126.0 1227.0 1328.0
1126.0 1227.0 1328.0
1126.0 1227.0 1328.0
1126.0 1227.0 1328.0
1126.0 1227.0 1328.0
1126.0 1227.0 1328.0
1126.0 1227.0 1328.0
1126.0 1227.0 1328.0
1126.0 1227.0 1328.0
1126.0 1227.0 1328.0
1126.0 1227.0 1328.0
1126.0 1227.0 1328.0
1126.0 1227.0 1328.0
1126.0 1227.0 1328.0
1126.0 1227.0 1328.0
1126.0 1227.0 1328.0
1126.0 1227.0 1328.0
1126.0 1227.0 1328.0
1126.0 1227.0 1328.0
1126.0 1227.0 1328.0
1126.0 1227.0 1328.0
1126.0 1227.0 1328.0
1126.0 1227.0 1328.0
1126.0 1227.0 1328.0
1126.0 1227.0 1328.0
1126.0 1227.0 1328.0
1126.0 1227.0 1328.0
1126.0 1227.0 1328.0
1126.0 1227.0 1328.0
1126.0 1227.0 1328.0
1126.0 1227.0 1328.0
1126.0 1227.0 1328.0
1126.0 1227.0 1328.0
1126.0 1227.0 1328.0
1126.0 1227.0 1328.0
1126.0 1227.0 1328.0
1126.0 1227.0 1328.0
1126.0 1227.0 1328.0
1126.0 1227.0 1328.0
1126.0 1227.0 1328.0
1126.0 1227.0 1328.0
1126.0 1227.0 1328.0
1126.0 1227.0 1328.0
1126.0 1227.0 1328.0
1126.0 1227.0 1328.0
1126.0 1227.0 1328.0
1126.0 1227.0 1328.0
1126.0 1227.0 1328.0
1126.0 1227.0 1328.0
1126.0 1227.0 1328.0
1126.0 1227.0 1328.0
1126.0 1227.0 1328.0
1126.0 1227.0 1328.0
1126.0 1227.0 1328.0
1126.0 1227.0 1328.0
1126.0 1227.0 1328.0
1126.0 1227.0 1328.0
1126.0 1227.0 1328.0
1126.0 1227.0 1328.0
1126.0 1227.0 1328.0
1126.0 1227.0 1328.0
1126.0 1227.0 1328.0
1126.0 1227.0 1328.0
1126.0 1227.0 1328.0
1126.0 1227.0 1328.0
1126.0 1227.0 1328.0
1126.0 1227.0 1328.0
1126.0 1227.0 1328.0
1126.0 1227.0 1328.0
1126.0 1227.0 1328.0
1126.0 1227.0 1328.0
1126.0 1227.0 1328.0
1126.0 1227.0 1328.0
1126.0 1227.0 1328.0
1126.0 1227.0 1328.0
1126.0 1227.0 1328.0
1126.0 1227.0 1328.0
1126.0 1227.0 1328.0
1126.0 1227.0 1328.0
1126.0 1227.0 1328.0
