10377.0 11360.0 12343.0
12272.0 12307.5 12343.0
8482.0 8731.0 8980.0
6299.0 6645.5 6992.0
5900.0 6183.5 6467.0
3845.0 4454.0 5063.0
3845.0 3864.5 3884.0
3195.0 3330.5 3466.0
2541.0 2868.0 3195.0
2301.0 2421.0 2541.0
1464.0 1859.5 2255.0
1702.0 1747.5 1793.0
1195.0 1448.5 1702.0
1195.0 1448.5 1702.0
1195.0 1448.5 1702.0
1195.0 1448.5 1702.0
1195.0 1448.5 1702.0
1195.0 1448.5 1702.0
1195.0 1448.5 1702.0
1195.0 1448.5 1702.0
1195.0 1448.5 1702.0
1195.0 1448.5 1702.0
1195.0 1448.5 1702.0
1195.0 1448.5 1702.0
1195.0 1440.0 1685.0
1195.0 1440.0 1685.0
1195.0 1448.5 1702.0
1195.0 1448.5 1702.0
1195.0 1448.5 1702.0
1195.0 1448.5 1702.0
1195.0 1448.5 1702.0
1195.0 1448.5 1702.0
1195.0 1448.5 1702.0
1336.0 1519.0 1702.0
1336.0 1519.0 1702.0
1336.0 1519.0 1702.0
1336.0 1519.0 1702.0
1336.0 1519.0 1702.0
1336.0 1519.0 1702.0
1336.0 1519.0 1702.0
1336.0 1519.0 1702.0
1336.0 1519.0 1702.0
1336.0 1519.0 1702.0
1336.0 1519.0 1702.0
1336.0 1519.0 1702.0
1336.0 1519.0 1702.0
1336.0 1519.0 1702.0
1336.0 1519.0 1702.0
1336.0 1519.0 1702.0
1336.0 1519.0 1702.0
1336.0 1519.0 1702.0
1336.0 1519.0 1702.0
1336.0 1519.0 1702.0
1336.0 1519.0 1702.0
1336.0 1519.0 1702.0
1336.0 1519.0 1702.0
1336.0 1519.0 1702.0
1336.0 1519.0 1702.0
1336.0 1519.0 1702.0
883.0 1109.5 1336.0
976.0 1156.0 1336.0
976.0 1156.0 1336.0
730.0 1033.0 1336.0
730.0 1033.0 1336.0
730.0 1033.0 1336.0
730.0 1033.0 1336.0
730.0 1033.0 1336.0
730.0 1033.0 1336.0
730.0 1033.0 1336.0
730.0 1033.0 1336.0
730.0 1033.0 1336.0
730.0 1033.0 1336.0
730.0 1033.0 1336.0
730.0 1033.0 1336.0
730.0 1033.0 1336.0
730.0 1033.0 1336.0
730.0 1033.0 1336.0
730.0 1033.0 1336.0
730.0 1033.0 1336.0
730.0 1033.0 1336.0
730.0 1033.0 1336.0
730.0 1033.0 1336.0
730.0 1033.0 1336.0
730.0 1033.0 1336.0
730.0 1033.0 1336.0
730.0 1033.0 1336.0
730.0 1033.0 1336.0
730.0 1033.0 1336.0
730.0 1033.0 1336.0
730.0 1033.0 1336.0
730.0 1033.0 1336.0
730.0 1033.0 1336.0
730.0 1033.0 1336.0
730.0 1033.0 1336.0
730.0 1033.0 1336.0
730.0 1033.0 1336.0
730.0 1033.0 1336.0
730.0 1033.0 1336.0
730.0 1033.0 1336.0
730.0 1033.0 1336.0
730.0 1033.0 1336.0
730.0 1033.0 1336.0
730.0 1033.0 1336.0
730.0 1033.0 1336.0
730.0 1033.0 1336.0
730.0 1033.0 1336.0
730.0 1033.0 1336.0
730.0 1033.0 1336.0
730.0 1033.0 1336.0
730.0 1033.0 1336.0
730.0 1033.0 1336.0
730.0 1033.0 1336.0
730.0 1033.0 1336.0
730.0 1033.0 1336.0
730.0 1033.0 1336.0
730.0 1033.0 1336.0
730.0 1033.0 1336.0
730.0 1033.0 1336.0
730.0 1033.0 1336.0
730.0 1033.0 1336.0
730.0 1033.0 1336.0
730.0 1033.0 1336.0
730.0 1033.0 1336.0
730.0 1033.0 1336.0
730.0 1033.0 1336.0
730.0 1033.0 1336.0
730.0 1033.0 1336.0
730.0 1033.0 1336.0
730.0 1033.0 1336.0
730.0 1033.0 1336.0
730.0 1033.0 1336.0
730.0 1033.0 1336.0
730.0 1033.0 1336.0
730.0 1033.0 1336.0
730.0 1033.0 1336.0
730.0 1033.0 1336.0
730.0 1033.0 1336.0
730.0 1033.0 1336.0
730.0 1033.0 1336.0
730.0 1033.0 1336.0
730.0 1033.0 1336.0
730.0 1033.0 1336.0
730.0 1033.0 1336.0
730.0 1033.0 1336.0
730.0 1033.0 1336.0
730.0 1033.0 1336.0
730.0 1033.0 1336.0
730.0 1033.0 1336.0
730.0 1033.0 1336.0
730.0 1033.0 1336.0
730.0 1033.0 1336.0
730.0 1033.0 1336.0
730.0 1033.0 1336.0
730.0 1033.0 1336.0
730.0 1033.0 1336.0
730.0 1033.0 1336.0
730.0 1033.0 1336.0
730.0 1033.0 1336.0
730.0 1033.0 1336.0
730.0 1033.0 1336.0
730.0 1033.0 1336.0
730.0 1033.0 1336.0
730.0 1033.0 1336.0
730.0 1033.0 1336.0
730.0 1033.0 1336.0
730.0 1033.0 1336.0
730.0 1033.0 1336.0
730.0 1033.0 1336.0
730.0 1033.0 1336.0
730.0 1033.0 1336.0
730.0 1033.0 1336.0
730.0 1033.0 1336.0
730.0 1033.0 1336.0
730.0 1033.0 1336.0
730.0 1033.0 1336.0
730.0 1033.0 1336.0
730.0 1033.0 1336.0
730.0 1033.0 1336.0
730.0 1033.0 1336.0
730.0 1033.0 1336.0
730.0 1033.0 1336.0
730.0 1033.0 1336.0
730.0 1033.0 1336.0
730.0 1033.0 1336.0
730.0 1033.0 1336.0
730.0 1033.0 1336.0
730.0 1033.0 1336.0
730.0 1033.0 1336.0
730.0 1033.0 1336.0
730.0 1033.0 1336.0
730.0 1033.0 1336.0
730.0 1033.0 1336.0
730.0 1033.0 1336.0
730.0 1033.0 1336.0
730.0 1033.0 1336.0
730.0 1033.0 1336.0
730.0 1033.0 1336.0
730.0 1033.0 1336.0
730.0 1033.0 1336.0
730.0 1033.0 1336.0
