12232.0 13254.5 14277.0
8727.0 10732.5 12738.0
7049.0 8480.5 9912.0
6468.0 6752.0 7036.0
4264.0 5532.5 6801.0
3836.0 4364.5 4893.0
2919.0 3235.5 3552.0
2919.0 3188.0 3457.0
2193.0 2683.5 3174.0
1879.0 2036.0 2193.0
1786.0 1832.5 1879.0
1786.0 1860.0 1934.0
1786.0 1860.0 1934.0
1398.0 1632.0 1866.0
1398.0 1632.0 1866.0
1319.0 1592.5 1866.0
1319.0 1592.5 1866.0
1319.0 1592.5 1866.0
1319.0 1592.5 1866.0
1319.0 1592.5 1866.0
1319.0 1592.5 1866.0
1319.0 1592.5 1866.0
1319.0 1592.5 1866.0
1319.0 1592.5 1866.0
1319.0 1592.5 1866.0
1319.0 1592.5 1866.0
1319.0 1592.5 1866.0
1319.0 1592.5 1866.0
1319.0 1592.5 1866.0
1319.0 1592.5 1866.0
1319.0 1592.5 1866.0
1319.0 1592.5 1866.0
1319.0 1592.5 1866.0
1319.0 1592.5 1866.0
1319.0 1592.5 1866.0
1319.0 1386.0 1453.0
1319.0 1354.5 1390.0
887.0 1103.0 1319.0
887.0 1103.0 1319.0
887.0 1103.0 1319.0
887.0 1103.0 1319.0
887.0 1103.0 1319.0
887.0 1103.0 1319.0
887.0 1103.0 1319.0
887.0 1103.0 1319.0
887.0 1103.0 1319.0
887.0 1103.0 1319.0
887.0 1103.0 1319.0
887.0 1103.0 1319.0
887.0 1103.0 1319.0
887.0 1103.0 1319.0
887.0 1103.0 1319.0
887.0 1103.0 1319.0
887.0 1103.0 1319.0
720.0 803.5 887.0
572.0 729.5 887.0
514.0 700.5 887.0
514.0 700.5 887.0
514.0 700.5 887.0
514.0 700.5 887.0
514.0 700.5 887.0
514.0 700.5 887.0
514.0 700.5 887.0
514.0 700.5 887.0
514.0 700.5 887.0
514.0 700.5 887.0
514.0 700.5 887.0
514.0 700.5 887.0
514.0 700.5 887.0
514.0 700.5 887.0
514.0 700.5 887.0
514.0 700.5 887.0
514.0 700.5 887.0
514.0 700.5 887.0
514.0 700.5 887.0
514.0 700.5 887.0
514.0 700.5 887.0
514.0 700.5 887.0
514.0 700.5 887.0
514.0 700.5 887.0
514.0 700.5 887.0
514.0 700.5 887.0
514.0 700.5 887.0
514.0 700.5 887.0
514.0 700.5 887.0
514.0 700.5 887.0
514.0 700.5 887.0
514.0 700.5 887.0
514.0 700.5 887.0
514.0 700.5 887.0
514.0 700.5 887.0
514.0 700.5 887.0
514.0 700.5 887.0
514.0 700.5 887.0
514.0 700.5 887.0
514.0 700.5 887.0
514.0 700.5 887.0
514.0 700.5 887.0
514.0 700.5 887.0
514.0 700.5 887.0
514.0 700.5 887.0
514.0 700.5 887.0
514.0 700.5 887.0
514.0 700.5 887.0
514.0 700.5 887.0
514.0 700.5 887.0
514.0 700.5 887.0
514.0 700.5 887.0
514.0 700.5 887.0
514.0 700.5 887.0
514.0 700.5 887.0
514.0 700.5 887.0
514.0 700.5 887.0
514.0 700.5 887.0
514.0 700.5 887.0
514.0 700.5 887.0
514.0 700.5 887.0
514.0 700.5 887.0
514.0 700.5 887.0
514.0 700.5 887.0
514.0 700.5 887.0
514.0 700.5 887.0
514.0 700.5 887.0
514.0 700.5 887.0
514.0 700.5 887.0
514.0 700.5 887.0
514.0 700.5 887.0
514.0 700.5 887.0
514.0 700.5 887.0
514.0 700.5 887.0
514.0 700.5 887.0
514.0 700.5 887.0
514.0 700.5 887.0
514.0 700.5 887.0
514.0 700.5 887.0
514.0 700.5 887.0
514.0 700.5 887.0
514.0 700.5 887.0
514.0 700.5 887.0
514.0 700.5 887.0
514.0 700.5 887.0
514.0 700.5 887.0
514.0 700.5 887.0
514.0 700.5 887.0
514.0 700.5 887.0
514.0 700.5 887.0
514.0 700.5 887.0
514.0 700.5 887.0
514.0 700.5 887.0
514.0 700.5 887.0
514.0 700.5 887.0
514.0 700.5 887.0
514.0 700.5 887.0
514.0 700.5 887.0
514.0 700.5 887.0
514.0 700.5 887.0
514.0 700.5 887.0
514.0 700.5 887.0
514.0 700.5 887.0
514.0 700.5 887.0
514.0 700.5 887.0
514.0 700.5 887.0
514.0 700.5 887.0
514.0 700.5 887.0
514.0 700.5 887.0
514.0 700.5 887.0
514.0 700.5 887.0
514.0 700.5 887.0
514.0 700.5 887.0
514.0 700.5 887.0
514.0 700.5 887.0
514.0 700.5 887.0
514.0 700.5 887.0
514.0 700.5 887.0
514.0 700.5 887.0
514.0 700.5 887.0
514.0 700.5 887.0
514.0 700.5 887.0
514.0 700.5 887.0
514.0 700.5 887.0
514.0 700.5 887.0
514.0 700.5 887.0
514.0 700.5 887.0
514.0 700.5 887.0
514.0 700.5 887.0
514.0 700.5 887.0
514.0 700.5 887.0
514.0 700.5 887.0
514.0 700.5 887.0
514.0 700.5 887.0
514.0 700.5 887.0
514.0 700.5 887.0
514.0 700.5 887.0
514.0 700.5 887.0
514.0 700.5 887.0
514.0 700.5 887.0
514.0 700.5 887.0
514.0 700.5 887.0
514.0 700.5 887.0
514.0 700.5 887.0
