11644.0 13041.5 14439.0
11482.0 11927.5 12373.0
8319.0 9465.0 10611.0
7901.0 8110.0 8319.0
6373.0 6859.5 7346.0
5072.0 5394.0 5716.0
4772.0 5156.0 5540.0
3265.0 4047.0 4829.0
3093.0 3464.0 3835.0
3093.0 3464.0 3835.0
3033.0 3227.5 3422.0
2681.0 2740.0 2799.0
2495.0 2647.0 2799.0
2465.0 2480.0 2495.0
1866.0 2180.5 2495.0
1800.0 1833.0 1866.0
1656.0 1728.0 1800.0
1708.0 1754.0 1800.0
1708.0 1754.0 1800.0
1708.0 1754.0 1800.0
1708.0 1754.0 1800.0
1708.0 1754.0 1800.0
1708.0 1754.0 1800.0
1708.0 1754.0 1800.0
1708.0 1754.0 1800.0
1708.0 1754.0 1800.0
1708.0 1754.0 1800.0
1708.0 1754.0 1800.0
1708.0 1754.0 1800.0
1708.0 1754.0 1800.0
1708.0 1754.0 1800.0
1708.0 1754.0 1800.0
1708.0 1754.0 1800.0
1708.0 1754.0 1800.0
1708.0 1754.0 1800.0
1708.0 1754.0 1800.0
1708.0 1754.0 1800.0
1708.0 1754.0 1800.0
1708.0 1754.0 1800.0
1708.0 1754.0 1800.0
1708.0 1754.0 1800.0
1708.0 1754.0 1800.0
1708.0 1754.0 1800.0
1708.0 1754.0 1800.0
1708.0 1754.0 1800.0
1262.0 1531.0 1800.0
1150.0 1475.0 1800.0
1150.0 1475.0 1800.0
1150.0 1475.0 1800.0
1150.0 1475.0 1800.0
1150.0 1477.5 1805.0
1150.0 1477.5 1805.0
1150.0 1477.5 1805.0
1150.0 1477.5 1805.0
1150.0 1477.5 1805.0
1150.0 1477.5 1805.0
1150.0 1477.5 1805.0
1150.0 1477.5 1805.0
1150.0 1477.5 1805.0
1150.0 1477.5 1805.0
1150.0 1477.5 1805.0
1150.0 1477.5 1805.0
1150.0 1477.5 1805.0
1150.0 1477.5 1805.0
1150.0 1477.5 1805.0
1150.0 1477.5 1805.0
1150.0 1477.5 1805.0
1150.0 1477.5 1805.0
1150.0 1477.5 1805.0
1150.0 1477.5 1805.0
1150.0 1477.5 1805.0
1150.0 1477.5 1805.0
1150.0 1477.5 1805.0
1150.0 1477.5 1805.0
1150.0 1477.5 1805.0
1150.0 1477.5 1805.0
1150.0 1477.5 1805.0
1150.0 1477.5 1805.0
1150.0 1477.5 1805.0
1150.0 1477.5 1805.0
1150.0 1477.5 1805.0
1150.0 1477.5 1805.0
1150.0 1477.5 1805.0
1150.0 1477.5 1805.0
1150.0 1477.5 1805.0
1150.0 1477.5 1805.0
1150.0 1477.5 1805.0
1150.0 1477.5 1805.0
1150.0 1477.5 1805.0
1150.0 1477.5 1805.0
1150.0 1477.5 1805.0
1150.0 1477.5 1805.0
1150.0 1477.5 1805.0
1150.0 1477.5 1805.0
1150.0 1477.5 1805.0
1150.0 1477.5 1805.0
1150.0 1477.5 1805.0
1150.0 1477.5 1805.0
1150.0 1477.5 1805.0
1150.0 1477.5 1805.0
1150.0 1477.5 1805.0
1150.0 1477.5 1805.0
1150.0 1477.5 1805.0
1150.0 1477.5 1805.0
1150.0 1477.5 1805.0
1150.0 1477.5 1805.0
1147.0 1148.5 1150.0
1147.0 1148.5 1150.0
1147.0 1148.5 1150.0
1147.0 1148.5 1150.0
1147.0 1148.5 1150.0
1147.0 1148.5 1150.0
1147.0 1148.5 1150.0
1147.0 1148.5 1150.0
1147.0 1148.5 1150.0
1147.0 1148.5 1150.0
1147.0 1148.5 1150.0
1147.0 1148.5 1150.0
1147.0 1148.5 1150.0
1147.0 1148.5 1150.0
1147.0 1148.5 1150.0
1147.0 1148.5 1150.0
1147.0 1148.5 1150.0
1147.0 1148.5 1150.0
1147.0 1148.5 1150.0
1147.0 1148.5 1150.0
1147.0 1148.5 1150.0
1147.0 1148.5 1150.0
1147.0 1148.5 1150.0
1147.0 1148.5 1150.0
1147.0 1148.5 1150.0
1147.0 1148.5 1150.0
1147.0 1148.5 1150.0
1147.0 1148.5 1150.0
1147.0 1148.5 1150.0
1147.0 1148.5 1150.0
1147.0 1148.5 1150.0
1147.0 1148.5 1150.0
1147.0 1148.5 1150.0
1147.0 1148.5 1150.0
1147.0 1148.5 1150.0
1147.0 1148.5 1150.0
1147.0 1148.5 1150.0
1147.0 1148.5 1150.0
1147.0 1148.5 1150.0
1147.0 1148.5 1150.0
1147.0 1148.5 1150.0
1147.0 1148.5 1150.0
1147.0 1148.5 1150.0
1147.0 1148.5 1150.0
1147.0 1148.5 1150.0
1147.0 1148.5 1150.0
1147.0 1148.5 1150.0
1147.0 1148.5 1150.0
1147.0 1148.5 1150.0
1147.0 1148.5 1150.0
1147.0 1148.5 1150.0
1147.0 1148.5 1150.0
1147.0 1148.5 1150.0
1147.0 1148.5 1150.0
1147.0 1148.5 1150.0
1147.0 1148.5 1150.0
1147.0 1148.5 1150.0
1147.0 1148.5 1150.0
1147.0 1148.5 1150.0
1147.0 1148.5 1150.0
1147.0 1148.5 1150.0
1147.0 1148.5 1150.0
1147.0 1148.5 1150.0
1147.0 1148.5 1150.0
1147.0 1148.5 1150.0
1147.0 1148.5 1150.0
1147.0 1148.5 1150.0
1147.0 1148.5 1150.0
1147.0 1148.5 1150.0
1147.0 1148.5 1150.0
1147.0 1148.5 1150.0
1147.0 1148.5 1150.0
1147.0 1148.5 1150.0
1147.0 1148.5 1150.0
1147.0 1148.5 1150.0
1147.0 1148.5 1150.0
1147.0 1148.5 1150.0
1147.0 1148.5 1150.0
1147.0 1148.5 1150.0
1147.0 1148.5 1150.0
1147.0 1148.5 1150.0
1147.0 1148.5 1150.0
1147.0 1148.5 1150.0
1147.0 1148.5 1150.0
1147.0 1148.5 1150.0
1147.0 1148.5 1150.0
1147.0 1148.5 1150.0
1147.0 1148.5 1150.0
1147.0 1148.5 1150.0
1147.0 1148.5 1150.0
1147.0 1148.5 1150.0
1147.0 1148.5 1150.0
1147.0 1148.5 1150.0
1147.0 1148.5 1150.0
