12434.0 12794.5 13155.0
10218.0 10557.0 10896.0
7657.0 8529.0 9401.0
5535.0 5956.5 6378.0
4324.0 4524.5 4725.0
3505.0 3705.5 3906.0
2431.0 2765.0 3099.0
2431.0 2757.0 3083.0
1262.0 1721.0 2180.0
1691.0 1959.5 2228.0
1554.0 1792.0 2030.0
1125.0 1331.0 1537.0
942.0 1033.5 1125.0
942.0 1033.5 1125.0
942.0 1033.5 1125.0
942.0 1033.5 1125.0
942.0 1033.5 1125.0
942.0 1033.5 1125.0
942.0 1033.5 1125.0
942.0 1033.5 1125.0
942.0 1033.5 1125.0
942.0 1033.5 1125.0
942.0 1033.5 1125.0
942.0 1033.5 1125.0
942.0 1033.5 1125.0
942.0 1033.5 1125.0
942.0 1033.5 1125.0
942.0 1033.5 1125.0
942.0 1033.5 1125.0
942.0 1033.5 1125.0
942.0 1033.5 1125.0
942.0 1033.5 1125.0
942.0 1033.5 1125.0
942.0 1033.5 1125.0
942.0 1033.5 1125.0
942.0 1033.5 1125.0
942.0 1033.5 1125.0
942.0 1033.5 1125.0
942.0 1033.5 1125.0
942.0 1033.5 1125.0
942.0 1033.5 1125.0
942.0 1033.5 1125.0
942.0 1033.5 1125.0
942.0 1033.5 1125.0
942.0 1033.5 1125.0
942.0 1033.5 1125.0
942.0 1033.5 1125.0
942.0 1033.5 1125.0
942.0 1033.5 1125.0
942.0 1033.5 1125.0
942.0 1033.5 1125.0
942.0 1033.5 1125.0
942.0 1033.5 1125.0
942.0 1033.5 1125.0
942.0 1033.5 1125.0
942.0 1033.5 1125.0
942.0 1033.5 1125.0
942.0 1033.5 1125.0
942.0 1033.5 1125.0
942.0 1033.5 1125.0
942.0 1033.5 1125.0
942.0 1033.5 1125.0
942.0 1033.5 1125.0
942.0 1033.5 1125.0
942.0 1033.5 1125.0
942.0 1033.5 1125.0
942.0 1033.5 1125.0
942.0 1033.5 1125.0
942.0 1033.5 1125.0
942.0 1033.5 1125.0
942.0 1033.5 1125.0
942.0 1033.5 1125.0
942.0 1033.5 1125.0
942.0 1033.5 1125.0
942.0 1033.5 1125.0
942.0 1033.5 1125.0
942.0 1033.5 1125.0
942.0 1033.5 1125.0
942.0 1033.5 1125.0
942.0 1033.5 1125.0
942.0 1033.5 1125.0
942.0 1033.5 1125.0
942.0 1033.5 1125.0
942.0 1033.5 1125.0
942.0 1033.5 1125.0
942.0 1033.5 1125.0
942.0 1033.5 1125.0
942.0 1033.5 1125.0
942.0 1033.5 1125.0
942.0 1033.5 1125.0
942.0 1033.5 1125.0
942.0 1033.5 1125.0
942.0 1033.5 1125.0
938.0 1031.5 1125.0
938.0 1031.5 1125.0
938.0 1031.5 1125.0
938.0 1031.5 1125.0
938.0 1031.5 1125.0
938.0 1031.5 1125.0
938.0 1031.5 1125.0
938.0 1031.5 1125.0
938.0 1031.5 1125.0
938.0 1031.5 1125.0
938.0 1031.5 1125.0
938.0 1031.5 1125.0
938.0 1031.5 1125.0
938.0 1031.5 1125.0
938.0 1031.5 1125.0
938.0 1008.5 1079.0
938.0 1008.5 1079.0
938.0 944.0 950.0
938.0 944.0 950.0
938.0 944.0 950.0
938.0 944.0 950.0
938.0 944.0 950.0
938.0 944.0 950.0
938.0 944.0 950.0
938.0 944.0 950.0
938.0 944.0 950.0
938.0 944.0 950.0
938.0 944.0 950.0
938.0 944.0 950.0
938.0 944.0 950.0
938.0 944.0 950.0
938.0 944.0 950.0
938.0 944.0 950.0
938.0 944.0 950.0
938.0 944.0 950.0
938.0 944.0 950.0
938.0 944.0 950.0
938.0 944.0 950.0
938.0 944.0 950.0
938.0 944.0 950.0
938.0 944.0 950.0
938.0 944.0 950.0
938.0 944.0 950.0
938.0 944.0 950.0
938.0 944.0 950.0
938.0 944.0 950.0
938.0 944.0 950.0
938.0 944.0 950.0
938.0 944.0 950.0
938.0 944.0 950.0
938.0 944.0 950.0
938.0 944.0 950.0
938.0 944.0 950.0
938.0 944.0 950.0
938.0 944.0 950.0
938.0 944.0 950.0
938.0 944.0 950.0
938.0 944.0 950.0
938.0 944.0 950.0
938.0 944.0 950.0
938.0 944.0 950.0
938.0 944.0 950.0
938.0 944.0 950.0
938.0 944.0 950.0
938.0 944.0 950.0
938.0 944.0 950.0
938.0 944.0 950.0
938.0 944.0 950.0
938.0 944.0 950.0
938.0 944.0 950.0
938.0 944.0 950.0
938.0 944.0 950.0
938.0 944.0 950.0
938.0 944.0 950.0
938.0 944.0 950.0
938.0 944.0 950.0
938.0 944.0 950.0
938.0 944.0 950.0
938.0 944.0 950.0
938.0 944.0 950.0
938.0 944.0 950.0
938.0 944.0 950.0
938.0 944.0 950.0
938.0 944.0 950.0
938.0 944.0 950.0
938.0 944.0 950.0
938.0 944.0 950.0
938.0 944.0 950.0
938.0 944.0 950.0
938.0 944.0 950.0
938.0 944.0 950.0
938.0 944.0 950.0
938.0 944.0 950.0
938.0 944.0 950.0
938.0 944.0 950.0
938.0 944.0 950.0
938.0 944.0 950.0
938.0 944.0 950.0
938.0 944.0 950.0
938.0 944.0 950.0
938.0 944.0 950.0
938.0 944.0 950.0
938.0 944.0 950.0
938.0 944.0 950.0
938.0 944.0 950.0
938.0 944.0 950.0
938.0 944.0 950.0
