15741.0 16322.5 16904.0
11804.0 13293.0 14782.0
10497.0 11021.5 11546.0
9670.0 11324.5 12979.0
5045.0 7783.5 10522.0
5045.0 7573.5 10102.0
3739.0 5095.0 6451.0
4264.0 6059.5 7855.0
4264.0 6059.5 7855.0
3108.0 3873.0 4638.0
2926.0 3085.5 3245.0
2397.0 2515.5 2634.0
2358.0 2399.5 2441.0
2358.0 2399.5 2441.0
2358.0 2399.5 2441.0
2358.0 2399.5 2441.0
2358.0 2399.5 2441.0
2358.0 2399.5 2441.0
2358.0 2399.5 2441.0
2358.0 2399.5 2441.0
2358.0 2399.5 2441.0
2358.0 2399.5 2441.0
1834.0 2096.0 2358.0
1834.0 2096.0 2358.0
1834.0 2096.0 2358.0
1834.0 2096.0 2358.0
1834.0 2096.0 2358.0
2202.0 2280.0 2358.0
1702.0 2030.0 2358.0
1702.0 2030.0 2358.0
1702.0 2030.0 2358.0
1702.0 2030.0 2358.0
1702.0 2030.0 2358.0
1702.0 2030.0 2358.0
1702.0 2030.0 2358.0
1702.0 2030.0 2358.0
1702.0 2030.0 2358.0
1702.0 2030.0 2358.0
1702.0 2030.0 2358.0
1702.0 2030.0 2358.0
1702.0 2030.0 2358.0
1702.0 2030.0 2358.0
1702.0 2030.0 2358.0
1702.0 2030.0 2358.0
1702.0 2030.0 2358.0
1702.0 2030.0 2358.0
1702.0 2030.0 2358.0
1702.0 2030.0 2358.0
1702.0 2030.0 2358.0
1702.0 2030.0 2358.0
1702.0 2030.0 2358.0
1702.0 2030.0 2358.0
1702.0 2030.0 2358.0
1702.0 2030.0 2358.0
1702.0 2030.0 2358.0
1702.0 2030.0 2358.0
1702.0 2030.0 2358.0
1702.0 2030.0 2358.0
1702.0 2030.0 2358.0
1702.0 2030.0 2358.0
1702.0 2030.0 2358.0
1702.0 2030.0 2358.0
1702.0 2030.0 2358.0
1702.0 2030.0 2358.0
1702.0 2030.0 2358.0
1702.0 2030.0 2358.0
1702.0 2030.0 2358.0
1702.0 2030.0 2358.0
1702.0 2030.0 2358.0
1702.0 2030.0 2358.0
1702.0 2030.0 2358.0
1702.0 2030.0 2358.0
1702.0 2030.0 2358.0
1702.0 2030.0 2358.0
1702.0 2030.0 2358.0
1702.0 2030.0 2358.0
1702.0 2030.0 2358.0
1702.0 2030.0 2358.0
1702.0 2030.0 2358.0
1702.0 2030.0 2358.0
1702.0 2030.0 2358.0
1702.0 2030.0 2358.0
1702.0 2030.0 2358.0
1702.0 2030.0 2358.0
1702.0 2030.0 2358.0
1702.0 2030.0 2358.0
1702.0 2030.0 2358.0
1702.0 2030.0 2358.0
1702.0 1823.0 1944.0
1530.0 1616.0 1702.0
1530.0 1616.0 1702.0
1530.0 1616.0 1702.0
1530.0 1616.0 1702.0
1530.0 1616.0 1702.0
1530.0 1616.0 1702.0
1530.0 1616.0 1702.0
1530.0 1616.0 1702.0
1530.0 1616.0 1702.0
1530.0 1616.0 1702.0
1530.0 1616.0 1702.0
1530.0 1616.0 1702.0
1530.0 1616.0 1702.0
1530.0 1616.0 1702.0
1530.0 1616.0 1702.0
1530.0 1616.0 1702.0
1530.0 1616.0 1702.0
1530.0 1616.0 1702.0
1530.0 1616.0 1702.0
1530.0 1616.0 1702.0
1530.0 1616.0 1702.0
1530.0 1616.0 1702.0
1530.0 1616.0 1702.0
1530.0 1616.0 1702.0
1530.0 1616.0 1702.0
1530.0 1616.0 1702.0
1530.0 1616.0 1702.0
1530.0 1616.0 1702.0
1530.0 1616.0 1702.0
1530.0 1616.0 1702.0
1530.0 1616.0 1702.0
1530.0 1616.0 1702.0
1530.0 1616.0 1702.0
1530.0 1616.0 1702.0
1530.0 1616.0 1702.0
1530.0 1616.0 1702.0
1530.0 1616.0 1702.0
1530.0 1616.0 1702.0
1530.0 1616.0 1702.0
1530.0 1616.0 1702.0
1530.0 1616.0 1702.0
1530.0 1616.0 1702.0
1530.0 1616.0 1702.0
1530.0 1616.0 1702.0
1530.0 1616.0 1702.0
1530.0 1616.0 1702.0
1530.0 1616.0 1702.0
1530.0 1616.0 1702.0
1530.0 1616.0 1702.0
1592.0 1647.0 1702.0
1592.0 1647.0 1702.0
1592.0 1647.0 1702.0
1592.0 1647.0 1702.0
1592.0 1647.0 1702.0
1592.0 1647.0 1702.0
1592.0 1647.0 1702.0
1592.0 1647.0 1702.0
1592.0 1647.0 1702.0
1592.0 1647.0 1702.0
1592.0 1647.0 1702.0
1592.0 1647.0 1702.0
1592.0 1647.0 1702.0
1592.0 1647.0 1702.0
1592.0 1647.0 1702.0
1592.0 1647.0 1702.0
1592.0 1647.0 1702.0
1592.0 1647.0 1702.0
1592.0 1647.0 1702.0
1592.0 1647.0 1702.0
1592.0 1647.0 1702.0
1592.0 1647.0 1702.0
1592.0 1647.0 1702.0
1592.0 1647.0 1702.0
1592.0 1647.0 1702.0
1592.0 1647.0 1702.0
1592.0 1647.0 1702.0
1592.0 1647.0 1702.0
1592.0 1647.0 1702.0
1592.0 1647.0 1702.0
1592.0 1647.0 1702.0
1592.0 1647.0 1702.0
1592.0 1647.0 1702.0
1592.0 1647.0 1702.0
1592.0 1647.0 1702.0
1592.0 1647.0 1702.0
1592.0 1647.0 1702.0
1592.0 1647.0 1702.0
1592.0 1647.0 1702.0
1592.0 1647.0 1702.0
1592.0 1647.0 1702.0
1592.0 1647.0 1702.0
1592.0 1647.0 1702.0
1592.0 1647.0 1702.0
1592.0 1647.0 1702.0
1592.0 1647.0 1702.0
1592.0 1647.0 1702.0
1592.0 1647.0 1702.0
1592.0 1647.0 1702.0
1592.0 1647.0 1702.0
1592.0 1647.0 1702.0
1592.0 1647.0 1702.0
1592.0 1647.0 1702.0
1592.0 1647.0 1702.0
1592.0 1647.0 1702.0
1592.0 1647.0 1702.0
1592.0 1647.0 1702.0
1592.0 1647.0 1702.0
1592.0 1647.0 1702.0
1592.0 1647.0 1702.0
1592.0 1647.0 1702.0
1592.0 1647.0 1702.0
