15527.0 15822.5 16118.0
11839.0 12016.0 12193.0
9260.0 9584.5 9909.0
8859.0 9148.5 9438.0
7812.0 7823.5 7835.0
4654.0 6124.5 7595.0
5727.0 5946.5 6166.0
5727.0 6059.5 6392.0
4633.0 5348.5 6064.0
4461.0 4547.0 4633.0
4514.0 4573.5 4633.0
3397.0 3955.5 4514.0
2800.0 3098.5 3397.0
2979.0 3190.5 3402.0
2748.0 2863.5 2979.0
2270.0 2624.5 2979.0
2270.0 2624.5 2979.0
2270.0 2505.5 2741.0
1711.0 1990.5 2270.0
1711.0 1990.5 2270.0
1711.0 1990.5 2270.0
1711.0 1990.5 2270.0
1711.0 1990.5 2270.0
1711.0 1990.5 2270.0
1711.0 1990.5 2270.0
1711.0 1990.5 2270.0
1711.0 1990.5 2270.0
1711.0 1888.0 2065.0
1711.0 1888.0 2065.0
1711.0 1919.5 2128.0
1711.0 1919.5 2128.0
1711.0 1919.5 2128.0
1711.0 1919.5 2128.0
1711.0 1747.5 1784.0
1711.0 1920.0 2129.0
1711.0 1747.5 1784.0
1632.0 1671.5 1711.0
1632.0 1671.5 1711.0
1632.0 1671.5 1711.0
1632.0 1671.5 1711.0
1632.0 1671.5 1711.0
1632.0 1671.5 1711.0
1632.0 1671.5 1711.0
1632.0 1671.5 1711.0
1632.0 1671.5 1711.0
1632.0 1671.5 1711.0
1632.0 1671.5 1711.0
1632.0 1671.5 1711.0
1632.0 1671.5 1711.0
1632.0 1671.5 1711.0
1632.0 1671.5 1711.0
1632.0 1671.5 1711.0
1632.0 1671.5 1711.0
1632.0 1671.5 1711.0
1632.0 1671.5 1711.0
1632.0 1671.5 1711.0
1632.0 1671.5 1711.0
1632.0 1671.5 1711.0
1632.0 1671.5 1711.0
1632.0 1671.5 1711.0
1632.0 1671.5 1711.0
1632.0 1671.5 1711.0
1632.0 1671.5 1711.0
1632.0 1671.5 1711.0
1632.0 1671.5 1711.0
1632.0 1671.5 1711.0
1632.0 1671.5 1711.0
1632.0 1671.5 1711.0
1632.0 1671.5 1711.0
1632.0 1671.5 1711.0
1632.0 1671.5 1711.0
1632.0 1671.5 1711.0
1632.0 1671.5 1711.0
1632.0 1671.5 1711.0
1632.0 1671.5 1711.0
1632.0 1671.5 1711.0
1632.0 1671.5 1711.0
1632.0 1671.5 1711.0
1632.0 1671.5 1711.0
1632.0 1671.5 1711.0
1632.0 1671.5 1711.0
1632.0 1671.5 1711.0
1632.0 1671.5 1711.0
1632.0 1671.5 1711.0
1632.0 1671.5 1711.0
1632.0 1671.5 1711.0
1632.0 1671.5 1711.0
1632.0 1671.5 1711.0
1632.0 1671.5 1711.0
1632.0 1671.5 1711.0
1632.0 1671.5 1711.0
1632.0 1671.5 1711.0
1632.0 1671.5 1711.0
1632.0 1671.5 1711.0
1632.0 1671.5 1711.0
1632.0 1671.5 1711.0
1632.0 1671.5 1711.0
1632.0 1671.5 1711.0
1632.0 1671.5 1711.0
1632.0 1671.5 1711.0
1632.0 1671.5 1711.0
1632.0 1671.5 1711.0
1632.0 1671.5 1711.0
1632.0 1671.5 1711.0
1632.0 1671.5 1711.0
1632.0 1671.5 1711.0
1632.0 1671.5 1711.0
1632.0 1671.5 1711.0
1632.0 1671.5 1711.0
1632.0 1671.5 1711.0
1632.0 1671.5 1711.0
1632.0 1671.5 1711.0
1632.0 1671.5 1711.0
1632.0 1671.5 1711.0
1632.0 1671.5 1711.0
1632.0 1671.5 1711.0
1632.0 1671.5 1711.0
1632.0 1671.5 1711.0
1632.0 1671.5 1711.0
1632.0 1671.5 1711.0
1632.0 1671.5 1711.0
1632.0 1671.5 1711.0
1632.0 1671.5 1711.0
1632.0 1671.5 1711.0
1632.0 1671.5 1711.0
1632.0 1671.5 1711.0
1632.0 1671.5 1711.0
1632.0 1671.5 1711.0
1632.0 1671.5 1711.0
1632.0 1671.5 1711.0
1632.0 1671.5 1711.0
1632.0 1671.5 1711.0
1632.0 1671.5 1711.0
1632.0 1671.5 1711.0
1632.0 1671.5 1711.0
1632.0 1671.5 1711.0
1632.0 1671.5 1711.0
1632.0 1671.5 1711.0
1632.0 1671.5 1711.0
1632.0 1671.5 1711.0
1632.0 1671.5 1711.0
1632.0 1671.5 1711.0
1632.0 1671.5 1711.0
1632.0 1671.5 1711.0
1632.0 1671.5 1711.0
1632.0 1671.5 1711.0
1064.0 1387.5 1711.0
1064.0 1387.5 1711.0
1064.0 1387.5 1711.0
1064.0 1387.5 1711.0
1064.0 1387.5 1711.0
1064.0 1387.5 1711.0
1064.0 1387.5 1711.0
1064.0 1387.5 1711.0
1064.0 1387.5 1711.0
1064.0 1387.5 1711.0
1064.0 1387.5 1711.0
1064.0 1387.5 1711.0
1064.0 1387.5 1711.0
1064.0 1387.5 1711.0
1064.0 1387.5 1711.0
1064.0 1387.5 1711.0
1064.0 1387.5 1711.0
1064.0 1387.5 1711.0
1064.0 1387.5 1711.0
1064.0 1387.5 1711.0
1064.0 1387.5 1711.0
1064.0 1387.5 1711.0
1064.0 1387.5 1711.0
1064.0 1387.5 1711.0
1064.0 1387.5 1711.0
1064.0 1387.5 1711.0
1064.0 1387.5 1711.0
1064.0 1387.5 1711.0
1064.0 1387.5 1711.0
1064.0 1387.5 1711.0
1064.0 1387.5 1711.0
1064.0 1387.5 1711.0
1064.0 1387.5 1711.0
1064.0 1387.5 1711.0
1064.0 1387.5 1711.0
1064.0 1387.5 1711.0
1064.0 1387.5 1711.0
1064.0 1387.5 1711.0
1064.0 1387.5 1711.0
1064.0 1387.5 1711.0
1064.0 1387.5 1711.0
1064.0 1387.5 1711.0
1064.0 1387.5 1711.0
1064.0 1387.5 1711.0
1064.0 1387.5 1711.0
1064.0 1387.5 1711.0
1064.0 1387.5 1711.0
1064.0 1387.5 1711.0
1064.0 1387.5 1711.0
1064.0 1387.5 1711.0
1064.0 1387.5 1711.0
1064.0 1387.5 1711.0
1064.0 1387.5 1711.0
1064.0 1387.5 1711.0
