13131.0 13349.0 13567.0
9630.0 10615.0 11600.0
8510.0 8670.5 8831.0
6117.0 6122.5 6128.0
3693.0 3975.5 4258.0
2438.0 2748.5 3059.0
3059.0 3141.5 3224.0
2332.0 2344.5 2357.0
2135.0 2246.0 2357.0
2028.0 2081.5 2135.0
2028.0 2055.5 2083.0
1621.0 1810.0 1999.0
1863.0 1931.0 1999.0
1490.0 1676.5 1863.0
1646.0 1822.5 1999.0
1414.0 1706.5 1999.0
1414.0 1706.5 1999.0
1069.0 1534.0 1999.0
1069.0 1534.0 1999.0
1069.0 1534.0 1999.0
1069.0 1534.0 1999.0
1069.0 1534.0 1999.0
1069.0 1534.0 1999.0
1069.0 1534.0 1999.0
1069.0 1534.0 1999.0
1069.0 1534.0 1999.0
1069.0 1534.0 1999.0
1069.0 1299.0 1529.0
1069.0 1299.0 1529.0
1069.0 1400.5 1732.0
1069.0 1189.0 1309.0
1069.0 1119.0 1169.0
1055.0 1062.0 1069.0
1055.0 1062.0 1069.0
972.0 1020.5 1069.0
894.0 981.5 1069.0
894.0 981.5 1069.0
877.0 973.0 1069.0
877.0 973.0 1069.0
877.0 973.0 1069.0
877.0 973.0 1069.0
877.0 973.0 1069.0
877.0 973.0 1069.0
877.0 973.0 1069.0
877.0 973.0 1069.0
877.0 973.0 1069.0
877.0 973.0 1069.0
877.0 973.0 1069.0
877.0 973.0 1069.0
877.0 973.0 1069.0
877.0 973.0 1069.0
877.0 973.0 1069.0
877.0 973.0 1069.0
877.0 973.0 1069.0
877.0 973.0 1069.0
877.0 973.0 1069.0
877.0 973.0 1069.0
877.0 973.0 1069.0
877.0 973.0 1069.0
877.0 973.0 1069.0
877.0 973.0 1069.0
877.0 973.0 1069.0
877.0 973.0 1069.0
877.0 973.0 1069.0
877.0 973.0 1069.0
877.0 973.0 1069.0
877.0 973.0 1069.0
877.0 973.0 1069.0
877.0 973.0 1069.0
877.0 973.0 1069.0
877.0 973.0 1069.0
877.0 973.0 1069.0
877.0 973.0 1069.0
877.0 973.0 1069.0
877.0 973.0 1069.0
877.0 973.0 1069.0
877.0 973.0 1069.0
877.0 973.0 1069.0
877.0 973.0 1069.0
877.0 973.0 1069.0
877.0 973.0 1069.0
877.0 973.0 1069.0
877.0 973.0 1069.0
877.0 973.0 1069.0
877.0 973.0 1069.0
877.0 973.0 1069.0
877.0 973.0 1069.0
877.0 973.0 1069.0
877.0 973.0 1069.0
877.0 973.0 1069.0
877.0 973.0 1069.0
877.0 973.0 1069.0
877.0 973.0 1069.0
877.0 973.0 1069.0
877.0 973.0 1069.0
877.0 973.0 1069.0
877.0 973.0 1069.0
877.0 973.0 1069.0
877.0 973.0 1069.0
877.0 973.0 1069.0
877.0 973.0 1069.0
877.0 973.0 1069.0
877.0 877.5 878.0
701.0 789.0 877.0
701.0 789.0 877.0
701.0 789.0 877.0
701.0 789.0 877.0
701.0 789.0 877.0
701.0 789.0 877.0
701.0 789.0 877.0
701.0 789.0 877.0
701.0 789.0 877.0
701.0 789.0 877.0
701.0 789.0 877.0
701.0 789.0 877.0
701.0 789.0 877.0
701.0 789.0 877.0
701.0 789.0 877.0
701.0 789.0 877.0
701.0 789.0 877.0
701.0 789.0 877.0
701.0 789.0 877.0
701.0 789.0 877.0
701.0 789.0 877.0
701.0 789.0 877.0
701.0 789.0 877.0
701.0 789.0 877.0
701.0 789.0 877.0
701.0 789.0 877.0
701.0 789.0 877.0
701.0 789.0 877.0
701.0 789.0 877.0
701.0 789.0 877.0
701.0 789.0 877.0
701.0 789.0 877.0
701.0 789.0 877.0
701.0 789.0 877.0
701.0 789.0 877.0
701.0 789.0 877.0
701.0 789.0 877.0
701.0 789.0 877.0
701.0 789.0 877.0
701.0 789.0 877.0
701.0 789.0 877.0
701.0 789.0 877.0
701.0 789.0 877.0
701.0 789.0 877.0
701.0 789.0 877.0
701.0 789.0 877.0
701.0 789.0 877.0
701.0 789.0 877.0
701.0 789.0 877.0
701.0 789.0 877.0
701.0 789.0 877.0
701.0 789.0 877.0
701.0 789.0 877.0
701.0 789.0 877.0
701.0 789.0 877.0
701.0 789.0 877.0
701.0 789.0 877.0
701.0 789.0 877.0
701.0 789.0 877.0
701.0 789.0 877.0
701.0 789.0 877.0
701.0 789.0 877.0
701.0 789.0 877.0
701.0 789.0 877.0
701.0 789.0 877.0
701.0 789.0 877.0
701.0 789.0 877.0
701.0 789.0 877.0
701.0 789.0 877.0
701.0 789.0 877.0
701.0 789.0 877.0
701.0 789.0 877.0
701.0 789.0 877.0
701.0 789.0 877.0
701.0 789.0 877.0
701.0 789.0 877.0
701.0 789.0 877.0
701.0 789.0 877.0
701.0 789.0 877.0
701.0 789.0 877.0
701.0 789.0 877.0
701.0 789.0 877.0
701.0 789.0 877.0
701.0 789.0 877.0
701.0 814.0 927.0
701.0 814.0 927.0
701.0 814.0 927.0
701.0 814.0 927.0
701.0 814.0 927.0
701.0 814.0 927.0
701.0 814.0 927.0
701.0 814.0 927.0
701.0 814.0 927.0
701.0 814.0 927.0
701.0 814.0 927.0
701.0 814.0 927.0
701.0 814.0 927.0
