10881.0 12029.0 13177.0
8854.0 10395.0 11936.0
6732.0 7976.5 9221.0
7349.0 7421.5 7494.0
4539.0 4964.5 5390.0
3099.0 3306.5 3514.0
2911.0 3212.5 3514.0
2224.0 2441.5 2659.0
1762.0 2124.0 2486.0
1762.0 1829.5 1897.0
1762.0 1797.5 1833.0
1762.0 1797.5 1833.0
1762.0 1771.0 1780.0
1568.0 1665.0 1762.0
1568.0 1665.0 1762.0
1568.0 1665.0 1762.0
1568.0 1665.0 1762.0
1568.0 1665.0 1762.0
1568.0 1665.0 1762.0
1568.0 1665.0 1762.0
1568.0 1665.0 1762.0
1568.0 1665.0 1762.0
1568.0 1665.0 1762.0
1244.0 1406.0 1568.0
1244.0 1323.5 1403.0
1200.0 1301.5 1403.0
1200.0 1301.5 1403.0
1200.0 1301.5 1403.0
1200.0 1301.5 1403.0
1200.0 1301.5 1403.0
1200.0 1301.5 1403.0
1200.0 1301.5 1403.0
1200.0 1301.5 1403.0
1200.0 1301.5 1403.0
1200.0 1301.5 1403.0
1200.0 1301.5 1403.0
1200.0 1301.5 1403.0
1200.0 1301.5 1403.0
1200.0 1301.5 1403.0
1200.0 1301.5 1403.0
1200.0 1301.5 1403.0
1200.0 1301.5 1403.0
1200.0 1301.5 1403.0
1200.0 1301.5 1403.0
1200.0 1301.5 1403.0
1200.0 1301.5 1403.0
1200.0 1301.5 1403.0
1200.0 1301.5 1403.0
1200.0 1301.5 1403.0
1200.0 1301.5 1403.0
1200.0 1301.5 1403.0
1200.0 1301.5 1403.0
1200.0 1301.5 1403.0
1200.0 1301.5 1403.0
1200.0 1301.5 1403.0
1200.0 1301.5 1403.0
1200.0 1301.5 1403.0
1200.0 1210.5 1221.0
1200.0 1210.5 1221.0
859.0 1029.5 1200.0
859.0 1029.5 1200.0
771.0 985.5 1200.0
771.0 985.5 1200.0
671.0 935.5 1200.0
671.0 935.5 1200.0
583.0 891.5 1200.0
583.0 891.5 1200.0
583.0 891.5 1200.0
583.0 891.5 1200.0
583.0 891.5 1200.0
583.0 891.5 1200.0
583.0 891.5 1200.0
583.0 891.5 1200.0
583.0 891.5 1200.0
583.0 891.5 1200.0
583.0 891.5 1200.0
583.0 891.5 1200.0
583.0 891.5 1200.0
583.0 891.5 1200.0
583.0 891.5 1200.0
583.0 891.5 1200.0
583.0 891.5 1200.0
583.0 891.5 1200.0
583.0 891.5 1200.0
583.0 891.5 1200.0
583.0 891.5 1200.0
583.0 891.5 1200.0
583.0 891.5 1200.0
583.0 891.5 1200.0
583.0 891.5 1200.0
583.0 891.5 1200.0
583.0 891.5 1200.0
583.0 891.5 1200.0
583.0 891.5 1200.0
583.0 891.5 1200.0
583.0 891.5 1200.0
583.0 891.5 1200.0
583.0 891.5 1200.0
583.0 891.5 1200.0
583.0 891.5 1200.0
583.0 891.5 1200.0
583.0 891.5 1200.0
583.0 891.5 1200.0
583.0 891.5 1200.0
583.0 891.5 1200.0
583.0 891.5 1200.0
583.0 891.5 1200.0
583.0 891.5 1200.0
583.0 891.5 1200.0
583.0 891.5 1200.0
583.0 891.5 1200.0
583.0 891.5 1200.0
583.0 891.5 1200.0
583.0 891.5 1200.0
583.0 891.5 1200.0
583.0 891.5 1200.0
583.0 891.5 1200.0
583.0 891.5 1200.0
583.0 891.5 1200.0
583.0 891.5 1200.0
583.0 891.5 1200.0
583.0 891.5 1200.0
583.0 891.5 1200.0
583.0 891.5 1200.0
583.0 891.5 1200.0
583.0 891.5 1200.0
583.0 891.5 1200.0
583.0 891.5 1200.0
583.0 891.5 1200.0
583.0 891.5 1200.0
583.0 891.5 1200.0
583.0 891.5 1200.0
583.0 891.5 1200.0
583.0 891.5 1200.0
583.0 891.5 1200.0
583.0 891.5 1200.0
583.0 891.5 1200.0
583.0 891.5 1200.0
583.0 891.5 1200.0
583.0 891.5 1200.0
583.0 891.5 1200.0
583.0 891.5 1200.0
583.0 891.5 1200.0
583.0 891.5 1200.0
583.0 891.5 1200.0
583.0 891.5 1200.0
583.0 891.5 1200.0
583.0 891.5 1200.0
583.0 891.5 1200.0
583.0 891.5 1200.0
583.0 890.5 1198.0
583.0 832.0 1081.0
583.0 656.5 730.0
583.0 656.5 730.0
583.0 656.5 730.0
583.0 656.5 730.0
583.0 656.5 730.0
583.0 656.5 730.0
583.0 656.5 730.0
583.0 656.5 730.0
583.0 656.5 730.0
583.0 656.5 730.0
583.0 656.5 730.0
583.0 656.5 730.0
583.0 656.5 730.0
583.0 656.5 730.0
583.0 656.5 730.0
583.0 656.5 730.0
583.0 656.5 730.0
583.0 656.5 730.0
583.0 656.5 730.0
583.0 656.5 730.0
583.0 656.5 730.0
583.0 656.5 730.0
583.0 656.5 730.0
583.0 656.5 730.0
583.0 656.5 730.0
583.0 656.5 730.0
583.0 656.5 730.0
583.0 656.5 730.0
583.0 656.5 730.0
583.0 656.5 730.0
583.0 656.5 730.0
583.0 656.5 730.0
583.0 656.5 730.0
583.0 656.5 730.0
583.0 656.5 730.0
583.0 656.5 730.0
583.0 656.5 730.0
583.0 656.5 730.0
583.0 656.5 730.0
583.0 656.5 730.0
583.0 656.5 730.0
583.0 656.5 730.0
583.0 656.5 730.0
583.0 656.5 730.0
583.0 656.5 730.0
583.0 656.5 730.0
583.0 656.5 730.0
583.0 656.5 730.0
