12028.0 14254.0 16480.0
11197.0 12599.5 14002.0
8771.0 9935.0 11099.0
7502.0 7930.0 8358.0
6488.0 6725.0 6962.0
4844.0 4981.5 5119.0
3955.0 4399.5 4844.0
3461.0 4142.0 4823.0
2361.0 2833.0 3305.0
1793.0 2549.0 3305.0
1793.0 2254.5 2716.0
1793.0 1941.5 2090.0
1793.0 1941.5 2090.0
1793.0 1941.5 2090.0
1793.0 1941.5 2090.0
1793.0 1941.5 2090.0
1793.0 1941.5 2090.0
1793.0 1941.5 2090.0
1793.0 1941.5 2090.0
1793.0 1941.5 2090.0
1793.0 1941.5 2090.0
1793.0 1941.5 2090.0
1793.0 1941.5 2090.0
1793.0 1941.5 2090.0
1793.0 1941.5 2090.0
1296.0 1693.0 2090.0
1282.0 1686.0 2090.0
1282.0 1686.0 2090.0
1282.0 1686.0 2090.0
1282.0 1686.0 2090.0
1282.0 1686.0 2090.0
1282.0 1686.0 2090.0
1282.0 1686.0 2090.0
1282.0 1686.0 2090.0
1282.0 1686.0 2090.0
1282.0 1686.0 2090.0
1282.0 1686.0 2090.0
1282.0 1686.0 2090.0
1282.0 1686.0 2090.0
1282.0 1686.0 2090.0
1282.0 1686.0 2090.0
1282.0 1686.0 2090.0
1282.0 1686.0 2090.0
1282.0 1686.0 2090.0
1282.0 1686.0 2090.0
1282.0 1609.0 1936.0
1282.0 1609.0 1936.0
1282.0 1609.0 1936.0
1282.0 1609.0 1936.0
1282.0 1609.0 1936.0
1282.0 1609.0 1936.0
1282.0 1609.0 1936.0
1282.0 1609.0 1936.0
1282.0 1609.0 1936.0
1282.0 1609.0 1936.0
1282.0 1609.0 1936.0
1282.0 1609.0 1936.0
1282.0 1609.0 1936.0
1282.0 1609.0 1936.0
1282.0 1609.0 1936.0
1282.0 1609.0 1936.0
1282.0 1609.0 1936.0
1282.0 1609.0 1936.0
1282.0 1609.0 1936.0
1282.0 1609.0 1936.0
1282.0 1609.0 1936.0
1282.0 1609.0 1936.0
1282.0 1609.0 1936.0
1282.0 1609.0 1936.0
1282.0 1609.0 1936.0
1282.0 1609.0 1936.0
1282.0 1609.0 1936.0
1282.0 1609.0 1936.0
1282.0 1609.0 1936.0
1282.0 1609.0 1936.0
1282.0 1609.0 1936.0
1282.0 1609.0 1936.0
1282.0 1609.0 1936.0
1282.0 1609.0 1936.0
1282.0 1609.0 1936.0
1282.0 1609.0 1936.0
1282.0 1609.0 1936.0
1282.0 1623.0 1964.0
1282.0 1301.5 1321.0
1282.0 1301.5 1321.0
1282.0 1301.5 1321.0
905.0 1113.0 1321.0
905.0 1113.0 1321.0
905.0 1113.0 1321.0
905.0 1113.0 1321.0
905.0 1113.0 1321.0
905.0 1113.0 1321.0
905.0 1113.0 1321.0
905.0 1113.0 1321.0
905.0 1113.0 1321.0
905.0 1113.0 1321.0
905.0 1113.0 1321.0
905.0 1113.0 1321.0
905.0 1113.0 1321.0
905.0 1113.0 1321.0
905.0 1113.0 1321.0
905.0 1113.0 1321.0
905.0 1113.0 1321.0
905.0 1113.0 1321.0
905.0 1113.0 1321.0
905.0 1113.0 1321.0
905.0 1113.0 1321.0
905.0 1113.0 1321.0
905.0 1113.0 1321.0
905.0 1113.0 1321.0
905.0 1113.0 1321.0
905.0 1113.0 1321.0
905.0 1113.0 1321.0
905.0 1113.0 1321.0
905.0 1113.0 1321.0
905.0 1113.0 1321.0
905.0 1113.0 1321.0
905.0 1113.0 1321.0
905.0 1113.0 1321.0
905.0 1113.0 1321.0
905.0 1113.0 1321.0
905.0 1113.0 1321.0
905.0 1113.0 1321.0
905.0 1113.0 1321.0
905.0 1113.0 1321.0
905.0 1113.0 1321.0
905.0 1113.0 1321.0
905.0 1113.0 1321.0
905.0 1113.0 1321.0
905.0 1113.0 1321.0
905.0 1113.0 1321.0
905.0 1113.0 1321.0
905.0 1113.0 1321.0
905.0 1113.0 1321.0
905.0 1113.0 1321.0
905.0 1113.0 1321.0
905.0 1113.0 1321.0
905.0 1113.0 1321.0
905.0 1113.0 1321.0
905.0 1113.0 1321.0
905.0 1113.0 1321.0
905.0 1113.0 1321.0
905.0 1113.0 1321.0
905.0 1113.0 1321.0
905.0 1113.0 1321.0
905.0 1113.0 1321.0
905.0 1113.0 1321.0
905.0 1113.0 1321.0
905.0 1113.0 1321.0
905.0 1113.0 1321.0
905.0 1113.0 1321.0
905.0 1113.0 1321.0
905.0 1113.0 1321.0
905.0 1113.0 1321.0
905.0 1113.0 1321.0
905.0 1113.0 1321.0
905.0 1113.0 1321.0
905.0 1113.0 1321.0
905.0 1113.0 1321.0
905.0 1113.0 1321.0
905.0 1113.0 1321.0
905.0 1113.0 1321.0
905.0 1113.0 1321.0
905.0 1113.0 1321.0
905.0 1113.0 1321.0
905.0 1113.0 1321.0
905.0 1113.0 1321.0
905.0 1113.0 1321.0
905.0 1113.0 1321.0
905.0 1113.0 1321.0
905.0 1113.0 1321.0
905.0 1113.0 1321.0
905.0 1113.0 1321.0
905.0 1113.0 1321.0
905.0 1113.0 1321.0
905.0 1113.0 1321.0
905.0 1113.0 1321.0
905.0 1113.0 1321.0
905.0 1113.0 1321.0
905.0 1113.0 1321.0
905.0 1113.0 1321.0
905.0 1113.0 1321.0
905.0 1113.0 1321.0
905.0 1113.0 1321.0
905.0 1113.0 1321.0
905.0 1113.0 1321.0
905.0 1113.0 1321.0
905.0 1113.0 1321.0
905.0 1113.0 1321.0
905.0 1113.0 1321.0
905.0 1113.0 1321.0
905.0 1113.0 1321.0
905.0 1113.0 1321.0
905.0 1113.0 1321.0
905.0 1113.0 1321.0
905.0 1113.0 1321.0
905.0 1113.0 1321.0
905.0 1113.0 1321.0
905.0 1113.0 1321.0
905.0 1113.0 1321.0
