10238.0 11784.0 13330.0
9835.0 10663.5 11492.0
5848.0 6967.0 8086.0
5364.0 5654.0 5944.0
4316.0 4482.0 4648.0
3448.0 3546.5 3645.0
2477.0 2740.0 3003.0
2208.0 2659.0 3110.0
1478.0 1843.0 2208.0
1478.0 1806.0 2134.0
1478.0 1556.5 1635.0
1370.0 1706.5 2043.0
1370.0 1490.0 1610.0
1370.0 1474.0 1578.0
1370.0 1391.5 1413.0
1370.0 1391.5 1413.0
1370.0 1391.5 1413.0
1370.0 1391.5 1413.0
1370.0 1394.0 1418.0
1370.0 1394.0 1418.0
1370.0 1394.0 1418.0
1370.0 1394.0 1418.0
1370.0 1394.0 1418.0
1370.0 1394.0 1418.0
1370.0 1394.0 1418.0
1370.0 1394.0 1418.0
1370.0 1394.0 1418.0
1370.0 1394.0 1418.0
1370.0 1394.0 1418.0
1370.0 1394.0 1418.0
1370.0 1394.0 1418.0
1370.0 1394.0 1418.0
1370.0 1394.0 1418.0
1370.0 1394.0 1418.0
1370.0 1394.0 1418.0
1370.0 1394.0 1418.0
1370.0 1394.0 1418.0
1370.0 1394.0 1418.0
1370.0 1394.0 1418.0
1370.0 1394.0 1418.0
1370.0 1394.0 1418.0
1370.0 1394.0 1418.0
1370.0 1394.0 1418.0
1370.0 1394.0 1418.0
1370.0 1394.0 1418.0
1370.0 1394.0 1418.0
1370.0 1394.0 1418.0
1370.0 1394.0 1418.0
1370.0 1394.0 1418.0
1370.0 1394.0 1418.0
1370.0 1394.0 1418.0
1370.0 1394.0 1418.0
1370.0 1394.0 1418.0
1370.0 1394.0 1418.0
1370.0 1394.0 1418.0
1370.0 1394.0 1418.0
1370.0 1394.0 1418.0
1370.0 1394.0 1418.0
1370.0 1394.0 1418.0
1370.0 1394.0 1418.0
1370.0 1394.0 1418.0
1370.0 1394.0 1418.0
1370.0 1394.0 1418.0
1370.0 1394.0 1418.0
1370.0 1394.0 1418.0
1370.0 1394.0 1418.0
1370.0 1394.0 1418.0
1370.0 1394.0 1418.0
1370.0 1394.0 1418.0
1370.0 1394.0 1418.0
1370.0 1394.0 1418.0
1370.0 1394.0 1418.0
1370.0 1394.0 1418.0
1370.0 1394.0 1418.0
1370.0 1394.0 1418.0
1370.0 1394.0 1418.0
1370.0 1394.0 1418.0
1370.0 1394.0 1418.0
1370.0 1394.0 1418.0
1370.0 1394.0 1418.0
1370.0 1425.0 1480.0
1260.0 1315.0 1370.0
1321.0 1345.5 1370.0
1017.0 1193.5 1370.0
1017.0 1193.5 1370.0
1017.0 1193.5 1370.0
1017.0 1193.5 1370.0
1017.0 1193.5 1370.0
1017.0 1193.5 1370.0
1017.0 1193.5 1370.0
1017.0 1193.5 1370.0
1017.0 1193.5 1370.0
1017.0 1193.5 1370.0
1017.0 1193.5 1370.0
1017.0 1193.5 1370.0
1017.0 1193.5 1370.0
1017.0 1193.5 1370.0
1017.0 1193.5 1370.0
1017.0 1193.5 1370.0
1017.0 1193.5 1370.0
1017.0 1193.5 1370.0
1017.0 1193.5 1370.0
1017.0 1193.5 1370.0
1017.0 1193.5 1370.0
1017.0 1193.5 1370.0
1017.0 1193.5 1370.0
1017.0 1193.5 1370.0
1017.0 1193.5 1370.0
1017.0 1193.5 1370.0
1017.0 1193.5 1370.0
1017.0 1193.5 1370.0
1017.0 1193.5 1370.0
1017.0 1193.5 1370.0
1017.0 1193.5 1370.0
1017.0 1193.5 1370.0
1017.0 1193.5 1370.0
1017.0 1193.5 1370.0
1017.0 1193.5 1370.0
1017.0 1193.5 1370.0
1017.0 1193.5 1370.0
1017.0 1193.5 1370.0
1017.0 1193.5 1370.0
1017.0 1193.5 1370.0
1017.0 1193.5 1370.0
1017.0 1193.5 1370.0
1017.0 1193.5 1370.0
1017.0 1193.5 1370.0
1017.0 1193.5 1370.0
1017.0 1193.5 1370.0
1017.0 1193.5 1370.0
1017.0 1193.5 1370.0
1017.0 1193.5 1370.0
1017.0 1193.5 1370.0
1017.0 1193.5 1370.0
1017.0 1193.5 1370.0
1017.0 1193.5 1370.0
1017.0 1193.5 1370.0
1017.0 1193.5 1370.0
1017.0 1193.5 1370.0
1017.0 1193.5 1370.0
1017.0 1193.5 1370.0
1017.0 1193.5 1370.0
1017.0 1193.5 1370.0
1017.0 1193.5 1370.0
1017.0 1193.5 1370.0
1017.0 1193.5 1370.0
1017.0 1193.5 1370.0
1017.0 1193.5 1370.0
1017.0 1193.5 1370.0
1017.0 1193.5 1370.0
1017.0 1193.5 1370.0
1017.0 1193.5 1370.0
1017.0 1096.5 1176.0
1017.0 1137.5 1258.0
1017.0 1059.5 1102.0
655.0 836.0 1017.0
655.0 836.0 1017.0
655.0 836.0 1017.0
655.0 836.0 1017.0
655.0 836.0 1017.0
655.0 836.0 1017.0
655.0 836.0 1017.0
655.0 836.0 1017.0
655.0 836.0 1017.0
655.0 836.0 1017.0
655.0 836.0 1017.0
655.0 836.0 1017.0
655.0 836.0 1017.0
655.0 836.0 1017.0
655.0 836.0 1017.0
655.0 836.0 1017.0
655.0 836.0 1017.0
655.0 836.0 1017.0
655.0 836.0 1017.0
655.0 836.0 1017.0
655.0 836.0 1017.0
655.0 836.0 1017.0
655.0 836.0 1017.0
655.0 836.0 1017.0
655.0 836.0 1017.0
655.0 836.0 1017.0
655.0 836.0 1017.0
655.0 836.0 1017.0
655.0 836.0 1017.0
655.0 836.0 1017.0
655.0 836.0 1017.0
655.0 836.0 1017.0
655.0 836.0 1017.0
655.0 836.0 1017.0
655.0 836.0 1017.0
655.0 836.0 1017.0
655.0 836.0 1017.0
655.0 836.0 1017.0
655.0 836.0 1017.0
655.0 836.0 1017.0
655.0 836.0 1017.0
655.0 836.0 1017.0
655.0 836.0 1017.0
655.0 836.0 1017.0
655.0 836.0 1017.0
