12277.0 13162.5 14048.0
8017.0 9761.0 11505.0
8017.0 9086.5 10156.0
4057.0 5677.5 7298.0
4057.0 4531.5 5006.0
2903.0 3789.5 4676.0
2903.0 2965.0 3027.0
2041.0 2534.0 3027.0
2041.0 2521.5 3002.0
2041.0 2361.5 2682.0
1970.0 2153.0 2336.0
1970.0 2153.0 2336.0
2018.0 2177.0 2336.0
1655.0 1995.5 2336.0
1762.0 2049.0 2336.0
1762.0 2049.0 2336.0
1762.0 2049.0 2336.0
1762.0 2049.0 2336.0
1762.0 2049.0 2336.0
1762.0 2049.0 2336.0
1762.0 2049.0 2336.0
1762.0 2049.0 2336.0
1762.0 2049.0 2336.0
1762.0 2049.0 2336.0
1205.0 1483.5 1762.0
1205.0 1483.5 1762.0
1205.0 1483.5 1762.0
1205.0 1483.5 1762.0
1205.0 1282.0 1359.0
1205.0 1282.0 1359.0
1205.0 1282.0 1359.0
1205.0 1339.5 1474.0
1205.0 1339.5 1474.0
1205.0 1236.0 1267.0
1205.0 1236.0 1267.0
1205.0 1236.0 1267.0
1205.0 1236.0 1267.0
1205.0 1236.0 1267.0
1205.0 1236.0 1267.0
1205.0 1236.0 1267.0
1205.0 1236.0 1267.0
1205.0 1236.0 1267.0
1205.0 1236.0 1267.0
1205.0 1236.0 1267.0
1205.0 1236.0 1267.0
1205.0 1236.0 1267.0
1205.0 1236.0 1267.0
1205.0 1236.0 1267.0
1205.0 1236.0 1267.0
1205.0 1236.0 1267.0
1205.0 1236.0 1267.0
1205.0 1236.0 1267.0
1205.0 1236.0 1267.0
1205.0 1236.0 1267.0
1205.0 1236.0 1267.0
1205.0 1236.0 1267.0
1205.0 1236.0 1267.0
1205.0 1236.0 1267.0
1205.0 1236.0 1267.0
1205.0 1236.0 1267.0
1205.0 1236.0 1267.0
1205.0 1236.0 1267.0
1205.0 1236.0 1267.0
1205.0 1236.0 1267.0
1205.0 1236.0 1267.0
1205.0 1236.0 1267.0
1205.0 1236.0 1267.0
1205.0 1236.0 1267.0
1205.0 1236.0 1267.0
1205.0 1236.0 1267.0
1205.0 1236.0 1267.0
1205.0 1236.0 1267.0
1205.0 1236.0 1267.0
1205.0 1236.0 1267.0
1205.0 1236.0 1267.0
1205.0 1236.0 1267.0
1205.0 1236.0 1267.0
1205.0 1236.0 1267.0
1205.0 1236.0 1267.0
1205.0 1236.0 1267.0
1205.0 1236.0 1267.0
1205.0 1236.0 1267.0
1205.0 1236.0 1267.0
1205.0 1236.0 1267.0
1205.0 1236.0 1267.0
1205.0 1236.0 1267.0
1205.0 1236.0 1267.0
1205.0 1236.0 1267.0
1205.0 1236.0 1267.0
1205.0 1236.0 1267.0
1205.0 1236.0 1267.0
1205.0 1236.0 1267.0
1205.0 1236.0 1267.0
1205.0 1236.0 1267.0
1205.0 1236.0 1267.0
1205.0 1236.0 1267.0
1205.0 1236.0 1267.0
1205.0 1236.0 1267.0
1205.0 1236.0 1267.0
1205.0 1236.0 1267.0
1205.0 1236.0 1267.0
1205.0 1236.0 1267.0
1205.0 1236.0 1267.0
1205.0 1236.0 1267.0
1205.0 1236.0 1267.0
1205.0 1236.0 1267.0
1205.0 1236.0 1267.0
1205.0 1236.0 1267.0
1205.0 1236.0 1267.0
1205.0 1236.0 1267.0
1205.0 1236.0 1267.0
1205.0 1236.0 1267.0
1205.0 1236.0 1267.0
1205.0 1236.0 1267.0
1205.0 1236.0 1267.0
1205.0 1236.0 1267.0
1205.0 1236.0 1267.0
1205.0 1236.0 1267.0
1205.0 1236.0 1267.0
1267.0 1425.5 1584.0
1267.0 1425.5 1584.0
1267.0 1425.5 1584.0
1267.0 1425.5 1584.0
1267.0 1425.5 1584.0
1267.0 1425.5 1584.0
1267.0 1425.5 1584.0
1267.0 1425.5 1584.0
1267.0 1425.5 1584.0
1267.0 1425.5 1584.0
1267.0 1425.5 1584.0
1267.0 1425.5 1584.0
1267.0 1425.5 1584.0
1267.0 1425.5 1584.0
1267.0 1425.5 1584.0
1267.0 1425.5 1584.0
1267.0 1425.5 1584.0
1267.0 1425.5 1584.0
1267.0 1425.5 1584.0
1267.0 1425.5 1584.0
1267.0 1425.5 1584.0
1267.0 1425.5 1584.0
1267.0 1425.5 1584.0
1267.0 1425.5 1584.0
1267.0 1425.5 1584.0
1267.0 1425.5 1584.0
1267.0 1425.5 1584.0
1267.0 1425.5 1584.0
1267.0 1425.5 1584.0
1267.0 1425.5 1584.0
1267.0 1425.5 1584.0
1267.0 1425.5 1584.0
1267.0 1425.5 1584.0
1267.0 1425.5 1584.0
1267.0 1425.5 1584.0
1267.0 1425.5 1584.0
1267.0 1425.5 1584.0
1267.0 1425.5 1584.0
1267.0 1425.5 1584.0
1267.0 1425.5 1584.0
1267.0 1425.5 1584.0
1267.0 1425.5 1584.0
1267.0 1425.5 1584.0
1267.0 1425.5 1584.0
1267.0 1425.5 1584.0
1267.0 1425.5 1584.0
1267.0 1425.5 1584.0
1267.0 1425.5 1584.0
1267.0 1425.5 1584.0
1267.0 1425.5 1584.0
1267.0 1425.5 1584.0
1267.0 1425.5 1584.0
1267.0 1425.5 1584.0
1267.0 1425.5 1584.0
1267.0 1425.5 1584.0
1267.0 1425.5 1584.0
1267.0 1425.5 1584.0
1267.0 1425.5 1584.0
1267.0 1425.5 1584.0
1267.0 1425.5 1584.0
1267.0 1425.5 1584.0
1267.0 1425.5 1584.0
1267.0 1425.5 1584.0
1267.0 1425.5 1584.0
1267.0 1425.5 1584.0
1267.0 1425.5 1584.0
1267.0 1425.5 1584.0
1267.0 1425.5 1584.0
1267.0 1425.5 1584.0
1267.0 1425.5 1584.0
1267.0 1425.5 1584.0
1267.0 1425.5 1584.0
1267.0 1425.5 1584.0
1267.0 1425.5 1584.0
1267.0 1425.5 1584.0
1267.0 1425.5 1584.0
1267.0 1425.5 1584.0
1267.0 1425.5 1584.0
1267.0 1425.5 1584.0
1267.0 1425.5 1584.0
1267.0 1425.5 1584.0
