11466.0 11829.0 12192.0
9027.0 9234.0 9441.0
7023.0 7423.5 7824.0
5183.0 6051.0 6919.0
5183.0 5444.0 5705.0
5253.0 5416.5 5580.0
3580.0 3839.0 4098.0
3580.0 3839.0 4098.0
2899.0 3239.5 3580.0
2899.0 3005.5 3112.0
1704.0 2301.5 2899.0
1374.0 2136.5 2899.0
1374.0 2136.5 2899.0
1374.0 2349.5 3325.0
1374.0 1572.0 1770.0
1374.0 1572.0 1770.0
1374.0 1572.0 1770.0
1374.0 1572.0 1770.0
1374.0 1572.0 1770.0
1374.0 1572.0 1770.0
1374.0 1572.0 1770.0
1374.0 1572.0 1770.0
1374.0 1572.0 1770.0
1374.0 1753.0 2132.0
1374.0 1940.5 2507.0
1374.0 1940.5 2507.0
1374.0 1940.5 2507.0
1374.0 1940.5 2507.0
1374.0 1940.5 2507.0
1374.0 1940.5 2507.0
1374.0 1940.5 2507.0
1374.0 1940.5 2507.0
1374.0 1940.5 2507.0
1374.0 1940.5 2507.0
1374.0 1940.5 2507.0
1374.0 1940.5 2507.0
1374.0 1940.5 2507.0
1374.0 1940.5 2507.0
1374.0 1940.5 2507.0
1374.0 1940.5 2507.0
1374.0 1940.5 2507.0
1374.0 1940.5 2507.0
1374.0 1940.5 2507.0
1374.0 1940.5 2507.0
1374.0 1940.5 2507.0
1374.0 1940.5 2507.0
1374.0 1940.5 2507.0
1374.0 1940.5 2507.0
1374.0 1940.5 2507.0
1374.0 1940.5 2507.0
1374.0 1940.5 2507.0
1374.0 1940.5 2507.0
1374.0 1940.5 2507.0
1374.0 1940.5 2507.0
1374.0 1940.5 2507.0
1374.0 1940.5 2507.0
1374.0 1940.5 2507.0
1374.0 1940.5 2507.0
1374.0 1940.5 2507.0
1374.0 1940.5 2507.0
1374.0 1940.5 2507.0
1374.0 1940.5 2507.0
1374.0 1940.5 2507.0
1374.0 1940.5 2507.0
1374.0 1940.5 2507.0
1374.0 1940.5 2507.0
1374.0 1940.5 2507.0
1374.0 1940.5 2507.0
1374.0 1940.5 2507.0
1374.0 1940.5 2507.0
1374.0 1940.5 2507.0
1374.0 1940.5 2507.0
1374.0 1940.5 2507.0
1374.0 1940.5 2507.0
1374.0 1940.5 2507.0
1374.0 1940.5 2507.0
1374.0 1940.5 2507.0
1374.0 1940.5 2507.0
1374.0 1940.5 2507.0
1374.0 1940.5 2507.0
1374.0 1940.5 2507.0
1374.0 1940.5 2507.0
1374.0 1940.5 2507.0
1374.0 1940.5 2507.0
1374.0 1940.5 2507.0
1374.0 1940.5 2507.0
1374.0 1940.5 2507.0
1374.0 1940.5 2507.0
1374.0 1940.5 2507.0
1374.0 1940.5 2507.0
1374.0 1510.0 1646.0
1374.0 1510.0 1646.0
1374.0 1510.0 1646.0
1374.0 1510.0 1646.0
1374.0 1510.0 1646.0
1374.0 1510.0 1646.0
1374.0 1510.0 1646.0
1374.0 1510.0 1646.0
1374.0 1510.0 1646.0
1374.0 1510.0 1646.0
1374.0 1510.0 1646.0
1374.0 1510.0 1646.0
1374.0 1510.0 1646.0
1374.0 1510.0 1646.0
1374.0 1510.0 1646.0
1374.0 1510.0 1646.0
1374.0 1510.0 1646.0
1374.0 1510.0 1646.0
1374.0 1510.0 1646.0
1374.0 1510.0 1646.0
1374.0 1510.0 1646.0
1374.0 1510.0 1646.0
1374.0 1510.0 1646.0
1374.0 1510.0 1646.0
1374.0 1510.0 1646.0
1374.0 1510.0 1646.0
1374.0 1510.0 1646.0
1374.0 1510.0 1646.0
1374.0 1510.0 1646.0
1374.0 1510.0 1646.0
1374.0 1510.0 1646.0
1374.0 1510.0 1646.0
1374.0 1510.0 1646.0
1374.0 1510.0 1646.0
1374.0 1510.0 1646.0
1374.0 1510.0 1646.0
1374.0 1510.0 1646.0
1374.0 1510.0 1646.0
1374.0 1510.0 1646.0
1374.0 1510.0 1646.0
1374.0 1510.0 1646.0
1374.0 1510.0 1646.0
1374.0 1510.0 1646.0
1374.0 1510.0 1646.0
1374.0 1510.0 1646.0
1374.0 1510.0 1646.0
1374.0 1510.0 1646.0
1374.0 1510.0 1646.0
1374.0 1510.0 1646.0
1374.0 1510.0 1646.0
1374.0 1510.0 1646.0
1374.0 1510.0 1646.0
1374.0 1510.0 1646.0
1374.0 1510.0 1646.0
1374.0 1510.0 1646.0
1374.0 1510.0 1646.0
1374.0 1510.0 1646.0
1374.0 1510.0 1646.0
1374.0 1510.0 1646.0
1374.0 1510.0 1646.0
1374.0 1510.0 1646.0
1374.0 1510.0 1646.0
1374.0 1510.0 1646.0
1374.0 1510.0 1646.0
1374.0 1510.0 1646.0
1374.0 1510.0 1646.0
1374.0 1510.0 1646.0
1374.0 1510.0 1646.0
1374.0 1510.0 1646.0
1374.0 1510.0 1646.0
1374.0 1510.0 1646.0
1374.0 1510.0 1646.0
1374.0 1510.0 1646.0
1374.0 1510.0 1646.0
1374.0 1510.0 1646.0
1374.0 1510.0 1646.0
1374.0 1510.0 1646.0
1374.0 1510.0 1646.0
1374.0 1510.0 1646.0
1374.0 1510.0 1646.0
1374.0 1510.0 1646.0
1374.0 1510.0 1646.0
1374.0 1510.0 1646.0
1374.0 1510.0 1646.0
1374.0 1510.0 1646.0
1374.0 1510.0 1646.0
1374.0 1510.0 1646.0
1374.0 1510.0 1646.0
1374.0 1510.0 1646.0
1374.0 1510.0 1646.0
1374.0 1510.0 1646.0
1374.0 1510.0 1646.0
1374.0 1510.0 1646.0
1374.0 1510.0 1646.0
1374.0 1510.0 1646.0
1374.0 1510.0 1646.0
1374.0 1510.0 1646.0
1374.0 1510.0 1646.0
1374.0 1510.0 1646.0
1374.0 1510.0 1646.0
1374.0 1510.0 1646.0
1374.0 1510.0 1646.0
1374.0 1510.0 1646.0
1374.0 1510.0 1646.0
1374.0 1510.0 1646.0
1374.0 1510.0 1646.0
1374.0 1510.0 1646.0
1374.0 1510.0 1646.0
1374.0 1510.0 1646.0
1374.0 1510.0 1646.0
