10631.0 11524.5 12418.0
8750.0 11047.5 13345.0
6423.0 7687.5 8952.0
5285.0 6038.0 6791.0
4790.0 5002.0 5214.0
3450.0 3842.5 4235.0
2540.0 2706.0 2872.0
2122.0 2331.0 2540.0
2122.0 2182.5 2243.0
1578.0 1910.5 2243.0
1578.0 1578.0 1578.0
1202.0 1390.0 1578.0
1202.0 1390.0 1578.0
1202.0 1390.0 1578.0
1202.0 1390.0 1578.0
1202.0 1390.0 1578.0
1202.0 1390.0 1578.0
1202.0 1390.0 1578.0
1202.0 1390.0 1578.0
1202.0 1390.0 1578.0
1202.0 1350.0 1498.0
1202.0 1218.0 1234.0
1202.0 1310.5 1419.0
1193.0 1197.5 1202.0
1193.0 1197.5 1202.0
1149.0 1175.5 1202.0
1149.0 1175.5 1202.0
833.0 1017.5 1202.0
833.0 1017.5 1202.0
833.0 1017.5 1202.0
833.0 1017.5 1202.0
833.0 1017.5 1202.0
833.0 1017.5 1202.0
833.0 1017.5 1202.0
833.0 1017.5 1202.0
833.0 1017.5 1202.0
833.0 1017.5 1202.0
833.0 1017.5 1202.0
833.0 1017.5 1202.0
833.0 1017.5 1202.0
833.0 1017.5 1202.0
833.0 1017.5 1202.0
833.0 1017.5 1202.0
833.0 1017.5 1202.0
833.0 1017.5 1202.0
833.0 1017.5 1202.0
833.0 1017.5 1202.0
833.0 1017.5 1202.0
833.0 1017.5 1202.0
833.0 1017.5 1202.0
833.0 1017.5 1202.0
833.0 1017.5 1202.0
833.0 1017.5 1202.0
833.0 1017.5 1202.0
833.0 1017.5 1202.0
833.0 1017.5 1202.0
833.0 1017.5 1202.0
833.0 1017.5 1202.0
833.0 1017.5 1202.0
833.0 1017.5 1202.0
833.0 1017.5 1202.0
833.0 1017.5 1202.0
833.0 1017.5 1202.0
833.0 1017.5 1202.0
833.0 1017.5 1202.0
833.0 1017.5 1202.0
833.0 1017.5 1202.0
833.0 1017.5 1202.0
833.0 1017.5 1202.0
833.0 1017.5 1202.0
833.0 1017.5 1202.0
833.0 1017.5 1202.0
833.0 1017.5 1202.0
833.0 1017.5 1202.0
833.0 1017.5 1202.0
833.0 1017.5 1202.0
833.0 1017.5 1202.0
833.0 1017.5 1202.0
833.0 1017.5 1202.0
833.0 1017.5 1202.0
833.0 1017.5 1202.0
833.0 1017.5 1202.0
833.0 1017.5 1202.0
833.0 1017.5 1202.0
833.0 1017.5 1202.0
833.0 1017.5 1202.0
833.0 1017.5 1202.0
833.0 1017.5 1202.0
833.0 1017.5 1202.0
833.0 1017.5 1202.0
833.0 1017.5 1202.0
833.0 1203.0 1573.0
833.0 929.0 1025.0
833.0 942.5 1052.0
833.0 942.5 1052.0
833.0 942.5 1052.0
833.0 942.5 1052.0
833.0 942.5 1052.0
833.0 942.5 1052.0
833.0 942.5 1052.0
833.0 942.5 1052.0
833.0 942.5 1052.0
833.0 942.5 1052.0
833.0 942.5 1052.0
833.0 942.5 1052.0
833.0 942.5 1052.0
833.0 942.5 1052.0
833.0 942.5 1052.0
833.0 942.5 1052.0
833.0 942.5 1052.0
833.0 942.5 1052.0
833.0 942.5 1052.0
833.0 942.5 1052.0
833.0 942.5 1052.0
833.0 942.5 1052.0
833.0 942.5 1052.0
833.0 942.5 1052.0
833.0 942.5 1052.0
833.0 942.5 1052.0
833.0 942.5 1052.0
833.0 942.5 1052.0
833.0 942.5 1052.0
833.0 942.5 1052.0
833.0 942.5 1052.0
833.0 942.5 1052.0
833.0 942.5 1052.0
833.0 942.5 1052.0
833.0 942.5 1052.0
833.0 942.5 1052.0
833.0 942.5 1052.0
833.0 942.5 1052.0
833.0 942.5 1052.0
833.0 942.5 1052.0
833.0 942.5 1052.0
833.0 942.5 1052.0
833.0 942.5 1052.0
833.0 942.5 1052.0
833.0 942.5 1052.0
833.0 942.5 1052.0
833.0 942.5 1052.0
833.0 942.5 1052.0
833.0 942.5 1052.0
833.0 942.5 1052.0
833.0 942.5 1052.0
833.0 942.5 1052.0
833.0 942.5 1052.0
833.0 942.5 1052.0
833.0 942.5 1052.0
833.0 942.5 1052.0
833.0 942.5 1052.0
833.0 942.5 1052.0
833.0 942.5 1052.0
833.0 942.5 1052.0
833.0 942.5 1052.0
833.0 942.5 1052.0
833.0 942.5 1052.0
833.0 942.5 1052.0
833.0 942.5 1052.0
833.0 942.5 1052.0
833.0 942.5 1052.0
833.0 942.5 1052.0
833.0 942.5 1052.0
833.0 942.5 1052.0
833.0 942.5 1052.0
833.0 942.5 1052.0
833.0 942.5 1052.0
833.0 942.5 1052.0
833.0 942.5 1052.0
833.0 942.5 1052.0
833.0 942.5 1052.0
833.0 942.5 1052.0
833.0 942.5 1052.0
833.0 942.5 1052.0
833.0 942.5 1052.0
833.0 942.5 1052.0
833.0 942.5 1052.0
833.0 942.5 1052.0
833.0 942.5 1052.0
833.0 942.5 1052.0
833.0 942.5 1052.0
833.0 942.5 1052.0
833.0 942.5 1052.0
833.0 942.5 1052.0
833.0 942.5 1052.0
833.0 942.5 1052.0
833.0 942.5 1052.0
833.0 942.5 1052.0
833.0 942.5 1052.0
833.0 942.5 1052.0
833.0 942.5 1052.0
833.0 942.5 1052.0
833.0 942.5 1052.0
833.0 942.5 1052.0
833.0 942.5 1052.0
833.0 942.5 1052.0
833.0 942.5 1052.0
833.0 942.5 1052.0
833.0 942.5 1052.0
833.0 942.5 1052.0
833.0 942.5 1052.0
