10875.0 11944.0 13013.0
8516.0 8865.5 9215.0
7457.0 8323.5 9190.0
4646.0 4812.5 4979.0
2781.0 3713.5 4646.0
2781.0 2996.5 3212.0
2781.0 2798.0 2815.0
2394.0 2406.0 2418.0
1531.0 1951.5 2372.0
1531.0 1651.5 1772.0
1251.0 1511.5 1772.0
1251.0 1425.5 1600.0
1251.0 1425.5 1600.0
1251.0 1425.5 1600.0
1251.0 1425.5 1600.0
1251.0 1425.5 1600.0
1251.0 1425.5 1600.0
1251.0 1425.5 1600.0
1251.0 1425.5 1600.0
1251.0 1425.5 1600.0
1251.0 1425.5 1600.0
1251.0 1425.5 1600.0
1251.0 1425.5 1600.0
1251.0 1425.5 1600.0
1251.0 1425.5 1600.0
1251.0 1425.5 1600.0
1251.0 1425.5 1600.0
1251.0 1425.5 1600.0
1251.0 1425.5 1600.0
1251.0 1425.5 1600.0
1251.0 1425.5 1600.0
1251.0 1425.5 1600.0
1251.0 1425.5 1600.0
1251.0 1425.5 1600.0
1251.0 1425.5 1600.0
1251.0 1425.5 1600.0
1251.0 1425.5 1600.0
1251.0 1425.5 1600.0
1251.0 1425.5 1600.0
1251.0 1425.5 1600.0
1251.0 1425.5 1600.0
1251.0 1425.5 1600.0
1251.0 1425.5 1600.0
1251.0 1425.5 1600.0
1251.0 1425.5 1600.0
1251.0 1425.5 1600.0
1251.0 1425.5 1600.0
1251.0 1425.5 1600.0
1251.0 1425.5 1600.0
1251.0 1425.5 1600.0
1251.0 1425.5 1600.0
1251.0 1425.5 1600.0
1251.0 1425.5 1600.0
1251.0 1425.5 1600.0
1251.0 1425.5 1600.0
1251.0 1425.5 1600.0
1251.0 1425.5 1600.0
1251.0 1425.5 1600.0
1251.0 1425.5 1600.0
1251.0 1425.5 1600.0
1251.0 1425.5 1600.0
1251.0 1425.5 1600.0
1251.0 1425.5 1600.0
1251.0 1425.5 1600.0
1251.0 1425.5 1600.0
1251.0 1425.5 1600.0
1251.0 1425.5 1600.0
1251.0 1425.5 1600.0
1251.0 1425.5 1600.0
1251.0 1425.5 1600.0
1251.0 1425.5 1600.0
1251.0 1425.5 1600.0
1251.0 1425.5 1600.0
1251.0 1425.5 1600.0
1251.0 1425.5 1600.0
1251.0 1319.5 1388.0
1251.0 1319.5 1388.0
1251.0 1319.5 1388.0
1251.0 1319.5 1388.0
1251.0 1319.5 1388.0
1251.0 1319.5 1388.0
1251.0 1319.5 1388.0
1251.0 1319.5 1388.0
1251.0 1319.5 1388.0
1251.0 1319.5 1388.0
1251.0 1319.5 1388.0
1251.0 1319.5 1388.0
1251.0 1319.5 1388.0
1251.0 1319.5 1388.0
1251.0 1319.5 1388.0
1251.0 1319.5 1388.0
1251.0 1319.5 1388.0
1251.0 1319.5 1388.0
1251.0 1319.5 1388.0
1251.0 1319.5 1388.0
1251.0 1319.5 1388.0
1251.0 1319.5 1388.0
1251.0 1319.5 1388.0
1251.0 1319.5 1388.0
1251.0 1319.5 1388.0
1251.0 1319.5 1388.0
1251.0 1319.5 1388.0
1251.0 1319.5 1388.0
1251.0 1319.5 1388.0
1251.0 1319.5 1388.0
1251.0 1319.5 1388.0
1251.0 1319.5 1388.0
1251.0 1319.5 1388.0
1251.0 1319.5 1388.0
1251.0 1319.5 1388.0
1251.0 1319.5 1388.0
1251.0 1319.5 1388.0
1251.0 1319.5 1388.0
1251.0 1319.5 1388.0
1251.0 1319.5 1388.0
1251.0 1319.5 1388.0
1251.0 1319.5 1388.0
1251.0 1319.5 1388.0
1251.0 1319.5 1388.0
1251.0 1319.5 1388.0
1251.0 1319.5 1388.0
1251.0 1319.5 1388.0
1251.0 1319.5 1388.0
1251.0 1319.5 1388.0
1251.0 1319.5 1388.0
1251.0 1319.5 1388.0
1251.0 1319.5 1388.0
1251.0 1319.5 1388.0
1251.0 1319.5 1388.0
1251.0 1319.5 1388.0
1251.0 1319.5 1388.0
1251.0 1319.5 1388.0
1251.0 1319.5 1388.0
1251.0 1319.5 1388.0
1251.0 1319.5 1388.0
1251.0 1319.5 1388.0
1251.0 1319.5 1388.0
1251.0 1319.5 1388.0
1251.0 1319.5 1388.0
1251.0 1319.5 1388.0
1251.0 1319.5 1388.0
1251.0 1319.5 1388.0
1251.0 1319.5 1388.0
1251.0 1319.5 1388.0
1251.0 1319.5 1388.0
1251.0 1319.5 1388.0
1251.0 1319.5 1388.0
1251.0 1319.5 1388.0
1251.0 1319.5 1388.0
1251.0 1319.5 1388.0
1251.0 1319.5 1388.0
1251.0 1319.5 1388.0
1251.0 1319.5 1388.0
1251.0 1319.5 1388.0
1251.0 1319.5 1388.0
1251.0 1319.5 1388.0
1251.0 1319.5 1388.0
1251.0 1319.5 1388.0
1251.0 1319.5 1388.0
1251.0 1319.5 1388.0
1251.0 1319.5 1388.0
1251.0 1319.5 1388.0
1251.0 1319.5 1388.0
1251.0 1319.5 1388.0
1251.0 1319.5 1388.0
1251.0 1305.0 1359.0
1251.0 1305.0 1359.0
1043.0 1147.0 1251.0
1043.0 1147.0 1251.0
1043.0 1147.0 1251.0
1043.0 1147.0 1251.0
1043.0 1147.0 1251.0
1043.0 1147.0 1251.0
1043.0 1147.0 1251.0
1043.0 1147.0 1251.0
1043.0 1147.0 1251.0
1043.0 1147.0 1251.0
1043.0 1147.0 1251.0
1043.0 1147.0 1251.0
1043.0 1147.0 1251.0
1043.0 1147.0 1251.0
1043.0 1147.0 1251.0
1043.0 1147.0 1251.0
1043.0 1147.0 1251.0
1043.0 1147.0 1251.0
1043.0 1147.0 1251.0
1043.0 1147.0 1251.0
1043.0 1147.0 1251.0
1043.0 1147.0 1251.0
1043.0 1147.0 1251.0
1043.0 1147.0 1251.0
1043.0 1054.0 1065.0
1043.0 1054.0 1065.0
1043.0 1054.0 1065.0
1043.0 1054.0 1065.0
1043.0 1054.0 1065.0
892.0 967.5 1043.0
892.0 967.5 1043.0
892.0 967.5 1043.0
798.0 920.5 1043.0
