13498.0 14184.5 14871.0
10226.0 11199.5 12173.0
8141.0 8893.5 9646.0
8739.0 9189.5 9640.0
6103.0 6401.0 6699.0
4414.0 5808.0 7202.0
4414.0 4438.0 4462.0
3512.0 3987.0 4462.0
3512.0 3769.0 4026.0
3048.0 3280.0 3512.0
3048.0 3165.0 3282.0
2291.0 2786.5 3282.0
2291.0 2848.0 3405.0
2291.0 2848.0 3405.0
2291.0 2848.0 3405.0
2291.0 2848.0 3405.0
2291.0 2848.0 3405.0
2291.0 2395.5 2500.0
2291.0 2582.5 2874.0
2291.0 2582.5 2874.0
2291.0 2582.5 2874.0
2291.0 2582.5 2874.0
2291.0 2582.5 2874.0
2291.0 2582.5 2874.0
2291.0 2582.5 2874.0
2291.0 2582.5 2874.0
2291.0 2582.5 2874.0
2291.0 2582.5 2874.0
2291.0 2582.5 2874.0
2291.0 2582.5 2874.0
2291.0 2373.0 2455.0
2291.0 2373.0 2455.0
2291.0 2373.0 2455.0
2291.0 2373.0 2455.0
2291.0 2373.0 2455.0
1514.0 1812.5 2111.0
1514.0 1888.5 2263.0
1514.0 1888.5 2263.0
1514.0 1888.5 2263.0
1514.0 1888.5 2263.0
1514.0 1888.5 2263.0
1514.0 1888.5 2263.0
1514.0 1888.5 2263.0
1514.0 1888.5 2263.0
1514.0 1888.5 2263.0
1514.0 1888.5 2263.0
1514.0 1749.0 1984.0
1514.0 1749.0 1984.0
1514.0 1749.0 1984.0
1514.0 1749.0 1984.0
1514.0 1749.0 1984.0
1514.0 1749.0 1984.0
1514.0 1749.0 1984.0
1514.0 1749.0 1984.0
1514.0 1749.0 1984.0
1514.0 1746.5 1979.0
1514.0 1746.5 1979.0
1514.0 1746.5 1979.0
1514.0 1630.0 1746.0
1514.0 1630.0 1746.0
1514.0 1630.0 1746.0
1514.0 1630.0 1746.0
1514.0 1630.0 1746.0
1514.0 1630.0 1746.0
1514.0 1630.0 1746.0
1514.0 1630.0 1746.0
1514.0 1630.0 1746.0
1514.0 1630.0 1746.0
1514.0 1630.0 1746.0
1514.0 1630.0 1746.0
1514.0 1630.0 1746.0
1514.0 1630.0 1746.0
1514.0 1630.0 1746.0
1514.0 1630.0 1746.0
1514.0 1630.0 1746.0
1514.0 1630.0 1746.0
1514.0 1630.0 1746.0
1514.0 1630.0 1746.0
1514.0 1630.0 1746.0
1514.0 1630.0 1746.0
1514.0 1630.0 1746.0
1514.0 1630.0 1746.0
1514.0 1630.0 1746.0
1514.0 1630.0 1746.0
1514.0 1630.0 1746.0
1514.0 1630.0 1746.0
1514.0 1630.0 1746.0
1514.0 1630.0 1746.0
1514.0 1630.0 1746.0
1514.0 1630.0 1746.0
1514.0 1630.0 1746.0
1514.0 1630.0 1746.0
1514.0 1630.0 1746.0
1514.0 1630.0 1746.0
1514.0 1630.0 1746.0
1514.0 1630.0 1746.0
1514.0 1630.0 1746.0
1514.0 1630.0 1746.0
1514.0 1630.0 1746.0
1514.0 1630.0 1746.0
1514.0 1630.0 1746.0
1514.0 1630.0 1746.0
1514.0 1630.0 1746.0
1514.0 1630.0 1746.0
1514.0 1630.0 1746.0
1514.0 1630.0 1746.0
1514.0 1630.0 1746.0
1514.0 1630.0 1746.0
1514.0 1630.0 1746.0
1514.0 1630.0 1746.0
1514.0 1630.0 1746.0
1514.0 1630.0 1746.0
1514.0 1630.0 1746.0
1514.0 1630.0 1746.0
1514.0 1630.0 1746.0
1514.0 1630.0 1746.0
1514.0 1630.0 1746.0
1514.0 1630.0 1746.0
1514.0 1630.0 1746.0
1514.0 1630.0 1746.0
1514.0 1630.0 1746.0
1514.0 1630.0 1746.0
1514.0 1630.0 1746.0
1514.0 1630.0 1746.0
1514.0 1630.0 1746.0
1514.0 1630.0 1746.0
1514.0 1630.0 1746.0
1514.0 1630.0 1746.0
1514.0 1630.0 1746.0
1514.0 1630.0 1746.0
1514.0 1630.0 1746.0
1514.0 1630.0 1746.0
1514.0 1630.0 1746.0
1514.0 1630.0 1746.0
1514.0 1630.0 1746.0
1514.0 1630.0 1746.0
1514.0 1630.0 1746.0
1514.0 1630.0 1746.0
1514.0 1630.0 1746.0
1514.0 1630.0 1746.0
1514.0 1630.0 1746.0
1514.0 1630.0 1746.0
1514.0 1630.0 1746.0
1514.0 1630.0 1746.0
1514.0 1630.0 1746.0
1514.0 1630.0 1746.0
1514.0 1630.0 1746.0
1514.0 1630.0 1746.0
1514.0 1630.0 1746.0
1514.0 1630.0 1746.0
1514.0 1630.0 1746.0
1514.0 1630.0 1746.0
1514.0 1630.0 1746.0
1514.0 1630.0 1746.0
1514.0 1630.0 1746.0
1514.0 1630.0 1746.0
1514.0 1630.0 1746.0
1514.0 1630.0 1746.0
1514.0 1630.0 1746.0
1514.0 1630.0 1746.0
1514.0 1630.0 1746.0
1514.0 1630.0 1746.0
1514.0 1630.0 1746.0
1514.0 1630.0 1746.0
1514.0 1630.0 1746.0
1514.0 1630.0 1746.0
1514.0 1630.0 1746.0
1514.0 1630.0 1746.0
1514.0 1630.0 1746.0
1514.0 1630.0 1746.0
1514.0 1630.0 1746.0
1514.0 1630.0 1746.0
1514.0 1630.0 1746.0
1514.0 1630.0 1746.0
1514.0 1630.0 1746.0
1514.0 1630.0 1746.0
1514.0 1630.0 1746.0
1514.0 1630.0 1746.0
1514.0 1630.0 1746.0
1514.0 1630.0 1746.0
1514.0 1630.0 1746.0
1514.0 1630.0 1746.0
1514.0 1630.0 1746.0
1514.0 1630.0 1746.0
1514.0 1630.0 1746.0
1514.0 1630.0 1746.0
1514.0 1630.0 1746.0
1514.0 1630.0 1746.0
1514.0 1630.0 1746.0
1514.0 1630.0 1746.0
1514.0 1630.0 1746.0
1514.0 1630.0 1746.0
1514.0 1630.0 1746.0
1514.0 1630.0 1746.0
1514.0 1630.0 1746.0
1514.0 1630.0 1746.0
1514.0 1630.0 1746.0
1514.0 1630.0 1746.0
1514.0 1630.0 1746.0
1514.0 1630.0 1746.0
