11568.0 14296.5 17025.0
10586.0 12004.5 13423.0
8823.0 10697.0 12571.0
8192.0 8360.5 8529.0
5321.0 6322.5 7324.0
4021.0 4671.0 5321.0
4021.0 4283.5 4546.0
4201.0 4373.5 4546.0
3430.0 3988.0 4546.0
3430.0 3656.5 3883.0
2930.0 3168.5 3407.0
2930.0 3168.5 3407.0
2930.0 3168.5 3407.0
2930.0 3168.5 3407.0
2930.0 3168.5 3407.0
2930.0 3034.5 3139.0
2545.0 2842.0 3139.0
2295.0 2717.0 3139.0
2295.0 2717.0 3139.0
2295.0 2717.0 3139.0
2295.0 2717.0 3139.0
2295.0 2717.0 3139.0
2295.0 2442.0 2589.0
2295.0 2442.0 2589.0
2295.0 2442.0 2589.0
2295.0 2442.0 2589.0
2295.0 2519.5 2744.0
1606.0 1950.5 2295.0
1606.0 1950.5 2295.0
1606.0 1950.5 2295.0
1606.0 1950.5 2295.0
1606.0 1950.5 2295.0
1606.0 1950.5 2295.0
1606.0 1950.5 2295.0
1606.0 1950.5 2295.0
1606.0 1950.5 2295.0
1606.0 1950.5 2295.0
1606.0 1950.5 2295.0
1606.0 1950.5 2295.0
1606.0 1950.5 2295.0
1606.0 1874.5 2143.0
1606.0 1874.5 2143.0
1606.0 1874.5 2143.0
1606.0 1874.5 2143.0
1606.0 1874.5 2143.0
1606.0 1874.5 2143.0
1606.0 1874.5 2143.0
1606.0 1874.5 2143.0
1606.0 1874.5 2143.0
1606.0 1874.5 2143.0
1606.0 1874.5 2143.0
1606.0 1874.5 2143.0
1606.0 1874.5 2143.0
1606.0 1874.5 2143.0
1606.0 1874.5 2143.0
1606.0 1874.5 2143.0
1606.0 1874.5 2143.0
1606.0 1874.5 2143.0
1606.0 1874.5 2143.0
1606.0 1874.5 2143.0
1606.0 1874.5 2143.0
1606.0 1874.5 2143.0
1606.0 1874.5 2143.0
1606.0 1874.5 2143.0
1606.0 1874.5 2143.0
1606.0 1874.5 2143.0
1606.0 1874.5 2143.0
1606.0 1874.5 2143.0
1606.0 1874.5 2143.0
1606.0 1874.5 2143.0
1606.0 1874.5 2143.0
1606.0 1874.5 2143.0
1606.0 1874.5 2143.0
1606.0 1874.5 2143.0
1606.0 1874.5 2143.0
1606.0 1874.5 2143.0
1606.0 1874.5 2143.0
1606.0 1874.5 2143.0
1606.0 1874.5 2143.0
1606.0 1874.5 2143.0
1606.0 1874.5 2143.0
1606.0 1874.5 2143.0
1606.0 1874.5 2143.0
1606.0 1874.5 2143.0
1606.0 1874.5 2143.0
1606.0 1874.5 2143.0
1606.0 1874.5 2143.0
1606.0 1874.5 2143.0
1606.0 1874.5 2143.0
1606.0 1874.5 2143.0
1606.0 1874.5 2143.0
1606.0 1874.5 2143.0
1606.0 1874.5 2143.0
1606.0 1874.5 2143.0
1606.0 1874.5 2143.0
1606.0 1874.5 2143.0
1606.0 1874.5 2143.0
1606.0 1874.5 2143.0
1606.0 1874.5 2143.0
1606.0 1874.5 2143.0
1606.0 1874.5 2143.0
1606.0 1874.5 2143.0
1606.0 1874.5 2143.0
1606.0 1874.5 2143.0
1606.0 1874.5 2143.0
1606.0 1874.5 2143.0
1606.0 1874.5 2143.0
1606.0 1874.5 2143.0
1606.0 1874.5 2143.0
1606.0 1874.5 2143.0
1606.0 1874.5 2143.0
1606.0 1874.5 2143.0
1606.0 1874.5 2143.0
1606.0 1874.5 2143.0
1606.0 1874.5 2143.0
1606.0 1874.5 2143.0
1541.0 1573.5 1606.0
1541.0 1573.5 1606.0
1541.0 1573.5 1606.0
1541.0 1573.5 1606.0
1541.0 1573.5 1606.0
1541.0 1573.5 1606.0
1541.0 1573.5 1606.0
1541.0 1573.5 1606.0
1541.0 1573.5 1606.0
1541.0 1573.5 1606.0
1541.0 1573.5 1606.0
1541.0 1573.5 1606.0
1541.0 1573.5 1606.0
1541.0 1573.5 1606.0
1541.0 1573.5 1606.0
1541.0 1573.5 1606.0
1541.0 1573.5 1606.0
1541.0 1573.5 1606.0
1541.0 1573.5 1606.0
1541.0 1573.5 1606.0
1541.0 1573.5 1606.0
1541.0 1573.5 1606.0
1541.0 1573.5 1606.0
1541.0 1573.5 1606.0
1541.0 1573.5 1606.0
1541.0 1573.5 1606.0
1541.0 1573.5 1606.0
1541.0 1573.5 1606.0
1541.0 1573.5 1606.0
1541.0 1573.5 1606.0
1541.0 1573.5 1606.0
1541.0 1573.5 1606.0
1541.0 1573.5 1606.0
1541.0 1573.5 1606.0
1541.0 1573.5 1606.0
1541.0 1573.5 1606.0
1541.0 1573.5 1606.0
1541.0 1573.5 1606.0
1541.0 1573.5 1606.0
1505.0 1555.5 1606.0
1505.0 1555.5 1606.0
1505.0 1555.5 1606.0
1505.0 1555.5 1606.0
1505.0 1555.5 1606.0
1505.0 1555.5 1606.0
1505.0 1555.5 1606.0
1505.0 1555.5 1606.0
1505.0 1555.5 1606.0
1505.0 1555.5 1606.0
1505.0 1555.5 1606.0
1505.0 1555.5 1606.0
1505.0 1555.5 1606.0
1505.0 1555.5 1606.0
1505.0 1555.5 1606.0
1505.0 1555.5 1606.0
1505.0 1555.5 1606.0
1505.0 1555.5 1606.0
1505.0 1555.5 1606.0
1505.0 1555.5 1606.0
1505.0 1555.5 1606.0
1505.0 1555.5 1606.0
1505.0 1555.5 1606.0
1505.0 1555.5 1606.0
1505.0 1555.5 1606.0
1505.0 1555.5 1606.0
1505.0 1555.5 1606.0
1505.0 1555.5 1606.0
1505.0 1555.5 1606.0
1505.0 1555.5 1606.0
1505.0 1555.5 1606.0
1505.0 1555.5 1606.0
1505.0 1555.5 1606.0
1505.0 1555.5 1606.0
1505.0 1555.5 1606.0
1505.0 1555.5 1606.0
1505.0 1555.5 1606.0
1505.0 1555.5 1606.0
1505.0 1555.5 1606.0
1505.0 1555.5 1606.0
1505.0 1555.5 1606.0
1505.0 1555.5 1606.0
1505.0 1555.5 1606.0
1505.0 1555.5 1606.0
1505.0 1555.5 1606.0
