13113.0 13576.5 14040.0
11154.0 11326.0 11498.0
9291.0 10907.0 12523.0
7141.0 8148.0 9155.0
6365.0 6819.5 7274.0
5187.0 5872.0 6557.0
2957.0 4100.5 5244.0
3075.0 3829.5 4584.0
2455.0 2894.5 3334.0
1902.0 2695.5 3489.0
1902.0 2304.0 2706.0
1902.0 2269.5 2637.0
1902.0 2239.0 2576.0
1902.0 2239.0 2576.0
1902.0 2239.0 2576.0
1902.0 2239.0 2576.0
1902.0 2239.0 2576.0
1902.0 2239.0 2576.0
1902.0 2239.0 2576.0
1902.0 2239.0 2576.0
1902.0 2221.5 2541.0
1601.0 1653.5 1706.0
1601.0 1653.5 1706.0
1363.0 1534.5 1706.0
1363.0 1534.5 1706.0
1363.0 1534.5 1706.0
1363.0 1534.5 1706.0
1363.0 1534.5 1706.0
1363.0 1534.5 1706.0
1363.0 1534.5 1706.0
1363.0 1534.5 1706.0
1363.0 1534.5 1706.0
1363.0 1534.5 1706.0
1363.0 1534.5 1706.0
1363.0 1534.5 1706.0
1363.0 1534.5 1706.0
1363.0 1534.5 1706.0
1363.0 1534.5 1706.0
1363.0 1534.5 1706.0
1363.0 1534.5 1706.0
1363.0 1534.5 1706.0
1363.0 1534.5 1706.0
1363.0 1534.5 1706.0
1363.0 1534.5 1706.0
1363.0 1534.5 1706.0
1024.0 1365.0 1706.0
1024.0 1365.0 1706.0
1024.0 1365.0 1706.0
1024.0 1365.0 1706.0
1024.0 1365.0 1706.0
1024.0 1365.0 1706.0
1024.0 1365.0 1706.0
1024.0 1365.0 1706.0
1024.0 1365.0 1706.0
1024.0 1365.0 1706.0
1024.0 1365.0 1706.0
1024.0 1365.0 1706.0
1024.0 1365.0 1706.0
1024.0 1365.0 1706.0
1024.0 1365.0 1706.0
1024.0 1365.0 1706.0
1024.0 1365.0 1706.0
1024.0 1365.0 1706.0
1024.0 1365.0 1706.0
1024.0 1365.0 1706.0
1024.0 1365.0 1706.0
1024.0 1365.0 1706.0
1024.0 1365.0 1706.0
1024.0 1365.0 1706.0
1024.0 1259.0 1494.0
1024.0 1259.0 1494.0
1024.0 1259.0 1494.0
1024.0 1259.0 1494.0
1024.0 1259.0 1494.0
1024.0 1259.0 1494.0
1024.0 1259.0 1494.0
1024.0 1259.0 1494.0
1024.0 1259.0 1494.0
1024.0 1259.0 1494.0
1024.0 1259.0 1494.0
1024.0 1196.5 1369.0
1024.0 1196.5 1369.0
1024.0 1196.5 1369.0
1024.0 1196.5 1369.0
1024.0 1196.5 1369.0
1024.0 1196.5 1369.0
1024.0 1196.5 1369.0
1024.0 1196.5 1369.0
1024.0 1196.5 1369.0
1024.0 1196.5 1369.0
1024.0 1196.5 1369.0
1024.0 1196.5 1369.0
1024.0 1196.5 1369.0
1024.0 1196.5 1369.0
1024.0 1196.5 1369.0
1024.0 1196.5 1369.0
1024.0 1196.5 1369.0
1024.0 1196.5 1369.0
1024.0 1196.5 1369.0
1024.0 1196.5 1369.0
1024.0 1196.5 1369.0
1024.0 1196.5 1369.0
1024.0 1196.5 1369.0
1024.0 1196.5 1369.0
1024.0 1196.5 1369.0
1024.0 1196.5 1369.0
1024.0 1196.5 1369.0
1024.0 1196.5 1369.0
1024.0 1196.5 1369.0
1024.0 1196.5 1369.0
1024.0 1196.5 1369.0
1024.0 1196.5 1369.0
1024.0 1196.5 1369.0
1024.0 1196.5 1369.0
1024.0 1196.5 1369.0
1024.0 1196.5 1369.0
1024.0 1196.5 1369.0
1024.0 1196.5 1369.0
1024.0 1196.5 1369.0
1024.0 1196.5 1369.0
1024.0 1196.5 1369.0
1024.0 1196.5 1369.0
1024.0 1196.5 1369.0
1024.0 1196.5 1369.0
1024.0 1196.5 1369.0
1024.0 1196.5 1369.0
1024.0 1196.5 1369.0
1024.0 1196.5 1369.0
1024.0 1196.5 1369.0
1024.0 1196.5 1369.0
1024.0 1196.5 1369.0
1024.0 1196.5 1369.0
1024.0 1196.5 1369.0
1024.0 1196.5 1369.0
1024.0 1196.5 1369.0
1024.0 1196.5 1369.0
1024.0 1196.5 1369.0
1024.0 1196.5 1369.0
1024.0 1196.5 1369.0
1024.0 1196.5 1369.0
1024.0 1196.5 1369.0
1024.0 1196.5 1369.0
1024.0 1196.5 1369.0
1024.0 1196.5 1369.0
1024.0 1196.5 1369.0
1024.0 1196.5 1369.0
1024.0 1196.5 1369.0
1024.0 1196.5 1369.0
1024.0 1196.5 1369.0
1024.0 1196.5 1369.0
1024.0 1196.5 1369.0
1024.0 1196.5 1369.0
1024.0 1196.5 1369.0
1024.0 1196.5 1369.0
1024.0 1196.5 1369.0
1024.0 1196.5 1369.0
1024.0 1196.5 1369.0
1024.0 1196.5 1369.0
1024.0 1196.5 1369.0
1024.0 1196.5 1369.0
1024.0 1196.5 1369.0
1024.0 1196.5 1369.0
1024.0 1196.5 1369.0
1024.0 1196.5 1369.0
1024.0 1196.5 1369.0
1024.0 1196.5 1369.0
1024.0 1196.5 1369.0
1024.0 1196.5 1369.0
1024.0 1196.5 1369.0
1024.0 1196.5 1369.0
1024.0 1196.5 1369.0
1024.0 1196.5 1369.0
1024.0 1196.5 1369.0
1024.0 1196.5 1369.0
1024.0 1196.5 1369.0
1024.0 1196.5 1369.0
1024.0 1196.5 1369.0
1024.0 1196.5 1369.0
1024.0 1196.5 1369.0
1024.0 1196.5 1369.0
1024.0 1196.5 1369.0
1024.0 1196.5 1369.0
1024.0 1196.5 1369.0
1024.0 1196.5 1369.0
1024.0 1196.5 1369.0
1024.0 1196.5 1369.0
1024.0 1196.5 1369.0
1024.0 1196.5 1369.0
1024.0 1196.5 1369.0
1024.0 1196.5 1369.0
1024.0 1196.5 1369.0
1024.0 1196.5 1369.0
1024.0 1261.5 1499.0
1024.0 1261.5 1499.0
1024.0 1044.5 1065.0
1024.0 1044.5 1065.0
1024.0 1044.5 1065.0
1024.0 1044.5 1065.0
1024.0 1044.5 1065.0
1024.0 1044.5 1065.0
