13387.0 14675.0 15963.0
9381.0 12125.5 14870.0
7628.0 9362.0 11096.0
5424.0 6930.0 8436.0
4551.0 5399.0 6247.0
4833.0 5011.5 5190.0
3873.0 4101.0 4329.0
2248.0 2900.5 3553.0
2248.0 3093.5 3939.0
2246.0 2786.5 3327.0
2246.0 2382.5 2519.0
1774.0 2259.0 2744.0
1774.0 2172.0 2570.0
1774.0 1931.0 2088.0
1774.0 1931.0 2088.0
1774.0 1931.0 2088.0
2088.0 2345.5 2603.0
1764.0 1926.0 2088.0
1764.0 1926.0 2088.0
1543.0 1815.5 2088.0
1543.0 1815.5 2088.0
1543.0 1815.5 2088.0
1543.0 1815.5 2088.0
1543.0 1815.5 2088.0
1543.0 1815.5 2088.0
1543.0 1815.5 2088.0
1543.0 1815.5 2088.0
1543.0 1815.5 2088.0
1543.0 1815.5 2088.0
1543.0 1815.5 2088.0
1543.0 1815.5 2088.0
1543.0 1815.5 2088.0
1543.0 1815.5 2088.0
1543.0 1815.5 2088.0
1543.0 1815.5 2088.0
1543.0 1815.5 2088.0
1543.0 1815.5 2088.0
1543.0 1815.5 2088.0
1543.0 1815.5 2088.0
1543.0 1815.5 2088.0
1543.0 1815.5 2088.0
1543.0 1815.5 2088.0
1543.0 1815.5 2088.0
1543.0 1815.5 2088.0
1543.0 1815.5 2088.0
1543.0 1815.5 2088.0
1543.0 1815.5 2088.0
1543.0 1815.5 2088.0
1543.0 1815.5 2088.0
1543.0 1928.0 2313.0
1444.0 1493.5 1543.0
1444.0 1493.5 1543.0
1183.0 1363.0 1543.0
965.0 1254.0 1543.0
965.0 1254.0 1543.0
965.0 1254.0 1543.0
965.0 1254.0 1543.0
965.0 1254.0 1543.0
965.0 1254.0 1543.0
965.0 1254.0 1543.0
965.0 1254.0 1543.0
965.0 1254.0 1543.0
965.0 1254.0 1543.0
965.0 1254.0 1543.0
965.0 1254.0 1543.0
965.0 1254.0 1543.0
965.0 1254.0 1543.0
965.0 1254.0 1543.0
965.0 1254.0 1543.0
965.0 1254.0 1543.0
965.0 1254.0 1543.0
965.0 1254.0 1543.0
965.0 1254.0 1543.0
965.0 1254.0 1543.0
965.0 1254.0 1543.0
965.0 1254.0 1543.0
965.0 1254.0 1543.0
965.0 1254.0 1543.0
965.0 1254.0 1543.0
965.0 1254.0 1543.0
965.0 1254.0 1543.0
965.0 1254.0 1543.0
965.0 1254.0 1543.0
965.0 1254.0 1543.0
965.0 1254.0 1543.0
965.0 1254.0 1543.0
965.0 1254.0 1543.0
965.0 1254.0 1543.0
965.0 1254.0 1543.0
965.0 1254.0 1543.0
965.0 1254.0 1543.0
965.0 1254.0 1543.0
965.0 1254.0 1543.0
965.0 1254.0 1543.0
965.0 1254.0 1543.0
965.0 1254.0 1543.0
965.0 1254.0 1543.0
965.0 1254.0 1543.0
965.0 1254.0 1543.0
965.0 1254.0 1543.0
965.0 1254.0 1543.0
965.0 1254.0 1543.0
965.0 1254.0 1543.0
965.0 1254.0 1543.0
965.0 1254.0 1543.0
965.0 1254.0 1543.0
965.0 1254.0 1543.0
965.0 1254.0 1543.0
965.0 1254.0 1543.0
965.0 1254.0 1543.0
965.0 1254.0 1543.0
965.0 1254.0 1543.0
965.0 1254.0 1543.0
965.0 1254.0 1543.0
965.0 1254.0 1543.0
965.0 1254.0 1543.0
965.0 1254.0 1543.0
965.0 1254.0 1543.0
965.0 1254.0 1543.0
965.0 1254.0 1543.0
965.0 1254.0 1543.0
965.0 1254.0 1543.0
965.0 1254.0 1543.0
965.0 1254.0 1543.0
965.0 1254.0 1543.0
965.0 1254.0 1543.0
965.0 1254.0 1543.0
965.0 1254.0 1543.0
965.0 1254.0 1543.0
965.0 1254.0 1543.0
965.0 1254.0 1543.0
965.0 1254.0 1543.0
965.0 1254.0 1543.0
965.0 1254.0 1543.0
965.0 1254.0 1543.0
965.0 1254.0 1543.0
965.0 1254.0 1543.0
965.0 1254.0 1543.0
965.0 1254.0 1543.0
965.0 1254.0 1543.0
965.0 1254.0 1543.0
965.0 1254.0 1543.0
965.0 1254.0 1543.0
965.0 1254.0 1543.0
965.0 1254.0 1543.0
965.0 1254.0 1543.0
965.0 1254.0 1543.0
965.0 1254.0 1543.0
965.0 1254.0 1543.0
965.0 1254.0 1543.0
965.0 1254.0 1543.0
965.0 1254.0 1543.0
965.0 1254.0 1543.0
965.0 1254.0 1543.0
965.0 1254.0 1543.0
965.0 1254.0 1543.0
965.0 1254.0 1543.0
965.0 1254.0 1543.0
965.0 1254.0 1543.0
965.0 1254.0 1543.0
965.0 1254.0 1543.0
965.0 1254.0 1543.0
965.0 1254.0 1543.0
965.0 1254.0 1543.0
965.0 1254.0 1543.0
965.0 1254.0 1543.0
965.0 1254.0 1543.0
965.0 1254.0 1543.0
965.0 1254.0 1543.0
965.0 1254.0 1543.0
965.0 1254.0 1543.0
965.0 1254.0 1543.0
965.0 1254.0 1543.0
965.0 1254.0 1543.0
965.0 1254.0 1543.0
965.0 1254.0 1543.0
965.0 1254.0 1543.0
965.0 1254.0 1543.0
965.0 1254.0 1543.0
965.0 1254.0 1543.0
965.0 1254.0 1543.0
965.0 1254.0 1543.0
965.0 1254.0 1543.0
965.0 1254.0 1543.0
965.0 1254.0 1543.0
965.0 1254.0 1543.0
965.0 1254.0 1543.0
965.0 1254.0 1543.0
965.0 1254.0 1543.0
965.0 1254.0 1543.0
965.0 1254.0 1543.0
965.0 1254.0 1543.0
965.0 1254.0 1543.0
965.0 1254.0 1543.0
965.0 1254.0 1543.0
965.0 1254.0 1543.0
965.0 1254.0 1543.0
965.0 1254.0 1543.0
965.0 1254.0 1543.0
965.0 1254.0 1543.0
