11009.0 11645.5 12282.0
10594.0 10639.5 10685.0
8784.0 9430.5 10077.0
7568.0 7607.5 7647.0
5747.0 5903.0 6059.0
4316.0 5352.0 6388.0
3827.0 4545.5 5264.0
3827.0 4381.5 4936.0
3827.0 4196.5 4566.0
3270.0 3715.5 4161.0
3002.0 3252.5 3503.0
3482.0 3492.5 3503.0
2126.0 2814.5 3503.0
2126.0 3144.0 4162.0
2168.0 3165.0 4162.0
1623.0 2892.5 4162.0
1623.0 2892.5 4162.0
1623.0 2892.5 4162.0
1623.0 2892.5 4162.0
1623.0 2892.5 4162.0
1623.0 2892.5 4162.0
1623.0 2892.5 4162.0
1623.0 2482.5 3342.0
1623.0 1899.0 2175.0
1623.0 1786.0 1949.0
1623.0 1786.0 1949.0
1623.0 1786.0 1949.0
1623.0 1786.0 1949.0
1623.0 1786.0 1949.0
1623.0 1786.0 1949.0
1623.0 1786.0 1949.0
1623.0 1786.0 1949.0
1623.0 1786.0 1949.0
1623.0 1786.0 1949.0
1623.0 1786.0 1949.0
1623.0 1786.0 1949.0
1623.0 1786.0 1949.0
1623.0 1786.0 1949.0
1623.0 1786.0 1949.0
1623.0 1786.0 1949.0
1623.0 1786.0 1949.0
1623.0 1786.0 1949.0
1623.0 1786.0 1949.0
1623.0 1786.0 1949.0
1623.0 1786.0 1949.0
1623.0 1786.0 1949.0
1623.0 1786.0 1949.0
1623.0 1786.0 1949.0
1623.0 1786.0 1949.0
1623.0 1786.0 1949.0
1623.0 1786.0 1949.0
1623.0 1786.0 1949.0
1623.0 1786.0 1949.0
1623.0 1786.0 1949.0
1623.0 1786.0 1949.0
1623.0 1786.0 1949.0
1623.0 1786.0 1949.0
1623.0 1786.0 1949.0
1623.0 1786.0 1949.0
1623.0 1786.0 1949.0
1623.0 1786.0 1949.0
1623.0 1786.0 1949.0
1623.0 1786.0 1949.0
1623.0 1786.0 1949.0
1623.0 1786.0 1949.0
1623.0 1786.0 1949.0
1623.0 1786.0 1949.0
1623.0 1786.0 1949.0
1623.0 1786.0 1949.0
1623.0 1786.0 1949.0
1623.0 1786.0 1949.0
1623.0 1786.0 1949.0
1623.0 1786.0 1949.0
1623.0 1786.0 1949.0
1623.0 1786.0 1949.0
1623.0 1786.0 1949.0
1623.0 1786.0 1949.0
1623.0 1786.0 1949.0
1623.0 1786.0 1949.0
1623.0 1786.0 1949.0
1623.0 1786.0 1949.0
1623.0 1786.0 1949.0
1623.0 1786.0 1949.0
1623.0 1786.0 1949.0
1623.0 1786.0 1949.0
1623.0 1786.0 1949.0
1623.0 1786.0 1949.0
1623.0 1786.0 1949.0
1623.0 1786.0 1949.0
1623.0 1786.0 1949.0
1623.0 1786.0 1949.0
1366.0 1494.5 1623.0
1366.0 1494.5 1623.0
1366.0 1494.5 1623.0
1366.0 1494.5 1623.0
1366.0 1494.5 1623.0
1366.0 1494.5 1623.0
1366.0 1494.5 1623.0
1366.0 1494.5 1623.0
1366.0 1494.5 1623.0
1366.0 1494.5 1623.0
1366.0 1494.5 1623.0
1366.0 1494.5 1623.0
1366.0 1494.5 1623.0
1366.0 1494.5 1623.0
1366.0 1494.5 1623.0
1366.0 1494.5 1623.0
1366.0 1494.5 1623.0
1366.0 1494.5 1623.0
1366.0 1494.5 1623.0
1366.0 1494.5 1623.0
1366.0 1494.5 1623.0
1366.0 1494.5 1623.0
1366.0 1494.5 1623.0
1366.0 1494.5 1623.0
1366.0 1494.5 1623.0
1366.0 1494.5 1623.0
1366.0 1494.5 1623.0
1366.0 1494.5 1623.0
1366.0 1494.5 1623.0
1366.0 1494.5 1623.0
1366.0 1494.5 1623.0
1366.0 1494.5 1623.0
1366.0 1494.5 1623.0
1366.0 1494.5 1623.0
1366.0 1494.5 1623.0
1366.0 1494.5 1623.0
1366.0 1494.5 1623.0
1366.0 1494.5 1623.0
1366.0 1494.5 1623.0
1366.0 1494.5 1623.0
1366.0 1494.5 1623.0
1366.0 1494.5 1623.0
1366.0 1494.5 1623.0
1366.0 1494.5 1623.0
1366.0 1494.5 1623.0
1366.0 1494.5 1623.0
1366.0 1494.5 1623.0
1366.0 1494.5 1623.0
1366.0 1494.5 1623.0
1366.0 1494.5 1623.0
1366.0 1494.5 1623.0
1366.0 1494.5 1623.0
1366.0 1494.5 1623.0
1366.0 1494.5 1623.0
1366.0 1494.5 1623.0
1366.0 1494.5 1623.0
1366.0 1494.5 1623.0
1366.0 1494.5 1623.0
1366.0 1494.5 1623.0
1366.0 1494.5 1623.0
1366.0 1494.5 1623.0
1366.0 1494.5 1623.0
1366.0 1494.5 1623.0
1366.0 1494.5 1623.0
1366.0 1494.5 1623.0
1366.0 1494.5 1623.0
1366.0 1494.5 1623.0
1366.0 1494.5 1623.0
1366.0 1494.5 1623.0
1366.0 1494.5 1623.0
1366.0 1494.5 1623.0
1366.0 1494.5 1623.0
1366.0 1494.5 1623.0
1366.0 1494.5 1623.0
1366.0 1494.5 1623.0
1366.0 1494.5 1623.0
1366.0 1494.5 1623.0
1366.0 1494.5 1623.0
1366.0 1494.5 1623.0
1366.0 1494.5 1623.0
1366.0 1494.5 1623.0
1366.0 1494.5 1623.0
1366.0 1494.5 1623.0
1366.0 1494.5 1623.0
1366.0 1494.5 1623.0
1366.0 1494.5 1623.0
1366.0 1494.5 1623.0
1366.0 1494.5 1623.0
1366.0 1494.5 1623.0
1366.0 1494.5 1623.0
1366.0 1494.5 1623.0
1366.0 1494.5 1623.0
1366.0 1494.5 1623.0
1366.0 1494.5 1623.0
1366.0 1494.5 1623.0
1366.0 1494.5 1623.0
1366.0 1494.5 1623.0
1366.0 1494.5 1623.0
1366.0 1494.5 1623.0
1366.0 1494.5 1623.0
1366.0 1494.5 1623.0
1541.0 1582.0 1623.0
1541.0 1582.0 1623.0
1541.0 1582.0 1623.0
1541.0 1582.0 1623.0
1541.0 1582.0 1623.0
1541.0 1582.0 1623.0
1541.0 1582.0 1623.0
1541.0 1582.0 1623.0
