9654.0 10756.5 11859.0
11446.0 11582.5 11719.0
6844.0 7797.5 8751.0
5136.0 6105.5 7075.0
4439.0 4459.0 4479.0
3370.0 3417.5 3465.0
2714.0 2950.5 3187.0
2211.0 2311.5 2412.0
2241.0 2252.5 2264.0
2264.0 2345.5 2427.0
2133.0 2180.5 2228.0
1539.0 1921.5 2304.0
1334.0 1363.0 1392.0
1334.0 1351.0 1368.0
1142.0 1255.0 1368.0
1036.0 1089.0 1142.0
1036.0 1089.0 1142.0
917.0 976.5 1036.0
917.0 976.5 1036.0
917.0 976.5 1036.0
917.0 976.5 1036.0
917.0 976.5 1036.0
917.0 976.5 1036.0
917.0 976.5 1036.0
917.0 976.5 1036.0
917.0 976.5 1036.0
917.0 976.5 1036.0
917.0 976.5 1036.0
917.0 976.5 1036.0
917.0 976.5 1036.0
917.0 976.5 1036.0
917.0 976.5 1036.0
917.0 976.5 1036.0
917.0 976.5 1036.0
917.0 976.5 1036.0
917.0 976.5 1036.0
917.0 976.5 1036.0
917.0 976.5 1036.0
917.0 976.5 1036.0
917.0 976.5 1036.0
917.0 976.5 1036.0
917.0 976.5 1036.0
917.0 976.5 1036.0
917.0 976.5 1036.0
917.0 976.5 1036.0
917.0 976.5 1036.0
917.0 976.5 1036.0
917.0 976.5 1036.0
917.0 976.5 1036.0
917.0 976.5 1036.0
917.0 976.5 1036.0
917.0 976.5 1036.0
917.0 976.5 1036.0
917.0 976.5 1036.0
917.0 976.5 1036.0
917.0 976.5 1036.0
917.0 976.5 1036.0
917.0 976.5 1036.0
917.0 976.5 1036.0
917.0 976.5 1036.0
917.0 976.5 1036.0
917.0 976.5 1036.0
917.0 976.5 1036.0
917.0 976.5 1036.0
917.0 976.5 1036.0
917.0 976.5 1036.0
917.0 976.5 1036.0
917.0 976.5 1036.0
917.0 976.5 1036.0
917.0 976.5 1036.0
917.0 976.5 1036.0
917.0 976.5 1036.0
917.0 976.5 1036.0
917.0 976.5 1036.0
917.0 976.5 1036.0
917.0 976.5 1036.0
917.0 976.5 1036.0
917.0 976.5 1036.0
917.0 976.5 1036.0
917.0 976.5 1036.0
917.0 976.5 1036.0
917.0 976.5 1036.0
917.0 976.5 1036.0
917.0 976.5 1036.0
917.0 976.5 1036.0
917.0 976.5 1036.0
917.0 976.5 1036.0
917.0 976.5 1036.0
917.0 976.5 1036.0
917.0 976.5 1036.0
917.0 976.5 1036.0
917.0 976.5 1036.0
917.0 976.5 1036.0
917.0 976.5 1036.0
917.0 976.5 1036.0
917.0 976.5 1036.0
917.0 976.5 1036.0
917.0 976.5 1036.0
917.0 976.5 1036.0
917.0 976.5 1036.0
917.0 976.5 1036.0
917.0 976.5 1036.0
917.0 976.5 1036.0
917.0 976.5 1036.0
917.0 976.5 1036.0
917.0 976.5 1036.0
917.0 976.5 1036.0
917.0 976.5 1036.0
917.0 976.5 1036.0
917.0 976.5 1036.0
917.0 976.5 1036.0
917.0 976.5 1036.0
917.0 976.5 1036.0
917.0 976.5 1036.0
917.0 976.5 1036.0
917.0 976.5 1036.0
917.0 976.5 1036.0
917.0 976.5 1036.0
917.0 976.5 1036.0
917.0 976.5 1036.0
917.0 976.5 1036.0
917.0 976.5 1036.0
917.0 976.5 1036.0
917.0 976.5 1036.0
917.0 976.5 1036.0
917.0 976.5 1036.0
917.0 976.5 1036.0
917.0 976.5 1036.0
917.0 976.5 1036.0
917.0 976.5 1036.0
917.0 976.5 1036.0
917.0 976.5 1036.0
917.0 976.5 1036.0
917.0 976.5 1036.0
917.0 976.5 1036.0
917.0 976.5 1036.0
917.0 976.5 1036.0
917.0 976.5 1036.0
917.0 976.5 1036.0
917.0 976.5 1036.0
917.0 976.5 1036.0
917.0 976.5 1036.0
917.0 976.5 1036.0
917.0 976.5 1036.0
917.0 976.5 1036.0
917.0 976.5 1036.0
917.0 976.5 1036.0
917.0 976.5 1036.0
917.0 976.5 1036.0
917.0 976.5 1036.0
917.0 976.5 1036.0
917.0 976.5 1036.0
917.0 976.5 1036.0
917.0 976.5 1036.0
917.0 976.5 1036.0
917.0 976.5 1036.0
917.0 1022.0 1127.0
917.0 1022.0 1127.0
917.0 1022.0 1127.0
917.0 1022.0 1127.0
917.0 1022.0 1127.0
917.0 1022.0 1127.0
917.0 1022.0 1127.0
917.0 1022.0 1127.0
917.0 1022.0 1127.0
917.0 1022.0 1127.0
917.0 1022.0 1127.0
917.0 1022.0 1127.0
917.0 1022.0 1127.0
917.0 1022.0 1127.0
917.0 1022.0 1127.0
917.0 1022.0 1127.0
917.0 1022.0 1127.0
917.0 1022.0 1127.0
917.0 1022.0 1127.0
917.0 1022.0 1127.0
917.0 1022.0 1127.0
917.0 1022.0 1127.0
917.0 1022.0 1127.0
917.0 1022.0 1127.0
917.0 1022.0 1127.0
917.0 1022.0 1127.0
917.0 1022.0 1127.0
917.0 1022.0 1127.0
917.0 1022.0 1127.0
917.0 1022.0 1127.0
917.0 1022.0 1127.0
917.0 1022.0 1127.0
917.0 1022.0 1127.0
917.0 1022.0 1127.0
917.0 1022.0 1127.0
917.0 1022.0 1127.0
917.0 1022.0 1127.0
917.0 1022.0 1127.0
917.0 1022.0 1127.0
917.0 1022.0 1127.0
917.0 1022.0 1127.0
917.0 1022.0 1127.0
917.0 1022.0 1127.0
917.0 1022.0 1127.0
