11754.0 12043.0 12332.0
7177.0 8600.0 10023.0
5812.0 6596.5 7381.0
5262.0 5733.0 6204.0
3791.0 3880.5 3970.0
3013.0 3491.5 3970.0
2298.0 2863.0 3428.0
2199.0 2697.0 3195.0
1896.0 2283.0 2670.0
1732.0 1819.5 1907.0
1275.0 1503.5 1732.0
1275.0 1577.0 1879.0
1275.0 1577.0 1879.0
1275.0 1359.0 1443.0
1275.0 1359.0 1443.0
1275.0 1359.0 1443.0
1275.0 1507.5 1740.0
1264.0 1269.5 1275.0
1021.0 1148.0 1275.0
1021.0 1148.0 1275.0
1021.0 1148.0 1275.0
1021.0 1148.0 1275.0
1021.0 1148.0 1275.0
1021.0 1148.0 1275.0
1021.0 1148.0 1275.0
1021.0 1148.0 1275.0
1021.0 1148.0 1275.0
1021.0 1148.0 1275.0
1021.0 1148.0 1275.0
1021.0 1236.5 1452.0
1021.0 1236.5 1452.0
1021.0 1076.0 1131.0
1021.0 1076.0 1131.0
1021.0 1076.0 1131.0
1021.0 1076.0 1131.0
1021.0 1076.0 1131.0
1021.0 1076.0 1131.0
1021.0 1076.0 1131.0
1021.0 1076.0 1131.0
1021.0 1076.0 1131.0
1021.0 1076.0 1131.0
1021.0 1076.0 1131.0
1021.0 1076.0 1131.0
1021.0 1076.0 1131.0
1021.0 1076.0 1131.0
1021.0 1076.0 1131.0
1021.0 1076.0 1131.0
1021.0 1076.0 1131.0
1021.0 1076.0 1131.0
1021.0 1076.0 1131.0
1021.0 1076.0 1131.0
1021.0 1076.0 1131.0
1021.0 1076.0 1131.0
1021.0 1076.0 1131.0
1021.0 1076.0 1131.0
1021.0 1076.0 1131.0
1021.0 1076.0 1131.0
1021.0 1076.0 1131.0
1021.0 1076.0 1131.0
1021.0 1076.0 1131.0
1021.0 1076.0 1131.0
1021.0 1076.0 1131.0
1021.0 1076.0 1131.0
1021.0 1076.0 1131.0
1021.0 1076.0 1131.0
1021.0 1076.0 1131.0
1021.0 1076.0 1131.0
1021.0 1076.0 1131.0
1021.0 1076.0 1131.0
1021.0 1076.0 1131.0
1021.0 1076.0 1131.0
1021.0 1076.0 1131.0
1021.0 1076.0 1131.0
1021.0 1076.0 1131.0
1021.0 1076.0 1131.0
1021.0 1076.0 1131.0
1021.0 1076.0 1131.0
1021.0 1076.0 1131.0
1021.0 1076.0 1131.0
1021.0 1076.0 1131.0
1021.0 1076.0 1131.0
1021.0 1076.0 1131.0
1021.0 1076.0 1131.0
1021.0 1076.0 1131.0
1021.0 1076.0 1131.0
1021.0 1076.0 1131.0
1021.0 1076.0 1131.0
1021.0 1076.0 1131.0
1021.0 1076.0 1131.0
1021.0 1076.0 1131.0
1021.0 1076.0 1131.0
1021.0 1076.0 1131.0
1021.0 1076.0 1131.0
1021.0 1076.0 1131.0
1021.0 1076.0 1131.0
1021.0 1076.0 1131.0
1021.0 1076.0 1131.0
1021.0 1076.0 1131.0
1021.0 1076.0 1131.0
1021.0 1076.0 1131.0
1021.0 1076.0 1131.0
1021.0 1076.0 1131.0
1021.0 1076.0 1131.0
1021.0 1076.0 1131.0
1021.0 1076.0 1131.0
1021.0 1076.0 1131.0
1021.0 1076.0 1131.0
1021.0 1076.0 1131.0
1021.0 1076.0 1131.0
1021.0 1076.0 1131.0
1021.0 1076.0 1131.0
1021.0 1076.0 1131.0
1021.0 1076.0 1131.0
1021.0 1076.0 1131.0
1021.0 1076.0 1131.0
1021.0 1076.0 1131.0
1021.0 1076.0 1131.0
1021.0 1076.0 1131.0
1021.0 1076.0 1131.0
1021.0 1076.0 1131.0
1021.0 1076.0 1131.0
1021.0 1076.0 1131.0
1021.0 1076.0 1131.0
1021.0 1076.0 1131.0
1021.0 1076.0 1131.0
1021.0 1076.0 1131.0
1021.0 1076.0 1131.0
1021.0 1076.0 1131.0
1021.0 1076.0 1131.0
1021.0 1076.0 1131.0
1021.0 1076.0 1131.0
1021.0 1076.0 1131.0
1021.0 1076.0 1131.0
1021.0 1076.0 1131.0
1021.0 1076.0 1131.0
1021.0 1076.0 1131.0
1021.0 1076.0 1131.0
1021.0 1076.0 1131.0
1021.0 1076.0 1131.0
1021.0 1076.0 1131.0
1021.0 1076.0 1131.0
1021.0 1076.0 1131.0
1021.0 1076.0 1131.0
1021.0 1076.0 1131.0
1021.0 1076.0 1131.0
1021.0 1076.0 1131.0
1021.0 1076.0 1131.0
1021.0 1076.0 1131.0
1021.0 1076.0 1131.0
1021.0 1076.0 1131.0
1021.0 1076.0 1131.0
1021.0 1076.0 1131.0
1021.0 1076.0 1131.0
1021.0 1076.0 1131.0
1021.0 1076.0 1131.0
1021.0 1076.0 1131.0
1021.0 1076.0 1131.0
1021.0 1076.0 1131.0
1021.0 1076.0 1131.0
1021.0 1076.0 1131.0
1021.0 1076.0 1131.0
1021.0 1076.0 1131.0
1021.0 1076.0 1131.0
1021.0 1076.0 1131.0
1021.0 1076.0 1131.0
1021.0 1076.0 1131.0
1021.0 1076.0 1131.0
1021.0 1076.0 1131.0
1021.0 1076.0 1131.0
1021.0 1076.0 1131.0
1021.0 1076.0 1131.0
1021.0 1076.0 1131.0
1021.0 1076.0 1131.0
1021.0 1076.0 1131.0
1021.0 1076.0 1131.0
1021.0 1076.0 1131.0
1021.0 1076.0 1131.0
1021.0 1076.0 1131.0
1021.0 1076.0 1131.0
1021.0 1076.0 1131.0
1021.0 1076.0 1131.0
1021.0 1076.0 1131.0
1021.0 1076.0 1131.0
1021.0 1076.0 1131.0
1021.0 1076.0 1131.0
1021.0 1076.0 1131.0
1131.0 1189.5 1248.0
1131.0 1189.5 1248.0
1131.0 1189.5 1248.0
1131.0 1189.5 1248.0
1131.0 1189.5 1248.0
1131.0 1189.5 1248.0
1131.0 1189.5 1248.0
1131.0 1189.5 1248.0
1131.0 1189.5 1248.0
1131.0 1189.5 1248.0
1131.0 1189.5 1248.0
1131.0 1189.5 1248.0
1131.0 1189.5 1248.0
1131.0 1189.5 1248.0
