14490.0 14610.5 14731.0
13381.0 13721.5 14062.0
10246.0 11387.5 12529.0
9823.0 10312.5 10802.0
6298.0 8551.0 10804.0
6298.0 6862.0 7426.0
6828.0 7110.0 7392.0
3999.0 5695.5 7392.0
3907.0 4426.5 4946.0
3999.0 4870.0 5741.0
3647.0 3823.0 3999.0
3138.0 3392.5 3647.0
1898.0 3019.5 4141.0
2038.0 2881.0 3724.0
2038.0 2881.0 3724.0
2038.0 2881.0 3724.0
2038.0 2511.0 2984.0
2038.0 2226.5 2415.0
2038.0 2226.5 2415.0
2038.0 2226.5 2415.0
2038.0 2226.5 2415.0
2038.0 2226.5 2415.0
2038.0 2226.5 2415.0
2038.0 2226.5 2415.0
2038.0 2249.5 2461.0
1835.0 1936.5 2038.0
1835.0 1936.5 2038.0
1835.0 1936.5 2038.0
1835.0 1936.5 2038.0
1667.0 1852.5 2038.0
1667.0 1852.5 2038.0
1667.0 1852.5 2038.0
1667.0 1852.5 2038.0
1667.0 1852.5 2038.0
1667.0 1852.5 2038.0
1667.0 1852.5 2038.0
1548.0 1793.0 2038.0
1548.0 1793.0 2038.0
1548.0 1793.0 2038.0
1548.0 1793.0 2038.0
1548.0 1793.0 2038.0
1548.0 1793.0 2038.0
1548.0 1793.0 2038.0
1548.0 1793.0 2038.0
1548.0 1793.0 2038.0
1548.0 1793.0 2038.0
1548.0 1793.0 2038.0
1548.0 1793.0 2038.0
1548.0 1793.0 2038.0
1548.0 1793.0 2038.0
1548.0 1793.0 2038.0
1548.0 1793.0 2038.0
1548.0 1793.0 2038.0
1548.0 1793.0 2038.0
1548.0 1617.0 1686.0
1453.0 1500.5 1548.0
1453.0 1500.5 1548.0
1453.0 1500.5 1548.0
1453.0 1500.5 1548.0
1453.0 1500.5 1548.0
1453.0 1500.5 1548.0
1453.0 1500.5 1548.0
1453.0 1500.5 1548.0
1453.0 1500.5 1548.0
1453.0 1500.5 1548.0
1453.0 1500.5 1548.0
1453.0 1500.5 1548.0
1453.0 1500.5 1548.0
1453.0 1500.5 1548.0
1453.0 1500.5 1548.0
1453.0 1500.5 1548.0
1453.0 1500.5 1548.0
1453.0 1500.5 1548.0
1453.0 1500.5 1548.0
1453.0 1500.5 1548.0
1453.0 1500.5 1548.0
1453.0 1500.5 1548.0
1453.0 1500.5 1548.0
1453.0 1500.5 1548.0
1453.0 1500.5 1548.0
1453.0 1500.5 1548.0
1453.0 1500.5 1548.0
1453.0 1500.5 1548.0
1453.0 1500.5 1548.0
1453.0 1500.5 1548.0
1453.0 1500.5 1548.0
1453.0 1500.5 1548.0
1453.0 1500.5 1548.0
1453.0 1500.5 1548.0
1453.0 1500.5 1548.0
1453.0 1500.5 1548.0
1453.0 1500.5 1548.0
1453.0 1500.5 1548.0
1453.0 1500.5 1548.0
1453.0 1500.5 1548.0
1453.0 1500.5 1548.0
1453.0 1500.5 1548.0
1453.0 1500.5 1548.0
1453.0 1500.5 1548.0
1453.0 1500.5 1548.0
1453.0 1500.5 1548.0
1453.0 1500.5 1548.0
1453.0 1500.5 1548.0
1453.0 1500.5 1548.0
1453.0 1500.5 1548.0
1453.0 1500.5 1548.0
1453.0 1500.5 1548.0
1453.0 1500.5 1548.0
1453.0 1500.5 1548.0
1453.0 1500.5 1548.0
1453.0 1500.5 1548.0
1453.0 1500.5 1548.0
1453.0 1500.5 1548.0
1453.0 1500.5 1548.0
1453.0 1500.5 1548.0
1453.0 1500.5 1548.0
1453.0 1500.5 1548.0
1453.0 1500.5 1548.0
1453.0 1500.5 1548.0
1453.0 1500.5 1548.0
1453.0 1500.5 1548.0
1453.0 1500.5 1548.0
1453.0 1500.5 1548.0
1453.0 1500.5 1548.0
1453.0 1500.5 1548.0
1453.0 1500.5 1548.0
1453.0 1500.5 1548.0
1453.0 1500.5 1548.0
1453.0 1500.5 1548.0
1453.0 1500.5 1548.0
1453.0 1500.5 1548.0
1453.0 1500.5 1548.0
1453.0 1500.5 1548.0
1453.0 1500.5 1548.0
1453.0 1500.5 1548.0
1453.0 1500.5 1548.0
1453.0 1500.5 1548.0
1453.0 1500.5 1548.0
1453.0 1500.5 1548.0
1453.0 1500.5 1548.0
1453.0 1500.5 1548.0
1453.0 1500.5 1548.0
1453.0 1500.5 1548.0
1453.0 1500.5 1548.0
1453.0 1500.5 1548.0
1453.0 1500.5 1548.0
1453.0 1500.5 1548.0
1453.0 1500.5 1548.0
1453.0 1500.5 1548.0
1453.0 1500.5 1548.0
1194.0 1371.0 1548.0
1194.0 1371.0 1548.0
1194.0 1371.0 1548.0
1194.0 1371.0 1548.0
1194.0 1371.0 1548.0
1194.0 1371.0 1548.0
1194.0 1371.0 1548.0
1194.0 1371.0 1548.0
1194.0 1371.0 1548.0
1194.0 1371.0 1548.0
1194.0 1371.0 1548.0
1194.0 1371.0 1548.0
1194.0 1371.0 1548.0
1194.0 1371.0 1548.0
1194.0 1371.0 1548.0
1194.0 1371.0 1548.0
1194.0 1371.0 1548.0
1194.0 1371.0 1548.0
1194.0 1371.0 1548.0
1194.0 1371.0 1548.0
1194.0 1371.0 1548.0
1194.0 1371.0 1548.0
1194.0 1371.0 1548.0
1194.0 1371.0 1548.0
1194.0 1371.0 1548.0
1194.0 1371.0 1548.0
1194.0 1371.0 1548.0
1194.0 1371.0 1548.0
1194.0 1371.0 1548.0
1194.0 1371.0 1548.0
1194.0 1371.0 1548.0
1194.0 1371.0 1548.0
1194.0 1371.0 1548.0
1194.0 1371.0 1548.0
1194.0 1371.0 1548.0
1194.0 1371.0 1548.0
1194.0 1371.0 1548.0
1194.0 1371.0 1548.0
1194.0 1371.0 1548.0
1194.0 1371.0 1548.0
1194.0 1371.0 1548.0
1194.0 1371.0 1548.0
1194.0 1371.0 1548.0
1194.0 1371.0 1548.0
1194.0 1371.0 1548.0
1194.0 1371.0 1548.0
1194.0 1371.0 1548.0
1194.0 1371.0 1548.0
1194.0 1371.0 1548.0
1194.0 1371.0 1548.0
