14418.0 15991.5 17565.0
12591.0 12688.0 12785.0
8024.0 10222.0 12420.0
6763.0 7117.0 7471.0
4378.0 5788.0 7198.0
4638.0 5042.5 5447.0
3440.0 3478.0 3516.0
3440.0 3478.0 3516.0
2861.0 3150.5 3440.0
2127.0 2494.0 2861.0
1955.0 2157.0 2359.0
1955.0 1967.0 1979.0
1955.0 1967.0 1979.0
1955.0 1967.0 1979.0
1955.0 1967.0 1979.0
1955.0 1967.0 1979.0
1955.0 1967.0 1979.0
1955.0 1967.0 1979.0
1955.0 1967.0 1979.0
1955.0 1967.0 1979.0
1955.0 1967.0 1979.0
1955.0 2210.0 2465.0
1955.0 2038.0 2121.0
1955.0 2038.0 2121.0
1955.0 2038.0 2121.0
1955.0 2038.0 2121.0
1955.0 2038.0 2121.0
1955.0 2038.0 2121.0
1955.0 2038.0 2121.0
1955.0 2038.0 2121.0
1955.0 2038.0 2121.0
1955.0 2038.0 2121.0
1955.0 2038.0 2121.0
1955.0 2038.0 2121.0
1955.0 2038.0 2121.0
1955.0 2038.0 2121.0
1955.0 2038.0 2121.0
1955.0 2038.0 2121.0
1955.0 2038.0 2121.0
1955.0 2038.0 2121.0
1955.0 2038.0 2121.0
1955.0 2038.0 2121.0
1955.0 2038.0 2121.0
1955.0 2038.0 2121.0
1955.0 2038.0 2121.0
1955.0 2038.0 2121.0
1955.0 2038.0 2121.0
1955.0 2038.0 2121.0
1955.0 2038.0 2121.0
1955.0 2038.0 2121.0
1955.0 2038.0 2121.0
1955.0 2038.0 2121.0
1955.0 2038.0 2121.0
1955.0 2038.0 2121.0
1955.0 2038.0 2121.0
1955.0 2038.0 2121.0
1955.0 2038.0 2121.0
1955.0 2038.0 2121.0
1955.0 2038.0 2121.0
1638.0 1796.5 1955.0
1638.0 1796.5 1955.0
1638.0 1796.5 1955.0
1638.0 1796.5 1955.0
1638.0 1796.5 1955.0
1293.0 1624.0 1955.0
1293.0 1624.0 1955.0
1293.0 1624.0 1955.0
1293.0 1624.0 1955.0
1293.0 1624.0 1955.0
1293.0 1624.0 1955.0
1293.0 1624.0 1955.0
1293.0 1624.0 1955.0
1293.0 1624.0 1955.0
1293.0 1624.0 1955.0
1293.0 1624.0 1955.0
1293.0 1624.0 1955.0
1293.0 1624.0 1955.0
1293.0 1624.0 1955.0
1293.0 1553.0 1813.0
1293.0 1428.0 1563.0
1293.0 1502.5 1712.0
1293.0 1373.5 1454.0
1293.0 1396.0 1499.0
1293.0 1396.0 1499.0
1293.0 1396.0 1499.0
1293.0 1396.0 1499.0
1293.0 1396.0 1499.0
1293.0 1396.0 1499.0
1293.0 1396.0 1499.0
1293.0 1396.0 1499.0
1293.0 1396.0 1499.0
1293.0 1396.0 1499.0
1293.0 1396.0 1499.0
1293.0 1396.0 1499.0
1293.0 1396.0 1499.0
1293.0 1396.0 1499.0
1293.0 1396.0 1499.0
1293.0 1396.0 1499.0
1293.0 1396.0 1499.0
1293.0 1396.0 1499.0
1293.0 1396.0 1499.0
1293.0 1396.0 1499.0
1293.0 1396.0 1499.0
1293.0 1396.0 1499.0
1293.0 1396.0 1499.0
1293.0 1396.0 1499.0
1293.0 1396.0 1499.0
1293.0 1396.0 1499.0
1293.0 1396.0 1499.0
1293.0 1396.0 1499.0
1293.0 1396.0 1499.0
1293.0 1396.0 1499.0
1293.0 1396.0 1499.0
1293.0 1396.0 1499.0
1293.0 1396.0 1499.0
1293.0 1396.0 1499.0
1293.0 1396.0 1499.0
1293.0 1396.0 1499.0
1293.0 1396.0 1499.0
1293.0 1396.0 1499.0
1293.0 1396.0 1499.0
1293.0 1396.0 1499.0
1293.0 1396.0 1499.0
1293.0 1396.0 1499.0
1293.0 1396.0 1499.0
1293.0 1396.0 1499.0
1293.0 1396.0 1499.0
1293.0 1396.0 1499.0
1293.0 1396.0 1499.0
1293.0 1396.0 1499.0
1293.0 1396.0 1499.0
1293.0 1396.0 1499.0
1293.0 1396.0 1499.0
1293.0 1396.0 1499.0
1293.0 1396.0 1499.0
1293.0 1396.0 1499.0
1293.0 1396.0 1499.0
1293.0 1396.0 1499.0
1293.0 1396.0 1499.0
1293.0 1396.0 1499.0
1293.0 1396.0 1499.0
1293.0 1396.0 1499.0
1293.0 1396.0 1499.0
1293.0 1396.0 1499.0
1293.0 1396.0 1499.0
1293.0 1396.0 1499.0
1293.0 1396.0 1499.0
1293.0 1396.0 1499.0
1293.0 1396.0 1499.0
1293.0 1396.0 1499.0
1293.0 1396.0 1499.0
1293.0 1396.0 1499.0
1293.0 1396.0 1499.0
1293.0 1396.0 1499.0
1293.0 1396.0 1499.0
1293.0 1396.0 1499.0
1293.0 1396.0 1499.0
1293.0 1396.0 1499.0
1293.0 1396.0 1499.0
1293.0 1396.0 1499.0
1293.0 1396.0 1499.0
1293.0 1396.0 1499.0
1293.0 1396.0 1499.0
1293.0 1396.0 1499.0
1293.0 1396.0 1499.0
1293.0 1396.0 1499.0
1293.0 1396.0 1499.0
1293.0 1396.0 1499.0
1293.0 1396.0 1499.0
1293.0 1396.0 1499.0
1293.0 1396.0 1499.0
1293.0 1396.0 1499.0
1293.0 1396.0 1499.0
1293.0 1396.0 1499.0
1293.0 1396.0 1499.0
1293.0 1396.0 1499.0
1293.0 1396.0 1499.0
1293.0 1396.0 1499.0
1293.0 1396.0 1499.0
1293.0 1396.0 1499.0
1293.0 1396.0 1499.0
1293.0 1396.0 1499.0
1293.0 1396.0 1499.0
1293.0 1396.0 1499.0
1293.0 1396.0 1499.0
1293.0 1396.0 1499.0
1293.0 1396.0 1499.0
1293.0 1396.0 1499.0
1293.0 1396.0 1499.0
1293.0 1396.0 1499.0
1293.0 1396.0 1499.0
1293.0 1396.0 1499.0
1293.0 1396.0 1499.0
1293.0 1396.0 1499.0
1293.0 1396.0 1499.0
1293.0 1396.0 1499.0
1293.0 1396.0 1499.0
1293.0 1396.0 1499.0
1297.0 1398.0 1499.0
1297.0 1398.0 1499.0
