10315.0 10522.0 10729.0
8272.0 8853.0 9434.0
5995.0 7292.0 8589.0
3927.0 5867.5 7808.0
3905.0 4923.5 5942.0
3251.0 3735.5 4220.0
3251.0 3564.0 3877.0
3166.0 3238.0 3310.0
2701.0 2842.5 2984.0
2294.0 2424.5 2555.0
1839.0 2197.0 2555.0
1839.0 2197.0 2555.0
1839.0 2197.0 2555.0
1839.0 2197.0 2555.0
1839.0 2197.0 2555.0
1839.0 2197.0 2555.0
1839.0 2191.5 2544.0
1815.0 1827.0 1839.0
1815.0 1827.0 1839.0
1815.0 1827.0 1839.0
1815.0 1827.0 1839.0
1815.0 1827.0 1839.0
1815.0 1827.0 1839.0
1815.0 1827.0 1839.0
1815.0 1827.0 1839.0
1815.0 1827.0 1839.0
1815.0 1827.0 1839.0
1815.0 1827.0 1839.0
1815.0 1827.0 1839.0
1815.0 1827.0 1839.0
1815.0 1827.0 1839.0
1815.0 1827.0 1839.0
1815.0 1827.0 1839.0
1815.0 1827.0 1839.0
1815.0 1827.0 1839.0
1815.0 1827.0 1839.0
1839.0 1841.5 1844.0
1839.0 1841.5 1844.0
1839.0 1841.5 1844.0
1839.0 1841.5 1844.0
1839.0 1841.5 1844.0
1839.0 1841.5 1844.0
1839.0 1841.5 1844.0
1839.0 1841.5 1844.0
1839.0 1841.5 1844.0
1839.0 1841.5 1844.0
1839.0 1841.5 1844.0
1839.0 1841.5 1844.0
1839.0 1841.5 1844.0
1839.0 1841.5 1844.0
1839.0 1841.5 1844.0
1839.0 1841.5 1844.0
1839.0 1841.5 1844.0
1839.0 1841.5 1844.0
1839.0 1841.5 1844.0
1839.0 1841.5 1844.0
1147.0 1495.5 1844.0
1147.0 1495.5 1844.0
1059.0 1451.5 1844.0
1059.0 1451.5 1844.0
1059.0 1451.5 1844.0
1059.0 1451.5 1844.0
1059.0 1451.5 1844.0
1059.0 1451.5 1844.0
1059.0 1451.5 1844.0
1059.0 1451.5 1844.0
1059.0 1451.5 1844.0
1059.0 1451.5 1844.0
1059.0 1451.5 1844.0
1059.0 1451.5 1844.0
1059.0 1451.5 1844.0
1059.0 1451.5 1844.0
1059.0 1451.5 1844.0
1059.0 1451.5 1844.0
1059.0 1451.5 1844.0
1059.0 1451.5 1844.0
1059.0 1451.5 1844.0
1059.0 1451.5 1844.0
1059.0 1451.5 1844.0
1059.0 1451.5 1844.0
1059.0 1451.5 1844.0
1059.0 1451.5 1844.0
1059.0 1451.5 1844.0
1059.0 1451.5 1844.0
1059.0 1451.5 1844.0
1059.0 1451.5 1844.0
1059.0 1451.5 1844.0
1059.0 1451.5 1844.0
1059.0 1451.5 1844.0
1059.0 1451.5 1844.0
1059.0 1451.5 1844.0
1059.0 1451.5 1844.0
1059.0 1451.5 1844.0
1059.0 1451.5 1844.0
1059.0 1451.5 1844.0
1059.0 1451.5 1844.0
1059.0 1451.5 1844.0
1059.0 1451.5 1844.0
1059.0 1451.5 1844.0
1059.0 1451.5 1844.0
1059.0 1451.5 1844.0
1059.0 1451.5 1844.0
1059.0 1451.5 1844.0
1059.0 1451.5 1844.0
1059.0 1451.5 1844.0
1059.0 1451.5 1844.0
1059.0 1451.5 1844.0
1059.0 1451.5 1844.0
1059.0 1451.5 1844.0
1059.0 1451.5 1844.0
1059.0 1451.5 1844.0
1059.0 1451.5 1844.0
1059.0 1451.5 1844.0
1059.0 1451.5 1844.0
1059.0 1451.5 1844.0
1059.0 1451.5 1844.0
1059.0 1451.5 1844.0
1059.0 1451.5 1844.0
1059.0 1451.5 1844.0
1059.0 1451.5 1844.0
1059.0 1451.5 1844.0
1059.0 1451.5 1844.0
1059.0 1451.5 1844.0
1059.0 1451.5 1844.0
1059.0 1451.5 1844.0
1059.0 1451.5 1844.0
1059.0 1451.5 1844.0
1059.0 1451.5 1844.0
1059.0 1451.5 1844.0
1059.0 1451.5 1844.0
1059.0 1451.5 1844.0
1059.0 1451.5 1844.0
1059.0 1451.5 1844.0
1059.0 1451.5 1844.0
1059.0 1451.5 1844.0
1059.0 1451.5 1844.0
1059.0 1451.5 1844.0
1059.0 1451.5 1844.0
1059.0 1451.5 1844.0
1059.0 1451.5 1844.0
1059.0 1451.5 1844.0
1059.0 1451.5 1844.0
1059.0 1451.5 1844.0
1059.0 1451.5 1844.0
1059.0 1451.5 1844.0
1059.0 1451.5 1844.0
1059.0 1451.5 1844.0
1059.0 1451.5 1844.0
1059.0 1451.5 1844.0
1059.0 1451.5 1844.0
1059.0 1451.5 1844.0
1059.0 1451.5 1844.0
1059.0 1451.5 1844.0
1059.0 1451.5 1844.0
1059.0 1451.5 1844.0
1059.0 1451.5 1844.0
1059.0 1451.5 1844.0
1059.0 1451.5 1844.0
1059.0 1451.5 1844.0
1059.0 1451.5 1844.0
1059.0 1451.5 1844.0
1059.0 1451.5 1844.0
1059.0 1451.5 1844.0
1059.0 1451.5 1844.0
1059.0 1451.5 1844.0
1059.0 1451.5 1844.0
1059.0 1451.5 1844.0
1059.0 1451.5 1844.0
1059.0 1451.5 1844.0
1059.0 1451.5 1844.0
1059.0 1451.5 1844.0
1059.0 1451.5 1844.0
1059.0 1451.5 1844.0
1059.0 1451.5 1844.0
1059.0 1451.5 1844.0
1059.0 1451.5 1844.0
1059.0 1451.5 1844.0
1059.0 1451.5 1844.0
1059.0 1451.5 1844.0
1059.0 1451.5 1844.0
1059.0 1451.5 1844.0
1059.0 1451.5 1844.0
1059.0 1451.5 1844.0
1059.0 1451.5 1844.0
1059.0 1451.5 1844.0
1059.0 1451.5 1844.0
1059.0 1451.5 1844.0
1059.0 1451.5 1844.0
1059.0 1451.5 1844.0
1059.0 1451.5 1844.0
1059.0 1451.5 1844.0
1059.0 1451.5 1844.0
1059.0 1451.5 1844.0
1059.0 1451.5 1844.0
1059.0 1451.5 1844.0
1059.0 1451.5 1844.0
1059.0 1451.5 1844.0
1059.0 1451.5 1844.0
1059.0 1451.5 1844.0
1059.0 1451.5 1844.0
