9623.0 10003.0 10383.0
8099.0 8458.0 8817.0
5544.0 6323.5 7103.0
3124.0 4429.5 5735.0
3124.0 3372.0 3620.0
2523.0 2630.5 2738.0
1930.0 2226.5 2523.0
1736.0 2129.5 2523.0
1560.0 2316.0 3072.0
1560.0 2316.0 3072.0
1560.0 1902.5 2245.0
1560.0 1832.5 2105.0
1560.0 1635.5 1711.0
1560.0 1791.0 2022.0
1099.0 1329.5 1560.0
1099.0 1329.5 1560.0
1069.0 1314.5 1560.0
1069.0 1314.5 1560.0
1069.0 1314.5 1560.0
1069.0 1182.5 1296.0
1069.0 1182.5 1296.0
1069.0 1143.5 1218.0
1069.0 1143.5 1218.0
869.0 969.0 1069.0
869.0 969.0 1069.0
869.0 969.0 1069.0
869.0 969.0 1069.0
869.0 969.0 1069.0
869.0 969.0 1069.0
869.0 969.0 1069.0
869.0 969.0 1069.0
869.0 969.0 1069.0
869.0 969.0 1069.0
869.0 969.0 1069.0
869.0 969.0 1069.0
869.0 969.0 1069.0
869.0 969.0 1069.0
869.0 969.0 1069.0
869.0 969.0 1069.0
869.0 969.0 1069.0
869.0 969.0 1069.0
869.0 969.0 1069.0
869.0 969.0 1069.0
869.0 969.0 1069.0
869.0 969.0 1069.0
869.0 969.0 1069.0
869.0 969.0 1069.0
869.0 969.0 1069.0
869.0 969.0 1069.0
869.0 969.0 1069.0
869.0 969.0 1069.0
869.0 969.0 1069.0
869.0 969.0 1069.0
869.0 969.0 1069.0
869.0 969.0 1069.0
869.0 969.0 1069.0
869.0 969.0 1069.0
869.0 969.0 1069.0
869.0 969.0 1069.0
869.0 969.0 1069.0
869.0 969.0 1069.0
869.0 969.0 1069.0
869.0 969.0 1069.0
869.0 969.0 1069.0
869.0 969.0 1069.0
869.0 969.0 1069.0
869.0 969.0 1069.0
869.0 969.0 1069.0
869.0 969.0 1069.0
869.0 969.0 1069.0
869.0 969.0 1069.0
869.0 969.0 1069.0
869.0 969.0 1069.0
869.0 969.0 1069.0
869.0 969.0 1069.0
869.0 969.0 1069.0
869.0 969.0 1069.0
869.0 969.0 1069.0
869.0 969.0 1069.0
869.0 969.0 1069.0
869.0 969.0 1069.0
869.0 969.0 1069.0
869.0 969.0 1069.0
869.0 969.0 1069.0
869.0 969.0 1069.0
869.0 969.0 1069.0
869.0 969.0 1069.0
869.0 969.0 1069.0
869.0 969.0 1069.0
869.0 969.0 1069.0
869.0 969.0 1069.0
869.0 969.0 1069.0
869.0 969.0 1069.0
869.0 969.0 1069.0
869.0 969.0 1069.0
869.0 969.0 1069.0
869.0 969.0 1069.0
869.0 969.0 1069.0
869.0 969.0 1069.0
869.0 969.0 1069.0
869.0 969.0 1069.0
869.0 969.0 1069.0
869.0 969.0 1069.0
869.0 969.0 1069.0
869.0 969.0 1069.0
869.0 969.0 1069.0
869.0 969.0 1069.0
869.0 969.0 1069.0
869.0 969.0 1069.0
869.0 969.0 1069.0
869.0 969.0 1069.0
869.0 969.0 1069.0
869.0 969.0 1069.0
869.0 969.0 1069.0
869.0 969.0 1069.0
869.0 969.0 1069.0
869.0 969.0 1069.0
869.0 969.0 1069.0
869.0 969.0 1069.0
869.0 969.0 1069.0
869.0 969.0 1069.0
869.0 969.0 1069.0
869.0 969.0 1069.0
869.0 969.0 1069.0
869.0 969.0 1069.0
869.0 969.0 1069.0
869.0 969.0 1069.0
869.0 969.0 1069.0
869.0 969.0 1069.0
869.0 969.0 1069.0
869.0 969.0 1069.0
869.0 969.0 1069.0
869.0 969.0 1069.0
869.0 969.0 1069.0
869.0 969.0 1069.0
869.0 969.0 1069.0
869.0 969.0 1069.0
869.0 969.0 1069.0
869.0 969.0 1069.0
869.0 969.0 1069.0
869.0 969.0 1069.0
869.0 969.0 1069.0
869.0 969.0 1069.0
869.0 969.0 1069.0
869.0 969.0 1069.0
869.0 969.0 1069.0
869.0 969.0 1069.0
869.0 969.0 1069.0
869.0 969.0 1069.0
869.0 969.0 1069.0
869.0 969.0 1069.0
869.0 969.0 1069.0
869.0 969.0 1069.0
869.0 969.0 1069.0
869.0 969.0 1069.0
869.0 969.0 1069.0
869.0 969.0 1069.0
869.0 969.0 1069.0
869.0 969.0 1069.0
869.0 969.0 1069.0
869.0 969.0 1069.0
869.0 969.0 1069.0
869.0 969.0 1069.0
869.0 969.0 1069.0
869.0 969.0 1069.0
869.0 969.0 1069.0
869.0 969.0 1069.0
869.0 969.0 1069.0
869.0 969.0 1069.0
869.0 969.0 1069.0
869.0 969.0 1069.0
869.0 969.0 1069.0
869.0 969.0 1069.0
869.0 969.0 1069.0
869.0 969.0 1069.0
869.0 969.0 1069.0
869.0 969.0 1069.0
869.0 969.0 1069.0
869.0 969.0 1069.0
869.0 969.0 1069.0
869.0 969.0 1069.0
869.0 969.0 1069.0
869.0 969.0 1069.0
869.0 969.0 1069.0
869.0 969.0 1069.0
869.0 969.0 1069.0
869.0 969.0 1069.0
869.0 969.0 1069.0
869.0 969.0 1069.0
869.0 969.0 1069.0
869.0 969.0 1069.0
869.0 969.0 1069.0
869.0 969.0 1069.0
869.0 969.0 1069.0
869.0 969.0 1069.0
869.0 969.0 1069.0
869.0 969.0 1069.0
869.0 969.0 1069.0
869.0 969.0 1069.0
869.0 969.0 1069.0
