11602.0 12826.5 14051.0
9679.0 10110.0 10541.0
7826.0 8012.5 8199.0
5816.0 6525.5 7235.0
5265.0 5540.5 5816.0
4285.0 4293.5 4302.0
2820.0 2954.5 3089.0
2247.0 2668.0 3089.0
1529.0 1712.5 1896.0
1529.0 1718.5 1908.0
1185.0 1310.0 1435.0
932.0 1183.5 1435.0
932.0 1183.5 1435.0
1185.0 1310.0 1435.0
1185.0 1310.0 1435.0
932.0 1183.5 1435.0
932.0 1183.5 1435.0
932.0 1183.5 1435.0
932.0 1183.5 1435.0
932.0 1183.5 1435.0
932.0 1183.5 1435.0
932.0 1183.5 1435.0
932.0 1183.5 1435.0
932.0 1183.5 1435.0
932.0 1183.5 1435.0
932.0 1183.5 1435.0
932.0 1183.5 1435.0
932.0 1183.5 1435.0
932.0 1183.5 1435.0
932.0 1183.5 1435.0
932.0 1183.5 1435.0
932.0 1183.5 1435.0
932.0 1183.5 1435.0
932.0 1183.5 1435.0
932.0 1183.5 1435.0
932.0 1183.5 1435.0
932.0 1183.5 1435.0
932.0 1183.5 1435.0
932.0 1183.5 1435.0
932.0 1183.5 1435.0
932.0 1183.5 1435.0
932.0 1183.5 1435.0
932.0 1183.5 1435.0
932.0 1183.5 1435.0
932.0 1183.5 1435.0
932.0 1183.5 1435.0
932.0 1183.5 1435.0
932.0 1183.5 1435.0
932.0 1183.5 1435.0
932.0 1183.5 1435.0
932.0 1183.5 1435.0
932.0 1183.5 1435.0
932.0 1183.5 1435.0
932.0 1183.5 1435.0
932.0 1183.5 1435.0
932.0 1183.5 1435.0
932.0 1183.5 1435.0
932.0 1183.5 1435.0
932.0 1183.5 1435.0
932.0 1183.5 1435.0
932.0 1183.5 1435.0
932.0 1183.5 1435.0
932.0 1183.5 1435.0
932.0 1183.5 1435.0
932.0 1183.5 1435.0
932.0 1183.5 1435.0
932.0 1183.5 1435.0
932.0 1183.5 1435.0
932.0 1183.5 1435.0
932.0 1183.5 1435.0
932.0 1183.5 1435.0
932.0 977.0 1022.0
932.0 977.0 1022.0
932.0 977.0 1022.0
932.0 977.0 1022.0
932.0 977.0 1022.0
932.0 977.0 1022.0
932.0 977.0 1022.0
932.0 977.0 1022.0
932.0 977.0 1022.0
932.0 977.0 1022.0
932.0 977.0 1022.0
932.0 977.0 1022.0
932.0 977.0 1022.0
932.0 977.0 1022.0
932.0 977.0 1022.0
932.0 977.0 1022.0
932.0 977.0 1022.0
932.0 977.0 1022.0
932.0 977.0 1022.0
932.0 977.0 1022.0
932.0 977.0 1022.0
932.0 977.0 1022.0
932.0 977.0 1022.0
932.0 977.0 1022.0
932.0 977.0 1022.0
932.0 977.0 1022.0
932.0 977.0 1022.0
932.0 977.0 1022.0
932.0 977.0 1022.0
932.0 977.0 1022.0
932.0 977.0 1022.0
932.0 977.0 1022.0
932.0 977.0 1022.0
932.0 977.0 1022.0
932.0 977.0 1022.0
932.0 977.0 1022.0
932.0 977.0 1022.0
932.0 977.0 1022.0
932.0 977.0 1022.0
932.0 977.0 1022.0
932.0 977.0 1022.0
932.0 977.0 1022.0
932.0 977.0 1022.0
932.0 977.0 1022.0
932.0 977.0 1022.0
932.0 977.0 1022.0
932.0 977.0 1022.0
932.0 977.0 1022.0
932.0 977.0 1022.0
932.0 977.0 1022.0
932.0 977.0 1022.0
932.0 977.0 1022.0
932.0 977.0 1022.0
932.0 977.0 1022.0
932.0 977.0 1022.0
932.0 977.0 1022.0
932.0 977.0 1022.0
932.0 977.0 1022.0
932.0 977.0 1022.0
932.0 977.0 1022.0
932.0 977.0 1022.0
932.0 977.0 1022.0
932.0 977.0 1022.0
932.0 977.0 1022.0
932.0 977.0 1022.0
932.0 977.0 1022.0
932.0 977.0 1022.0
932.0 977.0 1022.0
932.0 977.0 1022.0
932.0 977.0 1022.0
932.0 977.0 1022.0
932.0 977.0 1022.0
932.0 977.0 1022.0
932.0 977.0 1022.0
932.0 977.0 1022.0
932.0 977.0 1022.0
932.0 977.0 1022.0
932.0 977.0 1022.0
932.0 977.0 1022.0
932.0 977.0 1022.0
932.0 977.0 1022.0
932.0 977.0 1022.0
932.0 977.0 1022.0
932.0 977.0 1022.0
932.0 977.0 1022.0
932.0 977.0 1022.0
932.0 977.0 1022.0
932.0 977.0 1022.0
932.0 977.0 1022.0
932.0 977.0 1022.0
932.0 977.0 1022.0
932.0 977.0 1022.0
932.0 977.0 1022.0
932.0 977.0 1022.0
932.0 977.0 1022.0
932.0 977.0 1022.0
932.0 977.0 1022.0
932.0 977.0 1022.0
932.0 977.0 1022.0
932.0 977.0 1022.0
932.0 977.0 1022.0
932.0 977.0 1022.0
932.0 977.0 1022.0
932.0 977.0 1022.0
932.0 977.0 1022.0
932.0 977.0 1022.0
932.0 977.0 1022.0
932.0 977.0 1022.0
932.0 977.0 1022.0
932.0 977.0 1022.0
932.0 977.0 1022.0
932.0 977.0 1022.0
932.0 977.0 1022.0
932.0 977.0 1022.0
932.0 977.0 1022.0
932.0 977.0 1022.0
932.0 977.0 1022.0
932.0 977.0 1022.0
932.0 977.0 1022.0
932.0 977.0 1022.0
932.0 977.0 1022.0
932.0 977.0 1022.0
932.0 977.0 1022.0
932.0 977.0 1022.0
932.0 977.0 1022.0
932.0 977.0 1022.0
932.0 977.0 1022.0
932.0 977.0 1022.0
932.0 977.0 1022.0
