11954.0 13649.5 15345.0
10577.0 11033.0 11489.0
8494.0 9114.0 9734.0
5816.0 5853.0 5890.0
5297.0 5598.5 5900.0
4219.0 4511.5 4804.0
3579.0 3899.0 4219.0
3414.0 3496.5 3579.0
1669.0 2052.0 2435.0
1669.0 1880.0 2091.0
1669.0 1880.0 2091.0
1669.0 1880.0 2091.0
1848.0 1969.5 2091.0
1848.0 1969.5 2091.0
1848.0 1969.5 2091.0
1465.0 1778.0 2091.0
1465.0 1778.0 2091.0
1465.0 1778.0 2091.0
1465.0 1778.0 2091.0
1443.0 1767.0 2091.0
1443.0 1767.0 2091.0
1443.0 1767.0 2091.0
1443.0 1767.0 2091.0
1443.0 1767.0 2091.0
1443.0 1767.0 2091.0
1443.0 1767.0 2091.0
1443.0 1767.0 2091.0
1443.0 1767.0 2091.0
1443.0 1767.0 2091.0
1443.0 1767.0 2091.0
1443.0 1767.0 2091.0
1443.0 1767.0 2091.0
1443.0 1767.0 2091.0
1443.0 1767.0 2091.0
1443.0 1767.0 2091.0
1443.0 1767.0 2091.0
1443.0 1767.0 2091.0
1443.0 1767.0 2091.0
1443.0 1767.0 2091.0
1443.0 1767.0 2091.0
1443.0 1767.0 2091.0
1443.0 1767.0 2091.0
1443.0 1767.0 2091.0
1443.0 1767.0 2091.0
1443.0 1767.0 2091.0
1443.0 1767.0 2091.0
1443.0 1767.0 2091.0
1443.0 1767.0 2091.0
1443.0 1767.0 2091.0
1443.0 1767.0 2091.0
1443.0 1767.0 2091.0
1443.0 1767.0 2091.0
1443.0 1767.0 2091.0
1443.0 1767.0 2091.0
1443.0 1610.0 1777.0
1443.0 1610.0 1777.0
1443.0 1610.0 1777.0
1443.0 1610.0 1777.0
1443.0 1610.0 1777.0
1443.0 1610.0 1777.0
1443.0 1610.0 1777.0
1443.0 1610.0 1777.0
1443.0 1610.0 1777.0
1443.0 1610.0 1777.0
1443.0 1610.0 1777.0
1443.0 1610.0 1777.0
1443.0 1675.5 1908.0
1443.0 1501.0 1559.0
1443.0 1501.0 1559.0
1443.0 1501.0 1559.0
1443.0 1501.0 1559.0
1443.0 1501.0 1559.0
1443.0 1501.0 1559.0
1443.0 1501.0 1559.0
1443.0 1501.0 1559.0
1443.0 1501.0 1559.0
1443.0 1501.0 1559.0
1443.0 1501.0 1559.0
1443.0 1501.0 1559.0
1443.0 1501.0 1559.0
1443.0 1501.0 1559.0
1443.0 1501.0 1559.0
1443.0 1501.0 1559.0
1443.0 1501.0 1559.0
1443.0 1501.0 1559.0
1443.0 1501.0 1559.0
1443.0 1501.0 1559.0
1443.0 1501.0 1559.0
1443.0 1501.0 1559.0
1443.0 1501.0 1559.0
1443.0 1501.0 1559.0
1443.0 1501.0 1559.0
1443.0 1501.0 1559.0
1443.0 1501.0 1559.0
1443.0 1501.0 1559.0
1443.0 1501.0 1559.0
1443.0 1501.0 1559.0
1443.0 1501.0 1559.0
1443.0 1501.0 1559.0
1443.0 1501.0 1559.0
1443.0 1501.0 1559.0
1443.0 1501.0 1559.0
1443.0 1501.0 1559.0
1443.0 1501.0 1559.0
1443.0 1501.0 1559.0
1443.0 1501.0 1559.0
1443.0 1501.0 1559.0
1443.0 1501.0 1559.0
1443.0 1501.0 1559.0
1443.0 1501.0 1559.0
1443.0 1501.0 1559.0
1443.0 1501.0 1559.0
1443.0 1501.0 1559.0
1443.0 1501.0 1559.0
1443.0 1501.0 1559.0
1443.0 1501.0 1559.0
1443.0 1501.0 1559.0
1443.0 1501.0 1559.0
1443.0 1501.0 1559.0
1443.0 1501.0 1559.0
1443.0 1501.0 1559.0
1443.0 1501.0 1559.0
1443.0 1501.0 1559.0
1443.0 1501.0 1559.0
1443.0 1501.0 1559.0
1443.0 1501.0 1559.0
1443.0 1501.0 1559.0
1443.0 1501.0 1559.0
1443.0 1501.0 1559.0
1443.0 1501.0 1559.0
1443.0 1501.0 1559.0
1443.0 1501.0 1559.0
1443.0 1501.0 1559.0
1443.0 1501.0 1559.0
1443.0 1501.0 1559.0
1443.0 1501.0 1559.0
1443.0 1501.0 1559.0
1443.0 1501.0 1559.0
1443.0 1501.0 1559.0
1443.0 1501.0 1559.0
1443.0 1501.0 1559.0
1443.0 1501.0 1559.0
1443.0 1501.0 1559.0
1443.0 1501.0 1559.0
1443.0 1535.0 1627.0
1443.0 1535.0 1627.0
1443.0 1535.0 1627.0
1443.0 1535.0 1627.0
1443.0 1535.0 1627.0
1443.0 1535.0 1627.0
1443.0 1535.0 1627.0
1443.0 1535.0 1627.0
1443.0 1535.0 1627.0
1443.0 1535.0 1627.0
1443.0 1535.0 1627.0
1443.0 1535.0 1627.0
1443.0 1535.0 1627.0
1443.0 1535.0 1627.0
1443.0 1535.0 1627.0
1443.0 1535.0 1627.0
1443.0 1535.0 1627.0
1443.0 1535.0 1627.0
1443.0 1535.0 1627.0
1443.0 1535.0 1627.0
1443.0 1535.0 1627.0
1443.0 1535.0 1627.0
1443.0 1535.0 1627.0
1443.0 1535.0 1627.0
1443.0 1535.0 1627.0
1443.0 1535.0 1627.0
1443.0 1535.0 1627.0
1443.0 1535.0 1627.0
1443.0 1535.0 1627.0
1443.0 1535.0 1627.0
1443.0 1535.0 1627.0
1443.0 1535.0 1627.0
1443.0 1535.0 1627.0
1443.0 1535.0 1627.0
1443.0 1535.0 1627.0
1443.0 1535.0 1627.0
1443.0 1535.0 1627.0
1443.0 1535.0 1627.0
1443.0 1535.0 1627.0
1443.0 1535.0 1627.0
1443.0 1535.0 1627.0
1443.0 1535.0 1627.0
1443.0 1535.0 1627.0
1443.0 1535.0 1627.0
1443.0 1535.0 1627.0
1443.0 1535.0 1627.0
1443.0 1535.0 1627.0
1443.0 1535.0 1627.0
1443.0 1535.0 1627.0
1443.0 1535.0 1627.0
1443.0 1535.0 1627.0
1443.0 1535.0 1627.0
1443.0 1535.0 1627.0
1443.0 1535.0 1627.0
1443.0 1535.0 1627.0
1443.0 1535.0 1627.0
