10924.0 11012.0 11100.0
6723.0 8750.5 10778.0
5558.0 5651.0 5744.0
4437.0 5162.5 5888.0
4283.0 5100.5 5918.0
2943.0 3744.0 4545.0
2938.0 2956.0 2974.0
2310.0 2341.5 2373.0
1984.0 2147.0 2310.0
1887.0 2085.0 2283.0
1695.0 1839.5 1984.0
1695.0 1839.5 1984.0
1331.0 1536.0 1741.0
1331.0 1536.0 1741.0
1331.0 1536.0 1741.0
1331.0 1536.0 1741.0
1331.0 1536.0 1741.0
1331.0 1536.0 1741.0
875.0 1308.0 1741.0
875.0 1308.0 1741.0
875.0 1308.0 1741.0
875.0 1308.0 1741.0
875.0 1308.0 1741.0
875.0 1308.0 1741.0
875.0 1308.0 1741.0
875.0 1308.0 1741.0
875.0 1308.0 1741.0
875.0 1308.0 1741.0
875.0 1308.0 1741.0
875.0 1308.0 1741.0
875.0 1131.5 1388.0
875.0 1131.5 1388.0
875.0 1041.5 1208.0
875.0 1041.5 1208.0
875.0 1041.5 1208.0
875.0 1041.5 1208.0
875.0 1041.5 1208.0
875.0 1041.5 1208.0
875.0 1041.5 1208.0
874.0 874.5 875.0
793.0 834.0 875.0
793.0 834.0 875.0
606.0 740.5 875.0
566.0 720.5 875.0
566.0 720.5 875.0
521.0 698.0 875.0
521.0 698.0 875.0
521.0 698.0 875.0
521.0 698.0 875.0
521.0 698.0 875.0
521.0 698.0 875.0
521.0 698.0 875.0
521.0 698.0 875.0
521.0 698.0 875.0
521.0 698.0 875.0
521.0 698.0 875.0
521.0 698.0 875.0
521.0 698.0 875.0
521.0 698.0 875.0
521.0 698.0 875.0
521.0 698.0 875.0
521.0 698.0 875.0
521.0 698.0 875.0
521.0 698.0 875.0
521.0 698.0 875.0
521.0 698.0 875.0
521.0 698.0 875.0
521.0 698.0 875.0
521.0 698.0 875.0
521.0 698.0 875.0
521.0 698.0 875.0
521.0 698.0 875.0
521.0 698.0 875.0
521.0 698.0 875.0
521.0 698.0 875.0
521.0 698.0 875.0
521.0 698.0 875.0
521.0 698.0 875.0
521.0 698.0 875.0
521.0 698.0 875.0
521.0 698.0 875.0
521.0 698.0 875.0
521.0 698.0 875.0
521.0 698.0 875.0
521.0 698.0 875.0
521.0 698.0 875.0
521.0 698.0 875.0
521.0 698.0 875.0
521.0 698.0 875.0
521.0 698.0 875.0
521.0 698.0 875.0
521.0 698.0 875.0
521.0 698.0 875.0
521.0 698.0 875.0
521.0 698.0 875.0
521.0 698.0 875.0
521.0 698.0 875.0
521.0 698.0 875.0
521.0 698.0 875.0
521.0 698.0 875.0
521.0 698.0 875.0
521.0 698.0 875.0
521.0 776.5 1032.0
521.0 776.5 1032.0
521.0 776.5 1032.0
521.0 776.5 1032.0
521.0 776.5 1032.0
521.0 776.5 1032.0
521.0 776.5 1032.0
521.0 776.5 1032.0
521.0 776.5 1032.0
521.0 776.5 1032.0
521.0 776.5 1032.0
521.0 776.5 1032.0
521.0 776.5 1032.0
521.0 776.5 1032.0
521.0 776.5 1032.0
521.0 776.5 1032.0
521.0 776.5 1032.0
521.0 776.5 1032.0
521.0 776.5 1032.0
521.0 776.5 1032.0
521.0 776.5 1032.0
521.0 776.5 1032.0
521.0 776.5 1032.0
521.0 776.5 1032.0
521.0 776.5 1032.0
521.0 776.5 1032.0
521.0 776.5 1032.0
521.0 776.5 1032.0
521.0 776.5 1032.0
521.0 776.5 1032.0
521.0 776.5 1032.0
521.0 776.5 1032.0
521.0 776.5 1032.0
521.0 776.5 1032.0
521.0 776.5 1032.0
521.0 776.5 1032.0
521.0 776.5 1032.0
521.0 776.5 1032.0
521.0 776.5 1032.0
521.0 776.5 1032.0
521.0 776.5 1032.0
521.0 776.5 1032.0
521.0 776.5 1032.0
521.0 776.5 1032.0
521.0 776.5 1032.0
521.0 776.5 1032.0
521.0 776.5 1032.0
521.0 776.5 1032.0
521.0 776.5 1032.0
521.0 776.5 1032.0
521.0 776.5 1032.0
521.0 776.5 1032.0
521.0 776.5 1032.0
521.0 776.5 1032.0
521.0 776.5 1032.0
521.0 776.5 1032.0
521.0 776.5 1032.0
521.0 776.5 1032.0
521.0 776.5 1032.0
521.0 776.5 1032.0
521.0 776.5 1032.0
521.0 776.5 1032.0
521.0 776.5 1032.0
521.0 776.5 1032.0
521.0 776.5 1032.0
521.0 776.5 1032.0
521.0 776.5 1032.0
521.0 776.5 1032.0
521.0 776.5 1032.0
521.0 776.5 1032.0
521.0 776.5 1032.0
521.0 776.5 1032.0
521.0 776.5 1032.0
521.0 776.5 1032.0
521.0 776.5 1032.0
521.0 776.5 1032.0
521.0 776.5 1032.0
521.0 776.5 1032.0
521.0 776.5 1032.0
521.0 776.5 1032.0
521.0 776.5 1032.0
521.0 776.5 1032.0
521.0 776.5 1032.0
521.0 776.5 1032.0
521.0 776.5 1032.0
521.0 776.5 1032.0
521.0 776.5 1032.0
521.0 776.5 1032.0
521.0 776.5 1032.0
521.0 776.5 1032.0
521.0 776.5 1032.0
521.0 776.5 1032.0
521.0 776.5 1032.0
521.0 776.5 1032.0
521.0 776.5 1032.0
521.0 776.5 1032.0
521.0 776.5 1032.0
521.0 776.5 1032.0
