10879.0 12316.0 13753.0
7330.0 9336.5 11343.0
8629.0 9440.0 10251.0
6301.0 7140.5 7980.0
5699.0 6719.0 7739.0
6373.0 6507.5 6642.0
4912.0 5642.5 6373.0
3312.0 4057.5 4803.0
2454.0 2883.0 3312.0
2454.0 2883.0 3312.0
2607.0 3217.0 3827.0
2607.0 3217.0 3827.0
2607.0 3217.0 3827.0
2579.0 2829.5 3080.0
2359.0 2555.0 2751.0
2359.0 2555.0 2751.0
2359.0 2555.0 2751.0
2359.0 2555.0 2751.0
2359.0 2555.0 2751.0
2359.0 2555.0 2751.0
2327.0 2343.0 2359.0
2005.0 2061.0 2117.0
2005.0 2061.0 2117.0
2005.0 2061.0 2117.0
2005.0 2061.0 2117.0
2005.0 2061.0 2117.0
2005.0 2061.0 2117.0
2005.0 2088.0 2171.0
2005.0 2088.0 2171.0
2005.0 2088.0 2171.0
2171.0 2183.0 2195.0
1420.0 1795.5 2171.0
1420.0 1795.5 2171.0
1420.0 1795.5 2171.0
1420.0 1795.5 2171.0
1420.0 1795.5 2171.0
1420.0 1795.5 2171.0
1420.0 1795.5 2171.0
1420.0 1795.5 2171.0
1420.0 1795.5 2171.0
1420.0 1795.5 2171.0
1420.0 1795.5 2171.0
1420.0 1795.5 2171.0
1420.0 1795.5 2171.0
1420.0 1795.5 2171.0
1420.0 1795.5 2171.0
1420.0 1795.5 2171.0
1420.0 1795.5 2171.0
1420.0 1795.5 2171.0
1420.0 1795.5 2171.0
1420.0 1795.5 2171.0
1420.0 1795.5 2171.0
1420.0 1795.5 2171.0
1420.0 1795.5 2171.0
1420.0 1795.5 2171.0
1420.0 1795.5 2171.0
1420.0 1795.5 2171.0
1420.0 1795.5 2171.0
1420.0 1795.5 2171.0
1420.0 1795.5 2171.0
1420.0 1795.5 2171.0
1420.0 1795.5 2171.0
1420.0 1795.5 2171.0
1420.0 1795.5 2171.0
1420.0 1795.5 2171.0
1420.0 1795.5 2171.0
1420.0 1795.5 2171.0
1420.0 1795.5 2171.0
1420.0 1795.5 2171.0
1420.0 1795.5 2171.0
1420.0 1795.5 2171.0
1420.0 1795.5 2171.0
1420.0 1615.0 1810.0
1420.0 1426.0 1432.0
1365.0 1392.5 1420.0
1420.0 1426.0 1432.0
1365.0 1392.5 1420.0
1365.0 1392.5 1420.0
1365.0 1392.5 1420.0
1365.0 1392.5 1420.0
1365.0 1392.5 1420.0
1365.0 1392.5 1420.0
1365.0 1392.5 1420.0
1365.0 1392.5 1420.0
1365.0 1392.5 1420.0
1365.0 1392.5 1420.0
1365.0 1392.5 1420.0
1365.0 1392.5 1420.0
1365.0 1392.5 1420.0
1365.0 1392.5 1420.0
1365.0 1392.5 1420.0
1365.0 1392.5 1420.0
1365.0 1392.5 1420.0
1365.0 1392.5 1420.0
1365.0 1392.5 1420.0
1365.0 1392.5 1420.0
1365.0 1392.5 1420.0
1365.0 1392.5 1420.0
1365.0 1392.5 1420.0
1365.0 1392.5 1420.0
1365.0 1392.5 1420.0
1365.0 1392.5 1420.0
1365.0 1392.5 1420.0
1365.0 1392.5 1420.0
1365.0 1392.5 1420.0
1365.0 1392.5 1420.0
1365.0 1392.5 1420.0
1365.0 1392.5 1420.0
1365.0 1392.5 1420.0
1365.0 1392.5 1420.0
1365.0 1392.5 1420.0
1365.0 1392.5 1420.0
1365.0 1392.5 1420.0
1365.0 1392.5 1420.0
1365.0 1392.5 1420.0
1365.0 1392.5 1420.0
1365.0 1392.5 1420.0
1365.0 1392.5 1420.0
1365.0 1392.5 1420.0
1365.0 1392.5 1420.0
1365.0 1392.5 1420.0
1365.0 1392.5 1420.0
1365.0 1392.5 1420.0
1365.0 1392.5 1420.0
1365.0 1392.5 1420.0
1365.0 1392.5 1420.0
1365.0 1392.5 1420.0
1365.0 1392.5 1420.0
1365.0 1392.5 1420.0
1365.0 1392.5 1420.0
1365.0 1392.5 1420.0
1365.0 1392.5 1420.0
1365.0 1392.5 1420.0
1365.0 1392.5 1420.0
1365.0 1392.5 1420.0
1365.0 1392.5 1420.0
1365.0 1392.5 1420.0
1365.0 1392.5 1420.0
1365.0 1392.5 1420.0
1365.0 1392.5 1420.0
1365.0 1392.5 1420.0
1365.0 1392.5 1420.0
1365.0 1392.5 1420.0
1365.0 1392.5 1420.0
1365.0 1392.5 1420.0
1365.0 1392.5 1420.0
1365.0 1392.5 1420.0
1365.0 1392.5 1420.0
1365.0 1392.5 1420.0
1365.0 1392.5 1420.0
1365.0 1392.5 1420.0
1365.0 1392.5 1420.0
1365.0 1392.5 1420.0
1365.0 1392.5 1420.0
1365.0 1392.5 1420.0
1365.0 1392.5 1420.0
1365.0 1392.5 1420.0
1365.0 1392.5 1420.0
1365.0 1392.5 1420.0
1365.0 1392.5 1420.0
1365.0 1392.5 1420.0
1365.0 1392.5 1420.0
1365.0 1392.5 1420.0
1365.0 1392.5 1420.0
1365.0 1392.5 1420.0
1365.0 1392.5 1420.0
1365.0 1392.5 1420.0
1365.0 1392.5 1420.0
1365.0 1392.5 1420.0
1365.0 1392.5 1420.0
1365.0 1392.5 1420.0
1365.0 1392.5 1420.0
1365.0 1392.5 1420.0
1365.0 1392.5 1420.0
1365.0 1392.5 1420.0
1365.0 1392.5 1420.0
1365.0 1392.5 1420.0
1365.0 1392.5 1420.0
1365.0 1392.5 1420.0
1365.0 1392.5 1420.0
1365.0 1392.5 1420.0
1365.0 1392.5 1420.0
1365.0 1392.5 1420.0
1365.0 1392.5 1420.0
1365.0 1392.5 1420.0
1365.0 1392.5 1420.0
1365.0 1392.5 1420.0
1365.0 1392.5 1420.0
1365.0 1392.5 1420.0
1365.0 1392.5 1420.0
1365.0 1447.0 1529.0
1365.0 1447.0 1529.0
1365.0 1447.0 1529.0
1365.0 1447.0 1529.0
1365.0 1447.0 1529.0
1365.0 1447.0 1529.0
1365.0 1447.0 1529.0
1365.0 1447.0 1529.0
1365.0 1447.0 1529.0
1365.0 1447.0 1529.0
