10681.0 12649.5 14618.0
11275.0 11442.5 11610.0
8560.0 9486.0 10412.0
5447.0 7266.5 9086.0
3152.0 4549.5 5947.0
3231.0 4778.0 6325.0
2756.0 3591.0 4426.0
2324.0 2954.0 3584.0
2324.0 2954.0 3584.0
2324.0 2713.5 3103.0
2324.0 2524.5 2725.0
2324.0 2524.5 2725.0
1983.0 2354.0 2725.0
898.0 1811.5 2725.0
898.0 1811.5 2725.0
898.0 1811.5 2725.0
898.0 1811.5 2725.0
898.0 1322.0 1746.0
898.0 1322.0 1746.0
898.0 1322.0 1746.0
898.0 1322.0 1746.0
898.0 1322.0 1746.0
898.0 1322.0 1746.0
898.0 1322.0 1746.0
898.0 1322.0 1746.0
898.0 1322.0 1746.0
898.0 1322.0 1746.0
898.0 1322.0 1746.0
898.0 1322.0 1746.0
898.0 1322.0 1746.0
898.0 1322.0 1746.0
898.0 1322.0 1746.0
898.0 1322.0 1746.0
898.0 1322.0 1746.0
898.0 1322.0 1746.0
898.0 1322.0 1746.0
898.0 1322.0 1746.0
898.0 1322.0 1746.0
898.0 1322.0 1746.0
898.0 1322.0 1746.0
898.0 1322.0 1746.0
898.0 1322.0 1746.0
898.0 1322.0 1746.0
898.0 1322.0 1746.0
898.0 1322.0 1746.0
898.0 1322.0 1746.0
898.0 1322.0 1746.0
898.0 1322.0 1746.0
898.0 1322.0 1746.0
898.0 1322.0 1746.0
898.0 1322.0 1746.0
898.0 1322.0 1746.0
898.0 1322.0 1746.0
898.0 1322.0 1746.0
898.0 1322.0 1746.0
898.0 1322.0 1746.0
898.0 1322.0 1746.0
898.0 1322.0 1746.0
898.0 1322.0 1746.0
898.0 1322.0 1746.0
898.0 1322.0 1746.0
898.0 1322.0 1746.0
898.0 1322.0 1746.0
898.0 1322.0 1746.0
898.0 1322.0 1746.0
898.0 1322.0 1746.0
898.0 1322.0 1746.0
898.0 1322.0 1746.0
898.0 1322.0 1746.0
898.0 1322.0 1746.0
898.0 1322.0 1746.0
898.0 1322.0 1746.0
898.0 1322.0 1746.0
898.0 1322.0 1746.0
898.0 1322.0 1746.0
898.0 1322.0 1746.0
898.0 1322.0 1746.0
898.0 1322.0 1746.0
898.0 1322.0 1746.0
898.0 1322.0 1746.0
898.0 1322.0 1746.0
898.0 1322.0 1746.0
898.0 1322.0 1746.0
898.0 1322.0 1746.0
898.0 1322.0 1746.0
898.0 1322.0 1746.0
898.0 1322.0 1746.0
898.0 1322.0 1746.0
898.0 1322.0 1746.0
898.0 1322.0 1746.0
898.0 1322.0 1746.0
898.0 1322.0 1746.0
898.0 1322.0 1746.0
898.0 1322.0 1746.0
898.0 1322.0 1746.0
898.0 1322.0 1746.0
898.0 1322.0 1746.0
898.0 1322.0 1746.0
898.0 1322.0 1746.0
898.0 1322.0 1746.0
898.0 1322.0 1746.0
898.0 1322.0 1746.0
898.0 1322.0 1746.0
898.0 1322.0 1746.0
898.0 1322.0 1746.0
898.0 1322.0 1746.0
898.0 1322.0 1746.0
898.0 1322.0 1746.0
898.0 1322.0 1746.0
898.0 1322.0 1746.0
898.0 1322.0 1746.0
898.0 1322.0 1746.0
898.0 1322.0 1746.0
898.0 1322.0 1746.0
898.0 1322.0 1746.0
898.0 1322.0 1746.0
898.0 1322.0 1746.0
898.0 1322.0 1746.0
898.0 1322.0 1746.0
898.0 1322.0 1746.0
898.0 1322.0 1746.0
898.0 1322.0 1746.0
898.0 1322.0 1746.0
898.0 1322.0 1746.0
898.0 1322.0 1746.0
898.0 1322.0 1746.0
898.0 1322.0 1746.0
898.0 1322.0 1746.0
898.0 1322.0 1746.0
898.0 1322.0 1746.0
898.0 1322.0 1746.0
898.0 1322.0 1746.0
898.0 1322.0 1746.0
898.0 1322.0 1746.0
898.0 1322.0 1746.0
898.0 1322.0 1746.0
898.0 1322.0 1746.0
898.0 1322.0 1746.0
898.0 1322.0 1746.0
898.0 1322.0 1746.0
898.0 1322.0 1746.0
898.0 1322.0 1746.0
898.0 1322.0 1746.0
898.0 1322.0 1746.0
898.0 1322.0 1746.0
898.0 1322.0 1746.0
898.0 1322.0 1746.0
898.0 1322.0 1746.0
898.0 1322.0 1746.0
898.0 1322.0 1746.0
898.0 1322.0 1746.0
898.0 1322.0 1746.0
898.0 1322.0 1746.0
898.0 1322.0 1746.0
898.0 1188.5 1479.0
898.0 1188.5 1479.0
898.0 1188.5 1479.0
898.0 1188.5 1479.0
898.0 1188.5 1479.0
898.0 1188.5 1479.0
898.0 1188.5 1479.0
898.0 1188.5 1479.0
898.0 1188.5 1479.0
898.0 1188.5 1479.0
898.0 1188.5 1479.0
898.0 1188.5 1479.0
898.0 1188.5 1479.0
898.0 1188.5 1479.0
898.0 1188.5 1479.0
898.0 1188.5 1479.0
898.0 1188.5 1479.0
898.0 1188.5 1479.0
898.0 1188.5 1479.0
898.0 1188.5 1479.0
898.0 1188.5 1479.0
898.0 1188.5 1479.0
898.0 1188.5 1479.0
898.0 1188.5 1479.0
898.0 1188.5 1479.0
898.0 1188.5 1479.0
898.0 1188.5 1479.0
898.0 1188.5 1479.0
898.0 1188.5 1479.0
898.0 1188.5 1479.0
898.0 1188.5 1479.0
898.0 1188.5 1479.0
898.0 1188.5 1479.0
898.0 1188.5 1479.0
898.0 1188.5 1479.0
898.0 1188.5 1479.0
898.0 1188.5 1479.0
898.0 1188.5 1479.0
898.0 1188.5 1479.0
898.0 1188.5 1479.0
898.0 1188.5 1479.0
898.0 1188.5 1479.0
898.0 1188.5 1479.0
898.0 1188.5 1479.0
898.0 1188.5 1479.0
898.0 1188.5 1479.0
