16047.0 17385.5 18724.0
13464.0 14831.0 16198.0
12624.0 13428.0 14232.0
7886.0 10005.0 12124.0
7886.0 8032.5 8179.0
3911.0 6552.0 9193.0
4100.0 5215.5 6331.0
4100.0 5021.5 5943.0
4100.0 5282.0 6464.0
3267.0 3665.0 4063.0
3267.0 3665.0 4063.0
3267.0 3665.0 4063.0
2585.0 3322.0 4059.0
2251.0 2418.0 2585.0
2585.0 2599.5 2614.0
2135.0 2360.0 2585.0
2135.0 2360.0 2585.0
2135.0 2248.0 2361.0
2125.0 2130.0 2135.0
2125.0 2130.0 2135.0
2135.0 2153.0 2171.0
1773.0 1954.0 2135.0
1773.0 1954.0 2135.0
1773.0 1954.0 2135.0
1773.0 1954.0 2135.0
1773.0 1954.0 2135.0
1773.0 1954.0 2135.0
1773.0 1954.0 2135.0
1773.0 1954.0 2135.0
1773.0 1954.0 2135.0
1773.0 1954.0 2135.0
1773.0 1954.0 2135.0
1773.0 1954.0 2135.0
1773.0 1954.0 2135.0
1487.0 1811.0 2135.0
1487.0 1811.0 2135.0
1487.0 1811.0 2135.0
1487.0 1811.0 2135.0
1487.0 1811.0 2135.0
1487.0 1811.0 2135.0
1487.0 1811.0 2135.0
1487.0 1811.0 2135.0
1487.0 1811.0 2135.0
1487.0 1811.0 2135.0
1487.0 1811.0 2135.0
1487.0 1811.0 2135.0
1487.0 1811.0 2135.0
1487.0 1811.0 2135.0
1487.0 1811.0 2135.0
1487.0 1811.0 2135.0
1487.0 1811.0 2135.0
1487.0 1811.0 2135.0
1487.0 1811.0 2135.0
1487.0 1811.0 2135.0
1487.0 1811.0 2135.0
1487.0 1811.0 2135.0
1487.0 1811.0 2135.0
1487.0 1811.0 2135.0
1487.0 1811.0 2135.0
1487.0 1811.0 2135.0
1487.0 1811.0 2135.0
1487.0 1811.0 2135.0
1487.0 1811.0 2135.0
1487.0 1811.0 2135.0
1487.0 1811.0 2135.0
1487.0 1811.0 2135.0
1487.0 1811.0 2135.0
1487.0 1811.0 2135.0
1487.0 1811.0 2135.0
1487.0 1811.0 2135.0
1487.0 1811.0 2135.0
1487.0 1811.0 2135.0
1487.0 1811.0 2135.0
1487.0 1811.0 2135.0
1487.0 1811.0 2135.0
1487.0 1811.0 2135.0
1487.0 1811.0 2135.0
1487.0 1811.0 2135.0
1487.0 1811.0 2135.0
1487.0 1811.0 2135.0
1487.0 1811.0 2135.0
1487.0 1811.0 2135.0
1487.0 1811.0 2135.0
1487.0 1811.0 2135.0
1487.0 1811.0 2135.0
1487.0 1811.0 2135.0
1487.0 1811.0 2135.0
1487.0 1811.0 2135.0
1487.0 1811.0 2135.0
1487.0 1811.0 2135.0
1487.0 1811.0 2135.0
1487.0 1811.0 2135.0
1487.0 1811.0 2135.0
1487.0 1811.0 2135.0
1487.0 1811.0 2135.0
1487.0 1811.0 2135.0
1487.0 1811.0 2135.0
1487.0 1811.0 2135.0
1487.0 1811.0 2135.0
1487.0 1811.0 2135.0
1487.0 1811.0 2135.0
1487.0 1811.0 2135.0
1487.0 1811.0 2135.0
1487.0 1811.0 2135.0
1487.0 1811.0 2135.0
1487.0 1811.0 2135.0
1487.0 1811.0 2135.0
1487.0 1811.0 2135.0
1487.0 1811.0 2135.0
1487.0 1811.0 2135.0
1487.0 1811.0 2135.0
1487.0 1811.0 2135.0
1487.0 1811.0 2135.0
1487.0 1811.0 2135.0
1487.0 1811.0 2135.0
1487.0 1811.0 2135.0
1487.0 1811.0 2135.0
1487.0 1811.0 2135.0
1487.0 1811.0 2135.0
1487.0 1811.0 2135.0
1487.0 1811.0 2135.0
1487.0 1811.0 2135.0
1487.0 1811.0 2135.0
1487.0 1811.0 2135.0
1487.0 1811.0 2135.0
1487.0 1811.0 2135.0
1487.0 1811.0 2135.0
1487.0 1811.0 2135.0
1487.0 1811.0 2135.0
1487.0 1811.0 2135.0
1487.0 1811.0 2135.0
1487.0 1811.0 2135.0
1487.0 1811.0 2135.0
1487.0 1811.0 2135.0
1487.0 1811.0 2135.0
1487.0 1811.0 2135.0
1487.0 1811.0 2135.0
1487.0 1811.0 2135.0
1487.0 1811.0 2135.0
1487.0 1811.0 2135.0
1487.0 1811.0 2135.0
1487.0 1811.0 2135.0
1487.0 1811.0 2135.0
1487.0 1811.0 2135.0
1487.0 1811.0 2135.0
1487.0 1811.0 2135.0
1487.0 1811.0 2135.0
1487.0 1811.0 2135.0
1487.0 1811.0 2135.0
1487.0 1811.0 2135.0
1487.0 1811.0 2135.0
1487.0 1811.0 2135.0
1487.0 1811.0 2135.0
1487.0 1811.0 2135.0
1487.0 1811.0 2135.0
1487.0 1811.0 2135.0
1487.0 1811.0 2135.0
1487.0 1811.0 2135.0
1487.0 1811.0 2135.0
1487.0 1811.0 2135.0
1487.0 1811.0 2135.0
1487.0 1811.0 2135.0
1487.0 1811.0 2135.0
1487.0 1811.0 2135.0
1487.0 1811.0 2135.0
1487.0 1811.0 2135.0
1487.0 1811.0 2135.0
1487.0 1811.0 2135.0
1487.0 1811.0 2135.0
1487.0 1811.0 2135.0
1487.0 1811.0 2135.0
1487.0 1811.0 2135.0
1487.0 1811.0 2135.0
1487.0 1811.0 2135.0
1487.0 1811.0 2135.0
1487.0 1811.0 2135.0
1487.0 1811.0 2135.0
1487.0 1811.0 2135.0
1487.0 1811.0 2135.0
1487.0 1811.0 2135.0
1487.0 1811.0 2135.0
1487.0 1811.0 2135.0
1487.0 1811.0 2135.0
1487.0 1811.0 2135.0
1487.0 1811.0 2135.0
1487.0 1811.0 2135.0
1487.0 1811.0 2135.0
1487.0 1811.0 2135.0
1487.0 1811.0 2135.0
1487.0 1811.0 2135.0
1487.0 1811.0 2135.0
1487.0 1811.0 2135.0
1487.0 1811.0 2135.0
1487.0 1811.0 2135.0
1487.0 1811.0 2135.0
1487.0 1811.0 2135.0
1487.0 1811.0 2135.0
1487.0 1811.0 2135.0
1487.0 1811.0 2135.0
1487.0 1811.0 2135.0
