12185.0 12250.5 12316.0
10425.0 10882.5 11340.0
7919.0 8774.5 9630.0
5677.0 6977.5 8278.0
4425.0 4533.5 4642.0
3715.0 4101.0 4487.0
2997.0 3336.5 3676.0
2076.0 2455.0 2834.0
1838.0 1957.0 2076.0
1838.0 1957.0 2076.0
1838.0 1957.0 2076.0
1838.0 1957.0 2076.0
1647.0 1861.5 2076.0
1647.0 1861.5 2076.0
1361.0 1718.5 2076.0
1137.0 1606.5 2076.0
1137.0 1606.5 2076.0
1137.0 1365.0 1593.0
1137.0 1400.5 1664.0
1137.0 1251.0 1365.0
1137.0 1279.5 1422.0
1137.0 1259.0 1381.0
1137.0 1242.0 1347.0
1137.0 1141.0 1145.0
1137.0 1141.0 1145.0
1137.0 1141.0 1145.0
1137.0 1141.0 1145.0
1137.0 1141.0 1145.0
1137.0 1141.0 1145.0
1137.0 1141.0 1145.0
1137.0 1141.0 1145.0
1137.0 1141.0 1145.0
1137.0 1141.0 1145.0
1137.0 1141.0 1145.0
1137.0 1141.0 1145.0
1137.0 1141.0 1145.0
1137.0 1141.0 1145.0
1137.0 1141.0 1145.0
1137.0 1141.0 1145.0
1137.0 1141.0 1145.0
1137.0 1141.0 1145.0
1137.0 1141.0 1145.0
1137.0 1141.0 1145.0
1137.0 1141.0 1145.0
1137.0 1141.0 1145.0
1137.0 1141.0 1145.0
1137.0 1141.0 1145.0
1137.0 1141.0 1145.0
1137.0 1141.0 1145.0
1137.0 1141.0 1145.0
1137.0 1141.0 1145.0
1137.0 1141.0 1145.0
1137.0 1141.0 1145.0
1137.0 1141.0 1145.0
1137.0 1141.0 1145.0
1137.0 1141.0 1145.0
1137.0 1141.0 1145.0
1137.0 1141.0 1145.0
1137.0 1141.0 1145.0
1137.0 1141.0 1145.0
1137.0 1141.0 1145.0
1137.0 1141.0 1145.0
1137.0 1141.0 1145.0
1137.0 1141.0 1145.0
1137.0 1141.0 1145.0
1137.0 1141.0 1145.0
1137.0 1141.0 1145.0
1137.0 1141.0 1145.0
1137.0 1141.0 1145.0
1137.0 1141.0 1145.0
1137.0 1141.0 1145.0
1137.0 1141.0 1145.0
1137.0 1141.0 1145.0
1137.0 1141.0 1145.0
1137.0 1141.0 1145.0
1137.0 1141.0 1145.0
1137.0 1141.0 1145.0
1137.0 1141.0 1145.0
1137.0 1141.0 1145.0
1137.0 1141.0 1145.0
1137.0 1141.0 1145.0
1137.0 1141.0 1145.0
1137.0 1141.0 1145.0
1137.0 1141.0 1145.0
1137.0 1141.0 1145.0
1137.0 1141.0 1145.0
1137.0 1141.0 1145.0
1137.0 1141.0 1145.0
1137.0 1141.0 1145.0
1137.0 1141.0 1145.0
1137.0 1141.0 1145.0
1137.0 1141.0 1145.0
1137.0 1141.0 1145.0
1137.0 1141.0 1145.0
1137.0 1141.0 1145.0
1137.0 1141.0 1145.0
1137.0 1141.0 1145.0
1137.0 1141.0 1145.0
1137.0 1141.0 1145.0
1137.0 1141.0 1145.0
1137.0 1141.0 1145.0
1137.0 1141.0 1145.0
1137.0 1141.0 1145.0
1137.0 1141.0 1145.0
1137.0 1141.0 1145.0
1137.0 1141.0 1145.0
1137.0 1141.0 1145.0
1137.0 1141.0 1145.0
1137.0 1141.0 1145.0
1137.0 1141.0 1145.0
1137.0 1141.0 1145.0
1137.0 1141.0 1145.0
1137.0 1141.0 1145.0
1137.0 1141.0 1145.0
1137.0 1141.0 1145.0
1137.0 1141.0 1145.0
1137.0 1141.0 1145.0
1137.0 1141.0 1145.0
1137.0 1141.0 1145.0
1137.0 1141.0 1145.0
911.0 1028.0 1145.0
911.0 1028.0 1145.0
911.0 1028.0 1145.0
911.0 1028.0 1145.0
911.0 1028.0 1145.0
911.0 1028.0 1145.0
911.0 1028.0 1145.0
911.0 1028.0 1145.0
911.0 1028.0 1145.0
911.0 1028.0 1145.0
911.0 1028.0 1145.0
911.0 1028.0 1145.0
911.0 1028.0 1145.0
911.0 1028.0 1145.0
911.0 1028.0 1145.0
911.0 1028.0 1145.0
911.0 1028.0 1145.0
911.0 1028.0 1145.0
911.0 1028.0 1145.0
911.0 1028.0 1145.0
911.0 1028.0 1145.0
911.0 1028.0 1145.0
911.0 1028.0 1145.0
911.0 1028.0 1145.0
911.0 1028.0 1145.0
911.0 1028.0 1145.0
911.0 1028.0 1145.0
911.0 1028.0 1145.0
911.0 1028.0 1145.0
911.0 1028.0 1145.0
911.0 1028.0 1145.0
911.0 1028.0 1145.0
911.0 1028.0 1145.0
911.0 1028.0 1145.0
911.0 1028.0 1145.0
911.0 1028.0 1145.0
911.0 1028.0 1145.0
911.0 1028.0 1145.0
911.0 1028.0 1145.0
911.0 1028.0 1145.0
911.0 1028.0 1145.0
911.0 1028.0 1145.0
911.0 1028.0 1145.0
911.0 1028.0 1145.0
911.0 1028.0 1145.0
911.0 1028.0 1145.0
911.0 1028.0 1145.0
911.0 1028.0 1145.0
911.0 1028.0 1145.0
911.0 1028.0 1145.0
911.0 1028.0 1145.0
911.0 1028.0 1145.0
911.0 1028.0 1145.0
911.0 1028.0 1145.0
911.0 1028.0 1145.0
911.0 1028.0 1145.0
911.0 1028.0 1145.0
911.0 1028.0 1145.0
911.0 1028.0 1145.0
911.0 1028.0 1145.0
911.0 1028.0 1145.0
911.0 1028.0 1145.0
911.0 1028.0 1145.0
911.0 1028.0 1145.0
911.0 1028.0 1145.0
911.0 1028.0 1145.0
911.0 1028.0 1145.0
911.0 1028.0 1145.0
911.0 1028.0 1145.0
911.0 1028.0 1145.0
911.0 1028.0 1145.0
911.0 1028.0 1145.0
911.0 1028.0 1145.0
911.0 1028.0 1145.0
911.0 1028.0 1145.0
911.0 1028.0 1145.0
911.0 957.0 1003.0
911.0 957.0 1003.0
746.0 828.5 911.0
746.0 828.5 911.0
