10254.0 10323.5 10393.0
7391.0 9366.0 11341.0
7910.0 8367.5 8825.0
6141.0 6241.5 6342.0
4276.0 4337.0 4398.0
3505.0 3655.5 3806.0
3136.0 3208.0 3280.0
2065.0 2525.0 2985.0
2065.0 2311.0 2557.0
2065.0 2481.5 2898.0
1686.0 1949.0 2212.0
1480.0 1583.0 1686.0
1480.0 1583.0 1686.0
1480.0 1583.0 1686.0
1249.0 1524.5 1800.0
1249.0 1524.5 1800.0
1249.0 1524.5 1800.0
984.0 1392.0 1800.0
737.0 1268.5 1800.0
737.0 1268.5 1800.0
737.0 1268.5 1800.0
737.0 1348.5 1960.0
737.0 1286.5 1836.0
737.0 1193.5 1650.0
737.0 1193.5 1650.0
737.0 826.0 915.0
737.0 826.0 915.0
737.0 826.0 915.0
737.0 826.0 915.0
737.0 826.0 915.0
737.0 826.0 915.0
737.0 826.0 915.0
737.0 826.0 915.0
737.0 826.0 915.0
737.0 826.0 915.0
737.0 826.0 915.0
737.0 826.0 915.0
737.0 826.0 915.0
737.0 826.0 915.0
737.0 826.0 915.0
737.0 826.0 915.0
737.0 826.0 915.0
737.0 826.0 915.0
737.0 826.0 915.0
737.0 826.0 915.0
737.0 826.0 915.0
737.0 826.0 915.0
737.0 826.0 915.0
737.0 826.0 915.0
737.0 826.0 915.0
737.0 826.0 915.0
737.0 826.0 915.0
737.0 826.0 915.0
737.0 826.0 915.0
737.0 826.0 915.0
737.0 826.0 915.0
737.0 826.0 915.0
737.0 826.0 915.0
737.0 826.0 915.0
737.0 826.0 915.0
737.0 826.0 915.0
737.0 826.0 915.0
737.0 826.0 915.0
737.0 826.0 915.0
737.0 826.0 915.0
737.0 826.0 915.0
737.0 826.0 915.0
737.0 826.0 915.0
737.0 826.0 915.0
737.0 826.0 915.0
737.0 826.0 915.0
737.0 826.0 915.0
737.0 826.0 915.0
737.0 826.0 915.0
737.0 826.0 915.0
737.0 826.0 915.0
737.0 826.0 915.0
737.0 826.0 915.0
737.0 826.0 915.0
737.0 826.0 915.0
737.0 826.0 915.0
737.0 826.0 915.0
737.0 826.0 915.0
737.0 826.0 915.0
737.0 826.0 915.0
737.0 826.0 915.0
737.0 826.0 915.0
737.0 826.0 915.0
737.0 826.0 915.0
737.0 826.0 915.0
737.0 826.0 915.0
737.0 826.0 915.0
737.0 826.0 915.0
737.0 826.0 915.0
737.0 826.0 915.0
737.0 826.0 915.0
737.0 826.0 915.0
737.0 826.0 915.0
737.0 826.0 915.0
737.0 826.0 915.0
737.0 826.0 915.0
737.0 826.0 915.0
737.0 826.0 915.0
737.0 826.0 915.0
737.0 826.0 915.0
737.0 826.0 915.0
737.0 826.0 915.0
737.0 826.0 915.0
737.0 826.0 915.0
737.0 826.0 915.0
737.0 826.0 915.0
737.0 826.0 915.0
737.0 826.0 915.0
737.0 826.0 915.0
737.0 826.0 915.0
737.0 826.0 915.0
737.0 826.0 915.0
737.0 826.0 915.0
737.0 826.0 915.0
737.0 826.0 915.0
737.0 826.0 915.0
737.0 826.0 915.0
737.0 826.0 915.0
737.0 826.0 915.0
737.0 826.0 915.0
737.0 826.0 915.0
737.0 826.0 915.0
737.0 826.0 915.0
737.0 826.0 915.0
737.0 826.0 915.0
737.0 826.0 915.0
737.0 826.0 915.0
737.0 826.0 915.0
737.0 826.0 915.0
737.0 826.0 915.0
737.0 826.0 915.0
737.0 826.0 915.0
737.0 826.0 915.0
737.0 826.0 915.0
737.0 826.0 915.0
737.0 826.0 915.0
737.0 826.0 915.0
737.0 826.0 915.0
737.0 826.0 915.0
737.0 826.0 915.0
737.0 826.0 915.0
737.0 826.0 915.0
737.0 826.0 915.0
737.0 826.0 915.0
737.0 826.0 915.0
737.0 826.0 915.0
737.0 826.0 915.0
737.0 826.0 915.0
737.0 826.0 915.0
737.0 826.0 915.0
737.0 826.0 915.0
737.0 826.0 915.0
737.0 826.0 915.0
737.0 826.0 915.0
737.0 826.0 915.0
737.0 826.0 915.0
737.0 826.0 915.0
737.0 826.0 915.0
737.0 826.0 915.0
737.0 826.0 915.0
737.0 826.0 915.0
737.0 826.0 915.0
737.0 826.0 915.0
737.0 826.0 915.0
737.0 826.0 915.0
737.0 826.0 915.0
737.0 826.0 915.0
737.0 826.0 915.0
737.0 826.0 915.0
737.0 826.0 915.0
737.0 826.0 915.0
737.0 826.0 915.0
737.0 826.0 915.0
737.0 826.0 915.0
737.0 826.0 915.0
737.0 826.0 915.0
737.0 826.0 915.0
737.0 826.0 915.0
737.0 826.0 915.0
737.0 826.0 915.0
737.0 826.0 915.0
737.0 826.0 915.0
737.0 826.0 915.0
737.0 826.0 915.0
737.0 826.0 915.0
737.0 826.0 915.0
737.0 826.0 915.0
737.0 826.0 915.0
737.0 826.0 915.0
737.0 826.0 915.0
737.0 826.0 915.0
737.0 826.0 915.0
737.0 826.0 915.0
737.0 826.0 915.0
737.0 826.0 915.0
