13892.0 16536.0 19180.0
15541.0 16020.5 16500.0
12783.0 14375.5 15968.0
8970.0 10779.0 12588.0
7917.0 9617.0 11317.0
8346.0 9287.5 10229.0
5319.0 5675.0 6031.0
5319.0 5496.5 5674.0
5362.0 5631.0 5900.0
3700.0 4531.0 5362.0
2894.0 3297.0 3700.0
2894.0 3297.0 3700.0
2894.0 3297.0 3700.0
2894.0 3050.0 3206.0
2243.0 2568.5 2894.0
2243.0 2568.5 2894.0
2243.0 2568.5 2894.0
2243.0 2568.5 2894.0
2243.0 2568.5 2894.0
2243.0 2568.5 2894.0
2243.0 2378.5 2514.0
1969.0 2241.5 2514.0
1689.0 2101.5 2514.0
1689.0 2101.5 2514.0
1689.0 2101.5 2514.0
1689.0 2101.5 2514.0
1689.0 2101.5 2514.0
1689.0 2101.5 2514.0
1689.0 2101.5 2514.0
1689.0 2101.5 2514.0
1689.0 2101.5 2514.0
1689.0 2101.5 2514.0
1689.0 2101.5 2514.0
1689.0 2101.5 2514.0
1689.0 2101.5 2514.0
1689.0 2101.5 2514.0
1689.0 2101.5 2514.0
1689.0 2101.5 2514.0
1689.0 2101.5 2514.0
1689.0 2101.5 2514.0
1689.0 2101.5 2514.0
1689.0 2101.5 2514.0
1689.0 2101.5 2514.0
1689.0 2101.5 2514.0
1689.0 2101.5 2514.0
1689.0 2101.5 2514.0
1689.0 2101.5 2514.0
1689.0 2101.5 2514.0
1689.0 2101.5 2514.0
1121.0 1817.5 2514.0
1121.0 1817.5 2514.0
1121.0 1817.5 2514.0
1121.0 1817.5 2514.0
1121.0 1817.5 2514.0
1121.0 1817.5 2514.0
1121.0 1817.5 2514.0
1121.0 1817.5 2514.0
1121.0 1331.0 1541.0
1121.0 1331.0 1541.0
1121.0 1331.0 1541.0
1121.0 1331.0 1541.0
1121.0 1331.0 1541.0
1121.0 1331.0 1541.0
1121.0 1331.0 1541.0
1121.0 1331.0 1541.0
1121.0 1331.0 1541.0
1121.0 1331.0 1541.0
1121.0 1331.0 1541.0
1121.0 1331.0 1541.0
1121.0 1331.0 1541.0
1121.0 1331.0 1541.0
1121.0 1331.0 1541.0
1121.0 1331.0 1541.0
1121.0 1331.0 1541.0
1121.0 1331.0 1541.0
1121.0 1331.0 1541.0
1121.0 1331.0 1541.0
1121.0 1331.0 1541.0
1121.0 1331.0 1541.0
1121.0 1331.0 1541.0
1121.0 1331.0 1541.0
1121.0 1331.0 1541.0
1121.0 1331.0 1541.0
1121.0 1331.0 1541.0
1121.0 1331.0 1541.0
1121.0 1331.0 1541.0
1121.0 1331.0 1541.0
1121.0 1331.0 1541.0
1121.0 1331.0 1541.0
1121.0 1331.0 1541.0
1121.0 1331.0 1541.0
1121.0 1331.0 1541.0
1121.0 1331.0 1541.0
1121.0 1331.0 1541.0
1121.0 1331.0 1541.0
1121.0 1331.0 1541.0
1121.0 1331.0 1541.0
1121.0 1331.0 1541.0
1121.0 1331.0 1541.0
1121.0 1331.0 1541.0
1121.0 1331.0 1541.0
1121.0 1331.0 1541.0
1121.0 1331.0 1541.0
1121.0 1331.0 1541.0
1121.0 1331.0 1541.0
1121.0 1331.0 1541.0
1121.0 1331.0 1541.0
1121.0 1331.0 1541.0
1121.0 1331.0 1541.0
1121.0 1331.0 1541.0
1001.0 1271.0 1541.0
1001.0 1271.0 1541.0
1001.0 1271.0 1541.0
1001.0 1271.0 1541.0
1001.0 1271.0 1541.0
1001.0 1271.0 1541.0
1001.0 1271.0 1541.0
1001.0 1271.0 1541.0
1001.0 1271.0 1541.0
1001.0 1271.0 1541.0
1001.0 1271.0 1541.0
1001.0 1271.0 1541.0
1001.0 1271.0 1541.0
1001.0 1271.0 1541.0
1001.0 1271.0 1541.0
1001.0 1271.0 1541.0
1001.0 1271.0 1541.0
1001.0 1271.0 1541.0
1001.0 1271.0 1541.0
1001.0 1271.0 1541.0
1001.0 1271.0 1541.0
1001.0 1271.0 1541.0
1001.0 1271.0 1541.0
1001.0 1271.0 1541.0
1001.0 1338.0 1675.0
1001.0 1250.0 1499.0
1001.0 1250.0 1499.0
1001.0 1250.0 1499.0
1001.0 1250.0 1499.0
1001.0 1250.0 1499.0
1001.0 1250.0 1499.0
1001.0 1250.0 1499.0
1001.0 1250.0 1499.0
1001.0 1250.0 1499.0
1001.0 1250.0 1499.0
1001.0 1250.0 1499.0
1001.0 1250.0 1499.0
1001.0 1250.0 1499.0
1001.0 1250.0 1499.0
1001.0 1250.0 1499.0
1001.0 1250.0 1499.0
1001.0 1250.0 1499.0
1001.0 1250.0 1499.0
1001.0 1250.0 1499.0
1001.0 1250.0 1499.0
1001.0 1250.0 1499.0
1001.0 1250.0 1499.0
1001.0 1250.0 1499.0
1001.0 1250.0 1499.0
1001.0 1250.0 1499.0
1001.0 1250.0 1499.0
1001.0 1250.0 1499.0
1001.0 1250.0 1499.0
1001.0 1250.0 1499.0
1001.0 1250.0 1499.0
1001.0 1250.0 1499.0
1001.0 1250.0 1499.0
1001.0 1250.0 1499.0
1001.0 1250.0 1499.0
1001.0 1250.0 1499.0
1001.0 1250.0 1499.0
1001.0 1250.0 1499.0
1001.0 1250.0 1499.0
1001.0 1250.0 1499.0
1001.0 1250.0 1499.0
1001.0 1250.0 1499.0
1001.0 1250.0 1499.0
1001.0 1250.0 1499.0
1001.0 1250.0 1499.0
1001.0 1241.0 1481.0
1001.0 1241.0 1481.0
1001.0 1241.0 1481.0
1001.0 1241.0 1481.0
1001.0 1241.0 1481.0
1001.0 1241.0 1481.0
1001.0 1241.0 1481.0
1001.0 1241.0 1481.0
1001.0 1241.0 1481.0
1001.0 1241.0 1481.0
1001.0 1241.0 1481.0
1001.0 1241.0 1481.0
1001.0 1241.0 1481.0
1001.0 1241.0 1481.0
1001.0 1241.0 1481.0
1001.0 1241.0 1481.0
1001.0 1241.0 1481.0
1001.0 1241.0 1481.0
1001.0 1241.0 1481.0
1001.0 1241.0 1481.0
1001.0 1241.0 1481.0
