13275.0 14673.5 16072.0
10442.0 11533.0 12624.0
10354.0 10493.5 10633.0
8540.0 9086.5 9633.0
5398.0 5699.5 6001.0
4943.0 5170.5 5398.0
3741.0 4081.5 4422.0
3741.0 4082.0 4423.0
2338.0 2930.0 3522.0
2338.0 2570.5 2803.0
2186.0 2262.0 2338.0
2186.0 2262.0 2338.0
2186.0 2262.0 2338.0
2186.0 2262.0 2338.0
2319.0 2328.5 2338.0
1974.0 2156.0 2338.0
1974.0 2156.0 2338.0
1683.0 2072.0 2461.0
1683.0 1728.0 1773.0
1683.0 1728.0 1773.0
1683.0 1728.0 1773.0
1683.0 1728.0 1773.0
1683.0 1728.0 1773.0
1683.0 1728.0 1773.0
1683.0 1728.0 1773.0
1683.0 1728.0 1773.0
1683.0 1728.0 1773.0
1683.0 1728.0 1773.0
1683.0 1728.0 1773.0
1683.0 1728.0 1773.0
1683.0 1728.0 1773.0
1683.0 1728.0 1773.0
1683.0 1728.0 1773.0
1683.0 1728.0 1773.0
1683.0 1728.0 1773.0
1683.0 1728.0 1773.0
1683.0 1728.0 1773.0
1683.0 1728.0 1773.0
1683.0 1728.0 1773.0
1683.0 1728.0 1773.0
1683.0 1728.0 1773.0
1683.0 1728.0 1773.0
1683.0 1728.0 1773.0
1683.0 1728.0 1773.0
1683.0 1728.0 1773.0
1683.0 1728.0 1773.0
1683.0 1728.0 1773.0
1683.0 1728.0 1773.0
1683.0 1728.0 1773.0
1683.0 1728.0 1773.0
1683.0 1728.0 1773.0
1683.0 1728.0 1773.0
1683.0 1728.0 1773.0
1683.0 1728.0 1773.0
1683.0 1728.0 1773.0
1683.0 1728.0 1773.0
1683.0 1728.0 1773.0
1683.0 1728.0 1773.0
1683.0 1728.0 1773.0
1683.0 1728.0 1773.0
1683.0 1728.0 1773.0
1683.0 1728.0 1773.0
1683.0 1728.0 1773.0
1683.0 1728.0 1773.0
1103.0 1393.0 1683.0
1103.0 1393.0 1683.0
1103.0 1393.0 1683.0
1103.0 1393.0 1683.0
1103.0 1393.0 1683.0
1103.0 1393.0 1683.0
1103.0 1283.0 1463.0
1103.0 1283.0 1463.0
1103.0 1283.0 1463.0
1103.0 1283.0 1463.0
1103.0 1283.0 1463.0
1103.0 1283.0 1463.0
1103.0 1283.0 1463.0
1103.0 1283.0 1463.0
1103.0 1283.0 1463.0
1103.0 1283.0 1463.0
1103.0 1283.0 1463.0
1103.0 1283.0 1463.0
1103.0 1283.0 1463.0
1103.0 1283.0 1463.0
1103.0 1283.0 1463.0
1103.0 1283.0 1463.0
1103.0 1283.0 1463.0
1103.0 1283.0 1463.0
1103.0 1283.0 1463.0
1103.0 1283.0 1463.0
1103.0 1283.0 1463.0
1103.0 1283.0 1463.0
1103.0 1283.0 1463.0
1103.0 1283.0 1463.0
1103.0 1283.0 1463.0
1103.0 1283.0 1463.0
1103.0 1283.0 1463.0
1103.0 1283.0 1463.0
1103.0 1283.0 1463.0
1103.0 1283.0 1463.0
1103.0 1283.0 1463.0
1103.0 1283.0 1463.0
1103.0 1283.0 1463.0
1103.0 1283.0 1463.0
1103.0 1283.0 1463.0
1103.0 1283.0 1463.0
1103.0 1283.0 1463.0
1103.0 1283.0 1463.0
1103.0 1283.0 1463.0
1103.0 1283.0 1463.0
1103.0 1283.0 1463.0
1103.0 1283.0 1463.0
1103.0 1283.0 1463.0
1103.0 1283.0 1463.0
1103.0 1283.0 1463.0
1103.0 1283.0 1463.0
1103.0 1283.0 1463.0
1103.0 1283.0 1463.0
1103.0 1283.0 1463.0
1103.0 1283.0 1463.0
1103.0 1283.0 1463.0
1103.0 1283.0 1463.0
1103.0 1283.0 1463.0
1103.0 1283.0 1463.0
1103.0 1283.0 1463.0
1103.0 1283.0 1463.0
1103.0 1283.0 1463.0
1103.0 1283.0 1463.0
1103.0 1283.0 1463.0
1103.0 1283.0 1463.0
1103.0 1283.0 1463.0
1103.0 1283.0 1463.0
1103.0 1283.0 1463.0
1103.0 1283.0 1463.0
1103.0 1283.0 1463.0
1103.0 1283.0 1463.0
1103.0 1283.0 1463.0
1103.0 1283.0 1463.0
1103.0 1283.0 1463.0
1103.0 1283.0 1463.0
1103.0 1283.0 1463.0
1103.0 1283.0 1463.0
1103.0 1283.0 1463.0
1103.0 1283.0 1463.0
1103.0 1283.0 1463.0
1103.0 1283.0 1463.0
1103.0 1283.0 1463.0
1103.0 1283.0 1463.0
1103.0 1283.0 1463.0
1103.0 1283.0 1463.0
1103.0 1283.0 1463.0
1103.0 1283.0 1463.0
1103.0 1283.0 1463.0
1103.0 1283.0 1463.0
1103.0 1283.0 1463.0
1103.0 1283.0 1463.0
1103.0 1283.0 1463.0
1103.0 1283.0 1463.0
1103.0 1283.0 1463.0
1103.0 1283.0 1463.0
1103.0 1283.0 1463.0
1103.0 1283.0 1463.0
1103.0 1283.0 1463.0
1103.0 1283.0 1463.0
1103.0 1283.0 1463.0
1103.0 1283.0 1463.0
1103.0 1283.0 1463.0
1103.0 1283.0 1463.0
1103.0 1283.0 1463.0
1103.0 1283.0 1463.0
1103.0 1283.0 1463.0
1103.0 1283.0 1463.0
1103.0 1283.0 1463.0
1103.0 1283.0 1463.0
1103.0 1283.0 1463.0
1103.0 1283.0 1463.0
1103.0 1283.0 1463.0
1103.0 1283.0 1463.0
1103.0 1283.0 1463.0
1103.0 1283.0 1463.0
1103.0 1283.0 1463.0
1103.0 1283.0 1463.0
1103.0 1283.0 1463.0
1103.0 1283.0 1463.0
1103.0 1283.0 1463.0
1103.0 1283.0 1463.0
1103.0 1283.0 1463.0
1103.0 1283.0 1463.0
1103.0 1283.0 1463.0
1103.0 1283.0 1463.0
1103.0 1283.0 1463.0
1103.0 1283.0 1463.0
1103.0 1283.0 1463.0
1103.0 1283.0 1463.0
1103.0 1283.0 1463.0
1103.0 1283.0 1463.0
1103.0 1283.0 1463.0
1103.0 1283.0 1463.0
1103.0 1283.0 1463.0
1103.0 1283.0 1463.0
