14347.0 15101.5 15856.0
9996.0 10588.0 11180.0
8606.0 9347.0 10088.0
6250.0 7367.0 8484.0
5525.0 5816.5 6108.0
3838.0 4503.0 5168.0
4245.0 4297.5 4350.0
1940.0 2332.0 2724.0
1940.0 2332.0 2724.0
1940.0 2132.5 2325.0
1068.0 1504.0 1940.0
1068.0 1504.0 1940.0
1068.0 1504.0 1940.0
1068.0 1504.0 1940.0
1068.0 1504.0 1940.0
1068.0 1504.0 1940.0
1068.0 1504.0 1940.0
1068.0 1504.0 1940.0
1068.0 1504.0 1940.0
1068.0 1504.0 1940.0
1068.0 1504.0 1940.0
1068.0 1504.0 1940.0
1068.0 1504.0 1940.0
1068.0 1504.0 1940.0
1068.0 1504.0 1940.0
1068.0 1504.0 1940.0
1068.0 1504.0 1940.0
1068.0 1504.0 1940.0
1068.0 1504.0 1940.0
1068.0 1504.0 1940.0
1068.0 1504.0 1940.0
1068.0 1504.0 1940.0
1068.0 1504.0 1940.0
1068.0 1504.0 1940.0
1068.0 1504.0 1940.0
1068.0 1504.0 1940.0
1068.0 1504.0 1940.0
1068.0 1504.0 1940.0
1068.0 1504.0 1940.0
1068.0 1504.0 1940.0
1068.0 1504.0 1940.0
1068.0 1504.0 1940.0
1068.0 1504.0 1940.0
1068.0 1504.0 1940.0
1068.0 1504.0 1940.0
1068.0 1504.0 1940.0
1068.0 1504.0 1940.0
1068.0 1504.0 1940.0
1068.0 1504.0 1940.0
1068.0 1504.0 1940.0
1068.0 1504.0 1940.0
1068.0 1504.0 1940.0
1068.0 1504.0 1940.0
1068.0 1504.0 1940.0
1068.0 1504.0 1940.0
1068.0 1504.0 1940.0
1068.0 1504.0 1940.0
1068.0 1504.0 1940.0
1068.0 1504.0 1940.0
1068.0 1504.0 1940.0
1068.0 1504.0 1940.0
1068.0 1504.0 1940.0
1068.0 1504.0 1940.0
1068.0 1504.0 1940.0
1068.0 1504.0 1940.0
1068.0 1504.0 1940.0
1068.0 1504.0 1940.0
1068.0 1504.0 1940.0
1068.0 1504.0 1940.0
1068.0 1408.0 1748.0
1068.0 1271.0 1474.0
1068.0 1271.0 1474.0
1068.0 1271.0 1474.0
1068.0 1271.0 1474.0
1068.0 1271.0 1474.0
1068.0 1271.0 1474.0
1068.0 1271.0 1474.0
1068.0 1271.0 1474.0
1068.0 1271.0 1474.0
1068.0 1271.0 1474.0
1068.0 1271.0 1474.0
1068.0 1271.0 1474.0
1068.0 1271.0 1474.0
1068.0 1271.0 1474.0
1068.0 1271.0 1474.0
1068.0 1271.0 1474.0
1068.0 1271.0 1474.0
1068.0 1271.0 1474.0
1068.0 1271.0 1474.0
1068.0 1271.0 1474.0
1068.0 1271.0 1474.0
1068.0 1271.0 1474.0
1068.0 1271.0 1474.0
1068.0 1271.0 1474.0
1068.0 1271.0 1474.0
1068.0 1271.0 1474.0
1068.0 1271.0 1474.0
1068.0 1271.0 1474.0
1068.0 1271.0 1474.0
1068.0 1271.0 1474.0
1068.0 1271.0 1474.0
1068.0 1271.0 1474.0
1068.0 1271.0 1474.0
1068.0 1271.0 1474.0
1068.0 1271.0 1474.0
1068.0 1271.0 1474.0
1068.0 1271.0 1474.0
1068.0 1271.0 1474.0
1068.0 1271.0 1474.0
1068.0 1271.0 1474.0
1068.0 1271.0 1474.0
1068.0 1271.0 1474.0
1068.0 1271.0 1474.0
1068.0 1271.0 1474.0
1068.0 1271.0 1474.0
1068.0 1271.0 1474.0
1068.0 1271.0 1474.0
1068.0 1271.0 1474.0
1068.0 1271.0 1474.0
1068.0 1271.0 1474.0
1068.0 1271.0 1474.0
1068.0 1271.0 1474.0
1068.0 1271.0 1474.0
1068.0 1271.0 1474.0
1068.0 1271.0 1474.0
1068.0 1271.0 1474.0
1068.0 1271.0 1474.0
1068.0 1271.0 1474.0
1068.0 1271.0 1474.0
1068.0 1271.0 1474.0
1068.0 1271.0 1474.0
1068.0 1271.0 1474.0
1068.0 1271.0 1474.0
1068.0 1271.0 1474.0
1068.0 1271.0 1474.0
1068.0 1271.0 1474.0
1068.0 1271.0 1474.0
1068.0 1271.0 1474.0
1068.0 1271.0 1474.0
1068.0 1271.0 1474.0
1068.0 1271.0 1474.0
1068.0 1271.0 1474.0
1068.0 1271.0 1474.0
1068.0 1271.0 1474.0
1068.0 1271.0 1474.0
1068.0 1271.0 1474.0
1068.0 1271.0 1474.0
1068.0 1271.0 1474.0
1068.0 1271.0 1474.0
1068.0 1271.0 1474.0
1068.0 1271.0 1474.0
1068.0 1271.0 1474.0
1068.0 1271.0 1474.0
1068.0 1271.0 1474.0
1068.0 1271.0 1474.0
1068.0 1271.0 1474.0
1068.0 1271.0 1474.0
1068.0 1271.0 1474.0
1068.0 1271.0 1474.0
1068.0 1271.0 1474.0
1068.0 1271.0 1474.0
1068.0 1271.0 1474.0
1068.0 1271.0 1474.0
1068.0 1271.0 1474.0
1068.0 1271.0 1474.0
1068.0 1271.0 1474.0
1068.0 1271.0 1474.0
1068.0 1271.0 1474.0
1068.0 1271.0 1474.0
1068.0 1271.0 1474.0
1068.0 1271.0 1474.0
1068.0 1271.0 1474.0
1068.0 1271.0 1474.0
1068.0 1271.0 1474.0
1068.0 1271.0 1474.0
1068.0 1271.0 1474.0
1068.0 1271.0 1474.0
1068.0 1271.0 1474.0
1068.0 1271.0 1474.0
1068.0 1271.0 1474.0
1068.0 1271.0 1474.0
1068.0 1271.0 1474.0
1068.0 1271.0 1474.0
1068.0 1271.0 1474.0
1068.0 1271.0 1474.0
1068.0 1271.0 1474.0
1068.0 1271.0 1474.0
1068.0 1271.0 1474.0
1068.0 1271.0 1474.0
1068.0 1271.0 1474.0
1068.0 1271.0 1474.0
1068.0 1271.0 1474.0
1068.0 1271.0 1474.0
1068.0 1271.0 1474.0
1068.0 1271.0 1474.0
1068.0 1271.0 1474.0
1068.0 1271.0 1474.0
1068.0 1271.0 1474.0
1068.0 1271.0 1474.0
1068.0 1271.0 1474.0
