9012.0 10849.5 12687.0
7245.0 9718.0 12191.0
8185.0 8426.5 8668.0
5754.0 6969.5 8185.0
5729.0 6457.0 7185.0
4154.0 4664.0 5174.0
3784.0 4156.0 4528.0
2803.0 3031.5 3260.0
2607.0 3023.0 3439.0
2607.0 2701.0 2795.0
1643.0 2125.0 2607.0
1643.0 2125.0 2607.0
1643.0 2066.5 2490.0
1643.0 2186.0 2729.0
1643.0 2186.0 2729.0
1643.0 2186.0 2729.0
1643.0 2027.0 2411.0
1643.0 1676.0 1709.0
1643.0 1846.0 2049.0
1643.0 1846.0 2049.0
1643.0 1674.0 1705.0
1643.0 1674.0 1705.0
1643.0 1674.0 1705.0
1643.0 1674.0 1705.0
1643.0 1674.0 1705.0
1643.0 1674.0 1705.0
1643.0 1674.0 1705.0
1643.0 1674.0 1705.0
1643.0 1674.0 1705.0
1643.0 1674.0 1705.0
1643.0 1674.0 1705.0
1643.0 1674.0 1705.0
1643.0 1674.0 1705.0
1643.0 1674.0 1705.0
1643.0 1674.0 1705.0
1643.0 1674.0 1705.0
1643.0 1674.0 1705.0
1643.0 1674.0 1705.0
1643.0 1674.0 1705.0
1643.0 1674.0 1705.0
1643.0 1674.0 1705.0
1643.0 1674.0 1705.0
1643.0 1674.0 1705.0
1643.0 1674.0 1705.0
1643.0 1674.0 1705.0
1643.0 1674.0 1705.0
1643.0 1674.0 1705.0
1643.0 1674.0 1705.0
1643.0 1674.0 1705.0
1643.0 1674.0 1705.0
1643.0 1674.0 1705.0
1643.0 1674.0 1705.0
1643.0 1674.0 1705.0
1643.0 1674.0 1705.0
1643.0 1674.0 1705.0
1643.0 1674.0 1705.0
1643.0 1674.0 1705.0
1643.0 1674.0 1705.0
1643.0 1674.0 1705.0
1643.0 1674.0 1705.0
1643.0 1674.0 1705.0
1643.0 1674.0 1705.0
1643.0 1674.0 1705.0
1643.0 1674.0 1705.0
1643.0 1674.0 1705.0
1643.0 1674.0 1705.0
1643.0 1674.0 1705.0
1643.0 1674.0 1705.0
1643.0 1674.0 1705.0
1643.0 1674.0 1705.0
1643.0 1674.0 1705.0
1643.0 1674.0 1705.0
1643.0 1674.0 1705.0
1643.0 1674.0 1705.0
1643.0 1674.0 1705.0
1643.0 1674.0 1705.0
1555.0 1630.0 1705.0
1555.0 1630.0 1705.0
1555.0 1630.0 1705.0
1555.0 1630.0 1705.0
1555.0 1630.0 1705.0
1555.0 1630.0 1705.0
1555.0 1630.0 1705.0
1555.0 1630.0 1705.0
1555.0 1630.0 1705.0
1555.0 1630.0 1705.0
1555.0 1630.0 1705.0
1555.0 1630.0 1705.0
1555.0 1630.0 1705.0
1555.0 1630.0 1705.0
1555.0 1630.0 1705.0
1555.0 1630.0 1705.0
1555.0 1630.0 1705.0
1555.0 1630.0 1705.0
1555.0 1630.0 1705.0
1555.0 1630.0 1705.0
1555.0 1630.0 1705.0
1555.0 1630.0 1705.0
1555.0 1630.0 1705.0
1555.0 1630.0 1705.0
1555.0 1630.0 1705.0
1555.0 1630.0 1705.0
1555.0 1630.0 1705.0
1555.0 1630.0 1705.0
1555.0 1630.0 1705.0
1555.0 1630.0 1705.0
1555.0 1630.0 1705.0
1555.0 1630.0 1705.0
1555.0 1630.0 1705.0
1555.0 1630.0 1705.0
1555.0 1630.0 1705.0
1555.0 1630.0 1705.0
1555.0 1630.0 1705.0
1555.0 1630.0 1705.0
1555.0 1630.0 1705.0
1555.0 1630.0 1705.0
1555.0 1630.0 1705.0
1555.0 1630.0 1705.0
1555.0 1630.0 1705.0
1555.0 1630.0 1705.0
1555.0 1630.0 1705.0
1555.0 1630.0 1705.0
1555.0 1630.0 1705.0
1555.0 1630.0 1705.0
1555.0 1630.0 1705.0
1555.0 1630.0 1705.0
1555.0 1630.0 1705.0
1555.0 1630.0 1705.0
1555.0 1630.0 1705.0
1555.0 1630.0 1705.0
1555.0 1630.0 1705.0
1555.0 1630.0 1705.0
1555.0 1630.0 1705.0
1555.0 1630.0 1705.0
1555.0 1630.0 1705.0
1555.0 1630.0 1705.0
1555.0 1630.0 1705.0
1555.0 1630.0 1705.0
1555.0 1630.0 1705.0
1555.0 1630.0 1705.0
1555.0 1630.0 1705.0
1555.0 1630.0 1705.0
1555.0 1630.0 1705.0
1555.0 1630.0 1705.0
1555.0 1630.0 1705.0
1555.0 1630.0 1705.0
1555.0 1630.0 1705.0
1555.0 1630.0 1705.0
1555.0 1630.0 1705.0
1555.0 1630.0 1705.0
1555.0 1630.0 1705.0
1555.0 1630.0 1705.0
1555.0 1630.0 1705.0
1555.0 1630.0 1705.0
1555.0 1630.0 1705.0
1555.0 1630.0 1705.0
1555.0 1630.0 1705.0
1555.0 1630.0 1705.0
1566.0 1635.5 1705.0
1669.0 1687.0 1705.0
1460.0 1582.5 1705.0
998.0 1351.5 1705.0
998.0 1351.5 1705.0
925.0 1315.0 1705.0
925.0 1315.0 1705.0
925.0 1315.0 1705.0
925.0 1315.0 1705.0
925.0 1315.0 1705.0
925.0 1315.0 1705.0
925.0 1315.0 1705.0
925.0 1315.0 1705.0
925.0 1315.0 1705.0
925.0 1315.0 1705.0
925.0 1315.0 1705.0
925.0 1315.0 1705.0
925.0 1315.0 1705.0
925.0 1315.0 1705.0
925.0 1315.0 1705.0
925.0 1315.0 1705.0
925.0 1315.0 1705.0
925.0 1315.0 1705.0
925.0 1315.0 1705.0
925.0 1315.0 1705.0
925.0 1315.0 1705.0
925.0 1315.0 1705.0
925.0 1315.0 1705.0
925.0 1315.0 1705.0
925.0 1315.0 1705.0
925.0 1315.0 1705.0
925.0 1315.0 1705.0
925.0 1315.0 1705.0
925.0 1315.0 1705.0
925.0 1315.0 1705.0
925.0 1315.0 1705.0
925.0 1315.0 1705.0
925.0 1315.0 1705.0
925.0 1315.0 1705.0
925.0 1315.0 1705.0
925.0 1315.0 1705.0
925.0 1315.0 1705.0
