13731.0 13928.0 14125.0
10757.0 11205.5 11654.0
8518.0 9488.0 10458.0
7283.0 7935.0 8587.0
5649.0 6467.5 7286.0
3469.0 4502.0 5535.0
2605.0 4432.5 6260.0
2605.0 3211.5 3818.0
2298.0 3058.0 3818.0
1654.0 2223.0 2792.0
1654.0 2100.0 2546.0
1654.0 2252.5 2851.0
1654.0 2003.5 2353.0
1654.0 2003.5 2353.0
1464.0 1559.0 1654.0
1464.0 1559.0 1654.0
1464.0 1559.0 1654.0
1464.0 1559.0 1654.0
1464.0 1559.0 1654.0
1464.0 1559.0 1654.0
1464.0 1559.0 1654.0
1464.0 1559.0 1654.0
1273.0 1368.5 1464.0
1318.0 1391.0 1464.0
1318.0 1391.0 1464.0
1267.0 1365.5 1464.0
1267.0 1365.5 1464.0
1267.0 1365.5 1464.0
1267.0 1365.5 1464.0
1267.0 1365.5 1464.0
1267.0 1365.5 1464.0
1267.0 1365.5 1464.0
1267.0 1365.5 1464.0
1267.0 1365.5 1464.0
1267.0 1365.5 1464.0
1267.0 1365.5 1464.0
1267.0 1365.5 1464.0
1267.0 1365.5 1464.0
1267.0 1365.5 1464.0
1267.0 1365.5 1464.0
1267.0 1365.5 1464.0
1267.0 1365.5 1464.0
1267.0 1365.5 1464.0
1267.0 1365.5 1464.0
1267.0 1365.5 1464.0
1267.0 1365.5 1464.0
1267.0 1365.5 1464.0
1267.0 1365.5 1464.0
1267.0 1365.5 1464.0
1267.0 1365.5 1464.0
1267.0 1365.5 1464.0
1267.0 1365.5 1464.0
1267.0 1365.5 1464.0
1267.0 1365.5 1464.0
1267.0 1365.5 1464.0
1267.0 1365.5 1464.0
1267.0 1365.5 1464.0
1267.0 1365.5 1464.0
1267.0 1365.5 1464.0
1267.0 1365.5 1464.0
1267.0 1365.5 1464.0
1267.0 1365.5 1464.0
1267.0 1365.5 1464.0
1267.0 1365.5 1464.0
1267.0 1365.5 1464.0
1267.0 1365.5 1464.0
1267.0 1365.5 1464.0
1267.0 1365.5 1464.0
1267.0 1365.5 1464.0
1267.0 1365.5 1464.0
1267.0 1365.5 1464.0
1267.0 1365.5 1464.0
1267.0 1365.5 1464.0
1267.0 1365.5 1464.0
1267.0 1365.5 1464.0
1267.0 1365.5 1464.0
1267.0 1365.5 1464.0
1267.0 1365.5 1464.0
1267.0 1365.5 1464.0
1267.0 1365.5 1464.0
1267.0 1365.5 1464.0
1267.0 1365.5 1464.0
1267.0 1365.5 1464.0
1267.0 1365.5 1464.0
1267.0 1365.5 1464.0
1267.0 1365.5 1464.0
1267.0 1365.5 1464.0
1267.0 1365.5 1464.0
1267.0 1365.5 1464.0
1267.0 1365.5 1464.0
1267.0 1365.5 1464.0
1267.0 1365.5 1464.0
1267.0 1365.5 1464.0
1267.0 1365.5 1464.0
1267.0 1365.5 1464.0
1267.0 1365.5 1464.0
1267.0 1365.5 1464.0
1267.0 1365.5 1464.0
1267.0 1365.5 1464.0
1267.0 1365.5 1464.0
1267.0 1365.5 1464.0
1267.0 1319.5 1372.0
1267.0 1319.5 1372.0
1267.0 1319.5 1372.0
1267.0 1319.5 1372.0
1267.0 1319.5 1372.0
1267.0 1319.5 1372.0
1267.0 1319.5 1372.0
1267.0 1319.5 1372.0
1267.0 1319.5 1372.0
1267.0 1319.5 1372.0
1267.0 1319.5 1372.0
1267.0 1319.5 1372.0
1267.0 1319.5 1372.0
1267.0 1319.5 1372.0
1267.0 1319.5 1372.0
1267.0 1319.5 1372.0
1267.0 1319.5 1372.0
1267.0 1319.5 1372.0
1267.0 1319.5 1372.0
1267.0 1319.5 1372.0
1267.0 1319.5 1372.0
1267.0 1319.5 1372.0
1267.0 1319.5 1372.0
1267.0 1319.5 1372.0
1267.0 1319.5 1372.0
1267.0 1319.5 1372.0
1267.0 1319.5 1372.0
1267.0 1319.5 1372.0
1267.0 1319.5 1372.0
1267.0 1319.5 1372.0
1267.0 1319.5 1372.0
1267.0 1319.5 1372.0
1267.0 1319.5 1372.0
1267.0 1319.5 1372.0
1267.0 1319.5 1372.0
1267.0 1319.5 1372.0
1267.0 1319.5 1372.0
1267.0 1319.5 1372.0
1267.0 1319.5 1372.0
1267.0 1319.5 1372.0
1267.0 1319.5 1372.0
1267.0 1319.5 1372.0
1267.0 1319.5 1372.0
1267.0 1319.5 1372.0
1267.0 1319.5 1372.0
1267.0 1319.5 1372.0
1267.0 1319.5 1372.0
1267.0 1319.5 1372.0
1267.0 1319.5 1372.0
1267.0 1319.5 1372.0
1257.0 1262.0 1267.0
1004.0 1135.5 1267.0
1004.0 1135.5 1267.0
1004.0 1135.5 1267.0
1004.0 1135.5 1267.0
1004.0 1135.5 1267.0
1004.0 1135.5 1267.0
1004.0 1135.5 1267.0
1004.0 1135.5 1267.0
1004.0 1135.5 1267.0
1004.0 1135.5 1267.0
1004.0 1135.5 1267.0
1004.0 1135.5 1267.0
1004.0 1135.5 1267.0
1004.0 1135.5 1267.0
1004.0 1135.5 1267.0
1004.0 1135.5 1267.0
1004.0 1135.5 1267.0
1004.0 1135.5 1267.0
1004.0 1135.5 1267.0
1004.0 1135.5 1267.0
1004.0 1135.5 1267.0
1004.0 1135.5 1267.0
1004.0 1135.5 1267.0
1004.0 1135.5 1267.0
1004.0 1135.5 1267.0
1004.0 1135.5 1267.0
1004.0 1135.5 1267.0
1004.0 1135.5 1267.0
1004.0 1135.5 1267.0
1004.0 1135.5 1267.0
1004.0 1135.5 1267.0
1004.0 1135.5 1267.0
1004.0 1135.5 1267.0
1004.0 1135.5 1267.0
1004.0 1135.5 1267.0
1004.0 1135.5 1267.0
1004.0 1135.5 1267.0
1004.0 1135.5 1267.0
1004.0 1135.5 1267.0
1004.0 1135.5 1267.0
1004.0 1135.5 1267.0
1004.0 1135.5 1267.0
1004.0 1135.5 1267.0
1004.0 1135.5 1267.0
1004.0 1135.5 1267.0
1004.0 1135.5 1267.0
1004.0 1135.5 1267.0
1004.0 1135.5 1267.0
