12530.0 13865.0 15200.0
10695.0 10962.5 11230.0
7790.0 8932.0 10074.0
4600.0 7360.5 10121.0
4763.0 6689.5 8616.0
3883.0 5475.0 7067.0
3237.0 4809.0 6381.0
2480.0 3922.5 5365.0
2288.0 2483.0 2678.0
1748.0 2213.0 2678.0
1748.0 2181.0 2614.0
1262.0 1938.0 2614.0
1262.0 1768.0 2274.0
1262.0 1549.5 1837.0
1262.0 1549.5 1837.0
1262.0 1543.5 1825.0
1262.0 1543.5 1825.0
1262.0 1543.5 1825.0
1262.0 1543.5 1825.0
1262.0 1543.5 1825.0
1262.0 1543.5 1825.0
1262.0 1543.5 1825.0
1262.0 1543.5 1825.0
1262.0 1321.5 1381.0
1262.0 1321.5 1381.0
1262.0 1321.5 1381.0
1262.0 1321.5 1381.0
1262.0 1321.5 1381.0
1262.0 1321.5 1381.0
1262.0 1321.5 1381.0
1262.0 1321.5 1381.0
1262.0 1321.5 1381.0
1262.0 1321.5 1381.0
1262.0 1321.5 1381.0
1262.0 1321.5 1381.0
1262.0 1321.5 1381.0
1262.0 1321.5 1381.0
1262.0 1321.5 1381.0
1262.0 1321.5 1381.0
1262.0 1321.5 1381.0
1262.0 1321.5 1381.0
1262.0 1321.5 1381.0
1262.0 1321.5 1381.0
1262.0 1321.5 1381.0
1262.0 1321.5 1381.0
1262.0 1321.5 1381.0
1262.0 1321.5 1381.0
1262.0 1321.5 1381.0
1262.0 1321.5 1381.0
1262.0 1321.5 1381.0
1262.0 1321.5 1381.0
1262.0 1321.5 1381.0
1262.0 1321.5 1381.0
1262.0 1321.5 1381.0
1262.0 1321.5 1381.0
1262.0 1321.5 1381.0
1262.0 1321.5 1381.0
1262.0 1321.5 1381.0
1262.0 1321.5 1381.0
1262.0 1321.5 1381.0
1262.0 1321.5 1381.0
1262.0 1321.5 1381.0
1262.0 1321.5 1381.0
1262.0 1321.5 1381.0
1262.0 1321.5 1381.0
1262.0 1321.5 1381.0
1262.0 1321.5 1381.0
1262.0 1321.5 1381.0
1262.0 1321.5 1381.0
1262.0 1321.5 1381.0
1262.0 1321.5 1381.0
1262.0 1321.5 1381.0
1262.0 1321.5 1381.0
1262.0 1321.5 1381.0
1262.0 1321.5 1381.0
1262.0 1321.5 1381.0
1262.0 1321.5 1381.0
1262.0 1321.5 1381.0
1262.0 1321.5 1381.0
1262.0 1321.5 1381.0
1262.0 1321.5 1381.0
1262.0 1321.5 1381.0
1262.0 1321.5 1381.0
1262.0 1321.5 1381.0
1262.0 1321.5 1381.0
1262.0 1321.5 1381.0
1262.0 1321.5 1381.0
1262.0 1321.5 1381.0
1262.0 1321.5 1381.0
1262.0 1321.5 1381.0
1262.0 1321.5 1381.0
1262.0 1321.5 1381.0
1262.0 1321.5 1381.0
1262.0 1321.5 1381.0
1262.0 1321.5 1381.0
1262.0 1321.5 1381.0
1262.0 1321.5 1381.0
1262.0 1321.5 1381.0
1262.0 1321.5 1381.0
1262.0 1321.5 1381.0
1262.0 1321.5 1381.0
1262.0 1321.5 1381.0
1262.0 1321.5 1381.0
1262.0 1321.5 1381.0
1262.0 1321.5 1381.0
1262.0 1321.5 1381.0
1262.0 1321.5 1381.0
1262.0 1321.5 1381.0
1262.0 1321.5 1381.0
1262.0 1321.5 1381.0
1262.0 1321.5 1381.0
1262.0 1321.5 1381.0
1262.0 1321.5 1381.0
1262.0 1321.5 1381.0
1262.0 1321.5 1381.0
1262.0 1321.5 1381.0
1262.0 1321.5 1381.0
1262.0 1321.5 1381.0
1262.0 1321.5 1381.0
1262.0 1321.5 1381.0
1262.0 1321.5 1381.0
1262.0 1321.5 1381.0
1262.0 1321.5 1381.0
1262.0 1321.5 1381.0
1262.0 1321.5 1381.0
1262.0 1321.5 1381.0
1262.0 1321.5 1381.0
1262.0 1321.5 1381.0
1262.0 1321.5 1381.0
1262.0 1321.5 1381.0
1262.0 1321.5 1381.0
1262.0 1321.5 1381.0
1262.0 1321.5 1381.0
1262.0 1321.5 1381.0
1262.0 1321.5 1381.0
1262.0 1321.5 1381.0
1262.0 1321.5 1381.0
1262.0 1321.5 1381.0
1262.0 1321.5 1381.0
1262.0 1321.5 1381.0
1262.0 1321.5 1381.0
1262.0 1321.5 1381.0
1262.0 1321.5 1381.0
1262.0 1321.5 1381.0
1262.0 1321.5 1381.0
1262.0 1321.5 1381.0
1262.0 1321.5 1381.0
1262.0 1321.5 1381.0
1262.0 1321.5 1381.0
1262.0 1321.5 1381.0
1262.0 1321.5 1381.0
1262.0 1321.5 1381.0
1262.0 1321.5 1381.0
1262.0 1321.5 1381.0
1262.0 1321.5 1381.0
1262.0 1321.5 1381.0
1262.0 1321.5 1381.0
1262.0 1321.5 1381.0
1262.0 1321.5 1381.0
1262.0 1321.5 1381.0
1262.0 1321.5 1381.0
1262.0 1321.5 1381.0
1262.0 1321.5 1381.0
1262.0 1321.5 1381.0
1262.0 1321.5 1381.0
1262.0 1321.5 1381.0
1262.0 1321.5 1381.0
1262.0 1321.5 1381.0
1262.0 1321.5 1381.0
1262.0 1321.5 1381.0
1262.0 1321.5 1381.0
1262.0 1321.5 1381.0
1262.0 1321.5 1381.0
1262.0 1321.5 1381.0
1262.0 1321.5 1381.0
1262.0 1321.5 1381.0
1262.0 1321.5 1381.0
1262.0 1321.5 1381.0
1262.0 1321.5 1381.0
1262.0 1321.5 1381.0
1262.0 1321.5 1381.0
1262.0 1321.5 1381.0
1262.0 1321.5 1381.0
1262.0 1321.5 1381.0
1262.0 1321.5 1381.0
1262.0 1321.5 1381.0
1262.0 1321.5 1381.0
1262.0 1321.5 1381.0
1262.0 1321.5 1381.0
1262.0 1321.5 1381.0
1262.0 1321.5 1381.0
1262.0 1321.5 1381.0
1262.0 1321.5 1381.0
1262.0 1321.5 1381.0
1262.0 1321.5 1381.0
1262.0 1321.5 1381.0
1262.0 1321.5 1381.0
1262.0 1321.5 1381.0
1262.0 1321.5 1381.0
1262.0 1321.5 1381.0
