10515.0 11783.5 13052.0
8704.0 9272.0 9840.0
8131.0 8178.5 8226.0
5894.0 6506.5 7119.0
5739.0 5771.0 5803.0
4692.0 4995.0 5298.0
2431.0 3620.0 4809.0
2431.0 3247.0 4063.0
2431.0 2446.0 2461.0
2431.0 2446.0 2461.0
1975.0 2344.0 2713.0
1371.0 1673.0 1975.0
1371.0 1528.5 1686.0
1122.0 1404.0 1686.0
1122.0 1404.0 1686.0
1122.0 1404.0 1686.0
1122.0 1404.0 1686.0
1122.0 1404.0 1686.0
1122.0 1404.0 1686.0
1122.0 1404.0 1686.0
1122.0 1258.0 1394.0
1122.0 1258.0 1394.0
1122.0 1263.5 1405.0
1122.0 1198.5 1275.0
797.0 959.5 1122.0
797.0 959.5 1122.0
797.0 959.5 1122.0
797.0 959.5 1122.0
797.0 959.5 1122.0
797.0 959.5 1122.0
797.0 959.5 1122.0
797.0 959.5 1122.0
797.0 959.5 1122.0
797.0 959.5 1122.0
797.0 959.5 1122.0
797.0 959.5 1122.0
797.0 959.5 1122.0
797.0 959.5 1122.0
797.0 959.5 1122.0
797.0 959.5 1122.0
797.0 959.5 1122.0
797.0 959.5 1122.0
797.0 959.5 1122.0
797.0 959.5 1122.0
797.0 959.5 1122.0
797.0 959.5 1122.0
797.0 959.5 1122.0
797.0 959.5 1122.0
797.0 959.5 1122.0
797.0 959.5 1122.0
797.0 959.5 1122.0
797.0 959.5 1122.0
797.0 959.5 1122.0
797.0 959.5 1122.0
797.0 959.5 1122.0
797.0 959.5 1122.0
797.0 959.5 1122.0
797.0 959.5 1122.0
797.0 959.5 1122.0
797.0 959.5 1122.0
797.0 959.5 1122.0
797.0 959.5 1122.0
797.0 959.5 1122.0
797.0 959.5 1122.0
797.0 959.5 1122.0
797.0 959.5 1122.0
797.0 959.5 1122.0
797.0 959.5 1122.0
797.0 959.5 1122.0
797.0 959.5 1122.0
797.0 959.5 1122.0
797.0 959.5 1122.0
797.0 959.5 1122.0
797.0 959.5 1122.0
797.0 959.5 1122.0
797.0 959.5 1122.0
797.0 959.5 1122.0
797.0 959.5 1122.0
797.0 959.5 1122.0
797.0 959.5 1122.0
797.0 959.5 1122.0
797.0 959.5 1122.0
797.0 959.5 1122.0
797.0 959.5 1122.0
797.0 959.5 1122.0
797.0 959.5 1122.0
797.0 959.5 1122.0
797.0 959.5 1122.0
797.0 959.5 1122.0
797.0 959.5 1122.0
797.0 959.5 1122.0
797.0 959.5 1122.0
797.0 959.5 1122.0
797.0 959.5 1122.0
797.0 959.5 1122.0
797.0 959.5 1122.0
797.0 959.5 1122.0
797.0 959.5 1122.0
797.0 959.5 1122.0
797.0 959.5 1122.0
797.0 959.5 1122.0
797.0 959.5 1122.0
797.0 959.5 1122.0
797.0 959.5 1122.0
797.0 959.5 1122.0
797.0 959.5 1122.0
797.0 959.5 1122.0
797.0 959.5 1122.0
797.0 959.5 1122.0
797.0 959.5 1122.0
797.0 959.5 1122.0
797.0 959.5 1122.0
797.0 959.5 1122.0
797.0 959.5 1122.0
797.0 959.5 1122.0
797.0 959.5 1122.0
797.0 959.5 1122.0
797.0 959.5 1122.0
797.0 959.5 1122.0
797.0 959.5 1122.0
797.0 959.5 1122.0
797.0 959.5 1122.0
797.0 959.5 1122.0
797.0 959.5 1122.0
797.0 959.5 1122.0
797.0 959.5 1122.0
797.0 959.5 1122.0
797.0 959.5 1122.0
797.0 959.5 1122.0
797.0 959.5 1122.0
797.0 959.5 1122.0
797.0 959.5 1122.0
797.0 959.5 1122.0
797.0 959.5 1122.0
797.0 959.5 1122.0
797.0 959.5 1122.0
797.0 959.5 1122.0
797.0 959.5 1122.0
797.0 959.5 1122.0
797.0 959.5 1122.0
797.0 959.5 1122.0
797.0 959.5 1122.0
797.0 959.5 1122.0
797.0 959.5 1122.0
797.0 959.5 1122.0
797.0 959.5 1122.0
797.0 959.5 1122.0
797.0 959.5 1122.0
797.0 959.5 1122.0
797.0 959.5 1122.0
797.0 959.5 1122.0
797.0 959.5 1122.0
797.0 959.5 1122.0
797.0 959.5 1122.0
797.0 959.5 1122.0
797.0 959.5 1122.0
797.0 959.5 1122.0
797.0 959.5 1122.0
797.0 959.5 1122.0
797.0 959.5 1122.0
797.0 959.5 1122.0
797.0 959.5 1122.0
797.0 959.5 1122.0
797.0 959.5 1122.0
797.0 959.5 1122.0
797.0 959.5 1122.0
797.0 959.5 1122.0
797.0 959.5 1122.0
797.0 959.5 1122.0
797.0 959.5 1122.0
797.0 959.5 1122.0
797.0 959.5 1122.0
797.0 959.5 1122.0
797.0 959.5 1122.0
797.0 959.5 1122.0
797.0 959.5 1122.0
797.0 959.5 1122.0
797.0 959.5 1122.0
797.0 959.5 1122.0
797.0 959.5 1122.0
797.0 959.5 1122.0
797.0 959.5 1122.0
797.0 959.5 1122.0
797.0 959.5 1122.0
797.0 959.5 1122.0
797.0 959.5 1122.0
797.0 959.5 1122.0
797.0 959.5 1122.0
797.0 959.5 1122.0
797.0 959.5 1122.0
797.0 959.5 1122.0
797.0 959.5 1122.0
797.0 959.5 1122.0
797.0 959.5 1122.0
797.0 959.5 1122.0
797.0 959.5 1122.0
797.0 959.5 1122.0
797.0 959.5 1122.0
797.0 959.5 1122.0
797.0 959.5 1122.0
