12771.0 13325.0 13879.0
11364.0 11964.5 12565.0
9304.0 10178.0 11052.0
7308.0 7566.5 7825.0
6837.0 6846.0 6855.0
6045.0 6450.0 6855.0
4021.0 4850.0 5679.0
3445.0 4175.5 4906.0
2690.0 3186.5 3683.0
2690.0 3186.5 3683.0
2690.0 3186.5 3683.0
2690.0 3186.5 3683.0
2690.0 3186.5 3683.0
2788.0 3235.5 3683.0
2096.0 2705.0 3314.0
2096.0 2552.5 3009.0
2096.0 2560.5 3025.0
2096.0 2303.5 2511.0
2096.0 2303.5 2511.0
2096.0 2689.0 3282.0
2096.0 2345.0 2594.0
2096.0 2345.0 2594.0
2096.0 2345.0 2594.0
2096.0 2345.0 2594.0
2096.0 2345.0 2594.0
2096.0 2345.0 2594.0
2096.0 2345.0 2594.0
2096.0 2345.0 2594.0
2096.0 2345.0 2594.0
2096.0 2345.0 2594.0
2096.0 2345.0 2594.0
2096.0 2345.0 2594.0
2096.0 2345.0 2594.0
2096.0 2345.0 2594.0
2096.0 2345.0 2594.0
2096.0 2345.0 2594.0
2096.0 2345.0 2594.0
2096.0 2345.0 2594.0
2096.0 2345.0 2594.0
2096.0 2345.0 2594.0
2096.0 2345.0 2594.0
2096.0 2345.0 2594.0
2096.0 2345.0 2594.0
2096.0 2345.0 2594.0
2096.0 2345.0 2594.0
2096.0 2345.0 2594.0
2096.0 2345.0 2594.0
2096.0 2345.0 2594.0
2096.0 2345.0 2594.0
2096.0 2345.0 2594.0
2096.0 2345.0 2594.0
2096.0 2345.0 2594.0
2096.0 2345.0 2594.0
2096.0 2345.0 2594.0
2096.0 2345.0 2594.0
2096.0 2345.0 2594.0
2096.0 2345.0 2594.0
2096.0 2345.0 2594.0
2096.0 2345.0 2594.0
2096.0 2345.0 2594.0
2096.0 2345.0 2594.0
2096.0 2345.0 2594.0
2096.0 2345.0 2594.0
2096.0 2226.0 2356.0
2096.0 2226.0 2356.0
2096.0 2226.0 2356.0
2096.0 2226.0 2356.0
2096.0 2226.0 2356.0
2096.0 2160.0 2224.0
2096.0 2160.0 2224.0
2096.0 2160.0 2224.0
2096.0 2160.0 2224.0
2096.0 2160.0 2224.0
2096.0 2160.0 2224.0
1981.0 2038.5 2096.0
1680.0 1888.0 2096.0
1680.0 1888.0 2096.0
1680.0 1888.0 2096.0
1680.0 1888.0 2096.0
1680.0 1888.0 2096.0
1680.0 1888.0 2096.0
1680.0 1888.0 2096.0
1680.0 1888.0 2096.0
1464.0 1572.0 1680.0
1418.0 1549.0 1680.0
1418.0 1549.0 1680.0
1418.0 1549.0 1680.0
1418.0 1549.0 1680.0
1418.0 1549.0 1680.0
1418.0 1549.0 1680.0
1418.0 1549.0 1680.0
1418.0 1549.0 1680.0
1418.0 1549.0 1680.0
1418.0 1549.0 1680.0
1418.0 1549.0 1680.0
1418.0 1549.0 1680.0
1418.0 1549.0 1680.0
1418.0 1549.0 1680.0
1418.0 1549.0 1680.0
1418.0 1549.0 1680.0
1506.0 1593.0 1680.0
1162.0 1421.0 1680.0
1162.0 1421.0 1680.0
1162.0 1421.0 1680.0
1162.0 1421.0 1680.0
1162.0 1421.0 1680.0
1162.0 1421.0 1680.0
1162.0 1421.0 1680.0
1162.0 1421.0 1680.0
1162.0 1421.0 1680.0
1162.0 1421.0 1680.0
1162.0 1421.0 1680.0
1162.0 1421.0 1680.0
1162.0 1421.0 1680.0
1162.0 1421.0 1680.0
1162.0 1421.0 1680.0
1162.0 1421.0 1680.0
1162.0 1421.0 1680.0
1162.0 1421.0 1680.0
1162.0 1421.0 1680.0
1162.0 1421.0 1680.0
1162.0 1421.0 1680.0
1162.0 1421.0 1680.0
1162.0 1421.0 1680.0
1162.0 1421.0 1680.0
1162.0 1421.0 1680.0
1162.0 1421.0 1680.0
1162.0 1421.0 1680.0
1162.0 1421.0 1680.0
1162.0 1421.0 1680.0
1162.0 1421.0 1680.0
1162.0 1421.0 1680.0
1162.0 1421.0 1680.0
1162.0 1421.0 1680.0
1162.0 1421.0 1680.0
1162.0 1421.0 1680.0
1162.0 1421.0 1680.0
1162.0 1421.0 1680.0
1162.0 1421.0 1680.0
1162.0 1421.0 1680.0
1162.0 1421.0 1680.0
1162.0 1421.0 1680.0
1162.0 1421.0 1680.0
1162.0 1421.0 1680.0
1162.0 1421.0 1680.0
1162.0 1421.0 1680.0
1162.0 1421.0 1680.0
1162.0 1421.0 1680.0
1162.0 1421.0 1680.0
1162.0 1421.0 1680.0
1162.0 1421.0 1680.0
1162.0 1421.0 1680.0
1162.0 1421.0 1680.0
1162.0 1421.0 1680.0
1162.0 1421.0 1680.0
1162.0 1421.0 1680.0
1162.0 1421.0 1680.0
1162.0 1421.0 1680.0
1162.0 1421.0 1680.0
1162.0 1421.0 1680.0
1162.0 1421.0 1680.0
1162.0 1421.0 1680.0
1162.0 1421.0 1680.0
1162.0 1421.0 1680.0
1162.0 1421.0 1680.0
1162.0 1421.0 1680.0
1162.0 1421.0 1680.0
1162.0 1421.0 1680.0
1162.0 1421.0 1680.0
1162.0 1421.0 1680.0
1162.0 1421.0 1680.0
1162.0 1421.0 1680.0
1162.0 1421.0 1680.0
1162.0 1421.0 1680.0
1162.0 1421.0 1680.0
1162.0 1421.0 1680.0
1162.0 1421.0 1680.0
1162.0 1421.0 1680.0
1162.0 1421.0 1680.0
1162.0 1421.0 1680.0
1162.0 1421.0 1680.0
1162.0 1421.0 1680.0
1162.0 1421.0 1680.0
1162.0 1421.0 1680.0
1162.0 1421.0 1680.0
1162.0 1421.0 1680.0
1162.0 1421.0 1680.0
1162.0 1421.0 1680.0
1162.0 1421.0 1680.0
1162.0 1421.0 1680.0
1162.0 1421.0 1680.0
1162.0 1421.0 1680.0
1162.0 1421.0 1680.0
1162.0 1421.0 1680.0
1162.0 1421.0 1680.0
1162.0 1421.0 1680.0
1162.0 1421.0 1680.0
1162.0 1421.0 1680.0
1162.0 1421.0 1680.0
1162.0 1421.0 1680.0
