12580.0 14157.5 15735.0
9462.0 10796.0 12130.0
8140.0 9418.5 10697.0
5401.0 6716.5 8032.0
5205.0 5331.0 5457.0
4145.0 5030.0 5915.0
3224.0 4140.0 5056.0
3224.0 3369.5 3515.0
3275.0 3397.0 3519.0
3275.0 3397.0 3519.0
2901.0 3049.0 3197.0
2853.0 3025.0 3197.0
2847.0 3022.0 3197.0
2713.0 2955.0 3197.0
1678.0 2080.5 2483.0
1678.0 1882.0 2086.0
1678.0 1882.0 2086.0
1678.0 1882.0 2086.0
1678.0 1882.0 2086.0
1678.0 1882.0 2086.0
1678.0 1882.0 2086.0
1678.0 1882.0 2086.0
1678.0 1882.0 2086.0
1678.0 1882.0 2086.0
1678.0 1882.0 2086.0
1678.0 1882.0 2086.0
1678.0 1882.0 2086.0
1678.0 1882.0 2086.0
1678.0 1882.0 2086.0
1678.0 1882.0 2086.0
1678.0 1882.0 2086.0
1678.0 1882.0 2086.0
1678.0 1882.0 2086.0
1678.0 1882.0 2086.0
1678.0 1882.0 2086.0
1678.0 1882.0 2086.0
1678.0 1882.0 2086.0
1678.0 1882.0 2086.0
1678.0 1882.0 2086.0
1420.0 1753.0 2086.0
1420.0 1753.0 2086.0
1420.0 1753.0 2086.0
1420.0 1753.0 2086.0
1420.0 1753.0 2086.0
1420.0 1753.0 2086.0
1420.0 1753.0 2086.0
1420.0 1753.0 2086.0
1420.0 1753.0 2086.0
1420.0 1753.0 2086.0
1420.0 1753.0 2086.0
1420.0 1753.0 2086.0
1420.0 1753.0 2086.0
1420.0 1753.0 2086.0
1420.0 1753.0 2086.0
1420.0 1753.0 2086.0
1420.0 1753.0 2086.0
1420.0 1753.0 2086.0
1420.0 1753.0 2086.0
1420.0 1753.0 2086.0
1420.0 1753.0 2086.0
1420.0 1753.0 2086.0
1420.0 1753.0 2086.0
1420.0 1753.0 2086.0
1420.0 1753.0 2086.0
1420.0 1753.0 2086.0
1420.0 1753.0 2086.0
1420.0 1753.0 2086.0
1291.0 1355.5 1420.0
1420.0 1528.5 1637.0
1175.0 1297.5 1420.0
1175.0 1297.5 1420.0
1175.0 1297.5 1420.0
1175.0 1297.5 1420.0
1175.0 1297.5 1420.0
1175.0 1297.5 1420.0
1175.0 1297.5 1420.0
1175.0 1297.5 1420.0
1175.0 1297.5 1420.0
1175.0 1297.5 1420.0
1175.0 1297.5 1420.0
1175.0 1297.5 1420.0
1175.0 1297.5 1420.0
1175.0 1297.5 1420.0
1175.0 1297.5 1420.0
1175.0 1297.5 1420.0
1175.0 1297.5 1420.0
1175.0 1297.5 1420.0
1175.0 1297.5 1420.0
1175.0 1297.5 1420.0
1175.0 1297.5 1420.0
1175.0 1297.5 1420.0
1175.0 1297.5 1420.0
1175.0 1297.5 1420.0
1175.0 1297.5 1420.0
1175.0 1297.5 1420.0
1175.0 1297.5 1420.0
1175.0 1297.5 1420.0
1175.0 1297.5 1420.0
1175.0 1297.5 1420.0
1175.0 1297.5 1420.0
1175.0 1297.5 1420.0
1175.0 1297.5 1420.0
1175.0 1297.5 1420.0
1175.0 1297.5 1420.0
1175.0 1297.5 1420.0
1175.0 1297.5 1420.0
1175.0 1297.5 1420.0
1175.0 1297.5 1420.0
1175.0 1297.5 1420.0
1175.0 1297.5 1420.0
1175.0 1297.5 1420.0
1175.0 1297.5 1420.0
1175.0 1297.5 1420.0
1175.0 1297.5 1420.0
1175.0 1297.5 1420.0
1175.0 1297.5 1420.0
1175.0 1297.5 1420.0
1175.0 1297.5 1420.0
1175.0 1297.5 1420.0
1175.0 1297.5 1420.0
1175.0 1297.5 1420.0
1175.0 1297.5 1420.0
1175.0 1297.5 1420.0
1175.0 1297.5 1420.0
1175.0 1297.5 1420.0
1175.0 1297.5 1420.0
1175.0 1297.5 1420.0
1175.0 1297.5 1420.0
1175.0 1297.5 1420.0
1175.0 1297.5 1420.0
1175.0 1297.5 1420.0
1175.0 1297.5 1420.0
1175.0 1297.5 1420.0
1175.0 1297.5 1420.0
1175.0 1297.5 1420.0
1175.0 1297.5 1420.0
1175.0 1297.5 1420.0
1175.0 1297.5 1420.0
1175.0 1297.5 1420.0
1175.0 1297.5 1420.0
1175.0 1297.5 1420.0
1175.0 1297.5 1420.0
1175.0 1297.5 1420.0
1175.0 1297.5 1420.0
1175.0 1297.5 1420.0
1175.0 1297.5 1420.0
1175.0 1297.5 1420.0
1175.0 1297.5 1420.0
1175.0 1297.5 1420.0
1175.0 1297.5 1420.0
1175.0 1297.5 1420.0
1175.0 1297.5 1420.0
1175.0 1297.5 1420.0
1175.0 1297.5 1420.0
1175.0 1297.5 1420.0
1175.0 1297.5 1420.0
1175.0 1297.5 1420.0
1175.0 1297.5 1420.0
1175.0 1297.5 1420.0
1175.0 1297.5 1420.0
1175.0 1297.5 1420.0
1175.0 1297.5 1420.0
1175.0 1297.5 1420.0
1175.0 1297.5 1420.0
1175.0 1297.5 1420.0
1175.0 1297.5 1420.0
1175.0 1297.5 1420.0
1175.0 1297.5 1420.0
1175.0 1297.5 1420.0
1175.0 1297.5 1420.0
1175.0 1297.5 1420.0
1175.0 1297.5 1420.0
1175.0 1297.5 1420.0
1175.0 1297.5 1420.0
1175.0 1297.5 1420.0
1175.0 1297.5 1420.0
1175.0 1297.5 1420.0
1175.0 1297.5 1420.0
1175.0 1297.5 1420.0
1175.0 1297.5 1420.0
1175.0 1297.5 1420.0
1175.0 1297.5 1420.0
1175.0 1297.5 1420.0
1175.0 1297.5 1420.0
1175.0 1297.5 1420.0
1175.0 1297.5 1420.0
1175.0 1297.5 1420.0
1175.0 1297.5 1420.0
1175.0 1297.5 1420.0
1175.0 1297.5 1420.0
1175.0 1297.5 1420.0
1175.0 1297.5 1420.0
1175.0 1297.5 1420.0
1175.0 1297.5 1420.0
1175.0 1297.5 1420.0
1175.0 1297.5 1420.0
1175.0 1297.5 1420.0
1175.0 1297.5 1420.0
1175.0 1382.5 1590.0
1175.0 1382.5 1590.0
