11392.0 11785.0 12178.0
9662.0 10489.0 11316.0
7859.0 8400.0 8941.0
5695.0 6128.5 6562.0
4666.0 5517.0 6368.0
4326.0 4479.0 4632.0
2655.0 2984.0 3313.0
2299.0 2527.5 2756.0
1953.0 2126.0 2299.0
1616.0 1784.5 1953.0
1416.0 1516.0 1616.0
1416.0 1534.5 1653.0
1411.0 1532.0 1653.0
1272.0 1341.5 1411.0
1108.0 1190.0 1272.0
1108.0 1190.0 1272.0
1108.0 1190.0 1272.0
1108.0 1190.0 1272.0
1108.0 1190.0 1272.0
1108.0 1190.0 1272.0
1108.0 1190.0 1272.0
1108.0 1190.0 1272.0
1108.0 1190.0 1272.0
1108.0 1190.0 1272.0
1108.0 1190.0 1272.0
1108.0 1190.0 1272.0
1108.0 1190.0 1272.0
1108.0 1190.0 1272.0
1108.0 1190.0 1272.0
1108.0 1190.0 1272.0
1108.0 1190.0 1272.0
1108.0 1190.0 1272.0
1108.0 1190.0 1272.0
1108.0 1190.0 1272.0
1108.0 1190.0 1272.0
1108.0 1190.0 1272.0
1108.0 1190.0 1272.0
1108.0 1190.0 1272.0
1108.0 1190.0 1272.0
1108.0 1190.0 1272.0
1108.0 1190.0 1272.0
1108.0 1190.0 1272.0
1108.0 1190.0 1272.0
1108.0 1190.0 1272.0
1108.0 1190.0 1272.0
1108.0 1190.0 1272.0
1108.0 1190.0 1272.0
1108.0 1190.0 1272.0
1108.0 1277.0 1446.0
1108.0 1277.0 1446.0
849.0 978.5 1108.0
849.0 978.5 1108.0
849.0 978.5 1108.0
849.0 978.5 1108.0
849.0 978.5 1108.0
849.0 978.5 1108.0
849.0 978.5 1108.0
849.0 978.5 1108.0
849.0 978.5 1108.0
849.0 978.5 1108.0
849.0 978.5 1108.0
849.0 978.5 1108.0
849.0 978.5 1108.0
849.0 978.5 1108.0
849.0 978.5 1108.0
849.0 978.5 1108.0
849.0 978.5 1108.0
849.0 978.5 1108.0
849.0 978.5 1108.0
849.0 978.5 1108.0
849.0 978.5 1108.0
849.0 978.5 1108.0
849.0 978.5 1108.0
849.0 978.5 1108.0
849.0 978.5 1108.0
849.0 978.5 1108.0
849.0 978.5 1108.0
849.0 978.5 1108.0
849.0 978.5 1108.0
849.0 978.5 1108.0
849.0 978.5 1108.0
849.0 978.5 1108.0
849.0 978.5 1108.0
849.0 978.5 1108.0
849.0 978.5 1108.0
849.0 978.5 1108.0
849.0 978.5 1108.0
849.0 978.5 1108.0
849.0 978.5 1108.0
849.0 978.5 1108.0
849.0 978.5 1108.0
849.0 978.5 1108.0
849.0 978.5 1108.0
849.0 978.5 1108.0
849.0 978.5 1108.0
849.0 978.5 1108.0
849.0 978.5 1108.0
849.0 978.5 1108.0
849.0 978.5 1108.0
849.0 978.5 1108.0
849.0 978.5 1108.0
849.0 978.5 1108.0
849.0 978.5 1108.0
849.0 978.5 1108.0
849.0 978.5 1108.0
849.0 978.5 1108.0
849.0 978.5 1108.0
849.0 978.5 1108.0
849.0 978.5 1108.0
849.0 978.5 1108.0
849.0 978.5 1108.0
849.0 978.5 1108.0
849.0 978.5 1108.0
849.0 978.5 1108.0
849.0 978.5 1108.0
849.0 978.5 1108.0
849.0 978.5 1108.0
849.0 978.5 1108.0
849.0 978.5 1108.0
849.0 978.5 1108.0
849.0 978.5 1108.0
849.0 978.5 1108.0
849.0 978.5 1108.0
849.0 978.5 1108.0
849.0 978.5 1108.0
849.0 978.5 1108.0
849.0 978.5 1108.0
849.0 978.5 1108.0
849.0 978.5 1108.0
849.0 978.5 1108.0
849.0 978.5 1108.0
849.0 978.5 1108.0
849.0 978.5 1108.0
849.0 978.5 1108.0
849.0 978.5 1108.0
849.0 978.5 1108.0
849.0 978.5 1108.0
849.0 978.5 1108.0
849.0 978.5 1108.0
849.0 978.5 1108.0
849.0 978.5 1108.0
849.0 978.5 1108.0
849.0 978.5 1108.0
849.0 978.5 1108.0
849.0 978.5 1108.0
849.0 978.5 1108.0
849.0 978.5 1108.0
849.0 978.5 1108.0
849.0 978.5 1108.0
849.0 978.5 1108.0
849.0 978.5 1108.0
849.0 978.5 1108.0
849.0 978.5 1108.0
849.0 978.5 1108.0
849.0 978.5 1108.0
849.0 978.5 1108.0
849.0 978.5 1108.0
849.0 978.5 1108.0
849.0 978.5 1108.0
849.0 978.5 1108.0
849.0 978.5 1108.0
849.0 978.5 1108.0
849.0 978.5 1108.0
849.0 978.5 1108.0
849.0 978.5 1108.0
849.0 978.5 1108.0
849.0 978.5 1108.0
849.0 978.5 1108.0
849.0 978.5 1108.0
849.0 978.5 1108.0
849.0 978.5 1108.0
849.0 978.5 1108.0
849.0 978.5 1108.0
849.0 978.5 1108.0
849.0 978.5 1108.0
849.0 978.5 1108.0
849.0 978.5 1108.0
849.0 978.5 1108.0
849.0 978.5 1108.0
849.0 978.5 1108.0
849.0 978.5 1108.0
849.0 978.5 1108.0
849.0 978.5 1108.0
849.0 978.5 1108.0
849.0 978.5 1108.0
849.0 978.5 1108.0
849.0 978.5 1108.0
849.0 978.5 1108.0
849.0 978.5 1108.0
849.0 978.5 1108.0
849.0 978.5 1108.0
849.0 978.5 1108.0
849.0 978.5 1108.0
849.0 978.5 1108.0
849.0 978.5 1108.0
849.0 978.5 1108.0
849.0 978.5 1108.0
849.0 978.5 1108.0
849.0 978.5 1108.0
849.0 978.5 1108.0
