13543.0 15266.0 16989.0
11767.0 11885.0 12003.0
10377.0 10747.5 11118.0
6988.0 7865.5 8743.0
4351.0 6979.0 9607.0
6141.0 6660.0 7179.0
3550.0 5364.5 7179.0
3550.0 4822.5 6095.0
3347.0 4094.5 4842.0
3850.0 4346.0 4842.0
3406.0 3621.5 3837.0
3382.0 3394.0 3406.0
3060.0 3282.5 3505.0
3060.0 3282.5 3505.0
3060.0 3088.0 3116.0
2899.0 3098.0 3297.0
2899.0 3098.0 3297.0
2899.0 3098.0 3297.0
2899.0 3098.0 3297.0
2899.0 3098.0 3297.0
2899.0 3098.0 3297.0
2899.0 3098.0 3297.0
2899.0 3098.0 3297.0
2899.0 3098.0 3297.0
2899.0 3098.0 3297.0
2899.0 3098.0 3297.0
2182.0 2739.5 3297.0
2182.0 2739.5 3297.0
2182.0 2739.5 3297.0
2182.0 2739.5 3297.0
2182.0 2739.5 3297.0
2182.0 2225.5 2269.0
2182.0 2225.5 2269.0
2182.0 2225.5 2269.0
2182.0 2225.5 2269.0
2182.0 2225.5 2269.0
2182.0 2330.0 2478.0
2182.0 2501.5 2821.0
1938.0 2060.0 2182.0
1938.0 2060.0 2182.0
1938.0 2060.0 2182.0
1938.0 2060.0 2182.0
1938.0 2060.0 2182.0
1938.0 2060.0 2182.0
1938.0 2060.0 2182.0
1938.0 2060.0 2182.0
1938.0 2060.0 2182.0
1938.0 2060.0 2182.0
1938.0 2060.0 2182.0
1938.0 2060.0 2182.0
1938.0 2060.0 2182.0
1938.0 2060.0 2182.0
1938.0 2060.0 2182.0
1938.0 2060.0 2182.0
1938.0 2060.0 2182.0
1938.0 2060.0 2182.0
1938.0 2060.0 2182.0
1938.0 2060.0 2182.0
1938.0 2060.0 2182.0
1938.0 2060.0 2182.0
1938.0 2060.0 2182.0
1938.0 2060.0 2182.0
1938.0 2060.0 2182.0
1938.0 2060.0 2182.0
1938.0 2060.0 2182.0
1938.0 2060.0 2182.0
2029.0 2105.5 2182.0
2029.0 2105.5 2182.0
2029.0 2105.5 2182.0
2029.0 2105.5 2182.0
2029.0 2105.5 2182.0
2029.0 2105.5 2182.0
2029.0 2105.5 2182.0
2029.0 2105.5 2182.0
2029.0 2105.5 2182.0
2029.0 2105.5 2182.0
2029.0 2105.5 2182.0
2029.0 2105.5 2182.0
2029.0 2105.5 2182.0
2029.0 2105.5 2182.0
2029.0 2105.5 2182.0
2029.0 2105.5 2182.0
2029.0 2105.5 2182.0
2029.0 2105.5 2182.0
2029.0 2105.5 2182.0
2029.0 2105.5 2182.0
2029.0 2105.5 2182.0
2029.0 2105.5 2182.0
2029.0 2105.5 2182.0
2029.0 2105.5 2182.0
2029.0 2105.5 2182.0
2029.0 2105.5 2182.0
2029.0 2105.5 2182.0
2029.0 2105.5 2182.0
2029.0 2150.5 2272.0
1749.0 1889.0 2029.0
1749.0 1889.0 2029.0
1749.0 1889.0 2029.0
1749.0 1889.0 2029.0
1749.0 1889.0 2029.0
1749.0 1889.0 2029.0
1749.0 1889.0 2029.0
1749.0 1889.0 2029.0
1749.0 1889.0 2029.0
1749.0 1889.0 2029.0
1749.0 1889.0 2029.0
1749.0 1889.0 2029.0
1749.0 1889.0 2029.0
1749.0 1889.0 2029.0
1749.0 1889.0 2029.0
1749.0 1889.0 2029.0
1749.0 1889.0 2029.0
1749.0 1889.0 2029.0
1749.0 1889.0 2029.0
1749.0 1889.0 2029.0
1749.0 1889.0 2029.0
1749.0 1889.0 2029.0
1749.0 1889.0 2029.0
1749.0 1889.0 2029.0
1749.0 1889.0 2029.0
1880.0 1954.5 2029.0
1880.0 1954.5 2029.0
1880.0 1954.5 2029.0
1880.0 1954.5 2029.0
1880.0 1954.5 2029.0
1880.0 1954.5 2029.0
1880.0 1954.5 2029.0
1880.0 1954.5 2029.0
1880.0 1954.5 2029.0
1880.0 1954.5 2029.0
1880.0 1954.5 2029.0
1880.0 1954.5 2029.0
1880.0 1954.5 2029.0
1880.0 1954.5 2029.0
1880.0 1954.5 2029.0
1880.0 1954.5 2029.0
1880.0 1954.5 2029.0
1880.0 1954.5 2029.0
1880.0 1954.5 2029.0
1880.0 1954.5 2029.0
1880.0 1954.5 2029.0
1880.0 1954.5 2029.0
1880.0 1954.5 2029.0
1880.0 1954.5 2029.0
1880.0 1954.5 2029.0
1880.0 1954.5 2029.0
1880.0 1954.5 2029.0
1880.0 1954.5 2029.0
1880.0 1954.5 2029.0
1880.0 1954.5 2029.0
1880.0 1954.5 2029.0
1880.0 1954.5 2029.0
1880.0 1954.5 2029.0
1880.0 1954.5 2029.0
1880.0 1954.5 2029.0
1880.0 1954.5 2029.0
1880.0 1954.5 2029.0
1880.0 1954.5 2029.0
1880.0 1954.5 2029.0
1880.0 1954.5 2029.0
1880.0 1954.5 2029.0
1880.0 1954.5 2029.0
1880.0 1954.5 2029.0
1880.0 1954.5 2029.0
1880.0 1954.5 2029.0
1880.0 1954.5 2029.0
1880.0 1954.5 2029.0
1880.0 1954.5 2029.0
1880.0 1954.5 2029.0
1880.0 1954.5 2029.0
1880.0 1954.5 2029.0
1880.0 1954.5 2029.0
1880.0 1954.5 2029.0
1880.0 1954.5 2029.0
1880.0 1954.5 2029.0
1880.0 1954.5 2029.0
1880.0 1954.5 2029.0
1880.0 1954.5 2029.0
1880.0 1954.5 2029.0
1880.0 1954.5 2029.0
1880.0 1954.5 2029.0
1880.0 1954.5 2029.0
1880.0 1954.5 2029.0
1880.0 1954.5 2029.0
1880.0 1954.5 2029.0
1880.0 1954.5 2029.0
1880.0 1954.5 2029.0
1880.0 1954.5 2029.0
1880.0 1954.5 2029.0
1880.0 1954.5 2029.0
1880.0 1954.5 2029.0
1880.0 1954.5 2029.0
1880.0 1954.5 2029.0
1880.0 1954.5 2029.0
1880.0 1954.5 2029.0
1880.0 1954.5 2029.0
1880.0 1954.5 2029.0
1880.0 1954.5 2029.0
1880.0 1954.5 2029.0
1880.0 1954.5 2029.0
