12363.0 13302.0 14241.0
12391.0 12707.0 13023.0
8000.0 9741.5 11483.0
7424.0 8866.0 10308.0
7885.0 7967.0 8049.0
4642.0 5732.0 6822.0
3876.0 5488.0 7100.0
3876.0 4958.0 6040.0
3588.0 4028.5 4469.0
3588.0 4158.5 4729.0
3588.0 3744.0 3900.0
1830.0 2709.0 3588.0
1830.0 2709.0 3588.0
1830.0 2437.0 3044.0
1830.0 2233.5 2637.0
1830.0 1978.5 2127.0
1830.0 1978.5 2127.0
1830.0 1978.5 2127.0
1830.0 1978.5 2127.0
1830.0 1978.5 2127.0
1830.0 1978.5 2127.0
1830.0 1978.5 2127.0
1830.0 1978.5 2127.0
1830.0 1978.5 2127.0
1830.0 1978.5 2127.0
1830.0 1978.5 2127.0
1830.0 1978.5 2127.0
1830.0 1978.5 2127.0
1830.0 1978.5 2127.0
1830.0 1978.5 2127.0
1830.0 1978.5 2127.0
1830.0 1978.5 2127.0
1830.0 1978.5 2127.0
1830.0 1978.5 2127.0
1830.0 1978.5 2127.0
1830.0 1978.5 2127.0
1830.0 1978.5 2127.0
1830.0 1978.5 2127.0
1830.0 1978.5 2127.0
1830.0 1978.5 2127.0
1830.0 1978.5 2127.0
1830.0 1978.5 2127.0
1830.0 1978.5 2127.0
1830.0 1978.5 2127.0
1830.0 1978.5 2127.0
1830.0 1978.5 2127.0
1830.0 1978.5 2127.0
1830.0 1978.5 2127.0
1830.0 1978.5 2127.0
1830.0 1978.5 2127.0
1830.0 1978.5 2127.0
1830.0 1978.5 2127.0
1830.0 1978.5 2127.0
1830.0 1978.5 2127.0
1830.0 1978.5 2127.0
1830.0 1978.5 2127.0
1830.0 1978.5 2127.0
1830.0 1978.5 2127.0
1830.0 1978.5 2127.0
1830.0 1978.5 2127.0
1830.0 1978.5 2127.0
1830.0 1978.5 2127.0
1830.0 1978.5 2127.0
1830.0 1978.5 2127.0
1830.0 1978.5 2127.0
1830.0 1978.5 2127.0
1830.0 1978.5 2127.0
1830.0 1978.5 2127.0
1830.0 1978.5 2127.0
1830.0 1978.5 2127.0
1830.0 1978.5 2127.0
1830.0 1978.5 2127.0
1830.0 1978.5 2127.0
1830.0 1978.5 2127.0
1830.0 1978.5 2127.0
1830.0 1978.5 2127.0
1830.0 1978.5 2127.0
1830.0 1978.5 2127.0
1830.0 1978.5 2127.0
1830.0 1978.5 2127.0
1830.0 1978.5 2127.0
1830.0 1978.5 2127.0
1830.0 1978.5 2127.0
2099.0 2113.0 2127.0
1848.0 1987.5 2127.0
1848.0 1987.5 2127.0
1848.0 1987.5 2127.0
1848.0 1987.5 2127.0
1848.0 1987.5 2127.0
1848.0 1987.5 2127.0
1848.0 1987.5 2127.0
1848.0 1987.5 2127.0
1848.0 1987.5 2127.0
1848.0 1987.5 2127.0
1848.0 1987.5 2127.0
1848.0 1987.5 2127.0
1848.0 1987.5 2127.0
1848.0 1987.5 2127.0
1848.0 1987.5 2127.0
1848.0 1987.5 2127.0
1848.0 1987.5 2127.0
1848.0 1987.5 2127.0
1848.0 1987.5 2127.0
1848.0 1987.5 2127.0
1848.0 1987.5 2127.0
1848.0 1987.5 2127.0
1848.0 1987.5 2127.0
1848.0 1987.5 2127.0
1848.0 1987.5 2127.0
1848.0 1987.5 2127.0
1848.0 1987.5 2127.0
1848.0 1987.5 2127.0
1848.0 1987.5 2127.0
1848.0 1987.5 2127.0
1848.0 1987.5 2127.0
1848.0 1987.5 2127.0
1848.0 1987.5 2127.0
1848.0 1987.5 2127.0
1848.0 1987.5 2127.0
1848.0 1987.5 2127.0
1848.0 1987.5 2127.0
1848.0 1987.5 2127.0
1848.0 1987.5 2127.0
1848.0 1987.5 2127.0
1848.0 1987.5 2127.0
1848.0 1987.5 2127.0
1848.0 1987.5 2127.0
1848.0 1987.5 2127.0
1848.0 1987.5 2127.0
1848.0 1987.5 2127.0
1848.0 2043.0 2238.0
1848.0 2043.0 2238.0
1848.0 2043.0 2238.0
1848.0 2043.0 2238.0
1848.0 2043.0 2238.0
1613.0 1925.5 2238.0
1654.0 1946.0 2238.0
1654.0 1946.0 2238.0
1654.0 1946.0 2238.0
1654.0 1946.0 2238.0
1654.0 1946.0 2238.0
1654.0 1946.0 2238.0
1654.0 1796.0 1938.0
1654.0 1796.0 1938.0
1654.0 1796.0 1938.0
1654.0 1796.0 1938.0
1654.0 1796.0 1938.0
1331.0 1492.5 1654.0
1331.0 1492.5 1654.0
1331.0 1492.5 1654.0
1331.0 1492.5 1654.0
1331.0 1492.5 1654.0
1331.0 1492.5 1654.0
1331.0 1492.5 1654.0
1331.0 1492.5 1654.0
1331.0 1492.5 1654.0
1331.0 1492.5 1654.0
1331.0 1492.5 1654.0
1331.0 1492.5 1654.0
1331.0 1492.5 1654.0
1331.0 1492.5 1654.0
1331.0 1492.5 1654.0
1331.0 1492.5 1654.0
1331.0 1492.5 1654.0
1331.0 1492.5 1654.0
1331.0 1492.5 1654.0
1331.0 1492.5 1654.0
1331.0 1492.5 1654.0
1331.0 1492.5 1654.0
1331.0 1492.5 1654.0
1331.0 1492.5 1654.0
1331.0 1492.5 1654.0
1331.0 1492.5 1654.0
1331.0 1492.5 1654.0
1331.0 1492.5 1654.0
1331.0 1492.5 1654.0
1331.0 1492.5 1654.0
1331.0 1492.5 1654.0
1331.0 1492.5 1654.0
1331.0 1492.5 1654.0
1331.0 1492.5 1654.0
1331.0 1492.5 1654.0
1331.0 1492.5 1654.0
1331.0 1492.5 1654.0
1331.0 1492.5 1654.0
1331.0 1492.5 1654.0
1331.0 1492.5 1654.0
1331.0 1492.5 1654.0
1331.0 1492.5 1654.0
1331.0 1492.5 1654.0
1331.0 1492.5 1654.0
1331.0 1492.5 1654.0
1331.0 1492.5 1654.0
1331.0 1492.5 1654.0
1331.0 1492.5 1654.0
1331.0 1492.5 1654.0
1331.0 1492.5 1654.0
1331.0 1492.5 1654.0
1331.0 1492.5 1654.0
1331.0 1492.5 1654.0
