12371.0 15235.0 18099.0
11597.0 13285.5 14974.0
9692.0 11500.5 13309.0
8120.0 9845.5 11571.0
6965.0 9308.0 11651.0
5730.0 7089.5 8449.0
5730.0 7170.0 8610.0
4741.0 5636.5 6532.0
4527.0 4918.5 5310.0
4527.0 4708.0 4889.0
3248.0 3676.5 4105.0
2530.0 3317.5 4105.0
2234.0 2613.5 2993.0
2234.0 2613.5 2993.0
2234.0 2339.5 2445.0
2234.0 2339.5 2445.0
2234.0 2339.5 2445.0
2234.0 2339.5 2445.0
2009.0 2055.5 2102.0
1001.0 1505.0 2009.0
1001.0 1505.0 2009.0
1001.0 1505.0 2009.0
1001.0 1505.0 2009.0
1001.0 1505.0 2009.0
1001.0 1505.0 2009.0
1001.0 1505.0 2009.0
1001.0 1505.0 2009.0
1001.0 1505.0 2009.0
1001.0 1505.0 2009.0
1001.0 1505.0 2009.0
1001.0 1505.0 2009.0
1001.0 1505.0 2009.0
1001.0 1505.0 2009.0
1001.0 1505.0 2009.0
1001.0 1505.0 2009.0
1001.0 1505.0 2009.0
1001.0 1505.0 2009.0
1001.0 1505.0 2009.0
1001.0 1505.0 2009.0
1001.0 1505.0 2009.0
1001.0 1505.0 2009.0
1001.0 1505.0 2009.0
1001.0 1505.0 2009.0
1001.0 1505.0 2009.0
1001.0 1505.0 2009.0
1001.0 1505.0 2009.0
1001.0 1505.0 2009.0
1001.0 1505.0 2009.0
1001.0 1505.0 2009.0
1001.0 1505.0 2009.0
1001.0 1505.0 2009.0
1001.0 1505.0 2009.0
1001.0 1505.0 2009.0
1001.0 1505.0 2009.0
1001.0 1505.0 2009.0
1001.0 1505.0 2009.0
1001.0 1505.0 2009.0
1001.0 1505.0 2009.0
1001.0 1505.0 2009.0
1001.0 1505.0 2009.0
1001.0 1505.0 2009.0
1001.0 1505.0 2009.0
1001.0 1505.0 2009.0
1001.0 1505.0 2009.0
1001.0 1505.0 2009.0
1001.0 1505.0 2009.0
1001.0 1505.0 2009.0
1001.0 1505.0 2009.0
1001.0 1505.0 2009.0
1001.0 1505.0 2009.0
1001.0 1505.0 2009.0
1001.0 1505.0 2009.0
1001.0 1505.0 2009.0
1001.0 1505.0 2009.0
1001.0 1505.0 2009.0
1001.0 1505.0 2009.0
1001.0 1505.0 2009.0
1001.0 1505.0 2009.0
1001.0 1505.0 2009.0
1001.0 1505.0 2009.0
1001.0 1505.0 2009.0
1001.0 1505.0 2009.0
1001.0 1505.0 2009.0
1001.0 1505.0 2009.0
1001.0 1505.0 2009.0
1001.0 1505.0 2009.0
1001.0 1505.0 2009.0
1001.0 1505.0 2009.0
1001.0 1505.0 2009.0
1001.0 1505.0 2009.0
1001.0 1505.0 2009.0
1001.0 1505.0 2009.0
1001.0 1505.0 2009.0
1001.0 1505.0 2009.0
1001.0 1505.0 2009.0
1001.0 1505.0 2009.0
1001.0 1166.5 1332.0
1001.0 1045.0 1089.0
1001.0 1045.5 1090.0
1001.0 1045.5 1090.0
1001.0 1045.5 1090.0
1001.0 1045.5 1090.0
1001.0 1045.5 1090.0
1001.0 1045.5 1090.0
1001.0 1045.5 1090.0
1001.0 1045.5 1090.0
1001.0 1045.5 1090.0
1001.0 1045.5 1090.0
1001.0 1045.5 1090.0
1001.0 1045.5 1090.0
1001.0 1045.5 1090.0
1001.0 1045.5 1090.0
1001.0 1045.5 1090.0
1001.0 1045.5 1090.0
1001.0 1045.5 1090.0
1001.0 1045.5 1090.0
1001.0 1045.5 1090.0
1001.0 1045.5 1090.0
1001.0 1045.5 1090.0
1001.0 1045.5 1090.0
1001.0 1045.5 1090.0
1001.0 1045.5 1090.0
1001.0 1045.5 1090.0
1001.0 1045.5 1090.0
1001.0 1045.5 1090.0
1001.0 1045.5 1090.0
1001.0 1045.5 1090.0
1001.0 1045.5 1090.0
1001.0 1045.5 1090.0
1001.0 1045.5 1090.0
1001.0 1045.5 1090.0
1001.0 1045.5 1090.0
1001.0 1045.5 1090.0
1001.0 1045.5 1090.0
1001.0 1045.5 1090.0
1001.0 1045.5 1090.0
1001.0 1045.5 1090.0
1001.0 1045.5 1090.0
1001.0 1045.5 1090.0
1001.0 1045.5 1090.0
1001.0 1045.5 1090.0
1001.0 1045.5 1090.0
1001.0 1045.5 1090.0
1001.0 1045.5 1090.0
1001.0 1045.5 1090.0
1001.0 1045.5 1090.0
1001.0 1045.5 1090.0
1001.0 1045.5 1090.0
1001.0 1045.5 1090.0
1001.0 1045.5 1090.0
1001.0 1045.5 1090.0
1001.0 1045.5 1090.0
1001.0 1045.5 1090.0
1001.0 1045.5 1090.0
1001.0 1045.5 1090.0
1001.0 1045.5 1090.0
1001.0 1045.5 1090.0
1001.0 1045.5 1090.0
1001.0 1045.5 1090.0
1001.0 1045.5 1090.0
1001.0 1045.5 1090.0
1001.0 1045.5 1090.0
1001.0 1045.5 1090.0
1001.0 1045.5 1090.0
1001.0 1045.5 1090.0
1001.0 1045.5 1090.0
1001.0 1045.5 1090.0
1001.0 1045.5 1090.0
1001.0 1045.5 1090.0
1001.0 1045.5 1090.0
1001.0 1045.5 1090.0
1001.0 1045.5 1090.0
1001.0 1045.5 1090.0
1001.0 1045.5 1090.0
1001.0 1045.5 1090.0
1001.0 1045.5 1090.0
1001.0 1045.5 1090.0
1001.0 1045.5 1090.0
1001.0 1045.5 1090.0
1001.0 1045.5 1090.0
1001.0 1045.5 1090.0
1001.0 1045.5 1090.0
1001.0 1045.5 1090.0
1001.0 1045.5 1090.0
1001.0 1045.5 1090.0
1001.0 1045.5 1090.0
1001.0 1045.5 1090.0
1001.0 1045.5 1090.0
1001.0 1045.5 1090.0
1001.0 1045.5 1090.0
1001.0 1045.5 1090.0
1001.0 1045.5 1090.0
1001.0 1045.5 1090.0
1001.0 1045.5 1090.0
1001.0 1045.5 1090.0
1001.0 1045.5 1090.0
1001.0 1045.5 1090.0
1001.0 1045.5 1090.0
1001.0 1045.5 1090.0
1001.0 1045.5 1090.0
