11779.0 12284.0 12789.0
9529.0 9634.0 9739.0
6741.0 7246.0 7751.0
6397.0 6458.5 6520.0
4723.0 5477.0 6231.0
2941.0 3746.5 4552.0
2941.0 3366.0 3791.0
2172.0 2425.5 2679.0
1953.0 1968.5 1984.0
1984.0 2232.0 2480.0
1984.0 2014.0 2044.0
1984.0 2014.0 2044.0
1438.0 1534.5 1631.0
1438.0 1534.5 1631.0
1438.0 1487.0 1536.0
1438.0 1487.0 1536.0
1438.0 1487.0 1536.0
1438.0 1487.0 1536.0
1438.0 1487.0 1536.0
1346.0 1392.0 1438.0
958.0 1198.0 1438.0
958.0 1198.0 1438.0
958.0 1198.0 1438.0
958.0 1169.0 1380.0
958.0 1169.0 1380.0
958.0 1169.0 1380.0
958.0 1169.0 1380.0
958.0 1169.0 1380.0
958.0 1169.0 1380.0
958.0 1169.0 1380.0
958.0 1169.0 1380.0
958.0 1169.0 1380.0
958.0 1169.0 1380.0
958.0 1169.0 1380.0
958.0 1169.0 1380.0
958.0 1169.0 1380.0
958.0 1169.0 1380.0
958.0 1169.0 1380.0
958.0 1169.0 1380.0
958.0 1169.0 1380.0
958.0 1169.0 1380.0
958.0 1169.0 1380.0
958.0 1169.0 1380.0
958.0 1169.0 1380.0
958.0 1169.0 1380.0
958.0 1169.0 1380.0
958.0 1169.0 1380.0
958.0 1169.0 1380.0
958.0 1169.0 1380.0
958.0 1169.0 1380.0
958.0 1169.0 1380.0
958.0 1169.0 1380.0
958.0 1169.0 1380.0
958.0 1169.0 1380.0
958.0 1169.0 1380.0
958.0 1169.0 1380.0
958.0 1169.0 1380.0
958.0 1169.0 1380.0
958.0 1169.0 1380.0
958.0 1169.0 1380.0
958.0 1169.0 1380.0
958.0 1169.0 1380.0
958.0 1169.0 1380.0
958.0 1169.0 1380.0
958.0 1169.0 1380.0
958.0 1169.0 1380.0
958.0 1169.0 1380.0
958.0 1169.0 1380.0
958.0 1169.0 1380.0
958.0 1169.0 1380.0
958.0 1169.0 1380.0
958.0 1169.0 1380.0
958.0 1169.0 1380.0
958.0 1169.0 1380.0
958.0 1169.0 1380.0
958.0 1169.0 1380.0
958.0 1169.0 1380.0
958.0 1169.0 1380.0
958.0 1169.0 1380.0
958.0 1169.0 1380.0
958.0 1169.0 1380.0
958.0 1169.0 1380.0
958.0 1072.0 1186.0
958.0 1072.0 1186.0
943.0 950.5 958.0
943.0 950.5 958.0
943.0 950.5 958.0
943.0 950.5 958.0
943.0 950.5 958.0
943.0 950.5 958.0
943.0 950.5 958.0
943.0 950.5 958.0
943.0 950.5 958.0
943.0 950.5 958.0
943.0 950.5 958.0
943.0 950.5 958.0
943.0 950.5 958.0
943.0 950.5 958.0
943.0 950.5 958.0
943.0 950.5 958.0
943.0 950.5 958.0
943.0 950.5 958.0
943.0 950.5 958.0
943.0 950.5 958.0
943.0 950.5 958.0
943.0 950.5 958.0
943.0 950.5 958.0
943.0 950.5 958.0
943.0 950.5 958.0
943.0 950.5 958.0
943.0 950.5 958.0
943.0 950.5 958.0
943.0 950.5 958.0
943.0 950.5 958.0
943.0 950.5 958.0
943.0 950.5 958.0
943.0 950.5 958.0
943.0 950.5 958.0
943.0 950.5 958.0
943.0 950.5 958.0
943.0 950.5 958.0
943.0 950.5 958.0
943.0 950.5 958.0
943.0 950.5 958.0
943.0 950.5 958.0
943.0 950.5 958.0
943.0 950.5 958.0
943.0 950.5 958.0
943.0 950.5 958.0
943.0 950.5 958.0
943.0 950.5 958.0
943.0 950.5 958.0
943.0 950.5 958.0
943.0 950.5 958.0
943.0 950.5 958.0
943.0 950.5 958.0
943.0 950.5 958.0
943.0 950.5 958.0
943.0 950.5 958.0
943.0 950.5 958.0
943.0 950.5 958.0
943.0 950.5 958.0
943.0 950.5 958.0
943.0 950.5 958.0
943.0 950.5 958.0
943.0 950.5 958.0
943.0 950.5 958.0
943.0 950.5 958.0
943.0 950.5 958.0
943.0 950.5 958.0
943.0 950.5 958.0
943.0 950.5 958.0
943.0 950.5 958.0
943.0 950.5 958.0
943.0 950.5 958.0
943.0 950.5 958.0
943.0 950.5 958.0
943.0 950.5 958.0
943.0 950.5 958.0
943.0 950.5 958.0
943.0 950.5 958.0
943.0 950.5 958.0
943.0 950.5 958.0
943.0 950.5 958.0
943.0 950.5 958.0
943.0 950.5 958.0
943.0 950.5 958.0
943.0 950.5 958.0
943.0 950.5 958.0
943.0 950.5 958.0
943.0 950.5 958.0
943.0 950.5 958.0
943.0 950.5 958.0
943.0 950.5 958.0
943.0 950.5 958.0
943.0 950.5 958.0
943.0 950.5 958.0
943.0 950.5 958.0
943.0 950.5 958.0
943.0 950.5 958.0
943.0 950.5 958.0
943.0 950.5 958.0
943.0 950.5 958.0
943.0 950.5 958.0
943.0 950.5 958.0
943.0 950.5 958.0
943.0 950.5 958.0
943.0 950.5 958.0
943.0 950.5 958.0
943.0 950.5 958.0
943.0 950.5 958.0
943.0 950.5 958.0
943.0 950.5 958.0
943.0 950.5 958.0
943.0 950.5 958.0
943.0 950.5 958.0
943.0 950.5 958.0
943.0 950.5 958.0
943.0 950.5 958.0
943.0 950.5 958.0
