15130.0 15744.5 16359.0
12981.0 12999.5 13018.0
9665.0 11304.5 12944.0
6588.0 6667.5 6747.0
5561.0 6074.5 6588.0
3629.0 3679.5 3730.0
3629.0 3679.5 3730.0
3420.0 3438.0 3456.0
3420.0 3438.0 3456.0
3420.0 3438.0 3456.0
2939.0 3179.5 3420.0
2939.0 3179.5 3420.0
2588.0 2763.5 2939.0
2588.0 2763.5 2939.0
2588.0 2763.5 2939.0
2122.0 2530.5 2939.0
2122.0 2223.5 2325.0
1792.0 1957.0 2122.0
1792.0 1957.0 2122.0
1792.0 1957.0 2122.0
1792.0 1957.0 2122.0
1792.0 1957.0 2122.0
1792.0 1957.0 2122.0
1730.0 1926.0 2122.0
1730.0 1926.0 2122.0
1730.0 1926.0 2122.0
1730.0 1926.0 2122.0
1730.0 1926.0 2122.0
1730.0 1926.0 2122.0
1730.0 1926.0 2122.0
1730.0 1926.0 2122.0
1730.0 1926.0 2122.0
1730.0 1926.0 2122.0
1730.0 1926.0 2122.0
1730.0 1926.0 2122.0
1730.0 1926.0 2122.0
1730.0 1926.0 2122.0
1730.0 1926.0 2122.0
1730.0 1926.0 2122.0
1730.0 1926.0 2122.0
1625.0 1677.5 1730.0
1625.0 1677.5 1730.0
1625.0 1677.5 1730.0
1625.0 1677.5 1730.0
1625.0 1677.5 1730.0
1625.0 1677.5 1730.0
1625.0 1677.5 1730.0
1625.0 1677.5 1730.0
1625.0 1677.5 1730.0
1625.0 1677.5 1730.0
1625.0 1677.5 1730.0
1625.0 1677.5 1730.0
1625.0 1677.5 1730.0
1625.0 1677.5 1730.0
1625.0 1677.5 1730.0
1625.0 1677.5 1730.0
1625.0 1677.5 1730.0
1625.0 1677.5 1730.0
1625.0 1677.5 1730.0
1625.0 1677.5 1730.0
1625.0 1677.5 1730.0
1625.0 1677.5 1730.0
1625.0 1677.5 1730.0
1625.0 1677.5 1730.0
1625.0 1677.5 1730.0
1002.0 1366.0 1730.0
1002.0 1366.0 1730.0
1002.0 1366.0 1730.0
1002.0 1366.0 1730.0
1002.0 1366.0 1730.0
1002.0 1366.0 1730.0
1002.0 1366.0 1730.0
1002.0 1366.0 1730.0
1002.0 1366.0 1730.0
1002.0 1366.0 1730.0
1002.0 1366.0 1730.0
1002.0 1366.0 1730.0
1002.0 1366.0 1730.0
1002.0 1366.0 1730.0
1002.0 1366.0 1730.0
1002.0 1366.0 1730.0
1002.0 1366.0 1730.0
1002.0 1366.0 1730.0
1002.0 1366.0 1730.0
1002.0 1366.0 1730.0
1002.0 1366.0 1730.0
1002.0 1366.0 1730.0
1002.0 1366.0 1730.0
1002.0 1366.0 1730.0
1002.0 1366.0 1730.0
1002.0 1366.0 1730.0
1002.0 1366.0 1730.0
1002.0 1366.0 1730.0
1002.0 1366.0 1730.0
1002.0 1366.0 1730.0
1002.0 1366.0 1730.0
1002.0 1366.0 1730.0
1002.0 1366.0 1730.0
1002.0 1366.0 1730.0
1002.0 1366.0 1730.0
1002.0 1366.0 1730.0
1002.0 1366.0 1730.0
1002.0 1366.0 1730.0
1002.0 1366.0 1730.0
1002.0 1366.0 1730.0
1002.0 1366.0 1730.0
1002.0 1366.0 1730.0
1002.0 1366.0 1730.0
1002.0 1366.0 1730.0
1002.0 1366.0 1730.0
1002.0 1366.0 1730.0
1002.0 1366.0 1730.0
1002.0 1366.0 1730.0
1002.0 1366.0 1730.0
1002.0 1366.0 1730.0
1002.0 1366.0 1730.0
1002.0 1366.0 1730.0
1002.0 1366.0 1730.0
1002.0 1366.0 1730.0
1002.0 1366.0 1730.0
1002.0 1366.0 1730.0
1002.0 1366.0 1730.0
1002.0 1366.0 1730.0
1002.0 1366.0 1730.0
1002.0 1366.0 1730.0
1002.0 1366.0 1730.0
1002.0 1366.0 1730.0
1002.0 1366.0 1730.0
1002.0 1366.0 1730.0
1002.0 1366.0 1730.0
1002.0 1366.0 1730.0
1002.0 1366.0 1730.0
1002.0 1366.0 1730.0
1002.0 1366.0 1730.0
1002.0 1366.0 1730.0
1002.0 1366.0 1730.0
1002.0 1366.0 1730.0
1002.0 1366.0 1730.0
1002.0 1366.0 1730.0
1002.0 1366.0 1730.0
1002.0 1366.0 1730.0
1002.0 1366.0 1730.0
1002.0 1366.0 1730.0
1002.0 1366.0 1730.0
1002.0 1366.0 1730.0
1002.0 1366.0 1730.0
1002.0 1366.0 1730.0
1002.0 1366.0 1730.0
1002.0 1366.0 1730.0
1002.0 1366.0 1730.0
1002.0 1366.0 1730.0
1002.0 1366.0 1730.0
1002.0 1366.0 1730.0
1002.0 1366.0 1730.0
1002.0 1366.0 1730.0
1002.0 1366.0 1730.0
1002.0 1286.0 1570.0
1002.0 1219.0 1436.0
1002.0 1219.0 1436.0
1002.0 1219.0 1436.0
1002.0 1219.0 1436.0
1002.0 1219.0 1436.0
1002.0 1219.0 1436.0
1002.0 1219.0 1436.0
1002.0 1219.0 1436.0
1002.0 1219.0 1436.0
1002.0 1219.0 1436.0
1002.0 1219.0 1436.0
1002.0 1219.0 1436.0
1002.0 1219.0 1436.0
1002.0 1219.0 1436.0
1002.0 1219.0 1436.0
1002.0 1219.0 1436.0
1002.0 1219.0 1436.0
1002.0 1219.0 1436.0
1002.0 1219.0 1436.0
1002.0 1219.0 1436.0
1002.0 1219.0 1436.0
1002.0 1219.0 1436.0
1002.0 1219.0 1436.0
1002.0 1219.0 1436.0
1002.0 1219.0 1436.0
1002.0 1219.0 1436.0
1002.0 1219.0 1436.0
1002.0 1219.0 1436.0
1002.0 1219.0 1436.0
1002.0 1219.0 1436.0
1002.0 1219.0 1436.0
1002.0 1219.0 1436.0
1002.0 1219.0 1436.0
1002.0 1219.0 1436.0
1002.0 1219.0 1436.0
1002.0 1219.0 1436.0
1002.0 1219.0 1436.0
1002.0 1219.0 1436.0
1002.0 1219.0 1436.0
1002.0 1219.0 1436.0
1002.0 1219.0 1436.0
1002.0 1219.0 1436.0
1002.0 1219.0 1436.0
