15637.0 16039.5 16442.0
11157.0 12397.5 13638.0
10267.0 11079.5 11892.0
9101.0 9384.5 9668.0
8820.0 8830.0 8840.0
6687.0 7077.5 7468.0
4571.0 5743.0 6915.0
4571.0 6119.5 7668.0
3145.0 4151.0 5157.0
3145.0 4151.0 5157.0
3476.0 3919.5 4363.0
2594.0 2971.0 3348.0
2594.0 2971.0 3348.0
2594.0 2971.0 3348.0
2594.0 2971.0 3348.0
2594.0 2971.0 3348.0
2594.0 2650.0 2706.0
2594.0 2803.5 3013.0
2594.0 2803.5 3013.0
2594.0 2803.5 3013.0
2594.0 2803.5 3013.0
2594.0 2803.5 3013.0
2594.0 2803.5 3013.0
2594.0 2803.5 3013.0
2594.0 2803.5 3013.0
2594.0 2803.5 3013.0
2594.0 2803.5 3013.0
2594.0 2803.5 3013.0
2378.0 2486.0 2594.0
2093.0 2343.5 2594.0
2093.0 2343.5 2594.0
1847.0 2220.5 2594.0
1847.0 2220.5 2594.0
1847.0 2220.5 2594.0
1847.0 2220.5 2594.0
1847.0 2220.5 2594.0
1847.0 2220.5 2594.0
1847.0 2220.5 2594.0
1847.0 1926.5 2006.0
1847.0 1926.5 2006.0
1847.0 1926.5 2006.0
1847.0 1926.5 2006.0
1847.0 1926.5 2006.0
1847.0 1926.5 2006.0
1847.0 1926.5 2006.0
1847.0 1926.5 2006.0
1847.0 1926.5 2006.0
1847.0 1926.5 2006.0
1847.0 1926.5 2006.0
1847.0 1926.5 2006.0
1847.0 1926.5 2006.0
1847.0 1926.5 2006.0
1847.0 1926.5 2006.0
1847.0 1926.5 2006.0
1847.0 1926.5 2006.0
1847.0 1926.5 2006.0
1847.0 1926.5 2006.0
1728.0 1867.0 2006.0
1256.0 1631.0 2006.0
1256.0 1631.0 2006.0
1256.0 1631.0 2006.0
1256.0 1631.0 2006.0
1256.0 1631.0 2006.0
1256.0 1631.0 2006.0
1256.0 1631.0 2006.0
1256.0 1631.0 2006.0
1256.0 1631.0 2006.0
1256.0 1631.0 2006.0
1256.0 1631.0 2006.0
1256.0 1631.0 2006.0
1256.0 1631.0 2006.0
1256.0 1631.0 2006.0
1256.0 1631.0 2006.0
1256.0 1631.0 2006.0
1256.0 1631.0 2006.0
1256.0 1631.0 2006.0
1256.0 1631.0 2006.0
1256.0 1631.0 2006.0
1256.0 1631.0 2006.0
1256.0 1631.0 2006.0
1256.0 1631.0 2006.0
1256.0 1631.0 2006.0
1256.0 1631.0 2006.0
1256.0 1631.0 2006.0
1256.0 1631.0 2006.0
1256.0 1631.0 2006.0
1256.0 1631.0 2006.0
1256.0 1631.0 2006.0
1256.0 1631.0 2006.0
1256.0 1631.0 2006.0
1256.0 1631.0 2006.0
1256.0 1631.0 2006.0
1256.0 1459.0 1662.0
1256.0 1459.0 1662.0
1256.0 1459.0 1662.0
1256.0 1459.0 1662.0
1256.0 1459.0 1662.0
1256.0 1459.0 1662.0
1256.0 1459.0 1662.0
1256.0 1459.0 1662.0
1256.0 1459.0 1662.0
1256.0 1459.0 1662.0
1256.0 1459.0 1662.0
1256.0 1459.0 1662.0
1256.0 1459.0 1662.0
1256.0 1675.5 2095.0
1256.0 1675.5 2095.0
1256.0 1675.5 2095.0
1256.0 1675.5 2095.0
1256.0 1675.5 2095.0
1256.0 1675.5 2095.0
1256.0 1432.5 1609.0
1256.0 1356.0 1456.0
1256.0 1356.0 1456.0
1256.0 1356.0 1456.0
1256.0 1356.0 1456.0
1256.0 1356.0 1456.0
1256.0 1356.0 1456.0
1256.0 1356.0 1456.0
1256.0 1356.0 1456.0
1256.0 1356.0 1456.0
1256.0 1356.0 1456.0
1256.0 1356.0 1456.0
1256.0 1356.0 1456.0
1256.0 1356.0 1456.0
1256.0 1356.0 1456.0
1256.0 1356.0 1456.0
1256.0 1356.0 1456.0
1256.0 1356.0 1456.0
1256.0 1356.0 1456.0
1256.0 1356.0 1456.0
1256.0 1356.0 1456.0
1256.0 1356.0 1456.0
1256.0 1356.0 1456.0
1256.0 1356.0 1456.0
1256.0 1356.0 1456.0
1256.0 1356.0 1456.0
1256.0 1356.0 1456.0
1256.0 1356.0 1456.0
1256.0 1356.0 1456.0
1256.0 1356.0 1456.0
1256.0 1356.0 1456.0
1256.0 1356.0 1456.0
1256.0 1356.0 1456.0
1256.0 1356.0 1456.0
1256.0 1356.0 1456.0
1256.0 1356.0 1456.0
1256.0 1356.0 1456.0
1256.0 1356.0 1456.0
1256.0 1356.0 1456.0
1256.0 1356.0 1456.0
1256.0 1356.0 1456.0
1256.0 1356.0 1456.0
1256.0 1356.0 1456.0
1256.0 1356.0 1456.0
1256.0 1356.0 1456.0
1256.0 1356.0 1456.0
1256.0 1356.0 1456.0
1256.0 1356.0 1456.0
1256.0 1356.0 1456.0
1256.0 1356.0 1456.0
1256.0 1356.0 1456.0
1256.0 1356.0 1456.0
1256.0 1356.0 1456.0
1256.0 1356.0 1456.0
1256.0 1356.0 1456.0
1256.0 1356.0 1456.0
1256.0 1356.0 1456.0
1256.0 1356.0 1456.0
1256.0 1356.0 1456.0
1256.0 1356.0 1456.0
1256.0 1356.0 1456.0
1256.0 1356.0 1456.0
1256.0 1356.0 1456.0
1256.0 1356.0 1456.0
1256.0 1356.0 1456.0
1256.0 1356.0 1456.0
1256.0 1356.0 1456.0
1256.0 1356.0 1456.0
1256.0 1356.0 1456.0
1256.0 1356.0 1456.0
1256.0 1356.0 1456.0
1256.0 1356.0 1456.0
1256.0 1356.0 1456.0
1256.0 1356.0 1456.0
1256.0 1356.0 1456.0
1256.0 1356.0 1456.0
1256.0 1356.0 1456.0
1256.0 1356.0 1456.0
1256.0 1356.0 1456.0
1256.0 1356.0 1456.0
1256.0 1356.0 1456.0
1256.0 1356.0 1456.0
1256.0 1356.0 1456.0
1256.0 1356.0 1456.0
1256.0 1356.0 1456.0
1256.0 1356.0 1456.0
1256.0 1356.0 1456.0
1256.0 1356.0 1456.0
1256.0 1356.0 1456.0
