8330.0 9093.5 9857.0
6389.0 7896.5 9404.0
6469.0 6956.0 7443.0
3959.0 5277.0 6595.0
4025.0 4470.5 4916.0
3307.0 3315.5 3324.0
2867.0 3333.5 3800.0
2375.0 2676.5 2978.0
1419.0 1694.5 1970.0
1306.0 1638.0 1970.0
1220.0 1611.5 2003.0
1220.0 1322.0 1424.0
1115.0 1167.5 1220.0
1115.0 1167.5 1220.0
1115.0 1167.5 1220.0
1115.0 1167.5 1220.0
1115.0 1167.5 1220.0
1115.0 1167.5 1220.0
1115.0 1167.5 1220.0
1115.0 1167.5 1220.0
1115.0 1167.5 1220.0
1115.0 1167.5 1220.0
1115.0 1167.5 1220.0
1115.0 1167.5 1220.0
1115.0 1167.5 1220.0
1115.0 1167.5 1220.0
1115.0 1167.5 1220.0
1115.0 1167.5 1220.0
1115.0 1167.5 1220.0
1115.0 1167.5 1220.0
1115.0 1167.5 1220.0
1115.0 1167.5 1220.0
1115.0 1167.5 1220.0
1115.0 1167.5 1220.0
1115.0 1167.5 1220.0
1115.0 1167.5 1220.0
1115.0 1167.5 1220.0
1115.0 1167.5 1220.0
1115.0 1167.5 1220.0
1115.0 1167.5 1220.0
1115.0 1167.5 1220.0
1115.0 1167.5 1220.0
1115.0 1167.5 1220.0
1115.0 1167.5 1220.0
1115.0 1167.5 1220.0
1115.0 1167.5 1220.0
1115.0 1167.5 1220.0
1115.0 1167.5 1220.0
1115.0 1167.5 1220.0
1115.0 1167.5 1220.0
1115.0 1167.5 1220.0
1115.0 1167.5 1220.0
1115.0 1167.5 1220.0
1115.0 1173.0 1231.0
1115.0 1173.0 1231.0
998.0 1056.5 1115.0
998.0 1056.5 1115.0
998.0 1056.5 1115.0
998.0 1056.5 1115.0
998.0 1056.5 1115.0
998.0 1056.5 1115.0
998.0 1056.5 1115.0
998.0 1056.5 1115.0
998.0 1056.5 1115.0
998.0 1056.5 1115.0
998.0 1056.5 1115.0
998.0 1056.5 1115.0
998.0 1056.5 1115.0
998.0 1056.5 1115.0
998.0 1056.5 1115.0
998.0 1056.5 1115.0
998.0 1056.5 1115.0
998.0 1056.5 1115.0
998.0 1056.5 1115.0
998.0 1056.5 1115.0
998.0 1056.5 1115.0
998.0 1056.5 1115.0
998.0 1056.5 1115.0
998.0 1056.5 1115.0
998.0 1056.5 1115.0
998.0 1056.5 1115.0
998.0 1056.5 1115.0
998.0 1056.5 1115.0
998.0 1056.5 1115.0
998.0 1056.5 1115.0
998.0 1056.5 1115.0
998.0 1056.5 1115.0
998.0 1056.5 1115.0
998.0 1056.5 1115.0
998.0 1056.5 1115.0
998.0 1056.5 1115.0
998.0 1056.5 1115.0
998.0 1056.5 1115.0
998.0 1056.5 1115.0
998.0 1056.5 1115.0
998.0 1056.5 1115.0
998.0 1056.5 1115.0
998.0 1056.5 1115.0
998.0 1056.5 1115.0
998.0 1056.5 1115.0
998.0 1056.5 1115.0
998.0 1056.5 1115.0
998.0 1056.5 1115.0
998.0 1056.5 1115.0
998.0 1056.5 1115.0
998.0 1056.5 1115.0
998.0 1056.5 1115.0
998.0 1056.5 1115.0
998.0 1056.5 1115.0
998.0 1056.5 1115.0
998.0 1056.5 1115.0
998.0 1056.5 1115.0
998.0 1056.5 1115.0
998.0 1056.5 1115.0
998.0 1056.5 1115.0
998.0 1056.5 1115.0
998.0 1056.5 1115.0
998.0 1056.5 1115.0
998.0 1056.5 1115.0
998.0 1056.5 1115.0
998.0 1056.5 1115.0
998.0 1056.5 1115.0
998.0 1056.5 1115.0
998.0 1056.5 1115.0
998.0 1056.5 1115.0
998.0 1056.5 1115.0
998.0 1056.5 1115.0
998.0 1056.5 1115.0
998.0 1056.5 1115.0
998.0 1056.5 1115.0
998.0 1056.5 1115.0
998.0 1056.5 1115.0
998.0 1056.5 1115.0
998.0 1056.5 1115.0
998.0 1056.5 1115.0
998.0 1056.5 1115.0
998.0 1056.5 1115.0
998.0 1056.5 1115.0
998.0 1056.5 1115.0
998.0 1056.5 1115.0
998.0 1056.5 1115.0
998.0 1056.5 1115.0
998.0 1056.5 1115.0
998.0 1056.5 1115.0
998.0 1056.5 1115.0
998.0 1056.5 1115.0
998.0 1056.5 1115.0
998.0 1056.5 1115.0
998.0 1056.5 1115.0
998.0 1056.5 1115.0
998.0 1056.5 1115.0
998.0 1056.5 1115.0
998.0 1056.5 1115.0
998.0 1056.5 1115.0
998.0 1056.5 1115.0
998.0 1056.5 1115.0
998.0 1056.5 1115.0
998.0 1056.5 1115.0
998.0 1056.5 1115.0
998.0 1056.5 1115.0
998.0 1056.5 1115.0
998.0 1056.5 1115.0
998.0 1056.5 1115.0
998.0 1056.5 1115.0
998.0 1056.5 1115.0
998.0 1056.5 1115.0
998.0 1056.5 1115.0
998.0 1056.5 1115.0
998.0 1056.5 1115.0
998.0 1056.5 1115.0
998.0 1056.5 1115.0
998.0 1056.5 1115.0
998.0 1056.5 1115.0
998.0 1056.5 1115.0
998.0 1056.5 1115.0
998.0 1056.5 1115.0
998.0 1056.5 1115.0
998.0 1056.5 1115.0
998.0 1056.5 1115.0
998.0 1056.5 1115.0
998.0 1056.5 1115.0
998.0 1056.5 1115.0
998.0 1056.5 1115.0
998.0 1056.5 1115.0
998.0 1056.5 1115.0
998.0 1056.5 1115.0
998.0 1056.5 1115.0
998.0 1056.5 1115.0
998.0 1056.5 1115.0
998.0 1056.5 1115.0
998.0 1056.5 1115.0
998.0 1056.5 1115.0
998.0 1056.5 1115.0
998.0 1056.5 1115.0
998.0 1056.5 1115.0
998.0 1056.5 1115.0
998.0 1056.5 1115.0
998.0 1056.5 1115.0
998.0 1056.5 1115.0
998.0 1056.5 1115.0
