13426.0 13880.5 14335.0
11738.0 12070.5 12403.0
10913.0 12163.0 13413.0
8495.0 10086.5 11678.0
6756.0 8332.5 9909.0
6756.0 7837.0 8918.0
6265.0 7025.0 7785.0
4128.0 6160.5 8193.0
3792.0 5305.0 6818.0
3792.0 4227.5 4663.0
3279.0 3660.0 4041.0
3279.0 3342.5 3406.0
3279.0 3342.5 3406.0
3279.0 3342.5 3406.0
3279.0 3436.5 3594.0
2625.0 2837.0 3049.0
1917.0 2271.0 2625.0
1917.0 2271.0 2625.0
1917.0 2271.0 2625.0
1917.0 2067.0 2217.0
1628.0 1772.5 1917.0
1628.0 1772.5 1917.0
1628.0 1772.5 1917.0
1628.0 1772.5 1917.0
1628.0 1772.5 1917.0
1628.0 1772.5 1917.0
1628.0 1772.5 1917.0
1628.0 1772.5 1917.0
1628.0 1772.5 1917.0
1628.0 1772.5 1917.0
1628.0 1772.5 1917.0
1628.0 1772.5 1917.0
1628.0 1772.5 1917.0
1628.0 1772.5 1917.0
1628.0 1772.5 1917.0
1628.0 1772.5 1917.0
1628.0 1772.5 1917.0
1628.0 1772.5 1917.0
1628.0 1772.5 1917.0
1628.0 1772.5 1917.0
1628.0 1772.5 1917.0
1628.0 1772.5 1917.0
1628.0 1772.5 1917.0
1628.0 1772.5 1917.0
1628.0 1772.5 1917.0
1628.0 1772.5 1917.0
1628.0 1772.5 1917.0
1628.0 1772.5 1917.0
1628.0 1772.5 1917.0
1628.0 1772.5 1917.0
1628.0 1772.5 1917.0
1628.0 1772.5 1917.0
1628.0 1772.5 1917.0
1628.0 1772.5 1917.0
1628.0 1772.5 1917.0
1628.0 1772.5 1917.0
1628.0 1772.5 1917.0
1628.0 1772.5 1917.0
1628.0 1772.5 1917.0
1628.0 1772.5 1917.0
1628.0 1772.5 1917.0
1628.0 1772.5 1917.0
1628.0 1772.5 1917.0
1628.0 1772.5 1917.0
1628.0 1772.5 1917.0
1628.0 1772.5 1917.0
1628.0 1772.5 1917.0
1628.0 1772.5 1917.0
1628.0 1772.5 1917.0
1628.0 1772.5 1917.0
1628.0 1772.5 1917.0
1628.0 1772.5 1917.0
1628.0 1772.5 1917.0
1628.0 1772.5 1917.0
1628.0 1772.5 1917.0
1628.0 1772.5 1917.0
1628.0 1772.5 1917.0
1628.0 1772.5 1917.0
1628.0 1772.5 1917.0
1628.0 1772.5 1917.0
1628.0 1772.5 1917.0
1628.0 1772.5 1917.0
1628.0 1772.5 1917.0
1628.0 1772.5 1917.0
1628.0 1772.5 1917.0
1628.0 1772.5 1917.0
1628.0 1772.5 1917.0
1628.0 1772.5 1917.0
1628.0 1772.5 1917.0
1628.0 1772.5 1917.0
1628.0 1772.5 1917.0
1628.0 1772.5 1917.0
1628.0 1772.5 1917.0
1628.0 1772.5 1917.0
1628.0 1772.5 1917.0
1628.0 1772.5 1917.0
1628.0 1772.5 1917.0
1628.0 1772.5 1917.0
1628.0 1772.5 1917.0
1628.0 1772.5 1917.0
1628.0 1772.5 1917.0
1628.0 1772.5 1917.0
1628.0 1772.5 1917.0
1628.0 1772.5 1917.0
1628.0 1772.5 1917.0
1628.0 1772.5 1917.0
1628.0 1772.5 1917.0
1628.0 1772.5 1917.0
1628.0 1772.5 1917.0
1628.0 1772.5 1917.0
1628.0 1772.5 1917.0
1628.0 1772.5 1917.0
1628.0 1772.5 1917.0
1628.0 1772.5 1917.0
1628.0 1772.5 1917.0
1628.0 1772.5 1917.0
1628.0 1772.5 1917.0
1628.0 1772.5 1917.0
1628.0 1772.5 1917.0
1628.0 1772.5 1917.0
1628.0 1772.5 1917.0
1628.0 1772.5 1917.0
1628.0 1772.5 1917.0
1628.0 1772.5 1917.0
1628.0 1772.5 1917.0
1628.0 1772.5 1917.0
1628.0 1772.5 1917.0
1628.0 1772.5 1917.0
1628.0 1772.5 1917.0
1628.0 1772.5 1917.0
1628.0 1772.5 1917.0
1628.0 1772.5 1917.0
1628.0 1772.5 1917.0
1628.0 1772.5 1917.0
1628.0 1772.5 1917.0
1628.0 1772.5 1917.0
1628.0 1772.5 1917.0
1628.0 1772.5 1917.0
1628.0 1772.5 1917.0
1628.0 1772.5 1917.0
1628.0 1772.5 1917.0
1628.0 1772.5 1917.0
1628.0 1772.5 1917.0
1628.0 1772.5 1917.0
1628.0 1772.5 1917.0
1628.0 1772.5 1917.0
1628.0 1772.5 1917.0
1628.0 1772.5 1917.0
1628.0 1772.5 1917.0
1628.0 1772.5 1917.0
1628.0 1772.5 1917.0
1628.0 1772.5 1917.0
1628.0 1772.5 1917.0
1628.0 1772.5 1917.0
1628.0 1772.5 1917.0
1628.0 1772.5 1917.0
1628.0 1772.5 1917.0
1628.0 1772.5 1917.0
1628.0 1772.5 1917.0
1628.0 1772.5 1917.0
1628.0 1772.5 1917.0
1628.0 1772.5 1917.0
1628.0 1772.5 1917.0
1628.0 1772.5 1917.0
1628.0 1772.5 1917.0
1628.0 1772.5 1917.0
1628.0 1772.5 1917.0
1628.0 1772.5 1917.0
1628.0 1772.5 1917.0
1628.0 1772.5 1917.0
1628.0 1772.5 1917.0
1628.0 1772.5 1917.0
1628.0 1772.5 1917.0
1628.0 1772.5 1917.0
1628.0 1772.5 1917.0
1628.0 1772.5 1917.0
1628.0 1772.5 1917.0
1628.0 1772.5 1917.0
1628.0 1772.5 1917.0
1628.0 1772.5 1917.0
1628.0 1772.5 1917.0
1628.0 1772.5 1917.0
1628.0 1772.5 1917.0
1628.0 1772.5 1917.0
1628.0 1772.5 1917.0
1628.0 1772.5 1917.0
1628.0 1772.5 1917.0
1628.0 1772.5 1917.0
1628.0 1772.5 1917.0
1628.0 1772.5 1917.0
1628.0 1772.5 1917.0
1628.0 1772.5 1917.0
1628.0 1772.5 1917.0
1628.0 1772.5 1917.0
1628.0 1772.5 1917.0
1628.0 1772.5 1917.0
1628.0 1772.5 1917.0
1628.0 1708.5 1789.0
1628.0 1708.5 1789.0
1628.0 1708.5 1789.0
