15345.0 15535.0 15725.0
11376.0 12465.0 13554.0
8970.0 9817.0 10664.0
7224.0 8029.0 8834.0
5909.0 6994.5 8080.0
4554.0 5658.0 6762.0
3552.0 4238.5 4925.0
3552.0 4238.5 4925.0
3552.0 4103.0 4654.0
2596.0 2849.5 3103.0
2596.0 2849.5 3103.0
2596.0 2849.5 3103.0
2596.0 2849.5 3103.0
2596.0 2849.5 3103.0
2596.0 3262.5 3929.0
2596.0 2935.5 3275.0
2596.0 2667.0 2738.0
2059.0 2327.5 2596.0
2059.0 2216.0 2373.0
2059.0 2089.5 2120.0
2059.0 2120.5 2182.0
2059.0 2120.5 2182.0
2059.0 2120.5 2182.0
2059.0 2120.5 2182.0
2059.0 2120.5 2182.0
2059.0 2120.5 2182.0
2059.0 2120.5 2182.0
2059.0 2120.5 2182.0
2059.0 2120.5 2182.0
2059.0 2120.5 2182.0
2059.0 2120.5 2182.0
2059.0 2120.5 2182.0
2059.0 2120.5 2182.0
2059.0 2120.5 2182.0
2059.0 2120.5 2182.0
2059.0 2120.5 2182.0
2059.0 2120.5 2182.0
2059.0 2120.5 2182.0
2059.0 2120.5 2182.0
2059.0 2120.5 2182.0
2059.0 2120.5 2182.0
2059.0 2120.5 2182.0
2059.0 2120.5 2182.0
2059.0 2120.5 2182.0
2059.0 2120.5 2182.0
2059.0 2120.5 2182.0
2059.0 2120.5 2182.0
2059.0 2120.5 2182.0
2059.0 2120.5 2182.0
2059.0 2120.5 2182.0
2059.0 2120.5 2182.0
2059.0 2120.5 2182.0
2182.0 2198.5 2215.0
2182.0 2198.5 2215.0
2182.0 2198.5 2215.0
2182.0 2198.5 2215.0
2182.0 2198.5 2215.0
2182.0 2198.5 2215.0
2182.0 2198.5 2215.0
2182.0 2198.5 2215.0
2182.0 2198.5 2215.0
1953.0 2067.5 2182.0
1953.0 2067.5 2182.0
1953.0 2067.5 2182.0
1953.0 2067.5 2182.0
1953.0 2067.5 2182.0
1953.0 2067.5 2182.0
1953.0 2067.5 2182.0
1953.0 2067.5 2182.0
1953.0 2067.5 2182.0
1953.0 2067.5 2182.0
1953.0 2067.5 2182.0
1953.0 2067.5 2182.0
1953.0 2067.5 2182.0
1953.0 2067.5 2182.0
1953.0 2067.5 2182.0
1953.0 2067.5 2182.0
1953.0 2067.5 2182.0
1953.0 2067.5 2182.0
1953.0 2067.5 2182.0
1953.0 2067.5 2182.0
1953.0 2067.5 2182.0
1953.0 2067.5 2182.0
1953.0 2067.5 2182.0
1953.0 2067.5 2182.0
1953.0 2067.5 2182.0
1953.0 2067.5 2182.0
1953.0 2067.5 2182.0
1953.0 2067.5 2182.0
1953.0 2067.5 2182.0
1953.0 2067.5 2182.0
1953.0 2067.5 2182.0
1953.0 2067.5 2182.0
1953.0 2067.5 2182.0
1953.0 2067.5 2182.0
1953.0 2067.5 2182.0
1953.0 2067.5 2182.0
1953.0 2067.5 2182.0
1953.0 2067.5 2182.0
1820.0 1886.5 1953.0
1820.0 1886.5 1953.0
1820.0 1886.5 1953.0
1820.0 1886.5 1953.0
1820.0 1886.5 1953.0
1820.0 1886.5 1953.0
1820.0 1886.5 1953.0
1820.0 1886.5 1953.0
1820.0 1886.5 1953.0
1820.0 1886.5 1953.0
1820.0 1886.5 1953.0
1820.0 1886.5 1953.0
1820.0 1886.5 1953.0
1820.0 1886.5 1953.0
1820.0 1886.5 1953.0
1820.0 1886.5 1953.0
1820.0 1886.5 1953.0
1820.0 1886.5 1953.0
1820.0 1886.5 1953.0
1820.0 1886.5 1953.0
1820.0 1886.5 1953.0
1820.0 1886.5 1953.0
1820.0 1886.5 1953.0
1820.0 1886.5 1953.0
1820.0 1886.5 1953.0
1820.0 1886.5 1953.0
1820.0 1886.5 1953.0
1820.0 1886.5 1953.0
1820.0 1886.5 1953.0
1820.0 1886.5 1953.0
1820.0 1886.5 1953.0
1820.0 1886.5 1953.0
1820.0 1886.5 1953.0
1820.0 1886.5 1953.0
1820.0 1886.5 1953.0
1820.0 1886.5 1953.0
1820.0 1886.5 1953.0
1820.0 1886.5 1953.0
1820.0 1886.5 1953.0
1820.0 1886.5 1953.0
1820.0 1886.5 1953.0
1820.0 1886.5 1953.0
1820.0 1886.5 1953.0
1820.0 1886.5 1953.0
1820.0 1886.5 1953.0
1820.0 1886.5 1953.0
1820.0 1886.5 1953.0
1820.0 1886.5 1953.0
1820.0 1886.5 1953.0
1820.0 1886.5 1953.0
1820.0 1886.5 1953.0
1820.0 1886.5 1953.0
1820.0 1886.5 1953.0
1820.0 1886.5 1953.0
1820.0 1886.5 1953.0
1820.0 1886.5 1953.0
1820.0 1886.5 1953.0
1820.0 1886.5 1953.0
1820.0 1886.5 1953.0
1820.0 1886.5 1953.0
1820.0 1886.5 1953.0
1820.0 1886.5 1953.0
1820.0 1886.5 1953.0
1820.0 1886.5 1953.0
1820.0 1886.5 1953.0
1820.0 1886.5 1953.0
1820.0 1886.5 1953.0
1820.0 1886.5 1953.0
1820.0 1886.5 1953.0
1820.0 1886.5 1953.0
1820.0 1886.5 1953.0
1820.0 1886.5 1953.0
1820.0 1886.5 1953.0
1820.0 1886.5 1953.0
1820.0 1886.5 1953.0
1557.0 1688.5 1820.0
1499.0 1659.5 1820.0
1794.0 1807.0 1820.0
1794.0 1807.0 1820.0
1794.0 1807.0 1820.0
1794.0 1807.0 1820.0
1794.0 1807.0 1820.0
1794.0 1807.0 1820.0
1794.0 1807.0 1820.0
1794.0 1807.0 1820.0
1794.0 1807.0 1820.0
1794.0 1807.0 1820.0
1794.0 1807.0 1820.0
1794.0 1807.0 1820.0
1794.0 1807.0 1820.0
1794.0 1807.0 1820.0
1794.0 1807.0 1820.0
1794.0 1807.0 1820.0
1794.0 1807.0 1820.0
1794.0 1807.0 1820.0
1794.0 1807.0 1820.0
1794.0 1807.0 1820.0
1794.0 1807.0 1820.0
1794.0 1807.0 1820.0
1794.0 1807.0 1820.0
1794.0 1807.0 1820.0
