11065.0 11649.0 12233.0
9715.0 10019.0 10323.0
5896.0 6428.0 6960.0
5059.0 5984.0 6909.0
5414.0 5415.0 5416.0
3330.0 3361.5 3393.0
1856.0 2207.0 2558.0
1604.0 2174.5 2745.0
1508.0 1604.0 1700.0
1508.0 1604.0 1700.0
1035.0 1367.5 1700.0
1035.0 1367.5 1700.0
1035.0 1367.5 1700.0
1035.0 1100.0 1165.0
1035.0 1100.0 1165.0
1035.0 1100.0 1165.0
1035.0 1100.0 1165.0
1035.0 1100.0 1165.0
1035.0 1100.0 1165.0
1035.0 1100.0 1165.0
1035.0 1100.0 1165.0
1035.0 1100.0 1165.0
1035.0 1100.0 1165.0
1035.0 1100.0 1165.0
1035.0 1100.0 1165.0
1035.0 1100.0 1165.0
1035.0 1100.0 1165.0
1035.0 1100.0 1165.0
1035.0 1100.0 1165.0
1035.0 1100.0 1165.0
1035.0 1100.0 1165.0
1035.0 1100.0 1165.0
1035.0 1100.0 1165.0
1035.0 1100.0 1165.0
1035.0 1100.0 1165.0
1035.0 1100.0 1165.0
1035.0 1100.0 1165.0
1035.0 1100.0 1165.0
1035.0 1100.0 1165.0
1035.0 1100.0 1165.0
1035.0 1100.0 1165.0
1035.0 1100.0 1165.0
1035.0 1100.0 1165.0
1035.0 1100.0 1165.0
1035.0 1100.0 1165.0
1035.0 1100.0 1165.0
1035.0 1100.0 1165.0
1035.0 1100.0 1165.0
1035.0 1100.0 1165.0
1035.0 1100.0 1165.0
1035.0 1100.0 1165.0
1035.0 1100.0 1165.0
1035.0 1100.0 1165.0
1035.0 1100.0 1165.0
1035.0 1100.0 1165.0
1035.0 1100.0 1165.0
1035.0 1100.0 1165.0
1035.0 1100.0 1165.0
1035.0 1100.0 1165.0
1035.0 1100.0 1165.0
1035.0 1100.0 1165.0
1035.0 1100.0 1165.0
1035.0 1100.0 1165.0
1035.0 1100.0 1165.0
1035.0 1100.0 1165.0
1035.0 1100.0 1165.0
1035.0 1100.0 1165.0
1035.0 1100.0 1165.0
1035.0 1100.0 1165.0
1035.0 1100.0 1165.0
1035.0 1100.0 1165.0
1035.0 1100.0 1165.0
1035.0 1100.0 1165.0
1035.0 1100.0 1165.0
1035.0 1100.0 1165.0
1035.0 1100.0 1165.0
1035.0 1100.0 1165.0
1035.0 1100.0 1165.0
1035.0 1100.0 1165.0
1035.0 1100.0 1165.0
1035.0 1100.0 1165.0
1035.0 1100.0 1165.0
1035.0 1100.0 1165.0
1035.0 1100.0 1165.0
1035.0 1100.0 1165.0
1035.0 1100.0 1165.0
1035.0 1100.0 1165.0
1035.0 1100.0 1165.0
1035.0 1100.0 1165.0
1035.0 1100.0 1165.0
1035.0 1100.0 1165.0
1035.0 1100.0 1165.0
1035.0 1100.0 1165.0
1035.0 1100.0 1165.0
1035.0 1100.0 1165.0
1035.0 1100.0 1165.0
1035.0 1100.0 1165.0
1035.0 1100.0 1165.0
1035.0 1100.0 1165.0
1035.0 1100.0 1165.0
1035.0 1100.0 1165.0
1035.0 1100.0 1165.0
1035.0 1100.0 1165.0
1035.0 1100.0 1165.0
1035.0 1100.0 1165.0
1035.0 1100.0 1165.0
1035.0 1100.0 1165.0
1035.0 1100.0 1165.0
1035.0 1100.0 1165.0
1035.0 1100.0 1165.0
1035.0 1100.0 1165.0
1035.0 1100.0 1165.0
1035.0 1100.0 1165.0
1035.0 1100.0 1165.0
1035.0 1100.0 1165.0
1035.0 1100.0 1165.0
1035.0 1100.0 1165.0
1035.0 1100.0 1165.0
1035.0 1100.0 1165.0
1035.0 1100.0 1165.0
1035.0 1100.0 1165.0
1035.0 1100.0 1165.0
1035.0 1100.0 1165.0
1035.0 1100.0 1165.0
1035.0 1100.0 1165.0
1035.0 1100.0 1165.0
1035.0 1100.0 1165.0
1035.0 1100.0 1165.0
1035.0 1100.0 1165.0
1035.0 1100.0 1165.0
1035.0 1100.0 1165.0
1035.0 1100.0 1165.0
1035.0 1100.0 1165.0
1035.0 1100.0 1165.0
1035.0 1100.0 1165.0
1035.0 1088.0 1141.0
1035.0 1048.0 1061.0
667.0 851.0 1035.0
667.0 851.0 1035.0
667.0 851.0 1035.0
667.0 851.0 1035.0
667.0 851.0 1035.0
667.0 851.0 1035.0
667.0 851.0 1035.0
667.0 851.0 1035.0
667.0 851.0 1035.0
667.0 851.0 1035.0
667.0 851.0 1035.0
667.0 851.0 1035.0
667.0 851.0 1035.0
667.0 851.0 1035.0
667.0 851.0 1035.0
667.0 851.0 1035.0
667.0 851.0 1035.0
667.0 851.0 1035.0
667.0 851.0 1035.0
667.0 851.0 1035.0
667.0 851.0 1035.0
667.0 851.0 1035.0
667.0 851.0 1035.0
667.0 851.0 1035.0
667.0 851.0 1035.0
667.0 851.0 1035.0
667.0 851.0 1035.0
667.0 851.0 1035.0
667.0 851.0 1035.0
667.0 851.0 1035.0
667.0 851.0 1035.0
667.0 851.0 1035.0
667.0 851.0 1035.0
667.0 851.0 1035.0
667.0 851.0 1035.0
667.0 851.0 1035.0
667.0 851.0 1035.0
667.0 851.0 1035.0
667.0 851.0 1035.0
667.0 851.0 1035.0
667.0 851.0 1035.0
667.0 851.0 1035.0
667.0 851.0 1035.0
667.0 851.0 1035.0
667.0 851.0 1035.0
667.0 851.0 1035.0
667.0 851.0 1035.0
667.0 851.0 1035.0
667.0 851.0 1035.0
667.0 851.0 1035.0
667.0 851.0 1035.0
667.0 851.0 1035.0
667.0 851.0 1035.0
667.0 851.0 1035.0
667.0 851.0 1035.0
667.0 851.0 1035.0
667.0 851.0 1035.0
667.0 851.0 1035.0
667.0 851.0 1035.0
667.0 851.0 1035.0
667.0 851.0 1035.0
667.0 851.0 1035.0
667.0 851.0 1035.0
