11979.0 12987.0 13995.0
8868.0 9156.0 9444.0
6328.0 7009.5 7691.0
5238.0 5443.5 5649.0
3452.0 3630.0 3808.0
2889.0 3170.5 3452.0
2370.0 2590.0 2810.0
2370.0 2507.5 2645.0
1052.0 1528.5 2005.0
1052.0 1365.0 1678.0
1052.0 1251.5 1451.0
1052.0 1236.5 1421.0
1052.0 1236.5 1421.0
1052.0 1236.5 1421.0
1052.0 1236.5 1421.0
1052.0 1236.5 1421.0
1052.0 1236.5 1421.0
1052.0 1236.5 1421.0
1052.0 1236.5 1421.0
1052.0 1236.5 1421.0
1052.0 1236.5 1421.0
1052.0 1236.5 1421.0
1052.0 1236.5 1421.0
1052.0 1236.5 1421.0
1052.0 1236.5 1421.0
1052.0 1236.5 1421.0
1052.0 1178.0 1304.0
1052.0 1178.0 1304.0
1052.0 1134.0 1216.0
1052.0 1134.0 1216.0
1052.0 1054.0 1056.0
1052.0 1054.0 1056.0
872.0 962.0 1052.0
872.0 962.0 1052.0
872.0 962.0 1052.0
872.0 962.0 1052.0
872.0 962.0 1052.0
872.0 962.0 1052.0
872.0 962.0 1052.0
872.0 962.0 1052.0
872.0 962.0 1052.0
872.0 962.0 1052.0
872.0 962.0 1052.0
872.0 962.0 1052.0
872.0 962.0 1052.0
872.0 962.0 1052.0
872.0 962.0 1052.0
872.0 962.0 1052.0
872.0 962.0 1052.0
872.0 962.0 1052.0
872.0 962.0 1052.0
872.0 962.0 1052.0
872.0 962.0 1052.0
872.0 962.0 1052.0
872.0 962.0 1052.0
872.0 962.0 1052.0
872.0 962.0 1052.0
872.0 962.0 1052.0
872.0 962.0 1052.0
872.0 962.0 1052.0
872.0 962.0 1052.0
872.0 962.0 1052.0
872.0 962.0 1052.0
872.0 962.0 1052.0
872.0 962.0 1052.0
872.0 962.0 1052.0
872.0 962.0 1052.0
872.0 962.0 1052.0
872.0 962.0 1052.0
872.0 962.0 1052.0
872.0 962.0 1052.0
872.0 962.0 1052.0
872.0 962.0 1052.0
872.0 962.0 1052.0
872.0 962.0 1052.0
872.0 962.0 1052.0
872.0 962.0 1052.0
872.0 962.0 1052.0
872.0 962.0 1052.0
872.0 962.0 1052.0
872.0 962.0 1052.0
872.0 962.0 1052.0
872.0 962.0 1052.0
872.0 962.0 1052.0
872.0 962.0 1052.0
872.0 962.0 1052.0
872.0 962.0 1052.0
872.0 962.0 1052.0
872.0 962.0 1052.0
872.0 962.0 1052.0
872.0 962.0 1052.0
872.0 962.0 1052.0
872.0 962.0 1052.0
872.0 962.0 1052.0
872.0 962.0 1052.0
872.0 962.0 1052.0
872.0 962.0 1052.0
872.0 962.0 1052.0
872.0 962.0 1052.0
872.0 962.0 1052.0
872.0 962.0 1052.0
872.0 962.0 1052.0
872.0 962.0 1052.0
872.0 962.0 1052.0
872.0 962.0 1052.0
872.0 962.0 1052.0
872.0 962.0 1052.0
872.0 962.0 1052.0
872.0 962.0 1052.0
872.0 962.0 1052.0
872.0 962.0 1052.0
872.0 962.0 1052.0
872.0 962.0 1052.0
872.0 962.0 1052.0
872.0 962.0 1052.0
872.0 962.0 1052.0
872.0 962.0 1052.0
872.0 962.0 1052.0
872.0 962.0 1052.0
872.0 962.0 1052.0
872.0 962.0 1052.0
872.0 962.0 1052.0
872.0 962.0 1052.0
872.0 962.0 1052.0
872.0 962.0 1052.0
872.0 962.0 1052.0
872.0 962.0 1052.0
872.0 962.0 1052.0
872.0 962.0 1052.0
872.0 962.0 1052.0
872.0 962.0 1052.0
872.0 962.0 1052.0
872.0 962.0 1052.0
872.0 962.0 1052.0
872.0 962.0 1052.0
872.0 962.0 1052.0
872.0 962.0 1052.0
872.0 962.0 1052.0
872.0 962.0 1052.0
872.0 962.0 1052.0
872.0 962.0 1052.0
872.0 962.0 1052.0
872.0 962.0 1052.0
872.0 962.0 1052.0
872.0 962.0 1052.0
872.0 962.0 1052.0
872.0 962.0 1052.0
872.0 962.0 1052.0
872.0 962.0 1052.0
872.0 962.0 1052.0
872.0 962.0 1052.0
872.0 962.0 1052.0
872.0 962.0 1052.0
872.0 962.0 1052.0
872.0 962.0 1052.0
872.0 962.0 1052.0
872.0 962.0 1052.0
872.0 962.0 1052.0
872.0 962.0 1052.0
872.0 962.0 1052.0
872.0 962.0 1052.0
872.0 962.0 1052.0
872.0 962.0 1052.0
872.0 962.0 1052.0
872.0 962.0 1052.0
872.0 962.0 1052.0
872.0 962.0 1052.0
872.0 962.0 1052.0
872.0 962.0 1052.0
872.0 962.0 1052.0
872.0 962.0 1052.0
872.0 962.0 1052.0
872.0 962.0 1052.0
872.0 962.0 1052.0
872.0 962.0 1052.0
872.0 962.0 1052.0
872.0 962.0 1052.0
872.0 962.0 1052.0
872.0 962.0 1052.0
872.0 962.0 1052.0
872.0 962.0 1052.0
872.0 962.0 1052.0
872.0 962.0 1052.0
872.0 962.0 1052.0
872.0 962.0 1052.0
872.0 962.0 1052.0
872.0 962.0 1052.0
872.0 962.0 1052.0
872.0 962.0 1052.0
872.0 962.0 1052.0
872.0 962.0 1052.0
872.0 962.0 1052.0
872.0 962.0 1052.0
872.0 962.0 1052.0
872.0 962.0 1052.0
872.0 962.0 1052.0
872.0 962.0 1052.0
872.0 962.0 1052.0
872.0 962.0 1052.0
872.0 962.0 1052.0
