14804.0 14856.0 14908.0
14352.0 14561.0 14770.0
10049.0 10934.5 11820.0
10102.0 10183.0 10264.0
8977.0 8980.5 8984.0
7387.0 8208.5 9030.0
6387.0 7186.0 7985.0
5467.0 5572.5 5678.0
4969.0 5179.5 5390.0
4969.0 5179.5 5390.0
3869.0 4024.0 4179.0
4082.0 4130.5 4179.0
3862.0 3883.0 3904.0
3471.0 3762.5 4054.0
3301.0 3386.0 3471.0
2173.0 2822.0 3471.0
2173.0 3195.5 4218.0
2173.0 2279.0 2385.0
2173.0 2279.0 2385.0
2173.0 2279.0 2385.0
2173.0 2279.0 2385.0
2385.0 2548.0 2711.0
2385.0 2439.0 2493.0
2173.0 2333.0 2493.0
1176.0 1834.5 2493.0
1176.0 1834.5 2493.0
1176.0 1834.5 2493.0
1176.0 1834.5 2493.0
1176.0 1834.5 2493.0
1176.0 1834.5 2493.0
1176.0 1834.5 2493.0
1176.0 1834.5 2493.0
1176.0 1834.5 2493.0
1176.0 1834.5 2493.0
1176.0 1834.5 2493.0
1176.0 1834.5 2493.0
1176.0 1834.5 2493.0
1176.0 1834.5 2493.0
1176.0 1834.5 2493.0
1176.0 1834.5 2493.0
1176.0 1834.5 2493.0
1176.0 1834.5 2493.0
1176.0 1834.5 2493.0
1176.0 1834.5 2493.0
1176.0 1834.5 2493.0
1176.0 1834.5 2493.0
1176.0 1834.5 2493.0
1176.0 1834.5 2493.0
1176.0 1834.5 2493.0
1176.0 1834.5 2493.0
1176.0 1834.5 2493.0
1176.0 1834.5 2493.0
1176.0 1834.5 2493.0
1176.0 1834.5 2493.0
1176.0 1834.5 2493.0
1176.0 1834.5 2493.0
1176.0 1834.5 2493.0
1176.0 1834.5 2493.0
1176.0 1834.5 2493.0
1176.0 1834.5 2493.0
1176.0 1834.5 2493.0
1176.0 1834.5 2493.0
1176.0 1834.5 2493.0
1176.0 1834.5 2493.0
1176.0 1834.5 2493.0
1176.0 1834.5 2493.0
1176.0 1834.5 2493.0
1176.0 1834.5 2493.0
1176.0 1834.5 2493.0
1176.0 1834.5 2493.0
1176.0 1834.5 2493.0
1176.0 1834.5 2493.0
1176.0 1834.5 2493.0
1176.0 1834.5 2493.0
1176.0 1834.5 2493.0
1176.0 1834.5 2493.0
1176.0 1834.5 2493.0
1176.0 1834.5 2493.0
1176.0 1834.5 2493.0
1176.0 1834.5 2493.0
1176.0 1500.0 1824.0
1176.0 1507.5 1839.0
1176.0 1299.5 1423.0
1176.0 1181.5 1187.0
1176.0 1181.5 1187.0
1176.0 1181.5 1187.0
1176.0 1181.5 1187.0
1176.0 1181.5 1187.0
1176.0 1181.5 1187.0
1176.0 1181.5 1187.0
1176.0 1181.5 1187.0
1176.0 1181.5 1187.0
1176.0 1181.5 1187.0
1176.0 1181.5 1187.0
1176.0 1181.5 1187.0
1176.0 1181.5 1187.0
1176.0 1181.5 1187.0
1176.0 1181.5 1187.0
1176.0 1181.5 1187.0
1176.0 1181.5 1187.0
1176.0 1181.5 1187.0
1176.0 1181.5 1187.0
1176.0 1181.5 1187.0
1176.0 1181.5 1187.0
1176.0 1181.5 1187.0
1176.0 1181.5 1187.0
1176.0 1181.5 1187.0
1176.0 1181.5 1187.0
1176.0 1181.5 1187.0
1176.0 1181.5 1187.0
1176.0 1181.5 1187.0
1176.0 1181.5 1187.0
1176.0 1181.5 1187.0
1176.0 1181.5 1187.0
1176.0 1181.5 1187.0
1176.0 1181.5 1187.0
1176.0 1181.5 1187.0
1176.0 1181.5 1187.0
1176.0 1181.5 1187.0
1176.0 1181.5 1187.0
1176.0 1181.5 1187.0
1176.0 1181.5 1187.0
1176.0 1181.5 1187.0
1176.0 1181.5 1187.0
1176.0 1181.5 1187.0
1176.0 1181.5 1187.0
1176.0 1181.5 1187.0
1176.0 1181.5 1187.0
1176.0 1181.5 1187.0
1176.0 1181.5 1187.0
1176.0 1181.5 1187.0
1176.0 1181.5 1187.0
1176.0 1181.5 1187.0
1176.0 1181.5 1187.0
1176.0 1181.5 1187.0
1176.0 1181.5 1187.0
1176.0 1181.5 1187.0
1176.0 1181.5 1187.0
1176.0 1181.5 1187.0
1176.0 1181.5 1187.0
1176.0 1181.5 1187.0
1176.0 1181.5 1187.0
1176.0 1181.5 1187.0
1176.0 1181.5 1187.0
1176.0 1181.5 1187.0
1176.0 1181.5 1187.0
1176.0 1181.5 1187.0
1176.0 1181.5 1187.0
1176.0 1181.5 1187.0
1176.0 1181.5 1187.0
1176.0 1181.5 1187.0
1176.0 1181.5 1187.0
1176.0 1181.5 1187.0
1176.0 1181.5 1187.0
1176.0 1181.5 1187.0
1176.0 1181.5 1187.0
1176.0 1181.5 1187.0
1176.0 1181.5 1187.0
1176.0 1181.5 1187.0
1176.0 1181.5 1187.0
1176.0 1181.5 1187.0
1176.0 1181.5 1187.0
1176.0 1181.5 1187.0
1176.0 1181.5 1187.0
1176.0 1181.5 1187.0
1176.0 1181.5 1187.0
1176.0 1181.5 1187.0
1176.0 1181.5 1187.0
1176.0 1181.5 1187.0
1176.0 1181.5 1187.0
1176.0 1181.5 1187.0
1176.0 1181.5 1187.0
1176.0 1181.5 1187.0
1176.0 1181.5 1187.0
1176.0 1181.5 1187.0
1176.0 1181.5 1187.0
1176.0 1181.5 1187.0
1176.0 1181.5 1187.0
1176.0 1181.5 1187.0
1176.0 1181.5 1187.0
1176.0 1181.5 1187.0
1176.0 1181.5 1187.0
1176.0 1181.5 1187.0
1176.0 1181.5 1187.0
1176.0 1181.5 1187.0
1176.0 1181.5 1187.0
1176.0 1181.5 1187.0
1176.0 1181.5 1187.0
1176.0 1181.5 1187.0
1176.0 1181.5 1187.0
1176.0 1181.5 1187.0
1176.0 1181.5 1187.0
1176.0 1181.5 1187.0
1176.0 1181.5 1187.0
1176.0 1181.5 1187.0
1176.0 1181.5 1187.0
1176.0 1181.5 1187.0
1176.0 1181.5 1187.0
1176.0 1181.5 1187.0
1176.0 1181.5 1187.0
