11994.0 13514.0 15034.0
9547.0 10455.5 11364.0
7708.0 8331.0 8954.0
6447.0 6620.5 6794.0
5490.0 5686.5 5883.0
3817.0 4850.0 5883.0
3473.0 3646.0 3819.0
3473.0 3646.0 3819.0
3165.0 3319.0 3473.0
2296.0 2712.0 3128.0
2207.0 2251.5 2296.0
2207.0 2276.0 2345.0
1863.0 2104.0 2345.0
1863.0 1909.5 1956.0
1058.0 1460.5 1863.0
1058.0 1460.5 1863.0
1058.0 1460.5 1863.0
1058.0 1460.5 1863.0
1058.0 1460.5 1863.0
1058.0 1460.5 1863.0
1058.0 1460.5 1863.0
1058.0 1460.5 1863.0
1058.0 1460.5 1863.0
1058.0 1460.5 1863.0
1058.0 1460.5 1863.0
1058.0 1460.5 1863.0
1058.0 1460.5 1863.0
1058.0 1460.5 1863.0
1058.0 1460.5 1863.0
1058.0 1460.5 1863.0
1058.0 1460.5 1863.0
1058.0 1460.5 1863.0
1058.0 1460.5 1863.0
1058.0 1460.5 1863.0
1058.0 1460.5 1863.0
1058.0 1460.5 1863.0
1058.0 1460.5 1863.0
1058.0 1460.5 1863.0
1058.0 1460.5 1863.0
1058.0 1406.5 1755.0
1058.0 1274.0 1490.0
1058.0 1187.0 1316.0
1058.0 1187.0 1316.0
1058.0 1187.0 1316.0
1058.0 1187.0 1316.0
1058.0 1187.0 1316.0
1058.0 1187.0 1316.0
1058.0 1187.0 1316.0
1058.0 1187.0 1316.0
1058.0 1187.0 1316.0
1058.0 1187.0 1316.0
1058.0 1187.0 1316.0
1058.0 1187.0 1316.0
1058.0 1187.0 1316.0
1058.0 1187.0 1316.0
1058.0 1187.0 1316.0
1058.0 1187.0 1316.0
1058.0 1187.0 1316.0
1058.0 1187.0 1316.0
1058.0 1187.0 1316.0
1058.0 1187.0 1316.0
1058.0 1187.0 1316.0
1058.0 1187.0 1316.0
1058.0 1187.0 1316.0
1058.0 1187.0 1316.0
1058.0 1187.0 1316.0
1058.0 1187.0 1316.0
1058.0 1187.0 1316.0
1058.0 1187.0 1316.0
1058.0 1187.0 1316.0
1058.0 1187.0 1316.0
1058.0 1187.0 1316.0
1058.0 1187.0 1316.0
1058.0 1187.0 1316.0
1058.0 1187.0 1316.0
1058.0 1187.0 1316.0
1058.0 1187.0 1316.0
1058.0 1187.0 1316.0
1058.0 1187.0 1316.0
1058.0 1187.0 1316.0
1058.0 1187.0 1316.0
1058.0 1187.0 1316.0
1058.0 1187.0 1316.0
1058.0 1187.0 1316.0
1058.0 1187.0 1316.0
1058.0 1187.0 1316.0
1058.0 1187.0 1316.0
1058.0 1187.0 1316.0
1058.0 1187.0 1316.0
1058.0 1187.0 1316.0
1058.0 1187.0 1316.0
1058.0 1187.0 1316.0
1058.0 1187.0 1316.0
1058.0 1187.0 1316.0
1058.0 1187.0 1316.0
1058.0 1187.0 1316.0
1058.0 1187.0 1316.0
1058.0 1187.0 1316.0
1058.0 1187.0 1316.0
1058.0 1187.0 1316.0
1058.0 1187.0 1316.0
1058.0 1187.0 1316.0
1058.0 1187.0 1316.0
1058.0 1187.0 1316.0
1058.0 1187.0 1316.0
1058.0 1187.0 1316.0
1058.0 1187.0 1316.0
1058.0 1187.0 1316.0
1058.0 1187.0 1316.0
1058.0 1187.0 1316.0
1058.0 1187.0 1316.0
1058.0 1187.0 1316.0
1058.0 1187.0 1316.0
1058.0 1187.0 1316.0
1058.0 1187.0 1316.0
1058.0 1187.0 1316.0
1058.0 1187.0 1316.0
1058.0 1187.0 1316.0
1058.0 1187.0 1316.0
1058.0 1187.0 1316.0
1058.0 1187.0 1316.0
1058.0 1187.0 1316.0
1058.0 1187.0 1316.0
1058.0 1187.0 1316.0
1058.0 1187.0 1316.0
1058.0 1187.0 1316.0
1058.0 1187.0 1316.0
1058.0 1187.0 1316.0
1058.0 1187.0 1316.0
1058.0 1187.0 1316.0
1058.0 1187.0 1316.0
1058.0 1187.0 1316.0
1058.0 1187.0 1316.0
1058.0 1187.0 1316.0
1058.0 1187.0 1316.0
1058.0 1187.0 1316.0
1058.0 1187.0 1316.0
1058.0 1187.0 1316.0
1058.0 1187.0 1316.0
1058.0 1187.0 1316.0
1058.0 1187.0 1316.0
1058.0 1187.0 1316.0
1058.0 1187.0 1316.0
1058.0 1187.0 1316.0
1058.0 1187.0 1316.0
1058.0 1187.0 1316.0
1058.0 1187.0 1316.0
1058.0 1187.0 1316.0
1058.0 1187.0 1316.0
1058.0 1187.0 1316.0
1058.0 1187.0 1316.0
1058.0 1187.0 1316.0
1058.0 1187.0 1316.0
1058.0 1187.0 1316.0
1058.0 1187.0 1316.0
1058.0 1187.0 1316.0
1058.0 1187.0 1316.0
1058.0 1187.0 1316.0
1058.0 1187.0 1316.0
1058.0 1187.0 1316.0
1058.0 1187.0 1316.0
1058.0 1187.0 1316.0
1058.0 1187.0 1316.0
1058.0 1187.0 1316.0
1058.0 1187.0 1316.0
1058.0 1187.0 1316.0
1058.0 1187.0 1316.0
1058.0 1187.0 1316.0
1058.0 1187.0 1316.0
1058.0 1187.0 1316.0
1058.0 1187.0 1316.0
1058.0 1187.0 1316.0
1058.0 1187.0 1316.0
1058.0 1187.0 1316.0
1058.0 1187.0 1316.0
1058.0 1187.0 1316.0
1058.0 1187.0 1316.0
1058.0 1187.0 1316.0
1058.0 1187.0 1316.0
1058.0 1187.0 1316.0
1058.0 1187.0 1316.0
1058.0 1187.0 1316.0
1058.0 1187.0 1316.0
1058.0 1187.0 1316.0
1058.0 1187.0 1316.0
1058.0 1187.0 1316.0
1058.0 1187.0 1316.0
1058.0 1187.0 1316.0
1058.0 1187.0 1316.0
1058.0 1187.0 1316.0
1058.0 1187.0 1316.0
1058.0 1187.0 1316.0
1058.0 1187.0 1316.0
1058.0 1187.0 1316.0
1058.0 1187.0 1316.0
1058.0 1187.0 1316.0
1058.0 1187.0 1316.0
1058.0 1187.0 1316.0
1058.0 1187.0 1316.0
1058.0 1187.0 1316.0
