11500.0 13752.0 16004.0
10775.0 12547.0 14319.0
10740.0 11354.0 11968.0
6075.0 7833.5 9592.0
4922.0 5653.5 6385.0
4795.0 4808.5 4822.0
3484.0 4153.0 4822.0
3139.0 3311.5 3484.0
2731.0 2926.0 3121.0
2510.0 2620.5 2731.0
2731.0 2807.5 2884.0
2096.0 2278.5 2461.0
1761.0 1845.5 1930.0
1761.0 1856.5 1952.0
1745.0 1848.5 1952.0
1745.0 1848.5 1952.0
1745.0 1848.5 1952.0
1745.0 1848.5 1952.0
1745.0 1848.5 1952.0
1745.0 1848.5 1952.0
1745.0 1848.5 1952.0
1745.0 1848.5 1952.0
1745.0 1848.5 1952.0
1745.0 1848.5 1952.0
1745.0 1848.5 1952.0
1745.0 1848.5 1952.0
1582.0 1663.5 1745.0
1582.0 1663.5 1745.0
1582.0 1663.5 1745.0
1582.0 1663.5 1745.0
1582.0 1663.5 1745.0
1582.0 1663.5 1745.0
1582.0 1663.5 1745.0
1582.0 1663.5 1745.0
1262.0 1503.5 1745.0
1262.0 1503.5 1745.0
1262.0 1503.5 1745.0
1262.0 1503.5 1745.0
1262.0 1503.5 1745.0
1262.0 1503.5 1745.0
1262.0 1503.5 1745.0
1262.0 1503.5 1745.0
1262.0 1503.5 1745.0
1262.0 1503.5 1745.0
1262.0 1503.5 1745.0
1262.0 1503.5 1745.0
1262.0 1503.5 1745.0
1262.0 1503.5 1745.0
1262.0 1503.5 1745.0
1262.0 1503.5 1745.0
1262.0 1503.5 1745.0
1262.0 1503.5 1745.0
1262.0 1503.5 1745.0
1262.0 1503.5 1745.0
1262.0 1503.5 1745.0
1262.0 1503.5 1745.0
1262.0 1503.5 1745.0
1262.0 1503.5 1745.0
1262.0 1503.5 1745.0
1262.0 1503.5 1745.0
1262.0 1503.5 1745.0
1262.0 1503.5 1745.0
1262.0 1503.5 1745.0
1262.0 1503.5 1745.0
1262.0 1503.5 1745.0
1262.0 1503.5 1745.0
1262.0 1503.5 1745.0
1262.0 1503.5 1745.0
1262.0 1503.5 1745.0
1262.0 1503.5 1745.0
1262.0 1503.5 1745.0
1262.0 1503.5 1745.0
1262.0 1503.5 1745.0
1262.0 1503.5 1745.0
1262.0 1503.5 1745.0
1262.0 1503.5 1745.0
1262.0 1503.5 1745.0
1262.0 1503.5 1745.0
1262.0 1503.5 1745.0
1262.0 1503.5 1745.0
1262.0 1503.5 1745.0
1262.0 1503.5 1745.0
1262.0 1503.5 1745.0
1262.0 1503.5 1745.0
1262.0 1503.5 1745.0
1262.0 1503.5 1745.0
1262.0 1503.5 1745.0
1262.0 1503.5 1745.0
1262.0 1503.5 1745.0
1262.0 1503.5 1745.0
1262.0 1503.5 1745.0
1262.0 1503.5 1745.0
1262.0 1503.5 1745.0
1262.0 1503.5 1745.0
1262.0 1503.5 1745.0
1262.0 1503.5 1745.0
1262.0 1503.5 1745.0
1262.0 1503.5 1745.0
1262.0 1503.5 1745.0
1262.0 1503.5 1745.0
1262.0 1503.5 1745.0
1262.0 1503.5 1745.0
1262.0 1503.5 1745.0
1262.0 1503.5 1745.0
1262.0 1503.5 1745.0
1262.0 1503.5 1745.0
1262.0 1503.5 1745.0
1262.0 1308.5 1355.0
1262.0 1308.5 1355.0
1262.0 1308.5 1355.0
1262.0 1308.5 1355.0
1262.0 1308.5 1355.0
1262.0 1308.5 1355.0
1262.0 1308.5 1355.0
1262.0 1308.5 1355.0
1262.0 1308.5 1355.0
1262.0 1308.5 1355.0
1262.0 1308.5 1355.0
1262.0 1308.5 1355.0
1262.0 1308.5 1355.0
1262.0 1308.5 1355.0
1262.0 1308.5 1355.0
1262.0 1308.5 1355.0
1262.0 1308.5 1355.0
1262.0 1308.5 1355.0
1262.0 1308.5 1355.0
1262.0 1308.5 1355.0
1262.0 1308.5 1355.0
1262.0 1308.5 1355.0
1262.0 1308.5 1355.0
1262.0 1308.5 1355.0
1262.0 1308.5 1355.0
1262.0 1308.5 1355.0
1262.0 1308.5 1355.0
1262.0 1308.5 1355.0
1262.0 1308.5 1355.0
1262.0 1308.5 1355.0
1262.0 1308.5 1355.0
1262.0 1308.5 1355.0
1262.0 1308.5 1355.0
1262.0 1308.5 1355.0
1262.0 1308.5 1355.0
1262.0 1308.5 1355.0
1262.0 1308.5 1355.0
1262.0 1308.5 1355.0
1262.0 1308.5 1355.0
1262.0 1298.0 1334.0
1262.0 1298.0 1334.0
1262.0 1298.0 1334.0
1262.0 1298.0 1334.0
1262.0 1298.0 1334.0
1262.0 1298.0 1334.0
1262.0 1298.0 1334.0
1262.0 1298.0 1334.0
1262.0 1298.0 1334.0
1262.0 1298.0 1334.0
1262.0 1298.0 1334.0
1262.0 1298.0 1334.0
1262.0 1298.0 1334.0
1262.0 1298.0 1334.0
1262.0 1298.0 1334.0
1262.0 1298.0 1334.0
1262.0 1298.0 1334.0
1262.0 1298.0 1334.0
1262.0 1298.0 1334.0
1262.0 1298.0 1334.0
1262.0 1298.0 1334.0
1262.0 1298.0 1334.0
1262.0 1298.0 1334.0
1262.0 1298.0 1334.0
1262.0 1298.0 1334.0
1262.0 1298.0 1334.0
1262.0 1298.0 1334.0
1262.0 1298.0 1334.0
1262.0 1298.0 1334.0
1262.0 1298.0 1334.0
1262.0 1298.0 1334.0
1262.0 1298.0 1334.0
1262.0 1298.0 1334.0
1262.0 1298.0 1334.0
1262.0 1298.0 1334.0
1262.0 1298.0 1334.0
1262.0 1298.0 1334.0
1262.0 1298.0 1334.0
1262.0 1298.0 1334.0
1262.0 1298.0 1334.0
1262.0 1298.0 1334.0
1262.0 1298.0 1334.0
1262.0 1298.0 1334.0
1262.0 1298.0 1334.0
1262.0 1298.0 1334.0
1262.0 1298.0 1334.0
1262.0 1298.0 1334.0
1262.0 1298.0 1334.0
1262.0 1298.0 1334.0
1262.0 1298.0 1334.0
1262.0 1298.0 1334.0
1262.0 1298.0 1334.0
1262.0 1298.0 1334.0
1262.0 1298.0 1334.0
