13198.0 15280.5 17363.0
10933.0 13350.5 15768.0
10874.0 12495.5 14117.0
7944.0 9238.5 10533.0
6367.0 7343.5 8320.0
4911.0 5639.0 6367.0
5479.0 5923.0 6367.0
3231.0 3421.5 3612.0
3231.0 3421.5 3612.0
2629.0 3682.5 4736.0
2053.0 2341.0 2629.0
2053.0 2099.0 2145.0
2053.0 2099.0 2145.0
2053.0 2099.0 2145.0
2053.0 2099.0 2145.0
2053.0 2099.0 2145.0
2053.0 2099.0 2145.0
2053.0 2099.0 2145.0
2053.0 2099.0 2145.0
2145.0 2254.0 2363.0
2145.0 2268.5 2392.0
2145.0 2268.5 2392.0
1645.0 1895.0 2145.0
975.0 1560.0 2145.0
975.0 1560.0 2145.0
975.0 1560.0 2145.0
975.0 1560.0 2145.0
975.0 1560.0 2145.0
975.0 1560.0 2145.0
975.0 1560.0 2145.0
975.0 1560.0 2145.0
975.0 1560.0 2145.0
975.0 1560.0 2145.0
975.0 1560.0 2145.0
975.0 1560.0 2145.0
975.0 1560.0 2145.0
975.0 1560.0 2145.0
975.0 1560.0 2145.0
975.0 1560.0 2145.0
975.0 1560.0 2145.0
975.0 1560.0 2145.0
975.0 1560.0 2145.0
975.0 1560.0 2145.0
975.0 1560.0 2145.0
975.0 1560.0 2145.0
975.0 1363.0 1751.0
975.0 1363.0 1751.0
975.0 1363.0 1751.0
975.0 1363.0 1751.0
975.0 1363.0 1751.0
975.0 1363.0 1751.0
975.0 1363.0 1751.0
975.0 1363.0 1751.0
975.0 1363.0 1751.0
975.0 1363.0 1751.0
975.0 1363.0 1751.0
975.0 1363.0 1751.0
975.0 1363.0 1751.0
975.0 1363.0 1751.0
975.0 1363.0 1751.0
975.0 1363.0 1751.0
975.0 1363.0 1751.0
975.0 1363.0 1751.0
975.0 1363.0 1751.0
975.0 1363.0 1751.0
975.0 1363.0 1751.0
975.0 1363.0 1751.0
975.0 1363.0 1751.0
975.0 1363.0 1751.0
975.0 1363.0 1751.0
975.0 1363.0 1751.0
975.0 1363.0 1751.0
975.0 1363.0 1751.0
975.0 1363.0 1751.0
975.0 1363.0 1751.0
975.0 1363.0 1751.0
975.0 1363.0 1751.0
975.0 1363.0 1751.0
975.0 1363.0 1751.0
975.0 1363.0 1751.0
975.0 1363.0 1751.0
975.0 1363.0 1751.0
975.0 1363.0 1751.0
975.0 1363.0 1751.0
975.0 1363.0 1751.0
975.0 1363.0 1751.0
975.0 1363.0 1751.0
975.0 1363.0 1751.0
975.0 1363.0 1751.0
975.0 1363.0 1751.0
975.0 1363.0 1751.0
975.0 1363.0 1751.0
975.0 1363.0 1751.0
975.0 1363.0 1751.0
975.0 1363.0 1751.0
975.0 1363.0 1751.0
975.0 1363.0 1751.0
975.0 1363.0 1751.0
975.0 1363.0 1751.0
975.0 1363.0 1751.0
975.0 1363.0 1751.0
975.0 1363.0 1751.0
975.0 1363.0 1751.0
975.0 1363.0 1751.0
975.0 1363.0 1751.0
975.0 1363.0 1751.0
975.0 1363.0 1751.0
975.0 1363.0 1751.0
975.0 1363.0 1751.0
975.0 1363.0 1751.0
975.0 1363.0 1751.0
975.0 1363.0 1751.0
975.0 1363.0 1751.0
975.0 1363.0 1751.0
975.0 1363.0 1751.0
975.0 1363.0 1751.0
975.0 1363.0 1751.0
975.0 1363.0 1751.0
975.0 1363.0 1751.0
975.0 1363.0 1751.0
975.0 1363.0 1751.0
975.0 1363.0 1751.0
975.0 1363.0 1751.0
975.0 1363.0 1751.0
975.0 1363.0 1751.0
975.0 1363.0 1751.0
975.0 1363.0 1751.0
975.0 1363.0 1751.0
975.0 1363.0 1751.0
975.0 1363.0 1751.0
975.0 1363.0 1751.0
975.0 1363.0 1751.0
975.0 1363.0 1751.0
975.0 1363.0 1751.0
975.0 1363.0 1751.0
975.0 1363.0 1751.0
975.0 1363.0 1751.0
975.0 1363.0 1751.0
975.0 1363.0 1751.0
975.0 1363.0 1751.0
975.0 1363.0 1751.0
975.0 1363.0 1751.0
975.0 1363.0 1751.0
975.0 1363.0 1751.0
975.0 1363.0 1751.0
975.0 1363.0 1751.0
975.0 1363.0 1751.0
975.0 1363.0 1751.0
975.0 1363.0 1751.0
975.0 1363.0 1751.0
975.0 1363.0 1751.0
975.0 1363.0 1751.0
975.0 1363.0 1751.0
975.0 1363.0 1751.0
975.0 1363.0 1751.0
975.0 1363.0 1751.0
975.0 1363.0 1751.0
975.0 1363.0 1751.0
975.0 1363.0 1751.0
975.0 1363.0 1751.0
975.0 1363.0 1751.0
975.0 1363.0 1751.0
975.0 1363.0 1751.0
975.0 1363.0 1751.0
975.0 1363.0 1751.0
975.0 1363.0 1751.0
975.0 1363.0 1751.0
975.0 1363.0 1751.0
975.0 1363.0 1751.0
975.0 1363.0 1751.0
975.0 1363.0 1751.0
975.0 1363.0 1751.0
975.0 1363.0 1751.0
975.0 1363.0 1751.0
975.0 1363.0 1751.0
975.0 1363.0 1751.0
975.0 1363.0 1751.0
975.0 1363.0 1751.0
975.0 1363.0 1751.0
975.0 1363.0 1751.0
975.0 1363.0 1751.0
975.0 1363.0 1751.0
975.0 1363.0 1751.0
975.0 1363.0 1751.0
975.0 1363.0 1751.0
975.0 1363.0 1751.0
975.0 1363.0 1751.0
975.0 1363.0 1751.0
975.0 1363.0 1751.0
975.0 1363.0 1751.0
975.0 1363.0 1751.0
975.0 1363.0 1751.0
975.0 1363.0 1751.0
975.0 1363.0 1751.0
975.0 1363.0 1751.0
975.0 1363.0 1751.0
975.0 1363.0 1751.0
975.0 1363.0 1751.0
975.0 1363.0 1751.0
975.0 1363.0 1751.0
