13115.0 13358.5 13602.0
12005.0 12845.5 13686.0
8285.0 8747.5 9210.0
5588.0 6009.5 6431.0
3665.0 4222.0 4779.0
3549.0 3714.5 3880.0
2882.0 3046.5 3211.0
2882.0 3046.5 3211.0
2882.0 2893.5 2905.0
2882.0 2893.5 2905.0
2753.0 2817.5 2882.0
2207.0 2544.5 2882.0
1536.0 2209.0 2882.0
1536.0 2209.0 2882.0
1536.0 2209.0 2882.0
1536.0 2135.0 2734.0
1536.0 2055.5 2575.0
1536.0 2055.5 2575.0
1536.0 2055.5 2575.0
1536.0 2055.5 2575.0
1536.0 2055.5 2575.0
1536.0 2055.5 2575.0
1536.0 2055.5 2575.0
1536.0 2055.5 2575.0
1536.0 2055.5 2575.0
1536.0 2055.5 2575.0
1536.0 2055.5 2575.0
1536.0 2055.5 2575.0
1536.0 1930.5 2325.0
1536.0 1654.0 1772.0
1536.0 1650.5 1765.0
1536.0 1650.5 1765.0
1536.0 1650.5 1765.0
1536.0 1650.5 1765.0
1536.0 1650.5 1765.0
1536.0 1650.5 1765.0
1536.0 1650.5 1765.0
1536.0 1650.5 1765.0
1536.0 1650.5 1765.0
1536.0 1650.5 1765.0
1536.0 1650.5 1765.0
1536.0 1650.5 1765.0
1536.0 1650.5 1765.0
1536.0 1650.5 1765.0
1536.0 1650.5 1765.0
1536.0 1650.5 1765.0
1536.0 1650.5 1765.0
1536.0 1650.5 1765.0
1536.0 1650.5 1765.0
1536.0 1650.5 1765.0
1536.0 1650.5 1765.0
1536.0 1650.5 1765.0
1536.0 1650.5 1765.0
1536.0 1650.5 1765.0
1536.0 1650.5 1765.0
1536.0 1650.5 1765.0
1536.0 1650.5 1765.0
1536.0 1650.5 1765.0
1536.0 1650.5 1765.0
1574.0 1669.5 1765.0
1574.0 1669.5 1765.0
1380.0 1572.5 1765.0
1380.0 1572.5 1765.0
1380.0 1572.5 1765.0
1380.0 1572.5 1765.0
1380.0 1572.5 1765.0
1380.0 1572.5 1765.0
1380.0 1572.5 1765.0
1380.0 1572.5 1765.0
1380.0 1572.5 1765.0
1380.0 1572.5 1765.0
1380.0 1572.5 1765.0
1380.0 1572.5 1765.0
1380.0 1448.5 1517.0
1380.0 1448.5 1517.0
1380.0 1448.5 1517.0
1380.0 1448.5 1517.0
1380.0 1448.5 1517.0
1380.0 1448.5 1517.0
1380.0 1448.5 1517.0
1380.0 1448.5 1517.0
1380.0 1448.5 1517.0
1380.0 1448.5 1517.0
1380.0 1448.5 1517.0
1380.0 1448.5 1517.0
1380.0 1448.5 1517.0
1380.0 1448.5 1517.0
1380.0 1448.5 1517.0
1380.0 1448.5 1517.0
1380.0 1448.5 1517.0
1380.0 1448.5 1517.0
1380.0 1448.5 1517.0
1380.0 1448.5 1517.0
1380.0 1448.5 1517.0
1380.0 1448.5 1517.0
1380.0 1448.5 1517.0
1380.0 1448.5 1517.0
1380.0 1448.5 1517.0
1380.0 1448.5 1517.0
1380.0 1448.5 1517.0
1380.0 1448.5 1517.0
1380.0 1448.5 1517.0
1380.0 1448.5 1517.0
1380.0 1448.5 1517.0
1380.0 1448.5 1517.0
1380.0 1448.5 1517.0
1380.0 1448.5 1517.0
1380.0 1448.5 1517.0
1380.0 1448.5 1517.0
1380.0 1448.5 1517.0
1380.0 1448.5 1517.0
1380.0 1448.5 1517.0
1380.0 1448.5 1517.0
1380.0 1448.5 1517.0
1380.0 1448.5 1517.0
1380.0 1448.5 1517.0
1380.0 1448.5 1517.0
1380.0 1448.5 1517.0
1380.0 1448.5 1517.0
1380.0 1448.5 1517.0
1380.0 1448.5 1517.0
1380.0 1448.5 1517.0
1380.0 1448.5 1517.0
1380.0 1448.5 1517.0
1380.0 1448.5 1517.0
1380.0 1448.5 1517.0
1380.0 1448.5 1517.0
1380.0 1448.5 1517.0
1380.0 1448.5 1517.0
1380.0 1448.5 1517.0
1380.0 1448.5 1517.0
1380.0 1448.5 1517.0
1380.0 1448.5 1517.0
1380.0 1448.5 1517.0
1380.0 1448.5 1517.0
1380.0 1448.5 1517.0
1380.0 1448.5 1517.0
1380.0 1448.5 1517.0
1380.0 1448.5 1517.0
1380.0 1448.5 1517.0
1380.0 1448.5 1517.0
1380.0 1448.5 1517.0
1380.0 1448.5 1517.0
1380.0 1448.5 1517.0
1380.0 1448.5 1517.0
1380.0 1448.5 1517.0
1380.0 1448.5 1517.0
1380.0 1448.5 1517.0
1380.0 1448.5 1517.0
1380.0 1448.5 1517.0
1380.0 1448.5 1517.0
1380.0 1448.5 1517.0
1380.0 1448.5 1517.0
1380.0 1448.5 1517.0
1380.0 1448.5 1517.0
1380.0 1448.5 1517.0
1380.0 1448.5 1517.0
1380.0 1448.5 1517.0
1380.0 1448.5 1517.0
1380.0 1448.5 1517.0
1380.0 1448.5 1517.0
1380.0 1448.5 1517.0
1380.0 1448.5 1517.0
1380.0 1448.5 1517.0
1380.0 1448.5 1517.0
1380.0 1448.5 1517.0
1380.0 1448.5 1517.0
1380.0 1448.5 1517.0
1380.0 1448.5 1517.0
1380.0 1448.5 1517.0
1380.0 1448.5 1517.0
1380.0 1448.5 1517.0
1380.0 1448.5 1517.0
1380.0 1448.5 1517.0
1380.0 1448.5 1517.0
1380.0 1448.5 1517.0
1380.0 1448.5 1517.0
1380.0 1448.5 1517.0
1380.0 1448.5 1517.0
1380.0 1448.5 1517.0
1380.0 1448.5 1517.0
1380.0 1448.5 1517.0
1380.0 1448.5 1517.0
1380.0 1448.5 1517.0
1380.0 1448.5 1517.0
1380.0 1448.5 1517.0
1380.0 1448.5 1517.0
1380.0 1448.5 1517.0
1380.0 1448.5 1517.0
1380.0 1448.5 1517.0
1380.0 1448.5 1517.0
1380.0 1448.5 1517.0
1380.0 1448.5 1517.0
1380.0 1448.5 1517.0
1380.0 1448.5 1517.0
1380.0 1448.5 1517.0
1380.0 1448.5 1517.0
1380.0 1448.5 1517.0
1380.0 1448.5 1517.0
1380.0 1448.5 1517.0
