10643.0 12000.5 13358.0
9698.0 11172.5 12647.0
7184.0 7411.0 7638.0
6211.0 6437.0 6663.0
4079.0 4526.0 4973.0
3221.0 4000.5 4780.0
3221.0 3353.5 3486.0
3100.0 3352.0 3604.0
2431.0 2827.0 3223.0
2452.0 2875.0 3298.0
2452.0 2663.5 2875.0
2452.0 2663.5 2875.0
2247.0 2349.5 2452.0
2247.0 2349.5 2452.0
2247.0 2349.5 2452.0
2247.0 2349.5 2452.0
2247.0 2349.5 2452.0
2247.0 2349.5 2452.0
2247.0 2349.5 2452.0
2247.0 2349.5 2452.0
2247.0 2284.5 2322.0
2247.0 2284.5 2322.0
2247.0 2284.5 2322.0
2247.0 2284.5 2322.0
2247.0 2284.5 2322.0
2247.0 2284.5 2322.0
2247.0 2284.5 2322.0
2247.0 2284.5 2322.0
2247.0 2284.5 2322.0
2247.0 2284.5 2322.0
2247.0 2284.5 2322.0
2247.0 2284.5 2322.0
2247.0 2284.5 2322.0
2247.0 2284.5 2322.0
2247.0 2284.5 2322.0
2247.0 2284.5 2322.0
1828.0 2075.0 2322.0
1700.0 2011.0 2322.0
1700.0 2011.0 2322.0
1700.0 2011.0 2322.0
1700.0 2011.0 2322.0
1700.0 2011.0 2322.0
1700.0 2011.0 2322.0
1700.0 2011.0 2322.0
1700.0 2011.0 2322.0
1700.0 2011.0 2322.0
1700.0 2011.0 2322.0
1700.0 2011.0 2322.0
1700.0 2011.0 2322.0
1700.0 2011.0 2322.0
1700.0 2011.0 2322.0
1700.0 2011.0 2322.0
1700.0 2011.0 2322.0
1700.0 2011.0 2322.0
1700.0 2011.0 2322.0
1700.0 2011.0 2322.0
1881.0 2101.5 2322.0
1881.0 2101.5 2322.0
1323.0 1602.0 1881.0
1323.0 1602.0 1881.0
1323.0 1370.0 1417.0
1390.0 1579.0 1768.0
1390.0 1579.0 1768.0
1390.0 1579.0 1768.0
1390.0 1579.0 1768.0
1390.0 1579.0 1768.0
1390.0 1579.0 1768.0
1390.0 1579.0 1768.0
1390.0 1579.0 1768.0
1390.0 1579.0 1768.0
1390.0 1579.0 1768.0
1390.0 1579.0 1768.0
1390.0 1579.0 1768.0
1390.0 1579.0 1768.0
1390.0 1579.0 1768.0
1390.0 1579.0 1768.0
1390.0 1579.0 1768.0
1390.0 1579.0 1768.0
1390.0 1579.0 1768.0
1390.0 1579.0 1768.0
1390.0 1579.0 1768.0
1390.0 1579.0 1768.0
1390.0 1579.0 1768.0
1390.0 1579.0 1768.0
1390.0 1579.0 1768.0
1390.0 1579.0 1768.0
1390.0 1579.0 1768.0
1390.0 1579.0 1768.0
1390.0 1579.0 1768.0
1390.0 1579.0 1768.0
1390.0 1579.0 1768.0
1390.0 1579.0 1768.0
1390.0 1579.0 1768.0
1390.0 1579.0 1768.0
1390.0 1579.0 1768.0
1390.0 1579.0 1768.0
1390.0 1579.0 1768.0
1390.0 1579.0 1768.0
1390.0 1579.0 1768.0
1390.0 1579.0 1768.0
1390.0 1579.0 1768.0
1390.0 1579.0 1768.0
1390.0 1579.0 1768.0
1390.0 1579.0 1768.0
1390.0 1579.0 1768.0
1390.0 1579.0 1768.0
1390.0 1579.0 1768.0
1390.0 1579.0 1768.0
1390.0 1579.0 1768.0
1390.0 1579.0 1768.0
1390.0 1579.0 1768.0
1390.0 1579.0 1768.0
1390.0 1579.0 1768.0
1390.0 1579.0 1768.0
1390.0 1579.0 1768.0
1390.0 1579.0 1768.0
1390.0 1579.0 1768.0
1390.0 1579.0 1768.0
1390.0 1579.0 1768.0
1390.0 1579.0 1768.0
1390.0 1579.0 1768.0
1390.0 1579.0 1768.0
1390.0 1579.0 1768.0
1390.0 1579.0 1768.0
1390.0 1579.0 1768.0
1390.0 1579.0 1768.0
1390.0 1579.0 1768.0
1390.0 1579.0 1768.0
1390.0 1579.0 1768.0
1390.0 1579.0 1768.0
1390.0 1579.0 1768.0
1390.0 1579.0 1768.0
1390.0 1579.0 1768.0
1390.0 1579.0 1768.0
1390.0 1579.0 1768.0
1390.0 1579.0 1768.0
1390.0 1579.0 1768.0
1390.0 1579.0 1768.0
1390.0 1579.0 1768.0
1390.0 1579.0 1768.0
1390.0 1579.0 1768.0
1390.0 1579.0 1768.0
1390.0 1579.0 1768.0
1390.0 1579.0 1768.0
1390.0 1579.0 1768.0
1390.0 1579.0 1768.0
1390.0 1579.0 1768.0
1390.0 1579.0 1768.0
1390.0 1579.0 1768.0
1390.0 1579.0 1768.0
1390.0 1579.0 1768.0
1390.0 1579.0 1768.0
1390.0 1579.0 1768.0
1390.0 1579.0 1768.0
1390.0 1579.0 1768.0
1390.0 1579.0 1768.0
1390.0 1579.0 1768.0
1390.0 1579.0 1768.0
1390.0 1579.0 1768.0
1390.0 1579.0 1768.0
1390.0 1579.0 1768.0
1390.0 1579.0 1768.0
1390.0 1579.0 1768.0
1390.0 1579.0 1768.0
1390.0 1579.0 1768.0
1390.0 1579.0 1768.0
1390.0 1579.0 1768.0
1390.0 1579.0 1768.0
1390.0 1579.0 1768.0
1390.0 1579.0 1768.0
1390.0 1579.0 1768.0
1390.0 1579.0 1768.0
1390.0 1579.0 1768.0
1390.0 1579.0 1768.0
1390.0 1579.0 1768.0
1390.0 1579.0 1768.0
1390.0 1579.0 1768.0
1390.0 1579.0 1768.0
1390.0 1579.0 1768.0
1390.0 1579.0 1768.0
1390.0 1579.0 1768.0
1390.0 1579.0 1768.0
1390.0 1579.0 1768.0
1390.0 1579.0 1768.0
1390.0 1579.0 1768.0
1390.0 1579.0 1768.0
1390.0 1579.0 1768.0
1390.0 1579.0 1768.0
1390.0 1579.0 1768.0
1390.0 1579.0 1768.0
1390.0 1579.0 1768.0
1390.0 1579.0 1768.0
1390.0 1579.0 1768.0
1390.0 1579.0 1768.0
1390.0 1579.0 1768.0
1390.0 1579.0 1768.0
1390.0 1579.0 1768.0
1390.0 1579.0 1768.0
1390.0 1579.0 1768.0
1390.0 1579.0 1768.0
