11717.0 12646.5 13576.0
9870.0 10319.5 10769.0
7450.0 8276.5 9103.0
5663.0 6524.5 7386.0
3866.0 4305.5 4745.0
3803.0 3834.5 3866.0
2593.0 3104.0 3615.0
2072.0 2224.0 2376.0
2072.0 2284.5 2497.0
1485.0 1778.5 2072.0
1811.0 1941.5 2072.0
1651.0 1731.0 1811.0
1197.0 1424.0 1651.0
1177.0 1187.0 1197.0
1177.0 1187.0 1197.0
1177.0 1187.0 1197.0
1177.0 1187.0 1197.0
1177.0 1187.0 1197.0
1177.0 1187.0 1197.0
1177.0 1187.0 1197.0
917.0 1057.0 1197.0
917.0 1057.0 1197.0
917.0 1057.0 1197.0
917.0 1057.0 1197.0
917.0 1057.0 1197.0
917.0 1057.0 1197.0
917.0 1057.0 1197.0
917.0 1057.0 1197.0
917.0 1057.0 1197.0
917.0 1057.0 1197.0
917.0 1057.0 1197.0
917.0 1057.0 1197.0
917.0 1057.0 1197.0
917.0 1057.0 1197.0
917.0 1057.0 1197.0
917.0 1057.0 1197.0
917.0 1057.0 1197.0
917.0 1057.0 1197.0
917.0 1057.0 1197.0
917.0 1057.0 1197.0
917.0 1057.0 1197.0
917.0 1057.0 1197.0
917.0 1057.0 1197.0
917.0 1057.0 1197.0
917.0 1057.0 1197.0
917.0 1057.0 1197.0
917.0 1057.0 1197.0
917.0 1057.0 1197.0
917.0 1057.0 1197.0
917.0 1057.0 1197.0
917.0 1057.0 1197.0
917.0 1057.0 1197.0
917.0 1057.0 1197.0
917.0 1057.0 1197.0
917.0 1057.0 1197.0
917.0 1057.0 1197.0
917.0 1057.0 1197.0
917.0 1057.0 1197.0
917.0 1057.0 1197.0
917.0 1057.0 1197.0
917.0 1057.0 1197.0
917.0 1057.0 1197.0
917.0 1057.0 1197.0
917.0 1057.0 1197.0
917.0 1057.0 1197.0
917.0 1057.0 1197.0
917.0 1057.0 1197.0
917.0 1057.0 1197.0
917.0 1060.5 1204.0
917.0 941.0 965.0
917.0 941.0 965.0
917.0 941.0 965.0
917.0 941.0 965.0
917.0 941.0 965.0
917.0 941.0 965.0
917.0 941.0 965.0
917.0 941.0 965.0
917.0 941.0 965.0
917.0 941.0 965.0
917.0 941.0 965.0
917.0 941.0 965.0
917.0 941.0 965.0
917.0 941.0 965.0
917.0 941.0 965.0
917.0 941.0 965.0
917.0 941.0 965.0
917.0 941.0 965.0
917.0 941.0 965.0
917.0 941.0 965.0
917.0 941.0 965.0
917.0 941.0 965.0
917.0 941.0 965.0
917.0 941.0 965.0
917.0 941.0 965.0
917.0 941.0 965.0
917.0 941.0 965.0
917.0 941.0 965.0
917.0 941.0 965.0
917.0 941.0 965.0
917.0 941.0 965.0
917.0 941.0 965.0
917.0 941.0 965.0
917.0 941.0 965.0
917.0 941.0 965.0
917.0 941.0 965.0
917.0 941.0 965.0
917.0 941.0 965.0
917.0 941.0 965.0
917.0 941.0 965.0
917.0 941.0 965.0
917.0 941.0 965.0
917.0 941.0 965.0
917.0 941.0 965.0
917.0 941.0 965.0
917.0 941.0 965.0
917.0 941.0 965.0
917.0 941.0 965.0
917.0 941.0 965.0
917.0 941.0 965.0
917.0 941.0 965.0
917.0 941.0 965.0
917.0 941.0 965.0
917.0 941.0 965.0
917.0 941.0 965.0
917.0 941.0 965.0
917.0 941.0 965.0
917.0 941.0 965.0
917.0 941.0 965.0
917.0 941.0 965.0
917.0 941.0 965.0
917.0 941.0 965.0
917.0 941.0 965.0
917.0 941.0 965.0
917.0 941.0 965.0
917.0 941.0 965.0
917.0 941.0 965.0
917.0 941.0 965.0
917.0 941.0 965.0
917.0 941.0 965.0
917.0 941.0 965.0
917.0 941.0 965.0
917.0 941.0 965.0
917.0 941.0 965.0
917.0 941.0 965.0
917.0 941.0 965.0
917.0 941.0 965.0
917.0 941.0 965.0
917.0 941.0 965.0
917.0 941.0 965.0
917.0 941.0 965.0
917.0 941.0 965.0
917.0 941.0 965.0
917.0 941.0 965.0
917.0 941.0 965.0
917.0 941.0 965.0
917.0 941.0 965.0
917.0 941.0 965.0
917.0 941.0 965.0
917.0 941.0 965.0
917.0 941.0 965.0
917.0 941.0 965.0
917.0 941.0 965.0
917.0 941.0 965.0
917.0 941.0 965.0
917.0 941.0 965.0
917.0 941.0 965.0
917.0 941.0 965.0
917.0 941.0 965.0
917.0 941.0 965.0
917.0 941.0 965.0
917.0 941.0 965.0
917.0 941.0 965.0
917.0 941.0 965.0
917.0 941.0 965.0
917.0 941.0 965.0
917.0 941.0 965.0
917.0 941.0 965.0
917.0 941.0 965.0
917.0 941.0 965.0
917.0 941.0 965.0
917.0 941.0 965.0
917.0 941.0 965.0
917.0 941.0 965.0
917.0 941.0 965.0
917.0 941.0 965.0
917.0 941.0 965.0
917.0 941.0 965.0
917.0 941.0 965.0
917.0 941.0 965.0
917.0 941.0 965.0
917.0 941.0 965.0
917.0 941.0 965.0
917.0 941.0 965.0
917.0 941.0 965.0
917.0 941.0 965.0
917.0 941.0 965.0
917.0 941.0 965.0
917.0 941.0 965.0
917.0 941.0 965.0
917.0 941.0 965.0
