8263.0 10411.0 12559.0
7898.0 9101.0 10304.0
7943.0 9003.5 10064.0
4348.0 5825.5 7303.0
4348.0 4351.5 4355.0
4053.0 4304.0 4555.0
2349.0 2978.0 3607.0
2349.0 2468.0 2587.0
1591.0 1984.0 2377.0
1591.0 1670.5 1750.0
1271.0 1340.5 1410.0
1271.0 1340.5 1410.0
963.0 1062.5 1162.0
963.0 1062.5 1162.0
963.0 1062.5 1162.0
963.0 1062.5 1162.0
963.0 1062.5 1162.0
963.0 1062.5 1162.0
963.0 1062.5 1162.0
963.0 1062.5 1162.0
963.0 1062.5 1162.0
963.0 1062.5 1162.0
963.0 1062.5 1162.0
963.0 1062.5 1162.0
963.0 1062.5 1162.0
963.0 1062.5 1162.0
963.0 1062.5 1162.0
963.0 1062.5 1162.0
802.0 982.0 1162.0
802.0 982.0 1162.0
802.0 982.0 1162.0
802.0 982.0 1162.0
802.0 982.0 1162.0
802.0 982.0 1162.0
802.0 982.0 1162.0
802.0 982.0 1162.0
802.0 982.0 1162.0
802.0 982.0 1162.0
802.0 982.0 1162.0
802.0 982.0 1162.0
802.0 982.0 1162.0
802.0 982.0 1162.0
802.0 982.0 1162.0
802.0 982.0 1162.0
802.0 982.0 1162.0
802.0 982.0 1162.0
802.0 982.0 1162.0
802.0 982.0 1162.0
802.0 982.0 1162.0
802.0 982.0 1162.0
802.0 982.0 1162.0
802.0 982.0 1162.0
802.0 982.0 1162.0
802.0 982.0 1162.0
802.0 982.0 1162.0
802.0 857.0 912.0
802.0 857.0 912.0
802.0 857.0 912.0
802.0 857.0 912.0
802.0 857.0 912.0
802.0 857.0 912.0
802.0 857.0 912.0
802.0 857.0 912.0
802.0 857.0 912.0
802.0 857.0 912.0
802.0 857.0 912.0
802.0 857.0 912.0
802.0 857.0 912.0
802.0 857.0 912.0
802.0 857.0 912.0
802.0 857.0 912.0
802.0 857.0 912.0
802.0 857.0 912.0
802.0 857.0 912.0
802.0 857.0 912.0
802.0 857.0 912.0
802.0 857.0 912.0
802.0 857.0 912.0
802.0 857.0 912.0
802.0 857.0 912.0
802.0 857.0 912.0
802.0 857.0 912.0
802.0 857.0 912.0
802.0 857.0 912.0
802.0 857.0 912.0
802.0 857.0 912.0
802.0 857.0 912.0
802.0 857.0 912.0
802.0 857.0 912.0
802.0 857.0 912.0
802.0 857.0 912.0
802.0 857.0 912.0
802.0 857.0 912.0
802.0 857.0 912.0
802.0 857.0 912.0
802.0 857.0 912.0
802.0 857.0 912.0
802.0 857.0 912.0
802.0 857.0 912.0
802.0 857.0 912.0
802.0 857.0 912.0
802.0 857.0 912.0
802.0 857.0 912.0
802.0 857.0 912.0
802.0 857.0 912.0
802.0 857.0 912.0
802.0 857.0 912.0
802.0 857.0 912.0
802.0 857.0 912.0
802.0 857.0 912.0
802.0 857.0 912.0
802.0 857.0 912.0
802.0 857.0 912.0
802.0 857.0 912.0
802.0 857.0 912.0
802.0 857.0 912.0
802.0 857.0 912.0
802.0 857.0 912.0
802.0 857.0 912.0
802.0 857.0 912.0
802.0 857.0 912.0
802.0 857.0 912.0
802.0 857.0 912.0
802.0 857.0 912.0
802.0 857.0 912.0
802.0 857.0 912.0
802.0 857.0 912.0
802.0 857.0 912.0
802.0 857.0 912.0
802.0 857.0 912.0
802.0 857.0 912.0
802.0 857.0 912.0
802.0 857.0 912.0
802.0 857.0 912.0
802.0 857.0 912.0
802.0 857.0 912.0
802.0 857.0 912.0
802.0 857.0 912.0
802.0 857.0 912.0
802.0 857.0 912.0
802.0 857.0 912.0
802.0 857.0 912.0
802.0 857.0 912.0
802.0 857.0 912.0
802.0 857.0 912.0
802.0 857.0 912.0
802.0 857.0 912.0
802.0 857.0 912.0
802.0 857.0 912.0
802.0 857.0 912.0
802.0 857.0 912.0
802.0 857.0 912.0
802.0 857.0 912.0
802.0 857.0 912.0
802.0 857.0 912.0
802.0 857.0 912.0
802.0 857.0 912.0
802.0 857.0 912.0
802.0 857.0 912.0
802.0 857.0 912.0
802.0 857.0 912.0
802.0 857.0 912.0
802.0 857.0 912.0
802.0 857.0 912.0
802.0 857.0 912.0
802.0 857.0 912.0
802.0 857.0 912.0
802.0 857.0 912.0
802.0 857.0 912.0
802.0 857.0 912.0
802.0 857.0 912.0
802.0 857.0 912.0
802.0 857.0 912.0
802.0 857.0 912.0
802.0 857.0 912.0
802.0 857.0 912.0
802.0 857.0 912.0
802.0 857.0 912.0
802.0 857.0 912.0
802.0 857.0 912.0
802.0 857.0 912.0
802.0 857.0 912.0
802.0 857.0 912.0
802.0 857.0 912.0
802.0 857.0 912.0
802.0 857.0 912.0
802.0 857.0 912.0
802.0 857.0 912.0
802.0 857.0 912.0
802.0 857.0 912.0
802.0 857.0 912.0
802.0 857.0 912.0
802.0 857.0 912.0
802.0 857.0 912.0
802.0 857.0 912.0
802.0 857.0 912.0
802.0 857.0 912.0
802.0 857.0 912.0
802.0 857.0 912.0
802.0 857.0 912.0
