15840.0 16136.0 16432.0
11999.0 13477.5 14956.0
10218.0 11191.5 12165.0
6161.0 7844.5 9528.0
4751.0 6651.5 8552.0
4171.0 5873.5 7576.0
5007.0 5673.0 6339.0
3248.0 3543.0 3838.0
2958.0 3398.0 3838.0
3152.0 3175.0 3198.0
3152.0 3175.0 3198.0
2126.0 2255.0 2384.0
1696.0 1731.5 1767.0
1696.0 1731.5 1767.0
1696.0 1731.5 1767.0
1696.0 1731.5 1767.0
1696.0 1731.5 1767.0
1696.0 1731.5 1767.0
1696.0 1731.5 1767.0
1696.0 1731.5 1767.0
1696.0 1731.5 1767.0
1696.0 1731.5 1767.0
1696.0 1731.5 1767.0
1696.0 1731.5 1767.0
1696.0 1731.5 1767.0
1696.0 1731.5 1767.0
1696.0 1731.5 1767.0
1696.0 1731.5 1767.0
1696.0 1731.5 1767.0
1696.0 1731.5 1767.0
1696.0 1731.5 1767.0
1696.0 1731.5 1767.0
1696.0 1731.5 1767.0
1696.0 1731.5 1767.0
1696.0 1731.5 1767.0
1696.0 1731.5 1767.0
1696.0 1731.5 1767.0
1696.0 1731.5 1767.0
1696.0 1731.5 1767.0
1515.0 1605.5 1696.0
1515.0 1605.5 1696.0
1515.0 1605.5 1696.0
1515.0 1605.5 1696.0
1515.0 1605.5 1696.0
1515.0 1605.5 1696.0
1515.0 1605.5 1696.0
1515.0 1605.5 1696.0
1515.0 1605.5 1696.0
1515.0 1605.5 1696.0
1515.0 1605.5 1696.0
1515.0 1605.5 1696.0
1515.0 1605.5 1696.0
1515.0 1605.5 1696.0
1515.0 1605.5 1696.0
1515.0 1605.5 1696.0
1515.0 1605.5 1696.0
1515.0 1605.5 1696.0
1515.0 1605.5 1696.0
1515.0 1605.5 1696.0
1515.0 1605.5 1696.0
1515.0 1605.5 1696.0
1515.0 1605.5 1696.0
1515.0 1605.5 1696.0
1515.0 1605.5 1696.0
1515.0 1605.5 1696.0
1515.0 1605.5 1696.0
1515.0 1605.5 1696.0
1515.0 1605.5 1696.0
1515.0 1605.5 1696.0
1515.0 1605.5 1696.0
1515.0 1605.5 1696.0
1515.0 1605.5 1696.0
1515.0 1605.5 1696.0
1515.0 1605.5 1696.0
1515.0 1605.5 1696.0
1515.0 1605.5 1696.0
1515.0 1605.5 1696.0
1515.0 1605.5 1696.0
1515.0 1605.5 1696.0
1515.0 1605.5 1696.0
1515.0 1605.5 1696.0
1515.0 1605.5 1696.0
1515.0 1605.5 1696.0
1515.0 1605.5 1696.0
1515.0 1605.5 1696.0
1515.0 1605.5 1696.0
1515.0 1605.5 1696.0
1515.0 1605.5 1696.0
1515.0 1605.5 1696.0
1515.0 1605.5 1696.0
1515.0 1605.5 1696.0
1515.0 1605.5 1696.0
1515.0 1605.5 1696.0
1515.0 1605.5 1696.0
1515.0 1605.5 1696.0
1515.0 1605.5 1696.0
1515.0 1605.5 1696.0
1515.0 1605.5 1696.0
1492.0 1594.0 1696.0
1696.0 1771.5 1847.0
1696.0 1771.5 1847.0
1696.0 1771.5 1847.0
1696.0 1771.5 1847.0
1696.0 1771.5 1847.0
1696.0 1771.5 1847.0
1696.0 1771.5 1847.0
1696.0 1771.5 1847.0
1696.0 1771.5 1847.0
1696.0 1771.5 1847.0
1696.0 1771.5 1847.0
1696.0 1771.5 1847.0
1696.0 1771.5 1847.0
1696.0 1771.5 1847.0
1696.0 1771.5 1847.0
1696.0 1771.5 1847.0
1696.0 1771.5 1847.0
1696.0 1771.5 1847.0
1696.0 1771.5 1847.0
1696.0 1771.5 1847.0
1696.0 1771.5 1847.0
1696.0 1771.5 1847.0
1696.0 1771.5 1847.0
1696.0 1771.5 1847.0
1696.0 1771.5 1847.0
1696.0 1771.5 1847.0
1696.0 1771.5 1847.0
1696.0 1771.5 1847.0
1696.0 1771.5 1847.0
1696.0 1771.5 1847.0
1696.0 1771.5 1847.0
1696.0 1771.5 1847.0
1696.0 1771.5 1847.0
1696.0 1771.5 1847.0
1696.0 1771.5 1847.0
1696.0 1771.5 1847.0
1696.0 1771.5 1847.0
1696.0 1771.5 1847.0
1696.0 1771.5 1847.0
1696.0 1771.5 1847.0
1696.0 1771.5 1847.0
1696.0 1771.5 1847.0
1696.0 1771.5 1847.0
1696.0 1771.5 1847.0
1696.0 1771.5 1847.0
1696.0 1771.5 1847.0
1696.0 1771.5 1847.0
1696.0 1771.5 1847.0
1696.0 1771.5 1847.0
1696.0 1771.5 1847.0
1696.0 1771.5 1847.0
1696.0 1771.5 1847.0
1696.0 1771.5 1847.0
1696.0 1771.5 1847.0
1696.0 1771.5 1847.0
1696.0 1771.5 1847.0
1696.0 1771.5 1847.0
1696.0 1771.5 1847.0
1696.0 1771.5 1847.0
1696.0 1771.5 1847.0
1696.0 1771.5 1847.0
1696.0 1771.5 1847.0
1696.0 1771.5 1847.0
1696.0 1771.5 1847.0
1696.0 1771.5 1847.0
1696.0 1771.5 1847.0
1696.0 1771.5 1847.0
1696.0 1771.5 1847.0
1696.0 1771.5 1847.0
1696.0 1771.5 1847.0
1696.0 1771.5 1847.0
1696.0 1771.5 1847.0
1696.0 1771.5 1847.0
1696.0 1771.5 1847.0
1696.0 1771.5 1847.0
1696.0 1771.5 1847.0
1696.0 1771.5 1847.0
1696.0 1771.5 1847.0
1696.0 1771.5 1847.0
1696.0 1771.5 1847.0
1696.0 1771.5 1847.0
1696.0 1771.5 1847.0
1696.0 1771.5 1847.0
1696.0 1771.5 1847.0
1696.0 1771.5 1847.0
1696.0 1771.5 1847.0
1696.0 1771.5 1847.0
1696.0 1771.5 1847.0
1696.0 1771.5 1847.0
1696.0 1771.5 1847.0
1696.0 1771.5 1847.0
1696.0 1771.5 1847.0
1696.0 1771.5 1847.0
1696.0 1771.5 1847.0
1696.0 1771.5 1847.0
1696.0 1771.5 1847.0
1696.0 1771.5 1847.0
1696.0 1771.5 1847.0
1696.0 1771.5 1847.0
1696.0 1771.5 1847.0
1696.0 1771.5 1847.0
