13080.0 13532.5 13985.0
10482.0 12340.0 14198.0
10163.0 10214.5 10266.0
7008.0 7163.5 7319.0
5671.0 6365.0 7059.0
4688.0 5624.5 6561.0
3711.0 4004.0 4297.0
3711.0 3718.0 3725.0
2628.0 3169.5 3711.0
2628.0 3169.5 3711.0
2906.0 3308.5 3711.0
2670.0 2788.0 2906.0
2670.0 2788.0 2906.0
2479.0 2692.5 2906.0
2479.0 2692.5 2906.0
2325.0 2402.0 2479.0
2479.0 2603.0 2727.0
2193.0 2336.0 2479.0
2479.0 2493.5 2508.0
2150.0 2329.0 2508.0
2150.0 2329.0 2508.0
1999.0 2253.5 2508.0
1999.0 2253.5 2508.0
1999.0 2253.5 2508.0
1999.0 2253.5 2508.0
1999.0 2253.5 2508.0
1999.0 2253.5 2508.0
1999.0 2253.5 2508.0
1999.0 2253.5 2508.0
1999.0 2253.5 2508.0
1999.0 2253.5 2508.0
1802.0 2155.0 2508.0
1739.0 2123.5 2508.0
1336.0 1922.0 2508.0
1336.0 1817.5 2299.0
1336.0 1371.5 1407.0
1336.0 1371.5 1407.0
1336.0 1371.5 1407.0
1336.0 1371.5 1407.0
1336.0 1371.5 1407.0
1336.0 1371.5 1407.0
1336.0 1371.5 1407.0
1336.0 1371.5 1407.0
1336.0 1371.5 1407.0
1336.0 1371.5 1407.0
1336.0 1371.5 1407.0
1336.0 1371.5 1407.0
1336.0 1371.5 1407.0
1336.0 1371.5 1407.0
1336.0 1371.5 1407.0
1336.0 1371.5 1407.0
1336.0 1371.5 1407.0
1336.0 1371.5 1407.0
1336.0 1371.5 1407.0
1336.0 1371.5 1407.0
1336.0 1371.5 1407.0
1336.0 1371.5 1407.0
1336.0 1371.5 1407.0
1336.0 1371.5 1407.0
1336.0 1371.5 1407.0
1336.0 1371.5 1407.0
1336.0 1371.5 1407.0
1336.0 1371.5 1407.0
1336.0 1371.5 1407.0
1336.0 1371.5 1407.0
1336.0 1371.5 1407.0
1336.0 1371.5 1407.0
1336.0 1371.5 1407.0
1336.0 1371.5 1407.0
1336.0 1371.5 1407.0
1336.0 1371.5 1407.0
1336.0 1371.5 1407.0
1336.0 1371.5 1407.0
1336.0 1371.5 1407.0
1336.0 1371.5 1407.0
1336.0 1371.5 1407.0
1336.0 1371.5 1407.0
1336.0 1371.5 1407.0
1327.0 1331.5 1336.0
1327.0 1331.5 1336.0
1327.0 1331.5 1336.0
1327.0 1331.5 1336.0
1327.0 1331.5 1336.0
1327.0 1331.5 1336.0
1327.0 1331.5 1336.0
1327.0 1331.5 1336.0
1327.0 1331.5 1336.0
1327.0 1331.5 1336.0
1327.0 1331.5 1336.0
1327.0 1331.5 1336.0
1327.0 1331.5 1336.0
1327.0 1331.5 1336.0
1327.0 1331.5 1336.0
1327.0 1331.5 1336.0
1327.0 1331.5 1336.0
1327.0 1331.5 1336.0
1327.0 1331.5 1336.0
1327.0 1331.5 1336.0
1327.0 1331.5 1336.0
1327.0 1331.5 1336.0
1327.0 1331.5 1336.0
1327.0 1331.5 1336.0
1327.0 1331.5 1336.0
1327.0 1331.5 1336.0
1327.0 1331.5 1336.0
1327.0 1331.5 1336.0
1327.0 1331.5 1336.0
1327.0 1331.5 1336.0
1327.0 1331.5 1336.0
1327.0 1331.5 1336.0
1327.0 1331.5 1336.0
1327.0 1331.5 1336.0
1327.0 1331.5 1336.0
1327.0 1331.5 1336.0
1327.0 1331.5 1336.0
1327.0 1331.5 1336.0
1327.0 1331.5 1336.0
1327.0 1331.5 1336.0
1327.0 1331.5 1336.0
1327.0 1331.5 1336.0
1327.0 1331.5 1336.0
1327.0 1331.5 1336.0
1327.0 1331.5 1336.0
1327.0 1331.5 1336.0
1327.0 1331.5 1336.0
1327.0 1331.5 1336.0
1327.0 1331.5 1336.0
1327.0 1331.5 1336.0
1327.0 1331.5 1336.0
1327.0 1331.5 1336.0
1327.0 1331.5 1336.0
1327.0 1331.5 1336.0
1327.0 1331.5 1336.0
1327.0 1331.5 1336.0
1327.0 1331.5 1336.0
1327.0 1331.5 1336.0
1327.0 1331.5 1336.0
1327.0 1331.5 1336.0
1327.0 1331.5 1336.0
1327.0 1331.5 1336.0
1327.0 1331.5 1336.0
1327.0 1331.5 1336.0
1327.0 1331.5 1336.0
1327.0 1331.5 1336.0
1327.0 1331.5 1336.0
1327.0 1331.5 1336.0
1327.0 1331.5 1336.0
1327.0 1331.5 1336.0
1327.0 1331.5 1336.0
1327.0 1331.5 1336.0
1327.0 1331.5 1336.0
1327.0 1331.5 1336.0
1327.0 1331.5 1336.0
1327.0 1331.5 1336.0
1327.0 1331.5 1336.0
1327.0 1331.5 1336.0
1327.0 1331.5 1336.0
1327.0 1331.5 1336.0
1327.0 1331.5 1336.0
1327.0 1331.5 1336.0
1327.0 1331.5 1336.0
1327.0 1331.5 1336.0
1327.0 1331.5 1336.0
1327.0 1331.5 1336.0
1327.0 1331.5 1336.0
1327.0 1331.5 1336.0
1327.0 1331.5 1336.0
1327.0 1331.5 1336.0
1327.0 1331.5 1336.0
1327.0 1331.5 1336.0
1327.0 1331.5 1336.0
1327.0 1331.5 1336.0
1327.0 1331.5 1336.0
1327.0 1331.5 1336.0
1327.0 1331.5 1336.0
1327.0 1331.5 1336.0
1327.0 1331.5 1336.0
1327.0 1331.5 1336.0
1327.0 1331.5 1336.0
1327.0 1331.5 1336.0
1327.0 1331.5 1336.0
1327.0 1331.5 1336.0
1327.0 1331.5 1336.0
1327.0 1331.5 1336.0
1327.0 1331.5 1336.0
1327.0 1331.5 1336.0
1327.0 1331.5 1336.0
1327.0 1331.5 1336.0
1327.0 1331.5 1336.0
1327.0 1331.5 1336.0
1327.0 1331.5 1336.0
1327.0 1331.5 1336.0
1327.0 1331.5 1336.0
1327.0 1331.5 1336.0
1327.0 1331.5 1336.0
1327.0 1331.5 1336.0
1327.0 1331.5 1336.0
1327.0 1331.5 1336.0
1327.0 1331.5 1336.0
1327.0 1331.5 1336.0
