12121.0 12754.0 13387.0
9753.0 11359.0 12965.0
9184.0 10173.5 11163.0
6145.0 7431.5 8718.0
5283.0 6101.5 6920.0
4892.0 5591.5 6291.0
4046.0 4233.0 4420.0
4254.0 4657.5 5061.0
2224.0 2746.0 3268.0
2224.0 2460.5 2697.0
2215.0 2228.5 2242.0
1058.0 1636.5 2215.0
1058.0 1636.5 2215.0
1058.0 1636.5 2215.0
1058.0 1636.5 2215.0
1058.0 1636.5 2215.0
1058.0 1636.5 2215.0
1058.0 1636.5 2215.0
1058.0 1636.5 2215.0
1058.0 1636.5 2215.0
1058.0 1636.5 2215.0
1058.0 1636.5 2215.0
1058.0 1636.5 2215.0
1058.0 1636.5 2215.0
1058.0 1636.5 2215.0
1058.0 1636.5 2215.0
1058.0 1636.5 2215.0
1058.0 1636.5 2215.0
1058.0 1636.5 2215.0
1058.0 1636.5 2215.0
1058.0 1636.5 2215.0
1058.0 1636.5 2215.0
1058.0 1636.5 2215.0
1058.0 1636.5 2215.0
1058.0 1636.5 2215.0
1058.0 1636.5 2215.0
1058.0 1636.5 2215.0
1058.0 1636.5 2215.0
1058.0 1636.5 2215.0
1058.0 1636.5 2215.0
1058.0 1636.5 2215.0
1058.0 1636.5 2215.0
1058.0 1636.5 2215.0
1058.0 1636.5 2215.0
1058.0 1636.5 2215.0
1058.0 1636.5 2215.0
1058.0 1636.5 2215.0
1058.0 1636.5 2215.0
1058.0 1636.5 2215.0
1058.0 1636.5 2215.0
1058.0 1636.5 2215.0
1058.0 1636.5 2215.0
1058.0 1636.5 2215.0
1058.0 1636.5 2215.0
1058.0 1636.5 2215.0
1058.0 1636.5 2215.0
1058.0 1636.5 2215.0
1058.0 1636.5 2215.0
1058.0 1636.5 2215.0
1058.0 1636.5 2215.0
1058.0 1636.5 2215.0
1058.0 1636.5 2215.0
1058.0 1636.5 2215.0
1058.0 1636.5 2215.0
1058.0 1636.5 2215.0
1058.0 1636.5 2215.0
1058.0 1636.5 2215.0
1058.0 1636.5 2215.0
1058.0 1636.5 2215.0
1058.0 1636.5 2215.0
1058.0 1636.5 2215.0
1058.0 1574.0 2090.0
1058.0 1318.5 1579.0
1058.0 1318.5 1579.0
1058.0 1318.5 1579.0
1058.0 1318.5 1579.0
1058.0 1318.5 1579.0
1058.0 1318.5 1579.0
1058.0 1318.5 1579.0
1058.0 1318.5 1579.0
1058.0 1318.5 1579.0
1058.0 1318.5 1579.0
1058.0 1318.5 1579.0
1058.0 1318.5 1579.0
1058.0 1318.5 1579.0
1058.0 1318.5 1579.0
1058.0 1318.5 1579.0
1058.0 1318.5 1579.0
1058.0 1318.5 1579.0
1058.0 1318.5 1579.0
1058.0 1318.5 1579.0
1058.0 1318.5 1579.0
1058.0 1318.5 1579.0
1058.0 1318.5 1579.0
1058.0 1318.5 1579.0
1058.0 1318.5 1579.0
1058.0 1318.5 1579.0
1058.0 1318.5 1579.0
1058.0 1318.5 1579.0
1058.0 1318.5 1579.0
1058.0 1318.5 1579.0
1058.0 1318.5 1579.0
1058.0 1318.5 1579.0
1058.0 1318.5 1579.0
1058.0 1318.5 1579.0
1058.0 1318.5 1579.0
1058.0 1318.5 1579.0
1058.0 1318.5 1579.0
1058.0 1318.5 1579.0
1058.0 1318.5 1579.0
1058.0 1318.5 1579.0
1058.0 1318.5 1579.0
1058.0 1318.5 1579.0
1058.0 1318.5 1579.0
1058.0 1318.5 1579.0
1058.0 1318.5 1579.0
1058.0 1318.5 1579.0
1058.0 1318.5 1579.0
1058.0 1318.5 1579.0
1058.0 1318.5 1579.0
1058.0 1318.5 1579.0
1058.0 1318.5 1579.0
1058.0 1318.5 1579.0
1058.0 1318.5 1579.0
1058.0 1318.5 1579.0
1058.0 1318.5 1579.0
1058.0 1318.5 1579.0
1058.0 1318.5 1579.0
1058.0 1318.5 1579.0
1058.0 1318.5 1579.0
1058.0 1318.5 1579.0
1058.0 1318.5 1579.0
1058.0 1318.5 1579.0
1058.0 1318.5 1579.0
1058.0 1318.5 1579.0
1058.0 1318.5 1579.0
1058.0 1318.5 1579.0
1058.0 1318.5 1579.0
1058.0 1318.5 1579.0
1058.0 1318.5 1579.0
1058.0 1318.5 1579.0
1058.0 1318.5 1579.0
1058.0 1318.5 1579.0
1058.0 1318.5 1579.0
1058.0 1318.5 1579.0
1058.0 1318.5 1579.0
1058.0 1318.5 1579.0
1058.0 1318.5 1579.0
1058.0 1318.5 1579.0
1058.0 1318.5 1579.0
1058.0 1318.5 1579.0
1058.0 1318.5 1579.0
1058.0 1318.5 1579.0
1058.0 1318.5 1579.0
1058.0 1318.5 1579.0
1058.0 1318.5 1579.0
1058.0 1318.5 1579.0
1058.0 1318.5 1579.0
1058.0 1318.5 1579.0
1058.0 1318.5 1579.0
1058.0 1318.5 1579.0
1058.0 1318.5 1579.0
1058.0 1318.5 1579.0
1058.0 1318.5 1579.0
1058.0 1318.5 1579.0
1058.0 1318.5 1579.0
1058.0 1318.5 1579.0
1058.0 1318.5 1579.0
1058.0 1318.5 1579.0
1058.0 1318.5 1579.0
1058.0 1318.5 1579.0
1058.0 1318.5 1579.0
1058.0 1318.5 1579.0
1058.0 1318.5 1579.0
1058.0 1318.5 1579.0
1058.0 1318.5 1579.0
1058.0 1318.5 1579.0
1058.0 1318.5 1579.0
1058.0 1318.5 1579.0
1058.0 1318.5 1579.0
1058.0 1318.5 1579.0
1058.0 1318.5 1579.0
1058.0 1318.5 1579.0
1058.0 1318.5 1579.0
1058.0 1318.5 1579.0
1058.0 1318.5 1579.0
1058.0 1318.5 1579.0
1058.0 1318.5 1579.0
1058.0 1318.5 1579.0
1058.0 1318.5 1579.0
1058.0 1318.5 1579.0
1058.0 1318.5 1579.0
1058.0 1318.5 1579.0
1058.0 1283.5 1509.0
1058.0 1283.5 1509.0
1058.0 1283.5 1509.0
1058.0 1283.5 1509.0
1058.0 1283.5 1509.0
1058.0 1283.5 1509.0
1058.0 1283.5 1509.0
