11402.0 13629.0 15856.0
10441.0 12043.0 13645.0
9953.0 10866.5 11780.0
9115.0 10232.0 11349.0
6101.0 6921.5 7742.0
5052.0 6065.5 7079.0
5052.0 5524.0 5996.0
3853.0 4593.5 5334.0
3853.0 4218.0 4583.0
2222.0 3037.5 3853.0
2222.0 2786.5 3351.0
2222.0 2641.0 3060.0
2222.0 2641.0 3060.0
2222.0 2641.0 3060.0
2222.0 2641.0 3060.0
2222.0 2641.0 3060.0
2222.0 2641.0 3060.0
2222.0 2641.0 3060.0
2222.0 2641.0 3060.0
2222.0 2641.0 3060.0
2222.0 2641.0 3060.0
2222.0 2641.0 3060.0
2222.0 2641.0 3060.0
2621.0 2840.5 3060.0
1920.0 2270.5 2621.0
1546.0 2083.5 2621.0
1546.0 2083.5 2621.0
1546.0 2083.5 2621.0
1546.0 2083.5 2621.0
1546.0 2083.5 2621.0
1546.0 2083.5 2621.0
1546.0 2083.5 2621.0
1546.0 2083.5 2621.0
1546.0 2083.5 2621.0
1546.0 2083.5 2621.0
1546.0 2083.5 2621.0
1546.0 2083.5 2621.0
1546.0 2083.5 2621.0
1546.0 2083.5 2621.0
1546.0 2083.5 2621.0
1546.0 2083.5 2621.0
1546.0 2083.5 2621.0
1546.0 2083.5 2621.0
1546.0 1829.0 2112.0
1479.0 1623.5 1768.0
1479.0 1521.5 1564.0
1479.0 1521.5 1564.0
1479.0 1521.5 1564.0
1479.0 1521.5 1564.0
1479.0 1521.5 1564.0
1465.0 1514.5 1564.0
1465.0 1514.5 1564.0
1465.0 1514.5 1564.0
1465.0 1532.5 1600.0
1465.0 1532.5 1600.0
1465.0 1532.5 1600.0
1465.0 1532.5 1600.0
1465.0 1532.5 1600.0
1465.0 1532.5 1600.0
1465.0 1532.5 1600.0
1465.0 1532.5 1600.0
1465.0 1532.5 1600.0
1465.0 1532.5 1600.0
1465.0 1532.5 1600.0
1465.0 1532.5 1600.0
1465.0 1532.5 1600.0
1465.0 1532.5 1600.0
1465.0 1532.5 1600.0
1465.0 1532.5 1600.0
1465.0 1532.5 1600.0
1465.0 1532.5 1600.0
1465.0 1532.5 1600.0
1465.0 1532.5 1600.0
1465.0 1532.5 1600.0
1465.0 1532.5 1600.0
1465.0 1532.5 1600.0
1465.0 1532.5 1600.0
1465.0 1532.5 1600.0
1465.0 1532.5 1600.0
1465.0 1532.5 1600.0
1465.0 1532.5 1600.0
1465.0 1532.5 1600.0
1465.0 1532.5 1600.0
1465.0 1532.5 1600.0
1465.0 1532.5 1600.0
1465.0 1532.5 1600.0
1465.0 1532.5 1600.0
1465.0 1532.5 1600.0
1465.0 1532.5 1600.0
1465.0 1532.5 1600.0
1465.0 1532.5 1600.0
1465.0 1532.5 1600.0
1465.0 1532.5 1600.0
1465.0 1532.5 1600.0
1465.0 1532.5 1600.0
1465.0 1532.5 1600.0
1465.0 1532.5 1600.0
1465.0 1532.5 1600.0
1465.0 1532.5 1600.0
1465.0 1532.5 1600.0
1465.0 1532.5 1600.0
1465.0 1532.5 1600.0
1465.0 1532.5 1600.0
1465.0 1532.5 1600.0
1465.0 1532.5 1600.0
1465.0 1532.5 1600.0
1465.0 1532.5 1600.0
1465.0 1532.5 1600.0
1465.0 1532.5 1600.0
1465.0 1532.5 1600.0
1465.0 1532.5 1600.0
1465.0 1532.5 1600.0
1465.0 1532.5 1600.0
1465.0 1532.5 1600.0
1465.0 1532.5 1600.0
1465.0 1532.5 1600.0
1465.0 1532.5 1600.0
1465.0 1532.5 1600.0
1465.0 1532.5 1600.0
1465.0 1532.5 1600.0
1465.0 1532.5 1600.0
1465.0 1532.5 1600.0
1465.0 1532.5 1600.0
1465.0 1532.5 1600.0
1465.0 1532.5 1600.0
1465.0 1532.5 1600.0
1465.0 1532.5 1600.0
1465.0 1532.5 1600.0
1465.0 1532.5 1600.0
1465.0 1532.5 1600.0
1465.0 1532.5 1600.0
1465.0 1532.5 1600.0
1465.0 1532.5 1600.0
1465.0 1532.5 1600.0
1465.0 1532.5 1600.0
1465.0 1532.5 1600.0
1465.0 1532.5 1600.0
1465.0 1532.5 1600.0
1465.0 1532.5 1600.0
1465.0 1532.5 1600.0
1465.0 1532.5 1600.0
1465.0 1532.5 1600.0
1465.0 1532.5 1600.0
1465.0 1532.5 1600.0
1465.0 1532.5 1600.0
1465.0 1532.5 1600.0
1465.0 1532.5 1600.0
1465.0 1532.5 1600.0
1465.0 1532.5 1600.0
1465.0 1532.5 1600.0
1465.0 1532.5 1600.0
1465.0 1532.5 1600.0
1465.0 1532.5 1600.0
1465.0 1532.5 1600.0
1465.0 1532.5 1600.0
1465.0 1532.5 1600.0
1465.0 1532.5 1600.0
1465.0 1532.5 1600.0
1465.0 1532.5 1600.0
1465.0 1532.5 1600.0
1465.0 1532.5 1600.0
1465.0 1532.5 1600.0
1465.0 1532.5 1600.0
1465.0 1532.5 1600.0
1465.0 1532.5 1600.0
1465.0 1532.5 1600.0
1465.0 1532.5 1600.0
1465.0 1532.5 1600.0
1465.0 1532.5 1600.0
1465.0 1532.5 1600.0
1465.0 1532.5 1600.0
1465.0 1532.5 1600.0
1465.0 1532.5 1600.0
1465.0 1532.5 1600.0
1465.0 1532.5 1600.0
1465.0 1532.5 1600.0
1465.0 1532.5 1600.0
1465.0 1532.5 1600.0
1465.0 1532.5 1600.0
1465.0 1532.5 1600.0
1465.0 1532.5 1600.0
1465.0 1532.5 1600.0
1465.0 1532.5 1600.0
1465.0 1532.5 1600.0
1465.0 1532.5 1600.0
1465.0 1532.5 1600.0
1465.0 1532.5 1600.0
1465.0 1532.5 1600.0
1465.0 1532.5 1600.0
1465.0 1532.5 1600.0
1465.0 1532.5 1600.0
1465.0 1532.5 1600.0
1465.0 1532.5 1600.0
1465.0 1532.5 1600.0
1465.0 1532.5 1600.0
1465.0 1532.5 1600.0
1465.0 1532.5 1600.0
1465.0 1532.5 1600.0
1465.0 1532.5 1600.0
1465.0 1532.5 1600.0
