10959.0 11933.5 12908.0
6357.0 8451.0 10545.0
6932.0 8672.0 10412.0
5560.0 5944.5 6329.0
3997.0 4106.5 4216.0
3270.0 3429.0 3588.0
1771.0 2288.0 2805.0
1771.0 2206.0 2641.0
1140.0 1910.0 2680.0
1140.0 1847.0 2554.0
1001.0 1413.5 1826.0
1001.0 1413.5 1826.0
1001.0 1243.5 1486.0
1001.0 1243.5 1486.0
1001.0 1243.5 1486.0
1001.0 1243.5 1486.0
1001.0 1243.5 1486.0
1001.0 1243.5 1486.0
1001.0 1243.5 1486.0
1001.0 1243.5 1486.0
1001.0 1243.5 1486.0
1001.0 1243.5 1486.0
1001.0 1243.5 1486.0
1001.0 1243.5 1486.0
1001.0 1243.5 1486.0
1001.0 1243.5 1486.0
1001.0 1243.5 1486.0
1001.0 1243.5 1486.0
1001.0 1243.5 1486.0
1001.0 1243.5 1486.0
1001.0 1243.5 1486.0
1001.0 1243.5 1486.0
1001.0 1243.5 1486.0
1001.0 1243.5 1486.0
1001.0 1243.5 1486.0
1001.0 1243.5 1486.0
1001.0 1243.5 1486.0
1001.0 1243.5 1486.0
1001.0 1243.5 1486.0
1001.0 1243.5 1486.0
1001.0 1243.5 1486.0
1001.0 1243.5 1486.0
1001.0 1243.5 1486.0
1001.0 1243.5 1486.0
1001.0 1243.5 1486.0
1001.0 1243.5 1486.0
1001.0 1243.5 1486.0
1001.0 1243.5 1486.0
1001.0 1243.5 1486.0
1001.0 1243.5 1486.0
1001.0 1243.5 1486.0
1001.0 1243.5 1486.0
1001.0 1243.5 1486.0
1001.0 1243.5 1486.0
1001.0 1243.5 1486.0
1001.0 1243.5 1486.0
1001.0 1243.5 1486.0
1001.0 1243.5 1486.0
1001.0 1243.5 1486.0
1001.0 1243.5 1486.0
1001.0 1243.5 1486.0
1001.0 1243.5 1486.0
1001.0 1243.5 1486.0
1001.0 1243.5 1486.0
1001.0 1243.5 1486.0
1001.0 1243.5 1486.0
1001.0 1243.5 1486.0
1001.0 1243.5 1486.0
1001.0 1243.5 1486.0
1001.0 1243.5 1486.0
1001.0 1243.5 1486.0
1001.0 1243.5 1486.0
1001.0 1243.5 1486.0
1001.0 1243.5 1486.0
1001.0 1243.5 1486.0
1001.0 1243.5 1486.0
1001.0 1243.5 1486.0
1001.0 1243.5 1486.0
1001.0 1243.5 1486.0
1001.0 1243.5 1486.0
1001.0 1243.5 1486.0
1001.0 1243.5 1486.0
1001.0 1243.5 1486.0
1001.0 1243.5 1486.0
1001.0 1243.5 1486.0
1001.0 1243.5 1486.0
1001.0 1243.5 1486.0
1001.0 1243.5 1486.0
1001.0 1243.5 1486.0
1001.0 1243.5 1486.0
1001.0 1243.5 1486.0
1001.0 1243.5 1486.0
1001.0 1243.5 1486.0
1001.0 1243.5 1486.0
1001.0 1243.5 1486.0
1001.0 1243.5 1486.0
1001.0 1243.5 1486.0
1001.0 1243.5 1486.0
1001.0 1243.5 1486.0
1001.0 1243.5 1486.0
1001.0 1243.5 1486.0
1001.0 1243.5 1486.0
1001.0 1243.5 1486.0
1001.0 1243.5 1486.0
1001.0 1243.5 1486.0
871.0 936.0 1001.0
871.0 936.0 1001.0
807.0 904.0 1001.0
807.0 904.0 1001.0
807.0 904.0 1001.0
807.0 904.0 1001.0
807.0 904.0 1001.0
807.0 904.0 1001.0
807.0 904.0 1001.0
807.0 904.0 1001.0
807.0 904.0 1001.0
807.0 904.0 1001.0
807.0 904.0 1001.0
807.0 904.0 1001.0
807.0 904.0 1001.0
807.0 904.0 1001.0
807.0 904.0 1001.0
807.0 904.0 1001.0
807.0 904.0 1001.0
807.0 904.0 1001.0
807.0 904.0 1001.0
807.0 904.0 1001.0
807.0 904.0 1001.0
807.0 904.0 1001.0
807.0 904.0 1001.0
807.0 904.0 1001.0
807.0 904.0 1001.0
807.0 904.0 1001.0
807.0 904.0 1001.0
807.0 904.0 1001.0
807.0 904.0 1001.0
807.0 904.0 1001.0
807.0 904.0 1001.0
807.0 904.0 1001.0
807.0 904.0 1001.0
807.0 904.0 1001.0
807.0 904.0 1001.0
807.0 904.0 1001.0
807.0 904.0 1001.0
807.0 904.0 1001.0
807.0 904.0 1001.0
807.0 904.0 1001.0
807.0 904.0 1001.0
807.0 904.0 1001.0
807.0 904.0 1001.0
807.0 904.0 1001.0
807.0 904.0 1001.0
807.0 904.0 1001.0
807.0 904.0 1001.0
807.0 904.0 1001.0
807.0 904.0 1001.0
807.0 904.0 1001.0
807.0 904.0 1001.0
807.0 904.0 1001.0
807.0 904.0 1001.0
807.0 904.0 1001.0
807.0 904.0 1001.0
807.0 904.0 1001.0
807.0 904.0 1001.0
807.0 904.0 1001.0
807.0 904.0 1001.0
807.0 904.0 1001.0
807.0 904.0 1001.0
807.0 904.0 1001.0
807.0 904.0 1001.0
807.0 904.0 1001.0
807.0 904.0 1001.0
807.0 904.0 1001.0
807.0 904.0 1001.0
807.0 904.0 1001.0
807.0 904.0 1001.0
807.0 904.0 1001.0
807.0 904.0 1001.0
807.0 904.0 1001.0
807.0 904.0 1001.0
807.0 904.0 1001.0
807.0 904.0 1001.0
807.0 904.0 1001.0
807.0 904.0 1001.0
807.0 904.0 1001.0
807.0 904.0 1001.0
807.0 904.0 1001.0
807.0 904.0 1001.0
807.0 904.0 1001.0
807.0 904.0 1001.0
807.0 904.0 1001.0
807.0 904.0 1001.0
807.0 904.0 1001.0
807.0 904.0 1001.0
807.0 904.0 1001.0
807.0 904.0 1001.0
807.0 904.0 1001.0
807.0 904.0 1001.0
807.0 904.0 1001.0
807.0 904.0 1001.0
