12043.0 14126.5 16210.0
11240.0 12466.0 13692.0
8153.0 9335.0 10517.0
8076.0 8722.5 9369.0
6506.0 7174.0 7842.0
2918.0 4866.5 6815.0
2849.0 3295.5 3742.0
2795.0 3193.5 3592.0
2857.0 3224.5 3592.0
2409.0 3000.5 3592.0
2409.0 2608.0 2807.0
1624.0 1959.5 2295.0
1539.0 2325.0 3111.0
1539.0 2000.0 2461.0
1539.0 1758.5 1978.0
1539.0 1758.5 1978.0
1539.0 1758.5 1978.0
1539.0 1758.5 1978.0
1539.0 1758.5 1978.0
1402.0 1485.5 1569.0
1402.0 1485.5 1569.0
1402.0 1485.5 1569.0
1402.0 1485.5 1569.0
1402.0 1485.5 1569.0
1402.0 1485.5 1569.0
1402.0 1485.5 1569.0
1402.0 1485.5 1569.0
1402.0 1485.5 1569.0
1402.0 1485.5 1569.0
1402.0 1485.5 1569.0
1402.0 1485.5 1569.0
1402.0 1485.5 1569.0
1402.0 1485.5 1569.0
1402.0 1485.5 1569.0
1402.0 1485.5 1569.0
1402.0 1485.5 1569.0
1402.0 1485.5 1569.0
1402.0 1485.5 1569.0
1402.0 1485.5 1569.0
1402.0 1485.5 1569.0
1402.0 1485.5 1569.0
1402.0 1485.5 1569.0
1402.0 1485.5 1569.0
1402.0 1485.5 1569.0
1402.0 1485.5 1569.0
1402.0 1485.5 1569.0
1402.0 1485.5 1569.0
1402.0 1485.5 1569.0
1402.0 1485.5 1569.0
1402.0 1485.5 1569.0
1402.0 1485.5 1569.0
1402.0 1485.5 1569.0
1402.0 1485.5 1569.0
1402.0 1485.5 1569.0
1402.0 1485.5 1569.0
1402.0 1485.5 1569.0
1402.0 1485.5 1569.0
1402.0 1485.5 1569.0
1402.0 1485.5 1569.0
1402.0 1485.5 1569.0
1402.0 1485.5 1569.0
1402.0 1485.5 1569.0
1402.0 1485.5 1569.0
1402.0 1485.5 1569.0
1402.0 1485.5 1569.0
1402.0 1485.5 1569.0
1402.0 1485.5 1569.0
1402.0 1485.5 1569.0
1402.0 1485.5 1569.0
1402.0 1485.5 1569.0
1402.0 1485.5 1569.0
1402.0 1485.5 1569.0
1402.0 1485.5 1569.0
1402.0 1485.5 1569.0
1402.0 1485.5 1569.0
1402.0 1485.5 1569.0
1402.0 1485.5 1569.0
1402.0 1485.5 1569.0
1402.0 1485.5 1569.0
1402.0 1485.5 1569.0
1402.0 1485.5 1569.0
1402.0 1485.5 1569.0
1337.0 1453.0 1569.0
1316.0 1442.5 1569.0
1316.0 1442.5 1569.0
1316.0 1442.5 1569.0
1316.0 1442.5 1569.0
1316.0 1442.5 1569.0
1316.0 1442.5 1569.0
1316.0 1442.5 1569.0
1316.0 1442.5 1569.0
1316.0 1442.5 1569.0
1316.0 1442.5 1569.0
1316.0 1442.5 1569.0
1316.0 1442.5 1569.0
1316.0 1442.5 1569.0
1316.0 1442.5 1569.0
1316.0 1442.5 1569.0
1316.0 1442.5 1569.0
1316.0 1442.5 1569.0
1316.0 1442.5 1569.0
1316.0 1442.5 1569.0
1316.0 1442.5 1569.0
1316.0 1442.5 1569.0
1316.0 1442.5 1569.0
1316.0 1442.5 1569.0
1316.0 1442.5 1569.0
1316.0 1442.5 1569.0
1316.0 1442.5 1569.0
1316.0 1442.5 1569.0
1316.0 1442.5 1569.0
1316.0 1442.5 1569.0
1316.0 1442.5 1569.0
1316.0 1442.5 1569.0
1316.0 1442.5 1569.0
1316.0 1442.5 1569.0
1316.0 1442.5 1569.0
1316.0 1442.5 1569.0
1316.0 1442.5 1569.0
1316.0 1442.5 1569.0
1316.0 1442.5 1569.0
1316.0 1442.5 1569.0
1316.0 1442.5 1569.0
1316.0 1442.5 1569.0
1316.0 1442.5 1569.0
1316.0 1442.5 1569.0
1316.0 1442.5 1569.0
1316.0 1442.5 1569.0
1316.0 1442.5 1569.0
1316.0 1442.5 1569.0
1316.0 1442.5 1569.0
1316.0 1442.5 1569.0
1316.0 1442.5 1569.0
1316.0 1442.5 1569.0
1316.0 1442.5 1569.0
1316.0 1442.5 1569.0
1316.0 1442.5 1569.0
1316.0 1442.5 1569.0
1316.0 1442.5 1569.0
1316.0 1442.5 1569.0
1316.0 1442.5 1569.0
1316.0 1442.5 1569.0
1316.0 1442.5 1569.0
1316.0 1442.5 1569.0
1316.0 1442.5 1569.0
1316.0 1442.5 1569.0
1316.0 1442.5 1569.0
1316.0 1442.5 1569.0
1316.0 1442.5 1569.0
1316.0 1442.5 1569.0
1316.0 1442.5 1569.0
1316.0 1442.5 1569.0
1316.0 1442.5 1569.0
1316.0 1442.5 1569.0
1316.0 1442.5 1569.0
1316.0 1442.5 1569.0
1316.0 1442.5 1569.0
1316.0 1442.5 1569.0
1316.0 1442.5 1569.0
1316.0 1442.5 1569.0
1316.0 1442.5 1569.0
1316.0 1442.5 1569.0
1316.0 1442.5 1569.0
1316.0 1442.5 1569.0
1316.0 1442.5 1569.0
1316.0 1442.5 1569.0
1316.0 1442.5 1569.0
1316.0 1442.5 1569.0
1316.0 1442.5 1569.0
1316.0 1442.5 1569.0
1316.0 1442.5 1569.0
1316.0 1442.5 1569.0
1316.0 1442.5 1569.0
1316.0 1442.5 1569.0
1316.0 1442.5 1569.0
1316.0 1442.5 1569.0
1316.0 1442.5 1569.0
1316.0 1442.5 1569.0
1316.0 1442.5 1569.0
1316.0 1442.5 1569.0
1316.0 1442.5 1569.0
1316.0 1442.5 1569.0
1316.0 1442.5 1569.0
1316.0 1442.5 1569.0
1316.0 1442.5 1569.0
1316.0 1442.5 1569.0
1316.0 1442.5 1569.0
1316.0 1442.5 1569.0
1316.0 1442.5 1569.0
1316.0 1442.5 1569.0
1316.0 1442.5 1569.0
1316.0 1442.5 1569.0
1316.0 1442.5 1569.0
1316.0 1442.5 1569.0
1316.0 1442.5 1569.0
1316.0 1442.5 1569.0
1316.0 1442.5 1569.0
1316.0 1442.5 1569.0
1316.0 1442.5 1569.0
1316.0 1442.5 1569.0
