14253.0 14402.5 14552.0
11639.0 12385.5 13132.0
7055.0 7581.0 8107.0
5403.0 5921.5 6440.0
5403.0 5604.5 5806.0
4893.0 5228.0 5563.0
3924.0 4851.0 5778.0
3501.0 3712.5 3924.0
3501.0 3647.5 3794.0
2828.0 3164.5 3501.0
2828.0 3412.0 3996.0
2828.0 3248.5 3669.0
2468.0 2648.0 2828.0
2028.0 2248.0 2468.0
2028.0 2370.0 2712.0
2028.0 2198.0 2368.0
2028.0 2198.0 2368.0
2028.0 2198.0 2368.0
2028.0 2198.0 2368.0
1556.0 1962.0 2368.0
1556.0 1962.0 2368.0
1556.0 1962.0 2368.0
1556.0 1962.0 2368.0
1556.0 1962.0 2368.0
1556.0 1962.0 2368.0
1556.0 1962.0 2368.0
1556.0 1962.0 2368.0
1556.0 1962.0 2368.0
1556.0 1962.0 2368.0
1556.0 1962.0 2368.0
1556.0 1962.0 2368.0
1556.0 1962.0 2368.0
1556.0 1962.0 2368.0
1556.0 1962.0 2368.0
1304.0 1430.0 1556.0
1304.0 1430.0 1556.0
1304.0 1430.0 1556.0
1304.0 1430.0 1556.0
1304.0 1430.0 1556.0
1304.0 1430.0 1556.0
1304.0 1430.0 1556.0
1304.0 1430.0 1556.0
1304.0 1430.0 1556.0
1304.0 1430.0 1556.0
1304.0 1430.0 1556.0
1304.0 1430.0 1556.0
1304.0 1430.0 1556.0
1304.0 1430.0 1556.0
1304.0 1430.0 1556.0
1304.0 1430.0 1556.0
1304.0 1430.0 1556.0
1304.0 1430.0 1556.0
1304.0 1430.0 1556.0
1304.0 1430.0 1556.0
1304.0 1430.0 1556.0
1304.0 1430.0 1556.0
1304.0 1430.0 1556.0
1304.0 1430.0 1556.0
1304.0 1430.0 1556.0
1304.0 1430.0 1556.0
1304.0 1430.0 1556.0
1304.0 1430.0 1556.0
1304.0 1430.0 1556.0
1304.0 1430.0 1556.0
1304.0 1430.0 1556.0
1304.0 1430.0 1556.0
1304.0 1430.0 1556.0
1304.0 1430.0 1556.0
1304.0 1430.0 1556.0
1304.0 1430.0 1556.0
1304.0 1430.0 1556.0
1304.0 1430.0 1556.0
1304.0 1430.0 1556.0
1304.0 1430.0 1556.0
1304.0 1430.0 1556.0
1304.0 1430.0 1556.0
1304.0 1430.0 1556.0
1304.0 1430.0 1556.0
1304.0 1430.0 1556.0
1304.0 1382.5 1461.0
1304.0 1382.5 1461.0
1304.0 1382.5 1461.0
1304.0 1382.5 1461.0
1304.0 1382.5 1461.0
1304.0 1382.5 1461.0
1304.0 1382.5 1461.0
1304.0 1382.5 1461.0
1304.0 1383.5 1463.0
1304.0 1383.5 1463.0
1304.0 1383.5 1463.0
1304.0 1383.5 1463.0
1304.0 1383.5 1463.0
1304.0 1383.5 1463.0
1304.0 1383.5 1463.0
1304.0 1383.5 1463.0
1304.0 1383.5 1463.0
1304.0 1383.5 1463.0
1304.0 1383.5 1463.0
1304.0 1383.5 1463.0
1304.0 1383.5 1463.0
1304.0 1383.5 1463.0
1304.0 1383.5 1463.0
1304.0 1383.5 1463.0
1304.0 1383.5 1463.0
1304.0 1383.5 1463.0
1304.0 1383.5 1463.0
1304.0 1383.5 1463.0
1304.0 1383.5 1463.0
1304.0 1383.5 1463.0
1304.0 1383.5 1463.0
1304.0 1383.5 1463.0
1304.0 1383.5 1463.0
1304.0 1383.5 1463.0
1304.0 1383.5 1463.0
1304.0 1383.5 1463.0
1304.0 1383.5 1463.0
1304.0 1383.5 1463.0
1304.0 1383.5 1463.0
1304.0 1383.5 1463.0
1304.0 1383.5 1463.0
1304.0 1383.5 1463.0
1304.0 1383.5 1463.0
1304.0 1383.5 1463.0
1304.0 1383.5 1463.0
1304.0 1383.5 1463.0
1304.0 1383.5 1463.0
1304.0 1383.5 1463.0
1304.0 1383.5 1463.0
1304.0 1383.5 1463.0
1304.0 1383.5 1463.0
1304.0 1383.5 1463.0
1304.0 1383.5 1463.0
1304.0 1383.5 1463.0
1304.0 1383.5 1463.0
1304.0 1383.5 1463.0
1304.0 1383.5 1463.0
1304.0 1383.5 1463.0
1304.0 1383.5 1463.0
1304.0 1383.5 1463.0
1304.0 1383.5 1463.0
1304.0 1383.5 1463.0
1304.0 1383.5 1463.0
1304.0 1383.5 1463.0
1304.0 1383.5 1463.0
1304.0 1383.5 1463.0
1304.0 1383.5 1463.0
1304.0 1383.5 1463.0
1304.0 1383.5 1463.0
1304.0 1383.5 1463.0
1304.0 1383.5 1463.0
1304.0 1383.5 1463.0
1304.0 1383.5 1463.0
1304.0 1383.5 1463.0
1304.0 1383.5 1463.0
1304.0 1383.5 1463.0
1304.0 1383.5 1463.0
1304.0 1383.5 1463.0
1304.0 1383.5 1463.0
1304.0 1383.5 1463.0
1304.0 1383.5 1463.0
1304.0 1383.5 1463.0
1304.0 1383.5 1463.0
1304.0 1383.5 1463.0
1304.0 1383.5 1463.0
1304.0 1383.5 1463.0
1304.0 1383.5 1463.0
1304.0 1383.5 1463.0
1304.0 1383.5 1463.0
1304.0 1383.5 1463.0
1304.0 1383.5 1463.0
1304.0 1383.5 1463.0
1304.0 1383.5 1463.0
1304.0 1383.5 1463.0
1304.0 1383.5 1463.0
1304.0 1383.5 1463.0
1304.0 1383.5 1463.0
1304.0 1383.5 1463.0
1304.0 1383.5 1463.0
1304.0 1383.5 1463.0
1304.0 1383.5 1463.0
1304.0 1383.5 1463.0
1304.0 1383.5 1463.0
1304.0 1383.5 1463.0
1304.0 1383.5 1463.0
1304.0 1383.5 1463.0
1304.0 1383.5 1463.0
1304.0 1383.5 1463.0
1304.0 1383.5 1463.0
1304.0 1383.5 1463.0
1304.0 1383.5 1463.0
1304.0 1383.5 1463.0
1304.0 1383.5 1463.0
1304.0 1383.5 1463.0
1304.0 1383.5 1463.0
1304.0 1383.5 1463.0
1304.0 1383.5 1463.0
1304.0 1383.5 1463.0
1304.0 1383.5 1463.0
1304.0 1383.5 1463.0
1304.0 1383.5 1463.0
