15062.0 15945.5 16829.0
12417.0 13296.5 14176.0
8586.0 9828.0 11070.0
6230.0 8087.5 9945.0
6263.0 7372.5 8482.0
6263.0 6569.5 6876.0
6082.0 6172.5 6263.0
3866.0 4097.0 4328.0
3866.0 4097.0 4328.0
3866.0 4097.0 4328.0
3866.0 4293.0 4720.0
3637.0 3751.5 3866.0
2422.0 2979.5 3537.0
2459.0 2565.0 2671.0
1887.0 2279.0 2671.0
1887.0 2279.0 2671.0
1887.0 2279.0 2671.0
1887.0 2180.5 2474.0
1887.0 2283.0 2679.0
1887.0 2031.5 2176.0
1887.0 2031.5 2176.0
1887.0 2031.5 2176.0
1887.0 2031.5 2176.0
1887.0 2031.5 2176.0
1887.0 2031.5 2176.0
1887.0 2031.5 2176.0
1887.0 2031.5 2176.0
1887.0 2031.5 2176.0
1887.0 2031.5 2176.0
1887.0 2031.5 2176.0
1887.0 2031.5 2176.0
1887.0 2031.5 2176.0
1887.0 2031.5 2176.0
1887.0 2031.5 2176.0
1887.0 2031.5 2176.0
1887.0 2031.5 2176.0
1887.0 2031.5 2176.0
1887.0 2031.5 2176.0
1887.0 2031.5 2176.0
1887.0 2031.5 2176.0
1887.0 2031.5 2176.0
1887.0 2031.5 2176.0
1724.0 1805.5 1887.0
1789.0 1838.0 1887.0
1789.0 1838.0 1887.0
1789.0 1838.0 1887.0
1789.0 1838.0 1887.0
1789.0 1838.0 1887.0
1789.0 1838.0 1887.0
1789.0 1838.0 1887.0
1789.0 1838.0 1887.0
1789.0 1838.0 1887.0
1789.0 1838.0 1887.0
1789.0 1838.0 1887.0
1789.0 1838.0 1887.0
1789.0 1838.0 1887.0
1802.0 1844.5 1887.0
1624.0 1755.5 1887.0
1624.0 1755.5 1887.0
1624.0 1755.5 1887.0
1624.0 1755.5 1887.0
1624.0 1755.5 1887.0
1624.0 1755.5 1887.0
1624.0 1755.5 1887.0
1624.0 1755.5 1887.0
1624.0 1755.5 1887.0
1624.0 1755.5 1887.0
1624.0 1755.5 1887.0
1624.0 1755.5 1887.0
1624.0 1755.5 1887.0
1624.0 1755.5 1887.0
1624.0 1755.5 1887.0
1624.0 1755.5 1887.0
1624.0 1755.5 1887.0
1624.0 1755.5 1887.0
1624.0 1755.5 1887.0
1624.0 1755.5 1887.0
1624.0 1755.5 1887.0
1624.0 1755.5 1887.0
1624.0 1755.5 1887.0
1624.0 1755.5 1887.0
1624.0 1755.5 1887.0
1624.0 1755.5 1887.0
1624.0 1755.5 1887.0
1624.0 1755.5 1887.0
1624.0 1755.5 1887.0
1624.0 1755.5 1887.0
1624.0 1755.5 1887.0
1624.0 1755.5 1887.0
1624.0 1755.5 1887.0
1624.0 1755.5 1887.0
1624.0 1755.5 1887.0
1624.0 1755.5 1887.0
1624.0 1755.5 1887.0
1624.0 1755.5 1887.0
1624.0 1755.5 1887.0
1624.0 1755.5 1887.0
1624.0 1755.5 1887.0
1624.0 1755.5 1887.0
1624.0 1675.5 1727.0
1624.0 1675.5 1727.0
1624.0 1675.5 1727.0
1624.0 1675.5 1727.0
1624.0 1675.5 1727.0
1624.0 1675.5 1727.0
1624.0 1675.5 1727.0
1624.0 1675.5 1727.0
1624.0 1675.5 1727.0
1624.0 1675.5 1727.0
1624.0 1675.5 1727.0
1624.0 1675.5 1727.0
1624.0 1675.5 1727.0
1624.0 1675.5 1727.0
1624.0 1675.5 1727.0
1624.0 1675.5 1727.0
1624.0 1675.5 1727.0
1624.0 1675.5 1727.0
1624.0 1675.5 1727.0
1624.0 1675.5 1727.0
1624.0 1675.5 1727.0
1624.0 1675.5 1727.0
1624.0 1675.5 1727.0
1624.0 1675.5 1727.0
1624.0 1675.5 1727.0
1624.0 1675.5 1727.0
1624.0 1675.5 1727.0
1624.0 1675.5 1727.0
1624.0 1675.5 1727.0
1624.0 1675.5 1727.0
1624.0 1675.5 1727.0
1624.0 1675.5 1727.0
1624.0 1675.5 1727.0
1624.0 1675.5 1727.0
1624.0 1675.5 1727.0
1624.0 1675.5 1727.0
1624.0 1675.5 1727.0
1624.0 1675.5 1727.0
1624.0 1675.5 1727.0
1624.0 1675.5 1727.0
1624.0 1675.5 1727.0
1624.0 1675.5 1727.0
1624.0 1675.5 1727.0
1624.0 1675.5 1727.0
1624.0 1675.5 1727.0
1624.0 1675.5 1727.0
1624.0 1675.5 1727.0
1624.0 1675.5 1727.0
1624.0 1675.5 1727.0
1624.0 1675.5 1727.0
1624.0 1675.5 1727.0
1624.0 1675.5 1727.0
1624.0 1675.5 1727.0
1624.0 1675.5 1727.0
1624.0 1675.5 1727.0
1624.0 1675.5 1727.0
1624.0 1675.5 1727.0
1624.0 1675.5 1727.0
1624.0 1675.5 1727.0
1624.0 1675.5 1727.0
1624.0 1675.5 1727.0
1624.0 1675.5 1727.0
1624.0 1675.5 1727.0
1624.0 1675.5 1727.0
1624.0 1675.5 1727.0
1624.0 1675.5 1727.0
1624.0 1675.5 1727.0
1624.0 1675.5 1727.0
1624.0 1675.5 1727.0
1624.0 1675.5 1727.0
1624.0 1675.5 1727.0
1624.0 1675.5 1727.0
1624.0 1675.5 1727.0
1624.0 1675.5 1727.0
1624.0 1675.5 1727.0
1624.0 1675.5 1727.0
1624.0 1675.5 1727.0
1624.0 1675.5 1727.0
1624.0 1675.5 1727.0
1624.0 1675.5 1727.0
1624.0 1675.5 1727.0
1624.0 1675.5 1727.0
1624.0 1675.5 1727.0
1624.0 1675.5 1727.0
1624.0 1675.5 1727.0
1624.0 1675.5 1727.0
1624.0 1675.5 1727.0
1624.0 1675.5 1727.0
1624.0 1675.5 1727.0
1624.0 1675.5 1727.0
1624.0 1675.5 1727.0
1624.0 1675.5 1727.0
1624.0 1675.5 1727.0
1624.0 1675.5 1727.0
1624.0 1675.5 1727.0
1624.0 1675.5 1727.0
1624.0 1675.5 1727.0
1624.0 1675.5 1727.0
1624.0 1675.5 1727.0
1624.0 1675.5 1727.0
1624.0 1675.5 1727.0
