13048.0 13366.0 13684.0
9055.0 9942.5 10830.0
8886.0 9722.0 10558.0
6928.0 6982.5 7037.0
3787.0 4197.5 4608.0
2844.0 2900.0 2956.0
2844.0 2865.0 2886.0
2241.0 2542.5 2844.0
2037.0 2139.0 2241.0
1732.0 1986.5 2241.0
1820.0 1987.5 2155.0
1390.0 1605.0 1820.0
1390.0 1605.0 1820.0
1390.0 1605.0 1820.0
1169.0 1494.5 1820.0
1169.0 1494.5 1820.0
1169.0 1245.0 1321.0
1169.0 1245.0 1321.0
1169.0 1245.0 1321.0
1169.0 1245.0 1321.0
1169.0 1245.0 1321.0
1169.0 1245.0 1321.0
1169.0 1245.0 1321.0
1169.0 1245.0 1321.0
1169.0 1245.0 1321.0
1169.0 1245.0 1321.0
1169.0 1245.0 1321.0
1169.0 1245.0 1321.0
1169.0 1245.0 1321.0
1169.0 1245.0 1321.0
1169.0 1245.0 1321.0
1169.0 1275.5 1382.0
1169.0 1275.5 1382.0
1169.0 1275.5 1382.0
840.0 1004.5 1169.0
840.0 1004.5 1169.0
840.0 1004.5 1169.0
840.0 1004.5 1169.0
840.0 1004.5 1169.0
840.0 1004.5 1169.0
840.0 1004.5 1169.0
840.0 1004.5 1169.0
840.0 1004.5 1169.0
840.0 1004.5 1169.0
840.0 1004.5 1169.0
840.0 1004.5 1169.0
840.0 1004.5 1169.0
840.0 1004.5 1169.0
840.0 1004.5 1169.0
840.0 1004.5 1169.0
840.0 1004.5 1169.0
840.0 1004.5 1169.0
840.0 1004.5 1169.0
840.0 1004.5 1169.0
840.0 1004.5 1169.0
840.0 1004.5 1169.0
840.0 1004.5 1169.0
840.0 1004.5 1169.0
840.0 1004.5 1169.0
840.0 1004.5 1169.0
840.0 1004.5 1169.0
840.0 1004.5 1169.0
840.0 1004.5 1169.0
840.0 1004.5 1169.0
840.0 1004.5 1169.0
840.0 1004.5 1169.0
840.0 1004.5 1169.0
840.0 1004.5 1169.0
840.0 1004.5 1169.0
840.0 1004.5 1169.0
840.0 1004.5 1169.0
840.0 1004.5 1169.0
840.0 1004.5 1169.0
840.0 1004.5 1169.0
840.0 1004.5 1169.0
840.0 1004.5 1169.0
840.0 1004.5 1169.0
840.0 1004.5 1169.0
840.0 1004.5 1169.0
840.0 1004.5 1169.0
840.0 1004.5 1169.0
840.0 1004.5 1169.0
840.0 1004.5 1169.0
840.0 1004.5 1169.0
840.0 1004.5 1169.0
840.0 1004.5 1169.0
840.0 1004.5 1169.0
840.0 1004.5 1169.0
840.0 1004.5 1169.0
840.0 1004.5 1169.0
840.0 1004.5 1169.0
840.0 1004.5 1169.0
840.0 1004.5 1169.0
840.0 1004.5 1169.0
840.0 1004.5 1169.0
840.0 1004.5 1169.0
840.0 1004.5 1169.0
840.0 1004.5 1169.0
840.0 1004.5 1169.0
840.0 1004.5 1169.0
840.0 1004.5 1169.0
840.0 1004.5 1169.0
840.0 1004.5 1169.0
840.0 1004.5 1169.0
840.0 1004.5 1169.0
840.0 1004.5 1169.0
840.0 1004.5 1169.0
840.0 1004.5 1169.0
840.0 1004.5 1169.0
840.0 1004.5 1169.0
840.0 1004.5 1169.0
840.0 1004.5 1169.0
840.0 1004.5 1169.0
840.0 1004.5 1169.0
840.0 1004.5 1169.0
840.0 1004.5 1169.0
840.0 1004.5 1169.0
840.0 1004.5 1169.0
840.0 1004.5 1169.0
840.0 1004.5 1169.0
840.0 1004.5 1169.0
840.0 1004.5 1169.0
840.0 1004.5 1169.0
840.0 1004.5 1169.0
840.0 1004.5 1169.0
840.0 1004.5 1169.0
840.0 1004.5 1169.0
840.0 1004.5 1169.0
840.0 1004.5 1169.0
840.0 1004.5 1169.0
840.0 1004.5 1169.0
840.0 1004.5 1169.0
840.0 1004.5 1169.0
840.0 1004.5 1169.0
840.0 1004.5 1169.0
840.0 1004.5 1169.0
840.0 1004.5 1169.0
840.0 1004.5 1169.0
840.0 1004.5 1169.0
840.0 1004.5 1169.0
840.0 1004.5 1169.0
840.0 1004.5 1169.0
840.0 1004.5 1169.0
840.0 1004.5 1169.0
840.0 1004.5 1169.0
840.0 1004.5 1169.0
840.0 1004.5 1169.0
840.0 1004.5 1169.0
840.0 1004.5 1169.0
840.0 1004.5 1169.0
840.0 1004.5 1169.0
840.0 1004.5 1169.0
840.0 1004.5 1169.0
840.0 1004.5 1169.0
840.0 1004.5 1169.0
840.0 1004.5 1169.0
840.0 1004.5 1169.0
840.0 1004.5 1169.0
840.0 1004.5 1169.0
840.0 1004.5 1169.0
840.0 1004.5 1169.0
840.0 1004.5 1169.0
840.0 1004.5 1169.0
840.0 1004.5 1169.0
840.0 1004.5 1169.0
840.0 1004.5 1169.0
840.0 1004.5 1169.0
840.0 1004.5 1169.0
840.0 1004.5 1169.0
840.0 1004.5 1169.0
840.0 1004.5 1169.0
840.0 1004.5 1169.0
840.0 1004.5 1169.0
840.0 1004.5 1169.0
840.0 1004.5 1169.0
840.0 1004.5 1169.0
840.0 1004.5 1169.0
840.0 1004.5 1169.0
840.0 1004.5 1169.0
840.0 1004.5 1169.0
840.0 1004.5 1169.0
840.0 1004.5 1169.0
840.0 1004.5 1169.0
840.0 1004.5 1169.0
840.0 1004.5 1169.0
840.0 1004.5 1169.0
840.0 1004.5 1169.0
840.0 1004.5 1169.0
840.0 1004.5 1169.0
840.0 1004.5 1169.0
840.0 1004.5 1169.0
840.0 1004.5 1169.0
840.0 1004.5 1169.0
840.0 1004.5 1169.0
840.0 1004.5 1169.0
840.0 1004.5 1169.0
840.0 1004.5 1169.0
840.0 1004.5 1169.0
840.0 1004.5 1169.0
840.0 1004.5 1169.0
