8967.0 10764.0 12561.0
7560.0 7870.0 8180.0
6024.0 6570.5 7117.0
5126.0 5673.5 6221.0
2806.0 3819.0 4832.0
2917.0 3018.0 3119.0
2187.0 2841.5 3496.0
2187.0 2480.5 2774.0
1624.0 1970.5 2317.0
1269.0 1862.0 2455.0
1269.0 1746.0 2223.0
1441.0 1717.0 1993.0
1441.0 1717.0 1993.0
1441.0 1693.5 1946.0
1275.0 1333.5 1392.0
1275.0 1333.5 1392.0
1067.0 1229.5 1392.0
1067.0 1229.5 1392.0
911.0 1151.5 1392.0
911.0 1151.5 1392.0
911.0 1151.5 1392.0
828.0 1110.0 1392.0
828.0 1110.0 1392.0
828.0 1110.0 1392.0
828.0 1110.0 1392.0
828.0 1110.0 1392.0
828.0 1110.0 1392.0
828.0 1110.0 1392.0
828.0 1110.0 1392.0
828.0 1110.0 1392.0
828.0 1110.0 1392.0
828.0 1110.0 1392.0
828.0 1110.0 1392.0
828.0 1110.0 1392.0
828.0 1110.0 1392.0
828.0 1110.0 1392.0
828.0 1110.0 1392.0
828.0 1110.0 1392.0
828.0 1110.0 1392.0
828.0 1110.0 1392.0
828.0 1110.0 1392.0
828.0 1110.0 1392.0
828.0 1110.0 1392.0
828.0 1110.0 1392.0
828.0 1110.0 1392.0
828.0 1110.0 1392.0
828.0 1110.0 1392.0
828.0 1110.0 1392.0
828.0 1110.0 1392.0
828.0 1110.0 1392.0
828.0 1110.0 1392.0
828.0 1110.0 1392.0
828.0 1110.0 1392.0
828.0 1110.0 1392.0
828.0 1110.0 1392.0
828.0 1110.0 1392.0
828.0 1110.0 1392.0
828.0 1110.0 1392.0
828.0 1110.0 1392.0
828.0 1110.0 1392.0
828.0 1110.0 1392.0
828.0 1110.0 1392.0
828.0 1110.0 1392.0
828.0 1110.0 1392.0
828.0 1110.0 1392.0
828.0 1110.0 1392.0
828.0 1110.0 1392.0
828.0 1110.0 1392.0
828.0 1110.0 1392.0
828.0 1110.0 1392.0
828.0 1110.0 1392.0
828.0 1110.0 1392.0
828.0 1110.0 1392.0
828.0 1110.0 1392.0
828.0 1110.0 1392.0
828.0 1132.5 1437.0
828.0 1044.5 1261.0
828.0 1044.5 1261.0
828.0 1027.0 1226.0
645.0 736.5 828.0
645.0 736.5 828.0
645.0 736.5 828.0
645.0 736.5 828.0
645.0 736.5 828.0
645.0 736.5 828.0
645.0 736.5 828.0
645.0 736.5 828.0
645.0 736.5 828.0
645.0 736.5 828.0
645.0 736.5 828.0
645.0 736.5 828.0
645.0 736.5 828.0
645.0 736.5 828.0
645.0 736.5 828.0
645.0 736.5 828.0
645.0 736.5 828.0
645.0 736.5 828.0
645.0 736.5 828.0
645.0 736.5 828.0
645.0 736.5 828.0
645.0 736.5 828.0
645.0 736.5 828.0
645.0 736.5 828.0
645.0 736.5 828.0
645.0 736.5 828.0
645.0 736.5 828.0
645.0 736.5 828.0
645.0 736.5 828.0
645.0 736.5 828.0
645.0 736.5 828.0
645.0 736.5 828.0
645.0 736.5 828.0
645.0 736.5 828.0
645.0 736.5 828.0
645.0 736.5 828.0
645.0 736.5 828.0
645.0 736.5 828.0
645.0 736.5 828.0
645.0 736.5 828.0
645.0 736.5 828.0
645.0 736.5 828.0
645.0 736.5 828.0
645.0 736.5 828.0
645.0 736.5 828.0
645.0 736.5 828.0
645.0 736.5 828.0
645.0 736.5 828.0
645.0 736.5 828.0
645.0 736.5 828.0
645.0 736.5 828.0
645.0 736.5 828.0
645.0 736.5 828.0
645.0 736.5 828.0
645.0 736.5 828.0
645.0 736.5 828.0
645.0 736.5 828.0
645.0 736.5 828.0
645.0 736.5 828.0
645.0 736.5 828.0
645.0 736.5 828.0
645.0 736.5 828.0
645.0 736.5 828.0
645.0 736.5 828.0
645.0 736.5 828.0
645.0 736.5 828.0
645.0 736.5 828.0
645.0 736.5 828.0
645.0 736.5 828.0
645.0 736.5 828.0
645.0 736.5 828.0
645.0 736.5 828.0
645.0 736.5 828.0
645.0 736.5 828.0
645.0 736.5 828.0
645.0 736.5 828.0
645.0 736.5 828.0
645.0 736.5 828.0
645.0 736.5 828.0
645.0 736.5 828.0
645.0 736.5 828.0
645.0 736.5 828.0
645.0 736.5 828.0
645.0 736.5 828.0
645.0 736.5 828.0
645.0 736.5 828.0
645.0 736.5 828.0
645.0 736.5 828.0
645.0 736.5 828.0
645.0 736.5 828.0
645.0 736.5 828.0
645.0 736.5 828.0
645.0 736.5 828.0
645.0 736.5 828.0
645.0 736.5 828.0
645.0 736.5 828.0
645.0 736.5 828.0
645.0 736.5 828.0
645.0 736.5 828.0
645.0 736.5 828.0
645.0 736.5 828.0
645.0 736.5 828.0
645.0 736.5 828.0
645.0 736.5 828.0
645.0 736.5 828.0
645.0 736.5 828.0
645.0 736.5 828.0
645.0 736.5 828.0
645.0 736.5 828.0
645.0 736.5 828.0
645.0 736.5 828.0
645.0 736.5 828.0
645.0 736.5 828.0
645.0 736.5 828.0
645.0 736.5 828.0
645.0 736.5 828.0
645.0 736.5 828.0
645.0 736.5 828.0
645.0 736.5 828.0
645.0 736.5 828.0
645.0 736.5 828.0
