14028.0 15426.5 16825.0
11613.0 13074.5 14536.0
9800.0 10261.5 10723.0
6410.0 7740.5 9071.0
6064.0 8127.5 10191.0
5004.0 6578.0 8152.0
4884.0 5891.0 6898.0
4794.0 5164.5 5535.0
4535.0 4697.5 4860.0
4394.0 4464.5 4535.0
4331.0 4362.5 4394.0
3038.0 3716.0 4394.0
2246.0 3141.0 4036.0
2246.0 2730.0 3214.0
2246.0 2730.0 3214.0
2246.0 2730.0 3214.0
2033.0 2670.0 3307.0
2033.0 2299.0 2565.0
2033.0 2299.0 2565.0
2033.0 2299.0 2565.0
2033.0 2299.0 2565.0
2033.0 2299.0 2565.0
2297.0 2431.0 2565.0
2165.0 2365.0 2565.0
1601.0 2083.0 2565.0
1601.0 2083.0 2565.0
1601.0 2083.0 2565.0
1601.0 2083.0 2565.0
1601.0 2083.0 2565.0
1601.0 2083.0 2565.0
1601.0 2083.0 2565.0
1601.0 2083.0 2565.0
1601.0 2083.0 2565.0
1601.0 2083.0 2565.0
1601.0 2083.0 2565.0
1601.0 2083.0 2565.0
1804.0 2184.5 2565.0
1605.0 2085.0 2565.0
1605.0 2085.0 2565.0
1605.0 2085.0 2565.0
1605.0 2085.0 2565.0
1605.0 2085.0 2565.0
1605.0 2085.0 2565.0
1605.0 2085.0 2565.0
1605.0 2085.0 2565.0
1605.0 2085.0 2565.0
1605.0 1960.0 2315.0
1605.0 1977.0 2349.0
1605.0 1977.0 2349.0
1605.0 1977.0 2349.0
1605.0 1977.0 2349.0
1605.0 1977.0 2349.0
1605.0 1977.0 2349.0
1605.0 1977.0 2349.0
1605.0 1977.0 2349.0
1605.0 1977.0 2349.0
1605.0 1977.0 2349.0
1605.0 1977.0 2349.0
1605.0 1977.0 2349.0
1605.0 1977.0 2349.0
1605.0 1977.0 2349.0
1605.0 1977.0 2349.0
1605.0 1977.0 2349.0
1605.0 1977.0 2349.0
1605.0 1977.0 2349.0
1605.0 1963.5 2322.0
1605.0 1963.5 2322.0
1605.0 1963.5 2322.0
1605.0 1963.5 2322.0
1605.0 1963.5 2322.0
1605.0 1963.5 2322.0
1605.0 1963.5 2322.0
1605.0 1963.5 2322.0
1605.0 1963.5 2322.0
1605.0 1963.5 2322.0
1605.0 1963.5 2322.0
1605.0 1963.5 2322.0
1605.0 1963.5 2322.0
1605.0 1963.5 2322.0
1605.0 1963.5 2322.0
1605.0 1963.5 2322.0
1605.0 1963.5 2322.0
1605.0 1963.5 2322.0
1605.0 1963.5 2322.0
1605.0 1963.5 2322.0
1605.0 1963.5 2322.0
1605.0 1963.5 2322.0
1605.0 1963.5 2322.0
1605.0 1963.5 2322.0
1605.0 1963.5 2322.0
1605.0 1963.5 2322.0
1605.0 1963.5 2322.0
1605.0 1963.5 2322.0
1605.0 1963.5 2322.0
1605.0 1963.5 2322.0
1605.0 1963.5 2322.0
1605.0 1963.5 2322.0
1605.0 1963.5 2322.0
1605.0 1963.5 2322.0
1605.0 1963.5 2322.0
1605.0 1963.5 2322.0
1605.0 1963.5 2322.0
1605.0 1963.5 2322.0
1605.0 1963.5 2322.0
1605.0 1963.5 2322.0
1605.0 1963.5 2322.0
1605.0 1963.5 2322.0
1605.0 1963.5 2322.0
1605.0 1963.5 2322.0
1605.0 1963.5 2322.0
1605.0 1963.5 2322.0
1605.0 1963.5 2322.0
1605.0 1963.5 2322.0
1605.0 1963.5 2322.0
1605.0 1963.5 2322.0
1605.0 1963.5 2322.0
1605.0 1963.5 2322.0
1605.0 1963.5 2322.0
1605.0 1963.5 2322.0
1895.0 2108.5 2322.0
1662.0 1992.0 2322.0
1662.0 1992.0 2322.0
1662.0 1992.0 2322.0
1662.0 1992.0 2322.0
1662.0 1992.0 2322.0
1662.0 1992.0 2322.0
1662.0 1992.0 2322.0
1662.0 1992.0 2322.0
1662.0 1992.0 2322.0
1662.0 1992.0 2322.0
1662.0 1992.0 2322.0
1662.0 1992.0 2322.0
1662.0 1992.0 2322.0
1662.0 1992.0 2322.0
1662.0 1992.0 2322.0
1662.0 1992.0 2322.0
1662.0 1992.0 2322.0
1662.0 1992.0 2322.0
1662.0 1992.0 2322.0
1662.0 1992.0 2322.0
1662.0 1992.0 2322.0
1662.0 1992.0 2322.0
1662.0 1992.0 2322.0
1662.0 1992.0 2322.0
1662.0 1992.0 2322.0
1662.0 1992.0 2322.0
1662.0 1992.0 2322.0
1662.0 1992.0 2322.0
1662.0 1992.0 2322.0
1662.0 1992.0 2322.0
1662.0 1992.0 2322.0
1662.0 1992.0 2322.0
1662.0 1992.0 2322.0
1662.0 1992.0 2322.0
1662.0 1992.0 2322.0
1662.0 1992.0 2322.0
1662.0 1992.0 2322.0
1662.0 1992.0 2322.0
1662.0 1720.5 1779.0
1662.0 1720.5 1779.0
1662.0 1720.5 1779.0
1662.0 1720.5 1779.0
1662.0 1720.5 1779.0
1662.0 1720.5 1779.0
1662.0 1720.5 1779.0
1662.0 1720.5 1779.0
1662.0 1720.5 1779.0
1662.0 1720.5 1779.0
1662.0 1720.5 1779.0
1662.0 1720.5 1779.0
1662.0 1720.5 1779.0
1662.0 1720.5 1779.0
1662.0 1720.5 1779.0
1662.0 1720.5 1779.0
1662.0 1720.5 1779.0
1662.0 1720.5 1779.0
1662.0 1720.5 1779.0
1662.0 1720.5 1779.0
1662.0 1720.5 1779.0
1662.0 1720.5 1779.0
1662.0 1720.5 1779.0
1662.0 1720.5 1779.0
1662.0 1720.5 1779.0
1662.0 1720.5 1779.0
1662.0 1720.5 1779.0
1662.0 1720.5 1779.0
1662.0 1720.5 1779.0
1662.0 1720.5 1779.0
1662.0 1720.5 1779.0
1662.0 1720.5 1779.0
1662.0 1720.5 1779.0
1662.0 1720.5 1779.0
1662.0 1720.5 1779.0
1662.0 1720.5 1779.0
1662.0 1720.5 1779.0
1662.0 1720.5 1779.0
1662.0 1720.5 1779.0
1662.0 1720.5 1779.0
1662.0 1720.5 1779.0
1662.0 1720.5 1779.0
