13520.0 14945.5 16371.0
11976.0 12116.5 12257.0
9318.0 9687.5 10057.0
6461.0 6515.0 6569.0
4267.0 5364.0 6461.0
4267.0 5149.5 6032.0
2228.0 2743.0 3258.0
2228.0 2309.5 2391.0
1868.0 2317.5 2767.0
1774.0 1821.0 1868.0
1206.0 1607.0 2008.0
1206.0 1607.0 2008.0
1206.0 1362.5 1519.0
1206.0 1362.5 1519.0
1206.0 1551.0 1896.0
1206.0 1551.0 1896.0
1206.0 1551.0 1896.0
1206.0 1551.0 1896.0
1206.0 1551.0 1896.0
1206.0 1551.0 1896.0
1206.0 1551.0 1896.0
1206.0 1551.0 1896.0
1206.0 1551.0 1896.0
1206.0 1551.0 1896.0
1206.0 1551.0 1896.0
1206.0 1551.0 1896.0
1206.0 1551.0 1896.0
1461.0 1678.5 1896.0
1461.0 1678.5 1896.0
1461.0 1678.5 1896.0
1111.0 1503.5 1896.0
1111.0 1503.5 1896.0
1111.0 1299.5 1488.0
1111.0 1425.5 1740.0
1111.0 1163.5 1216.0
1111.0 1163.5 1216.0
1111.0 1163.5 1216.0
1111.0 1163.5 1216.0
1111.0 1163.5 1216.0
1111.0 1163.5 1216.0
1111.0 1163.5 1216.0
1111.0 1163.5 1216.0
1111.0 1163.5 1216.0
1111.0 1163.5 1216.0
1111.0 1163.5 1216.0
1111.0 1163.5 1216.0
1111.0 1163.5 1216.0
1111.0 1163.5 1216.0
1111.0 1163.5 1216.0
1111.0 1163.5 1216.0
1111.0 1163.5 1216.0
1111.0 1163.5 1216.0
1111.0 1163.5 1216.0
1111.0 1163.5 1216.0
1111.0 1163.5 1216.0
1111.0 1163.5 1216.0
1111.0 1163.5 1216.0
1111.0 1163.5 1216.0
1111.0 1163.5 1216.0
1111.0 1163.5 1216.0
1111.0 1163.5 1216.0
1111.0 1163.5 1216.0
1111.0 1163.5 1216.0
1111.0 1163.5 1216.0
1111.0 1163.5 1216.0
1111.0 1163.5 1216.0
1111.0 1163.5 1216.0
1111.0 1163.5 1216.0
1111.0 1163.5 1216.0
1111.0 1163.5 1216.0
1111.0 1118.0 1125.0
1111.0 1118.0 1125.0
1111.0 1118.5 1126.0
966.0 1038.5 1111.0
966.0 1038.5 1111.0
966.0 1038.5 1111.0
966.0 1038.5 1111.0
966.0 1038.5 1111.0
966.0 1038.5 1111.0
966.0 1038.5 1111.0
966.0 1038.5 1111.0
966.0 1038.5 1111.0
966.0 1038.5 1111.0
966.0 1038.5 1111.0
966.0 1038.5 1111.0
966.0 1038.5 1111.0
966.0 1038.5 1111.0
966.0 1038.5 1111.0
966.0 1038.5 1111.0
966.0 1038.5 1111.0
966.0 1038.5 1111.0
966.0 1038.5 1111.0
966.0 1038.5 1111.0
966.0 1038.5 1111.0
966.0 1038.5 1111.0
966.0 1038.5 1111.0
966.0 1038.5 1111.0
966.0 1038.5 1111.0
966.0 1038.5 1111.0
966.0 1038.5 1111.0
966.0 1038.5 1111.0
966.0 1038.5 1111.0
966.0 1038.5 1111.0
966.0 1038.5 1111.0
966.0 1038.5 1111.0
966.0 1038.5 1111.0
966.0 1038.5 1111.0
966.0 1038.5 1111.0
966.0 1038.5 1111.0
966.0 1038.5 1111.0
966.0 1038.5 1111.0
966.0 1038.5 1111.0
966.0 1038.5 1111.0
966.0 1038.5 1111.0
966.0 1038.5 1111.0
966.0 1038.5 1111.0
966.0 1038.5 1111.0
966.0 1038.5 1111.0
966.0 1038.5 1111.0
966.0 1038.5 1111.0
966.0 1038.5 1111.0
966.0 1038.5 1111.0
966.0 1038.5 1111.0
966.0 1038.5 1111.0
966.0 1038.5 1111.0
966.0 1038.5 1111.0
966.0 1038.5 1111.0
966.0 1038.5 1111.0
966.0 1038.5 1111.0
966.0 1038.5 1111.0
966.0 1038.5 1111.0
966.0 1038.5 1111.0
966.0 1038.5 1111.0
966.0 1038.5 1111.0
966.0 1038.5 1111.0
966.0 1038.5 1111.0
966.0 1038.5 1111.0
966.0 1038.5 1111.0
966.0 1038.5 1111.0
966.0 1038.5 1111.0
966.0 1038.5 1111.0
966.0 1038.5 1111.0
966.0 1038.5 1111.0
966.0 1038.5 1111.0
966.0 1038.5 1111.0
966.0 1038.5 1111.0
966.0 1038.5 1111.0
966.0 1038.5 1111.0
966.0 1038.5 1111.0
966.0 1038.5 1111.0
966.0 1038.5 1111.0
966.0 1038.5 1111.0
966.0 1038.5 1111.0
966.0 1038.5 1111.0
966.0 1038.5 1111.0
966.0 1038.5 1111.0
966.0 1038.5 1111.0
966.0 1038.5 1111.0
966.0 1038.5 1111.0
966.0 1038.5 1111.0
966.0 1038.5 1111.0
966.0 1038.5 1111.0
966.0 1038.5 1111.0
966.0 1038.5 1111.0
966.0 1038.5 1111.0
966.0 1038.5 1111.0
966.0 1038.5 1111.0
966.0 1038.5 1111.0
966.0 1038.5 1111.0
966.0 1038.5 1111.0
966.0 1038.5 1111.0
966.0 1038.5 1111.0
966.0 1038.5 1111.0
966.0 1038.5 1111.0
966.0 1038.5 1111.0
966.0 1038.5 1111.0
966.0 1038.5 1111.0
966.0 1038.5 1111.0
966.0 1038.5 1111.0
966.0 1038.5 1111.0
966.0 1038.5 1111.0
966.0 1038.5 1111.0
966.0 1038.5 1111.0
966.0 1038.5 1111.0
966.0 1038.5 1111.0
966.0 1038.5 1111.0
966.0 1038.5 1111.0
966.0 1038.5 1111.0
966.0 1038.5 1111.0
966.0 1038.5 1111.0
966.0 1038.5 1111.0
966.0 1038.5 1111.0
966.0 1038.5 1111.0
966.0 1038.5 1111.0
966.0 1038.5 1111.0
966.0 1038.5 1111.0
966.0 1038.5 1111.0
966.0 1038.5 1111.0
966.0 1038.5 1111.0
966.0 1038.5 1111.0
