12913.0 12939.5 12966.0
12007.0 12186.0 12365.0
7991.0 8024.0 8057.0
7240.0 7458.0 7676.0
4898.0 5193.0 5488.0
4898.0 5419.0 5940.0
3968.0 4318.5 4669.0
3968.0 4318.5 4669.0
2433.0 3055.0 3677.0
2433.0 2547.5 2662.0
2661.0 2662.0 2663.0
2157.0 2262.5 2368.0
2157.0 2262.5 2368.0
1427.0 1519.5 1612.0
1427.0 1519.5 1612.0
1506.0 1559.0 1612.0
1506.0 1559.0 1612.0
1506.0 1559.0 1612.0
1506.0 1559.0 1612.0
980.0 1243.0 1506.0
980.0 1243.0 1506.0
980.0 1243.0 1506.0
980.0 1243.0 1506.0
980.0 1243.0 1506.0
980.0 1243.0 1506.0
980.0 1243.0 1506.0
980.0 1243.0 1506.0
980.0 1243.0 1506.0
980.0 1243.0 1506.0
980.0 1243.0 1506.0
980.0 1243.0 1506.0
980.0 1243.0 1506.0
980.0 1243.0 1506.0
980.0 1243.0 1506.0
980.0 1243.0 1506.0
980.0 1243.0 1506.0
980.0 1243.0 1506.0
980.0 1243.0 1506.0
980.0 1243.0 1506.0
980.0 1243.0 1506.0
980.0 1243.0 1506.0
980.0 1243.0 1506.0
980.0 1243.0 1506.0
980.0 1243.0 1506.0
980.0 1243.0 1506.0
980.0 1243.0 1506.0
980.0 1243.0 1506.0
980.0 1243.0 1506.0
980.0 1243.0 1506.0
980.0 1243.0 1506.0
980.0 1243.0 1506.0
980.0 1243.0 1506.0
980.0 1243.0 1506.0
980.0 1243.0 1506.0
980.0 1243.0 1506.0
980.0 1243.0 1506.0
980.0 1243.0 1506.0
980.0 1243.0 1506.0
980.0 1243.0 1506.0
980.0 1243.0 1506.0
980.0 1243.0 1506.0
980.0 1243.0 1506.0
980.0 1243.0 1506.0
980.0 1243.0 1506.0
980.0 1243.0 1506.0
980.0 1243.0 1506.0
980.0 1243.0 1506.0
980.0 1243.0 1506.0
980.0 1243.0 1506.0
980.0 1243.0 1506.0
980.0 1243.0 1506.0
980.0 1243.0 1506.0
980.0 1243.0 1506.0
980.0 1243.0 1506.0
980.0 1243.0 1506.0
980.0 1243.0 1506.0
980.0 1243.0 1506.0
980.0 1243.0 1506.0
980.0 1243.0 1506.0
980.0 1243.0 1506.0
980.0 1243.0 1506.0
980.0 1243.0 1506.0
980.0 1243.0 1506.0
980.0 1243.0 1506.0
980.0 1243.0 1506.0
980.0 1243.0 1506.0
980.0 1243.0 1506.0
980.0 1243.0 1506.0
980.0 1243.0 1506.0
980.0 1243.0 1506.0
980.0 1243.0 1506.0
980.0 1243.0 1506.0
980.0 1243.0 1506.0
980.0 1243.0 1506.0
980.0 1243.0 1506.0
980.0 1243.0 1506.0
980.0 1243.0 1506.0
980.0 1243.0 1506.0
980.0 1243.0 1506.0
980.0 1243.0 1506.0
980.0 1243.0 1506.0
980.0 1243.0 1506.0
980.0 1243.0 1506.0
980.0 1243.0 1506.0
980.0 1243.0 1506.0
980.0 1243.0 1506.0
980.0 1243.0 1506.0
980.0 1243.0 1506.0
980.0 1243.0 1506.0
980.0 1243.0 1506.0
980.0 1243.0 1506.0
980.0 1243.0 1506.0
980.0 1243.0 1506.0
980.0 1243.0 1506.0
980.0 1243.0 1506.0
980.0 1243.0 1506.0
980.0 1243.0 1506.0
980.0 1243.0 1506.0
980.0 1243.0 1506.0
980.0 1243.0 1506.0
980.0 1243.0 1506.0
980.0 1243.0 1506.0
980.0 1243.0 1506.0
980.0 1243.0 1506.0
980.0 1243.0 1506.0
980.0 1243.0 1506.0
980.0 1243.0 1506.0
980.0 1243.0 1506.0
980.0 1243.0 1506.0
980.0 1243.0 1506.0
980.0 1243.0 1506.0
980.0 1243.0 1506.0
980.0 1243.0 1506.0
980.0 1243.0 1506.0
980.0 1243.0 1506.0
980.0 1243.0 1506.0
980.0 1243.0 1506.0
980.0 1243.0 1506.0
980.0 1243.0 1506.0
980.0 1243.0 1506.0
980.0 1243.0 1506.0
980.0 1243.0 1506.0
980.0 1243.0 1506.0
980.0 1243.0 1506.0
980.0 1243.0 1506.0
980.0 1243.0 1506.0
980.0 1243.0 1506.0
980.0 1243.0 1506.0
980.0 1243.0 1506.0
980.0 1243.0 1506.0
980.0 1243.0 1506.0
980.0 1243.0 1506.0
980.0 1243.0 1506.0
980.0 1243.0 1506.0
980.0 1243.0 1506.0
980.0 1243.0 1506.0
980.0 1243.0 1506.0
980.0 1243.0 1506.0
980.0 1243.0 1506.0
980.0 1243.0 1506.0
980.0 1243.0 1506.0
980.0 1243.0 1506.0
980.0 1243.0 1506.0
980.0 1243.0 1506.0
980.0 1243.0 1506.0
980.0 1243.0 1506.0
980.0 1243.0 1506.0
980.0 1243.0 1506.0
980.0 1243.0 1506.0
980.0 1243.0 1506.0
980.0 1243.0 1506.0
980.0 1243.0 1506.0
980.0 1243.0 1506.0
980.0 1243.0 1506.0
980.0 1243.0 1506.0
980.0 1243.0 1506.0
980.0 1243.0 1506.0
980.0 1243.0 1506.0
980.0 1243.0 1506.0
980.0 1243.0 1506.0
980.0 1243.0 1506.0
980.0 1243.0 1506.0
980.0 1243.0 1506.0
980.0 1243.0 1506.0
980.0 1243.0 1506.0
980.0 1243.0 1506.0
980.0 1243.0 1506.0
980.0 1243.0 1506.0
980.0 1243.0 1506.0
980.0 1243.0 1506.0
980.0 1243.0 1506.0
980.0 1243.0 1506.0
980.0 1243.0 1506.0
980.0 1243.0 1506.0
980.0 1243.0 1506.0
980.0 1243.0 1506.0
980.0 1243.0 1506.0
980.0 1243.0 1506.0
980.0 1243.0 1506.0
980.0 1243.0 1506.0
