9586.0 11666.5 13747.0
9586.0 10433.0 11280.0
8800.0 9250.5 9701.0
5037.0 5275.5 5514.0
4359.0 4936.5 5514.0
3443.0 3901.0 4359.0
3425.0 3434.0 3443.0
2787.0 3106.0 3425.0
2605.0 2709.5 2814.0
1732.0 2131.0 2530.0
1938.0 2234.0 2530.0
1846.0 1892.0 1938.0
1753.0 1845.5 1938.0
1753.0 1845.5 1938.0
1433.0 1593.0 1753.0
1433.0 1593.0 1753.0
1446.0 1675.0 1904.0
1316.0 1610.0 1904.0
1316.0 1610.0 1904.0
1316.0 1448.5 1581.0
1316.0 1448.5 1581.0
1316.0 1448.5 1581.0
1316.0 1393.5 1471.0
1316.0 1393.5 1471.0
1316.0 1393.5 1471.0
1316.0 1393.5 1471.0
1316.0 1393.5 1471.0
1316.0 1393.5 1471.0
1316.0 1393.5 1471.0
1316.0 1393.5 1471.0
1316.0 1393.5 1471.0
1316.0 1393.5 1471.0
1316.0 1393.5 1471.0
1316.0 1393.5 1471.0
1316.0 1393.5 1471.0
1316.0 1393.5 1471.0
1316.0 1393.5 1471.0
1316.0 1393.5 1471.0
1316.0 1393.5 1471.0
1316.0 1342.0 1368.0
1316.0 1342.0 1368.0
997.0 1156.5 1316.0
997.0 1156.5 1316.0
997.0 1156.5 1316.0
997.0 1156.5 1316.0
997.0 1156.5 1316.0
997.0 1156.5 1316.0
997.0 1156.5 1316.0
997.0 1156.5 1316.0
997.0 1156.5 1316.0
997.0 1156.5 1316.0
997.0 1156.5 1316.0
997.0 1156.5 1316.0
997.0 1156.5 1316.0
997.0 1156.5 1316.0
997.0 1156.5 1316.0
997.0 1156.5 1316.0
997.0 1156.5 1316.0
997.0 1156.5 1316.0
997.0 1156.5 1316.0
997.0 1156.5 1316.0
997.0 1156.5 1316.0
997.0 1156.5 1316.0
997.0 1156.5 1316.0
997.0 1156.5 1316.0
997.0 1156.5 1316.0
997.0 1156.5 1316.0
997.0 1156.5 1316.0
997.0 1156.5 1316.0
997.0 1156.5 1316.0
997.0 1156.5 1316.0
997.0 1156.5 1316.0
997.0 1156.5 1316.0
997.0 1156.5 1316.0
997.0 1156.5 1316.0
997.0 1156.5 1316.0
997.0 1156.5 1316.0
997.0 1156.5 1316.0
997.0 1156.5 1316.0
997.0 1156.5 1316.0
997.0 1156.5 1316.0
997.0 1156.5 1316.0
997.0 1156.5 1316.0
997.0 1156.5 1316.0
997.0 1156.5 1316.0
997.0 1156.5 1316.0
997.0 1156.5 1316.0
997.0 1156.5 1316.0
997.0 1156.5 1316.0
997.0 1156.5 1316.0
997.0 1156.5 1316.0
997.0 1156.5 1316.0
997.0 1156.5 1316.0
997.0 1156.5 1316.0
997.0 1156.5 1316.0
997.0 1156.5 1316.0
997.0 1156.5 1316.0
997.0 1156.5 1316.0
997.0 1156.5 1316.0
997.0 1156.5 1316.0
997.0 1156.5 1316.0
997.0 1156.5 1316.0
997.0 1156.5 1316.0
997.0 1156.5 1316.0
997.0 1156.5 1316.0
997.0 1156.5 1316.0
997.0 1156.5 1316.0
997.0 1156.5 1316.0
997.0 1156.5 1316.0
997.0 1156.5 1316.0
997.0 1156.5 1316.0
997.0 1156.5 1316.0
997.0 1156.5 1316.0
997.0 1156.5 1316.0
997.0 1156.5 1316.0
997.0 1156.5 1316.0
997.0 1156.5 1316.0
997.0 1156.5 1316.0
997.0 1156.5 1316.0
997.0 1156.5 1316.0
997.0 1156.5 1316.0
997.0 1156.5 1316.0
997.0 1156.5 1316.0
997.0 1134.5 1272.0
997.0 1134.5 1272.0
997.0 1134.5 1272.0
997.0 1134.5 1272.0
997.0 1134.5 1272.0
997.0 1134.5 1272.0
997.0 1134.5 1272.0
997.0 1134.5 1272.0
997.0 1134.5 1272.0
997.0 1134.5 1272.0
997.0 1134.5 1272.0
997.0 1134.5 1272.0
997.0 1134.5 1272.0
997.0 1134.5 1272.0
997.0 1134.5 1272.0
997.0 1134.5 1272.0
997.0 1134.5 1272.0
997.0 1134.5 1272.0
997.0 1134.5 1272.0
997.0 1134.5 1272.0
997.0 1134.5 1272.0
997.0 1134.5 1272.0
997.0 1134.5 1272.0
997.0 1134.5 1272.0
997.0 1134.5 1272.0
997.0 1134.5 1272.0
997.0 1134.5 1272.0
997.0 1134.5 1272.0
997.0 1134.5 1272.0
997.0 1134.5 1272.0
997.0 1134.5 1272.0
997.0 1134.5 1272.0
997.0 1134.5 1272.0
997.0 1134.5 1272.0
997.0 1134.5 1272.0
997.0 1134.5 1272.0
997.0 1134.5 1272.0
997.0 1134.5 1272.0
997.0 1134.5 1272.0
997.0 1134.5 1272.0
997.0 1134.5 1272.0
997.0 1134.5 1272.0
997.0 1134.5 1272.0
997.0 1134.5 1272.0
997.0 1134.5 1272.0
997.0 1134.5 1272.0
997.0 1134.5 1272.0
997.0 1134.5 1272.0
997.0 1134.5 1272.0
997.0 1134.5 1272.0
997.0 1134.5 1272.0
997.0 1134.5 1272.0
997.0 1134.5 1272.0
997.0 1134.5 1272.0
997.0 1134.5 1272.0
997.0 1134.5 1272.0
997.0 1134.5 1272.0
997.0 1134.5 1272.0
997.0 1134.5 1272.0
997.0 1134.5 1272.0
997.0 1134.5 1272.0
997.0 1134.5 1272.0
997.0 1134.5 1272.0
997.0 1134.5 1272.0
997.0 1134.5 1272.0
997.0 1134.5 1272.0
997.0 1134.5 1272.0
997.0 1173.0 1349.0
955.0 976.0 997.0
899.0 948.0 997.0
899.0 948.0 997.0
899.0 948.0 997.0
899.0 948.0 997.0
899.0 948.0 997.0
899.0 948.0 997.0
899.0 948.0 997.0
899.0 948.0 997.0
