11803.0 13122.5 14442.0
11710.0 12337.0 12964.0
8574.0 9488.0 10402.0
8465.0 8867.5 9270.0
5673.0 5973.0 6273.0
6273.0 6329.5 6386.0
4811.0 4968.5 5126.0
3921.0 4130.0 4339.0
2912.0 3625.5 4339.0
2912.0 3268.5 3625.0
2214.0 2747.0 3280.0
1969.0 2127.5 2286.0
1969.0 2127.5 2286.0
1969.0 2243.0 2517.0
1969.0 2243.0 2517.0
1969.0 2243.0 2517.0
1851.0 1910.0 1969.0
1243.0 1606.0 1969.0
1184.0 1576.5 1969.0
1062.0 1515.5 1969.0
1062.0 1515.5 1969.0
1062.0 1515.5 1969.0
1062.0 1515.5 1969.0
1062.0 1515.5 1969.0
1062.0 1515.5 1969.0
1062.0 1515.5 1969.0
1062.0 1515.5 1969.0
1062.0 1515.5 1969.0
1062.0 1515.5 1969.0
1062.0 1515.5 1969.0
1062.0 1515.5 1969.0
1062.0 1515.5 1969.0
1062.0 1515.5 1969.0
1062.0 1515.5 1969.0
1062.0 1515.5 1969.0
1062.0 1515.5 1969.0
1062.0 1515.5 1969.0
1062.0 1515.5 1969.0
1062.0 1515.5 1969.0
1062.0 1515.5 1969.0
1062.0 1515.5 1969.0
1062.0 1515.5 1969.0
1062.0 1515.5 1969.0
1062.0 1515.5 1969.0
1062.0 1515.5 1969.0
1062.0 1515.5 1969.0
1062.0 1515.5 1969.0
1062.0 1515.5 1969.0
1062.0 1515.5 1969.0
1062.0 1515.5 1969.0
1062.0 1515.5 1969.0
1062.0 1515.5 1969.0
1062.0 1515.5 1969.0
1062.0 1515.5 1969.0
1062.0 1515.5 1969.0
1062.0 1515.5 1969.0
1062.0 1515.5 1969.0
1062.0 1515.5 1969.0
1062.0 1515.5 1969.0
1062.0 1515.5 1969.0
1062.0 1515.5 1969.0
1062.0 1515.5 1969.0
1062.0 1515.5 1969.0
1062.0 1515.5 1969.0
1062.0 1515.5 1969.0
1062.0 1515.5 1969.0
1062.0 1515.5 1969.0
1062.0 1515.5 1969.0
1062.0 1515.5 1969.0
1062.0 1515.5 1969.0
1062.0 1515.5 1969.0
1062.0 1515.5 1969.0
1062.0 1515.5 1969.0
1062.0 1515.5 1969.0
1062.0 1515.5 1969.0
1062.0 1515.5 1969.0
1062.0 1515.5 1969.0
1062.0 1515.5 1969.0
1062.0 1515.5 1969.0
1062.0 1515.5 1969.0
1062.0 1515.5 1969.0
1062.0 1515.5 1969.0
1062.0 1515.5 1969.0
1062.0 1515.5 1969.0
1062.0 1515.5 1969.0
1062.0 1515.5 1969.0
1062.0 1515.5 1969.0
1062.0 1515.5 1969.0
1062.0 1515.5 1969.0
1062.0 1515.5 1969.0
1062.0 1515.5 1969.0
1062.0 1515.5 1969.0
1062.0 1515.5 1969.0
1062.0 1515.5 1969.0
1062.0 1515.5 1969.0
1062.0 1515.5 1969.0
1062.0 1515.5 1969.0
1062.0 1515.5 1969.0
1062.0 1515.5 1969.0
1062.0 1515.5 1969.0
1062.0 1515.5 1969.0
1062.0 1515.5 1969.0
1062.0 1515.5 1969.0
1062.0 1515.5 1969.0
1062.0 1515.5 1969.0
1062.0 1515.5 1969.0
1062.0 1515.5 1969.0
1062.0 1515.5 1969.0
1062.0 1515.5 1969.0
1062.0 1515.5 1969.0
1062.0 1515.5 1969.0
1062.0 1515.5 1969.0
1062.0 1515.5 1969.0
1062.0 1515.5 1969.0
1062.0 1515.5 1969.0
1062.0 1515.5 1969.0
1062.0 1515.5 1969.0
1062.0 1515.5 1969.0
1062.0 1515.5 1969.0
1062.0 1515.5 1969.0
1062.0 1515.5 1969.0
1062.0 1515.5 1969.0
1062.0 1515.5 1969.0
1062.0 1515.5 1969.0
1062.0 1515.5 1969.0
1062.0 1515.5 1969.0
1062.0 1515.5 1969.0
1062.0 1515.5 1969.0
1062.0 1515.5 1969.0
1062.0 1515.5 1969.0
1062.0 1515.5 1969.0
1062.0 1515.5 1969.0
1062.0 1515.5 1969.0
1062.0 1515.5 1969.0
1062.0 1515.5 1969.0
1062.0 1515.5 1969.0
1062.0 1515.5 1969.0
1062.0 1515.5 1969.0
1062.0 1515.5 1969.0
1062.0 1515.5 1969.0
1062.0 1515.5 1969.0
1062.0 1515.5 1969.0
1062.0 1515.5 1969.0
1062.0 1515.5 1969.0
1062.0 1515.5 1969.0
1062.0 1515.5 1969.0
1062.0 1515.5 1969.0
1062.0 1564.0 2066.0
1062.0 1391.5 1721.0
1062.0 1391.5 1721.0
1062.0 1391.5 1721.0
1062.0 1391.5 1721.0
1062.0 1391.5 1721.0
1062.0 1391.5 1721.0
1062.0 1391.5 1721.0
1062.0 1391.5 1721.0
1062.0 1391.5 1721.0
1062.0 1391.5 1721.0
837.0 949.5 1062.0
837.0 949.5 1062.0
837.0 949.5 1062.0
837.0 949.5 1062.0
837.0 949.5 1062.0
837.0 949.5 1062.0
837.0 949.5 1062.0
837.0 949.5 1062.0
837.0 949.5 1062.0
837.0 949.5 1062.0
837.0 949.5 1062.0
837.0 949.5 1062.0
837.0 949.5 1062.0
837.0 949.5 1062.0
837.0 949.5 1062.0
837.0 949.5 1062.0
837.0 949.5 1062.0
837.0 949.5 1062.0
837.0 949.5 1062.0
837.0 949.5 1062.0
837.0 949.5 1062.0
837.0 949.5 1062.0
837.0 949.5 1062.0
837.0 949.5 1062.0
837.0 949.5 1062.0
837.0 949.5 1062.0
837.0 949.5 1062.0
837.0 949.5 1062.0
837.0 949.5 1062.0
837.0 949.5 1062.0
837.0 949.5 1062.0
837.0 949.5 1062.0
837.0 949.5 1062.0
837.0 949.5 1062.0
837.0 949.5 1062.0
837.0 949.5 1062.0
837.0 949.5 1062.0
837.0 949.5 1062.0
837.0 949.5 1062.0
837.0 949.5 1062.0
837.0 949.5 1062.0
837.0 949.5 1062.0
