12249.0 13010.0 13771.0
9036.0 9755.0 10474.0
7039.0 7942.0 8845.0
5686.0 6595.5 7505.0
4568.0 4651.0 4734.0
3083.0 3682.5 4282.0
2649.0 2653.0 2657.0
2657.0 2723.0 2789.0
2547.0 2668.0 2789.0
1624.0 1705.5 1787.0
1624.0 1705.5 1787.0
1589.0 1688.0 1787.0
1624.0 1705.5 1787.0
1624.0 1705.5 1787.0
1624.0 1705.5 1787.0
1624.0 1705.5 1787.0
1624.0 1705.5 1787.0
1624.0 1705.5 1787.0
1624.0 1705.5 1787.0
1787.0 1902.5 2018.0
1787.0 1902.5 2018.0
1147.0 1467.0 1787.0
1052.0 1419.5 1787.0
1052.0 1391.0 1730.0
1052.0 1405.5 1759.0
1052.0 1405.5 1759.0
1052.0 1326.0 1600.0
1052.0 1326.0 1600.0
1052.0 1207.5 1363.0
1052.0 1207.5 1363.0
1052.0 1207.5 1363.0
1052.0 1207.5 1363.0
1052.0 1207.5 1363.0
1052.0 1207.5 1363.0
1052.0 1207.5 1363.0
1052.0 1207.5 1363.0
1052.0 1207.5 1363.0
1052.0 1207.5 1363.0
1052.0 1207.5 1363.0
1052.0 1207.5 1363.0
1052.0 1207.5 1363.0
1052.0 1207.5 1363.0
1052.0 1207.5 1363.0
1052.0 1207.5 1363.0
1052.0 1207.5 1363.0
1052.0 1207.5 1363.0
1052.0 1207.5 1363.0
1052.0 1207.5 1363.0
1052.0 1207.5 1363.0
1052.0 1207.5 1363.0
1052.0 1207.5 1363.0
1052.0 1207.5 1363.0
1052.0 1207.5 1363.0
1052.0 1207.5 1363.0
1052.0 1207.5 1363.0
1052.0 1207.5 1363.0
1052.0 1207.5 1363.0
1052.0 1207.5 1363.0
1052.0 1207.5 1363.0
1052.0 1207.5 1363.0
1052.0 1207.5 1363.0
1052.0 1207.5 1363.0
1052.0 1207.5 1363.0
1052.0 1207.5 1363.0
1052.0 1207.5 1363.0
1052.0 1207.5 1363.0
1052.0 1207.5 1363.0
1052.0 1207.5 1363.0
1052.0 1207.5 1363.0
1052.0 1207.5 1363.0
1052.0 1207.5 1363.0
1052.0 1207.5 1363.0
1052.0 1207.5 1363.0
1052.0 1207.5 1363.0
1052.0 1207.5 1363.0
1052.0 1207.5 1363.0
1052.0 1207.5 1363.0
1052.0 1207.5 1363.0
1052.0 1207.5 1363.0
1052.0 1207.5 1363.0
1052.0 1207.5 1363.0
1052.0 1207.5 1363.0
1052.0 1207.5 1363.0
1052.0 1207.5 1363.0
1052.0 1207.5 1363.0
1052.0 1207.5 1363.0
1052.0 1207.5 1363.0
1052.0 1207.5 1363.0
1052.0 1207.5 1363.0
1052.0 1207.5 1363.0
1052.0 1207.5 1363.0
1052.0 1207.5 1363.0
1052.0 1207.5 1363.0
1052.0 1207.5 1363.0
1052.0 1207.5 1363.0
1052.0 1207.5 1363.0
1052.0 1207.5 1363.0
1052.0 1207.5 1363.0
1052.0 1207.5 1363.0
1052.0 1207.5 1363.0
1052.0 1207.5 1363.0
1052.0 1207.5 1363.0
1052.0 1207.5 1363.0
1052.0 1207.5 1363.0
1052.0 1207.5 1363.0
1052.0 1207.5 1363.0
1052.0 1207.5 1363.0
1052.0 1207.5 1363.0
1052.0 1207.5 1363.0
1052.0 1207.5 1363.0
1052.0 1207.5 1363.0
1052.0 1207.5 1363.0
1052.0 1207.5 1363.0
1052.0 1207.5 1363.0
1052.0 1207.5 1363.0
1052.0 1207.5 1363.0
1052.0 1207.5 1363.0
1052.0 1207.5 1363.0
1052.0 1207.5 1363.0
1052.0 1207.5 1363.0
1052.0 1207.5 1363.0
1052.0 1161.0 1270.0
1052.0 1161.0 1270.0
984.0 1018.0 1052.0
984.0 1018.0 1052.0
984.0 1018.0 1052.0
984.0 1018.0 1052.0
984.0 1018.0 1052.0
984.0 1018.0 1052.0
984.0 1018.0 1052.0
984.0 1018.0 1052.0
984.0 1018.0 1052.0
984.0 1018.0 1052.0
984.0 1018.0 1052.0
984.0 1018.0 1052.0
984.0 1018.0 1052.0
984.0 1018.0 1052.0
984.0 1018.0 1052.0
984.0 1018.0 1052.0
984.0 1018.0 1052.0
984.0 1018.0 1052.0
984.0 1018.0 1052.0
984.0 1018.0 1052.0
984.0 1018.0 1052.0
984.0 1018.0 1052.0
984.0 1018.0 1052.0
984.0 1018.0 1052.0
984.0 1018.0 1052.0
984.0 1018.0 1052.0
984.0 1018.0 1052.0
984.0 1018.0 1052.0
984.0 1018.0 1052.0
984.0 1018.0 1052.0
984.0 1018.0 1052.0
984.0 1018.0 1052.0
984.0 1018.0 1052.0
984.0 1018.0 1052.0
984.0 1018.0 1052.0
984.0 1018.0 1052.0
984.0 1018.0 1052.0
984.0 1018.0 1052.0
984.0 1018.0 1052.0
984.0 1018.0 1052.0
984.0 1018.0 1052.0
984.0 1018.0 1052.0
984.0 1018.0 1052.0
984.0 1018.0 1052.0
984.0 1018.0 1052.0
984.0 1018.0 1052.0
984.0 1018.0 1052.0
984.0 1018.0 1052.0
984.0 1018.0 1052.0
984.0 1018.0 1052.0
984.0 1018.0 1052.0
984.0 1018.0 1052.0
984.0 1018.0 1052.0
984.0 1018.0 1052.0
984.0 1018.0 1052.0
984.0 1018.0 1052.0
984.0 1018.0 1052.0
984.0 1018.0 1052.0
984.0 1018.0 1052.0
984.0 1018.0 1052.0
984.0 1018.0 1052.0
984.0 1018.0 1052.0
984.0 1018.0 1052.0
984.0 1018.0 1052.0
984.0 1018.0 1052.0
984.0 1018.0 1052.0
984.0 1018.0 1052.0
984.0 1018.0 1052.0
984.0 1018.0 1052.0
984.0 1018.0 1052.0
984.0 1018.0 1052.0
984.0 1018.0 1052.0
984.0 1018.0 1052.0
984.0 1018.0 1052.0
984.0 1018.0 1052.0
984.0 1018.0 1052.0
984.0 1018.0 1052.0
