11769.0 12472.0 13175.0
11923.0 12064.5 12206.0
8489.0 9170.0 9851.0
7539.0 7803.5 8068.0
5925.0 6501.5 7078.0
4313.0 5244.5 6176.0
3994.0 4357.5 4721.0
3521.0 4125.5 4730.0
3039.0 3280.0 3521.0
2674.0 2771.0 2868.0
2674.0 2811.5 2949.0
2674.0 2827.5 2981.0
2674.0 2756.5 2839.0
2708.0 2773.5 2839.0
2047.0 2443.0 2839.0
2047.0 2443.0 2839.0
2047.0 2443.0 2839.0
2047.0 2443.0 2839.0
2047.0 2443.0 2839.0
2047.0 2443.0 2839.0
2047.0 2443.0 2839.0
2047.0 2443.0 2839.0
2047.0 2443.0 2839.0
2047.0 2443.0 2839.0
2047.0 2165.0 2283.0
2047.0 2165.0 2283.0
1805.0 1926.0 2047.0
1805.0 1926.0 2047.0
1805.0 1926.0 2047.0
1805.0 1926.0 2047.0
1805.0 1926.0 2047.0
1805.0 1926.0 2047.0
1805.0 1926.0 2047.0
1805.0 1926.0 2047.0
1805.0 1926.0 2047.0
1805.0 1926.0 2047.0
1805.0 1926.0 2047.0
1805.0 1926.0 2047.0
1805.0 1926.0 2047.0
1805.0 1926.0 2047.0
1805.0 1926.0 2047.0
1805.0 1926.0 2047.0
1805.0 1926.0 2047.0
1805.0 1926.0 2047.0
1626.0 1836.5 2047.0
1275.0 1661.0 2047.0
1275.0 1661.0 2047.0
1275.0 1580.0 1885.0
1275.0 1376.0 1477.0
1275.0 1376.0 1477.0
1275.0 1376.0 1477.0
1275.0 1376.0 1477.0
1275.0 1376.0 1477.0
1275.0 1376.0 1477.0
1275.0 1376.0 1477.0
1275.0 1376.0 1477.0
1275.0 1376.0 1477.0
1275.0 1376.0 1477.0
1275.0 1376.0 1477.0
1275.0 1376.0 1477.0
1275.0 1376.0 1477.0
1275.0 1376.0 1477.0
1275.0 1376.0 1477.0
1275.0 1376.0 1477.0
1275.0 1376.0 1477.0
1275.0 1376.0 1477.0
1275.0 1376.0 1477.0
1275.0 1376.0 1477.0
1275.0 1376.0 1477.0
1275.0 1376.0 1477.0
1275.0 1376.0 1477.0
1275.0 1376.0 1477.0
1275.0 1376.0 1477.0
1275.0 1376.0 1477.0
1259.0 1267.0 1275.0
1259.0 1267.0 1275.0
1259.0 1267.0 1275.0
1259.0 1267.0 1275.0
1259.0 1267.0 1275.0
1259.0 1267.0 1275.0
1259.0 1267.0 1275.0
1259.0 1267.0 1275.0
1259.0 1267.0 1275.0
1259.0 1267.0 1275.0
1259.0 1267.0 1275.0
1259.0 1267.0 1275.0
1259.0 1267.0 1275.0
1259.0 1267.0 1275.0
1259.0 1267.0 1275.0
1259.0 1267.0 1275.0
1259.0 1267.0 1275.0
1259.0 1267.0 1275.0
1259.0 1267.0 1275.0
1259.0 1267.0 1275.0
1259.0 1267.0 1275.0
1259.0 1267.0 1275.0
1259.0 1267.0 1275.0
1259.0 1267.0 1275.0
1259.0 1267.0 1275.0
1259.0 1267.0 1275.0
1259.0 1267.0 1275.0
1259.0 1267.0 1275.0
1259.0 1267.0 1275.0
1259.0 1267.0 1275.0
1259.0 1267.0 1275.0
1259.0 1267.0 1275.0
1259.0 1267.0 1275.0
1259.0 1267.0 1275.0
1259.0 1267.0 1275.0
1259.0 1267.0 1275.0
1259.0 1267.0 1275.0
1259.0 1267.0 1275.0
1259.0 1267.0 1275.0
1259.0 1267.0 1275.0
1259.0 1267.0 1275.0
1259.0 1267.0 1275.0
1259.0 1267.0 1275.0
1259.0 1267.0 1275.0
1259.0 1267.0 1275.0
1259.0 1267.0 1275.0
1259.0 1267.0 1275.0
1259.0 1267.0 1275.0
1259.0 1267.0 1275.0
1259.0 1267.0 1275.0
1259.0 1267.0 1275.0
1259.0 1267.0 1275.0
1259.0 1267.0 1275.0
1259.0 1267.0 1275.0
1259.0 1267.0 1275.0
1259.0 1267.0 1275.0
1259.0 1267.0 1275.0
1259.0 1267.0 1275.0
1259.0 1267.0 1275.0
1259.0 1267.0 1275.0
1259.0 1267.0 1275.0
1259.0 1267.0 1275.0
1259.0 1267.0 1275.0
1259.0 1267.0 1275.0
1259.0 1267.0 1275.0
1259.0 1267.0 1275.0
1259.0 1267.0 1275.0
1259.0 1267.0 1275.0
1259.0 1267.0 1275.0
1259.0 1267.0 1275.0
1259.0 1267.0 1275.0
1259.0 1267.0 1275.0
1259.0 1267.0 1275.0
1259.0 1267.0 1275.0
1259.0 1267.0 1275.0
1259.0 1267.0 1275.0
1259.0 1267.0 1275.0
1259.0 1267.0 1275.0
1259.0 1267.0 1275.0
1259.0 1267.0 1275.0
1259.0 1267.0 1275.0
1259.0 1267.0 1275.0
1259.0 1267.0 1275.0
1259.0 1267.0 1275.0
1259.0 1267.0 1275.0
1259.0 1267.0 1275.0
1259.0 1267.0 1275.0
1259.0 1267.0 1275.0
1259.0 1267.0 1275.0
1259.0 1267.0 1275.0
1259.0 1267.0 1275.0
1259.0 1267.0 1275.0
1259.0 1267.0 1275.0
1259.0 1267.0 1275.0
1259.0 1267.0 1275.0
1259.0 1267.0 1275.0
1259.0 1267.0 1275.0
1259.0 1267.0 1275.0
1259.0 1267.0 1275.0
1259.0 1267.0 1275.0
1259.0 1267.0 1275.0
1259.0 1267.0 1275.0
1259.0 1267.0 1275.0
1259.0 1267.0 1275.0
1259.0 1267.0 1275.0
1259.0 1267.0 1275.0
1259.0 1267.0 1275.0
1259.0 1267.0 1275.0
1259.0 1267.0 1275.0
1259.0 1267.0 1275.0
1259.0 1267.0 1275.0
1259.0 1267.0 1275.0
1259.0 1267.0 1275.0
1259.0 1267.0 1275.0
1259.0 1267.0 1275.0
1259.0 1267.0 1275.0
1259.0 1267.0 1275.0
1259.0 1267.0 1275.0
1259.0 1267.0 1275.0
1259.0 1267.0 1275.0
1259.0 1267.0 1275.0
1259.0 1267.0 1275.0
1259.0 1267.0 1275.0
1259.0 1267.0 1275.0
1259.0 1267.0 1275.0
1259.0 1267.0 1275.0
