10676.0 11315.0 11954.0
8731.0 9917.0 11103.0
5892.0 6542.0 7192.0
4492.0 5537.0 6582.0
4148.0 4325.5 4503.0
3107.0 4253.5 5400.0
3132.0 3156.5 3181.0
2032.0 2166.0 2300.0
2300.0 2450.5 2601.0
1961.0 2130.5 2300.0
1694.0 1997.0 2300.0
1105.0 1702.5 2300.0
1105.0 1702.5 2300.0
1105.0 1702.5 2300.0
1105.0 1702.5 2300.0
1105.0 1702.5 2300.0
1105.0 1702.5 2300.0
1105.0 1702.5 2300.0
1105.0 1702.5 2300.0
1105.0 1702.5 2300.0
1105.0 1702.5 2300.0
1105.0 1702.5 2300.0
1105.0 1702.5 2300.0
1105.0 1597.0 2089.0
1105.0 1374.5 1644.0
1105.0 1213.0 1321.0
1105.0 1170.0 1235.0
1105.0 1170.0 1235.0
1105.0 1170.0 1235.0
1105.0 1170.0 1235.0
1105.0 1142.0 1179.0
1105.0 1142.0 1179.0
930.0 1017.5 1105.0
930.0 1017.5 1105.0
930.0 1017.5 1105.0
930.0 1017.5 1105.0
930.0 1017.5 1105.0
930.0 1017.5 1105.0
930.0 1017.5 1105.0
930.0 1017.5 1105.0
930.0 1017.5 1105.0
930.0 1017.5 1105.0
930.0 1017.5 1105.0
930.0 1017.5 1105.0
930.0 1017.5 1105.0
930.0 1017.5 1105.0
930.0 1017.5 1105.0
930.0 1017.5 1105.0
930.0 1017.5 1105.0
930.0 1017.5 1105.0
930.0 1017.5 1105.0
930.0 1017.5 1105.0
930.0 1017.5 1105.0
930.0 1017.5 1105.0
930.0 1017.5 1105.0
930.0 1017.5 1105.0
930.0 1017.5 1105.0
930.0 1017.5 1105.0
930.0 1017.5 1105.0
930.0 1017.5 1105.0
930.0 1017.5 1105.0
930.0 1017.5 1105.0
930.0 1017.5 1105.0
930.0 1017.5 1105.0
930.0 1017.5 1105.0
930.0 1017.5 1105.0
930.0 1017.5 1105.0
930.0 1017.5 1105.0
930.0 1017.5 1105.0
930.0 1017.5 1105.0
930.0 1017.5 1105.0
930.0 1017.5 1105.0
930.0 1017.5 1105.0
930.0 1017.5 1105.0
930.0 1017.5 1105.0
930.0 1017.5 1105.0
930.0 1017.5 1105.0
930.0 1017.5 1105.0
930.0 1017.5 1105.0
930.0 1017.5 1105.0
930.0 1017.5 1105.0
930.0 1017.5 1105.0
930.0 1017.5 1105.0
930.0 1017.5 1105.0
930.0 1017.5 1105.0
930.0 1017.5 1105.0
930.0 1017.5 1105.0
930.0 1017.5 1105.0
930.0 1017.5 1105.0
930.0 1017.5 1105.0
930.0 1017.5 1105.0
930.0 1017.5 1105.0
930.0 1017.5 1105.0
930.0 1017.5 1105.0
930.0 1017.5 1105.0
930.0 1017.5 1105.0
930.0 1017.5 1105.0
930.0 1017.5 1105.0
930.0 1017.5 1105.0
930.0 1017.5 1105.0
930.0 1017.5 1105.0
930.0 1017.5 1105.0
930.0 1017.5 1105.0
930.0 1017.5 1105.0
930.0 1017.5 1105.0
930.0 1017.5 1105.0
930.0 1017.5 1105.0
930.0 1017.5 1105.0
930.0 1017.5 1105.0
930.0 1017.5 1105.0
930.0 1017.5 1105.0
930.0 1017.5 1105.0
930.0 1017.5 1105.0
930.0 1017.5 1105.0
930.0 1017.5 1105.0
930.0 1017.5 1105.0
930.0 1017.5 1105.0
930.0 1017.5 1105.0
930.0 1017.5 1105.0
930.0 1017.5 1105.0
930.0 1017.5 1105.0
930.0 1017.5 1105.0
930.0 1017.5 1105.0
930.0 1017.5 1105.0
930.0 1017.5 1105.0
930.0 1017.5 1105.0
930.0 1017.5 1105.0
930.0 1017.5 1105.0
930.0 1017.5 1105.0
930.0 1017.5 1105.0
930.0 1017.5 1105.0
930.0 1017.5 1105.0
930.0 1017.5 1105.0
930.0 1017.5 1105.0
930.0 1017.5 1105.0
930.0 1017.5 1105.0
930.0 1017.5 1105.0
930.0 1017.5 1105.0
930.0 1017.5 1105.0
930.0 1017.5 1105.0
930.0 1017.5 1105.0
930.0 1017.5 1105.0
930.0 1017.5 1105.0
930.0 1017.5 1105.0
930.0 1017.5 1105.0
930.0 1017.5 1105.0
930.0 1017.5 1105.0
930.0 1017.5 1105.0
930.0 1017.5 1105.0
930.0 1017.5 1105.0
930.0 1017.5 1105.0
930.0 1017.5 1105.0
930.0 1017.5 1105.0
930.0 1017.5 1105.0
930.0 1017.5 1105.0
930.0 1017.5 1105.0
930.0 1017.5 1105.0
930.0 1017.5 1105.0
930.0 1017.5 1105.0
930.0 1017.5 1105.0
930.0 1017.5 1105.0
930.0 1017.5 1105.0
930.0 1017.5 1105.0
930.0 1017.5 1105.0
930.0 1017.5 1105.0
930.0 1017.5 1105.0
930.0 1017.5 1105.0
930.0 1017.5 1105.0
930.0 1017.5 1105.0
930.0 1017.5 1105.0
930.0 1017.5 1105.0
930.0 1017.5 1105.0
930.0 1017.5 1105.0
930.0 1017.5 1105.0
930.0 1017.5 1105.0
930.0 1017.5 1105.0
930.0 1017.5 1105.0
930.0 1017.5 1105.0
930.0 1017.5 1105.0
930.0 1017.5 1105.0
930.0 1017.5 1105.0
930.0 1017.5 1105.0
930.0 1017.5 1105.0
930.0 1017.5 1105.0
930.0 1017.5 1105.0
930.0 1017.5 1105.0
930.0 1017.5 1105.0
930.0 1017.5 1105.0
930.0 1017.5 1105.0
930.0 1017.5 1105.0
930.0 1017.5 1105.0
930.0 1017.5 1105.0
930.0 1017.5 1105.0
930.0 1017.5 1105.0
930.0 1017.5 1105.0
930.0 1017.5 1105.0
930.0 1017.5 1105.0
930.0 1017.5 1105.0
930.0 1017.5 1105.0
930.0 1017.5 1105.0
