8311.0 10077.0 11843.0
7493.0 8331.0 9169.0
6538.0 7384.0 8230.0
5289.0 6028.0 6767.0
3049.0 3839.5 4630.0
3049.0 3168.0 3287.0
2906.0 3096.5 3287.0
1896.0 2153.5 2411.0
2068.0 2239.5 2411.0
1828.0 1948.0 2068.0
1828.0 2072.5 2317.0
1519.0 1918.0 2317.0
1519.0 1918.0 2317.0
1450.0 1883.5 2317.0
1450.0 1883.5 2317.0
1450.0 1883.5 2317.0
1450.0 1883.5 2317.0
979.0 1214.5 1450.0
979.0 1214.5 1450.0
979.0 1214.5 1450.0
979.0 1214.5 1450.0
979.0 1214.5 1450.0
979.0 1214.5 1450.0
979.0 1214.5 1450.0
979.0 1214.5 1450.0
979.0 1214.5 1450.0
979.0 1214.5 1450.0
979.0 1214.5 1450.0
979.0 1214.5 1450.0
979.0 1214.5 1450.0
979.0 1214.5 1450.0
979.0 1214.5 1450.0
979.0 1214.5 1450.0
979.0 1214.5 1450.0
979.0 1214.5 1450.0
979.0 1214.5 1450.0
979.0 1214.5 1450.0
979.0 1214.5 1450.0
979.0 1214.5 1450.0
979.0 1214.5 1450.0
979.0 1214.5 1450.0
979.0 1214.5 1450.0
979.0 1214.5 1450.0
979.0 1214.5 1450.0
979.0 1214.5 1450.0
979.0 1214.5 1450.0
979.0 1214.5 1450.0
979.0 1214.5 1450.0
979.0 1214.5 1450.0
979.0 1214.5 1450.0
979.0 1214.5 1450.0
979.0 1214.5 1450.0
979.0 1214.5 1450.0
979.0 1214.5 1450.0
979.0 1214.5 1450.0
979.0 1214.5 1450.0
979.0 1214.5 1450.0
979.0 1214.5 1450.0
979.0 1214.5 1450.0
979.0 1214.5 1450.0
979.0 1214.5 1450.0
979.0 1214.5 1450.0
979.0 1214.5 1450.0
979.0 1214.5 1450.0
979.0 1214.5 1450.0
979.0 1214.5 1450.0
979.0 1214.5 1450.0
979.0 1214.5 1450.0
979.0 1214.5 1450.0
979.0 1214.5 1450.0
979.0 1214.5 1450.0
979.0 1214.5 1450.0
979.0 1214.5 1450.0
979.0 1214.5 1450.0
979.0 1214.5 1450.0
979.0 1214.5 1450.0
979.0 1214.5 1450.0
979.0 1214.5 1450.0
979.0 1214.5 1450.0
979.0 1214.5 1450.0
979.0 1214.5 1450.0
979.0 1214.5 1450.0
979.0 1214.5 1450.0
979.0 1214.5 1450.0
979.0 1214.5 1450.0
979.0 1214.5 1450.0
979.0 1214.5 1450.0
979.0 1214.5 1450.0
979.0 1214.5 1450.0
979.0 1214.5 1450.0
979.0 1214.5 1450.0
979.0 1214.5 1450.0
979.0 1214.5 1450.0
979.0 1214.5 1450.0
979.0 1214.5 1450.0
979.0 1214.5 1450.0
979.0 1214.5 1450.0
979.0 1214.5 1450.0
979.0 1214.5 1450.0
979.0 1214.5 1450.0
979.0 1214.5 1450.0
979.0 1141.5 1304.0
979.0 1141.5 1304.0
1121.0 1147.5 1174.0
1121.0 1191.5 1262.0
1121.0 1191.5 1262.0
1121.0 1191.5 1262.0
1121.0 1191.5 1262.0
1121.0 1191.5 1262.0
1121.0 1191.5 1262.0
1121.0 1191.5 1262.0
1121.0 1191.5 1262.0
1121.0 1191.5 1262.0
1121.0 1191.5 1262.0
1121.0 1191.5 1262.0
1121.0 1191.5 1262.0
1121.0 1191.5 1262.0
1121.0 1191.5 1262.0
1121.0 1191.5 1262.0
1121.0 1191.5 1262.0
1121.0 1191.5 1262.0
1121.0 1191.5 1262.0
1121.0 1191.5 1262.0
1121.0 1191.5 1262.0
1121.0 1191.5 1262.0
1121.0 1191.5 1262.0
1121.0 1191.5 1262.0
1121.0 1191.5 1262.0
1121.0 1191.5 1262.0
1121.0 1191.5 1262.0
1121.0 1191.5 1262.0
1121.0 1191.5 1262.0
1121.0 1191.5 1262.0
1121.0 1191.5 1262.0
1121.0 1191.5 1262.0
1121.0 1191.5 1262.0
1121.0 1191.5 1262.0
1121.0 1191.5 1262.0
1121.0 1191.5 1262.0
1121.0 1191.5 1262.0
1121.0 1191.5 1262.0
1121.0 1191.5 1262.0
1121.0 1191.5 1262.0
1121.0 1191.5 1262.0
1121.0 1191.5 1262.0
1121.0 1191.5 1262.0
1121.0 1191.5 1262.0
1121.0 1191.5 1262.0
1121.0 1191.5 1262.0
1121.0 1191.5 1262.0
1121.0 1191.5 1262.0
1121.0 1191.5 1262.0
1121.0 1191.5 1262.0
1121.0 1191.5 1262.0
1121.0 1191.5 1262.0
1121.0 1191.5 1262.0
1121.0 1191.5 1262.0
1121.0 1191.5 1262.0
1121.0 1191.5 1262.0
1121.0 1191.5 1262.0
1121.0 1191.5 1262.0
1121.0 1191.5 1262.0
1121.0 1191.5 1262.0
1121.0 1191.5 1262.0
1121.0 1191.5 1262.0
1121.0 1191.5 1262.0
1121.0 1191.5 1262.0
1121.0 1191.5 1262.0
1121.0 1191.5 1262.0
1121.0 1191.5 1262.0
1121.0 1191.5 1262.0
1121.0 1191.5 1262.0
1121.0 1191.5 1262.0
1121.0 1191.5 1262.0
1121.0 1191.5 1262.0
1121.0 1191.5 1262.0
1121.0 1191.5 1262.0
1121.0 1191.5 1262.0
1121.0 1191.5 1262.0
1121.0 1191.5 1262.0
1121.0 1191.5 1262.0
1121.0 1191.5 1262.0
1121.0 1191.5 1262.0
1121.0 1191.5 1262.0
1121.0 1191.5 1262.0
1121.0 1191.5 1262.0
1121.0 1191.5 1262.0
1121.0 1191.5 1262.0
1121.0 1191.5 1262.0
1121.0 1191.5 1262.0
1121.0 1191.5 1262.0
1121.0 1191.5 1262.0
1121.0 1191.5 1262.0
1121.0 1191.5 1262.0
1121.0 1191.5 1262.0
1121.0 1191.5 1262.0
1121.0 1191.5 1262.0
1121.0 1191.5 1262.0
1121.0 1191.5 1262.0
1121.0 1191.5 1262.0
