12971.0 14854.0 16737.0
11248.0 12850.5 14453.0
9460.0 10849.0 12238.0
9202.0 9737.5 10273.0
7563.0 7857.5 8152.0
6546.0 7507.5 8469.0
6059.0 6633.0 7207.0
5581.0 6035.0 6489.0
4236.0 4704.0 5172.0
4037.0 4115.0 4193.0
4037.0 4115.0 4193.0
4037.0 4115.0 4193.0
3345.0 3691.0 4037.0
3345.0 3465.5 3586.0
3053.0 3199.0 3345.0
3345.0 3364.5 3384.0
2425.0 2885.0 3345.0
1761.0 2553.0 3345.0
1761.0 2553.0 3345.0
1761.0 2553.0 3345.0
1761.0 2553.0 3345.0
1761.0 2553.0 3345.0
1761.0 2553.0 3345.0
1761.0 2365.0 2969.0
1761.0 2365.0 2969.0
1761.0 2365.0 2969.0
1761.0 2365.0 2969.0
1761.0 2365.0 2969.0
1761.0 2365.0 2969.0
1761.0 2365.0 2969.0
1761.0 2365.0 2969.0
1761.0 2130.0 2499.0
1761.0 2014.5 2268.0
1761.0 2014.5 2268.0
1761.0 2014.5 2268.0
1761.0 2014.5 2268.0
1761.0 2014.5 2268.0
1761.0 2014.5 2268.0
1761.0 2014.5 2268.0
1761.0 2014.5 2268.0
1761.0 2014.5 2268.0
1761.0 2014.5 2268.0
1761.0 2014.5 2268.0
1761.0 2014.5 2268.0
1761.0 2014.5 2268.0
1761.0 2014.5 2268.0
1761.0 2014.5 2268.0
1761.0 2014.5 2268.0
1761.0 2014.5 2268.0
1761.0 2014.5 2268.0
1761.0 2014.5 2268.0
1761.0 2014.5 2268.0
1761.0 2014.5 2268.0
1761.0 2014.5 2268.0
1761.0 2014.5 2268.0
1761.0 2014.5 2268.0
1761.0 2014.5 2268.0
1761.0 2014.5 2268.0
1761.0 2014.5 2268.0
1761.0 2014.5 2268.0
1761.0 2014.5 2268.0
1761.0 2014.5 2268.0
1761.0 2014.5 2268.0
1761.0 2014.5 2268.0
1761.0 2014.5 2268.0
1761.0 2014.5 2268.0
1761.0 2014.5 2268.0
1761.0 2014.5 2268.0
1761.0 2014.5 2268.0
1761.0 2014.5 2268.0
1761.0 2014.5 2268.0
1761.0 2014.5 2268.0
1761.0 2014.5 2268.0
1761.0 2014.5 2268.0
1761.0 2014.5 2268.0
1761.0 2014.5 2268.0
1761.0 2014.5 2268.0
1761.0 2014.5 2268.0
1761.0 2014.5 2268.0
1761.0 2014.5 2268.0
1761.0 2014.5 2268.0
1761.0 2014.5 2268.0
1761.0 2014.5 2268.0
1761.0 2014.5 2268.0
1761.0 2014.5 2268.0
1761.0 2014.5 2268.0
1761.0 2014.5 2268.0
1761.0 2014.5 2268.0
1761.0 2014.5 2268.0
1761.0 1814.0 1867.0
1761.0 1814.0 1867.0
1761.0 1814.0 1867.0
1761.0 1814.0 1867.0
1761.0 1814.0 1867.0
1867.0 1899.0 1931.0
1623.0 1745.0 1867.0
1623.0 1745.0 1867.0
1623.0 1745.0 1867.0
1623.0 1745.0 1867.0
1623.0 1745.0 1867.0
1623.0 1745.0 1867.0
1623.0 1745.0 1867.0
1623.0 1745.0 1867.0
1623.0 1745.0 1867.0
1623.0 1745.0 1867.0
1623.0 1745.0 1867.0
1623.0 1745.0 1867.0
1623.0 1745.0 1867.0
1623.0 1745.0 1867.0
1623.0 1745.0 1867.0
1623.0 1745.0 1867.0
1623.0 1745.0 1867.0
1623.0 1745.0 1867.0
1623.0 1745.0 1867.0
1623.0 1745.0 1867.0
1623.0 1745.0 1867.0
1623.0 1745.0 1867.0
1623.0 1745.0 1867.0
1623.0 1745.0 1867.0
1623.0 1745.0 1867.0
1623.0 1745.0 1867.0
1623.0 1745.0 1867.0
1623.0 1745.0 1867.0
1623.0 1745.0 1867.0
1623.0 1745.0 1867.0
1623.0 1745.0 1867.0
1623.0 1745.0 1867.0
1623.0 1745.0 1867.0
1623.0 1745.0 1867.0
1623.0 1745.0 1867.0
1623.0 1745.0 1867.0
1623.0 1745.0 1867.0
1623.0 1745.0 1867.0
1623.0 1745.0 1867.0
1623.0 1745.0 1867.0
1623.0 1745.0 1867.0
1623.0 1745.0 1867.0
1623.0 1745.0 1867.0
1623.0 1745.0 1867.0
1623.0 1745.0 1867.0
1623.0 1745.0 1867.0
1623.0 1745.0 1867.0
1623.0 1745.0 1867.0
1623.0 1745.0 1867.0
1623.0 1745.0 1867.0
1623.0 1745.0 1867.0
1623.0 1745.0 1867.0
1623.0 1745.0 1867.0
1623.0 1745.0 1867.0
1623.0 1745.0 1867.0
1623.0 1745.0 1867.0
1623.0 1745.0 1867.0
1623.0 1745.0 1867.0
1623.0 1745.0 1867.0
1623.0 1745.0 1867.0
1623.0 1745.0 1867.0
1623.0 1745.0 1867.0
1623.0 1745.0 1867.0
1623.0 1745.0 1867.0
1623.0 1745.0 1867.0
1623.0 1745.0 1867.0
1623.0 1745.0 1867.0
1623.0 1745.0 1867.0
1623.0 1745.0 1867.0
1623.0 1745.0 1867.0
1623.0 1745.0 1867.0
1623.0 1745.0 1867.0
1623.0 1745.0 1867.0
1623.0 1745.0 1867.0
1623.0 1745.0 1867.0
1623.0 1745.0 1867.0
1623.0 1745.0 1867.0
1623.0 1745.0 1867.0
1623.0 1745.0 1867.0
1623.0 1745.0 1867.0
1623.0 1745.0 1867.0
1623.0 1745.0 1867.0
1240.0 1553.5 1867.0
1224.0 1545.5 1867.0
1224.0 1545.5 1867.0
1224.0 1545.5 1867.0
1224.0 1545.5 1867.0
1224.0 1545.5 1867.0
1224.0 1545.5 1867.0
1224.0 1545.5 1867.0
1224.0 1545.5 1867.0
1224.0 1545.5 1867.0
1224.0 1545.5 1867.0
1224.0 1545.5 1867.0
1224.0 1545.5 1867.0
1224.0 1545.5 1867.0
1224.0 1545.5 1867.0
1224.0 1545.5 1867.0
1224.0 1545.5 1867.0
1224.0 1545.5 1867.0
1224.0 1545.5 1867.0
1224.0 1545.5 1867.0
1224.0 1545.5 1867.0
1224.0 1545.5 1867.0
1224.0 1545.5 1867.0
