10428.0 10919.5 11411.0
8900.0 9916.5 10933.0
7510.0 8093.0 8676.0
5017.0 5096.5 5176.0
3967.0 4627.0 5287.0
3024.0 3157.0 3290.0
2288.0 2607.5 2927.0
2644.0 2785.5 2927.0
2322.0 2437.0 2552.0
2322.0 2437.0 2552.0
1642.0 1982.0 2322.0
1259.0 1790.5 2322.0
1259.0 1382.5 1506.0
1259.0 1382.5 1506.0
1259.0 1382.5 1506.0
1259.0 1382.5 1506.0
1259.0 1382.5 1506.0
1259.0 1382.5 1506.0
1259.0 1382.5 1506.0
1259.0 1382.5 1506.0
1259.0 1382.5 1506.0
1259.0 1382.5 1506.0
1259.0 1382.5 1506.0
1259.0 1382.5 1506.0
1259.0 1382.5 1506.0
1259.0 1382.5 1506.0
1259.0 1382.5 1506.0
1259.0 1382.5 1506.0
1259.0 1382.5 1506.0
1259.0 1382.5 1506.0
1259.0 1382.5 1506.0
1259.0 1382.5 1506.0
1259.0 1382.5 1506.0
1259.0 1539.5 1820.0
1259.0 1539.5 1820.0
1259.0 1539.5 1820.0
1259.0 1539.5 1820.0
1259.0 1539.5 1820.0
1259.0 1414.0 1569.0
1096.0 1177.5 1259.0
593.0 926.0 1259.0
593.0 926.0 1259.0
593.0 926.0 1259.0
593.0 926.0 1259.0
593.0 926.0 1259.0
593.0 926.0 1259.0
593.0 926.0 1259.0
593.0 926.0 1259.0
593.0 926.0 1259.0
593.0 926.0 1259.0
593.0 926.0 1259.0
593.0 926.0 1259.0
593.0 926.0 1259.0
593.0 926.0 1259.0
593.0 926.0 1259.0
593.0 926.0 1259.0
593.0 926.0 1259.0
593.0 926.0 1259.0
593.0 926.0 1259.0
593.0 926.0 1259.0
593.0 926.0 1259.0
593.0 926.0 1259.0
593.0 926.0 1259.0
593.0 926.0 1259.0
593.0 926.0 1259.0
593.0 926.0 1259.0
593.0 926.0 1259.0
593.0 926.0 1259.0
593.0 926.0 1259.0
593.0 926.0 1259.0
593.0 926.0 1259.0
593.0 926.0 1259.0
593.0 926.0 1259.0
593.0 926.0 1259.0
593.0 926.0 1259.0
593.0 926.0 1259.0
593.0 926.0 1259.0
593.0 926.0 1259.0
593.0 926.0 1259.0
593.0 926.0 1259.0
593.0 926.0 1259.0
593.0 926.0 1259.0
593.0 926.0 1259.0
593.0 926.0 1259.0
593.0 926.0 1259.0
593.0 926.0 1259.0
593.0 926.0 1259.0
593.0 926.0 1259.0
593.0 926.0 1259.0
593.0 926.0 1259.0
593.0 926.0 1259.0
593.0 926.0 1259.0
593.0 926.0 1259.0
593.0 926.0 1259.0
593.0 926.0 1259.0
593.0 926.0 1259.0
593.0 926.0 1259.0
593.0 926.0 1259.0
593.0 926.0 1259.0
593.0 926.0 1259.0
593.0 926.0 1259.0
593.0 926.0 1259.0
593.0 926.0 1259.0
593.0 926.0 1259.0
593.0 926.0 1259.0
593.0 926.0 1259.0
593.0 926.0 1259.0
593.0 926.0 1259.0
593.0 926.0 1259.0
593.0 926.0 1259.0
593.0 926.0 1259.0
593.0 926.0 1259.0
593.0 926.0 1259.0
593.0 926.0 1259.0
593.0 926.0 1259.0
593.0 926.0 1259.0
593.0 926.0 1259.0
593.0 926.0 1259.0
593.0 926.0 1259.0
593.0 926.0 1259.0
593.0 926.0 1259.0
593.0 926.0 1259.0
593.0 926.0 1259.0
593.0 926.0 1259.0
593.0 926.0 1259.0
593.0 926.0 1259.0
593.0 926.0 1259.0
593.0 926.0 1259.0
593.0 926.0 1259.0
593.0 926.0 1259.0
593.0 926.0 1259.0
593.0 926.0 1259.0
593.0 926.0 1259.0
593.0 926.0 1259.0
593.0 926.0 1259.0
593.0 926.0 1259.0
593.0 926.0 1259.0
593.0 926.0 1259.0
593.0 926.0 1259.0
593.0 926.0 1259.0
593.0 926.0 1259.0
593.0 926.0 1259.0
593.0 926.0 1259.0
593.0 926.0 1259.0
593.0 926.0 1259.0
593.0 926.0 1259.0
593.0 926.0 1259.0
593.0 926.0 1259.0
593.0 926.0 1259.0
593.0 926.0 1259.0
593.0 926.0 1259.0
593.0 926.0 1259.0
593.0 926.0 1259.0
593.0 926.0 1259.0
593.0 926.0 1259.0
593.0 926.0 1259.0
593.0 926.0 1259.0
593.0 926.0 1259.0
593.0 926.0 1259.0
593.0 926.0 1259.0
593.0 926.0 1259.0
593.0 926.0 1259.0
630.0 944.5 1259.0
630.0 944.5 1259.0
630.0 944.5 1259.0
630.0 944.5 1259.0
630.0 944.5 1259.0
630.0 944.5 1259.0
630.0 944.5 1259.0
630.0 944.5 1259.0
630.0 944.5 1259.0
630.0 944.5 1259.0
630.0 944.5 1259.0
630.0 944.5 1259.0
630.0 944.5 1259.0
630.0 944.5 1259.0
630.0 944.5 1259.0
630.0 944.5 1259.0
630.0 944.5 1259.0
630.0 944.5 1259.0
630.0 944.5 1259.0
630.0 944.5 1259.0
630.0 944.5 1259.0
630.0 944.5 1259.0
630.0 944.5 1259.0
630.0 944.5 1259.0
630.0 944.5 1259.0
630.0 944.5 1259.0
630.0 944.5 1259.0
630.0 944.5 1259.0
630.0 944.5 1259.0
630.0 944.5 1259.0
630.0 944.5 1259.0
630.0 944.5 1259.0
630.0 944.5 1259.0
630.0 944.5 1259.0
630.0 944.5 1259.0
630.0 944.5 1259.0
630.0 944.5 1259.0
630.0 944.5 1259.0
