13672.0 13895.0 14118.0
9938.0 10653.0 11368.0
6005.0 7038.5 8072.0
6005.0 7133.5 8262.0
5832.0 6007.5 6183.0
4848.0 4978.5 5109.0
3648.0 3926.0 4204.0
2336.0 2992.0 3648.0
2211.0 3408.5 4606.0
2211.0 2840.0 3469.0
2211.0 2439.0 2667.0
2211.0 2439.0 2667.0
2211.0 2439.0 2667.0
2211.0 2439.0 2667.0
2211.0 2439.0 2667.0
2211.0 2439.0 2667.0
2211.0 2439.0 2667.0
1944.0 2077.5 2211.0
1944.0 2077.5 2211.0
1944.0 2077.5 2211.0
1944.0 2077.5 2211.0
1944.0 2077.5 2211.0
1944.0 2077.5 2211.0
1944.0 2077.5 2211.0
1944.0 2077.5 2211.0
1944.0 2077.5 2211.0
1944.0 2077.5 2211.0
1944.0 2077.5 2211.0
1944.0 2077.5 2211.0
1944.0 2077.5 2211.0
1944.0 2077.5 2211.0
1944.0 2077.5 2211.0
1944.0 2077.5 2211.0
1944.0 2077.5 2211.0
1944.0 2077.5 2211.0
1944.0 2077.5 2211.0
1944.0 2077.5 2211.0
1944.0 2077.5 2211.0
1944.0 2077.5 2211.0
1944.0 2077.5 2211.0
1944.0 2077.5 2211.0
1944.0 2077.5 2211.0
1944.0 2077.5 2211.0
1944.0 2077.5 2211.0
1944.0 2077.5 2211.0
1944.0 2077.5 2211.0
1944.0 2077.5 2211.0
1944.0 2077.5 2211.0
1944.0 2077.5 2211.0
1944.0 2077.5 2211.0
1944.0 2077.5 2211.0
1944.0 2077.5 2211.0
1944.0 2077.5 2211.0
1944.0 2077.5 2211.0
1944.0 2077.5 2211.0
1944.0 2077.5 2211.0
1944.0 2077.5 2211.0
1944.0 2077.5 2211.0
1944.0 2077.5 2211.0
1944.0 2077.5 2211.0
1944.0 2077.5 2211.0
1944.0 2077.5 2211.0
1944.0 2077.5 2211.0
1944.0 2077.5 2211.0
1944.0 2077.5 2211.0
1944.0 2077.5 2211.0
1944.0 2077.5 2211.0
1944.0 2077.5 2211.0
1743.0 1977.0 2211.0
1743.0 1977.0 2211.0
1743.0 1977.0 2211.0
1743.0 1976.0 2209.0
1743.0 1976.0 2209.0
1743.0 1976.0 2209.0
1743.0 1976.0 2209.0
1743.0 1976.0 2209.0
1743.0 1976.0 2209.0
1743.0 1976.0 2209.0
1743.0 1976.0 2209.0
1743.0 1976.0 2209.0
1743.0 1976.0 2209.0
1743.0 1976.0 2209.0
1743.0 1976.0 2209.0
1743.0 1976.0 2209.0
1743.0 1976.0 2209.0
1743.0 1976.0 2209.0
1743.0 1976.0 2209.0
1743.0 1976.0 2209.0
1743.0 1976.0 2209.0
1743.0 1976.0 2209.0
1743.0 1976.0 2209.0
1743.0 1976.0 2209.0
1743.0 1976.0 2209.0
1743.0 1976.0 2209.0
1743.0 1976.0 2209.0
1743.0 1976.0 2209.0
1743.0 1976.0 2209.0
1743.0 1976.0 2209.0
1743.0 1976.0 2209.0
1743.0 1976.0 2209.0
1743.0 1976.0 2209.0
1362.0 1785.5 2209.0
1362.0 1785.5 2209.0
1362.0 1785.5 2209.0
1362.0 1785.5 2209.0
1362.0 1785.5 2209.0
1362.0 1785.5 2209.0
1362.0 1785.5 2209.0
1362.0 1785.5 2209.0
1362.0 1785.5 2209.0
1362.0 1785.5 2209.0
1362.0 1785.5 2209.0
1362.0 1785.5 2209.0
1362.0 1785.5 2209.0
1362.0 1454.5 1547.0
1362.0 1454.5 1547.0
1362.0 1454.5 1547.0
1362.0 1454.5 1547.0
1362.0 1454.5 1547.0
1362.0 1454.5 1547.0
1362.0 1454.5 1547.0
1362.0 1454.5 1547.0
1362.0 1454.5 1547.0
1362.0 1454.5 1547.0
1362.0 1454.5 1547.0
1362.0 1454.5 1547.0
1362.0 1454.5 1547.0
1362.0 1454.5 1547.0
1362.0 1454.5 1547.0
1362.0 1454.5 1547.0
1362.0 1454.5 1547.0
1362.0 1454.5 1547.0
1362.0 1454.5 1547.0
1362.0 1454.5 1547.0
1362.0 1454.5 1547.0
1362.0 1454.5 1547.0
1362.0 1454.5 1547.0
1362.0 1454.5 1547.0
1362.0 1454.5 1547.0
1362.0 1454.5 1547.0
1362.0 1454.5 1547.0
1362.0 1454.5 1547.0
1362.0 1454.5 1547.0
1362.0 1454.5 1547.0
1362.0 1454.5 1547.0
1362.0 1454.5 1547.0
1362.0 1454.5 1547.0
1362.0 1454.5 1547.0
1362.0 1454.5 1547.0
1362.0 1454.5 1547.0
1362.0 1454.5 1547.0
1362.0 1454.5 1547.0
1362.0 1454.5 1547.0
1362.0 1454.5 1547.0
1362.0 1454.5 1547.0
1362.0 1454.5 1547.0
1362.0 1454.5 1547.0
1362.0 1454.5 1547.0
1362.0 1454.5 1547.0
1362.0 1454.5 1547.0
1362.0 1454.5 1547.0
1362.0 1454.5 1547.0
1362.0 1454.5 1547.0
1362.0 1454.5 1547.0
1362.0 1454.5 1547.0
1362.0 1454.5 1547.0
1362.0 1454.5 1547.0
1362.0 1454.5 1547.0
1362.0 1454.5 1547.0
1362.0 1454.5 1547.0
1362.0 1454.5 1547.0
1362.0 1454.5 1547.0
1362.0 1454.5 1547.0
1362.0 1454.5 1547.0
1362.0 1454.5 1547.0
1362.0 1454.5 1547.0
1362.0 1454.5 1547.0
1362.0 1454.5 1547.0
1362.0 1454.5 1547.0
1362.0 1454.5 1547.0
1362.0 1454.5 1547.0
1362.0 1454.5 1547.0
1362.0 1454.5 1547.0
1362.0 1454.5 1547.0
1362.0 1454.5 1547.0
1362.0 1454.5 1547.0
1362.0 1454.5 1547.0
1266.0 1406.5 1547.0
1266.0 1406.5 1547.0
1266.0 1406.5 1547.0
1266.0 1406.5 1547.0
1266.0 1406.5 1547.0
1266.0 1406.5 1547.0
1266.0 1406.5 1547.0
1266.0 1406.5 1547.0
1266.0 1406.5 1547.0
1266.0 1406.5 1547.0
1266.0 1406.5 1547.0
1266.0 1406.5 1547.0
1266.0 1406.5 1547.0
