15592.0 15615.0 15638.0
12410.0 13276.5 14143.0
9457.0 11428.0 13399.0
5866.0 9200.5 12535.0
5794.0 6985.5 8177.0
4817.0 6236.5 7656.0
5314.0 6485.0 7656.0
3615.0 3985.0 4355.0
2510.0 3806.0 5102.0
2510.0 3006.0 3502.0
2510.0 3006.0 3502.0
2510.0 3006.0 3502.0
2510.0 3006.0 3502.0
2510.0 3006.0 3502.0
2510.0 3006.0 3502.0
2510.0 3006.0 3502.0
2510.0 3006.0 3502.0
2510.0 3006.0 3502.0
2510.0 3006.0 3502.0
2510.0 3006.0 3502.0
2510.0 3006.0 3502.0
2510.0 2672.0 2834.0
2338.0 2424.0 2510.0
2510.0 2619.0 2728.0
2510.0 2619.0 2728.0
2510.0 2619.0 2728.0
2510.0 2619.0 2728.0
2510.0 2619.0 2728.0
2510.0 2619.0 2728.0
2510.0 2639.0 2768.0
2025.0 2267.5 2510.0
2025.0 2267.5 2510.0
2025.0 2267.5 2510.0
2025.0 2267.5 2510.0
2025.0 2267.5 2510.0
2497.0 2503.5 2510.0
2497.0 2503.5 2510.0
2342.0 2426.0 2510.0
1399.0 1954.5 2510.0
1399.0 1954.5 2510.0
1399.0 1954.5 2510.0
1399.0 1954.5 2510.0
1399.0 1954.5 2510.0
1399.0 1954.5 2510.0
1399.0 1954.5 2510.0
1399.0 1954.5 2510.0
1399.0 1954.5 2510.0
1399.0 1954.5 2510.0
1399.0 1954.5 2510.0
1399.0 1954.5 2510.0
1399.0 1954.5 2510.0
1399.0 1954.5 2510.0
1399.0 1954.5 2510.0
1399.0 1954.5 2510.0
1399.0 1954.5 2510.0
1399.0 1954.5 2510.0
1399.0 1954.5 2510.0
1399.0 1954.5 2510.0
1399.0 1954.5 2510.0
1399.0 1954.5 2510.0
1399.0 1954.5 2510.0
1399.0 1954.5 2510.0
1399.0 1954.5 2510.0
1399.0 1600.5 1802.0
1399.0 1600.5 1802.0
1399.0 1600.5 1802.0
1399.0 1600.5 1802.0
1399.0 1600.5 1802.0
1399.0 1600.5 1802.0
1399.0 1600.5 1802.0
1399.0 1600.5 1802.0
1399.0 1600.5 1802.0
1399.0 1600.5 1802.0
1399.0 1600.5 1802.0
1399.0 1600.5 1802.0
1399.0 1600.5 1802.0
1399.0 1600.5 1802.0
1399.0 1600.5 1802.0
1399.0 1600.5 1802.0
1399.0 1600.5 1802.0
1399.0 1600.5 1802.0
1399.0 1600.5 1802.0
1399.0 1600.5 1802.0
1399.0 1600.5 1802.0
1399.0 1600.5 1802.0
1399.0 1600.5 1802.0
1399.0 1600.5 1802.0
1399.0 1600.5 1802.0
1204.0 1301.5 1399.0
1204.0 1301.5 1399.0
1204.0 1301.5 1399.0
1204.0 1301.5 1399.0
1204.0 1301.5 1399.0
1204.0 1301.5 1399.0
1204.0 1301.5 1399.0
1204.0 1301.5 1399.0
1204.0 1301.5 1399.0
1204.0 1301.5 1399.0
1204.0 1301.5 1399.0
1204.0 1301.5 1399.0
1204.0 1301.5 1399.0
1204.0 1301.5 1399.0
1204.0 1301.5 1399.0
1204.0 1301.5 1399.0
1204.0 1301.5 1399.0
1204.0 1301.5 1399.0
1204.0 1301.5 1399.0
1204.0 1301.5 1399.0
1204.0 1301.5 1399.0
1204.0 1301.5 1399.0
1204.0 1301.5 1399.0
1204.0 1301.5 1399.0
1204.0 1301.5 1399.0
1204.0 1301.5 1399.0
1204.0 1301.5 1399.0
1204.0 1301.5 1399.0
1204.0 1301.5 1399.0
1204.0 1301.5 1399.0
1204.0 1301.5 1399.0
1204.0 1301.5 1399.0
1204.0 1301.5 1399.0
1204.0 1301.5 1399.0
1204.0 1301.5 1399.0
1204.0 1301.5 1399.0
1204.0 1301.5 1399.0
1204.0 1301.5 1399.0
1204.0 1301.5 1399.0
1204.0 1301.5 1399.0
1204.0 1301.5 1399.0
1204.0 1301.5 1399.0
1204.0 1301.5 1399.0
1204.0 1301.5 1399.0
1204.0 1301.5 1399.0
1204.0 1301.5 1399.0
1204.0 1301.5 1399.0
1204.0 1301.5 1399.0
1204.0 1301.5 1399.0
1204.0 1301.5 1399.0
1204.0 1301.5 1399.0
1204.0 1301.5 1399.0
1204.0 1301.5 1399.0
1204.0 1301.5 1399.0
1204.0 1301.5 1399.0
1204.0 1301.5 1399.0
1204.0 1301.5 1399.0
1204.0 1301.5 1399.0
1204.0 1301.5 1399.0
1204.0 1301.5 1399.0
1204.0 1301.5 1399.0
1204.0 1301.5 1399.0
1204.0 1301.5 1399.0
1204.0 1301.5 1399.0
1204.0 1301.5 1399.0
1204.0 1301.5 1399.0
1204.0 1301.5 1399.0
1204.0 1301.5 1399.0
1204.0 1301.5 1399.0
1204.0 1301.5 1399.0
1204.0 1301.5 1399.0
1204.0 1301.5 1399.0
1204.0 1301.5 1399.0
1204.0 1301.5 1399.0
1204.0 1301.5 1399.0
1204.0 1301.5 1399.0
1204.0 1301.5 1399.0
1204.0 1301.5 1399.0
1204.0 1301.5 1399.0
1204.0 1301.5 1399.0
1204.0 1301.5 1399.0
1204.0 1301.5 1399.0
1204.0 1301.5 1399.0
1204.0 1301.5 1399.0
1204.0 1301.5 1399.0
1204.0 1301.5 1399.0
1204.0 1301.5 1399.0
1204.0 1301.5 1399.0
1204.0 1301.5 1399.0
1204.0 1301.5 1399.0
1204.0 1301.5 1399.0
1204.0 1301.5 1399.0
1204.0 1301.5 1399.0
1204.0 1301.5 1399.0
1204.0 1301.5 1399.0
1204.0 1301.5 1399.0
1204.0 1301.5 1399.0
1204.0 1301.5 1399.0
1204.0 1301.5 1399.0
1204.0 1301.5 1399.0
1204.0 1301.5 1399.0
1204.0 1301.5 1399.0
1204.0 1301.5 1399.0
1204.0 1301.5 1399.0
1204.0 1301.5 1399.0
1204.0 1301.5 1399.0
1204.0 1301.5 1399.0
1204.0 1301.5 1399.0
1204.0 1301.5 1399.0
1204.0 1301.5 1399.0
1204.0 1301.5 1399.0
1204.0 1301.5 1399.0
