9722.0 11621.5 13521.0
7142.0 8904.0 10666.0
5109.0 6129.5 7150.0
4410.0 4872.0 5334.0
4220.0 4386.0 4552.0
2086.0 2585.5 3085.0
2086.0 2335.5 2585.0
1650.0 1843.5 2037.0
1650.0 1843.5 2037.0
1650.0 1843.5 2037.0
1650.0 2132.5 2615.0
1550.0 1600.0 1650.0
1550.0 1600.0 1650.0
1163.0 1332.5 1502.0
1163.0 1332.5 1502.0
1163.0 1332.5 1502.0
1163.0 1332.5 1502.0
1163.0 1332.5 1502.0
1163.0 1332.5 1502.0
1163.0 1332.5 1502.0
1163.0 1460.0 1757.0
1163.0 1430.0 1697.0
1163.0 1250.5 1338.0
1163.0 1214.0 1265.0
971.0 1067.0 1163.0
971.0 1067.0 1163.0
686.0 924.5 1163.0
686.0 924.5 1163.0
686.0 924.5 1163.0
686.0 924.5 1163.0
686.0 924.5 1163.0
686.0 924.5 1163.0
686.0 924.5 1163.0
686.0 924.5 1163.0
686.0 924.5 1163.0
686.0 924.5 1163.0
686.0 924.5 1163.0
686.0 924.5 1163.0
686.0 924.5 1163.0
686.0 924.5 1163.0
686.0 924.5 1163.0
686.0 924.5 1163.0
686.0 924.5 1163.0
686.0 924.5 1163.0
686.0 924.5 1163.0
686.0 924.5 1163.0
686.0 924.5 1163.0
686.0 924.5 1163.0
686.0 924.5 1163.0
686.0 924.5 1163.0
686.0 924.5 1163.0
686.0 924.5 1163.0
686.0 924.5 1163.0
686.0 924.5 1163.0
686.0 924.5 1163.0
686.0 924.5 1163.0
686.0 924.5 1163.0
686.0 924.5 1163.0
686.0 924.5 1163.0
686.0 924.5 1163.0
686.0 924.5 1163.0
686.0 924.5 1163.0
686.0 924.5 1163.0
686.0 924.5 1163.0
686.0 924.5 1163.0
686.0 924.5 1163.0
686.0 924.5 1163.0
686.0 924.5 1163.0
686.0 924.5 1163.0
686.0 924.5 1163.0
686.0 924.5 1163.0
686.0 924.5 1163.0
686.0 924.5 1163.0
686.0 924.5 1163.0
686.0 924.5 1163.0
686.0 924.5 1163.0
686.0 924.5 1163.0
686.0 924.5 1163.0
686.0 924.5 1163.0
686.0 924.5 1163.0
686.0 924.5 1163.0
686.0 924.5 1163.0
686.0 924.5 1163.0
686.0 924.5 1163.0
686.0 924.5 1163.0
686.0 924.5 1163.0
686.0 924.5 1163.0
686.0 924.5 1163.0
686.0 924.5 1163.0
686.0 924.5 1163.0
686.0 924.5 1163.0
686.0 924.5 1163.0
686.0 924.5 1163.0
686.0 924.5 1163.0
686.0 924.5 1163.0
686.0 924.5 1163.0
686.0 924.5 1163.0
686.0 924.5 1163.0
686.0 924.5 1163.0
686.0 924.5 1163.0
686.0 924.5 1163.0
686.0 924.5 1163.0
686.0 924.5 1163.0
686.0 924.5 1163.0
686.0 924.5 1163.0
686.0 924.5 1163.0
686.0 924.5 1163.0
686.0 924.5 1163.0
686.0 924.5 1163.0
686.0 924.5 1163.0
686.0 924.5 1163.0
686.0 924.5 1163.0
686.0 924.5 1163.0
686.0 924.5 1163.0
686.0 924.5 1163.0
686.0 924.5 1163.0
686.0 924.5 1163.0
686.0 924.5 1163.0
686.0 924.5 1163.0
686.0 924.5 1163.0
686.0 924.5 1163.0
686.0 924.5 1163.0
686.0 924.5 1163.0
686.0 924.5 1163.0
686.0 924.5 1163.0
686.0 924.5 1163.0
686.0 924.5 1163.0
686.0 924.5 1163.0
686.0 924.5 1163.0
686.0 924.5 1163.0
686.0 924.5 1163.0
686.0 924.5 1163.0
686.0 924.5 1163.0
686.0 924.5 1163.0
686.0 924.5 1163.0
686.0 924.5 1163.0
686.0 924.5 1163.0
686.0 924.5 1163.0
686.0 924.5 1163.0
686.0 924.5 1163.0
686.0 924.5 1163.0
686.0 924.5 1163.0
686.0 924.5 1163.0
686.0 924.5 1163.0
686.0 924.5 1163.0
686.0 924.5 1163.0
686.0 924.5 1163.0
686.0 924.5 1163.0
686.0 924.5 1163.0
686.0 924.5 1163.0
686.0 924.5 1163.0
686.0 924.5 1163.0
686.0 924.5 1163.0
686.0 924.5 1163.0
686.0 924.5 1163.0
686.0 924.5 1163.0
686.0 924.5 1163.0
686.0 924.5 1163.0
686.0 924.5 1163.0
686.0 924.5 1163.0
686.0 924.5 1163.0
686.0 924.5 1163.0
686.0 924.5 1163.0
686.0 924.5 1163.0
686.0 924.5 1163.0
686.0 924.5 1163.0
686.0 924.5 1163.0
686.0 924.5 1163.0
686.0 924.5 1163.0
686.0 927.5 1169.0
686.0 927.5 1169.0
686.0 927.5 1169.0
686.0 927.5 1169.0
686.0 927.5 1169.0
686.0 927.5 1169.0
686.0 927.5 1169.0
686.0 927.5 1169.0
686.0 927.5 1169.0
686.0 927.5 1169.0
686.0 927.5 1169.0
686.0 927.5 1169.0
686.0 927.5 1169.0
686.0 927.5 1169.0
686.0 927.5 1169.0
686.0 927.5 1169.0
686.0 927.5 1169.0
686.0 927.5 1169.0
686.0 927.5 1169.0
686.0 927.5 1169.0
686.0 927.5 1169.0
686.0 927.5 1169.0
686.0 927.5 1169.0
686.0 927.5 1169.0
686.0 927.5 1169.0
686.0 927.5 1169.0
686.0 927.5 1169.0
686.0 927.5 1169.0
686.0 927.5 1169.0
686.0 927.5 1169.0
686.0 927.5 1169.0
