15430.0 16520.0 17610.0
13461.0 14967.0 16473.0
8758.0 11347.0 13936.0
6917.0 8335.0 9753.0
5059.0 6251.5 7444.0
4845.0 6167.0 7489.0
4134.0 4985.0 5836.0
3318.0 5140.5 6963.0
3441.0 3971.5 4502.0
2441.0 3095.0 3749.0
2441.0 2897.0 3353.0
2441.0 2897.0 3353.0
2030.0 2691.5 3353.0
2030.0 2691.5 3353.0
2030.0 2691.5 3353.0
2030.0 2691.5 3353.0
2030.0 2691.5 3353.0
2030.0 2327.5 2625.0
2030.0 2327.5 2625.0
2030.0 2327.5 2625.0
2030.0 2327.5 2625.0
2030.0 2172.0 2314.0
2030.0 2172.0 2314.0
2030.0 2172.0 2314.0
2030.0 2172.0 2314.0
2030.0 2172.0 2314.0
2030.0 2172.0 2314.0
2030.0 2172.0 2314.0
2030.0 2172.0 2314.0
2030.0 2172.0 2314.0
2030.0 2172.0 2314.0
2030.0 2172.0 2314.0
2030.0 2172.0 2314.0
2030.0 2172.0 2314.0
2030.0 2172.0 2314.0
2030.0 2172.0 2314.0
2030.0 2172.0 2314.0
2030.0 2172.0 2314.0
1416.0 1865.0 2314.0
1416.0 1865.0 2314.0
1416.0 1865.0 2314.0
1416.0 1865.0 2314.0
1416.0 1865.0 2314.0
1416.0 1865.0 2314.0
1416.0 1865.0 2314.0
1416.0 1865.0 2314.0
1416.0 1865.0 2314.0
1416.0 1865.0 2314.0
1416.0 1865.0 2314.0
1416.0 1865.0 2314.0
1416.0 1865.0 2314.0
1416.0 1865.0 2314.0
1416.0 1865.0 2314.0
1416.0 1865.0 2314.0
1416.0 1865.0 2314.0
1416.0 1865.0 2314.0
1416.0 1865.0 2314.0
1416.0 1865.0 2314.0
1416.0 1865.0 2314.0
1416.0 1865.0 2314.0
1416.0 1865.0 2314.0
1416.0 1865.0 2314.0
1416.0 1865.0 2314.0
1416.0 1865.0 2314.0
1416.0 1865.0 2314.0
1416.0 1865.0 2314.0
1416.0 1865.0 2314.0
1416.0 1865.0 2314.0
1416.0 1865.0 2314.0
1416.0 1865.0 2314.0
1416.0 1865.0 2314.0
1416.0 1865.0 2314.0
1416.0 1865.0 2314.0
1416.0 1865.0 2314.0
1416.0 1865.0 2314.0
1416.0 1865.0 2314.0
1416.0 1865.0 2314.0
1416.0 1865.0 2314.0
1416.0 1865.0 2314.0
1416.0 1865.0 2314.0
1416.0 1865.0 2314.0
1416.0 1865.0 2314.0
1416.0 1865.0 2314.0
1416.0 1865.0 2314.0
1416.0 1865.0 2314.0
1416.0 1865.0 2314.0
1416.0 1865.0 2314.0
1416.0 1865.0 2314.0
1416.0 1865.0 2314.0
1416.0 1865.0 2314.0
1416.0 1865.0 2314.0
1416.0 1865.0 2314.0
1416.0 1865.0 2314.0
1416.0 1865.0 2314.0
1416.0 1865.0 2314.0
1416.0 1865.0 2314.0
1416.0 1865.0 2314.0
1416.0 1865.0 2314.0
1416.0 1865.0 2314.0
1416.0 1865.0 2314.0
1416.0 1865.0 2314.0
1416.0 1865.0 2314.0
1416.0 1865.0 2314.0
1416.0 1865.0 2314.0
1416.0 1865.0 2314.0
1416.0 1865.0 2314.0
1416.0 1865.0 2314.0
1416.0 1865.0 2314.0
1416.0 1865.0 2314.0
1416.0 1865.0 2314.0
1416.0 1865.0 2314.0
1416.0 1865.0 2314.0
1416.0 1865.0 2314.0
1416.0 1865.0 2314.0
1416.0 1865.0 2314.0
1416.0 1865.0 2314.0
1416.0 1865.0 2314.0
1416.0 1865.0 2314.0
1416.0 1865.0 2314.0
1416.0 1865.0 2314.0
1416.0 1865.0 2314.0
1416.0 1865.0 2314.0
1416.0 1865.0 2314.0
1416.0 1865.0 2314.0
1416.0 1865.0 2314.0
1416.0 1865.0 2314.0
1416.0 1865.0 2314.0
1416.0 1865.0 2314.0
1416.0 1865.0 2314.0
1416.0 1865.0 2314.0
1416.0 1865.0 2314.0
1416.0 1865.0 2314.0
1416.0 1865.0 2314.0
1416.0 1865.0 2314.0
1416.0 1865.0 2314.0
1416.0 1865.0 2314.0
1416.0 1865.0 2314.0
1416.0 1865.0 2314.0
1416.0 1865.0 2314.0
1416.0 1865.0 2314.0
1416.0 1865.0 2314.0
1416.0 1602.5 1789.0
1416.0 1602.5 1789.0
1416.0 1602.5 1789.0
1416.0 1602.5 1789.0
1416.0 1602.5 1789.0
1416.0 1602.5 1789.0
1416.0 1602.5 1789.0
1416.0 1602.5 1789.0
1416.0 1602.5 1789.0
1416.0 1602.5 1789.0
1416.0 1602.5 1789.0
1416.0 1602.5 1789.0
1416.0 1602.5 1789.0
1416.0 1602.5 1789.0
1416.0 1602.5 1789.0
1416.0 1602.5 1789.0
1416.0 1602.5 1789.0
1416.0 1602.5 1789.0
1416.0 1602.5 1789.0
1416.0 1602.5 1789.0
1416.0 1602.5 1789.0
1416.0 1602.5 1789.0
1416.0 1602.5 1789.0
1416.0 1602.5 1789.0
1416.0 1602.5 1789.0
1416.0 1602.5 1789.0
1416.0 1602.5 1789.0
1416.0 1602.5 1789.0
1416.0 1602.5 1789.0
1416.0 1602.5 1789.0
1165.0 1477.0 1789.0
1165.0 1477.0 1789.0
1165.0 1477.0 1789.0
1165.0 1477.0 1789.0
1165.0 1477.0 1789.0
1165.0 1477.0 1789.0
1165.0 1477.0 1789.0
1165.0 1477.0 1789.0
1165.0 1477.0 1789.0
1165.0 1477.0 1789.0
1165.0 1477.0 1789.0
1165.0 1477.0 1789.0
1165.0 1477.0 1789.0
1165.0 1477.0 1789.0
1165.0 1477.0 1789.0
1165.0 1477.0 1789.0
1165.0 1477.0 1789.0
1165.0 1477.0 1789.0
1165.0 1477.0 1789.0
1165.0 1477.0 1789.0
1165.0 1477.0 1789.0
1165.0 1477.0 1789.0
1165.0 1477.0 1789.0
1165.0 1477.0 1789.0
1165.0 1477.0 1789.0
1165.0 1477.0 1789.0
1165.0 1477.0 1789.0
1165.0 1477.0 1789.0
1165.0 1477.0 1789.0
