10480.0 10901.0 11322.0
9918.0 10193.0 10468.0
6081.0 6142.5 6204.0
4875.0 5253.5 5632.0
3838.0 3878.0 3918.0
2321.0 3119.5 3918.0
2321.0 2648.5 2976.0
1919.0 2243.5 2568.0
1919.0 2243.5 2568.0
1748.0 1834.5 1921.0
1447.0 1840.5 2234.0
1130.0 1682.0 2234.0
1130.0 1682.0 2234.0
1550.0 1892.0 2234.0
1550.0 1892.0 2234.0
1550.0 1892.0 2234.0
1550.0 1892.0 2234.0
1550.0 1854.5 2159.0
1550.0 1566.5 1583.0
1399.0 1474.5 1550.0
1150.0 1350.0 1550.0
1150.0 1350.0 1550.0
1150.0 1350.0 1550.0
1150.0 1350.0 1550.0
1150.0 1350.0 1550.0
1150.0 1350.0 1550.0
1150.0 1350.0 1550.0
1150.0 1350.0 1550.0
1150.0 1350.0 1550.0
1150.0 1350.0 1550.0
1150.0 1350.0 1550.0
1150.0 1350.0 1550.0
1150.0 1350.0 1550.0
1150.0 1350.0 1550.0
1150.0 1350.0 1550.0
1150.0 1350.0 1550.0
1150.0 1350.0 1550.0
1150.0 1350.0 1550.0
1150.0 1350.0 1550.0
1150.0 1350.0 1550.0
1150.0 1350.0 1550.0
1150.0 1350.0 1550.0
1150.0 1350.0 1550.0
1150.0 1350.0 1550.0
1150.0 1350.0 1550.0
1150.0 1350.0 1550.0
1150.0 1350.0 1550.0
1150.0 1350.0 1550.0
1150.0 1350.0 1550.0
1150.0 1350.0 1550.0
1150.0 1350.0 1550.0
1150.0 1350.0 1550.0
1150.0 1350.0 1550.0
1150.0 1350.0 1550.0
1150.0 1350.0 1550.0
1150.0 1350.0 1550.0
1150.0 1350.0 1550.0
1150.0 1350.0 1550.0
1150.0 1350.0 1550.0
1150.0 1350.0 1550.0
1150.0 1350.0 1550.0
1150.0 1350.0 1550.0
1150.0 1350.0 1550.0
1150.0 1350.0 1550.0
1150.0 1350.0 1550.0
1150.0 1350.0 1550.0
1150.0 1350.0 1550.0
1150.0 1350.0 1550.0
1150.0 1350.0 1550.0
1150.0 1350.0 1550.0
1150.0 1350.0 1550.0
1150.0 1350.0 1550.0
1150.0 1350.0 1550.0
1150.0 1350.0 1550.0
1150.0 1350.0 1550.0
1150.0 1350.0 1550.0
1150.0 1350.0 1550.0
1150.0 1350.0 1550.0
1150.0 1350.0 1550.0
1150.0 1350.0 1550.0
1150.0 1350.0 1550.0
1150.0 1350.0 1550.0
1150.0 1350.0 1550.0
1150.0 1350.0 1550.0
1150.0 1350.0 1550.0
1150.0 1350.0 1550.0
1150.0 1350.0 1550.0
1150.0 1350.0 1550.0
1150.0 1350.0 1550.0
1150.0 1350.0 1550.0
1150.0 1350.0 1550.0
1150.0 1350.0 1550.0
1150.0 1350.0 1550.0
1150.0 1350.0 1550.0
1150.0 1350.0 1550.0
1150.0 1350.0 1550.0
1150.0 1350.0 1550.0
1150.0 1350.0 1550.0
1150.0 1350.0 1550.0
1150.0 1350.0 1550.0
1150.0 1350.0 1550.0
1150.0 1350.0 1550.0
1150.0 1350.0 1550.0
1150.0 1350.0 1550.0
1150.0 1350.0 1550.0
1150.0 1350.0 1550.0
1150.0 1350.0 1550.0
1150.0 1350.0 1550.0
1150.0 1350.0 1550.0
1150.0 1350.0 1550.0
1150.0 1350.0 1550.0
1150.0 1350.0 1550.0
1150.0 1350.0 1550.0
1150.0 1350.0 1550.0
1150.0 1350.0 1550.0
1150.0 1350.0 1550.0
1150.0 1350.0 1550.0
1150.0 1350.0 1550.0
1150.0 1350.0 1550.0
1150.0 1350.0 1550.0
1150.0 1350.0 1550.0
1150.0 1350.0 1550.0
1150.0 1350.0 1550.0
1150.0 1350.0 1550.0
1150.0 1350.0 1550.0
1150.0 1350.0 1550.0
1150.0 1350.0 1550.0
1150.0 1350.0 1550.0
1150.0 1350.0 1550.0
1150.0 1350.0 1550.0
1150.0 1350.0 1550.0
1150.0 1350.0 1550.0
1150.0 1350.0 1550.0
1150.0 1350.0 1550.0
1150.0 1350.0 1550.0
1150.0 1350.0 1550.0
1150.0 1350.0 1550.0
1150.0 1350.0 1550.0
1150.0 1350.0 1550.0
1150.0 1350.0 1550.0
1150.0 1350.0 1550.0
1150.0 1350.0 1550.0
1150.0 1350.0 1550.0
1150.0 1350.0 1550.0
1150.0 1350.0 1550.0
1150.0 1350.0 1550.0
1150.0 1350.0 1550.0
1150.0 1350.0 1550.0
1150.0 1350.0 1550.0
1150.0 1350.0 1550.0
1150.0 1350.0 1550.0
1150.0 1350.0 1550.0
1150.0 1350.0 1550.0
1150.0 1350.0 1550.0
1150.0 1350.0 1550.0
1150.0 1350.0 1550.0
1150.0 1350.0 1550.0
1150.0 1350.0 1550.0
1150.0 1350.0 1550.0
1150.0 1350.0 1550.0
1150.0 1350.0 1550.0
1150.0 1350.0 1550.0
1150.0 1350.0 1550.0
1150.0 1350.0 1550.0
1150.0 1350.0 1550.0
1150.0 1350.0 1550.0
1150.0 1350.0 1550.0
1150.0 1350.0 1550.0
1150.0 1350.0 1550.0
1150.0 1350.0 1550.0
1150.0 1350.0 1550.0
1150.0 1350.0 1550.0
1150.0 1350.0 1550.0
1150.0 1350.0 1550.0
1150.0 1350.0 1550.0
1150.0 1350.0 1550.0
1150.0 1350.0 1550.0
1150.0 1350.0 1550.0
1150.0 1350.0 1550.0
1150.0 1350.0 1550.0
1150.0 1350.0 1550.0
1150.0 1350.0 1550.0
1150.0 1350.0 1550.0
1150.0 1350.0 1550.0
1150.0 1350.0 1550.0
1150.0 1350.0 1550.0
1150.0 1350.0 1550.0
1150.0 1350.0 1550.0
1150.0 1350.0 1550.0
1150.0 1350.0 1550.0
1150.0 1350.0 1550.0
1150.0 1350.0 1550.0
1150.0 1350.0 1550.0
1150.0 1350.0 1550.0
1150.0 1350.0 1550.0
1150.0 1350.0 1550.0
1150.0 1350.0 1550.0
1150.0 1350.0 1550.0
1150.0 1350.0 1550.0
1150.0 1350.0 1550.0
