9614.0 10439.0 11264.0
7885.0 8488.0 9091.0
7848.0 7910.5 7973.0
5227.0 5937.0 6647.0
5105.0 5391.5 5678.0
4353.0 4516.5 4680.0
3505.0 3786.5 4068.0
2464.0 2772.5 3081.0
2464.0 2549.0 2634.0
1821.0 2227.5 2634.0
1821.0 2110.5 2400.0
1568.0 1694.5 1821.0
1191.0 1707.0 2223.0
1191.0 1465.0 1739.0
1290.0 1514.5 1739.0
1183.0 1461.0 1739.0
1183.0 1461.0 1739.0
1183.0 1461.0 1739.0
1183.0 1461.0 1739.0
1183.0 1461.0 1739.0
1183.0 1461.0 1739.0
1183.0 1461.0 1739.0
1183.0 1461.0 1739.0
1183.0 1461.0 1739.0
1183.0 1461.0 1739.0
1183.0 1461.0 1739.0
1183.0 1461.0 1739.0
1183.0 1461.0 1739.0
1183.0 1461.0 1739.0
1183.0 1461.0 1739.0
1183.0 1461.0 1739.0
1183.0 1461.0 1739.0
1183.0 1461.0 1739.0
1183.0 1461.0 1739.0
1183.0 1461.0 1739.0
1183.0 1461.0 1739.0
1183.0 1461.0 1739.0
1183.0 1461.0 1739.0
1183.0 1461.0 1739.0
1183.0 1461.0 1739.0
1183.0 1461.0 1739.0
1183.0 1461.0 1739.0
1183.0 1461.0 1739.0
1183.0 1461.0 1739.0
1183.0 1467.5 1752.0
1183.0 1332.0 1481.0
1149.0 1166.0 1183.0
996.0 1089.5 1183.0
767.0 975.0 1183.0
767.0 975.0 1183.0
613.0 898.0 1183.0
613.0 898.0 1183.0
613.0 898.0 1183.0
613.0 898.0 1183.0
613.0 898.0 1183.0
613.0 898.0 1183.0
613.0 898.0 1183.0
613.0 898.0 1183.0
613.0 898.0 1183.0
613.0 898.0 1183.0
613.0 898.0 1183.0
613.0 898.0 1183.0
613.0 898.0 1183.0
613.0 898.0 1183.0
613.0 898.0 1183.0
613.0 898.0 1183.0
613.0 898.0 1183.0
613.0 898.0 1183.0
613.0 898.0 1183.0
613.0 898.0 1183.0
613.0 898.0 1183.0
613.0 898.0 1183.0
613.0 898.0 1183.0
613.0 898.0 1183.0
613.0 898.0 1183.0
613.0 898.0 1183.0
613.0 898.0 1183.0
613.0 898.0 1183.0
613.0 898.0 1183.0
613.0 898.0 1183.0
613.0 898.0 1183.0
613.0 898.0 1183.0
613.0 898.0 1183.0
613.0 898.0 1183.0
613.0 898.0 1183.0
613.0 898.0 1183.0
613.0 898.0 1183.0
613.0 898.0 1183.0
613.0 898.0 1183.0
613.0 898.0 1183.0
613.0 898.0 1183.0
613.0 898.0 1183.0
613.0 898.0 1183.0
613.0 898.0 1183.0
613.0 898.0 1183.0
613.0 898.0 1183.0
613.0 898.0 1183.0
613.0 898.0 1183.0
613.0 898.0 1183.0
613.0 898.0 1183.0
613.0 898.0 1183.0
613.0 898.0 1183.0
613.0 898.0 1183.0
613.0 898.0 1183.0
613.0 898.0 1183.0
613.0 898.0 1183.0
613.0 898.0 1183.0
613.0 898.0 1183.0
613.0 898.0 1183.0
613.0 898.0 1183.0
613.0 898.0 1183.0
613.0 898.0 1183.0
613.0 898.0 1183.0
613.0 898.0 1183.0
613.0 898.0 1183.0
613.0 898.0 1183.0
613.0 898.0 1183.0
613.0 898.0 1183.0
613.0 898.0 1183.0
613.0 898.0 1183.0
613.0 898.0 1183.0
613.0 898.0 1183.0
613.0 898.0 1183.0
613.0 898.0 1183.0
613.0 898.0 1183.0
613.0 898.0 1183.0
613.0 898.0 1183.0
613.0 898.0 1183.0
613.0 898.0 1183.0
613.0 898.0 1183.0
613.0 898.0 1183.0
613.0 898.0 1183.0
613.0 898.0 1183.0
613.0 898.0 1183.0
613.0 898.0 1183.0
613.0 898.0 1183.0
613.0 898.0 1183.0
613.0 898.0 1183.0
613.0 898.0 1183.0
613.0 898.0 1183.0
613.0 898.0 1183.0
613.0 898.0 1183.0
613.0 898.0 1183.0
613.0 898.0 1183.0
613.0 898.0 1183.0
613.0 898.0 1183.0
613.0 898.0 1183.0
613.0 898.0 1183.0
613.0 898.0 1183.0
613.0 898.0 1183.0
613.0 898.0 1183.0
613.0 898.0 1183.0
613.0 898.0 1183.0
613.0 898.0 1183.0
613.0 898.0 1183.0
613.0 898.0 1183.0
613.0 898.0 1183.0
613.0 898.0 1183.0
613.0 898.0 1183.0
613.0 898.0 1183.0
613.0 898.0 1183.0
613.0 898.0 1183.0
613.0 898.0 1183.0
613.0 898.0 1183.0
613.0 898.0 1183.0
613.0 898.0 1183.0
613.0 898.0 1183.0
613.0 898.0 1183.0
613.0 898.0 1183.0
613.0 898.0 1183.0
613.0 898.0 1183.0
613.0 898.0 1183.0
613.0 898.0 1183.0
613.0 898.0 1183.0
613.0 898.0 1183.0
613.0 898.0 1183.0
613.0 898.0 1183.0
613.0 898.0 1183.0
613.0 898.0 1183.0
613.0 898.0 1183.0
613.0 898.0 1183.0
613.0 898.0 1183.0
613.0 898.0 1183.0
613.0 898.0 1183.0
613.0 898.0 1183.0
613.0 898.0 1183.0
613.0 898.0 1183.0
613.0 898.0 1183.0
613.0 898.0 1183.0
613.0 898.0 1183.0
613.0 898.0 1183.0
613.0 898.0 1183.0
613.0 898.0 1183.0
613.0 898.0 1183.0
613.0 898.0 1183.0
613.0 898.0 1183.0
613.0 898.0 1183.0
613.0 898.0 1183.0
613.0 898.0 1183.0
613.0 898.0 1183.0
