12027.0 12577.5 13128.0
11241.0 11386.0 11531.0
9296.0 9820.5 10345.0
7627.0 8186.0 8745.0
4698.0 5384.0 6070.0
5351.0 5380.0 5409.0
3351.0 3572.0 3793.0
3316.0 3354.0 3392.0
3296.0 3306.0 3316.0
2467.0 2891.5 3316.0
2352.0 2843.0 3334.0
2268.0 2801.0 3334.0
1737.0 2002.5 2268.0
1737.0 2002.5 2268.0
1737.0 2002.5 2268.0
1737.0 2002.5 2268.0
1433.0 1850.5 2268.0
1433.0 1850.5 2268.0
1120.0 1694.0 2268.0
1120.0 1694.0 2268.0
1120.0 1694.0 2268.0
1120.0 1704.0 2288.0
1120.0 1369.5 1619.0
1120.0 1142.0 1164.0
1120.0 1142.0 1164.0
1120.0 1142.0 1164.0
1120.0 1142.0 1164.0
1120.0 1142.0 1164.0
1120.0 1142.0 1164.0
1120.0 1142.0 1164.0
1120.0 1142.0 1164.0
1120.0 1142.0 1164.0
1120.0 1142.0 1164.0
1120.0 1142.0 1164.0
1120.0 1142.0 1164.0
1120.0 1142.0 1164.0
1120.0 1142.0 1164.0
1120.0 1142.0 1164.0
1120.0 1142.0 1164.0
1120.0 1142.0 1164.0
1120.0 1142.0 1164.0
1120.0 1142.0 1164.0
1120.0 1142.0 1164.0
1120.0 1142.0 1164.0
1120.0 1142.0 1164.0
1120.0 1142.0 1164.0
1120.0 1142.0 1164.0
1120.0 1142.0 1164.0
1120.0 1142.0 1164.0
1120.0 1309.5 1499.0
1120.0 1309.5 1499.0
1120.0 1309.5 1499.0
1120.0 1309.5 1499.0
1120.0 1309.5 1499.0
1120.0 1309.5 1499.0
1120.0 1309.5 1499.0
1120.0 1309.5 1499.0
1120.0 1309.5 1499.0
1120.0 1309.5 1499.0
1120.0 1309.5 1499.0
1120.0 1309.5 1499.0
1120.0 1309.5 1499.0
1120.0 1309.5 1499.0
1120.0 1309.5 1499.0
1120.0 1309.5 1499.0
1120.0 1309.5 1499.0
1120.0 1309.5 1499.0
1120.0 1309.5 1499.0
1120.0 1309.5 1499.0
1120.0 1309.5 1499.0
1120.0 1309.5 1499.0
1120.0 1309.5 1499.0
1120.0 1309.5 1499.0
1120.0 1309.5 1499.0
1120.0 1309.5 1499.0
1120.0 1309.5 1499.0
1120.0 1309.5 1499.0
1120.0 1309.5 1499.0
1120.0 1309.5 1499.0
1120.0 1309.5 1499.0
1120.0 1309.5 1499.0
1120.0 1309.5 1499.0
1120.0 1309.5 1499.0
1120.0 1309.5 1499.0
1120.0 1309.5 1499.0
1120.0 1309.5 1499.0
1120.0 1309.5 1499.0
1120.0 1309.5 1499.0
1120.0 1309.5 1499.0
1120.0 1309.5 1499.0
1120.0 1309.5 1499.0
1120.0 1309.5 1499.0
1120.0 1309.5 1499.0
1120.0 1309.5 1499.0
1120.0 1309.5 1499.0
1120.0 1309.5 1499.0
1120.0 1309.5 1499.0
1120.0 1309.5 1499.0
1120.0 1309.5 1499.0
1120.0 1309.5 1499.0
1120.0 1309.5 1499.0
1120.0 1309.5 1499.0
1120.0 1309.5 1499.0
1120.0 1309.5 1499.0
1120.0 1309.5 1499.0
1120.0 1309.5 1499.0
1120.0 1309.5 1499.0
1120.0 1309.5 1499.0
1120.0 1309.5 1499.0
1120.0 1309.5 1499.0
1120.0 1309.5 1499.0
1120.0 1309.5 1499.0
1120.0 1309.5 1499.0
1120.0 1309.5 1499.0
1120.0 1309.5 1499.0
1120.0 1309.5 1499.0
1120.0 1309.5 1499.0
1120.0 1309.5 1499.0
1120.0 1309.5 1499.0
1120.0 1309.5 1499.0
1120.0 1309.5 1499.0
1120.0 1309.5 1499.0
1120.0 1309.5 1499.0
1120.0 1309.5 1499.0
1120.0 1309.5 1499.0
1120.0 1309.5 1499.0
1120.0 1309.5 1499.0
1120.0 1309.5 1499.0
1120.0 1309.5 1499.0
1120.0 1309.5 1499.0
1120.0 1309.5 1499.0
1120.0 1309.5 1499.0
1120.0 1309.5 1499.0
1120.0 1309.5 1499.0
1120.0 1309.5 1499.0
1120.0 1309.5 1499.0
1120.0 1309.5 1499.0
1120.0 1309.5 1499.0
1120.0 1309.5 1499.0
1120.0 1309.5 1499.0
1120.0 1309.5 1499.0
1120.0 1309.5 1499.0
1120.0 1309.5 1499.0
1120.0 1309.5 1499.0
1120.0 1309.5 1499.0
1120.0 1309.5 1499.0
1120.0 1309.5 1499.0
1120.0 1309.5 1499.0
1120.0 1309.5 1499.0
1120.0 1309.5 1499.0
1120.0 1309.5 1499.0
1120.0 1309.5 1499.0
1120.0 1309.5 1499.0
1120.0 1309.5 1499.0
1120.0 1309.5 1499.0
1120.0 1309.5 1499.0
1120.0 1309.5 1499.0
1120.0 1309.5 1499.0
1120.0 1309.5 1499.0
1120.0 1309.5 1499.0
1120.0 1309.5 1499.0
1120.0 1309.5 1499.0
1120.0 1309.5 1499.0
1120.0 1309.5 1499.0
1120.0 1309.5 1499.0
1120.0 1309.5 1499.0
1120.0 1309.5 1499.0
1120.0 1309.5 1499.0
1120.0 1309.5 1499.0
1120.0 1309.5 1499.0
1120.0 1309.5 1499.0
1120.0 1309.5 1499.0
1120.0 1309.5 1499.0
1120.0 1309.5 1499.0
1120.0 1309.5 1499.0
1120.0 1309.5 1499.0
1120.0 1309.5 1499.0
1120.0 1309.5 1499.0
1120.0 1309.5 1499.0
1120.0 1309.5 1499.0
1120.0 1309.5 1499.0
1120.0 1309.5 1499.0
1120.0 1309.5 1499.0
1120.0 1309.5 1499.0
1120.0 1309.5 1499.0
1120.0 1309.5 1499.0
1120.0 1309.5 1499.0
1120.0 1309.5 1499.0
1120.0 1309.5 1499.0
1120.0 1309.5 1499.0
1120.0 1309.5 1499.0
1120.0 1309.5 1499.0
1120.0 1309.5 1499.0
1120.0 1309.5 1499.0
1120.0 1309.5 1499.0
1120.0 1309.5 1499.0
1120.0 1309.5 1499.0
1120.0 1309.5 1499.0
1120.0 1309.5 1499.0
1120.0 1309.5 1499.0
