11859.0 13632.0 15405.0
9170.0 9900.5 10631.0
8353.0 8730.5 9108.0
6040.0 6331.0 6622.0
4064.0 4869.5 5675.0
2866.0 3546.0 4226.0
2451.0 2693.0 2935.0
2451.0 3028.5 3606.0
1638.0 1928.5 2219.0
1638.0 1958.0 2278.0
1377.0 1387.5 1398.0
1377.0 1387.5 1398.0
1289.0 1340.0 1391.0
1289.0 1344.0 1399.0
791.0 999.5 1208.0
943.0 1075.5 1208.0
700.0 954.0 1208.0
694.0 951.0 1208.0
599.0 903.5 1208.0
599.0 903.5 1208.0
599.0 903.5 1208.0
599.0 903.5 1208.0
599.0 903.5 1208.0
599.0 903.5 1208.0
599.0 903.5 1208.0
599.0 903.5 1208.0
599.0 903.5 1208.0
599.0 903.5 1208.0
599.0 903.5 1208.0
599.0 903.5 1208.0
599.0 903.5 1208.0
599.0 903.5 1208.0
599.0 903.5 1208.0
599.0 903.5 1208.0
599.0 903.5 1208.0
599.0 903.5 1208.0
599.0 903.5 1208.0
599.0 903.5 1208.0
599.0 903.5 1208.0
599.0 903.5 1208.0
599.0 903.5 1208.0
599.0 903.5 1208.0
599.0 903.5 1208.0
599.0 903.5 1208.0
599.0 903.5 1208.0
599.0 903.5 1208.0
599.0 903.5 1208.0
599.0 903.5 1208.0
599.0 903.5 1208.0
599.0 903.5 1208.0
599.0 903.5 1208.0
599.0 903.5 1208.0
599.0 903.5 1208.0
599.0 903.5 1208.0
599.0 903.5 1208.0
599.0 903.5 1208.0
599.0 903.5 1208.0
599.0 903.5 1208.0
599.0 903.5 1208.0
599.0 903.5 1208.0
599.0 903.5 1208.0
599.0 903.5 1208.0
599.0 903.5 1208.0
599.0 903.5 1208.0
599.0 903.5 1208.0
599.0 903.5 1208.0
599.0 903.5 1208.0
599.0 903.5 1208.0
599.0 903.5 1208.0
599.0 903.5 1208.0
599.0 903.5 1208.0
599.0 903.5 1208.0
599.0 903.5 1208.0
599.0 903.5 1208.0
599.0 903.5 1208.0
599.0 903.5 1208.0
599.0 903.5 1208.0
599.0 903.5 1208.0
599.0 903.5 1208.0
599.0 903.5 1208.0
599.0 903.5 1208.0
599.0 903.5 1208.0
599.0 903.5 1208.0
599.0 903.5 1208.0
599.0 903.5 1208.0
599.0 903.5 1208.0
599.0 903.5 1208.0
599.0 903.5 1208.0
599.0 903.5 1208.0
599.0 903.5 1208.0
599.0 903.5 1208.0
599.0 903.5 1208.0
599.0 903.5 1208.0
599.0 903.5 1208.0
599.0 903.5 1208.0
599.0 903.5 1208.0
599.0 903.5 1208.0
599.0 903.5 1208.0
599.0 903.5 1208.0
599.0 903.5 1208.0
599.0 903.5 1208.0
599.0 903.5 1208.0
599.0 903.5 1208.0
599.0 903.5 1208.0
599.0 903.5 1208.0
599.0 903.5 1208.0
599.0 903.5 1208.0
599.0 903.5 1208.0
599.0 903.5 1208.0
599.0 903.5 1208.0
599.0 903.5 1208.0
599.0 903.5 1208.0
599.0 903.5 1208.0
599.0 903.5 1208.0
599.0 903.5 1208.0
599.0 903.5 1208.0
599.0 903.5 1208.0
599.0 903.5 1208.0
599.0 903.5 1208.0
599.0 903.5 1208.0
599.0 903.5 1208.0
599.0 903.5 1208.0
599.0 903.5 1208.0
599.0 903.5 1208.0
599.0 903.5 1208.0
599.0 903.5 1208.0
599.0 903.5 1208.0
599.0 903.5 1208.0
599.0 903.5 1208.0
599.0 903.5 1208.0
599.0 903.5 1208.0
599.0 903.5 1208.0
599.0 903.5 1208.0
599.0 903.5 1208.0
599.0 903.5 1208.0
599.0 903.5 1208.0
599.0 903.5 1208.0
599.0 903.5 1208.0
599.0 903.5 1208.0
599.0 903.5 1208.0
599.0 903.5 1208.0
599.0 903.5 1208.0
599.0 903.5 1208.0
599.0 903.5 1208.0
599.0 903.5 1208.0
599.0 903.5 1208.0
599.0 903.5 1208.0
599.0 903.5 1208.0
599.0 903.5 1208.0
599.0 903.5 1208.0
599.0 903.5 1208.0
599.0 903.5 1208.0
599.0 903.5 1208.0
599.0 903.5 1208.0
599.0 903.5 1208.0
599.0 903.5 1208.0
599.0 903.5 1208.0
599.0 903.5 1208.0
599.0 903.5 1208.0
599.0 903.5 1208.0
599.0 903.5 1208.0
599.0 903.5 1208.0
599.0 903.5 1208.0
599.0 903.5 1208.0
599.0 903.5 1208.0
599.0 903.5 1208.0
599.0 903.5 1208.0
599.0 903.5 1208.0
599.0 903.5 1208.0
599.0 903.5 1208.0
599.0 903.5 1208.0
599.0 903.5 1208.0
599.0 903.5 1208.0
599.0 903.5 1208.0
599.0 903.5 1208.0
599.0 903.5 1208.0
599.0 903.5 1208.0
599.0 903.5 1208.0
599.0 903.5 1208.0
599.0 903.5 1208.0
599.0 903.5 1208.0
599.0 903.5 1208.0
599.0 903.5 1208.0
599.0 903.5 1208.0
599.0 903.5 1208.0
599.0 903.5 1208.0
599.0 903.5 1208.0
599.0 903.5 1208.0
599.0 903.5 1208.0
599.0 903.5 1208.0
599.0 903.5 1208.0
599.0 903.5 1208.0
599.0 903.5 1208.0
599.0 903.5 1208.0
599.0 903.5 1208.0
599.0 903.5 1208.0
599.0 903.5 1208.0
599.0 903.5 1208.0
599.0 903.5 1208.0
599.0 903.5 1208.0
