16655.0 17947.5 19240.0
14660.0 15014.5 15369.0
13106.0 13784.5 14463.0
8159.0 9794.5 11430.0
6987.0 8709.0 10431.0
5547.0 6695.5 7844.0
5062.0 5855.5 6649.0
5406.0 6103.5 6801.0
3661.0 3802.5 3944.0
3275.0 3468.0 3661.0
3275.0 3468.0 3661.0
3275.0 3399.5 3524.0
3180.0 3227.5 3275.0
2686.0 2933.0 3180.0
2686.0 2933.0 3180.0
2686.0 2933.0 3180.0
2686.0 2933.0 3180.0
2686.0 2933.0 3180.0
2686.0 2933.0 3180.0
2300.0 2740.0 3180.0
2300.0 2740.0 3180.0
2300.0 2740.0 3180.0
2300.0 2740.0 3180.0
2300.0 2740.0 3180.0
2300.0 2740.0 3180.0
2300.0 2740.0 3180.0
1090.0 1808.5 2527.0
1090.0 1382.5 1675.0
1090.0 1382.5 1675.0
1090.0 1382.5 1675.0
1090.0 1382.5 1675.0
1090.0 1382.5 1675.0
1090.0 1382.5 1675.0
1090.0 1382.5 1675.0
1090.0 1382.5 1675.0
1090.0 1382.5 1675.0
1090.0 1382.5 1675.0
1090.0 1382.5 1675.0
1090.0 1382.5 1675.0
1090.0 1382.5 1675.0
1090.0 1382.5 1675.0
1090.0 1382.5 1675.0
1090.0 1382.5 1675.0
1090.0 1382.5 1675.0
1090.0 1382.5 1675.0
1090.0 1382.5 1675.0
1090.0 1382.5 1675.0
1090.0 1382.5 1675.0
1090.0 1382.5 1675.0
1090.0 1382.5 1675.0
1090.0 1382.5 1675.0
1090.0 1382.5 1675.0
1090.0 1382.5 1675.0
1090.0 1382.5 1675.0
1090.0 1382.5 1675.0
1090.0 1382.5 1675.0
1090.0 1382.5 1675.0
1090.0 1382.5 1675.0
1090.0 1382.5 1675.0
1090.0 1382.5 1675.0
1090.0 1382.5 1675.0
1090.0 1382.5 1675.0
1090.0 1382.5 1675.0
1090.0 1382.5 1675.0
1090.0 1382.5 1675.0
1090.0 1382.5 1675.0
1090.0 1382.5 1675.0
1090.0 1382.5 1675.0
1090.0 1382.5 1675.0
1090.0 1382.5 1675.0
1090.0 1382.5 1675.0
1090.0 1382.5 1675.0
1090.0 1382.5 1675.0
1090.0 1382.5 1675.0
1090.0 1382.5 1675.0
1090.0 1382.5 1675.0
1090.0 1382.5 1675.0
1090.0 1382.5 1675.0
1090.0 1382.5 1675.0
1090.0 1382.5 1675.0
1090.0 1382.5 1675.0
1090.0 1382.5 1675.0
1090.0 1382.5 1675.0
1090.0 1382.5 1675.0
1090.0 1382.5 1675.0
1090.0 1382.5 1675.0
1090.0 1382.5 1675.0
1090.0 1382.5 1675.0
1090.0 1382.5 1675.0
1090.0 1382.5 1675.0
1090.0 1382.5 1675.0
1090.0 1382.5 1675.0
1090.0 1382.5 1675.0
1090.0 1382.5 1675.0
1090.0 1382.5 1675.0
1090.0 1382.5 1675.0
1090.0 1382.5 1675.0
1090.0 1382.5 1675.0
1090.0 1382.5 1675.0
1090.0 1382.5 1675.0
1090.0 1382.5 1675.0
1090.0 1382.5 1675.0
1090.0 1382.5 1675.0
1090.0 1382.5 1675.0
1090.0 1382.5 1675.0
1090.0 1382.5 1675.0
1090.0 1382.5 1675.0
1090.0 1382.5 1675.0
1090.0 1382.5 1675.0
1090.0 1382.5 1675.0
1090.0 1382.5 1675.0
1090.0 1382.5 1675.0
1090.0 1382.5 1675.0
1090.0 1382.5 1675.0
1090.0 1382.5 1675.0
1090.0 1382.5 1675.0
1090.0 1382.5 1675.0
1090.0 1382.5 1675.0
1090.0 1382.5 1675.0
1090.0 1382.5 1675.0
1090.0 1382.5 1675.0
1090.0 1382.5 1675.0
1090.0 1382.5 1675.0
1090.0 1382.5 1675.0
1090.0 1382.5 1675.0
1090.0 1382.5 1675.0
1090.0 1382.5 1675.0
1090.0 1382.5 1675.0
1090.0 1382.5 1675.0
1090.0 1382.5 1675.0
1090.0 1382.5 1675.0
1090.0 1450.0 1810.0
1090.0 1450.0 1810.0
1090.0 1450.0 1810.0
1090.0 1450.0 1810.0
1090.0 1450.0 1810.0
1090.0 1450.0 1810.0
1090.0 1450.0 1810.0
1090.0 1450.0 1810.0
1090.0 1450.0 1810.0
1090.0 1450.0 1810.0
1090.0 1450.0 1810.0
1090.0 1450.0 1810.0
1090.0 1450.0 1810.0
1090.0 1450.0 1810.0
1090.0 1450.0 1810.0
1090.0 1450.0 1810.0
1090.0 1450.0 1810.0
1090.0 1450.0 1810.0
1090.0 1450.0 1810.0
1090.0 1450.0 1810.0
1090.0 1450.0 1810.0
1090.0 1450.0 1810.0
1090.0 1450.0 1810.0
1090.0 1450.0 1810.0
1090.0 1450.0 1810.0
1090.0 1450.0 1810.0
1090.0 1450.0 1810.0
1090.0 1450.0 1810.0
1090.0 1450.0 1810.0
1090.0 1450.0 1810.0
1090.0 1450.0 1810.0
1090.0 1450.0 1810.0
1090.0 1450.0 1810.0
1090.0 1450.0 1810.0
1090.0 1450.0 1810.0
1090.0 1450.0 1810.0
1090.0 1334.5 1579.0
1090.0 1305.0 1520.0
1090.0 1305.0 1520.0
1090.0 1305.0 1520.0
1090.0 1305.0 1520.0
1090.0 1305.0 1520.0
1090.0 1305.0 1520.0
1090.0 1305.0 1520.0
1090.0 1305.0 1520.0
1090.0 1305.0 1520.0
1090.0 1305.0 1520.0
1090.0 1305.0 1520.0
1090.0 1305.0 1520.0
1090.0 1305.0 1520.0
1090.0 1305.0 1520.0
1090.0 1305.0 1520.0
1090.0 1305.0 1520.0
1090.0 1305.0 1520.0
1090.0 1305.0 1520.0
1090.0 1305.0 1520.0
1090.0 1305.0 1520.0
1090.0 1305.0 1520.0
1090.0 1305.0 1520.0
1090.0 1305.0 1520.0
1090.0 1305.0 1520.0
1090.0 1305.0 1520.0
1090.0 1305.0 1520.0
1090.0 1305.0 1520.0
1090.0 1305.0 1520.0
1090.0 1305.0 1520.0
1090.0 1305.0 1520.0
1090.0 1305.0 1520.0
1090.0 1305.0 1520.0
