12742.0 12985.5 13229.0
7887.0 8398.5 8910.0
6241.0 6716.0 7191.0
4282.0 5156.5 6031.0
3798.0 4432.0 5066.0
3125.0 3474.0 3823.0
2212.0 2796.0 3380.0
2212.0 2311.5 2411.0
2299.0 2359.5 2420.0
1408.0 1527.0 1646.0
1408.0 1527.0 1646.0
1408.0 1527.0 1646.0
1245.0 1445.5 1646.0
1177.0 1411.5 1646.0
1177.0 1411.5 1646.0
1177.0 1411.5 1646.0
1177.0 1411.5 1646.0
1177.0 1411.5 1646.0
1177.0 1411.5 1646.0
1177.0 1411.5 1646.0
1177.0 1411.5 1646.0
1177.0 1411.5 1646.0
1177.0 1411.5 1646.0
1177.0 1411.5 1646.0
1177.0 1411.5 1646.0
1177.0 1411.5 1646.0
1177.0 1411.5 1646.0
1177.0 1411.5 1646.0
1177.0 1411.5 1646.0
1177.0 1411.5 1646.0
1177.0 1326.5 1476.0
1177.0 1326.5 1476.0
1177.0 1237.5 1298.0
1177.0 1237.5 1298.0
1177.0 1237.5 1298.0
1177.0 1237.5 1298.0
1177.0 1237.5 1298.0
1177.0 1237.5 1298.0
1177.0 1237.5 1298.0
1177.0 1237.5 1298.0
1177.0 1237.5 1298.0
1177.0 1237.5 1298.0
1177.0 1237.5 1298.0
1177.0 1237.5 1298.0
1177.0 1237.5 1298.0
1177.0 1237.5 1298.0
1177.0 1237.5 1298.0
1177.0 1237.5 1298.0
1177.0 1237.5 1298.0
1177.0 1237.5 1298.0
1177.0 1237.5 1298.0
1177.0 1237.5 1298.0
1177.0 1237.5 1298.0
1177.0 1237.5 1298.0
1177.0 1237.5 1298.0
1177.0 1237.5 1298.0
1177.0 1237.5 1298.0
1177.0 1237.5 1298.0
1177.0 1237.5 1298.0
1177.0 1237.5 1298.0
1177.0 1237.5 1298.0
1177.0 1237.5 1298.0
1177.0 1237.5 1298.0
1177.0 1237.5 1298.0
1177.0 1237.5 1298.0
867.0 1022.0 1177.0
867.0 1022.0 1177.0
797.0 987.0 1177.0
797.0 987.0 1177.0
797.0 987.0 1177.0
797.0 987.0 1177.0
797.0 987.0 1177.0
797.0 987.0 1177.0
797.0 987.0 1177.0
797.0 987.0 1177.0
797.0 987.0 1177.0
797.0 987.0 1177.0
797.0 987.0 1177.0
797.0 987.0 1177.0
797.0 987.0 1177.0
797.0 987.0 1177.0
797.0 987.0 1177.0
797.0 987.0 1177.0
797.0 987.0 1177.0
797.0 987.0 1177.0
797.0 987.0 1177.0
797.0 987.0 1177.0
797.0 987.0 1177.0
797.0 987.0 1177.0
797.0 987.0 1177.0
797.0 987.0 1177.0
797.0 987.0 1177.0
797.0 987.0 1177.0
797.0 987.0 1177.0
797.0 987.0 1177.0
797.0 987.0 1177.0
797.0 987.0 1177.0
797.0 987.0 1177.0
797.0 987.0 1177.0
797.0 987.0 1177.0
797.0 987.0 1177.0
797.0 987.0 1177.0
797.0 987.0 1177.0
797.0 987.0 1177.0
797.0 987.0 1177.0
797.0 987.0 1177.0
797.0 987.0 1177.0
797.0 987.0 1177.0
797.0 987.0 1177.0
797.0 987.0 1177.0
797.0 987.0 1177.0
797.0 987.0 1177.0
797.0 987.0 1177.0
797.0 987.0 1177.0
797.0 987.0 1177.0
797.0 987.0 1177.0
797.0 987.0 1177.0
797.0 987.0 1177.0
797.0 987.0 1177.0
797.0 987.0 1177.0
797.0 987.0 1177.0
797.0 987.0 1177.0
797.0 987.0 1177.0
797.0 1034.0 1271.0
797.0 1034.0 1271.0
797.0 926.0 1055.0
797.0 926.0 1055.0
797.0 862.0 927.0
797.0 862.0 927.0
797.0 862.0 927.0
797.0 861.5 926.0
797.0 844.5 892.0
797.0 844.5 892.0
797.0 844.5 892.0
797.0 844.5 892.0
797.0 844.5 892.0
797.0 844.5 892.0
797.0 844.5 892.0
797.0 844.5 892.0
797.0 844.5 892.0
797.0 844.5 892.0
797.0 844.5 892.0
797.0 844.5 892.0
797.0 844.5 892.0
797.0 844.5 892.0
797.0 844.5 892.0
797.0 844.5 892.0
797.0 844.5 892.0
797.0 844.5 892.0
797.0 844.5 892.0
797.0 844.5 892.0
797.0 844.5 892.0
797.0 844.5 892.0
797.0 844.5 892.0
797.0 844.5 892.0
797.0 844.5 892.0
797.0 844.5 892.0
797.0 844.5 892.0
797.0 844.5 892.0
797.0 844.5 892.0
797.0 844.5 892.0
797.0 844.5 892.0
797.0 844.5 892.0
797.0 844.5 892.0
797.0 844.5 892.0
797.0 844.5 892.0
797.0 844.5 892.0
797.0 844.5 892.0
797.0 844.5 892.0
797.0 844.5 892.0
797.0 844.5 892.0
797.0 844.5 892.0
797.0 844.5 892.0
797.0 844.5 892.0
797.0 844.5 892.0
797.0 844.5 892.0
797.0 844.5 892.0
797.0 844.5 892.0
797.0 844.5 892.0
797.0 844.5 892.0
797.0 844.5 892.0
797.0 844.5 892.0
797.0 844.5 892.0
797.0 844.5 892.0
797.0 844.5 892.0
797.0 844.5 892.0
797.0 844.5 892.0
797.0 844.5 892.0
797.0 844.5 892.0
797.0 844.5 892.0
797.0 844.5 892.0
797.0 844.5 892.0
797.0 844.5 892.0
797.0 844.5 892.0
797.0 844.5 892.0
797.0 844.5 892.0
797.0 844.5 892.0
797.0 844.5 892.0
797.0 844.5 892.0
797.0 844.5 892.0
