9240.0 10474.5 11709.0
7618.0 8195.0 8772.0
6129.0 7251.0 8373.0
5768.0 5948.5 6129.0
3989.0 5363.5 6738.0
3989.0 4306.5 4624.0
3989.0 4054.5 4120.0
2743.0 3299.0 3855.0
2743.0 3299.0 3855.0
2664.0 2996.0 3328.0
2025.0 2676.5 3328.0
2025.0 2815.5 3606.0
2025.0 2471.0 2917.0
2025.0 2471.0 2917.0
2631.0 2774.0 2917.0
2124.0 2520.5 2917.0
2298.0 2607.5 2917.0
2298.0 2607.5 2917.0
2298.0 2607.5 2917.0
2298.0 2607.5 2917.0
2298.0 2472.0 2646.0
2298.0 2471.5 2645.0
2298.0 2471.5 2645.0
2298.0 2471.5 2645.0
2298.0 2471.5 2645.0
2298.0 2471.5 2645.0
1459.0 2052.0 2645.0
1459.0 1802.0 2145.0
1459.0 1491.0 1523.0
1459.0 1491.0 1523.0
1459.0 1491.0 1523.0
1459.0 1491.0 1523.0
1459.0 1491.0 1523.0
1459.0 1491.0 1523.0
1459.0 1491.0 1523.0
1459.0 1491.0 1523.0
1459.0 1491.0 1523.0
1459.0 1491.0 1523.0
1459.0 1491.0 1523.0
1459.0 1491.0 1523.0
1459.0 1491.0 1523.0
1459.0 1491.0 1523.0
1459.0 1491.0 1523.0
1459.0 1491.0 1523.0
1459.0 1491.0 1523.0
1459.0 1491.0 1523.0
1459.0 1491.0 1523.0
1459.0 1491.0 1523.0
1459.0 1491.0 1523.0
1459.0 1491.0 1523.0
1459.0 1491.0 1523.0
1459.0 1491.0 1523.0
1459.0 1491.0 1523.0
1459.0 1491.0 1523.0
1459.0 1491.0 1523.0
1459.0 1491.0 1523.0
1459.0 1491.0 1523.0
1459.0 1491.0 1523.0
1459.0 1491.0 1523.0
1459.0 1491.0 1523.0
1459.0 1491.0 1523.0
1459.0 1491.0 1523.0
1459.0 1491.0 1523.0
1459.0 1491.0 1523.0
1459.0 1491.0 1523.0
1459.0 1491.0 1523.0
1459.0 1491.0 1523.0
1459.0 1491.0 1523.0
1459.0 1491.0 1523.0
1459.0 1491.0 1523.0
1459.0 1491.0 1523.0
1459.0 1491.0 1523.0
1459.0 1491.0 1523.0
1459.0 1491.0 1523.0
1459.0 1491.0 1523.0
1459.0 1491.0 1523.0
1459.0 1491.0 1523.0
1459.0 1491.0 1523.0
1459.0 1491.0 1523.0
1459.0 1491.0 1523.0
1459.0 1491.0 1523.0
1459.0 1491.0 1523.0
1459.0 1491.0 1523.0
1459.0 1491.0 1523.0
1459.0 1491.0 1523.0
1459.0 1491.0 1523.0
1459.0 1491.0 1523.0
1459.0 1491.0 1523.0
1459.0 1491.0 1523.0
1459.0 1491.0 1523.0
1459.0 1491.0 1523.0
1459.0 1491.0 1523.0
1459.0 1491.0 1523.0
1459.0 1491.0 1523.0
1459.0 1491.0 1523.0
1459.0 1491.0 1523.0
1459.0 1491.0 1523.0
1459.0 1491.0 1523.0
1459.0 1491.0 1523.0
1459.0 1491.0 1523.0
1459.0 1491.0 1523.0
1459.0 1491.0 1523.0
1459.0 1491.0 1523.0
1459.0 1491.0 1523.0
1459.0 1491.0 1523.0
1459.0 1491.0 1523.0
1459.0 1491.0 1523.0
1459.0 1491.0 1523.0
1459.0 1491.0 1523.0
1459.0 1491.0 1523.0
1459.0 1491.0 1523.0
1459.0 1491.0 1523.0
1459.0 1491.0 1523.0
1459.0 1491.0 1523.0
1459.0 1491.0 1523.0
1459.0 1491.0 1523.0
1459.0 1491.0 1523.0
1459.0 1491.0 1523.0
1459.0 1491.0 1523.0
1459.0 1491.0 1523.0
1459.0 1491.0 1523.0
1459.0 1491.0 1523.0
1459.0 1491.0 1523.0
1404.0 1463.5 1523.0
1459.0 1491.0 1523.0
1459.0 1491.0 1523.0
1459.0 1491.0 1523.0
1459.0 1491.0 1523.0
1459.0 1491.0 1523.0
1459.0 1491.0 1523.0
1459.0 1491.0 1523.0
1459.0 1491.0 1523.0
1459.0 1491.0 1523.0
1459.0 1491.0 1523.0
1459.0 1491.0 1523.0
1459.0 1491.0 1523.0
1459.0 1491.0 1523.0
1459.0 1491.0 1523.0
1459.0 1491.0 1523.0
1459.0 1491.0 1523.0
1459.0 1491.0 1523.0
1459.0 1491.0 1523.0
1459.0 1491.0 1523.0
1459.0 1491.0 1523.0
1459.0 1491.0 1523.0
1459.0 1491.0 1523.0
1459.0 1491.0 1523.0
1459.0 1491.0 1523.0
1459.0 1491.0 1523.0
1459.0 1491.0 1523.0
1459.0 1491.0 1523.0
1459.0 1491.0 1523.0
1459.0 1491.0 1523.0
1459.0 1491.0 1523.0
1459.0 1491.0 1523.0
1459.0 1491.0 1523.0
1459.0 1491.0 1523.0
1459.0 1491.0 1523.0
1459.0 1491.0 1523.0
1459.0 1491.0 1523.0
1459.0 1491.0 1523.0
1459.0 1491.0 1523.0
1459.0 1491.0 1523.0
1459.0 1491.0 1523.0
1459.0 1491.0 1523.0
1459.0 1491.0 1523.0
1459.0 1491.0 1523.0
1459.0 1491.0 1523.0
1459.0 1491.0 1523.0
1459.0 1491.0 1523.0
1459.0 1491.0 1523.0
1459.0 1491.0 1523.0
1459.0 1491.0 1523.0
1459.0 1491.0 1523.0
1459.0 1491.0 1523.0
1459.0 1491.0 1523.0
1459.0 1491.0 1523.0
1459.0 1491.0 1523.0
1459.0 1491.0 1523.0
1459.0 1491.0 1523.0
1459.0 1491.0 1523.0
1459.0 1491.0 1523.0
1459.0 1491.0 1523.0
1459.0 1491.0 1523.0
1459.0 1491.0 1523.0
1459.0 1491.0 1523.0
1459.0 1491.0 1523.0
1459.0 1491.0 1523.0
1459.0 1491.0 1523.0
1459.0 1491.0 1523.0
1459.0 1491.0 1523.0
1459.0 1491.0 1523.0
1459.0 1491.0 1523.0
1459.0 1491.0 1523.0
1459.0 1491.0 1523.0
1459.0 1491.0 1523.0
1459.0 1491.0 1523.0
1459.0 1491.0 1523.0
1459.0 1491.0 1523.0
1459.0 1491.0 1523.0
