10424.0 11257.5 12091.0
8950.0 9184.5 9419.0
7701.0 7886.5 8072.0
4035.0 4754.5 5474.0
3211.0 3623.0 4035.0
3211.0 3546.0 3881.0
2579.0 2920.5 3262.0
2579.0 2599.0 2619.0
1892.0 2241.0 2590.0
1892.0 2070.0 2248.0
1504.0 1552.5 1601.0
1077.0 1339.0 1601.0
1077.0 1339.0 1601.0
1077.0 1339.0 1601.0
1077.0 1339.0 1601.0
1077.0 1339.0 1601.0
1077.0 1339.0 1601.0
1077.0 1339.0 1601.0
1077.0 1339.0 1601.0
1077.0 1339.0 1601.0
1077.0 1339.0 1601.0
1077.0 1339.0 1601.0
1077.0 1339.0 1601.0
1116.0 1358.5 1601.0
1116.0 1358.5 1601.0
1116.0 1358.5 1601.0
1116.0 1358.5 1601.0
1116.0 1358.5 1601.0
1116.0 1358.5 1601.0
1116.0 1358.5 1601.0
1116.0 1358.5 1601.0
1116.0 1358.5 1601.0
1116.0 1358.5 1601.0
1116.0 1358.5 1601.0
1116.0 1358.5 1601.0
1116.0 1358.5 1601.0
1116.0 1358.5 1601.0
1116.0 1358.5 1601.0
1116.0 1358.5 1601.0
1116.0 1358.5 1601.0
1116.0 1358.5 1601.0
1116.0 1358.5 1601.0
1116.0 1358.5 1601.0
1116.0 1358.5 1601.0
1116.0 1358.5 1601.0
1116.0 1358.5 1601.0
1116.0 1358.5 1601.0
1116.0 1358.5 1601.0
1116.0 1358.5 1601.0
1116.0 1358.5 1601.0
1116.0 1358.5 1601.0
1116.0 1358.5 1601.0
1116.0 1358.5 1601.0
1116.0 1358.5 1601.0
1116.0 1358.5 1601.0
1116.0 1358.5 1601.0
1116.0 1358.5 1601.0
1116.0 1358.5 1601.0
1116.0 1358.5 1601.0
1116.0 1358.5 1601.0
1116.0 1358.5 1601.0
1116.0 1358.5 1601.0
1116.0 1358.5 1601.0
1116.0 1358.5 1601.0
1116.0 1358.5 1601.0
1116.0 1358.5 1601.0
1116.0 1358.5 1601.0
1116.0 1358.5 1601.0
1116.0 1358.5 1601.0
1116.0 1358.5 1601.0
1116.0 1358.5 1601.0
1116.0 1358.5 1601.0
1116.0 1358.5 1601.0
1116.0 1358.5 1601.0
1116.0 1358.5 1601.0
1116.0 1358.5 1601.0
1116.0 1358.5 1601.0
1116.0 1358.5 1601.0
1116.0 1358.5 1601.0
1116.0 1358.5 1601.0
1116.0 1358.5 1601.0
1116.0 1358.5 1601.0
1116.0 1358.5 1601.0
1116.0 1358.5 1601.0
1116.0 1358.5 1601.0
1116.0 1358.5 1601.0
1116.0 1358.5 1601.0
1116.0 1358.5 1601.0
1116.0 1358.5 1601.0
1116.0 1358.5 1601.0
1116.0 1358.5 1601.0
1116.0 1358.5 1601.0
1116.0 1358.5 1601.0
1116.0 1358.5 1601.0
1116.0 1358.5 1601.0
1116.0 1358.5 1601.0
1116.0 1358.5 1601.0
1116.0 1358.5 1601.0
1116.0 1358.5 1601.0
1116.0 1358.5 1601.0
1116.0 1358.5 1601.0
1116.0 1358.5 1601.0
1116.0 1358.5 1601.0
1116.0 1358.5 1601.0
1116.0 1358.5 1601.0
1116.0 1358.5 1601.0
1116.0 1358.5 1601.0
1116.0 1358.5 1601.0
1116.0 1358.5 1601.0
1116.0 1358.5 1601.0
1116.0 1358.5 1601.0
1116.0 1358.5 1601.0
1116.0 1358.5 1601.0
1116.0 1358.5 1601.0
1116.0 1358.5 1601.0
1116.0 1358.5 1601.0
1116.0 1358.5 1601.0
1116.0 1358.5 1601.0
1116.0 1358.5 1601.0
1116.0 1358.5 1601.0
1116.0 1358.5 1601.0
1116.0 1358.5 1601.0
1116.0 1358.5 1601.0
1116.0 1358.5 1601.0
1116.0 1358.5 1601.0
1116.0 1358.5 1601.0
1116.0 1358.5 1601.0
1116.0 1358.5 1601.0
1116.0 1358.5 1601.0
1116.0 1358.5 1601.0
1116.0 1358.5 1601.0
1116.0 1358.5 1601.0
1116.0 1358.5 1601.0
1116.0 1358.5 1601.0
1116.0 1358.5 1601.0
1116.0 1358.5 1601.0
1116.0 1358.5 1601.0
1116.0 1358.5 1601.0
1116.0 1358.5 1601.0
1116.0 1358.5 1601.0
1116.0 1358.5 1601.0
1116.0 1358.5 1601.0
1116.0 1358.5 1601.0
1116.0 1358.5 1601.0
1116.0 1358.5 1601.0
1116.0 1358.5 1601.0
1116.0 1358.5 1601.0
1116.0 1358.5 1601.0
1116.0 1358.5 1601.0
1116.0 1358.5 1601.0
1116.0 1358.5 1601.0
1116.0 1358.5 1601.0
1030.0 1073.0 1116.0
1030.0 1073.0 1116.0
1030.0 1073.0 1116.0
1030.0 1073.0 1116.0
900.0 1008.0 1116.0
900.0 1008.0 1116.0
900.0 1008.0 1116.0
900.0 1008.0 1116.0
900.0 1008.0 1116.0
900.0 1008.0 1116.0
900.0 1008.0 1116.0
900.0 1008.0 1116.0
900.0 1008.0 1116.0
900.0 1008.0 1116.0
900.0 1008.0 1116.0
900.0 1008.0 1116.0
900.0 1008.0 1116.0
900.0 1008.0 1116.0
900.0 1008.0 1116.0
900.0 1008.0 1116.0
900.0 1008.0 1116.0
900.0 1008.0 1116.0
900.0 1008.0 1116.0
900.0 1008.0 1116.0
900.0 1008.0 1116.0
900.0 1008.0 1116.0
900.0 1008.0 1116.0
900.0 1008.0 1116.0
900.0 1008.0 1116.0
900.0 1008.0 1116.0
900.0 1008.0 1116.0
900.0 1008.0 1116.0
900.0 1008.0 1116.0
900.0 1008.0 1116.0
900.0 1008.0 1116.0
900.0 1008.0 1116.0
900.0 1008.0 1116.0
900.0 1008.0 1116.0
900.0 1008.0 1116.0
900.0 1008.0 1116.0
900.0 1008.0 1116.0
900.0 1008.0 1116.0
900.0 1008.0 1116.0
900.0 1008.0 1116.0
900.0 1008.0 1116.0
900.0 1008.0 1116.0
900.0 1008.0 1116.0
900.0 1008.0 1116.0
