12676.0 13322.0 13968.0
9398.0 10999.0 12600.0
7347.0 8836.0 10325.0
7126.0 7170.5 7215.0
5296.0 5541.0 5786.0
4178.0 4398.0 4618.0
4178.0 4282.5 4387.0
2791.0 2810.5 2830.0
2830.0 2843.5 2857.0
2233.0 2529.5 2826.0
2233.0 2375.0 2517.0
2233.0 2242.0 2251.0
2251.0 2270.5 2290.0
2251.0 2270.5 2290.0
2251.0 2270.5 2290.0
2251.0 2270.5 2290.0
2251.0 2270.5 2290.0
2251.0 2270.5 2290.0
2251.0 2270.5 2290.0
2251.0 2270.5 2290.0
2251.0 2270.5 2290.0
2251.0 2270.5 2290.0
1470.0 1860.5 2251.0
1470.0 1860.5 2251.0
1519.0 1885.0 2251.0
1519.0 1885.0 2251.0
1519.0 1885.0 2251.0
1519.0 1885.0 2251.0
1519.0 1885.0 2251.0
1519.0 1885.0 2251.0
1519.0 1885.0 2251.0
1519.0 1885.0 2251.0
1519.0 1885.0 2251.0
1519.0 1885.0 2251.0
1519.0 1885.0 2251.0
1519.0 1885.0 2251.0
1519.0 1885.0 2251.0
1519.0 1885.0 2251.0
1519.0 1885.0 2251.0
1519.0 1885.0 2251.0
1519.0 1885.0 2251.0
1519.0 1885.0 2251.0
1519.0 1562.0 1605.0
1519.0 1562.0 1605.0
1246.0 1382.5 1519.0
1246.0 1382.5 1519.0
1246.0 1382.5 1519.0
1246.0 1382.5 1519.0
1246.0 1382.5 1519.0
1246.0 1382.5 1519.0
1246.0 1382.5 1519.0
1246.0 1382.5 1519.0
1246.0 1382.5 1519.0
1246.0 1382.5 1519.0
1246.0 1382.5 1519.0
1246.0 1382.5 1519.0
1246.0 1382.5 1519.0
1246.0 1382.5 1519.0
1246.0 1382.5 1519.0
1246.0 1382.5 1519.0
1246.0 1382.5 1519.0
1246.0 1382.5 1519.0
1246.0 1382.5 1519.0
1246.0 1382.5 1519.0
1246.0 1382.5 1519.0
1246.0 1382.5 1519.0
1246.0 1382.5 1519.0
1246.0 1382.5 1519.0
1246.0 1382.5 1519.0
1246.0 1382.5 1519.0
1246.0 1382.5 1519.0
1246.0 1382.5 1519.0
1246.0 1382.5 1519.0
1246.0 1382.5 1519.0
1246.0 1382.5 1519.0
1246.0 1382.5 1519.0
1246.0 1382.5 1519.0
1246.0 1382.5 1519.0
1246.0 1382.5 1519.0
1246.0 1382.5 1519.0
1246.0 1382.5 1519.0
1246.0 1382.5 1519.0
1246.0 1382.5 1519.0
1246.0 1382.5 1519.0
1246.0 1382.5 1519.0
1246.0 1382.5 1519.0
1246.0 1382.5 1519.0
1246.0 1382.5 1519.0
1246.0 1382.5 1519.0
1246.0 1382.5 1519.0
1246.0 1382.5 1519.0
1246.0 1382.5 1519.0
1246.0 1382.5 1519.0
1246.0 1382.5 1519.0
1246.0 1382.5 1519.0
1246.0 1382.5 1519.0
1246.0 1382.5 1519.0
1246.0 1382.5 1519.0
1246.0 1382.5 1519.0
1246.0 1382.5 1519.0
1246.0 1382.5 1519.0
1246.0 1382.5 1519.0
1246.0 1382.5 1519.0
1246.0 1382.5 1519.0
1246.0 1382.5 1519.0
1246.0 1382.5 1519.0
1246.0 1382.5 1519.0
1246.0 1382.5 1519.0
1246.0 1382.5 1519.0
1246.0 1382.5 1519.0
1246.0 1382.5 1519.0
1246.0 1382.5 1519.0
1246.0 1382.5 1519.0
1246.0 1382.5 1519.0
1246.0 1382.5 1519.0
1246.0 1382.5 1519.0
1246.0 1382.5 1519.0
1246.0 1382.5 1519.0
1246.0 1382.5 1519.0
1246.0 1382.5 1519.0
1246.0 1382.5 1519.0
1246.0 1382.5 1519.0
1246.0 1382.5 1519.0
1246.0 1382.5 1519.0
1246.0 1382.5 1519.0
1246.0 1382.5 1519.0
1246.0 1382.5 1519.0
1246.0 1382.5 1519.0
1246.0 1382.5 1519.0
1246.0 1382.5 1519.0
1246.0 1382.5 1519.0
1246.0 1382.5 1519.0
1246.0 1382.5 1519.0
1246.0 1382.5 1519.0
1246.0 1382.5 1519.0
1246.0 1382.5 1519.0
1246.0 1382.5 1519.0
1246.0 1382.5 1519.0
1246.0 1382.5 1519.0
1246.0 1382.5 1519.0
1246.0 1382.5 1519.0
1246.0 1382.5 1519.0
875.0 1197.0 1519.0
875.0 1197.0 1519.0
932.0 1225.5 1519.0
932.0 1225.5 1519.0
932.0 1225.5 1519.0
932.0 1225.5 1519.0
932.0 1225.5 1519.0
932.0 1225.5 1519.0
932.0 1225.5 1519.0
932.0 1225.5 1519.0
932.0 1225.5 1519.0
932.0 1225.5 1519.0
932.0 1225.5 1519.0
932.0 1225.5 1519.0
932.0 1225.5 1519.0
932.0 1225.5 1519.0
932.0 1225.5 1519.0
932.0 1225.5 1519.0
932.0 1225.5 1519.0
932.0 1225.5 1519.0
932.0 1225.5 1519.0
932.0 1225.5 1519.0
932.0 1225.5 1519.0
932.0 1225.5 1519.0
932.0 1225.5 1519.0
932.0 1225.5 1519.0
932.0 1225.5 1519.0
932.0 1225.5 1519.0
932.0 1225.5 1519.0
932.0 1225.5 1519.0
932.0 1225.5 1519.0
932.0 1225.5 1519.0
932.0 1225.5 1519.0
932.0 1225.5 1519.0
932.0 1225.5 1519.0
932.0 1225.5 1519.0
932.0 1225.5 1519.0
932.0 1225.5 1519.0
932.0 1225.5 1519.0
932.0 1225.5 1519.0
932.0 1225.5 1519.0
932.0 1225.5 1519.0
932.0 1225.5 1519.0
932.0 1225.5 1519.0
932.0 1225.5 1519.0
932.0 1225.5 1519.0
932.0 1225.5 1519.0
932.0 1225.5 1519.0
932.0 1225.5 1519.0
932.0 1225.5 1519.0
932.0 1225.5 1519.0
932.0 1225.5 1519.0
932.0 1225.5 1519.0
932.0 1225.5 1519.0
932.0 1225.5 1519.0
932.0 1225.5 1519.0
932.0 1225.5 1519.0
932.0 1225.5 1519.0
