10619.0 10661.5 10704.0
9297.0 9416.5 9536.0
8357.0 8551.0 8745.0
6025.0 6802.5 7580.0
3903.0 4370.5 4838.0
3735.0 3870.5 4006.0
2915.0 2953.5 2992.0
2658.0 2786.5 2915.0
1537.0 2050.5 2564.0
1537.0 1777.0 2017.0
1537.0 1777.0 2017.0
1537.0 1777.0 2017.0
1537.0 1645.0 1753.0
1453.0 1495.0 1537.0
1453.0 1495.0 1537.0
1537.0 1561.5 1586.0
1537.0 1561.5 1586.0
1399.0 1468.0 1537.0
1399.0 1468.0 1537.0
1035.0 1286.0 1537.0
1035.0 1286.0 1537.0
769.0 1153.0 1537.0
769.0 1153.0 1537.0
769.0 1153.0 1537.0
769.0 1153.0 1537.0
769.0 1153.0 1537.0
769.0 1153.0 1537.0
769.0 1153.0 1537.0
769.0 1249.5 1730.0
769.0 1249.5 1730.0
769.0 1249.5 1730.0
769.0 1249.5 1730.0
769.0 1249.5 1730.0
769.0 1249.5 1730.0
769.0 1249.5 1730.0
769.0 1249.5 1730.0
769.0 1249.5 1730.0
769.0 1249.5 1730.0
769.0 1249.5 1730.0
769.0 1249.5 1730.0
769.0 1249.5 1730.0
769.0 1249.5 1730.0
769.0 1249.5 1730.0
769.0 1249.5 1730.0
769.0 1249.5 1730.0
769.0 1249.5 1730.0
769.0 1249.5 1730.0
769.0 1249.5 1730.0
769.0 1249.5 1730.0
769.0 1249.5 1730.0
769.0 1249.5 1730.0
769.0 1249.5 1730.0
769.0 1249.5 1730.0
769.0 1249.5 1730.0
769.0 1249.5 1730.0
769.0 1249.5 1730.0
769.0 1249.5 1730.0
769.0 1249.5 1730.0
769.0 1249.5 1730.0
769.0 1249.5 1730.0
769.0 1249.5 1730.0
769.0 1249.5 1730.0
769.0 1249.5 1730.0
769.0 1249.5 1730.0
769.0 1249.5 1730.0
769.0 1249.5 1730.0
769.0 1249.5 1730.0
769.0 1249.5 1730.0
769.0 1249.5 1730.0
769.0 1249.5 1730.0
769.0 1249.5 1730.0
769.0 1249.5 1730.0
769.0 1249.5 1730.0
769.0 1249.5 1730.0
769.0 1249.5 1730.0
769.0 1249.5 1730.0
769.0 1249.5 1730.0
769.0 1249.5 1730.0
769.0 1249.5 1730.0
769.0 1249.5 1730.0
769.0 1249.5 1730.0
769.0 1249.5 1730.0
769.0 1249.5 1730.0
769.0 1249.5 1730.0
769.0 1249.5 1730.0
769.0 1249.5 1730.0
769.0 1249.5 1730.0
769.0 1249.5 1730.0
769.0 1249.5 1730.0
769.0 1249.5 1730.0
769.0 1249.5 1730.0
769.0 1249.5 1730.0
769.0 1249.5 1730.0
769.0 1249.5 1730.0
769.0 1249.5 1730.0
769.0 1249.5 1730.0
769.0 1249.5 1730.0
769.0 1249.5 1730.0
769.0 1249.5 1730.0
769.0 1249.5 1730.0
769.0 1249.5 1730.0
769.0 1249.5 1730.0
769.0 1249.5 1730.0
769.0 1249.5 1730.0
769.0 1249.5 1730.0
769.0 945.5 1122.0
769.0 854.5 940.0
769.0 854.5 940.0
769.0 854.5 940.0
769.0 854.5 940.0
769.0 854.5 940.0
769.0 854.5 940.0
769.0 854.5 940.0
769.0 854.5 940.0
769.0 854.5 940.0
769.0 854.5 940.0
769.0 854.5 940.0
769.0 854.5 940.0
769.0 854.5 940.0
769.0 854.5 940.0
769.0 854.5 940.0
769.0 854.5 940.0
769.0 854.5 940.0
769.0 854.5 940.0
769.0 854.5 940.0
769.0 854.5 940.0
769.0 854.5 940.0
769.0 854.5 940.0
769.0 854.5 940.0
769.0 854.5 940.0
769.0 854.5 940.0
769.0 854.5 940.0
769.0 854.5 940.0
769.0 854.5 940.0
769.0 854.5 940.0
769.0 854.5 940.0
769.0 854.5 940.0
769.0 854.5 940.0
769.0 854.5 940.0
769.0 854.5 940.0
769.0 854.5 940.0
769.0 854.5 940.0
769.0 854.5 940.0
769.0 854.5 940.0
769.0 854.5 940.0
769.0 854.5 940.0
769.0 854.5 940.0
769.0 854.5 940.0
769.0 854.5 940.0
769.0 854.5 940.0
769.0 854.5 940.0
769.0 854.5 940.0
769.0 854.5 940.0
769.0 854.5 940.0
769.0 854.5 940.0
769.0 854.5 940.0
769.0 854.5 940.0
769.0 854.5 940.0
769.0 854.5 940.0
769.0 854.5 940.0
769.0 854.5 940.0
769.0 854.5 940.0
769.0 854.5 940.0
769.0 854.5 940.0
769.0 854.5 940.0
769.0 854.5 940.0
769.0 854.5 940.0
769.0 854.5 940.0
769.0 854.5 940.0
769.0 854.5 940.0
769.0 854.5 940.0
769.0 854.5 940.0
769.0 854.5 940.0
769.0 854.5 940.0
769.0 854.5 940.0
900.0 920.0 940.0
900.0 920.0 940.0
900.0 920.0 940.0
890.0 915.0 940.0
890.0 915.0 940.0
890.0 915.0 940.0
890.0 915.0 940.0
890.0 915.0 940.0
890.0 915.0 940.0
890.0 915.0 940.0
890.0 915.0 940.0
890.0 915.0 940.0
890.0 915.0 940.0
890.0 915.0 940.0
890.0 915.0 940.0
890.0 915.0 940.0
890.0 915.0 940.0
890.0 915.0 940.0
890.0 915.0 940.0
890.0 915.0 940.0
890.0 915.0 940.0
890.0 915.0 940.0
890.0 915.0 940.0
890.0 915.0 940.0
890.0 915.0 940.0
