12622.0 12697.0 12772.0
10389.0 10741.5 11094.0
10462.0 10511.5 10561.0
7149.0 7939.5 8730.0
6698.0 7906.0 9114.0
4031.0 5473.5 6916.0
4031.0 4521.0 5011.0
3798.0 4022.5 4247.0
3259.0 3614.0 3969.0
2044.0 2438.5 2833.0
2044.0 2438.5 2833.0
2184.0 2416.5 2649.0
1874.0 2029.0 2184.0
1828.0 2006.0 2184.0
1874.0 2029.0 2184.0
1874.0 2029.0 2184.0
1874.0 2029.0 2184.0
1874.0 2029.0 2184.0
1688.0 1781.0 1874.0
1688.0 1781.0 1874.0
1688.0 1781.0 1874.0
1858.0 1866.0 1874.0
1858.0 1866.0 1874.0
1858.0 1866.0 1874.0
1858.0 1866.0 1874.0
1494.0 1684.0 1874.0
922.0 1398.0 1874.0
922.0 1398.0 1874.0
922.0 1398.0 1874.0
922.0 1398.0 1874.0
922.0 1398.0 1874.0
922.0 1398.0 1874.0
922.0 1398.0 1874.0
922.0 1398.0 1874.0
922.0 1398.0 1874.0
922.0 1398.0 1874.0
922.0 1398.0 1874.0
922.0 1398.0 1874.0
922.0 1398.0 1874.0
922.0 1398.0 1874.0
922.0 1398.0 1874.0
922.0 1398.0 1874.0
922.0 1398.0 1874.0
922.0 1398.0 1874.0
922.0 1398.0 1874.0
922.0 1398.0 1874.0
922.0 1398.0 1874.0
922.0 1398.0 1874.0
922.0 1398.0 1874.0
922.0 1398.0 1874.0
922.0 1398.0 1874.0
922.0 1398.0 1874.0
922.0 1398.0 1874.0
922.0 1398.0 1874.0
922.0 1398.0 1874.0
922.0 1398.0 1874.0
922.0 1398.0 1874.0
922.0 1398.0 1874.0
922.0 1398.0 1874.0
922.0 1398.0 1874.0
922.0 1398.0 1874.0
922.0 1398.0 1874.0
922.0 1398.0 1874.0
922.0 1398.0 1874.0
922.0 1398.0 1874.0
922.0 1398.0 1874.0
922.0 1398.0 1874.0
922.0 1398.0 1874.0
922.0 1398.0 1874.0
922.0 1398.0 1874.0
922.0 1398.0 1874.0
922.0 1398.0 1874.0
922.0 1398.0 1874.0
922.0 1398.0 1874.0
922.0 1398.0 1874.0
922.0 1398.0 1874.0
922.0 1398.0 1874.0
922.0 1398.0 1874.0
922.0 1398.0 1874.0
922.0 1398.0 1874.0
922.0 1398.0 1874.0
922.0 1398.0 1874.0
922.0 1398.0 1874.0
922.0 1398.0 1874.0
922.0 1398.0 1874.0
922.0 1398.0 1874.0
922.0 1398.0 1874.0
922.0 1398.0 1874.0
922.0 1398.0 1874.0
922.0 1398.0 1874.0
922.0 1398.0 1874.0
922.0 1398.0 1874.0
922.0 1438.0 1954.0
922.0 1339.5 1757.0
922.0 1339.5 1757.0
922.0 1339.5 1757.0
922.0 1339.5 1757.0
922.0 1339.5 1757.0
922.0 1339.5 1757.0
922.0 1339.5 1757.0
922.0 1339.5 1757.0
922.0 1339.5 1757.0
922.0 1339.5 1757.0
922.0 1339.5 1757.0
922.0 1339.5 1757.0
922.0 1339.5 1757.0
922.0 1339.5 1757.0
922.0 1339.5 1757.0
922.0 1339.5 1757.0
922.0 1339.5 1757.0
922.0 1339.5 1757.0
922.0 1339.5 1757.0
922.0 1339.5 1757.0
922.0 1339.5 1757.0
922.0 1339.5 1757.0
922.0 1339.5 1757.0
922.0 1339.5 1757.0
922.0 1339.5 1757.0
922.0 1339.5 1757.0
922.0 1339.5 1757.0
922.0 1339.5 1757.0
922.0 1339.5 1757.0
922.0 1339.5 1757.0
922.0 1339.5 1757.0
922.0 1339.5 1757.0
922.0 1339.5 1757.0
922.0 1339.5 1757.0
922.0 1339.5 1757.0
922.0 1339.5 1757.0
922.0 1339.5 1757.0
922.0 1339.5 1757.0
922.0 1339.5 1757.0
922.0 1339.5 1757.0
922.0 1339.5 1757.0
922.0 1339.5 1757.0
922.0 1339.5 1757.0
922.0 1339.5 1757.0
922.0 1339.5 1757.0
922.0 1339.5 1757.0
922.0 1339.5 1757.0
922.0 1339.5 1757.0
922.0 1339.5 1757.0
922.0 1339.5 1757.0
922.0 1063.5 1205.0
922.0 1236.5 1551.0
922.0 1063.5 1205.0
922.0 1063.5 1205.0
922.0 1063.5 1205.0
922.0 1063.5 1205.0
922.0 1063.5 1205.0
922.0 1063.5 1205.0
922.0 1063.5 1205.0
922.0 1063.5 1205.0
922.0 1063.5 1205.0
922.0 1063.5 1205.0
922.0 1063.5 1205.0
922.0 1063.5 1205.0
922.0 1063.5 1205.0
922.0 1063.5 1205.0
922.0 1063.5 1205.0
922.0 1063.5 1205.0
922.0 1063.5 1205.0
922.0 1063.5 1205.0
922.0 1063.5 1205.0
922.0 1063.5 1205.0
922.0 1063.5 1205.0
922.0 1063.5 1205.0
922.0 1063.5 1205.0
922.0 1063.5 1205.0
922.0 1063.5 1205.0
922.0 1063.5 1205.0
922.0 1063.5 1205.0
922.0 1063.5 1205.0
922.0 1063.5 1205.0
922.0 1063.5 1205.0
922.0 1063.5 1205.0
922.0 1063.5 1205.0
922.0 1063.5 1205.0
922.0 1063.5 1205.0
922.0 1063.5 1205.0
922.0 1063.5 1205.0
922.0 1063.5 1205.0
922.0 1063.5 1205.0
922.0 1063.5 1205.0
922.0 1063.5 1205.0
922.0 1063.5 1205.0
922.0 1063.5 1205.0
922.0 1063.5 1205.0
922.0 1063.5 1205.0
922.0 1063.5 1205.0
922.0 1063.5 1205.0
922.0 1063.5 1205.0
922.0 1063.5 1205.0
922.0 1063.5 1205.0
922.0 1063.5 1205.0
922.0 1063.5 1205.0
922.0 1063.5 1205.0
922.0 1063.5 1205.0
922.0 1063.5 1205.0
922.0 1063.5 1205.0
