10409.0 10726.0 11043.0
6916.0 7260.0 7604.0
7114.0 7359.0 7604.0
4341.0 4557.0 4773.0
4341.0 4779.0 5217.0
3790.0 3868.5 3947.0
2514.0 2587.5 2661.0
1761.0 1866.0 1971.0
1761.0 1864.0 1967.0
1761.0 1864.0 1967.0
1761.0 1864.0 1967.0
1761.0 1864.0 1967.0
1454.0 1710.5 1967.0
955.0 1289.5 1624.0
955.0 1289.5 1624.0
955.0 1289.5 1624.0
955.0 1289.5 1624.0
955.0 1289.5 1624.0
955.0 1289.5 1624.0
955.0 1289.5 1624.0
955.0 1289.5 1624.0
955.0 1289.5 1624.0
955.0 1289.5 1624.0
955.0 1289.5 1624.0
955.0 1289.5 1624.0
955.0 1289.5 1624.0
955.0 1112.0 1269.0
955.0 1112.0 1269.0
955.0 1112.0 1269.0
955.0 1112.0 1269.0
955.0 1112.0 1269.0
955.0 1112.0 1269.0
955.0 1112.0 1269.0
955.0 1112.0 1269.0
955.0 1112.0 1269.0
955.0 1112.0 1269.0
955.0 1112.0 1269.0
955.0 1112.0 1269.0
955.0 1112.0 1269.0
955.0 1046.0 1137.0
955.0 1046.0 1137.0
955.0 1046.0 1137.0
955.0 1046.0 1137.0
955.0 1046.0 1137.0
955.0 1046.0 1137.0
955.0 1046.0 1137.0
955.0 1046.0 1137.0
770.0 862.5 955.0
770.0 862.5 955.0
770.0 862.5 955.0
770.0 862.5 955.0
770.0 862.5 955.0
770.0 862.5 955.0
770.0 862.5 955.0
770.0 862.5 955.0
770.0 862.5 955.0
770.0 862.5 955.0
770.0 862.5 955.0
770.0 862.5 955.0
770.0 862.5 955.0
770.0 862.5 955.0
770.0 862.5 955.0
770.0 862.5 955.0
770.0 862.5 955.0
770.0 862.5 955.0
770.0 862.5 955.0
770.0 862.5 955.0
770.0 862.5 955.0
770.0 862.5 955.0
770.0 862.5 955.0
770.0 862.5 955.0
770.0 862.5 955.0
770.0 862.5 955.0
770.0 862.5 955.0
770.0 862.5 955.0
770.0 862.5 955.0
770.0 862.5 955.0
770.0 862.5 955.0
770.0 862.5 955.0
770.0 862.5 955.0
770.0 862.5 955.0
770.0 862.5 955.0
770.0 862.5 955.0
770.0 862.5 955.0
770.0 862.5 955.0
770.0 862.5 955.0
770.0 862.5 955.0
770.0 862.5 955.0
770.0 862.5 955.0
770.0 862.5 955.0
770.0 862.5 955.0
770.0 862.5 955.0
770.0 862.5 955.0
770.0 862.5 955.0
770.0 862.5 955.0
770.0 862.5 955.0
770.0 862.5 955.0
770.0 862.5 955.0
770.0 862.5 955.0
770.0 862.5 955.0
770.0 862.5 955.0
770.0 862.5 955.0
770.0 862.5 955.0
770.0 862.5 955.0
770.0 862.5 955.0
770.0 862.5 955.0
770.0 862.5 955.0
770.0 862.5 955.0
770.0 862.5 955.0
770.0 862.5 955.0
770.0 862.5 955.0
770.0 862.5 955.0
770.0 862.5 955.0
770.0 862.5 955.0
770.0 862.5 955.0
770.0 862.5 955.0
770.0 862.5 955.0
770.0 862.5 955.0
770.0 862.5 955.0
770.0 862.5 955.0
770.0 862.5 955.0
770.0 862.5 955.0
770.0 862.5 955.0
770.0 862.5 955.0
770.0 862.5 955.0
770.0 862.5 955.0
770.0 862.5 955.0
770.0 862.5 955.0
770.0 862.5 955.0
770.0 862.5 955.0
770.0 862.5 955.0
770.0 862.5 955.0
770.0 862.5 955.0
770.0 862.5 955.0
770.0 862.5 955.0
770.0 862.5 955.0
770.0 862.5 955.0
770.0 862.5 955.0
770.0 862.5 955.0
770.0 862.5 955.0
770.0 862.5 955.0
770.0 862.5 955.0
770.0 862.5 955.0
770.0 862.5 955.0
770.0 862.5 955.0
770.0 862.5 955.0
770.0 862.5 955.0
770.0 862.5 955.0
770.0 862.5 955.0
770.0 862.5 955.0
770.0 862.5 955.0
770.0 862.5 955.0
770.0 862.5 955.0
770.0 862.5 955.0
770.0 862.5 955.0
770.0 862.5 955.0
770.0 862.5 955.0
770.0 862.5 955.0
770.0 862.5 955.0
770.0 862.5 955.0
770.0 862.5 955.0
770.0 862.5 955.0
770.0 862.5 955.0
770.0 862.5 955.0
770.0 862.5 955.0
770.0 862.5 955.0
770.0 862.5 955.0
770.0 862.5 955.0
770.0 862.5 955.0
770.0 862.5 955.0
770.0 862.5 955.0
770.0 862.5 955.0
770.0 862.5 955.0
770.0 862.5 955.0
770.0 862.5 955.0
770.0 862.5 955.0
770.0 862.5 955.0
770.0 862.5 955.0
770.0 862.5 955.0
770.0 862.5 955.0
770.0 862.5 955.0
770.0 862.5 955.0
770.0 862.5 955.0
770.0 862.5 955.0
770.0 862.5 955.0
770.0 862.5 955.0
770.0 862.5 955.0
770.0 862.5 955.0
770.0 862.5 955.0
770.0 862.5 955.0
770.0 862.5 955.0
770.0 862.5 955.0
770.0 862.5 955.0
770.0 862.5 955.0
770.0 862.5 955.0
770.0 862.5 955.0
770.0 862.5 955.0
770.0 862.5 955.0
770.0 862.5 955.0
770.0 862.5 955.0
