9819.0 12773.0 15727.0
10884.0 12050.5 13217.0
7044.0 7948.0 8852.0
6832.0 7437.5 8043.0
5219.0 5782.0 6345.0
3339.0 4279.0 5219.0
3339.0 4151.5 4964.0
3510.0 3723.5 3937.0
2721.0 2906.5 3092.0
2721.0 2824.5 2928.0
2143.0 2432.0 2721.0
2262.0 2491.5 2721.0
2262.0 2491.5 2721.0
2262.0 2491.5 2721.0
2262.0 2491.5 2721.0
2262.0 2358.5 2455.0
1802.0 2032.0 2262.0
1674.0 1738.0 1802.0
1373.0 1587.5 1802.0
1373.0 1587.5 1802.0
1373.0 1587.5 1802.0
1373.0 1587.5 1802.0
1373.0 1587.5 1802.0
1373.0 1587.5 1802.0
1373.0 1587.5 1802.0
1333.0 1353.0 1373.0
1373.0 1375.0 1377.0
1373.0 1375.0 1377.0
1373.0 1375.0 1377.0
1373.0 1375.0 1377.0
1373.0 1375.0 1377.0
965.0 1171.0 1377.0
965.0 1171.0 1377.0
965.0 1171.0 1377.0
965.0 1171.0 1377.0
965.0 1171.0 1377.0
965.0 1171.0 1377.0
965.0 1171.0 1377.0
965.0 1171.0 1377.0
965.0 1171.0 1377.0
965.0 1171.0 1377.0
965.0 1171.0 1377.0
965.0 1171.0 1377.0
965.0 1171.0 1377.0
965.0 1171.0 1377.0
965.0 1171.0 1377.0
965.0 1171.0 1377.0
965.0 1171.0 1377.0
965.0 1171.0 1377.0
965.0 1171.0 1377.0
965.0 1171.0 1377.0
965.0 1171.0 1377.0
965.0 1171.0 1377.0
965.0 1171.0 1377.0
965.0 1171.0 1377.0
965.0 1171.0 1377.0
965.0 1171.0 1377.0
965.0 1171.0 1377.0
965.0 1171.0 1377.0
965.0 1171.0 1377.0
965.0 1171.0 1377.0
965.0 1171.0 1377.0
965.0 1171.0 1377.0
965.0 1171.0 1377.0
965.0 1171.0 1377.0
965.0 1171.0 1377.0
965.0 1171.0 1377.0
965.0 1171.0 1377.0
965.0 1171.0 1377.0
965.0 1171.0 1377.0
965.0 1171.0 1377.0
965.0 1171.0 1377.0
965.0 1171.0 1377.0
965.0 1171.0 1377.0
965.0 1171.0 1377.0
965.0 1171.0 1377.0
965.0 1171.0 1377.0
965.0 1171.0 1377.0
965.0 1171.0 1377.0
965.0 1171.0 1377.0
965.0 1171.0 1377.0
965.0 1171.0 1377.0
965.0 1171.0 1377.0
965.0 1171.0 1377.0
965.0 1171.0 1377.0
965.0 1171.0 1377.0
965.0 1171.0 1377.0
965.0 1171.0 1377.0
965.0 1171.0 1377.0
965.0 1171.0 1377.0
965.0 1171.0 1377.0
965.0 1171.0 1377.0
965.0 1171.0 1377.0
965.0 1171.0 1377.0
965.0 1171.0 1377.0
965.0 1171.0 1377.0
965.0 1171.0 1377.0
965.0 1171.0 1377.0
965.0 1171.0 1377.0
965.0 1171.0 1377.0
965.0 1171.0 1377.0
965.0 1171.0 1377.0
965.0 1171.0 1377.0
965.0 1171.0 1377.0
965.0 1171.0 1377.0
965.0 1171.0 1377.0
965.0 1171.0 1377.0
965.0 1171.0 1377.0
965.0 1171.0 1377.0
965.0 1171.0 1377.0
965.0 1171.0 1377.0
965.0 1171.0 1377.0
965.0 1171.0 1377.0
965.0 1171.0 1377.0
965.0 1171.0 1377.0
965.0 1171.0 1377.0
965.0 1171.0 1377.0
965.0 1171.0 1377.0
965.0 1171.0 1377.0
965.0 1171.0 1377.0
965.0 1171.0 1377.0
965.0 1171.0 1377.0
965.0 1171.0 1377.0
965.0 1171.0 1377.0
965.0 1171.0 1377.0
965.0 1171.0 1377.0
965.0 1171.0 1377.0
965.0 1171.0 1377.0
965.0 1171.0 1377.0
965.0 1171.0 1377.0
965.0 1171.0 1377.0
965.0 1171.0 1377.0
965.0 1171.0 1377.0
965.0 1171.0 1377.0
965.0 1171.0 1377.0
965.0 1171.0 1377.0
965.0 1171.0 1377.0
965.0 1171.0 1377.0
965.0 1171.0 1377.0
965.0 1171.0 1377.0
965.0 1171.0 1377.0
965.0 1171.0 1377.0
965.0 1171.0 1377.0
965.0 1171.0 1377.0
965.0 1171.0 1377.0
965.0 1171.0 1377.0
965.0 1171.0 1377.0
965.0 1171.0 1377.0
965.0 1171.0 1377.0
965.0 1171.0 1377.0
965.0 1171.0 1377.0
965.0 1171.0 1377.0
965.0 1171.0 1377.0
965.0 1171.0 1377.0
965.0 1171.0 1377.0
965.0 1171.0 1377.0
965.0 1171.0 1377.0
965.0 1171.0 1377.0
965.0 1171.0 1377.0
965.0 1171.0 1377.0
965.0 1171.0 1377.0
965.0 1171.0 1377.0
965.0 1171.0 1377.0
965.0 1171.0 1377.0
965.0 1171.0 1377.0
965.0 1171.0 1377.0
965.0 1171.0 1377.0
965.0 1171.0 1377.0
965.0 1171.0 1377.0
965.0 1171.0 1377.0
965.0 1171.0 1377.0
965.0 1171.0 1377.0
965.0 1171.0 1377.0
965.0 1171.0 1377.0
965.0 1171.0 1377.0
965.0 1171.0 1377.0
965.0 1171.0 1377.0
965.0 1171.0 1377.0
965.0 1171.0 1377.0
965.0 1171.0 1377.0
965.0 1171.0 1377.0
965.0 1171.0 1377.0
965.0 1171.0 1377.0
965.0 1171.0 1377.0
965.0 1171.0 1377.0
965.0 1171.0 1377.0
965.0 1171.0 1377.0
965.0 1171.0 1377.0
965.0 1171.0 1377.0
965.0 1171.0 1377.0
965.0 1171.0 1377.0
965.0 1171.0 1377.0
965.0 1171.0 1377.0
965.0 1171.0 1377.0
965.0 1171.0 1377.0
965.0 1171.0 1377.0
965.0 1171.0 1377.0
965.0 1171.0 1377.0
965.0 1171.0 1377.0
965.0 1171.0 1377.0
