15142.0 16139.5 17137.0
11454.0 13479.0 15504.0
9291.0 9304.5 9318.0
8258.0 8259.0 8260.0
6751.0 7008.5 7266.0
6091.0 6240.5 6390.0
5850.0 5970.5 6091.0
4322.0 5511.5 6701.0
4019.0 4170.5 4322.0
3713.0 3866.0 4019.0
3330.0 3674.5 4019.0
3330.0 3674.5 4019.0
3025.0 3522.0 4019.0
2661.0 3340.0 4019.0
2661.0 2945.0 3229.0
2661.0 2945.0 3229.0
2521.0 2875.0 3229.0
2230.0 2645.5 3061.0
2230.0 2425.5 2621.0
2230.0 2425.5 2621.0
2230.0 2425.5 2621.0
2230.0 2425.5 2621.0
2230.0 2338.0 2446.0
2230.0 2338.0 2446.0
2230.0 2338.0 2446.0
2230.0 2338.0 2446.0
2230.0 2338.0 2446.0
2446.0 2548.5 2651.0
1594.0 2020.0 2446.0
1594.0 2020.0 2446.0
1594.0 2020.0 2446.0
1594.0 2020.0 2446.0
1594.0 2020.0 2446.0
1594.0 2020.0 2446.0
1594.0 2020.0 2446.0
1594.0 2020.0 2446.0
1594.0 2020.0 2446.0
1594.0 2020.0 2446.0
1594.0 2020.0 2446.0
1594.0 2020.0 2446.0
1594.0 2020.0 2446.0
1594.0 2020.0 2446.0
1594.0 2020.0 2446.0
1594.0 2020.0 2446.0
1594.0 2020.0 2446.0
1594.0 2020.0 2446.0
1594.0 2020.0 2446.0
1594.0 2020.0 2446.0
1594.0 2020.0 2446.0
1594.0 2020.0 2446.0
1594.0 2020.0 2446.0
1594.0 2020.0 2446.0
1594.0 2020.0 2446.0
1594.0 2020.0 2446.0
1594.0 2020.0 2446.0
1594.0 2020.0 2446.0
1594.0 2020.0 2446.0
1594.0 2020.0 2446.0
1307.0 1450.5 1594.0
1307.0 1450.5 1594.0
1307.0 1450.5 1594.0
1307.0 1450.5 1594.0
1307.0 1450.5 1594.0
1307.0 1450.5 1594.0
1307.0 1450.5 1594.0
1307.0 1450.5 1594.0
1307.0 1450.5 1594.0
1307.0 1450.5 1594.0
1307.0 1450.5 1594.0
1307.0 1450.5 1594.0
1307.0 1450.5 1594.0
1307.0 1450.5 1594.0
1307.0 1450.5 1594.0
1307.0 1450.5 1594.0
1307.0 1450.5 1594.0
1307.0 1450.5 1594.0
1307.0 1450.5 1594.0
1307.0 1450.5 1594.0
1307.0 1450.5 1594.0
1307.0 1456.0 1605.0
1307.0 1456.0 1605.0
1307.0 1456.0 1605.0
1307.0 1456.0 1605.0
1307.0 1456.0 1605.0
1307.0 1456.0 1605.0
1307.0 1456.0 1605.0
1307.0 1456.0 1605.0
1307.0 1331.5 1356.0
1185.0 1246.0 1307.0
1185.0 1246.0 1307.0
1185.0 1246.0 1307.0
1185.0 1246.0 1307.0
1185.0 1246.0 1307.0
1185.0 1246.0 1307.0
1185.0 1246.0 1307.0
1185.0 1246.0 1307.0
1185.0 1246.0 1307.0
1185.0 1246.0 1307.0
1185.0 1246.0 1307.0
1185.0 1246.0 1307.0
1185.0 1246.0 1307.0
1185.0 1246.0 1307.0
1185.0 1246.0 1307.0
1185.0 1246.0 1307.0
1185.0 1246.0 1307.0
1185.0 1246.0 1307.0
1185.0 1246.0 1307.0
1185.0 1246.0 1307.0
1185.0 1246.0 1307.0
1185.0 1246.0 1307.0
1185.0 1246.0 1307.0
1185.0 1246.0 1307.0
1185.0 1246.0 1307.0
1185.0 1246.0 1307.0
1185.0 1246.0 1307.0
1185.0 1246.0 1307.0
1185.0 1246.0 1307.0
1185.0 1246.0 1307.0
1185.0 1246.0 1307.0
1185.0 1246.0 1307.0
1185.0 1246.0 1307.0
1185.0 1246.0 1307.0
1185.0 1246.0 1307.0
1185.0 1246.0 1307.0
1185.0 1246.0 1307.0
1185.0 1246.0 1307.0
1185.0 1246.0 1307.0
1185.0 1246.0 1307.0
1185.0 1246.0 1307.0
1185.0 1246.0 1307.0
1185.0 1246.0 1307.0
1185.0 1246.0 1307.0
1185.0 1246.0 1307.0
1185.0 1246.0 1307.0
1185.0 1246.0 1307.0
1185.0 1246.0 1307.0
1185.0 1246.0 1307.0
1185.0 1246.0 1307.0
1185.0 1246.0 1307.0
1185.0 1246.0 1307.0
1185.0 1246.0 1307.0
1185.0 1246.0 1307.0
1185.0 1246.0 1307.0
1185.0 1246.0 1307.0
1185.0 1246.0 1307.0
1185.0 1246.0 1307.0
1185.0 1246.0 1307.0
1185.0 1246.0 1307.0
1185.0 1246.0 1307.0
1185.0 1246.0 1307.0
1185.0 1246.0 1307.0
1185.0 1246.0 1307.0
1185.0 1246.0 1307.0
1185.0 1246.0 1307.0
1185.0 1246.0 1307.0
1185.0 1246.0 1307.0
1185.0 1246.0 1307.0
1185.0 1246.0 1307.0
1185.0 1246.0 1307.0
1185.0 1246.0 1307.0
1185.0 1246.0 1307.0
1185.0 1246.0 1307.0
1185.0 1246.0 1307.0
1185.0 1246.0 1307.0
1185.0 1246.0 1307.0
1185.0 1246.0 1307.0
1185.0 1418.5 1652.0
1185.0 1418.5 1652.0
1185.0 1418.5 1652.0
1185.0 1418.5 1652.0
1185.0 1403.0 1621.0
1185.0 1403.0 1621.0
1185.0 1403.0 1621.0
1185.0 1403.0 1621.0
1185.0 1403.0 1621.0
1185.0 1403.0 1621.0
1185.0 1403.0 1621.0
1185.0 1403.0 1621.0
1185.0 1403.0 1621.0
1185.0 1403.0 1621.0
1185.0 1403.0 1621.0
1185.0 1403.0 1621.0
1185.0 1403.0 1621.0
1185.0 1403.0 1621.0
1185.0 1403.0 1621.0
1185.0 1403.0 1621.0
1185.0 1403.0 1621.0
1185.0 1403.0 1621.0
1185.0 1403.0 1621.0
1185.0 1403.0 1621.0
1185.0 1403.0 1621.0
1185.0 1403.0 1621.0
1185.0 1403.0 1621.0
1185.0 1403.0 1621.0
1185.0 1403.0 1621.0
1185.0 1403.0 1621.0
1185.0 1403.0 1621.0
1185.0 1403.0 1621.0
1185.0 1403.0 1621.0
1185.0 1403.0 1621.0
