13029.0 13482.0 13935.0
10300.0 10744.5 11189.0
9059.0 9099.5 9140.0
6938.0 7264.5 7591.0
6032.0 6130.0 6228.0
4677.0 4705.0 4733.0
3900.0 4288.5 4677.0
3493.0 3513.5 3534.0
3558.0 3780.0 4002.0
2785.0 3026.0 3267.0
1808.0 2336.5 2865.0
1752.0 1780.0 1808.0
1752.0 1875.5 1999.0
1752.0 1875.5 1999.0
1064.0 1408.0 1752.0
1064.0 1408.0 1752.0
1064.0 1408.0 1752.0
1064.0 1408.0 1752.0
1064.0 1408.0 1752.0
1064.0 1408.0 1752.0
1064.0 1408.0 1752.0
1064.0 1408.0 1752.0
1064.0 1408.0 1752.0
1064.0 1408.0 1752.0
1064.0 1408.0 1752.0
1064.0 1408.0 1752.0
1064.0 1408.0 1752.0
1064.0 1408.0 1752.0
1064.0 1408.0 1752.0
1064.0 1408.0 1752.0
1064.0 1408.0 1752.0
1064.0 1408.0 1752.0
1064.0 1408.0 1752.0
1064.0 1408.0 1752.0
1064.0 1408.0 1752.0
1064.0 1408.0 1752.0
1064.0 1408.0 1752.0
1064.0 1408.0 1752.0
1064.0 1408.0 1752.0
1064.0 1408.0 1752.0
1064.0 1408.0 1752.0
1064.0 1408.0 1752.0
1064.0 1408.0 1752.0
1064.0 1408.0 1752.0
1064.0 1408.0 1752.0
1064.0 1408.0 1752.0
1064.0 1408.0 1752.0
1064.0 1408.0 1752.0
1064.0 1408.0 1752.0
1064.0 1408.0 1752.0
1064.0 1408.0 1752.0
1064.0 1408.0 1752.0
1064.0 1408.0 1752.0
1064.0 1408.0 1752.0
1064.0 1408.0 1752.0
1064.0 1408.0 1752.0
1064.0 1408.0 1752.0
1064.0 1408.0 1752.0
1064.0 1354.5 1645.0
1064.0 1354.5 1645.0
1064.0 1354.5 1645.0
1064.0 1205.5 1347.0
1064.0 1205.5 1347.0
1064.0 1205.5 1347.0
1064.0 1205.5 1347.0
1064.0 1205.5 1347.0
1064.0 1205.5 1347.0
1064.0 1205.5 1347.0
1064.0 1205.5 1347.0
1064.0 1205.5 1347.0
1064.0 1205.5 1347.0
1064.0 1205.5 1347.0
1064.0 1205.5 1347.0
1064.0 1205.5 1347.0
1064.0 1205.5 1347.0
1064.0 1205.5 1347.0
1064.0 1205.5 1347.0
1064.0 1205.5 1347.0
1064.0 1205.5 1347.0
1064.0 1205.5 1347.0
1064.0 1205.5 1347.0
1064.0 1205.5 1347.0
1064.0 1205.5 1347.0
1064.0 1205.5 1347.0
1064.0 1205.5 1347.0
1064.0 1205.5 1347.0
1064.0 1205.5 1347.0
1064.0 1205.5 1347.0
1064.0 1205.5 1347.0
1064.0 1205.5 1347.0
1064.0 1205.5 1347.0
1064.0 1205.5 1347.0
1064.0 1205.5 1347.0
1064.0 1205.5 1347.0
1064.0 1205.5 1347.0
1064.0 1205.5 1347.0
1064.0 1205.5 1347.0
1064.0 1205.5 1347.0
1064.0 1205.5 1347.0
1064.0 1205.5 1347.0
1064.0 1205.5 1347.0
1064.0 1205.5 1347.0
1064.0 1205.5 1347.0
1064.0 1205.5 1347.0
1064.0 1205.5 1347.0
1064.0 1205.5 1347.0
1064.0 1205.5 1347.0
1064.0 1205.5 1347.0
1064.0 1205.5 1347.0
1064.0 1205.5 1347.0
1064.0 1205.5 1347.0
1064.0 1205.5 1347.0
1064.0 1205.5 1347.0
1064.0 1205.5 1347.0
1064.0 1205.5 1347.0
1064.0 1205.5 1347.0
1064.0 1205.5 1347.0
1064.0 1205.5 1347.0
1064.0 1205.5 1347.0
1064.0 1205.5 1347.0
1064.0 1205.5 1347.0
1064.0 1205.5 1347.0
1064.0 1205.5 1347.0
1064.0 1205.5 1347.0
1064.0 1205.5 1347.0
1064.0 1205.5 1347.0
1064.0 1205.5 1347.0
1064.0 1205.5 1347.0
1064.0 1205.5 1347.0
1064.0 1205.5 1347.0
1064.0 1205.5 1347.0
1064.0 1205.5 1347.0
1064.0 1205.5 1347.0
1064.0 1205.5 1347.0
1064.0 1205.5 1347.0
1064.0 1205.5 1347.0
1064.0 1205.5 1347.0
1064.0 1205.5 1347.0
1064.0 1205.5 1347.0
1064.0 1205.5 1347.0
1064.0 1205.5 1347.0
1064.0 1205.5 1347.0
1064.0 1205.5 1347.0
1064.0 1205.5 1347.0
1064.0 1205.5 1347.0
1064.0 1205.5 1347.0
1064.0 1205.5 1347.0
1064.0 1205.5 1347.0
1064.0 1205.5 1347.0
1064.0 1205.5 1347.0
1064.0 1205.5 1347.0
1064.0 1205.5 1347.0
1064.0 1205.5 1347.0
1064.0 1205.5 1347.0
1064.0 1205.5 1347.0
1064.0 1205.5 1347.0
1064.0 1205.5 1347.0
1064.0 1205.5 1347.0
1064.0 1205.5 1347.0
1064.0 1205.5 1347.0
1064.0 1205.5 1347.0
1064.0 1205.5 1347.0
1064.0 1205.5 1347.0
1064.0 1205.5 1347.0
1064.0 1205.5 1347.0
1064.0 1205.5 1347.0
1064.0 1205.5 1347.0
1064.0 1205.5 1347.0
1064.0 1205.5 1347.0
1064.0 1205.5 1347.0
1064.0 1205.5 1347.0
1064.0 1205.5 1347.0
1064.0 1205.5 1347.0
1064.0 1205.5 1347.0
1064.0 1205.5 1347.0
1064.0 1205.5 1347.0
1064.0 1205.5 1347.0
1064.0 1205.5 1347.0
1064.0 1205.5 1347.0
1064.0 1205.5 1347.0
1064.0 1205.5 1347.0
1064.0 1205.5 1347.0
1064.0 1205.5 1347.0
1064.0 1205.5 1347.0
1064.0 1205.5 1347.0
1064.0 1205.5 1347.0
1064.0 1205.5 1347.0
1064.0 1205.5 1347.0
1064.0 1205.5 1347.0
1064.0 1205.5 1347.0
1064.0 1205.5 1347.0
1064.0 1205.5 1347.0
1064.0 1205.5 1347.0
1064.0 1205.5 1347.0
1064.0 1205.5 1347.0
1064.0 1205.5 1347.0
1064.0 1205.5 1347.0
1064.0 1205.5 1347.0
1064.0 1205.5 1347.0
1064.0 1205.5 1347.0
