10525.0 11773.5 13022.0
9108.0 9437.5 9767.0
8186.0 8790.5 9395.0
6739.0 6832.0 6925.0
6532.0 6635.5 6739.0
3265.0 4269.0 5273.0
3265.0 3617.5 3970.0
3188.0 3792.0 4396.0
2564.0 3052.0 3540.0
2564.0 2619.5 2675.0
2248.0 2461.5 2675.0
2248.0 2461.5 2675.0
2248.0 2461.5 2675.0
2248.0 2461.5 2675.0
2248.0 2461.5 2675.0
2248.0 2461.5 2675.0
2248.0 2461.5 2675.0
2248.0 2461.5 2675.0
2079.0 2377.0 2675.0
2079.0 2377.0 2675.0
1431.0 2053.0 2675.0
1431.0 2053.0 2675.0
1231.0 1953.0 2675.0
1231.0 1953.0 2675.0
1231.0 1953.0 2675.0
1605.0 2140.0 2675.0
1605.0 2156.5 2708.0
1605.0 1640.0 1675.0
1605.0 1984.0 2363.0
1605.0 1984.0 2363.0
1605.0 1984.0 2363.0
1605.0 1984.0 2363.0
1605.0 1984.0 2363.0
1605.0 1984.0 2363.0
1605.0 1878.5 2152.0
1605.0 1878.5 2152.0
1605.0 1878.5 2152.0
1605.0 1878.5 2152.0
1605.0 1878.5 2152.0
1605.0 1878.5 2152.0
1605.0 1878.5 2152.0
1605.0 1878.5 2152.0
1605.0 1878.5 2152.0
1605.0 1878.5 2152.0
1605.0 1878.5 2152.0
1605.0 1878.5 2152.0
1605.0 1878.5 2152.0
1605.0 1878.5 2152.0
1605.0 1878.5 2152.0
1605.0 1878.5 2152.0
1605.0 1878.5 2152.0
1605.0 1878.5 2152.0
1605.0 1878.5 2152.0
1605.0 1878.5 2152.0
1605.0 1878.5 2152.0
1605.0 1878.5 2152.0
1605.0 1878.5 2152.0
1605.0 1878.5 2152.0
1605.0 1878.5 2152.0
727.0 1166.0 1605.0
727.0 1166.0 1605.0
727.0 1166.0 1605.0
727.0 1166.0 1605.0
727.0 1166.0 1605.0
727.0 1166.0 1605.0
727.0 1166.0 1605.0
727.0 1166.0 1605.0
727.0 1166.0 1605.0
727.0 1166.0 1605.0
727.0 1166.0 1605.0
727.0 1166.0 1605.0
727.0 1166.0 1605.0
727.0 1166.0 1605.0
727.0 1166.0 1605.0
727.0 1166.0 1605.0
727.0 1166.0 1605.0
727.0 1166.0 1605.0
727.0 1166.0 1605.0
727.0 1166.0 1605.0
727.0 1166.0 1605.0
727.0 1166.0 1605.0
727.0 1166.0 1605.0
727.0 1166.0 1605.0
727.0 1166.0 1605.0
727.0 1166.0 1605.0
727.0 1166.0 1605.0
727.0 1166.0 1605.0
727.0 1166.0 1605.0
727.0 1166.0 1605.0
727.0 1166.0 1605.0
727.0 1166.0 1605.0
727.0 1166.0 1605.0
727.0 1166.0 1605.0
727.0 1166.0 1605.0
727.0 1166.0 1605.0
727.0 1166.0 1605.0
727.0 1166.0 1605.0
727.0 1166.0 1605.0
727.0 1166.0 1605.0
727.0 1166.0 1605.0
727.0 1166.0 1605.0
727.0 1166.0 1605.0
727.0 1166.0 1605.0
727.0 1166.0 1605.0
727.0 1166.0 1605.0
727.0 1166.0 1605.0
727.0 1166.0 1605.0
727.0 1166.0 1605.0
727.0 1166.0 1605.0
727.0 1166.0 1605.0
727.0 1166.0 1605.0
727.0 1166.0 1605.0
727.0 1166.0 1605.0
727.0 1166.0 1605.0
727.0 1166.0 1605.0
727.0 1166.0 1605.0
727.0 1166.0 1605.0
727.0 1166.0 1605.0
727.0 1166.0 1605.0
727.0 1166.0 1605.0
727.0 1166.0 1605.0
727.0 1166.0 1605.0
727.0 1166.0 1605.0
727.0 1166.0 1605.0
727.0 1166.0 1605.0
727.0 1166.0 1605.0
727.0 1166.0 1605.0
727.0 1166.0 1605.0
727.0 1166.0 1605.0
727.0 1166.0 1605.0
727.0 1166.0 1605.0
727.0 1166.0 1605.0
727.0 1166.0 1605.0
727.0 1166.0 1605.0
727.0 1166.0 1605.0
727.0 1166.0 1605.0
727.0 1166.0 1605.0
727.0 1166.0 1605.0
727.0 1166.0 1605.0
727.0 1166.0 1605.0
727.0 1166.0 1605.0
727.0 1166.0 1605.0
727.0 1166.0 1605.0
727.0 1166.0 1605.0
727.0 1166.0 1605.0
727.0 1166.0 1605.0
727.0 1166.0 1605.0
727.0 1166.0 1605.0
727.0 1166.0 1605.0
727.0 1166.0 1605.0
727.0 1166.0 1605.0
727.0 1166.0 1605.0
727.0 1166.0 1605.0
727.0 1166.0 1605.0
727.0 1166.0 1605.0
727.0 1166.0 1605.0
727.0 1166.0 1605.0
727.0 1166.0 1605.0
727.0 1166.0 1605.0
727.0 1166.0 1605.0
727.0 1166.0 1605.0
727.0 1166.0 1605.0
727.0 1166.0 1605.0
727.0 1166.0 1605.0
727.0 1166.0 1605.0
727.0 1166.0 1605.0
727.0 1166.0 1605.0
727.0 1166.0 1605.0
727.0 1166.0 1605.0
727.0 1166.0 1605.0
727.0 1166.0 1605.0
727.0 1166.0 1605.0
727.0 1166.0 1605.0
727.0 1166.0 1605.0
727.0 1166.0 1605.0
727.0 1166.0 1605.0
727.0 1166.0 1605.0
727.0 1166.0 1605.0
727.0 1166.0 1605.0
727.0 1166.0 1605.0
727.0 1166.0 1605.0
727.0 1166.0 1605.0
727.0 1166.0 1605.0
727.0 1166.0 1605.0
727.0 1166.0 1605.0
727.0 1166.0 1605.0
727.0 1166.0 1605.0
727.0 1166.0 1605.0
727.0 1166.0 1605.0
727.0 1166.0 1605.0
727.0 1166.0 1605.0
727.0 1166.0 1605.0
727.0 1166.0 1605.0
727.0 1166.0 1605.0
727.0 1166.0 1605.0
727.0 1166.0 1605.0
727.0 1166.0 1605.0
727.0 1166.0 1605.0
727.0 1166.0 1605.0
727.0 1166.0 1605.0
