12656.0 13117.5 13579.0
8141.0 8714.0 9287.0
7194.0 7276.5 7359.0
5855.0 6121.5 6388.0
4615.0 5195.0 5775.0
3648.0 3807.0 3966.0
3202.0 3425.0 3648.0
2572.0 2693.5 2815.0
2436.0 2437.5 2439.0
1818.0 2127.0 2436.0
1534.0 1676.0 1818.0
1534.0 1661.0 1788.0
1296.0 1542.0 1788.0
1268.0 1528.0 1788.0
1268.0 1528.0 1788.0
1268.0 1528.0 1788.0
793.0 1030.5 1268.0
793.0 1030.5 1268.0
793.0 1030.5 1268.0
793.0 1030.5 1268.0
793.0 1030.5 1268.0
793.0 1030.5 1268.0
793.0 1030.5 1268.0
793.0 1030.5 1268.0
793.0 1030.5 1268.0
793.0 1030.5 1268.0
793.0 1030.5 1268.0
793.0 1030.5 1268.0
793.0 1030.5 1268.0
793.0 1030.5 1268.0
793.0 1030.5 1268.0
793.0 1030.5 1268.0
793.0 1030.5 1268.0
793.0 1030.5 1268.0
793.0 1030.5 1268.0
793.0 1030.5 1268.0
793.0 1030.5 1268.0
793.0 1030.5 1268.0
793.0 1030.5 1268.0
793.0 1030.5 1268.0
793.0 1030.5 1268.0
793.0 1030.5 1268.0
793.0 1030.5 1268.0
793.0 1030.5 1268.0
793.0 1030.5 1268.0
793.0 1030.5 1268.0
793.0 1030.5 1268.0
793.0 1030.5 1268.0
793.0 1030.5 1268.0
793.0 1030.5 1268.0
793.0 1030.5 1268.0
793.0 1030.5 1268.0
793.0 1030.5 1268.0
793.0 1030.5 1268.0
793.0 1030.5 1268.0
793.0 1030.5 1268.0
793.0 1030.5 1268.0
793.0 1030.5 1268.0
793.0 1030.5 1268.0
793.0 1030.5 1268.0
793.0 1030.5 1268.0
793.0 1030.5 1268.0
793.0 1030.5 1268.0
793.0 1030.5 1268.0
793.0 1030.5 1268.0
793.0 1030.5 1268.0
793.0 1030.5 1268.0
793.0 1030.5 1268.0
793.0 1030.5 1268.0
793.0 1030.5 1268.0
793.0 1030.5 1268.0
793.0 1030.5 1268.0
793.0 1030.5 1268.0
793.0 1030.5 1268.0
793.0 1030.5 1268.0
793.0 1030.5 1268.0
793.0 1030.5 1268.0
793.0 1030.5 1268.0
793.0 1030.5 1268.0
793.0 1030.5 1268.0
793.0 1030.5 1268.0
793.0 1030.5 1268.0
793.0 1030.5 1268.0
793.0 1030.5 1268.0
793.0 1030.5 1268.0
793.0 1030.5 1268.0
793.0 1030.5 1268.0
793.0 1030.5 1268.0
793.0 1030.5 1268.0
793.0 1030.5 1268.0
793.0 1030.5 1268.0
793.0 1030.5 1268.0
793.0 1030.5 1268.0
793.0 1030.5 1268.0
793.0 1030.5 1268.0
793.0 1030.5 1268.0
793.0 1030.5 1268.0
793.0 1030.5 1268.0
793.0 1030.5 1268.0
793.0 1030.5 1268.0
793.0 1030.5 1268.0
793.0 1030.5 1268.0
793.0 1030.5 1268.0
793.0 1030.5 1268.0
793.0 1030.5 1268.0
793.0 1030.5 1268.0
793.0 1030.5 1268.0
793.0 1030.5 1268.0
793.0 1030.5 1268.0
793.0 1030.5 1268.0
793.0 1030.5 1268.0
793.0 1030.5 1268.0
793.0 1030.5 1268.0
793.0 1030.5 1268.0
793.0 1030.5 1268.0
793.0 1030.5 1268.0
793.0 1030.5 1268.0
793.0 1030.5 1268.0
793.0 1030.5 1268.0
793.0 1030.5 1268.0
793.0 1030.5 1268.0
793.0 1030.5 1268.0
793.0 1030.5 1268.0
793.0 1030.5 1268.0
793.0 1030.5 1268.0
793.0 1030.5 1268.0
793.0 1030.5 1268.0
793.0 1030.5 1268.0
793.0 1030.5 1268.0
793.0 1030.5 1268.0
793.0 1030.5 1268.0
793.0 1030.5 1268.0
793.0 1030.5 1268.0
793.0 1030.5 1268.0
793.0 1030.5 1268.0
793.0 1030.5 1268.0
793.0 1030.5 1268.0
793.0 1030.5 1268.0
793.0 1030.5 1268.0
793.0 1030.5 1268.0
793.0 1030.5 1268.0
793.0 1030.5 1268.0
793.0 1030.5 1268.0
793.0 1030.5 1268.0
793.0 1030.5 1268.0
793.0 1030.5 1268.0
793.0 1030.5 1268.0
793.0 1030.5 1268.0
793.0 1030.5 1268.0
793.0 1030.5 1268.0
793.0 1030.5 1268.0
793.0 1030.5 1268.0
793.0 1030.5 1268.0
793.0 1030.5 1268.0
793.0 1030.5 1268.0
793.0 1030.5 1268.0
793.0 1030.5 1268.0
793.0 1030.5 1268.0
793.0 1030.5 1268.0
793.0 1030.5 1268.0
793.0 1030.5 1268.0
793.0 1030.5 1268.0
793.0 1030.5 1268.0
793.0 1030.5 1268.0
793.0 1030.5 1268.0
793.0 1030.5 1268.0
793.0 1030.5 1268.0
793.0 1030.5 1268.0
793.0 1030.5 1268.0
793.0 1030.5 1268.0
793.0 1030.5 1268.0
793.0 1030.5 1268.0
793.0 1030.5 1268.0
793.0 1030.5 1268.0
793.0 1030.5 1268.0
793.0 1030.5 1268.0
793.0 1030.5 1268.0
793.0 1030.5 1268.0
793.0 1030.5 1268.0
793.0 1030.5 1268.0
793.0 1030.5 1268.0
793.0 1030.5 1268.0
793.0 1030.5 1268.0
793.0 1030.5 1268.0
793.0 1030.5 1268.0
793.0 1030.5 1268.0
793.0 923.0 1053.0
793.0 923.0 1053.0
793.0 923.0 1053.0
747.0 770.0 793.0
747.0 770.0 793.0
747.0 770.0 793.0
747.0 770.0 793.0
747.0 770.0 793.0
747.0 770.0 793.0
747.0 770.0 793.0
747.0 770.0 793.0
747.0 770.0 793.0
747.0 770.0 793.0
747.0 770.0 793.0
