13565.0 14441.5 15318.0
8125.0 9722.0 11319.0
7019.0 7275.5 7532.0
6624.0 6720.5 6817.0
4458.0 4816.5 5175.0
4832.0 4983.5 5135.0
2295.0 2880.5 3466.0
2295.0 2561.0 2827.0
1845.0 2286.5 2728.0
1603.0 2165.5 2728.0
1598.0 1605.0 1612.0
1598.0 1605.0 1612.0
1272.0 1370.0 1468.0
1272.0 1370.0 1468.0
944.0 1102.0 1260.0
944.0 1102.0 1260.0
944.0 1102.0 1260.0
944.0 1102.0 1260.0
944.0 1102.0 1260.0
944.0 1102.0 1260.0
944.0 1102.0 1260.0
944.0 1102.0 1260.0
944.0 1102.0 1260.0
944.0 1102.0 1260.0
944.0 1102.0 1260.0
944.0 1102.0 1260.0
944.0 1137.0 1330.0
944.0 1137.0 1330.0
944.0 1137.0 1330.0
931.0 937.5 944.0
931.0 937.5 944.0
931.0 937.5 944.0
931.0 937.5 944.0
931.0 937.5 944.0
931.0 937.5 944.0
931.0 937.5 944.0
931.0 937.5 944.0
931.0 937.5 944.0
931.0 937.5 944.0
931.0 937.5 944.0
931.0 937.5 944.0
931.0 937.5 944.0
931.0 937.5 944.0
931.0 937.5 944.0
931.0 937.5 944.0
931.0 937.5 944.0
931.0 937.5 944.0
931.0 937.5 944.0
931.0 937.5 944.0
931.0 937.5 944.0
931.0 937.5 944.0
931.0 937.5 944.0
931.0 937.5 944.0
931.0 937.5 944.0
931.0 937.5 944.0
931.0 937.5 944.0
931.0 937.5 944.0
931.0 937.5 944.0
931.0 937.5 944.0
931.0 937.5 944.0
931.0 937.5 944.0
931.0 937.5 944.0
931.0 937.5 944.0
931.0 937.5 944.0
931.0 937.5 944.0
931.0 937.5 944.0
931.0 937.5 944.0
931.0 937.5 944.0
931.0 937.5 944.0
931.0 937.5 944.0
931.0 937.5 944.0
931.0 937.5 944.0
931.0 937.5 944.0
931.0 937.5 944.0
931.0 937.5 944.0
931.0 937.5 944.0
931.0 937.5 944.0
931.0 937.5 944.0
931.0 937.5 944.0
931.0 937.5 944.0
931.0 937.5 944.0
931.0 937.5 944.0
931.0 937.5 944.0
931.0 937.5 944.0
931.0 937.5 944.0
931.0 937.5 944.0
931.0 937.5 944.0
931.0 937.5 944.0
931.0 937.5 944.0
931.0 937.5 944.0
931.0 937.5 944.0
931.0 937.5 944.0
931.0 937.5 944.0
931.0 937.5 944.0
931.0 937.5 944.0
931.0 937.5 944.0
931.0 937.5 944.0
931.0 937.5 944.0
931.0 937.5 944.0
931.0 937.5 944.0
931.0 937.5 944.0
931.0 937.5 944.0
931.0 937.5 944.0
931.0 937.5 944.0
931.0 937.5 944.0
931.0 937.5 944.0
931.0 937.5 944.0
931.0 937.5 944.0
931.0 937.5 944.0
931.0 937.5 944.0
931.0 937.5 944.0
931.0 937.5 944.0
931.0 937.5 944.0
931.0 937.5 944.0
931.0 937.5 944.0
931.0 937.5 944.0
931.0 937.5 944.0
931.0 937.5 944.0
931.0 937.5 944.0
931.0 937.5 944.0
931.0 937.5 944.0
931.0 937.5 944.0
931.0 937.5 944.0
931.0 937.5 944.0
931.0 937.5 944.0
931.0 937.5 944.0
931.0 937.5 944.0
931.0 937.5 944.0
931.0 937.5 944.0
931.0 937.5 944.0
931.0 937.5 944.0
931.0 937.5 944.0
931.0 937.5 944.0
931.0 937.5 944.0
931.0 937.5 944.0
931.0 937.5 944.0
931.0 937.5 944.0
931.0 937.5 944.0
931.0 937.5 944.0
931.0 937.5 944.0
931.0 937.5 944.0
931.0 937.5 944.0
931.0 937.5 944.0
931.0 937.5 944.0
931.0 937.5 944.0
931.0 937.5 944.0
931.0 937.5 944.0
931.0 937.5 944.0
931.0 937.5 944.0
931.0 937.5 944.0
931.0 937.5 944.0
931.0 937.5 944.0
931.0 937.5 944.0
931.0 937.5 944.0
931.0 937.5 944.0
931.0 937.5 944.0
931.0 937.5 944.0
931.0 937.5 944.0
931.0 937.5 944.0
931.0 937.5 944.0
931.0 937.5 944.0
931.0 937.5 944.0
931.0 937.5 944.0
931.0 937.5 944.0
931.0 937.5 944.0
931.0 937.5 944.0
931.0 937.5 944.0
931.0 937.5 944.0
931.0 937.5 944.0
931.0 937.5 944.0
931.0 937.5 944.0
931.0 937.5 944.0
931.0 937.5 944.0
931.0 937.5 944.0
931.0 937.5 944.0
931.0 937.5 944.0
931.0 937.5 944.0
931.0 937.5 944.0
931.0 937.5 944.0
931.0 937.5 944.0
931.0 937.5 944.0
931.0 937.5 944.0
931.0 937.5 944.0
931.0 937.5 944.0
931.0 937.5 944.0
931.0 937.5 944.0
931.0 937.5 944.0
931.0 937.5 944.0
931.0 937.5 944.0
931.0 937.5 944.0
931.0 937.5 944.0
931.0 937.5 944.0
931.0 937.5 944.0
931.0 937.5 944.0
931.0 937.5 944.0
931.0 937.5 944.0
931.0 937.5 944.0
931.0 937.5 944.0
931.0 937.5 944.0
931.0 937.5 944.0
