11085.0 11414.5 11744.0
9249.0 9303.0 9357.0
5121.0 6219.0 7317.0
5170.0 5491.5 5813.0
4216.0 4274.5 4333.0
2629.0 3072.0 3515.0
2182.0 2428.0 2674.0
2182.0 2319.5 2457.0
1625.0 1828.0 2031.0
1625.0 1828.0 2031.0
1625.0 1828.0 2031.0
1625.0 1812.5 2000.0
1484.0 1554.5 1625.0
1484.0 1554.5 1625.0
921.0 1273.0 1625.0
921.0 1273.0 1625.0
921.0 1273.0 1625.0
921.0 1273.0 1625.0
921.0 1269.5 1618.0
921.0 1269.5 1618.0
921.0 1269.5 1618.0
921.0 1041.0 1161.0
921.0 1041.0 1161.0
921.0 1041.0 1161.0
921.0 1041.0 1161.0
921.0 1041.0 1161.0
921.0 1041.0 1161.0
921.0 1041.0 1161.0
921.0 1041.0 1161.0
921.0 1041.0 1161.0
921.0 1041.0 1161.0
921.0 1041.0 1161.0
921.0 1041.0 1161.0
921.0 1041.0 1161.0
921.0 1041.0 1161.0
921.0 1041.0 1161.0
921.0 1041.0 1161.0
921.0 1041.0 1161.0
921.0 1041.0 1161.0
921.0 1041.0 1161.0
921.0 1041.0 1161.0
921.0 1041.0 1161.0
921.0 1041.0 1161.0
921.0 1041.0 1161.0
921.0 1041.0 1161.0
921.0 1041.0 1161.0
921.0 1041.0 1161.0
921.0 1041.0 1161.0
921.0 1041.0 1161.0
921.0 1041.0 1161.0
921.0 1041.0 1161.0
921.0 1041.0 1161.0
921.0 1041.0 1161.0
921.0 1041.0 1161.0
921.0 1041.0 1161.0
921.0 1041.0 1161.0
921.0 1041.0 1161.0
921.0 1041.0 1161.0
921.0 1041.0 1161.0
921.0 1041.0 1161.0
921.0 1041.0 1161.0
921.0 1041.0 1161.0
921.0 1041.0 1161.0
921.0 1041.0 1161.0
921.0 1041.0 1161.0
921.0 1041.0 1161.0
921.0 1041.0 1161.0
921.0 1041.0 1161.0
921.0 1041.0 1161.0
921.0 1041.0 1161.0
921.0 1041.0 1161.0
921.0 1041.0 1161.0
921.0 1041.0 1161.0
921.0 1041.0 1161.0
921.0 997.5 1074.0
921.0 997.5 1074.0
921.0 997.5 1074.0
921.0 997.5 1074.0
921.0 997.5 1074.0
921.0 997.5 1074.0
921.0 997.5 1074.0
921.0 997.5 1074.0
921.0 997.5 1074.0
921.0 997.5 1074.0
921.0 997.5 1074.0
921.0 997.5 1074.0
921.0 997.5 1074.0
921.0 997.5 1074.0
921.0 997.5 1074.0
921.0 997.5 1074.0
921.0 997.5 1074.0
921.0 997.5 1074.0
921.0 997.5 1074.0
921.0 997.5 1074.0
921.0 997.5 1074.0
921.0 997.5 1074.0
921.0 997.5 1074.0
921.0 997.5 1074.0
921.0 997.5 1074.0
921.0 997.5 1074.0
921.0 997.5 1074.0
921.0 997.5 1074.0
921.0 997.5 1074.0
921.0 997.5 1074.0
921.0 997.5 1074.0
921.0 997.5 1074.0
921.0 997.5 1074.0
921.0 997.5 1074.0
921.0 997.5 1074.0
921.0 997.5 1074.0
921.0 997.5 1074.0
921.0 997.5 1074.0
921.0 997.5 1074.0
921.0 997.5 1074.0
921.0 997.5 1074.0
921.0 997.5 1074.0
921.0 997.5 1074.0
921.0 997.5 1074.0
921.0 997.5 1074.0
921.0 997.5 1074.0
921.0 997.5 1074.0
921.0 997.5 1074.0
921.0 997.5 1074.0
921.0 997.5 1074.0
921.0 997.5 1074.0
921.0 997.5 1074.0
921.0 997.5 1074.0
921.0 997.5 1074.0
921.0 997.5 1074.0
921.0 997.5 1074.0
921.0 997.5 1074.0
921.0 997.5 1074.0
921.0 997.5 1074.0
921.0 997.5 1074.0
921.0 997.5 1074.0
921.0 997.5 1074.0
921.0 997.5 1074.0
921.0 997.5 1074.0
921.0 997.5 1074.0
921.0 997.5 1074.0
921.0 997.5 1074.0
921.0 997.5 1074.0
921.0 997.5 1074.0
921.0 997.5 1074.0
921.0 997.5 1074.0
921.0 997.5 1074.0
921.0 997.5 1074.0
921.0 997.5 1074.0
921.0 997.5 1074.0
921.0 997.5 1074.0
921.0 997.5 1074.0
921.0 997.5 1074.0
921.0 997.5 1074.0
921.0 997.5 1074.0
921.0 997.5 1074.0
921.0 997.5 1074.0
921.0 997.5 1074.0
921.0 997.5 1074.0
921.0 972.5 1024.0
921.0 967.0 1013.0
921.0 967.0 1013.0
921.0 967.0 1013.0
921.0 967.0 1013.0
921.0 967.0 1013.0
921.0 967.0 1013.0
921.0 967.0 1013.0
921.0 967.0 1013.0
921.0 967.0 1013.0
921.0 967.0 1013.0
921.0 967.0 1013.0
921.0 967.0 1013.0
921.0 967.0 1013.0
921.0 967.0 1013.0
921.0 967.0 1013.0
921.0 967.0 1013.0
921.0 967.0 1013.0
921.0 967.0 1013.0
921.0 967.0 1013.0
921.0 967.0 1013.0
921.0 967.0 1013.0
921.0 967.0 1013.0
921.0 967.0 1013.0
921.0 967.0 1013.0
921.0 967.0 1013.0
921.0 967.0 1013.0
921.0 967.0 1013.0
921.0 967.0 1013.0
921.0 967.0 1013.0
921.0 967.0 1013.0
921.0 967.0 1013.0
921.0 967.0 1013.0
921.0 967.0 1013.0
921.0 967.0 1013.0
921.0 967.0 1013.0
921.0 967.0 1013.0
921.0 967.0 1013.0
921.0 967.0 1013.0
921.0 967.0 1013.0
921.0 967.0 1013.0
921.0 967.0 1013.0
