14530.0 14868.5 15207.0
11512.0 11897.5 12283.0
9934.0 10591.5 11249.0
8016.0 8200.0 8384.0
4837.0 5859.0 6881.0
5151.0 5607.0 6063.0
4328.0 4575.0 4822.0
4307.0 4601.5 4896.0
3301.0 3574.0 3847.0
3252.0 3289.0 3326.0
2504.0 2725.0 2946.0
1625.0 1890.5 2156.0
1625.0 1890.5 2156.0
1625.0 1890.5 2156.0
1625.0 1890.5 2156.0
1625.0 1890.5 2156.0
1625.0 1890.5 2156.0
1625.0 1890.5 2156.0
1625.0 1890.5 2156.0
946.0 1551.0 2156.0
924.0 1540.0 2156.0
924.0 1540.0 2156.0
924.0 1540.0 2156.0
924.0 1540.0 2156.0
924.0 1540.0 2156.0
924.0 1540.0 2156.0
924.0 1540.0 2156.0
924.0 1540.0 2156.0
924.0 1540.0 2156.0
924.0 1540.0 2156.0
924.0 1540.0 2156.0
924.0 1540.0 2156.0
924.0 1540.0 2156.0
924.0 1540.0 2156.0
924.0 1540.0 2156.0
924.0 1540.0 2156.0
924.0 1540.0 2156.0
924.0 1540.0 2156.0
924.0 1540.0 2156.0
924.0 1540.0 2156.0
924.0 1540.0 2156.0
924.0 1540.0 2156.0
924.0 1540.0 2156.0
924.0 1540.0 2156.0
924.0 1540.0 2156.0
924.0 1540.0 2156.0
924.0 1540.0 2156.0
924.0 1540.0 2156.0
924.0 1540.0 2156.0
924.0 1540.0 2156.0
924.0 1540.0 2156.0
924.0 1540.0 2156.0
924.0 1540.0 2156.0
924.0 1540.0 2156.0
924.0 1305.0 1686.0
924.0 1305.0 1686.0
924.0 1305.0 1686.0
924.0 1305.0 1686.0
924.0 1305.0 1686.0
924.0 1305.0 1686.0
924.0 1305.0 1686.0
924.0 1305.0 1686.0
924.0 1305.0 1686.0
924.0 1305.0 1686.0
924.0 1305.0 1686.0
924.0 1305.0 1686.0
924.0 1305.0 1686.0
924.0 1305.0 1686.0
924.0 1305.0 1686.0
924.0 1305.0 1686.0
924.0 1305.0 1686.0
924.0 1305.0 1686.0
924.0 1305.0 1686.0
924.0 1305.0 1686.0
924.0 1305.0 1686.0
924.0 1305.0 1686.0
924.0 1305.0 1686.0
924.0 1305.0 1686.0
924.0 1305.0 1686.0
924.0 1305.0 1686.0
924.0 1305.0 1686.0
924.0 1305.0 1686.0
924.0 1305.0 1686.0
924.0 1305.0 1686.0
924.0 1305.0 1686.0
924.0 1305.0 1686.0
924.0 1305.0 1686.0
924.0 1305.0 1686.0
924.0 1305.0 1686.0
924.0 1305.0 1686.0
924.0 1337.5 1751.0
924.0 1337.5 1751.0
924.0 1337.5 1751.0
924.0 1337.5 1751.0
924.0 1337.5 1751.0
924.0 1337.5 1751.0
924.0 1337.5 1751.0
924.0 1337.5 1751.0
924.0 1337.5 1751.0
924.0 1337.5 1751.0
924.0 1337.5 1751.0
924.0 1337.5 1751.0
924.0 1337.5 1751.0
924.0 1337.5 1751.0
924.0 1337.5 1751.0
924.0 1337.5 1751.0
924.0 1337.5 1751.0
924.0 1337.5 1751.0
924.0 1337.5 1751.0
924.0 1337.5 1751.0
924.0 1337.5 1751.0
924.0 1337.5 1751.0
924.0 1337.5 1751.0
924.0 1337.5 1751.0
924.0 1337.5 1751.0
924.0 1337.5 1751.0
924.0 1337.5 1751.0
924.0 1337.5 1751.0
924.0 1337.5 1751.0
924.0 1337.5 1751.0
924.0 1337.5 1751.0
924.0 1337.5 1751.0
924.0 1337.5 1751.0
924.0 1337.5 1751.0
924.0 1337.5 1751.0
924.0 1337.5 1751.0
924.0 1337.5 1751.0
924.0 1337.5 1751.0
924.0 1337.5 1751.0
924.0 1337.5 1751.0
924.0 1337.5 1751.0
924.0 1337.5 1751.0
924.0 1337.5 1751.0
924.0 1337.5 1751.0
924.0 1337.5 1751.0
924.0 1337.5 1751.0
924.0 1337.5 1751.0
924.0 1337.5 1751.0
924.0 1337.5 1751.0
924.0 1337.5 1751.0
924.0 1337.5 1751.0
924.0 1337.5 1751.0
924.0 1337.5 1751.0
924.0 1337.5 1751.0
924.0 1337.5 1751.0
924.0 1337.5 1751.0
924.0 1337.5 1751.0
924.0 1337.5 1751.0
924.0 1337.5 1751.0
924.0 1337.5 1751.0
924.0 1337.5 1751.0
924.0 1337.5 1751.0
924.0 1337.5 1751.0
924.0 1337.5 1751.0
924.0 1337.5 1751.0
924.0 1337.5 1751.0
924.0 1337.5 1751.0
924.0 1337.5 1751.0
924.0 1337.5 1751.0
924.0 1337.5 1751.0
924.0 1337.5 1751.0
924.0 1337.5 1751.0
924.0 1337.5 1751.0
924.0 1337.5 1751.0
924.0 1337.5 1751.0
924.0 1337.5 1751.0
924.0 1337.5 1751.0
924.0 1337.5 1751.0
924.0 1337.5 1751.0
924.0 1337.5 1751.0
924.0 1337.5 1751.0
924.0 1337.5 1751.0
924.0 1337.5 1751.0
924.0 1337.5 1751.0
924.0 1337.5 1751.0
924.0 1337.5 1751.0
924.0 1337.5 1751.0
924.0 1337.5 1751.0
924.0 1337.5 1751.0
924.0 1337.5 1751.0
924.0 1337.5 1751.0
924.0 1337.5 1751.0
924.0 1337.5 1751.0
924.0 1337.5 1751.0
924.0 1337.5 1751.0
924.0 1337.5 1751.0
924.0 1337.5 1751.0
924.0 1337.5 1751.0
924.0 1337.5 1751.0
924.0 1337.5 1751.0
924.0 1337.5 1751.0
924.0 1337.5 1751.0
924.0 1337.5 1751.0
924.0 1337.5 1751.0
924.0 1337.5 1751.0
924.0 1337.5 1751.0
924.0 1337.5 1751.0
924.0 1337.5 1751.0
924.0 1337.5 1751.0
924.0 1337.5 1751.0
