11934.0 13727.0 15520.0
10008.0 11271.0 12534.0
7870.0 8810.0 9750.0
7303.0 8487.5 9672.0
6468.0 7110.0 7752.0
4767.0 5240.0 5713.0
4767.0 4949.5 5132.0
4767.0 4949.5 5132.0
3903.0 4846.0 5789.0
2758.0 3182.5 3607.0
2758.0 3351.5 3945.0
2758.0 2808.0 2858.0
2758.0 2808.0 2858.0
2758.0 2808.0 2858.0
2758.0 2808.0 2858.0
2758.0 2808.0 2858.0
1425.0 2091.5 2758.0
1425.0 2091.5 2758.0
1425.0 2091.5 2758.0
1425.0 2091.5 2758.0
1425.0 2091.5 2758.0
1425.0 2091.5 2758.0
1425.0 2338.0 3251.0
1425.0 2135.5 2846.0
1425.0 2135.5 2846.0
1425.0 2135.5 2846.0
1425.0 2135.5 2846.0
1425.0 2135.5 2846.0
1425.0 2135.5 2846.0
1425.0 2135.5 2846.0
1425.0 2135.5 2846.0
1425.0 2135.5 2846.0
1425.0 2135.5 2846.0
1425.0 2135.5 2846.0
1425.0 2135.5 2846.0
1425.0 2135.5 2846.0
1425.0 2135.5 2846.0
1425.0 2135.5 2846.0
1425.0 2135.5 2846.0
1425.0 2135.5 2846.0
1425.0 2135.5 2846.0
1425.0 2135.5 2846.0
1425.0 2135.5 2846.0
1425.0 2135.5 2846.0
1425.0 2188.0 2951.0
1425.0 2120.0 2815.0
1425.0 2120.0 2815.0
1425.0 2120.0 2815.0
1425.0 2120.0 2815.0
1425.0 2120.0 2815.0
1425.0 2120.0 2815.0
1425.0 2120.0 2815.0
1425.0 2120.0 2815.0
1425.0 2120.0 2815.0
1425.0 2120.0 2815.0
1425.0 2120.0 2815.0
1425.0 2120.0 2815.0
1425.0 2120.0 2815.0
1425.0 2120.0 2815.0
1425.0 2120.0 2815.0
1425.0 2120.0 2815.0
1425.0 2120.0 2815.0
1425.0 2120.0 2815.0
1425.0 2120.0 2815.0
1425.0 2120.0 2815.0
1425.0 2120.0 2815.0
1425.0 2120.0 2815.0
1425.0 2120.0 2815.0
1425.0 1799.0 2173.0
1425.0 1799.0 2173.0
1425.0 1799.0 2173.0
1425.0 1799.0 2173.0
1425.0 1799.0 2173.0
1425.0 1799.0 2173.0
1425.0 1799.0 2173.0
1425.0 1799.0 2173.0
1425.0 1799.0 2173.0
1425.0 1799.0 2173.0
1425.0 1799.0 2173.0
1425.0 1799.0 2173.0
1425.0 1799.0 2173.0
1425.0 1799.0 2173.0
1425.0 1799.0 2173.0
1425.0 1799.0 2173.0
1425.0 1799.0 2173.0
1425.0 1799.0 2173.0
1425.0 1799.0 2173.0
1425.0 1799.0 2173.0
1425.0 1799.0 2173.0
1425.0 1799.0 2173.0
1425.0 1799.0 2173.0
1425.0 1799.0 2173.0
1425.0 1799.0 2173.0
1425.0 1799.0 2173.0
1425.0 1799.0 2173.0
1425.0 1799.0 2173.0
1425.0 1799.0 2173.0
1425.0 1799.0 2173.0
1425.0 1799.0 2173.0
1425.0 1799.0 2173.0
1425.0 1799.0 2173.0
1425.0 1799.0 2173.0
1425.0 1799.0 2173.0
1425.0 1799.0 2173.0
1425.0 1799.0 2173.0
1425.0 1799.0 2173.0
1425.0 1799.0 2173.0
1425.0 1799.0 2173.0
1425.0 1799.0 2173.0
1425.0 1799.0 2173.0
1425.0 1799.0 2173.0
1425.0 1799.0 2173.0
1425.0 1799.0 2173.0
1425.0 1799.0 2173.0
1425.0 1617.0 1809.0
1425.0 1618.5 1812.0
1425.0 1618.5 1812.0
1425.0 1618.5 1812.0
1425.0 1618.5 1812.0
1425.0 1618.5 1812.0
1425.0 1618.5 1812.0
1425.0 1618.5 1812.0
1425.0 1618.5 1812.0
1425.0 1618.5 1812.0
1425.0 1618.5 1812.0
1425.0 1618.5 1812.0
1425.0 1618.5 1812.0
1425.0 1618.5 1812.0
1425.0 1618.5 1812.0
1425.0 1618.5 1812.0
1425.0 1618.5 1812.0
1425.0 1618.5 1812.0
1425.0 1618.5 1812.0
1425.0 1618.5 1812.0
1425.0 1618.5 1812.0
1425.0 1618.5 1812.0
1425.0 1618.5 1812.0
1425.0 1618.5 1812.0
1425.0 1618.5 1812.0
1425.0 1618.5 1812.0
1425.0 1618.5 1812.0
1425.0 1618.5 1812.0
1425.0 1618.5 1812.0
1425.0 1618.5 1812.0
1425.0 1618.5 1812.0
1425.0 1618.5 1812.0
1425.0 1618.5 1812.0
1425.0 1618.5 1812.0
1425.0 1618.5 1812.0
1425.0 1618.5 1812.0
1425.0 1618.5 1812.0
1425.0 1618.5 1812.0
1425.0 1618.5 1812.0
1425.0 1618.5 1812.0
1425.0 1618.5 1812.0
1425.0 1618.5 1812.0
1425.0 1618.5 1812.0
1425.0 1618.5 1812.0
1425.0 1618.5 1812.0
1229.0 1327.0 1425.0
1229.0 1327.0 1425.0
1229.0 1327.0 1425.0
1229.0 1327.0 1425.0
1229.0 1327.0 1425.0
1229.0 1327.0 1425.0
1229.0 1327.0 1425.0
1229.0 1327.0 1425.0
1229.0 1327.0 1425.0
1229.0 1327.0 1425.0
1229.0 1327.0 1425.0
1229.0 1327.0 1425.0
1229.0 1327.0 1425.0
1229.0 1327.0 1425.0
1229.0 1327.0 1425.0
1229.0 1327.0 1425.0
1229.0 1327.0 1425.0
1229.0 1327.0 1425.0
1229.0 1327.0 1425.0
1229.0 1327.0 1425.0
1229.0 1327.0 1425.0
1229.0 1327.0 1425.0
1055.0 1240.0 1425.0
1055.0 1240.0 1425.0
1055.0 1240.0 1425.0
1055.0 1240.0 1425.0
1055.0 1240.0 1425.0
1055.0 1240.0 1425.0
1055.0 1240.0 1425.0
1055.0 1240.0 1425.0
1055.0 1240.0 1425.0
1055.0 1240.0 1425.0
1055.0 1240.0 1425.0
1055.0 1240.0 1425.0
1055.0 1240.0 1425.0
1055.0 1240.0 1425.0
1055.0 1240.0 1425.0
1055.0 1240.0 1425.0
1055.0 1240.0 1425.0
1055.0 1240.0 1425.0
1055.0 1240.0 1425.0
