10679.0 13880.0 17081.0
9914.0 12564.5 15215.0
8854.0 10398.5 11943.0
3983.0 7960.0 11937.0
4850.0 6918.5 8987.0
3954.0 5450.0 6946.0
2536.0 3818.5 5101.0
2536.0 3991.0 5446.0
2536.0 3554.0 4572.0
2536.0 2748.0 2960.0
2536.0 2748.0 2960.0
2467.0 2713.5 2960.0
2413.0 2589.0 2765.0
2067.0 2416.0 2765.0
2067.0 2416.0 2765.0
1374.0 1723.0 2072.0
1374.0 1627.5 1881.0
1483.0 1629.0 1775.0
1483.0 1629.0 1775.0
1483.0 1629.0 1775.0
1483.0 1629.0 1775.0
1483.0 1629.0 1775.0
1483.0 1629.0 1775.0
1483.0 1629.0 1775.0
1483.0 1629.0 1775.0
1483.0 1629.0 1775.0
1483.0 1629.0 1775.0
1483.0 1629.0 1775.0
1483.0 1629.0 1775.0
1483.0 1629.0 1775.0
1483.0 1629.0 1775.0
1483.0 1629.0 1775.0
1483.0 1629.0 1775.0
1483.0 1629.0 1775.0
1483.0 1629.0 1775.0
1483.0 1629.0 1775.0
1483.0 1629.0 1775.0
1483.0 1629.0 1775.0
1483.0 1629.0 1775.0
1483.0 1629.0 1775.0
1483.0 1629.0 1775.0
1483.0 1629.0 1775.0
1483.0 1629.0 1775.0
1483.0 1629.0 1775.0
1483.0 1629.0 1775.0
1483.0 1629.0 1775.0
1483.0 1629.0 1775.0
1483.0 1629.0 1775.0
1483.0 1629.0 1775.0
1483.0 1629.0 1775.0
1483.0 1629.0 1775.0
1483.0 1629.0 1775.0
1483.0 1629.0 1775.0
1483.0 1629.0 1775.0
1483.0 1629.0 1775.0
1483.0 1629.0 1775.0
1483.0 1629.0 1775.0
1483.0 1629.0 1775.0
1483.0 1629.0 1775.0
1483.0 1629.0 1775.0
1483.0 1629.0 1775.0
1483.0 1629.0 1775.0
1483.0 1629.0 1775.0
1483.0 1629.0 1775.0
1483.0 1629.0 1775.0
1483.0 1629.0 1775.0
1483.0 1629.0 1775.0
1483.0 1629.0 1775.0
1483.0 1629.0 1775.0
1483.0 1629.0 1775.0
1483.0 1629.0 1775.0
1483.0 1629.0 1775.0
1483.0 1629.0 1775.0
1483.0 1629.0 1775.0
1483.0 1629.0 1775.0
1483.0 1629.0 1775.0
1483.0 1629.0 1775.0
1483.0 1629.0 1775.0
1483.0 1629.0 1775.0
1483.0 1629.0 1775.0
1483.0 1629.0 1775.0
1483.0 1629.0 1775.0
1483.0 1629.0 1775.0
1483.0 1629.0 1775.0
1469.0 1622.0 1775.0
1469.0 1622.0 1775.0
1469.0 1622.0 1775.0
1469.0 1622.0 1775.0
1469.0 1622.0 1775.0
1469.0 1622.0 1775.0
1469.0 1622.0 1775.0
1469.0 1622.0 1775.0
1469.0 1622.0 1775.0
1469.0 1622.0 1775.0
1469.0 1622.0 1775.0
1469.0 1622.0 1775.0
1469.0 1622.0 1775.0
1469.0 1622.0 1775.0
1469.0 1622.0 1775.0
1469.0 1622.0 1775.0
1469.0 1622.0 1775.0
1469.0 1622.0 1775.0
1469.0 1622.0 1775.0
1469.0 1622.0 1775.0
1469.0 1622.0 1775.0
1469.0 1622.0 1775.0
1469.0 1622.0 1775.0
1469.0 1622.0 1775.0
1469.0 1622.0 1775.0
1469.0 1622.0 1775.0
1469.0 1622.0 1775.0
1469.0 1622.0 1775.0
1469.0 1622.0 1775.0
1469.0 1622.0 1775.0
1469.0 1622.0 1775.0
1469.0 1622.0 1775.0
1469.0 1622.0 1775.0
1469.0 1622.0 1775.0
1469.0 1622.0 1775.0
1469.0 1622.0 1775.0
1469.0 1622.0 1775.0
1469.0 1622.0 1775.0
1469.0 1622.0 1775.0
1469.0 1622.0 1775.0
1469.0 1622.0 1775.0
1469.0 1622.0 1775.0
1469.0 1622.0 1775.0
1469.0 1622.0 1775.0
1469.0 1622.0 1775.0
1469.0 1622.0 1775.0
1469.0 1622.0 1775.0
1469.0 1622.0 1775.0
1469.0 1622.0 1775.0
1469.0 1622.0 1775.0
1469.0 1622.0 1775.0
1469.0 1622.0 1775.0
1469.0 1622.0 1775.0
1469.0 1622.0 1775.0
1469.0 1622.0 1775.0
1469.0 1622.0 1775.0
1469.0 1622.0 1775.0
1469.0 1622.0 1775.0
1469.0 1622.0 1775.0
1469.0 1622.0 1775.0
1469.0 1622.0 1775.0
1469.0 1622.0 1775.0
1469.0 1622.0 1775.0
1469.0 1622.0 1775.0
1469.0 1622.0 1775.0
1469.0 1622.0 1775.0
1469.0 1622.0 1775.0
1469.0 1622.0 1775.0
1469.0 1622.0 1775.0
1469.0 1622.0 1775.0
1469.0 1622.0 1775.0
1469.0 1622.0 1775.0
1469.0 1622.0 1775.0
1469.0 1622.0 1775.0
1050.0 1259.5 1469.0
1050.0 1259.5 1469.0
1050.0 1259.5 1469.0
1050.0 1259.5 1469.0
1050.0 1259.5 1469.0
1050.0 1259.5 1469.0
1050.0 1259.5 1469.0
1050.0 1259.5 1469.0
1050.0 1259.5 1469.0
1050.0 1259.5 1469.0
1050.0 1259.5 1469.0
1050.0 1259.5 1469.0
1050.0 1259.5 1469.0
1050.0 1259.5 1469.0
1050.0 1259.5 1469.0
1050.0 1259.5 1469.0
1050.0 1259.5 1469.0
1050.0 1259.5 1469.0
1050.0 1259.5 1469.0
1050.0 1259.5 1469.0
1050.0 1259.5 1469.0
1050.0 1259.5 1469.0
1050.0 1259.5 1469.0
1050.0 1259.5 1469.0
1050.0 1259.5 1469.0
1050.0 1259.5 1469.0
1050.0 1259.5 1469.0
1050.0 1259.5 1469.0
1050.0 1259.5 1469.0
1050.0 1259.5 1469.0
1050.0 1259.5 1469.0
1050.0 1259.5 1469.0
1050.0 1259.5 1469.0
1050.0 1259.5 1469.0
1050.0 1259.5 1469.0
1050.0 1259.5 1469.0
1050.0 1259.5 1469.0
1050.0 1259.5 1469.0
1050.0 1259.5 1469.0
1050.0 1259.5 1469.0
1050.0 1259.5 1469.0
1050.0 1259.5 1469.0
