12338.0 13461.0 14584.0
11368.0 12430.5 13493.0
9436.0 9466.0 9496.0
8484.0 8546.0 8608.0
7288.0 8107.0 8926.0
5107.0 5657.5 6208.0
3711.0 4379.0 5047.0
2805.0 3842.0 4879.0
2805.0 3842.0 4879.0
2894.0 3546.5 4199.0
3164.0 3740.0 4316.0
2931.0 3623.5 4316.0
2133.0 2629.0 3125.0
2133.0 2629.0 3125.0
2133.0 2458.0 2783.0
2133.0 2406.5 2680.0
2026.0 2079.5 2133.0
1014.0 1520.0 2026.0
1014.0 1520.0 2026.0
1014.0 1520.0 2026.0
1014.0 1520.0 2026.0
1014.0 1520.0 2026.0
1014.0 1520.0 2026.0
1014.0 1520.0 2026.0
1014.0 1520.0 2026.0
1014.0 1520.0 2026.0
1014.0 1520.0 2026.0
1014.0 1520.0 2026.0
1014.0 1520.0 2026.0
1014.0 1520.0 2026.0
1014.0 1520.0 2026.0
1014.0 1520.0 2026.0
1014.0 1520.0 2026.0
1014.0 1520.0 2026.0
1014.0 1520.0 2026.0
1014.0 1520.0 2026.0
1014.0 1520.0 2026.0
1014.0 1520.0 2026.0
1014.0 1520.0 2026.0
1014.0 1520.0 2026.0
1014.0 1520.0 2026.0
1014.0 1520.0 2026.0
1014.0 1520.0 2026.0
1014.0 1520.0 2026.0
1014.0 1520.0 2026.0
1014.0 1520.0 2026.0
1014.0 1477.5 1941.0
1014.0 1354.5 1695.0
1014.0 1354.5 1695.0
1014.0 1354.5 1695.0
1014.0 1354.5 1695.0
1014.0 1354.5 1695.0
1014.0 1354.5 1695.0
1014.0 1354.5 1695.0
1014.0 1354.5 1695.0
1014.0 1354.5 1695.0
1014.0 1354.5 1695.0
1014.0 1354.5 1695.0
1014.0 1354.5 1695.0
1014.0 1354.5 1695.0
1014.0 1354.5 1695.0
1014.0 1354.5 1695.0
1014.0 1354.5 1695.0
1014.0 1354.5 1695.0
1014.0 1354.5 1695.0
1014.0 1354.5 1695.0
1014.0 1354.5 1695.0
1014.0 1354.5 1695.0
1014.0 1354.5 1695.0
1014.0 1354.5 1695.0
1014.0 1354.5 1695.0
1014.0 1354.5 1695.0
1014.0 1354.5 1695.0
1014.0 1354.5 1695.0
1014.0 1354.5 1695.0
1014.0 1354.5 1695.0
1014.0 1354.5 1695.0
1014.0 1354.5 1695.0
1014.0 1354.5 1695.0
1014.0 1354.5 1695.0
1014.0 1354.5 1695.0
1014.0 1255.5 1497.0
1014.0 1094.0 1174.0
1014.0 1094.0 1174.0
1014.0 1094.0 1174.0
1014.0 1094.0 1174.0
1014.0 1094.0 1174.0
1014.0 1094.0 1174.0
1014.0 1094.0 1174.0
1014.0 1094.0 1174.0
1014.0 1094.0 1174.0
1014.0 1094.0 1174.0
1014.0 1094.0 1174.0
1014.0 1094.0 1174.0
1014.0 1094.0 1174.0
1014.0 1094.0 1174.0
1014.0 1094.0 1174.0
1014.0 1094.0 1174.0
1014.0 1094.0 1174.0
1014.0 1094.0 1174.0
1014.0 1094.0 1174.0
1014.0 1094.0 1174.0
1014.0 1094.0 1174.0
1014.0 1094.0 1174.0
1014.0 1094.0 1174.0
1014.0 1094.0 1174.0
1014.0 1094.0 1174.0
1014.0 1094.0 1174.0
1014.0 1094.0 1174.0
1014.0 1094.0 1174.0
1014.0 1094.0 1174.0
1014.0 1094.0 1174.0
1014.0 1094.0 1174.0
1014.0 1094.0 1174.0
1014.0 1094.0 1174.0
1014.0 1094.0 1174.0
1014.0 1094.0 1174.0
1014.0 1094.0 1174.0
1014.0 1094.0 1174.0
1014.0 1094.0 1174.0
1014.0 1094.0 1174.0
1014.0 1094.0 1174.0
1014.0 1094.0 1174.0
1014.0 1094.0 1174.0
1014.0 1094.0 1174.0
1014.0 1094.0 1174.0
1014.0 1094.0 1174.0
1014.0 1094.0 1174.0
1014.0 1094.0 1174.0
1014.0 1094.0 1174.0
1014.0 1094.0 1174.0
1014.0 1094.0 1174.0
1014.0 1094.0 1174.0
1014.0 1094.0 1174.0
1014.0 1094.0 1174.0
1014.0 1094.0 1174.0
1014.0 1094.0 1174.0
1014.0 1094.0 1174.0
1014.0 1094.0 1174.0
1014.0 1094.0 1174.0
1014.0 1094.0 1174.0
1014.0 1094.0 1174.0
1014.0 1094.0 1174.0
1014.0 1094.0 1174.0
1014.0 1094.0 1174.0
1014.0 1094.0 1174.0
1014.0 1094.0 1174.0
1014.0 1094.0 1174.0
1014.0 1094.0 1174.0
1014.0 1094.0 1174.0
1014.0 1094.0 1174.0
1014.0 1094.0 1174.0
1014.0 1094.0 1174.0
1014.0 1094.0 1174.0
1014.0 1094.0 1174.0
1014.0 1094.0 1174.0
1014.0 1094.0 1174.0
1014.0 1094.0 1174.0
1014.0 1094.0 1174.0
1014.0 1094.0 1174.0
1014.0 1094.0 1174.0
1014.0 1094.0 1174.0
1014.0 1094.0 1174.0
1014.0 1094.0 1174.0
1014.0 1094.0 1174.0
1014.0 1094.0 1174.0
1014.0 1094.0 1174.0
1014.0 1094.0 1174.0
1014.0 1094.0 1174.0
1014.0 1094.0 1174.0
1014.0 1094.0 1174.0
1014.0 1094.0 1174.0
1014.0 1094.0 1174.0
1014.0 1094.0 1174.0
1014.0 1094.0 1174.0
1014.0 1094.0 1174.0
1014.0 1094.0 1174.0
1014.0 1094.0 1174.0
1014.0 1094.0 1174.0
1014.0 1094.0 1174.0
1014.0 1094.0 1174.0
1014.0 1094.0 1174.0
1014.0 1094.0 1174.0
1014.0 1094.0 1174.0
1014.0 1094.0 1174.0
1014.0 1094.0 1174.0
1014.0 1094.0 1174.0
1014.0 1094.0 1174.0
1014.0 1094.0 1174.0
1014.0 1094.0 1174.0
1014.0 1094.0 1174.0
1014.0 1094.0 1174.0
1014.0 1094.0 1174.0
1014.0 1094.0 1174.0
1014.0 1094.0 1174.0
1014.0 1094.0 1174.0
1014.0 1094.0 1174.0
1014.0 1094.0 1174.0
1014.0 1094.0 1174.0
1014.0 1094.0 1174.0
