11895.0 13153.5 14412.0
9848.0 10276.0 10704.0
6439.0 7197.0 7955.0
5741.0 6116.0 6491.0
4512.0 5328.5 6145.0
3699.0 3812.0 3925.0
2651.0 3193.0 3735.0
2283.0 2616.5 2950.0
1661.0 2233.5 2806.0
1343.0 1502.0 1661.0
1343.0 1448.5 1554.0
1143.0 1243.0 1343.0
1143.0 1243.0 1343.0
1143.0 1243.0 1343.0
1143.0 1243.0 1343.0
1143.0 1243.0 1343.0
1143.0 1243.0 1343.0
1143.0 1243.0 1343.0
1143.0 1243.0 1343.0
1143.0 1243.0 1343.0
1143.0 1243.0 1343.0
1143.0 1243.0 1343.0
1143.0 1243.0 1343.0
1143.0 1243.0 1343.0
1143.0 1243.0 1343.0
1143.0 1243.0 1343.0
1143.0 1243.0 1343.0
1143.0 1243.0 1343.0
1143.0 1243.0 1343.0
1143.0 1243.0 1343.0
1143.0 1243.0 1343.0
1143.0 1243.0 1343.0
1143.0 1243.0 1343.0
1143.0 1243.0 1343.0
1143.0 1243.0 1343.0
1143.0 1243.0 1343.0
1143.0 1243.0 1343.0
1143.0 1243.0 1343.0
1143.0 1243.0 1343.0
1143.0 1243.0 1343.0
1143.0 1243.0 1343.0
1143.0 1243.0 1343.0
1143.0 1243.0 1343.0
1143.0 1243.0 1343.0
1143.0 1243.0 1343.0
1143.0 1243.0 1343.0
1143.0 1243.0 1343.0
1143.0 1243.0 1343.0
1143.0 1243.0 1343.0
1143.0 1243.0 1343.0
1143.0 1243.0 1343.0
1143.0 1243.0 1343.0
1143.0 1243.0 1343.0
1143.0 1243.0 1343.0
1143.0 1243.0 1343.0
1143.0 1243.0 1343.0
1143.0 1243.0 1343.0
1143.0 1243.0 1343.0
1143.0 1243.0 1343.0
1143.0 1243.0 1343.0
1143.0 1243.0 1343.0
1143.0 1243.0 1343.0
1143.0 1243.0 1343.0
1143.0 1243.0 1343.0
1143.0 1243.0 1343.0
1143.0 1243.0 1343.0
1143.0 1243.0 1343.0
1143.0 1243.0 1343.0
1143.0 1243.0 1343.0
1143.0 1243.0 1343.0
1143.0 1243.0 1343.0
1143.0 1243.0 1343.0
1143.0 1243.0 1343.0
1143.0 1243.0 1343.0
1143.0 1243.0 1343.0
1143.0 1243.0 1343.0
1143.0 1243.0 1343.0
1143.0 1243.0 1343.0
1143.0 1243.0 1343.0
1143.0 1243.0 1343.0
1143.0 1243.0 1343.0
1109.0 1126.0 1143.0
1109.0 1126.0 1143.0
977.0 1060.0 1143.0
977.0 1060.0 1143.0
977.0 1060.0 1143.0
977.0 1060.0 1143.0
977.0 1060.0 1143.0
977.0 1060.0 1143.0
977.0 1060.0 1143.0
977.0 1060.0 1143.0
977.0 1060.0 1143.0
977.0 1060.0 1143.0
977.0 1060.0 1143.0
977.0 1060.0 1143.0
977.0 1060.0 1143.0
977.0 1060.0 1143.0
977.0 1060.0 1143.0
977.0 1060.0 1143.0
977.0 1060.0 1143.0
977.0 1060.0 1143.0
977.0 1060.0 1143.0
977.0 1060.0 1143.0
977.0 1060.0 1143.0
977.0 1060.0 1143.0
977.0 1060.0 1143.0
977.0 1060.0 1143.0
977.0 1060.0 1143.0
977.0 1060.0 1143.0
977.0 1060.0 1143.0
977.0 1060.0 1143.0
977.0 1060.0 1143.0
977.0 1060.0 1143.0
977.0 1060.0 1143.0
977.0 1060.0 1143.0
977.0 1060.0 1143.0
977.0 1060.0 1143.0
977.0 1060.0 1143.0
977.0 1060.0 1143.0
977.0 1060.0 1143.0
977.0 1060.0 1143.0
977.0 1060.0 1143.0
977.0 1060.0 1143.0
977.0 1060.0 1143.0
977.0 1060.0 1143.0
977.0 1060.0 1143.0
977.0 1060.0 1143.0
977.0 1060.0 1143.0
977.0 1060.0 1143.0
977.0 1060.0 1143.0
977.0 1060.0 1143.0
977.0 1060.0 1143.0
977.0 1060.0 1143.0
977.0 1060.0 1143.0
977.0 1060.0 1143.0
977.0 1060.0 1143.0
977.0 1060.0 1143.0
977.0 1060.0 1143.0
977.0 1060.0 1143.0
977.0 1060.0 1143.0
977.0 1060.0 1143.0
977.0 1060.0 1143.0
977.0 1060.0 1143.0
977.0 1060.0 1143.0
977.0 1060.0 1143.0
977.0 1060.0 1143.0
977.0 1060.0 1143.0
977.0 1060.0 1143.0
977.0 1060.0 1143.0
977.0 1060.0 1143.0
977.0 1060.0 1143.0
977.0 1060.0 1143.0
977.0 1060.0 1143.0
977.0 1060.0 1143.0
977.0 1060.0 1143.0
977.0 1060.0 1143.0
977.0 1060.0 1143.0
977.0 1060.0 1143.0
977.0 1060.0 1143.0
977.0 1060.0 1143.0
977.0 1060.0 1143.0
977.0 1060.0 1143.0
977.0 1060.0 1143.0
977.0 1060.0 1143.0
977.0 1060.0 1143.0
977.0 1060.0 1143.0
977.0 1060.0 1143.0
977.0 1060.0 1143.0
977.0 1060.0 1143.0
977.0 1060.0 1143.0
977.0 1060.0 1143.0
977.0 1060.0 1143.0
977.0 1060.0 1143.0
977.0 1060.0 1143.0
977.0 1060.0 1143.0
977.0 1060.0 1143.0
977.0 1060.0 1143.0
977.0 1060.0 1143.0
977.0 1060.0 1143.0
977.0 1060.0 1143.0
977.0 1060.0 1143.0
977.0 1060.0 1143.0
977.0 1060.0 1143.0
977.0 1060.0 1143.0
977.0 1060.0 1143.0
977.0 1060.0 1143.0
977.0 1060.0 1143.0
977.0 1060.0 1143.0
977.0 1060.0 1143.0
977.0 1060.0 1143.0
977.0 1060.0 1143.0
977.0 1060.0 1143.0
977.0 1060.0 1143.0
977.0 1060.0 1143.0
977.0 1060.0 1143.0
977.0 1060.0 1143.0
977.0 1060.0 1143.0
977.0 1060.0 1143.0
977.0 1060.0 1143.0
977.0 1060.0 1143.0
