10799.0 11848.5 12898.0
6989.0 8333.5 9678.0
4960.0 6415.0 7870.0
4960.0 5119.0 5278.0
2280.0 3762.0 5244.0
2519.0 3337.0 4155.0
2519.0 2907.0 3295.0
2275.0 2692.5 3110.0
1485.0 1553.0 1621.0
1485.0 1553.0 1621.0
1243.0 1432.0 1621.0
1243.0 1432.0 1621.0
1243.0 1432.0 1621.0
1243.0 1432.0 1621.0
1243.0 1432.0 1621.0
1243.0 1432.0 1621.0
1243.0 1432.0 1621.0
1243.0 1432.0 1621.0
1243.0 1432.0 1621.0
1243.0 1432.0 1621.0
1243.0 1432.0 1621.0
1243.0 1432.0 1621.0
1243.0 1432.0 1621.0
1243.0 1432.0 1621.0
1243.0 1417.5 1592.0
1028.0 1135.5 1243.0
1028.0 1135.5 1243.0
1028.0 1135.5 1243.0
1028.0 1135.5 1243.0
1028.0 1135.5 1243.0
1028.0 1135.5 1243.0
1028.0 1135.5 1243.0
1028.0 1135.5 1243.0
1028.0 1135.5 1243.0
1028.0 1135.5 1243.0
1028.0 1135.5 1243.0
1028.0 1135.5 1243.0
1028.0 1135.5 1243.0
1028.0 1135.5 1243.0
1028.0 1135.5 1243.0
1028.0 1135.5 1243.0
1028.0 1135.5 1243.0
1028.0 1135.5 1243.0
1028.0 1135.5 1243.0
1028.0 1135.5 1243.0
1028.0 1135.5 1243.0
1028.0 1135.5 1243.0
1028.0 1135.5 1243.0
1028.0 1135.5 1243.0
1028.0 1135.5 1243.0
1028.0 1135.5 1243.0
1028.0 1135.5 1243.0
1028.0 1135.5 1243.0
1028.0 1135.5 1243.0
1028.0 1135.5 1243.0
1028.0 1135.5 1243.0
1028.0 1135.5 1243.0
1028.0 1135.5 1243.0
1028.0 1135.5 1243.0
1028.0 1135.5 1243.0
1028.0 1135.5 1243.0
1028.0 1135.5 1243.0
1028.0 1135.5 1243.0
1028.0 1135.5 1243.0
1028.0 1135.5 1243.0
1028.0 1135.5 1243.0
1028.0 1135.5 1243.0
1028.0 1135.5 1243.0
1028.0 1135.5 1243.0
1028.0 1135.5 1243.0
1028.0 1135.5 1243.0
1028.0 1135.5 1243.0
1028.0 1135.5 1243.0
1028.0 1135.5 1243.0
1028.0 1135.5 1243.0
1028.0 1135.5 1243.0
1028.0 1135.5 1243.0
1028.0 1135.5 1243.0
1028.0 1135.5 1243.0
1028.0 1135.5 1243.0
1028.0 1135.5 1243.0
1028.0 1135.5 1243.0
1028.0 1135.5 1243.0
1028.0 1135.5 1243.0
1028.0 1135.5 1243.0
1028.0 1135.5 1243.0
1028.0 1135.5 1243.0
1028.0 1135.5 1243.0
1028.0 1135.5 1243.0
1028.0 1135.5 1243.0
1028.0 1135.5 1243.0
1028.0 1135.5 1243.0
1028.0 1135.5 1243.0
1028.0 1135.5 1243.0
1028.0 1135.5 1243.0
1028.0 1056.5 1085.0
1028.0 1056.5 1085.0
1028.0 1169.0 1310.0
1028.0 1169.0 1310.0
1028.0 1169.0 1310.0
1028.0 1169.0 1310.0
1028.0 1169.0 1310.0
1028.0 1169.0 1310.0
1028.0 1169.0 1310.0
1028.0 1169.0 1310.0
1028.0 1169.0 1310.0
1028.0 1169.0 1310.0
1028.0 1169.0 1310.0
1028.0 1169.0 1310.0
1028.0 1169.0 1310.0
1028.0 1169.0 1310.0
1028.0 1169.0 1310.0
1028.0 1169.0 1310.0
1028.0 1169.0 1310.0
1028.0 1169.0 1310.0
1028.0 1169.0 1310.0
1028.0 1169.0 1310.0
1028.0 1169.0 1310.0
1028.0 1169.0 1310.0
1028.0 1169.0 1310.0
1028.0 1169.0 1310.0
1028.0 1169.0 1310.0
1028.0 1169.0 1310.0
1028.0 1169.0 1310.0
1028.0 1169.0 1310.0
1028.0 1169.0 1310.0
1028.0 1169.0 1310.0
1028.0 1169.0 1310.0
1028.0 1169.0 1310.0
1028.0 1169.0 1310.0
1028.0 1169.0 1310.0
1028.0 1169.0 1310.0
1028.0 1169.0 1310.0
1028.0 1169.0 1310.0
1028.0 1169.0 1310.0
1028.0 1169.0 1310.0
1028.0 1169.0 1310.0
1028.0 1169.0 1310.0
1028.0 1169.0 1310.0
1028.0 1169.0 1310.0
1028.0 1169.0 1310.0
1028.0 1169.0 1310.0
1028.0 1169.0 1310.0
1028.0 1169.0 1310.0
1028.0 1169.0 1310.0
1028.0 1169.0 1310.0
1028.0 1169.0 1310.0
1028.0 1169.0 1310.0
1028.0 1169.0 1310.0
1028.0 1169.0 1310.0
1028.0 1169.0 1310.0
1028.0 1169.0 1310.0
1028.0 1169.0 1310.0
1028.0 1169.0 1310.0
1028.0 1169.0 1310.0
1028.0 1169.0 1310.0
1028.0 1169.0 1310.0
1028.0 1169.0 1310.0
1028.0 1169.0 1310.0
1028.0 1169.0 1310.0
1028.0 1169.0 1310.0
1028.0 1169.0 1310.0
1028.0 1169.0 1310.0
1028.0 1169.0 1310.0
1028.0 1169.0 1310.0
1028.0 1169.0 1310.0
1028.0 1169.0 1310.0
1028.0 1169.0 1310.0
1028.0 1169.0 1310.0
1028.0 1169.0 1310.0
1028.0 1169.0 1310.0
1028.0 1169.0 1310.0
1028.0 1169.0 1310.0
1028.0 1169.0 1310.0
1028.0 1169.0 1310.0
1028.0 1169.0 1310.0
1028.0 1169.0 1310.0
1028.0 1169.0 1310.0
1028.0 1169.0 1310.0
1028.0 1169.0 1310.0
1028.0 1169.0 1310.0
1028.0 1169.0 1310.0
1028.0 1169.0 1310.0
1028.0 1169.0 1310.0
1028.0 1169.0 1310.0
1028.0 1169.0 1310.0
1028.0 1169.0 1310.0
1028.0 1169.0 1310.0
1028.0 1169.0 1310.0
1028.0 1169.0 1310.0
1028.0 1169.0 1310.0
1028.0 1169.0 1310.0
1028.0 1169.0 1310.0
1028.0 1169.0 1310.0
1028.0 1169.0 1310.0
1028.0 1169.0 1310.0
1028.0 1169.0 1310.0
1028.0 1169.0 1310.0
1028.0 1169.0 1310.0
1028.0 1169.0 1310.0
