13047.0 13305.0 13563.0
12070.0 12907.0 13744.0
10393.0 10538.0 10683.0
9326.0 9782.5 10239.0
6264.0 7191.0 8118.0
4571.0 5866.5 7162.0
4571.0 5496.5 6422.0
4571.0 5496.5 6422.0
2565.0 3375.5 4186.0
2565.0 2912.5 3260.0
2083.0 2827.5 3572.0
2173.0 2212.0 2251.0
2173.0 2212.0 2251.0
2173.0 2212.0 2251.0
2040.0 2145.5 2251.0
2040.0 2145.5 2251.0
2040.0 2145.5 2251.0
2251.0 2278.0 2305.0
2251.0 2278.0 2305.0
2251.0 2278.0 2305.0
2251.0 2278.0 2305.0
2251.0 2278.0 2305.0
2251.0 2278.0 2305.0
1936.0 2120.5 2305.0
1853.0 2079.0 2305.0
1853.0 2079.0 2305.0
1853.0 2079.0 2305.0
1853.0 2079.0 2305.0
1853.0 2079.0 2305.0
1853.0 2079.0 2305.0
1853.0 2079.0 2305.0
1853.0 2079.0 2305.0
1853.0 2079.0 2305.0
1853.0 2079.0 2305.0
1853.0 2079.0 2305.0
1853.0 2079.0 2305.0
1853.0 2079.0 2305.0
1853.0 2079.0 2305.0
1853.0 2079.0 2305.0
1853.0 2079.0 2305.0
1853.0 2079.0 2305.0
1853.0 2079.0 2305.0
1853.0 2079.0 2305.0
1853.0 2079.0 2305.0
1853.0 2079.0 2305.0
1853.0 2079.0 2305.0
1853.0 2079.0 2305.0
1853.0 2079.0 2305.0
1853.0 1923.5 1994.0
1684.0 1768.5 1853.0
1684.0 1768.5 1853.0
1684.0 1768.5 1853.0
1684.0 1768.5 1853.0
1684.0 1768.5 1853.0
1684.0 1768.5 1853.0
1684.0 1768.5 1853.0
1684.0 1768.5 1853.0
1684.0 1768.5 1853.0
1684.0 1768.5 1853.0
1684.0 1768.5 1853.0
1684.0 1768.5 1853.0
1684.0 1768.5 1853.0
1684.0 1768.5 1853.0
1684.0 1768.5 1853.0
1684.0 1768.5 1853.0
1684.0 1768.5 1853.0
1684.0 1768.5 1853.0
1684.0 1768.5 1853.0
1684.0 1768.5 1853.0
1684.0 1768.5 1853.0
1684.0 1768.5 1853.0
1684.0 1768.5 1853.0
1684.0 1768.5 1853.0
1684.0 1768.5 1853.0
1684.0 1768.5 1853.0
1684.0 1768.5 1853.0
1684.0 1768.5 1853.0
1684.0 1768.5 1853.0
1728.0 1790.5 1853.0
1728.0 1790.5 1853.0
1728.0 1790.5 1853.0
1728.0 1790.5 1853.0
1728.0 1790.5 1853.0
1728.0 1790.5 1853.0
1728.0 1790.5 1853.0
1728.0 1790.5 1853.0
1728.0 1790.5 1853.0
1728.0 1790.5 1853.0
1728.0 1790.5 1853.0
1728.0 1790.5 1853.0
1728.0 1790.5 1853.0
1728.0 1790.5 1853.0
1728.0 1790.5 1853.0
1728.0 1790.5 1853.0
1728.0 1790.5 1853.0
1728.0 1790.5 1853.0
1728.0 1790.5 1853.0
1728.0 1790.5 1853.0
1728.0 1790.5 1853.0
1728.0 1790.5 1853.0
1728.0 1790.5 1853.0
1728.0 1790.5 1853.0
1728.0 1790.5 1853.0
1728.0 1790.5 1853.0
1728.0 1790.5 1853.0
1728.0 1790.5 1853.0
1728.0 1790.5 1853.0
1728.0 1790.5 1853.0
1728.0 1790.5 1853.0
1728.0 1790.5 1853.0
1728.0 1790.5 1853.0
1728.0 1790.5 1853.0
1728.0 1790.5 1853.0
1728.0 1790.5 1853.0
1728.0 1790.5 1853.0
1728.0 1790.5 1853.0
1728.0 1790.5 1853.0
1728.0 1790.5 1853.0
1728.0 1790.5 1853.0
1728.0 1790.5 1853.0
1728.0 1790.5 1853.0
1728.0 1790.5 1853.0
1728.0 1790.5 1853.0
1728.0 1790.5 1853.0
1728.0 1790.5 1853.0
1728.0 1790.5 1853.0
1728.0 1790.5 1853.0
1728.0 1790.5 1853.0
1728.0 1790.5 1853.0
1728.0 1790.5 1853.0
1728.0 1790.5 1853.0
1728.0 1790.5 1853.0
1728.0 1790.5 1853.0
1728.0 1790.5 1853.0
1728.0 1790.5 1853.0
1728.0 1790.5 1853.0
1728.0 1790.5 1853.0
1728.0 1790.5 1853.0
1728.0 1790.5 1853.0
1728.0 1790.5 1853.0
1728.0 1790.5 1853.0
1728.0 1790.5 1853.0
1728.0 1790.5 1853.0
1728.0 1790.5 1853.0
1728.0 1790.5 1853.0
1728.0 1790.5 1853.0
1728.0 1790.5 1853.0
1728.0 1790.5 1853.0
1728.0 1790.5 1853.0
1728.0 1790.5 1853.0
1728.0 1790.5 1853.0
1728.0 1790.5 1853.0
1728.0 1790.5 1853.0
1728.0 1790.5 1853.0
1728.0 1790.5 1853.0
1728.0 1790.5 1853.0
1728.0 1790.5 1853.0
1728.0 1790.5 1853.0
1728.0 1790.5 1853.0
1728.0 1790.5 1853.0
1728.0 1790.5 1853.0
1728.0 1790.5 1853.0
1728.0 1790.5 1853.0
1728.0 1790.5 1853.0
1728.0 1790.5 1853.0
1728.0 1790.5 1853.0
1728.0 1790.5 1853.0
1728.0 1790.5 1853.0
1728.0 1790.5 1853.0
1728.0 1790.5 1853.0
1728.0 1790.5 1853.0
1728.0 1790.5 1853.0
1728.0 1790.5 1853.0
1728.0 1790.5 1853.0
1728.0 1790.5 1853.0
1728.0 1790.5 1853.0
1728.0 1790.5 1853.0
1728.0 1790.5 1853.0
1728.0 1790.5 1853.0
1728.0 1790.5 1853.0
1728.0 1790.5 1853.0
1728.0 1790.5 1853.0
1728.0 1790.5 1853.0
1728.0 1790.5 1853.0
1728.0 1790.5 1853.0
1728.0 1790.5 1853.0
1728.0 1790.5 1853.0
1728.0 1790.5 1853.0
1728.0 1790.5 1853.0
1728.0 1790.5 1853.0
1728.0 1790.5 1853.0
1728.0 1790.5 1853.0
1728.0 1790.5 1853.0
1728.0 1790.5 1853.0
1728.0 1790.5 1853.0
1728.0 1790.5 1853.0
1728.0 1790.5 1853.0
1728.0 1790.5 1853.0
1728.0 1790.5 1853.0
1728.0 1790.5 1853.0
