16570.0 18227.0 19884.0
14123.0 15971.0 17819.0
12145.0 12642.0 13139.0
9869.0 11055.0 12241.0
8134.0 9418.0 10702.0
6236.0 7453.5 8671.0
5152.0 6101.0 7050.0
4092.0 5887.0 7682.0
3392.0 5121.0 6850.0
3392.0 3648.5 3905.0
2695.0 3043.5 3392.0
2695.0 3153.5 3612.0
2695.0 3042.0 3389.0
2695.0 3031.0 3367.0
2656.0 2675.5 2695.0
2656.0 2675.5 2695.0
2656.0 2675.5 2695.0
2656.0 2675.5 2695.0
2656.0 2675.5 2695.0
2438.0 2547.0 2656.0
2643.0 2649.5 2656.0
2643.0 2649.5 2656.0
2643.0 2649.5 2656.0
2643.0 2649.5 2656.0
2643.0 2649.5 2656.0
1580.0 2118.0 2656.0
1304.0 1931.5 2559.0
1304.0 1931.5 2559.0
1304.0 1931.5 2559.0
1304.0 1931.5 2559.0
1304.0 1931.5 2559.0
1304.0 1931.5 2559.0
1304.0 1931.5 2559.0
1304.0 1931.5 2559.0
1304.0 1931.5 2559.0
1304.0 1931.5 2559.0
1304.0 1931.5 2559.0
1304.0 1931.5 2559.0
1304.0 1931.5 2559.0
1304.0 1931.5 2559.0
1304.0 1931.5 2559.0
1304.0 1931.5 2559.0
1304.0 1931.5 2559.0
1304.0 1931.5 2559.0
1304.0 1931.5 2559.0
1304.0 1931.5 2559.0
1304.0 1931.5 2559.0
1304.0 1931.5 2559.0
1304.0 1931.5 2559.0
1304.0 1931.5 2559.0
1304.0 1931.5 2559.0
1304.0 1931.5 2559.0
1304.0 1931.5 2559.0
1304.0 1561.5 1819.0
1304.0 1568.5 1833.0
1304.0 1491.0 1678.0
1304.0 1491.0 1678.0
1304.0 1491.0 1678.0
1304.0 1491.0 1678.0
1304.0 1491.0 1678.0
1304.0 1491.0 1678.0
1304.0 1491.0 1678.0
1304.0 1491.0 1678.0
1304.0 1461.0 1618.0
1304.0 1461.0 1618.0
1304.0 1461.0 1618.0
1304.0 1461.0 1618.0
1304.0 1461.0 1618.0
1304.0 1461.0 1618.0
1304.0 1461.0 1618.0
1304.0 1461.0 1618.0
1304.0 1461.0 1618.0
1304.0 1461.0 1618.0
1304.0 1461.0 1618.0
1304.0 1461.0 1618.0
1304.0 1461.0 1618.0
1304.0 1461.0 1618.0
1304.0 1461.0 1618.0
1304.0 1461.0 1618.0
1304.0 1461.0 1618.0
1304.0 1461.0 1618.0
1304.0 1461.0 1618.0
1304.0 1461.0 1618.0
1304.0 1461.0 1618.0
1304.0 1461.0 1618.0
1304.0 1461.0 1618.0
1304.0 1461.0 1618.0
1304.0 1461.0 1618.0
1304.0 1461.0 1618.0
1304.0 1461.0 1618.0
1304.0 1461.0 1618.0
1304.0 1461.0 1618.0
1304.0 1461.0 1618.0
1304.0 1461.0 1618.0
1304.0 1461.0 1618.0
1304.0 1461.0 1618.0
1304.0 1461.0 1618.0
1304.0 1461.0 1618.0
1304.0 1461.0 1618.0
1304.0 1461.0 1618.0
1304.0 1461.0 1618.0
1304.0 1461.0 1618.0
1304.0 1461.0 1618.0
1304.0 1461.0 1618.0
1304.0 1461.0 1618.0
1304.0 1461.0 1618.0
1304.0 1461.0 1618.0
1304.0 1461.0 1618.0
1304.0 1461.0 1618.0
1304.0 1461.0 1618.0
1304.0 1461.0 1618.0
1304.0 1461.0 1618.0
1304.0 1461.0 1618.0
1304.0 1461.0 1618.0
1304.0 1461.0 1618.0
1304.0 1461.0 1618.0
1304.0 1461.0 1618.0
1304.0 1461.0 1618.0
1304.0 1461.0 1618.0
1304.0 1461.0 1618.0
1304.0 1461.0 1618.0
1304.0 1461.0 1618.0
1304.0 1461.0 1618.0
1304.0 1461.0 1618.0
1304.0 1461.0 1618.0
1304.0 1461.0 1618.0
1304.0 1461.0 1618.0
1304.0 1461.0 1618.0
1304.0 1461.0 1618.0
1304.0 1461.0 1618.0
1304.0 1461.0 1618.0
1304.0 1461.0 1618.0
1304.0 1461.0 1618.0
1304.0 1461.0 1618.0
1304.0 1461.0 1618.0
1304.0 1461.0 1618.0
1304.0 1461.0 1618.0
1304.0 1461.0 1618.0
1304.0 1461.0 1618.0
1304.0 1461.0 1618.0
1304.0 1461.0 1618.0
1304.0 1461.0 1618.0
1304.0 1461.0 1618.0
1304.0 1461.0 1618.0
1304.0 1461.0 1618.0
1304.0 1461.0 1618.0
1304.0 1461.0 1618.0
1304.0 1461.0 1618.0
1304.0 1461.0 1618.0
1304.0 1461.0 1618.0
1304.0 1461.0 1618.0
1304.0 1461.0 1618.0
1304.0 1461.0 1618.0
1304.0 1461.0 1618.0
1304.0 1461.0 1618.0
1262.0 1440.0 1618.0
1262.0 1440.0 1618.0
1262.0 1440.0 1618.0
1262.0 1440.0 1618.0
1262.0 1440.0 1618.0
1262.0 1440.0 1618.0
1262.0 1440.0 1618.0
1262.0 1440.0 1618.0
1262.0 1440.0 1618.0
1262.0 1440.0 1618.0
1262.0 1440.0 1618.0
1262.0 1440.0 1618.0
1262.0 1440.0 1618.0
1262.0 1440.0 1618.0
1262.0 1440.0 1618.0
1262.0 1440.0 1618.0
1262.0 1440.0 1618.0
1262.0 1440.0 1618.0
1262.0 1440.0 1618.0
1262.0 1440.0 1618.0
1262.0 1440.0 1618.0
1262.0 1440.0 1618.0
1262.0 1440.0 1618.0
1262.0 1440.0 1618.0
1262.0 1440.0 1618.0
1262.0 1440.0 1618.0
1262.0 1440.0 1618.0
1262.0 1440.0 1618.0
1262.0 1440.0 1618.0
1262.0 1440.0 1618.0
1262.0 1440.0 1618.0
1262.0 1440.0 1618.0
1262.0 1440.0 1618.0
1262.0 1440.0 1618.0
1262.0 1440.0 1618.0
1262.0 1440.0 1618.0
1262.0 1440.0 1618.0
1262.0 1440.0 1618.0
1262.0 1440.0 1618.0
1262.0 1440.0 1618.0
1262.0 1440.0 1618.0
1262.0 1440.0 1618.0
1262.0 1440.0 1618.0
1262.0 1440.0 1618.0
1262.0 1440.0 1618.0
