14647.0 15053.0 15459.0
12694.0 13264.0 13834.0
9956.0 11044.5 12133.0
7647.0 9263.5 10880.0
5389.0 5901.5 6414.0
5389.0 6736.0 8083.0
4202.0 4808.5 5415.0
3787.0 4381.5 4976.0
2905.0 3664.0 4423.0
2009.0 2222.0 2435.0
1854.0 2144.5 2435.0
1854.0 2272.5 2691.0
1800.0 1827.0 1854.0
1737.0 1795.5 1854.0
1430.0 1642.0 1854.0
1430.0 1642.0 1854.0
1430.0 1642.0 1854.0
1430.0 1642.0 1854.0
1430.0 1642.0 1854.0
1235.0 1544.5 1854.0
1430.0 1642.0 1854.0
1430.0 1642.0 1854.0
1430.0 1642.0 1854.0
1430.0 1642.0 1854.0
1430.0 1642.0 1854.0
1430.0 1642.0 1854.0
1430.0 1642.0 1854.0
1430.0 1642.0 1854.0
1430.0 1642.0 1854.0
1430.0 1642.0 1854.0
1430.0 1642.0 1854.0
1430.0 1642.0 1854.0
1430.0 1642.0 1854.0
1430.0 1642.0 1854.0
1430.0 1642.0 1854.0
1430.0 1642.0 1854.0
1430.0 1642.0 1854.0
1430.0 1642.0 1854.0
1430.0 1642.0 1854.0
1430.0 1642.0 1854.0
1430.0 1642.0 1854.0
1430.0 1642.0 1854.0
1430.0 1642.0 1854.0
1430.0 1642.0 1854.0
1430.0 1642.0 1854.0
1430.0 1642.0 1854.0
1430.0 1642.0 1854.0
1430.0 1642.0 1854.0
1430.0 1642.0 1854.0
1430.0 1642.0 1854.0
1430.0 1642.0 1854.0
1430.0 1642.0 1854.0
1430.0 1642.0 1854.0
1430.0 1642.0 1854.0
1430.0 1642.0 1854.0
1430.0 1642.0 1854.0
1430.0 1642.0 1854.0
1430.0 1642.0 1854.0
1430.0 1642.0 1854.0
1430.0 1642.0 1854.0
1430.0 1642.0 1854.0
1430.0 1642.0 1854.0
1430.0 1642.0 1854.0
1430.0 1642.0 1854.0
1430.0 1642.0 1854.0
1430.0 1642.0 1854.0
1430.0 1642.0 1854.0
1430.0 1642.0 1854.0
1430.0 1642.0 1854.0
1430.0 1642.0 1854.0
1430.0 1474.0 1518.0
1430.0 1700.0 1970.0
1430.0 1547.0 1664.0
1430.0 1527.5 1625.0
1430.0 1444.5 1459.0
1430.0 1444.5 1459.0
1430.0 1444.5 1459.0
1430.0 1444.5 1459.0
1430.0 1444.5 1459.0
1430.0 1444.5 1459.0
1430.0 1444.5 1459.0
1430.0 1444.5 1459.0
1430.0 1444.5 1459.0
1430.0 1444.5 1459.0
1430.0 1444.5 1459.0
1430.0 1444.5 1459.0
1430.0 1444.5 1459.0
1430.0 1444.5 1459.0
1430.0 1444.5 1459.0
1430.0 1444.5 1459.0
1430.0 1444.5 1459.0
1430.0 1444.5 1459.0
1430.0 1444.5 1459.0
1430.0 1444.5 1459.0
1430.0 1444.5 1459.0
1430.0 1444.5 1459.0
1430.0 1444.5 1459.0
1430.0 1444.5 1459.0
1430.0 1444.5 1459.0
1430.0 1444.5 1459.0
1430.0 1444.5 1459.0
1430.0 1444.5 1459.0
1430.0 1444.5 1459.0
1430.0 1444.5 1459.0
1430.0 1444.5 1459.0
1430.0 1444.5 1459.0
1430.0 1444.5 1459.0
1430.0 1444.5 1459.0
1430.0 1444.5 1459.0
1430.0 1444.5 1459.0
1430.0 1444.5 1459.0
1430.0 1444.5 1459.0
1430.0 1444.5 1459.0
1430.0 1444.5 1459.0
1430.0 1444.5 1459.0
1430.0 1444.5 1459.0
1430.0 1444.5 1459.0
1430.0 1444.5 1459.0
1430.0 1444.5 1459.0
1430.0 1444.5 1459.0
1430.0 1444.5 1459.0
1430.0 1444.5 1459.0
1430.0 1444.5 1459.0
1430.0 1444.5 1459.0
1430.0 1444.5 1459.0
1430.0 1444.5 1459.0
1430.0 1444.5 1459.0
1430.0 1444.5 1459.0
1430.0 1444.5 1459.0
1430.0 1444.5 1459.0
1430.0 1444.5 1459.0
1430.0 1444.5 1459.0
1430.0 1444.5 1459.0
1430.0 1444.5 1459.0
1430.0 1444.5 1459.0
1430.0 1444.5 1459.0
1430.0 1444.5 1459.0
1430.0 1444.5 1459.0
1430.0 1444.5 1459.0
1430.0 1444.5 1459.0
1430.0 1444.5 1459.0
1430.0 1444.5 1459.0
1430.0 1444.5 1459.0
1430.0 1444.5 1459.0
1430.0 1444.5 1459.0
1430.0 1444.5 1459.0
1430.0 1444.5 1459.0
1430.0 1444.5 1459.0
1430.0 1444.5 1459.0
1430.0 1444.5 1459.0
1430.0 1444.5 1459.0
1430.0 1444.5 1459.0
1430.0 1444.5 1459.0
1430.0 1444.5 1459.0
1338.0 1398.5 1459.0
1338.0 1398.5 1459.0
1338.0 1398.5 1459.0
1338.0 1398.5 1459.0
1338.0 1398.5 1459.0
1338.0 1398.5 1459.0
1338.0 1398.5 1459.0
1338.0 1398.5 1459.0
1338.0 1398.5 1459.0
1338.0 1398.5 1459.0
1338.0 1398.5 1459.0
1338.0 1398.5 1459.0
1338.0 1398.5 1459.0
1338.0 1398.5 1459.0
1338.0 1398.5 1459.0
1338.0 1398.5 1459.0
1338.0 1398.5 1459.0
1338.0 1398.5 1459.0
1338.0 1398.5 1459.0
1338.0 1398.5 1459.0
1338.0 1398.5 1459.0
1338.0 1398.5 1459.0
1338.0 1398.5 1459.0
1338.0 1398.5 1459.0
1338.0 1398.5 1459.0
1338.0 1398.5 1459.0
1338.0 1398.5 1459.0
1338.0 1398.5 1459.0
1338.0 1398.5 1459.0
1338.0 1398.5 1459.0
1338.0 1398.5 1459.0
1338.0 1398.5 1459.0
1338.0 1398.5 1459.0
1338.0 1398.5 1459.0
1338.0 1398.5 1459.0
1338.0 1398.5 1459.0
1338.0 1398.5 1459.0
1338.0 1398.5 1459.0
1338.0 1398.5 1459.0
1338.0 1398.5 1459.0
1338.0 1398.5 1459.0
1338.0 1398.5 1459.0
1338.0 1398.5 1459.0
1338.0 1398.5 1459.0
1338.0 1398.5 1459.0
1338.0 1398.5 1459.0
