13905.0 14920.0 15935.0
9383.0 11488.5 13594.0
10033.0 10974.5 11916.0
8134.0 8804.5 9475.0
5408.0 5451.0 5494.0
4838.0 5397.0 5956.0
2921.0 3823.0 4725.0
2921.0 3331.0 3741.0
1761.0 2341.0 2921.0
1761.0 2341.0 2921.0
1761.0 2341.0 2921.0
1761.0 2467.5 3174.0
1761.0 2371.0 2981.0
1761.0 1947.5 2134.0
1761.0 1947.5 2134.0
1761.0 2010.5 2260.0
1752.0 1756.5 1761.0
1752.0 1756.5 1761.0
1752.0 1756.5 1761.0
1752.0 1756.5 1761.0
1752.0 1756.5 1761.0
1752.0 1756.5 1761.0
1752.0 1756.5 1761.0
1752.0 1756.5 1761.0
1752.0 1756.5 1761.0
1752.0 1756.5 1761.0
1752.0 1756.5 1761.0
1752.0 1756.5 1761.0
1752.0 1847.5 1943.0
1599.0 1675.5 1752.0
1599.0 1675.5 1752.0
1599.0 1675.5 1752.0
1599.0 1675.5 1752.0
1599.0 1675.5 1752.0
1599.0 1675.5 1752.0
1599.0 1675.5 1752.0
1599.0 1675.5 1752.0
1599.0 1675.5 1752.0
1599.0 1675.5 1752.0
1599.0 1675.5 1752.0
1599.0 1675.5 1752.0
1599.0 1675.5 1752.0
1599.0 1675.5 1752.0
1599.0 1675.5 1752.0
1599.0 1675.5 1752.0
1599.0 1675.5 1752.0
1599.0 1675.5 1752.0
1599.0 1675.5 1752.0
1599.0 1675.5 1752.0
1599.0 1675.5 1752.0
1599.0 1675.5 1752.0
1599.0 1675.5 1752.0
1599.0 1675.5 1752.0
1599.0 1675.5 1752.0
1599.0 1675.5 1752.0
1599.0 1675.5 1752.0
1599.0 1675.5 1752.0
1599.0 1675.5 1752.0
1599.0 1675.5 1752.0
1599.0 1675.5 1752.0
1599.0 1675.5 1752.0
1599.0 1600.0 1601.0
1599.0 1600.0 1601.0
1599.0 1600.0 1601.0
1599.0 1600.0 1601.0
1599.0 1600.0 1601.0
1599.0 1600.0 1601.0
1599.0 1600.0 1601.0
1599.0 1600.0 1601.0
1599.0 1600.0 1601.0
1599.0 1600.0 1601.0
1599.0 1600.0 1601.0
1599.0 1600.0 1601.0
1599.0 1600.0 1601.0
1599.0 1600.0 1601.0
1599.0 1600.0 1601.0
1599.0 1600.0 1601.0
1599.0 1600.0 1601.0
1258.0 1428.5 1599.0
1258.0 1428.5 1599.0
1258.0 1428.5 1599.0
1258.0 1428.5 1599.0
1258.0 1428.5 1599.0
1258.0 1428.5 1599.0
1258.0 1428.5 1599.0
1258.0 1428.5 1599.0
1258.0 1428.5 1599.0
1318.0 1458.5 1599.0
1318.0 1458.5 1599.0
1008.0 1303.5 1599.0
1008.0 1303.5 1599.0
1008.0 1303.5 1599.0
1008.0 1303.5 1599.0
1008.0 1303.5 1599.0
1008.0 1303.5 1599.0
1008.0 1142.0 1276.0
1008.0 1142.0 1276.0
1008.0 1142.0 1276.0
1008.0 1142.0 1276.0
1008.0 1142.0 1276.0
1008.0 1142.0 1276.0
1008.0 1142.0 1276.0
1008.0 1142.0 1276.0
1008.0 1142.0 1276.0
1008.0 1142.0 1276.0
1008.0 1142.0 1276.0
1008.0 1142.0 1276.0
1008.0 1142.0 1276.0
1008.0 1142.0 1276.0
1008.0 1142.0 1276.0
1008.0 1142.0 1276.0
1008.0 1142.0 1276.0
1008.0 1142.0 1276.0
1008.0 1142.0 1276.0
1008.0 1142.0 1276.0
1008.0 1142.0 1276.0
1008.0 1142.0 1276.0
1008.0 1142.0 1276.0
1008.0 1142.0 1276.0
1008.0 1142.0 1276.0
1008.0 1142.0 1276.0
1008.0 1142.0 1276.0
1008.0 1142.0 1276.0
1008.0 1142.0 1276.0
1008.0 1142.0 1276.0
1008.0 1142.0 1276.0
1008.0 1142.0 1276.0
1008.0 1142.0 1276.0
1008.0 1142.0 1276.0
1008.0 1142.0 1276.0
1008.0 1142.0 1276.0
1008.0 1142.0 1276.0
1008.0 1142.0 1276.0
1008.0 1142.0 1276.0
1008.0 1142.0 1276.0
1008.0 1142.0 1276.0
1008.0 1142.0 1276.0
1008.0 1142.0 1276.0
1008.0 1142.0 1276.0
1008.0 1142.0 1276.0
1008.0 1142.0 1276.0
1008.0 1142.0 1276.0
1008.0 1142.0 1276.0
1008.0 1142.0 1276.0
1008.0 1142.0 1276.0
1008.0 1142.0 1276.0
1008.0 1142.0 1276.0
1008.0 1142.0 1276.0
1008.0 1142.0 1276.0
976.0 992.0 1008.0
976.0 992.0 1008.0
976.0 992.0 1008.0
976.0 992.0 1008.0
976.0 992.0 1008.0
976.0 992.0 1008.0
976.0 992.0 1008.0
976.0 992.0 1008.0
976.0 992.0 1008.0
976.0 992.0 1008.0
976.0 992.0 1008.0
976.0 992.0 1008.0
976.0 992.0 1008.0
976.0 992.0 1008.0
976.0 992.0 1008.0
976.0 992.0 1008.0
976.0 992.0 1008.0
976.0 992.0 1008.0
976.0 992.0 1008.0
976.0 992.0 1008.0
976.0 992.0 1008.0
976.0 992.0 1008.0
976.0 992.0 1008.0
976.0 992.0 1008.0
976.0 992.0 1008.0
976.0 992.0 1008.0
976.0 992.0 1008.0
976.0 992.0 1008.0
976.0 992.0 1008.0
976.0 992.0 1008.0
976.0 992.0 1008.0
976.0 992.0 1008.0
976.0 992.0 1008.0
976.0 992.0 1008.0
976.0 992.0 1008.0
976.0 992.0 1008.0
976.0 992.0 1008.0
976.0 992.0 1008.0
976.0 992.0 1008.0
976.0 992.0 1008.0
976.0 992.0 1008.0
976.0 992.0 1008.0
976.0 992.0 1008.0
976.0 992.0 1008.0
976.0 992.0 1008.0
976.0 992.0 1008.0
976.0 992.0 1008.0
976.0 992.0 1008.0
976.0 992.0 1008.0
976.0 992.0 1008.0
976.0 992.0 1008.0
