11579.0 11916.5 12254.0
9452.0 9738.5 10025.0
7538.0 8162.0 8786.0
6601.0 6958.0 7315.0
3995.0 4216.0 4437.0
3987.0 4212.0 4437.0
2536.0 2869.0 3202.0
2536.0 2932.0 3328.0
1942.0 2239.0 2536.0
2082.0 2206.5 2331.0
1331.0 1718.5 2106.0
1331.0 1475.0 1619.0
1331.0 1436.5 1542.0
1310.0 1320.5 1331.0
1157.0 1244.0 1331.0
1069.0 1200.0 1331.0
1069.0 1200.0 1331.0
1069.0 1200.0 1331.0
1069.0 1200.0 1331.0
1069.0 1200.0 1331.0
1069.0 1200.0 1331.0
1069.0 1200.0 1331.0
1069.0 1200.0 1331.0
1069.0 1200.0 1331.0
1069.0 1200.0 1331.0
1069.0 1200.0 1331.0
1069.0 1217.5 1366.0
1069.0 1217.5 1366.0
948.0 1008.5 1069.0
948.0 1008.5 1069.0
876.0 972.5 1069.0
876.0 972.5 1069.0
876.0 972.5 1069.0
876.0 972.5 1069.0
876.0 972.5 1069.0
876.0 972.5 1069.0
876.0 972.5 1069.0
876.0 972.5 1069.0
876.0 972.5 1069.0
876.0 972.5 1069.0
876.0 972.5 1069.0
876.0 972.5 1069.0
876.0 972.5 1069.0
876.0 972.5 1069.0
876.0 972.5 1069.0
876.0 972.5 1069.0
876.0 972.5 1069.0
876.0 972.5 1069.0
876.0 972.5 1069.0
876.0 972.5 1069.0
876.0 972.5 1069.0
876.0 972.5 1069.0
876.0 972.5 1069.0
876.0 972.5 1069.0
876.0 972.5 1069.0
876.0 972.5 1069.0
876.0 972.5 1069.0
876.0 972.5 1069.0
876.0 972.5 1069.0
876.0 972.5 1069.0
876.0 972.5 1069.0
876.0 972.5 1069.0
876.0 972.5 1069.0
876.0 972.5 1069.0
876.0 972.5 1069.0
876.0 972.5 1069.0
876.0 972.5 1069.0
876.0 972.5 1069.0
876.0 972.5 1069.0
876.0 972.5 1069.0
876.0 972.5 1069.0
876.0 972.5 1069.0
876.0 972.5 1069.0
876.0 972.5 1069.0
876.0 972.5 1069.0
876.0 972.5 1069.0
876.0 972.5 1069.0
876.0 972.5 1069.0
876.0 972.5 1069.0
876.0 972.5 1069.0
876.0 972.5 1069.0
876.0 972.5 1069.0
876.0 972.5 1069.0
876.0 972.5 1069.0
876.0 972.5 1069.0
876.0 972.5 1069.0
876.0 972.5 1069.0
876.0 972.5 1069.0
876.0 972.5 1069.0
876.0 972.5 1069.0
876.0 972.5 1069.0
876.0 972.5 1069.0
876.0 972.5 1069.0
876.0 972.5 1069.0
876.0 972.5 1069.0
876.0 972.5 1069.0
876.0 972.5 1069.0
876.0 972.5 1069.0
876.0 972.5 1069.0
876.0 972.5 1069.0
876.0 972.5 1069.0
876.0 972.5 1069.0
876.0 972.5 1069.0
876.0 972.5 1069.0
876.0 972.5 1069.0
876.0 972.5 1069.0
876.0 972.5 1069.0
876.0 972.5 1069.0
876.0 972.5 1069.0
876.0 972.5 1069.0
876.0 972.5 1069.0
876.0 972.5 1069.0
876.0 972.5 1069.0
876.0 972.5 1069.0
876.0 972.5 1069.0
876.0 972.5 1069.0
876.0 972.5 1069.0
876.0 972.5 1069.0
876.0 972.5 1069.0
876.0 972.5 1069.0
876.0 972.5 1069.0
876.0 972.5 1069.0
876.0 972.5 1069.0
876.0 972.5 1069.0
876.0 972.5 1069.0
876.0 972.5 1069.0
876.0 972.5 1069.0
876.0 972.5 1069.0
876.0 972.5 1069.0
876.0 972.5 1069.0
876.0 972.5 1069.0
876.0 972.5 1069.0
876.0 972.5 1069.0
876.0 972.5 1069.0
876.0 972.5 1069.0
876.0 972.5 1069.0
876.0 972.5 1069.0
876.0 972.5 1069.0
876.0 972.5 1069.0
876.0 972.5 1069.0
876.0 972.5 1069.0
876.0 972.5 1069.0
876.0 972.5 1069.0
876.0 972.5 1069.0
876.0 972.5 1069.0
876.0 972.5 1069.0
876.0 972.5 1069.0
876.0 972.5 1069.0
876.0 972.5 1069.0
876.0 972.5 1069.0
876.0 972.5 1069.0
876.0 972.5 1069.0
876.0 972.5 1069.0
876.0 972.5 1069.0
876.0 972.5 1069.0
876.0 972.5 1069.0
876.0 972.5 1069.0
876.0 972.5 1069.0
876.0 972.5 1069.0
876.0 972.5 1069.0
876.0 972.5 1069.0
876.0 972.5 1069.0
876.0 972.5 1069.0
876.0 972.5 1069.0
876.0 972.5 1069.0
876.0 972.5 1069.0
876.0 972.5 1069.0
876.0 972.5 1069.0
876.0 972.5 1069.0
876.0 972.5 1069.0
876.0 972.5 1069.0
876.0 972.5 1069.0
876.0 972.5 1069.0
876.0 972.5 1069.0
876.0 972.5 1069.0
876.0 972.5 1069.0
876.0 972.5 1069.0
876.0 972.5 1069.0
876.0 972.5 1069.0
876.0 972.5 1069.0
876.0 972.5 1069.0
876.0 972.5 1069.0
876.0 972.5 1069.0
876.0 972.5 1069.0
876.0 972.5 1069.0
876.0 972.5 1069.0
876.0 972.5 1069.0
876.0 972.5 1069.0
876.0 972.5 1069.0
876.0 972.5 1069.0
876.0 972.5 1069.0
876.0 972.5 1069.0
876.0 972.5 1069.0
876.0 972.5 1069.0
876.0 972.5 1069.0
876.0 972.5 1069.0
876.0 972.5 1069.0
876.0 972.5 1069.0
876.0 972.5 1069.0
876.0 972.5 1069.0
