13811.0 14126.0 14441.0
11825.0 11862.0 11899.0
8849.0 9623.0 10397.0
5704.0 6907.5 8111.0
6583.0 6774.5 6966.0
4079.0 4589.5 5100.0
4079.0 4589.5 5100.0
3432.0 3472.5 3513.0
3432.0 3472.5 3513.0
2715.0 2927.0 3139.0
2715.0 2927.0 3139.0
3080.0 3109.5 3139.0
2033.0 2586.0 3139.0
2033.0 2586.0 3139.0
2033.0 2586.0 3139.0
2033.0 2586.0 3139.0
2033.0 2586.0 3139.0
1845.0 1939.0 2033.0
1845.0 1939.0 2033.0
1845.0 1939.0 2033.0
1845.0 1939.0 2033.0
1845.0 1939.0 2033.0
1845.0 1939.0 2033.0
1845.0 1939.0 2033.0
1845.0 1939.0 2033.0
1845.0 1939.0 2033.0
1845.0 1939.0 2033.0
1992.0 2012.5 2033.0
1992.0 2012.5 2033.0
1992.0 2012.5 2033.0
1992.0 2012.5 2033.0
1992.0 2012.5 2033.0
1992.0 2012.5 2033.0
1992.0 2012.5 2033.0
1992.0 2012.5 2033.0
1992.0 2012.5 2033.0
1992.0 2012.5 2033.0
1992.0 2012.5 2033.0
1992.0 2012.5 2033.0
1992.0 2012.5 2033.0
1992.0 2012.5 2033.0
1992.0 2012.5 2033.0
1992.0 2012.5 2033.0
1992.0 2012.5 2033.0
1992.0 2012.5 2033.0
1992.0 2012.5 2033.0
1992.0 2012.5 2033.0
1992.0 2012.5 2033.0
1907.0 1949.5 1992.0
1907.0 1949.5 1992.0
1907.0 1949.5 1992.0
1907.0 1949.5 1992.0
1907.0 1949.5 1992.0
1907.0 1949.5 1992.0
1907.0 1949.5 1992.0
1907.0 1949.5 1992.0
1907.0 1949.5 1992.0
1907.0 1949.5 1992.0
1907.0 1949.5 1992.0
1907.0 1949.5 1992.0
1907.0 1949.5 1992.0
1907.0 1949.5 1992.0
1907.0 1949.5 1992.0
1907.0 1949.5 1992.0
1907.0 1953.0 1999.0
1837.0 1872.0 1907.0
1754.0 1830.5 1907.0
1754.0 1830.5 1907.0
1754.0 1830.5 1907.0
1754.0 1830.5 1907.0
1754.0 1830.5 1907.0
1754.0 1830.5 1907.0
1754.0 1830.5 1907.0
1754.0 1830.5 1907.0
1754.0 1830.5 1907.0
1754.0 1830.5 1907.0
1754.0 1830.5 1907.0
1754.0 1830.5 1907.0
1754.0 1830.5 1907.0
1754.0 1830.5 1907.0
1754.0 1830.5 1907.0
1754.0 1830.5 1907.0
1754.0 1830.5 1907.0
1754.0 1830.5 1907.0
1754.0 1830.5 1907.0
1754.0 1830.5 1907.0
1754.0 1830.5 1907.0
1754.0 1830.5 1907.0
1754.0 1830.5 1907.0
1754.0 1830.5 1907.0
1754.0 1830.5 1907.0
1754.0 1830.5 1907.0
1754.0 1830.5 1907.0
1754.0 1830.5 1907.0
1754.0 1830.5 1907.0
1754.0 1830.5 1907.0
1754.0 1830.5 1907.0
1754.0 1830.5 1907.0
1754.0 1830.5 1907.0
1754.0 1830.5 1907.0
1754.0 1830.5 1907.0
1754.0 1830.5 1907.0
1754.0 1830.5 1907.0
1754.0 1830.5 1907.0
1754.0 1830.5 1907.0
1754.0 1830.5 1907.0
1754.0 1830.5 1907.0
1754.0 1830.5 1907.0
1754.0 1830.5 1907.0
1754.0 1830.5 1907.0
1754.0 1830.5 1907.0
1754.0 1830.5 1907.0
1754.0 1830.5 1907.0
1754.0 1830.5 1907.0
1754.0 1830.5 1907.0
1754.0 1830.5 1907.0
1754.0 1830.5 1907.0
1754.0 1830.5 1907.0
1754.0 1830.5 1907.0
1754.0 1830.5 1907.0
1754.0 1830.5 1907.0
1542.0 1648.0 1754.0
1542.0 1648.0 1754.0
1542.0 1648.0 1754.0
1542.0 1648.0 1754.0
1542.0 1648.0 1754.0
1542.0 1648.0 1754.0
1542.0 1648.0 1754.0
1542.0 1648.0 1754.0
1542.0 1648.0 1754.0
1542.0 1648.0 1754.0
1542.0 1648.0 1754.0
1542.0 1648.0 1754.0
1542.0 1648.0 1754.0
1542.0 1648.0 1754.0
1542.0 1648.0 1754.0
1542.0 1648.0 1754.0
1542.0 1648.0 1754.0
1542.0 1648.0 1754.0
1542.0 1648.0 1754.0
1542.0 1648.0 1754.0
1542.0 1648.0 1754.0
1542.0 1648.0 1754.0
1542.0 1648.0 1754.0
1542.0 1648.0 1754.0
1542.0 1648.0 1754.0
1542.0 1648.0 1754.0
1542.0 1648.0 1754.0
1542.0 1648.0 1754.0
1542.0 1648.0 1754.0
1542.0 1648.0 1754.0
1542.0 1648.0 1754.0
1542.0 1648.0 1754.0
1542.0 1648.0 1754.0
1542.0 1648.0 1754.0
1542.0 1648.0 1754.0
1542.0 1648.0 1754.0
1542.0 1648.0 1754.0
1542.0 1648.0 1754.0
1542.0 1648.0 1754.0
1542.0 1648.0 1754.0
1542.0 1648.0 1754.0
1542.0 1648.0 1754.0
1542.0 1648.0 1754.0
1542.0 1648.0 1754.0
1542.0 1648.0 1754.0
1542.0 1648.0 1754.0
1542.0 1648.0 1754.0
1542.0 1648.0 1754.0
1542.0 1648.0 1754.0
1542.0 1648.0 1754.0
1542.0 1648.0 1754.0
1542.0 1648.0 1754.0
1542.0 1648.0 1754.0
1542.0 1648.0 1754.0
1542.0 1648.0 1754.0
1542.0 1648.0 1754.0
1542.0 1648.0 1754.0
1542.0 1648.0 1754.0
1542.0 1648.0 1754.0
1542.0 1648.0 1754.0
1542.0 1648.0 1754.0
1542.0 1648.0 1754.0
1542.0 1648.0 1754.0
1542.0 1648.0 1754.0
1542.0 1648.0 1754.0
1542.0 1648.0 1754.0
1542.0 1648.0 1754.0
1542.0 1648.0 1754.0
1542.0 1648.0 1754.0
1542.0 1648.0 1754.0
1542.0 1648.0 1754.0
1542.0 1648.0 1754.0
1542.0 1648.0 1754.0
1542.0 1648.0 1754.0
1542.0 1648.0 1754.0
1542.0 1648.0 1754.0
1542.0 1648.0 1754.0
1542.0 1648.0 1754.0
1542.0 1648.0 1754.0
