13273.0 13867.0 14461.0
12722.0 12932.5 13143.0
10256.0 10761.0 11266.0
7383.0 8623.0 9863.0
6666.0 7708.5 8751.0
5733.0 6179.5 6626.0
5747.0 5915.0 6083.0
4137.0 4844.0 5551.0
3039.0 3510.0 3981.0
3091.0 3536.0 3981.0
1783.0 2847.5 3912.0
1783.0 2582.0 3381.0
1783.0 2284.5 2786.0
1783.0 2246.0 2709.0
1783.0 2246.0 2709.0
1783.0 2246.0 2709.0
1783.0 2252.5 2722.0
1783.0 2080.5 2378.0
1783.0 1877.5 1972.0
1783.0 1833.5 1884.0
1783.0 1833.5 1884.0
1783.0 1833.5 1884.0
1783.0 1833.5 1884.0
1783.0 1833.5 1884.0
1783.0 1833.5 1884.0
1783.0 1833.5 1884.0
1783.0 1833.5 1884.0
1783.0 1833.5 1884.0
1783.0 1833.5 1884.0
1783.0 1833.5 1884.0
1630.0 1706.5 1783.0
1630.0 1706.5 1783.0
1630.0 1706.5 1783.0
1630.0 1706.5 1783.0
1630.0 1706.5 1783.0
1630.0 1706.5 1783.0
1630.0 1706.5 1783.0
1630.0 1706.5 1783.0
1630.0 1706.5 1783.0
1630.0 1706.5 1783.0
1630.0 1706.5 1783.0
1630.0 1706.5 1783.0
1630.0 1706.5 1783.0
1630.0 1706.5 1783.0
1630.0 1706.5 1783.0
1630.0 1706.5 1783.0
1630.0 1706.5 1783.0
1630.0 1706.5 1783.0
1630.0 1706.5 1783.0
1630.0 1706.5 1783.0
1630.0 1706.5 1783.0
1630.0 1706.5 1783.0
1630.0 1706.5 1783.0
1630.0 1706.5 1783.0
1630.0 1706.5 1783.0
1630.0 1706.5 1783.0
1630.0 1706.5 1783.0
1630.0 1706.5 1783.0
1630.0 1706.5 1783.0
1630.0 1706.5 1783.0
1630.0 1706.5 1783.0
1630.0 1706.5 1783.0
1630.0 1706.5 1783.0
1630.0 1706.5 1783.0
1630.0 1706.5 1783.0
1630.0 1706.5 1783.0
1630.0 1706.5 1783.0
1630.0 1706.5 1783.0
1630.0 1706.5 1783.0
1630.0 1706.5 1783.0
1630.0 1706.5 1783.0
1630.0 1706.5 1783.0
1630.0 1706.5 1783.0
1630.0 1706.5 1783.0
1630.0 1706.5 1783.0
1630.0 1706.5 1783.0
1630.0 1706.5 1783.0
1630.0 1706.5 1783.0
1630.0 1706.5 1783.0
1630.0 1706.5 1783.0
1630.0 1706.5 1783.0
1630.0 1706.5 1783.0
1630.0 1706.5 1783.0
1630.0 1706.5 1783.0
1630.0 1706.5 1783.0
1630.0 1706.5 1783.0
1630.0 1706.5 1783.0
1630.0 1706.5 1783.0
1630.0 1706.5 1783.0
1630.0 1706.5 1783.0
1630.0 1706.5 1783.0
1630.0 1706.5 1783.0
1630.0 1706.5 1783.0
1630.0 1706.5 1783.0
1630.0 1706.5 1783.0
1630.0 1706.5 1783.0
1630.0 1706.5 1783.0
1630.0 1706.5 1783.0
1630.0 1706.5 1783.0
1630.0 1706.5 1783.0
1630.0 1706.5 1783.0
1630.0 1706.5 1783.0
1630.0 1706.5 1783.0
1630.0 1706.5 1783.0
1630.0 1706.5 1783.0
1630.0 1706.5 1783.0
1630.0 1706.5 1783.0
1630.0 1706.5 1783.0
1630.0 1706.5 1783.0
1630.0 1706.5 1783.0
1630.0 1706.5 1783.0
1630.0 1706.5 1783.0
1630.0 1706.5 1783.0
1630.0 1777.5 1925.0
1630.0 1684.5 1739.0
1630.0 1684.5 1739.0
1630.0 1684.5 1739.0
1630.0 1684.5 1739.0
1630.0 1684.5 1739.0
1630.0 1684.5 1739.0
1630.0 1684.5 1739.0
1630.0 1684.5 1739.0
1630.0 1684.5 1739.0
1630.0 1684.5 1739.0
1630.0 1684.5 1739.0
1630.0 1684.5 1739.0
1630.0 1684.5 1739.0
1630.0 1684.5 1739.0
1630.0 1684.5 1739.0
1630.0 1684.5 1739.0
1630.0 1684.5 1739.0
1630.0 1684.5 1739.0
1630.0 1684.5 1739.0
1630.0 1684.5 1739.0
1630.0 1684.5 1739.0
1630.0 1684.5 1739.0
1630.0 1684.5 1739.0
1630.0 1684.5 1739.0
1630.0 1684.5 1739.0
1630.0 1684.5 1739.0
1630.0 1684.5 1739.0
1630.0 1684.5 1739.0
1630.0 1684.5 1739.0
1630.0 1684.5 1739.0
1630.0 1684.5 1739.0
1630.0 1684.5 1739.0
1630.0 1684.5 1739.0
1630.0 1684.5 1739.0
1630.0 1684.5 1739.0
1630.0 1684.5 1739.0
1630.0 1684.5 1739.0
1630.0 1684.5 1739.0
1630.0 1684.5 1739.0
1630.0 1684.5 1739.0
1630.0 1684.5 1739.0
1630.0 1684.5 1739.0
1630.0 1684.5 1739.0
1630.0 1684.5 1739.0
1630.0 1684.5 1739.0
1630.0 1684.5 1739.0
1630.0 1684.5 1739.0
1630.0 1684.5 1739.0
1630.0 1684.5 1739.0
1630.0 1684.5 1739.0
1630.0 1684.5 1739.0
1630.0 1684.5 1739.0
1630.0 1684.5 1739.0
1630.0 1684.5 1739.0
1630.0 1684.5 1739.0
1630.0 1684.5 1739.0
1630.0 1684.5 1739.0
1630.0 1684.5 1739.0
1630.0 1684.5 1739.0
1630.0 1684.5 1739.0
1630.0 1684.5 1739.0
1630.0 1684.5 1739.0
1630.0 1684.5 1739.0
1630.0 1684.5 1739.0
1630.0 1684.5 1739.0
1630.0 1684.5 1739.0
1630.0 1684.5 1739.0
1630.0 1684.5 1739.0
1630.0 1684.5 1739.0
1630.0 1684.5 1739.0
1630.0 1684.5 1739.0
1630.0 1684.5 1739.0
1630.0 1684.5 1739.0
1630.0 1684.5 1739.0
1630.0 1684.5 1739.0
1630.0 1684.5 1739.0
1630.0 1684.5 1739.0
1630.0 1684.5 1739.0
1630.0 1684.5 1739.0
1630.0 1684.5 1739.0
1630.0 1684.5 1739.0
1630.0 1684.5 1739.0
1630.0 1684.5 1739.0
1630.0 1684.5 1739.0
1630.0 1684.5 1739.0
1630.0 1684.5 1739.0
