13061.0 13218.0 13375.0
11360.0 12358.0 13356.0
9487.0 9784.5 10082.0
6698.0 8396.0 10094.0
5428.0 5549.5 5671.0
3970.0 5013.5 6057.0
3225.0 3633.0 4041.0
3225.0 3721.5 4218.0
2746.0 2879.5 3013.0
2746.0 2879.5 3013.0
2438.0 2439.0 2440.0
2000.0 2220.0 2440.0
2000.0 2220.0 2440.0
2076.0 2258.0 2440.0
2076.0 2258.0 2440.0
2076.0 2258.0 2440.0
2076.0 2258.0 2440.0
2207.0 2212.5 2218.0
1725.0 1971.5 2218.0
1725.0 1971.5 2218.0
1725.0 1971.5 2218.0
1725.0 1971.5 2218.0
1725.0 1971.5 2218.0
1725.0 1971.5 2218.0
1717.0 1721.0 1725.0
1717.0 1721.0 1725.0
1725.0 1748.5 1772.0
1725.0 1937.5 2150.0
1725.0 1937.5 2150.0
1725.0 1937.5 2150.0
1725.0 1937.5 2150.0
1725.0 1937.5 2150.0
1725.0 1937.5 2150.0
1725.0 1937.5 2150.0
1725.0 1937.5 2150.0
1725.0 1937.5 2150.0
1725.0 1937.5 2150.0
1725.0 1937.5 2150.0
1725.0 1937.5 2150.0
1725.0 1937.5 2150.0
1725.0 1937.5 2150.0
1725.0 1937.5 2150.0
1725.0 1937.5 2150.0
1725.0 1937.5 2150.0
1725.0 1937.5 2150.0
1725.0 1937.5 2150.0
1725.0 1937.5 2150.0
1725.0 1937.5 2150.0
1725.0 1937.5 2150.0
1725.0 1937.5 2150.0
1725.0 1937.5 2150.0
1725.0 1937.5 2150.0
1725.0 1937.5 2150.0
1725.0 1937.5 2150.0
1725.0 1937.5 2150.0
1725.0 1937.5 2150.0
1725.0 1937.5 2150.0
1725.0 1937.5 2150.0
1725.0 1937.5 2150.0
1725.0 1937.5 2150.0
1725.0 1937.5 2150.0
1725.0 1937.5 2150.0
1725.0 1937.5 2150.0
1725.0 1937.5 2150.0
1725.0 1937.5 2150.0
1725.0 1937.5 2150.0
1725.0 1937.5 2150.0
1725.0 1937.5 2150.0
1725.0 1937.5 2150.0
1725.0 1937.5 2150.0
1725.0 1937.5 2150.0
1725.0 1937.5 2150.0
1725.0 1937.5 2150.0
1725.0 1937.5 2150.0
1725.0 1937.5 2150.0
1725.0 1937.5 2150.0
1725.0 1937.5 2150.0
1725.0 1937.5 2150.0
1725.0 1937.5 2150.0
1725.0 1937.5 2150.0
1725.0 1937.5 2150.0
1725.0 1937.5 2150.0
1725.0 1937.5 2150.0
1725.0 1937.5 2150.0
1725.0 1937.5 2150.0
1725.0 1937.5 2150.0
1725.0 1937.5 2150.0
1725.0 1937.5 2150.0
1725.0 1937.5 2150.0
1725.0 1937.5 2150.0
1725.0 1937.5 2150.0
1725.0 1937.5 2150.0
1725.0 1937.5 2150.0
1725.0 1937.5 2150.0
1725.0 1937.5 2150.0
1725.0 1937.5 2150.0
1725.0 1937.5 2150.0
1725.0 1937.5 2150.0
1725.0 1937.5 2150.0
1725.0 1937.5 2150.0
1725.0 1937.5 2150.0
1725.0 1937.5 2150.0
1725.0 1937.5 2150.0
1725.0 1937.5 2150.0
1725.0 1937.5 2150.0
1725.0 1937.5 2150.0
1725.0 1937.5 2150.0
1725.0 1937.5 2150.0
1725.0 1937.5 2150.0
1725.0 1937.5 2150.0
1725.0 1937.5 2150.0
1725.0 1937.5 2150.0
1725.0 1937.5 2150.0
1725.0 1937.5 2150.0
1725.0 1937.5 2150.0
1633.0 1679.0 1725.0
1202.0 1463.5 1725.0
1202.0 1463.5 1725.0
1202.0 1463.5 1725.0
1202.0 1463.5 1725.0
1202.0 1463.5 1725.0
1202.0 1463.5 1725.0
1202.0 1463.5 1725.0
1202.0 1463.5 1725.0
1202.0 1463.5 1725.0
1202.0 1463.5 1725.0
1202.0 1463.5 1725.0
1202.0 1463.5 1725.0
1202.0 1463.5 1725.0
1202.0 1463.5 1725.0
1202.0 1463.5 1725.0
1202.0 1463.5 1725.0
1202.0 1463.5 1725.0
1202.0 1463.5 1725.0
1202.0 1463.5 1725.0
1202.0 1463.5 1725.0
1202.0 1463.5 1725.0
1202.0 1463.5 1725.0
1202.0 1463.5 1725.0
1202.0 1463.5 1725.0
1202.0 1463.5 1725.0
1202.0 1463.5 1725.0
1202.0 1463.5 1725.0
1202.0 1463.5 1725.0
1202.0 1463.5 1725.0
1202.0 1463.5 1725.0
1202.0 1463.5 1725.0
1202.0 1463.5 1725.0
1202.0 1463.5 1725.0
1202.0 1463.5 1725.0
1202.0 1463.5 1725.0
1202.0 1463.5 1725.0
1202.0 1463.5 1725.0
1202.0 1463.5 1725.0
1202.0 1463.5 1725.0
1202.0 1463.5 1725.0
1202.0 1463.5 1725.0
1202.0 1463.5 1725.0
1202.0 1463.5 1725.0
1202.0 1463.5 1725.0
1202.0 1463.5 1725.0
1202.0 1463.5 1725.0
1202.0 1463.5 1725.0
1202.0 1463.5 1725.0
1202.0 1463.5 1725.0
1202.0 1463.5 1725.0
1202.0 1463.5 1725.0
1202.0 1463.5 1725.0
1202.0 1463.5 1725.0
1202.0 1463.5 1725.0
1202.0 1463.5 1725.0
1202.0 1463.5 1725.0
1202.0 1463.5 1725.0
1202.0 1463.5 1725.0
1202.0 1463.5 1725.0
1202.0 1463.5 1725.0
1202.0 1463.5 1725.0
1202.0 1463.5 1725.0
1202.0 1463.5 1725.0
1202.0 1463.5 1725.0
1202.0 1463.5 1725.0
1202.0 1463.5 1725.0
1202.0 1463.5 1725.0
1202.0 1463.5 1725.0
1202.0 1463.5 1725.0
1202.0 1463.5 1725.0
1202.0 1463.5 1725.0
1202.0 1463.5 1725.0
1202.0 1463.5 1725.0
1202.0 1463.5 1725.0
1202.0 1463.5 1725.0
1202.0 1463.5 1725.0
1202.0 1463.5 1725.0
1202.0 1463.5 1725.0
1202.0 1463.5 1725.0
1202.0 1463.5 1725.0
1202.0 1463.5 1725.0
1202.0 1463.5 1725.0
1202.0 1463.5 1725.0
1202.0 1463.5 1725.0
