12051.0 13511.0 14971.0
10581.0 12124.0 13667.0
7512.0 9845.0 12178.0
7949.0 8940.5 9932.0
7251.0 8824.0 10397.0
5424.0 5909.5 6395.0
5424.0 5873.0 6322.0
4505.0 5543.0 6581.0
4398.0 4451.5 4505.0
3340.0 3714.0 4088.0
2688.0 2784.5 2881.0
2688.0 2784.5 2881.0
2688.0 2784.5 2881.0
2641.0 2761.0 2881.0
2620.0 2750.5 2881.0
2620.0 2750.5 2881.0
2620.0 2750.5 2881.0
2620.0 2750.5 2881.0
2620.0 2750.5 2881.0
2620.0 2750.5 2881.0
2620.0 2750.5 2881.0
2620.0 2750.5 2881.0
2620.0 2750.5 2881.0
2620.0 2750.5 2881.0
2620.0 2750.5 2881.0
2620.0 2750.5 2881.0
2620.0 2750.5 2881.0
2620.0 2750.5 2881.0
2620.0 2750.5 2881.0
2620.0 2750.5 2881.0
2288.0 2454.0 2620.0
2288.0 2454.0 2620.0
2288.0 2454.0 2620.0
2288.0 2454.0 2620.0
1911.0 2265.5 2620.0
1251.0 1935.5 2620.0
1251.0 1935.5 2620.0
1251.0 1935.5 2620.0
1251.0 1935.5 2620.0
1251.0 1935.5 2620.0
1251.0 1935.5 2620.0
1251.0 1935.5 2620.0
1251.0 1935.5 2620.0
1251.0 1935.5 2620.0
1251.0 1935.5 2620.0
1251.0 1935.5 2620.0
1251.0 1935.5 2620.0
1251.0 1935.5 2620.0
1251.0 1935.5 2620.0
1251.0 1935.5 2620.0
1251.0 1935.5 2620.0
1251.0 1935.5 2620.0
1251.0 1935.5 2620.0
1251.0 1935.5 2620.0
1251.0 1935.5 2620.0
1251.0 1935.5 2620.0
1251.0 1623.5 1996.0
1251.0 1623.5 1996.0
1251.0 1623.5 1996.0
1251.0 1623.5 1996.0
1251.0 1623.5 1996.0
1251.0 1623.5 1996.0
1251.0 1623.5 1996.0
1251.0 1623.5 1996.0
1251.0 1623.5 1996.0
1251.0 1623.5 1996.0
1251.0 1623.5 1996.0
1251.0 1623.5 1996.0
1251.0 1623.5 1996.0
1251.0 1623.5 1996.0
1251.0 1623.5 1996.0
1251.0 1623.5 1996.0
1251.0 1623.5 1996.0
1251.0 1623.5 1996.0
1251.0 1623.5 1996.0
1251.0 1623.5 1996.0
1251.0 1623.5 1996.0
1251.0 1623.5 1996.0
1251.0 1623.5 1996.0
1251.0 1623.5 1996.0
1251.0 1695.0 2139.0
1251.0 1695.0 2139.0
1251.0 1695.0 2139.0
1251.0 1695.0 2139.0
1251.0 1695.0 2139.0
1251.0 1695.0 2139.0
1251.0 1695.0 2139.0
1251.0 1583.5 1916.0
1251.0 1346.0 1441.0
1251.0 1346.0 1441.0
1251.0 1346.0 1441.0
1251.0 1346.0 1441.0
1251.0 1346.0 1441.0
1251.0 1346.0 1441.0
1251.0 1346.0 1441.0
1251.0 1346.0 1441.0
1251.0 1346.0 1441.0
1251.0 1346.0 1441.0
1251.0 1346.0 1441.0
1251.0 1346.0 1441.0
1251.0 1346.0 1441.0
1251.0 1346.0 1441.0
1251.0 1346.0 1441.0
1251.0 1346.0 1441.0
1251.0 1346.0 1441.0
1251.0 1346.0 1441.0
1251.0 1346.0 1441.0
1251.0 1346.0 1441.0
1251.0 1346.0 1441.0
1251.0 1346.0 1441.0
1251.0 1346.0 1441.0
1251.0 1346.0 1441.0
1251.0 1346.0 1441.0
1251.0 1346.0 1441.0
1251.0 1346.0 1441.0
1251.0 1346.0 1441.0
1251.0 1346.0 1441.0
1251.0 1346.0 1441.0
1251.0 1346.0 1441.0
1251.0 1346.0 1441.0
1251.0 1346.0 1441.0
1251.0 1346.0 1441.0
1251.0 1346.0 1441.0
1251.0 1346.0 1441.0
1251.0 1346.0 1441.0
1251.0 1346.0 1441.0
1251.0 1346.0 1441.0
1251.0 1346.0 1441.0
1251.0 1346.0 1441.0
1251.0 1346.0 1441.0
1251.0 1346.0 1441.0
1251.0 1346.0 1441.0
1251.0 1346.0 1441.0
1251.0 1346.0 1441.0
1251.0 1346.0 1441.0
1251.0 1346.0 1441.0
1251.0 1346.0 1441.0
1251.0 1346.0 1441.0
1251.0 1346.0 1441.0
1251.0 1346.0 1441.0
1251.0 1346.0 1441.0
1251.0 1346.0 1441.0
1251.0 1346.0 1441.0
1251.0 1346.0 1441.0
1251.0 1346.0 1441.0
1251.0 1346.0 1441.0
1251.0 1346.0 1441.0
1251.0 1346.0 1441.0
1251.0 1346.0 1441.0
1251.0 1346.0 1441.0
1251.0 1346.0 1441.0
1251.0 1346.0 1441.0
1251.0 1346.0 1441.0
1251.0 1346.0 1441.0
1251.0 1346.0 1441.0
1251.0 1346.0 1441.0
1251.0 1346.0 1441.0
1251.0 1346.0 1441.0
1251.0 1346.0 1441.0
1251.0 1346.0 1441.0
1251.0 1346.0 1441.0
1251.0 1346.0 1441.0
1251.0 1346.0 1441.0
1251.0 1346.0 1441.0
1251.0 1346.0 1441.0
1251.0 1346.0 1441.0
1251.0 1346.0 1441.0
1251.0 1346.0 1441.0
1251.0 1346.0 1441.0
1251.0 1346.0 1441.0
1251.0 1346.0 1441.0
1251.0 1346.0 1441.0
1251.0 1346.0 1441.0
1251.0 1346.0 1441.0
1251.0 1346.0 1441.0
1251.0 1346.0 1441.0
1251.0 1346.0 1441.0
1251.0 1346.0 1441.0
1251.0 1346.0 1441.0
1251.0 1346.0 1441.0
1251.0 1346.0 1441.0
1251.0 1346.0 1441.0
1251.0 1346.0 1441.0
1251.0 1346.0 1441.0
1251.0 1346.0 1441.0
1251.0 1346.0 1441.0
1251.0 1346.0 1441.0
1251.0 1346.0 1441.0
1251.0 1346.0 1441.0
1251.0 1346.0 1441.0
1251.0 1346.0 1441.0
1251.0 1346.0 1441.0
1251.0 1346.0 1441.0
1251.0 1346.0 1441.0
1251.0 1346.0 1441.0
1251.0 1346.0 1441.0
1251.0 1346.0 1441.0
1251.0 1346.0 1441.0
1251.0 1346.0 1441.0
1251.0 1346.0 1441.0
