11237.0 13858.5 16480.0
11409.0 13471.5 15534.0
7284.0 11056.0 14828.0
7502.0 8479.5 9457.0
7502.0 7746.0 7990.0
4966.0 5817.5 6669.0
4371.0 5173.5 5976.0
3379.0 3846.5 4314.0
3513.0 3913.5 4314.0
3513.0 3913.5 4314.0
3513.0 3913.5 4314.0
3513.0 3913.5 4314.0
3513.0 3913.5 4314.0
3513.0 3709.0 3905.0
2937.0 3184.0 3431.0
2937.0 3014.0 3091.0
2552.0 2799.0 3046.0
2552.0 2799.0 3046.0
2120.0 2583.0 3046.0
2120.0 2583.0 3046.0
2120.0 2583.0 3046.0
2120.0 2170.5 2221.0
1975.0 2047.5 2120.0
1975.0 2047.5 2120.0
1975.0 2047.5 2120.0
1975.0 2047.5 2120.0
1975.0 2047.5 2120.0
1975.0 2047.5 2120.0
1975.0 2047.5 2120.0
1975.0 2047.5 2120.0
1975.0 2047.5 2120.0
1975.0 2047.5 2120.0
1975.0 2047.5 2120.0
1975.0 2047.5 2120.0
1975.0 2047.5 2120.0
1975.0 2047.5 2120.0
1975.0 2047.5 2120.0
1975.0 2047.5 2120.0
1975.0 2047.5 2120.0
1975.0 2047.5 2120.0
1975.0 2047.5 2120.0
1975.0 2047.5 2120.0
1975.0 2047.5 2120.0
1975.0 2047.5 2120.0
1975.0 2047.5 2120.0
1975.0 2047.5 2120.0
1975.0 2047.5 2120.0
1975.0 2047.5 2120.0
1975.0 2047.5 2120.0
1975.0 2047.5 2120.0
1975.0 2047.5 2120.0
1975.0 2047.5 2120.0
1975.0 2047.5 2120.0
1975.0 2047.5 2120.0
1859.0 1989.5 2120.0
2072.0 2096.0 2120.0
2072.0 2096.0 2120.0
2072.0 2096.0 2120.0
2072.0 2096.0 2120.0
2072.0 2096.0 2120.0
2072.0 2096.0 2120.0
2072.0 2096.0 2120.0
2072.0 2096.0 2120.0
2072.0 2096.0 2120.0
2072.0 2096.0 2120.0
2072.0 2096.0 2120.0
2072.0 2096.0 2120.0
2072.0 2096.0 2120.0
2072.0 2096.0 2120.0
2072.0 2096.0 2120.0
2072.0 2096.0 2120.0
2072.0 2096.0 2120.0
2072.0 2096.0 2120.0
2072.0 2096.0 2120.0
2072.0 2096.0 2120.0
2072.0 2096.0 2120.0
2072.0 2096.0 2120.0
2072.0 2096.0 2120.0
2072.0 2096.0 2120.0
1163.0 1617.5 2072.0
1163.0 1617.5 2072.0
1163.0 1617.5 2072.0
1163.0 1617.5 2072.0
1163.0 1617.5 2072.0
1163.0 1617.5 2072.0
1163.0 1617.5 2072.0
1163.0 1617.5 2072.0
1163.0 1617.5 2072.0
1163.0 1617.5 2072.0
1163.0 1617.5 2072.0
1163.0 1617.5 2072.0
1163.0 1617.5 2072.0
1163.0 1617.5 2072.0
1163.0 1617.5 2072.0
1163.0 1617.5 2072.0
1163.0 1617.5 2072.0
1163.0 1617.5 2072.0
1163.0 1617.5 2072.0
1163.0 1617.5 2072.0
1163.0 1617.5 2072.0
1163.0 1617.5 2072.0
1163.0 1617.5 2072.0
1163.0 1617.5 2072.0
1163.0 1617.5 2072.0
1163.0 1617.5 2072.0
1163.0 1617.5 2072.0
1163.0 1617.5 2072.0
1163.0 1617.5 2072.0
1163.0 1617.5 2072.0
1163.0 1617.5 2072.0
1163.0 1617.5 2072.0
1163.0 1617.5 2072.0
1163.0 1617.5 2072.0
1163.0 1617.5 2072.0
1163.0 1617.5 2072.0
1163.0 1617.5 2072.0
1163.0 1617.5 2072.0
1163.0 1617.5 2072.0
1163.0 1617.5 2072.0
1163.0 1617.5 2072.0
1163.0 1617.5 2072.0
1163.0 1617.5 2072.0
1163.0 1617.5 2072.0
1163.0 1617.5 2072.0
1163.0 1617.5 2072.0
1163.0 1617.5 2072.0
1163.0 1617.5 2072.0
1163.0 1617.5 2072.0
1163.0 1617.5 2072.0
1163.0 1617.5 2072.0
1163.0 1617.5 2072.0
1163.0 1617.5 2072.0
1163.0 1617.5 2072.0
1163.0 1617.5 2072.0
1163.0 1617.5 2072.0
1163.0 1617.5 2072.0
1163.0 1617.5 2072.0
1163.0 1617.5 2072.0
1163.0 1617.5 2072.0
1163.0 1617.5 2072.0
1163.0 1617.5 2072.0
1163.0 1617.5 2072.0
1163.0 1617.5 2072.0
1163.0 1617.5 2072.0
1163.0 1617.5 2072.0
1163.0 1617.5 2072.0
1163.0 1617.5 2072.0
1163.0 1617.5 2072.0
1163.0 1617.5 2072.0
1163.0 1617.5 2072.0
1163.0 1617.5 2072.0
1163.0 1617.5 2072.0
1163.0 1617.5 2072.0
1163.0 1617.5 2072.0
1163.0 1617.5 2072.0
1163.0 1617.5 2072.0
1163.0 1617.5 2072.0
1163.0 1617.5 2072.0
1163.0 1617.5 2072.0
1163.0 1617.5 2072.0
1163.0 1617.5 2072.0
1163.0 1617.5 2072.0
1163.0 1617.5 2072.0
1163.0 1617.5 2072.0
1163.0 1469.5 1776.0
1163.0 1491.5 1820.0
1163.0 1491.5 1820.0
1163.0 1491.5 1820.0
1163.0 1491.5 1820.0
1163.0 1491.5 1820.0
1163.0 1491.5 1820.0
1163.0 1491.5 1820.0
1163.0 1491.5 1820.0
1163.0 1491.5 1820.0
1163.0 1491.5 1820.0
1163.0 1491.5 1820.0
1163.0 1491.5 1820.0
1163.0 1491.5 1820.0
1163.0 1491.5 1820.0
1163.0 1491.5 1820.0
1163.0 1491.5 1820.0
1163.0 1491.5 1820.0
1163.0 1491.5 1820.0
1163.0 1491.5 1820.0
1163.0 1491.5 1820.0
1163.0 1491.5 1820.0
1163.0 1491.5 1820.0
1163.0 1491.5 1820.0
1163.0 1491.5 1820.0
1163.0 1491.5 1820.0
1163.0 1491.5 1820.0
1163.0 1491.5 1820.0
1163.0 1491.5 1820.0
1163.0 1491.5 1820.0
1163.0 1491.5 1820.0
1163.0 1491.5 1820.0
1163.0 1424.0 1685.0
1163.0 1424.0 1685.0
1163.0 1424.0 1685.0
1163.0 1424.0 1685.0
