13130.0 16456.5 19783.0
11375.0 12237.0 13099.0
9116.0 10330.0 11544.0
6092.0 8001.5 9911.0
6143.0 6472.5 6802.0
4095.0 4533.0 4971.0
3166.0 3444.5 3723.0
3075.0 3274.0 3473.0
2922.0 2998.5 3075.0
2922.0 3174.5 3427.0
2922.0 3174.5 3427.0
2243.0 2582.5 2922.0
2243.0 2582.5 2922.0
2002.0 2398.5 2795.0
2002.0 2398.5 2795.0
2002.0 2462.0 2922.0
2002.0 2134.0 2266.0
2002.0 2134.0 2266.0
2002.0 2134.0 2266.0
2002.0 2134.0 2266.0
2002.0 2162.0 2322.0
1968.0 1985.0 2002.0
1764.0 1883.0 2002.0
1764.0 1883.0 2002.0
1764.0 1883.0 2002.0
1743.0 1753.5 1764.0
1743.0 1753.5 1764.0
1743.0 1753.5 1764.0
1743.0 1753.5 1764.0
1743.0 1753.5 1764.0
1743.0 1753.5 1764.0
1743.0 1753.5 1764.0
1743.0 1753.5 1764.0
1743.0 1753.5 1764.0
1764.0 1976.5 2189.0
1764.0 1976.5 2189.0
1743.0 1753.5 1764.0
1760.0 1762.0 1764.0
1690.0 1727.0 1764.0
1690.0 1727.0 1764.0
1690.0 1727.0 1764.0
1690.0 1727.0 1764.0
1690.0 1727.0 1764.0
1690.0 1727.0 1764.0
1690.0 1727.0 1764.0
1690.0 1727.0 1764.0
1690.0 1727.0 1764.0
1690.0 1727.0 1764.0
1690.0 1727.0 1764.0
1690.0 1727.0 1764.0
1690.0 1727.0 1764.0
1690.0 1727.0 1764.0
1690.0 1727.0 1764.0
1690.0 1727.0 1764.0
1690.0 1727.0 1764.0
1690.0 1727.0 1764.0
1690.0 1727.0 1764.0
1690.0 1727.0 1764.0
1690.0 1727.0 1764.0
1690.0 1727.0 1764.0
1690.0 1727.0 1764.0
1690.0 1727.0 1764.0
1690.0 1727.0 1764.0
1690.0 1727.0 1764.0
1690.0 1727.0 1764.0
1690.0 1727.0 1764.0
1690.0 1727.0 1764.0
1690.0 1727.0 1764.0
1690.0 1727.0 1764.0
1690.0 1727.0 1764.0
1690.0 1727.0 1764.0
1690.0 1727.0 1764.0
1690.0 1727.0 1764.0
1690.0 1727.0 1764.0
1690.0 1727.0 1764.0
1690.0 1727.0 1764.0
1690.0 1727.0 1764.0
1690.0 1727.0 1764.0
1690.0 1727.0 1764.0
1690.0 1727.0 1764.0
1690.0 1727.0 1764.0
1690.0 1727.0 1764.0
1690.0 1727.0 1764.0
1690.0 1727.0 1764.0
1690.0 1727.0 1764.0
1690.0 1727.0 1764.0
1690.0 1727.0 1764.0
1690.0 1727.0 1764.0
1690.0 1727.0 1764.0
1690.0 1727.0 1764.0
1690.0 1727.0 1764.0
1690.0 1727.0 1764.0
1690.0 1727.0 1764.0
1690.0 1727.0 1764.0
1690.0 1727.0 1764.0
1690.0 1727.0 1764.0
1690.0 1727.0 1764.0
1690.0 1727.0 1764.0
1690.0 1727.0 1764.0
1690.0 1727.0 1764.0
1690.0 1727.0 1764.0
1690.0 1727.0 1764.0
1690.0 1727.0 1764.0
1690.0 1727.0 1764.0
1690.0 1727.0 1764.0
1690.0 1727.0 1764.0
1690.0 1727.0 1764.0
1690.0 1727.0 1764.0
1690.0 1727.0 1764.0
1690.0 1727.0 1764.0
1690.0 1727.0 1764.0
1396.0 1543.0 1690.0
1396.0 1543.0 1690.0
1396.0 1543.0 1690.0
1396.0 1543.0 1690.0
1396.0 1543.0 1690.0
1396.0 1543.0 1690.0
1396.0 1543.0 1690.0
1396.0 1543.0 1690.0
1396.0 1543.0 1690.0
1396.0 1543.0 1690.0
1396.0 1543.0 1690.0
1396.0 1543.0 1690.0
1396.0 1543.0 1690.0
1396.0 1543.0 1690.0
1396.0 1543.0 1690.0
1396.0 1543.0 1690.0
1396.0 1543.0 1690.0
1396.0 1543.0 1690.0
1396.0 1543.0 1690.0
1396.0 1543.0 1690.0
1396.0 1543.0 1690.0
1396.0 1543.0 1690.0
1396.0 1543.0 1690.0
1396.0 1543.0 1690.0
1396.0 1543.0 1690.0
1396.0 1543.0 1690.0
1399.0 1544.5 1690.0
1399.0 1544.5 1690.0
1399.0 1544.5 1690.0
1399.0 1544.5 1690.0
1399.0 1544.5 1690.0
1399.0 1544.5 1690.0
1399.0 1544.5 1690.0
1399.0 1544.5 1690.0
1399.0 1544.5 1690.0
1399.0 1544.5 1690.0
1399.0 1544.5 1690.0
1399.0 1544.5 1690.0
1399.0 1544.5 1690.0
1399.0 1544.5 1690.0
1399.0 1544.5 1690.0
952.0 1175.5 1399.0
952.0 1175.5 1399.0
952.0 1175.5 1399.0
952.0 1175.5 1399.0
952.0 1175.5 1399.0
952.0 1175.5 1399.0
952.0 1175.5 1399.0
952.0 1175.5 1399.0
952.0 1175.5 1399.0
952.0 1175.5 1399.0
952.0 1175.5 1399.0
952.0 1175.5 1399.0
952.0 1175.5 1399.0
952.0 1175.5 1399.0
952.0 1175.5 1399.0
952.0 1175.5 1399.0
952.0 1175.5 1399.0
952.0 1175.5 1399.0
952.0 1175.5 1399.0
952.0 1175.5 1399.0
952.0 1175.5 1399.0
952.0 1175.5 1399.0
952.0 1175.5 1399.0
952.0 1175.5 1399.0
952.0 1175.5 1399.0
952.0 1175.5 1399.0
952.0 1175.5 1399.0
952.0 1175.5 1399.0
952.0 1175.5 1399.0
952.0 1175.5 1399.0
952.0 1175.5 1399.0
952.0 1175.5 1399.0
952.0 1175.5 1399.0
952.0 1175.5 1399.0
952.0 1079.0 1206.0
952.0 1079.0 1206.0
952.0 1079.0 1206.0
952.0 1079.0 1206.0
952.0 1079.0 1206.0
952.0 1079.0 1206.0
952.0 1079.0 1206.0
952.0 1079.0 1206.0
952.0 1079.0 1206.0
952.0 1079.0 1206.0
952.0 1079.0 1206.0
952.0 1079.0 1206.0
952.0 1079.0 1206.0
952.0 1079.0 1206.0
