9621.0 10507.0 11393.0
7726.0 9616.0 11506.0
7180.0 7669.0 8158.0
4081.0 4844.5 5608.0
3988.0 4034.5 4081.0
3142.0 3696.5 4251.0
3142.0 3143.5 3145.0
1687.0 2015.5 2344.0
1687.0 2015.5 2344.0
1188.0 1692.0 2196.0
1188.0 1695.5 2203.0
1362.0 1474.5 1587.0
1362.0 1474.5 1587.0
1243.0 1472.5 1702.0
1243.0 1472.5 1702.0
1243.0 1472.5 1702.0
1208.0 1455.0 1702.0
1208.0 1455.0 1702.0
1208.0 1455.0 1702.0
1208.0 1455.0 1702.0
1208.0 1455.0 1702.0
1208.0 1455.0 1702.0
1208.0 1455.0 1702.0
1208.0 1455.0 1702.0
1208.0 1455.0 1702.0
1208.0 1455.0 1702.0
1208.0 1455.0 1702.0
1208.0 1455.0 1702.0
1208.0 1455.0 1702.0
1208.0 1455.0 1702.0
1208.0 1455.0 1702.0
1208.0 1455.0 1702.0
1208.0 1455.0 1702.0
1208.0 1455.0 1702.0
1208.0 1455.0 1702.0
1208.0 1455.0 1702.0
1208.0 1455.0 1702.0
1208.0 1455.0 1702.0
1208.0 1455.0 1702.0
1208.0 1455.0 1702.0
1208.0 1455.0 1702.0
1208.0 1455.0 1702.0
1208.0 1455.0 1702.0
1208.0 1455.0 1702.0
1208.0 1455.0 1702.0
1208.0 1455.0 1702.0
1208.0 1455.0 1702.0
1208.0 1455.0 1702.0
1208.0 1455.0 1702.0
1208.0 1455.0 1702.0
1208.0 1455.0 1702.0
1208.0 1455.0 1702.0
1208.0 1455.0 1702.0
1208.0 1455.0 1702.0
1208.0 1455.0 1702.0
1208.0 1455.0 1702.0
1208.0 1455.0 1702.0
1208.0 1455.0 1702.0
1208.0 1455.0 1702.0
1208.0 1455.0 1702.0
1208.0 1455.0 1702.0
1208.0 1455.0 1702.0
1208.0 1455.0 1702.0
1208.0 1455.0 1702.0
1208.0 1455.0 1702.0
1208.0 1455.0 1702.0
1208.0 1455.0 1702.0
1208.0 1455.0 1702.0
1208.0 1455.0 1702.0
1208.0 1455.0 1702.0
1208.0 1455.0 1702.0
1208.0 1455.0 1702.0
1208.0 1455.0 1702.0
1208.0 1455.0 1702.0
1208.0 1455.0 1702.0
1208.0 1455.0 1702.0
1208.0 1455.0 1702.0
1208.0 1455.0 1702.0
1208.0 1455.0 1702.0
1208.0 1455.0 1702.0
1208.0 1455.0 1702.0
1208.0 1455.0 1702.0
1208.0 1455.0 1702.0
1208.0 1455.0 1702.0
1208.0 1455.0 1702.0
1208.0 1455.0 1702.0
1208.0 1455.0 1702.0
1208.0 1455.0 1702.0
1208.0 1455.0 1702.0
1208.0 1455.0 1702.0
1208.0 1455.0 1702.0
1208.0 1455.0 1702.0
1208.0 1455.0 1702.0
1208.0 1455.0 1702.0
1208.0 1455.0 1702.0
1208.0 1455.0 1702.0
1208.0 1455.0 1702.0
1208.0 1455.0 1702.0
1208.0 1455.0 1702.0
1208.0 1214.5 1221.0
1208.0 1214.5 1221.0
877.0 1042.5 1208.0
877.0 1042.5 1208.0
877.0 1042.5 1208.0
877.0 1042.5 1208.0
910.0 1059.0 1208.0
910.0 1059.0 1208.0
910.0 1059.0 1208.0
910.0 1059.0 1208.0
910.0 1059.0 1208.0
910.0 1059.0 1208.0
910.0 1059.0 1208.0
910.0 1059.0 1208.0
910.0 1059.0 1208.0
910.0 1059.0 1208.0
910.0 1059.0 1208.0
910.0 1059.0 1208.0
910.0 1059.0 1208.0
910.0 1059.0 1208.0
910.0 1059.0 1208.0
910.0 1059.0 1208.0
910.0 1059.0 1208.0
910.0 1059.0 1208.0
910.0 1059.0 1208.0
910.0 1059.0 1208.0
910.0 1059.0 1208.0
910.0 1059.0 1208.0
910.0 1059.0 1208.0
910.0 1059.0 1208.0
910.0 1059.0 1208.0
910.0 1059.0 1208.0
910.0 1059.0 1208.0
910.0 1059.0 1208.0
910.0 1059.0 1208.0
910.0 1059.0 1208.0
910.0 1059.0 1208.0
910.0 1059.0 1208.0
910.0 1059.0 1208.0
910.0 1059.0 1208.0
910.0 1059.0 1208.0
910.0 1059.0 1208.0
910.0 1059.0 1208.0
910.0 1059.0 1208.0
910.0 1059.0 1208.0
910.0 1059.0 1208.0
910.0 1059.0 1208.0
910.0 1059.0 1208.0
910.0 1059.0 1208.0
910.0 1059.0 1208.0
910.0 1059.0 1208.0
910.0 1059.0 1208.0
910.0 1059.0 1208.0
910.0 1059.0 1208.0
910.0 1059.0 1208.0
910.0 1059.0 1208.0
910.0 1059.0 1208.0
910.0 1059.0 1208.0
910.0 1059.0 1208.0
910.0 1059.0 1208.0
910.0 1059.0 1208.0
910.0 1059.0 1208.0
910.0 1059.0 1208.0
910.0 1059.0 1208.0
910.0 1059.0 1208.0
910.0 1059.0 1208.0
910.0 1059.0 1208.0
910.0 1059.0 1208.0
910.0 1059.0 1208.0
910.0 1127.5 1345.0
910.0 1127.5 1345.0
910.0 1127.5 1345.0
910.0 1127.5 1345.0
910.0 1127.5 1345.0
910.0 1127.5 1345.0
910.0 1127.5 1345.0
910.0 1127.5 1345.0
910.0 1127.5 1345.0
910.0 1127.5 1345.0
910.0 1127.5 1345.0
910.0 1127.5 1345.0
910.0 1127.5 1345.0
910.0 1127.5 1345.0
910.0 1127.5 1345.0
910.0 1127.5 1345.0
910.0 1127.5 1345.0
910.0 1127.5 1345.0
910.0 1127.5 1345.0
910.0 1127.5 1345.0
910.0 1127.5 1345.0
910.0 1127.5 1345.0
910.0 1127.5 1345.0
910.0 1127.5 1345.0
910.0 1127.5 1345.0
910.0 1127.5 1345.0
910.0 1127.5 1345.0
910.0 1127.5 1345.0
910.0 1127.5 1345.0
910.0 1127.5 1345.0
910.0 1127.5 1345.0
910.0 1127.5 1345.0
