12472.0 13971.0 15470.0
11494.0 12253.0 13012.0
8286.0 9655.5 11025.0
7163.0 7857.0 8551.0
5494.0 5894.0 6294.0
3776.0 4554.0 5332.0
3776.0 4880.5 5985.0
3776.0 4405.0 5034.0
2626.0 3614.0 4602.0
2626.0 3497.0 4368.0
2626.0 3074.5 3523.0
2626.0 2673.5 2721.0
2626.0 2673.5 2721.0
2626.0 2673.5 2721.0
1620.0 2170.5 2721.0
1620.0 2170.5 2721.0
1293.0 2007.0 2721.0
1293.0 2042.5 2792.0
1293.0 2042.5 2792.0
1293.0 2042.5 2792.0
1293.0 2042.5 2792.0
1293.0 2042.5 2792.0
1293.0 1634.5 1976.0
1293.0 1634.5 1976.0
1293.0 1716.0 2139.0
1293.0 1656.5 2020.0
1293.0 1656.5 2020.0
1293.0 1656.5 2020.0
1293.0 1656.5 2020.0
1293.0 1656.5 2020.0
1293.0 1656.5 2020.0
1293.0 1656.5 2020.0
1293.0 1656.5 2020.0
1293.0 1656.5 2020.0
1293.0 1656.5 2020.0
1293.0 1656.5 2020.0
1293.0 1656.5 2020.0
1293.0 1656.5 2020.0
1293.0 1656.5 2020.0
1293.0 1656.5 2020.0
1293.0 1656.5 2020.0
1293.0 1656.5 2020.0
1293.0 1656.5 2020.0
1293.0 1656.5 2020.0
1293.0 1656.5 2020.0
1293.0 1656.5 2020.0
1293.0 1656.5 2020.0
1293.0 1656.5 2020.0
1293.0 1656.5 2020.0
1293.0 1656.5 2020.0
1293.0 1656.5 2020.0
1293.0 1656.5 2020.0
1293.0 1656.5 2020.0
1293.0 1656.5 2020.0
1293.0 1656.5 2020.0
1293.0 1656.5 2020.0
1293.0 1656.5 2020.0
1293.0 1656.5 2020.0
1293.0 1656.5 2020.0
1293.0 1656.5 2020.0
1293.0 1656.5 2020.0
1293.0 1656.5 2020.0
1293.0 1656.5 2020.0
1293.0 1656.5 2020.0
1293.0 1656.5 2020.0
1293.0 1656.5 2020.0
1293.0 1656.5 2020.0
1293.0 1656.5 2020.0
1293.0 1656.5 2020.0
1293.0 1656.5 2020.0
1293.0 1656.5 2020.0
1293.0 1656.5 2020.0
1293.0 1656.5 2020.0
1293.0 1656.5 2020.0
1293.0 1656.5 2020.0
1293.0 1656.5 2020.0
1293.0 1656.5 2020.0
1293.0 1656.5 2020.0
1293.0 1656.5 2020.0
1293.0 1656.5 2020.0
1293.0 1656.5 2020.0
1293.0 1656.5 2020.0
1293.0 1656.5 2020.0
1293.0 1656.5 2020.0
1293.0 1656.5 2020.0
1293.0 1656.5 2020.0
1293.0 1656.5 2020.0
1293.0 1656.5 2020.0
1293.0 1656.5 2020.0
1293.0 1656.5 2020.0
1293.0 1656.5 2020.0
1293.0 1656.5 2020.0
1293.0 1656.5 2020.0
1293.0 1656.5 2020.0
1293.0 1656.5 2020.0
1293.0 1656.5 2020.0
1293.0 1656.5 2020.0
1293.0 1656.5 2020.0
1293.0 1656.5 2020.0
1293.0 1656.5 2020.0
1293.0 1656.5 2020.0
1293.0 1656.5 2020.0
1293.0 1656.5 2020.0
1293.0 1656.5 2020.0
1293.0 1656.5 2020.0
1293.0 1656.5 2020.0
1293.0 1656.5 2020.0
1293.0 1656.5 2020.0
1293.0 1656.5 2020.0
1293.0 1656.5 2020.0
1293.0 1656.5 2020.0
1293.0 1656.5 2020.0
1293.0 1656.5 2020.0
1293.0 1656.5 2020.0
1293.0 1656.5 2020.0
1293.0 1656.5 2020.0
1293.0 1656.5 2020.0
1293.0 1656.5 2020.0
1293.0 1656.5 2020.0
1293.0 1656.5 2020.0
1293.0 1656.5 2020.0
1293.0 1656.5 2020.0
1293.0 1656.5 2020.0
1293.0 1656.5 2020.0
1293.0 1656.5 2020.0
1293.0 1656.5 2020.0
1293.0 1656.5 2020.0
1293.0 1656.5 2020.0
1293.0 1656.5 2020.0
1293.0 1656.5 2020.0
1293.0 1656.5 2020.0
1293.0 1656.5 2020.0
1293.0 1656.5 2020.0
1293.0 1656.5 2020.0
1293.0 1656.5 2020.0
1293.0 1656.5 2020.0
1293.0 1656.5 2020.0
1293.0 1656.5 2020.0
1293.0 1656.5 2020.0
1293.0 1437.0 1581.0
1293.0 1437.0 1581.0
1293.0 1437.0 1581.0
1293.0 1437.0 1581.0
1293.0 1437.0 1581.0
1293.0 1437.0 1581.0
1293.0 1437.0 1581.0
1293.0 1437.0 1581.0
1293.0 1437.0 1581.0
1293.0 1437.0 1581.0
1293.0 1437.0 1581.0
1293.0 1437.0 1581.0
1293.0 1437.0 1581.0
1293.0 1437.0 1581.0
1293.0 1437.0 1581.0
1293.0 1437.0 1581.0
1293.0 1437.0 1581.0
1293.0 1437.0 1581.0
1293.0 1437.0 1581.0
1293.0 1437.0 1581.0
1293.0 1437.0 1581.0
1293.0 1437.0 1581.0
1293.0 1437.0 1581.0
1293.0 1437.0 1581.0
1293.0 1437.0 1581.0
1293.0 1437.0 1581.0
1293.0 1437.0 1581.0
1293.0 1437.0 1581.0
1293.0 1437.0 1581.0
1293.0 1437.0 1581.0
1293.0 1437.0 1581.0
1293.0 1437.0 1581.0
1293.0 1437.0 1581.0
1293.0 1437.0 1581.0
1293.0 1437.0 1581.0
1293.0 1437.0 1581.0
1293.0 1437.0 1581.0
1293.0 1437.0 1581.0
1293.0 1437.0 1581.0
1293.0 1437.0 1581.0
1293.0 1437.0 1581.0
1293.0 1437.0 1581.0
1293.0 1437.0 1581.0
1293.0 1437.0 1581.0
1293.0 1437.0 1581.0
1293.0 1437.0 1581.0
1293.0 1437.0 1581.0
1293.0 1437.0 1581.0
1293.0 1437.0 1581.0
1293.0 1437.0 1581.0
1293.0 1437.0 1581.0
1293.0 1437.0 1581.0
1293.0 1437.0 1581.0
1293.0 1437.0 1581.0
1293.0 1437.0 1581.0
1293.0 1437.0 1581.0
1293.0 1437.0 1581.0
1293.0 1437.0 1581.0
1293.0 1437.0 1581.0
1293.0 1437.0 1581.0
1293.0 1437.0 1581.0
