12745.0 13765.0 14785.0
10322.0 10562.5 10803.0
8135.0 8830.5 9526.0
7003.0 7290.0 7577.0
4847.0 5704.5 6562.0
4771.0 4809.0 4847.0
3945.0 4348.0 4751.0
2990.0 3156.0 3322.0
3095.0 3446.5 3798.0
2717.0 2906.0 3095.0
2281.0 2526.0 2771.0
2126.0 2336.5 2547.0
2126.0 2279.0 2432.0
2126.0 2279.0 2432.0
1573.0 1938.0 2303.0
1573.0 1869.0 2165.0
1573.0 1869.0 2165.0
1490.0 1531.5 1573.0
1490.0 1531.5 1573.0
1490.0 1531.5 1573.0
1490.0 1531.5 1573.0
1490.0 1531.5 1573.0
1490.0 1531.5 1573.0
1490.0 1531.5 1573.0
1490.0 1531.5 1573.0
1490.0 1531.5 1573.0
1490.0 1531.5 1573.0
1490.0 1531.5 1573.0
1490.0 1531.5 1573.0
1490.0 1531.5 1573.0
1490.0 1531.5 1573.0
1490.0 1531.5 1573.0
1490.0 1531.5 1573.0
1490.0 1531.5 1573.0
1490.0 1531.5 1573.0
1490.0 1531.5 1573.0
1490.0 1531.5 1573.0
1490.0 1531.5 1573.0
1490.0 1531.5 1573.0
1490.0 1531.5 1573.0
1490.0 1531.5 1573.0
1490.0 1531.5 1573.0
1490.0 1531.5 1573.0
1490.0 1531.5 1573.0
1490.0 1531.5 1573.0
1490.0 1531.5 1573.0
1490.0 1531.5 1573.0
1490.0 1531.5 1573.0
1490.0 1531.5 1573.0
1490.0 1531.5 1573.0
1490.0 1531.5 1573.0
1490.0 1531.5 1573.0
1490.0 1531.5 1573.0
1490.0 1531.5 1573.0
1490.0 1531.5 1573.0
1277.0 1425.0 1573.0
1218.0 1395.5 1573.0
1218.0 1395.5 1573.0
1218.0 1395.5 1573.0
1218.0 1395.5 1573.0
1218.0 1395.5 1573.0
1218.0 1395.5 1573.0
1218.0 1395.5 1573.0
1218.0 1395.5 1573.0
1218.0 1395.5 1573.0
1218.0 1395.5 1573.0
1218.0 1395.5 1573.0
1218.0 1395.5 1573.0
1218.0 1395.5 1573.0
1218.0 1395.5 1573.0
1218.0 1395.5 1573.0
1218.0 1395.5 1573.0
1218.0 1395.5 1573.0
1218.0 1395.5 1573.0
1218.0 1395.5 1573.0
1218.0 1395.5 1573.0
1218.0 1395.5 1573.0
1218.0 1395.5 1573.0
1218.0 1395.5 1573.0
1218.0 1395.5 1573.0
1218.0 1395.5 1573.0
1218.0 1395.5 1573.0
1218.0 1395.5 1573.0
1218.0 1395.5 1573.0
1218.0 1395.5 1573.0
1218.0 1395.5 1573.0
1218.0 1395.5 1573.0
1218.0 1395.5 1573.0
1218.0 1395.5 1573.0
1218.0 1395.5 1573.0
1218.0 1395.5 1573.0
1218.0 1395.5 1573.0
1218.0 1395.5 1573.0
1218.0 1395.5 1573.0
1218.0 1395.5 1573.0
1218.0 1395.5 1573.0
1218.0 1395.5 1573.0
1218.0 1395.5 1573.0
1218.0 1395.5 1573.0
1218.0 1395.5 1573.0
1218.0 1395.5 1573.0
1218.0 1395.5 1573.0
1218.0 1395.5 1573.0
1218.0 1395.5 1573.0
1218.0 1395.5 1573.0
1218.0 1395.5 1573.0
1218.0 1395.5 1573.0
1218.0 1395.5 1573.0
1218.0 1395.5 1573.0
1218.0 1395.5 1573.0
1218.0 1395.5 1573.0
1218.0 1395.5 1573.0
1218.0 1395.5 1573.0
1218.0 1395.5 1573.0
1218.0 1395.5 1573.0
1218.0 1395.5 1573.0
1218.0 1395.5 1573.0
1218.0 1395.5 1573.0
1218.0 1395.5 1573.0
1218.0 1395.5 1573.0
1218.0 1395.5 1573.0
1218.0 1395.5 1573.0
1218.0 1395.5 1573.0
1218.0 1395.5 1573.0
1218.0 1395.5 1573.0
1218.0 1395.5 1573.0
1218.0 1395.5 1573.0
1218.0 1395.5 1573.0
1218.0 1395.5 1573.0
1218.0 1395.5 1573.0
1218.0 1395.5 1573.0
1218.0 1395.5 1573.0
1218.0 1395.5 1573.0
1218.0 1395.5 1573.0
1218.0 1395.5 1573.0
1218.0 1395.5 1573.0
1218.0 1395.5 1573.0
1218.0 1395.5 1573.0
1218.0 1395.5 1573.0
1218.0 1395.5 1573.0
1218.0 1395.5 1573.0
1218.0 1395.5 1573.0
1218.0 1395.5 1573.0
1218.0 1395.5 1573.0
1218.0 1395.5 1573.0
1218.0 1395.5 1573.0
1218.0 1395.5 1573.0
1218.0 1395.5 1573.0
1218.0 1395.5 1573.0
1218.0 1395.5 1573.0
1218.0 1395.5 1573.0
1218.0 1395.5 1573.0
1218.0 1395.5 1573.0
1218.0 1395.5 1573.0
1218.0 1395.5 1573.0
1218.0 1395.5 1573.0
1218.0 1395.5 1573.0
1218.0 1395.5 1573.0
1218.0 1395.5 1573.0
1218.0 1395.5 1573.0
1218.0 1395.5 1573.0
1218.0 1395.5 1573.0
1218.0 1395.5 1573.0
1218.0 1395.5 1573.0
1218.0 1395.5 1573.0
1218.0 1395.5 1573.0
1218.0 1395.5 1573.0
1218.0 1395.5 1573.0
1218.0 1395.5 1573.0
1218.0 1395.5 1573.0
1218.0 1395.5 1573.0
1218.0 1395.5 1573.0
1218.0 1395.5 1573.0
1218.0 1395.5 1573.0
1218.0 1395.5 1573.0
1218.0 1395.5 1573.0
1218.0 1395.5 1573.0
1218.0 1395.5 1573.0
1218.0 1395.5 1573.0
1218.0 1395.5 1573.0
1218.0 1395.5 1573.0
1218.0 1395.5 1573.0
1218.0 1395.5 1573.0
1218.0 1395.5 1573.0
1218.0 1395.5 1573.0
1218.0 1395.5 1573.0
1218.0 1395.5 1573.0
1218.0 1395.5 1573.0
1218.0 1395.5 1573.0
1218.0 1395.5 1573.0
1218.0 1395.5 1573.0
1218.0 1395.5 1573.0
1218.0 1395.5 1573.0
1218.0 1395.5 1573.0
1218.0 1395.5 1573.0
1218.0 1395.5 1573.0
1218.0 1395.5 1573.0
1218.0 1395.5 1573.0
1218.0 1395.5 1573.0
1218.0 1395.5 1573.0
