13772.0 14442.0 15112.0
11030.0 11389.0 11748.0
6527.0 8601.5 10676.0
4879.0 6655.0 8431.0
4811.0 5880.5 6950.0
4372.0 4591.5 4811.0
4052.0 4675.0 5298.0
4052.0 4159.0 4266.0
4052.0 4060.5 4069.0
4052.0 4060.5 4069.0
3545.0 3798.5 4052.0
3045.0 3548.5 4052.0
3045.0 3548.5 4052.0
3045.0 3283.0 3521.0
3045.0 3057.0 3069.0
3045.0 3057.0 3069.0
3045.0 3057.0 3069.0
3045.0 3057.0 3069.0
2317.0 2627.0 2937.0
2317.0 2627.0 2937.0
2317.0 2627.0 2937.0
2317.0 2627.0 2937.0
2317.0 2627.0 2937.0
2317.0 2627.0 2937.0
2317.0 2627.0 2937.0
2317.0 2627.0 2937.0
2317.0 2627.0 2937.0
2317.0 2551.0 2785.0
2132.0 2224.5 2317.0
2132.0 2224.5 2317.0
2132.0 2224.5 2317.0
2132.0 2224.5 2317.0
2132.0 2224.5 2317.0
2132.0 2224.5 2317.0
2132.0 2224.5 2317.0
2132.0 2224.5 2317.0
2132.0 2224.5 2317.0
2132.0 2224.5 2317.0
2132.0 2224.5 2317.0
2132.0 2224.5 2317.0
2132.0 2224.5 2317.0
2132.0 2224.5 2317.0
2132.0 2224.5 2317.0
2132.0 2224.5 2317.0
2132.0 2224.5 2317.0
2132.0 2224.5 2317.0
2132.0 2224.5 2317.0
2132.0 2224.5 2317.0
2132.0 2224.5 2317.0
2132.0 2224.5 2317.0
2132.0 2224.5 2317.0
2132.0 2224.5 2317.0
2132.0 2224.5 2317.0
2132.0 2224.5 2317.0
2132.0 2224.5 2317.0
2132.0 2224.5 2317.0
2132.0 2224.5 2317.0
2132.0 2224.5 2317.0
2132.0 2224.5 2317.0
2132.0 2224.5 2317.0
2132.0 2224.5 2317.0
2132.0 2224.5 2317.0
2132.0 2224.5 2317.0
2132.0 2224.5 2317.0
2132.0 2224.5 2317.0
2132.0 2224.5 2317.0
2132.0 2224.5 2317.0
2132.0 2224.5 2317.0
2132.0 2224.5 2317.0
2132.0 2224.5 2317.0
2132.0 2224.5 2317.0
2132.0 2224.5 2317.0
2132.0 2224.5 2317.0
2132.0 2224.5 2317.0
2132.0 2224.5 2317.0
2132.0 2224.5 2317.0
2132.0 2224.5 2317.0
2132.0 2224.5 2317.0
2132.0 2224.5 2317.0
2132.0 2224.5 2317.0
2132.0 2224.5 2317.0
2132.0 2224.5 2317.0
2132.0 2224.5 2317.0
2132.0 2224.5 2317.0
2132.0 2224.5 2317.0
1822.0 2069.5 2317.0
1822.0 2069.5 2317.0
1822.0 2069.5 2317.0
1822.0 2069.5 2317.0
1822.0 2069.5 2317.0
1822.0 2069.5 2317.0
1822.0 2069.5 2317.0
1822.0 2069.5 2317.0
1822.0 2069.5 2317.0
1822.0 2069.5 2317.0
1822.0 2069.5 2317.0
1822.0 2069.5 2317.0
1822.0 2069.5 2317.0
1822.0 2069.5 2317.0
1492.0 1904.5 2317.0
1492.0 1904.5 2317.0
1492.0 1904.5 2317.0
1492.0 1904.5 2317.0
1492.0 1904.5 2317.0
1492.0 1904.5 2317.0
1492.0 1904.5 2317.0
1492.0 1904.5 2317.0
1492.0 1904.5 2317.0
1492.0 1904.5 2317.0
1492.0 1904.5 2317.0
1492.0 1904.5 2317.0
1492.0 1904.5 2317.0
1492.0 1904.5 2317.0
1492.0 1904.5 2317.0
1492.0 1904.5 2317.0
1492.0 1904.5 2317.0
1492.0 1904.5 2317.0
1492.0 1904.5 2317.0
1492.0 1904.5 2317.0
1492.0 1904.5 2317.0
1492.0 1904.5 2317.0
1492.0 1904.5 2317.0
1492.0 1904.5 2317.0
1492.0 1904.5 2317.0
1492.0 1904.5 2317.0
1492.0 1904.5 2317.0
1492.0 1904.5 2317.0
1492.0 1904.5 2317.0
1492.0 1904.5 2317.0
1492.0 1904.5 2317.0
1492.0 1904.5 2317.0
1492.0 1904.5 2317.0
1492.0 1904.5 2317.0
1492.0 1904.5 2317.0
1492.0 1904.5 2317.0
1492.0 1742.0 1992.0
1492.0 1742.0 1992.0
1492.0 1742.0 1992.0
1492.0 1742.0 1992.0
1492.0 1742.0 1992.0
1492.0 1742.0 1992.0
1492.0 1742.0 1992.0
1492.0 1742.0 1992.0
1492.0 1742.0 1992.0
1492.0 1742.0 1992.0
1492.0 1742.0 1992.0
1492.0 1742.0 1992.0
1492.0 1742.0 1992.0
1492.0 1742.0 1992.0
1492.0 1742.0 1992.0
1492.0 1742.0 1992.0
1492.0 1742.0 1992.0
1492.0 1742.0 1992.0
1492.0 1742.0 1992.0
1492.0 1742.0 1992.0
1492.0 1742.0 1992.0
1492.0 1742.0 1992.0
1492.0 1742.0 1992.0
1492.0 1742.0 1992.0
1492.0 1742.0 1992.0
1492.0 1742.0 1992.0
1492.0 1742.0 1992.0
1492.0 1742.0 1992.0
1492.0 1742.0 1992.0
1492.0 1742.0 1992.0
1492.0 1742.0 1992.0
1492.0 1742.0 1992.0
1492.0 1742.0 1992.0
1492.0 1742.0 1992.0
1492.0 1742.0 1992.0
1492.0 1742.0 1992.0
1492.0 1742.0 1992.0
1492.0 1742.0 1992.0
1492.0 1742.0 1992.0
1492.0 1742.0 1992.0
1492.0 1742.0 1992.0
1492.0 1742.0 1992.0
1492.0 1742.0 1992.0
1492.0 1742.0 1992.0
1492.0 1742.0 1992.0
1492.0 1742.0 1992.0
1492.0 1742.0 1992.0
1492.0 1742.0 1992.0
1492.0 1742.0 1992.0
1492.0 1742.0 1992.0
1492.0 1742.0 1992.0
1492.0 1742.0 1992.0
1492.0 1742.0 1992.0
1492.0 1742.0 1992.0
1492.0 1742.0 1992.0
1492.0 1742.0 1992.0
1492.0 1742.0 1992.0
1492.0 1742.0 1992.0
1492.0 1742.0 1992.0
1492.0 1742.0 1992.0
1492.0 1742.0 1992.0
1492.0 1742.0 1992.0
1492.0 1742.0 1992.0
1492.0 1742.0 1992.0
1492.0 1742.0 1992.0
