8344.0 11574.0 14804.0
7754.0 9850.5 11947.0
4348.0 7044.0 9740.0
4348.0 5811.5 7275.0
4171.0 4936.5 5702.0
2825.0 3330.0 3835.0
2666.0 2860.5 3055.0
2276.0 2887.5 3499.0
2190.0 2208.5 2227.0
2199.0 2240.0 2281.0
1849.0 2024.0 2199.0
1849.0 1932.0 2015.0
1849.0 1932.0 2015.0
1567.0 1619.5 1672.0
1500.0 1533.5 1567.0
1500.0 1533.5 1567.0
1500.0 1533.5 1567.0
1500.0 1533.5 1567.0
1500.0 1533.5 1567.0
1500.0 1533.5 1567.0
1500.0 1533.5 1567.0
1500.0 1533.5 1567.0
1500.0 1533.5 1567.0
1500.0 1533.5 1567.0
1500.0 1533.5 1567.0
1500.0 1533.5 1567.0
1500.0 1533.5 1567.0
1500.0 1533.5 1567.0
1500.0 1533.5 1567.0
1500.0 1533.5 1567.0
1500.0 1533.5 1567.0
1500.0 1533.5 1567.0
1500.0 1533.5 1567.0
1500.0 1533.5 1567.0
1500.0 1533.5 1567.0
1500.0 1533.5 1567.0
1500.0 1533.5 1567.0
1500.0 1533.5 1567.0
1500.0 1533.5 1567.0
1500.0 1621.5 1743.0
1235.0 1367.5 1500.0
1235.0 1367.5 1500.0
1235.0 1367.5 1500.0
1235.0 1367.5 1500.0
1235.0 1367.5 1500.0
1235.0 1367.5 1500.0
1235.0 1367.5 1500.0
1235.0 1367.5 1500.0
1235.0 1367.5 1500.0
1235.0 1367.5 1500.0
1235.0 1367.5 1500.0
1235.0 1367.5 1500.0
1235.0 1367.5 1500.0
1235.0 1367.5 1500.0
1235.0 1367.5 1500.0
1235.0 1406.0 1577.0
1235.0 1406.0 1577.0
1232.0 1233.5 1235.0
1232.0 1233.5 1235.0
1232.0 1233.5 1235.0
1232.0 1233.5 1235.0
1232.0 1233.5 1235.0
1232.0 1233.5 1235.0
1232.0 1233.5 1235.0
1232.0 1233.5 1235.0
1232.0 1233.5 1235.0
1232.0 1233.5 1235.0
1232.0 1233.5 1235.0
1232.0 1233.5 1235.0
1232.0 1233.5 1235.0
1232.0 1233.5 1235.0
1232.0 1233.5 1235.0
1232.0 1233.5 1235.0
1232.0 1233.5 1235.0
1232.0 1233.5 1235.0
1232.0 1233.5 1235.0
1232.0 1233.5 1235.0
1232.0 1233.5 1235.0
1232.0 1233.5 1235.0
1232.0 1233.5 1235.0
1232.0 1233.5 1235.0
1232.0 1233.5 1235.0
1232.0 1233.5 1235.0
1232.0 1233.5 1235.0
1232.0 1233.5 1235.0
1232.0 1233.5 1235.0
1232.0 1233.5 1235.0
1232.0 1233.5 1235.0
1232.0 1233.5 1235.0
1232.0 1233.5 1235.0
1232.0 1233.5 1235.0
1232.0 1233.5 1235.0
1232.0 1233.5 1235.0
1232.0 1233.5 1235.0
1232.0 1233.5 1235.0
1232.0 1233.5 1235.0
1232.0 1233.5 1235.0
1232.0 1233.5 1235.0
1232.0 1233.5 1235.0
1232.0 1233.5 1235.0
1232.0 1233.5 1235.0
1232.0 1233.5 1235.0
1232.0 1233.5 1235.0
1232.0 1233.5 1235.0
1232.0 1233.5 1235.0
1232.0 1233.5 1235.0
1232.0 1233.5 1235.0
1232.0 1233.5 1235.0
1232.0 1233.5 1235.0
1232.0 1233.5 1235.0
1232.0 1233.5 1235.0
1232.0 1233.5 1235.0
1232.0 1233.5 1235.0
1232.0 1233.5 1235.0
1232.0 1233.5 1235.0
1232.0 1233.5 1235.0
1232.0 1233.5 1235.0
1232.0 1233.5 1235.0
1232.0 1233.5 1235.0
1232.0 1233.5 1235.0
1232.0 1233.5 1235.0
1232.0 1233.5 1235.0
1232.0 1233.5 1235.0
1232.0 1233.5 1235.0
1232.0 1233.5 1235.0
1232.0 1233.5 1235.0
1232.0 1233.5 1235.0
1232.0 1233.5 1235.0
1232.0 1233.5 1235.0
1232.0 1233.5 1235.0
1232.0 1233.5 1235.0
1232.0 1233.5 1235.0
1232.0 1233.5 1235.0
1232.0 1233.5 1235.0
1232.0 1233.5 1235.0
1232.0 1233.5 1235.0
1232.0 1233.5 1235.0
1232.0 1233.5 1235.0
1232.0 1233.5 1235.0
1232.0 1233.5 1235.0
1232.0 1233.5 1235.0
1232.0 1233.5 1235.0
1232.0 1233.5 1235.0
1232.0 1233.5 1235.0
1232.0 1233.5 1235.0
1232.0 1233.5 1235.0
1232.0 1233.5 1235.0
1232.0 1233.5 1235.0
1232.0 1233.5 1235.0
1232.0 1233.5 1235.0
1232.0 1233.5 1235.0
1232.0 1233.5 1235.0
1232.0 1233.5 1235.0
1232.0 1233.5 1235.0
1232.0 1233.5 1235.0
1232.0 1233.5 1235.0
1232.0 1233.5 1235.0
1232.0 1233.5 1235.0
1232.0 1233.5 1235.0
1232.0 1233.5 1235.0
1232.0 1233.5 1235.0
1232.0 1233.5 1235.0
1232.0 1233.5 1235.0
1232.0 1233.5 1235.0
1232.0 1233.5 1235.0
1232.0 1233.5 1235.0
1232.0 1233.5 1235.0
1232.0 1233.5 1235.0
1232.0 1233.5 1235.0
1232.0 1233.5 1235.0
1232.0 1233.5 1235.0
1232.0 1233.5 1235.0
1232.0 1233.5 1235.0
1232.0 1233.5 1235.0
1232.0 1233.5 1235.0
1232.0 1233.5 1235.0
1232.0 1233.5 1235.0
1232.0 1233.5 1235.0
1232.0 1233.5 1235.0
1232.0 1233.5 1235.0
1232.0 1233.5 1235.0
1232.0 1233.5 1235.0
1232.0 1233.5 1235.0
1232.0 1233.5 1235.0
1232.0 1233.5 1235.0
1232.0 1233.5 1235.0
1232.0 1233.5 1235.0
1232.0 1233.5 1235.0
1232.0 1233.5 1235.0
1232.0 1233.5 1235.0
1232.0 1233.5 1235.0
1232.0 1233.5 1235.0
1232.0 1233.5 1235.0
1232.0 1233.5 1235.0
1232.0 1233.5 1235.0
1232.0 1233.5 1235.0
1232.0 1233.5 1235.0
1232.0 1233.5 1235.0
1232.0 1233.5 1235.0
1232.0 1233.5 1235.0
