10198.0 11357.0 12516.0
8468.0 8837.5 9207.0
4837.0 6151.5 7466.0
4617.0 5642.0 6667.0
3803.0 4715.5 5628.0
2692.0 3320.5 3949.0
1652.0 2545.0 3438.0
1652.0 1914.0 2176.0
1652.0 2039.0 2426.0
1389.0 1520.5 1652.0
1389.0 1520.5 1652.0
1517.0 1584.5 1652.0
1517.0 1584.5 1652.0
1517.0 1584.5 1652.0
1517.0 1651.0 1785.0
1517.0 1651.0 1785.0
1517.0 1651.0 1785.0
1358.0 1437.5 1517.0
1179.0 1348.0 1517.0
1179.0 1348.0 1517.0
1179.0 1348.0 1517.0
1179.0 1348.0 1517.0
1179.0 1348.0 1517.0
1179.0 1348.0 1517.0
1179.0 1348.0 1517.0
1179.0 1348.0 1517.0
1179.0 1348.0 1517.0
1179.0 1348.0 1517.0
1179.0 1348.0 1517.0
1179.0 1348.0 1517.0
1179.0 1348.0 1517.0
1179.0 1348.0 1517.0
1179.0 1348.0 1517.0
1179.0 1348.0 1517.0
1179.0 1348.0 1517.0
1179.0 1348.0 1517.0
1179.0 1348.0 1517.0
1179.0 1348.0 1517.0
1125.0 1321.0 1517.0
1125.0 1321.0 1517.0
930.0 1223.5 1517.0
930.0 1223.5 1517.0
930.0 1223.5 1517.0
930.0 1223.5 1517.0
930.0 1223.5 1517.0
930.0 1223.5 1517.0
930.0 1223.5 1517.0
930.0 1223.5 1517.0
930.0 1223.5 1517.0
930.0 1223.5 1517.0
930.0 1223.5 1517.0
930.0 1181.0 1432.0
930.0 984.5 1039.0
930.0 1095.5 1261.0
901.0 915.5 930.0
702.0 816.0 930.0
702.0 816.0 930.0
702.0 816.0 930.0
702.0 816.0 930.0
702.0 816.0 930.0
702.0 816.0 930.0
702.0 816.0 930.0
702.0 816.0 930.0
702.0 816.0 930.0
702.0 816.0 930.0
702.0 816.0 930.0
702.0 816.0 930.0
702.0 816.0 930.0
702.0 816.0 930.0
702.0 816.0 930.0
702.0 816.0 930.0
702.0 816.0 930.0
702.0 816.0 930.0
702.0 816.0 930.0
702.0 816.0 930.0
702.0 816.0 930.0
702.0 816.0 930.0
702.0 816.0 930.0
702.0 816.0 930.0
702.0 816.0 930.0
702.0 816.0 930.0
702.0 816.0 930.0
702.0 816.0 930.0
702.0 816.0 930.0
702.0 816.0 930.0
702.0 816.0 930.0
702.0 816.0 930.0
702.0 816.0 930.0
702.0 816.0 930.0
702.0 816.0 930.0
702.0 816.0 930.0
702.0 816.0 930.0
702.0 816.0 930.0
702.0 816.0 930.0
702.0 816.0 930.0
702.0 816.0 930.0
702.0 816.0 930.0
702.0 816.0 930.0
702.0 816.0 930.0
702.0 816.0 930.0
702.0 816.0 930.0
702.0 816.0 930.0
702.0 816.0 930.0
702.0 816.0 930.0
702.0 816.0 930.0
702.0 816.0 930.0
702.0 816.0 930.0
702.0 816.0 930.0
702.0 816.0 930.0
702.0 816.0 930.0
702.0 816.0 930.0
702.0 816.0 930.0
702.0 816.0 930.0
702.0 816.0 930.0
702.0 816.0 930.0
702.0 816.0 930.0
702.0 816.0 930.0
702.0 816.0 930.0
702.0 816.0 930.0
702.0 816.0 930.0
702.0 816.0 930.0
702.0 816.0 930.0
702.0 816.0 930.0
702.0 816.0 930.0
702.0 816.0 930.0
702.0 816.0 930.0
702.0 816.0 930.0
702.0 816.0 930.0
702.0 816.0 930.0
702.0 816.0 930.0
702.0 816.0 930.0
702.0 816.0 930.0
702.0 816.0 930.0
702.0 816.0 930.0
702.0 816.0 930.0
702.0 816.0 930.0
702.0 816.0 930.0
702.0 816.0 930.0
702.0 816.0 930.0
702.0 816.0 930.0
702.0 816.0 930.0
702.0 816.0 930.0
702.0 816.0 930.0
702.0 816.0 930.0
702.0 816.0 930.0
702.0 816.0 930.0
702.0 816.0 930.0
702.0 816.0 930.0
702.0 816.0 930.0
702.0 816.0 930.0
702.0 816.0 930.0
702.0 816.0 930.0
702.0 816.0 930.0
702.0 816.0 930.0
702.0 816.0 930.0
702.0 816.0 930.0
702.0 816.0 930.0
702.0 816.0 930.0
702.0 816.0 930.0
702.0 816.0 930.0
702.0 816.0 930.0
702.0 816.0 930.0
702.0 816.0 930.0
702.0 816.0 930.0
702.0 816.0 930.0
702.0 816.0 930.0
702.0 816.0 930.0
702.0 816.0 930.0
702.0 816.0 930.0
702.0 816.0 930.0
702.0 816.0 930.0
702.0 816.0 930.0
702.0 816.0 930.0
702.0 816.0 930.0
702.0 816.0 930.0
702.0 816.0 930.0
702.0 816.0 930.0
702.0 816.0 930.0
702.0 816.0 930.0
702.0 816.0 930.0
702.0 816.0 930.0
702.0 816.0 930.0
702.0 816.0 930.0
702.0 816.0 930.0
702.0 816.0 930.0
702.0 816.0 930.0
702.0 816.0 930.0
702.0 816.0 930.0
702.0 816.0 930.0
702.0 816.0 930.0
702.0 816.0 930.0
702.0 816.0 930.0
702.0 816.0 930.0
702.0 816.0 930.0
702.0 816.0 930.0
702.0 816.0 930.0
702.0 816.0 930.0
702.0 816.0 930.0
702.0 816.0 930.0
702.0 816.0 930.0
