12447.0 12735.0 13023.0
10438.0 11049.0 11660.0
7534.0 8166.0 8798.0
5300.0 5641.5 5983.0
4862.0 5072.5 5283.0
3775.0 3802.0 3829.0
2749.0 2960.5 3172.0
1743.0 2411.5 3080.0
1743.0 1827.5 1912.0
1743.0 1827.5 1912.0
1873.0 1892.5 1912.0
1873.0 1892.5 1912.0
1873.0 1892.5 1912.0
1873.0 1892.5 1912.0
1873.0 1892.5 1912.0
1873.0 1892.5 1912.0
1873.0 1892.5 1912.0
1873.0 1892.5 1912.0
1745.0 1809.0 1873.0
1745.0 1809.0 1873.0
1745.0 1809.0 1873.0
1745.0 1809.0 1873.0
1745.0 1809.0 1873.0
1745.0 1809.0 1873.0
1745.0 1809.0 1873.0
1745.0 1809.0 1873.0
1745.0 1809.0 1873.0
1745.0 1809.0 1873.0
1745.0 1809.0 1873.0
1745.0 1809.0 1873.0
1745.0 1809.0 1873.0
1745.0 1769.5 1794.0
1745.0 1769.5 1794.0
1130.0 1437.5 1745.0
1130.0 1437.5 1745.0
1130.0 1437.5 1745.0
1130.0 1437.5 1745.0
1130.0 1437.5 1745.0
1130.0 1433.5 1737.0
1130.0 1437.5 1745.0
1130.0 1174.0 1218.0
1130.0 1152.5 1175.0
1130.0 1152.5 1175.0
1130.0 1153.0 1176.0
1130.0 1153.0 1176.0
1130.0 1153.0 1176.0
1130.0 1153.0 1176.0
1130.0 1153.0 1176.0
1130.0 1153.0 1176.0
1130.0 1153.0 1176.0
1130.0 1153.0 1176.0
1130.0 1153.0 1176.0
1130.0 1153.0 1176.0
1130.0 1153.0 1176.0
1130.0 1153.0 1176.0
1130.0 1153.0 1176.0
1130.0 1153.0 1176.0
1130.0 1153.0 1176.0
1130.0 1153.0 1176.0
1130.0 1153.0 1176.0
1130.0 1153.0 1176.0
1130.0 1153.0 1176.0
1130.0 1153.0 1176.0
1130.0 1153.0 1176.0
1130.0 1153.0 1176.0
1130.0 1153.0 1176.0
1130.0 1153.0 1176.0
1130.0 1153.0 1176.0
1130.0 1153.0 1176.0
1130.0 1153.0 1176.0
1130.0 1153.0 1176.0
1130.0 1153.0 1176.0
1130.0 1153.0 1176.0
1130.0 1153.0 1176.0
1130.0 1153.0 1176.0
1130.0 1153.0 1176.0
1130.0 1153.0 1176.0
1130.0 1153.0 1176.0
1130.0 1153.0 1176.0
1130.0 1153.0 1176.0
1130.0 1153.0 1176.0
1130.0 1153.0 1176.0
1130.0 1153.0 1176.0
1130.0 1153.0 1176.0
1130.0 1153.0 1176.0
1130.0 1153.0 1176.0
1130.0 1153.0 1176.0
1130.0 1153.0 1176.0
1130.0 1153.0 1176.0
1130.0 1153.0 1176.0
1130.0 1153.0 1176.0
1130.0 1153.0 1176.0
1130.0 1153.0 1176.0
1130.0 1153.0 1176.0
1130.0 1153.0 1176.0
1130.0 1153.0 1176.0
1130.0 1153.0 1176.0
1130.0 1153.0 1176.0
1130.0 1153.0 1176.0
1130.0 1153.0 1176.0
1130.0 1153.0 1176.0
1130.0 1153.0 1176.0
1130.0 1153.0 1176.0
1130.0 1153.0 1176.0
1130.0 1153.0 1176.0
1130.0 1153.0 1176.0
1130.0 1153.0 1176.0
1130.0 1153.0 1176.0
1130.0 1153.0 1176.0
1130.0 1153.0 1176.0
1130.0 1153.0 1176.0
1130.0 1153.0 1176.0
1130.0 1153.0 1176.0
1130.0 1153.0 1176.0
1130.0 1153.0 1176.0
1130.0 1153.0 1176.0
1130.0 1153.0 1176.0
1130.0 1153.0 1176.0
1130.0 1153.0 1176.0
1130.0 1153.0 1176.0
1130.0 1153.0 1176.0
1130.0 1153.0 1176.0
1130.0 1153.0 1176.0
1130.0 1153.0 1176.0
1130.0 1153.0 1176.0
1130.0 1153.0 1176.0
1130.0 1153.0 1176.0
1130.0 1153.0 1176.0
1130.0 1153.0 1176.0
1130.0 1153.0 1176.0
1130.0 1153.0 1176.0
1130.0 1153.0 1176.0
1130.0 1153.0 1176.0
1130.0 1153.0 1176.0
1130.0 1153.0 1176.0
1130.0 1153.0 1176.0
1130.0 1153.0 1176.0
1130.0 1153.0 1176.0
1130.0 1153.0 1176.0
1130.0 1153.0 1176.0
1130.0 1153.0 1176.0
1130.0 1153.0 1176.0
1130.0 1153.0 1176.0
1130.0 1153.0 1176.0
1130.0 1153.0 1176.0
1130.0 1153.0 1176.0
1130.0 1153.0 1176.0
1130.0 1153.0 1176.0
1130.0 1153.0 1176.0
1130.0 1153.0 1176.0
1130.0 1153.0 1176.0
1130.0 1153.0 1176.0
1130.0 1153.0 1176.0
1130.0 1153.0 1176.0
1130.0 1153.0 1176.0
1130.0 1153.0 1176.0
1130.0 1153.0 1176.0
1130.0 1153.0 1176.0
1130.0 1153.0 1176.0
1130.0 1153.0 1176.0
1130.0 1153.0 1176.0
1130.0 1153.0 1176.0
1130.0 1153.0 1176.0
1130.0 1153.0 1176.0
1130.0 1153.0 1176.0
1130.0 1153.0 1176.0
1130.0 1153.0 1176.0
1130.0 1153.0 1176.0
1130.0 1153.0 1176.0
1130.0 1153.0 1176.0
1130.0 1153.0 1176.0
1130.0 1153.0 1176.0
1130.0 1153.0 1176.0
1130.0 1153.0 1176.0
1130.0 1153.0 1176.0
1130.0 1153.0 1176.0
1130.0 1153.0 1176.0
1130.0 1153.0 1176.0
1130.0 1153.0 1176.0
1130.0 1153.0 1176.0
1130.0 1153.0 1176.0
1130.0 1153.0 1176.0
1130.0 1153.0 1176.0
1130.0 1153.0 1176.0
1130.0 1153.0 1176.0
1130.0 1153.0 1176.0
1130.0 1153.0 1176.0
1130.0 1153.0 1176.0
1130.0 1153.0 1176.0
1130.0 1153.0 1176.0
1130.0 1153.0 1176.0
1130.0 1153.0 1176.0
1130.0 1153.0 1176.0
1130.0 1153.0 1176.0
1130.0 1153.0 1176.0
1130.0 1153.0 1176.0
1130.0 1153.0 1176.0
1130.0 1153.0 1176.0
1130.0 1153.0 1176.0
1130.0 1153.0 1176.0
