12368.0 12525.0 12682.0
8989.0 9032.0 9075.0
7436.0 7613.0 7790.0
4829.0 5730.5 6632.0
3799.0 4278.5 4758.0
3791.0 4274.5 4758.0
2354.0 2951.0 3548.0
2396.0 2573.0 2750.0
2413.0 2429.0 2445.0
1316.0 1343.0 1370.0
1370.0 1512.0 1654.0
1003.0 1186.5 1370.0
1073.0 1221.5 1370.0
1073.0 1221.5 1370.0
1073.0 1221.5 1370.0
1073.0 1221.5 1370.0
1073.0 1221.5 1370.0
1073.0 1221.5 1370.0
1073.0 1221.5 1370.0
1073.0 1221.5 1370.0
1073.0 1221.5 1370.0
1073.0 1221.5 1370.0
1073.0 1221.5 1370.0
1073.0 1221.5 1370.0
1073.0 1221.5 1370.0
1073.0 1221.5 1370.0
1073.0 1221.5 1370.0
1073.0 1221.5 1370.0
1073.0 1221.5 1370.0
1073.0 1221.5 1370.0
1073.0 1221.5 1370.0
1073.0 1221.5 1370.0
1073.0 1221.5 1370.0
1073.0 1221.5 1370.0
1073.0 1221.5 1370.0
1073.0 1221.5 1370.0
1073.0 1221.5 1370.0
1073.0 1221.5 1370.0
1073.0 1221.5 1370.0
1073.0 1221.5 1370.0
1073.0 1221.5 1370.0
1073.0 1221.5 1370.0
1073.0 1221.5 1370.0
1073.0 1221.5 1370.0
1073.0 1221.5 1370.0
1073.0 1221.5 1370.0
1073.0 1221.5 1370.0
1073.0 1221.5 1370.0
1073.0 1221.5 1370.0
1073.0 1221.5 1370.0
1073.0 1221.5 1370.0
1073.0 1221.5 1370.0
1073.0 1221.5 1370.0
1073.0 1221.5 1370.0
1073.0 1221.5 1370.0
1073.0 1221.5 1370.0
1073.0 1221.5 1370.0
953.0 1013.0 1073.0
953.0 1013.0 1073.0
953.0 1013.0 1073.0
953.0 1013.0 1073.0
953.0 1013.0 1073.0
953.0 1013.0 1073.0
953.0 1013.0 1073.0
953.0 1013.0 1073.0
953.0 1013.0 1073.0
953.0 1013.0 1073.0
953.0 1013.0 1073.0
953.0 1013.0 1073.0
953.0 1013.0 1073.0
953.0 1013.0 1073.0
953.0 1013.0 1073.0
953.0 1013.0 1073.0
953.0 1013.0 1073.0
953.0 1013.0 1073.0
953.0 1013.0 1073.0
953.0 1013.0 1073.0
953.0 1013.0 1073.0
953.0 1013.0 1073.0
953.0 1013.0 1073.0
953.0 1013.0 1073.0
953.0 1013.0 1073.0
953.0 1013.0 1073.0
953.0 1013.0 1073.0
953.0 1013.0 1073.0
953.0 1013.0 1073.0
953.0 1013.0 1073.0
953.0 1013.0 1073.0
953.0 1013.0 1073.0
953.0 1013.0 1073.0
953.0 1013.0 1073.0
953.0 1013.0 1073.0
953.0 1013.0 1073.0
953.0 1013.0 1073.0
953.0 1013.0 1073.0
953.0 1013.0 1073.0
953.0 1013.0 1073.0
953.0 1013.0 1073.0
953.0 1013.0 1073.0
953.0 1013.0 1073.0
953.0 1013.0 1073.0
953.0 1013.0 1073.0
953.0 1013.0 1073.0
953.0 1013.0 1073.0
953.0 1013.0 1073.0
953.0 1013.0 1073.0
953.0 1013.0 1073.0
953.0 1013.0 1073.0
953.0 1013.0 1073.0
953.0 1013.0 1073.0
953.0 1013.0 1073.0
953.0 1013.0 1073.0
953.0 1013.0 1073.0
953.0 1013.0 1073.0
953.0 1013.0 1073.0
953.0 1013.0 1073.0
953.0 1013.0 1073.0
953.0 1013.0 1073.0
953.0 1013.0 1073.0
953.0 1013.0 1073.0
953.0 1013.0 1073.0
953.0 1013.0 1073.0
953.0 1013.0 1073.0
953.0 1013.0 1073.0
953.0 1013.0 1073.0
953.0 1013.0 1073.0
953.0 1013.0 1073.0
953.0 1013.0 1073.0
953.0 1013.0 1073.0
953.0 1013.0 1073.0
953.0 1013.0 1073.0
953.0 1013.0 1073.0
953.0 1013.0 1073.0
953.0 1013.0 1073.0
953.0 1013.0 1073.0
953.0 1013.0 1073.0
953.0 1013.0 1073.0
953.0 1013.0 1073.0
953.0 1013.0 1073.0
953.0 1013.0 1073.0
953.0 1013.0 1073.0
953.0 1013.0 1073.0
953.0 1013.0 1073.0
953.0 1013.0 1073.0
953.0 1013.0 1073.0
953.0 1013.0 1073.0
953.0 1013.0 1073.0
953.0 1013.0 1073.0
953.0 1013.0 1073.0
953.0 1013.0 1073.0
953.0 1013.0 1073.0
953.0 1013.0 1073.0
953.0 1013.0 1073.0
953.0 1013.0 1073.0
953.0 1013.0 1073.0
953.0 1013.0 1073.0
953.0 1013.0 1073.0
953.0 1013.0 1073.0
953.0 1013.0 1073.0
953.0 1013.0 1073.0
953.0 1013.0 1073.0
953.0 1013.0 1073.0
953.0 1013.0 1073.0
953.0 1013.0 1073.0
953.0 1013.0 1073.0
953.0 1013.0 1073.0
953.0 1013.0 1073.0
953.0 1013.0 1073.0
953.0 1013.0 1073.0
953.0 1013.0 1073.0
953.0 1013.0 1073.0
953.0 1013.0 1073.0
953.0 1013.0 1073.0
953.0 1013.0 1073.0
953.0 1013.0 1073.0
953.0 1013.0 1073.0
953.0 1013.0 1073.0
953.0 1013.0 1073.0
953.0 1013.0 1073.0
953.0 1013.0 1073.0
953.0 1013.0 1073.0
953.0 1013.0 1073.0
953.0 1013.0 1073.0
953.0 1013.0 1073.0
953.0 1013.0 1073.0
953.0 1013.0 1073.0
953.0 1013.0 1073.0
953.0 1013.0 1073.0
953.0 1013.0 1073.0
953.0 1013.0 1073.0
953.0 1013.0 1073.0
953.0 1013.0 1073.0
953.0 1013.0 1073.0
953.0 1013.0 1073.0
953.0 1013.0 1073.0
953.0 1013.0 1073.0
953.0 1013.0 1073.0
953.0 1013.0 1073.0
953.0 1013.0 1073.0
953.0 1013.0 1073.0
