11980.0 13978.5 15977.0
9211.0 11836.0 14461.0
9211.0 10573.0 11935.0
8845.0 9866.0 10887.0
8306.0 8335.0 8364.0
6747.0 6957.5 7168.0
4225.0 5477.5 6730.0
4243.0 4459.5 4676.0
3368.0 4022.0 4676.0
2598.0 2749.0 2900.0
2745.0 2822.5 2900.0
2401.0 2650.5 2900.0
2401.0 2650.5 2900.0
2401.0 2650.5 2900.0
2401.0 2650.5 2900.0
2401.0 2650.5 2900.0
2401.0 2650.5 2900.0
2401.0 2650.5 2900.0
2401.0 2650.5 2900.0
2401.0 2650.5 2900.0
2401.0 2650.5 2900.0
2011.0 2455.5 2900.0
2011.0 2455.5 2900.0
2011.0 2455.5 2900.0
2011.0 2455.5 2900.0
2011.0 2455.5 2900.0
2011.0 2455.5 2900.0
2011.0 2455.5 2900.0
2011.0 2455.5 2900.0
2011.0 2455.5 2900.0
2011.0 2438.5 2866.0
1724.0 1867.5 2011.0
1724.0 1867.5 2011.0
1724.0 1867.5 2011.0
1724.0 1867.5 2011.0
1724.0 1867.5 2011.0
1724.0 1867.5 2011.0
1724.0 1867.5 2011.0
1724.0 1867.5 2011.0
1724.0 1867.5 2011.0
1724.0 1867.5 2011.0
1724.0 1867.5 2011.0
1724.0 1867.5 2011.0
1724.0 1867.5 2011.0
1480.0 1745.5 2011.0
1714.0 1862.5 2011.0
1370.0 1690.5 2011.0
1370.0 1690.5 2011.0
1370.0 1690.5 2011.0
1370.0 1690.5 2011.0
1370.0 1690.5 2011.0
1370.0 1690.5 2011.0
1370.0 1690.5 2011.0
1370.0 1690.5 2011.0
1370.0 1690.5 2011.0
1370.0 1690.5 2011.0
1370.0 1690.5 2011.0
1370.0 1690.5 2011.0
1370.0 1690.5 2011.0
1370.0 1690.5 2011.0
1370.0 1690.5 2011.0
1370.0 1690.5 2011.0
1370.0 1690.5 2011.0
1370.0 1690.5 2011.0
1370.0 1690.5 2011.0
1370.0 1542.5 1715.0
1370.0 1542.5 1715.0
1370.0 1542.5 1715.0
1370.0 1541.5 1713.0
1282.0 1326.0 1370.0
1282.0 1326.0 1370.0
1282.0 1326.0 1370.0
1282.0 1326.0 1370.0
1282.0 1326.0 1370.0
1282.0 1326.0 1370.0
1282.0 1326.0 1370.0
1282.0 1326.0 1370.0
1282.0 1326.0 1370.0
1282.0 1326.0 1370.0
1282.0 1326.0 1370.0
1282.0 1326.0 1370.0
1282.0 1326.0 1370.0
1282.0 1326.0 1370.0
1282.0 1326.0 1370.0
1282.0 1326.0 1370.0
1282.0 1326.0 1370.0
1282.0 1326.0 1370.0
1282.0 1326.0 1370.0
1282.0 1326.0 1370.0
1282.0 1326.0 1370.0
1282.0 1326.0 1370.0
1282.0 1326.0 1370.0
1282.0 1326.0 1370.0
1282.0 1326.0 1370.0
1282.0 1326.0 1370.0
1282.0 1326.0 1370.0
1282.0 1326.0 1370.0
1282.0 1326.0 1370.0
1282.0 1326.0 1370.0
1282.0 1326.0 1370.0
1282.0 1326.0 1370.0
1282.0 1326.0 1370.0
1282.0 1326.0 1370.0
1282.0 1326.0 1370.0
1282.0 1326.0 1370.0
1282.0 1326.0 1370.0
1282.0 1326.0 1370.0
1282.0 1326.0 1370.0
1282.0 1326.0 1370.0
1282.0 1326.0 1370.0
1282.0 1326.0 1370.0
1282.0 1326.0 1370.0
1282.0 1326.0 1370.0
1282.0 1326.0 1370.0
1282.0 1326.0 1370.0
1282.0 1326.0 1370.0
1282.0 1326.0 1370.0
1282.0 1326.0 1370.0
1282.0 1326.0 1370.0
1282.0 1326.0 1370.0
1282.0 1326.0 1370.0
1282.0 1326.0 1370.0
1282.0 1326.0 1370.0
1282.0 1326.0 1370.0
1282.0 1326.0 1370.0
1282.0 1326.0 1370.0
1282.0 1326.0 1370.0
1282.0 1326.0 1370.0
1282.0 1326.0 1370.0
1282.0 1326.0 1370.0
1282.0 1326.0 1370.0
1282.0 1326.0 1370.0
1282.0 1326.0 1370.0
1282.0 1326.0 1370.0
1282.0 1326.0 1370.0
1282.0 1326.0 1370.0
1282.0 1326.0 1370.0
1282.0 1326.0 1370.0
1282.0 1326.0 1370.0
1282.0 1326.0 1370.0
1282.0 1326.0 1370.0
1282.0 1326.0 1370.0
1282.0 1326.0 1370.0
1282.0 1326.0 1370.0
1282.0 1326.0 1370.0
1282.0 1326.0 1370.0
1282.0 1326.0 1370.0
1282.0 1326.0 1370.0
1282.0 1326.0 1370.0
1282.0 1326.0 1370.0
1282.0 1326.0 1370.0
1282.0 1326.0 1370.0
1282.0 1326.0 1370.0
1282.0 1326.0 1370.0
1282.0 1326.0 1370.0
1282.0 1326.0 1370.0
1282.0 1326.0 1370.0
1282.0 1326.0 1370.0
1282.0 1326.0 1370.0
1282.0 1326.0 1370.0
1282.0 1326.0 1370.0
1282.0 1326.0 1370.0
1282.0 1326.0 1370.0
1282.0 1326.0 1370.0
1282.0 1326.0 1370.0
1282.0 1326.0 1370.0
1282.0 1326.0 1370.0
1282.0 1326.0 1370.0
1282.0 1326.0 1370.0
1282.0 1326.0 1370.0
1282.0 1326.0 1370.0
1282.0 1326.0 1370.0
1282.0 1326.0 1370.0
1282.0 1326.0 1370.0
1282.0 1326.0 1370.0
1282.0 1326.0 1370.0
1282.0 1326.0 1370.0
1282.0 1326.0 1370.0
1282.0 1326.0 1370.0
1282.0 1326.0 1370.0
1282.0 1326.0 1370.0
1282.0 1326.0 1370.0
1282.0 1326.0 1370.0
1282.0 1326.0 1370.0
1282.0 1326.0 1370.0
1282.0 1326.0 1370.0
1282.0 1326.0 1370.0
1282.0 1326.0 1370.0
1282.0 1326.0 1370.0
1282.0 1326.0 1370.0
1282.0 1326.0 1370.0
1282.0 1326.0 1370.0
1282.0 1326.0 1370.0
1282.0 1326.0 1370.0
1282.0 1326.0 1370.0
1282.0 1326.0 1370.0
1282.0 1326.0 1370.0
1282.0 1326.0 1370.0
1282.0 1326.0 1370.0
1282.0 1326.0 1370.0
