12343.0 12388.0 12433.0
10003.0 11653.0 13303.0
8431.0 9489.5 10548.0
6604.0 6745.0 6886.0
3922.0 5484.5 7047.0
3922.0 3963.5 4005.0
2930.0 3715.5 4501.0
2930.0 3137.5 3345.0
2095.0 2720.0 3345.0
1813.0 2579.0 3345.0
1813.0 2579.0 3345.0
1813.0 2552.0 3291.0
1813.0 2073.0 2333.0
1813.0 1946.5 2080.0
1744.0 1778.5 1813.0
1744.0 1778.5 1813.0
1744.0 1778.5 1813.0
1744.0 1778.5 1813.0
1744.0 1778.5 1813.0
1744.0 1778.5 1813.0
1744.0 1778.5 1813.0
1744.0 1778.5 1813.0
1744.0 1778.5 1813.0
1744.0 1778.5 1813.0
1744.0 1778.5 1813.0
1744.0 1778.5 1813.0
1744.0 1778.5 1813.0
1744.0 1778.5 1813.0
1744.0 1778.5 1813.0
1744.0 1778.5 1813.0
1528.0 1670.5 1813.0
1528.0 1670.5 1813.0
1528.0 1670.5 1813.0
1528.0 1670.5 1813.0
1528.0 1670.5 1813.0
1528.0 1670.5 1813.0
1528.0 1670.5 1813.0
1528.0 1670.5 1813.0
1528.0 1670.5 1813.0
1528.0 1670.5 1813.0
1604.0 1708.5 1813.0
1197.0 1505.0 1813.0
1197.0 1505.0 1813.0
1197.0 1505.0 1813.0
1197.0 1505.0 1813.0
1197.0 1505.0 1813.0
1197.0 1505.0 1813.0
1197.0 1505.0 1813.0
1197.0 1505.0 1813.0
1197.0 1505.0 1813.0
1197.0 1505.0 1813.0
1197.0 1505.0 1813.0
1197.0 1505.0 1813.0
1197.0 1505.0 1813.0
1197.0 1505.0 1813.0
1197.0 1505.0 1813.0
1197.0 1505.0 1813.0
1197.0 1505.0 1813.0
1197.0 1505.0 1813.0
1197.0 1505.0 1813.0
1197.0 1505.0 1813.0
1197.0 1505.0 1813.0
1197.0 1505.0 1813.0
1197.0 1505.0 1813.0
1197.0 1552.5 1908.0
1197.0 1552.5 1908.0
1197.0 1552.5 1908.0
1197.0 1552.5 1908.0
1197.0 1552.5 1908.0
1197.0 1552.5 1908.0
1197.0 1552.5 1908.0
1197.0 1552.5 1908.0
1197.0 1552.5 1908.0
1197.0 1552.5 1908.0
1197.0 1552.5 1908.0
1197.0 1552.5 1908.0
1197.0 1552.5 1908.0
1197.0 1552.5 1908.0
1197.0 1482.5 1768.0
1197.0 1215.0 1233.0
1197.0 1390.5 1584.0
1000.0 1098.5 1197.0
1000.0 1098.5 1197.0
1000.0 1098.5 1197.0
1000.0 1098.5 1197.0
1000.0 1098.5 1197.0
1000.0 1098.5 1197.0
1000.0 1098.5 1197.0
1000.0 1098.5 1197.0
1000.0 1098.5 1197.0
1000.0 1098.5 1197.0
1000.0 1098.5 1197.0
1000.0 1098.5 1197.0
1000.0 1098.5 1197.0
1000.0 1098.5 1197.0
1000.0 1098.5 1197.0
1000.0 1098.5 1197.0
1000.0 1098.5 1197.0
1000.0 1098.5 1197.0
1000.0 1098.5 1197.0
1000.0 1098.5 1197.0
1000.0 1098.5 1197.0
1000.0 1098.5 1197.0
1000.0 1098.5 1197.0
1000.0 1098.5 1197.0
1000.0 1098.5 1197.0
1000.0 1098.5 1197.0
1000.0 1098.5 1197.0
1000.0 1098.5 1197.0
1000.0 1098.5 1197.0
1000.0 1098.5 1197.0
1000.0 1098.5 1197.0
1000.0 1098.5 1197.0
1000.0 1098.5 1197.0
1000.0 1098.5 1197.0
1000.0 1098.5 1197.0
1000.0 1098.5 1197.0
1000.0 1098.5 1197.0
1000.0 1098.5 1197.0
1000.0 1098.5 1197.0
1000.0 1098.5 1197.0
1000.0 1098.5 1197.0
1000.0 1098.5 1197.0
1000.0 1098.5 1197.0
1000.0 1098.5 1197.0
1000.0 1098.5 1197.0
1000.0 1098.5 1197.0
1000.0 1098.5 1197.0
1000.0 1098.5 1197.0
1000.0 1098.5 1197.0
1000.0 1098.5 1197.0
1000.0 1098.5 1197.0
1000.0 1098.5 1197.0
1000.0 1098.5 1197.0
1000.0 1098.5 1197.0
1000.0 1098.5 1197.0
1000.0 1098.5 1197.0
1000.0 1098.5 1197.0
1000.0 1098.5 1197.0
1000.0 1098.5 1197.0
1000.0 1098.5 1197.0
1000.0 1098.5 1197.0
1000.0 1098.5 1197.0
1000.0 1098.5 1197.0
1000.0 1098.5 1197.0
1000.0 1098.5 1197.0
1000.0 1098.5 1197.0
1000.0 1098.5 1197.0
1000.0 1098.5 1197.0
1000.0 1098.5 1197.0
1000.0 1098.5 1197.0
1000.0 1098.5 1197.0
1000.0 1098.5 1197.0
1000.0 1098.5 1197.0
1000.0 1098.5 1197.0
1000.0 1098.5 1197.0
1000.0 1098.5 1197.0
1000.0 1098.5 1197.0
1000.0 1098.5 1197.0
1000.0 1098.5 1197.0
1000.0 1098.5 1197.0
1000.0 1098.5 1197.0
1000.0 1098.5 1197.0
1000.0 1098.5 1197.0
1000.0 1098.5 1197.0
1000.0 1098.5 1197.0
1000.0 1098.5 1197.0
1000.0 1098.5 1197.0
1000.0 1098.5 1197.0
1000.0 1098.5 1197.0
1000.0 1098.5 1197.0
1000.0 1098.5 1197.0
1000.0 1098.5 1197.0
1000.0 1098.5 1197.0
1000.0 1098.5 1197.0
1000.0 1098.5 1197.0
1000.0 1098.5 1197.0
1000.0 1098.5 1197.0
1000.0 1098.5 1197.0
1000.0 1098.5 1197.0
1000.0 1098.5 1197.0
1000.0 1098.5 1197.0
1000.0 1098.5 1197.0
1000.0 1098.5 1197.0
1000.0 1098.5 1197.0
1000.0 1098.5 1197.0
1000.0 1098.5 1197.0
1000.0 1098.5 1197.0
1000.0 1098.5 1197.0
1000.0 1098.5 1197.0
1000.0 1098.5 1197.0
1000.0 1098.5 1197.0
1000.0 1098.5 1197.0
1000.0 1098.5 1197.0
1000.0 1098.5 1197.0
1000.0 1098.5 1197.0
1000.0 1098.5 1197.0
1000.0 1098.5 1197.0
1000.0 1098.5 1197.0
1000.0 1098.5 1197.0
