12602.0 13449.5 14297.0
12100.0 13264.0 14428.0
10316.0 10744.5 11173.0
9771.0 9787.0 9803.0
7387.0 7529.0 7671.0
6031.0 6177.0 6323.0
4056.0 5133.5 6211.0
4547.0 4657.5 4768.0
2724.0 3577.5 4431.0
2119.0 2343.0 2567.0
2001.0 2284.0 2567.0
1375.0 1429.0 1483.0
1375.0 1429.0 1483.0
1375.0 1429.0 1483.0
1375.0 1429.0 1483.0
1375.0 1429.0 1483.0
1375.0 1429.0 1483.0
1375.0 1429.0 1483.0
1375.0 1429.0 1483.0
1375.0 1429.0 1483.0
1375.0 1429.0 1483.0
1375.0 1429.0 1483.0
1375.0 1429.0 1483.0
1375.0 1429.0 1483.0
1375.0 1429.0 1483.0
1375.0 1429.0 1483.0
1375.0 1429.0 1483.0
1375.0 1429.0 1483.0
1375.0 1429.0 1483.0
1375.0 1429.0 1483.0
1375.0 1429.0 1483.0
1375.0 1429.0 1483.0
1375.0 1429.0 1483.0
1375.0 1429.0 1483.0
1375.0 1429.0 1483.0
1375.0 1429.0 1483.0
1375.0 1429.0 1483.0
1375.0 1429.0 1483.0
1275.0 1325.0 1375.0
930.0 1152.5 1375.0
930.0 1152.5 1375.0
930.0 1152.5 1375.0
930.0 1152.5 1375.0
930.0 1152.5 1375.0
930.0 1152.5 1375.0
930.0 1152.5 1375.0
930.0 1152.5 1375.0
930.0 1152.5 1375.0
930.0 1152.5 1375.0
930.0 1152.5 1375.0
930.0 1152.5 1375.0
930.0 1152.5 1375.0
930.0 1152.5 1375.0
930.0 1152.5 1375.0
930.0 1152.5 1375.0
930.0 1152.5 1375.0
930.0 1152.5 1375.0
930.0 1152.5 1375.0
930.0 1152.5 1375.0
930.0 1152.5 1375.0
930.0 1152.5 1375.0
930.0 1152.5 1375.0
930.0 1204.0 1478.0
887.0 908.5 930.0
887.0 908.5 930.0
887.0 908.5 930.0
887.0 908.5 930.0
887.0 908.5 930.0
887.0 908.5 930.0
887.0 908.5 930.0
887.0 908.5 930.0
887.0 908.5 930.0
887.0 908.5 930.0
887.0 908.5 930.0
887.0 908.5 930.0
887.0 908.5 930.0
887.0 908.5 930.0
887.0 908.5 930.0
887.0 908.5 930.0
887.0 908.5 930.0
887.0 908.5 930.0
887.0 908.5 930.0
887.0 908.5 930.0
887.0 908.5 930.0
887.0 908.5 930.0
887.0 908.5 930.0
887.0 908.5 930.0
887.0 908.5 930.0
887.0 908.5 930.0
887.0 908.5 930.0
887.0 908.5 930.0
887.0 908.5 930.0
887.0 908.5 930.0
887.0 908.5 930.0
887.0 908.5 930.0
887.0 908.5 930.0
887.0 908.5 930.0
887.0 908.5 930.0
887.0 908.5 930.0
887.0 908.5 930.0
887.0 908.5 930.0
887.0 908.5 930.0
887.0 908.5 930.0
887.0 908.5 930.0
887.0 908.5 930.0
887.0 908.5 930.0
887.0 908.5 930.0
887.0 908.5 930.0
887.0 908.5 930.0
887.0 908.5 930.0
887.0 908.5 930.0
887.0 908.5 930.0
887.0 908.5 930.0
887.0 908.5 930.0
887.0 908.5 930.0
887.0 908.5 930.0
887.0 908.5 930.0
887.0 908.5 930.0
887.0 908.5 930.0
887.0 908.5 930.0
887.0 908.5 930.0
887.0 908.5 930.0
887.0 908.5 930.0
887.0 908.5 930.0
887.0 908.5 930.0
887.0 908.5 930.0
887.0 908.5 930.0
887.0 908.5 930.0
887.0 908.5 930.0
887.0 908.5 930.0
887.0 908.5 930.0
887.0 908.5 930.0
887.0 908.5 930.0
887.0 908.5 930.0
887.0 908.5 930.0
887.0 908.5 930.0
887.0 908.5 930.0
887.0 908.5 930.0
887.0 908.5 930.0
887.0 908.5 930.0
887.0 908.5 930.0
887.0 908.5 930.0
887.0 908.5 930.0
887.0 908.5 930.0
887.0 908.5 930.0
887.0 908.5 930.0
887.0 908.5 930.0
887.0 908.5 930.0
887.0 908.5 930.0
887.0 908.5 930.0
887.0 908.5 930.0
887.0 908.5 930.0
887.0 908.5 930.0
887.0 908.5 930.0
887.0 908.5 930.0
887.0 908.5 930.0
887.0 908.5 930.0
887.0 908.5 930.0
887.0 908.5 930.0
887.0 908.5 930.0
887.0 908.5 930.0
887.0 908.5 930.0
887.0 908.5 930.0
887.0 908.5 930.0
887.0 908.5 930.0
887.0 908.5 930.0
887.0 908.5 930.0
887.0 908.5 930.0
887.0 908.5 930.0
887.0 908.5 930.0
887.0 908.5 930.0
887.0 908.5 930.0
887.0 908.5 930.0
887.0 908.5 930.0
887.0 908.5 930.0
887.0 908.5 930.0
887.0 908.5 930.0
887.0 908.5 930.0
887.0 908.5 930.0
887.0 908.5 930.0
887.0 908.5 930.0
887.0 908.5 930.0
887.0 908.5 930.0
887.0 908.5 930.0
887.0 908.5 930.0
887.0 908.5 930.0
887.0 908.5 930.0
887.0 908.5 930.0
887.0 908.5 930.0
887.0 908.5 930.0
887.0 908.5 930.0
887.0 908.5 930.0
887.0 908.5 930.0
887.0 908.5 930.0
887.0 908.5 930.0
887.0 908.5 930.0
887.0 908.5 930.0
887.0 908.5 930.0
887.0 908.5 930.0
887.0 908.5 930.0
