12064.0 12707.5 13351.0
8535.0 9445.0 10355.0
7119.0 7973.0 8827.0
5491.0 6093.5 6696.0
3427.0 4459.0 5491.0
2909.0 3016.0 3123.0
1862.0 2385.5 2909.0
1862.0 2385.5 2909.0
1862.0 2162.0 2462.0
1419.0 1640.5 1862.0
1419.0 1640.5 1862.0
1419.0 1781.0 2143.0
1648.0 1952.5 2257.0
1419.0 1533.5 1648.0
1419.0 1505.5 1592.0
1327.0 1459.5 1592.0
1265.0 1428.5 1592.0
1265.0 1428.5 1592.0
1265.0 1428.5 1592.0
1265.0 1428.5 1592.0
1265.0 1428.5 1592.0
1265.0 1428.5 1592.0
1265.0 1428.5 1592.0
1265.0 1428.5 1592.0
1265.0 1428.5 1592.0
1265.0 1428.5 1592.0
1265.0 1428.5 1592.0
1265.0 1428.5 1592.0
1265.0 1428.5 1592.0
1265.0 1428.5 1592.0
1265.0 1428.5 1592.0
1265.0 1428.5 1592.0
1265.0 1428.5 1592.0
1265.0 1428.5 1592.0
1265.0 1428.5 1592.0
1265.0 1428.5 1592.0
1265.0 1428.5 1592.0
1265.0 1428.5 1592.0
1265.0 1428.5 1592.0
1265.0 1428.5 1592.0
1265.0 1428.5 1592.0
1265.0 1428.5 1592.0
1265.0 1428.5 1592.0
1265.0 1428.5 1592.0
1265.0 1428.5 1592.0
1265.0 1428.5 1592.0
1265.0 1428.5 1592.0
1265.0 1428.5 1592.0
1265.0 1428.5 1592.0
1265.0 1428.5 1592.0
1265.0 1428.5 1592.0
897.0 1081.0 1265.0
1265.0 1428.5 1592.0
1265.0 1428.5 1592.0
1265.0 1428.5 1592.0
1265.0 1428.5 1592.0
1265.0 1428.5 1592.0
1265.0 1428.5 1592.0
1265.0 1428.5 1592.0
1265.0 1428.5 1592.0
1265.0 1428.5 1592.0
1265.0 1428.5 1592.0
1265.0 1428.5 1592.0
1265.0 1428.5 1592.0
1265.0 1428.5 1592.0
1265.0 1428.5 1592.0
1265.0 1428.5 1592.0
1265.0 1428.5 1592.0
1265.0 1414.0 1563.0
1265.0 1486.5 1708.0
1265.0 1393.5 1522.0
1240.0 1252.5 1265.0
1240.0 1252.5 1265.0
1036.0 1150.5 1265.0
1036.0 1150.5 1265.0
1036.0 1150.5 1265.0
1036.0 1150.5 1265.0
1036.0 1150.5 1265.0
1036.0 1150.5 1265.0
1036.0 1150.5 1265.0
1036.0 1150.5 1265.0
1036.0 1150.5 1265.0
1036.0 1150.5 1265.0
897.0 1081.0 1265.0
897.0 1081.0 1265.0
897.0 1081.0 1265.0
897.0 1081.0 1265.0
742.0 1003.5 1265.0
742.0 1003.5 1265.0
742.0 1003.5 1265.0
742.0 1003.5 1265.0
742.0 1003.5 1265.0
742.0 1003.5 1265.0
742.0 1003.5 1265.0
742.0 1003.5 1265.0
742.0 1003.5 1265.0
742.0 1003.5 1265.0
742.0 1003.5 1265.0
742.0 1003.5 1265.0
742.0 1003.5 1265.0
742.0 1003.5 1265.0
742.0 1003.5 1265.0
742.0 1003.5 1265.0
742.0 1003.5 1265.0
742.0 1003.5 1265.0
742.0 1003.5 1265.0
742.0 1003.5 1265.0
742.0 1003.5 1265.0
742.0 1003.5 1265.0
742.0 1003.5 1265.0
742.0 1003.5 1265.0
742.0 1003.5 1265.0
742.0 1003.5 1265.0
742.0 1003.5 1265.0
742.0 1003.5 1265.0
742.0 1003.5 1265.0
742.0 1003.5 1265.0
742.0 1003.5 1265.0
742.0 1003.5 1265.0
742.0 1003.5 1265.0
742.0 1003.5 1265.0
742.0 1003.5 1265.0
742.0 1003.5 1265.0
742.0 1003.5 1265.0
742.0 1003.5 1265.0
742.0 1003.5 1265.0
742.0 1003.5 1265.0
742.0 1003.5 1265.0
742.0 1003.5 1265.0
742.0 1003.5 1265.0
742.0 1003.5 1265.0
742.0 1003.5 1265.0
742.0 1003.5 1265.0
742.0 1003.5 1265.0
742.0 1003.5 1265.0
742.0 1003.5 1265.0
742.0 1003.5 1265.0
742.0 1003.5 1265.0
742.0 1003.5 1265.0
742.0 1003.5 1265.0
742.0 1003.5 1265.0
742.0 1003.5 1265.0
742.0 1003.5 1265.0
742.0 1003.5 1265.0
742.0 1003.5 1265.0
742.0 1003.5 1265.0
742.0 1003.5 1265.0
742.0 1003.5 1265.0
742.0 1003.5 1265.0
742.0 1003.5 1265.0
742.0 1003.5 1265.0
742.0 1003.5 1265.0
742.0 1003.5 1265.0
742.0 1003.5 1265.0
742.0 1003.5 1265.0
742.0 1003.5 1265.0
742.0 1003.5 1265.0
742.0 1003.5 1265.0
742.0 1003.5 1265.0
742.0 1003.5 1265.0
742.0 1003.5 1265.0
742.0 1003.5 1265.0
742.0 1003.5 1265.0
742.0 1003.5 1265.0
742.0 1003.5 1265.0
742.0 1003.5 1265.0
742.0 1003.5 1265.0
742.0 1003.5 1265.0
742.0 1003.5 1265.0
742.0 1003.5 1265.0
742.0 1003.5 1265.0
742.0 1003.5 1265.0
742.0 1003.5 1265.0
742.0 1003.5 1265.0
742.0 1003.5 1265.0
742.0 1003.5 1265.0
742.0 1003.5 1265.0
742.0 1003.5 1265.0
742.0 1003.5 1265.0
742.0 1003.5 1265.0
742.0 1003.5 1265.0
742.0 1003.5 1265.0
742.0 1003.5 1265.0
742.0 1003.5 1265.0
742.0 1003.5 1265.0
742.0 1003.5 1265.0
742.0 1003.5 1265.0
742.0 1003.5 1265.0
742.0 1003.5 1265.0
742.0 1003.5 1265.0
742.0 1003.5 1265.0
742.0 1003.5 1265.0
742.0 1003.5 1265.0
742.0 1003.5 1265.0
742.0 1003.5 1265.0
742.0 1003.5 1265.0
742.0 1003.5 1265.0
742.0 1003.5 1265.0
742.0 1003.5 1265.0
742.0 1003.5 1265.0
