11619.0 12114.5 12610.0
9671.0 10814.0 11957.0
8021.0 8405.5 8790.0
5685.0 6002.0 6319.0
4162.0 4923.5 5685.0
3540.0 4569.5 5599.0
3198.0 4106.0 5014.0
3198.0 3700.0 4202.0
2314.0 2604.0 2894.0
2314.0 2604.0 2894.0
1854.0 2374.0 2894.0
1794.0 2344.0 2894.0
1794.0 2344.0 2894.0
1743.0 2263.0 2783.0
1743.0 2263.0 2783.0
1743.0 1911.5 2080.0
1743.0 1911.5 2080.0
1743.0 1911.5 2080.0
1743.0 1911.5 2080.0
1743.0 1911.5 2080.0
1328.0 1704.0 2080.0
1249.0 1664.5 2080.0
1146.0 1613.0 2080.0
1146.0 1613.0 2080.0
1146.0 1613.0 2080.0
1146.0 1613.0 2080.0
1146.0 1613.0 2080.0
1146.0 1613.0 2080.0
1146.0 1613.0 2080.0
1146.0 1613.0 2080.0
1146.0 1613.0 2080.0
1146.0 1613.0 2080.0
1146.0 1613.0 2080.0
1146.0 1613.0 2080.0
1146.0 1613.0 2080.0
1146.0 1613.0 2080.0
1146.0 1613.0 2080.0
1146.0 1613.0 2080.0
1146.0 1613.0 2080.0
1146.0 1613.0 2080.0
1146.0 1613.0 2080.0
1146.0 1613.0 2080.0
1146.0 1613.0 2080.0
1146.0 1613.0 2080.0
1146.0 1613.0 2080.0
1146.0 1613.0 2080.0
1146.0 1613.0 2080.0
1146.0 1613.0 2080.0
1146.0 1613.0 2080.0
1146.0 1613.0 2080.0
1146.0 1613.0 2080.0
1146.0 1613.0 2080.0
1146.0 1613.0 2080.0
1146.0 1613.0 2080.0
1146.0 1613.0 2080.0
1146.0 1613.0 2080.0
1146.0 1613.0 2080.0
1146.0 1613.0 2080.0
1146.0 1613.0 2080.0
1146.0 1613.0 2080.0
1146.0 1293.5 1441.0
1146.0 1293.5 1441.0
1146.0 1293.5 1441.0
1146.0 1293.5 1441.0
1146.0 1293.5 1441.0
1146.0 1293.5 1441.0
1146.0 1293.5 1441.0
1146.0 1293.5 1441.0
1146.0 1293.5 1441.0
1146.0 1293.5 1441.0
1146.0 1293.5 1441.0
1146.0 1293.5 1441.0
1146.0 1293.5 1441.0
1146.0 1293.5 1441.0
1146.0 1293.5 1441.0
1146.0 1293.5 1441.0
1146.0 1293.5 1441.0
1146.0 1293.5 1441.0
1146.0 1293.5 1441.0
1146.0 1293.5 1441.0
1146.0 1293.5 1441.0
1146.0 1293.5 1441.0
1146.0 1293.5 1441.0
1146.0 1293.5 1441.0
1146.0 1293.5 1441.0
1146.0 1293.5 1441.0
1146.0 1293.5 1441.0
1146.0 1293.5 1441.0
1146.0 1293.5 1441.0
1146.0 1293.5 1441.0
1146.0 1293.5 1441.0
1146.0 1293.5 1441.0
1146.0 1293.5 1441.0
1146.0 1293.5 1441.0
1146.0 1293.5 1441.0
1146.0 1293.5 1441.0
1146.0 1293.5 1441.0
1146.0 1293.5 1441.0
1146.0 1293.5 1441.0
1146.0 1293.5 1441.0
1146.0 1293.5 1441.0
1146.0 1293.5 1441.0
1146.0 1293.5 1441.0
1146.0 1293.5 1441.0
1146.0 1293.5 1441.0
1146.0 1293.5 1441.0
1146.0 1293.5 1441.0
1146.0 1293.5 1441.0
1146.0 1293.5 1441.0
1146.0 1293.5 1441.0
1130.0 1138.0 1146.0
1130.0 1138.0 1146.0
1130.0 1138.0 1146.0
1130.0 1138.0 1146.0
1130.0 1138.0 1146.0
1130.0 1138.0 1146.0
1130.0 1138.0 1146.0
1130.0 1138.0 1146.0
1130.0 1138.0 1146.0
1130.0 1138.0 1146.0
1130.0 1138.0 1146.0
1130.0 1138.0 1146.0
1130.0 1138.0 1146.0
1130.0 1138.0 1146.0
1130.0 1138.0 1146.0
1130.0 1138.0 1146.0
1130.0 1138.0 1146.0
1130.0 1138.0 1146.0
1130.0 1138.0 1146.0
1130.0 1138.0 1146.0
1130.0 1138.0 1146.0
1130.0 1138.0 1146.0
1130.0 1138.0 1146.0
1130.0 1138.0 1146.0
1130.0 1138.0 1146.0
1130.0 1138.0 1146.0
1130.0 1138.0 1146.0
1130.0 1138.0 1146.0
1130.0 1138.0 1146.0
1130.0 1138.0 1146.0
1130.0 1138.0 1146.0
1130.0 1138.0 1146.0
1130.0 1138.0 1146.0
1130.0 1138.0 1146.0
1130.0 1138.0 1146.0
1130.0 1138.0 1146.0
1130.0 1138.0 1146.0
1130.0 1138.0 1146.0
1130.0 1138.0 1146.0
1130.0 1138.0 1146.0
1130.0 1138.0 1146.0
1130.0 1138.0 1146.0
1130.0 1138.0 1146.0
1130.0 1138.0 1146.0
1130.0 1138.0 1146.0
1130.0 1138.0 1146.0
1130.0 1138.0 1146.0
1130.0 1138.0 1146.0
1130.0 1138.0 1146.0
1130.0 1138.0 1146.0
1130.0 1138.0 1146.0
1130.0 1138.0 1146.0
1130.0 1138.0 1146.0
1130.0 1138.0 1146.0
1130.0 1138.0 1146.0
1130.0 1138.0 1146.0
1130.0 1138.0 1146.0
1130.0 1138.0 1146.0
1130.0 1138.0 1146.0
1130.0 1138.0 1146.0
1130.0 1138.0 1146.0
1130.0 1138.0 1146.0
1130.0 1138.0 1146.0
1130.0 1138.0 1146.0
1130.0 1138.0 1146.0
1130.0 1138.0 1146.0
1130.0 1138.0 1146.0
1130.0 1138.0 1146.0
1130.0 1138.0 1146.0
1130.0 1138.0 1146.0
1130.0 1138.0 1146.0
1130.0 1138.0 1146.0
1130.0 1138.0 1146.0
1130.0 1138.0 1146.0
1130.0 1138.0 1146.0
1130.0 1138.0 1146.0
1130.0 1138.0 1146.0
1130.0 1138.0 1146.0
1130.0 1138.0 1146.0
1130.0 1138.0 1146.0
1130.0 1138.0 1146.0
1130.0 1138.0 1146.0
1130.0 1138.0 1146.0
1130.0 1138.0 1146.0
1130.0 1138.0 1146.0
1130.0 1138.0 1146.0
1130.0 1138.0 1146.0
1130.0 1138.0 1146.0
1130.0 1138.0 1146.0
1130.0 1138.0 1146.0
