15484.0 15628.0 15772.0
13706.0 13775.0 13844.0
12268.0 12718.0 13168.0
9449.0 10914.5 12380.0
7982.0 9656.0 11330.0
7982.0 9656.0 11330.0
4666.0 5996.5 7327.0
4118.0 4392.0 4666.0
3739.0 4102.0 4465.0
3190.0 3219.0 3248.0
3190.0 3206.0 3222.0
2600.0 2911.0 3222.0
1738.0 2543.0 3348.0
1738.0 2338.0 2938.0
1738.0 2197.0 2656.0
1738.0 2197.0 2656.0
1738.0 2197.0 2656.0
1738.0 2197.0 2656.0
1738.0 2197.0 2656.0
1738.0 2197.0 2656.0
1738.0 2197.0 2656.0
1738.0 2197.0 2656.0
1738.0 2197.0 2656.0
1738.0 2197.0 2656.0
1738.0 2197.0 2656.0
1663.0 1700.5 1738.0
1663.0 1700.5 1738.0
1663.0 1700.5 1738.0
1663.0 1700.5 1738.0
1663.0 1700.5 1738.0
1663.0 1700.5 1738.0
1663.0 1700.5 1738.0
1663.0 1700.5 1738.0
1663.0 1700.5 1738.0
1663.0 1700.5 1738.0
1663.0 1700.5 1738.0
1663.0 1700.5 1738.0
1663.0 1700.5 1738.0
1663.0 1700.5 1738.0
1663.0 1700.5 1738.0
1663.0 1700.5 1738.0
1663.0 1700.5 1738.0
1663.0 1700.5 1738.0
1663.0 1700.5 1738.0
1663.0 1700.5 1738.0
1663.0 1700.5 1738.0
1663.0 1700.5 1738.0
1663.0 1700.5 1738.0
1663.0 1700.5 1738.0
1663.0 1700.5 1738.0
1663.0 1700.5 1738.0
1663.0 1700.5 1738.0
1663.0 1700.5 1738.0
1663.0 1700.5 1738.0
1663.0 1700.5 1738.0
1663.0 1700.5 1738.0
1663.0 1700.5 1738.0
1663.0 1700.5 1738.0
1663.0 1700.5 1738.0
1663.0 1700.5 1738.0
1663.0 1700.5 1738.0
1663.0 1700.5 1738.0
1663.0 1700.5 1738.0
1663.0 1700.5 1738.0
1663.0 1700.5 1738.0
1663.0 1700.5 1738.0
1663.0 1700.5 1738.0
1663.0 1700.5 1738.0
1663.0 1700.5 1738.0
1663.0 1700.5 1738.0
1663.0 1700.5 1738.0
1663.0 1700.5 1738.0
1663.0 1700.5 1738.0
1663.0 1700.5 1738.0
1663.0 1700.5 1738.0
1663.0 1700.5 1738.0
1663.0 1700.5 1738.0
1663.0 1700.5 1738.0
1663.0 1700.5 1738.0
1663.0 1700.5 1738.0
1663.0 1700.5 1738.0
1663.0 1700.5 1738.0
1663.0 1700.5 1738.0
1663.0 1700.5 1738.0
1663.0 1700.5 1738.0
1663.0 1700.5 1738.0
1663.0 1700.5 1738.0
1663.0 1700.5 1738.0
1663.0 1700.5 1738.0
1663.0 1700.5 1738.0
1663.0 1700.5 1738.0
1663.0 1700.5 1738.0
1663.0 1700.5 1738.0
1663.0 1700.5 1738.0
1663.0 1700.5 1738.0
1663.0 1700.5 1738.0
1663.0 1700.5 1738.0
1663.0 1700.5 1738.0
1663.0 1700.5 1738.0
1663.0 1700.5 1738.0
1663.0 1700.5 1738.0
1663.0 1700.5 1738.0
1663.0 1700.5 1738.0
1663.0 1700.5 1738.0
1663.0 1700.5 1738.0
1663.0 1700.5 1738.0
1663.0 1700.5 1738.0
1663.0 1700.5 1738.0
1663.0 1700.5 1738.0
1663.0 1700.5 1738.0
1663.0 1700.5 1738.0
1663.0 1700.5 1738.0
1663.0 1700.5 1738.0
1663.0 1700.5 1738.0
1663.0 1700.5 1738.0
1663.0 1700.5 1738.0
1663.0 1700.5 1738.0
1663.0 1700.5 1738.0
1663.0 1700.5 1738.0
1663.0 1700.5 1738.0
1663.0 1700.5 1738.0
1663.0 1700.5 1738.0
1663.0 1700.5 1738.0
1663.0 1700.5 1738.0
1663.0 1700.5 1738.0
1663.0 1700.5 1738.0
1663.0 1700.5 1738.0
1663.0 1700.5 1738.0
1663.0 1700.5 1738.0
1663.0 1700.5 1738.0
1663.0 1700.5 1738.0
1663.0 1700.5 1738.0
1663.0 1700.5 1738.0
1663.0 1700.5 1738.0
1663.0 1700.5 1738.0
1663.0 1700.5 1738.0
1663.0 1700.5 1738.0
1663.0 1700.5 1738.0
1663.0 1700.5 1738.0
1663.0 1700.5 1738.0
1663.0 1700.5 1738.0
1663.0 1700.5 1738.0
1663.0 1700.5 1738.0
1663.0 1700.5 1738.0
1663.0 1700.5 1738.0
1663.0 1700.5 1738.0
1663.0 1700.5 1738.0
1663.0 1700.5 1738.0
1663.0 1700.5 1738.0
1663.0 1700.5 1738.0
1663.0 1700.5 1738.0
1663.0 1700.5 1738.0
1663.0 1700.5 1738.0
1663.0 1700.5 1738.0
1663.0 1700.5 1738.0
1663.0 1700.5 1738.0
1663.0 1700.5 1738.0
1663.0 1700.5 1738.0
1663.0 1700.5 1738.0
1663.0 1700.5 1738.0
1663.0 1700.5 1738.0
1663.0 1700.5 1738.0
1663.0 1700.5 1738.0
1663.0 1700.5 1738.0
1663.0 1700.5 1738.0
1663.0 1700.5 1738.0
1663.0 1700.5 1738.0
1663.0 1700.5 1738.0
1663.0 1700.5 1738.0
1663.0 1700.5 1738.0
1663.0 1700.5 1738.0
1663.0 1700.5 1738.0
1663.0 1700.5 1738.0
1663.0 1700.5 1738.0
1663.0 1700.5 1738.0
1663.0 1700.5 1738.0
1663.0 1700.5 1738.0
1663.0 1700.5 1738.0
1663.0 1700.5 1738.0
1663.0 1700.5 1738.0
1663.0 1700.5 1738.0
1663.0 1700.5 1738.0
1663.0 1700.5 1738.0
1663.0 1700.5 1738.0
1663.0 1700.5 1738.0
1663.0 1700.5 1738.0
1663.0 1700.5 1738.0
1663.0 1700.5 1738.0
1663.0 1700.5 1738.0
1663.0 1700.5 1738.0
1663.0 1700.5 1738.0
1663.0 1700.5 1738.0
1663.0 1700.5 1738.0
1663.0 1700.5 1738.0
1663.0 1700.5 1738.0
1663.0 1700.5 1738.0
1663.0 1700.5 1738.0
1663.0 1700.5 1738.0
1663.0 1700.5 1738.0
1663.0 1700.5 1738.0
