10231.0 11304.5 12378.0
7940.0 8819.5 9699.0
6033.0 6959.5 7886.0
5048.0 5798.5 6549.0
4105.0 4853.5 5602.0
2678.0 3276.5 3875.0
2753.0 2816.0 2879.0
2477.0 2615.0 2753.0
1273.0 1659.0 2045.0
1273.0 1659.0 2045.0
1273.0 1397.0 1521.0
1273.0 1397.0 1521.0
1273.0 1331.0 1389.0
863.0 1068.0 1273.0
863.0 1068.0 1273.0
863.0 1068.0 1273.0
863.0 1068.0 1273.0
863.0 1068.0 1273.0
863.0 1068.0 1273.0
863.0 1068.0 1273.0
863.0 1068.0 1273.0
863.0 1068.0 1273.0
863.0 1068.0 1273.0
863.0 1068.0 1273.0
863.0 1068.0 1273.0
863.0 1068.0 1273.0
863.0 1068.0 1273.0
863.0 1068.0 1273.0
863.0 1068.0 1273.0
863.0 1068.0 1273.0
863.0 1068.0 1273.0
863.0 1068.0 1273.0
863.0 1068.0 1273.0
863.0 1068.0 1273.0
863.0 1068.0 1273.0
863.0 1068.0 1273.0
863.0 1068.0 1273.0
863.0 1068.0 1273.0
863.0 1068.0 1273.0
863.0 1068.0 1273.0
863.0 1068.0 1273.0
863.0 1068.0 1273.0
863.0 1068.0 1273.0
863.0 1068.0 1273.0
863.0 1068.0 1273.0
863.0 1068.0 1273.0
863.0 1068.0 1273.0
863.0 1068.0 1273.0
863.0 1068.0 1273.0
863.0 1068.0 1273.0
863.0 1068.0 1273.0
863.0 1068.0 1273.0
863.0 1068.0 1273.0
863.0 1068.0 1273.0
863.0 1068.0 1273.0
863.0 949.0 1035.0
863.0 949.0 1035.0
863.0 949.0 1035.0
863.0 949.0 1035.0
863.0 949.0 1035.0
863.0 949.0 1035.0
863.0 949.0 1035.0
863.0 949.0 1035.0
863.0 949.0 1035.0
863.0 949.0 1035.0
863.0 949.0 1035.0
863.0 949.0 1035.0
863.0 949.0 1035.0
863.0 949.0 1035.0
863.0 949.0 1035.0
863.0 949.0 1035.0
863.0 949.0 1035.0
863.0 949.0 1035.0
863.0 949.0 1035.0
863.0 949.0 1035.0
863.0 949.0 1035.0
863.0 949.0 1035.0
863.0 949.0 1035.0
863.0 949.0 1035.0
863.0 949.0 1035.0
863.0 949.0 1035.0
863.0 949.0 1035.0
863.0 949.0 1035.0
863.0 949.0 1035.0
863.0 949.0 1035.0
863.0 949.0 1035.0
863.0 949.0 1035.0
863.0 949.0 1035.0
863.0 949.0 1035.0
863.0 949.0 1035.0
863.0 949.0 1035.0
863.0 949.0 1035.0
863.0 949.0 1035.0
863.0 949.0 1035.0
863.0 949.0 1035.0
863.0 949.0 1035.0
863.0 949.0 1035.0
863.0 949.0 1035.0
863.0 949.0 1035.0
863.0 949.0 1035.0
863.0 949.0 1035.0
863.0 949.0 1035.0
863.0 949.0 1035.0
863.0 949.0 1035.0
863.0 949.0 1035.0
863.0 949.0 1035.0
863.0 949.0 1035.0
863.0 949.0 1035.0
863.0 949.0 1035.0
863.0 949.0 1035.0
863.0 949.0 1035.0
863.0 949.0 1035.0
863.0 949.0 1035.0
863.0 949.0 1035.0
863.0 949.0 1035.0
863.0 949.0 1035.0
863.0 949.0 1035.0
863.0 949.0 1035.0
863.0 949.0 1035.0
863.0 949.0 1035.0
863.0 949.0 1035.0
863.0 949.0 1035.0
863.0 949.0 1035.0
863.0 949.0 1035.0
863.0 949.0 1035.0
863.0 949.0 1035.0
863.0 949.0 1035.0
863.0 949.0 1035.0
863.0 949.0 1035.0
863.0 949.0 1035.0
863.0 949.0 1035.0
863.0 949.0 1035.0
863.0 949.0 1035.0
863.0 949.0 1035.0
863.0 949.0 1035.0
863.0 949.0 1035.0
863.0 949.0 1035.0
863.0 949.0 1035.0
863.0 949.0 1035.0
863.0 949.0 1035.0
863.0 949.0 1035.0
863.0 949.0 1035.0
863.0 949.0 1035.0
863.0 949.0 1035.0
863.0 949.0 1035.0
863.0 949.0 1035.0
863.0 949.0 1035.0
863.0 949.0 1035.0
863.0 949.0 1035.0
863.0 949.0 1035.0
863.0 949.0 1035.0
863.0 949.0 1035.0
863.0 949.0 1035.0
863.0 949.0 1035.0
863.0 949.0 1035.0
863.0 949.0 1035.0
863.0 949.0 1035.0
863.0 949.0 1035.0
863.0 949.0 1035.0
863.0 949.0 1035.0
863.0 949.0 1035.0
863.0 949.0 1035.0
863.0 949.0 1035.0
863.0 949.0 1035.0
863.0 949.0 1035.0
863.0 949.0 1035.0
863.0 949.0 1035.0
863.0 949.0 1035.0
863.0 949.0 1035.0
863.0 949.0 1035.0
863.0 949.0 1035.0
863.0 949.0 1035.0
863.0 949.0 1035.0
863.0 949.0 1035.0
863.0 949.0 1035.0
863.0 949.0 1035.0
863.0 949.0 1035.0
863.0 949.0 1035.0
863.0 949.0 1035.0
863.0 949.0 1035.0
863.0 949.0 1035.0
863.0 949.0 1035.0
863.0 949.0 1035.0
863.0 949.0 1035.0
863.0 949.0 1035.0
863.0 949.0 1035.0
863.0 949.0 1035.0
863.0 949.0 1035.0
863.0 949.0 1035.0
863.0 949.0 1035.0
863.0 949.0 1035.0
863.0 949.0 1035.0
863.0 949.0 1035.0
863.0 949.0 1035.0
863.0 949.0 1035.0
863.0 949.0 1035.0
863.0 949.0 1035.0
863.0 949.0 1035.0
863.0 949.0 1035.0
863.0 949.0 1035.0
