10541.0 12035.5 13530.0
8971.0 10540.0 12109.0
5596.0 7205.5 8815.0
4188.0 5293.0 6398.0
3938.0 4866.5 5795.0
3249.0 3510.0 3771.0
2733.0 3071.0 3409.0
1899.0 2316.0 2733.0
1899.0 2113.5 2328.0
1899.0 1908.0 1917.0
1899.0 1908.0 1917.0
1681.0 1799.0 1917.0
1681.0 1799.0 1917.0
1681.0 1799.0 1917.0
796.0 1356.5 1917.0
796.0 1356.5 1917.0
796.0 1356.5 1917.0
796.0 1356.5 1917.0
796.0 1356.5 1917.0
796.0 1356.5 1917.0
796.0 1356.5 1917.0
796.0 1356.5 1917.0
796.0 1356.5 1917.0
796.0 1356.5 1917.0
796.0 1300.5 1805.0
796.0 1070.5 1345.0
796.0 823.5 851.0
784.0 790.0 796.0
771.0 783.5 796.0
706.0 751.0 796.0
706.0 751.0 796.0
706.0 751.0 796.0
706.0 751.0 796.0
706.0 751.0 796.0
706.0 751.0 796.0
706.0 751.0 796.0
706.0 751.0 796.0
706.0 751.0 796.0
706.0 751.0 796.0
706.0 751.0 796.0
706.0 751.0 796.0
706.0 751.0 796.0
706.0 751.0 796.0
706.0 751.0 796.0
706.0 751.0 796.0
706.0 751.0 796.0
706.0 751.0 796.0
706.0 751.0 796.0
706.0 751.0 796.0
706.0 751.0 796.0
706.0 751.0 796.0
706.0 751.0 796.0
706.0 751.0 796.0
706.0 751.0 796.0
706.0 751.0 796.0
706.0 751.0 796.0
706.0 751.0 796.0
706.0 751.0 796.0
706.0 751.0 796.0
706.0 751.0 796.0
706.0 751.0 796.0
706.0 751.0 796.0
706.0 751.0 796.0
706.0 751.0 796.0
706.0 751.0 796.0
706.0 751.0 796.0
706.0 751.0 796.0
706.0 751.0 796.0
706.0 751.0 796.0
706.0 751.0 796.0
706.0 751.0 796.0
706.0 751.0 796.0
706.0 751.0 796.0
706.0 751.0 796.0
706.0 751.0 796.0
706.0 751.0 796.0
706.0 751.0 796.0
706.0 751.0 796.0
706.0 751.0 796.0
706.0 751.0 796.0
706.0 751.0 796.0
706.0 751.0 796.0
706.0 751.0 796.0
706.0 751.0 796.0
706.0 751.0 796.0
706.0 751.0 796.0
706.0 751.0 796.0
744.0 770.0 796.0
744.0 770.0 796.0
744.0 770.0 796.0
744.0 770.0 796.0
744.0 770.0 796.0
744.0 770.0 796.0
744.0 770.0 796.0
744.0 770.0 796.0
744.0 770.0 796.0
744.0 770.0 796.0
744.0 770.0 796.0
744.0 770.0 796.0
744.0 770.0 796.0
744.0 770.0 796.0
744.0 770.0 796.0
744.0 770.0 796.0
744.0 770.0 796.0
744.0 770.0 796.0
744.0 770.0 796.0
744.0 770.0 796.0
744.0 770.0 796.0
744.0 770.0 796.0
744.0 770.0 796.0
744.0 770.0 796.0
744.0 770.0 796.0
744.0 770.0 796.0
744.0 770.0 796.0
744.0 770.0 796.0
744.0 770.0 796.0
744.0 770.0 796.0
744.0 770.0 796.0
744.0 770.0 796.0
744.0 770.0 796.0
744.0 770.0 796.0
744.0 770.0 796.0
744.0 770.0 796.0
744.0 770.0 796.0
744.0 770.0 796.0
744.0 770.0 796.0
744.0 770.0 796.0
744.0 770.0 796.0
744.0 770.0 796.0
744.0 770.0 796.0
744.0 770.0 796.0
744.0 770.0 796.0
744.0 770.0 796.0
744.0 770.0 796.0
744.0 770.0 796.0
744.0 770.0 796.0
744.0 770.0 796.0
744.0 770.0 796.0
744.0 770.0 796.0
744.0 770.0 796.0
744.0 770.0 796.0
744.0 770.0 796.0
744.0 770.0 796.0
744.0 770.0 796.0
744.0 770.0 796.0
744.0 770.0 796.0
744.0 770.0 796.0
744.0 770.0 796.0
744.0 770.0 796.0
744.0 770.0 796.0
744.0 770.0 796.0
744.0 770.0 796.0
744.0 770.0 796.0
744.0 770.0 796.0
744.0 770.0 796.0
744.0 770.0 796.0
744.0 770.0 796.0
744.0 770.0 796.0
744.0 770.0 796.0
744.0 770.0 796.0
744.0 770.0 796.0
744.0 770.0 796.0
744.0 770.0 796.0
744.0 770.0 796.0
744.0 770.0 796.0
744.0 770.0 796.0
744.0 770.0 796.0
744.0 770.0 796.0
744.0 770.0 796.0
744.0 770.0 796.0
744.0 770.0 796.0
744.0 770.0 796.0
744.0 770.0 796.0
744.0 770.0 796.0
744.0 770.0 796.0
744.0 770.0 796.0
744.0 770.0 796.0
744.0 770.0 796.0
744.0 770.0 796.0
744.0 770.0 796.0
744.0 770.0 796.0
744.0 770.0 796.0
744.0 770.0 796.0
744.0 770.0 796.0
744.0 770.0 796.0
744.0 770.0 796.0
744.0 770.0 796.0
744.0 770.0 796.0
744.0 770.0 796.0
744.0 770.0 796.0
744.0 770.0 796.0
744.0 770.0 796.0
744.0 770.0 796.0
744.0 770.0 796.0
744.0 770.0 796.0
744.0 770.0 796.0
744.0 770.0 796.0
744.0 770.0 796.0
744.0 770.0 796.0
744.0 770.0 796.0
