12849.0 13303.5 13758.0
9438.0 9865.0 10292.0
7794.0 8488.5 9183.0
5174.0 6641.0 8108.0
4290.0 4700.5 5111.0
3541.0 3879.0 4217.0
2527.0 3306.5 4086.0
1996.0 2555.5 3115.0
1996.0 2555.5 3115.0
1996.0 2345.0 2694.0
1872.0 1934.0 1996.0
1720.0 1801.5 1883.0
1720.0 1801.5 1883.0
1463.0 1498.0 1533.0
1133.0 1298.0 1463.0
1133.0 1163.5 1194.0
954.0 1074.0 1194.0
954.0 1074.0 1194.0
953.0 1073.5 1194.0
953.0 1073.5 1194.0
932.0 1063.0 1194.0
777.0 985.5 1194.0
777.0 985.5 1194.0
777.0 985.5 1194.0
777.0 985.5 1194.0
777.0 985.5 1194.0
777.0 1027.0 1277.0
777.0 1027.0 1277.0
777.0 1027.0 1277.0
777.0 1027.0 1277.0
777.0 1027.0 1277.0
777.0 1027.0 1277.0
777.0 1027.0 1277.0
777.0 1027.0 1277.0
777.0 1027.0 1277.0
777.0 1027.0 1277.0
777.0 1027.0 1277.0
777.0 1027.0 1277.0
777.0 1027.0 1277.0
777.0 1027.0 1277.0
777.0 1027.0 1277.0
777.0 1027.0 1277.0
777.0 1027.0 1277.0
777.0 1027.0 1277.0
777.0 1027.0 1277.0
777.0 1027.0 1277.0
777.0 1027.0 1277.0
777.0 1027.0 1277.0
777.0 1027.0 1277.0
777.0 1027.0 1277.0
777.0 1027.0 1277.0
777.0 1027.0 1277.0
777.0 1027.0 1277.0
777.0 1027.0 1277.0
777.0 1027.0 1277.0
777.0 1027.0 1277.0
777.0 1027.0 1277.0
777.0 1027.0 1277.0
777.0 1027.0 1277.0
777.0 1027.0 1277.0
777.0 1027.0 1277.0
777.0 1027.0 1277.0
777.0 1027.0 1277.0
777.0 1027.0 1277.0
777.0 1027.0 1277.0
777.0 1027.0 1277.0
777.0 1027.0 1277.0
777.0 1027.0 1277.0
777.0 1027.0 1277.0
777.0 1027.0 1277.0
777.0 1027.0 1277.0
777.0 1027.0 1277.0
777.0 1027.0 1277.0
777.0 1027.0 1277.0
777.0 1027.0 1277.0
777.0 1027.0 1277.0
777.0 913.5 1050.0
777.0 913.5 1050.0
777.0 913.5 1050.0
777.0 913.5 1050.0
777.0 913.5 1050.0
777.0 913.5 1050.0
777.0 913.5 1050.0
777.0 913.5 1050.0
777.0 913.5 1050.0
777.0 913.5 1050.0
777.0 913.5 1050.0
777.0 913.5 1050.0
777.0 913.5 1050.0
777.0 913.5 1050.0
777.0 913.5 1050.0
777.0 913.5 1050.0
777.0 913.5 1050.0
777.0 913.5 1050.0
777.0 913.5 1050.0
777.0 913.5 1050.0
777.0 913.5 1050.0
777.0 913.5 1050.0
777.0 913.5 1050.0
777.0 913.5 1050.0
777.0 913.5 1050.0
777.0 913.5 1050.0
777.0 913.5 1050.0
777.0 913.5 1050.0
777.0 913.5 1050.0
777.0 913.5 1050.0
777.0 913.5 1050.0
777.0 913.5 1050.0
777.0 913.5 1050.0
777.0 913.5 1050.0
777.0 913.5 1050.0
777.0 913.5 1050.0
777.0 913.5 1050.0
777.0 913.5 1050.0
777.0 913.5 1050.0
777.0 913.5 1050.0
777.0 913.5 1050.0
777.0 913.5 1050.0
777.0 913.5 1050.0
777.0 913.5 1050.0
777.0 913.5 1050.0
777.0 913.5 1050.0
777.0 913.5 1050.0
777.0 913.5 1050.0
777.0 913.5 1050.0
777.0 913.5 1050.0
777.0 913.5 1050.0
777.0 913.5 1050.0
777.0 913.5 1050.0
777.0 913.5 1050.0
777.0 913.5 1050.0
777.0 913.5 1050.0
777.0 913.5 1050.0
777.0 913.5 1050.0
777.0 913.5 1050.0
777.0 913.5 1050.0
777.0 913.5 1050.0
777.0 913.5 1050.0
777.0 913.5 1050.0
777.0 913.5 1050.0
777.0 913.5 1050.0
777.0 913.5 1050.0
777.0 913.5 1050.0
777.0 913.5 1050.0
777.0 913.5 1050.0
777.0 913.5 1050.0
777.0 913.5 1050.0
777.0 913.5 1050.0
777.0 913.5 1050.0
777.0 913.5 1050.0
777.0 913.5 1050.0
777.0 913.5 1050.0
777.0 913.5 1050.0
777.0 913.5 1050.0
777.0 913.5 1050.0
777.0 913.5 1050.0
777.0 913.5 1050.0
777.0 913.5 1050.0
777.0 913.5 1050.0
777.0 913.5 1050.0
777.0 913.5 1050.0
777.0 913.5 1050.0
777.0 913.5 1050.0
777.0 913.5 1050.0
777.0 913.5 1050.0
777.0 913.5 1050.0
777.0 913.5 1050.0
777.0 913.5 1050.0
777.0 913.5 1050.0
777.0 913.5 1050.0
777.0 913.5 1050.0
777.0 913.5 1050.0
777.0 913.5 1050.0
777.0 913.5 1050.0
777.0 913.5 1050.0
777.0 913.5 1050.0
777.0 913.5 1050.0
777.0 913.5 1050.0
777.0 913.5 1050.0
777.0 913.5 1050.0
777.0 913.5 1050.0
777.0 913.5 1050.0
777.0 913.5 1050.0
777.0 913.5 1050.0
777.0 913.5 1050.0
777.0 913.5 1050.0
777.0 913.5 1050.0
777.0 913.5 1050.0
777.0 913.5 1050.0
777.0 913.5 1050.0
777.0 913.5 1050.0
777.0 913.5 1050.0
777.0 913.5 1050.0
777.0 913.5 1050.0
777.0 913.5 1050.0
777.0 913.5 1050.0
777.0 913.5 1050.0
777.0 913.5 1050.0
777.0 913.5 1050.0
777.0 913.5 1050.0
