12820.0 14402.0 15984.0
12181.0 12864.0 13547.0
8999.0 9742.5 10486.0
6153.0 7511.5 8870.0
5502.0 6173.5 6845.0
4724.0 4909.5 5095.0
3277.0 3679.5 4082.0
3277.0 3296.5 3316.0
2696.0 3176.5 3657.0
2696.0 2925.0 3154.0
2696.0 2741.5 2787.0
2501.0 2590.0 2679.0
2679.0 2725.5 2772.0
1283.0 1766.0 2249.0
1283.0 1409.0 1535.0
1283.0 1352.0 1421.0
1005.0 1144.0 1283.0
1005.0 1144.0 1283.0
1005.0 1144.0 1283.0
1005.0 1144.0 1283.0
1005.0 1144.0 1283.0
1005.0 1144.0 1283.0
1005.0 1144.0 1283.0
1005.0 1144.0 1283.0
1005.0 1144.0 1283.0
1005.0 1144.0 1283.0
1005.0 1144.0 1283.0
1005.0 1144.0 1283.0
1005.0 1144.0 1283.0
1005.0 1144.0 1283.0
1005.0 1144.0 1283.0
1005.0 1144.0 1283.0
1005.0 1144.0 1283.0
1005.0 1144.0 1283.0
1005.0 1144.0 1283.0
1005.0 1144.0 1283.0
1005.0 1144.0 1283.0
1005.0 1144.0 1283.0
1005.0 1144.0 1283.0
1005.0 1144.0 1283.0
1005.0 1144.0 1283.0
1005.0 1144.0 1283.0
1005.0 1144.0 1283.0
1005.0 1144.0 1283.0
1005.0 1144.0 1283.0
1005.0 1144.0 1283.0
1005.0 1144.0 1283.0
1005.0 1144.0 1283.0
1005.0 1144.0 1283.0
1005.0 1144.0 1283.0
1005.0 1144.0 1283.0
1005.0 1144.0 1283.0
1005.0 1144.0 1283.0
1005.0 1144.0 1283.0
1005.0 1144.0 1283.0
1005.0 1144.0 1283.0
1005.0 1144.0 1283.0
1005.0 1144.0 1283.0
1005.0 1144.0 1283.0
1005.0 1144.0 1283.0
1005.0 1144.0 1283.0
1005.0 1144.0 1283.0
1005.0 1144.0 1283.0
1005.0 1144.0 1283.0
1005.0 1144.0 1283.0
1005.0 1144.0 1283.0
1005.0 1144.0 1283.0
1005.0 1144.0 1283.0
1005.0 1144.0 1283.0
1005.0 1144.0 1283.0
1005.0 1144.0 1283.0
1005.0 1144.0 1283.0
1005.0 1144.0 1283.0
1005.0 1144.0 1283.0
1005.0 1144.0 1283.0
1005.0 1144.0 1283.0
1005.0 1144.0 1283.0
1005.0 1144.0 1283.0
1005.0 1144.0 1283.0
1005.0 1144.0 1283.0
1005.0 1144.0 1283.0
1005.0 1144.0 1283.0
1005.0 1144.0 1283.0
1005.0 1144.0 1283.0
1005.0 1144.0 1283.0
1005.0 1144.0 1283.0
1005.0 1144.0 1283.0
1005.0 1144.0 1283.0
1005.0 1144.0 1283.0
1005.0 1144.0 1283.0
1005.0 1144.0 1283.0
1005.0 1144.0 1283.0
1005.0 1144.0 1283.0
1005.0 1144.0 1283.0
1005.0 1144.0 1283.0
1005.0 1144.0 1283.0
1005.0 1144.0 1283.0
1005.0 1144.0 1283.0
1005.0 1144.0 1283.0
1005.0 1144.0 1283.0
1005.0 1144.0 1283.0
1005.0 1144.0 1283.0
1005.0 1144.0 1283.0
1005.0 1144.0 1283.0
1005.0 1144.0 1283.0
1005.0 1144.0 1283.0
1005.0 1144.0 1283.0
1005.0 1144.0 1283.0
1005.0 1144.0 1283.0
1005.0 1144.0 1283.0
1005.0 1144.0 1283.0
1005.0 1144.0 1283.0
1005.0 1144.0 1283.0
1005.0 1144.0 1283.0
1005.0 1144.0 1283.0
1005.0 1144.0 1283.0
1005.0 1144.0 1283.0
1005.0 1144.0 1283.0
1005.0 1144.0 1283.0
1005.0 1144.0 1283.0
1005.0 1144.0 1283.0
1005.0 1144.0 1283.0
1005.0 1144.0 1283.0
1005.0 1144.0 1283.0
1005.0 1144.0 1283.0
1005.0 1144.0 1283.0
1005.0 1144.0 1283.0
1005.0 1144.0 1283.0
1005.0 1144.0 1283.0
1005.0 1144.0 1283.0
1005.0 1144.0 1283.0
1005.0 1144.0 1283.0
1005.0 1144.0 1283.0
1005.0 1144.0 1283.0
1005.0 1144.0 1283.0
1005.0 1144.0 1283.0
1005.0 1144.0 1283.0
1005.0 1144.0 1283.0
1005.0 1144.0 1283.0
1005.0 1144.0 1283.0
1005.0 1144.0 1283.0
1005.0 1144.0 1283.0
1005.0 1144.0 1283.0
1005.0 1144.0 1283.0
1005.0 1144.0 1283.0
1005.0 1144.0 1283.0
1005.0 1144.0 1283.0
1005.0 1144.0 1283.0
1005.0 1144.0 1283.0
1005.0 1144.0 1283.0
1005.0 1144.0 1283.0
1005.0 1144.0 1283.0
1005.0 1144.0 1283.0
1005.0 1144.0 1283.0
1005.0 1144.0 1283.0
1005.0 1144.0 1283.0
1005.0 1144.0 1283.0
1005.0 1144.0 1283.0
1005.0 1144.0 1283.0
1005.0 1144.0 1283.0
1005.0 1144.0 1283.0
1005.0 1144.0 1283.0
1005.0 1144.0 1283.0
1005.0 1144.0 1283.0
1005.0 1144.0 1283.0
1005.0 1144.0 1283.0
1005.0 1144.0 1283.0
1005.0 1144.0 1283.0
1005.0 1144.0 1283.0
1005.0 1144.0 1283.0
1005.0 1144.0 1283.0
1005.0 1144.0 1283.0
1005.0 1144.0 1283.0
1005.0 1144.0 1283.0
1005.0 1144.0 1283.0
1005.0 1144.0 1283.0
1005.0 1144.0 1283.0
1005.0 1144.0 1283.0
1005.0 1144.0 1283.0
1005.0 1144.0 1283.0
1005.0 1144.0 1283.0
1005.0 1144.0 1283.0
1005.0 1144.0 1283.0
1005.0 1144.0 1283.0
1005.0 1144.0 1283.0
1005.0 1144.0 1283.0
1005.0 1144.0 1283.0
1005.0 1144.0 1283.0
1005.0 1144.0 1283.0
1005.0 1144.0 1283.0
1005.0 1144.0 1283.0
1005.0 1144.0 1283.0
1005.0 1144.0 1283.0
1005.0 1144.0 1283.0
1005.0 1144.0 1283.0
1005.0 1144.0 1283.0
1005.0 1144.0 1283.0
1005.0 1144.0 1283.0
1005.0 1144.0 1283.0
1005.0 1144.0 1283.0
