12199.0 12473.0 12747.0
10616.0 10927.0 11238.0
10575.0 10885.5 11196.0
6645.0 7227.0 7809.0
7115.0 7462.0 7809.0
4600.0 4615.5 4631.0
4588.0 4594.0 4600.0
2196.0 2882.5 3569.0
2185.0 2836.5 3488.0
2185.0 2836.5 3488.0
2185.0 2836.5 3488.0
2172.0 2830.0 3488.0
1622.0 1785.5 1949.0
1622.0 2157.5 2693.0
1622.0 2152.5 2683.0
1622.0 2152.5 2683.0
1622.0 2152.5 2683.0
1622.0 2152.5 2683.0
1622.0 2152.5 2683.0
1622.0 2152.5 2683.0
1622.0 2152.5 2683.0
1622.0 2152.5 2683.0
1622.0 2216.0 2810.0
1622.0 1985.5 2349.0
1622.0 1985.0 2348.0
1622.0 1697.5 1773.0
1622.0 1895.0 2168.0
1586.0 1604.0 1622.0
1586.0 1604.0 1622.0
1586.0 1604.0 1622.0
1586.0 1604.0 1622.0
1586.0 1604.0 1622.0
1586.0 1604.0 1622.0
1586.0 1604.0 1622.0
1586.0 1604.0 1622.0
1586.0 1604.0 1622.0
1586.0 1604.0 1622.0
1586.0 1604.0 1622.0
1586.0 1604.0 1622.0
1586.0 1604.0 1622.0
1586.0 1604.0 1622.0
1586.0 1604.0 1622.0
1586.0 1604.0 1622.0
1586.0 1604.0 1622.0
1586.0 1604.0 1622.0
1586.0 1604.0 1622.0
1586.0 1604.0 1622.0
1586.0 1604.0 1622.0
1586.0 1604.0 1622.0
1586.0 1604.0 1622.0
1586.0 1604.0 1622.0
1586.0 1604.0 1622.0
1586.0 1604.0 1622.0
1586.0 1604.0 1622.0
1586.0 1604.0 1622.0
1586.0 1604.0 1622.0
1586.0 1604.0 1622.0
1586.0 1604.0 1622.0
1586.0 1604.0 1622.0
1586.0 1604.0 1622.0
1586.0 1604.0 1622.0
1586.0 1604.0 1622.0
1586.0 1604.0 1622.0
1294.0 1440.0 1586.0
1294.0 1440.0 1586.0
961.0 1273.5 1586.0
961.0 1273.5 1586.0
961.0 1273.5 1586.0
961.0 1273.5 1586.0
961.0 1099.5 1238.0
961.0 1099.5 1238.0
961.0 1099.5 1238.0
961.0 1099.5 1238.0
961.0 1099.5 1238.0
961.0 1099.5 1238.0
961.0 1099.5 1238.0
961.0 1099.5 1238.0
961.0 1099.5 1238.0
961.0 1099.5 1238.0
961.0 1099.5 1238.0
961.0 1099.5 1238.0
961.0 1099.5 1238.0
961.0 1099.5 1238.0
961.0 1099.5 1238.0
961.0 1099.5 1238.0
961.0 1099.5 1238.0
961.0 1099.5 1238.0
961.0 1099.5 1238.0
961.0 1099.5 1238.0
961.0 1099.5 1238.0
961.0 1099.5 1238.0
961.0 1099.5 1238.0
961.0 1099.5 1238.0
961.0 1099.5 1238.0
961.0 1099.5 1238.0
961.0 1099.5 1238.0
961.0 1099.5 1238.0
961.0 1099.5 1238.0
961.0 1099.5 1238.0
961.0 1099.5 1238.0
961.0 1099.5 1238.0
961.0 1099.5 1238.0
961.0 1099.5 1238.0
961.0 1099.5 1238.0
961.0 1099.5 1238.0
961.0 1099.5 1238.0
961.0 1099.5 1238.0
961.0 1099.5 1238.0
961.0 1099.5 1238.0
961.0 1099.5 1238.0
961.0 1099.5 1238.0
961.0 1099.5 1238.0
961.0 1099.5 1238.0
961.0 1099.5 1238.0
961.0 1099.5 1238.0
961.0 1099.5 1238.0
961.0 1099.5 1238.0
961.0 1099.5 1238.0
961.0 1099.5 1238.0
961.0 1099.5 1238.0
961.0 1099.5 1238.0
961.0 1099.5 1238.0
961.0 1099.5 1238.0
961.0 1099.5 1238.0
961.0 1099.5 1238.0
961.0 1099.5 1238.0
961.0 1099.5 1238.0
961.0 1099.5 1238.0
961.0 1099.5 1238.0
961.0 1099.5 1238.0
961.0 1099.5 1238.0
961.0 1099.5 1238.0
961.0 1099.5 1238.0
961.0 1099.5 1238.0
961.0 1099.5 1238.0
961.0 1099.5 1238.0
961.0 1099.5 1238.0
961.0 1099.5 1238.0
961.0 1099.5 1238.0
961.0 1099.5 1238.0
961.0 1099.5 1238.0
961.0 1099.5 1238.0
961.0 1099.5 1238.0
961.0 1099.5 1238.0
961.0 1099.5 1238.0
961.0 1099.5 1238.0
961.0 1099.5 1238.0
961.0 1099.5 1238.0
961.0 1099.5 1238.0
961.0 1099.5 1238.0
961.0 1099.5 1238.0
961.0 1099.5 1238.0
961.0 1099.5 1238.0
961.0 1099.5 1238.0
961.0 1099.5 1238.0
961.0 1099.5 1238.0
961.0 1099.5 1238.0
961.0 1099.5 1238.0
961.0 1099.5 1238.0
961.0 1099.5 1238.0
961.0 1099.5 1238.0
961.0 1099.5 1238.0
961.0 1099.5 1238.0
961.0 1099.5 1238.0
961.0 1099.5 1238.0
961.0 1099.5 1238.0
961.0 1099.5 1238.0
961.0 1099.5 1238.0
961.0 1099.5 1238.0
961.0 1099.5 1238.0
961.0 1099.5 1238.0
961.0 1099.5 1238.0
961.0 1099.5 1238.0
961.0 1099.5 1238.0
961.0 1099.5 1238.0
961.0 1099.5 1238.0
961.0 1099.5 1238.0
961.0 1099.5 1238.0
961.0 1099.5 1238.0
961.0 1099.5 1238.0
961.0 1099.5 1238.0
961.0 1099.5 1238.0
961.0 1099.5 1238.0
961.0 1099.5 1238.0
961.0 1099.5 1238.0
961.0 1099.5 1238.0
961.0 1099.5 1238.0
961.0 1099.5 1238.0
961.0 1099.5 1238.0
961.0 1099.5 1238.0
961.0 1099.5 1238.0
961.0 1099.5 1238.0
961.0 1099.5 1238.0
961.0 1099.5 1238.0
961.0 1099.5 1238.0
961.0 1099.5 1238.0
961.0 1099.5 1238.0
961.0 1099.5 1238.0
961.0 1099.5 1238.0
961.0 1099.5 1238.0
