11254.0 13632.0 16010.0
9067.0 11505.5 13944.0
7040.0 8633.0 10226.0
7040.0 8036.5 9033.0
4905.0 6604.0 8303.0
3766.0 4965.0 6164.0
2489.0 3958.0 5427.0
2489.0 3240.5 3992.0
3074.0 3533.0 3992.0
3074.0 3203.0 3332.0
1709.0 2830.5 3952.0
1668.0 2053.0 2438.0
1751.0 2094.5 2438.0
1529.0 1936.5 2344.0
1571.0 1957.5 2344.0
1571.0 1957.5 2344.0
1571.0 1745.0 1919.0
1571.0 1745.0 1919.0
1571.0 1745.0 1919.0
1571.0 1745.0 1919.0
1571.0 1745.0 1919.0
1571.0 1572.0 1573.0
1474.0 1522.5 1571.0
1474.0 1522.5 1571.0
1474.0 1522.5 1571.0
1474.0 1522.5 1571.0
1474.0 1522.5 1571.0
1474.0 1522.5 1571.0
1474.0 1522.5 1571.0
1474.0 1522.5 1571.0
1474.0 1522.5 1571.0
1474.0 1522.5 1571.0
1474.0 1522.5 1571.0
1474.0 1492.0 1510.0
1474.0 1492.0 1510.0
1474.0 1492.0 1510.0
1474.0 1492.0 1510.0
1474.0 1492.0 1510.0
1474.0 1492.0 1510.0
1474.0 1492.0 1510.0
1474.0 1492.0 1510.0
1384.0 1429.0 1474.0
1384.0 1429.0 1474.0
1384.0 1429.0 1474.0
1384.0 1429.0 1474.0
1295.0 1384.5 1474.0
1214.0 1344.0 1474.0
1214.0 1344.0 1474.0
1214.0 1344.0 1474.0
1214.0 1344.0 1474.0
1214.0 1344.0 1474.0
1214.0 1344.0 1474.0
1214.0 1344.0 1474.0
1214.0 1344.0 1474.0
1214.0 1344.0 1474.0
1214.0 1344.0 1474.0
1214.0 1344.0 1474.0
1214.0 1344.0 1474.0
1214.0 1344.0 1474.0
1214.0 1344.0 1474.0
1214.0 1344.0 1474.0
1214.0 1344.0 1474.0
1214.0 1344.0 1474.0
1214.0 1344.0 1474.0
1214.0 1344.0 1474.0
1214.0 1344.0 1474.0
1214.0 1344.0 1474.0
1214.0 1344.0 1474.0
1214.0 1344.0 1474.0
1214.0 1344.0 1474.0
1214.0 1344.0 1474.0
1214.0 1344.0 1474.0
1147.0 1310.5 1474.0
1147.0 1310.5 1474.0
1147.0 1310.5 1474.0
1147.0 1310.5 1474.0
1147.0 1310.5 1474.0
1147.0 1310.5 1474.0
1147.0 1310.5 1474.0
1147.0 1310.5 1474.0
1147.0 1310.5 1474.0
1147.0 1310.5 1474.0
1147.0 1310.5 1474.0
1147.0 1310.5 1474.0
1147.0 1310.5 1474.0
1147.0 1310.5 1474.0
1147.0 1310.5 1474.0
1147.0 1310.5 1474.0
1147.0 1310.5 1474.0
1147.0 1310.5 1474.0
1147.0 1310.5 1474.0
1147.0 1310.5 1474.0
1147.0 1310.5 1474.0
1147.0 1310.5 1474.0
1147.0 1310.5 1474.0
1147.0 1310.5 1474.0
1147.0 1310.5 1474.0
1147.0 1310.5 1474.0
1147.0 1310.5 1474.0
1147.0 1310.5 1474.0
1147.0 1310.5 1474.0
1147.0 1310.5 1474.0
1147.0 1310.5 1474.0
1147.0 1310.5 1474.0
1147.0 1310.5 1474.0
1147.0 1310.5 1474.0
1147.0 1310.5 1474.0
1147.0 1310.5 1474.0
1147.0 1310.5 1474.0
1147.0 1310.5 1474.0
1147.0 1310.5 1474.0
1147.0 1310.5 1474.0
1147.0 1310.5 1474.0
1147.0 1310.5 1474.0
1147.0 1310.5 1474.0
1147.0 1310.5 1474.0
1147.0 1310.5 1474.0
1147.0 1310.5 1474.0
1147.0 1310.5 1474.0
1147.0 1310.5 1474.0
1147.0 1310.5 1474.0
1147.0 1310.5 1474.0
1147.0 1310.5 1474.0
1147.0 1310.5 1474.0
1147.0 1310.5 1474.0
1147.0 1310.5 1474.0
1147.0 1310.5 1474.0
1147.0 1310.5 1474.0
1147.0 1310.5 1474.0
1147.0 1310.5 1474.0
1147.0 1310.5 1474.0
1147.0 1310.5 1474.0
1147.0 1310.5 1474.0
1147.0 1310.5 1474.0
1147.0 1310.5 1474.0
1147.0 1310.5 1474.0
1147.0 1310.5 1474.0
1147.0 1310.5 1474.0
1147.0 1310.5 1474.0
1147.0 1310.5 1474.0
1147.0 1310.5 1474.0
1147.0 1310.5 1474.0
1147.0 1310.5 1474.0
1147.0 1310.5 1474.0
1147.0 1310.5 1474.0
1147.0 1310.5 1474.0
1147.0 1310.5 1474.0
1147.0 1310.5 1474.0
1147.0 1154.0 1161.0
1147.0 1154.0 1161.0
1147.0 1154.0 1161.0
1147.0 1154.0 1161.0
1147.0 1154.0 1161.0
1147.0 1154.0 1161.0
1147.0 1154.0 1161.0
1147.0 1154.0 1161.0
1147.0 1154.0 1161.0
1147.0 1154.0 1161.0
1147.0 1154.0 1161.0
1147.0 1154.0 1161.0
1147.0 1154.0 1161.0
1147.0 1154.0 1161.0
1147.0 1154.0 1161.0
1147.0 1154.0 1161.0
1147.0 1154.0 1161.0
1147.0 1154.0 1161.0
1147.0 1154.0 1161.0
1147.0 1154.0 1161.0
1147.0 1154.0 1161.0
1147.0 1154.0 1161.0
1147.0 1154.0 1161.0
1147.0 1154.0 1161.0
1147.0 1154.0 1161.0
1147.0 1154.0 1161.0
1147.0 1154.0 1161.0
1147.0 1154.0 1161.0
1147.0 1154.0 1161.0
1147.0 1154.0 1161.0
1147.0 1154.0 1161.0
1147.0 1154.0 1161.0
1147.0 1154.0 1161.0
1147.0 1154.0 1161.0
1147.0 1154.0 1161.0
1147.0 1154.0 1161.0
1147.0 1154.0 1161.0
1147.0 1154.0 1161.0
1147.0 1154.0 1161.0
1147.0 1154.0 1161.0
1147.0 1154.0 1161.0
1147.0 1154.0 1161.0
1147.0 1154.0 1161.0
1147.0 1154.0 1161.0
1147.0 1154.0 1161.0
1147.0 1154.0 1161.0
1147.0 1154.0 1161.0
1147.0 1154.0 1161.0
1147.0 1154.0 1161.0
1147.0 1154.0 1161.0
1147.0 1154.0 1161.0
1147.0 1154.0 1161.0
