13085.0 13490.0 13895.0
11387.0 11721.0 12055.0
8435.0 8658.0 8881.0
8276.0 8355.5 8435.0
5593.0 6329.5 7066.0
3405.0 4389.5 5374.0
3405.0 4389.5 5374.0
3438.0 4074.0 4710.0
3047.0 3482.0 3917.0
2800.0 2834.5 2869.0
2175.0 2506.5 2838.0
1937.0 1942.0 1947.0
1947.0 2064.0 2181.0
1947.0 2064.0 2181.0
1947.0 2064.0 2181.0
1947.0 2064.0 2181.0
1947.0 2064.0 2181.0
1947.0 2064.0 2181.0
1947.0 2064.0 2181.0
1947.0 2064.0 2181.0
1947.0 2064.0 2181.0
1947.0 2064.0 2181.0
1947.0 1964.0 1981.0
1349.0 1648.0 1947.0
1349.0 1648.0 1947.0
1349.0 1648.0 1947.0
1349.0 1648.0 1947.0
1349.0 1648.0 1947.0
1349.0 1648.0 1947.0
1349.0 1648.0 1947.0
1349.0 1648.0 1947.0
1349.0 1648.0 1947.0
1349.0 1648.0 1947.0
1349.0 1648.0 1947.0
1349.0 1648.0 1947.0
1349.0 1648.0 1947.0
1349.0 1648.0 1947.0
1349.0 1648.0 1947.0
1349.0 1648.0 1947.0
1349.0 1648.0 1947.0
1349.0 1648.0 1947.0
1349.0 1648.0 1947.0
1349.0 1648.0 1947.0
1349.0 1648.0 1947.0
1349.0 1648.0 1947.0
1349.0 1648.0 1947.0
1349.0 1648.0 1947.0
1349.0 1648.0 1947.0
1349.0 1648.0 1947.0
1349.0 1648.0 1947.0
1349.0 1648.0 1947.0
1349.0 1648.0 1947.0
1349.0 1648.0 1947.0
1349.0 1648.0 1947.0
1349.0 1648.0 1947.0
1349.0 1648.0 1947.0
1349.0 1648.0 1947.0
1349.0 1648.0 1947.0
1349.0 1409.0 1469.0
1349.0 1409.0 1469.0
1349.0 1409.0 1469.0
1349.0 1409.0 1469.0
1349.0 1409.0 1469.0
1349.0 1409.0 1469.0
1349.0 1409.0 1469.0
1349.0 1409.0 1469.0
1349.0 1409.0 1469.0
1349.0 1409.0 1469.0
1349.0 1409.0 1469.0
1349.0 1409.0 1469.0
1349.0 1409.0 1469.0
1349.0 1409.0 1469.0
1349.0 1409.0 1469.0
1349.0 1409.0 1469.0
1349.0 1409.0 1469.0
1349.0 1409.0 1469.0
1349.0 1409.0 1469.0
1349.0 1409.0 1469.0
1349.0 1409.0 1469.0
1349.0 1409.0 1469.0
1349.0 1409.0 1469.0
1349.0 1409.0 1469.0
1349.0 1409.0 1469.0
1349.0 1409.0 1469.0
1349.0 1409.0 1469.0
1349.0 1409.0 1469.0
1349.0 1409.0 1469.0
1349.0 1409.0 1469.0
1349.0 1409.0 1469.0
1349.0 1409.0 1469.0
1349.0 1409.0 1469.0
1349.0 1409.0 1469.0
1349.0 1409.0 1469.0
1349.0 1409.0 1469.0
1349.0 1409.0 1469.0
1349.0 1409.0 1469.0
1349.0 1409.0 1469.0
1349.0 1409.0 1469.0
1349.0 1409.0 1469.0
1349.0 1409.0 1469.0
1349.0 1409.0 1469.0
1349.0 1409.0 1469.0
1349.0 1409.0 1469.0
1349.0 1409.0 1469.0
1349.0 1409.0 1469.0
1349.0 1409.0 1469.0
1349.0 1409.0 1469.0
1349.0 1409.0 1469.0
1349.0 1409.0 1469.0
1349.0 1409.0 1469.0
1349.0 1409.0 1469.0
1349.0 1409.0 1469.0
1349.0 1409.0 1469.0
1349.0 1409.0 1469.0
1349.0 1409.0 1469.0
1349.0 1409.0 1469.0
1349.0 1409.0 1469.0
1349.0 1409.0 1469.0
1349.0 1409.0 1469.0
1349.0 1409.0 1469.0
1349.0 1409.0 1469.0
1349.0 1409.0 1469.0
1349.0 1409.0 1469.0
1349.0 1409.0 1469.0
1349.0 1409.0 1469.0
1349.0 1409.0 1469.0
1349.0 1409.0 1469.0
1349.0 1409.0 1469.0
1349.0 1409.0 1469.0
1349.0 1409.0 1469.0
1349.0 1409.0 1469.0
1349.0 1409.0 1469.0
1349.0 1409.0 1469.0
1349.0 1409.0 1469.0
1349.0 1409.0 1469.0
1349.0 1409.0 1469.0
1349.0 1409.0 1469.0
1349.0 1409.0 1469.0
1349.0 1409.0 1469.0
1349.0 1409.0 1469.0
1349.0 1409.0 1469.0
1349.0 1409.0 1469.0
1349.0 1409.0 1469.0
1349.0 1409.0 1469.0
1349.0 1409.0 1469.0
1349.0 1409.0 1469.0
1349.0 1409.0 1469.0
1349.0 1409.0 1469.0
1349.0 1409.0 1469.0
1349.0 1409.0 1469.0
1349.0 1409.0 1469.0
1349.0 1409.0 1469.0
1349.0 1409.0 1469.0
1349.0 1409.0 1469.0
1349.0 1409.0 1469.0
1349.0 1409.0 1469.0
1349.0 1409.0 1469.0
1349.0 1409.0 1469.0
1349.0 1409.0 1469.0
1349.0 1409.0 1469.0
1349.0 1368.5 1388.0
1349.0 1368.5 1388.0
1349.0 1368.5 1388.0
1349.0 1368.5 1388.0
1349.0 1368.5 1388.0
1349.0 1368.5 1388.0
1349.0 1368.5 1388.0
1349.0 1368.5 1388.0
1349.0 1368.5 1388.0
1349.0 1368.5 1388.0
1349.0 1368.5 1388.0
1349.0 1368.5 1388.0
1349.0 1368.5 1388.0
1349.0 1368.5 1388.0
1349.0 1368.5 1388.0
1349.0 1368.5 1388.0
1349.0 1368.5 1388.0
1349.0 1368.5 1388.0
1349.0 1368.5 1388.0
1349.0 1368.5 1388.0
1349.0 1368.5 1388.0
1349.0 1368.5 1388.0
970.0 1159.5 1349.0
1149.0 1249.0 1349.0
1104.0 1226.5 1349.0
760.0 1054.5 1349.0
760.0 1054.5 1349.0
760.0 1054.5 1349.0
760.0 1054.5 1349.0
760.0 1054.5 1349.0
760.0 1054.5 1349.0
760.0 1054.5 1349.0
760.0 1054.5 1349.0
760.0 1054.5 1349.0
760.0 1054.5 1349.0
760.0 1054.5 1349.0
760.0 1054.5 1349.0
760.0 1054.5 1349.0
760.0 1054.5 1349.0
760.0 1054.5 1349.0
