12128.0 13126.0 14124.0
10227.0 11080.0 11933.0
7359.0 10765.5 14172.0
7359.0 8739.5 10120.0
7222.0 8493.5 9765.0
6334.0 6726.5 7119.0
5321.0 5562.5 5804.0
4601.0 4862.0 5123.0
4601.0 4939.5 5278.0
3450.0 3935.0 4420.0
3013.0 3133.0 3253.0
3013.0 3133.0 3253.0
3013.0 3036.5 3060.0
2535.0 2774.0 3013.0
2535.0 2774.0 3013.0
2535.0 2774.0 3013.0
2535.0 2774.0 3013.0
2171.0 2592.0 3013.0
2171.0 2592.0 3013.0
2171.0 2592.0 3013.0
2171.0 2592.0 3013.0
2033.0 2102.0 2171.0
2033.0 2102.0 2171.0
2033.0 2102.0 2171.0
2033.0 2102.0 2171.0
2033.0 2102.0 2171.0
2033.0 2102.0 2171.0
2033.0 2102.0 2171.0
2033.0 2102.0 2171.0
2033.0 2102.0 2171.0
2033.0 2102.0 2171.0
2033.0 2102.0 2171.0
2033.0 2102.0 2171.0
2033.0 2102.0 2171.0
2033.0 2102.0 2171.0
2033.0 2102.0 2171.0
2033.0 2102.0 2171.0
2033.0 2102.0 2171.0
2033.0 2102.0 2171.0
2033.0 2102.0 2171.0
2033.0 2102.0 2171.0
2033.0 2102.0 2171.0
2033.0 2102.0 2171.0
2033.0 2102.0 2171.0
2033.0 2102.0 2171.0
2033.0 2102.0 2171.0
2033.0 2102.0 2171.0
2033.0 2102.0 2171.0
2033.0 2102.0 2171.0
2033.0 2102.0 2171.0
2033.0 2102.0 2171.0
2033.0 2102.0 2171.0
2033.0 2102.0 2171.0
2033.0 2102.0 2171.0
2033.0 2102.0 2171.0
2033.0 2102.0 2171.0
2033.0 2102.0 2171.0
2033.0 2102.0 2171.0
2033.0 2102.0 2171.0
2033.0 2102.0 2171.0
2033.0 2102.0 2171.0
2033.0 2102.0 2171.0
2033.0 2102.0 2171.0
2033.0 2102.0 2171.0
2033.0 2102.0 2171.0
2033.0 2102.0 2171.0
2033.0 2102.0 2171.0
2033.0 2102.0 2171.0
2033.0 2102.0 2171.0
2033.0 2102.0 2171.0
2033.0 2102.0 2171.0
2033.0 2102.0 2171.0
2033.0 2102.0 2171.0
2033.0 2102.0 2171.0
2033.0 2102.0 2171.0
2033.0 2102.0 2171.0
2033.0 2102.0 2171.0
2033.0 2102.0 2171.0
2033.0 2102.0 2171.0
2033.0 2102.0 2171.0
2033.0 2102.0 2171.0
2033.0 2102.0 2171.0
2033.0 2102.0 2171.0
2033.0 2102.0 2171.0
2033.0 2102.0 2171.0
2033.0 2102.0 2171.0
2033.0 2102.0 2171.0
2033.0 2102.0 2171.0
2033.0 2102.0 2171.0
2033.0 2102.0 2171.0
2033.0 2102.0 2171.0
2033.0 2102.0 2171.0
2033.0 2102.0 2171.0
2033.0 2102.0 2171.0
2033.0 2102.0 2171.0
2033.0 2102.0 2171.0
2033.0 2102.0 2171.0
2033.0 2102.0 2171.0
2033.0 2102.0 2171.0
2033.0 2102.0 2171.0
2033.0 2102.0 2171.0
2033.0 2102.0 2171.0
2033.0 2102.0 2171.0
2033.0 2102.0 2171.0
2033.0 2102.0 2171.0
2033.0 2102.0 2171.0
2033.0 2102.0 2171.0
2033.0 2102.0 2171.0
2033.0 2102.0 2171.0
2033.0 2102.0 2171.0
2033.0 2102.0 2171.0
2033.0 2102.0 2171.0
2033.0 2102.0 2171.0
2033.0 2102.0 2171.0
2033.0 2102.0 2171.0
2033.0 2102.0 2171.0
2033.0 2102.0 2171.0
2033.0 2102.0 2171.0
2033.0 2102.0 2171.0
2033.0 2102.0 2171.0
2033.0 2102.0 2171.0
2033.0 2102.0 2171.0
2033.0 2102.0 2171.0
2033.0 2102.0 2171.0
2033.0 2102.0 2171.0
1777.0 1905.0 2033.0
1472.0 1752.5 2033.0
1472.0 1752.5 2033.0
1472.0 1752.5 2033.0
1472.0 1752.5 2033.0
1472.0 1752.5 2033.0
1472.0 1752.5 2033.0
1472.0 1752.5 2033.0
1472.0 1752.5 2033.0
1472.0 1752.5 2033.0
1472.0 1752.5 2033.0
1472.0 1752.5 2033.0
1472.0 1752.5 2033.0
1472.0 1752.5 2033.0
1472.0 1752.5 2033.0
1472.0 1752.5 2033.0
1472.0 1752.5 2033.0
1472.0 1752.5 2033.0
1472.0 1752.5 2033.0
1472.0 1752.5 2033.0
1472.0 1752.5 2033.0
1472.0 1752.5 2033.0
1472.0 1752.5 2033.0
1472.0 1752.5 2033.0
1472.0 1752.5 2033.0
1472.0 1752.5 2033.0
1472.0 1752.5 2033.0
1472.0 1752.5 2033.0
1472.0 1752.5 2033.0
1472.0 1752.5 2033.0
1472.0 1752.5 2033.0
1472.0 1752.5 2033.0
1472.0 1752.5 2033.0
1472.0 1752.5 2033.0
1472.0 1752.5 2033.0
1472.0 1752.5 2033.0
1472.0 1752.5 2033.0
1472.0 1752.5 2033.0
1472.0 1752.5 2033.0
1472.0 1752.5 2033.0
1472.0 1752.5 2033.0
1472.0 1752.5 2033.0
1472.0 1752.5 2033.0
1472.0 1752.5 2033.0
1472.0 1752.5 2033.0
1472.0 1752.5 2033.0
1472.0 1752.5 2033.0
1472.0 1752.5 2033.0
1472.0 1752.5 2033.0
1472.0 1752.5 2033.0
1472.0 1752.5 2033.0
1472.0 1752.5 2033.0
1472.0 1752.5 2033.0
1472.0 1752.5 2033.0
1472.0 1752.5 2033.0
1472.0 1752.5 2033.0
1472.0 1752.5 2033.0
1472.0 1752.5 2033.0
1472.0 1752.5 2033.0
1472.0 1752.5 2033.0
1472.0 1752.5 2033.0
1472.0 1752.5 2033.0
1472.0 1752.5 2033.0
1472.0 1752.5 2033.0
1472.0 1752.5 2033.0
1472.0 1752.5 2033.0
1472.0 1752.5 2033.0
1472.0 1752.5 2033.0
1472.0 1752.5 2033.0
1472.0 1752.5 2033.0
1472.0 1752.5 2033.0
1472.0 1752.5 2033.0
1472.0 1752.5 2033.0
1472.0 1752.5 2033.0
1472.0 1752.5 2033.0
