12162.0 12613.0 13064.0
8942.0 9452.5 9963.0
6089.0 6285.0 6481.0
5888.0 6396.0 6904.0
3883.0 4559.5 5236.0
3470.0 3587.0 3704.0
3105.0 3226.0 3347.0
2385.0 2566.5 2748.0
2230.0 2532.5 2835.0
1604.0 2086.5 2569.0
1481.0 1542.5 1604.0
1481.0 1692.0 1903.0
1460.0 1681.5 1903.0
1136.0 1386.0 1636.0
1040.0 1077.5 1115.0
1040.0 1077.5 1115.0
1040.0 1077.5 1115.0
1040.0 1077.5 1115.0
1040.0 1077.5 1115.0
1040.0 1077.5 1115.0
1040.0 1077.5 1115.0
1040.0 1077.5 1115.0
1040.0 1077.5 1115.0
1040.0 1077.5 1115.0
1040.0 1077.5 1115.0
1040.0 1077.5 1115.0
1040.0 1077.5 1115.0
1040.0 1077.5 1115.0
1040.0 1077.5 1115.0
1040.0 1077.5 1115.0
1040.0 1077.5 1115.0
1040.0 1077.5 1115.0
1040.0 1077.5 1115.0
1040.0 1077.5 1115.0
1040.0 1077.5 1115.0
1040.0 1077.5 1115.0
1040.0 1077.5 1115.0
1040.0 1077.5 1115.0
1040.0 1077.5 1115.0
1040.0 1077.5 1115.0
1040.0 1077.5 1115.0
1040.0 1077.5 1115.0
1040.0 1077.5 1115.0
1015.0 1065.0 1115.0
1015.0 1065.0 1115.0
1069.0 1092.0 1115.0
1069.0 1092.0 1115.0
1069.0 1092.0 1115.0
1069.0 1092.0 1115.0
1069.0 1092.0 1115.0
1069.0 1092.0 1115.0
1069.0 1092.0 1115.0
1069.0 1092.0 1115.0
1069.0 1092.0 1115.0
1069.0 1092.0 1115.0
1069.0 1092.0 1115.0
1069.0 1092.0 1115.0
1069.0 1092.0 1115.0
1069.0 1092.0 1115.0
1069.0 1092.0 1115.0
1069.0 1092.0 1115.0
1069.0 1092.0 1115.0
1069.0 1092.0 1115.0
1069.0 1092.0 1115.0
1069.0 1092.0 1115.0
1069.0 1092.0 1115.0
1069.0 1092.0 1115.0
1069.0 1092.0 1115.0
1069.0 1092.0 1115.0
1069.0 1092.0 1115.0
1069.0 1092.0 1115.0
1069.0 1092.0 1115.0
1069.0 1092.0 1115.0
1069.0 1092.0 1115.0
1069.0 1092.0 1115.0
1069.0 1092.0 1115.0
1069.0 1092.0 1115.0
1069.0 1092.0 1115.0
1069.0 1092.0 1115.0
1069.0 1092.0 1115.0
1069.0 1092.0 1115.0
1069.0 1092.0 1115.0
1069.0 1092.0 1115.0
1069.0 1092.0 1115.0
1069.0 1092.0 1115.0
1069.0 1092.0 1115.0
1069.0 1092.0 1115.0
1028.0 1048.5 1069.0
1028.0 1048.5 1069.0
1028.0 1048.5 1069.0
1028.0 1048.5 1069.0
1028.0 1048.5 1069.0
1028.0 1048.5 1069.0
1028.0 1048.5 1069.0
1028.0 1048.5 1069.0
1028.0 1048.5 1069.0
1028.0 1048.5 1069.0
1028.0 1048.5 1069.0
1028.0 1048.5 1069.0
1028.0 1048.5 1069.0
1028.0 1048.5 1069.0
1028.0 1048.5 1069.0
1028.0 1048.5 1069.0
1028.0 1048.5 1069.0
1028.0 1048.5 1069.0
1028.0 1048.5 1069.0
1028.0 1048.5 1069.0
1028.0 1048.5 1069.0
1028.0 1048.5 1069.0
1028.0 1048.5 1069.0
1028.0 1048.5 1069.0
1028.0 1048.5 1069.0
1028.0 1048.5 1069.0
1028.0 1048.5 1069.0
1028.0 1048.5 1069.0
1028.0 1048.5 1069.0
1028.0 1048.5 1069.0
1028.0 1048.5 1069.0
1028.0 1048.5 1069.0
1028.0 1048.5 1069.0
1028.0 1048.5 1069.0
1028.0 1048.5 1069.0
1028.0 1048.5 1069.0
1028.0 1048.5 1069.0
1028.0 1048.5 1069.0
1028.0 1048.5 1069.0
1028.0 1048.5 1069.0
1028.0 1048.5 1069.0
1028.0 1048.5 1069.0
1028.0 1048.5 1069.0
1028.0 1048.5 1069.0
1028.0 1048.5 1069.0
1028.0 1048.5 1069.0
1028.0 1048.5 1069.0
1028.0 1048.5 1069.0
1028.0 1048.5 1069.0
1028.0 1048.5 1069.0
1028.0 1048.5 1069.0
1028.0 1048.5 1069.0
1028.0 1048.5 1069.0
1028.0 1048.5 1069.0
1028.0 1048.5 1069.0
1028.0 1048.5 1069.0
1028.0 1048.5 1069.0
1028.0 1048.5 1069.0
1028.0 1048.5 1069.0
1028.0 1048.5 1069.0
1028.0 1048.5 1069.0
1028.0 1048.5 1069.0
1028.0 1048.5 1069.0
1028.0 1048.5 1069.0
1028.0 1048.5 1069.0
1028.0 1048.5 1069.0
1028.0 1048.5 1069.0
1028.0 1048.5 1069.0
1028.0 1048.5 1069.0
1028.0 1048.5 1069.0
1028.0 1048.5 1069.0
1028.0 1048.5 1069.0
1028.0 1048.5 1069.0
1028.0 1048.5 1069.0
1028.0 1048.5 1069.0
1028.0 1048.5 1069.0
1028.0 1048.5 1069.0
1028.0 1048.5 1069.0
1028.0 1048.5 1069.0
1028.0 1048.5 1069.0
1028.0 1048.5 1069.0
1028.0 1048.5 1069.0
1028.0 1048.5 1069.0
1028.0 1048.5 1069.0
1028.0 1048.5 1069.0
1028.0 1048.5 1069.0
1028.0 1048.5 1069.0
1028.0 1048.5 1069.0
1028.0 1048.5 1069.0
1028.0 1048.5 1069.0
1028.0 1048.5 1069.0
1028.0 1048.5 1069.0
1028.0 1048.5 1069.0
1028.0 1048.5 1069.0
1028.0 1048.5 1069.0
1028.0 1048.5 1069.0
1028.0 1048.5 1069.0
1028.0 1048.5 1069.0
1028.0 1048.5 1069.0
1028.0 1048.5 1069.0
1028.0 1048.5 1069.0
1028.0 1048.5 1069.0
1028.0 1048.5 1069.0
1028.0 1048.5 1069.0
1028.0 1048.5 1069.0
1028.0 1048.5 1069.0
1028.0 1048.5 1069.0
1028.0 1048.5 1069.0
1028.0 1048.5 1069.0
1028.0 1048.5 1069.0
1028.0 1048.5 1069.0
1028.0 1048.5 1069.0
1028.0 1048.5 1069.0
