16328.0 17425.5 18523.0
12554.0 15039.0 17524.0
10027.0 11759.0 13491.0
8149.0 9758.0 11367.0
6171.0 8143.0 10115.0
5213.0 6176.0 7139.0
3961.0 5763.0 7565.0
3961.0 4104.0 4247.0
3675.0 3961.0 4247.0
3675.0 3983.5 4292.0
3086.0 3372.5 3659.0
2224.0 2709.5 3195.0
2224.0 3011.5 3799.0
2224.0 2590.0 2956.0
2224.0 2666.0 3108.0
2224.0 2666.0 3108.0
2224.0 2666.0 3108.0
2224.0 2231.0 2238.0
2224.0 2321.5 2419.0
1731.0 1977.5 2224.0
1731.0 1977.5 2224.0
1731.0 1977.5 2224.0
1731.0 1977.5 2224.0
1731.0 1977.5 2224.0
1731.0 1994.5 2258.0
1568.0 1649.5 1731.0
1568.0 1649.5 1731.0
1568.0 1649.5 1731.0
1568.0 1649.5 1731.0
1568.0 1649.5 1731.0
1568.0 1649.5 1731.0
1568.0 1649.5 1731.0
1568.0 1649.5 1731.0
1568.0 1649.5 1731.0
1568.0 1649.5 1731.0
1568.0 1649.5 1731.0
1568.0 1649.5 1731.0
1568.0 1649.5 1731.0
1568.0 1649.5 1731.0
1568.0 1649.5 1731.0
1568.0 1649.5 1731.0
1158.0 1444.5 1731.0
1158.0 1444.5 1731.0
1158.0 1444.5 1731.0
1158.0 1444.5 1731.0
1158.0 1444.5 1731.0
1158.0 1444.5 1731.0
1158.0 1444.5 1731.0
1158.0 1444.5 1731.0
1158.0 1444.5 1731.0
1158.0 1444.5 1731.0
1158.0 1444.5 1731.0
1158.0 1444.5 1731.0
1158.0 1444.5 1731.0
1158.0 1444.5 1731.0
1158.0 1444.5 1731.0
1158.0 1444.5 1731.0
1158.0 1444.5 1731.0
1158.0 1444.5 1731.0
1158.0 1444.5 1731.0
1158.0 1444.5 1731.0
1158.0 1444.5 1731.0
1158.0 1444.5 1731.0
1158.0 1444.5 1731.0
1158.0 1444.5 1731.0
1158.0 1444.5 1731.0
1158.0 1444.5 1731.0
1158.0 1444.5 1731.0
1158.0 1444.5 1731.0
1158.0 1444.5 1731.0
1158.0 1444.5 1731.0
1158.0 1444.5 1731.0
1158.0 1444.5 1731.0
1158.0 1444.5 1731.0
1158.0 1444.5 1731.0
1158.0 1444.5 1731.0
1158.0 1444.5 1731.0
1158.0 1444.5 1731.0
1158.0 1444.5 1731.0
1158.0 1444.5 1731.0
1158.0 1444.5 1731.0
1158.0 1444.5 1731.0
1158.0 1444.5 1731.0
1158.0 1444.5 1731.0
1158.0 1444.5 1731.0
1158.0 1444.5 1731.0
1158.0 1444.5 1731.0
1158.0 1444.5 1731.0
1158.0 1444.5 1731.0
1158.0 1444.5 1731.0
1158.0 1444.5 1731.0
1158.0 1444.5 1731.0
1158.0 1444.5 1731.0
1158.0 1444.5 1731.0
1158.0 1444.5 1731.0
1158.0 1444.5 1731.0
1158.0 1444.5 1731.0
1158.0 1444.5 1731.0
1158.0 1444.5 1731.0
1158.0 1444.5 1731.0
1158.0 1444.5 1731.0
1158.0 1444.5 1731.0
1158.0 1444.5 1731.0
1158.0 1444.5 1731.0
1158.0 1444.5 1731.0
1158.0 1444.5 1731.0
1158.0 1444.5 1731.0
1158.0 1444.5 1731.0
1158.0 1444.5 1731.0
1158.0 1444.5 1731.0
1158.0 1444.5 1731.0
1158.0 1444.5 1731.0
1158.0 1444.5 1731.0
1158.0 1444.5 1731.0
1158.0 1444.5 1731.0
1158.0 1444.5 1731.0
1158.0 1444.5 1731.0
1158.0 1444.5 1731.0
1158.0 1444.5 1731.0
1158.0 1444.5 1731.0
1158.0 1444.5 1731.0
1158.0 1444.5 1731.0
1158.0 1444.5 1731.0
1158.0 1444.5 1731.0
1158.0 1444.5 1731.0
1158.0 1444.5 1731.0
1158.0 1444.5 1731.0
1158.0 1444.5 1731.0
1158.0 1444.5 1731.0
1158.0 1444.5 1731.0
1158.0 1444.5 1731.0
1158.0 1444.5 1731.0
1158.0 1444.5 1731.0
1158.0 1444.5 1731.0
1158.0 1444.5 1731.0
1158.0 1444.5 1731.0
1158.0 1444.5 1731.0
1158.0 1444.5 1731.0
1158.0 1444.5 1731.0
1158.0 1444.5 1731.0
1158.0 1444.5 1731.0
1158.0 1444.5 1731.0
1158.0 1444.5 1731.0
1158.0 1444.5 1731.0
1158.0 1444.5 1731.0
1158.0 1444.5 1731.0
1158.0 1444.5 1731.0
1158.0 1444.5 1731.0
1158.0 1444.5 1731.0
1158.0 1444.5 1731.0
1158.0 1444.5 1731.0
1158.0 1444.5 1731.0
1158.0 1444.5 1731.0
1158.0 1444.5 1731.0
1158.0 1444.5 1731.0
1158.0 1444.5 1731.0
1158.0 1444.5 1731.0
1158.0 1444.5 1731.0
1158.0 1444.5 1731.0
1158.0 1444.5 1731.0
1158.0 1444.5 1731.0
1158.0 1444.5 1731.0
1158.0 1444.5 1731.0
1158.0 1444.5 1731.0
1158.0 1444.5 1731.0
1158.0 1444.5 1731.0
1158.0 1444.5 1731.0
1158.0 1444.5 1731.0
1158.0 1444.5 1731.0
1158.0 1444.5 1731.0
1158.0 1444.5 1731.0
1158.0 1444.5 1731.0
1158.0 1444.5 1731.0
1158.0 1444.5 1731.0
1158.0 1444.5 1731.0
1158.0 1444.5 1731.0
1158.0 1444.5 1731.0
1158.0 1444.5 1731.0
1158.0 1444.5 1731.0
1158.0 1444.5 1731.0
1158.0 1444.5 1731.0
1158.0 1444.5 1731.0
1158.0 1444.5 1731.0
1158.0 1444.5 1731.0
1158.0 1444.5 1731.0
1158.0 1444.5 1731.0
1158.0 1444.5 1731.0
1158.0 1444.5 1731.0
1158.0 1444.5 1731.0
1158.0 1444.5 1731.0
1158.0 1444.5 1731.0
1158.0 1444.5 1731.0
1158.0 1444.5 1731.0
1158.0 1444.5 1731.0
1158.0 1444.5 1731.0
1158.0 1444.5 1731.0
1158.0 1444.5 1731.0
1158.0 1444.5 1731.0
1158.0 1444.5 1731.0
1158.0 1444.5 1731.0
