10770.0 12320.5 13871.0
10126.0 11243.5 12361.0
7273.0 8342.5 9412.0
4937.0 6317.0 7697.0
3370.0 4887.0 6404.0
3754.0 4739.5 5725.0
2357.0 3153.5 3950.0
1739.0 2678.5 3618.0
1739.0 3038.0 4337.0
1739.0 2404.0 3069.0
1739.0 1785.0 1831.0
1831.0 1925.0 2019.0
1292.0 1561.5 1831.0
1292.0 1561.5 1831.0
1292.0 1561.5 1831.0
1292.0 1561.5 1831.0
1292.0 1561.5 1831.0
1292.0 1561.5 1831.0
1292.0 1561.5 1831.0
1292.0 1561.5 1831.0
1292.0 1523.5 1755.0
1292.0 1523.5 1755.0
1292.0 1523.5 1755.0
1292.0 1523.5 1755.0
1292.0 1523.5 1755.0
1292.0 1523.5 1755.0
1292.0 1523.5 1755.0
1292.0 1523.5 1755.0
1292.0 1523.5 1755.0
1292.0 1523.5 1755.0
1292.0 1523.5 1755.0
1292.0 1523.5 1755.0
1292.0 1523.5 1755.0
1292.0 1523.5 1755.0
1292.0 1523.5 1755.0
1292.0 1523.5 1755.0
1292.0 1523.5 1755.0
1292.0 1523.5 1755.0
1292.0 1523.5 1755.0
1292.0 1523.5 1755.0
1292.0 1523.5 1755.0
1292.0 1523.5 1755.0
1292.0 1523.5 1755.0
1292.0 1523.5 1755.0
1292.0 1523.5 1755.0
1292.0 1523.5 1755.0
1292.0 1523.5 1755.0
1292.0 1523.5 1755.0
1292.0 1523.5 1755.0
1292.0 1523.5 1755.0
1292.0 1523.5 1755.0
1292.0 1523.5 1755.0
1292.0 1523.5 1755.0
1292.0 1523.5 1755.0
1292.0 1523.5 1755.0
1292.0 1523.5 1755.0
1292.0 1523.5 1755.0
1292.0 1523.5 1755.0
1292.0 1523.5 1755.0
1292.0 1523.5 1755.0
1292.0 1523.5 1755.0
1292.0 1523.5 1755.0
1292.0 1523.5 1755.0
1292.0 1523.5 1755.0
1292.0 1523.5 1755.0
1292.0 1523.5 1755.0
1292.0 1523.5 1755.0
1292.0 1523.5 1755.0
1292.0 1523.5 1755.0
1292.0 1523.5 1755.0
1292.0 1523.5 1755.0
1292.0 1523.5 1755.0
1292.0 1523.5 1755.0
1292.0 1523.5 1755.0
1292.0 1523.5 1755.0
1292.0 1523.5 1755.0
1292.0 1523.5 1755.0
1292.0 1523.5 1755.0
1292.0 1523.5 1755.0
1292.0 1523.5 1755.0
1292.0 1523.5 1755.0
1292.0 1523.5 1755.0
1292.0 1523.5 1755.0
1292.0 1523.5 1755.0
1292.0 1523.5 1755.0
1292.0 1523.5 1755.0
1292.0 1523.5 1755.0
1292.0 1523.5 1755.0
1292.0 1523.5 1755.0
1292.0 1523.5 1755.0
1292.0 1523.5 1755.0
1292.0 1523.5 1755.0
1292.0 1523.5 1755.0
1292.0 1523.5 1755.0
1292.0 1523.5 1755.0
1292.0 1523.5 1755.0
1292.0 1523.5 1755.0
1292.0 1523.5 1755.0
1292.0 1523.5 1755.0
1292.0 1523.5 1755.0
1292.0 1523.5 1755.0
1292.0 1523.5 1755.0
1292.0 1523.5 1755.0
1292.0 1523.5 1755.0
1292.0 1523.5 1755.0
1292.0 1523.5 1755.0
1292.0 1523.5 1755.0
1292.0 1523.5 1755.0
1292.0 1523.5 1755.0
1292.0 1523.5 1755.0
1292.0 1523.5 1755.0
1292.0 1523.5 1755.0
1292.0 1523.5 1755.0
1292.0 1523.5 1755.0
1292.0 1523.5 1755.0
1292.0 1523.5 1755.0
1292.0 1523.5 1755.0
1292.0 1523.5 1755.0
1292.0 1523.5 1755.0
1292.0 1523.5 1755.0
1292.0 1523.5 1755.0
1292.0 1523.5 1755.0
1292.0 1523.5 1755.0
1292.0 1523.5 1755.0
1292.0 1523.5 1755.0
1292.0 1523.5 1755.0
1292.0 1523.5 1755.0
1292.0 1523.5 1755.0
1292.0 1523.5 1755.0
1292.0 1523.5 1755.0
1292.0 1523.5 1755.0
1292.0 1523.5 1755.0
1292.0 1523.5 1755.0
1292.0 1523.5 1755.0
1292.0 1523.5 1755.0
1292.0 1523.5 1755.0
1292.0 1523.5 1755.0
1292.0 1523.5 1755.0
1292.0 1523.5 1755.0
1292.0 1523.5 1755.0
1292.0 1523.5 1755.0
1292.0 1523.5 1755.0
1292.0 1523.5 1755.0
1292.0 1523.5 1755.0
1292.0 1523.5 1755.0
1292.0 1523.5 1755.0
1292.0 1523.5 1755.0
1292.0 1523.5 1755.0
1292.0 1523.5 1755.0
1292.0 1523.5 1755.0
1292.0 1523.5 1755.0
1292.0 1523.5 1755.0
1292.0 1523.5 1755.0
1292.0 1523.5 1755.0
1292.0 1523.5 1755.0
1292.0 1523.5 1755.0
1292.0 1523.5 1755.0
1292.0 1523.5 1755.0
1292.0 1523.5 1755.0
1292.0 1523.5 1755.0
1292.0 1523.5 1755.0
1292.0 1523.5 1755.0
1292.0 1523.5 1755.0
1292.0 1523.5 1755.0
1292.0 1523.5 1755.0
1292.0 1523.5 1755.0
1292.0 1523.5 1755.0
1292.0 1523.5 1755.0
1292.0 1523.5 1755.0
1292.0 1523.5 1755.0
1292.0 1523.5 1755.0
1292.0 1523.5 1755.0
1292.0 1523.5 1755.0
1292.0 1523.5 1755.0
1292.0 1523.5 1755.0
1292.0 1523.5 1755.0
1292.0 1523.5 1755.0
1292.0 1523.5 1755.0
1292.0 1523.5 1755.0
1292.0 1523.5 1755.0
1292.0 1523.5 1755.0
1292.0 1523.5 1755.0
1292.0 1523.5 1755.0
1174.0 1233.0 1292.0
1174.0 1233.0 1292.0
1174.0 1233.0 1292.0
1174.0 1233.0 1292.0
1174.0 1233.0 1292.0
1174.0 1233.0 1292.0
1174.0 1233.0 1292.0
1174.0 1233.0 1292.0
1174.0 1233.0 1292.0
1174.0 1233.0 1292.0
1174.0 1233.0 1292.0
1174.0 1233.0 1292.0
1174.0 1233.0 1292.0
1174.0 1233.0 1292.0
1174.0 1233.0 1292.0
1174.0 1233.0 1292.0
1174.0 1233.0 1292.0
