12601.0 12786.0 12971.0
9075.0 10450.0 11825.0
6601.0 7954.5 9308.0
7392.0 7430.0 7468.0
5426.0 5753.0 6080.0
3957.0 4023.5 4090.0
3459.0 3554.0 3649.0
2954.0 3161.5 3369.0
2954.0 2966.0 2978.0
2217.0 2300.0 2383.0
1776.0 1860.0 1944.0
1944.0 2163.5 2383.0
1944.0 2163.5 2383.0
1944.0 2163.5 2383.0
1944.0 2163.5 2383.0
1944.0 2163.5 2383.0
1950.0 2166.5 2383.0
2189.0 2286.0 2383.0
1612.0 1997.5 2383.0
1135.0 1759.0 2383.0
1135.0 1759.0 2383.0
1135.0 1759.0 2383.0
1135.0 1759.0 2383.0
1135.0 1759.0 2383.0
1135.0 1759.0 2383.0
1135.0 1759.0 2383.0
1135.0 1759.0 2383.0
1135.0 1759.0 2383.0
1135.0 1759.0 2383.0
1135.0 1759.0 2383.0
1135.0 1759.0 2383.0
1135.0 1759.0 2383.0
1135.0 1759.0 2383.0
1135.0 1759.0 2383.0
1135.0 1759.0 2383.0
1135.0 1759.0 2383.0
1135.0 1759.0 2383.0
1135.0 1759.0 2383.0
1135.0 1759.0 2383.0
1135.0 1759.0 2383.0
1135.0 1759.0 2383.0
1135.0 1759.0 2383.0
1135.0 1759.0 2383.0
1135.0 1759.0 2383.0
1135.0 1759.0 2383.0
1135.0 1759.0 2383.0
1135.0 1582.0 2029.0
1135.0 1582.0 2029.0
1135.0 1582.0 2029.0
1135.0 1582.0 2029.0
1135.0 1582.0 2029.0
1135.0 1582.0 2029.0
1135.0 1582.0 2029.0
1135.0 1582.0 2029.0
1135.0 1582.0 2029.0
1135.0 1582.0 2029.0
1135.0 1582.0 2029.0
1135.0 1582.0 2029.0
1135.0 1582.0 2029.0
1135.0 1582.0 2029.0
1135.0 1582.0 2029.0
1135.0 1582.0 2029.0
1135.0 1582.0 2029.0
1135.0 1582.0 2029.0
1135.0 1482.5 1830.0
1135.0 1482.5 1830.0
1135.0 1246.5 1358.0
1135.0 1146.5 1158.0
1135.0 1146.5 1158.0
693.0 914.0 1135.0
693.0 914.0 1135.0
693.0 914.0 1135.0
693.0 914.0 1135.0
693.0 914.0 1135.0
693.0 914.0 1135.0
693.0 914.0 1135.0
693.0 914.0 1135.0
693.0 914.0 1135.0
693.0 914.0 1135.0
693.0 914.0 1135.0
693.0 914.0 1135.0
693.0 914.0 1135.0
693.0 914.0 1135.0
693.0 914.0 1135.0
693.0 914.0 1135.0
693.0 914.0 1135.0
693.0 914.0 1135.0
693.0 914.0 1135.0
693.0 914.0 1135.0
693.0 914.0 1135.0
693.0 914.0 1135.0
693.0 914.0 1135.0
693.0 914.0 1135.0
693.0 914.0 1135.0
693.0 914.0 1135.0
693.0 914.0 1135.0
693.0 914.0 1135.0
693.0 914.0 1135.0
693.0 914.0 1135.0
693.0 914.0 1135.0
693.0 914.0 1135.0
693.0 914.0 1135.0
693.0 914.0 1135.0
693.0 914.0 1135.0
693.0 914.0 1135.0
693.0 914.0 1135.0
693.0 914.0 1135.0
693.0 914.0 1135.0
693.0 914.0 1135.0
693.0 914.0 1135.0
693.0 914.0 1135.0
693.0 914.0 1135.0
693.0 914.0 1135.0
693.0 914.0 1135.0
693.0 914.0 1135.0
693.0 914.0 1135.0
693.0 914.0 1135.0
693.0 914.0 1135.0
693.0 914.0 1135.0
693.0 914.0 1135.0
693.0 914.0 1135.0
693.0 914.0 1135.0
693.0 914.0 1135.0
693.0 914.0 1135.0
693.0 914.0 1135.0
693.0 914.0 1135.0
693.0 914.0 1135.0
693.0 914.0 1135.0
693.0 914.0 1135.0
693.0 914.0 1135.0
693.0 914.0 1135.0
693.0 914.0 1135.0
693.0 914.0 1135.0
693.0 914.0 1135.0
693.0 914.0 1135.0
693.0 914.0 1135.0
693.0 914.0 1135.0
693.0 914.0 1135.0
693.0 914.0 1135.0
693.0 914.0 1135.0
693.0 914.0 1135.0
693.0 914.0 1135.0
693.0 914.0 1135.0
693.0 914.0 1135.0
693.0 914.0 1135.0
693.0 914.0 1135.0
693.0 914.0 1135.0
693.0 914.0 1135.0
693.0 914.0 1135.0
693.0 914.0 1135.0
693.0 914.0 1135.0
693.0 914.0 1135.0
693.0 914.0 1135.0
693.0 914.0 1135.0
693.0 914.0 1135.0
693.0 914.0 1135.0
693.0 914.0 1135.0
693.0 914.0 1135.0
693.0 914.0 1135.0
693.0 914.0 1135.0
693.0 914.0 1135.0
693.0 914.0 1135.0
693.0 914.0 1135.0
693.0 914.0 1135.0
693.0 914.0 1135.0
693.0 914.0 1135.0
693.0 914.0 1135.0
693.0 914.0 1135.0
693.0 914.0 1135.0
693.0 914.0 1135.0
693.0 914.0 1135.0
693.0 914.0 1135.0
693.0 914.0 1135.0
693.0 914.0 1135.0
693.0 914.0 1135.0
693.0 914.0 1135.0
693.0 914.0 1135.0
693.0 914.0 1135.0
693.0 914.0 1135.0
693.0 914.0 1135.0
693.0 914.0 1135.0
693.0 914.0 1135.0
693.0 914.0 1135.0
693.0 914.0 1135.0
693.0 914.0 1135.0
693.0 914.0 1135.0
693.0 914.0 1135.0
693.0 914.0 1135.0
693.0 914.0 1135.0
693.0 914.0 1135.0
693.0 914.0 1135.0
693.0 914.0 1135.0
693.0 914.0 1135.0
693.0 914.0 1135.0
693.0 914.0 1135.0
693.0 914.0 1135.0
693.0 914.0 1135.0
693.0 914.0 1135.0
693.0 914.0 1135.0
693.0 914.0 1135.0
