13217.0 13677.0 14137.0
9267.0 11333.5 13400.0
7566.0 8801.0 10036.0
7566.0 8667.5 9769.0
5069.0 5100.0 5131.0
4500.0 4866.0 5232.0
4408.0 4539.0 4670.0
2946.0 3334.0 3722.0
2946.0 3334.0 3722.0
2397.0 3059.5 3722.0
2051.0 2886.5 3722.0
2051.0 2629.0 3207.0
1780.0 2493.5 3207.0
1780.0 1862.5 1945.0
1561.0 1670.5 1780.0
1561.0 1670.5 1780.0
1561.0 1670.5 1780.0
1561.0 1670.5 1780.0
1561.0 1670.5 1780.0
1561.0 1716.5 1872.0
1561.0 1716.5 1872.0
1561.0 1716.5 1872.0
1561.0 1716.5 1872.0
1561.0 1716.5 1872.0
1561.0 1716.5 1872.0
1561.0 1716.5 1872.0
1561.0 1716.5 1872.0
1561.0 1716.5 1872.0
1561.0 1716.5 1872.0
1561.0 1716.5 1872.0
1561.0 1716.5 1872.0
1561.0 1716.5 1872.0
1561.0 1716.5 1872.0
1561.0 1716.5 1872.0
1561.0 1586.0 1611.0
1561.0 1671.5 1782.0
1561.0 1671.5 1782.0
1561.0 1671.5 1782.0
1561.0 1671.5 1782.0
1561.0 1671.5 1782.0
1561.0 1671.5 1782.0
1561.0 1671.5 1782.0
1561.0 1671.5 1782.0
1561.0 1671.5 1782.0
1561.0 1671.5 1782.0
1561.0 1671.5 1782.0
1561.0 1671.5 1782.0
1561.0 1671.5 1782.0
1561.0 1671.5 1782.0
1561.0 1671.5 1782.0
1561.0 1671.5 1782.0
1561.0 1671.5 1782.0
1561.0 1671.5 1782.0
1561.0 1671.5 1782.0
1561.0 1671.5 1782.0
1561.0 1671.5 1782.0
1561.0 1671.5 1782.0
1561.0 1671.5 1782.0
1561.0 1671.5 1782.0
1561.0 1671.5 1782.0
1561.0 1671.5 1782.0
1561.0 1671.5 1782.0
1561.0 1671.5 1782.0
1561.0 1671.5 1782.0
1561.0 1671.5 1782.0
1561.0 1671.5 1782.0
1561.0 1671.5 1782.0
1561.0 1671.5 1782.0
1561.0 1671.5 1782.0
1561.0 1671.5 1782.0
1561.0 1671.5 1782.0
1561.0 1671.5 1782.0
1561.0 1671.5 1782.0
1561.0 1671.5 1782.0
1561.0 1671.5 1782.0
1561.0 1671.5 1782.0
1561.0 1671.5 1782.0
1561.0 1671.5 1782.0
1561.0 1671.5 1782.0
1561.0 1671.5 1782.0
1561.0 1671.5 1782.0
1561.0 1671.5 1782.0
1561.0 1671.5 1782.0
1561.0 1671.5 1782.0
1561.0 1671.5 1782.0
1561.0 1671.5 1782.0
1561.0 1671.5 1782.0
1561.0 1671.5 1782.0
1561.0 1671.5 1782.0
1561.0 1671.5 1782.0
1561.0 1671.5 1782.0
1561.0 1671.5 1782.0
1561.0 1671.5 1782.0
1561.0 1671.5 1782.0
1561.0 1671.5 1782.0
1561.0 1671.5 1782.0
1561.0 1671.5 1782.0
1561.0 1671.5 1782.0
1561.0 1671.5 1782.0
1561.0 1671.5 1782.0
1561.0 1671.5 1782.0
1561.0 1671.5 1782.0
1561.0 1671.5 1782.0
1561.0 1671.5 1782.0
1561.0 1671.5 1782.0
1561.0 1671.5 1782.0
1561.0 1671.5 1782.0
1561.0 1671.5 1782.0
1561.0 1671.5 1782.0
1561.0 1671.5 1782.0
1561.0 1671.5 1782.0
1561.0 1671.5 1782.0
1561.0 1671.5 1782.0
1561.0 1671.5 1782.0
1561.0 1671.5 1782.0
1561.0 1671.5 1782.0
1561.0 1671.5 1782.0
1561.0 1671.5 1782.0
1561.0 1671.5 1782.0
1561.0 1671.5 1782.0
1561.0 1671.5 1782.0
1561.0 1671.5 1782.0
1561.0 1671.5 1782.0
1561.0 1671.5 1782.0
1561.0 1671.5 1782.0
1561.0 1671.5 1782.0
1561.0 1671.5 1782.0
1561.0 1671.5 1782.0
1561.0 1671.5 1782.0
1561.0 1671.5 1782.0
1561.0 1671.5 1782.0
1561.0 1671.5 1782.0
1561.0 1671.5 1782.0
1561.0 1671.5 1782.0
1561.0 1671.5 1782.0
1561.0 1671.5 1782.0
1561.0 1671.5 1782.0
1561.0 1671.5 1782.0
1561.0 1671.5 1782.0
1561.0 1671.5 1782.0
1561.0 1671.5 1782.0
1561.0 1671.5 1782.0
1561.0 1671.5 1782.0
1561.0 1671.5 1782.0
1561.0 1671.5 1782.0
1561.0 1671.5 1782.0
1561.0 1671.5 1782.0
1561.0 1671.5 1782.0
1561.0 1671.5 1782.0
1561.0 1671.5 1782.0
1561.0 1671.5 1782.0
1561.0 1671.5 1782.0
1561.0 1671.5 1782.0
1561.0 1671.5 1782.0
1561.0 1671.5 1782.0
1561.0 1671.5 1782.0
1561.0 1671.5 1782.0
1561.0 1671.5 1782.0
1561.0 1671.5 1782.0
1561.0 1671.5 1782.0
1561.0 1671.5 1782.0
1561.0 1671.5 1782.0
1561.0 1671.5 1782.0
1561.0 1671.5 1782.0
1561.0 1671.5 1782.0
1561.0 1671.5 1782.0
1561.0 1671.5 1782.0
1561.0 1671.5 1782.0
1561.0 1671.5 1782.0
1561.0 1671.5 1782.0
1561.0 1671.5 1782.0
1561.0 1671.5 1782.0
1561.0 1671.5 1782.0
1561.0 1671.5 1782.0
1561.0 1671.5 1782.0
1561.0 1671.5 1782.0
1561.0 1671.5 1782.0
1561.0 1671.5 1782.0
1561.0 1671.5 1782.0
1561.0 1671.5 1782.0
1561.0 1671.5 1782.0
1561.0 1671.5 1782.0
1561.0 1671.5 1782.0
1561.0 1671.5 1782.0
1561.0 1671.5 1782.0
1561.0 1671.5 1782.0
1561.0 1671.5 1782.0
1561.0 1671.5 1782.0
1561.0 1671.5 1782.0
1561.0 1671.5 1782.0
1561.0 1671.5 1782.0
1561.0 1671.5 1782.0
1561.0 1671.5 1782.0
1561.0 1671.5 1782.0
1561.0 1671.5 1782.0
1561.0 1671.5 1782.0
1561.0 1671.5 1782.0
1561.0 1671.5 1782.0
1561.0 1671.5 1782.0
1561.0 1671.5 1782.0
