13056.0 13639.5 14223.0
11276.0 12448.0 13620.0
6278.0 8060.0 9842.0
6278.0 6295.0 6312.0
4813.0 5801.0 6789.0
4813.0 5322.0 5831.0
4813.0 4919.5 5026.0
4586.0 4806.0 5026.0
4081.0 4333.5 4586.0
3462.0 4024.0 4586.0
3462.0 3682.0 3902.0
3902.0 3993.5 4085.0
2450.0 3176.0 3902.0
2450.0 3176.0 3902.0
2450.0 3164.5 3879.0
2450.0 2646.5 2843.0
2450.0 2646.5 2843.0
2450.0 2646.5 2843.0
2141.0 2295.5 2450.0
2141.0 2295.5 2450.0
2141.0 2741.5 3342.0
2141.0 2241.5 2342.0
2141.0 2241.5 2342.0
2141.0 2241.5 2342.0
2141.0 2241.5 2342.0
2141.0 2241.5 2342.0
2258.0 2300.0 2342.0
2257.0 2299.5 2342.0
1986.0 2121.5 2257.0
1624.0 1940.5 2257.0
1624.0 2055.0 2486.0
1624.0 2055.0 2486.0
1624.0 2055.0 2486.0
1624.0 2055.0 2486.0
1624.0 2055.0 2486.0
1624.0 2055.0 2486.0
1624.0 2055.0 2486.0
1624.0 2055.0 2486.0
1624.0 2055.0 2486.0
1624.0 2055.0 2486.0
1624.0 2055.0 2486.0
1624.0 2055.0 2486.0
1624.0 2055.0 2486.0
1624.0 2055.0 2486.0
1624.0 2055.0 2486.0
1624.0 2055.0 2486.0
1624.0 2055.0 2486.0
1624.0 2055.0 2486.0
1624.0 2055.0 2486.0
1624.0 2055.0 2486.0
1624.0 2055.0 2486.0
1624.0 2055.0 2486.0
1624.0 2055.0 2486.0
1624.0 2055.0 2486.0
1624.0 2055.0 2486.0
1624.0 2055.0 2486.0
1624.0 2055.0 2486.0
1624.0 2055.0 2486.0
1624.0 2055.0 2486.0
1624.0 2055.0 2486.0
1624.0 2055.0 2486.0
1624.0 2055.0 2486.0
1624.0 2055.0 2486.0
1624.0 2055.0 2486.0
1624.0 2055.0 2486.0
1624.0 2055.0 2486.0
1624.0 2055.0 2486.0
1624.0 2055.0 2486.0
1624.0 2055.0 2486.0
1624.0 2055.0 2486.0
1624.0 2055.0 2486.0
1624.0 2055.0 2486.0
1624.0 2055.0 2486.0
1624.0 2055.0 2486.0
1624.0 2055.0 2486.0
1624.0 2055.0 2486.0
1624.0 2055.0 2486.0
1624.0 2055.0 2486.0
1624.0 2055.0 2486.0
1624.0 2055.0 2486.0
1624.0 2055.0 2486.0
1624.0 2055.0 2486.0
1624.0 2055.0 2486.0
1624.0 2055.0 2486.0
1624.0 2055.0 2486.0
1624.0 2055.0 2486.0
1624.0 2055.0 2486.0
1624.0 2055.0 2486.0
1624.0 2055.0 2486.0
1624.0 2055.0 2486.0
1624.0 2055.0 2486.0
1624.0 2055.0 2486.0
1624.0 2055.0 2486.0
1624.0 2055.0 2486.0
1624.0 2055.0 2486.0
1624.0 2055.0 2486.0
1624.0 2055.0 2486.0
1624.0 2055.0 2486.0
1624.0 2055.0 2486.0
1624.0 2055.0 2486.0
1624.0 2055.0 2486.0
1624.0 2055.0 2486.0
1624.0 2055.0 2486.0
1624.0 2055.0 2486.0
1624.0 2055.0 2486.0
1624.0 2055.0 2486.0
1624.0 2055.0 2486.0
1624.0 2055.0 2486.0
1624.0 2055.0 2486.0
1624.0 2055.0 2486.0
1624.0 2055.0 2486.0
1624.0 2055.0 2486.0
1624.0 2055.0 2486.0
1624.0 2055.0 2486.0
1624.0 2055.0 2486.0
1624.0 2055.0 2486.0
1624.0 2055.0 2486.0
1624.0 2055.0 2486.0
1624.0 2055.0 2486.0
1624.0 2055.0 2486.0
1624.0 2055.0 2486.0
1624.0 2055.0 2486.0
1624.0 2055.0 2486.0
1624.0 2055.0 2486.0
1624.0 2055.0 2486.0
1624.0 2055.0 2486.0
1624.0 2055.0 2486.0
1624.0 1949.0 2274.0
1624.0 1949.0 2274.0
1624.0 1949.0 2274.0
1624.0 1949.0 2274.0
1624.0 1949.0 2274.0
1624.0 1949.0 2274.0
1624.0 1949.0 2274.0
1624.0 1949.0 2274.0
1624.0 1857.5 2091.0
1624.0 1861.0 2098.0
1624.0 1811.0 1998.0
1624.0 1811.0 1998.0
1624.0 1811.0 1998.0
1624.0 1811.0 1998.0
1624.0 1811.0 1998.0
1624.0 1811.0 1998.0
1624.0 1811.0 1998.0
1624.0 1811.0 1998.0
1624.0 1811.0 1998.0
1624.0 1811.0 1998.0
1624.0 1811.0 1998.0
1624.0 1811.0 1998.0
1624.0 1811.0 1998.0
1624.0 1811.0 1998.0
1624.0 1811.0 1998.0
1624.0 1811.0 1998.0
1624.0 1811.0 1998.0
1624.0 1811.0 1998.0
1624.0 1811.0 1998.0
1624.0 1811.0 1998.0
1624.0 1811.0 1998.0
1624.0 1811.0 1998.0
1624.0 1811.0 1998.0
1624.0 1811.0 1998.0
1624.0 1811.0 1998.0
1624.0 1811.0 1998.0
1624.0 1811.0 1998.0
1624.0 1811.0 1998.0
1624.0 1811.0 1998.0
1624.0 1811.0 1998.0
1624.0 1811.0 1998.0
1624.0 1811.0 1998.0
1624.0 1811.0 1998.0
1624.0 1811.0 1998.0
1624.0 1811.0 1998.0
1624.0 1811.0 1998.0
1624.0 1811.0 1998.0
1624.0 1811.0 1998.0
1624.0 1811.0 1998.0
1624.0 1811.0 1998.0
1624.0 1811.0 1998.0
1624.0 1811.0 1998.0
1624.0 1811.0 1998.0
1624.0 1811.0 1998.0
1624.0 1811.0 1998.0
1624.0 1811.0 1998.0
1624.0 1811.0 1998.0
1624.0 1811.0 1998.0
1624.0 1811.0 1998.0
1624.0 1811.0 1998.0
1624.0 1811.0 1998.0
1624.0 1811.0 1998.0
1624.0 1811.0 1998.0
1624.0 1811.0 1998.0
1624.0 1811.0 1998.0
1624.0 1811.0 1998.0
1624.0 1811.0 1998.0
1624.0 1811.0 1998.0
1624.0 1811.0 1998.0
1624.0 1811.0 1998.0
1624.0 1811.0 1998.0
1624.0 1811.0 1998.0
1624.0 1811.0 1998.0
