9608.0 10409.5 11211.0
7862.0 8526.0 9190.0
6835.0 7784.0 8733.0
5400.0 6117.5 6835.0
4581.0 4701.5 4822.0
4206.0 4393.5 4581.0
2277.0 2706.0 3135.0
2277.0 2458.5 2640.0
2580.0 2610.0 2640.0
1927.0 1936.5 1946.0
1516.0 1721.5 1927.0
1516.0 1721.5 1927.0
1263.0 1595.0 1927.0
1263.0 1595.0 1927.0
1263.0 1595.0 1927.0
1263.0 1595.0 1927.0
1263.0 1595.0 1927.0
1263.0 1441.0 1619.0
1079.0 1171.0 1263.0
1079.0 1171.0 1263.0
1079.0 1171.0 1263.0
1079.0 1171.0 1263.0
1079.0 1171.0 1263.0
1079.0 1171.0 1263.0
1079.0 1171.0 1263.0
1079.0 1171.0 1263.0
1079.0 1171.0 1263.0
1079.0 1171.0 1263.0
1079.0 1171.0 1263.0
1079.0 1171.0 1263.0
1079.0 1092.5 1106.0
1079.0 1092.5 1106.0
1079.0 1092.5 1106.0
1079.0 1092.5 1106.0
1079.0 1092.5 1106.0
1079.0 1092.5 1106.0
1079.0 1092.5 1106.0
1079.0 1092.5 1106.0
1079.0 1092.5 1106.0
1079.0 1092.5 1106.0
1079.0 1092.5 1106.0
1079.0 1092.5 1106.0
1079.0 1092.5 1106.0
1079.0 1092.5 1106.0
1079.0 1092.5 1106.0
1079.0 1092.5 1106.0
1079.0 1092.5 1106.0
1079.0 1092.5 1106.0
1079.0 1092.5 1106.0
1079.0 1092.5 1106.0
1079.0 1092.5 1106.0
1079.0 1092.5 1106.0
1079.0 1092.5 1106.0
1079.0 1092.5 1106.0
1079.0 1092.5 1106.0
1079.0 1092.5 1106.0
1079.0 1092.5 1106.0
1079.0 1092.5 1106.0
1079.0 1092.5 1106.0
1079.0 1092.5 1106.0
1079.0 1092.5 1106.0
1079.0 1092.5 1106.0
1079.0 1092.5 1106.0
1079.0 1092.5 1106.0
1079.0 1092.5 1106.0
1079.0 1092.5 1106.0
1079.0 1092.5 1106.0
1079.0 1092.5 1106.0
1079.0 1092.5 1106.0
1079.0 1092.5 1106.0
1079.0 1092.5 1106.0
1079.0 1092.5 1106.0
1079.0 1092.5 1106.0
1079.0 1092.5 1106.0
1079.0 1092.5 1106.0
1079.0 1092.5 1106.0
1079.0 1092.5 1106.0
1079.0 1092.5 1106.0
1079.0 1092.5 1106.0
1079.0 1092.5 1106.0
1079.0 1092.5 1106.0
1079.0 1092.5 1106.0
1079.0 1092.5 1106.0
1079.0 1092.5 1106.0
1079.0 1092.5 1106.0
1079.0 1092.5 1106.0
1079.0 1092.5 1106.0
1079.0 1092.5 1106.0
1079.0 1092.5 1106.0
1079.0 1092.5 1106.0
1079.0 1092.5 1106.0
1079.0 1092.5 1106.0
1079.0 1092.5 1106.0
1079.0 1092.5 1106.0
1079.0 1092.5 1106.0
1079.0 1092.5 1106.0
1079.0 1092.5 1106.0
1079.0 1092.5 1106.0
1079.0 1092.5 1106.0
1079.0 1092.5 1106.0
1079.0 1092.5 1106.0
1079.0 1092.5 1106.0
1079.0 1092.5 1106.0
1079.0 1092.5 1106.0
1079.0 1092.5 1106.0
1079.0 1092.5 1106.0
1079.0 1092.5 1106.0
1079.0 1092.5 1106.0
1079.0 1092.5 1106.0
1079.0 1092.5 1106.0
1079.0 1092.5 1106.0
1079.0 1092.5 1106.0
1079.0 1092.5 1106.0
1079.0 1092.5 1106.0
1079.0 1092.5 1106.0
1079.0 1092.5 1106.0
1079.0 1092.5 1106.0
1079.0 1092.5 1106.0
1079.0 1092.5 1106.0
1079.0 1092.5 1106.0
1079.0 1092.5 1106.0
1079.0 1092.5 1106.0
1079.0 1092.5 1106.0
1079.0 1092.5 1106.0
1079.0 1092.5 1106.0
1079.0 1092.5 1106.0
1079.0 1092.5 1106.0
1079.0 1092.5 1106.0
1079.0 1092.5 1106.0
1079.0 1092.5 1106.0
1079.0 1092.5 1106.0
1079.0 1092.5 1106.0
1079.0 1092.5 1106.0
1079.0 1092.5 1106.0
1079.0 1092.5 1106.0
1079.0 1092.5 1106.0
1079.0 1092.5 1106.0
1079.0 1092.5 1106.0
1079.0 1092.5 1106.0
1079.0 1092.5 1106.0
1079.0 1092.5 1106.0
1079.0 1092.5 1106.0
1079.0 1092.5 1106.0
1079.0 1092.5 1106.0
1079.0 1092.5 1106.0
1079.0 1092.5 1106.0
1079.0 1092.5 1106.0
1079.0 1092.5 1106.0
1079.0 1092.5 1106.0
1079.0 1092.5 1106.0
1079.0 1092.5 1106.0
1079.0 1092.5 1106.0
1079.0 1092.5 1106.0
1079.0 1092.5 1106.0
1079.0 1092.5 1106.0
1079.0 1092.5 1106.0
1079.0 1092.5 1106.0
1079.0 1092.5 1106.0
1079.0 1092.5 1106.0
1079.0 1092.5 1106.0
1079.0 1092.5 1106.0
1079.0 1092.5 1106.0
1079.0 1092.5 1106.0
1079.0 1092.5 1106.0
1079.0 1092.5 1106.0
1079.0 1092.5 1106.0
1079.0 1092.5 1106.0
1079.0 1092.5 1106.0
1079.0 1092.5 1106.0
1079.0 1092.5 1106.0
1079.0 1092.5 1106.0
1079.0 1092.5 1106.0
1079.0 1092.5 1106.0
1079.0 1092.5 1106.0
1079.0 1092.5 1106.0
1079.0 1092.5 1106.0
1079.0 1092.5 1106.0
1079.0 1092.5 1106.0
1079.0 1092.5 1106.0
1079.0 1092.5 1106.0
1079.0 1092.5 1106.0
1079.0 1092.5 1106.0
1079.0 1092.5 1106.0
1079.0 1092.5 1106.0
1079.0 1092.5 1106.0
1079.0 1092.5 1106.0
1079.0 1092.5 1106.0
1079.0 1092.5 1106.0
1079.0 1092.5 1106.0
1079.0 1092.5 1106.0
1079.0 1092.5 1106.0
1079.0 1092.5 1106.0
1079.0 1092.5 1106.0
1079.0 1092.5 1106.0
1079.0 1092.5 1106.0
1079.0 1092.5 1106.0
1079.0 1092.5 1106.0
1079.0 1092.5 1106.0
1079.0 1092.5 1106.0
1079.0 1092.5 1106.0
