11337.0 12549.5 13762.0
10229.0 10783.0 11337.0
8365.0 8634.5 8904.0
5764.0 6308.0 6852.0
4449.0 4508.5 4568.0
4201.0 4325.0 4449.0
3135.0 3769.0 4403.0
3135.0 3769.0 4403.0
2495.0 3233.0 3971.0
1941.0 2652.5 3364.0
1941.0 2652.5 3364.0
1705.0 2069.0 2433.0
1705.0 1773.0 1841.0
1705.0 1773.0 1841.0
1705.0 1773.0 1841.0
1705.0 1773.0 1841.0
1705.0 1773.0 1841.0
1705.0 1773.0 1841.0
1705.0 1773.0 1841.0
1705.0 1773.0 1841.0
1841.0 1858.5 1876.0
1841.0 1858.5 1876.0
1120.0 1480.5 1841.0
1120.0 1480.5 1841.0
1120.0 1480.5 1841.0
1120.0 1480.5 1841.0
1120.0 1480.5 1841.0
1120.0 1480.5 1841.0
1120.0 1480.5 1841.0
1120.0 1347.0 1574.0
1120.0 1347.0 1574.0
1120.0 1347.0 1574.0
1120.0 1347.0 1574.0
1120.0 1347.0 1574.0
1120.0 1347.0 1574.0
1120.0 1347.0 1574.0
1120.0 1347.0 1574.0
1120.0 1347.0 1574.0
1120.0 1347.0 1574.0
1120.0 1347.0 1574.0
1120.0 1347.0 1574.0
1120.0 1347.0 1574.0
1120.0 1347.0 1574.0
1120.0 1347.0 1574.0
1120.0 1347.0 1574.0
1120.0 1347.0 1574.0
1120.0 1347.0 1574.0
1120.0 1347.0 1574.0
1120.0 1347.0 1574.0
1120.0 1347.0 1574.0
1120.0 1347.0 1574.0
1120.0 1347.0 1574.0
1120.0 1347.0 1574.0
1120.0 1347.0 1574.0
1120.0 1347.0 1574.0
1120.0 1347.0 1574.0
1120.0 1347.0 1574.0
1120.0 1347.0 1574.0
1120.0 1347.0 1574.0
1120.0 1347.0 1574.0
1120.0 1347.0 1574.0
1120.0 1347.0 1574.0
1120.0 1347.0 1574.0
1120.0 1347.0 1574.0
1120.0 1347.0 1574.0
1120.0 1347.0 1574.0
1120.0 1347.0 1574.0
1120.0 1347.0 1574.0
1120.0 1347.0 1574.0
1120.0 1347.0 1574.0
1120.0 1347.0 1574.0
1120.0 1347.0 1574.0
1120.0 1347.0 1574.0
1120.0 1347.0 1574.0
1120.0 1347.0 1574.0
1120.0 1347.0 1574.0
1120.0 1347.0 1574.0
1120.0 1347.0 1574.0
1120.0 1347.0 1574.0
1120.0 1347.0 1574.0
1120.0 1347.0 1574.0
1120.0 1347.0 1574.0
1120.0 1347.0 1574.0
1120.0 1347.0 1574.0
1120.0 1347.0 1574.0
1120.0 1347.0 1574.0
1120.0 1347.0 1574.0
1120.0 1347.0 1574.0
1120.0 1347.0 1574.0
1120.0 1347.0 1574.0
1120.0 1347.0 1574.0
1120.0 1347.0 1574.0
1120.0 1347.0 1574.0
1120.0 1347.0 1574.0
1120.0 1347.0 1574.0
1120.0 1347.0 1574.0
1120.0 1347.0 1574.0
1120.0 1347.0 1574.0
1120.0 1347.0 1574.0
1120.0 1347.0 1574.0
1120.0 1347.0 1574.0
1120.0 1347.0 1574.0
1120.0 1347.0 1574.0
1120.0 1347.0 1574.0
1120.0 1347.0 1574.0
1120.0 1347.0 1574.0
1120.0 1347.0 1574.0
1120.0 1347.0 1574.0
1120.0 1347.0 1574.0
1120.0 1347.0 1574.0
1120.0 1347.0 1574.0
1120.0 1347.0 1574.0
1120.0 1347.0 1574.0
1120.0 1347.0 1574.0
1120.0 1347.0 1574.0
1120.0 1347.0 1574.0
1120.0 1347.0 1574.0
1120.0 1347.0 1574.0
1120.0 1347.0 1574.0
1120.0 1347.0 1574.0
1120.0 1347.0 1574.0
1120.0 1347.0 1574.0
1120.0 1347.0 1574.0
1120.0 1347.0 1574.0
1120.0 1347.0 1574.0
1120.0 1347.0 1574.0
1120.0 1347.0 1574.0
1120.0 1347.0 1574.0
1120.0 1347.0 1574.0
1120.0 1347.0 1574.0
1120.0 1347.0 1574.0
1120.0 1347.0 1574.0
1120.0 1347.0 1574.0
1120.0 1347.0 1574.0
1120.0 1347.0 1574.0
1120.0 1225.0 1330.0
1120.0 1225.0 1330.0
1120.0 1209.0 1298.0
1120.0 1209.0 1298.0
1120.0 1209.0 1298.0
1120.0 1209.0 1298.0
1120.0 1209.0 1298.0
1120.0 1209.0 1298.0
1120.0 1209.0 1298.0
1120.0 1209.0 1298.0
1120.0 1209.0 1298.0
1120.0 1209.0 1298.0
1120.0 1209.0 1298.0
1120.0 1209.0 1298.0
1120.0 1209.0 1298.0
1120.0 1209.0 1298.0
1120.0 1209.0 1298.0
1120.0 1209.0 1298.0
1120.0 1209.0 1298.0
1120.0 1209.0 1298.0
1120.0 1209.0 1298.0
1120.0 1209.0 1298.0
1120.0 1209.0 1298.0
1120.0 1209.0 1298.0
1120.0 1209.0 1298.0
1120.0 1209.0 1298.0
1120.0 1209.0 1298.0
1120.0 1209.0 1298.0
1120.0 1209.0 1298.0
1120.0 1209.0 1298.0
1120.0 1209.0 1298.0
1120.0 1209.0 1298.0
1120.0 1209.0 1298.0
1120.0 1209.0 1298.0
1120.0 1209.0 1298.0
1120.0 1209.0 1298.0
1120.0 1209.0 1298.0
1120.0 1209.0 1298.0
1120.0 1209.0 1298.0
1120.0 1209.0 1298.0
1120.0 1209.0 1298.0
1120.0 1209.0 1298.0
1120.0 1209.0 1298.0
1120.0 1209.0 1298.0
1120.0 1209.0 1298.0
1120.0 1209.0 1298.0
1120.0 1209.0 1298.0
1120.0 1209.0 1298.0
1120.0 1209.0 1298.0
1120.0 1209.0 1298.0
1120.0 1209.0 1298.0
1120.0 1209.0 1298.0
1120.0 1209.0 1298.0
1120.0 1209.0 1298.0
1120.0 1209.0 1298.0
1120.0 1209.0 1298.0
1120.0 1209.0 1298.0
1120.0 1209.0 1298.0
1120.0 1209.0 1298.0
1120.0 1209.0 1298.0
1120.0 1209.0 1298.0
1120.0 1209.0 1298.0
1120.0 1209.0 1298.0
1120.0 1209.0 1298.0
1120.0 1209.0 1298.0
