12236.0 13632.5 15029.0
10936.0 11002.0 11068.0
8992.0 9338.0 9684.0
7282.0 7762.0 8242.0
7130.0 7188.0 7246.0
6449.0 6622.0 6795.0
6023.0 6335.0 6647.0
3540.0 3842.0 4144.0
3213.0 3678.5 4144.0
3213.0 3678.5 4144.0
2567.0 2832.0 3097.0
2567.0 2832.0 3097.0
2567.0 2832.0 3097.0
2567.0 2832.0 3097.0
2567.0 2832.0 3097.0
2567.0 2832.0 3097.0
2567.0 2832.0 3097.0
2567.0 2832.0 3097.0
2567.0 2832.0 3097.0
2567.0 2634.5 2702.0
2790.0 2918.5 3047.0
2517.0 2653.5 2790.0
2390.0 2590.0 2790.0
2390.0 2590.0 2790.0
2390.0 2590.0 2790.0
2390.0 2590.0 2790.0
2390.0 2590.0 2790.0
2390.0 2590.0 2790.0
2390.0 2590.0 2790.0
2390.0 2590.0 2790.0
2390.0 2590.0 2790.0
2390.0 2590.0 2790.0
2390.0 2590.0 2790.0
2390.0 2590.0 2790.0
2390.0 2590.0 2790.0
2390.0 2590.0 2790.0
2390.0 2538.0 2686.0
2390.0 2538.0 2686.0
2390.0 2538.0 2686.0
2390.0 2538.0 2686.0
2390.0 2538.0 2686.0
2390.0 2538.0 2686.0
2390.0 2538.0 2686.0
2390.0 2538.0 2686.0
2390.0 2538.0 2686.0
2217.0 2303.5 2390.0
2390.0 2442.0 2494.0
2390.0 2442.0 2494.0
2390.0 2442.0 2494.0
2390.0 2442.0 2494.0
2221.0 2305.5 2390.0
1590.0 1990.0 2390.0
1590.0 1990.0 2390.0
1590.0 1990.0 2390.0
1590.0 1990.0 2390.0
1590.0 1990.0 2390.0
1590.0 1990.0 2390.0
1590.0 1990.0 2390.0
1590.0 1990.0 2390.0
1590.0 1990.0 2390.0
1590.0 1990.0 2390.0
1590.0 1990.0 2390.0
1590.0 1990.0 2390.0
1590.0 1990.0 2390.0
1590.0 1990.0 2390.0
1590.0 1990.0 2390.0
1590.0 1990.0 2390.0
1590.0 1990.0 2390.0
1590.0 1990.0 2390.0
1590.0 1990.0 2390.0
1590.0 1990.0 2390.0
1590.0 1990.0 2390.0
1590.0 1990.0 2390.0
1590.0 1990.0 2390.0
1590.0 1990.0 2390.0
1590.0 1990.0 2390.0
1590.0 1990.0 2390.0
1590.0 1990.0 2390.0
1590.0 1990.0 2390.0
1590.0 1990.0 2390.0
1590.0 1990.0 2390.0
1590.0 1990.0 2390.0
1590.0 1990.0 2390.0
1590.0 1990.0 2390.0
1590.0 1990.0 2390.0
1476.0 1933.0 2390.0
1476.0 1933.0 2390.0
1476.0 1933.0 2390.0
1476.0 1933.0 2390.0
1476.0 1933.0 2390.0
1476.0 1933.0 2390.0
1476.0 1933.0 2390.0
1476.0 1933.0 2390.0
1476.0 1933.0 2390.0
1476.0 1933.0 2390.0
1476.0 1933.0 2390.0
1476.0 1933.0 2390.0
1476.0 1933.0 2390.0
1476.0 1644.0 1812.0
1476.0 1644.0 1812.0
1476.0 1644.0 1812.0
1476.0 1644.0 1812.0
1476.0 1644.0 1812.0
1476.0 1644.0 1812.0
1476.0 1644.0 1812.0
1476.0 1644.0 1812.0
1476.0 1644.0 1812.0
1476.0 1644.0 1812.0
1476.0 1644.0 1812.0
1476.0 1644.0 1812.0
1476.0 1644.0 1812.0
1476.0 1644.0 1812.0
1476.0 1644.0 1812.0
1476.0 1644.0 1812.0
1476.0 1644.0 1812.0
1476.0 1644.0 1812.0
1476.0 1644.0 1812.0
1476.0 1644.0 1812.0
1476.0 1644.0 1812.0
1476.0 1644.0 1812.0
1476.0 1644.0 1812.0
1476.0 1644.0 1812.0
1476.0 1644.0 1812.0
1476.0 1644.0 1812.0
1476.0 1644.0 1812.0
1476.0 1644.0 1812.0
1476.0 1644.0 1812.0
1476.0 1644.0 1812.0
1476.0 1644.0 1812.0
1476.0 1644.0 1812.0
1476.0 1644.0 1812.0
1476.0 1644.0 1812.0
1476.0 1644.0 1812.0
1476.0 1644.0 1812.0
1476.0 1644.0 1812.0
1476.0 1644.0 1812.0
1476.0 1644.0 1812.0
1476.0 1644.0 1812.0
1476.0 1644.0 1812.0
1476.0 1644.0 1812.0
1476.0 1644.0 1812.0
1476.0 1644.0 1812.0
1476.0 1644.0 1812.0
1476.0 1644.0 1812.0
1476.0 1644.0 1812.0
1476.0 1644.0 1812.0
1476.0 1644.0 1812.0
1476.0 1644.0 1812.0
1476.0 1644.0 1812.0
1476.0 1644.0 1812.0
1476.0 1644.0 1812.0
1476.0 1644.0 1812.0
1476.0 1644.0 1812.0
1476.0 1644.0 1812.0
1476.0 1644.0 1812.0
1476.0 1644.0 1812.0
1476.0 1644.0 1812.0
1476.0 1644.0 1812.0
1476.0 1644.0 1812.0
1476.0 1644.0 1812.0
1476.0 1644.0 1812.0
1476.0 1644.0 1812.0
1476.0 1644.0 1812.0
1476.0 1644.0 1812.0
1476.0 1644.0 1812.0
1476.0 1644.0 1812.0
1476.0 1644.0 1812.0
1476.0 1644.0 1812.0
1476.0 1644.0 1812.0
1476.0 1644.0 1812.0
1476.0 1644.0 1812.0
1476.0 1644.0 1812.0
1476.0 1644.0 1812.0
1476.0 1644.0 1812.0
1476.0 1644.0 1812.0
1476.0 1644.0 1812.0
1476.0 1644.0 1812.0
1476.0 1644.0 1812.0
1476.0 1764.0 2052.0
1476.0 1764.0 2052.0
1476.0 1764.0 2052.0
1476.0 1764.0 2052.0
1476.0 1764.0 2052.0
1476.0 1764.0 2052.0
1476.0 1764.0 2052.0
1476.0 1764.0 2052.0
1476.0 1764.0 2052.0
1476.0 1764.0 2052.0
1476.0 1498.5 1521.0
1476.0 1498.5 1521.0
1476.0 1498.5 1521.0
1333.0 1404.5 1476.0
1352.0 1414.0 1476.0
1162.0 1319.0 1476.0
1162.0 1319.0 1476.0
1162.0 1319.0 1476.0
1162.0 1319.0 1476.0
1162.0 1319.0 1476.0
1162.0 1319.0 1476.0
1162.0 1319.0 1476.0
