12487.0 13368.5 14250.0
10708.0 12462.5 14217.0
8061.0 8063.5 8066.0
6045.0 6477.0 6909.0
4803.0 5510.0 6217.0
5478.0 5486.0 5494.0
3941.0 4717.5 5494.0
3524.0 3554.5 3585.0
3585.0 3939.0 4293.0
2835.0 3085.5 3336.0
2812.0 3123.5 3435.0
2783.0 2958.5 3134.0
1840.0 2440.0 3040.0
1879.0 2070.5 2262.0
1879.0 2070.5 2262.0
1879.0 2070.5 2262.0
1442.0 1852.0 2262.0
820.0 1541.0 2262.0
820.0 1350.5 1881.0
820.0 1190.5 1561.0
820.0 1348.0 1876.0
820.0 1348.0 1876.0
820.0 1348.0 1876.0
820.0 1348.0 1876.0
820.0 1348.0 1876.0
820.0 1348.0 1876.0
820.0 1348.0 1876.0
820.0 1348.0 1876.0
820.0 1348.0 1876.0
820.0 1348.0 1876.0
820.0 1348.0 1876.0
820.0 1348.0 1876.0
820.0 1348.0 1876.0
820.0 1348.0 1876.0
820.0 1348.0 1876.0
820.0 1348.0 1876.0
820.0 1348.0 1876.0
820.0 1348.0 1876.0
820.0 1348.0 1876.0
820.0 1348.0 1876.0
820.0 1348.0 1876.0
820.0 1348.0 1876.0
820.0 1348.0 1876.0
820.0 1348.0 1876.0
820.0 1348.0 1876.0
820.0 1348.0 1876.0
820.0 1348.0 1876.0
820.0 1348.0 1876.0
820.0 1348.0 1876.0
820.0 1348.0 1876.0
820.0 1348.0 1876.0
820.0 1348.0 1876.0
820.0 1348.0 1876.0
820.0 1348.0 1876.0
820.0 1348.0 1876.0
820.0 1348.0 1876.0
820.0 1348.0 1876.0
820.0 1348.0 1876.0
820.0 1348.0 1876.0
820.0 1348.0 1876.0
820.0 1348.0 1876.0
820.0 1348.0 1876.0
820.0 1348.0 1876.0
820.0 1348.0 1876.0
820.0 1348.0 1876.0
820.0 1348.0 1876.0
820.0 1348.0 1876.0
820.0 1348.0 1876.0
820.0 1348.0 1876.0
820.0 1348.0 1876.0
820.0 1348.0 1876.0
820.0 1348.0 1876.0
820.0 1348.0 1876.0
820.0 1348.0 1876.0
820.0 1348.0 1876.0
820.0 1348.0 1876.0
820.0 1348.0 1876.0
820.0 1348.0 1876.0
820.0 1348.0 1876.0
820.0 1348.0 1876.0
820.0 1348.0 1876.0
820.0 1348.0 1876.0
820.0 1348.0 1876.0
820.0 1348.0 1876.0
820.0 1348.0 1876.0
820.0 1348.0 1876.0
820.0 1348.0 1876.0
820.0 1348.0 1876.0
820.0 1348.0 1876.0
820.0 1348.0 1876.0
820.0 1348.0 1876.0
820.0 1348.0 1876.0
820.0 1348.0 1876.0
820.0 1348.0 1876.0
820.0 1348.0 1876.0
820.0 1348.0 1876.0
820.0 1348.0 1876.0
820.0 1348.0 1876.0
820.0 1348.0 1876.0
820.0 1348.0 1876.0
820.0 1348.0 1876.0
820.0 1348.0 1876.0
820.0 1348.0 1876.0
820.0 1348.0 1876.0
820.0 1348.0 1876.0
820.0 1348.0 1876.0
820.0 1348.0 1876.0
820.0 1348.0 1876.0
820.0 1348.0 1876.0
820.0 1348.0 1876.0
820.0 1348.0 1876.0
820.0 1348.0 1876.0
820.0 1348.0 1876.0
820.0 1348.0 1876.0
820.0 1348.0 1876.0
820.0 1348.0 1876.0
820.0 1348.0 1876.0
820.0 1348.0 1876.0
820.0 1348.0 1876.0
820.0 1348.0 1876.0
820.0 1348.0 1876.0
820.0 1348.0 1876.0
820.0 1348.0 1876.0
820.0 1348.0 1876.0
820.0 1348.0 1876.0
820.0 1348.0 1876.0
820.0 1348.0 1876.0
820.0 1348.0 1876.0
820.0 1348.0 1876.0
820.0 1348.0 1876.0
820.0 1348.0 1876.0
820.0 1348.0 1876.0
820.0 1348.0 1876.0
820.0 1348.0 1876.0
820.0 1348.0 1876.0
820.0 1348.0 1876.0
820.0 1348.0 1876.0
820.0 1348.0 1876.0
820.0 1348.0 1876.0
820.0 1348.0 1876.0
820.0 1348.0 1876.0
820.0 1348.0 1876.0
820.0 1348.0 1876.0
820.0 1348.0 1876.0
820.0 1348.0 1876.0
820.0 1348.0 1876.0
820.0 1348.0 1876.0
820.0 1348.0 1876.0
820.0 1348.0 1876.0
820.0 1348.0 1876.0
820.0 1348.0 1876.0
820.0 1348.0 1876.0
820.0 1348.0 1876.0
820.0 1348.0 1876.0
820.0 1348.0 1876.0
820.0 1348.0 1876.0
820.0 1348.0 1876.0
820.0 1348.0 1876.0
820.0 1348.0 1876.0
820.0 1348.0 1876.0
820.0 1348.0 1876.0
820.0 1348.0 1876.0
820.0 1348.0 1876.0
820.0 1348.0 1876.0
820.0 1348.0 1876.0
820.0 1348.0 1876.0
820.0 1348.0 1876.0
820.0 1348.0 1876.0
820.0 1348.0 1876.0
820.0 1348.0 1876.0
820.0 1348.0 1876.0
820.0 1348.0 1876.0
820.0 1348.0 1876.0
820.0 1348.0 1876.0
820.0 1348.0 1876.0
820.0 1348.0 1876.0
820.0 1348.0 1876.0
820.0 1348.0 1876.0
820.0 1348.0 1876.0
820.0 1348.0 1876.0
820.0 1348.0 1876.0
820.0 1348.0 1876.0
820.0 1348.0 1876.0
820.0 1348.0 1876.0
820.0 1348.0 1876.0
820.0 1348.0 1876.0
820.0 1348.0 1876.0
820.0 1348.0 1876.0
820.0 1348.0 1876.0
820.0 1348.0 1876.0
820.0 1348.0 1876.0
820.0 1348.0 1876.0
820.0 1348.0 1876.0
820.0 1348.0 1876.0
820.0 1348.0 1876.0
820.0 1348.0 1876.0
820.0 1348.0 1876.0
820.0 1348.0 1876.0
820.0 1348.0 1876.0
820.0 1348.0 1876.0
