10464.0 11597.5 12731.0
9405.0 9667.0 9929.0
7370.0 9366.0 11362.0
6178.0 6951.0 7724.0
3962.0 4851.0 5740.0
3642.0 3878.5 4115.0
2121.0 2530.5 2940.0
2121.0 2530.5 2940.0
2121.0 2140.0 2159.0
2121.0 2140.0 2159.0
1480.0 1819.5 2159.0
1480.0 1760.5 2041.0
1584.0 1812.5 2041.0
976.0 1280.0 1584.0
976.0 1204.0 1432.0
976.0 1204.0 1432.0
976.0 1164.0 1352.0
976.0 1164.0 1352.0
976.0 1164.0 1352.0
976.0 1164.0 1352.0
976.0 1164.0 1352.0
976.0 1164.0 1352.0
976.0 1164.0 1352.0
976.0 1164.0 1352.0
976.0 1164.0 1352.0
976.0 1164.0 1352.0
976.0 1164.0 1352.0
976.0 1164.0 1352.0
976.0 1164.0 1352.0
976.0 1164.0 1352.0
976.0 1164.0 1352.0
976.0 1164.0 1352.0
976.0 1164.0 1352.0
976.0 1161.5 1347.0
976.0 1161.5 1347.0
976.0 1111.5 1247.0
976.0 1111.5 1247.0
976.0 1111.5 1247.0
976.0 1111.5 1247.0
976.0 1111.5 1247.0
976.0 1111.5 1247.0
976.0 1111.5 1247.0
976.0 1111.5 1247.0
976.0 1111.5 1247.0
976.0 1111.5 1247.0
976.0 1111.5 1247.0
976.0 1111.5 1247.0
976.0 1111.5 1247.0
976.0 1111.5 1247.0
976.0 1111.5 1247.0
976.0 1111.5 1247.0
976.0 1111.5 1247.0
976.0 1111.5 1247.0
976.0 1111.5 1247.0
976.0 1111.5 1247.0
976.0 1111.5 1247.0
976.0 1111.5 1247.0
976.0 1111.5 1247.0
976.0 1111.5 1247.0
976.0 1111.5 1247.0
976.0 1111.5 1247.0
976.0 1111.5 1247.0
976.0 1111.5 1247.0
976.0 1111.5 1247.0
976.0 1111.5 1247.0
976.0 1111.5 1247.0
976.0 1111.5 1247.0
976.0 1111.5 1247.0
976.0 1111.5 1247.0
976.0 1111.5 1247.0
976.0 1111.5 1247.0
976.0 1111.5 1247.0
976.0 1111.5 1247.0
976.0 1111.5 1247.0
976.0 1111.5 1247.0
976.0 1111.5 1247.0
976.0 1111.5 1247.0
976.0 1111.5 1247.0
976.0 1111.5 1247.0
976.0 1111.5 1247.0
976.0 1111.5 1247.0
976.0 1111.5 1247.0
976.0 1111.5 1247.0
976.0 1111.5 1247.0
976.0 1111.5 1247.0
976.0 1111.5 1247.0
976.0 1111.5 1247.0
976.0 1111.5 1247.0
976.0 1111.5 1247.0
976.0 1111.5 1247.0
976.0 1111.5 1247.0
976.0 1111.5 1247.0
976.0 1111.5 1247.0
976.0 1111.5 1247.0
976.0 1111.5 1247.0
976.0 1111.5 1247.0
976.0 1111.5 1247.0
976.0 1111.5 1247.0
976.0 1111.5 1247.0
976.0 1111.5 1247.0
976.0 1111.5 1247.0
976.0 1111.5 1247.0
976.0 1111.5 1247.0
976.0 1111.5 1247.0
976.0 1111.5 1247.0
976.0 1111.5 1247.0
976.0 1111.5 1247.0
976.0 1111.5 1247.0
976.0 1111.5 1247.0
976.0 1111.5 1247.0
976.0 1111.5 1247.0
976.0 1111.5 1247.0
976.0 1111.5 1247.0
976.0 1111.5 1247.0
976.0 1111.5 1247.0
976.0 1111.5 1247.0
976.0 1111.5 1247.0
976.0 1111.5 1247.0
976.0 1111.5 1247.0
976.0 1111.5 1247.0
976.0 1111.5 1247.0
976.0 1111.5 1247.0
976.0 1111.5 1247.0
976.0 1111.5 1247.0
976.0 1111.5 1247.0
976.0 1111.5 1247.0
976.0 1111.5 1247.0
976.0 1111.5 1247.0
976.0 1111.5 1247.0
976.0 1111.5 1247.0
976.0 1111.5 1247.0
976.0 1111.5 1247.0
976.0 1111.5 1247.0
976.0 1111.5 1247.0
976.0 1111.5 1247.0
976.0 1111.5 1247.0
976.0 1111.5 1247.0
976.0 1111.5 1247.0
976.0 1111.5 1247.0
976.0 1111.5 1247.0
976.0 1111.5 1247.0
976.0 1111.5 1247.0
976.0 1111.5 1247.0
976.0 1111.5 1247.0
976.0 1111.5 1247.0
976.0 1111.5 1247.0
976.0 1111.5 1247.0
976.0 1111.5 1247.0
976.0 1111.5 1247.0
976.0 1111.5 1247.0
976.0 1111.5 1247.0
976.0 1111.5 1247.0
976.0 1111.5 1247.0
976.0 1111.5 1247.0
976.0 1111.5 1247.0
976.0 1111.5 1247.0
976.0 1111.5 1247.0
976.0 1111.5 1247.0
976.0 1111.5 1247.0
976.0 1111.5 1247.0
976.0 1111.5 1247.0
976.0 1073.5 1171.0
976.0 1073.5 1171.0
976.0 1073.5 1171.0
976.0 1073.5 1171.0
976.0 1073.5 1171.0
976.0 1073.5 1171.0
976.0 1073.5 1171.0
976.0 1073.5 1171.0
976.0 1073.5 1171.0
976.0 1073.5 1171.0
976.0 1073.5 1171.0
976.0 1073.5 1171.0
976.0 1073.5 1171.0
976.0 1073.5 1171.0
976.0 1073.5 1171.0
976.0 1073.5 1171.0
976.0 1073.5 1171.0
976.0 1073.5 1171.0
976.0 1073.5 1171.0
976.0 1073.5 1171.0
976.0 1073.5 1171.0
976.0 1073.5 1171.0
976.0 1073.5 1171.0
976.0 1073.5 1171.0
976.0 1073.5 1171.0
976.0 1073.5 1171.0
976.0 1073.5 1171.0
976.0 1073.5 1171.0
976.0 1073.5 1171.0
976.0 1073.5 1171.0
976.0 1073.5 1171.0
976.0 1073.5 1171.0
976.0 1073.5 1171.0
976.0 1073.5 1171.0
976.0 1073.5 1171.0
976.0 1073.5 1171.0
976.0 1073.5 1171.0
976.0 1073.5 1171.0
976.0 1073.5 1171.0
