12520.0 13932.0 15344.0
10365.0 11229.5 12094.0
7504.0 8281.0 9058.0
7504.0 7860.0 8216.0
6862.0 7378.0 7894.0
5049.0 5564.5 6080.0
3945.0 4391.5 4838.0
3579.0 4208.5 4838.0
2812.0 3025.0 3238.0
2812.0 3025.0 3238.0
2812.0 2851.5 2891.0
2744.0 2778.0 2812.0
1919.0 2480.5 3042.0
1539.0 1774.5 2010.0
1539.0 1774.5 2010.0
1539.0 1774.5 2010.0
1539.0 1774.5 2010.0
1539.0 1774.5 2010.0
1539.0 1774.5 2010.0
1539.0 1774.5 2010.0
1539.0 1792.0 2045.0
1539.0 1792.0 2045.0
1539.0 1792.0 2045.0
1539.0 1792.0 2045.0
1539.0 1792.0 2045.0
1539.0 1792.0 2045.0
1539.0 1792.0 2045.0
1539.0 1792.0 2045.0
1539.0 1792.0 2045.0
1539.0 1792.0 2045.0
1539.0 1792.0 2045.0
1539.0 1792.0 2045.0
1539.0 1792.0 2045.0
1539.0 1792.0 2045.0
1539.0 1792.0 2045.0
1539.0 1792.0 2045.0
1539.0 1792.0 2045.0
1539.0 1792.0 2045.0
1539.0 1792.0 2045.0
1539.0 1792.0 2045.0
1539.0 1792.0 2045.0
1539.0 1726.5 1914.0
1461.0 1500.0 1539.0
1461.0 1500.0 1539.0
1461.0 1500.0 1539.0
1461.0 1500.0 1539.0
1461.0 1500.0 1539.0
1461.0 1500.0 1539.0
1461.0 1500.0 1539.0
1461.0 1500.0 1539.0
1461.0 1500.0 1539.0
1461.0 1500.0 1539.0
1461.0 1500.0 1539.0
1461.0 1500.0 1539.0
1461.0 1500.0 1539.0
1461.0 1500.0 1539.0
1461.0 1500.0 1539.0
1461.0 1500.0 1539.0
1461.0 1500.0 1539.0
1461.0 1500.0 1539.0
1461.0 1500.0 1539.0
1461.0 1500.0 1539.0
1461.0 1500.0 1539.0
1461.0 1500.0 1539.0
1461.0 1500.0 1539.0
1461.0 1500.0 1539.0
1461.0 1500.0 1539.0
1461.0 1500.0 1539.0
1461.0 1500.0 1539.0
1461.0 1500.0 1539.0
1461.0 1500.0 1539.0
1461.0 1500.0 1539.0
1461.0 1500.0 1539.0
1461.0 1500.0 1539.0
1461.0 1500.0 1539.0
1461.0 1500.0 1539.0
1461.0 1500.0 1539.0
1461.0 1500.0 1539.0
1461.0 1500.0 1539.0
1461.0 1500.0 1539.0
1461.0 1500.0 1539.0
1461.0 1500.0 1539.0
1461.0 1500.0 1539.0
1461.0 1500.0 1539.0
1461.0 1500.0 1539.0
1461.0 1500.0 1539.0
1461.0 1500.0 1539.0
1461.0 1500.0 1539.0
1461.0 1500.0 1539.0
1461.0 1500.0 1539.0
1461.0 1500.0 1539.0
1461.0 1500.0 1539.0
1461.0 1500.0 1539.0
1461.0 1500.0 1539.0
1461.0 1500.0 1539.0
1461.0 1500.0 1539.0
1461.0 1500.0 1539.0
1461.0 1500.0 1539.0
1461.0 1500.0 1539.0
1461.0 1500.0 1539.0
1461.0 1500.0 1539.0
1461.0 1500.0 1539.0
1461.0 1500.0 1539.0
1461.0 1500.0 1539.0
1461.0 1500.0 1539.0
1461.0 1500.0 1539.0
1461.0 1500.0 1539.0
1461.0 1500.0 1539.0
1461.0 1500.0 1539.0
1461.0 1500.0 1539.0
1461.0 1500.0 1539.0
1461.0 1500.0 1539.0
1461.0 1500.0 1539.0
1461.0 1500.0 1539.0
1461.0 1500.0 1539.0
1461.0 1500.0 1539.0
1461.0 1500.0 1539.0
1461.0 1500.0 1539.0
1461.0 1500.0 1539.0
1461.0 1500.0 1539.0
1461.0 1500.0 1539.0
1461.0 1500.0 1539.0
1461.0 1500.0 1539.0
1461.0 1500.0 1539.0
1461.0 1500.0 1539.0
1461.0 1500.0 1539.0
1461.0 1500.0 1539.0
1461.0 1500.0 1539.0
1461.0 1500.0 1539.0
1461.0 1500.0 1539.0
1461.0 1500.0 1539.0
1461.0 1500.0 1539.0
1461.0 1500.0 1539.0
1461.0 1500.0 1539.0
1461.0 1500.0 1539.0
1539.0 1568.5 1598.0
1201.0 1370.0 1539.0
1201.0 1370.0 1539.0
1201.0 1370.0 1539.0
1201.0 1370.0 1539.0
1201.0 1370.0 1539.0
1201.0 1370.0 1539.0
1201.0 1370.0 1539.0
1201.0 1370.0 1539.0
1201.0 1370.0 1539.0
1201.0 1370.0 1539.0
1201.0 1370.0 1539.0
1201.0 1370.0 1539.0
1201.0 1370.0 1539.0
1201.0 1370.0 1539.0
1201.0 1370.0 1539.0
1201.0 1370.0 1539.0
1201.0 1370.0 1539.0
1201.0 1370.0 1539.0
1201.0 1370.0 1539.0
1201.0 1370.0 1539.0
1201.0 1370.0 1539.0
1201.0 1370.0 1539.0
1201.0 1370.0 1539.0
1201.0 1370.0 1539.0
1201.0 1370.0 1539.0
1201.0 1370.0 1539.0
1201.0 1370.0 1539.0
1201.0 1370.0 1539.0
1201.0 1370.0 1539.0
1201.0 1370.0 1539.0
1201.0 1370.0 1539.0
1201.0 1370.0 1539.0
1201.0 1370.0 1539.0
1201.0 1370.0 1539.0
1201.0 1370.0 1539.0
1201.0 1370.0 1539.0
1201.0 1370.0 1539.0
1201.0 1370.0 1539.0
1201.0 1370.0 1539.0
1201.0 1370.0 1539.0
1201.0 1370.0 1539.0
1201.0 1370.0 1539.0
1201.0 1370.0 1539.0
1201.0 1370.0 1539.0
1201.0 1370.0 1539.0
1201.0 1370.0 1539.0
1201.0 1370.0 1539.0
1201.0 1370.0 1539.0
1201.0 1370.0 1539.0
1201.0 1370.0 1539.0
1201.0 1370.0 1539.0
1201.0 1370.0 1539.0
1201.0 1370.0 1539.0
1201.0 1370.0 1539.0
1201.0 1370.0 1539.0
1201.0 1370.0 1539.0
1201.0 1370.0 1539.0
1201.0 1370.0 1539.0
1201.0 1370.0 1539.0
1201.0 1370.0 1539.0
1201.0 1370.0 1539.0
1201.0 1370.0 1539.0
1201.0 1370.0 1539.0
1201.0 1370.0 1539.0
