12342.0 12459.5 12577.0
10268.0 10297.5 10327.0
6371.0 8092.5 9814.0
7810.0 8039.5 8269.0
5632.0 6868.5 8105.0
3396.0 4004.5 4613.0
3396.0 3671.0 3946.0
2300.0 2855.5 3411.0
2569.0 2757.5 2946.0
2216.0 2581.0 2946.0
1836.0 2546.0 3256.0
2092.0 2674.0 3256.0
1626.0 1952.0 2278.0
1626.0 1952.0 2278.0
1626.0 1741.5 1857.0
1626.0 1741.5 1857.0
1626.0 1741.5 1857.0
1626.0 1741.5 1857.0
1626.0 1741.5 1857.0
1626.0 1741.5 1857.0
1626.0 1741.5 1857.0
1626.0 1741.5 1857.0
1626.0 1741.5 1857.0
1626.0 1741.5 1857.0
1626.0 1741.5 1857.0
1626.0 1654.0 1682.0
1626.0 1654.0 1682.0
1626.0 1654.0 1682.0
1626.0 1654.0 1682.0
1626.0 1654.0 1682.0
1626.0 1654.0 1682.0
1626.0 1654.0 1682.0
1626.0 1654.0 1682.0
1626.0 1654.0 1682.0
1626.0 1654.0 1682.0
1626.0 1654.0 1682.0
1626.0 1654.0 1682.0
1626.0 1654.0 1682.0
1626.0 1654.0 1682.0
1626.0 1654.0 1682.0
1626.0 1654.0 1682.0
1626.0 1654.0 1682.0
1626.0 1654.0 1682.0
1626.0 1654.0 1682.0
1626.0 1654.0 1682.0
1626.0 1654.0 1682.0
1626.0 1654.0 1682.0
1626.0 1654.0 1682.0
1626.0 1654.0 1682.0
1626.0 1654.0 1682.0
1626.0 1654.0 1682.0
1626.0 1654.0 1682.0
1626.0 1654.0 1682.0
1626.0 1654.0 1682.0
1626.0 1654.0 1682.0
1626.0 1654.0 1682.0
1626.0 1654.0 1682.0
1626.0 1654.0 1682.0
1626.0 1654.0 1682.0
1626.0 1654.0 1682.0
1626.0 1654.0 1682.0
1626.0 1654.0 1682.0
1626.0 1654.0 1682.0
1626.0 1654.0 1682.0
1626.0 1654.0 1682.0
1626.0 1654.0 1682.0
1626.0 1654.0 1682.0
1626.0 1654.0 1682.0
1626.0 1654.0 1682.0
1626.0 1654.0 1682.0
1626.0 1654.0 1682.0
1626.0 1654.0 1682.0
1626.0 1654.0 1682.0
1626.0 1654.0 1682.0
1626.0 1654.0 1682.0
1626.0 1654.0 1682.0
1626.0 1654.0 1682.0
1626.0 1654.0 1682.0
1626.0 1654.0 1682.0
1626.0 1654.0 1682.0
1626.0 1654.0 1682.0
1626.0 1654.0 1682.0
1626.0 1654.0 1682.0
1626.0 1654.0 1682.0
1626.0 1654.0 1682.0
1626.0 1654.0 1682.0
1626.0 1654.0 1682.0
1626.0 1654.0 1682.0
1626.0 1654.0 1682.0
1626.0 1654.0 1682.0
1626.0 1654.0 1682.0
1626.0 1654.0 1682.0
1626.0 1673.5 1721.0
1626.0 1673.5 1721.0
1626.0 1673.5 1721.0
1626.0 1673.5 1721.0
1626.0 1673.5 1721.0
1626.0 1673.5 1721.0
1626.0 1673.5 1721.0
1626.0 1673.5 1721.0
1626.0 1673.5 1721.0
1626.0 1673.5 1721.0
1626.0 1673.5 1721.0
1626.0 1673.5 1721.0
1626.0 1673.5 1721.0
1626.0 1673.5 1721.0
1626.0 1673.5 1721.0
1626.0 1673.5 1721.0
1626.0 1673.5 1721.0
1626.0 1673.5 1721.0
1626.0 1673.5 1721.0
1626.0 1673.5 1721.0
1626.0 1673.5 1721.0
1626.0 1673.5 1721.0
1626.0 1673.5 1721.0
1626.0 1673.5 1721.0
1626.0 1673.5 1721.0
1626.0 1673.5 1721.0
1626.0 1673.5 1721.0
1626.0 1673.5 1721.0
1626.0 1673.5 1721.0
1626.0 1673.5 1721.0
1626.0 1673.5 1721.0
1626.0 1673.5 1721.0
1626.0 1673.5 1721.0
1626.0 1673.5 1721.0
1626.0 1673.5 1721.0
1626.0 1673.5 1721.0
1626.0 1673.5 1721.0
1626.0 1673.5 1721.0
1626.0 1673.5 1721.0
1626.0 1673.5 1721.0
1626.0 1673.5 1721.0
1626.0 1673.5 1721.0
1626.0 1673.5 1721.0
1626.0 1673.5 1721.0
1626.0 1673.5 1721.0
1626.0 1673.5 1721.0
1626.0 1673.5 1721.0
1626.0 1673.5 1721.0
1626.0 1673.5 1721.0
1626.0 1673.5 1721.0
1626.0 1673.5 1721.0
1626.0 1673.5 1721.0
1626.0 1673.5 1721.0
1626.0 1673.5 1721.0
1626.0 1673.5 1721.0
1626.0 1673.5 1721.0
1255.0 1488.0 1721.0
891.0 1306.0 1721.0
891.0 1306.0 1721.0
891.0 1306.0 1721.0
891.0 1306.0 1721.0
891.0 1306.0 1721.0
891.0 1306.0 1721.0
891.0 1306.0 1721.0
891.0 1306.0 1721.0
891.0 1306.0 1721.0
891.0 1306.0 1721.0
891.0 1306.0 1721.0
891.0 1306.0 1721.0
891.0 1306.0 1721.0
891.0 1306.0 1721.0
891.0 1306.0 1721.0
891.0 1306.0 1721.0
891.0 1306.0 1721.0
891.0 1306.0 1721.0
891.0 1306.0 1721.0
891.0 1306.0 1721.0
891.0 1306.0 1721.0
891.0 1306.0 1721.0
891.0 1306.0 1721.0
891.0 1306.0 1721.0
891.0 1306.0 1721.0
891.0 1306.0 1721.0
891.0 1306.0 1721.0
891.0 1306.0 1721.0
891.0 1306.0 1721.0
891.0 1306.0 1721.0
891.0 1306.0 1721.0
891.0 1306.0 1721.0
891.0 1306.0 1721.0
891.0 1306.0 1721.0
891.0 1306.0 1721.0
891.0 1306.0 1721.0
891.0 1306.0 1721.0
891.0 1306.0 1721.0
891.0 1306.0 1721.0
891.0 1306.0 1721.0
891.0 1306.0 1721.0
891.0 1306.0 1721.0
891.0 1306.0 1721.0
891.0 1306.0 1721.0
891.0 1306.0 1721.0
891.0 1306.0 1721.0
891.0 1306.0 1721.0
891.0 1306.0 1721.0
891.0 1306.0 1721.0
891.0 1306.0 1721.0
891.0 1306.0 1721.0
