14656.0 14938.0 15220.0
10815.0 12558.5 14302.0
9794.0 10207.0 10620.0
7851.0 8438.0 9025.0
5320.0 5734.0 6148.0
5320.0 5924.0 6528.0
4864.0 5010.0 5156.0
3658.0 4407.0 5156.0
3397.0 3845.5 4294.0
2311.0 2890.5 3470.0
2311.0 2677.0 3043.0
2311.0 2677.0 3043.0
1701.0 1988.5 2276.0
1701.0 1988.5 2276.0
1701.0 1988.5 2276.0
1701.0 1988.5 2276.0
1701.0 1988.5 2276.0
1701.0 1988.5 2276.0
1701.0 1988.5 2276.0
1701.0 1766.0 1831.0
1701.0 1771.0 1841.0
1701.0 1771.0 1841.0
1701.0 1771.0 1841.0
1701.0 1771.0 1841.0
1701.0 1771.0 1841.0
1701.0 1771.0 1841.0
1701.0 1771.0 1841.0
1701.0 1771.0 1841.0
1701.0 1771.0 1841.0
1701.0 1771.0 1841.0
1701.0 1771.0 1841.0
1701.0 1771.0 1841.0
1701.0 1771.0 1841.0
1701.0 1771.0 1841.0
1701.0 1771.0 1841.0
1701.0 1771.0 1841.0
1701.0 1771.0 1841.0
1701.0 1771.0 1841.0
1701.0 1771.0 1841.0
1701.0 1771.0 1841.0
1701.0 1771.0 1841.0
1701.0 1771.0 1841.0
1701.0 1771.0 1841.0
1701.0 1771.0 1841.0
1701.0 1771.0 1841.0
1701.0 1771.0 1841.0
1701.0 1771.0 1841.0
1701.0 1771.0 1841.0
1701.0 1771.0 1841.0
1701.0 1771.0 1841.0
1701.0 1771.0 1841.0
1701.0 1771.0 1841.0
1701.0 1771.0 1841.0
1701.0 1771.0 1841.0
1701.0 1771.0 1841.0
1701.0 1771.0 1841.0
1701.0 1771.0 1841.0
1701.0 1771.0 1841.0
1701.0 1771.0 1841.0
1701.0 1771.0 1841.0
1701.0 1771.0 1841.0
1701.0 1771.0 1841.0
1701.0 1771.0 1841.0
1701.0 1771.0 1841.0
1701.0 1771.0 1841.0
1701.0 1771.0 1841.0
1701.0 1771.0 1841.0
1701.0 1771.0 1841.0
1701.0 1771.0 1841.0
1701.0 1771.0 1841.0
1701.0 1771.0 1841.0
1701.0 1771.0 1841.0
1701.0 1771.0 1841.0
1701.0 1771.0 1841.0
1701.0 1771.0 1841.0
1701.0 1771.0 1841.0
1701.0 1771.0 1841.0
1701.0 1771.0 1841.0
1701.0 1771.0 1841.0
1701.0 1771.0 1841.0
1701.0 1771.0 1841.0
1701.0 1771.0 1841.0
1701.0 1771.0 1841.0
1701.0 1771.0 1841.0
1701.0 1771.0 1841.0
1701.0 1771.0 1841.0
1701.0 1771.0 1841.0
1701.0 1771.0 1841.0
1701.0 1771.0 1841.0
1701.0 1771.0 1841.0
1701.0 1771.0 1841.0
1701.0 1771.0 1841.0
1701.0 1771.0 1841.0
1701.0 1771.0 1841.0
1701.0 1771.0 1841.0
1701.0 1771.0 1841.0
1701.0 1771.0 1841.0
1701.0 1771.0 1841.0
1701.0 1771.0 1841.0
1701.0 1771.0 1841.0
1701.0 1771.0 1841.0
1701.0 1771.0 1841.0
1701.0 1771.0 1841.0
1701.0 1771.0 1841.0
1701.0 1771.0 1841.0
1701.0 1771.0 1841.0
1701.0 1771.0 1841.0
1701.0 1771.0 1841.0
1701.0 1771.0 1841.0
1701.0 1771.0 1841.0
1701.0 1771.0 1841.0
1701.0 1771.0 1841.0
1701.0 1771.0 1841.0
1701.0 1771.0 1841.0
1701.0 1771.0 1841.0
1701.0 1771.0 1841.0
1701.0 1771.0 1841.0
1701.0 1771.0 1841.0
1701.0 1771.0 1841.0
1701.0 1771.0 1841.0
1701.0 1771.0 1841.0
1701.0 1771.0 1841.0
1701.0 1771.0 1841.0
1701.0 1771.0 1841.0
1701.0 1771.0 1841.0
1701.0 1771.0 1841.0
1701.0 1771.0 1841.0
1701.0 1771.0 1841.0
1701.0 1771.0 1841.0
1701.0 1771.0 1841.0
1701.0 1771.0 1841.0
1701.0 1771.0 1841.0
1701.0 1771.0 1841.0
1701.0 1771.0 1841.0
1701.0 1771.0 1841.0
1701.0 1771.0 1841.0
1701.0 1771.0 1841.0
1701.0 1771.0 1841.0
1701.0 1771.0 1841.0
1701.0 1771.0 1841.0
1451.0 1576.0 1701.0
1412.0 1556.5 1701.0
1412.0 1556.5 1701.0
1412.0 1556.5 1701.0
1412.0 1556.5 1701.0
1412.0 1556.5 1701.0
1412.0 1556.5 1701.0
1412.0 1556.5 1701.0
1412.0 1556.5 1701.0
1412.0 1556.5 1701.0
1412.0 1556.5 1701.0
1412.0 1556.5 1701.0
1412.0 1556.5 1701.0
1412.0 1556.5 1701.0
1412.0 1556.5 1701.0
1412.0 1556.5 1701.0
1412.0 1556.5 1701.0
1412.0 1556.5 1701.0
1412.0 1556.5 1701.0
1412.0 1556.5 1701.0
1412.0 1556.5 1701.0
1412.0 1556.5 1701.0
1412.0 1556.5 1701.0
1412.0 1556.5 1701.0
1412.0 1556.5 1701.0
1412.0 1556.5 1701.0
1412.0 1556.5 1701.0
1412.0 1556.5 1701.0
1412.0 1556.5 1701.0
1412.0 1556.5 1701.0
1412.0 1556.5 1701.0
1412.0 1556.5 1701.0
1412.0 1556.5 1701.0
1412.0 1556.5 1701.0
1412.0 1556.5 1701.0
1412.0 1556.5 1701.0
1412.0 1556.5 1701.0
1412.0 1556.5 1701.0
1412.0 1556.5 1701.0
1412.0 1556.5 1701.0
1412.0 1556.5 1701.0
1412.0 1556.5 1701.0
1412.0 1556.5 1701.0
1404.0 1552.5 1701.0
1404.0 1552.5 1701.0
1404.0 1552.5 1701.0
1404.0 1552.5 1701.0
1404.0 1552.5 1701.0
1404.0 1552.5 1701.0
1404.0 1552.5 1701.0
1404.0 1552.5 1701.0
1404.0 1552.5 1701.0
1404.0 1552.5 1701.0
1404.0 1552.5 1701.0
1404.0 1552.5 1701.0
1404.0 1552.5 1701.0
1404.0 1552.5 1701.0
1404.0 1552.5 1701.0
1404.0 1552.5 1701.0
1404.0 1552.5 1701.0
