11131.0 12799.5 14468.0
7733.0 8903.5 10074.0
6050.0 7190.5 8331.0
5498.0 6099.0 6700.0
3119.0 3973.5 4828.0
2837.0 2978.0 3119.0
2311.0 2574.0 2837.0
2311.0 2406.5 2502.0
1676.0 1781.0 1886.0
1632.0 1718.0 1804.0
1331.0 1567.5 1804.0
1121.0 1226.0 1331.0
1121.0 1226.0 1331.0
1108.0 1197.5 1287.0
1108.0 1197.5 1287.0
1108.0 1197.5 1287.0
1108.0 1197.5 1287.0
1108.0 1197.5 1287.0
1108.0 1197.5 1287.0
1108.0 1197.5 1287.0
1108.0 1197.5 1287.0
1108.0 1197.5 1287.0
1108.0 1197.5 1287.0
1108.0 1197.5 1287.0
1108.0 1197.5 1287.0
1108.0 1197.5 1287.0
1108.0 1197.5 1287.0
1108.0 1197.5 1287.0
1108.0 1197.5 1287.0
1108.0 1197.5 1287.0
1108.0 1197.5 1287.0
1108.0 1197.5 1287.0
1108.0 1197.5 1287.0
1108.0 1197.5 1287.0
1108.0 1197.5 1287.0
1108.0 1197.5 1287.0
1108.0 1197.5 1287.0
1108.0 1197.5 1287.0
1108.0 1197.5 1287.0
1108.0 1197.5 1287.0
1108.0 1197.5 1287.0
1108.0 1197.5 1287.0
1108.0 1197.5 1287.0
1108.0 1197.5 1287.0
1108.0 1197.5 1287.0
1108.0 1197.5 1287.0
1108.0 1197.5 1287.0
1108.0 1197.5 1287.0
1108.0 1197.5 1287.0
1108.0 1197.5 1287.0
1108.0 1197.5 1287.0
1108.0 1197.5 1287.0
1108.0 1197.5 1287.0
1108.0 1197.5 1287.0
1108.0 1197.5 1287.0
1108.0 1197.5 1287.0
1108.0 1197.5 1287.0
1108.0 1197.5 1287.0
1108.0 1197.5 1287.0
1108.0 1197.5 1287.0
1108.0 1197.5 1287.0
1108.0 1197.5 1287.0
1108.0 1197.5 1287.0
1108.0 1197.5 1287.0
1108.0 1197.5 1287.0
1108.0 1197.5 1287.0
1108.0 1197.5 1287.0
1108.0 1197.5 1287.0
1108.0 1197.5 1287.0
1108.0 1197.5 1287.0
1108.0 1197.5 1287.0
1108.0 1197.5 1287.0
1108.0 1197.5 1287.0
1108.0 1197.5 1287.0
1108.0 1197.5 1287.0
1108.0 1197.5 1287.0
1108.0 1197.5 1287.0
1108.0 1197.5 1287.0
1108.0 1197.5 1287.0
1108.0 1197.5 1287.0
1108.0 1197.5 1287.0
1108.0 1197.5 1287.0
1108.0 1197.5 1287.0
1108.0 1197.5 1287.0
1108.0 1197.5 1287.0
1108.0 1197.5 1287.0
1108.0 1197.5 1287.0
1108.0 1197.5 1287.0
1108.0 1197.5 1287.0
1108.0 1197.5 1287.0
1108.0 1197.5 1287.0
1108.0 1197.5 1287.0
1108.0 1197.5 1287.0
1108.0 1197.5 1287.0
1108.0 1197.5 1287.0
1108.0 1197.5 1287.0
1108.0 1197.5 1287.0
1108.0 1197.5 1287.0
1108.0 1197.5 1287.0
1108.0 1197.5 1287.0
1108.0 1197.5 1287.0
1108.0 1197.5 1287.0
1108.0 1197.5 1287.0
1108.0 1197.5 1287.0
1108.0 1197.5 1287.0
1108.0 1197.5 1287.0
1108.0 1197.5 1287.0
1108.0 1197.5 1287.0
1108.0 1197.5 1287.0
1108.0 1197.5 1287.0
1108.0 1197.5 1287.0
1108.0 1197.5 1287.0
1108.0 1197.5 1287.0
1108.0 1197.5 1287.0
1108.0 1197.5 1287.0
1108.0 1197.5 1287.0
1108.0 1197.5 1287.0
1108.0 1197.5 1287.0
1108.0 1197.5 1287.0
1108.0 1197.5 1287.0
1108.0 1197.5 1287.0
1108.0 1197.5 1287.0
1108.0 1197.5 1287.0
1108.0 1197.5 1287.0
1108.0 1197.5 1287.0
1108.0 1197.5 1287.0
1108.0 1197.5 1287.0
1108.0 1197.5 1287.0
1108.0 1197.5 1287.0
1108.0 1197.5 1287.0
1108.0 1197.5 1287.0
1108.0 1197.5 1287.0
1108.0 1197.5 1287.0
1108.0 1197.5 1287.0
1108.0 1197.5 1287.0
1108.0 1197.5 1287.0
1108.0 1197.5 1287.0
1108.0 1197.5 1287.0
1108.0 1197.5 1287.0
1108.0 1197.5 1287.0
1108.0 1197.5 1287.0
1108.0 1197.5 1287.0
1108.0 1197.5 1287.0
1108.0 1197.5 1287.0
1108.0 1197.5 1287.0
1108.0 1197.5 1287.0
1108.0 1197.5 1287.0
1108.0 1197.5 1287.0
1108.0 1197.5 1287.0
1108.0 1197.5 1287.0
1108.0 1197.5 1287.0
1108.0 1197.5 1287.0
1108.0 1197.5 1287.0
1108.0 1197.5 1287.0
1108.0 1197.5 1287.0
1108.0 1197.5 1287.0
1108.0 1197.5 1287.0
1108.0 1197.5 1287.0
1108.0 1197.5 1287.0
1108.0 1197.5 1287.0
1108.0 1197.5 1287.0
1108.0 1197.5 1287.0
1108.0 1197.5 1287.0
1108.0 1197.5 1287.0
1108.0 1197.5 1287.0
1108.0 1197.5 1287.0
1108.0 1197.5 1287.0
1108.0 1197.5 1287.0
1108.0 1197.5 1287.0
1108.0 1197.5 1287.0
1108.0 1127.0 1146.0
1108.0 1127.0 1146.0
1108.0 1127.0 1146.0
1108.0 1127.0 1146.0
1108.0 1127.0 1146.0
1108.0 1127.0 1146.0
1108.0 1127.0 1146.0
1108.0 1127.0 1146.0
1108.0 1127.0 1146.0
1108.0 1127.0 1146.0
1108.0 1127.0 1146.0
1108.0 1127.0 1146.0
1108.0 1127.0 1146.0
1108.0 1127.0 1146.0
1108.0 1127.0 1146.0
1108.0 1127.0 1146.0
1108.0 1127.0 1146.0
1108.0 1127.0 1146.0
1108.0 1127.0 1146.0
1108.0 1127.0 1146.0
1108.0 1127.0 1146.0
1108.0 1127.0 1146.0
1108.0 1127.0 1146.0
1108.0 1127.0 1146.0
1108.0 1127.0 1146.0
1108.0 1127.0 1146.0
1108.0 1127.0 1146.0
1108.0 1127.0 1146.0
1108.0 1127.0 1146.0
1108.0 1127.0 1146.0
