16559.0 16875.0 17191.0
14097.0 15855.5 17614.0
8085.0 9466.5 10848.0
6975.0 8728.5 10482.0
5948.0 7992.5 10037.0
4827.0 6269.5 7712.0
4563.0 5467.0 6371.0
4011.0 4470.5 4930.0
2877.0 3917.0 4957.0
2877.0 3917.0 4957.0
2877.0 3732.0 4587.0
3225.0 3651.0 4077.0
2206.0 2715.5 3225.0
2206.0 2715.5 3225.0
2206.0 2715.5 3225.0
2206.0 2715.5 3225.0
2206.0 2715.5 3225.0
2206.0 2715.5 3225.0
2206.0 2715.5 3225.0
2206.0 2715.5 3225.0
2206.0 2715.5 3225.0
2206.0 2715.5 3225.0
2206.0 2715.5 3225.0
2206.0 2715.5 3225.0
2206.0 2715.5 3225.0
2206.0 2715.5 3225.0
2206.0 2715.5 3225.0
2681.0 2953.0 3225.0
2337.0 2781.0 3225.0
2337.0 2781.0 3225.0
2337.0 2781.0 3225.0
2337.0 2781.0 3225.0
2337.0 2781.0 3225.0
2337.0 2781.0 3225.0
2337.0 2781.0 3225.0
2337.0 2781.0 3225.0
2337.0 2781.0 3225.0
2337.0 2781.0 3225.0
2337.0 2577.0 2817.0
2337.0 2403.5 2470.0
1511.0 1924.0 2337.0
1511.0 1924.0 2337.0
1511.0 1924.0 2337.0
1511.0 1924.0 2337.0
1511.0 1924.0 2337.0
1511.0 1924.0 2337.0
1511.0 1924.0 2337.0
1511.0 1924.0 2337.0
1511.0 1924.0 2337.0
1511.0 1924.0 2337.0
1511.0 1924.0 2337.0
1511.0 1924.0 2337.0
1511.0 1924.0 2337.0
1511.0 1924.0 2337.0
1511.0 1924.0 2337.0
1511.0 1924.0 2337.0
1511.0 1924.0 2337.0
1511.0 1924.0 2337.0
1511.0 1924.0 2337.0
1511.0 1924.0 2337.0
1511.0 1924.0 2337.0
1511.0 1924.0 2337.0
1511.0 1924.0 2337.0
1511.0 1924.0 2337.0
1511.0 1924.0 2337.0
1511.0 1924.0 2337.0
1511.0 1924.0 2337.0
1511.0 1924.0 2337.0
1511.0 1924.0 2337.0
1511.0 1924.0 2337.0
1511.0 1924.0 2337.0
1511.0 1924.0 2337.0
1511.0 1924.0 2337.0
1511.0 1924.0 2337.0
1511.0 1924.0 2337.0
1511.0 1924.0 2337.0
1511.0 1924.0 2337.0
1511.0 1924.0 2337.0
1511.0 1924.0 2337.0
1511.0 1924.0 2337.0
1511.0 1924.0 2337.0
1511.0 1924.0 2337.0
1511.0 1924.0 2337.0
1511.0 1924.0 2337.0
1511.0 1924.0 2337.0
1511.0 1924.0 2337.0
1511.0 1924.0 2337.0
1511.0 1661.5 1812.0
1511.0 1854.5 2198.0
1511.0 1682.0 1853.0
1511.0 1682.0 1853.0
1511.0 1682.0 1853.0
1511.0 1682.0 1853.0
1511.0 1682.0 1853.0
1511.0 1682.0 1853.0
1511.0 1682.0 1853.0
1511.0 1682.0 1853.0
1511.0 1682.0 1853.0
1511.0 1682.0 1853.0
1511.0 1682.0 1853.0
1511.0 1682.0 1853.0
1511.0 1682.0 1853.0
1511.0 1682.0 1853.0
1511.0 1682.0 1853.0
1511.0 1682.0 1853.0
1511.0 1682.0 1853.0
1511.0 1682.0 1853.0
1511.0 1682.0 1853.0
1511.0 1682.0 1853.0
1511.0 1682.0 1853.0
1511.0 1682.0 1853.0
1511.0 1682.0 1853.0
1511.0 1682.0 1853.0
1511.0 1682.0 1853.0
1511.0 1682.0 1853.0
1511.0 1682.0 1853.0
1511.0 1682.0 1853.0
1511.0 1682.0 1853.0
1511.0 1682.0 1853.0
1511.0 1682.0 1853.0
1511.0 1682.0 1853.0
1511.0 1682.0 1853.0
1511.0 1682.0 1853.0
1511.0 1682.0 1853.0
1511.0 1682.0 1853.0
1511.0 1682.0 1853.0
1511.0 1740.0 1969.0
1511.0 1740.0 1969.0
1373.0 1442.0 1511.0
1373.0 1442.0 1511.0
1373.0 1442.0 1511.0
1373.0 1442.0 1511.0
1373.0 1442.0 1511.0
1373.0 1442.0 1511.0
1373.0 1442.0 1511.0
1373.0 1442.0 1511.0
1373.0 1442.0 1511.0
1373.0 1442.0 1511.0
1373.0 1442.0 1511.0
1373.0 1442.0 1511.0
1373.0 1442.0 1511.0
1373.0 1442.0 1511.0
1373.0 1442.0 1511.0
1373.0 1442.0 1511.0
1373.0 1442.0 1511.0
1373.0 1442.0 1511.0
1373.0 1442.0 1511.0
1373.0 1442.0 1511.0
1373.0 1442.0 1511.0
1373.0 1442.0 1511.0
1373.0 1442.0 1511.0
1373.0 1442.0 1511.0
1373.0 1442.0 1511.0
1373.0 1442.0 1511.0
1373.0 1442.0 1511.0
1373.0 1442.0 1511.0
1373.0 1442.0 1511.0
1373.0 1442.0 1511.0
1373.0 1442.0 1511.0
1373.0 1442.0 1511.0
1373.0 1442.0 1511.0
1373.0 1442.0 1511.0
1373.0 1442.0 1511.0
1373.0 1442.0 1511.0
1373.0 1442.0 1511.0
1373.0 1442.0 1511.0
1373.0 1442.0 1511.0
1373.0 1442.0 1511.0
1373.0 1442.0 1511.0
1373.0 1442.0 1511.0
1373.0 1442.0 1511.0
1373.0 1442.0 1511.0
1373.0 1442.0 1511.0
1373.0 1442.0 1511.0
1373.0 1442.0 1511.0
1373.0 1442.0 1511.0
1373.0 1442.0 1511.0
1373.0 1442.0 1511.0
1373.0 1442.0 1511.0
1292.0 1401.5 1511.0
1292.0 1401.5 1511.0
1292.0 1401.5 1511.0
1292.0 1401.5 1511.0
1292.0 1401.5 1511.0
1292.0 1401.5 1511.0
1292.0 1401.5 1511.0
1292.0 1401.5 1511.0
1292.0 1401.5 1511.0
1292.0 1401.5 1511.0
1292.0 1401.5 1511.0
1292.0 1401.5 1511.0
1292.0 1401.5 1511.0
1292.0 1401.5 1511.0
1292.0 1401.5 1511.0
1292.0 1401.5 1511.0
1292.0 1401.5 1511.0
1292.0 1401.5 1511.0
1292.0 1401.5 1511.0
1292.0 1401.5 1511.0
1292.0 1401.5 1511.0
