13095.0 14657.5 16220.0
9531.0 11032.0 12533.0
8274.0 9718.5 11163.0
5643.0 6551.5 7460.0
5721.0 5895.5 6070.0
4683.0 4724.5 4766.0
2408.0 3587.0 4766.0
1894.0 2870.5 3847.0
1638.0 2489.0 3340.0
1638.0 2333.0 3028.0
1638.0 2167.5 2697.0
1638.0 2133.0 2628.0
1638.0 1717.5 1797.0
1638.0 1717.5 1797.0
1638.0 1717.5 1797.0
1638.0 1717.5 1797.0
1638.0 1717.5 1797.0
1638.0 1717.5 1797.0
1638.0 1717.5 1797.0
1638.0 1717.5 1797.0
1638.0 1717.5 1797.0
1638.0 1717.5 1797.0
1638.0 1717.5 1797.0
1638.0 1717.5 1797.0
1638.0 1717.5 1797.0
1638.0 1717.5 1797.0
1638.0 1717.5 1797.0
1638.0 1717.5 1797.0
1638.0 1717.5 1797.0
1638.0 1717.5 1797.0
1638.0 1717.5 1797.0
1543.0 1590.5 1638.0
1543.0 1590.5 1638.0
1543.0 1590.5 1638.0
1543.0 1590.5 1638.0
1543.0 1590.5 1638.0
1543.0 1590.5 1638.0
1543.0 1590.5 1638.0
1543.0 1590.5 1638.0
1543.0 1590.5 1638.0
1543.0 1590.5 1638.0
1543.0 1590.5 1638.0
1543.0 1590.5 1638.0
1543.0 1590.5 1638.0
1543.0 1590.5 1638.0
1543.0 1590.5 1638.0
1543.0 1590.5 1638.0
1543.0 1590.5 1638.0
1543.0 1590.5 1638.0
1543.0 1590.5 1638.0
1543.0 1590.5 1638.0
1543.0 1590.5 1638.0
1543.0 1590.5 1638.0
1543.0 1590.5 1638.0
1543.0 1590.5 1638.0
1543.0 1590.5 1638.0
1543.0 1590.5 1638.0
1543.0 1590.5 1638.0
1543.0 1590.5 1638.0
1543.0 1590.5 1638.0
1543.0 1590.5 1638.0
1543.0 1590.5 1638.0
1543.0 1590.5 1638.0
1543.0 1590.5 1638.0
1459.0 1501.0 1543.0
1507.0 1525.0 1543.0
1222.0 1383.0 1544.0
1222.0 1383.0 1544.0
1222.0 1383.0 1544.0
1222.0 1383.0 1544.0
1222.0 1383.0 1544.0
1222.0 1383.0 1544.0
1222.0 1383.0 1544.0
1222.0 1383.0 1544.0
1222.0 1383.0 1544.0
1222.0 1383.0 1544.0
1222.0 1383.0 1544.0
1222.0 1383.0 1544.0
1222.0 1383.0 1544.0
1222.0 1383.0 1544.0
1222.0 1383.0 1544.0
1222.0 1383.0 1544.0
1222.0 1383.0 1544.0
1222.0 1383.0 1544.0
1222.0 1383.0 1544.0
1222.0 1383.0 1544.0
1222.0 1383.0 1544.0
1222.0 1383.0 1544.0
1222.0 1383.0 1544.0
1222.0 1383.0 1544.0
1222.0 1383.0 1544.0
1222.0 1383.0 1544.0
1222.0 1383.0 1544.0
1222.0 1383.0 1544.0
1222.0 1383.0 1544.0
1222.0 1383.0 1544.0
1222.0 1383.0 1544.0
1222.0 1383.0 1544.0
1222.0 1383.0 1544.0
1222.0 1383.0 1544.0
1222.0 1383.0 1544.0
1222.0 1383.0 1544.0
1222.0 1383.0 1544.0
1222.0 1383.0 1544.0
1222.0 1383.0 1544.0
1222.0 1383.0 1544.0
1222.0 1383.0 1544.0
1222.0 1383.0 1544.0
1222.0 1383.0 1544.0
1222.0 1383.0 1544.0
1222.0 1383.0 1544.0
1222.0 1383.0 1544.0
1222.0 1383.0 1544.0
1222.0 1383.0 1544.0
1222.0 1383.0 1544.0
1222.0 1383.0 1544.0
1222.0 1383.0 1544.0
1222.0 1383.0 1544.0
1222.0 1383.0 1544.0
1222.0 1383.0 1544.0
1222.0 1383.0 1544.0
1222.0 1383.0 1544.0
1222.0 1383.0 1544.0
1222.0 1383.0 1544.0
1222.0 1383.0 1544.0
1222.0 1383.0 1544.0
1222.0 1383.0 1544.0
1222.0 1383.0 1544.0
1188.0 1205.0 1222.0
1188.0 1205.0 1222.0
1188.0 1205.0 1222.0
1188.0 1205.0 1222.0
1188.0 1205.0 1222.0
1188.0 1205.0 1222.0
1188.0 1205.0 1222.0
1188.0 1205.0 1222.0
1188.0 1205.0 1222.0
1188.0 1205.0 1222.0
1188.0 1205.0 1222.0
1188.0 1205.0 1222.0
1188.0 1205.0 1222.0
1188.0 1205.0 1222.0
1188.0 1205.0 1222.0
1188.0 1205.0 1222.0
1188.0 1205.0 1222.0
1188.0 1205.0 1222.0
1188.0 1205.0 1222.0
1188.0 1205.0 1222.0
1188.0 1205.0 1222.0
1188.0 1205.0 1222.0
1188.0 1205.0 1222.0
1188.0 1205.0 1222.0
1188.0 1205.0 1222.0
1188.0 1205.0 1222.0
1188.0 1205.0 1222.0
1188.0 1205.0 1222.0
1188.0 1205.0 1222.0
1188.0 1205.0 1222.0
1188.0 1205.0 1222.0
1188.0 1205.0 1222.0
1188.0 1205.0 1222.0
1188.0 1205.0 1222.0
989.0 1088.5 1188.0
989.0 1088.5 1188.0
989.0 1088.5 1188.0
989.0 1088.5 1188.0
989.0 1088.5 1188.0
989.0 1088.5 1188.0
989.0 1088.5 1188.0
989.0 1088.5 1188.0
989.0 1088.5 1188.0
989.0 1088.5 1188.0
989.0 1088.5 1188.0
989.0 1088.5 1188.0
989.0 1088.5 1188.0
989.0 1088.5 1188.0
989.0 1088.5 1188.0
989.0 1088.5 1188.0
989.0 1088.5 1188.0
989.0 1088.5 1188.0
989.0 1088.5 1188.0
989.0 1088.5 1188.0
989.0 1088.5 1188.0
989.0 1088.5 1188.0
989.0 1088.5 1188.0
989.0 1088.5 1188.0
989.0 1088.5 1188.0
989.0 1088.5 1188.0
989.0 1088.5 1188.0
1188.0 1200.5 1213.0
1188.0 1200.5 1213.0
1188.0 1200.5 1213.0
1188.0 1200.5 1213.0
1188.0 1200.5 1213.0
1188.0 1200.5 1213.0
1188.0 1200.5 1213.0
1188.0 1200.5 1213.0
1188.0 1200.5 1213.0
1188.0 1200.5 1213.0
1188.0 1200.5 1213.0
