12201.0 13070.5 13940.0
7637.0 9125.0 10613.0
6859.0 7831.0 8803.0
5883.0 6816.5 7750.0
5278.0 6105.0 6932.0
2758.0 3297.5 3837.0
2758.0 3297.5 3837.0
2758.0 3347.0 3936.0
2180.0 2971.0 3762.0
2414.0 3237.0 4060.0
2104.0 2583.5 3063.0
1611.0 2337.0 3063.0
1027.0 1907.0 2787.0
1027.0 1562.0 2097.0
1027.0 1390.0 1753.0
1027.0 1390.0 1753.0
1027.0 1390.0 1753.0
1027.0 1390.0 1753.0
1027.0 1390.0 1753.0
1027.0 1390.0 1753.0
1027.0 1390.0 1753.0
1027.0 1390.0 1753.0
1027.0 1390.0 1753.0
1027.0 1390.0 1753.0
1027.0 1390.0 1753.0
1027.0 1390.0 1753.0
1027.0 1390.0 1753.0
1027.0 1390.0 1753.0
1027.0 1390.0 1753.0
1027.0 1390.0 1753.0
1027.0 1390.0 1753.0
1027.0 1390.0 1753.0
1027.0 1390.0 1753.0
1027.0 1390.0 1753.0
1027.0 1390.0 1753.0
1027.0 1390.0 1753.0
1027.0 1390.0 1753.0
1027.0 1390.0 1753.0
1027.0 1390.0 1753.0
1027.0 1390.0 1753.0
1027.0 1390.0 1753.0
1027.0 1390.0 1753.0
1027.0 1390.0 1753.0
1027.0 1390.0 1753.0
1027.0 1390.0 1753.0
1027.0 1390.0 1753.0
1027.0 1390.0 1753.0
1027.0 1390.0 1753.0
1027.0 1390.0 1753.0
1027.0 1390.0 1753.0
1027.0 1390.0 1753.0
1027.0 1390.0 1753.0
1027.0 1390.0 1753.0
1027.0 1390.0 1753.0
1027.0 1390.0 1753.0
1027.0 1390.0 1753.0
1027.0 1390.0 1753.0
1027.0 1390.0 1753.0
1027.0 1390.0 1753.0
1027.0 1390.0 1753.0
1027.0 1390.0 1753.0
1027.0 1390.0 1753.0
1025.0 1026.0 1027.0
1025.0 1026.0 1027.0
1025.0 1026.0 1027.0
1025.0 1026.0 1027.0
1025.0 1026.0 1027.0
1025.0 1026.0 1027.0
1025.0 1026.0 1027.0
1025.0 1026.0 1027.0
1025.0 1026.0 1027.0
1025.0 1026.0 1027.0
1025.0 1026.0 1027.0
1025.0 1026.0 1027.0
1025.0 1026.0 1027.0
1025.0 1026.0 1027.0
1025.0 1026.0 1027.0
1025.0 1026.0 1027.0
1025.0 1026.0 1027.0
1025.0 1026.0 1027.0
1025.0 1026.0 1027.0
1025.0 1026.0 1027.0
1025.0 1026.0 1027.0
1025.0 1026.0 1027.0
1025.0 1026.0 1027.0
1025.0 1026.0 1027.0
1025.0 1026.0 1027.0
1025.0 1026.0 1027.0
1025.0 1026.0 1027.0
1025.0 1026.0 1027.0
1025.0 1026.0 1027.0
1025.0 1026.0 1027.0
1025.0 1026.0 1027.0
1025.0 1026.0 1027.0
1025.0 1026.0 1027.0
1025.0 1026.0 1027.0
1025.0 1026.0 1027.0
1025.0 1026.0 1027.0
1025.0 1026.0 1027.0
1025.0 1026.0 1027.0
1025.0 1026.0 1027.0
1025.0 1026.0 1027.0
1025.0 1026.0 1027.0
1025.0 1026.0 1027.0
1025.0 1026.0 1027.0
1025.0 1026.0 1027.0
1025.0 1026.0 1027.0
1025.0 1026.0 1027.0
1025.0 1026.0 1027.0
1025.0 1026.0 1027.0
1025.0 1026.0 1027.0
1025.0 1026.0 1027.0
1025.0 1026.0 1027.0
1025.0 1026.0 1027.0
1025.0 1026.0 1027.0
1025.0 1026.0 1027.0
1025.0 1026.0 1027.0
1025.0 1026.0 1027.0
1025.0 1026.0 1027.0
1025.0 1026.0 1027.0
1025.0 1026.0 1027.0
1025.0 1026.0 1027.0
1025.0 1026.0 1027.0
1025.0 1026.0 1027.0
1025.0 1026.0 1027.0
1025.0 1026.0 1027.0
1025.0 1026.0 1027.0
1025.0 1026.0 1027.0
1025.0 1026.0 1027.0
1025.0 1026.0 1027.0
1025.0 1026.0 1027.0
1025.0 1026.0 1027.0
1025.0 1026.0 1027.0
1025.0 1026.0 1027.0
1025.0 1026.0 1027.0
1025.0 1026.0 1027.0
1025.0 1026.0 1027.0
1025.0 1026.0 1027.0
1025.0 1026.0 1027.0
1025.0 1026.0 1027.0
1025.0 1026.0 1027.0
1025.0 1026.0 1027.0
1025.0 1026.0 1027.0
1025.0 1026.0 1027.0
1025.0 1026.0 1027.0
1025.0 1026.0 1027.0
1025.0 1026.0 1027.0
1025.0 1026.0 1027.0
1025.0 1026.0 1027.0
1025.0 1026.0 1027.0
1025.0 1026.0 1027.0
1025.0 1026.0 1027.0
1025.0 1026.0 1027.0
1025.0 1026.0 1027.0
1025.0 1026.0 1027.0
1025.0 1026.0 1027.0
1025.0 1026.0 1027.0
1025.0 1026.0 1027.0
1025.0 1026.0 1027.0
1025.0 1026.0 1027.0
1025.0 1026.0 1027.0
1025.0 1026.0 1027.0
1025.0 1026.0 1027.0
1025.0 1026.0 1027.0
1025.0 1026.0 1027.0
1025.0 1026.0 1027.0
1025.0 1026.0 1027.0
1025.0 1026.0 1027.0
1025.0 1026.0 1027.0
1025.0 1026.0 1027.0
1025.0 1026.0 1027.0
1025.0 1026.0 1027.0
1025.0 1026.0 1027.0
1025.0 1026.0 1027.0
1025.0 1026.0 1027.0
1025.0 1026.0 1027.0
1025.0 1026.0 1027.0
1025.0 1026.0 1027.0
1025.0 1026.0 1027.0
1025.0 1026.0 1027.0
1025.0 1026.0 1027.0
1025.0 1026.0 1027.0
1025.0 1026.0 1027.0
1025.0 1026.0 1027.0
1025.0 1026.0 1027.0
1025.0 1026.0 1027.0
1025.0 1026.0 1027.0
1025.0 1026.0 1027.0
1025.0 1026.0 1027.0
1025.0 1026.0 1027.0
1025.0 1026.0 1027.0
1025.0 1026.0 1027.0
1025.0 1026.0 1027.0
1025.0 1026.0 1027.0
1025.0 1026.0 1027.0
1025.0 1026.0 1027.0
1025.0 1026.0 1027.0
1025.0 1026.0 1027.0
1025.0 1026.0 1027.0
1025.0 1026.0 1027.0
