10244.0 11406.0 12568.0
10036.0 10207.5 10379.0
7386.0 7502.0 7618.0
7004.0 7057.0 7110.0
4695.0 5941.0 7187.0
4096.0 4826.0 5556.0
3758.0 3998.5 4239.0
2380.0 3309.5 4239.0
2380.0 3187.5 3995.0
2525.0 3260.0 3995.0
2525.0 2876.5 3228.0
1899.0 2435.5 2972.0
1899.0 2517.5 3136.0
1899.0 2171.0 2443.0
1899.0 2171.0 2443.0
1723.0 1811.0 1899.0
1723.0 1811.0 1899.0
1864.0 1881.5 1899.0
1864.0 1881.5 1899.0
1864.0 1881.5 1899.0
1864.0 1881.5 1899.0
1864.0 1881.5 1899.0
1864.0 1881.5 1899.0
1838.0 1851.0 1864.0
1838.0 1851.0 1864.0
1838.0 1851.0 1864.0
1838.0 1851.0 1864.0
1838.0 1851.0 1864.0
1838.0 1851.0 1864.0
1838.0 1851.0 1864.0
1838.0 1851.0 1864.0
1838.0 1851.0 1864.0
1838.0 1851.0 1864.0
1838.0 1851.0 1864.0
1838.0 1851.0 1864.0
1838.0 1851.0 1864.0
1838.0 1851.0 1864.0
1838.0 1851.0 1864.0
1838.0 1851.0 1864.0
1838.0 1851.0 1864.0
1838.0 1851.0 1864.0
1838.0 1851.0 1864.0
1449.0 1643.5 1838.0
1312.0 1575.0 1838.0
1214.0 1526.0 1838.0
1214.0 1526.0 1838.0
1214.0 1526.0 1838.0
1214.0 1526.0 1838.0
1214.0 1526.0 1838.0
1214.0 1526.0 1838.0
1214.0 1337.5 1461.0
1214.0 1337.5 1461.0
1214.0 1337.5 1461.0
1214.0 1337.5 1461.0
1214.0 1337.5 1461.0
1214.0 1337.5 1461.0
1214.0 1337.5 1461.0
1214.0 1337.5 1461.0
1214.0 1337.5 1461.0
1214.0 1337.5 1461.0
1214.0 1337.5 1461.0
1214.0 1337.5 1461.0
1214.0 1337.5 1461.0
1214.0 1337.5 1461.0
1214.0 1337.5 1461.0
1214.0 1337.5 1461.0
1214.0 1337.5 1461.0
1214.0 1337.5 1461.0
1214.0 1337.5 1461.0
1214.0 1337.5 1461.0
1214.0 1337.5 1461.0
1214.0 1337.5 1461.0
1214.0 1337.5 1461.0
1214.0 1337.5 1461.0
1214.0 1337.5 1461.0
1214.0 1337.5 1461.0
1214.0 1337.5 1461.0
1214.0 1337.5 1461.0
1214.0 1337.5 1461.0
1214.0 1337.5 1461.0
1214.0 1337.5 1461.0
1214.0 1337.5 1461.0
1214.0 1337.5 1461.0
1214.0 1337.5 1461.0
1214.0 1337.5 1461.0
1214.0 1337.5 1461.0
1214.0 1337.5 1461.0
1214.0 1337.5 1461.0
1214.0 1337.5 1461.0
1214.0 1337.5 1461.0
1214.0 1337.5 1461.0
1214.0 1337.5 1461.0
1214.0 1337.5 1461.0
1214.0 1337.5 1461.0
1214.0 1337.5 1461.0
1214.0 1337.5 1461.0
1214.0 1337.5 1461.0
1214.0 1337.5 1461.0
1214.0 1337.5 1461.0
1214.0 1337.5 1461.0
1214.0 1337.5 1461.0
1214.0 1337.5 1461.0
1214.0 1337.5 1461.0
1214.0 1337.5 1461.0
1214.0 1337.5 1461.0
1214.0 1337.5 1461.0
1214.0 1337.5 1461.0
1214.0 1337.5 1461.0
1214.0 1337.5 1461.0
1214.0 1337.5 1461.0
1214.0 1337.5 1461.0
1214.0 1337.5 1461.0
1214.0 1337.5 1461.0
1214.0 1337.5 1461.0
1214.0 1337.5 1461.0
1214.0 1337.5 1461.0
1214.0 1337.5 1461.0
1214.0 1337.5 1461.0
1214.0 1337.5 1461.0
1214.0 1337.5 1461.0
1214.0 1337.5 1461.0
1214.0 1337.5 1461.0
1214.0 1337.5 1461.0
1214.0 1337.5 1461.0
1214.0 1337.5 1461.0
1214.0 1337.5 1461.0
1214.0 1337.5 1461.0
1214.0 1337.5 1461.0
1214.0 1337.5 1461.0
1214.0 1337.5 1461.0
1214.0 1337.5 1461.0
1214.0 1337.5 1461.0
1214.0 1337.5 1461.0
1163.0 1188.5 1214.0
1163.0 1188.5 1214.0
638.0 926.0 1214.0
638.0 926.0 1214.0
638.0 926.0 1214.0
638.0 926.0 1214.0
638.0 926.0 1214.0
638.0 926.0 1214.0
638.0 926.0 1214.0
638.0 926.0 1214.0
638.0 926.0 1214.0
638.0 926.0 1214.0
638.0 926.0 1214.0
638.0 926.0 1214.0
638.0 926.0 1214.0
638.0 926.0 1214.0
638.0 926.0 1214.0
638.0 926.0 1214.0
638.0 926.0 1214.0
638.0 926.0 1214.0
638.0 926.0 1214.0
638.0 926.0 1214.0
638.0 926.0 1214.0
638.0 926.0 1214.0
638.0 926.0 1214.0
638.0 926.0 1214.0
638.0 926.0 1214.0
638.0 926.0 1214.0
638.0 926.0 1214.0
638.0 926.0 1214.0
638.0 926.0 1214.0
638.0 926.0 1214.0
638.0 926.0 1214.0
638.0 926.0 1214.0
638.0 926.0 1214.0
638.0 926.0 1214.0
638.0 926.0 1214.0
638.0 926.0 1214.0
638.0 926.0 1214.0
638.0 926.0 1214.0
638.0 926.0 1214.0
638.0 926.0 1214.0
638.0 926.0 1214.0
638.0 926.0 1214.0
638.0 926.0 1214.0
638.0 926.0 1214.0
638.0 926.0 1214.0
638.0 926.0 1214.0
638.0 926.0 1214.0
638.0 926.0 1214.0
638.0 926.0 1214.0
638.0 926.0 1214.0
638.0 926.0 1214.0
638.0 926.0 1214.0
638.0 926.0 1214.0
638.0 926.0 1214.0
638.0 926.0 1214.0
638.0 926.0 1214.0
638.0 926.0 1214.0
638.0 926.0 1214.0
638.0 926.0 1214.0
638.0 926.0 1214.0
638.0 926.0 1214.0
638.0 926.0 1214.0
638.0 926.0 1214.0
638.0 926.0 1214.0
638.0 926.0 1214.0
