10030.0 10246.0 10462.0
7546.0 7639.0 7732.0
5187.0 5573.0 5959.0
3995.0 4280.0 4565.0
3566.0 3577.5 3589.0
2909.0 2944.0 2979.0
2692.0 2824.5 2957.0
1881.0 2286.5 2692.0
1892.0 1943.0 1994.0
1095.0 1544.5 1994.0
1095.0 1544.5 1994.0
998.0 1496.0 1994.0
998.0 1324.5 1651.0
998.0 1213.5 1429.0
998.0 1213.5 1429.0
998.0 1042.0 1086.0
998.0 1042.0 1086.0
998.0 1042.0 1086.0
1086.0 1117.5 1149.0
1086.0 1117.5 1149.0
912.0 999.0 1086.0
912.0 999.0 1086.0
640.0 863.0 1086.0
640.0 863.0 1086.0
545.0 815.5 1086.0
545.0 815.5 1086.0
545.0 815.5 1086.0
545.0 815.5 1086.0
545.0 815.5 1086.0
545.0 815.5 1086.0
545.0 815.5 1086.0
545.0 815.5 1086.0
545.0 815.5 1086.0
545.0 815.5 1086.0
545.0 815.5 1086.0
545.0 815.5 1086.0
545.0 815.5 1086.0
545.0 815.5 1086.0
545.0 815.5 1086.0
545.0 815.5 1086.0
545.0 815.5 1086.0
545.0 815.5 1086.0
545.0 815.5 1086.0
545.0 815.5 1086.0
545.0 815.5 1086.0
545.0 815.5 1086.0
545.0 815.5 1086.0
545.0 815.5 1086.0
545.0 815.5 1086.0
545.0 815.5 1086.0
545.0 815.5 1086.0
545.0 815.5 1086.0
545.0 815.5 1086.0
545.0 815.5 1086.0
545.0 815.5 1086.0
545.0 815.5 1086.0
545.0 815.5 1086.0
545.0 815.5 1086.0
545.0 815.5 1086.0
545.0 815.5 1086.0
545.0 815.5 1086.0
545.0 815.5 1086.0
545.0 815.5 1086.0
545.0 815.5 1086.0
545.0 815.5 1086.0
545.0 815.5 1086.0
545.0 815.5 1086.0
545.0 815.5 1086.0
545.0 815.5 1086.0
545.0 815.5 1086.0
545.0 815.5 1086.0
545.0 815.5 1086.0
545.0 815.5 1086.0
545.0 815.5 1086.0
545.0 815.5 1086.0
545.0 815.5 1086.0
545.0 815.5 1086.0
545.0 815.5 1086.0
545.0 815.5 1086.0
545.0 815.5 1086.0
545.0 815.5 1086.0
545.0 815.5 1086.0
545.0 815.5 1086.0
545.0 815.5 1086.0
545.0 815.5 1086.0
545.0 815.5 1086.0
545.0 815.5 1086.0
545.0 815.5 1086.0
545.0 815.5 1086.0
545.0 815.5 1086.0
545.0 815.5 1086.0
545.0 815.5 1086.0
545.0 815.5 1086.0
545.0 815.5 1086.0
545.0 815.5 1086.0
545.0 815.5 1086.0
545.0 815.5 1086.0
545.0 815.5 1086.0
545.0 815.5 1086.0
545.0 815.5 1086.0
545.0 815.5 1086.0
545.0 815.5 1086.0
545.0 815.5 1086.0
545.0 815.5 1086.0
545.0 815.5 1086.0
545.0 815.5 1086.0
545.0 815.5 1086.0
545.0 815.5 1086.0
545.0 815.5 1086.0
545.0 815.5 1086.0
545.0 815.5 1086.0
545.0 815.5 1086.0
545.0 815.5 1086.0
545.0 815.5 1086.0
545.0 815.5 1086.0
545.0 815.5 1086.0
545.0 815.5 1086.0
545.0 815.5 1086.0
545.0 815.5 1086.0
545.0 815.5 1086.0
545.0 815.5 1086.0
545.0 815.5 1086.0
545.0 815.5 1086.0
545.0 815.5 1086.0
545.0 815.5 1086.0
545.0 815.5 1086.0
545.0 815.5 1086.0
545.0 815.5 1086.0
545.0 815.5 1086.0
545.0 815.5 1086.0
545.0 815.5 1086.0
545.0 815.5 1086.0
545.0 815.5 1086.0
545.0 815.5 1086.0
545.0 815.5 1086.0
545.0 815.5 1086.0
545.0 815.5 1086.0
545.0 815.5 1086.0
545.0 815.5 1086.0
545.0 815.5 1086.0
545.0 815.5 1086.0
545.0 815.5 1086.0
545.0 815.5 1086.0
545.0 815.5 1086.0
545.0 815.5 1086.0
545.0 815.5 1086.0
545.0 815.5 1086.0
545.0 815.5 1086.0
545.0 815.5 1086.0
545.0 815.5 1086.0
545.0 815.5 1086.0
545.0 815.5 1086.0
545.0 815.5 1086.0
545.0 815.5 1086.0
545.0 815.5 1086.0
545.0 621.5 698.0
545.0 621.5 698.0
545.0 621.5 698.0
545.0 621.5 698.0
545.0 621.5 698.0
545.0 621.5 698.0
545.0 621.5 698.0
545.0 621.5 698.0
545.0 621.5 698.0
545.0 621.5 698.0
545.0 621.5 698.0
545.0 621.5 698.0
545.0 621.5 698.0
545.0 621.5 698.0
545.0 621.5 698.0
545.0 621.5 698.0
545.0 621.5 698.0
545.0 621.5 698.0
545.0 621.5 698.0
545.0 621.5 698.0
545.0 621.5 698.0
545.0 621.5 698.0
545.0 621.5 698.0
545.0 621.5 698.0
545.0 621.5 698.0
545.0 621.5 698.0
545.0 621.5 698.0
545.0 621.5 698.0
545.0 621.5 698.0
545.0 621.5 698.0
545.0 621.5 698.0
545.0 621.5 698.0
545.0 621.5 698.0
545.0 621.5 698.0
545.0 621.5 698.0
545.0 621.5 698.0
545.0 621.5 698.0
545.0 621.5 698.0
545.0 621.5 698.0
545.0 621.5 698.0
545.0 621.5 698.0
545.0 621.5 698.0
545.0 621.5 698.0
545.0 621.5 698.0
545.0 621.5 698.0
