11443.0 13485.5 15528.0
9516.0 9688.5 9861.0
8389.0 9132.0 9875.0
5937.0 6510.5 7084.0
5150.0 5278.0 5406.0
3358.0 3631.0 3904.0
3114.0 3509.0 3904.0
2408.0 2415.5 2423.0
2309.0 2358.5 2408.0
1753.0 2031.0 2309.0
1840.0 1896.5 1953.0
1841.0 1897.0 1953.0
1673.0 1814.0 1955.0
1808.0 1824.0 1840.0
1548.0 1579.5 1611.0
1548.0 1579.5 1611.0
1548.0 1579.5 1611.0
1548.0 1579.5 1611.0
1548.0 1579.5 1611.0
1548.0 1579.5 1611.0
1548.0 1579.5 1611.0
1548.0 1579.5 1611.0
1548.0 1579.5 1611.0
1548.0 1579.5 1611.0
1548.0 1579.5 1611.0
1548.0 1579.5 1611.0
1548.0 1579.5 1611.0
1548.0 1579.5 1611.0
1548.0 1579.5 1611.0
1548.0 1579.5 1611.0
1548.0 1579.5 1611.0
1548.0 1579.5 1611.0
1548.0 1579.5 1611.0
1548.0 1579.5 1611.0
1548.0 1579.5 1611.0
1548.0 1579.5 1611.0
1548.0 1579.5 1611.0
1548.0 1579.5 1611.0
1186.0 1367.0 1548.0
1186.0 1367.0 1548.0
1186.0 1367.0 1548.0
1186.0 1367.0 1548.0
1186.0 1367.0 1548.0
1186.0 1367.0 1548.0
1186.0 1367.0 1548.0
1186.0 1367.0 1548.0
1186.0 1367.0 1548.0
1186.0 1367.0 1548.0
1185.0 1185.5 1186.0
1185.0 1185.5 1186.0
1186.0 1334.5 1483.0
1185.0 1185.5 1186.0
1185.0 1185.5 1186.0
1185.0 1185.5 1186.0
1185.0 1185.5 1186.0
1185.0 1185.5 1186.0
1185.0 1185.5 1186.0
1185.0 1185.5 1186.0
1185.0 1185.5 1186.0
1185.0 1185.5 1186.0
1185.0 1185.5 1186.0
1185.0 1185.5 1186.0
1186.0 1193.5 1201.0
1186.0 1193.5 1201.0
1186.0 1193.5 1201.0
1185.0 1185.5 1186.0
1185.0 1185.5 1186.0
1091.0 1138.5 1186.0
1091.0 1138.5 1186.0
1091.0 1138.5 1186.0
1091.0 1138.5 1186.0
1091.0 1138.5 1186.0
1091.0 1138.5 1186.0
1091.0 1138.5 1186.0
1091.0 1138.5 1186.0
1091.0 1138.5 1186.0
1091.0 1138.5 1186.0
1091.0 1138.5 1186.0
1091.0 1138.5 1186.0
1091.0 1138.5 1186.0
1091.0 1138.5 1186.0
1091.0 1138.5 1186.0
1091.0 1138.5 1186.0
1091.0 1138.5 1186.0
1091.0 1138.5 1186.0
1091.0 1138.5 1186.0
1091.0 1138.5 1186.0
1091.0 1138.5 1186.0
1091.0 1138.5 1186.0
1091.0 1138.5 1186.0
1091.0 1138.5 1186.0
1091.0 1138.5 1186.0
1091.0 1138.5 1186.0
1091.0 1138.5 1186.0
1091.0 1138.5 1186.0
1091.0 1138.5 1186.0
1091.0 1138.5 1186.0
1091.0 1138.5 1186.0
1091.0 1138.5 1186.0
1091.0 1138.5 1186.0
1091.0 1138.5 1186.0
1091.0 1138.5 1186.0
1091.0 1138.5 1186.0
1091.0 1138.5 1186.0
1091.0 1138.5 1186.0
1091.0 1138.5 1186.0
1091.0 1138.5 1186.0
1091.0 1138.5 1186.0
1091.0 1138.5 1186.0
1091.0 1138.5 1186.0
1091.0 1138.5 1186.0
1091.0 1138.5 1186.0
1091.0 1138.5 1186.0
1091.0 1138.5 1186.0
1091.0 1138.5 1186.0
1091.0 1138.5 1186.0
1091.0 1138.5 1186.0
1091.0 1138.5 1186.0
1091.0 1138.5 1186.0
1091.0 1138.5 1186.0
1091.0 1138.5 1186.0
1091.0 1138.5 1186.0
1091.0 1138.5 1186.0
1091.0 1138.5 1186.0
1091.0 1138.5 1186.0
1091.0 1138.5 1186.0
1091.0 1138.5 1186.0
1091.0 1138.5 1186.0
1091.0 1138.5 1186.0
1091.0 1138.5 1186.0
1091.0 1138.5 1186.0
1091.0 1138.5 1186.0
1091.0 1138.5 1186.0
1091.0 1138.5 1186.0
1091.0 1138.5 1186.0
1091.0 1138.5 1186.0
1091.0 1138.5 1186.0
1091.0 1138.5 1186.0
1091.0 1138.5 1186.0
1091.0 1138.5 1186.0
1091.0 1138.5 1186.0
1091.0 1138.5 1186.0
1091.0 1138.5 1186.0
1091.0 1138.5 1186.0
1091.0 1138.5 1186.0
1091.0 1138.5 1186.0
1091.0 1138.5 1186.0
1091.0 1138.5 1186.0
1091.0 1138.5 1186.0
1091.0 1138.5 1186.0
1091.0 1138.5 1186.0
1091.0 1138.5 1186.0
1091.0 1138.5 1186.0
1091.0 1138.5 1186.0
1091.0 1138.5 1186.0
1091.0 1138.5 1186.0
1091.0 1138.5 1186.0
1091.0 1138.5 1186.0
1091.0 1138.5 1186.0
1091.0 1138.5 1186.0
1091.0 1138.5 1186.0
1091.0 1138.5 1186.0
1091.0 1138.5 1186.0
1091.0 1138.5 1186.0
1091.0 1138.5 1186.0
746.0 918.5 1091.0
746.0 918.5 1091.0
746.0 918.5 1091.0
746.0 918.5 1091.0
746.0 918.5 1091.0
746.0 918.5 1091.0
746.0 918.5 1091.0
746.0 918.5 1091.0
746.0 918.5 1091.0
746.0 918.5 1091.0
746.0 918.5 1091.0
746.0 918.5 1091.0
746.0 918.5 1091.0
746.0 918.5 1091.0
746.0 918.5 1091.0
746.0 918.5 1091.0
746.0 918.5 1091.0
746.0 918.5 1091.0
746.0 918.5 1091.0
746.0 918.5 1091.0
746.0 918.5 1091.0
746.0 918.5 1091.0
746.0 918.5 1091.0
746.0 918.5 1091.0
746.0 918.5 1091.0
746.0 918.5 1091.0
746.0 918.5 1091.0
746.0 918.5 1091.0
746.0 918.5 1091.0
746.0 918.5 1091.0
746.0 918.5 1091.0
746.0 918.5 1091.0
746.0 918.5 1091.0
746.0 918.5 1091.0
746.0 918.5 1091.0
