12681.0 12685.0 12689.0
8778.0 10022.5 11267.0
6051.0 6394.0 6737.0
4350.0 5116.0 5882.0
3566.0 3889.5 4213.0
2499.0 3173.0 3847.0
2368.0 2783.5 3199.0
1645.0 2234.0 2823.0
1627.0 1636.0 1645.0
1627.0 1639.0 1651.0
1338.0 1482.5 1627.0
1338.0 1482.5 1627.0
1338.0 1418.0 1498.0
1129.0 1233.5 1338.0
1043.0 1190.5 1338.0
1043.0 1190.5 1338.0
1109.0 1223.5 1338.0
1109.0 1223.5 1338.0
1043.0 1190.5 1338.0
1043.0 1190.5 1338.0
1043.0 1190.5 1338.0
1043.0 1190.5 1338.0
1043.0 1190.5 1338.0
1043.0 1190.5 1338.0
1043.0 1190.5 1338.0
1043.0 1125.0 1207.0
1043.0 1190.5 1338.0
870.0 956.5 1043.0
899.0 971.0 1043.0
899.0 971.0 1043.0
790.0 916.5 1043.0
790.0 916.5 1043.0
790.0 916.5 1043.0
790.0 916.5 1043.0
790.0 916.5 1043.0
790.0 916.5 1043.0
790.0 916.5 1043.0
790.0 916.5 1043.0
790.0 916.5 1043.0
790.0 916.5 1043.0
790.0 916.5 1043.0
790.0 916.5 1043.0
790.0 916.5 1043.0
790.0 916.5 1043.0
790.0 916.5 1043.0
790.0 916.5 1043.0
790.0 916.5 1043.0
790.0 916.5 1043.0
790.0 916.5 1043.0
790.0 916.5 1043.0
790.0 916.5 1043.0
790.0 916.5 1043.0
790.0 916.5 1043.0
790.0 916.5 1043.0
790.0 916.5 1043.0
790.0 916.5 1043.0
790.0 916.5 1043.0
790.0 916.5 1043.0
790.0 916.5 1043.0
790.0 916.5 1043.0
790.0 916.5 1043.0
790.0 916.5 1043.0
790.0 916.5 1043.0
790.0 916.5 1043.0
790.0 916.5 1043.0
790.0 916.5 1043.0
790.0 916.5 1043.0
790.0 916.5 1043.0
790.0 916.5 1043.0
790.0 916.5 1043.0
790.0 916.5 1043.0
790.0 916.5 1043.0
790.0 916.5 1043.0
790.0 916.5 1043.0
790.0 916.5 1043.0
790.0 916.5 1043.0
790.0 916.5 1043.0
790.0 916.5 1043.0
790.0 916.5 1043.0
790.0 916.5 1043.0
790.0 916.5 1043.0
790.0 916.5 1043.0
790.0 916.5 1043.0
790.0 916.5 1043.0
790.0 916.5 1043.0
790.0 916.5 1043.0
790.0 916.5 1043.0
790.0 916.5 1043.0
790.0 916.5 1043.0
790.0 916.5 1043.0
790.0 916.5 1043.0
790.0 916.5 1043.0
790.0 916.5 1043.0
790.0 916.5 1043.0
790.0 916.5 1043.0
790.0 916.5 1043.0
790.0 916.5 1043.0
790.0 916.5 1043.0
790.0 916.5 1043.0
790.0 916.5 1043.0
790.0 916.5 1043.0
790.0 916.5 1043.0
790.0 916.5 1043.0
790.0 916.5 1043.0
790.0 916.5 1043.0
790.0 916.5 1043.0
790.0 916.5 1043.0
790.0 916.5 1043.0
790.0 916.5 1043.0
790.0 916.5 1043.0
790.0 916.5 1043.0
790.0 916.5 1043.0
790.0 916.5 1043.0
790.0 916.5 1043.0
790.0 916.5 1043.0
790.0 916.5 1043.0
790.0 916.5 1043.0
790.0 916.5 1043.0
790.0 916.5 1043.0
790.0 916.5 1043.0
790.0 916.5 1043.0
790.0 916.5 1043.0
790.0 916.5 1043.0
790.0 916.5 1043.0
790.0 916.5 1043.0
790.0 916.5 1043.0
790.0 916.5 1043.0
790.0 916.5 1043.0
790.0 916.5 1043.0
790.0 916.5 1043.0
790.0 916.5 1043.0
790.0 916.5 1043.0
790.0 916.5 1043.0
790.0 916.5 1043.0
790.0 916.5 1043.0
790.0 916.5 1043.0
790.0 916.5 1043.0
790.0 916.5 1043.0
790.0 916.5 1043.0
790.0 916.5 1043.0
790.0 916.5 1043.0
790.0 916.5 1043.0
790.0 916.5 1043.0
790.0 916.5 1043.0
790.0 916.5 1043.0
790.0 916.5 1043.0
790.0 916.5 1043.0
790.0 916.5 1043.0
790.0 916.5 1043.0
790.0 916.5 1043.0
790.0 916.5 1043.0
790.0 916.5 1043.0
790.0 916.5 1043.0
790.0 916.5 1043.0
790.0 916.5 1043.0
790.0 916.5 1043.0
790.0 916.5 1043.0
790.0 916.5 1043.0
790.0 916.5 1043.0
790.0 916.5 1043.0
790.0 916.5 1043.0
790.0 916.5 1043.0
790.0 916.5 1043.0
790.0 916.5 1043.0
790.0 916.5 1043.0
790.0 916.5 1043.0
790.0 916.5 1043.0
790.0 916.5 1043.0
790.0 916.5 1043.0
790.0 916.5 1043.0
790.0 916.5 1043.0
790.0 916.5 1043.0
790.0 916.5 1043.0
790.0 916.5 1043.0
790.0 916.5 1043.0
790.0 916.5 1043.0
790.0 916.5 1043.0
790.0 916.5 1043.0
790.0 916.5 1043.0
790.0 916.5 1043.0
790.0 916.5 1043.0
790.0 916.5 1043.0
790.0 916.5 1043.0
790.0 916.5 1043.0
790.0 916.5 1043.0
790.0 916.5 1043.0
790.0 916.5 1043.0
790.0 916.5 1043.0
790.0 916.5 1043.0
790.0 916.5 1043.0
790.0 916.5 1043.0
790.0 916.5 1043.0
790.0 916.5 1043.0
790.0 916.5 1043.0
790.0 916.5 1043.0
790.0 916.5 1043.0
790.0 916.5 1043.0
790.0 916.5 1043.0
790.0 916.5 1043.0
790.0 916.5 1043.0
