12350.0 13740.5 15131.0
7395.0 8608.0 9821.0
4690.0 6190.0 7690.0
3887.0 4745.0 5603.0
2917.0 4489.5 6062.0
2325.0 3511.5 4698.0
2164.0 3247.0 4330.0
1513.0 1977.0 2441.0
1513.0 1977.0 2441.0
1526.0 1597.5 1669.0
594.0 1060.0 1526.0
594.0 1129.0 1664.0
594.0 1129.0 1664.0
594.0 1129.0 1664.0
594.0 1129.0 1664.0
594.0 1129.0 1664.0
594.0 1129.0 1664.0
594.0 1129.0 1664.0
594.0 1129.0 1664.0
594.0 1140.0 1686.0
594.0 1140.0 1686.0
594.0 892.0 1190.0
594.0 892.0 1190.0
594.0 892.0 1190.0
594.0 892.0 1190.0
594.0 892.0 1190.0
594.0 892.0 1190.0
594.0 892.0 1190.0
594.0 892.0 1190.0
594.0 892.0 1190.0
594.0 892.0 1190.0
594.0 892.0 1190.0
594.0 892.0 1190.0
594.0 892.0 1190.0
594.0 892.0 1190.0
594.0 892.0 1190.0
594.0 892.0 1190.0
594.0 892.0 1190.0
594.0 892.0 1190.0
594.0 892.0 1190.0
594.0 892.0 1190.0
594.0 892.0 1190.0
594.0 892.0 1190.0
594.0 892.0 1190.0
594.0 892.0 1190.0
594.0 892.0 1190.0
594.0 892.0 1190.0
594.0 892.0 1190.0
594.0 892.0 1190.0
594.0 892.0 1190.0
594.0 892.0 1190.0
594.0 892.0 1190.0
594.0 892.0 1190.0
594.0 892.0 1190.0
594.0 892.0 1190.0
594.0 892.0 1190.0
594.0 892.0 1190.0
594.0 892.0 1190.0
594.0 892.0 1190.0
594.0 892.0 1190.0
594.0 892.0 1190.0
594.0 892.0 1190.0
594.0 892.0 1190.0
594.0 892.0 1190.0
594.0 892.0 1190.0
594.0 892.0 1190.0
594.0 892.0 1190.0
594.0 892.0 1190.0
594.0 892.0 1190.0
594.0 892.0 1190.0
594.0 892.0 1190.0
594.0 892.0 1190.0
594.0 892.0 1190.0
594.0 892.0 1190.0
594.0 892.0 1190.0
594.0 892.0 1190.0
594.0 892.0 1190.0
594.0 892.0 1190.0
594.0 892.0 1190.0
594.0 892.0 1190.0
594.0 892.0 1190.0
594.0 892.0 1190.0
594.0 892.0 1190.0
594.0 892.0 1190.0
594.0 892.0 1190.0
594.0 892.0 1190.0
594.0 892.0 1190.0
594.0 892.0 1190.0
594.0 892.0 1190.0
594.0 892.0 1190.0
594.0 892.0 1190.0
594.0 892.0 1190.0
594.0 892.0 1190.0
594.0 892.0 1190.0
594.0 892.0 1190.0
594.0 892.0 1190.0
594.0 892.0 1190.0
594.0 892.0 1190.0
594.0 892.0 1190.0
594.0 892.0 1190.0
594.0 892.0 1190.0
594.0 892.0 1190.0
594.0 892.0 1190.0
594.0 892.0 1190.0
594.0 892.0 1190.0
594.0 892.0 1190.0
594.0 892.0 1190.0
594.0 892.0 1190.0
594.0 892.0 1190.0
594.0 892.0 1190.0
594.0 892.0 1190.0
594.0 892.0 1190.0
594.0 892.0 1190.0
594.0 892.0 1190.0
594.0 892.0 1190.0
594.0 892.0 1190.0
594.0 892.0 1190.0
594.0 892.0 1190.0
594.0 892.0 1190.0
594.0 892.0 1190.0
594.0 892.0 1190.0
594.0 892.0 1190.0
594.0 892.0 1190.0
594.0 892.0 1190.0
594.0 892.0 1190.0
594.0 892.0 1190.0
594.0 892.0 1190.0
594.0 892.0 1190.0
594.0 892.0 1190.0
594.0 892.0 1190.0
594.0 892.0 1190.0
594.0 892.0 1190.0
594.0 892.0 1190.0
594.0 892.0 1190.0
594.0 892.0 1190.0
594.0 892.0 1190.0
594.0 892.0 1190.0
594.0 892.0 1190.0
594.0 892.0 1190.0
594.0 892.0 1190.0
594.0 892.0 1190.0
594.0 892.0 1190.0
594.0 892.0 1190.0
594.0 892.0 1190.0
594.0 892.0 1190.0
594.0 892.0 1190.0
594.0 892.0 1190.0
594.0 892.0 1190.0
594.0 892.0 1190.0
594.0 892.0 1190.0
594.0 892.0 1190.0
594.0 892.0 1190.0
594.0 892.0 1190.0
594.0 892.0 1190.0
594.0 892.0 1190.0
594.0 892.0 1190.0
594.0 892.0 1190.0
594.0 892.0 1190.0
594.0 892.0 1190.0
594.0 892.0 1190.0
594.0 892.0 1190.0
594.0 892.0 1190.0
594.0 892.0 1190.0
594.0 892.0 1190.0
594.0 892.0 1190.0
594.0 892.0 1190.0
594.0 892.0 1190.0
594.0 892.0 1190.0
594.0 892.0 1190.0
594.0 892.0 1190.0
594.0 892.0 1190.0
594.0 892.0 1190.0
594.0 892.0 1190.0
594.0 892.0 1190.0
594.0 892.0 1190.0
594.0 892.0 1190.0
594.0 892.0 1190.0
594.0 892.0 1190.0
594.0 892.0 1190.0
594.0 892.0 1190.0
594.0 892.0 1190.0
594.0 892.0 1190.0
594.0 892.0 1190.0
594.0 892.0 1190.0
594.0 892.0 1190.0
594.0 892.0 1190.0
594.0 892.0 1190.0
594.0 892.0 1190.0
594.0 892.0 1190.0
594.0 892.0 1190.0
594.0 892.0 1190.0
594.0 892.0 1190.0
594.0 892.0 1190.0
594.0 892.0 1190.0
594.0 892.0 1190.0
594.0 892.0 1190.0
594.0 892.0 1190.0
594.0 892.0 1190.0
594.0 892.0 1190.0
594.0 892.0 1190.0
