12083.0 12488.5 12894.0
9655.0 10281.0 10907.0
7874.0 8419.5 8965.0
5014.0 5313.5 5613.0
3789.0 4752.5 5716.0
3388.0 3707.0 4026.0
2638.0 2708.5 2779.0
1992.0 2556.0 3120.0
1499.0 2081.5 2664.0
1562.0 1970.0 2378.0
1316.0 1664.0 2012.0
1562.0 1613.0 1664.0
1562.0 1662.0 1762.0
1562.0 1787.0 2012.0
1562.0 1787.0 2012.0
1562.0 1594.5 1627.0
1562.0 1594.5 1627.0
1439.0 1533.0 1627.0
1439.0 1533.0 1627.0
1384.0 1505.5 1627.0
1384.0 1505.5 1627.0
836.0 1231.5 1627.0
836.0 1231.5 1627.0
836.0 1231.5 1627.0
836.0 1231.5 1627.0
836.0 1231.5 1627.0
836.0 1231.5 1627.0
836.0 1231.5 1627.0
836.0 1231.5 1627.0
836.0 1231.5 1627.0
836.0 1231.5 1627.0
836.0 1231.5 1627.0
836.0 1231.5 1627.0
836.0 1231.5 1627.0
836.0 1231.5 1627.0
836.0 1231.5 1627.0
836.0 1231.5 1627.0
836.0 1231.5 1627.0
836.0 1231.5 1627.0
836.0 1231.5 1627.0
836.0 1231.5 1627.0
836.0 1231.5 1627.0
836.0 1231.5 1627.0
836.0 1231.5 1627.0
836.0 1231.5 1627.0
836.0 1231.5 1627.0
836.0 1231.5 1627.0
836.0 1231.5 1627.0
836.0 1231.5 1627.0
836.0 1231.5 1627.0
836.0 1186.5 1537.0
836.0 1186.5 1537.0
836.0 1186.5 1537.0
836.0 957.5 1079.0
836.0 957.5 1079.0
836.0 957.5 1079.0
836.0 957.5 1079.0
836.0 957.5 1079.0
836.0 957.5 1079.0
836.0 957.5 1079.0
836.0 957.5 1079.0
836.0 957.5 1079.0
836.0 957.5 1079.0
836.0 957.5 1079.0
836.0 957.5 1079.0
836.0 957.5 1079.0
836.0 957.5 1079.0
836.0 957.5 1079.0
836.0 957.5 1079.0
836.0 957.5 1079.0
836.0 957.5 1079.0
836.0 957.5 1079.0
836.0 957.5 1079.0
836.0 957.5 1079.0
836.0 957.5 1079.0
836.0 957.5 1079.0
836.0 957.5 1079.0
836.0 957.5 1079.0
836.0 957.5 1079.0
836.0 957.5 1079.0
836.0 957.5 1079.0
836.0 957.5 1079.0
836.0 957.5 1079.0
836.0 957.5 1079.0
836.0 957.5 1079.0
836.0 957.5 1079.0
836.0 957.5 1079.0
836.0 957.5 1079.0
836.0 957.5 1079.0
836.0 957.5 1079.0
836.0 957.5 1079.0
836.0 957.5 1079.0
836.0 957.5 1079.0
836.0 957.5 1079.0
836.0 957.5 1079.0
836.0 957.5 1079.0
836.0 957.5 1079.0
836.0 957.5 1079.0
836.0 957.5 1079.0
836.0 957.5 1079.0
836.0 957.5 1079.0
836.0 957.5 1079.0
836.0 957.5 1079.0
836.0 957.5 1079.0
836.0 957.5 1079.0
836.0 957.5 1079.0
836.0 957.5 1079.0
836.0 957.5 1079.0
836.0 957.5 1079.0
836.0 957.5 1079.0
836.0 957.5 1079.0
836.0 957.5 1079.0
836.0 957.5 1079.0
836.0 957.5 1079.0
836.0 957.5 1079.0
836.0 957.5 1079.0
836.0 957.5 1079.0
836.0 957.5 1079.0
836.0 957.5 1079.0
836.0 957.5 1079.0
836.0 957.5 1079.0
836.0 957.5 1079.0
836.0 957.5 1079.0
836.0 957.5 1079.0
836.0 957.5 1079.0
836.0 957.5 1079.0
836.0 957.5 1079.0
836.0 957.5 1079.0
836.0 957.5 1079.0
836.0 957.5 1079.0
836.0 957.5 1079.0
836.0 957.5 1079.0
836.0 957.5 1079.0
836.0 957.5 1079.0
836.0 957.5 1079.0
836.0 957.5 1079.0
836.0 957.5 1079.0
836.0 957.5 1079.0
836.0 957.5 1079.0
836.0 957.5 1079.0
836.0 957.5 1079.0
836.0 957.5 1079.0
836.0 957.5 1079.0
836.0 957.5 1079.0
836.0 957.5 1079.0
836.0 957.5 1079.0
836.0 957.5 1079.0
836.0 957.5 1079.0
836.0 957.5 1079.0
836.0 957.5 1079.0
836.0 957.5 1079.0
836.0 957.5 1079.0
836.0 957.5 1079.0
836.0 957.5 1079.0
836.0 957.5 1079.0
836.0 957.5 1079.0
836.0 957.5 1079.0
836.0 957.5 1079.0
836.0 957.5 1079.0
836.0 957.5 1079.0
836.0 957.5 1079.0
836.0 957.5 1079.0
836.0 957.5 1079.0
836.0 957.5 1079.0
836.0 957.5 1079.0
836.0 957.5 1079.0
836.0 957.5 1079.0
836.0 957.5 1079.0
836.0 957.5 1079.0
836.0 957.5 1079.0
836.0 957.5 1079.0
836.0 957.5 1079.0
836.0 957.5 1079.0
836.0 957.5 1079.0
836.0 957.5 1079.0
836.0 957.5 1079.0
836.0 957.5 1079.0
836.0 957.5 1079.0
836.0 957.5 1079.0
836.0 957.5 1079.0
836.0 957.5 1079.0
836.0 957.5 1079.0
836.0 957.5 1079.0
836.0 957.5 1079.0
836.0 957.5 1079.0
836.0 957.5 1079.0
836.0 957.5 1079.0
836.0 957.5 1079.0
836.0 957.5 1079.0
836.0 957.5 1079.0
836.0 957.5 1079.0
836.0 957.5 1079.0
836.0 957.5 1079.0
836.0 957.5 1079.0
836.0 957.5 1079.0
836.0 957.5 1079.0
836.0 957.5 1079.0
836.0 957.5 1079.0
836.0 957.5 1079.0
836.0 957.5 1079.0
