10423.0 11479.0 12535.0
9926.0 10341.0 10756.0
7869.0 8984.5 10100.0
5491.0 6317.0 7143.0
5463.0 5477.0 5491.0
3586.0 3673.5 3761.0
2761.0 3261.0 3761.0
2784.0 3046.5 3309.0
1770.0 1945.0 2120.0
1770.0 1945.0 2120.0
1770.0 1945.0 2120.0
1770.0 1945.0 2120.0
1770.0 1945.0 2120.0
1770.0 1945.0 2120.0
1770.0 1945.0 2120.0
1770.0 1945.0 2120.0
1770.0 1813.0 1856.0
1770.0 1813.0 1856.0
1707.0 1738.5 1770.0
1707.0 1738.5 1770.0
1707.0 1738.5 1770.0
1707.0 1738.5 1770.0
1707.0 1738.5 1770.0
1707.0 1738.5 1770.0
1707.0 1738.5 1770.0
1338.0 1554.0 1770.0
1338.0 1554.0 1770.0
1338.0 1554.0 1770.0
1338.0 1554.0 1770.0
1338.0 1554.0 1770.0
1338.0 1554.0 1770.0
1338.0 1554.0 1770.0
1338.0 1554.0 1770.0
1338.0 1554.0 1770.0
1338.0 1554.0 1770.0
1338.0 1554.0 1770.0
1338.0 1554.0 1770.0
1338.0 1554.0 1770.0
1243.0 1290.5 1338.0
1338.0 1409.0 1480.0
1338.0 1409.0 1480.0
1338.0 1409.0 1480.0
1338.0 1409.0 1480.0
1338.0 1409.0 1480.0
1338.0 1409.0 1480.0
1338.0 1409.0 1480.0
1338.0 1409.0 1480.0
1338.0 1409.0 1480.0
1338.0 1409.0 1480.0
1338.0 1409.0 1480.0
1338.0 1409.0 1480.0
1338.0 1409.0 1480.0
1338.0 1409.0 1480.0
1338.0 1409.0 1480.0
1338.0 1409.0 1480.0
1338.0 1409.0 1480.0
1338.0 1409.0 1480.0
1338.0 1409.0 1480.0
1338.0 1409.0 1480.0
1338.0 1409.0 1480.0
1338.0 1409.0 1480.0
1338.0 1409.0 1480.0
1338.0 1409.0 1480.0
1338.0 1409.0 1480.0
1338.0 1409.0 1480.0
1338.0 1409.0 1480.0
1338.0 1409.0 1480.0
1338.0 1409.0 1480.0
1338.0 1409.0 1480.0
1338.0 1409.0 1480.0
1338.0 1409.0 1480.0
1338.0 1409.0 1480.0
1338.0 1409.0 1480.0
1338.0 1409.0 1480.0
1338.0 1409.0 1480.0
1338.0 1409.0 1480.0
1338.0 1409.0 1480.0
1338.0 1409.0 1480.0
1338.0 1409.0 1480.0
1338.0 1409.0 1480.0
1338.0 1409.0 1480.0
1338.0 1409.0 1480.0
1338.0 1409.0 1480.0
1338.0 1409.0 1480.0
1338.0 1409.0 1480.0
1338.0 1409.0 1480.0
1338.0 1409.0 1480.0
1338.0 1409.0 1480.0
1338.0 1409.0 1480.0
1338.0 1409.0 1480.0
1338.0 1409.0 1480.0
1338.0 1409.0 1480.0
1338.0 1409.0 1480.0
1338.0 1409.0 1480.0
1338.0 1409.0 1480.0
1338.0 1409.0 1480.0
1338.0 1409.0 1480.0
1338.0 1409.0 1480.0
1338.0 1409.0 1480.0
1338.0 1409.0 1480.0
1338.0 1409.0 1480.0
1338.0 1409.0 1480.0
1338.0 1409.0 1480.0
1338.0 1409.0 1480.0
1338.0 1409.0 1480.0
1338.0 1409.0 1480.0
1338.0 1409.0 1480.0
1338.0 1409.0 1480.0
1338.0 1409.0 1480.0
1338.0 1409.0 1480.0
1338.0 1409.0 1480.0
1338.0 1409.0 1480.0
1338.0 1409.0 1480.0
1338.0 1409.0 1480.0
1338.0 1409.0 1480.0
1338.0 1409.0 1480.0
1338.0 1409.0 1480.0
1338.0 1409.0 1480.0
1338.0 1409.0 1480.0
1338.0 1409.0 1480.0
1338.0 1409.0 1480.0
1338.0 1409.0 1480.0
1338.0 1409.0 1480.0
1338.0 1409.0 1480.0
1338.0 1409.0 1480.0
1338.0 1409.0 1480.0
1338.0 1409.0 1480.0
1338.0 1409.0 1480.0
1338.0 1409.0 1480.0
1338.0 1409.0 1480.0
1338.0 1409.0 1480.0
1338.0 1409.0 1480.0
1338.0 1409.0 1480.0
1338.0 1409.0 1480.0
1338.0 1409.0 1480.0
1338.0 1409.0 1480.0
1338.0 1409.0 1480.0
1338.0 1409.0 1480.0
1338.0 1409.0 1480.0
1338.0 1409.0 1480.0
1338.0 1409.0 1480.0
1338.0 1409.0 1480.0
1338.0 1409.0 1480.0
1338.0 1409.0 1480.0
1338.0 1409.0 1480.0
1338.0 1409.0 1480.0
1338.0 1409.0 1480.0
1338.0 1409.0 1480.0
1338.0 1409.0 1480.0
1338.0 1409.0 1480.0
1338.0 1409.0 1480.0
1338.0 1409.0 1480.0
1338.0 1409.0 1480.0
1338.0 1409.0 1480.0
1338.0 1409.0 1480.0
1338.0 1409.0 1480.0
1338.0 1409.0 1480.0
1338.0 1409.0 1480.0
1338.0 1409.0 1480.0
1338.0 1409.0 1480.0
1338.0 1409.0 1480.0
1338.0 1409.0 1480.0
1338.0 1409.0 1480.0
1338.0 1409.0 1480.0
1338.0 1409.0 1480.0
1338.0 1409.0 1480.0
1338.0 1409.0 1480.0
1338.0 1409.0 1480.0
1338.0 1409.0 1480.0
1338.0 1409.0 1480.0
1338.0 1409.0 1480.0
1338.0 1409.0 1480.0
1338.0 1409.0 1480.0
1338.0 1409.0 1480.0
1338.0 1409.0 1480.0
1338.0 1409.0 1480.0
1338.0 1409.0 1480.0
1338.0 1409.0 1480.0
1338.0 1409.0 1480.0
1391.0 1435.5 1480.0
1391.0 1435.5 1480.0
1391.0 1435.5 1480.0
1391.0 1435.5 1480.0
1391.0 1435.5 1480.0
1391.0 1435.5 1480.0
1391.0 1435.5 1480.0
1391.0 1435.5 1480.0
1391.0 1435.5 1480.0
1391.0 1435.5 1480.0
1391.0 1435.5 1480.0
1391.0 1435.5 1480.0
1391.0 1435.5 1480.0
1391.0 1435.5 1480.0
1391.0 1435.5 1480.0
1391.0 1435.5 1480.0
1391.0 1435.5 1480.0
1391.0 1435.5 1480.0
1391.0 1435.5 1480.0
1391.0 1435.5 1480.0
1391.0 1435.5 1480.0
