13148.0 14114.0 15080.0
12063.0 12562.5 13062.0
6706.0 8993.0 11280.0
6408.0 7590.5 8773.0
4524.0 5549.5 6575.0
3905.0 5240.0 6575.0
3251.0 3788.5 4326.0
3251.0 4316.0 5381.0
2937.0 3028.5 3120.0
2316.0 2626.5 2937.0
1701.0 1787.5 1874.0
1356.0 1615.0 1874.0
1356.0 1482.5 1609.0
1356.0 1482.5 1609.0
1356.0 1482.5 1609.0
1356.0 1482.5 1609.0
1356.0 1482.5 1609.0
1356.0 1482.5 1609.0
1356.0 1482.5 1609.0
1356.0 1482.5 1609.0
1356.0 1482.5 1609.0
1356.0 1482.5 1609.0
1356.0 1482.5 1609.0
1356.0 1482.5 1609.0
1356.0 1482.5 1609.0
1356.0 1482.5 1609.0
1356.0 1482.5 1609.0
1356.0 1482.5 1609.0
1356.0 1482.5 1609.0
1356.0 1482.5 1609.0
1356.0 1482.5 1609.0
1356.0 1482.5 1609.0
1356.0 1482.5 1609.0
1356.0 1482.5 1609.0
1356.0 1482.5 1609.0
1356.0 1482.5 1609.0
1356.0 1482.5 1609.0
1356.0 1482.5 1609.0
1356.0 1482.5 1609.0
1356.0 1482.5 1609.0
1356.0 1482.5 1609.0
1356.0 1482.5 1609.0
1356.0 1482.5 1609.0
1356.0 1482.5 1609.0
1356.0 1482.5 1609.0
1356.0 1482.5 1609.0
1356.0 1482.5 1609.0
1356.0 1482.5 1609.0
1356.0 1482.5 1609.0
1356.0 1482.5 1609.0
1356.0 1482.5 1609.0
1356.0 1482.5 1609.0
1356.0 1482.5 1609.0
1356.0 1482.5 1609.0
1356.0 1482.5 1609.0
1356.0 1482.5 1609.0
1356.0 1482.5 1609.0
1356.0 1482.5 1609.0
1356.0 1482.5 1609.0
1356.0 1482.5 1609.0
1356.0 1482.5 1609.0
1356.0 1482.5 1609.0
1356.0 1482.5 1609.0
1356.0 1482.5 1609.0
1356.0 1482.5 1609.0
1356.0 1482.5 1609.0
1356.0 1482.5 1609.0
1356.0 1482.5 1609.0
1356.0 1482.5 1609.0
1356.0 1482.5 1609.0
1356.0 1482.5 1609.0
1356.0 1482.5 1609.0
1356.0 1482.5 1609.0
1356.0 1482.5 1609.0
1356.0 1482.5 1609.0
1356.0 1482.5 1609.0
1356.0 1482.5 1609.0
1356.0 1482.5 1609.0
1356.0 1482.5 1609.0
1356.0 1482.5 1609.0
1356.0 1482.5 1609.0
1356.0 1482.5 1609.0
1356.0 1482.5 1609.0
1356.0 1482.5 1609.0
1356.0 1482.5 1609.0
1356.0 1482.5 1609.0
1356.0 1482.5 1609.0
1356.0 1482.5 1609.0
1356.0 1482.5 1609.0
1356.0 1482.5 1609.0
1356.0 1482.5 1609.0
1356.0 1482.5 1609.0
1356.0 1482.5 1609.0
1356.0 1482.5 1609.0
1356.0 1482.5 1609.0
1356.0 1482.5 1609.0
1356.0 1482.5 1609.0
1356.0 1482.5 1609.0
1356.0 1482.5 1609.0
1356.0 1482.5 1609.0
1356.0 1482.5 1609.0
1356.0 1482.5 1609.0
1356.0 1482.5 1609.0
1356.0 1482.5 1609.0
1356.0 1482.5 1609.0
1356.0 1482.5 1609.0
1356.0 1482.5 1609.0
1356.0 1482.5 1609.0
1356.0 1482.5 1609.0
1356.0 1482.5 1609.0
1356.0 1482.5 1609.0
1356.0 1482.5 1609.0
1356.0 1482.5 1609.0
1356.0 1482.5 1609.0
1356.0 1482.5 1609.0
1356.0 1482.5 1609.0
1356.0 1482.5 1609.0
1356.0 1482.5 1609.0
1356.0 1482.5 1609.0
1356.0 1482.5 1609.0
1356.0 1482.5 1609.0
1356.0 1482.5 1609.0
1356.0 1482.5 1609.0
1356.0 1482.5 1609.0
1356.0 1482.5 1609.0
1356.0 1482.5 1609.0
1356.0 1482.5 1609.0
1356.0 1482.5 1609.0
1356.0 1482.5 1609.0
1356.0 1482.5 1609.0
1356.0 1482.5 1609.0
1356.0 1482.5 1609.0
1356.0 1482.5 1609.0
1356.0 1465.0 1574.0
1356.0 1465.0 1574.0
1356.0 1465.0 1574.0
1356.0 1465.0 1574.0
1356.0 1465.0 1574.0
1356.0 1465.0 1574.0
1356.0 1465.0 1574.0
1356.0 1465.0 1574.0
1356.0 1465.0 1574.0
1356.0 1465.0 1574.0
1356.0 1465.0 1574.0
1356.0 1465.0 1574.0
1356.0 1465.0 1574.0
1356.0 1465.0 1574.0
1356.0 1465.0 1574.0
1356.0 1465.0 1574.0
1356.0 1465.0 1574.0
1356.0 1465.0 1574.0
1356.0 1465.0 1574.0
1356.0 1465.0 1574.0
1356.0 1465.0 1574.0
1356.0 1465.0 1574.0
1356.0 1465.0 1574.0
1356.0 1465.0 1574.0
1356.0 1465.0 1574.0
1356.0 1465.0 1574.0
1356.0 1465.0 1574.0
1356.0 1465.0 1574.0
1292.0 1324.0 1356.0
1292.0 1324.0 1356.0
1057.0 1206.5 1356.0
1057.0 1206.5 1356.0
1057.0 1206.5 1356.0
1057.0 1206.5 1356.0
1057.0 1206.5 1356.0
1057.0 1206.5 1356.0
1057.0 1206.5 1356.0
1057.0 1206.5 1356.0
1057.0 1206.5 1356.0
1057.0 1206.5 1356.0
1057.0 1206.5 1356.0
1057.0 1206.5 1356.0
1057.0 1206.5 1356.0
1057.0 1206.5 1356.0
1057.0 1206.5 1356.0
1057.0 1206.5 1356.0
1057.0 1206.5 1356.0
1057.0 1206.5 1356.0
1057.0 1206.5 1356.0
1057.0 1206.5 1356.0
1057.0 1206.5 1356.0
1057.0 1206.5 1356.0
1057.0 1206.5 1356.0
1057.0 1206.5 1356.0
1057.0 1206.5 1356.0
1057.0 1206.5 1356.0
1057.0 1206.5 1356.0
1057.0 1206.5 1356.0
1057.0 1206.5 1356.0
1057.0 1221.5 1386.0
1057.0 1221.5 1386.0
1057.0 1221.5 1386.0
1057.0 1221.5 1386.0
1057.0 1221.5 1386.0
1057.0 1221.5 1386.0
1057.0 1221.5 1386.0
1057.0 1221.5 1386.0
