11282.0 12474.0 13666.0
9307.0 11220.5 13134.0
8717.0 9950.0 11183.0
6142.0 8048.0 9954.0
6143.0 6455.5 6768.0
5341.0 5538.0 5735.0
3898.0 4619.5 5341.0
3796.0 4010.5 4225.0
2541.0 3383.0 4225.0
2541.0 2926.5 3312.0
2541.0 2727.0 2913.0
2541.0 2727.0 2913.0
2053.0 2297.0 2541.0
2053.0 2297.0 2541.0
2053.0 2297.0 2541.0
2053.0 2297.0 2541.0
2053.0 2297.0 2541.0
2053.0 2297.0 2541.0
2053.0 2321.0 2589.0
2053.0 2321.0 2589.0
2053.0 2321.0 2589.0
1434.0 2011.5 2589.0
1434.0 2011.5 2589.0
1434.0 2011.5 2589.0
1434.0 1633.0 1832.0
1434.0 1666.5 1899.0
1434.0 1666.5 1899.0
1434.0 1666.5 1899.0
1434.0 1666.5 1899.0
1434.0 1666.5 1899.0
1434.0 1666.5 1899.0
1434.0 1666.5 1899.0
1434.0 1666.5 1899.0
1434.0 1666.5 1899.0
1434.0 1666.5 1899.0
1434.0 1666.5 1899.0
1434.0 1666.5 1899.0
1434.0 1666.5 1899.0
808.0 1121.0 1434.0
808.0 1121.0 1434.0
808.0 1121.0 1434.0
808.0 1121.0 1434.0
808.0 1121.0 1434.0
808.0 1121.0 1434.0
808.0 1121.0 1434.0
808.0 1121.0 1434.0
808.0 1121.0 1434.0
808.0 1121.0 1434.0
808.0 1121.0 1434.0
808.0 1121.0 1434.0
808.0 1121.0 1434.0
808.0 1121.0 1434.0
808.0 1121.0 1434.0
808.0 1121.0 1434.0
808.0 1121.0 1434.0
808.0 1121.0 1434.0
808.0 1121.0 1434.0
808.0 1121.0 1434.0
808.0 1121.0 1434.0
808.0 1121.0 1434.0
808.0 1121.0 1434.0
808.0 1121.0 1434.0
808.0 1121.0 1434.0
808.0 1121.0 1434.0
808.0 1121.0 1434.0
808.0 1121.0 1434.0
808.0 1121.0 1434.0
808.0 1121.0 1434.0
808.0 1121.0 1434.0
808.0 1121.0 1434.0
808.0 1121.0 1434.0
808.0 1121.0 1434.0
808.0 1121.0 1434.0
808.0 1121.0 1434.0
808.0 1121.0 1434.0
808.0 1121.0 1434.0
808.0 1121.0 1434.0
808.0 1121.0 1434.0
808.0 1121.0 1434.0
808.0 1121.0 1434.0
808.0 1121.0 1434.0
808.0 1121.0 1434.0
808.0 1121.0 1434.0
808.0 1121.0 1434.0
808.0 1121.0 1434.0
808.0 1121.0 1434.0
808.0 1121.0 1434.0
808.0 1121.0 1434.0
808.0 1121.0 1434.0
808.0 1121.0 1434.0
808.0 1121.0 1434.0
808.0 1109.0 1410.0
808.0 1109.0 1410.0
808.0 1109.0 1410.0
808.0 1109.0 1410.0
808.0 1109.0 1410.0
808.0 1109.0 1410.0
808.0 1109.0 1410.0
808.0 1109.0 1410.0
808.0 1109.0 1410.0
808.0 1109.0 1410.0
808.0 1109.0 1410.0
808.0 1109.0 1410.0
808.0 1109.0 1410.0
808.0 1109.0 1410.0
808.0 1109.0 1410.0
808.0 1109.0 1410.0
808.0 1109.0 1410.0
808.0 1109.0 1410.0
808.0 1109.0 1410.0
808.0 1109.0 1410.0
808.0 1109.0 1410.0
808.0 1109.0 1410.0
808.0 1109.0 1410.0
808.0 1109.0 1410.0
808.0 1109.0 1410.0
808.0 1109.0 1410.0
808.0 1109.0 1410.0
808.0 1109.0 1410.0
808.0 1109.0 1410.0
808.0 1109.0 1410.0
808.0 1109.0 1410.0
808.0 1109.0 1410.0
808.0 1109.0 1410.0
808.0 1109.0 1410.0
808.0 1109.0 1410.0
808.0 1109.0 1410.0
808.0 1109.0 1410.0
808.0 1109.0 1410.0
808.0 1109.0 1410.0
808.0 1109.0 1410.0
808.0 1109.0 1410.0
808.0 1109.0 1410.0
808.0 1109.0 1410.0
808.0 1109.0 1410.0
808.0 1109.0 1410.0
808.0 1109.0 1410.0
808.0 1109.0 1410.0
808.0 1109.0 1410.0
808.0 1109.0 1410.0
808.0 1109.0 1410.0
808.0 1109.0 1410.0
808.0 1109.0 1410.0
808.0 1109.0 1410.0
808.0 1109.0 1410.0
808.0 1109.0 1410.0
808.0 1109.0 1410.0
808.0 1109.0 1410.0
808.0 1109.0 1410.0
808.0 1109.0 1410.0
808.0 1109.0 1410.0
808.0 1109.0 1410.0
808.0 1109.0 1410.0
808.0 1109.0 1410.0
808.0 1109.0 1410.0
808.0 1109.0 1410.0
808.0 1109.0 1410.0
808.0 1109.0 1410.0
808.0 1109.0 1410.0
808.0 1109.0 1410.0
808.0 1109.0 1410.0
808.0 1109.0 1410.0
808.0 1109.0 1410.0
808.0 1109.0 1410.0
808.0 1109.0 1410.0
808.0 1109.0 1410.0
808.0 1109.0 1410.0
808.0 1109.0 1410.0
808.0 1109.0 1410.0
808.0 1109.0 1410.0
808.0 1109.0 1410.0
808.0 1109.0 1410.0
808.0 1109.0 1410.0
808.0 1109.0 1410.0
808.0 1109.0 1410.0
808.0 1109.0 1410.0
808.0 1109.0 1410.0
808.0 1109.0 1410.0
808.0 1109.0 1410.0
808.0 1109.0 1410.0
808.0 1109.0 1410.0
808.0 1109.0 1410.0
808.0 1109.0 1410.0
808.0 1109.0 1410.0
808.0 1109.0 1410.0
808.0 1109.0 1410.0
808.0 1109.0 1410.0
808.0 1109.0 1410.0
808.0 1109.0 1410.0
808.0 1109.0 1410.0
808.0 1109.0 1410.0
808.0 1109.0 1410.0
808.0 1109.0 1410.0
808.0 1109.0 1410.0
808.0 1109.0 1410.0
808.0 1109.0 1410.0
808.0 1109.0 1410.0
808.0 1109.0 1410.0
808.0 1109.0 1410.0
808.0 1109.0 1410.0
