13156.0 16046.0 18936.0
11834.0 13494.5 15155.0
9768.0 12790.5 15813.0
6405.0 10254.5 14104.0
6291.0 7077.5 7864.0
4273.0 5000.5 5728.0
4459.0 5093.5 5728.0
3728.0 4728.0 5728.0
2590.0 4159.0 5728.0
2590.0 3777.0 4964.0
2590.0 3457.5 4325.0
2372.0 3348.5 4325.0
1901.0 2615.5 3330.0
2028.0 2347.5 2667.0
2028.0 2347.5 2667.0
2028.0 2347.5 2667.0
2028.0 2347.5 2667.0
2028.0 2347.5 2667.0
2028.0 2347.5 2667.0
1816.0 2241.5 2667.0
1314.0 1990.5 2667.0
1314.0 1990.5 2667.0
1314.0 1990.5 2667.0
1314.0 1990.5 2667.0
1314.0 1990.5 2667.0
1314.0 1990.5 2667.0
1314.0 1990.5 2667.0
1314.0 1990.5 2667.0
1314.0 1990.5 2667.0
1314.0 1981.0 2648.0
1314.0 1856.5 2399.0
1314.0 1624.5 1935.0
1314.0 1624.5 1935.0
1314.0 1624.5 1935.0
1314.0 1624.5 1935.0
1314.0 1624.5 1935.0
1314.0 1624.5 1935.0
1314.0 1624.5 1935.0
1314.0 1624.5 1935.0
1314.0 1624.5 1935.0
1314.0 1624.5 1935.0
1314.0 1624.5 1935.0
1314.0 1624.5 1935.0
1314.0 1624.5 1935.0
1314.0 1624.5 1935.0
1314.0 1624.5 1935.0
1314.0 1624.5 1935.0
1314.0 1624.5 1935.0
1314.0 1624.5 1935.0
1314.0 1624.5 1935.0
1314.0 1624.5 1935.0
1314.0 1624.5 1935.0
1314.0 1624.5 1935.0
1314.0 1624.5 1935.0
1314.0 1624.5 1935.0
1314.0 1624.5 1935.0
1314.0 1624.5 1935.0
1314.0 1624.5 1935.0
1314.0 1624.5 1935.0
1314.0 1624.5 1935.0
1314.0 1624.5 1935.0
1314.0 1624.5 1935.0
1314.0 1624.5 1935.0
1314.0 1624.5 1935.0
1314.0 1624.5 1935.0
1314.0 1624.5 1935.0
1314.0 1624.5 1935.0
1314.0 1624.5 1935.0
1314.0 1624.5 1935.0
1314.0 1624.5 1935.0
1314.0 1624.5 1935.0
1314.0 1624.5 1935.0
1314.0 1624.5 1935.0
1314.0 1624.5 1935.0
1314.0 1624.5 1935.0
1314.0 1624.5 1935.0
1314.0 1624.5 1935.0
1314.0 1624.5 1935.0
1314.0 1624.5 1935.0
1314.0 1624.5 1935.0
1314.0 1624.5 1935.0
1314.0 1624.5 1935.0
1314.0 1624.5 1935.0
1314.0 1624.5 1935.0
1314.0 1624.5 1935.0
1314.0 1624.5 1935.0
1314.0 1624.5 1935.0
1314.0 1624.5 1935.0
1314.0 1624.5 1935.0
1314.0 1624.5 1935.0
1314.0 1624.5 1935.0
1314.0 1624.5 1935.0
1314.0 1624.5 1935.0
1314.0 1624.5 1935.0
1314.0 1624.5 1935.0
1314.0 1624.5 1935.0
1314.0 1624.5 1935.0
1314.0 1624.5 1935.0
1314.0 1624.5 1935.0
1314.0 1624.5 1935.0
1314.0 1624.5 1935.0
1314.0 1624.5 1935.0
1314.0 1624.5 1935.0
1314.0 1624.5 1935.0
1314.0 1624.5 1935.0
1314.0 1624.5 1935.0
1314.0 1624.5 1935.0
1314.0 1624.5 1935.0
1314.0 1624.5 1935.0
1314.0 1624.5 1935.0
1314.0 1624.5 1935.0
1314.0 1624.5 1935.0
1314.0 1624.5 1935.0
1314.0 1624.5 1935.0
1314.0 1624.5 1935.0
1314.0 1624.5 1935.0
1314.0 1624.5 1935.0
1314.0 1624.5 1935.0
1314.0 1624.5 1935.0
1314.0 1624.5 1935.0
1314.0 1624.5 1935.0
1314.0 1624.5 1935.0
1314.0 1624.5 1935.0
1314.0 1624.5 1935.0
1314.0 1624.5 1935.0
1314.0 1624.5 1935.0
1314.0 1624.5 1935.0
1314.0 1624.5 1935.0
1314.0 1624.5 1935.0
1314.0 1624.5 1935.0
1314.0 1624.5 1935.0
1314.0 1624.5 1935.0
1314.0 1624.5 1935.0
1314.0 1624.5 1935.0
1314.0 1624.5 1935.0
1314.0 1624.5 1935.0
1314.0 1624.5 1935.0
1314.0 1624.5 1935.0
1314.0 1624.5 1935.0
1314.0 1624.5 1935.0
1314.0 1624.5 1935.0
1314.0 1624.5 1935.0
1314.0 1624.5 1935.0
1314.0 1624.5 1935.0
1314.0 1624.5 1935.0
1314.0 1624.5 1935.0
1314.0 1624.5 1935.0
1314.0 1624.5 1935.0
1314.0 1624.5 1935.0
1314.0 1624.5 1935.0
1314.0 1624.5 1935.0
1314.0 1624.5 1935.0
1314.0 1624.5 1935.0
1314.0 1624.5 1935.0
1314.0 1624.5 1935.0
1314.0 1624.5 1935.0
1314.0 1624.5 1935.0
1314.0 1624.5 1935.0
1314.0 1624.5 1935.0
1314.0 1624.5 1935.0
1314.0 1624.5 1935.0
1314.0 1624.5 1935.0
1314.0 1624.5 1935.0
1314.0 1624.5 1935.0
1314.0 1624.5 1935.0
1144.0 1229.0 1314.0
1144.0 1229.0 1314.0
1144.0 1229.0 1314.0
1144.0 1229.0 1314.0
1144.0 1229.0 1314.0
1144.0 1229.0 1314.0
1144.0 1229.0 1314.0
1144.0 1229.0 1314.0
1144.0 1229.0 1314.0
1144.0 1229.0 1314.0
1144.0 1229.0 1314.0
1144.0 1229.0 1314.0
1144.0 1229.0 1314.0
1144.0 1229.0 1314.0
1144.0 1229.0 1314.0
1144.0 1229.0 1314.0
1144.0 1229.0 1314.0
1144.0 1229.0 1314.0
1144.0 1229.0 1314.0
1144.0 1229.0 1314.0
1144.0 1229.0 1314.0
1144.0 1229.0 1314.0
1144.0 1229.0 1314.0
1144.0 1229.0 1314.0
1144.0 1229.0 1314.0
1144.0 1229.0 1314.0
1144.0 1229.0 1314.0
1144.0 1229.0 1314.0
1144.0 1229.0 1314.0
1144.0 1229.0 1314.0
1144.0 1229.0 1314.0
1144.0 1229.0 1314.0
1144.0 1229.0 1314.0
1144.0 1229.0 1314.0
1144.0 1229.0 1314.0
