7992.0 11918.0 15844.0
8771.0 10068.5 11366.0
6009.0 7963.5 9918.0
3491.0 6109.5 8728.0
3105.0 5446.0 7787.0
3197.0 5402.5 7608.0
1991.0 3729.5 5468.0
1991.0 3245.0 4499.0
1689.0 2554.5 3420.0
1689.0 2325.0 2961.0
1689.0 2418.0 3147.0
1689.0 2159.5 2630.0
1689.0 2076.0 2463.0
1689.0 2076.0 2463.0
1689.0 2159.5 2630.0
1689.0 2159.5 2630.0
1689.0 2159.5 2630.0
1689.0 2159.5 2630.0
1689.0 1875.0 2061.0
1689.0 1875.0 2061.0
1689.0 1908.0 2127.0
1689.0 1908.0 2127.0
1639.0 1664.0 1689.0
1639.0 1664.0 1689.0
1532.0 1610.5 1689.0
1532.0 1610.5 1689.0
1532.0 1610.5 1689.0
1532.0 1610.5 1689.0
1532.0 1610.5 1689.0
1532.0 1610.5 1689.0
1532.0 1610.5 1689.0
1532.0 1610.5 1689.0
1532.0 1610.5 1689.0
1532.0 1610.5 1689.0
1532.0 1610.5 1689.0
1532.0 1610.5 1689.0
1532.0 1610.5 1689.0
1532.0 1610.5 1689.0
1532.0 1610.5 1689.0
1532.0 1610.5 1689.0
1532.0 1610.5 1689.0
1532.0 1610.5 1689.0
1532.0 1610.5 1689.0
1532.0 1610.5 1689.0
1532.0 1610.5 1689.0
1532.0 1610.5 1689.0
1532.0 1610.5 1689.0
1532.0 1610.5 1689.0
1532.0 1610.5 1689.0
1532.0 1610.5 1689.0
1532.0 1610.5 1689.0
1532.0 1610.5 1689.0
1532.0 1610.5 1689.0
1532.0 1610.5 1689.0
1532.0 1610.5 1689.0
1532.0 1610.5 1689.0
1532.0 1610.5 1689.0
1532.0 1610.5 1689.0
1532.0 1610.5 1689.0
1532.0 1610.5 1689.0
1532.0 1610.5 1689.0
1532.0 1610.5 1689.0
1532.0 1610.5 1689.0
1532.0 1610.5 1689.0
1532.0 1610.5 1689.0
1532.0 1610.5 1689.0
1532.0 1610.5 1689.0
1532.0 1610.5 1689.0
1532.0 1610.5 1689.0
1532.0 1610.5 1689.0
1532.0 1610.5 1689.0
1532.0 1610.5 1689.0
1532.0 1610.5 1689.0
1532.0 1610.5 1689.0
1532.0 1610.5 1689.0
1532.0 1610.5 1689.0
1532.0 1610.5 1689.0
1532.0 1610.5 1689.0
1532.0 1610.5 1689.0
1532.0 1610.5 1689.0
1532.0 1610.5 1689.0
1532.0 1610.5 1689.0
1532.0 1610.5 1689.0
1532.0 1610.5 1689.0
1532.0 1610.5 1689.0
1532.0 1610.5 1689.0
1532.0 1610.5 1689.0
1532.0 1610.5 1689.0
1532.0 1610.5 1689.0
1532.0 1610.5 1689.0
1532.0 1610.5 1689.0
1532.0 1610.5 1689.0
1532.0 1610.5 1689.0
1532.0 1610.5 1689.0
1532.0 1610.5 1689.0
1532.0 1610.5 1689.0
1532.0 1610.5 1689.0
1532.0 1610.5 1689.0
1532.0 1610.5 1689.0
1532.0 1610.5 1689.0
1532.0 1610.5 1689.0
1532.0 1610.5 1689.0
1532.0 1610.5 1689.0
1532.0 1610.5 1689.0
1532.0 1610.5 1689.0
1532.0 1610.5 1689.0
1532.0 1610.5 1689.0
1532.0 1610.5 1689.0
1532.0 1610.5 1689.0
1454.0 1493.0 1532.0
1454.0 1493.0 1532.0
1454.0 1493.0 1532.0
1454.0 1493.0 1532.0
1454.0 1493.0 1532.0
1454.0 1493.0 1532.0
1454.0 1493.0 1532.0
1454.0 1493.0 1532.0
1454.0 1493.0 1532.0
1454.0 1493.0 1532.0
1454.0 1493.0 1532.0
1454.0 1493.0 1532.0
1454.0 1493.0 1532.0
1454.0 1493.0 1532.0
1454.0 1493.0 1532.0
1454.0 1493.0 1532.0
1454.0 1493.0 1532.0
1454.0 1493.0 1532.0
1454.0 1493.0 1532.0
1454.0 1493.0 1532.0
1454.0 1493.0 1532.0
1454.0 1493.0 1532.0
1454.0 1493.0 1532.0
1454.0 1493.0 1532.0
1454.0 1493.0 1532.0
1454.0 1493.0 1532.0
1454.0 1493.0 1532.0
1454.0 1493.0 1532.0
1454.0 1493.0 1532.0
1454.0 1493.0 1532.0
1454.0 1493.0 1532.0
1454.0 1493.0 1532.0
1454.0 1493.0 1532.0
1454.0 1493.0 1532.0
1454.0 1493.0 1532.0
1454.0 1493.0 1532.0
1454.0 1493.0 1532.0
1454.0 1493.0 1532.0
1454.0 1493.0 1532.0
1454.0 1493.0 1532.0
1454.0 1493.0 1532.0
1454.0 1493.0 1532.0
1454.0 1493.0 1532.0
1454.0 1493.0 1532.0
1454.0 1493.0 1532.0
1454.0 1531.0 1608.0
1454.0 1531.0 1608.0
1454.0 1531.0 1608.0
1454.0 1531.0 1608.0
1454.0 1531.0 1608.0
1454.0 1531.0 1608.0
1454.0 1531.0 1608.0
1454.0 1531.0 1608.0
1454.0 1531.0 1608.0
1454.0 1531.0 1608.0
1454.0 1531.0 1608.0
1454.0 1531.0 1608.0
1454.0 1531.0 1608.0
1454.0 1531.0 1608.0
1454.0 1531.0 1608.0
1454.0 1531.0 1608.0
1454.0 1531.0 1608.0
1454.0 1531.0 1608.0
1454.0 1531.0 1608.0
1454.0 1531.0 1608.0
1454.0 1531.0 1608.0
1454.0 1531.0 1608.0
1454.0 1531.0 1608.0
1454.0 1531.0 1608.0
1454.0 1531.0 1608.0
1454.0 1531.0 1608.0
1454.0 1531.0 1608.0
1454.0 1531.0 1608.0
1454.0 1531.0 1608.0
1454.0 1531.0 1608.0
1454.0 1531.0 1608.0
1454.0 1531.0 1608.0
1454.0 1531.0 1608.0
1454.0 1531.0 1608.0
1454.0 1531.0 1608.0
1454.0 1531.0 1608.0
1454.0 1531.0 1608.0
1454.0 1531.0 1608.0
1454.0 1531.0 1608.0
1454.0 1531.0 1608.0
1454.0 1531.0 1608.0
1454.0 1531.0 1608.0
1454.0 1531.0 1608.0
1454.0 1531.0 1608.0
1454.0 1531.0 1608.0
1454.0 1531.0 1608.0
