10473.0 10738.5 11004.0
8885.0 9944.5 11004.0
8674.0 8765.0 8856.0
4208.0 5336.5 6465.0
4208.0 5490.0 6772.0
4033.0 4897.5 5762.0
2989.0 3290.5 3592.0
3156.0 3374.0 3592.0
2456.0 2806.0 3156.0
2294.0 2758.5 3223.0
2175.0 2354.5 2534.0
1988.0 2081.5 2175.0
1988.0 2081.5 2175.0
1592.0 1883.5 2175.0
1592.0 1788.0 1984.0
1592.0 1788.0 1984.0
1592.0 1788.0 1984.0
1592.0 1788.0 1984.0
1592.0 1788.0 1984.0
1592.0 1788.0 1984.0
1592.0 1788.0 1984.0
1592.0 1788.0 1984.0
1592.0 1715.5 1839.0
1592.0 1661.0 1730.0
1592.0 1661.0 1730.0
1592.0 1661.0 1730.0
1592.0 1661.0 1730.0
1592.0 1661.0 1730.0
1592.0 1661.0 1730.0
1592.0 1661.0 1730.0
1592.0 1661.0 1730.0
1592.0 1661.0 1730.0
1592.0 1661.0 1730.0
1592.0 1661.0 1730.0
1592.0 1661.0 1730.0
1592.0 1661.0 1730.0
1551.0 1571.5 1592.0
1551.0 1571.5 1592.0
1551.0 1571.5 1592.0
1551.0 1571.5 1592.0
1551.0 1571.5 1592.0
1551.0 1571.5 1592.0
1551.0 1571.5 1592.0
1551.0 1571.5 1592.0
1551.0 1571.5 1592.0
1551.0 1571.5 1592.0
1551.0 1571.5 1592.0
1551.0 1571.5 1592.0
1551.0 1571.5 1592.0
1551.0 1571.5 1592.0
1551.0 1571.5 1592.0
1551.0 1571.5 1592.0
1551.0 1571.5 1592.0
1551.0 1571.5 1592.0
1551.0 1571.5 1592.0
1551.0 1571.5 1592.0
819.0 1185.0 1551.0
819.0 1185.0 1551.0
819.0 1185.0 1551.0
819.0 1185.0 1551.0
819.0 1185.0 1551.0
819.0 1185.0 1551.0
819.0 1185.0 1551.0
819.0 1185.0 1551.0
819.0 1185.0 1551.0
819.0 1185.0 1551.0
819.0 1185.0 1551.0
819.0 1185.0 1551.0
819.0 1185.0 1551.0
819.0 1185.0 1551.0
819.0 1185.0 1551.0
819.0 1185.0 1551.0
819.0 1185.0 1551.0
819.0 1185.0 1551.0
819.0 1185.0 1551.0
819.0 1185.0 1551.0
819.0 1185.0 1551.0
819.0 1185.0 1551.0
819.0 1185.0 1551.0
819.0 1185.0 1551.0
819.0 1185.0 1551.0
819.0 1185.0 1551.0
819.0 1185.0 1551.0
819.0 1185.0 1551.0
819.0 1185.0 1551.0
819.0 1185.0 1551.0
819.0 1185.0 1551.0
819.0 1185.0 1551.0
819.0 1185.0 1551.0
819.0 1185.0 1551.0
819.0 1185.0 1551.0
819.0 1185.0 1551.0
819.0 1185.0 1551.0
819.0 1185.0 1551.0
819.0 1185.0 1551.0
819.0 1185.0 1551.0
819.0 1185.0 1551.0
819.0 1185.0 1551.0
819.0 1185.0 1551.0
819.0 1185.0 1551.0
819.0 1185.0 1551.0
819.0 1185.0 1551.0
819.0 1185.0 1551.0
763.0 791.0 819.0
763.0 791.0 819.0
763.0 791.0 819.0
763.0 791.0 819.0
763.0 791.0 819.0
763.0 791.0 819.0
763.0 791.0 819.0
763.0 791.0 819.0
763.0 791.0 819.0
763.0 791.0 819.0
763.0 791.0 819.0
763.0 791.0 819.0
763.0 791.0 819.0
763.0 791.0 819.0
763.0 791.0 819.0
763.0 791.0 819.0
763.0 791.0 819.0
763.0 791.0 819.0
763.0 791.0 819.0
763.0 791.0 819.0
763.0 791.0 819.0
763.0 791.0 819.0
763.0 791.0 819.0
763.0 791.0 819.0
763.0 791.0 819.0
763.0 791.0 819.0
763.0 791.0 819.0
763.0 791.0 819.0
763.0 791.0 819.0
763.0 791.0 819.0
763.0 791.0 819.0
763.0 791.0 819.0
763.0 791.0 819.0
763.0 791.0 819.0
763.0 791.0 819.0
763.0 791.0 819.0
763.0 791.0 819.0
763.0 791.0 819.0
763.0 791.0 819.0
763.0 791.0 819.0
763.0 791.0 819.0
763.0 791.0 819.0
763.0 791.0 819.0
763.0 791.0 819.0
763.0 791.0 819.0
763.0 791.0 819.0
763.0 791.0 819.0
763.0 791.0 819.0
763.0 791.0 819.0
763.0 791.0 819.0
763.0 791.0 819.0
763.0 791.0 819.0
763.0 791.0 819.0
763.0 791.0 819.0
763.0 791.0 819.0
763.0 791.0 819.0
763.0 791.0 819.0
763.0 791.0 819.0
763.0 791.0 819.0
763.0 791.0 819.0
763.0 791.0 819.0
763.0 791.0 819.0
763.0 791.0 819.0
763.0 791.0 819.0
763.0 791.0 819.0
763.0 791.0 819.0
763.0 791.0 819.0
763.0 791.0 819.0
763.0 791.0 819.0
763.0 791.0 819.0
763.0 791.0 819.0
763.0 791.0 819.0
763.0 791.0 819.0
763.0 791.0 819.0
763.0 791.0 819.0
763.0 791.0 819.0
763.0 791.0 819.0
763.0 791.0 819.0
763.0 791.0 819.0
763.0 791.0 819.0
763.0 791.0 819.0
763.0 791.0 819.0
763.0 791.0 819.0
763.0 791.0 819.0
763.0 791.0 819.0
763.0 791.0 819.0
763.0 791.0 819.0
763.0 791.0 819.0
763.0 791.0 819.0
763.0 791.0 819.0
763.0 791.0 819.0
763.0 791.0 819.0
763.0 791.0 819.0
763.0 791.0 819.0
763.0 791.0 819.0
763.0 791.0 819.0
763.0 791.0 819.0
