11616.0 14127.5 16639.0
8899.0 9532.0 10165.0
6073.0 6490.0 6907.0
5242.0 5498.5 5755.0
3255.0 4018.5 4782.0
3329.0 3359.0 3389.0
2757.0 3043.0 3329.0
1553.0 2050.5 2548.0
1553.0 1688.5 1824.0
1553.0 1627.0 1701.0
1166.0 1359.5 1553.0
1166.0 1359.5 1553.0
1166.0 1359.5 1553.0
1166.0 1359.5 1553.0
1166.0 1359.5 1553.0
1166.0 1359.5 1553.0
1166.0 1359.5 1553.0
1166.0 1359.5 1553.0
1166.0 1359.5 1553.0
1166.0 1359.5 1553.0
991.0 1272.0 1553.0
991.0 1272.0 1553.0
760.0 1156.5 1553.0
760.0 1156.5 1553.0
760.0 1156.5 1553.0
760.0 1156.5 1553.0
760.0 1156.5 1553.0
760.0 1156.5 1553.0
760.0 1156.5 1553.0
760.0 1156.5 1553.0
760.0 1156.5 1553.0
760.0 1156.5 1553.0
760.0 1156.5 1553.0
760.0 1156.5 1553.0
760.0 1156.5 1553.0
760.0 1156.5 1553.0
760.0 1156.5 1553.0
760.0 1156.5 1553.0
760.0 1156.5 1553.0
760.0 1156.5 1553.0
760.0 1156.5 1553.0
760.0 1156.5 1553.0
760.0 1156.5 1553.0
760.0 1156.5 1553.0
760.0 1156.5 1553.0
760.0 1156.5 1553.0
760.0 1156.5 1553.0
760.0 1156.5 1553.0
760.0 1156.5 1553.0
760.0 1156.5 1553.0
760.0 1156.5 1553.0
760.0 1156.5 1553.0
760.0 1156.5 1553.0
760.0 1156.5 1553.0
760.0 1156.5 1553.0
760.0 1156.5 1553.0
760.0 1156.5 1553.0
760.0 1156.5 1553.0
760.0 1156.5 1553.0
760.0 1156.5 1553.0
760.0 1156.5 1553.0
760.0 1156.5 1553.0
760.0 1156.5 1553.0
760.0 1156.5 1553.0
760.0 1156.5 1553.0
760.0 1156.5 1553.0
760.0 1156.5 1553.0
760.0 1156.5 1553.0
760.0 1156.5 1553.0
760.0 1156.5 1553.0
760.0 1156.5 1553.0
760.0 1156.5 1553.0
760.0 1156.5 1553.0
760.0 1156.5 1553.0
760.0 1156.5 1553.0
760.0 1156.5 1553.0
760.0 1156.5 1553.0
760.0 1156.5 1553.0
760.0 1156.5 1553.0
760.0 1156.5 1553.0
760.0 1156.5 1553.0
760.0 1156.5 1553.0
760.0 1156.5 1553.0
760.0 1156.5 1553.0
760.0 1156.5 1553.0
760.0 1156.5 1553.0
760.0 1156.5 1553.0
760.0 1156.5 1553.0
760.0 1156.5 1553.0
760.0 1156.5 1553.0
760.0 1156.5 1553.0
760.0 1156.5 1553.0
760.0 1156.5 1553.0
760.0 1156.5 1553.0
760.0 1156.5 1553.0
760.0 1156.5 1553.0
760.0 1156.5 1553.0
760.0 1156.5 1553.0
760.0 1156.5 1553.0
760.0 1156.5 1553.0
760.0 1156.5 1553.0
760.0 1156.5 1553.0
760.0 1156.5 1553.0
760.0 1156.5 1553.0
760.0 1156.5 1553.0
760.0 1156.5 1553.0
760.0 1156.5 1553.0
760.0 1156.5 1553.0
760.0 1156.5 1553.0
760.0 1037.0 1314.0
760.0 1037.0 1314.0
760.0 947.0 1134.0
760.0 947.0 1134.0
760.0 947.0 1134.0
760.0 947.0 1134.0
760.0 947.0 1134.0
760.0 947.0 1134.0
760.0 947.0 1134.0
760.0 947.0 1134.0
760.0 947.0 1134.0
760.0 947.0 1134.0
760.0 947.0 1134.0
760.0 947.0 1134.0
760.0 947.0 1134.0
760.0 947.0 1134.0
760.0 947.0 1134.0
760.0 947.0 1134.0
760.0 947.0 1134.0
760.0 947.0 1134.0
760.0 947.0 1134.0
760.0 947.0 1134.0
760.0 947.0 1134.0
760.0 947.0 1134.0
760.0 947.0 1134.0
760.0 947.0 1134.0
760.0 947.0 1134.0
760.0 947.0 1134.0
760.0 947.0 1134.0
760.0 947.0 1134.0
760.0 947.0 1134.0
760.0 947.0 1134.0
760.0 947.0 1134.0
760.0 947.0 1134.0
760.0 947.0 1134.0
760.0 947.0 1134.0
760.0 947.0 1134.0
760.0 947.0 1134.0
760.0 947.0 1134.0
760.0 947.0 1134.0
760.0 947.0 1134.0
760.0 947.0 1134.0
760.0 947.0 1134.0
760.0 947.0 1134.0
760.0 947.0 1134.0
760.0 947.0 1134.0
760.0 947.0 1134.0
760.0 947.0 1134.0
760.0 947.0 1134.0
760.0 947.0 1134.0
760.0 947.0 1134.0
760.0 947.0 1134.0
760.0 947.0 1134.0
760.0 947.0 1134.0
760.0 947.0 1134.0
760.0 947.0 1134.0
760.0 947.0 1134.0
760.0 947.0 1134.0
760.0 947.0 1134.0
760.0 947.0 1134.0
760.0 947.0 1134.0
760.0 947.0 1134.0
760.0 947.0 1134.0
760.0 947.0 1134.0
760.0 947.0 1134.0
760.0 947.0 1134.0
760.0 947.0 1134.0
760.0 947.0 1134.0
760.0 947.0 1134.0
760.0 947.0 1134.0
760.0 947.0 1134.0
760.0 947.0 1134.0
760.0 947.0 1134.0
760.0 947.0 1134.0
760.0 947.0 1134.0
760.0 947.0 1134.0
760.0 947.0 1134.0
760.0 947.0 1134.0
760.0 947.0 1134.0
760.0 947.0 1134.0
760.0 947.0 1134.0
760.0 947.0 1134.0
760.0 947.0 1134.0
760.0 947.0 1134.0
760.0 947.0 1134.0
760.0 947.0 1134.0
760.0 947.0 1134.0
760.0 947.0 1134.0
760.0 947.0 1134.0
760.0 947.0 1134.0
760.0 947.0 1134.0
