12388.0 12569.0 12750.0
8506.0 9298.0 10090.0
7910.0 8002.5 8095.0
6283.0 6948.0 7613.0
4355.0 5048.5 5742.0
3773.0 4229.5 4686.0
4146.0 4768.5 5391.0
3056.0 3434.5 3813.0
3056.0 3291.0 3526.0
2724.0 2931.0 3138.0
2724.0 2931.0 3138.0
2724.0 2873.5 3023.0
2672.0 2847.5 3023.0
2724.0 2873.5 3023.0
2724.0 2873.5 3023.0
2397.0 2710.0 3023.0
1832.0 2427.5 3023.0
1832.0 1849.5 1867.0
1832.0 1920.5 2009.0
1832.0 1924.0 2016.0
1832.0 1924.0 2016.0
1832.0 1924.0 2016.0
1832.0 1924.0 2016.0
1832.0 1924.0 2016.0
1832.0 1924.0 2016.0
1832.0 1924.0 2016.0
1832.0 1924.0 2016.0
1832.0 1924.0 2016.0
1832.0 1924.0 2016.0
1832.0 1924.0 2016.0
1832.0 1975.5 2119.0
1832.0 1975.5 2119.0
1832.0 1833.0 1834.0
1832.0 1833.0 1834.0
1075.0 1453.5 1832.0
1075.0 1453.5 1832.0
1075.0 1453.5 1832.0
1075.0 1453.5 1832.0
1075.0 1453.5 1832.0
1075.0 1453.5 1832.0
1075.0 1453.5 1832.0
1075.0 1453.5 1832.0
1075.0 1453.5 1832.0
1075.0 1453.5 1832.0
1075.0 1453.5 1832.0
1075.0 1453.5 1832.0
1075.0 1453.5 1832.0
1075.0 1453.5 1832.0
1075.0 1453.5 1832.0
1075.0 1453.5 1832.0
1075.0 1343.5 1612.0
1075.0 1179.0 1283.0
1075.0 1105.5 1136.0
1075.0 1105.5 1136.0
1075.0 1105.5 1136.0
1075.0 1105.5 1136.0
1075.0 1105.5 1136.0
1075.0 1105.5 1136.0
1075.0 1105.5 1136.0
1075.0 1105.5 1136.0
1075.0 1105.5 1136.0
1075.0 1105.5 1136.0
1075.0 1105.5 1136.0
1075.0 1105.5 1136.0
1075.0 1105.5 1136.0
1075.0 1105.5 1136.0
1075.0 1105.5 1136.0
1075.0 1105.5 1136.0
1075.0 1105.5 1136.0
1075.0 1105.5 1136.0
1075.0 1105.5 1136.0
1075.0 1105.5 1136.0
1075.0 1105.5 1136.0
1075.0 1105.5 1136.0
1075.0 1105.5 1136.0
1075.0 1105.5 1136.0
1075.0 1105.5 1136.0
1075.0 1105.5 1136.0
1075.0 1105.5 1136.0
1075.0 1105.5 1136.0
1075.0 1105.5 1136.0
1075.0 1105.5 1136.0
1075.0 1105.5 1136.0
1075.0 1105.5 1136.0
1075.0 1105.5 1136.0
1075.0 1105.5 1136.0
1075.0 1105.5 1136.0
1075.0 1105.5 1136.0
1075.0 1105.5 1136.0
1075.0 1105.5 1136.0
1075.0 1105.5 1136.0
1075.0 1105.5 1136.0
1075.0 1105.5 1136.0
1075.0 1105.5 1136.0
1075.0 1105.5 1136.0
1075.0 1105.5 1136.0
1075.0 1105.5 1136.0
1075.0 1105.5 1136.0
1075.0 1105.5 1136.0
1075.0 1105.5 1136.0
1075.0 1105.5 1136.0
1075.0 1105.5 1136.0
1075.0 1105.5 1136.0
1075.0 1105.5 1136.0
1075.0 1105.5 1136.0
1075.0 1105.5 1136.0
1075.0 1105.5 1136.0
1075.0 1105.5 1136.0
1075.0 1105.5 1136.0
1075.0 1105.5 1136.0
1075.0 1105.5 1136.0
1075.0 1105.5 1136.0
1075.0 1105.5 1136.0
1075.0 1105.5 1136.0
1075.0 1105.5 1136.0
1075.0 1105.5 1136.0
1075.0 1105.5 1136.0
1075.0 1105.5 1136.0
1075.0 1105.5 1136.0
1075.0 1105.5 1136.0
1075.0 1105.5 1136.0
1075.0 1105.5 1136.0
1075.0 1105.5 1136.0
1075.0 1105.5 1136.0
1075.0 1105.5 1136.0
1075.0 1105.5 1136.0
1075.0 1105.5 1136.0
1075.0 1105.5 1136.0
1075.0 1105.5 1136.0
1075.0 1105.5 1136.0
1075.0 1105.5 1136.0
1075.0 1105.5 1136.0
1075.0 1105.5 1136.0
1075.0 1105.5 1136.0
1075.0 1105.5 1136.0
1075.0 1105.5 1136.0
1075.0 1105.5 1136.0
1075.0 1105.5 1136.0
1075.0 1105.5 1136.0
1075.0 1105.5 1136.0
1075.0 1105.5 1136.0
1075.0 1105.5 1136.0
1075.0 1105.5 1136.0
1075.0 1105.5 1136.0
1075.0 1105.5 1136.0
1075.0 1105.5 1136.0
1075.0 1105.5 1136.0
1075.0 1105.5 1136.0
1075.0 1105.5 1136.0
1075.0 1105.5 1136.0
1075.0 1105.5 1136.0
1075.0 1105.5 1136.0
1075.0 1105.5 1136.0
1075.0 1105.5 1136.0
1075.0 1105.5 1136.0
1075.0 1105.5 1136.0
1075.0 1105.5 1136.0
1075.0 1105.5 1136.0
1075.0 1105.5 1136.0
1075.0 1105.5 1136.0
1075.0 1105.5 1136.0
1075.0 1105.5 1136.0
1075.0 1105.5 1136.0
1075.0 1105.5 1136.0
1075.0 1105.5 1136.0
1075.0 1105.5 1136.0
1075.0 1105.5 1136.0
1075.0 1105.5 1136.0
1075.0 1105.5 1136.0
1075.0 1105.5 1136.0
1075.0 1105.5 1136.0
1075.0 1105.5 1136.0
1075.0 1105.5 1136.0
1075.0 1105.5 1136.0
1075.0 1105.5 1136.0
1075.0 1105.5 1136.0
1075.0 1105.5 1136.0
1075.0 1105.5 1136.0
1075.0 1105.5 1136.0
1075.0 1105.5 1136.0
1075.0 1105.5 1136.0
1075.0 1105.5 1136.0
1075.0 1105.5 1136.0
1075.0 1105.5 1136.0
1075.0 1105.5 1136.0
1075.0 1105.5 1136.0
1075.0 1105.5 1136.0
1075.0 1105.5 1136.0
1075.0 1105.5 1136.0
1075.0 1105.5 1136.0
1075.0 1105.5 1136.0
1075.0 1105.5 1136.0
1075.0 1105.5 1136.0
1075.0 1105.5 1136.0
1075.0 1105.5 1136.0
1075.0 1105.5 1136.0
1075.0 1105.5 1136.0
1075.0 1105.5 1136.0
1075.0 1105.5 1136.0
1075.0 1105.5 1136.0
