13916.0 13942.5 13969.0
13141.0 13988.5 14836.0
9846.0 10833.0 11820.0
8849.0 10127.0 11405.0
8566.0 8782.5 8999.0
5304.0 5794.0 6284.0
5444.0 5510.0 5576.0
3420.0 3794.0 4168.0
3341.0 3754.5 4168.0
2615.0 3127.0 3639.0
2540.0 3089.5 3639.0
2540.0 2748.0 2956.0
2540.0 2748.0 2956.0
2716.0 2836.0 2956.0
2716.0 2836.0 2956.0
2796.0 3026.5 3257.0
2223.0 2469.5 2716.0
2223.0 2509.5 2796.0
2032.0 2127.5 2223.0
2032.0 2127.5 2223.0
2032.0 2127.5 2223.0
2032.0 2127.5 2223.0
2032.0 2127.5 2223.0
2032.0 2127.5 2223.0
2032.0 2127.5 2223.0
2032.0 2127.5 2223.0
2032.0 2127.5 2223.0
1887.0 1959.5 2032.0
1887.0 1959.5 2032.0
1887.0 1959.5 2032.0
1887.0 1959.5 2032.0
1887.0 1959.5 2032.0
1887.0 1959.5 2032.0
1887.0 1959.5 2032.0
1887.0 1959.5 2032.0
1887.0 1959.5 2032.0
1887.0 1959.5 2032.0
1887.0 1959.5 2032.0
1887.0 1959.5 2032.0
1887.0 1959.5 2032.0
1887.0 1959.5 2032.0
1887.0 1959.5 2032.0
1887.0 1959.5 2032.0
1887.0 1959.5 2032.0
1887.0 1959.5 2032.0
1887.0 1959.5 2032.0
1887.0 1959.5 2032.0
1887.0 1959.5 2032.0
1887.0 1959.5 2032.0
1887.0 1959.5 2032.0
1887.0 1959.5 2032.0
1287.0 1659.5 2032.0
1257.0 1644.5 2032.0
1257.0 1644.5 2032.0
1257.0 1644.5 2032.0
1257.0 1644.5 2032.0
1257.0 1644.5 2032.0
1257.0 1644.5 2032.0
1257.0 1644.5 2032.0
1257.0 1644.5 2032.0
1257.0 1644.5 2032.0
1257.0 1644.5 2032.0
1257.0 1644.5 2032.0
1257.0 1644.5 2032.0
1257.0 1644.5 2032.0
1257.0 1644.5 2032.0
1257.0 1644.5 2032.0
1257.0 1644.5 2032.0
1257.0 1644.5 2032.0
1257.0 1644.5 2032.0
1257.0 1644.5 2032.0
1257.0 1644.5 2032.0
1257.0 1644.5 2032.0
1257.0 1644.5 2032.0
1257.0 1644.5 2032.0
1257.0 1644.5 2032.0
1257.0 1644.5 2032.0
1257.0 1644.5 2032.0
1257.0 1644.5 2032.0
1257.0 1644.5 2032.0
1257.0 1644.5 2032.0
1257.0 1644.5 2032.0
1257.0 1644.5 2032.0
1257.0 1644.5 2032.0
1257.0 1644.5 2032.0
1257.0 1644.5 2032.0
1257.0 1644.5 2032.0
1257.0 1644.5 2032.0
1257.0 1644.5 2032.0
1257.0 1644.5 2032.0
1257.0 1644.5 2032.0
1257.0 1644.5 2032.0
1257.0 1644.5 2032.0
1257.0 1644.5 2032.0
1257.0 1644.5 2032.0
1257.0 1644.5 2032.0
1257.0 1644.5 2032.0
1257.0 1644.5 2032.0
1257.0 1644.5 2032.0
1257.0 1644.5 2032.0
1257.0 1644.5 2032.0
1257.0 1644.5 2032.0
1257.0 1644.5 2032.0
1257.0 1644.5 2032.0
1257.0 1644.5 2032.0
1257.0 1644.5 2032.0
1257.0 1644.5 2032.0
1257.0 1644.5 2032.0
1257.0 1644.5 2032.0
1257.0 1644.5 2032.0
1257.0 1644.5 2032.0
1257.0 1644.5 2032.0
1257.0 1644.5 2032.0
1257.0 1644.5 2032.0
1257.0 1644.5 2032.0
1257.0 1644.5 2032.0
1257.0 1644.5 2032.0
1257.0 1644.5 2032.0
1257.0 1644.5 2032.0
1257.0 1644.5 2032.0
1257.0 1644.5 2032.0
1257.0 1644.5 2032.0
1257.0 1644.5 2032.0
1257.0 1644.5 2032.0
1257.0 1644.5 2032.0
1257.0 1644.5 2032.0
1257.0 1644.5 2032.0
1257.0 1644.5 2032.0
1257.0 1644.5 2032.0
1192.0 1612.0 2032.0
1192.0 1612.0 2032.0
1192.0 1612.0 2032.0
1192.0 1612.0 2032.0
1192.0 1612.0 2032.0
1192.0 1612.0 2032.0
1192.0 1612.0 2032.0
1192.0 1612.0 2032.0
1192.0 1612.0 2032.0
1192.0 1612.0 2032.0
1192.0 1612.0 2032.0
1192.0 1612.0 2032.0
1192.0 1612.0 2032.0
1192.0 1612.0 2032.0
1192.0 1612.0 2032.0
1192.0 1612.0 2032.0
1192.0 1612.0 2032.0
1192.0 1612.0 2032.0
1192.0 1612.0 2032.0
1192.0 1612.0 2032.0
1192.0 1612.0 2032.0
1192.0 1453.5 1715.0
1192.0 1453.5 1715.0
1192.0 1453.5 1715.0
1192.0 1453.5 1715.0
1192.0 1453.5 1715.0
1192.0 1453.5 1715.0
1192.0 1453.5 1715.0
1192.0 1453.5 1715.0
1192.0 1453.5 1715.0
1192.0 1453.5 1715.0
1192.0 1453.5 1715.0
1192.0 1453.5 1715.0
1192.0 1453.5 1715.0
1192.0 1453.5 1715.0
1192.0 1453.5 1715.0
1192.0 1453.5 1715.0
1192.0 1453.5 1715.0
1192.0 1453.5 1715.0
1192.0 1453.5 1715.0
1192.0 1453.5 1715.0
1192.0 1453.5 1715.0
1192.0 1453.5 1715.0
1192.0 1453.5 1715.0
1192.0 1453.5 1715.0
1192.0 1453.5 1715.0
1192.0 1453.5 1715.0
1192.0 1453.5 1715.0
1192.0 1453.5 1715.0
1192.0 1453.5 1715.0
1192.0 1453.5 1715.0
1192.0 1453.5 1715.0
1192.0 1453.5 1715.0
1192.0 1453.5 1715.0
1192.0 1453.5 1715.0
1192.0 1453.5 1715.0
1192.0 1453.5 1715.0
1192.0 1453.5 1715.0
1192.0 1453.5 1715.0
1192.0 1453.5 1715.0
1192.0 1453.5 1715.0
1192.0 1453.5 1715.0
1192.0 1453.5 1715.0
1192.0 1453.5 1715.0
1192.0 1453.5 1715.0
1192.0 1453.5 1715.0
1192.0 1453.5 1715.0
1192.0 1453.5 1715.0
1192.0 1453.5 1715.0
1192.0 1453.5 1715.0
1192.0 1453.5 1715.0
