10368.0 12975.0 15582.0
8409.0 10674.0 12939.0
7463.0 7629.5 7796.0
6832.0 8169.0 9506.0
4782.0 5728.5 6675.0
4693.0 5850.5 7008.0
3630.0 4563.0 5496.0
3557.0 3625.0 3693.0
3061.0 3377.0 3693.0
3061.0 3377.0 3693.0
3061.0 3377.0 3693.0
2592.0 2683.0 2774.0
2378.0 2485.0 2592.0
2274.0 2433.0 2592.0
2274.0 2406.5 2539.0
2055.0 2164.5 2274.0
2115.0 2194.5 2274.0
2115.0 2194.5 2274.0
2115.0 2194.5 2274.0
2115.0 2194.5 2274.0
2115.0 2194.5 2274.0
2115.0 2194.5 2274.0
2115.0 2194.5 2274.0
2115.0 2194.5 2274.0
1829.0 2051.5 2274.0
1829.0 1969.5 2110.0
1533.0 1681.0 1829.0
1533.0 1681.0 1829.0
1533.0 1681.0 1829.0
1533.0 1681.0 1829.0
1533.0 1681.0 1829.0
1533.0 1681.0 1829.0
1533.0 1681.0 1829.0
1533.0 1681.0 1829.0
1533.0 1681.0 1829.0
1533.0 1681.0 1829.0
1533.0 1681.0 1829.0
1533.0 1681.0 1829.0
1533.0 1681.0 1829.0
1533.0 1681.0 1829.0
1533.0 1681.0 1829.0
1533.0 1681.0 1829.0
1533.0 1681.0 1829.0
1533.0 1681.0 1829.0
1533.0 1681.0 1829.0
1533.0 1681.0 1829.0
1533.0 1681.0 1829.0
1533.0 1681.0 1829.0
1533.0 1681.0 1829.0
1533.0 1681.0 1829.0
1533.0 1681.0 1829.0
1533.0 1681.0 1829.0
1533.0 1681.0 1829.0
1533.0 1681.0 1829.0
1533.0 1681.0 1829.0
1533.0 1681.0 1829.0
1529.0 1531.0 1533.0
1533.0 1630.0 1727.0
1533.0 1630.0 1727.0
1533.0 1630.0 1727.0
1533.0 1630.0 1727.0
1533.0 1630.0 1727.0
1533.0 1630.0 1727.0
1533.0 1630.0 1727.0
1533.0 1630.0 1727.0
1533.0 1630.0 1727.0
1533.0 1630.0 1727.0
1533.0 1630.0 1727.0
1533.0 1630.0 1727.0
1533.0 1630.0 1727.0
1533.0 1630.0 1727.0
1533.0 1630.0 1727.0
1533.0 1630.0 1727.0
1533.0 1630.0 1727.0
1533.0 1630.0 1727.0
1533.0 1630.0 1727.0
1533.0 1630.0 1727.0
1533.0 1630.0 1727.0
1533.0 1630.0 1727.0
1533.0 1630.0 1727.0
1533.0 1630.0 1727.0
1533.0 1630.0 1727.0
1533.0 1630.0 1727.0
1533.0 1630.0 1727.0
1533.0 1630.0 1727.0
1533.0 1630.0 1727.0
1533.0 1630.0 1727.0
1533.0 1630.0 1727.0
1533.0 1630.0 1727.0
1533.0 1630.0 1727.0
1533.0 1630.0 1727.0
1533.0 1630.0 1727.0
1533.0 1630.0 1727.0
1533.0 1630.0 1727.0
1533.0 1630.0 1727.0
1533.0 1630.0 1727.0
1533.0 1630.0 1727.0
1533.0 1630.0 1727.0
1533.0 1630.0 1727.0
1533.0 1630.0 1727.0
1533.0 1630.0 1727.0
1533.0 1630.0 1727.0
1533.0 1630.0 1727.0
1533.0 1630.0 1727.0
1533.0 1630.0 1727.0
1533.0 1630.0 1727.0
1533.0 1630.0 1727.0
1533.0 1630.0 1727.0
1533.0 1630.0 1727.0
1533.0 1630.0 1727.0
1533.0 1630.0 1727.0
1533.0 1630.0 1727.0
1533.0 1630.0 1727.0
1533.0 1630.0 1727.0
1533.0 1630.0 1727.0
1533.0 1630.0 1727.0
1533.0 1630.0 1727.0
1533.0 1630.0 1727.0
1533.0 1630.0 1727.0
1533.0 1630.0 1727.0
1533.0 1630.0 1727.0
1533.0 1630.0 1727.0
1533.0 1630.0 1727.0
1533.0 1630.0 1727.0
1533.0 1630.0 1727.0
1533.0 1630.0 1727.0
1533.0 1630.0 1727.0
1533.0 1630.0 1727.0
1533.0 1630.0 1727.0
1533.0 1630.0 1727.0
1533.0 1630.0 1727.0
1533.0 1630.0 1727.0
1533.0 1630.0 1727.0
1533.0 1630.0 1727.0
1533.0 1630.0 1727.0
1533.0 1630.0 1727.0
1533.0 1630.0 1727.0
1533.0 1630.0 1727.0
1533.0 1630.0 1727.0
1533.0 1630.0 1727.0
1533.0 1630.0 1727.0
1533.0 1630.0 1727.0
1533.0 1630.0 1727.0
1533.0 1630.0 1727.0
1533.0 1630.0 1727.0
1533.0 1630.0 1727.0
1533.0 1630.0 1727.0
1533.0 1630.0 1727.0
1533.0 1630.0 1727.0
1533.0 1630.0 1727.0
1533.0 1630.0 1727.0
1533.0 1630.0 1727.0
1533.0 1630.0 1727.0
1533.0 1630.0 1727.0
1533.0 1630.0 1727.0
1533.0 1630.0 1727.0
1533.0 1630.0 1727.0
1435.0 1484.0 1533.0
1435.0 1484.0 1533.0
1435.0 1484.0 1533.0
1435.0 1484.0 1533.0
1435.0 1484.0 1533.0
1435.0 1484.0 1533.0
1435.0 1484.0 1533.0
1435.0 1484.0 1533.0
1435.0 1484.0 1533.0
1435.0 1484.0 1533.0
1435.0 1484.0 1533.0
1435.0 1484.0 1533.0
1435.0 1484.0 1533.0
1435.0 1484.0 1533.0
1435.0 1484.0 1533.0
1435.0 1484.0 1533.0
1435.0 1484.0 1533.0
1435.0 1484.0 1533.0
1435.0 1484.0 1533.0
1435.0 1484.0 1533.0
1435.0 1484.0 1533.0
1435.0 1484.0 1533.0
1435.0 1484.0 1533.0
1435.0 1484.0 1533.0
1435.0 1484.0 1533.0
1435.0 1484.0 1533.0
1435.0 1484.0 1533.0
1435.0 1484.0 1533.0
1435.0 1484.0 1533.0
1435.0 1484.0 1533.0
1435.0 1484.0 1533.0
1435.0 1484.0 1533.0
1435.0 1484.0 1533.0
1435.0 1484.0 1533.0
1435.0 1484.0 1533.0
1435.0 1484.0 1533.0
1435.0 1484.0 1533.0
1435.0 1484.0 1533.0
1435.0 1484.0 1533.0
1435.0 1484.0 1533.0
1435.0 1484.0 1533.0
1435.0 1484.0 1533.0
1435.0 1484.0 1533.0
