11829.0 12136.5 12444.0
8866.0 9183.0 9500.0
7055.0 8405.5 9756.0
7055.0 7734.0 8413.0
6142.0 6408.0 6674.0
4180.0 4745.0 5310.0
4748.0 4806.5 4865.0
4059.0 4462.0 4865.0
3701.0 3880.0 4059.0
3521.0 3790.0 4059.0
2395.0 2939.0 3483.0
2043.0 2219.0 2395.0
2143.0 2269.0 2395.0
2143.0 2269.0 2395.0
2143.0 2269.0 2395.0
2143.0 2269.0 2395.0
2143.0 2262.5 2382.0
2143.0 2264.5 2386.0
2143.0 2264.5 2386.0
2028.0 2085.5 2143.0
2028.0 2085.5 2143.0
2028.0 2085.5 2143.0
2028.0 2085.5 2143.0
2028.0 2085.5 2143.0
2028.0 2085.5 2143.0
2028.0 2085.5 2143.0
2028.0 2085.5 2143.0
2028.0 2085.5 2143.0
2028.0 2085.5 2143.0
2028.0 2085.5 2143.0
2028.0 2085.5 2143.0
2028.0 2085.5 2143.0
2028.0 2085.5 2143.0
2028.0 2085.5 2143.0
2028.0 2085.5 2143.0
2028.0 2085.5 2143.0
2028.0 2085.5 2143.0
2028.0 2085.5 2143.0
2028.0 2085.5 2143.0
2028.0 2085.5 2143.0
2028.0 2085.5 2143.0
2028.0 2085.5 2143.0
1449.0 1796.0 2143.0
1376.0 1759.5 2143.0
1376.0 1759.5 2143.0
1376.0 1759.5 2143.0
1376.0 1759.5 2143.0
1376.0 1759.5 2143.0
1376.0 1759.5 2143.0
1376.0 1759.5 2143.0
1376.0 1759.5 2143.0
1376.0 1607.0 1838.0
1376.0 1607.0 1838.0
1376.0 1607.0 1838.0
1376.0 1607.0 1838.0
1376.0 1607.0 1838.0
1376.0 1607.0 1838.0
1376.0 1607.0 1838.0
1376.0 1607.0 1838.0
1376.0 1607.0 1838.0
1376.0 1607.0 1838.0
1376.0 1607.0 1838.0
1376.0 1607.0 1838.0
1376.0 1607.0 1838.0
1376.0 1607.0 1838.0
1376.0 1607.0 1838.0
1376.0 1607.0 1838.0
1376.0 1607.0 1838.0
1376.0 1607.0 1838.0
1376.0 1607.0 1838.0
1376.0 1607.0 1838.0
1376.0 1607.0 1838.0
1376.0 1607.0 1838.0
1376.0 1607.0 1838.0
1376.0 1607.0 1838.0
1376.0 1607.0 1838.0
1376.0 1607.0 1838.0
1376.0 1607.0 1838.0
1376.0 1607.0 1838.0
1376.0 1607.0 1838.0
1376.0 1607.0 1838.0
1376.0 1607.0 1838.0
1376.0 1607.0 1838.0
1376.0 1607.0 1838.0
1376.0 1607.0 1838.0
1376.0 1607.0 1838.0
1376.0 1607.0 1838.0
1376.0 1607.0 1838.0
1376.0 1607.0 1838.0
1376.0 1607.0 1838.0
1376.0 1607.0 1838.0
1376.0 1607.0 1838.0
1376.0 1607.0 1838.0
1376.0 1607.0 1838.0
1376.0 1607.0 1838.0
1376.0 1607.0 1838.0
1376.0 1607.0 1838.0
1376.0 1607.0 1838.0
1376.0 1607.0 1838.0
1376.0 1607.0 1838.0
1376.0 1607.0 1838.0
1376.0 1607.0 1838.0
1376.0 1607.0 1838.0
1376.0 1607.0 1838.0
1376.0 1607.0 1838.0
1376.0 1607.0 1838.0
1376.0 1607.0 1838.0
1376.0 1607.0 1838.0
1376.0 1607.0 1838.0
1376.0 1607.0 1838.0
1376.0 1607.0 1838.0
1376.0 1607.0 1838.0
1376.0 1607.0 1838.0
1376.0 1607.0 1838.0
1376.0 1607.0 1838.0
1376.0 1607.0 1838.0
1376.0 1607.0 1838.0
1376.0 1607.0 1838.0
1376.0 1607.0 1838.0
1376.0 1607.0 1838.0
1376.0 1607.0 1838.0
1376.0 1607.0 1838.0
1376.0 1607.0 1838.0
1376.0 1607.0 1838.0
1376.0 1607.0 1838.0
1376.0 1607.0 1838.0
1376.0 1607.0 1838.0
1376.0 1607.0 1838.0
1376.0 1607.0 1838.0
1376.0 1607.0 1838.0
1376.0 1607.0 1838.0
1376.0 1607.0 1838.0
1376.0 1607.0 1838.0
1376.0 1607.0 1838.0
1376.0 1607.0 1838.0
1376.0 1607.0 1838.0
1376.0 1607.0 1838.0
1376.0 1607.0 1838.0
1376.0 1607.0 1838.0
1376.0 1607.0 1838.0
1376.0 1607.0 1838.0
1376.0 1607.0 1838.0
1376.0 1607.0 1838.0
1376.0 1607.0 1838.0
1376.0 1607.0 1838.0
1376.0 1607.0 1838.0
1376.0 1607.0 1838.0
1376.0 1607.0 1838.0
1376.0 1607.0 1838.0
1376.0 1607.0 1838.0
1376.0 1607.0 1838.0
1376.0 1607.0 1838.0
1376.0 1607.0 1838.0
1376.0 1607.0 1838.0
1376.0 1607.0 1838.0
1376.0 1607.0 1838.0
1376.0 1607.0 1838.0
1376.0 1607.0 1838.0
1376.0 1607.0 1838.0
1376.0 1607.0 1838.0
1376.0 1607.0 1838.0
1376.0 1607.0 1838.0
1376.0 1607.0 1838.0
1376.0 1607.0 1838.0
1604.0 1721.0 1838.0
1155.0 1496.5 1838.0
1155.0 1496.5 1838.0
1155.0 1496.5 1838.0
1155.0 1496.5 1838.0
1155.0 1496.5 1838.0
1155.0 1496.5 1838.0
1155.0 1496.5 1838.0
1155.0 1496.5 1838.0
1155.0 1496.5 1838.0
1155.0 1496.5 1838.0
1155.0 1496.5 1838.0
1155.0 1496.5 1838.0
1155.0 1496.5 1838.0
1155.0 1496.5 1838.0
1155.0 1496.5 1838.0
1155.0 1496.5 1838.0
1155.0 1496.5 1838.0
1155.0 1496.5 1838.0
1155.0 1496.5 1838.0
1155.0 1496.5 1838.0
1155.0 1496.5 1838.0
1155.0 1496.5 1838.0
1155.0 1194.0 1233.0
1155.0 1194.0 1233.0
1155.0 1194.0 1233.0
1155.0 1194.0 1233.0
1155.0 1194.0 1233.0
1155.0 1194.0 1233.0
1155.0 1194.0 1233.0
1155.0 1194.0 1233.0
1155.0 1194.0 1233.0
1155.0 1194.0 1233.0
1155.0 1194.0 1233.0
1155.0 1194.0 1233.0
1155.0 1194.0 1233.0
