9909.0 11897.0 13885.0
7990.0 9204.5 10419.0
6608.0 7925.0 9242.0
5120.0 6558.5 7997.0
3476.0 4705.0 5934.0
2808.0 3453.0 4098.0
2808.0 3259.5 3711.0
2270.0 2990.5 3711.0
2156.0 2399.5 2643.0
1515.0 2079.0 2643.0
1515.0 1694.0 1873.0
1515.0 1694.0 1873.0
1515.0 1555.5 1596.0
1515.0 1555.5 1596.0
1515.0 1555.5 1596.0
1515.0 1560.5 1606.0
1515.0 1560.5 1606.0
1261.0 1388.0 1515.0
1261.0 1388.0 1515.0
1261.0 1388.0 1515.0
1261.0 1388.0 1515.0
1261.0 1388.0 1515.0
1261.0 1388.0 1515.0
1261.0 1388.0 1515.0
1261.0 1388.0 1515.0
1261.0 1388.0 1515.0
1261.0 1388.0 1515.0
1261.0 1388.0 1515.0
1261.0 1388.0 1515.0
1261.0 1388.0 1515.0
1261.0 1388.0 1515.0
1261.0 1388.0 1515.0
1261.0 1388.0 1515.0
1261.0 1388.0 1515.0
1261.0 1388.0 1515.0
1261.0 1388.0 1515.0
1261.0 1388.0 1515.0
1261.0 1388.0 1515.0
1261.0 1388.0 1515.0
1261.0 1388.0 1515.0
1261.0 1388.0 1515.0
1261.0 1388.0 1515.0
1261.0 1388.0 1515.0
1261.0 1388.0 1515.0
1261.0 1388.0 1515.0
1261.0 1388.0 1515.0
1261.0 1388.0 1515.0
1261.0 1388.0 1515.0
1261.0 1388.0 1515.0
1261.0 1388.0 1515.0
1261.0 1388.0 1515.0
1261.0 1388.0 1515.0
1261.0 1388.0 1515.0
1261.0 1388.0 1515.0
1261.0 1388.0 1515.0
1261.0 1388.0 1515.0
1261.0 1388.0 1515.0
1261.0 1388.0 1515.0
1261.0 1388.0 1515.0
1261.0 1388.0 1515.0
1261.0 1388.0 1515.0
1261.0 1388.0 1515.0
1218.0 1239.5 1261.0
873.0 1067.0 1261.0
873.0 1067.0 1261.0
873.0 1067.0 1261.0
873.0 1067.0 1261.0
873.0 1067.0 1261.0
873.0 1067.0 1261.0
873.0 1067.0 1261.0
873.0 1067.0 1261.0
873.0 1067.0 1261.0
873.0 1067.0 1261.0
873.0 1067.0 1261.0
873.0 1067.0 1261.0
873.0 1067.0 1261.0
873.0 1067.0 1261.0
873.0 1067.0 1261.0
873.0 1067.0 1261.0
873.0 1067.0 1261.0
873.0 1067.0 1261.0
873.0 1067.0 1261.0
873.0 1067.0 1261.0
873.0 1067.0 1261.0
873.0 1067.0 1261.0
873.0 1067.0 1261.0
873.0 1067.0 1261.0
873.0 1067.0 1261.0
873.0 1067.0 1261.0
873.0 1067.0 1261.0
873.0 1067.0 1261.0
873.0 1067.0 1261.0
873.0 1067.0 1261.0
873.0 1067.0 1261.0
873.0 1067.0 1261.0
873.0 1067.0 1261.0
873.0 1067.0 1261.0
873.0 1067.0 1261.0
873.0 1067.0 1261.0
873.0 1067.0 1261.0
873.0 1067.0 1261.0
873.0 1067.0 1261.0
873.0 1067.0 1261.0
873.0 1067.0 1261.0
873.0 1067.0 1261.0
873.0 1067.0 1261.0
873.0 1067.0 1261.0
873.0 1067.0 1261.0
873.0 1067.0 1261.0
873.0 1067.0 1261.0
873.0 1067.0 1261.0
873.0 1067.0 1261.0
873.0 1067.0 1261.0
873.0 1067.0 1261.0
873.0 1067.0 1261.0
873.0 1067.0 1261.0
873.0 1067.0 1261.0
873.0 1067.0 1261.0
873.0 1067.0 1261.0
873.0 1067.0 1261.0
873.0 1067.0 1261.0
873.0 1067.0 1261.0
873.0 1067.0 1261.0
873.0 1067.0 1261.0
873.0 1067.0 1261.0
873.0 1067.0 1261.0
873.0 1067.0 1261.0
873.0 1067.0 1261.0
873.0 1067.0 1261.0
873.0 1067.0 1261.0
873.0 1067.0 1261.0
873.0 1067.0 1261.0
873.0 1067.0 1261.0
873.0 1067.0 1261.0
873.0 1067.0 1261.0
873.0 1067.0 1261.0
873.0 1067.0 1261.0
873.0 1067.0 1261.0
873.0 1067.0 1261.0
873.0 1067.0 1261.0
873.0 1067.0 1261.0
873.0 1067.0 1261.0
873.0 1067.0 1261.0
873.0 1067.0 1261.0
873.0 1067.0 1261.0
873.0 1067.0 1261.0
873.0 1067.0 1261.0
873.0 1067.0 1261.0
873.0 1067.0 1261.0
873.0 1067.0 1261.0
873.0 1067.0 1261.0
873.0 1067.0 1261.0
873.0 1067.0 1261.0
873.0 1067.0 1261.0
873.0 1067.0 1261.0
873.0 1067.0 1261.0
873.0 1067.0 1261.0
873.0 1067.0 1261.0
873.0 1067.0 1261.0
873.0 1067.0 1261.0
873.0 1067.0 1261.0
873.0 1067.0 1261.0
873.0 1067.0 1261.0
873.0 1067.0 1261.0
873.0 1067.0 1261.0
873.0 1067.0 1261.0
873.0 1067.0 1261.0
873.0 1067.0 1261.0
873.0 1067.0 1261.0
873.0 1067.0 1261.0
873.0 1067.0 1261.0
873.0 1067.0 1261.0
873.0 1067.0 1261.0
873.0 1067.0 1261.0
873.0 1067.0 1261.0
873.0 1067.0 1261.0
873.0 1067.0 1261.0
873.0 1067.0 1261.0
873.0 1067.0 1261.0
873.0 1067.0 1261.0
873.0 1067.0 1261.0
873.0 1067.0 1261.0
873.0 1067.0 1261.0
873.0 1067.0 1261.0
873.0 1067.0 1261.0
873.0 1067.0 1261.0
873.0 1067.0 1261.0
873.0 1067.0 1261.0
873.0 1067.0 1261.0
873.0 1067.0 1261.0
873.0 1067.0 1261.0
873.0 1067.0 1261.0
873.0 1067.0 1261.0
873.0 1067.0 1261.0
873.0 1067.0 1261.0
873.0 1067.0 1261.0
873.0 1067.0 1261.0
873.0 1067.0 1261.0
873.0 1067.0 1261.0
873.0 1067.0 1261.0
