12813.0 12924.0 13035.0
10979.0 11204.0 11429.0
5963.0 8401.5 10840.0
5733.0 6282.5 6832.0
4162.0 5215.0 6268.0
2943.0 3486.0 4029.0
2832.0 2939.0 3046.0
2393.0 2719.5 3046.0
1720.0 1736.0 1752.0
1541.0 1646.5 1752.0
1529.0 1535.0 1541.0
1243.0 1386.0 1529.0
1243.0 1386.0 1529.0
1243.0 1386.0 1529.0
1243.0 1386.0 1529.0
1243.0 1386.0 1529.0
1243.0 1386.0 1529.0
1243.0 1386.0 1529.0
1243.0 1386.0 1529.0
1243.0 1386.0 1529.0
1243.0 1386.0 1529.0
1243.0 1386.0 1529.0
1243.0 1386.0 1529.0
1243.0 1386.0 1529.0
1243.0 1386.0 1529.0
1243.0 1386.0 1529.0
1243.0 1386.0 1529.0
1243.0 1386.0 1529.0
1243.0 1259.5 1276.0
1243.0 1259.5 1276.0
932.0 1087.5 1243.0
932.0 1087.5 1243.0
932.0 1087.5 1243.0
932.0 1087.5 1243.0
932.0 1087.5 1243.0
932.0 1087.5 1243.0
932.0 1087.5 1243.0
932.0 1087.5 1243.0
932.0 1087.5 1243.0
932.0 1087.5 1243.0
932.0 1087.5 1243.0
932.0 1087.5 1243.0
932.0 1087.5 1243.0
932.0 1087.5 1243.0
932.0 1087.5 1243.0
932.0 1087.5 1243.0
932.0 1087.5 1243.0
932.0 1087.5 1243.0
932.0 1087.5 1243.0
932.0 1087.5 1243.0
932.0 1087.5 1243.0
932.0 1087.5 1243.0
932.0 1087.5 1243.0
932.0 1087.5 1243.0
932.0 1087.5 1243.0
932.0 1087.5 1243.0
932.0 1087.5 1243.0
932.0 1087.5 1243.0
932.0 1087.5 1243.0
932.0 1087.5 1243.0
932.0 1087.5 1243.0
932.0 1087.5 1243.0
932.0 1087.5 1243.0
932.0 1087.5 1243.0
932.0 1087.5 1243.0
932.0 1087.5 1243.0
932.0 1087.5 1243.0
932.0 1087.5 1243.0
932.0 1087.5 1243.0
932.0 1087.5 1243.0
932.0 1087.5 1243.0
932.0 1087.5 1243.0
932.0 1087.5 1243.0
932.0 1087.5 1243.0
932.0 1087.5 1243.0
932.0 1087.5 1243.0
932.0 1087.5 1243.0
932.0 1087.5 1243.0
932.0 1087.5 1243.0
932.0 1087.5 1243.0
932.0 1087.5 1243.0
932.0 1087.5 1243.0
932.0 1087.5 1243.0
932.0 1087.5 1243.0
932.0 1087.5 1243.0
932.0 1087.5 1243.0
932.0 1087.5 1243.0
932.0 1087.5 1243.0
932.0 1087.5 1243.0
932.0 1087.5 1243.0
932.0 1087.5 1243.0
932.0 1087.5 1243.0
932.0 1087.5 1243.0
932.0 1087.5 1243.0
932.0 1087.5 1243.0
932.0 1087.5 1243.0
932.0 1087.5 1243.0
932.0 1087.5 1243.0
932.0 1087.5 1243.0
932.0 1087.5 1243.0
932.0 1087.5 1243.0
932.0 1087.5 1243.0
932.0 1087.5 1243.0
932.0 1087.5 1243.0
932.0 1087.5 1243.0
932.0 1087.5 1243.0
932.0 1087.5 1243.0
932.0 1087.5 1243.0
932.0 1087.5 1243.0
932.0 1087.5 1243.0
932.0 1087.5 1243.0
932.0 1087.5 1243.0
932.0 1087.5 1243.0
932.0 1087.5 1243.0
932.0 1087.5 1243.0
932.0 1087.5 1243.0
932.0 1087.5 1243.0
932.0 1087.5 1243.0
932.0 1087.5 1243.0
932.0 1087.5 1243.0
932.0 1087.5 1243.0
932.0 1087.5 1243.0
932.0 1087.5 1243.0
932.0 1087.5 1243.0
932.0 1087.5 1243.0
932.0 1087.5 1243.0
932.0 1087.5 1243.0
932.0 1087.5 1243.0
932.0 1087.5 1243.0
932.0 1087.5 1243.0
932.0 1087.5 1243.0
932.0 1087.5 1243.0
932.0 1087.5 1243.0
932.0 1087.5 1243.0
932.0 1087.5 1243.0
932.0 1087.5 1243.0
932.0 1087.5 1243.0
932.0 1087.5 1243.0
932.0 1087.5 1243.0
932.0 1087.5 1243.0
932.0 1087.5 1243.0
932.0 1087.5 1243.0
932.0 1087.5 1243.0
932.0 1087.5 1243.0
932.0 1087.5 1243.0
932.0 1087.5 1243.0
932.0 1087.5 1243.0
932.0 1087.5 1243.0
932.0 1087.5 1243.0
932.0 1087.5 1243.0
932.0 1087.5 1243.0
932.0 1087.5 1243.0
932.0 1087.5 1243.0
932.0 1087.5 1243.0
932.0 1087.5 1243.0
932.0 1087.5 1243.0
932.0 1087.5 1243.0
932.0 1087.5 1243.0
932.0 1087.5 1243.0
932.0 1087.5 1243.0
932.0 1087.5 1243.0
932.0 1087.5 1243.0
932.0 1087.5 1243.0
932.0 1087.5 1243.0
932.0 1087.5 1243.0
932.0 1087.5 1243.0
932.0 1087.5 1243.0
932.0 1087.5 1243.0
932.0 1087.5 1243.0
932.0 1087.5 1243.0
932.0 1087.5 1243.0
932.0 1087.5 1243.0
932.0 1087.5 1243.0
932.0 1087.5 1243.0
932.0 1087.5 1243.0
932.0 1087.5 1243.0
932.0 1034.5 1137.0
932.0 1034.5 1137.0
932.0 1034.5 1137.0
932.0 1034.5 1137.0
932.0 1034.5 1137.0
932.0 1034.5 1137.0
932.0 1034.5 1137.0
932.0 1034.5 1137.0
932.0 1034.5 1137.0
932.0 1034.5 1137.0
932.0 1034.5 1137.0
932.0 1034.5 1137.0
932.0 1034.5 1137.0
932.0 1034.5 1137.0
932.0 1034.5 1137.0
932.0 1034.5 1137.0
932.0 1034.5 1137.0
932.0 1034.5 1137.0
932.0 1034.5 1137.0
932.0 1034.5 1137.0
932.0 1034.5 1137.0
932.0 1034.5 1137.0
932.0 1034.5 1137.0
932.0 1034.5 1137.0
