14539.0 15285.0 16031.0
12320.0 13416.5 14513.0
9672.0 10253.5 10835.0
6709.0 8383.5 10058.0
7286.0 7732.5 8179.0
5390.0 5856.0 6322.0
4482.0 5085.0 5688.0
4213.0 4366.0 4519.0
2485.0 2917.5 3350.0
2146.0 2759.5 3373.0
2146.0 2759.5 3373.0
2146.0 2467.5 2789.0
1697.0 2101.0 2505.0
1697.0 2101.0 2505.0
1697.0 2101.0 2505.0
1697.0 2101.0 2505.0
1697.0 2101.0 2505.0
1697.0 2156.5 2616.0
1697.0 1984.5 2272.0
1697.0 2057.5 2418.0
1697.0 2065.0 2433.0
1697.0 1849.0 2001.0
1697.0 1849.0 2001.0
1697.0 1849.0 2001.0
1697.0 1849.0 2001.0
1697.0 1849.0 2001.0
1697.0 2002.0 2307.0
1697.0 1973.5 2250.0
1697.0 1973.5 2250.0
1697.0 1973.5 2250.0
1697.0 1973.5 2250.0
1697.0 1973.5 2250.0
1697.0 1973.5 2250.0
1697.0 1973.5 2250.0
1697.0 1973.5 2250.0
1697.0 1973.5 2250.0
1697.0 1973.5 2250.0
1697.0 1973.5 2250.0
1697.0 1973.5 2250.0
1697.0 1973.5 2250.0
1697.0 1973.5 2250.0
1697.0 1973.5 2250.0
1697.0 1973.5 2250.0
1697.0 1973.5 2250.0
1697.0 1973.5 2250.0
1697.0 1973.5 2250.0
1697.0 1973.5 2250.0
1697.0 1973.5 2250.0
1697.0 1973.5 2250.0
1697.0 1973.5 2250.0
1697.0 1973.5 2250.0
1697.0 1973.5 2250.0
1697.0 1973.5 2250.0
1697.0 1973.5 2250.0
1697.0 1759.5 1822.0
1697.0 1797.5 1898.0
1697.0 1797.5 1898.0
1697.0 1797.5 1898.0
1697.0 1797.5 1898.0
1697.0 1797.5 1898.0
1697.0 1797.5 1898.0
1697.0 1797.5 1898.0
1697.0 1797.5 1898.0
1697.0 1797.5 1898.0
1697.0 1797.5 1898.0
1538.0 1617.5 1697.0
1428.0 1562.5 1697.0
1428.0 1562.5 1697.0
1428.0 1562.5 1697.0
1428.0 1562.5 1697.0
1428.0 1562.5 1697.0
1428.0 1562.5 1697.0
1428.0 1562.5 1697.0
1428.0 1562.5 1697.0
1428.0 1562.5 1697.0
1428.0 1562.5 1697.0
1428.0 1562.5 1697.0
1428.0 1562.5 1697.0
1428.0 1562.5 1697.0
1428.0 1562.5 1697.0
1428.0 1562.5 1697.0
1428.0 1562.5 1697.0
1428.0 1562.5 1697.0
1428.0 1562.5 1697.0
1428.0 1562.5 1697.0
1428.0 1562.5 1697.0
1428.0 1562.5 1697.0
1145.0 1286.5 1428.0
1145.0 1286.5 1428.0
1145.0 1286.5 1428.0
1145.0 1286.5 1428.0
1145.0 1286.5 1428.0
1145.0 1286.5 1428.0
1145.0 1286.5 1428.0
1145.0 1286.5 1428.0
1145.0 1286.5 1428.0
1145.0 1286.5 1428.0
1145.0 1286.5 1428.0
1145.0 1286.5 1428.0
1145.0 1286.5 1428.0
1145.0 1286.5 1428.0
1145.0 1286.5 1428.0
1145.0 1286.5 1428.0
1145.0 1286.5 1428.0
1145.0 1286.5 1428.0
1145.0 1286.5 1428.0
1145.0 1286.5 1428.0
1145.0 1286.5 1428.0
1145.0 1286.5 1428.0
1145.0 1286.5 1428.0
1145.0 1286.5 1428.0
1145.0 1286.5 1428.0
1145.0 1286.5 1428.0
1145.0 1286.5 1428.0
1145.0 1286.5 1428.0
1145.0 1286.5 1428.0
1145.0 1286.5 1428.0
1145.0 1286.5 1428.0
1145.0 1286.5 1428.0
1145.0 1286.5 1428.0
1145.0 1286.5 1428.0
1145.0 1286.5 1428.0
1145.0 1286.5 1428.0
1145.0 1286.5 1428.0
1145.0 1286.5 1428.0
1145.0 1286.5 1428.0
1145.0 1286.5 1428.0
1145.0 1286.5 1428.0
1145.0 1286.5 1428.0
1145.0 1286.5 1428.0
1145.0 1286.5 1428.0
1145.0 1286.5 1428.0
1145.0 1286.5 1428.0
1145.0 1286.5 1428.0
1145.0 1286.5 1428.0
1145.0 1286.5 1428.0
1145.0 1286.5 1428.0
1145.0 1286.5 1428.0
1145.0 1286.5 1428.0
1145.0 1286.5 1428.0
1145.0 1286.5 1428.0
1145.0 1286.5 1428.0
1145.0 1286.5 1428.0
1145.0 1286.5 1428.0
1145.0 1286.5 1428.0
1145.0 1286.5 1428.0
1145.0 1286.5 1428.0
1145.0 1286.5 1428.0
1145.0 1286.5 1428.0
1145.0 1286.5 1428.0
1145.0 1286.5 1428.0
1145.0 1286.5 1428.0
1145.0 1286.5 1428.0
1145.0 1286.5 1428.0
1145.0 1286.5 1428.0
1145.0 1286.5 1428.0
1145.0 1286.5 1428.0
1145.0 1286.5 1428.0
1145.0 1286.5 1428.0
1145.0 1286.5 1428.0
1145.0 1286.5 1428.0
1145.0 1286.5 1428.0
1145.0 1286.5 1428.0
1145.0 1286.5 1428.0
1145.0 1286.5 1428.0
1145.0 1286.5 1428.0
1145.0 1286.5 1428.0
1145.0 1286.5 1428.0
1145.0 1286.5 1428.0
1145.0 1286.5 1428.0
1145.0 1286.5 1428.0
1145.0 1286.5 1428.0
1145.0 1286.5 1428.0
1145.0 1286.5 1428.0
1145.0 1286.5 1428.0
1145.0 1286.5 1428.0
1145.0 1286.5 1428.0
1145.0 1286.5 1428.0
1145.0 1286.5 1428.0
1145.0 1286.5 1428.0
1145.0 1286.5 1428.0
1145.0 1286.5 1428.0
1145.0 1286.5 1428.0
1145.0 1286.5 1428.0
1145.0 1286.5 1428.0
1145.0 1286.5 1428.0
1145.0 1286.5 1428.0
1145.0 1286.5 1428.0
1145.0 1286.5 1428.0
1145.0 1286.5 1428.0
1145.0 1286.5 1428.0
1145.0 1286.5 1428.0
1145.0 1286.5 1428.0
1145.0 1286.5 1428.0
1145.0 1286.5 1428.0
1145.0 1286.5 1428.0
1145.0 1286.5 1428.0
1145.0 1286.5 1428.0
1145.0 1286.5 1428.0
1145.0 1286.5 1428.0
