14368.0 14701.5 15035.0
13337.0 13896.0 14455.0
11261.0 12047.0 12833.0
9619.0 10323.5 11028.0
7822.0 7870.0 7918.0
6693.0 6869.5 7046.0
4333.0 4557.0 4781.0
4034.0 4407.5 4781.0
4034.0 4132.0 4230.0
3319.0 3885.0 4451.0
2674.0 3509.5 4345.0
2674.0 2975.5 3277.0
2674.0 2975.5 3277.0
2674.0 2975.5 3277.0
2674.0 2975.5 3277.0
2674.0 2975.5 3277.0
2674.0 2975.5 3277.0
2674.0 2975.5 3277.0
2438.0 3150.0 3862.0
2438.0 2615.5 2793.0
1531.0 2162.0 2793.0
1150.0 1971.5 2793.0
1150.0 1971.5 2793.0
1150.0 1971.5 2793.0
1150.0 1971.5 2793.0
1150.0 1971.5 2793.0
1150.0 1971.5 2793.0
1150.0 1971.5 2793.0
1150.0 1971.5 2793.0
1150.0 1971.5 2793.0
1150.0 1971.5 2793.0
1150.0 1971.5 2793.0
1150.0 1971.5 2793.0
1150.0 1971.5 2793.0
1150.0 1971.5 2793.0
1150.0 1971.5 2793.0
1150.0 1971.5 2793.0
1150.0 1971.5 2793.0
1150.0 1971.5 2793.0
1150.0 1971.5 2793.0
1150.0 1971.5 2793.0
1150.0 1971.5 2793.0
1150.0 1971.5 2793.0
1150.0 1971.5 2793.0
1150.0 1971.5 2793.0
1150.0 1971.5 2793.0
1150.0 1971.5 2793.0
1150.0 1971.5 2793.0
1150.0 1971.5 2793.0
1150.0 1971.5 2793.0
1150.0 1971.5 2793.0
1150.0 1971.5 2793.0
1150.0 1971.5 2793.0
1150.0 1971.5 2793.0
1150.0 1971.5 2793.0
1150.0 1971.5 2793.0
1150.0 1971.5 2793.0
1150.0 1752.0 2354.0
1150.0 1752.0 2354.0
1150.0 1752.0 2354.0
1150.0 1752.0 2354.0
1150.0 1752.0 2354.0
1150.0 1752.0 2354.0
1150.0 1752.0 2354.0
1150.0 1752.0 2354.0
1150.0 1752.0 2354.0
1150.0 1752.0 2354.0
1150.0 1752.0 2354.0
1150.0 1752.0 2354.0
1150.0 1752.0 2354.0
1150.0 1752.0 2354.0
1150.0 1752.0 2354.0
1150.0 1752.0 2354.0
1150.0 1752.0 2354.0
1150.0 1752.0 2354.0
1150.0 1752.0 2354.0
1150.0 1752.0 2354.0
1150.0 1752.0 2354.0
1150.0 1752.0 2354.0
1150.0 1454.5 1759.0
1150.0 1454.5 1759.0
1150.0 1454.5 1759.0
1150.0 1454.5 1759.0
1150.0 1454.5 1759.0
1150.0 1454.5 1759.0
1150.0 1454.5 1759.0
1150.0 1454.5 1759.0
1150.0 1454.5 1759.0
1150.0 1454.5 1759.0
1150.0 1454.5 1759.0
1150.0 1454.5 1759.0
1150.0 1454.5 1759.0
1150.0 1454.5 1759.0
1150.0 1454.5 1759.0
1150.0 1454.5 1759.0
1150.0 1454.5 1759.0
1150.0 1454.5 1759.0
1150.0 1454.5 1759.0
1150.0 1454.5 1759.0
1150.0 1454.5 1759.0
1150.0 1454.5 1759.0
1150.0 1454.5 1759.0
1150.0 1454.5 1759.0
1150.0 1454.5 1759.0
1150.0 1454.5 1759.0
1150.0 1454.5 1759.0
1150.0 1394.5 1639.0
1150.0 1394.5 1639.0
1150.0 1394.5 1639.0
1150.0 1394.5 1639.0
1150.0 1394.5 1639.0
1150.0 1394.5 1639.0
1150.0 1394.5 1639.0
1150.0 1394.5 1639.0
1150.0 1394.5 1639.0
1150.0 1394.5 1639.0
1150.0 1394.5 1639.0
1150.0 1394.5 1639.0
1150.0 1394.5 1639.0
1150.0 1394.5 1639.0
1150.0 1394.5 1639.0
1150.0 1394.5 1639.0
1150.0 1394.5 1639.0
1150.0 1394.5 1639.0
1150.0 1394.5 1639.0
1150.0 1394.5 1639.0
1150.0 1394.5 1639.0
1150.0 1394.5 1639.0
1150.0 1394.5 1639.0
1150.0 1394.5 1639.0
1150.0 1394.5 1639.0
1150.0 1394.5 1639.0
1150.0 1394.5 1639.0
1150.0 1394.5 1639.0
1150.0 1394.5 1639.0
1150.0 1394.5 1639.0
1150.0 1394.5 1639.0
1150.0 1394.5 1639.0
1150.0 1394.5 1639.0
1150.0 1394.5 1639.0
1150.0 1394.5 1639.0
1150.0 1394.5 1639.0
1150.0 1394.5 1639.0
1150.0 1394.5 1639.0
1150.0 1394.5 1639.0
1150.0 1394.5 1639.0
1150.0 1394.5 1639.0
1150.0 1394.5 1639.0
1150.0 1394.5 1639.0
1150.0 1394.5 1639.0
1150.0 1394.5 1639.0
1150.0 1394.5 1639.0
1150.0 1394.5 1639.0
1150.0 1394.5 1639.0
1150.0 1394.5 1639.0
1150.0 1394.5 1639.0
1150.0 1394.5 1639.0
1150.0 1394.5 1639.0
1150.0 1394.5 1639.0
1150.0 1394.5 1639.0
1150.0 1394.5 1639.0
1150.0 1394.5 1639.0
1150.0 1394.5 1639.0
1150.0 1394.5 1639.0
1150.0 1394.5 1639.0
1150.0 1394.5 1639.0
1150.0 1394.5 1639.0
1150.0 1394.5 1639.0
1150.0 1394.5 1639.0
1150.0 1394.5 1639.0
1150.0 1394.5 1639.0
1150.0 1394.5 1639.0
1150.0 1394.5 1639.0
1150.0 1394.5 1639.0
1150.0 1394.5 1639.0
1150.0 1394.5 1639.0
1150.0 1394.5 1639.0
1150.0 1394.5 1639.0
1150.0 1394.5 1639.0
1150.0 1394.5 1639.0
1150.0 1394.5 1639.0
1150.0 1394.5 1639.0
1150.0 1394.5 1639.0
1150.0 1394.5 1639.0
1150.0 1394.5 1639.0
1150.0 1394.5 1639.0
1150.0 1394.5 1639.0
1150.0 1394.5 1639.0
1150.0 1394.5 1639.0
1150.0 1394.5 1639.0
1150.0 1394.5 1639.0
1150.0 1394.5 1639.0
1150.0 1394.5 1639.0
1150.0 1394.5 1639.0
1150.0 1394.5 1639.0
1150.0 1394.5 1639.0
1150.0 1394.5 1639.0
1150.0 1394.5 1639.0
1150.0 1394.5 1639.0
1150.0 1394.5 1639.0
