12994.0 13059.5 13125.0
9165.0 10389.0 11613.0
8064.0 8804.0 9544.0
7068.0 8244.0 9420.0
4944.0 5986.0 7028.0
4271.0 4799.0 5327.0
2668.0 3426.5 4185.0
2668.0 2941.0 3214.0
2668.0 2794.0 2920.0
2054.0 2361.0 2668.0
2054.0 2361.0 2668.0
2054.0 2361.0 2668.0
2054.0 2361.0 2668.0
2054.0 2151.5 2249.0
2054.0 2121.5 2189.0
2054.0 2121.5 2189.0
2054.0 2121.5 2189.0
2158.0 2173.5 2189.0
1578.0 1743.0 1908.0
1535.0 1556.5 1578.0
1535.0 1556.5 1578.0
1535.0 1556.5 1578.0
1535.0 1556.5 1578.0
1535.0 1556.5 1578.0
1535.0 1556.5 1578.0
1535.0 1556.5 1578.0
1535.0 1556.5 1578.0
1535.0 1556.5 1578.0
1535.0 1556.5 1578.0
1535.0 1556.5 1578.0
1535.0 1556.5 1578.0
1535.0 1556.5 1578.0
1578.0 1676.5 1775.0
1578.0 1676.5 1775.0
1578.0 1676.5 1775.0
1435.0 1506.5 1578.0
1431.0 1504.5 1578.0
1352.0 1391.5 1431.0
1352.0 1391.5 1431.0
1352.0 1391.5 1431.0
1352.0 1391.5 1431.0
1352.0 1391.5 1431.0
1352.0 1391.5 1431.0
1352.0 1391.5 1431.0
1352.0 1391.5 1431.0
1352.0 1391.5 1431.0
1352.0 1391.5 1431.0
1352.0 1391.5 1431.0
1352.0 1391.5 1431.0
1352.0 1391.5 1431.0
1352.0 1391.5 1431.0
1352.0 1391.5 1431.0
1352.0 1391.5 1431.0
1352.0 1391.5 1431.0
1352.0 1391.5 1431.0
1352.0 1391.5 1431.0
1352.0 1391.5 1431.0
1352.0 1391.5 1431.0
1352.0 1391.5 1431.0
1352.0 1391.5 1431.0
1352.0 1391.5 1431.0
1352.0 1391.5 1431.0
1352.0 1391.5 1431.0
1352.0 1391.5 1431.0
1352.0 1391.5 1431.0
1352.0 1391.5 1431.0
1352.0 1391.5 1431.0
1352.0 1391.5 1431.0
1352.0 1391.5 1431.0
1352.0 1391.5 1431.0
1352.0 1391.5 1431.0
1352.0 1391.5 1431.0
1352.0 1391.5 1431.0
1352.0 1391.5 1431.0
1352.0 1391.5 1431.0
1352.0 1391.5 1431.0
1352.0 1391.5 1431.0
1352.0 1391.5 1431.0
1352.0 1391.5 1431.0
1352.0 1391.5 1431.0
1352.0 1391.5 1431.0
1352.0 1391.5 1431.0
1352.0 1391.5 1431.0
1352.0 1391.5 1431.0
1352.0 1391.5 1431.0
1352.0 1391.5 1431.0
1352.0 1391.5 1431.0
1352.0 1391.5 1431.0
1352.0 1391.5 1431.0
1352.0 1391.5 1431.0
1352.0 1391.5 1431.0
1352.0 1391.5 1431.0
1352.0 1391.5 1431.0
1352.0 1391.5 1431.0
1352.0 1391.5 1431.0
1352.0 1391.5 1431.0
1352.0 1391.5 1431.0
1352.0 1391.5 1431.0
1352.0 1391.5 1431.0
1352.0 1391.5 1431.0
1352.0 1391.5 1431.0
1352.0 1391.5 1431.0
1352.0 1391.5 1431.0
1352.0 1391.5 1431.0
1352.0 1391.5 1431.0
1352.0 1391.5 1431.0
1352.0 1391.5 1431.0
1352.0 1391.5 1431.0
1352.0 1391.5 1431.0
1352.0 1391.5 1431.0
1352.0 1391.5 1431.0
1352.0 1391.5 1431.0
1352.0 1391.5 1431.0
1352.0 1391.5 1431.0
1352.0 1391.5 1431.0
1352.0 1391.5 1431.0
1352.0 1391.5 1431.0
1352.0 1391.5 1431.0
1352.0 1391.5 1431.0
1352.0 1391.5 1431.0
1352.0 1391.5 1431.0
1352.0 1391.5 1431.0
1352.0 1391.5 1431.0
1352.0 1391.5 1431.0
1352.0 1391.5 1431.0
1352.0 1391.5 1431.0
1352.0 1391.5 1431.0
1352.0 1391.5 1431.0
1352.0 1391.5 1431.0
1352.0 1391.5 1431.0
1352.0 1391.5 1431.0
1352.0 1391.5 1431.0
1352.0 1391.5 1431.0
1352.0 1391.5 1431.0
1352.0 1391.5 1431.0
1352.0 1391.5 1431.0
1352.0 1391.5 1431.0
1352.0 1391.5 1431.0
1352.0 1391.5 1431.0
1352.0 1391.5 1431.0
1352.0 1391.5 1431.0
1352.0 1391.5 1431.0
1352.0 1391.5 1431.0
1352.0 1391.5 1431.0
1352.0 1391.5 1431.0
1352.0 1391.5 1431.0
1352.0 1391.5 1431.0
1352.0 1391.5 1431.0
1352.0 1391.5 1431.0
1352.0 1391.5 1431.0
1352.0 1391.5 1431.0
1352.0 1391.5 1431.0
1352.0 1391.5 1431.0
1352.0 1391.5 1431.0
1352.0 1391.5 1431.0
1352.0 1391.5 1431.0
1352.0 1391.5 1431.0
1352.0 1391.5 1431.0
1352.0 1391.5 1431.0
1015.0 1223.0 1431.0
1015.0 1223.0 1431.0
1015.0 1223.0 1431.0
1015.0 1223.0 1431.0
1015.0 1223.0 1431.0
1015.0 1223.0 1431.0
1015.0 1223.0 1431.0
1015.0 1223.0 1431.0
1015.0 1223.0 1431.0
1015.0 1223.0 1431.0
1015.0 1223.0 1431.0
1015.0 1223.0 1431.0
1015.0 1223.0 1431.0
1015.0 1223.0 1431.0
1015.0 1223.0 1431.0
1015.0 1223.0 1431.0
1015.0 1223.0 1431.0
1015.0 1223.0 1431.0
1015.0 1223.0 1431.0
1015.0 1223.0 1431.0
1015.0 1223.0 1431.0
1015.0 1223.0 1431.0
1015.0 1223.0 1431.0
1015.0 1223.0 1431.0
1015.0 1223.0 1431.0
1015.0 1223.0 1431.0
1015.0 1223.0 1431.0
1015.0 1223.0 1431.0
1015.0 1223.0 1431.0
1015.0 1223.0 1431.0
1015.0 1223.0 1431.0
1015.0 1223.0 1431.0
1015.0 1223.0 1431.0
1015.0 1223.0 1431.0
1015.0 1223.0 1431.0
1015.0 1223.0 1431.0
1015.0 1223.0 1431.0
1015.0 1223.0 1431.0
1015.0 1223.0 1431.0
1015.0 1223.0 1431.0
1015.0 1223.0 1431.0
