13234.0 14097.5 14961.0
9992.0 10399.5 10807.0
7831.0 7858.5 7886.0
4534.0 5998.5 7463.0
4534.0 4803.0 5072.0
4431.0 5053.5 5676.0
3666.0 3741.0 3816.0
2752.0 2789.0 2826.0
1211.0 2018.5 2826.0
1211.0 1320.5 1430.0
1211.0 1320.5 1430.0
1211.0 1320.5 1430.0
1211.0 1320.5 1430.0
1211.0 1320.5 1430.0
1211.0 1320.5 1430.0
1211.0 1320.5 1430.0
1211.0 1320.5 1430.0
1211.0 1320.5 1430.0
1211.0 1320.5 1430.0
1211.0 1320.5 1430.0
1211.0 1320.5 1430.0
1211.0 1320.5 1430.0
1211.0 1320.5 1430.0
1211.0 1320.5 1430.0
1211.0 1320.5 1430.0
1211.0 1320.5 1430.0
1211.0 1320.5 1430.0
1211.0 1320.5 1430.0
1211.0 1320.5 1430.0
1211.0 1320.5 1430.0
1211.0 1320.5 1430.0
1211.0 1320.5 1430.0
1211.0 1320.5 1430.0
1211.0 1320.5 1430.0
1211.0 1320.5 1430.0
1211.0 1320.5 1430.0
1211.0 1320.5 1430.0
1211.0 1320.5 1430.0
1211.0 1320.5 1430.0
1211.0 1320.5 1430.0
1211.0 1320.5 1430.0
1211.0 1320.5 1430.0
1211.0 1320.5 1430.0
1211.0 1320.5 1430.0
1211.0 1320.5 1430.0
1211.0 1320.5 1430.0
1211.0 1320.5 1430.0
1211.0 1320.5 1430.0
1211.0 1320.5 1430.0
1211.0 1320.5 1430.0
1211.0 1320.5 1430.0
1211.0 1320.5 1430.0
1211.0 1320.5 1430.0
1211.0 1320.5 1430.0
1211.0 1320.5 1430.0
1211.0 1320.5 1430.0
1211.0 1320.5 1430.0
1211.0 1320.5 1430.0
1211.0 1479.0 1747.0
1211.0 1479.0 1747.0
1211.0 1479.0 1747.0
1211.0 1479.0 1747.0
1211.0 1479.0 1747.0
1211.0 1479.0 1747.0
1211.0 1479.0 1747.0
1211.0 1479.0 1747.0
1211.0 1479.0 1747.0
1211.0 1479.0 1747.0
1211.0 1479.0 1747.0
1211.0 1479.0 1747.0
1211.0 1479.0 1747.0
1211.0 1479.0 1747.0
1211.0 1479.0 1747.0
1211.0 1479.0 1747.0
1211.0 1479.0 1747.0
1211.0 1479.0 1747.0
1211.0 1479.0 1747.0
1211.0 1479.0 1747.0
1211.0 1479.0 1747.0
1211.0 1479.0 1747.0
1211.0 1479.0 1747.0
1211.0 1479.0 1747.0
1211.0 1479.0 1747.0
1211.0 1479.0 1747.0
1211.0 1479.0 1747.0
1211.0 1479.0 1747.0
1211.0 1479.0 1747.0
1211.0 1479.0 1747.0
1211.0 1479.0 1747.0
1211.0 1479.0 1747.0
1211.0 1479.0 1747.0
1211.0 1479.0 1747.0
1211.0 1479.0 1747.0
1211.0 1479.0 1747.0
1211.0 1479.0 1747.0
1211.0 1479.0 1747.0
1211.0 1479.0 1747.0
1211.0 1479.0 1747.0
1211.0 1479.0 1747.0
1211.0 1479.0 1747.0
1211.0 1479.0 1747.0
1211.0 1479.0 1747.0
1211.0 1479.0 1747.0
1211.0 1479.0 1747.0
1211.0 1479.0 1747.0
1211.0 1479.0 1747.0
1211.0 1479.0 1747.0
1211.0 1479.0 1747.0
1211.0 1479.0 1747.0
1211.0 1479.0 1747.0
1211.0 1479.0 1747.0
1211.0 1479.0 1747.0
1211.0 1479.0 1747.0
1211.0 1479.0 1747.0
1211.0 1479.0 1747.0
1211.0 1479.0 1747.0
1211.0 1479.0 1747.0
1211.0 1479.0 1747.0
1211.0 1479.0 1747.0
1211.0 1479.0 1747.0
1211.0 1479.0 1747.0
1211.0 1479.0 1747.0
1211.0 1479.0 1747.0
1211.0 1479.0 1747.0
1211.0 1479.0 1747.0
1211.0 1479.0 1747.0
1211.0 1479.0 1747.0
1211.0 1479.0 1747.0
1211.0 1479.0 1747.0
1211.0 1479.0 1747.0
1211.0 1479.0 1747.0
1211.0 1479.0 1747.0
1211.0 1479.0 1747.0
1211.0 1479.0 1747.0
1211.0 1479.0 1747.0
1211.0 1479.0 1747.0
1211.0 1479.0 1747.0
1211.0 1479.0 1747.0
1211.0 1479.0 1747.0
1211.0 1479.0 1747.0
1211.0 1479.0 1747.0
1211.0 1479.0 1747.0
1211.0 1479.0 1747.0
1211.0 1479.0 1747.0
1144.0 1177.5 1211.0
1120.0 1165.5 1211.0
1120.0 1165.5 1211.0
1120.0 1165.5 1211.0
1120.0 1165.5 1211.0
1120.0 1165.5 1211.0
1120.0 1165.5 1211.0
1120.0 1165.5 1211.0
1120.0 1165.5 1211.0
1120.0 1165.5 1211.0
1120.0 1165.5 1211.0
1120.0 1165.5 1211.0
1120.0 1165.5 1211.0
1120.0 1165.5 1211.0
1120.0 1165.5 1211.0
1120.0 1165.5 1211.0
1120.0 1165.5 1211.0
1120.0 1165.5 1211.0
1120.0 1165.5 1211.0
1120.0 1165.5 1211.0
1120.0 1165.5 1211.0
1120.0 1165.5 1211.0
1120.0 1369.0 1618.0
1120.0 1369.0 1618.0
1120.0 1369.0 1618.0
1120.0 1369.0 1618.0
1120.0 1369.0 1618.0
1120.0 1369.0 1618.0
1120.0 1369.0 1618.0
1120.0 1369.0 1618.0
1120.0 1369.0 1618.0
1120.0 1369.0 1618.0
1120.0 1369.0 1618.0
1120.0 1369.0 1618.0
1120.0 1369.0 1618.0
955.0 1037.5 1120.0
955.0 1037.5 1120.0
955.0 1037.5 1120.0
955.0 1037.5 1120.0
955.0 1037.5 1120.0
955.0 1037.5 1120.0
955.0 1037.5 1120.0
955.0 1037.5 1120.0
955.0 1037.5 1120.0
955.0 1037.5 1120.0
955.0 1037.5 1120.0
955.0 1037.5 1120.0
955.0 1037.5 1120.0
955.0 1037.5 1120.0
955.0 1037.5 1120.0
955.0 1037.5 1120.0
955.0 1037.5 1120.0
955.0 1037.5 1120.0
955.0 1037.5 1120.0
955.0 1037.5 1120.0
955.0 1037.5 1120.0
