14880.0 16024.5 17169.0
13216.0 14394.0 15572.0
10681.0 11565.0 12449.0
7980.0 7993.5 8007.0
5792.0 6057.5 6323.0
4826.0 5670.5 6515.0
4731.0 4980.5 5230.0
4731.0 4980.5 5230.0
4731.0 4768.5 4806.0
3474.0 3513.0 3552.0
2552.0 2832.0 3112.0
2552.0 2832.0 3112.0
2552.0 3024.5 3497.0
2552.0 2616.0 2680.0
2317.0 2434.5 2552.0
2317.0 2434.5 2552.0
2317.0 2434.5 2552.0
2317.0 2434.5 2552.0
2009.0 2163.0 2317.0
2009.0 2163.0 2317.0
2009.0 2163.0 2317.0
2009.0 2163.0 2317.0
2009.0 2163.0 2317.0
2009.0 2163.0 2317.0
2009.0 2163.0 2317.0
2009.0 2163.0 2317.0
2009.0 2163.0 2317.0
2009.0 2163.0 2317.0
2009.0 2163.0 2317.0
2009.0 2163.0 2317.0
2009.0 2163.0 2317.0
2009.0 2163.0 2317.0
2009.0 2163.0 2317.0
2009.0 2163.0 2317.0
2009.0 2163.0 2317.0
2009.0 2163.0 2317.0
2009.0 2163.0 2317.0
2009.0 2163.0 2317.0
2228.0 2272.5 2317.0
1789.0 2053.0 2317.0
1764.0 2040.5 2317.0
1764.0 2040.5 2317.0
1764.0 2040.5 2317.0
1764.0 2040.5 2317.0
1764.0 2040.5 2317.0
1764.0 2040.5 2317.0
1764.0 2040.5 2317.0
1764.0 2040.5 2317.0
1764.0 2040.5 2317.0
1764.0 2040.5 2317.0
1764.0 2040.5 2317.0
1764.0 2040.5 2317.0
1764.0 2040.5 2317.0
1764.0 2040.5 2317.0
1764.0 2040.5 2317.0
1764.0 2040.5 2317.0
1764.0 1892.0 2020.0
1764.0 1824.0 1884.0
1469.0 1616.5 1764.0
1469.0 1616.5 1764.0
1469.0 1616.5 1764.0
1469.0 1616.5 1764.0
1469.0 1616.5 1764.0
1469.0 1616.5 1764.0
1469.0 1616.5 1764.0
1469.0 1616.5 1764.0
1469.0 1616.5 1764.0
1469.0 1616.5 1764.0
1469.0 1616.5 1764.0
1469.0 1616.5 1764.0
1469.0 1616.5 1764.0
1469.0 1616.5 1764.0
1469.0 1616.5 1764.0
1469.0 1616.5 1764.0
1469.0 1616.5 1764.0
1469.0 1616.5 1764.0
1469.0 1616.5 1764.0
1469.0 1616.5 1764.0
1469.0 1616.5 1764.0
1469.0 1616.5 1764.0
1469.0 1616.5 1764.0
1469.0 1616.5 1764.0
1469.0 1616.5 1764.0
1469.0 1616.5 1764.0
1469.0 1616.5 1764.0
1469.0 1616.5 1764.0
1469.0 1616.5 1764.0
1469.0 1616.5 1764.0
1469.0 1616.5 1764.0
1469.0 1616.5 1764.0
1469.0 1616.5 1764.0
1469.0 1616.5 1764.0
1469.0 1616.5 1764.0
1469.0 1616.5 1764.0
1469.0 1616.5 1764.0
1469.0 1616.5 1764.0
1469.0 1616.5 1764.0
1469.0 1616.5 1764.0
1469.0 1616.5 1764.0
1469.0 1616.5 1764.0
1469.0 1616.5 1764.0
1469.0 1616.5 1764.0
1469.0 1616.5 1764.0
1469.0 1616.5 1764.0
1469.0 1616.5 1764.0
1469.0 1616.5 1764.0
1469.0 1616.5 1764.0
1469.0 1616.5 1764.0
1469.0 1616.5 1764.0
1469.0 1616.5 1764.0
1469.0 1616.5 1764.0
1469.0 1616.5 1764.0
1469.0 1616.5 1764.0
1469.0 1616.5 1764.0
1469.0 1616.5 1764.0
1469.0 1616.5 1764.0
1469.0 1616.5 1764.0
1469.0 1616.5 1764.0
1469.0 1616.5 1764.0
1469.0 1616.5 1764.0
1469.0 1616.5 1764.0
1469.0 1616.5 1764.0
1469.0 1616.5 1764.0
1469.0 1616.5 1764.0
1469.0 1616.5 1764.0
1469.0 1616.5 1764.0
1469.0 1616.5 1764.0
1469.0 1616.5 1764.0
1469.0 1616.5 1764.0
1469.0 1616.5 1764.0
1469.0 1616.5 1764.0
1469.0 1616.5 1764.0
1469.0 1616.5 1764.0
1469.0 1616.5 1764.0
1469.0 1616.5 1764.0
1469.0 1616.5 1764.0
1469.0 1616.5 1764.0
1469.0 1616.5 1764.0
1469.0 1616.5 1764.0
1469.0 1616.5 1764.0
1469.0 1616.5 1764.0
1469.0 1616.5 1764.0
1469.0 1616.5 1764.0
1469.0 1616.5 1764.0
1469.0 1616.5 1764.0
1469.0 1616.5 1764.0
1469.0 1616.5 1764.0
1469.0 1616.5 1764.0
1469.0 1616.5 1764.0
1469.0 1616.5 1764.0
1469.0 1616.5 1764.0
1469.0 1616.5 1764.0
1469.0 1616.5 1764.0
1469.0 1616.5 1764.0
1469.0 1616.5 1764.0
1469.0 1616.5 1764.0
1469.0 1616.5 1764.0
1469.0 1616.5 1764.0
1469.0 1616.5 1764.0
1469.0 1616.5 1764.0
1469.0 1616.5 1764.0
1469.0 1616.5 1764.0
1469.0 1616.5 1764.0
1469.0 1616.5 1764.0
1469.0 1616.5 1764.0
1469.0 1616.5 1764.0
1469.0 1616.5 1764.0
1469.0 1616.5 1764.0
1469.0 1616.5 1764.0
1469.0 1616.5 1764.0
1469.0 1616.5 1764.0
1469.0 1616.5 1764.0
1469.0 1616.5 1764.0
1469.0 1616.5 1764.0
1469.0 1616.5 1764.0
1469.0 1616.5 1764.0
1469.0 1616.5 1764.0
1469.0 1616.5 1764.0
1469.0 1616.5 1764.0
1469.0 1616.5 1764.0
1469.0 1616.5 1764.0
1469.0 1616.5 1764.0
1469.0 1616.5 1764.0
1469.0 1616.5 1764.0
1469.0 1616.5 1764.0
1469.0 1616.5 1764.0
1469.0 1616.5 1764.0
1469.0 1616.5 1764.0
1469.0 1616.5 1764.0
1469.0 1616.5 1764.0
1469.0 1616.5 1764.0
1469.0 1616.5 1764.0
1469.0 1616.5 1764.0
1469.0 1616.5 1764.0
1469.0 1616.5 1764.0
1469.0 1616.5 1764.0
1469.0 1616.5 1764.0
1469.0 1616.5 1764.0
1469.0 1616.5 1764.0
1469.0 1616.5 1764.0
