9865.0 11530.0 13195.0
9865.0 9870.5 9876.0
6150.0 7137.5 8125.0
5890.0 6624.0 7358.0
4308.0 4487.5 4667.0
2991.0 3334.5 3678.0
2253.0 2945.0 3637.0
1738.0 2359.5 2981.0
1222.0 1815.5 2409.0
1222.0 1628.0 2034.0
1222.0 1628.0 2034.0
1222.0 1297.0 1372.0
1222.0 1297.0 1372.0
1222.0 1297.0 1372.0
1222.0 1297.0 1372.0
1222.0 1297.0 1372.0
1222.0 1297.0 1372.0
1222.0 1297.0 1372.0
1222.0 1297.0 1372.0
1222.0 1297.0 1372.0
1222.0 1297.0 1372.0
1222.0 1297.0 1372.0
1222.0 1297.0 1372.0
1222.0 1297.0 1372.0
1222.0 1297.0 1372.0
1222.0 1297.0 1372.0
1222.0 1297.0 1372.0
1222.0 1297.0 1372.0
1222.0 1297.0 1372.0
1222.0 1297.0 1372.0
1222.0 1297.0 1372.0
1222.0 1297.0 1372.0
1222.0 1297.0 1372.0
1222.0 1297.0 1372.0
1222.0 1297.0 1372.0
1222.0 1297.0 1372.0
1222.0 1297.0 1372.0
1222.0 1297.0 1372.0
1222.0 1297.0 1372.0
1222.0 1297.0 1372.0
1222.0 1297.0 1372.0
1222.0 1297.0 1372.0
1222.0 1297.0 1372.0
1222.0 1297.0 1372.0
1222.0 1297.0 1372.0
1222.0 1297.0 1372.0
1222.0 1297.0 1372.0
1222.0 1297.0 1372.0
1222.0 1297.0 1372.0
1222.0 1297.0 1372.0
1222.0 1297.0 1372.0
1222.0 1297.0 1372.0
1222.0 1297.0 1372.0
1222.0 1297.0 1372.0
1222.0 1297.0 1372.0
1222.0 1297.0 1372.0
1222.0 1297.0 1372.0
1222.0 1297.0 1372.0
1222.0 1297.0 1372.0
1222.0 1297.0 1372.0
1222.0 1297.0 1372.0
1222.0 1297.0 1372.0
1222.0 1297.0 1372.0
1222.0 1297.0 1372.0
1222.0 1297.0 1372.0
1222.0 1297.0 1372.0
1222.0 1297.0 1372.0
1222.0 1297.0 1372.0
1222.0 1297.0 1372.0
1222.0 1297.0 1372.0
1222.0 1297.0 1372.0
1222.0 1297.0 1372.0
1222.0 1297.0 1372.0
1222.0 1297.0 1372.0
1222.0 1297.0 1372.0
1222.0 1297.0 1372.0
1222.0 1297.0 1372.0
1222.0 1297.0 1372.0
1222.0 1297.0 1372.0
1222.0 1297.0 1372.0
1222.0 1297.0 1372.0
1222.0 1297.0 1372.0
1222.0 1297.0 1372.0
1222.0 1297.0 1372.0
1222.0 1297.0 1372.0
1222.0 1297.0 1372.0
1222.0 1297.0 1372.0
1222.0 1297.0 1372.0
1222.0 1297.0 1372.0
1222.0 1297.0 1372.0
1222.0 1297.0 1372.0
1222.0 1297.0 1372.0
1222.0 1297.0 1372.0
1222.0 1297.0 1372.0
1222.0 1297.0 1372.0
1222.0 1297.0 1372.0
1222.0 1297.0 1372.0
1222.0 1297.0 1372.0
1222.0 1297.0 1372.0
1222.0 1297.0 1372.0
1222.0 1297.0 1372.0
1222.0 1297.0 1372.0
1222.0 1297.0 1372.0
1222.0 1297.0 1372.0
1222.0 1297.0 1372.0
1222.0 1297.0 1372.0
1134.0 1178.0 1222.0
1134.0 1178.0 1222.0
1134.0 1178.0 1222.0
1134.0 1178.0 1222.0
1134.0 1178.0 1222.0
1134.0 1178.0 1222.0
1134.0 1178.0 1222.0
1134.0 1178.0 1222.0
1134.0 1178.0 1222.0
1134.0 1178.0 1222.0
1134.0 1178.0 1222.0
1134.0 1178.0 1222.0
1134.0 1178.0 1222.0
1134.0 1178.0 1222.0
1134.0 1178.0 1222.0
1134.0 1178.0 1222.0
1134.0 1178.0 1222.0
1134.0 1178.0 1222.0
1134.0 1178.0 1222.0
1134.0 1178.0 1222.0
1134.0 1178.0 1222.0
926.0 1030.0 1134.0
1134.0 1151.5 1169.0
922.0 1028.0 1134.0
922.0 1028.0 1134.0
922.0 1028.0 1134.0
922.0 1028.0 1134.0
922.0 1028.0 1134.0
922.0 1028.0 1134.0
922.0 1028.0 1134.0
922.0 1028.0 1134.0
922.0 1028.0 1134.0
922.0 1028.0 1134.0
922.0 1028.0 1134.0
922.0 1028.0 1134.0
922.0 1028.0 1134.0
922.0 1028.0 1134.0
922.0 1028.0 1134.0
922.0 1028.0 1134.0
922.0 1028.0 1134.0
922.0 1028.0 1134.0
922.0 1028.0 1134.0
922.0 1028.0 1134.0
922.0 1028.0 1134.0
922.0 1028.0 1134.0
922.0 1028.0 1134.0
922.0 1028.0 1134.0
922.0 1028.0 1134.0
922.0 1028.0 1134.0
922.0 1028.0 1134.0
922.0 1028.0 1134.0
922.0 1028.0 1134.0
922.0 1028.0 1134.0
922.0 1028.0 1134.0
922.0 1028.0 1134.0
922.0 1028.0 1134.0
922.0 1028.0 1134.0
922.0 1028.0 1134.0
922.0 1028.0 1134.0
922.0 1028.0 1134.0
922.0 1028.0 1134.0
922.0 1028.0 1134.0
922.0 1028.0 1134.0
922.0 1028.0 1134.0
922.0 1028.0 1134.0
922.0 1028.0 1134.0
922.0 1028.0 1134.0
922.0 1028.0 1134.0
922.0 1028.0 1134.0
922.0 1028.0 1134.0
922.0 1028.0 1134.0
922.0 1028.0 1134.0
922.0 1028.0 1134.0
922.0 1028.0 1134.0
922.0 1028.0 1134.0
922.0 1028.0 1134.0
922.0 1028.0 1134.0
922.0 1028.0 1134.0
922.0 1028.0 1134.0
922.0 1028.0 1134.0
922.0 1028.0 1134.0
922.0 1028.0 1134.0
922.0 1028.0 1134.0
922.0 1028.0 1134.0
922.0 1028.0 1134.0
922.0 1028.0 1134.0
922.0 1028.0 1134.0
922.0 1028.0 1134.0
922.0 1028.0 1134.0
922.0 1028.0 1134.0
922.0 1028.0 1134.0
922.0 1028.0 1134.0
922.0 1028.0 1134.0
922.0 1028.0 1134.0
