11457.0 13484.0 15511.0
6616.0 9519.5 12423.0
5503.0 8052.5 10602.0
5505.0 7014.5 8524.0
4340.0 4740.0 5140.0
4429.0 4918.5 5408.0
3178.0 3627.0 4076.0
3178.0 3548.5 3919.0
3178.0 3548.5 3919.0
3178.0 3548.5 3919.0
3178.0 3548.5 3919.0
2323.0 3121.0 3919.0
2323.0 3121.0 3919.0
2323.0 2557.0 2791.0
2323.0 2443.5 2564.0
1619.0 1971.0 2323.0
1619.0 1971.0 2323.0
1619.0 1971.0 2323.0
1619.0 1971.0 2323.0
1619.0 1971.0 2323.0
1619.0 1971.0 2323.0
1619.0 1971.0 2323.0
1619.0 1971.0 2323.0
1619.0 1971.0 2323.0
1619.0 1971.0 2323.0
1619.0 1971.0 2323.0
1619.0 1971.0 2323.0
1619.0 1971.0 2323.0
1619.0 1971.0 2323.0
1619.0 1971.0 2323.0
1619.0 1971.0 2323.0
1619.0 2202.5 2786.0
1619.0 2202.5 2786.0
1619.0 2202.5 2786.0
1619.0 2202.5 2786.0
1619.0 2202.5 2786.0
1619.0 2202.5 2786.0
1619.0 2202.5 2786.0
1619.0 2202.5 2786.0
1619.0 2202.5 2786.0
1619.0 2202.5 2786.0
1619.0 1858.5 2098.0
1619.0 1858.5 2098.0
1619.0 1858.5 2098.0
1619.0 1858.5 2098.0
1619.0 1858.5 2098.0
1619.0 1858.5 2098.0
1619.0 1858.5 2098.0
1619.0 1858.5 2098.0
1619.0 1858.5 2098.0
1619.0 1858.5 2098.0
1619.0 1858.5 2098.0
1619.0 1858.5 2098.0
1619.0 1858.5 2098.0
1619.0 1858.5 2098.0
1619.0 1858.5 2098.0
1619.0 1858.5 2098.0
1619.0 1858.5 2098.0
1619.0 1858.5 2098.0
1619.0 1974.5 2330.0
1619.0 1974.5 2330.0
1619.0 1974.5 2330.0
1619.0 1974.5 2330.0
1619.0 1974.5 2330.0
1619.0 1974.5 2330.0
1619.0 1974.5 2330.0
1619.0 1974.5 2330.0
1619.0 1974.5 2330.0
1619.0 1974.5 2330.0
1619.0 1974.5 2330.0
1619.0 1974.5 2330.0
1619.0 1974.5 2330.0
1619.0 1974.5 2330.0
1619.0 1974.5 2330.0
1619.0 1974.5 2330.0
1619.0 1974.5 2330.0
1619.0 1974.5 2330.0
1619.0 1974.5 2330.0
1619.0 1974.5 2330.0
1619.0 1974.5 2330.0
1619.0 1974.5 2330.0
1619.0 1974.5 2330.0
1619.0 1974.5 2330.0
1619.0 1974.5 2330.0
1619.0 1974.5 2330.0
1619.0 1974.5 2330.0
1619.0 1974.5 2330.0
1619.0 1974.5 2330.0
1619.0 1974.5 2330.0
1619.0 1974.5 2330.0
1619.0 1974.5 2330.0
1619.0 1974.5 2330.0
1619.0 1974.5 2330.0
1619.0 1974.5 2330.0
1619.0 1974.5 2330.0
1619.0 1974.5 2330.0
1619.0 1974.5 2330.0
1619.0 1974.5 2330.0
1619.0 1974.5 2330.0
1619.0 1974.5 2330.0
1619.0 1974.5 2330.0
1619.0 1974.5 2330.0
1420.0 1875.0 2330.0
1420.0 1875.0 2330.0
1420.0 1875.0 2330.0
1420.0 1875.0 2330.0
1420.0 1875.0 2330.0
1420.0 1875.0 2330.0
1420.0 1875.0 2330.0
1420.0 1875.0 2330.0
1420.0 1875.0 2330.0
1420.0 1875.0 2330.0
1420.0 1875.0 2330.0
1420.0 1875.0 2330.0
1420.0 1875.0 2330.0
1420.0 1875.0 2330.0
1420.0 1757.5 2095.0
1420.0 1757.5 2095.0
1420.0 1757.5 2095.0
1420.0 1757.5 2095.0
1420.0 1757.5 2095.0
1420.0 1757.5 2095.0
1420.0 1757.5 2095.0
1420.0 1757.5 2095.0
1420.0 1757.5 2095.0
1420.0 1757.5 2095.0
1420.0 1757.5 2095.0
1420.0 1757.5 2095.0
1420.0 1757.5 2095.0
1420.0 1757.5 2095.0
1420.0 1757.5 2095.0
1420.0 1757.5 2095.0
1420.0 1757.5 2095.0
1420.0 1757.5 2095.0
1420.0 1757.5 2095.0
1420.0 1757.5 2095.0
1420.0 1757.5 2095.0
1420.0 1757.5 2095.0
1420.0 1757.5 2095.0
1420.0 1757.5 2095.0
1420.0 1757.5 2095.0
1420.0 1757.5 2095.0
1420.0 1757.5 2095.0
1420.0 1757.5 2095.0
1420.0 1757.5 2095.0
1420.0 1757.5 2095.0
1420.0 1757.5 2095.0
1420.0 1757.5 2095.0
1420.0 1757.5 2095.0
1420.0 1757.5 2095.0
1420.0 1757.5 2095.0
1420.0 1757.5 2095.0
1420.0 1757.5 2095.0
1420.0 1757.5 2095.0
1420.0 1757.5 2095.0
1420.0 1757.5 2095.0
1420.0 1757.5 2095.0
1420.0 1757.5 2095.0
1420.0 1757.5 2095.0
1420.0 1757.5 2095.0
1420.0 1757.5 2095.0
1420.0 1757.5 2095.0
1420.0 1757.5 2095.0
1420.0 1757.5 2095.0
1420.0 1757.5 2095.0
1420.0 1757.5 2095.0
1420.0 1757.5 2095.0
1420.0 1757.5 2095.0
1420.0 1757.5 2095.0
1420.0 1757.5 2095.0
1420.0 1757.5 2095.0
1420.0 1757.5 2095.0
1420.0 1757.5 2095.0
1420.0 1757.5 2095.0
1420.0 1757.5 2095.0
1420.0 1757.5 2095.0
1420.0 1757.5 2095.0
1420.0 1757.5 2095.0
1420.0 1757.5 2095.0
1420.0 1757.5 2095.0
1420.0 1757.5 2095.0
1420.0 1757.5 2095.0
1420.0 1757.5 2095.0
1420.0 1757.5 2095.0
1420.0 1757.5 2095.0
1420.0 1757.5 2095.0
1420.0 1757.5 2095.0
1420.0 1757.5 2095.0
1420.0 1757.5 2095.0
1420.0 1757.5 2095.0
1420.0 1757.5 2095.0
1420.0 1757.5 2095.0
1420.0 1757.5 2095.0
1420.0 1757.5 2095.0
1420.0 1757.5 2095.0
1420.0 1757.5 2095.0
1420.0 1757.5 2095.0
1420.0 1757.5 2095.0
1420.0 1757.5 2095.0
1420.0 1547.0 1674.0
