13758.0 16493.5 19229.0
11507.0 13852.5 16198.0
9508.0 11391.0 13274.0
7822.0 10591.0 13360.0
7143.0 7987.5 8832.0
6028.0 6385.0 6742.0
5932.0 5980.0 6028.0
5511.0 5721.5 5932.0
3090.0 4511.0 5932.0
3090.0 3843.5 4597.0
3090.0 3244.0 3398.0
3090.0 3244.0 3398.0
3090.0 3522.0 3954.0
3090.0 3520.0 3950.0
2705.0 2877.0 3049.0
2049.0 2377.0 2705.0
2049.0 2156.0 2263.0
2049.0 2199.0 2349.0
2049.0 2199.0 2349.0
2049.0 2199.0 2349.0
2049.0 2199.0 2349.0
2049.0 2199.0 2349.0
2049.0 2199.0 2349.0
2049.0 2199.0 2349.0
2049.0 2199.0 2349.0
2049.0 2199.0 2349.0
2049.0 2199.0 2349.0
2049.0 2199.0 2349.0
2049.0 2112.0 2175.0
2049.0 2112.0 2175.0
2049.0 2112.0 2175.0
2049.0 2112.0 2175.0
2049.0 2112.0 2175.0
2049.0 2112.0 2175.0
2049.0 2112.0 2175.0
2049.0 2112.0 2175.0
2049.0 2112.0 2175.0
2049.0 2112.0 2175.0
2049.0 2112.0 2175.0
2049.0 2112.0 2175.0
2049.0 2112.0 2175.0
2049.0 2112.0 2175.0
2049.0 2112.0 2175.0
2049.0 2112.0 2175.0
2049.0 2112.0 2175.0
2049.0 2164.5 2280.0
2049.0 2164.5 2280.0
2049.0 2164.5 2280.0
2049.0 2164.5 2280.0
2049.0 2164.5 2280.0
2049.0 2164.5 2280.0
2049.0 2164.5 2280.0
2049.0 2164.5 2280.0
2049.0 2164.5 2280.0
2049.0 2164.5 2280.0
2049.0 2164.5 2280.0
2049.0 2164.5 2280.0
2049.0 2164.5 2280.0
2049.0 2164.5 2280.0
2049.0 2164.5 2280.0
2049.0 2164.5 2280.0
2049.0 2164.5 2280.0
2049.0 2164.5 2280.0
2049.0 2164.5 2280.0
2049.0 2164.5 2280.0
2049.0 2164.5 2280.0
2049.0 2164.5 2280.0
2049.0 2164.5 2280.0
2049.0 2164.5 2280.0
2049.0 2164.5 2280.0
2049.0 2164.5 2280.0
2049.0 2164.5 2280.0
2049.0 2164.5 2280.0
2049.0 2164.5 2280.0
2049.0 2164.5 2280.0
2049.0 2164.5 2280.0
2049.0 2164.5 2280.0
2049.0 2164.5 2280.0
2049.0 2164.5 2280.0
2049.0 2164.5 2280.0
2049.0 2164.5 2280.0
2049.0 2164.5 2280.0
2049.0 2164.5 2280.0
2049.0 2164.5 2280.0
2049.0 2164.5 2280.0
2049.0 2164.5 2280.0
2049.0 2164.5 2280.0
2049.0 2164.5 2280.0
2049.0 2164.5 2280.0
2049.0 2164.5 2280.0
2049.0 2164.5 2280.0
2032.0 2156.0 2280.0
1467.0 1873.5 2280.0
1467.0 1873.5 2280.0
1467.0 1873.5 2280.0
1467.0 1873.5 2280.0
1467.0 1486.5 1506.0
1467.0 1486.5 1506.0
1467.0 1486.5 1506.0
1467.0 1486.5 1506.0
1467.0 1486.5 1506.0
1467.0 1486.5 1506.0
1467.0 1486.5 1506.0
1467.0 1486.5 1506.0
1467.0 1486.5 1506.0
1467.0 1486.5 1506.0
1467.0 1486.5 1506.0
1467.0 1486.5 1506.0
1467.0 1486.5 1506.0
1467.0 1486.5 1506.0
1467.0 1486.5 1506.0
1467.0 1486.5 1506.0
1467.0 1486.5 1506.0
1467.0 1486.5 1506.0
1467.0 1486.5 1506.0
1467.0 1486.5 1506.0
1467.0 1486.5 1506.0
1467.0 1486.5 1506.0
1467.0 1486.5 1506.0
1467.0 1486.5 1506.0
1467.0 1486.5 1506.0
1467.0 1486.5 1506.0
1467.0 1486.5 1506.0
1467.0 1486.5 1506.0
1467.0 1486.5 1506.0
1467.0 1486.5 1506.0
1467.0 1486.5 1506.0
1467.0 1486.5 1506.0
1467.0 1486.5 1506.0
1467.0 1486.5 1506.0
1467.0 1486.5 1506.0
1467.0 1486.5 1506.0
1467.0 1486.5 1506.0
1467.0 1486.5 1506.0
1467.0 1486.5 1506.0
1467.0 1486.5 1506.0
1467.0 1486.5 1506.0
1467.0 1486.5 1506.0
1467.0 1486.5 1506.0
1467.0 1486.5 1506.0
1467.0 1486.5 1506.0
1467.0 1486.5 1506.0
1467.0 1486.5 1506.0
1467.0 1486.5 1506.0
1467.0 1486.5 1506.0
1467.0 1486.5 1506.0
1467.0 1486.5 1506.0
1467.0 1486.5 1506.0
1467.0 1486.5 1506.0
1467.0 1486.5 1506.0
1467.0 1486.5 1506.0
1467.0 1486.5 1506.0
1467.0 1486.5 1506.0
1467.0 1486.5 1506.0
1467.0 1486.5 1506.0
1467.0 1486.5 1506.0
1467.0 1486.5 1506.0
1467.0 1486.5 1506.0
1467.0 1486.5 1506.0
1467.0 1486.5 1506.0
1467.0 1486.5 1506.0
1467.0 1486.5 1506.0
1467.0 1486.5 1506.0
1467.0 1486.5 1506.0
1467.0 1486.5 1506.0
1467.0 1486.5 1506.0
1467.0 1486.5 1506.0
1467.0 1486.5 1506.0
1467.0 1486.5 1506.0
1467.0 1486.5 1506.0
1467.0 1486.5 1506.0
1467.0 1486.5 1506.0
1467.0 1486.5 1506.0
1467.0 1486.5 1506.0
1467.0 1486.5 1506.0
1467.0 1486.5 1506.0
1467.0 1486.5 1506.0
1467.0 1486.5 1506.0
1467.0 1486.5 1506.0
1467.0 1486.5 1506.0
1467.0 1486.5 1506.0
1467.0 1486.5 1506.0
1467.0 1486.5 1506.0
1467.0 1486.5 1506.0
1467.0 1486.5 1506.0
1467.0 1486.5 1506.0
1467.0 1486.5 1506.0
1467.0 1486.5 1506.0
1467.0 1486.5 1506.0
1467.0 1486.5 1506.0
1467.0 1486.5 1506.0
1467.0 1486.5 1506.0
1467.0 1486.5 1506.0
1467.0 1486.5 1506.0
1467.0 1486.5 1506.0
1467.0 1486.5 1506.0
1467.0 1486.5 1506.0
1467.0 1486.5 1506.0
1467.0 1486.5 1506.0
1467.0 1486.5 1506.0
