13665.0 14652.5 15640.0
9693.0 10301.5 10910.0
6862.0 7559.0 8256.0
6862.0 8292.5 9723.0
5148.0 6058.0 6968.0
4645.0 6356.0 8067.0
4429.0 4531.0 4633.0
3970.0 4301.5 4633.0
2568.0 3344.0 4120.0
2908.0 3483.0 4058.0
2908.0 2983.5 3059.0
2908.0 2983.5 3059.0
2908.0 2983.5 3059.0
2898.0 2903.0 2908.0
2297.0 2597.5 2898.0
2415.0 2656.5 2898.0
2415.0 2609.0 2803.0
1725.0 1938.0 2151.0
1725.0 1938.0 2151.0
1725.0 1938.0 2151.0
1725.0 1938.0 2151.0
1725.0 1938.0 2151.0
1725.0 1938.0 2151.0
1725.0 2065.0 2405.0
1210.0 1467.5 1725.0
1210.0 1467.5 1725.0
1210.0 1467.5 1725.0
1210.0 1467.5 1725.0
1210.0 1467.5 1725.0
1210.0 1467.5 1725.0
1210.0 1467.5 1725.0
1210.0 1467.5 1725.0
1210.0 1467.5 1725.0
1210.0 1467.5 1725.0
1210.0 1467.5 1725.0
1210.0 1467.5 1725.0
1210.0 1467.5 1725.0
1210.0 1467.5 1725.0
1210.0 1467.5 1725.0
1210.0 1467.5 1725.0
1210.0 1467.5 1725.0
1210.0 1467.5 1725.0
1210.0 1467.5 1725.0
1210.0 1467.5 1725.0
1210.0 1467.5 1725.0
1210.0 1467.5 1725.0
1210.0 1467.5 1725.0
1210.0 1467.5 1725.0
1210.0 1467.5 1725.0
1210.0 1467.5 1725.0
1210.0 1467.5 1725.0
1210.0 1467.5 1725.0
1210.0 1467.5 1725.0
1210.0 1467.5 1725.0
1210.0 1467.5 1725.0
1260.0 1492.5 1725.0
1260.0 1492.5 1725.0
1260.0 1492.5 1725.0
1260.0 1492.5 1725.0
1260.0 1492.5 1725.0
1260.0 1492.5 1725.0
1260.0 1492.5 1725.0
1260.0 1492.5 1725.0
1260.0 1492.5 1725.0
1260.0 1492.5 1725.0
1260.0 1492.5 1725.0
1260.0 1492.5 1725.0
1260.0 1492.5 1725.0
1260.0 1492.5 1725.0
1260.0 1492.5 1725.0
1260.0 1492.5 1725.0
1260.0 1492.5 1725.0
1260.0 1492.5 1725.0
1260.0 1492.5 1725.0
1260.0 1492.5 1725.0
1260.0 1492.5 1725.0
1260.0 1492.5 1725.0
1260.0 1492.5 1725.0
1260.0 1492.5 1725.0
1260.0 1492.5 1725.0
1260.0 1283.5 1307.0
1260.0 1283.5 1307.0
1260.0 1283.5 1307.0
1260.0 1283.5 1307.0
1260.0 1283.5 1307.0
1260.0 1283.5 1307.0
1260.0 1283.5 1307.0
1260.0 1283.5 1307.0
1260.0 1283.5 1307.0
1260.0 1283.5 1307.0
1260.0 1283.5 1307.0
1260.0 1283.5 1307.0
1260.0 1283.5 1307.0
1260.0 1283.5 1307.0
1260.0 1283.5 1307.0
1260.0 1283.5 1307.0
1260.0 1283.5 1307.0
1260.0 1392.5 1525.0
1135.0 1197.5 1260.0
1135.0 1197.5 1260.0
1135.0 1197.5 1260.0
1135.0 1197.5 1260.0
1135.0 1197.5 1260.0
1135.0 1197.5 1260.0
1135.0 1197.5 1260.0
1135.0 1197.5 1260.0
1135.0 1197.5 1260.0
1135.0 1197.5 1260.0
1135.0 1197.5 1260.0
1135.0 1197.5 1260.0
1135.0 1197.5 1260.0
1135.0 1197.5 1260.0
1135.0 1197.5 1260.0
1135.0 1197.5 1260.0
1135.0 1197.5 1260.0
1135.0 1197.5 1260.0
1135.0 1197.5 1260.0
1135.0 1197.5 1260.0
1135.0 1197.5 1260.0
1135.0 1197.5 1260.0
1135.0 1197.5 1260.0
1135.0 1197.5 1260.0
1135.0 1197.5 1260.0
1135.0 1197.5 1260.0
1135.0 1197.5 1260.0
1135.0 1197.5 1260.0
1135.0 1197.5 1260.0
1135.0 1197.5 1260.0
1135.0 1197.5 1260.0
1135.0 1197.5 1260.0
1135.0 1197.5 1260.0
1135.0 1197.5 1260.0
1135.0 1197.5 1260.0
1135.0 1197.5 1260.0
1135.0 1197.5 1260.0
1135.0 1197.5 1260.0
1135.0 1197.5 1260.0
1135.0 1197.5 1260.0
1135.0 1197.5 1260.0
1135.0 1197.5 1260.0
1135.0 1197.5 1260.0
1135.0 1197.5 1260.0
1135.0 1197.5 1260.0
1135.0 1197.5 1260.0
1135.0 1197.5 1260.0
1135.0 1197.5 1260.0
1135.0 1197.5 1260.0
1135.0 1197.5 1260.0
1135.0 1197.5 1260.0
1135.0 1197.5 1260.0
1135.0 1197.5 1260.0
1135.0 1197.5 1260.0
1135.0 1197.5 1260.0
1135.0 1197.5 1260.0
1135.0 1197.5 1260.0
1135.0 1197.5 1260.0
1135.0 1197.5 1260.0
1135.0 1197.5 1260.0
1135.0 1197.5 1260.0
1135.0 1197.5 1260.0
1135.0 1197.5 1260.0
1135.0 1197.5 1260.0
1135.0 1197.5 1260.0
1135.0 1197.5 1260.0
1135.0 1197.5 1260.0
1135.0 1197.5 1260.0
1135.0 1197.5 1260.0
1135.0 1197.5 1260.0
1135.0 1197.5 1260.0
1135.0 1197.5 1260.0
1135.0 1197.5 1260.0
1135.0 1197.5 1260.0
1135.0 1197.5 1260.0
1135.0 1197.5 1260.0
1135.0 1197.5 1260.0
1135.0 1197.5 1260.0
1135.0 1197.5 1260.0
1135.0 1197.5 1260.0
1135.0 1197.5 1260.0
1135.0 1197.5 1260.0
1135.0 1197.5 1260.0
1135.0 1197.5 1260.0
1135.0 1197.5 1260.0
1135.0 1197.5 1260.0
1135.0 1197.5 1260.0
1135.0 1197.5 1260.0
1135.0 1197.5 1260.0
1135.0 1197.5 1260.0
1135.0 1197.5 1260.0
1135.0 1197.5 1260.0
1135.0 1197.5 1260.0
1135.0 1197.5 1260.0
1135.0 1197.5 1260.0
1135.0 1197.5 1260.0
1135.0 1197.5 1260.0
1135.0 1197.5 1260.0
1135.0 1197.5 1260.0
1135.0 1197.5 1260.0
1135.0 1197.5 1260.0
1135.0 1197.5 1260.0
