8558.0 10415.5 12273.0
6327.0 8010.5 9694.0
5611.0 7369.0 9127.0
4322.0 4956.5 5591.0
2404.0 3439.0 4474.0
2404.0 2910.5 3417.0
1635.0 2076.5 2518.0
1635.0 2110.0 2585.0
1635.0 1677.5 1720.0
1635.0 1677.5 1720.0
1128.0 1424.0 1720.0
516.0 983.5 1451.0
516.0 983.5 1451.0
516.0 990.5 1465.0
516.0 990.5 1465.0
516.0 990.5 1465.0
516.0 990.5 1465.0
516.0 990.5 1465.0
516.0 990.5 1465.0
516.0 990.5 1465.0
516.0 990.5 1465.0
516.0 990.5 1465.0
516.0 990.5 1465.0
516.0 990.5 1465.0
516.0 990.5 1465.0
516.0 990.5 1465.0
516.0 990.5 1465.0
516.0 990.5 1465.0
516.0 990.5 1465.0
516.0 990.5 1465.0
516.0 990.5 1465.0
516.0 990.5 1465.0
516.0 990.5 1465.0
516.0 990.5 1465.0
516.0 990.5 1465.0
516.0 990.5 1465.0
516.0 990.5 1465.0
516.0 990.5 1465.0
516.0 990.5 1465.0
516.0 990.5 1465.0
516.0 990.5 1465.0
516.0 990.5 1465.0
516.0 990.5 1465.0
516.0 990.5 1465.0
516.0 990.5 1465.0
516.0 990.5 1465.0
516.0 990.5 1465.0
516.0 990.5 1465.0
516.0 990.5 1465.0
516.0 990.5 1465.0
516.0 990.5 1465.0
516.0 990.5 1465.0
516.0 990.5 1465.0
516.0 990.5 1465.0
516.0 990.5 1465.0
516.0 990.5 1465.0
516.0 990.5 1465.0
516.0 990.5 1465.0
516.0 990.5 1465.0
516.0 990.5 1465.0
516.0 990.5 1465.0
516.0 990.5 1465.0
516.0 990.5 1465.0
516.0 990.5 1465.0
516.0 990.5 1465.0
516.0 755.5 995.0
516.0 755.5 995.0
516.0 755.5 995.0
516.0 755.5 995.0
516.0 755.5 995.0
516.0 755.5 995.0
516.0 755.5 995.0
516.0 755.5 995.0
516.0 755.5 995.0
516.0 755.5 995.0
516.0 755.5 995.0
516.0 755.5 995.0
516.0 755.5 995.0
516.0 755.5 995.0
516.0 755.5 995.0
516.0 755.5 995.0
516.0 755.5 995.0
516.0 755.5 995.0
516.0 755.5 995.0
516.0 755.5 995.0
516.0 755.5 995.0
516.0 755.5 995.0
516.0 755.5 995.0
516.0 755.5 995.0
516.0 755.5 995.0
516.0 755.5 995.0
516.0 755.5 995.0
516.0 755.5 995.0
516.0 755.5 995.0
516.0 755.5 995.0
516.0 755.5 995.0
516.0 755.5 995.0
516.0 755.5 995.0
516.0 755.5 995.0
516.0 755.5 995.0
516.0 755.5 995.0
516.0 755.5 995.0
516.0 755.5 995.0
516.0 755.5 995.0
516.0 755.5 995.0
516.0 755.5 995.0
516.0 755.5 995.0
516.0 755.5 995.0
516.0 755.5 995.0
516.0 755.5 995.0
516.0 755.5 995.0
516.0 755.5 995.0
516.0 755.5 995.0
516.0 755.5 995.0
516.0 755.5 995.0
516.0 755.5 995.0
516.0 755.5 995.0
516.0 755.5 995.0
516.0 755.5 995.0
516.0 755.5 995.0
516.0 755.5 995.0
516.0 755.5 995.0
516.0 755.5 995.0
516.0 755.5 995.0
516.0 755.5 995.0
516.0 755.5 995.0
516.0 755.5 995.0
516.0 755.5 995.0
516.0 755.5 995.0
516.0 755.5 995.0
516.0 755.5 995.0
516.0 755.5 995.0
516.0 755.5 995.0
516.0 755.5 995.0
516.0 755.5 995.0
516.0 755.5 995.0
516.0 755.5 995.0
516.0 755.5 995.0
516.0 755.5 995.0
516.0 755.5 995.0
516.0 755.5 995.0
516.0 755.5 995.0
516.0 755.5 995.0
516.0 755.5 995.0
516.0 755.5 995.0
516.0 755.5 995.0
516.0 755.5 995.0
516.0 755.5 995.0
516.0 755.5 995.0
516.0 755.5 995.0
516.0 755.5 995.0
516.0 755.5 995.0
516.0 755.5 995.0
516.0 755.5 995.0
516.0 755.5 995.0
516.0 755.5 995.0
516.0 755.5 995.0
516.0 755.5 995.0
516.0 755.5 995.0
516.0 755.5 995.0
516.0 755.5 995.0
516.0 755.5 995.0
516.0 755.5 995.0
516.0 755.5 995.0
516.0 755.5 995.0
516.0 755.5 995.0
516.0 755.5 995.0
516.0 755.5 995.0
516.0 755.5 995.0
516.0 755.5 995.0
516.0 755.5 995.0
516.0 755.5 995.0
516.0 755.5 995.0
516.0 755.5 995.0
516.0 755.5 995.0
516.0 755.5 995.0
516.0 755.5 995.0
516.0 755.5 995.0
516.0 755.5 995.0
516.0 755.5 995.0
516.0 755.5 995.0
516.0 755.5 995.0
516.0 755.5 995.0
516.0 755.5 995.0
516.0 755.5 995.0
516.0 755.5 995.0
516.0 755.5 995.0
516.0 755.5 995.0
516.0 755.5 995.0
516.0 755.5 995.0
516.0 755.5 995.0
516.0 755.5 995.0
516.0 755.5 995.0
516.0 755.5 995.0
516.0 755.5 995.0
516.0 755.5 995.0
516.0 755.5 995.0
516.0 755.5 995.0
516.0 755.5 995.0
516.0 755.5 995.0
