8856.0 15409.6 20586.0
11682.0 14836.6 17774.0
10519.0 14029.1 16963.0
9840.0 12383.4 15676.0
9348.0 12562.5 18351.0
6908.0 11683.6 15601.0
6908.0 10657.9 15409.0
6555.0 9558.8 11531.0
5256.0 8951.3 11751.0
5490.0 7657.1 9382.0
4178.0 6878.8 8661.0
3452.0 6624.1 8010.0
3452.0 6094.8 7814.0
3979.0 5633.9 7151.0
3598.0 4519.3 5964.0
2610.0 4420.5 7191.0
3008.0 4187.1 5386.0
3200.0 3955.9 5345.0
1946.0 3427.9 5753.0
1946.0 3388.2 4566.0
2444.0 3394.7 4368.0
2444.0 3463.6 5140.0
2048.0 3089.3 3940.0
2048.0 3114.2 4223.0
2258.0 2872.2 3717.0
2050.0 2854.1 3667.0
1614.0 2690.5 4010.0
1614.0 2629.7 3520.0
1614.0 2627.7 3729.0
1614.0 2653.7 3840.0
1614.0 2738.4 4050.0
1614.0 2828.1 4140.0
1614.0 2741.4 4140.0
1614.0 2553.0 3142.0
1453.0 2398.0 3094.0
1453.0 2441.8 3797.0
1614.0 2467.5 4191.0
1614.0 2317.0 3844.0
1614.0 2344.9 3142.0
1614.0 2548.2 3681.0
1533.0 2482.5 3681.0
1614.0 2490.2 3142.0
1526.0 2457.9 3056.0
1614.0 2636.2 3903.0
1614.0 2508.9 3526.0
1614.0 2491.7 3634.0
1614.0 2560.7 3844.0
1586.0 2260.8 3034.0
1614.0 2534.1 3637.0
1316.0 2307.0 3076.0
